<?xml version="1.0" encoding="UTF-8"?>
<testsuite xmlns:xsi="http://www.w3.org/2001/XMLSchema-instance" xsi:noNamespaceSchemaLocation="https://maven.apache.org/surefire/maven-surefire-plugin/xsd/surefire-test-report-3.0.xsd" version="3.0" name="main.java.webapp.storage.memory.SortedStorageTest" time="0.53" tests="11" errors="0" skipped="0" failures="0">
  <properties>
    <property name="java.specification.version" value="21"/>
    <property name="sun.cpu.isalist" value="amd64"/>
    <property name="sun.jnu.encoding" value="Cp1251"/>
    <property name="java.class.path" value="C:\projects\basejava\target\test-classes;C:\projects\basejava\target\classes;C:\Users\Алексей\.m2\repository\org\junit\jupiter\junit-jupiter\5.10.0\junit-jupiter-5.10.0.jar;C:\Users\Алексей\.m2\repository\org\junit\jupiter\junit-jupiter-api\5.10.0\junit-jupiter-api-5.10.0.jar;C:\Users\Алексей\.m2\repository\org\opentest4j\opentest4j\1.3.0\opentest4j-1.3.0.jar;C:\Users\Алексей\.m2\repository\org\junit\jupiter\junit-jupiter-params\5.10.0\junit-jupiter-params-5.10.0.jar;C:\Users\Алексей\.m2\repository\org\junit\jupiter\junit-jupiter-engine\5.10.0\junit-jupiter-engine-5.10.0.jar;C:\Users\Алексей\.m2\repository\org\junit\platform\junit-platform-engine\1.10.0\junit-platform-engine-1.10.0.jar;C:\Users\Алексей\.m2\repository\org\junit\platform\junit-platform-suite-api\1.10.0\junit-platform-suite-api-1.10.0.jar;C:\Users\Алексей\.m2\repository\org\junit\platform\junit-platform-commons\1.10.0\junit-platform-commons-1.10.0.jar;C:\Users\Алексей\.m2\repository\org\apiguardian\apiguardian-api\1.1.2\apiguardian-api-1.1.2.jar;C:\Users\Алексей\.m2\repository\com\fasterxml\jackson\core\jackson-databind\2.17.2\jackson-databind-2.17.2.jar;C:\Users\Алексей\.m2\repository\com\fasterxml\jackson\core\jackson-annotations\2.17.2\jackson-annotations-2.17.2.jar;C:\Users\Алексей\.m2\repository\com\fasterxml\jackson\core\jackson-core\2.17.2\jackson-core-2.17.2.jar;C:\Users\Алексей\.m2\repository\jakarta\xml\bind\jakarta.xml.bind-api\4.0.0\jakarta.xml.bind-api-4.0.0.jar;C:\Users\Алексей\.m2\repository\jakarta\activation\jakarta.activation-api\2.1.0\jakarta.activation-api-2.1.0.jar;C:\Users\Алексей\.m2\repository\org\glassfish\jaxb\jaxb-runtime\4.0.0\jaxb-runtime-4.0.0.jar;C:\Users\Алексей\.m2\repository\org\glassfish\jaxb\jaxb-core\4.0.0\jaxb-core-4.0.0.jar;C:\Users\Алексей\.m2\repository\org\eclipse\angus\angus-activation\1.0.0\angus-activation-1.0.0.jar;C:\Users\Алексей\.m2\repository\org\glassfish\jaxb\txw2\4.0.0\txw2-4.0.0.jar;C:\Users\Алексей\.m2\repository\com\sun\istack\istack-commons-runtime\4.1.1\istack-commons-runtime-4.1.1.jar;"/>
    <property name="java.vm.vendor" value="Amazon.com Inc."/>
    <property name="sun.arch.data.model" value="64"/>
    <property name="user.variant" value=""/>
    <property name="java.vendor.url" value="https://aws.amazon.com/corretto/"/>
    <property name="user.timezone" value="Europe/Moscow"/>
    <property name="user.country.format" value="BY"/>
    <property name="os.name" value="Windows 10"/>
    <property name="java.vm.specification.version" value="21"/>
    <property name="sun.java.launcher" value="SUN_STANDARD"/>
    <property name="user.country" value="RU"/>
    <property name="sun.boot.library.path" value="C:\Users\Алексей\.jdks\corretto-21.0.8\bin"/>
    <property name="sun.java.command" value="C:\Users\Алексей\AppData\Local\Temp\surefire16154176100353985321\surefirebooter-20250916202156078_3.jar C:\Users\Алексей\AppData\Local\Temp\surefire16154176100353985321 2025-09-16T20-21-55_985-jvmRun1 surefire-20250916202156078_1tmp surefire_0-20250916202156078_2tmp"/>
    <property name="jdk.debug" value="release"/>
    <property name="surefire.test.class.path" value="C:\projects\basejava\target\test-classes;C:\projects\basejava\target\classes;C:\Users\Алексей\.m2\repository\org\junit\jupiter\junit-jupiter\5.10.0\junit-jupiter-5.10.0.jar;C:\Users\Алексей\.m2\repository\org\junit\jupiter\junit-jupiter-api\5.10.0\junit-jupiter-api-5.10.0.jar;C:\Users\Алексей\.m2\repository\org\opentest4j\opentest4j\1.3.0\opentest4j-1.3.0.jar;C:\Users\Алексей\.m2\repository\org\junit\jupiter\junit-jupiter-params\5.10.0\junit-jupiter-params-5.10.0.jar;C:\Users\Алексей\.m2\repository\org\junit\jupiter\junit-jupiter-engine\5.10.0\junit-jupiter-engine-5.10.0.jar;C:\Users\Алексей\.m2\repository\org\junit\platform\junit-platform-engine\1.10.0\junit-platform-engine-1.10.0.jar;C:\Users\Алексей\.m2\repository\org\junit\platform\junit-platform-suite-api\1.10.0\junit-platform-suite-api-1.10.0.jar;C:\Users\Алексей\.m2\repository\org\junit\platform\junit-platform-commons\1.10.0\junit-platform-commons-1.10.0.jar;C:\Users\Алексей\.m2\repository\org\apiguardian\apiguardian-api\1.1.2\apiguardian-api-1.1.2.jar;C:\Users\Алексей\.m2\repository\com\fasterxml\jackson\core\jackson-databind\2.17.2\jackson-databind-2.17.2.jar;C:\Users\Алексей\.m2\repository\com\fasterxml\jackson\core\jackson-annotations\2.17.2\jackson-annotations-2.17.2.jar;C:\Users\Алексей\.m2\repository\com\fasterxml\jackson\core\jackson-core\2.17.2\jackson-core-2.17.2.jar;C:\Users\Алексей\.m2\repository\jakarta\xml\bind\jakarta.xml.bind-api\4.0.0\jakarta.xml.bind-api-4.0.0.jar;C:\Users\Алексей\.m2\repository\jakarta\activation\jakarta.activation-api\2.1.0\jakarta.activation-api-2.1.0.jar;C:\Users\Алексей\.m2\repository\org\glassfish\jaxb\jaxb-runtime\4.0.0\jaxb-runtime-4.0.0.jar;C:\Users\Алексей\.m2\repository\org\glassfish\jaxb\jaxb-core\4.0.0\jaxb-core-4.0.0.jar;C:\Users\Алексей\.m2\repository\org\eclipse\angus\angus-activation\1.0.0\angus-activation-1.0.0.jar;C:\Users\Алексей\.m2\repository\org\glassfish\jaxb\txw2\4.0.0\txw2-4.0.0.jar;C:\Users\Алексей\.m2\repository\com\sun\istack\istack-commons-runtime\4.1.1\istack-commons-runtime-4.1.1.jar;"/>
    <property name="sun.cpu.endian" value="little"/>
    <property name="user.home" value="C:\Users\Алексей"/>
    <property name="user.language" value="ru"/>
    <property name="java.specification.vendor" value="Oracle Corporation"/>
    <property name="java.version.date" value="2025-07-15"/>
    <property name="java.home" value="C:\Users\Алексей\.jdks\corretto-21.0.8"/>
    <property name="file.separator" value="\"/>
    <property name="basedir" value="C:\projects\basejava"/>
    <property name="java.vm.compressedOopsMode" value="Zero based"/>
    <property name="line.separator" value="&#10;"/>
    <property name="java.vm.specification.vendor" value="Oracle Corporation"/>
    <property name="java.specification.name" value="Java Platform API Specification"/>
    <property name="surefire.real.class.path" value="C:\Users\Алексей\AppData\Local\Temp\surefire16154176100353985321\surefirebooter-20250916202156078_3.jar"/>
    <property name="user.script" value=""/>
    <property name="sun.management.compiler" value="HotSpot 64-Bit Tiered Compilers"/>
    <property name="java.runtime.version" value="21.0.8+9-LTS"/>
    <property name="user.name" value="Алексей"/>
    <property name="stdout.encoding" value="Cp1251"/>
    <property name="path.separator" value=";"/>
    <property name="os.version" value="10.0"/>
    <property name="java.runtime.name" value="OpenJDK Runtime Environment"/>
    <property name="file.encoding" value="UTF-8"/>
    <property name="java.vm.name" value="OpenJDK 64-Bit Server VM"/>
    <property name="java.vendor.version" value="Corretto-21.0.8.9.1"/>
    <property name="localRepository" value="C:\Users\Алексей\.m2\repository"/>
    <property name="java.vendor.url.bug" value="https://github.com/corretto/corretto-21/issues/"/>
    <property name="java.io.tmpdir" value="C:\Users\CD86~1\AppData\Local\Temp\"/>
    <property name="idea.version" value="2023.3.7"/>
    <property name="java.version" value="21.0.8"/>
    <property name="user.dir" value="C:\projects\basejava"/>
    <property name="os.arch" value="amd64"/>
    <property name="java.vm.specification.name" value="Java Virtual Machine Specification"/>
    <property name="sun.os.patch.level" value=""/>
    <property name="native.encoding" value="Cp1251"/>
    <property name="java.library.path" value="C:\Users\Алексей\.jdks\corretto-21.0.8\bin;C:\WINDOWS\Sun\Java\bin;C:\WINDOWS\system32;C:\WINDOWS;C:\Program Files\Common Files\Oracle\Java\javapath;C:\WINDOWS\system32;C:\WINDOWS;C:\WINDOWS\System32\Wbem;C:\WINDOWS\System32\WindowsPowerShell\v1.0\;C:\WINDOWS\System32\OpenSSH\;C:\Program Files\dotnet\;C:\Program Files (x86)\NVIDIA Corporation\PhysX\Common;C:\Program Files\NVIDIA Corporation\NVIDIA app\NvDLISR;C:\Program Files (x86)\Microsoft SQL Server\160\Tools\Binn\;C:\Program Files\Microsoft SQL Server\160\Tools\Binn\;C:\Program Files\Microsoft SQL Server\Client SDK\ODBC\170\Tools\Binn\;C:\Program Files\Microsoft SQL Server\160\DTS\Binn\;C:\Program Files (x86)\Microsoft SQL Server\160\DTS\Binn\;C:\Program Files\Git\cmd;C:\Users\Алексей\AppData\Local\Microsoft\WindowsApps;;."/>
    <property name="java.vm.info" value="mixed mode, sharing"/>
    <property name="stderr.encoding" value="Cp1251"/>
    <property name="java.vendor" value="Amazon.com Inc."/>
    <property name="java.vm.version" value="21.0.8+9-LTS"/>
    <property name="sun.io.unicode.encoding" value="UnicodeLittle"/>
    <property name="java.class.version" value="65.0"/>
  </properties>
  <testcase name="updateNotExist" classname="main.java.webapp.storage.memory.SortedStorageTest" time="0.002">
    <system-err><![CDATA[сент. 16, 2025 8:21:56 PM webapp.storage.AbstractStorage save
INFO: &amp#27;[32mSave uuid1(Name1)
сент. 16, 2025 8:21:56 PM webapp.storage.AbstractStorage save
INFO: &amp#27;[32mSave uuid2(Name2)
сент. 16, 2025 8:21:56 PM webapp.storage.AbstractStorage save
INFO: &amp#27;[32mSave uuid3(Name3)
сент. 16, 2025 8:21:56 PM webapp.storage.AbstractStorage update
INFO: Update 62a98f12-fbe0-46a7-b713-23e29ab15d02(dummy)
сент. 16, 2025 8:21:56 PM webapp.storage.AbstractStorage getFindIndex
WARNING: Resume 62a98f12-fbe0-46a7-b713-23e29ab15d02 not exist
]]></system-err>
  </testcase>
  <testcase name="delete" classname="main.java.webapp.storage.memory.SortedStorageTest" time="0.002">
    <system-err><![CDATA[сент. 16, 2025 8:21:56 PM webapp.storage.AbstractStorage save
INFO: &amp#27;[32mSave uuid1(Name1)
сент. 16, 2025 8:21:56 PM webapp.storage.AbstractStorage save
INFO: &amp#27;[32mSave uuid2(Name2)
сент. 16, 2025 8:21:56 PM webapp.storage.AbstractStorage save
INFO: &amp#27;[32mSave uuid3(Name3)
сент. 16, 2025 8:21:56 PM webapp.storage.AbstractStorage delete
INFO: Delete uuid1
сент. 16, 2025 8:21:56 PM webapp.storage.AbstractStorage get
INFO: Get uuid1
сент. 16, 2025 8:21:56 PM webapp.storage.AbstractStorage getFindIndex
WARNING: Resume uuid1 not exist
]]></system-err>
  </testcase>
  <testcase name="getAll" classname="main.java.webapp.storage.memory.SortedStorageTest" time="0.001">
    <system-err><![CDATA[сент. 16, 2025 8:21:56 PM webapp.storage.AbstractStorage save
INFO: &amp#27;[32mSave uuid1(Name1)
сент. 16, 2025 8:21:56 PM webapp.storage.AbstractStorage save
INFO: &amp#27;[32mSave uuid2(Name2)
сент. 16, 2025 8:21:56 PM webapp.storage.AbstractStorage save
INFO: &amp#27;[32mSave uuid3(Name3)
сент. 16, 2025 8:21:56 PM webapp.storage.AbstractStorage getAllSorted
INFO: getAllSorted
]]></system-err>
  </testcase>
  <testcase name="update" classname="main.java.webapp.storage.memory.SortedStorageTest" time="0.001">
    <system-err><![CDATA[сент. 16, 2025 8:21:56 PM webapp.storage.AbstractStorage save
INFO: &amp#27;[32mSave uuid1(Name1)
сент. 16, 2025 8:21:56 PM webapp.storage.AbstractStorage save
INFO: &amp#27;[32mSave uuid2(Name2)
сент. 16, 2025 8:21:56 PM webapp.storage.AbstractStorage save
INFO: &amp#27;[32mSave uuid3(Name3)
сент. 16, 2025 8:21:56 PM webapp.storage.AbstractStorage update
INFO: Update uuid3(Name3)
сент. 16, 2025 8:21:56 PM webapp.storage.AbstractStorage get
INFO: Get uuid3
]]></system-err>
  </testcase>
  <testcase name="getNotExist" classname="main.java.webapp.storage.memory.SortedStorageTest" time="0.001">
    <system-err><![CDATA[сент. 16, 2025 8:21:56 PM webapp.storage.AbstractStorage save
INFO: &amp#27;[32mSave uuid1(Name1)
сент. 16, 2025 8:21:56 PM webapp.storage.AbstractStorage save
INFO: &amp#27;[32mSave uuid2(Name2)
сент. 16, 2025 8:21:56 PM webapp.storage.AbstractStorage save
INFO: &amp#27;[32mSave uuid3(Name3)
сент. 16, 2025 8:21:56 PM webapp.storage.AbstractStorage get
INFO: Get dummy
сент. 16, 2025 8:21:56 PM webapp.storage.AbstractStorage getFindIndex
WARNING: Resume dummy not exist
]]></system-err>
  </testcase>
  <testcase name="deleteNotExist" classname="main.java.webapp.storage.memory.SortedStorageTest" time="0.001">
    <system-err><![CDATA[сент. 16, 2025 8:21:56 PM webapp.storage.AbstractStorage save
INFO: &amp#27;[32mSave uuid1(Name1)
сент. 16, 2025 8:21:56 PM webapp.storage.AbstractStorage save
INFO: &amp#27;[32mSave uuid2(Name2)
сент. 16, 2025 8:21:56 PM webapp.storage.AbstractStorage save
INFO: &amp#27;[32mSave uuid3(Name3)
сент. 16, 2025 8:21:56 PM webapp.storage.AbstractStorage delete
INFO: Delete dummy
сент. 16, 2025 8:21:56 PM webapp.storage.AbstractStorage getFindIndex
WARNING: Resume dummy not exist
]]></system-err>
  </testcase>
  <testcase name="get" classname="main.java.webapp.storage.memory.SortedStorageTest" time="0.001">
    <system-err><![CDATA[сент. 16, 2025 8:21:56 PM webapp.storage.AbstractStorage save
INFO: &amp#27;[32mSave uuid1(Name1)
сент. 16, 2025 8:21:56 PM webapp.storage.AbstractStorage save
INFO: &amp#27;[32mSave uuid2(Name2)
сент. 16, 2025 8:21:56 PM webapp.storage.AbstractStorage save
INFO: &amp#27;[32mSave uuid3(Name3)
сент. 16, 2025 8:21:56 PM webapp.storage.AbstractStorage get
INFO: Get uuid1
сент. 16, 2025 8:21:56 PM webapp.storage.AbstractStorage get
INFO: Get uuid2
сент. 16, 2025 8:21:56 PM webapp.storage.AbstractStorage get
INFO: Get uuid3
]]></system-err>
  </testcase>
  <testcase name="save" classname="main.java.webapp.storage.memory.SortedStorageTest" time="0.002">
    <system-err><![CDATA[сент. 16, 2025 8:21:56 PM webapp.storage.AbstractStorage save
INFO: &amp#27;[32mSave uuid1(Name1)
сент. 16, 2025 8:21:56 PM webapp.storage.AbstractStorage save
INFO: &amp#27;[32mSave uuid2(Name2)
сент. 16, 2025 8:21:56 PM webapp.storage.AbstractStorage save
INFO: &amp#27;[32mSave uuid3(Name3)
сент. 16, 2025 8:21:56 PM webapp.storage.AbstractStorage save
INFO: &amp#27;[32mSave uuid4(Name4)
сент. 16, 2025 8:21:56 PM webapp.storage.AbstractStorage get
INFO: Get uuid4
]]></system-err>
  </testcase>
  <testcase name="size" classname="main.java.webapp.storage.memory.SortedStorageTest" time="0.001">
    <system-err><![CDATA[сент. 16, 2025 8:21:56 PM webapp.storage.AbstractStorage save
INFO: &amp#27;[32mSave uuid1(Name1)
сент. 16, 2025 8:21:56 PM webapp.storage.AbstractStorage save
INFO: &amp#27;[32mSave uuid2(Name2)
сент. 16, 2025 8:21:56 PM webapp.storage.AbstractStorage save
INFO: &amp#27;[32mSave uuid3(Name3)
]]></system-err>
  </testcase>
  <testcase name="clear" classname="main.java.webapp.storage.memory.SortedStorageTest" time="0.001">
    <system-err><![CDATA[сент. 16, 2025 8:21:56 PM webapp.storage.AbstractStorage save
INFO: &amp#27;[32mSave uuid1(Name1)
сент. 16, 2025 8:21:56 PM webapp.storage.AbstractStorage save
INFO: &amp#27;[32mSave uuid2(Name2)
сент. 16, 2025 8:21:56 PM webapp.storage.AbstractStorage save
INFO: &amp#27;[32mSave uuid3(Name3)
сент. 16, 2025 8:21:56 PM webapp.storage.AbstractStorage getAllSorted
INFO: getAllSorted
]]></system-err>
  </testcase>
  <testcase name="saveStorageException" classname="main.java.webapp.storage.memory.SortedStorageTest" time="0.51">
    <system-err><![CDATA[сент. 16, 2025 8:21:56 PM webapp.storage.AbstractStorage save
INFO: &amp#27;[32mSave uuid1(Name1)
сент. 16, 2025 8:21:56 PM webapp.storage.AbstractStorage save
INFO: &amp#27;[32mSave uuid2(Name2)
сент. 16, 2025 8:21:56 PM webapp.storage.AbstractStorage save
INFO: &amp#27;[32mSave uuid3(Name3)
сент. 16, 2025 8:21:56 PM webapp.storage.AbstractStorage save
INFO: &amp#27;[32mSave 68ba9971-322f-4ec0-ad16-032459fd8f1f(uuid0)
сент. 16, 2025 8:21:56 PM webapp.storage.AbstractStorage save
INFO: &amp#27;[32mSave a58d3dc4-ca5e-4525-affc-b1a13880f61b(uuid1)
сент. 16, 2025 8:21:56 PM webapp.storage.AbstractStorage save
INFO: &amp#27;[32mSave 720ad94f-4720-46ef-b60e-c8197a687c95(uuid2)
сент. 16, 2025 8:21:56 PM webapp.storage.AbstractStorage save
INFO: &amp#27;[32mSave 5644519e-0ee9-4c81-ba2a-555d4ae720da(uuid3)
сент. 16, 2025 8:21:56 PM webapp.storage.AbstractStorage save
INFO: &amp#27;[32mSave fe1cd180-2754-4bdf-9bc1-474a52bf2693(uuid4)
сент. 16, 2025 8:21:56 PM webapp.storage.AbstractStorage save
INFO: &amp#27;[32mSave a7c3cd10-88cf-4c12-9e20-7547088c8243(uuid5)
сент. 16, 2025 8:21:56 PM webapp.storage.AbstractStorage save
INFO: &amp#27;[32mSave ae81a3b5-4f42-481f-bf8b-909fa108dda3(uuid6)
сент. 16, 2025 8:21:56 PM webapp.storage.AbstractStorage save
INFO: &amp#27;[32mSave 1e878410-c960-4181-b6ce-f2324d1c8be6(uuid7)
сент. 16, 2025 8:21:56 PM webapp.storage.AbstractStorage save
INFO: &amp#27;[32mSave ea709a25-2e6b-40ef-8e5e-b1afbc92e4c4(uuid8)
сент. 16, 2025 8:21:56 PM webapp.storage.AbstractStorage save
INFO: &amp#27;[32mSave f0f5157d-ef23-4641-a12d-de280e01ddd8(uuid9)
сент. 16, 2025 8:21:56 PM webapp.storage.AbstractStorage save
INFO: &amp#27;[32mSave 57d3eaed-4af8-4a0d-8c5b-af6f477ed999(uuid10)
сент. 16, 2025 8:21:56 PM webapp.storage.AbstractStorage save
INFO: &amp#27;[32mSave 8c381319-e68a-4031-ad4a-e8d8e25883f2(uuid11)
сент. 16, 2025 8:21:56 PM webapp.storage.AbstractStorage save
INFO: &amp#27;[32mSave fbf001da-79a2-4fe7-96b7-7c9709d3c5e5(uuid12)
сент. 16, 2025 8:21:56 PM webapp.storage.AbstractStorage save
INFO: &amp#27;[32mSave fe72057e-f78d-426b-bd72-9a68544fe61f(uuid13)
сент. 16, 2025 8:21:56 PM webapp.storage.AbstractStorage save
INFO: &amp#27;[32mSave 4ff0b450-2b9f-44f2-a4c8-90be3d133dc9(uuid14)
сент. 16, 2025 8:21:56 PM webapp.storage.AbstractStorage save
INFO: &amp#27;[32mSave effae8f5-8fda-4cd5-97f7-2d5bd4661005(uuid15)
сент. 16, 2025 8:21:56 PM webapp.storage.AbstractStorage save
INFO: &amp#27;[32mSave 956fbc4e-ce31-4b74-95a5-7b0a2ed952f6(uuid16)
сент. 16, 2025 8:21:56 PM webapp.storage.AbstractStorage save
INFO: &amp#27;[32mSave 66727633-0898-4453-b55e-3b3d8fe7b656(uuid17)
сент. 16, 2025 8:21:56 PM webapp.storage.AbstractStorage save
INFO: &amp#27;[32mSave 81e75466-c822-4c72-8ba0-36c498208e22(uuid18)
сент. 16, 2025 8:21:56 PM webapp.storage.AbstractStorage save
INFO: &amp#27;[32mSave e9834091-b5d2-4bee-a8f6-41a3d4a1d12a(uuid19)
сент. 16, 2025 8:21:56 PM webapp.storage.AbstractStorage save
INFO: &amp#27;[32mSave eb9cfcd7-47d5-420a-af2e-b50ee5021524(uuid20)
сент. 16, 2025 8:21:56 PM webapp.storage.AbstractStorage save
INFO: &amp#27;[32mSave f94f686f-a480-4df5-95b0-15b325d8b6b3(uuid21)
сент. 16, 2025 8:21:56 PM webapp.storage.AbstractStorage save
INFO: &amp#27;[32mSave c5df0768-6ffe-4172-9cc7-73effa346eac(uuid22)
сент. 16, 2025 8:21:56 PM webapp.storage.AbstractStorage save
INFO: &amp#27;[32mSave 1fc45b68-fe12-4555-9242-8b7b5ab68daa(uuid23)
сент. 16, 2025 8:21:56 PM webapp.storage.AbstractStorage save
INFO: &amp#27;[32mSave cb1d4809-5134-4512-a4e6-5d59abbbcd50(uuid24)
сент. 16, 2025 8:21:56 PM webapp.storage.AbstractStorage save
INFO: &amp#27;[32mSave 28d49fc8-3678-4250-8423-a8987f120ffc(uuid25)
сент. 16, 2025 8:21:56 PM webapp.storage.AbstractStorage save
INFO: &amp#27;[32mSave 2ad931aa-20b2-4597-97ac-d03c21a8f955(uuid26)
сент. 16, 2025 8:21:56 PM webapp.storage.AbstractStorage save
INFO: &amp#27;[32mSave 9e4ccee2-db10-499c-a83c-831255ffc5e9(uuid27)
сент. 16, 2025 8:21:56 PM webapp.storage.AbstractStorage save
INFO: &amp#27;[32mSave d36d7b91-546a-46ef-ae06-fac57f321e83(uuid28)
сент. 16, 2025 8:21:56 PM webapp.storage.AbstractStorage save
INFO: &amp#27;[32mSave 44f89776-f6be-471b-af25-a20c4dd7a1ef(uuid29)
сент. 16, 2025 8:21:56 PM webapp.storage.AbstractStorage save
INFO: &amp#27;[32mSave 3f3a1fda-03f0-419b-9f0f-b8399e8d5fa4(uuid30)
сент. 16, 2025 8:21:56 PM webapp.storage.AbstractStorage save
INFO: &amp#27;[32mSave 4a337cad-a114-4c47-9614-83932517e87a(uuid31)
сент. 16, 2025 8:21:56 PM webapp.storage.AbstractStorage save
INFO: &amp#27;[32mSave 7abbeedb-f638-4ffa-ac68-7216692d1532(uuid32)
сент. 16, 2025 8:21:56 PM webapp.storage.AbstractStorage save
INFO: &amp#27;[32mSave 678a68b8-647a-4800-9e7e-4bdd753fa8d2(uuid33)
сент. 16, 2025 8:21:56 PM webapp.storage.AbstractStorage save
INFO: &amp#27;[32mSave 72448814-1169-4e57-ab7e-1d1186ecc8d6(uuid34)
сент. 16, 2025 8:21:56 PM webapp.storage.AbstractStorage save
INFO: &amp#27;[32mSave 76c6ca94-d380-47dd-ab65-599b341fb5c7(uuid35)
сент. 16, 2025 8:21:56 PM webapp.storage.AbstractStorage save
INFO: &amp#27;[32mSave d52b62f7-54d1-4bd2-820a-7dfbf445d6bd(uuid36)
сент. 16, 2025 8:21:56 PM webapp.storage.AbstractStorage save
INFO: &amp#27;[32mSave b25f1bd4-e3d9-4468-94ce-48306e450f56(uuid37)
сент. 16, 2025 8:21:56 PM webapp.storage.AbstractStorage save
INFO: &amp#27;[32mSave ee98a8f2-f87b-4c7d-a1cc-2e2a67f51c7a(uuid38)
сент. 16, 2025 8:21:56 PM webapp.storage.AbstractStorage save
INFO: &amp#27;[32mSave 0fdfbc44-5006-48e6-89ac-0d6fa4b49c18(uuid39)
сент. 16, 2025 8:21:56 PM webapp.storage.AbstractStorage save
INFO: &amp#27;[32mSave 69eb2b0e-1723-4c45-8655-d36aa723a1fd(uuid40)
сент. 16, 2025 8:21:56 PM webapp.storage.AbstractStorage save
INFO: &amp#27;[32mSave 5dd4737b-4d27-4f29-96bc-8f704d8d8ea8(uuid41)
сент. 16, 2025 8:21:56 PM webapp.storage.AbstractStorage save
INFO: &amp#27;[32mSave da3e7400-f482-4925-a5cd-91368f10143c(uuid42)
сент. 16, 2025 8:21:56 PM webapp.storage.AbstractStorage save
INFO: &amp#27;[32mSave 3ae1d6e4-7f08-440b-96dd-c3de8ce0ec24(uuid43)
сент. 16, 2025 8:21:56 PM webapp.storage.AbstractStorage save
INFO: &amp#27;[32mSave b480df64-f510-439f-b0f7-f24968f3377e(uuid44)
сент. 16, 2025 8:21:56 PM webapp.storage.AbstractStorage save
INFO: &amp#27;[32mSave fcc593db-b9c3-4c91-b599-612a2a5c3209(uuid45)
сент. 16, 2025 8:21:56 PM webapp.storage.AbstractStorage save
INFO: &amp#27;[32mSave 90f4322a-496c-4bf9-9d72-cf12b0ee3794(uuid46)
сент. 16, 2025 8:21:56 PM webapp.storage.AbstractStorage save
INFO: &amp#27;[32mSave 9bb525fa-b0ca-4d25-9f1a-414b4aad0fbc(uuid47)
сент. 16, 2025 8:21:56 PM webapp.storage.AbstractStorage save
INFO: &amp#27;[32mSave 28504d9b-8b00-48d0-b1be-8c4771b74f10(uuid48)
сент. 16, 2025 8:21:56 PM webapp.storage.AbstractStorage save
INFO: &amp#27;[32mSave c00aad90-8531-472f-861d-9e87695ce988(uuid49)
сент. 16, 2025 8:21:56 PM webapp.storage.AbstractStorage save
INFO: &amp#27;[32mSave efc35da0-2eaf-4267-929e-ee88cfe767b2(uuid50)
сент. 16, 2025 8:21:56 PM webapp.storage.AbstractStorage save
INFO: &amp#27;[32mSave f444ccdd-e056-47a6-9c9c-2743fc6ba79d(uuid51)
сент. 16, 2025 8:21:56 PM webapp.storage.AbstractStorage save
INFO: &amp#27;[32mSave dd7ee99f-a4e1-4760-bc9b-6ed4844b4c77(uuid52)
сент. 16, 2025 8:21:56 PM webapp.storage.AbstractStorage save
INFO: &amp#27;[32mSave 862a8b25-8e61-4990-b2ad-6d063ef800d8(uuid53)
сент. 16, 2025 8:21:56 PM webapp.storage.AbstractStorage save
INFO: &amp#27;[32mSave 2e7df132-bcba-4d8c-a6fe-5d4bef9322d9(uuid54)
сент. 16, 2025 8:21:56 PM webapp.storage.AbstractStorage save
INFO: &amp#27;[32mSave f6933baa-ad8e-4278-a257-a8d84b35fdd5(uuid55)
сент. 16, 2025 8:21:56 PM webapp.storage.AbstractStorage save
INFO: &amp#27;[32mSave 3048a339-f7b3-4310-9275-c28620d1a72a(uuid56)
сент. 16, 2025 8:21:56 PM webapp.storage.AbstractStorage save
INFO: &amp#27;[32mSave f2af06c6-5659-48a6-b8d7-57dc51e7f51a(uuid57)
сент. 16, 2025 8:21:56 PM webapp.storage.AbstractStorage save
INFO: &amp#27;[32mSave 4b421621-3761-4278-a786-abca3b71d168(uuid58)
сент. 16, 2025 8:21:56 PM webapp.storage.AbstractStorage save
INFO: &amp#27;[32mSave c90b106b-9853-45a0-aa1a-2278caa79140(uuid59)
сент. 16, 2025 8:21:56 PM webapp.storage.AbstractStorage save
INFO: &amp#27;[32mSave a139dc5f-8b1d-4d5b-9886-cc25cccb05c3(uuid60)
сент. 16, 2025 8:21:56 PM webapp.storage.AbstractStorage save
INFO: &amp#27;[32mSave 965783f7-6ce8-4154-b61a-f67fc0efa78f(uuid61)
сент. 16, 2025 8:21:56 PM webapp.storage.AbstractStorage save
INFO: &amp#27;[32mSave c00dbd38-da99-4418-bdf7-0fea8902f4cd(uuid62)
сент. 16, 2025 8:21:56 PM webapp.storage.AbstractStorage save
INFO: &amp#27;[32mSave 01c44d3d-b16d-4bbb-8c03-dd3a87e94b8c(uuid63)
сент. 16, 2025 8:21:56 PM webapp.storage.AbstractStorage save
INFO: &amp#27;[32mSave ce2f9e09-543a-4525-aa93-507d73d02d79(uuid64)
сент. 16, 2025 8:21:56 PM webapp.storage.AbstractStorage save
INFO: &amp#27;[32mSave abbe955c-7c71-490e-952a-c87628f1d0f2(uuid65)
сент. 16, 2025 8:21:56 PM webapp.storage.AbstractStorage save
INFO: &amp#27;[32mSave c8326ffc-70ad-4602-bd10-79559a5e315c(uuid66)
сент. 16, 2025 8:21:56 PM webapp.storage.AbstractStorage save
INFO: &amp#27;[32mSave 3ab86a0c-cf95-450f-9d7b-7b753969938a(uuid67)
сент. 16, 2025 8:21:56 PM webapp.storage.AbstractStorage save
INFO: &amp#27;[32mSave 0dcb49eb-8988-405f-bd9a-6629d26a77ef(uuid68)
сент. 16, 2025 8:21:56 PM webapp.storage.AbstractStorage save
INFO: &amp#27;[32mSave a36bccd6-4839-496c-9d39-42c2cb6e683d(uuid69)
сент. 16, 2025 8:21:56 PM webapp.storage.AbstractStorage save
INFO: &amp#27;[32mSave d4c6e2f3-d724-422e-a4ca-2a33d341fdb9(uuid70)
сент. 16, 2025 8:21:56 PM webapp.storage.AbstractStorage save
INFO: &amp#27;[32mSave 6c66f0ce-7cf0-43b7-9126-654a0be605d0(uuid71)
сент. 16, 2025 8:21:56 PM webapp.storage.AbstractStorage save
INFO: &amp#27;[32mSave e4d9700c-50b0-4319-8055-d837d4460e6c(uuid72)
сент. 16, 2025 8:21:56 PM webapp.storage.AbstractStorage save
INFO: &amp#27;[32mSave 72ea27fe-200a-4cf1-841a-38c80044eda3(uuid73)
сент. 16, 2025 8:21:56 PM webapp.storage.AbstractStorage save
INFO: &amp#27;[32mSave 2df2fab3-37ff-4f37-9202-7bbe63d1ca03(uuid74)
сент. 16, 2025 8:21:56 PM webapp.storage.AbstractStorage save
INFO: &amp#27;[32mSave 8c2f1a80-40f1-48bc-9ba5-69fcd63bbaa4(uuid75)
сент. 16, 2025 8:21:56 PM webapp.storage.AbstractStorage save
INFO: &amp#27;[32mSave 047391ed-c656-4852-844f-648dccb28efd(uuid76)
сент. 16, 2025 8:21:56 PM webapp.storage.AbstractStorage save
INFO: &amp#27;[32mSave 8f0c9076-f193-4a57-b3f1-29f0c1bbe61a(uuid77)
сент. 16, 2025 8:21:56 PM webapp.storage.AbstractStorage save
INFO: &amp#27;[32mSave ac9372da-604c-4bf2-b7e4-95d0b43c707e(uuid78)
сент. 16, 2025 8:21:56 PM webapp.storage.AbstractStorage save
INFO: &amp#27;[32mSave 01a81b65-b86c-41c2-8039-61da590b8477(uuid79)
сент. 16, 2025 8:21:56 PM webapp.storage.AbstractStorage save
INFO: &amp#27;[32mSave 629143b5-5475-4a28-acc0-3ec45127762c(uuid80)
сент. 16, 2025 8:21:56 PM webapp.storage.AbstractStorage save
INFO: &amp#27;[32mSave 7b75e911-ab97-4494-8cc1-141b005e5c78(uuid81)
сент. 16, 2025 8:21:56 PM webapp.storage.AbstractStorage save
INFO: &amp#27;[32mSave 7bccc753-e6af-4a44-bb88-90b17e58fba3(uuid82)
сент. 16, 2025 8:21:56 PM webapp.storage.AbstractStorage save
INFO: &amp#27;[32mSave 99776d52-01e6-4a1e-a2c8-f2b7cd2a9d61(uuid83)
сент. 16, 2025 8:21:56 PM webapp.storage.AbstractStorage save
INFO: &amp#27;[32mSave e017236f-1085-4b74-9ef6-7db9d1769fda(uuid84)
сент. 16, 2025 8:21:56 PM webapp.storage.AbstractStorage save
INFO: &amp#27;[32mSave 8df34ade-f33a-4f5b-8774-291ce383ba16(uuid85)
сент. 16, 2025 8:21:56 PM webapp.storage.AbstractStorage save
INFO: &amp#27;[32mSave d272f712-b1fd-4c10-bc02-4b1d3e8c0487(uuid86)
сент. 16, 2025 8:21:56 PM webapp.storage.AbstractStorage save
INFO: &amp#27;[32mSave 71534927-0830-4486-9afa-32acf842b7ab(uuid87)
сент. 16, 2025 8:21:56 PM webapp.storage.AbstractStorage save
INFO: &amp#27;[32mSave 8ba94de1-9a51-4d9f-a884-2dcdbe5f748f(uuid88)
сент. 16, 2025 8:21:56 PM webapp.storage.AbstractStorage save
INFO: &amp#27;[32mSave 28ab02d8-c14b-4926-aa87-a464aeb985a4(uuid89)
сент. 16, 2025 8:21:56 PM webapp.storage.AbstractStorage save
INFO: &amp#27;[32mSave f2652942-a152-4590-ba4c-6d109cf23285(uuid90)
сент. 16, 2025 8:21:56 PM webapp.storage.AbstractStorage save
INFO: &amp#27;[32mSave b1417443-6e3a-4c13-b63d-19cf7e5d4e04(uuid91)
сент. 16, 2025 8:21:56 PM webapp.storage.AbstractStorage save
INFO: &amp#27;[32mSave 01721e88-f71f-4866-a7d5-1e96ba6daa28(uuid92)
сент. 16, 2025 8:21:56 PM webapp.storage.AbstractStorage save
INFO: &amp#27;[32mSave ec830276-277c-4a58-b6a1-d89d1dd7744f(uuid93)
сент. 16, 2025 8:21:56 PM webapp.storage.AbstractStorage save
INFO: &amp#27;[32mSave ec55ff26-3718-417d-9c48-0891c9e56643(uuid94)
сент. 16, 2025 8:21:56 PM webapp.storage.AbstractStorage save
INFO: &amp#27;[32mSave d958b899-9394-4ad6-b726-39ebe05b509f(uuid95)
сент. 16, 2025 8:21:56 PM webapp.storage.AbstractStorage save
INFO: &amp#27;[32mSave 178e39c0-c622-4d77-9662-7398d09ee164(uuid96)
сент. 16, 2025 8:21:56 PM webapp.storage.AbstractStorage save
INFO: &amp#27;[32mSave a6b5776e-8c5c-4701-8839-b6e0843f53cb(uuid97)
сент. 16, 2025 8:21:56 PM webapp.storage.AbstractStorage save
INFO: &amp#27;[32mSave 1498f72a-5682-4d34-9c7d-608f1334fcc6(uuid98)
сент. 16, 2025 8:21:56 PM webapp.storage.AbstractStorage save
INFO: &amp#27;[32mSave 0bb4b962-8a3c-4565-a858-8afb1e735713(uuid99)
сент. 16, 2025 8:21:56 PM webapp.storage.AbstractStorage save
INFO: &amp#27;[32mSave 6a758713-02f7-4cbf-9927-1d4b3b306e3c(uuid100)
сент. 16, 2025 8:21:56 PM webapp.storage.AbstractStorage save
INFO: &amp#27;[32mSave d753579b-09af-4b16-878d-cdb7a37c08f6(uuid101)
сент. 16, 2025 8:21:56 PM webapp.storage.AbstractStorage save
INFO: &amp#27;[32mSave a52a6735-65e5-48c9-81b7-782d14f6c974(uuid102)
сент. 16, 2025 8:21:56 PM webapp.storage.AbstractStorage save
INFO: &amp#27;[32mSave 63239553-226e-4f47-91ed-df5a0b3bb49f(uuid103)
сент. 16, 2025 8:21:56 PM webapp.storage.AbstractStorage save
INFO: &amp#27;[32mSave c30b39c4-9dbf-4974-9a69-c15384512efa(uuid104)
сент. 16, 2025 8:21:56 PM webapp.storage.AbstractStorage save
INFO: &amp#27;[32mSave c5de5717-2deb-4e1f-b8d2-bdf2868f7e0c(uuid105)
сент. 16, 2025 8:21:56 PM webapp.storage.AbstractStorage save
INFO: &amp#27;[32mSave 9922bd03-89b9-4398-9e46-5c76d3c8cb05(uuid106)
сент. 16, 2025 8:21:56 PM webapp.storage.AbstractStorage save
INFO: &amp#27;[32mSave 3310568e-23fa-4771-be0f-27a52ef63495(uuid107)
сент. 16, 2025 8:21:56 PM webapp.storage.AbstractStorage save
INFO: &amp#27;[32mSave 744b1c89-0a9b-46ac-9702-ae5e9d324a95(uuid108)
сент. 16, 2025 8:21:56 PM webapp.storage.AbstractStorage save
INFO: &amp#27;[32mSave 75b71f89-d1ae-48f6-9601-1ea0e954c3e3(uuid109)
сент. 16, 2025 8:21:56 PM webapp.storage.AbstractStorage save
INFO: &amp#27;[32mSave 3f57adf1-a7df-494c-a934-a4f17a12d982(uuid110)
сент. 16, 2025 8:21:56 PM webapp.storage.AbstractStorage save
INFO: &amp#27;[32mSave e3195c3c-a92b-4007-87fe-6ecdc24e51cc(uuid111)
сент. 16, 2025 8:21:56 PM webapp.storage.AbstractStorage save
INFO: &amp#27;[32mSave 1001f209-0a34-44b9-8f56-ee490203a556(uuid112)
сент. 16, 2025 8:21:56 PM webapp.storage.AbstractStorage save
INFO: &amp#27;[32mSave 0cfef55a-468a-4bf2-9a68-296446183888(uuid113)
сент. 16, 2025 8:21:56 PM webapp.storage.AbstractStorage save
INFO: &amp#27;[32mSave ecd0d723-1b6d-45ee-9628-b844936bd4c8(uuid114)
сент. 16, 2025 8:21:56 PM webapp.storage.AbstractStorage save
INFO: &amp#27;[32mSave cfc07d22-0737-4372-bf4d-d51447a38353(uuid115)
сент. 16, 2025 8:21:56 PM webapp.storage.AbstractStorage save
INFO: &amp#27;[32mSave 32665173-69fd-4471-85a8-c8fb43d94eb2(uuid116)
сент. 16, 2025 8:21:56 PM webapp.storage.AbstractStorage save
INFO: &amp#27;[32mSave 66c3f9a1-5f18-4c03-8b92-51eb279cbfb3(uuid117)
сент. 16, 2025 8:21:56 PM webapp.storage.AbstractStorage save
INFO: &amp#27;[32mSave 892fab90-5fe1-489e-8ab2-02e467d07f8c(uuid118)
сент. 16, 2025 8:21:56 PM webapp.storage.AbstractStorage save
INFO: &amp#27;[32mSave f5c938a9-9dd0-4de7-8dd2-1db20070a0ad(uuid119)
сент. 16, 2025 8:21:56 PM webapp.storage.AbstractStorage save
INFO: &amp#27;[32mSave bb5f987b-82a1-4f57-b193-84133825a05d(uuid120)
сент. 16, 2025 8:21:56 PM webapp.storage.AbstractStorage save
INFO: &amp#27;[32mSave d8303da4-7e96-4d72-b2d2-8f766a9a4c28(uuid121)
сент. 16, 2025 8:21:56 PM webapp.storage.AbstractStorage save
INFO: &amp#27;[32mSave fc606004-959e-4667-b72d-c6f3282632d9(uuid122)
сент. 16, 2025 8:21:56 PM webapp.storage.AbstractStorage save
INFO: &amp#27;[32mSave 13871b65-ede1-49b3-b61a-3093851fdfd8(uuid123)
сент. 16, 2025 8:21:56 PM webapp.storage.AbstractStorage save
INFO: &amp#27;[32mSave 5c11dcf8-c63f-43ec-a915-77e41abd1a7a(uuid124)
сент. 16, 2025 8:21:56 PM webapp.storage.AbstractStorage save
INFO: &amp#27;[32mSave 11e010d2-6be3-4715-9962-e4c91416afc4(uuid125)
сент. 16, 2025 8:21:56 PM webapp.storage.AbstractStorage save
INFO: &amp#27;[32mSave ce1d027b-c25c-4577-9c7a-dcf84a0ce771(uuid126)
сент. 16, 2025 8:21:56 PM webapp.storage.AbstractStorage save
INFO: &amp#27;[32mSave 89a015f8-cd35-49be-998d-899af65ece42(uuid127)
сент. 16, 2025 8:21:56 PM webapp.storage.AbstractStorage save
INFO: &amp#27;[32mSave 2c7098a7-fdb5-4940-b85d-5ac3353cdc9c(uuid128)
сент. 16, 2025 8:21:56 PM webapp.storage.AbstractStorage save
INFO: &amp#27;[32mSave 68e9dfa8-d27a-4984-a68c-ddc2194935eb(uuid129)
сент. 16, 2025 8:21:56 PM webapp.storage.AbstractStorage save
INFO: &amp#27;[32mSave 3fc66281-fe81-44c3-824a-30aba1efc7dd(uuid130)
сент. 16, 2025 8:21:56 PM webapp.storage.AbstractStorage save
INFO: &amp#27;[32mSave c01cb4bb-2248-4629-8b73-cb2661b4edf1(uuid131)
сент. 16, 2025 8:21:56 PM webapp.storage.AbstractStorage save
INFO: &amp#27;[32mSave 4bbeba46-380a-4513-9073-8cbb987880c4(uuid132)
сент. 16, 2025 8:21:56 PM webapp.storage.AbstractStorage save
INFO: &amp#27;[32mSave dbfdaabe-ef47-4f5c-bf5e-bc0a601d6803(uuid133)
сент. 16, 2025 8:21:56 PM webapp.storage.AbstractStorage save
INFO: &amp#27;[32mSave ae84c812-df3a-4be2-8dc8-0b4bd898e141(uuid134)
сент. 16, 2025 8:21:56 PM webapp.storage.AbstractStorage save
INFO: &amp#27;[32mSave 7124ec00-4b94-443e-ae6f-0c9efc641172(uuid135)
сент. 16, 2025 8:21:56 PM webapp.storage.AbstractStorage save
INFO: &amp#27;[32mSave ab6c7ebf-fe3a-4f4e-827d-e1aeb866defe(uuid136)
сент. 16, 2025 8:21:56 PM webapp.storage.AbstractStorage save
INFO: &amp#27;[32mSave c922bdc0-db8e-4c7b-931e-fc2bb211d306(uuid137)
сент. 16, 2025 8:21:56 PM webapp.storage.AbstractStorage save
INFO: &amp#27;[32mSave 3c4f60dc-b043-434a-a523-4b606fa3cf1b(uuid138)
сент. 16, 2025 8:21:56 PM webapp.storage.AbstractStorage save
INFO: &amp#27;[32mSave 665d259e-1f00-4580-bb4c-9089497cd0e2(uuid139)
сент. 16, 2025 8:21:56 PM webapp.storage.AbstractStorage save
INFO: &amp#27;[32mSave b95e6aad-383f-481b-b89d-b75cb80a2a63(uuid140)
сент. 16, 2025 8:21:56 PM webapp.storage.AbstractStorage save
INFO: &amp#27;[32mSave 5e0beab0-b4b8-42bd-b3c8-407d4074d550(uuid141)
сент. 16, 2025 8:21:56 PM webapp.storage.AbstractStorage save
INFO: &amp#27;[32mSave 12f29876-bb49-45d4-8ca6-84a6bc678a05(uuid142)
сент. 16, 2025 8:21:56 PM webapp.storage.AbstractStorage save
INFO: &amp#27;[32mSave 6935c1e3-6d5d-43e1-ba64-70022b872e9d(uuid143)
сент. 16, 2025 8:21:56 PM webapp.storage.AbstractStorage save
INFO: &amp#27;[32mSave d384f0b1-b45b-4da5-b75b-8b336b028f0a(uuid144)
сент. 16, 2025 8:21:56 PM webapp.storage.AbstractStorage save
INFO: &amp#27;[32mSave 714cef18-f021-49f1-a8a4-bd22d1381767(uuid145)
сент. 16, 2025 8:21:56 PM webapp.storage.AbstractStorage save
INFO: &amp#27;[32mSave d3ca886a-6b4d-4ad2-be62-de9d3156db81(uuid146)
сент. 16, 2025 8:21:56 PM webapp.storage.AbstractStorage save
INFO: &amp#27;[32mSave 12f0737e-a98e-4325-ba16-1596d2519dde(uuid147)
сент. 16, 2025 8:21:56 PM webapp.storage.AbstractStorage save
INFO: &amp#27;[32mSave 6368edd4-85d2-4f82-8519-26484e1222f3(uuid148)
сент. 16, 2025 8:21:56 PM webapp.storage.AbstractStorage save
INFO: &amp#27;[32mSave 7dc9bed8-07f4-45a3-bb5d-1284c3a6286b(uuid149)
сент. 16, 2025 8:21:56 PM webapp.storage.AbstractStorage save
INFO: &amp#27;[32mSave 868d3e03-e9e6-4588-958c-911bec7d36c0(uuid150)
сент. 16, 2025 8:21:56 PM webapp.storage.AbstractStorage save
INFO: &amp#27;[32mSave fea4bf66-68c6-4c20-a522-b1da2a321769(uuid151)
сент. 16, 2025 8:21:56 PM webapp.storage.AbstractStorage save
INFO: &amp#27;[32mSave 3112fa26-50f5-4713-9e89-d1c272d7fd96(uuid152)
сент. 16, 2025 8:21:56 PM webapp.storage.AbstractStorage save
INFO: &amp#27;[32mSave dade3251-fabe-4c5a-84b4-7cf7d5a33a4a(uuid153)
сент. 16, 2025 8:21:56 PM webapp.storage.AbstractStorage save
INFO: &amp#27;[32mSave c6443512-1083-48a7-a537-e701fc538950(uuid154)
сент. 16, 2025 8:21:56 PM webapp.storage.AbstractStorage save
INFO: &amp#27;[32mSave 8e2b94f8-e1c2-4d14-ba83-9a9086e33764(uuid155)
сент. 16, 2025 8:21:56 PM webapp.storage.AbstractStorage save
INFO: &amp#27;[32mSave 65f4668d-d859-45b4-8c0e-e9045b6b4e85(uuid156)
сент. 16, 2025 8:21:56 PM webapp.storage.AbstractStorage save
INFO: &amp#27;[32mSave c353dd06-e0b8-409b-957d-22895496e4c2(uuid157)
сент. 16, 2025 8:21:56 PM webapp.storage.AbstractStorage save
INFO: &amp#27;[32mSave 50178dfd-815e-4f42-a523-e5794135134a(uuid158)
сент. 16, 2025 8:21:56 PM webapp.storage.AbstractStorage save
INFO: &amp#27;[32mSave 207e6cf5-1857-4cd0-b120-661be011ad83(uuid159)
сент. 16, 2025 8:21:56 PM webapp.storage.AbstractStorage save
INFO: &amp#27;[32mSave 3a113e90-f7c3-4057-bc5c-873322ce132b(uuid160)
сент. 16, 2025 8:21:56 PM webapp.storage.AbstractStorage save
INFO: &amp#27;[32mSave 8debe172-f892-44a1-88c5-9ed49df5c2be(uuid161)
сент. 16, 2025 8:21:56 PM webapp.storage.AbstractStorage save
INFO: &amp#27;[32mSave fb13be43-86c4-46a7-a62c-f1672ccfa4ed(uuid162)
сент. 16, 2025 8:21:56 PM webapp.storage.AbstractStorage save
INFO: &amp#27;[32mSave 33f39fca-7364-47fc-89f0-cdaae6e7f037(uuid163)
сент. 16, 2025 8:21:56 PM webapp.storage.AbstractStorage save
INFO: &amp#27;[32mSave 03808756-6b97-47a3-ab66-9a31703b829c(uuid164)
сент. 16, 2025 8:21:56 PM webapp.storage.AbstractStorage save
INFO: &amp#27;[32mSave 9366a9ef-a9cc-4ccf-84a1-7d596ea02aea(uuid165)
сент. 16, 2025 8:21:56 PM webapp.storage.AbstractStorage save
INFO: &amp#27;[32mSave 54576ced-c45e-43bb-bd0a-48ba8922a21d(uuid166)
сент. 16, 2025 8:21:56 PM webapp.storage.AbstractStorage save
INFO: &amp#27;[32mSave 010dda4e-39b0-4a8c-a112-6e9d91118000(uuid167)
сент. 16, 2025 8:21:56 PM webapp.storage.AbstractStorage save
INFO: &amp#27;[32mSave 6faa4982-b5d5-47e1-9e1c-436b8de1ef35(uuid168)
сент. 16, 2025 8:21:56 PM webapp.storage.AbstractStorage save
INFO: &amp#27;[32mSave 059841ca-2445-41a9-84ae-39660634d0d6(uuid169)
сент. 16, 2025 8:21:56 PM webapp.storage.AbstractStorage save
INFO: &amp#27;[32mSave a33c9438-abdd-4af7-8711-dc8b536ffad2(uuid170)
сент. 16, 2025 8:21:56 PM webapp.storage.AbstractStorage save
INFO: &amp#27;[32mSave fbde5e6a-618e-442d-8be5-cb3158918feb(uuid171)
сент. 16, 2025 8:21:56 PM webapp.storage.AbstractStorage save
INFO: &amp#27;[32mSave 7d2fc1ec-625f-4bee-b8c0-df12b8bd42cb(uuid172)
сент. 16, 2025 8:21:56 PM webapp.storage.AbstractStorage save
INFO: &amp#27;[32mSave 571d3645-c261-40ba-bdf9-44db4bca3142(uuid173)
сент. 16, 2025 8:21:56 PM webapp.storage.AbstractStorage save
INFO: &amp#27;[32mSave 35a25403-bd0c-45b3-87d4-e9657d93ecd3(uuid174)
сент. 16, 2025 8:21:56 PM webapp.storage.AbstractStorage save
INFO: &amp#27;[32mSave d802f73a-e12b-4535-84d5-b8f4d6cf9a46(uuid175)
сент. 16, 2025 8:21:56 PM webapp.storage.AbstractStorage save
INFO: &amp#27;[32mSave 5e2c1282-184e-41e1-badd-e1c5b85921ce(uuid176)
сент. 16, 2025 8:21:56 PM webapp.storage.AbstractStorage save
INFO: &amp#27;[32mSave 057e6608-7db6-4681-9cc4-d8ee00ec721b(uuid177)
сент. 16, 2025 8:21:56 PM webapp.storage.AbstractStorage save
INFO: &amp#27;[32mSave efd6af58-3679-400c-a0d2-5b6fd2e13b56(uuid178)
сент. 16, 2025 8:21:56 PM webapp.storage.AbstractStorage save
INFO: &amp#27;[32mSave 3aa7851a-4762-4855-b800-7b007ac72f63(uuid179)
сент. 16, 2025 8:21:56 PM webapp.storage.AbstractStorage save
INFO: &amp#27;[32mSave a27fcfb5-1d48-43f1-944a-ec978f6b1aee(uuid180)
сент. 16, 2025 8:21:56 PM webapp.storage.AbstractStorage save
INFO: &amp#27;[32mSave 1b3f33e7-9de0-4799-ae08-1bbbf06b5d48(uuid181)
сент. 16, 2025 8:21:56 PM webapp.storage.AbstractStorage save
INFO: &amp#27;[32mSave b8df115c-7659-453a-9751-ee37071399cd(uuid182)
сент. 16, 2025 8:21:56 PM webapp.storage.AbstractStorage save
INFO: &amp#27;[32mSave 35dd2783-9a4d-4104-87c8-4122faf50d80(uuid183)
сент. 16, 2025 8:21:56 PM webapp.storage.AbstractStorage save
INFO: &amp#27;[32mSave 4300dafd-9042-4094-8a23-abe3c1f9d110(uuid184)
сент. 16, 2025 8:21:56 PM webapp.storage.AbstractStorage save
INFO: &amp#27;[32mSave 874a4428-35a2-49c7-8974-264f1c6a8e9c(uuid185)
сент. 16, 2025 8:21:56 PM webapp.storage.AbstractStorage save
INFO: &amp#27;[32mSave cd97b46d-64e5-43b8-a511-ab3c32f6308d(uuid186)
сент. 16, 2025 8:21:56 PM webapp.storage.AbstractStorage save
INFO: &amp#27;[32mSave be59594c-d26d-46e1-8b27-25fdcc4f68e3(uuid187)
сент. 16, 2025 8:21:56 PM webapp.storage.AbstractStorage save
INFO: &amp#27;[32mSave bf5b6155-14e8-4211-bd27-2d6376fb116e(uuid188)
сент. 16, 2025 8:21:56 PM webapp.storage.AbstractStorage save
INFO: &amp#27;[32mSave 8583a052-9ae6-42c5-8967-45f138c1ea50(uuid189)
сент. 16, 2025 8:21:56 PM webapp.storage.AbstractStorage save
INFO: &amp#27;[32mSave 4eafa2a8-daa6-4139-85b7-399e189c3de7(uuid190)
сент. 16, 2025 8:21:56 PM webapp.storage.AbstractStorage save
INFO: &amp#27;[32mSave 3da7e9cc-b4bd-4321-9e63-7da3e80a8905(uuid191)
сент. 16, 2025 8:21:56 PM webapp.storage.AbstractStorage save
INFO: &amp#27;[32mSave bda7a5f4-75b9-4beb-9c1e-0d3c6a4ac27a(uuid192)
сент. 16, 2025 8:21:56 PM webapp.storage.AbstractStorage save
INFO: &amp#27;[32mSave 85a136be-1335-4786-b1ff-84ac7fd114cb(uuid193)
сент. 16, 2025 8:21:56 PM webapp.storage.AbstractStorage save
INFO: &amp#27;[32mSave 5bb812b6-0719-4d1d-a844-0bda3b74c589(uuid194)
сент. 16, 2025 8:21:56 PM webapp.storage.AbstractStorage save
INFO: &amp#27;[32mSave 2d0c514c-b18d-4810-bb92-732899a8170f(uuid195)
сент. 16, 2025 8:21:56 PM webapp.storage.AbstractStorage save
INFO: &amp#27;[32mSave 79e73208-b788-4243-9693-0eaee6e8db7d(uuid196)
сент. 16, 2025 8:21:56 PM webapp.storage.AbstractStorage save
INFO: &amp#27;[32mSave 7071cfe9-1fd3-483b-9565-189803b872f6(uuid197)
сент. 16, 2025 8:21:56 PM webapp.storage.AbstractStorage save
INFO: &amp#27;[32mSave 4783faa1-85f3-47b3-bf28-769dbc4163ae(uuid198)
сент. 16, 2025 8:21:56 PM webapp.storage.AbstractStorage save
INFO: &amp#27;[32mSave b5151140-d496-45bd-999d-52855f05661a(uuid199)
сент. 16, 2025 8:21:56 PM webapp.storage.AbstractStorage save
INFO: &amp#27;[32mSave 8b44f7f5-271f-41de-b771-22ade250875b(uuid200)
сент. 16, 2025 8:21:56 PM webapp.storage.AbstractStorage save
INFO: &amp#27;[32mSave 6031231a-c0c5-4795-926d-37cbd31c214e(uuid201)
сент. 16, 2025 8:21:56 PM webapp.storage.AbstractStorage save
INFO: &amp#27;[32mSave 6b1e21ad-c313-4167-80ce-f1408d8845be(uuid202)
сент. 16, 2025 8:21:56 PM webapp.storage.AbstractStorage save
INFO: &amp#27;[32mSave 8eead63e-b9b1-440a-9048-f698211eb3fd(uuid203)
сент. 16, 2025 8:21:56 PM webapp.storage.AbstractStorage save
INFO: &amp#27;[32mSave 039b3dcc-72f3-4753-b2de-c884e7e4adbe(uuid204)
сент. 16, 2025 8:21:56 PM webapp.storage.AbstractStorage save
INFO: &amp#27;[32mSave 45fb27d2-8175-4602-81d7-ce72f9d18deb(uuid205)
сент. 16, 2025 8:21:56 PM webapp.storage.AbstractStorage save
INFO: &amp#27;[32mSave 3bfe0897-4905-4263-a7b6-023372ad2f3d(uuid206)
сент. 16, 2025 8:21:56 PM webapp.storage.AbstractStorage save
INFO: &amp#27;[32mSave 04beed86-8985-4aeb-a83c-4e8d6d6be99b(uuid207)
сент. 16, 2025 8:21:56 PM webapp.storage.AbstractStorage save
INFO: &amp#27;[32mSave c271ab06-5bfb-443a-ac2f-4eaaee9cc26f(uuid208)
сент. 16, 2025 8:21:56 PM webapp.storage.AbstractStorage save
INFO: &amp#27;[32mSave 59cdd27a-ffcc-4655-835e-7ec46ddcf64b(uuid209)
сент. 16, 2025 8:21:56 PM webapp.storage.AbstractStorage save
INFO: &amp#27;[32mSave 8debbab5-1b67-4bca-a3f9-f0b2cb431033(uuid210)
сент. 16, 2025 8:21:56 PM webapp.storage.AbstractStorage save
INFO: &amp#27;[32mSave 53379bf0-34fb-4472-849b-8a6b9326329c(uuid211)
сент. 16, 2025 8:21:56 PM webapp.storage.AbstractStorage save
INFO: &amp#27;[32mSave ade685b2-73b5-41fe-8561-6154880fea53(uuid212)
сент. 16, 2025 8:21:56 PM webapp.storage.AbstractStorage save
INFO: &amp#27;[32mSave af97bf42-145e-4f1a-8011-68fe4194eb2f(uuid213)
сент. 16, 2025 8:21:56 PM webapp.storage.AbstractStorage save
INFO: &amp#27;[32mSave c51546be-3501-4c23-a977-36362a82e4a1(uuid214)
сент. 16, 2025 8:21:56 PM webapp.storage.AbstractStorage save
INFO: &amp#27;[32mSave 16c1e115-db72-40d3-b96f-9470df368a75(uuid215)
сент. 16, 2025 8:21:56 PM webapp.storage.AbstractStorage save
INFO: &amp#27;[32mSave 22e04cb3-d8b8-41ce-afbd-bf68e318db0e(uuid216)
сент. 16, 2025 8:21:56 PM webapp.storage.AbstractStorage save
INFO: &amp#27;[32mSave 9db1c559-f21a-4533-aeab-fe0ae19c2eec(uuid217)
сент. 16, 2025 8:21:56 PM webapp.storage.AbstractStorage save
INFO: &amp#27;[32mSave 9a909d54-3bf7-4bca-bba8-6c0187bc47a2(uuid218)
сент. 16, 2025 8:21:56 PM webapp.storage.AbstractStorage save
INFO: &amp#27;[32mSave baf5cc68-2311-4435-9a5d-c7d951c94bca(uuid219)
сент. 16, 2025 8:21:56 PM webapp.storage.AbstractStorage save
INFO: &amp#27;[32mSave 8cf51384-1ae8-424b-bd60-a7db34b6fe61(uuid220)
сент. 16, 2025 8:21:56 PM webapp.storage.AbstractStorage save
INFO: &amp#27;[32mSave 75593503-de48-464c-9037-2ae4d3bd8ee8(uuid221)
сент. 16, 2025 8:21:56 PM webapp.storage.AbstractStorage save
INFO: &amp#27;[32mSave 1b193a68-1e85-460e-aca8-f386a61b712c(uuid222)
сент. 16, 2025 8:21:56 PM webapp.storage.AbstractStorage save
INFO: &amp#27;[32mSave b1624229-eeb5-4e76-bfbc-f5253b86f53a(uuid223)
сент. 16, 2025 8:21:56 PM webapp.storage.AbstractStorage save
INFO: &amp#27;[32mSave 5c60ebb9-fd5c-42d3-ad90-ad2be70c3e5c(uuid224)
сент. 16, 2025 8:21:56 PM webapp.storage.AbstractStorage save
INFO: &amp#27;[32mSave 9afcc32f-743e-4465-871e-c40f4358d6db(uuid225)
сент. 16, 2025 8:21:56 PM webapp.storage.AbstractStorage save
INFO: &amp#27;[32mSave 64a01202-50ea-4f24-93ae-08aeb4d0577e(uuid226)
сент. 16, 2025 8:21:56 PM webapp.storage.AbstractStorage save
INFO: &amp#27;[32mSave 38231d10-59ec-4a88-aeb3-102787dbaaff(uuid227)
сент. 16, 2025 8:21:56 PM webapp.storage.AbstractStorage save
INFO: &amp#27;[32mSave 016b0b73-2e35-4a7b-8e92-0ee3e4f10097(uuid228)
сент. 16, 2025 8:21:56 PM webapp.storage.AbstractStorage save
INFO: &amp#27;[32mSave b216e27c-28bc-4604-8a6d-2f17a42ddbc0(uuid229)
сент. 16, 2025 8:21:56 PM webapp.storage.AbstractStorage save
INFO: &amp#27;[32mSave 57adf31c-59a6-47ac-8630-0c87a7804efc(uuid230)
сент. 16, 2025 8:21:56 PM webapp.storage.AbstractStorage save
INFO: &amp#27;[32mSave 2536bdff-ddf5-4e6f-ad1b-ae47724ea137(uuid231)
сент. 16, 2025 8:21:56 PM webapp.storage.AbstractStorage save
INFO: &amp#27;[32mSave 9e7a19dc-971c-44e8-8ea6-3ad0bb6a2f9d(uuid232)
сент. 16, 2025 8:21:56 PM webapp.storage.AbstractStorage save
INFO: &amp#27;[32mSave 97cb1571-f5ae-4e3b-a0b2-e1eee21d3584(uuid233)
сент. 16, 2025 8:21:56 PM webapp.storage.AbstractStorage save
INFO: &amp#27;[32mSave dc6568d8-405b-424b-8f2c-ee056d6384cc(uuid234)
сент. 16, 2025 8:21:56 PM webapp.storage.AbstractStorage save
INFO: &amp#27;[32mSave ecb8b634-f1df-40b5-a9b3-7728c4edd101(uuid235)
сент. 16, 2025 8:21:56 PM webapp.storage.AbstractStorage save
INFO: &amp#27;[32mSave 6f9102d9-8273-4041-913f-07eadef14120(uuid236)
сент. 16, 2025 8:21:56 PM webapp.storage.AbstractStorage save
INFO: &amp#27;[32mSave bce56fc8-f6e5-4d8e-811d-19356c5de797(uuid237)
сент. 16, 2025 8:21:56 PM webapp.storage.AbstractStorage save
INFO: &amp#27;[32mSave 032f52cc-ecb8-4ab3-9b1c-32c8863d7fbc(uuid238)
сент. 16, 2025 8:21:56 PM webapp.storage.AbstractStorage save
INFO: &amp#27;[32mSave c16c2d54-961c-4a13-a190-f2efee0caf20(uuid239)
сент. 16, 2025 8:21:56 PM webapp.storage.AbstractStorage save
INFO: &amp#27;[32mSave 2682a12e-0b4a-4f39-8893-90e579e7394b(uuid240)
сент. 16, 2025 8:21:56 PM webapp.storage.AbstractStorage save
INFO: &amp#27;[32mSave 66c32e1f-a078-4681-b690-0df1e1ce68d9(uuid241)
сент. 16, 2025 8:21:56 PM webapp.storage.AbstractStorage save
INFO: &amp#27;[32mSave 2dc25b0b-fb9a-4d0a-9bb6-c7c0bd2cc936(uuid242)
сент. 16, 2025 8:21:56 PM webapp.storage.AbstractStorage save
INFO: &amp#27;[32mSave b9c18b18-8683-4dac-8e60-03da80312e8b(uuid243)
сент. 16, 2025 8:21:56 PM webapp.storage.AbstractStorage save
INFO: &amp#27;[32mSave ef0e1834-b98c-4a18-90cb-23202aa71a0d(uuid244)
сент. 16, 2025 8:21:56 PM webapp.storage.AbstractStorage save
INFO: &amp#27;[32mSave 1ac028ce-5b49-465a-b129-641de7169c22(uuid245)
сент. 16, 2025 8:21:56 PM webapp.storage.AbstractStorage save
INFO: &amp#27;[32mSave 14c5aa0b-6f62-47f8-96ae-3c69ecf57a72(uuid246)
сент. 16, 2025 8:21:56 PM webapp.storage.AbstractStorage save
INFO: &amp#27;[32mSave 8e90d0a7-ad8b-4f23-a1da-1ca5fca1afe3(uuid247)
сент. 16, 2025 8:21:56 PM webapp.storage.AbstractStorage save
INFO: &amp#27;[32mSave dd003f96-4236-485c-941a-6087b0bc071d(uuid248)
сент. 16, 2025 8:21:56 PM webapp.storage.AbstractStorage save
INFO: &amp#27;[32mSave eba35a33-3f53-4e9d-8bfa-7e03cd9800e6(uuid249)
сент. 16, 2025 8:21:56 PM webapp.storage.AbstractStorage save
INFO: &amp#27;[32mSave 799eba0b-3cc5-4ce2-9b17-d3662b6f146e(uuid250)
сент. 16, 2025 8:21:56 PM webapp.storage.AbstractStorage save
INFO: &amp#27;[32mSave 3b9866d7-52c0-417c-9e95-02b1904df4f2(uuid251)
сент. 16, 2025 8:21:56 PM webapp.storage.AbstractStorage save
INFO: &amp#27;[32mSave 75ba1902-37d3-45c2-87b0-8784728024ce(uuid252)
сент. 16, 2025 8:21:56 PM webapp.storage.AbstractStorage save
INFO: &amp#27;[32mSave 2ea157b1-9bc0-451e-9763-b737f1d98d33(uuid253)
сент. 16, 2025 8:21:56 PM webapp.storage.AbstractStorage save
INFO: &amp#27;[32mSave 31250506-b390-472a-a4e2-902040c735bb(uuid254)
сент. 16, 2025 8:21:56 PM webapp.storage.AbstractStorage save
INFO: &amp#27;[32mSave 18b474ea-86d8-45c7-84fa-609fd8954672(uuid255)
сент. 16, 2025 8:21:56 PM webapp.storage.AbstractStorage save
INFO: &amp#27;[32mSave 586386f2-2ea0-4ae7-8f01-b140f5d35103(uuid256)
сент. 16, 2025 8:21:56 PM webapp.storage.AbstractStorage save
INFO: &amp#27;[32mSave 6f5a7056-6f24-4907-9b3f-2bcbd5e32a62(uuid257)
сент. 16, 2025 8:21:56 PM webapp.storage.AbstractStorage save
INFO: &amp#27;[32mSave 587ae770-8420-40af-a159-960bd9ebf15e(uuid258)
сент. 16, 2025 8:21:56 PM webapp.storage.AbstractStorage save
INFO: &amp#27;[32mSave 8affc948-9a98-4e14-9c56-5f95e0b68f0c(uuid259)
сент. 16, 2025 8:21:56 PM webapp.storage.AbstractStorage save
INFO: &amp#27;[32mSave 4ee6e1bc-ba44-40c1-a16a-942ab6332ea5(uuid260)
сент. 16, 2025 8:21:56 PM webapp.storage.AbstractStorage save
INFO: &amp#27;[32mSave 2743de7a-406d-4cee-a5fe-2c9da4e7f119(uuid261)
сент. 16, 2025 8:21:56 PM webapp.storage.AbstractStorage save
INFO: &amp#27;[32mSave ad21041d-1f6e-474b-b75c-bd432352a71f(uuid262)
сент. 16, 2025 8:21:56 PM webapp.storage.AbstractStorage save
INFO: &amp#27;[32mSave 1cebc73e-4de0-4bfe-89fb-64c73cb32840(uuid263)
сент. 16, 2025 8:21:56 PM webapp.storage.AbstractStorage save
INFO: &amp#27;[32mSave 8e4d2248-0bfb-4b92-be48-fe384c040bf0(uuid264)
сент. 16, 2025 8:21:56 PM webapp.storage.AbstractStorage save
INFO: &amp#27;[32mSave 7f5c0403-e912-4dfc-9ec8-ecdf40c9d83e(uuid265)
сент. 16, 2025 8:21:56 PM webapp.storage.AbstractStorage save
INFO: &amp#27;[32mSave 02e2d4f7-653c-482b-9161-87da245fb1e6(uuid266)
сент. 16, 2025 8:21:56 PM webapp.storage.AbstractStorage save
INFO: &amp#27;[32mSave 8c243ca0-d118-4a1b-989d-ed226c6164c5(uuid267)
сент. 16, 2025 8:21:56 PM webapp.storage.AbstractStorage save
INFO: &amp#27;[32mSave d4ecfee7-d460-412f-b298-f16a791cb1b7(uuid268)
сент. 16, 2025 8:21:56 PM webapp.storage.AbstractStorage save
INFO: &amp#27;[32mSave f909eb73-a69c-42fc-8cb9-0ee5a08bee12(uuid269)
сент. 16, 2025 8:21:56 PM webapp.storage.AbstractStorage save
INFO: &amp#27;[32mSave 172d0410-ad2d-4df7-abc8-ad4058fe7b68(uuid270)
сент. 16, 2025 8:21:56 PM webapp.storage.AbstractStorage save
INFO: &amp#27;[32mSave 86120aa5-c2a9-40da-b8c2-220c6d567f44(uuid271)
сент. 16, 2025 8:21:56 PM webapp.storage.AbstractStorage save
INFO: &amp#27;[32mSave 36524a9f-f49b-4696-bd58-fa1e8d970ac6(uuid272)
сент. 16, 2025 8:21:56 PM webapp.storage.AbstractStorage save
INFO: &amp#27;[32mSave bc9fe9fb-c6fb-443b-83dc-f5e85419ac57(uuid273)
сент. 16, 2025 8:21:56 PM webapp.storage.AbstractStorage save
INFO: &amp#27;[32mSave ef548ebd-f4a3-4de7-80d6-4bf5879e79f2(uuid274)
сент. 16, 2025 8:21:56 PM webapp.storage.AbstractStorage save
INFO: &amp#27;[32mSave 585b5561-7fbd-49cd-8cee-aea1634024ac(uuid275)
сент. 16, 2025 8:21:56 PM webapp.storage.AbstractStorage save
INFO: &amp#27;[32mSave 90793db1-4ba7-4f5e-8ff7-851bc5afe9ba(uuid276)
сент. 16, 2025 8:21:56 PM webapp.storage.AbstractStorage save
INFO: &amp#27;[32mSave 071237d1-cc8d-4127-8849-25ff1515c7c3(uuid277)
сент. 16, 2025 8:21:56 PM webapp.storage.AbstractStorage save
INFO: &amp#27;[32mSave 787437c5-7a49-4ad8-91d0-1c65573edd8f(uuid278)
сент. 16, 2025 8:21:56 PM webapp.storage.AbstractStorage save
INFO: &amp#27;[32mSave 2a06a8e0-d78b-49cd-bed5-7db6e383df9b(uuid279)
сент. 16, 2025 8:21:56 PM webapp.storage.AbstractStorage save
INFO: &amp#27;[32mSave 0c6a0f61-07f1-413b-b113-242672458b6c(uuid280)
сент. 16, 2025 8:21:56 PM webapp.storage.AbstractStorage save
INFO: &amp#27;[32mSave ba93f83a-179f-429e-8fb9-a48308cb2709(uuid281)
сент. 16, 2025 8:21:56 PM webapp.storage.AbstractStorage save
INFO: &amp#27;[32mSave 44b022ec-eb53-4292-8ea0-012fe1f0494b(uuid282)
сент. 16, 2025 8:21:56 PM webapp.storage.AbstractStorage save
INFO: &amp#27;[32mSave 3fd92bb7-81ef-44df-a4b0-56a4048287ce(uuid283)
сент. 16, 2025 8:21:56 PM webapp.storage.AbstractStorage save
INFO: &amp#27;[32mSave 374b564a-eaf7-4345-bc8d-b81dc51fbd93(uuid284)
сент. 16, 2025 8:21:56 PM webapp.storage.AbstractStorage save
INFO: &amp#27;[32mSave 16ca2b0e-dc3c-4af4-b4a0-65a02eeef18a(uuid285)
сент. 16, 2025 8:21:56 PM webapp.storage.AbstractStorage save
INFO: &amp#27;[32mSave 20f086d0-50ec-4fc2-b7e7-013b14926dfb(uuid286)
сент. 16, 2025 8:21:56 PM webapp.storage.AbstractStorage save
INFO: &amp#27;[32mSave e2f62006-87ef-4bba-b3d5-d50f96e0834c(uuid287)
сент. 16, 2025 8:21:56 PM webapp.storage.AbstractStorage save
INFO: &amp#27;[32mSave 781904a5-221c-4746-9a52-ea3970c18224(uuid288)
сент. 16, 2025 8:21:56 PM webapp.storage.AbstractStorage save
INFO: &amp#27;[32mSave b7715022-0137-47ae-b1df-93e6edf4080d(uuid289)
сент. 16, 2025 8:21:56 PM webapp.storage.AbstractStorage save
INFO: &amp#27;[32mSave d656e0a6-f176-41a0-8ce1-7d13fe5d9d6f(uuid290)
сент. 16, 2025 8:21:56 PM webapp.storage.AbstractStorage save
INFO: &amp#27;[32mSave 43dfe116-6fbe-4711-a30e-1df06371718b(uuid291)
сент. 16, 2025 8:21:56 PM webapp.storage.AbstractStorage save
INFO: &amp#27;[32mSave 48dad2f5-3427-4c5f-83ca-a493588dffd3(uuid292)
сент. 16, 2025 8:21:56 PM webapp.storage.AbstractStorage save
INFO: &amp#27;[32mSave 3ec6025e-113a-4729-9f62-7ed700ba5fc9(uuid293)
сент. 16, 2025 8:21:56 PM webapp.storage.AbstractStorage save
INFO: &amp#27;[32mSave 810a101a-0f6d-4f32-98cb-03d8eacf74cd(uuid294)
сент. 16, 2025 8:21:56 PM webapp.storage.AbstractStorage save
INFO: &amp#27;[32mSave d21d4e36-88fc-4190-8b67-60e3642af7e0(uuid295)
сент. 16, 2025 8:21:56 PM webapp.storage.AbstractStorage save
INFO: &amp#27;[32mSave 2f0c518a-3923-4bb3-baec-7c7a67389d65(uuid296)
сент. 16, 2025 8:21:56 PM webapp.storage.AbstractStorage save
INFO: &amp#27;[32mSave e3615c09-87e7-4049-98c2-691142f4c54c(uuid297)
сент. 16, 2025 8:21:56 PM webapp.storage.AbstractStorage save
INFO: &amp#27;[32mSave ae2d9ef1-e825-456b-b3de-52e7ebc98fb2(uuid298)
сент. 16, 2025 8:21:56 PM webapp.storage.AbstractStorage save
INFO: &amp#27;[32mSave f4f57ee9-366a-42b7-82b2-f8c2b90c3b16(uuid299)
сент. 16, 2025 8:21:56 PM webapp.storage.AbstractStorage save
INFO: &amp#27;[32mSave 7a07e60f-e4df-41b7-980f-adfe1aa58590(uuid300)
сент. 16, 2025 8:21:56 PM webapp.storage.AbstractStorage save
INFO: &amp#27;[32mSave bea32cf7-1fe0-479d-bae9-c9c0d43f6784(uuid301)
сент. 16, 2025 8:21:56 PM webapp.storage.AbstractStorage save
INFO: &amp#27;[32mSave af75cd8d-ef49-45a9-a87c-0ee1a68f9b18(uuid302)
сент. 16, 2025 8:21:56 PM webapp.storage.AbstractStorage save
INFO: &amp#27;[32mSave 069791e0-896a-4454-81f1-9476f849d0e0(uuid303)
сент. 16, 2025 8:21:56 PM webapp.storage.AbstractStorage save
INFO: &amp#27;[32mSave dc98205a-bd29-42fc-8cbe-e287fa1f3029(uuid304)
сент. 16, 2025 8:21:56 PM webapp.storage.AbstractStorage save
INFO: &amp#27;[32mSave 966535f9-0512-4391-a156-835e26b00551(uuid305)
сент. 16, 2025 8:21:56 PM webapp.storage.AbstractStorage save
INFO: &amp#27;[32mSave 294f7789-4c9e-484e-b440-2edd1a758a90(uuid306)
сент. 16, 2025 8:21:56 PM webapp.storage.AbstractStorage save
INFO: &amp#27;[32mSave 4ef38426-fe82-41a9-93f4-1d832b61f95f(uuid307)
сент. 16, 2025 8:21:56 PM webapp.storage.AbstractStorage save
INFO: &amp#27;[32mSave 5db4acef-12ef-4097-8f65-842e39287c91(uuid308)
сент. 16, 2025 8:21:56 PM webapp.storage.AbstractStorage save
INFO: &amp#27;[32mSave ab4f92f9-3ead-47ef-aa00-03d872a31a3a(uuid309)
сент. 16, 2025 8:21:56 PM webapp.storage.AbstractStorage save
INFO: &amp#27;[32mSave 6ccfeb38-7351-4eef-bce1-348c971b25e3(uuid310)
сент. 16, 2025 8:21:56 PM webapp.storage.AbstractStorage save
INFO: &amp#27;[32mSave c8f67b1d-9bb7-4435-9b2a-31bc20dd2cc5(uuid311)
сент. 16, 2025 8:21:56 PM webapp.storage.AbstractStorage save
INFO: &amp#27;[32mSave 2dac297d-8d45-448b-b978-66379601fd21(uuid312)
сент. 16, 2025 8:21:56 PM webapp.storage.AbstractStorage save
INFO: &amp#27;[32mSave 12ab9f60-bcaf-49e9-8299-5d474b54921d(uuid313)
сент. 16, 2025 8:21:56 PM webapp.storage.AbstractStorage save
INFO: &amp#27;[32mSave 0c212b28-b06e-45fe-848c-c2778eb1da8c(uuid314)
сент. 16, 2025 8:21:56 PM webapp.storage.AbstractStorage save
INFO: &amp#27;[32mSave 15b467e7-bbb1-4645-9d14-a15cd7bb8446(uuid315)
сент. 16, 2025 8:21:56 PM webapp.storage.AbstractStorage save
INFO: &amp#27;[32mSave 41b2b635-b995-4953-9e2c-1686e9d46876(uuid316)
сент. 16, 2025 8:21:56 PM webapp.storage.AbstractStorage save
INFO: &amp#27;[32mSave c5ca616e-c89d-49af-bc1b-c0f580866156(uuid317)
сент. 16, 2025 8:21:56 PM webapp.storage.AbstractStorage save
INFO: &amp#27;[32mSave d2ac63b7-638f-4c51-b60c-224338c8a991(uuid318)
сент. 16, 2025 8:21:56 PM webapp.storage.AbstractStorage save
INFO: &amp#27;[32mSave a228599d-4022-4efd-ba3d-7f9de8eda66a(uuid319)
сент. 16, 2025 8:21:56 PM webapp.storage.AbstractStorage save
INFO: &amp#27;[32mSave f91403cf-b617-40fc-bc5b-1e9c3af1d1fd(uuid320)
сент. 16, 2025 8:21:56 PM webapp.storage.AbstractStorage save
INFO: &amp#27;[32mSave db3d62d4-3b8d-4bb5-8dd3-a7fc31ee9b20(uuid321)
сент. 16, 2025 8:21:56 PM webapp.storage.AbstractStorage save
INFO: &amp#27;[32mSave aa4e0ed2-0026-4dfa-b381-c9ca1ca875c6(uuid322)
сент. 16, 2025 8:21:56 PM webapp.storage.AbstractStorage save
INFO: &amp#27;[32mSave ed863e11-9499-4993-ad55-1891ffdcacf8(uuid323)
сент. 16, 2025 8:21:56 PM webapp.storage.AbstractStorage save
INFO: &amp#27;[32mSave b0c3dfb2-41da-4048-b160-987fab311895(uuid324)
сент. 16, 2025 8:21:56 PM webapp.storage.AbstractStorage save
INFO: &amp#27;[32mSave 9521d4f8-eca9-40ca-927b-056d34e9d705(uuid325)
сент. 16, 2025 8:21:56 PM webapp.storage.AbstractStorage save
INFO: &amp#27;[32mSave ee7ede26-699e-4f80-a15c-3ad6bdc4f408(uuid326)
сент. 16, 2025 8:21:56 PM webapp.storage.AbstractStorage save
INFO: &amp#27;[32mSave f4f631fa-5523-4508-b60c-2266e017b28d(uuid327)
сент. 16, 2025 8:21:56 PM webapp.storage.AbstractStorage save
INFO: &amp#27;[32mSave 7fec6ec4-a6e1-442b-aaa9-fc112b2ff91e(uuid328)
сент. 16, 2025 8:21:56 PM webapp.storage.AbstractStorage save
INFO: &amp#27;[32mSave de5013d2-11d0-4b92-a83e-9ae5fef29366(uuid329)
сент. 16, 2025 8:21:56 PM webapp.storage.AbstractStorage save
INFO: &amp#27;[32mSave 84f4bc94-5f18-40f9-97d9-df8b5939e234(uuid330)
сент. 16, 2025 8:21:56 PM webapp.storage.AbstractStorage save
INFO: &amp#27;[32mSave 79ed9ee4-b552-4c6d-9821-ae0056e92fd8(uuid331)
сент. 16, 2025 8:21:56 PM webapp.storage.AbstractStorage save
INFO: &amp#27;[32mSave a1f2c12d-2a22-42fd-b649-a0930956d188(uuid332)
сент. 16, 2025 8:21:56 PM webapp.storage.AbstractStorage save
INFO: &amp#27;[32mSave 9efda2c7-7f43-4bff-bad4-287024dd315b(uuid333)
сент. 16, 2025 8:21:56 PM webapp.storage.AbstractStorage save
INFO: &amp#27;[32mSave e38eea7b-0442-4f24-a8aa-4b885685cc06(uuid334)
сент. 16, 2025 8:21:56 PM webapp.storage.AbstractStorage save
INFO: &amp#27;[32mSave a6b4a86f-14cc-4ca2-8cc0-2c69c8b29630(uuid335)
сент. 16, 2025 8:21:56 PM webapp.storage.AbstractStorage save
INFO: &amp#27;[32mSave 20d6e124-731f-44c1-b681-cd0ac494b26d(uuid336)
сент. 16, 2025 8:21:56 PM webapp.storage.AbstractStorage save
INFO: &amp#27;[32mSave c22e63f9-3deb-4049-aab9-bfd7c7808ed6(uuid337)
сент. 16, 2025 8:21:56 PM webapp.storage.AbstractStorage save
INFO: &amp#27;[32mSave 4cb105a5-82cc-4de9-ab45-c8bca5f2515b(uuid338)
сент. 16, 2025 8:21:56 PM webapp.storage.AbstractStorage save
INFO: &amp#27;[32mSave 6b2330bb-f35c-4117-ac3e-9a11e37ef64c(uuid339)
сент. 16, 2025 8:21:56 PM webapp.storage.AbstractStorage save
INFO: &amp#27;[32mSave 53ac2b15-4baf-4747-b0af-f50c2c25b9fa(uuid340)
сент. 16, 2025 8:21:56 PM webapp.storage.AbstractStorage save
INFO: &amp#27;[32mSave 5ec0a029-c7d8-4393-9eff-9912d60de355(uuid341)
сент. 16, 2025 8:21:56 PM webapp.storage.AbstractStorage save
INFO: &amp#27;[32mSave 73bc5f49-5c03-4ba4-9ed0-5e6220ea5ef6(uuid342)
сент. 16, 2025 8:21:56 PM webapp.storage.AbstractStorage save
INFO: &amp#27;[32mSave ff029b53-a863-4ece-ae10-60c37cdbd483(uuid343)
сент. 16, 2025 8:21:56 PM webapp.storage.AbstractStorage save
INFO: &amp#27;[32mSave 20b6bfd4-39ff-4f9d-a619-e46f8c5f866b(uuid344)
сент. 16, 2025 8:21:56 PM webapp.storage.AbstractStorage save
INFO: &amp#27;[32mSave d23f0df4-a53a-4a91-8e73-dbd4fad137c3(uuid345)
сент. 16, 2025 8:21:56 PM webapp.storage.AbstractStorage save
INFO: &amp#27;[32mSave 83c31a39-e82c-4745-aab2-4f1488e87aaa(uuid346)
сент. 16, 2025 8:21:56 PM webapp.storage.AbstractStorage save
INFO: &amp#27;[32mSave e9db2d0c-5ac2-447b-9535-85a17096acf2(uuid347)
сент. 16, 2025 8:21:56 PM webapp.storage.AbstractStorage save
INFO: &amp#27;[32mSave ba0b0e04-28c3-4b96-90fe-8abb77fe3e7a(uuid348)
сент. 16, 2025 8:21:56 PM webapp.storage.AbstractStorage save
INFO: &amp#27;[32mSave 96e8d97e-e3de-49ea-b8e6-c4a7f129751d(uuid349)
сент. 16, 2025 8:21:56 PM webapp.storage.AbstractStorage save
INFO: &amp#27;[32mSave 68c2ee0f-6b35-45cd-b4cb-853ba38ae6f8(uuid350)
сент. 16, 2025 8:21:56 PM webapp.storage.AbstractStorage save
INFO: &amp#27;[32mSave 6d33c13b-d15f-48ed-82b1-315dc237a08d(uuid351)
сент. 16, 2025 8:21:56 PM webapp.storage.AbstractStorage save
INFO: &amp#27;[32mSave 52fd3773-8ad5-4eba-bf57-59deccfd57b0(uuid352)
сент. 16, 2025 8:21:56 PM webapp.storage.AbstractStorage save
INFO: &amp#27;[32mSave 39931281-4072-47fa-8563-265d2d2ffe5e(uuid353)
сент. 16, 2025 8:21:56 PM webapp.storage.AbstractStorage save
INFO: &amp#27;[32mSave 4e44da03-e059-496f-a42a-5a545670b677(uuid354)
сент. 16, 2025 8:21:56 PM webapp.storage.AbstractStorage save
INFO: &amp#27;[32mSave fcdcd4f8-8e2a-4876-80cd-e5761346b6ff(uuid355)
сент. 16, 2025 8:21:56 PM webapp.storage.AbstractStorage save
INFO: &amp#27;[32mSave 0e37992e-a5cc-478b-816a-cf838f980762(uuid356)
сент. 16, 2025 8:21:56 PM webapp.storage.AbstractStorage save
INFO: &amp#27;[32mSave feee3b8d-32fa-49fc-a353-bb0e3cedd441(uuid357)
сент. 16, 2025 8:21:56 PM webapp.storage.AbstractStorage save
INFO: &amp#27;[32mSave 87993439-6a44-406d-bdec-e885a067c2d7(uuid358)
сент. 16, 2025 8:21:56 PM webapp.storage.AbstractStorage save
INFO: &amp#27;[32mSave 834b2755-9f8b-48d5-8556-958d46175a69(uuid359)
сент. 16, 2025 8:21:56 PM webapp.storage.AbstractStorage save
INFO: &amp#27;[32mSave ac5c5e91-822c-4ed0-89cf-98cb1a52ba97(uuid360)
сент. 16, 2025 8:21:56 PM webapp.storage.AbstractStorage save
INFO: &amp#27;[32mSave 542d1ab1-30d7-4d78-8443-29e4bab7683f(uuid361)
сент. 16, 2025 8:21:56 PM webapp.storage.AbstractStorage save
INFO: &amp#27;[32mSave ec0d5f12-79c4-4e2b-a7ff-3e67264dac26(uuid362)
сент. 16, 2025 8:21:56 PM webapp.storage.AbstractStorage save
INFO: &amp#27;[32mSave 28d421c2-5373-4468-8ce1-ec9327f775c4(uuid363)
сент. 16, 2025 8:21:56 PM webapp.storage.AbstractStorage save
INFO: &amp#27;[32mSave 8e7253fb-26f6-46c9-8b3d-92ad4658e441(uuid364)
сент. 16, 2025 8:21:56 PM webapp.storage.AbstractStorage save
INFO: &amp#27;[32mSave cced716d-5f8e-41a4-8b36-461fbe984975(uuid365)
сент. 16, 2025 8:21:56 PM webapp.storage.AbstractStorage save
INFO: &amp#27;[32mSave d303d90f-0239-45bb-afa6-94308f801db3(uuid366)
сент. 16, 2025 8:21:56 PM webapp.storage.AbstractStorage save
INFO: &amp#27;[32mSave 0c240be6-9991-481e-a2b2-f6a91a5b0f85(uuid367)
сент. 16, 2025 8:21:56 PM webapp.storage.AbstractStorage save
INFO: &amp#27;[32mSave a53a1b15-e816-462d-a277-6f7ac085eb9b(uuid368)
сент. 16, 2025 8:21:56 PM webapp.storage.AbstractStorage save
INFO: &amp#27;[32mSave ec573cd5-2b09-49e4-a4ed-ac2289a412d8(uuid369)
сент. 16, 2025 8:21:56 PM webapp.storage.AbstractStorage save
INFO: &amp#27;[32mSave 06c5bee3-aa08-4d05-8a59-3ecf267d6c1a(uuid370)
сент. 16, 2025 8:21:56 PM webapp.storage.AbstractStorage save
INFO: &amp#27;[32mSave e18fb82f-0c42-4fd6-9979-ff0385f114ad(uuid371)
сент. 16, 2025 8:21:56 PM webapp.storage.AbstractStorage save
INFO: &amp#27;[32mSave 44c7b8c8-4443-4586-aec4-0571ec6edc55(uuid372)
сент. 16, 2025 8:21:56 PM webapp.storage.AbstractStorage save
INFO: &amp#27;[32mSave 6821a229-ab65-4cca-a0ed-4168ad478b65(uuid373)
сент. 16, 2025 8:21:56 PM webapp.storage.AbstractStorage save
INFO: &amp#27;[32mSave cc6eae9e-2743-48e5-89d2-0e2738bb76e7(uuid374)
сент. 16, 2025 8:21:56 PM webapp.storage.AbstractStorage save
INFO: &amp#27;[32mSave debcc894-87e9-419d-af2f-fb3c00ea62d3(uuid375)
сент. 16, 2025 8:21:56 PM webapp.storage.AbstractStorage save
INFO: &amp#27;[32mSave 8da13937-1582-4817-946e-4a748eff0461(uuid376)
сент. 16, 2025 8:21:56 PM webapp.storage.AbstractStorage save
INFO: &amp#27;[32mSave 7e6c0a4a-725e-4c2d-80ce-40d260cba060(uuid377)
сент. 16, 2025 8:21:56 PM webapp.storage.AbstractStorage save
INFO: &amp#27;[32mSave 673471c7-ec5d-4d9e-a11e-813a008fad33(uuid378)
сент. 16, 2025 8:21:56 PM webapp.storage.AbstractStorage save
INFO: &amp#27;[32mSave 6b457759-6515-46e3-91e6-4e4319d4e715(uuid379)
сент. 16, 2025 8:21:56 PM webapp.storage.AbstractStorage save
INFO: &amp#27;[32mSave 56ccfcd5-4354-437b-9ad4-16bd574559dc(uuid380)
сент. 16, 2025 8:21:56 PM webapp.storage.AbstractStorage save
INFO: &amp#27;[32mSave ed8cd0ef-9a28-4bc6-9132-82fb9ba175fb(uuid381)
сент. 16, 2025 8:21:56 PM webapp.storage.AbstractStorage save
INFO: &amp#27;[32mSave 2ee56bb3-af79-42d3-9d0d-d64064df7fc3(uuid382)
сент. 16, 2025 8:21:56 PM webapp.storage.AbstractStorage save
INFO: &amp#27;[32mSave 9c2f99bb-9cf8-49b8-b5f1-0d5ba2a5a6e5(uuid383)
сент. 16, 2025 8:21:56 PM webapp.storage.AbstractStorage save
INFO: &amp#27;[32mSave 94e989f6-506f-4838-b11e-21a671f83281(uuid384)
сент. 16, 2025 8:21:56 PM webapp.storage.AbstractStorage save
INFO: &amp#27;[32mSave 8d66cb05-d087-42de-9e09-6643907ffc9b(uuid385)
сент. 16, 2025 8:21:56 PM webapp.storage.AbstractStorage save
INFO: &amp#27;[32mSave 2b1055d5-e44a-43b8-8f51-252b519363d3(uuid386)
сент. 16, 2025 8:21:56 PM webapp.storage.AbstractStorage save
INFO: &amp#27;[32mSave 1611b6cb-86c6-43c4-91f0-e0c766d622a6(uuid387)
сент. 16, 2025 8:21:56 PM webapp.storage.AbstractStorage save
INFO: &amp#27;[32mSave 58a1275f-877a-466f-8977-087539f3fba8(uuid388)
сент. 16, 2025 8:21:56 PM webapp.storage.AbstractStorage save
INFO: &amp#27;[32mSave 11406f89-e6be-4861-90ff-200ded66f96c(uuid389)
сент. 16, 2025 8:21:56 PM webapp.storage.AbstractStorage save
INFO: &amp#27;[32mSave 05fc952d-20bb-434a-87cc-3d88917f96eb(uuid390)
сент. 16, 2025 8:21:56 PM webapp.storage.AbstractStorage save
INFO: &amp#27;[32mSave f3ba9699-e4fc-4585-b48f-94ff84a4f43a(uuid391)
сент. 16, 2025 8:21:56 PM webapp.storage.AbstractStorage save
INFO: &amp#27;[32mSave d57d6a73-a308-4fd4-a319-3b9531d9e4e7(uuid392)
сент. 16, 2025 8:21:56 PM webapp.storage.AbstractStorage save
INFO: &amp#27;[32mSave f9d1bcee-7bea-4f9c-94c8-df89e22ba0fd(uuid393)
сент. 16, 2025 8:21:56 PM webapp.storage.AbstractStorage save
INFO: &amp#27;[32mSave 90f70781-26e6-4628-b1f7-e04f83afa2b1(uuid394)
сент. 16, 2025 8:21:56 PM webapp.storage.AbstractStorage save
INFO: &amp#27;[32mSave ec93d810-c3e5-4260-9362-8958d71a3232(uuid395)
сент. 16, 2025 8:21:56 PM webapp.storage.AbstractStorage save
INFO: &amp#27;[32mSave f14cbbb2-56b8-421b-bbe6-432ef9a97fcf(uuid396)
сент. 16, 2025 8:21:56 PM webapp.storage.AbstractStorage save
INFO: &amp#27;[32mSave cfe89580-4be0-4bbe-bab5-d72904a273af(uuid397)
сент. 16, 2025 8:21:56 PM webapp.storage.AbstractStorage save
INFO: &amp#27;[32mSave 3ef5631b-6f9a-4949-9a81-564e2385e430(uuid398)
сент. 16, 2025 8:21:56 PM webapp.storage.AbstractStorage save
INFO: &amp#27;[32mSave 7283a06f-ec4d-416b-a0a5-7c8cea03f88a(uuid399)
сент. 16, 2025 8:21:56 PM webapp.storage.AbstractStorage save
INFO: &amp#27;[32mSave 74591ea6-2f96-415b-b15b-da2fa4135497(uuid400)
сент. 16, 2025 8:21:56 PM webapp.storage.AbstractStorage save
INFO: &amp#27;[32mSave f5d08264-2980-4f46-b804-b0fb333010c7(uuid401)
сент. 16, 2025 8:21:56 PM webapp.storage.AbstractStorage save
INFO: &amp#27;[32mSave 1f47f6bc-9a55-4ab6-ae37-5b089b8fc08c(uuid402)
сент. 16, 2025 8:21:56 PM webapp.storage.AbstractStorage save
INFO: &amp#27;[32mSave a380bbeb-514c-44ce-86fc-5f6ffea8852a(uuid403)
сент. 16, 2025 8:21:56 PM webapp.storage.AbstractStorage save
INFO: &amp#27;[32mSave f5a32327-06a2-469e-8dbc-a1dde843b140(uuid404)
сент. 16, 2025 8:21:56 PM webapp.storage.AbstractStorage save
INFO: &amp#27;[32mSave 05c1150d-ff38-4c6d-9328-3bcbcc2bafa7(uuid405)
сент. 16, 2025 8:21:56 PM webapp.storage.AbstractStorage save
INFO: &amp#27;[32mSave eb4badcd-2668-40b6-8839-dbd4e3f11ee9(uuid406)
сент. 16, 2025 8:21:56 PM webapp.storage.AbstractStorage save
INFO: &amp#27;[32mSave e32e61fd-9a51-4492-b352-17f6959237d7(uuid407)
сент. 16, 2025 8:21:56 PM webapp.storage.AbstractStorage save
INFO: &amp#27;[32mSave 7792da34-7a25-40c3-8dda-8bc236f1d080(uuid408)
сент. 16, 2025 8:21:56 PM webapp.storage.AbstractStorage save
INFO: &amp#27;[32mSave 03d57f07-3b52-4ca0-8dca-32c8db15e7d7(uuid409)
сент. 16, 2025 8:21:56 PM webapp.storage.AbstractStorage save
INFO: &amp#27;[32mSave 8e6b6a4a-ab58-4c67-885c-db3dd2c25c8d(uuid410)
сент. 16, 2025 8:21:56 PM webapp.storage.AbstractStorage save
INFO: &amp#27;[32mSave 966cec1d-43b7-4ce4-ba1b-87ce50d9cc38(uuid411)
сент. 16, 2025 8:21:56 PM webapp.storage.AbstractStorage save
INFO: &amp#27;[32mSave 1f52f63c-8801-42b3-b4d6-ebd495b139f0(uuid412)
сент. 16, 2025 8:21:56 PM webapp.storage.AbstractStorage save
INFO: &amp#27;[32mSave 8d43cff3-50bf-4867-a44b-c124eb474692(uuid413)
сент. 16, 2025 8:21:56 PM webapp.storage.AbstractStorage save
INFO: &amp#27;[32mSave 0ff370e9-0618-479a-8340-fccc017443e9(uuid414)
сент. 16, 2025 8:21:56 PM webapp.storage.AbstractStorage save
INFO: &amp#27;[32mSave 7b50de4e-b775-4357-ac12-3005206dafb5(uuid415)
сент. 16, 2025 8:21:56 PM webapp.storage.AbstractStorage save
INFO: &amp#27;[32mSave 7cfd2ffc-eca7-4379-8bcc-b0128b505688(uuid416)
сент. 16, 2025 8:21:56 PM webapp.storage.AbstractStorage save
INFO: &amp#27;[32mSave 6dfddb80-19aa-43af-804e-0ebaf25b9732(uuid417)
сент. 16, 2025 8:21:56 PM webapp.storage.AbstractStorage save
INFO: &amp#27;[32mSave 089b07ec-379f-4927-ae61-64b2e98dc99a(uuid418)
сент. 16, 2025 8:21:56 PM webapp.storage.AbstractStorage save
INFO: &amp#27;[32mSave 357227b0-05b9-457d-8d26-31776fa558c5(uuid419)
сент. 16, 2025 8:21:56 PM webapp.storage.AbstractStorage save
INFO: &amp#27;[32mSave 048b187e-3bfd-4375-8407-d2672ee262f7(uuid420)
сент. 16, 2025 8:21:56 PM webapp.storage.AbstractStorage save
INFO: &amp#27;[32mSave bce814fb-bc82-456f-a31d-88d1016709f4(uuid421)
сент. 16, 2025 8:21:56 PM webapp.storage.AbstractStorage save
INFO: &amp#27;[32mSave 2e7d9e52-9ef3-437a-81e8-906799174b7e(uuid422)
сент. 16, 2025 8:21:56 PM webapp.storage.AbstractStorage save
INFO: &amp#27;[32mSave 0a27c9fe-5a34-446c-bb96-a66495fd40c5(uuid423)
сент. 16, 2025 8:21:56 PM webapp.storage.AbstractStorage save
INFO: &amp#27;[32mSave 872d6068-6de0-4042-9c9e-6c5e6a4115e3(uuid424)
сент. 16, 2025 8:21:56 PM webapp.storage.AbstractStorage save
INFO: &amp#27;[32mSave 70ecb1a6-6c66-463e-abca-72c8325a1617(uuid425)
сент. 16, 2025 8:21:56 PM webapp.storage.AbstractStorage save
INFO: &amp#27;[32mSave 2ef75ca5-2d2c-4191-906c-2cce9e848e85(uuid426)
сент. 16, 2025 8:21:56 PM webapp.storage.AbstractStorage save
INFO: &amp#27;[32mSave 15a6444f-86b7-4b7b-a533-f574e317d840(uuid427)
сент. 16, 2025 8:21:56 PM webapp.storage.AbstractStorage save
INFO: &amp#27;[32mSave 53aa3a66-440c-4d4a-859a-3d9ceac43c3f(uuid428)
сент. 16, 2025 8:21:56 PM webapp.storage.AbstractStorage save
INFO: &amp#27;[32mSave 6601d827-3539-4ae0-b439-37dbe2f3835d(uuid429)
сент. 16, 2025 8:21:56 PM webapp.storage.AbstractStorage save
INFO: &amp#27;[32mSave 91bbc9e6-4de1-4027-b545-9f45dac3673c(uuid430)
сент. 16, 2025 8:21:56 PM webapp.storage.AbstractStorage save
INFO: &amp#27;[32mSave be887d0a-8c4c-4602-bc44-aef17ede4c6b(uuid431)
сент. 16, 2025 8:21:56 PM webapp.storage.AbstractStorage save
INFO: &amp#27;[32mSave 073ff37c-6bec-41ef-b3e9-c219e2ab27e2(uuid432)
сент. 16, 2025 8:21:56 PM webapp.storage.AbstractStorage save
INFO: &amp#27;[32mSave 41618e52-7a3a-4f4e-8a89-3a73c3bb6ffb(uuid433)
сент. 16, 2025 8:21:56 PM webapp.storage.AbstractStorage save
INFO: &amp#27;[32mSave 1c945cf2-8030-46b1-8329-ca26e62aca85(uuid434)
сент. 16, 2025 8:21:56 PM webapp.storage.AbstractStorage save
INFO: &amp#27;[32mSave 333b0c70-d82d-4d77-817d-b3933fd833a4(uuid435)
сент. 16, 2025 8:21:56 PM webapp.storage.AbstractStorage save
INFO: &amp#27;[32mSave fb03bf51-2f49-42d5-b62c-923bbe2e8e4a(uuid436)
сент. 16, 2025 8:21:56 PM webapp.storage.AbstractStorage save
INFO: &amp#27;[32mSave 59ceb3cf-0a7e-462a-9bca-6b268bbefc42(uuid437)
сент. 16, 2025 8:21:56 PM webapp.storage.AbstractStorage save
INFO: &amp#27;[32mSave 7c3f43db-491f-4987-83e4-7e1d614e631c(uuid438)
сент. 16, 2025 8:21:56 PM webapp.storage.AbstractStorage save
INFO: &amp#27;[32mSave 1a696a96-6402-4613-95c2-c3cc6217bae5(uuid439)
сент. 16, 2025 8:21:56 PM webapp.storage.AbstractStorage save
INFO: &amp#27;[32mSave 9dd0b84e-9433-476b-a9f0-cad12f47b835(uuid440)
сент. 16, 2025 8:21:56 PM webapp.storage.AbstractStorage save
INFO: &amp#27;[32mSave f1e57844-b35a-47f2-80a7-a818da59b8ab(uuid441)
сент. 16, 2025 8:21:56 PM webapp.storage.AbstractStorage save
INFO: &amp#27;[32mSave 05e37f4a-549e-4dd7-8ab0-dc346dda50e9(uuid442)
сент. 16, 2025 8:21:56 PM webapp.storage.AbstractStorage save
INFO: &amp#27;[32mSave 2f30e603-24c8-47f9-84af-258fb0071dfa(uuid443)
сент. 16, 2025 8:21:56 PM webapp.storage.AbstractStorage save
INFO: &amp#27;[32mSave 50eead9e-7772-40f0-95df-2bc8c76b0676(uuid444)
сент. 16, 2025 8:21:56 PM webapp.storage.AbstractStorage save
INFO: &amp#27;[32mSave bdc4e14c-59bc-414a-8c92-0fbdccdbabed(uuid445)
сент. 16, 2025 8:21:56 PM webapp.storage.AbstractStorage save
INFO: &amp#27;[32mSave 272c2e2c-4f3a-40f9-b29a-355007564987(uuid446)
сент. 16, 2025 8:21:56 PM webapp.storage.AbstractStorage save
INFO: &amp#27;[32mSave 3395481f-e37b-46c5-8992-c5209bff9534(uuid447)
сент. 16, 2025 8:21:56 PM webapp.storage.AbstractStorage save
INFO: &amp#27;[32mSave 04ffc1d0-be98-4aa3-9d3e-dc0f59324998(uuid448)
сент. 16, 2025 8:21:56 PM webapp.storage.AbstractStorage save
INFO: &amp#27;[32mSave f30975c2-de64-4d40-b63a-ebe8dd076440(uuid449)
сент. 16, 2025 8:21:56 PM webapp.storage.AbstractStorage save
INFO: &amp#27;[32mSave 7e5b25bb-1fd4-4db0-9a43-a2c7064670f8(uuid450)
сент. 16, 2025 8:21:56 PM webapp.storage.AbstractStorage save
INFO: &amp#27;[32mSave a41b6c07-7283-45b4-b070-0fabe780149b(uuid451)
сент. 16, 2025 8:21:56 PM webapp.storage.AbstractStorage save
INFO: &amp#27;[32mSave 6dcd7b9c-a056-4d94-9aa2-1183575cd5e1(uuid452)
сент. 16, 2025 8:21:56 PM webapp.storage.AbstractStorage save
INFO: &amp#27;[32mSave 7ccc9b79-5c13-42c8-830e-edcf831e740d(uuid453)
сент. 16, 2025 8:21:56 PM webapp.storage.AbstractStorage save
INFO: &amp#27;[32mSave 2e5f809a-9c5b-495d-8902-4645d0da5f9d(uuid454)
сент. 16, 2025 8:21:56 PM webapp.storage.AbstractStorage save
INFO: &amp#27;[32mSave 632a4fee-84fd-47f7-a79c-981e155b1a78(uuid455)
сент. 16, 2025 8:21:56 PM webapp.storage.AbstractStorage save
INFO: &amp#27;[32mSave 143f0ac6-ea65-4d5e-8d93-f6348c9b5b34(uuid456)
сент. 16, 2025 8:21:56 PM webapp.storage.AbstractStorage save
INFO: &amp#27;[32mSave 9a5a0c89-acdf-4a97-b5d9-3be33105dba6(uuid457)
сент. 16, 2025 8:21:56 PM webapp.storage.AbstractStorage save
INFO: &amp#27;[32mSave e3c202e2-323d-4284-bcd9-a64795dc8da2(uuid458)
сент. 16, 2025 8:21:56 PM webapp.storage.AbstractStorage save
INFO: &amp#27;[32mSave 323974c8-decd-4748-8e90-8fb4c5695668(uuid459)
сент. 16, 2025 8:21:56 PM webapp.storage.AbstractStorage save
INFO: &amp#27;[32mSave 4d530567-00d5-426e-86f3-ee9136d665da(uuid460)
сент. 16, 2025 8:21:56 PM webapp.storage.AbstractStorage save
INFO: &amp#27;[32mSave 977b76bd-668b-4619-b3e9-4dfa7703412b(uuid461)
сент. 16, 2025 8:21:56 PM webapp.storage.AbstractStorage save
INFO: &amp#27;[32mSave ebd8c6d9-a0c7-4c28-a323-1a6d0bf0246d(uuid462)
сент. 16, 2025 8:21:56 PM webapp.storage.AbstractStorage save
INFO: &amp#27;[32mSave 5d35424d-6d47-4836-aa64-ed2a4fa3d9a8(uuid463)
сент. 16, 2025 8:21:56 PM webapp.storage.AbstractStorage save
INFO: &amp#27;[32mSave 2f334327-869d-4351-939e-afa7668867c3(uuid464)
сент. 16, 2025 8:21:56 PM webapp.storage.AbstractStorage save
INFO: &amp#27;[32mSave cd3f34f6-764c-4034-96c8-b519e8638857(uuid465)
сент. 16, 2025 8:21:56 PM webapp.storage.AbstractStorage save
INFO: &amp#27;[32mSave 0cee630a-1375-4ead-a77b-d268d0e8cef9(uuid466)
сент. 16, 2025 8:21:56 PM webapp.storage.AbstractStorage save
INFO: &amp#27;[32mSave 32fe7124-ffee-442d-80fa-649bad61c4e3(uuid467)
сент. 16, 2025 8:21:56 PM webapp.storage.AbstractStorage save
INFO: &amp#27;[32mSave 3eb5fe4f-3779-4739-ab31-1eb8b3b16c79(uuid468)
сент. 16, 2025 8:21:56 PM webapp.storage.AbstractStorage save
INFO: &amp#27;[32mSave 3b9439bc-cf2d-4ade-aaf0-2083c0923670(uuid469)
сент. 16, 2025 8:21:56 PM webapp.storage.AbstractStorage save
INFO: &amp#27;[32mSave 5ff308c9-2acb-46c4-82f7-bf0d88699a4b(uuid470)
сент. 16, 2025 8:21:56 PM webapp.storage.AbstractStorage save
INFO: &amp#27;[32mSave 8ce513b5-db47-480a-b392-000278e85ed3(uuid471)
сент. 16, 2025 8:21:56 PM webapp.storage.AbstractStorage save
INFO: &amp#27;[32mSave 3f5c01ad-bedb-4ee6-a5a0-3b6b5566e512(uuid472)
сент. 16, 2025 8:21:56 PM webapp.storage.AbstractStorage save
INFO: &amp#27;[32mSave 102f6382-d9b5-461a-b11e-43002f6fda31(uuid473)
сент. 16, 2025 8:21:56 PM webapp.storage.AbstractStorage save
INFO: &amp#27;[32mSave c4afe52b-db5a-48f5-8664-17a3830dd32e(uuid474)
сент. 16, 2025 8:21:56 PM webapp.storage.AbstractStorage save
INFO: &amp#27;[32mSave 54cd888f-e66b-4483-a3cf-01b71f61ff11(uuid475)
сент. 16, 2025 8:21:56 PM webapp.storage.AbstractStorage save
INFO: &amp#27;[32mSave a7ffb007-49a4-42af-a60c-24d84ef436e4(uuid476)
сент. 16, 2025 8:21:56 PM webapp.storage.AbstractStorage save
INFO: &amp#27;[32mSave 508e226e-2354-400d-85bc-94356cd8c0ac(uuid477)
сент. 16, 2025 8:21:56 PM webapp.storage.AbstractStorage save
INFO: &amp#27;[32mSave a6fce005-9196-4f9b-8100-1999b53ceafb(uuid478)
сент. 16, 2025 8:21:56 PM webapp.storage.AbstractStorage save
INFO: &amp#27;[32mSave 23b38bd9-5c7c-4fbf-836b-d98d62b8636a(uuid479)
сент. 16, 2025 8:21:56 PM webapp.storage.AbstractStorage save
INFO: &amp#27;[32mSave 8ce940ae-9a9a-4c48-a408-aa885129e9ed(uuid480)
сент. 16, 2025 8:21:56 PM webapp.storage.AbstractStorage save
INFO: &amp#27;[32mSave a792a526-7fa5-4354-9ea2-5a6ded6c7647(uuid481)
сент. 16, 2025 8:21:56 PM webapp.storage.AbstractStorage save
INFO: &amp#27;[32mSave e7602e2e-dc26-48ff-9e7a-604531f2b02a(uuid482)
сент. 16, 2025 8:21:56 PM webapp.storage.AbstractStorage save
INFO: &amp#27;[32mSave 5044e569-aaa5-4318-9d33-9f09fa56011e(uuid483)
сент. 16, 2025 8:21:56 PM webapp.storage.AbstractStorage save
INFO: &amp#27;[32mSave 4094b338-039b-49d9-bd07-afed2f343eb7(uuid484)
сент. 16, 2025 8:21:56 PM webapp.storage.AbstractStorage save
INFO: &amp#27;[32mSave 080f83db-e542-4ae0-a8c0-bee976de79ad(uuid485)
сент. 16, 2025 8:21:56 PM webapp.storage.AbstractStorage save
INFO: &amp#27;[32mSave df91736f-f2d0-481c-b810-6d04ba3cfa6c(uuid486)
сент. 16, 2025 8:21:56 PM webapp.storage.AbstractStorage save
INFO: &amp#27;[32mSave eb38ba14-6be9-4585-91e5-6e6f8192693a(uuid487)
сент. 16, 2025 8:21:56 PM webapp.storage.AbstractStorage save
INFO: &amp#27;[32mSave aa7bf093-a75b-47f1-b851-e93b74afa363(uuid488)
сент. 16, 2025 8:21:56 PM webapp.storage.AbstractStorage save
INFO: &amp#27;[32mSave a9750fe9-f877-4387-8aa5-2bf0ac3575dd(uuid489)
сент. 16, 2025 8:21:56 PM webapp.storage.AbstractStorage save
INFO: &amp#27;[32mSave 6d6d9f1e-49b0-4b24-88e6-45d68aead178(uuid490)
сент. 16, 2025 8:21:56 PM webapp.storage.AbstractStorage save
INFO: &amp#27;[32mSave e55968c0-2fe0-4639-a255-7119e8f329f1(uuid491)
сент. 16, 2025 8:21:56 PM webapp.storage.AbstractStorage save
INFO: &amp#27;[32mSave 03fdcaf8-5e06-4a01-908f-331fdcf623aa(uuid492)
сент. 16, 2025 8:21:56 PM webapp.storage.AbstractStorage save
INFO: &amp#27;[32mSave 3993ed28-e010-48e9-921e-70d6ffafbc8a(uuid493)
сент. 16, 2025 8:21:56 PM webapp.storage.AbstractStorage save
INFO: &amp#27;[32mSave 60a72d4a-e4af-409a-8218-9948d613c5f1(uuid494)
сент. 16, 2025 8:21:56 PM webapp.storage.AbstractStorage save
INFO: &amp#27;[32mSave b3f5f91b-e126-48e5-9a04-464ebe88f784(uuid495)
сент. 16, 2025 8:21:56 PM webapp.storage.AbstractStorage save
INFO: &amp#27;[32mSave 368e34a7-198e-41a8-80f1-1e7d1b6bb4aa(uuid496)
сент. 16, 2025 8:21:56 PM webapp.storage.AbstractStorage save
INFO: &amp#27;[32mSave c6e9fb17-0488-4c54-8bcd-e76d3ed4ea2b(uuid497)
сент. 16, 2025 8:21:56 PM webapp.storage.AbstractStorage save
INFO: &amp#27;[32mSave fb2fcc19-4471-4376-b088-56d01cf92cb5(uuid498)
сент. 16, 2025 8:21:56 PM webapp.storage.AbstractStorage save
INFO: &amp#27;[32mSave 523fac67-d92c-453c-b0c1-f5b03a36a039(uuid499)
сент. 16, 2025 8:21:56 PM webapp.storage.AbstractStorage save
INFO: &amp#27;[32mSave 6e99b2ee-b240-436a-a26b-e62083dc3f30(uuid500)
сент. 16, 2025 8:21:56 PM webapp.storage.AbstractStorage save
INFO: &amp#27;[32mSave 56203320-0e00-4ced-a734-5629ec82372f(uuid501)
сент. 16, 2025 8:21:56 PM webapp.storage.AbstractStorage save
INFO: &amp#27;[32mSave 8b4e175c-111b-46d0-a393-144a80ce975a(uuid502)
сент. 16, 2025 8:21:56 PM webapp.storage.AbstractStorage save
INFO: &amp#27;[32mSave cbd43e6a-5a49-45d6-9cc3-ca26ba3d78c6(uuid503)
сент. 16, 2025 8:21:56 PM webapp.storage.AbstractStorage save
INFO: &amp#27;[32mSave 2b311065-0d2f-415a-8394-1d814769ff53(uuid504)
сент. 16, 2025 8:21:56 PM webapp.storage.AbstractStorage save
INFO: &amp#27;[32mSave 8ff1fdfd-7bd7-4b46-bbdf-fcf9230be36d(uuid505)
сент. 16, 2025 8:21:56 PM webapp.storage.AbstractStorage save
INFO: &amp#27;[32mSave 38cc8c16-f73c-4dd8-b492-0c989e7d5e98(uuid506)
сент. 16, 2025 8:21:56 PM webapp.storage.AbstractStorage save
INFO: &amp#27;[32mSave 7dc02561-6268-4364-bb25-ab5af9ede633(uuid507)
сент. 16, 2025 8:21:56 PM webapp.storage.AbstractStorage save
INFO: &amp#27;[32mSave cbff60d2-f29e-44cd-abaf-67dd803da39a(uuid508)
сент. 16, 2025 8:21:56 PM webapp.storage.AbstractStorage save
INFO: &amp#27;[32mSave 65b88f2a-042a-490a-a4de-991adcaf68be(uuid509)
сент. 16, 2025 8:21:56 PM webapp.storage.AbstractStorage save
INFO: &amp#27;[32mSave 239f77e0-fc50-4e5d-9e43-8be234aab97e(uuid510)
сент. 16, 2025 8:21:56 PM webapp.storage.AbstractStorage save
INFO: &amp#27;[32mSave c200be29-a9be-4cbf-accd-698445c4cf31(uuid511)
сент. 16, 2025 8:21:56 PM webapp.storage.AbstractStorage save
INFO: &amp#27;[32mSave a6ef346e-fd5c-4c8d-9c96-a6b22acbdeb4(uuid512)
сент. 16, 2025 8:21:56 PM webapp.storage.AbstractStorage save
INFO: &amp#27;[32mSave b4b6aeb9-b219-4c1d-84ca-dd3154a98329(uuid513)
сент. 16, 2025 8:21:56 PM webapp.storage.AbstractStorage save
INFO: &amp#27;[32mSave dc88b448-5e33-4ffe-a4f1-d5f79f88744c(uuid514)
сент. 16, 2025 8:21:56 PM webapp.storage.AbstractStorage save
INFO: &amp#27;[32mSave b477aeaf-ba4f-4373-a766-ea624a495a9b(uuid515)
сент. 16, 2025 8:21:56 PM webapp.storage.AbstractStorage save
INFO: &amp#27;[32mSave b4c33086-6002-46c9-98c1-6d980f31c927(uuid516)
сент. 16, 2025 8:21:56 PM webapp.storage.AbstractStorage save
INFO: &amp#27;[32mSave f3f13960-4adf-475c-ae52-e67466c13608(uuid517)
сент. 16, 2025 8:21:56 PM webapp.storage.AbstractStorage save
INFO: &amp#27;[32mSave 16bfe057-1f01-4a3f-86bc-742ef12fa2b9(uuid518)
сент. 16, 2025 8:21:56 PM webapp.storage.AbstractStorage save
INFO: &amp#27;[32mSave 6bfb9096-3aed-4bb0-a242-ccd3e2b0939b(uuid519)
сент. 16, 2025 8:21:56 PM webapp.storage.AbstractStorage save
INFO: &amp#27;[32mSave 220bb916-b61e-404d-8f97-b0175e688b97(uuid520)
сент. 16, 2025 8:21:56 PM webapp.storage.AbstractStorage save
INFO: &amp#27;[32mSave 60e5821b-8743-490b-bfd3-5cd17881ab59(uuid521)
сент. 16, 2025 8:21:56 PM webapp.storage.AbstractStorage save
INFO: &amp#27;[32mSave 92d832e9-a0ad-474f-b658-e58ce4ea3c6e(uuid522)
сент. 16, 2025 8:21:56 PM webapp.storage.AbstractStorage save
INFO: &amp#27;[32mSave 449cffbe-6ef4-45ae-a480-8db279d208a6(uuid523)
сент. 16, 2025 8:21:56 PM webapp.storage.AbstractStorage save
INFO: &amp#27;[32mSave 01d8a8f6-6070-4eaf-ad52-a20b235075e6(uuid524)
сент. 16, 2025 8:21:56 PM webapp.storage.AbstractStorage save
INFO: &amp#27;[32mSave 280d7d86-3d94-4a17-a90b-601031379ba1(uuid525)
сент. 16, 2025 8:21:56 PM webapp.storage.AbstractStorage save
INFO: &amp#27;[32mSave 802104f1-6d85-4c7b-b1e5-2e2480417fd0(uuid526)
сент. 16, 2025 8:21:56 PM webapp.storage.AbstractStorage save
INFO: &amp#27;[32mSave c975ca10-b7b7-4150-9149-5930093ef60f(uuid527)
сент. 16, 2025 8:21:56 PM webapp.storage.AbstractStorage save
INFO: &amp#27;[32mSave 063c32b5-7b34-424d-bcb2-21c3f040f085(uuid528)
сент. 16, 2025 8:21:56 PM webapp.storage.AbstractStorage save
INFO: &amp#27;[32mSave 1c71eafa-86f4-452d-af5c-bc8f032d36c7(uuid529)
сент. 16, 2025 8:21:56 PM webapp.storage.AbstractStorage save
INFO: &amp#27;[32mSave 288abe41-7675-406a-9d22-739e5db3ffc1(uuid530)
сент. 16, 2025 8:21:56 PM webapp.storage.AbstractStorage save
INFO: &amp#27;[32mSave 5899b1df-cecb-4100-835f-fbf4ead54ffe(uuid531)
сент. 16, 2025 8:21:56 PM webapp.storage.AbstractStorage save
INFO: &amp#27;[32mSave b3aec24c-7ece-4b73-bd20-6c56e2e72e9c(uuid532)
сент. 16, 2025 8:21:56 PM webapp.storage.AbstractStorage save
INFO: &amp#27;[32mSave 9ccd9711-30fa-45ec-84e4-294139f1df76(uuid533)
сент. 16, 2025 8:21:56 PM webapp.storage.AbstractStorage save
INFO: &amp#27;[32mSave c15c9047-5333-4ec4-9fac-666762d20884(uuid534)
сент. 16, 2025 8:21:56 PM webapp.storage.AbstractStorage save
INFO: &amp#27;[32mSave 2cfe429e-c8ca-40b8-9814-adfae94d8bd2(uuid535)
сент. 16, 2025 8:21:56 PM webapp.storage.AbstractStorage save
INFO: &amp#27;[32mSave d28d2491-1b02-4afc-ae19-aceb45267997(uuid536)
сент. 16, 2025 8:21:56 PM webapp.storage.AbstractStorage save
INFO: &amp#27;[32mSave bdf59961-1261-421f-a47d-fc9e8c8d6fa5(uuid537)
сент. 16, 2025 8:21:56 PM webapp.storage.AbstractStorage save
INFO: &amp#27;[32mSave e6b2a978-c0a6-4fa7-bda1-4e6978ca21d9(uuid538)
сент. 16, 2025 8:21:56 PM webapp.storage.AbstractStorage save
INFO: &amp#27;[32mSave dee40675-6cfe-4d78-9428-9fdf1605298c(uuid539)
сент. 16, 2025 8:21:56 PM webapp.storage.AbstractStorage save
INFO: &amp#27;[32mSave 56420585-2101-4d19-a5e8-973107aa4e8d(uuid540)
сент. 16, 2025 8:21:56 PM webapp.storage.AbstractStorage save
INFO: &amp#27;[32mSave f057188a-41b4-44b7-b741-d7aafc562637(uuid541)
сент. 16, 2025 8:21:56 PM webapp.storage.AbstractStorage save
INFO: &amp#27;[32mSave 45189424-0d75-467c-b444-f34b0a886ed9(uuid542)
сент. 16, 2025 8:21:56 PM webapp.storage.AbstractStorage save
INFO: &amp#27;[32mSave d3a649cd-5328-4d7a-924f-05018f66c741(uuid543)
сент. 16, 2025 8:21:56 PM webapp.storage.AbstractStorage save
INFO: &amp#27;[32mSave 9983654b-d5f0-4ff9-bc03-c5439be4e6d3(uuid544)
сент. 16, 2025 8:21:56 PM webapp.storage.AbstractStorage save
INFO: &amp#27;[32mSave cd7539ca-7a81-400f-b516-021c4c19c067(uuid545)
сент. 16, 2025 8:21:56 PM webapp.storage.AbstractStorage save
INFO: &amp#27;[32mSave 0aa6e65e-2db5-4356-9efe-a28b953383df(uuid546)
сент. 16, 2025 8:21:56 PM webapp.storage.AbstractStorage save
INFO: &amp#27;[32mSave 2e5b129f-f5e5-400a-9f65-97eaa08ae5eb(uuid547)
сент. 16, 2025 8:21:56 PM webapp.storage.AbstractStorage save
INFO: &amp#27;[32mSave c22d8ce6-af64-4397-829c-d190153ecff9(uuid548)
сент. 16, 2025 8:21:56 PM webapp.storage.AbstractStorage save
INFO: &amp#27;[32mSave db6cccde-c431-498c-890e-2e092b92e924(uuid549)
сент. 16, 2025 8:21:56 PM webapp.storage.AbstractStorage save
INFO: &amp#27;[32mSave cfc946cf-3b19-4b53-a30e-b0957a9c9600(uuid550)
сент. 16, 2025 8:21:56 PM webapp.storage.AbstractStorage save
INFO: &amp#27;[32mSave 63106bdd-fc48-4bf2-abb4-d8d69fc6c82d(uuid551)
сент. 16, 2025 8:21:56 PM webapp.storage.AbstractStorage save
INFO: &amp#27;[32mSave e34fb62a-d078-400f-aeac-8e2a3e8bcb53(uuid552)
сент. 16, 2025 8:21:56 PM webapp.storage.AbstractStorage save
INFO: &amp#27;[32mSave 8c05fa23-b8fe-4b70-95c9-01a7eb525da6(uuid553)
сент. 16, 2025 8:21:56 PM webapp.storage.AbstractStorage save
INFO: &amp#27;[32mSave acdb07ee-247f-4d90-aa0d-4e3c2ae7bba6(uuid554)
сент. 16, 2025 8:21:56 PM webapp.storage.AbstractStorage save
INFO: &amp#27;[32mSave e0463bfd-d53a-4f33-8b6e-a0decd70fed3(uuid555)
сент. 16, 2025 8:21:56 PM webapp.storage.AbstractStorage save
INFO: &amp#27;[32mSave fc6d4f1b-d870-4727-8f42-9f2068ecf595(uuid556)
сент. 16, 2025 8:21:56 PM webapp.storage.AbstractStorage save
INFO: &amp#27;[32mSave bba15911-afee-45f6-b175-2338289e40bf(uuid557)
сент. 16, 2025 8:21:56 PM webapp.storage.AbstractStorage save
INFO: &amp#27;[32mSave be37da05-5589-4269-949f-f3f50274d076(uuid558)
сент. 16, 2025 8:21:56 PM webapp.storage.AbstractStorage save
INFO: &amp#27;[32mSave 0bc23bfe-6e00-46e8-9688-78cf7e93667c(uuid559)
сент. 16, 2025 8:21:56 PM webapp.storage.AbstractStorage save
INFO: &amp#27;[32mSave aa1330aa-629c-4c47-abf1-6b6004317125(uuid560)
сент. 16, 2025 8:21:56 PM webapp.storage.AbstractStorage save
INFO: &amp#27;[32mSave 1a117626-a998-4625-8812-bee4ecfdd745(uuid561)
сент. 16, 2025 8:21:56 PM webapp.storage.AbstractStorage save
INFO: &amp#27;[32mSave 9ae17a7c-c58b-4a71-b288-dbf20aeda4f6(uuid562)
сент. 16, 2025 8:21:56 PM webapp.storage.AbstractStorage save
INFO: &amp#27;[32mSave 7232ad06-61c7-49e4-b0cf-6ad3f649031a(uuid563)
сент. 16, 2025 8:21:56 PM webapp.storage.AbstractStorage save
INFO: &amp#27;[32mSave bc7cef8c-9c8e-4a2c-9454-950aba5c758c(uuid564)
сент. 16, 2025 8:21:56 PM webapp.storage.AbstractStorage save
INFO: &amp#27;[32mSave 79abdbdc-785c-448b-aa26-93fed9ffb6de(uuid565)
сент. 16, 2025 8:21:56 PM webapp.storage.AbstractStorage save
INFO: &amp#27;[32mSave e30f43da-9a18-4420-aad6-d9f4d773a58e(uuid566)
сент. 16, 2025 8:21:56 PM webapp.storage.AbstractStorage save
INFO: &amp#27;[32mSave df098e0f-3efc-4ec7-a08e-86d28356af55(uuid567)
сент. 16, 2025 8:21:56 PM webapp.storage.AbstractStorage save
INFO: &amp#27;[32mSave bc134898-f3f1-4fad-84cb-62d77acf3128(uuid568)
сент. 16, 2025 8:21:56 PM webapp.storage.AbstractStorage save
INFO: &amp#27;[32mSave d4416840-3c43-4c82-b692-049d75df4ea8(uuid569)
сент. 16, 2025 8:21:56 PM webapp.storage.AbstractStorage save
INFO: &amp#27;[32mSave 65b6ab1f-87fd-4fc5-ba26-19dc14eb3e8e(uuid570)
сент. 16, 2025 8:21:56 PM webapp.storage.AbstractStorage save
INFO: &amp#27;[32mSave d69bc1eb-b8ab-4435-a59b-80378a4664b7(uuid571)
сент. 16, 2025 8:21:56 PM webapp.storage.AbstractStorage save
INFO: &amp#27;[32mSave 28633676-ca11-4e01-8c24-de4ac80d107c(uuid572)
сент. 16, 2025 8:21:56 PM webapp.storage.AbstractStorage save
INFO: &amp#27;[32mSave 90c52031-cc97-495f-bc6a-db64982b58fb(uuid573)
сент. 16, 2025 8:21:57 PM webapp.storage.AbstractStorage save
INFO: &amp#27;[32mSave cfdef9f7-0e5d-410d-9147-7bfc3c34ff4f(uuid574)
сент. 16, 2025 8:21:57 PM webapp.storage.AbstractStorage save
INFO: &amp#27;[32mSave 02d8f516-573f-4a0e-91d5-748340ac1c7b(uuid575)
сент. 16, 2025 8:21:57 PM webapp.storage.AbstractStorage save
INFO: &amp#27;[32mSave 309f4f57-9163-4c91-8cef-6c61fe02acdf(uuid576)
сент. 16, 2025 8:21:57 PM webapp.storage.AbstractStorage save
INFO: &amp#27;[32mSave ccca7f86-c6e5-49b8-8d79-98097698152f(uuid577)
сент. 16, 2025 8:21:57 PM webapp.storage.AbstractStorage save
INFO: &amp#27;[32mSave 5922e82e-1128-4c9e-9b67-b067b7ef6b9c(uuid578)
сент. 16, 2025 8:21:57 PM webapp.storage.AbstractStorage save
INFO: &amp#27;[32mSave c4e96fc8-b173-4bf9-850f-7fddccc1373d(uuid579)
сент. 16, 2025 8:21:57 PM webapp.storage.AbstractStorage save
INFO: &amp#27;[32mSave cc49b89f-cebb-4434-a347-7a104c75dd32(uuid580)
сент. 16, 2025 8:21:57 PM webapp.storage.AbstractStorage save
INFO: &amp#27;[32mSave 010bf92e-4c91-4b0e-a2c8-3199a4b95241(uuid581)
сент. 16, 2025 8:21:57 PM webapp.storage.AbstractStorage save
INFO: &amp#27;[32mSave 7ea66d8a-b2c9-4eb4-a35e-3a5b1471bfa8(uuid582)
сент. 16, 2025 8:21:57 PM webapp.storage.AbstractStorage save
INFO: &amp#27;[32mSave 54f04a09-b6d8-438d-a9c2-cbd43c67d86e(uuid583)
сент. 16, 2025 8:21:57 PM webapp.storage.AbstractStorage save
INFO: &amp#27;[32mSave abd0d79a-eb55-4041-9bb8-d1916530dab0(uuid584)
сент. 16, 2025 8:21:57 PM webapp.storage.AbstractStorage save
INFO: &amp#27;[32mSave 7a16bb6e-7ed6-43dd-bde2-dd6b167643f5(uuid585)
сент. 16, 2025 8:21:57 PM webapp.storage.AbstractStorage save
INFO: &amp#27;[32mSave a7ae1288-28b6-4948-95be-77025d28715a(uuid586)
сент. 16, 2025 8:21:57 PM webapp.storage.AbstractStorage save
INFO: &amp#27;[32mSave 0f686b58-8cf3-4e04-94e1-bc58ff105793(uuid587)
сент. 16, 2025 8:21:57 PM webapp.storage.AbstractStorage save
INFO: &amp#27;[32mSave f7e01eb8-02f4-4ce1-b3b6-96bfd62faf87(uuid588)
сент. 16, 2025 8:21:57 PM webapp.storage.AbstractStorage save
INFO: &amp#27;[32mSave fb2a3341-6a63-4951-bcbd-279377fe5030(uuid589)
сент. 16, 2025 8:21:57 PM webapp.storage.AbstractStorage save
INFO: &amp#27;[32mSave c9ddd8c6-d8d5-41b2-ad4f-4b3cb9b2ea33(uuid590)
сент. 16, 2025 8:21:57 PM webapp.storage.AbstractStorage save
INFO: &amp#27;[32mSave fde14fbe-2d33-493d-92b6-7ca863c6432c(uuid591)
сент. 16, 2025 8:21:57 PM webapp.storage.AbstractStorage save
INFO: &amp#27;[32mSave e1df00c0-b112-4b69-acbd-156337ed198e(uuid592)
сент. 16, 2025 8:21:57 PM webapp.storage.AbstractStorage save
INFO: &amp#27;[32mSave 6b4ffc01-a463-4502-907f-39c86fcf0a6a(uuid593)
сент. 16, 2025 8:21:57 PM webapp.storage.AbstractStorage save
INFO: &amp#27;[32mSave e0d0e1ef-43a2-440e-b6e2-1ffe14807aac(uuid594)
сент. 16, 2025 8:21:57 PM webapp.storage.AbstractStorage save
INFO: &amp#27;[32mSave 11230194-8492-4474-8ab4-16e570bf8215(uuid595)
сент. 16, 2025 8:21:57 PM webapp.storage.AbstractStorage save
INFO: &amp#27;[32mSave d210d837-f56b-4dc9-9c4e-6c81f1190e70(uuid596)
сент. 16, 2025 8:21:57 PM webapp.storage.AbstractStorage save
INFO: &amp#27;[32mSave 9fdd3348-7b20-4570-8d06-7cde8a21f761(uuid597)
сент. 16, 2025 8:21:57 PM webapp.storage.AbstractStorage save
INFO: &amp#27;[32mSave d3b30d60-6c63-4834-ae18-9c585d935a6f(uuid598)
сент. 16, 2025 8:21:57 PM webapp.storage.AbstractStorage save
INFO: &amp#27;[32mSave 6bd00b00-e4ee-498f-bfec-694a5e1c1b3b(uuid599)
сент. 16, 2025 8:21:57 PM webapp.storage.AbstractStorage save
INFO: &amp#27;[32mSave e7e6d02f-56c2-448e-87d1-a54da735ef28(uuid600)
сент. 16, 2025 8:21:57 PM webapp.storage.AbstractStorage save
INFO: &amp#27;[32mSave 093470aa-6355-418a-9c50-c5c45d929b56(uuid601)
сент. 16, 2025 8:21:57 PM webapp.storage.AbstractStorage save
INFO: &amp#27;[32mSave b8395e7a-6ba2-4ec8-86bf-120cc4518f51(uuid602)
сент. 16, 2025 8:21:57 PM webapp.storage.AbstractStorage save
INFO: &amp#27;[32mSave cd80bb1c-5e18-4843-be0b-0e9e82900b9a(uuid603)
сент. 16, 2025 8:21:57 PM webapp.storage.AbstractStorage save
INFO: &amp#27;[32mSave d6f98f0e-45f6-447d-9b1b-b0730e7db934(uuid604)
сент. 16, 2025 8:21:57 PM webapp.storage.AbstractStorage save
INFO: &amp#27;[32mSave c2d7b215-2c4e-472d-b76b-19a36fe19d5f(uuid605)
сент. 16, 2025 8:21:57 PM webapp.storage.AbstractStorage save
INFO: &amp#27;[32mSave c00a4a44-c687-42fb-8fb1-f27e78a73042(uuid606)
сент. 16, 2025 8:21:57 PM webapp.storage.AbstractStorage save
INFO: &amp#27;[32mSave 52d15252-570f-4644-af3e-9f373f021ea3(uuid607)
сент. 16, 2025 8:21:57 PM webapp.storage.AbstractStorage save
INFO: &amp#27;[32mSave 86b357dd-e5e5-453d-9ab9-184ad47a434c(uuid608)
сент. 16, 2025 8:21:57 PM webapp.storage.AbstractStorage save
INFO: &amp#27;[32mSave d56effb8-33e6-4a60-b225-c302af876f08(uuid609)
сент. 16, 2025 8:21:57 PM webapp.storage.AbstractStorage save
INFO: &amp#27;[32mSave 096ced5d-3e38-4698-8aef-c9149d096ebd(uuid610)
сент. 16, 2025 8:21:57 PM webapp.storage.AbstractStorage save
INFO: &amp#27;[32mSave 5c70c4a3-533c-4e8f-8e8c-e36722f09ff1(uuid611)
сент. 16, 2025 8:21:57 PM webapp.storage.AbstractStorage save
INFO: &amp#27;[32mSave aa4cff4c-bd5f-4c76-93b2-66530e95ce99(uuid612)
сент. 16, 2025 8:21:57 PM webapp.storage.AbstractStorage save
INFO: &amp#27;[32mSave e9cb3bd1-f224-4a20-b869-a3e646632732(uuid613)
сент. 16, 2025 8:21:57 PM webapp.storage.AbstractStorage save
INFO: &amp#27;[32mSave 111f5a58-3edb-45f5-b139-255030aa6f8a(uuid614)
сент. 16, 2025 8:21:57 PM webapp.storage.AbstractStorage save
INFO: &amp#27;[32mSave 8245b115-cc16-4f35-a428-7762578e6d41(uuid615)
сент. 16, 2025 8:21:57 PM webapp.storage.AbstractStorage save
INFO: &amp#27;[32mSave 179ff3e8-5e83-4355-bc63-e5a0805908a6(uuid616)
сент. 16, 2025 8:21:57 PM webapp.storage.AbstractStorage save
INFO: &amp#27;[32mSave c2cb5f21-2992-4493-81ca-78192c4a8c51(uuid617)
сент. 16, 2025 8:21:57 PM webapp.storage.AbstractStorage save
INFO: &amp#27;[32mSave 14b83d8c-dec4-420f-89f8-f62f7abfce6e(uuid618)
сент. 16, 2025 8:21:57 PM webapp.storage.AbstractStorage save
INFO: &amp#27;[32mSave 4b1f5b4d-7459-4df3-b132-fd2a22a591e4(uuid619)
сент. 16, 2025 8:21:57 PM webapp.storage.AbstractStorage save
INFO: &amp#27;[32mSave cc3073f4-4bea-4ab9-8696-3f63d2477f5e(uuid620)
сент. 16, 2025 8:21:57 PM webapp.storage.AbstractStorage save
INFO: &amp#27;[32mSave 03b78f17-f60e-464e-b3a1-555d62c78ccc(uuid621)
сент. 16, 2025 8:21:57 PM webapp.storage.AbstractStorage save
INFO: &amp#27;[32mSave 6a2cf080-6ae4-462f-bc79-2180e2027ca0(uuid622)
сент. 16, 2025 8:21:57 PM webapp.storage.AbstractStorage save
INFO: &amp#27;[32mSave 0ea29ab1-5960-4891-b574-30d6ec91d32a(uuid623)
сент. 16, 2025 8:21:57 PM webapp.storage.AbstractStorage save
INFO: &amp#27;[32mSave 84673fce-e23a-4343-a6e7-b374a6a2b324(uuid624)
сент. 16, 2025 8:21:57 PM webapp.storage.AbstractStorage save
INFO: &amp#27;[32mSave 67cf8abd-9021-4261-bdfe-392dbdba1f68(uuid625)
сент. 16, 2025 8:21:57 PM webapp.storage.AbstractStorage save
INFO: &amp#27;[32mSave f323756a-6305-47bd-b50c-38275d8277de(uuid626)
сент. 16, 2025 8:21:57 PM webapp.storage.AbstractStorage save
INFO: &amp#27;[32mSave bd2e574c-0e7a-447e-8745-7685a06a35af(uuid627)
сент. 16, 2025 8:21:57 PM webapp.storage.AbstractStorage save
INFO: &amp#27;[32mSave 8a711d11-9533-48e2-a1b1-a516cc2e8723(uuid628)
сент. 16, 2025 8:21:57 PM webapp.storage.AbstractStorage save
INFO: &amp#27;[32mSave 6b10f552-d2cd-43ed-b940-7e11612177d7(uuid629)
сент. 16, 2025 8:21:57 PM webapp.storage.AbstractStorage save
INFO: &amp#27;[32mSave e9f6ea77-03d0-42b2-83de-d0f4bf445b9c(uuid630)
сент. 16, 2025 8:21:57 PM webapp.storage.AbstractStorage save
INFO: &amp#27;[32mSave 8959b8fb-69ba-4cba-b8a9-3cac86c0043b(uuid631)
сент. 16, 2025 8:21:57 PM webapp.storage.AbstractStorage save
INFO: &amp#27;[32mSave 99a498fb-2abc-4050-b3d3-402369e41f6d(uuid632)
сент. 16, 2025 8:21:57 PM webapp.storage.AbstractStorage save
INFO: &amp#27;[32mSave b5b19553-b9a6-406d-a513-f3420996d4fc(uuid633)
сент. 16, 2025 8:21:57 PM webapp.storage.AbstractStorage save
INFO: &amp#27;[32mSave 2534f2d8-b448-4f34-b122-0e16dd81439d(uuid634)
сент. 16, 2025 8:21:57 PM webapp.storage.AbstractStorage save
INFO: &amp#27;[32mSave 3ea4877c-a00b-4313-b731-56960cafebcd(uuid635)
сент. 16, 2025 8:21:57 PM webapp.storage.AbstractStorage save
INFO: &amp#27;[32mSave e0aff20c-8695-45b1-8375-507d5c06efe0(uuid636)
сент. 16, 2025 8:21:57 PM webapp.storage.AbstractStorage save
INFO: &amp#27;[32mSave 3dd7a88d-731b-4061-bcb3-87733a1280bc(uuid637)
сент. 16, 2025 8:21:57 PM webapp.storage.AbstractStorage save
INFO: &amp#27;[32mSave 8643d361-e4be-458c-8e2a-5b78eb9faa2e(uuid638)
сент. 16, 2025 8:21:57 PM webapp.storage.AbstractStorage save
INFO: &amp#27;[32mSave 89bfedcb-2817-4ae4-ae74-e93e617b3ffc(uuid639)
сент. 16, 2025 8:21:57 PM webapp.storage.AbstractStorage save
INFO: &amp#27;[32mSave cee9caf9-2dbc-48db-9c7c-658eec3773f8(uuid640)
сент. 16, 2025 8:21:57 PM webapp.storage.AbstractStorage save
INFO: &amp#27;[32mSave 8e95e225-6d23-4c34-9751-7af32a9955ae(uuid641)
сент. 16, 2025 8:21:57 PM webapp.storage.AbstractStorage save
INFO: &amp#27;[32mSave 2938272d-d1b2-4df2-9a6c-19c4301cc1cb(uuid642)
сент. 16, 2025 8:21:57 PM webapp.storage.AbstractStorage save
INFO: &amp#27;[32mSave 12ff8ebb-4817-4227-9628-d318101bfcec(uuid643)
сент. 16, 2025 8:21:57 PM webapp.storage.AbstractStorage save
INFO: &amp#27;[32mSave a4f4b87c-53ab-478b-aa31-e4020bbaaa47(uuid644)
сент. 16, 2025 8:21:57 PM webapp.storage.AbstractStorage save
INFO: &amp#27;[32mSave 41d36df7-412c-4573-916f-0259aa4a5082(uuid645)
сент. 16, 2025 8:21:57 PM webapp.storage.AbstractStorage save
INFO: &amp#27;[32mSave 580c207c-d532-439f-b649-3dd3e7d8483c(uuid646)
сент. 16, 2025 8:21:57 PM webapp.storage.AbstractStorage save
INFO: &amp#27;[32mSave fc4ea613-e064-4778-86be-f074448b66ab(uuid647)
сент. 16, 2025 8:21:57 PM webapp.storage.AbstractStorage save
INFO: &amp#27;[32mSave e00ad7f2-16e6-47b7-85d3-0290019767ff(uuid648)
сент. 16, 2025 8:21:57 PM webapp.storage.AbstractStorage save
INFO: &amp#27;[32mSave 4c417d59-2b30-4181-8076-35ee55bfab62(uuid649)
сент. 16, 2025 8:21:57 PM webapp.storage.AbstractStorage save
INFO: &amp#27;[32mSave 7d174cc5-96c7-4472-9948-9e3a8688611a(uuid650)
сент. 16, 2025 8:21:57 PM webapp.storage.AbstractStorage save
INFO: &amp#27;[32mSave f3d1b45c-976c-41da-98ed-1563e413aa01(uuid651)
сент. 16, 2025 8:21:57 PM webapp.storage.AbstractStorage save
INFO: &amp#27;[32mSave aec5572d-364f-4a60-9f58-b18f8b0f43a2(uuid652)
сент. 16, 2025 8:21:57 PM webapp.storage.AbstractStorage save
INFO: &amp#27;[32mSave a13570e0-0a5a-4eb2-8378-6e8bcac1e02a(uuid653)
сент. 16, 2025 8:21:57 PM webapp.storage.AbstractStorage save
INFO: &amp#27;[32mSave db1c3959-7622-4066-b1fd-16644280e2f6(uuid654)
сент. 16, 2025 8:21:57 PM webapp.storage.AbstractStorage save
INFO: &amp#27;[32mSave e613c056-0cc2-4930-91ad-104385e4e601(uuid655)
сент. 16, 2025 8:21:57 PM webapp.storage.AbstractStorage save
INFO: &amp#27;[32mSave 856bc4de-557d-49e0-9669-d3bcd29afa97(uuid656)
сент. 16, 2025 8:21:57 PM webapp.storage.AbstractStorage save
INFO: &amp#27;[32mSave f8b2549e-187e-43e2-af71-ae7d21acc428(uuid657)
сент. 16, 2025 8:21:57 PM webapp.storage.AbstractStorage save
INFO: &amp#27;[32mSave 0c16d1c3-fb01-4a8d-8222-0eaa43c40ba6(uuid658)
сент. 16, 2025 8:21:57 PM webapp.storage.AbstractStorage save
INFO: &amp#27;[32mSave 5f7cca2c-42c1-48d4-8fa9-fb84735aa152(uuid659)
сент. 16, 2025 8:21:57 PM webapp.storage.AbstractStorage save
INFO: &amp#27;[32mSave 53da1ca9-757c-4bc6-94bf-f7c1b65f9ed8(uuid660)
сент. 16, 2025 8:21:57 PM webapp.storage.AbstractStorage save
INFO: &amp#27;[32mSave 36e1fc3d-9c2f-4bba-8843-5f3eb8d90152(uuid661)
сент. 16, 2025 8:21:57 PM webapp.storage.AbstractStorage save
INFO: &amp#27;[32mSave 2b118bec-2707-4790-beca-4789f65e044e(uuid662)
сент. 16, 2025 8:21:57 PM webapp.storage.AbstractStorage save
INFO: &amp#27;[32mSave 7353da9b-8e17-4ac3-81ae-f711a6abdb93(uuid663)
сент. 16, 2025 8:21:57 PM webapp.storage.AbstractStorage save
INFO: &amp#27;[32mSave 7c0dc1c2-821c-45a6-95e6-559f6c1e12f8(uuid664)
сент. 16, 2025 8:21:57 PM webapp.storage.AbstractStorage save
INFO: &amp#27;[32mSave b12fe2f4-65ba-4ae5-b628-3bcb0a7d9acd(uuid665)
сент. 16, 2025 8:21:57 PM webapp.storage.AbstractStorage save
INFO: &amp#27;[32mSave 890e1ace-88cd-4644-b632-c1b965fc76d0(uuid666)
сент. 16, 2025 8:21:57 PM webapp.storage.AbstractStorage save
INFO: &amp#27;[32mSave bc6aa8f5-5c36-498a-a48c-b1d62ede8504(uuid667)
сент. 16, 2025 8:21:57 PM webapp.storage.AbstractStorage save
INFO: &amp#27;[32mSave 5f567446-03d7-45ba-83ac-815f694ce3a0(uuid668)
сент. 16, 2025 8:21:57 PM webapp.storage.AbstractStorage save
INFO: &amp#27;[32mSave dface883-d6db-444d-959b-803ab03551ee(uuid669)
сент. 16, 2025 8:21:57 PM webapp.storage.AbstractStorage save
INFO: &amp#27;[32mSave af5c257f-208d-4bce-b7a4-cd60c3d8cabc(uuid670)
сент. 16, 2025 8:21:57 PM webapp.storage.AbstractStorage save
INFO: &amp#27;[32mSave d6bf996d-c9c0-41a9-9a79-f52cd9b4c8d2(uuid671)
сент. 16, 2025 8:21:57 PM webapp.storage.AbstractStorage save
INFO: &amp#27;[32mSave db8d05c9-4910-4773-93e6-346a3df59e51(uuid672)
сент. 16, 2025 8:21:57 PM webapp.storage.AbstractStorage save
INFO: &amp#27;[32mSave b8ae0395-887f-47fd-ae71-5f58e810c07a(uuid673)
сент. 16, 2025 8:21:57 PM webapp.storage.AbstractStorage save
INFO: &amp#27;[32mSave a4725cdb-c410-4bd0-83d0-539b3337ee47(uuid674)
сент. 16, 2025 8:21:57 PM webapp.storage.AbstractStorage save
INFO: &amp#27;[32mSave 599f4054-06ec-4096-8bb5-eb11384d147c(uuid675)
сент. 16, 2025 8:21:57 PM webapp.storage.AbstractStorage save
INFO: &amp#27;[32mSave e05b3050-ff64-4692-9a73-d70912b613d8(uuid676)
сент. 16, 2025 8:21:57 PM webapp.storage.AbstractStorage save
INFO: &amp#27;[32mSave 506eb6ed-ec59-4167-b7ec-dd6f7a08b5ed(uuid677)
сент. 16, 2025 8:21:57 PM webapp.storage.AbstractStorage save
INFO: &amp#27;[32mSave de648731-480d-4196-a536-9a2e056d6997(uuid678)
сент. 16, 2025 8:21:57 PM webapp.storage.AbstractStorage save
INFO: &amp#27;[32mSave 5ece81ed-3ae4-49bb-a584-9d50e3017d96(uuid679)
сент. 16, 2025 8:21:57 PM webapp.storage.AbstractStorage save
INFO: &amp#27;[32mSave 737015b0-fba1-41ab-b24b-15110a6f4890(uuid680)
сент. 16, 2025 8:21:57 PM webapp.storage.AbstractStorage save
INFO: &amp#27;[32mSave b568e930-374d-4c16-88fc-1c451d7c4659(uuid681)
сент. 16, 2025 8:21:57 PM webapp.storage.AbstractStorage save
INFO: &amp#27;[32mSave 92385495-1c2d-47ce-b9a9-e87582b5783b(uuid682)
сент. 16, 2025 8:21:57 PM webapp.storage.AbstractStorage save
INFO: &amp#27;[32mSave 50ce4401-b44a-4a66-8209-630541577377(uuid683)
сент. 16, 2025 8:21:57 PM webapp.storage.AbstractStorage save
INFO: &amp#27;[32mSave 52669a30-69ef-4705-b93d-3cb201918f8d(uuid684)
сент. 16, 2025 8:21:57 PM webapp.storage.AbstractStorage save
INFO: &amp#27;[32mSave 4235b1d0-d2fc-4a11-b969-00baadb86863(uuid685)
сент. 16, 2025 8:21:57 PM webapp.storage.AbstractStorage save
INFO: &amp#27;[32mSave 0180f634-6cad-4d68-9733-c6bd72251193(uuid686)
сент. 16, 2025 8:21:57 PM webapp.storage.AbstractStorage save
INFO: &amp#27;[32mSave 3411a626-77b8-4433-9b4a-b4e23007b90c(uuid687)
сент. 16, 2025 8:21:57 PM webapp.storage.AbstractStorage save
INFO: &amp#27;[32mSave 5e0e5d9d-1342-4fae-b3c8-98b09c7fff3c(uuid688)
сент. 16, 2025 8:21:57 PM webapp.storage.AbstractStorage save
INFO: &amp#27;[32mSave a41aac79-2181-41ad-92d2-9df33cd01139(uuid689)
сент. 16, 2025 8:21:57 PM webapp.storage.AbstractStorage save
INFO: &amp#27;[32mSave 9cb781cd-b127-40f6-81c6-7a1aecafbe00(uuid690)
сент. 16, 2025 8:21:57 PM webapp.storage.AbstractStorage save
INFO: &amp#27;[32mSave dcf63ca9-4936-49ff-9838-a1907a3d9313(uuid691)
сент. 16, 2025 8:21:57 PM webapp.storage.AbstractStorage save
INFO: &amp#27;[32mSave 70a9231b-57e3-4913-915b-bf7c0715c641(uuid692)
сент. 16, 2025 8:21:57 PM webapp.storage.AbstractStorage save
INFO: &amp#27;[32mSave 45512dc5-e7ec-43d1-b0f9-a60aa9386b73(uuid693)
сент. 16, 2025 8:21:57 PM webapp.storage.AbstractStorage save
INFO: &amp#27;[32mSave 8c664dde-3977-4d0e-9616-fafccecc1061(uuid694)
сент. 16, 2025 8:21:57 PM webapp.storage.AbstractStorage save
INFO: &amp#27;[32mSave d49f3fb3-a7e4-4b39-8133-b860ccd93d9b(uuid695)
сент. 16, 2025 8:21:57 PM webapp.storage.AbstractStorage save
INFO: &amp#27;[32mSave eb176c9d-2723-4a4a-87a2-1dbbc7e85985(uuid696)
сент. 16, 2025 8:21:57 PM webapp.storage.AbstractStorage save
INFO: &amp#27;[32mSave 234a899d-662d-40b2-be0f-b4444f06e476(uuid697)
сент. 16, 2025 8:21:57 PM webapp.storage.AbstractStorage save
INFO: &amp#27;[32mSave a8300c1c-bded-4763-94f9-dd42f1526653(uuid698)
сент. 16, 2025 8:21:57 PM webapp.storage.AbstractStorage save
INFO: &amp#27;[32mSave 2a456de4-76a7-435d-bcac-93806947a6ef(uuid699)
сент. 16, 2025 8:21:57 PM webapp.storage.AbstractStorage save
INFO: &amp#27;[32mSave 10602344-1d3a-4d25-8568-f32578d1ed65(uuid700)
сент. 16, 2025 8:21:57 PM webapp.storage.AbstractStorage save
INFO: &amp#27;[32mSave a179b25c-c6c7-47b2-8d75-7ddeae6bd78d(uuid701)
сент. 16, 2025 8:21:57 PM webapp.storage.AbstractStorage save
INFO: &amp#27;[32mSave 983af326-a754-49a9-bb88-f051e4f87222(uuid702)
сент. 16, 2025 8:21:57 PM webapp.storage.AbstractStorage save
INFO: &amp#27;[32mSave 6a1e8938-bced-4bed-aeea-c293f3dcba0b(uuid703)
сент. 16, 2025 8:21:57 PM webapp.storage.AbstractStorage save
INFO: &amp#27;[32mSave 9c8c947a-3f80-4e83-aca1-7df73400a0c8(uuid704)
сент. 16, 2025 8:21:57 PM webapp.storage.AbstractStorage save
INFO: &amp#27;[32mSave 969c991d-139f-4f4c-9819-83f8d1a4328d(uuid705)
сент. 16, 2025 8:21:57 PM webapp.storage.AbstractStorage save
INFO: &amp#27;[32mSave 15532d35-a2ef-42eb-b36b-55038b0cb9d0(uuid706)
сент. 16, 2025 8:21:57 PM webapp.storage.AbstractStorage save
INFO: &amp#27;[32mSave bc378e10-81bc-4af4-abac-2177daebed57(uuid707)
сент. 16, 2025 8:21:57 PM webapp.storage.AbstractStorage save
INFO: &amp#27;[32mSave 91e391b8-8f15-45b8-a8d4-343c1b3a68ba(uuid708)
сент. 16, 2025 8:21:57 PM webapp.storage.AbstractStorage save
INFO: &amp#27;[32mSave 725b1b5d-075e-4fad-b9b0-235600849ad7(uuid709)
сент. 16, 2025 8:21:57 PM webapp.storage.AbstractStorage save
INFO: &amp#27;[32mSave 6c61b30d-2632-4e9a-97f1-81992268a484(uuid710)
сент. 16, 2025 8:21:57 PM webapp.storage.AbstractStorage save
INFO: &amp#27;[32mSave 7c05d8c0-bdbc-41d7-a45d-7e68ef8c963a(uuid711)
сент. 16, 2025 8:21:57 PM webapp.storage.AbstractStorage save
INFO: &amp#27;[32mSave a09a5e24-1f64-4526-badd-f50c932a25d9(uuid712)
сент. 16, 2025 8:21:57 PM webapp.storage.AbstractStorage save
INFO: &amp#27;[32mSave 6b82b9fb-585a-47b3-bc10-2853aeed4299(uuid713)
сент. 16, 2025 8:21:57 PM webapp.storage.AbstractStorage save
INFO: &amp#27;[32mSave 6186b052-beaa-45ba-8ada-4773205f156c(uuid714)
сент. 16, 2025 8:21:57 PM webapp.storage.AbstractStorage save
INFO: &amp#27;[32mSave db3c91c3-7967-4f6e-b494-3a2932dec340(uuid715)
сент. 16, 2025 8:21:57 PM webapp.storage.AbstractStorage save
INFO: &amp#27;[32mSave c0582191-d061-4c22-b90c-1afdaa6517b9(uuid716)
сент. 16, 2025 8:21:57 PM webapp.storage.AbstractStorage save
INFO: &amp#27;[32mSave ad3c9818-03c2-4fdf-bf4d-b715fb5b9180(uuid717)
сент. 16, 2025 8:21:57 PM webapp.storage.AbstractStorage save
INFO: &amp#27;[32mSave 077151a7-47ca-45c1-bba6-6811112aa374(uuid718)
сент. 16, 2025 8:21:57 PM webapp.storage.AbstractStorage save
INFO: &amp#27;[32mSave a6945323-bf51-4de5-9324-b35f51207d60(uuid719)
сент. 16, 2025 8:21:57 PM webapp.storage.AbstractStorage save
INFO: &amp#27;[32mSave c223c3fb-667c-44d9-a1bb-8eb439a076f4(uuid720)
сент. 16, 2025 8:21:57 PM webapp.storage.AbstractStorage save
INFO: &amp#27;[32mSave 0f8e345a-f4e8-46fa-8400-58aced85f90f(uuid721)
сент. 16, 2025 8:21:57 PM webapp.storage.AbstractStorage save
INFO: &amp#27;[32mSave 8360bf7d-4b13-4070-8bbf-8bf2f679ee77(uuid722)
сент. 16, 2025 8:21:57 PM webapp.storage.AbstractStorage save
INFO: &amp#27;[32mSave 6f8ff063-6017-4e44-8d88-1d72a1be644e(uuid723)
сент. 16, 2025 8:21:57 PM webapp.storage.AbstractStorage save
INFO: &amp#27;[32mSave fa3d83ad-2f99-4e03-aaa9-1dca4aba554a(uuid724)
сент. 16, 2025 8:21:57 PM webapp.storage.AbstractStorage save
INFO: &amp#27;[32mSave 4ea0aa47-bbe8-4461-9d7e-ec65ff5e4884(uuid725)
сент. 16, 2025 8:21:57 PM webapp.storage.AbstractStorage save
INFO: &amp#27;[32mSave 7da8804e-3691-4323-9e1c-dbca0b429bdf(uuid726)
сент. 16, 2025 8:21:57 PM webapp.storage.AbstractStorage save
INFO: &amp#27;[32mSave 907f84f1-2b29-421b-bc4e-dd17414bc9a3(uuid727)
сент. 16, 2025 8:21:57 PM webapp.storage.AbstractStorage save
INFO: &amp#27;[32mSave c63ae870-4c5e-4d89-90f9-fae6c42fa4fe(uuid728)
сент. 16, 2025 8:21:57 PM webapp.storage.AbstractStorage save
INFO: &amp#27;[32mSave fbd24e57-a41a-409e-9edb-708dc53e2909(uuid729)
сент. 16, 2025 8:21:57 PM webapp.storage.AbstractStorage save
INFO: &amp#27;[32mSave b548ac88-85da-4700-ab8f-63cd04995fd9(uuid730)
сент. 16, 2025 8:21:57 PM webapp.storage.AbstractStorage save
INFO: &amp#27;[32mSave 1ffd1bde-7765-4968-8ffc-b38ce05a2ddc(uuid731)
сент. 16, 2025 8:21:57 PM webapp.storage.AbstractStorage save
INFO: &amp#27;[32mSave 50e7476f-42ad-49d6-bb5f-45052a14014e(uuid732)
сент. 16, 2025 8:21:57 PM webapp.storage.AbstractStorage save
INFO: &amp#27;[32mSave fc4be2bd-720b-4104-b264-87d87647f323(uuid733)
сент. 16, 2025 8:21:57 PM webapp.storage.AbstractStorage save
INFO: &amp#27;[32mSave a89e5725-897d-4332-b668-c0a1b2774ac1(uuid734)
сент. 16, 2025 8:21:57 PM webapp.storage.AbstractStorage save
INFO: &amp#27;[32mSave 1bb94d8a-09e4-40a7-8d6b-1c737f456461(uuid735)
сент. 16, 2025 8:21:57 PM webapp.storage.AbstractStorage save
INFO: &amp#27;[32mSave 348f0585-8f13-43fd-a7e5-87663ced711e(uuid736)
сент. 16, 2025 8:21:57 PM webapp.storage.AbstractStorage save
INFO: &amp#27;[32mSave 89a9ab5c-5c4f-4dc5-940d-fa06268a87ed(uuid737)
сент. 16, 2025 8:21:57 PM webapp.storage.AbstractStorage save
INFO: &amp#27;[32mSave 66199cbf-5810-42a0-b469-8b553d39eb79(uuid738)
сент. 16, 2025 8:21:57 PM webapp.storage.AbstractStorage save
INFO: &amp#27;[32mSave 45441387-19ca-4c2e-a052-8c4911b1bdd7(uuid739)
сент. 16, 2025 8:21:57 PM webapp.storage.AbstractStorage save
INFO: &amp#27;[32mSave 521ee893-fe34-4914-bfc9-a302c4a6885d(uuid740)
сент. 16, 2025 8:21:57 PM webapp.storage.AbstractStorage save
INFO: &amp#27;[32mSave 46d57858-dc8f-4f1f-8554-ebcac0bd0aad(uuid741)
сент. 16, 2025 8:21:57 PM webapp.storage.AbstractStorage save
INFO: &amp#27;[32mSave fcfa42b7-ef52-48ed-bdde-1d28ee19b924(uuid742)
сент. 16, 2025 8:21:57 PM webapp.storage.AbstractStorage save
INFO: &amp#27;[32mSave 1668d465-9e9c-4468-9255-59e0c546b2e0(uuid743)
сент. 16, 2025 8:21:57 PM webapp.storage.AbstractStorage save
INFO: &amp#27;[32mSave 4aeb89a6-57fb-4af4-81d0-f4af55ba4e3e(uuid744)
сент. 16, 2025 8:21:57 PM webapp.storage.AbstractStorage save
INFO: &amp#27;[32mSave 2f303558-6605-4b53-813e-da345165c9ae(uuid745)
сент. 16, 2025 8:21:57 PM webapp.storage.AbstractStorage save
INFO: &amp#27;[32mSave 70e2a7ba-87b5-4559-bbfa-397a853fa7a5(uuid746)
сент. 16, 2025 8:21:57 PM webapp.storage.AbstractStorage save
INFO: &amp#27;[32mSave 94257857-561a-4a4f-b8d6-f9d22d04e677(uuid747)
сент. 16, 2025 8:21:57 PM webapp.storage.AbstractStorage save
INFO: &amp#27;[32mSave a5c62182-608c-425f-9490-2f9242377a2b(uuid748)
сент. 16, 2025 8:21:57 PM webapp.storage.AbstractStorage save
INFO: &amp#27;[32mSave 7d75a6a0-465c-4c9a-a5a5-80d3f29da34e(uuid749)
сент. 16, 2025 8:21:57 PM webapp.storage.AbstractStorage save
INFO: &amp#27;[32mSave 6f8cecc0-b0a5-4dec-92a0-a8a7ea39da40(uuid750)
сент. 16, 2025 8:21:57 PM webapp.storage.AbstractStorage save
INFO: &amp#27;[32mSave 93e6cfdd-5c3f-4643-8091-59cfb3f0ead1(uuid751)
сент. 16, 2025 8:21:57 PM webapp.storage.AbstractStorage save
INFO: &amp#27;[32mSave 8150d006-79a1-4e14-b2fb-414ce2797b6d(uuid752)
сент. 16, 2025 8:21:57 PM webapp.storage.AbstractStorage save
INFO: &amp#27;[32mSave 5722057c-ef47-4fc7-9c0a-74fff4cf7922(uuid753)
сент. 16, 2025 8:21:57 PM webapp.storage.AbstractStorage save
INFO: &amp#27;[32mSave 79c3e4cd-3183-4531-856f-111300a0125b(uuid754)
сент. 16, 2025 8:21:57 PM webapp.storage.AbstractStorage save
INFO: &amp#27;[32mSave 15888796-b749-4557-9cd1-700ef5e2e564(uuid755)
сент. 16, 2025 8:21:57 PM webapp.storage.AbstractStorage save
INFO: &amp#27;[32mSave 334a49d4-c727-4365-ba18-a602477884c3(uuid756)
сент. 16, 2025 8:21:57 PM webapp.storage.AbstractStorage save
INFO: &amp#27;[32mSave dcc20689-7e58-4308-949f-7860e42e2680(uuid757)
сент. 16, 2025 8:21:57 PM webapp.storage.AbstractStorage save
INFO: &amp#27;[32mSave 5be29953-7915-4503-92d0-7042e157193e(uuid758)
сент. 16, 2025 8:21:57 PM webapp.storage.AbstractStorage save
INFO: &amp#27;[32mSave 7b9fd679-c80b-4536-b305-a15fce5dbe4f(uuid759)
сент. 16, 2025 8:21:57 PM webapp.storage.AbstractStorage save
INFO: &amp#27;[32mSave def96f2c-fae7-492e-be87-8c8920c34313(uuid760)
сент. 16, 2025 8:21:57 PM webapp.storage.AbstractStorage save
INFO: &amp#27;[32mSave 6f486dfb-e4d9-4582-9f97-d3684dc210ba(uuid761)
сент. 16, 2025 8:21:57 PM webapp.storage.AbstractStorage save
INFO: &amp#27;[32mSave 3286f44d-ba01-49e4-85ce-7d1425eaaf7f(uuid762)
сент. 16, 2025 8:21:57 PM webapp.storage.AbstractStorage save
INFO: &amp#27;[32mSave 0300d4d0-af4a-4b8d-95b7-db20d97e8e49(uuid763)
сент. 16, 2025 8:21:57 PM webapp.storage.AbstractStorage save
INFO: &amp#27;[32mSave 11f448f6-70f1-44a6-80c0-874085c125ed(uuid764)
сент. 16, 2025 8:21:57 PM webapp.storage.AbstractStorage save
INFO: &amp#27;[32mSave fa65bfb6-77a1-4c2f-b0d5-487c95cf8e9f(uuid765)
сент. 16, 2025 8:21:57 PM webapp.storage.AbstractStorage save
INFO: &amp#27;[32mSave 1865db89-1d9b-4b4d-8ae1-0257a306fa39(uuid766)
сент. 16, 2025 8:21:57 PM webapp.storage.AbstractStorage save
INFO: &amp#27;[32mSave 9e580ce7-fc73-4585-8ecb-387458efd684(uuid767)
сент. 16, 2025 8:21:57 PM webapp.storage.AbstractStorage save
INFO: &amp#27;[32mSave 2af5897f-f933-4091-a36f-8f633cc845f1(uuid768)
сент. 16, 2025 8:21:57 PM webapp.storage.AbstractStorage save
INFO: &amp#27;[32mSave 5fea3806-0b02-4502-b08c-f386c445a8d8(uuid769)
сент. 16, 2025 8:21:57 PM webapp.storage.AbstractStorage save
INFO: &amp#27;[32mSave 0d95fe92-e2cd-48de-9353-fbf480925ea9(uuid770)
сент. 16, 2025 8:21:57 PM webapp.storage.AbstractStorage save
INFO: &amp#27;[32mSave 2923b6f9-c500-4865-bb7c-576f699e308b(uuid771)
сент. 16, 2025 8:21:57 PM webapp.storage.AbstractStorage save
INFO: &amp#27;[32mSave 632eec35-0f37-48d8-9e84-82354a97a194(uuid772)
сент. 16, 2025 8:21:57 PM webapp.storage.AbstractStorage save
INFO: &amp#27;[32mSave 1fbfe7c6-410f-4960-a056-4b9f1fec8567(uuid773)
сент. 16, 2025 8:21:57 PM webapp.storage.AbstractStorage save
INFO: &amp#27;[32mSave 54c7625d-7665-4dfe-a4d8-ec34f9d59587(uuid774)
сент. 16, 2025 8:21:57 PM webapp.storage.AbstractStorage save
INFO: &amp#27;[32mSave 39fa44e7-0c7a-4709-adf5-6bc45889907a(uuid775)
сент. 16, 2025 8:21:57 PM webapp.storage.AbstractStorage save
INFO: &amp#27;[32mSave 218568ca-cfd0-483a-9574-4227a621e56d(uuid776)
сент. 16, 2025 8:21:57 PM webapp.storage.AbstractStorage save
INFO: &amp#27;[32mSave cc9c5f4e-5979-4246-b788-1cdb13d90191(uuid777)
сент. 16, 2025 8:21:57 PM webapp.storage.AbstractStorage save
INFO: &amp#27;[32mSave 7ead95a5-bbc7-4ba8-97b9-e1a253872bef(uuid778)
сент. 16, 2025 8:21:57 PM webapp.storage.AbstractStorage save
INFO: &amp#27;[32mSave 6b6cb7e7-aac0-48cc-9aff-bb6610c0b693(uuid779)
сент. 16, 2025 8:21:57 PM webapp.storage.AbstractStorage save
INFO: &amp#27;[32mSave 6cc3a8e1-605b-44f6-9d66-a05d37c7ddd5(uuid780)
сент. 16, 2025 8:21:57 PM webapp.storage.AbstractStorage save
INFO: &amp#27;[32mSave a16f3939-8b2b-4d65-a614-94aa0bda700b(uuid781)
сент. 16, 2025 8:21:57 PM webapp.storage.AbstractStorage save
INFO: &amp#27;[32mSave 74c46dc7-6f9d-4fa9-8f42-f09766a46722(uuid782)
сент. 16, 2025 8:21:57 PM webapp.storage.AbstractStorage save
INFO: &amp#27;[32mSave 51f0faa3-ff83-4ee1-91fd-8a0d5915f838(uuid783)
сент. 16, 2025 8:21:57 PM webapp.storage.AbstractStorage save
INFO: &amp#27;[32mSave b1c3d7b2-8ce5-4e63-b43a-c92d9f26d751(uuid784)
сент. 16, 2025 8:21:57 PM webapp.storage.AbstractStorage save
INFO: &amp#27;[32mSave 6974cf0f-5f0d-4553-897e-ac4c2a46e197(uuid785)
сент. 16, 2025 8:21:57 PM webapp.storage.AbstractStorage save
INFO: &amp#27;[32mSave b20b717f-c100-4c55-85d2-0087a69e4061(uuid786)
сент. 16, 2025 8:21:57 PM webapp.storage.AbstractStorage save
INFO: &amp#27;[32mSave 8696bee1-ec53-4405-af0c-b56ff82e2066(uuid787)
сент. 16, 2025 8:21:57 PM webapp.storage.AbstractStorage save
INFO: &amp#27;[32mSave ac887369-9df2-4386-97d1-2879dc01b366(uuid788)
сент. 16, 2025 8:21:57 PM webapp.storage.AbstractStorage save
INFO: &amp#27;[32mSave 096e568b-3971-4e4a-9cd2-9c752c5b6526(uuid789)
сент. 16, 2025 8:21:57 PM webapp.storage.AbstractStorage save
INFO: &amp#27;[32mSave 0142988e-48e6-4216-88a0-2aaac94347a3(uuid790)
сент. 16, 2025 8:21:57 PM webapp.storage.AbstractStorage save
INFO: &amp#27;[32mSave 5a8d7f5b-020e-48f5-8b18-951676eb233c(uuid791)
сент. 16, 2025 8:21:57 PM webapp.storage.AbstractStorage save
INFO: &amp#27;[32mSave 3a284407-e676-4885-9ec8-8f5ee7bbb437(uuid792)
сент. 16, 2025 8:21:57 PM webapp.storage.AbstractStorage save
INFO: &amp#27;[32mSave a33709a7-beca-42b4-bc87-5a58e4c39c7c(uuid793)
сент. 16, 2025 8:21:57 PM webapp.storage.AbstractStorage save
INFO: &amp#27;[32mSave d4925659-bfa2-496e-bdf6-a7312c5f21a2(uuid794)
сент. 16, 2025 8:21:57 PM webapp.storage.AbstractStorage save
INFO: &amp#27;[32mSave dcc39f71-2085-415b-b6c3-a480cfe59ff1(uuid795)
сент. 16, 2025 8:21:57 PM webapp.storage.AbstractStorage save
INFO: &amp#27;[32mSave 1adc619f-465a-4a28-ac2d-2d4c46d18c30(uuid796)
сент. 16, 2025 8:21:57 PM webapp.storage.AbstractStorage save
INFO: &amp#27;[32mSave 214591d3-961c-41fc-ae09-ee0deceb4147(uuid797)
сент. 16, 2025 8:21:57 PM webapp.storage.AbstractStorage save
INFO: &amp#27;[32mSave 5333d84b-c831-4289-b404-8b312343144e(uuid798)
сент. 16, 2025 8:21:57 PM webapp.storage.AbstractStorage save
INFO: &amp#27;[32mSave 373ce39f-0f92-4d13-a956-85aead633075(uuid799)
сент. 16, 2025 8:21:57 PM webapp.storage.AbstractStorage save
INFO: &amp#27;[32mSave f153bc36-48e0-4914-89d9-367a39a9a1f8(uuid800)
сент. 16, 2025 8:21:57 PM webapp.storage.AbstractStorage save
INFO: &amp#27;[32mSave 0466613d-dd14-4301-acaf-9c31ac47755c(uuid801)
сент. 16, 2025 8:21:57 PM webapp.storage.AbstractStorage save
INFO: &amp#27;[32mSave 8bede9b3-1caf-4fd9-aca9-e6c1a1c9e51e(uuid802)
сент. 16, 2025 8:21:57 PM webapp.storage.AbstractStorage save
INFO: &amp#27;[32mSave 71962b56-2cf8-43e6-958a-557e0b2e6019(uuid803)
сент. 16, 2025 8:21:57 PM webapp.storage.AbstractStorage save
INFO: &amp#27;[32mSave eefdcb84-d4ed-4c67-bebc-1545cb2a6606(uuid804)
сент. 16, 2025 8:21:57 PM webapp.storage.AbstractStorage save
INFO: &amp#27;[32mSave 96687f7e-cca0-4f97-abf0-4a9a81f8e72a(uuid805)
сент. 16, 2025 8:21:57 PM webapp.storage.AbstractStorage save
INFO: &amp#27;[32mSave 00bd72d9-0f1b-4ff1-b3dc-0527c1db372f(uuid806)
сент. 16, 2025 8:21:57 PM webapp.storage.AbstractStorage save
INFO: &amp#27;[32mSave 525e0956-a11a-442b-bdee-e6f152dcdc04(uuid807)
сент. 16, 2025 8:21:57 PM webapp.storage.AbstractStorage save
INFO: &amp#27;[32mSave a924997a-91c5-4150-ade6-16b69615dabd(uuid808)
сент. 16, 2025 8:21:57 PM webapp.storage.AbstractStorage save
INFO: &amp#27;[32mSave 813917c0-5679-4ab2-8cd8-7c024cee7f8a(uuid809)
сент. 16, 2025 8:21:57 PM webapp.storage.AbstractStorage save
INFO: &amp#27;[32mSave 32cec5e2-dcba-44c8-8bd9-7e66cd43d39e(uuid810)
сент. 16, 2025 8:21:57 PM webapp.storage.AbstractStorage save
INFO: &amp#27;[32mSave 4e0b6bab-2f52-41f4-aed5-afa30e73c720(uuid811)
сент. 16, 2025 8:21:57 PM webapp.storage.AbstractStorage save
INFO: &amp#27;[32mSave 8c341053-4f37-4386-9b10-55fecc492ec9(uuid812)
сент. 16, 2025 8:21:57 PM webapp.storage.AbstractStorage save
INFO: &amp#27;[32mSave 3a01bc23-2634-4de3-b10e-457705feb6c5(uuid813)
сент. 16, 2025 8:21:57 PM webapp.storage.AbstractStorage save
INFO: &amp#27;[32mSave 009abeba-3c7c-4a03-be06-4f75b62e1fc5(uuid814)
сент. 16, 2025 8:21:57 PM webapp.storage.AbstractStorage save
INFO: &amp#27;[32mSave 7cd27c12-0f11-4170-b897-f2ef4ce83b7e(uuid815)
сент. 16, 2025 8:21:57 PM webapp.storage.AbstractStorage save
INFO: &amp#27;[32mSave 7b965e9d-aff8-4e01-93e8-8e09b86a8a3a(uuid816)
сент. 16, 2025 8:21:57 PM webapp.storage.AbstractStorage save
INFO: &amp#27;[32mSave fcafb93b-4d3e-4a6b-a331-7b2208e80ab5(uuid817)
сент. 16, 2025 8:21:57 PM webapp.storage.AbstractStorage save
INFO: &amp#27;[32mSave 2174fd40-1fa2-4a32-82ab-92716242ddbb(uuid818)
сент. 16, 2025 8:21:57 PM webapp.storage.AbstractStorage save
INFO: &amp#27;[32mSave ccff4928-e62b-43f8-8f06-344e98daa05f(uuid819)
сент. 16, 2025 8:21:57 PM webapp.storage.AbstractStorage save
INFO: &amp#27;[32mSave 467b3d24-3812-4d53-807b-24e8e58d9804(uuid820)
сент. 16, 2025 8:21:57 PM webapp.storage.AbstractStorage save
INFO: &amp#27;[32mSave 7c342e2b-d321-4b3a-8d22-567e4c4e4a49(uuid821)
сент. 16, 2025 8:21:57 PM webapp.storage.AbstractStorage save
INFO: &amp#27;[32mSave 5546fca9-2de4-4e50-b673-a6f08b6559f4(uuid822)
сент. 16, 2025 8:21:57 PM webapp.storage.AbstractStorage save
INFO: &amp#27;[32mSave 568e53c5-501c-45eb-9ee5-60d83ca23713(uuid823)
сент. 16, 2025 8:21:57 PM webapp.storage.AbstractStorage save
INFO: &amp#27;[32mSave 00841b13-7066-4ca4-9af0-a243afc3b20f(uuid824)
сент. 16, 2025 8:21:57 PM webapp.storage.AbstractStorage save
INFO: &amp#27;[32mSave eb1f2335-94ad-4192-86ca-48030c1f69e5(uuid825)
сент. 16, 2025 8:21:57 PM webapp.storage.AbstractStorage save
INFO: &amp#27;[32mSave f9de526d-da29-46cb-8ed6-6ed4364b6ce4(uuid826)
сент. 16, 2025 8:21:57 PM webapp.storage.AbstractStorage save
INFO: &amp#27;[32mSave 44d6a7e5-32da-4740-98e2-022cb81f5a04(uuid827)
сент. 16, 2025 8:21:57 PM webapp.storage.AbstractStorage save
INFO: &amp#27;[32mSave c3037431-ebc6-47e6-bf32-36bb8f645dfa(uuid828)
сент. 16, 2025 8:21:57 PM webapp.storage.AbstractStorage save
INFO: &amp#27;[32mSave e8753ce7-e453-4fc2-a444-bdf1193cc021(uuid829)
сент. 16, 2025 8:21:57 PM webapp.storage.AbstractStorage save
INFO: &amp#27;[32mSave ef4eaabb-5310-48d5-a4be-6cca0edbc6e1(uuid830)
сент. 16, 2025 8:21:57 PM webapp.storage.AbstractStorage save
INFO: &amp#27;[32mSave 74e3dfa3-2415-495e-b3e4-d2a91a52c6d8(uuid831)
сент. 16, 2025 8:21:57 PM webapp.storage.AbstractStorage save
INFO: &amp#27;[32mSave 1c0f3e3a-3b34-4d30-a422-fb89ef59cc47(uuid832)
сент. 16, 2025 8:21:57 PM webapp.storage.AbstractStorage save
INFO: &amp#27;[32mSave 8c7c9be5-4036-4c01-bee0-4b40c9393c41(uuid833)
сент. 16, 2025 8:21:57 PM webapp.storage.AbstractStorage save
INFO: &amp#27;[32mSave 2c987a9a-970f-4718-8b5d-23695a14d82f(uuid834)
сент. 16, 2025 8:21:57 PM webapp.storage.AbstractStorage save
INFO: &amp#27;[32mSave 8a5cc2e4-26fb-44ec-865a-5408568bb21e(uuid835)
сент. 16, 2025 8:21:57 PM webapp.storage.AbstractStorage save
INFO: &amp#27;[32mSave 8eb91cb9-a113-4f62-a157-2e3ebee1ffc9(uuid836)
сент. 16, 2025 8:21:57 PM webapp.storage.AbstractStorage save
INFO: &amp#27;[32mSave 61310337-ac4a-49ba-b657-4457a4b3c7ce(uuid837)
сент. 16, 2025 8:21:57 PM webapp.storage.AbstractStorage save
INFO: &amp#27;[32mSave 119da7bf-33b1-4491-b454-b5ec05d0c4f0(uuid838)
сент. 16, 2025 8:21:57 PM webapp.storage.AbstractStorage save
INFO: &amp#27;[32mSave 53fcc50b-4652-4850-b812-bb93e686f4d6(uuid839)
сент. 16, 2025 8:21:57 PM webapp.storage.AbstractStorage save
INFO: &amp#27;[32mSave e905ce41-9c2e-42ff-9347-c750eea1d87a(uuid840)
сент. 16, 2025 8:21:57 PM webapp.storage.AbstractStorage save
INFO: &amp#27;[32mSave 6b55db04-7a76-4c0c-ba20-7259c2778bc9(uuid841)
сент. 16, 2025 8:21:57 PM webapp.storage.AbstractStorage save
INFO: &amp#27;[32mSave b6a53079-8660-4bd3-bf40-cba6071ef355(uuid842)
сент. 16, 2025 8:21:57 PM webapp.storage.AbstractStorage save
INFO: &amp#27;[32mSave 03abd916-7525-4188-be68-482a625a1c32(uuid843)
сент. 16, 2025 8:21:57 PM webapp.storage.AbstractStorage save
INFO: &amp#27;[32mSave 6704488a-83b5-4c10-9a5f-a32f56c1596a(uuid844)
сент. 16, 2025 8:21:57 PM webapp.storage.AbstractStorage save
INFO: &amp#27;[32mSave 5726ce26-7f9b-435c-8d74-4e83296d4fdb(uuid845)
сент. 16, 2025 8:21:57 PM webapp.storage.AbstractStorage save
INFO: &amp#27;[32mSave 8d4b1911-cc4d-46d7-89e3-6a475582e73b(uuid846)
сент. 16, 2025 8:21:57 PM webapp.storage.AbstractStorage save
INFO: &amp#27;[32mSave 93533116-b6e3-4e16-b42f-c37a354eecbc(uuid847)
сент. 16, 2025 8:21:57 PM webapp.storage.AbstractStorage save
INFO: &amp#27;[32mSave 006d5d55-d5ac-4d9f-a799-91eb4bd10297(uuid848)
сент. 16, 2025 8:21:57 PM webapp.storage.AbstractStorage save
INFO: &amp#27;[32mSave 4a71cf53-e525-431b-b477-73cbe3027232(uuid849)
сент. 16, 2025 8:21:57 PM webapp.storage.AbstractStorage save
INFO: &amp#27;[32mSave b09fa97c-2fa1-4d90-8cee-769dd9c27b0a(uuid850)
сент. 16, 2025 8:21:57 PM webapp.storage.AbstractStorage save
INFO: &amp#27;[32mSave f3fb1efe-d3f4-4b2f-870c-4f9192fcbeff(uuid851)
сент. 16, 2025 8:21:57 PM webapp.storage.AbstractStorage save
INFO: &amp#27;[32mSave 385a5d1c-ee3b-44dd-98fd-03f08b4eed8d(uuid852)
сент. 16, 2025 8:21:57 PM webapp.storage.AbstractStorage save
INFO: &amp#27;[32mSave 0f497739-2cfb-4546-81b3-7640b901dc82(uuid853)
сент. 16, 2025 8:21:57 PM webapp.storage.AbstractStorage save
INFO: &amp#27;[32mSave 85d542a3-52a8-4777-9210-0f1c2b4f5e3e(uuid854)
сент. 16, 2025 8:21:57 PM webapp.storage.AbstractStorage save
INFO: &amp#27;[32mSave 658c38e3-b44d-45c4-afa2-26a10dff2039(uuid855)
сент. 16, 2025 8:21:57 PM webapp.storage.AbstractStorage save
INFO: &amp#27;[32mSave 0ebd8343-d5da-46c2-bb15-d8e6e2cd74d1(uuid856)
сент. 16, 2025 8:21:57 PM webapp.storage.AbstractStorage save
INFO: &amp#27;[32mSave f5919f07-7a9a-420c-ac9a-6c0cbdcae998(uuid857)
сент. 16, 2025 8:21:57 PM webapp.storage.AbstractStorage save
INFO: &amp#27;[32mSave 7aae236c-3d0a-41ee-b907-8fe33b80343b(uuid858)
сент. 16, 2025 8:21:57 PM webapp.storage.AbstractStorage save
INFO: &amp#27;[32mSave 8dcfad3b-c624-4f79-934f-9453267617e5(uuid859)
сент. 16, 2025 8:21:57 PM webapp.storage.AbstractStorage save
INFO: &amp#27;[32mSave 3da400e6-f026-4c01-bb5f-5131be60b286(uuid860)
сент. 16, 2025 8:21:57 PM webapp.storage.AbstractStorage save
INFO: &amp#27;[32mSave 8cf14f81-2fc9-4262-952f-90a915d5c940(uuid861)
сент. 16, 2025 8:21:57 PM webapp.storage.AbstractStorage save
INFO: &amp#27;[32mSave f33896eb-8d9d-432b-85b3-6d068337a577(uuid862)
сент. 16, 2025 8:21:57 PM webapp.storage.AbstractStorage save
INFO: &amp#27;[32mSave ba841e7b-e2f4-42f7-9df5-760769d9a67f(uuid863)
сент. 16, 2025 8:21:57 PM webapp.storage.AbstractStorage save
INFO: &amp#27;[32mSave 7799c4b6-856c-41fd-b846-afe31b69ddea(uuid864)
сент. 16, 2025 8:21:57 PM webapp.storage.AbstractStorage save
INFO: &amp#27;[32mSave 1c81f7de-7dc1-4e88-a758-f0d94f74dd37(uuid865)
сент. 16, 2025 8:21:57 PM webapp.storage.AbstractStorage save
INFO: &amp#27;[32mSave 045464bd-4e70-4ba2-a1ba-6a208424f9e1(uuid866)
сент. 16, 2025 8:21:57 PM webapp.storage.AbstractStorage save
INFO: &amp#27;[32mSave deada4ac-d534-443f-9f97-d6265958e9b3(uuid867)
сент. 16, 2025 8:21:57 PM webapp.storage.AbstractStorage save
INFO: &amp#27;[32mSave 5fbd8e5e-5884-41ca-a80f-342e675d3e67(uuid868)
сент. 16, 2025 8:21:57 PM webapp.storage.AbstractStorage save
INFO: &amp#27;[32mSave 547fdc40-7f0b-4b94-b25b-39cab5816837(uuid869)
сент. 16, 2025 8:21:57 PM webapp.storage.AbstractStorage save
INFO: &amp#27;[32mSave c70eaaab-3708-4979-aa57-4f392d65b37e(uuid870)
сент. 16, 2025 8:21:57 PM webapp.storage.AbstractStorage save
INFO: &amp#27;[32mSave 621f064d-567f-41cb-8ee1-7d8c110db238(uuid871)
сент. 16, 2025 8:21:57 PM webapp.storage.AbstractStorage save
INFO: &amp#27;[32mSave 11f0aa78-5669-44f6-a09b-c29337700908(uuid872)
сент. 16, 2025 8:21:57 PM webapp.storage.AbstractStorage save
INFO: &amp#27;[32mSave 6a420b06-7d68-486b-98b4-d000c241c218(uuid873)
сент. 16, 2025 8:21:57 PM webapp.storage.AbstractStorage save
INFO: &amp#27;[32mSave 9cebae0b-0a83-4939-955a-be5e23445b10(uuid874)
сент. 16, 2025 8:21:57 PM webapp.storage.AbstractStorage save
INFO: &amp#27;[32mSave 7d91e110-2d7d-4b3a-95ce-4e087999c393(uuid875)
сент. 16, 2025 8:21:57 PM webapp.storage.AbstractStorage save
INFO: &amp#27;[32mSave 5db03279-983a-4309-883f-4cd166d1f1ef(uuid876)
сент. 16, 2025 8:21:57 PM webapp.storage.AbstractStorage save
INFO: &amp#27;[32mSave 6a063cb8-0408-4162-97ea-ecd79c9ba728(uuid877)
сент. 16, 2025 8:21:57 PM webapp.storage.AbstractStorage save
INFO: &amp#27;[32mSave bca7b8a7-10a5-4d6e-95f4-f8dcc2f87a2c(uuid878)
сент. 16, 2025 8:21:57 PM webapp.storage.AbstractStorage save
INFO: &amp#27;[32mSave 7a705b41-b936-4696-b1da-6c2c579bf71c(uuid879)
сент. 16, 2025 8:21:57 PM webapp.storage.AbstractStorage save
INFO: &amp#27;[32mSave b048fa68-ac69-44c2-862f-00bbadbf14fe(uuid880)
сент. 16, 2025 8:21:57 PM webapp.storage.AbstractStorage save
INFO: &amp#27;[32mSave 83ddc4d1-78cb-4b49-9a24-0b32cfa6cf81(uuid881)
сент. 16, 2025 8:21:57 PM webapp.storage.AbstractStorage save
INFO: &amp#27;[32mSave e7d0d3ab-0505-4ff5-ade4-a192bc3ea364(uuid882)
сент. 16, 2025 8:21:57 PM webapp.storage.AbstractStorage save
INFO: &amp#27;[32mSave 5ded8b92-0cfe-4262-9dc0-deb3b5b0670e(uuid883)
сент. 16, 2025 8:21:57 PM webapp.storage.AbstractStorage save
INFO: &amp#27;[32mSave 810fd3b8-d5d0-4dc2-b6ef-36cea675ed4c(uuid884)
сент. 16, 2025 8:21:57 PM webapp.storage.AbstractStorage save
INFO: &amp#27;[32mSave 003964b2-2a85-426b-9148-a14d5e6c968b(uuid885)
сент. 16, 2025 8:21:57 PM webapp.storage.AbstractStorage save
INFO: &amp#27;[32mSave 79a231d1-7c10-4097-9b0d-6be440081862(uuid886)
сент. 16, 2025 8:21:57 PM webapp.storage.AbstractStorage save
INFO: &amp#27;[32mSave 3d0c5505-5ac5-4e9a-9808-10331681fd37(uuid887)
сент. 16, 2025 8:21:57 PM webapp.storage.AbstractStorage save
INFO: &amp#27;[32mSave 6c927819-b0d9-4250-ab18-c8f0462c5a9a(uuid888)
сент. 16, 2025 8:21:57 PM webapp.storage.AbstractStorage save
INFO: &amp#27;[32mSave 63d021a3-fa0e-41fc-a547-6592c276760d(uuid889)
сент. 16, 2025 8:21:57 PM webapp.storage.AbstractStorage save
INFO: &amp#27;[32mSave 2dea7673-0ef0-42eb-a407-107973f94b7c(uuid890)
сент. 16, 2025 8:21:57 PM webapp.storage.AbstractStorage save
INFO: &amp#27;[32mSave 8bcd4444-0c96-4dd5-a30b-4b583e7f6f96(uuid891)
сент. 16, 2025 8:21:57 PM webapp.storage.AbstractStorage save
INFO: &amp#27;[32mSave 622ab2d6-3fb0-42db-acf2-db0edb3f5fb6(uuid892)
сент. 16, 2025 8:21:57 PM webapp.storage.AbstractStorage save
INFO: &amp#27;[32mSave f2fd984d-4272-4153-bec5-9a27de822977(uuid893)
сент. 16, 2025 8:21:57 PM webapp.storage.AbstractStorage save
INFO: &amp#27;[32mSave 1e6a9a87-4825-49e2-a5b7-5a14df4c32dc(uuid894)
сент. 16, 2025 8:21:57 PM webapp.storage.AbstractStorage save
INFO: &amp#27;[32mSave e894df1c-166a-4128-8bb1-dc0562fe0262(uuid895)
сент. 16, 2025 8:21:57 PM webapp.storage.AbstractStorage save
INFO: &amp#27;[32mSave 7f4a65fc-245f-4808-84b5-0c4e9f9507cd(uuid896)
сент. 16, 2025 8:21:57 PM webapp.storage.AbstractStorage save
INFO: &amp#27;[32mSave b747ed27-a91a-4a27-a0ae-1ab1780c4efb(uuid897)
сент. 16, 2025 8:21:57 PM webapp.storage.AbstractStorage save
INFO: &amp#27;[32mSave 474ad8a0-51c0-4cb5-9675-8b03d3643fa3(uuid898)
сент. 16, 2025 8:21:57 PM webapp.storage.AbstractStorage save
INFO: &amp#27;[32mSave 79fe055b-100a-4b9f-8374-b8cbc0678bb0(uuid899)
сент. 16, 2025 8:21:57 PM webapp.storage.AbstractStorage save
INFO: &amp#27;[32mSave c46c473f-e4df-41c7-8450-ab1ca3033707(uuid900)
сент. 16, 2025 8:21:57 PM webapp.storage.AbstractStorage save
INFO: &amp#27;[32mSave 5f7b6a94-bc1e-4921-9f0e-a46dc8096712(uuid901)
сент. 16, 2025 8:21:57 PM webapp.storage.AbstractStorage save
INFO: &amp#27;[32mSave 73e79785-4428-4bbd-b8e9-1863ec59aa0d(uuid902)
сент. 16, 2025 8:21:57 PM webapp.storage.AbstractStorage save
INFO: &amp#27;[32mSave cd09981c-8fb6-4d97-8e0f-61ee43385dd3(uuid903)
сент. 16, 2025 8:21:57 PM webapp.storage.AbstractStorage save
INFO: &amp#27;[32mSave bd214f44-fa17-4bb7-a86d-227edbe65ea3(uuid904)
сент. 16, 2025 8:21:57 PM webapp.storage.AbstractStorage save
INFO: &amp#27;[32mSave c74f7331-964e-4771-b4d2-cee739676223(uuid905)
сент. 16, 2025 8:21:57 PM webapp.storage.AbstractStorage save
INFO: &amp#27;[32mSave 568fab46-13cc-4d10-8e8d-ce6141f69801(uuid906)
сент. 16, 2025 8:21:57 PM webapp.storage.AbstractStorage save
INFO: &amp#27;[32mSave 2dcd388c-32f5-4049-9026-d355866260a0(uuid907)
сент. 16, 2025 8:21:57 PM webapp.storage.AbstractStorage save
INFO: &amp#27;[32mSave f5bf1b38-4f1b-4b20-aa0b-6f2b5f854d5d(uuid908)
сент. 16, 2025 8:21:57 PM webapp.storage.AbstractStorage save
INFO: &amp#27;[32mSave f40ab2ab-48ad-4dcd-a1bb-459f1b5d533d(uuid909)
сент. 16, 2025 8:21:57 PM webapp.storage.AbstractStorage save
INFO: &amp#27;[32mSave ef6f04cd-4cf6-4f8a-9b99-3f64f8ecf098(uuid910)
сент. 16, 2025 8:21:57 PM webapp.storage.AbstractStorage save
INFO: &amp#27;[32mSave c53ad299-3758-467c-ac75-1888f6bbe640(uuid911)
сент. 16, 2025 8:21:57 PM webapp.storage.AbstractStorage save
INFO: &amp#27;[32mSave bd16013e-f867-4b62-8a6d-d8ef14b2d09d(uuid912)
сент. 16, 2025 8:21:57 PM webapp.storage.AbstractStorage save
INFO: &amp#27;[32mSave 7fb64ae2-b835-4bdb-a6cb-bd4ab46ed369(uuid913)
сент. 16, 2025 8:21:57 PM webapp.storage.AbstractStorage save
INFO: &amp#27;[32mSave 0f3474d9-86a2-4410-abe7-51862dfb3f0f(uuid914)
сент. 16, 2025 8:21:57 PM webapp.storage.AbstractStorage save
INFO: &amp#27;[32mSave f5d5161d-68df-4c09-8ba7-0e24851c2403(uuid915)
сент. 16, 2025 8:21:57 PM webapp.storage.AbstractStorage save
INFO: &amp#27;[32mSave db33e5fa-3972-40c8-a7a1-da11e06ef70d(uuid916)
сент. 16, 2025 8:21:57 PM webapp.storage.AbstractStorage save
INFO: &amp#27;[32mSave 5c5407ce-f9fa-4b32-8b7d-cfbdf477c7be(uuid917)
сент. 16, 2025 8:21:57 PM webapp.storage.AbstractStorage save
INFO: &amp#27;[32mSave 677bea70-b28d-49d6-959a-047faae65d05(uuid918)
сент. 16, 2025 8:21:57 PM webapp.storage.AbstractStorage save
INFO: &amp#27;[32mSave 84916c19-20e1-443a-8fc6-68ef65244faa(uuid919)
сент. 16, 2025 8:21:57 PM webapp.storage.AbstractStorage save
INFO: &amp#27;[32mSave 5eee93f8-affd-47d1-8838-b71ba9db0019(uuid920)
сент. 16, 2025 8:21:57 PM webapp.storage.AbstractStorage save
INFO: &amp#27;[32mSave 336c48f6-70c5-4695-86d4-6928fac08a0c(uuid921)
сент. 16, 2025 8:21:57 PM webapp.storage.AbstractStorage save
INFO: &amp#27;[32mSave 00d93617-7791-44ab-807f-f325d62c7281(uuid922)
сент. 16, 2025 8:21:57 PM webapp.storage.AbstractStorage save
INFO: &amp#27;[32mSave 5e461bbd-9678-43b5-87d7-6190d0eee929(uuid923)
сент. 16, 2025 8:21:57 PM webapp.storage.AbstractStorage save
INFO: &amp#27;[32mSave 3d329a0d-6a8d-4a71-bd4b-4aaf38246b64(uuid924)
сент. 16, 2025 8:21:57 PM webapp.storage.AbstractStorage save
INFO: &amp#27;[32mSave 3d9a8b7e-77e7-4bdc-8ef7-00a2bbe0a9f8(uuid925)
сент. 16, 2025 8:21:57 PM webapp.storage.AbstractStorage save
INFO: &amp#27;[32mSave 498767cd-d705-43b9-a532-7e851cf4b26b(uuid926)
сент. 16, 2025 8:21:57 PM webapp.storage.AbstractStorage save
INFO: &amp#27;[32mSave d8f75a55-d8a0-4228-b44b-01f7dae48cd0(uuid927)
сент. 16, 2025 8:21:57 PM webapp.storage.AbstractStorage save
INFO: &amp#27;[32mSave 0365bd47-307e-469e-8cf8-5173219bb640(uuid928)
сент. 16, 2025 8:21:57 PM webapp.storage.AbstractStorage save
INFO: &amp#27;[32mSave f9fdb095-808f-4308-83a1-3960db5f12c5(uuid929)
сент. 16, 2025 8:21:57 PM webapp.storage.AbstractStorage save
INFO: &amp#27;[32mSave df21892a-3aab-45be-a637-85c1e6dbd7fc(uuid930)
сент. 16, 2025 8:21:57 PM webapp.storage.AbstractStorage save
INFO: &amp#27;[32mSave 7b8c4948-4b73-4a29-ae79-b7d240af91f8(uuid931)
сент. 16, 2025 8:21:57 PM webapp.storage.AbstractStorage save
INFO: &amp#27;[32mSave 93c051a1-17ba-4f77-b5a8-3bdf420fa8aa(uuid932)
сент. 16, 2025 8:21:57 PM webapp.storage.AbstractStorage save
INFO: &amp#27;[32mSave ec0ab15b-268e-4139-9905-b90226c7fe79(uuid933)
сент. 16, 2025 8:21:57 PM webapp.storage.AbstractStorage save
INFO: &amp#27;[32mSave 3896b299-356c-4f78-b64c-07ac1e27416b(uuid934)
сент. 16, 2025 8:21:57 PM webapp.storage.AbstractStorage save
INFO: &amp#27;[32mSave 17d904d6-e481-43af-bd28-4ad97984d0c7(uuid935)
сент. 16, 2025 8:21:57 PM webapp.storage.AbstractStorage save
INFO: &amp#27;[32mSave e450b719-669e-4fca-8a5c-d3fda4b9cd6c(uuid936)
сент. 16, 2025 8:21:57 PM webapp.storage.AbstractStorage save
INFO: &amp#27;[32mSave 476f284d-c26f-47bc-8c30-5d677c8154d0(uuid937)
сент. 16, 2025 8:21:57 PM webapp.storage.AbstractStorage save
INFO: &amp#27;[32mSave e2cb652e-582f-4a1e-809a-df2a98bce79f(uuid938)
сент. 16, 2025 8:21:57 PM webapp.storage.AbstractStorage save
INFO: &amp#27;[32mSave 7414055c-ba9b-4101-a96f-e86ad3054ea5(uuid939)
сент. 16, 2025 8:21:57 PM webapp.storage.AbstractStorage save
INFO: &amp#27;[32mSave 8c707b19-d78e-45c9-befb-fdb0c7504b73(uuid940)
сент. 16, 2025 8:21:57 PM webapp.storage.AbstractStorage save
INFO: &amp#27;[32mSave 1c2e6d76-c459-4881-9038-45a903cf321c(uuid941)
сент. 16, 2025 8:21:57 PM webapp.storage.AbstractStorage save
INFO: &amp#27;[32mSave ccc3e9ac-9bab-4b34-89fd-74bbcfaea89f(uuid942)
сент. 16, 2025 8:21:57 PM webapp.storage.AbstractStorage save
INFO: &amp#27;[32mSave 972e58e2-5927-4290-b98d-5b011d3a8a0c(uuid943)
сент. 16, 2025 8:21:57 PM webapp.storage.AbstractStorage save
INFO: &amp#27;[32mSave f94da73b-9335-4abf-ac13-9a96f429172a(uuid944)
сент. 16, 2025 8:21:57 PM webapp.storage.AbstractStorage save
INFO: &amp#27;[32mSave e83a50ec-3711-4f08-8359-c8c37a5619f3(uuid945)
сент. 16, 2025 8:21:57 PM webapp.storage.AbstractStorage save
INFO: &amp#27;[32mSave a3502722-a636-4c66-b0b5-f1dc64a4a5ca(uuid946)
сент. 16, 2025 8:21:57 PM webapp.storage.AbstractStorage save
INFO: &amp#27;[32mSave 2144466b-3da4-45c3-96f9-4508eb459504(uuid947)
сент. 16, 2025 8:21:57 PM webapp.storage.AbstractStorage save
INFO: &amp#27;[32mSave cafc73cb-3733-4850-a6d6-4f1c110b063a(uuid948)
сент. 16, 2025 8:21:57 PM webapp.storage.AbstractStorage save
INFO: &amp#27;[32mSave 1cb0f5bd-c13f-458f-8186-06e9eca89a96(uuid949)
сент. 16, 2025 8:21:57 PM webapp.storage.AbstractStorage save
INFO: &amp#27;[32mSave 1bfd034c-62e0-47d5-859a-c3b189ffffc3(uuid950)
сент. 16, 2025 8:21:57 PM webapp.storage.AbstractStorage save
INFO: &amp#27;[32mSave a73c48eb-1308-4c76-b98b-9081cf76c464(uuid951)
сент. 16, 2025 8:21:57 PM webapp.storage.AbstractStorage save
INFO: &amp#27;[32mSave 24c0b417-8889-422a-84ff-c071aafba235(uuid952)
сент. 16, 2025 8:21:57 PM webapp.storage.AbstractStorage save
INFO: &amp#27;[32mSave 24468470-1c00-45ac-819f-f60a3b39f878(uuid953)
сент. 16, 2025 8:21:57 PM webapp.storage.AbstractStorage save
INFO: &amp#27;[32mSave 17c5fe9d-4f40-4cc3-9fdd-2f67cecb2348(uuid954)
сент. 16, 2025 8:21:57 PM webapp.storage.AbstractStorage save
INFO: &amp#27;[32mSave 0952a35f-c099-4488-bcb4-08bcf6fc4c05(uuid955)
сент. 16, 2025 8:21:57 PM webapp.storage.AbstractStorage save
INFO: &amp#27;[32mSave 0be8ad50-ec3c-41f8-9c59-9ebb0aac36d1(uuid956)
сент. 16, 2025 8:21:57 PM webapp.storage.AbstractStorage save
INFO: &amp#27;[32mSave bb952a20-10ed-4580-ac0c-7f3f9bf07fb0(uuid957)
сент. 16, 2025 8:21:57 PM webapp.storage.AbstractStorage save
INFO: &amp#27;[32mSave 740ea01f-4a5c-4fa7-b8fb-909529ac73e6(uuid958)
сент. 16, 2025 8:21:57 PM webapp.storage.AbstractStorage save
INFO: &amp#27;[32mSave e7b94a64-6d8b-4f22-9607-c2bdbf6f45fb(uuid959)
сент. 16, 2025 8:21:57 PM webapp.storage.AbstractStorage save
INFO: &amp#27;[32mSave ecbe8a63-166a-4b94-9434-9025c2ff6fd2(uuid960)
сент. 16, 2025 8:21:57 PM webapp.storage.AbstractStorage save
INFO: &amp#27;[32mSave 85e200ca-e5ba-40b4-ae23-e88d0e07e11d(uuid961)
сент. 16, 2025 8:21:57 PM webapp.storage.AbstractStorage save
INFO: &amp#27;[32mSave 9f17f144-71a3-4aaa-baaa-24a5641a79bb(uuid962)
сент. 16, 2025 8:21:57 PM webapp.storage.AbstractStorage save
INFO: &amp#27;[32mSave 131792c2-1f39-4d6b-86e1-4fe6230480a7(uuid963)
сент. 16, 2025 8:21:57 PM webapp.storage.AbstractStorage save
INFO: &amp#27;[32mSave c1e49ef0-6dfe-453e-96fb-a356900b6232(uuid964)
сент. 16, 2025 8:21:57 PM webapp.storage.AbstractStorage save
INFO: &amp#27;[32mSave 6858ea73-85de-41a4-b935-50ee66a984b5(uuid965)
сент. 16, 2025 8:21:57 PM webapp.storage.AbstractStorage save
INFO: &amp#27;[32mSave 45599caa-3b24-45da-bedb-9cf058d8a591(uuid966)
сент. 16, 2025 8:21:57 PM webapp.storage.AbstractStorage save
INFO: &amp#27;[32mSave 4cc4ca6a-fe3b-4698-bba9-971218ebd161(uuid967)
сент. 16, 2025 8:21:57 PM webapp.storage.AbstractStorage save
INFO: &amp#27;[32mSave 35b94661-f99f-4bcb-8448-d8725cc86397(uuid968)
сент. 16, 2025 8:21:57 PM webapp.storage.AbstractStorage save
INFO: &amp#27;[32mSave a4311205-e2d0-441c-9f4c-8bf119072bf8(uuid969)
сент. 16, 2025 8:21:57 PM webapp.storage.AbstractStorage save
INFO: &amp#27;[32mSave edda2a7e-7b06-450c-9c00-2b9a44775556(uuid970)
сент. 16, 2025 8:21:57 PM webapp.storage.AbstractStorage save
INFO: &amp#27;[32mSave 7241f516-f91f-4d18-be8d-7d1615c795cb(uuid971)
сент. 16, 2025 8:21:57 PM webapp.storage.AbstractStorage save
INFO: &amp#27;[32mSave d95fd61d-b43b-453a-8a6d-a47429cdba79(uuid972)
сент. 16, 2025 8:21:57 PM webapp.storage.AbstractStorage save
INFO: &amp#27;[32mSave 4f04042f-bf3c-42e1-a74f-b7eb9949aedc(uuid973)
сент. 16, 2025 8:21:57 PM webapp.storage.AbstractStorage save
INFO: &amp#27;[32mSave 12f94da5-a8c9-438e-9614-9921a52914b5(uuid974)
сент. 16, 2025 8:21:57 PM webapp.storage.AbstractStorage save
INFO: &amp#27;[32mSave 7d730714-e318-479b-a98d-a5bdc4dd0b7a(uuid975)
сент. 16, 2025 8:21:57 PM webapp.storage.AbstractStorage save
INFO: &amp#27;[32mSave 0b239832-ac95-413c-bf5d-22eadfb1d95d(uuid976)
сент. 16, 2025 8:21:57 PM webapp.storage.AbstractStorage save
INFO: &amp#27;[32mSave d7165e92-b7db-4b60-8762-762d53baf99a(uuid977)
сент. 16, 2025 8:21:57 PM webapp.storage.AbstractStorage save
INFO: &amp#27;[32mSave 273cec25-1211-443e-8e97-048b93579844(uuid978)
сент. 16, 2025 8:21:57 PM webapp.storage.AbstractStorage save
INFO: &amp#27;[32mSave e11c1423-87e8-468d-b7cb-eb40f51decad(uuid979)
сент. 16, 2025 8:21:57 PM webapp.storage.AbstractStorage save
INFO: &amp#27;[32mSave 7b00faf1-6620-4446-8101-6bc77e6a1fe0(uuid980)
сент. 16, 2025 8:21:57 PM webapp.storage.AbstractStorage save
INFO: &amp#27;[32mSave b54be207-e754-4207-928f-e7e0b42eef8a(uuid981)
сент. 16, 2025 8:21:57 PM webapp.storage.AbstractStorage save
INFO: &amp#27;[32mSave bcdb927c-a182-43aa-acfc-653124628a20(uuid982)
сент. 16, 2025 8:21:57 PM webapp.storage.AbstractStorage save
INFO: &amp#27;[32mSave 86170221-0ab2-4a52-8274-4a6bb60084c4(uuid983)
сент. 16, 2025 8:21:57 PM webapp.storage.AbstractStorage save
INFO: &amp#27;[32mSave 48d0e2bf-bd10-42ca-9d24-5f20411d0213(uuid984)
сент. 16, 2025 8:21:57 PM webapp.storage.AbstractStorage save
INFO: &amp#27;[32mSave ad1e56aa-0865-4292-ac63-a3009842718c(uuid985)
сент. 16, 2025 8:21:57 PM webapp.storage.AbstractStorage save
INFO: &amp#27;[32mSave c72de616-75e9-497b-82f7-887a106069dc(uuid986)
сент. 16, 2025 8:21:57 PM webapp.storage.AbstractStorage save
INFO: &amp#27;[32mSave caf14b94-5997-4290-aa6c-b5ad5492d890(uuid987)
сент. 16, 2025 8:21:57 PM webapp.storage.AbstractStorage save
INFO: &amp#27;[32mSave c723f379-bdde-4350-86b5-77ecb8432488(uuid988)
сент. 16, 2025 8:21:57 PM webapp.storage.AbstractStorage save
INFO: &amp#27;[32mSave 41fdae6f-5ee4-434f-b909-3a7c54a00fc5(uuid989)
сент. 16, 2025 8:21:57 PM webapp.storage.AbstractStorage save
INFO: &amp#27;[32mSave 6620caf5-6bf5-4c9d-afaf-13a91e334a5b(uuid990)
сент. 16, 2025 8:21:57 PM webapp.storage.AbstractStorage save
INFO: &amp#27;[32mSave 3c1a6569-7140-4199-aeb8-56840e396ade(uuid991)
сент. 16, 2025 8:21:57 PM webapp.storage.AbstractStorage save
INFO: &amp#27;[32mSave ad4cc5ec-1a21-49b0-929d-44fc31e6ca78(uuid992)
сент. 16, 2025 8:21:57 PM webapp.storage.AbstractStorage save
INFO: &amp#27;[32mSave 069c6401-b6e2-4450-b152-e65a60bdc52a(uuid993)
сент. 16, 2025 8:21:57 PM webapp.storage.AbstractStorage save
INFO: &amp#27;[32mSave 0f6566df-9de5-4654-b080-ffa9d675c90e(uuid994)
сент. 16, 2025 8:21:57 PM webapp.storage.AbstractStorage save
INFO: &amp#27;[32mSave b58398df-03d1-4c55-b72d-b8e816230795(uuid995)
сент. 16, 2025 8:21:57 PM webapp.storage.AbstractStorage save
INFO: &amp#27;[32mSave 9369fbe5-0b29-4fca-9f2d-6524861b721b(uuid996)
сент. 16, 2025 8:21:57 PM webapp.storage.AbstractStorage save
INFO: &amp#27;[32mSave b1bf9319-1c15-4883-9190-a40f78e615f0(uuid997)
сент. 16, 2025 8:21:57 PM webapp.storage.AbstractStorage save
INFO: &amp#27;[32mSave b53b64ff-3259-4943-8493-f19d0a90d0c5(uuid998)
сент. 16, 2025 8:21:57 PM webapp.storage.AbstractStorage save
INFO: &amp#27;[32mSave b3a7b201-3d4f-4846-9b86-e43619e717f3(uuid999)
сент. 16, 2025 8:21:57 PM webapp.storage.AbstractStorage save
INFO: &amp#27;[32mSave d1c145a2-fcb5-4a78-a53c-129c90d7261f(uuid1000)
сент. 16, 2025 8:21:57 PM webapp.storage.AbstractStorage save
INFO: &amp#27;[32mSave 728acd20-1dea-4179-b7ca-2cb0e92e4205(uuid1001)
сент. 16, 2025 8:21:57 PM webapp.storage.AbstractStorage save
INFO: &amp#27;[32mSave c2bc11c2-3f61-439e-b3f9-a594d5a653f9(uuid1002)
сент. 16, 2025 8:21:57 PM webapp.storage.AbstractStorage save
INFO: &amp#27;[32mSave b659eeec-8a97-4533-9e26-68b312ab827f(uuid1003)
сент. 16, 2025 8:21:57 PM webapp.storage.AbstractStorage save
INFO: &amp#27;[32mSave 7afb9ba0-edcc-400e-a1fa-3e0fb113ec6d(uuid1004)
сент. 16, 2025 8:21:57 PM webapp.storage.AbstractStorage save
INFO: &amp#27;[32mSave e28d9ce7-5460-494d-8e6b-a84b7218a251(uuid1005)
сент. 16, 2025 8:21:57 PM webapp.storage.AbstractStorage save
INFO: &amp#27;[32mSave 3ef7a3e5-bc88-4fc3-8183-cb3eef51f060(uuid1006)
сент. 16, 2025 8:21:57 PM webapp.storage.AbstractStorage save
INFO: &amp#27;[32mSave 888b39bf-bdd1-4ff3-9226-cb1c9eb923c2(uuid1007)
сент. 16, 2025 8:21:57 PM webapp.storage.AbstractStorage save
INFO: &amp#27;[32mSave a57612f4-eb5d-4db4-b5d0-7b822e633ce7(uuid1008)
сент. 16, 2025 8:21:57 PM webapp.storage.AbstractStorage save
INFO: &amp#27;[32mSave 386b250c-d922-43ff-8fe1-cdd99d4bbbc8(uuid1009)
сент. 16, 2025 8:21:57 PM webapp.storage.AbstractStorage save
INFO: &amp#27;[32mSave a9e6da4e-b601-4254-a8e6-9d1149e44ea2(uuid1010)
сент. 16, 2025 8:21:57 PM webapp.storage.AbstractStorage save
INFO: &amp#27;[32mSave 79df7d35-a279-45df-a57a-201d5dc9ac91(uuid1011)
сент. 16, 2025 8:21:57 PM webapp.storage.AbstractStorage save
INFO: &amp#27;[32mSave 9616aa69-22ca-4a34-9a34-d8e1f918bca7(uuid1012)
сент. 16, 2025 8:21:57 PM webapp.storage.AbstractStorage save
INFO: &amp#27;[32mSave 2b176ef0-ba31-47b9-8ea8-9d0b8493e3cb(uuid1013)
сент. 16, 2025 8:21:57 PM webapp.storage.AbstractStorage save
INFO: &amp#27;[32mSave 58fb9a81-d4ac-4a91-a5bd-aa5df2a4d712(uuid1014)
сент. 16, 2025 8:21:57 PM webapp.storage.AbstractStorage save
INFO: &amp#27;[32mSave db6bae94-d3ca-482c-b471-1a5b5f132ed8(uuid1015)
сент. 16, 2025 8:21:57 PM webapp.storage.AbstractStorage save
INFO: &amp#27;[32mSave f28be6ed-0d01-4c47-8425-4d9bda8b2d39(uuid1016)
сент. 16, 2025 8:21:57 PM webapp.storage.AbstractStorage save
INFO: &amp#27;[32mSave 0e7cc831-3a4d-4829-9127-05d7849641cd(uuid1017)
сент. 16, 2025 8:21:57 PM webapp.storage.AbstractStorage save
INFO: &amp#27;[32mSave 8c5017a3-e7e3-4a8b-b5cc-65a289175695(uuid1018)
сент. 16, 2025 8:21:57 PM webapp.storage.AbstractStorage save
INFO: &amp#27;[32mSave c521bf1c-1c27-4b18-8b83-52cf44dee008(uuid1019)
сент. 16, 2025 8:21:57 PM webapp.storage.AbstractStorage save
INFO: &amp#27;[32mSave 83486e59-bbf7-4ccc-9dfc-d28b7b05e05f(uuid1020)
сент. 16, 2025 8:21:57 PM webapp.storage.AbstractStorage save
INFO: &amp#27;[32mSave 7dacaee8-fe5f-4990-81ba-c1e3551bcfb1(uuid1021)
сент. 16, 2025 8:21:57 PM webapp.storage.AbstractStorage save
INFO: &amp#27;[32mSave 7e8c3a8b-a613-4b2e-9cc2-1484a3d1c705(uuid1022)
сент. 16, 2025 8:21:57 PM webapp.storage.AbstractStorage save
INFO: &amp#27;[32mSave 9b8c63ca-7ef6-4d7d-af1f-fb45f926ea69(uuid1023)
сент. 16, 2025 8:21:57 PM webapp.storage.AbstractStorage save
INFO: &amp#27;[32mSave 5751f92a-6a57-4e62-8cea-c958dc23bc0d(uuid1024)
сент. 16, 2025 8:21:57 PM webapp.storage.AbstractStorage save
INFO: &amp#27;[32mSave 8658f6a7-16d4-4c9b-a050-1fd29f556646(uuid1025)
сент. 16, 2025 8:21:57 PM webapp.storage.AbstractStorage save
INFO: &amp#27;[32mSave 951d608b-bd3c-4089-bbc9-81341a5a2937(uuid1026)
сент. 16, 2025 8:21:57 PM webapp.storage.AbstractStorage save
INFO: &amp#27;[32mSave bb790f7d-d159-4ff7-99e7-937f5acce9ea(uuid1027)
сент. 16, 2025 8:21:57 PM webapp.storage.AbstractStorage save
INFO: &amp#27;[32mSave 0e23ca83-8953-4640-a137-5651bf7e1477(uuid1028)
сент. 16, 2025 8:21:57 PM webapp.storage.AbstractStorage save
INFO: &amp#27;[32mSave d5dc57c6-db8a-4a7c-850a-b1bf9a23e247(uuid1029)
сент. 16, 2025 8:21:57 PM webapp.storage.AbstractStorage save
INFO: &amp#27;[32mSave a09522ec-dca8-435f-b1e5-74fc6203117c(uuid1030)
сент. 16, 2025 8:21:57 PM webapp.storage.AbstractStorage save
INFO: &amp#27;[32mSave 762df445-fbdc-4d5a-bc46-0ad61e3ad143(uuid1031)
сент. 16, 2025 8:21:57 PM webapp.storage.AbstractStorage save
INFO: &amp#27;[32mSave 84dcf7e9-4d08-4d53-894b-38d6e5af586a(uuid1032)
сент. 16, 2025 8:21:57 PM webapp.storage.AbstractStorage save
INFO: &amp#27;[32mSave 2b745906-1cac-4fa7-bc39-cadcf2601654(uuid1033)
сент. 16, 2025 8:21:57 PM webapp.storage.AbstractStorage save
INFO: &amp#27;[32mSave 8185bbc0-1ccf-437e-bcb0-42f41287cd40(uuid1034)
сент. 16, 2025 8:21:57 PM webapp.storage.AbstractStorage save
INFO: &amp#27;[32mSave 69f1a92b-69b6-4961-b8de-2a2e7208b0a7(uuid1035)
сент. 16, 2025 8:21:57 PM webapp.storage.AbstractStorage save
INFO: &amp#27;[32mSave a5040857-b658-44e7-ab66-7b576ffac84a(uuid1036)
сент. 16, 2025 8:21:57 PM webapp.storage.AbstractStorage save
INFO: &amp#27;[32mSave 4ff96295-165d-43f7-a2ac-4adbb9a187e7(uuid1037)
сент. 16, 2025 8:21:57 PM webapp.storage.AbstractStorage save
INFO: &amp#27;[32mSave 36296787-3674-4509-9eb1-036aeefaaf78(uuid1038)
сент. 16, 2025 8:21:57 PM webapp.storage.AbstractStorage save
INFO: &amp#27;[32mSave 854c0314-a01b-4fea-82eb-d1b898281671(uuid1039)
сент. 16, 2025 8:21:57 PM webapp.storage.AbstractStorage save
INFO: &amp#27;[32mSave 6fd7e10e-9296-4c22-a4d9-3e3a0090a38c(uuid1040)
сент. 16, 2025 8:21:57 PM webapp.storage.AbstractStorage save
INFO: &amp#27;[32mSave f938a422-3653-4e1c-b979-f73be5d6bc47(uuid1041)
сент. 16, 2025 8:21:57 PM webapp.storage.AbstractStorage save
INFO: &amp#27;[32mSave ecb2f8eb-32ee-42ad-92f1-8b985ed1b495(uuid1042)
сент. 16, 2025 8:21:57 PM webapp.storage.AbstractStorage save
INFO: &amp#27;[32mSave bac4cc6a-9d88-4c87-907c-35ebf2993a18(uuid1043)
сент. 16, 2025 8:21:57 PM webapp.storage.AbstractStorage save
INFO: &amp#27;[32mSave 5d2ee80e-3bf4-498c-90cb-93da2ee7fa66(uuid1044)
сент. 16, 2025 8:21:57 PM webapp.storage.AbstractStorage save
INFO: &amp#27;[32mSave cd043f54-5c20-46f5-b3b1-1b478fe35d90(uuid1045)
сент. 16, 2025 8:21:57 PM webapp.storage.AbstractStorage save
INFO: &amp#27;[32mSave 8cdcea07-dbb6-4ee7-b63e-63e35ce256ad(uuid1046)
сент. 16, 2025 8:21:57 PM webapp.storage.AbstractStorage save
INFO: &amp#27;[32mSave 78bbd2ca-247e-4659-89e7-cfcf3585e8a0(uuid1047)
сент. 16, 2025 8:21:57 PM webapp.storage.AbstractStorage save
INFO: &amp#27;[32mSave 7ff7f305-1ec7-4791-8b54-05956c454655(uuid1048)
сент. 16, 2025 8:21:57 PM webapp.storage.AbstractStorage save
INFO: &amp#27;[32mSave cbcd2791-44bc-45be-a8cf-4993f8524c76(uuid1049)
сент. 16, 2025 8:21:57 PM webapp.storage.AbstractStorage save
INFO: &amp#27;[32mSave 2d3a8599-a416-41a7-b47c-b461da72bc21(uuid1050)
сент. 16, 2025 8:21:57 PM webapp.storage.AbstractStorage save
INFO: &amp#27;[32mSave e3a4fddd-0848-488e-9594-d49befa22462(uuid1051)
сент. 16, 2025 8:21:57 PM webapp.storage.AbstractStorage save
INFO: &amp#27;[32mSave 7c303c20-622e-46b1-878e-71ef7482099c(uuid1052)
сент. 16, 2025 8:21:57 PM webapp.storage.AbstractStorage save
INFO: &amp#27;[32mSave f0a27921-9eab-4fc5-bf6c-b55facebb192(uuid1053)
сент. 16, 2025 8:21:57 PM webapp.storage.AbstractStorage save
INFO: &amp#27;[32mSave 102fbfa3-2f9a-4814-a399-1937448ff991(uuid1054)
сент. 16, 2025 8:21:57 PM webapp.storage.AbstractStorage save
INFO: &amp#27;[32mSave abf1ff30-4bf2-40a2-ab7f-c47960c30298(uuid1055)
сент. 16, 2025 8:21:57 PM webapp.storage.AbstractStorage save
INFO: &amp#27;[32mSave 9c250fd9-93b9-4646-8ced-6d1d5726949b(uuid1056)
сент. 16, 2025 8:21:57 PM webapp.storage.AbstractStorage save
INFO: &amp#27;[32mSave 497ffe7a-0445-4de7-a133-49a2d68b4e74(uuid1057)
сент. 16, 2025 8:21:57 PM webapp.storage.AbstractStorage save
INFO: &amp#27;[32mSave 10eadd80-4d6b-4ea7-8228-fff1fce8bf07(uuid1058)
сент. 16, 2025 8:21:57 PM webapp.storage.AbstractStorage save
INFO: &amp#27;[32mSave d99965ad-d943-4b00-8c4b-e668e9e903bb(uuid1059)
сент. 16, 2025 8:21:57 PM webapp.storage.AbstractStorage save
INFO: &amp#27;[32mSave df187bfd-6e45-417d-a0f1-84e14b51c328(uuid1060)
сент. 16, 2025 8:21:57 PM webapp.storage.AbstractStorage save
INFO: &amp#27;[32mSave 5c232627-165b-47cb-9192-e32f12f7a2a8(uuid1061)
сент. 16, 2025 8:21:57 PM webapp.storage.AbstractStorage save
INFO: &amp#27;[32mSave 9883f16a-2315-4566-ad9e-bb21ea98d234(uuid1062)
сент. 16, 2025 8:21:57 PM webapp.storage.AbstractStorage save
INFO: &amp#27;[32mSave 287b8cde-d921-47c7-a940-0e6e40c9e05e(uuid1063)
сент. 16, 2025 8:21:57 PM webapp.storage.AbstractStorage save
INFO: &amp#27;[32mSave 0227c90f-76c3-49c2-8b65-6d68963fbf6a(uuid1064)
сент. 16, 2025 8:21:57 PM webapp.storage.AbstractStorage save
INFO: &amp#27;[32mSave 9690ca8f-37ce-4dbb-a70e-a6083732f2e1(uuid1065)
сент. 16, 2025 8:21:57 PM webapp.storage.AbstractStorage save
INFO: &amp#27;[32mSave 54aadb1a-9c3e-4688-87bc-3372f0d78b2b(uuid1066)
сент. 16, 2025 8:21:57 PM webapp.storage.AbstractStorage save
INFO: &amp#27;[32mSave b004d8d7-a0f9-424e-98c2-4e3af1f9f80d(uuid1067)
сент. 16, 2025 8:21:57 PM webapp.storage.AbstractStorage save
INFO: &amp#27;[32mSave 001b097a-9af6-46a4-88a9-81953c47a1e7(uuid1068)
сент. 16, 2025 8:21:57 PM webapp.storage.AbstractStorage save
INFO: &amp#27;[32mSave 20855225-f48a-451f-985c-682a97b9b3c3(uuid1069)
сент. 16, 2025 8:21:57 PM webapp.storage.AbstractStorage save
INFO: &amp#27;[32mSave 53d7a7e4-a316-402d-8f5c-7780b1586f51(uuid1070)
сент. 16, 2025 8:21:57 PM webapp.storage.AbstractStorage save
INFO: &amp#27;[32mSave 8f04bf71-9b36-4101-bccc-bda233e88299(uuid1071)
сент. 16, 2025 8:21:57 PM webapp.storage.AbstractStorage save
INFO: &amp#27;[32mSave 39fcb75c-a0b7-4a84-aa5f-42e829c3ef51(uuid1072)
сент. 16, 2025 8:21:57 PM webapp.storage.AbstractStorage save
INFO: &amp#27;[32mSave 64019a54-cc9e-41ca-9207-01faae754d1d(uuid1073)
сент. 16, 2025 8:21:57 PM webapp.storage.AbstractStorage save
INFO: &amp#27;[32mSave 3f15c2b9-078c-49fa-a396-85aef7a5d343(uuid1074)
сент. 16, 2025 8:21:57 PM webapp.storage.AbstractStorage save
INFO: &amp#27;[32mSave e54c7c2a-bb8f-4394-a9b3-ef67d4cede3a(uuid1075)
сент. 16, 2025 8:21:57 PM webapp.storage.AbstractStorage save
INFO: &amp#27;[32mSave ccb65230-c198-4ed3-9373-ac18f8fe1866(uuid1076)
сент. 16, 2025 8:21:57 PM webapp.storage.AbstractStorage save
INFO: &amp#27;[32mSave 0480ff3b-32f3-4a83-afdd-1f1129de2158(uuid1077)
сент. 16, 2025 8:21:57 PM webapp.storage.AbstractStorage save
INFO: &amp#27;[32mSave 36f81226-6d3f-4888-9d9f-2fddfd7ba588(uuid1078)
сент. 16, 2025 8:21:57 PM webapp.storage.AbstractStorage save
INFO: &amp#27;[32mSave a38b5bf9-47ef-4d3a-91e7-bba91e7f6141(uuid1079)
сент. 16, 2025 8:21:57 PM webapp.storage.AbstractStorage save
INFO: &amp#27;[32mSave df43d1fd-f1ed-4e63-bf22-f86cd479e51a(uuid1080)
сент. 16, 2025 8:21:57 PM webapp.storage.AbstractStorage save
INFO: &amp#27;[32mSave 3291975c-d396-4ddf-a37b-3d4472c1c3e9(uuid1081)
сент. 16, 2025 8:21:57 PM webapp.storage.AbstractStorage save
INFO: &amp#27;[32mSave f4ee2d8d-6e82-42d8-ba48-1c2299d4b54f(uuid1082)
сент. 16, 2025 8:21:57 PM webapp.storage.AbstractStorage save
INFO: &amp#27;[32mSave 6bcfeaec-558d-4017-bfef-4241aa89dbc3(uuid1083)
сент. 16, 2025 8:21:57 PM webapp.storage.AbstractStorage save
INFO: &amp#27;[32mSave 303a97d2-e104-41bb-976d-51b98704774e(uuid1084)
сент. 16, 2025 8:21:57 PM webapp.storage.AbstractStorage save
INFO: &amp#27;[32mSave 2f48bc1f-7782-4dce-8e18-417268c435bd(uuid1085)
сент. 16, 2025 8:21:57 PM webapp.storage.AbstractStorage save
INFO: &amp#27;[32mSave 3ec830c4-c037-4c56-9363-0341ea1343df(uuid1086)
сент. 16, 2025 8:21:57 PM webapp.storage.AbstractStorage save
INFO: &amp#27;[32mSave 4bc1ad8f-25bd-4e46-acfe-e2df90291896(uuid1087)
сент. 16, 2025 8:21:57 PM webapp.storage.AbstractStorage save
INFO: &amp#27;[32mSave f057ba9d-72be-498b-a19c-bcb0609a11e9(uuid1088)
сент. 16, 2025 8:21:57 PM webapp.storage.AbstractStorage save
INFO: &amp#27;[32mSave 471183f6-cacf-4286-a7fd-a15b1549ac7f(uuid1089)
сент. 16, 2025 8:21:57 PM webapp.storage.AbstractStorage save
INFO: &amp#27;[32mSave 1cc0d87d-02c9-4ca7-9af5-2e38d987c7c9(uuid1090)
сент. 16, 2025 8:21:57 PM webapp.storage.AbstractStorage save
INFO: &amp#27;[32mSave 3b1adde7-0bf6-45cf-9896-e73f75431b8c(uuid1091)
сент. 16, 2025 8:21:57 PM webapp.storage.AbstractStorage save
INFO: &amp#27;[32mSave 5eeeb07d-aac4-45a2-9bb4-528fcb816b9d(uuid1092)
сент. 16, 2025 8:21:57 PM webapp.storage.AbstractStorage save
INFO: &amp#27;[32mSave 2049ba8a-1872-4a5d-aa83-3e82c1e7ac8f(uuid1093)
сент. 16, 2025 8:21:57 PM webapp.storage.AbstractStorage save
INFO: &amp#27;[32mSave af95d3ba-5ea7-4c05-bc8a-e207c0651a4f(uuid1094)
сент. 16, 2025 8:21:57 PM webapp.storage.AbstractStorage save
INFO: &amp#27;[32mSave d6a6695a-007a-4074-a9fb-cc15a94b0102(uuid1095)
сент. 16, 2025 8:21:57 PM webapp.storage.AbstractStorage save
INFO: &amp#27;[32mSave 42b7cf83-788f-4516-a5ef-4f689f1f59a4(uuid1096)
сент. 16, 2025 8:21:57 PM webapp.storage.AbstractStorage save
INFO: &amp#27;[32mSave a9c5aa46-945d-4716-917c-8cf5ae1604fe(uuid1097)
сент. 16, 2025 8:21:57 PM webapp.storage.AbstractStorage save
INFO: &amp#27;[32mSave 9ba9f8fa-97bc-4316-9d43-7e0275940c41(uuid1098)
сент. 16, 2025 8:21:57 PM webapp.storage.AbstractStorage save
INFO: &amp#27;[32mSave 38a22ea8-b77b-48d8-8a4e-5fed5d7e0a1b(uuid1099)
сент. 16, 2025 8:21:57 PM webapp.storage.AbstractStorage save
INFO: &amp#27;[32mSave 3ed3772f-06c6-49f6-93c1-d44117d68120(uuid1100)
сент. 16, 2025 8:21:57 PM webapp.storage.AbstractStorage save
INFO: &amp#27;[32mSave e7226a94-d20b-4e15-9063-5f51095b4041(uuid1101)
сент. 16, 2025 8:21:57 PM webapp.storage.AbstractStorage save
INFO: &amp#27;[32mSave 81af4602-b231-4ffc-9acf-8e8003334edf(uuid1102)
сент. 16, 2025 8:21:57 PM webapp.storage.AbstractStorage save
INFO: &amp#27;[32mSave c1d9e29f-4af6-49c3-a8be-48fb5e060250(uuid1103)
сент. 16, 2025 8:21:57 PM webapp.storage.AbstractStorage save
INFO: &amp#27;[32mSave e688305f-7b59-4895-bf18-4f6b2e67ec09(uuid1104)
сент. 16, 2025 8:21:57 PM webapp.storage.AbstractStorage save
INFO: &amp#27;[32mSave 3b88f748-ba4d-4604-8e88-bdb588d98dab(uuid1105)
сент. 16, 2025 8:21:57 PM webapp.storage.AbstractStorage save
INFO: &amp#27;[32mSave d5703915-4291-4b2c-9300-a27cc8550755(uuid1106)
сент. 16, 2025 8:21:57 PM webapp.storage.AbstractStorage save
INFO: &amp#27;[32mSave 5dc32a1d-9fd0-4502-b91a-81d491a0e1bc(uuid1107)
сент. 16, 2025 8:21:57 PM webapp.storage.AbstractStorage save
INFO: &amp#27;[32mSave 8d1a3234-8e4e-407d-9d8a-a746b1cd1c55(uuid1108)
сент. 16, 2025 8:21:57 PM webapp.storage.AbstractStorage save
INFO: &amp#27;[32mSave 13c5490c-6a68-4de1-a954-b1fe28871366(uuid1109)
сент. 16, 2025 8:21:57 PM webapp.storage.AbstractStorage save
INFO: &amp#27;[32mSave a9c51352-399a-49ec-88c6-0c95f5cb7704(uuid1110)
сент. 16, 2025 8:21:57 PM webapp.storage.AbstractStorage save
INFO: &amp#27;[32mSave da6691fd-a3f1-40a9-b08f-9f46250f0661(uuid1111)
сент. 16, 2025 8:21:57 PM webapp.storage.AbstractStorage save
INFO: &amp#27;[32mSave 885a6020-1ac4-4de0-9af8-d1f29484c05b(uuid1112)
сент. 16, 2025 8:21:57 PM webapp.storage.AbstractStorage save
INFO: &amp#27;[32mSave afa4e17f-7e25-4ac0-8bd2-400d5d09fb3a(uuid1113)
сент. 16, 2025 8:21:57 PM webapp.storage.AbstractStorage save
INFO: &amp#27;[32mSave 2c67c225-7671-4fc8-8598-0c901390de5c(uuid1114)
сент. 16, 2025 8:21:57 PM webapp.storage.AbstractStorage save
INFO: &amp#27;[32mSave ee314398-5ad9-4439-b5f7-3b23300e9453(uuid1115)
сент. 16, 2025 8:21:57 PM webapp.storage.AbstractStorage save
INFO: &amp#27;[32mSave 92b548fc-34d7-419c-bed0-868c73853926(uuid1116)
сент. 16, 2025 8:21:57 PM webapp.storage.AbstractStorage save
INFO: &amp#27;[32mSave c8a795de-5405-40ab-9c61-795ad5bbac4b(uuid1117)
сент. 16, 2025 8:21:57 PM webapp.storage.AbstractStorage save
INFO: &amp#27;[32mSave 3c05ff42-34eb-45eb-a8ca-2e1eb63f9d25(uuid1118)
сент. 16, 2025 8:21:57 PM webapp.storage.AbstractStorage save
INFO: &amp#27;[32mSave 97d455f7-5145-4bcf-b5b5-799c96a62023(uuid1119)
сент. 16, 2025 8:21:57 PM webapp.storage.AbstractStorage save
INFO: &amp#27;[32mSave a80c6c17-f36c-4329-a5f0-bfeb19b51b0d(uuid1120)
сент. 16, 2025 8:21:57 PM webapp.storage.AbstractStorage save
INFO: &amp#27;[32mSave 964a99eb-aa87-44c8-883b-c222b5fc33ea(uuid1121)
сент. 16, 2025 8:21:57 PM webapp.storage.AbstractStorage save
INFO: &amp#27;[32mSave 3bafabde-967b-4bc8-8aba-85b22c4cb1b8(uuid1122)
сент. 16, 2025 8:21:57 PM webapp.storage.AbstractStorage save
INFO: &amp#27;[32mSave a14a26b2-6602-4a79-9439-578a278d45a3(uuid1123)
сент. 16, 2025 8:21:57 PM webapp.storage.AbstractStorage save
INFO: &amp#27;[32mSave 8e249bee-1cf0-4bdf-bf98-49397421fccd(uuid1124)
сент. 16, 2025 8:21:57 PM webapp.storage.AbstractStorage save
INFO: &amp#27;[32mSave 6d1bb98c-f333-424f-aee6-acf58f2b7a34(uuid1125)
сент. 16, 2025 8:21:57 PM webapp.storage.AbstractStorage save
INFO: &amp#27;[32mSave b202303b-c43e-42dc-832b-722932bd74b9(uuid1126)
сент. 16, 2025 8:21:57 PM webapp.storage.AbstractStorage save
INFO: &amp#27;[32mSave acd39c85-70f0-4244-8986-e29cb1f2aefe(uuid1127)
сент. 16, 2025 8:21:57 PM webapp.storage.AbstractStorage save
INFO: &amp#27;[32mSave 83d05ac2-cbcd-4da5-8c27-4921af619ab8(uuid1128)
сент. 16, 2025 8:21:57 PM webapp.storage.AbstractStorage save
INFO: &amp#27;[32mSave c30fedc0-7eab-4a70-9608-d0bc914b2c6a(uuid1129)
сент. 16, 2025 8:21:57 PM webapp.storage.AbstractStorage save
INFO: &amp#27;[32mSave a88bb2dd-f116-496a-a055-f209f8744846(uuid1130)
сент. 16, 2025 8:21:57 PM webapp.storage.AbstractStorage save
INFO: &amp#27;[32mSave 6cb5e7c0-9bb3-4306-b8e8-c2d063bec6c1(uuid1131)
сент. 16, 2025 8:21:57 PM webapp.storage.AbstractStorage save
INFO: &amp#27;[32mSave 80d4415b-6dff-43ac-9f63-6968a12c89a1(uuid1132)
сент. 16, 2025 8:21:57 PM webapp.storage.AbstractStorage save
INFO: &amp#27;[32mSave c2a92418-d529-46f1-9386-f6fdc43081a0(uuid1133)
сент. 16, 2025 8:21:57 PM webapp.storage.AbstractStorage save
INFO: &amp#27;[32mSave d2339a70-e125-4825-a3b4-b5582c942c76(uuid1134)
сент. 16, 2025 8:21:57 PM webapp.storage.AbstractStorage save
INFO: &amp#27;[32mSave 8b94fb30-e601-4757-a538-4bdbae7f2628(uuid1135)
сент. 16, 2025 8:21:57 PM webapp.storage.AbstractStorage save
INFO: &amp#27;[32mSave 01a41ed7-971d-4a3a-b9ec-b398e05bcad9(uuid1136)
сент. 16, 2025 8:21:57 PM webapp.storage.AbstractStorage save
INFO: &amp#27;[32mSave c5257e63-d8a6-4edb-8fa8-2f4460687bdd(uuid1137)
сент. 16, 2025 8:21:57 PM webapp.storage.AbstractStorage save
INFO: &amp#27;[32mSave 970105b4-494e-488c-9469-08ea94844582(uuid1138)
сент. 16, 2025 8:21:57 PM webapp.storage.AbstractStorage save
INFO: &amp#27;[32mSave c1295b3d-2ae0-4084-854a-93b3a08f89f1(uuid1139)
сент. 16, 2025 8:21:57 PM webapp.storage.AbstractStorage save
INFO: &amp#27;[32mSave d7cf2349-d1ea-4312-b1c1-9f03d802ddc0(uuid1140)
сент. 16, 2025 8:21:57 PM webapp.storage.AbstractStorage save
INFO: &amp#27;[32mSave d15b33b4-fa67-4929-97d1-afa442be62ac(uuid1141)
сент. 16, 2025 8:21:57 PM webapp.storage.AbstractStorage save
INFO: &amp#27;[32mSave fa3b0b7a-6cc5-4cc5-b0d0-965575fd4949(uuid1142)
сент. 16, 2025 8:21:57 PM webapp.storage.AbstractStorage save
INFO: &amp#27;[32mSave f9bab232-16ea-4350-a632-3f245081d200(uuid1143)
сент. 16, 2025 8:21:57 PM webapp.storage.AbstractStorage save
INFO: &amp#27;[32mSave fb24a505-a311-4c2e-a73a-7b8af5488908(uuid1144)
сент. 16, 2025 8:21:57 PM webapp.storage.AbstractStorage save
INFO: &amp#27;[32mSave 15fd4c20-f1aa-4dae-915e-7110dbb63e59(uuid1145)
сент. 16, 2025 8:21:57 PM webapp.storage.AbstractStorage save
INFO: &amp#27;[32mSave eca4f1a3-fd4b-427e-9925-79853d86fcc3(uuid1146)
сент. 16, 2025 8:21:57 PM webapp.storage.AbstractStorage save
INFO: &amp#27;[32mSave 2c51484b-0dc0-48e7-9800-70fe73479006(uuid1147)
сент. 16, 2025 8:21:57 PM webapp.storage.AbstractStorage save
INFO: &amp#27;[32mSave 35346586-b6bb-4100-88b9-aac2214f5635(uuid1148)
сент. 16, 2025 8:21:57 PM webapp.storage.AbstractStorage save
INFO: &amp#27;[32mSave 8e4a0b4b-f052-4ad0-af5a-1158a15f7713(uuid1149)
сент. 16, 2025 8:21:57 PM webapp.storage.AbstractStorage save
INFO: &amp#27;[32mSave f01a2a57-0f7d-4ab2-b44b-f9fabc0decce(uuid1150)
сент. 16, 2025 8:21:57 PM webapp.storage.AbstractStorage save
INFO: &amp#27;[32mSave e35585a2-cea9-45e4-b8a3-3af63e91119f(uuid1151)
сент. 16, 2025 8:21:57 PM webapp.storage.AbstractStorage save
INFO: &amp#27;[32mSave c5d60ad6-4830-4fbb-b608-ef82e4c916e2(uuid1152)
сент. 16, 2025 8:21:57 PM webapp.storage.AbstractStorage save
INFO: &amp#27;[32mSave 8a5f6128-894d-4a1a-955a-5b93025e84d4(uuid1153)
сент. 16, 2025 8:21:57 PM webapp.storage.AbstractStorage save
INFO: &amp#27;[32mSave 6b2aac12-d3c3-4c54-b5f3-9e01a263b758(uuid1154)
сент. 16, 2025 8:21:57 PM webapp.storage.AbstractStorage save
INFO: &amp#27;[32mSave 5a07acc2-98d2-4974-8ef1-c1671bab35de(uuid1155)
сент. 16, 2025 8:21:57 PM webapp.storage.AbstractStorage save
INFO: &amp#27;[32mSave f236aabb-5b0a-4d80-971d-e220fc9a90a7(uuid1156)
сент. 16, 2025 8:21:57 PM webapp.storage.AbstractStorage save
INFO: &amp#27;[32mSave 1acfd712-1a24-4d1b-8350-26bafc324846(uuid1157)
сент. 16, 2025 8:21:57 PM webapp.storage.AbstractStorage save
INFO: &amp#27;[32mSave ed5ff39c-2313-48fe-a22f-2592bf42901e(uuid1158)
сент. 16, 2025 8:21:57 PM webapp.storage.AbstractStorage save
INFO: &amp#27;[32mSave e4c1c564-36ef-4bc3-b556-2a75c0e0a753(uuid1159)
сент. 16, 2025 8:21:57 PM webapp.storage.AbstractStorage save
INFO: &amp#27;[32mSave f07a962a-0c2b-40d6-8c00-83f8f090665f(uuid1160)
сент. 16, 2025 8:21:57 PM webapp.storage.AbstractStorage save
INFO: &amp#27;[32mSave bbb95c4d-f83e-4cf8-841b-edd859217c5e(uuid1161)
сент. 16, 2025 8:21:57 PM webapp.storage.AbstractStorage save
INFO: &amp#27;[32mSave 2397c729-6725-44b8-a17e-800d2bb0b46c(uuid1162)
сент. 16, 2025 8:21:57 PM webapp.storage.AbstractStorage save
INFO: &amp#27;[32mSave af9adb69-582a-4565-a28e-89a5e92c5dcf(uuid1163)
сент. 16, 2025 8:21:57 PM webapp.storage.AbstractStorage save
INFO: &amp#27;[32mSave 8b02cf7c-2870-429b-a8f7-5bdd8fd77203(uuid1164)
сент. 16, 2025 8:21:57 PM webapp.storage.AbstractStorage save
INFO: &amp#27;[32mSave 899030c1-e4b0-4aa6-90c2-01302fea792a(uuid1165)
сент. 16, 2025 8:21:57 PM webapp.storage.AbstractStorage save
INFO: &amp#27;[32mSave 678739be-c89d-4afe-a485-ba2f9d07bb6a(uuid1166)
сент. 16, 2025 8:21:57 PM webapp.storage.AbstractStorage save
INFO: &amp#27;[32mSave 70dc5770-4364-48b1-835e-d020d1bf11a4(uuid1167)
сент. 16, 2025 8:21:57 PM webapp.storage.AbstractStorage save
INFO: &amp#27;[32mSave e37b18a0-ed69-4910-890c-68b1b8af05f1(uuid1168)
сент. 16, 2025 8:21:57 PM webapp.storage.AbstractStorage save
INFO: &amp#27;[32mSave aa7329c2-3dd1-4444-96ee-10450a5e28ff(uuid1169)
сент. 16, 2025 8:21:57 PM webapp.storage.AbstractStorage save
INFO: &amp#27;[32mSave 7a7f1a69-c1dd-4cbe-861a-60afa3ea5403(uuid1170)
сент. 16, 2025 8:21:57 PM webapp.storage.AbstractStorage save
INFO: &amp#27;[32mSave 867e1966-f05e-4d86-96ab-d8a98665c151(uuid1171)
сент. 16, 2025 8:21:57 PM webapp.storage.AbstractStorage save
INFO: &amp#27;[32mSave 847a894f-f9a7-45ee-a27a-75aa4d5e9ccd(uuid1172)
сент. 16, 2025 8:21:57 PM webapp.storage.AbstractStorage save
INFO: &amp#27;[32mSave b66115ae-998c-44a5-8544-3b899a724200(uuid1173)
сент. 16, 2025 8:21:57 PM webapp.storage.AbstractStorage save
INFO: &amp#27;[32mSave 7344662a-b4cc-4569-9c6f-87daf2a146b5(uuid1174)
сент. 16, 2025 8:21:57 PM webapp.storage.AbstractStorage save
INFO: &amp#27;[32mSave 565334d9-ee5f-4fee-a006-f72ad0172c35(uuid1175)
сент. 16, 2025 8:21:57 PM webapp.storage.AbstractStorage save
INFO: &amp#27;[32mSave 37183056-9d4b-41ae-a1dc-f54ceeb0c117(uuid1176)
сент. 16, 2025 8:21:57 PM webapp.storage.AbstractStorage save
INFO: &amp#27;[32mSave 32c308c5-f8eb-4bc4-8203-77c806a00583(uuid1177)
сент. 16, 2025 8:21:57 PM webapp.storage.AbstractStorage save
INFO: &amp#27;[32mSave a9eeb8a1-f037-4647-b1e7-8b593ae1c705(uuid1178)
сент. 16, 2025 8:21:57 PM webapp.storage.AbstractStorage save
INFO: &amp#27;[32mSave 3707da12-28de-494e-bd6d-96c507988761(uuid1179)
сент. 16, 2025 8:21:57 PM webapp.storage.AbstractStorage save
INFO: &amp#27;[32mSave c54c7c8e-fc7d-47b7-824d-8e390c37980e(uuid1180)
сент. 16, 2025 8:21:57 PM webapp.storage.AbstractStorage save
INFO: &amp#27;[32mSave f0d78b0b-1273-4c3b-ac19-64d85f2c4f4d(uuid1181)
сент. 16, 2025 8:21:57 PM webapp.storage.AbstractStorage save
INFO: &amp#27;[32mSave e00b26af-cc1b-4973-a0a8-fe416e2ef97a(uuid1182)
сент. 16, 2025 8:21:57 PM webapp.storage.AbstractStorage save
INFO: &amp#27;[32mSave 9e557b7c-b563-4508-a616-12bf6ee59fe0(uuid1183)
сент. 16, 2025 8:21:57 PM webapp.storage.AbstractStorage save
INFO: &amp#27;[32mSave 6169631c-de25-4629-b97e-94274dc846e4(uuid1184)
сент. 16, 2025 8:21:57 PM webapp.storage.AbstractStorage save
INFO: &amp#27;[32mSave 9f1b8f26-4444-4f93-96a6-1cf14b801caf(uuid1185)
сент. 16, 2025 8:21:57 PM webapp.storage.AbstractStorage save
INFO: &amp#27;[32mSave dcac5e0f-2bc6-45a2-9164-8c9eaa0a9121(uuid1186)
сент. 16, 2025 8:21:57 PM webapp.storage.AbstractStorage save
INFO: &amp#27;[32mSave 1b5a0204-356e-4ea8-8437-cc4ac1d5d528(uuid1187)
сент. 16, 2025 8:21:57 PM webapp.storage.AbstractStorage save
INFO: &amp#27;[32mSave 145ad200-928a-4da5-9473-c02c67a9e46a(uuid1188)
сент. 16, 2025 8:21:57 PM webapp.storage.AbstractStorage save
INFO: &amp#27;[32mSave 6be9a788-e899-4294-a64b-c88f2b0e732d(uuid1189)
сент. 16, 2025 8:21:57 PM webapp.storage.AbstractStorage save
INFO: &amp#27;[32mSave ae03391f-5c80-4da3-af8b-bf452f14da20(uuid1190)
сент. 16, 2025 8:21:57 PM webapp.storage.AbstractStorage save
INFO: &amp#27;[32mSave 8c73b438-672c-42cc-817d-f327a25e511d(uuid1191)
сент. 16, 2025 8:21:57 PM webapp.storage.AbstractStorage save
INFO: &amp#27;[32mSave 4e5fc47f-c03b-4104-b782-8bc2857a3f0a(uuid1192)
сент. 16, 2025 8:21:57 PM webapp.storage.AbstractStorage save
INFO: &amp#27;[32mSave 98a76658-0fcc-474e-b432-826a823769f0(uuid1193)
сент. 16, 2025 8:21:57 PM webapp.storage.AbstractStorage save
INFO: &amp#27;[32mSave 3fbfa442-fdf9-4da9-8917-406e27d0b8d3(uuid1194)
сент. 16, 2025 8:21:57 PM webapp.storage.AbstractStorage save
INFO: &amp#27;[32mSave 703ce8cb-4da7-4cec-a277-530db579ba56(uuid1195)
сент. 16, 2025 8:21:57 PM webapp.storage.AbstractStorage save
INFO: &amp#27;[32mSave 932ea565-2bee-4190-85f9-7f79eae4a5b6(uuid1196)
сент. 16, 2025 8:21:57 PM webapp.storage.AbstractStorage save
INFO: &amp#27;[32mSave 5f8dfb2b-c4a1-4ddc-95f8-db6b36e9d4e7(uuid1197)
сент. 16, 2025 8:21:57 PM webapp.storage.AbstractStorage save
INFO: &amp#27;[32mSave 7445b604-c538-434f-9a4b-d84d5d1e69a2(uuid1198)
сент. 16, 2025 8:21:57 PM webapp.storage.AbstractStorage save
INFO: &amp#27;[32mSave 098d917c-7a9d-43e3-a018-92d002e46f9c(uuid1199)
сент. 16, 2025 8:21:57 PM webapp.storage.AbstractStorage save
INFO: &amp#27;[32mSave bd022650-c94f-4f56-9e53-23ec1ef7dbcf(uuid1200)
сент. 16, 2025 8:21:57 PM webapp.storage.AbstractStorage save
INFO: &amp#27;[32mSave 13917499-5146-4ec2-8dff-b7b83851aff5(uuid1201)
сент. 16, 2025 8:21:57 PM webapp.storage.AbstractStorage save
INFO: &amp#27;[32mSave 0757bad3-b349-4a59-9d68-ae5e25d859ad(uuid1202)
сент. 16, 2025 8:21:57 PM webapp.storage.AbstractStorage save
INFO: &amp#27;[32mSave 02476333-9618-4eb3-8d44-b5f37ef96bb9(uuid1203)
сент. 16, 2025 8:21:57 PM webapp.storage.AbstractStorage save
INFO: &amp#27;[32mSave 552cccca-78ce-4b91-a7d2-ecdd97739815(uuid1204)
сент. 16, 2025 8:21:57 PM webapp.storage.AbstractStorage save
INFO: &amp#27;[32mSave 37bef28d-7ebd-4f5b-9674-e2ba4204cb24(uuid1205)
сент. 16, 2025 8:21:57 PM webapp.storage.AbstractStorage save
INFO: &amp#27;[32mSave 74ebd978-4f44-4834-bd9c-6a658169b573(uuid1206)
сент. 16, 2025 8:21:57 PM webapp.storage.AbstractStorage save
INFO: &amp#27;[32mSave 1d6a998a-a58c-4574-b6cf-94c9400a01a1(uuid1207)
сент. 16, 2025 8:21:57 PM webapp.storage.AbstractStorage save
INFO: &amp#27;[32mSave 4f905301-e780-4669-9081-bef8a1c23813(uuid1208)
сент. 16, 2025 8:21:57 PM webapp.storage.AbstractStorage save
INFO: &amp#27;[32mSave a17c2235-5b71-4ae4-9872-6e83ac307764(uuid1209)
сент. 16, 2025 8:21:57 PM webapp.storage.AbstractStorage save
INFO: &amp#27;[32mSave f4ab4b2f-6179-461f-b714-177d730b8ba8(uuid1210)
сент. 16, 2025 8:21:57 PM webapp.storage.AbstractStorage save
INFO: &amp#27;[32mSave 1f684b86-e780-4eda-8a0d-20d7bfd5cc15(uuid1211)
сент. 16, 2025 8:21:57 PM webapp.storage.AbstractStorage save
INFO: &amp#27;[32mSave 190d7e97-d104-45ac-a195-7eea34c279f2(uuid1212)
сент. 16, 2025 8:21:57 PM webapp.storage.AbstractStorage save
INFO: &amp#27;[32mSave f631ed93-14ea-45c6-a897-7ae07e27f8bf(uuid1213)
сент. 16, 2025 8:21:57 PM webapp.storage.AbstractStorage save
INFO: &amp#27;[32mSave b1eb54ee-a0b2-4a99-a5fa-ea3e83136b8a(uuid1214)
сент. 16, 2025 8:21:57 PM webapp.storage.AbstractStorage save
INFO: &amp#27;[32mSave ff767189-791d-4c7b-aa5d-d79ecd2a18ed(uuid1215)
сент. 16, 2025 8:21:57 PM webapp.storage.AbstractStorage save
INFO: &amp#27;[32mSave 0d5e773b-a6bd-4457-bd2c-c4c1f08691ed(uuid1216)
сент. 16, 2025 8:21:57 PM webapp.storage.AbstractStorage save
INFO: &amp#27;[32mSave b73941bc-5068-4ef9-a798-9f0dc0dd110b(uuid1217)
сент. 16, 2025 8:21:57 PM webapp.storage.AbstractStorage save
INFO: &amp#27;[32mSave 508c333c-da52-404b-bf9c-0bbce42c2fc7(uuid1218)
сент. 16, 2025 8:21:57 PM webapp.storage.AbstractStorage save
INFO: &amp#27;[32mSave 5ea55531-b605-4aeb-9516-4d3e4c28b28b(uuid1219)
сент. 16, 2025 8:21:57 PM webapp.storage.AbstractStorage save
INFO: &amp#27;[32mSave ec285b13-730e-4e62-8088-3ba73eb219f1(uuid1220)
сент. 16, 2025 8:21:57 PM webapp.storage.AbstractStorage save
INFO: &amp#27;[32mSave e5d53db0-1623-4702-bccb-bfcc820d2ab8(uuid1221)
сент. 16, 2025 8:21:57 PM webapp.storage.AbstractStorage save
INFO: &amp#27;[32mSave 421f350d-5265-4522-ad7c-eae6355982e9(uuid1222)
сент. 16, 2025 8:21:57 PM webapp.storage.AbstractStorage save
INFO: &amp#27;[32mSave f1ddb40e-65ef-460a-8532-6d144d35eedd(uuid1223)
сент. 16, 2025 8:21:57 PM webapp.storage.AbstractStorage save
INFO: &amp#27;[32mSave e2146d6d-0af0-4363-b0b0-26a9aae085bc(uuid1224)
сент. 16, 2025 8:21:57 PM webapp.storage.AbstractStorage save
INFO: &amp#27;[32mSave 94fc7e50-26af-4e47-b09d-b09a591ebce7(uuid1225)
сент. 16, 2025 8:21:57 PM webapp.storage.AbstractStorage save
INFO: &amp#27;[32mSave c13ba749-601d-43dc-ba1e-141be5c2f8e9(uuid1226)
сент. 16, 2025 8:21:57 PM webapp.storage.AbstractStorage save
INFO: &amp#27;[32mSave 187f8a16-6ccc-43c0-8fff-6baafe809c7e(uuid1227)
сент. 16, 2025 8:21:57 PM webapp.storage.AbstractStorage save
INFO: &amp#27;[32mSave 7a3d5eed-f795-4d17-a16e-b66256074eea(uuid1228)
сент. 16, 2025 8:21:57 PM webapp.storage.AbstractStorage save
INFO: &amp#27;[32mSave dc2754a0-603b-427e-91de-fc2fba7c340c(uuid1229)
сент. 16, 2025 8:21:57 PM webapp.storage.AbstractStorage save
INFO: &amp#27;[32mSave 54a2db9e-adf1-4384-8f70-ede3b469e727(uuid1230)
сент. 16, 2025 8:21:57 PM webapp.storage.AbstractStorage save
INFO: &amp#27;[32mSave 93689b87-569e-4dff-b93d-17ea1e90bdd9(uuid1231)
сент. 16, 2025 8:21:57 PM webapp.storage.AbstractStorage save
INFO: &amp#27;[32mSave e830c3dc-f306-4438-9812-2a142d786c8b(uuid1232)
сент. 16, 2025 8:21:57 PM webapp.storage.AbstractStorage save
INFO: &amp#27;[32mSave 7e95f95a-cae2-4183-9b5c-9a983d8243e6(uuid1233)
сент. 16, 2025 8:21:57 PM webapp.storage.AbstractStorage save
INFO: &amp#27;[32mSave 1cdb7f0c-e3e1-4a1c-a563-39481fc7fc55(uuid1234)
сент. 16, 2025 8:21:57 PM webapp.storage.AbstractStorage save
INFO: &amp#27;[32mSave 9eaf0695-bab0-419d-a6ae-08062e78608e(uuid1235)
сент. 16, 2025 8:21:57 PM webapp.storage.AbstractStorage save
INFO: &amp#27;[32mSave d39f3f34-feb4-43a1-ab20-ae1d382f15d1(uuid1236)
сент. 16, 2025 8:21:57 PM webapp.storage.AbstractStorage save
INFO: &amp#27;[32mSave 7aa6277f-1ce7-418c-8181-b3ec08a615dc(uuid1237)
сент. 16, 2025 8:21:57 PM webapp.storage.AbstractStorage save
INFO: &amp#27;[32mSave a781a9db-23d0-4ec8-8d21-13c644209c2c(uuid1238)
сент. 16, 2025 8:21:57 PM webapp.storage.AbstractStorage save
INFO: &amp#27;[32mSave 230eb6df-df2b-4f43-a839-3bdff48cc943(uuid1239)
сент. 16, 2025 8:21:57 PM webapp.storage.AbstractStorage save
INFO: &amp#27;[32mSave ce6f50e3-a269-4f58-96d3-62b78ad2bca2(uuid1240)
сент. 16, 2025 8:21:57 PM webapp.storage.AbstractStorage save
INFO: &amp#27;[32mSave f2c4c728-ed15-4c3a-bde1-0578372d235e(uuid1241)
сент. 16, 2025 8:21:57 PM webapp.storage.AbstractStorage save
INFO: &amp#27;[32mSave 74d30582-93bd-44b6-a560-939c55bd7c8b(uuid1242)
сент. 16, 2025 8:21:57 PM webapp.storage.AbstractStorage save
INFO: &amp#27;[32mSave 0daf3a7b-5bb4-456e-8d14-b281a4a0baac(uuid1243)
сент. 16, 2025 8:21:57 PM webapp.storage.AbstractStorage save
INFO: &amp#27;[32mSave a585a445-9387-45e5-bc11-8d7c6d32f803(uuid1244)
сент. 16, 2025 8:21:57 PM webapp.storage.AbstractStorage save
INFO: &amp#27;[32mSave 9fb1397d-ae14-46cb-acea-657c46af677a(uuid1245)
сент. 16, 2025 8:21:57 PM webapp.storage.AbstractStorage save
INFO: &amp#27;[32mSave 2c6017a6-5a51-4d89-bc3b-d689d880fdf5(uuid1246)
сент. 16, 2025 8:21:57 PM webapp.storage.AbstractStorage save
INFO: &amp#27;[32mSave 6c0ae15c-0ee9-4752-9bbe-77d4a47b604d(uuid1247)
сент. 16, 2025 8:21:57 PM webapp.storage.AbstractStorage save
INFO: &amp#27;[32mSave ae5769d6-1eec-4e63-a37a-0c9cddf6226b(uuid1248)
сент. 16, 2025 8:21:57 PM webapp.storage.AbstractStorage save
INFO: &amp#27;[32mSave 64fd0826-5fdc-4d3d-aae9-6c701b080b8c(uuid1249)
сент. 16, 2025 8:21:57 PM webapp.storage.AbstractStorage save
INFO: &amp#27;[32mSave ee0c2510-1b02-44d6-96ac-2d1dbb640535(uuid1250)
сент. 16, 2025 8:21:57 PM webapp.storage.AbstractStorage save
INFO: &amp#27;[32mSave 2e357307-35bd-475f-b615-98b36a03b90f(uuid1251)
сент. 16, 2025 8:21:57 PM webapp.storage.AbstractStorage save
INFO: &amp#27;[32mSave df95d52d-d4f1-4e18-9fda-34da244a1f82(uuid1252)
сент. 16, 2025 8:21:57 PM webapp.storage.AbstractStorage save
INFO: &amp#27;[32mSave a6f9cb84-9b56-4889-8dae-22fa66f68627(uuid1253)
сент. 16, 2025 8:21:57 PM webapp.storage.AbstractStorage save
INFO: &amp#27;[32mSave 3130bff5-11ea-41cd-a5d6-fe5915f69592(uuid1254)
сент. 16, 2025 8:21:57 PM webapp.storage.AbstractStorage save
INFO: &amp#27;[32mSave 4249e1ed-6c8b-484a-8d73-6fe40b7cf275(uuid1255)
сент. 16, 2025 8:21:57 PM webapp.storage.AbstractStorage save
INFO: &amp#27;[32mSave d273fe0b-695d-4a88-99bc-48b9cf2971d4(uuid1256)
сент. 16, 2025 8:21:57 PM webapp.storage.AbstractStorage save
INFO: &amp#27;[32mSave c5fe9af9-4d50-4e89-a06e-c26e72fbacea(uuid1257)
сент. 16, 2025 8:21:57 PM webapp.storage.AbstractStorage save
INFO: &amp#27;[32mSave ea389468-5b5e-44bf-a8c7-46994162623d(uuid1258)
сент. 16, 2025 8:21:57 PM webapp.storage.AbstractStorage save
INFO: &amp#27;[32mSave 7dc309cc-6c69-4498-b7fd-a9bd31a2e9c1(uuid1259)
сент. 16, 2025 8:21:57 PM webapp.storage.AbstractStorage save
INFO: &amp#27;[32mSave ee656b24-2945-4f18-8135-93de5408746c(uuid1260)
сент. 16, 2025 8:21:57 PM webapp.storage.AbstractStorage save
INFO: &amp#27;[32mSave 93c68668-c1f9-41b1-a217-15f5b018b9d0(uuid1261)
сент. 16, 2025 8:21:57 PM webapp.storage.AbstractStorage save
INFO: &amp#27;[32mSave 3693225a-ad16-4b96-9661-9b681110b84d(uuid1262)
сент. 16, 2025 8:21:57 PM webapp.storage.AbstractStorage save
INFO: &amp#27;[32mSave e3bca889-8336-47db-83c7-11a8a4c5ca6f(uuid1263)
сент. 16, 2025 8:21:57 PM webapp.storage.AbstractStorage save
INFO: &amp#27;[32mSave 59d535b0-9282-4fd4-b8d0-eca6b9c7287d(uuid1264)
сент. 16, 2025 8:21:57 PM webapp.storage.AbstractStorage save
INFO: &amp#27;[32mSave 9f0ef9a2-997d-45b6-9897-dced2b3fb4f1(uuid1265)
сент. 16, 2025 8:21:57 PM webapp.storage.AbstractStorage save
INFO: &amp#27;[32mSave 26f5ad12-ae6f-4944-b7bc-e3e729c96a4c(uuid1266)
сент. 16, 2025 8:21:57 PM webapp.storage.AbstractStorage save
INFO: &amp#27;[32mSave 03dc8172-0c69-4870-9ee4-0a6bf6c97007(uuid1267)
сент. 16, 2025 8:21:57 PM webapp.storage.AbstractStorage save
INFO: &amp#27;[32mSave 04364646-1b4d-4117-80a5-cba3c0bb32e8(uuid1268)
сент. 16, 2025 8:21:57 PM webapp.storage.AbstractStorage save
INFO: &amp#27;[32mSave 759c5a42-23ce-48f8-ba5d-1efc9875548a(uuid1269)
сент. 16, 2025 8:21:57 PM webapp.storage.AbstractStorage save
INFO: &amp#27;[32mSave 69e97b95-157e-4475-a440-0fc85384855c(uuid1270)
сент. 16, 2025 8:21:57 PM webapp.storage.AbstractStorage save
INFO: &amp#27;[32mSave 58ad8311-ce19-49fe-80a2-e375edcd08c2(uuid1271)
сент. 16, 2025 8:21:57 PM webapp.storage.AbstractStorage save
INFO: &amp#27;[32mSave 8c0c8d93-c1a8-4bf6-8b24-68750661d533(uuid1272)
сент. 16, 2025 8:21:57 PM webapp.storage.AbstractStorage save
INFO: &amp#27;[32mSave 98312b5a-d7b1-44d8-8cc9-536374b120d7(uuid1273)
сент. 16, 2025 8:21:57 PM webapp.storage.AbstractStorage save
INFO: &amp#27;[32mSave f0a21149-8729-48f5-955a-e35a2bc3d65e(uuid1274)
сент. 16, 2025 8:21:57 PM webapp.storage.AbstractStorage save
INFO: &amp#27;[32mSave fb0cc8dd-d8e1-44a0-a4b6-aade17433dd5(uuid1275)
сент. 16, 2025 8:21:57 PM webapp.storage.AbstractStorage save
INFO: &amp#27;[32mSave 6a086fdc-2183-4944-bc7f-cd729a684707(uuid1276)
сент. 16, 2025 8:21:57 PM webapp.storage.AbstractStorage save
INFO: &amp#27;[32mSave dcd89af2-e085-4e3d-baed-8200aec37548(uuid1277)
сент. 16, 2025 8:21:57 PM webapp.storage.AbstractStorage save
INFO: &amp#27;[32mSave 4f5430ec-e784-47b1-b824-489f7504948e(uuid1278)
сент. 16, 2025 8:21:57 PM webapp.storage.AbstractStorage save
INFO: &amp#27;[32mSave ea55d518-c501-4394-9fd8-247fc4549388(uuid1279)
сент. 16, 2025 8:21:57 PM webapp.storage.AbstractStorage save
INFO: &amp#27;[32mSave 296dc18d-e32b-4e40-bb71-57993a2f2a62(uuid1280)
сент. 16, 2025 8:21:57 PM webapp.storage.AbstractStorage save
INFO: &amp#27;[32mSave cc051034-cbbc-487e-afeb-cf7196840959(uuid1281)
сент. 16, 2025 8:21:57 PM webapp.storage.AbstractStorage save
INFO: &amp#27;[32mSave ab2d98c7-afdb-4a8e-8034-42f7634042d0(uuid1282)
сент. 16, 2025 8:21:57 PM webapp.storage.AbstractStorage save
INFO: &amp#27;[32mSave 12344e5a-65c3-43f1-8e6b-93b70da79783(uuid1283)
сент. 16, 2025 8:21:57 PM webapp.storage.AbstractStorage save
INFO: &amp#27;[32mSave d812eef9-6178-47db-9021-81592b2f102c(uuid1284)
сент. 16, 2025 8:21:57 PM webapp.storage.AbstractStorage save
INFO: &amp#27;[32mSave 6bb5c3eb-d81a-4796-8515-9f736a8c1639(uuid1285)
сент. 16, 2025 8:21:57 PM webapp.storage.AbstractStorage save
INFO: &amp#27;[32mSave a0aed5e3-9f95-46d0-9470-8333a4ce01bd(uuid1286)
сент. 16, 2025 8:21:57 PM webapp.storage.AbstractStorage save
INFO: &amp#27;[32mSave c052015c-8174-441e-b0e6-47869b9db87a(uuid1287)
сент. 16, 2025 8:21:57 PM webapp.storage.AbstractStorage save
INFO: &amp#27;[32mSave 634106ba-bd0f-474b-9923-fca722102b1d(uuid1288)
сент. 16, 2025 8:21:57 PM webapp.storage.AbstractStorage save
INFO: &amp#27;[32mSave 210dd9f0-e656-4021-af91-90359788b293(uuid1289)
сент. 16, 2025 8:21:57 PM webapp.storage.AbstractStorage save
INFO: &amp#27;[32mSave 57c8c0ab-333b-4df9-8efb-33dfeabd9f6b(uuid1290)
сент. 16, 2025 8:21:57 PM webapp.storage.AbstractStorage save
INFO: &amp#27;[32mSave 9c4468ce-482a-47a5-8b68-c78a26370051(uuid1291)
сент. 16, 2025 8:21:57 PM webapp.storage.AbstractStorage save
INFO: &amp#27;[32mSave 7de25e13-7d9b-4d66-b06f-2c6e35b4e1d2(uuid1292)
сент. 16, 2025 8:21:57 PM webapp.storage.AbstractStorage save
INFO: &amp#27;[32mSave c04b4fb5-b439-4c00-a3aa-528e9e38e7f2(uuid1293)
сент. 16, 2025 8:21:57 PM webapp.storage.AbstractStorage save
INFO: &amp#27;[32mSave 16d1a27e-8b69-48b5-85e9-0309bc86368f(uuid1294)
сент. 16, 2025 8:21:57 PM webapp.storage.AbstractStorage save
INFO: &amp#27;[32mSave cd58ae4f-7000-41ea-a9df-6d71bf85413d(uuid1295)
сент. 16, 2025 8:21:57 PM webapp.storage.AbstractStorage save
INFO: &amp#27;[32mSave 29efd3fd-a72b-467d-9932-b2fced852021(uuid1296)
сент. 16, 2025 8:21:57 PM webapp.storage.AbstractStorage save
INFO: &amp#27;[32mSave 88feaeca-acbf-42a0-b61b-086b2592e524(uuid1297)
сент. 16, 2025 8:21:57 PM webapp.storage.AbstractStorage save
INFO: &amp#27;[32mSave a3d6422b-2e8c-43e8-a2ff-aa89bcdf966a(uuid1298)
сент. 16, 2025 8:21:57 PM webapp.storage.AbstractStorage save
INFO: &amp#27;[32mSave 2fea593c-6534-4837-8e20-6b52f0b45c6a(uuid1299)
сент. 16, 2025 8:21:57 PM webapp.storage.AbstractStorage save
INFO: &amp#27;[32mSave 0fff6d92-0391-461f-b38b-996c9cc765eb(uuid1300)
сент. 16, 2025 8:21:57 PM webapp.storage.AbstractStorage save
INFO: &amp#27;[32mSave 5fcca2f1-aa46-448d-8400-bea40096c6c4(uuid1301)
сент. 16, 2025 8:21:57 PM webapp.storage.AbstractStorage save
INFO: &amp#27;[32mSave 8fb16e26-d051-43b4-bc67-a8322200994b(uuid1302)
сент. 16, 2025 8:21:57 PM webapp.storage.AbstractStorage save
INFO: &amp#27;[32mSave af36e549-dfc4-43cb-992c-f8072ce7ab15(uuid1303)
сент. 16, 2025 8:21:57 PM webapp.storage.AbstractStorage save
INFO: &amp#27;[32mSave 249a96fd-727f-4535-b69f-026981c10fa9(uuid1304)
сент. 16, 2025 8:21:57 PM webapp.storage.AbstractStorage save
INFO: &amp#27;[32mSave 5d4f090c-3ba9-4342-a13b-2e920c4d9b80(uuid1305)
сент. 16, 2025 8:21:57 PM webapp.storage.AbstractStorage save
INFO: &amp#27;[32mSave 9fcde266-8823-4cc0-a95c-51b166be0968(uuid1306)
сент. 16, 2025 8:21:57 PM webapp.storage.AbstractStorage save
INFO: &amp#27;[32mSave c6992870-4847-47cd-8f98-322dcca6fdbd(uuid1307)
сент. 16, 2025 8:21:57 PM webapp.storage.AbstractStorage save
INFO: &amp#27;[32mSave aa31419a-5e9b-45a4-a34d-bac223a1a3b9(uuid1308)
сент. 16, 2025 8:21:57 PM webapp.storage.AbstractStorage save
INFO: &amp#27;[32mSave 099e8cf6-baad-4c85-aaab-290ce8842c85(uuid1309)
сент. 16, 2025 8:21:57 PM webapp.storage.AbstractStorage save
INFO: &amp#27;[32mSave 3ec96088-2895-4d34-8984-f9765573557b(uuid1310)
сент. 16, 2025 8:21:57 PM webapp.storage.AbstractStorage save
INFO: &amp#27;[32mSave 6b5dfb34-45a9-4b3c-93ec-4e8e0b85a1e8(uuid1311)
сент. 16, 2025 8:21:57 PM webapp.storage.AbstractStorage save
INFO: &amp#27;[32mSave fbab314d-5460-4d04-9692-ba55c36aa489(uuid1312)
сент. 16, 2025 8:21:57 PM webapp.storage.AbstractStorage save
INFO: &amp#27;[32mSave 21c3f53c-4bfe-4b2a-a927-9cfa6844adce(uuid1313)
сент. 16, 2025 8:21:57 PM webapp.storage.AbstractStorage save
INFO: &amp#27;[32mSave 3c06bd23-0d8b-43e2-8414-2bf658f5f371(uuid1314)
сент. 16, 2025 8:21:57 PM webapp.storage.AbstractStorage save
INFO: &amp#27;[32mSave e227e597-bf16-4817-b375-b284e3d37ca2(uuid1315)
сент. 16, 2025 8:21:57 PM webapp.storage.AbstractStorage save
INFO: &amp#27;[32mSave 3684c2c9-b7ea-4d62-af29-2e5e02eaabbc(uuid1316)
сент. 16, 2025 8:21:57 PM webapp.storage.AbstractStorage save
INFO: &amp#27;[32mSave 4b729ecc-3388-40b1-90b2-118a8719cc50(uuid1317)
сент. 16, 2025 8:21:57 PM webapp.storage.AbstractStorage save
INFO: &amp#27;[32mSave d19f1e56-00c9-450a-9b56-f61d142ea0a9(uuid1318)
сент. 16, 2025 8:21:57 PM webapp.storage.AbstractStorage save
INFO: &amp#27;[32mSave f9fe7cac-acea-40d2-bd05-054b43b14314(uuid1319)
сент. 16, 2025 8:21:57 PM webapp.storage.AbstractStorage save
INFO: &amp#27;[32mSave 30270e68-2a02-4365-98a9-6302fb30fe9f(uuid1320)
сент. 16, 2025 8:21:57 PM webapp.storage.AbstractStorage save
INFO: &amp#27;[32mSave 414d8d93-bab1-4f79-81e3-431b5ed32e12(uuid1321)
сент. 16, 2025 8:21:57 PM webapp.storage.AbstractStorage save
INFO: &amp#27;[32mSave d39b1a1b-7e39-4151-afb9-2be8886e7f71(uuid1322)
сент. 16, 2025 8:21:57 PM webapp.storage.AbstractStorage save
INFO: &amp#27;[32mSave 4e918eec-e36a-4e64-9a4a-fe39109ea619(uuid1323)
сент. 16, 2025 8:21:57 PM webapp.storage.AbstractStorage save
INFO: &amp#27;[32mSave 704d92d0-cce7-4a20-b618-79ec15756b49(uuid1324)
сент. 16, 2025 8:21:57 PM webapp.storage.AbstractStorage save
INFO: &amp#27;[32mSave 87eb3bc7-6efb-4736-a684-56269e6ac18f(uuid1325)
сент. 16, 2025 8:21:57 PM webapp.storage.AbstractStorage save
INFO: &amp#27;[32mSave 63dc41f2-d60f-4459-8b18-1bda5c512a8d(uuid1326)
сент. 16, 2025 8:21:57 PM webapp.storage.AbstractStorage save
INFO: &amp#27;[32mSave 8f9983b8-a8aa-41ad-9b28-77c57370dcd9(uuid1327)
сент. 16, 2025 8:21:57 PM webapp.storage.AbstractStorage save
INFO: &amp#27;[32mSave 818be772-070c-47d0-9273-d04146f6cc46(uuid1328)
сент. 16, 2025 8:21:57 PM webapp.storage.AbstractStorage save
INFO: &amp#27;[32mSave 8d6d29dd-6a65-4d08-b35b-7691a2ee992e(uuid1329)
сент. 16, 2025 8:21:57 PM webapp.storage.AbstractStorage save
INFO: &amp#27;[32mSave 0c377bee-470d-4849-b708-29b0b4aa804a(uuid1330)
сент. 16, 2025 8:21:57 PM webapp.storage.AbstractStorage save
INFO: &amp#27;[32mSave 5e8d23fe-becd-474b-ba84-4ddbf9451ff4(uuid1331)
сент. 16, 2025 8:21:57 PM webapp.storage.AbstractStorage save
INFO: &amp#27;[32mSave 715052f7-ac7f-4cc2-b0a6-5551bdfd45b8(uuid1332)
сент. 16, 2025 8:21:57 PM webapp.storage.AbstractStorage save
INFO: &amp#27;[32mSave 88a0e6e7-ed10-4300-87d6-3a0684c8396e(uuid1333)
сент. 16, 2025 8:21:57 PM webapp.storage.AbstractStorage save
INFO: &amp#27;[32mSave 2ce72597-958c-4636-a208-53247b976fb8(uuid1334)
сент. 16, 2025 8:21:57 PM webapp.storage.AbstractStorage save
INFO: &amp#27;[32mSave 484aa27b-f621-4fe6-8e1f-f21dab1a166b(uuid1335)
сент. 16, 2025 8:21:57 PM webapp.storage.AbstractStorage save
INFO: &amp#27;[32mSave f6569f7e-7dd6-44bf-b166-57a5b20dd42e(uuid1336)
сент. 16, 2025 8:21:57 PM webapp.storage.AbstractStorage save
INFO: &amp#27;[32mSave 3ae98638-a144-4943-8684-285cfd633ba6(uuid1337)
сент. 16, 2025 8:21:57 PM webapp.storage.AbstractStorage save
INFO: &amp#27;[32mSave a11c1ad3-1141-485e-9381-2a2781ef992f(uuid1338)
сент. 16, 2025 8:21:57 PM webapp.storage.AbstractStorage save
INFO: &amp#27;[32mSave 4e9e56b7-d27c-4777-b9fb-6566dd31df69(uuid1339)
сент. 16, 2025 8:21:57 PM webapp.storage.AbstractStorage save
INFO: &amp#27;[32mSave 32b6be5e-75eb-40ff-a36a-ec621709d622(uuid1340)
сент. 16, 2025 8:21:57 PM webapp.storage.AbstractStorage save
INFO: &amp#27;[32mSave 9223d83f-ed06-4ed5-b9a0-0e185390feae(uuid1341)
сент. 16, 2025 8:21:57 PM webapp.storage.AbstractStorage save
INFO: &amp#27;[32mSave a9fe6eba-6b42-4979-aaf1-d7626effbaaa(uuid1342)
сент. 16, 2025 8:21:57 PM webapp.storage.AbstractStorage save
INFO: &amp#27;[32mSave f5911571-8e3d-42ec-b3b6-5093bf0aed35(uuid1343)
сент. 16, 2025 8:21:57 PM webapp.storage.AbstractStorage save
INFO: &amp#27;[32mSave aa39cdc3-7e4c-46e3-bcb9-2cf1f9e4dc6f(uuid1344)
сент. 16, 2025 8:21:57 PM webapp.storage.AbstractStorage save
INFO: &amp#27;[32mSave 5a1824bd-7065-452f-9a2f-b3a93f781e7b(uuid1345)
сент. 16, 2025 8:21:57 PM webapp.storage.AbstractStorage save
INFO: &amp#27;[32mSave b7382fb4-9adb-4785-9ee4-cb1342479093(uuid1346)
сент. 16, 2025 8:21:57 PM webapp.storage.AbstractStorage save
INFO: &amp#27;[32mSave 9c2afa67-3c58-4e50-a339-7d988238217e(uuid1347)
сент. 16, 2025 8:21:57 PM webapp.storage.AbstractStorage save
INFO: &amp#27;[32mSave a86a08b7-7fde-4cdc-841b-adf9ffebc62d(uuid1348)
сент. 16, 2025 8:21:57 PM webapp.storage.AbstractStorage save
INFO: &amp#27;[32mSave 40d2246f-d546-466e-93b3-68432092164c(uuid1349)
сент. 16, 2025 8:21:57 PM webapp.storage.AbstractStorage save
INFO: &amp#27;[32mSave 06957c7c-9e66-4c2c-a1a3-41f997364590(uuid1350)
сент. 16, 2025 8:21:57 PM webapp.storage.AbstractStorage save
INFO: &amp#27;[32mSave 488d6246-2858-4cf2-8183-0f94f051639b(uuid1351)
сент. 16, 2025 8:21:57 PM webapp.storage.AbstractStorage save
INFO: &amp#27;[32mSave 4ad44ed0-8287-401c-842f-dd2e45cce9bb(uuid1352)
сент. 16, 2025 8:21:57 PM webapp.storage.AbstractStorage save
INFO: &amp#27;[32mSave cfa7d9af-6c92-4039-bae0-634a9bc2aa89(uuid1353)
сент. 16, 2025 8:21:57 PM webapp.storage.AbstractStorage save
INFO: &amp#27;[32mSave 51cb3dbc-62aa-476c-827e-60149f39f5fa(uuid1354)
сент. 16, 2025 8:21:57 PM webapp.storage.AbstractStorage save
INFO: &amp#27;[32mSave 74048948-9dd9-4cce-99ab-3ac913750c7a(uuid1355)
сент. 16, 2025 8:21:57 PM webapp.storage.AbstractStorage save
INFO: &amp#27;[32mSave b88f6038-b7a6-4ac0-912d-03ea3f07bdb2(uuid1356)
сент. 16, 2025 8:21:57 PM webapp.storage.AbstractStorage save
INFO: &amp#27;[32mSave 397bbaa8-c722-41ff-9976-d55ddd8e0bec(uuid1357)
сент. 16, 2025 8:21:57 PM webapp.storage.AbstractStorage save
INFO: &amp#27;[32mSave 043b35c6-14be-4406-b7f1-ff9320d4ee8f(uuid1358)
сент. 16, 2025 8:21:57 PM webapp.storage.AbstractStorage save
INFO: &amp#27;[32mSave 7c2fdce9-8b35-49b8-874a-694f8bafe9fc(uuid1359)
сент. 16, 2025 8:21:57 PM webapp.storage.AbstractStorage save
INFO: &amp#27;[32mSave 3299ee1f-6b9d-447e-9b1a-ac61ae257865(uuid1360)
сент. 16, 2025 8:21:57 PM webapp.storage.AbstractStorage save
INFO: &amp#27;[32mSave d991101c-5ca8-4111-a273-99ed86c92e4d(uuid1361)
сент. 16, 2025 8:21:57 PM webapp.storage.AbstractStorage save
INFO: &amp#27;[32mSave 23797234-f7db-4e37-a284-988d92aaff57(uuid1362)
сент. 16, 2025 8:21:57 PM webapp.storage.AbstractStorage save
INFO: &amp#27;[32mSave 55990446-d2a2-4a95-975d-bbd29c2d807b(uuid1363)
сент. 16, 2025 8:21:57 PM webapp.storage.AbstractStorage save
INFO: &amp#27;[32mSave c27a0bd9-eb6e-4438-b672-789ce20cce01(uuid1364)
сент. 16, 2025 8:21:57 PM webapp.storage.AbstractStorage save
INFO: &amp#27;[32mSave 8d3fe83d-0ecc-46a7-8b40-d9dee2b7868b(uuid1365)
сент. 16, 2025 8:21:57 PM webapp.storage.AbstractStorage save
INFO: &amp#27;[32mSave 2556c825-192e-48db-90a5-b5839064e21e(uuid1366)
сент. 16, 2025 8:21:57 PM webapp.storage.AbstractStorage save
INFO: &amp#27;[32mSave 115cbed6-019b-419b-9309-7781a6ad5baf(uuid1367)
сент. 16, 2025 8:21:57 PM webapp.storage.AbstractStorage save
INFO: &amp#27;[32mSave 316fa4d1-bf65-4776-a1d1-7a4410ef687d(uuid1368)
сент. 16, 2025 8:21:57 PM webapp.storage.AbstractStorage save
INFO: &amp#27;[32mSave 6a2e39bb-07fc-406a-863f-84b1b91034f3(uuid1369)
сент. 16, 2025 8:21:57 PM webapp.storage.AbstractStorage save
INFO: &amp#27;[32mSave f640fd5f-181e-4b9b-81c2-e350acb08b28(uuid1370)
сент. 16, 2025 8:21:57 PM webapp.storage.AbstractStorage save
INFO: &amp#27;[32mSave 326e8684-400f-414b-a4cf-b75a803baab4(uuid1371)
сент. 16, 2025 8:21:57 PM webapp.storage.AbstractStorage save
INFO: &amp#27;[32mSave f072047a-f6ba-4342-a982-c1ffcff1a59c(uuid1372)
сент. 16, 2025 8:21:57 PM webapp.storage.AbstractStorage save
INFO: &amp#27;[32mSave c4978c6b-6f4f-4618-bdf3-f3b35eb6e2df(uuid1373)
сент. 16, 2025 8:21:57 PM webapp.storage.AbstractStorage save
INFO: &amp#27;[32mSave 8951b2d0-d86c-433b-90ba-11bc9c08fe21(uuid1374)
сент. 16, 2025 8:21:57 PM webapp.storage.AbstractStorage save
INFO: &amp#27;[32mSave 2bfa2548-fe4e-4fd0-aa6a-fcfa2e214219(uuid1375)
сент. 16, 2025 8:21:57 PM webapp.storage.AbstractStorage save
INFO: &amp#27;[32mSave 3b0e324c-b4a4-4144-bb5a-5e32240f9bc5(uuid1376)
сент. 16, 2025 8:21:57 PM webapp.storage.AbstractStorage save
INFO: &amp#27;[32mSave 3614af6d-b88c-43f8-ba0e-21d8dd146dd2(uuid1377)
сент. 16, 2025 8:21:57 PM webapp.storage.AbstractStorage save
INFO: &amp#27;[32mSave 50e34a0f-9934-4682-bfa3-b0d619ec9b79(uuid1378)
сент. 16, 2025 8:21:57 PM webapp.storage.AbstractStorage save
INFO: &amp#27;[32mSave 243eb60f-5e31-4fc5-8161-49f367aef73d(uuid1379)
сент. 16, 2025 8:21:57 PM webapp.storage.AbstractStorage save
INFO: &amp#27;[32mSave 0682e6f3-5095-4f93-94cc-f576acb55121(uuid1380)
сент. 16, 2025 8:21:57 PM webapp.storage.AbstractStorage save
INFO: &amp#27;[32mSave 0b9776f2-e774-4e02-8e26-77d075d3d7d3(uuid1381)
сент. 16, 2025 8:21:57 PM webapp.storage.AbstractStorage save
INFO: &amp#27;[32mSave 75a9f3e6-2edf-4d45-9b23-9350eb18d767(uuid1382)
сент. 16, 2025 8:21:57 PM webapp.storage.AbstractStorage save
INFO: &amp#27;[32mSave 0601a69a-4b90-4532-9254-3130aec97224(uuid1383)
сент. 16, 2025 8:21:57 PM webapp.storage.AbstractStorage save
INFO: &amp#27;[32mSave c378e9ea-c486-4e69-b4b6-d3645fceb16f(uuid1384)
сент. 16, 2025 8:21:57 PM webapp.storage.AbstractStorage save
INFO: &amp#27;[32mSave 93755345-aa8d-4f55-9bc1-089e38b6d367(uuid1385)
сент. 16, 2025 8:21:57 PM webapp.storage.AbstractStorage save
INFO: &amp#27;[32mSave 4f1d085a-1388-4597-ac1a-658c2a093df6(uuid1386)
сент. 16, 2025 8:21:57 PM webapp.storage.AbstractStorage save
INFO: &amp#27;[32mSave 534a2868-a25d-48e3-ad2c-8493faf01503(uuid1387)
сент. 16, 2025 8:21:57 PM webapp.storage.AbstractStorage save
INFO: &amp#27;[32mSave 18716674-d7a7-4ddb-9f86-21fafe7ecb12(uuid1388)
сент. 16, 2025 8:21:57 PM webapp.storage.AbstractStorage save
INFO: &amp#27;[32mSave f4f20a59-23c7-4d8f-a689-639a97dc3e3e(uuid1389)
сент. 16, 2025 8:21:57 PM webapp.storage.AbstractStorage save
INFO: &amp#27;[32mSave 5f4c76f2-3137-49df-a073-464f1c68dadd(uuid1390)
сент. 16, 2025 8:21:57 PM webapp.storage.AbstractStorage save
INFO: &amp#27;[32mSave e4898bc0-70d3-467f-8ecd-bca1b4e5f09b(uuid1391)
сент. 16, 2025 8:21:57 PM webapp.storage.AbstractStorage save
INFO: &amp#27;[32mSave 543c873e-bef2-44dc-8eaa-7006d921cf0a(uuid1392)
сент. 16, 2025 8:21:57 PM webapp.storage.AbstractStorage save
INFO: &amp#27;[32mSave 997f50a3-be42-4d56-8aab-fe7cffa007e8(uuid1393)
сент. 16, 2025 8:21:57 PM webapp.storage.AbstractStorage save
INFO: &amp#27;[32mSave 9a4882c6-6ad7-41ce-84c5-fd1b87a5fe7d(uuid1394)
сент. 16, 2025 8:21:57 PM webapp.storage.AbstractStorage save
INFO: &amp#27;[32mSave 4d7db14f-8063-4bfc-8354-d87213013472(uuid1395)
сент. 16, 2025 8:21:57 PM webapp.storage.AbstractStorage save
INFO: &amp#27;[32mSave f6d50daa-7e77-47e4-a283-8437ba107023(uuid1396)
сент. 16, 2025 8:21:57 PM webapp.storage.AbstractStorage save
INFO: &amp#27;[32mSave 03d85cd8-9787-4316-8af0-f7f9e12eda3e(uuid1397)
сент. 16, 2025 8:21:57 PM webapp.storage.AbstractStorage save
INFO: &amp#27;[32mSave 0ef82340-80dc-406d-9287-4b11df462114(uuid1398)
сент. 16, 2025 8:21:57 PM webapp.storage.AbstractStorage save
INFO: &amp#27;[32mSave eea35494-a6ef-44af-97cd-c2e86c0c23e3(uuid1399)
сент. 16, 2025 8:21:57 PM webapp.storage.AbstractStorage save
INFO: &amp#27;[32mSave 7c266a24-e2e8-44c2-94cd-fc177e19065c(uuid1400)
сент. 16, 2025 8:21:57 PM webapp.storage.AbstractStorage save
INFO: &amp#27;[32mSave a47bccf4-5aab-4df4-a8c4-2176ade8ea2f(uuid1401)
сент. 16, 2025 8:21:57 PM webapp.storage.AbstractStorage save
INFO: &amp#27;[32mSave 7fa03e14-b464-4441-9dce-14161b467d50(uuid1402)
сент. 16, 2025 8:21:57 PM webapp.storage.AbstractStorage save
INFO: &amp#27;[32mSave bb470e14-c524-4ba8-81f9-7bd6c3acfd1f(uuid1403)
сент. 16, 2025 8:21:57 PM webapp.storage.AbstractStorage save
INFO: &amp#27;[32mSave e0239aab-3d4c-4af7-a363-c2c301ecde4b(uuid1404)
сент. 16, 2025 8:21:57 PM webapp.storage.AbstractStorage save
INFO: &amp#27;[32mSave 6adabdd0-d5c5-4b93-afa4-59fc71012b31(uuid1405)
сент. 16, 2025 8:21:57 PM webapp.storage.AbstractStorage save
INFO: &amp#27;[32mSave 428127e8-7fa1-4e7f-8334-46557103246c(uuid1406)
сент. 16, 2025 8:21:57 PM webapp.storage.AbstractStorage save
INFO: &amp#27;[32mSave 7ae2be87-f755-4efe-8c39-d1dd9ebef9e3(uuid1407)
сент. 16, 2025 8:21:57 PM webapp.storage.AbstractStorage save
INFO: &amp#27;[32mSave ea37c3bc-ed30-45ec-9b27-e1cef87de9be(uuid1408)
сент. 16, 2025 8:21:57 PM webapp.storage.AbstractStorage save
INFO: &amp#27;[32mSave 4f5ac5eb-9601-4d91-a39e-269972c0bee0(uuid1409)
сент. 16, 2025 8:21:57 PM webapp.storage.AbstractStorage save
INFO: &amp#27;[32mSave e236ad80-c15d-4518-8608-2c37741646c6(uuid1410)
сент. 16, 2025 8:21:57 PM webapp.storage.AbstractStorage save
INFO: &amp#27;[32mSave 89b8532f-5f5b-4e24-8294-9eccf2c8f4c0(uuid1411)
сент. 16, 2025 8:21:57 PM webapp.storage.AbstractStorage save
INFO: &amp#27;[32mSave fa923d0e-0ee0-423c-8171-4fbade5461fd(uuid1412)
сент. 16, 2025 8:21:57 PM webapp.storage.AbstractStorage save
INFO: &amp#27;[32mSave babab794-dc43-45c4-a7ad-c409c1b1641b(uuid1413)
сент. 16, 2025 8:21:57 PM webapp.storage.AbstractStorage save
INFO: &amp#27;[32mSave 6de17ef8-12c2-4fda-a475-fd12fc63434f(uuid1414)
сент. 16, 2025 8:21:57 PM webapp.storage.AbstractStorage save
INFO: &amp#27;[32mSave ee580602-500e-42d5-83de-4b7d92200ac8(uuid1415)
сент. 16, 2025 8:21:57 PM webapp.storage.AbstractStorage save
INFO: &amp#27;[32mSave 38e462ef-4453-4753-ac46-62b986f8c3dd(uuid1416)
сент. 16, 2025 8:21:57 PM webapp.storage.AbstractStorage save
INFO: &amp#27;[32mSave 51469b26-0001-44d3-944d-13b3d2ecf274(uuid1417)
сент. 16, 2025 8:21:57 PM webapp.storage.AbstractStorage save
INFO: &amp#27;[32mSave 6777639d-1bad-470a-8563-2cf694ac2c9d(uuid1418)
сент. 16, 2025 8:21:57 PM webapp.storage.AbstractStorage save
INFO: &amp#27;[32mSave f0e66d7f-571d-48cf-8c3d-d2871c554886(uuid1419)
сент. 16, 2025 8:21:57 PM webapp.storage.AbstractStorage save
INFO: &amp#27;[32mSave 55b3dd0a-e27b-4dfd-8a8e-18e7f060bbba(uuid1420)
сент. 16, 2025 8:21:57 PM webapp.storage.AbstractStorage save
INFO: &amp#27;[32mSave 0d3dd3d9-4b74-4751-9d78-aa4dc5d5e085(uuid1421)
сент. 16, 2025 8:21:57 PM webapp.storage.AbstractStorage save
INFO: &amp#27;[32mSave f1280524-e4c2-40e4-b6b6-28068270b0c4(uuid1422)
сент. 16, 2025 8:21:57 PM webapp.storage.AbstractStorage save
INFO: &amp#27;[32mSave fbd46426-bac3-44b3-8911-37db32625b50(uuid1423)
сент. 16, 2025 8:21:57 PM webapp.storage.AbstractStorage save
INFO: &amp#27;[32mSave 3ecc8491-179a-45ad-bd2d-89354a76a53e(uuid1424)
сент. 16, 2025 8:21:57 PM webapp.storage.AbstractStorage save
INFO: &amp#27;[32mSave 3db30abd-7cea-4c5e-8ac9-31eb74cb12b5(uuid1425)
сент. 16, 2025 8:21:57 PM webapp.storage.AbstractStorage save
INFO: &amp#27;[32mSave 43d2dd85-0662-4ec7-a3a3-8b651e1759d3(uuid1426)
сент. 16, 2025 8:21:57 PM webapp.storage.AbstractStorage save
INFO: &amp#27;[32mSave 0b6bff8d-d09c-40ab-b503-8d1de72764f1(uuid1427)
сент. 16, 2025 8:21:57 PM webapp.storage.AbstractStorage save
INFO: &amp#27;[32mSave 08ba00cc-ba3e-4ed3-ad5e-d123607d89ee(uuid1428)
сент. 16, 2025 8:21:57 PM webapp.storage.AbstractStorage save
INFO: &amp#27;[32mSave 5d447c13-a1e3-4b6e-ab20-0b0187899743(uuid1429)
сент. 16, 2025 8:21:57 PM webapp.storage.AbstractStorage save
INFO: &amp#27;[32mSave 349211d3-1351-4962-b727-cac544880182(uuid1430)
сент. 16, 2025 8:21:57 PM webapp.storage.AbstractStorage save
INFO: &amp#27;[32mSave b324a877-b028-49d4-bbef-e3b67ae21c93(uuid1431)
сент. 16, 2025 8:21:57 PM webapp.storage.AbstractStorage save
INFO: &amp#27;[32mSave 4892c2eb-4524-4e62-a4ad-ef6bd5980a85(uuid1432)
сент. 16, 2025 8:21:57 PM webapp.storage.AbstractStorage save
INFO: &amp#27;[32mSave 3a385671-d14d-41c2-840c-c7da2020ac2b(uuid1433)
сент. 16, 2025 8:21:57 PM webapp.storage.AbstractStorage save
INFO: &amp#27;[32mSave 96e33d21-1238-4a24-b10c-5dde8249221c(uuid1434)
сент. 16, 2025 8:21:57 PM webapp.storage.AbstractStorage save
INFO: &amp#27;[32mSave b5c75d89-6a8d-4015-abef-7b808fe521aa(uuid1435)
сент. 16, 2025 8:21:57 PM webapp.storage.AbstractStorage save
INFO: &amp#27;[32mSave a7ce9e6e-d26b-412f-b968-639404d395cc(uuid1436)
сент. 16, 2025 8:21:57 PM webapp.storage.AbstractStorage save
INFO: &amp#27;[32mSave e3482d50-7a21-44f2-a20b-d102af9360a7(uuid1437)
сент. 16, 2025 8:21:57 PM webapp.storage.AbstractStorage save
INFO: &amp#27;[32mSave 42caa0da-0eb0-431d-b416-6afe1bb302fc(uuid1438)
сент. 16, 2025 8:21:57 PM webapp.storage.AbstractStorage save
INFO: &amp#27;[32mSave 624601f6-3aad-4c5f-b266-d7863eed15f7(uuid1439)
сент. 16, 2025 8:21:57 PM webapp.storage.AbstractStorage save
INFO: &amp#27;[32mSave 46294f35-6532-41c8-ae9f-b1ff25f8653e(uuid1440)
сент. 16, 2025 8:21:57 PM webapp.storage.AbstractStorage save
INFO: &amp#27;[32mSave a3bae90c-8536-4c90-993d-5f286a1378e7(uuid1441)
сент. 16, 2025 8:21:57 PM webapp.storage.AbstractStorage save
INFO: &amp#27;[32mSave 13f21811-dec7-47c2-8c53-c86b347176fc(uuid1442)
сент. 16, 2025 8:21:57 PM webapp.storage.AbstractStorage save
INFO: &amp#27;[32mSave 41be99d7-71a7-4ae6-9df1-1722289bb7f6(uuid1443)
сент. 16, 2025 8:21:57 PM webapp.storage.AbstractStorage save
INFO: &amp#27;[32mSave 4ac28021-633c-43c4-b6d4-839948627cbe(uuid1444)
сент. 16, 2025 8:21:57 PM webapp.storage.AbstractStorage save
INFO: &amp#27;[32mSave dae40c27-c3cf-4aba-937b-d37602930599(uuid1445)
сент. 16, 2025 8:21:57 PM webapp.storage.AbstractStorage save
INFO: &amp#27;[32mSave 037e229d-b14a-4031-92d1-c16f49e716ec(uuid1446)
сент. 16, 2025 8:21:57 PM webapp.storage.AbstractStorage save
INFO: &amp#27;[32mSave 96b3259c-53d4-43e0-b634-c913dc60326f(uuid1447)
сент. 16, 2025 8:21:57 PM webapp.storage.AbstractStorage save
INFO: &amp#27;[32mSave 08f930c7-d0de-4a58-93fa-871124b145d5(uuid1448)
сент. 16, 2025 8:21:57 PM webapp.storage.AbstractStorage save
INFO: &amp#27;[32mSave a4bb087d-3759-48a6-8916-ef68ca7c3709(uuid1449)
сент. 16, 2025 8:21:57 PM webapp.storage.AbstractStorage save
INFO: &amp#27;[32mSave 5bf163cf-9f9b-457c-a6b0-072e90cf0276(uuid1450)
сент. 16, 2025 8:21:57 PM webapp.storage.AbstractStorage save
INFO: &amp#27;[32mSave fe9ed00a-7795-4574-ab0f-e9e9015a8b8b(uuid1451)
сент. 16, 2025 8:21:57 PM webapp.storage.AbstractStorage save
INFO: &amp#27;[32mSave 158ead39-20f0-45fd-acbf-566d78e71a8b(uuid1452)
сент. 16, 2025 8:21:57 PM webapp.storage.AbstractStorage save
INFO: &amp#27;[32mSave b561050f-4374-472e-9223-8b016d5b3795(uuid1453)
сент. 16, 2025 8:21:57 PM webapp.storage.AbstractStorage save
INFO: &amp#27;[32mSave d773ec89-edb1-445d-b4b9-3129d1f0ef7d(uuid1454)
сент. 16, 2025 8:21:57 PM webapp.storage.AbstractStorage save
INFO: &amp#27;[32mSave c08b97b2-b4d8-401a-8d0f-309e8ee9cb2a(uuid1455)
сент. 16, 2025 8:21:57 PM webapp.storage.AbstractStorage save
INFO: &amp#27;[32mSave fe7f3898-15fc-4f99-bb72-b14fe965c5be(uuid1456)
сент. 16, 2025 8:21:57 PM webapp.storage.AbstractStorage save
INFO: &amp#27;[32mSave e808f7f2-5ced-4946-a833-c96a30d2e45a(uuid1457)
сент. 16, 2025 8:21:57 PM webapp.storage.AbstractStorage save
INFO: &amp#27;[32mSave e61d9a30-ed4e-4928-8217-7ae2e06ffdbc(uuid1458)
сент. 16, 2025 8:21:57 PM webapp.storage.AbstractStorage save
INFO: &amp#27;[32mSave 9c36b8e7-3353-4d4d-aeac-bba022031975(uuid1459)
сент. 16, 2025 8:21:57 PM webapp.storage.AbstractStorage save
INFO: &amp#27;[32mSave 104c947c-efb1-4571-9158-fa6289cbbbbc(uuid1460)
сент. 16, 2025 8:21:57 PM webapp.storage.AbstractStorage save
INFO: &amp#27;[32mSave 990109cc-d717-4cc7-80dd-7eee9588b927(uuid1461)
сент. 16, 2025 8:21:57 PM webapp.storage.AbstractStorage save
INFO: &amp#27;[32mSave 334ec0c6-5a58-46dc-bca0-6828cb7c7aac(uuid1462)
сент. 16, 2025 8:21:57 PM webapp.storage.AbstractStorage save
INFO: &amp#27;[32mSave 1e686750-b828-4a28-86cc-5430b1d3f6e2(uuid1463)
сент. 16, 2025 8:21:57 PM webapp.storage.AbstractStorage save
INFO: &amp#27;[32mSave 77ddf710-7882-459e-88c7-c9eabf12f07e(uuid1464)
сент. 16, 2025 8:21:57 PM webapp.storage.AbstractStorage save
INFO: &amp#27;[32mSave 656eb556-de82-43c8-a9ef-db977ea4c53e(uuid1465)
сент. 16, 2025 8:21:57 PM webapp.storage.AbstractStorage save
INFO: &amp#27;[32mSave 6d8514e3-17d3-46db-910d-5dd31714f4cd(uuid1466)
сент. 16, 2025 8:21:57 PM webapp.storage.AbstractStorage save
INFO: &amp#27;[32mSave 783e8a08-1551-4121-9a45-b7822e8b50b8(uuid1467)
сент. 16, 2025 8:21:57 PM webapp.storage.AbstractStorage save
INFO: &amp#27;[32mSave 84f1b7f7-4b80-4314-a469-253a9ba34cb7(uuid1468)
сент. 16, 2025 8:21:57 PM webapp.storage.AbstractStorage save
INFO: &amp#27;[32mSave c97069c3-d3d9-4624-9919-fa9d532121b4(uuid1469)
сент. 16, 2025 8:21:57 PM webapp.storage.AbstractStorage save
INFO: &amp#27;[32mSave a04301a4-d603-461d-a8c4-8d1aee7afc9c(uuid1470)
сент. 16, 2025 8:21:57 PM webapp.storage.AbstractStorage save
INFO: &amp#27;[32mSave 1fa95a3a-0c8f-43ac-9d6b-9e8bdedaed1e(uuid1471)
сент. 16, 2025 8:21:57 PM webapp.storage.AbstractStorage save
INFO: &amp#27;[32mSave 26bfb6d1-6aea-44ae-be0a-9e16fe35f3e4(uuid1472)
сент. 16, 2025 8:21:57 PM webapp.storage.AbstractStorage save
INFO: &amp#27;[32mSave e8c881d9-8b23-4963-b537-d49c70fafa7d(uuid1473)
сент. 16, 2025 8:21:57 PM webapp.storage.AbstractStorage save
INFO: &amp#27;[32mSave 82c79ece-84df-490b-b2ba-f6589608e07d(uuid1474)
сент. 16, 2025 8:21:57 PM webapp.storage.AbstractStorage save
INFO: &amp#27;[32mSave 8b5b790c-571e-483a-92da-9a54da1ee54c(uuid1475)
сент. 16, 2025 8:21:57 PM webapp.storage.AbstractStorage save
INFO: &amp#27;[32mSave d0e87572-0159-4e8b-98cc-84a9cbda61b6(uuid1476)
сент. 16, 2025 8:21:57 PM webapp.storage.AbstractStorage save
INFO: &amp#27;[32mSave 9c83d29d-0adf-4733-a2f9-061d5af1b4c5(uuid1477)
сент. 16, 2025 8:21:57 PM webapp.storage.AbstractStorage save
INFO: &amp#27;[32mSave 69c7aa3b-ef77-42c8-9ea4-d6d9036b5174(uuid1478)
сент. 16, 2025 8:21:57 PM webapp.storage.AbstractStorage save
INFO: &amp#27;[32mSave 87bf8e12-38a9-44b9-a50c-f40d70306818(uuid1479)
сент. 16, 2025 8:21:57 PM webapp.storage.AbstractStorage save
INFO: &amp#27;[32mSave 0ed3e029-ea78-4074-ac8e-4e9646dd8e90(uuid1480)
сент. 16, 2025 8:21:57 PM webapp.storage.AbstractStorage save
INFO: &amp#27;[32mSave a1e6f3cc-a356-4c2c-8140-ea7cafd8c3a7(uuid1481)
сент. 16, 2025 8:21:57 PM webapp.storage.AbstractStorage save
INFO: &amp#27;[32mSave b9928925-0321-449c-99dd-2969f4a6ee9d(uuid1482)
сент. 16, 2025 8:21:57 PM webapp.storage.AbstractStorage save
INFO: &amp#27;[32mSave b1d4ebc4-bb80-4f6d-98a6-7493a9fd20b9(uuid1483)
сент. 16, 2025 8:21:57 PM webapp.storage.AbstractStorage save
INFO: &amp#27;[32mSave 803255bc-49ae-4f73-be2a-1919d131321b(uuid1484)
сент. 16, 2025 8:21:57 PM webapp.storage.AbstractStorage save
INFO: &amp#27;[32mSave d9398b9d-588a-4e79-a49c-28a4557cb27f(uuid1485)
сент. 16, 2025 8:21:57 PM webapp.storage.AbstractStorage save
INFO: &amp#27;[32mSave b6b25f0a-09d1-4692-8480-bc8880735ee1(uuid1486)
сент. 16, 2025 8:21:57 PM webapp.storage.AbstractStorage save
INFO: &amp#27;[32mSave 5f099036-556b-4925-a2b5-47221bdacc5c(uuid1487)
сент. 16, 2025 8:21:57 PM webapp.storage.AbstractStorage save
INFO: &amp#27;[32mSave e3401594-8099-49f0-9466-faa163b3dd74(uuid1488)
сент. 16, 2025 8:21:57 PM webapp.storage.AbstractStorage save
INFO: &amp#27;[32mSave 44904f6d-8ab3-4c89-a8a8-555c8d42c93c(uuid1489)
сент. 16, 2025 8:21:57 PM webapp.storage.AbstractStorage save
INFO: &amp#27;[32mSave 0b64623d-9714-47ca-a4c1-ac06dcdd9b05(uuid1490)
сент. 16, 2025 8:21:57 PM webapp.storage.AbstractStorage save
INFO: &amp#27;[32mSave ee063948-1c21-456e-b425-6aaa9d5637c3(uuid1491)
сент. 16, 2025 8:21:57 PM webapp.storage.AbstractStorage save
INFO: &amp#27;[32mSave 34ca361c-dfa6-4777-a889-6181c3262ebb(uuid1492)
сент. 16, 2025 8:21:57 PM webapp.storage.AbstractStorage save
INFO: &amp#27;[32mSave 14a15ea3-b658-4c9e-8f21-ab25169bb15d(uuid1493)
сент. 16, 2025 8:21:57 PM webapp.storage.AbstractStorage save
INFO: &amp#27;[32mSave 8deee128-e079-4f2c-8d7a-15ecd14cc6db(uuid1494)
сент. 16, 2025 8:21:57 PM webapp.storage.AbstractStorage save
INFO: &amp#27;[32mSave e4157ab2-1f58-4563-a394-5c5f2c239dc0(uuid1495)
сент. 16, 2025 8:21:57 PM webapp.storage.AbstractStorage save
INFO: &amp#27;[32mSave 9182db14-f2f4-4a53-a077-1ad59e852c2d(uuid1496)
сент. 16, 2025 8:21:57 PM webapp.storage.AbstractStorage save
INFO: &amp#27;[32mSave 1ca2ecb0-db7e-4e2d-aba4-c9d550eb8e4b(uuid1497)
сент. 16, 2025 8:21:57 PM webapp.storage.AbstractStorage save
INFO: &amp#27;[32mSave fbc9758c-1b99-4d57-9b28-64af6d0372f8(uuid1498)
сент. 16, 2025 8:21:57 PM webapp.storage.AbstractStorage save
INFO: &amp#27;[32mSave c983c371-6736-4c2f-9f4a-5dce6beafe72(uuid1499)
сент. 16, 2025 8:21:57 PM webapp.storage.AbstractStorage save
INFO: &amp#27;[32mSave fb107308-01e8-4db5-af40-3682ddc0b8b1(uuid1500)
сент. 16, 2025 8:21:57 PM webapp.storage.AbstractStorage save
INFO: &amp#27;[32mSave 0c182c99-2aa2-4e5f-a510-0cd5838820c5(uuid1501)
сент. 16, 2025 8:21:57 PM webapp.storage.AbstractStorage save
INFO: &amp#27;[32mSave 5fee96ef-4f86-4296-a6f0-2ba2f77b094e(uuid1502)
сент. 16, 2025 8:21:57 PM webapp.storage.AbstractStorage save
INFO: &amp#27;[32mSave 238e96c8-7264-4757-b585-7597217aef0b(uuid1503)
сент. 16, 2025 8:21:57 PM webapp.storage.AbstractStorage save
INFO: &amp#27;[32mSave 9ac58ef1-84ca-4d64-ba4c-3ef856405612(uuid1504)
сент. 16, 2025 8:21:57 PM webapp.storage.AbstractStorage save
INFO: &amp#27;[32mSave 8fee639b-3f78-4550-b166-9de8fa3a54ec(uuid1505)
сент. 16, 2025 8:21:57 PM webapp.storage.AbstractStorage save
INFO: &amp#27;[32mSave e79694e4-7289-4bcf-a2db-0d2772c8a028(uuid1506)
сент. 16, 2025 8:21:57 PM webapp.storage.AbstractStorage save
INFO: &amp#27;[32mSave 2c94168e-8691-4ce9-beb4-52d180ff2500(uuid1507)
сент. 16, 2025 8:21:57 PM webapp.storage.AbstractStorage save
INFO: &amp#27;[32mSave 830ebd83-e5e2-433c-ae29-1dc14bcdbbe8(uuid1508)
сент. 16, 2025 8:21:57 PM webapp.storage.AbstractStorage save
INFO: &amp#27;[32mSave ebcb6ec5-1fbe-46f3-969f-c2abc564daf7(uuid1509)
сент. 16, 2025 8:21:57 PM webapp.storage.AbstractStorage save
INFO: &amp#27;[32mSave 288258bd-0474-4787-a1a0-25de8095a619(uuid1510)
сент. 16, 2025 8:21:57 PM webapp.storage.AbstractStorage save
INFO: &amp#27;[32mSave 4a5b1e70-d26f-4853-b8cf-9193dd6c1312(uuid1511)
сент. 16, 2025 8:21:57 PM webapp.storage.AbstractStorage save
INFO: &amp#27;[32mSave 8cfaf5bd-81ac-442a-8eb6-4dd54d508faf(uuid1512)
сент. 16, 2025 8:21:57 PM webapp.storage.AbstractStorage save
INFO: &amp#27;[32mSave a10d30ab-482b-4aad-8fb2-1e309d5cc3a0(uuid1513)
сент. 16, 2025 8:21:57 PM webapp.storage.AbstractStorage save
INFO: &amp#27;[32mSave 981fb401-ac1e-43ff-bb07-cbc8550cd74a(uuid1514)
сент. 16, 2025 8:21:57 PM webapp.storage.AbstractStorage save
INFO: &amp#27;[32mSave 3980a4be-0fde-4cee-a296-c1a67e9285a4(uuid1515)
сент. 16, 2025 8:21:57 PM webapp.storage.AbstractStorage save
INFO: &amp#27;[32mSave d1e455a1-946f-45d5-92eb-0bf426153794(uuid1516)
сент. 16, 2025 8:21:57 PM webapp.storage.AbstractStorage save
INFO: &amp#27;[32mSave 320d142f-8bf1-4530-b32c-5dd8cd44c6f6(uuid1517)
сент. 16, 2025 8:21:57 PM webapp.storage.AbstractStorage save
INFO: &amp#27;[32mSave ad4921c5-97ad-4837-b280-dadd0a225f65(uuid1518)
сент. 16, 2025 8:21:57 PM webapp.storage.AbstractStorage save
INFO: &amp#27;[32mSave 0d1ba16b-da5d-4ab9-9050-cefae7b50122(uuid1519)
сент. 16, 2025 8:21:57 PM webapp.storage.AbstractStorage save
INFO: &amp#27;[32mSave 4c42c249-074c-406e-ae72-88468993725b(uuid1520)
сент. 16, 2025 8:21:57 PM webapp.storage.AbstractStorage save
INFO: &amp#27;[32mSave 9b45ea53-12e3-42d2-9d44-19cf76f84a96(uuid1521)
сент. 16, 2025 8:21:57 PM webapp.storage.AbstractStorage save
INFO: &amp#27;[32mSave 8d01dd75-5766-46c1-ab8a-8dc60a8bd8ae(uuid1522)
сент. 16, 2025 8:21:57 PM webapp.storage.AbstractStorage save
INFO: &amp#27;[32mSave b60fc677-573d-4d98-a5c6-4ac0d17f049a(uuid1523)
сент. 16, 2025 8:21:57 PM webapp.storage.AbstractStorage save
INFO: &amp#27;[32mSave 7e7de120-557b-468d-8bb6-fa01956a57b3(uuid1524)
сент. 16, 2025 8:21:57 PM webapp.storage.AbstractStorage save
INFO: &amp#27;[32mSave f1c63c5f-1a0f-4cc0-8ddc-c75d87e0194d(uuid1525)
сент. 16, 2025 8:21:57 PM webapp.storage.AbstractStorage save
INFO: &amp#27;[32mSave 4a8adc71-2bc5-43f7-a79b-7c3582f8e9dc(uuid1526)
сент. 16, 2025 8:21:57 PM webapp.storage.AbstractStorage save
INFO: &amp#27;[32mSave 2755052f-5cc2-42d0-859a-87dd88c612eb(uuid1527)
сент. 16, 2025 8:21:57 PM webapp.storage.AbstractStorage save
INFO: &amp#27;[32mSave 50e5a124-28c7-4878-bb12-5f12573d5418(uuid1528)
сент. 16, 2025 8:21:57 PM webapp.storage.AbstractStorage save
INFO: &amp#27;[32mSave dfa9c39c-dd86-4a5e-a07e-2d4ecd9ae142(uuid1529)
сент. 16, 2025 8:21:57 PM webapp.storage.AbstractStorage save
INFO: &amp#27;[32mSave 31eaea96-8144-4c68-b73f-49893925be9e(uuid1530)
сент. 16, 2025 8:21:57 PM webapp.storage.AbstractStorage save
INFO: &amp#27;[32mSave 699536bd-c705-49ec-8c7b-24b269d3e93c(uuid1531)
сент. 16, 2025 8:21:57 PM webapp.storage.AbstractStorage save
INFO: &amp#27;[32mSave 6aa6d5a1-d9b1-456b-a5fe-8ef914b152b1(uuid1532)
сент. 16, 2025 8:21:57 PM webapp.storage.AbstractStorage save
INFO: &amp#27;[32mSave 084c6cfc-f8a9-4cc2-939c-949994a8cbca(uuid1533)
сент. 16, 2025 8:21:57 PM webapp.storage.AbstractStorage save
INFO: &amp#27;[32mSave 46d58518-30bd-4a79-9935-9d7d182065f6(uuid1534)
сент. 16, 2025 8:21:57 PM webapp.storage.AbstractStorage save
INFO: &amp#27;[32mSave c92890c0-1e25-4002-8e63-81c183fdb11f(uuid1535)
сент. 16, 2025 8:21:57 PM webapp.storage.AbstractStorage save
INFO: &amp#27;[32mSave 8cdc3412-d415-41a2-a12a-3b33c6add7c2(uuid1536)
сент. 16, 2025 8:21:57 PM webapp.storage.AbstractStorage save
INFO: &amp#27;[32mSave 9acb36db-da64-4479-85da-fb9e95ee9d45(uuid1537)
сент. 16, 2025 8:21:57 PM webapp.storage.AbstractStorage save
INFO: &amp#27;[32mSave c58e38ac-04e7-4a64-b91c-a9c78f2fbcfe(uuid1538)
сент. 16, 2025 8:21:57 PM webapp.storage.AbstractStorage save
INFO: &amp#27;[32mSave fb43c8fb-9353-4c5a-b59a-d04c9ebbbb49(uuid1539)
сент. 16, 2025 8:21:57 PM webapp.storage.AbstractStorage save
INFO: &amp#27;[32mSave f91388a6-b572-407e-a128-af759e59e3c1(uuid1540)
сент. 16, 2025 8:21:57 PM webapp.storage.AbstractStorage save
INFO: &amp#27;[32mSave 71711a8f-1baa-42af-896c-20fbbb78d539(uuid1541)
сент. 16, 2025 8:21:57 PM webapp.storage.AbstractStorage save
INFO: &amp#27;[32mSave 1e305696-f3ed-4446-a1f0-7c45c2d77ca9(uuid1542)
сент. 16, 2025 8:21:57 PM webapp.storage.AbstractStorage save
INFO: &amp#27;[32mSave 6f82a138-c5bd-4795-97e9-9054884b29f8(uuid1543)
сент. 16, 2025 8:21:57 PM webapp.storage.AbstractStorage save
INFO: &amp#27;[32mSave a327826a-9f6a-461b-9c20-46afd5e91bbf(uuid1544)
сент. 16, 2025 8:21:57 PM webapp.storage.AbstractStorage save
INFO: &amp#27;[32mSave c375be96-1e62-404b-9dc5-3b4bfd057c8a(uuid1545)
сент. 16, 2025 8:21:57 PM webapp.storage.AbstractStorage save
INFO: &amp#27;[32mSave 1d81c863-ae43-402b-bfd7-19095dd4a8c5(uuid1546)
сент. 16, 2025 8:21:57 PM webapp.storage.AbstractStorage save
INFO: &amp#27;[32mSave e74cbf9e-1e1f-4ed9-bb63-6021428a8cb9(uuid1547)
сент. 16, 2025 8:21:57 PM webapp.storage.AbstractStorage save
INFO: &amp#27;[32mSave da81b29b-29a3-4828-b1bf-35b987ec7e9c(uuid1548)
сент. 16, 2025 8:21:57 PM webapp.storage.AbstractStorage save
INFO: &amp#27;[32mSave 7ab80d6a-d2a9-45ed-9ba0-4e3536aa3364(uuid1549)
сент. 16, 2025 8:21:57 PM webapp.storage.AbstractStorage save
INFO: &amp#27;[32mSave bd90dc2c-aac7-4300-b547-8a17822059aa(uuid1550)
сент. 16, 2025 8:21:57 PM webapp.storage.AbstractStorage save
INFO: &amp#27;[32mSave dfb2078a-e7d3-4aac-9900-dfbf825b2567(uuid1551)
сент. 16, 2025 8:21:57 PM webapp.storage.AbstractStorage save
INFO: &amp#27;[32mSave 99054d88-5ef2-4a21-92af-614107d728df(uuid1552)
сент. 16, 2025 8:21:57 PM webapp.storage.AbstractStorage save
INFO: &amp#27;[32mSave 80f113e5-f952-4146-9d2c-828dd8bcd692(uuid1553)
сент. 16, 2025 8:21:57 PM webapp.storage.AbstractStorage save
INFO: &amp#27;[32mSave e2aab36c-8f17-4de8-8105-ae6db00af293(uuid1554)
сент. 16, 2025 8:21:57 PM webapp.storage.AbstractStorage save
INFO: &amp#27;[32mSave 41700904-29e2-4dff-807e-923b142c7e80(uuid1555)
сент. 16, 2025 8:21:57 PM webapp.storage.AbstractStorage save
INFO: &amp#27;[32mSave a7542cce-b635-4cf3-a159-f33b36ac3fba(uuid1556)
сент. 16, 2025 8:21:57 PM webapp.storage.AbstractStorage save
INFO: &amp#27;[32mSave ede73f11-6043-488e-9d20-41956bce8cfd(uuid1557)
сент. 16, 2025 8:21:57 PM webapp.storage.AbstractStorage save
INFO: &amp#27;[32mSave 12010fb1-afe6-4eae-a1b1-5fd804e21031(uuid1558)
сент. 16, 2025 8:21:57 PM webapp.storage.AbstractStorage save
INFO: &amp#27;[32mSave 482c8f46-be7b-4500-85b9-3a4a355c4f92(uuid1559)
сент. 16, 2025 8:21:57 PM webapp.storage.AbstractStorage save
INFO: &amp#27;[32mSave a41a0908-04dc-4cba-a4a1-0317667c2203(uuid1560)
сент. 16, 2025 8:21:57 PM webapp.storage.AbstractStorage save
INFO: &amp#27;[32mSave 61bcff44-b925-418a-80b5-3c2cb7b724e2(uuid1561)
сент. 16, 2025 8:21:57 PM webapp.storage.AbstractStorage save
INFO: &amp#27;[32mSave b4830b55-4ccc-422f-9e19-9965d942d62b(uuid1562)
сент. 16, 2025 8:21:57 PM webapp.storage.AbstractStorage save
INFO: &amp#27;[32mSave f48dd789-caad-4f23-8c96-6386237a9946(uuid1563)
сент. 16, 2025 8:21:57 PM webapp.storage.AbstractStorage save
INFO: &amp#27;[32mSave 8ca9e89b-99c3-4f29-bd7f-47dde620d4a1(uuid1564)
сент. 16, 2025 8:21:57 PM webapp.storage.AbstractStorage save
INFO: &amp#27;[32mSave c9525b5b-5126-4d79-a478-992a2b69bb12(uuid1565)
сент. 16, 2025 8:21:57 PM webapp.storage.AbstractStorage save
INFO: &amp#27;[32mSave d8692d0b-14c0-464f-9be6-af120a7ad766(uuid1566)
сент. 16, 2025 8:21:57 PM webapp.storage.AbstractStorage save
INFO: &amp#27;[32mSave b92607fd-4e78-4349-bce4-7e186aef8550(uuid1567)
сент. 16, 2025 8:21:57 PM webapp.storage.AbstractStorage save
INFO: &amp#27;[32mSave ee699125-e728-4c89-b10a-a95a06c54e4b(uuid1568)
сент. 16, 2025 8:21:57 PM webapp.storage.AbstractStorage save
INFO: &amp#27;[32mSave 1fccbdff-bfc0-4f9f-9583-2d764c959a35(uuid1569)
сент. 16, 2025 8:21:57 PM webapp.storage.AbstractStorage save
INFO: &amp#27;[32mSave 6331f8d6-f8ef-427e-8dca-c0d58d051ec8(uuid1570)
сент. 16, 2025 8:21:57 PM webapp.storage.AbstractStorage save
INFO: &amp#27;[32mSave 283323ed-ebee-4762-a6a2-a2dfbcbdcd88(uuid1571)
сент. 16, 2025 8:21:57 PM webapp.storage.AbstractStorage save
INFO: &amp#27;[32mSave 48d348ae-0c57-44bb-8009-fa9328a9af50(uuid1572)
сент. 16, 2025 8:21:57 PM webapp.storage.AbstractStorage save
INFO: &amp#27;[32mSave f386fcf2-f4a0-4c38-858e-8828826eea4b(uuid1573)
сент. 16, 2025 8:21:57 PM webapp.storage.AbstractStorage save
INFO: &amp#27;[32mSave 2a85f108-61b2-4090-80c0-238429674fe6(uuid1574)
сент. 16, 2025 8:21:57 PM webapp.storage.AbstractStorage save
INFO: &amp#27;[32mSave 35bff13b-15a0-4034-a200-d9675bd6af6c(uuid1575)
сент. 16, 2025 8:21:57 PM webapp.storage.AbstractStorage save
INFO: &amp#27;[32mSave a17188d2-a4dc-4591-b721-61cb374f95c9(uuid1576)
сент. 16, 2025 8:21:57 PM webapp.storage.AbstractStorage save
INFO: &amp#27;[32mSave 17f4270a-cc83-45bf-a2cc-f52d54e19ebe(uuid1577)
сент. 16, 2025 8:21:57 PM webapp.storage.AbstractStorage save
INFO: &amp#27;[32mSave 93bdd4c3-e6a1-4a1d-a23c-98423922442e(uuid1578)
сент. 16, 2025 8:21:57 PM webapp.storage.AbstractStorage save
INFO: &amp#27;[32mSave c4b05529-9b01-4887-b8d3-ebcb5ced08c6(uuid1579)
сент. 16, 2025 8:21:57 PM webapp.storage.AbstractStorage save
INFO: &amp#27;[32mSave df39c16a-9bba-4b15-a0d8-cd47be1a192f(uuid1580)
сент. 16, 2025 8:21:57 PM webapp.storage.AbstractStorage save
INFO: &amp#27;[32mSave c4ba0119-62b5-4187-9832-e4b799fcf4ba(uuid1581)
сент. 16, 2025 8:21:57 PM webapp.storage.AbstractStorage save
INFO: &amp#27;[32mSave 241c6d93-94c6-49aa-aeff-1d176cc99d71(uuid1582)
сент. 16, 2025 8:21:57 PM webapp.storage.AbstractStorage save
INFO: &amp#27;[32mSave d1af1fdc-e03f-41ee-b005-df0ce2e378d4(uuid1583)
сент. 16, 2025 8:21:57 PM webapp.storage.AbstractStorage save
INFO: &amp#27;[32mSave ce86e14a-cb0b-43c4-8816-41759ad817af(uuid1584)
сент. 16, 2025 8:21:57 PM webapp.storage.AbstractStorage save
INFO: &amp#27;[32mSave 3f39841e-834f-4bf5-a6f0-bc13c4c5c122(uuid1585)
сент. 16, 2025 8:21:57 PM webapp.storage.AbstractStorage save
INFO: &amp#27;[32mSave 59b8f828-6a39-4046-a81f-08ae8f3b9a75(uuid1586)
сент. 16, 2025 8:21:57 PM webapp.storage.AbstractStorage save
INFO: &amp#27;[32mSave e9884459-4d59-4b1b-a2fc-0f65733a4e20(uuid1587)
сент. 16, 2025 8:21:57 PM webapp.storage.AbstractStorage save
INFO: &amp#27;[32mSave b8349344-905c-4236-8960-2f72f535230d(uuid1588)
сент. 16, 2025 8:21:57 PM webapp.storage.AbstractStorage save
INFO: &amp#27;[32mSave 9eea63d9-fbcb-4cba-b5f8-21a28b73d8b1(uuid1589)
сент. 16, 2025 8:21:57 PM webapp.storage.AbstractStorage save
INFO: &amp#27;[32mSave d43ff4d9-494f-4a87-a826-af17d9848ff7(uuid1590)
сент. 16, 2025 8:21:57 PM webapp.storage.AbstractStorage save
INFO: &amp#27;[32mSave b9f01e9f-e9f7-4c7b-bd68-dbcc144058a8(uuid1591)
сент. 16, 2025 8:21:57 PM webapp.storage.AbstractStorage save
INFO: &amp#27;[32mSave 9fd22268-45cf-4c67-bc7c-91dae4eff8b2(uuid1592)
сент. 16, 2025 8:21:57 PM webapp.storage.AbstractStorage save
INFO: &amp#27;[32mSave 761e9ce1-6265-418f-be77-825893fbafc7(uuid1593)
сент. 16, 2025 8:21:57 PM webapp.storage.AbstractStorage save
INFO: &amp#27;[32mSave 77b151d1-7fb6-4e33-b9fd-7832840bb892(uuid1594)
сент. 16, 2025 8:21:57 PM webapp.storage.AbstractStorage save
INFO: &amp#27;[32mSave 476d9625-e9a3-4703-98df-938556587eb5(uuid1595)
сент. 16, 2025 8:21:57 PM webapp.storage.AbstractStorage save
INFO: &amp#27;[32mSave 0dbca74f-78f6-427f-bb55-79de3f2df105(uuid1596)
сент. 16, 2025 8:21:57 PM webapp.storage.AbstractStorage save
INFO: &amp#27;[32mSave 7e9529c6-7174-4660-9ce6-2be107472cbe(uuid1597)
сент. 16, 2025 8:21:57 PM webapp.storage.AbstractStorage save
INFO: &amp#27;[32mSave a9a0d5b8-72cd-4693-8524-de273d7d004b(uuid1598)
сент. 16, 2025 8:21:57 PM webapp.storage.AbstractStorage save
INFO: &amp#27;[32mSave 5de68cf4-bae2-4215-948a-45d7717aceb3(uuid1599)
сент. 16, 2025 8:21:57 PM webapp.storage.AbstractStorage save
INFO: &amp#27;[32mSave 8b166048-e4a8-4101-91de-10eeae907150(uuid1600)
сент. 16, 2025 8:21:57 PM webapp.storage.AbstractStorage save
INFO: &amp#27;[32mSave e423d418-50c5-4a10-bd27-09ae7a2747a2(uuid1601)
сент. 16, 2025 8:21:57 PM webapp.storage.AbstractStorage save
INFO: &amp#27;[32mSave 64ee42d5-e8de-44df-9956-2f8477717a1e(uuid1602)
сент. 16, 2025 8:21:57 PM webapp.storage.AbstractStorage save
INFO: &amp#27;[32mSave 48865c53-0ab3-4e90-8e5e-d2e6bb3978b9(uuid1603)
сент. 16, 2025 8:21:57 PM webapp.storage.AbstractStorage save
INFO: &amp#27;[32mSave 36d8f7c9-3b1f-4376-a45d-fa56a4d85273(uuid1604)
сент. 16, 2025 8:21:57 PM webapp.storage.AbstractStorage save
INFO: &amp#27;[32mSave 1d21348a-36fa-49d9-b1c7-b623a6cf19d4(uuid1605)
сент. 16, 2025 8:21:57 PM webapp.storage.AbstractStorage save
INFO: &amp#27;[32mSave 902df34a-8707-4643-8877-aa0ac1bd0f84(uuid1606)
сент. 16, 2025 8:21:57 PM webapp.storage.AbstractStorage save
INFO: &amp#27;[32mSave c1f7ec4f-84bf-4811-8e45-bc8282dd5430(uuid1607)
сент. 16, 2025 8:21:57 PM webapp.storage.AbstractStorage save
INFO: &amp#27;[32mSave 6c22d65f-a06f-43b1-bf73-2b71a97eec4f(uuid1608)
сент. 16, 2025 8:21:57 PM webapp.storage.AbstractStorage save
INFO: &amp#27;[32mSave a680edbb-90b8-46ee-b96d-33602c07a196(uuid1609)
сент. 16, 2025 8:21:57 PM webapp.storage.AbstractStorage save
INFO: &amp#27;[32mSave 5ad14e3c-3664-4dad-87c6-675f6ec70cd8(uuid1610)
сент. 16, 2025 8:21:57 PM webapp.storage.AbstractStorage save
INFO: &amp#27;[32mSave 93f0f148-47e6-4113-bbff-f183e93fd446(uuid1611)
сент. 16, 2025 8:21:57 PM webapp.storage.AbstractStorage save
INFO: &amp#27;[32mSave a102bcd2-0b69-4402-975d-5334e232d785(uuid1612)
сент. 16, 2025 8:21:57 PM webapp.storage.AbstractStorage save
INFO: &amp#27;[32mSave 5e2a33dc-1ddd-4c56-bd82-46cf297202b5(uuid1613)
сент. 16, 2025 8:21:57 PM webapp.storage.AbstractStorage save
INFO: &amp#27;[32mSave 9b24b5be-ead6-40be-b533-a5bc40267724(uuid1614)
сент. 16, 2025 8:21:57 PM webapp.storage.AbstractStorage save
INFO: &amp#27;[32mSave a9da6347-4160-4ac3-887a-30cafbc6c73b(uuid1615)
сент. 16, 2025 8:21:57 PM webapp.storage.AbstractStorage save
INFO: &amp#27;[32mSave 598c1ce3-f26f-476a-9b68-ee27b25df0ae(uuid1616)
сент. 16, 2025 8:21:57 PM webapp.storage.AbstractStorage save
INFO: &amp#27;[32mSave 45f2d22b-811d-48c2-8d25-d31d3bf70509(uuid1617)
сент. 16, 2025 8:21:57 PM webapp.storage.AbstractStorage save
INFO: &amp#27;[32mSave 7a752c2e-8bc2-4c29-8e64-53dd097fb857(uuid1618)
сент. 16, 2025 8:21:57 PM webapp.storage.AbstractStorage save
INFO: &amp#27;[32mSave f11e82e7-b9bf-4074-98c4-84311570627c(uuid1619)
сент. 16, 2025 8:21:57 PM webapp.storage.AbstractStorage save
INFO: &amp#27;[32mSave 6d408db7-8499-4ac5-9e53-4447558020b9(uuid1620)
сент. 16, 2025 8:21:57 PM webapp.storage.AbstractStorage save
INFO: &amp#27;[32mSave df4d3dab-e705-4913-9bd4-7db658dce86b(uuid1621)
сент. 16, 2025 8:21:57 PM webapp.storage.AbstractStorage save
INFO: &amp#27;[32mSave 54857065-3fd8-4757-8bb6-fd72e2bf718b(uuid1622)
сент. 16, 2025 8:21:57 PM webapp.storage.AbstractStorage save
INFO: &amp#27;[32mSave 2d5de53c-7739-4325-bb1f-23cd420534fc(uuid1623)
сент. 16, 2025 8:21:57 PM webapp.storage.AbstractStorage save
INFO: &amp#27;[32mSave 957f57fa-6ba3-4044-b823-4013ccc5d63e(uuid1624)
сент. 16, 2025 8:21:57 PM webapp.storage.AbstractStorage save
INFO: &amp#27;[32mSave 62923c83-8a13-4153-92ad-c269440cc500(uuid1625)
сент. 16, 2025 8:21:57 PM webapp.storage.AbstractStorage save
INFO: &amp#27;[32mSave 59647988-1501-4222-862f-0b50aa3ce2b8(uuid1626)
сент. 16, 2025 8:21:57 PM webapp.storage.AbstractStorage save
INFO: &amp#27;[32mSave 0bcad3b6-921c-41b0-8fa8-10360d9f84a9(uuid1627)
сент. 16, 2025 8:21:57 PM webapp.storage.AbstractStorage save
INFO: &amp#27;[32mSave cd3e4737-f26c-495f-be7a-bf417f155e3e(uuid1628)
сент. 16, 2025 8:21:57 PM webapp.storage.AbstractStorage save
INFO: &amp#27;[32mSave 897400a4-8c0c-442e-b4a5-67826eb2a258(uuid1629)
сент. 16, 2025 8:21:57 PM webapp.storage.AbstractStorage save
INFO: &amp#27;[32mSave fd4e4965-1125-466b-b719-a0a389de6f9a(uuid1630)
сент. 16, 2025 8:21:57 PM webapp.storage.AbstractStorage save
INFO: &amp#27;[32mSave ba3ce800-053d-4c3d-85eb-4c6b473ccf74(uuid1631)
сент. 16, 2025 8:21:57 PM webapp.storage.AbstractStorage save
INFO: &amp#27;[32mSave a4c539a9-be9e-44dd-a900-72c8fd8c31f8(uuid1632)
сент. 16, 2025 8:21:57 PM webapp.storage.AbstractStorage save
INFO: &amp#27;[32mSave 295bbb7e-4e71-4d08-ab8b-95f6a343c0c7(uuid1633)
сент. 16, 2025 8:21:57 PM webapp.storage.AbstractStorage save
INFO: &amp#27;[32mSave f1d0486b-ab59-4774-bf9f-c5ef2f3c20a1(uuid1634)
сент. 16, 2025 8:21:57 PM webapp.storage.AbstractStorage save
INFO: &amp#27;[32mSave f01d1fa5-4988-4399-924e-2528fca98edd(uuid1635)
сент. 16, 2025 8:21:57 PM webapp.storage.AbstractStorage save
INFO: &amp#27;[32mSave ca8eaa21-d4b1-49fa-a200-a41ac2c053fa(uuid1636)
сент. 16, 2025 8:21:57 PM webapp.storage.AbstractStorage save
INFO: &amp#27;[32mSave 34cdf8e3-7b27-45ea-a931-6f4f30daa1e7(uuid1637)
сент. 16, 2025 8:21:57 PM webapp.storage.AbstractStorage save
INFO: &amp#27;[32mSave 8c2ec506-13d0-421b-b6a6-6ce76e65af76(uuid1638)
сент. 16, 2025 8:21:57 PM webapp.storage.AbstractStorage save
INFO: &amp#27;[32mSave 37718a34-b625-4589-b182-351be8aea7ea(uuid1639)
сент. 16, 2025 8:21:57 PM webapp.storage.AbstractStorage save
INFO: &amp#27;[32mSave 21562cf4-0b66-48d3-8e45-f3e70fccb540(uuid1640)
сент. 16, 2025 8:21:57 PM webapp.storage.AbstractStorage save
INFO: &amp#27;[32mSave c67c82ee-aedf-496e-8ea5-7f01e04db6f0(uuid1641)
сент. 16, 2025 8:21:57 PM webapp.storage.AbstractStorage save
INFO: &amp#27;[32mSave b9635c2f-d365-4efd-96b4-48b4f3174386(uuid1642)
сент. 16, 2025 8:21:57 PM webapp.storage.AbstractStorage save
INFO: &amp#27;[32mSave 138149c0-9199-4c9b-b46e-d8bdc6974192(uuid1643)
сент. 16, 2025 8:21:57 PM webapp.storage.AbstractStorage save
INFO: &amp#27;[32mSave f4d4e07e-ac19-478c-94bd-9ddda650b68c(uuid1644)
сент. 16, 2025 8:21:57 PM webapp.storage.AbstractStorage save
INFO: &amp#27;[32mSave 27a77ba4-4452-4bf6-9078-a229b626f8aa(uuid1645)
сент. 16, 2025 8:21:57 PM webapp.storage.AbstractStorage save
INFO: &amp#27;[32mSave e3073d4a-c89c-4dff-83d7-abce68a254f4(uuid1646)
сент. 16, 2025 8:21:57 PM webapp.storage.AbstractStorage save
INFO: &amp#27;[32mSave fa604771-026d-4ab9-abd5-d40025a87db6(uuid1647)
сент. 16, 2025 8:21:57 PM webapp.storage.AbstractStorage save
INFO: &amp#27;[32mSave 5518aa99-ffbb-4456-95ab-ea61d0f8e25c(uuid1648)
сент. 16, 2025 8:21:57 PM webapp.storage.AbstractStorage save
INFO: &amp#27;[32mSave 1eef2bda-00b7-46c9-8eab-ff67ae518c9e(uuid1649)
сент. 16, 2025 8:21:57 PM webapp.storage.AbstractStorage save
INFO: &amp#27;[32mSave 0f167c71-6c52-4d75-b2df-f1e2a24c2d1d(uuid1650)
сент. 16, 2025 8:21:57 PM webapp.storage.AbstractStorage save
INFO: &amp#27;[32mSave fd8e6d5e-9ecf-441d-96f3-47c777fdc599(uuid1651)
сент. 16, 2025 8:21:57 PM webapp.storage.AbstractStorage save
INFO: &amp#27;[32mSave f09a484d-28df-4008-b309-1307795b97fe(uuid1652)
сент. 16, 2025 8:21:57 PM webapp.storage.AbstractStorage save
INFO: &amp#27;[32mSave 7de2d6ae-b83f-426b-ad6e-6e2a45d9d412(uuid1653)
сент. 16, 2025 8:21:57 PM webapp.storage.AbstractStorage save
INFO: &amp#27;[32mSave c6e2a1e0-d60c-4b1d-9302-7409b7da2b63(uuid1654)
сент. 16, 2025 8:21:57 PM webapp.storage.AbstractStorage save
INFO: &amp#27;[32mSave 981eb975-c20c-491b-8fce-042428a38dfa(uuid1655)
сент. 16, 2025 8:21:57 PM webapp.storage.AbstractStorage save
INFO: &amp#27;[32mSave d7f8d7fb-cb24-48cc-894a-75c99ae1f58d(uuid1656)
сент. 16, 2025 8:21:57 PM webapp.storage.AbstractStorage save
INFO: &amp#27;[32mSave 6980f735-5a17-471c-ae92-bbd944d86064(uuid1657)
сент. 16, 2025 8:21:57 PM webapp.storage.AbstractStorage save
INFO: &amp#27;[32mSave 17ff2f04-3f92-429a-916d-fd880ef60f90(uuid1658)
сент. 16, 2025 8:21:57 PM webapp.storage.AbstractStorage save
INFO: &amp#27;[32mSave 3e93e043-6e46-445a-ab7a-ec7a7b269293(uuid1659)
сент. 16, 2025 8:21:57 PM webapp.storage.AbstractStorage save
INFO: &amp#27;[32mSave 9e98dc19-4837-4ab2-bda2-728b05783b6d(uuid1660)
сент. 16, 2025 8:21:57 PM webapp.storage.AbstractStorage save
INFO: &amp#27;[32mSave def2cc89-1fd4-45c4-9b98-b485da099090(uuid1661)
сент. 16, 2025 8:21:57 PM webapp.storage.AbstractStorage save
INFO: &amp#27;[32mSave f903684c-a576-4f18-9958-dc43c28b32de(uuid1662)
сент. 16, 2025 8:21:57 PM webapp.storage.AbstractStorage save
INFO: &amp#27;[32mSave 9db756e6-a5b4-42cf-a55a-e91623d5da83(uuid1663)
сент. 16, 2025 8:21:57 PM webapp.storage.AbstractStorage save
INFO: &amp#27;[32mSave 00761849-9291-4aa8-bc49-41d749acd89e(uuid1664)
сент. 16, 2025 8:21:57 PM webapp.storage.AbstractStorage save
INFO: &amp#27;[32mSave e6cba199-f828-41f3-90ea-164377230f83(uuid1665)
сент. 16, 2025 8:21:57 PM webapp.storage.AbstractStorage save
INFO: &amp#27;[32mSave 76ebae0f-9cfb-4a79-b512-11ff6a4d9ff0(uuid1666)
сент. 16, 2025 8:21:57 PM webapp.storage.AbstractStorage save
INFO: &amp#27;[32mSave 1e1a56cc-bd90-4bdb-aa38-7a5bf3899dee(uuid1667)
сент. 16, 2025 8:21:57 PM webapp.storage.AbstractStorage save
INFO: &amp#27;[32mSave 87a882d8-ea36-4790-8edc-59ec6352026c(uuid1668)
сент. 16, 2025 8:21:57 PM webapp.storage.AbstractStorage save
INFO: &amp#27;[32mSave 6939e898-449a-4430-93c3-09475a7e46bd(uuid1669)
сент. 16, 2025 8:21:57 PM webapp.storage.AbstractStorage save
INFO: &amp#27;[32mSave 87576c45-9940-4883-a790-753f9f8071ca(uuid1670)
сент. 16, 2025 8:21:57 PM webapp.storage.AbstractStorage save
INFO: &amp#27;[32mSave 4149205d-535b-4e0e-b1f1-aeb925724823(uuid1671)
сент. 16, 2025 8:21:57 PM webapp.storage.AbstractStorage save
INFO: &amp#27;[32mSave 066f61e1-77d9-49bb-90a2-66436cf39386(uuid1672)
сент. 16, 2025 8:21:57 PM webapp.storage.AbstractStorage save
INFO: &amp#27;[32mSave 508de1f5-5071-4191-b558-af93015f7b17(uuid1673)
сент. 16, 2025 8:21:57 PM webapp.storage.AbstractStorage save
INFO: &amp#27;[32mSave 8d7291f0-da2c-4192-90e0-b74ec163d897(uuid1674)
сент. 16, 2025 8:21:57 PM webapp.storage.AbstractStorage save
INFO: &amp#27;[32mSave 87c7390f-7f5e-4e3b-b41c-eefbdd692dbf(uuid1675)
сент. 16, 2025 8:21:57 PM webapp.storage.AbstractStorage save
INFO: &amp#27;[32mSave 81b4b391-1928-4290-be91-3ec5ce6da472(uuid1676)
сент. 16, 2025 8:21:57 PM webapp.storage.AbstractStorage save
INFO: &amp#27;[32mSave a9bc9875-2369-40d0-aac0-b1c65cdb4794(uuid1677)
сент. 16, 2025 8:21:57 PM webapp.storage.AbstractStorage save
INFO: &amp#27;[32mSave f8749f36-0a59-4396-a1c7-57edafc31aa8(uuid1678)
сент. 16, 2025 8:21:57 PM webapp.storage.AbstractStorage save
INFO: &amp#27;[32mSave 4b685d79-e593-4d2e-8b32-f0ec75a69af6(uuid1679)
сент. 16, 2025 8:21:57 PM webapp.storage.AbstractStorage save
INFO: &amp#27;[32mSave 22befb3c-ee1c-49e5-8be4-f05f70ef23af(uuid1680)
сент. 16, 2025 8:21:57 PM webapp.storage.AbstractStorage save
INFO: &amp#27;[32mSave 8127ac03-e555-47a9-89bc-c7dc47efcc3f(uuid1681)
сент. 16, 2025 8:21:57 PM webapp.storage.AbstractStorage save
INFO: &amp#27;[32mSave 5bb07512-acd8-4383-b388-21defe8d4fbe(uuid1682)
сент. 16, 2025 8:21:57 PM webapp.storage.AbstractStorage save
INFO: &amp#27;[32mSave a11acc3a-3c0c-49b8-b3bc-7a7fd1598d33(uuid1683)
сент. 16, 2025 8:21:57 PM webapp.storage.AbstractStorage save
INFO: &amp#27;[32mSave 4e485436-8b89-47f6-a066-d9b7d72fa5a0(uuid1684)
сент. 16, 2025 8:21:57 PM webapp.storage.AbstractStorage save
INFO: &amp#27;[32mSave 113179f5-4535-49b5-a815-5dcc796db398(uuid1685)
сент. 16, 2025 8:21:57 PM webapp.storage.AbstractStorage save
INFO: &amp#27;[32mSave 1044817e-766d-4aa4-bb91-a066edadf996(uuid1686)
сент. 16, 2025 8:21:57 PM webapp.storage.AbstractStorage save
INFO: &amp#27;[32mSave 10f70e6d-efe5-411f-99fb-0e492915b5aa(uuid1687)
сент. 16, 2025 8:21:57 PM webapp.storage.AbstractStorage save
INFO: &amp#27;[32mSave 86edae58-c3d0-4c45-97e5-c3068b0681ec(uuid1688)
сент. 16, 2025 8:21:57 PM webapp.storage.AbstractStorage save
INFO: &amp#27;[32mSave e04cdc74-45f2-4e10-99ea-773135cfc66d(uuid1689)
сент. 16, 2025 8:21:57 PM webapp.storage.AbstractStorage save
INFO: &amp#27;[32mSave fd81ee97-8975-46a3-876b-08357aa130f9(uuid1690)
сент. 16, 2025 8:21:57 PM webapp.storage.AbstractStorage save
INFO: &amp#27;[32mSave 9d282295-f36c-4c48-9c39-9c545b052605(uuid1691)
сент. 16, 2025 8:21:57 PM webapp.storage.AbstractStorage save
INFO: &amp#27;[32mSave 221bc6bb-24af-4332-8ad8-38372caa6f66(uuid1692)
сент. 16, 2025 8:21:57 PM webapp.storage.AbstractStorage save
INFO: &amp#27;[32mSave 798bca72-1b3b-48da-aecd-4fce0316009c(uuid1693)
сент. 16, 2025 8:21:57 PM webapp.storage.AbstractStorage save
INFO: &amp#27;[32mSave 8330c8f4-a947-40a4-a8b0-bcea0dccf7d1(uuid1694)
сент. 16, 2025 8:21:57 PM webapp.storage.AbstractStorage save
INFO: &amp#27;[32mSave 420c3f8c-39e7-4f2f-a135-5f6783028584(uuid1695)
сент. 16, 2025 8:21:57 PM webapp.storage.AbstractStorage save
INFO: &amp#27;[32mSave 8c807fe4-edf4-4ba8-94ca-64f3b1cde363(uuid1696)
сент. 16, 2025 8:21:57 PM webapp.storage.AbstractStorage save
INFO: &amp#27;[32mSave 4e7af19b-5273-445a-aaad-15d3b19a8293(uuid1697)
сент. 16, 2025 8:21:57 PM webapp.storage.AbstractStorage save
INFO: &amp#27;[32mSave e4f84b53-7ff7-49a4-9b0a-c8ac434fe522(uuid1698)
сент. 16, 2025 8:21:57 PM webapp.storage.AbstractStorage save
INFO: &amp#27;[32mSave 9f56ee11-9fa5-4ed2-8d61-5ae7e6d64709(uuid1699)
сент. 16, 2025 8:21:57 PM webapp.storage.AbstractStorage save
INFO: &amp#27;[32mSave b711ed26-ca02-4ad4-a096-be67e8665897(uuid1700)
сент. 16, 2025 8:21:57 PM webapp.storage.AbstractStorage save
INFO: &amp#27;[32mSave d86a9f85-d03d-4e7e-ad51-3e44d94d1c35(uuid1701)
сент. 16, 2025 8:21:57 PM webapp.storage.AbstractStorage save
INFO: &amp#27;[32mSave 89981f79-6453-40b5-b7bd-f2ae37a1131d(uuid1702)
сент. 16, 2025 8:21:57 PM webapp.storage.AbstractStorage save
INFO: &amp#27;[32mSave 4f435c18-85ec-463c-9d1b-961dda8ad9ed(uuid1703)
сент. 16, 2025 8:21:57 PM webapp.storage.AbstractStorage save
INFO: &amp#27;[32mSave 68be1b90-201f-41aa-94c4-5972e053be6b(uuid1704)
сент. 16, 2025 8:21:57 PM webapp.storage.AbstractStorage save
INFO: &amp#27;[32mSave bc2da5cd-336f-4ba2-9fc4-1eb0477c156e(uuid1705)
сент. 16, 2025 8:21:57 PM webapp.storage.AbstractStorage save
INFO: &amp#27;[32mSave eed63483-79c3-4307-8fdc-0b8fbbeb20c9(uuid1706)
сент. 16, 2025 8:21:57 PM webapp.storage.AbstractStorage save
INFO: &amp#27;[32mSave 65c6bc31-c713-4d0b-9bd0-c6a713873eef(uuid1707)
сент. 16, 2025 8:21:57 PM webapp.storage.AbstractStorage save
INFO: &amp#27;[32mSave bacd4690-7d92-47a5-8197-5c20ef8f42e6(uuid1708)
сент. 16, 2025 8:21:57 PM webapp.storage.AbstractStorage save
INFO: &amp#27;[32mSave fb081f1a-60b6-478f-bd38-315dde654681(uuid1709)
сент. 16, 2025 8:21:57 PM webapp.storage.AbstractStorage save
INFO: &amp#27;[32mSave c92b5096-eb1d-4692-a070-fef7522af4b0(uuid1710)
сент. 16, 2025 8:21:57 PM webapp.storage.AbstractStorage save
INFO: &amp#27;[32mSave b899c1bc-9fb7-4fea-9172-ff7fe953924e(uuid1711)
сент. 16, 2025 8:21:57 PM webapp.storage.AbstractStorage save
INFO: &amp#27;[32mSave c14787b6-53f9-4c9b-a165-467359703748(uuid1712)
сент. 16, 2025 8:21:57 PM webapp.storage.AbstractStorage save
INFO: &amp#27;[32mSave ae0357ff-8f2b-4772-9c55-79b753c42479(uuid1713)
сент. 16, 2025 8:21:57 PM webapp.storage.AbstractStorage save
INFO: &amp#27;[32mSave 02b0ac75-df84-4a22-a347-e6288df6cf8e(uuid1714)
сент. 16, 2025 8:21:57 PM webapp.storage.AbstractStorage save
INFO: &amp#27;[32mSave 242a75b0-7d0a-40b9-9420-d89e8e60e0d4(uuid1715)
сент. 16, 2025 8:21:57 PM webapp.storage.AbstractStorage save
INFO: &amp#27;[32mSave 43515e46-9277-43c7-8efd-8e9620659f46(uuid1716)
сент. 16, 2025 8:21:57 PM webapp.storage.AbstractStorage save
INFO: &amp#27;[32mSave 0c89c963-e235-4976-89d4-d81645ffcf88(uuid1717)
сент. 16, 2025 8:21:57 PM webapp.storage.AbstractStorage save
INFO: &amp#27;[32mSave 4dcefad2-1a24-4b25-ae8b-5e3f9b656ed4(uuid1718)
сент. 16, 2025 8:21:57 PM webapp.storage.AbstractStorage save
INFO: &amp#27;[32mSave 92c4c785-286f-42b2-80b1-8bc8264cfa6a(uuid1719)
сент. 16, 2025 8:21:57 PM webapp.storage.AbstractStorage save
INFO: &amp#27;[32mSave 40272810-f5c7-45d6-9b57-5fc31830a11c(uuid1720)
сент. 16, 2025 8:21:57 PM webapp.storage.AbstractStorage save
INFO: &amp#27;[32mSave d1ed01a2-4793-4fa6-a74e-db442342a459(uuid1721)
сент. 16, 2025 8:21:57 PM webapp.storage.AbstractStorage save
INFO: &amp#27;[32mSave bd341d3f-0979-4f6d-88df-d31cabca7fba(uuid1722)
сент. 16, 2025 8:21:57 PM webapp.storage.AbstractStorage save
INFO: &amp#27;[32mSave fd82f480-119c-4bd0-bfd7-1e2c65ce4151(uuid1723)
сент. 16, 2025 8:21:57 PM webapp.storage.AbstractStorage save
INFO: &amp#27;[32mSave b340da50-6a74-4458-9922-130bb489321c(uuid1724)
сент. 16, 2025 8:21:57 PM webapp.storage.AbstractStorage save
INFO: &amp#27;[32mSave 1ed1fff4-81e3-4a29-a17e-d06dbe89b602(uuid1725)
сент. 16, 2025 8:21:57 PM webapp.storage.AbstractStorage save
INFO: &amp#27;[32mSave 2f849fb2-4ce7-45e6-a06a-091e21aad63c(uuid1726)
сент. 16, 2025 8:21:57 PM webapp.storage.AbstractStorage save
INFO: &amp#27;[32mSave 1d309408-d745-4515-a980-7165e0515c8e(uuid1727)
сент. 16, 2025 8:21:57 PM webapp.storage.AbstractStorage save
INFO: &amp#27;[32mSave 90181583-69ac-4092-8a4f-1d3749a4bacf(uuid1728)
сент. 16, 2025 8:21:57 PM webapp.storage.AbstractStorage save
INFO: &amp#27;[32mSave a2fcba40-9dd2-47ab-8a9d-e90b85c4e495(uuid1729)
сент. 16, 2025 8:21:57 PM webapp.storage.AbstractStorage save
INFO: &amp#27;[32mSave e455206a-64e9-420f-a1e2-8933e82b2966(uuid1730)
сент. 16, 2025 8:21:57 PM webapp.storage.AbstractStorage save
INFO: &amp#27;[32mSave 00bd44b2-96e1-41ad-ae5b-b91a1f933653(uuid1731)
сент. 16, 2025 8:21:57 PM webapp.storage.AbstractStorage save
INFO: &amp#27;[32mSave 6146bbf6-2121-457d-a02b-f2a88e782c93(uuid1732)
сент. 16, 2025 8:21:57 PM webapp.storage.AbstractStorage save
INFO: &amp#27;[32mSave 26a6bf19-99c0-4922-bf4e-75ba846198d2(uuid1733)
сент. 16, 2025 8:21:57 PM webapp.storage.AbstractStorage save
INFO: &amp#27;[32mSave 821fe5cd-db1f-413b-ae9c-fd63c45ddba2(uuid1734)
сент. 16, 2025 8:21:57 PM webapp.storage.AbstractStorage save
INFO: &amp#27;[32mSave e1fa1d3e-542e-41bf-b3d3-7700d083b287(uuid1735)
сент. 16, 2025 8:21:57 PM webapp.storage.AbstractStorage save
INFO: &amp#27;[32mSave fd7eb3d4-5cbf-4140-b9b0-4daf05591a47(uuid1736)
сент. 16, 2025 8:21:57 PM webapp.storage.AbstractStorage save
INFO: &amp#27;[32mSave 6b9d067f-6fae-4cde-85c5-b725b4923019(uuid1737)
сент. 16, 2025 8:21:57 PM webapp.storage.AbstractStorage save
INFO: &amp#27;[32mSave 526680b4-8c3c-4b78-bf45-a817bb054144(uuid1738)
сент. 16, 2025 8:21:57 PM webapp.storage.AbstractStorage save
INFO: &amp#27;[32mSave 1eeffbaf-9a1d-4aaf-9797-f1d5c29f1a64(uuid1739)
сент. 16, 2025 8:21:57 PM webapp.storage.AbstractStorage save
INFO: &amp#27;[32mSave d43e0017-f54c-4574-b433-5ffb4625374b(uuid1740)
сент. 16, 2025 8:21:57 PM webapp.storage.AbstractStorage save
INFO: &amp#27;[32mSave 811dcfb2-5d64-4478-aec6-ffdcc6524561(uuid1741)
сент. 16, 2025 8:21:57 PM webapp.storage.AbstractStorage save
INFO: &amp#27;[32mSave 9705f592-c283-443a-8759-f36609aa564b(uuid1742)
сент. 16, 2025 8:21:57 PM webapp.storage.AbstractStorage save
INFO: &amp#27;[32mSave ec54b8a7-eb4d-4688-979e-055c080b0aa3(uuid1743)
сент. 16, 2025 8:21:57 PM webapp.storage.AbstractStorage save
INFO: &amp#27;[32mSave 7243d2f3-ba08-4ab4-bb08-6eb6b1c6b115(uuid1744)
сент. 16, 2025 8:21:57 PM webapp.storage.AbstractStorage save
INFO: &amp#27;[32mSave 2897f867-d312-4f1d-996b-6cd3a7eb1054(uuid1745)
сент. 16, 2025 8:21:57 PM webapp.storage.AbstractStorage save
INFO: &amp#27;[32mSave 18a1e79e-ee4c-4a7c-97c1-cf1ebce21a24(uuid1746)
сент. 16, 2025 8:21:57 PM webapp.storage.AbstractStorage save
INFO: &amp#27;[32mSave acfe156b-4d7e-4357-9bae-46e12def7e62(uuid1747)
сент. 16, 2025 8:21:57 PM webapp.storage.AbstractStorage save
INFO: &amp#27;[32mSave b6180cf9-19be-4acd-a456-8719f5ee9baf(uuid1748)
сент. 16, 2025 8:21:57 PM webapp.storage.AbstractStorage save
INFO: &amp#27;[32mSave e7006631-d372-4fd6-bf24-19ab3e798bd3(uuid1749)
сент. 16, 2025 8:21:57 PM webapp.storage.AbstractStorage save
INFO: &amp#27;[32mSave eb7ce2e7-720d-414e-a6f3-77fd4a5d3e8f(uuid1750)
сент. 16, 2025 8:21:57 PM webapp.storage.AbstractStorage save
INFO: &amp#27;[32mSave ae75f530-8668-4ad9-880a-85ac0a586df4(uuid1751)
сент. 16, 2025 8:21:57 PM webapp.storage.AbstractStorage save
INFO: &amp#27;[32mSave 16ef3196-9b94-431a-995e-c12136c3fa1c(uuid1752)
сент. 16, 2025 8:21:57 PM webapp.storage.AbstractStorage save
INFO: &amp#27;[32mSave 9b122596-49f7-4459-812a-f433b3f1cad5(uuid1753)
сент. 16, 2025 8:21:57 PM webapp.storage.AbstractStorage save
INFO: &amp#27;[32mSave b710a33a-e598-4961-b518-5d821abb782f(uuid1754)
сент. 16, 2025 8:21:57 PM webapp.storage.AbstractStorage save
INFO: &amp#27;[32mSave 4b9f1727-b05d-4f07-a997-d80b52781c80(uuid1755)
сент. 16, 2025 8:21:57 PM webapp.storage.AbstractStorage save
INFO: &amp#27;[32mSave 9c40825a-7ed1-4aa6-b2bf-d62131b4c238(uuid1756)
сент. 16, 2025 8:21:57 PM webapp.storage.AbstractStorage save
INFO: &amp#27;[32mSave dc6ce2dd-cd36-471f-a8e5-9bf45e2f228f(uuid1757)
сент. 16, 2025 8:21:57 PM webapp.storage.AbstractStorage save
INFO: &amp#27;[32mSave 01d6e704-66e0-4ed1-ad4f-2273f2353168(uuid1758)
сент. 16, 2025 8:21:57 PM webapp.storage.AbstractStorage save
INFO: &amp#27;[32mSave 62cda75b-5cf2-4add-a311-546463ad6884(uuid1759)
сент. 16, 2025 8:21:57 PM webapp.storage.AbstractStorage save
INFO: &amp#27;[32mSave 7f60082e-ed11-4d75-afe2-4529df391a95(uuid1760)
сент. 16, 2025 8:21:57 PM webapp.storage.AbstractStorage save
INFO: &amp#27;[32mSave 33b7e6c6-c38d-4978-a90c-ba8248d38115(uuid1761)
сент. 16, 2025 8:21:57 PM webapp.storage.AbstractStorage save
INFO: &amp#27;[32mSave 39b64194-b108-4cdc-b82a-8176af446602(uuid1762)
сент. 16, 2025 8:21:57 PM webapp.storage.AbstractStorage save
INFO: &amp#27;[32mSave 3c0e316d-2162-474b-b097-5e9eb7b8b82e(uuid1763)
сент. 16, 2025 8:21:57 PM webapp.storage.AbstractStorage save
INFO: &amp#27;[32mSave 9def41d9-c589-42af-99d1-e0fa969b8b34(uuid1764)
сент. 16, 2025 8:21:57 PM webapp.storage.AbstractStorage save
INFO: &amp#27;[32mSave ae411b4c-7222-427c-94e7-4240ce48406d(uuid1765)
сент. 16, 2025 8:21:57 PM webapp.storage.AbstractStorage save
INFO: &amp#27;[32mSave 140622e0-ef97-4709-99c7-bacd9c8d7c6c(uuid1766)
сент. 16, 2025 8:21:57 PM webapp.storage.AbstractStorage save
INFO: &amp#27;[32mSave 1788bd92-757e-441f-ab9d-0953012f4915(uuid1767)
сент. 16, 2025 8:21:57 PM webapp.storage.AbstractStorage save
INFO: &amp#27;[32mSave 075f9328-87e3-4ac1-a0fb-eef4b3a95dd4(uuid1768)
сент. 16, 2025 8:21:57 PM webapp.storage.AbstractStorage save
INFO: &amp#27;[32mSave ce237458-9363-48c3-bc45-7066543982ee(uuid1769)
сент. 16, 2025 8:21:57 PM webapp.storage.AbstractStorage save
INFO: &amp#27;[32mSave ee63477c-de03-431f-88cd-0506a1b54a01(uuid1770)
сент. 16, 2025 8:21:57 PM webapp.storage.AbstractStorage save
INFO: &amp#27;[32mSave 817a7242-3df0-4af5-a1e3-238dc7a15bc3(uuid1771)
сент. 16, 2025 8:21:57 PM webapp.storage.AbstractStorage save
INFO: &amp#27;[32mSave d7dfa598-b1f9-49dc-aa52-6601356ece25(uuid1772)
сент. 16, 2025 8:21:57 PM webapp.storage.AbstractStorage save
INFO: &amp#27;[32mSave ff87bf7c-fd33-45f0-974a-4f2afcf49705(uuid1773)
сент. 16, 2025 8:21:57 PM webapp.storage.AbstractStorage save
INFO: &amp#27;[32mSave e7e0b182-a789-47d9-a00b-1eed1b8bfd55(uuid1774)
сент. 16, 2025 8:21:57 PM webapp.storage.AbstractStorage save
INFO: &amp#27;[32mSave 40c1e9b0-66e3-4c88-ab3d-3134a7ce7bf4(uuid1775)
сент. 16, 2025 8:21:57 PM webapp.storage.AbstractStorage save
INFO: &amp#27;[32mSave 93b792be-fa8a-4994-af3d-29fd8dfa50a8(uuid1776)
сент. 16, 2025 8:21:57 PM webapp.storage.AbstractStorage save
INFO: &amp#27;[32mSave f3d156a9-b3a3-456e-bc79-bdc3ff18e470(uuid1777)
сент. 16, 2025 8:21:57 PM webapp.storage.AbstractStorage save
INFO: &amp#27;[32mSave aad06196-0b82-429d-87bd-b582413ada83(uuid1778)
сент. 16, 2025 8:21:57 PM webapp.storage.AbstractStorage save
INFO: &amp#27;[32mSave f94cc527-e652-4c2c-a50a-b89e16361464(uuid1779)
сент. 16, 2025 8:21:57 PM webapp.storage.AbstractStorage save
INFO: &amp#27;[32mSave aa6d50bf-b774-48cb-9341-76fa62464d8f(uuid1780)
сент. 16, 2025 8:21:57 PM webapp.storage.AbstractStorage save
INFO: &amp#27;[32mSave cc6f1dfa-063f-4ee3-af97-861e49a64be8(uuid1781)
сент. 16, 2025 8:21:57 PM webapp.storage.AbstractStorage save
INFO: &amp#27;[32mSave 04886b51-c4bd-48c0-9977-130b03905db9(uuid1782)
сент. 16, 2025 8:21:57 PM webapp.storage.AbstractStorage save
INFO: &amp#27;[32mSave 3aea7899-7dcf-4c13-88f0-005c64bde5d7(uuid1783)
сент. 16, 2025 8:21:57 PM webapp.storage.AbstractStorage save
INFO: &amp#27;[32mSave f241491f-1abd-4919-9db8-bb6aa610b62c(uuid1784)
сент. 16, 2025 8:21:57 PM webapp.storage.AbstractStorage save
INFO: &amp#27;[32mSave 4a8cc5d6-ba39-4182-a8fd-857e300ab020(uuid1785)
сент. 16, 2025 8:21:57 PM webapp.storage.AbstractStorage save
INFO: &amp#27;[32mSave 6d8c1e8c-60f7-44e4-b571-8d491fb4f941(uuid1786)
сент. 16, 2025 8:21:57 PM webapp.storage.AbstractStorage save
INFO: &amp#27;[32mSave ff121ff3-edec-483c-8d4a-74e5f3935788(uuid1787)
сент. 16, 2025 8:21:57 PM webapp.storage.AbstractStorage save
INFO: &amp#27;[32mSave e2114bab-e8c6-4d06-a086-496d9e235f36(uuid1788)
сент. 16, 2025 8:21:57 PM webapp.storage.AbstractStorage save
INFO: &amp#27;[32mSave 3e1e94e5-926b-4318-a4c6-a0447941d233(uuid1789)
сент. 16, 2025 8:21:57 PM webapp.storage.AbstractStorage save
INFO: &amp#27;[32mSave 1f0203d4-a063-447f-9539-8d1cb946036b(uuid1790)
сент. 16, 2025 8:21:57 PM webapp.storage.AbstractStorage save
INFO: &amp#27;[32mSave e8cdf084-b7fe-4e32-8f3d-9c9bbd2e1082(uuid1791)
сент. 16, 2025 8:21:57 PM webapp.storage.AbstractStorage save
INFO: &amp#27;[32mSave eb2239e7-b633-4344-83cc-6031d090ebff(uuid1792)
сент. 16, 2025 8:21:57 PM webapp.storage.AbstractStorage save
INFO: &amp#27;[32mSave d8dd0856-fa48-444a-aec2-a10c42da5af2(uuid1793)
сент. 16, 2025 8:21:57 PM webapp.storage.AbstractStorage save
INFO: &amp#27;[32mSave 861600bf-c414-453a-b003-24d1721860c6(uuid1794)
сент. 16, 2025 8:21:57 PM webapp.storage.AbstractStorage save
INFO: &amp#27;[32mSave 71882985-7823-4549-89b5-af8e03f1f440(uuid1795)
сент. 16, 2025 8:21:57 PM webapp.storage.AbstractStorage save
INFO: &amp#27;[32mSave ae0a211b-ec9c-45dc-b663-8591046c6530(uuid1796)
сент. 16, 2025 8:21:57 PM webapp.storage.AbstractStorage save
INFO: &amp#27;[32mSave be8a4f75-3f1e-4b17-ad1b-9956b4491257(uuid1797)
сент. 16, 2025 8:21:57 PM webapp.storage.AbstractStorage save
INFO: &amp#27;[32mSave 75fc65b5-3938-4d61-80c6-529542305128(uuid1798)
сент. 16, 2025 8:21:57 PM webapp.storage.AbstractStorage save
INFO: &amp#27;[32mSave 760da4ed-1f62-476d-9f99-14ea846c39f7(uuid1799)
сент. 16, 2025 8:21:57 PM webapp.storage.AbstractStorage save
INFO: &amp#27;[32mSave b2b639a4-9528-4ab6-93c4-d7adefc972cf(uuid1800)
сент. 16, 2025 8:21:57 PM webapp.storage.AbstractStorage save
INFO: &amp#27;[32mSave 8de70a37-7593-4f65-9b95-8b42779867ad(uuid1801)
сент. 16, 2025 8:21:57 PM webapp.storage.AbstractStorage save
INFO: &amp#27;[32mSave e4b89f5a-bac7-4ba8-a4a2-108fa81c2ae4(uuid1802)
сент. 16, 2025 8:21:57 PM webapp.storage.AbstractStorage save
INFO: &amp#27;[32mSave 7450252a-c59b-447c-9864-a7513ff117cc(uuid1803)
сент. 16, 2025 8:21:57 PM webapp.storage.AbstractStorage save
INFO: &amp#27;[32mSave d49e52ca-b820-4918-8002-9d45b541ef4f(uuid1804)
сент. 16, 2025 8:21:57 PM webapp.storage.AbstractStorage save
INFO: &amp#27;[32mSave 9de802fe-132b-421b-b18d-1207ac04b5d5(uuid1805)
сент. 16, 2025 8:21:57 PM webapp.storage.AbstractStorage save
INFO: &amp#27;[32mSave 62b85e14-7917-4949-aeba-a7374ed46657(uuid1806)
сент. 16, 2025 8:21:57 PM webapp.storage.AbstractStorage save
INFO: &amp#27;[32mSave a25a2fd8-854a-41b7-9f68-7619567558f3(uuid1807)
сент. 16, 2025 8:21:57 PM webapp.storage.AbstractStorage save
INFO: &amp#27;[32mSave 14a31324-6750-4d0c-943d-660a182523a8(uuid1808)
сент. 16, 2025 8:21:57 PM webapp.storage.AbstractStorage save
INFO: &amp#27;[32mSave bc2f0440-dba4-4bec-82ba-6daca91d438b(uuid1809)
сент. 16, 2025 8:21:57 PM webapp.storage.AbstractStorage save
INFO: &amp#27;[32mSave 0a67699c-56f6-4d8b-a58e-5e92572a5f27(uuid1810)
сент. 16, 2025 8:21:57 PM webapp.storage.AbstractStorage save
INFO: &amp#27;[32mSave 20cf842d-e8e5-40c4-9d36-fd88765c1afe(uuid1811)
сент. 16, 2025 8:21:57 PM webapp.storage.AbstractStorage save
INFO: &amp#27;[32mSave 700fbe45-713c-40a9-a063-87256b8c174e(uuid1812)
сент. 16, 2025 8:21:57 PM webapp.storage.AbstractStorage save
INFO: &amp#27;[32mSave 6168effc-da5b-42be-ba4e-88c0dd3846a0(uuid1813)
сент. 16, 2025 8:21:57 PM webapp.storage.AbstractStorage save
INFO: &amp#27;[32mSave 675c5690-e365-4a7d-b780-9e379bbf818f(uuid1814)
сент. 16, 2025 8:21:57 PM webapp.storage.AbstractStorage save
INFO: &amp#27;[32mSave 50701bf0-7264-44cb-8e6d-84c3817b9a5f(uuid1815)
сент. 16, 2025 8:21:57 PM webapp.storage.AbstractStorage save
INFO: &amp#27;[32mSave ea93616a-7f16-4cb2-8cd6-df3607b23327(uuid1816)
сент. 16, 2025 8:21:57 PM webapp.storage.AbstractStorage save
INFO: &amp#27;[32mSave 9b8839d1-0695-4fc7-90a9-9d8d8602e01a(uuid1817)
сент. 16, 2025 8:21:57 PM webapp.storage.AbstractStorage save
INFO: &amp#27;[32mSave 034501ae-8271-402b-8db5-5e08be537d73(uuid1818)
сент. 16, 2025 8:21:57 PM webapp.storage.AbstractStorage save
INFO: &amp#27;[32mSave 2948afd4-db54-45f7-8631-94446b87e055(uuid1819)
сент. 16, 2025 8:21:57 PM webapp.storage.AbstractStorage save
INFO: &amp#27;[32mSave a61cdce9-2cbb-40fb-9d95-7fb1df054aa7(uuid1820)
сент. 16, 2025 8:21:57 PM webapp.storage.AbstractStorage save
INFO: &amp#27;[32mSave f6b58842-cea4-4471-a9ad-7c27d68f345b(uuid1821)
сент. 16, 2025 8:21:57 PM webapp.storage.AbstractStorage save
INFO: &amp#27;[32mSave 433ea58e-d88a-4453-b7ff-df992ccdf070(uuid1822)
сент. 16, 2025 8:21:57 PM webapp.storage.AbstractStorage save
INFO: &amp#27;[32mSave e65da88e-b086-499f-86ce-bd808d6b45d2(uuid1823)
сент. 16, 2025 8:21:57 PM webapp.storage.AbstractStorage save
INFO: &amp#27;[32mSave 2d5b641b-e5c3-4920-81a3-ef6f19521161(uuid1824)
сент. 16, 2025 8:21:57 PM webapp.storage.AbstractStorage save
INFO: &amp#27;[32mSave bb461594-6e1f-41dc-a131-ee8d41087d42(uuid1825)
сент. 16, 2025 8:21:57 PM webapp.storage.AbstractStorage save
INFO: &amp#27;[32mSave f1dfdfbd-a44b-400c-8ce3-b49838e57add(uuid1826)
сент. 16, 2025 8:21:57 PM webapp.storage.AbstractStorage save
INFO: &amp#27;[32mSave 4fae52f6-326a-486d-993a-80c552ddd5f5(uuid1827)
сент. 16, 2025 8:21:57 PM webapp.storage.AbstractStorage save
INFO: &amp#27;[32mSave 5cdef785-2984-4f97-836c-54022af995b0(uuid1828)
сент. 16, 2025 8:21:57 PM webapp.storage.AbstractStorage save
INFO: &amp#27;[32mSave 8fa97b66-d313-4f4e-b946-e9e1074bba8c(uuid1829)
сент. 16, 2025 8:21:57 PM webapp.storage.AbstractStorage save
INFO: &amp#27;[32mSave 06601d08-bab1-40ef-8134-cb131d16a38c(uuid1830)
сент. 16, 2025 8:21:57 PM webapp.storage.AbstractStorage save
INFO: &amp#27;[32mSave cd64ec24-fcc2-4119-9b6f-d5f60a0791ff(uuid1831)
сент. 16, 2025 8:21:57 PM webapp.storage.AbstractStorage save
INFO: &amp#27;[32mSave 006a6a24-2073-484f-8475-14610c3fae0e(uuid1832)
сент. 16, 2025 8:21:57 PM webapp.storage.AbstractStorage save
INFO: &amp#27;[32mSave f63b3623-c75a-4c6e-89bd-6df3e70626d9(uuid1833)
сент. 16, 2025 8:21:57 PM webapp.storage.AbstractStorage save
INFO: &amp#27;[32mSave 462a6400-485a-41e0-b80d-9a7be897a697(uuid1834)
сент. 16, 2025 8:21:57 PM webapp.storage.AbstractStorage save
INFO: &amp#27;[32mSave 691ab60c-6cb0-4744-9e46-356882d6aa81(uuid1835)
сент. 16, 2025 8:21:57 PM webapp.storage.AbstractStorage save
INFO: &amp#27;[32mSave 77ea95b5-3a29-4bec-a0c4-cc3badec9215(uuid1836)
сент. 16, 2025 8:21:57 PM webapp.storage.AbstractStorage save
INFO: &amp#27;[32mSave de2ccea0-1838-4b03-9c39-ab64182834f0(uuid1837)
сент. 16, 2025 8:21:57 PM webapp.storage.AbstractStorage save
INFO: &amp#27;[32mSave 013bf526-97fe-4680-9f7d-02589e532a47(uuid1838)
сент. 16, 2025 8:21:57 PM webapp.storage.AbstractStorage save
INFO: &amp#27;[32mSave c89e23b6-005c-47ae-8a4f-3a20832fc037(uuid1839)
сент. 16, 2025 8:21:57 PM webapp.storage.AbstractStorage save
INFO: &amp#27;[32mSave 774f7e1e-d5fa-43e6-8e72-29c9309e0456(uuid1840)
сент. 16, 2025 8:21:57 PM webapp.storage.AbstractStorage save
INFO: &amp#27;[32mSave cf62df5c-c58e-49a0-981a-6a76cf529cec(uuid1841)
сент. 16, 2025 8:21:57 PM webapp.storage.AbstractStorage save
INFO: &amp#27;[32mSave aa33f14a-82b2-4d32-8e8d-eca4bac6f249(uuid1842)
сент. 16, 2025 8:21:57 PM webapp.storage.AbstractStorage save
INFO: &amp#27;[32mSave aead7ccb-2fa3-4328-aab5-8245f3de841f(uuid1843)
сент. 16, 2025 8:21:57 PM webapp.storage.AbstractStorage save
INFO: &amp#27;[32mSave 529dabfb-e362-4dee-8e4c-fc56b660e955(uuid1844)
сент. 16, 2025 8:21:57 PM webapp.storage.AbstractStorage save
INFO: &amp#27;[32mSave 2c0c5883-b028-41f1-9594-fbc468c20cb3(uuid1845)
сент. 16, 2025 8:21:57 PM webapp.storage.AbstractStorage save
INFO: &amp#27;[32mSave f2393438-9eb9-420b-8d81-bbee92a035ff(uuid1846)
сент. 16, 2025 8:21:57 PM webapp.storage.AbstractStorage save
INFO: &amp#27;[32mSave 7571ccc9-f345-45ce-8b33-a7acf6ec60be(uuid1847)
сент. 16, 2025 8:21:57 PM webapp.storage.AbstractStorage save
INFO: &amp#27;[32mSave 9e4bde73-dbe9-47d3-b601-ae96c1f4c905(uuid1848)
сент. 16, 2025 8:21:57 PM webapp.storage.AbstractStorage save
INFO: &amp#27;[32mSave 69fc5a8e-dfe0-42de-bd32-486c466ee371(uuid1849)
сент. 16, 2025 8:21:57 PM webapp.storage.AbstractStorage save
INFO: &amp#27;[32mSave 726edc5d-7c8b-456e-ac06-fc2ca7828c11(uuid1850)
сент. 16, 2025 8:21:57 PM webapp.storage.AbstractStorage save
INFO: &amp#27;[32mSave 2ced1c76-1c1d-4d9f-b32f-474f039de8f2(uuid1851)
сент. 16, 2025 8:21:57 PM webapp.storage.AbstractStorage save
INFO: &amp#27;[32mSave f1193f00-e1e1-4e24-94f7-eb770d99444f(uuid1852)
сент. 16, 2025 8:21:57 PM webapp.storage.AbstractStorage save
INFO: &amp#27;[32mSave 4cfc6d03-596f-4260-ace1-597a42b6f3e4(uuid1853)
сент. 16, 2025 8:21:57 PM webapp.storage.AbstractStorage save
INFO: &amp#27;[32mSave 731ed511-9c22-4200-8d10-1767dbf8b539(uuid1854)
сент. 16, 2025 8:21:57 PM webapp.storage.AbstractStorage save
INFO: &amp#27;[32mSave 5a84cc91-6ede-4399-9308-67608dc3395c(uuid1855)
сент. 16, 2025 8:21:57 PM webapp.storage.AbstractStorage save
INFO: &amp#27;[32mSave 6e775b86-f5af-4527-82c4-7e4a909e5f75(uuid1856)
сент. 16, 2025 8:21:57 PM webapp.storage.AbstractStorage save
INFO: &amp#27;[32mSave 2035d030-a11e-4387-9858-1ca26a486407(uuid1857)
сент. 16, 2025 8:21:57 PM webapp.storage.AbstractStorage save
INFO: &amp#27;[32mSave 10bf776a-5bb8-4fa3-89e0-2be83f230a94(uuid1858)
сент. 16, 2025 8:21:57 PM webapp.storage.AbstractStorage save
INFO: &amp#27;[32mSave 122e1fbf-9b97-4b9c-9718-e2e13ba2804b(uuid1859)
сент. 16, 2025 8:21:57 PM webapp.storage.AbstractStorage save
INFO: &amp#27;[32mSave f9ff5825-e5df-4a0c-94bf-7c60eee647cf(uuid1860)
сент. 16, 2025 8:21:57 PM webapp.storage.AbstractStorage save
INFO: &amp#27;[32mSave 5b7e4ad2-7556-4237-a2ff-e1c8eacdcf84(uuid1861)
сент. 16, 2025 8:21:57 PM webapp.storage.AbstractStorage save
INFO: &amp#27;[32mSave 96fd66fd-7da2-4c0d-8c51-ff4de1823bff(uuid1862)
сент. 16, 2025 8:21:57 PM webapp.storage.AbstractStorage save
INFO: &amp#27;[32mSave 2197c348-bcda-4abc-838f-041bc15ab3ea(uuid1863)
сент. 16, 2025 8:21:57 PM webapp.storage.AbstractStorage save
INFO: &amp#27;[32mSave 442144c8-ebf6-40ee-8e49-b760599e74d5(uuid1864)
сент. 16, 2025 8:21:57 PM webapp.storage.AbstractStorage save
INFO: &amp#27;[32mSave ad2ebe4e-9af6-42ce-b5da-16df3065e217(uuid1865)
сент. 16, 2025 8:21:57 PM webapp.storage.AbstractStorage save
INFO: &amp#27;[32mSave f5f906f1-6199-40b2-ad72-b6aa6181e7f1(uuid1866)
сент. 16, 2025 8:21:57 PM webapp.storage.AbstractStorage save
INFO: &amp#27;[32mSave ee1ffd2e-90e7-4d85-bfe5-5fe057a64dc6(uuid1867)
сент. 16, 2025 8:21:57 PM webapp.storage.AbstractStorage save
INFO: &amp#27;[32mSave 797d2fad-eb44-43c7-adb0-773d27edc400(uuid1868)
сент. 16, 2025 8:21:57 PM webapp.storage.AbstractStorage save
INFO: &amp#27;[32mSave 09a8bb82-1d74-4e71-a7e5-39df0cbe6cd5(uuid1869)
сент. 16, 2025 8:21:57 PM webapp.storage.AbstractStorage save
INFO: &amp#27;[32mSave 19b5aa99-faaa-41f4-aabd-4172dd5fbdf6(uuid1870)
сент. 16, 2025 8:21:57 PM webapp.storage.AbstractStorage save
INFO: &amp#27;[32mSave f8b0cb1f-e75d-42a0-8dc1-d3f304c7d075(uuid1871)
сент. 16, 2025 8:21:57 PM webapp.storage.AbstractStorage save
INFO: &amp#27;[32mSave c04a43bb-90e1-4915-8294-6b330fadea0d(uuid1872)
сент. 16, 2025 8:21:57 PM webapp.storage.AbstractStorage save
INFO: &amp#27;[32mSave 851ea424-394e-4734-98e8-cb29f300fa93(uuid1873)
сент. 16, 2025 8:21:57 PM webapp.storage.AbstractStorage save
INFO: &amp#27;[32mSave 56b7e118-4347-4637-8d10-1e028ff90e14(uuid1874)
сент. 16, 2025 8:21:57 PM webapp.storage.AbstractStorage save
INFO: &amp#27;[32mSave c8fe5384-208d-4563-bd82-2e3350e51bc6(uuid1875)
сент. 16, 2025 8:21:57 PM webapp.storage.AbstractStorage save
INFO: &amp#27;[32mSave fe9c11d9-1766-4d89-940c-3f199b3c7fc6(uuid1876)
сент. 16, 2025 8:21:57 PM webapp.storage.AbstractStorage save
INFO: &amp#27;[32mSave de3328a1-cb81-4024-aaf5-df719715df09(uuid1877)
сент. 16, 2025 8:21:57 PM webapp.storage.AbstractStorage save
INFO: &amp#27;[32mSave 65fe468c-4f06-4e79-80a9-9876cafbbf77(uuid1878)
сент. 16, 2025 8:21:57 PM webapp.storage.AbstractStorage save
INFO: &amp#27;[32mSave a352a2d2-e5d1-4e6f-9497-50bb195d525a(uuid1879)
сент. 16, 2025 8:21:57 PM webapp.storage.AbstractStorage save
INFO: &amp#27;[32mSave dd025f14-636a-44e6-8e08-313c3bc741c3(uuid1880)
сент. 16, 2025 8:21:57 PM webapp.storage.AbstractStorage save
INFO: &amp#27;[32mSave 83e291fa-e4e6-4110-a972-e0bd81cb9d38(uuid1881)
сент. 16, 2025 8:21:57 PM webapp.storage.AbstractStorage save
INFO: &amp#27;[32mSave a0435aac-c85a-4053-96a1-b5179dca12a0(uuid1882)
сент. 16, 2025 8:21:57 PM webapp.storage.AbstractStorage save
INFO: &amp#27;[32mSave 2259286e-0852-451f-acd1-29a0571f024e(uuid1883)
сент. 16, 2025 8:21:57 PM webapp.storage.AbstractStorage save
INFO: &amp#27;[32mSave 05a421d2-9ae0-4b59-834e-01a25d510ddc(uuid1884)
сент. 16, 2025 8:21:57 PM webapp.storage.AbstractStorage save
INFO: &amp#27;[32mSave 7bef74b3-16f0-4ec4-b9e0-076b776dd7e7(uuid1885)
сент. 16, 2025 8:21:57 PM webapp.storage.AbstractStorage save
INFO: &amp#27;[32mSave f943e897-6728-494c-8feb-a0dd623f544e(uuid1886)
сент. 16, 2025 8:21:57 PM webapp.storage.AbstractStorage save
INFO: &amp#27;[32mSave 68be22ad-9a3b-46a9-bcbc-fec12cc14ee4(uuid1887)
сент. 16, 2025 8:21:57 PM webapp.storage.AbstractStorage save
INFO: &amp#27;[32mSave 33f6bda6-8c15-439a-b4c4-b08c03b830ce(uuid1888)
сент. 16, 2025 8:21:57 PM webapp.storage.AbstractStorage save
INFO: &amp#27;[32mSave 807e66ff-0205-40d6-a8df-dd7b5b615cf3(uuid1889)
сент. 16, 2025 8:21:57 PM webapp.storage.AbstractStorage save
INFO: &amp#27;[32mSave 79975f26-e2e5-4d42-8cb2-1d86988fc06e(uuid1890)
сент. 16, 2025 8:21:57 PM webapp.storage.AbstractStorage save
INFO: &amp#27;[32mSave 46e24871-ef59-48a6-929f-6f530b167699(uuid1891)
сент. 16, 2025 8:21:57 PM webapp.storage.AbstractStorage save
INFO: &amp#27;[32mSave 67b02dca-163a-4802-a967-312424df281f(uuid1892)
сент. 16, 2025 8:21:57 PM webapp.storage.AbstractStorage save
INFO: &amp#27;[32mSave b6da1842-d715-40b7-9ae3-ddf4b3d079fe(uuid1893)
сент. 16, 2025 8:21:57 PM webapp.storage.AbstractStorage save
INFO: &amp#27;[32mSave d877c064-60bb-47ad-8e67-2750122ea2ef(uuid1894)
сент. 16, 2025 8:21:57 PM webapp.storage.AbstractStorage save
INFO: &amp#27;[32mSave 425ae9e9-7b24-48c9-9d69-dfeb6b27ab04(uuid1895)
сент. 16, 2025 8:21:57 PM webapp.storage.AbstractStorage save
INFO: &amp#27;[32mSave 35b4a857-27da-48d2-b13a-c9b7781a78cd(uuid1896)
сент. 16, 2025 8:21:57 PM webapp.storage.AbstractStorage save
INFO: &amp#27;[32mSave 2d0757ad-e3ca-4746-9890-e60e5686526d(uuid1897)
сент. 16, 2025 8:21:57 PM webapp.storage.AbstractStorage save
INFO: &amp#27;[32mSave 2887ab7f-9ab4-4710-9c05-fe0f622ed243(uuid1898)
сент. 16, 2025 8:21:57 PM webapp.storage.AbstractStorage save
INFO: &amp#27;[32mSave bfcac52a-23d0-4dac-9919-d82334f48231(uuid1899)
сент. 16, 2025 8:21:57 PM webapp.storage.AbstractStorage save
INFO: &amp#27;[32mSave 54aa1846-8e9c-464e-8232-26cc3355ec6e(uuid1900)
сент. 16, 2025 8:21:57 PM webapp.storage.AbstractStorage save
INFO: &amp#27;[32mSave 19b40ef6-1543-4e2b-bc51-a0ee2b814519(uuid1901)
сент. 16, 2025 8:21:57 PM webapp.storage.AbstractStorage save
INFO: &amp#27;[32mSave 9485d880-07cf-4254-a37c-53e1acb8b6fb(uuid1902)
сент. 16, 2025 8:21:57 PM webapp.storage.AbstractStorage save
INFO: &amp#27;[32mSave 52e17ad7-c405-4fb6-84dc-d71a770358ef(uuid1903)
сент. 16, 2025 8:21:57 PM webapp.storage.AbstractStorage save
INFO: &amp#27;[32mSave 33c1f972-ce13-40f1-9bb5-e0d85d726dcb(uuid1904)
сент. 16, 2025 8:21:57 PM webapp.storage.AbstractStorage save
INFO: &amp#27;[32mSave ee56b471-873f-4f81-8ba6-f7dd6a712e99(uuid1905)
сент. 16, 2025 8:21:57 PM webapp.storage.AbstractStorage save
INFO: &amp#27;[32mSave 36885493-666c-4b80-9aba-b6b7f1fcac12(uuid1906)
сент. 16, 2025 8:21:57 PM webapp.storage.AbstractStorage save
INFO: &amp#27;[32mSave b2d8d00f-b7b8-4cec-affd-54d57d9d61f7(uuid1907)
сент. 16, 2025 8:21:57 PM webapp.storage.AbstractStorage save
INFO: &amp#27;[32mSave df83c7c4-51e8-489c-aac7-dc70c81a4af6(uuid1908)
сент. 16, 2025 8:21:57 PM webapp.storage.AbstractStorage save
INFO: &amp#27;[32mSave db36769d-c14d-4439-ad07-e4d4aef0fcfc(uuid1909)
сент. 16, 2025 8:21:57 PM webapp.storage.AbstractStorage save
INFO: &amp#27;[32mSave 22ef34e9-72c8-438a-8c34-99478742ac00(uuid1910)
сент. 16, 2025 8:21:57 PM webapp.storage.AbstractStorage save
INFO: &amp#27;[32mSave 2f1e0df5-6431-43d9-8776-5f137df22c61(uuid1911)
сент. 16, 2025 8:21:57 PM webapp.storage.AbstractStorage save
INFO: &amp#27;[32mSave 322f312f-41d6-4dbf-bc74-cd179f30eb3c(uuid1912)
сент. 16, 2025 8:21:57 PM webapp.storage.AbstractStorage save
INFO: &amp#27;[32mSave 472446c2-cc53-4d81-99fb-b9e75eb17c97(uuid1913)
сент. 16, 2025 8:21:57 PM webapp.storage.AbstractStorage save
INFO: &amp#27;[32mSave c8314895-42f6-4917-a5c8-e77cbd21ab39(uuid1914)
сент. 16, 2025 8:21:57 PM webapp.storage.AbstractStorage save
INFO: &amp#27;[32mSave c2f98e97-2251-40a6-a9aa-7625b7527e89(uuid1915)
сент. 16, 2025 8:21:57 PM webapp.storage.AbstractStorage save
INFO: &amp#27;[32mSave ed0cf321-5b03-4bc8-8538-6184456f883e(uuid1916)
сент. 16, 2025 8:21:57 PM webapp.storage.AbstractStorage save
INFO: &amp#27;[32mSave 040bbb5d-171c-486a-95c0-d7378ff3bfc8(uuid1917)
сент. 16, 2025 8:21:57 PM webapp.storage.AbstractStorage save
INFO: &amp#27;[32mSave 425487a4-3fae-4850-ac8a-82f1629acd4c(uuid1918)
сент. 16, 2025 8:21:57 PM webapp.storage.AbstractStorage save
INFO: &amp#27;[32mSave 72309e1a-8e36-483d-8f64-1c50e92d69bc(uuid1919)
сент. 16, 2025 8:21:57 PM webapp.storage.AbstractStorage save
INFO: &amp#27;[32mSave c156f148-80cf-47f7-969d-ae549fbfc372(uuid1920)
сент. 16, 2025 8:21:57 PM webapp.storage.AbstractStorage save
INFO: &amp#27;[32mSave 123fbdcf-78f9-4cfe-b51b-4c968801a2ad(uuid1921)
сент. 16, 2025 8:21:57 PM webapp.storage.AbstractStorage save
INFO: &amp#27;[32mSave 048d76f0-4eb4-485b-8976-a033dba7be2c(uuid1922)
сент. 16, 2025 8:21:57 PM webapp.storage.AbstractStorage save
INFO: &amp#27;[32mSave 9cc292ad-5b8b-41b3-b9c7-ddb53d07051b(uuid1923)
сент. 16, 2025 8:21:57 PM webapp.storage.AbstractStorage save
INFO: &amp#27;[32mSave a8711329-8f30-4da2-b00c-43fed9bbfcd7(uuid1924)
сент. 16, 2025 8:21:57 PM webapp.storage.AbstractStorage save
INFO: &amp#27;[32mSave 496bfaa2-c6c5-4a9b-b3aa-230bc3ba4001(uuid1925)
сент. 16, 2025 8:21:57 PM webapp.storage.AbstractStorage save
INFO: &amp#27;[32mSave 15f82acb-bd8b-4308-87cd-d0e8b7fddb6d(uuid1926)
сент. 16, 2025 8:21:57 PM webapp.storage.AbstractStorage save
INFO: &amp#27;[32mSave 9dd8a175-b91e-4c78-ad25-1c3e6e6d8c50(uuid1927)
сент. 16, 2025 8:21:57 PM webapp.storage.AbstractStorage save
INFO: &amp#27;[32mSave 4238e129-9540-429f-9d28-aa8643c5652a(uuid1928)
сент. 16, 2025 8:21:57 PM webapp.storage.AbstractStorage save
INFO: &amp#27;[32mSave 66fe2ae7-e042-493f-a676-455c47ccd12d(uuid1929)
сент. 16, 2025 8:21:57 PM webapp.storage.AbstractStorage save
INFO: &amp#27;[32mSave 2ac3425f-35a2-43e4-a8ea-7405aaf801fd(uuid1930)
сент. 16, 2025 8:21:57 PM webapp.storage.AbstractStorage save
INFO: &amp#27;[32mSave 35f283d1-df4f-41eb-b4a7-a85632dfbb89(uuid1931)
сент. 16, 2025 8:21:57 PM webapp.storage.AbstractStorage save
INFO: &amp#27;[32mSave 31519632-a15a-4cb4-bb07-aae17fd740a3(uuid1932)
сент. 16, 2025 8:21:57 PM webapp.storage.AbstractStorage save
INFO: &amp#27;[32mSave 34020f41-ce34-4176-a51a-23ccb9c709fb(uuid1933)
сент. 16, 2025 8:21:57 PM webapp.storage.AbstractStorage save
INFO: &amp#27;[32mSave d6c0a7a1-490c-47ce-af62-973ee7dd9aa5(uuid1934)
сент. 16, 2025 8:21:57 PM webapp.storage.AbstractStorage save
INFO: &amp#27;[32mSave 269a6845-6482-40f5-a0b7-eecb386df20e(uuid1935)
сент. 16, 2025 8:21:57 PM webapp.storage.AbstractStorage save
INFO: &amp#27;[32mSave dcb5ad5f-959b-45ca-a0ca-3da0362840c7(uuid1936)
сент. 16, 2025 8:21:57 PM webapp.storage.AbstractStorage save
INFO: &amp#27;[32mSave 639fcd35-7588-4d1e-8c40-f24a56177019(uuid1937)
сент. 16, 2025 8:21:57 PM webapp.storage.AbstractStorage save
INFO: &amp#27;[32mSave 10e142c9-7e5b-44e9-b239-b7de6db5909f(uuid1938)
сент. 16, 2025 8:21:57 PM webapp.storage.AbstractStorage save
INFO: &amp#27;[32mSave 632387cc-2a62-4e66-958a-e7ad251c67d3(uuid1939)
сент. 16, 2025 8:21:57 PM webapp.storage.AbstractStorage save
INFO: &amp#27;[32mSave 6c038c9e-7c6f-4cc9-8355-fc00d112c3fc(uuid1940)
сент. 16, 2025 8:21:57 PM webapp.storage.AbstractStorage save
INFO: &amp#27;[32mSave d463aa52-560d-44d4-a040-d11c702278f9(uuid1941)
сент. 16, 2025 8:21:57 PM webapp.storage.AbstractStorage save
INFO: &amp#27;[32mSave 0c344354-3a58-437a-9ddb-8812552bb925(uuid1942)
сент. 16, 2025 8:21:57 PM webapp.storage.AbstractStorage save
INFO: &amp#27;[32mSave 04ae9d42-b34d-435b-a19e-d1cbe0b6eac4(uuid1943)
сент. 16, 2025 8:21:57 PM webapp.storage.AbstractStorage save
INFO: &amp#27;[32mSave 7d881a66-4822-4232-af2f-f2d01cb4cd7b(uuid1944)
сент. 16, 2025 8:21:57 PM webapp.storage.AbstractStorage save
INFO: &amp#27;[32mSave 4332d9f3-2b4e-4862-b95d-1959ba0ff93d(uuid1945)
сент. 16, 2025 8:21:57 PM webapp.storage.AbstractStorage save
INFO: &amp#27;[32mSave 76d1b50b-b442-41f0-bdc0-b740617e324d(uuid1946)
сент. 16, 2025 8:21:57 PM webapp.storage.AbstractStorage save
INFO: &amp#27;[32mSave 4132d131-746a-4dd3-a417-41e8cd996281(uuid1947)
сент. 16, 2025 8:21:57 PM webapp.storage.AbstractStorage save
INFO: &amp#27;[32mSave a99b8cf1-04cc-4d53-a75c-be56470ce3cb(uuid1948)
сент. 16, 2025 8:21:57 PM webapp.storage.AbstractStorage save
INFO: &amp#27;[32mSave af938237-d695-4b2e-88cb-96480025df48(uuid1949)
сент. 16, 2025 8:21:57 PM webapp.storage.AbstractStorage save
INFO: &amp#27;[32mSave e3444b67-72a3-427e-95e6-e48de0dbc1b0(uuid1950)
сент. 16, 2025 8:21:57 PM webapp.storage.AbstractStorage save
INFO: &amp#27;[32mSave 92efbb1b-b7d8-4b0b-a018-c42212422ea5(uuid1951)
сент. 16, 2025 8:21:57 PM webapp.storage.AbstractStorage save
INFO: &amp#27;[32mSave 0d52e6fd-2238-4040-a6e5-a8735bb33943(uuid1952)
сент. 16, 2025 8:21:57 PM webapp.storage.AbstractStorage save
INFO: &amp#27;[32mSave 499c4b35-0000-41fd-98e4-d996e1b47f26(uuid1953)
сент. 16, 2025 8:21:57 PM webapp.storage.AbstractStorage save
INFO: &amp#27;[32mSave cf1afde3-5502-4989-b31c-fa0512a29e88(uuid1954)
сент. 16, 2025 8:21:57 PM webapp.storage.AbstractStorage save
INFO: &amp#27;[32mSave 4792af30-a7fe-4227-b4aa-1fae0df6cbbf(uuid1955)
сент. 16, 2025 8:21:57 PM webapp.storage.AbstractStorage save
INFO: &amp#27;[32mSave 5a3bc7eb-0fbb-4cc4-8bcb-c5d0596c0213(uuid1956)
сент. 16, 2025 8:21:57 PM webapp.storage.AbstractStorage save
INFO: &amp#27;[32mSave 33fb71ba-ce3e-4e0e-914c-9a7184be47e8(uuid1957)
сент. 16, 2025 8:21:57 PM webapp.storage.AbstractStorage save
INFO: &amp#27;[32mSave b1f49b59-b16a-4381-a699-a51ceee4304f(uuid1958)
сент. 16, 2025 8:21:57 PM webapp.storage.AbstractStorage save
INFO: &amp#27;[32mSave be001349-7040-42e7-aa7a-d07e6b99a9ac(uuid1959)
сент. 16, 2025 8:21:57 PM webapp.storage.AbstractStorage save
INFO: &amp#27;[32mSave af652f02-cbae-4ae5-953a-111299c52e0c(uuid1960)
сент. 16, 2025 8:21:57 PM webapp.storage.AbstractStorage save
INFO: &amp#27;[32mSave 3e2b0b23-91aa-45ea-a180-1cb9b0b87c7f(uuid1961)
сент. 16, 2025 8:21:57 PM webapp.storage.AbstractStorage save
INFO: &amp#27;[32mSave 8cc64b09-bdf4-4276-8316-8bf56e3268cf(uuid1962)
сент. 16, 2025 8:21:57 PM webapp.storage.AbstractStorage save
INFO: &amp#27;[32mSave f5f04ff1-67f2-46ad-bc34-0d72b4f24be1(uuid1963)
сент. 16, 2025 8:21:57 PM webapp.storage.AbstractStorage save
INFO: &amp#27;[32mSave bef08ba1-4120-47e2-9ddf-85a8b430a165(uuid1964)
сент. 16, 2025 8:21:57 PM webapp.storage.AbstractStorage save
INFO: &amp#27;[32mSave 906373e5-66dd-45c9-a52b-f5eaf4153438(uuid1965)
сент. 16, 2025 8:21:57 PM webapp.storage.AbstractStorage save
INFO: &amp#27;[32mSave a39bb482-95b4-46ea-92b3-1311bffd82ea(uuid1966)
сент. 16, 2025 8:21:57 PM webapp.storage.AbstractStorage save
INFO: &amp#27;[32mSave d4fcc9b9-c335-4ef0-aef9-d85bab82b18e(uuid1967)
сент. 16, 2025 8:21:57 PM webapp.storage.AbstractStorage save
INFO: &amp#27;[32mSave c12cd3de-183e-4171-ac4a-28e56311c5b6(uuid1968)
сент. 16, 2025 8:21:57 PM webapp.storage.AbstractStorage save
INFO: &amp#27;[32mSave b7cf6052-bca9-48cb-bc43-57dd162af335(uuid1969)
сент. 16, 2025 8:21:57 PM webapp.storage.AbstractStorage save
INFO: &amp#27;[32mSave dd813a26-3b7f-4f96-84a1-3f0a4d94c328(uuid1970)
сент. 16, 2025 8:21:57 PM webapp.storage.AbstractStorage save
INFO: &amp#27;[32mSave 1a8ca805-8522-4d0b-86f5-232fec18d5bd(uuid1971)
сент. 16, 2025 8:21:57 PM webapp.storage.AbstractStorage save
INFO: &amp#27;[32mSave 2d4b02dc-1bdb-45b6-99b2-36df1393dbc0(uuid1972)
сент. 16, 2025 8:21:57 PM webapp.storage.AbstractStorage save
INFO: &amp#27;[32mSave 60b93317-3c72-4b51-a45d-9dc3d9614dc6(uuid1973)
сент. 16, 2025 8:21:57 PM webapp.storage.AbstractStorage save
INFO: &amp#27;[32mSave 5db3955c-2f04-4e8c-b7a5-e7ef51b8c094(uuid1974)
сент. 16, 2025 8:21:57 PM webapp.storage.AbstractStorage save
INFO: &amp#27;[32mSave c7f0bd10-31e5-4290-8e2d-b629aceede05(uuid1975)
сент. 16, 2025 8:21:57 PM webapp.storage.AbstractStorage save
INFO: &amp#27;[32mSave f0505dfc-c606-45c3-818c-b9e506ef4f21(uuid1976)
сент. 16, 2025 8:21:57 PM webapp.storage.AbstractStorage save
INFO: &amp#27;[32mSave fa15afb1-7d7b-4619-8c00-558980a5393c(uuid1977)
сент. 16, 2025 8:21:57 PM webapp.storage.AbstractStorage save
INFO: &amp#27;[32mSave 0f105219-a1a2-489d-8b13-3d878d6ec780(uuid1978)
сент. 16, 2025 8:21:57 PM webapp.storage.AbstractStorage save
INFO: &amp#27;[32mSave d80ab856-14d9-4898-a50b-5f64dbcc3e8e(uuid1979)
сент. 16, 2025 8:21:57 PM webapp.storage.AbstractStorage save
INFO: &amp#27;[32mSave 6e8f6307-c824-4e18-be4a-ebebdcb82944(uuid1980)
сент. 16, 2025 8:21:57 PM webapp.storage.AbstractStorage save
INFO: &amp#27;[32mSave 2ce4db8b-f33f-44cb-89bf-3b8b231f6855(uuid1981)
сент. 16, 2025 8:21:57 PM webapp.storage.AbstractStorage save
INFO: &amp#27;[32mSave 8fcd5ad9-576c-4615-9982-e64a96a24fa9(uuid1982)
сент. 16, 2025 8:21:57 PM webapp.storage.AbstractStorage save
INFO: &amp#27;[32mSave b71c7c6d-fcac-465c-ab4d-ff5044211820(uuid1983)
сент. 16, 2025 8:21:57 PM webapp.storage.AbstractStorage save
INFO: &amp#27;[32mSave dc265e3b-b365-4e0c-b760-e30eb6b6ce5e(uuid1984)
сент. 16, 2025 8:21:57 PM webapp.storage.AbstractStorage save
INFO: &amp#27;[32mSave ca3c516d-8e2f-4121-b045-fe0112a6df4e(uuid1985)
сент. 16, 2025 8:21:57 PM webapp.storage.AbstractStorage save
INFO: &amp#27;[32mSave bf657d31-cf2e-402f-bb3c-e885932efc57(uuid1986)
сент. 16, 2025 8:21:57 PM webapp.storage.AbstractStorage save
INFO: &amp#27;[32mSave 68f2f751-29df-4eca-bad9-4a8b09da7c88(uuid1987)
сент. 16, 2025 8:21:57 PM webapp.storage.AbstractStorage save
INFO: &amp#27;[32mSave f53b2748-7d4a-4e3e-b31e-cc4fdf50ec1a(uuid1988)
сент. 16, 2025 8:21:57 PM webapp.storage.AbstractStorage save
INFO: &amp#27;[32mSave 44e54c4f-5f6a-4ec0-86d7-f5381bd5ff4c(uuid1989)
сент. 16, 2025 8:21:57 PM webapp.storage.AbstractStorage save
INFO: &amp#27;[32mSave a7e18a3b-093d-479d-88d1-60df56bf3cad(uuid1990)
сент. 16, 2025 8:21:57 PM webapp.storage.AbstractStorage save
INFO: &amp#27;[32mSave de295d5e-4541-4be9-badd-32464370713c(uuid1991)
сент. 16, 2025 8:21:57 PM webapp.storage.AbstractStorage save
INFO: &amp#27;[32mSave d0608bc5-6d85-41fb-9b59-9ae62c04981d(uuid1992)
сент. 16, 2025 8:21:57 PM webapp.storage.AbstractStorage save
INFO: &amp#27;[32mSave c484248a-84ab-4365-a2cc-f128bb8b82fb(uuid1993)
сент. 16, 2025 8:21:57 PM webapp.storage.AbstractStorage save
INFO: &amp#27;[32mSave eb28e769-f048-4608-be43-193bc7f0bc58(uuid1994)
сент. 16, 2025 8:21:57 PM webapp.storage.AbstractStorage save
INFO: &amp#27;[32mSave 256d51ea-74ad-40ac-885d-ad61b62cea7b(uuid1995)
сент. 16, 2025 8:21:57 PM webapp.storage.AbstractStorage save
INFO: &amp#27;[32mSave 39380f7b-a522-4d25-ad46-c285e5ae84a0(uuid1996)
сент. 16, 2025 8:21:57 PM webapp.storage.AbstractStorage save
INFO: &amp#27;[32mSave 4a5304f5-ceaf-4b2b-aaf9-755fd38ecb06(uuid1997)
сент. 16, 2025 8:21:57 PM webapp.storage.AbstractStorage save
INFO: &amp#27;[32mSave a5c58dd5-a4b6-4655-8f49-e6705dd569fc(uuid1998)
сент. 16, 2025 8:21:57 PM webapp.storage.AbstractStorage save
INFO: &amp#27;[32mSave dc08360b-8e84-4e12-bf90-1f2aa697c243(uuid1999)
сент. 16, 2025 8:21:57 PM webapp.storage.AbstractStorage save
INFO: &amp#27;[32mSave 967aa383-e5e9-4f92-8b6f-a07feec5d5fb(uuid2000)
сент. 16, 2025 8:21:57 PM webapp.storage.AbstractStorage save
INFO: &amp#27;[32mSave 25e14a4f-3a0a-4218-9f26-de4c33ab5f3f(uuid2001)
сент. 16, 2025 8:21:57 PM webapp.storage.AbstractStorage save
INFO: &amp#27;[32mSave 105e0824-66d0-40bd-b337-2f7ff6441cf5(uuid2002)
сент. 16, 2025 8:21:57 PM webapp.storage.AbstractStorage save
INFO: &amp#27;[32mSave 2d794a2f-65d3-4c90-b763-115f70cf53e2(uuid2003)
сент. 16, 2025 8:21:57 PM webapp.storage.AbstractStorage save
INFO: &amp#27;[32mSave 83d56b09-ac47-46d3-8b83-fd853d7d864c(uuid2004)
сент. 16, 2025 8:21:57 PM webapp.storage.AbstractStorage save
INFO: &amp#27;[32mSave cf4809f5-9b5d-46eb-97ed-b32ce352a97d(uuid2005)
сент. 16, 2025 8:21:57 PM webapp.storage.AbstractStorage save
INFO: &amp#27;[32mSave 55487f63-7044-400d-8849-fff110c6063a(uuid2006)
сент. 16, 2025 8:21:57 PM webapp.storage.AbstractStorage save
INFO: &amp#27;[32mSave 2e09f407-b434-4719-9177-d53f86b85812(uuid2007)
сент. 16, 2025 8:21:57 PM webapp.storage.AbstractStorage save
INFO: &amp#27;[32mSave 00063f16-a750-4db3-b08a-c8a070cb27c4(uuid2008)
сент. 16, 2025 8:21:57 PM webapp.storage.AbstractStorage save
INFO: &amp#27;[32mSave a19b365b-0b45-4c7e-97b3-f677fa9b90f2(uuid2009)
сент. 16, 2025 8:21:57 PM webapp.storage.AbstractStorage save
INFO: &amp#27;[32mSave 625526fd-2028-4f2e-b0b4-d8cadffa2092(uuid2010)
сент. 16, 2025 8:21:57 PM webapp.storage.AbstractStorage save
INFO: &amp#27;[32mSave dc09b4ce-57af-4b95-a94a-391de81c115b(uuid2011)
сент. 16, 2025 8:21:57 PM webapp.storage.AbstractStorage save
INFO: &amp#27;[32mSave ef518ee8-18dd-4e85-8249-c6e5c45df9ae(uuid2012)
сент. 16, 2025 8:21:57 PM webapp.storage.AbstractStorage save
INFO: &amp#27;[32mSave 038a6b4a-88ec-478d-bcd2-aa089d4d5f93(uuid2013)
сент. 16, 2025 8:21:57 PM webapp.storage.AbstractStorage save
INFO: &amp#27;[32mSave 021a7703-e23d-4cbf-bdcf-2fa174f97ab7(uuid2014)
сент. 16, 2025 8:21:57 PM webapp.storage.AbstractStorage save
INFO: &amp#27;[32mSave 9d0d24be-5dd0-4fbb-bc6b-6d915674622b(uuid2015)
сент. 16, 2025 8:21:57 PM webapp.storage.AbstractStorage save
INFO: &amp#27;[32mSave 5779269e-ca2c-459c-8a6f-5f3a8b35048e(uuid2016)
сент. 16, 2025 8:21:57 PM webapp.storage.AbstractStorage save
INFO: &amp#27;[32mSave a36cdcd2-15c3-4eef-ad4d-bc6248818a7d(uuid2017)
сент. 16, 2025 8:21:57 PM webapp.storage.AbstractStorage save
INFO: &amp#27;[32mSave 2473c3fc-9abd-4a12-8684-da0228c223b1(uuid2018)
сент. 16, 2025 8:21:57 PM webapp.storage.AbstractStorage save
INFO: &amp#27;[32mSave c0a4e021-23fe-43d0-850d-82860ab4454f(uuid2019)
сент. 16, 2025 8:21:57 PM webapp.storage.AbstractStorage save
INFO: &amp#27;[32mSave 14004772-8e71-4860-9803-aa44b684e759(uuid2020)
сент. 16, 2025 8:21:57 PM webapp.storage.AbstractStorage save
INFO: &amp#27;[32mSave f84d7225-70bf-47e3-bafc-a643d3097b71(uuid2021)
сент. 16, 2025 8:21:57 PM webapp.storage.AbstractStorage save
INFO: &amp#27;[32mSave c1fcef2b-c213-4bdb-8ab2-a98ea4537d9c(uuid2022)
сент. 16, 2025 8:21:57 PM webapp.storage.AbstractStorage save
INFO: &amp#27;[32mSave efbb38a9-f9f3-4c84-91bd-5a4ce4c66431(uuid2023)
сент. 16, 2025 8:21:57 PM webapp.storage.AbstractStorage save
INFO: &amp#27;[32mSave d8cc2f50-8647-4d29-8c7d-1f3a804aa851(uuid2024)
сент. 16, 2025 8:21:57 PM webapp.storage.AbstractStorage save
INFO: &amp#27;[32mSave dc5c1233-2a44-4c6d-8e5a-bbb11d3fa3cd(uuid2025)
сент. 16, 2025 8:21:57 PM webapp.storage.AbstractStorage save
INFO: &amp#27;[32mSave 6e7b0ad1-996f-44ad-af20-27c8388d96f4(uuid2026)
сент. 16, 2025 8:21:57 PM webapp.storage.AbstractStorage save
INFO: &amp#27;[32mSave 78a9d015-369b-41c6-ba1b-f35f06eda9be(uuid2027)
сент. 16, 2025 8:21:57 PM webapp.storage.AbstractStorage save
INFO: &amp#27;[32mSave 60a85402-340b-4c69-be43-4a541aecffd2(uuid2028)
сент. 16, 2025 8:21:57 PM webapp.storage.AbstractStorage save
INFO: &amp#27;[32mSave 371c0f50-a462-4c88-b1a4-f4a9e682b00d(uuid2029)
сент. 16, 2025 8:21:57 PM webapp.storage.AbstractStorage save
INFO: &amp#27;[32mSave fc67857e-1ba2-41e8-8197-1d287b935f4e(uuid2030)
сент. 16, 2025 8:21:57 PM webapp.storage.AbstractStorage save
INFO: &amp#27;[32mSave 8bc4d0e2-14ba-4d8d-a521-9ed43b9fa8ce(uuid2031)
сент. 16, 2025 8:21:57 PM webapp.storage.AbstractStorage save
INFO: &amp#27;[32mSave e8040e43-ead5-4d95-b800-a606d0fb0d47(uuid2032)
сент. 16, 2025 8:21:57 PM webapp.storage.AbstractStorage save
INFO: &amp#27;[32mSave 87c7bcf8-62ad-4c2f-b21e-a667e52f3263(uuid2033)
сент. 16, 2025 8:21:57 PM webapp.storage.AbstractStorage save
INFO: &amp#27;[32mSave 20fb8e8e-685b-4535-a55f-012ac247a163(uuid2034)
сент. 16, 2025 8:21:57 PM webapp.storage.AbstractStorage save
INFO: &amp#27;[32mSave 408f1b88-4620-414c-bb43-567b84a3b5e9(uuid2035)
сент. 16, 2025 8:21:57 PM webapp.storage.AbstractStorage save
INFO: &amp#27;[32mSave af704e39-dff3-4833-b394-c8175c047d61(uuid2036)
сент. 16, 2025 8:21:57 PM webapp.storage.AbstractStorage save
INFO: &amp#27;[32mSave fbbc38d1-f8e7-4c9c-8785-144b87049b82(uuid2037)
сент. 16, 2025 8:21:57 PM webapp.storage.AbstractStorage save
INFO: &amp#27;[32mSave 17c8a521-6918-450d-b2c9-39951d218a3a(uuid2038)
сент. 16, 2025 8:21:57 PM webapp.storage.AbstractStorage save
INFO: &amp#27;[32mSave d2aad5b8-1c15-4a9a-8ca7-eddcff80e416(uuid2039)
сент. 16, 2025 8:21:57 PM webapp.storage.AbstractStorage save
INFO: &amp#27;[32mSave 2731c8dd-9c3d-4c68-8ccc-be195bd2a261(uuid2040)
сент. 16, 2025 8:21:57 PM webapp.storage.AbstractStorage save
INFO: &amp#27;[32mSave ba854b06-2ce1-4271-ac61-8d767df6f14b(uuid2041)
сент. 16, 2025 8:21:57 PM webapp.storage.AbstractStorage save
INFO: &amp#27;[32mSave 9731b38d-cde3-4604-aa13-5d295a4ae5f5(uuid2042)
сент. 16, 2025 8:21:57 PM webapp.storage.AbstractStorage save
INFO: &amp#27;[32mSave c3348bd7-2c92-44f5-9219-71bd0ad50f43(uuid2043)
сент. 16, 2025 8:21:57 PM webapp.storage.AbstractStorage save
INFO: &amp#27;[32mSave dd391da6-30dc-409f-937f-4f58330361e9(uuid2044)
сент. 16, 2025 8:21:57 PM webapp.storage.AbstractStorage save
INFO: &amp#27;[32mSave a55480c0-21d4-4104-890b-646e54c91d29(uuid2045)
сент. 16, 2025 8:21:57 PM webapp.storage.AbstractStorage save
INFO: &amp#27;[32mSave 252fdcbd-43ad-4a26-9961-1fd3b326f32a(uuid2046)
сент. 16, 2025 8:21:57 PM webapp.storage.AbstractStorage save
INFO: &amp#27;[32mSave b8f42add-4ae8-4d64-9631-d93ab0a244bf(uuid2047)
сент. 16, 2025 8:21:57 PM webapp.storage.AbstractStorage save
INFO: &amp#27;[32mSave c812080d-eabd-408e-a2fc-8a91d2594576(uuid2048)
сент. 16, 2025 8:21:57 PM webapp.storage.AbstractStorage save
INFO: &amp#27;[32mSave 09ebda89-c559-400c-87b7-45a8fece6849(uuid2049)
сент. 16, 2025 8:21:57 PM webapp.storage.AbstractStorage save
INFO: &amp#27;[32mSave 1a29a6f0-5669-428c-a5ff-07f74852d5f2(uuid2050)
сент. 16, 2025 8:21:57 PM webapp.storage.AbstractStorage save
INFO: &amp#27;[32mSave bd583151-68b4-4aa4-8282-a4063a6e0934(uuid2051)
сент. 16, 2025 8:21:57 PM webapp.storage.AbstractStorage save
INFO: &amp#27;[32mSave ba0133ef-463a-4dd3-a72a-fdc0b0200bfc(uuid2052)
сент. 16, 2025 8:21:57 PM webapp.storage.AbstractStorage save
INFO: &amp#27;[32mSave b3579fb8-61b0-4ed0-b639-9b57a84b6176(uuid2053)
сент. 16, 2025 8:21:57 PM webapp.storage.AbstractStorage save
INFO: &amp#27;[32mSave 10f8f9f1-631f-4865-9d92-14d3dc5a5c48(uuid2054)
сент. 16, 2025 8:21:57 PM webapp.storage.AbstractStorage save
INFO: &amp#27;[32mSave af13678f-9d6a-4134-a175-1f05ed4546f4(uuid2055)
сент. 16, 2025 8:21:57 PM webapp.storage.AbstractStorage save
INFO: &amp#27;[32mSave e56d6d59-5803-499d-bf2c-b1ea4766f1a7(uuid2056)
сент. 16, 2025 8:21:57 PM webapp.storage.AbstractStorage save
INFO: &amp#27;[32mSave c1aca8ea-167c-4a99-9600-49bbad9e96c0(uuid2057)
сент. 16, 2025 8:21:57 PM webapp.storage.AbstractStorage save
INFO: &amp#27;[32mSave 5fbfd4ed-8b05-4d24-8d5f-7be8eff505cf(uuid2058)
сент. 16, 2025 8:21:57 PM webapp.storage.AbstractStorage save
INFO: &amp#27;[32mSave c19aaaf7-c399-4e59-9d9e-9b05337cb28e(uuid2059)
сент. 16, 2025 8:21:57 PM webapp.storage.AbstractStorage save
INFO: &amp#27;[32mSave 5f7bedea-2168-4a66-8ef0-59cd069f1844(uuid2060)
сент. 16, 2025 8:21:57 PM webapp.storage.AbstractStorage save
INFO: &amp#27;[32mSave 2050b25e-74f8-4dcd-8c72-9bde4f03e03b(uuid2061)
сент. 16, 2025 8:21:57 PM webapp.storage.AbstractStorage save
INFO: &amp#27;[32mSave d638dd13-ea25-4cd4-9cd4-a794b3136261(uuid2062)
сент. 16, 2025 8:21:57 PM webapp.storage.AbstractStorage save
INFO: &amp#27;[32mSave 1e459239-e81c-434d-8f17-bdc2b15e73ba(uuid2063)
сент. 16, 2025 8:21:57 PM webapp.storage.AbstractStorage save
INFO: &amp#27;[32mSave b946f8a7-157e-44b4-8cc9-547a8b252299(uuid2064)
сент. 16, 2025 8:21:57 PM webapp.storage.AbstractStorage save
INFO: &amp#27;[32mSave b1d823d7-7cd9-4296-8794-204f0c3eaaa7(uuid2065)
сент. 16, 2025 8:21:57 PM webapp.storage.AbstractStorage save
INFO: &amp#27;[32mSave d54e94be-f749-45b3-a46d-99a037c82806(uuid2066)
сент. 16, 2025 8:21:57 PM webapp.storage.AbstractStorage save
INFO: &amp#27;[32mSave eb2bd311-fa17-4616-a87a-5bcbb11cf6ee(uuid2067)
сент. 16, 2025 8:21:57 PM webapp.storage.AbstractStorage save
INFO: &amp#27;[32mSave f3bbedbc-1fb1-4052-a598-ca4d20d076ab(uuid2068)
сент. 16, 2025 8:21:57 PM webapp.storage.AbstractStorage save
INFO: &amp#27;[32mSave e4a89927-12f4-417e-941a-b529dd3c7719(uuid2069)
сент. 16, 2025 8:21:57 PM webapp.storage.AbstractStorage save
INFO: &amp#27;[32mSave 3742845f-f958-49b2-bd1a-b97ea31580c6(uuid2070)
сент. 16, 2025 8:21:57 PM webapp.storage.AbstractStorage save
INFO: &amp#27;[32mSave 4b5a8a24-8d43-4cae-b2a9-187e9f229324(uuid2071)
сент. 16, 2025 8:21:57 PM webapp.storage.AbstractStorage save
INFO: &amp#27;[32mSave 0eadafa2-894f-4da6-a7ff-82186182daee(uuid2072)
сент. 16, 2025 8:21:57 PM webapp.storage.AbstractStorage save
INFO: &amp#27;[32mSave dde5aff7-cbad-48ce-93b1-ae433a1a7078(uuid2073)
сент. 16, 2025 8:21:57 PM webapp.storage.AbstractStorage save
INFO: &amp#27;[32mSave c8330908-8ed9-4237-ae7a-612e4a0cccdf(uuid2074)
сент. 16, 2025 8:21:57 PM webapp.storage.AbstractStorage save
INFO: &amp#27;[32mSave 15a02e98-0a2f-4e5c-9ff5-2d857395213e(uuid2075)
сент. 16, 2025 8:21:57 PM webapp.storage.AbstractStorage save
INFO: &amp#27;[32mSave 0dd63376-02ef-4eda-896e-06fccccbd6af(uuid2076)
сент. 16, 2025 8:21:57 PM webapp.storage.AbstractStorage save
INFO: &amp#27;[32mSave e3cb4461-a480-4059-984c-1365f6715007(uuid2077)
сент. 16, 2025 8:21:57 PM webapp.storage.AbstractStorage save
INFO: &amp#27;[32mSave 91df6cea-4e34-47b5-bead-5df39ff7deaa(uuid2078)
сент. 16, 2025 8:21:57 PM webapp.storage.AbstractStorage save
INFO: &amp#27;[32mSave 6f96d786-f9a0-4764-b980-6ef069aa6dae(uuid2079)
сент. 16, 2025 8:21:57 PM webapp.storage.AbstractStorage save
INFO: &amp#27;[32mSave 9682b136-444c-49d1-94ad-6bd4225d02ad(uuid2080)
сент. 16, 2025 8:21:57 PM webapp.storage.AbstractStorage save
INFO: &amp#27;[32mSave dcc30502-59ae-424b-a42e-1f4653f27a2d(uuid2081)
сент. 16, 2025 8:21:57 PM webapp.storage.AbstractStorage save
INFO: &amp#27;[32mSave f7104f00-e45f-4508-a5f8-8e91c14d3f6c(uuid2082)
сент. 16, 2025 8:21:57 PM webapp.storage.AbstractStorage save
INFO: &amp#27;[32mSave 6d2e279c-281d-45b5-b732-acab9fef22d6(uuid2083)
сент. 16, 2025 8:21:57 PM webapp.storage.AbstractStorage save
INFO: &amp#27;[32mSave 317340bc-6093-44e0-9755-c93b6e3bccbc(uuid2084)
сент. 16, 2025 8:21:57 PM webapp.storage.AbstractStorage save
INFO: &amp#27;[32mSave 209f8114-415f-4a61-9970-34e033aa570f(uuid2085)
сент. 16, 2025 8:21:57 PM webapp.storage.AbstractStorage save
INFO: &amp#27;[32mSave 7d2d7d89-6e02-486f-9b0d-9bd507241f3a(uuid2086)
сент. 16, 2025 8:21:57 PM webapp.storage.AbstractStorage save
INFO: &amp#27;[32mSave ab08d3de-8534-4254-8aa8-1f44738f8cca(uuid2087)
сент. 16, 2025 8:21:57 PM webapp.storage.AbstractStorage save
INFO: &amp#27;[32mSave 397880fc-a588-41b5-abfc-3c0bc16922cc(uuid2088)
сент. 16, 2025 8:21:57 PM webapp.storage.AbstractStorage save
INFO: &amp#27;[32mSave 8cc5aa55-8aa7-482a-9c31-5266b8f2de86(uuid2089)
сент. 16, 2025 8:21:57 PM webapp.storage.AbstractStorage save
INFO: &amp#27;[32mSave 8430e903-3f8b-4e0a-b6a7-7a9e932750a9(uuid2090)
сент. 16, 2025 8:21:57 PM webapp.storage.AbstractStorage save
INFO: &amp#27;[32mSave d505bbff-4810-428d-a8b5-d8963efbce65(uuid2091)
сент. 16, 2025 8:21:57 PM webapp.storage.AbstractStorage save
INFO: &amp#27;[32mSave e0603ede-fd96-40b1-83bf-cd52af2d4e6f(uuid2092)
сент. 16, 2025 8:21:57 PM webapp.storage.AbstractStorage save
INFO: &amp#27;[32mSave db160547-8ac6-4762-a122-7c5aa87c371a(uuid2093)
сент. 16, 2025 8:21:57 PM webapp.storage.AbstractStorage save
INFO: &amp#27;[32mSave 1c601201-dc11-4495-8b49-28edffdcda53(uuid2094)
сент. 16, 2025 8:21:57 PM webapp.storage.AbstractStorage save
INFO: &amp#27;[32mSave adf23ac8-ee01-499d-90fa-2b07ef6f5e49(uuid2095)
сент. 16, 2025 8:21:57 PM webapp.storage.AbstractStorage save
INFO: &amp#27;[32mSave d1aff100-e8e7-4ef0-8998-cb9c96f09796(uuid2096)
сент. 16, 2025 8:21:57 PM webapp.storage.AbstractStorage save
INFO: &amp#27;[32mSave e47cfecc-4b9a-4ca7-802d-05cb4c0eb6cd(uuid2097)
сент. 16, 2025 8:21:57 PM webapp.storage.AbstractStorage save
INFO: &amp#27;[32mSave 10774b39-dfb2-418d-b777-2aa7d4299f50(uuid2098)
сент. 16, 2025 8:21:57 PM webapp.storage.AbstractStorage save
INFO: &amp#27;[32mSave 0204933e-a2ad-4652-a10c-9a1d7ce78a20(uuid2099)
сент. 16, 2025 8:21:57 PM webapp.storage.AbstractStorage save
INFO: &amp#27;[32mSave 8d9f9f84-c0f1-4722-9e0e-6a86c85ce67a(uuid2100)
сент. 16, 2025 8:21:57 PM webapp.storage.AbstractStorage save
INFO: &amp#27;[32mSave b78b8034-746c-4fbe-94ce-0b4d7d53a022(uuid2101)
сент. 16, 2025 8:21:57 PM webapp.storage.AbstractStorage save
INFO: &amp#27;[32mSave 1cb3fdbf-e9c9-4303-b72c-733bba9d6469(uuid2102)
сент. 16, 2025 8:21:57 PM webapp.storage.AbstractStorage save
INFO: &amp#27;[32mSave 07968d88-2ff3-459d-b894-bd8f098ae435(uuid2103)
сент. 16, 2025 8:21:57 PM webapp.storage.AbstractStorage save
INFO: &amp#27;[32mSave f5db7b6d-375c-4970-b929-471ab176105b(uuid2104)
сент. 16, 2025 8:21:57 PM webapp.storage.AbstractStorage save
INFO: &amp#27;[32mSave f58d7082-d79c-49d4-a5f2-fb05149212e8(uuid2105)
сент. 16, 2025 8:21:57 PM webapp.storage.AbstractStorage save
INFO: &amp#27;[32mSave 590a8f74-e44a-4d76-a16e-bf350a015c30(uuid2106)
сент. 16, 2025 8:21:57 PM webapp.storage.AbstractStorage save
INFO: &amp#27;[32mSave b80b8333-fc33-49d0-bb7c-e7864bf27d8f(uuid2107)
сент. 16, 2025 8:21:57 PM webapp.storage.AbstractStorage save
INFO: &amp#27;[32mSave 1f1d98d1-00e6-458d-a29a-a2daa5f587d4(uuid2108)
сент. 16, 2025 8:21:57 PM webapp.storage.AbstractStorage save
INFO: &amp#27;[32mSave a3a47c20-f949-4760-b151-de3a1c2c0ad2(uuid2109)
сент. 16, 2025 8:21:57 PM webapp.storage.AbstractStorage save
INFO: &amp#27;[32mSave f8024552-a836-4229-b2e8-ac7461f10c41(uuid2110)
сент. 16, 2025 8:21:57 PM webapp.storage.AbstractStorage save
INFO: &amp#27;[32mSave d94f70e2-0632-445c-9fae-5cf9f484fbd1(uuid2111)
сент. 16, 2025 8:21:57 PM webapp.storage.AbstractStorage save
INFO: &amp#27;[32mSave 6064e2b9-9089-4519-bc33-0de57eeee2f6(uuid2112)
сент. 16, 2025 8:21:57 PM webapp.storage.AbstractStorage save
INFO: &amp#27;[32mSave 2f0d1c52-3279-470f-ae87-d4d82b20a4b4(uuid2113)
сент. 16, 2025 8:21:57 PM webapp.storage.AbstractStorage save
INFO: &amp#27;[32mSave 45b0e0e4-c17a-4d39-b68f-9aaef809e679(uuid2114)
сент. 16, 2025 8:21:57 PM webapp.storage.AbstractStorage save
INFO: &amp#27;[32mSave 418e10ee-7fd5-4b5c-bae7-7e6362e6d03f(uuid2115)
сент. 16, 2025 8:21:57 PM webapp.storage.AbstractStorage save
INFO: &amp#27;[32mSave 0c9db4d5-8b9c-4493-8f80-3975de3dab05(uuid2116)
сент. 16, 2025 8:21:57 PM webapp.storage.AbstractStorage save
INFO: &amp#27;[32mSave df81032d-6387-497f-940c-f3f629c233fb(uuid2117)
сент. 16, 2025 8:21:57 PM webapp.storage.AbstractStorage save
INFO: &amp#27;[32mSave 8b52be67-4fc7-487f-9922-c1d0c826d8e1(uuid2118)
сент. 16, 2025 8:21:57 PM webapp.storage.AbstractStorage save
INFO: &amp#27;[32mSave 157ef37d-d0c3-4f6f-8cc9-3db17d9cc4b8(uuid2119)
сент. 16, 2025 8:21:57 PM webapp.storage.AbstractStorage save
INFO: &amp#27;[32mSave 1d573943-bdbc-497e-a579-49e8abb9c0c4(uuid2120)
сент. 16, 2025 8:21:57 PM webapp.storage.AbstractStorage save
INFO: &amp#27;[32mSave 7a5df38e-8d97-4760-9a1e-48c0b454044b(uuid2121)
сент. 16, 2025 8:21:57 PM webapp.storage.AbstractStorage save
INFO: &amp#27;[32mSave c32bf46d-82b8-4248-a58b-fec506b55549(uuid2122)
сент. 16, 2025 8:21:57 PM webapp.storage.AbstractStorage save
INFO: &amp#27;[32mSave 65b26c26-86f4-497a-939d-0f24b5fb600a(uuid2123)
сент. 16, 2025 8:21:57 PM webapp.storage.AbstractStorage save
INFO: &amp#27;[32mSave a0e358e8-0e51-4f74-950b-b6c276dcaab7(uuid2124)
сент. 16, 2025 8:21:57 PM webapp.storage.AbstractStorage save
INFO: &amp#27;[32mSave b43b3124-fdd0-4f99-bb8b-f4d8daed1c12(uuid2125)
сент. 16, 2025 8:21:57 PM webapp.storage.AbstractStorage save
INFO: &amp#27;[32mSave 6d47cfeb-57de-4226-81c7-acd85dec4d9c(uuid2126)
сент. 16, 2025 8:21:57 PM webapp.storage.AbstractStorage save
INFO: &amp#27;[32mSave 7ffd5927-8b18-4f2a-9870-f244f311aa0e(uuid2127)
сент. 16, 2025 8:21:57 PM webapp.storage.AbstractStorage save
INFO: &amp#27;[32mSave 44cc77ed-9ffa-4b38-aa4c-a4314bad158d(uuid2128)
сент. 16, 2025 8:21:57 PM webapp.storage.AbstractStorage save
INFO: &amp#27;[32mSave 38572a4e-35aa-4f88-8422-81629f102986(uuid2129)
сент. 16, 2025 8:21:57 PM webapp.storage.AbstractStorage save
INFO: &amp#27;[32mSave e5c9e915-afd3-4049-9183-aef0afd8fdfc(uuid2130)
сент. 16, 2025 8:21:57 PM webapp.storage.AbstractStorage save
INFO: &amp#27;[32mSave 991dd13c-8d13-4456-b65f-42472dcd6db3(uuid2131)
сент. 16, 2025 8:21:57 PM webapp.storage.AbstractStorage save
INFO: &amp#27;[32mSave 39c8c0c3-e4aa-4bca-abaf-abbbb1e9594f(uuid2132)
сент. 16, 2025 8:21:57 PM webapp.storage.AbstractStorage save
INFO: &amp#27;[32mSave 672c2ea6-cc3f-4c00-a7e8-9095d4bea9cb(uuid2133)
сент. 16, 2025 8:21:57 PM webapp.storage.AbstractStorage save
INFO: &amp#27;[32mSave a9849570-f0cf-48fb-8af3-dc863fe43f3d(uuid2134)
сент. 16, 2025 8:21:57 PM webapp.storage.AbstractStorage save
INFO: &amp#27;[32mSave e796c2fa-1772-45e6-8810-259d77bfe0b2(uuid2135)
сент. 16, 2025 8:21:57 PM webapp.storage.AbstractStorage save
INFO: &amp#27;[32mSave bf218faf-af11-4adb-abf4-5d82d3337f07(uuid2136)
сент. 16, 2025 8:21:57 PM webapp.storage.AbstractStorage save
INFO: &amp#27;[32mSave 3676d62d-e2eb-4f7c-ab9d-5a34ff4a3767(uuid2137)
сент. 16, 2025 8:21:57 PM webapp.storage.AbstractStorage save
INFO: &amp#27;[32mSave e31da82a-63ed-4564-a3dd-2e6795529487(uuid2138)
сент. 16, 2025 8:21:57 PM webapp.storage.AbstractStorage save
INFO: &amp#27;[32mSave 2a8d4df4-6666-4303-a58c-a0c6b1a58659(uuid2139)
сент. 16, 2025 8:21:57 PM webapp.storage.AbstractStorage save
INFO: &amp#27;[32mSave 94548112-9f0c-4e15-8800-48ee1e559177(uuid2140)
сент. 16, 2025 8:21:57 PM webapp.storage.AbstractStorage save
INFO: &amp#27;[32mSave 3737cff5-7e57-4646-9446-a620414c5e5a(uuid2141)
сент. 16, 2025 8:21:57 PM webapp.storage.AbstractStorage save
INFO: &amp#27;[32mSave 5b9be6e2-bd35-4be3-ac3e-a5a92506b93f(uuid2142)
сент. 16, 2025 8:21:57 PM webapp.storage.AbstractStorage save
INFO: &amp#27;[32mSave bb731d7a-3b3d-443c-9489-6db88c7a9b9e(uuid2143)
сент. 16, 2025 8:21:57 PM webapp.storage.AbstractStorage save
INFO: &amp#27;[32mSave 3a770600-96fe-4145-8809-61d437e906db(uuid2144)
сент. 16, 2025 8:21:57 PM webapp.storage.AbstractStorage save
INFO: &amp#27;[32mSave ef18bdc5-02e4-45bb-826f-0fe0d4f3101b(uuid2145)
сент. 16, 2025 8:21:57 PM webapp.storage.AbstractStorage save
INFO: &amp#27;[32mSave 9c78949c-0679-44bc-9cbe-529929774f8e(uuid2146)
сент. 16, 2025 8:21:57 PM webapp.storage.AbstractStorage save
INFO: &amp#27;[32mSave 125ba193-158d-4d3e-9545-b4c0900f9039(uuid2147)
сент. 16, 2025 8:21:57 PM webapp.storage.AbstractStorage save
INFO: &amp#27;[32mSave a71166fc-77aa-4013-bb4d-bb559e20388b(uuid2148)
сент. 16, 2025 8:21:57 PM webapp.storage.AbstractStorage save
INFO: &amp#27;[32mSave bdfd3340-6545-45c3-8b39-c825d8da5ac6(uuid2149)
сент. 16, 2025 8:21:57 PM webapp.storage.AbstractStorage save
INFO: &amp#27;[32mSave 976b8216-ae55-43f8-8c51-10b7798bee25(uuid2150)
сент. 16, 2025 8:21:57 PM webapp.storage.AbstractStorage save
INFO: &amp#27;[32mSave 0c952ce7-f65b-40dd-8953-846ccae76ae4(uuid2151)
сент. 16, 2025 8:21:57 PM webapp.storage.AbstractStorage save
INFO: &amp#27;[32mSave 89a282d5-d5a0-4294-98a3-5993498aed7e(uuid2152)
сент. 16, 2025 8:21:57 PM webapp.storage.AbstractStorage save
INFO: &amp#27;[32mSave 2bc10af3-1964-4409-be85-bb4bdd317f9e(uuid2153)
сент. 16, 2025 8:21:57 PM webapp.storage.AbstractStorage save
INFO: &amp#27;[32mSave 5b681ac7-5cd7-4d18-bb40-447da04d7228(uuid2154)
сент. 16, 2025 8:21:57 PM webapp.storage.AbstractStorage save
INFO: &amp#27;[32mSave 5382803c-1735-4d47-9f28-d6aa330542fb(uuid2155)
сент. 16, 2025 8:21:57 PM webapp.storage.AbstractStorage save
INFO: &amp#27;[32mSave 86c95bdc-0922-4e3c-ae68-8a423820b942(uuid2156)
сент. 16, 2025 8:21:57 PM webapp.storage.AbstractStorage save
INFO: &amp#27;[32mSave 86bdf120-44e8-4af6-a729-8d6aefffd828(uuid2157)
сент. 16, 2025 8:21:57 PM webapp.storage.AbstractStorage save
INFO: &amp#27;[32mSave b25e557d-671a-4f4d-becf-da4eb0ec02b0(uuid2158)
сент. 16, 2025 8:21:57 PM webapp.storage.AbstractStorage save
INFO: &amp#27;[32mSave b91302b7-e480-427e-9b57-e002c671b8ed(uuid2159)
сент. 16, 2025 8:21:57 PM webapp.storage.AbstractStorage save
INFO: &amp#27;[32mSave c32b8a32-27b5-4e50-b150-b4067e88b306(uuid2160)
сент. 16, 2025 8:21:57 PM webapp.storage.AbstractStorage save
INFO: &amp#27;[32mSave c304cbc7-ce20-443c-a79d-9fa9911c1756(uuid2161)
сент. 16, 2025 8:21:57 PM webapp.storage.AbstractStorage save
INFO: &amp#27;[32mSave 10d561e6-a0c6-4b44-82c1-b636e14644d8(uuid2162)
сент. 16, 2025 8:21:57 PM webapp.storage.AbstractStorage save
INFO: &amp#27;[32mSave a90b0fc8-ebbe-4e7e-aa8d-33f0fb0e683e(uuid2163)
сент. 16, 2025 8:21:57 PM webapp.storage.AbstractStorage save
INFO: &amp#27;[32mSave 63503062-2448-4384-9e17-1878ed5e3c8a(uuid2164)
сент. 16, 2025 8:21:57 PM webapp.storage.AbstractStorage save
INFO: &amp#27;[32mSave eb0ab526-d2a5-4cc6-b330-74da06ddb94e(uuid2165)
сент. 16, 2025 8:21:57 PM webapp.storage.AbstractStorage save
INFO: &amp#27;[32mSave 0c47902f-2ecd-4d63-9a9a-ab5cf8401513(uuid2166)
сент. 16, 2025 8:21:57 PM webapp.storage.AbstractStorage save
INFO: &amp#27;[32mSave 92d0ea26-31ea-42ce-b2be-af1b1b54ee08(uuid2167)
сент. 16, 2025 8:21:57 PM webapp.storage.AbstractStorage save
INFO: &amp#27;[32mSave dfa921c2-7f8a-41ef-bc36-77bf8dff339c(uuid2168)
сент. 16, 2025 8:21:57 PM webapp.storage.AbstractStorage save
INFO: &amp#27;[32mSave aa45075c-4c00-4cca-a609-7cd36e80b413(uuid2169)
сент. 16, 2025 8:21:57 PM webapp.storage.AbstractStorage save
INFO: &amp#27;[32mSave c98dfcc2-966b-4c66-9438-174398aed91c(uuid2170)
сент. 16, 2025 8:21:57 PM webapp.storage.AbstractStorage save
INFO: &amp#27;[32mSave c35d3c69-9e25-4e26-bd9b-ec0f1f8d553e(uuid2171)
сент. 16, 2025 8:21:57 PM webapp.storage.AbstractStorage save
INFO: &amp#27;[32mSave e8ef570d-4306-401a-aef7-049278d1a03d(uuid2172)
сент. 16, 2025 8:21:57 PM webapp.storage.AbstractStorage save
INFO: &amp#27;[32mSave 5f786ba1-32e1-46b9-8082-dc1867fb03a7(uuid2173)
сент. 16, 2025 8:21:57 PM webapp.storage.AbstractStorage save
INFO: &amp#27;[32mSave f85701c2-4552-4c85-a3aa-004972276732(uuid2174)
сент. 16, 2025 8:21:57 PM webapp.storage.AbstractStorage save
INFO: &amp#27;[32mSave b37239fc-b833-4cff-938a-e9f7ef1d84e0(uuid2175)
сент. 16, 2025 8:21:57 PM webapp.storage.AbstractStorage save
INFO: &amp#27;[32mSave 736b1b32-90ee-486a-8eda-43f54beb31a5(uuid2176)
сент. 16, 2025 8:21:57 PM webapp.storage.AbstractStorage save
INFO: &amp#27;[32mSave a21d128b-311e-4d34-8aee-11329668d3d4(uuid2177)
сент. 16, 2025 8:21:57 PM webapp.storage.AbstractStorage save
INFO: &amp#27;[32mSave 6382a7e7-0f39-4e61-b30f-089c78ffc4c7(uuid2178)
сент. 16, 2025 8:21:57 PM webapp.storage.AbstractStorage save
INFO: &amp#27;[32mSave dedbdd4d-d8d2-4c0b-9f96-bf9c7445417e(uuid2179)
сент. 16, 2025 8:21:57 PM webapp.storage.AbstractStorage save
INFO: &amp#27;[32mSave 2b9bce64-8991-450c-886d-b89ba489c738(uuid2180)
сент. 16, 2025 8:21:57 PM webapp.storage.AbstractStorage save
INFO: &amp#27;[32mSave fb72e727-62d4-4ea1-9457-96ded7667f56(uuid2181)
сент. 16, 2025 8:21:57 PM webapp.storage.AbstractStorage save
INFO: &amp#27;[32mSave 2d2c3cc0-d343-43be-acd4-84f2cd195b35(uuid2182)
сент. 16, 2025 8:21:57 PM webapp.storage.AbstractStorage save
INFO: &amp#27;[32mSave 21b2052c-23ed-4967-8538-721598cbef78(uuid2183)
сент. 16, 2025 8:21:57 PM webapp.storage.AbstractStorage save
INFO: &amp#27;[32mSave 94be39a1-9551-49f6-a6ff-0b606079a004(uuid2184)
сент. 16, 2025 8:21:57 PM webapp.storage.AbstractStorage save
INFO: &amp#27;[32mSave d2b2b9ba-82db-42d4-95f5-9a45ddcbfb23(uuid2185)
сент. 16, 2025 8:21:57 PM webapp.storage.AbstractStorage save
INFO: &amp#27;[32mSave 6f8b952f-7122-4f09-aff6-82f1cf464aea(uuid2186)
сент. 16, 2025 8:21:57 PM webapp.storage.AbstractStorage save
INFO: &amp#27;[32mSave c74b26cd-5d28-4372-bb3f-4c6e5fb4300b(uuid2187)
сент. 16, 2025 8:21:57 PM webapp.storage.AbstractStorage save
INFO: &amp#27;[32mSave 2954f8bc-4369-4694-b5be-3ac5f66fc085(uuid2188)
сент. 16, 2025 8:21:57 PM webapp.storage.AbstractStorage save
INFO: &amp#27;[32mSave c9da91bf-618d-43ef-9f39-ceb15f5a8de2(uuid2189)
сент. 16, 2025 8:21:57 PM webapp.storage.AbstractStorage save
INFO: &amp#27;[32mSave 7e64efb9-1e85-41e5-90fd-11fceefa2562(uuid2190)
сент. 16, 2025 8:21:57 PM webapp.storage.AbstractStorage save
INFO: &amp#27;[32mSave fc5ac609-f91b-4b6c-9e81-eccc27a7e0f1(uuid2191)
сент. 16, 2025 8:21:57 PM webapp.storage.AbstractStorage save
INFO: &amp#27;[32mSave fb07a8c4-ef66-4324-a2e7-4aba9ed0bffa(uuid2192)
сент. 16, 2025 8:21:57 PM webapp.storage.AbstractStorage save
INFO: &amp#27;[32mSave bd261e88-7caf-4122-ad98-b1a23eff116a(uuid2193)
сент. 16, 2025 8:21:57 PM webapp.storage.AbstractStorage save
INFO: &amp#27;[32mSave 3b7c9c5f-0638-49b1-b7d1-1ee23257f08e(uuid2194)
сент. 16, 2025 8:21:57 PM webapp.storage.AbstractStorage save
INFO: &amp#27;[32mSave 112dfbf1-a1bd-481d-9e63-1979d5754a00(uuid2195)
сент. 16, 2025 8:21:57 PM webapp.storage.AbstractStorage save
INFO: &amp#27;[32mSave f36961b6-1059-409c-af01-4cc072bf7de5(uuid2196)
сент. 16, 2025 8:21:57 PM webapp.storage.AbstractStorage save
INFO: &amp#27;[32mSave f5a66cd7-1c88-4301-897c-f514a9450393(uuid2197)
сент. 16, 2025 8:21:57 PM webapp.storage.AbstractStorage save
INFO: &amp#27;[32mSave ca59355b-e6e2-4f57-b53c-55d29dc6fac1(uuid2198)
сент. 16, 2025 8:21:57 PM webapp.storage.AbstractStorage save
INFO: &amp#27;[32mSave 906afa1c-063c-41c9-ae99-e1ed637a1991(uuid2199)
сент. 16, 2025 8:21:57 PM webapp.storage.AbstractStorage save
INFO: &amp#27;[32mSave 32ceaeac-5703-4c42-b892-7d62c7d26e61(uuid2200)
сент. 16, 2025 8:21:57 PM webapp.storage.AbstractStorage save
INFO: &amp#27;[32mSave 9f8398a3-5a73-4d24-96bd-82824409396e(uuid2201)
сент. 16, 2025 8:21:57 PM webapp.storage.AbstractStorage save
INFO: &amp#27;[32mSave 15e5a32c-13c2-4f24-89ba-d8ad5c478587(uuid2202)
сент. 16, 2025 8:21:57 PM webapp.storage.AbstractStorage save
INFO: &amp#27;[32mSave 10f552a7-598e-4acc-82b6-ca5abedeeff1(uuid2203)
сент. 16, 2025 8:21:57 PM webapp.storage.AbstractStorage save
INFO: &amp#27;[32mSave f6eaab28-c886-4d12-90ac-d44ce7d044de(uuid2204)
сент. 16, 2025 8:21:57 PM webapp.storage.AbstractStorage save
INFO: &amp#27;[32mSave 73bbac19-2db3-4e0f-a829-4bddc347f8a3(uuid2205)
сент. 16, 2025 8:21:57 PM webapp.storage.AbstractStorage save
INFO: &amp#27;[32mSave 9da74339-ec95-4895-8cf0-c609fa83d4e4(uuid2206)
сент. 16, 2025 8:21:57 PM webapp.storage.AbstractStorage save
INFO: &amp#27;[32mSave 9d7be2e8-27b2-4230-bce7-d6693915d226(uuid2207)
сент. 16, 2025 8:21:57 PM webapp.storage.AbstractStorage save
INFO: &amp#27;[32mSave 1829d29d-7f01-4c09-878b-88be73f75a05(uuid2208)
сент. 16, 2025 8:21:57 PM webapp.storage.AbstractStorage save
INFO: &amp#27;[32mSave 4a2a3b22-1db0-4764-8ccc-bb1ae34e4d20(uuid2209)
сент. 16, 2025 8:21:57 PM webapp.storage.AbstractStorage save
INFO: &amp#27;[32mSave ce478b30-f514-4637-a37e-d3bec89bb8aa(uuid2210)
сент. 16, 2025 8:21:57 PM webapp.storage.AbstractStorage save
INFO: &amp#27;[32mSave 2fadda30-7da0-416e-82fd-93e81d46ca9b(uuid2211)
сент. 16, 2025 8:21:57 PM webapp.storage.AbstractStorage save
INFO: &amp#27;[32mSave 951dff93-db3f-4d6f-a388-f81742ac37a3(uuid2212)
сент. 16, 2025 8:21:57 PM webapp.storage.AbstractStorage save
INFO: &amp#27;[32mSave 1128913d-51c5-4d51-8645-01746a78bb7d(uuid2213)
сент. 16, 2025 8:21:57 PM webapp.storage.AbstractStorage save
INFO: &amp#27;[32mSave 7f4ea6c4-a9d1-46ad-8409-6c009ca1b928(uuid2214)
сент. 16, 2025 8:21:57 PM webapp.storage.AbstractStorage save
INFO: &amp#27;[32mSave c6156a45-04a4-466f-abe7-995e477de0cd(uuid2215)
сент. 16, 2025 8:21:57 PM webapp.storage.AbstractStorage save
INFO: &amp#27;[32mSave 2f43f875-abd2-4f95-a058-6385ba393024(uuid2216)
сент. 16, 2025 8:21:57 PM webapp.storage.AbstractStorage save
INFO: &amp#27;[32mSave ad15d0e0-e6fe-46fb-8e1a-d765a171e7e0(uuid2217)
сент. 16, 2025 8:21:57 PM webapp.storage.AbstractStorage save
INFO: &amp#27;[32mSave 5bf5774e-c730-4af9-ae80-3796a5abf618(uuid2218)
сент. 16, 2025 8:21:57 PM webapp.storage.AbstractStorage save
INFO: &amp#27;[32mSave c25e9245-e4dd-44af-83f9-338af8655b2e(uuid2219)
сент. 16, 2025 8:21:57 PM webapp.storage.AbstractStorage save
INFO: &amp#27;[32mSave f901869f-7a43-4329-9f6a-db45b54cd118(uuid2220)
сент. 16, 2025 8:21:57 PM webapp.storage.AbstractStorage save
INFO: &amp#27;[32mSave 6eaf84f2-4691-4b5b-ab69-ee2e0d74fe04(uuid2221)
сент. 16, 2025 8:21:57 PM webapp.storage.AbstractStorage save
INFO: &amp#27;[32mSave 95d774e0-ef59-46dc-911b-5e21e0898509(uuid2222)
сент. 16, 2025 8:21:57 PM webapp.storage.AbstractStorage save
INFO: &amp#27;[32mSave 7f875993-a89b-4dfc-b614-8989181b200e(uuid2223)
сент. 16, 2025 8:21:57 PM webapp.storage.AbstractStorage save
INFO: &amp#27;[32mSave 3bc03761-d64e-4087-8883-c98f2868dbf3(uuid2224)
сент. 16, 2025 8:21:57 PM webapp.storage.AbstractStorage save
INFO: &amp#27;[32mSave 5af0bcb1-5689-4b67-9d16-a8e90bda1387(uuid2225)
сент. 16, 2025 8:21:57 PM webapp.storage.AbstractStorage save
INFO: &amp#27;[32mSave a1fa841d-e2d4-4d01-a335-3750cdceb60e(uuid2226)
сент. 16, 2025 8:21:57 PM webapp.storage.AbstractStorage save
INFO: &amp#27;[32mSave 563b926a-61ed-43c4-96d7-e3929aad03e7(uuid2227)
сент. 16, 2025 8:21:57 PM webapp.storage.AbstractStorage save
INFO: &amp#27;[32mSave 4bf78bc0-0431-4026-8dc2-4f5d9bd55ce0(uuid2228)
сент. 16, 2025 8:21:57 PM webapp.storage.AbstractStorage save
INFO: &amp#27;[32mSave ec0c2f02-692a-4a06-aa7e-f3ec1818b294(uuid2229)
сент. 16, 2025 8:21:57 PM webapp.storage.AbstractStorage save
INFO: &amp#27;[32mSave e05b7b59-4b4f-4f5e-a0dd-aba6b418a6b7(uuid2230)
сент. 16, 2025 8:21:57 PM webapp.storage.AbstractStorage save
INFO: &amp#27;[32mSave 6cb7f8e8-6d91-4eee-9260-039196ded0b0(uuid2231)
сент. 16, 2025 8:21:57 PM webapp.storage.AbstractStorage save
INFO: &amp#27;[32mSave d83fe62c-0e77-471c-9155-82fddbda0c07(uuid2232)
сент. 16, 2025 8:21:57 PM webapp.storage.AbstractStorage save
INFO: &amp#27;[32mSave 318592ef-62cd-4588-b241-09338a6b1dfd(uuid2233)
сент. 16, 2025 8:21:57 PM webapp.storage.AbstractStorage save
INFO: &amp#27;[32mSave 6fe327f5-1fee-46f9-8817-cbebfdf22276(uuid2234)
сент. 16, 2025 8:21:57 PM webapp.storage.AbstractStorage save
INFO: &amp#27;[32mSave b2479c25-7502-4139-9544-5991e176d51c(uuid2235)
сент. 16, 2025 8:21:57 PM webapp.storage.AbstractStorage save
INFO: &amp#27;[32mSave 62e49f26-371f-409a-a603-4b2b212436de(uuid2236)
сент. 16, 2025 8:21:57 PM webapp.storage.AbstractStorage save
INFO: &amp#27;[32mSave a3e1f7ae-6b12-487d-9e92-1b218fb0d752(uuid2237)
сент. 16, 2025 8:21:57 PM webapp.storage.AbstractStorage save
INFO: &amp#27;[32mSave f53ae423-c257-42ce-ad07-4ccd529823c8(uuid2238)
сент. 16, 2025 8:21:57 PM webapp.storage.AbstractStorage save
INFO: &amp#27;[32mSave 1076bd84-a707-4a82-b31a-a9711a45574b(uuid2239)
сент. 16, 2025 8:21:57 PM webapp.storage.AbstractStorage save
INFO: &amp#27;[32mSave 2696308b-376d-43c5-bd2d-ab0702639aaf(uuid2240)
сент. 16, 2025 8:21:57 PM webapp.storage.AbstractStorage save
INFO: &amp#27;[32mSave 18d9525c-a9e2-47c0-8f0a-bbab2a90a8a0(uuid2241)
сент. 16, 2025 8:21:57 PM webapp.storage.AbstractStorage save
INFO: &amp#27;[32mSave 1ea1b2be-c770-4547-93c5-43409175914a(uuid2242)
сент. 16, 2025 8:21:57 PM webapp.storage.AbstractStorage save
INFO: &amp#27;[32mSave d0803f88-3c18-40b5-b255-e2570ed4f7fc(uuid2243)
сент. 16, 2025 8:21:57 PM webapp.storage.AbstractStorage save
INFO: &amp#27;[32mSave 25d2e382-e8ed-42de-a079-a1c81de6d7e4(uuid2244)
сент. 16, 2025 8:21:57 PM webapp.storage.AbstractStorage save
INFO: &amp#27;[32mSave d72b47a3-0118-4f54-b91a-7ffe23cef70d(uuid2245)
сент. 16, 2025 8:21:57 PM webapp.storage.AbstractStorage save
INFO: &amp#27;[32mSave dd100bae-5f61-4495-bcb2-54bcff79f366(uuid2246)
сент. 16, 2025 8:21:57 PM webapp.storage.AbstractStorage save
INFO: &amp#27;[32mSave f43d50e4-a525-4a2b-b4e0-5908cc42af71(uuid2247)
сент. 16, 2025 8:21:57 PM webapp.storage.AbstractStorage save
INFO: &amp#27;[32mSave 330de502-43a4-46e8-a4cb-d2e07346e5a9(uuid2248)
сент. 16, 2025 8:21:57 PM webapp.storage.AbstractStorage save
INFO: &amp#27;[32mSave 61da9dc3-4337-45a2-ab13-f54db3b9a1cb(uuid2249)
сент. 16, 2025 8:21:57 PM webapp.storage.AbstractStorage save
INFO: &amp#27;[32mSave 5be43607-43a0-4065-b55e-79973b0fad04(uuid2250)
сент. 16, 2025 8:21:57 PM webapp.storage.AbstractStorage save
INFO: &amp#27;[32mSave 7e560f03-b2e0-4526-8b53-af35dabece9d(uuid2251)
сент. 16, 2025 8:21:57 PM webapp.storage.AbstractStorage save
INFO: &amp#27;[32mSave 381f8be5-877e-49ac-a6c1-bfd4fd7e6f7b(uuid2252)
сент. 16, 2025 8:21:57 PM webapp.storage.AbstractStorage save
INFO: &amp#27;[32mSave ca8fc7de-941e-4f73-8c65-81ec70cb621d(uuid2253)
сент. 16, 2025 8:21:57 PM webapp.storage.AbstractStorage save
INFO: &amp#27;[32mSave 710aa835-ae06-4f88-b0c1-49d19400ff60(uuid2254)
сент. 16, 2025 8:21:57 PM webapp.storage.AbstractStorage save
INFO: &amp#27;[32mSave d84378fb-f570-4aab-a675-1a3d1520854d(uuid2255)
сент. 16, 2025 8:21:57 PM webapp.storage.AbstractStorage save
INFO: &amp#27;[32mSave 08d4f135-60b5-4f31-9b3f-a0f00a85f1b3(uuid2256)
сент. 16, 2025 8:21:57 PM webapp.storage.AbstractStorage save
INFO: &amp#27;[32mSave 4086cff0-179b-49be-9ffb-f50d0dccea5d(uuid2257)
сент. 16, 2025 8:21:57 PM webapp.storage.AbstractStorage save
INFO: &amp#27;[32mSave 02f53d8f-d7a9-4ba0-96b3-35b4e0932f39(uuid2258)
сент. 16, 2025 8:21:57 PM webapp.storage.AbstractStorage save
INFO: &amp#27;[32mSave a5873939-925f-4824-884f-38061d0d941c(uuid2259)
сент. 16, 2025 8:21:57 PM webapp.storage.AbstractStorage save
INFO: &amp#27;[32mSave 5068ebbb-458a-4165-82bb-04fc3e2517d3(uuid2260)
сент. 16, 2025 8:21:57 PM webapp.storage.AbstractStorage save
INFO: &amp#27;[32mSave fce25d2b-f487-471b-9b9d-8ea3abeba6f1(uuid2261)
сент. 16, 2025 8:21:57 PM webapp.storage.AbstractStorage save
INFO: &amp#27;[32mSave 781d84d2-7dc9-4c2f-87ac-38c86255eabc(uuid2262)
сент. 16, 2025 8:21:57 PM webapp.storage.AbstractStorage save
INFO: &amp#27;[32mSave b8e898ec-58b3-40fc-980e-d4dda02271f4(uuid2263)
сент. 16, 2025 8:21:57 PM webapp.storage.AbstractStorage save
INFO: &amp#27;[32mSave 0938d65d-f159-40b1-8897-337cbbb310a7(uuid2264)
сент. 16, 2025 8:21:57 PM webapp.storage.AbstractStorage save
INFO: &amp#27;[32mSave 59b7cb61-4508-4fc4-9588-06e7fe8a1e7c(uuid2265)
сент. 16, 2025 8:21:57 PM webapp.storage.AbstractStorage save
INFO: &amp#27;[32mSave 7bf35d09-6d08-4355-b63d-e45bc2291da9(uuid2266)
сент. 16, 2025 8:21:57 PM webapp.storage.AbstractStorage save
INFO: &amp#27;[32mSave dc343703-c5f6-4481-a2a3-23c52873a83d(uuid2267)
сент. 16, 2025 8:21:57 PM webapp.storage.AbstractStorage save
INFO: &amp#27;[32mSave fbd30dde-395a-4e2e-a5f7-6c000a50b8ba(uuid2268)
сент. 16, 2025 8:21:57 PM webapp.storage.AbstractStorage save
INFO: &amp#27;[32mSave 0d5bfd07-a206-4850-ae92-dc956440a616(uuid2269)
сент. 16, 2025 8:21:57 PM webapp.storage.AbstractStorage save
INFO: &amp#27;[32mSave 6a46f3a1-5c91-447e-becd-98898e11dbac(uuid2270)
сент. 16, 2025 8:21:57 PM webapp.storage.AbstractStorage save
INFO: &amp#27;[32mSave ad97b578-e09e-4e17-9e86-bb25ce336bef(uuid2271)
сент. 16, 2025 8:21:57 PM webapp.storage.AbstractStorage save
INFO: &amp#27;[32mSave c27ae0db-4372-4401-8ccf-47021f785f6d(uuid2272)
сент. 16, 2025 8:21:57 PM webapp.storage.AbstractStorage save
INFO: &amp#27;[32mSave 0a98dac1-703a-4724-b4dd-f03d43fdae73(uuid2273)
сент. 16, 2025 8:21:57 PM webapp.storage.AbstractStorage save
INFO: &amp#27;[32mSave 46e84006-4f90-4242-9f18-8cb7f5be6d88(uuid2274)
сент. 16, 2025 8:21:57 PM webapp.storage.AbstractStorage save
INFO: &amp#27;[32mSave ea1391e7-e17f-4341-b0cd-d6386f0af5fe(uuid2275)
сент. 16, 2025 8:21:57 PM webapp.storage.AbstractStorage save
INFO: &amp#27;[32mSave e74be577-04d9-43d0-a12a-4cdd460726e7(uuid2276)
сент. 16, 2025 8:21:57 PM webapp.storage.AbstractStorage save
INFO: &amp#27;[32mSave 7f8c8df3-fd9c-42f7-8e95-67a3565bca50(uuid2277)
сент. 16, 2025 8:21:57 PM webapp.storage.AbstractStorage save
INFO: &amp#27;[32mSave 8b3e1539-a78d-47d3-9c0e-318f9336bf19(uuid2278)
сент. 16, 2025 8:21:57 PM webapp.storage.AbstractStorage save
INFO: &amp#27;[32mSave f934d277-62e2-471a-9a37-45024490b6a3(uuid2279)
сент. 16, 2025 8:21:57 PM webapp.storage.AbstractStorage save
INFO: &amp#27;[32mSave f5046f44-abfb-42a0-bb16-6aff6b59115b(uuid2280)
сент. 16, 2025 8:21:57 PM webapp.storage.AbstractStorage save
INFO: &amp#27;[32mSave 9171e359-22d4-44b0-a805-f85ecca3871a(uuid2281)
сент. 16, 2025 8:21:57 PM webapp.storage.AbstractStorage save
INFO: &amp#27;[32mSave d81714bb-ec53-4d02-bca4-4677a967de43(uuid2282)
сент. 16, 2025 8:21:57 PM webapp.storage.AbstractStorage save
INFO: &amp#27;[32mSave 6b70197d-ba40-49cd-8a9d-8efc85ca1885(uuid2283)
сент. 16, 2025 8:21:57 PM webapp.storage.AbstractStorage save
INFO: &amp#27;[32mSave 87ddde4a-3fa9-4f83-99a4-b4f0860877dc(uuid2284)
сент. 16, 2025 8:21:57 PM webapp.storage.AbstractStorage save
INFO: &amp#27;[32mSave 02656be6-5376-4e9f-b921-595fe1014cab(uuid2285)
сент. 16, 2025 8:21:57 PM webapp.storage.AbstractStorage save
INFO: &amp#27;[32mSave 09734059-842c-4185-b651-982048f650a0(uuid2286)
сент. 16, 2025 8:21:57 PM webapp.storage.AbstractStorage save
INFO: &amp#27;[32mSave 0fbba769-2d91-4eb8-8dea-16468b334f9e(uuid2287)
сент. 16, 2025 8:21:57 PM webapp.storage.AbstractStorage save
INFO: &amp#27;[32mSave 84ac6d17-ee6b-449b-9a44-a10251e0d6d6(uuid2288)
сент. 16, 2025 8:21:57 PM webapp.storage.AbstractStorage save
INFO: &amp#27;[32mSave 8f9d1a15-0a82-4cb4-9308-0c1679a9c45d(uuid2289)
сент. 16, 2025 8:21:57 PM webapp.storage.AbstractStorage save
INFO: &amp#27;[32mSave 3100e91f-9167-417d-87c8-cc3d119cb668(uuid2290)
сент. 16, 2025 8:21:57 PM webapp.storage.AbstractStorage save
INFO: &amp#27;[32mSave 5215430a-e75f-4188-9e3c-3f81a0344cbe(uuid2291)
сент. 16, 2025 8:21:57 PM webapp.storage.AbstractStorage save
INFO: &amp#27;[32mSave 2af12d87-df00-472f-a874-d387dec2cefc(uuid2292)
сент. 16, 2025 8:21:57 PM webapp.storage.AbstractStorage save
INFO: &amp#27;[32mSave 439e9494-220f-40eb-9847-dcdbbc0d7a44(uuid2293)
сент. 16, 2025 8:21:57 PM webapp.storage.AbstractStorage save
INFO: &amp#27;[32mSave 74c538fd-da6a-424c-a60c-ff4b637edf7b(uuid2294)
сент. 16, 2025 8:21:57 PM webapp.storage.AbstractStorage save
INFO: &amp#27;[32mSave 4386d696-18c2-476e-9596-41742cb9dbc8(uuid2295)
сент. 16, 2025 8:21:57 PM webapp.storage.AbstractStorage save
INFO: &amp#27;[32mSave 57873951-764e-492c-9436-e4deebfc648b(uuid2296)
сент. 16, 2025 8:21:57 PM webapp.storage.AbstractStorage save
INFO: &amp#27;[32mSave 772ede8d-accb-4421-b355-5ba3497d41ce(uuid2297)
сент. 16, 2025 8:21:57 PM webapp.storage.AbstractStorage save
INFO: &amp#27;[32mSave cfeea92b-b7cc-4ca5-b1ce-5c9fb2d9ffdd(uuid2298)
сент. 16, 2025 8:21:57 PM webapp.storage.AbstractStorage save
INFO: &amp#27;[32mSave 66dd07db-2c8c-4aa1-a3f4-45220148d740(uuid2299)
сент. 16, 2025 8:21:57 PM webapp.storage.AbstractStorage save
INFO: &amp#27;[32mSave 5e56e495-c4b0-46f0-a486-afc8f558f3bc(uuid2300)
сент. 16, 2025 8:21:57 PM webapp.storage.AbstractStorage save
INFO: &amp#27;[32mSave 479b4dac-0588-4798-92bf-ba45ed9dda0b(uuid2301)
сент. 16, 2025 8:21:57 PM webapp.storage.AbstractStorage save
INFO: &amp#27;[32mSave a668a02a-e9c3-4eb5-9f10-4a9db9e905d3(uuid2302)
сент. 16, 2025 8:21:57 PM webapp.storage.AbstractStorage save
INFO: &amp#27;[32mSave 336fdc40-fe19-465c-80b5-3ec537178097(uuid2303)
сент. 16, 2025 8:21:57 PM webapp.storage.AbstractStorage save
INFO: &amp#27;[32mSave c11ff909-69cc-4e8b-b2ae-d523969434d3(uuid2304)
сент. 16, 2025 8:21:57 PM webapp.storage.AbstractStorage save
INFO: &amp#27;[32mSave 6d9282f8-1b80-4a41-bdb3-2c66e204e935(uuid2305)
сент. 16, 2025 8:21:57 PM webapp.storage.AbstractStorage save
INFO: &amp#27;[32mSave 6561f542-e404-4cb6-a0ae-a8abdb925145(uuid2306)
сент. 16, 2025 8:21:57 PM webapp.storage.AbstractStorage save
INFO: &amp#27;[32mSave 163e1cc7-2415-45ec-9ab1-d3f61d9be3ba(uuid2307)
сент. 16, 2025 8:21:57 PM webapp.storage.AbstractStorage save
INFO: &amp#27;[32mSave 0e4edd0e-b294-4df5-8485-897b86c3e5e0(uuid2308)
сент. 16, 2025 8:21:57 PM webapp.storage.AbstractStorage save
INFO: &amp#27;[32mSave 8575270c-15e9-468d-b3c5-dda7a96a27b4(uuid2309)
сент. 16, 2025 8:21:57 PM webapp.storage.AbstractStorage save
INFO: &amp#27;[32mSave 79e8d5f5-f77a-4698-b682-a67d2d39e896(uuid2310)
сент. 16, 2025 8:21:57 PM webapp.storage.AbstractStorage save
INFO: &amp#27;[32mSave a3cc9733-adc4-4805-bfd9-56171c9b69ca(uuid2311)
сент. 16, 2025 8:21:57 PM webapp.storage.AbstractStorage save
INFO: &amp#27;[32mSave 8bb47871-a737-4a02-ac74-7009f0fd2850(uuid2312)
сент. 16, 2025 8:21:57 PM webapp.storage.AbstractStorage save
INFO: &amp#27;[32mSave d08288c0-a567-4b2e-844c-0a5f2c153364(uuid2313)
сент. 16, 2025 8:21:57 PM webapp.storage.AbstractStorage save
INFO: &amp#27;[32mSave 7106de61-e091-4914-9d5a-67c54e029c88(uuid2314)
сент. 16, 2025 8:21:57 PM webapp.storage.AbstractStorage save
INFO: &amp#27;[32mSave a4086fde-1890-4cb3-9a55-60b7947b3617(uuid2315)
сент. 16, 2025 8:21:57 PM webapp.storage.AbstractStorage save
INFO: &amp#27;[32mSave f27f6078-bf4b-4a1f-9b99-5dd187b8900f(uuid2316)
сент. 16, 2025 8:21:57 PM webapp.storage.AbstractStorage save
INFO: &amp#27;[32mSave b3a7709e-fd86-408b-8c53-2f7fd7f55536(uuid2317)
сент. 16, 2025 8:21:57 PM webapp.storage.AbstractStorage save
INFO: &amp#27;[32mSave 670740b0-6179-4bd5-bea3-3b368d191a30(uuid2318)
сент. 16, 2025 8:21:57 PM webapp.storage.AbstractStorage save
INFO: &amp#27;[32mSave 34ba4960-2653-4e86-a245-a10c3c682048(uuid2319)
сент. 16, 2025 8:21:57 PM webapp.storage.AbstractStorage save
INFO: &amp#27;[32mSave c6ee83f6-95db-41f5-8bfc-eb7f9f3c5e51(uuid2320)
сент. 16, 2025 8:21:57 PM webapp.storage.AbstractStorage save
INFO: &amp#27;[32mSave f95c4a49-b5eb-4166-9a34-ca4c7a2fbb9a(uuid2321)
сент. 16, 2025 8:21:57 PM webapp.storage.AbstractStorage save
INFO: &amp#27;[32mSave cb6e93c9-15e0-402e-8677-0d32d87e24fa(uuid2322)
сент. 16, 2025 8:21:57 PM webapp.storage.AbstractStorage save
INFO: &amp#27;[32mSave 9f385a14-87dd-45ac-b86a-e838626a9210(uuid2323)
сент. 16, 2025 8:21:57 PM webapp.storage.AbstractStorage save
INFO: &amp#27;[32mSave 72cdec78-d059-4078-933c-4e700da74097(uuid2324)
сент. 16, 2025 8:21:57 PM webapp.storage.AbstractStorage save
INFO: &amp#27;[32mSave 93fb69e8-27b2-462c-be6c-0f6a9a6ae2bd(uuid2325)
сент. 16, 2025 8:21:57 PM webapp.storage.AbstractStorage save
INFO: &amp#27;[32mSave d0daf0c2-69dd-4e0c-b5f2-2447cba43f70(uuid2326)
сент. 16, 2025 8:21:57 PM webapp.storage.AbstractStorage save
INFO: &amp#27;[32mSave 32f151b7-a574-458d-8589-67337a6a785f(uuid2327)
сент. 16, 2025 8:21:57 PM webapp.storage.AbstractStorage save
INFO: &amp#27;[32mSave 9ac1c73e-7fa7-4bee-a0bc-3bfb246f7012(uuid2328)
сент. 16, 2025 8:21:57 PM webapp.storage.AbstractStorage save
INFO: &amp#27;[32mSave 177cbacb-2343-47c6-925f-61944ca7839c(uuid2329)
сент. 16, 2025 8:21:57 PM webapp.storage.AbstractStorage save
INFO: &amp#27;[32mSave 178869ff-ba75-4866-a57c-1efcb17988ca(uuid2330)
сент. 16, 2025 8:21:57 PM webapp.storage.AbstractStorage save
INFO: &amp#27;[32mSave 8da13965-d6af-43e9-a9ca-20fa7736b9fe(uuid2331)
сент. 16, 2025 8:21:57 PM webapp.storage.AbstractStorage save
INFO: &amp#27;[32mSave 13f6e30f-3514-47fe-8dd1-4d69441951c8(uuid2332)
сент. 16, 2025 8:21:57 PM webapp.storage.AbstractStorage save
INFO: &amp#27;[32mSave e44a1934-c7f3-4812-b68e-1380f6b37d1f(uuid2333)
сент. 16, 2025 8:21:57 PM webapp.storage.AbstractStorage save
INFO: &amp#27;[32mSave a150adfd-7272-4ae4-847d-c62850be2117(uuid2334)
сент. 16, 2025 8:21:57 PM webapp.storage.AbstractStorage save
INFO: &amp#27;[32mSave 3cb94d0b-744e-49fd-8453-068ae8172968(uuid2335)
сент. 16, 2025 8:21:57 PM webapp.storage.AbstractStorage save
INFO: &amp#27;[32mSave bf766463-6f20-49b1-8c0b-200294082a7b(uuid2336)
сент. 16, 2025 8:21:57 PM webapp.storage.AbstractStorage save
INFO: &amp#27;[32mSave f7262618-0f3b-4cf0-992e-cfb2ebb06350(uuid2337)
сент. 16, 2025 8:21:57 PM webapp.storage.AbstractStorage save
INFO: &amp#27;[32mSave a67529b6-aff1-4fcc-b99d-fe0a66e959b2(uuid2338)
сент. 16, 2025 8:21:57 PM webapp.storage.AbstractStorage save
INFO: &amp#27;[32mSave fd8947ea-5452-4cd5-9a87-119115ad1f6e(uuid2339)
сент. 16, 2025 8:21:57 PM webapp.storage.AbstractStorage save
INFO: &amp#27;[32mSave f792542e-a013-42dc-83b1-c5be3f1004c3(uuid2340)
сент. 16, 2025 8:21:57 PM webapp.storage.AbstractStorage save
INFO: &amp#27;[32mSave 6c722544-d607-451a-b215-2e63e450c19f(uuid2341)
сент. 16, 2025 8:21:57 PM webapp.storage.AbstractStorage save
INFO: &amp#27;[32mSave 1234cc4b-a726-4fa7-9317-a51f028f3e22(uuid2342)
сент. 16, 2025 8:21:57 PM webapp.storage.AbstractStorage save
INFO: &amp#27;[32mSave edb9bacf-ddd6-439c-8261-2133a8a7ba2b(uuid2343)
сент. 16, 2025 8:21:57 PM webapp.storage.AbstractStorage save
INFO: &amp#27;[32mSave 9db8f8ed-e898-47e6-891c-9d03163d6364(uuid2344)
сент. 16, 2025 8:21:57 PM webapp.storage.AbstractStorage save
INFO: &amp#27;[32mSave 8dec1d51-24b8-45a4-b65a-2ba06b1c7871(uuid2345)
сент. 16, 2025 8:21:57 PM webapp.storage.AbstractStorage save
INFO: &amp#27;[32mSave da04a267-7eba-4f6d-bb4f-33e19d19dba8(uuid2346)
сент. 16, 2025 8:21:57 PM webapp.storage.AbstractStorage save
INFO: &amp#27;[32mSave 9b80964b-9c0b-447e-8824-c198ec03f91e(uuid2347)
сент. 16, 2025 8:21:57 PM webapp.storage.AbstractStorage save
INFO: &amp#27;[32mSave 79427247-3012-419d-8c58-a513bf516d7b(uuid2348)
сент. 16, 2025 8:21:57 PM webapp.storage.AbstractStorage save
INFO: &amp#27;[32mSave 0dc6454a-4746-48c6-af9c-598bfb4e4a9b(uuid2349)
сент. 16, 2025 8:21:57 PM webapp.storage.AbstractStorage save
INFO: &amp#27;[32mSave 5b523513-58f6-48a9-b1d0-121502df91cc(uuid2350)
сент. 16, 2025 8:21:57 PM webapp.storage.AbstractStorage save
INFO: &amp#27;[32mSave 0c3da385-d256-4a97-8223-6c3992ca9d9b(uuid2351)
сент. 16, 2025 8:21:57 PM webapp.storage.AbstractStorage save
INFO: &amp#27;[32mSave 5df1d981-bd97-407a-b0e5-d97864cab52e(uuid2352)
сент. 16, 2025 8:21:57 PM webapp.storage.AbstractStorage save
INFO: &amp#27;[32mSave 1ca2ecc0-90e7-458f-8c07-71f31a817129(uuid2353)
сент. 16, 2025 8:21:57 PM webapp.storage.AbstractStorage save
INFO: &amp#27;[32mSave 4ee94edb-21dd-41bb-9fa5-f7f5f447473e(uuid2354)
сент. 16, 2025 8:21:57 PM webapp.storage.AbstractStorage save
INFO: &amp#27;[32mSave b3e19b60-10b3-452b-88ac-5aac1d9bedbf(uuid2355)
сент. 16, 2025 8:21:57 PM webapp.storage.AbstractStorage save
INFO: &amp#27;[32mSave da4b5657-7b39-4855-b527-5b9cc827c818(uuid2356)
сент. 16, 2025 8:21:57 PM webapp.storage.AbstractStorage save
INFO: &amp#27;[32mSave 05265377-b3c1-4810-9a06-032e4484c2d1(uuid2357)
сент. 16, 2025 8:21:57 PM webapp.storage.AbstractStorage save
INFO: &amp#27;[32mSave 360abeed-3e60-4e10-97ce-c355d52ff103(uuid2358)
сент. 16, 2025 8:21:57 PM webapp.storage.AbstractStorage save
INFO: &amp#27;[32mSave 8f7961df-e2ae-4574-8220-c0a2ca305e1c(uuid2359)
сент. 16, 2025 8:21:57 PM webapp.storage.AbstractStorage save
INFO: &amp#27;[32mSave bdca7723-6bb9-4aca-8244-d87600a75fae(uuid2360)
сент. 16, 2025 8:21:57 PM webapp.storage.AbstractStorage save
INFO: &amp#27;[32mSave ce358cad-d8f3-4fde-bd96-be1ce3d2f009(uuid2361)
сент. 16, 2025 8:21:57 PM webapp.storage.AbstractStorage save
INFO: &amp#27;[32mSave fd3b33ba-58a8-4f9f-a6a0-95ac3b292df8(uuid2362)
сент. 16, 2025 8:21:57 PM webapp.storage.AbstractStorage save
INFO: &amp#27;[32mSave e7d486c0-384c-49f0-9afa-976da73626d1(uuid2363)
сент. 16, 2025 8:21:57 PM webapp.storage.AbstractStorage save
INFO: &amp#27;[32mSave 2746871e-d795-44ea-85ec-e7d539bbd8ff(uuid2364)
сент. 16, 2025 8:21:57 PM webapp.storage.AbstractStorage save
INFO: &amp#27;[32mSave 2c0c4ff6-576b-4d4a-9f65-3f58c682f237(uuid2365)
сент. 16, 2025 8:21:57 PM webapp.storage.AbstractStorage save
INFO: &amp#27;[32mSave 1e85f6b1-0ef7-4c03-8b58-ad14983f87f9(uuid2366)
сент. 16, 2025 8:21:57 PM webapp.storage.AbstractStorage save
INFO: &amp#27;[32mSave e577bf62-5b7e-446d-b23a-fbc1c1a2dac3(uuid2367)
сент. 16, 2025 8:21:57 PM webapp.storage.AbstractStorage save
INFO: &amp#27;[32mSave 944b782a-970e-41d0-918c-5b949e6c76e3(uuid2368)
сент. 16, 2025 8:21:57 PM webapp.storage.AbstractStorage save
INFO: &amp#27;[32mSave 710a1ac6-bdda-4c7c-ae9c-68357b460ea2(uuid2369)
сент. 16, 2025 8:21:57 PM webapp.storage.AbstractStorage save
INFO: &amp#27;[32mSave 4c7b92fa-d676-41c1-8ce5-cdbdfa45be12(uuid2370)
сент. 16, 2025 8:21:57 PM webapp.storage.AbstractStorage save
INFO: &amp#27;[32mSave 2566ed22-6cec-467d-a31d-fa6585f5ba21(uuid2371)
сент. 16, 2025 8:21:57 PM webapp.storage.AbstractStorage save
INFO: &amp#27;[32mSave 7aeb3cf0-8336-4929-98c7-b680e51b5442(uuid2372)
сент. 16, 2025 8:21:57 PM webapp.storage.AbstractStorage save
INFO: &amp#27;[32mSave 6f4e79cb-973b-46d5-a91c-4e832bbc6aef(uuid2373)
сент. 16, 2025 8:21:57 PM webapp.storage.AbstractStorage save
INFO: &amp#27;[32mSave b34325ae-6d81-4f11-b4c8-3a2333065425(uuid2374)
сент. 16, 2025 8:21:57 PM webapp.storage.AbstractStorage save
INFO: &amp#27;[32mSave 63d74b9d-3568-4657-b834-d0990f39458f(uuid2375)
сент. 16, 2025 8:21:57 PM webapp.storage.AbstractStorage save
INFO: &amp#27;[32mSave 7a773ea4-48a1-4d81-831d-17d6998ce143(uuid2376)
сент. 16, 2025 8:21:57 PM webapp.storage.AbstractStorage save
INFO: &amp#27;[32mSave b5ce4d4e-4936-4e18-8cb9-749aeb7452e2(uuid2377)
сент. 16, 2025 8:21:57 PM webapp.storage.AbstractStorage save
INFO: &amp#27;[32mSave 4ef48e8b-9221-4901-8d15-0814bd7f11bf(uuid2378)
сент. 16, 2025 8:21:57 PM webapp.storage.AbstractStorage save
INFO: &amp#27;[32mSave 0a4abe14-fb75-496a-9294-ccecfe63cf13(uuid2379)
сент. 16, 2025 8:21:57 PM webapp.storage.AbstractStorage save
INFO: &amp#27;[32mSave d0dd8851-3f6a-41b9-b9d3-0a233f4fd8f2(uuid2380)
сент. 16, 2025 8:21:57 PM webapp.storage.AbstractStorage save
INFO: &amp#27;[32mSave b8e94f38-e32f-4b2c-9e3b-928f0b80ff75(uuid2381)
сент. 16, 2025 8:21:57 PM webapp.storage.AbstractStorage save
INFO: &amp#27;[32mSave 5de7ee4d-0d1d-4a2a-926a-b0daedb77071(uuid2382)
сент. 16, 2025 8:21:57 PM webapp.storage.AbstractStorage save
INFO: &amp#27;[32mSave 75384479-da44-49e7-85ae-f0d1708a926c(uuid2383)
сент. 16, 2025 8:21:57 PM webapp.storage.AbstractStorage save
INFO: &amp#27;[32mSave c4cd5682-84c6-4a3a-bf4b-8b8b4abc37fc(uuid2384)
сент. 16, 2025 8:21:57 PM webapp.storage.AbstractStorage save
INFO: &amp#27;[32mSave 6222335c-ae5b-4a34-906d-b97448d3f930(uuid2385)
сент. 16, 2025 8:21:57 PM webapp.storage.AbstractStorage save
INFO: &amp#27;[32mSave 7c8937a6-d5d3-4669-ba43-457457e8be5e(uuid2386)
сент. 16, 2025 8:21:57 PM webapp.storage.AbstractStorage save
INFO: &amp#27;[32mSave 831af73f-62a8-4ba2-b012-b2df8f8a9eee(uuid2387)
сент. 16, 2025 8:21:57 PM webapp.storage.AbstractStorage save
INFO: &amp#27;[32mSave 282db05b-2196-4399-bc4c-7184886cf11a(uuid2388)
сент. 16, 2025 8:21:57 PM webapp.storage.AbstractStorage save
INFO: &amp#27;[32mSave f668db04-d1af-48a5-ad62-7c5d24228919(uuid2389)
сент. 16, 2025 8:21:57 PM webapp.storage.AbstractStorage save
INFO: &amp#27;[32mSave cd11d0f6-5229-44c8-9fde-ae430076d571(uuid2390)
сент. 16, 2025 8:21:57 PM webapp.storage.AbstractStorage save
INFO: &amp#27;[32mSave 0cba0613-9176-4e2d-806e-c17b9eb25031(uuid2391)
сент. 16, 2025 8:21:57 PM webapp.storage.AbstractStorage save
INFO: &amp#27;[32mSave eff5688e-a717-48e7-955b-c47afcef59cc(uuid2392)
сент. 16, 2025 8:21:57 PM webapp.storage.AbstractStorage save
INFO: &amp#27;[32mSave cfb0240c-0d29-4bde-8989-41784bdef98a(uuid2393)
сент. 16, 2025 8:21:57 PM webapp.storage.AbstractStorage save
INFO: &amp#27;[32mSave eb2cbee2-c242-4584-9253-26e3412b2b90(uuid2394)
сент. 16, 2025 8:21:57 PM webapp.storage.AbstractStorage save
INFO: &amp#27;[32mSave 22dd4d6c-42e1-4236-9525-9087e05693b9(uuid2395)
сент. 16, 2025 8:21:57 PM webapp.storage.AbstractStorage save
INFO: &amp#27;[32mSave 41e8bceb-e55d-4fc9-8d04-68ed5a2085ed(uuid2396)
сент. 16, 2025 8:21:57 PM webapp.storage.AbstractStorage save
INFO: &amp#27;[32mSave 2abef849-ccda-4866-88f8-578931dd19d0(uuid2397)
сент. 16, 2025 8:21:57 PM webapp.storage.AbstractStorage save
INFO: &amp#27;[32mSave 5e5369e7-28d7-4abb-b5da-cbeacdb29040(uuid2398)
сент. 16, 2025 8:21:57 PM webapp.storage.AbstractStorage save
INFO: &amp#27;[32mSave aef53858-46c5-495e-bc45-9c531f008899(uuid2399)
сент. 16, 2025 8:21:57 PM webapp.storage.AbstractStorage save
INFO: &amp#27;[32mSave ecccb4cf-43b6-41fd-8874-04802f642f02(uuid2400)
сент. 16, 2025 8:21:57 PM webapp.storage.AbstractStorage save
INFO: &amp#27;[32mSave af6355d4-9b5d-41d9-a2a2-93afda9c1564(uuid2401)
сент. 16, 2025 8:21:57 PM webapp.storage.AbstractStorage save
INFO: &amp#27;[32mSave b55467c1-e44f-4d0f-b8ff-3ece23bea9cd(uuid2402)
сент. 16, 2025 8:21:57 PM webapp.storage.AbstractStorage save
INFO: &amp#27;[32mSave e45d8871-315c-45a6-b3af-09fe299aa492(uuid2403)
сент. 16, 2025 8:21:57 PM webapp.storage.AbstractStorage save
INFO: &amp#27;[32mSave 61cba91f-e448-468a-afa0-91c5d019b0d9(uuid2404)
сент. 16, 2025 8:21:57 PM webapp.storage.AbstractStorage save
INFO: &amp#27;[32mSave a24cf577-02be-40e0-a501-cd0dda8d12c7(uuid2405)
сент. 16, 2025 8:21:57 PM webapp.storage.AbstractStorage save
INFO: &amp#27;[32mSave 0bde5797-3cdf-454c-98a5-b3eb9b640042(uuid2406)
сент. 16, 2025 8:21:57 PM webapp.storage.AbstractStorage save
INFO: &amp#27;[32mSave 7fe6dab9-f3ae-4d1c-9a17-d78a4f182d62(uuid2407)
сент. 16, 2025 8:21:57 PM webapp.storage.AbstractStorage save
INFO: &amp#27;[32mSave 95eba761-ac98-4124-9e55-d1a9e8e2b589(uuid2408)
сент. 16, 2025 8:21:57 PM webapp.storage.AbstractStorage save
INFO: &amp#27;[32mSave 37c42922-d5aa-4cda-85d8-202dcf6a167c(uuid2409)
сент. 16, 2025 8:21:57 PM webapp.storage.AbstractStorage save
INFO: &amp#27;[32mSave e1218124-66db-4b45-822f-0b6857143459(uuid2410)
сент. 16, 2025 8:21:57 PM webapp.storage.AbstractStorage save
INFO: &amp#27;[32mSave 51cfbaf5-d52f-45b6-823e-e63b6a014f99(uuid2411)
сент. 16, 2025 8:21:57 PM webapp.storage.AbstractStorage save
INFO: &amp#27;[32mSave ddd79cd0-8e29-4fb8-bae0-1ae28fa0006d(uuid2412)
сент. 16, 2025 8:21:57 PM webapp.storage.AbstractStorage save
INFO: &amp#27;[32mSave bcafd03e-df04-462f-bd6b-7d4ce5c3fe1a(uuid2413)
сент. 16, 2025 8:21:57 PM webapp.storage.AbstractStorage save
INFO: &amp#27;[32mSave 512e0672-d4a1-46ee-b023-d9101dc1300b(uuid2414)
сент. 16, 2025 8:21:57 PM webapp.storage.AbstractStorage save
INFO: &amp#27;[32mSave 4ad86dda-aae4-48d3-92a9-34474a8a2a50(uuid2415)
сент. 16, 2025 8:21:57 PM webapp.storage.AbstractStorage save
INFO: &amp#27;[32mSave feb01651-1f64-4245-b209-ac695265a2b7(uuid2416)
сент. 16, 2025 8:21:57 PM webapp.storage.AbstractStorage save
INFO: &amp#27;[32mSave 704ccbcc-d9bc-489f-bec1-48dad5c63933(uuid2417)
сент. 16, 2025 8:21:57 PM webapp.storage.AbstractStorage save
INFO: &amp#27;[32mSave d0446a48-cdf6-4116-8620-9f7835406e4b(uuid2418)
сент. 16, 2025 8:21:57 PM webapp.storage.AbstractStorage save
INFO: &amp#27;[32mSave d80b8237-133e-410e-bb7a-79cf0ac5f94b(uuid2419)
сент. 16, 2025 8:21:57 PM webapp.storage.AbstractStorage save
INFO: &amp#27;[32mSave 6c2d7b88-233a-4b58-9069-f6ebf2704435(uuid2420)
сент. 16, 2025 8:21:57 PM webapp.storage.AbstractStorage save
INFO: &amp#27;[32mSave 3476e7f2-2930-476e-ab5a-4538f51bc628(uuid2421)
сент. 16, 2025 8:21:57 PM webapp.storage.AbstractStorage save
INFO: &amp#27;[32mSave 2190f058-ba1d-4865-85e9-c46d996a0bb7(uuid2422)
сент. 16, 2025 8:21:57 PM webapp.storage.AbstractStorage save
INFO: &amp#27;[32mSave b9c6b9ef-0f42-40f4-87dc-d945d4928424(uuid2423)
сент. 16, 2025 8:21:57 PM webapp.storage.AbstractStorage save
INFO: &amp#27;[32mSave f488b1df-53c6-43d5-86d7-4215b51098a5(uuid2424)
сент. 16, 2025 8:21:57 PM webapp.storage.AbstractStorage save
INFO: &amp#27;[32mSave fc89ecc9-2ef0-46e6-8105-5e0140bdbcdd(uuid2425)
сент. 16, 2025 8:21:57 PM webapp.storage.AbstractStorage save
INFO: &amp#27;[32mSave 5b5018f6-aa47-42ef-96b5-fa41a008e8f1(uuid2426)
сент. 16, 2025 8:21:57 PM webapp.storage.AbstractStorage save
INFO: &amp#27;[32mSave dca0dfce-8b87-499c-b34e-8920deebc79a(uuid2427)
сент. 16, 2025 8:21:57 PM webapp.storage.AbstractStorage save
INFO: &amp#27;[32mSave df012e37-4f1f-4467-b9e4-60e2eee15e0f(uuid2428)
сент. 16, 2025 8:21:57 PM webapp.storage.AbstractStorage save
INFO: &amp#27;[32mSave 03578298-25b9-41fc-ad04-ab26f630f8dc(uuid2429)
сент. 16, 2025 8:21:57 PM webapp.storage.AbstractStorage save
INFO: &amp#27;[32mSave f3dc4aa0-7753-4107-a1e7-a20e5cfda5f0(uuid2430)
сент. 16, 2025 8:21:57 PM webapp.storage.AbstractStorage save
INFO: &amp#27;[32mSave 720dfb64-81af-440b-9db6-e9778f11b31f(uuid2431)
сент. 16, 2025 8:21:57 PM webapp.storage.AbstractStorage save
INFO: &amp#27;[32mSave a2900b1a-1074-494e-9cc4-920e56a08e74(uuid2432)
сент. 16, 2025 8:21:57 PM webapp.storage.AbstractStorage save
INFO: &amp#27;[32mSave e15a2025-1757-4e27-ad0f-cee7601b424a(uuid2433)
сент. 16, 2025 8:21:57 PM webapp.storage.AbstractStorage save
INFO: &amp#27;[32mSave cf5e6e3f-8d90-4c73-9a42-418a79b21e76(uuid2434)
сент. 16, 2025 8:21:57 PM webapp.storage.AbstractStorage save
INFO: &amp#27;[32mSave efe6ff68-4ad3-4b0e-a534-0bcc18ad02e6(uuid2435)
сент. 16, 2025 8:21:57 PM webapp.storage.AbstractStorage save
INFO: &amp#27;[32mSave 4625ca96-0d7b-4b93-a06e-52576fa1d841(uuid2436)
сент. 16, 2025 8:21:57 PM webapp.storage.AbstractStorage save
INFO: &amp#27;[32mSave c9a1fd87-c60d-4332-84ed-c358d7a7b54d(uuid2437)
сент. 16, 2025 8:21:57 PM webapp.storage.AbstractStorage save
INFO: &amp#27;[32mSave 12451ea2-7c44-4544-a41a-1baf7d06bfc3(uuid2438)
сент. 16, 2025 8:21:57 PM webapp.storage.AbstractStorage save
INFO: &amp#27;[32mSave 81927a76-ed37-4e2a-b5db-6b5601b4c93b(uuid2439)
сент. 16, 2025 8:21:57 PM webapp.storage.AbstractStorage save
INFO: &amp#27;[32mSave d0786a4c-7237-45db-a762-17193c0238b3(uuid2440)
сент. 16, 2025 8:21:57 PM webapp.storage.AbstractStorage save
INFO: &amp#27;[32mSave d825c778-9770-4e2c-ad91-2180c9dccf58(uuid2441)
сент. 16, 2025 8:21:57 PM webapp.storage.AbstractStorage save
INFO: &amp#27;[32mSave edc1e8f5-c1ba-4e74-b90d-04386f4db86b(uuid2442)
сент. 16, 2025 8:21:57 PM webapp.storage.AbstractStorage save
INFO: &amp#27;[32mSave 1d34935a-4062-40e9-84b1-404c955cfabe(uuid2443)
сент. 16, 2025 8:21:57 PM webapp.storage.AbstractStorage save
INFO: &amp#27;[32mSave b11fc8b2-0d2c-4746-b325-37ab8e62b85d(uuid2444)
сент. 16, 2025 8:21:57 PM webapp.storage.AbstractStorage save
INFO: &amp#27;[32mSave e69bb66c-6726-4565-8d88-6733c722fd5e(uuid2445)
сент. 16, 2025 8:21:57 PM webapp.storage.AbstractStorage save
INFO: &amp#27;[32mSave d0a6706d-a595-430a-8be6-c158dd415c48(uuid2446)
сент. 16, 2025 8:21:57 PM webapp.storage.AbstractStorage save
INFO: &amp#27;[32mSave ecdb70dd-d70b-47e5-a134-0e8932e2f6a8(uuid2447)
сент. 16, 2025 8:21:57 PM webapp.storage.AbstractStorage save
INFO: &amp#27;[32mSave 714dc1b1-378b-4ba5-945f-173bfb784d79(uuid2448)
сент. 16, 2025 8:21:57 PM webapp.storage.AbstractStorage save
INFO: &amp#27;[32mSave f5a38e34-de9c-4872-876f-aacaa9457d6c(uuid2449)
сент. 16, 2025 8:21:57 PM webapp.storage.AbstractStorage save
INFO: &amp#27;[32mSave ee885ca2-2555-4426-9468-05d8252fb339(uuid2450)
сент. 16, 2025 8:21:57 PM webapp.storage.AbstractStorage save
INFO: &amp#27;[32mSave 962aeb01-0d80-4f32-9cf1-5cd7537ea39e(uuid2451)
сент. 16, 2025 8:21:57 PM webapp.storage.AbstractStorage save
INFO: &amp#27;[32mSave 1cb27c06-84ac-4bf3-84b4-057466315c5b(uuid2452)
сент. 16, 2025 8:21:57 PM webapp.storage.AbstractStorage save
INFO: &amp#27;[32mSave a593bc76-dc67-4caf-814b-a9f47a403264(uuid2453)
сент. 16, 2025 8:21:57 PM webapp.storage.AbstractStorage save
INFO: &amp#27;[32mSave ec2223f7-b187-4d1e-9010-7cf68e677a26(uuid2454)
сент. 16, 2025 8:21:57 PM webapp.storage.AbstractStorage save
INFO: &amp#27;[32mSave dec16cf7-1c60-49ed-baab-d8deeccb6781(uuid2455)
сент. 16, 2025 8:21:57 PM webapp.storage.AbstractStorage save
INFO: &amp#27;[32mSave a0fb8f40-faf3-49a2-931c-035585f23d89(uuid2456)
сент. 16, 2025 8:21:57 PM webapp.storage.AbstractStorage save
INFO: &amp#27;[32mSave 6544ea86-cac6-4c0b-8a66-beebf33e354f(uuid2457)
сент. 16, 2025 8:21:57 PM webapp.storage.AbstractStorage save
INFO: &amp#27;[32mSave 199b9318-6af8-435e-bf01-5d138fa1ebb7(uuid2458)
сент. 16, 2025 8:21:57 PM webapp.storage.AbstractStorage save
INFO: &amp#27;[32mSave fa6889f4-2321-4c5f-8df9-ad8649b52e93(uuid2459)
сент. 16, 2025 8:21:57 PM webapp.storage.AbstractStorage save
INFO: &amp#27;[32mSave 33c3545d-fb23-4713-a406-d1995fd139c7(uuid2460)
сент. 16, 2025 8:21:57 PM webapp.storage.AbstractStorage save
INFO: &amp#27;[32mSave 12220cb2-94db-4886-82de-141024ac08f4(uuid2461)
сент. 16, 2025 8:21:57 PM webapp.storage.AbstractStorage save
INFO: &amp#27;[32mSave b0587fbd-5c8c-4f70-90f8-6635a56fdebb(uuid2462)
сент. 16, 2025 8:21:57 PM webapp.storage.AbstractStorage save
INFO: &amp#27;[32mSave 75afde89-1067-4150-8b00-7761be4af520(uuid2463)
сент. 16, 2025 8:21:57 PM webapp.storage.AbstractStorage save
INFO: &amp#27;[32mSave b8018d1e-4b0d-4ad0-8865-869d83f61450(uuid2464)
сент. 16, 2025 8:21:57 PM webapp.storage.AbstractStorage save
INFO: &amp#27;[32mSave 803bf503-d6e1-4551-a44d-151591074f68(uuid2465)
сент. 16, 2025 8:21:57 PM webapp.storage.AbstractStorage save
INFO: &amp#27;[32mSave a6f6fa92-d7da-45d7-a84f-4c55fe40dea8(uuid2466)
сент. 16, 2025 8:21:57 PM webapp.storage.AbstractStorage save
INFO: &amp#27;[32mSave 1b28dd54-d8f2-4120-b01e-6d35fe325e40(uuid2467)
сент. 16, 2025 8:21:57 PM webapp.storage.AbstractStorage save
INFO: &amp#27;[32mSave 2ec08a09-00e5-4962-92aa-9ac7bb85e75b(uuid2468)
сент. 16, 2025 8:21:57 PM webapp.storage.AbstractStorage save
INFO: &amp#27;[32mSave ddc38198-e99a-41fd-a38a-4125c7538285(uuid2469)
сент. 16, 2025 8:21:57 PM webapp.storage.AbstractStorage save
INFO: &amp#27;[32mSave 33031858-5fb1-4275-a5c8-5435e512f31b(uuid2470)
сент. 16, 2025 8:21:57 PM webapp.storage.AbstractStorage save
INFO: &amp#27;[32mSave 50175a21-089b-499f-aa02-e73e283b0805(uuid2471)
сент. 16, 2025 8:21:57 PM webapp.storage.AbstractStorage save
INFO: &amp#27;[32mSave abd6577e-a23e-4448-a133-4541a4f17e98(uuid2472)
сент. 16, 2025 8:21:57 PM webapp.storage.AbstractStorage save
INFO: &amp#27;[32mSave f521899e-a2b2-47dc-85cf-5eff752ffa13(uuid2473)
сент. 16, 2025 8:21:57 PM webapp.storage.AbstractStorage save
INFO: &amp#27;[32mSave 490859d4-7e48-4b95-aae2-c983d78c3dca(uuid2474)
сент. 16, 2025 8:21:57 PM webapp.storage.AbstractStorage save
INFO: &amp#27;[32mSave c170701f-99e6-4a37-87f8-32a02601399a(uuid2475)
сент. 16, 2025 8:21:57 PM webapp.storage.AbstractStorage save
INFO: &amp#27;[32mSave b5737070-2307-4bed-a8cd-f7c6ac5a4f20(uuid2476)
сент. 16, 2025 8:21:57 PM webapp.storage.AbstractStorage save
INFO: &amp#27;[32mSave 16a9cdbe-3978-4baf-948f-c5683b63997c(uuid2477)
сент. 16, 2025 8:21:57 PM webapp.storage.AbstractStorage save
INFO: &amp#27;[32mSave 78687339-5bbf-4c37-9a89-807b1d0e9436(uuid2478)
сент. 16, 2025 8:21:57 PM webapp.storage.AbstractStorage save
INFO: &amp#27;[32mSave 9aaf0017-280a-4372-9e81-c71b4d0fe5b0(uuid2479)
сент. 16, 2025 8:21:57 PM webapp.storage.AbstractStorage save
INFO: &amp#27;[32mSave 05de5022-02ad-4a19-aa41-2043f795b800(uuid2480)
сент. 16, 2025 8:21:57 PM webapp.storage.AbstractStorage save
INFO: &amp#27;[32mSave b86a5eca-e81c-4ea2-b7cc-24f6595a9d5f(uuid2481)
сент. 16, 2025 8:21:57 PM webapp.storage.AbstractStorage save
INFO: &amp#27;[32mSave d918ad1c-fa52-4e9e-a12e-8bdfa5b5ae9a(uuid2482)
сент. 16, 2025 8:21:57 PM webapp.storage.AbstractStorage save
INFO: &amp#27;[32mSave 0c15a767-59d3-4e9c-b965-90b00293688b(uuid2483)
сент. 16, 2025 8:21:57 PM webapp.storage.AbstractStorage save
INFO: &amp#27;[32mSave 866d75c9-788c-4271-9d42-55b38d58c476(uuid2484)
сент. 16, 2025 8:21:57 PM webapp.storage.AbstractStorage save
INFO: &amp#27;[32mSave 9dea4063-c0af-49a6-bb11-0288a0694f10(uuid2485)
сент. 16, 2025 8:21:57 PM webapp.storage.AbstractStorage save
INFO: &amp#27;[32mSave 7a02c90b-e3c8-48a2-bee3-1a53aa6a2a24(uuid2486)
сент. 16, 2025 8:21:57 PM webapp.storage.AbstractStorage save
INFO: &amp#27;[32mSave cb1a28e6-4ece-434d-80c1-411ba815286b(uuid2487)
сент. 16, 2025 8:21:57 PM webapp.storage.AbstractStorage save
INFO: &amp#27;[32mSave f64a098e-58ef-44f7-bf3a-92da7384dd8f(uuid2488)
сент. 16, 2025 8:21:57 PM webapp.storage.AbstractStorage save
INFO: &amp#27;[32mSave 0bcad286-ba9c-491d-87ce-d0a199ee945f(uuid2489)
сент. 16, 2025 8:21:57 PM webapp.storage.AbstractStorage save
INFO: &amp#27;[32mSave 4df112bc-2674-4546-906b-4365faf60b0e(uuid2490)
сент. 16, 2025 8:21:57 PM webapp.storage.AbstractStorage save
INFO: &amp#27;[32mSave 078fc5aa-1f41-4040-af12-bc9774bcb59f(uuid2491)
сент. 16, 2025 8:21:57 PM webapp.storage.AbstractStorage save
INFO: &amp#27;[32mSave e1e31d0f-168e-484e-abdb-7884871681fb(uuid2492)
сент. 16, 2025 8:21:57 PM webapp.storage.AbstractStorage save
INFO: &amp#27;[32mSave c95cd622-f303-4ea8-93fd-e4a3453e456a(uuid2493)
сент. 16, 2025 8:21:57 PM webapp.storage.AbstractStorage save
INFO: &amp#27;[32mSave ed7dfb1f-92fe-4ea7-abb7-88ecff407174(uuid2494)
сент. 16, 2025 8:21:57 PM webapp.storage.AbstractStorage save
INFO: &amp#27;[32mSave de1be49b-b834-4d58-bdb3-d24f3dac9929(uuid2495)
сент. 16, 2025 8:21:57 PM webapp.storage.AbstractStorage save
INFO: &amp#27;[32mSave 7ba2e79d-b6c5-4b42-a4ee-14e1e4740b1c(uuid2496)
сент. 16, 2025 8:21:57 PM webapp.storage.AbstractStorage save
INFO: &amp#27;[32mSave 1386b269-752a-439f-89a3-fdfa6e5c3216(uuid2497)
сент. 16, 2025 8:21:57 PM webapp.storage.AbstractStorage save
INFO: &amp#27;[32mSave 0f2a2abd-5838-4b8d-9edd-b5d5594d4bb0(uuid2498)
сент. 16, 2025 8:21:57 PM webapp.storage.AbstractStorage save
INFO: &amp#27;[32mSave b2a9bac2-7b95-4d5b-a767-fbf68cbda201(uuid2499)
сент. 16, 2025 8:21:57 PM webapp.storage.AbstractStorage save
INFO: &amp#27;[32mSave d4587949-51f0-4478-ab47-9051c94610d8(uuid2500)
сент. 16, 2025 8:21:57 PM webapp.storage.AbstractStorage save
INFO: &amp#27;[32mSave a8392e76-ecfe-43ab-bcc6-7d66d33e6370(uuid2501)
сент. 16, 2025 8:21:57 PM webapp.storage.AbstractStorage save
INFO: &amp#27;[32mSave 13fabe7f-c501-4ad6-a0df-9de99fec4f68(uuid2502)
сент. 16, 2025 8:21:57 PM webapp.storage.AbstractStorage save
INFO: &amp#27;[32mSave 0e5d331b-03ff-49b4-84ff-19c7db8abc9d(uuid2503)
сент. 16, 2025 8:21:57 PM webapp.storage.AbstractStorage save
INFO: &amp#27;[32mSave 30fe78b3-8637-4b8e-937a-66159846f707(uuid2504)
сент. 16, 2025 8:21:57 PM webapp.storage.AbstractStorage save
INFO: &amp#27;[32mSave 866a1e74-0dc6-4bc2-a272-9161ad213dc1(uuid2505)
сент. 16, 2025 8:21:57 PM webapp.storage.AbstractStorage save
INFO: &amp#27;[32mSave 3cc3860e-3ff3-4f25-a6bc-cf7bab646b6c(uuid2506)
сент. 16, 2025 8:21:57 PM webapp.storage.AbstractStorage save
INFO: &amp#27;[32mSave 4f44f289-ce9b-4e40-8a6c-6b30b7930e94(uuid2507)
сент. 16, 2025 8:21:57 PM webapp.storage.AbstractStorage save
INFO: &amp#27;[32mSave 1dae0508-70ab-45d0-9cbb-4f13d860890e(uuid2508)
сент. 16, 2025 8:21:57 PM webapp.storage.AbstractStorage save
INFO: &amp#27;[32mSave c16f5f41-5cdd-45dc-b081-f72773ad06b2(uuid2509)
сент. 16, 2025 8:21:57 PM webapp.storage.AbstractStorage save
INFO: &amp#27;[32mSave 7896428e-12d4-4381-849f-ac660fcb5f00(uuid2510)
сент. 16, 2025 8:21:57 PM webapp.storage.AbstractStorage save
INFO: &amp#27;[32mSave 4c890448-91b3-4f27-8e43-753d449cf737(uuid2511)
сент. 16, 2025 8:21:57 PM webapp.storage.AbstractStorage save
INFO: &amp#27;[32mSave 6cb480ce-c3dd-4687-812f-02699be2dbb0(uuid2512)
сент. 16, 2025 8:21:57 PM webapp.storage.AbstractStorage save
INFO: &amp#27;[32mSave 0c039224-2dc1-4f08-abe0-eb807afecebf(uuid2513)
сент. 16, 2025 8:21:57 PM webapp.storage.AbstractStorage save
INFO: &amp#27;[32mSave f1a45ac0-6adb-478a-bc8d-fa60c774feeb(uuid2514)
сент. 16, 2025 8:21:57 PM webapp.storage.AbstractStorage save
INFO: &amp#27;[32mSave c4b485e8-654f-40f4-9bab-f264222169a6(uuid2515)
сент. 16, 2025 8:21:57 PM webapp.storage.AbstractStorage save
INFO: &amp#27;[32mSave dcce411a-88b6-45b4-818a-fd408df96d8c(uuid2516)
сент. 16, 2025 8:21:57 PM webapp.storage.AbstractStorage save
INFO: &amp#27;[32mSave 58a277d9-378d-4d77-a026-91b7a3faf272(uuid2517)
сент. 16, 2025 8:21:57 PM webapp.storage.AbstractStorage save
INFO: &amp#27;[32mSave d430b0f5-3345-4c62-bf55-0c8f8916f253(uuid2518)
сент. 16, 2025 8:21:57 PM webapp.storage.AbstractStorage save
INFO: &amp#27;[32mSave a49fa0a7-0501-453e-bb84-e9283f85139a(uuid2519)
сент. 16, 2025 8:21:57 PM webapp.storage.AbstractStorage save
INFO: &amp#27;[32mSave 44d4966b-e27a-4698-aa02-daea44e1f56e(uuid2520)
сент. 16, 2025 8:21:57 PM webapp.storage.AbstractStorage save
INFO: &amp#27;[32mSave e259ceeb-113e-4e4e-8d8a-b778bcd38167(uuid2521)
сент. 16, 2025 8:21:57 PM webapp.storage.AbstractStorage save
INFO: &amp#27;[32mSave bc557916-8fab-48e8-96ba-39b68e149a01(uuid2522)
сент. 16, 2025 8:21:57 PM webapp.storage.AbstractStorage save
INFO: &amp#27;[32mSave 58a50a2e-a032-41b5-85f2-a9a5d37d8ed4(uuid2523)
сент. 16, 2025 8:21:57 PM webapp.storage.AbstractStorage save
INFO: &amp#27;[32mSave 218f8668-e4db-433f-a062-b7fe4face67c(uuid2524)
сент. 16, 2025 8:21:57 PM webapp.storage.AbstractStorage save
INFO: &amp#27;[32mSave 418b8a09-0a81-4516-bae3-d11119a0f80d(uuid2525)
сент. 16, 2025 8:21:57 PM webapp.storage.AbstractStorage save
INFO: &amp#27;[32mSave 8f4c2aa0-04c4-44f0-b934-a5eb5a26f889(uuid2526)
сент. 16, 2025 8:21:57 PM webapp.storage.AbstractStorage save
INFO: &amp#27;[32mSave 7539a65c-88a8-4d04-b5f5-9801d7eef7d3(uuid2527)
сент. 16, 2025 8:21:57 PM webapp.storage.AbstractStorage save
INFO: &amp#27;[32mSave a26f40f2-0b31-4db9-9b2e-c70be54b42c4(uuid2528)
сент. 16, 2025 8:21:57 PM webapp.storage.AbstractStorage save
INFO: &amp#27;[32mSave 8a5e4bb2-168a-4c70-91e5-06fb26772bad(uuid2529)
сент. 16, 2025 8:21:57 PM webapp.storage.AbstractStorage save
INFO: &amp#27;[32mSave 1b0179f2-2122-4e3a-8afa-da8f546d5ea6(uuid2530)
сент. 16, 2025 8:21:57 PM webapp.storage.AbstractStorage save
INFO: &amp#27;[32mSave 59043b0f-45cb-4d49-8171-a54f2c068ae4(uuid2531)
сент. 16, 2025 8:21:57 PM webapp.storage.AbstractStorage save
INFO: &amp#27;[32mSave 0d515a07-ba3a-4786-8bb2-d0fec926f83f(uuid2532)
сент. 16, 2025 8:21:57 PM webapp.storage.AbstractStorage save
INFO: &amp#27;[32mSave b454d253-a360-4f27-a618-41dc26108830(uuid2533)
сент. 16, 2025 8:21:57 PM webapp.storage.AbstractStorage save
INFO: &amp#27;[32mSave 2111b143-fbce-4496-8ea2-7d686e9fa1b6(uuid2534)
сент. 16, 2025 8:21:57 PM webapp.storage.AbstractStorage save
INFO: &amp#27;[32mSave 3b23ec6c-b398-483d-8696-836cd4e058e8(uuid2535)
сент. 16, 2025 8:21:57 PM webapp.storage.AbstractStorage save
INFO: &amp#27;[32mSave ea3f322e-8a77-4238-8866-992e0a5d7a4d(uuid2536)
сент. 16, 2025 8:21:57 PM webapp.storage.AbstractStorage save
INFO: &amp#27;[32mSave b9ec0cf1-183b-4af3-a3ff-f77b1e7fc61c(uuid2537)
сент. 16, 2025 8:21:57 PM webapp.storage.AbstractStorage save
INFO: &amp#27;[32mSave ff5e9ad8-6780-42ba-87a9-617011d2083e(uuid2538)
сент. 16, 2025 8:21:57 PM webapp.storage.AbstractStorage save
INFO: &amp#27;[32mSave 1250aa28-adbe-406d-af99-d6367341c6dc(uuid2539)
сент. 16, 2025 8:21:57 PM webapp.storage.AbstractStorage save
INFO: &amp#27;[32mSave 75fffe13-a678-491f-8d1c-3a29c3a2c9ab(uuid2540)
сент. 16, 2025 8:21:57 PM webapp.storage.AbstractStorage save
INFO: &amp#27;[32mSave bb135397-bbdc-4fb4-87db-229e45bf5c3f(uuid2541)
сент. 16, 2025 8:21:57 PM webapp.storage.AbstractStorage save
INFO: &amp#27;[32mSave 036ad50b-a9fd-40bd-9ccc-672de7df5cae(uuid2542)
сент. 16, 2025 8:21:57 PM webapp.storage.AbstractStorage save
INFO: &amp#27;[32mSave eee69903-0563-49f9-81bf-85a1f39d8ade(uuid2543)
сент. 16, 2025 8:21:57 PM webapp.storage.AbstractStorage save
INFO: &amp#27;[32mSave 90fc5ddf-59b5-4193-8e8b-50096b73fa8b(uuid2544)
сент. 16, 2025 8:21:57 PM webapp.storage.AbstractStorage save
INFO: &amp#27;[32mSave c72f5d7d-2502-4126-87ae-753a2545fb77(uuid2545)
сент. 16, 2025 8:21:57 PM webapp.storage.AbstractStorage save
INFO: &amp#27;[32mSave 2c019a35-3238-4133-a551-407ed200f28d(uuid2546)
сент. 16, 2025 8:21:57 PM webapp.storage.AbstractStorage save
INFO: &amp#27;[32mSave 51e98766-dde8-48ef-8f91-2ac4d807a18b(uuid2547)
сент. 16, 2025 8:21:57 PM webapp.storage.AbstractStorage save
INFO: &amp#27;[32mSave 334332d9-1f29-4b79-959d-2befa05ebad1(uuid2548)
сент. 16, 2025 8:21:57 PM webapp.storage.AbstractStorage save
INFO: &amp#27;[32mSave 3d54d0bd-2b71-48fb-9d13-df292bbb5e8d(uuid2549)
сент. 16, 2025 8:21:57 PM webapp.storage.AbstractStorage save
INFO: &amp#27;[32mSave c702e3c6-f8db-4aa8-8e7a-acf123872d37(uuid2550)
сент. 16, 2025 8:21:57 PM webapp.storage.AbstractStorage save
INFO: &amp#27;[32mSave 656ff245-040b-4162-a91d-665462460aeb(uuid2551)
сент. 16, 2025 8:21:57 PM webapp.storage.AbstractStorage save
INFO: &amp#27;[32mSave 49b4e93a-8a53-4147-a65b-d2bfc233080b(uuid2552)
сент. 16, 2025 8:21:57 PM webapp.storage.AbstractStorage save
INFO: &amp#27;[32mSave 3a6ce3dd-0a85-410a-96ca-84222a36c9f7(uuid2553)
сент. 16, 2025 8:21:57 PM webapp.storage.AbstractStorage save
INFO: &amp#27;[32mSave 340a7992-f466-4ed0-a1ec-e50c46fd021f(uuid2554)
сент. 16, 2025 8:21:57 PM webapp.storage.AbstractStorage save
INFO: &amp#27;[32mSave 9bda872e-2793-4b4c-be71-dd117d70ce91(uuid2555)
сент. 16, 2025 8:21:57 PM webapp.storage.AbstractStorage save
INFO: &amp#27;[32mSave 39fea38e-c03b-4185-bf95-100cf3f08971(uuid2556)
сент. 16, 2025 8:21:57 PM webapp.storage.AbstractStorage save
INFO: &amp#27;[32mSave b37e1c88-b79e-4b83-b264-4c538e7169a6(uuid2557)
сент. 16, 2025 8:21:57 PM webapp.storage.AbstractStorage save
INFO: &amp#27;[32mSave 519524c8-a42a-4104-a065-f1e2af5f13ee(uuid2558)
сент. 16, 2025 8:21:57 PM webapp.storage.AbstractStorage save
INFO: &amp#27;[32mSave 2bdc6455-2ff2-4ddc-a42e-d40e7f492de0(uuid2559)
сент. 16, 2025 8:21:57 PM webapp.storage.AbstractStorage save
INFO: &amp#27;[32mSave 3339c1b5-e09e-47fb-8458-4ad9dce355ce(uuid2560)
сент. 16, 2025 8:21:57 PM webapp.storage.AbstractStorage save
INFO: &amp#27;[32mSave 5baa83a9-559c-4e02-8ef6-b612ee00a5d2(uuid2561)
сент. 16, 2025 8:21:57 PM webapp.storage.AbstractStorage save
INFO: &amp#27;[32mSave b9ca79b4-258f-4cb0-affe-2677dfa1f9d6(uuid2562)
сент. 16, 2025 8:21:57 PM webapp.storage.AbstractStorage save
INFO: &amp#27;[32mSave cdcb2a3e-565f-4f47-b16d-ad2a89dc54fc(uuid2563)
сент. 16, 2025 8:21:57 PM webapp.storage.AbstractStorage save
INFO: &amp#27;[32mSave ee7a7577-e98b-4ef6-a3d8-5830b5f1c6ef(uuid2564)
сент. 16, 2025 8:21:57 PM webapp.storage.AbstractStorage save
INFO: &amp#27;[32mSave 69c375f2-5e01-4f91-9106-03cef4531ac9(uuid2565)
сент. 16, 2025 8:21:57 PM webapp.storage.AbstractStorage save
INFO: &amp#27;[32mSave ace3fc0e-4afa-487a-b925-f9263c6c4656(uuid2566)
сент. 16, 2025 8:21:57 PM webapp.storage.AbstractStorage save
INFO: &amp#27;[32mSave a9af403d-5476-4361-9b84-0c1e258e00cb(uuid2567)
сент. 16, 2025 8:21:57 PM webapp.storage.AbstractStorage save
INFO: &amp#27;[32mSave 77555c72-da69-47b8-970f-55f2967fe89b(uuid2568)
сент. 16, 2025 8:21:57 PM webapp.storage.AbstractStorage save
INFO: &amp#27;[32mSave b5130c46-ee9a-4fac-86a3-e02898671228(uuid2569)
сент. 16, 2025 8:21:57 PM webapp.storage.AbstractStorage save
INFO: &amp#27;[32mSave 40f97845-54e2-4d9f-8c4c-dc66448cad39(uuid2570)
сент. 16, 2025 8:21:57 PM webapp.storage.AbstractStorage save
INFO: &amp#27;[32mSave 464a909c-879d-4ef3-a96a-2aef92f76a46(uuid2571)
сент. 16, 2025 8:21:57 PM webapp.storage.AbstractStorage save
INFO: &amp#27;[32mSave 1fc75f1a-38ce-4724-9a83-a4856385713a(uuid2572)
сент. 16, 2025 8:21:57 PM webapp.storage.AbstractStorage save
INFO: &amp#27;[32mSave d9fda1f8-f750-4c61-9153-aec66aed346f(uuid2573)
сент. 16, 2025 8:21:57 PM webapp.storage.AbstractStorage save
INFO: &amp#27;[32mSave 102f3844-636d-4263-a861-c8b20826db8c(uuid2574)
сент. 16, 2025 8:21:57 PM webapp.storage.AbstractStorage save
INFO: &amp#27;[32mSave d0096f33-3796-449d-ac6c-b1e2c73664f0(uuid2575)
сент. 16, 2025 8:21:57 PM webapp.storage.AbstractStorage save
INFO: &amp#27;[32mSave cbd61e51-f7bc-4d54-9752-232101928670(uuid2576)
сент. 16, 2025 8:21:57 PM webapp.storage.AbstractStorage save
INFO: &amp#27;[32mSave 245f9498-9773-4333-bcb3-ba7c47994146(uuid2577)
сент. 16, 2025 8:21:57 PM webapp.storage.AbstractStorage save
INFO: &amp#27;[32mSave 75a50c61-e304-4f9f-ae3d-e2a8636e72ca(uuid2578)
сент. 16, 2025 8:21:57 PM webapp.storage.AbstractStorage save
INFO: &amp#27;[32mSave 3ee00a14-f0d7-4db4-854e-263fc9dc7a49(uuid2579)
сент. 16, 2025 8:21:57 PM webapp.storage.AbstractStorage save
INFO: &amp#27;[32mSave 2f1b4c4d-6f02-4653-9c77-4ce99ef4e1cd(uuid2580)
сент. 16, 2025 8:21:57 PM webapp.storage.AbstractStorage save
INFO: &amp#27;[32mSave 312743ed-7f86-47b6-a3dc-c814f3619a44(uuid2581)
сент. 16, 2025 8:21:57 PM webapp.storage.AbstractStorage save
INFO: &amp#27;[32mSave ef6dacd6-a58d-4f4e-b515-38ad3e1dba3b(uuid2582)
сент. 16, 2025 8:21:57 PM webapp.storage.AbstractStorage save
INFO: &amp#27;[32mSave 6d69d39f-f75f-4f43-9629-93c014cfab8d(uuid2583)
сент. 16, 2025 8:21:57 PM webapp.storage.AbstractStorage save
INFO: &amp#27;[32mSave ee3270a2-4eaf-4c1c-b29e-dc48af888d7a(uuid2584)
сент. 16, 2025 8:21:57 PM webapp.storage.AbstractStorage save
INFO: &amp#27;[32mSave 55ac4d3a-dbb6-49de-8988-24dd16ec419f(uuid2585)
сент. 16, 2025 8:21:57 PM webapp.storage.AbstractStorage save
INFO: &amp#27;[32mSave 14d86766-bf14-4e7e-8a7e-3e06a8e6c428(uuid2586)
сент. 16, 2025 8:21:57 PM webapp.storage.AbstractStorage save
INFO: &amp#27;[32mSave f00ae566-b9ff-44bd-9741-6730fbfc6672(uuid2587)
сент. 16, 2025 8:21:57 PM webapp.storage.AbstractStorage save
INFO: &amp#27;[32mSave 3e1dbf1d-aff2-4e40-a946-9fba004f532a(uuid2588)
сент. 16, 2025 8:21:57 PM webapp.storage.AbstractStorage save
INFO: &amp#27;[32mSave 14e86eee-0cc4-4038-a779-6e4f4e7c68c1(uuid2589)
сент. 16, 2025 8:21:57 PM webapp.storage.AbstractStorage save
INFO: &amp#27;[32mSave 27d5c463-3d8d-4352-855b-65818b3aab5c(uuid2590)
сент. 16, 2025 8:21:57 PM webapp.storage.AbstractStorage save
INFO: &amp#27;[32mSave ae79610d-8181-43bc-b15a-238aafa82773(uuid2591)
сент. 16, 2025 8:21:57 PM webapp.storage.AbstractStorage save
INFO: &amp#27;[32mSave b54474ed-bd3d-41f3-9078-36e2bbee9e9a(uuid2592)
сент. 16, 2025 8:21:57 PM webapp.storage.AbstractStorage save
INFO: &amp#27;[32mSave 1b748c0a-44b2-4c36-8759-e3284d901c1b(uuid2593)
сент. 16, 2025 8:21:57 PM webapp.storage.AbstractStorage save
INFO: &amp#27;[32mSave 1e341d0a-ec23-448e-846b-1889965a739e(uuid2594)
сент. 16, 2025 8:21:57 PM webapp.storage.AbstractStorage save
INFO: &amp#27;[32mSave 49944ade-9c89-42ad-b40d-a5b919edec65(uuid2595)
сент. 16, 2025 8:21:57 PM webapp.storage.AbstractStorage save
INFO: &amp#27;[32mSave 332f9e29-8732-47f8-966f-bc0be01662fe(uuid2596)
сент. 16, 2025 8:21:57 PM webapp.storage.AbstractStorage save
INFO: &amp#27;[32mSave 01fcdf1c-c8e5-47aa-a67c-941fe69cea87(uuid2597)
сент. 16, 2025 8:21:57 PM webapp.storage.AbstractStorage save
INFO: &amp#27;[32mSave b962e5f1-e429-4928-86c1-972f46d1f730(uuid2598)
сент. 16, 2025 8:21:57 PM webapp.storage.AbstractStorage save
INFO: &amp#27;[32mSave dd3d4cbc-dfd9-427e-8c1f-cbbab480ae46(uuid2599)
сент. 16, 2025 8:21:57 PM webapp.storage.AbstractStorage save
INFO: &amp#27;[32mSave ca3a5054-f6c4-4e79-a753-172c69752be3(uuid2600)
сент. 16, 2025 8:21:57 PM webapp.storage.AbstractStorage save
INFO: &amp#27;[32mSave 0a29d289-84c9-4947-a077-0eaa774a1eb2(uuid2601)
сент. 16, 2025 8:21:57 PM webapp.storage.AbstractStorage save
INFO: &amp#27;[32mSave 112baa92-2d24-4d33-aec1-763041c6fa6c(uuid2602)
сент. 16, 2025 8:21:57 PM webapp.storage.AbstractStorage save
INFO: &amp#27;[32mSave f572fab6-d26f-4bc6-a4be-c7fb98b4c05b(uuid2603)
сент. 16, 2025 8:21:57 PM webapp.storage.AbstractStorage save
INFO: &amp#27;[32mSave 848bd695-1a6c-443e-9b07-03406788ef5b(uuid2604)
сент. 16, 2025 8:21:57 PM webapp.storage.AbstractStorage save
INFO: &amp#27;[32mSave f3d5a261-584b-4985-b3ed-fb807055f366(uuid2605)
сент. 16, 2025 8:21:57 PM webapp.storage.AbstractStorage save
INFO: &amp#27;[32mSave c00c80ee-67fa-4abf-a7eb-df8338d8f599(uuid2606)
сент. 16, 2025 8:21:57 PM webapp.storage.AbstractStorage save
INFO: &amp#27;[32mSave 37899125-e352-45e7-9478-f256e2566a8b(uuid2607)
сент. 16, 2025 8:21:57 PM webapp.storage.AbstractStorage save
INFO: &amp#27;[32mSave 598adf48-f745-406c-ae7e-092b074b1ec5(uuid2608)
сент. 16, 2025 8:21:57 PM webapp.storage.AbstractStorage save
INFO: &amp#27;[32mSave 023b3792-4fdc-4599-bae4-0cb62e643d3e(uuid2609)
сент. 16, 2025 8:21:57 PM webapp.storage.AbstractStorage save
INFO: &amp#27;[32mSave a910e0a6-98bb-4feb-beb2-2d80d9f0bfcd(uuid2610)
сент. 16, 2025 8:21:57 PM webapp.storage.AbstractStorage save
INFO: &amp#27;[32mSave 14473c63-0a7d-4c1e-8b29-c540507028c5(uuid2611)
сент. 16, 2025 8:21:57 PM webapp.storage.AbstractStorage save
INFO: &amp#27;[32mSave 67a59f3c-3881-4dc9-81e7-0550f08b550a(uuid2612)
сент. 16, 2025 8:21:57 PM webapp.storage.AbstractStorage save
INFO: &amp#27;[32mSave 47d4abc9-14df-4bac-bad8-7d7caa9ea57e(uuid2613)
сент. 16, 2025 8:21:57 PM webapp.storage.AbstractStorage save
INFO: &amp#27;[32mSave 127f8e4e-4502-4d8c-a34d-e2a0de59eb4e(uuid2614)
сент. 16, 2025 8:21:57 PM webapp.storage.AbstractStorage save
INFO: &amp#27;[32mSave be01cb19-c103-4049-bdc9-400bc896c298(uuid2615)
сент. 16, 2025 8:21:57 PM webapp.storage.AbstractStorage save
INFO: &amp#27;[32mSave 783b38b4-bcaf-4f2a-afcd-734ecb439d1c(uuid2616)
сент. 16, 2025 8:21:57 PM webapp.storage.AbstractStorage save
INFO: &amp#27;[32mSave d5d587fb-8645-4296-9d13-6206c39ff17d(uuid2617)
сент. 16, 2025 8:21:57 PM webapp.storage.AbstractStorage save
INFO: &amp#27;[32mSave 870b07f6-f4e6-4f95-9624-30a2c891c9ba(uuid2618)
сент. 16, 2025 8:21:57 PM webapp.storage.AbstractStorage save
INFO: &amp#27;[32mSave 42a5e8ec-264f-4d9a-a98e-070138b88605(uuid2619)
сент. 16, 2025 8:21:57 PM webapp.storage.AbstractStorage save
INFO: &amp#27;[32mSave 057fabf5-a487-415c-bf06-2a76c3e2fd69(uuid2620)
сент. 16, 2025 8:21:57 PM webapp.storage.AbstractStorage save
INFO: &amp#27;[32mSave 1fbf6c49-5e2c-46ab-ba19-2f7ce5358f70(uuid2621)
сент. 16, 2025 8:21:57 PM webapp.storage.AbstractStorage save
INFO: &amp#27;[32mSave 799bea83-bd7a-40a0-8367-655cc6e1f57e(uuid2622)
сент. 16, 2025 8:21:57 PM webapp.storage.AbstractStorage save
INFO: &amp#27;[32mSave 583b99b8-88a2-4fb7-989a-58a5a54f9f06(uuid2623)
сент. 16, 2025 8:21:57 PM webapp.storage.AbstractStorage save
INFO: &amp#27;[32mSave 6be34ba1-7879-4ad0-a0fd-85611cd20a78(uuid2624)
сент. 16, 2025 8:21:57 PM webapp.storage.AbstractStorage save
INFO: &amp#27;[32mSave 2e994d62-3373-404c-a814-3c92ccd96930(uuid2625)
сент. 16, 2025 8:21:57 PM webapp.storage.AbstractStorage save
INFO: &amp#27;[32mSave 28b8b16b-4814-4e09-87da-95e3477aabbb(uuid2626)
сент. 16, 2025 8:21:57 PM webapp.storage.AbstractStorage save
INFO: &amp#27;[32mSave 06d352f3-da77-4f6d-b1c1-ea5b95664866(uuid2627)
сент. 16, 2025 8:21:57 PM webapp.storage.AbstractStorage save
INFO: &amp#27;[32mSave 9049cbe3-d73e-4dcd-8384-25bcd8430850(uuid2628)
сент. 16, 2025 8:21:57 PM webapp.storage.AbstractStorage save
INFO: &amp#27;[32mSave 86736e9e-61c6-4721-93ef-d52a5971a2e3(uuid2629)
сент. 16, 2025 8:21:57 PM webapp.storage.AbstractStorage save
INFO: &amp#27;[32mSave b2c46095-7535-41ae-9bfe-a229ba41a94f(uuid2630)
сент. 16, 2025 8:21:57 PM webapp.storage.AbstractStorage save
INFO: &amp#27;[32mSave f506ddb1-15a1-483b-9850-5e26d1fecd40(uuid2631)
сент. 16, 2025 8:21:57 PM webapp.storage.AbstractStorage save
INFO: &amp#27;[32mSave 9789601f-4394-440d-af23-5454ed1b3a33(uuid2632)
сент. 16, 2025 8:21:57 PM webapp.storage.AbstractStorage save
INFO: &amp#27;[32mSave 73007865-3edc-4859-beae-f1a4bbc83acc(uuid2633)
сент. 16, 2025 8:21:57 PM webapp.storage.AbstractStorage save
INFO: &amp#27;[32mSave 9c38a4d1-f39b-4923-853e-4da74c4bf8b4(uuid2634)
сент. 16, 2025 8:21:57 PM webapp.storage.AbstractStorage save
INFO: &amp#27;[32mSave aa17be1a-dbea-4148-a950-b494deaea1e6(uuid2635)
сент. 16, 2025 8:21:57 PM webapp.storage.AbstractStorage save
INFO: &amp#27;[32mSave 9d1f9420-f9ac-4cad-b7a3-5cb678ec9ff0(uuid2636)
сент. 16, 2025 8:21:57 PM webapp.storage.AbstractStorage save
INFO: &amp#27;[32mSave b76cd86d-0291-4755-b4a7-c25742dd24c4(uuid2637)
сент. 16, 2025 8:21:57 PM webapp.storage.AbstractStorage save
INFO: &amp#27;[32mSave 60836b9e-d213-4898-993c-8f18201ed0c2(uuid2638)
сент. 16, 2025 8:21:57 PM webapp.storage.AbstractStorage save
INFO: &amp#27;[32mSave fd1e6354-1a25-47b7-8049-5cf8fa9251db(uuid2639)
сент. 16, 2025 8:21:57 PM webapp.storage.AbstractStorage save
INFO: &amp#27;[32mSave e953aa24-a754-4e70-913f-30ff1676f35c(uuid2640)
сент. 16, 2025 8:21:57 PM webapp.storage.AbstractStorage save
INFO: &amp#27;[32mSave 1d4de62d-2eb9-4fbc-8a59-eb857c8bcb0e(uuid2641)
сент. 16, 2025 8:21:57 PM webapp.storage.AbstractStorage save
INFO: &amp#27;[32mSave 5fc9da71-d963-400a-8cbb-f88cf13aaf73(uuid2642)
сент. 16, 2025 8:21:57 PM webapp.storage.AbstractStorage save
INFO: &amp#27;[32mSave 61e87ae1-627d-4509-b0de-22717bccf5e2(uuid2643)
сент. 16, 2025 8:21:57 PM webapp.storage.AbstractStorage save
INFO: &amp#27;[32mSave 0353d513-bc75-43ce-8a73-d08fe978ab5d(uuid2644)
сент. 16, 2025 8:21:57 PM webapp.storage.AbstractStorage save
INFO: &amp#27;[32mSave acd3dbda-4de0-4040-8725-c708f0bbf8da(uuid2645)
сент. 16, 2025 8:21:57 PM webapp.storage.AbstractStorage save
INFO: &amp#27;[32mSave 5f56f29f-3e11-4519-ba57-ec8fdc1da5cb(uuid2646)
сент. 16, 2025 8:21:57 PM webapp.storage.AbstractStorage save
INFO: &amp#27;[32mSave 6e6158b3-9b4c-4019-a359-5750d32f74c4(uuid2647)
сент. 16, 2025 8:21:57 PM webapp.storage.AbstractStorage save
INFO: &amp#27;[32mSave d1d145b5-eba8-43f9-bc0b-b28688077e34(uuid2648)
сент. 16, 2025 8:21:57 PM webapp.storage.AbstractStorage save
INFO: &amp#27;[32mSave e35902ca-902e-4c93-a695-b9a3ad60892e(uuid2649)
сент. 16, 2025 8:21:57 PM webapp.storage.AbstractStorage save
INFO: &amp#27;[32mSave 498232f2-7d54-4f12-b73e-fdbeb7ed72ef(uuid2650)
сент. 16, 2025 8:21:57 PM webapp.storage.AbstractStorage save
INFO: &amp#27;[32mSave a9d3352d-ab50-4115-90cc-1e1ca64a033e(uuid2651)
сент. 16, 2025 8:21:57 PM webapp.storage.AbstractStorage save
INFO: &amp#27;[32mSave fa60692c-5a85-4004-a40f-64e5942859fb(uuid2652)
сент. 16, 2025 8:21:57 PM webapp.storage.AbstractStorage save
INFO: &amp#27;[32mSave 53a9e301-a7a2-4776-9c0a-2b045380e759(uuid2653)
сент. 16, 2025 8:21:57 PM webapp.storage.AbstractStorage save
INFO: &amp#27;[32mSave 02a17e51-f28d-4b4c-90da-8ff230ba09e5(uuid2654)
сент. 16, 2025 8:21:57 PM webapp.storage.AbstractStorage save
INFO: &amp#27;[32mSave 76459107-cad3-4fa7-b81e-6925c7cacf8d(uuid2655)
сент. 16, 2025 8:21:57 PM webapp.storage.AbstractStorage save
INFO: &amp#27;[32mSave 295b4ae6-672b-46bf-8fdc-89974dde7f10(uuid2656)
сент. 16, 2025 8:21:57 PM webapp.storage.AbstractStorage save
INFO: &amp#27;[32mSave 9c21ce06-f890-405e-a6bd-38f17ff14446(uuid2657)
сент. 16, 2025 8:21:57 PM webapp.storage.AbstractStorage save
INFO: &amp#27;[32mSave b798522b-84ba-4c49-a582-ae3633aff1dd(uuid2658)
сент. 16, 2025 8:21:57 PM webapp.storage.AbstractStorage save
INFO: &amp#27;[32mSave 0b22b85e-8ed8-40ff-9b1e-740cc08598e8(uuid2659)
сент. 16, 2025 8:21:57 PM webapp.storage.AbstractStorage save
INFO: &amp#27;[32mSave e4f4dc53-bcbb-4264-94a0-0c20dec9fd02(uuid2660)
сент. 16, 2025 8:21:57 PM webapp.storage.AbstractStorage save
INFO: &amp#27;[32mSave b6eee654-5b25-437a-8931-1c4854c3c673(uuid2661)
сент. 16, 2025 8:21:57 PM webapp.storage.AbstractStorage save
INFO: &amp#27;[32mSave 82b22c78-395e-4514-8598-532f5a3dfe73(uuid2662)
сент. 16, 2025 8:21:57 PM webapp.storage.AbstractStorage save
INFO: &amp#27;[32mSave 7f76e682-9a10-44f1-a99b-6e0a658b0288(uuid2663)
сент. 16, 2025 8:21:57 PM webapp.storage.AbstractStorage save
INFO: &amp#27;[32mSave c10f5895-8152-4e68-95ba-8f45cb25eea6(uuid2664)
сент. 16, 2025 8:21:57 PM webapp.storage.AbstractStorage save
INFO: &amp#27;[32mSave 87c7a0a9-94b8-44f6-9072-73d0420e41e0(uuid2665)
сент. 16, 2025 8:21:57 PM webapp.storage.AbstractStorage save
INFO: &amp#27;[32mSave bcb9ad9f-4440-4372-b226-8b1354c15153(uuid2666)
сент. 16, 2025 8:21:57 PM webapp.storage.AbstractStorage save
INFO: &amp#27;[32mSave d87d81c1-65e1-493c-90b0-81d3c412ff12(uuid2667)
сент. 16, 2025 8:21:57 PM webapp.storage.AbstractStorage save
INFO: &amp#27;[32mSave ca66f608-9d18-480a-8a41-e6b38f70cb29(uuid2668)
сент. 16, 2025 8:21:57 PM webapp.storage.AbstractStorage save
INFO: &amp#27;[32mSave f030e6d5-9b49-4c20-afdc-7bc89262badd(uuid2669)
сент. 16, 2025 8:21:57 PM webapp.storage.AbstractStorage save
INFO: &amp#27;[32mSave 4229d5ff-344b-4260-84c4-d89cb5b373f7(uuid2670)
сент. 16, 2025 8:21:57 PM webapp.storage.AbstractStorage save
INFO: &amp#27;[32mSave 4df9f849-7289-4f8c-b366-461b083a24c6(uuid2671)
сент. 16, 2025 8:21:57 PM webapp.storage.AbstractStorage save
INFO: &amp#27;[32mSave 514bbf97-a71d-4b00-bccd-ee29e4d0e147(uuid2672)
сент. 16, 2025 8:21:57 PM webapp.storage.AbstractStorage save
INFO: &amp#27;[32mSave ba40f5a6-e5e3-41bd-b1bd-b367b7c3c282(uuid2673)
сент. 16, 2025 8:21:57 PM webapp.storage.AbstractStorage save
INFO: &amp#27;[32mSave 4e76acda-cab1-4458-9314-e3dced990985(uuid2674)
сент. 16, 2025 8:21:57 PM webapp.storage.AbstractStorage save
INFO: &amp#27;[32mSave 771291ef-57d8-4203-bfcf-d5d7970543bf(uuid2675)
сент. 16, 2025 8:21:57 PM webapp.storage.AbstractStorage save
INFO: &amp#27;[32mSave 547c913a-6be6-43ef-b19b-c7a1bfa2fda9(uuid2676)
сент. 16, 2025 8:21:57 PM webapp.storage.AbstractStorage save
INFO: &amp#27;[32mSave db35c58a-f4a7-4252-b8b1-17cf8a9f866e(uuid2677)
сент. 16, 2025 8:21:57 PM webapp.storage.AbstractStorage save
INFO: &amp#27;[32mSave 529d2380-1aea-4461-9bc5-29e90616c64d(uuid2678)
сент. 16, 2025 8:21:57 PM webapp.storage.AbstractStorage save
INFO: &amp#27;[32mSave 9dd1b369-1175-4b2f-bb8c-d1ca044d0709(uuid2679)
сент. 16, 2025 8:21:57 PM webapp.storage.AbstractStorage save
INFO: &amp#27;[32mSave 2bb1cbd3-f681-463c-a9ad-dfcc3a3fd972(uuid2680)
сент. 16, 2025 8:21:57 PM webapp.storage.AbstractStorage save
INFO: &amp#27;[32mSave 69a66994-5e9b-4950-9444-ce3f6f4ff265(uuid2681)
сент. 16, 2025 8:21:57 PM webapp.storage.AbstractStorage save
INFO: &amp#27;[32mSave f84f1d3e-b2fe-435c-a5d3-73c3ddc921c7(uuid2682)
сент. 16, 2025 8:21:57 PM webapp.storage.AbstractStorage save
INFO: &amp#27;[32mSave c99c32aa-7ed7-4228-bd9f-97273f5e86ac(uuid2683)
сент. 16, 2025 8:21:57 PM webapp.storage.AbstractStorage save
INFO: &amp#27;[32mSave a572ef6f-4525-40f8-aab7-ebafdfea247e(uuid2684)
сент. 16, 2025 8:21:57 PM webapp.storage.AbstractStorage save
INFO: &amp#27;[32mSave c4906a44-c88b-48f4-a71a-07e45a130976(uuid2685)
сент. 16, 2025 8:21:57 PM webapp.storage.AbstractStorage save
INFO: &amp#27;[32mSave 7f4d3e89-0545-49e9-91a8-9e00e629491e(uuid2686)
сент. 16, 2025 8:21:57 PM webapp.storage.AbstractStorage save
INFO: &amp#27;[32mSave b01555a3-a442-4bc6-823f-ad99668171aa(uuid2687)
сент. 16, 2025 8:21:57 PM webapp.storage.AbstractStorage save
INFO: &amp#27;[32mSave 86498fdd-f58e-4e5a-b1b8-6785c3a854db(uuid2688)
сент. 16, 2025 8:21:57 PM webapp.storage.AbstractStorage save
INFO: &amp#27;[32mSave d2984cc7-6030-43e9-aa94-bf881b97485e(uuid2689)
сент. 16, 2025 8:21:57 PM webapp.storage.AbstractStorage save
INFO: &amp#27;[32mSave 757650cd-a798-4d94-a7f7-e0dce710e8b9(uuid2690)
сент. 16, 2025 8:21:57 PM webapp.storage.AbstractStorage save
INFO: &amp#27;[32mSave b713ae34-0a9d-4b79-8d98-ffc1797d2aff(uuid2691)
сент. 16, 2025 8:21:57 PM webapp.storage.AbstractStorage save
INFO: &amp#27;[32mSave 84f884fd-e0da-4fed-a0e8-446f75080117(uuid2692)
сент. 16, 2025 8:21:57 PM webapp.storage.AbstractStorage save
INFO: &amp#27;[32mSave 2b19768e-2270-436f-b031-c6fa805507cb(uuid2693)
сент. 16, 2025 8:21:57 PM webapp.storage.AbstractStorage save
INFO: &amp#27;[32mSave 9e88e36a-25c1-47da-830d-96d85d931b3b(uuid2694)
сент. 16, 2025 8:21:57 PM webapp.storage.AbstractStorage save
INFO: &amp#27;[32mSave cca1da06-865d-44f2-a264-ca5e8fcfc189(uuid2695)
сент. 16, 2025 8:21:57 PM webapp.storage.AbstractStorage save
INFO: &amp#27;[32mSave ddc6f92a-d2c1-45a1-bffb-d367d17bf709(uuid2696)
сент. 16, 2025 8:21:57 PM webapp.storage.AbstractStorage save
INFO: &amp#27;[32mSave db5d9e55-8cc0-45d6-b618-9b1986a855dc(uuid2697)
сент. 16, 2025 8:21:57 PM webapp.storage.AbstractStorage save
INFO: &amp#27;[32mSave de9d5ac2-9c37-4efa-b379-e32f9b147c70(uuid2698)
сент. 16, 2025 8:21:57 PM webapp.storage.AbstractStorage save
INFO: &amp#27;[32mSave 2c27db99-076f-46db-86c1-dc76450bd48e(uuid2699)
сент. 16, 2025 8:21:57 PM webapp.storage.AbstractStorage save
INFO: &amp#27;[32mSave dd2060f9-e92f-4c23-a55e-f7438256acdf(uuid2700)
сент. 16, 2025 8:21:57 PM webapp.storage.AbstractStorage save
INFO: &amp#27;[32mSave 04399a35-0b67-49bc-b837-8866396beac8(uuid2701)
сент. 16, 2025 8:21:57 PM webapp.storage.AbstractStorage save
INFO: &amp#27;[32mSave 252d4d47-699b-42cc-844a-a1c2aaf5304e(uuid2702)
сент. 16, 2025 8:21:57 PM webapp.storage.AbstractStorage save
INFO: &amp#27;[32mSave 6c94dac4-9d7a-460a-b6c1-1be0dd2e54d1(uuid2703)
сент. 16, 2025 8:21:57 PM webapp.storage.AbstractStorage save
INFO: &amp#27;[32mSave 9fe6caef-4ed5-4f84-9fde-4736a1190480(uuid2704)
сент. 16, 2025 8:21:57 PM webapp.storage.AbstractStorage save
INFO: &amp#27;[32mSave 99c799bb-12db-4777-8d20-a88beeb08406(uuid2705)
сент. 16, 2025 8:21:57 PM webapp.storage.AbstractStorage save
INFO: &amp#27;[32mSave ad030a04-9841-49ab-87ec-353af1cf1d34(uuid2706)
сент. 16, 2025 8:21:57 PM webapp.storage.AbstractStorage save
INFO: &amp#27;[32mSave c08def73-2423-47b8-ba9b-905cfdae838f(uuid2707)
сент. 16, 2025 8:21:57 PM webapp.storage.AbstractStorage save
INFO: &amp#27;[32mSave bb26fa5d-4df7-464f-a92f-27107f513b9f(uuid2708)
сент. 16, 2025 8:21:57 PM webapp.storage.AbstractStorage save
INFO: &amp#27;[32mSave 6bf1e432-3653-4aa4-bfcf-7693727ace0c(uuid2709)
сент. 16, 2025 8:21:57 PM webapp.storage.AbstractStorage save
INFO: &amp#27;[32mSave d3d04adb-a48a-4304-9331-e70877b35180(uuid2710)
сент. 16, 2025 8:21:57 PM webapp.storage.AbstractStorage save
INFO: &amp#27;[32mSave 11d70354-988f-48a4-8f67-2b07c1183245(uuid2711)
сент. 16, 2025 8:21:57 PM webapp.storage.AbstractStorage save
INFO: &amp#27;[32mSave 7bc0cae0-4a85-4f6a-870e-a7f5b6a146ac(uuid2712)
сент. 16, 2025 8:21:57 PM webapp.storage.AbstractStorage save
INFO: &amp#27;[32mSave 53f0913d-e400-4795-8a69-127d139b4d8a(uuid2713)
сент. 16, 2025 8:21:57 PM webapp.storage.AbstractStorage save
INFO: &amp#27;[32mSave 60951529-e002-4ff6-a1b8-c3ca83fb382d(uuid2714)
сент. 16, 2025 8:21:57 PM webapp.storage.AbstractStorage save
INFO: &amp#27;[32mSave 51a5511f-b90b-4d26-a147-d6edb5cd1615(uuid2715)
сент. 16, 2025 8:21:57 PM webapp.storage.AbstractStorage save
INFO: &amp#27;[32mSave 63b9d029-2727-4036-bbf7-b2e9e5197239(uuid2716)
сент. 16, 2025 8:21:57 PM webapp.storage.AbstractStorage save
INFO: &amp#27;[32mSave b99cbbbe-b996-46f1-b485-7f72a65e740a(uuid2717)
сент. 16, 2025 8:21:57 PM webapp.storage.AbstractStorage save
INFO: &amp#27;[32mSave 498ade69-79c0-4ac7-aab8-7d05ccddc51c(uuid2718)
сент. 16, 2025 8:21:57 PM webapp.storage.AbstractStorage save
INFO: &amp#27;[32mSave 50303a84-c59c-4224-a2b3-e4cb00e0c8f6(uuid2719)
сент. 16, 2025 8:21:57 PM webapp.storage.AbstractStorage save
INFO: &amp#27;[32mSave f567b73a-d04b-4978-be4c-3a938893a8a9(uuid2720)
сент. 16, 2025 8:21:57 PM webapp.storage.AbstractStorage save
INFO: &amp#27;[32mSave 9fb3819c-0637-4542-b52d-46a5465ccdfb(uuid2721)
сент. 16, 2025 8:21:57 PM webapp.storage.AbstractStorage save
INFO: &amp#27;[32mSave c0b753e3-9c0b-42ad-b41d-8351f319254d(uuid2722)
сент. 16, 2025 8:21:57 PM webapp.storage.AbstractStorage save
INFO: &amp#27;[32mSave 1fbc2dd7-e0c1-47c7-891c-423e34448bf2(uuid2723)
сент. 16, 2025 8:21:57 PM webapp.storage.AbstractStorage save
INFO: &amp#27;[32mSave 3bc7afac-8c41-493b-b845-ef358760ceef(uuid2724)
сент. 16, 2025 8:21:57 PM webapp.storage.AbstractStorage save
INFO: &amp#27;[32mSave 631d95c6-3ee1-4d69-b579-7b7e853609bc(uuid2725)
сент. 16, 2025 8:21:57 PM webapp.storage.AbstractStorage save
INFO: &amp#27;[32mSave c1134a5f-7601-4291-8ac0-176d7512be49(uuid2726)
сент. 16, 2025 8:21:57 PM webapp.storage.AbstractStorage save
INFO: &amp#27;[32mSave dd4e2bfe-dce7-4938-bce4-8713bdf56cca(uuid2727)
сент. 16, 2025 8:21:57 PM webapp.storage.AbstractStorage save
INFO: &amp#27;[32mSave 66033565-aa0d-49b8-be46-1ff9b2e6d58e(uuid2728)
сент. 16, 2025 8:21:57 PM webapp.storage.AbstractStorage save
INFO: &amp#27;[32mSave 8c6e8f66-1527-42b3-9ebb-602f03c5b57e(uuid2729)
сент. 16, 2025 8:21:57 PM webapp.storage.AbstractStorage save
INFO: &amp#27;[32mSave fe7c7e08-0ff9-43fc-baec-a9af199e2a4b(uuid2730)
сент. 16, 2025 8:21:57 PM webapp.storage.AbstractStorage save
INFO: &amp#27;[32mSave ba489cd9-0d08-4855-8e7d-f6c01ef3723b(uuid2731)
сент. 16, 2025 8:21:57 PM webapp.storage.AbstractStorage save
INFO: &amp#27;[32mSave 952c599f-af7b-412f-a200-26251ef115ad(uuid2732)
сент. 16, 2025 8:21:57 PM webapp.storage.AbstractStorage save
INFO: &amp#27;[32mSave 5f209b33-700c-459e-beee-7352ce4d0165(uuid2733)
сент. 16, 2025 8:21:57 PM webapp.storage.AbstractStorage save
INFO: &amp#27;[32mSave 48b1d7c0-8881-4372-b5ca-7d6f150857a3(uuid2734)
сент. 16, 2025 8:21:57 PM webapp.storage.AbstractStorage save
INFO: &amp#27;[32mSave 813ee79a-8e83-4c69-8864-6d665d076c2d(uuid2735)
сент. 16, 2025 8:21:57 PM webapp.storage.AbstractStorage save
INFO: &amp#27;[32mSave abf5338f-0957-48e6-a10b-dcfd1172043f(uuid2736)
сент. 16, 2025 8:21:57 PM webapp.storage.AbstractStorage save
INFO: &amp#27;[32mSave ee90b000-2fa5-44bc-ba65-92e172299fbe(uuid2737)
сент. 16, 2025 8:21:57 PM webapp.storage.AbstractStorage save
INFO: &amp#27;[32mSave 7b571402-5a5a-4d25-b902-d90d02e29eb5(uuid2738)
сент. 16, 2025 8:21:57 PM webapp.storage.AbstractStorage save
INFO: &amp#27;[32mSave 7b3995c5-6c10-4777-9ec8-f943804372e5(uuid2739)
сент. 16, 2025 8:21:57 PM webapp.storage.AbstractStorage save
INFO: &amp#27;[32mSave 6e39d114-13be-49e6-9ac0-08dd165e5027(uuid2740)
сент. 16, 2025 8:21:57 PM webapp.storage.AbstractStorage save
INFO: &amp#27;[32mSave 10b7a12a-68d3-4128-8f8a-7f5328157dfd(uuid2741)
сент. 16, 2025 8:21:57 PM webapp.storage.AbstractStorage save
INFO: &amp#27;[32mSave c0f7596b-58b5-4b49-90c9-2d9453a83ef3(uuid2742)
сент. 16, 2025 8:21:57 PM webapp.storage.AbstractStorage save
INFO: &amp#27;[32mSave ccced20b-5b01-4676-9b88-d032b63441e3(uuid2743)
сент. 16, 2025 8:21:57 PM webapp.storage.AbstractStorage save
INFO: &amp#27;[32mSave 523db0a3-1aa9-4b23-8041-60e60e363e1a(uuid2744)
сент. 16, 2025 8:21:57 PM webapp.storage.AbstractStorage save
INFO: &amp#27;[32mSave 883a08ea-eb21-4d0b-895a-4a86c0754cb0(uuid2745)
сент. 16, 2025 8:21:57 PM webapp.storage.AbstractStorage save
INFO: &amp#27;[32mSave 7ce999a0-fa5f-4276-b225-3f9303c92354(uuid2746)
сент. 16, 2025 8:21:57 PM webapp.storage.AbstractStorage save
INFO: &amp#27;[32mSave 721f3f9d-1c86-4d75-a8d6-2105f436fc5b(uuid2747)
сент. 16, 2025 8:21:57 PM webapp.storage.AbstractStorage save
INFO: &amp#27;[32mSave 8687f419-5be0-417a-b04b-4b3f36708436(uuid2748)
сент. 16, 2025 8:21:57 PM webapp.storage.AbstractStorage save
INFO: &amp#27;[32mSave 2fa8113b-0129-4d10-bfa4-871e3e146aa6(uuid2749)
сент. 16, 2025 8:21:57 PM webapp.storage.AbstractStorage save
INFO: &amp#27;[32mSave e5957fc3-e3e8-44f9-85ad-d1d32130482a(uuid2750)
сент. 16, 2025 8:21:57 PM webapp.storage.AbstractStorage save
INFO: &amp#27;[32mSave 428a86e1-55e8-449c-9007-041399b216c5(uuid2751)
сент. 16, 2025 8:21:57 PM webapp.storage.AbstractStorage save
INFO: &amp#27;[32mSave 6340e60e-ab84-4da8-900b-ff457404d563(uuid2752)
сент. 16, 2025 8:21:57 PM webapp.storage.AbstractStorage save
INFO: &amp#27;[32mSave 6c84ffe6-8cc1-4e77-b335-d9b85ef606b8(uuid2753)
сент. 16, 2025 8:21:57 PM webapp.storage.AbstractStorage save
INFO: &amp#27;[32mSave 6bed7e52-48b1-44b6-9877-45ad0f2cbb96(uuid2754)
сент. 16, 2025 8:21:57 PM webapp.storage.AbstractStorage save
INFO: &amp#27;[32mSave d6c1f503-a7b7-48fc-854a-1b17aa90acd0(uuid2755)
сент. 16, 2025 8:21:57 PM webapp.storage.AbstractStorage save
INFO: &amp#27;[32mSave b7916516-e536-44e3-8ed9-e14902c571de(uuid2756)
сент. 16, 2025 8:21:57 PM webapp.storage.AbstractStorage save
INFO: &amp#27;[32mSave 3adea277-f4d7-4d65-9ef2-bfa73712a608(uuid2757)
сент. 16, 2025 8:21:57 PM webapp.storage.AbstractStorage save
INFO: &amp#27;[32mSave c95f7368-3bd9-4937-a739-1099e7a47f3a(uuid2758)
сент. 16, 2025 8:21:57 PM webapp.storage.AbstractStorage save
INFO: &amp#27;[32mSave c33f06c7-0a0a-47a8-bbed-58034fec390a(uuid2759)
сент. 16, 2025 8:21:57 PM webapp.storage.AbstractStorage save
INFO: &amp#27;[32mSave af1e0da5-f67c-41e3-9b45-00acd0125c75(uuid2760)
сент. 16, 2025 8:21:57 PM webapp.storage.AbstractStorage save
INFO: &amp#27;[32mSave 22826d2d-3bcb-4015-9a10-53f656839321(uuid2761)
сент. 16, 2025 8:21:57 PM webapp.storage.AbstractStorage save
INFO: &amp#27;[32mSave 43d06512-0e5d-4729-83a8-14c4b6589cea(uuid2762)
сент. 16, 2025 8:21:57 PM webapp.storage.AbstractStorage save
INFO: &amp#27;[32mSave a53084c4-83a1-4c67-9e95-b6599cafe749(uuid2763)
сент. 16, 2025 8:21:57 PM webapp.storage.AbstractStorage save
INFO: &amp#27;[32mSave 361237bb-8b4f-4abf-b94b-67742e2fbf89(uuid2764)
сент. 16, 2025 8:21:57 PM webapp.storage.AbstractStorage save
INFO: &amp#27;[32mSave a633224c-59d1-4c68-b31f-f4cb0b4f6703(uuid2765)
сент. 16, 2025 8:21:57 PM webapp.storage.AbstractStorage save
INFO: &amp#27;[32mSave a5d4b67d-ae6b-4e29-be12-d6dda715387c(uuid2766)
сент. 16, 2025 8:21:57 PM webapp.storage.AbstractStorage save
INFO: &amp#27;[32mSave 020e4291-36ac-4377-b244-346dfa7932af(uuid2767)
сент. 16, 2025 8:21:57 PM webapp.storage.AbstractStorage save
INFO: &amp#27;[32mSave b5a8f965-2a36-4ab2-a88f-7743d2f292cf(uuid2768)
сент. 16, 2025 8:21:57 PM webapp.storage.AbstractStorage save
INFO: &amp#27;[32mSave dbaa585e-006d-42c0-8436-cfd15c1fd865(uuid2769)
сент. 16, 2025 8:21:57 PM webapp.storage.AbstractStorage save
INFO: &amp#27;[32mSave 695fdb97-dd31-4995-b002-215f10104c5a(uuid2770)
сент. 16, 2025 8:21:57 PM webapp.storage.AbstractStorage save
INFO: &amp#27;[32mSave cff7c1ea-61d3-4bb4-a6e2-d11ca107e702(uuid2771)
сент. 16, 2025 8:21:57 PM webapp.storage.AbstractStorage save
INFO: &amp#27;[32mSave e9101d95-ab52-4fb0-8c25-8d6c4aa677aa(uuid2772)
сент. 16, 2025 8:21:57 PM webapp.storage.AbstractStorage save
INFO: &amp#27;[32mSave b344bf74-2220-4991-8359-ce055eef1da3(uuid2773)
сент. 16, 2025 8:21:57 PM webapp.storage.AbstractStorage save
INFO: &amp#27;[32mSave 1ff803e1-0071-4f97-a141-646f94d7e2f4(uuid2774)
сент. 16, 2025 8:21:57 PM webapp.storage.AbstractStorage save
INFO: &amp#27;[32mSave e4f4db52-94a1-4ef4-b145-01d10ca451ed(uuid2775)
сент. 16, 2025 8:21:57 PM webapp.storage.AbstractStorage save
INFO: &amp#27;[32mSave f85195a3-56c2-4182-880b-f8efe747627f(uuid2776)
сент. 16, 2025 8:21:57 PM webapp.storage.AbstractStorage save
INFO: &amp#27;[32mSave f42af6d3-abff-4b32-846a-e59e144a10d5(uuid2777)
сент. 16, 2025 8:21:57 PM webapp.storage.AbstractStorage save
INFO: &amp#27;[32mSave e4eebb76-09d3-4b4c-8256-292bc6e3e4b0(uuid2778)
сент. 16, 2025 8:21:57 PM webapp.storage.AbstractStorage save
INFO: &amp#27;[32mSave acebba64-e64f-4d98-bfb0-d4253a74c246(uuid2779)
сент. 16, 2025 8:21:57 PM webapp.storage.AbstractStorage save
INFO: &amp#27;[32mSave 1e19ee60-3f39-456c-b5ed-419ad25c1f32(uuid2780)
сент. 16, 2025 8:21:57 PM webapp.storage.AbstractStorage save
INFO: &amp#27;[32mSave b3daf970-5bc0-48e6-a714-12eaa57c6de7(uuid2781)
сент. 16, 2025 8:21:57 PM webapp.storage.AbstractStorage save
INFO: &amp#27;[32mSave 458155a9-cf74-431e-b8de-89ed4d393201(uuid2782)
сент. 16, 2025 8:21:57 PM webapp.storage.AbstractStorage save
INFO: &amp#27;[32mSave 85bebd6a-575d-45e0-8536-f195e6f999d8(uuid2783)
сент. 16, 2025 8:21:57 PM webapp.storage.AbstractStorage save
INFO: &amp#27;[32mSave 777d1cf8-e124-49b6-bd4c-878ba3836320(uuid2784)
сент. 16, 2025 8:21:57 PM webapp.storage.AbstractStorage save
INFO: &amp#27;[32mSave 46f79eb3-200d-4c21-8d61-9617ce52d0eb(uuid2785)
сент. 16, 2025 8:21:57 PM webapp.storage.AbstractStorage save
INFO: &amp#27;[32mSave 1ab1b8db-88d3-49d1-aaa3-2bc8f7c32d4d(uuid2786)
сент. 16, 2025 8:21:57 PM webapp.storage.AbstractStorage save
INFO: &amp#27;[32mSave d0ad347d-d141-40f8-9a03-b49787e36a84(uuid2787)
сент. 16, 2025 8:21:57 PM webapp.storage.AbstractStorage save
INFO: &amp#27;[32mSave 9e6d88e5-884c-4fb1-8014-3a47483b8714(uuid2788)
сент. 16, 2025 8:21:57 PM webapp.storage.AbstractStorage save
INFO: &amp#27;[32mSave 10f9a771-1bd2-4dc8-b7c8-fc21fe15b01c(uuid2789)
сент. 16, 2025 8:21:57 PM webapp.storage.AbstractStorage save
INFO: &amp#27;[32mSave b14d60f4-edbb-434a-835c-aa30a9be574c(uuid2790)
сент. 16, 2025 8:21:57 PM webapp.storage.AbstractStorage save
INFO: &amp#27;[32mSave fd96c759-3b49-480b-adcf-87424a738ea6(uuid2791)
сент. 16, 2025 8:21:57 PM webapp.storage.AbstractStorage save
INFO: &amp#27;[32mSave 0cccab8d-c0ed-4e57-9d3d-ab267df947c1(uuid2792)
сент. 16, 2025 8:21:57 PM webapp.storage.AbstractStorage save
INFO: &amp#27;[32mSave 41491ea9-7723-4619-b755-e40066c0eae7(uuid2793)
сент. 16, 2025 8:21:57 PM webapp.storage.AbstractStorage save
INFO: &amp#27;[32mSave ea1cf68d-6f5f-40a9-980f-ba5b86c817fd(uuid2794)
сент. 16, 2025 8:21:57 PM webapp.storage.AbstractStorage save
INFO: &amp#27;[32mSave 38c5b505-5323-48e7-a964-f1db2fa85afb(uuid2795)
сент. 16, 2025 8:21:57 PM webapp.storage.AbstractStorage save
INFO: &amp#27;[32mSave d9c321eb-55e8-4fce-a17d-83cd7904385c(uuid2796)
сент. 16, 2025 8:21:57 PM webapp.storage.AbstractStorage save
INFO: &amp#27;[32mSave 684056cf-5a01-4ab4-9914-77977793a669(uuid2797)
сент. 16, 2025 8:21:57 PM webapp.storage.AbstractStorage save
INFO: &amp#27;[32mSave 422a4455-8fff-4c78-93bf-c7620619dd14(uuid2798)
сент. 16, 2025 8:21:57 PM webapp.storage.AbstractStorage save
INFO: &amp#27;[32mSave e89ac770-ffdb-4721-aff1-5a2e8aae30ca(uuid2799)
сент. 16, 2025 8:21:57 PM webapp.storage.AbstractStorage save
INFO: &amp#27;[32mSave 7ad87cbe-47e3-48ba-8cbf-a4740d23fded(uuid2800)
сент. 16, 2025 8:21:57 PM webapp.storage.AbstractStorage save
INFO: &amp#27;[32mSave badbba5d-844e-4dca-9a96-f72ab3bf8995(uuid2801)
сент. 16, 2025 8:21:57 PM webapp.storage.AbstractStorage save
INFO: &amp#27;[32mSave b06c24ff-c5f2-402c-bfa0-e07c5d6a6dda(uuid2802)
сент. 16, 2025 8:21:57 PM webapp.storage.AbstractStorage save
INFO: &amp#27;[32mSave e99010a9-2c80-46dd-b3e2-be2a6d36d196(uuid2803)
сент. 16, 2025 8:21:57 PM webapp.storage.AbstractStorage save
INFO: &amp#27;[32mSave 6747caa5-a22a-4752-95a9-2333e5431eda(uuid2804)
сент. 16, 2025 8:21:57 PM webapp.storage.AbstractStorage save
INFO: &amp#27;[32mSave 0c839060-30de-4655-8fcd-1b7f317c901a(uuid2805)
сент. 16, 2025 8:21:57 PM webapp.storage.AbstractStorage save
INFO: &amp#27;[32mSave 30ea0833-983c-4cc9-8813-6c1b27dc6e28(uuid2806)
сент. 16, 2025 8:21:57 PM webapp.storage.AbstractStorage save
INFO: &amp#27;[32mSave f8b4c4ee-4f69-438e-bc9b-3ec9cbaf578d(uuid2807)
сент. 16, 2025 8:21:57 PM webapp.storage.AbstractStorage save
INFO: &amp#27;[32mSave 3b17a7dd-8f6f-4d47-9273-990d7ed3a29e(uuid2808)
сент. 16, 2025 8:21:57 PM webapp.storage.AbstractStorage save
INFO: &amp#27;[32mSave 410d350e-d97d-4046-826a-418ae7d5e02d(uuid2809)
сент. 16, 2025 8:21:57 PM webapp.storage.AbstractStorage save
INFO: &amp#27;[32mSave d06dbd97-f6f6-41b0-81db-4b0b6121efe6(uuid2810)
сент. 16, 2025 8:21:57 PM webapp.storage.AbstractStorage save
INFO: &amp#27;[32mSave dd2b2d29-147d-4929-957f-160e855df7b9(uuid2811)
сент. 16, 2025 8:21:57 PM webapp.storage.AbstractStorage save
INFO: &amp#27;[32mSave 9f4f9ca6-55ea-4506-aa9b-83ab85e00539(uuid2812)
сент. 16, 2025 8:21:57 PM webapp.storage.AbstractStorage save
INFO: &amp#27;[32mSave e9f8c712-d8d8-458d-894f-17f301103dd7(uuid2813)
сент. 16, 2025 8:21:57 PM webapp.storage.AbstractStorage save
INFO: &amp#27;[32mSave 2c8a26f2-0570-4bd6-8318-8f65750ee310(uuid2814)
сент. 16, 2025 8:21:57 PM webapp.storage.AbstractStorage save
INFO: &amp#27;[32mSave 5ddb7e6d-54e8-46dd-a2e6-d5c677f39aa9(uuid2815)
сент. 16, 2025 8:21:57 PM webapp.storage.AbstractStorage save
INFO: &amp#27;[32mSave d3a5595a-e766-492a-8fec-04e9fcc849c6(uuid2816)
сент. 16, 2025 8:21:57 PM webapp.storage.AbstractStorage save
INFO: &amp#27;[32mSave 7ea6dca3-3059-4e5d-b33c-fa14b717dff1(uuid2817)
сент. 16, 2025 8:21:57 PM webapp.storage.AbstractStorage save
INFO: &amp#27;[32mSave 12bfdde8-14de-4452-b7b3-c847a3cc5ebb(uuid2818)
сент. 16, 2025 8:21:57 PM webapp.storage.AbstractStorage save
INFO: &amp#27;[32mSave cc4fa613-a23a-467d-a026-154c41126802(uuid2819)
сент. 16, 2025 8:21:57 PM webapp.storage.AbstractStorage save
INFO: &amp#27;[32mSave cc1c30ed-5644-4ef4-aae7-ad1d981adb88(uuid2820)
сент. 16, 2025 8:21:57 PM webapp.storage.AbstractStorage save
INFO: &amp#27;[32mSave 98f20f1a-650d-463d-ba18-b60e8157e561(uuid2821)
сент. 16, 2025 8:21:57 PM webapp.storage.AbstractStorage save
INFO: &amp#27;[32mSave 10869e6c-1c14-4060-964d-35ef2ba8522b(uuid2822)
сент. 16, 2025 8:21:57 PM webapp.storage.AbstractStorage save
INFO: &amp#27;[32mSave b9bb7667-6d52-4742-8a55-abf3312f5907(uuid2823)
сент. 16, 2025 8:21:57 PM webapp.storage.AbstractStorage save
INFO: &amp#27;[32mSave df7e49f4-0a97-45f4-81ce-5bc711143bc0(uuid2824)
сент. 16, 2025 8:21:57 PM webapp.storage.AbstractStorage save
INFO: &amp#27;[32mSave 991268cc-de25-4861-b9f8-8c313d93fa3f(uuid2825)
сент. 16, 2025 8:21:57 PM webapp.storage.AbstractStorage save
INFO: &amp#27;[32mSave 57af7be9-4095-44dd-9b0c-b94f2835c84a(uuid2826)
сент. 16, 2025 8:21:57 PM webapp.storage.AbstractStorage save
INFO: &amp#27;[32mSave 96eea84b-0a53-4c59-a9cf-523cad0909d6(uuid2827)
сент. 16, 2025 8:21:57 PM webapp.storage.AbstractStorage save
INFO: &amp#27;[32mSave 3cb58c68-b3b8-438e-8138-c93457f81c59(uuid2828)
сент. 16, 2025 8:21:57 PM webapp.storage.AbstractStorage save
INFO: &amp#27;[32mSave 0ed8cf38-2898-4011-aac5-94de8a32d460(uuid2829)
сент. 16, 2025 8:21:57 PM webapp.storage.AbstractStorage save
INFO: &amp#27;[32mSave da48316c-1c1e-4e34-a5db-1f5b1b9563af(uuid2830)
сент. 16, 2025 8:21:57 PM webapp.storage.AbstractStorage save
INFO: &amp#27;[32mSave f660a2b6-bffb-4769-9a6f-9e5e07179884(uuid2831)
сент. 16, 2025 8:21:57 PM webapp.storage.AbstractStorage save
INFO: &amp#27;[32mSave 2f50f101-11b2-43fa-ac02-134419b8f50c(uuid2832)
сент. 16, 2025 8:21:57 PM webapp.storage.AbstractStorage save
INFO: &amp#27;[32mSave 2629337a-ab7f-4e08-80e3-4c0e6041addd(uuid2833)
сент. 16, 2025 8:21:57 PM webapp.storage.AbstractStorage save
INFO: &amp#27;[32mSave 8ad54bde-f315-4cd4-87f9-410a9e03201f(uuid2834)
сент. 16, 2025 8:21:57 PM webapp.storage.AbstractStorage save
INFO: &amp#27;[32mSave 9df166ce-f7a4-4f0b-8ae4-55c4b4e5db7d(uuid2835)
сент. 16, 2025 8:21:57 PM webapp.storage.AbstractStorage save
INFO: &amp#27;[32mSave b8b55fe2-2c83-4542-97ba-7a5974395b8d(uuid2836)
сент. 16, 2025 8:21:57 PM webapp.storage.AbstractStorage save
INFO: &amp#27;[32mSave c63b49c3-671f-414b-b5c5-30e426560b4b(uuid2837)
сент. 16, 2025 8:21:57 PM webapp.storage.AbstractStorage save
INFO: &amp#27;[32mSave 6bebd320-7183-4320-bff0-fedc80f0dd8d(uuid2838)
сент. 16, 2025 8:21:57 PM webapp.storage.AbstractStorage save
INFO: &amp#27;[32mSave 1bdf4373-a7c4-4b77-87e5-f9f85bd377c1(uuid2839)
сент. 16, 2025 8:21:57 PM webapp.storage.AbstractStorage save
INFO: &amp#27;[32mSave 25e55211-397c-4d35-8ce5-4cac20199144(uuid2840)
сент. 16, 2025 8:21:57 PM webapp.storage.AbstractStorage save
INFO: &amp#27;[32mSave 8ff52afd-b315-48e2-94f2-79755d40d44e(uuid2841)
сент. 16, 2025 8:21:57 PM webapp.storage.AbstractStorage save
INFO: &amp#27;[32mSave aac8aa0e-0b26-4f0f-b8c1-0fec88836fb3(uuid2842)
сент. 16, 2025 8:21:57 PM webapp.storage.AbstractStorage save
INFO: &amp#27;[32mSave 57f5bef9-7a30-4d36-96f0-951fbcb83c06(uuid2843)
сент. 16, 2025 8:21:57 PM webapp.storage.AbstractStorage save
INFO: &amp#27;[32mSave aac14950-9132-4668-b763-56e9510ede2b(uuid2844)
сент. 16, 2025 8:21:57 PM webapp.storage.AbstractStorage save
INFO: &amp#27;[32mSave ecfa7ab6-14d2-4df0-b4e9-5c40a42bfe6d(uuid2845)
сент. 16, 2025 8:21:57 PM webapp.storage.AbstractStorage save
INFO: &amp#27;[32mSave 92e80d70-54d6-42cf-a370-cc9a53a1ef85(uuid2846)
сент. 16, 2025 8:21:57 PM webapp.storage.AbstractStorage save
INFO: &amp#27;[32mSave 46d98292-000d-427c-8690-f435b10cd941(uuid2847)
сент. 16, 2025 8:21:57 PM webapp.storage.AbstractStorage save
INFO: &amp#27;[32mSave a7bc4327-3793-4a12-8ac3-58fed19b91ff(uuid2848)
сент. 16, 2025 8:21:57 PM webapp.storage.AbstractStorage save
INFO: &amp#27;[32mSave 603c1989-85c5-4571-b23e-0bc2d6d35bb1(uuid2849)
сент. 16, 2025 8:21:57 PM webapp.storage.AbstractStorage save
INFO: &amp#27;[32mSave dd97c99a-e19d-43ab-ba08-32568c43797c(uuid2850)
сент. 16, 2025 8:21:57 PM webapp.storage.AbstractStorage save
INFO: &amp#27;[32mSave e82371d8-6abd-4ae0-bafd-75ab5da95387(uuid2851)
сент. 16, 2025 8:21:57 PM webapp.storage.AbstractStorage save
INFO: &amp#27;[32mSave 14d3ece7-f89e-4409-875e-08cc9092a35d(uuid2852)
сент. 16, 2025 8:21:57 PM webapp.storage.AbstractStorage save
INFO: &amp#27;[32mSave 4567a1bf-486c-49fb-a405-bbaf3e2d0a2a(uuid2853)
сент. 16, 2025 8:21:57 PM webapp.storage.AbstractStorage save
INFO: &amp#27;[32mSave cc9e970d-0245-4121-bdd4-cf202e5002ee(uuid2854)
сент. 16, 2025 8:21:57 PM webapp.storage.AbstractStorage save
INFO: &amp#27;[32mSave 58d88570-6fa7-4beb-9678-525b7f77491f(uuid2855)
сент. 16, 2025 8:21:57 PM webapp.storage.AbstractStorage save
INFO: &amp#27;[32mSave 079cd11e-9830-4ee1-81f5-ca90f06d572d(uuid2856)
сент. 16, 2025 8:21:57 PM webapp.storage.AbstractStorage save
INFO: &amp#27;[32mSave 12096340-5f56-4062-8a18-641d7564e2e5(uuid2857)
сент. 16, 2025 8:21:57 PM webapp.storage.AbstractStorage save
INFO: &amp#27;[32mSave 818f6026-899d-4a58-b871-3811d18af505(uuid2858)
сент. 16, 2025 8:21:57 PM webapp.storage.AbstractStorage save
INFO: &amp#27;[32mSave 2f34598b-6ff0-441e-b2ee-6e5ba93c8e47(uuid2859)
сент. 16, 2025 8:21:57 PM webapp.storage.AbstractStorage save
INFO: &amp#27;[32mSave 10abc63b-c38e-4e9e-b17a-c4ccbcd7a96e(uuid2860)
сент. 16, 2025 8:21:57 PM webapp.storage.AbstractStorage save
INFO: &amp#27;[32mSave 4eb648eb-ffa2-40ac-ad96-5234cc669cdf(uuid2861)
сент. 16, 2025 8:21:57 PM webapp.storage.AbstractStorage save
INFO: &amp#27;[32mSave 49babca9-f4da-4695-8a37-d40901e32f11(uuid2862)
сент. 16, 2025 8:21:57 PM webapp.storage.AbstractStorage save
INFO: &amp#27;[32mSave 020bb756-d9a4-4b74-af9b-964a1c6ca71f(uuid2863)
сент. 16, 2025 8:21:57 PM webapp.storage.AbstractStorage save
INFO: &amp#27;[32mSave 3608ba4b-98ec-4d67-b6e6-920fffa88013(uuid2864)
сент. 16, 2025 8:21:57 PM webapp.storage.AbstractStorage save
INFO: &amp#27;[32mSave 3a523d76-a08b-4f45-88f5-2f2533c3b71c(uuid2865)
сент. 16, 2025 8:21:57 PM webapp.storage.AbstractStorage save
INFO: &amp#27;[32mSave 782c86d8-1ddd-4a5b-b73b-376ed7b467ff(uuid2866)
сент. 16, 2025 8:21:57 PM webapp.storage.AbstractStorage save
INFO: &amp#27;[32mSave 0b9bb15a-673d-442d-8d1c-7943c121ef59(uuid2867)
сент. 16, 2025 8:21:57 PM webapp.storage.AbstractStorage save
INFO: &amp#27;[32mSave 543aeddc-96c2-4a7d-ae8e-22b12a42d083(uuid2868)
сент. 16, 2025 8:21:57 PM webapp.storage.AbstractStorage save
INFO: &amp#27;[32mSave 07162780-19a0-4816-8e07-9ffff7bdd660(uuid2869)
сент. 16, 2025 8:21:57 PM webapp.storage.AbstractStorage save
INFO: &amp#27;[32mSave e164c3c5-1c0b-4058-ba4b-45a6798b0e6b(uuid2870)
сент. 16, 2025 8:21:57 PM webapp.storage.AbstractStorage save
INFO: &amp#27;[32mSave 4225750b-d3b6-45e3-a22a-598077c75360(uuid2871)
сент. 16, 2025 8:21:57 PM webapp.storage.AbstractStorage save
INFO: &amp#27;[32mSave a401ef2b-cdb6-48b2-ac29-b8874e716f4c(uuid2872)
сент. 16, 2025 8:21:57 PM webapp.storage.AbstractStorage save
INFO: &amp#27;[32mSave dc0d87d5-c180-4465-aadc-13743f8a3208(uuid2873)
сент. 16, 2025 8:21:57 PM webapp.storage.AbstractStorage save
INFO: &amp#27;[32mSave b328297e-4047-4dd7-a313-c88fc154e6de(uuid2874)
сент. 16, 2025 8:21:57 PM webapp.storage.AbstractStorage save
INFO: &amp#27;[32mSave e78b5741-055d-4958-8394-1fd087c84de4(uuid2875)
сент. 16, 2025 8:21:57 PM webapp.storage.AbstractStorage save
INFO: &amp#27;[32mSave 2b325b9f-ba70-4644-9178-1e57cf540493(uuid2876)
сент. 16, 2025 8:21:57 PM webapp.storage.AbstractStorage save
INFO: &amp#27;[32mSave 732bc527-dfba-484a-90c9-0d74de7e8c1c(uuid2877)
сент. 16, 2025 8:21:57 PM webapp.storage.AbstractStorage save
INFO: &amp#27;[32mSave f6bedf76-760f-466e-b93a-9c2d715d5635(uuid2878)
сент. 16, 2025 8:21:57 PM webapp.storage.AbstractStorage save
INFO: &amp#27;[32mSave 35bf3fd6-e585-4400-88de-12bed4d2368c(uuid2879)
сент. 16, 2025 8:21:57 PM webapp.storage.AbstractStorage save
INFO: &amp#27;[32mSave 5fdb2da9-e081-45bc-b5b2-dd257c92b7ec(uuid2880)
сент. 16, 2025 8:21:57 PM webapp.storage.AbstractStorage save
INFO: &amp#27;[32mSave ff625d35-038c-4621-bc21-474968f7e254(uuid2881)
сент. 16, 2025 8:21:57 PM webapp.storage.AbstractStorage save
INFO: &amp#27;[32mSave c0823e3e-b2b8-486b-9fd2-7a6bfac03642(uuid2882)
сент. 16, 2025 8:21:57 PM webapp.storage.AbstractStorage save
INFO: &amp#27;[32mSave c5655014-44ed-4428-9b77-fb7283c21b62(uuid2883)
сент. 16, 2025 8:21:57 PM webapp.storage.AbstractStorage save
INFO: &amp#27;[32mSave 9c3bad46-c10a-4c21-a6bb-14d48305b189(uuid2884)
сент. 16, 2025 8:21:57 PM webapp.storage.AbstractStorage save
INFO: &amp#27;[32mSave 0be12b85-feb2-4543-9ea3-e327c7dce8f6(uuid2885)
сент. 16, 2025 8:21:57 PM webapp.storage.AbstractStorage save
INFO: &amp#27;[32mSave c1a418b3-281b-405b-ac40-04377b7adf45(uuid2886)
сент. 16, 2025 8:21:57 PM webapp.storage.AbstractStorage save
INFO: &amp#27;[32mSave 15809a39-1312-4c58-97df-e17ee1de700b(uuid2887)
сент. 16, 2025 8:21:57 PM webapp.storage.AbstractStorage save
INFO: &amp#27;[32mSave a216b4db-53da-4181-b619-388ddc66b313(uuid2888)
сент. 16, 2025 8:21:57 PM webapp.storage.AbstractStorage save
INFO: &amp#27;[32mSave 545c74f0-2f1d-4fe9-82ee-3d74f2fc7dac(uuid2889)
сент. 16, 2025 8:21:57 PM webapp.storage.AbstractStorage save
INFO: &amp#27;[32mSave 9be8bdd5-405c-40e3-9352-90b35e7f1fcf(uuid2890)
сент. 16, 2025 8:21:57 PM webapp.storage.AbstractStorage save
INFO: &amp#27;[32mSave 8343cdbe-c5d9-4a83-9694-d1903eda1d47(uuid2891)
сент. 16, 2025 8:21:57 PM webapp.storage.AbstractStorage save
INFO: &amp#27;[32mSave f1fc7cb1-bd17-46a8-a270-e23b3c2981a5(uuid2892)
сент. 16, 2025 8:21:57 PM webapp.storage.AbstractStorage save
INFO: &amp#27;[32mSave f3e5601c-0f37-45f1-ae01-7fef21608f1b(uuid2893)
сент. 16, 2025 8:21:57 PM webapp.storage.AbstractStorage save
INFO: &amp#27;[32mSave a1c73428-b8f5-4d05-9ab2-2a3ce4e23113(uuid2894)
сент. 16, 2025 8:21:57 PM webapp.storage.AbstractStorage save
INFO: &amp#27;[32mSave 4f7fbdb6-0dc9-47da-8b9a-b66a4e844e08(uuid2895)
сент. 16, 2025 8:21:57 PM webapp.storage.AbstractStorage save
INFO: &amp#27;[32mSave f756ed4e-5f4b-40cd-ac4a-7570368e6be4(uuid2896)
сент. 16, 2025 8:21:57 PM webapp.storage.AbstractStorage save
INFO: &amp#27;[32mSave fbcc4dc9-8890-42f0-aafb-9f38d1bfb61c(uuid2897)
сент. 16, 2025 8:21:57 PM webapp.storage.AbstractStorage save
INFO: &amp#27;[32mSave eb531fb4-463f-46d3-b21e-0292c3a00c08(uuid2898)
сент. 16, 2025 8:21:57 PM webapp.storage.AbstractStorage save
INFO: &amp#27;[32mSave 688403bd-b1a6-4fb3-993b-0e4f8f514a01(uuid2899)
сент. 16, 2025 8:21:57 PM webapp.storage.AbstractStorage save
INFO: &amp#27;[32mSave 23b528be-e667-4560-893e-4cb2d9929735(uuid2900)
сент. 16, 2025 8:21:57 PM webapp.storage.AbstractStorage save
INFO: &amp#27;[32mSave 2f16d61b-29ef-4a5e-895d-8804a97432b0(uuid2901)
сент. 16, 2025 8:21:57 PM webapp.storage.AbstractStorage save
INFO: &amp#27;[32mSave 09956eee-2906-422c-a1ac-737ae506d806(uuid2902)
сент. 16, 2025 8:21:57 PM webapp.storage.AbstractStorage save
INFO: &amp#27;[32mSave 121176e2-cc60-40a8-aeab-27af041b2682(uuid2903)
сент. 16, 2025 8:21:57 PM webapp.storage.AbstractStorage save
INFO: &amp#27;[32mSave 8cd19e6e-5084-4057-bdb3-bb22711bd175(uuid2904)
сент. 16, 2025 8:21:57 PM webapp.storage.AbstractStorage save
INFO: &amp#27;[32mSave 429f81c7-909a-4368-a964-cee13299b41f(uuid2905)
сент. 16, 2025 8:21:57 PM webapp.storage.AbstractStorage save
INFO: &amp#27;[32mSave e50fde16-1438-4f5f-a8e7-e9b98c3e7836(uuid2906)
сент. 16, 2025 8:21:57 PM webapp.storage.AbstractStorage save
INFO: &amp#27;[32mSave b48a5be0-3edb-45b7-bd63-6a3a7c0c3eca(uuid2907)
сент. 16, 2025 8:21:57 PM webapp.storage.AbstractStorage save
INFO: &amp#27;[32mSave 95d3c1fb-3ee0-4910-a207-e3b04b3ca572(uuid2908)
сент. 16, 2025 8:21:57 PM webapp.storage.AbstractStorage save
INFO: &amp#27;[32mSave 551e673e-a668-4c6a-ade7-fb9b9ada5009(uuid2909)
сент. 16, 2025 8:21:57 PM webapp.storage.AbstractStorage save
INFO: &amp#27;[32mSave 0a5d2d2a-8b1e-44df-a5db-815c5f1b94c2(uuid2910)
сент. 16, 2025 8:21:57 PM webapp.storage.AbstractStorage save
INFO: &amp#27;[32mSave 5c533f2c-9f77-473a-800e-b7761fc52909(uuid2911)
сент. 16, 2025 8:21:57 PM webapp.storage.AbstractStorage save
INFO: &amp#27;[32mSave d5c9a486-a5ed-46b4-be35-1b1284f55bdb(uuid2912)
сент. 16, 2025 8:21:57 PM webapp.storage.AbstractStorage save
INFO: &amp#27;[32mSave 8b7a2ce2-dd11-451d-b20f-0178dd00c1ae(uuid2913)
сент. 16, 2025 8:21:57 PM webapp.storage.AbstractStorage save
INFO: &amp#27;[32mSave ca878155-566c-403d-a358-389a734f316f(uuid2914)
сент. 16, 2025 8:21:57 PM webapp.storage.AbstractStorage save
INFO: &amp#27;[32mSave 91ad8584-5f09-4409-b11b-ba4be4d1dff9(uuid2915)
сент. 16, 2025 8:21:57 PM webapp.storage.AbstractStorage save
INFO: &amp#27;[32mSave bd91290f-dba0-45c0-9ab7-1b7679b50cca(uuid2916)
сент. 16, 2025 8:21:57 PM webapp.storage.AbstractStorage save
INFO: &amp#27;[32mSave a16888c2-e2d5-4c96-b678-df2175e8b419(uuid2917)
сент. 16, 2025 8:21:57 PM webapp.storage.AbstractStorage save
INFO: &amp#27;[32mSave 21600903-0e74-4de1-be5d-9dc5dbe1cc95(uuid2918)
сент. 16, 2025 8:21:57 PM webapp.storage.AbstractStorage save
INFO: &amp#27;[32mSave a53750b8-2426-479a-90f3-9057268db08f(uuid2919)
сент. 16, 2025 8:21:57 PM webapp.storage.AbstractStorage save
INFO: &amp#27;[32mSave d1473f31-68ec-44a1-ac34-ccca393a8f61(uuid2920)
сент. 16, 2025 8:21:57 PM webapp.storage.AbstractStorage save
INFO: &amp#27;[32mSave 7eefac93-f7b7-47a9-9f7f-61ec7b0eb4b6(uuid2921)
сент. 16, 2025 8:21:57 PM webapp.storage.AbstractStorage save
INFO: &amp#27;[32mSave 64493dbf-257c-4c5e-8479-87cadec0e285(uuid2922)
сент. 16, 2025 8:21:57 PM webapp.storage.AbstractStorage save
INFO: &amp#27;[32mSave 1c45da62-3ef4-4cc3-9924-6e07415c0c16(uuid2923)
сент. 16, 2025 8:21:57 PM webapp.storage.AbstractStorage save
INFO: &amp#27;[32mSave 67fcdb02-93e1-4a22-acac-d6691fe61acc(uuid2924)
сент. 16, 2025 8:21:57 PM webapp.storage.AbstractStorage save
INFO: &amp#27;[32mSave dbc23e43-4513-4bbe-87c8-529256bf56ab(uuid2925)
сент. 16, 2025 8:21:57 PM webapp.storage.AbstractStorage save
INFO: &amp#27;[32mSave dae55a33-d9d2-4526-9908-48674e3123b0(uuid2926)
сент. 16, 2025 8:21:57 PM webapp.storage.AbstractStorage save
INFO: &amp#27;[32mSave 0fe04f94-4cf6-4aa0-b603-27a01f2b6722(uuid2927)
сент. 16, 2025 8:21:57 PM webapp.storage.AbstractStorage save
INFO: &amp#27;[32mSave 9cdbb407-9602-469f-9ca6-00cc6b617e7f(uuid2928)
сент. 16, 2025 8:21:57 PM webapp.storage.AbstractStorage save
INFO: &amp#27;[32mSave 835be3d3-fc3a-4392-bf86-a43a3d6d7a2b(uuid2929)
сент. 16, 2025 8:21:57 PM webapp.storage.AbstractStorage save
INFO: &amp#27;[32mSave 9fa1c0fa-40db-47f3-b070-c6e97018fb71(uuid2930)
сент. 16, 2025 8:21:57 PM webapp.storage.AbstractStorage save
INFO: &amp#27;[32mSave b294dad5-439c-4f27-970a-d26d55b4761e(uuid2931)
сент. 16, 2025 8:21:57 PM webapp.storage.AbstractStorage save
INFO: &amp#27;[32mSave af37c32f-ec44-446d-b638-dac8492a3cde(uuid2932)
сент. 16, 2025 8:21:57 PM webapp.storage.AbstractStorage save
INFO: &amp#27;[32mSave 7f119d59-976f-4404-95b5-3210296af637(uuid2933)
сент. 16, 2025 8:21:57 PM webapp.storage.AbstractStorage save
INFO: &amp#27;[32mSave 698a9e31-af45-4cae-8d96-fcfdc3a83d35(uuid2934)
сент. 16, 2025 8:21:57 PM webapp.storage.AbstractStorage save
INFO: &amp#27;[32mSave 27430d38-0585-4fc6-87d4-cdc85292b7bf(uuid2935)
сент. 16, 2025 8:21:57 PM webapp.storage.AbstractStorage save
INFO: &amp#27;[32mSave 7477fa05-e421-4740-b33d-fc0e664a992b(uuid2936)
сент. 16, 2025 8:21:57 PM webapp.storage.AbstractStorage save
INFO: &amp#27;[32mSave 63cec631-92bd-4bd8-8858-d541a32945db(uuid2937)
сент. 16, 2025 8:21:57 PM webapp.storage.AbstractStorage save
INFO: &amp#27;[32mSave 2f8624a6-2fcb-4373-a9a4-74e8e1287936(uuid2938)
сент. 16, 2025 8:21:57 PM webapp.storage.AbstractStorage save
INFO: &amp#27;[32mSave 4171fb73-6bad-4d20-8e2d-f8bd005bd30e(uuid2939)
сент. 16, 2025 8:21:57 PM webapp.storage.AbstractStorage save
INFO: &amp#27;[32mSave 43a5bddd-3df4-4d7f-b491-3a6ac2254e23(uuid2940)
сент. 16, 2025 8:21:57 PM webapp.storage.AbstractStorage save
INFO: &amp#27;[32mSave 4f550b07-d70f-478c-b0f0-348e14664dad(uuid2941)
сент. 16, 2025 8:21:57 PM webapp.storage.AbstractStorage save
INFO: &amp#27;[32mSave ed4d3d5a-8183-43cf-adfa-1b676968b626(uuid2942)
сент. 16, 2025 8:21:57 PM webapp.storage.AbstractStorage save
INFO: &amp#27;[32mSave 6e65f0f1-2444-418f-a7e2-3df59ccecedd(uuid2943)
сент. 16, 2025 8:21:57 PM webapp.storage.AbstractStorage save
INFO: &amp#27;[32mSave a3a04f9b-b7af-47f6-b97c-32eac101f12c(uuid2944)
сент. 16, 2025 8:21:57 PM webapp.storage.AbstractStorage save
INFO: &amp#27;[32mSave 539448de-ac4d-47a4-aaca-d2458dd12946(uuid2945)
сент. 16, 2025 8:21:57 PM webapp.storage.AbstractStorage save
INFO: &amp#27;[32mSave 6f068c09-7935-4ff0-b284-2dc9121a3f90(uuid2946)
сент. 16, 2025 8:21:57 PM webapp.storage.AbstractStorage save
INFO: &amp#27;[32mSave e5448b62-448c-482d-9a4f-323f9efbb370(uuid2947)
сент. 16, 2025 8:21:57 PM webapp.storage.AbstractStorage save
INFO: &amp#27;[32mSave a04ea84f-d2a1-409f-854e-c6ece72fa7d7(uuid2948)
сент. 16, 2025 8:21:57 PM webapp.storage.AbstractStorage save
INFO: &amp#27;[32mSave 452b3b92-fca2-43ce-9b7f-8215cfb14a67(uuid2949)
сент. 16, 2025 8:21:57 PM webapp.storage.AbstractStorage save
INFO: &amp#27;[32mSave bbf38b43-c349-48b3-8495-a973fa8c127e(uuid2950)
сент. 16, 2025 8:21:57 PM webapp.storage.AbstractStorage save
INFO: &amp#27;[32mSave 9062eef4-1ce2-4dba-a9c4-7fd84e445120(uuid2951)
сент. 16, 2025 8:21:57 PM webapp.storage.AbstractStorage save
INFO: &amp#27;[32mSave 25b91289-d3de-4d97-916f-39749c68a1ae(uuid2952)
сент. 16, 2025 8:21:57 PM webapp.storage.AbstractStorage save
INFO: &amp#27;[32mSave e1355a24-a706-4b88-ab34-2898b0058aff(uuid2953)
сент. 16, 2025 8:21:57 PM webapp.storage.AbstractStorage save
INFO: &amp#27;[32mSave 923b6e6d-8c75-4242-ae29-9daa5ddcb9a6(uuid2954)
сент. 16, 2025 8:21:57 PM webapp.storage.AbstractStorage save
INFO: &amp#27;[32mSave 49dc4880-f1cb-4ec6-8a19-140a4a5addaa(uuid2955)
сент. 16, 2025 8:21:57 PM webapp.storage.AbstractStorage save
INFO: &amp#27;[32mSave 46197d6c-aaaa-42cc-bcf1-81816ce2ecfc(uuid2956)
сент. 16, 2025 8:21:57 PM webapp.storage.AbstractStorage save
INFO: &amp#27;[32mSave eb2edec7-e746-45cc-b797-f7a06f46ab0b(uuid2957)
сент. 16, 2025 8:21:57 PM webapp.storage.AbstractStorage save
INFO: &amp#27;[32mSave 788b6240-3cd2-481f-a11b-0bb4f70962b1(uuid2958)
сент. 16, 2025 8:21:57 PM webapp.storage.AbstractStorage save
INFO: &amp#27;[32mSave cf55ad29-36b7-40c1-8c1a-4ea26245337b(uuid2959)
сент. 16, 2025 8:21:57 PM webapp.storage.AbstractStorage save
INFO: &amp#27;[32mSave cac13130-e1b8-47ba-ab1c-75f17cf4da99(uuid2960)
сент. 16, 2025 8:21:57 PM webapp.storage.AbstractStorage save
INFO: &amp#27;[32mSave 3b104e35-7a09-4cd4-bbcd-05a581236b5c(uuid2961)
сент. 16, 2025 8:21:57 PM webapp.storage.AbstractStorage save
INFO: &amp#27;[32mSave b68c5fa1-5bf9-4ce5-81ae-28456545d1fa(uuid2962)
сент. 16, 2025 8:21:57 PM webapp.storage.AbstractStorage save
INFO: &amp#27;[32mSave f775360a-8270-4c1d-95b1-cb98822ebcc8(uuid2963)
сент. 16, 2025 8:21:57 PM webapp.storage.AbstractStorage save
INFO: &amp#27;[32mSave 3a18d187-51d5-4dac-8385-a210e0d7f59e(uuid2964)
сент. 16, 2025 8:21:57 PM webapp.storage.AbstractStorage save
INFO: &amp#27;[32mSave 1cce4f85-4645-44dd-8019-cfd69e6efc0e(uuid2965)
сент. 16, 2025 8:21:57 PM webapp.storage.AbstractStorage save
INFO: &amp#27;[32mSave 5d770d52-22b2-4018-80bf-bcd066e8054f(uuid2966)
сент. 16, 2025 8:21:57 PM webapp.storage.AbstractStorage save
INFO: &amp#27;[32mSave 3fadb807-f4e4-455a-b94d-b9670e4006e9(uuid2967)
сент. 16, 2025 8:21:57 PM webapp.storage.AbstractStorage save
INFO: &amp#27;[32mSave 6bc84568-8b9a-43c4-b44c-509d7d1187d1(uuid2968)
сент. 16, 2025 8:21:57 PM webapp.storage.AbstractStorage save
INFO: &amp#27;[32mSave 1e9a4b97-475f-40f9-a7ad-cab74fc70201(uuid2969)
сент. 16, 2025 8:21:57 PM webapp.storage.AbstractStorage save
INFO: &amp#27;[32mSave 57639e86-2804-41bb-91c4-10e7e6828d32(uuid2970)
сент. 16, 2025 8:21:57 PM webapp.storage.AbstractStorage save
INFO: &amp#27;[32mSave fde1b335-90cc-48dc-8578-9bc2d479510a(uuid2971)
сент. 16, 2025 8:21:57 PM webapp.storage.AbstractStorage save
INFO: &amp#27;[32mSave 921d730b-f18e-44b7-8090-4b8e4e3729c3(uuid2972)
сент. 16, 2025 8:21:57 PM webapp.storage.AbstractStorage save
INFO: &amp#27;[32mSave 9d327617-e899-4974-b696-b2c79a9c4dd2(uuid2973)
сент. 16, 2025 8:21:57 PM webapp.storage.AbstractStorage save
INFO: &amp#27;[32mSave 40af7ae0-046e-41ae-8e0d-501759775f4e(uuid2974)
сент. 16, 2025 8:21:57 PM webapp.storage.AbstractStorage save
INFO: &amp#27;[32mSave 898345d6-09ff-4482-8f7b-3d18996cec16(uuid2975)
сент. 16, 2025 8:21:57 PM webapp.storage.AbstractStorage save
INFO: &amp#27;[32mSave b5867165-4477-4350-9b0c-daaebed9ba55(uuid2976)
сент. 16, 2025 8:21:57 PM webapp.storage.AbstractStorage save
INFO: &amp#27;[32mSave 59a42ce1-a5c7-48f3-8540-bbd118cfe9aa(uuid2977)
сент. 16, 2025 8:21:57 PM webapp.storage.AbstractStorage save
INFO: &amp#27;[32mSave 81e40155-5bb6-4886-8c15-54bfe303726a(uuid2978)
сент. 16, 2025 8:21:57 PM webapp.storage.AbstractStorage save
INFO: &amp#27;[32mSave 4c835b57-88d7-4db3-9d8c-58fc0579a876(uuid2979)
сент. 16, 2025 8:21:57 PM webapp.storage.AbstractStorage save
INFO: &amp#27;[32mSave 4a416d53-24fd-494e-b9e8-39bcfa74e33b(uuid2980)
сент. 16, 2025 8:21:57 PM webapp.storage.AbstractStorage save
INFO: &amp#27;[32mSave 35608303-c2b9-4ee3-8b7f-4e6dc14340d8(uuid2981)
сент. 16, 2025 8:21:57 PM webapp.storage.AbstractStorage save
INFO: &amp#27;[32mSave 41147a61-cc92-44e2-a48d-c76cb54357fe(uuid2982)
сент. 16, 2025 8:21:57 PM webapp.storage.AbstractStorage save
INFO: &amp#27;[32mSave bba6e204-db68-4f0a-951b-f6ab58627673(uuid2983)
сент. 16, 2025 8:21:57 PM webapp.storage.AbstractStorage save
INFO: &amp#27;[32mSave 531e3221-d6c9-49eb-8035-a4ace9ed5449(uuid2984)
сент. 16, 2025 8:21:57 PM webapp.storage.AbstractStorage save
INFO: &amp#27;[32mSave ccf7c531-5fc6-467f-84f9-32fc563d7b40(uuid2985)
сент. 16, 2025 8:21:57 PM webapp.storage.AbstractStorage save
INFO: &amp#27;[32mSave b2ca4309-6d98-465c-bec6-a2cc63dcdbb1(uuid2986)
сент. 16, 2025 8:21:57 PM webapp.storage.AbstractStorage save
INFO: &amp#27;[32mSave d3e1c394-b6b5-44f8-9c9d-2a3b2e1fadb7(uuid2987)
сент. 16, 2025 8:21:57 PM webapp.storage.AbstractStorage save
INFO: &amp#27;[32mSave 51f54834-0ac8-48ce-bb85-49fe2cc2df86(uuid2988)
сент. 16, 2025 8:21:57 PM webapp.storage.AbstractStorage save
INFO: &amp#27;[32mSave 9e2473c6-a0ab-4a23-8896-f13ccd9ed839(uuid2989)
сент. 16, 2025 8:21:57 PM webapp.storage.AbstractStorage save
INFO: &amp#27;[32mSave 7c5fe5f6-dd48-45c4-99c5-ee5c41af6fb9(uuid2990)
сент. 16, 2025 8:21:57 PM webapp.storage.AbstractStorage save
INFO: &amp#27;[32mSave 37fb5e46-8e3f-4891-9415-d2d2f3938c2a(uuid2991)
сент. 16, 2025 8:21:57 PM webapp.storage.AbstractStorage save
INFO: &amp#27;[32mSave 82a9a204-580e-4a61-9325-436a53c540e9(uuid2992)
сент. 16, 2025 8:21:57 PM webapp.storage.AbstractStorage save
INFO: &amp#27;[32mSave 37fda07b-46fb-459f-a149-dfaed57a17bf(uuid2993)
сент. 16, 2025 8:21:57 PM webapp.storage.AbstractStorage save
INFO: &amp#27;[32mSave ea40d63f-9a9c-4551-ad3a-6c4e61045db7(uuid2994)
сент. 16, 2025 8:21:57 PM webapp.storage.AbstractStorage save
INFO: &amp#27;[32mSave aba08de7-e283-442b-a982-c875e83605d3(uuid2995)
сент. 16, 2025 8:21:57 PM webapp.storage.AbstractStorage save
INFO: &amp#27;[32mSave 5a339499-758d-42b1-b968-980ebc41237a(uuid2996)
сент. 16, 2025 8:21:57 PM webapp.storage.AbstractStorage save
INFO: &amp#27;[32mSave 92c24b25-dd3f-4d69-9ec1-320131db3b7a(uuid2997)
сент. 16, 2025 8:21:57 PM webapp.storage.AbstractStorage save
INFO: &amp#27;[32mSave 0a4dc1f6-84a0-491d-90f8-243c1a4b468c(uuid2998)
сент. 16, 2025 8:21:57 PM webapp.storage.AbstractStorage save
INFO: &amp#27;[32mSave fecc20c0-8128-4614-a04e-4ad15221a3b2(uuid2999)
сент. 16, 2025 8:21:57 PM webapp.storage.AbstractStorage save
INFO: &amp#27;[32mSave 10fb9ccc-1739-4174-9020-d76f5c5905b1(uuid3000)
сент. 16, 2025 8:21:57 PM webapp.storage.AbstractStorage save
INFO: &amp#27;[32mSave 58c9380a-df04-45fd-887f-481bac6f6901(uuid3001)
сент. 16, 2025 8:21:57 PM webapp.storage.AbstractStorage save
INFO: &amp#27;[32mSave 17e6ea69-9433-406c-92c8-c2d4eb95ce90(uuid3002)
сент. 16, 2025 8:21:57 PM webapp.storage.AbstractStorage save
INFO: &amp#27;[32mSave dcacb020-4ea3-4506-b581-63ed725b8b32(uuid3003)
сент. 16, 2025 8:21:57 PM webapp.storage.AbstractStorage save
INFO: &amp#27;[32mSave 18096532-fff1-40b1-9466-142b7241244e(uuid3004)
сент. 16, 2025 8:21:57 PM webapp.storage.AbstractStorage save
INFO: &amp#27;[32mSave bbe02e3f-313e-487f-88ec-ca1dac2a4e5b(uuid3005)
сент. 16, 2025 8:21:57 PM webapp.storage.AbstractStorage save
INFO: &amp#27;[32mSave 4ce55398-86c8-4414-9869-00a092a07146(uuid3006)
сент. 16, 2025 8:21:57 PM webapp.storage.AbstractStorage save
INFO: &amp#27;[32mSave 6bc21685-ab5a-43fd-bb12-a2b8cd86bae3(uuid3007)
сент. 16, 2025 8:21:57 PM webapp.storage.AbstractStorage save
INFO: &amp#27;[32mSave 9f7a9af9-499f-4a99-9490-abc48b2580cd(uuid3008)
сент. 16, 2025 8:21:57 PM webapp.storage.AbstractStorage save
INFO: &amp#27;[32mSave a7de403a-6d71-4e90-8827-fa44b7a04b8f(uuid3009)
сент. 16, 2025 8:21:57 PM webapp.storage.AbstractStorage save
INFO: &amp#27;[32mSave e678c2b3-8fc8-4d13-8b94-d29ebfa4cc82(uuid3010)
сент. 16, 2025 8:21:57 PM webapp.storage.AbstractStorage save
INFO: &amp#27;[32mSave f3802fdf-8d97-479e-9d3d-16fb0eaaf917(uuid3011)
сент. 16, 2025 8:21:57 PM webapp.storage.AbstractStorage save
INFO: &amp#27;[32mSave e39c8a22-d7eb-41a6-b3b5-29f53ac78a08(uuid3012)
сент. 16, 2025 8:21:57 PM webapp.storage.AbstractStorage save
INFO: &amp#27;[32mSave a3b89c36-0a26-4253-9b30-5e58e3435b2e(uuid3013)
сент. 16, 2025 8:21:57 PM webapp.storage.AbstractStorage save
INFO: &amp#27;[32mSave 747e8f10-48e5-4ae4-bccb-bcd81254e8ca(uuid3014)
сент. 16, 2025 8:21:57 PM webapp.storage.AbstractStorage save
INFO: &amp#27;[32mSave c7ab4ae4-51c3-4a27-94ae-0630f00dcd66(uuid3015)
сент. 16, 2025 8:21:57 PM webapp.storage.AbstractStorage save
INFO: &amp#27;[32mSave 2864a058-8eb7-482a-8fa6-46744a7183c0(uuid3016)
сент. 16, 2025 8:21:57 PM webapp.storage.AbstractStorage save
INFO: &amp#27;[32mSave 91a1c598-1c09-4196-8bdf-7746bc162c55(uuid3017)
сент. 16, 2025 8:21:57 PM webapp.storage.AbstractStorage save
INFO: &amp#27;[32mSave b734b3b4-e617-4253-966f-e68207df5159(uuid3018)
сент. 16, 2025 8:21:57 PM webapp.storage.AbstractStorage save
INFO: &amp#27;[32mSave 2ce6d9bb-3db1-4ab7-85ad-0d908252f0e8(uuid3019)
сент. 16, 2025 8:21:57 PM webapp.storage.AbstractStorage save
INFO: &amp#27;[32mSave 5ee5b90b-d0d6-4ead-bb52-3619f7a5c8bd(uuid3020)
сент. 16, 2025 8:21:57 PM webapp.storage.AbstractStorage save
INFO: &amp#27;[32mSave 53c00603-5457-4cb8-91dd-2d17a07eafb4(uuid3021)
сент. 16, 2025 8:21:57 PM webapp.storage.AbstractStorage save
INFO: &amp#27;[32mSave c490b502-2fed-4513-b16d-ce0776719856(uuid3022)
сент. 16, 2025 8:21:57 PM webapp.storage.AbstractStorage save
INFO: &amp#27;[32mSave 7421de07-9e91-49d7-abae-9848e3af0617(uuid3023)
сент. 16, 2025 8:21:57 PM webapp.storage.AbstractStorage save
INFO: &amp#27;[32mSave 909c20f8-763d-4fd4-8971-1fb0c4985648(uuid3024)
сент. 16, 2025 8:21:57 PM webapp.storage.AbstractStorage save
INFO: &amp#27;[32mSave ae6d6e68-5c25-483c-9dd6-2866372ca6ec(uuid3025)
сент. 16, 2025 8:21:57 PM webapp.storage.AbstractStorage save
INFO: &amp#27;[32mSave 088e709c-2d40-4618-8d16-39199e33c9ca(uuid3026)
сент. 16, 2025 8:21:57 PM webapp.storage.AbstractStorage save
INFO: &amp#27;[32mSave 10664edf-ff78-49ed-b5ab-9309f4eaa604(uuid3027)
сент. 16, 2025 8:21:57 PM webapp.storage.AbstractStorage save
INFO: &amp#27;[32mSave 6d575885-9cb1-4bfe-bc6e-652644c8dbda(uuid3028)
сент. 16, 2025 8:21:57 PM webapp.storage.AbstractStorage save
INFO: &amp#27;[32mSave 4248fc8b-59de-4d3c-9abc-ea91ec8fca01(uuid3029)
сент. 16, 2025 8:21:57 PM webapp.storage.AbstractStorage save
INFO: &amp#27;[32mSave c5e64644-2dd8-4a63-9cc1-70747dd281cd(uuid3030)
сент. 16, 2025 8:21:57 PM webapp.storage.AbstractStorage save
INFO: &amp#27;[32mSave 95c08c9e-9552-4134-aed7-f16ff5e0f684(uuid3031)
сент. 16, 2025 8:21:57 PM webapp.storage.AbstractStorage save
INFO: &amp#27;[32mSave 31cdc443-cd23-4fc6-9ecd-12aff443a2ca(uuid3032)
сент. 16, 2025 8:21:57 PM webapp.storage.AbstractStorage save
INFO: &amp#27;[32mSave 1a3779aa-4995-43f8-9336-16e22c09b9b2(uuid3033)
сент. 16, 2025 8:21:57 PM webapp.storage.AbstractStorage save
INFO: &amp#27;[32mSave 48e0db5b-ee97-44d9-af31-5f791692c7e3(uuid3034)
сент. 16, 2025 8:21:57 PM webapp.storage.AbstractStorage save
INFO: &amp#27;[32mSave 31fc7ab6-d229-446e-95f2-50eb84d733ea(uuid3035)
сент. 16, 2025 8:21:57 PM webapp.storage.AbstractStorage save
INFO: &amp#27;[32mSave a649b81d-5eca-4319-a9f4-e9a860370328(uuid3036)
сент. 16, 2025 8:21:57 PM webapp.storage.AbstractStorage save
INFO: &amp#27;[32mSave df83f137-b0ff-4835-8dfb-b908a6167d28(uuid3037)
сент. 16, 2025 8:21:57 PM webapp.storage.AbstractStorage save
INFO: &amp#27;[32mSave 41e586db-77ba-4de2-b9f9-c3484c3e57be(uuid3038)
сент. 16, 2025 8:21:57 PM webapp.storage.AbstractStorage save
INFO: &amp#27;[32mSave 4e06b3fb-a650-4b8d-8e57-8307a8f99823(uuid3039)
сент. 16, 2025 8:21:57 PM webapp.storage.AbstractStorage save
INFO: &amp#27;[32mSave e852d53a-1250-4175-8626-f9c666747e4a(uuid3040)
сент. 16, 2025 8:21:57 PM webapp.storage.AbstractStorage save
INFO: &amp#27;[32mSave be14b70d-c475-49d3-8f20-617bdee1df82(uuid3041)
сент. 16, 2025 8:21:57 PM webapp.storage.AbstractStorage save
INFO: &amp#27;[32mSave 525d5c63-7fb1-481a-991d-5fef08718113(uuid3042)
сент. 16, 2025 8:21:57 PM webapp.storage.AbstractStorage save
INFO: &amp#27;[32mSave e9d14859-f413-4503-aafa-56139db405ec(uuid3043)
сент. 16, 2025 8:21:57 PM webapp.storage.AbstractStorage save
INFO: &amp#27;[32mSave 36f4396a-dd7c-46a3-9738-221a04db1aa5(uuid3044)
сент. 16, 2025 8:21:57 PM webapp.storage.AbstractStorage save
INFO: &amp#27;[32mSave 8be62d9e-7fd9-4747-975d-19a7a3cba2dc(uuid3045)
сент. 16, 2025 8:21:57 PM webapp.storage.AbstractStorage save
INFO: &amp#27;[32mSave cee0c08f-42c9-451e-85fa-5bb9d3f05b0b(uuid3046)
сент. 16, 2025 8:21:57 PM webapp.storage.AbstractStorage save
INFO: &amp#27;[32mSave ee57ee5f-ced9-4bf2-8ed5-d0c74d8ac2a4(uuid3047)
сент. 16, 2025 8:21:57 PM webapp.storage.AbstractStorage save
INFO: &amp#27;[32mSave ce2793cc-52f3-409d-a74c-80a9147b91f0(uuid3048)
сент. 16, 2025 8:21:57 PM webapp.storage.AbstractStorage save
INFO: &amp#27;[32mSave 21b2075c-b7b2-4263-a6ce-7cf2a548a274(uuid3049)
сент. 16, 2025 8:21:57 PM webapp.storage.AbstractStorage save
INFO: &amp#27;[32mSave 1fbfd775-27c3-4f3b-97ca-2d2d1064995c(uuid3050)
сент. 16, 2025 8:21:57 PM webapp.storage.AbstractStorage save
INFO: &amp#27;[32mSave 23809bb8-622e-4366-bb20-873ef6729d07(uuid3051)
сент. 16, 2025 8:21:57 PM webapp.storage.AbstractStorage save
INFO: &amp#27;[32mSave 8ffcd2e7-7928-4468-a1f6-6b700ddaec5a(uuid3052)
сент. 16, 2025 8:21:57 PM webapp.storage.AbstractStorage save
INFO: &amp#27;[32mSave bca8ebd1-72d6-40e6-b851-a5a9947cab49(uuid3053)
сент. 16, 2025 8:21:57 PM webapp.storage.AbstractStorage save
INFO: &amp#27;[32mSave af3714b9-945b-45fa-8d9d-61fe21260449(uuid3054)
сент. 16, 2025 8:21:57 PM webapp.storage.AbstractStorage save
INFO: &amp#27;[32mSave bdbbac2c-51a4-4c85-9f7a-a7eb2acf27e7(uuid3055)
сент. 16, 2025 8:21:57 PM webapp.storage.AbstractStorage save
INFO: &amp#27;[32mSave 726fdd52-52a4-46fc-bb9c-8fe235f193e3(uuid3056)
сент. 16, 2025 8:21:57 PM webapp.storage.AbstractStorage save
INFO: &amp#27;[32mSave 5b7435a7-5f8c-4ea4-ac99-a7b8dd01ec6d(uuid3057)
сент. 16, 2025 8:21:57 PM webapp.storage.AbstractStorage save
INFO: &amp#27;[32mSave 07ee84dd-97b8-4be4-a286-b189a424f3c8(uuid3058)
сент. 16, 2025 8:21:57 PM webapp.storage.AbstractStorage save
INFO: &amp#27;[32mSave 6fa8d6f1-d829-4758-8084-cf8e5e459edf(uuid3059)
сент. 16, 2025 8:21:57 PM webapp.storage.AbstractStorage save
INFO: &amp#27;[32mSave b975e837-ef6c-47d5-aaf3-3f814220fb82(uuid3060)
сент. 16, 2025 8:21:57 PM webapp.storage.AbstractStorage save
INFO: &amp#27;[32mSave ab493a83-e423-4025-ba7b-333f696d258f(uuid3061)
сент. 16, 2025 8:21:57 PM webapp.storage.AbstractStorage save
INFO: &amp#27;[32mSave 590e447c-15f5-496d-a541-5ce8d0271c19(uuid3062)
сент. 16, 2025 8:21:57 PM webapp.storage.AbstractStorage save
INFO: &amp#27;[32mSave e59a2e72-4684-4fae-a893-9415ff937391(uuid3063)
сент. 16, 2025 8:21:57 PM webapp.storage.AbstractStorage save
INFO: &amp#27;[32mSave 52124b2c-38ae-48b4-b9c9-133d700d8bdc(uuid3064)
сент. 16, 2025 8:21:57 PM webapp.storage.AbstractStorage save
INFO: &amp#27;[32mSave 12567664-5da7-4fb8-ab99-53b504d24d45(uuid3065)
сент. 16, 2025 8:21:57 PM webapp.storage.AbstractStorage save
INFO: &amp#27;[32mSave bb284a09-07a5-4c9d-918e-628abf0efb39(uuid3066)
сент. 16, 2025 8:21:57 PM webapp.storage.AbstractStorage save
INFO: &amp#27;[32mSave 8a5fd343-1e7f-4fca-9df0-0cb3205182b3(uuid3067)
сент. 16, 2025 8:21:57 PM webapp.storage.AbstractStorage save
INFO: &amp#27;[32mSave bf3159cf-5e81-4dc2-8fb7-c58bba1605f4(uuid3068)
сент. 16, 2025 8:21:57 PM webapp.storage.AbstractStorage save
INFO: &amp#27;[32mSave 7f7c55e5-a89f-4a45-bcf3-5d869c5b0e1b(uuid3069)
сент. 16, 2025 8:21:57 PM webapp.storage.AbstractStorage save
INFO: &amp#27;[32mSave 7a0695cf-2db9-4714-944d-4624ad75b8f2(uuid3070)
сент. 16, 2025 8:21:57 PM webapp.storage.AbstractStorage save
INFO: &amp#27;[32mSave 9ad60d56-be9c-45fe-8834-f251fcd0df9d(uuid3071)
сент. 16, 2025 8:21:57 PM webapp.storage.AbstractStorage save
INFO: &amp#27;[32mSave 515cb3b6-017c-43cd-8c06-70eae3e434fd(uuid3072)
сент. 16, 2025 8:21:57 PM webapp.storage.AbstractStorage save
INFO: &amp#27;[32mSave e500a988-6e17-4861-9b35-538f5f5d649c(uuid3073)
сент. 16, 2025 8:21:57 PM webapp.storage.AbstractStorage save
INFO: &amp#27;[32mSave 03adb297-2cf1-4e45-8885-5594b6344619(uuid3074)
сент. 16, 2025 8:21:57 PM webapp.storage.AbstractStorage save
INFO: &amp#27;[32mSave b06bbfe1-e933-4260-856b-934f487ba41f(uuid3075)
сент. 16, 2025 8:21:57 PM webapp.storage.AbstractStorage save
INFO: &amp#27;[32mSave fc143745-9582-4b00-87ee-fca20c2ed491(uuid3076)
сент. 16, 2025 8:21:57 PM webapp.storage.AbstractStorage save
INFO: &amp#27;[32mSave d8a827c8-0a2a-4bc3-8941-56238dcd94a4(uuid3077)
сент. 16, 2025 8:21:57 PM webapp.storage.AbstractStorage save
INFO: &amp#27;[32mSave d5fa2748-842b-4bef-8599-a26568eb7dba(uuid3078)
сент. 16, 2025 8:21:57 PM webapp.storage.AbstractStorage save
INFO: &amp#27;[32mSave b7489c9f-f94a-4e55-9e91-4da04c183d6f(uuid3079)
сент. 16, 2025 8:21:57 PM webapp.storage.AbstractStorage save
INFO: &amp#27;[32mSave b32fc7fb-123a-4f3d-a43b-b51c827899a9(uuid3080)
сент. 16, 2025 8:21:57 PM webapp.storage.AbstractStorage save
INFO: &amp#27;[32mSave d1c66a87-2e2f-4bd1-9cc7-f2ffd30d7a45(uuid3081)
сент. 16, 2025 8:21:57 PM webapp.storage.AbstractStorage save
INFO: &amp#27;[32mSave a2f3a9d9-9f28-4dfd-affe-661366598847(uuid3082)
сент. 16, 2025 8:21:57 PM webapp.storage.AbstractStorage save
INFO: &amp#27;[32mSave 3ccfb68d-f897-4b91-85f5-8ef6f420fe0b(uuid3083)
сент. 16, 2025 8:21:57 PM webapp.storage.AbstractStorage save
INFO: &amp#27;[32mSave b25efe74-15a5-407e-ae62-1c09630c06c3(uuid3084)
сент. 16, 2025 8:21:57 PM webapp.storage.AbstractStorage save
INFO: &amp#27;[32mSave 915643b6-3b2e-4057-99f3-49dff6fc2e70(uuid3085)
сент. 16, 2025 8:21:57 PM webapp.storage.AbstractStorage save
INFO: &amp#27;[32mSave f1b7dfc0-37ed-4f11-aae4-e0785f88f64b(uuid3086)
сент. 16, 2025 8:21:57 PM webapp.storage.AbstractStorage save
INFO: &amp#27;[32mSave 52d6db19-adf0-41ed-a88b-d47f5fce16c4(uuid3087)
сент. 16, 2025 8:21:57 PM webapp.storage.AbstractStorage save
INFO: &amp#27;[32mSave e68e3071-c025-411c-b228-81c928a39650(uuid3088)
сент. 16, 2025 8:21:57 PM webapp.storage.AbstractStorage save
INFO: &amp#27;[32mSave 825090ad-727e-4a61-a9b3-573f19756a21(uuid3089)
сент. 16, 2025 8:21:57 PM webapp.storage.AbstractStorage save
INFO: &amp#27;[32mSave 4141804f-0725-46cd-88cb-e2a893410839(uuid3090)
сент. 16, 2025 8:21:57 PM webapp.storage.AbstractStorage save
INFO: &amp#27;[32mSave c2bbf3b7-6e88-474e-ac97-4ad4d78097ea(uuid3091)
сент. 16, 2025 8:21:57 PM webapp.storage.AbstractStorage save
INFO: &amp#27;[32mSave f35d8d27-0e98-46eb-b29b-6fe5f5a873aa(uuid3092)
сент. 16, 2025 8:21:57 PM webapp.storage.AbstractStorage save
INFO: &amp#27;[32mSave 903ce74c-fe37-4d1a-983a-6c1da9f8c6d6(uuid3093)
сент. 16, 2025 8:21:57 PM webapp.storage.AbstractStorage save
INFO: &amp#27;[32mSave 311e6173-525c-4cdd-8489-b137cfbe62d8(uuid3094)
сент. 16, 2025 8:21:57 PM webapp.storage.AbstractStorage save
INFO: &amp#27;[32mSave bf656cfa-53e1-4d83-90f1-db8c848d579e(uuid3095)
сент. 16, 2025 8:21:57 PM webapp.storage.AbstractStorage save
INFO: &amp#27;[32mSave 9cf53a6e-ce45-46b8-b223-6e9de5e947a0(uuid3096)
сент. 16, 2025 8:21:57 PM webapp.storage.AbstractStorage save
INFO: &amp#27;[32mSave bc6cea31-1d36-4958-a705-8cdf9e0605fd(uuid3097)
сент. 16, 2025 8:21:57 PM webapp.storage.AbstractStorage save
INFO: &amp#27;[32mSave f9571321-85df-4b85-aaed-b256d5c4313a(uuid3098)
сент. 16, 2025 8:21:57 PM webapp.storage.AbstractStorage save
INFO: &amp#27;[32mSave 8b76ea2f-b3bd-4031-b049-a3fa347a1815(uuid3099)
сент. 16, 2025 8:21:57 PM webapp.storage.AbstractStorage save
INFO: &amp#27;[32mSave dbc7d994-6f2e-4571-b806-990ce379fb63(uuid3100)
сент. 16, 2025 8:21:57 PM webapp.storage.AbstractStorage save
INFO: &amp#27;[32mSave 8108125e-af59-4428-963a-2618e4d91d6d(uuid3101)
сент. 16, 2025 8:21:57 PM webapp.storage.AbstractStorage save
INFO: &amp#27;[32mSave 61dbb26b-8db6-40e5-8ccd-67f3e3ea11bb(uuid3102)
сент. 16, 2025 8:21:57 PM webapp.storage.AbstractStorage save
INFO: &amp#27;[32mSave 6c491590-68a5-4939-95cc-edd16c9b2e9e(uuid3103)
сент. 16, 2025 8:21:57 PM webapp.storage.AbstractStorage save
INFO: &amp#27;[32mSave 2c67322f-889d-4399-8c2d-8111000dbd67(uuid3104)
сент. 16, 2025 8:21:57 PM webapp.storage.AbstractStorage save
INFO: &amp#27;[32mSave a247e107-8e94-45c7-8923-60166d9b06c5(uuid3105)
сент. 16, 2025 8:21:57 PM webapp.storage.AbstractStorage save
INFO: &amp#27;[32mSave 5fea2825-36d2-4c4d-bb65-5b894cbd79f8(uuid3106)
сент. 16, 2025 8:21:57 PM webapp.storage.AbstractStorage save
INFO: &amp#27;[32mSave 6b3fbf62-8882-497e-b8d0-785bed3a7806(uuid3107)
сент. 16, 2025 8:21:57 PM webapp.storage.AbstractStorage save
INFO: &amp#27;[32mSave c69cf662-8ce0-406d-bdf0-dd9a2b27fe80(uuid3108)
сент. 16, 2025 8:21:57 PM webapp.storage.AbstractStorage save
INFO: &amp#27;[32mSave 34d2c02b-fb34-4c36-ba44-f5f949994006(uuid3109)
сент. 16, 2025 8:21:57 PM webapp.storage.AbstractStorage save
INFO: &amp#27;[32mSave d9dd9373-41b9-4984-807d-6ea4b7b9659d(uuid3110)
сент. 16, 2025 8:21:57 PM webapp.storage.AbstractStorage save
INFO: &amp#27;[32mSave 2ed1bdd7-0d9b-4d3c-accf-6a7f3c12023c(uuid3111)
сент. 16, 2025 8:21:57 PM webapp.storage.AbstractStorage save
INFO: &amp#27;[32mSave 8bc11052-14ca-4336-b93f-af3ff823298b(uuid3112)
сент. 16, 2025 8:21:57 PM webapp.storage.AbstractStorage save
INFO: &amp#27;[32mSave 999ea716-e56e-4e67-8816-d95b6a09b081(uuid3113)
сент. 16, 2025 8:21:57 PM webapp.storage.AbstractStorage save
INFO: &amp#27;[32mSave a98be5f6-1e73-47af-9348-8a43a044512c(uuid3114)
сент. 16, 2025 8:21:57 PM webapp.storage.AbstractStorage save
INFO: &amp#27;[32mSave ccc4fd03-1ca7-4cd0-adb6-ffc22e66c200(uuid3115)
сент. 16, 2025 8:21:57 PM webapp.storage.AbstractStorage save
INFO: &amp#27;[32mSave 1492958e-9498-4e36-b5ae-67caae0ca2f9(uuid3116)
сент. 16, 2025 8:21:57 PM webapp.storage.AbstractStorage save
INFO: &amp#27;[32mSave e4b84891-4cc5-4c78-8528-53ca9214030e(uuid3117)
сент. 16, 2025 8:21:57 PM webapp.storage.AbstractStorage save
INFO: &amp#27;[32mSave 722b448e-0ce2-4ba9-a149-4e8449d714a0(uuid3118)
сент. 16, 2025 8:21:57 PM webapp.storage.AbstractStorage save
INFO: &amp#27;[32mSave 9f7c551d-a0cc-4f03-8efb-fed3b4e21156(uuid3119)
сент. 16, 2025 8:21:57 PM webapp.storage.AbstractStorage save
INFO: &amp#27;[32mSave 2cd5c042-f7e3-4362-bc49-0e76a2f37a12(uuid3120)
сент. 16, 2025 8:21:57 PM webapp.storage.AbstractStorage save
INFO: &amp#27;[32mSave 95c65ee5-5ba2-400d-91dc-d131c7460bfd(uuid3121)
сент. 16, 2025 8:21:57 PM webapp.storage.AbstractStorage save
INFO: &amp#27;[32mSave 6ba82f93-e38a-4826-8e51-5a86a8d966fe(uuid3122)
сент. 16, 2025 8:21:57 PM webapp.storage.AbstractStorage save
INFO: &amp#27;[32mSave 194a2f06-a214-46fe-8e4c-f152189bbe88(uuid3123)
сент. 16, 2025 8:21:57 PM webapp.storage.AbstractStorage save
INFO: &amp#27;[32mSave 649b0422-ca5c-43e2-8047-4edfa439a113(uuid3124)
сент. 16, 2025 8:21:57 PM webapp.storage.AbstractStorage save
INFO: &amp#27;[32mSave 720f2f7a-5dbd-49df-917a-8e39c915aa20(uuid3125)
сент. 16, 2025 8:21:57 PM webapp.storage.AbstractStorage save
INFO: &amp#27;[32mSave aea979df-c544-431a-bf63-2f8a03cf72a1(uuid3126)
сент. 16, 2025 8:21:57 PM webapp.storage.AbstractStorage save
INFO: &amp#27;[32mSave 6ec3aa1b-cb66-4fde-9370-e634dbeaf97f(uuid3127)
сент. 16, 2025 8:21:57 PM webapp.storage.AbstractStorage save
INFO: &amp#27;[32mSave 0d45f784-384f-4465-89a5-3789b68eb17a(uuid3128)
сент. 16, 2025 8:21:57 PM webapp.storage.AbstractStorage save
INFO: &amp#27;[32mSave 52fbc042-9fc7-4266-85c9-4eaab5076aef(uuid3129)
сент. 16, 2025 8:21:57 PM webapp.storage.AbstractStorage save
INFO: &amp#27;[32mSave 27a7984a-8e80-4a28-a397-b26c879f2006(uuid3130)
сент. 16, 2025 8:21:57 PM webapp.storage.AbstractStorage save
INFO: &amp#27;[32mSave 481f3181-2584-4dcc-ab41-13a3a8309133(uuid3131)
сент. 16, 2025 8:21:57 PM webapp.storage.AbstractStorage save
INFO: &amp#27;[32mSave 9fd0eb4b-d934-4969-9415-60bc01a6be66(uuid3132)
сент. 16, 2025 8:21:57 PM webapp.storage.AbstractStorage save
INFO: &amp#27;[32mSave 4716f4cc-0b48-44a3-92d7-e4456b93888c(uuid3133)
сент. 16, 2025 8:21:57 PM webapp.storage.AbstractStorage save
INFO: &amp#27;[32mSave 0867ea6b-3431-42a2-b3a8-080c80c5b6cd(uuid3134)
сент. 16, 2025 8:21:57 PM webapp.storage.AbstractStorage save
INFO: &amp#27;[32mSave e9cfb097-c28d-4c06-9b52-d5225da2af8f(uuid3135)
сент. 16, 2025 8:21:57 PM webapp.storage.AbstractStorage save
INFO: &amp#27;[32mSave 5f283c79-ca32-49ec-9d64-1fc7cf01bdf4(uuid3136)
сент. 16, 2025 8:21:57 PM webapp.storage.AbstractStorage save
INFO: &amp#27;[32mSave f4dcba1e-723b-4f27-942c-c087cf9c0eca(uuid3137)
сент. 16, 2025 8:21:57 PM webapp.storage.AbstractStorage save
INFO: &amp#27;[32mSave dc85171b-e0a3-41c9-a1df-1b29bdbdf882(uuid3138)
сент. 16, 2025 8:21:57 PM webapp.storage.AbstractStorage save
INFO: &amp#27;[32mSave 73c88d27-6602-4ac3-b14f-3f9ab49c1290(uuid3139)
сент. 16, 2025 8:21:57 PM webapp.storage.AbstractStorage save
INFO: &amp#27;[32mSave e8eeea12-ac82-4a3c-a387-b5f25ec54c9d(uuid3140)
сент. 16, 2025 8:21:57 PM webapp.storage.AbstractStorage save
INFO: &amp#27;[32mSave 2b41f403-a27a-4dec-a792-7dd836440142(uuid3141)
сент. 16, 2025 8:21:57 PM webapp.storage.AbstractStorage save
INFO: &amp#27;[32mSave 494240d6-b306-4971-b1d8-3e1a944b9d88(uuid3142)
сент. 16, 2025 8:21:57 PM webapp.storage.AbstractStorage save
INFO: &amp#27;[32mSave f2a200de-f138-4889-868b-12dab0bf462f(uuid3143)
сент. 16, 2025 8:21:57 PM webapp.storage.AbstractStorage save
INFO: &amp#27;[32mSave 6788838c-a2c8-4b06-bc8f-22f8ddfb8989(uuid3144)
сент. 16, 2025 8:21:57 PM webapp.storage.AbstractStorage save
INFO: &amp#27;[32mSave 891fbbc3-0413-4cdf-96f9-fab32ee14828(uuid3145)
сент. 16, 2025 8:21:57 PM webapp.storage.AbstractStorage save
INFO: &amp#27;[32mSave 8c696c79-3940-4d80-bc59-3d6fd57b8bc1(uuid3146)
сент. 16, 2025 8:21:57 PM webapp.storage.AbstractStorage save
INFO: &amp#27;[32mSave a81633aa-7e61-4d0c-9b03-c58f1313f82a(uuid3147)
сент. 16, 2025 8:21:57 PM webapp.storage.AbstractStorage save
INFO: &amp#27;[32mSave ce204540-c70f-4eb5-b14b-93fc45082c76(uuid3148)
сент. 16, 2025 8:21:57 PM webapp.storage.AbstractStorage save
INFO: &amp#27;[32mSave 5bf01a8a-4d37-4bfc-b8bc-3794c2044a6d(uuid3149)
сент. 16, 2025 8:21:57 PM webapp.storage.AbstractStorage save
INFO: &amp#27;[32mSave 6ab3e123-0920-4551-af9d-4c3225c2527e(uuid3150)
сент. 16, 2025 8:21:57 PM webapp.storage.AbstractStorage save
INFO: &amp#27;[32mSave db168e5e-76cf-4c3d-a715-ff8952675e1c(uuid3151)
сент. 16, 2025 8:21:57 PM webapp.storage.AbstractStorage save
INFO: &amp#27;[32mSave 17f9fc56-d001-4c92-b534-c97c2b6e550d(uuid3152)
сент. 16, 2025 8:21:57 PM webapp.storage.AbstractStorage save
INFO: &amp#27;[32mSave bc9281fb-fa13-4679-84d9-7f15bd2e1dbd(uuid3153)
сент. 16, 2025 8:21:57 PM webapp.storage.AbstractStorage save
INFO: &amp#27;[32mSave d6dfa123-041f-496e-a424-087fd6cee6ac(uuid3154)
сент. 16, 2025 8:21:57 PM webapp.storage.AbstractStorage save
INFO: &amp#27;[32mSave a2d131ef-551f-488e-a2b2-162e7a08c19a(uuid3155)
сент. 16, 2025 8:21:57 PM webapp.storage.AbstractStorage save
INFO: &amp#27;[32mSave f7983467-4910-4b21-bfa7-ed7d67c23e73(uuid3156)
сент. 16, 2025 8:21:57 PM webapp.storage.AbstractStorage save
INFO: &amp#27;[32mSave bf3b728d-f721-4a64-b8c0-20bfc6dd87da(uuid3157)
сент. 16, 2025 8:21:57 PM webapp.storage.AbstractStorage save
INFO: &amp#27;[32mSave f0fb6c1d-8fbb-424f-8dd0-51e243bef731(uuid3158)
сент. 16, 2025 8:21:57 PM webapp.storage.AbstractStorage save
INFO: &amp#27;[32mSave 1df263eb-0449-4100-b501-1e6f5b30db09(uuid3159)
сент. 16, 2025 8:21:57 PM webapp.storage.AbstractStorage save
INFO: &amp#27;[32mSave a391c7c6-393a-442e-a883-54ad1ee60aea(uuid3160)
сент. 16, 2025 8:21:57 PM webapp.storage.AbstractStorage save
INFO: &amp#27;[32mSave 723d9a79-0ceb-4aa3-b602-90c547ab9150(uuid3161)
сент. 16, 2025 8:21:57 PM webapp.storage.AbstractStorage save
INFO: &amp#27;[32mSave c7da9130-1f66-4e31-a6ce-81498e925714(uuid3162)
сент. 16, 2025 8:21:57 PM webapp.storage.AbstractStorage save
INFO: &amp#27;[32mSave 604c1573-5250-4f91-ad3b-53960ed22d59(uuid3163)
сент. 16, 2025 8:21:57 PM webapp.storage.AbstractStorage save
INFO: &amp#27;[32mSave 8452da76-5f8b-4c74-82d3-c88ad3d01ef6(uuid3164)
сент. 16, 2025 8:21:57 PM webapp.storage.AbstractStorage save
INFO: &amp#27;[32mSave 05eba0c2-d179-4ea6-8f4b-dd0da7274097(uuid3165)
сент. 16, 2025 8:21:57 PM webapp.storage.AbstractStorage save
INFO: &amp#27;[32mSave b28e0c0c-6ac2-41ad-98a7-69d95bda7e12(uuid3166)
сент. 16, 2025 8:21:57 PM webapp.storage.AbstractStorage save
INFO: &amp#27;[32mSave befe5ed6-5900-4878-b107-7150194e9f33(uuid3167)
сент. 16, 2025 8:21:57 PM webapp.storage.AbstractStorage save
INFO: &amp#27;[32mSave 7e129272-9ac3-4ea3-84b7-03c023d36b09(uuid3168)
сент. 16, 2025 8:21:57 PM webapp.storage.AbstractStorage save
INFO: &amp#27;[32mSave 4c092883-ee1b-4868-a496-4ddadb0591ae(uuid3169)
сент. 16, 2025 8:21:57 PM webapp.storage.AbstractStorage save
INFO: &amp#27;[32mSave 964519d6-762f-4288-bde2-8e7603cf6c72(uuid3170)
сент. 16, 2025 8:21:57 PM webapp.storage.AbstractStorage save
INFO: &amp#27;[32mSave d5353e1d-8155-4476-8333-59284f372f89(uuid3171)
сент. 16, 2025 8:21:57 PM webapp.storage.AbstractStorage save
INFO: &amp#27;[32mSave c7c3fe24-de03-4820-a029-bfed70d9e65a(uuid3172)
сент. 16, 2025 8:21:57 PM webapp.storage.AbstractStorage save
INFO: &amp#27;[32mSave 4cd4a6be-089a-4403-9be5-6c7ce26ec221(uuid3173)
сент. 16, 2025 8:21:57 PM webapp.storage.AbstractStorage save
INFO: &amp#27;[32mSave 9e8f7155-1691-4fd5-8499-3d61c668bdfc(uuid3174)
сент. 16, 2025 8:21:57 PM webapp.storage.AbstractStorage save
INFO: &amp#27;[32mSave 6531b100-85e8-42cd-a6a3-71509db29d10(uuid3175)
сент. 16, 2025 8:21:57 PM webapp.storage.AbstractStorage save
INFO: &amp#27;[32mSave b343fd0b-71a5-4d41-864d-2caac8347869(uuid3176)
сент. 16, 2025 8:21:57 PM webapp.storage.AbstractStorage save
INFO: &amp#27;[32mSave 49161668-8612-46a4-a0f3-d6016721baeb(uuid3177)
сент. 16, 2025 8:21:57 PM webapp.storage.AbstractStorage save
INFO: &amp#27;[32mSave 18a5eca5-7a9a-41cc-b731-5c543925e1ec(uuid3178)
сент. 16, 2025 8:21:57 PM webapp.storage.AbstractStorage save
INFO: &amp#27;[32mSave 9e7a28d4-aeae-4f77-a4b3-b2a81d9c5b34(uuid3179)
сент. 16, 2025 8:21:57 PM webapp.storage.AbstractStorage save
INFO: &amp#27;[32mSave efc96660-90a7-44da-89e6-3a38e60d079e(uuid3180)
сент. 16, 2025 8:21:57 PM webapp.storage.AbstractStorage save
INFO: &amp#27;[32mSave cfb37c55-656b-4909-8d24-9e86eef67adb(uuid3181)
сент. 16, 2025 8:21:57 PM webapp.storage.AbstractStorage save
INFO: &amp#27;[32mSave 67d4e96f-9502-4a1c-aabb-cd8fff84326e(uuid3182)
сент. 16, 2025 8:21:57 PM webapp.storage.AbstractStorage save
INFO: &amp#27;[32mSave ec637275-0b7d-415e-b1d2-e646fddf2498(uuid3183)
сент. 16, 2025 8:21:57 PM webapp.storage.AbstractStorage save
INFO: &amp#27;[32mSave 20f7cdec-5c7d-4263-867c-0c5cff3b5b06(uuid3184)
сент. 16, 2025 8:21:57 PM webapp.storage.AbstractStorage save
INFO: &amp#27;[32mSave 6d5e04d6-c0e1-4c15-bd52-5be1f08df1fe(uuid3185)
сент. 16, 2025 8:21:57 PM webapp.storage.AbstractStorage save
INFO: &amp#27;[32mSave f5a9e89f-8c87-4200-9aec-478986e0ebf8(uuid3186)
сент. 16, 2025 8:21:57 PM webapp.storage.AbstractStorage save
INFO: &amp#27;[32mSave f243290c-4ea2-4e66-89f2-0d791e1f8f98(uuid3187)
сент. 16, 2025 8:21:57 PM webapp.storage.AbstractStorage save
INFO: &amp#27;[32mSave e34ed705-8c37-4b80-87cd-48319520a145(uuid3188)
сент. 16, 2025 8:21:57 PM webapp.storage.AbstractStorage save
INFO: &amp#27;[32mSave cf14e1b3-763a-4367-9253-78befd23a47a(uuid3189)
сент. 16, 2025 8:21:57 PM webapp.storage.AbstractStorage save
INFO: &amp#27;[32mSave 54c058dd-8aaa-43c1-b53f-d76cfc2a953e(uuid3190)
сент. 16, 2025 8:21:57 PM webapp.storage.AbstractStorage save
INFO: &amp#27;[32mSave 9cb8329e-8fe8-4e1b-b881-39dc74713feb(uuid3191)
сент. 16, 2025 8:21:57 PM webapp.storage.AbstractStorage save
INFO: &amp#27;[32mSave 9b447757-7001-49ad-9559-c560f7585b35(uuid3192)
сент. 16, 2025 8:21:57 PM webapp.storage.AbstractStorage save
INFO: &amp#27;[32mSave 9b11630a-b902-4e24-a3d2-56e3d575ed7f(uuid3193)
сент. 16, 2025 8:21:57 PM webapp.storage.AbstractStorage save
INFO: &amp#27;[32mSave 0fe3bb40-4ed5-4137-8279-4bb7c503d82e(uuid3194)
сент. 16, 2025 8:21:57 PM webapp.storage.AbstractStorage save
INFO: &amp#27;[32mSave ca69c287-624c-4e85-9bd6-0ccffbec65ca(uuid3195)
сент. 16, 2025 8:21:57 PM webapp.storage.AbstractStorage save
INFO: &amp#27;[32mSave edbd0fb6-56cb-479e-b398-651ed3ede528(uuid3196)
сент. 16, 2025 8:21:57 PM webapp.storage.AbstractStorage save
INFO: &amp#27;[32mSave 062070da-2848-45e1-8142-5ca48cd6f242(uuid3197)
сент. 16, 2025 8:21:57 PM webapp.storage.AbstractStorage save
INFO: &amp#27;[32mSave d8c8c882-a04d-4fbe-95c4-c664d8ded8c5(uuid3198)
сент. 16, 2025 8:21:57 PM webapp.storage.AbstractStorage save
INFO: &amp#27;[32mSave 6e70df37-8e12-474e-928d-a7fd3835f660(uuid3199)
сент. 16, 2025 8:21:57 PM webapp.storage.AbstractStorage save
INFO: &amp#27;[32mSave 268d9e71-6709-4e1f-ab0d-c819c10c23b6(uuid3200)
сент. 16, 2025 8:21:57 PM webapp.storage.AbstractStorage save
INFO: &amp#27;[32mSave dbdceb76-f09e-4c29-ac93-39d3b6f7b162(uuid3201)
сент. 16, 2025 8:21:57 PM webapp.storage.AbstractStorage save
INFO: &amp#27;[32mSave c91d594b-9906-4ae4-a724-eae2d1ce7853(uuid3202)
сент. 16, 2025 8:21:57 PM webapp.storage.AbstractStorage save
INFO: &amp#27;[32mSave 9ec5ff4e-e75d-4a61-9567-8c02741bcf1b(uuid3203)
сент. 16, 2025 8:21:57 PM webapp.storage.AbstractStorage save
INFO: &amp#27;[32mSave 8886205e-90e4-4090-921b-3f56eb082df5(uuid3204)
сент. 16, 2025 8:21:57 PM webapp.storage.AbstractStorage save
INFO: &amp#27;[32mSave 30527919-4e36-45ad-baa1-006b25badfb2(uuid3205)
сент. 16, 2025 8:21:57 PM webapp.storage.AbstractStorage save
INFO: &amp#27;[32mSave 980cca02-0601-49ae-a05e-defc7d678758(uuid3206)
сент. 16, 2025 8:21:57 PM webapp.storage.AbstractStorage save
INFO: &amp#27;[32mSave a6207d5c-8652-4f44-bcdf-0d8fe4d4d697(uuid3207)
сент. 16, 2025 8:21:57 PM webapp.storage.AbstractStorage save
INFO: &amp#27;[32mSave ccca4799-8176-4f78-a385-80252759f8a6(uuid3208)
сент. 16, 2025 8:21:57 PM webapp.storage.AbstractStorage save
INFO: &amp#27;[32mSave 573c5f2b-4eea-4e70-a437-00831226c1a9(uuid3209)
сент. 16, 2025 8:21:57 PM webapp.storage.AbstractStorage save
INFO: &amp#27;[32mSave 21e7ce01-787e-44a9-bb08-042098671933(uuid3210)
сент. 16, 2025 8:21:57 PM webapp.storage.AbstractStorage save
INFO: &amp#27;[32mSave deebf28e-29e0-453c-b4de-466b97752407(uuid3211)
сент. 16, 2025 8:21:57 PM webapp.storage.AbstractStorage save
INFO: &amp#27;[32mSave 524c5fe0-9bc0-4642-ad6c-fc32f10700bf(uuid3212)
сент. 16, 2025 8:21:57 PM webapp.storage.AbstractStorage save
INFO: &amp#27;[32mSave 578c1bd1-338f-4b99-941f-8d78da0bcb5d(uuid3213)
сент. 16, 2025 8:21:57 PM webapp.storage.AbstractStorage save
INFO: &amp#27;[32mSave ca31618f-026f-47d5-8325-b5ef04cd560e(uuid3214)
сент. 16, 2025 8:21:57 PM webapp.storage.AbstractStorage save
INFO: &amp#27;[32mSave 668ca161-fc71-4afa-96e5-55d48a773086(uuid3215)
сент. 16, 2025 8:21:57 PM webapp.storage.AbstractStorage save
INFO: &amp#27;[32mSave 641d2cbc-0da0-4651-ae99-44f5aa420f66(uuid3216)
сент. 16, 2025 8:21:57 PM webapp.storage.AbstractStorage save
INFO: &amp#27;[32mSave 2d3f316b-00e8-44ff-94bd-78b5cfe117d0(uuid3217)
сент. 16, 2025 8:21:57 PM webapp.storage.AbstractStorage save
INFO: &amp#27;[32mSave ed808497-be4e-42ed-a194-19feea935f23(uuid3218)
сент. 16, 2025 8:21:57 PM webapp.storage.AbstractStorage save
INFO: &amp#27;[32mSave 06a060f0-fdf3-47f9-8c4e-b4062e316a28(uuid3219)
сент. 16, 2025 8:21:57 PM webapp.storage.AbstractStorage save
INFO: &amp#27;[32mSave 71b82e8f-8d00-4d15-94a1-6bf8925c28fb(uuid3220)
сент. 16, 2025 8:21:57 PM webapp.storage.AbstractStorage save
INFO: &amp#27;[32mSave 1de8b8bf-deef-4785-8eca-3c5b35835c6c(uuid3221)
сент. 16, 2025 8:21:57 PM webapp.storage.AbstractStorage save
INFO: &amp#27;[32mSave b9d8181e-1ec8-4e2e-be4b-7631f9dea49b(uuid3222)
сент. 16, 2025 8:21:57 PM webapp.storage.AbstractStorage save
INFO: &amp#27;[32mSave e85f748d-336a-490f-be5f-5e6d22a730a2(uuid3223)
сент. 16, 2025 8:21:57 PM webapp.storage.AbstractStorage save
INFO: &amp#27;[32mSave e2e80a6b-0f23-42af-9cfe-7349fc7d679d(uuid3224)
сент. 16, 2025 8:21:57 PM webapp.storage.AbstractStorage save
INFO: &amp#27;[32mSave c0e352a9-5188-48d3-9ce7-dc095f3da755(uuid3225)
сент. 16, 2025 8:21:57 PM webapp.storage.AbstractStorage save
INFO: &amp#27;[32mSave a1213f6b-84a3-44c8-ae97-3403584d9849(uuid3226)
сент. 16, 2025 8:21:57 PM webapp.storage.AbstractStorage save
INFO: &amp#27;[32mSave 7f167448-e421-4825-b4b2-75ab8fab0399(uuid3227)
сент. 16, 2025 8:21:57 PM webapp.storage.AbstractStorage save
INFO: &amp#27;[32mSave 34b4d3d3-421e-4866-8388-90c2d205fba7(uuid3228)
сент. 16, 2025 8:21:57 PM webapp.storage.AbstractStorage save
INFO: &amp#27;[32mSave 4d19797d-a9bb-449f-bfe5-097e0c55d488(uuid3229)
сент. 16, 2025 8:21:57 PM webapp.storage.AbstractStorage save
INFO: &amp#27;[32mSave 4bcc7f96-90f2-41c8-a28f-4f06ff50c3fb(uuid3230)
сент. 16, 2025 8:21:57 PM webapp.storage.AbstractStorage save
INFO: &amp#27;[32mSave b862f7be-ed4a-4245-9595-9257cf5b553f(uuid3231)
сент. 16, 2025 8:21:57 PM webapp.storage.AbstractStorage save
INFO: &amp#27;[32mSave 17cefebb-03aa-499c-b84c-60ef0157eeb5(uuid3232)
сент. 16, 2025 8:21:57 PM webapp.storage.AbstractStorage save
INFO: &amp#27;[32mSave ea611977-3d2c-4728-b588-2e2486260e72(uuid3233)
сент. 16, 2025 8:21:57 PM webapp.storage.AbstractStorage save
INFO: &amp#27;[32mSave d054498a-25a6-45d7-8805-1fd4978ff831(uuid3234)
сент. 16, 2025 8:21:57 PM webapp.storage.AbstractStorage save
INFO: &amp#27;[32mSave cce3bb3b-a47c-4056-ab4c-f9d0ba69e53d(uuid3235)
сент. 16, 2025 8:21:57 PM webapp.storage.AbstractStorage save
INFO: &amp#27;[32mSave b5d49eaa-6559-453d-9d6d-21dac2a1d47a(uuid3236)
сент. 16, 2025 8:21:57 PM webapp.storage.AbstractStorage save
INFO: &amp#27;[32mSave bbf0a026-fc1d-4711-abf6-83a4014bceba(uuid3237)
сент. 16, 2025 8:21:57 PM webapp.storage.AbstractStorage save
INFO: &amp#27;[32mSave f3955bd9-52e2-4e9c-a700-dded28c843cc(uuid3238)
сент. 16, 2025 8:21:57 PM webapp.storage.AbstractStorage save
INFO: &amp#27;[32mSave 3a8edc96-ad53-4a0d-a9dc-47a298a5a8e7(uuid3239)
сент. 16, 2025 8:21:57 PM webapp.storage.AbstractStorage save
INFO: &amp#27;[32mSave c165cf8d-c5e1-4cd5-9014-ce348fb62849(uuid3240)
сент. 16, 2025 8:21:57 PM webapp.storage.AbstractStorage save
INFO: &amp#27;[32mSave 9e7457ce-63f7-451c-931e-36f1c07cc0ab(uuid3241)
сент. 16, 2025 8:21:57 PM webapp.storage.AbstractStorage save
INFO: &amp#27;[32mSave 5aaf78ce-e0d0-40b3-bc74-48e16352b3a0(uuid3242)
сент. 16, 2025 8:21:57 PM webapp.storage.AbstractStorage save
INFO: &amp#27;[32mSave 6769a4c5-2d4a-425e-828f-bdeaab45df59(uuid3243)
сент. 16, 2025 8:21:57 PM webapp.storage.AbstractStorage save
INFO: &amp#27;[32mSave c78cf434-6a0c-4496-9d04-667b307c8e12(uuid3244)
сент. 16, 2025 8:21:57 PM webapp.storage.AbstractStorage save
INFO: &amp#27;[32mSave aeeabd96-1503-488b-91f6-3d13b0464bc9(uuid3245)
сент. 16, 2025 8:21:57 PM webapp.storage.AbstractStorage save
INFO: &amp#27;[32mSave f08e183e-f513-4353-99c1-4895521880c7(uuid3246)
сент. 16, 2025 8:21:57 PM webapp.storage.AbstractStorage save
INFO: &amp#27;[32mSave f4eb21f6-10a2-43a7-b8cc-965fc0527996(uuid3247)
сент. 16, 2025 8:21:57 PM webapp.storage.AbstractStorage save
INFO: &amp#27;[32mSave 9bfad24c-4028-4acb-bfa3-f9fa253baeba(uuid3248)
сент. 16, 2025 8:21:57 PM webapp.storage.AbstractStorage save
INFO: &amp#27;[32mSave 49a7ce38-c984-4a50-b89d-4894dba3df70(uuid3249)
сент. 16, 2025 8:21:57 PM webapp.storage.AbstractStorage save
INFO: &amp#27;[32mSave fea53bd4-dee1-4cb4-89db-b23c4a4b8163(uuid3250)
сент. 16, 2025 8:21:57 PM webapp.storage.AbstractStorage save
INFO: &amp#27;[32mSave ee4b292a-fd43-4d07-b836-3266e5b7ebc7(uuid3251)
сент. 16, 2025 8:21:57 PM webapp.storage.AbstractStorage save
INFO: &amp#27;[32mSave e388aabf-aadd-4774-9013-c79bf55fd107(uuid3252)
сент. 16, 2025 8:21:57 PM webapp.storage.AbstractStorage save
INFO: &amp#27;[32mSave d6f7d54c-9297-4ee5-926b-287960ac44db(uuid3253)
сент. 16, 2025 8:21:57 PM webapp.storage.AbstractStorage save
INFO: &amp#27;[32mSave b73eefb3-7481-428c-8283-7b9ec4f9efda(uuid3254)
сент. 16, 2025 8:21:57 PM webapp.storage.AbstractStorage save
INFO: &amp#27;[32mSave e67b114b-109f-470a-93e5-c19cdbc8c14d(uuid3255)
сент. 16, 2025 8:21:57 PM webapp.storage.AbstractStorage save
INFO: &amp#27;[32mSave d0448e32-e6a0-472d-a4c1-9b38ef0e37bf(uuid3256)
сент. 16, 2025 8:21:57 PM webapp.storage.AbstractStorage save
INFO: &amp#27;[32mSave 1fb25396-4426-4e32-b797-c08d72d36d3a(uuid3257)
сент. 16, 2025 8:21:57 PM webapp.storage.AbstractStorage save
INFO: &amp#27;[32mSave c8e99600-7e55-4950-91b0-ad7fa4a4b180(uuid3258)
сент. 16, 2025 8:21:57 PM webapp.storage.AbstractStorage save
INFO: &amp#27;[32mSave 395e0a02-7e0c-45c0-85f5-728545232c3e(uuid3259)
сент. 16, 2025 8:21:57 PM webapp.storage.AbstractStorage save
INFO: &amp#27;[32mSave aecc61f2-1119-48a0-9d0a-dcaef29c21e2(uuid3260)
сент. 16, 2025 8:21:57 PM webapp.storage.AbstractStorage save
INFO: &amp#27;[32mSave 1992cc34-1deb-48a3-817f-4e995a6af853(uuid3261)
сент. 16, 2025 8:21:57 PM webapp.storage.AbstractStorage save
INFO: &amp#27;[32mSave aa80ea74-a0fa-4667-a1da-50f2da0ad586(uuid3262)
сент. 16, 2025 8:21:57 PM webapp.storage.AbstractStorage save
INFO: &amp#27;[32mSave 756a52e0-09b1-49fc-b697-82aec8745047(uuid3263)
сент. 16, 2025 8:21:57 PM webapp.storage.AbstractStorage save
INFO: &amp#27;[32mSave 7aa7af61-4d16-42fa-9b46-9ba4ec065dc0(uuid3264)
сент. 16, 2025 8:21:57 PM webapp.storage.AbstractStorage save
INFO: &amp#27;[32mSave 63eeb08a-bf95-46be-9fb8-01c526df939f(uuid3265)
сент. 16, 2025 8:21:57 PM webapp.storage.AbstractStorage save
INFO: &amp#27;[32mSave 1d37fdd3-66fd-4d85-8455-300234a683ff(uuid3266)
сент. 16, 2025 8:21:57 PM webapp.storage.AbstractStorage save
INFO: &amp#27;[32mSave b53817f4-e0fb-422c-b02c-2aef7b46db0c(uuid3267)
сент. 16, 2025 8:21:57 PM webapp.storage.AbstractStorage save
INFO: &amp#27;[32mSave 67b70984-17a6-4a52-969a-29faef52ff15(uuid3268)
сент. 16, 2025 8:21:57 PM webapp.storage.AbstractStorage save
INFO: &amp#27;[32mSave 4b7ebbff-faf0-4274-b7f4-4dfc494ef07b(uuid3269)
сент. 16, 2025 8:21:57 PM webapp.storage.AbstractStorage save
INFO: &amp#27;[32mSave a58fb685-0d17-4201-92a4-a73175362e9a(uuid3270)
сент. 16, 2025 8:21:57 PM webapp.storage.AbstractStorage save
INFO: &amp#27;[32mSave 29f34e39-4e57-4a2c-bf49-05a1fec470b0(uuid3271)
сент. 16, 2025 8:21:57 PM webapp.storage.AbstractStorage save
INFO: &amp#27;[32mSave 25f81295-3b3e-4e1a-88f7-86464415ba62(uuid3272)
сент. 16, 2025 8:21:57 PM webapp.storage.AbstractStorage save
INFO: &amp#27;[32mSave db6057a1-2d69-4413-9471-bdbec3df2a83(uuid3273)
сент. 16, 2025 8:21:57 PM webapp.storage.AbstractStorage save
INFO: &amp#27;[32mSave cddc4b56-f032-4246-bc1d-2b5b168a3cd0(uuid3274)
сент. 16, 2025 8:21:57 PM webapp.storage.AbstractStorage save
INFO: &amp#27;[32mSave c6bd94ca-f16a-41be-8198-94438ec476d1(uuid3275)
сент. 16, 2025 8:21:57 PM webapp.storage.AbstractStorage save
INFO: &amp#27;[32mSave 0da89733-2d8d-4ebd-923b-67c1411435a3(uuid3276)
сент. 16, 2025 8:21:57 PM webapp.storage.AbstractStorage save
INFO: &amp#27;[32mSave c04761eb-5399-4546-b6f1-195a2affc4c1(uuid3277)
сент. 16, 2025 8:21:57 PM webapp.storage.AbstractStorage save
INFO: &amp#27;[32mSave 1bd88917-9d3f-4cda-8454-1ef2a74f40ef(uuid3278)
сент. 16, 2025 8:21:57 PM webapp.storage.AbstractStorage save
INFO: &amp#27;[32mSave 73f813db-3c4e-4b4b-83c5-fcebb2c4095e(uuid3279)
сент. 16, 2025 8:21:57 PM webapp.storage.AbstractStorage save
INFO: &amp#27;[32mSave 3e9cdbdf-89e2-4f7c-bdd3-8615e556b4c2(uuid3280)
сент. 16, 2025 8:21:57 PM webapp.storage.AbstractStorage save
INFO: &amp#27;[32mSave 91b5e4a1-9cf2-46e5-883b-343de99c830b(uuid3281)
сент. 16, 2025 8:21:57 PM webapp.storage.AbstractStorage save
INFO: &amp#27;[32mSave 3b3c63bb-f0f0-4bc4-87fa-40ab557d2daf(uuid3282)
сент. 16, 2025 8:21:57 PM webapp.storage.AbstractStorage save
INFO: &amp#27;[32mSave f811f1ca-7762-44d8-90d2-4ae35acac08d(uuid3283)
сент. 16, 2025 8:21:57 PM webapp.storage.AbstractStorage save
INFO: &amp#27;[32mSave 78328c4b-ed95-4757-8f30-eb3861183819(uuid3284)
сент. 16, 2025 8:21:57 PM webapp.storage.AbstractStorage save
INFO: &amp#27;[32mSave bf759743-0e42-4621-9556-8c0782ffd826(uuid3285)
сент. 16, 2025 8:21:57 PM webapp.storage.AbstractStorage save
INFO: &amp#27;[32mSave 2548d4ed-529f-4537-96a4-434d4c8e4553(uuid3286)
сент. 16, 2025 8:21:57 PM webapp.storage.AbstractStorage save
INFO: &amp#27;[32mSave a7263659-b295-4dd9-bf51-8117a4d4a7f3(uuid3287)
сент. 16, 2025 8:21:57 PM webapp.storage.AbstractStorage save
INFO: &amp#27;[32mSave 37469982-94a3-44f9-ba00-865539eb60fa(uuid3288)
сент. 16, 2025 8:21:57 PM webapp.storage.AbstractStorage save
INFO: &amp#27;[32mSave 63ac6051-eee7-4258-8f54-4c9a05962b51(uuid3289)
сент. 16, 2025 8:21:57 PM webapp.storage.AbstractStorage save
INFO: &amp#27;[32mSave 4ffa201e-8f22-41e8-b3f9-b10975b910ac(uuid3290)
сент. 16, 2025 8:21:57 PM webapp.storage.AbstractStorage save
INFO: &amp#27;[32mSave e485e035-7f16-4500-a913-dded1612d6dd(uuid3291)
сент. 16, 2025 8:21:57 PM webapp.storage.AbstractStorage save
INFO: &amp#27;[32mSave 84406968-8ec6-4e96-9fd7-6311e18716a6(uuid3292)
сент. 16, 2025 8:21:57 PM webapp.storage.AbstractStorage save
INFO: &amp#27;[32mSave 6c7ba9d0-8ba5-4230-9324-a09cd2913320(uuid3293)
сент. 16, 2025 8:21:57 PM webapp.storage.AbstractStorage save
INFO: &amp#27;[32mSave 52df07c8-cf47-4bd6-90e2-a1207a90fdce(uuid3294)
сент. 16, 2025 8:21:57 PM webapp.storage.AbstractStorage save
INFO: &amp#27;[32mSave 175ea8c6-05bd-4568-b56f-ffec2bd450b6(uuid3295)
сент. 16, 2025 8:21:57 PM webapp.storage.AbstractStorage save
INFO: &amp#27;[32mSave b8f640ca-b18c-41fe-b81d-3e74b7988bb4(uuid3296)
сент. 16, 2025 8:21:57 PM webapp.storage.AbstractStorage save
INFO: &amp#27;[32mSave 08b2983e-4e74-4aa5-906e-d84055ee2ad6(uuid3297)
сент. 16, 2025 8:21:57 PM webapp.storage.AbstractStorage save
INFO: &amp#27;[32mSave 73c585b6-0cc4-42e3-bfdf-a137a2dfa0b9(uuid3298)
сент. 16, 2025 8:21:57 PM webapp.storage.AbstractStorage save
INFO: &amp#27;[32mSave 367b5fd0-d1eb-4e16-b62e-827384a4e8c4(uuid3299)
сент. 16, 2025 8:21:57 PM webapp.storage.AbstractStorage save
INFO: &amp#27;[32mSave 91bf0b4a-b5ce-4a4a-b7ca-f9b34430e146(uuid3300)
сент. 16, 2025 8:21:57 PM webapp.storage.AbstractStorage save
INFO: &amp#27;[32mSave 526c8f31-4a03-4541-aa4d-6089d465b231(uuid3301)
сент. 16, 2025 8:21:57 PM webapp.storage.AbstractStorage save
INFO: &amp#27;[32mSave 7a17932a-2243-4577-9092-e4c84aed5bd5(uuid3302)
сент. 16, 2025 8:21:57 PM webapp.storage.AbstractStorage save
INFO: &amp#27;[32mSave 004ebf1a-d1ba-48fd-9ea9-19ee846ff576(uuid3303)
сент. 16, 2025 8:21:57 PM webapp.storage.AbstractStorage save
INFO: &amp#27;[32mSave d3be8bb1-0d1e-4ccf-9912-f49a3426a553(uuid3304)
сент. 16, 2025 8:21:57 PM webapp.storage.AbstractStorage save
INFO: &amp#27;[32mSave 34410aff-5e4f-4cec-b1be-84d0ccdeda4a(uuid3305)
сент. 16, 2025 8:21:57 PM webapp.storage.AbstractStorage save
INFO: &amp#27;[32mSave ae9998dd-4396-4a9b-b775-59ebb3a7e356(uuid3306)
сент. 16, 2025 8:21:57 PM webapp.storage.AbstractStorage save
INFO: &amp#27;[32mSave 47e1ac1f-76f9-44d8-a9d8-d2485d8f4940(uuid3307)
сент. 16, 2025 8:21:57 PM webapp.storage.AbstractStorage save
INFO: &amp#27;[32mSave 9985cc9e-2444-4fa5-bd24-caadec9c0e2d(uuid3308)
сент. 16, 2025 8:21:57 PM webapp.storage.AbstractStorage save
INFO: &amp#27;[32mSave 1b52e1ad-579d-477e-a0f4-4b731e3e7a83(uuid3309)
сент. 16, 2025 8:21:57 PM webapp.storage.AbstractStorage save
INFO: &amp#27;[32mSave 247c39d6-582e-485b-ac2f-5d3a59dfbace(uuid3310)
сент. 16, 2025 8:21:57 PM webapp.storage.AbstractStorage save
INFO: &amp#27;[32mSave c8a68ca7-3e8d-47f5-a30b-ff05896919ac(uuid3311)
сент. 16, 2025 8:21:57 PM webapp.storage.AbstractStorage save
INFO: &amp#27;[32mSave 33fd1483-bdfa-4214-bffe-7440d05f720a(uuid3312)
сент. 16, 2025 8:21:57 PM webapp.storage.AbstractStorage save
INFO: &amp#27;[32mSave 5327d23c-42ea-4ca0-8c6c-0724c00b2ff1(uuid3313)
сент. 16, 2025 8:21:57 PM webapp.storage.AbstractStorage save
INFO: &amp#27;[32mSave 0b149d65-cde8-4ebe-ab11-c93a172b2947(uuid3314)
сент. 16, 2025 8:21:57 PM webapp.storage.AbstractStorage save
INFO: &amp#27;[32mSave 3236acd6-f709-4b6f-876b-f01671425bd2(uuid3315)
сент. 16, 2025 8:21:57 PM webapp.storage.AbstractStorage save
INFO: &amp#27;[32mSave d1abc22c-887b-4ba4-99e5-60e69ee558e8(uuid3316)
сент. 16, 2025 8:21:57 PM webapp.storage.AbstractStorage save
INFO: &amp#27;[32mSave affad9df-e004-4ff7-9c4d-28c9e1c141e9(uuid3317)
сент. 16, 2025 8:21:57 PM webapp.storage.AbstractStorage save
INFO: &amp#27;[32mSave 50ac4e63-1e9e-4ee9-819e-d7d957b9fe8a(uuid3318)
сент. 16, 2025 8:21:57 PM webapp.storage.AbstractStorage save
INFO: &amp#27;[32mSave 38024760-a282-4ee4-9d99-43ba29500818(uuid3319)
сент. 16, 2025 8:21:57 PM webapp.storage.AbstractStorage save
INFO: &amp#27;[32mSave 16806ae4-8e20-4f77-8bc7-e4fac0db2ef8(uuid3320)
сент. 16, 2025 8:21:57 PM webapp.storage.AbstractStorage save
INFO: &amp#27;[32mSave c62fcf19-4f10-4d5a-be69-766e720de710(uuid3321)
сент. 16, 2025 8:21:57 PM webapp.storage.AbstractStorage save
INFO: &amp#27;[32mSave a0d87307-743e-4c07-990a-e7f852db85da(uuid3322)
сент. 16, 2025 8:21:57 PM webapp.storage.AbstractStorage save
INFO: &amp#27;[32mSave daf8dd86-156a-40a5-8877-f095beab0377(uuid3323)
сент. 16, 2025 8:21:57 PM webapp.storage.AbstractStorage save
INFO: &amp#27;[32mSave 2d221536-3f52-4612-b345-056c5f1e7ce8(uuid3324)
сент. 16, 2025 8:21:57 PM webapp.storage.AbstractStorage save
INFO: &amp#27;[32mSave a48a3205-c6b2-4e52-bc6f-1b9da9690a32(uuid3325)
сент. 16, 2025 8:21:57 PM webapp.storage.AbstractStorage save
INFO: &amp#27;[32mSave 0b3d2d82-cebd-46d8-ae0c-7c19abb52bca(uuid3326)
сент. 16, 2025 8:21:57 PM webapp.storage.AbstractStorage save
INFO: &amp#27;[32mSave 062861cd-497b-41fb-bdaa-cb4e1378a53f(uuid3327)
сент. 16, 2025 8:21:57 PM webapp.storage.AbstractStorage save
INFO: &amp#27;[32mSave aeb91b7b-bb65-4e70-a10f-87a49b652f88(uuid3328)
сент. 16, 2025 8:21:57 PM webapp.storage.AbstractStorage save
INFO: &amp#27;[32mSave 58e32b80-2825-4423-a9d0-317bcc701b9d(uuid3329)
сент. 16, 2025 8:21:57 PM webapp.storage.AbstractStorage save
INFO: &amp#27;[32mSave 3a7fe1ab-6525-460b-bb50-0d0207c17328(uuid3330)
сент. 16, 2025 8:21:57 PM webapp.storage.AbstractStorage save
INFO: &amp#27;[32mSave 1d59a4ed-3790-47e3-b835-08f7fd65c6d8(uuid3331)
сент. 16, 2025 8:21:57 PM webapp.storage.AbstractStorage save
INFO: &amp#27;[32mSave f65cbcf1-b661-4efd-83f9-1a7e36b9ba51(uuid3332)
сент. 16, 2025 8:21:57 PM webapp.storage.AbstractStorage save
INFO: &amp#27;[32mSave 3d40b3c6-4183-448c-afdf-a705c767cb72(uuid3333)
сент. 16, 2025 8:21:57 PM webapp.storage.AbstractStorage save
INFO: &amp#27;[32mSave a8b6aee0-f984-412d-b642-2e3428eb1664(uuid3334)
сент. 16, 2025 8:21:57 PM webapp.storage.AbstractStorage save
INFO: &amp#27;[32mSave a470b484-5eff-4e01-8047-58672bc2c1e0(uuid3335)
сент. 16, 2025 8:21:57 PM webapp.storage.AbstractStorage save
INFO: &amp#27;[32mSave dd8f47dc-7846-46dc-bed2-e3182ed07065(uuid3336)
сент. 16, 2025 8:21:57 PM webapp.storage.AbstractStorage save
INFO: &amp#27;[32mSave a16d456a-470d-4d56-9a94-4bfaf32012df(uuid3337)
сент. 16, 2025 8:21:57 PM webapp.storage.AbstractStorage save
INFO: &amp#27;[32mSave 8d26b14e-d207-4b85-b676-3f3a7fb16633(uuid3338)
сент. 16, 2025 8:21:57 PM webapp.storage.AbstractStorage save
INFO: &amp#27;[32mSave 3fef630a-c0ec-4bee-ae5a-e47a65c85366(uuid3339)
сент. 16, 2025 8:21:57 PM webapp.storage.AbstractStorage save
INFO: &amp#27;[32mSave d884ce1c-af17-47cb-9154-73108ff903ea(uuid3340)
сент. 16, 2025 8:21:57 PM webapp.storage.AbstractStorage save
INFO: &amp#27;[32mSave b548aa79-7fac-43fa-a07d-c386a11f7de7(uuid3341)
сент. 16, 2025 8:21:57 PM webapp.storage.AbstractStorage save
INFO: &amp#27;[32mSave d2818ab5-9ee4-4489-9cb3-789c7e57233d(uuid3342)
сент. 16, 2025 8:21:57 PM webapp.storage.AbstractStorage save
INFO: &amp#27;[32mSave 2a5a0c53-b42b-47ae-b6a4-dfcb7075367d(uuid3343)
сент. 16, 2025 8:21:57 PM webapp.storage.AbstractStorage save
INFO: &amp#27;[32mSave 4f5051e3-2b9d-4524-9bd8-89dab8621e57(uuid3344)
сент. 16, 2025 8:21:57 PM webapp.storage.AbstractStorage save
INFO: &amp#27;[32mSave 0c8bc3bc-3099-4de8-b5d7-ec3580a27851(uuid3345)
сент. 16, 2025 8:21:57 PM webapp.storage.AbstractStorage save
INFO: &amp#27;[32mSave 8f0c2c02-4f5b-4cc3-acd3-d8e9c8ac4e57(uuid3346)
сент. 16, 2025 8:21:57 PM webapp.storage.AbstractStorage save
INFO: &amp#27;[32mSave 7abf39b1-0706-4351-b1c5-0e44884ada49(uuid3347)
сент. 16, 2025 8:21:57 PM webapp.storage.AbstractStorage save
INFO: &amp#27;[32mSave 5b1abfdd-567a-4495-b066-e386cfd7438c(uuid3348)
сент. 16, 2025 8:21:57 PM webapp.storage.AbstractStorage save
INFO: &amp#27;[32mSave 7b96f9f4-bed2-458b-a8f3-889cf52407fb(uuid3349)
сент. 16, 2025 8:21:57 PM webapp.storage.AbstractStorage save
INFO: &amp#27;[32mSave c831c59e-a6b3-4b9f-bda7-63b42fe4fa93(uuid3350)
сент. 16, 2025 8:21:57 PM webapp.storage.AbstractStorage save
INFO: &amp#27;[32mSave 6f181912-7656-4375-8634-9f2a59c0917c(uuid3351)
сент. 16, 2025 8:21:57 PM webapp.storage.AbstractStorage save
INFO: &amp#27;[32mSave dfbaa895-036a-44d2-bc7e-15f6e57c9ec3(uuid3352)
сент. 16, 2025 8:21:57 PM webapp.storage.AbstractStorage save
INFO: &amp#27;[32mSave 5066bbbf-a2b6-48da-a611-7d741784163f(uuid3353)
сент. 16, 2025 8:21:57 PM webapp.storage.AbstractStorage save
INFO: &amp#27;[32mSave 051276f1-f267-4d25-9e11-c1ec172d4c2e(uuid3354)
сент. 16, 2025 8:21:57 PM webapp.storage.AbstractStorage save
INFO: &amp#27;[32mSave 14c03c51-525b-4ed2-a93a-7926e3b60b13(uuid3355)
сент. 16, 2025 8:21:57 PM webapp.storage.AbstractStorage save
INFO: &amp#27;[32mSave 7a3ecc50-8855-4054-bed8-68893160323b(uuid3356)
сент. 16, 2025 8:21:57 PM webapp.storage.AbstractStorage save
INFO: &amp#27;[32mSave c6702b51-c24d-4c50-ba44-c1c68277b567(uuid3357)
сент. 16, 2025 8:21:57 PM webapp.storage.AbstractStorage save
INFO: &amp#27;[32mSave 6cc457c5-1558-4329-bc24-927c6be0ecc2(uuid3358)
сент. 16, 2025 8:21:57 PM webapp.storage.AbstractStorage save
INFO: &amp#27;[32mSave 06962051-56b3-447a-b374-525adbb5b131(uuid3359)
сент. 16, 2025 8:21:57 PM webapp.storage.AbstractStorage save
INFO: &amp#27;[32mSave f18283d1-d785-41ee-9845-45d00933d816(uuid3360)
сент. 16, 2025 8:21:57 PM webapp.storage.AbstractStorage save
INFO: &amp#27;[32mSave d8387f3c-875e-4c91-9992-39a5e32d75ae(uuid3361)
сент. 16, 2025 8:21:57 PM webapp.storage.AbstractStorage save
INFO: &amp#27;[32mSave eb83a6f7-df1f-4526-b6bc-eaa1a38c597c(uuid3362)
сент. 16, 2025 8:21:57 PM webapp.storage.AbstractStorage save
INFO: &amp#27;[32mSave 8968fd22-c9db-4d12-83f5-734ad98fc22f(uuid3363)
сент. 16, 2025 8:21:57 PM webapp.storage.AbstractStorage save
INFO: &amp#27;[32mSave 76943cd7-a3a6-465a-8cb5-72b612d4ab40(uuid3364)
сент. 16, 2025 8:21:57 PM webapp.storage.AbstractStorage save
INFO: &amp#27;[32mSave 613a4972-71f7-42d4-a0b4-2023baf57abb(uuid3365)
сент. 16, 2025 8:21:57 PM webapp.storage.AbstractStorage save
INFO: &amp#27;[32mSave a988333f-bf96-49dc-a55c-02f3fe811ce7(uuid3366)
сент. 16, 2025 8:21:57 PM webapp.storage.AbstractStorage save
INFO: &amp#27;[32mSave 54b484fb-62db-4177-9404-3d197263047e(uuid3367)
сент. 16, 2025 8:21:57 PM webapp.storage.AbstractStorage save
INFO: &amp#27;[32mSave dc058fa2-9e88-47c0-8a68-16b6f37cc3e2(uuid3368)
сент. 16, 2025 8:21:57 PM webapp.storage.AbstractStorage save
INFO: &amp#27;[32mSave 8e0b7a6c-21dd-4b30-9a8a-77f77299952a(uuid3369)
сент. 16, 2025 8:21:57 PM webapp.storage.AbstractStorage save
INFO: &amp#27;[32mSave 7f00b091-5141-416f-8ce5-ee74874d9530(uuid3370)
сент. 16, 2025 8:21:57 PM webapp.storage.AbstractStorage save
INFO: &amp#27;[32mSave 1eae1cc1-8d0e-4167-b2ca-c59b605a82b0(uuid3371)
сент. 16, 2025 8:21:57 PM webapp.storage.AbstractStorage save
INFO: &amp#27;[32mSave c201a9f2-6364-4949-b05d-d5f457ed4d99(uuid3372)
сент. 16, 2025 8:21:57 PM webapp.storage.AbstractStorage save
INFO: &amp#27;[32mSave 91a8d951-3384-43f0-95bf-0f04da37dde2(uuid3373)
сент. 16, 2025 8:21:57 PM webapp.storage.AbstractStorage save
INFO: &amp#27;[32mSave 6304cca5-782b-4c51-a20f-0015a69ba192(uuid3374)
сент. 16, 2025 8:21:57 PM webapp.storage.AbstractStorage save
INFO: &amp#27;[32mSave bc90202c-32d6-410a-ba9d-c83e9b2b9ad0(uuid3375)
сент. 16, 2025 8:21:57 PM webapp.storage.AbstractStorage save
INFO: &amp#27;[32mSave b051afd2-7eb3-4b6f-a8a7-09a482260e52(uuid3376)
сент. 16, 2025 8:21:57 PM webapp.storage.AbstractStorage save
INFO: &amp#27;[32mSave 36a35a59-4e35-4b36-aea8-a7cd41640c84(uuid3377)
сент. 16, 2025 8:21:57 PM webapp.storage.AbstractStorage save
INFO: &amp#27;[32mSave cc5ff7f6-1206-448a-aa25-9bed25d97eac(uuid3378)
сент. 16, 2025 8:21:57 PM webapp.storage.AbstractStorage save
INFO: &amp#27;[32mSave a90621c2-80ba-483d-812b-96efff0648ef(uuid3379)
сент. 16, 2025 8:21:57 PM webapp.storage.AbstractStorage save
INFO: &amp#27;[32mSave fbe38ab1-9aef-4c7f-b722-5d59bb6725ba(uuid3380)
сент. 16, 2025 8:21:57 PM webapp.storage.AbstractStorage save
INFO: &amp#27;[32mSave 99412e5c-0613-4c6c-a943-b65be1a7530d(uuid3381)
сент. 16, 2025 8:21:57 PM webapp.storage.AbstractStorage save
INFO: &amp#27;[32mSave a6aac062-beb1-45b8-9f8e-10a30eaa670d(uuid3382)
сент. 16, 2025 8:21:57 PM webapp.storage.AbstractStorage save
INFO: &amp#27;[32mSave 1ee929f8-480b-4477-98c1-e5924d209ae1(uuid3383)
сент. 16, 2025 8:21:57 PM webapp.storage.AbstractStorage save
INFO: &amp#27;[32mSave 497371e3-5dd7-4205-a5fb-4eb5980ad9b3(uuid3384)
сент. 16, 2025 8:21:57 PM webapp.storage.AbstractStorage save
INFO: &amp#27;[32mSave 20316abf-e90d-4993-a64a-28559d31c964(uuid3385)
сент. 16, 2025 8:21:57 PM webapp.storage.AbstractStorage save
INFO: &amp#27;[32mSave 1345125c-5898-4321-9f7a-3b44938b4268(uuid3386)
сент. 16, 2025 8:21:57 PM webapp.storage.AbstractStorage save
INFO: &amp#27;[32mSave 4826f677-2d0d-45eb-ae46-833f5b1b5f92(uuid3387)
сент. 16, 2025 8:21:57 PM webapp.storage.AbstractStorage save
INFO: &amp#27;[32mSave 0e170973-3f8d-4bcb-8eea-fad3b22c2639(uuid3388)
сент. 16, 2025 8:21:57 PM webapp.storage.AbstractStorage save
INFO: &amp#27;[32mSave ebd26e8b-6915-402b-9949-e957296497ed(uuid3389)
сент. 16, 2025 8:21:57 PM webapp.storage.AbstractStorage save
INFO: &amp#27;[32mSave b89020b7-9436-436c-855a-d93cda8f0d18(uuid3390)
сент. 16, 2025 8:21:57 PM webapp.storage.AbstractStorage save
INFO: &amp#27;[32mSave c5a94c28-8ec3-4a02-ad00-502c0749dfc3(uuid3391)
сент. 16, 2025 8:21:57 PM webapp.storage.AbstractStorage save
INFO: &amp#27;[32mSave f8fdb466-3b9d-444b-ae84-aa3204523734(uuid3392)
сент. 16, 2025 8:21:57 PM webapp.storage.AbstractStorage save
INFO: &amp#27;[32mSave fb46a4cb-df77-46c5-ad89-446c34714434(uuid3393)
сент. 16, 2025 8:21:57 PM webapp.storage.AbstractStorage save
INFO: &amp#27;[32mSave b6b907d7-3207-4d01-b4eb-f58b0198f649(uuid3394)
сент. 16, 2025 8:21:57 PM webapp.storage.AbstractStorage save
INFO: &amp#27;[32mSave 4ad45f47-f989-486a-8c5f-2184708df449(uuid3395)
сент. 16, 2025 8:21:57 PM webapp.storage.AbstractStorage save
INFO: &amp#27;[32mSave f3ad858b-f948-4d88-9f91-d767e228b49c(uuid3396)
сент. 16, 2025 8:21:57 PM webapp.storage.AbstractStorage save
INFO: &amp#27;[32mSave 913d9f5c-db39-4aba-92df-881f8f43e67c(uuid3397)
сент. 16, 2025 8:21:57 PM webapp.storage.AbstractStorage save
INFO: &amp#27;[32mSave 0b00c128-82f8-4ed5-89b6-0a9f9e57618a(uuid3398)
сент. 16, 2025 8:21:57 PM webapp.storage.AbstractStorage save
INFO: &amp#27;[32mSave a5b496f7-a5a5-40db-80f8-7ac255ebe8dd(uuid3399)
сент. 16, 2025 8:21:57 PM webapp.storage.AbstractStorage save
INFO: &amp#27;[32mSave 43eff00d-f19a-4e8c-be79-cde87c729666(uuid3400)
сент. 16, 2025 8:21:57 PM webapp.storage.AbstractStorage save
INFO: &amp#27;[32mSave d15bd5f9-b382-4800-93b2-8a4bc65e08b3(uuid3401)
сент. 16, 2025 8:21:57 PM webapp.storage.AbstractStorage save
INFO: &amp#27;[32mSave b23cca64-93d5-49af-b598-f8ea79e4b4a0(uuid3402)
сент. 16, 2025 8:21:57 PM webapp.storage.AbstractStorage save
INFO: &amp#27;[32mSave 36591ed0-61a4-456c-8cd2-5cdee86ecc62(uuid3403)
сент. 16, 2025 8:21:57 PM webapp.storage.AbstractStorage save
INFO: &amp#27;[32mSave 61da528a-6113-419a-8914-5a387d98c675(uuid3404)
сент. 16, 2025 8:21:57 PM webapp.storage.AbstractStorage save
INFO: &amp#27;[32mSave 2badc66f-36c8-4606-8dac-0c7aad04cf75(uuid3405)
сент. 16, 2025 8:21:57 PM webapp.storage.AbstractStorage save
INFO: &amp#27;[32mSave 136632e2-3ca9-4200-9952-01aa05d2a07f(uuid3406)
сент. 16, 2025 8:21:57 PM webapp.storage.AbstractStorage save
INFO: &amp#27;[32mSave 441ff6e3-6324-41dc-90a4-aa8baa2f207e(uuid3407)
сент. 16, 2025 8:21:57 PM webapp.storage.AbstractStorage save
INFO: &amp#27;[32mSave 04837103-0176-4650-8cf9-928e4b442510(uuid3408)
сент. 16, 2025 8:21:57 PM webapp.storage.AbstractStorage save
INFO: &amp#27;[32mSave f2d5f834-8944-47f6-9cd5-9b38de01f1f3(uuid3409)
сент. 16, 2025 8:21:57 PM webapp.storage.AbstractStorage save
INFO: &amp#27;[32mSave f59db2d5-4695-44d3-b3f4-5de7d897ed0f(uuid3410)
сент. 16, 2025 8:21:57 PM webapp.storage.AbstractStorage save
INFO: &amp#27;[32mSave ae334fb4-dfd9-415b-8db8-bc0f89e4d4d3(uuid3411)
сент. 16, 2025 8:21:57 PM webapp.storage.AbstractStorage save
INFO: &amp#27;[32mSave 88974f69-1ff1-43a9-9b32-274fef127821(uuid3412)
сент. 16, 2025 8:21:57 PM webapp.storage.AbstractStorage save
INFO: &amp#27;[32mSave 3b252ba7-1114-405e-aa25-c76a17b62957(uuid3413)
сент. 16, 2025 8:21:57 PM webapp.storage.AbstractStorage save
INFO: &amp#27;[32mSave 30c63521-6e77-4e11-a69f-f2f80040acb7(uuid3414)
сент. 16, 2025 8:21:57 PM webapp.storage.AbstractStorage save
INFO: &amp#27;[32mSave 8629e658-97a6-4246-8b15-331db5649810(uuid3415)
сент. 16, 2025 8:21:57 PM webapp.storage.AbstractStorage save
INFO: &amp#27;[32mSave bac881a7-0b86-473d-893e-17207554f878(uuid3416)
сент. 16, 2025 8:21:57 PM webapp.storage.AbstractStorage save
INFO: &amp#27;[32mSave 48516c66-a4c3-49c7-81eb-c79d05fd636f(uuid3417)
сент. 16, 2025 8:21:57 PM webapp.storage.AbstractStorage save
INFO: &amp#27;[32mSave 460e8122-04fa-4269-ba77-1bd5d575116a(uuid3418)
сент. 16, 2025 8:21:57 PM webapp.storage.AbstractStorage save
INFO: &amp#27;[32mSave 8435edf4-c6d5-4889-aea8-39ea0adae450(uuid3419)
сент. 16, 2025 8:21:57 PM webapp.storage.AbstractStorage save
INFO: &amp#27;[32mSave be7c6061-e332-4b80-ac75-eff0bf4ecd12(uuid3420)
сент. 16, 2025 8:21:57 PM webapp.storage.AbstractStorage save
INFO: &amp#27;[32mSave 9fad02b3-709a-44e3-99f7-e9c5045da7de(uuid3421)
сент. 16, 2025 8:21:57 PM webapp.storage.AbstractStorage save
INFO: &amp#27;[32mSave c75c90bf-0316-492d-af78-845994c07d53(uuid3422)
сент. 16, 2025 8:21:57 PM webapp.storage.AbstractStorage save
INFO: &amp#27;[32mSave cf7abaa3-3cc5-4ed2-9bd5-c44ee3d8824e(uuid3423)
сент. 16, 2025 8:21:57 PM webapp.storage.AbstractStorage save
INFO: &amp#27;[32mSave 8207716d-6dcf-448b-a53a-f32a2d866405(uuid3424)
сент. 16, 2025 8:21:57 PM webapp.storage.AbstractStorage save
INFO: &amp#27;[32mSave 852ca96e-5fa2-4e38-ae76-3e9e328e6f47(uuid3425)
сент. 16, 2025 8:21:57 PM webapp.storage.AbstractStorage save
INFO: &amp#27;[32mSave 58ac05e2-e20c-4a5d-a2fb-7d956c624b5d(uuid3426)
сент. 16, 2025 8:21:57 PM webapp.storage.AbstractStorage save
INFO: &amp#27;[32mSave 06d7cd72-fe2b-4613-ac28-94b5d69e76d5(uuid3427)
сент. 16, 2025 8:21:57 PM webapp.storage.AbstractStorage save
INFO: &amp#27;[32mSave 8d423651-12e5-4dad-97f7-422aa2f9196f(uuid3428)
сент. 16, 2025 8:21:57 PM webapp.storage.AbstractStorage save
INFO: &amp#27;[32mSave c24910ec-6c24-4f98-a074-c2c97edaa4ee(uuid3429)
сент. 16, 2025 8:21:57 PM webapp.storage.AbstractStorage save
INFO: &amp#27;[32mSave b509bd85-c30c-4293-b390-cfc0b09f70b3(uuid3430)
сент. 16, 2025 8:21:57 PM webapp.storage.AbstractStorage save
INFO: &amp#27;[32mSave de2db771-7ef9-4ad2-b532-1d08e1efeac4(uuid3431)
сент. 16, 2025 8:21:57 PM webapp.storage.AbstractStorage save
INFO: &amp#27;[32mSave 78fe314a-376c-4556-88b5-6133e6da2fef(uuid3432)
сент. 16, 2025 8:21:57 PM webapp.storage.AbstractStorage save
INFO: &amp#27;[32mSave e37f5161-663d-45ef-951a-19594b3b321f(uuid3433)
сент. 16, 2025 8:21:57 PM webapp.storage.AbstractStorage save
INFO: &amp#27;[32mSave fec7205e-1f2b-48be-893f-9353e5bf9ea2(uuid3434)
сент. 16, 2025 8:21:57 PM webapp.storage.AbstractStorage save
INFO: &amp#27;[32mSave 74f3c278-4be6-4bde-a6f2-f139a967a266(uuid3435)
сент. 16, 2025 8:21:57 PM webapp.storage.AbstractStorage save
INFO: &amp#27;[32mSave 5543000d-175e-4836-8bc2-59b58f68719c(uuid3436)
сент. 16, 2025 8:21:57 PM webapp.storage.AbstractStorage save
INFO: &amp#27;[32mSave d647dd16-cb3d-4827-af9f-bb3596b8e4b1(uuid3437)
сент. 16, 2025 8:21:57 PM webapp.storage.AbstractStorage save
INFO: &amp#27;[32mSave 465062a3-c2e5-4ed2-bc44-2e6e23793102(uuid3438)
сент. 16, 2025 8:21:57 PM webapp.storage.AbstractStorage save
INFO: &amp#27;[32mSave 5d249529-ff15-4c6a-87b4-fd4305b5a56d(uuid3439)
сент. 16, 2025 8:21:57 PM webapp.storage.AbstractStorage save
INFO: &amp#27;[32mSave eafb4d72-8461-4c4d-927f-53cb2ef97a32(uuid3440)
сент. 16, 2025 8:21:57 PM webapp.storage.AbstractStorage save
INFO: &amp#27;[32mSave 45736e0e-3593-46f8-845e-c0f574c2c11e(uuid3441)
сент. 16, 2025 8:21:57 PM webapp.storage.AbstractStorage save
INFO: &amp#27;[32mSave 49283b14-aeb8-43a5-aca2-e33c8282c193(uuid3442)
сент. 16, 2025 8:21:57 PM webapp.storage.AbstractStorage save
INFO: &amp#27;[32mSave eb7a2da6-3aca-4097-a058-ece761b72c42(uuid3443)
сент. 16, 2025 8:21:57 PM webapp.storage.AbstractStorage save
INFO: &amp#27;[32mSave ddb2120c-07c1-4852-b6a7-d5a5713b6bd4(uuid3444)
сент. 16, 2025 8:21:57 PM webapp.storage.AbstractStorage save
INFO: &amp#27;[32mSave a22ccb86-24ac-430f-9253-78823004075a(uuid3445)
сент. 16, 2025 8:21:57 PM webapp.storage.AbstractStorage save
INFO: &amp#27;[32mSave 69ca640c-0f51-4e2f-9f36-56c1b17b2bd1(uuid3446)
сент. 16, 2025 8:21:57 PM webapp.storage.AbstractStorage save
INFO: &amp#27;[32mSave 8ccadfdb-0756-4655-b822-202223ccf1cd(uuid3447)
сент. 16, 2025 8:21:57 PM webapp.storage.AbstractStorage save
INFO: &amp#27;[32mSave 7e47edcf-10f8-4766-8d0a-542ce4f145e1(uuid3448)
сент. 16, 2025 8:21:57 PM webapp.storage.AbstractStorage save
INFO: &amp#27;[32mSave b9103bf9-f82a-4bbc-8ae3-0a03ad562255(uuid3449)
сент. 16, 2025 8:21:57 PM webapp.storage.AbstractStorage save
INFO: &amp#27;[32mSave 67cdfe88-a358-4c04-b89d-d97c36f9ba17(uuid3450)
сент. 16, 2025 8:21:57 PM webapp.storage.AbstractStorage save
INFO: &amp#27;[32mSave 27eb6c61-7845-4d78-9d78-848296a0babf(uuid3451)
сент. 16, 2025 8:21:57 PM webapp.storage.AbstractStorage save
INFO: &amp#27;[32mSave 6e86ef01-f8f6-4ab7-87ce-b14480649402(uuid3452)
сент. 16, 2025 8:21:57 PM webapp.storage.AbstractStorage save
INFO: &amp#27;[32mSave 1a71e882-cc96-45fd-92d6-b05d71ab4965(uuid3453)
сент. 16, 2025 8:21:57 PM webapp.storage.AbstractStorage save
INFO: &amp#27;[32mSave cf860e65-1c78-42df-ac1a-247392b83ff0(uuid3454)
сент. 16, 2025 8:21:57 PM webapp.storage.AbstractStorage save
INFO: &amp#27;[32mSave fe487a66-bf67-4eb7-87e1-f69777bd4130(uuid3455)
сент. 16, 2025 8:21:57 PM webapp.storage.AbstractStorage save
INFO: &amp#27;[32mSave 49e7f6ca-4cae-4758-a3c9-4e862e07b7c0(uuid3456)
сент. 16, 2025 8:21:57 PM webapp.storage.AbstractStorage save
INFO: &amp#27;[32mSave fd3732dc-90d3-4939-a677-f538f0c69565(uuid3457)
сент. 16, 2025 8:21:57 PM webapp.storage.AbstractStorage save
INFO: &amp#27;[32mSave 0cad41d8-f276-4a02-a215-342a268fa34b(uuid3458)
сент. 16, 2025 8:21:57 PM webapp.storage.AbstractStorage save
INFO: &amp#27;[32mSave 69de99a2-04ce-43b3-8d77-ac03861d5e35(uuid3459)
сент. 16, 2025 8:21:57 PM webapp.storage.AbstractStorage save
INFO: &amp#27;[32mSave 72436c48-20bb-4bf1-961a-212c5a0d7382(uuid3460)
сент. 16, 2025 8:21:57 PM webapp.storage.AbstractStorage save
INFO: &amp#27;[32mSave 4dc86aba-a191-488b-b937-8b51a64f6e3d(uuid3461)
сент. 16, 2025 8:21:57 PM webapp.storage.AbstractStorage save
INFO: &amp#27;[32mSave c3d13518-dad1-4f93-a6d7-b885c8ee97e3(uuid3462)
сент. 16, 2025 8:21:57 PM webapp.storage.AbstractStorage save
INFO: &amp#27;[32mSave fa887b84-e6f5-45fa-9efe-d8dc7d17de16(uuid3463)
сент. 16, 2025 8:21:57 PM webapp.storage.AbstractStorage save
INFO: &amp#27;[32mSave 42a09b36-6f16-4f73-957e-e85e16fe4c36(uuid3464)
сент. 16, 2025 8:21:57 PM webapp.storage.AbstractStorage save
INFO: &amp#27;[32mSave a9fa5d08-f286-4122-a567-42be29b3f2f5(uuid3465)
сент. 16, 2025 8:21:57 PM webapp.storage.AbstractStorage save
INFO: &amp#27;[32mSave d4701998-264b-45ef-98cb-7ee2cc5c2788(uuid3466)
сент. 16, 2025 8:21:57 PM webapp.storage.AbstractStorage save
INFO: &amp#27;[32mSave ad0a28e7-586b-442c-94c9-76a76e2308ae(uuid3467)
сент. 16, 2025 8:21:57 PM webapp.storage.AbstractStorage save
INFO: &amp#27;[32mSave fd212d06-5c21-416a-bf9a-dce7b8b00510(uuid3468)
сент. 16, 2025 8:21:57 PM webapp.storage.AbstractStorage save
INFO: &amp#27;[32mSave ab5f5945-5d60-436b-bcff-e9294ba8cb48(uuid3469)
сент. 16, 2025 8:21:57 PM webapp.storage.AbstractStorage save
INFO: &amp#27;[32mSave 30d4790f-5b4a-467d-8d49-8c0bbaa036a4(uuid3470)
сент. 16, 2025 8:21:57 PM webapp.storage.AbstractStorage save
INFO: &amp#27;[32mSave f9f47bbb-0ebd-4c19-8467-a79f201bf08a(uuid3471)
сент. 16, 2025 8:21:57 PM webapp.storage.AbstractStorage save
INFO: &amp#27;[32mSave 4c27b8a5-afaf-4455-9256-e87a29f1c36f(uuid3472)
сент. 16, 2025 8:21:57 PM webapp.storage.AbstractStorage save
INFO: &amp#27;[32mSave f93ce981-4250-48da-a475-4e24b19f675b(uuid3473)
сент. 16, 2025 8:21:57 PM webapp.storage.AbstractStorage save
INFO: &amp#27;[32mSave 7d080585-c5bb-4b48-8dfc-1f042831fd26(uuid3474)
сент. 16, 2025 8:21:57 PM webapp.storage.AbstractStorage save
INFO: &amp#27;[32mSave 9d1f7668-b1e9-45cc-a175-25d0396665e3(uuid3475)
сент. 16, 2025 8:21:57 PM webapp.storage.AbstractStorage save
INFO: &amp#27;[32mSave 75111359-b891-4224-b15a-bda6ce2fd758(uuid3476)
сент. 16, 2025 8:21:57 PM webapp.storage.AbstractStorage save
INFO: &amp#27;[32mSave a6cae039-b4fc-4cac-a481-9f1032b9297b(uuid3477)
сент. 16, 2025 8:21:57 PM webapp.storage.AbstractStorage save
INFO: &amp#27;[32mSave d8944d97-b350-4ffd-9b81-3359502bc167(uuid3478)
сент. 16, 2025 8:21:57 PM webapp.storage.AbstractStorage save
INFO: &amp#27;[32mSave 1ad223f2-1fbc-42f0-ae44-3b57d7488d8c(uuid3479)
сент. 16, 2025 8:21:57 PM webapp.storage.AbstractStorage save
INFO: &amp#27;[32mSave 7961825a-03b4-4363-8caf-e9d17e58b8f4(uuid3480)
сент. 16, 2025 8:21:57 PM webapp.storage.AbstractStorage save
INFO: &amp#27;[32mSave 939459a3-79a5-487f-b02b-f7af8c136203(uuid3481)
сент. 16, 2025 8:21:57 PM webapp.storage.AbstractStorage save
INFO: &amp#27;[32mSave e75868f2-69b0-479f-a155-e2ea3a3b8837(uuid3482)
сент. 16, 2025 8:21:57 PM webapp.storage.AbstractStorage save
INFO: &amp#27;[32mSave 51bd7bea-59de-47e5-bc64-b9742556a1af(uuid3483)
сент. 16, 2025 8:21:57 PM webapp.storage.AbstractStorage save
INFO: &amp#27;[32mSave 90f39d48-6556-4b8b-8299-d66213ab27cb(uuid3484)
сент. 16, 2025 8:21:57 PM webapp.storage.AbstractStorage save
INFO: &amp#27;[32mSave f16f753b-4983-45ff-9fc2-71dfbdae3c04(uuid3485)
сент. 16, 2025 8:21:57 PM webapp.storage.AbstractStorage save
INFO: &amp#27;[32mSave 0b5b447e-da37-460c-917c-dd36b3f5196a(uuid3486)
сент. 16, 2025 8:21:57 PM webapp.storage.AbstractStorage save
INFO: &amp#27;[32mSave 6d9b40b4-9372-4675-ba1e-d0bbe091d0ce(uuid3487)
сент. 16, 2025 8:21:57 PM webapp.storage.AbstractStorage save
INFO: &amp#27;[32mSave 382a61fa-8ef3-4465-9824-289fb0caf455(uuid3488)
сент. 16, 2025 8:21:57 PM webapp.storage.AbstractStorage save
INFO: &amp#27;[32mSave ce95603e-0764-4afe-9710-c46d226c3dd0(uuid3489)
сент. 16, 2025 8:21:57 PM webapp.storage.AbstractStorage save
INFO: &amp#27;[32mSave f1ec0136-d671-44c1-8fca-c5a07ef459c8(uuid3490)
сент. 16, 2025 8:21:57 PM webapp.storage.AbstractStorage save
INFO: &amp#27;[32mSave fb4f778b-0633-46ec-83ca-8c95c17d065a(uuid3491)
сент. 16, 2025 8:21:57 PM webapp.storage.AbstractStorage save
INFO: &amp#27;[32mSave 8a39e834-d97b-43fc-b090-247a54b50556(uuid3492)
сент. 16, 2025 8:21:57 PM webapp.storage.AbstractStorage save
INFO: &amp#27;[32mSave 5b19e082-8aa7-4f8b-a73c-7a57662a732f(uuid3493)
сент. 16, 2025 8:21:57 PM webapp.storage.AbstractStorage save
INFO: &amp#27;[32mSave 8c46a3b1-1f64-461a-85e5-4292fe339e21(uuid3494)
сент. 16, 2025 8:21:57 PM webapp.storage.AbstractStorage save
INFO: &amp#27;[32mSave 973e3e22-f545-4164-9375-68ceb5479375(uuid3495)
сент. 16, 2025 8:21:57 PM webapp.storage.AbstractStorage save
INFO: &amp#27;[32mSave e8af834f-a734-4df1-999c-654f70985151(uuid3496)
сент. 16, 2025 8:21:57 PM webapp.storage.AbstractStorage save
INFO: &amp#27;[32mSave 0488da4d-f356-439e-b712-8140fc6f1db1(uuid3497)
сент. 16, 2025 8:21:57 PM webapp.storage.AbstractStorage save
INFO: &amp#27;[32mSave 22889491-2532-4438-a4f2-85edd55c1a35(uuid3498)
сент. 16, 2025 8:21:57 PM webapp.storage.AbstractStorage save
INFO: &amp#27;[32mSave 82327b65-5f53-49cb-b436-83ecc8b583be(uuid3499)
сент. 16, 2025 8:21:57 PM webapp.storage.AbstractStorage save
INFO: &amp#27;[32mSave 80c32c36-62a9-4371-a7d0-a98e834194ba(uuid3500)
сент. 16, 2025 8:21:57 PM webapp.storage.AbstractStorage save
INFO: &amp#27;[32mSave 436d9dbb-8484-4f24-996c-f5215d3f46d0(uuid3501)
сент. 16, 2025 8:21:57 PM webapp.storage.AbstractStorage save
INFO: &amp#27;[32mSave 2e7d6cbe-8de7-48d6-b566-263f880a1c9d(uuid3502)
сент. 16, 2025 8:21:57 PM webapp.storage.AbstractStorage save
INFO: &amp#27;[32mSave 244f6256-5e60-4e46-bc29-60c847b7d269(uuid3503)
сент. 16, 2025 8:21:57 PM webapp.storage.AbstractStorage save
INFO: &amp#27;[32mSave 2d04fb99-779b-44dc-a1c3-823c24576c8f(uuid3504)
сент. 16, 2025 8:21:57 PM webapp.storage.AbstractStorage save
INFO: &amp#27;[32mSave 074cee95-5120-47dc-825f-a7df71ee8db3(uuid3505)
сент. 16, 2025 8:21:57 PM webapp.storage.AbstractStorage save
INFO: &amp#27;[32mSave 98ce57fb-885e-4e7c-b615-af3f838de7d3(uuid3506)
сент. 16, 2025 8:21:57 PM webapp.storage.AbstractStorage save
INFO: &amp#27;[32mSave ec5cf9ba-f4a7-4b40-88d9-aee79cd3fd88(uuid3507)
сент. 16, 2025 8:21:57 PM webapp.storage.AbstractStorage save
INFO: &amp#27;[32mSave 022c461c-3600-4774-87c1-02a9e8815e09(uuid3508)
сент. 16, 2025 8:21:57 PM webapp.storage.AbstractStorage save
INFO: &amp#27;[32mSave 54b98c6c-2010-432f-973e-0abc1ffb887f(uuid3509)
сент. 16, 2025 8:21:57 PM webapp.storage.AbstractStorage save
INFO: &amp#27;[32mSave 87e163f1-4c73-4aec-9cb8-06dd02f4e879(uuid3510)
сент. 16, 2025 8:21:57 PM webapp.storage.AbstractStorage save
INFO: &amp#27;[32mSave b448d101-f972-4293-b77b-40c6f44fb9ef(uuid3511)
сент. 16, 2025 8:21:57 PM webapp.storage.AbstractStorage save
INFO: &amp#27;[32mSave 9e8e4cc7-323e-4b37-8a71-fb5e36ab9bec(uuid3512)
сент. 16, 2025 8:21:57 PM webapp.storage.AbstractStorage save
INFO: &amp#27;[32mSave ed898dc3-f22f-4982-92ea-aa1fd5f5b4fa(uuid3513)
сент. 16, 2025 8:21:57 PM webapp.storage.AbstractStorage save
INFO: &amp#27;[32mSave 8a948395-b90b-459d-b6cd-c1930307a9f5(uuid3514)
сент. 16, 2025 8:21:57 PM webapp.storage.AbstractStorage save
INFO: &amp#27;[32mSave e9b85f02-b26d-4ab6-a9dc-b2e1aec34a58(uuid3515)
сент. 16, 2025 8:21:57 PM webapp.storage.AbstractStorage save
INFO: &amp#27;[32mSave a823ed48-af06-4601-9b90-43cfc4d3f92c(uuid3516)
сент. 16, 2025 8:21:57 PM webapp.storage.AbstractStorage save
INFO: &amp#27;[32mSave 76a70e88-099c-43d0-869d-2aee4b6363e8(uuid3517)
сент. 16, 2025 8:21:57 PM webapp.storage.AbstractStorage save
INFO: &amp#27;[32mSave 92047e4c-7e52-4312-878b-6e4134e98a1d(uuid3518)
сент. 16, 2025 8:21:57 PM webapp.storage.AbstractStorage save
INFO: &amp#27;[32mSave a87bbe11-e913-451a-83aa-10bfe03833f7(uuid3519)
сент. 16, 2025 8:21:57 PM webapp.storage.AbstractStorage save
INFO: &amp#27;[32mSave a457a83f-ad3d-4b35-9bd0-a103130675e6(uuid3520)
сент. 16, 2025 8:21:57 PM webapp.storage.AbstractStorage save
INFO: &amp#27;[32mSave d83b72ce-deaa-43ad-9f11-78791f7398ac(uuid3521)
сент. 16, 2025 8:21:57 PM webapp.storage.AbstractStorage save
INFO: &amp#27;[32mSave da6146e7-4115-43af-81ed-e87b43d6eca6(uuid3522)
сент. 16, 2025 8:21:57 PM webapp.storage.AbstractStorage save
INFO: &amp#27;[32mSave a8346b87-6b28-48ac-bac8-e634d7edbf72(uuid3523)
сент. 16, 2025 8:21:57 PM webapp.storage.AbstractStorage save
INFO: &amp#27;[32mSave ed77e9ed-5180-462d-abeb-4138ba68bc8b(uuid3524)
сент. 16, 2025 8:21:57 PM webapp.storage.AbstractStorage save
INFO: &amp#27;[32mSave 46fb6cf4-5ab9-4146-942b-2cd869b66ebe(uuid3525)
сент. 16, 2025 8:21:57 PM webapp.storage.AbstractStorage save
INFO: &amp#27;[32mSave 8444cdfe-5c5d-4735-abc8-df8857f176e5(uuid3526)
сент. 16, 2025 8:21:57 PM webapp.storage.AbstractStorage save
INFO: &amp#27;[32mSave 04929be4-ecba-4762-a21f-13c0bd5a10c7(uuid3527)
сент. 16, 2025 8:21:57 PM webapp.storage.AbstractStorage save
INFO: &amp#27;[32mSave 518da21b-cd34-4884-b044-a72e5a6fcca6(uuid3528)
сент. 16, 2025 8:21:57 PM webapp.storage.AbstractStorage save
INFO: &amp#27;[32mSave 35c8dd15-2b35-44cd-b285-5bc34676466c(uuid3529)
сент. 16, 2025 8:21:57 PM webapp.storage.AbstractStorage save
INFO: &amp#27;[32mSave 615b6488-1473-4b83-904f-0651d910bf58(uuid3530)
сент. 16, 2025 8:21:57 PM webapp.storage.AbstractStorage save
INFO: &amp#27;[32mSave 26352ae7-8530-4177-a6b8-fe30c6467c45(uuid3531)
сент. 16, 2025 8:21:57 PM webapp.storage.AbstractStorage save
INFO: &amp#27;[32mSave 43d109ce-2684-4cb5-9a87-415633ec04b5(uuid3532)
сент. 16, 2025 8:21:57 PM webapp.storage.AbstractStorage save
INFO: &amp#27;[32mSave 7413ea86-a507-43dd-a1ee-1af0ef8e2243(uuid3533)
сент. 16, 2025 8:21:57 PM webapp.storage.AbstractStorage save
INFO: &amp#27;[32mSave 3b12ea4e-e8f9-472d-b921-c380f89f6827(uuid3534)
сент. 16, 2025 8:21:57 PM webapp.storage.AbstractStorage save
INFO: &amp#27;[32mSave adaa0ca9-f3e0-4415-ba34-af2002ad9758(uuid3535)
сент. 16, 2025 8:21:57 PM webapp.storage.AbstractStorage save
INFO: &amp#27;[32mSave 3388b85f-2675-4dd2-b550-15dbefd13703(uuid3536)
сент. 16, 2025 8:21:57 PM webapp.storage.AbstractStorage save
INFO: &amp#27;[32mSave 79a4c95f-8a47-4f93-8eac-69cd44eba458(uuid3537)
сент. 16, 2025 8:21:57 PM webapp.storage.AbstractStorage save
INFO: &amp#27;[32mSave 8bd28b15-a648-48fa-a1fe-b79c2cd33c4d(uuid3538)
сент. 16, 2025 8:21:57 PM webapp.storage.AbstractStorage save
INFO: &amp#27;[32mSave 58b95205-6f06-4f0f-ad6f-e77de4382403(uuid3539)
сент. 16, 2025 8:21:57 PM webapp.storage.AbstractStorage save
INFO: &amp#27;[32mSave bdeb466b-8add-4b51-bc90-9d73b9e57fa1(uuid3540)
сент. 16, 2025 8:21:57 PM webapp.storage.AbstractStorage save
INFO: &amp#27;[32mSave 9ffbe2c3-7902-46d3-9070-b3918c464ac4(uuid3541)
сент. 16, 2025 8:21:57 PM webapp.storage.AbstractStorage save
INFO: &amp#27;[32mSave c901bcb9-6614-4f7f-88b0-487ca0532c98(uuid3542)
сент. 16, 2025 8:21:57 PM webapp.storage.AbstractStorage save
INFO: &amp#27;[32mSave f461221f-ce85-4d0e-a7d0-186560803264(uuid3543)
сент. 16, 2025 8:21:57 PM webapp.storage.AbstractStorage save
INFO: &amp#27;[32mSave 31af3e22-aee5-43fb-a019-09fd597b6d9f(uuid3544)
сент. 16, 2025 8:21:57 PM webapp.storage.AbstractStorage save
INFO: &amp#27;[32mSave 360be64f-0cd5-40d5-b54a-81c85acdf29e(uuid3545)
сент. 16, 2025 8:21:57 PM webapp.storage.AbstractStorage save
INFO: &amp#27;[32mSave 30cdc445-674e-4ca5-a168-374d83d361e6(uuid3546)
сент. 16, 2025 8:21:57 PM webapp.storage.AbstractStorage save
INFO: &amp#27;[32mSave 7ff1f2a3-0001-4b1f-87fa-2ecd9a149b0f(uuid3547)
сент. 16, 2025 8:21:57 PM webapp.storage.AbstractStorage save
INFO: &amp#27;[32mSave 4a0861f9-bf8e-42f6-bbe0-42e6b28dcff5(uuid3548)
сент. 16, 2025 8:21:57 PM webapp.storage.AbstractStorage save
INFO: &amp#27;[32mSave a78d343c-b591-41f7-afbc-4ab9e90e2d94(uuid3549)
сент. 16, 2025 8:21:57 PM webapp.storage.AbstractStorage save
INFO: &amp#27;[32mSave 4a830860-72f7-4a51-a258-56713e522704(uuid3550)
сент. 16, 2025 8:21:57 PM webapp.storage.AbstractStorage save
INFO: &amp#27;[32mSave 63406643-bde4-470e-bf45-8c0197ea4667(uuid3551)
сент. 16, 2025 8:21:57 PM webapp.storage.AbstractStorage save
INFO: &amp#27;[32mSave 6fb703de-292c-44eb-a839-d4bf07c540d8(uuid3552)
сент. 16, 2025 8:21:57 PM webapp.storage.AbstractStorage save
INFO: &amp#27;[32mSave 0146413f-4853-4afa-b033-89aa5c9af8a2(uuid3553)
сент. 16, 2025 8:21:57 PM webapp.storage.AbstractStorage save
INFO: &amp#27;[32mSave 211291ce-00de-4824-910f-b57a142a85fb(uuid3554)
сент. 16, 2025 8:21:57 PM webapp.storage.AbstractStorage save
INFO: &amp#27;[32mSave 1146b6d3-4b99-4ad2-b81a-8ed28f544ace(uuid3555)
сент. 16, 2025 8:21:57 PM webapp.storage.AbstractStorage save
INFO: &amp#27;[32mSave ab654db0-704a-4424-9e04-c4228868889b(uuid3556)
сент. 16, 2025 8:21:57 PM webapp.storage.AbstractStorage save
INFO: &amp#27;[32mSave 972fede4-9e5a-4d1b-ab02-f99d5fd7e74a(uuid3557)
сент. 16, 2025 8:21:57 PM webapp.storage.AbstractStorage save
INFO: &amp#27;[32mSave 2050a240-b91b-43b9-a186-768e3655f188(uuid3558)
сент. 16, 2025 8:21:57 PM webapp.storage.AbstractStorage save
INFO: &amp#27;[32mSave 75c95ca9-5108-4ca8-9404-672385b5a5c3(uuid3559)
сент. 16, 2025 8:21:57 PM webapp.storage.AbstractStorage save
INFO: &amp#27;[32mSave 860ae643-81d1-4b01-8866-0ff6c2bb57e6(uuid3560)
сент. 16, 2025 8:21:57 PM webapp.storage.AbstractStorage save
INFO: &amp#27;[32mSave 872af40a-8f66-4155-93e5-3f72e71fd221(uuid3561)
сент. 16, 2025 8:21:57 PM webapp.storage.AbstractStorage save
INFO: &amp#27;[32mSave d0034fa7-e04d-4fe1-8de0-b19dca41967a(uuid3562)
сент. 16, 2025 8:21:57 PM webapp.storage.AbstractStorage save
INFO: &amp#27;[32mSave 3fe0274d-3097-47a7-81e5-f52458d801f1(uuid3563)
сент. 16, 2025 8:21:57 PM webapp.storage.AbstractStorage save
INFO: &amp#27;[32mSave 8fde96fa-fb12-4ef2-a88b-eaeed06efd70(uuid3564)
сент. 16, 2025 8:21:57 PM webapp.storage.AbstractStorage save
INFO: &amp#27;[32mSave e865c381-9dbc-46e2-bd7c-6d9721b187b4(uuid3565)
сент. 16, 2025 8:21:57 PM webapp.storage.AbstractStorage save
INFO: &amp#27;[32mSave a93db78c-6fdf-48b1-a617-e9bf2b0736f8(uuid3566)
сент. 16, 2025 8:21:57 PM webapp.storage.AbstractStorage save
INFO: &amp#27;[32mSave f06badb7-450e-493d-b04d-ed2573a36f96(uuid3567)
сент. 16, 2025 8:21:57 PM webapp.storage.AbstractStorage save
INFO: &amp#27;[32mSave 58322f03-564c-493c-8347-7fee8fe5a9c5(uuid3568)
сент. 16, 2025 8:21:57 PM webapp.storage.AbstractStorage save
INFO: &amp#27;[32mSave 64a7bd5a-833b-4712-bc4c-c3643e1334b7(uuid3569)
сент. 16, 2025 8:21:57 PM webapp.storage.AbstractStorage save
INFO: &amp#27;[32mSave 3da82b12-26fd-4766-99a2-39084bf2f3a1(uuid3570)
сент. 16, 2025 8:21:57 PM webapp.storage.AbstractStorage save
INFO: &amp#27;[32mSave 51fa48d8-ee31-42b0-8594-d811eb2e4023(uuid3571)
сент. 16, 2025 8:21:57 PM webapp.storage.AbstractStorage save
INFO: &amp#27;[32mSave ad95aaa7-a785-4525-8012-9a5fac2b03ac(uuid3572)
сент. 16, 2025 8:21:57 PM webapp.storage.AbstractStorage save
INFO: &amp#27;[32mSave 1ede764f-81d5-4a6d-969c-e331540d5120(uuid3573)
сент. 16, 2025 8:21:57 PM webapp.storage.AbstractStorage save
INFO: &amp#27;[32mSave 0a77dea8-f94c-44e2-ac4c-d614ae2ea54c(uuid3574)
сент. 16, 2025 8:21:57 PM webapp.storage.AbstractStorage save
INFO: &amp#27;[32mSave ef67bc17-8b8a-4615-bbf2-4ac4f7b113c0(uuid3575)
сент. 16, 2025 8:21:57 PM webapp.storage.AbstractStorage save
INFO: &amp#27;[32mSave 5f961afe-499e-46d4-b156-a8a8bb5ac295(uuid3576)
сент. 16, 2025 8:21:57 PM webapp.storage.AbstractStorage save
INFO: &amp#27;[32mSave 079319fd-13aa-46fc-9bd3-7126b50c50df(uuid3577)
сент. 16, 2025 8:21:57 PM webapp.storage.AbstractStorage save
INFO: &amp#27;[32mSave 039a45e3-fcca-4a9f-8f90-48fed8acece9(uuid3578)
сент. 16, 2025 8:21:57 PM webapp.storage.AbstractStorage save
INFO: &amp#27;[32mSave ea03468e-4669-4c67-9224-f5768109812a(uuid3579)
сент. 16, 2025 8:21:57 PM webapp.storage.AbstractStorage save
INFO: &amp#27;[32mSave 671d4d7f-d990-47d6-a925-387025e49b3b(uuid3580)
сент. 16, 2025 8:21:57 PM webapp.storage.AbstractStorage save
INFO: &amp#27;[32mSave a75726d5-af60-413a-9de3-7797f55d5ea3(uuid3581)
сент. 16, 2025 8:21:57 PM webapp.storage.AbstractStorage save
INFO: &amp#27;[32mSave 971db82f-3143-4125-8a5d-2db5f1a4d1b2(uuid3582)
сент. 16, 2025 8:21:57 PM webapp.storage.AbstractStorage save
INFO: &amp#27;[32mSave f33bc154-397d-41df-bbe5-21592ead2e99(uuid3583)
сент. 16, 2025 8:21:57 PM webapp.storage.AbstractStorage save
INFO: &amp#27;[32mSave e1b8f6a4-17e6-4926-a300-4446040f84a5(uuid3584)
сент. 16, 2025 8:21:57 PM webapp.storage.AbstractStorage save
INFO: &amp#27;[32mSave 66659d76-98c2-470b-97cf-791a0d0196f5(uuid3585)
сент. 16, 2025 8:21:57 PM webapp.storage.AbstractStorage save
INFO: &amp#27;[32mSave 5546cb1c-556f-433c-b254-d6cfd47074c8(uuid3586)
сент. 16, 2025 8:21:57 PM webapp.storage.AbstractStorage save
INFO: &amp#27;[32mSave d484048c-3c45-416f-9ba0-2a9844b6b1a8(uuid3587)
сент. 16, 2025 8:21:57 PM webapp.storage.AbstractStorage save
INFO: &amp#27;[32mSave 9ff8f5d6-500d-4495-9453-1edd0e2ceee7(uuid3588)
сент. 16, 2025 8:21:57 PM webapp.storage.AbstractStorage save
INFO: &amp#27;[32mSave 7b55fa65-c139-4f8a-8654-53faa669f2b3(uuid3589)
сент. 16, 2025 8:21:57 PM webapp.storage.AbstractStorage save
INFO: &amp#27;[32mSave 0b63af63-0643-4fda-9c00-b7e637c07562(uuid3590)
сент. 16, 2025 8:21:57 PM webapp.storage.AbstractStorage save
INFO: &amp#27;[32mSave 41c1302c-6c9c-4983-94d9-ea2c63a01510(uuid3591)
сент. 16, 2025 8:21:57 PM webapp.storage.AbstractStorage save
INFO: &amp#27;[32mSave 1202479a-4845-47a0-a40c-444bb4a52a00(uuid3592)
сент. 16, 2025 8:21:57 PM webapp.storage.AbstractStorage save
INFO: &amp#27;[32mSave b5fbdbe8-3e5a-4367-8597-031e41b05c6a(uuid3593)
сент. 16, 2025 8:21:57 PM webapp.storage.AbstractStorage save
INFO: &amp#27;[32mSave 63ac319c-cde8-4f0b-a683-a0a214ffd569(uuid3594)
сент. 16, 2025 8:21:57 PM webapp.storage.AbstractStorage save
INFO: &amp#27;[32mSave c991b38b-23ff-4efc-866d-455253be2138(uuid3595)
сент. 16, 2025 8:21:57 PM webapp.storage.AbstractStorage save
INFO: &amp#27;[32mSave 6622d0bb-31dc-4dea-bbec-334bef54d700(uuid3596)
сент. 16, 2025 8:21:57 PM webapp.storage.AbstractStorage save
INFO: &amp#27;[32mSave 7d622bec-13d8-4935-9869-72251bb20eaf(uuid3597)
сент. 16, 2025 8:21:57 PM webapp.storage.AbstractStorage save
INFO: &amp#27;[32mSave bfef7dbf-dc84-47b4-b6ec-895bb72a4ac6(uuid3598)
сент. 16, 2025 8:21:57 PM webapp.storage.AbstractStorage save
INFO: &amp#27;[32mSave 4957227a-a008-4bff-bf11-680a269bfe48(uuid3599)
сент. 16, 2025 8:21:57 PM webapp.storage.AbstractStorage save
INFO: &amp#27;[32mSave 16bccddb-6ab6-4d6a-a417-dce6b45f0126(uuid3600)
сент. 16, 2025 8:21:57 PM webapp.storage.AbstractStorage save
INFO: &amp#27;[32mSave 7defb3b5-b8c7-4142-b38f-b369fcb5c906(uuid3601)
сент. 16, 2025 8:21:57 PM webapp.storage.AbstractStorage save
INFO: &amp#27;[32mSave bc74b9f6-1d0a-4a4c-ba22-2d7ed4170e46(uuid3602)
сент. 16, 2025 8:21:57 PM webapp.storage.AbstractStorage save
INFO: &amp#27;[32mSave 607559ea-e0da-4ddd-9b8e-99abf2580030(uuid3603)
сент. 16, 2025 8:21:57 PM webapp.storage.AbstractStorage save
INFO: &amp#27;[32mSave eaf8b4e6-0dff-4119-8fdf-4acd7b66386e(uuid3604)
сент. 16, 2025 8:21:57 PM webapp.storage.AbstractStorage save
INFO: &amp#27;[32mSave f9e4825c-af6c-4cc9-8ba9-8d50b5a9747a(uuid3605)
сент. 16, 2025 8:21:57 PM webapp.storage.AbstractStorage save
INFO: &amp#27;[32mSave 4364e185-ea8c-4c14-ad4a-fa3efae663c0(uuid3606)
сент. 16, 2025 8:21:57 PM webapp.storage.AbstractStorage save
INFO: &amp#27;[32mSave 7bdfc45d-aa3f-4d1d-98e7-4219815a408f(uuid3607)
сент. 16, 2025 8:21:57 PM webapp.storage.AbstractStorage save
INFO: &amp#27;[32mSave e2d5cebc-1ecc-4081-9a76-3f3a7e284938(uuid3608)
сент. 16, 2025 8:21:57 PM webapp.storage.AbstractStorage save
INFO: &amp#27;[32mSave fc6db66f-da4d-4b39-b5fe-02a9bd600d9b(uuid3609)
сент. 16, 2025 8:21:57 PM webapp.storage.AbstractStorage save
INFO: &amp#27;[32mSave 118c8257-8947-43af-abe0-5d5898de44f2(uuid3610)
сент. 16, 2025 8:21:57 PM webapp.storage.AbstractStorage save
INFO: &amp#27;[32mSave 048422ae-192a-455f-9d94-923cadf51aaf(uuid3611)
сент. 16, 2025 8:21:57 PM webapp.storage.AbstractStorage save
INFO: &amp#27;[32mSave 77ff90c4-0511-48d6-b7f5-d8ae66078274(uuid3612)
сент. 16, 2025 8:21:57 PM webapp.storage.AbstractStorage save
INFO: &amp#27;[32mSave 25aa78af-df7d-4b57-8c88-165b6002be4e(uuid3613)
сент. 16, 2025 8:21:57 PM webapp.storage.AbstractStorage save
INFO: &amp#27;[32mSave 417c7bfb-2402-4786-a362-24713529091a(uuid3614)
сент. 16, 2025 8:21:57 PM webapp.storage.AbstractStorage save
INFO: &amp#27;[32mSave cc55d1aa-4aa2-4393-80b9-66d5863aad34(uuid3615)
сент. 16, 2025 8:21:57 PM webapp.storage.AbstractStorage save
INFO: &amp#27;[32mSave a517a841-8cab-45c4-aaf7-ef6e155c072f(uuid3616)
сент. 16, 2025 8:21:57 PM webapp.storage.AbstractStorage save
INFO: &amp#27;[32mSave 62eff7f4-ddc8-4a36-8eeb-130f65f08b7a(uuid3617)
сент. 16, 2025 8:21:57 PM webapp.storage.AbstractStorage save
INFO: &amp#27;[32mSave 72195a1d-e1bd-4c7c-aa19-76097430ac4c(uuid3618)
сент. 16, 2025 8:21:57 PM webapp.storage.AbstractStorage save
INFO: &amp#27;[32mSave f7df6ebb-b330-43c4-9e36-ca9d2062994a(uuid3619)
сент. 16, 2025 8:21:57 PM webapp.storage.AbstractStorage save
INFO: &amp#27;[32mSave 65cb2d68-0ac1-409a-9f1d-661f29e138d0(uuid3620)
сент. 16, 2025 8:21:57 PM webapp.storage.AbstractStorage save
INFO: &amp#27;[32mSave 34e95400-c303-48e1-b25b-00d7d336b5e8(uuid3621)
сент. 16, 2025 8:21:57 PM webapp.storage.AbstractStorage save
INFO: &amp#27;[32mSave 041134a7-3534-44a2-a47f-369ac0ba4e5b(uuid3622)
сент. 16, 2025 8:21:57 PM webapp.storage.AbstractStorage save
INFO: &amp#27;[32mSave 6732b769-2a36-4fa5-9ec0-d344c7060b26(uuid3623)
сент. 16, 2025 8:21:57 PM webapp.storage.AbstractStorage save
INFO: &amp#27;[32mSave 101207b3-0610-4c5b-aa53-0e2f3de106ab(uuid3624)
сент. 16, 2025 8:21:57 PM webapp.storage.AbstractStorage save
INFO: &amp#27;[32mSave 5663b6ed-f4cf-4cce-adf1-3b47e653ce29(uuid3625)
сент. 16, 2025 8:21:57 PM webapp.storage.AbstractStorage save
INFO: &amp#27;[32mSave f9eead85-3361-49cd-a467-4ab164b57a3b(uuid3626)
сент. 16, 2025 8:21:57 PM webapp.storage.AbstractStorage save
INFO: &amp#27;[32mSave 979222bf-e0b5-4291-a39a-ee5729d1f880(uuid3627)
сент. 16, 2025 8:21:57 PM webapp.storage.AbstractStorage save
INFO: &amp#27;[32mSave b64c7866-1ba1-4db5-a122-560484e8985f(uuid3628)
сент. 16, 2025 8:21:57 PM webapp.storage.AbstractStorage save
INFO: &amp#27;[32mSave 068bc048-819c-4e56-93e7-8d82e7f1f947(uuid3629)
сент. 16, 2025 8:21:57 PM webapp.storage.AbstractStorage save
INFO: &amp#27;[32mSave 6befb9ea-bbea-40d7-a2b0-9e47a2b485c0(uuid3630)
сент. 16, 2025 8:21:57 PM webapp.storage.AbstractStorage save
INFO: &amp#27;[32mSave 5a3f22bc-da55-459d-a959-95bf92a8666b(uuid3631)
сент. 16, 2025 8:21:57 PM webapp.storage.AbstractStorage save
INFO: &amp#27;[32mSave cb012670-d410-47dd-809a-a6484122cd1f(uuid3632)
сент. 16, 2025 8:21:57 PM webapp.storage.AbstractStorage save
INFO: &amp#27;[32mSave f425f58d-4332-44e0-b848-3d8b233225c9(uuid3633)
сент. 16, 2025 8:21:57 PM webapp.storage.AbstractStorage save
INFO: &amp#27;[32mSave 2041345c-7d3a-4e7d-b11a-51cf2c28756d(uuid3634)
сент. 16, 2025 8:21:57 PM webapp.storage.AbstractStorage save
INFO: &amp#27;[32mSave 32a01789-7f9f-4125-927f-9c0c910202d7(uuid3635)
сент. 16, 2025 8:21:57 PM webapp.storage.AbstractStorage save
INFO: &amp#27;[32mSave ec95a982-cb9b-4b91-ac8c-199a5d300dcd(uuid3636)
сент. 16, 2025 8:21:57 PM webapp.storage.AbstractStorage save
INFO: &amp#27;[32mSave 6037e8ec-d4c5-453f-ad6e-d26f4b2592b2(uuid3637)
сент. 16, 2025 8:21:57 PM webapp.storage.AbstractStorage save
INFO: &amp#27;[32mSave 14146bb8-19eb-4beb-a317-e80d8980dc61(uuid3638)
сент. 16, 2025 8:21:57 PM webapp.storage.AbstractStorage save
INFO: &amp#27;[32mSave 9962610c-8796-4862-8bed-34350883b153(uuid3639)
сент. 16, 2025 8:21:57 PM webapp.storage.AbstractStorage save
INFO: &amp#27;[32mSave 5813602a-1a5a-4d28-b9a4-0449cc799623(uuid3640)
сент. 16, 2025 8:21:57 PM webapp.storage.AbstractStorage save
INFO: &amp#27;[32mSave c885650e-29ba-46dd-95fe-aa6ca490a92b(uuid3641)
сент. 16, 2025 8:21:57 PM webapp.storage.AbstractStorage save
INFO: &amp#27;[32mSave 4b45e132-0266-4441-9599-8d9a151cff02(uuid3642)
сент. 16, 2025 8:21:57 PM webapp.storage.AbstractStorage save
INFO: &amp#27;[32mSave 8589d4b1-bfdb-42b1-b211-f19637cdcd7d(uuid3643)
сент. 16, 2025 8:21:57 PM webapp.storage.AbstractStorage save
INFO: &amp#27;[32mSave 2e2966ac-3fc1-4cc0-9759-c9d864ef90f2(uuid3644)
сент. 16, 2025 8:21:57 PM webapp.storage.AbstractStorage save
INFO: &amp#27;[32mSave c57278ab-f9a7-4ca1-bdc9-9478a5a837fb(uuid3645)
сент. 16, 2025 8:21:57 PM webapp.storage.AbstractStorage save
INFO: &amp#27;[32mSave 9bc2b613-d29d-4673-8780-2cca0df17b96(uuid3646)
сент. 16, 2025 8:21:57 PM webapp.storage.AbstractStorage save
INFO: &amp#27;[32mSave e3a35019-165c-4e55-890e-80d9b0d2033c(uuid3647)
сент. 16, 2025 8:21:57 PM webapp.storage.AbstractStorage save
INFO: &amp#27;[32mSave 0c5e2670-9670-44a8-8058-3c4ee3240222(uuid3648)
сент. 16, 2025 8:21:57 PM webapp.storage.AbstractStorage save
INFO: &amp#27;[32mSave 41944f0f-6f5e-4e96-a450-bbcf82720f5c(uuid3649)
сент. 16, 2025 8:21:57 PM webapp.storage.AbstractStorage save
INFO: &amp#27;[32mSave 585005b6-3f4a-4289-bfde-1893bc802ef8(uuid3650)
сент. 16, 2025 8:21:57 PM webapp.storage.AbstractStorage save
INFO: &amp#27;[32mSave d4016f54-ba30-4ec3-9628-23948e57aeda(uuid3651)
сент. 16, 2025 8:21:57 PM webapp.storage.AbstractStorage save
INFO: &amp#27;[32mSave b0427797-b2ac-48db-b13e-5b5af50ab6b2(uuid3652)
сент. 16, 2025 8:21:57 PM webapp.storage.AbstractStorage save
INFO: &amp#27;[32mSave aec36289-5659-470a-9486-1c35895906bf(uuid3653)
сент. 16, 2025 8:21:57 PM webapp.storage.AbstractStorage save
INFO: &amp#27;[32mSave 3d33cf6b-896e-4620-9908-47fe498ca672(uuid3654)
сент. 16, 2025 8:21:57 PM webapp.storage.AbstractStorage save
INFO: &amp#27;[32mSave 86ef2380-42ce-42be-882e-c5363d826912(uuid3655)
сент. 16, 2025 8:21:57 PM webapp.storage.AbstractStorage save
INFO: &amp#27;[32mSave 36e1be14-7a1e-4e98-a827-c957f10c28ab(uuid3656)
сент. 16, 2025 8:21:57 PM webapp.storage.AbstractStorage save
INFO: &amp#27;[32mSave 965a04c2-1f7d-4e6b-9ceb-29bf05672e70(uuid3657)
сент. 16, 2025 8:21:57 PM webapp.storage.AbstractStorage save
INFO: &amp#27;[32mSave eadb573f-6500-4fb6-b1f2-07a1580dae42(uuid3658)
сент. 16, 2025 8:21:57 PM webapp.storage.AbstractStorage save
INFO: &amp#27;[32mSave b1e8c622-ed35-4128-904f-cb81227af402(uuid3659)
сент. 16, 2025 8:21:57 PM webapp.storage.AbstractStorage save
INFO: &amp#27;[32mSave 09275d14-d8c7-41ca-beca-995f2f6186f1(uuid3660)
сент. 16, 2025 8:21:57 PM webapp.storage.AbstractStorage save
INFO: &amp#27;[32mSave 5c6a786e-43b2-40f0-9010-b4f790b5b5bd(uuid3661)
сент. 16, 2025 8:21:57 PM webapp.storage.AbstractStorage save
INFO: &amp#27;[32mSave a4818fc7-bf66-47cf-b915-4085d689b61e(uuid3662)
сент. 16, 2025 8:21:57 PM webapp.storage.AbstractStorage save
INFO: &amp#27;[32mSave 5d87d72a-d9b5-4040-9e71-f235059c89b7(uuid3663)
сент. 16, 2025 8:21:57 PM webapp.storage.AbstractStorage save
INFO: &amp#27;[32mSave 80a697aa-f5b6-4cf4-a3be-b6542ede7160(uuid3664)
сент. 16, 2025 8:21:57 PM webapp.storage.AbstractStorage save
INFO: &amp#27;[32mSave 92ef7329-f558-4460-826b-a64ddab9436d(uuid3665)
сент. 16, 2025 8:21:57 PM webapp.storage.AbstractStorage save
INFO: &amp#27;[32mSave db2f9999-2ce4-4954-9c31-bfd71b0759c2(uuid3666)
сент. 16, 2025 8:21:57 PM webapp.storage.AbstractStorage save
INFO: &amp#27;[32mSave de0e4b01-5f6a-4f66-bc09-e1e102fd1f2b(uuid3667)
сент. 16, 2025 8:21:57 PM webapp.storage.AbstractStorage save
INFO: &amp#27;[32mSave 97070ec9-1ba8-4678-80dc-34634b9d6ed0(uuid3668)
сент. 16, 2025 8:21:57 PM webapp.storage.AbstractStorage save
INFO: &amp#27;[32mSave 55d3c1a9-762d-4cd2-afcd-4faa73cf242c(uuid3669)
сент. 16, 2025 8:21:57 PM webapp.storage.AbstractStorage save
INFO: &amp#27;[32mSave 960337e2-90b9-4f7a-a21b-03f9068f4e03(uuid3670)
сент. 16, 2025 8:21:57 PM webapp.storage.AbstractStorage save
INFO: &amp#27;[32mSave 80eab601-da58-41df-a5b4-9f5ccc5ba847(uuid3671)
сент. 16, 2025 8:21:57 PM webapp.storage.AbstractStorage save
INFO: &amp#27;[32mSave dfe8e994-c528-42e2-85b5-ac5395284a9e(uuid3672)
сент. 16, 2025 8:21:57 PM webapp.storage.AbstractStorage save
INFO: &amp#27;[32mSave f4a4c797-76f6-45aa-a5fe-44f75040d739(uuid3673)
сент. 16, 2025 8:21:57 PM webapp.storage.AbstractStorage save
INFO: &amp#27;[32mSave 1f7fb146-f74f-424c-a06a-af0af4a1d193(uuid3674)
сент. 16, 2025 8:21:57 PM webapp.storage.AbstractStorage save
INFO: &amp#27;[32mSave 8e6e7519-c0fa-4c1d-b7a5-4ee8a4103ec5(uuid3675)
сент. 16, 2025 8:21:57 PM webapp.storage.AbstractStorage save
INFO: &amp#27;[32mSave b9a99b73-0f28-483d-8f0e-3cec453d31a8(uuid3676)
сент. 16, 2025 8:21:57 PM webapp.storage.AbstractStorage save
INFO: &amp#27;[32mSave 5de58a4f-185f-40b4-bc16-0562b6837a7d(uuid3677)
сент. 16, 2025 8:21:57 PM webapp.storage.AbstractStorage save
INFO: &amp#27;[32mSave fd702ff4-7443-4cfb-bbb4-ef7af53ffdf9(uuid3678)
сент. 16, 2025 8:21:57 PM webapp.storage.AbstractStorage save
INFO: &amp#27;[32mSave b8872529-3627-48fa-8b3e-bb7a32908d26(uuid3679)
сент. 16, 2025 8:21:57 PM webapp.storage.AbstractStorage save
INFO: &amp#27;[32mSave a27b2361-dc06-4153-8773-32daa539833d(uuid3680)
сент. 16, 2025 8:21:57 PM webapp.storage.AbstractStorage save
INFO: &amp#27;[32mSave 245fdb9f-f268-47c5-b82e-dabca526d38d(uuid3681)
сент. 16, 2025 8:21:57 PM webapp.storage.AbstractStorage save
INFO: &amp#27;[32mSave fb0dc629-f7cb-4d33-93d5-7db625cae625(uuid3682)
сент. 16, 2025 8:21:57 PM webapp.storage.AbstractStorage save
INFO: &amp#27;[32mSave dfb422f5-96e2-420b-a50b-6362b8eb733e(uuid3683)
сент. 16, 2025 8:21:57 PM webapp.storage.AbstractStorage save
INFO: &amp#27;[32mSave d079e6fb-5182-45c1-975a-07edba4eb5af(uuid3684)
сент. 16, 2025 8:21:57 PM webapp.storage.AbstractStorage save
INFO: &amp#27;[32mSave 2a1b417e-b172-4d2d-b6e8-beb4679a3057(uuid3685)
сент. 16, 2025 8:21:57 PM webapp.storage.AbstractStorage save
INFO: &amp#27;[32mSave 67538915-1374-4cf8-8418-66777e5eb12d(uuid3686)
сент. 16, 2025 8:21:57 PM webapp.storage.AbstractStorage save
INFO: &amp#27;[32mSave 7abd6ab4-0690-4b71-b2d3-0438daa2ca91(uuid3687)
сент. 16, 2025 8:21:57 PM webapp.storage.AbstractStorage save
INFO: &amp#27;[32mSave ab45b9cd-31e3-4ec3-becb-575b993cabd4(uuid3688)
сент. 16, 2025 8:21:57 PM webapp.storage.AbstractStorage save
INFO: &amp#27;[32mSave cf87a2b9-699b-44e1-a400-264659d20730(uuid3689)
сент. 16, 2025 8:21:57 PM webapp.storage.AbstractStorage save
INFO: &amp#27;[32mSave ca5e0738-dac8-40f8-89ba-830b33bd1dde(uuid3690)
сент. 16, 2025 8:21:57 PM webapp.storage.AbstractStorage save
INFO: &amp#27;[32mSave 87c46f18-cda6-4bc0-a228-69fd29b9135a(uuid3691)
сент. 16, 2025 8:21:57 PM webapp.storage.AbstractStorage save
INFO: &amp#27;[32mSave 6cc613bc-7961-4713-a93c-23ed9a8dcaa1(uuid3692)
сент. 16, 2025 8:21:57 PM webapp.storage.AbstractStorage save
INFO: &amp#27;[32mSave a54f61b9-a2af-47bb-974c-2de15dc534fb(uuid3693)
сент. 16, 2025 8:21:57 PM webapp.storage.AbstractStorage save
INFO: &amp#27;[32mSave dcd438df-6fc6-48cb-923f-63823713980c(uuid3694)
сент. 16, 2025 8:21:57 PM webapp.storage.AbstractStorage save
INFO: &amp#27;[32mSave 949e8fe4-797d-410e-b247-06f9f9a40de0(uuid3695)
сент. 16, 2025 8:21:57 PM webapp.storage.AbstractStorage save
INFO: &amp#27;[32mSave 65ed31ab-89a9-4006-a7f6-b91fbad2ab38(uuid3696)
сент. 16, 2025 8:21:57 PM webapp.storage.AbstractStorage save
INFO: &amp#27;[32mSave 71a78534-9ac5-4142-b3c0-47fcce10e698(uuid3697)
сент. 16, 2025 8:21:57 PM webapp.storage.AbstractStorage save
INFO: &amp#27;[32mSave 828b3d17-2a50-470f-8c07-04d9a7c2336a(uuid3698)
сент. 16, 2025 8:21:57 PM webapp.storage.AbstractStorage save
INFO: &amp#27;[32mSave 338e595b-9d94-4cbb-8485-a8a635ad6843(uuid3699)
сент. 16, 2025 8:21:57 PM webapp.storage.AbstractStorage save
INFO: &amp#27;[32mSave 7055b130-4610-4d0a-8d8f-c10d2cf97dc6(uuid3700)
сент. 16, 2025 8:21:57 PM webapp.storage.AbstractStorage save
INFO: &amp#27;[32mSave 4bee41e2-e7d9-4eec-93ee-16d3705a44d6(uuid3701)
сент. 16, 2025 8:21:57 PM webapp.storage.AbstractStorage save
INFO: &amp#27;[32mSave 38e93f56-92e2-47de-b9f5-0928fcfa4b19(uuid3702)
сент. 16, 2025 8:21:57 PM webapp.storage.AbstractStorage save
INFO: &amp#27;[32mSave 430aa4e0-8a9d-4fb8-b402-cea1c94ee3d2(uuid3703)
сент. 16, 2025 8:21:57 PM webapp.storage.AbstractStorage save
INFO: &amp#27;[32mSave 85f5be11-8485-4158-af28-efdba307ed36(uuid3704)
сент. 16, 2025 8:21:57 PM webapp.storage.AbstractStorage save
INFO: &amp#27;[32mSave f95c7892-4ba7-4394-a912-7ee608b1dc46(uuid3705)
сент. 16, 2025 8:21:57 PM webapp.storage.AbstractStorage save
INFO: &amp#27;[32mSave 0fc39f2a-fb75-40e0-b86e-c0f1a7636da3(uuid3706)
сент. 16, 2025 8:21:57 PM webapp.storage.AbstractStorage save
INFO: &amp#27;[32mSave 6eb34f47-785a-4756-9d83-be5b5b2da957(uuid3707)
сент. 16, 2025 8:21:57 PM webapp.storage.AbstractStorage save
INFO: &amp#27;[32mSave 1a2e234c-072f-4526-8f38-94f127446651(uuid3708)
сент. 16, 2025 8:21:57 PM webapp.storage.AbstractStorage save
INFO: &amp#27;[32mSave 38c4d574-89cc-4535-b5c2-fab8b76ccee2(uuid3709)
сент. 16, 2025 8:21:57 PM webapp.storage.AbstractStorage save
INFO: &amp#27;[32mSave 11973dc7-f26b-48ef-b197-64e2b626ad2a(uuid3710)
сент. 16, 2025 8:21:57 PM webapp.storage.AbstractStorage save
INFO: &amp#27;[32mSave 2feddb7b-7fce-4f42-b9a1-254e0b1454ff(uuid3711)
сент. 16, 2025 8:21:57 PM webapp.storage.AbstractStorage save
INFO: &amp#27;[32mSave a8e8d3d7-d1ee-462a-a18c-145e8999a5f4(uuid3712)
сент. 16, 2025 8:21:57 PM webapp.storage.AbstractStorage save
INFO: &amp#27;[32mSave f247b0c6-bd03-42bc-9aa1-349da21eadd3(uuid3713)
сент. 16, 2025 8:21:57 PM webapp.storage.AbstractStorage save
INFO: &amp#27;[32mSave 012eb7a3-4d4c-44d6-8c5e-4e5d59e584d2(uuid3714)
сент. 16, 2025 8:21:57 PM webapp.storage.AbstractStorage save
INFO: &amp#27;[32mSave bc5310ed-7bf8-4b49-bc68-d713e9284097(uuid3715)
сент. 16, 2025 8:21:57 PM webapp.storage.AbstractStorage save
INFO: &amp#27;[32mSave d116988c-4096-4cb9-b9aa-c07ca2423651(uuid3716)
сент. 16, 2025 8:21:57 PM webapp.storage.AbstractStorage save
INFO: &amp#27;[32mSave 3b304aee-5ae4-46de-9d9a-f0cf65a6f946(uuid3717)
сент. 16, 2025 8:21:57 PM webapp.storage.AbstractStorage save
INFO: &amp#27;[32mSave c069432d-df08-442b-93ef-b3f1e0e16cfe(uuid3718)
сент. 16, 2025 8:21:57 PM webapp.storage.AbstractStorage save
INFO: &amp#27;[32mSave 4b664155-5914-4c22-b66e-091136949fec(uuid3719)
сент. 16, 2025 8:21:57 PM webapp.storage.AbstractStorage save
INFO: &amp#27;[32mSave c83840b2-10c1-4197-8abd-e47c0a3a0ba3(uuid3720)
сент. 16, 2025 8:21:57 PM webapp.storage.AbstractStorage save
INFO: &amp#27;[32mSave e6127ecf-2596-46f3-90db-e13b4c93ddfb(uuid3721)
сент. 16, 2025 8:21:57 PM webapp.storage.AbstractStorage save
INFO: &amp#27;[32mSave 60adda04-52eb-4fb3-ad5d-72d44d44a8d0(uuid3722)
сент. 16, 2025 8:21:57 PM webapp.storage.AbstractStorage save
INFO: &amp#27;[32mSave fb5a1e7e-1e83-4c85-95ed-318778b26125(uuid3723)
сент. 16, 2025 8:21:57 PM webapp.storage.AbstractStorage save
INFO: &amp#27;[32mSave 76411064-a543-4033-8f79-6c811d3de76f(uuid3724)
сент. 16, 2025 8:21:57 PM webapp.storage.AbstractStorage save
INFO: &amp#27;[32mSave 078d35b9-481a-43c5-b292-f3a9b6016d5f(uuid3725)
сент. 16, 2025 8:21:57 PM webapp.storage.AbstractStorage save
INFO: &amp#27;[32mSave 9dbafadb-e56e-4fa2-9489-0231e8dea5dc(uuid3726)
сент. 16, 2025 8:21:57 PM webapp.storage.AbstractStorage save
INFO: &amp#27;[32mSave 3f89a81f-6411-41e5-a571-a2820ed43ca8(uuid3727)
сент. 16, 2025 8:21:57 PM webapp.storage.AbstractStorage save
INFO: &amp#27;[32mSave 3ea5855c-3e98-4ec6-a429-b55c084949dc(uuid3728)
сент. 16, 2025 8:21:57 PM webapp.storage.AbstractStorage save
INFO: &amp#27;[32mSave c6b465c1-a990-4b9d-ba92-aef6497e4f61(uuid3729)
сент. 16, 2025 8:21:57 PM webapp.storage.AbstractStorage save
INFO: &amp#27;[32mSave a29b3918-a756-498e-857b-4b5de1527341(uuid3730)
сент. 16, 2025 8:21:57 PM webapp.storage.AbstractStorage save
INFO: &amp#27;[32mSave 0ce46a98-9ebf-4290-be46-6f38222928b1(uuid3731)
сент. 16, 2025 8:21:57 PM webapp.storage.AbstractStorage save
INFO: &amp#27;[32mSave 77a35344-2ed4-4853-901c-5024e24ef062(uuid3732)
сент. 16, 2025 8:21:57 PM webapp.storage.AbstractStorage save
INFO: &amp#27;[32mSave af9b86ce-4cbb-4cd9-9b67-6f3144e72728(uuid3733)
сент. 16, 2025 8:21:57 PM webapp.storage.AbstractStorage save
INFO: &amp#27;[32mSave a0baaa24-73a2-4b8a-bbfd-e4efd3eebbe8(uuid3734)
сент. 16, 2025 8:21:57 PM webapp.storage.AbstractStorage save
INFO: &amp#27;[32mSave 344daed6-5697-4fa0-916a-8b3aa1921321(uuid3735)
сент. 16, 2025 8:21:57 PM webapp.storage.AbstractStorage save
INFO: &amp#27;[32mSave 11c1caed-d3fa-42db-beb9-ac58ebc4257d(uuid3736)
сент. 16, 2025 8:21:57 PM webapp.storage.AbstractStorage save
INFO: &amp#27;[32mSave 2731938c-ac67-44c8-a97a-b9518d5b255b(uuid3737)
сент. 16, 2025 8:21:57 PM webapp.storage.AbstractStorage save
INFO: &amp#27;[32mSave 705a7005-0b26-49aa-8af5-3ae33006c0ed(uuid3738)
сент. 16, 2025 8:21:57 PM webapp.storage.AbstractStorage save
INFO: &amp#27;[32mSave 24e0e181-00aa-426c-9a70-f2420745ca7d(uuid3739)
сент. 16, 2025 8:21:57 PM webapp.storage.AbstractStorage save
INFO: &amp#27;[32mSave 4904018d-0c22-4537-8c56-e32e0653f2ca(uuid3740)
сент. 16, 2025 8:21:57 PM webapp.storage.AbstractStorage save
INFO: &amp#27;[32mSave 5cab8341-e7a5-4f11-b438-c3450ad4adc9(uuid3741)
сент. 16, 2025 8:21:57 PM webapp.storage.AbstractStorage save
INFO: &amp#27;[32mSave 3b6ef8db-9f78-4199-8880-9d2d1c61bbcb(uuid3742)
сент. 16, 2025 8:21:57 PM webapp.storage.AbstractStorage save
INFO: &amp#27;[32mSave f659bf9f-f3af-40d8-ad6d-7d62f91626e8(uuid3743)
сент. 16, 2025 8:21:57 PM webapp.storage.AbstractStorage save
INFO: &amp#27;[32mSave 8d354e7d-1bd0-449b-afb8-fbd4db1e334d(uuid3744)
сент. 16, 2025 8:21:57 PM webapp.storage.AbstractStorage save
INFO: &amp#27;[32mSave d094c9ec-1abe-4cb7-8bd7-688c3606eb58(uuid3745)
сент. 16, 2025 8:21:57 PM webapp.storage.AbstractStorage save
INFO: &amp#27;[32mSave e13a7da1-9bf1-484a-9428-1b87d6f4b5d2(uuid3746)
сент. 16, 2025 8:21:57 PM webapp.storage.AbstractStorage save
INFO: &amp#27;[32mSave ca378b1d-51d2-43f6-a998-1eb589c53a72(uuid3747)
сент. 16, 2025 8:21:57 PM webapp.storage.AbstractStorage save
INFO: &amp#27;[32mSave 84508d9f-a476-465f-89bf-b57204d7d6da(uuid3748)
сент. 16, 2025 8:21:57 PM webapp.storage.AbstractStorage save
INFO: &amp#27;[32mSave 9519507e-cc1b-4205-9512-e9915008ea12(uuid3749)
сент. 16, 2025 8:21:57 PM webapp.storage.AbstractStorage save
INFO: &amp#27;[32mSave bab7965f-65f6-4f7d-9629-d6acf29e23b5(uuid3750)
сент. 16, 2025 8:21:57 PM webapp.storage.AbstractStorage save
INFO: &amp#27;[32mSave 018dd3f5-92d3-46a1-91ea-2da4f698efdf(uuid3751)
сент. 16, 2025 8:21:57 PM webapp.storage.AbstractStorage save
INFO: &amp#27;[32mSave 5501ccd3-c3bf-454b-ae88-c7d32d82fc5b(uuid3752)
сент. 16, 2025 8:21:57 PM webapp.storage.AbstractStorage save
INFO: &amp#27;[32mSave ed18403b-ee7a-4103-907c-fe6d7b160408(uuid3753)
сент. 16, 2025 8:21:57 PM webapp.storage.AbstractStorage save
INFO: &amp#27;[32mSave ee95e981-7a85-4804-b163-9cd08f4f74a0(uuid3754)
сент. 16, 2025 8:21:57 PM webapp.storage.AbstractStorage save
INFO: &amp#27;[32mSave 17c857f0-9eec-4b91-b69a-27a60e3d2992(uuid3755)
сент. 16, 2025 8:21:57 PM webapp.storage.AbstractStorage save
INFO: &amp#27;[32mSave def20b36-082e-4f8e-a4f8-fe07c63504cf(uuid3756)
сент. 16, 2025 8:21:57 PM webapp.storage.AbstractStorage save
INFO: &amp#27;[32mSave a1f8ad6d-3369-4ea1-96bc-6390fcee5b26(uuid3757)
сент. 16, 2025 8:21:57 PM webapp.storage.AbstractStorage save
INFO: &amp#27;[32mSave a0957bcc-c618-4b1f-9428-70a5ebfc5b4f(uuid3758)
сент. 16, 2025 8:21:57 PM webapp.storage.AbstractStorage save
INFO: &amp#27;[32mSave d184465a-3c29-48e0-9123-dda07a118a19(uuid3759)
сент. 16, 2025 8:21:57 PM webapp.storage.AbstractStorage save
INFO: &amp#27;[32mSave 4185393a-daa8-439f-9ab4-d08a067edbfb(uuid3760)
сент. 16, 2025 8:21:57 PM webapp.storage.AbstractStorage save
INFO: &amp#27;[32mSave 63521499-ffd0-466f-8c50-dc31d20c202d(uuid3761)
сент. 16, 2025 8:21:57 PM webapp.storage.AbstractStorage save
INFO: &amp#27;[32mSave c12685c2-c037-418d-b9da-c47792c30cf2(uuid3762)
сент. 16, 2025 8:21:57 PM webapp.storage.AbstractStorage save
INFO: &amp#27;[32mSave 77432e3d-f271-4f02-a6c8-b12b56062e48(uuid3763)
сент. 16, 2025 8:21:57 PM webapp.storage.AbstractStorage save
INFO: &amp#27;[32mSave d07df6c7-d0a0-4b5f-8b59-4a9b90aaf915(uuid3764)
сент. 16, 2025 8:21:57 PM webapp.storage.AbstractStorage save
INFO: &amp#27;[32mSave fd4dfdc4-1345-4ed6-b670-68673c9477dd(uuid3765)
сент. 16, 2025 8:21:57 PM webapp.storage.AbstractStorage save
INFO: &amp#27;[32mSave 522ce8b1-9be5-4a59-a7e0-5abf8c0837a1(uuid3766)
сент. 16, 2025 8:21:57 PM webapp.storage.AbstractStorage save
INFO: &amp#27;[32mSave a7b727c1-3aa4-4a60-9689-500651f6d144(uuid3767)
сент. 16, 2025 8:21:57 PM webapp.storage.AbstractStorage save
INFO: &amp#27;[32mSave 73c86e4e-78cb-4f20-b678-a415123d9b73(uuid3768)
сент. 16, 2025 8:21:57 PM webapp.storage.AbstractStorage save
INFO: &amp#27;[32mSave eaa1daa7-bca3-4475-9719-7ee3935ceab6(uuid3769)
сент. 16, 2025 8:21:57 PM webapp.storage.AbstractStorage save
INFO: &amp#27;[32mSave 4e13dbe0-b806-4879-8207-4d1c15538d20(uuid3770)
сент. 16, 2025 8:21:57 PM webapp.storage.AbstractStorage save
INFO: &amp#27;[32mSave 3dff65c7-17a2-4549-b451-4026aadde703(uuid3771)
сент. 16, 2025 8:21:57 PM webapp.storage.AbstractStorage save
INFO: &amp#27;[32mSave 78602e5b-1a83-4927-801e-dacc97949113(uuid3772)
сент. 16, 2025 8:21:57 PM webapp.storage.AbstractStorage save
INFO: &amp#27;[32mSave e017c8cf-16d9-4cee-97ba-6e70daed6ea6(uuid3773)
сент. 16, 2025 8:21:57 PM webapp.storage.AbstractStorage save
INFO: &amp#27;[32mSave 73b81407-e040-4e7c-abe0-b1b2ea4a93cd(uuid3774)
сент. 16, 2025 8:21:57 PM webapp.storage.AbstractStorage save
INFO: &amp#27;[32mSave 86244a8e-751b-4c4d-973f-ae7c806be4f6(uuid3775)
сент. 16, 2025 8:21:57 PM webapp.storage.AbstractStorage save
INFO: &amp#27;[32mSave b604532c-2025-4ee7-9de6-438caf719399(uuid3776)
сент. 16, 2025 8:21:57 PM webapp.storage.AbstractStorage save
INFO: &amp#27;[32mSave 2d83b3c0-6ed4-4576-9665-f09937750345(uuid3777)
сент. 16, 2025 8:21:57 PM webapp.storage.AbstractStorage save
INFO: &amp#27;[32mSave b89ba275-997b-4f09-af8d-e6788852acc0(uuid3778)
сент. 16, 2025 8:21:57 PM webapp.storage.AbstractStorage save
INFO: &amp#27;[32mSave 4a11c5d5-e730-467e-830f-d9e18fb405c4(uuid3779)
сент. 16, 2025 8:21:57 PM webapp.storage.AbstractStorage save
INFO: &amp#27;[32mSave b9dcc2a9-cae9-4126-ac12-81b8186f4ec3(uuid3780)
сент. 16, 2025 8:21:57 PM webapp.storage.AbstractStorage save
INFO: &amp#27;[32mSave 99f74dcc-c0e1-444c-8786-6cf96e983852(uuid3781)
сент. 16, 2025 8:21:57 PM webapp.storage.AbstractStorage save
INFO: &amp#27;[32mSave 2ef173de-ba80-4893-8648-236c129f1608(uuid3782)
сент. 16, 2025 8:21:57 PM webapp.storage.AbstractStorage save
INFO: &amp#27;[32mSave 8a2715ac-11ca-479c-a94f-4328a410310a(uuid3783)
сент. 16, 2025 8:21:57 PM webapp.storage.AbstractStorage save
INFO: &amp#27;[32mSave efae5191-ff98-404d-8384-1448a62f2752(uuid3784)
сент. 16, 2025 8:21:57 PM webapp.storage.AbstractStorage save
INFO: &amp#27;[32mSave c3336ab0-7994-4dc9-9579-35f7bd516ad6(uuid3785)
сент. 16, 2025 8:21:57 PM webapp.storage.AbstractStorage save
INFO: &amp#27;[32mSave f0507da7-1414-4dea-be9a-a10262f56b02(uuid3786)
сент. 16, 2025 8:21:57 PM webapp.storage.AbstractStorage save
INFO: &amp#27;[32mSave 6e692af1-aea5-4efe-85b2-b5cb1a6d743c(uuid3787)
сент. 16, 2025 8:21:57 PM webapp.storage.AbstractStorage save
INFO: &amp#27;[32mSave ffd6f829-a543-4855-a0f3-c330095178f2(uuid3788)
сент. 16, 2025 8:21:57 PM webapp.storage.AbstractStorage save
INFO: &amp#27;[32mSave 846b0a7d-4bc1-4896-b088-769385a6d694(uuid3789)
сент. 16, 2025 8:21:57 PM webapp.storage.AbstractStorage save
INFO: &amp#27;[32mSave e98fce7a-c9e2-4f00-926d-f1b91fe0da87(uuid3790)
сент. 16, 2025 8:21:57 PM webapp.storage.AbstractStorage save
INFO: &amp#27;[32mSave 8e99f3fe-7e18-48d5-babd-bf24e2d38990(uuid3791)
сент. 16, 2025 8:21:57 PM webapp.storage.AbstractStorage save
INFO: &amp#27;[32mSave 7fad7511-a29a-445f-a3de-c8cdfffceb12(uuid3792)
сент. 16, 2025 8:21:57 PM webapp.storage.AbstractStorage save
INFO: &amp#27;[32mSave 260d161c-65f0-4e81-bbb5-7840d35b40d8(uuid3793)
сент. 16, 2025 8:21:57 PM webapp.storage.AbstractStorage save
INFO: &amp#27;[32mSave 51e44e89-1821-4c37-ab10-b086869e4d4b(uuid3794)
сент. 16, 2025 8:21:57 PM webapp.storage.AbstractStorage save
INFO: &amp#27;[32mSave 2c7d66cb-8c5c-49e2-bae6-c4017fb57e1a(uuid3795)
сент. 16, 2025 8:21:57 PM webapp.storage.AbstractStorage save
INFO: &amp#27;[32mSave a3717734-31f4-4683-88cf-e7832232481c(uuid3796)
сент. 16, 2025 8:21:57 PM webapp.storage.AbstractStorage save
INFO: &amp#27;[32mSave f3231b72-9a74-416e-81e8-6948845b904b(uuid3797)
сент. 16, 2025 8:21:57 PM webapp.storage.AbstractStorage save
INFO: &amp#27;[32mSave e31be822-fc3b-40b0-bbf0-a9348bd0bb09(uuid3798)
сент. 16, 2025 8:21:57 PM webapp.storage.AbstractStorage save
INFO: &amp#27;[32mSave 51aa0280-86d9-4566-a843-97508c27907f(uuid3799)
сент. 16, 2025 8:21:57 PM webapp.storage.AbstractStorage save
INFO: &amp#27;[32mSave 1494e624-485e-4784-afe8-a231f8cdc79e(uuid3800)
сент. 16, 2025 8:21:57 PM webapp.storage.AbstractStorage save
INFO: &amp#27;[32mSave ebb78061-9e64-4aba-9a47-70f1f702f9f5(uuid3801)
сент. 16, 2025 8:21:57 PM webapp.storage.AbstractStorage save
INFO: &amp#27;[32mSave 463e1a15-5ec7-467a-9ffb-7f57d03358e7(uuid3802)
сент. 16, 2025 8:21:57 PM webapp.storage.AbstractStorage save
INFO: &amp#27;[32mSave f0f14ab8-2787-4e40-b640-2c1db77a3da8(uuid3803)
сент. 16, 2025 8:21:57 PM webapp.storage.AbstractStorage save
INFO: &amp#27;[32mSave b59cbf00-490a-47c7-b4a0-384464ab1a22(uuid3804)
сент. 16, 2025 8:21:57 PM webapp.storage.AbstractStorage save
INFO: &amp#27;[32mSave 47427453-5f0d-4173-a8a5-70ea4a6388d0(uuid3805)
сент. 16, 2025 8:21:57 PM webapp.storage.AbstractStorage save
INFO: &amp#27;[32mSave faf681b5-d86b-4f64-8639-8aecd2eb8f5d(uuid3806)
сент. 16, 2025 8:21:57 PM webapp.storage.AbstractStorage save
INFO: &amp#27;[32mSave 3eeb8854-92ea-4986-ae9f-2c491c9be02f(uuid3807)
сент. 16, 2025 8:21:57 PM webapp.storage.AbstractStorage save
INFO: &amp#27;[32mSave df51d11e-e37b-4a71-ba58-3bd53b4a45fd(uuid3808)
сент. 16, 2025 8:21:57 PM webapp.storage.AbstractStorage save
INFO: &amp#27;[32mSave 070e5213-8fd6-43ab-b0e2-7b041257cd78(uuid3809)
сент. 16, 2025 8:21:57 PM webapp.storage.AbstractStorage save
INFO: &amp#27;[32mSave 02ba1c0e-eeba-4133-a81e-9e0480f238d9(uuid3810)
сент. 16, 2025 8:21:57 PM webapp.storage.AbstractStorage save
INFO: &amp#27;[32mSave 5db6cdcc-bb9f-4e8b-ba1b-9236841c80cb(uuid3811)
сент. 16, 2025 8:21:57 PM webapp.storage.AbstractStorage save
INFO: &amp#27;[32mSave 27858d5d-6908-4930-a4d1-c469d75b066d(uuid3812)
сент. 16, 2025 8:21:57 PM webapp.storage.AbstractStorage save
INFO: &amp#27;[32mSave 1372cdf4-8854-4576-9410-07405691b9ef(uuid3813)
сент. 16, 2025 8:21:57 PM webapp.storage.AbstractStorage save
INFO: &amp#27;[32mSave 2ec7b3bb-c6a7-4acb-943c-436af3c47eda(uuid3814)
сент. 16, 2025 8:21:57 PM webapp.storage.AbstractStorage save
INFO: &amp#27;[32mSave c895b1ce-c4a2-465b-8dfe-14ae225ccd23(uuid3815)
сент. 16, 2025 8:21:57 PM webapp.storage.AbstractStorage save
INFO: &amp#27;[32mSave eea1e9fc-bf7b-4cad-a10d-aa9858430f96(uuid3816)
сент. 16, 2025 8:21:57 PM webapp.storage.AbstractStorage save
INFO: &amp#27;[32mSave 6cbdbaf6-028a-4658-9aa5-8c9411a80074(uuid3817)
сент. 16, 2025 8:21:57 PM webapp.storage.AbstractStorage save
INFO: &amp#27;[32mSave 8a7541a6-01b5-4717-bd47-e67f098ac8e2(uuid3818)
сент. 16, 2025 8:21:57 PM webapp.storage.AbstractStorage save
INFO: &amp#27;[32mSave d55d2f6e-b352-47c9-8b2e-63ac53ff493e(uuid3819)
сент. 16, 2025 8:21:57 PM webapp.storage.AbstractStorage save
INFO: &amp#27;[32mSave 2af9f8a6-f97e-466f-8b78-0b8e1e12907a(uuid3820)
сент. 16, 2025 8:21:57 PM webapp.storage.AbstractStorage save
INFO: &amp#27;[32mSave 73f924f2-1ffc-42bc-b4bd-84b8cb4e4c2a(uuid3821)
сент. 16, 2025 8:21:57 PM webapp.storage.AbstractStorage save
INFO: &amp#27;[32mSave 23761999-9f0b-4fb9-8f48-a553f871b045(uuid3822)
сент. 16, 2025 8:21:57 PM webapp.storage.AbstractStorage save
INFO: &amp#27;[32mSave 8ab39375-1137-491d-8767-4a511705280e(uuid3823)
сент. 16, 2025 8:21:57 PM webapp.storage.AbstractStorage save
INFO: &amp#27;[32mSave 3384896b-3ae9-4163-aea9-fc478dc43a06(uuid3824)
сент. 16, 2025 8:21:57 PM webapp.storage.AbstractStorage save
INFO: &amp#27;[32mSave ac40b2e6-0269-45ad-9e42-85936f1258a8(uuid3825)
сент. 16, 2025 8:21:57 PM webapp.storage.AbstractStorage save
INFO: &amp#27;[32mSave 4d3e5575-946c-4374-a0d0-49c82b19b4ef(uuid3826)
сент. 16, 2025 8:21:57 PM webapp.storage.AbstractStorage save
INFO: &amp#27;[32mSave 3a5e57f0-0e5b-4e86-92e1-6b32962f8e31(uuid3827)
сент. 16, 2025 8:21:57 PM webapp.storage.AbstractStorage save
INFO: &amp#27;[32mSave 9277e952-31eb-4dca-b985-55eca5284f83(uuid3828)
сент. 16, 2025 8:21:57 PM webapp.storage.AbstractStorage save
INFO: &amp#27;[32mSave 4772b27d-49cc-40de-9210-b6f78f3c8ff8(uuid3829)
сент. 16, 2025 8:21:57 PM webapp.storage.AbstractStorage save
INFO: &amp#27;[32mSave a8e897ff-1e45-4fbe-8532-135b834bfa97(uuid3830)
сент. 16, 2025 8:21:57 PM webapp.storage.AbstractStorage save
INFO: &amp#27;[32mSave fbe538dc-13fd-45a4-b8f7-ad1715cf865f(uuid3831)
сент. 16, 2025 8:21:57 PM webapp.storage.AbstractStorage save
INFO: &amp#27;[32mSave 6c170324-0a8a-40a7-af74-a7abdd2fe57e(uuid3832)
сент. 16, 2025 8:21:57 PM webapp.storage.AbstractStorage save
INFO: &amp#27;[32mSave 2bd30697-b531-4f8a-b9f7-d92534433c88(uuid3833)
сент. 16, 2025 8:21:57 PM webapp.storage.AbstractStorage save
INFO: &amp#27;[32mSave cb3ccc4d-1811-49ec-a0aa-e6184b564d46(uuid3834)
сент. 16, 2025 8:21:57 PM webapp.storage.AbstractStorage save
INFO: &amp#27;[32mSave 49ba44ee-607b-4347-91be-f814a1a0e524(uuid3835)
сент. 16, 2025 8:21:57 PM webapp.storage.AbstractStorage save
INFO: &amp#27;[32mSave 82c9520b-ea9c-4f70-925e-12a77a7216bc(uuid3836)
сент. 16, 2025 8:21:57 PM webapp.storage.AbstractStorage save
INFO: &amp#27;[32mSave 42abf2ee-31b5-439d-a8dd-f87cda0b2947(uuid3837)
сент. 16, 2025 8:21:57 PM webapp.storage.AbstractStorage save
INFO: &amp#27;[32mSave c5bcab94-f8f5-416b-87f0-eebc8da9b3bd(uuid3838)
сент. 16, 2025 8:21:57 PM webapp.storage.AbstractStorage save
INFO: &amp#27;[32mSave 11208e1c-fc9f-45f4-a5bf-c921e39709c3(uuid3839)
сент. 16, 2025 8:21:57 PM webapp.storage.AbstractStorage save
INFO: &amp#27;[32mSave a17133a5-b3cd-4590-824a-725166fff80f(uuid3840)
сент. 16, 2025 8:21:57 PM webapp.storage.AbstractStorage save
INFO: &amp#27;[32mSave 69c38bbd-76aa-43af-9521-d8de25788d10(uuid3841)
сент. 16, 2025 8:21:57 PM webapp.storage.AbstractStorage save
INFO: &amp#27;[32mSave e087a05d-7164-4ee4-bb73-a19de9bb96f7(uuid3842)
сент. 16, 2025 8:21:57 PM webapp.storage.AbstractStorage save
INFO: &amp#27;[32mSave 457ecfc3-2ca4-4e96-8b07-852f8d315b7a(uuid3843)
сент. 16, 2025 8:21:57 PM webapp.storage.AbstractStorage save
INFO: &amp#27;[32mSave ed2f5dd6-c83e-446c-af81-6aa365ca1db0(uuid3844)
сент. 16, 2025 8:21:57 PM webapp.storage.AbstractStorage save
INFO: &amp#27;[32mSave af1928eb-1046-4049-a8ba-5301085fb66d(uuid3845)
сент. 16, 2025 8:21:57 PM webapp.storage.AbstractStorage save
INFO: &amp#27;[32mSave 70a42de8-c27a-47e1-ab61-6439fae02474(uuid3846)
сент. 16, 2025 8:21:57 PM webapp.storage.AbstractStorage save
INFO: &amp#27;[32mSave 6f7a26e0-c374-45d3-9aa5-d2fcefc6cba5(uuid3847)
сент. 16, 2025 8:21:57 PM webapp.storage.AbstractStorage save
INFO: &amp#27;[32mSave 56bc6921-2b6c-411b-ba3c-432167212b6b(uuid3848)
сент. 16, 2025 8:21:57 PM webapp.storage.AbstractStorage save
INFO: &amp#27;[32mSave 94d1832f-e270-48f6-8763-6cadc167766f(uuid3849)
сент. 16, 2025 8:21:57 PM webapp.storage.AbstractStorage save
INFO: &amp#27;[32mSave eb181bb5-0bf5-4ac2-bda8-e732cc57b8e7(uuid3850)
сент. 16, 2025 8:21:57 PM webapp.storage.AbstractStorage save
INFO: &amp#27;[32mSave 51d08b9b-cc9c-4bb6-ada6-f29d8ce93142(uuid3851)
сент. 16, 2025 8:21:57 PM webapp.storage.AbstractStorage save
INFO: &amp#27;[32mSave 5d62807e-b620-4c61-a794-82aa65bef0d2(uuid3852)
сент. 16, 2025 8:21:57 PM webapp.storage.AbstractStorage save
INFO: &amp#27;[32mSave a2307418-6f43-4423-a84d-f3f4c9ee3800(uuid3853)
сент. 16, 2025 8:21:57 PM webapp.storage.AbstractStorage save
INFO: &amp#27;[32mSave a6749ea6-be71-47db-8056-7ae66af3a293(uuid3854)
сент. 16, 2025 8:21:57 PM webapp.storage.AbstractStorage save
INFO: &amp#27;[32mSave f322443a-196f-4143-bc35-ca822406d7e6(uuid3855)
сент. 16, 2025 8:21:57 PM webapp.storage.AbstractStorage save
INFO: &amp#27;[32mSave 75de07ca-72f3-43ba-8977-90c8f929703d(uuid3856)
сент. 16, 2025 8:21:57 PM webapp.storage.AbstractStorage save
INFO: &amp#27;[32mSave 21e77902-1933-4d3d-a52e-4bb3e57e12ca(uuid3857)
сент. 16, 2025 8:21:57 PM webapp.storage.AbstractStorage save
INFO: &amp#27;[32mSave 53584971-d325-4aed-b676-a80014ab4870(uuid3858)
сент. 16, 2025 8:21:57 PM webapp.storage.AbstractStorage save
INFO: &amp#27;[32mSave 4fd20d8a-710c-4b50-94c1-6780439bfc1c(uuid3859)
сент. 16, 2025 8:21:57 PM webapp.storage.AbstractStorage save
INFO: &amp#27;[32mSave 2e61a739-94e3-47ae-a87f-4e6bc2a6e82d(uuid3860)
сент. 16, 2025 8:21:57 PM webapp.storage.AbstractStorage save
INFO: &amp#27;[32mSave 8211ea87-01f7-469b-b2b7-4dacd2d85b39(uuid3861)
сент. 16, 2025 8:21:57 PM webapp.storage.AbstractStorage save
INFO: &amp#27;[32mSave 05361554-ba5b-4eb9-9b01-cfacd23d92c7(uuid3862)
сент. 16, 2025 8:21:57 PM webapp.storage.AbstractStorage save
INFO: &amp#27;[32mSave 6b0c6108-d5a4-4d08-a1ad-efe2719301b5(uuid3863)
сент. 16, 2025 8:21:57 PM webapp.storage.AbstractStorage save
INFO: &amp#27;[32mSave 0d692eb6-ba16-46c8-ba24-097428c49960(uuid3864)
сент. 16, 2025 8:21:57 PM webapp.storage.AbstractStorage save
INFO: &amp#27;[32mSave 56b38a32-5ffc-484b-8cd7-b06d8675921b(uuid3865)
сент. 16, 2025 8:21:57 PM webapp.storage.AbstractStorage save
INFO: &amp#27;[32mSave d6b6c49f-3628-4c89-aac4-7a3e498d3627(uuid3866)
сент. 16, 2025 8:21:57 PM webapp.storage.AbstractStorage save
INFO: &amp#27;[32mSave 624b6748-4674-4a73-b723-7001329f3afa(uuid3867)
сент. 16, 2025 8:21:57 PM webapp.storage.AbstractStorage save
INFO: &amp#27;[32mSave 3562b9b4-6928-41b6-9f37-9934f4808bc0(uuid3868)
сент. 16, 2025 8:21:57 PM webapp.storage.AbstractStorage save
INFO: &amp#27;[32mSave 8670340f-c6e4-4b56-88ea-51ad61d216b8(uuid3869)
сент. 16, 2025 8:21:57 PM webapp.storage.AbstractStorage save
INFO: &amp#27;[32mSave f57cf294-64c6-4d10-8066-f1af31b228c1(uuid3870)
сент. 16, 2025 8:21:57 PM webapp.storage.AbstractStorage save
INFO: &amp#27;[32mSave 1fcda56b-73d1-41d0-835f-9e07afc053eb(uuid3871)
сент. 16, 2025 8:21:57 PM webapp.storage.AbstractStorage save
INFO: &amp#27;[32mSave ea7817e4-3356-45d2-aae9-9bb667509ab4(uuid3872)
сент. 16, 2025 8:21:57 PM webapp.storage.AbstractStorage save
INFO: &amp#27;[32mSave cde3c25b-2b53-45ea-ad2e-bb5b57f40b3d(uuid3873)
сент. 16, 2025 8:21:57 PM webapp.storage.AbstractStorage save
INFO: &amp#27;[32mSave 80177ba4-9f20-42d4-8b47-d2ccb6ee987a(uuid3874)
сент. 16, 2025 8:21:57 PM webapp.storage.AbstractStorage save
INFO: &amp#27;[32mSave cc31a213-7d0b-44b9-8e0b-ae0f2114c2a7(uuid3875)
сент. 16, 2025 8:21:57 PM webapp.storage.AbstractStorage save
INFO: &amp#27;[32mSave 543f1f08-ff08-4a54-aa54-98b57fbead5c(uuid3876)
сент. 16, 2025 8:21:57 PM webapp.storage.AbstractStorage save
INFO: &amp#27;[32mSave 9315cf01-8260-4647-8e77-aeb5c3bb5eb9(uuid3877)
сент. 16, 2025 8:21:57 PM webapp.storage.AbstractStorage save
INFO: &amp#27;[32mSave 85530dbb-6ede-41c3-95ec-fff68fca753b(uuid3878)
сент. 16, 2025 8:21:57 PM webapp.storage.AbstractStorage save
INFO: &amp#27;[32mSave 2c9c1695-dbcf-47e5-aeb7-8c55de070f23(uuid3879)
сент. 16, 2025 8:21:57 PM webapp.storage.AbstractStorage save
INFO: &amp#27;[32mSave 3d57512b-9b06-4203-93a4-89b7d61e3da2(uuid3880)
сент. 16, 2025 8:21:57 PM webapp.storage.AbstractStorage save
INFO: &amp#27;[32mSave db380db9-c120-4c16-911e-f27d3af45578(uuid3881)
сент. 16, 2025 8:21:57 PM webapp.storage.AbstractStorage save
INFO: &amp#27;[32mSave 90f87119-9655-4bb2-9a10-e8d5c37793c9(uuid3882)
сент. 16, 2025 8:21:57 PM webapp.storage.AbstractStorage save
INFO: &amp#27;[32mSave 5c4a0bb0-4773-4f1f-bccd-caec7f85e0c4(uuid3883)
сент. 16, 2025 8:21:57 PM webapp.storage.AbstractStorage save
INFO: &amp#27;[32mSave f2a17869-2260-4b66-834c-16bb4926d5b1(uuid3884)
сент. 16, 2025 8:21:57 PM webapp.storage.AbstractStorage save
INFO: &amp#27;[32mSave d623f18d-0da3-427a-94ed-d1f438a388e4(uuid3885)
сент. 16, 2025 8:21:57 PM webapp.storage.AbstractStorage save
INFO: &amp#27;[32mSave a4e0ddaa-8459-48f3-b9b6-219c5a24c837(uuid3886)
сент. 16, 2025 8:21:57 PM webapp.storage.AbstractStorage save
INFO: &amp#27;[32mSave e5eec992-2cab-4753-8a27-c1626c0c96ea(uuid3887)
сент. 16, 2025 8:21:57 PM webapp.storage.AbstractStorage save
INFO: &amp#27;[32mSave 35ded702-ab19-4498-8dd1-91fb9f35e749(uuid3888)
сент. 16, 2025 8:21:57 PM webapp.storage.AbstractStorage save
INFO: &amp#27;[32mSave 9e9020fa-f320-443c-bc60-57aa410569a1(uuid3889)
сент. 16, 2025 8:21:57 PM webapp.storage.AbstractStorage save
INFO: &amp#27;[32mSave 6d308be4-75f3-4dd7-b45a-54d7008f4001(uuid3890)
сент. 16, 2025 8:21:57 PM webapp.storage.AbstractStorage save
INFO: &amp#27;[32mSave 97f72c1b-8d30-4b14-85ba-81e2fdf71277(uuid3891)
сент. 16, 2025 8:21:57 PM webapp.storage.AbstractStorage save
INFO: &amp#27;[32mSave 77cdcd03-4672-41f5-a5d6-d6de6ec6e089(uuid3892)
сент. 16, 2025 8:21:57 PM webapp.storage.AbstractStorage save
INFO: &amp#27;[32mSave 4643be03-bb32-4feb-b2f5-f6e704e2cb54(uuid3893)
сент. 16, 2025 8:21:57 PM webapp.storage.AbstractStorage save
INFO: &amp#27;[32mSave e87c0e00-6cc3-4b39-8126-54d3438e7cd5(uuid3894)
сент. 16, 2025 8:21:57 PM webapp.storage.AbstractStorage save
INFO: &amp#27;[32mSave f2a22da7-f610-4177-95aa-f5c54e3b9656(uuid3895)
сент. 16, 2025 8:21:57 PM webapp.storage.AbstractStorage save
INFO: &amp#27;[32mSave c9c2afa0-ee54-4a5f-894a-b9fcca000a25(uuid3896)
сент. 16, 2025 8:21:57 PM webapp.storage.AbstractStorage save
INFO: &amp#27;[32mSave fe754fdb-652e-4ee6-ab84-67cd70d54efc(uuid3897)
сент. 16, 2025 8:21:57 PM webapp.storage.AbstractStorage save
INFO: &amp#27;[32mSave 8db4274f-8f24-4b4a-ab99-bc982d299383(uuid3898)
сент. 16, 2025 8:21:57 PM webapp.storage.AbstractStorage save
INFO: &amp#27;[32mSave 85cd9c19-9ec9-4825-8b9a-2d40b6857b8c(uuid3899)
сент. 16, 2025 8:21:57 PM webapp.storage.AbstractStorage save
INFO: &amp#27;[32mSave ff28b0f8-2ede-47aa-a6c8-9ab28e29b1b6(uuid3900)
сент. 16, 2025 8:21:57 PM webapp.storage.AbstractStorage save
INFO: &amp#27;[32mSave 18cec95e-17ed-4577-90f7-ae1ba5a77067(uuid3901)
сент. 16, 2025 8:21:57 PM webapp.storage.AbstractStorage save
INFO: &amp#27;[32mSave 7239e79c-52e5-44b9-805f-5521102415a8(uuid3902)
сент. 16, 2025 8:21:57 PM webapp.storage.AbstractStorage save
INFO: &amp#27;[32mSave 888a2a69-d7d7-4020-bc6d-06ce4fe4628b(uuid3903)
сент. 16, 2025 8:21:57 PM webapp.storage.AbstractStorage save
INFO: &amp#27;[32mSave 00da3370-2821-4e52-9037-1a48742441ff(uuid3904)
сент. 16, 2025 8:21:57 PM webapp.storage.AbstractStorage save
INFO: &amp#27;[32mSave 7d71fce4-354c-464b-a430-5d7d7845c30e(uuid3905)
сент. 16, 2025 8:21:57 PM webapp.storage.AbstractStorage save
INFO: &amp#27;[32mSave ac566580-a369-4cd7-8d70-bef265a94666(uuid3906)
сент. 16, 2025 8:21:57 PM webapp.storage.AbstractStorage save
INFO: &amp#27;[32mSave 3f435173-16b0-485b-8640-1a4470deae0e(uuid3907)
сент. 16, 2025 8:21:57 PM webapp.storage.AbstractStorage save
INFO: &amp#27;[32mSave 653e9285-7ec9-4f88-9a50-78428c678905(uuid3908)
сент. 16, 2025 8:21:57 PM webapp.storage.AbstractStorage save
INFO: &amp#27;[32mSave a1d1eb18-411d-4bba-84a9-642a0f15ca94(uuid3909)
сент. 16, 2025 8:21:57 PM webapp.storage.AbstractStorage save
INFO: &amp#27;[32mSave 6d4c5bb1-49f8-4e00-8c9f-035cb6967f30(uuid3910)
сент. 16, 2025 8:21:57 PM webapp.storage.AbstractStorage save
INFO: &amp#27;[32mSave ab647b56-31f2-4346-8848-13955db3c1c5(uuid3911)
сент. 16, 2025 8:21:57 PM webapp.storage.AbstractStorage save
INFO: &amp#27;[32mSave 2d241e16-55cd-4614-99a9-cc9e8d4c4739(uuid3912)
сент. 16, 2025 8:21:57 PM webapp.storage.AbstractStorage save
INFO: &amp#27;[32mSave 70bf79fd-a142-44ea-aa9f-78ddf444935e(uuid3913)
сент. 16, 2025 8:21:57 PM webapp.storage.AbstractStorage save
INFO: &amp#27;[32mSave 429bb6d3-184f-441f-b91e-972f843a1160(uuid3914)
сент. 16, 2025 8:21:57 PM webapp.storage.AbstractStorage save
INFO: &amp#27;[32mSave f3e47e82-86eb-4c04-99bd-050727ab713c(uuid3915)
сент. 16, 2025 8:21:57 PM webapp.storage.AbstractStorage save
INFO: &amp#27;[32mSave b2ef4148-0ebd-4e9f-ac2a-cba2be3d0abc(uuid3916)
сент. 16, 2025 8:21:57 PM webapp.storage.AbstractStorage save
INFO: &amp#27;[32mSave 267503d8-58c8-4da0-8b74-bba443f544b9(uuid3917)
сент. 16, 2025 8:21:57 PM webapp.storage.AbstractStorage save
INFO: &amp#27;[32mSave a4e6403a-8f0f-44d3-855f-b08a58de7e82(uuid3918)
сент. 16, 2025 8:21:57 PM webapp.storage.AbstractStorage save
INFO: &amp#27;[32mSave 2b0a990b-4222-41e5-b431-f582cffdd472(uuid3919)
сент. 16, 2025 8:21:57 PM webapp.storage.AbstractStorage save
INFO: &amp#27;[32mSave 22333201-1cd4-497f-93b4-f9e1d228c074(uuid3920)
сент. 16, 2025 8:21:57 PM webapp.storage.AbstractStorage save
INFO: &amp#27;[32mSave d0f935fe-5c72-4155-889f-53dbf7c0ce40(uuid3921)
сент. 16, 2025 8:21:57 PM webapp.storage.AbstractStorage save
INFO: &amp#27;[32mSave 2f10781f-5093-49ef-bfc8-49481c0f91ff(uuid3922)
сент. 16, 2025 8:21:57 PM webapp.storage.AbstractStorage save
INFO: &amp#27;[32mSave 79607e64-2758-49fd-99f7-ec6c17d29d31(uuid3923)
сент. 16, 2025 8:21:57 PM webapp.storage.AbstractStorage save
INFO: &amp#27;[32mSave eac6d631-7e57-47b5-9892-aa0271a2c2c1(uuid3924)
сент. 16, 2025 8:21:57 PM webapp.storage.AbstractStorage save
INFO: &amp#27;[32mSave 79afd938-2e3d-42a8-8c6e-530c7991bbdf(uuid3925)
сент. 16, 2025 8:21:57 PM webapp.storage.AbstractStorage save
INFO: &amp#27;[32mSave 1c6f55e5-1938-4336-b626-f9b70e7acca9(uuid3926)
сент. 16, 2025 8:21:57 PM webapp.storage.AbstractStorage save
INFO: &amp#27;[32mSave cee1051b-2c5b-4b23-b829-c609d9e7e3f9(uuid3927)
сент. 16, 2025 8:21:57 PM webapp.storage.AbstractStorage save
INFO: &amp#27;[32mSave 0e65c68e-a6e2-4fc3-b320-0b065ec85609(uuid3928)
сент. 16, 2025 8:21:57 PM webapp.storage.AbstractStorage save
INFO: &amp#27;[32mSave 2e4df60d-aa99-4b4d-957c-5b7cee8a2aa6(uuid3929)
сент. 16, 2025 8:21:57 PM webapp.storage.AbstractStorage save
INFO: &amp#27;[32mSave bcacc864-7e7f-4f60-8939-e810bcb6e5cf(uuid3930)
сент. 16, 2025 8:21:57 PM webapp.storage.AbstractStorage save
INFO: &amp#27;[32mSave a548c0b2-edaa-4385-ab92-aeec9859379c(uuid3931)
сент. 16, 2025 8:21:57 PM webapp.storage.AbstractStorage save
INFO: &amp#27;[32mSave a52e7630-c6b3-4096-9a9c-04bf723cca2c(uuid3932)
сент. 16, 2025 8:21:57 PM webapp.storage.AbstractStorage save
INFO: &amp#27;[32mSave 95fe9d74-6267-4224-97f5-c411df322044(uuid3933)
сент. 16, 2025 8:21:57 PM webapp.storage.AbstractStorage save
INFO: &amp#27;[32mSave d14d38b7-1d86-4444-8a9c-0f40a3852720(uuid3934)
сент. 16, 2025 8:21:57 PM webapp.storage.AbstractStorage save
INFO: &amp#27;[32mSave 94bd1905-863e-4b00-8af1-fcb97695eb38(uuid3935)
сент. 16, 2025 8:21:57 PM webapp.storage.AbstractStorage save
INFO: &amp#27;[32mSave b082e151-00f1-4a74-b382-dc6e33595f4f(uuid3936)
сент. 16, 2025 8:21:57 PM webapp.storage.AbstractStorage save
INFO: &amp#27;[32mSave e56237c0-6a99-42a0-b49a-3949587614f1(uuid3937)
сент. 16, 2025 8:21:57 PM webapp.storage.AbstractStorage save
INFO: &amp#27;[32mSave ff9f6779-e9c9-4a8b-acb6-0942c7389132(uuid3938)
сент. 16, 2025 8:21:57 PM webapp.storage.AbstractStorage save
INFO: &amp#27;[32mSave 43eb444b-f855-4b99-a9b4-bf69ea943ccc(uuid3939)
сент. 16, 2025 8:21:57 PM webapp.storage.AbstractStorage save
INFO: &amp#27;[32mSave 7689b71b-015e-431d-a8d7-07f2680daaf1(uuid3940)
сент. 16, 2025 8:21:57 PM webapp.storage.AbstractStorage save
INFO: &amp#27;[32mSave 266ea6a9-2806-4672-b4e0-856b261367ed(uuid3941)
сент. 16, 2025 8:21:57 PM webapp.storage.AbstractStorage save
INFO: &amp#27;[32mSave 676e84f7-3f75-4b0e-9428-b200edbfd085(uuid3942)
сент. 16, 2025 8:21:57 PM webapp.storage.AbstractStorage save
INFO: &amp#27;[32mSave f64b0691-79a6-4b0c-9120-8ad6c17be19b(uuid3943)
сент. 16, 2025 8:21:57 PM webapp.storage.AbstractStorage save
INFO: &amp#27;[32mSave cb4ae86d-1329-41ba-9ca2-62e9db944c70(uuid3944)
сент. 16, 2025 8:21:57 PM webapp.storage.AbstractStorage save
INFO: &amp#27;[32mSave 9799e9b6-6a18-49be-adf9-6ec5860d9739(uuid3945)
сент. 16, 2025 8:21:57 PM webapp.storage.AbstractStorage save
INFO: &amp#27;[32mSave 64d042a4-82d6-4636-8fd9-e8a87b1cceae(uuid3946)
сент. 16, 2025 8:21:57 PM webapp.storage.AbstractStorage save
INFO: &amp#27;[32mSave 5626bd06-8df3-4ad4-beff-a3a7ebced04a(uuid3947)
сент. 16, 2025 8:21:57 PM webapp.storage.AbstractStorage save
INFO: &amp#27;[32mSave 233a96bd-ef92-46e2-bac2-ecb04ad9985b(uuid3948)
сент. 16, 2025 8:21:57 PM webapp.storage.AbstractStorage save
INFO: &amp#27;[32mSave f6843edf-d19b-4e3e-817e-e74dbf235bc8(uuid3949)
сент. 16, 2025 8:21:57 PM webapp.storage.AbstractStorage save
INFO: &amp#27;[32mSave 16edfd4a-b1b3-48c5-a8bd-cc26c732c245(uuid3950)
сент. 16, 2025 8:21:57 PM webapp.storage.AbstractStorage save
INFO: &amp#27;[32mSave 9596193c-04db-416e-806f-cebbf5152131(uuid3951)
сент. 16, 2025 8:21:57 PM webapp.storage.AbstractStorage save
INFO: &amp#27;[32mSave 4985fe0a-cf59-45b5-9633-080f49143b06(uuid3952)
сент. 16, 2025 8:21:57 PM webapp.storage.AbstractStorage save
INFO: &amp#27;[32mSave 0ce66215-dfe9-4806-b6af-8039e54ae948(uuid3953)
сент. 16, 2025 8:21:57 PM webapp.storage.AbstractStorage save
INFO: &amp#27;[32mSave 8d0a2722-ed9f-460a-9914-4ac4ec533ec3(uuid3954)
сент. 16, 2025 8:21:57 PM webapp.storage.AbstractStorage save
INFO: &amp#27;[32mSave bf29a48e-1aef-4395-83a2-0ee4cdb0bce2(uuid3955)
сент. 16, 2025 8:21:57 PM webapp.storage.AbstractStorage save
INFO: &amp#27;[32mSave 5c570edb-616c-4689-a144-5ac83d8d40c1(uuid3956)
сент. 16, 2025 8:21:57 PM webapp.storage.AbstractStorage save
INFO: &amp#27;[32mSave 97aa116f-47af-4e32-941e-d66396cdc613(uuid3957)
сент. 16, 2025 8:21:57 PM webapp.storage.AbstractStorage save
INFO: &amp#27;[32mSave 54fe0333-a7f1-4223-a2ae-d9f68885d074(uuid3958)
сент. 16, 2025 8:21:57 PM webapp.storage.AbstractStorage save
INFO: &amp#27;[32mSave 6b4d562c-d461-47b9-902f-2c1d4b54b600(uuid3959)
сент. 16, 2025 8:21:57 PM webapp.storage.AbstractStorage save
INFO: &amp#27;[32mSave 3a99fd73-57a0-4958-a339-75249c6ae19d(uuid3960)
сент. 16, 2025 8:21:57 PM webapp.storage.AbstractStorage save
INFO: &amp#27;[32mSave 903a4de5-6a95-4e42-94ef-ca30ce4b098d(uuid3961)
сент. 16, 2025 8:21:57 PM webapp.storage.AbstractStorage save
INFO: &amp#27;[32mSave e36b9db7-b7e1-49ea-9b3a-c3a59e42982b(uuid3962)
сент. 16, 2025 8:21:57 PM webapp.storage.AbstractStorage save
INFO: &amp#27;[32mSave 84cbbfd2-340a-4cca-9f09-ca4e0af53629(uuid3963)
сент. 16, 2025 8:21:57 PM webapp.storage.AbstractStorage save
INFO: &amp#27;[32mSave 99438d00-f0fe-4b53-b9de-744a12a42071(uuid3964)
сент. 16, 2025 8:21:57 PM webapp.storage.AbstractStorage save
INFO: &amp#27;[32mSave 98da5c8f-a65f-4746-a0e9-6e0a09345704(uuid3965)
сент. 16, 2025 8:21:57 PM webapp.storage.AbstractStorage save
INFO: &amp#27;[32mSave e22a6bfc-ef30-40be-8f74-29fe2031b7de(uuid3966)
сент. 16, 2025 8:21:57 PM webapp.storage.AbstractStorage save
INFO: &amp#27;[32mSave 75c00818-7ebc-43a9-beb4-07d9337ff77e(uuid3967)
сент. 16, 2025 8:21:57 PM webapp.storage.AbstractStorage save
INFO: &amp#27;[32mSave 5b8370a8-9b5b-4c91-a7b0-494e5736a517(uuid3968)
сент. 16, 2025 8:21:57 PM webapp.storage.AbstractStorage save
INFO: &amp#27;[32mSave 16bed637-c1f9-4ee4-8558-11914c69c618(uuid3969)
сент. 16, 2025 8:21:57 PM webapp.storage.AbstractStorage save
INFO: &amp#27;[32mSave cda9927c-f20d-41a3-9628-b7ff0848ca81(uuid3970)
сент. 16, 2025 8:21:57 PM webapp.storage.AbstractStorage save
INFO: &amp#27;[32mSave cfe70aef-fb36-43ed-b41b-44b6e0564616(uuid3971)
сент. 16, 2025 8:21:57 PM webapp.storage.AbstractStorage save
INFO: &amp#27;[32mSave 9ba14b08-53d1-4fee-96ea-a1484de2c3cd(uuid3972)
сент. 16, 2025 8:21:57 PM webapp.storage.AbstractStorage save
INFO: &amp#27;[32mSave b6201952-2d79-45ed-95cb-5827fc9753ac(uuid3973)
сент. 16, 2025 8:21:57 PM webapp.storage.AbstractStorage save
INFO: &amp#27;[32mSave 97f7b36d-e174-431a-b0f0-7cfe7160775b(uuid3974)
сент. 16, 2025 8:21:57 PM webapp.storage.AbstractStorage save
INFO: &amp#27;[32mSave d450aac9-09ee-470a-9ce4-2d438e2183f0(uuid3975)
сент. 16, 2025 8:21:57 PM webapp.storage.AbstractStorage save
INFO: &amp#27;[32mSave fd74961d-c61a-44cb-82bd-c113feca286e(uuid3976)
сент. 16, 2025 8:21:57 PM webapp.storage.AbstractStorage save
INFO: &amp#27;[32mSave 3d409b89-9062-4281-9d6a-6161012fe23a(uuid3977)
сент. 16, 2025 8:21:57 PM webapp.storage.AbstractStorage save
INFO: &amp#27;[32mSave 17d248a3-f049-440f-b78b-c686d17590c5(uuid3978)
сент. 16, 2025 8:21:57 PM webapp.storage.AbstractStorage save
INFO: &amp#27;[32mSave 9eb2a5f3-f936-4a0b-be6c-4d3f132c2427(uuid3979)
сент. 16, 2025 8:21:57 PM webapp.storage.AbstractStorage save
INFO: &amp#27;[32mSave 089afbf8-5a1e-40b7-ad81-12c075d80b01(uuid3980)
сент. 16, 2025 8:21:57 PM webapp.storage.AbstractStorage save
INFO: &amp#27;[32mSave bf0df38b-ae92-4382-b518-872c51c2b6ce(uuid3981)
сент. 16, 2025 8:21:57 PM webapp.storage.AbstractStorage save
INFO: &amp#27;[32mSave 44d1db08-366b-4b51-9f87-2a35d2df15f1(uuid3982)
сент. 16, 2025 8:21:57 PM webapp.storage.AbstractStorage save
INFO: &amp#27;[32mSave 0b764efd-f9df-4841-963e-4b6d7c98c8ae(uuid3983)
сент. 16, 2025 8:21:57 PM webapp.storage.AbstractStorage save
INFO: &amp#27;[32mSave a9f8dc68-0deb-452c-96cd-3c59d60127ed(uuid3984)
сент. 16, 2025 8:21:57 PM webapp.storage.AbstractStorage save
INFO: &amp#27;[32mSave a6fc9cc8-c484-4ff3-ac43-52904d48c9d2(uuid3985)
сент. 16, 2025 8:21:57 PM webapp.storage.AbstractStorage save
INFO: &amp#27;[32mSave d49cc153-8f1f-46ff-bd54-5c9716296ddc(uuid3986)
сент. 16, 2025 8:21:57 PM webapp.storage.AbstractStorage save
INFO: &amp#27;[32mSave 89a65e4c-240f-433a-ab92-ed7c80589c56(uuid3987)
сент. 16, 2025 8:21:57 PM webapp.storage.AbstractStorage save
INFO: &amp#27;[32mSave 25171d84-6805-4d51-b4ad-0b129ff4429e(uuid3988)
сент. 16, 2025 8:21:57 PM webapp.storage.AbstractStorage save
INFO: &amp#27;[32mSave aedd6205-0fcc-42ab-9e9e-6d970410db32(uuid3989)
сент. 16, 2025 8:21:57 PM webapp.storage.AbstractStorage save
INFO: &amp#27;[32mSave bd3d71c8-758c-4575-86d8-bc2264e872ba(uuid3990)
сент. 16, 2025 8:21:57 PM webapp.storage.AbstractStorage save
INFO: &amp#27;[32mSave a9caa389-fc46-4fc0-a0b7-0c8abdd1f1a1(uuid3991)
сент. 16, 2025 8:21:57 PM webapp.storage.AbstractStorage save
INFO: &amp#27;[32mSave e5ae706e-27bb-497d-8058-05400c9b7d35(uuid3992)
сент. 16, 2025 8:21:57 PM webapp.storage.AbstractStorage save
INFO: &amp#27;[32mSave 1cdf0db9-6327-4fc2-af61-6175cf82206b(uuid3993)
сент. 16, 2025 8:21:57 PM webapp.storage.AbstractStorage save
INFO: &amp#27;[32mSave 794e032f-0698-41e8-b7ea-49f8d57c5e0b(uuid3994)
сент. 16, 2025 8:21:57 PM webapp.storage.AbstractStorage save
INFO: &amp#27;[32mSave 1e77450b-2fb8-486b-9c58-910384a2caa7(uuid3995)
сент. 16, 2025 8:21:57 PM webapp.storage.AbstractStorage save
INFO: &amp#27;[32mSave 2adef922-99fd-4df3-b0cc-9d181e67aee5(uuid3996)
сент. 16, 2025 8:21:57 PM webapp.storage.AbstractStorage save
INFO: &amp#27;[32mSave c7379504-1c0a-4d47-8575-789360113a29(uuid3997)
сент. 16, 2025 8:21:57 PM webapp.storage.AbstractStorage save
INFO: &amp#27;[32mSave 67c09f1b-caba-4745-91c8-8613c6762164(uuid3998)
сент. 16, 2025 8:21:57 PM webapp.storage.AbstractStorage save
INFO: &amp#27;[32mSave 53210e1b-838e-4d8b-8cdb-93df578cf12c(uuid3999)
сент. 16, 2025 8:21:57 PM webapp.storage.AbstractStorage save
INFO: &amp#27;[32mSave 03773b6e-8833-46dc-a44a-2e071ba32cad(uuid4000)
сент. 16, 2025 8:21:57 PM webapp.storage.AbstractStorage save
INFO: &amp#27;[32mSave 7fcb09af-bc5d-4b6f-af8b-be93149edd45(uuid4001)
сент. 16, 2025 8:21:57 PM webapp.storage.AbstractStorage save
INFO: &amp#27;[32mSave 1a632457-254a-46c6-88ae-f71b61e232f4(uuid4002)
сент. 16, 2025 8:21:57 PM webapp.storage.AbstractStorage save
INFO: &amp#27;[32mSave 8c542ae4-0922-42ef-b4ac-66af05682012(uuid4003)
сент. 16, 2025 8:21:57 PM webapp.storage.AbstractStorage save
INFO: &amp#27;[32mSave ced35dbf-c68d-45e1-a562-dc4b929b1e05(uuid4004)
сент. 16, 2025 8:21:57 PM webapp.storage.AbstractStorage save
INFO: &amp#27;[32mSave 197582b0-76b3-481c-ac10-76f205120054(uuid4005)
сент. 16, 2025 8:21:57 PM webapp.storage.AbstractStorage save
INFO: &amp#27;[32mSave f1dbec65-c0aa-40d8-851b-78619c20e8d9(uuid4006)
сент. 16, 2025 8:21:57 PM webapp.storage.AbstractStorage save
INFO: &amp#27;[32mSave 106fc4fd-6d38-4471-a534-4b5316681bb9(uuid4007)
сент. 16, 2025 8:21:57 PM webapp.storage.AbstractStorage save
INFO: &amp#27;[32mSave 5f5da398-68e2-4235-8caa-9ff3c45db673(uuid4008)
сент. 16, 2025 8:21:57 PM webapp.storage.AbstractStorage save
INFO: &amp#27;[32mSave 5d3264d4-6099-4d7e-8e0f-8b9cfe5e33e6(uuid4009)
сент. 16, 2025 8:21:57 PM webapp.storage.AbstractStorage save
INFO: &amp#27;[32mSave aeef0eb2-9530-4d09-a298-03e3b898b535(uuid4010)
сент. 16, 2025 8:21:57 PM webapp.storage.AbstractStorage save
INFO: &amp#27;[32mSave 883f9e33-80cd-4338-b68e-9ed450b489c8(uuid4011)
сент. 16, 2025 8:21:57 PM webapp.storage.AbstractStorage save
INFO: &amp#27;[32mSave 4f83084c-f1bf-46ea-903b-e05fe0f574b5(uuid4012)
сент. 16, 2025 8:21:57 PM webapp.storage.AbstractStorage save
INFO: &amp#27;[32mSave 2d4183d3-d848-49f4-84ac-1353f1bcd12b(uuid4013)
сент. 16, 2025 8:21:57 PM webapp.storage.AbstractStorage save
INFO: &amp#27;[32mSave 28b9cc5f-d140-4962-a8d9-488dce50bf62(uuid4014)
сент. 16, 2025 8:21:57 PM webapp.storage.AbstractStorage save
INFO: &amp#27;[32mSave 00d33e41-dc99-461d-b32b-908d5f9eaaeb(uuid4015)
сент. 16, 2025 8:21:57 PM webapp.storage.AbstractStorage save
INFO: &amp#27;[32mSave 08a0296f-3c79-4e1a-8216-0e4886ab2797(uuid4016)
сент. 16, 2025 8:21:57 PM webapp.storage.AbstractStorage save
INFO: &amp#27;[32mSave 9e2488e4-aab5-4682-8a2e-0f401a4011c6(uuid4017)
сент. 16, 2025 8:21:57 PM webapp.storage.AbstractStorage save
INFO: &amp#27;[32mSave 2bc191fe-48e7-468b-ba3d-4485ca8a9d64(uuid4018)
сент. 16, 2025 8:21:57 PM webapp.storage.AbstractStorage save
INFO: &amp#27;[32mSave f39222de-a806-423b-ab36-58e4828e0a32(uuid4019)
сент. 16, 2025 8:21:57 PM webapp.storage.AbstractStorage save
INFO: &amp#27;[32mSave 46caae12-87c6-4ee5-8ef1-602310b670b1(uuid4020)
сент. 16, 2025 8:21:57 PM webapp.storage.AbstractStorage save
INFO: &amp#27;[32mSave 214c2330-3acb-4620-a644-1d9cce5f0922(uuid4021)
сент. 16, 2025 8:21:57 PM webapp.storage.AbstractStorage save
INFO: &amp#27;[32mSave 040a80a4-ca23-4190-b908-9e96e3891d8d(uuid4022)
сент. 16, 2025 8:21:57 PM webapp.storage.AbstractStorage save
INFO: &amp#27;[32mSave 1837fcea-21e3-4212-a713-48be4fb32f3a(uuid4023)
сент. 16, 2025 8:21:57 PM webapp.storage.AbstractStorage save
INFO: &amp#27;[32mSave 6394e518-cbbe-4e28-b80c-277ced51fe6a(uuid4024)
сент. 16, 2025 8:21:57 PM webapp.storage.AbstractStorage save
INFO: &amp#27;[32mSave f8ffe073-e009-41c9-952c-c69484b2a8d6(uuid4025)
сент. 16, 2025 8:21:57 PM webapp.storage.AbstractStorage save
INFO: &amp#27;[32mSave 6e5cec3c-91a8-4a25-a92b-852671ba3367(uuid4026)
сент. 16, 2025 8:21:57 PM webapp.storage.AbstractStorage save
INFO: &amp#27;[32mSave bf59d8a5-14f4-4be0-98a8-aa8ffc0812e6(uuid4027)
сент. 16, 2025 8:21:57 PM webapp.storage.AbstractStorage save
INFO: &amp#27;[32mSave 0920c710-95a4-49fb-8f13-94a63cf4a7fa(uuid4028)
сент. 16, 2025 8:21:57 PM webapp.storage.AbstractStorage save
INFO: &amp#27;[32mSave 9c99d911-86b8-49dd-adc0-521665db4848(uuid4029)
сент. 16, 2025 8:21:57 PM webapp.storage.AbstractStorage save
INFO: &amp#27;[32mSave ead59477-a284-4225-8dc2-dbe3d5d36ef5(uuid4030)
сент. 16, 2025 8:21:57 PM webapp.storage.AbstractStorage save
INFO: &amp#27;[32mSave 7076671c-fa18-4a4c-8ff5-4a029e88ba3a(uuid4031)
сент. 16, 2025 8:21:57 PM webapp.storage.AbstractStorage save
INFO: &amp#27;[32mSave 5fb32113-f16a-44cc-90e0-ca1773d78a57(uuid4032)
сент. 16, 2025 8:21:57 PM webapp.storage.AbstractStorage save
INFO: &amp#27;[32mSave 802256c3-1583-4631-8863-b321b02e8fe1(uuid4033)
сент. 16, 2025 8:21:57 PM webapp.storage.AbstractStorage save
INFO: &amp#27;[32mSave 20f9cc7c-4011-4816-8074-a05e539a4023(uuid4034)
сент. 16, 2025 8:21:57 PM webapp.storage.AbstractStorage save
INFO: &amp#27;[32mSave ebe25110-33d2-4947-8ed1-1dc0a88b07bc(uuid4035)
сент. 16, 2025 8:21:57 PM webapp.storage.AbstractStorage save
INFO: &amp#27;[32mSave feac2004-4c94-4ce5-9bd7-ebc5ceab9d5b(uuid4036)
сент. 16, 2025 8:21:57 PM webapp.storage.AbstractStorage save
INFO: &amp#27;[32mSave 3fa1773d-739e-4f24-9c55-7240b6e91af3(uuid4037)
сент. 16, 2025 8:21:57 PM webapp.storage.AbstractStorage save
INFO: &amp#27;[32mSave a27e756b-5be1-46cb-9f2d-c52db7867bf5(uuid4038)
сент. 16, 2025 8:21:57 PM webapp.storage.AbstractStorage save
INFO: &amp#27;[32mSave 12a858f1-aaab-4e9c-a847-3966ebe44c0f(uuid4039)
сент. 16, 2025 8:21:57 PM webapp.storage.AbstractStorage save
INFO: &amp#27;[32mSave 462af81a-91d3-4deb-8e2f-776249ee5b50(uuid4040)
сент. 16, 2025 8:21:57 PM webapp.storage.AbstractStorage save
INFO: &amp#27;[32mSave 412c0c54-505b-4bc1-9175-94b8591408cf(uuid4041)
сент. 16, 2025 8:21:57 PM webapp.storage.AbstractStorage save
INFO: &amp#27;[32mSave ef269e56-70ad-405b-8993-a8c64650eb2c(uuid4042)
сент. 16, 2025 8:21:57 PM webapp.storage.AbstractStorage save
INFO: &amp#27;[32mSave 343010c4-d172-4abd-ba8a-51461c8c8bad(uuid4043)
сент. 16, 2025 8:21:57 PM webapp.storage.AbstractStorage save
INFO: &amp#27;[32mSave 5326d23a-deef-44aa-8f1e-0b7c84f268a3(uuid4044)
сент. 16, 2025 8:21:57 PM webapp.storage.AbstractStorage save
INFO: &amp#27;[32mSave 1aa16463-d339-459c-91cb-3a0858c327ca(uuid4045)
сент. 16, 2025 8:21:57 PM webapp.storage.AbstractStorage save
INFO: &amp#27;[32mSave af103021-7d4f-4937-92e4-06714e8ea38d(uuid4046)
сент. 16, 2025 8:21:57 PM webapp.storage.AbstractStorage save
INFO: &amp#27;[32mSave 804315e3-178f-41d5-8782-b239c9f6ee2d(uuid4047)
сент. 16, 2025 8:21:57 PM webapp.storage.AbstractStorage save
INFO: &amp#27;[32mSave da981b03-ca34-4eb0-89c9-34b841f5e8af(uuid4048)
сент. 16, 2025 8:21:57 PM webapp.storage.AbstractStorage save
INFO: &amp#27;[32mSave a599a139-63fb-4a62-bcf3-256b9b6d40ea(uuid4049)
сент. 16, 2025 8:21:57 PM webapp.storage.AbstractStorage save
INFO: &amp#27;[32mSave afd2339e-9336-48cb-88da-767f845c8f67(uuid4050)
сент. 16, 2025 8:21:57 PM webapp.storage.AbstractStorage save
INFO: &amp#27;[32mSave 8f868326-1d86-4162-b079-bcf65055555e(uuid4051)
сент. 16, 2025 8:21:57 PM webapp.storage.AbstractStorage save
INFO: &amp#27;[32mSave 075e4f18-f34b-4a99-9613-fbce98b2c349(uuid4052)
сент. 16, 2025 8:21:57 PM webapp.storage.AbstractStorage save
INFO: &amp#27;[32mSave 6602fb8b-d565-46cf-9b3f-c006bf1536d1(uuid4053)
сент. 16, 2025 8:21:57 PM webapp.storage.AbstractStorage save
INFO: &amp#27;[32mSave 19234549-2f97-47d5-b744-1134695721ef(uuid4054)
сент. 16, 2025 8:21:57 PM webapp.storage.AbstractStorage save
INFO: &amp#27;[32mSave b22f2822-95b4-46f2-be2d-fc6f4d979450(uuid4055)
сент. 16, 2025 8:21:57 PM webapp.storage.AbstractStorage save
INFO: &amp#27;[32mSave 99fa42e8-fd9d-4926-98a8-0646abd281d0(uuid4056)
сент. 16, 2025 8:21:57 PM webapp.storage.AbstractStorage save
INFO: &amp#27;[32mSave 2724c0b8-328c-422d-9ff9-8cf9e2463269(uuid4057)
сент. 16, 2025 8:21:57 PM webapp.storage.AbstractStorage save
INFO: &amp#27;[32mSave 11621a6b-520c-4fa7-ad8e-72d14b16fd66(uuid4058)
сент. 16, 2025 8:21:57 PM webapp.storage.AbstractStorage save
INFO: &amp#27;[32mSave 37522772-f778-491a-894f-776967ad921e(uuid4059)
сент. 16, 2025 8:21:57 PM webapp.storage.AbstractStorage save
INFO: &amp#27;[32mSave 8b346546-7141-4334-9dde-e30e9a685693(uuid4060)
сент. 16, 2025 8:21:57 PM webapp.storage.AbstractStorage save
INFO: &amp#27;[32mSave f894b4d6-e6c7-4776-8834-97b621e907e2(uuid4061)
сент. 16, 2025 8:21:57 PM webapp.storage.AbstractStorage save
INFO: &amp#27;[32mSave 22882b7c-996a-490b-b8fa-1ad86477bec1(uuid4062)
сент. 16, 2025 8:21:57 PM webapp.storage.AbstractStorage save
INFO: &amp#27;[32mSave 588d52e9-da5b-44f6-bcb8-1f51d6b41a27(uuid4063)
сент. 16, 2025 8:21:57 PM webapp.storage.AbstractStorage save
INFO: &amp#27;[32mSave 886a1557-0808-4f8c-a422-5d846fd55661(uuid4064)
сент. 16, 2025 8:21:57 PM webapp.storage.AbstractStorage save
INFO: &amp#27;[32mSave 4279baeb-6531-4944-bf3a-8c49175e74e2(uuid4065)
сент. 16, 2025 8:21:57 PM webapp.storage.AbstractStorage save
INFO: &amp#27;[32mSave 153321ec-b93f-49a2-9647-d306bbdaaf5c(uuid4066)
сент. 16, 2025 8:21:57 PM webapp.storage.AbstractStorage save
INFO: &amp#27;[32mSave eabbe0d7-b2a2-42a0-9caf-9679c8f4d4ae(uuid4067)
сент. 16, 2025 8:21:57 PM webapp.storage.AbstractStorage save
INFO: &amp#27;[32mSave c91537a9-6105-44f7-af98-22ff5aac66c8(uuid4068)
сент. 16, 2025 8:21:57 PM webapp.storage.AbstractStorage save
INFO: &amp#27;[32mSave 4d94d27c-3e66-4a00-8ed4-08ef0a06ad21(uuid4069)
сент. 16, 2025 8:21:57 PM webapp.storage.AbstractStorage save
INFO: &amp#27;[32mSave 10ef1ad6-a80a-4519-aff4-c51adf20ad9e(uuid4070)
сент. 16, 2025 8:21:57 PM webapp.storage.AbstractStorage save
INFO: &amp#27;[32mSave 669d1cc2-722d-4d94-a2f3-07f5b66b6611(uuid4071)
сент. 16, 2025 8:21:57 PM webapp.storage.AbstractStorage save
INFO: &amp#27;[32mSave bfd0b125-0e7c-4d86-a817-ce3118cd2042(uuid4072)
сент. 16, 2025 8:21:57 PM webapp.storage.AbstractStorage save
INFO: &amp#27;[32mSave d9424b0c-c7a5-4a35-844a-9014338928b6(uuid4073)
сент. 16, 2025 8:21:57 PM webapp.storage.AbstractStorage save
INFO: &amp#27;[32mSave cc043aea-0901-4063-8d36-00fd3dfe1e28(uuid4074)
сент. 16, 2025 8:21:57 PM webapp.storage.AbstractStorage save
INFO: &amp#27;[32mSave cd4e6313-2e82-45cf-994c-eada9b97f5a5(uuid4075)
сент. 16, 2025 8:21:57 PM webapp.storage.AbstractStorage save
INFO: &amp#27;[32mSave 266359ba-5835-47b8-b58d-8115014ec467(uuid4076)
сент. 16, 2025 8:21:57 PM webapp.storage.AbstractStorage save
INFO: &amp#27;[32mSave 9e7ee2eb-083c-4c04-8fa6-4d7c67d266dc(uuid4077)
сент. 16, 2025 8:21:57 PM webapp.storage.AbstractStorage save
INFO: &amp#27;[32mSave c6735e04-9e8d-47f8-9dbf-e8de96b54cd0(uuid4078)
сент. 16, 2025 8:21:57 PM webapp.storage.AbstractStorage save
INFO: &amp#27;[32mSave 5a8acd53-a4f5-4abe-a5b6-36db4d22ab51(uuid4079)
сент. 16, 2025 8:21:57 PM webapp.storage.AbstractStorage save
INFO: &amp#27;[32mSave 78a00a48-8b74-4125-b1e3-6c29681bac55(uuid4080)
сент. 16, 2025 8:21:57 PM webapp.storage.AbstractStorage save
INFO: &amp#27;[32mSave 41959ef5-241c-4922-be84-b6500af88be1(uuid4081)
сент. 16, 2025 8:21:57 PM webapp.storage.AbstractStorage save
INFO: &amp#27;[32mSave e9b587b9-e9ff-4260-be6a-dbbb7e9f0be4(uuid4082)
сент. 16, 2025 8:21:57 PM webapp.storage.AbstractStorage save
INFO: &amp#27;[32mSave 7bfd7b66-8f5c-4c51-acf7-40de1d47a94b(uuid4083)
сент. 16, 2025 8:21:57 PM webapp.storage.AbstractStorage save
INFO: &amp#27;[32mSave 387e8404-6b16-4821-ba86-878c1ebc01cb(uuid4084)
сент. 16, 2025 8:21:57 PM webapp.storage.AbstractStorage save
INFO: &amp#27;[32mSave 78b3cbf0-0e03-4f49-bbe5-8cd772d59410(uuid4085)
сент. 16, 2025 8:21:57 PM webapp.storage.AbstractStorage save
INFO: &amp#27;[32mSave fc7d4e38-8906-4b8e-b8fe-1e18cbcd5785(uuid4086)
сент. 16, 2025 8:21:57 PM webapp.storage.AbstractStorage save
INFO: &amp#27;[32mSave 616d93bc-5418-48f3-9300-f10b047cd0c6(uuid4087)
сент. 16, 2025 8:21:57 PM webapp.storage.AbstractStorage save
INFO: &amp#27;[32mSave 7bcd41d9-53b5-4bc5-8c40-793f0bcac40d(uuid4088)
сент. 16, 2025 8:21:57 PM webapp.storage.AbstractStorage save
INFO: &amp#27;[32mSave ace3feb6-7b1c-42bd-800a-21433e988d10(uuid4089)
сент. 16, 2025 8:21:57 PM webapp.storage.AbstractStorage save
INFO: &amp#27;[32mSave a1331aa8-28e4-434c-a70f-653730e6e68d(uuid4090)
сент. 16, 2025 8:21:57 PM webapp.storage.AbstractStorage save
INFO: &amp#27;[32mSave 31d5f847-6ec3-49c3-ac22-1d2dac2c870e(uuid4091)
сент. 16, 2025 8:21:57 PM webapp.storage.AbstractStorage save
INFO: &amp#27;[32mSave 1eac8455-c620-405f-91b6-9cabaaf9c728(uuid4092)
сент. 16, 2025 8:21:57 PM webapp.storage.AbstractStorage save
INFO: &amp#27;[32mSave d5c28dac-6514-4cc3-9aa9-cdba1815a05e(uuid4093)
сент. 16, 2025 8:21:57 PM webapp.storage.AbstractStorage save
INFO: &amp#27;[32mSave 3dd7f8c4-0787-417e-9db5-9104cb73f389(uuid4094)
сент. 16, 2025 8:21:57 PM webapp.storage.AbstractStorage save
INFO: &amp#27;[32mSave 9fe7b870-b85f-42f8-812c-e5c059e8b9b4(uuid4095)
сент. 16, 2025 8:21:57 PM webapp.storage.AbstractStorage save
INFO: &amp#27;[32mSave e892c5dd-f96b-4745-b173-d1b183fc1b49(uuid4096)
сент. 16, 2025 8:21:57 PM webapp.storage.AbstractStorage save
INFO: &amp#27;[32mSave 64656d75-9868-4160-a22d-b426d319555e(uuid4097)
сент. 16, 2025 8:21:57 PM webapp.storage.AbstractStorage save
INFO: &amp#27;[32mSave ab5a71ed-68ab-4fb6-a583-272611bbc7e5(uuid4098)
сент. 16, 2025 8:21:57 PM webapp.storage.AbstractStorage save
INFO: &amp#27;[32mSave f373929b-f99c-44c8-b046-0b86c1310fc2(uuid4099)
сент. 16, 2025 8:21:57 PM webapp.storage.AbstractStorage save
INFO: &amp#27;[32mSave 951f76e6-cc0b-46ed-a77b-1950db3b8dee(uuid4100)
сент. 16, 2025 8:21:57 PM webapp.storage.AbstractStorage save
INFO: &amp#27;[32mSave 0e9e9f3a-cb76-43ae-823e-d5e69f8af6e4(uuid4101)
сент. 16, 2025 8:21:57 PM webapp.storage.AbstractStorage save
INFO: &amp#27;[32mSave 21f76ee2-6323-4e20-8f67-1b135c57905a(uuid4102)
сент. 16, 2025 8:21:57 PM webapp.storage.AbstractStorage save
INFO: &amp#27;[32mSave fa2a2220-2348-4bb1-a308-b003baa45666(uuid4103)
сент. 16, 2025 8:21:57 PM webapp.storage.AbstractStorage save
INFO: &amp#27;[32mSave c70e2a88-d463-481d-bfb0-4b15edc5ba31(uuid4104)
сент. 16, 2025 8:21:57 PM webapp.storage.AbstractStorage save
INFO: &amp#27;[32mSave 799c1d06-15d9-472b-9629-7c4a3a67943a(uuid4105)
сент. 16, 2025 8:21:57 PM webapp.storage.AbstractStorage save
INFO: &amp#27;[32mSave e20f0bcf-00bb-4425-a3fe-af3a6f9cc1df(uuid4106)
сент. 16, 2025 8:21:57 PM webapp.storage.AbstractStorage save
INFO: &amp#27;[32mSave c1c1ea90-8196-4483-a101-c8ea516779cc(uuid4107)
сент. 16, 2025 8:21:57 PM webapp.storage.AbstractStorage save
INFO: &amp#27;[32mSave 2053cde1-ab16-4f5a-8ee9-441008ce7e5d(uuid4108)
сент. 16, 2025 8:21:57 PM webapp.storage.AbstractStorage save
INFO: &amp#27;[32mSave 37403706-6152-416e-88b9-819c39b30068(uuid4109)
сент. 16, 2025 8:21:57 PM webapp.storage.AbstractStorage save
INFO: &amp#27;[32mSave 488f8526-2721-46a0-87ea-e50f072002fa(uuid4110)
сент. 16, 2025 8:21:57 PM webapp.storage.AbstractStorage save
INFO: &amp#27;[32mSave 310b62f4-9280-49b4-93ba-c5b0e4257b8b(uuid4111)
сент. 16, 2025 8:21:57 PM webapp.storage.AbstractStorage save
INFO: &amp#27;[32mSave b98fd36a-9275-4fd9-957e-af1c6003507d(uuid4112)
сент. 16, 2025 8:21:57 PM webapp.storage.AbstractStorage save
INFO: &amp#27;[32mSave ad364b28-08d8-4b8f-a9a6-7bb4f3223e35(uuid4113)
сент. 16, 2025 8:21:57 PM webapp.storage.AbstractStorage save
INFO: &amp#27;[32mSave 4978c727-35cd-41c4-aabd-f3e7165628cb(uuid4114)
сент. 16, 2025 8:21:57 PM webapp.storage.AbstractStorage save
INFO: &amp#27;[32mSave feea540c-255d-4314-b7e7-0491910acc6d(uuid4115)
сент. 16, 2025 8:21:57 PM webapp.storage.AbstractStorage save
INFO: &amp#27;[32mSave cd363476-a320-4222-ba30-69d2edcc1604(uuid4116)
сент. 16, 2025 8:21:57 PM webapp.storage.AbstractStorage save
INFO: &amp#27;[32mSave 97d307db-04cb-4d8d-8699-2b8481e22bbd(uuid4117)
сент. 16, 2025 8:21:57 PM webapp.storage.AbstractStorage save
INFO: &amp#27;[32mSave 7fd89d09-e2fc-49d2-a97e-2a556c80c13d(uuid4118)
сент. 16, 2025 8:21:57 PM webapp.storage.AbstractStorage save
INFO: &amp#27;[32mSave a877b594-66e3-4982-973c-9974b98d51d6(uuid4119)
сент. 16, 2025 8:21:57 PM webapp.storage.AbstractStorage save
INFO: &amp#27;[32mSave b053889b-2914-4c91-869e-ae02e427bfb8(uuid4120)
сент. 16, 2025 8:21:57 PM webapp.storage.AbstractStorage save
INFO: &amp#27;[32mSave 906dd97b-125e-4278-a3f0-7e101bbd649e(uuid4121)
сент. 16, 2025 8:21:57 PM webapp.storage.AbstractStorage save
INFO: &amp#27;[32mSave 8d5cb86a-53e6-4ab9-9eed-ddf6360e9a6b(uuid4122)
сент. 16, 2025 8:21:57 PM webapp.storage.AbstractStorage save
INFO: &amp#27;[32mSave 829df4aa-04ff-420c-928c-6d0fe748f63f(uuid4123)
сент. 16, 2025 8:21:57 PM webapp.storage.AbstractStorage save
INFO: &amp#27;[32mSave 6e4123cf-fe7e-4250-8810-50f9659d1bf1(uuid4124)
сент. 16, 2025 8:21:57 PM webapp.storage.AbstractStorage save
INFO: &amp#27;[32mSave db11ce77-1d1d-4bb8-a31a-d2370c651cd8(uuid4125)
сент. 16, 2025 8:21:57 PM webapp.storage.AbstractStorage save
INFO: &amp#27;[32mSave b899ae98-9e02-45a4-bf5e-fb29a8395966(uuid4126)
сент. 16, 2025 8:21:57 PM webapp.storage.AbstractStorage save
INFO: &amp#27;[32mSave 78efc662-34bd-438f-9fc1-cc9d58132aea(uuid4127)
сент. 16, 2025 8:21:57 PM webapp.storage.AbstractStorage save
INFO: &amp#27;[32mSave d9d9816c-a4f4-4771-96a7-65c24df90513(uuid4128)
сент. 16, 2025 8:21:57 PM webapp.storage.AbstractStorage save
INFO: &amp#27;[32mSave 79e5f72b-570f-4109-a8c3-c32cc5598349(uuid4129)
сент. 16, 2025 8:21:57 PM webapp.storage.AbstractStorage save
INFO: &amp#27;[32mSave 300272e4-6c89-4495-b61c-3cc33ad405d7(uuid4130)
сент. 16, 2025 8:21:57 PM webapp.storage.AbstractStorage save
INFO: &amp#27;[32mSave 2fe3e7dc-8306-4935-9bb2-0e38a8c5f7f8(uuid4131)
сент. 16, 2025 8:21:57 PM webapp.storage.AbstractStorage save
INFO: &amp#27;[32mSave a48f1280-4a05-4c16-98aa-bfdabd34c181(uuid4132)
сент. 16, 2025 8:21:57 PM webapp.storage.AbstractStorage save
INFO: &amp#27;[32mSave 38db6dd9-22e6-4d7f-b920-94875c404b8e(uuid4133)
сент. 16, 2025 8:21:57 PM webapp.storage.AbstractStorage save
INFO: &amp#27;[32mSave de9b9296-f81a-4677-9362-e9c5084bd2f5(uuid4134)
сент. 16, 2025 8:21:57 PM webapp.storage.AbstractStorage save
INFO: &amp#27;[32mSave 6042cc18-437c-4c05-996e-ec8c63cfacfa(uuid4135)
сент. 16, 2025 8:21:57 PM webapp.storage.AbstractStorage save
INFO: &amp#27;[32mSave b6f09a1c-d2de-4617-8332-08f04033f5a7(uuid4136)
сент. 16, 2025 8:21:57 PM webapp.storage.AbstractStorage save
INFO: &amp#27;[32mSave db0a1b55-6fab-41b9-86b9-336686c87790(uuid4137)
сент. 16, 2025 8:21:57 PM webapp.storage.AbstractStorage save
INFO: &amp#27;[32mSave 38a8f04d-f724-4c53-ac6f-8f65ae7897b4(uuid4138)
сент. 16, 2025 8:21:57 PM webapp.storage.AbstractStorage save
INFO: &amp#27;[32mSave 9488c914-701b-4a94-bce9-f15257799d3f(uuid4139)
сент. 16, 2025 8:21:57 PM webapp.storage.AbstractStorage save
INFO: &amp#27;[32mSave 8366dde9-6503-4c0a-9c53-95be8744a8a6(uuid4140)
сент. 16, 2025 8:21:57 PM webapp.storage.AbstractStorage save
INFO: &amp#27;[32mSave 814f5e96-313b-44ce-ae90-27ce13657b50(uuid4141)
сент. 16, 2025 8:21:57 PM webapp.storage.AbstractStorage save
INFO: &amp#27;[32mSave f317fe57-83c6-4d58-ace5-9a535ce1bf96(uuid4142)
сент. 16, 2025 8:21:57 PM webapp.storage.AbstractStorage save
INFO: &amp#27;[32mSave 714a472c-075b-4d14-8daa-a05c95b68b73(uuid4143)
сент. 16, 2025 8:21:57 PM webapp.storage.AbstractStorage save
INFO: &amp#27;[32mSave 21d72fc6-8035-4b63-96c5-8b8183767eac(uuid4144)
сент. 16, 2025 8:21:57 PM webapp.storage.AbstractStorage save
INFO: &amp#27;[32mSave 064ed0ab-c2db-4c24-bcaa-ac6f20595cd1(uuid4145)
сент. 16, 2025 8:21:57 PM webapp.storage.AbstractStorage save
INFO: &amp#27;[32mSave db64b3f2-afe4-4595-a545-97c03ad9cdd4(uuid4146)
сент. 16, 2025 8:21:57 PM webapp.storage.AbstractStorage save
INFO: &amp#27;[32mSave ad82719a-caf6-4a44-9cdd-4387186866ff(uuid4147)
сент. 16, 2025 8:21:57 PM webapp.storage.AbstractStorage save
INFO: &amp#27;[32mSave 582fd209-ebc7-4207-8b9e-a8d727dd02f0(uuid4148)
сент. 16, 2025 8:21:57 PM webapp.storage.AbstractStorage save
INFO: &amp#27;[32mSave 33805bd6-6c0f-4094-8620-2b35c4c521e1(uuid4149)
сент. 16, 2025 8:21:57 PM webapp.storage.AbstractStorage save
INFO: &amp#27;[32mSave ad5e648c-62a2-4cff-9406-d074761dbdb1(uuid4150)
сент. 16, 2025 8:21:57 PM webapp.storage.AbstractStorage save
INFO: &amp#27;[32mSave 75608e3c-7400-4793-ad8d-d62af2564f0b(uuid4151)
сент. 16, 2025 8:21:57 PM webapp.storage.AbstractStorage save
INFO: &amp#27;[32mSave ae6ea09d-418d-47fa-a169-818fd2fd92b1(uuid4152)
сент. 16, 2025 8:21:57 PM webapp.storage.AbstractStorage save
INFO: &amp#27;[32mSave cb905e04-393f-4b73-ba78-3214b3a68df3(uuid4153)
сент. 16, 2025 8:21:57 PM webapp.storage.AbstractStorage save
INFO: &amp#27;[32mSave d9dbe65b-d309-445b-8ca8-b396a1517364(uuid4154)
сент. 16, 2025 8:21:57 PM webapp.storage.AbstractStorage save
INFO: &amp#27;[32mSave c5f6419c-b58b-4806-9e15-472240810c42(uuid4155)
сент. 16, 2025 8:21:57 PM webapp.storage.AbstractStorage save
INFO: &amp#27;[32mSave f9622aca-4342-45d9-811b-ed32bdafac19(uuid4156)
сент. 16, 2025 8:21:57 PM webapp.storage.AbstractStorage save
INFO: &amp#27;[32mSave b3ef150f-31a5-44d0-8dd3-4ac1f3c48011(uuid4157)
сент. 16, 2025 8:21:57 PM webapp.storage.AbstractStorage save
INFO: &amp#27;[32mSave 47494623-53d1-4ccb-a39b-1c1fddb2787d(uuid4158)
сент. 16, 2025 8:21:57 PM webapp.storage.AbstractStorage save
INFO: &amp#27;[32mSave 5e0e8cf1-cdb6-4aab-b427-cae0655eb56e(uuid4159)
сент. 16, 2025 8:21:57 PM webapp.storage.AbstractStorage save
INFO: &amp#27;[32mSave f0c064a4-bd88-4074-a1d2-60bc5d23f61e(uuid4160)
сент. 16, 2025 8:21:57 PM webapp.storage.AbstractStorage save
INFO: &amp#27;[32mSave 4e584218-03a1-4d94-ba58-b8242a8b5d09(uuid4161)
сент. 16, 2025 8:21:57 PM webapp.storage.AbstractStorage save
INFO: &amp#27;[32mSave 1b891c26-f3a9-4123-ba1f-a2a661120053(uuid4162)
сент. 16, 2025 8:21:57 PM webapp.storage.AbstractStorage save
INFO: &amp#27;[32mSave 3c68b8a7-4933-4ea9-95b3-9873036b2844(uuid4163)
сент. 16, 2025 8:21:57 PM webapp.storage.AbstractStorage save
INFO: &amp#27;[32mSave 30e626ac-276e-4076-960d-cd2ecf5f5f66(uuid4164)
сент. 16, 2025 8:21:57 PM webapp.storage.AbstractStorage save
INFO: &amp#27;[32mSave 9fef72a0-0483-41c1-835e-e65b5212cf74(uuid4165)
сент. 16, 2025 8:21:57 PM webapp.storage.AbstractStorage save
INFO: &amp#27;[32mSave 8e56fc7b-dce7-49b9-8ebe-53453be688ce(uuid4166)
сент. 16, 2025 8:21:57 PM webapp.storage.AbstractStorage save
INFO: &amp#27;[32mSave 7cf03f45-cfb4-4c6a-9a30-39506cae3004(uuid4167)
сент. 16, 2025 8:21:57 PM webapp.storage.AbstractStorage save
INFO: &amp#27;[32mSave 300931a2-44fb-4e99-a141-959dce15277b(uuid4168)
сент. 16, 2025 8:21:57 PM webapp.storage.AbstractStorage save
INFO: &amp#27;[32mSave e59d9c3f-7d3a-41dc-87a9-0a7f4414c82e(uuid4169)
сент. 16, 2025 8:21:57 PM webapp.storage.AbstractStorage save
INFO: &amp#27;[32mSave 21acc08c-8819-45a4-ac2e-6e90ce5d4ab9(uuid4170)
сент. 16, 2025 8:21:57 PM webapp.storage.AbstractStorage save
INFO: &amp#27;[32mSave 8479c1c6-300a-4ff1-bdaf-6375b202e375(uuid4171)
сент. 16, 2025 8:21:57 PM webapp.storage.AbstractStorage save
INFO: &amp#27;[32mSave 017861d3-10be-4b98-8f7b-a5149f1e24ba(uuid4172)
сент. 16, 2025 8:21:57 PM webapp.storage.AbstractStorage save
INFO: &amp#27;[32mSave 06046501-8050-4b60-bbcc-d758b82716ec(uuid4173)
сент. 16, 2025 8:21:57 PM webapp.storage.AbstractStorage save
INFO: &amp#27;[32mSave 7a2e20cd-08ad-4b5e-976b-59ee833b8fff(uuid4174)
сент. 16, 2025 8:21:57 PM webapp.storage.AbstractStorage save
INFO: &amp#27;[32mSave 354db66a-324e-43f9-91ca-7492b7d2263e(uuid4175)
сент. 16, 2025 8:21:57 PM webapp.storage.AbstractStorage save
INFO: &amp#27;[32mSave ba1e6c42-9018-467e-91c7-24743ba6d26c(uuid4176)
сент. 16, 2025 8:21:57 PM webapp.storage.AbstractStorage save
INFO: &amp#27;[32mSave 3597aa99-0f57-435a-b5db-b5bae5709f43(uuid4177)
сент. 16, 2025 8:21:57 PM webapp.storage.AbstractStorage save
INFO: &amp#27;[32mSave dec6d9f8-bd7c-4cc5-85d0-e61dbe26e006(uuid4178)
сент. 16, 2025 8:21:57 PM webapp.storage.AbstractStorage save
INFO: &amp#27;[32mSave 1c261752-ccbd-49e7-aca8-2192d5fdab84(uuid4179)
сент. 16, 2025 8:21:57 PM webapp.storage.AbstractStorage save
INFO: &amp#27;[32mSave 4b59d99a-8a17-4868-9da1-bab921c4ac57(uuid4180)
сент. 16, 2025 8:21:57 PM webapp.storage.AbstractStorage save
INFO: &amp#27;[32mSave 36c4e7bd-f4f7-423b-8f8d-cac6025b4869(uuid4181)
сент. 16, 2025 8:21:57 PM webapp.storage.AbstractStorage save
INFO: &amp#27;[32mSave 4864a5ec-b94d-45e5-96e9-50bd7ac43fb5(uuid4182)
сент. 16, 2025 8:21:57 PM webapp.storage.AbstractStorage save
INFO: &amp#27;[32mSave 4d847910-05c7-4050-9d34-ce036fcf4430(uuid4183)
сент. 16, 2025 8:21:57 PM webapp.storage.AbstractStorage save
INFO: &amp#27;[32mSave d741dab3-8d7e-4d42-ab14-f8786fb6582a(uuid4184)
сент. 16, 2025 8:21:57 PM webapp.storage.AbstractStorage save
INFO: &amp#27;[32mSave 6da0496d-4111-4e58-950a-df8e6f4e3aae(uuid4185)
сент. 16, 2025 8:21:57 PM webapp.storage.AbstractStorage save
INFO: &amp#27;[32mSave f35c0e3d-60c5-40e8-beec-89456011d680(uuid4186)
сент. 16, 2025 8:21:57 PM webapp.storage.AbstractStorage save
INFO: &amp#27;[32mSave 8cb96069-ac5b-4eb6-982e-81e21805daf3(uuid4187)
сент. 16, 2025 8:21:57 PM webapp.storage.AbstractStorage save
INFO: &amp#27;[32mSave 3458cd42-aa75-4558-81df-72739d32ee5d(uuid4188)
сент. 16, 2025 8:21:57 PM webapp.storage.AbstractStorage save
INFO: &amp#27;[32mSave 2db34828-671e-4809-bf44-07d009bc9782(uuid4189)
сент. 16, 2025 8:21:57 PM webapp.storage.AbstractStorage save
INFO: &amp#27;[32mSave ecbec521-c7e3-4095-a21e-9eb03353be43(uuid4190)
сент. 16, 2025 8:21:57 PM webapp.storage.AbstractStorage save
INFO: &amp#27;[32mSave bafb09e4-381f-468d-ad3e-5754dd6ac154(uuid4191)
сент. 16, 2025 8:21:57 PM webapp.storage.AbstractStorage save
INFO: &amp#27;[32mSave 5717c7d0-f71d-45dd-923c-e5a5eb9a9647(uuid4192)
сент. 16, 2025 8:21:57 PM webapp.storage.AbstractStorage save
INFO: &amp#27;[32mSave e25cfe29-e05a-4500-a8ef-ca57832e9c89(uuid4193)
сент. 16, 2025 8:21:57 PM webapp.storage.AbstractStorage save
INFO: &amp#27;[32mSave e50a1197-1eee-45b7-b8da-1daf07723115(uuid4194)
сент. 16, 2025 8:21:57 PM webapp.storage.AbstractStorage save
INFO: &amp#27;[32mSave 91fdfb13-03bf-4e4c-b46a-de8900097982(uuid4195)
сент. 16, 2025 8:21:57 PM webapp.storage.AbstractStorage save
INFO: &amp#27;[32mSave 7b6ca137-8e2a-404b-9796-86f04168772f(uuid4196)
сент. 16, 2025 8:21:57 PM webapp.storage.AbstractStorage save
INFO: &amp#27;[32mSave b3b9d2b1-c6c5-4b45-ad64-cf376df13f26(uuid4197)
сент. 16, 2025 8:21:57 PM webapp.storage.AbstractStorage save
INFO: &amp#27;[32mSave 27f2fa7d-db2b-49a3-997f-14bf9d5d3542(uuid4198)
сент. 16, 2025 8:21:57 PM webapp.storage.AbstractStorage save
INFO: &amp#27;[32mSave 299a1cd0-28fb-4d93-8a0b-5f813789cbb5(uuid4199)
сент. 16, 2025 8:21:57 PM webapp.storage.AbstractStorage save
INFO: &amp#27;[32mSave 4fc12d34-9ec9-4883-969a-2f43f8fe474e(uuid4200)
сент. 16, 2025 8:21:57 PM webapp.storage.AbstractStorage save
INFO: &amp#27;[32mSave e496b557-7f56-40b1-996c-5cfdcfd48c76(uuid4201)
сент. 16, 2025 8:21:57 PM webapp.storage.AbstractStorage save
INFO: &amp#27;[32mSave 82a6af0e-d2b8-46d1-b345-dd0aa65f50b8(uuid4202)
сент. 16, 2025 8:21:57 PM webapp.storage.AbstractStorage save
INFO: &amp#27;[32mSave 5b3c5060-d7eb-4e40-b274-ab3f763e2fb1(uuid4203)
сент. 16, 2025 8:21:57 PM webapp.storage.AbstractStorage save
INFO: &amp#27;[32mSave 60cc2482-20a3-4b3a-aa51-d03069834ad9(uuid4204)
сент. 16, 2025 8:21:57 PM webapp.storage.AbstractStorage save
INFO: &amp#27;[32mSave 6dd50618-e3d5-49f6-860d-8889ad982ba7(uuid4205)
сент. 16, 2025 8:21:57 PM webapp.storage.AbstractStorage save
INFO: &amp#27;[32mSave 9312125b-1f51-4a1e-9230-0ce643304b80(uuid4206)
сент. 16, 2025 8:21:57 PM webapp.storage.AbstractStorage save
INFO: &amp#27;[32mSave 52ebceb8-9d05-434a-b005-249482cadc7f(uuid4207)
сент. 16, 2025 8:21:57 PM webapp.storage.AbstractStorage save
INFO: &amp#27;[32mSave 81a9223b-a29d-42e0-bf95-9ab892d8dd6c(uuid4208)
сент. 16, 2025 8:21:57 PM webapp.storage.AbstractStorage save
INFO: &amp#27;[32mSave d88ecea1-1cec-42bb-bbae-c46a88353f9f(uuid4209)
сент. 16, 2025 8:21:57 PM webapp.storage.AbstractStorage save
INFO: &amp#27;[32mSave 641f65f7-af86-419c-97e6-de969be538cc(uuid4210)
сент. 16, 2025 8:21:57 PM webapp.storage.AbstractStorage save
INFO: &amp#27;[32mSave 4eed731e-31f7-41b1-a555-78df2aba0ba1(uuid4211)
сент. 16, 2025 8:21:57 PM webapp.storage.AbstractStorage save
INFO: &amp#27;[32mSave a2a6bcf1-35de-482e-8a17-d9f3e0519fff(uuid4212)
сент. 16, 2025 8:21:57 PM webapp.storage.AbstractStorage save
INFO: &amp#27;[32mSave d92707d1-154e-455e-962a-017360e15a38(uuid4213)
сент. 16, 2025 8:21:57 PM webapp.storage.AbstractStorage save
INFO: &amp#27;[32mSave dd84116e-8f9f-4542-a4f6-e1af4269b361(uuid4214)
сент. 16, 2025 8:21:57 PM webapp.storage.AbstractStorage save
INFO: &amp#27;[32mSave 96fd8b9f-8991-41dc-8eeb-620fb6b9d119(uuid4215)
сент. 16, 2025 8:21:57 PM webapp.storage.AbstractStorage save
INFO: &amp#27;[32mSave ef60b250-ef39-458c-ba29-30fce5533d79(uuid4216)
сент. 16, 2025 8:21:57 PM webapp.storage.AbstractStorage save
INFO: &amp#27;[32mSave 7fc85767-7ce5-4a46-bfba-3f95339a3345(uuid4217)
сент. 16, 2025 8:21:57 PM webapp.storage.AbstractStorage save
INFO: &amp#27;[32mSave e30e69c6-a7a4-4723-b8b3-2050cc0d07ae(uuid4218)
сент. 16, 2025 8:21:57 PM webapp.storage.AbstractStorage save
INFO: &amp#27;[32mSave dd578cef-bf20-4173-9672-9e9bf977abfb(uuid4219)
сент. 16, 2025 8:21:57 PM webapp.storage.AbstractStorage save
INFO: &amp#27;[32mSave 831fc4a1-374f-4636-8283-6aef02914f5e(uuid4220)
сент. 16, 2025 8:21:57 PM webapp.storage.AbstractStorage save
INFO: &amp#27;[32mSave e190576f-3a05-4d63-842d-d69005e2bea9(uuid4221)
сент. 16, 2025 8:21:57 PM webapp.storage.AbstractStorage save
INFO: &amp#27;[32mSave 36354292-7d5a-4f34-8e15-aff6c0490163(uuid4222)
сент. 16, 2025 8:21:57 PM webapp.storage.AbstractStorage save
INFO: &amp#27;[32mSave bba33424-e000-4f43-88ee-05936565967a(uuid4223)
сент. 16, 2025 8:21:57 PM webapp.storage.AbstractStorage save
INFO: &amp#27;[32mSave e928929f-8afa-4f5b-b8f5-b26b257cbfab(uuid4224)
сент. 16, 2025 8:21:57 PM webapp.storage.AbstractStorage save
INFO: &amp#27;[32mSave c16f14ea-9c0a-4651-864e-4913659c5b38(uuid4225)
сент. 16, 2025 8:21:57 PM webapp.storage.AbstractStorage save
INFO: &amp#27;[32mSave 36e259a6-6b68-42fe-8ee6-1247964645df(uuid4226)
сент. 16, 2025 8:21:57 PM webapp.storage.AbstractStorage save
INFO: &amp#27;[32mSave ffb8d87e-5827-42a9-99cb-7bea53e0ed8b(uuid4227)
сент. 16, 2025 8:21:57 PM webapp.storage.AbstractStorage save
INFO: &amp#27;[32mSave c9ef0714-3fb5-45e9-ba9d-af42443c3b91(uuid4228)
сент. 16, 2025 8:21:57 PM webapp.storage.AbstractStorage save
INFO: &amp#27;[32mSave be0695af-510f-4a2d-bbac-986f28ecc039(uuid4229)
сент. 16, 2025 8:21:57 PM webapp.storage.AbstractStorage save
INFO: &amp#27;[32mSave 19a595d5-4d8f-41cd-9a33-557dbb0e1f41(uuid4230)
сент. 16, 2025 8:21:57 PM webapp.storage.AbstractStorage save
INFO: &amp#27;[32mSave 995ad6f3-e19a-4c39-aaed-beea553dee19(uuid4231)
сент. 16, 2025 8:21:57 PM webapp.storage.AbstractStorage save
INFO: &amp#27;[32mSave d320f359-5114-4be2-b888-440d3a9ce0c1(uuid4232)
сент. 16, 2025 8:21:57 PM webapp.storage.AbstractStorage save
INFO: &amp#27;[32mSave 9a31bf05-ad5a-4a1e-a659-33e250c816e4(uuid4233)
сент. 16, 2025 8:21:57 PM webapp.storage.AbstractStorage save
INFO: &amp#27;[32mSave f1da1a22-92d8-45d8-94a4-f67b8a28a85a(uuid4234)
сент. 16, 2025 8:21:57 PM webapp.storage.AbstractStorage save
INFO: &amp#27;[32mSave 39fe086f-4782-4ea7-928e-bf5409470493(uuid4235)
сент. 16, 2025 8:21:57 PM webapp.storage.AbstractStorage save
INFO: &amp#27;[32mSave b5270a26-a433-4d48-b437-5543fd0a251e(uuid4236)
сент. 16, 2025 8:21:57 PM webapp.storage.AbstractStorage save
INFO: &amp#27;[32mSave 4b913ba7-b18e-42dd-9270-ad174055e445(uuid4237)
сент. 16, 2025 8:21:57 PM webapp.storage.AbstractStorage save
INFO: &amp#27;[32mSave f94e58d4-15fb-4abc-98c2-e1b9def0ed2b(uuid4238)
сент. 16, 2025 8:21:57 PM webapp.storage.AbstractStorage save
INFO: &amp#27;[32mSave 23a14279-0304-4c3b-8734-b98d70fa7c70(uuid4239)
сент. 16, 2025 8:21:57 PM webapp.storage.AbstractStorage save
INFO: &amp#27;[32mSave 091a8a25-e3ad-4d78-8bf7-e665c2053c13(uuid4240)
сент. 16, 2025 8:21:57 PM webapp.storage.AbstractStorage save
INFO: &amp#27;[32mSave befd72f9-eda5-4b3a-a70f-f1a5948978e6(uuid4241)
сент. 16, 2025 8:21:57 PM webapp.storage.AbstractStorage save
INFO: &amp#27;[32mSave d64032aa-30a1-4d0e-9d37-866a30bfc8b2(uuid4242)
сент. 16, 2025 8:21:57 PM webapp.storage.AbstractStorage save
INFO: &amp#27;[32mSave d00e5bfc-9141-4151-981f-2e1db37c0273(uuid4243)
сент. 16, 2025 8:21:57 PM webapp.storage.AbstractStorage save
INFO: &amp#27;[32mSave 514f0460-0799-4a23-9240-b45ae1afde13(uuid4244)
сент. 16, 2025 8:21:57 PM webapp.storage.AbstractStorage save
INFO: &amp#27;[32mSave 6bc8f647-6bff-4261-95dd-bffaeee8cd84(uuid4245)
сент. 16, 2025 8:21:57 PM webapp.storage.AbstractStorage save
INFO: &amp#27;[32mSave 4e776d8c-fd10-48b6-9475-97e0a733225d(uuid4246)
сент. 16, 2025 8:21:57 PM webapp.storage.AbstractStorage save
INFO: &amp#27;[32mSave 35875526-8c25-4ca0-a620-56f585589d8a(uuid4247)
сент. 16, 2025 8:21:57 PM webapp.storage.AbstractStorage save
INFO: &amp#27;[32mSave 559cd99d-b52b-45ff-8236-a66c7a4746f7(uuid4248)
сент. 16, 2025 8:21:57 PM webapp.storage.AbstractStorage save
INFO: &amp#27;[32mSave 826e59f2-92c5-4ef1-93b5-b4e95e0e018d(uuid4249)
сент. 16, 2025 8:21:57 PM webapp.storage.AbstractStorage save
INFO: &amp#27;[32mSave 520769bf-e887-4215-94f1-9820e86388c8(uuid4250)
сент. 16, 2025 8:21:57 PM webapp.storage.AbstractStorage save
INFO: &amp#27;[32mSave dfc15cbe-6ddd-47df-9755-621048704a1c(uuid4251)
сент. 16, 2025 8:21:57 PM webapp.storage.AbstractStorage save
INFO: &amp#27;[32mSave 1bc65df2-4def-492f-813e-2a92c789c5a5(uuid4252)
сент. 16, 2025 8:21:57 PM webapp.storage.AbstractStorage save
INFO: &amp#27;[32mSave b4b72da6-df61-4108-af24-9302657edf53(uuid4253)
сент. 16, 2025 8:21:57 PM webapp.storage.AbstractStorage save
INFO: &amp#27;[32mSave 8a56c3e2-6697-4430-92bc-b622c032a5af(uuid4254)
сент. 16, 2025 8:21:57 PM webapp.storage.AbstractStorage save
INFO: &amp#27;[32mSave fbc10b10-92b6-4b91-95f5-2675e3640f71(uuid4255)
сент. 16, 2025 8:21:57 PM webapp.storage.AbstractStorage save
INFO: &amp#27;[32mSave 4fc7a859-07a2-41da-8678-688b96649131(uuid4256)
сент. 16, 2025 8:21:57 PM webapp.storage.AbstractStorage save
INFO: &amp#27;[32mSave 26bde569-3966-4450-8522-deafd74059f4(uuid4257)
сент. 16, 2025 8:21:57 PM webapp.storage.AbstractStorage save
INFO: &amp#27;[32mSave c42c5eb8-78c1-4f79-ac7a-c13e5714b02c(uuid4258)
сент. 16, 2025 8:21:57 PM webapp.storage.AbstractStorage save
INFO: &amp#27;[32mSave e292eee3-c35e-4e64-a76a-a2817fe00a02(uuid4259)
сент. 16, 2025 8:21:57 PM webapp.storage.AbstractStorage save
INFO: &amp#27;[32mSave ac716c61-89ad-4494-9a0f-1729dd25c65a(uuid4260)
сент. 16, 2025 8:21:57 PM webapp.storage.AbstractStorage save
INFO: &amp#27;[32mSave dcc0f88a-6c36-4196-b448-895a4ea0c70f(uuid4261)
сент. 16, 2025 8:21:57 PM webapp.storage.AbstractStorage save
INFO: &amp#27;[32mSave b8446571-f24e-4843-8077-d24459dee611(uuid4262)
сент. 16, 2025 8:21:57 PM webapp.storage.AbstractStorage save
INFO: &amp#27;[32mSave 9cb62aa9-1a44-4171-941a-e1a3c0f4c22c(uuid4263)
сент. 16, 2025 8:21:57 PM webapp.storage.AbstractStorage save
INFO: &amp#27;[32mSave a5a6e4ef-02ce-4532-bd09-f4bf739170ac(uuid4264)
сент. 16, 2025 8:21:57 PM webapp.storage.AbstractStorage save
INFO: &amp#27;[32mSave 69f4899e-853e-484a-842a-41883831a19f(uuid4265)
сент. 16, 2025 8:21:57 PM webapp.storage.AbstractStorage save
INFO: &amp#27;[32mSave ec1f153e-160a-4f38-95bc-3792a14deb41(uuid4266)
сент. 16, 2025 8:21:57 PM webapp.storage.AbstractStorage save
INFO: &amp#27;[32mSave 89f73a20-b02d-4b14-9883-3181baa11325(uuid4267)
сент. 16, 2025 8:21:57 PM webapp.storage.AbstractStorage save
INFO: &amp#27;[32mSave 2d36ebe0-e546-4525-81b8-9747e4e626ef(uuid4268)
сент. 16, 2025 8:21:57 PM webapp.storage.AbstractStorage save
INFO: &amp#27;[32mSave b7dfb1fa-f9fb-4c13-a5f3-2efe368cfc11(uuid4269)
сент. 16, 2025 8:21:57 PM webapp.storage.AbstractStorage save
INFO: &amp#27;[32mSave ecc6b4d3-bf0e-472a-bd00-61dd98f581df(uuid4270)
сент. 16, 2025 8:21:57 PM webapp.storage.AbstractStorage save
INFO: &amp#27;[32mSave ea17cf85-30fc-4665-a34b-be48cf7e9681(uuid4271)
сент. 16, 2025 8:21:57 PM webapp.storage.AbstractStorage save
INFO: &amp#27;[32mSave 21ebda10-80c3-4a5d-beaf-0d452f496ad7(uuid4272)
сент. 16, 2025 8:21:57 PM webapp.storage.AbstractStorage save
INFO: &amp#27;[32mSave 0967fa1e-0ae3-45bd-a92f-16644eb9f8f6(uuid4273)
сент. 16, 2025 8:21:57 PM webapp.storage.AbstractStorage save
INFO: &amp#27;[32mSave 4ee6506b-a69e-4f1d-8904-2c1ce6f6cb21(uuid4274)
сент. 16, 2025 8:21:57 PM webapp.storage.AbstractStorage save
INFO: &amp#27;[32mSave 912f8ca5-a524-4cd7-aa39-800a7e26ea7b(uuid4275)
сент. 16, 2025 8:21:57 PM webapp.storage.AbstractStorage save
INFO: &amp#27;[32mSave 3e8e1930-ed90-4a49-88fe-fb3e0dcdde50(uuid4276)
сент. 16, 2025 8:21:57 PM webapp.storage.AbstractStorage save
INFO: &amp#27;[32mSave f404228a-6eb0-4e28-bbbc-646ac24c5eb4(uuid4277)
сент. 16, 2025 8:21:57 PM webapp.storage.AbstractStorage save
INFO: &amp#27;[32mSave e00008d3-5780-47b0-a995-afb7a85d4e09(uuid4278)
сент. 16, 2025 8:21:57 PM webapp.storage.AbstractStorage save
INFO: &amp#27;[32mSave 84994fe0-a7f4-4652-97de-60d6ba01e847(uuid4279)
сент. 16, 2025 8:21:57 PM webapp.storage.AbstractStorage save
INFO: &amp#27;[32mSave 130b9cdb-4d6a-4211-9526-aa2e15da5ff1(uuid4280)
сент. 16, 2025 8:21:57 PM webapp.storage.AbstractStorage save
INFO: &amp#27;[32mSave 6ca26cfe-9f17-48fd-939e-0e542c832782(uuid4281)
сент. 16, 2025 8:21:57 PM webapp.storage.AbstractStorage save
INFO: &amp#27;[32mSave 3a279f50-14e6-4141-b117-396d64c3574e(uuid4282)
сент. 16, 2025 8:21:57 PM webapp.storage.AbstractStorage save
INFO: &amp#27;[32mSave f5957aee-75ab-425a-b736-a80be5f3a010(uuid4283)
сент. 16, 2025 8:21:57 PM webapp.storage.AbstractStorage save
INFO: &amp#27;[32mSave f6a6bcc7-18cb-424b-97e7-f8d61d3fd990(uuid4284)
сент. 16, 2025 8:21:57 PM webapp.storage.AbstractStorage save
INFO: &amp#27;[32mSave 0d857dae-105c-4c7f-af77-d159668257a2(uuid4285)
сент. 16, 2025 8:21:57 PM webapp.storage.AbstractStorage save
INFO: &amp#27;[32mSave 4cc2ae12-9831-4c40-8a3c-e461761a28e1(uuid4286)
сент. 16, 2025 8:21:57 PM webapp.storage.AbstractStorage save
INFO: &amp#27;[32mSave 0a59d4cc-607f-49ce-bcb9-03d9fa826dcf(uuid4287)
сент. 16, 2025 8:21:57 PM webapp.storage.AbstractStorage save
INFO: &amp#27;[32mSave 39f0e46b-ebe7-4fbf-9309-0d1dbcee15f0(uuid4288)
сент. 16, 2025 8:21:57 PM webapp.storage.AbstractStorage save
INFO: &amp#27;[32mSave 59fc38bf-0d14-4045-85b9-58e129e79d93(uuid4289)
сент. 16, 2025 8:21:57 PM webapp.storage.AbstractStorage save
INFO: &amp#27;[32mSave 74ef60cd-cac9-4f70-93d8-db53f125349d(uuid4290)
сент. 16, 2025 8:21:57 PM webapp.storage.AbstractStorage save
INFO: &amp#27;[32mSave 22727efe-cc04-4c93-8263-c9222427c127(uuid4291)
сент. 16, 2025 8:21:57 PM webapp.storage.AbstractStorage save
INFO: &amp#27;[32mSave 778e5797-b32c-4200-9a82-2d67dcc3a464(uuid4292)
сент. 16, 2025 8:21:57 PM webapp.storage.AbstractStorage save
INFO: &amp#27;[32mSave 260cda22-ac1a-473f-b3ff-ccc1b16c4917(uuid4293)
сент. 16, 2025 8:21:57 PM webapp.storage.AbstractStorage save
INFO: &amp#27;[32mSave b1759d70-805d-483a-922d-8761c007d189(uuid4294)
сент. 16, 2025 8:21:57 PM webapp.storage.AbstractStorage save
INFO: &amp#27;[32mSave cd5021b2-3ff3-4c6e-9c3f-c4ed84faafd5(uuid4295)
сент. 16, 2025 8:21:57 PM webapp.storage.AbstractStorage save
INFO: &amp#27;[32mSave 48465eb7-a3ac-45f9-84af-031eaff56447(uuid4296)
сент. 16, 2025 8:21:57 PM webapp.storage.AbstractStorage save
INFO: &amp#27;[32mSave bd90d225-f25f-4813-ad82-62f80ab47194(uuid4297)
сент. 16, 2025 8:21:57 PM webapp.storage.AbstractStorage save
INFO: &amp#27;[32mSave 83fcb39e-05da-4f88-8951-68f3078d5aa6(uuid4298)
сент. 16, 2025 8:21:57 PM webapp.storage.AbstractStorage save
INFO: &amp#27;[32mSave 41d9f50b-046e-41c8-930d-cf00be8c3849(uuid4299)
сент. 16, 2025 8:21:57 PM webapp.storage.AbstractStorage save
INFO: &amp#27;[32mSave ff044b97-1688-4895-81cb-530f6dd7c418(uuid4300)
сент. 16, 2025 8:21:57 PM webapp.storage.AbstractStorage save
INFO: &amp#27;[32mSave 671d77f3-2110-4e6f-919c-876f0b506382(uuid4301)
сент. 16, 2025 8:21:57 PM webapp.storage.AbstractStorage save
INFO: &amp#27;[32mSave e24c7e44-4288-481c-a969-d3f14c2bf66b(uuid4302)
сент. 16, 2025 8:21:57 PM webapp.storage.AbstractStorage save
INFO: &amp#27;[32mSave fbe1031d-c49f-449e-96a8-5a50b002c0a0(uuid4303)
сент. 16, 2025 8:21:57 PM webapp.storage.AbstractStorage save
INFO: &amp#27;[32mSave 2d3dc222-7c64-4547-bdd6-6d79e463cbe3(uuid4304)
сент. 16, 2025 8:21:57 PM webapp.storage.AbstractStorage save
INFO: &amp#27;[32mSave b8aa77c0-f544-42d3-a211-cac2464b8a29(uuid4305)
сент. 16, 2025 8:21:57 PM webapp.storage.AbstractStorage save
INFO: &amp#27;[32mSave 8580a728-c835-4d98-861d-c5e75ccb0e7e(uuid4306)
сент. 16, 2025 8:21:57 PM webapp.storage.AbstractStorage save
INFO: &amp#27;[32mSave 417c2585-798b-47e3-aa72-e451f849da75(uuid4307)
сент. 16, 2025 8:21:57 PM webapp.storage.AbstractStorage save
INFO: &amp#27;[32mSave b6ed8135-a711-4af6-8b17-0478c705f8ba(uuid4308)
сент. 16, 2025 8:21:57 PM webapp.storage.AbstractStorage save
INFO: &amp#27;[32mSave 7382c20f-e022-40a2-a9ed-910a19c54e54(uuid4309)
сент. 16, 2025 8:21:57 PM webapp.storage.AbstractStorage save
INFO: &amp#27;[32mSave d226e26b-c551-4bf5-b70f-6d3a331e2aa1(uuid4310)
сент. 16, 2025 8:21:57 PM webapp.storage.AbstractStorage save
INFO: &amp#27;[32mSave 7e46e3e8-801d-4da1-a58e-15d6368afb1a(uuid4311)
сент. 16, 2025 8:21:57 PM webapp.storage.AbstractStorage save
INFO: &amp#27;[32mSave a964e42d-ef52-4e2c-b799-3f228459b583(uuid4312)
сент. 16, 2025 8:21:57 PM webapp.storage.AbstractStorage save
INFO: &amp#27;[32mSave 33cfd085-fbbc-4f85-9604-95af52b57d01(uuid4313)
сент. 16, 2025 8:21:57 PM webapp.storage.AbstractStorage save
INFO: &amp#27;[32mSave b3512d24-7cb8-4578-828b-2e12b487142c(uuid4314)
сент. 16, 2025 8:21:57 PM webapp.storage.AbstractStorage save
INFO: &amp#27;[32mSave e61baa60-73bd-4523-aaff-5308440be1c2(uuid4315)
сент. 16, 2025 8:21:57 PM webapp.storage.AbstractStorage save
INFO: &amp#27;[32mSave 5256c2da-a522-42b9-b928-c4f7f2a8150e(uuid4316)
сент. 16, 2025 8:21:57 PM webapp.storage.AbstractStorage save
INFO: &amp#27;[32mSave f58c4378-53fa-4505-aa1f-9e19c477cef7(uuid4317)
сент. 16, 2025 8:21:57 PM webapp.storage.AbstractStorage save
INFO: &amp#27;[32mSave 14627788-5cba-4250-8618-7f4196bddd5b(uuid4318)
сент. 16, 2025 8:21:57 PM webapp.storage.AbstractStorage save
INFO: &amp#27;[32mSave e087a2b9-02fe-41d8-bea1-70b5051e9792(uuid4319)
сент. 16, 2025 8:21:57 PM webapp.storage.AbstractStorage save
INFO: &amp#27;[32mSave b8183bf3-2b81-4148-ac99-ec394eccd6a3(uuid4320)
сент. 16, 2025 8:21:57 PM webapp.storage.AbstractStorage save
INFO: &amp#27;[32mSave d2274698-f981-4fcd-9763-578f472df6d8(uuid4321)
сент. 16, 2025 8:21:57 PM webapp.storage.AbstractStorage save
INFO: &amp#27;[32mSave 6a0bd678-8a03-4ac4-ba13-9eef10101179(uuid4322)
сент. 16, 2025 8:21:57 PM webapp.storage.AbstractStorage save
INFO: &amp#27;[32mSave 982f7b31-5150-40e6-bf57-132a89823cb4(uuid4323)
сент. 16, 2025 8:21:57 PM webapp.storage.AbstractStorage save
INFO: &amp#27;[32mSave c987a1e0-4b5e-454b-953f-981333b92fba(uuid4324)
сент. 16, 2025 8:21:57 PM webapp.storage.AbstractStorage save
INFO: &amp#27;[32mSave c61c3d9e-df6e-483d-bda5-6fa87e515682(uuid4325)
сент. 16, 2025 8:21:57 PM webapp.storage.AbstractStorage save
INFO: &amp#27;[32mSave fe916644-e2c1-464d-b8a4-73df6a55afb2(uuid4326)
сент. 16, 2025 8:21:57 PM webapp.storage.AbstractStorage save
INFO: &amp#27;[32mSave 8e5510f0-56fe-459a-bbc0-facd96b4537f(uuid4327)
сент. 16, 2025 8:21:57 PM webapp.storage.AbstractStorage save
INFO: &amp#27;[32mSave fe42d21f-0b72-44cf-a14f-d3ea83c622d2(uuid4328)
сент. 16, 2025 8:21:57 PM webapp.storage.AbstractStorage save
INFO: &amp#27;[32mSave fedd2af7-9dde-47c4-8070-d5ec89387883(uuid4329)
сент. 16, 2025 8:21:57 PM webapp.storage.AbstractStorage save
INFO: &amp#27;[32mSave ec6ffde3-94cb-486b-8167-9b708659aa48(uuid4330)
сент. 16, 2025 8:21:57 PM webapp.storage.AbstractStorage save
INFO: &amp#27;[32mSave 8869d023-8df9-4353-b093-591bf4f2ab69(uuid4331)
сент. 16, 2025 8:21:57 PM webapp.storage.AbstractStorage save
INFO: &amp#27;[32mSave db812c44-7c8a-4cfb-bfc4-6b36e806ef0f(uuid4332)
сент. 16, 2025 8:21:57 PM webapp.storage.AbstractStorage save
INFO: &amp#27;[32mSave 37b036aa-741c-4562-ae41-0478f7c85d9c(uuid4333)
сент. 16, 2025 8:21:57 PM webapp.storage.AbstractStorage save
INFO: &amp#27;[32mSave 731515ad-f6fd-4d9c-ab0e-8c2139491a64(uuid4334)
сент. 16, 2025 8:21:57 PM webapp.storage.AbstractStorage save
INFO: &amp#27;[32mSave 774ca1b8-05aa-4f48-814e-90693e000f6a(uuid4335)
сент. 16, 2025 8:21:57 PM webapp.storage.AbstractStorage save
INFO: &amp#27;[32mSave 1590f735-0b0f-49b1-aadd-583cb865646c(uuid4336)
сент. 16, 2025 8:21:57 PM webapp.storage.AbstractStorage save
INFO: &amp#27;[32mSave 8b7dbdbb-9859-4aa3-9514-229bd2d1534d(uuid4337)
сент. 16, 2025 8:21:57 PM webapp.storage.AbstractStorage save
INFO: &amp#27;[32mSave 6cdaa765-d513-458f-8369-64147505536d(uuid4338)
сент. 16, 2025 8:21:57 PM webapp.storage.AbstractStorage save
INFO: &amp#27;[32mSave 0802ed68-7916-43d8-87cb-6bfe6e455b17(uuid4339)
сент. 16, 2025 8:21:57 PM webapp.storage.AbstractStorage save
INFO: &amp#27;[32mSave 517d188c-a32b-44b0-87b6-4e53037c9c20(uuid4340)
сент. 16, 2025 8:21:57 PM webapp.storage.AbstractStorage save
INFO: &amp#27;[32mSave 79495a29-3f6c-48c9-b411-7ad47cea87fa(uuid4341)
сент. 16, 2025 8:21:57 PM webapp.storage.AbstractStorage save
INFO: &amp#27;[32mSave 471965ae-7ba9-47c6-8f90-7f45e355c64a(uuid4342)
сент. 16, 2025 8:21:57 PM webapp.storage.AbstractStorage save
INFO: &amp#27;[32mSave 6fc77573-ee45-4f84-b5aa-ab07614bad7c(uuid4343)
сент. 16, 2025 8:21:57 PM webapp.storage.AbstractStorage save
INFO: &amp#27;[32mSave d16c1740-7c12-4536-ba3a-133209fd06be(uuid4344)
сент. 16, 2025 8:21:57 PM webapp.storage.AbstractStorage save
INFO: &amp#27;[32mSave 524fbcd9-7702-4b3a-ab73-e954ca2d7463(uuid4345)
сент. 16, 2025 8:21:57 PM webapp.storage.AbstractStorage save
INFO: &amp#27;[32mSave a12f442a-9259-4b9b-a235-0501a31efffc(uuid4346)
сент. 16, 2025 8:21:57 PM webapp.storage.AbstractStorage save
INFO: &amp#27;[32mSave 92550a71-6bc0-47f3-8b9c-0ba3bd1f63e0(uuid4347)
сент. 16, 2025 8:21:57 PM webapp.storage.AbstractStorage save
INFO: &amp#27;[32mSave eb524f69-ae9f-4407-a40d-60a305ab0e44(uuid4348)
сент. 16, 2025 8:21:57 PM webapp.storage.AbstractStorage save
INFO: &amp#27;[32mSave ea4c5d5d-9aaf-4d64-aa4f-6c052324693b(uuid4349)
сент. 16, 2025 8:21:57 PM webapp.storage.AbstractStorage save
INFO: &amp#27;[32mSave cee10475-62d6-4612-a0bb-d6a39264eaf1(uuid4350)
сент. 16, 2025 8:21:57 PM webapp.storage.AbstractStorage save
INFO: &amp#27;[32mSave 43b28ddb-a87a-4ab1-ab3f-24aabede216d(uuid4351)
сент. 16, 2025 8:21:57 PM webapp.storage.AbstractStorage save
INFO: &amp#27;[32mSave a131b1bc-2caa-4121-89ed-badac8c28ca8(uuid4352)
сент. 16, 2025 8:21:57 PM webapp.storage.AbstractStorage save
INFO: &amp#27;[32mSave 9c4a9872-35f0-48d0-a7df-fa7684f78916(uuid4353)
сент. 16, 2025 8:21:57 PM webapp.storage.AbstractStorage save
INFO: &amp#27;[32mSave 69f2a549-55f4-4bd0-8fce-1db2dba23c66(uuid4354)
сент. 16, 2025 8:21:57 PM webapp.storage.AbstractStorage save
INFO: &amp#27;[32mSave dc21d1da-039f-4e68-8dbd-74b3d8adc47b(uuid4355)
сент. 16, 2025 8:21:57 PM webapp.storage.AbstractStorage save
INFO: &amp#27;[32mSave a63fd068-4a7f-4089-8356-13939f44dafa(uuid4356)
сент. 16, 2025 8:21:57 PM webapp.storage.AbstractStorage save
INFO: &amp#27;[32mSave 9f8177ca-8b54-4a2f-aca9-a06f1e36a453(uuid4357)
сент. 16, 2025 8:21:57 PM webapp.storage.AbstractStorage save
INFO: &amp#27;[32mSave 5e3c345a-5efd-4be0-9fe8-84b67638e48c(uuid4358)
сент. 16, 2025 8:21:57 PM webapp.storage.AbstractStorage save
INFO: &amp#27;[32mSave 2313af5d-3bf5-488b-b682-0a2a294e91d4(uuid4359)
сент. 16, 2025 8:21:57 PM webapp.storage.AbstractStorage save
INFO: &amp#27;[32mSave 2315bb13-61ba-4056-b89b-67c9c910697b(uuid4360)
сент. 16, 2025 8:21:57 PM webapp.storage.AbstractStorage save
INFO: &amp#27;[32mSave de626ef0-c8a5-4d64-9a60-bcc028325b21(uuid4361)
сент. 16, 2025 8:21:57 PM webapp.storage.AbstractStorage save
INFO: &amp#27;[32mSave 2db4b2f5-f0a7-4a19-befb-d70d16179dbb(uuid4362)
сент. 16, 2025 8:21:57 PM webapp.storage.AbstractStorage save
INFO: &amp#27;[32mSave e4283a4d-2ae0-4dc1-b38a-bc150b101eee(uuid4363)
сент. 16, 2025 8:21:57 PM webapp.storage.AbstractStorage save
INFO: &amp#27;[32mSave e625a1bd-3a24-4868-902d-514024be5e80(uuid4364)
сент. 16, 2025 8:21:57 PM webapp.storage.AbstractStorage save
INFO: &amp#27;[32mSave 0250c70b-7587-47dd-a48a-2dac944cfe67(uuid4365)
сент. 16, 2025 8:21:57 PM webapp.storage.AbstractStorage save
INFO: &amp#27;[32mSave d055a19e-3a48-4119-9fcc-d699e147d487(uuid4366)
сент. 16, 2025 8:21:57 PM webapp.storage.AbstractStorage save
INFO: &amp#27;[32mSave 4fdc25c3-2e0d-45b2-abbe-f19790c3bc02(uuid4367)
сент. 16, 2025 8:21:57 PM webapp.storage.AbstractStorage save
INFO: &amp#27;[32mSave 4b374461-e601-43a7-97be-8ab42ce85a3c(uuid4368)
сент. 16, 2025 8:21:57 PM webapp.storage.AbstractStorage save
INFO: &amp#27;[32mSave f4536166-34fd-4a47-8c38-96c902fe9671(uuid4369)
сент. 16, 2025 8:21:57 PM webapp.storage.AbstractStorage save
INFO: &amp#27;[32mSave fcb9b094-e89b-4234-9a78-1858c8b67a14(uuid4370)
сент. 16, 2025 8:21:57 PM webapp.storage.AbstractStorage save
INFO: &amp#27;[32mSave fab575fd-d2d6-43ad-a95b-714e8f80e51e(uuid4371)
сент. 16, 2025 8:21:57 PM webapp.storage.AbstractStorage save
INFO: &amp#27;[32mSave 71210df0-8c43-4bf4-8385-cc909cf177eb(uuid4372)
сент. 16, 2025 8:21:57 PM webapp.storage.AbstractStorage save
INFO: &amp#27;[32mSave b804104d-79d4-4408-be66-15e8d0b5d474(uuid4373)
сент. 16, 2025 8:21:57 PM webapp.storage.AbstractStorage save
INFO: &amp#27;[32mSave de98db1c-3023-4969-bc0c-dedf4e655272(uuid4374)
сент. 16, 2025 8:21:57 PM webapp.storage.AbstractStorage save
INFO: &amp#27;[32mSave 4f19400e-f888-4319-a58f-7abe82361c97(uuid4375)
сент. 16, 2025 8:21:57 PM webapp.storage.AbstractStorage save
INFO: &amp#27;[32mSave c8133e8a-b45f-4304-b005-9dd6997a184b(uuid4376)
сент. 16, 2025 8:21:57 PM webapp.storage.AbstractStorage save
INFO: &amp#27;[32mSave b5e6150e-fea6-43da-a254-84aff7165954(uuid4377)
сент. 16, 2025 8:21:57 PM webapp.storage.AbstractStorage save
INFO: &amp#27;[32mSave 504f97e6-effe-487d-b8c3-6461ef25f84b(uuid4378)
сент. 16, 2025 8:21:57 PM webapp.storage.AbstractStorage save
INFO: &amp#27;[32mSave e70d043d-8e91-424d-8b6f-828ff62babac(uuid4379)
сент. 16, 2025 8:21:57 PM webapp.storage.AbstractStorage save
INFO: &amp#27;[32mSave 6976394c-97f0-4e7d-8b4f-d7a5bf62b434(uuid4380)
сент. 16, 2025 8:21:57 PM webapp.storage.AbstractStorage save
INFO: &amp#27;[32mSave a50f57bd-7620-4f03-8b7b-d4967e6f9bac(uuid4381)
сент. 16, 2025 8:21:57 PM webapp.storage.AbstractStorage save
INFO: &amp#27;[32mSave 5c35adf4-c925-4179-af2f-c9747f3e3dfd(uuid4382)
сент. 16, 2025 8:21:57 PM webapp.storage.AbstractStorage save
INFO: &amp#27;[32mSave 4ed990f8-2135-4809-900c-ef2f90803934(uuid4383)
сент. 16, 2025 8:21:57 PM webapp.storage.AbstractStorage save
INFO: &amp#27;[32mSave fc754378-a64c-4c04-9465-68afe5fef14c(uuid4384)
сент. 16, 2025 8:21:57 PM webapp.storage.AbstractStorage save
INFO: &amp#27;[32mSave 2af638ca-dabf-4756-8152-342e0fea7539(uuid4385)
сент. 16, 2025 8:21:57 PM webapp.storage.AbstractStorage save
INFO: &amp#27;[32mSave 2b88bdd4-8ab0-4839-9c6f-ab1c17977d7a(uuid4386)
сент. 16, 2025 8:21:57 PM webapp.storage.AbstractStorage save
INFO: &amp#27;[32mSave ceef7af5-6eb3-4787-ba54-bbfa10b3cfb0(uuid4387)
сент. 16, 2025 8:21:57 PM webapp.storage.AbstractStorage save
INFO: &amp#27;[32mSave 2547b02f-7628-4ddf-b561-7d3492da5a6f(uuid4388)
сент. 16, 2025 8:21:57 PM webapp.storage.AbstractStorage save
INFO: &amp#27;[32mSave 6c7ab479-5837-4070-b3e7-5133a03df6b5(uuid4389)
сент. 16, 2025 8:21:57 PM webapp.storage.AbstractStorage save
INFO: &amp#27;[32mSave 6232c26d-8234-4184-91a8-5b983c4b6c17(uuid4390)
сент. 16, 2025 8:21:57 PM webapp.storage.AbstractStorage save
INFO: &amp#27;[32mSave dc8924b6-a034-484d-b0f3-25aed9dc4e4f(uuid4391)
сент. 16, 2025 8:21:57 PM webapp.storage.AbstractStorage save
INFO: &amp#27;[32mSave 363a6906-dcde-4c30-9460-90597e89b371(uuid4392)
сент. 16, 2025 8:21:57 PM webapp.storage.AbstractStorage save
INFO: &amp#27;[32mSave 59d5334a-8531-4277-b926-e27130de2633(uuid4393)
сент. 16, 2025 8:21:57 PM webapp.storage.AbstractStorage save
INFO: &amp#27;[32mSave 64abbe04-5241-4d0f-a67a-0e1c89817573(uuid4394)
сент. 16, 2025 8:21:57 PM webapp.storage.AbstractStorage save
INFO: &amp#27;[32mSave 774d5cdb-9cda-472d-b429-874e8b4b0258(uuid4395)
сент. 16, 2025 8:21:57 PM webapp.storage.AbstractStorage save
INFO: &amp#27;[32mSave 0bc109b0-44e2-4876-9660-aa6eb009aae2(uuid4396)
сент. 16, 2025 8:21:57 PM webapp.storage.AbstractStorage save
INFO: &amp#27;[32mSave 95bf6490-f1c9-458d-9c12-cd38b8514ca3(uuid4397)
сент. 16, 2025 8:21:57 PM webapp.storage.AbstractStorage save
INFO: &amp#27;[32mSave a20a9a06-d7b8-456f-b0c8-e382b5345954(uuid4398)
сент. 16, 2025 8:21:57 PM webapp.storage.AbstractStorage save
INFO: &amp#27;[32mSave 55ca3c18-bb70-4478-88e5-6ff84542b002(uuid4399)
сент. 16, 2025 8:21:57 PM webapp.storage.AbstractStorage save
INFO: &amp#27;[32mSave 62aa3877-ecca-4fa9-9969-5ca3849c6b75(uuid4400)
сент. 16, 2025 8:21:57 PM webapp.storage.AbstractStorage save
INFO: &amp#27;[32mSave a6a05949-75e4-4c20-9f4a-997790a1601c(uuid4401)
сент. 16, 2025 8:21:57 PM webapp.storage.AbstractStorage save
INFO: &amp#27;[32mSave 32311f6a-5ce8-483a-a68e-0752695059b8(uuid4402)
сент. 16, 2025 8:21:57 PM webapp.storage.AbstractStorage save
INFO: &amp#27;[32mSave 76ccad13-51c3-45b5-93d6-ce90760dd1ce(uuid4403)
сент. 16, 2025 8:21:57 PM webapp.storage.AbstractStorage save
INFO: &amp#27;[32mSave a10c3222-73a4-4096-b8aa-9144f926b369(uuid4404)
сент. 16, 2025 8:21:57 PM webapp.storage.AbstractStorage save
INFO: &amp#27;[32mSave 03975e5c-d340-4287-bb73-3ca20d7af4ff(uuid4405)
сент. 16, 2025 8:21:57 PM webapp.storage.AbstractStorage save
INFO: &amp#27;[32mSave 822a8753-abd4-4a29-8a1a-496638179a36(uuid4406)
сент. 16, 2025 8:21:57 PM webapp.storage.AbstractStorage save
INFO: &amp#27;[32mSave a8794cd0-dce0-41c1-a4ff-f6d30e8750fd(uuid4407)
сент. 16, 2025 8:21:57 PM webapp.storage.AbstractStorage save
INFO: &amp#27;[32mSave 3a0482d3-9540-4645-b5a3-a3994475d60f(uuid4408)
сент. 16, 2025 8:21:57 PM webapp.storage.AbstractStorage save
INFO: &amp#27;[32mSave f5e09ceb-8f9f-4003-9d7d-1ffb7373d469(uuid4409)
сент. 16, 2025 8:21:57 PM webapp.storage.AbstractStorage save
INFO: &amp#27;[32mSave 7f83f524-d297-4731-8a92-8d7088c40e0f(uuid4410)
сент. 16, 2025 8:21:57 PM webapp.storage.AbstractStorage save
INFO: &amp#27;[32mSave 56d91543-ba09-48e3-9caa-938c88d6007a(uuid4411)
сент. 16, 2025 8:21:57 PM webapp.storage.AbstractStorage save
INFO: &amp#27;[32mSave dd94d36b-2da1-45c4-96d0-07727b0b7505(uuid4412)
сент. 16, 2025 8:21:57 PM webapp.storage.AbstractStorage save
INFO: &amp#27;[32mSave e10b477e-2d4f-4d8f-8c3c-5d7f3ccb9596(uuid4413)
сент. 16, 2025 8:21:57 PM webapp.storage.AbstractStorage save
INFO: &amp#27;[32mSave 28c0bb62-7145-484b-a7cd-a1cebb2b71b4(uuid4414)
сент. 16, 2025 8:21:57 PM webapp.storage.AbstractStorage save
INFO: &amp#27;[32mSave 64c88f3d-d6b4-4a88-b4cf-95fe96ebe7ba(uuid4415)
сент. 16, 2025 8:21:57 PM webapp.storage.AbstractStorage save
INFO: &amp#27;[32mSave ca28c30e-beeb-49d0-b044-7b8f4800ce2a(uuid4416)
сент. 16, 2025 8:21:57 PM webapp.storage.AbstractStorage save
INFO: &amp#27;[32mSave a685e34e-80df-44a4-903e-4164d441c30e(uuid4417)
сент. 16, 2025 8:21:57 PM webapp.storage.AbstractStorage save
INFO: &amp#27;[32mSave ce3a08f1-9cc5-44dc-a5b8-f7b829ab7db3(uuid4418)
сент. 16, 2025 8:21:57 PM webapp.storage.AbstractStorage save
INFO: &amp#27;[32mSave c05fe47e-a075-4508-95cf-d1d3f6960a59(uuid4419)
сент. 16, 2025 8:21:57 PM webapp.storage.AbstractStorage save
INFO: &amp#27;[32mSave 7e22d953-ebbb-44b7-b3b5-6dc778fb3cf7(uuid4420)
сент. 16, 2025 8:21:57 PM webapp.storage.AbstractStorage save
INFO: &amp#27;[32mSave 1a9e5fb9-c551-4e86-aeeb-10164d772a81(uuid4421)
сент. 16, 2025 8:21:57 PM webapp.storage.AbstractStorage save
INFO: &amp#27;[32mSave 8bbfb2ee-1d5d-466b-b7c0-791d9d1207d2(uuid4422)
сент. 16, 2025 8:21:57 PM webapp.storage.AbstractStorage save
INFO: &amp#27;[32mSave fb4b6656-eed8-4cd1-92ce-24db3f372a8a(uuid4423)
сент. 16, 2025 8:21:57 PM webapp.storage.AbstractStorage save
INFO: &amp#27;[32mSave b02403a0-fb22-4ec4-934d-f829296291d9(uuid4424)
сент. 16, 2025 8:21:57 PM webapp.storage.AbstractStorage save
INFO: &amp#27;[32mSave 6f9653fe-1072-45fa-aaec-bd06df968859(uuid4425)
сент. 16, 2025 8:21:57 PM webapp.storage.AbstractStorage save
INFO: &amp#27;[32mSave 7a7007a5-ab86-4f1b-9ceb-45436ec06ba6(uuid4426)
сент. 16, 2025 8:21:57 PM webapp.storage.AbstractStorage save
INFO: &amp#27;[32mSave 95b19219-856c-49fd-bc71-511a168c9031(uuid4427)
сент. 16, 2025 8:21:57 PM webapp.storage.AbstractStorage save
INFO: &amp#27;[32mSave 333c6fe7-f569-413b-8ebb-a53f77002cb8(uuid4428)
сент. 16, 2025 8:21:57 PM webapp.storage.AbstractStorage save
INFO: &amp#27;[32mSave 7680cb6f-2806-43d4-b390-d1609b53bfd0(uuid4429)
сент. 16, 2025 8:21:57 PM webapp.storage.AbstractStorage save
INFO: &amp#27;[32mSave 0caf5bbd-5215-4759-9bb7-d96becfb850a(uuid4430)
сент. 16, 2025 8:21:57 PM webapp.storage.AbstractStorage save
INFO: &amp#27;[32mSave c7a071c9-356e-42fe-b645-de676033603c(uuid4431)
сент. 16, 2025 8:21:57 PM webapp.storage.AbstractStorage save
INFO: &amp#27;[32mSave 6104b345-79ff-434f-8346-bace7c5f8beb(uuid4432)
сент. 16, 2025 8:21:57 PM webapp.storage.AbstractStorage save
INFO: &amp#27;[32mSave 058fdf44-440b-4eee-aa1b-b4aa9a0a8cc5(uuid4433)
сент. 16, 2025 8:21:57 PM webapp.storage.AbstractStorage save
INFO: &amp#27;[32mSave c964226c-5800-4279-af7d-9a5ed6074ed4(uuid4434)
сент. 16, 2025 8:21:57 PM webapp.storage.AbstractStorage save
INFO: &amp#27;[32mSave 8d288c92-c231-45c9-a663-ad458e5ab397(uuid4435)
сент. 16, 2025 8:21:57 PM webapp.storage.AbstractStorage save
INFO: &amp#27;[32mSave 36ce186f-7cc9-4765-9290-c25c11e1338a(uuid4436)
сент. 16, 2025 8:21:57 PM webapp.storage.AbstractStorage save
INFO: &amp#27;[32mSave 50fa6f7a-2e95-4c68-a777-08ac0dd5124d(uuid4437)
сент. 16, 2025 8:21:57 PM webapp.storage.AbstractStorage save
INFO: &amp#27;[32mSave 5694ad5f-8ea1-44ff-800f-470ae5ca1c39(uuid4438)
сент. 16, 2025 8:21:57 PM webapp.storage.AbstractStorage save
INFO: &amp#27;[32mSave 503e8492-decc-4745-9a37-8789230cd521(uuid4439)
сент. 16, 2025 8:21:57 PM webapp.storage.AbstractStorage save
INFO: &amp#27;[32mSave c2534e3f-09c3-4389-a7c5-372007b70434(uuid4440)
сент. 16, 2025 8:21:57 PM webapp.storage.AbstractStorage save
INFO: &amp#27;[32mSave 67bfb1e3-c7e1-403a-a14a-6c0b97e24b7b(uuid4441)
сент. 16, 2025 8:21:57 PM webapp.storage.AbstractStorage save
INFO: &amp#27;[32mSave 9eeadecc-23da-420e-b49d-37dc56c46aed(uuid4442)
сент. 16, 2025 8:21:57 PM webapp.storage.AbstractStorage save
INFO: &amp#27;[32mSave 27a09831-28b7-41d8-9cdd-6cdab5b2f185(uuid4443)
сент. 16, 2025 8:21:57 PM webapp.storage.AbstractStorage save
INFO: &amp#27;[32mSave 68e64cf8-49b9-4577-8936-6d827d0d0b38(uuid4444)
сент. 16, 2025 8:21:57 PM webapp.storage.AbstractStorage save
INFO: &amp#27;[32mSave e090ea5b-6fc8-40ba-b0fb-324dc419927a(uuid4445)
сент. 16, 2025 8:21:57 PM webapp.storage.AbstractStorage save
INFO: &amp#27;[32mSave 2deb27c0-678f-4062-91a7-566cd98c0d37(uuid4446)
сент. 16, 2025 8:21:57 PM webapp.storage.AbstractStorage save
INFO: &amp#27;[32mSave 532f977d-11d2-4516-87e6-b3be58d5ac0e(uuid4447)
сент. 16, 2025 8:21:57 PM webapp.storage.AbstractStorage save
INFO: &amp#27;[32mSave b9ff982e-0ede-4230-b43c-f6c008af56d9(uuid4448)
сент. 16, 2025 8:21:57 PM webapp.storage.AbstractStorage save
INFO: &amp#27;[32mSave a0b4452b-1620-4a86-8f0f-73baada85134(uuid4449)
сент. 16, 2025 8:21:57 PM webapp.storage.AbstractStorage save
INFO: &amp#27;[32mSave 510781d6-96aa-4453-b157-782105117603(uuid4450)
сент. 16, 2025 8:21:57 PM webapp.storage.AbstractStorage save
INFO: &amp#27;[32mSave 6d9a0809-014e-45b5-8da3-4598e78e5ea8(uuid4451)
сент. 16, 2025 8:21:57 PM webapp.storage.AbstractStorage save
INFO: &amp#27;[32mSave cb4c411f-dba5-4dda-a6b8-ad11dbdd279b(uuid4452)
сент. 16, 2025 8:21:57 PM webapp.storage.AbstractStorage save
INFO: &amp#27;[32mSave 58f45e17-d4ff-4d6a-b5bd-a612e7dd5826(uuid4453)
сент. 16, 2025 8:21:57 PM webapp.storage.AbstractStorage save
INFO: &amp#27;[32mSave 146f198d-40c3-4b54-b435-d7c58c3816cc(uuid4454)
сент. 16, 2025 8:21:57 PM webapp.storage.AbstractStorage save
INFO: &amp#27;[32mSave 411b1922-9040-415a-9c53-cf58db15f775(uuid4455)
сент. 16, 2025 8:21:57 PM webapp.storage.AbstractStorage save
INFO: &amp#27;[32mSave 8444b50f-3098-4a1a-9a51-4f2074f92732(uuid4456)
сент. 16, 2025 8:21:57 PM webapp.storage.AbstractStorage save
INFO: &amp#27;[32mSave 27e19643-4e41-4d50-8564-c7a9e1582c2f(uuid4457)
сент. 16, 2025 8:21:57 PM webapp.storage.AbstractStorage save
INFO: &amp#27;[32mSave 4171e795-f88c-4890-95f5-804b91c58d1d(uuid4458)
сент. 16, 2025 8:21:57 PM webapp.storage.AbstractStorage save
INFO: &amp#27;[32mSave 2c9e5c94-eb9e-4fe0-b7d6-4137a571e2f6(uuid4459)
сент. 16, 2025 8:21:57 PM webapp.storage.AbstractStorage save
INFO: &amp#27;[32mSave f3cdb884-4eba-4096-a582-b840519e2af8(uuid4460)
сент. 16, 2025 8:21:57 PM webapp.storage.AbstractStorage save
INFO: &amp#27;[32mSave ea757768-6969-469b-90e5-726a4070cf3f(uuid4461)
сент. 16, 2025 8:21:57 PM webapp.storage.AbstractStorage save
INFO: &amp#27;[32mSave 263cf86a-efcd-4589-bbdc-7994924d4e68(uuid4462)
сент. 16, 2025 8:21:57 PM webapp.storage.AbstractStorage save
INFO: &amp#27;[32mSave 74bf48f7-990d-4639-9d75-4073d938f3d6(uuid4463)
сент. 16, 2025 8:21:57 PM webapp.storage.AbstractStorage save
INFO: &amp#27;[32mSave f18c5875-b6c1-4bfb-83ef-dec8d1433344(uuid4464)
сент. 16, 2025 8:21:57 PM webapp.storage.AbstractStorage save
INFO: &amp#27;[32mSave 20a3cb52-9a79-4420-b9bf-8db0e860c033(uuid4465)
сент. 16, 2025 8:21:57 PM webapp.storage.AbstractStorage save
INFO: &amp#27;[32mSave 3b430ad7-c79c-4d18-8812-9d70d15edb03(uuid4466)
сент. 16, 2025 8:21:57 PM webapp.storage.AbstractStorage save
INFO: &amp#27;[32mSave afa67642-ca29-4aee-9691-18e6e6d15dfc(uuid4467)
сент. 16, 2025 8:21:57 PM webapp.storage.AbstractStorage save
INFO: &amp#27;[32mSave 6818cd21-24be-4032-a92c-49cf9288fcc4(uuid4468)
сент. 16, 2025 8:21:57 PM webapp.storage.AbstractStorage save
INFO: &amp#27;[32mSave 9ff4671b-226f-48e7-8a41-25860f36adf7(uuid4469)
сент. 16, 2025 8:21:57 PM webapp.storage.AbstractStorage save
INFO: &amp#27;[32mSave 893729c6-b00d-44db-995a-5c6395c0b605(uuid4470)
сент. 16, 2025 8:21:57 PM webapp.storage.AbstractStorage save
INFO: &amp#27;[32mSave 03e9a811-59c5-4e85-9c0c-ac56d0a9d21e(uuid4471)
сент. 16, 2025 8:21:57 PM webapp.storage.AbstractStorage save
INFO: &amp#27;[32mSave 0d56d170-959c-413d-bda0-6aa50ed8cd3b(uuid4472)
сент. 16, 2025 8:21:57 PM webapp.storage.AbstractStorage save
INFO: &amp#27;[32mSave a116f9cc-a61d-479a-a7af-b1c0c82771f2(uuid4473)
сент. 16, 2025 8:21:57 PM webapp.storage.AbstractStorage save
INFO: &amp#27;[32mSave e52d829e-facb-4017-907c-4f866e686510(uuid4474)
сент. 16, 2025 8:21:57 PM webapp.storage.AbstractStorage save
INFO: &amp#27;[32mSave 48987fc6-22b9-4eaf-bae7-55d348af90bc(uuid4475)
сент. 16, 2025 8:21:57 PM webapp.storage.AbstractStorage save
INFO: &amp#27;[32mSave 2475e36e-f29c-4d44-8e66-225172005f34(uuid4476)
сент. 16, 2025 8:21:57 PM webapp.storage.AbstractStorage save
INFO: &amp#27;[32mSave 9123efc0-4526-48c8-832a-95a77aa0535f(uuid4477)
сент. 16, 2025 8:21:57 PM webapp.storage.AbstractStorage save
INFO: &amp#27;[32mSave f6abc3e9-aa37-4829-9ec7-676d9ab49929(uuid4478)
сент. 16, 2025 8:21:57 PM webapp.storage.AbstractStorage save
INFO: &amp#27;[32mSave d7e9af5f-efd2-47c5-83da-fe701adc6e63(uuid4479)
сент. 16, 2025 8:21:57 PM webapp.storage.AbstractStorage save
INFO: &amp#27;[32mSave ecc66971-6732-4d67-a2fc-8751d2e8601a(uuid4480)
сент. 16, 2025 8:21:57 PM webapp.storage.AbstractStorage save
INFO: &amp#27;[32mSave a62146cc-1518-4070-808c-2d8a5a9a9a6f(uuid4481)
сент. 16, 2025 8:21:57 PM webapp.storage.AbstractStorage save
INFO: &amp#27;[32mSave e16794f2-663a-41be-b7b4-68d608289459(uuid4482)
сент. 16, 2025 8:21:57 PM webapp.storage.AbstractStorage save
INFO: &amp#27;[32mSave 2157b755-5ca8-4d66-bdff-4a2cdfde4975(uuid4483)
сент. 16, 2025 8:21:57 PM webapp.storage.AbstractStorage save
INFO: &amp#27;[32mSave e219d404-a888-4adf-bde6-9dcc4d172ce3(uuid4484)
сент. 16, 2025 8:21:57 PM webapp.storage.AbstractStorage save
INFO: &amp#27;[32mSave ca86cce2-539b-4419-90c7-e05bce202a23(uuid4485)
сент. 16, 2025 8:21:57 PM webapp.storage.AbstractStorage save
INFO: &amp#27;[32mSave 832ac273-732a-4ed3-bdaa-9ada8bfb063f(uuid4486)
сент. 16, 2025 8:21:57 PM webapp.storage.AbstractStorage save
INFO: &amp#27;[32mSave b4bdfce4-bdda-4162-b6c2-282f004369a9(uuid4487)
сент. 16, 2025 8:21:57 PM webapp.storage.AbstractStorage save
INFO: &amp#27;[32mSave c6851fe9-3812-45d7-8414-fc12a41affe5(uuid4488)
сент. 16, 2025 8:21:57 PM webapp.storage.AbstractStorage save
INFO: &amp#27;[32mSave d815541d-06b8-42ff-bf5a-0b53e4e49deb(uuid4489)
сент. 16, 2025 8:21:57 PM webapp.storage.AbstractStorage save
INFO: &amp#27;[32mSave 2c8f1377-5810-4d99-b3bc-16577c335827(uuid4490)
сент. 16, 2025 8:21:57 PM webapp.storage.AbstractStorage save
INFO: &amp#27;[32mSave 05dda132-5690-4a86-a1cf-d522f16ebc5a(uuid4491)
сент. 16, 2025 8:21:57 PM webapp.storage.AbstractStorage save
INFO: &amp#27;[32mSave be614006-a59e-4a0f-8451-c6839bc88eab(uuid4492)
сент. 16, 2025 8:21:57 PM webapp.storage.AbstractStorage save
INFO: &amp#27;[32mSave 38bc72e8-072a-4a1e-8cad-4ecf16b5649e(uuid4493)
сент. 16, 2025 8:21:57 PM webapp.storage.AbstractStorage save
INFO: &amp#27;[32mSave e0d4b592-e1e4-4885-a65d-87e11de72a2a(uuid4494)
сент. 16, 2025 8:21:57 PM webapp.storage.AbstractStorage save
INFO: &amp#27;[32mSave 5a916e95-953b-476c-ad30-b80c92545276(uuid4495)
сент. 16, 2025 8:21:57 PM webapp.storage.AbstractStorage save
INFO: &amp#27;[32mSave b2bacf2a-4f45-45de-bcc9-b3c2a3c6b68f(uuid4496)
сент. 16, 2025 8:21:57 PM webapp.storage.AbstractStorage save
INFO: &amp#27;[32mSave c1abb555-f003-4bee-bdf2-a4ec75a66012(uuid4497)
сент. 16, 2025 8:21:57 PM webapp.storage.AbstractStorage save
INFO: &amp#27;[32mSave 4c45e7bd-7821-44ed-b03a-0ff570d61516(uuid4498)
сент. 16, 2025 8:21:57 PM webapp.storage.AbstractStorage save
INFO: &amp#27;[32mSave a4662fb4-131e-498a-be92-a43e823db1ee(uuid4499)
сент. 16, 2025 8:21:57 PM webapp.storage.AbstractStorage save
INFO: &amp#27;[32mSave 8ac358ba-0627-44f4-84bf-4ea7cad13b0c(uuid4500)
сент. 16, 2025 8:21:57 PM webapp.storage.AbstractStorage save
INFO: &amp#27;[32mSave 956ab9d7-9b0f-45c0-920e-7e6f886ec559(uuid4501)
сент. 16, 2025 8:21:57 PM webapp.storage.AbstractStorage save
INFO: &amp#27;[32mSave f59b6a40-cab8-42ed-b7e0-331e2443626c(uuid4502)
сент. 16, 2025 8:21:57 PM webapp.storage.AbstractStorage save
INFO: &amp#27;[32mSave e84e85a0-10e2-45cb-8c27-9508777642ec(uuid4503)
сент. 16, 2025 8:21:57 PM webapp.storage.AbstractStorage save
INFO: &amp#27;[32mSave 023d04c9-31c6-4490-9976-c0ab5c7e790e(uuid4504)
сент. 16, 2025 8:21:57 PM webapp.storage.AbstractStorage save
INFO: &amp#27;[32mSave 22de5947-326c-4dec-85cc-8591f248a9ed(uuid4505)
сент. 16, 2025 8:21:57 PM webapp.storage.AbstractStorage save
INFO: &amp#27;[32mSave 4b4cd872-750c-4bff-83f9-8f1da024d2aa(uuid4506)
сент. 16, 2025 8:21:57 PM webapp.storage.AbstractStorage save
INFO: &amp#27;[32mSave 67532c78-38bb-4b45-be0b-d1dc28edaa09(uuid4507)
сент. 16, 2025 8:21:57 PM webapp.storage.AbstractStorage save
INFO: &amp#27;[32mSave c68aefc4-4a8b-4c78-a4c7-4a4a01dfc944(uuid4508)
сент. 16, 2025 8:21:57 PM webapp.storage.AbstractStorage save
INFO: &amp#27;[32mSave c007ec86-a076-428b-b129-a1c194851b31(uuid4509)
сент. 16, 2025 8:21:57 PM webapp.storage.AbstractStorage save
INFO: &amp#27;[32mSave 9503fb0f-056a-4d6c-8cf8-56be9d99420c(uuid4510)
сент. 16, 2025 8:21:57 PM webapp.storage.AbstractStorage save
INFO: &amp#27;[32mSave b4a52dc0-229f-4668-b04a-176479a30ca8(uuid4511)
сент. 16, 2025 8:21:57 PM webapp.storage.AbstractStorage save
INFO: &amp#27;[32mSave e3372ea3-572f-4b11-997c-76e17b3fbdb3(uuid4512)
сент. 16, 2025 8:21:57 PM webapp.storage.AbstractStorage save
INFO: &amp#27;[32mSave 99341a31-540a-4bf0-8bbf-0eee68f987ad(uuid4513)
сент. 16, 2025 8:21:57 PM webapp.storage.AbstractStorage save
INFO: &amp#27;[32mSave 99afd716-a4fd-4aac-ac00-a3164bad917a(uuid4514)
сент. 16, 2025 8:21:57 PM webapp.storage.AbstractStorage save
INFO: &amp#27;[32mSave 087d99b1-3b61-4750-bcc9-cfcca05e4801(uuid4515)
сент. 16, 2025 8:21:57 PM webapp.storage.AbstractStorage save
INFO: &amp#27;[32mSave e978e210-6c8f-4279-8cd8-e2cea1309afc(uuid4516)
сент. 16, 2025 8:21:57 PM webapp.storage.AbstractStorage save
INFO: &amp#27;[32mSave 5345b47d-78da-41e1-acb2-017c5bb042f9(uuid4517)
сент. 16, 2025 8:21:57 PM webapp.storage.AbstractStorage save
INFO: &amp#27;[32mSave 84aeab16-475f-4c9f-a693-94c9a148a2d5(uuid4518)
сент. 16, 2025 8:21:57 PM webapp.storage.AbstractStorage save
INFO: &amp#27;[32mSave c61fb4a6-f253-4085-8dd6-ab7612ebe298(uuid4519)
сент. 16, 2025 8:21:57 PM webapp.storage.AbstractStorage save
INFO: &amp#27;[32mSave 58d01a54-9992-46ba-bcb2-cdeccea50ccc(uuid4520)
сент. 16, 2025 8:21:57 PM webapp.storage.AbstractStorage save
INFO: &amp#27;[32mSave aca3355d-77ff-476c-a3fb-49dde07e9e17(uuid4521)
сент. 16, 2025 8:21:57 PM webapp.storage.AbstractStorage save
INFO: &amp#27;[32mSave b2e4dd70-a6a7-4932-b7e1-183dcd2c17ba(uuid4522)
сент. 16, 2025 8:21:57 PM webapp.storage.AbstractStorage save
INFO: &amp#27;[32mSave cb09f87d-83a0-4a83-8377-7d03c86f7ac1(uuid4523)
сент. 16, 2025 8:21:57 PM webapp.storage.AbstractStorage save
INFO: &amp#27;[32mSave 10295474-fcaf-4335-b8d5-b760f2bf3056(uuid4524)
сент. 16, 2025 8:21:57 PM webapp.storage.AbstractStorage save
INFO: &amp#27;[32mSave 46845376-49ef-4964-8632-5088cc8d4060(uuid4525)
сент. 16, 2025 8:21:57 PM webapp.storage.AbstractStorage save
INFO: &amp#27;[32mSave 423693a9-20a8-4c33-b79d-b600c9e532e8(uuid4526)
сент. 16, 2025 8:21:57 PM webapp.storage.AbstractStorage save
INFO: &amp#27;[32mSave b6dcf997-698e-4caa-a9c3-569e06bbd7ab(uuid4527)
сент. 16, 2025 8:21:57 PM webapp.storage.AbstractStorage save
INFO: &amp#27;[32mSave 543a0310-26b0-4fb2-b76d-af85f579a1f9(uuid4528)
сент. 16, 2025 8:21:57 PM webapp.storage.AbstractStorage save
INFO: &amp#27;[32mSave e8d86354-3242-45be-a29a-6a14e5a86d09(uuid4529)
сент. 16, 2025 8:21:57 PM webapp.storage.AbstractStorage save
INFO: &amp#27;[32mSave cb7d4fda-b0c8-4e01-89da-35860e38e102(uuid4530)
сент. 16, 2025 8:21:57 PM webapp.storage.AbstractStorage save
INFO: &amp#27;[32mSave ebe530f0-8a43-4faf-8d06-ca20a3f4b14d(uuid4531)
сент. 16, 2025 8:21:57 PM webapp.storage.AbstractStorage save
INFO: &amp#27;[32mSave 8398770b-21ed-4fbd-9b1d-674b6387f6d0(uuid4532)
сент. 16, 2025 8:21:57 PM webapp.storage.AbstractStorage save
INFO: &amp#27;[32mSave e5a51094-e529-4332-9695-5a0a7ade191a(uuid4533)
сент. 16, 2025 8:21:57 PM webapp.storage.AbstractStorage save
INFO: &amp#27;[32mSave e7cfe25f-40ff-4e38-a295-b4f43c203624(uuid4534)
сент. 16, 2025 8:21:57 PM webapp.storage.AbstractStorage save
INFO: &amp#27;[32mSave 39f8a7ad-e499-4f22-a357-df2c6a261254(uuid4535)
сент. 16, 2025 8:21:57 PM webapp.storage.AbstractStorage save
INFO: &amp#27;[32mSave 15931b92-af87-49bb-8a21-888b5a517172(uuid4536)
сент. 16, 2025 8:21:57 PM webapp.storage.AbstractStorage save
INFO: &amp#27;[32mSave a9d0e94e-dd65-4336-b91d-d2f9eb3d9eef(uuid4537)
сент. 16, 2025 8:21:57 PM webapp.storage.AbstractStorage save
INFO: &amp#27;[32mSave 20c5f44a-d96e-4c3e-a548-7dc5e03e2d9f(uuid4538)
сент. 16, 2025 8:21:57 PM webapp.storage.AbstractStorage save
INFO: &amp#27;[32mSave 3ffb0440-df4f-42cf-8168-27e320ef100c(uuid4539)
сент. 16, 2025 8:21:57 PM webapp.storage.AbstractStorage save
INFO: &amp#27;[32mSave 06f243ff-268a-4e26-a322-78e1dd4dd7c1(uuid4540)
сент. 16, 2025 8:21:57 PM webapp.storage.AbstractStorage save
INFO: &amp#27;[32mSave 9446e5e7-bbf6-435f-9216-35dc72ad404c(uuid4541)
сент. 16, 2025 8:21:57 PM webapp.storage.AbstractStorage save
INFO: &amp#27;[32mSave 1f137fce-3f9e-41eb-873f-14a99bda2b34(uuid4542)
сент. 16, 2025 8:21:57 PM webapp.storage.AbstractStorage save
INFO: &amp#27;[32mSave 5e5245ed-1f32-4141-beb8-01c13961d318(uuid4543)
сент. 16, 2025 8:21:57 PM webapp.storage.AbstractStorage save
INFO: &amp#27;[32mSave 24d00eca-0e54-4df0-af80-6a5e3f9d8dc6(uuid4544)
сент. 16, 2025 8:21:57 PM webapp.storage.AbstractStorage save
INFO: &amp#27;[32mSave ff6bdd83-25a5-41e4-8d34-57aa2205f5a1(uuid4545)
сент. 16, 2025 8:21:57 PM webapp.storage.AbstractStorage save
INFO: &amp#27;[32mSave 89fe5fdd-279a-4292-9192-cc2bb7d3f97e(uuid4546)
сент. 16, 2025 8:21:57 PM webapp.storage.AbstractStorage save
INFO: &amp#27;[32mSave 1daca304-3134-4807-a4e3-3ccd4db74c8a(uuid4547)
сент. 16, 2025 8:21:57 PM webapp.storage.AbstractStorage save
INFO: &amp#27;[32mSave d8fd5358-094d-4464-8972-2eda80ab9016(uuid4548)
сент. 16, 2025 8:21:57 PM webapp.storage.AbstractStorage save
INFO: &amp#27;[32mSave a74f821b-34d6-4b75-bde2-7be555852491(uuid4549)
сент. 16, 2025 8:21:57 PM webapp.storage.AbstractStorage save
INFO: &amp#27;[32mSave 4d96c5a1-2dc0-41ca-9662-3d173a43332e(uuid4550)
сент. 16, 2025 8:21:57 PM webapp.storage.AbstractStorage save
INFO: &amp#27;[32mSave 622515c5-ed0d-4cb5-9e74-4bca10b8f18e(uuid4551)
сент. 16, 2025 8:21:57 PM webapp.storage.AbstractStorage save
INFO: &amp#27;[32mSave a23fead3-e5bd-439c-9c90-69167fcb0a3c(uuid4552)
сент. 16, 2025 8:21:57 PM webapp.storage.AbstractStorage save
INFO: &amp#27;[32mSave aec4c14a-fae8-43a2-91c6-b1328e86b7b6(uuid4553)
сент. 16, 2025 8:21:57 PM webapp.storage.AbstractStorage save
INFO: &amp#27;[32mSave d5d19c0d-7c5d-4cc9-b54f-7f5fdc681b88(uuid4554)
сент. 16, 2025 8:21:57 PM webapp.storage.AbstractStorage save
INFO: &amp#27;[32mSave 270ee362-f197-4156-8919-ca4f5245c4ea(uuid4555)
сент. 16, 2025 8:21:57 PM webapp.storage.AbstractStorage save
INFO: &amp#27;[32mSave f144e301-3847-4a79-8020-7743eacc077d(uuid4556)
сент. 16, 2025 8:21:57 PM webapp.storage.AbstractStorage save
INFO: &amp#27;[32mSave 4e333923-d821-41a8-b63e-5a31605aafd7(uuid4557)
сент. 16, 2025 8:21:57 PM webapp.storage.AbstractStorage save
INFO: &amp#27;[32mSave fc7c20a8-5d10-4989-9321-27f1d0b18da7(uuid4558)
сент. 16, 2025 8:21:57 PM webapp.storage.AbstractStorage save
INFO: &amp#27;[32mSave 63be6f55-3ec7-4a07-9b45-476d5088b44d(uuid4559)
сент. 16, 2025 8:21:57 PM webapp.storage.AbstractStorage save
INFO: &amp#27;[32mSave 11c6ee52-b8c4-4895-9714-57196a3086e9(uuid4560)
сент. 16, 2025 8:21:57 PM webapp.storage.AbstractStorage save
INFO: &amp#27;[32mSave 9b69bbbb-dd89-4c0a-93c4-574966ca1778(uuid4561)
сент. 16, 2025 8:21:57 PM webapp.storage.AbstractStorage save
INFO: &amp#27;[32mSave e5ebb816-e99a-4f8f-a9c9-83b4274f997b(uuid4562)
сент. 16, 2025 8:21:57 PM webapp.storage.AbstractStorage save
INFO: &amp#27;[32mSave a5840578-1929-4dc4-a38a-5c37f9368fb9(uuid4563)
сент. 16, 2025 8:21:57 PM webapp.storage.AbstractStorage save
INFO: &amp#27;[32mSave 9c7aa45a-aba8-48a1-b728-03ff032d07ab(uuid4564)
сент. 16, 2025 8:21:57 PM webapp.storage.AbstractStorage save
INFO: &amp#27;[32mSave ac6706b4-5acc-4d2e-b549-238eec052b34(uuid4565)
сент. 16, 2025 8:21:57 PM webapp.storage.AbstractStorage save
INFO: &amp#27;[32mSave 305fbc9e-953d-44d4-b342-32c888a2cfc7(uuid4566)
сент. 16, 2025 8:21:57 PM webapp.storage.AbstractStorage save
INFO: &amp#27;[32mSave 3683a68a-dd38-4664-9e47-091719765f50(uuid4567)
сент. 16, 2025 8:21:57 PM webapp.storage.AbstractStorage save
INFO: &amp#27;[32mSave f3bf09d3-7b09-44b3-affa-e1bb028c759f(uuid4568)
сент. 16, 2025 8:21:57 PM webapp.storage.AbstractStorage save
INFO: &amp#27;[32mSave 19655f88-9ec8-434b-bf2e-ac1c2d7ee096(uuid4569)
сент. 16, 2025 8:21:57 PM webapp.storage.AbstractStorage save
INFO: &amp#27;[32mSave f13457d1-8222-4542-9279-8991d870aaf1(uuid4570)
сент. 16, 2025 8:21:57 PM webapp.storage.AbstractStorage save
INFO: &amp#27;[32mSave 05a3f6f2-1516-4f9c-be1a-685933cda5d2(uuid4571)
сент. 16, 2025 8:21:57 PM webapp.storage.AbstractStorage save
INFO: &amp#27;[32mSave 231211dd-6a26-4eec-aebc-e801a00aea00(uuid4572)
сент. 16, 2025 8:21:57 PM webapp.storage.AbstractStorage save
INFO: &amp#27;[32mSave 341cfe62-19b9-443a-9fcb-27d5f779768c(uuid4573)
сент. 16, 2025 8:21:57 PM webapp.storage.AbstractStorage save
INFO: &amp#27;[32mSave 6bd32932-eb1b-4f69-b24a-065eb05daf66(uuid4574)
сент. 16, 2025 8:21:57 PM webapp.storage.AbstractStorage save
INFO: &amp#27;[32mSave 293fe53c-0b1f-4e4d-8620-349be8fcae7c(uuid4575)
сент. 16, 2025 8:21:57 PM webapp.storage.AbstractStorage save
INFO: &amp#27;[32mSave 5275935c-e475-4d46-9803-8aa279e6d419(uuid4576)
сент. 16, 2025 8:21:57 PM webapp.storage.AbstractStorage save
INFO: &amp#27;[32mSave 4d49137d-f61a-49ec-a822-2b58ae0b9cae(uuid4577)
сент. 16, 2025 8:21:57 PM webapp.storage.AbstractStorage save
INFO: &amp#27;[32mSave 35976d26-b104-4867-94ac-a9943e2f3241(uuid4578)
сент. 16, 2025 8:21:57 PM webapp.storage.AbstractStorage save
INFO: &amp#27;[32mSave fbaa3afc-c2b5-45f8-9558-86f2be4a68a8(uuid4579)
сент. 16, 2025 8:21:57 PM webapp.storage.AbstractStorage save
INFO: &amp#27;[32mSave a7a13516-ac9f-46ae-9bbc-0a7863ee3030(uuid4580)
сент. 16, 2025 8:21:57 PM webapp.storage.AbstractStorage save
INFO: &amp#27;[32mSave 6f0bbd1e-a108-4985-8f79-25fc243228ad(uuid4581)
сент. 16, 2025 8:21:57 PM webapp.storage.AbstractStorage save
INFO: &amp#27;[32mSave 605fe116-10c2-4635-b5bc-50b56ec1cd9f(uuid4582)
сент. 16, 2025 8:21:57 PM webapp.storage.AbstractStorage save
INFO: &amp#27;[32mSave 3feef678-4bee-46fe-9ac4-6d7481fb3e73(uuid4583)
сент. 16, 2025 8:21:57 PM webapp.storage.AbstractStorage save
INFO: &amp#27;[32mSave 9bd57a26-cded-44ac-ba6c-70058bd94239(uuid4584)
сент. 16, 2025 8:21:57 PM webapp.storage.AbstractStorage save
INFO: &amp#27;[32mSave 005d889b-82d4-42d5-8b73-666d9d36165d(uuid4585)
сент. 16, 2025 8:21:57 PM webapp.storage.AbstractStorage save
INFO: &amp#27;[32mSave 372d8007-f1d1-4a78-ba3e-7b5704c1423c(uuid4586)
сент. 16, 2025 8:21:57 PM webapp.storage.AbstractStorage save
INFO: &amp#27;[32mSave 04154a2d-9198-4e42-99af-f7a277257c87(uuid4587)
сент. 16, 2025 8:21:57 PM webapp.storage.AbstractStorage save
INFO: &amp#27;[32mSave 18375f2c-4875-44b6-b7aa-59f00cc144ad(uuid4588)
сент. 16, 2025 8:21:57 PM webapp.storage.AbstractStorage save
INFO: &amp#27;[32mSave d74af514-9d0d-490e-9ef5-bc9938edfb7e(uuid4589)
сент. 16, 2025 8:21:57 PM webapp.storage.AbstractStorage save
INFO: &amp#27;[32mSave 666b488b-dc6a-47ea-b1b5-886442938d53(uuid4590)
сент. 16, 2025 8:21:57 PM webapp.storage.AbstractStorage save
INFO: &amp#27;[32mSave c57b150b-7a94-4d78-ad53-fe21c398519d(uuid4591)
сент. 16, 2025 8:21:57 PM webapp.storage.AbstractStorage save
INFO: &amp#27;[32mSave 7bef92fc-2a2f-46db-8ea7-4f1dadb1893c(uuid4592)
сент. 16, 2025 8:21:57 PM webapp.storage.AbstractStorage save
INFO: &amp#27;[32mSave 2d464835-a7d8-4c85-9f75-936e7bcf53ab(uuid4593)
сент. 16, 2025 8:21:57 PM webapp.storage.AbstractStorage save
INFO: &amp#27;[32mSave 154e84c0-39b8-4315-ba32-362ade29e890(uuid4594)
сент. 16, 2025 8:21:57 PM webapp.storage.AbstractStorage save
INFO: &amp#27;[32mSave cf2aaf2d-582a-4e47-9a78-d50a2f218ae3(uuid4595)
сент. 16, 2025 8:21:57 PM webapp.storage.AbstractStorage save
INFO: &amp#27;[32mSave 3e4705b3-590a-4e7e-9216-cc97f1de8178(uuid4596)
сент. 16, 2025 8:21:57 PM webapp.storage.AbstractStorage save
INFO: &amp#27;[32mSave 04b9c5de-2984-4dde-a99d-7280284ed0e5(uuid4597)
сент. 16, 2025 8:21:57 PM webapp.storage.AbstractStorage save
INFO: &amp#27;[32mSave e8f82109-f8b3-4c9f-be82-4e70ae14a36c(uuid4598)
сент. 16, 2025 8:21:57 PM webapp.storage.AbstractStorage save
INFO: &amp#27;[32mSave 24655b6c-0f4e-4f86-b1b4-f17961f7c1c1(uuid4599)
сент. 16, 2025 8:21:57 PM webapp.storage.AbstractStorage save
INFO: &amp#27;[32mSave 76cf4df2-a621-4e96-a289-e47b56708ca9(uuid4600)
сент. 16, 2025 8:21:57 PM webapp.storage.AbstractStorage save
INFO: &amp#27;[32mSave 7cc079aa-7b22-46c9-9ff8-580273a5e3fc(uuid4601)
сент. 16, 2025 8:21:57 PM webapp.storage.AbstractStorage save
INFO: &amp#27;[32mSave f8b8cc0c-2dc8-4982-8757-f977673824d4(uuid4602)
сент. 16, 2025 8:21:57 PM webapp.storage.AbstractStorage save
INFO: &amp#27;[32mSave ab93152c-9009-46a1-b8e2-1fa7a40aecf6(uuid4603)
сент. 16, 2025 8:21:57 PM webapp.storage.AbstractStorage save
INFO: &amp#27;[32mSave fa99d0cd-04b5-4928-9cd7-f99d40701c28(uuid4604)
сент. 16, 2025 8:21:57 PM webapp.storage.AbstractStorage save
INFO: &amp#27;[32mSave 32567ef6-6260-4ddd-bcc7-01b47094b539(uuid4605)
сент. 16, 2025 8:21:57 PM webapp.storage.AbstractStorage save
INFO: &amp#27;[32mSave 0c6287ba-51b1-4f27-a069-dff76a2bd997(uuid4606)
сент. 16, 2025 8:21:57 PM webapp.storage.AbstractStorage save
INFO: &amp#27;[32mSave 69e7c7f4-22a8-42f1-9694-23f95c573a2b(uuid4607)
сент. 16, 2025 8:21:57 PM webapp.storage.AbstractStorage save
INFO: &amp#27;[32mSave 0434bd0a-dc99-4574-8a00-6b05b781039a(uuid4608)
сент. 16, 2025 8:21:57 PM webapp.storage.AbstractStorage save
INFO: &amp#27;[32mSave f1c59156-e6a0-48d0-b0df-57354de82313(uuid4609)
сент. 16, 2025 8:21:57 PM webapp.storage.AbstractStorage save
INFO: &amp#27;[32mSave 3bedad8b-8c39-45d2-9d41-1ac5c360569e(uuid4610)
сент. 16, 2025 8:21:57 PM webapp.storage.AbstractStorage save
INFO: &amp#27;[32mSave 0b1de44c-af5e-4649-acea-bc45195cda35(uuid4611)
сент. 16, 2025 8:21:57 PM webapp.storage.AbstractStorage save
INFO: &amp#27;[32mSave 259f314a-246a-4b2c-a477-7ac904ee553e(uuid4612)
сент. 16, 2025 8:21:57 PM webapp.storage.AbstractStorage save
INFO: &amp#27;[32mSave 27ee2532-fafa-4202-ab6c-39ed780c6df1(uuid4613)
сент. 16, 2025 8:21:57 PM webapp.storage.AbstractStorage save
INFO: &amp#27;[32mSave f87a47ad-2918-4277-93a8-40ca77a2128a(uuid4614)
сент. 16, 2025 8:21:57 PM webapp.storage.AbstractStorage save
INFO: &amp#27;[32mSave 05805546-0efa-45f4-bea5-83a210517eaf(uuid4615)
сент. 16, 2025 8:21:57 PM webapp.storage.AbstractStorage save
INFO: &amp#27;[32mSave 2873f7a3-5da4-4511-8bd2-61b192c3eb0e(uuid4616)
сент. 16, 2025 8:21:57 PM webapp.storage.AbstractStorage save
INFO: &amp#27;[32mSave 438aca4a-6a69-45c0-ba57-1fe7d985fed9(uuid4617)
сент. 16, 2025 8:21:57 PM webapp.storage.AbstractStorage save
INFO: &amp#27;[32mSave 35252dec-e172-4aa9-bcf7-1cdab64b6cd5(uuid4618)
сент. 16, 2025 8:21:57 PM webapp.storage.AbstractStorage save
INFO: &amp#27;[32mSave 6401db82-907a-4ab0-b1f0-d455c3a310aa(uuid4619)
сент. 16, 2025 8:21:57 PM webapp.storage.AbstractStorage save
INFO: &amp#27;[32mSave 51323c8e-20e4-41c0-b94d-a8865fbad862(uuid4620)
сент. 16, 2025 8:21:57 PM webapp.storage.AbstractStorage save
INFO: &amp#27;[32mSave be8866dc-07dd-4222-90ef-dc0e57bc3dc8(uuid4621)
сент. 16, 2025 8:21:57 PM webapp.storage.AbstractStorage save
INFO: &amp#27;[32mSave 14e52b43-2cfd-4393-a980-d3c814f84f80(uuid4622)
сент. 16, 2025 8:21:57 PM webapp.storage.AbstractStorage save
INFO: &amp#27;[32mSave 7bef2780-1186-45cf-adf1-fdaaac7b3ae7(uuid4623)
сент. 16, 2025 8:21:57 PM webapp.storage.AbstractStorage save
INFO: &amp#27;[32mSave ebb31f06-228a-4152-ae1e-5febd2494050(uuid4624)
сент. 16, 2025 8:21:57 PM webapp.storage.AbstractStorage save
INFO: &amp#27;[32mSave 3c5e2b62-dc4d-49fb-b880-cc321b60a861(uuid4625)
сент. 16, 2025 8:21:57 PM webapp.storage.AbstractStorage save
INFO: &amp#27;[32mSave 117736ca-abcf-451e-90b7-45ad40482000(uuid4626)
сент. 16, 2025 8:21:57 PM webapp.storage.AbstractStorage save
INFO: &amp#27;[32mSave db65e32f-941d-4db2-acce-5df5eb54fb97(uuid4627)
сент. 16, 2025 8:21:57 PM webapp.storage.AbstractStorage save
INFO: &amp#27;[32mSave 19cbdb98-5f3f-413d-a7d9-8332ef95f95b(uuid4628)
сент. 16, 2025 8:21:57 PM webapp.storage.AbstractStorage save
INFO: &amp#27;[32mSave e5ff3475-320f-459a-98bf-328f15ffbc6c(uuid4629)
сент. 16, 2025 8:21:57 PM webapp.storage.AbstractStorage save
INFO: &amp#27;[32mSave 12b74a6c-7310-4d4f-b7d3-ce374c3cf17b(uuid4630)
сент. 16, 2025 8:21:57 PM webapp.storage.AbstractStorage save
INFO: &amp#27;[32mSave eba6a9d7-b4eb-45eb-976a-2f9389175060(uuid4631)
сент. 16, 2025 8:21:57 PM webapp.storage.AbstractStorage save
INFO: &amp#27;[32mSave df4fdc83-b9e8-484e-a666-dd968c4939a5(uuid4632)
сент. 16, 2025 8:21:57 PM webapp.storage.AbstractStorage save
INFO: &amp#27;[32mSave ec047951-3239-43e1-87d9-6c0c20362722(uuid4633)
сент. 16, 2025 8:21:57 PM webapp.storage.AbstractStorage save
INFO: &amp#27;[32mSave 3a780edc-e884-4481-96ff-ff5a0fb453ed(uuid4634)
сент. 16, 2025 8:21:57 PM webapp.storage.AbstractStorage save
INFO: &amp#27;[32mSave 8b8fb4ff-70b9-43a2-88f3-bc19aca59935(uuid4635)
сент. 16, 2025 8:21:57 PM webapp.storage.AbstractStorage save
INFO: &amp#27;[32mSave ebe39239-bf80-4fde-a233-2e148e69efaf(uuid4636)
сент. 16, 2025 8:21:57 PM webapp.storage.AbstractStorage save
INFO: &amp#27;[32mSave 3be2b73e-8d5e-47b1-97ff-e39ebb8380cd(uuid4637)
сент. 16, 2025 8:21:57 PM webapp.storage.AbstractStorage save
INFO: &amp#27;[32mSave 0cb3ff5e-5273-4dc8-9bf0-bc87af40c5c0(uuid4638)
сент. 16, 2025 8:21:57 PM webapp.storage.AbstractStorage save
INFO: &amp#27;[32mSave f49ccb97-703a-4f82-96c8-6468a02c2adc(uuid4639)
сент. 16, 2025 8:21:57 PM webapp.storage.AbstractStorage save
INFO: &amp#27;[32mSave 7d3c8670-ba16-4360-8040-0d97e1b3df8f(uuid4640)
сент. 16, 2025 8:21:57 PM webapp.storage.AbstractStorage save
INFO: &amp#27;[32mSave 25cdc31d-9b5c-48d4-b018-f5c2e16c8ddd(uuid4641)
сент. 16, 2025 8:21:57 PM webapp.storage.AbstractStorage save
INFO: &amp#27;[32mSave 7712f12d-0828-4d3d-b950-ec387ce7180a(uuid4642)
сент. 16, 2025 8:21:57 PM webapp.storage.AbstractStorage save
INFO: &amp#27;[32mSave 97d7d3ad-6128-442c-8fc7-25dc20d58b4a(uuid4643)
сент. 16, 2025 8:21:57 PM webapp.storage.AbstractStorage save
INFO: &amp#27;[32mSave ae9b24e8-9d0d-4c78-9859-29ca4152aa26(uuid4644)
сент. 16, 2025 8:21:57 PM webapp.storage.AbstractStorage save
INFO: &amp#27;[32mSave 5c1b51e9-6191-46ce-a5cd-6a9eb5bf7825(uuid4645)
сент. 16, 2025 8:21:57 PM webapp.storage.AbstractStorage save
INFO: &amp#27;[32mSave 8e4c31f3-1f0f-484c-b8bb-46d779306b0e(uuid4646)
сент. 16, 2025 8:21:57 PM webapp.storage.AbstractStorage save
INFO: &amp#27;[32mSave d0efc638-3185-4bba-bc45-a4c03af95742(uuid4647)
сент. 16, 2025 8:21:57 PM webapp.storage.AbstractStorage save
INFO: &amp#27;[32mSave 3cfcd879-e8e1-475f-b28c-b024f127204f(uuid4648)
сент. 16, 2025 8:21:57 PM webapp.storage.AbstractStorage save
INFO: &amp#27;[32mSave cdb4ee94-b3e9-4b08-9ae5-b5721aee0d83(uuid4649)
сент. 16, 2025 8:21:57 PM webapp.storage.AbstractStorage save
INFO: &amp#27;[32mSave 55f3db7a-944d-4bb0-a6bb-f925c49d81c9(uuid4650)
сент. 16, 2025 8:21:57 PM webapp.storage.AbstractStorage save
INFO: &amp#27;[32mSave 337d3222-bb45-4f93-9af7-1b047792930a(uuid4651)
сент. 16, 2025 8:21:57 PM webapp.storage.AbstractStorage save
INFO: &amp#27;[32mSave 2bb854a7-af43-4f97-91cd-2b0e4a324a6e(uuid4652)
сент. 16, 2025 8:21:57 PM webapp.storage.AbstractStorage save
INFO: &amp#27;[32mSave 389014d0-bc1b-4cf6-b34c-88294030c4ed(uuid4653)
сент. 16, 2025 8:21:57 PM webapp.storage.AbstractStorage save
INFO: &amp#27;[32mSave c6f3ff88-0050-4079-9548-93c53f06add7(uuid4654)
сент. 16, 2025 8:21:57 PM webapp.storage.AbstractStorage save
INFO: &amp#27;[32mSave 8fd28eae-cca1-4c5e-93fa-4d9a8520114c(uuid4655)
сент. 16, 2025 8:21:57 PM webapp.storage.AbstractStorage save
INFO: &amp#27;[32mSave cd1b1f09-f84e-47bd-be4b-dd340a5df7e4(uuid4656)
сент. 16, 2025 8:21:57 PM webapp.storage.AbstractStorage save
INFO: &amp#27;[32mSave a7d164bb-b76d-421e-a976-e0b961b354ad(uuid4657)
сент. 16, 2025 8:21:57 PM webapp.storage.AbstractStorage save
INFO: &amp#27;[32mSave 4c1a4aba-b5fb-4067-9669-bf5d3147f223(uuid4658)
сент. 16, 2025 8:21:57 PM webapp.storage.AbstractStorage save
INFO: &amp#27;[32mSave 344e69f3-be6c-4e81-967d-db25226d26dc(uuid4659)
сент. 16, 2025 8:21:57 PM webapp.storage.AbstractStorage save
INFO: &amp#27;[32mSave 512d7b07-fde8-4172-bf23-9b78dd0986a7(uuid4660)
сент. 16, 2025 8:21:57 PM webapp.storage.AbstractStorage save
INFO: &amp#27;[32mSave 84a5f4b3-5559-4af0-a68e-dd83f6a51ac8(uuid4661)
сент. 16, 2025 8:21:57 PM webapp.storage.AbstractStorage save
INFO: &amp#27;[32mSave 25de67b6-02cd-4775-9bc7-df3669a95fb7(uuid4662)
сент. 16, 2025 8:21:57 PM webapp.storage.AbstractStorage save
INFO: &amp#27;[32mSave a20f0964-96b3-4255-9063-822947b74f60(uuid4663)
сент. 16, 2025 8:21:57 PM webapp.storage.AbstractStorage save
INFO: &amp#27;[32mSave a3b9a0c7-bb05-4472-8a96-ede0687f4ff8(uuid4664)
сент. 16, 2025 8:21:57 PM webapp.storage.AbstractStorage save
INFO: &amp#27;[32mSave 557820e9-95a0-4a0b-8e7c-fb7b55b40647(uuid4665)
сент. 16, 2025 8:21:57 PM webapp.storage.AbstractStorage save
INFO: &amp#27;[32mSave 8fa95723-e806-483d-9a9b-d146c7bd3b1a(uuid4666)
сент. 16, 2025 8:21:57 PM webapp.storage.AbstractStorage save
INFO: &amp#27;[32mSave 0ea8e875-ca7c-4e7a-a14e-ee4a6e34d16c(uuid4667)
сент. 16, 2025 8:21:57 PM webapp.storage.AbstractStorage save
INFO: &amp#27;[32mSave 3f8bac34-5d21-4d53-a9eb-70583cf4e550(uuid4668)
сент. 16, 2025 8:21:57 PM webapp.storage.AbstractStorage save
INFO: &amp#27;[32mSave 06efb76b-8ab0-446c-ba54-3030946cdfab(uuid4669)
сент. 16, 2025 8:21:57 PM webapp.storage.AbstractStorage save
INFO: &amp#27;[32mSave 0fe396bb-1a32-471a-a835-0f96c51a6a27(uuid4670)
сент. 16, 2025 8:21:57 PM webapp.storage.AbstractStorage save
INFO: &amp#27;[32mSave e73306c6-c840-4844-9a00-3ab12ef31f81(uuid4671)
сент. 16, 2025 8:21:57 PM webapp.storage.AbstractStorage save
INFO: &amp#27;[32mSave 4cf03659-776e-4565-a9a6-e133e0bbdce6(uuid4672)
сент. 16, 2025 8:21:57 PM webapp.storage.AbstractStorage save
INFO: &amp#27;[32mSave c1065fc8-a39c-4721-8ae8-e932188b0247(uuid4673)
сент. 16, 2025 8:21:57 PM webapp.storage.AbstractStorage save
INFO: &amp#27;[32mSave 70432e5f-9508-4062-be62-fe7f9028df1e(uuid4674)
сент. 16, 2025 8:21:57 PM webapp.storage.AbstractStorage save
INFO: &amp#27;[32mSave 001810c5-9480-49ef-a433-73f04fed5bad(uuid4675)
сент. 16, 2025 8:21:57 PM webapp.storage.AbstractStorage save
INFO: &amp#27;[32mSave b2a565d4-ef7b-4c70-9c6e-da7c8770a66e(uuid4676)
сент. 16, 2025 8:21:57 PM webapp.storage.AbstractStorage save
INFO: &amp#27;[32mSave 6ee384a5-d017-4a34-8ade-5344ca4648a9(uuid4677)
сент. 16, 2025 8:21:57 PM webapp.storage.AbstractStorage save
INFO: &amp#27;[32mSave 880c15b4-bcb4-4f02-8110-bb64ecfe76b6(uuid4678)
сент. 16, 2025 8:21:57 PM webapp.storage.AbstractStorage save
INFO: &amp#27;[32mSave 3c2c8a63-36c3-471c-b79f-9070f60a0240(uuid4679)
сент. 16, 2025 8:21:57 PM webapp.storage.AbstractStorage save
INFO: &amp#27;[32mSave f6013c8b-294a-45fb-9ad9-f80df4bfbc61(uuid4680)
сент. 16, 2025 8:21:57 PM webapp.storage.AbstractStorage save
INFO: &amp#27;[32mSave 77a825ad-5645-4737-8e4a-03c3561bf63f(uuid4681)
сент. 16, 2025 8:21:57 PM webapp.storage.AbstractStorage save
INFO: &amp#27;[32mSave 1271159b-a574-4f1b-8b58-50e4ecf3f3bb(uuid4682)
сент. 16, 2025 8:21:57 PM webapp.storage.AbstractStorage save
INFO: &amp#27;[32mSave 36388ed1-187a-435e-ab92-27101269a8df(uuid4683)
сент. 16, 2025 8:21:57 PM webapp.storage.AbstractStorage save
INFO: &amp#27;[32mSave 746a2879-b96a-4373-955d-d39232665aea(uuid4684)
сент. 16, 2025 8:21:57 PM webapp.storage.AbstractStorage save
INFO: &amp#27;[32mSave 2f9e0dc2-3818-459b-b0b2-b775aa7882f6(uuid4685)
сент. 16, 2025 8:21:57 PM webapp.storage.AbstractStorage save
INFO: &amp#27;[32mSave a3f197b0-5131-478b-a354-83fa3fb40cd0(uuid4686)
сент. 16, 2025 8:21:57 PM webapp.storage.AbstractStorage save
INFO: &amp#27;[32mSave 6cfa1acb-8126-4c37-b47f-260e13adecff(uuid4687)
сент. 16, 2025 8:21:57 PM webapp.storage.AbstractStorage save
INFO: &amp#27;[32mSave 8ebb6dcb-fa64-4871-a3d0-885d17c80a36(uuid4688)
сент. 16, 2025 8:21:57 PM webapp.storage.AbstractStorage save
INFO: &amp#27;[32mSave 7c100e10-7f26-45a5-8f2c-edb39f3539d8(uuid4689)
сент. 16, 2025 8:21:57 PM webapp.storage.AbstractStorage save
INFO: &amp#27;[32mSave f1e2d965-f5de-4ce6-bdc5-05fe2997b1d3(uuid4690)
сент. 16, 2025 8:21:57 PM webapp.storage.AbstractStorage save
INFO: &amp#27;[32mSave 2123d103-7cdb-4344-8196-ef0e3d5daa44(uuid4691)
сент. 16, 2025 8:21:57 PM webapp.storage.AbstractStorage save
INFO: &amp#27;[32mSave d4683302-fba5-4cb0-9ed5-b556ae5bc59d(uuid4692)
сент. 16, 2025 8:21:57 PM webapp.storage.AbstractStorage save
INFO: &amp#27;[32mSave 3cb48739-55c5-4733-9eb9-a44411e0d68a(uuid4693)
сент. 16, 2025 8:21:57 PM webapp.storage.AbstractStorage save
INFO: &amp#27;[32mSave e55ee171-0c3d-41e4-8f96-342799e96763(uuid4694)
сент. 16, 2025 8:21:57 PM webapp.storage.AbstractStorage save
INFO: &amp#27;[32mSave b0a80e92-b2c5-4231-b30e-92fd48502be9(uuid4695)
сент. 16, 2025 8:21:57 PM webapp.storage.AbstractStorage save
INFO: &amp#27;[32mSave 372fa98d-c846-45db-a501-1663ea6f9397(uuid4696)
сент. 16, 2025 8:21:57 PM webapp.storage.AbstractStorage save
INFO: &amp#27;[32mSave f4916201-180e-4f45-9e79-bf615a17d1b9(uuid4697)
сент. 16, 2025 8:21:57 PM webapp.storage.AbstractStorage save
INFO: &amp#27;[32mSave 474297a6-d694-4822-a283-0d8bfd3c5cd4(uuid4698)
сент. 16, 2025 8:21:57 PM webapp.storage.AbstractStorage save
INFO: &amp#27;[32mSave 914adcff-db2f-4212-9a38-bfda096f628c(uuid4699)
сент. 16, 2025 8:21:57 PM webapp.storage.AbstractStorage save
INFO: &amp#27;[32mSave 725c96f7-67b3-4970-8ce3-7b9242df6b7c(uuid4700)
сент. 16, 2025 8:21:57 PM webapp.storage.AbstractStorage save
INFO: &amp#27;[32mSave 90bac754-11c4-4c4b-9936-d80478632c61(uuid4701)
сент. 16, 2025 8:21:57 PM webapp.storage.AbstractStorage save
INFO: &amp#27;[32mSave 6eb68288-090b-4b55-9408-d45301ef3762(uuid4702)
сент. 16, 2025 8:21:57 PM webapp.storage.AbstractStorage save
INFO: &amp#27;[32mSave db761db2-bf31-490f-b1c9-b245c830f1f1(uuid4703)
сент. 16, 2025 8:21:57 PM webapp.storage.AbstractStorage save
INFO: &amp#27;[32mSave a14a5798-8274-4ce1-b947-42c2674d66a0(uuid4704)
сент. 16, 2025 8:21:57 PM webapp.storage.AbstractStorage save
INFO: &amp#27;[32mSave 64a1cf0f-d88d-406d-95a4-0621a625b725(uuid4705)
сент. 16, 2025 8:21:57 PM webapp.storage.AbstractStorage save
INFO: &amp#27;[32mSave 9731e0ab-f65f-494d-b9d6-38645a2504b2(uuid4706)
сент. 16, 2025 8:21:57 PM webapp.storage.AbstractStorage save
INFO: &amp#27;[32mSave 1fdb0101-3bc9-49a6-88eb-f239f7b48955(uuid4707)
сент. 16, 2025 8:21:57 PM webapp.storage.AbstractStorage save
INFO: &amp#27;[32mSave 8c49c118-f1ab-4b40-9306-f3bc7435888e(uuid4708)
сент. 16, 2025 8:21:57 PM webapp.storage.AbstractStorage save
INFO: &amp#27;[32mSave 069b2f2d-ad83-4bf6-9a30-510f503ea147(uuid4709)
сент. 16, 2025 8:21:57 PM webapp.storage.AbstractStorage save
INFO: &amp#27;[32mSave b99b3b8b-e10b-4bfd-9bf3-ae3e40f3ea1a(uuid4710)
сент. 16, 2025 8:21:57 PM webapp.storage.AbstractStorage save
INFO: &amp#27;[32mSave 1b84d07b-8844-4154-82dd-d01840e251ba(uuid4711)
сент. 16, 2025 8:21:57 PM webapp.storage.AbstractStorage save
INFO: &amp#27;[32mSave 062a634b-e384-4638-8e91-5c0a4618f15c(uuid4712)
сент. 16, 2025 8:21:57 PM webapp.storage.AbstractStorage save
INFO: &amp#27;[32mSave 70bf4391-cefb-4858-97db-e1b7d6a38034(uuid4713)
сент. 16, 2025 8:21:57 PM webapp.storage.AbstractStorage save
INFO: &amp#27;[32mSave faada5f5-a026-4be4-aa21-73116007879c(uuid4714)
сент. 16, 2025 8:21:57 PM webapp.storage.AbstractStorage save
INFO: &amp#27;[32mSave e27e6f9f-3191-49fd-a8eb-cce2e3046b30(uuid4715)
сент. 16, 2025 8:21:57 PM webapp.storage.AbstractStorage save
INFO: &amp#27;[32mSave c9ff3f2f-ec8a-4982-890f-642ad233c7bc(uuid4716)
сент. 16, 2025 8:21:57 PM webapp.storage.AbstractStorage save
INFO: &amp#27;[32mSave 0e623d09-14e3-425c-8c3d-a8302869519b(uuid4717)
сент. 16, 2025 8:21:57 PM webapp.storage.AbstractStorage save
INFO: &amp#27;[32mSave b0bc7010-dc44-41c6-8401-c1f0a728958d(uuid4718)
сент. 16, 2025 8:21:57 PM webapp.storage.AbstractStorage save
INFO: &amp#27;[32mSave 25489d4d-3cf5-4a91-8a35-9831cf2683fc(uuid4719)
сент. 16, 2025 8:21:57 PM webapp.storage.AbstractStorage save
INFO: &amp#27;[32mSave ab20ed75-d439-49fc-acde-4b2346c26009(uuid4720)
сент. 16, 2025 8:21:57 PM webapp.storage.AbstractStorage save
INFO: &amp#27;[32mSave eeff8e59-5d36-4128-842a-83d4e85142ce(uuid4721)
сент. 16, 2025 8:21:57 PM webapp.storage.AbstractStorage save
INFO: &amp#27;[32mSave 1d16bc04-bbed-415b-be99-b6008041636d(uuid4722)
сент. 16, 2025 8:21:57 PM webapp.storage.AbstractStorage save
INFO: &amp#27;[32mSave 363b8fd0-4432-4491-8519-2ce0ae67ec81(uuid4723)
сент. 16, 2025 8:21:57 PM webapp.storage.AbstractStorage save
INFO: &amp#27;[32mSave 064a8c76-57ed-4982-b755-18aca74afe78(uuid4724)
сент. 16, 2025 8:21:57 PM webapp.storage.AbstractStorage save
INFO: &amp#27;[32mSave daac7cec-36c1-4784-8718-6f0549a62c95(uuid4725)
сент. 16, 2025 8:21:57 PM webapp.storage.AbstractStorage save
INFO: &amp#27;[32mSave fa0679f7-6b20-426c-9b6b-852ccbf41190(uuid4726)
сент. 16, 2025 8:21:57 PM webapp.storage.AbstractStorage save
INFO: &amp#27;[32mSave 32002f45-14b1-482a-83d3-e007bb6511aa(uuid4727)
сент. 16, 2025 8:21:57 PM webapp.storage.AbstractStorage save
INFO: &amp#27;[32mSave c798a32d-bb27-4e4f-8d3b-ec7f36975d9c(uuid4728)
сент. 16, 2025 8:21:57 PM webapp.storage.AbstractStorage save
INFO: &amp#27;[32mSave 3da4330c-c162-41b8-9cec-931c6f50b854(uuid4729)
сент. 16, 2025 8:21:57 PM webapp.storage.AbstractStorage save
INFO: &amp#27;[32mSave b81171b6-90f2-48bd-910d-0912b614f95f(uuid4730)
сент. 16, 2025 8:21:57 PM webapp.storage.AbstractStorage save
INFO: &amp#27;[32mSave b853d56d-0f32-4b95-a214-1f9a942642e5(uuid4731)
сент. 16, 2025 8:21:57 PM webapp.storage.AbstractStorage save
INFO: &amp#27;[32mSave 4b634b34-0479-4e14-8d1e-e62e4bb6a012(uuid4732)
сент. 16, 2025 8:21:57 PM webapp.storage.AbstractStorage save
INFO: &amp#27;[32mSave 83cf5543-728d-4ccf-9c20-212b967943a2(uuid4733)
сент. 16, 2025 8:21:57 PM webapp.storage.AbstractStorage save
INFO: &amp#27;[32mSave 4396e2f4-9d80-4b1b-a6df-058a64e06d90(uuid4734)
сент. 16, 2025 8:21:57 PM webapp.storage.AbstractStorage save
INFO: &amp#27;[32mSave 1574ac8f-8c23-4e6b-8f3d-5546c0f08815(uuid4735)
сент. 16, 2025 8:21:57 PM webapp.storage.AbstractStorage save
INFO: &amp#27;[32mSave a6b1a3d4-cda5-438b-bb6a-5a5d54631072(uuid4736)
сент. 16, 2025 8:21:57 PM webapp.storage.AbstractStorage save
INFO: &amp#27;[32mSave 1c5bee8d-bc6b-4488-965e-fa8f830d5371(uuid4737)
сент. 16, 2025 8:21:57 PM webapp.storage.AbstractStorage save
INFO: &amp#27;[32mSave a51c7eaa-9ca2-43c3-beb2-1bca8ec8b34e(uuid4738)
сент. 16, 2025 8:21:57 PM webapp.storage.AbstractStorage save
INFO: &amp#27;[32mSave 0aad3cbf-db26-4580-8454-01f2182d2353(uuid4739)
сент. 16, 2025 8:21:57 PM webapp.storage.AbstractStorage save
INFO: &amp#27;[32mSave aa6fe6a4-4d15-4c2c-bb9a-1c532244bc86(uuid4740)
сент. 16, 2025 8:21:57 PM webapp.storage.AbstractStorage save
INFO: &amp#27;[32mSave 1eed7de8-8fbb-4f56-ac8c-a878da822aa1(uuid4741)
сент. 16, 2025 8:21:57 PM webapp.storage.AbstractStorage save
INFO: &amp#27;[32mSave 8fbd38e5-e076-4c46-af00-e429e0580c37(uuid4742)
сент. 16, 2025 8:21:57 PM webapp.storage.AbstractStorage save
INFO: &amp#27;[32mSave 04f5d628-46dc-4b16-8d4c-27952693e61a(uuid4743)
сент. 16, 2025 8:21:57 PM webapp.storage.AbstractStorage save
INFO: &amp#27;[32mSave 371ec77a-78cd-4274-ad61-4e626cbe3bf8(uuid4744)
сент. 16, 2025 8:21:57 PM webapp.storage.AbstractStorage save
INFO: &amp#27;[32mSave a1526f59-f4fd-45da-8065-5077743287e8(uuid4745)
сент. 16, 2025 8:21:57 PM webapp.storage.AbstractStorage save
INFO: &amp#27;[32mSave ffde2d0d-4498-4ce7-b681-62d95863140c(uuid4746)
сент. 16, 2025 8:21:57 PM webapp.storage.AbstractStorage save
INFO: &amp#27;[32mSave 77299f96-939e-4e10-b79f-470cf6f5a414(uuid4747)
сент. 16, 2025 8:21:57 PM webapp.storage.AbstractStorage save
INFO: &amp#27;[32mSave 5817ebea-ef5d-452d-84da-5870b4bbb067(uuid4748)
сент. 16, 2025 8:21:57 PM webapp.storage.AbstractStorage save
INFO: &amp#27;[32mSave 2506719b-4d84-4176-8f2b-a21fce2ada8e(uuid4749)
сент. 16, 2025 8:21:57 PM webapp.storage.AbstractStorage save
INFO: &amp#27;[32mSave c7398128-d192-4a2d-bd0c-dff8d9cfb8d6(uuid4750)
сент. 16, 2025 8:21:57 PM webapp.storage.AbstractStorage save
INFO: &amp#27;[32mSave 6ace7f7e-67d9-4de4-9b4e-7d0317ce699e(uuid4751)
сент. 16, 2025 8:21:57 PM webapp.storage.AbstractStorage save
INFO: &amp#27;[32mSave ebd7e89d-a6c8-4936-af57-58e307267889(uuid4752)
сент. 16, 2025 8:21:57 PM webapp.storage.AbstractStorage save
INFO: &amp#27;[32mSave 323cced2-3878-4a8d-8f8b-d557b91f0a28(uuid4753)
сент. 16, 2025 8:21:57 PM webapp.storage.AbstractStorage save
INFO: &amp#27;[32mSave 330f7a3c-5e30-4219-abfe-d4e54b0ac3b5(uuid4754)
сент. 16, 2025 8:21:57 PM webapp.storage.AbstractStorage save
INFO: &amp#27;[32mSave 8ac63684-7a21-48ec-8c6f-535894078960(uuid4755)
сент. 16, 2025 8:21:57 PM webapp.storage.AbstractStorage save
INFO: &amp#27;[32mSave e05f3c9e-c0ad-4f1e-a1ee-8535f7d5123d(uuid4756)
сент. 16, 2025 8:21:57 PM webapp.storage.AbstractStorage save
INFO: &amp#27;[32mSave 2b011702-f2b4-4161-9f8f-a9ab10837bf7(uuid4757)
сент. 16, 2025 8:21:57 PM webapp.storage.AbstractStorage save
INFO: &amp#27;[32mSave 5d2f44ac-c3f4-4a53-94c4-d4d6fd3e312f(uuid4758)
сент. 16, 2025 8:21:57 PM webapp.storage.AbstractStorage save
INFO: &amp#27;[32mSave c380eabd-6d3a-49f4-b02c-ef29eee0de2e(uuid4759)
сент. 16, 2025 8:21:57 PM webapp.storage.AbstractStorage save
INFO: &amp#27;[32mSave 358889eb-325e-4a72-a668-70f0c81f3163(uuid4760)
сент. 16, 2025 8:21:57 PM webapp.storage.AbstractStorage save
INFO: &amp#27;[32mSave b9e77202-4230-4f65-b2f5-a7477d0df736(uuid4761)
сент. 16, 2025 8:21:57 PM webapp.storage.AbstractStorage save
INFO: &amp#27;[32mSave 7e0b7708-423f-4a08-8c92-a99dbe69194a(uuid4762)
сент. 16, 2025 8:21:57 PM webapp.storage.AbstractStorage save
INFO: &amp#27;[32mSave 6a11531b-3bb3-4b93-90d6-2fde1125497c(uuid4763)
сент. 16, 2025 8:21:57 PM webapp.storage.AbstractStorage save
INFO: &amp#27;[32mSave 555780c8-da0c-4aae-84c1-8c092336cdfd(uuid4764)
сент. 16, 2025 8:21:57 PM webapp.storage.AbstractStorage save
INFO: &amp#27;[32mSave 2ca7897d-8407-4d03-a8b2-b3da7f2dbff8(uuid4765)
сент. 16, 2025 8:21:57 PM webapp.storage.AbstractStorage save
INFO: &amp#27;[32mSave 369362f5-332d-47b0-a20f-94277cd3b50b(uuid4766)
сент. 16, 2025 8:21:57 PM webapp.storage.AbstractStorage save
INFO: &amp#27;[32mSave a1ba6e71-1232-4ea6-b46e-3848daa87599(uuid4767)
сент. 16, 2025 8:21:57 PM webapp.storage.AbstractStorage save
INFO: &amp#27;[32mSave 178084c8-214d-451f-ad06-94429b2bf2d2(uuid4768)
сент. 16, 2025 8:21:57 PM webapp.storage.AbstractStorage save
INFO: &amp#27;[32mSave 2fccea2e-7588-4fea-9642-3aa014eae2ac(uuid4769)
сент. 16, 2025 8:21:57 PM webapp.storage.AbstractStorage save
INFO: &amp#27;[32mSave 354bfd9f-fe53-40bb-9b38-cd4997668b34(uuid4770)
сент. 16, 2025 8:21:57 PM webapp.storage.AbstractStorage save
INFO: &amp#27;[32mSave dbcda788-e630-44bd-aeef-308e1cd19edb(uuid4771)
сент. 16, 2025 8:21:57 PM webapp.storage.AbstractStorage save
INFO: &amp#27;[32mSave 74f6dc5d-2626-44d1-842a-f4d35c53cee8(uuid4772)
сент. 16, 2025 8:21:57 PM webapp.storage.AbstractStorage save
INFO: &amp#27;[32mSave 1736d728-d327-47c8-8843-f062b5a229c0(uuid4773)
сент. 16, 2025 8:21:57 PM webapp.storage.AbstractStorage save
INFO: &amp#27;[32mSave a5b7ac49-c2f0-40a3-924d-e954c493ee63(uuid4774)
сент. 16, 2025 8:21:57 PM webapp.storage.AbstractStorage save
INFO: &amp#27;[32mSave 31f41c1d-fc52-4e07-9703-b9e20206121c(uuid4775)
сент. 16, 2025 8:21:57 PM webapp.storage.AbstractStorage save
INFO: &amp#27;[32mSave 7cae2749-242e-422f-9ece-4738bf14d883(uuid4776)
сент. 16, 2025 8:21:57 PM webapp.storage.AbstractStorage save
INFO: &amp#27;[32mSave b00d0a03-8246-4dcb-99a8-2d8fc88d1a04(uuid4777)
сент. 16, 2025 8:21:57 PM webapp.storage.AbstractStorage save
INFO: &amp#27;[32mSave 6b4161f5-e615-4fa7-94c2-d6cd28d87a4d(uuid4778)
сент. 16, 2025 8:21:57 PM webapp.storage.AbstractStorage save
INFO: &amp#27;[32mSave a75501ec-9b7a-48b0-8b7f-1292846ac120(uuid4779)
сент. 16, 2025 8:21:57 PM webapp.storage.AbstractStorage save
INFO: &amp#27;[32mSave 3db42fcc-82c1-47c1-851c-c3aea99931c3(uuid4780)
сент. 16, 2025 8:21:57 PM webapp.storage.AbstractStorage save
INFO: &amp#27;[32mSave 77c57f1e-c89b-464d-b62e-a060add0c861(uuid4781)
сент. 16, 2025 8:21:57 PM webapp.storage.AbstractStorage save
INFO: &amp#27;[32mSave 79ac2b9b-25d2-4e24-a54b-2c49d6dd54d8(uuid4782)
сент. 16, 2025 8:21:57 PM webapp.storage.AbstractStorage save
INFO: &amp#27;[32mSave 37b53a6b-b79b-4b60-90ac-ae0b936de44f(uuid4783)
сент. 16, 2025 8:21:57 PM webapp.storage.AbstractStorage save
INFO: &amp#27;[32mSave 2e5a0b0e-3035-4ce0-9326-9c6a8c3ae1c2(uuid4784)
сент. 16, 2025 8:21:57 PM webapp.storage.AbstractStorage save
INFO: &amp#27;[32mSave 38e3578f-eb62-4228-99bc-396ad3cfa759(uuid4785)
сент. 16, 2025 8:21:57 PM webapp.storage.AbstractStorage save
INFO: &amp#27;[32mSave 12fb32cb-ad18-433c-8b6e-bbd810fe5ddd(uuid4786)
сент. 16, 2025 8:21:57 PM webapp.storage.AbstractStorage save
INFO: &amp#27;[32mSave 6399aa1c-32c0-4f2c-8d3d-975e17060f4d(uuid4787)
сент. 16, 2025 8:21:57 PM webapp.storage.AbstractStorage save
INFO: &amp#27;[32mSave 4e80bf57-65d7-4c53-8abb-81baca7aa986(uuid4788)
сент. 16, 2025 8:21:57 PM webapp.storage.AbstractStorage save
INFO: &amp#27;[32mSave 95551a06-59cb-4a5a-b301-5e4beef0f731(uuid4789)
сент. 16, 2025 8:21:57 PM webapp.storage.AbstractStorage save
INFO: &amp#27;[32mSave c5725bb2-9f49-49ca-97dc-00c354f61176(uuid4790)
сент. 16, 2025 8:21:57 PM webapp.storage.AbstractStorage save
INFO: &amp#27;[32mSave d7bf41d6-6403-48f7-bcbf-205a17cf41b8(uuid4791)
сент. 16, 2025 8:21:57 PM webapp.storage.AbstractStorage save
INFO: &amp#27;[32mSave 74dcdcdc-ddfe-436c-aa0d-985eeb67acd2(uuid4792)
сент. 16, 2025 8:21:57 PM webapp.storage.AbstractStorage save
INFO: &amp#27;[32mSave 4c5ff568-f116-4680-9fe6-a72d9bcb82a2(uuid4793)
сент. 16, 2025 8:21:57 PM webapp.storage.AbstractStorage save
INFO: &amp#27;[32mSave d2ae0eb7-ab6b-4e89-9d38-3942d740a820(uuid4794)
сент. 16, 2025 8:21:57 PM webapp.storage.AbstractStorage save
INFO: &amp#27;[32mSave 2040ec20-600c-4a21-bb91-d5632b917a9b(uuid4795)
сент. 16, 2025 8:21:57 PM webapp.storage.AbstractStorage save
INFO: &amp#27;[32mSave f25920a2-4132-4d79-bc08-0f5c9248b622(uuid4796)
сент. 16, 2025 8:21:57 PM webapp.storage.AbstractStorage save
INFO: &amp#27;[32mSave 2eeb8b84-307a-458e-a316-93ea0fa25e5b(uuid4797)
сент. 16, 2025 8:21:57 PM webapp.storage.AbstractStorage save
INFO: &amp#27;[32mSave ad0e2f32-0292-4452-ae0e-8099cbdd0238(uuid4798)
сент. 16, 2025 8:21:57 PM webapp.storage.AbstractStorage save
INFO: &amp#27;[32mSave 92cdaf9d-26f7-4f59-8650-79e01ef70adb(uuid4799)
сент. 16, 2025 8:21:57 PM webapp.storage.AbstractStorage save
INFO: &amp#27;[32mSave 85044005-814c-4e08-954c-b84b9bbd1f8b(uuid4800)
сент. 16, 2025 8:21:57 PM webapp.storage.AbstractStorage save
INFO: &amp#27;[32mSave 57755ffa-2289-4cf7-94ac-206e3a9e124d(uuid4801)
сент. 16, 2025 8:21:57 PM webapp.storage.AbstractStorage save
INFO: &amp#27;[32mSave e8096eb4-e902-4155-a87f-d7ff87859fd1(uuid4802)
сент. 16, 2025 8:21:57 PM webapp.storage.AbstractStorage save
INFO: &amp#27;[32mSave 164353df-50f6-4cc0-8c99-99a0cd314d4d(uuid4803)
сент. 16, 2025 8:21:57 PM webapp.storage.AbstractStorage save
INFO: &amp#27;[32mSave 3c7d4b55-76ba-4948-8278-212d0f8dd02f(uuid4804)
сент. 16, 2025 8:21:57 PM webapp.storage.AbstractStorage save
INFO: &amp#27;[32mSave 49e3bc83-aed7-420f-9e47-013639a2392a(uuid4805)
сент. 16, 2025 8:21:57 PM webapp.storage.AbstractStorage save
INFO: &amp#27;[32mSave 69315325-f18f-4c3e-8f01-59a25a8880f3(uuid4806)
сент. 16, 2025 8:21:57 PM webapp.storage.AbstractStorage save
INFO: &amp#27;[32mSave e7347ace-83d6-4dcf-9fd2-fe0ff037accf(uuid4807)
сент. 16, 2025 8:21:57 PM webapp.storage.AbstractStorage save
INFO: &amp#27;[32mSave d9839f64-c041-48e5-ad7f-7eaf24fd1b32(uuid4808)
сент. 16, 2025 8:21:57 PM webapp.storage.AbstractStorage save
INFO: &amp#27;[32mSave 19089dd7-9fd7-428d-8b26-f3988549a0e6(uuid4809)
сент. 16, 2025 8:21:57 PM webapp.storage.AbstractStorage save
INFO: &amp#27;[32mSave e75f9aac-f409-47ad-b532-214121f9f4af(uuid4810)
сент. 16, 2025 8:21:57 PM webapp.storage.AbstractStorage save
INFO: &amp#27;[32mSave d9303a0c-e3c7-4230-a454-481d74a7b455(uuid4811)
сент. 16, 2025 8:21:57 PM webapp.storage.AbstractStorage save
INFO: &amp#27;[32mSave c141e587-68fd-4713-ad50-fed801d8567e(uuid4812)
сент. 16, 2025 8:21:57 PM webapp.storage.AbstractStorage save
INFO: &amp#27;[32mSave 9ad515e7-50e1-4852-9e3a-9f3807e7f15e(uuid4813)
сент. 16, 2025 8:21:57 PM webapp.storage.AbstractStorage save
INFO: &amp#27;[32mSave 4c3502f3-0895-4a5e-8775-98c332b5fe8f(uuid4814)
сент. 16, 2025 8:21:57 PM webapp.storage.AbstractStorage save
INFO: &amp#27;[32mSave da5c8f00-2950-43e1-a417-c55eb12ad21c(uuid4815)
сент. 16, 2025 8:21:57 PM webapp.storage.AbstractStorage save
INFO: &amp#27;[32mSave 5b816e13-3bd0-498c-a089-2cd96ea81537(uuid4816)
сент. 16, 2025 8:21:57 PM webapp.storage.AbstractStorage save
INFO: &amp#27;[32mSave a8752ba4-d6a2-48c6-b98d-9fd8af0cb99f(uuid4817)
сент. 16, 2025 8:21:57 PM webapp.storage.AbstractStorage save
INFO: &amp#27;[32mSave 681ca4dc-f784-4a1f-ab71-fa4e8c90f6a3(uuid4818)
сент. 16, 2025 8:21:57 PM webapp.storage.AbstractStorage save
INFO: &amp#27;[32mSave 1a771cde-043f-4807-b244-9ddf46bc6531(uuid4819)
сент. 16, 2025 8:21:57 PM webapp.storage.AbstractStorage save
INFO: &amp#27;[32mSave e52e2115-e561-47f7-8ea2-c70e00d63455(uuid4820)
сент. 16, 2025 8:21:57 PM webapp.storage.AbstractStorage save
INFO: &amp#27;[32mSave 59ba27c7-45d5-40b0-9c40-e63b2c9eea19(uuid4821)
сент. 16, 2025 8:21:57 PM webapp.storage.AbstractStorage save
INFO: &amp#27;[32mSave 709abd53-2642-4a9f-9782-9e6d2857e313(uuid4822)
сент. 16, 2025 8:21:57 PM webapp.storage.AbstractStorage save
INFO: &amp#27;[32mSave 44362dcd-caa8-4bcc-9102-33a9dafeb94f(uuid4823)
сент. 16, 2025 8:21:57 PM webapp.storage.AbstractStorage save
INFO: &amp#27;[32mSave f828a227-c789-4ddf-9c34-c146a5ce2467(uuid4824)
сент. 16, 2025 8:21:57 PM webapp.storage.AbstractStorage save
INFO: &amp#27;[32mSave 64d65105-16f0-4d60-9e23-15033d0d3bf1(uuid4825)
сент. 16, 2025 8:21:57 PM webapp.storage.AbstractStorage save
INFO: &amp#27;[32mSave 5df81ace-d6b9-4bcd-9cb4-b9f92e378b9e(uuid4826)
сент. 16, 2025 8:21:57 PM webapp.storage.AbstractStorage save
INFO: &amp#27;[32mSave 6c8ef121-c5c3-4196-b116-15d9c04a2841(uuid4827)
сент. 16, 2025 8:21:57 PM webapp.storage.AbstractStorage save
INFO: &amp#27;[32mSave 5322e1f1-2ca4-4144-8a76-bbac6922d815(uuid4828)
сент. 16, 2025 8:21:57 PM webapp.storage.AbstractStorage save
INFO: &amp#27;[32mSave 3fdc00c6-2603-446d-9ef6-5ae1379f2cf9(uuid4829)
сент. 16, 2025 8:21:57 PM webapp.storage.AbstractStorage save
INFO: &amp#27;[32mSave c3b949bd-d3f5-4686-a53a-6c8699732e4e(uuid4830)
сент. 16, 2025 8:21:57 PM webapp.storage.AbstractStorage save
INFO: &amp#27;[32mSave 40cb8f30-4247-4b4c-97c9-b1ddfa82050a(uuid4831)
сент. 16, 2025 8:21:57 PM webapp.storage.AbstractStorage save
INFO: &amp#27;[32mSave 319cfa3f-2ec7-4414-be93-05a5f149021e(uuid4832)
сент. 16, 2025 8:21:57 PM webapp.storage.AbstractStorage save
INFO: &amp#27;[32mSave e5beb101-3c81-4956-8a96-d376b029fbf2(uuid4833)
сент. 16, 2025 8:21:57 PM webapp.storage.AbstractStorage save
INFO: &amp#27;[32mSave f0cf8ce4-7862-4cfd-98e8-478503bcc653(uuid4834)
сент. 16, 2025 8:21:57 PM webapp.storage.AbstractStorage save
INFO: &amp#27;[32mSave 709211aa-dcbf-4484-913c-2571e497e448(uuid4835)
сент. 16, 2025 8:21:57 PM webapp.storage.AbstractStorage save
INFO: &amp#27;[32mSave 3e767372-d5c8-43d0-af0d-e91e6c0b7a72(uuid4836)
сент. 16, 2025 8:21:57 PM webapp.storage.AbstractStorage save
INFO: &amp#27;[32mSave 0bd06a9a-341c-46a2-bac2-3ec47de6b052(uuid4837)
сент. 16, 2025 8:21:57 PM webapp.storage.AbstractStorage save
INFO: &amp#27;[32mSave a353e456-6882-4652-91ee-700d009d08a4(uuid4838)
сент. 16, 2025 8:21:57 PM webapp.storage.AbstractStorage save
INFO: &amp#27;[32mSave 8e35d1b9-4e6c-45bb-ab88-96e1163ce1f9(uuid4839)
сент. 16, 2025 8:21:57 PM webapp.storage.AbstractStorage save
INFO: &amp#27;[32mSave 87fff575-6b73-4eca-b458-7e698b6a5a79(uuid4840)
сент. 16, 2025 8:21:57 PM webapp.storage.AbstractStorage save
INFO: &amp#27;[32mSave 0afa474c-9ebc-4cdc-84a6-ae4825f6b811(uuid4841)
сент. 16, 2025 8:21:57 PM webapp.storage.AbstractStorage save
INFO: &amp#27;[32mSave ed4be226-5ff5-49fa-b273-10d650164afb(uuid4842)
сент. 16, 2025 8:21:57 PM webapp.storage.AbstractStorage save
INFO: &amp#27;[32mSave 5d43f8d8-f9b3-4a9b-8a14-eb81632895c1(uuid4843)
сент. 16, 2025 8:21:57 PM webapp.storage.AbstractStorage save
INFO: &amp#27;[32mSave 772e6698-0b67-486b-b89f-a2eb5a81c977(uuid4844)
сент. 16, 2025 8:21:57 PM webapp.storage.AbstractStorage save
INFO: &amp#27;[32mSave 89008c9c-c2e1-4fe2-a8d4-821656da52b9(uuid4845)
сент. 16, 2025 8:21:57 PM webapp.storage.AbstractStorage save
INFO: &amp#27;[32mSave 7592cfd3-017c-4b03-b2bf-e5c0e0777f86(uuid4846)
сент. 16, 2025 8:21:57 PM webapp.storage.AbstractStorage save
INFO: &amp#27;[32mSave 6cc1b235-919d-408c-922d-0500c3b44386(uuid4847)
сент. 16, 2025 8:21:57 PM webapp.storage.AbstractStorage save
INFO: &amp#27;[32mSave a01c4444-7b3d-48f3-927a-41536229866c(uuid4848)
сент. 16, 2025 8:21:57 PM webapp.storage.AbstractStorage save
INFO: &amp#27;[32mSave e3eaa59e-d294-45ae-9a9e-1316e256f08b(uuid4849)
сент. 16, 2025 8:21:57 PM webapp.storage.AbstractStorage save
INFO: &amp#27;[32mSave 274756f7-5b65-45c8-86a4-872376e95497(uuid4850)
сент. 16, 2025 8:21:57 PM webapp.storage.AbstractStorage save
INFO: &amp#27;[32mSave 314409ec-1520-4c25-84f0-f81dce5cb3cd(uuid4851)
сент. 16, 2025 8:21:57 PM webapp.storage.AbstractStorage save
INFO: &amp#27;[32mSave 889403b5-db2f-4737-a543-0dd0928e5d73(uuid4852)
сент. 16, 2025 8:21:57 PM webapp.storage.AbstractStorage save
INFO: &amp#27;[32mSave 94e11ba8-58cb-4bed-802f-17cf312cfb84(uuid4853)
сент. 16, 2025 8:21:57 PM webapp.storage.AbstractStorage save
INFO: &amp#27;[32mSave f1af0b07-5b84-4664-81b7-0f2247d59852(uuid4854)
сент. 16, 2025 8:21:57 PM webapp.storage.AbstractStorage save
INFO: &amp#27;[32mSave 5dcdf9c4-c178-4323-af9f-39303e7b59f9(uuid4855)
сент. 16, 2025 8:21:57 PM webapp.storage.AbstractStorage save
INFO: &amp#27;[32mSave bca52d03-d2b9-4f32-a9fa-5f91a02e0dfc(uuid4856)
сент. 16, 2025 8:21:57 PM webapp.storage.AbstractStorage save
INFO: &amp#27;[32mSave 3fbf874a-de10-4ca2-92bf-f79b6985e88f(uuid4857)
сент. 16, 2025 8:21:57 PM webapp.storage.AbstractStorage save
INFO: &amp#27;[32mSave 7804293e-f025-4752-b5ec-f240db83ff1c(uuid4858)
сент. 16, 2025 8:21:57 PM webapp.storage.AbstractStorage save
INFO: &amp#27;[32mSave cc000c42-50f7-4c7f-b3ca-ddac1b7ec871(uuid4859)
сент. 16, 2025 8:21:57 PM webapp.storage.AbstractStorage save
INFO: &amp#27;[32mSave da248ea6-3edf-4caf-b5f7-5a36df5326d6(uuid4860)
сент. 16, 2025 8:21:57 PM webapp.storage.AbstractStorage save
INFO: &amp#27;[32mSave b7764664-c90f-4288-b552-8e95325f15c0(uuid4861)
сент. 16, 2025 8:21:57 PM webapp.storage.AbstractStorage save
INFO: &amp#27;[32mSave 76f5c589-04b7-4df0-97ac-e6b2dedb60f4(uuid4862)
сент. 16, 2025 8:21:57 PM webapp.storage.AbstractStorage save
INFO: &amp#27;[32mSave 7499cca2-d77d-4eeb-a717-461c05b0318c(uuid4863)
сент. 16, 2025 8:21:57 PM webapp.storage.AbstractStorage save
INFO: &amp#27;[32mSave 3a26936b-e33e-4e97-a542-1c2f6962823b(uuid4864)
сент. 16, 2025 8:21:57 PM webapp.storage.AbstractStorage save
INFO: &amp#27;[32mSave 9d6f2725-6eaf-46b9-9518-77fddd910c49(uuid4865)
сент. 16, 2025 8:21:57 PM webapp.storage.AbstractStorage save
INFO: &amp#27;[32mSave 91ee4c14-1096-4a84-ba9e-b5cf766331e6(uuid4866)
сент. 16, 2025 8:21:57 PM webapp.storage.AbstractStorage save
INFO: &amp#27;[32mSave 50ef58df-e4c2-45ad-bf52-13eef61621c1(uuid4867)
сент. 16, 2025 8:21:57 PM webapp.storage.AbstractStorage save
INFO: &amp#27;[32mSave 582f43d6-d717-490a-b611-fad7061da127(uuid4868)
сент. 16, 2025 8:21:57 PM webapp.storage.AbstractStorage save
INFO: &amp#27;[32mSave d3667494-b568-4103-940f-778e3fcc5cb8(uuid4869)
сент. 16, 2025 8:21:57 PM webapp.storage.AbstractStorage save
INFO: &amp#27;[32mSave 56db72d6-a2ce-406c-b102-6cdcd1cef614(uuid4870)
сент. 16, 2025 8:21:57 PM webapp.storage.AbstractStorage save
INFO: &amp#27;[32mSave bdb9d11c-7552-4298-8be9-3f981777b5be(uuid4871)
сент. 16, 2025 8:21:57 PM webapp.storage.AbstractStorage save
INFO: &amp#27;[32mSave 9434ad12-e135-4716-b9b2-7e439734c69f(uuid4872)
сент. 16, 2025 8:21:57 PM webapp.storage.AbstractStorage save
INFO: &amp#27;[32mSave 826d03e5-6cfc-4529-9d64-638613972a93(uuid4873)
сент. 16, 2025 8:21:57 PM webapp.storage.AbstractStorage save
INFO: &amp#27;[32mSave 581031e8-22c8-42aa-9ba5-ddc4013e3828(uuid4874)
сент. 16, 2025 8:21:57 PM webapp.storage.AbstractStorage save
INFO: &amp#27;[32mSave d43d24a7-b96c-4622-a0b7-d27352cc355b(uuid4875)
сент. 16, 2025 8:21:57 PM webapp.storage.AbstractStorage save
INFO: &amp#27;[32mSave 9d3f8c31-75d1-416f-b8e7-d7a07317a98e(uuid4876)
сент. 16, 2025 8:21:57 PM webapp.storage.AbstractStorage save
INFO: &amp#27;[32mSave 74f5341a-dee1-4106-aee9-08a15e9a2fde(uuid4877)
сент. 16, 2025 8:21:57 PM webapp.storage.AbstractStorage save
INFO: &amp#27;[32mSave c0c9d461-44d6-48ad-b64a-b7cfddd93edf(uuid4878)
сент. 16, 2025 8:21:57 PM webapp.storage.AbstractStorage save
INFO: &amp#27;[32mSave 6aa4694e-8664-47cf-afb9-0707cffd51f8(uuid4879)
сент. 16, 2025 8:21:57 PM webapp.storage.AbstractStorage save
INFO: &amp#27;[32mSave de47c864-2d70-43a5-b2d8-838b072a0eea(uuid4880)
сент. 16, 2025 8:21:57 PM webapp.storage.AbstractStorage save
INFO: &amp#27;[32mSave d935a467-3a81-41e3-8f79-20279e16463d(uuid4881)
сент. 16, 2025 8:21:57 PM webapp.storage.AbstractStorage save
INFO: &amp#27;[32mSave 236022b8-f525-44a4-9ed7-eba6936c1a35(uuid4882)
сент. 16, 2025 8:21:57 PM webapp.storage.AbstractStorage save
INFO: &amp#27;[32mSave 3f371c47-4ad0-47b3-a16f-b727e2d7c4a9(uuid4883)
сент. 16, 2025 8:21:57 PM webapp.storage.AbstractStorage save
INFO: &amp#27;[32mSave e141cff2-569f-4a15-8428-aad33828a142(uuid4884)
сент. 16, 2025 8:21:57 PM webapp.storage.AbstractStorage save
INFO: &amp#27;[32mSave 1f092014-669b-473d-bd82-12b8ea6ad7ef(uuid4885)
сент. 16, 2025 8:21:57 PM webapp.storage.AbstractStorage save
INFO: &amp#27;[32mSave a755e596-0f9a-43f1-a54f-5ecd7b03d1a7(uuid4886)
сент. 16, 2025 8:21:57 PM webapp.storage.AbstractStorage save
INFO: &amp#27;[32mSave aa75c676-8c46-4180-8a81-b8eec41bec94(uuid4887)
сент. 16, 2025 8:21:57 PM webapp.storage.AbstractStorage save
INFO: &amp#27;[32mSave 20811d5c-eca4-461b-a798-333f345e37b0(uuid4888)
сент. 16, 2025 8:21:57 PM webapp.storage.AbstractStorage save
INFO: &amp#27;[32mSave 60aab940-4b0e-4e52-ba4b-a9210dd8617b(uuid4889)
сент. 16, 2025 8:21:57 PM webapp.storage.AbstractStorage save
INFO: &amp#27;[32mSave 97b2b5b6-b477-4135-af40-e6a7658930af(uuid4890)
сент. 16, 2025 8:21:57 PM webapp.storage.AbstractStorage save
INFO: &amp#27;[32mSave 7a0f58fc-78c6-4f15-b495-fc66f39ddbb3(uuid4891)
сент. 16, 2025 8:21:57 PM webapp.storage.AbstractStorage save
INFO: &amp#27;[32mSave 1d92ab50-3962-4ce0-ae53-522c269b89a6(uuid4892)
сент. 16, 2025 8:21:57 PM webapp.storage.AbstractStorage save
INFO: &amp#27;[32mSave a1a15e55-9b40-4769-8c1c-9961c0d6fba0(uuid4893)
сент. 16, 2025 8:21:57 PM webapp.storage.AbstractStorage save
INFO: &amp#27;[32mSave 67efc25a-97f0-4898-b201-138c452a3fc8(uuid4894)
сент. 16, 2025 8:21:57 PM webapp.storage.AbstractStorage save
INFO: &amp#27;[32mSave 6096e448-c249-4ab7-8852-7b0610323786(uuid4895)
сент. 16, 2025 8:21:57 PM webapp.storage.AbstractStorage save
INFO: &amp#27;[32mSave 70876199-701f-4327-895a-786270a77c41(uuid4896)
сент. 16, 2025 8:21:57 PM webapp.storage.AbstractStorage save
INFO: &amp#27;[32mSave 9ad879aa-cf4f-4ba6-a8e5-37773cfba0fe(uuid4897)
сент. 16, 2025 8:21:57 PM webapp.storage.AbstractStorage save
INFO: &amp#27;[32mSave ceb245f9-bae8-444f-9c93-ac9f6734dadb(uuid4898)
сент. 16, 2025 8:21:57 PM webapp.storage.AbstractStorage save
INFO: &amp#27;[32mSave da5bf0a5-411d-46d1-89ae-c1fee650c907(uuid4899)
сент. 16, 2025 8:21:57 PM webapp.storage.AbstractStorage save
INFO: &amp#27;[32mSave 7c1df898-04d1-4094-a735-b8f931043102(uuid4900)
сент. 16, 2025 8:21:57 PM webapp.storage.AbstractStorage save
INFO: &amp#27;[32mSave fe11aaf3-3ec2-4781-9895-6c934a85533c(uuid4901)
сент. 16, 2025 8:21:57 PM webapp.storage.AbstractStorage save
INFO: &amp#27;[32mSave 7f0ecd23-69d2-40d4-9907-5a368a08c660(uuid4902)
сент. 16, 2025 8:21:57 PM webapp.storage.AbstractStorage save
INFO: &amp#27;[32mSave c06ba347-885e-4a27-abf1-a51f3bc8435f(uuid4903)
сент. 16, 2025 8:21:57 PM webapp.storage.AbstractStorage save
INFO: &amp#27;[32mSave ed6007a0-2084-4bd7-bd2d-6ac869e7a7d3(uuid4904)
сент. 16, 2025 8:21:57 PM webapp.storage.AbstractStorage save
INFO: &amp#27;[32mSave 90f16e25-c071-44f5-bc35-16c867bfd3c4(uuid4905)
сент. 16, 2025 8:21:57 PM webapp.storage.AbstractStorage save
INFO: &amp#27;[32mSave 0ee6faef-a4d6-4e22-9c07-0cfd4cbbce52(uuid4906)
сент. 16, 2025 8:21:57 PM webapp.storage.AbstractStorage save
INFO: &amp#27;[32mSave 0f00b3a6-2751-4efc-99df-4aac7e76c25a(uuid4907)
сент. 16, 2025 8:21:57 PM webapp.storage.AbstractStorage save
INFO: &amp#27;[32mSave 1bbe9e9b-b0e9-480d-b3f4-eca59fb51926(uuid4908)
сент. 16, 2025 8:21:57 PM webapp.storage.AbstractStorage save
INFO: &amp#27;[32mSave 7f11c16d-6b56-4557-90e9-e6077a2dabf5(uuid4909)
сент. 16, 2025 8:21:57 PM webapp.storage.AbstractStorage save
INFO: &amp#27;[32mSave e305652c-5b4e-41be-8775-393f57a7e660(uuid4910)
сент. 16, 2025 8:21:57 PM webapp.storage.AbstractStorage save
INFO: &amp#27;[32mSave 436e12f6-fb7b-45fa-9fee-b5edf2ef4f9a(uuid4911)
сент. 16, 2025 8:21:57 PM webapp.storage.AbstractStorage save
INFO: &amp#27;[32mSave 14d67d87-7b5a-4e25-9a3d-2102ae6d31a2(uuid4912)
сент. 16, 2025 8:21:57 PM webapp.storage.AbstractStorage save
INFO: &amp#27;[32mSave de87ec73-8ea8-42b6-98c3-de840e749aa8(uuid4913)
сент. 16, 2025 8:21:57 PM webapp.storage.AbstractStorage save
INFO: &amp#27;[32mSave 6bb8d440-36d5-472a-9c8b-b2345ab98960(uuid4914)
сент. 16, 2025 8:21:57 PM webapp.storage.AbstractStorage save
INFO: &amp#27;[32mSave 4b2e31c3-5d02-4ecc-8d91-84924a576574(uuid4915)
сент. 16, 2025 8:21:57 PM webapp.storage.AbstractStorage save
INFO: &amp#27;[32mSave 3e6dd055-8bbb-4f52-9a51-e36e14139af4(uuid4916)
сент. 16, 2025 8:21:57 PM webapp.storage.AbstractStorage save
INFO: &amp#27;[32mSave 47e9d66a-5a98-4359-a64e-ef1fd0347a9c(uuid4917)
сент. 16, 2025 8:21:57 PM webapp.storage.AbstractStorage save
INFO: &amp#27;[32mSave 80185f18-2580-4d37-90df-c42b55234ebf(uuid4918)
сент. 16, 2025 8:21:57 PM webapp.storage.AbstractStorage save
INFO: &amp#27;[32mSave 00555b54-d36a-458e-9f36-a159001fbffd(uuid4919)
сент. 16, 2025 8:21:57 PM webapp.storage.AbstractStorage save
INFO: &amp#27;[32mSave 43b358b2-2858-42df-b526-d9367661509d(uuid4920)
сент. 16, 2025 8:21:57 PM webapp.storage.AbstractStorage save
INFO: &amp#27;[32mSave 8e5da8cb-1790-4746-bf8f-227db0a970f9(uuid4921)
сент. 16, 2025 8:21:57 PM webapp.storage.AbstractStorage save
INFO: &amp#27;[32mSave 967481e2-38a4-4380-bfb2-be6293230879(uuid4922)
сент. 16, 2025 8:21:57 PM webapp.storage.AbstractStorage save
INFO: &amp#27;[32mSave c4b8eeaf-2762-4b09-a816-7dd669671781(uuid4923)
сент. 16, 2025 8:21:57 PM webapp.storage.AbstractStorage save
INFO: &amp#27;[32mSave 3aefb973-e717-4767-b6d1-94a958b530c2(uuid4924)
сент. 16, 2025 8:21:57 PM webapp.storage.AbstractStorage save
INFO: &amp#27;[32mSave fc622916-4874-473f-af7d-89a522a12f81(uuid4925)
сент. 16, 2025 8:21:57 PM webapp.storage.AbstractStorage save
INFO: &amp#27;[32mSave d2eb543d-2ad8-4e4a-ad16-28562b226ebc(uuid4926)
сент. 16, 2025 8:21:57 PM webapp.storage.AbstractStorage save
INFO: &amp#27;[32mSave bb7eaea6-9b75-4872-8907-cc446abcc2b0(uuid4927)
сент. 16, 2025 8:21:57 PM webapp.storage.AbstractStorage save
INFO: &amp#27;[32mSave f941513b-8c2e-40ff-bb42-e485fa888220(uuid4928)
сент. 16, 2025 8:21:57 PM webapp.storage.AbstractStorage save
INFO: &amp#27;[32mSave aa26686e-e988-470a-bea7-4ace58c47b4f(uuid4929)
сент. 16, 2025 8:21:57 PM webapp.storage.AbstractStorage save
INFO: &amp#27;[32mSave 2ad4da14-9f05-40a3-8b9c-273335fde8ec(uuid4930)
сент. 16, 2025 8:21:57 PM webapp.storage.AbstractStorage save
INFO: &amp#27;[32mSave f3b49efd-8bb7-4904-9c8d-b6e8d384868e(uuid4931)
сент. 16, 2025 8:21:57 PM webapp.storage.AbstractStorage save
INFO: &amp#27;[32mSave 6252c670-1ea7-4996-a491-7ef556c22aae(uuid4932)
сент. 16, 2025 8:21:57 PM webapp.storage.AbstractStorage save
INFO: &amp#27;[32mSave 701364d4-e206-4edf-b16b-be6625bc3569(uuid4933)
сент. 16, 2025 8:21:57 PM webapp.storage.AbstractStorage save
INFO: &amp#27;[32mSave 61aa28dc-dadb-4dd1-b639-60dd384d9824(uuid4934)
сент. 16, 2025 8:21:57 PM webapp.storage.AbstractStorage save
INFO: &amp#27;[32mSave 18912d15-08e0-4bc5-bf73-104bc2f63eca(uuid4935)
сент. 16, 2025 8:21:57 PM webapp.storage.AbstractStorage save
INFO: &amp#27;[32mSave 9090ab66-345a-4992-91f8-f29c93f23730(uuid4936)
сент. 16, 2025 8:21:57 PM webapp.storage.AbstractStorage save
INFO: &amp#27;[32mSave 99aa662e-28fe-44fa-9cb6-c4484681aaab(uuid4937)
сент. 16, 2025 8:21:57 PM webapp.storage.AbstractStorage save
INFO: &amp#27;[32mSave c383bc1a-8f85-4020-a7e9-7e73bfd70701(uuid4938)
сент. 16, 2025 8:21:57 PM webapp.storage.AbstractStorage save
INFO: &amp#27;[32mSave e36b8d70-f08a-4362-9df2-49e1ae44c11c(uuid4939)
сент. 16, 2025 8:21:57 PM webapp.storage.AbstractStorage save
INFO: &amp#27;[32mSave 3fa6c100-dd0d-4fab-8de6-f33de8ff284d(uuid4940)
сент. 16, 2025 8:21:57 PM webapp.storage.AbstractStorage save
INFO: &amp#27;[32mSave 67ae0cbb-08c1-4bf3-af6c-e6b19ded4508(uuid4941)
сент. 16, 2025 8:21:57 PM webapp.storage.AbstractStorage save
INFO: &amp#27;[32mSave b7395369-913f-4476-b705-fd6f5fb141e5(uuid4942)
сент. 16, 2025 8:21:57 PM webapp.storage.AbstractStorage save
INFO: &amp#27;[32mSave fba81232-7062-4e01-ae33-65487b7b2f94(uuid4943)
сент. 16, 2025 8:21:57 PM webapp.storage.AbstractStorage save
INFO: &amp#27;[32mSave 39f1e446-6f53-41aa-bcda-655ef1f5b03b(uuid4944)
сент. 16, 2025 8:21:57 PM webapp.storage.AbstractStorage save
INFO: &amp#27;[32mSave b19ad5c1-a870-403c-bf02-86d3e9564064(uuid4945)
сент. 16, 2025 8:21:57 PM webapp.storage.AbstractStorage save
INFO: &amp#27;[32mSave f59eec32-161c-47b8-bd5d-dcb9ce3ee8c1(uuid4946)
сент. 16, 2025 8:21:57 PM webapp.storage.AbstractStorage save
INFO: &amp#27;[32mSave 1bca0d68-a0ac-4904-aa96-cc5eef7027b2(uuid4947)
сент. 16, 2025 8:21:57 PM webapp.storage.AbstractStorage save
INFO: &amp#27;[32mSave 0d9bde69-f799-49d5-826e-f60670d38e9a(uuid4948)
сент. 16, 2025 8:21:57 PM webapp.storage.AbstractStorage save
INFO: &amp#27;[32mSave f183f704-72a3-411e-a365-d767ee9e4a71(uuid4949)
сент. 16, 2025 8:21:57 PM webapp.storage.AbstractStorage save
INFO: &amp#27;[32mSave aa0f20da-9215-4639-9116-501050b59bf9(uuid4950)
сент. 16, 2025 8:21:57 PM webapp.storage.AbstractStorage save
INFO: &amp#27;[32mSave 6869a2ee-5cf0-4b56-95a9-ca9fb542ef8a(uuid4951)
сент. 16, 2025 8:21:57 PM webapp.storage.AbstractStorage save
INFO: &amp#27;[32mSave 7ee8c117-e43a-470d-8e9b-7d8e3a557c4a(uuid4952)
сент. 16, 2025 8:21:57 PM webapp.storage.AbstractStorage save
INFO: &amp#27;[32mSave 92208b72-61ed-4146-bd29-87c413c6cafe(uuid4953)
сент. 16, 2025 8:21:57 PM webapp.storage.AbstractStorage save
INFO: &amp#27;[32mSave c422409e-ba0e-4729-b26a-05078a9092bf(uuid4954)
сент. 16, 2025 8:21:57 PM webapp.storage.AbstractStorage save
INFO: &amp#27;[32mSave 30ce8259-5b5f-4aeb-90f1-e2fca3d923fe(uuid4955)
сент. 16, 2025 8:21:57 PM webapp.storage.AbstractStorage save
INFO: &amp#27;[32mSave 3b011a77-7f78-4635-89f3-71dde9646450(uuid4956)
сент. 16, 2025 8:21:57 PM webapp.storage.AbstractStorage save
INFO: &amp#27;[32mSave 3ecad4ac-e125-46d9-ac9a-e75aa5a5a7f7(uuid4957)
сент. 16, 2025 8:21:57 PM webapp.storage.AbstractStorage save
INFO: &amp#27;[32mSave a16c6f5c-ca79-4506-b63c-3730e95d8f2d(uuid4958)
сент. 16, 2025 8:21:57 PM webapp.storage.AbstractStorage save
INFO: &amp#27;[32mSave fa98b09e-6da8-4edc-b7a3-aa6d4718336b(uuid4959)
сент. 16, 2025 8:21:57 PM webapp.storage.AbstractStorage save
INFO: &amp#27;[32mSave 05d7352d-293d-48c5-8b2f-45beb40a95e5(uuid4960)
сент. 16, 2025 8:21:57 PM webapp.storage.AbstractStorage save
INFO: &amp#27;[32mSave 7c5e298e-82fc-4f8e-9d35-7fa003898cb5(uuid4961)
сент. 16, 2025 8:21:57 PM webapp.storage.AbstractStorage save
INFO: &amp#27;[32mSave 1e90b879-f302-43e3-8443-decb607fc14d(uuid4962)
сент. 16, 2025 8:21:57 PM webapp.storage.AbstractStorage save
INFO: &amp#27;[32mSave e0048f00-1ff7-4683-8fc2-12c997d31f22(uuid4963)
сент. 16, 2025 8:21:57 PM webapp.storage.AbstractStorage save
INFO: &amp#27;[32mSave 3b390c02-48b6-4902-83a2-e780a78f8c5e(uuid4964)
сент. 16, 2025 8:21:57 PM webapp.storage.AbstractStorage save
INFO: &amp#27;[32mSave e866a999-17a5-4086-9881-94b4b147e148(uuid4965)
сент. 16, 2025 8:21:57 PM webapp.storage.AbstractStorage save
INFO: &amp#27;[32mSave ec77cc6c-5666-437c-94d8-28a5f5914955(uuid4966)
сент. 16, 2025 8:21:57 PM webapp.storage.AbstractStorage save
INFO: &amp#27;[32mSave 4739320d-1326-41ac-a9e5-c36c80589cd3(uuid4967)
сент. 16, 2025 8:21:57 PM webapp.storage.AbstractStorage save
INFO: &amp#27;[32mSave 49130397-2cec-492a-9122-25f767df20aa(uuid4968)
сент. 16, 2025 8:21:57 PM webapp.storage.AbstractStorage save
INFO: &amp#27;[32mSave e1e1616c-43a6-4bbc-a268-fd5deff69c76(uuid4969)
сент. 16, 2025 8:21:57 PM webapp.storage.AbstractStorage save
INFO: &amp#27;[32mSave 57bcb206-8f10-4ee2-9ed8-02f905dbbb5e(uuid4970)
сент. 16, 2025 8:21:57 PM webapp.storage.AbstractStorage save
INFO: &amp#27;[32mSave fd83c2ec-447b-41de-b7e1-4fef2aa11420(uuid4971)
сент. 16, 2025 8:21:57 PM webapp.storage.AbstractStorage save
INFO: &amp#27;[32mSave 86de78c1-0482-4d00-bf71-564185349984(uuid4972)
сент. 16, 2025 8:21:57 PM webapp.storage.AbstractStorage save
INFO: &amp#27;[32mSave 6dfaf596-2346-46fb-a5ad-2dabccc552e1(uuid4973)
сент. 16, 2025 8:21:57 PM webapp.storage.AbstractStorage save
INFO: &amp#27;[32mSave 95e74475-8715-4305-9549-0801abb2234c(uuid4974)
сент. 16, 2025 8:21:57 PM webapp.storage.AbstractStorage save
INFO: &amp#27;[32mSave 8337e340-c3a2-4099-bc02-34f44f33f41d(uuid4975)
сент. 16, 2025 8:21:57 PM webapp.storage.AbstractStorage save
INFO: &amp#27;[32mSave b17566b3-e694-4f9b-af6e-0b18eeaae427(uuid4976)
сент. 16, 2025 8:21:57 PM webapp.storage.AbstractStorage save
INFO: &amp#27;[32mSave 738cd4c1-bd97-420b-9f27-4ddaf5c5fd5a(uuid4977)
сент. 16, 2025 8:21:57 PM webapp.storage.AbstractStorage save
INFO: &amp#27;[32mSave 3669d769-741d-4ba9-9cdf-da51fa11c861(uuid4978)
сент. 16, 2025 8:21:57 PM webapp.storage.AbstractStorage save
INFO: &amp#27;[32mSave 6615461f-2ca1-4334-ad5f-99810519417d(uuid4979)
сент. 16, 2025 8:21:57 PM webapp.storage.AbstractStorage save
INFO: &amp#27;[32mSave 05f612e4-1cf2-44d1-8958-a1810935cf4f(uuid4980)
сент. 16, 2025 8:21:57 PM webapp.storage.AbstractStorage save
INFO: &amp#27;[32mSave 0e51102f-8bd2-46ff-8c64-6900ea5ef539(uuid4981)
сент. 16, 2025 8:21:57 PM webapp.storage.AbstractStorage save
INFO: &amp#27;[32mSave e6bc9cb5-c050-4dc0-a4e3-a4c732e35ef5(uuid4982)
сент. 16, 2025 8:21:57 PM webapp.storage.AbstractStorage save
INFO: &amp#27;[32mSave 6012b1bc-0234-4d52-ba39-2f599c235a0f(uuid4983)
сент. 16, 2025 8:21:57 PM webapp.storage.AbstractStorage save
INFO: &amp#27;[32mSave 859c20c3-52f6-477e-a0d9-044a8e5b9966(uuid4984)
сент. 16, 2025 8:21:57 PM webapp.storage.AbstractStorage save
INFO: &amp#27;[32mSave 9e7e3c41-8a53-4c37-a2de-be464b9ba5e4(uuid4985)
сент. 16, 2025 8:21:57 PM webapp.storage.AbstractStorage save
INFO: &amp#27;[32mSave 6b87ffcf-74c6-439d-a056-7dfbeef71118(uuid4986)
сент. 16, 2025 8:21:57 PM webapp.storage.AbstractStorage save
INFO: &amp#27;[32mSave 54fd34ce-9b48-4933-ba18-244270f1638d(uuid4987)
сент. 16, 2025 8:21:57 PM webapp.storage.AbstractStorage save
INFO: &amp#27;[32mSave e1cd90a6-d03d-44a2-86fa-eaa72d1a72df(uuid4988)
сент. 16, 2025 8:21:57 PM webapp.storage.AbstractStorage save
INFO: &amp#27;[32mSave 058cb883-1937-4668-bb3f-ba52792b85ba(uuid4989)
сент. 16, 2025 8:21:57 PM webapp.storage.AbstractStorage save
INFO: &amp#27;[32mSave 6219cff1-4676-40b2-a13b-bc437fff2835(uuid4990)
сент. 16, 2025 8:21:57 PM webapp.storage.AbstractStorage save
INFO: &amp#27;[32mSave 85f9fb05-6276-4185-85d9-0749d7d133b5(uuid4991)
сент. 16, 2025 8:21:57 PM webapp.storage.AbstractStorage save
INFO: &amp#27;[32mSave 1813fc98-93ea-4d51-a162-fa14cf31ebd8(uuid4992)
сент. 16, 2025 8:21:57 PM webapp.storage.AbstractStorage save
INFO: &amp#27;[32mSave 78a62bfe-1db4-49a3-89bd-885aecec7153(uuid4993)
сент. 16, 2025 8:21:57 PM webapp.storage.AbstractStorage save
INFO: &amp#27;[32mSave d09ec356-bc7b-448e-977c-915077838340(uuid4994)
сент. 16, 2025 8:21:57 PM webapp.storage.AbstractStorage save
INFO: &amp#27;[32mSave d531a0be-8d5c-4225-8bd1-ff62fc891fc5(uuid4995)
сент. 16, 2025 8:21:57 PM webapp.storage.AbstractStorage save
INFO: &amp#27;[32mSave 0d222ef7-e55e-4176-8e77-c809095bc194(uuid4996)
сент. 16, 2025 8:21:57 PM webapp.storage.AbstractStorage save
INFO: &amp#27;[32mSave e29ba89d-a449-4537-b78a-58a4236ca9e5(uuid4997)
сент. 16, 2025 8:21:57 PM webapp.storage.AbstractStorage save
INFO: &amp#27;[32mSave d862a39e-4da9-4e86-96ad-a71f4e9f9a21(uuid4998)
сент. 16, 2025 8:21:57 PM webapp.storage.AbstractStorage save
INFO: &amp#27;[32mSave c883105d-a994-4777-a960-8aacf8c7ecc9(uuid4999)
сент. 16, 2025 8:21:57 PM webapp.storage.AbstractStorage save
INFO: &amp#27;[32mSave 67985017-bfc5-41bf-9af2-600cd5519af3(uuid5000)
сент. 16, 2025 8:21:57 PM webapp.storage.AbstractStorage save
INFO: &amp#27;[32mSave 7299148d-7a8b-45d9-83f6-1548bbeab3da(uuid5001)
сент. 16, 2025 8:21:57 PM webapp.storage.AbstractStorage save
INFO: &amp#27;[32mSave a7fd6d33-f6eb-4146-a4dc-113208d4c0ed(uuid5002)
сент. 16, 2025 8:21:57 PM webapp.storage.AbstractStorage save
INFO: &amp#27;[32mSave cc9df118-9f53-4699-a9f5-948dfacf5424(uuid5003)
сент. 16, 2025 8:21:57 PM webapp.storage.AbstractStorage save
INFO: &amp#27;[32mSave 4f624e38-bc8e-4bde-9c00-e590f0e82153(uuid5004)
сент. 16, 2025 8:21:57 PM webapp.storage.AbstractStorage save
INFO: &amp#27;[32mSave 5cba893d-9646-4bd9-badc-cd6901818893(uuid5005)
сент. 16, 2025 8:21:57 PM webapp.storage.AbstractStorage save
INFO: &amp#27;[32mSave 4691f836-d2bc-4922-bb88-2c1d57ba6341(uuid5006)
сент. 16, 2025 8:21:57 PM webapp.storage.AbstractStorage save
INFO: &amp#27;[32mSave 4e5f26fb-1722-45d2-b959-3b9772caf128(uuid5007)
сент. 16, 2025 8:21:57 PM webapp.storage.AbstractStorage save
INFO: &amp#27;[32mSave bc27cdbb-a703-4bdd-9f54-200ba1730cab(uuid5008)
сент. 16, 2025 8:21:57 PM webapp.storage.AbstractStorage save
INFO: &amp#27;[32mSave 6f50a2e2-326c-47cd-bb22-d0dd4f1ea594(uuid5009)
сент. 16, 2025 8:21:57 PM webapp.storage.AbstractStorage save
INFO: &amp#27;[32mSave 1424b3e2-f861-495f-a5f9-34123ddc6b87(uuid5010)
сент. 16, 2025 8:21:57 PM webapp.storage.AbstractStorage save
INFO: &amp#27;[32mSave 4a6574d9-6980-4837-846d-d448235c3caa(uuid5011)
сент. 16, 2025 8:21:57 PM webapp.storage.AbstractStorage save
INFO: &amp#27;[32mSave 22a55d89-7a15-47b5-b6fd-f4da531cabdc(uuid5012)
сент. 16, 2025 8:21:57 PM webapp.storage.AbstractStorage save
INFO: &amp#27;[32mSave c4dbb3f7-245c-4ae9-9057-13c46796f797(uuid5013)
сент. 16, 2025 8:21:57 PM webapp.storage.AbstractStorage save
INFO: &amp#27;[32mSave 7288d8a4-7f04-4893-9d14-4d36f5b38eff(uuid5014)
сент. 16, 2025 8:21:57 PM webapp.storage.AbstractStorage save
INFO: &amp#27;[32mSave 11e9c25d-dd52-4839-821b-3e00c649cec5(uuid5015)
сент. 16, 2025 8:21:57 PM webapp.storage.AbstractStorage save
INFO: &amp#27;[32mSave 396a65bc-4065-4f69-84c5-25c814232170(uuid5016)
сент. 16, 2025 8:21:57 PM webapp.storage.AbstractStorage save
INFO: &amp#27;[32mSave 3bcd7365-415f-4568-9986-4ef8ee9ee8d2(uuid5017)
сент. 16, 2025 8:21:57 PM webapp.storage.AbstractStorage save
INFO: &amp#27;[32mSave fc385824-de45-47c6-8572-054fecbbec44(uuid5018)
сент. 16, 2025 8:21:57 PM webapp.storage.AbstractStorage save
INFO: &amp#27;[32mSave 888eb859-c58f-4704-b87d-c7b8c303fc38(uuid5019)
сент. 16, 2025 8:21:57 PM webapp.storage.AbstractStorage save
INFO: &amp#27;[32mSave 26a6edc3-13ba-431c-bc28-ae14e7e4243e(uuid5020)
сент. 16, 2025 8:21:57 PM webapp.storage.AbstractStorage save
INFO: &amp#27;[32mSave e13f2b3f-fc1b-457d-b8a0-fe21c8e82ac7(uuid5021)
сент. 16, 2025 8:21:57 PM webapp.storage.AbstractStorage save
INFO: &amp#27;[32mSave 3d66b214-e92b-4a43-9f2c-4ff71b790ca7(uuid5022)
сент. 16, 2025 8:21:57 PM webapp.storage.AbstractStorage save
INFO: &amp#27;[32mSave dd9ad805-d990-4fb7-be07-c4215383014a(uuid5023)
сент. 16, 2025 8:21:57 PM webapp.storage.AbstractStorage save
INFO: &amp#27;[32mSave d4e16b0d-b15d-4849-90be-5704036e8357(uuid5024)
сент. 16, 2025 8:21:57 PM webapp.storage.AbstractStorage save
INFO: &amp#27;[32mSave 6be0d529-df77-49fd-8468-51ee1a9bf407(uuid5025)
сент. 16, 2025 8:21:57 PM webapp.storage.AbstractStorage save
INFO: &amp#27;[32mSave 6eb32784-b6b3-40da-b7b8-ffdecd8cffa3(uuid5026)
сент. 16, 2025 8:21:57 PM webapp.storage.AbstractStorage save
INFO: &amp#27;[32mSave c2cf60fc-4425-4481-b2f1-082e9208dcc6(uuid5027)
сент. 16, 2025 8:21:57 PM webapp.storage.AbstractStorage save
INFO: &amp#27;[32mSave b5c70c40-9049-4422-a77b-4f192a590125(uuid5028)
сент. 16, 2025 8:21:57 PM webapp.storage.AbstractStorage save
INFO: &amp#27;[32mSave cca1e0f1-0a42-47e3-826b-a6b7b039b6d2(uuid5029)
сент. 16, 2025 8:21:57 PM webapp.storage.AbstractStorage save
INFO: &amp#27;[32mSave 7c5af4c8-0a6d-4da7-9e1d-a4753c20a77e(uuid5030)
сент. 16, 2025 8:21:57 PM webapp.storage.AbstractStorage save
INFO: &amp#27;[32mSave a4f7da4f-3822-4a4a-ae7a-ed7dcc197208(uuid5031)
сент. 16, 2025 8:21:57 PM webapp.storage.AbstractStorage save
INFO: &amp#27;[32mSave 3fa0d70d-8f85-4096-8e78-e1f163bebde2(uuid5032)
сент. 16, 2025 8:21:57 PM webapp.storage.AbstractStorage save
INFO: &amp#27;[32mSave 671e1726-eb89-483e-a254-a42b22f5663d(uuid5033)
сент. 16, 2025 8:21:57 PM webapp.storage.AbstractStorage save
INFO: &amp#27;[32mSave 0764720c-1b6c-4e46-a659-f9160699d654(uuid5034)
сент. 16, 2025 8:21:57 PM webapp.storage.AbstractStorage save
INFO: &amp#27;[32mSave 94360ac4-83bf-40ef-aa8f-a09e01805f11(uuid5035)
сент. 16, 2025 8:21:57 PM webapp.storage.AbstractStorage save
INFO: &amp#27;[32mSave a835c0c4-17fa-43de-952f-2ee1d264b26d(uuid5036)
сент. 16, 2025 8:21:57 PM webapp.storage.AbstractStorage save
INFO: &amp#27;[32mSave 1a74fe63-1d83-4648-bc42-5fac25fc0313(uuid5037)
сент. 16, 2025 8:21:57 PM webapp.storage.AbstractStorage save
INFO: &amp#27;[32mSave 197e3a12-7cd1-46ab-af37-3a501c26ea0e(uuid5038)
сент. 16, 2025 8:21:57 PM webapp.storage.AbstractStorage save
INFO: &amp#27;[32mSave 6e7faee2-4292-492e-b8f4-112b72fce9a4(uuid5039)
сент. 16, 2025 8:21:57 PM webapp.storage.AbstractStorage save
INFO: &amp#27;[32mSave f3a0ec8a-0315-4016-8536-fd9362ba553c(uuid5040)
сент. 16, 2025 8:21:57 PM webapp.storage.AbstractStorage save
INFO: &amp#27;[32mSave 0b6d0ce1-36b4-425a-a102-7c10350cf6ac(uuid5041)
сент. 16, 2025 8:21:57 PM webapp.storage.AbstractStorage save
INFO: &amp#27;[32mSave 02b920bb-28ed-4b23-9056-a28e681d2d2b(uuid5042)
сент. 16, 2025 8:21:57 PM webapp.storage.AbstractStorage save
INFO: &amp#27;[32mSave 70ca0145-ea53-4e6d-9ca6-fb70f4f2bd09(uuid5043)
сент. 16, 2025 8:21:57 PM webapp.storage.AbstractStorage save
INFO: &amp#27;[32mSave 6aa60a1d-5bec-42e4-9353-7a10f59825d8(uuid5044)
сент. 16, 2025 8:21:57 PM webapp.storage.AbstractStorage save
INFO: &amp#27;[32mSave b25d1d4a-8bd5-43d6-963a-904f6e2520b2(uuid5045)
сент. 16, 2025 8:21:57 PM webapp.storage.AbstractStorage save
INFO: &amp#27;[32mSave 8bc289e0-408a-413e-b313-7f1f877241d1(uuid5046)
сент. 16, 2025 8:21:57 PM webapp.storage.AbstractStorage save
INFO: &amp#27;[32mSave 6e16e0cf-f1b8-48de-88c3-a81288e28fb9(uuid5047)
сент. 16, 2025 8:21:57 PM webapp.storage.AbstractStorage save
INFO: &amp#27;[32mSave 09f3d027-e604-4c0c-8a43-9e3f875ec936(uuid5048)
сент. 16, 2025 8:21:57 PM webapp.storage.AbstractStorage save
INFO: &amp#27;[32mSave bfac32d4-996d-4095-9539-61164c0a168b(uuid5049)
сент. 16, 2025 8:21:57 PM webapp.storage.AbstractStorage save
INFO: &amp#27;[32mSave b2336b09-5d61-47cd-851b-70a945c7882a(uuid5050)
сент. 16, 2025 8:21:57 PM webapp.storage.AbstractStorage save
INFO: &amp#27;[32mSave d7084d4a-f6cf-4c75-a6c6-6358b4f726aa(uuid5051)
сент. 16, 2025 8:21:57 PM webapp.storage.AbstractStorage save
INFO: &amp#27;[32mSave 0381c6ac-7179-448e-8907-24170953bf55(uuid5052)
сент. 16, 2025 8:21:57 PM webapp.storage.AbstractStorage save
INFO: &amp#27;[32mSave f9c32c64-6d17-4430-905f-5bda3718a9b1(uuid5053)
сент. 16, 2025 8:21:57 PM webapp.storage.AbstractStorage save
INFO: &amp#27;[32mSave 6482d893-9d14-4cef-aef4-b732f769c651(uuid5054)
сент. 16, 2025 8:21:57 PM webapp.storage.AbstractStorage save
INFO: &amp#27;[32mSave 88132ed2-862a-44df-80ee-d28de57bf7fd(uuid5055)
сент. 16, 2025 8:21:57 PM webapp.storage.AbstractStorage save
INFO: &amp#27;[32mSave 34383346-929c-4e4b-af0e-4acdda01d72b(uuid5056)
сент. 16, 2025 8:21:57 PM webapp.storage.AbstractStorage save
INFO: &amp#27;[32mSave 8a53bdb9-5d38-4f23-afe7-c12f9c53c098(uuid5057)
сент. 16, 2025 8:21:57 PM webapp.storage.AbstractStorage save
INFO: &amp#27;[32mSave 567bd847-9251-43b3-a144-b1a4931a408f(uuid5058)
сент. 16, 2025 8:21:57 PM webapp.storage.AbstractStorage save
INFO: &amp#27;[32mSave 4a6c3fd5-4e8f-4c01-bb89-2ff3abf3aa49(uuid5059)
сент. 16, 2025 8:21:57 PM webapp.storage.AbstractStorage save
INFO: &amp#27;[32mSave f885df91-4c6b-4b3c-b70e-9c841ddc63b8(uuid5060)
сент. 16, 2025 8:21:57 PM webapp.storage.AbstractStorage save
INFO: &amp#27;[32mSave 9118ffbc-9326-457a-864f-71728a270a6e(uuid5061)
сент. 16, 2025 8:21:57 PM webapp.storage.AbstractStorage save
INFO: &amp#27;[32mSave 6c102802-6527-41d4-8521-9d8d8281f3bb(uuid5062)
сент. 16, 2025 8:21:57 PM webapp.storage.AbstractStorage save
INFO: &amp#27;[32mSave 38adc4e5-a2c6-449c-8e28-e2262a38343b(uuid5063)
сент. 16, 2025 8:21:57 PM webapp.storage.AbstractStorage save
INFO: &amp#27;[32mSave 61c87f64-bdc0-4a29-8896-dd82d6fa4665(uuid5064)
сент. 16, 2025 8:21:57 PM webapp.storage.AbstractStorage save
INFO: &amp#27;[32mSave 29b25684-f607-4af2-bb86-3643a206a8c1(uuid5065)
сент. 16, 2025 8:21:57 PM webapp.storage.AbstractStorage save
INFO: &amp#27;[32mSave de9a6b36-6299-40e7-9513-23c39cb1c13c(uuid5066)
сент. 16, 2025 8:21:57 PM webapp.storage.AbstractStorage save
INFO: &amp#27;[32mSave 561933e5-aa44-49a8-b62e-b1bfb490eb57(uuid5067)
сент. 16, 2025 8:21:57 PM webapp.storage.AbstractStorage save
INFO: &amp#27;[32mSave b0165d1e-1c46-49bf-aad3-b732edc6bc62(uuid5068)
сент. 16, 2025 8:21:57 PM webapp.storage.AbstractStorage save
INFO: &amp#27;[32mSave 746b503b-993a-44b5-855c-5f5ce9f54a24(uuid5069)
сент. 16, 2025 8:21:57 PM webapp.storage.AbstractStorage save
INFO: &amp#27;[32mSave a40333d7-a3f4-453e-bcb3-4f480b7bc767(uuid5070)
сент. 16, 2025 8:21:57 PM webapp.storage.AbstractStorage save
INFO: &amp#27;[32mSave e86044b0-e942-4f81-af25-d0e8772fbe21(uuid5071)
сент. 16, 2025 8:21:57 PM webapp.storage.AbstractStorage save
INFO: &amp#27;[32mSave fd0a2312-9a9e-456f-b419-2223821e5e62(uuid5072)
сент. 16, 2025 8:21:57 PM webapp.storage.AbstractStorage save
INFO: &amp#27;[32mSave 84b5e351-474a-4652-a643-751511582796(uuid5073)
сент. 16, 2025 8:21:57 PM webapp.storage.AbstractStorage save
INFO: &amp#27;[32mSave d4283bcb-332a-478f-ae3a-c22052bf1de0(uuid5074)
сент. 16, 2025 8:21:57 PM webapp.storage.AbstractStorage save
INFO: &amp#27;[32mSave dcd7ab93-2b34-4397-ab80-ba377991e499(uuid5075)
сент. 16, 2025 8:21:57 PM webapp.storage.AbstractStorage save
INFO: &amp#27;[32mSave 21c8725d-65c0-47ed-919a-4bd64de46d70(uuid5076)
сент. 16, 2025 8:21:57 PM webapp.storage.AbstractStorage save
INFO: &amp#27;[32mSave fa2246e4-55b1-4c54-9d18-4b2f86f5a8f7(uuid5077)
сент. 16, 2025 8:21:57 PM webapp.storage.AbstractStorage save
INFO: &amp#27;[32mSave 6f7e78f5-fac8-4198-b824-f1911be009c1(uuid5078)
сент. 16, 2025 8:21:57 PM webapp.storage.AbstractStorage save
INFO: &amp#27;[32mSave e96fca24-3d1a-4169-83b1-2b37e2d99383(uuid5079)
сент. 16, 2025 8:21:57 PM webapp.storage.AbstractStorage save
INFO: &amp#27;[32mSave f552b23d-77e3-4ab8-a013-1293208b03cd(uuid5080)
сент. 16, 2025 8:21:57 PM webapp.storage.AbstractStorage save
INFO: &amp#27;[32mSave 0500d0ce-715e-4a88-9788-568a9f77f018(uuid5081)
сент. 16, 2025 8:21:57 PM webapp.storage.AbstractStorage save
INFO: &amp#27;[32mSave c428605a-e051-4388-a600-be291afb74d0(uuid5082)
сент. 16, 2025 8:21:57 PM webapp.storage.AbstractStorage save
INFO: &amp#27;[32mSave f22138cd-c1d1-4dd9-8417-cd8680f2393b(uuid5083)
сент. 16, 2025 8:21:57 PM webapp.storage.AbstractStorage save
INFO: &amp#27;[32mSave 1b381ef7-c3c0-416a-9a2e-81c67e445e91(uuid5084)
сент. 16, 2025 8:21:57 PM webapp.storage.AbstractStorage save
INFO: &amp#27;[32mSave e6651510-a5e7-4f0b-a560-bcdc704eea91(uuid5085)
сент. 16, 2025 8:21:57 PM webapp.storage.AbstractStorage save
INFO: &amp#27;[32mSave 54c39f85-1740-4919-b547-e0df9b461e60(uuid5086)
сент. 16, 2025 8:21:57 PM webapp.storage.AbstractStorage save
INFO: &amp#27;[32mSave 605a141c-4a71-46cf-ad82-b53b4bed3d43(uuid5087)
сент. 16, 2025 8:21:57 PM webapp.storage.AbstractStorage save
INFO: &amp#27;[32mSave 09eba06c-f4bf-4f8a-9558-b831636de27a(uuid5088)
сент. 16, 2025 8:21:57 PM webapp.storage.AbstractStorage save
INFO: &amp#27;[32mSave 75c5ea60-cf2d-4595-a3b2-b6cad929d897(uuid5089)
сент. 16, 2025 8:21:57 PM webapp.storage.AbstractStorage save
INFO: &amp#27;[32mSave 6ca0677b-9577-45a2-8dc5-9816f4e6d3b4(uuid5090)
сент. 16, 2025 8:21:57 PM webapp.storage.AbstractStorage save
INFO: &amp#27;[32mSave 4f421898-bc5d-4bd0-ba1e-31e082cf44f4(uuid5091)
сент. 16, 2025 8:21:57 PM webapp.storage.AbstractStorage save
INFO: &amp#27;[32mSave ca13114e-b886-41da-be1d-353bb774442f(uuid5092)
сент. 16, 2025 8:21:57 PM webapp.storage.AbstractStorage save
INFO: &amp#27;[32mSave e20dbec2-4490-4d08-96b2-0cc55ea0494d(uuid5093)
сент. 16, 2025 8:21:57 PM webapp.storage.AbstractStorage save
INFO: &amp#27;[32mSave 180f82f4-c049-4df2-85fe-4c18c88d56cd(uuid5094)
сент. 16, 2025 8:21:57 PM webapp.storage.AbstractStorage save
INFO: &amp#27;[32mSave 616828c6-6fca-4936-97eb-7c98f1dccfe7(uuid5095)
сент. 16, 2025 8:21:57 PM webapp.storage.AbstractStorage save
INFO: &amp#27;[32mSave bc24a1e3-9ffe-4590-bb42-21cb8ea77f31(uuid5096)
сент. 16, 2025 8:21:57 PM webapp.storage.AbstractStorage save
INFO: &amp#27;[32mSave b721bf9c-ad5c-4e55-b752-def751603cc9(uuid5097)
сент. 16, 2025 8:21:57 PM webapp.storage.AbstractStorage save
INFO: &amp#27;[32mSave 7895fa4a-fb3f-4a3a-8e27-37003d85e224(uuid5098)
сент. 16, 2025 8:21:57 PM webapp.storage.AbstractStorage save
INFO: &amp#27;[32mSave 9f0704dd-31c9-4ab6-ac50-925ea07b4018(uuid5099)
сент. 16, 2025 8:21:57 PM webapp.storage.AbstractStorage save
INFO: &amp#27;[32mSave 35572565-2ac8-4391-9516-bfa76029f1cc(uuid5100)
сент. 16, 2025 8:21:57 PM webapp.storage.AbstractStorage save
INFO: &amp#27;[32mSave dd6182a1-dfac-4eee-b765-7436278bcb80(uuid5101)
сент. 16, 2025 8:21:57 PM webapp.storage.AbstractStorage save
INFO: &amp#27;[32mSave 7b5b07ae-1219-4d1d-b7be-63e7c264e5d6(uuid5102)
сент. 16, 2025 8:21:57 PM webapp.storage.AbstractStorage save
INFO: &amp#27;[32mSave ae796c89-bbf8-44c8-9a56-6808246036b7(uuid5103)
сент. 16, 2025 8:21:57 PM webapp.storage.AbstractStorage save
INFO: &amp#27;[32mSave 05f477dc-22c6-438f-a749-5fbc824b96ed(uuid5104)
сент. 16, 2025 8:21:57 PM webapp.storage.AbstractStorage save
INFO: &amp#27;[32mSave f375d7c0-6806-4490-9ede-a329977fb09e(uuid5105)
сент. 16, 2025 8:21:57 PM webapp.storage.AbstractStorage save
INFO: &amp#27;[32mSave 26bd58de-a194-43e1-a3df-08b3d60c0978(uuid5106)
сент. 16, 2025 8:21:57 PM webapp.storage.AbstractStorage save
INFO: &amp#27;[32mSave 4b7f96ab-17e3-4b00-9e51-64c5fe8b272c(uuid5107)
сент. 16, 2025 8:21:57 PM webapp.storage.AbstractStorage save
INFO: &amp#27;[32mSave 14df00da-9cd0-4dbb-ab74-bdc3862f1d84(uuid5108)
сент. 16, 2025 8:21:57 PM webapp.storage.AbstractStorage save
INFO: &amp#27;[32mSave 644ab59c-626b-4307-878f-84987a6c8702(uuid5109)
сент. 16, 2025 8:21:57 PM webapp.storage.AbstractStorage save
INFO: &amp#27;[32mSave ce10a78d-8a52-4a08-8f88-411ec2d79df6(uuid5110)
сент. 16, 2025 8:21:57 PM webapp.storage.AbstractStorage save
INFO: &amp#27;[32mSave b4ddbe16-0a8f-42b7-9cf1-00591dc6bb30(uuid5111)
сент. 16, 2025 8:21:57 PM webapp.storage.AbstractStorage save
INFO: &amp#27;[32mSave 88787e1a-662c-4b2a-b7ca-ec2c735908e5(uuid5112)
сент. 16, 2025 8:21:57 PM webapp.storage.AbstractStorage save
INFO: &amp#27;[32mSave 29d97a7a-eb09-495a-9348-41d0e8144168(uuid5113)
сент. 16, 2025 8:21:57 PM webapp.storage.AbstractStorage save
INFO: &amp#27;[32mSave f06220da-8eda-4f74-a742-39ca834058d0(uuid5114)
сент. 16, 2025 8:21:57 PM webapp.storage.AbstractStorage save
INFO: &amp#27;[32mSave a0140658-f889-47b0-95bb-86c65e22b8cf(uuid5115)
сент. 16, 2025 8:21:57 PM webapp.storage.AbstractStorage save
INFO: &amp#27;[32mSave e7fcd079-cad7-4f69-9b31-42a1ce200e53(uuid5116)
сент. 16, 2025 8:21:57 PM webapp.storage.AbstractStorage save
INFO: &amp#27;[32mSave 544773a8-28ff-4f7a-bdb2-542db46f9ebc(uuid5117)
сент. 16, 2025 8:21:57 PM webapp.storage.AbstractStorage save
INFO: &amp#27;[32mSave 0f677850-978b-4cd6-9da1-2e52f4624d57(uuid5118)
сент. 16, 2025 8:21:57 PM webapp.storage.AbstractStorage save
INFO: &amp#27;[32mSave 6438a03f-703b-4f81-b90c-bd73fb2547af(uuid5119)
сент. 16, 2025 8:21:57 PM webapp.storage.AbstractStorage save
INFO: &amp#27;[32mSave 017ccff1-105a-4bc4-8323-732453b3c5b2(uuid5120)
сент. 16, 2025 8:21:57 PM webapp.storage.AbstractStorage save
INFO: &amp#27;[32mSave 1e6d619d-ea5e-4375-ae09-b3fb1ae39006(uuid5121)
сент. 16, 2025 8:21:57 PM webapp.storage.AbstractStorage save
INFO: &amp#27;[32mSave ca564194-0b70-47bc-8d02-a7e3cfc88fb1(uuid5122)
сент. 16, 2025 8:21:57 PM webapp.storage.AbstractStorage save
INFO: &amp#27;[32mSave 50f9b096-5647-4243-9961-61d56d7181a8(uuid5123)
сент. 16, 2025 8:21:57 PM webapp.storage.AbstractStorage save
INFO: &amp#27;[32mSave fb91666c-8ea7-4a58-aa44-0456ec09481a(uuid5124)
сент. 16, 2025 8:21:57 PM webapp.storage.AbstractStorage save
INFO: &amp#27;[32mSave f37bc0bd-9275-42fa-9896-18183026af90(uuid5125)
сент. 16, 2025 8:21:57 PM webapp.storage.AbstractStorage save
INFO: &amp#27;[32mSave 6711fff0-9ff8-4717-b531-09c0e3a8c63c(uuid5126)
сент. 16, 2025 8:21:57 PM webapp.storage.AbstractStorage save
INFO: &amp#27;[32mSave 72dd3928-39de-4614-96be-33bbb8cd8c0f(uuid5127)
сент. 16, 2025 8:21:57 PM webapp.storage.AbstractStorage save
INFO: &amp#27;[32mSave d7140360-0011-4874-ad40-cc6614068c66(uuid5128)
сент. 16, 2025 8:21:57 PM webapp.storage.AbstractStorage save
INFO: &amp#27;[32mSave edc6f415-cab3-4418-94e1-add233f2d16f(uuid5129)
сент. 16, 2025 8:21:57 PM webapp.storage.AbstractStorage save
INFO: &amp#27;[32mSave b7032562-052e-42f3-a3bb-20e0aa5b6066(uuid5130)
сент. 16, 2025 8:21:57 PM webapp.storage.AbstractStorage save
INFO: &amp#27;[32mSave 293d8188-a8ae-40c1-9f72-4431c7087fe8(uuid5131)
сент. 16, 2025 8:21:57 PM webapp.storage.AbstractStorage save
INFO: &amp#27;[32mSave 6869bd85-106a-42e9-a2c2-463de5b9a1f6(uuid5132)
сент. 16, 2025 8:21:57 PM webapp.storage.AbstractStorage save
INFO: &amp#27;[32mSave 78d835cb-1951-41c8-b27a-c7f5d00baf62(uuid5133)
сент. 16, 2025 8:21:57 PM webapp.storage.AbstractStorage save
INFO: &amp#27;[32mSave 6b20be8f-6ab8-4fea-abee-1437b3af0a2e(uuid5134)
сент. 16, 2025 8:21:57 PM webapp.storage.AbstractStorage save
INFO: &amp#27;[32mSave b8cf7117-6742-4232-8dac-de6084bcf0ad(uuid5135)
сент. 16, 2025 8:21:57 PM webapp.storage.AbstractStorage save
INFO: &amp#27;[32mSave f723f89f-4b52-4999-92d2-668e28e44c3e(uuid5136)
сент. 16, 2025 8:21:57 PM webapp.storage.AbstractStorage save
INFO: &amp#27;[32mSave 68f0d872-8353-47a0-bce9-b86b7337dd4f(uuid5137)
сент. 16, 2025 8:21:57 PM webapp.storage.AbstractStorage save
INFO: &amp#27;[32mSave 72ceef1a-3e8d-4126-a176-f1c205b99e72(uuid5138)
сент. 16, 2025 8:21:57 PM webapp.storage.AbstractStorage save
INFO: &amp#27;[32mSave a3278345-9813-4ec6-afb9-8c7eae4ecf0d(uuid5139)
сент. 16, 2025 8:21:57 PM webapp.storage.AbstractStorage save
INFO: &amp#27;[32mSave 96e8ddfa-11f6-455a-8a1b-cf9afa0674f0(uuid5140)
сент. 16, 2025 8:21:57 PM webapp.storage.AbstractStorage save
INFO: &amp#27;[32mSave d55809d5-d825-4b6f-b37f-160de54b9b88(uuid5141)
сент. 16, 2025 8:21:57 PM webapp.storage.AbstractStorage save
INFO: &amp#27;[32mSave 7b2a5639-a735-4858-9e49-cadc33d654a5(uuid5142)
сент. 16, 2025 8:21:57 PM webapp.storage.AbstractStorage save
INFO: &amp#27;[32mSave 7b9e586b-4949-4213-affc-1edfc5a23854(uuid5143)
сент. 16, 2025 8:21:57 PM webapp.storage.AbstractStorage save
INFO: &amp#27;[32mSave 3970edbc-0e8e-47d6-817a-1cdb6ffdaebe(uuid5144)
сент. 16, 2025 8:21:57 PM webapp.storage.AbstractStorage save
INFO: &amp#27;[32mSave f334c3fa-5d90-462a-9ccb-d5f1b260a41a(uuid5145)
сент. 16, 2025 8:21:57 PM webapp.storage.AbstractStorage save
INFO: &amp#27;[32mSave 386b2214-a43c-418a-a5a3-f4b1ece655d7(uuid5146)
сент. 16, 2025 8:21:57 PM webapp.storage.AbstractStorage save
INFO: &amp#27;[32mSave 7ecbc964-f1e9-439a-aa01-106505a039b4(uuid5147)
сент. 16, 2025 8:21:57 PM webapp.storage.AbstractStorage save
INFO: &amp#27;[32mSave f831bb01-53a9-483c-baff-7215f5a204af(uuid5148)
сент. 16, 2025 8:21:57 PM webapp.storage.AbstractStorage save
INFO: &amp#27;[32mSave bced8453-34c4-4817-9372-841883a437cf(uuid5149)
сент. 16, 2025 8:21:57 PM webapp.storage.AbstractStorage save
INFO: &amp#27;[32mSave eb15fd4f-0e8e-4d77-afc9-ab2c7d9f7606(uuid5150)
сент. 16, 2025 8:21:57 PM webapp.storage.AbstractStorage save
INFO: &amp#27;[32mSave 7e4660d6-45fb-44bc-bbf2-5d3f28cf7fd2(uuid5151)
сент. 16, 2025 8:21:57 PM webapp.storage.AbstractStorage save
INFO: &amp#27;[32mSave 6aa63522-5f27-45ee-879a-fa08015c97e9(uuid5152)
сент. 16, 2025 8:21:57 PM webapp.storage.AbstractStorage save
INFO: &amp#27;[32mSave 546fce3c-f217-4fae-95a8-6314b13b6aca(uuid5153)
сент. 16, 2025 8:21:57 PM webapp.storage.AbstractStorage save
INFO: &amp#27;[32mSave 231e8f41-715b-48f2-9ad5-d94d158615b4(uuid5154)
сент. 16, 2025 8:21:57 PM webapp.storage.AbstractStorage save
INFO: &amp#27;[32mSave a113cbd8-a62d-434f-84f1-df3b9d2695eb(uuid5155)
сент. 16, 2025 8:21:57 PM webapp.storage.AbstractStorage save
INFO: &amp#27;[32mSave e87f5a70-6f58-43b4-adf8-4a93193b38ee(uuid5156)
сент. 16, 2025 8:21:57 PM webapp.storage.AbstractStorage save
INFO: &amp#27;[32mSave 38eabb20-3bb9-47d7-a81b-e81a51e6f48b(uuid5157)
сент. 16, 2025 8:21:57 PM webapp.storage.AbstractStorage save
INFO: &amp#27;[32mSave a744dbba-4c57-4a89-ac29-a26df523938e(uuid5158)
сент. 16, 2025 8:21:57 PM webapp.storage.AbstractStorage save
INFO: &amp#27;[32mSave 2dd62dfb-894c-4297-b37d-5644ffd2c285(uuid5159)
сент. 16, 2025 8:21:57 PM webapp.storage.AbstractStorage save
INFO: &amp#27;[32mSave e0c725c3-dd38-492a-91c1-0fdc8683b584(uuid5160)
сент. 16, 2025 8:21:57 PM webapp.storage.AbstractStorage save
INFO: &amp#27;[32mSave b6ecd7b9-5b03-48dd-92c7-4b82049d9885(uuid5161)
сент. 16, 2025 8:21:57 PM webapp.storage.AbstractStorage save
INFO: &amp#27;[32mSave d533d310-632b-4be0-977d-972123b24602(uuid5162)
сент. 16, 2025 8:21:57 PM webapp.storage.AbstractStorage save
INFO: &amp#27;[32mSave 0f479b6b-c3e0-4169-9cb1-88ae3a5629a4(uuid5163)
сент. 16, 2025 8:21:57 PM webapp.storage.AbstractStorage save
INFO: &amp#27;[32mSave eea14e36-0b0b-4646-aa91-b0c1a369e386(uuid5164)
сент. 16, 2025 8:21:57 PM webapp.storage.AbstractStorage save
INFO: &amp#27;[32mSave 372aac1b-19ff-4fdc-85ee-341de498acc1(uuid5165)
сент. 16, 2025 8:21:57 PM webapp.storage.AbstractStorage save
INFO: &amp#27;[32mSave 8164871d-c494-4c41-9dd8-e91f91917f22(uuid5166)
сент. 16, 2025 8:21:57 PM webapp.storage.AbstractStorage save
INFO: &amp#27;[32mSave 2de6e64a-65f0-47a2-9a69-055f3d07da96(uuid5167)
сент. 16, 2025 8:21:57 PM webapp.storage.AbstractStorage save
INFO: &amp#27;[32mSave 44d4d8f2-34ad-4a66-afe0-81297c9d506a(uuid5168)
сент. 16, 2025 8:21:57 PM webapp.storage.AbstractStorage save
INFO: &amp#27;[32mSave 89fbc369-49ee-45ec-94b3-8a64429e43b8(uuid5169)
сент. 16, 2025 8:21:57 PM webapp.storage.AbstractStorage save
INFO: &amp#27;[32mSave 364aaecd-ce82-498d-8e05-f0be4504aba5(uuid5170)
сент. 16, 2025 8:21:57 PM webapp.storage.AbstractStorage save
INFO: &amp#27;[32mSave 8e92dbce-ce01-4c89-91b4-70b2b2f72e4f(uuid5171)
сент. 16, 2025 8:21:57 PM webapp.storage.AbstractStorage save
INFO: &amp#27;[32mSave ac2a9126-008c-4628-97a9-ca91e66ab022(uuid5172)
сент. 16, 2025 8:21:57 PM webapp.storage.AbstractStorage save
INFO: &amp#27;[32mSave 63e2ef61-724c-4927-b425-da203e4ca080(uuid5173)
сент. 16, 2025 8:21:57 PM webapp.storage.AbstractStorage save
INFO: &amp#27;[32mSave 9a6b7aea-131b-4acd-82c4-7211615840be(uuid5174)
сент. 16, 2025 8:21:57 PM webapp.storage.AbstractStorage save
INFO: &amp#27;[32mSave 7a5a6099-8517-4e39-bb87-07fd7db698c5(uuid5175)
сент. 16, 2025 8:21:57 PM webapp.storage.AbstractStorage save
INFO: &amp#27;[32mSave bd69a6eb-899f-404e-9166-d23a5083cf41(uuid5176)
сент. 16, 2025 8:21:57 PM webapp.storage.AbstractStorage save
INFO: &amp#27;[32mSave 1c23c27b-60b5-4fed-ad5c-9fa66afdaf5e(uuid5177)
сент. 16, 2025 8:21:57 PM webapp.storage.AbstractStorage save
INFO: &amp#27;[32mSave 203eb828-ec9c-4b03-837a-b1802ed86b0a(uuid5178)
сент. 16, 2025 8:21:57 PM webapp.storage.AbstractStorage save
INFO: &amp#27;[32mSave 1feafcbf-a6c4-4a93-9307-a35430c555f7(uuid5179)
сент. 16, 2025 8:21:57 PM webapp.storage.AbstractStorage save
INFO: &amp#27;[32mSave 6f34f263-1c82-4217-ae81-d7985c68d9e1(uuid5180)
сент. 16, 2025 8:21:57 PM webapp.storage.AbstractStorage save
INFO: &amp#27;[32mSave 8d6508d2-fc92-4b5e-9be3-9171d3af2c68(uuid5181)
сент. 16, 2025 8:21:57 PM webapp.storage.AbstractStorage save
INFO: &amp#27;[32mSave 97595d63-fb0c-40d8-ab84-b0aa34c4fd12(uuid5182)
сент. 16, 2025 8:21:57 PM webapp.storage.AbstractStorage save
INFO: &amp#27;[32mSave 26fbeb67-5ea8-4404-ac27-490df0ec699f(uuid5183)
сент. 16, 2025 8:21:57 PM webapp.storage.AbstractStorage save
INFO: &amp#27;[32mSave 756d69ff-febb-4974-bfbc-c906c9b5c406(uuid5184)
сент. 16, 2025 8:21:57 PM webapp.storage.AbstractStorage save
INFO: &amp#27;[32mSave cdb7cee9-0a23-45f8-9851-7145b1ece8dd(uuid5185)
сент. 16, 2025 8:21:57 PM webapp.storage.AbstractStorage save
INFO: &amp#27;[32mSave dccfa2c1-4ac6-4644-bafd-b542c46e82a8(uuid5186)
сент. 16, 2025 8:21:57 PM webapp.storage.AbstractStorage save
INFO: &amp#27;[32mSave 6d1e4204-b9ea-41fb-90d6-9f3a848558ff(uuid5187)
сент. 16, 2025 8:21:57 PM webapp.storage.AbstractStorage save
INFO: &amp#27;[32mSave 5c166161-fa65-48ab-a510-01a4f714de5c(uuid5188)
сент. 16, 2025 8:21:57 PM webapp.storage.AbstractStorage save
INFO: &amp#27;[32mSave c789a189-cf2f-42f7-8086-203abae837f0(uuid5189)
сент. 16, 2025 8:21:57 PM webapp.storage.AbstractStorage save
INFO: &amp#27;[32mSave 94899223-395a-43d7-b42b-86527838c364(uuid5190)
сент. 16, 2025 8:21:57 PM webapp.storage.AbstractStorage save
INFO: &amp#27;[32mSave 712de689-3a9c-4e5a-b428-6b2b595d559f(uuid5191)
сент. 16, 2025 8:21:57 PM webapp.storage.AbstractStorage save
INFO: &amp#27;[32mSave 6fade02a-20ff-47b1-b30c-e8b7ae27dcee(uuid5192)
сент. 16, 2025 8:21:57 PM webapp.storage.AbstractStorage save
INFO: &amp#27;[32mSave 7ef61fd5-32b2-43fb-8e98-1b000410a915(uuid5193)
сент. 16, 2025 8:21:57 PM webapp.storage.AbstractStorage save
INFO: &amp#27;[32mSave e71bdc06-b168-4db7-b160-a4115ea564cf(uuid5194)
сент. 16, 2025 8:21:57 PM webapp.storage.AbstractStorage save
INFO: &amp#27;[32mSave 634dbf63-e922-4caf-a6fc-1f09590d5a7a(uuid5195)
сент. 16, 2025 8:21:57 PM webapp.storage.AbstractStorage save
INFO: &amp#27;[32mSave 6507f622-30c0-4fb1-914f-5f39a88e1fff(uuid5196)
сент. 16, 2025 8:21:57 PM webapp.storage.AbstractStorage save
INFO: &amp#27;[32mSave 15853158-aa6b-46ce-826c-3dae81664bb5(uuid5197)
сент. 16, 2025 8:21:57 PM webapp.storage.AbstractStorage save
INFO: &amp#27;[32mSave 99d08cdd-a9a2-4cc0-82c8-bed3c8cae598(uuid5198)
сент. 16, 2025 8:21:57 PM webapp.storage.AbstractStorage save
INFO: &amp#27;[32mSave b52c01b1-c2d8-428f-b045-43af15c082d5(uuid5199)
сент. 16, 2025 8:21:57 PM webapp.storage.AbstractStorage save
INFO: &amp#27;[32mSave e94a1248-fbc9-4e5a-9ee9-4cf4c5720ad1(uuid5200)
сент. 16, 2025 8:21:57 PM webapp.storage.AbstractStorage save
INFO: &amp#27;[32mSave 488fa94b-dd1d-49eb-adc6-5619a0cd54a8(uuid5201)
сент. 16, 2025 8:21:57 PM webapp.storage.AbstractStorage save
INFO: &amp#27;[32mSave 72f333b1-b9b0-468d-af47-1c3275852d6a(uuid5202)
сент. 16, 2025 8:21:57 PM webapp.storage.AbstractStorage save
INFO: &amp#27;[32mSave 162336dd-436c-4ee4-a051-3a69c3d286fd(uuid5203)
сент. 16, 2025 8:21:57 PM webapp.storage.AbstractStorage save
INFO: &amp#27;[32mSave c0f40c53-d999-4fcb-9f77-1d8a8f2cfd74(uuid5204)
сент. 16, 2025 8:21:57 PM webapp.storage.AbstractStorage save
INFO: &amp#27;[32mSave 1bb95ba5-26b2-4e50-bac3-34e46a634caf(uuid5205)
сент. 16, 2025 8:21:57 PM webapp.storage.AbstractStorage save
INFO: &amp#27;[32mSave 50e59840-f9da-4d66-93bf-2177ccbb7716(uuid5206)
сент. 16, 2025 8:21:57 PM webapp.storage.AbstractStorage save
INFO: &amp#27;[32mSave daf5d2ed-e843-49c9-a5c8-e04b337d4364(uuid5207)
сент. 16, 2025 8:21:57 PM webapp.storage.AbstractStorage save
INFO: &amp#27;[32mSave 40364827-7dbb-470e-bffe-f33279a81c2f(uuid5208)
сент. 16, 2025 8:21:57 PM webapp.storage.AbstractStorage save
INFO: &amp#27;[32mSave e7e2f594-27ec-4ccf-93d2-6e3d80efbbdc(uuid5209)
сент. 16, 2025 8:21:57 PM webapp.storage.AbstractStorage save
INFO: &amp#27;[32mSave f7eb753f-752f-40d9-8299-aef822622f35(uuid5210)
сент. 16, 2025 8:21:57 PM webapp.storage.AbstractStorage save
INFO: &amp#27;[32mSave b26e1be2-3ae7-4a27-a1ba-f5ac393b62e0(uuid5211)
сент. 16, 2025 8:21:57 PM webapp.storage.AbstractStorage save
INFO: &amp#27;[32mSave e117b7e7-1773-4054-b6d3-9995f262bb03(uuid5212)
сент. 16, 2025 8:21:57 PM webapp.storage.AbstractStorage save
INFO: &amp#27;[32mSave 5c97ecc6-0de7-4a13-8f83-70cebccb5615(uuid5213)
сент. 16, 2025 8:21:57 PM webapp.storage.AbstractStorage save
INFO: &amp#27;[32mSave c8ce32f7-a5cb-40ad-8737-d995e6f080e0(uuid5214)
сент. 16, 2025 8:21:57 PM webapp.storage.AbstractStorage save
INFO: &amp#27;[32mSave 0686f7f6-bada-4c96-8fb2-748a3690dd15(uuid5215)
сент. 16, 2025 8:21:57 PM webapp.storage.AbstractStorage save
INFO: &amp#27;[32mSave 97fb0963-bc9b-4560-9048-48a452b71880(uuid5216)
сент. 16, 2025 8:21:57 PM webapp.storage.AbstractStorage save
INFO: &amp#27;[32mSave 881e751f-404e-44c1-9f38-ba07360e27ee(uuid5217)
сент. 16, 2025 8:21:57 PM webapp.storage.AbstractStorage save
INFO: &amp#27;[32mSave ce1e109e-5ca3-48a2-a7b5-15bbbda70439(uuid5218)
сент. 16, 2025 8:21:57 PM webapp.storage.AbstractStorage save
INFO: &amp#27;[32mSave 3e3428d7-450b-4bd0-87c1-683cd1002633(uuid5219)
сент. 16, 2025 8:21:57 PM webapp.storage.AbstractStorage save
INFO: &amp#27;[32mSave 3700de6c-1729-4328-bc80-b348d483581f(uuid5220)
сент. 16, 2025 8:21:57 PM webapp.storage.AbstractStorage save
INFO: &amp#27;[32mSave deb0f158-8d4c-469a-b0fd-20eee1106501(uuid5221)
сент. 16, 2025 8:21:57 PM webapp.storage.AbstractStorage save
INFO: &amp#27;[32mSave 4012456f-034a-4678-8162-0826818c6181(uuid5222)
сент. 16, 2025 8:21:57 PM webapp.storage.AbstractStorage save
INFO: &amp#27;[32mSave a70e765a-f72f-4cc7-80ba-19432e17bc9f(uuid5223)
сент. 16, 2025 8:21:57 PM webapp.storage.AbstractStorage save
INFO: &amp#27;[32mSave a39f417b-cf5d-4ac8-ade4-938b7223cdd9(uuid5224)
сент. 16, 2025 8:21:57 PM webapp.storage.AbstractStorage save
INFO: &amp#27;[32mSave a1f876e1-026a-498e-a283-34adef6fbda3(uuid5225)
сент. 16, 2025 8:21:57 PM webapp.storage.AbstractStorage save
INFO: &amp#27;[32mSave 4fd7cbe4-6a15-42c7-a256-f76da91b935b(uuid5226)
сент. 16, 2025 8:21:57 PM webapp.storage.AbstractStorage save
INFO: &amp#27;[32mSave 7d8a0a3c-7b02-4f91-abff-f1ecff374c4a(uuid5227)
сент. 16, 2025 8:21:57 PM webapp.storage.AbstractStorage save
INFO: &amp#27;[32mSave ff6b8b0d-9501-4791-b78a-9d49a516e923(uuid5228)
сент. 16, 2025 8:21:57 PM webapp.storage.AbstractStorage save
INFO: &amp#27;[32mSave befcf034-972e-490e-94be-263fb5b7a2c6(uuid5229)
сент. 16, 2025 8:21:57 PM webapp.storage.AbstractStorage save
INFO: &amp#27;[32mSave a9eead87-e909-496c-95f9-c9a0f95afd8a(uuid5230)
сент. 16, 2025 8:21:57 PM webapp.storage.AbstractStorage save
INFO: &amp#27;[32mSave 2f69ab2c-c1df-4cec-ace2-f1a00807f6bb(uuid5231)
сент. 16, 2025 8:21:57 PM webapp.storage.AbstractStorage save
INFO: &amp#27;[32mSave b2d36a6d-b7db-4c99-bf24-3c8edb7c8b42(uuid5232)
сент. 16, 2025 8:21:57 PM webapp.storage.AbstractStorage save
INFO: &amp#27;[32mSave 23bf0678-1b8b-4e2e-b42a-8ec10e22f6a3(uuid5233)
сент. 16, 2025 8:21:57 PM webapp.storage.AbstractStorage save
INFO: &amp#27;[32mSave fce439d6-f441-4a52-8eb3-9b6a6574d7ce(uuid5234)
сент. 16, 2025 8:21:57 PM webapp.storage.AbstractStorage save
INFO: &amp#27;[32mSave fb3e33f3-e0d0-4df6-93e4-c6b987035066(uuid5235)
сент. 16, 2025 8:21:57 PM webapp.storage.AbstractStorage save
INFO: &amp#27;[32mSave d737b67a-382a-4160-a83a-2cb029919c4a(uuid5236)
сент. 16, 2025 8:21:57 PM webapp.storage.AbstractStorage save
INFO: &amp#27;[32mSave 1e2ebe7b-7f80-410b-a7ee-a0b920d61948(uuid5237)
сент. 16, 2025 8:21:57 PM webapp.storage.AbstractStorage save
INFO: &amp#27;[32mSave 19d2005e-e39b-4d60-8508-8cb2f75b36ce(uuid5238)
сент. 16, 2025 8:21:57 PM webapp.storage.AbstractStorage save
INFO: &amp#27;[32mSave 79990841-e38d-4676-9e6c-da6b50835641(uuid5239)
сент. 16, 2025 8:21:57 PM webapp.storage.AbstractStorage save
INFO: &amp#27;[32mSave 567fd7e4-ef57-4a68-9f0b-4ceb5317acf1(uuid5240)
сент. 16, 2025 8:21:57 PM webapp.storage.AbstractStorage save
INFO: &amp#27;[32mSave 29238a00-03b6-4191-b013-77a3ffecd8be(uuid5241)
сент. 16, 2025 8:21:57 PM webapp.storage.AbstractStorage save
INFO: &amp#27;[32mSave a7a93c2c-39f5-47de-babb-7a78bf2acaeb(uuid5242)
сент. 16, 2025 8:21:57 PM webapp.storage.AbstractStorage save
INFO: &amp#27;[32mSave e28ba3c3-b1a6-4234-b051-00bef1848448(uuid5243)
сент. 16, 2025 8:21:57 PM webapp.storage.AbstractStorage save
INFO: &amp#27;[32mSave 41bd78aa-69b1-4283-baf8-f07d16da72ce(uuid5244)
сент. 16, 2025 8:21:57 PM webapp.storage.AbstractStorage save
INFO: &amp#27;[32mSave fd930ad2-5ea6-4d6d-863c-ab5e66505d6e(uuid5245)
сент. 16, 2025 8:21:57 PM webapp.storage.AbstractStorage save
INFO: &amp#27;[32mSave b91a12a1-51af-46b6-b2c0-fd3a03f7c52f(uuid5246)
сент. 16, 2025 8:21:57 PM webapp.storage.AbstractStorage save
INFO: &amp#27;[32mSave 3cb721c5-281d-4828-9ab7-7fb892f5d211(uuid5247)
сент. 16, 2025 8:21:57 PM webapp.storage.AbstractStorage save
INFO: &amp#27;[32mSave 073197d3-8469-4acc-a76b-648e324408bd(uuid5248)
сент. 16, 2025 8:21:57 PM webapp.storage.AbstractStorage save
INFO: &amp#27;[32mSave c8006184-3d84-4136-8284-253dac09e8ab(uuid5249)
сент. 16, 2025 8:21:57 PM webapp.storage.AbstractStorage save
INFO: &amp#27;[32mSave 18634f7c-0955-479c-a809-96ac556f37fd(uuid5250)
сент. 16, 2025 8:21:57 PM webapp.storage.AbstractStorage save
INFO: &amp#27;[32mSave e9c69e4c-15d7-48f9-b9fc-4e4491eed80c(uuid5251)
сент. 16, 2025 8:21:57 PM webapp.storage.AbstractStorage save
INFO: &amp#27;[32mSave 609d859e-9850-480c-a260-ba8539a9bfbb(uuid5252)
сент. 16, 2025 8:21:57 PM webapp.storage.AbstractStorage save
INFO: &amp#27;[32mSave b3872771-c7eb-40f3-aa7a-01e08a72cf64(uuid5253)
сент. 16, 2025 8:21:57 PM webapp.storage.AbstractStorage save
INFO: &amp#27;[32mSave 153e9618-1e5c-43bd-a19b-9ee1d33b2c1e(uuid5254)
сент. 16, 2025 8:21:57 PM webapp.storage.AbstractStorage save
INFO: &amp#27;[32mSave 409e8561-7c35-4156-a82d-d44068d470b9(uuid5255)
сент. 16, 2025 8:21:57 PM webapp.storage.AbstractStorage save
INFO: &amp#27;[32mSave 7c3fde72-3da6-4913-9e78-fb31672a5da7(uuid5256)
сент. 16, 2025 8:21:57 PM webapp.storage.AbstractStorage save
INFO: &amp#27;[32mSave cc205823-574d-4a5f-b54d-da88d083e1ba(uuid5257)
сент. 16, 2025 8:21:57 PM webapp.storage.AbstractStorage save
INFO: &amp#27;[32mSave c1760562-1b48-41cc-9ced-438e430f0342(uuid5258)
сент. 16, 2025 8:21:57 PM webapp.storage.AbstractStorage save
INFO: &amp#27;[32mSave 8c1a7478-784c-49e1-b7d6-ec4c21dba65c(uuid5259)
сент. 16, 2025 8:21:57 PM webapp.storage.AbstractStorage save
INFO: &amp#27;[32mSave 230e841d-9bac-4888-8857-df21c7242664(uuid5260)
сент. 16, 2025 8:21:57 PM webapp.storage.AbstractStorage save
INFO: &amp#27;[32mSave 38802391-788d-4d28-969a-6e4464f42983(uuid5261)
сент. 16, 2025 8:21:57 PM webapp.storage.AbstractStorage save
INFO: &amp#27;[32mSave f78b28e2-eb9c-4e81-9194-bc815dd0c9ba(uuid5262)
сент. 16, 2025 8:21:57 PM webapp.storage.AbstractStorage save
INFO: &amp#27;[32mSave 060df526-8106-4c42-8919-45552cf13d1c(uuid5263)
сент. 16, 2025 8:21:57 PM webapp.storage.AbstractStorage save
INFO: &amp#27;[32mSave 18037c4d-04ea-4d27-8312-9616d656d6eb(uuid5264)
сент. 16, 2025 8:21:57 PM webapp.storage.AbstractStorage save
INFO: &amp#27;[32mSave 67a6d06f-b63d-4d48-8d4d-11e2050e3b6e(uuid5265)
сент. 16, 2025 8:21:57 PM webapp.storage.AbstractStorage save
INFO: &amp#27;[32mSave fa703bff-2640-4517-9d5e-52887a90922e(uuid5266)
сент. 16, 2025 8:21:57 PM webapp.storage.AbstractStorage save
INFO: &amp#27;[32mSave eb3f33e0-962d-423b-b645-12081e9bcbef(uuid5267)
сент. 16, 2025 8:21:57 PM webapp.storage.AbstractStorage save
INFO: &amp#27;[32mSave 9400d1c6-b709-48a4-b038-3c391f409c7b(uuid5268)
сент. 16, 2025 8:21:57 PM webapp.storage.AbstractStorage save
INFO: &amp#27;[32mSave dd10a8d7-6987-4bff-b6ad-70e9ef1a7d83(uuid5269)
сент. 16, 2025 8:21:57 PM webapp.storage.AbstractStorage save
INFO: &amp#27;[32mSave 347c64d3-af2c-4af8-a43a-9369487f832f(uuid5270)
сент. 16, 2025 8:21:57 PM webapp.storage.AbstractStorage save
INFO: &amp#27;[32mSave 4373be1b-8857-4c55-be54-24678075981f(uuid5271)
сент. 16, 2025 8:21:57 PM webapp.storage.AbstractStorage save
INFO: &amp#27;[32mSave 7f754dfe-475a-4199-a47a-37abf0b467ea(uuid5272)
сент. 16, 2025 8:21:57 PM webapp.storage.AbstractStorage save
INFO: &amp#27;[32mSave a51a1ac5-5c90-4896-ad6b-bf08cb375d0b(uuid5273)
сент. 16, 2025 8:21:57 PM webapp.storage.AbstractStorage save
INFO: &amp#27;[32mSave 0d205daa-1bb7-4a30-96b2-df6afdbfb678(uuid5274)
сент. 16, 2025 8:21:57 PM webapp.storage.AbstractStorage save
INFO: &amp#27;[32mSave 63333720-1d5e-4bde-9755-f9af7ae9919c(uuid5275)
сент. 16, 2025 8:21:57 PM webapp.storage.AbstractStorage save
INFO: &amp#27;[32mSave 6b46093e-e635-42bd-a995-662c35c0ff47(uuid5276)
сент. 16, 2025 8:21:57 PM webapp.storage.AbstractStorage save
INFO: &amp#27;[32mSave 0bf315ae-07df-4f22-a222-1df8fa865ea1(uuid5277)
сент. 16, 2025 8:21:57 PM webapp.storage.AbstractStorage save
INFO: &amp#27;[32mSave 5885f5d2-20c5-422f-91ed-dd18c89a7ee4(uuid5278)
сент. 16, 2025 8:21:57 PM webapp.storage.AbstractStorage save
INFO: &amp#27;[32mSave 2c6c2386-95e1-4388-9bd9-c08eb69363a2(uuid5279)
сент. 16, 2025 8:21:57 PM webapp.storage.AbstractStorage save
INFO: &amp#27;[32mSave 08453245-c67e-4436-8f76-3cf9281cf286(uuid5280)
сент. 16, 2025 8:21:57 PM webapp.storage.AbstractStorage save
INFO: &amp#27;[32mSave ae2f30e5-4074-49e0-a392-7f718004753b(uuid5281)
сент. 16, 2025 8:21:57 PM webapp.storage.AbstractStorage save
INFO: &amp#27;[32mSave aa70b03a-75f9-4bbd-adbd-8b0ab0d2b6a9(uuid5282)
сент. 16, 2025 8:21:57 PM webapp.storage.AbstractStorage save
INFO: &amp#27;[32mSave 5f641c1d-209a-41a0-b30f-3643c0809cea(uuid5283)
сент. 16, 2025 8:21:57 PM webapp.storage.AbstractStorage save
INFO: &amp#27;[32mSave b9ff947d-ccab-4b1e-b9eb-eee11f3e1100(uuid5284)
сент. 16, 2025 8:21:57 PM webapp.storage.AbstractStorage save
INFO: &amp#27;[32mSave 451ec3f5-87de-4504-92c0-224ba912b0a9(uuid5285)
сент. 16, 2025 8:21:57 PM webapp.storage.AbstractStorage save
INFO: &amp#27;[32mSave b964e4a2-7e5e-42b0-ad8c-6d13c22adb46(uuid5286)
сент. 16, 2025 8:21:57 PM webapp.storage.AbstractStorage save
INFO: &amp#27;[32mSave 475005af-edcb-4fdd-9f5c-6f38e1021cc9(uuid5287)
сент. 16, 2025 8:21:57 PM webapp.storage.AbstractStorage save
INFO: &amp#27;[32mSave 2eacc7cd-e5a2-45df-874a-403e26590f1f(uuid5288)
сент. 16, 2025 8:21:57 PM webapp.storage.AbstractStorage save
INFO: &amp#27;[32mSave 6bec465c-2391-4378-868f-005edcdddba0(uuid5289)
сент. 16, 2025 8:21:57 PM webapp.storage.AbstractStorage save
INFO: &amp#27;[32mSave e26b8ec2-6a52-484b-982d-1d112f579845(uuid5290)
сент. 16, 2025 8:21:57 PM webapp.storage.AbstractStorage save
INFO: &amp#27;[32mSave 0bb50297-9e3e-4d32-a461-7a027a7f14b8(uuid5291)
сент. 16, 2025 8:21:57 PM webapp.storage.AbstractStorage save
INFO: &amp#27;[32mSave 1b759e1b-c085-49e3-b186-c5b0eec37b8d(uuid5292)
сент. 16, 2025 8:21:57 PM webapp.storage.AbstractStorage save
INFO: &amp#27;[32mSave 5c30b83a-ad91-41d8-ba63-bd877b8e1038(uuid5293)
сент. 16, 2025 8:21:57 PM webapp.storage.AbstractStorage save
INFO: &amp#27;[32mSave f3f53aa5-9432-4f26-8d1a-40b6466ff3a8(uuid5294)
сент. 16, 2025 8:21:57 PM webapp.storage.AbstractStorage save
INFO: &amp#27;[32mSave 5e845e66-c05a-497e-8f53-9f185635ef77(uuid5295)
сент. 16, 2025 8:21:57 PM webapp.storage.AbstractStorage save
INFO: &amp#27;[32mSave f3f638ba-8cb7-4c64-bbbb-1e4fa0911c89(uuid5296)
сент. 16, 2025 8:21:57 PM webapp.storage.AbstractStorage save
INFO: &amp#27;[32mSave a85cd403-11b3-47d6-bf18-858992112e82(uuid5297)
сент. 16, 2025 8:21:57 PM webapp.storage.AbstractStorage save
INFO: &amp#27;[32mSave 78ec81a4-5536-4527-b96e-bec3de8ed2aa(uuid5298)
сент. 16, 2025 8:21:57 PM webapp.storage.AbstractStorage save
INFO: &amp#27;[32mSave b7043348-6328-4ce7-9c38-87d08403fd49(uuid5299)
сент. 16, 2025 8:21:57 PM webapp.storage.AbstractStorage save
INFO: &amp#27;[32mSave d1cb8d3e-8c83-40f8-88d4-c4c72e61a1c1(uuid5300)
сент. 16, 2025 8:21:57 PM webapp.storage.AbstractStorage save
INFO: &amp#27;[32mSave 623fb3d6-0f2c-42b4-bb61-c87218e7d30a(uuid5301)
сент. 16, 2025 8:21:57 PM webapp.storage.AbstractStorage save
INFO: &amp#27;[32mSave 1b46d659-bdcb-48ca-aa39-bb5394f80e8e(uuid5302)
сент. 16, 2025 8:21:57 PM webapp.storage.AbstractStorage save
INFO: &amp#27;[32mSave c654ba8b-fe07-4c47-9b75-6cd98e92cfd3(uuid5303)
сент. 16, 2025 8:21:57 PM webapp.storage.AbstractStorage save
INFO: &amp#27;[32mSave bc3765f0-c589-4b32-a5d3-f97aa9d7811e(uuid5304)
сент. 16, 2025 8:21:57 PM webapp.storage.AbstractStorage save
INFO: &amp#27;[32mSave 18d450d8-262b-474e-97fa-ce36af90c96d(uuid5305)
сент. 16, 2025 8:21:57 PM webapp.storage.AbstractStorage save
INFO: &amp#27;[32mSave 3a123ba5-3973-4fb9-9bf8-cd5953bf075d(uuid5306)
сент. 16, 2025 8:21:57 PM webapp.storage.AbstractStorage save
INFO: &amp#27;[32mSave c5e97e95-7dec-4a78-98d3-68572cdd7278(uuid5307)
сент. 16, 2025 8:21:57 PM webapp.storage.AbstractStorage save
INFO: &amp#27;[32mSave 7c2f0069-b0b0-44b2-a6a4-70a1f74cbcbb(uuid5308)
сент. 16, 2025 8:21:57 PM webapp.storage.AbstractStorage save
INFO: &amp#27;[32mSave 3451afb6-a8c7-438a-b584-67cae59dfccf(uuid5309)
сент. 16, 2025 8:21:57 PM webapp.storage.AbstractStorage save
INFO: &amp#27;[32mSave 0944af8c-4013-43c2-bca2-718a9627c427(uuid5310)
сент. 16, 2025 8:21:57 PM webapp.storage.AbstractStorage save
INFO: &amp#27;[32mSave ad9e5562-8e76-41ec-8997-e1bd97e11125(uuid5311)
сент. 16, 2025 8:21:57 PM webapp.storage.AbstractStorage save
INFO: &amp#27;[32mSave d7c75af7-a80a-4f0f-bdff-c52a75ea58a9(uuid5312)
сент. 16, 2025 8:21:57 PM webapp.storage.AbstractStorage save
INFO: &amp#27;[32mSave f37f80c0-eca0-4919-86bf-e90ed038b7bc(uuid5313)
сент. 16, 2025 8:21:57 PM webapp.storage.AbstractStorage save
INFO: &amp#27;[32mSave 9dacbb68-9449-4a74-85bf-7311a926e084(uuid5314)
сент. 16, 2025 8:21:57 PM webapp.storage.AbstractStorage save
INFO: &amp#27;[32mSave 7b0e1a29-5c17-4ee0-994d-6d01ba89be03(uuid5315)
сент. 16, 2025 8:21:57 PM webapp.storage.AbstractStorage save
INFO: &amp#27;[32mSave 61599369-ed4c-4ff8-b73c-ce6790b893f2(uuid5316)
сент. 16, 2025 8:21:57 PM webapp.storage.AbstractStorage save
INFO: &amp#27;[32mSave 0c7c9bde-c819-46d3-86e1-4b780a0277d4(uuid5317)
сент. 16, 2025 8:21:57 PM webapp.storage.AbstractStorage save
INFO: &amp#27;[32mSave 345ceb0a-7e15-4a07-a6d9-48791fc3202b(uuid5318)
сент. 16, 2025 8:21:57 PM webapp.storage.AbstractStorage save
INFO: &amp#27;[32mSave d2748213-3e75-4734-b5e2-66ae45b55f3c(uuid5319)
сент. 16, 2025 8:21:57 PM webapp.storage.AbstractStorage save
INFO: &amp#27;[32mSave d7cc6c63-230d-4e9c-bd70-09b0a6395276(uuid5320)
сент. 16, 2025 8:21:57 PM webapp.storage.AbstractStorage save
INFO: &amp#27;[32mSave b004a37c-4256-460e-9460-576fba21326b(uuid5321)
сент. 16, 2025 8:21:57 PM webapp.storage.AbstractStorage save
INFO: &amp#27;[32mSave 5e15a238-31cc-4602-8587-0bef8ac3d21b(uuid5322)
сент. 16, 2025 8:21:57 PM webapp.storage.AbstractStorage save
INFO: &amp#27;[32mSave bdbe4c04-d1be-4919-9d92-c16e53811e55(uuid5323)
сент. 16, 2025 8:21:57 PM webapp.storage.AbstractStorage save
INFO: &amp#27;[32mSave 031f434a-3aa1-4338-af28-d4f7d21970df(uuid5324)
сент. 16, 2025 8:21:57 PM webapp.storage.AbstractStorage save
INFO: &amp#27;[32mSave 2218c9e6-2304-4a30-86f5-028b0884612f(uuid5325)
сент. 16, 2025 8:21:57 PM webapp.storage.AbstractStorage save
INFO: &amp#27;[32mSave 2f072598-c05f-417c-93b9-28d0378a0bf2(uuid5326)
сент. 16, 2025 8:21:57 PM webapp.storage.AbstractStorage save
INFO: &amp#27;[32mSave ba178151-f26f-4615-86bc-2f82cafa2141(uuid5327)
сент. 16, 2025 8:21:57 PM webapp.storage.AbstractStorage save
INFO: &amp#27;[32mSave 83a93422-aa70-48b8-b56f-b89f182c7e42(uuid5328)
сент. 16, 2025 8:21:57 PM webapp.storage.AbstractStorage save
INFO: &amp#27;[32mSave 43dd5439-b6b6-4fb4-b7e0-5f63bce16dcd(uuid5329)
сент. 16, 2025 8:21:57 PM webapp.storage.AbstractStorage save
INFO: &amp#27;[32mSave 2068584b-f262-4105-b51d-f145076d05c8(uuid5330)
сент. 16, 2025 8:21:57 PM webapp.storage.AbstractStorage save
INFO: &amp#27;[32mSave 1fc680a9-d6cd-473d-8d89-9a23155269b1(uuid5331)
сент. 16, 2025 8:21:57 PM webapp.storage.AbstractStorage save
INFO: &amp#27;[32mSave 40065381-1b16-47f3-b251-d43b97575246(uuid5332)
сент. 16, 2025 8:21:57 PM webapp.storage.AbstractStorage save
INFO: &amp#27;[32mSave 2d71ed13-e8cc-4a99-bcdf-9ac8ae46e5c2(uuid5333)
сент. 16, 2025 8:21:57 PM webapp.storage.AbstractStorage save
INFO: &amp#27;[32mSave 4a802556-5e6b-49cb-8fe4-59f6136cb93e(uuid5334)
сент. 16, 2025 8:21:57 PM webapp.storage.AbstractStorage save
INFO: &amp#27;[32mSave 86bc156b-6e37-453f-9790-9884dfe050e0(uuid5335)
сент. 16, 2025 8:21:57 PM webapp.storage.AbstractStorage save
INFO: &amp#27;[32mSave 8c518b2f-b76a-45f9-b2d3-b535316d09ec(uuid5336)
сент. 16, 2025 8:21:57 PM webapp.storage.AbstractStorage save
INFO: &amp#27;[32mSave 547b6c43-477f-44dc-85af-fc515b67728c(uuid5337)
сент. 16, 2025 8:21:57 PM webapp.storage.AbstractStorage save
INFO: &amp#27;[32mSave 81e403e3-f20c-4fde-86c2-e05cfc338ce0(uuid5338)
сент. 16, 2025 8:21:57 PM webapp.storage.AbstractStorage save
INFO: &amp#27;[32mSave 47ba9f75-dcd0-4b7f-abd5-ab03a00a616c(uuid5339)
сент. 16, 2025 8:21:57 PM webapp.storage.AbstractStorage save
INFO: &amp#27;[32mSave 6f18086e-ddfd-4477-ac15-643c7e9355f7(uuid5340)
сент. 16, 2025 8:21:57 PM webapp.storage.AbstractStorage save
INFO: &amp#27;[32mSave 6557eb1c-3476-4345-a0d4-252372172299(uuid5341)
сент. 16, 2025 8:21:57 PM webapp.storage.AbstractStorage save
INFO: &amp#27;[32mSave 40019ef4-e602-4cff-adc2-a506f7010c0a(uuid5342)
сент. 16, 2025 8:21:57 PM webapp.storage.AbstractStorage save
INFO: &amp#27;[32mSave a93bfe78-af32-40e6-a096-76546870ec57(uuid5343)
сент. 16, 2025 8:21:57 PM webapp.storage.AbstractStorage save
INFO: &amp#27;[32mSave 632eaf0a-4366-42ff-bc9c-80f2145761a7(uuid5344)
сент. 16, 2025 8:21:57 PM webapp.storage.AbstractStorage save
INFO: &amp#27;[32mSave 9daa0248-2590-4a6b-866f-9b2c898c91b9(uuid5345)
сент. 16, 2025 8:21:57 PM webapp.storage.AbstractStorage save
INFO: &amp#27;[32mSave 827bb34b-b1dd-4ecf-929b-91661b7e3555(uuid5346)
сент. 16, 2025 8:21:57 PM webapp.storage.AbstractStorage save
INFO: &amp#27;[32mSave e4b810ed-3fa3-4606-a30e-5557b3bfc3b7(uuid5347)
сент. 16, 2025 8:21:57 PM webapp.storage.AbstractStorage save
INFO: &amp#27;[32mSave 282133fb-50ba-456f-8871-5d44c450b90d(uuid5348)
сент. 16, 2025 8:21:57 PM webapp.storage.AbstractStorage save
INFO: &amp#27;[32mSave 54370ab4-8a26-42d6-a1b2-7e5a37c11abc(uuid5349)
сент. 16, 2025 8:21:57 PM webapp.storage.AbstractStorage save
INFO: &amp#27;[32mSave 7c98c235-a01d-4430-85f9-4b505787afac(uuid5350)
сент. 16, 2025 8:21:57 PM webapp.storage.AbstractStorage save
INFO: &amp#27;[32mSave 0b1564f5-6371-4db1-aca3-eeb7b1e3d60f(uuid5351)
сент. 16, 2025 8:21:57 PM webapp.storage.AbstractStorage save
INFO: &amp#27;[32mSave fea08223-725c-4116-a962-843bcbe9af5c(uuid5352)
сент. 16, 2025 8:21:57 PM webapp.storage.AbstractStorage save
INFO: &amp#27;[32mSave 5391a2a9-7880-4471-a844-8b73a3398ae0(uuid5353)
сент. 16, 2025 8:21:57 PM webapp.storage.AbstractStorage save
INFO: &amp#27;[32mSave 7fa4fdb0-4724-4ccb-a05d-21afa39f1ae3(uuid5354)
сент. 16, 2025 8:21:57 PM webapp.storage.AbstractStorage save
INFO: &amp#27;[32mSave 5bcb3bca-6af9-4869-82de-537e6d395bf5(uuid5355)
сент. 16, 2025 8:21:57 PM webapp.storage.AbstractStorage save
INFO: &amp#27;[32mSave 494214f7-3273-4ff1-b25f-9e932373fd04(uuid5356)
сент. 16, 2025 8:21:57 PM webapp.storage.AbstractStorage save
INFO: &amp#27;[32mSave ed0d7e11-7c74-4df8-9bc9-ae32cf47724b(uuid5357)
сент. 16, 2025 8:21:57 PM webapp.storage.AbstractStorage save
INFO: &amp#27;[32mSave fa8b1619-fdef-4434-968a-5730f66f4aa6(uuid5358)
сент. 16, 2025 8:21:57 PM webapp.storage.AbstractStorage save
INFO: &amp#27;[32mSave b5847725-effb-4be4-84a2-e9d34e3347e9(uuid5359)
сент. 16, 2025 8:21:57 PM webapp.storage.AbstractStorage save
INFO: &amp#27;[32mSave 2d9f2595-da48-43f2-a0cf-d9cf9127e345(uuid5360)
сент. 16, 2025 8:21:57 PM webapp.storage.AbstractStorage save
INFO: &amp#27;[32mSave a1649ec9-349b-4747-96de-267692eee495(uuid5361)
сент. 16, 2025 8:21:57 PM webapp.storage.AbstractStorage save
INFO: &amp#27;[32mSave 60453920-fc7b-41bf-953e-4d024cb2d49f(uuid5362)
сент. 16, 2025 8:21:57 PM webapp.storage.AbstractStorage save
INFO: &amp#27;[32mSave e5c4215f-4150-466e-83d3-324d1b414101(uuid5363)
сент. 16, 2025 8:21:57 PM webapp.storage.AbstractStorage save
INFO: &amp#27;[32mSave e71e3f15-dd27-4f71-b22f-dd1fec13278e(uuid5364)
сент. 16, 2025 8:21:57 PM webapp.storage.AbstractStorage save
INFO: &amp#27;[32mSave 4b1b88f5-c035-471a-9695-3afd0b9e22a7(uuid5365)
сент. 16, 2025 8:21:57 PM webapp.storage.AbstractStorage save
INFO: &amp#27;[32mSave 98ee61e9-2ce5-4616-9427-a19e990eec6b(uuid5366)
сент. 16, 2025 8:21:57 PM webapp.storage.AbstractStorage save
INFO: &amp#27;[32mSave b7b6dab8-e0e0-493b-83ad-be31dcf9bafa(uuid5367)
сент. 16, 2025 8:21:57 PM webapp.storage.AbstractStorage save
INFO: &amp#27;[32mSave 39e9d9f9-adc6-4789-bccf-4f206a7b2288(uuid5368)
сент. 16, 2025 8:21:57 PM webapp.storage.AbstractStorage save
INFO: &amp#27;[32mSave 7ff63897-a2fd-4764-93cc-512dfdb5e900(uuid5369)
сент. 16, 2025 8:21:57 PM webapp.storage.AbstractStorage save
INFO: &amp#27;[32mSave 68e830cc-ccaf-4486-ae78-8b2a68bf30a5(uuid5370)
сент. 16, 2025 8:21:57 PM webapp.storage.AbstractStorage save
INFO: &amp#27;[32mSave cfe9a7a6-33c9-4f8f-a48b-7eaf7dcae9db(uuid5371)
сент. 16, 2025 8:21:57 PM webapp.storage.AbstractStorage save
INFO: &amp#27;[32mSave fd33e7ee-314e-4209-bd24-4b28783d6f8a(uuid5372)
сент. 16, 2025 8:21:57 PM webapp.storage.AbstractStorage save
INFO: &amp#27;[32mSave c98728c9-9ea7-4b25-a44a-090eecdfb712(uuid5373)
сент. 16, 2025 8:21:57 PM webapp.storage.AbstractStorage save
INFO: &amp#27;[32mSave 08e363cc-d07c-432a-a77d-09a120ad32fd(uuid5374)
сент. 16, 2025 8:21:57 PM webapp.storage.AbstractStorage save
INFO: &amp#27;[32mSave 57b68628-c431-4180-a26f-fb1f097de7f9(uuid5375)
сент. 16, 2025 8:21:57 PM webapp.storage.AbstractStorage save
INFO: &amp#27;[32mSave 0e181e2a-ac9a-48a3-bc0f-5e852ea1c2a3(uuid5376)
сент. 16, 2025 8:21:57 PM webapp.storage.AbstractStorage save
INFO: &amp#27;[32mSave 809c9bf3-7f23-4311-ac77-e808a18ad4b5(uuid5377)
сент. 16, 2025 8:21:57 PM webapp.storage.AbstractStorage save
INFO: &amp#27;[32mSave e637ed77-703d-4b16-8161-5746a82473f3(uuid5378)
сент. 16, 2025 8:21:57 PM webapp.storage.AbstractStorage save
INFO: &amp#27;[32mSave 3139dd7e-83ba-483a-8bf8-17864e59baec(uuid5379)
сент. 16, 2025 8:21:57 PM webapp.storage.AbstractStorage save
INFO: &amp#27;[32mSave b22e8807-fe05-4b53-907b-347d32ee5163(uuid5380)
сент. 16, 2025 8:21:57 PM webapp.storage.AbstractStorage save
INFO: &amp#27;[32mSave 06a901f6-d733-44f9-9574-e74e8f1acd97(uuid5381)
сент. 16, 2025 8:21:57 PM webapp.storage.AbstractStorage save
INFO: &amp#27;[32mSave fbabf6ec-e4e3-4816-b644-b6e756498766(uuid5382)
сент. 16, 2025 8:21:57 PM webapp.storage.AbstractStorage save
INFO: &amp#27;[32mSave 09db390f-63cd-4cf4-ac7d-0a9238ee3a31(uuid5383)
сент. 16, 2025 8:21:57 PM webapp.storage.AbstractStorage save
INFO: &amp#27;[32mSave 942e9cfe-50a0-4f2e-8fa0-71ace28fb58f(uuid5384)
сент. 16, 2025 8:21:57 PM webapp.storage.AbstractStorage save
INFO: &amp#27;[32mSave ba718d4d-d364-43d6-8bea-abb320f15ffd(uuid5385)
сент. 16, 2025 8:21:57 PM webapp.storage.AbstractStorage save
INFO: &amp#27;[32mSave 7e93d349-7276-4312-9b95-6946ca2b8715(uuid5386)
сент. 16, 2025 8:21:57 PM webapp.storage.AbstractStorage save
INFO: &amp#27;[32mSave b4d87bff-e89b-4385-8cf3-12d63ede4f6d(uuid5387)
сент. 16, 2025 8:21:57 PM webapp.storage.AbstractStorage save
INFO: &amp#27;[32mSave 95863742-a079-4d6b-9af1-cc8bad2ce9d1(uuid5388)
сент. 16, 2025 8:21:57 PM webapp.storage.AbstractStorage save
INFO: &amp#27;[32mSave 42f2b6b6-b1d6-4d5e-a985-e9e52455c9eb(uuid5389)
сент. 16, 2025 8:21:57 PM webapp.storage.AbstractStorage save
INFO: &amp#27;[32mSave 0e60d248-955a-4b22-abe4-2bb3a165461d(uuid5390)
сент. 16, 2025 8:21:57 PM webapp.storage.AbstractStorage save
INFO: &amp#27;[32mSave df976c7a-f768-4c5b-97bb-932816d820db(uuid5391)
сент. 16, 2025 8:21:57 PM webapp.storage.AbstractStorage save
INFO: &amp#27;[32mSave 1c279524-23f1-4b31-8f54-7cc72fbc1159(uuid5392)
сент. 16, 2025 8:21:57 PM webapp.storage.AbstractStorage save
INFO: &amp#27;[32mSave e9161f04-c103-4689-a957-856a1769e003(uuid5393)
сент. 16, 2025 8:21:57 PM webapp.storage.AbstractStorage save
INFO: &amp#27;[32mSave e0cdffdc-0755-4339-9486-e0846592d8e0(uuid5394)
сент. 16, 2025 8:21:57 PM webapp.storage.AbstractStorage save
INFO: &amp#27;[32mSave 8a952ced-84fa-44b0-b9f8-22f252d1f46b(uuid5395)
сент. 16, 2025 8:21:57 PM webapp.storage.AbstractStorage save
INFO: &amp#27;[32mSave 53eaee4e-f515-4c0a-9d18-97dacb827398(uuid5396)
сент. 16, 2025 8:21:57 PM webapp.storage.AbstractStorage save
INFO: &amp#27;[32mSave 67f4143b-5b0f-4e5f-9698-32a9d18e1e33(uuid5397)
сент. 16, 2025 8:21:57 PM webapp.storage.AbstractStorage save
INFO: &amp#27;[32mSave ee4d8637-efae-48fc-aea6-26f82e683a5c(uuid5398)
сент. 16, 2025 8:21:57 PM webapp.storage.AbstractStorage save
INFO: &amp#27;[32mSave 04aa5f47-2a99-48dc-91bb-be91763f3bfe(uuid5399)
сент. 16, 2025 8:21:57 PM webapp.storage.AbstractStorage save
INFO: &amp#27;[32mSave bf31c88f-bcc5-4792-87c4-a18a3936aee4(uuid5400)
сент. 16, 2025 8:21:57 PM webapp.storage.AbstractStorage save
INFO: &amp#27;[32mSave 4d08b7e0-7db5-48ab-8400-f17f2f11865c(uuid5401)
сент. 16, 2025 8:21:57 PM webapp.storage.AbstractStorage save
INFO: &amp#27;[32mSave 96137868-8942-4845-b069-62505db33fdb(uuid5402)
сент. 16, 2025 8:21:57 PM webapp.storage.AbstractStorage save
INFO: &amp#27;[32mSave e9486f9e-5677-4ed2-9f41-d1a948e9a4f4(uuid5403)
сент. 16, 2025 8:21:57 PM webapp.storage.AbstractStorage save
INFO: &amp#27;[32mSave 00d7a1b6-8512-4738-b72e-bb4f803eaead(uuid5404)
сент. 16, 2025 8:21:57 PM webapp.storage.AbstractStorage save
INFO: &amp#27;[32mSave c0027d74-3882-45e9-94bc-49151d1c9f45(uuid5405)
сент. 16, 2025 8:21:57 PM webapp.storage.AbstractStorage save
INFO: &amp#27;[32mSave c814c8be-a275-4aca-b271-40e25f72cf10(uuid5406)
сент. 16, 2025 8:21:57 PM webapp.storage.AbstractStorage save
INFO: &amp#27;[32mSave d0786984-4d65-4e60-9b1b-2a7af16fa26f(uuid5407)
сент. 16, 2025 8:21:57 PM webapp.storage.AbstractStorage save
INFO: &amp#27;[32mSave a32b2661-d47d-4531-ae8f-658166dda585(uuid5408)
сент. 16, 2025 8:21:57 PM webapp.storage.AbstractStorage save
INFO: &amp#27;[32mSave dc7362df-6918-4741-a7bb-ca5cd3ae25c9(uuid5409)
сент. 16, 2025 8:21:57 PM webapp.storage.AbstractStorage save
INFO: &amp#27;[32mSave ed960fc5-336a-48f2-91d4-494aae8bda38(uuid5410)
сент. 16, 2025 8:21:57 PM webapp.storage.AbstractStorage save
INFO: &amp#27;[32mSave 2a841782-b621-4e21-a8e8-fe2fbd9fba46(uuid5411)
сент. 16, 2025 8:21:57 PM webapp.storage.AbstractStorage save
INFO: &amp#27;[32mSave b4db772f-03fd-434d-92ac-38b0362c8cbf(uuid5412)
сент. 16, 2025 8:21:57 PM webapp.storage.AbstractStorage save
INFO: &amp#27;[32mSave b4857f13-51a0-4513-a472-5c81097aa5c8(uuid5413)
сент. 16, 2025 8:21:57 PM webapp.storage.AbstractStorage save
INFO: &amp#27;[32mSave aed6fb26-c806-41d1-9ad3-9726612cbb70(uuid5414)
сент. 16, 2025 8:21:57 PM webapp.storage.AbstractStorage save
INFO: &amp#27;[32mSave 7fde2d1d-817e-499b-b22c-c11ddbc04c10(uuid5415)
сент. 16, 2025 8:21:57 PM webapp.storage.AbstractStorage save
INFO: &amp#27;[32mSave 5cbb9d66-c326-4321-9d6e-b46a9440bf43(uuid5416)
сент. 16, 2025 8:21:57 PM webapp.storage.AbstractStorage save
INFO: &amp#27;[32mSave 3f7cea95-e851-4dc3-98ef-e1497eeb39e5(uuid5417)
сент. 16, 2025 8:21:57 PM webapp.storage.AbstractStorage save
INFO: &amp#27;[32mSave 0520301d-5ecf-477d-86c2-022b702706ed(uuid5418)
сент. 16, 2025 8:21:57 PM webapp.storage.AbstractStorage save
INFO: &amp#27;[32mSave 11b136a4-45c2-49b2-b1d1-6a6a0f005d43(uuid5419)
сент. 16, 2025 8:21:57 PM webapp.storage.AbstractStorage save
INFO: &amp#27;[32mSave 766a593c-e2e1-448d-97e5-5c3b23a5cd21(uuid5420)
сент. 16, 2025 8:21:57 PM webapp.storage.AbstractStorage save
INFO: &amp#27;[32mSave 6596864b-320e-40f1-93e9-37834afb3d60(uuid5421)
сент. 16, 2025 8:21:57 PM webapp.storage.AbstractStorage save
INFO: &amp#27;[32mSave 590130c3-ca76-4e0b-9890-cf667f109941(uuid5422)
сент. 16, 2025 8:21:57 PM webapp.storage.AbstractStorage save
INFO: &amp#27;[32mSave c9092103-2309-4115-b8d8-fb2306a9f692(uuid5423)
сент. 16, 2025 8:21:57 PM webapp.storage.AbstractStorage save
INFO: &amp#27;[32mSave f65d4a1a-36d3-4f7d-8ecf-f272f7a246be(uuid5424)
сент. 16, 2025 8:21:57 PM webapp.storage.AbstractStorage save
INFO: &amp#27;[32mSave 8468c40c-8c50-4578-860b-98ddbb53bdad(uuid5425)
сент. 16, 2025 8:21:57 PM webapp.storage.AbstractStorage save
INFO: &amp#27;[32mSave b2be0df0-f03e-4c91-925b-653d0b21b936(uuid5426)
сент. 16, 2025 8:21:57 PM webapp.storage.AbstractStorage save
INFO: &amp#27;[32mSave b3216bf8-d6c4-45a2-ad4c-725963ecbcaf(uuid5427)
сент. 16, 2025 8:21:57 PM webapp.storage.AbstractStorage save
INFO: &amp#27;[32mSave 39d0353b-ebe4-4f7e-9198-7b0cc43ca5fd(uuid5428)
сент. 16, 2025 8:21:57 PM webapp.storage.AbstractStorage save
INFO: &amp#27;[32mSave 2301c4eb-b4be-44bb-9658-3342011ec47e(uuid5429)
сент. 16, 2025 8:21:57 PM webapp.storage.AbstractStorage save
INFO: &amp#27;[32mSave b3b55e7e-060d-4d0c-951a-bf60d7e59b08(uuid5430)
сент. 16, 2025 8:21:57 PM webapp.storage.AbstractStorage save
INFO: &amp#27;[32mSave 11212d4e-23ba-4e7d-a279-12e81b086e63(uuid5431)
сент. 16, 2025 8:21:57 PM webapp.storage.AbstractStorage save
INFO: &amp#27;[32mSave 590e8384-5a56-497f-a795-a68f00fc5b00(uuid5432)
сент. 16, 2025 8:21:57 PM webapp.storage.AbstractStorage save
INFO: &amp#27;[32mSave c2c8f5a4-a3a4-479d-ae09-0a5ea13f6c83(uuid5433)
сент. 16, 2025 8:21:57 PM webapp.storage.AbstractStorage save
INFO: &amp#27;[32mSave 07d6b8af-5021-4066-aee6-de9681ad38d6(uuid5434)
сент. 16, 2025 8:21:57 PM webapp.storage.AbstractStorage save
INFO: &amp#27;[32mSave ebf19018-af97-4334-9ef4-5fa662ad3d84(uuid5435)
сент. 16, 2025 8:21:57 PM webapp.storage.AbstractStorage save
INFO: &amp#27;[32mSave ae68592d-80f8-48b6-836b-58caf0eb22da(uuid5436)
сент. 16, 2025 8:21:57 PM webapp.storage.AbstractStorage save
INFO: &amp#27;[32mSave 50469467-59a5-4806-90a9-4fb5379f49ce(uuid5437)
сент. 16, 2025 8:21:57 PM webapp.storage.AbstractStorage save
INFO: &amp#27;[32mSave a14ea2d2-31de-4cf1-a494-aa8973ed88a9(uuid5438)
сент. 16, 2025 8:21:57 PM webapp.storage.AbstractStorage save
INFO: &amp#27;[32mSave e28c9f84-56a7-42f2-acd3-56b081cb2563(uuid5439)
сент. 16, 2025 8:21:57 PM webapp.storage.AbstractStorage save
INFO: &amp#27;[32mSave 729d37eb-5df6-41ca-a01a-37d4d6411ff4(uuid5440)
сент. 16, 2025 8:21:57 PM webapp.storage.AbstractStorage save
INFO: &amp#27;[32mSave ef200186-126f-4b94-ad64-39138b2b9523(uuid5441)
сент. 16, 2025 8:21:57 PM webapp.storage.AbstractStorage save
INFO: &amp#27;[32mSave 4572d850-c862-45fd-b0d6-8f8c19387512(uuid5442)
сент. 16, 2025 8:21:57 PM webapp.storage.AbstractStorage save
INFO: &amp#27;[32mSave 4a0b0c80-6dbf-4a48-9794-7c499aba86bc(uuid5443)
сент. 16, 2025 8:21:57 PM webapp.storage.AbstractStorage save
INFO: &amp#27;[32mSave 2e9f5a18-cbe8-49f7-a471-275b08daaa7d(uuid5444)
сент. 16, 2025 8:21:57 PM webapp.storage.AbstractStorage save
INFO: &amp#27;[32mSave d2aa8510-f1ae-4798-bebe-c7440a172172(uuid5445)
сент. 16, 2025 8:21:57 PM webapp.storage.AbstractStorage save
INFO: &amp#27;[32mSave b6260a3e-1ba9-4913-b9c5-d2677efacb59(uuid5446)
сент. 16, 2025 8:21:57 PM webapp.storage.AbstractStorage save
INFO: &amp#27;[32mSave 3046fc19-e8c7-44d8-aded-a13c08a7d098(uuid5447)
сент. 16, 2025 8:21:57 PM webapp.storage.AbstractStorage save
INFO: &amp#27;[32mSave 360f1620-613a-4c8c-91ee-28c8e6a7c255(uuid5448)
сент. 16, 2025 8:21:57 PM webapp.storage.AbstractStorage save
INFO: &amp#27;[32mSave 3a63047d-41a6-4ac2-9fb3-03e2361aefd7(uuid5449)
сент. 16, 2025 8:21:57 PM webapp.storage.AbstractStorage save
INFO: &amp#27;[32mSave 68eb992b-2bec-4364-ae0d-747d04bc5bda(uuid5450)
сент. 16, 2025 8:21:57 PM webapp.storage.AbstractStorage save
INFO: &amp#27;[32mSave f59cdf65-a183-4aa9-815b-e3cb780fcafd(uuid5451)
сент. 16, 2025 8:21:57 PM webapp.storage.AbstractStorage save
INFO: &amp#27;[32mSave 399b8699-da8b-4621-8c8d-cbc5e1502edb(uuid5452)
сент. 16, 2025 8:21:57 PM webapp.storage.AbstractStorage save
INFO: &amp#27;[32mSave 298592b7-fd2a-4fe8-a2b4-8e0419a02cbe(uuid5453)
сент. 16, 2025 8:21:57 PM webapp.storage.AbstractStorage save
INFO: &amp#27;[32mSave f9b4f56d-0c34-477e-babd-0e34ee74b357(uuid5454)
сент. 16, 2025 8:21:57 PM webapp.storage.AbstractStorage save
INFO: &amp#27;[32mSave 3d316a14-4755-4e32-83a4-083777d27c35(uuid5455)
сент. 16, 2025 8:21:57 PM webapp.storage.AbstractStorage save
INFO: &amp#27;[32mSave 8d5bfc50-54ef-489d-84ca-b7b8d5d4bd5d(uuid5456)
сент. 16, 2025 8:21:57 PM webapp.storage.AbstractStorage save
INFO: &amp#27;[32mSave 04e066c2-3d48-4171-b1be-bd4c739dcacf(uuid5457)
сент. 16, 2025 8:21:57 PM webapp.storage.AbstractStorage save
INFO: &amp#27;[32mSave 9b8fc2d4-856f-42bd-a743-316ef962621b(uuid5458)
сент. 16, 2025 8:21:57 PM webapp.storage.AbstractStorage save
INFO: &amp#27;[32mSave c71ee297-1a1a-47e6-ac8b-8b8994702b13(uuid5459)
сент. 16, 2025 8:21:57 PM webapp.storage.AbstractStorage save
INFO: &amp#27;[32mSave de4daf3e-8614-4a55-9581-0faa2f7b9159(uuid5460)
сент. 16, 2025 8:21:57 PM webapp.storage.AbstractStorage save
INFO: &amp#27;[32mSave de9424e7-f52b-4ad9-8f76-5187c7c8f939(uuid5461)
сент. 16, 2025 8:21:57 PM webapp.storage.AbstractStorage save
INFO: &amp#27;[32mSave 2397ea93-7b47-4ea7-a150-76fa49074af2(uuid5462)
сент. 16, 2025 8:21:57 PM webapp.storage.AbstractStorage save
INFO: &amp#27;[32mSave f71e96fb-d7f0-4861-9019-207c8fb5645e(uuid5463)
сент. 16, 2025 8:21:57 PM webapp.storage.AbstractStorage save
INFO: &amp#27;[32mSave 3dcc990c-1535-4d46-b7c4-ae8b71897fa0(uuid5464)
сент. 16, 2025 8:21:57 PM webapp.storage.AbstractStorage save
INFO: &amp#27;[32mSave 66aa71f7-5258-460d-892a-95a520936c72(uuid5465)
сент. 16, 2025 8:21:57 PM webapp.storage.AbstractStorage save
INFO: &amp#27;[32mSave 3e67f0b1-ab66-4221-a158-453132a7d77f(uuid5466)
сент. 16, 2025 8:21:57 PM webapp.storage.AbstractStorage save
INFO: &amp#27;[32mSave d8a482ea-8535-4198-b873-79207176e1dc(uuid5467)
сент. 16, 2025 8:21:57 PM webapp.storage.AbstractStorage save
INFO: &amp#27;[32mSave 9b6a9518-bc3a-4d5b-ad32-9a66ad92106e(uuid5468)
сент. 16, 2025 8:21:57 PM webapp.storage.AbstractStorage save
INFO: &amp#27;[32mSave f4d1be47-fc2f-4b0c-a677-f14698a3da39(uuid5469)
сент. 16, 2025 8:21:57 PM webapp.storage.AbstractStorage save
INFO: &amp#27;[32mSave 563b441e-960f-4a6b-bcc3-a9557e54bd54(uuid5470)
сент. 16, 2025 8:21:57 PM webapp.storage.AbstractStorage save
INFO: &amp#27;[32mSave 1a6bf228-c825-45a7-9fef-aea0478ce581(uuid5471)
сент. 16, 2025 8:21:57 PM webapp.storage.AbstractStorage save
INFO: &amp#27;[32mSave 56b8e895-6525-49c7-b4ce-53318d1704d2(uuid5472)
сент. 16, 2025 8:21:57 PM webapp.storage.AbstractStorage save
INFO: &amp#27;[32mSave 9c29636c-09c4-400d-99ff-cb4e1baa7d42(uuid5473)
сент. 16, 2025 8:21:57 PM webapp.storage.AbstractStorage save
INFO: &amp#27;[32mSave df3429dd-ba52-4390-ae1e-3951b3cf3f21(uuid5474)
сент. 16, 2025 8:21:57 PM webapp.storage.AbstractStorage save
INFO: &amp#27;[32mSave acbdb63e-4d6c-47f2-87ee-6c92e254c3a9(uuid5475)
сент. 16, 2025 8:21:57 PM webapp.storage.AbstractStorage save
INFO: &amp#27;[32mSave 4b9823b6-16ac-41d4-8b9c-d312af995cab(uuid5476)
сент. 16, 2025 8:21:57 PM webapp.storage.AbstractStorage save
INFO: &amp#27;[32mSave dd273b70-72d8-4e57-8eef-37a6a20f99a5(uuid5477)
сент. 16, 2025 8:21:57 PM webapp.storage.AbstractStorage save
INFO: &amp#27;[32mSave bf42fc03-017c-4fa2-bacd-e533233749ba(uuid5478)
сент. 16, 2025 8:21:57 PM webapp.storage.AbstractStorage save
INFO: &amp#27;[32mSave a11611f5-b745-4ded-b0de-f1d8f27baf4a(uuid5479)
сент. 16, 2025 8:21:57 PM webapp.storage.AbstractStorage save
INFO: &amp#27;[32mSave 87839db7-d324-4f56-a852-9b01d4635a92(uuid5480)
сент. 16, 2025 8:21:57 PM webapp.storage.AbstractStorage save
INFO: &amp#27;[32mSave a6b128b3-155c-4837-a279-d1cb9f0670fa(uuid5481)
сент. 16, 2025 8:21:57 PM webapp.storage.AbstractStorage save
INFO: &amp#27;[32mSave 41dd1674-164b-4f5c-90ff-9cede0b2bcec(uuid5482)
сент. 16, 2025 8:21:57 PM webapp.storage.AbstractStorage save
INFO: &amp#27;[32mSave aa1f4586-0cb0-481b-85f9-0084dd96bea1(uuid5483)
сент. 16, 2025 8:21:57 PM webapp.storage.AbstractStorage save
INFO: &amp#27;[32mSave f9d8c5dd-57e7-4f45-9193-c848e41e6c70(uuid5484)
сент. 16, 2025 8:21:57 PM webapp.storage.AbstractStorage save
INFO: &amp#27;[32mSave 39b8c45f-c2eb-40b8-a2ae-0b4f2d42231c(uuid5485)
сент. 16, 2025 8:21:57 PM webapp.storage.AbstractStorage save
INFO: &amp#27;[32mSave e1a38389-01b7-4b6d-bf3b-73763f2651bd(uuid5486)
сент. 16, 2025 8:21:57 PM webapp.storage.AbstractStorage save
INFO: &amp#27;[32mSave 7286dba8-9ed7-4c8b-b7b3-6bd42a4dd001(uuid5487)
сент. 16, 2025 8:21:57 PM webapp.storage.AbstractStorage save
INFO: &amp#27;[32mSave 19b350b0-4310-47cc-8ce1-689f81bc8583(uuid5488)
сент. 16, 2025 8:21:57 PM webapp.storage.AbstractStorage save
INFO: &amp#27;[32mSave d93a1e8e-b5bd-408e-96ea-9c8bcabe2901(uuid5489)
сент. 16, 2025 8:21:57 PM webapp.storage.AbstractStorage save
INFO: &amp#27;[32mSave 89b54a28-0ff3-4c89-a7e7-bcf65ca60c1a(uuid5490)
сент. 16, 2025 8:21:57 PM webapp.storage.AbstractStorage save
INFO: &amp#27;[32mSave e96839a6-071e-4671-aa5d-46c247150878(uuid5491)
сент. 16, 2025 8:21:57 PM webapp.storage.AbstractStorage save
INFO: &amp#27;[32mSave 96738004-fd91-4ae4-8531-3897e6d8fd10(uuid5492)
сент. 16, 2025 8:21:57 PM webapp.storage.AbstractStorage save
INFO: &amp#27;[32mSave 9f4bd5cc-4d9f-469b-96df-88d8226745ce(uuid5493)
сент. 16, 2025 8:21:57 PM webapp.storage.AbstractStorage save
INFO: &amp#27;[32mSave 74010c15-a813-46c2-8347-503b5c129769(uuid5494)
сент. 16, 2025 8:21:57 PM webapp.storage.AbstractStorage save
INFO: &amp#27;[32mSave d556a27f-050e-4b25-981b-725a40eb8e2c(uuid5495)
сент. 16, 2025 8:21:57 PM webapp.storage.AbstractStorage save
INFO: &amp#27;[32mSave c54a70aa-695c-401e-b8c3-4c7dc523f064(uuid5496)
сент. 16, 2025 8:21:57 PM webapp.storage.AbstractStorage save
INFO: &amp#27;[32mSave 24a81abc-027e-4151-8848-878d6b796d99(uuid5497)
сент. 16, 2025 8:21:57 PM webapp.storage.AbstractStorage save
INFO: &amp#27;[32mSave 6d9288f8-3a28-480b-b153-20ebca8bb21b(uuid5498)
сент. 16, 2025 8:21:57 PM webapp.storage.AbstractStorage save
INFO: &amp#27;[32mSave c220145a-e0de-4afb-8774-10426e3f96af(uuid5499)
сент. 16, 2025 8:21:57 PM webapp.storage.AbstractStorage save
INFO: &amp#27;[32mSave e75d622e-88f1-4131-9baf-83f7f9f66c63(uuid5500)
сент. 16, 2025 8:21:57 PM webapp.storage.AbstractStorage save
INFO: &amp#27;[32mSave 11341abc-fa2c-47b0-95a1-180a96e62711(uuid5501)
сент. 16, 2025 8:21:57 PM webapp.storage.AbstractStorage save
INFO: &amp#27;[32mSave 7e394ceb-5ab5-481d-8f80-0b41426b2446(uuid5502)
сент. 16, 2025 8:21:57 PM webapp.storage.AbstractStorage save
INFO: &amp#27;[32mSave 02405780-d9aa-4654-aa58-223c4668a212(uuid5503)
сент. 16, 2025 8:21:57 PM webapp.storage.AbstractStorage save
INFO: &amp#27;[32mSave 09b97242-51ca-457b-83c4-0365702475bb(uuid5504)
сент. 16, 2025 8:21:57 PM webapp.storage.AbstractStorage save
INFO: &amp#27;[32mSave 8dbd938e-d716-426e-ba45-f4f1e509d8da(uuid5505)
сент. 16, 2025 8:21:57 PM webapp.storage.AbstractStorage save
INFO: &amp#27;[32mSave d5407034-22e3-49ea-acd9-934f99c2449f(uuid5506)
сент. 16, 2025 8:21:57 PM webapp.storage.AbstractStorage save
INFO: &amp#27;[32mSave 02a4af6a-649d-42ad-979b-6e042b9972ab(uuid5507)
сент. 16, 2025 8:21:57 PM webapp.storage.AbstractStorage save
INFO: &amp#27;[32mSave a0cba073-a28f-4fcb-a0c9-30f982226915(uuid5508)
сент. 16, 2025 8:21:57 PM webapp.storage.AbstractStorage save
INFO: &amp#27;[32mSave 2bb6527a-d814-483a-a199-6307823b19b0(uuid5509)
сент. 16, 2025 8:21:57 PM webapp.storage.AbstractStorage save
INFO: &amp#27;[32mSave 7749a964-1368-4433-9958-39fd1f3f38b2(uuid5510)
сент. 16, 2025 8:21:57 PM webapp.storage.AbstractStorage save
INFO: &amp#27;[32mSave 98e6dd39-e565-49e2-9309-85ba3bea63af(uuid5511)
сент. 16, 2025 8:21:57 PM webapp.storage.AbstractStorage save
INFO: &amp#27;[32mSave 0a14a65e-d0c0-40f8-9d8e-68079bbae831(uuid5512)
сент. 16, 2025 8:21:57 PM webapp.storage.AbstractStorage save
INFO: &amp#27;[32mSave 369ef967-ab23-49ed-a1a7-93402795a849(uuid5513)
сент. 16, 2025 8:21:57 PM webapp.storage.AbstractStorage save
INFO: &amp#27;[32mSave 5b48b326-f3b0-4fd1-85a5-75fa554f770b(uuid5514)
сент. 16, 2025 8:21:57 PM webapp.storage.AbstractStorage save
INFO: &amp#27;[32mSave b9ea6cbd-a3b5-4f02-a4e7-2cd9dd19d9cd(uuid5515)
сент. 16, 2025 8:21:57 PM webapp.storage.AbstractStorage save
INFO: &amp#27;[32mSave 379727e7-7e94-4520-abc9-29094e0e6976(uuid5516)
сент. 16, 2025 8:21:57 PM webapp.storage.AbstractStorage save
INFO: &amp#27;[32mSave f626c062-c762-4108-aeed-ac6dfb1cde23(uuid5517)
сент. 16, 2025 8:21:57 PM webapp.storage.AbstractStorage save
INFO: &amp#27;[32mSave b0cb55ab-0605-4433-b815-73b836387805(uuid5518)
сент. 16, 2025 8:21:57 PM webapp.storage.AbstractStorage save
INFO: &amp#27;[32mSave 2608dd83-9127-4b0d-b1a9-f0f94fdf7db6(uuid5519)
сент. 16, 2025 8:21:57 PM webapp.storage.AbstractStorage save
INFO: &amp#27;[32mSave 0840283f-8470-459e-8867-d35b9fc005d1(uuid5520)
сент. 16, 2025 8:21:57 PM webapp.storage.AbstractStorage save
INFO: &amp#27;[32mSave 1ba103cf-3c2a-41ac-98ec-98cde17dcaf0(uuid5521)
сент. 16, 2025 8:21:57 PM webapp.storage.AbstractStorage save
INFO: &amp#27;[32mSave b5fba5fc-45d3-46db-b927-c25cbe89be96(uuid5522)
сент. 16, 2025 8:21:57 PM webapp.storage.AbstractStorage save
INFO: &amp#27;[32mSave 2a663eaf-cddd-4cc1-9d0d-182fc232c662(uuid5523)
сент. 16, 2025 8:21:57 PM webapp.storage.AbstractStorage save
INFO: &amp#27;[32mSave 5c156ef6-dafb-40a4-ab6a-aadfdedfa6b4(uuid5524)
сент. 16, 2025 8:21:57 PM webapp.storage.AbstractStorage save
INFO: &amp#27;[32mSave 8d84c111-36a5-466b-8e6e-e8024cc43cef(uuid5525)
сент. 16, 2025 8:21:57 PM webapp.storage.AbstractStorage save
INFO: &amp#27;[32mSave db1f05ff-e614-45dd-b142-1ca43a065a8b(uuid5526)
сент. 16, 2025 8:21:57 PM webapp.storage.AbstractStorage save
INFO: &amp#27;[32mSave 166f49bf-3cfa-4cbf-ab7b-36df8533ef13(uuid5527)
сент. 16, 2025 8:21:57 PM webapp.storage.AbstractStorage save
INFO: &amp#27;[32mSave 68bd0105-644d-41fa-bcb6-4b74cccc85d5(uuid5528)
сент. 16, 2025 8:21:57 PM webapp.storage.AbstractStorage save
INFO: &amp#27;[32mSave b2c86274-8071-46c8-8249-0bb0dd51e2a4(uuid5529)
сент. 16, 2025 8:21:57 PM webapp.storage.AbstractStorage save
INFO: &amp#27;[32mSave 7fa4eccc-990d-49b3-bd8a-2585603fde3a(uuid5530)
сент. 16, 2025 8:21:57 PM webapp.storage.AbstractStorage save
INFO: &amp#27;[32mSave 567bdad5-bb62-4d75-a39b-61c42f4d474c(uuid5531)
сент. 16, 2025 8:21:57 PM webapp.storage.AbstractStorage save
INFO: &amp#27;[32mSave 7edc9085-1ddc-4cac-8d7c-cd011f35abad(uuid5532)
сент. 16, 2025 8:21:57 PM webapp.storage.AbstractStorage save
INFO: &amp#27;[32mSave 1dcd5711-9b72-4a93-8492-9f733ac20634(uuid5533)
сент. 16, 2025 8:21:57 PM webapp.storage.AbstractStorage save
INFO: &amp#27;[32mSave 67ca1c06-195a-415b-ab0b-ce6bf9907883(uuid5534)
сент. 16, 2025 8:21:57 PM webapp.storage.AbstractStorage save
INFO: &amp#27;[32mSave 610991dd-7b0f-4df3-86e2-1b3c98acb9af(uuid5535)
сент. 16, 2025 8:21:57 PM webapp.storage.AbstractStorage save
INFO: &amp#27;[32mSave fe1d35d7-49ee-49f4-884c-e321ff8fbfb1(uuid5536)
сент. 16, 2025 8:21:57 PM webapp.storage.AbstractStorage save
INFO: &amp#27;[32mSave d0aebb1d-ed99-4849-9c9c-d9cea53f4a55(uuid5537)
сент. 16, 2025 8:21:57 PM webapp.storage.AbstractStorage save
INFO: &amp#27;[32mSave ac710ebc-bc2a-4fa7-8c74-15934b47de8e(uuid5538)
сент. 16, 2025 8:21:57 PM webapp.storage.AbstractStorage save
INFO: &amp#27;[32mSave d33c9534-6e86-4c83-9894-cc876e7ead91(uuid5539)
сент. 16, 2025 8:21:57 PM webapp.storage.AbstractStorage save
INFO: &amp#27;[32mSave 6e5f81da-e7d3-4d2b-8b3e-ef4d09e5702e(uuid5540)
сент. 16, 2025 8:21:57 PM webapp.storage.AbstractStorage save
INFO: &amp#27;[32mSave 9bf1d3ba-9d13-4081-8283-632ba3356d4c(uuid5541)
сент. 16, 2025 8:21:57 PM webapp.storage.AbstractStorage save
INFO: &amp#27;[32mSave b5f2e94b-a11b-424f-b4ce-2e7414f0d0f9(uuid5542)
сент. 16, 2025 8:21:57 PM webapp.storage.AbstractStorage save
INFO: &amp#27;[32mSave a05b9afd-1048-4fae-9e67-3c901ea9d9b7(uuid5543)
сент. 16, 2025 8:21:57 PM webapp.storage.AbstractStorage save
INFO: &amp#27;[32mSave 6dba3936-03fc-43f5-9592-468fa5fe5c3a(uuid5544)
сент. 16, 2025 8:21:57 PM webapp.storage.AbstractStorage save
INFO: &amp#27;[32mSave 4accc890-a2dc-44e6-ae7a-5c7944612923(uuid5545)
сент. 16, 2025 8:21:57 PM webapp.storage.AbstractStorage save
INFO: &amp#27;[32mSave 7fd5e7d0-709b-44c1-80ef-6c43ca93c473(uuid5546)
сент. 16, 2025 8:21:57 PM webapp.storage.AbstractStorage save
INFO: &amp#27;[32mSave 1167c891-5ea1-450b-af54-a1ec76c8fdc1(uuid5547)
сент. 16, 2025 8:21:57 PM webapp.storage.AbstractStorage save
INFO: &amp#27;[32mSave 74533007-8334-4ac6-99dc-df4a4c56eafc(uuid5548)
сент. 16, 2025 8:21:57 PM webapp.storage.AbstractStorage save
INFO: &amp#27;[32mSave 312bfaa9-f9d1-486c-9fd4-a46bc75bc94b(uuid5549)
сент. 16, 2025 8:21:57 PM webapp.storage.AbstractStorage save
INFO: &amp#27;[32mSave e92d1210-87ba-4ff0-85bb-da3f442b0de2(uuid5550)
сент. 16, 2025 8:21:57 PM webapp.storage.AbstractStorage save
INFO: &amp#27;[32mSave 2b316ac5-7690-4344-90d9-337e5f718d76(uuid5551)
сент. 16, 2025 8:21:57 PM webapp.storage.AbstractStorage save
INFO: &amp#27;[32mSave a1daecee-1762-4cdc-b433-a3be110f0102(uuid5552)
сент. 16, 2025 8:21:57 PM webapp.storage.AbstractStorage save
INFO: &amp#27;[32mSave 2de0ca23-3392-4041-b5d7-35414d5acc65(uuid5553)
сент. 16, 2025 8:21:57 PM webapp.storage.AbstractStorage save
INFO: &amp#27;[32mSave c6fbe2d2-f15d-445d-91be-033fc56b391d(uuid5554)
сент. 16, 2025 8:21:57 PM webapp.storage.AbstractStorage save
INFO: &amp#27;[32mSave 8a3ae1b3-f5a8-4e3c-b388-a91b6d9f570f(uuid5555)
сент. 16, 2025 8:21:57 PM webapp.storage.AbstractStorage save
INFO: &amp#27;[32mSave fca9e613-6cdc-4ee3-b0e8-c96494723cb5(uuid5556)
сент. 16, 2025 8:21:57 PM webapp.storage.AbstractStorage save
INFO: &amp#27;[32mSave 919eec2e-5443-47e0-a8ff-62f513405f24(uuid5557)
сент. 16, 2025 8:21:57 PM webapp.storage.AbstractStorage save
INFO: &amp#27;[32mSave 07e4d9d0-f9e7-446b-aa1a-e03527642a5b(uuid5558)
сент. 16, 2025 8:21:57 PM webapp.storage.AbstractStorage save
INFO: &amp#27;[32mSave def21336-33d1-4d1c-b6bd-eb7c4a36d8ae(uuid5559)
сент. 16, 2025 8:21:57 PM webapp.storage.AbstractStorage save
INFO: &amp#27;[32mSave d0e951a8-8bcb-428f-9337-57b7dd44d543(uuid5560)
сент. 16, 2025 8:21:57 PM webapp.storage.AbstractStorage save
INFO: &amp#27;[32mSave 57d5a7dc-998c-4058-b9e1-845782ff0645(uuid5561)
сент. 16, 2025 8:21:57 PM webapp.storage.AbstractStorage save
INFO: &amp#27;[32mSave 69b97cf3-b450-4f73-93f3-1c0596eb4553(uuid5562)
сент. 16, 2025 8:21:57 PM webapp.storage.AbstractStorage save
INFO: &amp#27;[32mSave e227f1a5-4f98-4283-8c97-2646b0a28653(uuid5563)
сент. 16, 2025 8:21:57 PM webapp.storage.AbstractStorage save
INFO: &amp#27;[32mSave f9aa5eb1-b604-421d-903a-5b06c796e600(uuid5564)
сент. 16, 2025 8:21:57 PM webapp.storage.AbstractStorage save
INFO: &amp#27;[32mSave 3e12ae50-d547-45d1-be4a-73a08e97125f(uuid5565)
сент. 16, 2025 8:21:57 PM webapp.storage.AbstractStorage save
INFO: &amp#27;[32mSave 481789da-6fbf-4480-8eb0-a020c1e61dc7(uuid5566)
сент. 16, 2025 8:21:57 PM webapp.storage.AbstractStorage save
INFO: &amp#27;[32mSave 9477e843-7a15-45e1-97dc-2502e7b34b61(uuid5567)
сент. 16, 2025 8:21:57 PM webapp.storage.AbstractStorage save
INFO: &amp#27;[32mSave bde9ebae-6f83-48b5-a0b0-693cf41367c1(uuid5568)
сент. 16, 2025 8:21:57 PM webapp.storage.AbstractStorage save
INFO: &amp#27;[32mSave 08316900-76fb-49cb-8a07-749ec36f6e43(uuid5569)
сент. 16, 2025 8:21:57 PM webapp.storage.AbstractStorage save
INFO: &amp#27;[32mSave f1dfa0ac-30ad-482d-b435-55971d744516(uuid5570)
сент. 16, 2025 8:21:57 PM webapp.storage.AbstractStorage save
INFO: &amp#27;[32mSave 5ea77a9e-307b-4283-8a67-66c9e19a20d9(uuid5571)
сент. 16, 2025 8:21:57 PM webapp.storage.AbstractStorage save
INFO: &amp#27;[32mSave a0830878-fc07-4b76-aa59-dd925572baf8(uuid5572)
сент. 16, 2025 8:21:57 PM webapp.storage.AbstractStorage save
INFO: &amp#27;[32mSave fa21b013-d40c-40b8-a932-a1c9a418d923(uuid5573)
сент. 16, 2025 8:21:57 PM webapp.storage.AbstractStorage save
INFO: &amp#27;[32mSave 821b99f8-7180-46e0-9885-18b3109f337f(uuid5574)
сент. 16, 2025 8:21:57 PM webapp.storage.AbstractStorage save
INFO: &amp#27;[32mSave 0ea277f4-54fc-4506-a8b5-6cdffad52573(uuid5575)
сент. 16, 2025 8:21:57 PM webapp.storage.AbstractStorage save
INFO: &amp#27;[32mSave 675e78eb-941c-4922-969b-b6149d472d20(uuid5576)
сент. 16, 2025 8:21:57 PM webapp.storage.AbstractStorage save
INFO: &amp#27;[32mSave c11d3cdc-f16f-482a-b5d7-aabd9c6064d9(uuid5577)
сент. 16, 2025 8:21:57 PM webapp.storage.AbstractStorage save
INFO: &amp#27;[32mSave e1e31d1e-0b56-41a2-b18b-21f0461dba48(uuid5578)
сент. 16, 2025 8:21:57 PM webapp.storage.AbstractStorage save
INFO: &amp#27;[32mSave d3c6393c-9d62-4724-a6fa-6fbfa567f796(uuid5579)
сент. 16, 2025 8:21:57 PM webapp.storage.AbstractStorage save
INFO: &amp#27;[32mSave 86619514-8eaf-43db-881b-710521a20136(uuid5580)
сент. 16, 2025 8:21:57 PM webapp.storage.AbstractStorage save
INFO: &amp#27;[32mSave 704767ed-8221-4dd8-bb76-e7892f9ccb93(uuid5581)
сент. 16, 2025 8:21:57 PM webapp.storage.AbstractStorage save
INFO: &amp#27;[32mSave 7b8cee0e-88e2-4834-a872-ced3fe53ba6f(uuid5582)
сент. 16, 2025 8:21:57 PM webapp.storage.AbstractStorage save
INFO: &amp#27;[32mSave ec922edd-6e3d-4562-83fa-12b858636d3b(uuid5583)
сент. 16, 2025 8:21:57 PM webapp.storage.AbstractStorage save
INFO: &amp#27;[32mSave 7367397a-4d51-4426-a9b0-54e075046f65(uuid5584)
сент. 16, 2025 8:21:57 PM webapp.storage.AbstractStorage save
INFO: &amp#27;[32mSave 42d22beb-f731-4ce7-9883-7eeea8af900c(uuid5585)
сент. 16, 2025 8:21:57 PM webapp.storage.AbstractStorage save
INFO: &amp#27;[32mSave b7a64e01-3cf8-4539-94cd-62fbc8318304(uuid5586)
сент. 16, 2025 8:21:57 PM webapp.storage.AbstractStorage save
INFO: &amp#27;[32mSave e3ceee47-ec96-4b40-a695-e9339de91e9c(uuid5587)
сент. 16, 2025 8:21:57 PM webapp.storage.AbstractStorage save
INFO: &amp#27;[32mSave c2cdf53f-849e-4a84-85c0-de5685aead08(uuid5588)
сент. 16, 2025 8:21:57 PM webapp.storage.AbstractStorage save
INFO: &amp#27;[32mSave 5f835d65-6e46-4381-80cf-00bc29e8480b(uuid5589)
сент. 16, 2025 8:21:57 PM webapp.storage.AbstractStorage save
INFO: &amp#27;[32mSave f658f5ea-a1f1-4f9c-9b6d-b078a80f72c3(uuid5590)
сент. 16, 2025 8:21:57 PM webapp.storage.AbstractStorage save
INFO: &amp#27;[32mSave 1da61799-f1ab-4458-bbae-fcbac96ed09d(uuid5591)
сент. 16, 2025 8:21:57 PM webapp.storage.AbstractStorage save
INFO: &amp#27;[32mSave 1b05ff89-72be-4f83-938c-bb7616902a0d(uuid5592)
сент. 16, 2025 8:21:57 PM webapp.storage.AbstractStorage save
INFO: &amp#27;[32mSave da11d44b-62a9-4abb-b669-4c28e107b969(uuid5593)
сент. 16, 2025 8:21:57 PM webapp.storage.AbstractStorage save
INFO: &amp#27;[32mSave 6776ece0-b8be-4abb-b31e-6ac19b5e3f8a(uuid5594)
сент. 16, 2025 8:21:57 PM webapp.storage.AbstractStorage save
INFO: &amp#27;[32mSave 18b544f7-6bde-423b-8cb3-9173f51a769c(uuid5595)
сент. 16, 2025 8:21:57 PM webapp.storage.AbstractStorage save
INFO: &amp#27;[32mSave dfc69803-a6d7-4ea1-b3cc-0f71377f2161(uuid5596)
сент. 16, 2025 8:21:57 PM webapp.storage.AbstractStorage save
INFO: &amp#27;[32mSave 160dde9b-0175-4a09-8b9f-fc9aa6969b4b(uuid5597)
сент. 16, 2025 8:21:57 PM webapp.storage.AbstractStorage save
INFO: &amp#27;[32mSave e7214380-998b-43b6-81be-9e143a673875(uuid5598)
сент. 16, 2025 8:21:57 PM webapp.storage.AbstractStorage save
INFO: &amp#27;[32mSave bbbd9c5f-e9a1-4247-9b99-e03a5657959c(uuid5599)
сент. 16, 2025 8:21:57 PM webapp.storage.AbstractStorage save
INFO: &amp#27;[32mSave 0661a4e3-c7fd-47f6-b93f-cc937419d0ec(uuid5600)
сент. 16, 2025 8:21:57 PM webapp.storage.AbstractStorage save
INFO: &amp#27;[32mSave 9084e1d3-3c03-40eb-98f6-d554d2adc641(uuid5601)
сент. 16, 2025 8:21:57 PM webapp.storage.AbstractStorage save
INFO: &amp#27;[32mSave 56e55ba0-97bc-472d-9d61-e1e76fe00a09(uuid5602)
сент. 16, 2025 8:21:57 PM webapp.storage.AbstractStorage save
INFO: &amp#27;[32mSave 70593abf-ff24-4366-9a36-b0a67f898bc7(uuid5603)
сент. 16, 2025 8:21:57 PM webapp.storage.AbstractStorage save
INFO: &amp#27;[32mSave 24a9abf0-bf29-42a5-a2fc-74a61ea27cd8(uuid5604)
сент. 16, 2025 8:21:57 PM webapp.storage.AbstractStorage save
INFO: &amp#27;[32mSave 1a90cd91-338e-41c7-b633-46dc1a395139(uuid5605)
сент. 16, 2025 8:21:57 PM webapp.storage.AbstractStorage save
INFO: &amp#27;[32mSave e79c04df-8617-498b-a4a6-8ce8d26ed2fe(uuid5606)
сент. 16, 2025 8:21:57 PM webapp.storage.AbstractStorage save
INFO: &amp#27;[32mSave 52208c38-1675-4ef7-a725-e15f314aa49b(uuid5607)
сент. 16, 2025 8:21:57 PM webapp.storage.AbstractStorage save
INFO: &amp#27;[32mSave c88b2b3d-14c3-42e3-a3c2-20334ce0e365(uuid5608)
сент. 16, 2025 8:21:57 PM webapp.storage.AbstractStorage save
INFO: &amp#27;[32mSave 67f9037c-4367-468b-9290-c9fe0bc8fd55(uuid5609)
сент. 16, 2025 8:21:57 PM webapp.storage.AbstractStorage save
INFO: &amp#27;[32mSave abc2c0c8-b69f-4fc4-8356-9f988c85eb8f(uuid5610)
сент. 16, 2025 8:21:57 PM webapp.storage.AbstractStorage save
INFO: &amp#27;[32mSave fed1801a-33fa-4c27-aa32-fe15b7556829(uuid5611)
сент. 16, 2025 8:21:57 PM webapp.storage.AbstractStorage save
INFO: &amp#27;[32mSave 43e975bd-9f1d-4f35-bd64-b2d6c5ac09c0(uuid5612)
сент. 16, 2025 8:21:57 PM webapp.storage.AbstractStorage save
INFO: &amp#27;[32mSave 09ce9644-9118-49ac-9c7d-a86c8c6eec71(uuid5613)
сент. 16, 2025 8:21:57 PM webapp.storage.AbstractStorage save
INFO: &amp#27;[32mSave 227c8d83-10ee-4e2f-b6e1-86784a583da4(uuid5614)
сент. 16, 2025 8:21:57 PM webapp.storage.AbstractStorage save
INFO: &amp#27;[32mSave 9f3fd7ba-8ce8-4546-86dd-3a157ed7eb7a(uuid5615)
сент. 16, 2025 8:21:57 PM webapp.storage.AbstractStorage save
INFO: &amp#27;[32mSave 82781784-e631-4469-808d-c1ff75a6d9b3(uuid5616)
сент. 16, 2025 8:21:57 PM webapp.storage.AbstractStorage save
INFO: &amp#27;[32mSave 485986b2-2bbd-4731-80b5-3b850d237c52(uuid5617)
сент. 16, 2025 8:21:57 PM webapp.storage.AbstractStorage save
INFO: &amp#27;[32mSave 29bf116b-f1ae-4fbf-9d97-960bea6f23df(uuid5618)
сент. 16, 2025 8:21:57 PM webapp.storage.AbstractStorage save
INFO: &amp#27;[32mSave a4a57c5b-0b7e-4432-a031-d93c9e25fa8f(uuid5619)
сент. 16, 2025 8:21:57 PM webapp.storage.AbstractStorage save
INFO: &amp#27;[32mSave 7f18d7d9-8649-45bb-bd13-685705ceb2df(uuid5620)
сент. 16, 2025 8:21:57 PM webapp.storage.AbstractStorage save
INFO: &amp#27;[32mSave 8a8aa337-584f-440f-9b19-952ecb0c1585(uuid5621)
сент. 16, 2025 8:21:57 PM webapp.storage.AbstractStorage save
INFO: &amp#27;[32mSave 97a317cc-a697-4a68-98ff-5464151a7c6b(uuid5622)
сент. 16, 2025 8:21:57 PM webapp.storage.AbstractStorage save
INFO: &amp#27;[32mSave 757f244a-37d1-4428-bc5a-e2124a7415cc(uuid5623)
сент. 16, 2025 8:21:57 PM webapp.storage.AbstractStorage save
INFO: &amp#27;[32mSave 578ccb93-04f6-47d8-a8c1-884c252c9afa(uuid5624)
сент. 16, 2025 8:21:57 PM webapp.storage.AbstractStorage save
INFO: &amp#27;[32mSave d31cb14b-da39-45ad-9222-8ca4f6559a39(uuid5625)
сент. 16, 2025 8:21:57 PM webapp.storage.AbstractStorage save
INFO: &amp#27;[32mSave a3b5b8b1-95a0-4d0d-9f74-bfb140e96049(uuid5626)
сент. 16, 2025 8:21:57 PM webapp.storage.AbstractStorage save
INFO: &amp#27;[32mSave 56f65f91-611d-40ca-9948-f18c827729c8(uuid5627)
сент. 16, 2025 8:21:57 PM webapp.storage.AbstractStorage save
INFO: &amp#27;[32mSave 962bf315-4e33-4271-bc52-af16a342640a(uuid5628)
сент. 16, 2025 8:21:57 PM webapp.storage.AbstractStorage save
INFO: &amp#27;[32mSave 5c90562d-f651-421b-9feb-d92f5a787b07(uuid5629)
сент. 16, 2025 8:21:57 PM webapp.storage.AbstractStorage save
INFO: &amp#27;[32mSave 7b1e1fe8-cfb4-4d69-adc0-6a6917a48c05(uuid5630)
сент. 16, 2025 8:21:57 PM webapp.storage.AbstractStorage save
INFO: &amp#27;[32mSave afdb0c2b-4e96-468b-bf66-4a7b61f557c6(uuid5631)
сент. 16, 2025 8:21:57 PM webapp.storage.AbstractStorage save
INFO: &amp#27;[32mSave f10230fb-3a89-4837-aaae-f5f3768e4cf3(uuid5632)
сент. 16, 2025 8:21:57 PM webapp.storage.AbstractStorage save
INFO: &amp#27;[32mSave b516ddbf-6182-4a0e-8305-3dea43a7d6b2(uuid5633)
сент. 16, 2025 8:21:57 PM webapp.storage.AbstractStorage save
INFO: &amp#27;[32mSave 46a9ab65-5a6e-48e1-819d-48944dd307d1(uuid5634)
сент. 16, 2025 8:21:57 PM webapp.storage.AbstractStorage save
INFO: &amp#27;[32mSave 133df092-a191-460b-88b4-7cbd925c10fe(uuid5635)
сент. 16, 2025 8:21:57 PM webapp.storage.AbstractStorage save
INFO: &amp#27;[32mSave d8697602-947c-4c8d-8d6c-487a8b5bfa5a(uuid5636)
сент. 16, 2025 8:21:57 PM webapp.storage.AbstractStorage save
INFO: &amp#27;[32mSave 0e22ce5c-4ccb-4a9a-a23a-3aa8b0fd569e(uuid5637)
сент. 16, 2025 8:21:57 PM webapp.storage.AbstractStorage save
INFO: &amp#27;[32mSave d93da646-e84d-4631-be20-c8e56b3a1332(uuid5638)
сент. 16, 2025 8:21:57 PM webapp.storage.AbstractStorage save
INFO: &amp#27;[32mSave d72b3a07-e656-4635-b336-e936e59c7739(uuid5639)
сент. 16, 2025 8:21:57 PM webapp.storage.AbstractStorage save
INFO: &amp#27;[32mSave 5bafc0f7-187e-40d9-8cea-fb38e8bd22cf(uuid5640)
сент. 16, 2025 8:21:57 PM webapp.storage.AbstractStorage save
INFO: &amp#27;[32mSave 310fd830-841f-4123-8481-0fc32bd102ca(uuid5641)
сент. 16, 2025 8:21:57 PM webapp.storage.AbstractStorage save
INFO: &amp#27;[32mSave f7f88d33-66cf-4425-b608-547830a58947(uuid5642)
сент. 16, 2025 8:21:57 PM webapp.storage.AbstractStorage save
INFO: &amp#27;[32mSave 8f817fd8-ef4f-40f8-a526-435ea0c1d870(uuid5643)
сент. 16, 2025 8:21:57 PM webapp.storage.AbstractStorage save
INFO: &amp#27;[32mSave 30697bbd-6921-4352-931d-5a0bf3b839f1(uuid5644)
сент. 16, 2025 8:21:57 PM webapp.storage.AbstractStorage save
INFO: &amp#27;[32mSave 184cd440-e39a-4a8b-99c2-c25b7fb890d3(uuid5645)
сент. 16, 2025 8:21:57 PM webapp.storage.AbstractStorage save
INFO: &amp#27;[32mSave bf3f99fc-ceee-413e-a0b6-afcea74fea90(uuid5646)
сент. 16, 2025 8:21:57 PM webapp.storage.AbstractStorage save
INFO: &amp#27;[32mSave df578492-cf23-4091-ae0b-60eb8d61e29b(uuid5647)
сент. 16, 2025 8:21:57 PM webapp.storage.AbstractStorage save
INFO: &amp#27;[32mSave 939910f2-c07a-480f-b9d3-8848cd26aec5(uuid5648)
сент. 16, 2025 8:21:57 PM webapp.storage.AbstractStorage save
INFO: &amp#27;[32mSave 5d969b7e-68bc-45ff-9e54-214553584e10(uuid5649)
сент. 16, 2025 8:21:57 PM webapp.storage.AbstractStorage save
INFO: &amp#27;[32mSave d3736d2a-6e56-4f06-b9ec-2d2661d2b3b6(uuid5650)
сент. 16, 2025 8:21:57 PM webapp.storage.AbstractStorage save
INFO: &amp#27;[32mSave 642829d9-2ab3-4790-a259-b6d1ed259433(uuid5651)
сент. 16, 2025 8:21:57 PM webapp.storage.AbstractStorage save
INFO: &amp#27;[32mSave b882d8e4-4991-4b70-87d1-99071e847fc9(uuid5652)
сент. 16, 2025 8:21:57 PM webapp.storage.AbstractStorage save
INFO: &amp#27;[32mSave aa47d359-1c38-400d-8180-c12f679ca3dc(uuid5653)
сент. 16, 2025 8:21:57 PM webapp.storage.AbstractStorage save
INFO: &amp#27;[32mSave 58c0231b-b2c8-4350-8f63-31371eaefc3b(uuid5654)
сент. 16, 2025 8:21:57 PM webapp.storage.AbstractStorage save
INFO: &amp#27;[32mSave 01292981-5a96-46a2-b17e-1f35a7dcef43(uuid5655)
сент. 16, 2025 8:21:57 PM webapp.storage.AbstractStorage save
INFO: &amp#27;[32mSave 21433cd3-9117-43a1-a88e-eb81d39229d0(uuid5656)
сент. 16, 2025 8:21:57 PM webapp.storage.AbstractStorage save
INFO: &amp#27;[32mSave c2e21469-5396-4472-96b5-06ecc173322e(uuid5657)
сент. 16, 2025 8:21:57 PM webapp.storage.AbstractStorage save
INFO: &amp#27;[32mSave e8cdac25-73d5-4827-acdc-065ffd94b28f(uuid5658)
сент. 16, 2025 8:21:57 PM webapp.storage.AbstractStorage save
INFO: &amp#27;[32mSave 28bd4e9d-48fd-4e2a-8f59-e4cde550406b(uuid5659)
сент. 16, 2025 8:21:57 PM webapp.storage.AbstractStorage save
INFO: &amp#27;[32mSave 0858d0dd-30bb-48c8-ba63-823b0bae0ebc(uuid5660)
сент. 16, 2025 8:21:57 PM webapp.storage.AbstractStorage save
INFO: &amp#27;[32mSave 25a4674d-72fc-4e8a-9bb0-c6cfc19f41b5(uuid5661)
сент. 16, 2025 8:21:57 PM webapp.storage.AbstractStorage save
INFO: &amp#27;[32mSave 1f13ced7-4ba2-4ff9-aeb1-503c97d6c83e(uuid5662)
сент. 16, 2025 8:21:57 PM webapp.storage.AbstractStorage save
INFO: &amp#27;[32mSave b474afb7-32b6-4f65-ab1f-d5aeeab59812(uuid5663)
сент. 16, 2025 8:21:57 PM webapp.storage.AbstractStorage save
INFO: &amp#27;[32mSave 9d71eda0-0876-4e56-bd1a-55d05d7a8d76(uuid5664)
сент. 16, 2025 8:21:57 PM webapp.storage.AbstractStorage save
INFO: &amp#27;[32mSave 945e4f12-4228-44d6-a2d2-e36704cb269a(uuid5665)
сент. 16, 2025 8:21:57 PM webapp.storage.AbstractStorage save
INFO: &amp#27;[32mSave d812231f-7dcb-40a3-b98c-31b98fa6bb31(uuid5666)
сент. 16, 2025 8:21:57 PM webapp.storage.AbstractStorage save
INFO: &amp#27;[32mSave d60bdd78-1e09-49b8-b8fc-2fe4df814cff(uuid5667)
сент. 16, 2025 8:21:57 PM webapp.storage.AbstractStorage save
INFO: &amp#27;[32mSave c7c56fcc-1cae-4213-a19b-adf840cfe705(uuid5668)
сент. 16, 2025 8:21:57 PM webapp.storage.AbstractStorage save
INFO: &amp#27;[32mSave ba90775d-b554-4b3d-b209-684698684a18(uuid5669)
сент. 16, 2025 8:21:57 PM webapp.storage.AbstractStorage save
INFO: &amp#27;[32mSave e9051f25-f53f-4e86-9157-d388fdc254d4(uuid5670)
сент. 16, 2025 8:21:57 PM webapp.storage.AbstractStorage save
INFO: &amp#27;[32mSave 7d9728f0-3f45-437a-b1f8-f4e34a640549(uuid5671)
сент. 16, 2025 8:21:57 PM webapp.storage.AbstractStorage save
INFO: &amp#27;[32mSave 87c04a2f-1636-45a2-ba47-2e3c96b005db(uuid5672)
сент. 16, 2025 8:21:57 PM webapp.storage.AbstractStorage save
INFO: &amp#27;[32mSave 207f133a-2485-44ea-a825-cc5008bc1677(uuid5673)
сент. 16, 2025 8:21:57 PM webapp.storage.AbstractStorage save
INFO: &amp#27;[32mSave e833ef06-3da4-4fae-a5c7-26adb514bc30(uuid5674)
сент. 16, 2025 8:21:57 PM webapp.storage.AbstractStorage save
INFO: &amp#27;[32mSave 84b2dc7d-d334-4b1e-8a83-341e4539eac8(uuid5675)
сент. 16, 2025 8:21:57 PM webapp.storage.AbstractStorage save
INFO: &amp#27;[32mSave 577475e7-2070-48a6-a36c-8e2c56efadbc(uuid5676)
сент. 16, 2025 8:21:57 PM webapp.storage.AbstractStorage save
INFO: &amp#27;[32mSave 0ae81130-9504-4e4d-b6c2-dca5d0a62917(uuid5677)
сент. 16, 2025 8:21:57 PM webapp.storage.AbstractStorage save
INFO: &amp#27;[32mSave 1439387a-79a5-421a-9a51-da15fde18049(uuid5678)
сент. 16, 2025 8:21:57 PM webapp.storage.AbstractStorage save
INFO: &amp#27;[32mSave 900a8096-3cbf-42ec-b839-5cb8b040e8c7(uuid5679)
сент. 16, 2025 8:21:57 PM webapp.storage.AbstractStorage save
INFO: &amp#27;[32mSave ae9f9723-f8e6-4bf4-905a-60604b954491(uuid5680)
сент. 16, 2025 8:21:57 PM webapp.storage.AbstractStorage save
INFO: &amp#27;[32mSave e3eae7d0-cd7f-4af0-a980-80b6fdda09d4(uuid5681)
сент. 16, 2025 8:21:57 PM webapp.storage.AbstractStorage save
INFO: &amp#27;[32mSave ef30ecdd-14b8-4b62-b607-bb42cd677dc9(uuid5682)
сент. 16, 2025 8:21:57 PM webapp.storage.AbstractStorage save
INFO: &amp#27;[32mSave 891a2f90-db32-48bc-8338-a40aa7460f04(uuid5683)
сент. 16, 2025 8:21:57 PM webapp.storage.AbstractStorage save
INFO: &amp#27;[32mSave ced180b3-d7ba-4366-81f2-26f21b85c219(uuid5684)
сент. 16, 2025 8:21:57 PM webapp.storage.AbstractStorage save
INFO: &amp#27;[32mSave c6cd7eab-ad16-47f8-b98f-2bc274b53aa6(uuid5685)
сент. 16, 2025 8:21:57 PM webapp.storage.AbstractStorage save
INFO: &amp#27;[32mSave 4021c2aa-f8ad-4a81-af06-795cf59e1486(uuid5686)
сент. 16, 2025 8:21:57 PM webapp.storage.AbstractStorage save
INFO: &amp#27;[32mSave e4c0a17b-98c5-4cbc-9296-e9943aeded92(uuid5687)
сент. 16, 2025 8:21:57 PM webapp.storage.AbstractStorage save
INFO: &amp#27;[32mSave 4fc638ec-0970-42bf-b384-00fdeb8f2521(uuid5688)
сент. 16, 2025 8:21:57 PM webapp.storage.AbstractStorage save
INFO: &amp#27;[32mSave e2ed2e42-57d3-49f7-bd08-30f5859dde03(uuid5689)
сент. 16, 2025 8:21:57 PM webapp.storage.AbstractStorage save
INFO: &amp#27;[32mSave 852927b6-9e59-42b4-aac1-10ffd0f1c5db(uuid5690)
сент. 16, 2025 8:21:57 PM webapp.storage.AbstractStorage save
INFO: &amp#27;[32mSave 8bd108b1-85b1-4b8d-b475-05ecda7bf5f6(uuid5691)
сент. 16, 2025 8:21:57 PM webapp.storage.AbstractStorage save
INFO: &amp#27;[32mSave 8fe1bac8-398f-4e66-b7e6-3ea6097bc1f5(uuid5692)
сент. 16, 2025 8:21:57 PM webapp.storage.AbstractStorage save
INFO: &amp#27;[32mSave 797eda6f-5f52-4620-a9c7-720e55f36372(uuid5693)
сент. 16, 2025 8:21:57 PM webapp.storage.AbstractStorage save
INFO: &amp#27;[32mSave 551efea6-7701-4a8e-abb3-a02d5442fcec(uuid5694)
сент. 16, 2025 8:21:57 PM webapp.storage.AbstractStorage save
INFO: &amp#27;[32mSave dfdc639c-8c93-436d-a06d-1d62029d2757(uuid5695)
сент. 16, 2025 8:21:57 PM webapp.storage.AbstractStorage save
INFO: &amp#27;[32mSave b6973c1e-0fe5-4389-a77b-c0f6de6e3913(uuid5696)
сент. 16, 2025 8:21:57 PM webapp.storage.AbstractStorage save
INFO: &amp#27;[32mSave b67ad564-4f6b-462c-9843-1b941f6815e4(uuid5697)
сент. 16, 2025 8:21:57 PM webapp.storage.AbstractStorage save
INFO: &amp#27;[32mSave b1f73ba5-b867-4df8-a3f9-27a764150a7f(uuid5698)
сент. 16, 2025 8:21:57 PM webapp.storage.AbstractStorage save
INFO: &amp#27;[32mSave 44dafff8-34bc-4968-a9b9-388a9645e090(uuid5699)
сент. 16, 2025 8:21:57 PM webapp.storage.AbstractStorage save
INFO: &amp#27;[32mSave 49a975a1-f4d6-4e70-81ed-0c80cfc976a5(uuid5700)
сент. 16, 2025 8:21:57 PM webapp.storage.AbstractStorage save
INFO: &amp#27;[32mSave 49ab4e97-72ac-4e74-9639-c2378acb9e4f(uuid5701)
сент. 16, 2025 8:21:57 PM webapp.storage.AbstractStorage save
INFO: &amp#27;[32mSave 3d3bf847-96ca-49a9-9951-876e7586f10b(uuid5702)
сент. 16, 2025 8:21:57 PM webapp.storage.AbstractStorage save
INFO: &amp#27;[32mSave 37533006-6bac-4acc-9420-273054343312(uuid5703)
сент. 16, 2025 8:21:57 PM webapp.storage.AbstractStorage save
INFO: &amp#27;[32mSave 0528a86d-3570-47cf-938b-009f12ec9802(uuid5704)
сент. 16, 2025 8:21:57 PM webapp.storage.AbstractStorage save
INFO: &amp#27;[32mSave 4ee4cd05-4311-49d0-ad40-075d43ec09c6(uuid5705)
сент. 16, 2025 8:21:57 PM webapp.storage.AbstractStorage save
INFO: &amp#27;[32mSave 7babe99c-9793-445f-bcab-efdc530a4c48(uuid5706)
сент. 16, 2025 8:21:57 PM webapp.storage.AbstractStorage save
INFO: &amp#27;[32mSave 1d223e84-e64b-481b-9c1a-f97dcf1db974(uuid5707)
сент. 16, 2025 8:21:57 PM webapp.storage.AbstractStorage save
INFO: &amp#27;[32mSave db85a489-029c-4007-aa90-b7f59e332d9f(uuid5708)
сент. 16, 2025 8:21:57 PM webapp.storage.AbstractStorage save
INFO: &amp#27;[32mSave 34d3a63f-465c-4bf8-8813-9609ae6dcc8b(uuid5709)
сент. 16, 2025 8:21:57 PM webapp.storage.AbstractStorage save
INFO: &amp#27;[32mSave b350ced8-ce1b-40ad-846b-92ebe5ff51b6(uuid5710)
сент. 16, 2025 8:21:57 PM webapp.storage.AbstractStorage save
INFO: &amp#27;[32mSave dae9b72f-07ed-4ac9-9367-62c5b8bb2cbc(uuid5711)
сент. 16, 2025 8:21:57 PM webapp.storage.AbstractStorage save
INFO: &amp#27;[32mSave 60e1d3f4-d69d-464e-8f1f-212b2bf1ab3e(uuid5712)
сент. 16, 2025 8:21:57 PM webapp.storage.AbstractStorage save
INFO: &amp#27;[32mSave 9384b2d9-fb49-4d4c-acc0-c0e20ec147a7(uuid5713)
сент. 16, 2025 8:21:57 PM webapp.storage.AbstractStorage save
INFO: &amp#27;[32mSave 886429d0-592e-4775-aef7-0c75df84bb51(uuid5714)
сент. 16, 2025 8:21:57 PM webapp.storage.AbstractStorage save
INFO: &amp#27;[32mSave f8ba7dc1-20f0-4608-a0c5-aa41ec7be144(uuid5715)
сент. 16, 2025 8:21:57 PM webapp.storage.AbstractStorage save
INFO: &amp#27;[32mSave 5f283bf5-2674-42cd-a5d3-e06d5561ce97(uuid5716)
сент. 16, 2025 8:21:57 PM webapp.storage.AbstractStorage save
INFO: &amp#27;[32mSave 465b56a6-b973-4f05-a236-b31b5c79bfb7(uuid5717)
сент. 16, 2025 8:21:57 PM webapp.storage.AbstractStorage save
INFO: &amp#27;[32mSave 0a108141-904b-42b3-bb85-ec6577af7d39(uuid5718)
сент. 16, 2025 8:21:57 PM webapp.storage.AbstractStorage save
INFO: &amp#27;[32mSave 0fca9a21-74a8-4bfd-a85f-1b9f2b433de6(uuid5719)
сент. 16, 2025 8:21:57 PM webapp.storage.AbstractStorage save
INFO: &amp#27;[32mSave 2bb25533-2e61-4d8c-b3d5-f93c527dd07e(uuid5720)
сент. 16, 2025 8:21:57 PM webapp.storage.AbstractStorage save
INFO: &amp#27;[32mSave 7ee150c4-3f80-4297-a8e2-60a9a75a2968(uuid5721)
сент. 16, 2025 8:21:57 PM webapp.storage.AbstractStorage save
INFO: &amp#27;[32mSave 0fd35b7c-9901-4f9b-9047-d088bfc1c182(uuid5722)
сент. 16, 2025 8:21:57 PM webapp.storage.AbstractStorage save
INFO: &amp#27;[32mSave afad6672-ef4a-4abe-97e7-813eef514638(uuid5723)
сент. 16, 2025 8:21:57 PM webapp.storage.AbstractStorage save
INFO: &amp#27;[32mSave b2134980-e777-4c52-a251-9982a344bcf7(uuid5724)
сент. 16, 2025 8:21:57 PM webapp.storage.AbstractStorage save
INFO: &amp#27;[32mSave 04b172c2-b381-4a3a-babd-70acfa9b90da(uuid5725)
сент. 16, 2025 8:21:57 PM webapp.storage.AbstractStorage save
INFO: &amp#27;[32mSave f2465c1f-3233-4da9-96ff-f7a5c103dec2(uuid5726)
сент. 16, 2025 8:21:57 PM webapp.storage.AbstractStorage save
INFO: &amp#27;[32mSave 249a712a-2f0b-44f2-993c-49330650155d(uuid5727)
сент. 16, 2025 8:21:57 PM webapp.storage.AbstractStorage save
INFO: &amp#27;[32mSave 1676e217-c797-450e-b452-174c729d6c92(uuid5728)
сент. 16, 2025 8:21:57 PM webapp.storage.AbstractStorage save
INFO: &amp#27;[32mSave 74d365a5-4ab7-4ab8-b046-a6d90b56b597(uuid5729)
сент. 16, 2025 8:21:57 PM webapp.storage.AbstractStorage save
INFO: &amp#27;[32mSave 283866c1-ae10-4b07-a64c-43010958c45b(uuid5730)
сент. 16, 2025 8:21:57 PM webapp.storage.AbstractStorage save
INFO: &amp#27;[32mSave 1204f686-3471-4619-baf4-7f5ec458d0f5(uuid5731)
сент. 16, 2025 8:21:57 PM webapp.storage.AbstractStorage save
INFO: &amp#27;[32mSave 2ca05d73-fccf-465c-b5c9-0eef6fd54840(uuid5732)
сент. 16, 2025 8:21:57 PM webapp.storage.AbstractStorage save
INFO: &amp#27;[32mSave a747f2f0-a6f7-465d-8fbd-32e58f6fa672(uuid5733)
сент. 16, 2025 8:21:57 PM webapp.storage.AbstractStorage save
INFO: &amp#27;[32mSave c9c3df86-af3c-4f3a-807a-53c7aee24e8b(uuid5734)
сент. 16, 2025 8:21:57 PM webapp.storage.AbstractStorage save
INFO: &amp#27;[32mSave 0ef4380d-042a-4a94-b52e-5bbc282df7d7(uuid5735)
сент. 16, 2025 8:21:57 PM webapp.storage.AbstractStorage save
INFO: &amp#27;[32mSave 360fda56-5a0e-4b60-beb6-662907c3150f(uuid5736)
сент. 16, 2025 8:21:57 PM webapp.storage.AbstractStorage save
INFO: &amp#27;[32mSave d90b81cf-53c9-4e76-94a1-c5cb2283d933(uuid5737)
сент. 16, 2025 8:21:57 PM webapp.storage.AbstractStorage save
INFO: &amp#27;[32mSave 90f18d13-829d-4004-99d5-a97654fb1253(uuid5738)
сент. 16, 2025 8:21:57 PM webapp.storage.AbstractStorage save
INFO: &amp#27;[32mSave 80a0dceb-16ff-4565-bccb-60e920a8cc95(uuid5739)
сент. 16, 2025 8:21:57 PM webapp.storage.AbstractStorage save
INFO: &amp#27;[32mSave 52fe0446-991a-4201-8290-58b1b2ae83a4(uuid5740)
сент. 16, 2025 8:21:57 PM webapp.storage.AbstractStorage save
INFO: &amp#27;[32mSave 50bdc28e-9c5d-4015-8c98-dab457c7c764(uuid5741)
сент. 16, 2025 8:21:57 PM webapp.storage.AbstractStorage save
INFO: &amp#27;[32mSave b397f36c-2f46-4f83-b089-c3615c22f311(uuid5742)
сент. 16, 2025 8:21:57 PM webapp.storage.AbstractStorage save
INFO: &amp#27;[32mSave a03f650e-9bde-4311-b648-e4272948009a(uuid5743)
сент. 16, 2025 8:21:57 PM webapp.storage.AbstractStorage save
INFO: &amp#27;[32mSave 714c1e1d-7193-48f2-82f8-d54b2981dd70(uuid5744)
сент. 16, 2025 8:21:57 PM webapp.storage.AbstractStorage save
INFO: &amp#27;[32mSave ceec55f2-77aa-4025-9092-743729bab1c9(uuid5745)
сент. 16, 2025 8:21:57 PM webapp.storage.AbstractStorage save
INFO: &amp#27;[32mSave fdffd9fa-c677-4929-b97e-19be41e61b7e(uuid5746)
сент. 16, 2025 8:21:57 PM webapp.storage.AbstractStorage save
INFO: &amp#27;[32mSave 6498166f-21e6-4baf-92d8-b56c997cb007(uuid5747)
сент. 16, 2025 8:21:57 PM webapp.storage.AbstractStorage save
INFO: &amp#27;[32mSave 6fb00f57-2a89-4d0d-9eab-e86182149197(uuid5748)
сент. 16, 2025 8:21:57 PM webapp.storage.AbstractStorage save
INFO: &amp#27;[32mSave 89c7b6af-5c16-4386-978c-36415079a428(uuid5749)
сент. 16, 2025 8:21:57 PM webapp.storage.AbstractStorage save
INFO: &amp#27;[32mSave b5b9f6d4-a682-4e8a-9984-2c1ec0216529(uuid5750)
сент. 16, 2025 8:21:57 PM webapp.storage.AbstractStorage save
INFO: &amp#27;[32mSave ce9b3d9c-f0ef-4518-a660-dc120bfdaf99(uuid5751)
сент. 16, 2025 8:21:57 PM webapp.storage.AbstractStorage save
INFO: &amp#27;[32mSave ebe46786-3303-4cd3-9b57-e6311d331bd1(uuid5752)
сент. 16, 2025 8:21:57 PM webapp.storage.AbstractStorage save
INFO: &amp#27;[32mSave d52db409-2537-4f10-850b-5e97451e5853(uuid5753)
сент. 16, 2025 8:21:57 PM webapp.storage.AbstractStorage save
INFO: &amp#27;[32mSave d0bcb172-2872-45e0-b980-f8e3ada8840e(uuid5754)
сент. 16, 2025 8:21:57 PM webapp.storage.AbstractStorage save
INFO: &amp#27;[32mSave 321017d8-c582-4d4a-a68a-3b8b06ea48bd(uuid5755)
сент. 16, 2025 8:21:57 PM webapp.storage.AbstractStorage save
INFO: &amp#27;[32mSave 39890f24-f346-45a7-8e83-8505c02db09b(uuid5756)
сент. 16, 2025 8:21:57 PM webapp.storage.AbstractStorage save
INFO: &amp#27;[32mSave ae4b91f2-fd5b-43e1-a887-d9aeb562d518(uuid5757)
сент. 16, 2025 8:21:57 PM webapp.storage.AbstractStorage save
INFO: &amp#27;[32mSave b2e95d49-d80e-4679-8b74-f12b4d306083(uuid5758)
сент. 16, 2025 8:21:57 PM webapp.storage.AbstractStorage save
INFO: &amp#27;[32mSave e59ccce1-af5a-4d81-9ab6-73a316de26d0(uuid5759)
сент. 16, 2025 8:21:57 PM webapp.storage.AbstractStorage save
INFO: &amp#27;[32mSave 7665b409-f3b4-45fe-a81d-7abad9e50062(uuid5760)
сент. 16, 2025 8:21:57 PM webapp.storage.AbstractStorage save
INFO: &amp#27;[32mSave c07037a8-b0eb-4214-8080-91b4299f3e59(uuid5761)
сент. 16, 2025 8:21:57 PM webapp.storage.AbstractStorage save
INFO: &amp#27;[32mSave 0c7a25f0-c63c-4a02-9270-6913218131c2(uuid5762)
сент. 16, 2025 8:21:57 PM webapp.storage.AbstractStorage save
INFO: &amp#27;[32mSave c76d42f2-ad8f-4658-ab75-9243f1f5148c(uuid5763)
сент. 16, 2025 8:21:57 PM webapp.storage.AbstractStorage save
INFO: &amp#27;[32mSave b67fc609-f9b0-4c7d-9823-0d0d4c2c138c(uuid5764)
сент. 16, 2025 8:21:57 PM webapp.storage.AbstractStorage save
INFO: &amp#27;[32mSave 85a42f8f-a5c9-4865-9d82-a3be3232b595(uuid5765)
сент. 16, 2025 8:21:57 PM webapp.storage.AbstractStorage save
INFO: &amp#27;[32mSave 051488fc-0689-4df3-9b7c-33bdfe9ac1fb(uuid5766)
сент. 16, 2025 8:21:57 PM webapp.storage.AbstractStorage save
INFO: &amp#27;[32mSave af585be9-e4a5-415b-8ac3-6ee49744961f(uuid5767)
сент. 16, 2025 8:21:57 PM webapp.storage.AbstractStorage save
INFO: &amp#27;[32mSave 52aac283-0f36-4e17-9816-e760ed85f2be(uuid5768)
сент. 16, 2025 8:21:57 PM webapp.storage.AbstractStorage save
INFO: &amp#27;[32mSave 3cc3aade-9226-4444-a7b7-fcb82db22209(uuid5769)
сент. 16, 2025 8:21:57 PM webapp.storage.AbstractStorage save
INFO: &amp#27;[32mSave 863839f2-cc9c-4908-a8bc-2cd3ba3093da(uuid5770)
сент. 16, 2025 8:21:57 PM webapp.storage.AbstractStorage save
INFO: &amp#27;[32mSave 298a9bda-ec15-4971-bc8b-66f575f80b3a(uuid5771)
сент. 16, 2025 8:21:57 PM webapp.storage.AbstractStorage save
INFO: &amp#27;[32mSave 8b8045d7-3056-4c22-9784-4555d0b46e66(uuid5772)
сент. 16, 2025 8:21:57 PM webapp.storage.AbstractStorage save
INFO: &amp#27;[32mSave acc86269-b2c3-4383-94f3-9f208e1b5d94(uuid5773)
сент. 16, 2025 8:21:57 PM webapp.storage.AbstractStorage save
INFO: &amp#27;[32mSave 86eef1c5-5612-40f8-9d07-52fbe4568899(uuid5774)
сент. 16, 2025 8:21:57 PM webapp.storage.AbstractStorage save
INFO: &amp#27;[32mSave 27dad6da-fa69-4e37-9325-47c2ee02fd32(uuid5775)
сент. 16, 2025 8:21:57 PM webapp.storage.AbstractStorage save
INFO: &amp#27;[32mSave c726891f-9080-4ceb-ae6e-8cefbf069f31(uuid5776)
сент. 16, 2025 8:21:57 PM webapp.storage.AbstractStorage save
INFO: &amp#27;[32mSave 0c118e46-d79c-4ddd-b879-f69c156175de(uuid5777)
сент. 16, 2025 8:21:57 PM webapp.storage.AbstractStorage save
INFO: &amp#27;[32mSave 8bcbc03f-4f65-40cb-a26d-151b2fce3662(uuid5778)
сент. 16, 2025 8:21:57 PM webapp.storage.AbstractStorage save
INFO: &amp#27;[32mSave 53f1377c-28d0-4371-8139-759199e1d5c3(uuid5779)
сент. 16, 2025 8:21:57 PM webapp.storage.AbstractStorage save
INFO: &amp#27;[32mSave f3598210-91c8-4fc2-8525-c6e7373843da(uuid5780)
сент. 16, 2025 8:21:57 PM webapp.storage.AbstractStorage save
INFO: &amp#27;[32mSave ed70ae86-e395-4dda-8f69-8222c534caac(uuid5781)
сент. 16, 2025 8:21:57 PM webapp.storage.AbstractStorage save
INFO: &amp#27;[32mSave b9683381-d659-4d51-b3ba-c463657a3ad6(uuid5782)
сент. 16, 2025 8:21:57 PM webapp.storage.AbstractStorage save
INFO: &amp#27;[32mSave 1a162c16-d4ba-486a-a5e7-bd2491a2edc6(uuid5783)
сент. 16, 2025 8:21:57 PM webapp.storage.AbstractStorage save
INFO: &amp#27;[32mSave 404503ee-3b33-4f51-b788-a1ce2efc278b(uuid5784)
сент. 16, 2025 8:21:57 PM webapp.storage.AbstractStorage save
INFO: &amp#27;[32mSave 2dcb8ee4-a85d-4d96-ace8-bd468aab1f11(uuid5785)
сент. 16, 2025 8:21:57 PM webapp.storage.AbstractStorage save
INFO: &amp#27;[32mSave 4c327b13-2488-4de7-803f-85742cee5715(uuid5786)
сент. 16, 2025 8:21:57 PM webapp.storage.AbstractStorage save
INFO: &amp#27;[32mSave 1d81e085-9e83-45e3-a1e6-872d3486c72c(uuid5787)
сент. 16, 2025 8:21:57 PM webapp.storage.AbstractStorage save
INFO: &amp#27;[32mSave 72591646-09b7-40bd-bbac-c65bd0543d60(uuid5788)
сент. 16, 2025 8:21:57 PM webapp.storage.AbstractStorage save
INFO: &amp#27;[32mSave e8e46151-777d-44aa-87dc-172fd550448a(uuid5789)
сент. 16, 2025 8:21:57 PM webapp.storage.AbstractStorage save
INFO: &amp#27;[32mSave dd2527e7-53ac-47f8-ae23-2384e77bb56c(uuid5790)
сент. 16, 2025 8:21:57 PM webapp.storage.AbstractStorage save
INFO: &amp#27;[32mSave e39a3298-7021-42d7-8a7e-8175eb470b43(uuid5791)
сент. 16, 2025 8:21:57 PM webapp.storage.AbstractStorage save
INFO: &amp#27;[32mSave 2b01ec87-fe8a-45fc-88fe-927c64c3cad7(uuid5792)
сент. 16, 2025 8:21:57 PM webapp.storage.AbstractStorage save
INFO: &amp#27;[32mSave 5f91d8ca-b6d0-499d-a074-358d13820e67(uuid5793)
сент. 16, 2025 8:21:57 PM webapp.storage.AbstractStorage save
INFO: &amp#27;[32mSave cc7d744b-e29f-49c9-ba52-cf3fba08353b(uuid5794)
сент. 16, 2025 8:21:57 PM webapp.storage.AbstractStorage save
INFO: &amp#27;[32mSave 908a67e5-71ff-4279-8dd5-e7d8c4e4c3ac(uuid5795)
сент. 16, 2025 8:21:57 PM webapp.storage.AbstractStorage save
INFO: &amp#27;[32mSave 97ab6686-15af-407d-b285-2276e0156074(uuid5796)
сент. 16, 2025 8:21:57 PM webapp.storage.AbstractStorage save
INFO: &amp#27;[32mSave 2c68e478-2669-4035-aab5-261b965deac3(uuid5797)
сент. 16, 2025 8:21:57 PM webapp.storage.AbstractStorage save
INFO: &amp#27;[32mSave 88325008-a748-4d0e-83dd-4b175c3f0337(uuid5798)
сент. 16, 2025 8:21:57 PM webapp.storage.AbstractStorage save
INFO: &amp#27;[32mSave 3b10e155-4dbe-47cb-840f-e59dd3c95780(uuid5799)
сент. 16, 2025 8:21:57 PM webapp.storage.AbstractStorage save
INFO: &amp#27;[32mSave 1c73d189-6d93-4ad3-a548-9024b8a51146(uuid5800)
сент. 16, 2025 8:21:57 PM webapp.storage.AbstractStorage save
INFO: &amp#27;[32mSave fdb5d520-31f5-494a-b2ef-6dddc990fad1(uuid5801)
сент. 16, 2025 8:21:57 PM webapp.storage.AbstractStorage save
INFO: &amp#27;[32mSave 794d9a81-9582-4298-ae43-51b4f080ea84(uuid5802)
сент. 16, 2025 8:21:57 PM webapp.storage.AbstractStorage save
INFO: &amp#27;[32mSave 9fb5b0d6-40d3-4413-b079-82c6b203d308(uuid5803)
сент. 16, 2025 8:21:57 PM webapp.storage.AbstractStorage save
INFO: &amp#27;[32mSave f6599308-1903-472e-ac4c-8c0364fa7c76(uuid5804)
сент. 16, 2025 8:21:57 PM webapp.storage.AbstractStorage save
INFO: &amp#27;[32mSave 59b1ea35-900a-4235-8756-af6b54b0b1f4(uuid5805)
сент. 16, 2025 8:21:57 PM webapp.storage.AbstractStorage save
INFO: &amp#27;[32mSave b2d454f4-2f8c-4fb5-a2d9-c2ed866ec6e4(uuid5806)
сент. 16, 2025 8:21:57 PM webapp.storage.AbstractStorage save
INFO: &amp#27;[32mSave 3faf4975-1b2b-4ed8-9ebf-e964793ab541(uuid5807)
сент. 16, 2025 8:21:57 PM webapp.storage.AbstractStorage save
INFO: &amp#27;[32mSave 5d692b16-6d79-4a61-b23f-b6f3016ab6ae(uuid5808)
сент. 16, 2025 8:21:57 PM webapp.storage.AbstractStorage save
INFO: &amp#27;[32mSave ae4603bf-fd33-47f1-9665-718fae0f04bb(uuid5809)
сент. 16, 2025 8:21:57 PM webapp.storage.AbstractStorage save
INFO: &amp#27;[32mSave a342262c-a5fd-46c4-839f-293bc6421978(uuid5810)
сент. 16, 2025 8:21:57 PM webapp.storage.AbstractStorage save
INFO: &amp#27;[32mSave e6013e7a-8aae-467a-a0dd-35f4f7492d92(uuid5811)
сент. 16, 2025 8:21:57 PM webapp.storage.AbstractStorage save
INFO: &amp#27;[32mSave 9ec84b60-704a-49ed-9361-a04e7bed93f4(uuid5812)
сент. 16, 2025 8:21:57 PM webapp.storage.AbstractStorage save
INFO: &amp#27;[32mSave acc74e34-5bc5-4697-94c6-bce13e0c41a9(uuid5813)
сент. 16, 2025 8:21:57 PM webapp.storage.AbstractStorage save
INFO: &amp#27;[32mSave e324d179-9a71-467d-8e8d-308c5db4eb26(uuid5814)
сент. 16, 2025 8:21:57 PM webapp.storage.AbstractStorage save
INFO: &amp#27;[32mSave e52d81df-50c7-4c8e-b99c-890478b291b6(uuid5815)
сент. 16, 2025 8:21:57 PM webapp.storage.AbstractStorage save
INFO: &amp#27;[32mSave af36b5ba-b789-4046-a0f3-92cb0d2e3651(uuid5816)
сент. 16, 2025 8:21:57 PM webapp.storage.AbstractStorage save
INFO: &amp#27;[32mSave 4986c418-ae79-48c0-ac94-791864fea1af(uuid5817)
сент. 16, 2025 8:21:57 PM webapp.storage.AbstractStorage save
INFO: &amp#27;[32mSave ce7169a3-c2f5-414a-b78a-bd3f687834e0(uuid5818)
сент. 16, 2025 8:21:57 PM webapp.storage.AbstractStorage save
INFO: &amp#27;[32mSave 0e43316c-38a5-4b82-b1b9-8843007da17e(uuid5819)
сент. 16, 2025 8:21:57 PM webapp.storage.AbstractStorage save
INFO: &amp#27;[32mSave 0ee76b5e-acb9-4309-8c1e-2b1eecbe67ed(uuid5820)
сент. 16, 2025 8:21:57 PM webapp.storage.AbstractStorage save
INFO: &amp#27;[32mSave cc6b1840-0e7c-49f0-8839-5d0c27c19f9b(uuid5821)
сент. 16, 2025 8:21:57 PM webapp.storage.AbstractStorage save
INFO: &amp#27;[32mSave b47a4e7e-0d3a-43fb-b86a-37eecfc6f2a6(uuid5822)
сент. 16, 2025 8:21:57 PM webapp.storage.AbstractStorage save
INFO: &amp#27;[32mSave 8e26c3c9-6179-4b78-90c1-5a837a5560a8(uuid5823)
сент. 16, 2025 8:21:57 PM webapp.storage.AbstractStorage save
INFO: &amp#27;[32mSave 19fdd20c-35c5-4d6b-b924-b0e16d1f4aa7(uuid5824)
сент. 16, 2025 8:21:57 PM webapp.storage.AbstractStorage save
INFO: &amp#27;[32mSave 480685c1-9859-4d3c-b760-1f2877bfef54(uuid5825)
сент. 16, 2025 8:21:57 PM webapp.storage.AbstractStorage save
INFO: &amp#27;[32mSave 73abf491-2414-466d-99d1-163774bc2893(uuid5826)
сент. 16, 2025 8:21:57 PM webapp.storage.AbstractStorage save
INFO: &amp#27;[32mSave c94360ac-e8b7-46dd-900c-bc3783c3c2b0(uuid5827)
сент. 16, 2025 8:21:57 PM webapp.storage.AbstractStorage save
INFO: &amp#27;[32mSave 8dd6e539-9b08-42e2-ac90-f5e8b168044f(uuid5828)
сент. 16, 2025 8:21:57 PM webapp.storage.AbstractStorage save
INFO: &amp#27;[32mSave 39a9aaa7-2b1a-4884-afa8-660663ef3d0c(uuid5829)
сент. 16, 2025 8:21:57 PM webapp.storage.AbstractStorage save
INFO: &amp#27;[32mSave 0644ca4a-3bbf-4af6-8732-ebc79c88b544(uuid5830)
сент. 16, 2025 8:21:57 PM webapp.storage.AbstractStorage save
INFO: &amp#27;[32mSave f186b1c9-fe14-4da3-8bc1-61832af51277(uuid5831)
сент. 16, 2025 8:21:57 PM webapp.storage.AbstractStorage save
INFO: &amp#27;[32mSave df09ce47-6af2-4cf5-bfef-4ed7d66cf5a1(uuid5832)
сент. 16, 2025 8:21:57 PM webapp.storage.AbstractStorage save
INFO: &amp#27;[32mSave 89921def-e44b-4d70-b661-d7d81a882bb3(uuid5833)
сент. 16, 2025 8:21:57 PM webapp.storage.AbstractStorage save
INFO: &amp#27;[32mSave e43a4178-65c1-43bb-b015-26f26b4c0dcd(uuid5834)
сент. 16, 2025 8:21:57 PM webapp.storage.AbstractStorage save
INFO: &amp#27;[32mSave 1f00cbea-9a1a-460f-9c02-1f2bb4d80e1f(uuid5835)
сент. 16, 2025 8:21:57 PM webapp.storage.AbstractStorage save
INFO: &amp#27;[32mSave b140ec2b-e703-451b-a17a-5387d9a16bff(uuid5836)
сент. 16, 2025 8:21:57 PM webapp.storage.AbstractStorage save
INFO: &amp#27;[32mSave 6d4ff9ae-f2f3-4fe3-9186-5ab4afb7bfa4(uuid5837)
сент. 16, 2025 8:21:57 PM webapp.storage.AbstractStorage save
INFO: &amp#27;[32mSave 35f38920-0519-4fee-bdb3-157c4f6b915b(uuid5838)
сент. 16, 2025 8:21:57 PM webapp.storage.AbstractStorage save
INFO: &amp#27;[32mSave f9241a62-d921-4df1-bb4b-b758d3ce6900(uuid5839)
сент. 16, 2025 8:21:57 PM webapp.storage.AbstractStorage save
INFO: &amp#27;[32mSave cea2587f-7adf-4030-8fd8-c50762052846(uuid5840)
сент. 16, 2025 8:21:57 PM webapp.storage.AbstractStorage save
INFO: &amp#27;[32mSave ff62f702-b1cb-402a-9062-e596458d92c2(uuid5841)
сент. 16, 2025 8:21:57 PM webapp.storage.AbstractStorage save
INFO: &amp#27;[32mSave f3188d1f-47b3-4c17-8a1a-aff895757ea4(uuid5842)
сент. 16, 2025 8:21:57 PM webapp.storage.AbstractStorage save
INFO: &amp#27;[32mSave 466604b7-c143-451d-9d31-9bc3bedf777f(uuid5843)
сент. 16, 2025 8:21:57 PM webapp.storage.AbstractStorage save
INFO: &amp#27;[32mSave 42c565ba-b28a-4fac-886f-f3d74e0a60ec(uuid5844)
сент. 16, 2025 8:21:57 PM webapp.storage.AbstractStorage save
INFO: &amp#27;[32mSave 86cdaa0e-605f-4a49-9aa8-07f1545546a2(uuid5845)
сент. 16, 2025 8:21:57 PM webapp.storage.AbstractStorage save
INFO: &amp#27;[32mSave d0b67894-b5b9-4ad5-bbda-ec47613aae9a(uuid5846)
сент. 16, 2025 8:21:57 PM webapp.storage.AbstractStorage save
INFO: &amp#27;[32mSave 5e40193c-c332-4ef7-b61b-9fde9560e318(uuid5847)
сент. 16, 2025 8:21:57 PM webapp.storage.AbstractStorage save
INFO: &amp#27;[32mSave 4bbecef0-e782-4bea-8e89-9fbbd57d88f4(uuid5848)
сент. 16, 2025 8:21:57 PM webapp.storage.AbstractStorage save
INFO: &amp#27;[32mSave 8802af3c-91d9-4294-b626-933dc698acda(uuid5849)
сент. 16, 2025 8:21:57 PM webapp.storage.AbstractStorage save
INFO: &amp#27;[32mSave 78bd08cb-7c3f-47ae-8671-f0cc9c23a496(uuid5850)
сент. 16, 2025 8:21:57 PM webapp.storage.AbstractStorage save
INFO: &amp#27;[32mSave 37325f01-4d8c-4fa8-b39b-a75a8a4738ac(uuid5851)
сент. 16, 2025 8:21:57 PM webapp.storage.AbstractStorage save
INFO: &amp#27;[32mSave 48e761e3-741a-4826-9c81-880bf5f3fea9(uuid5852)
сент. 16, 2025 8:21:57 PM webapp.storage.AbstractStorage save
INFO: &amp#27;[32mSave b1bb5f4b-0347-42ed-a779-5c529c6ee4e6(uuid5853)
сент. 16, 2025 8:21:57 PM webapp.storage.AbstractStorage save
INFO: &amp#27;[32mSave d8e55bec-7889-45cb-9231-6fb4c42e7e6b(uuid5854)
сент. 16, 2025 8:21:57 PM webapp.storage.AbstractStorage save
INFO: &amp#27;[32mSave 74b29cc2-2f2a-4d95-a2f1-ff3e6b028a71(uuid5855)
сент. 16, 2025 8:21:57 PM webapp.storage.AbstractStorage save
INFO: &amp#27;[32mSave d4fd872c-f0af-43a2-8998-e7bd433764d7(uuid5856)
сент. 16, 2025 8:21:57 PM webapp.storage.AbstractStorage save
INFO: &amp#27;[32mSave f2cbe707-3069-4f4b-863b-17559dad6a7a(uuid5857)
сент. 16, 2025 8:21:57 PM webapp.storage.AbstractStorage save
INFO: &amp#27;[32mSave 05cb41f0-0086-4083-9f60-f665c2cef15f(uuid5858)
сент. 16, 2025 8:21:57 PM webapp.storage.AbstractStorage save
INFO: &amp#27;[32mSave 0a8469e0-ad27-40a1-81e1-9892ec4c56df(uuid5859)
сент. 16, 2025 8:21:57 PM webapp.storage.AbstractStorage save
INFO: &amp#27;[32mSave cba98f75-4c43-4d14-b952-62629dd6c915(uuid5860)
сент. 16, 2025 8:21:57 PM webapp.storage.AbstractStorage save
INFO: &amp#27;[32mSave 7b0c0726-2421-4099-a456-a1c46eacaff5(uuid5861)
сент. 16, 2025 8:21:57 PM webapp.storage.AbstractStorage save
INFO: &amp#27;[32mSave 212ee85f-7bbe-4c72-9b01-ec71a3500dc4(uuid5862)
сент. 16, 2025 8:21:57 PM webapp.storage.AbstractStorage save
INFO: &amp#27;[32mSave 88374682-17e3-460b-b57c-4d25f908c878(uuid5863)
сент. 16, 2025 8:21:57 PM webapp.storage.AbstractStorage save
INFO: &amp#27;[32mSave 9f7fe304-9d30-402d-8e70-569f60291fe9(uuid5864)
сент. 16, 2025 8:21:57 PM webapp.storage.AbstractStorage save
INFO: &amp#27;[32mSave 6b758f07-890b-44ac-88d0-54a46a98cae5(uuid5865)
сент. 16, 2025 8:21:57 PM webapp.storage.AbstractStorage save
INFO: &amp#27;[32mSave e4a85707-a7ad-4084-926f-1aaed66b3299(uuid5866)
сент. 16, 2025 8:21:57 PM webapp.storage.AbstractStorage save
INFO: &amp#27;[32mSave 1d3d7aac-3e24-45bf-9f26-ae499c926606(uuid5867)
сент. 16, 2025 8:21:57 PM webapp.storage.AbstractStorage save
INFO: &amp#27;[32mSave 7032ad48-8c10-4b4e-a84d-651f16bf978b(uuid5868)
сент. 16, 2025 8:21:57 PM webapp.storage.AbstractStorage save
INFO: &amp#27;[32mSave 63755fa3-a243-4054-9cd4-e22a2f01c406(uuid5869)
сент. 16, 2025 8:21:57 PM webapp.storage.AbstractStorage save
INFO: &amp#27;[32mSave 6c73f611-10bc-4c5a-acc8-fda8ddcb17b9(uuid5870)
сент. 16, 2025 8:21:57 PM webapp.storage.AbstractStorage save
INFO: &amp#27;[32mSave 431531bb-d44a-43e3-b5e1-0700aa2f4075(uuid5871)
сент. 16, 2025 8:21:57 PM webapp.storage.AbstractStorage save
INFO: &amp#27;[32mSave 58c91e7d-2958-4a98-a3f8-fdc9e17da99c(uuid5872)
сент. 16, 2025 8:21:57 PM webapp.storage.AbstractStorage save
INFO: &amp#27;[32mSave b366f809-408c-4893-bced-e4c243f23117(uuid5873)
сент. 16, 2025 8:21:57 PM webapp.storage.AbstractStorage save
INFO: &amp#27;[32mSave 6281cdfc-d966-4b14-a9d6-633842b10b8c(uuid5874)
сент. 16, 2025 8:21:57 PM webapp.storage.AbstractStorage save
INFO: &amp#27;[32mSave 02f5492d-acce-45af-961a-a25901e52184(uuid5875)
сент. 16, 2025 8:21:57 PM webapp.storage.AbstractStorage save
INFO: &amp#27;[32mSave a540c9ce-d139-4831-80af-fa8b1b2ae088(uuid5876)
сент. 16, 2025 8:21:57 PM webapp.storage.AbstractStorage save
INFO: &amp#27;[32mSave 11f7a673-a6ce-45f5-b0c3-5bba91591cbe(uuid5877)
сент. 16, 2025 8:21:57 PM webapp.storage.AbstractStorage save
INFO: &amp#27;[32mSave ffef012f-ab4b-4f5b-bfff-d4ed18233c47(uuid5878)
сент. 16, 2025 8:21:57 PM webapp.storage.AbstractStorage save
INFO: &amp#27;[32mSave 65ee8a3b-fa2a-4a87-b8ba-baf3d61fcdf1(uuid5879)
сент. 16, 2025 8:21:57 PM webapp.storage.AbstractStorage save
INFO: &amp#27;[32mSave d858534b-179f-4cc6-b4d8-ca7a4e190ba3(uuid5880)
сент. 16, 2025 8:21:57 PM webapp.storage.AbstractStorage save
INFO: &amp#27;[32mSave aa8639a7-06ca-4856-b5eb-96c5bf878821(uuid5881)
сент. 16, 2025 8:21:57 PM webapp.storage.AbstractStorage save
INFO: &amp#27;[32mSave e5a89e78-dc69-416b-8d57-1c3d30bc5de9(uuid5882)
сент. 16, 2025 8:21:57 PM webapp.storage.AbstractStorage save
INFO: &amp#27;[32mSave dd79fbe0-9037-448a-a662-11fca8bc0c35(uuid5883)
сент. 16, 2025 8:21:57 PM webapp.storage.AbstractStorage save
INFO: &amp#27;[32mSave 0dfb5764-208f-491b-861a-17acea63bd3e(uuid5884)
сент. 16, 2025 8:21:57 PM webapp.storage.AbstractStorage save
INFO: &amp#27;[32mSave ad6b4790-7121-400c-9f6d-8a4357029a4a(uuid5885)
сент. 16, 2025 8:21:57 PM webapp.storage.AbstractStorage save
INFO: &amp#27;[32mSave 53237c93-afce-4e56-83ca-baaa2166dfa0(uuid5886)
сент. 16, 2025 8:21:57 PM webapp.storage.AbstractStorage save
INFO: &amp#27;[32mSave d56204f9-32e1-445c-97f7-aa1278026b86(uuid5887)
сент. 16, 2025 8:21:57 PM webapp.storage.AbstractStorage save
INFO: &amp#27;[32mSave d439d4af-e46d-42b5-a56d-28c8c17292e8(uuid5888)
сент. 16, 2025 8:21:57 PM webapp.storage.AbstractStorage save
INFO: &amp#27;[32mSave 79546993-012a-47d7-8130-b2a647a5e07b(uuid5889)
сент. 16, 2025 8:21:57 PM webapp.storage.AbstractStorage save
INFO: &amp#27;[32mSave fd5aff42-28e2-441f-beab-0322f2677bc7(uuid5890)
сент. 16, 2025 8:21:57 PM webapp.storage.AbstractStorage save
INFO: &amp#27;[32mSave c2141665-ffac-44a2-b82f-37f8be8cc392(uuid5891)
сент. 16, 2025 8:21:57 PM webapp.storage.AbstractStorage save
INFO: &amp#27;[32mSave add1c7d7-2989-446b-b06e-6fb39f735e69(uuid5892)
сент. 16, 2025 8:21:57 PM webapp.storage.AbstractStorage save
INFO: &amp#27;[32mSave 78235e83-2f88-40b6-a838-33535f3ca863(uuid5893)
сент. 16, 2025 8:21:57 PM webapp.storage.AbstractStorage save
INFO: &amp#27;[32mSave 93a7afa3-c086-4f8f-b9a8-eda1f00adfd5(uuid5894)
сент. 16, 2025 8:21:57 PM webapp.storage.AbstractStorage save
INFO: &amp#27;[32mSave 4865f4ad-92aa-4538-aac4-1e3ae0629490(uuid5895)
сент. 16, 2025 8:21:57 PM webapp.storage.AbstractStorage save
INFO: &amp#27;[32mSave 450385e0-e083-4629-beba-02265c92d821(uuid5896)
сент. 16, 2025 8:21:57 PM webapp.storage.AbstractStorage save
INFO: &amp#27;[32mSave a843563b-854f-44ac-8acf-8d8c0e2765cc(uuid5897)
сент. 16, 2025 8:21:57 PM webapp.storage.AbstractStorage save
INFO: &amp#27;[32mSave 96191709-cc0a-4e14-811f-b7cfd62de586(uuid5898)
сент. 16, 2025 8:21:57 PM webapp.storage.AbstractStorage save
INFO: &amp#27;[32mSave e7191a4e-9f5f-4f8a-bc10-7038704790cd(uuid5899)
сент. 16, 2025 8:21:57 PM webapp.storage.AbstractStorage save
INFO: &amp#27;[32mSave 3d6ecb3b-61c1-4547-98ea-b8ee6c7e74b8(uuid5900)
сент. 16, 2025 8:21:57 PM webapp.storage.AbstractStorage save
INFO: &amp#27;[32mSave ffdb2348-8e29-48d9-aed5-1f06a92070ce(uuid5901)
сент. 16, 2025 8:21:57 PM webapp.storage.AbstractStorage save
INFO: &amp#27;[32mSave 462ec159-ff13-44d0-abb2-9b0f00b89fa2(uuid5902)
сент. 16, 2025 8:21:57 PM webapp.storage.AbstractStorage save
INFO: &amp#27;[32mSave ccc734d7-c4e8-441f-932b-2664dc28b8d1(uuid5903)
сент. 16, 2025 8:21:57 PM webapp.storage.AbstractStorage save
INFO: &amp#27;[32mSave 3547a665-f514-4aaf-9cd6-db89bece56d8(uuid5904)
сент. 16, 2025 8:21:57 PM webapp.storage.AbstractStorage save
INFO: &amp#27;[32mSave f159e0bb-a72c-4990-a2ff-51d3dc0990c6(uuid5905)
сент. 16, 2025 8:21:57 PM webapp.storage.AbstractStorage save
INFO: &amp#27;[32mSave 3f5cfb5a-ad4d-4e17-a5f2-ddb90903343f(uuid5906)
сент. 16, 2025 8:21:57 PM webapp.storage.AbstractStorage save
INFO: &amp#27;[32mSave f3fd1690-41ed-49dc-87be-c985eaa8642a(uuid5907)
сент. 16, 2025 8:21:57 PM webapp.storage.AbstractStorage save
INFO: &amp#27;[32mSave 609597f7-d576-42f7-863d-2d7763d099f4(uuid5908)
сент. 16, 2025 8:21:57 PM webapp.storage.AbstractStorage save
INFO: &amp#27;[32mSave 16e750ee-310e-400b-b36b-b095a04afb69(uuid5909)
сент. 16, 2025 8:21:57 PM webapp.storage.AbstractStorage save
INFO: &amp#27;[32mSave 9ca14b20-3865-402c-a941-f51824609951(uuid5910)
сент. 16, 2025 8:21:57 PM webapp.storage.AbstractStorage save
INFO: &amp#27;[32mSave 9bb121b0-e153-4504-aa3a-6d0cc4fe9868(uuid5911)
сент. 16, 2025 8:21:57 PM webapp.storage.AbstractStorage save
INFO: &amp#27;[32mSave 82da21da-c96f-418e-b456-48c9c017cc2e(uuid5912)
сент. 16, 2025 8:21:57 PM webapp.storage.AbstractStorage save
INFO: &amp#27;[32mSave 0a5a801d-d26f-4c08-9a21-fdffa21e099f(uuid5913)
сент. 16, 2025 8:21:57 PM webapp.storage.AbstractStorage save
INFO: &amp#27;[32mSave cbc0e6a8-a370-42cb-b37c-a8137ac05f28(uuid5914)
сент. 16, 2025 8:21:57 PM webapp.storage.AbstractStorage save
INFO: &amp#27;[32mSave 79bd29a7-53cb-4cba-9750-5b1d382a63dc(uuid5915)
сент. 16, 2025 8:21:57 PM webapp.storage.AbstractStorage save
INFO: &amp#27;[32mSave 33c03014-7048-4bfc-a5b1-93c8520e7d5d(uuid5916)
сент. 16, 2025 8:21:57 PM webapp.storage.AbstractStorage save
INFO: &amp#27;[32mSave 4422aea4-6220-4685-b70c-fab9dc9ce1b6(uuid5917)
сент. 16, 2025 8:21:57 PM webapp.storage.AbstractStorage save
INFO: &amp#27;[32mSave b3adf3bb-3205-4d1e-a275-891ce7c8cb46(uuid5918)
сент. 16, 2025 8:21:57 PM webapp.storage.AbstractStorage save
INFO: &amp#27;[32mSave 6a09cf4e-20b3-451e-a62a-f4f031ed7ddb(uuid5919)
сент. 16, 2025 8:21:57 PM webapp.storage.AbstractStorage save
INFO: &amp#27;[32mSave 50570939-f5f3-4abe-8c88-96dbfabb13a2(uuid5920)
сент. 16, 2025 8:21:57 PM webapp.storage.AbstractStorage save
INFO: &amp#27;[32mSave 514eb09c-dab4-4b2e-8c57-c2477a65e8fd(uuid5921)
сент. 16, 2025 8:21:57 PM webapp.storage.AbstractStorage save
INFO: &amp#27;[32mSave 81e32d47-7487-453d-9adb-bf9ca2ab783b(uuid5922)
сент. 16, 2025 8:21:57 PM webapp.storage.AbstractStorage save
INFO: &amp#27;[32mSave 69a9097f-4d36-46f4-8a32-9bf653faf8df(uuid5923)
сент. 16, 2025 8:21:57 PM webapp.storage.AbstractStorage save
INFO: &amp#27;[32mSave 2a221ff7-8c35-4de7-9e01-53aacbf10474(uuid5924)
сент. 16, 2025 8:21:57 PM webapp.storage.AbstractStorage save
INFO: &amp#27;[32mSave c5def6a3-1dba-44d1-b6ae-49353be135aa(uuid5925)
сент. 16, 2025 8:21:57 PM webapp.storage.AbstractStorage save
INFO: &amp#27;[32mSave eb90573d-7148-411c-a6cb-9623cccc1809(uuid5926)
сент. 16, 2025 8:21:57 PM webapp.storage.AbstractStorage save
INFO: &amp#27;[32mSave b24e5443-6a08-4b5b-8b93-b982da6a6673(uuid5927)
сент. 16, 2025 8:21:57 PM webapp.storage.AbstractStorage save
INFO: &amp#27;[32mSave 62c9f836-5ea5-458a-8986-13e80e26c9d8(uuid5928)
сент. 16, 2025 8:21:57 PM webapp.storage.AbstractStorage save
INFO: &amp#27;[32mSave fad29010-0723-428d-a8ce-e82f9a877fd2(uuid5929)
сент. 16, 2025 8:21:57 PM webapp.storage.AbstractStorage save
INFO: &amp#27;[32mSave 65b8e90b-0029-458f-b9a8-605789a52f6f(uuid5930)
сент. 16, 2025 8:21:57 PM webapp.storage.AbstractStorage save
INFO: &amp#27;[32mSave f78b37d6-ec30-4e9b-9f01-7ed25992d372(uuid5931)
сент. 16, 2025 8:21:57 PM webapp.storage.AbstractStorage save
INFO: &amp#27;[32mSave b783d421-0f2c-46ab-b8df-7193e8090255(uuid5932)
сент. 16, 2025 8:21:57 PM webapp.storage.AbstractStorage save
INFO: &amp#27;[32mSave d2529219-6bb6-431c-848f-fe3f2efe3390(uuid5933)
сент. 16, 2025 8:21:57 PM webapp.storage.AbstractStorage save
INFO: &amp#27;[32mSave 835e35de-9e29-4478-ab31-3982b9f6d929(uuid5934)
сент. 16, 2025 8:21:57 PM webapp.storage.AbstractStorage save
INFO: &amp#27;[32mSave 690d03d8-16f2-4563-976b-53be19906f25(uuid5935)
сент. 16, 2025 8:21:57 PM webapp.storage.AbstractStorage save
INFO: &amp#27;[32mSave 343bbcfd-2769-4388-b2ce-b62dd64da069(uuid5936)
сент. 16, 2025 8:21:57 PM webapp.storage.AbstractStorage save
INFO: &amp#27;[32mSave d364f6eb-a715-42ca-9649-fb8f7f96d5b7(uuid5937)
сент. 16, 2025 8:21:57 PM webapp.storage.AbstractStorage save
INFO: &amp#27;[32mSave 892b148e-6785-49d3-849b-216a468d9386(uuid5938)
сент. 16, 2025 8:21:57 PM webapp.storage.AbstractStorage save
INFO: &amp#27;[32mSave e5efc384-9ef7-4f4b-b5dc-a98e74c67709(uuid5939)
сент. 16, 2025 8:21:57 PM webapp.storage.AbstractStorage save
INFO: &amp#27;[32mSave 942ad9ee-ee12-4ff3-bc0c-d5e6c8bffbe3(uuid5940)
сент. 16, 2025 8:21:57 PM webapp.storage.AbstractStorage save
INFO: &amp#27;[32mSave 32fc2578-d84a-405e-ad06-d34ffff65264(uuid5941)
сент. 16, 2025 8:21:57 PM webapp.storage.AbstractStorage save
INFO: &amp#27;[32mSave 31098349-d72a-4d1e-a367-980faf31241e(uuid5942)
сент. 16, 2025 8:21:57 PM webapp.storage.AbstractStorage save
INFO: &amp#27;[32mSave 46268cb3-2da5-4980-92da-86991d6e6ae3(uuid5943)
сент. 16, 2025 8:21:57 PM webapp.storage.AbstractStorage save
INFO: &amp#27;[32mSave 14f67b51-08f2-407c-a360-959483de24b3(uuid5944)
сент. 16, 2025 8:21:57 PM webapp.storage.AbstractStorage save
INFO: &amp#27;[32mSave 2f90249d-c48f-4eb7-9b46-d6eaa4b2f40d(uuid5945)
сент. 16, 2025 8:21:57 PM webapp.storage.AbstractStorage save
INFO: &amp#27;[32mSave 205ceabc-cde8-430f-bdc5-52f691345e80(uuid5946)
сент. 16, 2025 8:21:57 PM webapp.storage.AbstractStorage save
INFO: &amp#27;[32mSave a42720a8-a81d-4cf8-863c-7f142a03b757(uuid5947)
сент. 16, 2025 8:21:57 PM webapp.storage.AbstractStorage save
INFO: &amp#27;[32mSave f01ac842-ed7f-49f1-a416-1308e09fdf66(uuid5948)
сент. 16, 2025 8:21:57 PM webapp.storage.AbstractStorage save
INFO: &amp#27;[32mSave 092f7133-a605-42a1-8c5c-438111c69fc2(uuid5949)
сент. 16, 2025 8:21:57 PM webapp.storage.AbstractStorage save
INFO: &amp#27;[32mSave 93b0c5ca-1a15-42b6-b812-62b353a35eb9(uuid5950)
сент. 16, 2025 8:21:57 PM webapp.storage.AbstractStorage save
INFO: &amp#27;[32mSave 0bf89d54-8fe3-4649-9927-ee1312e3e183(uuid5951)
сент. 16, 2025 8:21:57 PM webapp.storage.AbstractStorage save
INFO: &amp#27;[32mSave 13cbc1ec-cd2c-4b0b-a339-e1511115b451(uuid5952)
сент. 16, 2025 8:21:57 PM webapp.storage.AbstractStorage save
INFO: &amp#27;[32mSave 0281063b-aaff-4cf8-8db5-8357679edd46(uuid5953)
сент. 16, 2025 8:21:57 PM webapp.storage.AbstractStorage save
INFO: &amp#27;[32mSave cbb6760d-7fee-44bb-a944-b37dcae59c21(uuid5954)
сент. 16, 2025 8:21:57 PM webapp.storage.AbstractStorage save
INFO: &amp#27;[32mSave 7983b131-5c3d-415b-b2a3-5fc979b105bb(uuid5955)
сент. 16, 2025 8:21:57 PM webapp.storage.AbstractStorage save
INFO: &amp#27;[32mSave 0deb06a7-1f65-4d8a-ae4b-9f91643dbd5b(uuid5956)
сент. 16, 2025 8:21:57 PM webapp.storage.AbstractStorage save
INFO: &amp#27;[32mSave a0d85717-48e0-44f8-983b-959936fb4352(uuid5957)
сент. 16, 2025 8:21:57 PM webapp.storage.AbstractStorage save
INFO: &amp#27;[32mSave 0bdb9bd4-94ed-43bc-a7cc-f685e2918a4f(uuid5958)
сент. 16, 2025 8:21:57 PM webapp.storage.AbstractStorage save
INFO: &amp#27;[32mSave 96667e3d-fb33-4e61-a7fb-8878051a3693(uuid5959)
сент. 16, 2025 8:21:57 PM webapp.storage.AbstractStorage save
INFO: &amp#27;[32mSave 48108a13-d2bf-461f-87e9-661807d5c83e(uuid5960)
сент. 16, 2025 8:21:57 PM webapp.storage.AbstractStorage save
INFO: &amp#27;[32mSave 6f0793b6-9bb2-425c-9924-c1a51b8570a0(uuid5961)
сент. 16, 2025 8:21:57 PM webapp.storage.AbstractStorage save
INFO: &amp#27;[32mSave 1597945f-260b-4f7c-9aca-39d34e2c750c(uuid5962)
сент. 16, 2025 8:21:57 PM webapp.storage.AbstractStorage save
INFO: &amp#27;[32mSave c2f37f81-825f-408e-851b-707bef23b271(uuid5963)
сент. 16, 2025 8:21:57 PM webapp.storage.AbstractStorage save
INFO: &amp#27;[32mSave 166a0059-0598-4a7f-98a2-cd02a6e9ed6b(uuid5964)
сент. 16, 2025 8:21:57 PM webapp.storage.AbstractStorage save
INFO: &amp#27;[32mSave 22cc326a-b4d9-421b-9759-3083d9f46446(uuid5965)
сент. 16, 2025 8:21:57 PM webapp.storage.AbstractStorage save
INFO: &amp#27;[32mSave acebd844-25e4-421c-a423-3bcedbcc2b4f(uuid5966)
сент. 16, 2025 8:21:57 PM webapp.storage.AbstractStorage save
INFO: &amp#27;[32mSave 85aafba9-7069-4ad8-bc00-933a44cf297b(uuid5967)
сент. 16, 2025 8:21:57 PM webapp.storage.AbstractStorage save
INFO: &amp#27;[32mSave 29d95737-cf77-4599-b015-c26f6cf6e1d9(uuid5968)
сент. 16, 2025 8:21:57 PM webapp.storage.AbstractStorage save
INFO: &amp#27;[32mSave 46c3e3bb-c33d-4959-9e7e-244ad5e89ce6(uuid5969)
сент. 16, 2025 8:21:57 PM webapp.storage.AbstractStorage save
INFO: &amp#27;[32mSave 2df587a2-fc42-4705-983d-e57588c85ccf(uuid5970)
сент. 16, 2025 8:21:57 PM webapp.storage.AbstractStorage save
INFO: &amp#27;[32mSave af8987c8-9dde-4231-a760-1817c7b94c70(uuid5971)
сент. 16, 2025 8:21:57 PM webapp.storage.AbstractStorage save
INFO: &amp#27;[32mSave 25dd9195-8303-44bc-9a94-72f595f4679a(uuid5972)
сент. 16, 2025 8:21:57 PM webapp.storage.AbstractStorage save
INFO: &amp#27;[32mSave 5856ebca-fd77-4e70-a5ca-a4ebdeb1d1e9(uuid5973)
сент. 16, 2025 8:21:57 PM webapp.storage.AbstractStorage save
INFO: &amp#27;[32mSave 3b3c0316-8652-4b5a-b726-eaa325dc98b8(uuid5974)
сент. 16, 2025 8:21:57 PM webapp.storage.AbstractStorage save
INFO: &amp#27;[32mSave 8b2d7420-aacc-4cc3-8dee-68fb189dd5ce(uuid5975)
сент. 16, 2025 8:21:57 PM webapp.storage.AbstractStorage save
INFO: &amp#27;[32mSave 95b99ae0-89da-4eae-b566-7b88a47dd41b(uuid5976)
сент. 16, 2025 8:21:57 PM webapp.storage.AbstractStorage save
INFO: &amp#27;[32mSave b4c131d4-baa7-4fba-9564-d5290e5d42f7(uuid5977)
сент. 16, 2025 8:21:57 PM webapp.storage.AbstractStorage save
INFO: &amp#27;[32mSave 54ce5814-6531-47d5-9675-b632aaf608ff(uuid5978)
сент. 16, 2025 8:21:57 PM webapp.storage.AbstractStorage save
INFO: &amp#27;[32mSave c1a4e620-0aa2-4948-a86e-5d8ccbbc0e72(uuid5979)
сент. 16, 2025 8:21:57 PM webapp.storage.AbstractStorage save
INFO: &amp#27;[32mSave c4751e86-a14d-4e1f-bc5e-acc10de00592(uuid5980)
сент. 16, 2025 8:21:57 PM webapp.storage.AbstractStorage save
INFO: &amp#27;[32mSave c874d373-7885-4410-9430-15b97c373755(uuid5981)
сент. 16, 2025 8:21:57 PM webapp.storage.AbstractStorage save
INFO: &amp#27;[32mSave 055bf734-dda0-4ca3-b177-0c4d2e15b6c5(uuid5982)
сент. 16, 2025 8:21:57 PM webapp.storage.AbstractStorage save
INFO: &amp#27;[32mSave 6e5f0151-6dc3-4f8a-82a6-7cc97248f7f6(uuid5983)
сент. 16, 2025 8:21:57 PM webapp.storage.AbstractStorage save
INFO: &amp#27;[32mSave 1c3cfd39-a78e-4d72-9373-4f7c5765282a(uuid5984)
сент. 16, 2025 8:21:57 PM webapp.storage.AbstractStorage save
INFO: &amp#27;[32mSave 367812b4-bed0-4ab4-b482-f1bd2675074a(uuid5985)
сент. 16, 2025 8:21:57 PM webapp.storage.AbstractStorage save
INFO: &amp#27;[32mSave a9d2ceb4-7478-4979-b446-c4d56e4716f3(uuid5986)
сент. 16, 2025 8:21:57 PM webapp.storage.AbstractStorage save
INFO: &amp#27;[32mSave dd4852ad-6292-4791-aed7-9dd4a661b540(uuid5987)
сент. 16, 2025 8:21:57 PM webapp.storage.AbstractStorage save
INFO: &amp#27;[32mSave 511c1b12-1d53-489a-8490-0db8650f520e(uuid5988)
сент. 16, 2025 8:21:57 PM webapp.storage.AbstractStorage save
INFO: &amp#27;[32mSave b722f771-727c-44cf-949a-0de3408cadf5(uuid5989)
сент. 16, 2025 8:21:57 PM webapp.storage.AbstractStorage save
INFO: &amp#27;[32mSave 3c8bb4ad-aecf-4e84-bf1b-346980a524d3(uuid5990)
сент. 16, 2025 8:21:57 PM webapp.storage.AbstractStorage save
INFO: &amp#27;[32mSave 6f902c80-061c-4d62-96a9-15265e57718f(uuid5991)
сент. 16, 2025 8:21:57 PM webapp.storage.AbstractStorage save
INFO: &amp#27;[32mSave 311f0094-b323-4ff2-ad26-f87ec341b881(uuid5992)
сент. 16, 2025 8:21:57 PM webapp.storage.AbstractStorage save
INFO: &amp#27;[32mSave cd8c0086-0d27-45a4-9e0e-d54333791c28(uuid5993)
сент. 16, 2025 8:21:57 PM webapp.storage.AbstractStorage save
INFO: &amp#27;[32mSave 8e60bc1c-bfdb-49d6-88de-8ae8e4aafee4(uuid5994)
сент. 16, 2025 8:21:57 PM webapp.storage.AbstractStorage save
INFO: &amp#27;[32mSave daf07d9e-e7bb-4d48-9823-95556cc0da9b(uuid5995)
сент. 16, 2025 8:21:57 PM webapp.storage.AbstractStorage save
INFO: &amp#27;[32mSave 1fc833f6-314c-46dd-a0bb-04f83e95b3d9(uuid5996)
сент. 16, 2025 8:21:57 PM webapp.storage.AbstractStorage save
INFO: &amp#27;[32mSave a6057bc3-5d95-4552-bd62-307342c7477e(uuid5997)
сент. 16, 2025 8:21:57 PM webapp.storage.AbstractStorage save
INFO: &amp#27;[32mSave 863dab8e-f4d9-416a-96f7-2b6537806b35(uuid5998)
сент. 16, 2025 8:21:57 PM webapp.storage.AbstractStorage save
INFO: &amp#27;[32mSave c4aab24c-b4e9-4d39-bd1c-ad49005b6613(uuid5999)
сент. 16, 2025 8:21:57 PM webapp.storage.AbstractStorage save
INFO: &amp#27;[32mSave 2bf9bb31-8422-4829-a944-a5f354e80619(uuid6000)
сент. 16, 2025 8:21:57 PM webapp.storage.AbstractStorage save
INFO: &amp#27;[32mSave ab495b6d-2ddf-4524-950d-48983eaa3ee7(uuid6001)
сент. 16, 2025 8:21:57 PM webapp.storage.AbstractStorage save
INFO: &amp#27;[32mSave b488d94e-7f9f-476c-ae88-f6c263d8cbb4(uuid6002)
сент. 16, 2025 8:21:57 PM webapp.storage.AbstractStorage save
INFO: &amp#27;[32mSave 8ca3968d-6a40-4adb-8376-c946005ad4df(uuid6003)
сент. 16, 2025 8:21:57 PM webapp.storage.AbstractStorage save
INFO: &amp#27;[32mSave d66c718d-aa20-4cd0-bd03-2fbca97e560a(uuid6004)
сент. 16, 2025 8:21:57 PM webapp.storage.AbstractStorage save
INFO: &amp#27;[32mSave b3d9d500-7bce-43e7-b0c9-cb8c529b5a1d(uuid6005)
сент. 16, 2025 8:21:57 PM webapp.storage.AbstractStorage save
INFO: &amp#27;[32mSave 9586d874-a50a-4a55-9129-d307874f62bb(uuid6006)
сент. 16, 2025 8:21:57 PM webapp.storage.AbstractStorage save
INFO: &amp#27;[32mSave bb0c97b4-fac1-4943-952b-ed53f08ec4ec(uuid6007)
сент. 16, 2025 8:21:57 PM webapp.storage.AbstractStorage save
INFO: &amp#27;[32mSave cd2bf1b1-257c-41d8-8bd4-6f41f956b8a8(uuid6008)
сент. 16, 2025 8:21:57 PM webapp.storage.AbstractStorage save
INFO: &amp#27;[32mSave 8be45bb4-32ac-4dff-9962-5cc597cbbe0d(uuid6009)
сент. 16, 2025 8:21:57 PM webapp.storage.AbstractStorage save
INFO: &amp#27;[32mSave e1f19b0c-95b8-4a08-8ce1-44ad0a83ba55(uuid6010)
сент. 16, 2025 8:21:57 PM webapp.storage.AbstractStorage save
INFO: &amp#27;[32mSave 6435086f-819b-47c5-8f4d-a0c9d159be33(uuid6011)
сент. 16, 2025 8:21:57 PM webapp.storage.AbstractStorage save
INFO: &amp#27;[32mSave 0c8d57b1-67e9-4577-bd38-526814f30324(uuid6012)
сент. 16, 2025 8:21:57 PM webapp.storage.AbstractStorage save
INFO: &amp#27;[32mSave 5c5cdccc-d786-4514-a0ec-8a7360df45a9(uuid6013)
сент. 16, 2025 8:21:57 PM webapp.storage.AbstractStorage save
INFO: &amp#27;[32mSave 77f9f55e-2edc-42fb-bdad-9e8aa9ad75c9(uuid6014)
сент. 16, 2025 8:21:57 PM webapp.storage.AbstractStorage save
INFO: &amp#27;[32mSave 331e5a56-86da-4323-9a79-354f93cb52b6(uuid6015)
сент. 16, 2025 8:21:57 PM webapp.storage.AbstractStorage save
INFO: &amp#27;[32mSave a30ce51c-7d0d-42a0-a72b-2144d3afb7a0(uuid6016)
сент. 16, 2025 8:21:57 PM webapp.storage.AbstractStorage save
INFO: &amp#27;[32mSave f9a7756c-7c52-415e-a177-cbd749ab48fa(uuid6017)
сент. 16, 2025 8:21:57 PM webapp.storage.AbstractStorage save
INFO: &amp#27;[32mSave b17a9877-2d73-471b-ab99-f1353f418b96(uuid6018)
сент. 16, 2025 8:21:57 PM webapp.storage.AbstractStorage save
INFO: &amp#27;[32mSave de8dd93a-61c3-4545-9c66-5341d4440111(uuid6019)
сент. 16, 2025 8:21:57 PM webapp.storage.AbstractStorage save
INFO: &amp#27;[32mSave 78bbf149-2b84-468a-b90f-97d080c64dbc(uuid6020)
сент. 16, 2025 8:21:57 PM webapp.storage.AbstractStorage save
INFO: &amp#27;[32mSave 88d340f2-9b08-48df-ac25-497aa2e7c96f(uuid6021)
сент. 16, 2025 8:21:57 PM webapp.storage.AbstractStorage save
INFO: &amp#27;[32mSave 005735aa-ff99-463f-ad21-71ac49075789(uuid6022)
сент. 16, 2025 8:21:57 PM webapp.storage.AbstractStorage save
INFO: &amp#27;[32mSave c28504e8-5d5b-452e-abd1-3542daf1ff73(uuid6023)
сент. 16, 2025 8:21:57 PM webapp.storage.AbstractStorage save
INFO: &amp#27;[32mSave cce97019-b655-4251-8c7d-6b86738c5e97(uuid6024)
сент. 16, 2025 8:21:57 PM webapp.storage.AbstractStorage save
INFO: &amp#27;[32mSave c735718f-e83c-4bab-ac71-6f8a88dfee87(uuid6025)
сент. 16, 2025 8:21:57 PM webapp.storage.AbstractStorage save
INFO: &amp#27;[32mSave 1689fe91-b1a9-4316-be7e-81a8474bf27f(uuid6026)
сент. 16, 2025 8:21:57 PM webapp.storage.AbstractStorage save
INFO: &amp#27;[32mSave 1926f48f-e71f-4c55-b0e4-9c8d8ad558b3(uuid6027)
сент. 16, 2025 8:21:57 PM webapp.storage.AbstractStorage save
INFO: &amp#27;[32mSave 4c1a2fbb-6cb7-4668-9ffc-a5ea2c3e44c2(uuid6028)
сент. 16, 2025 8:21:57 PM webapp.storage.AbstractStorage save
INFO: &amp#27;[32mSave 13e38545-6795-480f-8c83-bcea7d54b4a3(uuid6029)
сент. 16, 2025 8:21:57 PM webapp.storage.AbstractStorage save
INFO: &amp#27;[32mSave 1667b29c-aa3b-44a4-933b-027621c3559e(uuid6030)
сент. 16, 2025 8:21:57 PM webapp.storage.AbstractStorage save
INFO: &amp#27;[32mSave 55548fa5-84d5-4e44-8251-e8d6c1d08153(uuid6031)
сент. 16, 2025 8:21:57 PM webapp.storage.AbstractStorage save
INFO: &amp#27;[32mSave e86e2283-b478-4fd8-baa2-7afea1c4ccaf(uuid6032)
сент. 16, 2025 8:21:57 PM webapp.storage.AbstractStorage save
INFO: &amp#27;[32mSave a7d7fe7a-90fd-467a-8a39-3c782fc11057(uuid6033)
сент. 16, 2025 8:21:57 PM webapp.storage.AbstractStorage save
INFO: &amp#27;[32mSave 7b22d88b-b795-49af-b101-05644ff35830(uuid6034)
сент. 16, 2025 8:21:57 PM webapp.storage.AbstractStorage save
INFO: &amp#27;[32mSave 3e98f6c9-b9b0-4141-864d-1adcf907e73f(uuid6035)
сент. 16, 2025 8:21:57 PM webapp.storage.AbstractStorage save
INFO: &amp#27;[32mSave 8055defc-1385-41d7-b9b6-a47f00413402(uuid6036)
сент. 16, 2025 8:21:57 PM webapp.storage.AbstractStorage save
INFO: &amp#27;[32mSave cff70bf4-481f-419c-9b90-f227a07f4f83(uuid6037)
сент. 16, 2025 8:21:57 PM webapp.storage.AbstractStorage save
INFO: &amp#27;[32mSave 8d0e88b8-1898-41cb-a28d-b2d384793f82(uuid6038)
сент. 16, 2025 8:21:57 PM webapp.storage.AbstractStorage save
INFO: &amp#27;[32mSave fa2d5613-a7f1-48c3-a357-544a1edc381c(uuid6039)
сент. 16, 2025 8:21:57 PM webapp.storage.AbstractStorage save
INFO: &amp#27;[32mSave 5426219d-e052-4414-979b-c05b28e9cfef(uuid6040)
сент. 16, 2025 8:21:57 PM webapp.storage.AbstractStorage save
INFO: &amp#27;[32mSave 5a6c1a29-26ab-4300-958f-fae52c150a90(uuid6041)
сент. 16, 2025 8:21:57 PM webapp.storage.AbstractStorage save
INFO: &amp#27;[32mSave 8f587ca3-2d44-40b4-9cd1-833f1c7353aa(uuid6042)
сент. 16, 2025 8:21:57 PM webapp.storage.AbstractStorage save
INFO: &amp#27;[32mSave 73b351ab-c01e-4d1c-8a50-4731a2aae4cf(uuid6043)
сент. 16, 2025 8:21:57 PM webapp.storage.AbstractStorage save
INFO: &amp#27;[32mSave de8e34c8-8bec-418e-8307-a8485cbdb9ea(uuid6044)
сент. 16, 2025 8:21:57 PM webapp.storage.AbstractStorage save
INFO: &amp#27;[32mSave 54820ee4-04b4-4e66-b338-cf5ff0f216ee(uuid6045)
сент. 16, 2025 8:21:57 PM webapp.storage.AbstractStorage save
INFO: &amp#27;[32mSave 46a8e52f-c4f3-4368-88ad-a63a222a6382(uuid6046)
сент. 16, 2025 8:21:57 PM webapp.storage.AbstractStorage save
INFO: &amp#27;[32mSave 33acde2c-6e47-4e06-8dc0-96c36e789ee6(uuid6047)
сент. 16, 2025 8:21:57 PM webapp.storage.AbstractStorage save
INFO: &amp#27;[32mSave 93b7b239-1ca4-40ab-9d0f-52136fc58287(uuid6048)
сент. 16, 2025 8:21:57 PM webapp.storage.AbstractStorage save
INFO: &amp#27;[32mSave 65c60aab-f4cf-4708-ad0b-d282ef0bc2da(uuid6049)
сент. 16, 2025 8:21:57 PM webapp.storage.AbstractStorage save
INFO: &amp#27;[32mSave a7d8b8d6-d066-4706-8d13-61d1677594cd(uuid6050)
сент. 16, 2025 8:21:57 PM webapp.storage.AbstractStorage save
INFO: &amp#27;[32mSave 5c92a88b-cb1b-48fc-8751-cc9ae2aa4c5c(uuid6051)
сент. 16, 2025 8:21:57 PM webapp.storage.AbstractStorage save
INFO: &amp#27;[32mSave edeb0969-86a3-46d7-a3ac-ce27ee2e4c89(uuid6052)
сент. 16, 2025 8:21:57 PM webapp.storage.AbstractStorage save
INFO: &amp#27;[32mSave 14a858a9-80a8-454b-ae11-3b96024a7807(uuid6053)
сент. 16, 2025 8:21:57 PM webapp.storage.AbstractStorage save
INFO: &amp#27;[32mSave df7c9889-6192-41f9-a696-a8cdb997c9f7(uuid6054)
сент. 16, 2025 8:21:57 PM webapp.storage.AbstractStorage save
INFO: &amp#27;[32mSave 8841f612-f070-47e7-a433-fb1a53208942(uuid6055)
сент. 16, 2025 8:21:57 PM webapp.storage.AbstractStorage save
INFO: &amp#27;[32mSave 52467fc1-debd-4d20-8858-bc7c8be52d3f(uuid6056)
сент. 16, 2025 8:21:57 PM webapp.storage.AbstractStorage save
INFO: &amp#27;[32mSave 5ee1edd3-d380-476d-859a-81dff40226e0(uuid6057)
сент. 16, 2025 8:21:57 PM webapp.storage.AbstractStorage save
INFO: &amp#27;[32mSave 2320362e-c5bf-4821-8fd9-dada34df370f(uuid6058)
сент. 16, 2025 8:21:57 PM webapp.storage.AbstractStorage save
INFO: &amp#27;[32mSave 4d8c96b1-2b6a-4016-9083-4fa666927106(uuid6059)
сент. 16, 2025 8:21:57 PM webapp.storage.AbstractStorage save
INFO: &amp#27;[32mSave a3c5b023-1f50-499e-acb7-ab33b57f6b91(uuid6060)
сент. 16, 2025 8:21:57 PM webapp.storage.AbstractStorage save
INFO: &amp#27;[32mSave 30eb653f-f6d0-443a-9f54-ddaf89c1366d(uuid6061)
сент. 16, 2025 8:21:57 PM webapp.storage.AbstractStorage save
INFO: &amp#27;[32mSave 1e82b0d5-f31c-4e0b-a79c-8a7e06135d73(uuid6062)
сент. 16, 2025 8:21:57 PM webapp.storage.AbstractStorage save
INFO: &amp#27;[32mSave 9d1a8536-3a7c-4933-a106-8d5fe194c8fc(uuid6063)
сент. 16, 2025 8:21:57 PM webapp.storage.AbstractStorage save
INFO: &amp#27;[32mSave 3872f304-ee6c-44c4-a063-f94029eddff9(uuid6064)
сент. 16, 2025 8:21:57 PM webapp.storage.AbstractStorage save
INFO: &amp#27;[32mSave 11ce74e6-2154-4728-93e9-b3d6ebf73cc3(uuid6065)
сент. 16, 2025 8:21:57 PM webapp.storage.AbstractStorage save
INFO: &amp#27;[32mSave 27e4aed5-a3cc-4d2c-ada0-ebf17b28dffc(uuid6066)
сент. 16, 2025 8:21:57 PM webapp.storage.AbstractStorage save
INFO: &amp#27;[32mSave f60424f6-f5e2-4c17-bacc-793547b6e879(uuid6067)
сент. 16, 2025 8:21:57 PM webapp.storage.AbstractStorage save
INFO: &amp#27;[32mSave 15669223-578a-4bfc-8e32-e400387a39bd(uuid6068)
сент. 16, 2025 8:21:57 PM webapp.storage.AbstractStorage save
INFO: &amp#27;[32mSave a7b9931b-fa9c-4565-a7a0-ee1b3f0ba800(uuid6069)
сент. 16, 2025 8:21:57 PM webapp.storage.AbstractStorage save
INFO: &amp#27;[32mSave 3eb74001-aa10-480c-b937-d3dceec0cdce(uuid6070)
сент. 16, 2025 8:21:57 PM webapp.storage.AbstractStorage save
INFO: &amp#27;[32mSave 07fad650-56ce-4a1c-8327-28f110e173a9(uuid6071)
сент. 16, 2025 8:21:57 PM webapp.storage.AbstractStorage save
INFO: &amp#27;[32mSave 6193226e-5c7b-4b87-b79c-2b809190ab26(uuid6072)
сент. 16, 2025 8:21:57 PM webapp.storage.AbstractStorage save
INFO: &amp#27;[32mSave 2a5d0e35-1847-4d11-92b0-f31e285abd11(uuid6073)
сент. 16, 2025 8:21:57 PM webapp.storage.AbstractStorage save
INFO: &amp#27;[32mSave 073c3eaf-2292-4da0-9b7f-556100d86ffe(uuid6074)
сент. 16, 2025 8:21:57 PM webapp.storage.AbstractStorage save
INFO: &amp#27;[32mSave a644c921-edca-48ec-847d-b61f33e6ba89(uuid6075)
сент. 16, 2025 8:21:57 PM webapp.storage.AbstractStorage save
INFO: &amp#27;[32mSave 5ae8e2ad-b73b-4f36-8345-4e617df83227(uuid6076)
сент. 16, 2025 8:21:57 PM webapp.storage.AbstractStorage save
INFO: &amp#27;[32mSave 7adb1028-131e-4034-9a98-a0de3cd58f60(uuid6077)
сент. 16, 2025 8:21:57 PM webapp.storage.AbstractStorage save
INFO: &amp#27;[32mSave 3c924bd2-4809-4862-acca-9a6109ba2e40(uuid6078)
сент. 16, 2025 8:21:57 PM webapp.storage.AbstractStorage save
INFO: &amp#27;[32mSave f46c0ae4-91d7-44ee-8d0f-70b5cd20802c(uuid6079)
сент. 16, 2025 8:21:57 PM webapp.storage.AbstractStorage save
INFO: &amp#27;[32mSave c92da02f-d7e8-41d1-841d-90239aa646d2(uuid6080)
сент. 16, 2025 8:21:57 PM webapp.storage.AbstractStorage save
INFO: &amp#27;[32mSave 783dbd3a-9696-4732-bea3-856ef0b6f548(uuid6081)
сент. 16, 2025 8:21:57 PM webapp.storage.AbstractStorage save
INFO: &amp#27;[32mSave 43a77c38-fab6-4992-9ca0-e4fe078d6ac2(uuid6082)
сент. 16, 2025 8:21:57 PM webapp.storage.AbstractStorage save
INFO: &amp#27;[32mSave c4cb5538-6236-4b4f-9a0b-131ada09ef6e(uuid6083)
сент. 16, 2025 8:21:57 PM webapp.storage.AbstractStorage save
INFO: &amp#27;[32mSave 5c38003e-1dee-408d-b56e-7e822a2c4523(uuid6084)
сент. 16, 2025 8:21:57 PM webapp.storage.AbstractStorage save
INFO: &amp#27;[32mSave b637a8a6-5737-4e3e-95aa-c0ba7e87093e(uuid6085)
сент. 16, 2025 8:21:57 PM webapp.storage.AbstractStorage save
INFO: &amp#27;[32mSave f2113174-78fc-4c1d-88ec-6c1095b364f4(uuid6086)
сент. 16, 2025 8:21:57 PM webapp.storage.AbstractStorage save
INFO: &amp#27;[32mSave f161cb6c-3ef5-4604-8f11-b56bda90384c(uuid6087)
сент. 16, 2025 8:21:57 PM webapp.storage.AbstractStorage save
INFO: &amp#27;[32mSave f2c5cc5a-e833-4f2a-8a4e-a83d8639561d(uuid6088)
сент. 16, 2025 8:21:57 PM webapp.storage.AbstractStorage save
INFO: &amp#27;[32mSave 56514db7-d986-4ad9-8510-d03ff7e7f4ad(uuid6089)
сент. 16, 2025 8:21:57 PM webapp.storage.AbstractStorage save
INFO: &amp#27;[32mSave d0eb4bb5-2c2c-4118-a4b4-1101ab3daa3d(uuid6090)
сент. 16, 2025 8:21:57 PM webapp.storage.AbstractStorage save
INFO: &amp#27;[32mSave 7bf2ef43-097e-4275-9c8b-1d0c353889b6(uuid6091)
сент. 16, 2025 8:21:57 PM webapp.storage.AbstractStorage save
INFO: &amp#27;[32mSave 8f20de36-5ebb-4e47-a988-aa61faa2403d(uuid6092)
сент. 16, 2025 8:21:57 PM webapp.storage.AbstractStorage save
INFO: &amp#27;[32mSave a1409e97-e8bd-4e3f-b209-706f8a353f5b(uuid6093)
сент. 16, 2025 8:21:57 PM webapp.storage.AbstractStorage save
INFO: &amp#27;[32mSave ee1bc832-0d67-4087-bdd7-30d3fc6199a0(uuid6094)
сент. 16, 2025 8:21:57 PM webapp.storage.AbstractStorage save
INFO: &amp#27;[32mSave c477184b-45b6-499d-8860-4604bd7b56cc(uuid6095)
сент. 16, 2025 8:21:57 PM webapp.storage.AbstractStorage save
INFO: &amp#27;[32mSave 6d9c3791-8d65-4c76-b263-fc2756c7d87d(uuid6096)
сент. 16, 2025 8:21:57 PM webapp.storage.AbstractStorage save
INFO: &amp#27;[32mSave 8fc795fe-a1d3-49e9-b315-81cd30e2e7d6(uuid6097)
сент. 16, 2025 8:21:57 PM webapp.storage.AbstractStorage save
INFO: &amp#27;[32mSave af016c31-e700-4132-a21b-c20ecdf4c4d1(uuid6098)
сент. 16, 2025 8:21:57 PM webapp.storage.AbstractStorage save
INFO: &amp#27;[32mSave ddd8fde1-7c94-43a0-bbcd-db4bb0db36ba(uuid6099)
сент. 16, 2025 8:21:57 PM webapp.storage.AbstractStorage save
INFO: &amp#27;[32mSave 699bd0df-c6c9-44ce-84cf-4f708248fa5a(uuid6100)
сент. 16, 2025 8:21:57 PM webapp.storage.AbstractStorage save
INFO: &amp#27;[32mSave 76ebca5b-4c1c-4116-9d7f-902b993f7ca3(uuid6101)
сент. 16, 2025 8:21:57 PM webapp.storage.AbstractStorage save
INFO: &amp#27;[32mSave 87f95283-b3a8-4f50-af1e-0e79cc5bf463(uuid6102)
сент. 16, 2025 8:21:57 PM webapp.storage.AbstractStorage save
INFO: &amp#27;[32mSave 62ea5285-89ef-4f8f-8f7e-4ecbd2f62221(uuid6103)
сент. 16, 2025 8:21:57 PM webapp.storage.AbstractStorage save
INFO: &amp#27;[32mSave 3ceba96f-27e5-44f9-8c52-b10690b581a3(uuid6104)
сент. 16, 2025 8:21:57 PM webapp.storage.AbstractStorage save
INFO: &amp#27;[32mSave ae42a950-57d6-4f4c-aba1-e701abc6856d(uuid6105)
сент. 16, 2025 8:21:57 PM webapp.storage.AbstractStorage save
INFO: &amp#27;[32mSave aed5ba70-e1f0-4c1b-82f0-627d46437f59(uuid6106)
сент. 16, 2025 8:21:57 PM webapp.storage.AbstractStorage save
INFO: &amp#27;[32mSave f3068139-0f22-4daf-8560-6d67b79c9858(uuid6107)
сент. 16, 2025 8:21:57 PM webapp.storage.AbstractStorage save
INFO: &amp#27;[32mSave 918a2c7e-7ff8-4bd0-ba2f-c77a1dc7bc3c(uuid6108)
сент. 16, 2025 8:21:57 PM webapp.storage.AbstractStorage save
INFO: &amp#27;[32mSave 8d3a28be-ea41-4738-9455-ef0290dffdb1(uuid6109)
сент. 16, 2025 8:21:57 PM webapp.storage.AbstractStorage save
INFO: &amp#27;[32mSave 85c6a03a-56a0-42a9-8ba0-32595c9b0f92(uuid6110)
сент. 16, 2025 8:21:57 PM webapp.storage.AbstractStorage save
INFO: &amp#27;[32mSave 4358faf6-0f3b-412c-b442-ee034de619f4(uuid6111)
сент. 16, 2025 8:21:57 PM webapp.storage.AbstractStorage save
INFO: &amp#27;[32mSave d1882a79-b7db-4185-a4bc-47e3c9abf8c6(uuid6112)
сент. 16, 2025 8:21:57 PM webapp.storage.AbstractStorage save
INFO: &amp#27;[32mSave 991f87f7-16f9-4036-830d-9180b5b9bc0d(uuid6113)
сент. 16, 2025 8:21:57 PM webapp.storage.AbstractStorage save
INFO: &amp#27;[32mSave 46e51064-bee1-4630-b3f9-bfdb479c2241(uuid6114)
сент. 16, 2025 8:21:57 PM webapp.storage.AbstractStorage save
INFO: &amp#27;[32mSave f122c60a-9ee5-4341-b444-5811bf6b43ed(uuid6115)
сент. 16, 2025 8:21:57 PM webapp.storage.AbstractStorage save
INFO: &amp#27;[32mSave dcd7cdde-a0b1-4c09-80c7-457013644ca3(uuid6116)
сент. 16, 2025 8:21:57 PM webapp.storage.AbstractStorage save
INFO: &amp#27;[32mSave 5da6b1e7-27ac-4b31-845a-0117bcad84c4(uuid6117)
сент. 16, 2025 8:21:57 PM webapp.storage.AbstractStorage save
INFO: &amp#27;[32mSave 6df85de9-6636-4d8b-8ae6-e57ca0a5d682(uuid6118)
сент. 16, 2025 8:21:57 PM webapp.storage.AbstractStorage save
INFO: &amp#27;[32mSave 358385db-19e0-4cbc-b4cb-8da698afad8f(uuid6119)
сент. 16, 2025 8:21:57 PM webapp.storage.AbstractStorage save
INFO: &amp#27;[32mSave 28c8eed2-ac8c-425b-a781-0b3113d601b7(uuid6120)
сент. 16, 2025 8:21:57 PM webapp.storage.AbstractStorage save
INFO: &amp#27;[32mSave b70334d3-d194-4c43-884f-e75ee0b0fed0(uuid6121)
сент. 16, 2025 8:21:57 PM webapp.storage.AbstractStorage save
INFO: &amp#27;[32mSave 83d0d9f5-605a-4547-8f97-37a9545857cd(uuid6122)
сент. 16, 2025 8:21:57 PM webapp.storage.AbstractStorage save
INFO: &amp#27;[32mSave a25bddb6-582d-49bc-afe9-6e625acdb1f5(uuid6123)
сент. 16, 2025 8:21:57 PM webapp.storage.AbstractStorage save
INFO: &amp#27;[32mSave 622da183-d58a-46ce-bba2-54f8eae49f71(uuid6124)
сент. 16, 2025 8:21:57 PM webapp.storage.AbstractStorage save
INFO: &amp#27;[32mSave 4c6f1bae-0bed-4b85-a40a-7b362a309b8b(uuid6125)
сент. 16, 2025 8:21:57 PM webapp.storage.AbstractStorage save
INFO: &amp#27;[32mSave 6a5a98b3-2509-466f-b643-3c1e23cf08e1(uuid6126)
сент. 16, 2025 8:21:57 PM webapp.storage.AbstractStorage save
INFO: &amp#27;[32mSave 7b606cb8-5134-4505-b01e-477c6f3b3717(uuid6127)
сент. 16, 2025 8:21:57 PM webapp.storage.AbstractStorage save
INFO: &amp#27;[32mSave a01f8aa7-5af8-43ef-b74e-a73b8aeb7c90(uuid6128)
сент. 16, 2025 8:21:57 PM webapp.storage.AbstractStorage save
INFO: &amp#27;[32mSave b4e6f263-fd20-4e25-ad7f-f4e01360e151(uuid6129)
сент. 16, 2025 8:21:57 PM webapp.storage.AbstractStorage save
INFO: &amp#27;[32mSave a83ae970-8b31-4be0-91f1-3aed167add03(uuid6130)
сент. 16, 2025 8:21:57 PM webapp.storage.AbstractStorage save
INFO: &amp#27;[32mSave 302b8bfe-53df-46b9-9f4d-ca1d2c11def4(uuid6131)
сент. 16, 2025 8:21:57 PM webapp.storage.AbstractStorage save
INFO: &amp#27;[32mSave c78fe897-d024-492b-bf70-ed1d2093da9b(uuid6132)
сент. 16, 2025 8:21:57 PM webapp.storage.AbstractStorage save
INFO: &amp#27;[32mSave 13e13ade-3c81-4157-b26b-d1a44b7f20a5(uuid6133)
сент. 16, 2025 8:21:57 PM webapp.storage.AbstractStorage save
INFO: &amp#27;[32mSave ba3fd5bb-738d-4df3-b379-dc4b78ec8ef9(uuid6134)
сент. 16, 2025 8:21:57 PM webapp.storage.AbstractStorage save
INFO: &amp#27;[32mSave e32785d8-2acc-494d-ae39-86f000f93f31(uuid6135)
сент. 16, 2025 8:21:57 PM webapp.storage.AbstractStorage save
INFO: &amp#27;[32mSave 61319873-1f9a-4008-b454-989af09df5cd(uuid6136)
сент. 16, 2025 8:21:57 PM webapp.storage.AbstractStorage save
INFO: &amp#27;[32mSave da99a96f-a481-439e-83af-72f62e1ad85e(uuid6137)
сент. 16, 2025 8:21:57 PM webapp.storage.AbstractStorage save
INFO: &amp#27;[32mSave c3c58c6a-e444-460a-81e9-b8c79c7bfd84(uuid6138)
сент. 16, 2025 8:21:57 PM webapp.storage.AbstractStorage save
INFO: &amp#27;[32mSave ef81a588-ecc0-4caf-a43f-24e3bf132810(uuid6139)
сент. 16, 2025 8:21:57 PM webapp.storage.AbstractStorage save
INFO: &amp#27;[32mSave b050a78f-6f4a-4343-9134-f438e5b562c3(uuid6140)
сент. 16, 2025 8:21:57 PM webapp.storage.AbstractStorage save
INFO: &amp#27;[32mSave 61d38a31-0e7d-4655-ac0c-a7773a95ba70(uuid6141)
сент. 16, 2025 8:21:57 PM webapp.storage.AbstractStorage save
INFO: &amp#27;[32mSave b7877746-344d-43bd-94fa-ba5f09dc8432(uuid6142)
сент. 16, 2025 8:21:57 PM webapp.storage.AbstractStorage save
INFO: &amp#27;[32mSave 52ed386d-575c-452d-83dd-6f71786b60d8(uuid6143)
сент. 16, 2025 8:21:57 PM webapp.storage.AbstractStorage save
INFO: &amp#27;[32mSave aa5c18bc-a041-4045-8815-6b26c9edbf73(uuid6144)
сент. 16, 2025 8:21:57 PM webapp.storage.AbstractStorage save
INFO: &amp#27;[32mSave 5a366ffd-9653-4014-ad94-39670ed222bb(uuid6145)
сент. 16, 2025 8:21:57 PM webapp.storage.AbstractStorage save
INFO: &amp#27;[32mSave 0cc8b194-5160-4775-aca2-e45ba19cc1d1(uuid6146)
сент. 16, 2025 8:21:57 PM webapp.storage.AbstractStorage save
INFO: &amp#27;[32mSave b26d720f-3d3a-4f95-827e-af9fe4a6d670(uuid6147)
сент. 16, 2025 8:21:57 PM webapp.storage.AbstractStorage save
INFO: &amp#27;[32mSave 680331b4-3839-4a11-a03f-2020f26d3858(uuid6148)
сент. 16, 2025 8:21:57 PM webapp.storage.AbstractStorage save
INFO: &amp#27;[32mSave d29319c9-0cbb-44ce-89d5-b83099883f9f(uuid6149)
сент. 16, 2025 8:21:57 PM webapp.storage.AbstractStorage save
INFO: &amp#27;[32mSave 7dd881db-b1b7-4cd1-b621-5a7b248575dd(uuid6150)
сент. 16, 2025 8:21:57 PM webapp.storage.AbstractStorage save
INFO: &amp#27;[32mSave 2025a91a-18bb-41cd-9f15-4d0296a9f7fc(uuid6151)
сент. 16, 2025 8:21:57 PM webapp.storage.AbstractStorage save
INFO: &amp#27;[32mSave 3be707f8-be5c-46fd-ac13-5f9d0ac283e7(uuid6152)
сент. 16, 2025 8:21:57 PM webapp.storage.AbstractStorage save
INFO: &amp#27;[32mSave 38d98712-cc3c-4571-9263-0fe93907a5a4(uuid6153)
сент. 16, 2025 8:21:57 PM webapp.storage.AbstractStorage save
INFO: &amp#27;[32mSave 14b3f01e-8b34-4d88-8b01-52f50a30f306(uuid6154)
сент. 16, 2025 8:21:57 PM webapp.storage.AbstractStorage save
INFO: &amp#27;[32mSave 7592e93a-7ddd-4d6b-961c-7d160f20916c(uuid6155)
сент. 16, 2025 8:21:57 PM webapp.storage.AbstractStorage save
INFO: &amp#27;[32mSave ae00a5e1-d0b1-4d5b-ac7e-15696bd8b0b9(uuid6156)
сент. 16, 2025 8:21:57 PM webapp.storage.AbstractStorage save
INFO: &amp#27;[32mSave 355df206-7a38-416a-b80d-6301e0710d6d(uuid6157)
сент. 16, 2025 8:21:57 PM webapp.storage.AbstractStorage save
INFO: &amp#27;[32mSave dc24206f-5555-4f7e-8aa3-415b64e4547f(uuid6158)
сент. 16, 2025 8:21:57 PM webapp.storage.AbstractStorage save
INFO: &amp#27;[32mSave 33ae4a3a-fd9f-45df-b889-3df0d7c2a9eb(uuid6159)
сент. 16, 2025 8:21:57 PM webapp.storage.AbstractStorage save
INFO: &amp#27;[32mSave 35864887-4f90-4a2b-a3e9-edb25a8f90c0(uuid6160)
сент. 16, 2025 8:21:57 PM webapp.storage.AbstractStorage save
INFO: &amp#27;[32mSave 6ed3b343-3129-4821-b37b-2445774b300a(uuid6161)
сент. 16, 2025 8:21:57 PM webapp.storage.AbstractStorage save
INFO: &amp#27;[32mSave ce942a4b-afa9-4363-acf9-e2c1a9356482(uuid6162)
сент. 16, 2025 8:21:57 PM webapp.storage.AbstractStorage save
INFO: &amp#27;[32mSave 01580fcf-2fe8-4abf-97c3-dcc42ad85487(uuid6163)
сент. 16, 2025 8:21:57 PM webapp.storage.AbstractStorage save
INFO: &amp#27;[32mSave cd943d39-f6e6-450b-9193-5a54d7b9c61c(uuid6164)
сент. 16, 2025 8:21:57 PM webapp.storage.AbstractStorage save
INFO: &amp#27;[32mSave 8a9e2b60-28ab-4a55-a760-8e697933caf2(uuid6165)
сент. 16, 2025 8:21:57 PM webapp.storage.AbstractStorage save
INFO: &amp#27;[32mSave 2bf9d24c-c7c4-4e5d-a920-f1637c6599f2(uuid6166)
сент. 16, 2025 8:21:57 PM webapp.storage.AbstractStorage save
INFO: &amp#27;[32mSave 95811582-6738-44d0-a42f-8dc414922397(uuid6167)
сент. 16, 2025 8:21:57 PM webapp.storage.AbstractStorage save
INFO: &amp#27;[32mSave 54d9d077-8c85-49b1-b8e2-656b2983a6f5(uuid6168)
сент. 16, 2025 8:21:57 PM webapp.storage.AbstractStorage save
INFO: &amp#27;[32mSave 015057c2-8b1d-4e4a-a759-d34fcf8081f9(uuid6169)
сент. 16, 2025 8:21:57 PM webapp.storage.AbstractStorage save
INFO: &amp#27;[32mSave d40bf0d8-d62f-4de7-bfda-052af3fe8c27(uuid6170)
сент. 16, 2025 8:21:57 PM webapp.storage.AbstractStorage save
INFO: &amp#27;[32mSave 8f41ef03-b4da-48d5-b938-5105efcd4ef6(uuid6171)
сент. 16, 2025 8:21:57 PM webapp.storage.AbstractStorage save
INFO: &amp#27;[32mSave 63d2369e-5619-4c43-8bf5-f1d1fea7878d(uuid6172)
сент. 16, 2025 8:21:57 PM webapp.storage.AbstractStorage save
INFO: &amp#27;[32mSave 6e4c201e-2583-4edd-95b4-15b23c547fb5(uuid6173)
сент. 16, 2025 8:21:57 PM webapp.storage.AbstractStorage save
INFO: &amp#27;[32mSave f7d1b03a-1820-4cf1-9973-2af01c901c49(uuid6174)
сент. 16, 2025 8:21:57 PM webapp.storage.AbstractStorage save
INFO: &amp#27;[32mSave f4096e12-bd93-438e-b977-2604c40a4df4(uuid6175)
сент. 16, 2025 8:21:57 PM webapp.storage.AbstractStorage save
INFO: &amp#27;[32mSave c9227f51-e1e2-4586-b7c7-6a88cc7d146a(uuid6176)
сент. 16, 2025 8:21:57 PM webapp.storage.AbstractStorage save
INFO: &amp#27;[32mSave 8bc7afa6-5379-462d-a8a0-d2a598bc7331(uuid6177)
сент. 16, 2025 8:21:57 PM webapp.storage.AbstractStorage save
INFO: &amp#27;[32mSave 1ce4d2a0-b609-4f07-b3bc-4599c94b5c20(uuid6178)
сент. 16, 2025 8:21:57 PM webapp.storage.AbstractStorage save
INFO: &amp#27;[32mSave fbae5c18-35ae-4789-92e5-efd2bef85fe1(uuid6179)
сент. 16, 2025 8:21:57 PM webapp.storage.AbstractStorage save
INFO: &amp#27;[32mSave baa4691e-7512-44be-b67f-9bf399fbdbd4(uuid6180)
сент. 16, 2025 8:21:57 PM webapp.storage.AbstractStorage save
INFO: &amp#27;[32mSave b6b96401-1dfb-421d-8b4a-3719bc919ae7(uuid6181)
сент. 16, 2025 8:21:57 PM webapp.storage.AbstractStorage save
INFO: &amp#27;[32mSave c04c0a2d-b9ba-4576-8ddc-7275b5166355(uuid6182)
сент. 16, 2025 8:21:57 PM webapp.storage.AbstractStorage save
INFO: &amp#27;[32mSave 8689f172-3779-4b6a-b543-d4163a2fe03a(uuid6183)
сент. 16, 2025 8:21:57 PM webapp.storage.AbstractStorage save
INFO: &amp#27;[32mSave ff35fe98-4ca1-4a30-a6b0-5eb0050a2828(uuid6184)
сент. 16, 2025 8:21:57 PM webapp.storage.AbstractStorage save
INFO: &amp#27;[32mSave ab04dfce-478f-44b9-bbbc-f6b61971a096(uuid6185)
сент. 16, 2025 8:21:57 PM webapp.storage.AbstractStorage save
INFO: &amp#27;[32mSave 25839e2f-210c-4adc-9317-2a9141217f78(uuid6186)
сент. 16, 2025 8:21:57 PM webapp.storage.AbstractStorage save
INFO: &amp#27;[32mSave 44eae78b-4c7d-41f7-bc69-27ecdeccde37(uuid6187)
сент. 16, 2025 8:21:57 PM webapp.storage.AbstractStorage save
INFO: &amp#27;[32mSave 365b7afd-f35b-4a1e-8a3a-ad4e5d80306b(uuid6188)
сент. 16, 2025 8:21:57 PM webapp.storage.AbstractStorage save
INFO: &amp#27;[32mSave 31d3fbeb-59b1-4ad3-a27d-0d3e63456c04(uuid6189)
сент. 16, 2025 8:21:57 PM webapp.storage.AbstractStorage save
INFO: &amp#27;[32mSave 36e07018-c100-4c7a-9f47-4be530dc269b(uuid6190)
сент. 16, 2025 8:21:57 PM webapp.storage.AbstractStorage save
INFO: &amp#27;[32mSave 557309af-4ecb-46e0-a71a-90fb00b63b90(uuid6191)
сент. 16, 2025 8:21:57 PM webapp.storage.AbstractStorage save
INFO: &amp#27;[32mSave 6b91034d-ddc5-4660-af9e-a069678592a0(uuid6192)
сент. 16, 2025 8:21:57 PM webapp.storage.AbstractStorage save
INFO: &amp#27;[32mSave aec895a5-c737-4d2f-ba01-fdbe3528a517(uuid6193)
сент. 16, 2025 8:21:57 PM webapp.storage.AbstractStorage save
INFO: &amp#27;[32mSave 13dc2c1c-f898-404e-a72a-5e5146ce53f9(uuid6194)
сент. 16, 2025 8:21:57 PM webapp.storage.AbstractStorage save
INFO: &amp#27;[32mSave 6c07554c-03a0-43df-a2f4-0f0526edf7f0(uuid6195)
сент. 16, 2025 8:21:57 PM webapp.storage.AbstractStorage save
INFO: &amp#27;[32mSave c7e47dd1-8b71-4663-b050-a36abbad0f64(uuid6196)
сент. 16, 2025 8:21:57 PM webapp.storage.AbstractStorage save
INFO: &amp#27;[32mSave cf1d1974-174e-4a63-b0c2-d548fdbb584c(uuid6197)
сент. 16, 2025 8:21:57 PM webapp.storage.AbstractStorage save
INFO: &amp#27;[32mSave 051540cd-7cb8-43f1-b3b4-7741f62be646(uuid6198)
сент. 16, 2025 8:21:57 PM webapp.storage.AbstractStorage save
INFO: &amp#27;[32mSave 7de1512f-e532-4eb8-915d-6288fdb176b5(uuid6199)
сент. 16, 2025 8:21:57 PM webapp.storage.AbstractStorage save
INFO: &amp#27;[32mSave a1bf50fd-1345-4614-aa8e-e3c25c2140ea(uuid6200)
сент. 16, 2025 8:21:57 PM webapp.storage.AbstractStorage save
INFO: &amp#27;[32mSave 4489696a-2fe9-45f8-b4c3-f01ebe0a6702(uuid6201)
сент. 16, 2025 8:21:57 PM webapp.storage.AbstractStorage save
INFO: &amp#27;[32mSave 58653b29-af5a-47d8-932a-452950047c02(uuid6202)
сент. 16, 2025 8:21:57 PM webapp.storage.AbstractStorage save
INFO: &amp#27;[32mSave e3103965-46b9-402d-9f0a-b0fce49f572a(uuid6203)
сент. 16, 2025 8:21:57 PM webapp.storage.AbstractStorage save
INFO: &amp#27;[32mSave 0a1705d9-a7e1-4e03-adcd-246885c40f87(uuid6204)
сент. 16, 2025 8:21:57 PM webapp.storage.AbstractStorage save
INFO: &amp#27;[32mSave 0e0b6257-86f6-485b-be64-5923ea6d9f89(uuid6205)
сент. 16, 2025 8:21:57 PM webapp.storage.AbstractStorage save
INFO: &amp#27;[32mSave ea081cf4-48f0-42b6-bbbf-28061e1c6fd7(uuid6206)
сент. 16, 2025 8:21:57 PM webapp.storage.AbstractStorage save
INFO: &amp#27;[32mSave ca0b58ea-b5ff-410d-9bc9-41cc67838007(uuid6207)
сент. 16, 2025 8:21:57 PM webapp.storage.AbstractStorage save
INFO: &amp#27;[32mSave df284379-f803-4c1a-98af-7dbc406b6e94(uuid6208)
сент. 16, 2025 8:21:57 PM webapp.storage.AbstractStorage save
INFO: &amp#27;[32mSave 1be0a0d0-2c29-4128-8514-148a005c9e2f(uuid6209)
сент. 16, 2025 8:21:57 PM webapp.storage.AbstractStorage save
INFO: &amp#27;[32mSave 7239f7a5-00c2-4c17-85f1-2d1e52406000(uuid6210)
сент. 16, 2025 8:21:57 PM webapp.storage.AbstractStorage save
INFO: &amp#27;[32mSave e6dd4cfb-5a3c-4c14-b6bc-2002f8ae1c7b(uuid6211)
сент. 16, 2025 8:21:57 PM webapp.storage.AbstractStorage save
INFO: &amp#27;[32mSave 7855cf61-1b8a-463e-bbe2-404a4d11c748(uuid6212)
сент. 16, 2025 8:21:57 PM webapp.storage.AbstractStorage save
INFO: &amp#27;[32mSave 092d4190-4bbc-4f26-8051-5cf1057f2fc9(uuid6213)
сент. 16, 2025 8:21:57 PM webapp.storage.AbstractStorage save
INFO: &amp#27;[32mSave 77d60ad5-e0d2-4aaa-b73c-81c81f7263ab(uuid6214)
сент. 16, 2025 8:21:57 PM webapp.storage.AbstractStorage save
INFO: &amp#27;[32mSave 91a3426d-db3f-47d6-8c76-8361fef9a863(uuid6215)
сент. 16, 2025 8:21:57 PM webapp.storage.AbstractStorage save
INFO: &amp#27;[32mSave 493e40eb-faa2-4e5c-98d3-34e7e297804e(uuid6216)
сент. 16, 2025 8:21:57 PM webapp.storage.AbstractStorage save
INFO: &amp#27;[32mSave 87f06f0a-d2a8-4ac2-be52-c50f150ce903(uuid6217)
сент. 16, 2025 8:21:57 PM webapp.storage.AbstractStorage save
INFO: &amp#27;[32mSave bd82078d-07ce-41ff-8009-6b35754dd9d0(uuid6218)
сент. 16, 2025 8:21:57 PM webapp.storage.AbstractStorage save
INFO: &amp#27;[32mSave 09dffacf-eab2-4a17-9276-1f9c742b6000(uuid6219)
сент. 16, 2025 8:21:57 PM webapp.storage.AbstractStorage save
INFO: &amp#27;[32mSave 8f741132-ddd1-4b68-92ed-12881d5d43bc(uuid6220)
сент. 16, 2025 8:21:57 PM webapp.storage.AbstractStorage save
INFO: &amp#27;[32mSave 14be11a3-74fc-4fe4-ba58-3d9a658989d5(uuid6221)
сент. 16, 2025 8:21:57 PM webapp.storage.AbstractStorage save
INFO: &amp#27;[32mSave 093061dd-4a51-4570-8bdf-042458627bad(uuid6222)
сент. 16, 2025 8:21:57 PM webapp.storage.AbstractStorage save
INFO: &amp#27;[32mSave 316c7544-d95b-4a2c-90ae-22a05a8b9143(uuid6223)
сент. 16, 2025 8:21:57 PM webapp.storage.AbstractStorage save
INFO: &amp#27;[32mSave a350106f-bfbd-492e-97af-8b410d00f5e7(uuid6224)
сент. 16, 2025 8:21:57 PM webapp.storage.AbstractStorage save
INFO: &amp#27;[32mSave 09f42b58-9858-49e8-b7f3-04487a7f4a8e(uuid6225)
сент. 16, 2025 8:21:57 PM webapp.storage.AbstractStorage save
INFO: &amp#27;[32mSave 04445005-f052-4d0d-b76c-9df9215c0205(uuid6226)
сент. 16, 2025 8:21:57 PM webapp.storage.AbstractStorage save
INFO: &amp#27;[32mSave af33f243-a6ef-4aac-aa99-b449a4999102(uuid6227)
сент. 16, 2025 8:21:57 PM webapp.storage.AbstractStorage save
INFO: &amp#27;[32mSave 3f83d1d1-6297-4ef0-a8ab-fa733e901e9e(uuid6228)
сент. 16, 2025 8:21:57 PM webapp.storage.AbstractStorage save
INFO: &amp#27;[32mSave f64e0b5c-cb1b-4cba-865b-0fb033c8f3f5(uuid6229)
сент. 16, 2025 8:21:57 PM webapp.storage.AbstractStorage save
INFO: &amp#27;[32mSave 7c421608-f2a5-4b07-b6b2-900bdd7145d2(uuid6230)
сент. 16, 2025 8:21:57 PM webapp.storage.AbstractStorage save
INFO: &amp#27;[32mSave 8eca3c22-dfdd-4e22-9cb1-de3244dee961(uuid6231)
сент. 16, 2025 8:21:57 PM webapp.storage.AbstractStorage save
INFO: &amp#27;[32mSave 532d30cc-f8a7-475f-90c0-3ba93a28aaf5(uuid6232)
сент. 16, 2025 8:21:57 PM webapp.storage.AbstractStorage save
INFO: &amp#27;[32mSave c90391dc-e4e2-4c6a-b6b0-df4f80cd49ba(uuid6233)
сент. 16, 2025 8:21:57 PM webapp.storage.AbstractStorage save
INFO: &amp#27;[32mSave d141367b-c363-4d42-abfa-c7f527138915(uuid6234)
сент. 16, 2025 8:21:57 PM webapp.storage.AbstractStorage save
INFO: &amp#27;[32mSave acde6518-6042-4055-bd71-9d295e4c11c8(uuid6235)
сент. 16, 2025 8:21:57 PM webapp.storage.AbstractStorage save
INFO: &amp#27;[32mSave c9682346-6cdf-4b81-b8c2-51e90655116c(uuid6236)
сент. 16, 2025 8:21:57 PM webapp.storage.AbstractStorage save
INFO: &amp#27;[32mSave f4e0705f-aedd-459b-98f5-931bb2998750(uuid6237)
сент. 16, 2025 8:21:57 PM webapp.storage.AbstractStorage save
INFO: &amp#27;[32mSave 40b5bed7-c08b-4346-8252-d7412f3f32a8(uuid6238)
сент. 16, 2025 8:21:57 PM webapp.storage.AbstractStorage save
INFO: &amp#27;[32mSave 6c3698f0-b939-42f9-a568-8adc1133f24e(uuid6239)
сент. 16, 2025 8:21:57 PM webapp.storage.AbstractStorage save
INFO: &amp#27;[32mSave 40044c84-1e78-47f1-bb1d-f395169a7f15(uuid6240)
сент. 16, 2025 8:21:57 PM webapp.storage.AbstractStorage save
INFO: &amp#27;[32mSave b5004b1b-0006-4986-a4c4-8e4f2e2a784d(uuid6241)
сент. 16, 2025 8:21:57 PM webapp.storage.AbstractStorage save
INFO: &amp#27;[32mSave 663613fc-135b-44ba-aca8-6067b383901f(uuid6242)
сент. 16, 2025 8:21:57 PM webapp.storage.AbstractStorage save
INFO: &amp#27;[32mSave 3886ef3d-519c-43bd-a507-7d1e835c44d6(uuid6243)
сент. 16, 2025 8:21:57 PM webapp.storage.AbstractStorage save
INFO: &amp#27;[32mSave e45bc488-3f56-44ac-9663-2cf6cb26309f(uuid6244)
сент. 16, 2025 8:21:57 PM webapp.storage.AbstractStorage save
INFO: &amp#27;[32mSave a450b8c6-d417-4297-8b80-924645b127df(uuid6245)
сент. 16, 2025 8:21:57 PM webapp.storage.AbstractStorage save
INFO: &amp#27;[32mSave 28e941e0-49d7-4b92-95db-2fa3e0151bcb(uuid6246)
сент. 16, 2025 8:21:57 PM webapp.storage.AbstractStorage save
INFO: &amp#27;[32mSave 4cca4e41-90c3-4498-ab65-136477bd34b1(uuid6247)
сент. 16, 2025 8:21:57 PM webapp.storage.AbstractStorage save
INFO: &amp#27;[32mSave ebf5bfab-dfad-4976-bded-4e1d3daa7783(uuid6248)
сент. 16, 2025 8:21:57 PM webapp.storage.AbstractStorage save
INFO: &amp#27;[32mSave edd5d8b0-204d-4126-9a54-522ae350ebfd(uuid6249)
сент. 16, 2025 8:21:57 PM webapp.storage.AbstractStorage save
INFO: &amp#27;[32mSave aaf8befb-9342-4ad1-b416-7812676f4f51(uuid6250)
сент. 16, 2025 8:21:57 PM webapp.storage.AbstractStorage save
INFO: &amp#27;[32mSave 3908c151-6b43-4a92-b115-e5343430c94a(uuid6251)
сент. 16, 2025 8:21:57 PM webapp.storage.AbstractStorage save
INFO: &amp#27;[32mSave d7b5a4c0-dbbd-4b73-bdb9-3f9721f1c0ef(uuid6252)
сент. 16, 2025 8:21:57 PM webapp.storage.AbstractStorage save
INFO: &amp#27;[32mSave 494b6a2f-608a-4c1c-8050-1724ea1e95fb(uuid6253)
сент. 16, 2025 8:21:57 PM webapp.storage.AbstractStorage save
INFO: &amp#27;[32mSave dc432f47-75c0-402d-9f50-86b5682de256(uuid6254)
сент. 16, 2025 8:21:57 PM webapp.storage.AbstractStorage save
INFO: &amp#27;[32mSave b89161f7-9094-48c3-baf3-2231f6994efb(uuid6255)
сент. 16, 2025 8:21:57 PM webapp.storage.AbstractStorage save
INFO: &amp#27;[32mSave bd0b7975-2c13-4b0e-a5ce-694173946712(uuid6256)
сент. 16, 2025 8:21:57 PM webapp.storage.AbstractStorage save
INFO: &amp#27;[32mSave e117a95b-8a81-40d3-9dc2-ac0b5816e6a0(uuid6257)
сент. 16, 2025 8:21:57 PM webapp.storage.AbstractStorage save
INFO: &amp#27;[32mSave 960b4377-1308-4925-bcaf-6f7e3c430323(uuid6258)
сент. 16, 2025 8:21:57 PM webapp.storage.AbstractStorage save
INFO: &amp#27;[32mSave 9e53bcbe-e44d-4ad0-8754-7f8798ac28bb(uuid6259)
сент. 16, 2025 8:21:57 PM webapp.storage.AbstractStorage save
INFO: &amp#27;[32mSave e3a053fb-7d9a-4f50-a3a7-62629fb6e8e3(uuid6260)
сент. 16, 2025 8:21:57 PM webapp.storage.AbstractStorage save
INFO: &amp#27;[32mSave 5505c130-d8b8-4e03-9d70-1fc2d945152b(uuid6261)
сент. 16, 2025 8:21:57 PM webapp.storage.AbstractStorage save
INFO: &amp#27;[32mSave 9af03adb-bba7-4305-8e84-4415e60af8f1(uuid6262)
сент. 16, 2025 8:21:57 PM webapp.storage.AbstractStorage save
INFO: &amp#27;[32mSave ae1b9adb-b5ed-4cf7-b545-7668dd7d74cb(uuid6263)
сент. 16, 2025 8:21:57 PM webapp.storage.AbstractStorage save
INFO: &amp#27;[32mSave 5615c781-770b-4674-8eb7-70bb498cc9e9(uuid6264)
сент. 16, 2025 8:21:57 PM webapp.storage.AbstractStorage save
INFO: &amp#27;[32mSave 48931892-aaa8-4e67-bde5-cbf8db8cdc53(uuid6265)
сент. 16, 2025 8:21:57 PM webapp.storage.AbstractStorage save
INFO: &amp#27;[32mSave 55aac1c4-ecd7-42f0-978b-914f1e1ad389(uuid6266)
сент. 16, 2025 8:21:57 PM webapp.storage.AbstractStorage save
INFO: &amp#27;[32mSave e377873a-67a4-44fe-9f88-e8710c3c651d(uuid6267)
сент. 16, 2025 8:21:57 PM webapp.storage.AbstractStorage save
INFO: &amp#27;[32mSave 60334194-2238-42c7-b5ac-e4b9461c76c3(uuid6268)
сент. 16, 2025 8:21:57 PM webapp.storage.AbstractStorage save
INFO: &amp#27;[32mSave c091c095-a68d-4ef4-9a35-906306c97e27(uuid6269)
сент. 16, 2025 8:21:57 PM webapp.storage.AbstractStorage save
INFO: &amp#27;[32mSave 0dc88617-4296-45ef-81a2-315fdec5d0b6(uuid6270)
сент. 16, 2025 8:21:57 PM webapp.storage.AbstractStorage save
INFO: &amp#27;[32mSave c877caef-fcea-4788-b3f1-cda039918b2b(uuid6271)
сент. 16, 2025 8:21:57 PM webapp.storage.AbstractStorage save
INFO: &amp#27;[32mSave e6824bf0-45c5-427c-8f0b-d32825c2965c(uuid6272)
сент. 16, 2025 8:21:57 PM webapp.storage.AbstractStorage save
INFO: &amp#27;[32mSave cadd237e-d284-4de0-a2fe-67f2fd51bb11(uuid6273)
сент. 16, 2025 8:21:57 PM webapp.storage.AbstractStorage save
INFO: &amp#27;[32mSave 273f6dcb-e6d7-40f2-a819-a77cb5749064(uuid6274)
сент. 16, 2025 8:21:57 PM webapp.storage.AbstractStorage save
INFO: &amp#27;[32mSave cb8b1722-28e6-4f15-af25-8610b5086710(uuid6275)
сент. 16, 2025 8:21:57 PM webapp.storage.AbstractStorage save
INFO: &amp#27;[32mSave e204daa6-7d92-436a-856d-6b86ddad292a(uuid6276)
сент. 16, 2025 8:21:57 PM webapp.storage.AbstractStorage save
INFO: &amp#27;[32mSave d2e75cbb-9430-434e-8f2f-b1b4f499d445(uuid6277)
сент. 16, 2025 8:21:57 PM webapp.storage.AbstractStorage save
INFO: &amp#27;[32mSave dc769f62-faff-49e1-802e-71e0a618a4bd(uuid6278)
сент. 16, 2025 8:21:57 PM webapp.storage.AbstractStorage save
INFO: &amp#27;[32mSave 19f6a854-5791-42a9-84e2-ce48589cacc5(uuid6279)
сент. 16, 2025 8:21:57 PM webapp.storage.AbstractStorage save
INFO: &amp#27;[32mSave 0dbb6f74-698b-4a1d-92e2-2fb2f3ba3f42(uuid6280)
сент. 16, 2025 8:21:57 PM webapp.storage.AbstractStorage save
INFO: &amp#27;[32mSave 5e79e7d2-457b-46ea-afe5-512f4380cc34(uuid6281)
сент. 16, 2025 8:21:57 PM webapp.storage.AbstractStorage save
INFO: &amp#27;[32mSave b06790eb-4b79-4bfb-9a40-f4adea31013f(uuid6282)
сент. 16, 2025 8:21:57 PM webapp.storage.AbstractStorage save
INFO: &amp#27;[32mSave 29aeaef0-b7d9-4cf3-8538-03efc6b74b9c(uuid6283)
сент. 16, 2025 8:21:57 PM webapp.storage.AbstractStorage save
INFO: &amp#27;[32mSave d7aad055-219e-4119-a6ba-b7bd809f6597(uuid6284)
сент. 16, 2025 8:21:57 PM webapp.storage.AbstractStorage save
INFO: &amp#27;[32mSave d75c1b3f-7a00-42c1-8271-b1da9ecd8498(uuid6285)
сент. 16, 2025 8:21:57 PM webapp.storage.AbstractStorage save
INFO: &amp#27;[32mSave 8b2555ca-009d-4e06-8223-b0a3d1cb6bb0(uuid6286)
сент. 16, 2025 8:21:57 PM webapp.storage.AbstractStorage save
INFO: &amp#27;[32mSave 9bbff779-42fd-4c5e-a1ef-c4ecd78cb912(uuid6287)
сент. 16, 2025 8:21:57 PM webapp.storage.AbstractStorage save
INFO: &amp#27;[32mSave cbd01404-a805-4272-a54a-a4995eaffe18(uuid6288)
сент. 16, 2025 8:21:57 PM webapp.storage.AbstractStorage save
INFO: &amp#27;[32mSave 2d2160ad-1f12-4515-86fe-23570e8d01a8(uuid6289)
сент. 16, 2025 8:21:57 PM webapp.storage.AbstractStorage save
INFO: &amp#27;[32mSave be34145e-b0ed-45d9-a51a-78d5135857f7(uuid6290)
сент. 16, 2025 8:21:57 PM webapp.storage.AbstractStorage save
INFO: &amp#27;[32mSave 38de795e-e632-48b0-abf7-013328afd63b(uuid6291)
сент. 16, 2025 8:21:57 PM webapp.storage.AbstractStorage save
INFO: &amp#27;[32mSave 71043f09-fb64-4676-8d5c-f450da8b4f69(uuid6292)
сент. 16, 2025 8:21:57 PM webapp.storage.AbstractStorage save
INFO: &amp#27;[32mSave d75579e5-576b-4a9b-a769-d99749085a71(uuid6293)
сент. 16, 2025 8:21:57 PM webapp.storage.AbstractStorage save
INFO: &amp#27;[32mSave 963b0f0a-6dce-4281-999e-47b947fe0154(uuid6294)
сент. 16, 2025 8:21:57 PM webapp.storage.AbstractStorage save
INFO: &amp#27;[32mSave abc243ba-df2a-4c93-8615-dde0a6a0b426(uuid6295)
сент. 16, 2025 8:21:57 PM webapp.storage.AbstractStorage save
INFO: &amp#27;[32mSave fb086688-0714-40e4-8759-5df4df294091(uuid6296)
сент. 16, 2025 8:21:57 PM webapp.storage.AbstractStorage save
INFO: &amp#27;[32mSave a6974873-4659-4833-80a6-7998c4f6174b(uuid6297)
сент. 16, 2025 8:21:57 PM webapp.storage.AbstractStorage save
INFO: &amp#27;[32mSave e7a6e44a-dab6-498f-899e-f3ed9d02e960(uuid6298)
сент. 16, 2025 8:21:57 PM webapp.storage.AbstractStorage save
INFO: &amp#27;[32mSave 32ca9c78-66f9-408a-b4d0-4b8d82b9f45c(uuid6299)
сент. 16, 2025 8:21:57 PM webapp.storage.AbstractStorage save
INFO: &amp#27;[32mSave 86b04d2d-d81c-49fd-8a17-3200e29af844(uuid6300)
сент. 16, 2025 8:21:57 PM webapp.storage.AbstractStorage save
INFO: &amp#27;[32mSave 0399e13e-5403-42e5-b710-4201ed53e95d(uuid6301)
сент. 16, 2025 8:21:57 PM webapp.storage.AbstractStorage save
INFO: &amp#27;[32mSave d38eacb4-cc90-44d9-b79b-273982f0f5a1(uuid6302)
сент. 16, 2025 8:21:57 PM webapp.storage.AbstractStorage save
INFO: &amp#27;[32mSave 1c31834c-2d55-47bf-a80b-cf5e6224beed(uuid6303)
сент. 16, 2025 8:21:57 PM webapp.storage.AbstractStorage save
INFO: &amp#27;[32mSave b2fdcd94-6a44-490c-a4fb-b38f03219ae1(uuid6304)
сент. 16, 2025 8:21:57 PM webapp.storage.AbstractStorage save
INFO: &amp#27;[32mSave 6d8a2733-6581-4b8a-8172-f378a6f73a92(uuid6305)
сент. 16, 2025 8:21:57 PM webapp.storage.AbstractStorage save
INFO: &amp#27;[32mSave 431e14ac-d209-4a3c-8d41-1bf310b7c36e(uuid6306)
сент. 16, 2025 8:21:57 PM webapp.storage.AbstractStorage save
INFO: &amp#27;[32mSave 8aeb0571-1025-48d7-803e-7728d252bb22(uuid6307)
сент. 16, 2025 8:21:57 PM webapp.storage.AbstractStorage save
INFO: &amp#27;[32mSave 33ee6620-e28a-49b0-9722-728ee8e3ffa7(uuid6308)
сент. 16, 2025 8:21:57 PM webapp.storage.AbstractStorage save
INFO: &amp#27;[32mSave eb4f3b46-8127-4a82-8350-6801f53457b3(uuid6309)
сент. 16, 2025 8:21:57 PM webapp.storage.AbstractStorage save
INFO: &amp#27;[32mSave 10e8c340-5254-4aa5-97a3-ccd470c077b5(uuid6310)
сент. 16, 2025 8:21:57 PM webapp.storage.AbstractStorage save
INFO: &amp#27;[32mSave 09e08e86-cb38-4886-8e83-4972ad79d7e3(uuid6311)
сент. 16, 2025 8:21:57 PM webapp.storage.AbstractStorage save
INFO: &amp#27;[32mSave 821ed5ba-0ccf-4f01-bcbf-3c32820c021c(uuid6312)
сент. 16, 2025 8:21:57 PM webapp.storage.AbstractStorage save
INFO: &amp#27;[32mSave 34c48422-a513-431a-8368-08c11b027326(uuid6313)
сент. 16, 2025 8:21:57 PM webapp.storage.AbstractStorage save
INFO: &amp#27;[32mSave d30fb391-ea00-4a7c-8861-d2f160dbb027(uuid6314)
сент. 16, 2025 8:21:57 PM webapp.storage.AbstractStorage save
INFO: &amp#27;[32mSave c1eb540a-3656-428f-a62d-182a7e35fbdc(uuid6315)
сент. 16, 2025 8:21:57 PM webapp.storage.AbstractStorage save
INFO: &amp#27;[32mSave 82334df2-82d3-457d-a693-e57fe445655e(uuid6316)
сент. 16, 2025 8:21:57 PM webapp.storage.AbstractStorage save
INFO: &amp#27;[32mSave a02cdee2-e5b9-441a-9c12-62ff283b92ca(uuid6317)
сент. 16, 2025 8:21:57 PM webapp.storage.AbstractStorage save
INFO: &amp#27;[32mSave 1a195b75-ed4e-4715-93c3-b295a8e12ade(uuid6318)
сент. 16, 2025 8:21:57 PM webapp.storage.AbstractStorage save
INFO: &amp#27;[32mSave 991c3af2-414c-48c5-a33b-a482c48d15f7(uuid6319)
сент. 16, 2025 8:21:57 PM webapp.storage.AbstractStorage save
INFO: &amp#27;[32mSave cb7b0527-49b0-4b17-9f57-af70eabccd0a(uuid6320)
сент. 16, 2025 8:21:57 PM webapp.storage.AbstractStorage save
INFO: &amp#27;[32mSave 161e1cb2-383b-464f-9f63-ffcc4a9c23b2(uuid6321)
сент. 16, 2025 8:21:57 PM webapp.storage.AbstractStorage save
INFO: &amp#27;[32mSave dee6d84c-ad3a-44a3-9a75-3cdcb54b6bf1(uuid6322)
сент. 16, 2025 8:21:57 PM webapp.storage.AbstractStorage save
INFO: &amp#27;[32mSave d1d8c3e1-620b-471d-875f-057fec626626(uuid6323)
сент. 16, 2025 8:21:57 PM webapp.storage.AbstractStorage save
INFO: &amp#27;[32mSave 45f45451-2851-4a89-a1f4-baf0f1f15792(uuid6324)
сент. 16, 2025 8:21:57 PM webapp.storage.AbstractStorage save
INFO: &amp#27;[32mSave 02be15f6-4b88-404d-b57f-5682f8eb220d(uuid6325)
сент. 16, 2025 8:21:57 PM webapp.storage.AbstractStorage save
INFO: &amp#27;[32mSave e9010060-35ca-442f-a87f-4d79893a7e5b(uuid6326)
сент. 16, 2025 8:21:57 PM webapp.storage.AbstractStorage save
INFO: &amp#27;[32mSave 99722890-1e23-4c4a-a27c-3d09b4d043a5(uuid6327)
сент. 16, 2025 8:21:57 PM webapp.storage.AbstractStorage save
INFO: &amp#27;[32mSave 8e2e3cbf-c01c-48c4-84ac-36c2b3fb056c(uuid6328)
сент. 16, 2025 8:21:57 PM webapp.storage.AbstractStorage save
INFO: &amp#27;[32mSave 702fe355-33df-49c2-bccc-7d03454ffd67(uuid6329)
сент. 16, 2025 8:21:57 PM webapp.storage.AbstractStorage save
INFO: &amp#27;[32mSave 4a433c6d-1ebf-440b-a7d8-5d76bf761009(uuid6330)
сент. 16, 2025 8:21:57 PM webapp.storage.AbstractStorage save
INFO: &amp#27;[32mSave c2a484ba-bd26-4729-be90-276b98618323(uuid6331)
сент. 16, 2025 8:21:57 PM webapp.storage.AbstractStorage save
INFO: &amp#27;[32mSave abfe8ac7-5fdb-4dbd-8bf0-1dd06eb2dc13(uuid6332)
сент. 16, 2025 8:21:57 PM webapp.storage.AbstractStorage save
INFO: &amp#27;[32mSave c86840eb-8ce2-4ff1-8672-1ef1fd018b3a(uuid6333)
сент. 16, 2025 8:21:57 PM webapp.storage.AbstractStorage save
INFO: &amp#27;[32mSave 96f01b20-c3c9-4128-b175-a37a6d750229(uuid6334)
сент. 16, 2025 8:21:57 PM webapp.storage.AbstractStorage save
INFO: &amp#27;[32mSave 11515750-1143-46d1-a773-06981c81f991(uuid6335)
сент. 16, 2025 8:21:57 PM webapp.storage.AbstractStorage save
INFO: &amp#27;[32mSave e69b870e-7560-448d-8387-608817d8464e(uuid6336)
сент. 16, 2025 8:21:57 PM webapp.storage.AbstractStorage save
INFO: &amp#27;[32mSave b0577c01-982e-4fbc-9737-d07bd204e970(uuid6337)
сент. 16, 2025 8:21:57 PM webapp.storage.AbstractStorage save
INFO: &amp#27;[32mSave b652ae10-4b97-4838-b162-b755c95a018d(uuid6338)
сент. 16, 2025 8:21:57 PM webapp.storage.AbstractStorage save
INFO: &amp#27;[32mSave d1215661-2f8f-4044-9d84-d2301a6dcc5a(uuid6339)
сент. 16, 2025 8:21:57 PM webapp.storage.AbstractStorage save
INFO: &amp#27;[32mSave 1d29785d-608b-4c10-9f07-23efbe35a5c8(uuid6340)
сент. 16, 2025 8:21:57 PM webapp.storage.AbstractStorage save
INFO: &amp#27;[32mSave 2f97509c-01be-455a-b4c9-47e309dc971c(uuid6341)
сент. 16, 2025 8:21:57 PM webapp.storage.AbstractStorage save
INFO: &amp#27;[32mSave 40d9451e-fd3f-45d5-aaa4-1aec496578e4(uuid6342)
сент. 16, 2025 8:21:57 PM webapp.storage.AbstractStorage save
INFO: &amp#27;[32mSave abba5848-336b-4c7b-978d-d88cb480faf4(uuid6343)
сент. 16, 2025 8:21:57 PM webapp.storage.AbstractStorage save
INFO: &amp#27;[32mSave 4c4851ea-ab22-4621-9b3d-ad8b7c8a2bcf(uuid6344)
сент. 16, 2025 8:21:57 PM webapp.storage.AbstractStorage save
INFO: &amp#27;[32mSave a4e81769-1d82-4ef3-91ed-b38f47856a00(uuid6345)
сент. 16, 2025 8:21:57 PM webapp.storage.AbstractStorage save
INFO: &amp#27;[32mSave df9859e9-5715-4a2b-aedc-c337b4f4bfbd(uuid6346)
сент. 16, 2025 8:21:57 PM webapp.storage.AbstractStorage save
INFO: &amp#27;[32mSave d83aa443-e897-46b6-a388-97f3e5cd7303(uuid6347)
сент. 16, 2025 8:21:57 PM webapp.storage.AbstractStorage save
INFO: &amp#27;[32mSave 5e1f0e8c-35be-4fb6-a5b3-ec86d100f2e1(uuid6348)
сент. 16, 2025 8:21:57 PM webapp.storage.AbstractStorage save
INFO: &amp#27;[32mSave 0ac32eca-4052-4359-8d80-3bbc398fcedf(uuid6349)
сент. 16, 2025 8:21:57 PM webapp.storage.AbstractStorage save
INFO: &amp#27;[32mSave 917ef336-010f-424e-a7d2-41935792be19(uuid6350)
сент. 16, 2025 8:21:57 PM webapp.storage.AbstractStorage save
INFO: &amp#27;[32mSave 5cd0081e-36af-49d5-bdc1-b33beb3bca2d(uuid6351)
сент. 16, 2025 8:21:57 PM webapp.storage.AbstractStorage save
INFO: &amp#27;[32mSave b65eb656-281a-4041-9af6-81aab5ecb7ad(uuid6352)
сент. 16, 2025 8:21:57 PM webapp.storage.AbstractStorage save
INFO: &amp#27;[32mSave e103b21a-74f4-4f1a-ac47-4c2e0053f648(uuid6353)
сент. 16, 2025 8:21:57 PM webapp.storage.AbstractStorage save
INFO: &amp#27;[32mSave 89d2424f-1a40-4a62-aead-fa8659390aed(uuid6354)
сент. 16, 2025 8:21:57 PM webapp.storage.AbstractStorage save
INFO: &amp#27;[32mSave 02687389-7d1c-4b9f-90af-1b226fbb9689(uuid6355)
сент. 16, 2025 8:21:57 PM webapp.storage.AbstractStorage save
INFO: &amp#27;[32mSave 6b590c8c-76f1-4879-9ab5-4eeb3eeadf70(uuid6356)
сент. 16, 2025 8:21:57 PM webapp.storage.AbstractStorage save
INFO: &amp#27;[32mSave 2b9041a5-ccbc-4402-980d-d7dcbbc75d47(uuid6357)
сент. 16, 2025 8:21:57 PM webapp.storage.AbstractStorage save
INFO: &amp#27;[32mSave 1ecb655f-38e2-43af-ad4d-491322584b0f(uuid6358)
сент. 16, 2025 8:21:57 PM webapp.storage.AbstractStorage save
INFO: &amp#27;[32mSave 511f7163-b483-4256-b9b8-28d5e0876d57(uuid6359)
сент. 16, 2025 8:21:57 PM webapp.storage.AbstractStorage save
INFO: &amp#27;[32mSave 4fed0027-8953-4f89-8a89-c7dc12b3c633(uuid6360)
сент. 16, 2025 8:21:57 PM webapp.storage.AbstractStorage save
INFO: &amp#27;[32mSave 85fbcd0e-4235-4a05-b036-ab99f00aeacf(uuid6361)
сент. 16, 2025 8:21:57 PM webapp.storage.AbstractStorage save
INFO: &amp#27;[32mSave e76c29dc-ec16-4570-aaca-f058dad089f9(uuid6362)
сент. 16, 2025 8:21:57 PM webapp.storage.AbstractStorage save
INFO: &amp#27;[32mSave d4e1fe7d-6b53-4ece-ba38-332bea44f16a(uuid6363)
сент. 16, 2025 8:21:57 PM webapp.storage.AbstractStorage save
INFO: &amp#27;[32mSave 4263341a-9e36-4ec6-b5e8-1527ee5c7e12(uuid6364)
сент. 16, 2025 8:21:57 PM webapp.storage.AbstractStorage save
INFO: &amp#27;[32mSave d4c9f7b4-2a3c-402b-806f-3a790af89124(uuid6365)
сент. 16, 2025 8:21:57 PM webapp.storage.AbstractStorage save
INFO: &amp#27;[32mSave a2943519-98e4-422d-bd62-52b7d9b483e4(uuid6366)
сент. 16, 2025 8:21:57 PM webapp.storage.AbstractStorage save
INFO: &amp#27;[32mSave 3cd834cb-c757-434e-a57e-f7938f124055(uuid6367)
сент. 16, 2025 8:21:57 PM webapp.storage.AbstractStorage save
INFO: &amp#27;[32mSave d250383f-5653-4a26-b95f-f9a337b0949f(uuid6368)
сент. 16, 2025 8:21:57 PM webapp.storage.AbstractStorage save
INFO: &amp#27;[32mSave a7ec62b8-3607-441d-84b5-58d98cb0acb0(uuid6369)
сент. 16, 2025 8:21:57 PM webapp.storage.AbstractStorage save
INFO: &amp#27;[32mSave 56d90b24-195a-4b22-a62d-e4d76358a4f1(uuid6370)
сент. 16, 2025 8:21:57 PM webapp.storage.AbstractStorage save
INFO: &amp#27;[32mSave d342fe36-951d-41e7-9ecb-495e3f8faf71(uuid6371)
сент. 16, 2025 8:21:57 PM webapp.storage.AbstractStorage save
INFO: &amp#27;[32mSave 060c2878-614f-406c-bc0f-568cc1674a7a(uuid6372)
сент. 16, 2025 8:21:57 PM webapp.storage.AbstractStorage save
INFO: &amp#27;[32mSave 8a87a80c-1090-4aa0-91d9-b94e2ca3f00c(uuid6373)
сент. 16, 2025 8:21:57 PM webapp.storage.AbstractStorage save
INFO: &amp#27;[32mSave 10c9171f-ab8b-46df-b207-ddb77dfc391f(uuid6374)
сент. 16, 2025 8:21:57 PM webapp.storage.AbstractStorage save
INFO: &amp#27;[32mSave 385f1cd9-2857-49c8-bc13-6e7f56038e87(uuid6375)
сент. 16, 2025 8:21:57 PM webapp.storage.AbstractStorage save
INFO: &amp#27;[32mSave 657d5297-d6f0-4d63-af38-38c0db173d2e(uuid6376)
сент. 16, 2025 8:21:57 PM webapp.storage.AbstractStorage save
INFO: &amp#27;[32mSave 5c866ece-ed15-4adf-b8bb-3523a4be9978(uuid6377)
сент. 16, 2025 8:21:57 PM webapp.storage.AbstractStorage save
INFO: &amp#27;[32mSave a11d20cc-4bfd-4a32-acc7-f268fbf5972e(uuid6378)
сент. 16, 2025 8:21:57 PM webapp.storage.AbstractStorage save
INFO: &amp#27;[32mSave 62f4144a-f92a-4533-a782-c0ad749aa9c9(uuid6379)
сент. 16, 2025 8:21:57 PM webapp.storage.AbstractStorage save
INFO: &amp#27;[32mSave 9b4cb216-1759-41b6-9aaa-423b163b6ec5(uuid6380)
сент. 16, 2025 8:21:57 PM webapp.storage.AbstractStorage save
INFO: &amp#27;[32mSave f307ef05-68ac-46bf-b707-d83c7ebf0426(uuid6381)
сент. 16, 2025 8:21:57 PM webapp.storage.AbstractStorage save
INFO: &amp#27;[32mSave a3eb3cff-b578-4636-98d2-98b6d336fb94(uuid6382)
сент. 16, 2025 8:21:57 PM webapp.storage.AbstractStorage save
INFO: &amp#27;[32mSave 604b85b3-3ad0-4151-8f09-73570c87d183(uuid6383)
сент. 16, 2025 8:21:57 PM webapp.storage.AbstractStorage save
INFO: &amp#27;[32mSave 0969bd0f-7e2f-4b2b-802b-182dad7c7044(uuid6384)
сент. 16, 2025 8:21:57 PM webapp.storage.AbstractStorage save
INFO: &amp#27;[32mSave cd4b9967-93d0-469e-b62b-6ddca8c5d3dc(uuid6385)
сент. 16, 2025 8:21:57 PM webapp.storage.AbstractStorage save
INFO: &amp#27;[32mSave 9b77f78c-c449-4222-8b59-25306949ddb7(uuid6386)
сент. 16, 2025 8:21:57 PM webapp.storage.AbstractStorage save
INFO: &amp#27;[32mSave c47ee318-10f1-44d6-8705-2eebd75e17f8(uuid6387)
сент. 16, 2025 8:21:57 PM webapp.storage.AbstractStorage save
INFO: &amp#27;[32mSave 35710e89-ef53-432a-88a4-9241298d1a36(uuid6388)
сент. 16, 2025 8:21:57 PM webapp.storage.AbstractStorage save
INFO: &amp#27;[32mSave 871c9f3d-4fd5-4bc4-b5a3-6b1fc2a03899(uuid6389)
сент. 16, 2025 8:21:57 PM webapp.storage.AbstractStorage save
INFO: &amp#27;[32mSave da076b69-a79f-406b-a2a5-f9b62b5fc55c(uuid6390)
сент. 16, 2025 8:21:57 PM webapp.storage.AbstractStorage save
INFO: &amp#27;[32mSave b76eeb8c-a2de-4bbb-9495-e07f80cbc4b2(uuid6391)
сент. 16, 2025 8:21:57 PM webapp.storage.AbstractStorage save
INFO: &amp#27;[32mSave ea2b1046-4410-4030-84bc-7c04e224672b(uuid6392)
сент. 16, 2025 8:21:57 PM webapp.storage.AbstractStorage save
INFO: &amp#27;[32mSave 99b742b2-b68c-4f68-b811-d46bfbcd5f2a(uuid6393)
сент. 16, 2025 8:21:57 PM webapp.storage.AbstractStorage save
INFO: &amp#27;[32mSave 8aeb92b2-8d42-47ac-b53b-6e20b2f7f589(uuid6394)
сент. 16, 2025 8:21:57 PM webapp.storage.AbstractStorage save
INFO: &amp#27;[32mSave 5a427b22-fea0-4451-ae30-5c6cf4ddda75(uuid6395)
сент. 16, 2025 8:21:57 PM webapp.storage.AbstractStorage save
INFO: &amp#27;[32mSave 12229b7b-6950-4f16-a2bc-2ad1176d5295(uuid6396)
сент. 16, 2025 8:21:57 PM webapp.storage.AbstractStorage save
INFO: &amp#27;[32mSave f82e8a5a-f354-4821-b8b3-8fdfd7a2a50a(uuid6397)
сент. 16, 2025 8:21:57 PM webapp.storage.AbstractStorage save
INFO: &amp#27;[32mSave f42c9ac2-8fa1-4d8f-9bb9-f406db6b93f5(uuid6398)
сент. 16, 2025 8:21:57 PM webapp.storage.AbstractStorage save
INFO: &amp#27;[32mSave 3557904d-8915-4eb5-8a06-d3ba331c2402(uuid6399)
сент. 16, 2025 8:21:57 PM webapp.storage.AbstractStorage save
INFO: &amp#27;[32mSave d668ef62-023e-4754-b77a-eb2f6c6735f2(uuid6400)
сент. 16, 2025 8:21:57 PM webapp.storage.AbstractStorage save
INFO: &amp#27;[32mSave a554ca39-bdc0-4784-bdf1-06f2ac093de0(uuid6401)
сент. 16, 2025 8:21:57 PM webapp.storage.AbstractStorage save
INFO: &amp#27;[32mSave 19109c7f-d52b-4c39-be00-3718586c19a5(uuid6402)
сент. 16, 2025 8:21:57 PM webapp.storage.AbstractStorage save
INFO: &amp#27;[32mSave af5201c9-90c7-4549-a7eb-281ada8e8c8e(uuid6403)
сент. 16, 2025 8:21:57 PM webapp.storage.AbstractStorage save
INFO: &amp#27;[32mSave 214d345f-f8e8-48a9-8d6e-64d7711f94f7(uuid6404)
сент. 16, 2025 8:21:57 PM webapp.storage.AbstractStorage save
INFO: &amp#27;[32mSave 14fb9ccf-099f-4744-95e5-bafe8e486413(uuid6405)
сент. 16, 2025 8:21:57 PM webapp.storage.AbstractStorage save
INFO: &amp#27;[32mSave 00358551-ef3c-4c87-a488-b81b4cde86bd(uuid6406)
сент. 16, 2025 8:21:57 PM webapp.storage.AbstractStorage save
INFO: &amp#27;[32mSave 0b2382c3-294a-4412-b7b9-0f4005f439e8(uuid6407)
сент. 16, 2025 8:21:57 PM webapp.storage.AbstractStorage save
INFO: &amp#27;[32mSave 6627e2a0-4539-47bc-bbcb-fa792ad4d2a4(uuid6408)
сент. 16, 2025 8:21:57 PM webapp.storage.AbstractStorage save
INFO: &amp#27;[32mSave e6e9d71b-a9ab-4fab-8d02-ed50b918af7e(uuid6409)
сент. 16, 2025 8:21:57 PM webapp.storage.AbstractStorage save
INFO: &amp#27;[32mSave 77d40bb9-5762-48d8-a5c7-b5266a3fc9b5(uuid6410)
сент. 16, 2025 8:21:57 PM webapp.storage.AbstractStorage save
INFO: &amp#27;[32mSave 76f86264-707c-4568-9b2f-1e1a859a1793(uuid6411)
сент. 16, 2025 8:21:57 PM webapp.storage.AbstractStorage save
INFO: &amp#27;[32mSave db5be68d-5941-46c2-b89b-4784050f19b6(uuid6412)
сент. 16, 2025 8:21:57 PM webapp.storage.AbstractStorage save
INFO: &amp#27;[32mSave 00977455-29a6-4946-aa7d-9c49e6af92c4(uuid6413)
сент. 16, 2025 8:21:57 PM webapp.storage.AbstractStorage save
INFO: &amp#27;[32mSave 56546aa2-43e9-4c27-acf2-1b46f50c2c51(uuid6414)
сент. 16, 2025 8:21:57 PM webapp.storage.AbstractStorage save
INFO: &amp#27;[32mSave 527851da-469d-44b4-a695-23cab4006e7a(uuid6415)
сент. 16, 2025 8:21:57 PM webapp.storage.AbstractStorage save
INFO: &amp#27;[32mSave 68511c4a-f679-403d-a95a-b0b7f2cdb871(uuid6416)
сент. 16, 2025 8:21:57 PM webapp.storage.AbstractStorage save
INFO: &amp#27;[32mSave 9df487ee-d958-43f6-a0a3-48d32a46f41f(uuid6417)
сент. 16, 2025 8:21:57 PM webapp.storage.AbstractStorage save
INFO: &amp#27;[32mSave 91bc53b4-c806-4aea-b2f2-1fb358787fdc(uuid6418)
сент. 16, 2025 8:21:57 PM webapp.storage.AbstractStorage save
INFO: &amp#27;[32mSave 1f5f4fe5-a64e-489d-a95a-dbdda0e44f65(uuid6419)
сент. 16, 2025 8:21:57 PM webapp.storage.AbstractStorage save
INFO: &amp#27;[32mSave d3d55eec-75e1-4a8f-9373-6f829b3fe70e(uuid6420)
сент. 16, 2025 8:21:57 PM webapp.storage.AbstractStorage save
INFO: &amp#27;[32mSave 4ab87157-a855-4580-8293-9c6102242fd9(uuid6421)
сент. 16, 2025 8:21:57 PM webapp.storage.AbstractStorage save
INFO: &amp#27;[32mSave 948efe48-763b-4bfa-bba1-2584818ed08f(uuid6422)
сент. 16, 2025 8:21:57 PM webapp.storage.AbstractStorage save
INFO: &amp#27;[32mSave e37af134-63aa-4d7a-9078-e10667c59aa8(uuid6423)
сент. 16, 2025 8:21:57 PM webapp.storage.AbstractStorage save
INFO: &amp#27;[32mSave 3043d12a-e7a1-4bd8-ab3c-f35e1454b593(uuid6424)
сент. 16, 2025 8:21:57 PM webapp.storage.AbstractStorage save
INFO: &amp#27;[32mSave a258d9de-2202-4e45-9923-6f946b7b7b71(uuid6425)
сент. 16, 2025 8:21:57 PM webapp.storage.AbstractStorage save
INFO: &amp#27;[32mSave 120aba50-8e26-4dd2-a048-42695d71dd3e(uuid6426)
сент. 16, 2025 8:21:57 PM webapp.storage.AbstractStorage save
INFO: &amp#27;[32mSave 48ab8218-090f-4de4-a61a-94f573b02f55(uuid6427)
сент. 16, 2025 8:21:57 PM webapp.storage.AbstractStorage save
INFO: &amp#27;[32mSave 2e4ded1e-82a6-4766-abf2-c5f865eea2db(uuid6428)
сент. 16, 2025 8:21:57 PM webapp.storage.AbstractStorage save
INFO: &amp#27;[32mSave b0db1a57-430b-423e-b35a-67e5abeaa7d7(uuid6429)
сент. 16, 2025 8:21:57 PM webapp.storage.AbstractStorage save
INFO: &amp#27;[32mSave 9d39b4cc-ad48-4a30-8f65-7a9819a2d499(uuid6430)
сент. 16, 2025 8:21:57 PM webapp.storage.AbstractStorage save
INFO: &amp#27;[32mSave 6673380d-da38-48fb-a237-32feb3b1307e(uuid6431)
сент. 16, 2025 8:21:57 PM webapp.storage.AbstractStorage save
INFO: &amp#27;[32mSave e4a23d77-622e-416b-a2f2-4820c221d1bb(uuid6432)
сент. 16, 2025 8:21:57 PM webapp.storage.AbstractStorage save
INFO: &amp#27;[32mSave 8417caa1-db7d-4765-9b86-136d3bf3d99a(uuid6433)
сент. 16, 2025 8:21:57 PM webapp.storage.AbstractStorage save
INFO: &amp#27;[32mSave 2415f7e2-2b29-4698-9eae-89d9b44b1e3e(uuid6434)
сент. 16, 2025 8:21:57 PM webapp.storage.AbstractStorage save
INFO: &amp#27;[32mSave 43763ff2-dce4-4216-89ff-117e35d30139(uuid6435)
сент. 16, 2025 8:21:57 PM webapp.storage.AbstractStorage save
INFO: &amp#27;[32mSave 8e0859c1-fa7b-4c9e-9303-673c6631eaa9(uuid6436)
сент. 16, 2025 8:21:57 PM webapp.storage.AbstractStorage save
INFO: &amp#27;[32mSave 6a3e153d-9ebc-4d8d-9721-2981395d1c8d(uuid6437)
сент. 16, 2025 8:21:57 PM webapp.storage.AbstractStorage save
INFO: &amp#27;[32mSave 14a71e62-242e-4bfe-b525-ea0fc0f33bb0(uuid6438)
сент. 16, 2025 8:21:57 PM webapp.storage.AbstractStorage save
INFO: &amp#27;[32mSave 9a2f257f-50da-43fd-b1ed-19d661bfa055(uuid6439)
сент. 16, 2025 8:21:57 PM webapp.storage.AbstractStorage save
INFO: &amp#27;[32mSave 32c2b43e-ae49-4925-b5cf-cdd02c1525ef(uuid6440)
сент. 16, 2025 8:21:57 PM webapp.storage.AbstractStorage save
INFO: &amp#27;[32mSave 05be550a-d22d-4e0d-a390-7fc19643a8a6(uuid6441)
сент. 16, 2025 8:21:57 PM webapp.storage.AbstractStorage save
INFO: &amp#27;[32mSave 68a3928b-03fe-4481-8409-73d624acb1db(uuid6442)
сент. 16, 2025 8:21:57 PM webapp.storage.AbstractStorage save
INFO: &amp#27;[32mSave b2ed2a38-5c23-4469-a214-ef3ad2846136(uuid6443)
сент. 16, 2025 8:21:57 PM webapp.storage.AbstractStorage save
INFO: &amp#27;[32mSave 66842cfe-345a-45ae-b82f-8eae4cddfca0(uuid6444)
сент. 16, 2025 8:21:57 PM webapp.storage.AbstractStorage save
INFO: &amp#27;[32mSave f6f39246-6358-49ed-9176-452e0ab5a76c(uuid6445)
сент. 16, 2025 8:21:57 PM webapp.storage.AbstractStorage save
INFO: &amp#27;[32mSave 29be6a56-e519-4f5d-a62e-efd6eb735080(uuid6446)
сент. 16, 2025 8:21:57 PM webapp.storage.AbstractStorage save
INFO: &amp#27;[32mSave 8ea8a6eb-eedd-4b32-8c85-925694e801cb(uuid6447)
сент. 16, 2025 8:21:57 PM webapp.storage.AbstractStorage save
INFO: &amp#27;[32mSave 202096da-f9c3-444a-b3ab-ea2c61eb1507(uuid6448)
сент. 16, 2025 8:21:57 PM webapp.storage.AbstractStorage save
INFO: &amp#27;[32mSave ed2fa620-19c2-4698-9922-8ff68c7b2f79(uuid6449)
сент. 16, 2025 8:21:57 PM webapp.storage.AbstractStorage save
INFO: &amp#27;[32mSave 32df3d72-9262-4c68-b95d-3589a755eb13(uuid6450)
сент. 16, 2025 8:21:57 PM webapp.storage.AbstractStorage save
INFO: &amp#27;[32mSave 68035acb-3578-4630-9e2e-4f3721278535(uuid6451)
сент. 16, 2025 8:21:57 PM webapp.storage.AbstractStorage save
INFO: &amp#27;[32mSave e1de0cf7-eceb-41e7-88f2-83cfd7ee405a(uuid6452)
сент. 16, 2025 8:21:57 PM webapp.storage.AbstractStorage save
INFO: &amp#27;[32mSave 1cb69b60-190d-4d9b-acd9-7a6be1a1f6ca(uuid6453)
сент. 16, 2025 8:21:57 PM webapp.storage.AbstractStorage save
INFO: &amp#27;[32mSave 787d0c61-ac7d-49d3-8c94-b7548b369049(uuid6454)
сент. 16, 2025 8:21:57 PM webapp.storage.AbstractStorage save
INFO: &amp#27;[32mSave 6f16cbef-6c73-4d39-9837-7991ced52885(uuid6455)
сент. 16, 2025 8:21:57 PM webapp.storage.AbstractStorage save
INFO: &amp#27;[32mSave 281e50a4-b3a5-4444-9aa9-f23e150a1341(uuid6456)
сент. 16, 2025 8:21:57 PM webapp.storage.AbstractStorage save
INFO: &amp#27;[32mSave c036f1a1-3a9b-4cda-a025-dd64690e2d29(uuid6457)
сент. 16, 2025 8:21:57 PM webapp.storage.AbstractStorage save
INFO: &amp#27;[32mSave 828291cd-6b80-4e0d-abb7-7b291ba0915a(uuid6458)
сент. 16, 2025 8:21:57 PM webapp.storage.AbstractStorage save
INFO: &amp#27;[32mSave 8b91f9b2-57c4-4a33-9996-3aef9b6db837(uuid6459)
сент. 16, 2025 8:21:57 PM webapp.storage.AbstractStorage save
INFO: &amp#27;[32mSave 9dd0eefc-3527-416c-bae0-f6f1305e9298(uuid6460)
сент. 16, 2025 8:21:57 PM webapp.storage.AbstractStorage save
INFO: &amp#27;[32mSave 647b719c-b7f0-4e31-a25c-2e7fa5ce1f80(uuid6461)
сент. 16, 2025 8:21:57 PM webapp.storage.AbstractStorage save
INFO: &amp#27;[32mSave efef3fff-f8d6-4c88-bf28-5b782c9d3a4c(uuid6462)
сент. 16, 2025 8:21:57 PM webapp.storage.AbstractStorage save
INFO: &amp#27;[32mSave 67ba907f-49e8-494e-b92a-f07223ec68ca(uuid6463)
сент. 16, 2025 8:21:57 PM webapp.storage.AbstractStorage save
INFO: &amp#27;[32mSave cdd11ba2-12aa-440b-bd9e-461a950ef0fc(uuid6464)
сент. 16, 2025 8:21:57 PM webapp.storage.AbstractStorage save
INFO: &amp#27;[32mSave 24ca6b06-f300-44b2-beeb-5dbc8153dd41(uuid6465)
сент. 16, 2025 8:21:57 PM webapp.storage.AbstractStorage save
INFO: &amp#27;[32mSave c4544a18-5ce7-4a01-bf18-aa54e8fdca6c(uuid6466)
сент. 16, 2025 8:21:57 PM webapp.storage.AbstractStorage save
INFO: &amp#27;[32mSave 13656c82-db3a-49fe-9fef-5260c5766d43(uuid6467)
сент. 16, 2025 8:21:57 PM webapp.storage.AbstractStorage save
INFO: &amp#27;[32mSave 9a4b8161-c0bc-4657-a7c5-28615750e591(uuid6468)
сент. 16, 2025 8:21:57 PM webapp.storage.AbstractStorage save
INFO: &amp#27;[32mSave 3c86721f-51a2-4af9-86d4-1627b1d6c098(uuid6469)
сент. 16, 2025 8:21:57 PM webapp.storage.AbstractStorage save
INFO: &amp#27;[32mSave 776fad74-99f0-48d1-bbcd-670d6b24d4cf(uuid6470)
сент. 16, 2025 8:21:57 PM webapp.storage.AbstractStorage save
INFO: &amp#27;[32mSave 2f365ade-1697-4fc8-ab1c-23b886593363(uuid6471)
сент. 16, 2025 8:21:57 PM webapp.storage.AbstractStorage save
INFO: &amp#27;[32mSave 9099850e-546b-48ec-a2dd-1aac6399a252(uuid6472)
сент. 16, 2025 8:21:57 PM webapp.storage.AbstractStorage save
INFO: &amp#27;[32mSave a6000159-8d4d-47c6-9c33-f5f229bcd2cd(uuid6473)
сент. 16, 2025 8:21:57 PM webapp.storage.AbstractStorage save
INFO: &amp#27;[32mSave 6e178a00-b608-4b83-91da-7a5313447af2(uuid6474)
сент. 16, 2025 8:21:57 PM webapp.storage.AbstractStorage save
INFO: &amp#27;[32mSave 12ab0a2c-6027-4222-b9e2-e8237cb41b34(uuid6475)
сент. 16, 2025 8:21:57 PM webapp.storage.AbstractStorage save
INFO: &amp#27;[32mSave ed8baaca-bdd6-4a91-8b10-53df4076a9ef(uuid6476)
сент. 16, 2025 8:21:57 PM webapp.storage.AbstractStorage save
INFO: &amp#27;[32mSave 5205f1f2-5247-4aff-859e-74c16551c1bd(uuid6477)
сент. 16, 2025 8:21:57 PM webapp.storage.AbstractStorage save
INFO: &amp#27;[32mSave fa5ce1a0-09c3-4298-a8ed-85f0e09b44d9(uuid6478)
сент. 16, 2025 8:21:57 PM webapp.storage.AbstractStorage save
INFO: &amp#27;[32mSave 411fde2c-529a-4621-a41d-aed6b8c94e76(uuid6479)
сент. 16, 2025 8:21:57 PM webapp.storage.AbstractStorage save
INFO: &amp#27;[32mSave 3eda0a8b-37e6-4fc4-861e-e88e6864def5(uuid6480)
сент. 16, 2025 8:21:57 PM webapp.storage.AbstractStorage save
INFO: &amp#27;[32mSave 2f977fd2-fd4e-4b16-9069-36591909fe60(uuid6481)
сент. 16, 2025 8:21:57 PM webapp.storage.AbstractStorage save
INFO: &amp#27;[32mSave 33ed7b6a-4322-4265-b714-fee11c8855e5(uuid6482)
сент. 16, 2025 8:21:57 PM webapp.storage.AbstractStorage save
INFO: &amp#27;[32mSave 83745f5e-a2c4-4d1f-b25e-f1f48d678eb5(uuid6483)
сент. 16, 2025 8:21:57 PM webapp.storage.AbstractStorage save
INFO: &amp#27;[32mSave 2664f2d2-282f-4167-939e-69f42e018b9d(uuid6484)
сент. 16, 2025 8:21:57 PM webapp.storage.AbstractStorage save
INFO: &amp#27;[32mSave 27e1c78c-0e95-4b81-a12f-9d14ec31f0e7(uuid6485)
сент. 16, 2025 8:21:57 PM webapp.storage.AbstractStorage save
INFO: &amp#27;[32mSave cbae5345-05f3-4890-84a9-42501918cc3a(uuid6486)
сент. 16, 2025 8:21:57 PM webapp.storage.AbstractStorage save
INFO: &amp#27;[32mSave 88bfaa61-ff4a-4b17-a317-501a45158899(uuid6487)
сент. 16, 2025 8:21:57 PM webapp.storage.AbstractStorage save
INFO: &amp#27;[32mSave e302ffd7-a3b5-463e-af9d-3a0a4b592612(uuid6488)
сент. 16, 2025 8:21:57 PM webapp.storage.AbstractStorage save
INFO: &amp#27;[32mSave c17f3fa4-724d-4465-b480-df68181921dd(uuid6489)
сент. 16, 2025 8:21:57 PM webapp.storage.AbstractStorage save
INFO: &amp#27;[32mSave 892dc2f2-ab9e-4e06-97dd-6fb6595d8baa(uuid6490)
сент. 16, 2025 8:21:57 PM webapp.storage.AbstractStorage save
INFO: &amp#27;[32mSave 0d255671-8bd6-40fc-bd84-e8f89dbd9810(uuid6491)
сент. 16, 2025 8:21:57 PM webapp.storage.AbstractStorage save
INFO: &amp#27;[32mSave 79f09756-9e55-4788-8ef0-c42f5039cd39(uuid6492)
сент. 16, 2025 8:21:57 PM webapp.storage.AbstractStorage save
INFO: &amp#27;[32mSave 7a4e0b7c-32f4-4ac0-ba2f-0ef89b3c5211(uuid6493)
сент. 16, 2025 8:21:57 PM webapp.storage.AbstractStorage save
INFO: &amp#27;[32mSave 96899121-3d35-4102-ae92-5400ee9f9bbf(uuid6494)
сент. 16, 2025 8:21:57 PM webapp.storage.AbstractStorage save
INFO: &amp#27;[32mSave bb66c366-8dc1-48de-8ea0-bb238d8b5503(uuid6495)
сент. 16, 2025 8:21:57 PM webapp.storage.AbstractStorage save
INFO: &amp#27;[32mSave 5be26661-318b-4abf-bcd0-8dc42ba2e2c8(uuid6496)
сент. 16, 2025 8:21:57 PM webapp.storage.AbstractStorage save
INFO: &amp#27;[32mSave 11365b19-d5e3-4159-9f34-2e2b3dedbac8(uuid6497)
сент. 16, 2025 8:21:57 PM webapp.storage.AbstractStorage save
INFO: &amp#27;[32mSave 610106c0-8321-4861-8399-9c736b63c102(uuid6498)
сент. 16, 2025 8:21:57 PM webapp.storage.AbstractStorage save
INFO: &amp#27;[32mSave d62b9a64-818b-4168-be3f-e783574b82ef(uuid6499)
сент. 16, 2025 8:21:57 PM webapp.storage.AbstractStorage save
INFO: &amp#27;[32mSave 19d1fd79-24c3-4ca2-b3b6-1a2c4f4216bd(uuid6500)
сент. 16, 2025 8:21:57 PM webapp.storage.AbstractStorage save
INFO: &amp#27;[32mSave dde7320f-7178-4e94-88c6-4500d677de73(uuid6501)
сент. 16, 2025 8:21:57 PM webapp.storage.AbstractStorage save
INFO: &amp#27;[32mSave edacdd63-9f78-4f4f-a081-8374bbae83d1(uuid6502)
сент. 16, 2025 8:21:57 PM webapp.storage.AbstractStorage save
INFO: &amp#27;[32mSave eb6e6b83-5c71-41d6-8f6d-34593e7fa540(uuid6503)
сент. 16, 2025 8:21:57 PM webapp.storage.AbstractStorage save
INFO: &amp#27;[32mSave 4c42d2f9-5080-47ad-8107-2a7d9dafed96(uuid6504)
сент. 16, 2025 8:21:57 PM webapp.storage.AbstractStorage save
INFO: &amp#27;[32mSave 96b5689b-46f6-4ce0-a98d-4373a86d63ea(uuid6505)
сент. 16, 2025 8:21:57 PM webapp.storage.AbstractStorage save
INFO: &amp#27;[32mSave c51bfc0e-3d76-4595-b3b6-133114958161(uuid6506)
сент. 16, 2025 8:21:57 PM webapp.storage.AbstractStorage save
INFO: &amp#27;[32mSave 2ef57eee-7000-4549-804a-b43526547e84(uuid6507)
сент. 16, 2025 8:21:57 PM webapp.storage.AbstractStorage save
INFO: &amp#27;[32mSave 56cc55e8-62d6-48a3-8836-cbf7c03e80fe(uuid6508)
сент. 16, 2025 8:21:57 PM webapp.storage.AbstractStorage save
INFO: &amp#27;[32mSave 62a8e34a-a7e1-4ebd-8055-8c3741ff7167(uuid6509)
сент. 16, 2025 8:21:57 PM webapp.storage.AbstractStorage save
INFO: &amp#27;[32mSave d8bec54e-562c-4276-ad14-3f1c9a236792(uuid6510)
сент. 16, 2025 8:21:57 PM webapp.storage.AbstractStorage save
INFO: &amp#27;[32mSave b353354d-6894-42d6-bf7c-170ed8fdd956(uuid6511)
сент. 16, 2025 8:21:57 PM webapp.storage.AbstractStorage save
INFO: &amp#27;[32mSave 6c0678ab-85d9-4495-b4fd-96aeb45d14a5(uuid6512)
сент. 16, 2025 8:21:57 PM webapp.storage.AbstractStorage save
INFO: &amp#27;[32mSave 784d3ed7-6335-40fd-a00a-37176b8d1872(uuid6513)
сент. 16, 2025 8:21:57 PM webapp.storage.AbstractStorage save
INFO: &amp#27;[32mSave 72c1ed7c-55ad-4c56-8ab1-fc02f365e14f(uuid6514)
сент. 16, 2025 8:21:57 PM webapp.storage.AbstractStorage save
INFO: &amp#27;[32mSave 7b3f64f7-8ba5-46a0-8d07-04f4b9f86f48(uuid6515)
сент. 16, 2025 8:21:57 PM webapp.storage.AbstractStorage save
INFO: &amp#27;[32mSave 1d8e7b9a-177f-4b13-aff6-52169fd2b7ac(uuid6516)
сент. 16, 2025 8:21:57 PM webapp.storage.AbstractStorage save
INFO: &amp#27;[32mSave 36083f6b-7e47-4d35-a0a8-209aee9659ff(uuid6517)
сент. 16, 2025 8:21:57 PM webapp.storage.AbstractStorage save
INFO: &amp#27;[32mSave 9b82efe9-0b51-4a01-b993-e790be282f66(uuid6518)
сент. 16, 2025 8:21:57 PM webapp.storage.AbstractStorage save
INFO: &amp#27;[32mSave 64050dc5-c582-4206-929a-acdf72a5d742(uuid6519)
сент. 16, 2025 8:21:57 PM webapp.storage.AbstractStorage save
INFO: &amp#27;[32mSave 170ee624-f04f-401a-bb3f-f475e5f05a4a(uuid6520)
сент. 16, 2025 8:21:57 PM webapp.storage.AbstractStorage save
INFO: &amp#27;[32mSave 03b4954a-bdc1-4f78-ae33-b9fbe26d1dfb(uuid6521)
сент. 16, 2025 8:21:57 PM webapp.storage.AbstractStorage save
INFO: &amp#27;[32mSave 6fa4cfc0-faea-47a1-b97c-856b71ac8927(uuid6522)
сент. 16, 2025 8:21:57 PM webapp.storage.AbstractStorage save
INFO: &amp#27;[32mSave cbd341fd-0c8e-443b-afcd-63b557e4dece(uuid6523)
сент. 16, 2025 8:21:57 PM webapp.storage.AbstractStorage save
INFO: &amp#27;[32mSave bfda0a43-77ae-4ff9-8b00-389526b8c731(uuid6524)
сент. 16, 2025 8:21:57 PM webapp.storage.AbstractStorage save
INFO: &amp#27;[32mSave 38869632-9ca1-4acb-8004-308cf7be8104(uuid6525)
сент. 16, 2025 8:21:57 PM webapp.storage.AbstractStorage save
INFO: &amp#27;[32mSave 97cac6ca-faf3-433e-84e8-c5a8e4203013(uuid6526)
сент. 16, 2025 8:21:57 PM webapp.storage.AbstractStorage save
INFO: &amp#27;[32mSave c70191b9-9fe0-48af-941f-f2b9e5b17caf(uuid6527)
сент. 16, 2025 8:21:57 PM webapp.storage.AbstractStorage save
INFO: &amp#27;[32mSave 446e7c65-cdfb-4fbf-a551-56df8f23fa93(uuid6528)
сент. 16, 2025 8:21:57 PM webapp.storage.AbstractStorage save
INFO: &amp#27;[32mSave 14ccca99-314e-4da8-8a89-76594a5d7dd7(uuid6529)
сент. 16, 2025 8:21:57 PM webapp.storage.AbstractStorage save
INFO: &amp#27;[32mSave 55fddedf-9ea0-4574-b29a-7995610353a4(uuid6530)
сент. 16, 2025 8:21:57 PM webapp.storage.AbstractStorage save
INFO: &amp#27;[32mSave 695d5eac-98c2-4a50-bbff-3d6df3fb1350(uuid6531)
сент. 16, 2025 8:21:57 PM webapp.storage.AbstractStorage save
INFO: &amp#27;[32mSave d420555d-eb59-4c27-aa08-ca5c35b77cac(uuid6532)
сент. 16, 2025 8:21:57 PM webapp.storage.AbstractStorage save
INFO: &amp#27;[32mSave f56fcafc-7612-471e-b9ca-b8615dd80564(uuid6533)
сент. 16, 2025 8:21:57 PM webapp.storage.AbstractStorage save
INFO: &amp#27;[32mSave 90f57b45-b33a-42c5-ac7d-115f219f3750(uuid6534)
сент. 16, 2025 8:21:57 PM webapp.storage.AbstractStorage save
INFO: &amp#27;[32mSave 9be2a637-62c3-4787-a22b-39e80bb02f75(uuid6535)
сент. 16, 2025 8:21:57 PM webapp.storage.AbstractStorage save
INFO: &amp#27;[32mSave e0e9a826-e71c-47fc-a4c4-06891b8191bb(uuid6536)
сент. 16, 2025 8:21:57 PM webapp.storage.AbstractStorage save
INFO: &amp#27;[32mSave 5ee60301-9bad-4352-bfb6-eeb3542c2cd3(uuid6537)
сент. 16, 2025 8:21:57 PM webapp.storage.AbstractStorage save
INFO: &amp#27;[32mSave 474c6a21-e853-45f6-87c9-3a2c49f27cbc(uuid6538)
сент. 16, 2025 8:21:57 PM webapp.storage.AbstractStorage save
INFO: &amp#27;[32mSave d65b7532-9196-464e-9662-0b24a54b427b(uuid6539)
сент. 16, 2025 8:21:57 PM webapp.storage.AbstractStorage save
INFO: &amp#27;[32mSave 58d8c27f-3c4f-4d82-84a8-1ab8e7e30f12(uuid6540)
сент. 16, 2025 8:21:57 PM webapp.storage.AbstractStorage save
INFO: &amp#27;[32mSave d4d2c00b-0f8c-4c25-a725-fb5fdf6d250f(uuid6541)
сент. 16, 2025 8:21:57 PM webapp.storage.AbstractStorage save
INFO: &amp#27;[32mSave 45f406c4-796a-4cc7-a778-32c4a04afca8(uuid6542)
сент. 16, 2025 8:21:57 PM webapp.storage.AbstractStorage save
INFO: &amp#27;[32mSave 1a47b417-fe58-47bf-8120-fcb99271d92c(uuid6543)
сент. 16, 2025 8:21:57 PM webapp.storage.AbstractStorage save
INFO: &amp#27;[32mSave 57e43e2a-b26a-4fb8-91d2-573a61c8ecb0(uuid6544)
сент. 16, 2025 8:21:57 PM webapp.storage.AbstractStorage save
INFO: &amp#27;[32mSave ad365850-fb47-454b-900a-e8918fc489c6(uuid6545)
сент. 16, 2025 8:21:57 PM webapp.storage.AbstractStorage save
INFO: &amp#27;[32mSave 15266142-8430-4d4c-8c24-35a23b44e6eb(uuid6546)
сент. 16, 2025 8:21:57 PM webapp.storage.AbstractStorage save
INFO: &amp#27;[32mSave 4cd8c485-d993-4575-9529-3b5074577ffc(uuid6547)
сент. 16, 2025 8:21:57 PM webapp.storage.AbstractStorage save
INFO: &amp#27;[32mSave a5e0e044-2ee3-441c-8a0c-21d381934a7f(uuid6548)
сент. 16, 2025 8:21:57 PM webapp.storage.AbstractStorage save
INFO: &amp#27;[32mSave 239036f5-be91-4c8d-ba6f-1a41d146ce8a(uuid6549)
сент. 16, 2025 8:21:57 PM webapp.storage.AbstractStorage save
INFO: &amp#27;[32mSave 8fb688ad-28f4-4864-b3b6-f7ce39f3857c(uuid6550)
сент. 16, 2025 8:21:57 PM webapp.storage.AbstractStorage save
INFO: &amp#27;[32mSave 682d48b9-389e-42a6-94b4-ea281495cdb2(uuid6551)
сент. 16, 2025 8:21:57 PM webapp.storage.AbstractStorage save
INFO: &amp#27;[32mSave ceedd645-d8d7-4648-b75c-9b9bb0be3bbc(uuid6552)
сент. 16, 2025 8:21:57 PM webapp.storage.AbstractStorage save
INFO: &amp#27;[32mSave 763c5087-bfe9-4d2a-9f4f-1658f094d081(uuid6553)
сент. 16, 2025 8:21:57 PM webapp.storage.AbstractStorage save
INFO: &amp#27;[32mSave 3cf7146a-87ab-418a-be08-fe32d52c3698(uuid6554)
сент. 16, 2025 8:21:57 PM webapp.storage.AbstractStorage save
INFO: &amp#27;[32mSave 71059f9c-38f8-43bb-a905-13da7de4f664(uuid6555)
сент. 16, 2025 8:21:57 PM webapp.storage.AbstractStorage save
INFO: &amp#27;[32mSave 87b1fcb2-5114-4628-ac4f-4d7bb5cd2ca2(uuid6556)
сент. 16, 2025 8:21:57 PM webapp.storage.AbstractStorage save
INFO: &amp#27;[32mSave 4cf4b847-6df0-4b72-99de-0949b2c2d239(uuid6557)
сент. 16, 2025 8:21:57 PM webapp.storage.AbstractStorage save
INFO: &amp#27;[32mSave 4148e40a-6e8e-47c6-9509-095e3d93baf2(uuid6558)
сент. 16, 2025 8:21:57 PM webapp.storage.AbstractStorage save
INFO: &amp#27;[32mSave 3318560f-c847-43e7-8ccf-f940e0d7cd96(uuid6559)
сент. 16, 2025 8:21:57 PM webapp.storage.AbstractStorage save
INFO: &amp#27;[32mSave 91c6e9a1-ec81-4501-8065-93f87ac40807(uuid6560)
сент. 16, 2025 8:21:57 PM webapp.storage.AbstractStorage save
INFO: &amp#27;[32mSave db631421-15a8-4a57-b767-04a4aa125b51(uuid6561)
сент. 16, 2025 8:21:57 PM webapp.storage.AbstractStorage save
INFO: &amp#27;[32mSave 15a6a45b-d011-4e08-84a3-3fee767945b3(uuid6562)
сент. 16, 2025 8:21:57 PM webapp.storage.AbstractStorage save
INFO: &amp#27;[32mSave 3f0ccbf5-dfbb-4f7c-90f3-f22d8be6a99c(uuid6563)
сент. 16, 2025 8:21:57 PM webapp.storage.AbstractStorage save
INFO: &amp#27;[32mSave 9a229d18-403e-4f10-a41e-fc7179c03fdc(uuid6564)
сент. 16, 2025 8:21:57 PM webapp.storage.AbstractStorage save
INFO: &amp#27;[32mSave 5c232b40-866a-4396-9893-78ddd1ae3253(uuid6565)
сент. 16, 2025 8:21:57 PM webapp.storage.AbstractStorage save
INFO: &amp#27;[32mSave 2c2db781-11d2-4eac-bab9-a78a78e94487(uuid6566)
сент. 16, 2025 8:21:57 PM webapp.storage.AbstractStorage save
INFO: &amp#27;[32mSave 78ca6df6-3c95-4ae6-b901-1acb2a8df7dc(uuid6567)
сент. 16, 2025 8:21:57 PM webapp.storage.AbstractStorage save
INFO: &amp#27;[32mSave f22b0832-7b91-4aa9-8a12-bd1f5499caf0(uuid6568)
сент. 16, 2025 8:21:57 PM webapp.storage.AbstractStorage save
INFO: &amp#27;[32mSave 27bf8976-fbe4-4fa3-8d3b-f2efbcc1df87(uuid6569)
сент. 16, 2025 8:21:57 PM webapp.storage.AbstractStorage save
INFO: &amp#27;[32mSave 18355d95-a37f-40e1-ae11-764a0e1af11a(uuid6570)
сент. 16, 2025 8:21:57 PM webapp.storage.AbstractStorage save
INFO: &amp#27;[32mSave 51d6d280-623c-4b37-8d72-e1e9ed0c4789(uuid6571)
сент. 16, 2025 8:21:57 PM webapp.storage.AbstractStorage save
INFO: &amp#27;[32mSave eaad6e51-d150-470a-8058-5e52ac2745d3(uuid6572)
сент. 16, 2025 8:21:57 PM webapp.storage.AbstractStorage save
INFO: &amp#27;[32mSave 3bf7614a-7db0-42d7-a70a-e5e9f273f3c3(uuid6573)
сент. 16, 2025 8:21:57 PM webapp.storage.AbstractStorage save
INFO: &amp#27;[32mSave abf0ef26-011a-45ea-816a-399802208dfb(uuid6574)
сент. 16, 2025 8:21:57 PM webapp.storage.AbstractStorage save
INFO: &amp#27;[32mSave 210fe0cb-69c0-46f0-913c-8a5d0084a3dc(uuid6575)
сент. 16, 2025 8:21:57 PM webapp.storage.AbstractStorage save
INFO: &amp#27;[32mSave b877c243-edab-4d50-8f7e-779283ea8973(uuid6576)
сент. 16, 2025 8:21:57 PM webapp.storage.AbstractStorage save
INFO: &amp#27;[32mSave 80a96464-551d-4643-ba3f-ed1b3013b388(uuid6577)
сент. 16, 2025 8:21:57 PM webapp.storage.AbstractStorage save
INFO: &amp#27;[32mSave d7d9cb2c-b991-4fd6-b98c-cbb675af7d5d(uuid6578)
сент. 16, 2025 8:21:57 PM webapp.storage.AbstractStorage save
INFO: &amp#27;[32mSave 2bc5ee6a-d87d-4ab1-91bb-5d0253551174(uuid6579)
сент. 16, 2025 8:21:57 PM webapp.storage.AbstractStorage save
INFO: &amp#27;[32mSave 7cf1958a-b8be-46e2-a200-1e42a386c349(uuid6580)
сент. 16, 2025 8:21:57 PM webapp.storage.AbstractStorage save
INFO: &amp#27;[32mSave 028bffdc-3ba1-4b0c-91b6-138da14b1ae1(uuid6581)
сент. 16, 2025 8:21:57 PM webapp.storage.AbstractStorage save
INFO: &amp#27;[32mSave 422c4987-78d5-42f9-bfe2-ef6fdf5155db(uuid6582)
сент. 16, 2025 8:21:57 PM webapp.storage.AbstractStorage save
INFO: &amp#27;[32mSave df793192-65a4-4494-b160-0b3af8ddcdde(uuid6583)
сент. 16, 2025 8:21:57 PM webapp.storage.AbstractStorage save
INFO: &amp#27;[32mSave 851e5ed0-1f58-4545-8e46-67b58d2bc1fd(uuid6584)
сент. 16, 2025 8:21:57 PM webapp.storage.AbstractStorage save
INFO: &amp#27;[32mSave f36c08a0-e236-4f36-ab8e-49df0dbbb4d3(uuid6585)
сент. 16, 2025 8:21:57 PM webapp.storage.AbstractStorage save
INFO: &amp#27;[32mSave d9b6f251-c825-40cb-ba8d-0a69f51b6516(uuid6586)
сент. 16, 2025 8:21:57 PM webapp.storage.AbstractStorage save
INFO: &amp#27;[32mSave fe7ac367-74bf-40aa-b1f9-bd2855e86cbc(uuid6587)
сент. 16, 2025 8:21:57 PM webapp.storage.AbstractStorage save
INFO: &amp#27;[32mSave 4d4b8bdc-0ba1-46eb-b6e3-94ad8fe44371(uuid6588)
сент. 16, 2025 8:21:57 PM webapp.storage.AbstractStorage save
INFO: &amp#27;[32mSave f4405163-2c2d-4ea2-b362-161e29420427(uuid6589)
сент. 16, 2025 8:21:57 PM webapp.storage.AbstractStorage save
INFO: &amp#27;[32mSave 586d4341-f644-4c6f-b756-f71d2e255258(uuid6590)
сент. 16, 2025 8:21:57 PM webapp.storage.AbstractStorage save
INFO: &amp#27;[32mSave f15afb28-0995-4acb-ab2d-f6dcbff6716e(uuid6591)
сент. 16, 2025 8:21:57 PM webapp.storage.AbstractStorage save
INFO: &amp#27;[32mSave 95a964b5-66b3-4c3c-9458-4ca8ff4a6512(uuid6592)
сент. 16, 2025 8:21:57 PM webapp.storage.AbstractStorage save
INFO: &amp#27;[32mSave 9ee7378c-a9e6-4127-a10b-385ea0df2b1b(uuid6593)
сент. 16, 2025 8:21:57 PM webapp.storage.AbstractStorage save
INFO: &amp#27;[32mSave f9fa14bc-8522-4904-8a03-df72b4a92c1b(uuid6594)
сент. 16, 2025 8:21:57 PM webapp.storage.AbstractStorage save
INFO: &amp#27;[32mSave 674f59de-7012-403a-9ab1-949c061c374b(uuid6595)
сент. 16, 2025 8:21:57 PM webapp.storage.AbstractStorage save
INFO: &amp#27;[32mSave 842f4417-8ec7-4343-a9b2-d792513e891c(uuid6596)
сент. 16, 2025 8:21:57 PM webapp.storage.AbstractStorage save
INFO: &amp#27;[32mSave 02767a2a-de9f-43b3-a1a4-0950c215472e(uuid6597)
сент. 16, 2025 8:21:57 PM webapp.storage.AbstractStorage save
INFO: &amp#27;[32mSave cab32eca-7215-4883-95ed-2bf24f9dde74(uuid6598)
сент. 16, 2025 8:21:57 PM webapp.storage.AbstractStorage save
INFO: &amp#27;[32mSave e6f5d6cc-6697-4890-9281-e60ed32a4313(uuid6599)
сент. 16, 2025 8:21:57 PM webapp.storage.AbstractStorage save
INFO: &amp#27;[32mSave 07c42396-9a7e-43e4-8a30-a7583b59d9b5(uuid6600)
сент. 16, 2025 8:21:57 PM webapp.storage.AbstractStorage save
INFO: &amp#27;[32mSave e17da8ed-bbf8-4b0a-b10c-0b454d6bd32c(uuid6601)
сент. 16, 2025 8:21:57 PM webapp.storage.AbstractStorage save
INFO: &amp#27;[32mSave 918a0c50-5972-44cf-a5ea-d15d785f41c1(uuid6602)
сент. 16, 2025 8:21:57 PM webapp.storage.AbstractStorage save
INFO: &amp#27;[32mSave fe4581de-dd0a-40aa-a17f-2a5c593dd9c0(uuid6603)
сент. 16, 2025 8:21:57 PM webapp.storage.AbstractStorage save
INFO: &amp#27;[32mSave d82a1c38-5517-4a27-a228-bb6133ec8e26(uuid6604)
сент. 16, 2025 8:21:57 PM webapp.storage.AbstractStorage save
INFO: &amp#27;[32mSave 2426728e-cacf-4d62-a505-5c4caa6d62f0(uuid6605)
сент. 16, 2025 8:21:57 PM webapp.storage.AbstractStorage save
INFO: &amp#27;[32mSave 98c06e8c-5108-4668-881e-4bb8830ffe7e(uuid6606)
сент. 16, 2025 8:21:57 PM webapp.storage.AbstractStorage save
INFO: &amp#27;[32mSave 575342cd-ead3-4e83-855e-833825ff15eb(uuid6607)
сент. 16, 2025 8:21:57 PM webapp.storage.AbstractStorage save
INFO: &amp#27;[32mSave 69d0bdc4-d700-436b-8733-9d4f964d223a(uuid6608)
сент. 16, 2025 8:21:57 PM webapp.storage.AbstractStorage save
INFO: &amp#27;[32mSave bf4c792a-c5a0-4a6f-9f13-cba9bdae0815(uuid6609)
сент. 16, 2025 8:21:57 PM webapp.storage.AbstractStorage save
INFO: &amp#27;[32mSave c2aec587-8390-460a-959c-c7e5c5277066(uuid6610)
сент. 16, 2025 8:21:57 PM webapp.storage.AbstractStorage save
INFO: &amp#27;[32mSave d3371a79-fefe-4dcb-b9e4-ca851fff40bf(uuid6611)
сент. 16, 2025 8:21:57 PM webapp.storage.AbstractStorage save
INFO: &amp#27;[32mSave 1535a834-15a5-40f1-8214-b24ce4fd8b5b(uuid6612)
сент. 16, 2025 8:21:57 PM webapp.storage.AbstractStorage save
INFO: &amp#27;[32mSave 44b3f60d-fadf-4d5a-975e-22d85cbff625(uuid6613)
сент. 16, 2025 8:21:57 PM webapp.storage.AbstractStorage save
INFO: &amp#27;[32mSave 05ec0a51-9fa2-4fbd-9464-4aab80ab1010(uuid6614)
сент. 16, 2025 8:21:57 PM webapp.storage.AbstractStorage save
INFO: &amp#27;[32mSave f267bd20-eb61-40ff-a9a0-79f1593ef1b0(uuid6615)
сент. 16, 2025 8:21:57 PM webapp.storage.AbstractStorage save
INFO: &amp#27;[32mSave 4f4e1bdc-3f8e-48b5-8525-e2882598318b(uuid6616)
сент. 16, 2025 8:21:57 PM webapp.storage.AbstractStorage save
INFO: &amp#27;[32mSave 742bdb22-46e3-432b-9696-1d712730335c(uuid6617)
сент. 16, 2025 8:21:57 PM webapp.storage.AbstractStorage save
INFO: &amp#27;[32mSave ba418a39-1c4e-4b0f-b4f0-8ae3d765484d(uuid6618)
сент. 16, 2025 8:21:57 PM webapp.storage.AbstractStorage save
INFO: &amp#27;[32mSave 29d90099-3a13-41e9-8a58-97f14f9f097e(uuid6619)
сент. 16, 2025 8:21:57 PM webapp.storage.AbstractStorage save
INFO: &amp#27;[32mSave 4f817dbe-a7a0-4e37-a4b8-8f704c69bdc0(uuid6620)
сент. 16, 2025 8:21:57 PM webapp.storage.AbstractStorage save
INFO: &amp#27;[32mSave 7a0a7744-b95b-4816-9232-f6d0f9ce86e1(uuid6621)
сент. 16, 2025 8:21:57 PM webapp.storage.AbstractStorage save
INFO: &amp#27;[32mSave 5dd2fac4-92f6-41da-8801-81caa787c7e6(uuid6622)
сент. 16, 2025 8:21:57 PM webapp.storage.AbstractStorage save
INFO: &amp#27;[32mSave a83cde9c-e0d3-423d-a727-f90d78f2b72e(uuid6623)
сент. 16, 2025 8:21:57 PM webapp.storage.AbstractStorage save
INFO: &amp#27;[32mSave 5987eacc-13a8-4bef-ab39-243b26a16240(uuid6624)
сент. 16, 2025 8:21:57 PM webapp.storage.AbstractStorage save
INFO: &amp#27;[32mSave 25c9b4ac-2729-41a3-a714-95e45c5c43b2(uuid6625)
сент. 16, 2025 8:21:57 PM webapp.storage.AbstractStorage save
INFO: &amp#27;[32mSave 866c061b-dea1-4cde-8875-157f77407ddc(uuid6626)
сент. 16, 2025 8:21:57 PM webapp.storage.AbstractStorage save
INFO: &amp#27;[32mSave 071e8fa5-ff02-44be-9bcf-e4bcf602482a(uuid6627)
сент. 16, 2025 8:21:57 PM webapp.storage.AbstractStorage save
INFO: &amp#27;[32mSave 66b7a14d-acf3-4108-989b-20d57033d879(uuid6628)
сент. 16, 2025 8:21:57 PM webapp.storage.AbstractStorage save
INFO: &amp#27;[32mSave 67542206-bf57-43de-80e7-0c6e6ae8f7cc(uuid6629)
сент. 16, 2025 8:21:57 PM webapp.storage.AbstractStorage save
INFO: &amp#27;[32mSave 796acc0f-e4ab-46e9-b24e-4ebf6ff6e723(uuid6630)
сент. 16, 2025 8:21:57 PM webapp.storage.AbstractStorage save
INFO: &amp#27;[32mSave 6ef7f204-36f3-486f-a91c-86bfa2172da0(uuid6631)
сент. 16, 2025 8:21:57 PM webapp.storage.AbstractStorage save
INFO: &amp#27;[32mSave 2ee7de8e-c974-4fdc-a02f-f2bfcf911536(uuid6632)
сент. 16, 2025 8:21:57 PM webapp.storage.AbstractStorage save
INFO: &amp#27;[32mSave 92157563-e45e-4987-a09f-c5e95f640d6e(uuid6633)
сент. 16, 2025 8:21:57 PM webapp.storage.AbstractStorage save
INFO: &amp#27;[32mSave bd838323-919f-4b3a-b245-9a22c2489c93(uuid6634)
сент. 16, 2025 8:21:57 PM webapp.storage.AbstractStorage save
INFO: &amp#27;[32mSave e0670fa8-fae6-4bad-b214-768561a02dd2(uuid6635)
сент. 16, 2025 8:21:57 PM webapp.storage.AbstractStorage save
INFO: &amp#27;[32mSave d003f0e0-913d-42c0-8b91-ca59e200540b(uuid6636)
сент. 16, 2025 8:21:57 PM webapp.storage.AbstractStorage save
INFO: &amp#27;[32mSave 6064ae16-c082-4a44-9274-eb8ee9d933fc(uuid6637)
сент. 16, 2025 8:21:57 PM webapp.storage.AbstractStorage save
INFO: &amp#27;[32mSave 7af03fb7-5493-423d-9d94-48580fc2bd91(uuid6638)
сент. 16, 2025 8:21:57 PM webapp.storage.AbstractStorage save
INFO: &amp#27;[32mSave b2e05a1e-483d-4b3d-9bdd-52c407398286(uuid6639)
сент. 16, 2025 8:21:57 PM webapp.storage.AbstractStorage save
INFO: &amp#27;[32mSave dfccfefa-9f04-4419-a8a2-41d9566522cf(uuid6640)
сент. 16, 2025 8:21:57 PM webapp.storage.AbstractStorage save
INFO: &amp#27;[32mSave dfe1af34-56ce-4d24-9d68-eaa1c13f6443(uuid6641)
сент. 16, 2025 8:21:57 PM webapp.storage.AbstractStorage save
INFO: &amp#27;[32mSave 3293dd6a-e6e4-49b2-9f84-7b9509a1786c(uuid6642)
сент. 16, 2025 8:21:57 PM webapp.storage.AbstractStorage save
INFO: &amp#27;[32mSave 869656ba-00e3-4ee3-9ee0-7a054f495b66(uuid6643)
сент. 16, 2025 8:21:57 PM webapp.storage.AbstractStorage save
INFO: &amp#27;[32mSave ff388a6c-5938-46ba-9612-2666a3e2b417(uuid6644)
сент. 16, 2025 8:21:57 PM webapp.storage.AbstractStorage save
INFO: &amp#27;[32mSave 357d1a64-b062-4ead-aeae-ec4330c1d928(uuid6645)
сент. 16, 2025 8:21:57 PM webapp.storage.AbstractStorage save
INFO: &amp#27;[32mSave 7d2362d2-d7a7-4aab-b847-d051393771e7(uuid6646)
сент. 16, 2025 8:21:57 PM webapp.storage.AbstractStorage save
INFO: &amp#27;[32mSave 58c31f19-d4f4-4162-914a-461dfabfabc4(uuid6647)
сент. 16, 2025 8:21:57 PM webapp.storage.AbstractStorage save
INFO: &amp#27;[32mSave 72141179-dd14-4601-8845-5b7e429d77a5(uuid6648)
сент. 16, 2025 8:21:57 PM webapp.storage.AbstractStorage save
INFO: &amp#27;[32mSave ebfe399e-8e80-4ec5-a0ac-67838e24f1e5(uuid6649)
сент. 16, 2025 8:21:57 PM webapp.storage.AbstractStorage save
INFO: &amp#27;[32mSave b842e91e-d393-4685-853f-d9f03732db51(uuid6650)
сент. 16, 2025 8:21:57 PM webapp.storage.AbstractStorage save
INFO: &amp#27;[32mSave 34fa032a-4dc1-47e5-91fe-eb2c18bba4f8(uuid6651)
сент. 16, 2025 8:21:57 PM webapp.storage.AbstractStorage save
INFO: &amp#27;[32mSave 569ee65b-40bf-4eb8-93b6-4b161b7580b2(uuid6652)
сент. 16, 2025 8:21:57 PM webapp.storage.AbstractStorage save
INFO: &amp#27;[32mSave d26db8ed-3c4e-492b-b18f-e46a690eb3e8(uuid6653)
сент. 16, 2025 8:21:57 PM webapp.storage.AbstractStorage save
INFO: &amp#27;[32mSave 24eb703d-5b99-42a1-803a-807388723584(uuid6654)
сент. 16, 2025 8:21:57 PM webapp.storage.AbstractStorage save
INFO: &amp#27;[32mSave 76a027b8-8354-4a2a-9f5d-7896c714c63f(uuid6655)
сент. 16, 2025 8:21:57 PM webapp.storage.AbstractStorage save
INFO: &amp#27;[32mSave f7322de9-90cd-431c-9cc8-21e0c82f1957(uuid6656)
сент. 16, 2025 8:21:57 PM webapp.storage.AbstractStorage save
INFO: &amp#27;[32mSave 1e49b2d3-96a3-4404-adb3-ea44a91d9e3d(uuid6657)
сент. 16, 2025 8:21:57 PM webapp.storage.AbstractStorage save
INFO: &amp#27;[32mSave 7329257f-6bc7-467b-ae28-b37ff3115bbc(uuid6658)
сент. 16, 2025 8:21:57 PM webapp.storage.AbstractStorage save
INFO: &amp#27;[32mSave d8c13d08-7a92-4e23-85b1-74acada89c42(uuid6659)
сент. 16, 2025 8:21:57 PM webapp.storage.AbstractStorage save
INFO: &amp#27;[32mSave 7de31680-adfb-47c1-9d6f-bd2ade12a454(uuid6660)
сент. 16, 2025 8:21:57 PM webapp.storage.AbstractStorage save
INFO: &amp#27;[32mSave eb5fca2a-5366-4952-b415-28cd900623d8(uuid6661)
сент. 16, 2025 8:21:57 PM webapp.storage.AbstractStorage save
INFO: &amp#27;[32mSave ce7885ba-892d-4d3f-94c7-08945c36fc6d(uuid6662)
сент. 16, 2025 8:21:57 PM webapp.storage.AbstractStorage save
INFO: &amp#27;[32mSave 9ee758cb-737f-45fb-9b01-2b8dad7f8bed(uuid6663)
сент. 16, 2025 8:21:57 PM webapp.storage.AbstractStorage save
INFO: &amp#27;[32mSave efe54578-0442-40f8-97be-de56344e07be(uuid6664)
сент. 16, 2025 8:21:57 PM webapp.storage.AbstractStorage save
INFO: &amp#27;[32mSave 5c50c97d-1e86-48b9-a503-089b29c480f3(uuid6665)
сент. 16, 2025 8:21:57 PM webapp.storage.AbstractStorage save
INFO: &amp#27;[32mSave ceadc652-d2a6-434c-921e-762b0121b9da(uuid6666)
сент. 16, 2025 8:21:57 PM webapp.storage.AbstractStorage save
INFO: &amp#27;[32mSave 32e1dc78-5d3e-4b47-8e8e-21d2eec50749(uuid6667)
сент. 16, 2025 8:21:57 PM webapp.storage.AbstractStorage save
INFO: &amp#27;[32mSave 22390645-92e3-48bf-a787-4655ad8ac2d6(uuid6668)
сент. 16, 2025 8:21:57 PM webapp.storage.AbstractStorage save
INFO: &amp#27;[32mSave 3a426d5a-791c-4f5b-807d-559b6dc972bc(uuid6669)
сент. 16, 2025 8:21:57 PM webapp.storage.AbstractStorage save
INFO: &amp#27;[32mSave 7f0aa3c6-83e4-49b5-9422-21e1f8d72e37(uuid6670)
сент. 16, 2025 8:21:57 PM webapp.storage.AbstractStorage save
INFO: &amp#27;[32mSave b7bb1f13-5848-4f49-a0e4-02e1bb0b667d(uuid6671)
сент. 16, 2025 8:21:57 PM webapp.storage.AbstractStorage save
INFO: &amp#27;[32mSave 1507dab5-e180-4224-a397-f966f5cac4e7(uuid6672)
сент. 16, 2025 8:21:57 PM webapp.storage.AbstractStorage save
INFO: &amp#27;[32mSave ab0a12e0-0575-48d0-9f98-b55e822d51c7(uuid6673)
сент. 16, 2025 8:21:57 PM webapp.storage.AbstractStorage save
INFO: &amp#27;[32mSave f31ed86d-8d4a-41c9-a2c5-36ec4463b4b7(uuid6674)
сент. 16, 2025 8:21:57 PM webapp.storage.AbstractStorage save
INFO: &amp#27;[32mSave 25f208de-a9df-4bc1-b699-5b79099071a5(uuid6675)
сент. 16, 2025 8:21:57 PM webapp.storage.AbstractStorage save
INFO: &amp#27;[32mSave c9da5614-fa60-4864-b00d-894425ad7d53(uuid6676)
сент. 16, 2025 8:21:57 PM webapp.storage.AbstractStorage save
INFO: &amp#27;[32mSave f0befbaf-d6bc-4f1a-bbde-e45415196e22(uuid6677)
сент. 16, 2025 8:21:57 PM webapp.storage.AbstractStorage save
INFO: &amp#27;[32mSave 205c1e9e-a8fd-4b9e-9af2-cf1c6b4dd9d2(uuid6678)
сент. 16, 2025 8:21:57 PM webapp.storage.AbstractStorage save
INFO: &amp#27;[32mSave 802d31b7-03c2-4229-8119-bdedcc50856b(uuid6679)
сент. 16, 2025 8:21:57 PM webapp.storage.AbstractStorage save
INFO: &amp#27;[32mSave 8542678d-dac1-41b3-b255-60585c5a92c3(uuid6680)
сент. 16, 2025 8:21:57 PM webapp.storage.AbstractStorage save
INFO: &amp#27;[32mSave 624e0247-865c-4bb7-9cf2-01f36e0be1c6(uuid6681)
сент. 16, 2025 8:21:57 PM webapp.storage.AbstractStorage save
INFO: &amp#27;[32mSave cdcb22e6-1ea9-4fd1-bed3-6f1d8eea4b22(uuid6682)
сент. 16, 2025 8:21:57 PM webapp.storage.AbstractStorage save
INFO: &amp#27;[32mSave 3edb66ab-1bab-4cba-a3d9-2e8d190c7ec5(uuid6683)
сент. 16, 2025 8:21:57 PM webapp.storage.AbstractStorage save
INFO: &amp#27;[32mSave 55cedee9-b031-432c-9787-e69fbc31a47f(uuid6684)
сент. 16, 2025 8:21:57 PM webapp.storage.AbstractStorage save
INFO: &amp#27;[32mSave a06987bf-e794-430f-9e71-e439db598d4a(uuid6685)
сент. 16, 2025 8:21:57 PM webapp.storage.AbstractStorage save
INFO: &amp#27;[32mSave dca2c677-93b4-4b1e-9f7b-a94fa710d4ca(uuid6686)
сент. 16, 2025 8:21:57 PM webapp.storage.AbstractStorage save
INFO: &amp#27;[32mSave efb6ccf6-6d5c-4df7-bb0a-658b24c0f072(uuid6687)
сент. 16, 2025 8:21:57 PM webapp.storage.AbstractStorage save
INFO: &amp#27;[32mSave 3e1d1be3-a4a2-4d04-a269-8cd5c30175b9(uuid6688)
сент. 16, 2025 8:21:57 PM webapp.storage.AbstractStorage save
INFO: &amp#27;[32mSave 02441506-e7a3-482c-bd49-61e1645f57d3(uuid6689)
сент. 16, 2025 8:21:57 PM webapp.storage.AbstractStorage save
INFO: &amp#27;[32mSave e782289a-06d0-416a-897d-f7a2805d5ef4(uuid6690)
сент. 16, 2025 8:21:57 PM webapp.storage.AbstractStorage save
INFO: &amp#27;[32mSave cbd097f3-2fb7-449a-978a-090b48a68630(uuid6691)
сент. 16, 2025 8:21:57 PM webapp.storage.AbstractStorage save
INFO: &amp#27;[32mSave 149fac6e-d0f9-4307-9d53-5e586de987d2(uuid6692)
сент. 16, 2025 8:21:57 PM webapp.storage.AbstractStorage save
INFO: &amp#27;[32mSave 4926bac6-5d73-4d5b-a5e5-e6664beafd05(uuid6693)
сент. 16, 2025 8:21:57 PM webapp.storage.AbstractStorage save
INFO: &amp#27;[32mSave 2022243c-f85e-47eb-b706-d10c7d935d0b(uuid6694)
сент. 16, 2025 8:21:57 PM webapp.storage.AbstractStorage save
INFO: &amp#27;[32mSave d50e1035-a6c2-45bc-a1f9-633f8ef6dab9(uuid6695)
сент. 16, 2025 8:21:57 PM webapp.storage.AbstractStorage save
INFO: &amp#27;[32mSave 2da62618-4c92-47e7-b3e8-58931686679b(uuid6696)
сент. 16, 2025 8:21:57 PM webapp.storage.AbstractStorage save
INFO: &amp#27;[32mSave 0553a390-c46b-49b4-a880-066a1c882891(uuid6697)
сент. 16, 2025 8:21:57 PM webapp.storage.AbstractStorage save
INFO: &amp#27;[32mSave 6ea2c487-ef5c-415b-8838-3e9d272c265a(uuid6698)
сент. 16, 2025 8:21:57 PM webapp.storage.AbstractStorage save
INFO: &amp#27;[32mSave d70586cc-b7f7-4b40-a656-84ef90e32767(uuid6699)
сент. 16, 2025 8:21:57 PM webapp.storage.AbstractStorage save
INFO: &amp#27;[32mSave f4ce91e9-2679-4fea-b5eb-4fa33c03e036(uuid6700)
сент. 16, 2025 8:21:57 PM webapp.storage.AbstractStorage save
INFO: &amp#27;[32mSave a40ac575-f6c5-4d73-9274-92678f0a3a06(uuid6701)
сент. 16, 2025 8:21:57 PM webapp.storage.AbstractStorage save
INFO: &amp#27;[32mSave a864664b-8b1e-4c28-acb7-2e326e5c6677(uuid6702)
сент. 16, 2025 8:21:57 PM webapp.storage.AbstractStorage save
INFO: &amp#27;[32mSave 1f50f6fd-bb9f-41f9-8923-168d010c0359(uuid6703)
сент. 16, 2025 8:21:57 PM webapp.storage.AbstractStorage save
INFO: &amp#27;[32mSave 8b50ec87-6646-4f48-9b66-633228374482(uuid6704)
сент. 16, 2025 8:21:57 PM webapp.storage.AbstractStorage save
INFO: &amp#27;[32mSave 3966e877-4e4a-4a0b-8e0b-bb93fccecd69(uuid6705)
сент. 16, 2025 8:21:57 PM webapp.storage.AbstractStorage save
INFO: &amp#27;[32mSave 184324c4-2c2a-4fe0-a516-62df6771d48a(uuid6706)
сент. 16, 2025 8:21:57 PM webapp.storage.AbstractStorage save
INFO: &amp#27;[32mSave f7c91d99-05a2-45e9-863d-803b1135f651(uuid6707)
сент. 16, 2025 8:21:57 PM webapp.storage.AbstractStorage save
INFO: &amp#27;[32mSave 62d95c70-f6d2-4123-95ad-0d53a9a070ea(uuid6708)
сент. 16, 2025 8:21:57 PM webapp.storage.AbstractStorage save
INFO: &amp#27;[32mSave 1108e4c1-631c-455b-b1ef-78da351602a3(uuid6709)
сент. 16, 2025 8:21:57 PM webapp.storage.AbstractStorage save
INFO: &amp#27;[32mSave e45c2cd8-f007-458d-8637-15c126866774(uuid6710)
сент. 16, 2025 8:21:57 PM webapp.storage.AbstractStorage save
INFO: &amp#27;[32mSave d719c05a-dd2d-4550-b45b-a51a9b8de207(uuid6711)
сент. 16, 2025 8:21:57 PM webapp.storage.AbstractStorage save
INFO: &amp#27;[32mSave eeccda4d-3303-4eac-b1e2-69195322ee0d(uuid6712)
сент. 16, 2025 8:21:57 PM webapp.storage.AbstractStorage save
INFO: &amp#27;[32mSave d214b5ee-1fda-48b1-9377-d57e32123e51(uuid6713)
сент. 16, 2025 8:21:57 PM webapp.storage.AbstractStorage save
INFO: &amp#27;[32mSave 473ff96f-d917-4d20-92bc-148dbd81ff7a(uuid6714)
сент. 16, 2025 8:21:57 PM webapp.storage.AbstractStorage save
INFO: &amp#27;[32mSave 4f10c8fb-759a-40e9-b43c-2e7a7cd27c4c(uuid6715)
сент. 16, 2025 8:21:57 PM webapp.storage.AbstractStorage save
INFO: &amp#27;[32mSave 78079b74-1aa5-4f56-9dbd-7bd1b1d0d487(uuid6716)
сент. 16, 2025 8:21:57 PM webapp.storage.AbstractStorage save
INFO: &amp#27;[32mSave 67474104-e5a6-4a9c-b78e-b2fd1c2c9024(uuid6717)
сент. 16, 2025 8:21:57 PM webapp.storage.AbstractStorage save
INFO: &amp#27;[32mSave 189d1fc3-82a0-4ae3-ba50-1399755b8186(uuid6718)
сент. 16, 2025 8:21:57 PM webapp.storage.AbstractStorage save
INFO: &amp#27;[32mSave fc8921a7-87b0-41de-9ec2-703a8bca842c(uuid6719)
сент. 16, 2025 8:21:57 PM webapp.storage.AbstractStorage save
INFO: &amp#27;[32mSave 0521914e-052e-45ee-a400-76f7c0e68872(uuid6720)
сент. 16, 2025 8:21:57 PM webapp.storage.AbstractStorage save
INFO: &amp#27;[32mSave 2c6a5761-df83-4cf3-b004-ea01da21ebe3(uuid6721)
сент. 16, 2025 8:21:57 PM webapp.storage.AbstractStorage save
INFO: &amp#27;[32mSave 5ac194a5-1661-4b1f-ae20-9839f56f3c2a(uuid6722)
сент. 16, 2025 8:21:57 PM webapp.storage.AbstractStorage save
INFO: &amp#27;[32mSave 5d602930-1dbc-427d-b24c-917afd7dd5cf(uuid6723)
сент. 16, 2025 8:21:57 PM webapp.storage.AbstractStorage save
INFO: &amp#27;[32mSave 83889919-3708-435c-b05d-d59964d77b2f(uuid6724)
сент. 16, 2025 8:21:57 PM webapp.storage.AbstractStorage save
INFO: &amp#27;[32mSave b02d5854-7d88-4e88-902a-b46d3d67bf8c(uuid6725)
сент. 16, 2025 8:21:57 PM webapp.storage.AbstractStorage save
INFO: &amp#27;[32mSave df15fb74-7d6d-4f96-b562-4877ae777f72(uuid6726)
сент. 16, 2025 8:21:57 PM webapp.storage.AbstractStorage save
INFO: &amp#27;[32mSave 205121bb-234d-425a-bc8f-b6a8550a73e0(uuid6727)
сент. 16, 2025 8:21:57 PM webapp.storage.AbstractStorage save
INFO: &amp#27;[32mSave 36632b00-d2c8-4502-887d-0e58d5072c28(uuid6728)
сент. 16, 2025 8:21:57 PM webapp.storage.AbstractStorage save
INFO: &amp#27;[32mSave 2e9ca73e-3f01-414f-824a-a44b03a6457a(uuid6729)
сент. 16, 2025 8:21:57 PM webapp.storage.AbstractStorage save
INFO: &amp#27;[32mSave a015aeb8-8196-49b8-9dae-405f792eff2a(uuid6730)
сент. 16, 2025 8:21:57 PM webapp.storage.AbstractStorage save
INFO: &amp#27;[32mSave 638c6a72-1794-41c8-a3c8-c02a9e77bdf1(uuid6731)
сент. 16, 2025 8:21:57 PM webapp.storage.AbstractStorage save
INFO: &amp#27;[32mSave 8481d36f-672d-4ca5-a6df-289a2bdf6fac(uuid6732)
сент. 16, 2025 8:21:57 PM webapp.storage.AbstractStorage save
INFO: &amp#27;[32mSave cef2a92d-d5fa-4b93-89a9-733158b0a457(uuid6733)
сент. 16, 2025 8:21:57 PM webapp.storage.AbstractStorage save
INFO: &amp#27;[32mSave 51face85-3f03-49d5-a16a-940a4eb8ceba(uuid6734)
сент. 16, 2025 8:21:57 PM webapp.storage.AbstractStorage save
INFO: &amp#27;[32mSave cd184ff4-8638-49e2-8a77-b76b846b9c81(uuid6735)
сент. 16, 2025 8:21:57 PM webapp.storage.AbstractStorage save
INFO: &amp#27;[32mSave 5f4a6137-a9e6-4b40-b410-96d54767311a(uuid6736)
сент. 16, 2025 8:21:57 PM webapp.storage.AbstractStorage save
INFO: &amp#27;[32mSave a8b5f045-6cc8-480a-a7ec-edbc4d5cb70a(uuid6737)
сент. 16, 2025 8:21:57 PM webapp.storage.AbstractStorage save
INFO: &amp#27;[32mSave ae155871-6867-43ee-94c5-efe61f380ede(uuid6738)
сент. 16, 2025 8:21:57 PM webapp.storage.AbstractStorage save
INFO: &amp#27;[32mSave 8bb38907-ea4e-477f-b01e-7a689bf0e59d(uuid6739)
сент. 16, 2025 8:21:57 PM webapp.storage.AbstractStorage save
INFO: &amp#27;[32mSave e955e3a8-9137-48d5-abf6-66d024263366(uuid6740)
сент. 16, 2025 8:21:57 PM webapp.storage.AbstractStorage save
INFO: &amp#27;[32mSave 7801453e-823a-4de3-a4f6-96ef8ff536d8(uuid6741)
сент. 16, 2025 8:21:57 PM webapp.storage.AbstractStorage save
INFO: &amp#27;[32mSave 7b8b58ec-3675-4a73-a9eb-d77c67c2380e(uuid6742)
сент. 16, 2025 8:21:57 PM webapp.storage.AbstractStorage save
INFO: &amp#27;[32mSave 81a294e7-76b0-4d3b-8f5a-e948f458ca88(uuid6743)
сент. 16, 2025 8:21:57 PM webapp.storage.AbstractStorage save
INFO: &amp#27;[32mSave 4b297940-a7ea-45bd-b31f-8086a176c222(uuid6744)
сент. 16, 2025 8:21:57 PM webapp.storage.AbstractStorage save
INFO: &amp#27;[32mSave 1af523b5-a103-4cfc-87cc-98be096ba9c8(uuid6745)
сент. 16, 2025 8:21:57 PM webapp.storage.AbstractStorage save
INFO: &amp#27;[32mSave 3d730ca1-95e1-4f91-b9ab-9c304633201d(uuid6746)
сент. 16, 2025 8:21:57 PM webapp.storage.AbstractStorage save
INFO: &amp#27;[32mSave 75e1bdcf-d336-4a04-aa35-375331929a0b(uuid6747)
сент. 16, 2025 8:21:57 PM webapp.storage.AbstractStorage save
INFO: &amp#27;[32mSave 54fc4ede-aa57-4d84-8fe2-e682017e8b49(uuid6748)
сент. 16, 2025 8:21:57 PM webapp.storage.AbstractStorage save
INFO: &amp#27;[32mSave 00f24bac-14c2-4f74-a617-01791088d8ae(uuid6749)
сент. 16, 2025 8:21:57 PM webapp.storage.AbstractStorage save
INFO: &amp#27;[32mSave 05a60449-9ba9-487a-bcfc-ab021821ca54(uuid6750)
сент. 16, 2025 8:21:57 PM webapp.storage.AbstractStorage save
INFO: &amp#27;[32mSave d46e2606-e180-4bfb-b2ae-5eda90847c6f(uuid6751)
сент. 16, 2025 8:21:57 PM webapp.storage.AbstractStorage save
INFO: &amp#27;[32mSave 899cdabd-f633-4603-aab7-6471add39843(uuid6752)
сент. 16, 2025 8:21:57 PM webapp.storage.AbstractStorage save
INFO: &amp#27;[32mSave aee70a57-66e8-41a8-a171-81a36fb90592(uuid6753)
сент. 16, 2025 8:21:57 PM webapp.storage.AbstractStorage save
INFO: &amp#27;[32mSave ec47e79f-2dd5-494d-b36d-1f914439114f(uuid6754)
сент. 16, 2025 8:21:57 PM webapp.storage.AbstractStorage save
INFO: &amp#27;[32mSave ce37ab79-bb23-4daa-bae3-3b1ac864ea36(uuid6755)
сент. 16, 2025 8:21:57 PM webapp.storage.AbstractStorage save
INFO: &amp#27;[32mSave c8ca3ce7-1296-4a58-a1ae-81b90a55ba3b(uuid6756)
сент. 16, 2025 8:21:57 PM webapp.storage.AbstractStorage save
INFO: &amp#27;[32mSave 99c62907-a093-40a3-9319-1cc740b3e651(uuid6757)
сент. 16, 2025 8:21:57 PM webapp.storage.AbstractStorage save
INFO: &amp#27;[32mSave f0c20a5d-359a-4624-adeb-d53e1164e622(uuid6758)
сент. 16, 2025 8:21:57 PM webapp.storage.AbstractStorage save
INFO: &amp#27;[32mSave c8b159cf-34a1-4b05-aef0-dbd78e9f03cf(uuid6759)
сент. 16, 2025 8:21:57 PM webapp.storage.AbstractStorage save
INFO: &amp#27;[32mSave b51b8d08-c84f-44ef-9940-c88dbbe783cf(uuid6760)
сент. 16, 2025 8:21:57 PM webapp.storage.AbstractStorage save
INFO: &amp#27;[32mSave fb22cd20-1999-4c15-8b2d-92fe87d3f7d2(uuid6761)
сент. 16, 2025 8:21:57 PM webapp.storage.AbstractStorage save
INFO: &amp#27;[32mSave b9408c52-997b-4321-bd8a-a88be8810e33(uuid6762)
сент. 16, 2025 8:21:57 PM webapp.storage.AbstractStorage save
INFO: &amp#27;[32mSave f3398a38-5616-4d2a-abf9-da0732ab968c(uuid6763)
сент. 16, 2025 8:21:57 PM webapp.storage.AbstractStorage save
INFO: &amp#27;[32mSave 3a2f1aa5-bb13-485f-8e6f-fad94753f05c(uuid6764)
сент. 16, 2025 8:21:57 PM webapp.storage.AbstractStorage save
INFO: &amp#27;[32mSave 76b80da1-2852-4f57-bfee-f4c4dd027732(uuid6765)
сент. 16, 2025 8:21:57 PM webapp.storage.AbstractStorage save
INFO: &amp#27;[32mSave f5bea72b-c5ee-48be-8c31-81e4560b53ae(uuid6766)
сент. 16, 2025 8:21:57 PM webapp.storage.AbstractStorage save
INFO: &amp#27;[32mSave 7a32a1f5-4311-46a8-a3ed-73997ad4414c(uuid6767)
сент. 16, 2025 8:21:57 PM webapp.storage.AbstractStorage save
INFO: &amp#27;[32mSave 6eade6ee-aef2-423c-acdb-ccfb9fe69495(uuid6768)
сент. 16, 2025 8:21:57 PM webapp.storage.AbstractStorage save
INFO: &amp#27;[32mSave 80f5abc0-a21c-46b6-816f-e7d6d2c7513a(uuid6769)
сент. 16, 2025 8:21:57 PM webapp.storage.AbstractStorage save
INFO: &amp#27;[32mSave 2121a6e7-234e-4687-9477-e8992cd4120e(uuid6770)
сент. 16, 2025 8:21:57 PM webapp.storage.AbstractStorage save
INFO: &amp#27;[32mSave 00dbcfb0-33c6-42ce-b4c0-662603309eb8(uuid6771)
сент. 16, 2025 8:21:57 PM webapp.storage.AbstractStorage save
INFO: &amp#27;[32mSave 50cffc4f-5c04-4c3b-ac17-26bae3a9ffd0(uuid6772)
сент. 16, 2025 8:21:57 PM webapp.storage.AbstractStorage save
INFO: &amp#27;[32mSave ee30e3f3-32dc-479a-a734-0f9bbf818285(uuid6773)
сент. 16, 2025 8:21:57 PM webapp.storage.AbstractStorage save
INFO: &amp#27;[32mSave 8abe8f3a-0a06-462d-b150-b46dcd850ad2(uuid6774)
сент. 16, 2025 8:21:57 PM webapp.storage.AbstractStorage save
INFO: &amp#27;[32mSave 13452de6-e2c7-4674-97d1-c2a1fa738ca7(uuid6775)
сент. 16, 2025 8:21:57 PM webapp.storage.AbstractStorage save
INFO: &amp#27;[32mSave 5462ef46-2b95-40de-9e5e-a855b47e7e10(uuid6776)
сент. 16, 2025 8:21:57 PM webapp.storage.AbstractStorage save
INFO: &amp#27;[32mSave 188a4765-50a6-4fab-a7d6-f4121966467c(uuid6777)
сент. 16, 2025 8:21:57 PM webapp.storage.AbstractStorage save
INFO: &amp#27;[32mSave 64e5fe51-77f4-49da-aa9a-8169399d0c98(uuid6778)
сент. 16, 2025 8:21:57 PM webapp.storage.AbstractStorage save
INFO: &amp#27;[32mSave 16e5094e-1126-4cad-a08b-5d951d50ac7e(uuid6779)
сент. 16, 2025 8:21:57 PM webapp.storage.AbstractStorage save
INFO: &amp#27;[32mSave aa2eac61-7af1-4c38-b2fa-686e9fe7fd7c(uuid6780)
сент. 16, 2025 8:21:57 PM webapp.storage.AbstractStorage save
INFO: &amp#27;[32mSave 0cd4f5c6-28d7-4300-96b8-55c28f9dd24d(uuid6781)
сент. 16, 2025 8:21:57 PM webapp.storage.AbstractStorage save
INFO: &amp#27;[32mSave edb58653-aa01-4776-89a7-90d0354a64cf(uuid6782)
сент. 16, 2025 8:21:57 PM webapp.storage.AbstractStorage save
INFO: &amp#27;[32mSave fb9a2c66-b057-4780-82ba-f4ff2eaf31d2(uuid6783)
сент. 16, 2025 8:21:57 PM webapp.storage.AbstractStorage save
INFO: &amp#27;[32mSave 2a3ca33c-35a6-4d66-b39e-792db95e5c74(uuid6784)
сент. 16, 2025 8:21:57 PM webapp.storage.AbstractStorage save
INFO: &amp#27;[32mSave 96a3e6bd-0a64-4175-9a19-2c039308584b(uuid6785)
сент. 16, 2025 8:21:57 PM webapp.storage.AbstractStorage save
INFO: &amp#27;[32mSave 6153f191-869c-45e9-97ed-fc1933f54eed(uuid6786)
сент. 16, 2025 8:21:57 PM webapp.storage.AbstractStorage save
INFO: &amp#27;[32mSave b11c11fa-a698-4e50-b8de-0108fdd80dc2(uuid6787)
сент. 16, 2025 8:21:57 PM webapp.storage.AbstractStorage save
INFO: &amp#27;[32mSave 6885fab3-8bd8-45df-84a9-23fd664a8501(uuid6788)
сент. 16, 2025 8:21:57 PM webapp.storage.AbstractStorage save
INFO: &amp#27;[32mSave 74483caf-a2a1-441c-890e-628738a8b4bd(uuid6789)
сент. 16, 2025 8:21:57 PM webapp.storage.AbstractStorage save
INFO: &amp#27;[32mSave cf7e6512-cf13-44ac-b317-079e819f7371(uuid6790)
сент. 16, 2025 8:21:57 PM webapp.storage.AbstractStorage save
INFO: &amp#27;[32mSave 3a210e10-1a08-4ae2-8fa0-1f6e9d1d22a7(uuid6791)
сент. 16, 2025 8:21:57 PM webapp.storage.AbstractStorage save
INFO: &amp#27;[32mSave 3f410329-bbae-4be0-b86f-927dc2c924f4(uuid6792)
сент. 16, 2025 8:21:57 PM webapp.storage.AbstractStorage save
INFO: &amp#27;[32mSave 8086bdd8-2586-4d6b-9e23-a7a30b2d583c(uuid6793)
сент. 16, 2025 8:21:57 PM webapp.storage.AbstractStorage save
INFO: &amp#27;[32mSave 7a032f88-9823-4e03-aa74-07eaee8fd859(uuid6794)
сент. 16, 2025 8:21:57 PM webapp.storage.AbstractStorage save
INFO: &amp#27;[32mSave b28adf71-59b3-44fa-a6fc-f10afae3710f(uuid6795)
сент. 16, 2025 8:21:57 PM webapp.storage.AbstractStorage save
INFO: &amp#27;[32mSave 85d10e7a-232b-4429-9e5a-13a7beda6e66(uuid6796)
сент. 16, 2025 8:21:57 PM webapp.storage.AbstractStorage save
INFO: &amp#27;[32mSave 3670a581-c1b5-4a4c-afdf-14f0e78e5184(uuid6797)
сент. 16, 2025 8:21:57 PM webapp.storage.AbstractStorage save
INFO: &amp#27;[32mSave ccb1c997-a73e-4da2-8b64-19feecb29b65(uuid6798)
сент. 16, 2025 8:21:57 PM webapp.storage.AbstractStorage save
INFO: &amp#27;[32mSave 18b2cf09-8911-4b81-9821-8a5ae7afe839(uuid6799)
сент. 16, 2025 8:21:57 PM webapp.storage.AbstractStorage save
INFO: &amp#27;[32mSave c6cb3e2e-f947-4ec8-9d49-32108f53b98f(uuid6800)
сент. 16, 2025 8:21:57 PM webapp.storage.AbstractStorage save
INFO: &amp#27;[32mSave c75db0e8-bb69-42b7-bd6a-bd89d5d4be8d(uuid6801)
сент. 16, 2025 8:21:57 PM webapp.storage.AbstractStorage save
INFO: &amp#27;[32mSave 759748d4-b465-4986-a542-e3192c87e8a0(uuid6802)
сент. 16, 2025 8:21:57 PM webapp.storage.AbstractStorage save
INFO: &amp#27;[32mSave 0d60817a-0568-4e01-8eeb-746475805a26(uuid6803)
сент. 16, 2025 8:21:57 PM webapp.storage.AbstractStorage save
INFO: &amp#27;[32mSave 9af6a0dd-b551-4f08-af4c-5f3706fd2ce8(uuid6804)
сент. 16, 2025 8:21:57 PM webapp.storage.AbstractStorage save
INFO: &amp#27;[32mSave d51aab9d-4846-46a7-9302-27a3de2df450(uuid6805)
сент. 16, 2025 8:21:57 PM webapp.storage.AbstractStorage save
INFO: &amp#27;[32mSave ab7aa25c-9af1-4f9f-afff-5c5eeb82133f(uuid6806)
сент. 16, 2025 8:21:57 PM webapp.storage.AbstractStorage save
INFO: &amp#27;[32mSave 34e5b808-17b7-4b08-b55a-00d1eb4c5b88(uuid6807)
сент. 16, 2025 8:21:57 PM webapp.storage.AbstractStorage save
INFO: &amp#27;[32mSave 07b29c2a-f698-40e6-8e3b-955a3cbb28fb(uuid6808)
сент. 16, 2025 8:21:57 PM webapp.storage.AbstractStorage save
INFO: &amp#27;[32mSave 9b3dcdf0-e804-4adc-9f20-572d51f0b089(uuid6809)
сент. 16, 2025 8:21:57 PM webapp.storage.AbstractStorage save
INFO: &amp#27;[32mSave 7fbb3739-159f-44f7-ae5e-01c583ae8d9e(uuid6810)
сент. 16, 2025 8:21:57 PM webapp.storage.AbstractStorage save
INFO: &amp#27;[32mSave afd23503-5a34-4b5c-a9a3-bfb45f0542d3(uuid6811)
сент. 16, 2025 8:21:57 PM webapp.storage.AbstractStorage save
INFO: &amp#27;[32mSave e236aa37-e50d-4e7c-9b32-8f5bad89c9aa(uuid6812)
сент. 16, 2025 8:21:57 PM webapp.storage.AbstractStorage save
INFO: &amp#27;[32mSave 95664651-3d28-4196-93e6-dfe64fd94627(uuid6813)
сент. 16, 2025 8:21:57 PM webapp.storage.AbstractStorage save
INFO: &amp#27;[32mSave 2944ca01-2696-4bc6-ac43-e01a509ff8c1(uuid6814)
сент. 16, 2025 8:21:57 PM webapp.storage.AbstractStorage save
INFO: &amp#27;[32mSave b3fe0b1f-2a92-4c27-90d1-75e07606b2aa(uuid6815)
сент. 16, 2025 8:21:57 PM webapp.storage.AbstractStorage save
INFO: &amp#27;[32mSave 65d64ef1-a1dd-4583-ae5f-c49ffaeb6790(uuid6816)
сент. 16, 2025 8:21:57 PM webapp.storage.AbstractStorage save
INFO: &amp#27;[32mSave c499b167-0e4b-4e22-8de9-e6ac8c09da47(uuid6817)
сент. 16, 2025 8:21:57 PM webapp.storage.AbstractStorage save
INFO: &amp#27;[32mSave 2fa50538-4afa-4e68-8580-239ecaed1563(uuid6818)
сент. 16, 2025 8:21:57 PM webapp.storage.AbstractStorage save
INFO: &amp#27;[32mSave 115df532-d303-47b2-ae73-e46c11dbb527(uuid6819)
сент. 16, 2025 8:21:57 PM webapp.storage.AbstractStorage save
INFO: &amp#27;[32mSave e86cde85-79ca-4c10-9ee9-2e7bef4069d6(uuid6820)
сент. 16, 2025 8:21:57 PM webapp.storage.AbstractStorage save
INFO: &amp#27;[32mSave 79c42873-1e5a-4d17-b21b-3a3bcb556ca9(uuid6821)
сент. 16, 2025 8:21:57 PM webapp.storage.AbstractStorage save
INFO: &amp#27;[32mSave f2d264bd-132d-447b-a3c1-b1fc8a181b4e(uuid6822)
сент. 16, 2025 8:21:57 PM webapp.storage.AbstractStorage save
INFO: &amp#27;[32mSave accbeef9-d9ab-470f-889b-8a4d5f5cdae9(uuid6823)
сент. 16, 2025 8:21:57 PM webapp.storage.AbstractStorage save
INFO: &amp#27;[32mSave 5e195515-359e-4bc7-817d-636dbc6b3cfa(uuid6824)
сент. 16, 2025 8:21:57 PM webapp.storage.AbstractStorage save
INFO: &amp#27;[32mSave 3548172c-5c3d-4109-beb0-a1588c191bf9(uuid6825)
сент. 16, 2025 8:21:57 PM webapp.storage.AbstractStorage save
INFO: &amp#27;[32mSave 9dea31c4-a645-4f84-bbbc-9bd30ee67ecc(uuid6826)
сент. 16, 2025 8:21:57 PM webapp.storage.AbstractStorage save
INFO: &amp#27;[32mSave 98bd232e-abca-481e-999d-3017d4b96255(uuid6827)
сент. 16, 2025 8:21:57 PM webapp.storage.AbstractStorage save
INFO: &amp#27;[32mSave 25fa7212-b508-499e-ab87-83c335386b92(uuid6828)
сент. 16, 2025 8:21:57 PM webapp.storage.AbstractStorage save
INFO: &amp#27;[32mSave 4f4a29ae-16f0-495a-8764-dadadf195697(uuid6829)
сент. 16, 2025 8:21:57 PM webapp.storage.AbstractStorage save
INFO: &amp#27;[32mSave 71549c67-85f0-4019-803d-b32de7a65294(uuid6830)
сент. 16, 2025 8:21:57 PM webapp.storage.AbstractStorage save
INFO: &amp#27;[32mSave 8d30803e-4f05-4b49-add8-f699dcd69f41(uuid6831)
сент. 16, 2025 8:21:57 PM webapp.storage.AbstractStorage save
INFO: &amp#27;[32mSave 054117cb-a29e-445e-8a26-3289fdc23ec9(uuid6832)
сент. 16, 2025 8:21:57 PM webapp.storage.AbstractStorage save
INFO: &amp#27;[32mSave adc48bc6-2cc8-4a7b-90ec-fea79e1a555e(uuid6833)
сент. 16, 2025 8:21:57 PM webapp.storage.AbstractStorage save
INFO: &amp#27;[32mSave 7d33cfaa-72fe-4a0f-97de-0a78e883875a(uuid6834)
сент. 16, 2025 8:21:57 PM webapp.storage.AbstractStorage save
INFO: &amp#27;[32mSave 813f700e-fafc-4e7b-ac26-2578773bf53f(uuid6835)
сент. 16, 2025 8:21:57 PM webapp.storage.AbstractStorage save
INFO: &amp#27;[32mSave 728a34c9-e215-40e5-9cf2-a429e4e442ee(uuid6836)
сент. 16, 2025 8:21:57 PM webapp.storage.AbstractStorage save
INFO: &amp#27;[32mSave 4d3cc442-f0f9-493d-b482-bd24aba6c618(uuid6837)
сент. 16, 2025 8:21:57 PM webapp.storage.AbstractStorage save
INFO: &amp#27;[32mSave 270120c1-ef26-464b-aacb-0441731d1917(uuid6838)
сент. 16, 2025 8:21:57 PM webapp.storage.AbstractStorage save
INFO: &amp#27;[32mSave d8163efe-56f2-498c-b405-47de577cc5e3(uuid6839)
сент. 16, 2025 8:21:57 PM webapp.storage.AbstractStorage save
INFO: &amp#27;[32mSave a81c29ec-bfce-4f69-a86f-43fd23dedaed(uuid6840)
сент. 16, 2025 8:21:57 PM webapp.storage.AbstractStorage save
INFO: &amp#27;[32mSave 213bbe52-7c16-48da-a97c-a87be03318d8(uuid6841)
сент. 16, 2025 8:21:57 PM webapp.storage.AbstractStorage save
INFO: &amp#27;[32mSave 1aa7ecdf-77b1-4ad9-bac4-bb511068a5a1(uuid6842)
сент. 16, 2025 8:21:57 PM webapp.storage.AbstractStorage save
INFO: &amp#27;[32mSave a99fd57a-5df4-4e4d-a903-d10c1e9f0435(uuid6843)
сент. 16, 2025 8:21:57 PM webapp.storage.AbstractStorage save
INFO: &amp#27;[32mSave 75b9c21c-03b9-42be-975a-a1adf6231ea7(uuid6844)
сент. 16, 2025 8:21:57 PM webapp.storage.AbstractStorage save
INFO: &amp#27;[32mSave 8077a662-1825-406a-a0e3-a50952112e30(uuid6845)
сент. 16, 2025 8:21:57 PM webapp.storage.AbstractStorage save
INFO: &amp#27;[32mSave e17f82fa-7ad6-4eed-8c34-3ab274cd78f5(uuid6846)
сент. 16, 2025 8:21:57 PM webapp.storage.AbstractStorage save
INFO: &amp#27;[32mSave 910e5644-69a3-4c93-b2f0-086d8506c7ed(uuid6847)
сент. 16, 2025 8:21:57 PM webapp.storage.AbstractStorage save
INFO: &amp#27;[32mSave 4a447465-7802-41c2-9e6b-9ab861ea4d50(uuid6848)
сент. 16, 2025 8:21:57 PM webapp.storage.AbstractStorage save
INFO: &amp#27;[32mSave 3c24cda6-796b-4677-a9e7-4c1359977a51(uuid6849)
сент. 16, 2025 8:21:57 PM webapp.storage.AbstractStorage save
INFO: &amp#27;[32mSave 0ef9ed0c-5080-4939-8fac-e340269c728d(uuid6850)
сент. 16, 2025 8:21:57 PM webapp.storage.AbstractStorage save
INFO: &amp#27;[32mSave 38561b83-63d9-495c-bd04-a94bae4c4b48(uuid6851)
сент. 16, 2025 8:21:57 PM webapp.storage.AbstractStorage save
INFO: &amp#27;[32mSave e0239e4a-ed6c-49c2-84b1-36416dcda26b(uuid6852)
сент. 16, 2025 8:21:57 PM webapp.storage.AbstractStorage save
INFO: &amp#27;[32mSave 5bc55891-5f7f-481d-924a-9c7b0592fae5(uuid6853)
сент. 16, 2025 8:21:57 PM webapp.storage.AbstractStorage save
INFO: &amp#27;[32mSave e93694f4-7140-4d10-8be9-aeb146dc7fc5(uuid6854)
сент. 16, 2025 8:21:57 PM webapp.storage.AbstractStorage save
INFO: &amp#27;[32mSave 4dbd21ab-a05f-4249-9b32-ba4271c543d5(uuid6855)
сент. 16, 2025 8:21:57 PM webapp.storage.AbstractStorage save
INFO: &amp#27;[32mSave a8ce83c8-b752-40e6-9b8b-ab86733dae70(uuid6856)
сент. 16, 2025 8:21:57 PM webapp.storage.AbstractStorage save
INFO: &amp#27;[32mSave 5804cfa3-1ddf-4bab-87d7-f84ac57fe260(uuid6857)
сент. 16, 2025 8:21:57 PM webapp.storage.AbstractStorage save
INFO: &amp#27;[32mSave d0ad319e-2f55-4712-bff4-ccbc1297a76c(uuid6858)
сент. 16, 2025 8:21:57 PM webapp.storage.AbstractStorage save
INFO: &amp#27;[32mSave cfdb5c87-7527-440e-b9ab-45776f5fe4f0(uuid6859)
сент. 16, 2025 8:21:57 PM webapp.storage.AbstractStorage save
INFO: &amp#27;[32mSave 1cf5f244-9f35-406e-a6e4-6dafc008c3ea(uuid6860)
сент. 16, 2025 8:21:57 PM webapp.storage.AbstractStorage save
INFO: &amp#27;[32mSave c9dc80c1-b58f-4ecd-b848-6d7f6d571543(uuid6861)
сент. 16, 2025 8:21:57 PM webapp.storage.AbstractStorage save
INFO: &amp#27;[32mSave 620bf694-147a-440e-ade7-d85678eb42fe(uuid6862)
сент. 16, 2025 8:21:57 PM webapp.storage.AbstractStorage save
INFO: &amp#27;[32mSave f210b5e5-5d98-4f62-8e20-24f2b72d2258(uuid6863)
сент. 16, 2025 8:21:57 PM webapp.storage.AbstractStorage save
INFO: &amp#27;[32mSave f284cd20-5b94-49f5-83b3-60aabd0472e4(uuid6864)
сент. 16, 2025 8:21:57 PM webapp.storage.AbstractStorage save
INFO: &amp#27;[32mSave b7e71fee-aadf-41c8-b041-114805e7ab28(uuid6865)
сент. 16, 2025 8:21:57 PM webapp.storage.AbstractStorage save
INFO: &amp#27;[32mSave 7705e9b6-8397-49f3-9147-1bd55c604312(uuid6866)
сент. 16, 2025 8:21:57 PM webapp.storage.AbstractStorage save
INFO: &amp#27;[32mSave cb9a029c-6ea3-451e-b5f7-a626319145fe(uuid6867)
сент. 16, 2025 8:21:57 PM webapp.storage.AbstractStorage save
INFO: &amp#27;[32mSave 0dd29f61-3c0b-4bd1-809c-6501737e353a(uuid6868)
сент. 16, 2025 8:21:57 PM webapp.storage.AbstractStorage save
INFO: &amp#27;[32mSave 4440a027-33ea-400b-a003-666ef4ec982d(uuid6869)
сент. 16, 2025 8:21:57 PM webapp.storage.AbstractStorage save
INFO: &amp#27;[32mSave e9be4542-b5e8-4caf-98ee-f8720a9ffe53(uuid6870)
сент. 16, 2025 8:21:57 PM webapp.storage.AbstractStorage save
INFO: &amp#27;[32mSave b73f8300-a82d-4466-a472-16d8f27d8c09(uuid6871)
сент. 16, 2025 8:21:57 PM webapp.storage.AbstractStorage save
INFO: &amp#27;[32mSave 5ff5594d-1bc6-4c64-86cd-68e7c3448448(uuid6872)
сент. 16, 2025 8:21:57 PM webapp.storage.AbstractStorage save
INFO: &amp#27;[32mSave f1977bf4-6f65-471d-9aef-ee4d70301d99(uuid6873)
сент. 16, 2025 8:21:57 PM webapp.storage.AbstractStorage save
INFO: &amp#27;[32mSave 610adf04-950b-4df5-8252-edc929ed7ba8(uuid6874)
сент. 16, 2025 8:21:57 PM webapp.storage.AbstractStorage save
INFO: &amp#27;[32mSave 7bced02f-e714-46dc-b301-d4f49f1bcf8b(uuid6875)
сент. 16, 2025 8:21:57 PM webapp.storage.AbstractStorage save
INFO: &amp#27;[32mSave 8920a5e9-7a9f-4a64-98f0-d9d4298d74a6(uuid6876)
сент. 16, 2025 8:21:57 PM webapp.storage.AbstractStorage save
INFO: &amp#27;[32mSave 7779f8bb-9cbf-4ce2-a7e3-6acfac47d2a7(uuid6877)
сент. 16, 2025 8:21:57 PM webapp.storage.AbstractStorage save
INFO: &amp#27;[32mSave 74ac89a1-533a-4c40-b366-96c64f6aad5a(uuid6878)
сент. 16, 2025 8:21:57 PM webapp.storage.AbstractStorage save
INFO: &amp#27;[32mSave 3a8faa66-319a-420c-a3a9-866aced551a3(uuid6879)
сент. 16, 2025 8:21:57 PM webapp.storage.AbstractStorage save
INFO: &amp#27;[32mSave 9fa18f48-9fee-4fcc-bd72-7760decb27c5(uuid6880)
сент. 16, 2025 8:21:57 PM webapp.storage.AbstractStorage save
INFO: &amp#27;[32mSave 5460074b-ab0b-4d0a-8a7d-e60f595fda9c(uuid6881)
сент. 16, 2025 8:21:57 PM webapp.storage.AbstractStorage save
INFO: &amp#27;[32mSave d4290529-95c1-431e-a362-07a64094babc(uuid6882)
сент. 16, 2025 8:21:57 PM webapp.storage.AbstractStorage save
INFO: &amp#27;[32mSave eb73f815-c82c-4e8b-a569-80205594e8af(uuid6883)
сент. 16, 2025 8:21:57 PM webapp.storage.AbstractStorage save
INFO: &amp#27;[32mSave f43574ad-a94b-488c-a48d-431ad5debeeb(uuid6884)
сент. 16, 2025 8:21:57 PM webapp.storage.AbstractStorage save
INFO: &amp#27;[32mSave f98e4201-42f6-4a10-8204-daf701398cde(uuid6885)
сент. 16, 2025 8:21:57 PM webapp.storage.AbstractStorage save
INFO: &amp#27;[32mSave 8049d166-7575-4fe9-a8ad-348d9f4b719d(uuid6886)
сент. 16, 2025 8:21:57 PM webapp.storage.AbstractStorage save
INFO: &amp#27;[32mSave 4bfd43a3-ba8a-40c9-8995-a9c3ce98b663(uuid6887)
сент. 16, 2025 8:21:57 PM webapp.storage.AbstractStorage save
INFO: &amp#27;[32mSave d96e18ea-26c9-4651-bc85-7f009f1bd25d(uuid6888)
сент. 16, 2025 8:21:57 PM webapp.storage.AbstractStorage save
INFO: &amp#27;[32mSave 22e8268a-986f-45f9-9a5e-f7db5d7041df(uuid6889)
сент. 16, 2025 8:21:57 PM webapp.storage.AbstractStorage save
INFO: &amp#27;[32mSave ceea26c2-14ee-4602-aae6-f4086dc3af69(uuid6890)
сент. 16, 2025 8:21:57 PM webapp.storage.AbstractStorage save
INFO: &amp#27;[32mSave ffbbebd0-32e2-4689-8818-6219fbf39882(uuid6891)
сент. 16, 2025 8:21:57 PM webapp.storage.AbstractStorage save
INFO: &amp#27;[32mSave bfd56bfa-50b8-496c-81b6-448392af6783(uuid6892)
сент. 16, 2025 8:21:57 PM webapp.storage.AbstractStorage save
INFO: &amp#27;[32mSave 5da180cd-c4d9-48ff-9f94-08aa3fc8acf3(uuid6893)
сент. 16, 2025 8:21:57 PM webapp.storage.AbstractStorage save
INFO: &amp#27;[32mSave bcdc7336-f3b3-471f-b992-524d95a7f353(uuid6894)
сент. 16, 2025 8:21:57 PM webapp.storage.AbstractStorage save
INFO: &amp#27;[32mSave d2e72f1f-11a9-4e62-ac79-89a386ebe4c9(uuid6895)
сент. 16, 2025 8:21:57 PM webapp.storage.AbstractStorage save
INFO: &amp#27;[32mSave 78c13b7c-e7f3-4df8-90c9-89813c01de22(uuid6896)
сент. 16, 2025 8:21:57 PM webapp.storage.AbstractStorage save
INFO: &amp#27;[32mSave afef5a7c-2897-48f7-b584-708446099f38(uuid6897)
сент. 16, 2025 8:21:57 PM webapp.storage.AbstractStorage save
INFO: &amp#27;[32mSave 3d6405f2-8c30-4bb6-94b1-201791c79920(uuid6898)
сент. 16, 2025 8:21:57 PM webapp.storage.AbstractStorage save
INFO: &amp#27;[32mSave 0ce493ab-6190-4125-a96c-ff7db6df1ff5(uuid6899)
сент. 16, 2025 8:21:57 PM webapp.storage.AbstractStorage save
INFO: &amp#27;[32mSave 443900bc-6645-4f9d-9065-25a219934a9d(uuid6900)
сент. 16, 2025 8:21:57 PM webapp.storage.AbstractStorage save
INFO: &amp#27;[32mSave 9356b625-6882-41ed-961f-c159ab1cea22(uuid6901)
сент. 16, 2025 8:21:57 PM webapp.storage.AbstractStorage save
INFO: &amp#27;[32mSave 59c1dcd0-d218-4a81-8d3a-cb528009b331(uuid6902)
сент. 16, 2025 8:21:57 PM webapp.storage.AbstractStorage save
INFO: &amp#27;[32mSave 13f8def2-6606-485b-9a4e-fa1deaf2c708(uuid6903)
сент. 16, 2025 8:21:57 PM webapp.storage.AbstractStorage save
INFO: &amp#27;[32mSave 016d6c5a-0c5c-44ab-bb26-3025c25eb142(uuid6904)
сент. 16, 2025 8:21:57 PM webapp.storage.AbstractStorage save
INFO: &amp#27;[32mSave fc03f308-b724-40fe-b1f2-09ddcaa09113(uuid6905)
сент. 16, 2025 8:21:57 PM webapp.storage.AbstractStorage save
INFO: &amp#27;[32mSave 4aa6f863-96fa-483a-9b7c-1bee0f79e854(uuid6906)
сент. 16, 2025 8:21:57 PM webapp.storage.AbstractStorage save
INFO: &amp#27;[32mSave cb265473-6468-4bf5-9744-6894f1529f12(uuid6907)
сент. 16, 2025 8:21:57 PM webapp.storage.AbstractStorage save
INFO: &amp#27;[32mSave 50819ffd-d47e-45ed-8e3a-4967471abf17(uuid6908)
сент. 16, 2025 8:21:57 PM webapp.storage.AbstractStorage save
INFO: &amp#27;[32mSave 9efcc129-21c0-42f4-ad44-6d1d6c006374(uuid6909)
сент. 16, 2025 8:21:57 PM webapp.storage.AbstractStorage save
INFO: &amp#27;[32mSave 25ad40fc-c52f-465b-808b-fa97f4f056da(uuid6910)
сент. 16, 2025 8:21:57 PM webapp.storage.AbstractStorage save
INFO: &amp#27;[32mSave 225d0bff-845b-4db9-8716-f950cce3fa4c(uuid6911)
сент. 16, 2025 8:21:57 PM webapp.storage.AbstractStorage save
INFO: &amp#27;[32mSave de3010b0-dd8f-498c-90b3-30f30492643a(uuid6912)
сент. 16, 2025 8:21:57 PM webapp.storage.AbstractStorage save
INFO: &amp#27;[32mSave ea9478d0-41a0-4500-aeca-3613a5252e70(uuid6913)
сент. 16, 2025 8:21:57 PM webapp.storage.AbstractStorage save
INFO: &amp#27;[32mSave 9b96afa2-0834-4ac5-bacf-d198e51456f2(uuid6914)
сент. 16, 2025 8:21:57 PM webapp.storage.AbstractStorage save
INFO: &amp#27;[32mSave bf89d86f-8622-4794-a48b-c52be1b45428(uuid6915)
сент. 16, 2025 8:21:57 PM webapp.storage.AbstractStorage save
INFO: &amp#27;[32mSave e6b241d2-0f48-4544-ad22-d82d899013ae(uuid6916)
сент. 16, 2025 8:21:57 PM webapp.storage.AbstractStorage save
INFO: &amp#27;[32mSave 23479f35-ffe5-47be-8e49-0ec0ca31c645(uuid6917)
сент. 16, 2025 8:21:57 PM webapp.storage.AbstractStorage save
INFO: &amp#27;[32mSave ead71b3a-9e77-4dbb-b41e-150ba31c706b(uuid6918)
сент. 16, 2025 8:21:57 PM webapp.storage.AbstractStorage save
INFO: &amp#27;[32mSave a58f3db9-96f0-4b4e-9e2b-997462b2abd0(uuid6919)
сент. 16, 2025 8:21:57 PM webapp.storage.AbstractStorage save
INFO: &amp#27;[32mSave c7a47cd1-c1bd-4812-9f0d-d570927217b1(uuid6920)
сент. 16, 2025 8:21:57 PM webapp.storage.AbstractStorage save
INFO: &amp#27;[32mSave c9cfe14c-90b5-4f6f-bcc9-3ef346de9565(uuid6921)
сент. 16, 2025 8:21:57 PM webapp.storage.AbstractStorage save
INFO: &amp#27;[32mSave 7eb72e69-b83e-4825-9ab1-3eec612f0cd7(uuid6922)
сент. 16, 2025 8:21:57 PM webapp.storage.AbstractStorage save
INFO: &amp#27;[32mSave 183e434e-910c-47e8-83c0-b5a96f35058c(uuid6923)
сент. 16, 2025 8:21:57 PM webapp.storage.AbstractStorage save
INFO: &amp#27;[32mSave 72f4c8b6-b7e2-45e8-92d8-a2d97ae5a530(uuid6924)
сент. 16, 2025 8:21:57 PM webapp.storage.AbstractStorage save
INFO: &amp#27;[32mSave 51967711-da64-4143-8316-231ac54192cd(uuid6925)
сент. 16, 2025 8:21:57 PM webapp.storage.AbstractStorage save
INFO: &amp#27;[32mSave 122a2e63-6231-4e8c-8ba2-ed0bc7053d6f(uuid6926)
сент. 16, 2025 8:21:57 PM webapp.storage.AbstractStorage save
INFO: &amp#27;[32mSave 368742c0-9ebf-48d1-b6cb-7a0f58034219(uuid6927)
сент. 16, 2025 8:21:57 PM webapp.storage.AbstractStorage save
INFO: &amp#27;[32mSave 6a6de5b3-d3b0-4dec-809d-26e799985c9d(uuid6928)
сент. 16, 2025 8:21:57 PM webapp.storage.AbstractStorage save
INFO: &amp#27;[32mSave 290be1cf-354c-4066-9ad7-8b5b9df29549(uuid6929)
сент. 16, 2025 8:21:57 PM webapp.storage.AbstractStorage save
INFO: &amp#27;[32mSave bd6bf622-8773-4077-a926-15f5bb8b6732(uuid6930)
сент. 16, 2025 8:21:57 PM webapp.storage.AbstractStorage save
INFO: &amp#27;[32mSave 34f9a225-208d-4cf8-ac67-0b0298772393(uuid6931)
сент. 16, 2025 8:21:57 PM webapp.storage.AbstractStorage save
INFO: &amp#27;[32mSave 5029d87f-4a0a-4650-880c-fb163ed317cc(uuid6932)
сент. 16, 2025 8:21:57 PM webapp.storage.AbstractStorage save
INFO: &amp#27;[32mSave 049a0688-8330-47f9-a767-7294889528eb(uuid6933)
сент. 16, 2025 8:21:57 PM webapp.storage.AbstractStorage save
INFO: &amp#27;[32mSave 93909213-2043-44dd-a8c8-d3e81b556053(uuid6934)
сент. 16, 2025 8:21:57 PM webapp.storage.AbstractStorage save
INFO: &amp#27;[32mSave 9317d682-84c7-4a34-9bee-f1f3cf5cb35f(uuid6935)
сент. 16, 2025 8:21:57 PM webapp.storage.AbstractStorage save
INFO: &amp#27;[32mSave f71bb78c-33f1-4460-bce9-ea347205663b(uuid6936)
сент. 16, 2025 8:21:57 PM webapp.storage.AbstractStorage save
INFO: &amp#27;[32mSave b42faa0f-c7ec-407c-9e92-23728bcaa51f(uuid6937)
сент. 16, 2025 8:21:57 PM webapp.storage.AbstractStorage save
INFO: &amp#27;[32mSave f160b2dc-aa8d-477f-80eb-eea2b2b72d44(uuid6938)
сент. 16, 2025 8:21:57 PM webapp.storage.AbstractStorage save
INFO: &amp#27;[32mSave fce0196d-b7f0-43d2-b396-56738286f4d9(uuid6939)
сент. 16, 2025 8:21:57 PM webapp.storage.AbstractStorage save
INFO: &amp#27;[32mSave a9e693e5-9ff9-4460-b12b-86612abee9e2(uuid6940)
сент. 16, 2025 8:21:57 PM webapp.storage.AbstractStorage save
INFO: &amp#27;[32mSave 29c3380a-08d8-43d6-a123-2fd1ccd81e61(uuid6941)
сент. 16, 2025 8:21:57 PM webapp.storage.AbstractStorage save
INFO: &amp#27;[32mSave 1f469bce-ea5b-4531-a574-13ce5cc31c74(uuid6942)
сент. 16, 2025 8:21:57 PM webapp.storage.AbstractStorage save
INFO: &amp#27;[32mSave c5b333d9-b05f-411b-babc-eac7cb4bc0be(uuid6943)
сент. 16, 2025 8:21:57 PM webapp.storage.AbstractStorage save
INFO: &amp#27;[32mSave 206ac038-3c7e-4678-aace-9c41bda476fb(uuid6944)
сент. 16, 2025 8:21:57 PM webapp.storage.AbstractStorage save
INFO: &amp#27;[32mSave 27018849-fcf9-41b1-8364-89e55f908696(uuid6945)
сент. 16, 2025 8:21:57 PM webapp.storage.AbstractStorage save
INFO: &amp#27;[32mSave 951f11fa-ce93-4b9a-ac95-ae66538916d2(uuid6946)
сент. 16, 2025 8:21:57 PM webapp.storage.AbstractStorage save
INFO: &amp#27;[32mSave 8c91dc3e-a720-48b7-83fa-046e13c9f4c6(uuid6947)
сент. 16, 2025 8:21:57 PM webapp.storage.AbstractStorage save
INFO: &amp#27;[32mSave febd2bdd-a7da-4509-a61e-56de15cb423a(uuid6948)
сент. 16, 2025 8:21:57 PM webapp.storage.AbstractStorage save
INFO: &amp#27;[32mSave 4c7174fc-83ae-4095-9b39-32d451eb5f5d(uuid6949)
сент. 16, 2025 8:21:57 PM webapp.storage.AbstractStorage save
INFO: &amp#27;[32mSave 2b518a4e-8f84-4b0d-aa20-019ca2e8430a(uuid6950)
сент. 16, 2025 8:21:57 PM webapp.storage.AbstractStorage save
INFO: &amp#27;[32mSave fa62b03e-40f0-47e6-9ae7-b67bd6ea66c4(uuid6951)
сент. 16, 2025 8:21:57 PM webapp.storage.AbstractStorage save
INFO: &amp#27;[32mSave b7a53eff-0f9d-4fef-8c75-c5f72643fdf1(uuid6952)
сент. 16, 2025 8:21:57 PM webapp.storage.AbstractStorage save
INFO: &amp#27;[32mSave e8272a57-05bb-44d4-b7d8-ad0b10950b29(uuid6953)
сент. 16, 2025 8:21:57 PM webapp.storage.AbstractStorage save
INFO: &amp#27;[32mSave 7367da9e-2bad-465b-b4ae-b4278944f44b(uuid6954)
сент. 16, 2025 8:21:57 PM webapp.storage.AbstractStorage save
INFO: &amp#27;[32mSave dc983232-8b34-48b8-ba9a-0b64608b363b(uuid6955)
сент. 16, 2025 8:21:57 PM webapp.storage.AbstractStorage save
INFO: &amp#27;[32mSave aeaa4ad9-4793-4af6-8b76-02412fcc427c(uuid6956)
сент. 16, 2025 8:21:57 PM webapp.storage.AbstractStorage save
INFO: &amp#27;[32mSave be283101-7785-4361-88c1-3326e38476d2(uuid6957)
сент. 16, 2025 8:21:57 PM webapp.storage.AbstractStorage save
INFO: &amp#27;[32mSave d960529c-7da7-49f8-9f0a-14802cfe6326(uuid6958)
сент. 16, 2025 8:21:57 PM webapp.storage.AbstractStorage save
INFO: &amp#27;[32mSave aaced36c-034a-404a-8a7b-45e0b494e21f(uuid6959)
сент. 16, 2025 8:21:57 PM webapp.storage.AbstractStorage save
INFO: &amp#27;[32mSave 464b0034-889c-4b35-b214-797bcb9c131d(uuid6960)
сент. 16, 2025 8:21:57 PM webapp.storage.AbstractStorage save
INFO: &amp#27;[32mSave 01194659-5051-47a7-a436-6886fb1f7ed4(uuid6961)
сент. 16, 2025 8:21:57 PM webapp.storage.AbstractStorage save
INFO: &amp#27;[32mSave 085c9317-2f54-450c-8d26-25e4dde4aca7(uuid6962)
сент. 16, 2025 8:21:57 PM webapp.storage.AbstractStorage save
INFO: &amp#27;[32mSave cd487f8a-608d-4c95-933a-e41090ab6bff(uuid6963)
сент. 16, 2025 8:21:57 PM webapp.storage.AbstractStorage save
INFO: &amp#27;[32mSave 26b742db-84cc-46ff-9e49-d7f04c1224f8(uuid6964)
сент. 16, 2025 8:21:57 PM webapp.storage.AbstractStorage save
INFO: &amp#27;[32mSave 8762ec0b-b68e-4573-bc30-9f402d3ede35(uuid6965)
сент. 16, 2025 8:21:57 PM webapp.storage.AbstractStorage save
INFO: &amp#27;[32mSave cd236956-081f-4ed2-9fe5-5674b39ee63e(uuid6966)
сент. 16, 2025 8:21:57 PM webapp.storage.AbstractStorage save
INFO: &amp#27;[32mSave 4950da32-2e6f-4eec-9e82-32c87c9b4640(uuid6967)
сент. 16, 2025 8:21:57 PM webapp.storage.AbstractStorage save
INFO: &amp#27;[32mSave 81c9ef0e-41cb-4fc0-9bfe-4825a7f9a3db(uuid6968)
сент. 16, 2025 8:21:57 PM webapp.storage.AbstractStorage save
INFO: &amp#27;[32mSave 8f63867b-76c3-4c2e-a01d-a4b9e9bc226a(uuid6969)
сент. 16, 2025 8:21:57 PM webapp.storage.AbstractStorage save
INFO: &amp#27;[32mSave 1946e2b6-1085-4986-95e9-3094bead7151(uuid6970)
сент. 16, 2025 8:21:57 PM webapp.storage.AbstractStorage save
INFO: &amp#27;[32mSave 595c9892-df9a-45c4-b73e-01d3654a6e29(uuid6971)
сент. 16, 2025 8:21:57 PM webapp.storage.AbstractStorage save
INFO: &amp#27;[32mSave 4b4f12c6-f0f4-4504-af51-d675fa464ff7(uuid6972)
сент. 16, 2025 8:21:57 PM webapp.storage.AbstractStorage save
INFO: &amp#27;[32mSave 5ae78083-62aa-4140-8bd3-0779160080f4(uuid6973)
сент. 16, 2025 8:21:57 PM webapp.storage.AbstractStorage save
INFO: &amp#27;[32mSave 82398c4a-d4d1-4f35-9e6a-f507a0d0832f(uuid6974)
сент. 16, 2025 8:21:57 PM webapp.storage.AbstractStorage save
INFO: &amp#27;[32mSave 78ab6698-51a9-4d43-a13e-56f025cdbf4e(uuid6975)
сент. 16, 2025 8:21:57 PM webapp.storage.AbstractStorage save
INFO: &amp#27;[32mSave 9b9df597-d4dd-43d0-a24c-26af4d0d7ad0(uuid6976)
сент. 16, 2025 8:21:57 PM webapp.storage.AbstractStorage save
INFO: &amp#27;[32mSave a9ebba39-8eb2-4d6d-8066-c152673380cd(uuid6977)
сент. 16, 2025 8:21:57 PM webapp.storage.AbstractStorage save
INFO: &amp#27;[32mSave 0716a7e9-2780-4070-9865-972c9fe50688(uuid6978)
сент. 16, 2025 8:21:57 PM webapp.storage.AbstractStorage save
INFO: &amp#27;[32mSave 20391d8e-0928-41c8-a00a-721ca3008db0(uuid6979)
сент. 16, 2025 8:21:57 PM webapp.storage.AbstractStorage save
INFO: &amp#27;[32mSave 7542034f-45ad-4103-bad0-8f8b9edae701(uuid6980)
сент. 16, 2025 8:21:57 PM webapp.storage.AbstractStorage save
INFO: &amp#27;[32mSave 620be553-4bd6-4abd-b2c3-d50f8581e456(uuid6981)
сент. 16, 2025 8:21:57 PM webapp.storage.AbstractStorage save
INFO: &amp#27;[32mSave 5fb88844-6bec-46cd-8af3-ea49b32d2a12(uuid6982)
сент. 16, 2025 8:21:57 PM webapp.storage.AbstractStorage save
INFO: &amp#27;[32mSave 4b3c058d-5b9d-49cb-9d82-ee7b8d0a8773(uuid6983)
сент. 16, 2025 8:21:57 PM webapp.storage.AbstractStorage save
INFO: &amp#27;[32mSave f38ebc74-e4e9-4e52-8dbb-494d4a156b4b(uuid6984)
сент. 16, 2025 8:21:57 PM webapp.storage.AbstractStorage save
INFO: &amp#27;[32mSave a77026be-e2c8-4983-a8eb-57c2cc6cc3b2(uuid6985)
сент. 16, 2025 8:21:57 PM webapp.storage.AbstractStorage save
INFO: &amp#27;[32mSave 6e36634a-e1eb-47b6-b2e6-2adf6a545f55(uuid6986)
сент. 16, 2025 8:21:57 PM webapp.storage.AbstractStorage save
INFO: &amp#27;[32mSave adf43c83-4b5c-499d-9606-37844a988de6(uuid6987)
сент. 16, 2025 8:21:57 PM webapp.storage.AbstractStorage save
INFO: &amp#27;[32mSave c427a10f-ea64-4371-9cf5-fce5f8d3b4d0(uuid6988)
сент. 16, 2025 8:21:57 PM webapp.storage.AbstractStorage save
INFO: &amp#27;[32mSave 89632f12-73a6-41df-a0c9-50e9f3e3da7d(uuid6989)
сент. 16, 2025 8:21:57 PM webapp.storage.AbstractStorage save
INFO: &amp#27;[32mSave ff09425d-ecd9-4445-af38-98f326217880(uuid6990)
сент. 16, 2025 8:21:57 PM webapp.storage.AbstractStorage save
INFO: &amp#27;[32mSave 119173ac-f2b0-42e3-aa0b-5f69d89fcf5f(uuid6991)
сент. 16, 2025 8:21:57 PM webapp.storage.AbstractStorage save
INFO: &amp#27;[32mSave 879e543a-bf1c-43cd-9dfb-cc4b20122486(uuid6992)
сент. 16, 2025 8:21:57 PM webapp.storage.AbstractStorage save
INFO: &amp#27;[32mSave d1a4f4b8-e9a3-4c66-8ecd-98a84350a3a1(uuid6993)
сент. 16, 2025 8:21:57 PM webapp.storage.AbstractStorage save
INFO: &amp#27;[32mSave 9f74f5e5-33b4-42f4-bfeb-9aa742d7d4f1(uuid6994)
сент. 16, 2025 8:21:57 PM webapp.storage.AbstractStorage save
INFO: &amp#27;[32mSave 2fc06f59-ab4d-4486-9ccb-4fed8baa321c(uuid6995)
сент. 16, 2025 8:21:57 PM webapp.storage.AbstractStorage save
INFO: &amp#27;[32mSave 5753c4f1-74be-4864-96ef-05800d6ae46e(uuid6996)
сент. 16, 2025 8:21:57 PM webapp.storage.AbstractStorage save
INFO: &amp#27;[32mSave 624beed1-05ef-4d71-a130-13b6fa574dc0(uuid6997)
сент. 16, 2025 8:21:57 PM webapp.storage.AbstractStorage save
INFO: &amp#27;[32mSave 9afdc8aa-e6b8-4f6f-a956-22f70ec974a1(uuid6998)
сент. 16, 2025 8:21:57 PM webapp.storage.AbstractStorage save
INFO: &amp#27;[32mSave 1cd6ffa1-50f4-446c-b437-008c8f8062ce(uuid6999)
сент. 16, 2025 8:21:57 PM webapp.storage.AbstractStorage save
INFO: &amp#27;[32mSave ed73d560-9045-456c-9a4e-11bfd8799470(uuid7000)
сент. 16, 2025 8:21:57 PM webapp.storage.AbstractStorage save
INFO: &amp#27;[32mSave 826d0e68-a068-44d2-8c6e-942c1d9d4631(uuid7001)
сент. 16, 2025 8:21:57 PM webapp.storage.AbstractStorage save
INFO: &amp#27;[32mSave 8b7915f6-4f96-4262-9e57-cdff937b4852(uuid7002)
сент. 16, 2025 8:21:57 PM webapp.storage.AbstractStorage save
INFO: &amp#27;[32mSave 37b9182f-490f-4554-8d64-f872db17c74b(uuid7003)
сент. 16, 2025 8:21:57 PM webapp.storage.AbstractStorage save
INFO: &amp#27;[32mSave 026c1a8f-da38-4dae-b7f4-7d357231b540(uuid7004)
сент. 16, 2025 8:21:57 PM webapp.storage.AbstractStorage save
INFO: &amp#27;[32mSave 11ee3778-de8d-4e5a-874e-c8767900e7a0(uuid7005)
сент. 16, 2025 8:21:57 PM webapp.storage.AbstractStorage save
INFO: &amp#27;[32mSave a1fe272c-0b00-4420-acd6-21e23afcbe5c(uuid7006)
сент. 16, 2025 8:21:57 PM webapp.storage.AbstractStorage save
INFO: &amp#27;[32mSave 95e1bd9d-42bf-4173-bd6a-82bca37976ed(uuid7007)
сент. 16, 2025 8:21:57 PM webapp.storage.AbstractStorage save
INFO: &amp#27;[32mSave dcb6ee0a-57b6-40e6-8422-59d3770c8929(uuid7008)
сент. 16, 2025 8:21:57 PM webapp.storage.AbstractStorage save
INFO: &amp#27;[32mSave 195a1774-8026-486f-91c3-811384782f3e(uuid7009)
сент. 16, 2025 8:21:57 PM webapp.storage.AbstractStorage save
INFO: &amp#27;[32mSave 6e10ce68-6f9e-47c1-867f-8679742d2905(uuid7010)
сент. 16, 2025 8:21:57 PM webapp.storage.AbstractStorage save
INFO: &amp#27;[32mSave 2309f227-f041-45e9-9b57-f8fbe1db23c2(uuid7011)
сент. 16, 2025 8:21:57 PM webapp.storage.AbstractStorage save
INFO: &amp#27;[32mSave ab52c6dc-0822-4275-8949-6b8b74448299(uuid7012)
сент. 16, 2025 8:21:57 PM webapp.storage.AbstractStorage save
INFO: &amp#27;[32mSave 4e2300d7-fbfc-4318-b243-1706f6a1f311(uuid7013)
сент. 16, 2025 8:21:57 PM webapp.storage.AbstractStorage save
INFO: &amp#27;[32mSave 849900be-4714-4178-b68d-1a5d26a1dfec(uuid7014)
сент. 16, 2025 8:21:57 PM webapp.storage.AbstractStorage save
INFO: &amp#27;[32mSave a45a43c1-4162-4e05-8e02-19c8c7e34864(uuid7015)
сент. 16, 2025 8:21:57 PM webapp.storage.AbstractStorage save
INFO: &amp#27;[32mSave ba97e1fc-1bde-4658-b121-51f60f05fcc6(uuid7016)
сент. 16, 2025 8:21:57 PM webapp.storage.AbstractStorage save
INFO: &amp#27;[32mSave a4a7fe10-6951-4d25-bc63-8aff33137262(uuid7017)
сент. 16, 2025 8:21:57 PM webapp.storage.AbstractStorage save
INFO: &amp#27;[32mSave 2e5b9a89-fd75-407e-b8bf-b94116e1e613(uuid7018)
сент. 16, 2025 8:21:57 PM webapp.storage.AbstractStorage save
INFO: &amp#27;[32mSave 6e95a6d4-4bc8-4383-8133-8c697f947d07(uuid7019)
сент. 16, 2025 8:21:57 PM webapp.storage.AbstractStorage save
INFO: &amp#27;[32mSave a325c28a-6274-4029-b128-76e332fb5c63(uuid7020)
сент. 16, 2025 8:21:57 PM webapp.storage.AbstractStorage save
INFO: &amp#27;[32mSave ff5f4409-5ed3-413c-98fe-e7a835a5d8b8(uuid7021)
сент. 16, 2025 8:21:57 PM webapp.storage.AbstractStorage save
INFO: &amp#27;[32mSave ae5324f0-a2cb-45ef-a538-bbf5b6681e0d(uuid7022)
сент. 16, 2025 8:21:57 PM webapp.storage.AbstractStorage save
INFO: &amp#27;[32mSave 8834a9b1-3e9e-43ab-a8f8-856f61fe9975(uuid7023)
сент. 16, 2025 8:21:57 PM webapp.storage.AbstractStorage save
INFO: &amp#27;[32mSave f58e3ab0-0f60-47bc-a654-99d76971b209(uuid7024)
сент. 16, 2025 8:21:57 PM webapp.storage.AbstractStorage save
INFO: &amp#27;[32mSave 5bf4a644-396f-4887-ac32-70b43c97206e(uuid7025)
сент. 16, 2025 8:21:57 PM webapp.storage.AbstractStorage save
INFO: &amp#27;[32mSave 60579d5e-b5a9-4b15-8a13-c03e7495228f(uuid7026)
сент. 16, 2025 8:21:57 PM webapp.storage.AbstractStorage save
INFO: &amp#27;[32mSave 59384ad1-52ce-47f3-a21c-cafbf338642c(uuid7027)
сент. 16, 2025 8:21:57 PM webapp.storage.AbstractStorage save
INFO: &amp#27;[32mSave e5818bd4-bbfd-4ef1-b7ca-fdba8e52d8a9(uuid7028)
сент. 16, 2025 8:21:57 PM webapp.storage.AbstractStorage save
INFO: &amp#27;[32mSave 3cefbd52-becb-4858-bfd7-3afd98bbd818(uuid7029)
сент. 16, 2025 8:21:57 PM webapp.storage.AbstractStorage save
INFO: &amp#27;[32mSave bd93e009-015b-44f7-989b-370cb2fa8b4e(uuid7030)
сент. 16, 2025 8:21:57 PM webapp.storage.AbstractStorage save
INFO: &amp#27;[32mSave 44b68373-511f-4098-bc15-0d6fda1178dc(uuid7031)
сент. 16, 2025 8:21:57 PM webapp.storage.AbstractStorage save
INFO: &amp#27;[32mSave 575c9a97-f00f-44a5-8be8-48daa951d8f4(uuid7032)
сент. 16, 2025 8:21:57 PM webapp.storage.AbstractStorage save
INFO: &amp#27;[32mSave 1465dd13-f60b-408e-8dc6-edfc47dd5591(uuid7033)
сент. 16, 2025 8:21:57 PM webapp.storage.AbstractStorage save
INFO: &amp#27;[32mSave 7722fba7-e596-45e0-b606-362926f63c6b(uuid7034)
сент. 16, 2025 8:21:57 PM webapp.storage.AbstractStorage save
INFO: &amp#27;[32mSave 7669ff52-c7c8-4d16-9fdb-b20b1155c6a1(uuid7035)
сент. 16, 2025 8:21:57 PM webapp.storage.AbstractStorage save
INFO: &amp#27;[32mSave 9e7edac8-5b9f-45f6-b325-314e1d2e8063(uuid7036)
сент. 16, 2025 8:21:57 PM webapp.storage.AbstractStorage save
INFO: &amp#27;[32mSave 21da4aae-8f62-4ec9-8519-63786b82694b(uuid7037)
сент. 16, 2025 8:21:57 PM webapp.storage.AbstractStorage save
INFO: &amp#27;[32mSave bdfd6a2d-7de9-4005-add8-15c00d04a882(uuid7038)
сент. 16, 2025 8:21:57 PM webapp.storage.AbstractStorage save
INFO: &amp#27;[32mSave 5b3e1570-108c-4812-876f-f52a5a19cdd0(uuid7039)
сент. 16, 2025 8:21:57 PM webapp.storage.AbstractStorage save
INFO: &amp#27;[32mSave cf0ca0ed-7abb-4127-9c9c-200e490fc7a6(uuid7040)
сент. 16, 2025 8:21:57 PM webapp.storage.AbstractStorage save
INFO: &amp#27;[32mSave cae94d81-054a-4410-9f01-446e0dabd3c4(uuid7041)
сент. 16, 2025 8:21:57 PM webapp.storage.AbstractStorage save
INFO: &amp#27;[32mSave b1f043b6-fab0-41d2-a36a-bf01d10a61ab(uuid7042)
сент. 16, 2025 8:21:57 PM webapp.storage.AbstractStorage save
INFO: &amp#27;[32mSave 4ce6d061-7345-4346-9d25-3499425fd335(uuid7043)
сент. 16, 2025 8:21:57 PM webapp.storage.AbstractStorage save
INFO: &amp#27;[32mSave 4fb59c9e-a467-43ed-9129-275bb74a7ff8(uuid7044)
сент. 16, 2025 8:21:57 PM webapp.storage.AbstractStorage save
INFO: &amp#27;[32mSave d1e59f5b-cb32-45e2-8e3d-d7efe2230b14(uuid7045)
сент. 16, 2025 8:21:57 PM webapp.storage.AbstractStorage save
INFO: &amp#27;[32mSave 21fad942-cb97-4d3b-9704-7c07aac930d3(uuid7046)
сент. 16, 2025 8:21:57 PM webapp.storage.AbstractStorage save
INFO: &amp#27;[32mSave cec56916-b1b5-41ad-9dba-fac736c25612(uuid7047)
сент. 16, 2025 8:21:57 PM webapp.storage.AbstractStorage save
INFO: &amp#27;[32mSave 13f0590d-f496-4c22-917f-1535092c8d4c(uuid7048)
сент. 16, 2025 8:21:57 PM webapp.storage.AbstractStorage save
INFO: &amp#27;[32mSave 7b8d5012-fa1e-443b-9922-1484fbe2247a(uuid7049)
сент. 16, 2025 8:21:57 PM webapp.storage.AbstractStorage save
INFO: &amp#27;[32mSave c48c7406-cefa-40a8-b4f4-78f52fde1111(uuid7050)
сент. 16, 2025 8:21:57 PM webapp.storage.AbstractStorage save
INFO: &amp#27;[32mSave c605eeea-e65c-47f3-9a22-4506e802f12b(uuid7051)
сент. 16, 2025 8:21:57 PM webapp.storage.AbstractStorage save
INFO: &amp#27;[32mSave a76dda1d-7331-43c5-8b04-f13f74db857b(uuid7052)
сент. 16, 2025 8:21:57 PM webapp.storage.AbstractStorage save
INFO: &amp#27;[32mSave f40a40ef-79b9-466a-9312-37a0e02e3553(uuid7053)
сент. 16, 2025 8:21:57 PM webapp.storage.AbstractStorage save
INFO: &amp#27;[32mSave bf1e74e4-a684-4e6a-bd65-a9374d19845e(uuid7054)
сент. 16, 2025 8:21:57 PM webapp.storage.AbstractStorage save
INFO: &amp#27;[32mSave 8d620d7f-fc1e-49b4-ac23-8a5e27fc3816(uuid7055)
сент. 16, 2025 8:21:57 PM webapp.storage.AbstractStorage save
INFO: &amp#27;[32mSave 05f5ef1f-6bb4-488a-802a-c6d42cfc943c(uuid7056)
сент. 16, 2025 8:21:57 PM webapp.storage.AbstractStorage save
INFO: &amp#27;[32mSave 7a268525-1e69-4bc7-bc84-d8d99f1af75c(uuid7057)
сент. 16, 2025 8:21:57 PM webapp.storage.AbstractStorage save
INFO: &amp#27;[32mSave e7c9d567-33b1-4f2c-9b20-640bd912eaac(uuid7058)
сент. 16, 2025 8:21:57 PM webapp.storage.AbstractStorage save
INFO: &amp#27;[32mSave 9fc4b08d-ff53-45b9-8876-3c69d3c7c7ce(uuid7059)
сент. 16, 2025 8:21:57 PM webapp.storage.AbstractStorage save
INFO: &amp#27;[32mSave 373d3519-aa7b-4db8-ac0b-af9619014398(uuid7060)
сент. 16, 2025 8:21:57 PM webapp.storage.AbstractStorage save
INFO: &amp#27;[32mSave b8014903-2701-42e0-bf3e-71318b13f239(uuid7061)
сент. 16, 2025 8:21:57 PM webapp.storage.AbstractStorage save
INFO: &amp#27;[32mSave ba79902e-88b7-4902-99ad-2c544d38dc33(uuid7062)
сент. 16, 2025 8:21:57 PM webapp.storage.AbstractStorage save
INFO: &amp#27;[32mSave aee30f75-aa5d-4c5e-9677-dc5c007f815f(uuid7063)
сент. 16, 2025 8:21:57 PM webapp.storage.AbstractStorage save
INFO: &amp#27;[32mSave 8ec355de-2a38-4dc9-b1e3-a074ac1e3011(uuid7064)
сент. 16, 2025 8:21:57 PM webapp.storage.AbstractStorage save
INFO: &amp#27;[32mSave 49676983-9159-4866-a1a0-0aba4213a1f9(uuid7065)
сент. 16, 2025 8:21:57 PM webapp.storage.AbstractStorage save
INFO: &amp#27;[32mSave 73a2ac0c-5c72-4758-9c3a-ba359de9cd2c(uuid7066)
сент. 16, 2025 8:21:57 PM webapp.storage.AbstractStorage save
INFO: &amp#27;[32mSave 80246c77-ea6f-41cd-abea-a23176812f8a(uuid7067)
сент. 16, 2025 8:21:57 PM webapp.storage.AbstractStorage save
INFO: &amp#27;[32mSave 33ee01db-033a-4714-97d0-d4fab94ac48a(uuid7068)
сент. 16, 2025 8:21:57 PM webapp.storage.AbstractStorage save
INFO: &amp#27;[32mSave 8aad7fcd-d7a4-477e-b1fe-32efa44b9dda(uuid7069)
сент. 16, 2025 8:21:57 PM webapp.storage.AbstractStorage save
INFO: &amp#27;[32mSave ad6bd383-1338-4555-ab1d-ac8f9e99fd87(uuid7070)
сент. 16, 2025 8:21:57 PM webapp.storage.AbstractStorage save
INFO: &amp#27;[32mSave 9aeeaf53-1906-41de-ab22-9749dfef0c86(uuid7071)
сент. 16, 2025 8:21:57 PM webapp.storage.AbstractStorage save
INFO: &amp#27;[32mSave 277e23df-a21e-49b5-92c3-db0f78eb0255(uuid7072)
сент. 16, 2025 8:21:57 PM webapp.storage.AbstractStorage save
INFO: &amp#27;[32mSave 637be332-30a7-4963-b2a4-731d1e4f1832(uuid7073)
сент. 16, 2025 8:21:57 PM webapp.storage.AbstractStorage save
INFO: &amp#27;[32mSave aa8e42e8-567c-472e-8133-91390b97f362(uuid7074)
сент. 16, 2025 8:21:57 PM webapp.storage.AbstractStorage save
INFO: &amp#27;[32mSave c253537f-3113-4ab9-b922-9e212d99dc1d(uuid7075)
сент. 16, 2025 8:21:57 PM webapp.storage.AbstractStorage save
INFO: &amp#27;[32mSave cdf25261-c90c-42c2-a343-7b3a489574dd(uuid7076)
сент. 16, 2025 8:21:57 PM webapp.storage.AbstractStorage save
INFO: &amp#27;[32mSave 492f9a61-df08-4db7-b2bc-41b248c05cd2(uuid7077)
сент. 16, 2025 8:21:57 PM webapp.storage.AbstractStorage save
INFO: &amp#27;[32mSave 653455b4-9d90-4a9c-82e8-1cb5698f0c26(uuid7078)
сент. 16, 2025 8:21:57 PM webapp.storage.AbstractStorage save
INFO: &amp#27;[32mSave ce099907-62e9-448a-82c9-ccc299b58580(uuid7079)
сент. 16, 2025 8:21:57 PM webapp.storage.AbstractStorage save
INFO: &amp#27;[32mSave 22680df9-e6e2-49b1-a924-f87a3cd97acb(uuid7080)
сент. 16, 2025 8:21:57 PM webapp.storage.AbstractStorage save
INFO: &amp#27;[32mSave 61357853-1b14-4cd6-8f19-e1e36eeae26b(uuid7081)
сент. 16, 2025 8:21:57 PM webapp.storage.AbstractStorage save
INFO: &amp#27;[32mSave 6383f647-a270-4d85-b033-0e0db8af7abf(uuid7082)
сент. 16, 2025 8:21:57 PM webapp.storage.AbstractStorage save
INFO: &amp#27;[32mSave 475cfc5c-93d7-4a0b-be9f-03d295c767cc(uuid7083)
сент. 16, 2025 8:21:57 PM webapp.storage.AbstractStorage save
INFO: &amp#27;[32mSave b12925be-b358-42fe-9e11-46f9cec122dd(uuid7084)
сент. 16, 2025 8:21:57 PM webapp.storage.AbstractStorage save
INFO: &amp#27;[32mSave 2804b24e-0883-4a0f-bfbc-34061928ad6c(uuid7085)
сент. 16, 2025 8:21:57 PM webapp.storage.AbstractStorage save
INFO: &amp#27;[32mSave 08d5de87-fc1d-4f72-9a7a-dfc82950aecb(uuid7086)
сент. 16, 2025 8:21:57 PM webapp.storage.AbstractStorage save
INFO: &amp#27;[32mSave fd0bec8a-961c-44ad-99bb-7cfb7f984519(uuid7087)
сент. 16, 2025 8:21:57 PM webapp.storage.AbstractStorage save
INFO: &amp#27;[32mSave eddfa94d-5dec-4562-b175-262c4638be80(uuid7088)
сент. 16, 2025 8:21:57 PM webapp.storage.AbstractStorage save
INFO: &amp#27;[32mSave 205aca7c-d4e3-45ba-8cfd-4bdef832edf5(uuid7089)
сент. 16, 2025 8:21:57 PM webapp.storage.AbstractStorage save
INFO: &amp#27;[32mSave 72560092-4064-4f74-981b-e2f6310406ef(uuid7090)
сент. 16, 2025 8:21:57 PM webapp.storage.AbstractStorage save
INFO: &amp#27;[32mSave 5d8eaabe-c1fa-4fc5-91bb-445652dac33c(uuid7091)
сент. 16, 2025 8:21:57 PM webapp.storage.AbstractStorage save
INFO: &amp#27;[32mSave eee0ae96-b341-4eb5-8824-3aa9e32ecf6c(uuid7092)
сент. 16, 2025 8:21:57 PM webapp.storage.AbstractStorage save
INFO: &amp#27;[32mSave 555d49d4-33fb-4952-85e8-9b6f2bfe2822(uuid7093)
сент. 16, 2025 8:21:57 PM webapp.storage.AbstractStorage save
INFO: &amp#27;[32mSave 0f255bf3-2634-4c59-ab0e-c2652d84a25b(uuid7094)
сент. 16, 2025 8:21:57 PM webapp.storage.AbstractStorage save
INFO: &amp#27;[32mSave fa30069d-5e16-4940-81d6-0bbb4a1bac49(uuid7095)
сент. 16, 2025 8:21:57 PM webapp.storage.AbstractStorage save
INFO: &amp#27;[32mSave c6288b96-6d33-4e85-aa75-c5656ab7c388(uuid7096)
сент. 16, 2025 8:21:57 PM webapp.storage.AbstractStorage save
INFO: &amp#27;[32mSave 5391047f-c475-443b-b6a1-3f34bd753754(uuid7097)
сент. 16, 2025 8:21:57 PM webapp.storage.AbstractStorage save
INFO: &amp#27;[32mSave ca4b9f73-33ba-4188-a74a-3000838995c7(uuid7098)
сент. 16, 2025 8:21:57 PM webapp.storage.AbstractStorage save
INFO: &amp#27;[32mSave 9b57c300-483f-40fc-92a6-eac10ae31702(uuid7099)
сент. 16, 2025 8:21:57 PM webapp.storage.AbstractStorage save
INFO: &amp#27;[32mSave 5ccf5112-b8e6-4329-aeae-a6aee14b1da6(uuid7100)
сент. 16, 2025 8:21:57 PM webapp.storage.AbstractStorage save
INFO: &amp#27;[32mSave aefb213d-b59d-45d7-9541-a9171b2063fc(uuid7101)
сент. 16, 2025 8:21:57 PM webapp.storage.AbstractStorage save
INFO: &amp#27;[32mSave 169bfa67-fb7a-4796-86d7-97c989454430(uuid7102)
сент. 16, 2025 8:21:57 PM webapp.storage.AbstractStorage save
INFO: &amp#27;[32mSave 5e41bb0e-60d5-44f6-824a-3d5e482c721d(uuid7103)
сент. 16, 2025 8:21:57 PM webapp.storage.AbstractStorage save
INFO: &amp#27;[32mSave 886a88a2-1bf5-43f4-b57e-867269538628(uuid7104)
сент. 16, 2025 8:21:57 PM webapp.storage.AbstractStorage save
INFO: &amp#27;[32mSave ae38e900-801c-444e-8551-c9621d11d922(uuid7105)
сент. 16, 2025 8:21:57 PM webapp.storage.AbstractStorage save
INFO: &amp#27;[32mSave 1fd1b8d2-cccd-4424-a593-51619dd147bf(uuid7106)
сент. 16, 2025 8:21:57 PM webapp.storage.AbstractStorage save
INFO: &amp#27;[32mSave defb1606-fb5e-4288-a6a6-be4657114307(uuid7107)
сент. 16, 2025 8:21:57 PM webapp.storage.AbstractStorage save
INFO: &amp#27;[32mSave f16623f5-5fa3-4451-90ae-ecdf545704f0(uuid7108)
сент. 16, 2025 8:21:57 PM webapp.storage.AbstractStorage save
INFO: &amp#27;[32mSave b7ef415c-799a-4110-bb7a-7770e94834d6(uuid7109)
сент. 16, 2025 8:21:57 PM webapp.storage.AbstractStorage save
INFO: &amp#27;[32mSave c7675da9-9eb7-4975-a382-5c1aa9c768ef(uuid7110)
сент. 16, 2025 8:21:57 PM webapp.storage.AbstractStorage save
INFO: &amp#27;[32mSave a5be96b0-c8b9-4649-b58d-f90171192419(uuid7111)
сент. 16, 2025 8:21:57 PM webapp.storage.AbstractStorage save
INFO: &amp#27;[32mSave 8a2614e6-b198-48aa-9fba-ac54a62d6a09(uuid7112)
сент. 16, 2025 8:21:57 PM webapp.storage.AbstractStorage save
INFO: &amp#27;[32mSave 534a2419-3769-4a38-8ff3-be789d7d1ada(uuid7113)
сент. 16, 2025 8:21:57 PM webapp.storage.AbstractStorage save
INFO: &amp#27;[32mSave 124a8ea2-c86f-44cc-b5d1-a3281b6d382a(uuid7114)
сент. 16, 2025 8:21:57 PM webapp.storage.AbstractStorage save
INFO: &amp#27;[32mSave 29e11b34-2d4d-4ea5-b958-8e6153c781a0(uuid7115)
сент. 16, 2025 8:21:57 PM webapp.storage.AbstractStorage save
INFO: &amp#27;[32mSave bb113a71-9af7-458f-9ada-15fa0f715556(uuid7116)
сент. 16, 2025 8:21:57 PM webapp.storage.AbstractStorage save
INFO: &amp#27;[32mSave 84530f32-dce4-41b9-8440-85db9eec1aeb(uuid7117)
сент. 16, 2025 8:21:57 PM webapp.storage.AbstractStorage save
INFO: &amp#27;[32mSave 9093228c-c758-4271-a645-079314021bca(uuid7118)
сент. 16, 2025 8:21:57 PM webapp.storage.AbstractStorage save
INFO: &amp#27;[32mSave 5a00c9d7-cd71-418c-92c6-9759a450cd02(uuid7119)
сент. 16, 2025 8:21:57 PM webapp.storage.AbstractStorage save
INFO: &amp#27;[32mSave 25f1de3b-c6df-40d8-be44-b1c4f601a466(uuid7120)
сент. 16, 2025 8:21:57 PM webapp.storage.AbstractStorage save
INFO: &amp#27;[32mSave d45224ae-dff8-498f-9719-49671444bc69(uuid7121)
сент. 16, 2025 8:21:57 PM webapp.storage.AbstractStorage save
INFO: &amp#27;[32mSave 8d454f5f-f9ba-4993-ae0c-3386da7991c9(uuid7122)
сент. 16, 2025 8:21:57 PM webapp.storage.AbstractStorage save
INFO: &amp#27;[32mSave 3f9c4571-e94c-4ecd-ab45-fcfc5280320f(uuid7123)
сент. 16, 2025 8:21:57 PM webapp.storage.AbstractStorage save
INFO: &amp#27;[32mSave 8f6b8a51-1f7b-4bc3-98dc-77919e948273(uuid7124)
сент. 16, 2025 8:21:57 PM webapp.storage.AbstractStorage save
INFO: &amp#27;[32mSave d5438979-d515-40e5-a51e-9d2545f17e78(uuid7125)
сент. 16, 2025 8:21:57 PM webapp.storage.AbstractStorage save
INFO: &amp#27;[32mSave f79820e7-5a51-4e52-84db-9e81ede725ff(uuid7126)
сент. 16, 2025 8:21:57 PM webapp.storage.AbstractStorage save
INFO: &amp#27;[32mSave d36dc7da-0226-4ed4-8eaa-b10b90dc2d02(uuid7127)
сент. 16, 2025 8:21:57 PM webapp.storage.AbstractStorage save
INFO: &amp#27;[32mSave 142d84a0-56c1-4653-9362-f9c0983e01fb(uuid7128)
сент. 16, 2025 8:21:57 PM webapp.storage.AbstractStorage save
INFO: &amp#27;[32mSave 3d4baad8-03b5-4910-98ed-7b3bcfc2609e(uuid7129)
сент. 16, 2025 8:21:57 PM webapp.storage.AbstractStorage save
INFO: &amp#27;[32mSave 831e5681-7b26-4e08-a7eb-7ca907adea6d(uuid7130)
сент. 16, 2025 8:21:57 PM webapp.storage.AbstractStorage save
INFO: &amp#27;[32mSave 2f7eb439-47f3-4383-b314-da2d51238ff1(uuid7131)
сент. 16, 2025 8:21:57 PM webapp.storage.AbstractStorage save
INFO: &amp#27;[32mSave db154fca-922b-4f9a-aec8-dd4055426559(uuid7132)
сент. 16, 2025 8:21:57 PM webapp.storage.AbstractStorage save
INFO: &amp#27;[32mSave 7fb703b9-948d-443c-bdbc-060c59897432(uuid7133)
сент. 16, 2025 8:21:57 PM webapp.storage.AbstractStorage save
INFO: &amp#27;[32mSave b8809ab5-34ba-4a71-aad4-94cabb2f51f7(uuid7134)
сент. 16, 2025 8:21:57 PM webapp.storage.AbstractStorage save
INFO: &amp#27;[32mSave 65c5f8f9-a60f-49a4-869c-b2ab2f2fd816(uuid7135)
сент. 16, 2025 8:21:57 PM webapp.storage.AbstractStorage save
INFO: &amp#27;[32mSave e439a7e2-ff58-404e-8e83-6716975a5b5f(uuid7136)
сент. 16, 2025 8:21:57 PM webapp.storage.AbstractStorage save
INFO: &amp#27;[32mSave 083c359b-7683-4adc-8483-57f7fdce634d(uuid7137)
сент. 16, 2025 8:21:57 PM webapp.storage.AbstractStorage save
INFO: &amp#27;[32mSave a62e5c0b-eab8-4722-ad0f-08b59985029b(uuid7138)
сент. 16, 2025 8:21:57 PM webapp.storage.AbstractStorage save
INFO: &amp#27;[32mSave dff568e8-c4ab-462c-b6e2-4b7a18df38fb(uuid7139)
сент. 16, 2025 8:21:57 PM webapp.storage.AbstractStorage save
INFO: &amp#27;[32mSave ad4aa7d9-4baa-4b94-a34c-ee0bd9ae6776(uuid7140)
сент. 16, 2025 8:21:57 PM webapp.storage.AbstractStorage save
INFO: &amp#27;[32mSave 85b2b25b-28f9-4fc1-9852-e6ff12ebb78a(uuid7141)
сент. 16, 2025 8:21:57 PM webapp.storage.AbstractStorage save
INFO: &amp#27;[32mSave 871a8d93-0587-4add-9a1b-d62ca9565988(uuid7142)
сент. 16, 2025 8:21:57 PM webapp.storage.AbstractStorage save
INFO: &amp#27;[32mSave e5ec5c10-75f7-4fb7-812b-fa4f981e16d1(uuid7143)
сент. 16, 2025 8:21:57 PM webapp.storage.AbstractStorage save
INFO: &amp#27;[32mSave d41eb271-04fc-457d-933f-ec5ea36bbfe8(uuid7144)
сент. 16, 2025 8:21:57 PM webapp.storage.AbstractStorage save
INFO: &amp#27;[32mSave aa86b796-c485-43f7-bbdb-137ff66919df(uuid7145)
сент. 16, 2025 8:21:57 PM webapp.storage.AbstractStorage save
INFO: &amp#27;[32mSave cf72275b-6ec9-42fe-b564-77d63362d990(uuid7146)
сент. 16, 2025 8:21:57 PM webapp.storage.AbstractStorage save
INFO: &amp#27;[32mSave e8b99caa-13f6-4a71-b966-543344090117(uuid7147)
сент. 16, 2025 8:21:57 PM webapp.storage.AbstractStorage save
INFO: &amp#27;[32mSave 2f89b7be-415e-4eb5-95e0-9b366cfae09f(uuid7148)
сент. 16, 2025 8:21:57 PM webapp.storage.AbstractStorage save
INFO: &amp#27;[32mSave 29d7fa91-d941-4ee7-b0af-788e055d1dae(uuid7149)
сент. 16, 2025 8:21:57 PM webapp.storage.AbstractStorage save
INFO: &amp#27;[32mSave ecfd7617-f607-4cd5-a80c-f1da74997d79(uuid7150)
сент. 16, 2025 8:21:57 PM webapp.storage.AbstractStorage save
INFO: &amp#27;[32mSave c9b4392b-dfc3-4cb6-abea-6780dcb2b091(uuid7151)
сент. 16, 2025 8:21:57 PM webapp.storage.AbstractStorage save
INFO: &amp#27;[32mSave c91a790f-f9f0-47d3-bcae-70f56fe28a1c(uuid7152)
сент. 16, 2025 8:21:57 PM webapp.storage.AbstractStorage save
INFO: &amp#27;[32mSave 07567ff7-e9b9-4d16-befa-ae6513e99e3a(uuid7153)
сент. 16, 2025 8:21:57 PM webapp.storage.AbstractStorage save
INFO: &amp#27;[32mSave 1539f051-beb1-4434-848f-1f7c6a07cb6d(uuid7154)
сент. 16, 2025 8:21:57 PM webapp.storage.AbstractStorage save
INFO: &amp#27;[32mSave cd3e9751-404d-41c1-89ad-caa047214670(uuid7155)
сент. 16, 2025 8:21:57 PM webapp.storage.AbstractStorage save
INFO: &amp#27;[32mSave b61fff68-b371-48b9-8b4a-b0b8b6e20948(uuid7156)
сент. 16, 2025 8:21:57 PM webapp.storage.AbstractStorage save
INFO: &amp#27;[32mSave 890fa81f-8b0c-4ed7-81e6-8ebf7c0eb4bc(uuid7157)
сент. 16, 2025 8:21:57 PM webapp.storage.AbstractStorage save
INFO: &amp#27;[32mSave b428ee28-ef44-4ae2-94bc-a63a68709ed4(uuid7158)
сент. 16, 2025 8:21:57 PM webapp.storage.AbstractStorage save
INFO: &amp#27;[32mSave 9feffe9d-2258-4c7f-bcdd-c306e025a48a(uuid7159)
сент. 16, 2025 8:21:57 PM webapp.storage.AbstractStorage save
INFO: &amp#27;[32mSave b4c6eb23-d9f1-4188-b3fb-38084dea1acd(uuid7160)
сент. 16, 2025 8:21:57 PM webapp.storage.AbstractStorage save
INFO: &amp#27;[32mSave 0c439813-a1e1-4c15-91a4-d4b6b6a3d821(uuid7161)
сент. 16, 2025 8:21:57 PM webapp.storage.AbstractStorage save
INFO: &amp#27;[32mSave 84986d70-2fc4-43ca-b200-439051baf370(uuid7162)
сент. 16, 2025 8:21:57 PM webapp.storage.AbstractStorage save
INFO: &amp#27;[32mSave 9f4213c7-b0e8-491d-b5ca-ac62cfad5b27(uuid7163)
сент. 16, 2025 8:21:57 PM webapp.storage.AbstractStorage save
INFO: &amp#27;[32mSave 617d1c6a-611f-42d0-a76f-75453ed4af9b(uuid7164)
сент. 16, 2025 8:21:57 PM webapp.storage.AbstractStorage save
INFO: &amp#27;[32mSave 392db752-2aed-4fc2-a2f8-6694a47dbaaa(uuid7165)
сент. 16, 2025 8:21:57 PM webapp.storage.AbstractStorage save
INFO: &amp#27;[32mSave b44a49c5-abd9-4166-9818-1747ca9b53e4(uuid7166)
сент. 16, 2025 8:21:57 PM webapp.storage.AbstractStorage save
INFO: &amp#27;[32mSave 65178ce2-760a-4990-9066-73d02b38c180(uuid7167)
сент. 16, 2025 8:21:57 PM webapp.storage.AbstractStorage save
INFO: &amp#27;[32mSave fc73ce65-59da-49c9-9030-07f40b6850cd(uuid7168)
сент. 16, 2025 8:21:57 PM webapp.storage.AbstractStorage save
INFO: &amp#27;[32mSave 4d080ba3-90d3-403c-b6c7-455ab6f7b939(uuid7169)
сент. 16, 2025 8:21:57 PM webapp.storage.AbstractStorage save
INFO: &amp#27;[32mSave be1f36d3-12ff-4e3f-a230-3ea164087d4d(uuid7170)
сент. 16, 2025 8:21:57 PM webapp.storage.AbstractStorage save
INFO: &amp#27;[32mSave b7ac439f-e257-4716-ae81-b6d8bb1f5f4c(uuid7171)
сент. 16, 2025 8:21:57 PM webapp.storage.AbstractStorage save
INFO: &amp#27;[32mSave 5b3f46a6-f9f3-436b-bd3c-5c5111a882d3(uuid7172)
сент. 16, 2025 8:21:57 PM webapp.storage.AbstractStorage save
INFO: &amp#27;[32mSave 011828ee-1ec8-4c1e-8e13-4c44006616c8(uuid7173)
сент. 16, 2025 8:21:57 PM webapp.storage.AbstractStorage save
INFO: &amp#27;[32mSave 9059e924-e798-4cf9-a8a6-c553255ca939(uuid7174)
сент. 16, 2025 8:21:57 PM webapp.storage.AbstractStorage save
INFO: &amp#27;[32mSave 01cdfc71-be60-4c0c-9d6b-de073b045efd(uuid7175)
сент. 16, 2025 8:21:57 PM webapp.storage.AbstractStorage save
INFO: &amp#27;[32mSave 0702a738-6bed-45da-9f17-5607f16ff5a0(uuid7176)
сент. 16, 2025 8:21:57 PM webapp.storage.AbstractStorage save
INFO: &amp#27;[32mSave fe1d9c94-b52d-4b56-af74-2806b72fd74e(uuid7177)
сент. 16, 2025 8:21:57 PM webapp.storage.AbstractStorage save
INFO: &amp#27;[32mSave 0984f573-f380-4bef-87b6-6210495e6348(uuid7178)
сент. 16, 2025 8:21:57 PM webapp.storage.AbstractStorage save
INFO: &amp#27;[32mSave c2b11a07-93d2-4d22-a4c2-c57b3a9a44ad(uuid7179)
сент. 16, 2025 8:21:57 PM webapp.storage.AbstractStorage save
INFO: &amp#27;[32mSave 05d92e37-e9ac-4157-9dc4-81804f4cd388(uuid7180)
сент. 16, 2025 8:21:57 PM webapp.storage.AbstractStorage save
INFO: &amp#27;[32mSave 9270e191-9eb4-447a-b81e-70efb3acc052(uuid7181)
сент. 16, 2025 8:21:57 PM webapp.storage.AbstractStorage save
INFO: &amp#27;[32mSave 2f740909-e61f-4c29-98a9-82d189ae388a(uuid7182)
сент. 16, 2025 8:21:57 PM webapp.storage.AbstractStorage save
INFO: &amp#27;[32mSave 5b6f0850-c223-4b88-a961-da1cdaab9c02(uuid7183)
сент. 16, 2025 8:21:57 PM webapp.storage.AbstractStorage save
INFO: &amp#27;[32mSave 2c7a4e63-d938-4f17-bfc2-25457bd93ce9(uuid7184)
сент. 16, 2025 8:21:57 PM webapp.storage.AbstractStorage save
INFO: &amp#27;[32mSave 07edcf1e-0756-4ea3-b2f8-d971af857539(uuid7185)
сент. 16, 2025 8:21:57 PM webapp.storage.AbstractStorage save
INFO: &amp#27;[32mSave 636112ce-b1f5-4698-95c2-1ca5434f2396(uuid7186)
сент. 16, 2025 8:21:57 PM webapp.storage.AbstractStorage save
INFO: &amp#27;[32mSave 975d02e3-43cf-4def-8ba1-1e86b596bec3(uuid7187)
сент. 16, 2025 8:21:57 PM webapp.storage.AbstractStorage save
INFO: &amp#27;[32mSave 1e0274bc-3c50-4b37-9b55-de1335bce68d(uuid7188)
сент. 16, 2025 8:21:57 PM webapp.storage.AbstractStorage save
INFO: &amp#27;[32mSave a3d2111a-12db-4e80-a10d-50f187e43724(uuid7189)
сент. 16, 2025 8:21:57 PM webapp.storage.AbstractStorage save
INFO: &amp#27;[32mSave 81b754b7-3fae-46fa-9988-b6c9581d9613(uuid7190)
сент. 16, 2025 8:21:57 PM webapp.storage.AbstractStorage save
INFO: &amp#27;[32mSave dbd61490-07bb-4d11-8cd3-4bbbf41bfe1b(uuid7191)
сент. 16, 2025 8:21:57 PM webapp.storage.AbstractStorage save
INFO: &amp#27;[32mSave 5022b60b-b5e5-4737-807b-6e85b8bd5f35(uuid7192)
сент. 16, 2025 8:21:57 PM webapp.storage.AbstractStorage save
INFO: &amp#27;[32mSave 24e5d07e-2fda-411e-b654-9ace202fe5cc(uuid7193)
сент. 16, 2025 8:21:57 PM webapp.storage.AbstractStorage save
INFO: &amp#27;[32mSave 5ebe4be5-0edd-4287-98dd-665fb0266c4d(uuid7194)
сент. 16, 2025 8:21:57 PM webapp.storage.AbstractStorage save
INFO: &amp#27;[32mSave 3aa59c7e-ea84-4321-9ad5-233f1bf02661(uuid7195)
сент. 16, 2025 8:21:57 PM webapp.storage.AbstractStorage save
INFO: &amp#27;[32mSave c52396d8-ef7c-47ea-ac92-1a9f64cb9f29(uuid7196)
сент. 16, 2025 8:21:57 PM webapp.storage.AbstractStorage save
INFO: &amp#27;[32mSave 493c416f-1596-4f11-90a9-b22d09d500f2(uuid7197)
сент. 16, 2025 8:21:57 PM webapp.storage.AbstractStorage save
INFO: &amp#27;[32mSave 01efad0a-e301-4b78-95b8-8de3bc861198(uuid7198)
сент. 16, 2025 8:21:57 PM webapp.storage.AbstractStorage save
INFO: &amp#27;[32mSave a59d13cb-4ed1-4fd5-818b-35a807060b2c(uuid7199)
сент. 16, 2025 8:21:57 PM webapp.storage.AbstractStorage save
INFO: &amp#27;[32mSave 70c409b4-14cc-4c71-88ea-b7868cf480ee(uuid7200)
сент. 16, 2025 8:21:57 PM webapp.storage.AbstractStorage save
INFO: &amp#27;[32mSave 89fb2647-0b55-411a-9f48-59b4db59f43c(uuid7201)
сент. 16, 2025 8:21:57 PM webapp.storage.AbstractStorage save
INFO: &amp#27;[32mSave fe179688-435b-4417-9754-9a7f219fcf9c(uuid7202)
сент. 16, 2025 8:21:57 PM webapp.storage.AbstractStorage save
INFO: &amp#27;[32mSave ebfde6e9-5ca3-4e99-9e6a-075cba1e2b81(uuid7203)
сент. 16, 2025 8:21:57 PM webapp.storage.AbstractStorage save
INFO: &amp#27;[32mSave bc83068c-f1b5-485b-a854-8fcf1461c75d(uuid7204)
сент. 16, 2025 8:21:57 PM webapp.storage.AbstractStorage save
INFO: &amp#27;[32mSave 2c9d4080-7325-4809-a4dd-84bec71bb70c(uuid7205)
сент. 16, 2025 8:21:57 PM webapp.storage.AbstractStorage save
INFO: &amp#27;[32mSave a5a54b49-e5ac-4d29-a22c-f59fe7cd98b3(uuid7206)
сент. 16, 2025 8:21:57 PM webapp.storage.AbstractStorage save
INFO: &amp#27;[32mSave c0b1eab9-8c76-4576-bd2b-1dc9df295a40(uuid7207)
сент. 16, 2025 8:21:57 PM webapp.storage.AbstractStorage save
INFO: &amp#27;[32mSave a864dc4e-50c5-4dcf-8498-98f3462bb057(uuid7208)
сент. 16, 2025 8:21:57 PM webapp.storage.AbstractStorage save
INFO: &amp#27;[32mSave 756f6a1e-6d44-4a30-b581-529b0a536d2c(uuid7209)
сент. 16, 2025 8:21:57 PM webapp.storage.AbstractStorage save
INFO: &amp#27;[32mSave 4b36848b-2005-4c1c-a09e-f2be0c81e3ab(uuid7210)
сент. 16, 2025 8:21:57 PM webapp.storage.AbstractStorage save
INFO: &amp#27;[32mSave a6fd2338-ec0b-4e40-ae20-916c27f8a46a(uuid7211)
сент. 16, 2025 8:21:57 PM webapp.storage.AbstractStorage save
INFO: &amp#27;[32mSave 4e66c3f5-14ae-4954-8219-ed5eaf03eb4e(uuid7212)
сент. 16, 2025 8:21:57 PM webapp.storage.AbstractStorage save
INFO: &amp#27;[32mSave 02590820-3bd8-437f-bc57-37b7ea13e4f8(uuid7213)
сент. 16, 2025 8:21:57 PM webapp.storage.AbstractStorage save
INFO: &amp#27;[32mSave 9850e23c-f0b9-4de8-a197-2a8f699e1464(uuid7214)
сент. 16, 2025 8:21:57 PM webapp.storage.AbstractStorage save
INFO: &amp#27;[32mSave 891e236d-91aa-47f4-bd95-8a6bc93f1ad6(uuid7215)
сент. 16, 2025 8:21:57 PM webapp.storage.AbstractStorage save
INFO: &amp#27;[32mSave 91ed140f-837c-4193-9b7f-67c74cc6bdff(uuid7216)
сент. 16, 2025 8:21:57 PM webapp.storage.AbstractStorage save
INFO: &amp#27;[32mSave 3d4b77f3-eff9-4286-9c1b-b9e3c8009ebd(uuid7217)
сент. 16, 2025 8:21:57 PM webapp.storage.AbstractStorage save
INFO: &amp#27;[32mSave b3321d3f-ff91-481b-b952-64ec54fee0fc(uuid7218)
сент. 16, 2025 8:21:57 PM webapp.storage.AbstractStorage save
INFO: &amp#27;[32mSave 97d36f16-9e81-4c37-99de-c0605fbcd257(uuid7219)
сент. 16, 2025 8:21:57 PM webapp.storage.AbstractStorage save
INFO: &amp#27;[32mSave a97dafbf-e5d7-4637-b069-a745c521d3a6(uuid7220)
сент. 16, 2025 8:21:57 PM webapp.storage.AbstractStorage save
INFO: &amp#27;[32mSave f7ceba4b-f290-4c66-83ca-cf3329d2e8f8(uuid7221)
сент. 16, 2025 8:21:57 PM webapp.storage.AbstractStorage save
INFO: &amp#27;[32mSave 589c77cf-20fe-49e4-a66e-6f8267868982(uuid7222)
сент. 16, 2025 8:21:57 PM webapp.storage.AbstractStorage save
INFO: &amp#27;[32mSave 9d1e2a0b-fa86-4685-b128-499b13a50c9c(uuid7223)
сент. 16, 2025 8:21:57 PM webapp.storage.AbstractStorage save
INFO: &amp#27;[32mSave 07e22e42-825e-4a0d-a28f-ec3c34a22940(uuid7224)
сент. 16, 2025 8:21:57 PM webapp.storage.AbstractStorage save
INFO: &amp#27;[32mSave c8d51fa7-1dbe-4fe5-a61d-1ba2f43a316b(uuid7225)
сент. 16, 2025 8:21:57 PM webapp.storage.AbstractStorage save
INFO: &amp#27;[32mSave f73493fd-e098-47b2-9b91-49cb12c60fb7(uuid7226)
сент. 16, 2025 8:21:57 PM webapp.storage.AbstractStorage save
INFO: &amp#27;[32mSave 475b1976-950a-4c27-8a0b-702e17c6efc1(uuid7227)
сент. 16, 2025 8:21:57 PM webapp.storage.AbstractStorage save
INFO: &amp#27;[32mSave 59b7f3c5-8cd4-46df-b929-e69bef42ba5e(uuid7228)
сент. 16, 2025 8:21:57 PM webapp.storage.AbstractStorage save
INFO: &amp#27;[32mSave fae15d4c-afd8-4674-b638-f1db34186d46(uuid7229)
сент. 16, 2025 8:21:57 PM webapp.storage.AbstractStorage save
INFO: &amp#27;[32mSave 94fb6259-e185-4769-aa23-bf83b0b3f1b3(uuid7230)
сент. 16, 2025 8:21:57 PM webapp.storage.AbstractStorage save
INFO: &amp#27;[32mSave 748186eb-87e8-46a9-8e17-52782f98b2e4(uuid7231)
сент. 16, 2025 8:21:57 PM webapp.storage.AbstractStorage save
INFO: &amp#27;[32mSave 3ba732af-b842-4d93-b7eb-d855e62db752(uuid7232)
сент. 16, 2025 8:21:57 PM webapp.storage.AbstractStorage save
INFO: &amp#27;[32mSave 4368abea-b18e-4024-8f97-f9e616a676b8(uuid7233)
сент. 16, 2025 8:21:57 PM webapp.storage.AbstractStorage save
INFO: &amp#27;[32mSave bb7320e4-8c37-4141-a996-a6617fce553b(uuid7234)
сент. 16, 2025 8:21:57 PM webapp.storage.AbstractStorage save
INFO: &amp#27;[32mSave c7ba182c-861d-4039-b9e5-81cbaadefb74(uuid7235)
сент. 16, 2025 8:21:57 PM webapp.storage.AbstractStorage save
INFO: &amp#27;[32mSave 8b1842b6-4e56-41c0-b736-0b2da6c31f05(uuid7236)
сент. 16, 2025 8:21:57 PM webapp.storage.AbstractStorage save
INFO: &amp#27;[32mSave b3bc4609-577d-49c0-9054-2dd9840c518d(uuid7237)
сент. 16, 2025 8:21:57 PM webapp.storage.AbstractStorage save
INFO: &amp#27;[32mSave bcc07800-c82a-421f-b85d-01a2a96bb8ab(uuid7238)
сент. 16, 2025 8:21:57 PM webapp.storage.AbstractStorage save
INFO: &amp#27;[32mSave b44f16cb-37d1-4e87-ad36-33a893cb1941(uuid7239)
сент. 16, 2025 8:21:57 PM webapp.storage.AbstractStorage save
INFO: &amp#27;[32mSave 8b1faa63-a2be-4c2e-b886-cab8cb9a2fe0(uuid7240)
сент. 16, 2025 8:21:57 PM webapp.storage.AbstractStorage save
INFO: &amp#27;[32mSave bd7183fc-1e92-41be-a87d-4b25de2d7e56(uuid7241)
сент. 16, 2025 8:21:57 PM webapp.storage.AbstractStorage save
INFO: &amp#27;[32mSave 3be3a480-4c9a-4e1a-b650-2b9afb7464db(uuid7242)
сент. 16, 2025 8:21:57 PM webapp.storage.AbstractStorage save
INFO: &amp#27;[32mSave 9bb7f34b-6afb-4016-98f5-993c1360b559(uuid7243)
сент. 16, 2025 8:21:57 PM webapp.storage.AbstractStorage save
INFO: &amp#27;[32mSave 878a667b-0fea-4607-80a5-5730b9129f1b(uuid7244)
сент. 16, 2025 8:21:57 PM webapp.storage.AbstractStorage save
INFO: &amp#27;[32mSave eefbfcf2-f001-4649-ae3e-59351fb2c5b7(uuid7245)
сент. 16, 2025 8:21:57 PM webapp.storage.AbstractStorage save
INFO: &amp#27;[32mSave e95c4ecb-cd4f-486a-ba27-73b8deda61ff(uuid7246)
сент. 16, 2025 8:21:57 PM webapp.storage.AbstractStorage save
INFO: &amp#27;[32mSave e4511c31-136e-420e-b57d-52726ea504cd(uuid7247)
сент. 16, 2025 8:21:57 PM webapp.storage.AbstractStorage save
INFO: &amp#27;[32mSave fbfedd1f-9653-4730-93bb-06739318c9ce(uuid7248)
сент. 16, 2025 8:21:57 PM webapp.storage.AbstractStorage save
INFO: &amp#27;[32mSave bc9c33b8-3ea4-4760-96f3-de5cc2a2a616(uuid7249)
сент. 16, 2025 8:21:57 PM webapp.storage.AbstractStorage save
INFO: &amp#27;[32mSave 993bc208-828f-4bf0-83d0-fd0c8cd40f25(uuid7250)
сент. 16, 2025 8:21:57 PM webapp.storage.AbstractStorage save
INFO: &amp#27;[32mSave c3778785-5892-4c56-9743-6ebcb876846a(uuid7251)
сент. 16, 2025 8:21:57 PM webapp.storage.AbstractStorage save
INFO: &amp#27;[32mSave a577d954-86e9-485d-850b-c16be0758628(uuid7252)
сент. 16, 2025 8:21:57 PM webapp.storage.AbstractStorage save
INFO: &amp#27;[32mSave 55d37399-5afe-4619-ace6-3d08a879b8a2(uuid7253)
сент. 16, 2025 8:21:57 PM webapp.storage.AbstractStorage save
INFO: &amp#27;[32mSave 055364d1-1e1e-4265-b8bf-1e798a5ab717(uuid7254)
сент. 16, 2025 8:21:57 PM webapp.storage.AbstractStorage save
INFO: &amp#27;[32mSave aea5542b-0db5-4f52-a3f8-2ac3bcf2e6cc(uuid7255)
сент. 16, 2025 8:21:57 PM webapp.storage.AbstractStorage save
INFO: &amp#27;[32mSave 29ddaf8e-cabf-4343-8f8a-ad5f887159ad(uuid7256)
сент. 16, 2025 8:21:57 PM webapp.storage.AbstractStorage save
INFO: &amp#27;[32mSave c2777592-3907-4cae-aeb5-ce2a4de49413(uuid7257)
сент. 16, 2025 8:21:57 PM webapp.storage.AbstractStorage save
INFO: &amp#27;[32mSave 4558f556-fc0c-475a-a7a4-b0c6163615d5(uuid7258)
сент. 16, 2025 8:21:57 PM webapp.storage.AbstractStorage save
INFO: &amp#27;[32mSave 24c3def7-2398-4e01-8487-6a51a2868fc7(uuid7259)
сент. 16, 2025 8:21:57 PM webapp.storage.AbstractStorage save
INFO: &amp#27;[32mSave 2dd05f27-79fc-475f-8281-410ef92fb363(uuid7260)
сент. 16, 2025 8:21:57 PM webapp.storage.AbstractStorage save
INFO: &amp#27;[32mSave bbfeb96e-6339-43ef-b995-06f1100355c6(uuid7261)
сент. 16, 2025 8:21:57 PM webapp.storage.AbstractStorage save
INFO: &amp#27;[32mSave 5e8a61db-9e35-4def-bdb8-44acc30171dc(uuid7262)
сент. 16, 2025 8:21:57 PM webapp.storage.AbstractStorage save
INFO: &amp#27;[32mSave 04ace800-84a7-4c7e-a055-4755bc1b5d3d(uuid7263)
сент. 16, 2025 8:21:57 PM webapp.storage.AbstractStorage save
INFO: &amp#27;[32mSave f7b2fc74-361e-42d4-9b35-eb5063f61646(uuid7264)
сент. 16, 2025 8:21:57 PM webapp.storage.AbstractStorage save
INFO: &amp#27;[32mSave ec05acc9-9063-4a78-9dfc-d6cc8cdb7a86(uuid7265)
сент. 16, 2025 8:21:57 PM webapp.storage.AbstractStorage save
INFO: &amp#27;[32mSave 812dea2c-77c6-458c-af35-c402a4ab3518(uuid7266)
сент. 16, 2025 8:21:57 PM webapp.storage.AbstractStorage save
INFO: &amp#27;[32mSave 6cdd1ed0-8498-4a06-ae65-e903e05de252(uuid7267)
сент. 16, 2025 8:21:57 PM webapp.storage.AbstractStorage save
INFO: &amp#27;[32mSave 125d0c97-3c3e-4f53-bc88-226c5c8d10c0(uuid7268)
сент. 16, 2025 8:21:57 PM webapp.storage.AbstractStorage save
INFO: &amp#27;[32mSave 364ba90c-43de-40bd-9e2a-2b9e206cfdb8(uuid7269)
сент. 16, 2025 8:21:57 PM webapp.storage.AbstractStorage save
INFO: &amp#27;[32mSave bccfabe2-77f7-42fe-b392-ec5830b2484b(uuid7270)
сент. 16, 2025 8:21:57 PM webapp.storage.AbstractStorage save
INFO: &amp#27;[32mSave ed192952-cead-4921-9c3d-b022cddb1401(uuid7271)
сент. 16, 2025 8:21:57 PM webapp.storage.AbstractStorage save
INFO: &amp#27;[32mSave 16ebe6fb-84fc-4399-b422-f35735e1542f(uuid7272)
сент. 16, 2025 8:21:57 PM webapp.storage.AbstractStorage save
INFO: &amp#27;[32mSave 2bf3705a-837d-49cb-bf2e-1fe44834f2f3(uuid7273)
сент. 16, 2025 8:21:57 PM webapp.storage.AbstractStorage save
INFO: &amp#27;[32mSave 80c2ba39-b23f-4541-b17c-288632836bad(uuid7274)
сент. 16, 2025 8:21:57 PM webapp.storage.AbstractStorage save
INFO: &amp#27;[32mSave 3d8088d5-6b0b-448a-8ece-ac7dbfc12fc3(uuid7275)
сент. 16, 2025 8:21:57 PM webapp.storage.AbstractStorage save
INFO: &amp#27;[32mSave e8d36af5-f0ce-45ba-b724-5cc859c3c1d2(uuid7276)
сент. 16, 2025 8:21:57 PM webapp.storage.AbstractStorage save
INFO: &amp#27;[32mSave 8421d358-1b36-4dd4-829b-97ea9a6fab97(uuid7277)
сент. 16, 2025 8:21:57 PM webapp.storage.AbstractStorage save
INFO: &amp#27;[32mSave f6f589a3-9786-470e-8e13-1df54fa563f8(uuid7278)
сент. 16, 2025 8:21:57 PM webapp.storage.AbstractStorage save
INFO: &amp#27;[32mSave 5c2ecc7e-c244-44b5-9d1d-ac8c65a31b98(uuid7279)
сент. 16, 2025 8:21:57 PM webapp.storage.AbstractStorage save
INFO: &amp#27;[32mSave 4ac03eca-9fc5-42e8-af2f-53eb30fd73c6(uuid7280)
сент. 16, 2025 8:21:57 PM webapp.storage.AbstractStorage save
INFO: &amp#27;[32mSave 3416df86-437d-4657-8ff6-4453c62386bf(uuid7281)
сент. 16, 2025 8:21:57 PM webapp.storage.AbstractStorage save
INFO: &amp#27;[32mSave 99e579bd-4086-452d-8550-c66cfcba9ed3(uuid7282)
сент. 16, 2025 8:21:57 PM webapp.storage.AbstractStorage save
INFO: &amp#27;[32mSave a0e0095d-ee51-4215-be3c-e12938695199(uuid7283)
сент. 16, 2025 8:21:57 PM webapp.storage.AbstractStorage save
INFO: &amp#27;[32mSave f0de405e-f597-492c-9676-00f5e4ce0de6(uuid7284)
сент. 16, 2025 8:21:57 PM webapp.storage.AbstractStorage save
INFO: &amp#27;[32mSave bece02a6-de25-4e55-ac25-5b7fb4b92cab(uuid7285)
сент. 16, 2025 8:21:57 PM webapp.storage.AbstractStorage save
INFO: &amp#27;[32mSave 9466f4f3-37d3-4d23-8dde-54a44e4f8d52(uuid7286)
сент. 16, 2025 8:21:57 PM webapp.storage.AbstractStorage save
INFO: &amp#27;[32mSave 6a37a64d-01de-4eb0-bcdc-71288f2a8c53(uuid7287)
сент. 16, 2025 8:21:57 PM webapp.storage.AbstractStorage save
INFO: &amp#27;[32mSave 0a06592f-b64c-4d28-ae50-1bdc0685dc2a(uuid7288)
сент. 16, 2025 8:21:57 PM webapp.storage.AbstractStorage save
INFO: &amp#27;[32mSave fd1df63d-9c72-40b6-8783-47ad99afce27(uuid7289)
сент. 16, 2025 8:21:57 PM webapp.storage.AbstractStorage save
INFO: &amp#27;[32mSave 0f926c6d-3019-4bd3-9f05-76d4af0a3813(uuid7290)
сент. 16, 2025 8:21:57 PM webapp.storage.AbstractStorage save
INFO: &amp#27;[32mSave a24dc614-9d49-49a6-82ac-69168322815b(uuid7291)
сент. 16, 2025 8:21:57 PM webapp.storage.AbstractStorage save
INFO: &amp#27;[32mSave 45debff1-83e6-45fc-853c-aa559ee4ac00(uuid7292)
сент. 16, 2025 8:21:57 PM webapp.storage.AbstractStorage save
INFO: &amp#27;[32mSave aaefad70-57d5-481d-a23d-78cae0980f88(uuid7293)
сент. 16, 2025 8:21:57 PM webapp.storage.AbstractStorage save
INFO: &amp#27;[32mSave 81b15cd7-f9dc-486f-b59b-27213e3cf125(uuid7294)
сент. 16, 2025 8:21:57 PM webapp.storage.AbstractStorage save
INFO: &amp#27;[32mSave 00034926-4dfc-43c4-aca0-544545e825fa(uuid7295)
сент. 16, 2025 8:21:57 PM webapp.storage.AbstractStorage save
INFO: &amp#27;[32mSave 36ddd4b5-cbd4-4337-953c-20a4aec9b98f(uuid7296)
сент. 16, 2025 8:21:57 PM webapp.storage.AbstractStorage save
INFO: &amp#27;[32mSave 67991f4c-321e-4a2a-ad0f-73e66ad4b74d(uuid7297)
сент. 16, 2025 8:21:57 PM webapp.storage.AbstractStorage save
INFO: &amp#27;[32mSave 7a177b10-e0ae-44f4-8d40-3021ebe6b1e2(uuid7298)
сент. 16, 2025 8:21:57 PM webapp.storage.AbstractStorage save
INFO: &amp#27;[32mSave 0181803b-4e04-4eca-a974-ca7830a09090(uuid7299)
сент. 16, 2025 8:21:57 PM webapp.storage.AbstractStorage save
INFO: &amp#27;[32mSave 08360f66-efc2-44fe-8532-e2ae9facab0f(uuid7300)
сент. 16, 2025 8:21:57 PM webapp.storage.AbstractStorage save
INFO: &amp#27;[32mSave 298ee6b3-b21b-41ce-a3ff-019e54842516(uuid7301)
сент. 16, 2025 8:21:57 PM webapp.storage.AbstractStorage save
INFO: &amp#27;[32mSave 2478e9b6-382e-4259-a7f6-63e79c45a216(uuid7302)
сент. 16, 2025 8:21:57 PM webapp.storage.AbstractStorage save
INFO: &amp#27;[32mSave ee48dec3-dacf-4062-9fb5-e4e02d494b9a(uuid7303)
сент. 16, 2025 8:21:57 PM webapp.storage.AbstractStorage save
INFO: &amp#27;[32mSave 139454ea-2efd-4451-b692-f8ed3611822b(uuid7304)
сент. 16, 2025 8:21:57 PM webapp.storage.AbstractStorage save
INFO: &amp#27;[32mSave 4d18b398-3df2-4167-9ef6-16da9ecf677e(uuid7305)
сент. 16, 2025 8:21:57 PM webapp.storage.AbstractStorage save
INFO: &amp#27;[32mSave 21d0da1b-b95e-4f11-ab55-bd533ba3016e(uuid7306)
сент. 16, 2025 8:21:57 PM webapp.storage.AbstractStorage save
INFO: &amp#27;[32mSave 578e36b8-fef1-42dc-9fa5-69d5ff39fbca(uuid7307)
сент. 16, 2025 8:21:57 PM webapp.storage.AbstractStorage save
INFO: &amp#27;[32mSave c70a84b9-7219-4fc9-968e-28816cfcfdc9(uuid7308)
сент. 16, 2025 8:21:57 PM webapp.storage.AbstractStorage save
INFO: &amp#27;[32mSave 66d2caa3-e050-4238-8692-36f9b7686b67(uuid7309)
сент. 16, 2025 8:21:57 PM webapp.storage.AbstractStorage save
INFO: &amp#27;[32mSave fefb9855-8fcd-4c97-90da-7f734dd3a73d(uuid7310)
сент. 16, 2025 8:21:57 PM webapp.storage.AbstractStorage save
INFO: &amp#27;[32mSave b329e2f3-000f-458c-b219-55b1d4443d6e(uuid7311)
сент. 16, 2025 8:21:57 PM webapp.storage.AbstractStorage save
INFO: &amp#27;[32mSave 215ffd2b-341f-4a2a-8505-fa1bf88d8de9(uuid7312)
сент. 16, 2025 8:21:57 PM webapp.storage.AbstractStorage save
INFO: &amp#27;[32mSave bc0f6070-477d-4200-a20d-01e6688190c1(uuid7313)
сент. 16, 2025 8:21:57 PM webapp.storage.AbstractStorage save
INFO: &amp#27;[32mSave 58ffa2a0-87bf-425f-821d-d8edda3aacf5(uuid7314)
сент. 16, 2025 8:21:57 PM webapp.storage.AbstractStorage save
INFO: &amp#27;[32mSave 95066ee3-db47-4b56-9b15-1c1f226795c1(uuid7315)
сент. 16, 2025 8:21:57 PM webapp.storage.AbstractStorage save
INFO: &amp#27;[32mSave efa0b44f-1fc4-419c-a2dc-8972ab7921b3(uuid7316)
сент. 16, 2025 8:21:57 PM webapp.storage.AbstractStorage save
INFO: &amp#27;[32mSave 6d13d914-3090-4bb5-b52c-36261b565491(uuid7317)
сент. 16, 2025 8:21:57 PM webapp.storage.AbstractStorage save
INFO: &amp#27;[32mSave 99b02001-55d6-4e75-a818-9f795125902b(uuid7318)
сент. 16, 2025 8:21:57 PM webapp.storage.AbstractStorage save
INFO: &amp#27;[32mSave d8b730a9-6432-439d-bc6c-94babb29b91c(uuid7319)
сент. 16, 2025 8:21:57 PM webapp.storage.AbstractStorage save
INFO: &amp#27;[32mSave d39baa89-0116-4e84-bb54-45670b56ce72(uuid7320)
сент. 16, 2025 8:21:57 PM webapp.storage.AbstractStorage save
INFO: &amp#27;[32mSave 1ceaa663-8c69-4144-9232-10397b957b46(uuid7321)
сент. 16, 2025 8:21:57 PM webapp.storage.AbstractStorage save
INFO: &amp#27;[32mSave 76b6052c-aeb8-458b-9f3a-4406234a9360(uuid7322)
сент. 16, 2025 8:21:57 PM webapp.storage.AbstractStorage save
INFO: &amp#27;[32mSave e9862afc-0025-45ed-ba47-327b15a15ace(uuid7323)
сент. 16, 2025 8:21:57 PM webapp.storage.AbstractStorage save
INFO: &amp#27;[32mSave 017774d9-96a7-4552-b78b-cd9ae10cea48(uuid7324)
сент. 16, 2025 8:21:57 PM webapp.storage.AbstractStorage save
INFO: &amp#27;[32mSave 143b6cf3-cd40-4a81-82df-04084548dc5c(uuid7325)
сент. 16, 2025 8:21:57 PM webapp.storage.AbstractStorage save
INFO: &amp#27;[32mSave e47370c4-e301-4045-b2f1-1d8a92ff1870(uuid7326)
сент. 16, 2025 8:21:57 PM webapp.storage.AbstractStorage save
INFO: &amp#27;[32mSave 65211889-ab42-45cd-935a-f1df8424f8de(uuid7327)
сент. 16, 2025 8:21:57 PM webapp.storage.AbstractStorage save
INFO: &amp#27;[32mSave 5376999e-b4d5-4898-ae12-fc8e83b8f91d(uuid7328)
сент. 16, 2025 8:21:57 PM webapp.storage.AbstractStorage save
INFO: &amp#27;[32mSave 57edd783-8461-4155-ab05-50cf0fda752b(uuid7329)
сент. 16, 2025 8:21:57 PM webapp.storage.AbstractStorage save
INFO: &amp#27;[32mSave b4b5b132-fab3-42f3-bbf4-dcb01172f0a5(uuid7330)
сент. 16, 2025 8:21:57 PM webapp.storage.AbstractStorage save
INFO: &amp#27;[32mSave 34498d53-77f9-4eba-b357-2f00e45e290c(uuid7331)
сент. 16, 2025 8:21:57 PM webapp.storage.AbstractStorage save
INFO: &amp#27;[32mSave f4980ceb-6786-4dc5-bf07-da0fe9b272e9(uuid7332)
сент. 16, 2025 8:21:57 PM webapp.storage.AbstractStorage save
INFO: &amp#27;[32mSave 744d045f-c771-4458-9748-3adc78fd3c5e(uuid7333)
сент. 16, 2025 8:21:57 PM webapp.storage.AbstractStorage save
INFO: &amp#27;[32mSave d228eaa4-f928-4e4e-988b-252be3cd7c10(uuid7334)
сент. 16, 2025 8:21:57 PM webapp.storage.AbstractStorage save
INFO: &amp#27;[32mSave 2a48d28e-b7e9-4f7d-8bd9-0666706d3268(uuid7335)
сент. 16, 2025 8:21:57 PM webapp.storage.AbstractStorage save
INFO: &amp#27;[32mSave efa67e82-d199-44d2-8895-d11f192007cc(uuid7336)
сент. 16, 2025 8:21:57 PM webapp.storage.AbstractStorage save
INFO: &amp#27;[32mSave 0e94138f-d439-4e53-b4dc-674fab8e775c(uuid7337)
сент. 16, 2025 8:21:57 PM webapp.storage.AbstractStorage save
INFO: &amp#27;[32mSave 5a9751a8-d0f6-4c5e-b2e4-ec5866041d12(uuid7338)
сент. 16, 2025 8:21:57 PM webapp.storage.AbstractStorage save
INFO: &amp#27;[32mSave 8439b5a8-aade-4769-adb3-2e2473a49969(uuid7339)
сент. 16, 2025 8:21:57 PM webapp.storage.AbstractStorage save
INFO: &amp#27;[32mSave e46c38ea-2db9-4ba3-8e17-4af2a372eae7(uuid7340)
сент. 16, 2025 8:21:57 PM webapp.storage.AbstractStorage save
INFO: &amp#27;[32mSave e3f2c5e3-0489-4f51-bd51-865e1b3d5c8e(uuid7341)
сент. 16, 2025 8:21:57 PM webapp.storage.AbstractStorage save
INFO: &amp#27;[32mSave 5dd7818f-5007-4987-88a0-cc95d8c5149c(uuid7342)
сент. 16, 2025 8:21:57 PM webapp.storage.AbstractStorage save
INFO: &amp#27;[32mSave d012b1f5-6681-41f0-84f0-fa990758cdfa(uuid7343)
сент. 16, 2025 8:21:57 PM webapp.storage.AbstractStorage save
INFO: &amp#27;[32mSave 921f0e66-26db-41bc-9582-31217d4a8a1d(uuid7344)
сент. 16, 2025 8:21:57 PM webapp.storage.AbstractStorage save
INFO: &amp#27;[32mSave cd6fa15d-7ebc-4a2c-aace-269408501928(uuid7345)
сент. 16, 2025 8:21:57 PM webapp.storage.AbstractStorage save
INFO: &amp#27;[32mSave 0f284f5d-9274-492f-8af4-3f4f031b4d57(uuid7346)
сент. 16, 2025 8:21:57 PM webapp.storage.AbstractStorage save
INFO: &amp#27;[32mSave 5c3f7d98-c70a-4394-8a60-5534e67e496c(uuid7347)
сент. 16, 2025 8:21:57 PM webapp.storage.AbstractStorage save
INFO: &amp#27;[32mSave fbbc8e33-2705-4a29-b03d-31166452690e(uuid7348)
сент. 16, 2025 8:21:57 PM webapp.storage.AbstractStorage save
INFO: &amp#27;[32mSave 57a02496-fc13-424c-8e4c-cafe0013a2bc(uuid7349)
сент. 16, 2025 8:21:57 PM webapp.storage.AbstractStorage save
INFO: &amp#27;[32mSave e16a95de-4104-4e39-abe5-41ed4f132c75(uuid7350)
сент. 16, 2025 8:21:57 PM webapp.storage.AbstractStorage save
INFO: &amp#27;[32mSave 59429493-411b-43d9-ba17-5552f518538a(uuid7351)
сент. 16, 2025 8:21:57 PM webapp.storage.AbstractStorage save
INFO: &amp#27;[32mSave 9bc2a0e0-43c6-4d66-867a-52ecac29cbba(uuid7352)
сент. 16, 2025 8:21:57 PM webapp.storage.AbstractStorage save
INFO: &amp#27;[32mSave 72ec4a67-ec2f-4a22-800f-b1b111750508(uuid7353)
сент. 16, 2025 8:21:57 PM webapp.storage.AbstractStorage save
INFO: &amp#27;[32mSave 27292b5a-37a9-4cf8-9086-4f6a63ef4abb(uuid7354)
сент. 16, 2025 8:21:57 PM webapp.storage.AbstractStorage save
INFO: &amp#27;[32mSave ac20de06-c4cd-4a31-81f4-d8f7217044b8(uuid7355)
сент. 16, 2025 8:21:57 PM webapp.storage.AbstractStorage save
INFO: &amp#27;[32mSave accaeb72-a445-4abb-8b7e-dd9d8ec97b15(uuid7356)
сент. 16, 2025 8:21:57 PM webapp.storage.AbstractStorage save
INFO: &amp#27;[32mSave 9618eded-aada-486b-abe9-abea8732452f(uuid7357)
сент. 16, 2025 8:21:57 PM webapp.storage.AbstractStorage save
INFO: &amp#27;[32mSave cd88c309-3980-486b-a492-594508f990b4(uuid7358)
сент. 16, 2025 8:21:57 PM webapp.storage.AbstractStorage save
INFO: &amp#27;[32mSave 70ac3331-99b7-44a2-925c-e1d3fb42f61b(uuid7359)
сент. 16, 2025 8:21:57 PM webapp.storage.AbstractStorage save
INFO: &amp#27;[32mSave 641a6118-20f5-4066-b75c-964057bd3092(uuid7360)
сент. 16, 2025 8:21:57 PM webapp.storage.AbstractStorage save
INFO: &amp#27;[32mSave d12ee363-ac1e-43f6-a7f7-0f6d7b5b4d8a(uuid7361)
сент. 16, 2025 8:21:57 PM webapp.storage.AbstractStorage save
INFO: &amp#27;[32mSave 2b7517bc-2eca-41ae-93bb-7f2c3df20253(uuid7362)
сент. 16, 2025 8:21:57 PM webapp.storage.AbstractStorage save
INFO: &amp#27;[32mSave 08493de5-de8b-4e5e-b3c5-842d1db240f3(uuid7363)
сент. 16, 2025 8:21:57 PM webapp.storage.AbstractStorage save
INFO: &amp#27;[32mSave f8930d35-5344-46f0-928d-d54fe761736c(uuid7364)
сент. 16, 2025 8:21:57 PM webapp.storage.AbstractStorage save
INFO: &amp#27;[32mSave 9ea0ac0c-d67f-4bad-8e4c-67392059b4d0(uuid7365)
сент. 16, 2025 8:21:57 PM webapp.storage.AbstractStorage save
INFO: &amp#27;[32mSave 3d531895-78f5-4aa9-a911-8e3af58152f9(uuid7366)
сент. 16, 2025 8:21:57 PM webapp.storage.AbstractStorage save
INFO: &amp#27;[32mSave e4c42d7f-f07f-46bd-ae72-e1d0f2257a26(uuid7367)
сент. 16, 2025 8:21:57 PM webapp.storage.AbstractStorage save
INFO: &amp#27;[32mSave ef9aab1c-0a99-4983-9e95-0f0113cea0b8(uuid7368)
сент. 16, 2025 8:21:57 PM webapp.storage.AbstractStorage save
INFO: &amp#27;[32mSave 06164ce1-c583-4742-92f0-4899c8148f3a(uuid7369)
сент. 16, 2025 8:21:57 PM webapp.storage.AbstractStorage save
INFO: &amp#27;[32mSave 9cdc7280-39f6-4c62-a47b-78a5d5bcc1b1(uuid7370)
сент. 16, 2025 8:21:57 PM webapp.storage.AbstractStorage save
INFO: &amp#27;[32mSave 2f4eaeaa-9449-4de1-90d1-cd1e73d88eea(uuid7371)
сент. 16, 2025 8:21:57 PM webapp.storage.AbstractStorage save
INFO: &amp#27;[32mSave 4e737894-b78f-4300-b198-b2be78f34981(uuid7372)
сент. 16, 2025 8:21:57 PM webapp.storage.AbstractStorage save
INFO: &amp#27;[32mSave 9d9f6370-2b98-4ef6-8f4a-cc65e6afcdfb(uuid7373)
сент. 16, 2025 8:21:57 PM webapp.storage.AbstractStorage save
INFO: &amp#27;[32mSave ad9b0620-6426-4015-8d16-45687cc290ad(uuid7374)
сент. 16, 2025 8:21:57 PM webapp.storage.AbstractStorage save
INFO: &amp#27;[32mSave 9872683a-8f34-45c2-bf6f-2b4053db1cef(uuid7375)
сент. 16, 2025 8:21:57 PM webapp.storage.AbstractStorage save
INFO: &amp#27;[32mSave 0e5ae916-8f16-478b-8bb4-3c02223b82be(uuid7376)
сент. 16, 2025 8:21:57 PM webapp.storage.AbstractStorage save
INFO: &amp#27;[32mSave 627dc885-d173-4a22-8b80-97bc492ccf9d(uuid7377)
сент. 16, 2025 8:21:57 PM webapp.storage.AbstractStorage save
INFO: &amp#27;[32mSave f372dacf-456f-415f-b124-6acbbbb6d701(uuid7378)
сент. 16, 2025 8:21:57 PM webapp.storage.AbstractStorage save
INFO: &amp#27;[32mSave 9e692710-b863-4ef5-92e8-ca04addb78f3(uuid7379)
сент. 16, 2025 8:21:57 PM webapp.storage.AbstractStorage save
INFO: &amp#27;[32mSave f5801609-3d39-4e0e-a430-36b775fb1742(uuid7380)
сент. 16, 2025 8:21:57 PM webapp.storage.AbstractStorage save
INFO: &amp#27;[32mSave a1c03b5b-363e-4f5d-83a2-f32cc60ab88f(uuid7381)
сент. 16, 2025 8:21:57 PM webapp.storage.AbstractStorage save
INFO: &amp#27;[32mSave b31a32e5-5bce-4187-805b-26c58ca1ba4e(uuid7382)
сент. 16, 2025 8:21:57 PM webapp.storage.AbstractStorage save
INFO: &amp#27;[32mSave d43d98d3-2bb5-4689-a430-7babf6a89af3(uuid7383)
сент. 16, 2025 8:21:57 PM webapp.storage.AbstractStorage save
INFO: &amp#27;[32mSave 785c41e7-6c48-428b-a525-e4a19ecfe3d1(uuid7384)
сент. 16, 2025 8:21:57 PM webapp.storage.AbstractStorage save
INFO: &amp#27;[32mSave 93a98412-20f5-4fe8-b62e-aa0b391d8b59(uuid7385)
сент. 16, 2025 8:21:57 PM webapp.storage.AbstractStorage save
INFO: &amp#27;[32mSave 288d04d9-4745-4667-a816-7cae40154ff8(uuid7386)
сент. 16, 2025 8:21:57 PM webapp.storage.AbstractStorage save
INFO: &amp#27;[32mSave 9142534e-f671-479d-9c90-94cc041e79a9(uuid7387)
сент. 16, 2025 8:21:57 PM webapp.storage.AbstractStorage save
INFO: &amp#27;[32mSave c698ee02-57f2-4cab-a309-01c9b172aa8d(uuid7388)
сент. 16, 2025 8:21:57 PM webapp.storage.AbstractStorage save
INFO: &amp#27;[32mSave ac6bc616-6f80-4df6-ab22-1bbb0d340e3e(uuid7389)
сент. 16, 2025 8:21:57 PM webapp.storage.AbstractStorage save
INFO: &amp#27;[32mSave f5f6932d-5195-4901-833c-b2672fa7f085(uuid7390)
сент. 16, 2025 8:21:57 PM webapp.storage.AbstractStorage save
INFO: &amp#27;[32mSave 81a001e3-3530-42b1-8210-1582d306f339(uuid7391)
сент. 16, 2025 8:21:57 PM webapp.storage.AbstractStorage save
INFO: &amp#27;[32mSave 12add759-c898-4aab-8870-c92f8fc39951(uuid7392)
сент. 16, 2025 8:21:57 PM webapp.storage.AbstractStorage save
INFO: &amp#27;[32mSave 2a27923c-8758-4c5b-a0e7-0b07b8b1ffc8(uuid7393)
сент. 16, 2025 8:21:57 PM webapp.storage.AbstractStorage save
INFO: &amp#27;[32mSave 85e7e855-b503-4edb-a4be-8c4e7b5b8fbe(uuid7394)
сент. 16, 2025 8:21:57 PM webapp.storage.AbstractStorage save
INFO: &amp#27;[32mSave 3c1d19ab-b15a-4df8-b799-56cedfe36c5b(uuid7395)
сент. 16, 2025 8:21:57 PM webapp.storage.AbstractStorage save
INFO: &amp#27;[32mSave 7a003b8a-4913-4e77-ac05-1cac8b3aa68a(uuid7396)
сент. 16, 2025 8:21:57 PM webapp.storage.AbstractStorage save
INFO: &amp#27;[32mSave 5c0ef1f0-bf0e-4f01-930a-b02123165226(uuid7397)
сент. 16, 2025 8:21:57 PM webapp.storage.AbstractStorage save
INFO: &amp#27;[32mSave 48f975b1-bbfa-4e2b-8385-096fed22af97(uuid7398)
сент. 16, 2025 8:21:57 PM webapp.storage.AbstractStorage save
INFO: &amp#27;[32mSave 5fd6804d-285d-4339-a6c9-0f963b7c0ec0(uuid7399)
сент. 16, 2025 8:21:57 PM webapp.storage.AbstractStorage save
INFO: &amp#27;[32mSave fda697a4-0672-4f18-aa12-9a7cb5849f83(uuid7400)
сент. 16, 2025 8:21:57 PM webapp.storage.AbstractStorage save
INFO: &amp#27;[32mSave b0e85612-bf1c-461f-90fe-67bea6891cbb(uuid7401)
сент. 16, 2025 8:21:57 PM webapp.storage.AbstractStorage save
INFO: &amp#27;[32mSave cf9717f9-284e-4b5d-9687-ff60c24badeb(uuid7402)
сент. 16, 2025 8:21:57 PM webapp.storage.AbstractStorage save
INFO: &amp#27;[32mSave fb22e8e9-2a55-4430-bf76-a040ef9570ca(uuid7403)
сент. 16, 2025 8:21:57 PM webapp.storage.AbstractStorage save
INFO: &amp#27;[32mSave c00100a6-9580-416f-a009-a3d911c27fff(uuid7404)
сент. 16, 2025 8:21:57 PM webapp.storage.AbstractStorage save
INFO: &amp#27;[32mSave 427b43bb-bcfa-424a-bf0a-5e496d07b4c6(uuid7405)
сент. 16, 2025 8:21:57 PM webapp.storage.AbstractStorage save
INFO: &amp#27;[32mSave 1ed47df1-debb-45c6-b132-85fb88010934(uuid7406)
сент. 16, 2025 8:21:57 PM webapp.storage.AbstractStorage save
INFO: &amp#27;[32mSave 1235af61-9c3c-4052-b1bf-0a733db55347(uuid7407)
сент. 16, 2025 8:21:57 PM webapp.storage.AbstractStorage save
INFO: &amp#27;[32mSave 1cce3bfb-b14b-4464-a82a-497a167195a1(uuid7408)
сент. 16, 2025 8:21:57 PM webapp.storage.AbstractStorage save
INFO: &amp#27;[32mSave 4707813b-e158-42e5-8047-4ddd48d3b449(uuid7409)
сент. 16, 2025 8:21:57 PM webapp.storage.AbstractStorage save
INFO: &amp#27;[32mSave 6c66595f-440e-4a47-8ffb-224450a6225c(uuid7410)
сент. 16, 2025 8:21:57 PM webapp.storage.AbstractStorage save
INFO: &amp#27;[32mSave 2fbf4d4f-faf8-4928-b692-8d7daf224b02(uuid7411)
сент. 16, 2025 8:21:57 PM webapp.storage.AbstractStorage save
INFO: &amp#27;[32mSave f5f5351c-3dd7-4601-b6bf-cb76aa22a556(uuid7412)
сент. 16, 2025 8:21:57 PM webapp.storage.AbstractStorage save
INFO: &amp#27;[32mSave 324cbcba-7f88-4a1f-a03a-eb4ed77868b6(uuid7413)
сент. 16, 2025 8:21:57 PM webapp.storage.AbstractStorage save
INFO: &amp#27;[32mSave ea4c01c9-9db6-4924-8623-57da02f4f96f(uuid7414)
сент. 16, 2025 8:21:57 PM webapp.storage.AbstractStorage save
INFO: &amp#27;[32mSave 677ede47-80de-41b9-921c-1aff2e6cea0a(uuid7415)
сент. 16, 2025 8:21:57 PM webapp.storage.AbstractStorage save
INFO: &amp#27;[32mSave b50e93ef-f309-482c-9ae6-451839595a95(uuid7416)
сент. 16, 2025 8:21:57 PM webapp.storage.AbstractStorage save
INFO: &amp#27;[32mSave fc54ca47-fbde-4cea-83a1-79f3b0cb87cf(uuid7417)
сент. 16, 2025 8:21:57 PM webapp.storage.AbstractStorage save
INFO: &amp#27;[32mSave fa849f58-98b6-4b47-8b3f-08a3de156d36(uuid7418)
сент. 16, 2025 8:21:57 PM webapp.storage.AbstractStorage save
INFO: &amp#27;[32mSave 16b5e392-769b-4421-bcf3-0de16b93cda1(uuid7419)
сент. 16, 2025 8:21:57 PM webapp.storage.AbstractStorage save
INFO: &amp#27;[32mSave 8b228f7d-3395-4b31-b207-0821d3a2255a(uuid7420)
сент. 16, 2025 8:21:57 PM webapp.storage.AbstractStorage save
INFO: &amp#27;[32mSave b7ceeac4-86f0-4737-891a-2c4361009f87(uuid7421)
сент. 16, 2025 8:21:57 PM webapp.storage.AbstractStorage save
INFO: &amp#27;[32mSave ba41b991-c50c-4187-a503-0b899dd41be0(uuid7422)
сент. 16, 2025 8:21:57 PM webapp.storage.AbstractStorage save
INFO: &amp#27;[32mSave 4996ea1e-e50f-428c-8c6d-225f369ee4f3(uuid7423)
сент. 16, 2025 8:21:57 PM webapp.storage.AbstractStorage save
INFO: &amp#27;[32mSave 1bbed9fd-bdfc-4644-9ffb-2149cdd88106(uuid7424)
сент. 16, 2025 8:21:57 PM webapp.storage.AbstractStorage save
INFO: &amp#27;[32mSave 35be40fe-a901-4c80-8536-91ffde50aa7c(uuid7425)
сент. 16, 2025 8:21:57 PM webapp.storage.AbstractStorage save
INFO: &amp#27;[32mSave 48969446-8b54-455c-991f-d7074b3b57be(uuid7426)
сент. 16, 2025 8:21:57 PM webapp.storage.AbstractStorage save
INFO: &amp#27;[32mSave 46652eee-bcd1-4c5c-a249-4d09398ee5fb(uuid7427)
сент. 16, 2025 8:21:57 PM webapp.storage.AbstractStorage save
INFO: &amp#27;[32mSave 49762c47-1ea7-47b4-bd8a-d9ae583bf0f7(uuid7428)
сент. 16, 2025 8:21:57 PM webapp.storage.AbstractStorage save
INFO: &amp#27;[32mSave 0a27d7d4-10ab-44e7-a071-fe192e050873(uuid7429)
сент. 16, 2025 8:21:57 PM webapp.storage.AbstractStorage save
INFO: &amp#27;[32mSave bcecbd82-2228-49dc-bf8a-8bc0cf7ff7fa(uuid7430)
сент. 16, 2025 8:21:57 PM webapp.storage.AbstractStorage save
INFO: &amp#27;[32mSave 6a9a9a5e-ef35-4509-aa1b-2dcecb87517b(uuid7431)
сент. 16, 2025 8:21:57 PM webapp.storage.AbstractStorage save
INFO: &amp#27;[32mSave 99569ee1-5146-499c-93f4-2146baef30e9(uuid7432)
сент. 16, 2025 8:21:57 PM webapp.storage.AbstractStorage save
INFO: &amp#27;[32mSave 1bd9fc4d-0466-433d-ac78-023bda5fc17b(uuid7433)
сент. 16, 2025 8:21:57 PM webapp.storage.AbstractStorage save
INFO: &amp#27;[32mSave 018ea2dc-0259-4be3-a830-cc5e01ab3eea(uuid7434)
сент. 16, 2025 8:21:57 PM webapp.storage.AbstractStorage save
INFO: &amp#27;[32mSave b3f0d83e-bee5-4d9e-8cbe-585257fc1061(uuid7435)
сент. 16, 2025 8:21:57 PM webapp.storage.AbstractStorage save
INFO: &amp#27;[32mSave 3f46b03b-aa01-4a82-83cf-6cd7c39528b3(uuid7436)
сент. 16, 2025 8:21:57 PM webapp.storage.AbstractStorage save
INFO: &amp#27;[32mSave c00bc2ef-5cd8-4bc2-b95e-d6e1c64bac9b(uuid7437)
сент. 16, 2025 8:21:57 PM webapp.storage.AbstractStorage save
INFO: &amp#27;[32mSave f959ff2d-2171-4a9b-8c0c-757cfb2a78e1(uuid7438)
сент. 16, 2025 8:21:57 PM webapp.storage.AbstractStorage save
INFO: &amp#27;[32mSave 44110b21-ff53-4188-97a7-70f16cdbac54(uuid7439)
сент. 16, 2025 8:21:57 PM webapp.storage.AbstractStorage save
INFO: &amp#27;[32mSave 3e6d577b-fd79-4b3b-87dc-641b3820fd48(uuid7440)
сент. 16, 2025 8:21:57 PM webapp.storage.AbstractStorage save
INFO: &amp#27;[32mSave a33bc6c7-75e4-4905-aa92-8fc419c1d194(uuid7441)
сент. 16, 2025 8:21:57 PM webapp.storage.AbstractStorage save
INFO: &amp#27;[32mSave 7c201c2b-c94e-4425-96ba-dc38d69a3624(uuid7442)
сент. 16, 2025 8:21:57 PM webapp.storage.AbstractStorage save
INFO: &amp#27;[32mSave 50a3d463-1ff1-4b9f-b84c-71864c2c80cc(uuid7443)
сент. 16, 2025 8:21:57 PM webapp.storage.AbstractStorage save
INFO: &amp#27;[32mSave 078bb72b-1140-44fc-8677-855709e67529(uuid7444)
сент. 16, 2025 8:21:57 PM webapp.storage.AbstractStorage save
INFO: &amp#27;[32mSave 761e88c1-b543-497a-b4f0-bb54ef8a2662(uuid7445)
сент. 16, 2025 8:21:57 PM webapp.storage.AbstractStorage save
INFO: &amp#27;[32mSave 2664814a-efd4-4919-ad06-f846f8c9ef51(uuid7446)
сент. 16, 2025 8:21:57 PM webapp.storage.AbstractStorage save
INFO: &amp#27;[32mSave d2ecad3c-4724-4880-b90e-3634a05a3850(uuid7447)
сент. 16, 2025 8:21:57 PM webapp.storage.AbstractStorage save
INFO: &amp#27;[32mSave cf8e72f9-30f8-4758-aa86-7c0e728858b1(uuid7448)
сент. 16, 2025 8:21:57 PM webapp.storage.AbstractStorage save
INFO: &amp#27;[32mSave 3124bed8-212c-476f-a8bf-be9c540d56d9(uuid7449)
сент. 16, 2025 8:21:57 PM webapp.storage.AbstractStorage save
INFO: &amp#27;[32mSave 3136e152-3856-4d80-ab32-d79932588fd4(uuid7450)
сент. 16, 2025 8:21:57 PM webapp.storage.AbstractStorage save
INFO: &amp#27;[32mSave 06c3b399-f6fb-4ebe-bac0-9d1e1b17afb0(uuid7451)
сент. 16, 2025 8:21:57 PM webapp.storage.AbstractStorage save
INFO: &amp#27;[32mSave 01990010-5bd6-438c-8392-a6e93d1940d2(uuid7452)
сент. 16, 2025 8:21:57 PM webapp.storage.AbstractStorage save
INFO: &amp#27;[32mSave 28c9c582-4573-4d23-ba60-7267a71c1b4a(uuid7453)
сент. 16, 2025 8:21:57 PM webapp.storage.AbstractStorage save
INFO: &amp#27;[32mSave e0100164-2583-4199-8c4b-477dd97415ae(uuid7454)
сент. 16, 2025 8:21:57 PM webapp.storage.AbstractStorage save
INFO: &amp#27;[32mSave 255b4d76-81fb-4973-ba94-b7ec761c65ff(uuid7455)
сент. 16, 2025 8:21:57 PM webapp.storage.AbstractStorage save
INFO: &amp#27;[32mSave c258572a-ffe5-4465-bb6a-1fcf9e715a79(uuid7456)
сент. 16, 2025 8:21:57 PM webapp.storage.AbstractStorage save
INFO: &amp#27;[32mSave f0d08cc9-3454-4aae-b737-c1b63123b0a9(uuid7457)
сент. 16, 2025 8:21:57 PM webapp.storage.AbstractStorage save
INFO: &amp#27;[32mSave 0958ebd5-0578-4f54-ae7a-91ce0c5f300a(uuid7458)
сент. 16, 2025 8:21:57 PM webapp.storage.AbstractStorage save
INFO: &amp#27;[32mSave 396baac8-c94f-42c1-9010-fd1a9afcd052(uuid7459)
сент. 16, 2025 8:21:57 PM webapp.storage.AbstractStorage save
INFO: &amp#27;[32mSave 74389889-8e63-41dd-a14f-24d0ac28a3ec(uuid7460)
сент. 16, 2025 8:21:57 PM webapp.storage.AbstractStorage save
INFO: &amp#27;[32mSave cf1146ff-e9f0-4311-9d00-f71be8ab45e9(uuid7461)
сент. 16, 2025 8:21:57 PM webapp.storage.AbstractStorage save
INFO: &amp#27;[32mSave 4c4aa9d3-bf74-4cb8-aef4-a069742a8c79(uuid7462)
сент. 16, 2025 8:21:57 PM webapp.storage.AbstractStorage save
INFO: &amp#27;[32mSave 5f3911fc-2300-48cb-85cc-258e8b48949a(uuid7463)
сент. 16, 2025 8:21:57 PM webapp.storage.AbstractStorage save
INFO: &amp#27;[32mSave 4ac89d58-8e14-44d1-96be-6050dbe4b244(uuid7464)
сент. 16, 2025 8:21:57 PM webapp.storage.AbstractStorage save
INFO: &amp#27;[32mSave 6c9c4b75-e146-43c1-88a8-4ca51e03bac9(uuid7465)
сент. 16, 2025 8:21:57 PM webapp.storage.AbstractStorage save
INFO: &amp#27;[32mSave 38cd975d-7f58-4154-9b29-ad50da66d8d1(uuid7466)
сент. 16, 2025 8:21:57 PM webapp.storage.AbstractStorage save
INFO: &amp#27;[32mSave d1fe6c13-fb32-47ac-8582-dcd32211ae19(uuid7467)
сент. 16, 2025 8:21:57 PM webapp.storage.AbstractStorage save
INFO: &amp#27;[32mSave f200f6bd-2384-4ac6-8c5c-0e75de96f121(uuid7468)
сент. 16, 2025 8:21:57 PM webapp.storage.AbstractStorage save
INFO: &amp#27;[32mSave 51018f87-6611-4b9f-9c38-1d21d5c4925e(uuid7469)
сент. 16, 2025 8:21:57 PM webapp.storage.AbstractStorage save
INFO: &amp#27;[32mSave e61d0616-4f86-483a-8b9a-ebb1831680c4(uuid7470)
сент. 16, 2025 8:21:57 PM webapp.storage.AbstractStorage save
INFO: &amp#27;[32mSave 8551707d-8669-4c5f-a4b1-749bd3f48be5(uuid7471)
сент. 16, 2025 8:21:57 PM webapp.storage.AbstractStorage save
INFO: &amp#27;[32mSave ffdc4c69-c891-4906-a830-2a1ca00b3a5b(uuid7472)
сент. 16, 2025 8:21:57 PM webapp.storage.AbstractStorage save
INFO: &amp#27;[32mSave 88576eaa-7b2e-418d-8142-26283cfc9ee0(uuid7473)
сент. 16, 2025 8:21:57 PM webapp.storage.AbstractStorage save
INFO: &amp#27;[32mSave 87bddfa0-f65f-433a-b583-34d6ed2c8c46(uuid7474)
сент. 16, 2025 8:21:57 PM webapp.storage.AbstractStorage save
INFO: &amp#27;[32mSave c3528567-32e3-4b95-ada2-5e9d9a3148c8(uuid7475)
сент. 16, 2025 8:21:57 PM webapp.storage.AbstractStorage save
INFO: &amp#27;[32mSave c21dedda-e240-4248-b87a-11685cbd248e(uuid7476)
сент. 16, 2025 8:21:57 PM webapp.storage.AbstractStorage save
INFO: &amp#27;[32mSave 55472784-1190-402e-8742-f815f00dc45b(uuid7477)
сент. 16, 2025 8:21:57 PM webapp.storage.AbstractStorage save
INFO: &amp#27;[32mSave a8889b0a-489f-4a64-9829-349ac0519b72(uuid7478)
сент. 16, 2025 8:21:57 PM webapp.storage.AbstractStorage save
INFO: &amp#27;[32mSave aa92baf4-197b-408b-abef-c76cde7a32b8(uuid7479)
сент. 16, 2025 8:21:57 PM webapp.storage.AbstractStorage save
INFO: &amp#27;[32mSave bca60d9e-8437-4fe3-bc91-a27f8130abbb(uuid7480)
сент. 16, 2025 8:21:57 PM webapp.storage.AbstractStorage save
INFO: &amp#27;[32mSave dc71cd24-0eea-4e6d-af3d-2a7514000564(uuid7481)
сент. 16, 2025 8:21:57 PM webapp.storage.AbstractStorage save
INFO: &amp#27;[32mSave a246144e-de68-4e4a-becf-a42b2d5a2cbf(uuid7482)
сент. 16, 2025 8:21:57 PM webapp.storage.AbstractStorage save
INFO: &amp#27;[32mSave 30897855-26b0-4a48-a3b9-1da9e6e8ea93(uuid7483)
сент. 16, 2025 8:21:57 PM webapp.storage.AbstractStorage save
INFO: &amp#27;[32mSave f300eece-93f7-4ffd-95ec-406807be8c79(uuid7484)
сент. 16, 2025 8:21:57 PM webapp.storage.AbstractStorage save
INFO: &amp#27;[32mSave 5d8362ef-92f9-44d5-a841-cdb9ec607971(uuid7485)
сент. 16, 2025 8:21:57 PM webapp.storage.AbstractStorage save
INFO: &amp#27;[32mSave a98227cb-ad9c-46c3-af30-f6dbbf7573b3(uuid7486)
сент. 16, 2025 8:21:57 PM webapp.storage.AbstractStorage save
INFO: &amp#27;[32mSave 9721c69a-b346-423c-a1e8-8cdae0fb5c64(uuid7487)
сент. 16, 2025 8:21:57 PM webapp.storage.AbstractStorage save
INFO: &amp#27;[32mSave ba509133-dd8b-4d6e-878a-7f0d1927f679(uuid7488)
сент. 16, 2025 8:21:57 PM webapp.storage.AbstractStorage save
INFO: &amp#27;[32mSave 9e5e117d-fcee-4f15-810f-a6851aed8377(uuid7489)
сент. 16, 2025 8:21:57 PM webapp.storage.AbstractStorage save
INFO: &amp#27;[32mSave 9e2f7cf3-11a6-42f4-97ec-d4923e818ad8(uuid7490)
сент. 16, 2025 8:21:57 PM webapp.storage.AbstractStorage save
INFO: &amp#27;[32mSave 83cebb1b-5ab7-4de1-b492-3a93a7869a10(uuid7491)
сент. 16, 2025 8:21:57 PM webapp.storage.AbstractStorage save
INFO: &amp#27;[32mSave 89aeb8eb-1962-47bf-a4a4-12e29e40e037(uuid7492)
сент. 16, 2025 8:21:57 PM webapp.storage.AbstractStorage save
INFO: &amp#27;[32mSave 0ae88904-931f-43a1-bac5-95dfcb05a7fc(uuid7493)
сент. 16, 2025 8:21:57 PM webapp.storage.AbstractStorage save
INFO: &amp#27;[32mSave 55f60b3d-a85e-4546-ba95-2699c837bcb3(uuid7494)
сент. 16, 2025 8:21:57 PM webapp.storage.AbstractStorage save
INFO: &amp#27;[32mSave 94502c6d-052e-4569-b61d-9fe0ca2e6ab3(uuid7495)
сент. 16, 2025 8:21:57 PM webapp.storage.AbstractStorage save
INFO: &amp#27;[32mSave 09915931-f9b3-43f1-aa10-e7398aecc29d(uuid7496)
сент. 16, 2025 8:21:57 PM webapp.storage.AbstractStorage save
INFO: &amp#27;[32mSave 11dbfb01-581c-4b6f-b171-1d8b98f13efd(uuid7497)
сент. 16, 2025 8:21:57 PM webapp.storage.AbstractStorage save
INFO: &amp#27;[32mSave c95797a6-ecdb-4c7c-8c61-a07364b1928a(uuid7498)
сент. 16, 2025 8:21:57 PM webapp.storage.AbstractStorage save
INFO: &amp#27;[32mSave 51a46cda-af3d-4e1c-8543-6c413fc7da69(uuid7499)
сент. 16, 2025 8:21:57 PM webapp.storage.AbstractStorage save
INFO: &amp#27;[32mSave d451b272-1cda-47c6-9715-fff59a118dfe(uuid7500)
сент. 16, 2025 8:21:57 PM webapp.storage.AbstractStorage save
INFO: &amp#27;[32mSave 46c8e3dd-4dd5-4816-bfbb-c9642ba933c3(uuid7501)
сент. 16, 2025 8:21:57 PM webapp.storage.AbstractStorage save
INFO: &amp#27;[32mSave 2f777ceb-4632-47dc-bbce-5b6caaa141ed(uuid7502)
сент. 16, 2025 8:21:57 PM webapp.storage.AbstractStorage save
INFO: &amp#27;[32mSave 4441f95a-dbad-4411-a84a-cb4c3e9f931f(uuid7503)
сент. 16, 2025 8:21:57 PM webapp.storage.AbstractStorage save
INFO: &amp#27;[32mSave 1859b3ab-f624-4fe6-87c0-4305ca7cff70(uuid7504)
сент. 16, 2025 8:21:57 PM webapp.storage.AbstractStorage save
INFO: &amp#27;[32mSave 64579a18-2edd-44ba-83e3-1afc2cc5e3ca(uuid7505)
сент. 16, 2025 8:21:57 PM webapp.storage.AbstractStorage save
INFO: &amp#27;[32mSave 8de4e2bb-ba7a-4f32-a9eb-195e88a4a1e1(uuid7506)
сент. 16, 2025 8:21:57 PM webapp.storage.AbstractStorage save
INFO: &amp#27;[32mSave 4e5510f6-40e9-4e58-8632-2a11e6b26278(uuid7507)
сент. 16, 2025 8:21:57 PM webapp.storage.AbstractStorage save
INFO: &amp#27;[32mSave e61dea10-a3da-44f1-96c9-3df2053d1dc6(uuid7508)
сент. 16, 2025 8:21:57 PM webapp.storage.AbstractStorage save
INFO: &amp#27;[32mSave 9267c3b5-cb14-4244-8ff0-7dadb5bfe08a(uuid7509)
сент. 16, 2025 8:21:57 PM webapp.storage.AbstractStorage save
INFO: &amp#27;[32mSave 318b6413-d123-4592-94d7-12182747e16b(uuid7510)
сент. 16, 2025 8:21:57 PM webapp.storage.AbstractStorage save
INFO: &amp#27;[32mSave 926dbbb4-ed5e-4610-a0da-9d7bace22421(uuid7511)
сент. 16, 2025 8:21:57 PM webapp.storage.AbstractStorage save
INFO: &amp#27;[32mSave 39b2e803-67b2-4152-93f6-f8d00930cfe0(uuid7512)
сент. 16, 2025 8:21:57 PM webapp.storage.AbstractStorage save
INFO: &amp#27;[32mSave c9919d86-323c-47a0-9a15-bef897db669a(uuid7513)
сент. 16, 2025 8:21:57 PM webapp.storage.AbstractStorage save
INFO: &amp#27;[32mSave 8c68e7c0-66a5-45d7-84f5-e3ccd9c887aa(uuid7514)
сент. 16, 2025 8:21:57 PM webapp.storage.AbstractStorage save
INFO: &amp#27;[32mSave 89d3a09f-3b85-4a6d-b237-e10109cbb051(uuid7515)
сент. 16, 2025 8:21:57 PM webapp.storage.AbstractStorage save
INFO: &amp#27;[32mSave 813ac8d2-1201-486d-9cde-20c6261e12a4(uuid7516)
сент. 16, 2025 8:21:57 PM webapp.storage.AbstractStorage save
INFO: &amp#27;[32mSave aad7fcca-4969-4265-83f2-b683e4871bc4(uuid7517)
сент. 16, 2025 8:21:57 PM webapp.storage.AbstractStorage save
INFO: &amp#27;[32mSave 13a6bf12-114d-4b21-95fd-c62667f68373(uuid7518)
сент. 16, 2025 8:21:57 PM webapp.storage.AbstractStorage save
INFO: &amp#27;[32mSave 9d692825-c2a5-4f60-b7f4-6ace6acc6ef5(uuid7519)
сент. 16, 2025 8:21:57 PM webapp.storage.AbstractStorage save
INFO: &amp#27;[32mSave 3a61ad87-3606-4b5c-87d3-4e873f7dfade(uuid7520)
сент. 16, 2025 8:21:57 PM webapp.storage.AbstractStorage save
INFO: &amp#27;[32mSave f5e51c29-09d1-40fc-a030-7a44e4967c9d(uuid7521)
сент. 16, 2025 8:21:57 PM webapp.storage.AbstractStorage save
INFO: &amp#27;[32mSave a361c89b-e57c-45d2-aa8d-817220723fd4(uuid7522)
сент. 16, 2025 8:21:57 PM webapp.storage.AbstractStorage save
INFO: &amp#27;[32mSave 35d3e20e-e744-43ec-bbe5-d8dd12bf40ec(uuid7523)
сент. 16, 2025 8:21:57 PM webapp.storage.AbstractStorage save
INFO: &amp#27;[32mSave b5694573-7164-4582-8b22-39c0faab6300(uuid7524)
сент. 16, 2025 8:21:57 PM webapp.storage.AbstractStorage save
INFO: &amp#27;[32mSave d437b166-8a30-45a8-8636-bfcb4c8be3a8(uuid7525)
сент. 16, 2025 8:21:57 PM webapp.storage.AbstractStorage save
INFO: &amp#27;[32mSave ab7f0987-234f-4494-acec-f896364a3438(uuid7526)
сент. 16, 2025 8:21:57 PM webapp.storage.AbstractStorage save
INFO: &amp#27;[32mSave e8d6bd2d-d823-4985-8907-704e68b8b1bf(uuid7527)
сент. 16, 2025 8:21:57 PM webapp.storage.AbstractStorage save
INFO: &amp#27;[32mSave 7b5e5cf1-0c00-452a-a7d7-2e1a801768aa(uuid7528)
сент. 16, 2025 8:21:57 PM webapp.storage.AbstractStorage save
INFO: &amp#27;[32mSave aca1b2d4-7677-4ba5-9846-ee3d09408d9c(uuid7529)
сент. 16, 2025 8:21:57 PM webapp.storage.AbstractStorage save
INFO: &amp#27;[32mSave e26a74a1-9270-4ad4-aded-842792a3356a(uuid7530)
сент. 16, 2025 8:21:57 PM webapp.storage.AbstractStorage save
INFO: &amp#27;[32mSave 29773391-4db4-48fa-83d6-2b25f21ee659(uuid7531)
сент. 16, 2025 8:21:57 PM webapp.storage.AbstractStorage save
INFO: &amp#27;[32mSave 67ff9bf2-bb43-493c-abe8-009456e24121(uuid7532)
сент. 16, 2025 8:21:57 PM webapp.storage.AbstractStorage save
INFO: &amp#27;[32mSave 322acfb6-26ed-4784-ae87-a232f9efa2b1(uuid7533)
сент. 16, 2025 8:21:57 PM webapp.storage.AbstractStorage save
INFO: &amp#27;[32mSave faa69cd5-1390-4a02-b423-ee1e8d4c57b3(uuid7534)
сент. 16, 2025 8:21:57 PM webapp.storage.AbstractStorage save
INFO: &amp#27;[32mSave d94110ff-b899-42c6-8683-28f43e2e394e(uuid7535)
сент. 16, 2025 8:21:57 PM webapp.storage.AbstractStorage save
INFO: &amp#27;[32mSave f3b7a7e0-cfaa-4218-b4c2-879719b5bdb2(uuid7536)
сент. 16, 2025 8:21:57 PM webapp.storage.AbstractStorage save
INFO: &amp#27;[32mSave 065876bb-64ef-444d-b7e8-6fe1652258e0(uuid7537)
сент. 16, 2025 8:21:57 PM webapp.storage.AbstractStorage save
INFO: &amp#27;[32mSave ecb023dc-63d2-467a-924e-5a81015e6471(uuid7538)
сент. 16, 2025 8:21:57 PM webapp.storage.AbstractStorage save
INFO: &amp#27;[32mSave d306732f-8169-4c1e-955c-dfa842595c2e(uuid7539)
сент. 16, 2025 8:21:57 PM webapp.storage.AbstractStorage save
INFO: &amp#27;[32mSave 2eaaaa57-9cdf-4f1b-8e11-ba3e23006cb9(uuid7540)
сент. 16, 2025 8:21:57 PM webapp.storage.AbstractStorage save
INFO: &amp#27;[32mSave 6e277aa4-8078-45f7-92db-6fe31cf00113(uuid7541)
сент. 16, 2025 8:21:57 PM webapp.storage.AbstractStorage save
INFO: &amp#27;[32mSave c15019fb-c7a7-479b-b55f-e6b36d0dba56(uuid7542)
сент. 16, 2025 8:21:57 PM webapp.storage.AbstractStorage save
INFO: &amp#27;[32mSave 218830e1-20ae-42d9-839f-9a6319d17869(uuid7543)
сент. 16, 2025 8:21:57 PM webapp.storage.AbstractStorage save
INFO: &amp#27;[32mSave 3b1e2592-20bd-4c4f-96b1-fe858d8548e5(uuid7544)
сент. 16, 2025 8:21:57 PM webapp.storage.AbstractStorage save
INFO: &amp#27;[32mSave 01a058b0-a761-469f-aee9-42f56c13f93b(uuid7545)
сент. 16, 2025 8:21:57 PM webapp.storage.AbstractStorage save
INFO: &amp#27;[32mSave 52736e09-b498-4e5d-b473-a51f8350bc75(uuid7546)
сент. 16, 2025 8:21:57 PM webapp.storage.AbstractStorage save
INFO: &amp#27;[32mSave 8dca619b-7470-40f6-9666-f97a90960a4b(uuid7547)
сент. 16, 2025 8:21:57 PM webapp.storage.AbstractStorage save
INFO: &amp#27;[32mSave d664e3ae-99eb-4706-9037-59d7ca01a885(uuid7548)
сент. 16, 2025 8:21:57 PM webapp.storage.AbstractStorage save
INFO: &amp#27;[32mSave 5010c8fa-a88d-4e04-bd5e-1e08149e3c5a(uuid7549)
сент. 16, 2025 8:21:57 PM webapp.storage.AbstractStorage save
INFO: &amp#27;[32mSave f1af6fd9-8f6f-478e-af8e-2dcf10ba466f(uuid7550)
сент. 16, 2025 8:21:57 PM webapp.storage.AbstractStorage save
INFO: &amp#27;[32mSave 5e95d2ef-9495-4c41-a5c8-c67f584889eb(uuid7551)
сент. 16, 2025 8:21:57 PM webapp.storage.AbstractStorage save
INFO: &amp#27;[32mSave e3cf89bb-0ad6-4dfa-b0c7-545eec564e5a(uuid7552)
сент. 16, 2025 8:21:57 PM webapp.storage.AbstractStorage save
INFO: &amp#27;[32mSave 0fc64f44-3e10-4e34-bbd1-df95bb714ef6(uuid7553)
сент. 16, 2025 8:21:57 PM webapp.storage.AbstractStorage save
INFO: &amp#27;[32mSave a554dac6-5ec3-4a8f-aac3-25e0df64f9c4(uuid7554)
сент. 16, 2025 8:21:57 PM webapp.storage.AbstractStorage save
INFO: &amp#27;[32mSave c3c861ee-621e-4546-b428-fb7fdec62e52(uuid7555)
сент. 16, 2025 8:21:57 PM webapp.storage.AbstractStorage save
INFO: &amp#27;[32mSave e305d00e-7343-49f6-8956-bda5fb806e05(uuid7556)
сент. 16, 2025 8:21:57 PM webapp.storage.AbstractStorage save
INFO: &amp#27;[32mSave 92950296-f625-463f-9832-acda944ac545(uuid7557)
сент. 16, 2025 8:21:57 PM webapp.storage.AbstractStorage save
INFO: &amp#27;[32mSave 8fca1592-11f4-44b0-9d6e-6f0b85da6d6b(uuid7558)
сент. 16, 2025 8:21:57 PM webapp.storage.AbstractStorage save
INFO: &amp#27;[32mSave eee2e279-8aaa-4bac-9fa0-63a46b5b8a9d(uuid7559)
сент. 16, 2025 8:21:57 PM webapp.storage.AbstractStorage save
INFO: &amp#27;[32mSave 04897ab0-84bd-47de-afe6-47836bfae8dc(uuid7560)
сент. 16, 2025 8:21:57 PM webapp.storage.AbstractStorage save
INFO: &amp#27;[32mSave 71c734a5-2597-4c82-84f5-eb6eed907c9b(uuid7561)
сент. 16, 2025 8:21:57 PM webapp.storage.AbstractStorage save
INFO: &amp#27;[32mSave bad0a91b-8176-4340-9e8d-4744ed871d83(uuid7562)
сент. 16, 2025 8:21:57 PM webapp.storage.AbstractStorage save
INFO: &amp#27;[32mSave fe7ae874-bc78-4a4a-8787-36ee69a47860(uuid7563)
сент. 16, 2025 8:21:57 PM webapp.storage.AbstractStorage save
INFO: &amp#27;[32mSave 13490560-8330-4af5-b251-1ba3c09345f5(uuid7564)
сент. 16, 2025 8:21:57 PM webapp.storage.AbstractStorage save
INFO: &amp#27;[32mSave d84a29c4-4335-4219-bfa9-5cb27e0865aa(uuid7565)
сент. 16, 2025 8:21:57 PM webapp.storage.AbstractStorage save
INFO: &amp#27;[32mSave fc9ef4b5-5915-4a76-99d4-94897cf1aa61(uuid7566)
сент. 16, 2025 8:21:57 PM webapp.storage.AbstractStorage save
INFO: &amp#27;[32mSave 95db7169-c7fb-4518-9c22-bab0ce4e7870(uuid7567)
сент. 16, 2025 8:21:57 PM webapp.storage.AbstractStorage save
INFO: &amp#27;[32mSave cd0e5444-4e95-4e1b-be9e-9725dfd5fbf4(uuid7568)
сент. 16, 2025 8:21:57 PM webapp.storage.AbstractStorage save
INFO: &amp#27;[32mSave 0711de7f-79ba-4f2b-91b8-9330135198d9(uuid7569)
сент. 16, 2025 8:21:57 PM webapp.storage.AbstractStorage save
INFO: &amp#27;[32mSave b11fcb18-067d-4b6d-8829-f4081d95f9a5(uuid7570)
сент. 16, 2025 8:21:57 PM webapp.storage.AbstractStorage save
INFO: &amp#27;[32mSave 9a985ac4-9c08-4613-aff7-15894992edb9(uuid7571)
сент. 16, 2025 8:21:57 PM webapp.storage.AbstractStorage save
INFO: &amp#27;[32mSave 47d440ee-80f7-42c5-ad2f-15cf0c55b647(uuid7572)
сент. 16, 2025 8:21:57 PM webapp.storage.AbstractStorage save
INFO: &amp#27;[32mSave 80cb4d62-28ae-4a11-9c79-055b63e69082(uuid7573)
сент. 16, 2025 8:21:57 PM webapp.storage.AbstractStorage save
INFO: &amp#27;[32mSave 78d21d1f-cd2a-44ff-8627-15356dd08251(uuid7574)
сент. 16, 2025 8:21:57 PM webapp.storage.AbstractStorage save
INFO: &amp#27;[32mSave cb53f8fc-66c6-47c6-8bc3-92608be2f653(uuid7575)
сент. 16, 2025 8:21:57 PM webapp.storage.AbstractStorage save
INFO: &amp#27;[32mSave 6204b18b-cee6-4e3d-a766-74f13a4b7103(uuid7576)
сент. 16, 2025 8:21:57 PM webapp.storage.AbstractStorage save
INFO: &amp#27;[32mSave 95acc5cd-0142-4bd3-ad27-45b575fd890e(uuid7577)
сент. 16, 2025 8:21:57 PM webapp.storage.AbstractStorage save
INFO: &amp#27;[32mSave 022761ad-7f10-48f1-bda1-e774393100b1(uuid7578)
сент. 16, 2025 8:21:57 PM webapp.storage.AbstractStorage save
INFO: &amp#27;[32mSave 98789e8d-7684-49c8-a237-6ee80ba9f21d(uuid7579)
сент. 16, 2025 8:21:57 PM webapp.storage.AbstractStorage save
INFO: &amp#27;[32mSave 6619a470-7d4e-47f7-8d0b-e35b441ca9c1(uuid7580)
сент. 16, 2025 8:21:57 PM webapp.storage.AbstractStorage save
INFO: &amp#27;[32mSave 174c0cfc-ae9a-49f3-bea2-1bc7c6beeea7(uuid7581)
сент. 16, 2025 8:21:57 PM webapp.storage.AbstractStorage save
INFO: &amp#27;[32mSave 9e917eba-06a5-4fd8-bdbb-ca4b848bccf4(uuid7582)
сент. 16, 2025 8:21:57 PM webapp.storage.AbstractStorage save
INFO: &amp#27;[32mSave 68c5d320-3d3d-4878-ab5b-364a58aab696(uuid7583)
сент. 16, 2025 8:21:57 PM webapp.storage.AbstractStorage save
INFO: &amp#27;[32mSave 2b883514-89cc-40aa-8b2a-5f74be797885(uuid7584)
сент. 16, 2025 8:21:57 PM webapp.storage.AbstractStorage save
INFO: &amp#27;[32mSave 7dda21d4-8077-4883-9bf2-c4fdc2f4e080(uuid7585)
сент. 16, 2025 8:21:57 PM webapp.storage.AbstractStorage save
INFO: &amp#27;[32mSave 4233c2a8-ab2e-4756-98ab-e89d18ac967b(uuid7586)
сент. 16, 2025 8:21:57 PM webapp.storage.AbstractStorage save
INFO: &amp#27;[32mSave 24977ba7-b48c-4a7c-b2d6-caa1314bf335(uuid7587)
сент. 16, 2025 8:21:57 PM webapp.storage.AbstractStorage save
INFO: &amp#27;[32mSave 56e708c7-f593-42d0-bf29-27f4fbeffb46(uuid7588)
сент. 16, 2025 8:21:57 PM webapp.storage.AbstractStorage save
INFO: &amp#27;[32mSave 7e5832a4-4c8b-4c33-ab97-9506a7e99614(uuid7589)
сент. 16, 2025 8:21:57 PM webapp.storage.AbstractStorage save
INFO: &amp#27;[32mSave ab57fb27-deca-419d-8415-c0166619f866(uuid7590)
сент. 16, 2025 8:21:57 PM webapp.storage.AbstractStorage save
INFO: &amp#27;[32mSave dd4afebe-1934-4718-a0fd-1c142f913817(uuid7591)
сент. 16, 2025 8:21:57 PM webapp.storage.AbstractStorage save
INFO: &amp#27;[32mSave 537e8235-2429-4b5f-a967-03765716839e(uuid7592)
сент. 16, 2025 8:21:57 PM webapp.storage.AbstractStorage save
INFO: &amp#27;[32mSave 53160692-992b-49c6-ae18-b4c69675ee04(uuid7593)
сент. 16, 2025 8:21:57 PM webapp.storage.AbstractStorage save
INFO: &amp#27;[32mSave 7273df8b-4df6-4e45-9859-011781c34ecd(uuid7594)
сент. 16, 2025 8:21:57 PM webapp.storage.AbstractStorage save
INFO: &amp#27;[32mSave d7990327-1b4c-4914-a558-450e5a4612c7(uuid7595)
сент. 16, 2025 8:21:57 PM webapp.storage.AbstractStorage save
INFO: &amp#27;[32mSave eb6b467a-80eb-44b6-8169-afdc67fdcd62(uuid7596)
сент. 16, 2025 8:21:57 PM webapp.storage.AbstractStorage save
INFO: &amp#27;[32mSave 70ce89d1-efb3-4215-af8a-46ac0ac6dec1(uuid7597)
сент. 16, 2025 8:21:57 PM webapp.storage.AbstractStorage save
INFO: &amp#27;[32mSave f23e62b8-d4fa-4252-91ee-e2d6f518bd5a(uuid7598)
сент. 16, 2025 8:21:57 PM webapp.storage.AbstractStorage save
INFO: &amp#27;[32mSave 54804015-1fb1-473d-a83c-af45dc84242b(uuid7599)
сент. 16, 2025 8:21:57 PM webapp.storage.AbstractStorage save
INFO: &amp#27;[32mSave 067e20c2-4442-4dfa-8a9f-a10c63b5ee62(uuid7600)
сент. 16, 2025 8:21:57 PM webapp.storage.AbstractStorage save
INFO: &amp#27;[32mSave 787225f1-43b7-4684-aabb-e613845440dc(uuid7601)
сент. 16, 2025 8:21:57 PM webapp.storage.AbstractStorage save
INFO: &amp#27;[32mSave 0b272d33-e203-453c-9d7b-cddfcdae2300(uuid7602)
сент. 16, 2025 8:21:57 PM webapp.storage.AbstractStorage save
INFO: &amp#27;[32mSave 044ad8ef-9b35-4210-beb0-21f640ceb086(uuid7603)
сент. 16, 2025 8:21:57 PM webapp.storage.AbstractStorage save
INFO: &amp#27;[32mSave 7899a0dd-2719-46fd-a1c1-7eebcf49e547(uuid7604)
сент. 16, 2025 8:21:57 PM webapp.storage.AbstractStorage save
INFO: &amp#27;[32mSave b543d0bc-fee2-4b39-9675-c3c83261d357(uuid7605)
сент. 16, 2025 8:21:57 PM webapp.storage.AbstractStorage save
INFO: &amp#27;[32mSave fd6115b7-18d6-4676-b0c0-7ffbfe578e41(uuid7606)
сент. 16, 2025 8:21:57 PM webapp.storage.AbstractStorage save
INFO: &amp#27;[32mSave 4ce6bc83-517c-46d2-bf7b-2d14d691e638(uuid7607)
сент. 16, 2025 8:21:57 PM webapp.storage.AbstractStorage save
INFO: &amp#27;[32mSave 6cafc395-dcae-4a98-b98d-0ec36de98970(uuid7608)
сент. 16, 2025 8:21:57 PM webapp.storage.AbstractStorage save
INFO: &amp#27;[32mSave 78c752bb-b2d8-458e-858a-a7c7ea0476e3(uuid7609)
сент. 16, 2025 8:21:57 PM webapp.storage.AbstractStorage save
INFO: &amp#27;[32mSave f61650ac-a560-42a4-af1a-5c2a84e388bc(uuid7610)
сент. 16, 2025 8:21:57 PM webapp.storage.AbstractStorage save
INFO: &amp#27;[32mSave c23e7e68-ddf9-435e-b941-d30cc57a4540(uuid7611)
сент. 16, 2025 8:21:57 PM webapp.storage.AbstractStorage save
INFO: &amp#27;[32mSave cff4b5e1-69ab-412d-aeca-014d3ed328a3(uuid7612)
сент. 16, 2025 8:21:57 PM webapp.storage.AbstractStorage save
INFO: &amp#27;[32mSave 34c6f0d5-5e9d-4d7b-ad1c-946d4c0b4612(uuid7613)
сент. 16, 2025 8:21:57 PM webapp.storage.AbstractStorage save
INFO: &amp#27;[32mSave 53489872-f918-48f0-9be0-e14e564ec0f3(uuid7614)
сент. 16, 2025 8:21:57 PM webapp.storage.AbstractStorage save
INFO: &amp#27;[32mSave 127a57aa-2715-4864-bcd7-d54f75678127(uuid7615)
сент. 16, 2025 8:21:57 PM webapp.storage.AbstractStorage save
INFO: &amp#27;[32mSave 664ca604-586f-4315-af14-240e1e18eaa4(uuid7616)
сент. 16, 2025 8:21:57 PM webapp.storage.AbstractStorage save
INFO: &amp#27;[32mSave a91c44be-ecad-4f82-9f19-65569e4ff75e(uuid7617)
сент. 16, 2025 8:21:57 PM webapp.storage.AbstractStorage save
INFO: &amp#27;[32mSave 7e3d85e6-d9f6-4656-8dba-2c34ab33864d(uuid7618)
сент. 16, 2025 8:21:57 PM webapp.storage.AbstractStorage save
INFO: &amp#27;[32mSave d921ad2b-0cd2-435b-8630-a46e76d39771(uuid7619)
сент. 16, 2025 8:21:57 PM webapp.storage.AbstractStorage save
INFO: &amp#27;[32mSave c44a92fd-f4b4-45ae-9f52-95219292ad67(uuid7620)
сент. 16, 2025 8:21:57 PM webapp.storage.AbstractStorage save
INFO: &amp#27;[32mSave 5a7c4f14-912a-4a92-97ad-91585323b7db(uuid7621)
сент. 16, 2025 8:21:57 PM webapp.storage.AbstractStorage save
INFO: &amp#27;[32mSave 0e479f0b-7857-4c43-9dde-4e54247cbfc5(uuid7622)
сент. 16, 2025 8:21:57 PM webapp.storage.AbstractStorage save
INFO: &amp#27;[32mSave d2bfb1d9-14b6-4e64-908c-387415864170(uuid7623)
сент. 16, 2025 8:21:57 PM webapp.storage.AbstractStorage save
INFO: &amp#27;[32mSave 3556822a-39e9-427d-afa5-0f7ab5706088(uuid7624)
сент. 16, 2025 8:21:57 PM webapp.storage.AbstractStorage save
INFO: &amp#27;[32mSave b463674a-ee2d-42c4-93a8-d39bf5c6bda9(uuid7625)
сент. 16, 2025 8:21:57 PM webapp.storage.AbstractStorage save
INFO: &amp#27;[32mSave 0817126c-44bd-46b6-baf8-30b720106869(uuid7626)
сент. 16, 2025 8:21:57 PM webapp.storage.AbstractStorage save
INFO: &amp#27;[32mSave 21326bb4-7ce5-49de-a358-f9da3d69321e(uuid7627)
сент. 16, 2025 8:21:57 PM webapp.storage.AbstractStorage save
INFO: &amp#27;[32mSave 901dd114-b818-4ec6-b164-fb61fd833d44(uuid7628)
сент. 16, 2025 8:21:57 PM webapp.storage.AbstractStorage save
INFO: &amp#27;[32mSave 0656e896-60eb-4d98-afb5-e5aecaaefeed(uuid7629)
сент. 16, 2025 8:21:57 PM webapp.storage.AbstractStorage save
INFO: &amp#27;[32mSave 1fbf7c5d-f57a-4245-9dc5-9b070a6d440f(uuid7630)
сент. 16, 2025 8:21:57 PM webapp.storage.AbstractStorage save
INFO: &amp#27;[32mSave 2b89f037-a2ac-4fcc-a684-b009fe1d43cf(uuid7631)
сент. 16, 2025 8:21:57 PM webapp.storage.AbstractStorage save
INFO: &amp#27;[32mSave a2fd2f51-3562-48d4-b428-beff24bd3230(uuid7632)
сент. 16, 2025 8:21:57 PM webapp.storage.AbstractStorage save
INFO: &amp#27;[32mSave 461869de-86c7-4c75-bf46-54cacf2fe562(uuid7633)
сент. 16, 2025 8:21:57 PM webapp.storage.AbstractStorage save
INFO: &amp#27;[32mSave f84ace2b-8033-4542-a446-5c73406f5706(uuid7634)
сент. 16, 2025 8:21:57 PM webapp.storage.AbstractStorage save
INFO: &amp#27;[32mSave 08208640-22ec-468a-a366-0bbb10fa51a6(uuid7635)
сент. 16, 2025 8:21:57 PM webapp.storage.AbstractStorage save
INFO: &amp#27;[32mSave 31a6ac79-311e-4646-9f5a-9865a7187846(uuid7636)
сент. 16, 2025 8:21:57 PM webapp.storage.AbstractStorage save
INFO: &amp#27;[32mSave 564a3264-efec-4afe-9ac5-7a07a106a204(uuid7637)
сент. 16, 2025 8:21:57 PM webapp.storage.AbstractStorage save
INFO: &amp#27;[32mSave d9678758-7847-434a-adfd-ba3c2a93fbc4(uuid7638)
сент. 16, 2025 8:21:57 PM webapp.storage.AbstractStorage save
INFO: &amp#27;[32mSave bf853b1c-ea60-4430-89d9-b43aa6f0d226(uuid7639)
сент. 16, 2025 8:21:57 PM webapp.storage.AbstractStorage save
INFO: &amp#27;[32mSave 6705dd5d-266f-4e63-a0dc-dce10d42ebc8(uuid7640)
сент. 16, 2025 8:21:57 PM webapp.storage.AbstractStorage save
INFO: &amp#27;[32mSave 80af4409-7e3f-49e7-805e-877408a6c0a8(uuid7641)
сент. 16, 2025 8:21:57 PM webapp.storage.AbstractStorage save
INFO: &amp#27;[32mSave 0ae86b6f-5e0a-4cf2-b8f2-896ae085d633(uuid7642)
сент. 16, 2025 8:21:57 PM webapp.storage.AbstractStorage save
INFO: &amp#27;[32mSave e583be43-d260-4f1c-af46-fc8eafe738b4(uuid7643)
сент. 16, 2025 8:21:57 PM webapp.storage.AbstractStorage save
INFO: &amp#27;[32mSave 16feeae1-eedb-400c-8dec-e2976e042b79(uuid7644)
сент. 16, 2025 8:21:57 PM webapp.storage.AbstractStorage save
INFO: &amp#27;[32mSave 4908a88c-4e9f-4b50-a9cb-0a7ca78b3d2a(uuid7645)
сент. 16, 2025 8:21:57 PM webapp.storage.AbstractStorage save
INFO: &amp#27;[32mSave c63c5a06-f92a-4291-984b-00d50c081082(uuid7646)
сент. 16, 2025 8:21:57 PM webapp.storage.AbstractStorage save
INFO: &amp#27;[32mSave bcebbe5d-87b7-4b7d-b1f7-0b3607072921(uuid7647)
сент. 16, 2025 8:21:57 PM webapp.storage.AbstractStorage save
INFO: &amp#27;[32mSave aa2668af-de22-435f-8a06-da3727a590c3(uuid7648)
сент. 16, 2025 8:21:57 PM webapp.storage.AbstractStorage save
INFO: &amp#27;[32mSave 67d6e2a5-27e0-40f0-92b9-4483e8b4b32a(uuid7649)
сент. 16, 2025 8:21:57 PM webapp.storage.AbstractStorage save
INFO: &amp#27;[32mSave 9d763349-2950-48ee-91b0-1ded67f4a433(uuid7650)
сент. 16, 2025 8:21:57 PM webapp.storage.AbstractStorage save
INFO: &amp#27;[32mSave 1fa8c392-e220-4476-90c8-3b873b420dbe(uuid7651)
сент. 16, 2025 8:21:57 PM webapp.storage.AbstractStorage save
INFO: &amp#27;[32mSave cd2d6533-5dd5-40cf-97ec-d75704cfe9f1(uuid7652)
сент. 16, 2025 8:21:57 PM webapp.storage.AbstractStorage save
INFO: &amp#27;[32mSave 7ffab595-ade0-4c20-b200-380b2bfd48e6(uuid7653)
сент. 16, 2025 8:21:57 PM webapp.storage.AbstractStorage save
INFO: &amp#27;[32mSave 3e21cdd4-38ae-401a-9fd1-7bd44a03304f(uuid7654)
сент. 16, 2025 8:21:57 PM webapp.storage.AbstractStorage save
INFO: &amp#27;[32mSave 04e053a6-ca2e-434e-9cf3-c19151233789(uuid7655)
сент. 16, 2025 8:21:57 PM webapp.storage.AbstractStorage save
INFO: &amp#27;[32mSave d3ea55e0-6283-4e14-aecf-8c0f22bbd85d(uuid7656)
сент. 16, 2025 8:21:57 PM webapp.storage.AbstractStorage save
INFO: &amp#27;[32mSave 814aa6d5-08b3-4aa8-b9db-b0836dc0c1c9(uuid7657)
сент. 16, 2025 8:21:57 PM webapp.storage.AbstractStorage save
INFO: &amp#27;[32mSave 68f635c5-3936-48d4-b81a-345f199f8a39(uuid7658)
сент. 16, 2025 8:21:57 PM webapp.storage.AbstractStorage save
INFO: &amp#27;[32mSave 7ee89680-4537-4838-9759-5e8002b2e6e4(uuid7659)
сент. 16, 2025 8:21:57 PM webapp.storage.AbstractStorage save
INFO: &amp#27;[32mSave 2befa58b-2873-4a01-a0fa-586956c47d54(uuid7660)
сент. 16, 2025 8:21:57 PM webapp.storage.AbstractStorage save
INFO: &amp#27;[32mSave 12579166-051f-45a6-9425-79d0a3633cf4(uuid7661)
сент. 16, 2025 8:21:57 PM webapp.storage.AbstractStorage save
INFO: &amp#27;[32mSave 7f849b1f-8241-4520-9b47-d2d1abb23020(uuid7662)
сент. 16, 2025 8:21:57 PM webapp.storage.AbstractStorage save
INFO: &amp#27;[32mSave 3017cce8-aa28-42fb-950b-2f8f0452f359(uuid7663)
сент. 16, 2025 8:21:57 PM webapp.storage.AbstractStorage save
INFO: &amp#27;[32mSave b0fd11c6-49a1-48f3-9348-347c982b9ee9(uuid7664)
сент. 16, 2025 8:21:57 PM webapp.storage.AbstractStorage save
INFO: &amp#27;[32mSave 891cf906-3ec5-45f1-a466-8911c4427f51(uuid7665)
сент. 16, 2025 8:21:57 PM webapp.storage.AbstractStorage save
INFO: &amp#27;[32mSave c9d64d1f-a505-4165-ba85-3f0ff5db75af(uuid7666)
сент. 16, 2025 8:21:57 PM webapp.storage.AbstractStorage save
INFO: &amp#27;[32mSave 7c222d67-f5bd-42f1-bb6b-f19d26e70185(uuid7667)
сент. 16, 2025 8:21:57 PM webapp.storage.AbstractStorage save
INFO: &amp#27;[32mSave ff7b3e1b-597c-4958-8bcc-c1e0df04b13f(uuid7668)
сент. 16, 2025 8:21:57 PM webapp.storage.AbstractStorage save
INFO: &amp#27;[32mSave 2e932180-1482-4d81-8cfe-2cc081544fd4(uuid7669)
сент. 16, 2025 8:21:57 PM webapp.storage.AbstractStorage save
INFO: &amp#27;[32mSave 45181662-7b51-4531-b069-68ed916c55f7(uuid7670)
сент. 16, 2025 8:21:57 PM webapp.storage.AbstractStorage save
INFO: &amp#27;[32mSave d27a39fd-55bf-4d87-aa95-e1e156a3c539(uuid7671)
сент. 16, 2025 8:21:57 PM webapp.storage.AbstractStorage save
INFO: &amp#27;[32mSave 3e714d17-5138-4135-b8eb-b363d960ae62(uuid7672)
сент. 16, 2025 8:21:57 PM webapp.storage.AbstractStorage save
INFO: &amp#27;[32mSave 6544d6e9-a3bf-41ad-91fc-20c3669bc16b(uuid7673)
сент. 16, 2025 8:21:57 PM webapp.storage.AbstractStorage save
INFO: &amp#27;[32mSave d7f44aac-7c37-4bb0-b945-ede228f1550b(uuid7674)
сент. 16, 2025 8:21:57 PM webapp.storage.AbstractStorage save
INFO: &amp#27;[32mSave 2b7e5dd4-e1f0-4460-9520-372538904725(uuid7675)
сент. 16, 2025 8:21:57 PM webapp.storage.AbstractStorage save
INFO: &amp#27;[32mSave 7863b997-10a4-4e44-a151-b74952382280(uuid7676)
сент. 16, 2025 8:21:57 PM webapp.storage.AbstractStorage save
INFO: &amp#27;[32mSave 8a480709-c665-4451-b9ba-87fd5103e035(uuid7677)
сент. 16, 2025 8:21:57 PM webapp.storage.AbstractStorage save
INFO: &amp#27;[32mSave c2d72265-0879-493a-af9b-9783e3e6d831(uuid7678)
сент. 16, 2025 8:21:57 PM webapp.storage.AbstractStorage save
INFO: &amp#27;[32mSave df005494-a255-45ed-9004-b217ceee6b09(uuid7679)
сент. 16, 2025 8:21:57 PM webapp.storage.AbstractStorage save
INFO: &amp#27;[32mSave e7542063-75f6-43ff-ad2d-ab7d2745f3e2(uuid7680)
сент. 16, 2025 8:21:57 PM webapp.storage.AbstractStorage save
INFO: &amp#27;[32mSave a2da4d0c-a942-41f9-a542-9710de6350a7(uuid7681)
сент. 16, 2025 8:21:57 PM webapp.storage.AbstractStorage save
INFO: &amp#27;[32mSave 1e23146b-e9e4-4b6e-9b98-d7b65b0c663b(uuid7682)
сент. 16, 2025 8:21:57 PM webapp.storage.AbstractStorage save
INFO: &amp#27;[32mSave 37835037-7dfe-4ca9-9d1e-7bfdec7a6c81(uuid7683)
сент. 16, 2025 8:21:57 PM webapp.storage.AbstractStorage save
INFO: &amp#27;[32mSave 3b15378b-d37b-4da9-ab97-fd35c7cff33d(uuid7684)
сент. 16, 2025 8:21:57 PM webapp.storage.AbstractStorage save
INFO: &amp#27;[32mSave 720824fb-44a5-4a47-a3e8-9f5d34c09a7f(uuid7685)
сент. 16, 2025 8:21:57 PM webapp.storage.AbstractStorage save
INFO: &amp#27;[32mSave 6bf3129b-1515-4084-bc2e-b910536dd1d1(uuid7686)
сент. 16, 2025 8:21:57 PM webapp.storage.AbstractStorage save
INFO: &amp#27;[32mSave c5bba75b-86bf-4cfa-b316-bf71b4ed4148(uuid7687)
сент. 16, 2025 8:21:57 PM webapp.storage.AbstractStorage save
INFO: &amp#27;[32mSave ddbe683f-6aaa-46de-8217-9179ebdd9fa2(uuid7688)
сент. 16, 2025 8:21:57 PM webapp.storage.AbstractStorage save
INFO: &amp#27;[32mSave e1cd9d30-7488-44c9-a18b-0228dcec8d01(uuid7689)
сент. 16, 2025 8:21:57 PM webapp.storage.AbstractStorage save
INFO: &amp#27;[32mSave bf83e73f-8cad-4b57-b151-3fa634888e82(uuid7690)
сент. 16, 2025 8:21:57 PM webapp.storage.AbstractStorage save
INFO: &amp#27;[32mSave 4f2a3176-243f-4097-af5f-dd874fe1803f(uuid7691)
сент. 16, 2025 8:21:57 PM webapp.storage.AbstractStorage save
INFO: &amp#27;[32mSave aaf5c4ab-137a-4849-b81a-d76afc14df6a(uuid7692)
сент. 16, 2025 8:21:57 PM webapp.storage.AbstractStorage save
INFO: &amp#27;[32mSave 16f7494b-b937-4504-884b-b97f74cfe146(uuid7693)
сент. 16, 2025 8:21:57 PM webapp.storage.AbstractStorage save
INFO: &amp#27;[32mSave 4abada31-ea9d-495f-ad5b-600f3e99f9cb(uuid7694)
сент. 16, 2025 8:21:57 PM webapp.storage.AbstractStorage save
INFO: &amp#27;[32mSave d6fa33fd-53fd-4c14-a9a1-bd2ee809fbbd(uuid7695)
сент. 16, 2025 8:21:57 PM webapp.storage.AbstractStorage save
INFO: &amp#27;[32mSave ee938c9d-5ff8-4187-bfab-4b1adadab4cb(uuid7696)
сент. 16, 2025 8:21:57 PM webapp.storage.AbstractStorage save
INFO: &amp#27;[32mSave fbfe5a6f-cc64-4130-a077-0e52c0fc4767(uuid7697)
сент. 16, 2025 8:21:57 PM webapp.storage.AbstractStorage save
INFO: &amp#27;[32mSave 1ffc26e6-fd28-4ec9-92a1-3cfca632978e(uuid7698)
сент. 16, 2025 8:21:57 PM webapp.storage.AbstractStorage save
INFO: &amp#27;[32mSave a394d8e4-dcda-46e6-b492-7ef42cbedaa4(uuid7699)
сент. 16, 2025 8:21:57 PM webapp.storage.AbstractStorage save
INFO: &amp#27;[32mSave 2867fcf5-14c4-4e2c-8f66-ea32d7ca80f5(uuid7700)
сент. 16, 2025 8:21:57 PM webapp.storage.AbstractStorage save
INFO: &amp#27;[32mSave f1e61ee2-46c3-4699-b3d4-3d6f0c0779d4(uuid7701)
сент. 16, 2025 8:21:57 PM webapp.storage.AbstractStorage save
INFO: &amp#27;[32mSave f8d66013-075d-4202-8ce9-6da3277fbc66(uuid7702)
сент. 16, 2025 8:21:57 PM webapp.storage.AbstractStorage save
INFO: &amp#27;[32mSave b8530bd1-afe4-4b12-9036-20ceab55b5b7(uuid7703)
сент. 16, 2025 8:21:57 PM webapp.storage.AbstractStorage save
INFO: &amp#27;[32mSave 8d2ba249-b310-4147-ad6a-32e94f8a90d2(uuid7704)
сент. 16, 2025 8:21:57 PM webapp.storage.AbstractStorage save
INFO: &amp#27;[32mSave c260ee01-1ea8-4de4-be87-68cd15e67244(uuid7705)
сент. 16, 2025 8:21:57 PM webapp.storage.AbstractStorage save
INFO: &amp#27;[32mSave cd98b669-d7a9-4db8-b672-f234c2808013(uuid7706)
сент. 16, 2025 8:21:57 PM webapp.storage.AbstractStorage save
INFO: &amp#27;[32mSave 80e847f2-5e6c-408c-84cb-239a8055dd39(uuid7707)
сент. 16, 2025 8:21:57 PM webapp.storage.AbstractStorage save
INFO: &amp#27;[32mSave ee893087-5db2-45a4-9f99-fc812988a29e(uuid7708)
сент. 16, 2025 8:21:57 PM webapp.storage.AbstractStorage save
INFO: &amp#27;[32mSave edb6c2db-fa59-41a6-b8ea-e1240962cc59(uuid7709)
сент. 16, 2025 8:21:57 PM webapp.storage.AbstractStorage save
INFO: &amp#27;[32mSave 5fe5de9d-f799-4b62-9d04-2ebce3bc9ff9(uuid7710)
сент. 16, 2025 8:21:57 PM webapp.storage.AbstractStorage save
INFO: &amp#27;[32mSave 5f778f15-105b-4dd5-8e01-bfc53fe5b949(uuid7711)
сент. 16, 2025 8:21:57 PM webapp.storage.AbstractStorage save
INFO: &amp#27;[32mSave 986c88c1-a1fc-4668-b536-1968b69eea68(uuid7712)
сент. 16, 2025 8:21:57 PM webapp.storage.AbstractStorage save
INFO: &amp#27;[32mSave 82143d87-a882-44c7-8dbc-79ab49f466d1(uuid7713)
сент. 16, 2025 8:21:57 PM webapp.storage.AbstractStorage save
INFO: &amp#27;[32mSave f51dfec4-cda7-4710-b2d0-c30e5eb60bbd(uuid7714)
сент. 16, 2025 8:21:57 PM webapp.storage.AbstractStorage save
INFO: &amp#27;[32mSave 9a916728-c1ff-4811-af15-325488133303(uuid7715)
сент. 16, 2025 8:21:57 PM webapp.storage.AbstractStorage save
INFO: &amp#27;[32mSave f2819e11-74d9-42fa-b8ce-97120fa6ffa1(uuid7716)
сент. 16, 2025 8:21:57 PM webapp.storage.AbstractStorage save
INFO: &amp#27;[32mSave 0d2c7aea-c6b7-492b-8d2f-c96a4af30487(uuid7717)
сент. 16, 2025 8:21:57 PM webapp.storage.AbstractStorage save
INFO: &amp#27;[32mSave 031b0748-b442-41ad-8da6-9ee1e3d6794d(uuid7718)
сент. 16, 2025 8:21:57 PM webapp.storage.AbstractStorage save
INFO: &amp#27;[32mSave a62a40ef-bb65-45c8-8d87-97ad7ffdb139(uuid7719)
сент. 16, 2025 8:21:57 PM webapp.storage.AbstractStorage save
INFO: &amp#27;[32mSave a5a44bfd-0d8b-4d5f-b339-918d05952b04(uuid7720)
сент. 16, 2025 8:21:57 PM webapp.storage.AbstractStorage save
INFO: &amp#27;[32mSave 6628f69b-c85b-4b37-ba77-4d69332161ea(uuid7721)
сент. 16, 2025 8:21:57 PM webapp.storage.AbstractStorage save
INFO: &amp#27;[32mSave 6c11c759-051a-4b94-913e-75b84228c3ec(uuid7722)
сент. 16, 2025 8:21:57 PM webapp.storage.AbstractStorage save
INFO: &amp#27;[32mSave ed23a483-986d-427b-9d59-dfed77b65444(uuid7723)
сент. 16, 2025 8:21:57 PM webapp.storage.AbstractStorage save
INFO: &amp#27;[32mSave 83743ee0-f796-4912-a27d-0594146652b9(uuid7724)
сент. 16, 2025 8:21:57 PM webapp.storage.AbstractStorage save
INFO: &amp#27;[32mSave b60d4cc7-4955-48af-a9fa-49f24c5a091b(uuid7725)
сент. 16, 2025 8:21:57 PM webapp.storage.AbstractStorage save
INFO: &amp#27;[32mSave 00c3748f-e720-4725-99a7-d94623b22280(uuid7726)
сент. 16, 2025 8:21:57 PM webapp.storage.AbstractStorage save
INFO: &amp#27;[32mSave 4f74fca0-f419-4b8a-97a6-4dc460cf7542(uuid7727)
сент. 16, 2025 8:21:57 PM webapp.storage.AbstractStorage save
INFO: &amp#27;[32mSave 222b67bb-c280-4989-b78e-faf816bae27a(uuid7728)
сент. 16, 2025 8:21:57 PM webapp.storage.AbstractStorage save
INFO: &amp#27;[32mSave 48eba53f-db03-4fef-bc09-8f5cab009061(uuid7729)
сент. 16, 2025 8:21:57 PM webapp.storage.AbstractStorage save
INFO: &amp#27;[32mSave 3414c50c-48d6-436a-a797-deeab9dfc5ff(uuid7730)
сент. 16, 2025 8:21:57 PM webapp.storage.AbstractStorage save
INFO: &amp#27;[32mSave 8fe36960-4a7d-4896-be45-c2e5b544580a(uuid7731)
сент. 16, 2025 8:21:57 PM webapp.storage.AbstractStorage save
INFO: &amp#27;[32mSave 0247dc38-e313-4aff-822c-4b8023848a47(uuid7732)
сент. 16, 2025 8:21:57 PM webapp.storage.AbstractStorage save
INFO: &amp#27;[32mSave 32ea7fff-4291-4c59-91d8-9dc6479f80cd(uuid7733)
сент. 16, 2025 8:21:57 PM webapp.storage.AbstractStorage save
INFO: &amp#27;[32mSave 0fd02530-f034-4b83-957a-ee426e158249(uuid7734)
сент. 16, 2025 8:21:57 PM webapp.storage.AbstractStorage save
INFO: &amp#27;[32mSave 4cc1387b-61f2-4881-9205-01ad7767ff8b(uuid7735)
сент. 16, 2025 8:21:57 PM webapp.storage.AbstractStorage save
INFO: &amp#27;[32mSave 69b452ee-b0fe-4547-817e-1511e233df54(uuid7736)
сент. 16, 2025 8:21:57 PM webapp.storage.AbstractStorage save
INFO: &amp#27;[32mSave e280e427-0c1c-4b5d-a7b1-6d83e5e92430(uuid7737)
сент. 16, 2025 8:21:57 PM webapp.storage.AbstractStorage save
INFO: &amp#27;[32mSave 02db07db-625d-4427-bf22-807a5f6dddfb(uuid7738)
сент. 16, 2025 8:21:57 PM webapp.storage.AbstractStorage save
INFO: &amp#27;[32mSave ef4df81a-ba51-4dd9-b6e3-2a4c8842a801(uuid7739)
сент. 16, 2025 8:21:57 PM webapp.storage.AbstractStorage save
INFO: &amp#27;[32mSave 941cb82e-f65f-492f-b6a9-58655707dcb6(uuid7740)
сент. 16, 2025 8:21:57 PM webapp.storage.AbstractStorage save
INFO: &amp#27;[32mSave 9bfa23d2-40cc-4606-bf98-e05781816686(uuid7741)
сент. 16, 2025 8:21:57 PM webapp.storage.AbstractStorage save
INFO: &amp#27;[32mSave 9941108e-f5f4-409b-b9a5-9b6ae78e0229(uuid7742)
сент. 16, 2025 8:21:57 PM webapp.storage.AbstractStorage save
INFO: &amp#27;[32mSave d6a9e81d-c1cc-46a1-9581-808e3de09de5(uuid7743)
сент. 16, 2025 8:21:57 PM webapp.storage.AbstractStorage save
INFO: &amp#27;[32mSave 6501e4c5-ab51-474d-9614-ca2a19e03ffc(uuid7744)
сент. 16, 2025 8:21:57 PM webapp.storage.AbstractStorage save
INFO: &amp#27;[32mSave 75c1ee99-f4d4-49ae-8cbe-b73d8ea4cb35(uuid7745)
сент. 16, 2025 8:21:57 PM webapp.storage.AbstractStorage save
INFO: &amp#27;[32mSave 9b75da78-a9e3-4732-8dae-e189877b32c0(uuid7746)
сент. 16, 2025 8:21:57 PM webapp.storage.AbstractStorage save
INFO: &amp#27;[32mSave 5ed84b9a-ae2a-4027-81f0-3a372897efe1(uuid7747)
сент. 16, 2025 8:21:57 PM webapp.storage.AbstractStorage save
INFO: &amp#27;[32mSave 2fc935be-70b7-4425-abd1-9e6e0bab537f(uuid7748)
сент. 16, 2025 8:21:57 PM webapp.storage.AbstractStorage save
INFO: &amp#27;[32mSave ae1a807e-2908-4263-bfa5-1a7cf485ce25(uuid7749)
сент. 16, 2025 8:21:57 PM webapp.storage.AbstractStorage save
INFO: &amp#27;[32mSave 680fda37-4110-4008-9a99-ff0fea113292(uuid7750)
сент. 16, 2025 8:21:57 PM webapp.storage.AbstractStorage save
INFO: &amp#27;[32mSave 5a0e48e8-6f34-4ff1-af72-847643e1a86c(uuid7751)
сент. 16, 2025 8:21:57 PM webapp.storage.AbstractStorage save
INFO: &amp#27;[32mSave bbed22e6-eca2-411b-b8db-06b9c5a5d5c3(uuid7752)
сент. 16, 2025 8:21:57 PM webapp.storage.AbstractStorage save
INFO: &amp#27;[32mSave b39b7b4d-2645-421f-995d-c4f996cf420f(uuid7753)
сент. 16, 2025 8:21:57 PM webapp.storage.AbstractStorage save
INFO: &amp#27;[32mSave 949d015c-335d-46b7-8dc7-7907a9084da3(uuid7754)
сент. 16, 2025 8:21:57 PM webapp.storage.AbstractStorage save
INFO: &amp#27;[32mSave e50cd29d-c04a-42bd-899a-0d0225e3cf76(uuid7755)
сент. 16, 2025 8:21:57 PM webapp.storage.AbstractStorage save
INFO: &amp#27;[32mSave 4a645e50-1737-4962-b881-e8fa6ecbb51a(uuid7756)
сент. 16, 2025 8:21:57 PM webapp.storage.AbstractStorage save
INFO: &amp#27;[32mSave a3e3955a-86d5-4954-9483-07015dc4ef0a(uuid7757)
сент. 16, 2025 8:21:57 PM webapp.storage.AbstractStorage save
INFO: &amp#27;[32mSave 0538fc69-2588-4bf9-b9ad-19b93dc0593d(uuid7758)
сент. 16, 2025 8:21:57 PM webapp.storage.AbstractStorage save
INFO: &amp#27;[32mSave 1654eb69-d54f-4ea4-b460-e226738aa946(uuid7759)
сент. 16, 2025 8:21:57 PM webapp.storage.AbstractStorage save
INFO: &amp#27;[32mSave e73fe3d8-6dfe-472c-ad0e-3adc7bc6da2d(uuid7760)
сент. 16, 2025 8:21:57 PM webapp.storage.AbstractStorage save
INFO: &amp#27;[32mSave b2581905-4221-4b77-8edd-2ee5ba4e8686(uuid7761)
сент. 16, 2025 8:21:57 PM webapp.storage.AbstractStorage save
INFO: &amp#27;[32mSave a1a10fa1-8fea-4f2d-977d-bbdf32202ce8(uuid7762)
сент. 16, 2025 8:21:57 PM webapp.storage.AbstractStorage save
INFO: &amp#27;[32mSave 118332ee-d3d0-43ee-b755-af85b2807141(uuid7763)
сент. 16, 2025 8:21:57 PM webapp.storage.AbstractStorage save
INFO: &amp#27;[32mSave 43c08f9f-3bcb-452c-a9ec-713a8c4496e0(uuid7764)
сент. 16, 2025 8:21:57 PM webapp.storage.AbstractStorage save
INFO: &amp#27;[32mSave 32400acb-500c-4553-a1fc-e4c05b6a6882(uuid7765)
сент. 16, 2025 8:21:57 PM webapp.storage.AbstractStorage save
INFO: &amp#27;[32mSave aa7223d1-9f09-4249-bc9c-9cc25242eac0(uuid7766)
сент. 16, 2025 8:21:57 PM webapp.storage.AbstractStorage save
INFO: &amp#27;[32mSave 9ba4b0b2-4b3a-4332-9cba-1a8f05aee08c(uuid7767)
сент. 16, 2025 8:21:57 PM webapp.storage.AbstractStorage save
INFO: &amp#27;[32mSave ba3b16d4-d7fb-4ee6-ba48-fca3bafc5421(uuid7768)
сент. 16, 2025 8:21:57 PM webapp.storage.AbstractStorage save
INFO: &amp#27;[32mSave 16e8021b-7215-415b-adc1-486b41e715ad(uuid7769)
сент. 16, 2025 8:21:57 PM webapp.storage.AbstractStorage save
INFO: &amp#27;[32mSave 836bb596-88d7-4e43-8795-1fdd3c83483e(uuid7770)
сент. 16, 2025 8:21:57 PM webapp.storage.AbstractStorage save
INFO: &amp#27;[32mSave 4cb93106-4a74-4279-a790-2cb0fb1a8fca(uuid7771)
сент. 16, 2025 8:21:57 PM webapp.storage.AbstractStorage save
INFO: &amp#27;[32mSave 7e26cddb-c26b-4beb-a67f-90a2602afec0(uuid7772)
сент. 16, 2025 8:21:57 PM webapp.storage.AbstractStorage save
INFO: &amp#27;[32mSave ec249b31-f578-4bd6-9093-545aba0ed487(uuid7773)
сент. 16, 2025 8:21:57 PM webapp.storage.AbstractStorage save
INFO: &amp#27;[32mSave 85ca32db-e802-424d-b92a-790b9deff800(uuid7774)
сент. 16, 2025 8:21:57 PM webapp.storage.AbstractStorage save
INFO: &amp#27;[32mSave c615b0b0-fcb6-41ce-a352-0d52a2073030(uuid7775)
сент. 16, 2025 8:21:57 PM webapp.storage.AbstractStorage save
INFO: &amp#27;[32mSave 14c96514-c386-49b7-b30d-8daf3ce02134(uuid7776)
сент. 16, 2025 8:21:57 PM webapp.storage.AbstractStorage save
INFO: &amp#27;[32mSave 3e41bd53-001f-4c8a-a77e-655d9bbd2613(uuid7777)
сент. 16, 2025 8:21:57 PM webapp.storage.AbstractStorage save
INFO: &amp#27;[32mSave 2f7a1a6b-18c6-410e-a727-a7defd9fdcc2(uuid7778)
сент. 16, 2025 8:21:57 PM webapp.storage.AbstractStorage save
INFO: &amp#27;[32mSave 3330681c-450c-4882-b8fa-86949136b075(uuid7779)
сент. 16, 2025 8:21:57 PM webapp.storage.AbstractStorage save
INFO: &amp#27;[32mSave 6eabb1bc-5e38-4796-9f3d-e671db31e62f(uuid7780)
сент. 16, 2025 8:21:57 PM webapp.storage.AbstractStorage save
INFO: &amp#27;[32mSave 3d7d08ad-0745-4cd2-b989-45fcbaab3e13(uuid7781)
сент. 16, 2025 8:21:57 PM webapp.storage.AbstractStorage save
INFO: &amp#27;[32mSave e34fcab2-8d90-4268-866f-dc3429df9fc8(uuid7782)
сент. 16, 2025 8:21:57 PM webapp.storage.AbstractStorage save
INFO: &amp#27;[32mSave 64aa4f78-234d-4e3f-a0c3-86d5e42319ee(uuid7783)
сент. 16, 2025 8:21:57 PM webapp.storage.AbstractStorage save
INFO: &amp#27;[32mSave e8305ea7-e1fd-48ca-a77c-df3a9984d1b9(uuid7784)
сент. 16, 2025 8:21:57 PM webapp.storage.AbstractStorage save
INFO: &amp#27;[32mSave 4466ba24-4daf-49f7-ba29-7efb81111b38(uuid7785)
сент. 16, 2025 8:21:57 PM webapp.storage.AbstractStorage save
INFO: &amp#27;[32mSave a7d28491-15e6-4464-bc07-9aa12219da83(uuid7786)
сент. 16, 2025 8:21:57 PM webapp.storage.AbstractStorage save
INFO: &amp#27;[32mSave f9b703d8-08fb-47de-8578-bc67d6f16d74(uuid7787)
сент. 16, 2025 8:21:57 PM webapp.storage.AbstractStorage save
INFO: &amp#27;[32mSave a99b756a-d22f-4bf4-ac14-cdfac3f75f12(uuid7788)
сент. 16, 2025 8:21:57 PM webapp.storage.AbstractStorage save
INFO: &amp#27;[32mSave caab501a-7b4a-489d-a8f0-380279eb034d(uuid7789)
сент. 16, 2025 8:21:57 PM webapp.storage.AbstractStorage save
INFO: &amp#27;[32mSave b01f7c38-75a3-421d-a208-5b731904ade5(uuid7790)
сент. 16, 2025 8:21:57 PM webapp.storage.AbstractStorage save
INFO: &amp#27;[32mSave e3367ebe-c322-41d8-92e1-beb0432a2006(uuid7791)
сент. 16, 2025 8:21:57 PM webapp.storage.AbstractStorage save
INFO: &amp#27;[32mSave 4703a037-b6d7-4ff2-ada7-171644dd3c9f(uuid7792)
сент. 16, 2025 8:21:57 PM webapp.storage.AbstractStorage save
INFO: &amp#27;[32mSave 224b2877-94be-43ab-b014-094258c21ba6(uuid7793)
сент. 16, 2025 8:21:57 PM webapp.storage.AbstractStorage save
INFO: &amp#27;[32mSave b44e6dc5-4443-4a86-a1c4-5018da075cf4(uuid7794)
сент. 16, 2025 8:21:57 PM webapp.storage.AbstractStorage save
INFO: &amp#27;[32mSave cd25b357-9d59-4804-88ef-9315fd3b73d9(uuid7795)
сент. 16, 2025 8:21:57 PM webapp.storage.AbstractStorage save
INFO: &amp#27;[32mSave 92e102ba-354b-414e-bd12-21a64c78a6c7(uuid7796)
сент. 16, 2025 8:21:57 PM webapp.storage.AbstractStorage save
INFO: &amp#27;[32mSave fdf6424a-92b1-4a84-ab45-3b510340345c(uuid7797)
сент. 16, 2025 8:21:57 PM webapp.storage.AbstractStorage save
INFO: &amp#27;[32mSave 7d2946cd-8d36-4044-8b62-2698d508cea8(uuid7798)
сент. 16, 2025 8:21:57 PM webapp.storage.AbstractStorage save
INFO: &amp#27;[32mSave cf37cd22-2423-43ab-80ad-bb26021a3205(uuid7799)
сент. 16, 2025 8:21:57 PM webapp.storage.AbstractStorage save
INFO: &amp#27;[32mSave 615b4079-df8d-472a-9b18-e43fa8f49622(uuid7800)
сент. 16, 2025 8:21:57 PM webapp.storage.AbstractStorage save
INFO: &amp#27;[32mSave 5febec67-4982-48a5-8162-effe61c271d0(uuid7801)
сент. 16, 2025 8:21:57 PM webapp.storage.AbstractStorage save
INFO: &amp#27;[32mSave eabbf121-b782-4858-87c6-c67592e74692(uuid7802)
сент. 16, 2025 8:21:57 PM webapp.storage.AbstractStorage save
INFO: &amp#27;[32mSave 99915e4b-24d3-4d98-aa13-9bbdf40c351c(uuid7803)
сент. 16, 2025 8:21:57 PM webapp.storage.AbstractStorage save
INFO: &amp#27;[32mSave be8d2823-6bba-4faf-859e-8f6fec3e95b4(uuid7804)
сент. 16, 2025 8:21:57 PM webapp.storage.AbstractStorage save
INFO: &amp#27;[32mSave 89d6172c-6d80-4e1d-be1a-2f2835b546de(uuid7805)
сент. 16, 2025 8:21:57 PM webapp.storage.AbstractStorage save
INFO: &amp#27;[32mSave 1e4048e5-05e9-4da5-aaab-5f59cb3879f1(uuid7806)
сент. 16, 2025 8:21:57 PM webapp.storage.AbstractStorage save
INFO: &amp#27;[32mSave 6c8f7b8d-2eeb-4251-b450-e2235099471d(uuid7807)
сент. 16, 2025 8:21:57 PM webapp.storage.AbstractStorage save
INFO: &amp#27;[32mSave e92cb6f4-374f-4cb4-881b-855ae7fa2f90(uuid7808)
сент. 16, 2025 8:21:57 PM webapp.storage.AbstractStorage save
INFO: &amp#27;[32mSave 0b9ed861-b58f-4292-b9a5-3a1587afe854(uuid7809)
сент. 16, 2025 8:21:57 PM webapp.storage.AbstractStorage save
INFO: &amp#27;[32mSave 85b7dc26-2de3-46ef-ae55-40e397ab8449(uuid7810)
сент. 16, 2025 8:21:57 PM webapp.storage.AbstractStorage save
INFO: &amp#27;[32mSave b8742d9e-bc25-4e6e-98c4-2b5372cf0711(uuid7811)
сент. 16, 2025 8:21:57 PM webapp.storage.AbstractStorage save
INFO: &amp#27;[32mSave c0cea57f-5ec2-43dc-ad02-273cff075567(uuid7812)
сент. 16, 2025 8:21:57 PM webapp.storage.AbstractStorage save
INFO: &amp#27;[32mSave bd8b32be-f524-4cb7-9ea4-1828991cde10(uuid7813)
сент. 16, 2025 8:21:57 PM webapp.storage.AbstractStorage save
INFO: &amp#27;[32mSave 9f89e543-138c-4698-99a9-e33a1d5034e5(uuid7814)
сент. 16, 2025 8:21:57 PM webapp.storage.AbstractStorage save
INFO: &amp#27;[32mSave 2343f3e4-6cab-4f31-86e6-57b6356d677b(uuid7815)
сент. 16, 2025 8:21:57 PM webapp.storage.AbstractStorage save
INFO: &amp#27;[32mSave ca27e0cc-e98a-402f-bee6-9f940762afc3(uuid7816)
сент. 16, 2025 8:21:57 PM webapp.storage.AbstractStorage save
INFO: &amp#27;[32mSave f7cc6a5c-97fa-414a-9c69-330bdec4e637(uuid7817)
сент. 16, 2025 8:21:57 PM webapp.storage.AbstractStorage save
INFO: &amp#27;[32mSave 9339b8eb-3d13-4cfd-bb0d-19a4b0339397(uuid7818)
сент. 16, 2025 8:21:57 PM webapp.storage.AbstractStorage save
INFO: &amp#27;[32mSave d16d33dd-9620-4d54-9ff2-d185dceaf5ad(uuid7819)
сент. 16, 2025 8:21:57 PM webapp.storage.AbstractStorage save
INFO: &amp#27;[32mSave 3a3368b3-1af7-40f9-9cea-c7f925bca762(uuid7820)
сент. 16, 2025 8:21:57 PM webapp.storage.AbstractStorage save
INFO: &amp#27;[32mSave 3c628476-e7d4-430e-8776-349c322afda6(uuid7821)
сент. 16, 2025 8:21:57 PM webapp.storage.AbstractStorage save
INFO: &amp#27;[32mSave b2d45ecd-82b4-4bf0-a260-d288c96a4c24(uuid7822)
сент. 16, 2025 8:21:57 PM webapp.storage.AbstractStorage save
INFO: &amp#27;[32mSave 8d23f137-a9db-488a-bdb3-7d47a16fcc95(uuid7823)
сент. 16, 2025 8:21:57 PM webapp.storage.AbstractStorage save
INFO: &amp#27;[32mSave 0e8519df-850b-423f-be22-7f3f45581ff4(uuid7824)
сент. 16, 2025 8:21:57 PM webapp.storage.AbstractStorage save
INFO: &amp#27;[32mSave 9817dffe-c03d-4dff-8eed-e69e8f96afeb(uuid7825)
сент. 16, 2025 8:21:57 PM webapp.storage.AbstractStorage save
INFO: &amp#27;[32mSave 84a8f292-c404-4101-8285-0517f79c152e(uuid7826)
сент. 16, 2025 8:21:57 PM webapp.storage.AbstractStorage save
INFO: &amp#27;[32mSave 27517f1f-de63-4846-a24b-f95867b55bc0(uuid7827)
сент. 16, 2025 8:21:57 PM webapp.storage.AbstractStorage save
INFO: &amp#27;[32mSave 42c4aa54-2d8e-4025-92a3-e0d76e8fead7(uuid7828)
сент. 16, 2025 8:21:57 PM webapp.storage.AbstractStorage save
INFO: &amp#27;[32mSave 8add287f-ae81-4b68-a929-c7fd168f36a0(uuid7829)
сент. 16, 2025 8:21:57 PM webapp.storage.AbstractStorage save
INFO: &amp#27;[32mSave a63050df-fc37-40de-aaf8-d60ac7fb117c(uuid7830)
сент. 16, 2025 8:21:57 PM webapp.storage.AbstractStorage save
INFO: &amp#27;[32mSave 7407a94d-1019-4bdd-a5ad-1b00b414b96b(uuid7831)
сент. 16, 2025 8:21:57 PM webapp.storage.AbstractStorage save
INFO: &amp#27;[32mSave 8af41305-99d8-486a-a7a2-60a7bfae5ec8(uuid7832)
сент. 16, 2025 8:21:57 PM webapp.storage.AbstractStorage save
INFO: &amp#27;[32mSave ec2a7c8a-1379-4846-b591-34d4f91cb8bc(uuid7833)
сент. 16, 2025 8:21:57 PM webapp.storage.AbstractStorage save
INFO: &amp#27;[32mSave 47a9824b-2963-4214-9ac8-746ac348d747(uuid7834)
сент. 16, 2025 8:21:57 PM webapp.storage.AbstractStorage save
INFO: &amp#27;[32mSave 5e71d079-21a8-419e-9702-7df24fdcecfa(uuid7835)
сент. 16, 2025 8:21:57 PM webapp.storage.AbstractStorage save
INFO: &amp#27;[32mSave 95a8b384-0f15-44ea-87a9-c861a0a28df4(uuid7836)
сент. 16, 2025 8:21:57 PM webapp.storage.AbstractStorage save
INFO: &amp#27;[32mSave 30aeac6f-fac3-4bdd-9798-c10139696229(uuid7837)
сент. 16, 2025 8:21:57 PM webapp.storage.AbstractStorage save
INFO: &amp#27;[32mSave b1ee242c-8513-469b-9964-1b1eae2a5ab3(uuid7838)
сент. 16, 2025 8:21:57 PM webapp.storage.AbstractStorage save
INFO: &amp#27;[32mSave 3ad0d514-2838-4839-9393-5260ffb88a04(uuid7839)
сент. 16, 2025 8:21:57 PM webapp.storage.AbstractStorage save
INFO: &amp#27;[32mSave 081fd774-dca2-4a39-9954-f320cb2433cc(uuid7840)
сент. 16, 2025 8:21:57 PM webapp.storage.AbstractStorage save
INFO: &amp#27;[32mSave 02fe016b-d7e9-4b5e-9b95-f4072561c36f(uuid7841)
сент. 16, 2025 8:21:57 PM webapp.storage.AbstractStorage save
INFO: &amp#27;[32mSave f5c410a7-e19c-4532-a34a-35bff6a417f6(uuid7842)
сент. 16, 2025 8:21:57 PM webapp.storage.AbstractStorage save
INFO: &amp#27;[32mSave aa69e2e9-8bbe-4233-bc27-3a53e6be7be2(uuid7843)
сент. 16, 2025 8:21:57 PM webapp.storage.AbstractStorage save
INFO: &amp#27;[32mSave d72ac39b-7e7f-493d-942e-9d76cece2d4b(uuid7844)
сент. 16, 2025 8:21:57 PM webapp.storage.AbstractStorage save
INFO: &amp#27;[32mSave d91a3bc7-5cc5-497d-a212-3766dc172b57(uuid7845)
сент. 16, 2025 8:21:57 PM webapp.storage.AbstractStorage save
INFO: &amp#27;[32mSave 3db867bc-6979-42f4-bca7-5d957f421616(uuid7846)
сент. 16, 2025 8:21:57 PM webapp.storage.AbstractStorage save
INFO: &amp#27;[32mSave 7db2f053-170f-4e3c-ae14-57717f88eccb(uuid7847)
сент. 16, 2025 8:21:57 PM webapp.storage.AbstractStorage save
INFO: &amp#27;[32mSave 90310b43-a335-4a08-8b14-ed25f9ca5f0c(uuid7848)
сент. 16, 2025 8:21:57 PM webapp.storage.AbstractStorage save
INFO: &amp#27;[32mSave 279389ae-e85c-465f-8b11-89d9c6e10020(uuid7849)
сент. 16, 2025 8:21:57 PM webapp.storage.AbstractStorage save
INFO: &amp#27;[32mSave 31977afd-7ceb-4b84-ae14-163e4b300917(uuid7850)
сент. 16, 2025 8:21:57 PM webapp.storage.AbstractStorage save
INFO: &amp#27;[32mSave 976408c6-1c64-411d-a185-aa2505d31ce6(uuid7851)
сент. 16, 2025 8:21:57 PM webapp.storage.AbstractStorage save
INFO: &amp#27;[32mSave ac41beb7-2535-48a8-bae5-d6e8b2258794(uuid7852)
сент. 16, 2025 8:21:57 PM webapp.storage.AbstractStorage save
INFO: &amp#27;[32mSave b9cae32b-02c3-4ea9-b881-230d6be527c0(uuid7853)
сент. 16, 2025 8:21:57 PM webapp.storage.AbstractStorage save
INFO: &amp#27;[32mSave e7e54f6a-2227-4f75-8497-b2bbbf1cd109(uuid7854)
сент. 16, 2025 8:21:57 PM webapp.storage.AbstractStorage save
INFO: &amp#27;[32mSave 4e1ed77e-3bdc-45ec-b1d9-c6c613494894(uuid7855)
сент. 16, 2025 8:21:57 PM webapp.storage.AbstractStorage save
INFO: &amp#27;[32mSave 9b8adc62-e1bd-4a8e-a6e9-91bab5d82521(uuid7856)
сент. 16, 2025 8:21:57 PM webapp.storage.AbstractStorage save
INFO: &amp#27;[32mSave 5a539a3b-a384-419b-aa93-1accdb20bb75(uuid7857)
сент. 16, 2025 8:21:57 PM webapp.storage.AbstractStorage save
INFO: &amp#27;[32mSave 60ce7543-459a-48ef-b3c2-9e44c61b745d(uuid7858)
сент. 16, 2025 8:21:57 PM webapp.storage.AbstractStorage save
INFO: &amp#27;[32mSave e33e6427-1be5-49ed-9265-d0edfa057a82(uuid7859)
сент. 16, 2025 8:21:57 PM webapp.storage.AbstractStorage save
INFO: &amp#27;[32mSave b905575b-d8cb-4211-b752-8d3e7b258e11(uuid7860)
сент. 16, 2025 8:21:57 PM webapp.storage.AbstractStorage save
INFO: &amp#27;[32mSave 940e19a0-4870-4272-acd3-4fbacc193f85(uuid7861)
сент. 16, 2025 8:21:57 PM webapp.storage.AbstractStorage save
INFO: &amp#27;[32mSave dbf310ac-ab28-4bca-8304-0a001947119f(uuid7862)
сент. 16, 2025 8:21:57 PM webapp.storage.AbstractStorage save
INFO: &amp#27;[32mSave c18b88d5-8b2d-4cb7-940c-ecfca6f35a9f(uuid7863)
сент. 16, 2025 8:21:57 PM webapp.storage.AbstractStorage save
INFO: &amp#27;[32mSave 0043b555-783e-4b9a-a299-7f1507ec61a1(uuid7864)
сент. 16, 2025 8:21:57 PM webapp.storage.AbstractStorage save
INFO: &amp#27;[32mSave 93e031f0-e43c-42b0-956d-c438d71d7358(uuid7865)
сент. 16, 2025 8:21:57 PM webapp.storage.AbstractStorage save
INFO: &amp#27;[32mSave 4ff20c66-7713-4192-8c98-dcfd14b39020(uuid7866)
сент. 16, 2025 8:21:57 PM webapp.storage.AbstractStorage save
INFO: &amp#27;[32mSave 105e1efc-2c3a-4ebb-88b7-f100df33867c(uuid7867)
сент. 16, 2025 8:21:57 PM webapp.storage.AbstractStorage save
INFO: &amp#27;[32mSave 7c2f0188-9388-4b5c-aac7-5f23b4f7709d(uuid7868)
сент. 16, 2025 8:21:57 PM webapp.storage.AbstractStorage save
INFO: &amp#27;[32mSave aa0186aa-8e16-4fd4-80d2-4d277779fdc9(uuid7869)
сент. 16, 2025 8:21:57 PM webapp.storage.AbstractStorage save
INFO: &amp#27;[32mSave 16402d27-5a5a-44ab-84e1-70f032c06b18(uuid7870)
сент. 16, 2025 8:21:57 PM webapp.storage.AbstractStorage save
INFO: &amp#27;[32mSave 3563f48e-a4c1-4f8f-a1a0-1f968ff88d97(uuid7871)
сент. 16, 2025 8:21:57 PM webapp.storage.AbstractStorage save
INFO: &amp#27;[32mSave f575bbc1-b0d8-460e-a272-613526d1b359(uuid7872)
сент. 16, 2025 8:21:57 PM webapp.storage.AbstractStorage save
INFO: &amp#27;[32mSave ad06c686-421e-43f8-a612-bd805a83676a(uuid7873)
сент. 16, 2025 8:21:57 PM webapp.storage.AbstractStorage save
INFO: &amp#27;[32mSave 0c0bc996-8005-4fa7-a51a-4b726d0d3abb(uuid7874)
сент. 16, 2025 8:21:57 PM webapp.storage.AbstractStorage save
INFO: &amp#27;[32mSave 87bf28b0-ec8b-456d-8961-a825277aeefd(uuid7875)
сент. 16, 2025 8:21:57 PM webapp.storage.AbstractStorage save
INFO: &amp#27;[32mSave 7b3190a5-5ddc-4568-83c5-7d7c5a6754bf(uuid7876)
сент. 16, 2025 8:21:57 PM webapp.storage.AbstractStorage save
INFO: &amp#27;[32mSave fb291bf7-fedc-451c-806f-0f62f2ce2e68(uuid7877)
сент. 16, 2025 8:21:57 PM webapp.storage.AbstractStorage save
INFO: &amp#27;[32mSave 4ac26ad7-1b3a-46cd-990e-f66657cd91ec(uuid7878)
сент. 16, 2025 8:21:57 PM webapp.storage.AbstractStorage save
INFO: &amp#27;[32mSave 1fe07c49-5aba-4811-8c98-9c4cc13316b4(uuid7879)
сент. 16, 2025 8:21:57 PM webapp.storage.AbstractStorage save
INFO: &amp#27;[32mSave 7644d01c-ece0-43b7-9dfe-5f7451aefb82(uuid7880)
сент. 16, 2025 8:21:57 PM webapp.storage.AbstractStorage save
INFO: &amp#27;[32mSave b6e4cede-e654-44b0-b1f3-9faf8f752bb5(uuid7881)
сент. 16, 2025 8:21:57 PM webapp.storage.AbstractStorage save
INFO: &amp#27;[32mSave aab6bba9-15b1-486b-b415-735bc4a47669(uuid7882)
сент. 16, 2025 8:21:57 PM webapp.storage.AbstractStorage save
INFO: &amp#27;[32mSave 2ebc1e0e-5b1e-412c-ae27-e1e76992152c(uuid7883)
сент. 16, 2025 8:21:57 PM webapp.storage.AbstractStorage save
INFO: &amp#27;[32mSave f985ccbe-fac9-470f-af67-193cb018a78b(uuid7884)
сент. 16, 2025 8:21:57 PM webapp.storage.AbstractStorage save
INFO: &amp#27;[32mSave 73b04281-3d63-4a9a-a9e6-13c3c3ae068c(uuid7885)
сент. 16, 2025 8:21:57 PM webapp.storage.AbstractStorage save
INFO: &amp#27;[32mSave 730bd475-1fbd-402a-a412-dcc0e9d2d19b(uuid7886)
сент. 16, 2025 8:21:57 PM webapp.storage.AbstractStorage save
INFO: &amp#27;[32mSave 141836c8-8f3a-4787-a948-d76fc6f158ec(uuid7887)
сент. 16, 2025 8:21:57 PM webapp.storage.AbstractStorage save
INFO: &amp#27;[32mSave 2ba6a485-4e71-40d2-944b-3597a5c6fa97(uuid7888)
сент. 16, 2025 8:21:57 PM webapp.storage.AbstractStorage save
INFO: &amp#27;[32mSave db353c66-3b4b-4d13-9441-52a24a2a156a(uuid7889)
сент. 16, 2025 8:21:57 PM webapp.storage.AbstractStorage save
INFO: &amp#27;[32mSave ffe22cdf-1d05-41a8-a7cd-17b93c15acd2(uuid7890)
сент. 16, 2025 8:21:57 PM webapp.storage.AbstractStorage save
INFO: &amp#27;[32mSave bad52833-d3b0-44df-99ee-440b35aa43e9(uuid7891)
сент. 16, 2025 8:21:57 PM webapp.storage.AbstractStorage save
INFO: &amp#27;[32mSave 58c9f0b3-79cb-44a5-853b-9ae46251cd86(uuid7892)
сент. 16, 2025 8:21:57 PM webapp.storage.AbstractStorage save
INFO: &amp#27;[32mSave 1e32b4e9-e8a1-4ad9-8b7b-1ccdf0ce9e91(uuid7893)
сент. 16, 2025 8:21:57 PM webapp.storage.AbstractStorage save
INFO: &amp#27;[32mSave 4ba57abe-3528-459d-b179-1f605910b38a(uuid7894)
сент. 16, 2025 8:21:57 PM webapp.storage.AbstractStorage save
INFO: &amp#27;[32mSave cfc46ae5-7024-4831-aedc-9c41d1c180f0(uuid7895)
сент. 16, 2025 8:21:57 PM webapp.storage.AbstractStorage save
INFO: &amp#27;[32mSave fddb926f-b90c-4606-9431-49a554347697(uuid7896)
сент. 16, 2025 8:21:57 PM webapp.storage.AbstractStorage save
INFO: &amp#27;[32mSave d847c0cf-a01a-4488-b579-5aaec6ac43fd(uuid7897)
сент. 16, 2025 8:21:57 PM webapp.storage.AbstractStorage save
INFO: &amp#27;[32mSave c476e268-c272-4bbe-9d04-e7cc65a1685a(uuid7898)
сент. 16, 2025 8:21:57 PM webapp.storage.AbstractStorage save
INFO: &amp#27;[32mSave 22ee77c5-5ee3-4485-82e7-540d24990541(uuid7899)
сент. 16, 2025 8:21:57 PM webapp.storage.AbstractStorage save
INFO: &amp#27;[32mSave 5d95041b-8efb-4959-9fe4-4c56925c58a8(uuid7900)
сент. 16, 2025 8:21:57 PM webapp.storage.AbstractStorage save
INFO: &amp#27;[32mSave 491aeee3-df6c-4b93-ad53-0b4d14a3ccf9(uuid7901)
сент. 16, 2025 8:21:57 PM webapp.storage.AbstractStorage save
INFO: &amp#27;[32mSave f6d428b8-ddcb-4b65-bf7b-1206941ba6d8(uuid7902)
сент. 16, 2025 8:21:57 PM webapp.storage.AbstractStorage save
INFO: &amp#27;[32mSave fe70c1ad-24de-452a-b80b-bc1d813b9cae(uuid7903)
сент. 16, 2025 8:21:57 PM webapp.storage.AbstractStorage save
INFO: &amp#27;[32mSave 22ee019b-8d6d-4866-abbf-52d122da2ac6(uuid7904)
сент. 16, 2025 8:21:57 PM webapp.storage.AbstractStorage save
INFO: &amp#27;[32mSave f068b3e4-d7ea-4069-b3bc-c874e4eb9b24(uuid7905)
сент. 16, 2025 8:21:57 PM webapp.storage.AbstractStorage save
INFO: &amp#27;[32mSave badbf6f5-0124-4513-b30b-dd62a59c18fd(uuid7906)
сент. 16, 2025 8:21:57 PM webapp.storage.AbstractStorage save
INFO: &amp#27;[32mSave 246d5136-ee0a-4d87-8f5f-3f0c92d06d58(uuid7907)
сент. 16, 2025 8:21:57 PM webapp.storage.AbstractStorage save
INFO: &amp#27;[32mSave 141994fc-37bb-4cd4-a398-ee2bc7cc89e5(uuid7908)
сент. 16, 2025 8:21:57 PM webapp.storage.AbstractStorage save
INFO: &amp#27;[32mSave a43b3daf-41b0-472c-9a72-6fd08e95f0e4(uuid7909)
сент. 16, 2025 8:21:57 PM webapp.storage.AbstractStorage save
INFO: &amp#27;[32mSave 319f687c-0369-4d7d-a9d6-3f89d6de7715(uuid7910)
сент. 16, 2025 8:21:57 PM webapp.storage.AbstractStorage save
INFO: &amp#27;[32mSave 3fddda28-81c8-4646-951c-df583a3a194d(uuid7911)
сент. 16, 2025 8:21:57 PM webapp.storage.AbstractStorage save
INFO: &amp#27;[32mSave d43485b1-b3ae-409a-9e51-505b3c995e8f(uuid7912)
сент. 16, 2025 8:21:57 PM webapp.storage.AbstractStorage save
INFO: &amp#27;[32mSave ef2d3a16-3979-44b7-a84a-c2ef3255915e(uuid7913)
сент. 16, 2025 8:21:57 PM webapp.storage.AbstractStorage save
INFO: &amp#27;[32mSave 2288da2b-f94f-4176-bd1f-c701701ad930(uuid7914)
сент. 16, 2025 8:21:57 PM webapp.storage.AbstractStorage save
INFO: &amp#27;[32mSave 265b0c6e-ee99-456b-91c5-bf5e90b790d9(uuid7915)
сент. 16, 2025 8:21:57 PM webapp.storage.AbstractStorage save
INFO: &amp#27;[32mSave 4a185d74-47e7-406a-b0f0-daaee04c9a3f(uuid7916)
сент. 16, 2025 8:21:57 PM webapp.storage.AbstractStorage save
INFO: &amp#27;[32mSave bf3bf222-d706-48f9-956d-e510ce17cb68(uuid7917)
сент. 16, 2025 8:21:57 PM webapp.storage.AbstractStorage save
INFO: &amp#27;[32mSave f94c5e15-2181-41f7-a6d2-798ce1e43be5(uuid7918)
сент. 16, 2025 8:21:57 PM webapp.storage.AbstractStorage save
INFO: &amp#27;[32mSave 70829ff9-0260-412f-b775-ebfe6e71695e(uuid7919)
сент. 16, 2025 8:21:57 PM webapp.storage.AbstractStorage save
INFO: &amp#27;[32mSave 1e272fa8-8c37-4dba-a71d-a5c374a4753c(uuid7920)
сент. 16, 2025 8:21:57 PM webapp.storage.AbstractStorage save
INFO: &amp#27;[32mSave 47f29952-e6a5-438e-a1b6-e38018e80939(uuid7921)
сент. 16, 2025 8:21:57 PM webapp.storage.AbstractStorage save
INFO: &amp#27;[32mSave 5ee41e16-1ea9-4986-a556-8c32905cd541(uuid7922)
сент. 16, 2025 8:21:57 PM webapp.storage.AbstractStorage save
INFO: &amp#27;[32mSave 99b256ff-75ea-4eb5-90a4-1400a520535b(uuid7923)
сент. 16, 2025 8:21:57 PM webapp.storage.AbstractStorage save
INFO: &amp#27;[32mSave c38120fa-9846-4cf0-b4a3-ef8bffe03cc1(uuid7924)
сент. 16, 2025 8:21:57 PM webapp.storage.AbstractStorage save
INFO: &amp#27;[32mSave 1d2e8492-04ad-44c8-90af-34dbec8fd3c8(uuid7925)
сент. 16, 2025 8:21:57 PM webapp.storage.AbstractStorage save
INFO: &amp#27;[32mSave 65ddf860-63e8-4a99-9013-16abe281aacc(uuid7926)
сент. 16, 2025 8:21:57 PM webapp.storage.AbstractStorage save
INFO: &amp#27;[32mSave f3d43136-16fc-4e88-b640-0bf74dffe7d1(uuid7927)
сент. 16, 2025 8:21:57 PM webapp.storage.AbstractStorage save
INFO: &amp#27;[32mSave a436798e-1a3d-48a0-ba63-2cbb8c00490a(uuid7928)
сент. 16, 2025 8:21:57 PM webapp.storage.AbstractStorage save
INFO: &amp#27;[32mSave 6f79cd15-c5c1-4b89-9072-5b8284b774ae(uuid7929)
сент. 16, 2025 8:21:57 PM webapp.storage.AbstractStorage save
INFO: &amp#27;[32mSave cb831b58-8a5a-43f6-9ea1-844654f67d94(uuid7930)
сент. 16, 2025 8:21:57 PM webapp.storage.AbstractStorage save
INFO: &amp#27;[32mSave 3fff3eda-b1fe-4344-9d60-45e8eae54ec2(uuid7931)
сент. 16, 2025 8:21:57 PM webapp.storage.AbstractStorage save
INFO: &amp#27;[32mSave 32da4cbe-0d68-43e7-bdfc-1c74ed1d066a(uuid7932)
сент. 16, 2025 8:21:57 PM webapp.storage.AbstractStorage save
INFO: &amp#27;[32mSave 3503d955-4b92-4862-b104-b240e36e36c3(uuid7933)
сент. 16, 2025 8:21:57 PM webapp.storage.AbstractStorage save
INFO: &amp#27;[32mSave 40259eb7-16e6-4573-a71d-0e64253cbc76(uuid7934)
сент. 16, 2025 8:21:57 PM webapp.storage.AbstractStorage save
INFO: &amp#27;[32mSave eb120807-0004-4980-8816-9dad31159be7(uuid7935)
сент. 16, 2025 8:21:57 PM webapp.storage.AbstractStorage save
INFO: &amp#27;[32mSave 5fd4754b-81a1-450c-a19e-46b630db2d43(uuid7936)
сент. 16, 2025 8:21:57 PM webapp.storage.AbstractStorage save
INFO: &amp#27;[32mSave 69892e2e-c54c-45ef-90e3-f3f265fbdd18(uuid7937)
сент. 16, 2025 8:21:57 PM webapp.storage.AbstractStorage save
INFO: &amp#27;[32mSave a824478f-ad74-4143-91a9-5b31b2a9dc44(uuid7938)
сент. 16, 2025 8:21:57 PM webapp.storage.AbstractStorage save
INFO: &amp#27;[32mSave 5a31f7df-1b2b-4a65-a8c9-19e89ca12330(uuid7939)
сент. 16, 2025 8:21:57 PM webapp.storage.AbstractStorage save
INFO: &amp#27;[32mSave c40993a8-5459-41ca-a711-f8442ba2162d(uuid7940)
сент. 16, 2025 8:21:57 PM webapp.storage.AbstractStorage save
INFO: &amp#27;[32mSave 53340d38-7736-4de8-829c-2269afc4c18b(uuid7941)
сент. 16, 2025 8:21:57 PM webapp.storage.AbstractStorage save
INFO: &amp#27;[32mSave 974937fc-51f2-4452-8d76-ad657515dd5d(uuid7942)
сент. 16, 2025 8:21:57 PM webapp.storage.AbstractStorage save
INFO: &amp#27;[32mSave f5a27719-93e5-4b3b-ad92-45d900beed3e(uuid7943)
сент. 16, 2025 8:21:57 PM webapp.storage.AbstractStorage save
INFO: &amp#27;[32mSave 9f3f3289-4d16-45a1-93d3-f2e9898b4fff(uuid7944)
сент. 16, 2025 8:21:57 PM webapp.storage.AbstractStorage save
INFO: &amp#27;[32mSave b24cbb11-b0d3-4e45-a3f1-bb00fde51226(uuid7945)
сент. 16, 2025 8:21:57 PM webapp.storage.AbstractStorage save
INFO: &amp#27;[32mSave 45692b9f-e812-4d7e-ab54-a99110eb391c(uuid7946)
сент. 16, 2025 8:21:57 PM webapp.storage.AbstractStorage save
INFO: &amp#27;[32mSave 01a61d18-102d-40ca-9224-4ce07510715b(uuid7947)
сент. 16, 2025 8:21:57 PM webapp.storage.AbstractStorage save
INFO: &amp#27;[32mSave 8c6ea160-6522-4c4b-b30e-a225e5578f4a(uuid7948)
сент. 16, 2025 8:21:57 PM webapp.storage.AbstractStorage save
INFO: &amp#27;[32mSave 61dcb236-a5e7-46fa-a8fb-7b545370535e(uuid7949)
сент. 16, 2025 8:21:57 PM webapp.storage.AbstractStorage save
INFO: &amp#27;[32mSave 56e2a739-c86d-417f-898c-6a29e777e0f3(uuid7950)
сент. 16, 2025 8:21:57 PM webapp.storage.AbstractStorage save
INFO: &amp#27;[32mSave 18709404-5998-4f96-8036-bd6517c21348(uuid7951)
сент. 16, 2025 8:21:57 PM webapp.storage.AbstractStorage save
INFO: &amp#27;[32mSave 40349601-fc42-4d5b-8301-079bbc7a7e16(uuid7952)
сент. 16, 2025 8:21:57 PM webapp.storage.AbstractStorage save
INFO: &amp#27;[32mSave 3859943a-14a2-47f5-9f30-1ce17eaa7167(uuid7953)
сент. 16, 2025 8:21:57 PM webapp.storage.AbstractStorage save
INFO: &amp#27;[32mSave 5fde5ca1-629c-4fec-a0c6-a70fe5bdfbde(uuid7954)
сент. 16, 2025 8:21:57 PM webapp.storage.AbstractStorage save
INFO: &amp#27;[32mSave 482090ba-6d04-4213-9c7c-0ec729f90adc(uuid7955)
сент. 16, 2025 8:21:57 PM webapp.storage.AbstractStorage save
INFO: &amp#27;[32mSave 1d78c0b6-650b-4d88-b6cf-70dfd713a450(uuid7956)
сент. 16, 2025 8:21:57 PM webapp.storage.AbstractStorage save
INFO: &amp#27;[32mSave cfd3def7-ba50-4e04-81ac-fdf64b2f900e(uuid7957)
сент. 16, 2025 8:21:57 PM webapp.storage.AbstractStorage save
INFO: &amp#27;[32mSave 42b1462b-327d-48c2-8544-e4ea8e35c886(uuid7958)
сент. 16, 2025 8:21:57 PM webapp.storage.AbstractStorage save
INFO: &amp#27;[32mSave cce5cfad-5a0f-4693-877a-2645357b0de5(uuid7959)
сент. 16, 2025 8:21:57 PM webapp.storage.AbstractStorage save
INFO: &amp#27;[32mSave b3207665-4b7a-4f48-becf-a2de5405085d(uuid7960)
сент. 16, 2025 8:21:57 PM webapp.storage.AbstractStorage save
INFO: &amp#27;[32mSave 4cdf7140-0772-400c-b4e9-598e74da073f(uuid7961)
сент. 16, 2025 8:21:57 PM webapp.storage.AbstractStorage save
INFO: &amp#27;[32mSave 6b3f883d-e1ad-4634-afe1-e6caf08f9872(uuid7962)
сент. 16, 2025 8:21:57 PM webapp.storage.AbstractStorage save
INFO: &amp#27;[32mSave 4acaa413-3550-4c97-bc93-cb50d271d4be(uuid7963)
сент. 16, 2025 8:21:57 PM webapp.storage.AbstractStorage save
INFO: &amp#27;[32mSave 1451050b-613d-4df4-9f7b-3a028aff7346(uuid7964)
сент. 16, 2025 8:21:57 PM webapp.storage.AbstractStorage save
INFO: &amp#27;[32mSave 3f37cc10-050d-40f8-b3c0-dd7d40206858(uuid7965)
сент. 16, 2025 8:21:57 PM webapp.storage.AbstractStorage save
INFO: &amp#27;[32mSave bd85c578-bd3c-4f04-bde3-8835ae0780aa(uuid7966)
сент. 16, 2025 8:21:57 PM webapp.storage.AbstractStorage save
INFO: &amp#27;[32mSave 048aec1b-7878-49ef-bc19-71d0b22becf3(uuid7967)
сент. 16, 2025 8:21:57 PM webapp.storage.AbstractStorage save
INFO: &amp#27;[32mSave b8ae865d-377e-4189-811d-9df4298f3893(uuid7968)
сент. 16, 2025 8:21:57 PM webapp.storage.AbstractStorage save
INFO: &amp#27;[32mSave 7340fbad-d0fa-4823-99f4-32a1a00aec8b(uuid7969)
сент. 16, 2025 8:21:57 PM webapp.storage.AbstractStorage save
INFO: &amp#27;[32mSave 3889b6f5-65bb-48b6-8426-e1705e7dc3ce(uuid7970)
сент. 16, 2025 8:21:57 PM webapp.storage.AbstractStorage save
INFO: &amp#27;[32mSave 8c37033d-a6ee-4b86-a7d7-d22f3527ff9d(uuid7971)
сент. 16, 2025 8:21:57 PM webapp.storage.AbstractStorage save
INFO: &amp#27;[32mSave 2da41417-112f-412c-949f-e6fb721af4e4(uuid7972)
сент. 16, 2025 8:21:57 PM webapp.storage.AbstractStorage save
INFO: &amp#27;[32mSave 9e1ec8e4-c74f-404c-9ba0-51870059425d(uuid7973)
сент. 16, 2025 8:21:57 PM webapp.storage.AbstractStorage save
INFO: &amp#27;[32mSave 7f377912-bb08-46ba-8a08-9467da0b81bb(uuid7974)
сент. 16, 2025 8:21:57 PM webapp.storage.AbstractStorage save
INFO: &amp#27;[32mSave 04ebee50-c0a5-44be-a50d-9f6573070fc6(uuid7975)
сент. 16, 2025 8:21:57 PM webapp.storage.AbstractStorage save
INFO: &amp#27;[32mSave e2c9efd9-d877-485c-964b-a28068557ae0(uuid7976)
сент. 16, 2025 8:21:57 PM webapp.storage.AbstractStorage save
INFO: &amp#27;[32mSave 06659745-0252-42d1-8dcb-799ac47c6ad0(uuid7977)
сент. 16, 2025 8:21:57 PM webapp.storage.AbstractStorage save
INFO: &amp#27;[32mSave cd9dfa9a-0337-4641-ad81-d3fbb97cb092(uuid7978)
сент. 16, 2025 8:21:57 PM webapp.storage.AbstractStorage save
INFO: &amp#27;[32mSave a0d7e44b-0bff-40c2-9b4e-25c984ad238c(uuid7979)
сент. 16, 2025 8:21:57 PM webapp.storage.AbstractStorage save
INFO: &amp#27;[32mSave 4121584e-60b1-498b-90aa-f538147a9a9a(uuid7980)
сент. 16, 2025 8:21:57 PM webapp.storage.AbstractStorage save
INFO: &amp#27;[32mSave 3a956e50-cbfb-4843-a61c-a5a083c5740c(uuid7981)
сент. 16, 2025 8:21:57 PM webapp.storage.AbstractStorage save
INFO: &amp#27;[32mSave f1cd7b95-74c7-4917-9932-e0399c87b102(uuid7982)
сент. 16, 2025 8:21:57 PM webapp.storage.AbstractStorage save
INFO: &amp#27;[32mSave c18bc81f-0065-440d-80b7-e202463fb557(uuid7983)
сент. 16, 2025 8:21:57 PM webapp.storage.AbstractStorage save
INFO: &amp#27;[32mSave 7fa80bc4-7907-45d9-b97f-c01d5071ebd5(uuid7984)
сент. 16, 2025 8:21:57 PM webapp.storage.AbstractStorage save
INFO: &amp#27;[32mSave d351d10f-1544-418b-9c02-7b5ccd625bc5(uuid7985)
сент. 16, 2025 8:21:57 PM webapp.storage.AbstractStorage save
INFO: &amp#27;[32mSave 69e5a3fb-8ea3-42c2-98d7-70842c63562c(uuid7986)
сент. 16, 2025 8:21:57 PM webapp.storage.AbstractStorage save
INFO: &amp#27;[32mSave 14bd8a37-5637-465e-879d-5c7713183d78(uuid7987)
сент. 16, 2025 8:21:57 PM webapp.storage.AbstractStorage save
INFO: &amp#27;[32mSave d20c482c-d9b8-41c1-b178-59594b93cc3b(uuid7988)
сент. 16, 2025 8:21:57 PM webapp.storage.AbstractStorage save
INFO: &amp#27;[32mSave 3681097a-3474-4391-b649-89b67bb1e58f(uuid7989)
сент. 16, 2025 8:21:57 PM webapp.storage.AbstractStorage save
INFO: &amp#27;[32mSave 1d3f53a8-f95c-4f33-a711-067032239dac(uuid7990)
сент. 16, 2025 8:21:57 PM webapp.storage.AbstractStorage save
INFO: &amp#27;[32mSave 255ae099-d5e0-4944-b67b-885e9458a33f(uuid7991)
сент. 16, 2025 8:21:57 PM webapp.storage.AbstractStorage save
INFO: &amp#27;[32mSave a32182c3-9570-4217-9e09-5df482f0fab9(uuid7992)
сент. 16, 2025 8:21:57 PM webapp.storage.AbstractStorage save
INFO: &amp#27;[32mSave 9c4bb4a2-7384-42be-bfcf-5d5bf52254a0(uuid7993)
сент. 16, 2025 8:21:57 PM webapp.storage.AbstractStorage save
INFO: &amp#27;[32mSave 26e6b9eb-9986-442d-b7ee-abafb9054cd3(uuid7994)
сент. 16, 2025 8:21:57 PM webapp.storage.AbstractStorage save
INFO: &amp#27;[32mSave 37445073-6608-463d-90dd-1d08b127a300(uuid7995)
сент. 16, 2025 8:21:57 PM webapp.storage.AbstractStorage save
INFO: &amp#27;[32mSave dec7d433-4e63-4d43-977b-a87c910cf127(uuid7996)
сент. 16, 2025 8:21:57 PM webapp.storage.AbstractStorage save
INFO: &amp#27;[32mSave 87dc78ff-b996-4f5b-800e-61749c7a856b(uuid7997)
сент. 16, 2025 8:21:57 PM webapp.storage.AbstractStorage save
INFO: &amp#27;[32mSave e8aa611f-43ee-480d-8088-f32b456071d5(uuid7998)
сент. 16, 2025 8:21:57 PM webapp.storage.AbstractStorage save
INFO: &amp#27;[32mSave 1d2bff82-49ba-48cc-98ea-3e89d713bd2a(uuid7999)
сент. 16, 2025 8:21:57 PM webapp.storage.AbstractStorage save
INFO: &amp#27;[32mSave 996983ae-0b50-4e54-a59d-656890e0e5c6(uuid8000)
сент. 16, 2025 8:21:57 PM webapp.storage.AbstractStorage save
INFO: &amp#27;[32mSave da80a0bb-90ef-4547-8fff-5b6e21860238(uuid8001)
сент. 16, 2025 8:21:57 PM webapp.storage.AbstractStorage save
INFO: &amp#27;[32mSave 82472fac-b7d5-45d4-bc10-4a78e229a988(uuid8002)
сент. 16, 2025 8:21:57 PM webapp.storage.AbstractStorage save
INFO: &amp#27;[32mSave 48a87938-c708-4beb-96ae-f8bd8e49f1b2(uuid8003)
сент. 16, 2025 8:21:57 PM webapp.storage.AbstractStorage save
INFO: &amp#27;[32mSave 4346fbbb-8d33-48d3-b0cf-2c906bd867b4(uuid8004)
сент. 16, 2025 8:21:57 PM webapp.storage.AbstractStorage save
INFO: &amp#27;[32mSave b60ace1e-5abc-4670-bcff-57449fde884e(uuid8005)
сент. 16, 2025 8:21:57 PM webapp.storage.AbstractStorage save
INFO: &amp#27;[32mSave 80dbf0c1-f5f7-4831-b824-ac7ada73c85b(uuid8006)
сент. 16, 2025 8:21:57 PM webapp.storage.AbstractStorage save
INFO: &amp#27;[32mSave 10be4787-6db5-4fe2-a534-26a109bd6ade(uuid8007)
сент. 16, 2025 8:21:57 PM webapp.storage.AbstractStorage save
INFO: &amp#27;[32mSave 0c81efd7-96c8-4208-ae19-4de2b5541107(uuid8008)
сент. 16, 2025 8:21:57 PM webapp.storage.AbstractStorage save
INFO: &amp#27;[32mSave 3e588138-5aa5-4494-8ecd-003c39639712(uuid8009)
сент. 16, 2025 8:21:57 PM webapp.storage.AbstractStorage save
INFO: &amp#27;[32mSave c518313a-852d-40af-b56a-380735c6a7c8(uuid8010)
сент. 16, 2025 8:21:57 PM webapp.storage.AbstractStorage save
INFO: &amp#27;[32mSave 1cc6e7eb-67a5-4a6d-b9c7-3635d8864b42(uuid8011)
сент. 16, 2025 8:21:57 PM webapp.storage.AbstractStorage save
INFO: &amp#27;[32mSave fb74682b-767a-41b1-a12e-99b9a6eb9cc7(uuid8012)
сент. 16, 2025 8:21:57 PM webapp.storage.AbstractStorage save
INFO: &amp#27;[32mSave f101e593-f855-4d04-8114-e1a7ab3eaa69(uuid8013)
сент. 16, 2025 8:21:57 PM webapp.storage.AbstractStorage save
INFO: &amp#27;[32mSave ad56c349-e27e-42b6-8468-e44311d1c72c(uuid8014)
сент. 16, 2025 8:21:57 PM webapp.storage.AbstractStorage save
INFO: &amp#27;[32mSave eba2f9e9-32a8-43db-a89e-a28bc0e45e44(uuid8015)
сент. 16, 2025 8:21:57 PM webapp.storage.AbstractStorage save
INFO: &amp#27;[32mSave 8b0c9289-a55d-4166-a77f-208886af1b65(uuid8016)
сент. 16, 2025 8:21:57 PM webapp.storage.AbstractStorage save
INFO: &amp#27;[32mSave 1d48cd15-1990-4679-9248-2c205fd05d6c(uuid8017)
сент. 16, 2025 8:21:57 PM webapp.storage.AbstractStorage save
INFO: &amp#27;[32mSave 1b56e7a7-220c-4169-9a40-151dceff6a55(uuid8018)
сент. 16, 2025 8:21:57 PM webapp.storage.AbstractStorage save
INFO: &amp#27;[32mSave 386f9fea-c486-4c72-8a98-77345e66c145(uuid8019)
сент. 16, 2025 8:21:57 PM webapp.storage.AbstractStorage save
INFO: &amp#27;[32mSave 79cdb6c0-754d-4fb3-9c33-4a672ac73b04(uuid8020)
сент. 16, 2025 8:21:57 PM webapp.storage.AbstractStorage save
INFO: &amp#27;[32mSave 10c1ed1f-c4c8-41b6-8202-f97b7f5e758d(uuid8021)
сент. 16, 2025 8:21:57 PM webapp.storage.AbstractStorage save
INFO: &amp#27;[32mSave 8177604a-b7fe-4689-9844-8875c2dc7592(uuid8022)
сент. 16, 2025 8:21:57 PM webapp.storage.AbstractStorage save
INFO: &amp#27;[32mSave df7cc65c-fd2d-49cc-8a2b-75f4e8ca383f(uuid8023)
сент. 16, 2025 8:21:57 PM webapp.storage.AbstractStorage save
INFO: &amp#27;[32mSave cd4565a0-4dba-42c9-9746-0a8bd3a446a6(uuid8024)
сент. 16, 2025 8:21:57 PM webapp.storage.AbstractStorage save
INFO: &amp#27;[32mSave fff78e86-bd4b-45bd-8138-3749278a26d9(uuid8025)
сент. 16, 2025 8:21:57 PM webapp.storage.AbstractStorage save
INFO: &amp#27;[32mSave 91fe4605-cb58-4e20-a2e8-61d7a12ae08e(uuid8026)
сент. 16, 2025 8:21:57 PM webapp.storage.AbstractStorage save
INFO: &amp#27;[32mSave a362bcda-d04e-49bb-a581-ca1f8d5d7bc9(uuid8027)
сент. 16, 2025 8:21:57 PM webapp.storage.AbstractStorage save
INFO: &amp#27;[32mSave 36437667-bc64-440f-99db-2bb1444d7c84(uuid8028)
сент. 16, 2025 8:21:57 PM webapp.storage.AbstractStorage save
INFO: &amp#27;[32mSave 3adc80c5-ae5a-41e8-b037-98386d138583(uuid8029)
сент. 16, 2025 8:21:57 PM webapp.storage.AbstractStorage save
INFO: &amp#27;[32mSave aaddeb0c-078a-44bb-a870-c1f4e2f895bd(uuid8030)
сент. 16, 2025 8:21:57 PM webapp.storage.AbstractStorage save
INFO: &amp#27;[32mSave 96dba2dc-17ac-4d31-b2af-cc4f435f68e5(uuid8031)
сент. 16, 2025 8:21:57 PM webapp.storage.AbstractStorage save
INFO: &amp#27;[32mSave a20077b2-66ba-43b3-983e-43d353a09acc(uuid8032)
сент. 16, 2025 8:21:57 PM webapp.storage.AbstractStorage save
INFO: &amp#27;[32mSave fea1fc62-038b-4d1b-aed2-249b3c4511d1(uuid8033)
сент. 16, 2025 8:21:57 PM webapp.storage.AbstractStorage save
INFO: &amp#27;[32mSave 3d1e8a6b-f4fb-4900-aa08-aaa7dc95b731(uuid8034)
сент. 16, 2025 8:21:57 PM webapp.storage.AbstractStorage save
INFO: &amp#27;[32mSave 41dd35b3-8e1e-4597-b71a-d7403e74888d(uuid8035)
сент. 16, 2025 8:21:57 PM webapp.storage.AbstractStorage save
INFO: &amp#27;[32mSave 8fbf4a49-553c-425e-aa43-be45ee6247f2(uuid8036)
сент. 16, 2025 8:21:57 PM webapp.storage.AbstractStorage save
INFO: &amp#27;[32mSave 0c123277-7552-4372-8d0f-a0a3e3d5573d(uuid8037)
сент. 16, 2025 8:21:57 PM webapp.storage.AbstractStorage save
INFO: &amp#27;[32mSave 3e905f99-c061-4ae6-ba37-36bd5b4c3e7e(uuid8038)
сент. 16, 2025 8:21:57 PM webapp.storage.AbstractStorage save
INFO: &amp#27;[32mSave 02e7cfc4-93dc-484a-898e-0875b302aa0f(uuid8039)
сент. 16, 2025 8:21:57 PM webapp.storage.AbstractStorage save
INFO: &amp#27;[32mSave 1a86c12f-a5ac-4731-9fa1-0bf13add2ca4(uuid8040)
сент. 16, 2025 8:21:57 PM webapp.storage.AbstractStorage save
INFO: &amp#27;[32mSave f5c5a5e1-019d-49ae-8a3a-fe8376e15a9d(uuid8041)
сент. 16, 2025 8:21:57 PM webapp.storage.AbstractStorage save
INFO: &amp#27;[32mSave 493830cd-6e82-4ec2-8cad-40b9e2a05105(uuid8042)
сент. 16, 2025 8:21:57 PM webapp.storage.AbstractStorage save
INFO: &amp#27;[32mSave 2c945767-c9f6-495f-9161-4392cfd397d4(uuid8043)
сент. 16, 2025 8:21:57 PM webapp.storage.AbstractStorage save
INFO: &amp#27;[32mSave 2af26a69-993f-4562-bdb0-9f6829d504f0(uuid8044)
сент. 16, 2025 8:21:57 PM webapp.storage.AbstractStorage save
INFO: &amp#27;[32mSave 5b95f5d9-06f9-4beb-8869-58692b50e223(uuid8045)
сент. 16, 2025 8:21:57 PM webapp.storage.AbstractStorage save
INFO: &amp#27;[32mSave 0b93b42b-f43c-40ac-9bca-99cb6b3a33a0(uuid8046)
сент. 16, 2025 8:21:57 PM webapp.storage.AbstractStorage save
INFO: &amp#27;[32mSave 61ad87df-6aba-4202-87a9-5dca79c3ac39(uuid8047)
сент. 16, 2025 8:21:57 PM webapp.storage.AbstractStorage save
INFO: &amp#27;[32mSave 19b88ee2-0317-4242-848c-dc25a7cf69e1(uuid8048)
сент. 16, 2025 8:21:57 PM webapp.storage.AbstractStorage save
INFO: &amp#27;[32mSave ebd12884-8e85-44fa-9945-af54667a8e64(uuid8049)
сент. 16, 2025 8:21:57 PM webapp.storage.AbstractStorage save
INFO: &amp#27;[32mSave 0e8bfa67-2fd6-43c2-87bf-c0c792688a3b(uuid8050)
сент. 16, 2025 8:21:57 PM webapp.storage.AbstractStorage save
INFO: &amp#27;[32mSave 506650f5-2795-4781-b83f-754eea2f3d54(uuid8051)
сент. 16, 2025 8:21:57 PM webapp.storage.AbstractStorage save
INFO: &amp#27;[32mSave ba0739de-92c4-4ccc-ad5b-a5ce3b3ecea2(uuid8052)
сент. 16, 2025 8:21:57 PM webapp.storage.AbstractStorage save
INFO: &amp#27;[32mSave 4204473a-ebab-4cdf-a563-6e299cb22b0c(uuid8053)
сент. 16, 2025 8:21:57 PM webapp.storage.AbstractStorage save
INFO: &amp#27;[32mSave 4084d273-cae5-4782-a6e2-3c4d1b384032(uuid8054)
сент. 16, 2025 8:21:57 PM webapp.storage.AbstractStorage save
INFO: &amp#27;[32mSave 57c6a78d-2243-469a-adad-f95636a34f36(uuid8055)
сент. 16, 2025 8:21:57 PM webapp.storage.AbstractStorage save
INFO: &amp#27;[32mSave 9aef80b5-274a-467d-921d-1b726e2a320a(uuid8056)
сент. 16, 2025 8:21:57 PM webapp.storage.AbstractStorage save
INFO: &amp#27;[32mSave fe8c41b8-94e4-4c92-958d-cd50c08a45d2(uuid8057)
сент. 16, 2025 8:21:57 PM webapp.storage.AbstractStorage save
INFO: &amp#27;[32mSave f8e01eb4-5542-455b-a639-a0b550dbe3e5(uuid8058)
сент. 16, 2025 8:21:57 PM webapp.storage.AbstractStorage save
INFO: &amp#27;[32mSave 3b553746-30fb-46eb-adcb-2628df7acde6(uuid8059)
сент. 16, 2025 8:21:57 PM webapp.storage.AbstractStorage save
INFO: &amp#27;[32mSave dda52e6e-22f3-4482-aeae-6c94cb84ee3a(uuid8060)
сент. 16, 2025 8:21:57 PM webapp.storage.AbstractStorage save
INFO: &amp#27;[32mSave d22e8ff3-b9e4-44ab-a1e7-5e22335e2cde(uuid8061)
сент. 16, 2025 8:21:57 PM webapp.storage.AbstractStorage save
INFO: &amp#27;[32mSave 97e19852-4c0f-4988-8709-854454036d10(uuid8062)
сент. 16, 2025 8:21:57 PM webapp.storage.AbstractStorage save
INFO: &amp#27;[32mSave eaf3003c-957b-450a-8305-2ac52a73291b(uuid8063)
сент. 16, 2025 8:21:57 PM webapp.storage.AbstractStorage save
INFO: &amp#27;[32mSave 8e189c0c-a094-4f30-b862-c8e21966a84e(uuid8064)
сент. 16, 2025 8:21:57 PM webapp.storage.AbstractStorage save
INFO: &amp#27;[32mSave 17107e5f-49a1-4d89-bef9-842396413afc(uuid8065)
сент. 16, 2025 8:21:57 PM webapp.storage.AbstractStorage save
INFO: &amp#27;[32mSave 3ed8b3e7-b949-45a0-924a-c6d580b17e77(uuid8066)
сент. 16, 2025 8:21:57 PM webapp.storage.AbstractStorage save
INFO: &amp#27;[32mSave 80dce6ff-1457-4ded-a7f7-d7e3c90971d7(uuid8067)
сент. 16, 2025 8:21:57 PM webapp.storage.AbstractStorage save
INFO: &amp#27;[32mSave a008401e-84cf-4aa4-be4c-31052ce9993b(uuid8068)
сент. 16, 2025 8:21:57 PM webapp.storage.AbstractStorage save
INFO: &amp#27;[32mSave 17f5535d-a919-4a14-ba95-615eca9cd5ad(uuid8069)
сент. 16, 2025 8:21:57 PM webapp.storage.AbstractStorage save
INFO: &amp#27;[32mSave 8bb4ab62-39ca-4188-bb08-3ea032fa74ef(uuid8070)
сент. 16, 2025 8:21:57 PM webapp.storage.AbstractStorage save
INFO: &amp#27;[32mSave 72314bcc-ba98-4040-809f-5605d2cc2ecd(uuid8071)
сент. 16, 2025 8:21:57 PM webapp.storage.AbstractStorage save
INFO: &amp#27;[32mSave 50241f8a-d8bc-4ea1-9cd1-bcf8f34900df(uuid8072)
сент. 16, 2025 8:21:57 PM webapp.storage.AbstractStorage save
INFO: &amp#27;[32mSave 0f100cbc-068b-448f-9940-30c403d08876(uuid8073)
сент. 16, 2025 8:21:57 PM webapp.storage.AbstractStorage save
INFO: &amp#27;[32mSave 771e0593-4a2b-404e-ba81-beccdd275a8b(uuid8074)
сент. 16, 2025 8:21:57 PM webapp.storage.AbstractStorage save
INFO: &amp#27;[32mSave 5170f575-27d4-4b9f-ad4f-98018f111626(uuid8075)
сент. 16, 2025 8:21:57 PM webapp.storage.AbstractStorage save
INFO: &amp#27;[32mSave b16d8528-f3b4-40a9-948a-f4af5eb42130(uuid8076)
сент. 16, 2025 8:21:57 PM webapp.storage.AbstractStorage save
INFO: &amp#27;[32mSave c2f6c10c-368a-40c7-96db-6f0285c71c0c(uuid8077)
сент. 16, 2025 8:21:57 PM webapp.storage.AbstractStorage save
INFO: &amp#27;[32mSave 1d1a0c20-65b2-4754-a0d4-8f34a35ffe46(uuid8078)
сент. 16, 2025 8:21:57 PM webapp.storage.AbstractStorage save
INFO: &amp#27;[32mSave 17ffe827-33dd-489c-9eba-693745b58d04(uuid8079)
сент. 16, 2025 8:21:57 PM webapp.storage.AbstractStorage save
INFO: &amp#27;[32mSave 962d9959-38e5-4acf-8137-231132dc4f04(uuid8080)
сент. 16, 2025 8:21:57 PM webapp.storage.AbstractStorage save
INFO: &amp#27;[32mSave 57f5f1b2-87a0-4ccf-afb2-8839eb4dc1b3(uuid8081)
сент. 16, 2025 8:21:57 PM webapp.storage.AbstractStorage save
INFO: &amp#27;[32mSave fc4b387a-c275-4c7f-bde9-3f5c9f0e41c4(uuid8082)
сент. 16, 2025 8:21:57 PM webapp.storage.AbstractStorage save
INFO: &amp#27;[32mSave af9edc46-98b7-4931-baba-8dea871d2855(uuid8083)
сент. 16, 2025 8:21:57 PM webapp.storage.AbstractStorage save
INFO: &amp#27;[32mSave b1b6bd57-1c50-4b6b-a459-343d983c965c(uuid8084)
сент. 16, 2025 8:21:57 PM webapp.storage.AbstractStorage save
INFO: &amp#27;[32mSave 26791553-95e2-4c57-8a53-f472ad5a90a2(uuid8085)
сент. 16, 2025 8:21:57 PM webapp.storage.AbstractStorage save
INFO: &amp#27;[32mSave 0adb7c43-1471-4a04-a291-2f8fc9d8f830(uuid8086)
сент. 16, 2025 8:21:57 PM webapp.storage.AbstractStorage save
INFO: &amp#27;[32mSave 858cf012-b062-4311-aa40-0ca3a4120550(uuid8087)
сент. 16, 2025 8:21:57 PM webapp.storage.AbstractStorage save
INFO: &amp#27;[32mSave 234dab64-950f-4159-a1d6-04008534702e(uuid8088)
сент. 16, 2025 8:21:57 PM webapp.storage.AbstractStorage save
INFO: &amp#27;[32mSave d71bf819-8754-4205-9c35-6f1c538dbe73(uuid8089)
сент. 16, 2025 8:21:57 PM webapp.storage.AbstractStorage save
INFO: &amp#27;[32mSave 137f5c6a-db07-4423-9ac2-f412d87a1d1e(uuid8090)
сент. 16, 2025 8:21:57 PM webapp.storage.AbstractStorage save
INFO: &amp#27;[32mSave 97701ba9-5eae-43cc-9a34-3f25b7259cb8(uuid8091)
сент. 16, 2025 8:21:57 PM webapp.storage.AbstractStorage save
INFO: &amp#27;[32mSave 1af01138-d40e-48f2-92d4-0638bfc054f9(uuid8092)
сент. 16, 2025 8:21:57 PM webapp.storage.AbstractStorage save
INFO: &amp#27;[32mSave 769c1c20-b398-40d0-860e-a81cc62d225e(uuid8093)
сент. 16, 2025 8:21:57 PM webapp.storage.AbstractStorage save
INFO: &amp#27;[32mSave b04c664a-6e6b-4415-bf09-858c6ad3b5c0(uuid8094)
сент. 16, 2025 8:21:57 PM webapp.storage.AbstractStorage save
INFO: &amp#27;[32mSave f6196e87-52db-450e-a78e-ac369378eae4(uuid8095)
сент. 16, 2025 8:21:57 PM webapp.storage.AbstractStorage save
INFO: &amp#27;[32mSave bdaba1f1-ecdb-4591-a821-c3da479ece4e(uuid8096)
сент. 16, 2025 8:21:57 PM webapp.storage.AbstractStorage save
INFO: &amp#27;[32mSave a91353df-66a8-4c64-869a-8ff5b3c0022e(uuid8097)
сент. 16, 2025 8:21:57 PM webapp.storage.AbstractStorage save
INFO: &amp#27;[32mSave eb3871e1-1f48-4065-8faa-896e18c15320(uuid8098)
сент. 16, 2025 8:21:57 PM webapp.storage.AbstractStorage save
INFO: &amp#27;[32mSave 46a63d1d-1d20-4f2a-a554-0dcca04d506d(uuid8099)
сент. 16, 2025 8:21:57 PM webapp.storage.AbstractStorage save
INFO: &amp#27;[32mSave 92507d93-1769-456d-a38a-6fd7881f4bfe(uuid8100)
сент. 16, 2025 8:21:57 PM webapp.storage.AbstractStorage save
INFO: &amp#27;[32mSave fa0d733d-2d73-4b63-a487-1f44c5b997cd(uuid8101)
сент. 16, 2025 8:21:57 PM webapp.storage.AbstractStorage save
INFO: &amp#27;[32mSave 1ea0275d-b2c8-4440-a76b-5e9e577eb328(uuid8102)
сент. 16, 2025 8:21:57 PM webapp.storage.AbstractStorage save
INFO: &amp#27;[32mSave acee7c39-84dc-47ed-bba8-f82aa405019b(uuid8103)
сент. 16, 2025 8:21:57 PM webapp.storage.AbstractStorage save
INFO: &amp#27;[32mSave efb2040a-1cbe-40cd-a4ea-3b7357f992b2(uuid8104)
сент. 16, 2025 8:21:57 PM webapp.storage.AbstractStorage save
INFO: &amp#27;[32mSave c67aa076-fd8a-4f77-b038-2cc585dfe034(uuid8105)
сент. 16, 2025 8:21:57 PM webapp.storage.AbstractStorage save
INFO: &amp#27;[32mSave 8bd25d6e-b4b1-450b-9183-c8777521abc3(uuid8106)
сент. 16, 2025 8:21:57 PM webapp.storage.AbstractStorage save
INFO: &amp#27;[32mSave 9fcdc2c4-408b-4a55-86c6-fdd509f9af83(uuid8107)
сент. 16, 2025 8:21:57 PM webapp.storage.AbstractStorage save
INFO: &amp#27;[32mSave a1e561d0-48d1-4c31-8921-1659338a23cb(uuid8108)
сент. 16, 2025 8:21:57 PM webapp.storage.AbstractStorage save
INFO: &amp#27;[32mSave 4c0e2399-6239-46e6-ad49-2fd090385b09(uuid8109)
сент. 16, 2025 8:21:57 PM webapp.storage.AbstractStorage save
INFO: &amp#27;[32mSave 1d87736c-df32-48ac-8e37-6a45a0362300(uuid8110)
сент. 16, 2025 8:21:57 PM webapp.storage.AbstractStorage save
INFO: &amp#27;[32mSave c2c2ab3e-abb7-403b-8c9d-6ace77e463dc(uuid8111)
сент. 16, 2025 8:21:57 PM webapp.storage.AbstractStorage save
INFO: &amp#27;[32mSave 2964f305-9c47-48db-a8d7-e103f3e9f708(uuid8112)
сент. 16, 2025 8:21:57 PM webapp.storage.AbstractStorage save
INFO: &amp#27;[32mSave 4dc04f97-6c78-4f4f-af5f-11e1970764bd(uuid8113)
сент. 16, 2025 8:21:57 PM webapp.storage.AbstractStorage save
INFO: &amp#27;[32mSave a381d7e7-2e40-4b2c-b596-8767a089d755(uuid8114)
сент. 16, 2025 8:21:57 PM webapp.storage.AbstractStorage save
INFO: &amp#27;[32mSave 8e07d427-06b4-4753-b417-2237e2c6c354(uuid8115)
сент. 16, 2025 8:21:57 PM webapp.storage.AbstractStorage save
INFO: &amp#27;[32mSave cedfb854-0af5-45b2-b900-062e1c2147fd(uuid8116)
сент. 16, 2025 8:21:57 PM webapp.storage.AbstractStorage save
INFO: &amp#27;[32mSave f684e1ef-e0a0-4ba2-8c7b-76fa389dd9fc(uuid8117)
сент. 16, 2025 8:21:57 PM webapp.storage.AbstractStorage save
INFO: &amp#27;[32mSave 7a108b86-08d8-414e-bc90-5b21ef82d0e4(uuid8118)
сент. 16, 2025 8:21:57 PM webapp.storage.AbstractStorage save
INFO: &amp#27;[32mSave cd98647c-5e68-4315-b578-11267812aacf(uuid8119)
сент. 16, 2025 8:21:57 PM webapp.storage.AbstractStorage save
INFO: &amp#27;[32mSave ee9ab159-d2ae-45ce-85a4-8d3a698d7c93(uuid8120)
сент. 16, 2025 8:21:57 PM webapp.storage.AbstractStorage save
INFO: &amp#27;[32mSave ff451baf-fb2d-44a9-a151-7a8c3a7706fc(uuid8121)
сент. 16, 2025 8:21:57 PM webapp.storage.AbstractStorage save
INFO: &amp#27;[32mSave 82d2091e-e64c-4356-97e5-64c023f70135(uuid8122)
сент. 16, 2025 8:21:57 PM webapp.storage.AbstractStorage save
INFO: &amp#27;[32mSave 27979356-b07e-4858-a191-01c99d9c0156(uuid8123)
сент. 16, 2025 8:21:57 PM webapp.storage.AbstractStorage save
INFO: &amp#27;[32mSave 23938704-3a70-4c3b-b55f-2ea7b5ecea35(uuid8124)
сент. 16, 2025 8:21:57 PM webapp.storage.AbstractStorage save
INFO: &amp#27;[32mSave c9df46b9-5aee-43fd-b395-463239b69704(uuid8125)
сент. 16, 2025 8:21:57 PM webapp.storage.AbstractStorage save
INFO: &amp#27;[32mSave 2015f0af-806c-4449-97d6-9d62434a0757(uuid8126)
сент. 16, 2025 8:21:57 PM webapp.storage.AbstractStorage save
INFO: &amp#27;[32mSave 4a3857a4-564d-4938-bc69-9a771a1ea300(uuid8127)
сент. 16, 2025 8:21:57 PM webapp.storage.AbstractStorage save
INFO: &amp#27;[32mSave 03aa2172-49ce-4930-854f-f6ff7ff6d9c5(uuid8128)
сент. 16, 2025 8:21:57 PM webapp.storage.AbstractStorage save
INFO: &amp#27;[32mSave a98bea84-60ef-4d0f-9e61-158fb1b6a2bc(uuid8129)
сент. 16, 2025 8:21:57 PM webapp.storage.AbstractStorage save
INFO: &amp#27;[32mSave 25a9989d-6252-4823-a232-2e1fad8ed6b0(uuid8130)
сент. 16, 2025 8:21:57 PM webapp.storage.AbstractStorage save
INFO: &amp#27;[32mSave b6a6e29c-68c3-452d-972a-8203572a3074(uuid8131)
сент. 16, 2025 8:21:57 PM webapp.storage.AbstractStorage save
INFO: &amp#27;[32mSave 2f888c75-4d8e-4894-b101-7081a6405a7d(uuid8132)
сент. 16, 2025 8:21:57 PM webapp.storage.AbstractStorage save
INFO: &amp#27;[32mSave c6e5c34a-bb28-4ce1-b612-df099a389044(uuid8133)
сент. 16, 2025 8:21:57 PM webapp.storage.AbstractStorage save
INFO: &amp#27;[32mSave 1f2813b3-4806-4bbf-bb6b-01d13782d59b(uuid8134)
сент. 16, 2025 8:21:57 PM webapp.storage.AbstractStorage save
INFO: &amp#27;[32mSave faf5b76d-0d63-488f-91bf-258348e937d3(uuid8135)
сент. 16, 2025 8:21:57 PM webapp.storage.AbstractStorage save
INFO: &amp#27;[32mSave b4fb42e9-fdba-40d7-aa9e-10479e4de3bb(uuid8136)
сент. 16, 2025 8:21:57 PM webapp.storage.AbstractStorage save
INFO: &amp#27;[32mSave 7a09c347-b29b-4423-8ee9-9438b9f89fdf(uuid8137)
сент. 16, 2025 8:21:57 PM webapp.storage.AbstractStorage save
INFO: &amp#27;[32mSave 78ed8b24-b8c8-4e56-a590-1c71694c0293(uuid8138)
сент. 16, 2025 8:21:57 PM webapp.storage.AbstractStorage save
INFO: &amp#27;[32mSave 661674a4-f8b0-43e7-8cb4-0203b129fe28(uuid8139)
сент. 16, 2025 8:21:57 PM webapp.storage.AbstractStorage save
INFO: &amp#27;[32mSave 36cd9454-ef17-4620-81fc-69ed06a0da25(uuid8140)
сент. 16, 2025 8:21:57 PM webapp.storage.AbstractStorage save
INFO: &amp#27;[32mSave 48c67f58-c136-4536-9bff-33717eecd8a1(uuid8141)
сент. 16, 2025 8:21:57 PM webapp.storage.AbstractStorage save
INFO: &amp#27;[32mSave 544b0f55-fea9-43d2-a37d-1b6bd04cd62c(uuid8142)
сент. 16, 2025 8:21:57 PM webapp.storage.AbstractStorage save
INFO: &amp#27;[32mSave 3a4393c6-471c-4a08-967d-1017e40c55a5(uuid8143)
сент. 16, 2025 8:21:57 PM webapp.storage.AbstractStorage save
INFO: &amp#27;[32mSave 372e0e33-ff02-4ee8-a843-8cb3ff3eabcc(uuid8144)
сент. 16, 2025 8:21:57 PM webapp.storage.AbstractStorage save
INFO: &amp#27;[32mSave 3cc664ce-9364-442f-a279-243bd76ca20a(uuid8145)
сент. 16, 2025 8:21:57 PM webapp.storage.AbstractStorage save
INFO: &amp#27;[32mSave 039804a9-29ab-4f20-9840-a6f276609c59(uuid8146)
сент. 16, 2025 8:21:57 PM webapp.storage.AbstractStorage save
INFO: &amp#27;[32mSave 5cabb963-c932-4008-a3b1-d31de0d1275c(uuid8147)
сент. 16, 2025 8:21:57 PM webapp.storage.AbstractStorage save
INFO: &amp#27;[32mSave 528cbd8e-5daa-45ca-aaf9-924a3df5a8ca(uuid8148)
сент. 16, 2025 8:21:57 PM webapp.storage.AbstractStorage save
INFO: &amp#27;[32mSave bec1c629-f6cd-40b1-950a-5659c10c85c2(uuid8149)
сент. 16, 2025 8:21:57 PM webapp.storage.AbstractStorage save
INFO: &amp#27;[32mSave c8c1bfa0-43d3-4ab7-96c5-d95757a4dd09(uuid8150)
сент. 16, 2025 8:21:57 PM webapp.storage.AbstractStorage save
INFO: &amp#27;[32mSave b997cb93-cb5b-407d-811f-512cb558ec7a(uuid8151)
сент. 16, 2025 8:21:57 PM webapp.storage.AbstractStorage save
INFO: &amp#27;[32mSave 1d7b6aa9-4df9-4a0b-8845-48179e9b1fb3(uuid8152)
сент. 16, 2025 8:21:57 PM webapp.storage.AbstractStorage save
INFO: &amp#27;[32mSave 47d8e60e-ca95-41a6-ae2d-3e7ababeba73(uuid8153)
сент. 16, 2025 8:21:57 PM webapp.storage.AbstractStorage save
INFO: &amp#27;[32mSave 0a5702ee-05ce-46f1-a678-5cb42d4e4093(uuid8154)
сент. 16, 2025 8:21:57 PM webapp.storage.AbstractStorage save
INFO: &amp#27;[32mSave e9e3c1d4-ea2d-4574-b398-beae57185b02(uuid8155)
сент. 16, 2025 8:21:57 PM webapp.storage.AbstractStorage save
INFO: &amp#27;[32mSave 9370450e-96c1-43a2-b987-917b91021da2(uuid8156)
сент. 16, 2025 8:21:57 PM webapp.storage.AbstractStorage save
INFO: &amp#27;[32mSave 18cc5776-01de-4fe4-9117-2a6ed101457a(uuid8157)
сент. 16, 2025 8:21:57 PM webapp.storage.AbstractStorage save
INFO: &amp#27;[32mSave bcd4878a-e987-41f9-a154-f18832c23ce2(uuid8158)
сент. 16, 2025 8:21:57 PM webapp.storage.AbstractStorage save
INFO: &amp#27;[32mSave d9f469d1-d916-48e5-b5a0-f660dc5688d1(uuid8159)
сент. 16, 2025 8:21:57 PM webapp.storage.AbstractStorage save
INFO: &amp#27;[32mSave c1430394-8275-4bbf-8db3-48bc3ebb447b(uuid8160)
сент. 16, 2025 8:21:57 PM webapp.storage.AbstractStorage save
INFO: &amp#27;[32mSave 1f410b13-79e4-40f0-b62f-10d0ad046695(uuid8161)
сент. 16, 2025 8:21:57 PM webapp.storage.AbstractStorage save
INFO: &amp#27;[32mSave 10d5aeaa-4888-476f-a04b-e5927ae1c126(uuid8162)
сент. 16, 2025 8:21:57 PM webapp.storage.AbstractStorage save
INFO: &amp#27;[32mSave 73c62121-1154-490c-addf-f1f8410ddd88(uuid8163)
сент. 16, 2025 8:21:57 PM webapp.storage.AbstractStorage save
INFO: &amp#27;[32mSave 16566fed-5302-41ae-ad57-8e21c817d76e(uuid8164)
сент. 16, 2025 8:21:57 PM webapp.storage.AbstractStorage save
INFO: &amp#27;[32mSave d4426bef-e7b3-4c5a-8133-e54c1ee329b9(uuid8165)
сент. 16, 2025 8:21:57 PM webapp.storage.AbstractStorage save
INFO: &amp#27;[32mSave cabe75d7-24dc-4205-87b2-714ed580d8e3(uuid8166)
сент. 16, 2025 8:21:57 PM webapp.storage.AbstractStorage save
INFO: &amp#27;[32mSave c4fddcc8-cacf-4496-86b1-5626c5eb5247(uuid8167)
сент. 16, 2025 8:21:57 PM webapp.storage.AbstractStorage save
INFO: &amp#27;[32mSave 32ae57e7-7f7b-404d-9b99-95d32e7feb5a(uuid8168)
сент. 16, 2025 8:21:57 PM webapp.storage.AbstractStorage save
INFO: &amp#27;[32mSave 67d98488-1d18-4a32-a688-22e75696ec6f(uuid8169)
сент. 16, 2025 8:21:57 PM webapp.storage.AbstractStorage save
INFO: &amp#27;[32mSave 51c917cc-97e0-40d4-911c-b5f01e874add(uuid8170)
сент. 16, 2025 8:21:57 PM webapp.storage.AbstractStorage save
INFO: &amp#27;[32mSave c61ae2a0-eb0d-42a8-aafc-4a5833e99ad3(uuid8171)
сент. 16, 2025 8:21:57 PM webapp.storage.AbstractStorage save
INFO: &amp#27;[32mSave 9d16d3ae-b82d-4402-a55e-e5152ba8fbd6(uuid8172)
сент. 16, 2025 8:21:57 PM webapp.storage.AbstractStorage save
INFO: &amp#27;[32mSave b5f7b31e-c749-4ced-8b38-ed40cc152612(uuid8173)
сент. 16, 2025 8:21:57 PM webapp.storage.AbstractStorage save
INFO: &amp#27;[32mSave 5ca94947-5cdf-472b-96eb-13aaef0dc3cf(uuid8174)
сент. 16, 2025 8:21:57 PM webapp.storage.AbstractStorage save
INFO: &amp#27;[32mSave 0dd4f6a1-5acf-467f-808b-05812c23676d(uuid8175)
сент. 16, 2025 8:21:57 PM webapp.storage.AbstractStorage save
INFO: &amp#27;[32mSave 55f8b80d-b436-49e3-b2e6-8ae17f306c1a(uuid8176)
сент. 16, 2025 8:21:57 PM webapp.storage.AbstractStorage save
INFO: &amp#27;[32mSave d6f15e82-bd42-4a39-8245-08b3642a21fb(uuid8177)
сент. 16, 2025 8:21:57 PM webapp.storage.AbstractStorage save
INFO: &amp#27;[32mSave bc122fd0-3b89-4203-a5b5-a7882d4c122b(uuid8178)
сент. 16, 2025 8:21:57 PM webapp.storage.AbstractStorage save
INFO: &amp#27;[32mSave cdef171e-4e43-456b-8543-a423251a9125(uuid8179)
сент. 16, 2025 8:21:57 PM webapp.storage.AbstractStorage save
INFO: &amp#27;[32mSave eab9b358-afb9-4aaf-8957-c9cddca42994(uuid8180)
сент. 16, 2025 8:21:57 PM webapp.storage.AbstractStorage save
INFO: &amp#27;[32mSave 4a8378ac-ab18-4559-93a7-a1346d5621ef(uuid8181)
сент. 16, 2025 8:21:57 PM webapp.storage.AbstractStorage save
INFO: &amp#27;[32mSave 975e9315-96e0-48ec-ae05-0e577d9754f9(uuid8182)
сент. 16, 2025 8:21:57 PM webapp.storage.AbstractStorage save
INFO: &amp#27;[32mSave 6bf75372-5ca3-4f16-a566-387a3ff4dda2(uuid8183)
сент. 16, 2025 8:21:57 PM webapp.storage.AbstractStorage save
INFO: &amp#27;[32mSave cc681552-3a46-4da6-bdca-0f7258e644cd(uuid8184)
сент. 16, 2025 8:21:57 PM webapp.storage.AbstractStorage save
INFO: &amp#27;[32mSave 78de6803-c3d2-45e1-a052-818a258739e8(uuid8185)
сент. 16, 2025 8:21:57 PM webapp.storage.AbstractStorage save
INFO: &amp#27;[32mSave c7fe032e-c2f1-41d5-aef5-a511a8606084(uuid8186)
сент. 16, 2025 8:21:57 PM webapp.storage.AbstractStorage save
INFO: &amp#27;[32mSave a1d15523-9123-4b2b-b971-0cf9f18e2e05(uuid8187)
сент. 16, 2025 8:21:57 PM webapp.storage.AbstractStorage save
INFO: &amp#27;[32mSave 0fece285-d48e-4c95-b26e-e5eb5350ea24(uuid8188)
сент. 16, 2025 8:21:57 PM webapp.storage.AbstractStorage save
INFO: &amp#27;[32mSave ac76ff2e-b900-413e-9512-3c00113024f6(uuid8189)
сент. 16, 2025 8:21:57 PM webapp.storage.AbstractStorage save
INFO: &amp#27;[32mSave cebd5854-049f-4a10-b9e5-ff58c10ad2cd(uuid8190)
сент. 16, 2025 8:21:57 PM webapp.storage.AbstractStorage save
INFO: &amp#27;[32mSave 4659c0c0-b37e-49db-96a7-36b8fb754bd2(uuid8191)
сент. 16, 2025 8:21:57 PM webapp.storage.AbstractStorage save
INFO: &amp#27;[32mSave 99dda030-05c3-40c1-8fbf-55b2a6afeba9(uuid8192)
сент. 16, 2025 8:21:57 PM webapp.storage.AbstractStorage save
INFO: &amp#27;[32mSave 62d9efdc-accc-4e34-b8bd-4eaf83daaf3e(uuid8193)
сент. 16, 2025 8:21:57 PM webapp.storage.AbstractStorage save
INFO: &amp#27;[32mSave 3e20f7f2-6c6e-4d65-a4d4-c4afde1971f1(uuid8194)
сент. 16, 2025 8:21:57 PM webapp.storage.AbstractStorage save
INFO: &amp#27;[32mSave d2fbc22c-6eed-4c5d-a485-6e89d8e4ecf1(uuid8195)
сент. 16, 2025 8:21:57 PM webapp.storage.AbstractStorage save
INFO: &amp#27;[32mSave 0b405efa-ca0a-4acd-9e55-524caed47232(uuid8196)
сент. 16, 2025 8:21:57 PM webapp.storage.AbstractStorage save
INFO: &amp#27;[32mSave 7854a7f9-14fb-4d4c-ae3b-5275d2b905a4(uuid8197)
сент. 16, 2025 8:21:57 PM webapp.storage.AbstractStorage save
INFO: &amp#27;[32mSave 9b9d99da-5cf4-435f-a991-52c910429fa2(uuid8198)
сент. 16, 2025 8:21:57 PM webapp.storage.AbstractStorage save
INFO: &amp#27;[32mSave 06c8fc2b-3caf-4e27-8740-1e0aad9e297e(uuid8199)
сент. 16, 2025 8:21:57 PM webapp.storage.AbstractStorage save
INFO: &amp#27;[32mSave c0822191-a57b-4572-afd5-552c4a7b1736(uuid8200)
сент. 16, 2025 8:21:57 PM webapp.storage.AbstractStorage save
INFO: &amp#27;[32mSave 1af62f3d-7dda-40c9-8a69-17f151c1d391(uuid8201)
сент. 16, 2025 8:21:57 PM webapp.storage.AbstractStorage save
INFO: &amp#27;[32mSave 5e2ac4dc-ff1d-4cee-b126-056e03f73181(uuid8202)
сент. 16, 2025 8:21:57 PM webapp.storage.AbstractStorage save
INFO: &amp#27;[32mSave 66b86697-ca78-4d2f-a15c-a844883b4fe2(uuid8203)
сент. 16, 2025 8:21:57 PM webapp.storage.AbstractStorage save
INFO: &amp#27;[32mSave de5d9981-f78e-4959-b70e-76d287ecef9e(uuid8204)
сент. 16, 2025 8:21:57 PM webapp.storage.AbstractStorage save
INFO: &amp#27;[32mSave 0e88ff50-2f1c-4e91-8db2-01960a2924b0(uuid8205)
сент. 16, 2025 8:21:57 PM webapp.storage.AbstractStorage save
INFO: &amp#27;[32mSave 9d6290e3-1531-4f98-a934-a3943f56eef3(uuid8206)
сент. 16, 2025 8:21:57 PM webapp.storage.AbstractStorage save
INFO: &amp#27;[32mSave f95ab434-1d08-4451-9121-f726d95b527a(uuid8207)
сент. 16, 2025 8:21:57 PM webapp.storage.AbstractStorage save
INFO: &amp#27;[32mSave 6205ca33-05f5-4c9e-9d87-de1c993fc070(uuid8208)
сент. 16, 2025 8:21:57 PM webapp.storage.AbstractStorage save
INFO: &amp#27;[32mSave 48ff5a8b-d5b8-428d-a441-b51a259c2913(uuid8209)
сент. 16, 2025 8:21:57 PM webapp.storage.AbstractStorage save
INFO: &amp#27;[32mSave 0b993452-857d-4369-974e-660baa870161(uuid8210)
сент. 16, 2025 8:21:57 PM webapp.storage.AbstractStorage save
INFO: &amp#27;[32mSave c5a04abd-c00d-44e5-a62d-9cf00e232e4a(uuid8211)
сент. 16, 2025 8:21:57 PM webapp.storage.AbstractStorage save
INFO: &amp#27;[32mSave 3d0f6315-bb12-436e-9e37-3cbf179d28c7(uuid8212)
сент. 16, 2025 8:21:57 PM webapp.storage.AbstractStorage save
INFO: &amp#27;[32mSave e22094fb-e8e9-4f85-9330-b8ad14536864(uuid8213)
сент. 16, 2025 8:21:57 PM webapp.storage.AbstractStorage save
INFO: &amp#27;[32mSave c30eb369-9efe-4534-af8e-5970fb4a0cc3(uuid8214)
сент. 16, 2025 8:21:57 PM webapp.storage.AbstractStorage save
INFO: &amp#27;[32mSave dcef3e1b-dd89-45f8-a92a-fdfdb734bb33(uuid8215)
сент. 16, 2025 8:21:57 PM webapp.storage.AbstractStorage save
INFO: &amp#27;[32mSave ed36c706-689c-4d5e-9008-37e9f07f5926(uuid8216)
сент. 16, 2025 8:21:57 PM webapp.storage.AbstractStorage save
INFO: &amp#27;[32mSave f6f6a1cb-6ae1-4954-b497-09322e28f54c(uuid8217)
сент. 16, 2025 8:21:57 PM webapp.storage.AbstractStorage save
INFO: &amp#27;[32mSave 87086dfb-7e4d-4102-9cc2-7fb0db375089(uuid8218)
сент. 16, 2025 8:21:57 PM webapp.storage.AbstractStorage save
INFO: &amp#27;[32mSave a720120e-3f62-4527-8039-9d1d188f5ccb(uuid8219)
сент. 16, 2025 8:21:57 PM webapp.storage.AbstractStorage save
INFO: &amp#27;[32mSave a749bf66-e1a0-41da-abe2-20c762246894(uuid8220)
сент. 16, 2025 8:21:57 PM webapp.storage.AbstractStorage save
INFO: &amp#27;[32mSave 121d6f52-9214-4387-a6c4-0b1b503e7203(uuid8221)
сент. 16, 2025 8:21:57 PM webapp.storage.AbstractStorage save
INFO: &amp#27;[32mSave 57808f83-cc05-412f-8148-43d58b90c01b(uuid8222)
сент. 16, 2025 8:21:57 PM webapp.storage.AbstractStorage save
INFO: &amp#27;[32mSave 02259571-ac19-4543-9dd0-44b9794eb97d(uuid8223)
сент. 16, 2025 8:21:57 PM webapp.storage.AbstractStorage save
INFO: &amp#27;[32mSave 4a544b62-e2d0-433f-85ec-5ba31172b8dd(uuid8224)
сент. 16, 2025 8:21:57 PM webapp.storage.AbstractStorage save
INFO: &amp#27;[32mSave 93568151-f4d3-4567-be6e-7b8bd544b64a(uuid8225)
сент. 16, 2025 8:21:57 PM webapp.storage.AbstractStorage save
INFO: &amp#27;[32mSave 2cc3eb9c-1b90-48ec-ab67-4782aa5c3eef(uuid8226)
сент. 16, 2025 8:21:57 PM webapp.storage.AbstractStorage save
INFO: &amp#27;[32mSave 80514c11-9233-449f-92b7-05eadd282b47(uuid8227)
сент. 16, 2025 8:21:57 PM webapp.storage.AbstractStorage save
INFO: &amp#27;[32mSave 27f751fa-8568-4c74-8252-4686a08e1db6(uuid8228)
сент. 16, 2025 8:21:57 PM webapp.storage.AbstractStorage save
INFO: &amp#27;[32mSave 3fb6a5a8-d393-43e0-b5df-c533738fdbe9(uuid8229)
сент. 16, 2025 8:21:57 PM webapp.storage.AbstractStorage save
INFO: &amp#27;[32mSave 6ee7f062-0af8-472e-8fdd-e2e2b3356fbf(uuid8230)
сент. 16, 2025 8:21:57 PM webapp.storage.AbstractStorage save
INFO: &amp#27;[32mSave d5d8d12b-0ab3-4455-b3e6-7ccb710cd040(uuid8231)
сент. 16, 2025 8:21:57 PM webapp.storage.AbstractStorage save
INFO: &amp#27;[32mSave 697df735-25e5-4ccc-8b9a-36380cea2f9a(uuid8232)
сент. 16, 2025 8:21:57 PM webapp.storage.AbstractStorage save
INFO: &amp#27;[32mSave 43da7c9d-309a-46f7-89b5-f720d1baebe6(uuid8233)
сент. 16, 2025 8:21:57 PM webapp.storage.AbstractStorage save
INFO: &amp#27;[32mSave ca81dad0-0b87-478d-9f4d-c99e48b9d50a(uuid8234)
сент. 16, 2025 8:21:57 PM webapp.storage.AbstractStorage save
INFO: &amp#27;[32mSave 750f4356-91a1-4407-94aa-450c4591dab5(uuid8235)
сент. 16, 2025 8:21:57 PM webapp.storage.AbstractStorage save
INFO: &amp#27;[32mSave 8d54b278-728f-4650-8cf6-5db67ebe19b6(uuid8236)
сент. 16, 2025 8:21:57 PM webapp.storage.AbstractStorage save
INFO: &amp#27;[32mSave 469925d0-b43a-411d-a862-e425dc0769c7(uuid8237)
сент. 16, 2025 8:21:57 PM webapp.storage.AbstractStorage save
INFO: &amp#27;[32mSave 0d224402-7a2d-4f4f-97b5-eda075fc052d(uuid8238)
сент. 16, 2025 8:21:57 PM webapp.storage.AbstractStorage save
INFO: &amp#27;[32mSave 4e811171-d608-42cf-947f-90fd4c1f447b(uuid8239)
сент. 16, 2025 8:21:57 PM webapp.storage.AbstractStorage save
INFO: &amp#27;[32mSave e73a4413-665a-42bb-855a-2ca85887f074(uuid8240)
сент. 16, 2025 8:21:57 PM webapp.storage.AbstractStorage save
INFO: &amp#27;[32mSave 9a0b6924-227f-4723-a0ac-00c9addee127(uuid8241)
сент. 16, 2025 8:21:57 PM webapp.storage.AbstractStorage save
INFO: &amp#27;[32mSave 127b53b3-c32a-4a14-8983-dc9524bcb6f9(uuid8242)
сент. 16, 2025 8:21:57 PM webapp.storage.AbstractStorage save
INFO: &amp#27;[32mSave 32a7df36-63d1-4a76-a965-968cea612e37(uuid8243)
сент. 16, 2025 8:21:57 PM webapp.storage.AbstractStorage save
INFO: &amp#27;[32mSave e9858302-c265-4a4d-b180-01b1363f4c13(uuid8244)
сент. 16, 2025 8:21:57 PM webapp.storage.AbstractStorage save
INFO: &amp#27;[32mSave b3c2d129-c76d-4567-9082-6b67c1f46b17(uuid8245)
сент. 16, 2025 8:21:57 PM webapp.storage.AbstractStorage save
INFO: &amp#27;[32mSave 90903d2e-3031-40ae-b07c-5e03910e6bf3(uuid8246)
сент. 16, 2025 8:21:57 PM webapp.storage.AbstractStorage save
INFO: &amp#27;[32mSave bc4fca5d-c2bf-4d45-9db0-547c4e9b76cb(uuid8247)
сент. 16, 2025 8:21:57 PM webapp.storage.AbstractStorage save
INFO: &amp#27;[32mSave 2657e42a-c8bd-4a70-8ff6-eb0bdde16376(uuid8248)
сент. 16, 2025 8:21:57 PM webapp.storage.AbstractStorage save
INFO: &amp#27;[32mSave f99196f2-cedd-4d7c-88f0-db54ee0dc690(uuid8249)
сент. 16, 2025 8:21:57 PM webapp.storage.AbstractStorage save
INFO: &amp#27;[32mSave bdcc516b-7018-4504-88f1-73ef6b9d9db6(uuid8250)
сент. 16, 2025 8:21:57 PM webapp.storage.AbstractStorage save
INFO: &amp#27;[32mSave 13b4e37f-7dea-44a6-a4dd-b7fd6e2d5d6a(uuid8251)
сент. 16, 2025 8:21:57 PM webapp.storage.AbstractStorage save
INFO: &amp#27;[32mSave 58da1c50-58f5-4546-a571-783f55ab08c8(uuid8252)
сент. 16, 2025 8:21:57 PM webapp.storage.AbstractStorage save
INFO: &amp#27;[32mSave d336ceb5-f337-43e6-b877-27054235bc2e(uuid8253)
сент. 16, 2025 8:21:57 PM webapp.storage.AbstractStorage save
INFO: &amp#27;[32mSave 5afc3585-8977-4f7d-b18b-178ae7102254(uuid8254)
сент. 16, 2025 8:21:57 PM webapp.storage.AbstractStorage save
INFO: &amp#27;[32mSave 98f5cb25-1551-4976-be4c-ff234ab172a3(uuid8255)
сент. 16, 2025 8:21:57 PM webapp.storage.AbstractStorage save
INFO: &amp#27;[32mSave f16a976f-8dd9-42b1-9b3e-413fd882d9a8(uuid8256)
сент. 16, 2025 8:21:57 PM webapp.storage.AbstractStorage save
INFO: &amp#27;[32mSave b5d4f706-1aec-4410-9de7-daadc7875c33(uuid8257)
сент. 16, 2025 8:21:57 PM webapp.storage.AbstractStorage save
INFO: &amp#27;[32mSave 5cda2535-d55a-40e9-8897-3a99160a0cad(uuid8258)
сент. 16, 2025 8:21:57 PM webapp.storage.AbstractStorage save
INFO: &amp#27;[32mSave 52289b25-1ab8-460b-8a23-9fb6d67e2058(uuid8259)
сент. 16, 2025 8:21:57 PM webapp.storage.AbstractStorage save
INFO: &amp#27;[32mSave 3de04005-8cf7-4d6f-93d4-18477b2c6997(uuid8260)
сент. 16, 2025 8:21:57 PM webapp.storage.AbstractStorage save
INFO: &amp#27;[32mSave e3936995-7998-4290-833a-0ac00a74b5a0(uuid8261)
сент. 16, 2025 8:21:57 PM webapp.storage.AbstractStorage save
INFO: &amp#27;[32mSave 10e5a4a5-06a5-4048-8985-4e895bd27a07(uuid8262)
сент. 16, 2025 8:21:57 PM webapp.storage.AbstractStorage save
INFO: &amp#27;[32mSave fd1abb00-67c1-40ac-885f-f03475f1ff8f(uuid8263)
сент. 16, 2025 8:21:57 PM webapp.storage.AbstractStorage save
INFO: &amp#27;[32mSave 7a05eb91-f0d1-411e-a4c2-3d8a74664296(uuid8264)
сент. 16, 2025 8:21:57 PM webapp.storage.AbstractStorage save
INFO: &amp#27;[32mSave 2c8af2c0-e6e4-478e-8495-492a174caf69(uuid8265)
сент. 16, 2025 8:21:57 PM webapp.storage.AbstractStorage save
INFO: &amp#27;[32mSave 8a5f4a6f-058e-4364-9bde-d74365ec1cc1(uuid8266)
сент. 16, 2025 8:21:57 PM webapp.storage.AbstractStorage save
INFO: &amp#27;[32mSave d66e7e61-d779-44a7-8001-acf68b7652bd(uuid8267)
сент. 16, 2025 8:21:57 PM webapp.storage.AbstractStorage save
INFO: &amp#27;[32mSave 76ee3c1f-e31a-49e0-b44c-fb66d5abe3f9(uuid8268)
сент. 16, 2025 8:21:57 PM webapp.storage.AbstractStorage save
INFO: &amp#27;[32mSave 4d322532-d719-4258-b382-35f09438fcc3(uuid8269)
сент. 16, 2025 8:21:57 PM webapp.storage.AbstractStorage save
INFO: &amp#27;[32mSave 4813055f-988d-4ed4-a5c6-0fe0c0b7d001(uuid8270)
сент. 16, 2025 8:21:57 PM webapp.storage.AbstractStorage save
INFO: &amp#27;[32mSave 62e7fdc7-8192-4536-88a7-b953e560f837(uuid8271)
сент. 16, 2025 8:21:57 PM webapp.storage.AbstractStorage save
INFO: &amp#27;[32mSave 0c652db4-c57b-43aa-8120-43700efd8f16(uuid8272)
сент. 16, 2025 8:21:57 PM webapp.storage.AbstractStorage save
INFO: &amp#27;[32mSave c7d5a0e7-623f-428b-931a-10627a00f3bd(uuid8273)
сент. 16, 2025 8:21:57 PM webapp.storage.AbstractStorage save
INFO: &amp#27;[32mSave 142c8301-6e02-40a7-93f8-0636f148b0b6(uuid8274)
сент. 16, 2025 8:21:57 PM webapp.storage.AbstractStorage save
INFO: &amp#27;[32mSave 61c2b259-acfd-4c4d-8492-1a6e4812e804(uuid8275)
сент. 16, 2025 8:21:57 PM webapp.storage.AbstractStorage save
INFO: &amp#27;[32mSave 90a8e222-ce2c-428e-ab54-0f5e662ed626(uuid8276)
сент. 16, 2025 8:21:57 PM webapp.storage.AbstractStorage save
INFO: &amp#27;[32mSave 57a8db52-c26f-44a7-ac22-6bb47a1409df(uuid8277)
сент. 16, 2025 8:21:57 PM webapp.storage.AbstractStorage save
INFO: &amp#27;[32mSave 33b1fd85-0b05-42df-9957-f43b85d796f9(uuid8278)
сент. 16, 2025 8:21:57 PM webapp.storage.AbstractStorage save
INFO: &amp#27;[32mSave 575568cc-71ef-4531-8d34-df2ec85171b9(uuid8279)
сент. 16, 2025 8:21:57 PM webapp.storage.AbstractStorage save
INFO: &amp#27;[32mSave 114506eb-6015-4170-835b-f13a5f625190(uuid8280)
сент. 16, 2025 8:21:57 PM webapp.storage.AbstractStorage save
INFO: &amp#27;[32mSave 4b27c6e9-9fd3-47d4-9edd-b9671420bce7(uuid8281)
сент. 16, 2025 8:21:57 PM webapp.storage.AbstractStorage save
INFO: &amp#27;[32mSave e81cfe52-f668-4559-bfcd-5a5a246a4078(uuid8282)
сент. 16, 2025 8:21:57 PM webapp.storage.AbstractStorage save
INFO: &amp#27;[32mSave a3036570-b373-4757-b6b6-ca6925cddfe0(uuid8283)
сент. 16, 2025 8:21:57 PM webapp.storage.AbstractStorage save
INFO: &amp#27;[32mSave 7b0d6ea8-890b-4c53-aefe-605b502633ca(uuid8284)
сент. 16, 2025 8:21:57 PM webapp.storage.AbstractStorage save
INFO: &amp#27;[32mSave 068ed490-f63d-4371-a31a-a22c3a97c936(uuid8285)
сент. 16, 2025 8:21:57 PM webapp.storage.AbstractStorage save
INFO: &amp#27;[32mSave b37b93c6-2155-47a9-88d2-aee3abd71ef2(uuid8286)
сент. 16, 2025 8:21:57 PM webapp.storage.AbstractStorage save
INFO: &amp#27;[32mSave 90bbab5f-abf3-450f-bff5-eddfce2fa142(uuid8287)
сент. 16, 2025 8:21:57 PM webapp.storage.AbstractStorage save
INFO: &amp#27;[32mSave 3fce4d94-a931-4370-994c-15deb45956b6(uuid8288)
сент. 16, 2025 8:21:57 PM webapp.storage.AbstractStorage save
INFO: &amp#27;[32mSave f4ea1d9a-dd72-4f96-8e1f-0eabd19b08d7(uuid8289)
сент. 16, 2025 8:21:57 PM webapp.storage.AbstractStorage save
INFO: &amp#27;[32mSave 205d56ea-afe7-42bb-8e7d-2668ab823d02(uuid8290)
сент. 16, 2025 8:21:57 PM webapp.storage.AbstractStorage save
INFO: &amp#27;[32mSave a654e863-b511-4bf2-9844-b4d6bece07f1(uuid8291)
сент. 16, 2025 8:21:57 PM webapp.storage.AbstractStorage save
INFO: &amp#27;[32mSave 6e9a60c6-0447-446f-80a4-f3661f38a9ef(uuid8292)
сент. 16, 2025 8:21:57 PM webapp.storage.AbstractStorage save
INFO: &amp#27;[32mSave 0879e5d2-991d-4428-97cf-10f74cbed319(uuid8293)
сент. 16, 2025 8:21:57 PM webapp.storage.AbstractStorage save
INFO: &amp#27;[32mSave 00ff2d02-b2c7-4069-985c-feabba00e1f5(uuid8294)
сент. 16, 2025 8:21:57 PM webapp.storage.AbstractStorage save
INFO: &amp#27;[32mSave 52a4279c-9bf3-40c8-ba9f-de1e2f43dce7(uuid8295)
сент. 16, 2025 8:21:57 PM webapp.storage.AbstractStorage save
INFO: &amp#27;[32mSave 7a271184-fb15-4e5a-bac5-ee4db78d5f70(uuid8296)
сент. 16, 2025 8:21:57 PM webapp.storage.AbstractStorage save
INFO: &amp#27;[32mSave 3c3dd6a0-e83c-4b78-9168-3ed38a3c5017(uuid8297)
сент. 16, 2025 8:21:57 PM webapp.storage.AbstractStorage save
INFO: &amp#27;[32mSave 8c92fe6c-585b-44df-8410-24d4462bb27e(uuid8298)
сент. 16, 2025 8:21:57 PM webapp.storage.AbstractStorage save
INFO: &amp#27;[32mSave 505d0a5d-af19-4b3a-b6c3-86368921e0da(uuid8299)
сент. 16, 2025 8:21:57 PM webapp.storage.AbstractStorage save
INFO: &amp#27;[32mSave faaf93ad-927a-4843-86e5-42f71afeee14(uuid8300)
сент. 16, 2025 8:21:57 PM webapp.storage.AbstractStorage save
INFO: &amp#27;[32mSave a84e3e09-0620-4af4-af7e-59a69673fd92(uuid8301)
сент. 16, 2025 8:21:57 PM webapp.storage.AbstractStorage save
INFO: &amp#27;[32mSave 1725a695-f43c-44a6-8e78-caa50305ba57(uuid8302)
сент. 16, 2025 8:21:57 PM webapp.storage.AbstractStorage save
INFO: &amp#27;[32mSave 33144ea9-7d9a-4185-9b7b-26139c3aa1fb(uuid8303)
сент. 16, 2025 8:21:57 PM webapp.storage.AbstractStorage save
INFO: &amp#27;[32mSave bca3ba34-bfda-474d-82e4-b298c2271401(uuid8304)
сент. 16, 2025 8:21:57 PM webapp.storage.AbstractStorage save
INFO: &amp#27;[32mSave 7aef1b53-8c6f-494e-9a00-4d32e7d082cb(uuid8305)
сент. 16, 2025 8:21:57 PM webapp.storage.AbstractStorage save
INFO: &amp#27;[32mSave 672cf979-a126-4ca9-86dd-8dae0d41669a(uuid8306)
сент. 16, 2025 8:21:57 PM webapp.storage.AbstractStorage save
INFO: &amp#27;[32mSave 81b683c0-3425-423f-9681-ab034f9cb4fb(uuid8307)
сент. 16, 2025 8:21:57 PM webapp.storage.AbstractStorage save
INFO: &amp#27;[32mSave 3d66fabd-9285-4f2c-87f3-4b84c01a91bc(uuid8308)
сент. 16, 2025 8:21:57 PM webapp.storage.AbstractStorage save
INFO: &amp#27;[32mSave 4dd4d2ff-a48a-4aa0-963f-04747f90693a(uuid8309)
сент. 16, 2025 8:21:57 PM webapp.storage.AbstractStorage save
INFO: &amp#27;[32mSave 78a78b91-d7fb-4e17-aff9-c832d8151f29(uuid8310)
сент. 16, 2025 8:21:57 PM webapp.storage.AbstractStorage save
INFO: &amp#27;[32mSave 9e96bc01-1dd1-4cb9-9b54-ad863519e1ef(uuid8311)
сент. 16, 2025 8:21:57 PM webapp.storage.AbstractStorage save
INFO: &amp#27;[32mSave bd79f309-9387-422a-a264-d11f449e9fe1(uuid8312)
сент. 16, 2025 8:21:57 PM webapp.storage.AbstractStorage save
INFO: &amp#27;[32mSave 129cbd23-e419-49a3-bcc8-c9e4d4928669(uuid8313)
сент. 16, 2025 8:21:57 PM webapp.storage.AbstractStorage save
INFO: &amp#27;[32mSave c1f5d3b0-eaa9-49a8-bb96-cf8ca06d525b(uuid8314)
сент. 16, 2025 8:21:57 PM webapp.storage.AbstractStorage save
INFO: &amp#27;[32mSave bacc7c50-8498-4a0d-a7c5-596fcb032416(uuid8315)
сент. 16, 2025 8:21:57 PM webapp.storage.AbstractStorage save
INFO: &amp#27;[32mSave 2d30c8f4-6c23-4815-8a04-6993fa5cbf04(uuid8316)
сент. 16, 2025 8:21:57 PM webapp.storage.AbstractStorage save
INFO: &amp#27;[32mSave 7e2347d8-e505-4bf5-8cc5-279cebbfe077(uuid8317)
сент. 16, 2025 8:21:57 PM webapp.storage.AbstractStorage save
INFO: &amp#27;[32mSave 97a99cbf-1eb5-4eab-b095-872e9d93b29b(uuid8318)
сент. 16, 2025 8:21:57 PM webapp.storage.AbstractStorage save
INFO: &amp#27;[32mSave 480da0f8-7281-4435-8eb1-7869fb7cda40(uuid8319)
сент. 16, 2025 8:21:57 PM webapp.storage.AbstractStorage save
INFO: &amp#27;[32mSave 959b54c9-8d43-4239-a4bc-9b9e7e9dbfa3(uuid8320)
сент. 16, 2025 8:21:57 PM webapp.storage.AbstractStorage save
INFO: &amp#27;[32mSave c2a425f1-ede1-468b-ae42-b4d4fd062ca8(uuid8321)
сент. 16, 2025 8:21:57 PM webapp.storage.AbstractStorage save
INFO: &amp#27;[32mSave cfb603a4-c93e-4ace-b8c2-2a1c9e39185f(uuid8322)
сент. 16, 2025 8:21:57 PM webapp.storage.AbstractStorage save
INFO: &amp#27;[32mSave 535b3dc9-d645-4f14-b803-5b8c2d6de7bd(uuid8323)
сент. 16, 2025 8:21:57 PM webapp.storage.AbstractStorage save
INFO: &amp#27;[32mSave 479fe8e5-1183-4438-ae42-3c2d58dc2504(uuid8324)
сент. 16, 2025 8:21:57 PM webapp.storage.AbstractStorage save
INFO: &amp#27;[32mSave 050983dd-bda3-4ecc-a9ea-cfbbae45616e(uuid8325)
сент. 16, 2025 8:21:57 PM webapp.storage.AbstractStorage save
INFO: &amp#27;[32mSave 2fd41227-db4b-4fa2-bd45-fd9ec9a79981(uuid8326)
сент. 16, 2025 8:21:57 PM webapp.storage.AbstractStorage save
INFO: &amp#27;[32mSave cbf019ff-eddd-4333-8b92-f35b159fe097(uuid8327)
сент. 16, 2025 8:21:57 PM webapp.storage.AbstractStorage save
INFO: &amp#27;[32mSave 5519262a-bf72-4af4-a10e-4528a1ff65f2(uuid8328)
сент. 16, 2025 8:21:57 PM webapp.storage.AbstractStorage save
INFO: &amp#27;[32mSave dfc14fe8-fa98-4c50-bf50-e85ef7611f72(uuid8329)
сент. 16, 2025 8:21:57 PM webapp.storage.AbstractStorage save
INFO: &amp#27;[32mSave 82e3725c-94f0-4352-a814-e97450768fd3(uuid8330)
сент. 16, 2025 8:21:57 PM webapp.storage.AbstractStorage save
INFO: &amp#27;[32mSave 4481d6e7-e440-43b8-b779-e8a6dd8f7ca0(uuid8331)
сент. 16, 2025 8:21:57 PM webapp.storage.AbstractStorage save
INFO: &amp#27;[32mSave 39457c61-15c9-4fd8-8b0c-9c0ebfa6dc36(uuid8332)
сент. 16, 2025 8:21:57 PM webapp.storage.AbstractStorage save
INFO: &amp#27;[32mSave 2dcdd604-716f-44b1-9f47-2429a7feaca5(uuid8333)
сент. 16, 2025 8:21:57 PM webapp.storage.AbstractStorage save
INFO: &amp#27;[32mSave 003acbed-aacb-4a8c-ae52-c472f7176609(uuid8334)
сент. 16, 2025 8:21:57 PM webapp.storage.AbstractStorage save
INFO: &amp#27;[32mSave c7bbcb4c-61bd-48f2-a4f6-5c69fb4c3ea5(uuid8335)
сент. 16, 2025 8:21:57 PM webapp.storage.AbstractStorage save
INFO: &amp#27;[32mSave 7e939f87-434c-4947-aa5f-8b117fede518(uuid8336)
сент. 16, 2025 8:21:57 PM webapp.storage.AbstractStorage save
INFO: &amp#27;[32mSave 961f06c4-dcbd-475c-b6e4-86785011565e(uuid8337)
сент. 16, 2025 8:21:57 PM webapp.storage.AbstractStorage save
INFO: &amp#27;[32mSave 7d76cdc1-ec8d-48be-9ba2-b941de881838(uuid8338)
сент. 16, 2025 8:21:57 PM webapp.storage.AbstractStorage save
INFO: &amp#27;[32mSave 66094644-669c-4f73-8186-566cbc96f153(uuid8339)
сент. 16, 2025 8:21:57 PM webapp.storage.AbstractStorage save
INFO: &amp#27;[32mSave c302e30e-3119-45e8-ac7f-6c1aae8955b1(uuid8340)
сент. 16, 2025 8:21:57 PM webapp.storage.AbstractStorage save
INFO: &amp#27;[32mSave ae5fbd81-ac77-49d2-9a9a-89d92b4bc3d5(uuid8341)
сент. 16, 2025 8:21:57 PM webapp.storage.AbstractStorage save
INFO: &amp#27;[32mSave b9d67365-2d72-4446-a71a-ff3d2a38ae3e(uuid8342)
сент. 16, 2025 8:21:57 PM webapp.storage.AbstractStorage save
INFO: &amp#27;[32mSave 4d1e3364-2be7-4f68-a7a6-88c102c9a5ab(uuid8343)
сент. 16, 2025 8:21:57 PM webapp.storage.AbstractStorage save
INFO: &amp#27;[32mSave b7767dc7-cde6-420e-b716-d2696b6275c7(uuid8344)
сент. 16, 2025 8:21:57 PM webapp.storage.AbstractStorage save
INFO: &amp#27;[32mSave cd563943-3cac-4a9b-8fd4-cbb2989e2af2(uuid8345)
сент. 16, 2025 8:21:57 PM webapp.storage.AbstractStorage save
INFO: &amp#27;[32mSave ab607048-0db2-48e4-81c0-20e02c82157f(uuid8346)
сент. 16, 2025 8:21:57 PM webapp.storage.AbstractStorage save
INFO: &amp#27;[32mSave 0c648055-2754-4103-b268-36df0adda163(uuid8347)
сент. 16, 2025 8:21:57 PM webapp.storage.AbstractStorage save
INFO: &amp#27;[32mSave 2416ab61-4daf-4024-8cc1-091a93879f40(uuid8348)
сент. 16, 2025 8:21:57 PM webapp.storage.AbstractStorage save
INFO: &amp#27;[32mSave 89c07336-d1b8-419f-8382-aff66c3b6e65(uuid8349)
сент. 16, 2025 8:21:57 PM webapp.storage.AbstractStorage save
INFO: &amp#27;[32mSave 9660812b-6c8c-4a81-b48d-abefce5a3132(uuid8350)
сент. 16, 2025 8:21:57 PM webapp.storage.AbstractStorage save
INFO: &amp#27;[32mSave cd13d846-488f-4a30-b87b-b5b02d318ae2(uuid8351)
сент. 16, 2025 8:21:57 PM webapp.storage.AbstractStorage save
INFO: &amp#27;[32mSave e3a6ba77-1808-4638-95da-d28b8528a544(uuid8352)
сент. 16, 2025 8:21:57 PM webapp.storage.AbstractStorage save
INFO: &amp#27;[32mSave aebbfaf9-6ea2-46ef-a5b1-e9f781eb72cc(uuid8353)
сент. 16, 2025 8:21:57 PM webapp.storage.AbstractStorage save
INFO: &amp#27;[32mSave ae5b2d11-4619-4898-83c5-6feff6f0f5c7(uuid8354)
сент. 16, 2025 8:21:57 PM webapp.storage.AbstractStorage save
INFO: &amp#27;[32mSave 5e74eb31-3143-40ad-9191-233580d5ca29(uuid8355)
сент. 16, 2025 8:21:57 PM webapp.storage.AbstractStorage save
INFO: &amp#27;[32mSave 6ab6b3e9-643f-4626-9470-48c9ba3213df(uuid8356)
сент. 16, 2025 8:21:57 PM webapp.storage.AbstractStorage save
INFO: &amp#27;[32mSave 08182026-5228-4217-b2a5-d0808d4ede57(uuid8357)
сент. 16, 2025 8:21:57 PM webapp.storage.AbstractStorage save
INFO: &amp#27;[32mSave 6416b465-6dfb-469e-981f-d1ccce66e42e(uuid8358)
сент. 16, 2025 8:21:57 PM webapp.storage.AbstractStorage save
INFO: &amp#27;[32mSave 1e47f374-5b41-40a5-a179-19367de14066(uuid8359)
сент. 16, 2025 8:21:57 PM webapp.storage.AbstractStorage save
INFO: &amp#27;[32mSave a2b65769-703c-402c-bf4d-3213f44d2088(uuid8360)
сент. 16, 2025 8:21:57 PM webapp.storage.AbstractStorage save
INFO: &amp#27;[32mSave ae9526c4-c2ca-4cde-82f6-867e71b0a90f(uuid8361)
сент. 16, 2025 8:21:57 PM webapp.storage.AbstractStorage save
INFO: &amp#27;[32mSave 1ed5a709-11a4-46b2-a5df-d0c153bdb597(uuid8362)
сент. 16, 2025 8:21:57 PM webapp.storage.AbstractStorage save
INFO: &amp#27;[32mSave 132f3142-bc56-478a-949d-ef55f9df86aa(uuid8363)
сент. 16, 2025 8:21:57 PM webapp.storage.AbstractStorage save
INFO: &amp#27;[32mSave 0bfbd4dd-6292-467f-90bb-f34ac72c496b(uuid8364)
сент. 16, 2025 8:21:57 PM webapp.storage.AbstractStorage save
INFO: &amp#27;[32mSave 0056112e-a938-4bb1-bd5b-6a6a56ccdff6(uuid8365)
сент. 16, 2025 8:21:57 PM webapp.storage.AbstractStorage save
INFO: &amp#27;[32mSave ef16bc40-5635-4f27-90fc-8774e9080183(uuid8366)
сент. 16, 2025 8:21:57 PM webapp.storage.AbstractStorage save
INFO: &amp#27;[32mSave 0be9fabc-7910-4db3-8184-01fea197d0c8(uuid8367)
сент. 16, 2025 8:21:57 PM webapp.storage.AbstractStorage save
INFO: &amp#27;[32mSave 32bec3d9-24cd-421b-9de6-42d161e3c5c9(uuid8368)
сент. 16, 2025 8:21:57 PM webapp.storage.AbstractStorage save
INFO: &amp#27;[32mSave 4ba44bb8-89e0-4810-8a57-4f6822d2f5e1(uuid8369)
сент. 16, 2025 8:21:57 PM webapp.storage.AbstractStorage save
INFO: &amp#27;[32mSave 331a341b-e874-4810-a54b-a31cc46a20b4(uuid8370)
сент. 16, 2025 8:21:57 PM webapp.storage.AbstractStorage save
INFO: &amp#27;[32mSave fcde85f3-0571-4f1e-8133-76274856e5cf(uuid8371)
сент. 16, 2025 8:21:57 PM webapp.storage.AbstractStorage save
INFO: &amp#27;[32mSave bdd42806-7565-4e10-b7d1-fb2b08955d62(uuid8372)
сент. 16, 2025 8:21:57 PM webapp.storage.AbstractStorage save
INFO: &amp#27;[32mSave d3d6c71a-7339-44f7-96a8-75f8cc8a4446(uuid8373)
сент. 16, 2025 8:21:57 PM webapp.storage.AbstractStorage save
INFO: &amp#27;[32mSave 1c4be9b0-e429-42e2-a80f-67a61f0db557(uuid8374)
сент. 16, 2025 8:21:57 PM webapp.storage.AbstractStorage save
INFO: &amp#27;[32mSave e1634391-8322-4076-8365-6dacc7310167(uuid8375)
сент. 16, 2025 8:21:57 PM webapp.storage.AbstractStorage save
INFO: &amp#27;[32mSave ba88b8c9-eb42-494b-8c51-b15732a95646(uuid8376)
сент. 16, 2025 8:21:57 PM webapp.storage.AbstractStorage save
INFO: &amp#27;[32mSave 3c31322d-0504-4b03-9b77-178ec9187b4d(uuid8377)
сент. 16, 2025 8:21:57 PM webapp.storage.AbstractStorage save
INFO: &amp#27;[32mSave 71350dc6-c748-42d4-ac73-22dcbf04dc23(uuid8378)
сент. 16, 2025 8:21:57 PM webapp.storage.AbstractStorage save
INFO: &amp#27;[32mSave b0c3b8ac-a12c-47dd-8390-7896a4907349(uuid8379)
сент. 16, 2025 8:21:57 PM webapp.storage.AbstractStorage save
INFO: &amp#27;[32mSave bca5b4e1-03c5-4ffe-b296-74eb32ebd4e6(uuid8380)
сент. 16, 2025 8:21:57 PM webapp.storage.AbstractStorage save
INFO: &amp#27;[32mSave f0f86ba7-7671-49ff-99d2-3e3694500a95(uuid8381)
сент. 16, 2025 8:21:57 PM webapp.storage.AbstractStorage save
INFO: &amp#27;[32mSave ca421c86-277a-4b70-ad65-45d71ff5f40a(uuid8382)
сент. 16, 2025 8:21:57 PM webapp.storage.AbstractStorage save
INFO: &amp#27;[32mSave cb6b1fdd-e688-4994-adcb-39b4b12b1294(uuid8383)
сент. 16, 2025 8:21:57 PM webapp.storage.AbstractStorage save
INFO: &amp#27;[32mSave 36004705-8e60-4023-808a-f138f20c8a31(uuid8384)
сент. 16, 2025 8:21:57 PM webapp.storage.AbstractStorage save
INFO: &amp#27;[32mSave 32222cdb-6637-43e6-8cec-eddf1bf6395f(uuid8385)
сент. 16, 2025 8:21:57 PM webapp.storage.AbstractStorage save
INFO: &amp#27;[32mSave ac2c6beb-3cdc-498e-92db-f4f039ce2c72(uuid8386)
сент. 16, 2025 8:21:57 PM webapp.storage.AbstractStorage save
INFO: &amp#27;[32mSave d79085be-1c95-457c-8d64-bce4413efb9f(uuid8387)
сент. 16, 2025 8:21:57 PM webapp.storage.AbstractStorage save
INFO: &amp#27;[32mSave b19e009c-4918-48b6-8b75-18479e3d8a19(uuid8388)
сент. 16, 2025 8:21:57 PM webapp.storage.AbstractStorage save
INFO: &amp#27;[32mSave 7328fc58-3e67-412e-b778-02649015df25(uuid8389)
сент. 16, 2025 8:21:57 PM webapp.storage.AbstractStorage save
INFO: &amp#27;[32mSave 9707d455-dbcc-42de-b876-3e2c562fef1d(uuid8390)
сент. 16, 2025 8:21:57 PM webapp.storage.AbstractStorage save
INFO: &amp#27;[32mSave 7fd8c01c-4a90-48dc-8c05-3862a7281855(uuid8391)
сент. 16, 2025 8:21:57 PM webapp.storage.AbstractStorage save
INFO: &amp#27;[32mSave 7c513054-5d3d-43e3-9206-8a86b3611959(uuid8392)
сент. 16, 2025 8:21:57 PM webapp.storage.AbstractStorage save
INFO: &amp#27;[32mSave 1bdd4ce0-6ec4-4f7b-8c18-fc3f7b98f956(uuid8393)
сент. 16, 2025 8:21:57 PM webapp.storage.AbstractStorage save
INFO: &amp#27;[32mSave 8c770565-a6a7-4340-937d-c62252d24d89(uuid8394)
сент. 16, 2025 8:21:57 PM webapp.storage.AbstractStorage save
INFO: &amp#27;[32mSave 94ff1942-8c68-4c68-952d-8da0a60c45a1(uuid8395)
сент. 16, 2025 8:21:57 PM webapp.storage.AbstractStorage save
INFO: &amp#27;[32mSave 9d914bd7-621f-4036-a590-8c3edf6ac081(uuid8396)
сент. 16, 2025 8:21:57 PM webapp.storage.AbstractStorage save
INFO: &amp#27;[32mSave cf027050-0295-4b4f-a386-5a7fcadc41a0(uuid8397)
сент. 16, 2025 8:21:57 PM webapp.storage.AbstractStorage save
INFO: &amp#27;[32mSave 01d422ba-f266-4e1b-946d-f3cda6fc5dc9(uuid8398)
сент. 16, 2025 8:21:57 PM webapp.storage.AbstractStorage save
INFO: &amp#27;[32mSave 7a64838b-b30c-4255-b2d3-ded86e6ee59f(uuid8399)
сент. 16, 2025 8:21:57 PM webapp.storage.AbstractStorage save
INFO: &amp#27;[32mSave 6a1b1cc0-cb4b-4e07-bc5a-91010cae18aa(uuid8400)
сент. 16, 2025 8:21:57 PM webapp.storage.AbstractStorage save
INFO: &amp#27;[32mSave 9f897cf3-dae2-4d4c-987e-fa2353130f11(uuid8401)
сент. 16, 2025 8:21:57 PM webapp.storage.AbstractStorage save
INFO: &amp#27;[32mSave 2059176f-5604-42b7-9fa7-112b7e0d9f89(uuid8402)
сент. 16, 2025 8:21:57 PM webapp.storage.AbstractStorage save
INFO: &amp#27;[32mSave f6cfea46-29e7-4c51-9300-3df56888bb66(uuid8403)
сент. 16, 2025 8:21:57 PM webapp.storage.AbstractStorage save
INFO: &amp#27;[32mSave b857321b-0182-473b-8987-b0cd2da3ea55(uuid8404)
сент. 16, 2025 8:21:57 PM webapp.storage.AbstractStorage save
INFO: &amp#27;[32mSave b11c7658-2978-45b3-aeef-9e519748422b(uuid8405)
сент. 16, 2025 8:21:57 PM webapp.storage.AbstractStorage save
INFO: &amp#27;[32mSave 29f5e86a-0b97-437f-92bf-179c8f6022b7(uuid8406)
сент. 16, 2025 8:21:57 PM webapp.storage.AbstractStorage save
INFO: &amp#27;[32mSave a1cb2674-4a88-49d5-b05b-0af80b1f7381(uuid8407)
сент. 16, 2025 8:21:57 PM webapp.storage.AbstractStorage save
INFO: &amp#27;[32mSave 879a9cce-b2df-4958-b7f2-525bc9bac862(uuid8408)
сент. 16, 2025 8:21:57 PM webapp.storage.AbstractStorage save
INFO: &amp#27;[32mSave 1e647e91-ef89-4851-9360-6ad1780c696a(uuid8409)
сент. 16, 2025 8:21:57 PM webapp.storage.AbstractStorage save
INFO: &amp#27;[32mSave ed298e12-c4c7-43bf-b78a-772880fe0ea8(uuid8410)
сент. 16, 2025 8:21:57 PM webapp.storage.AbstractStorage save
INFO: &amp#27;[32mSave 40b337cb-a229-46a0-909b-831cd67b7f6a(uuid8411)
сент. 16, 2025 8:21:57 PM webapp.storage.AbstractStorage save
INFO: &amp#27;[32mSave 0cb38180-d492-4cda-b358-21246b3b540f(uuid8412)
сент. 16, 2025 8:21:57 PM webapp.storage.AbstractStorage save
INFO: &amp#27;[32mSave 5ab804e1-85ee-41d0-8c1d-362e33fa70da(uuid8413)
сент. 16, 2025 8:21:57 PM webapp.storage.AbstractStorage save
INFO: &amp#27;[32mSave 2ec7f899-6d02-4cc5-b341-6fca988abef3(uuid8414)
сент. 16, 2025 8:21:57 PM webapp.storage.AbstractStorage save
INFO: &amp#27;[32mSave 2ef85186-92eb-4019-b285-d9b9361da493(uuid8415)
сент. 16, 2025 8:21:57 PM webapp.storage.AbstractStorage save
INFO: &amp#27;[32mSave f1103f5e-9793-4af1-8356-b6576f4df694(uuid8416)
сент. 16, 2025 8:21:57 PM webapp.storage.AbstractStorage save
INFO: &amp#27;[32mSave aa941f4c-9633-4dae-88c3-aa47e0ff23ec(uuid8417)
сент. 16, 2025 8:21:57 PM webapp.storage.AbstractStorage save
INFO: &amp#27;[32mSave 42b14be4-ddac-438e-b3ac-1299ac84093b(uuid8418)
сент. 16, 2025 8:21:57 PM webapp.storage.AbstractStorage save
INFO: &amp#27;[32mSave e04999de-5752-489b-a554-eaade9dac95a(uuid8419)
сент. 16, 2025 8:21:57 PM webapp.storage.AbstractStorage save
INFO: &amp#27;[32mSave 26fe284b-3549-4f1f-bbf2-5a1cd56d13c3(uuid8420)
сент. 16, 2025 8:21:57 PM webapp.storage.AbstractStorage save
INFO: &amp#27;[32mSave de9a3c53-b69d-4ee6-90a2-8046476e3179(uuid8421)
сент. 16, 2025 8:21:57 PM webapp.storage.AbstractStorage save
INFO: &amp#27;[32mSave ec70bfce-cbce-4520-a00e-a8a57f6dae0f(uuid8422)
сент. 16, 2025 8:21:57 PM webapp.storage.AbstractStorage save
INFO: &amp#27;[32mSave 1140990b-391f-438b-b1e8-e5fc6a437326(uuid8423)
сент. 16, 2025 8:21:57 PM webapp.storage.AbstractStorage save
INFO: &amp#27;[32mSave 4696f0b9-36fa-4865-8af7-0174d1eb65cc(uuid8424)
сент. 16, 2025 8:21:57 PM webapp.storage.AbstractStorage save
INFO: &amp#27;[32mSave b76a82b1-0ddd-4d4a-ba4b-bdd657afdaf1(uuid8425)
сент. 16, 2025 8:21:57 PM webapp.storage.AbstractStorage save
INFO: &amp#27;[32mSave d88b565e-2089-4726-8d33-0f92165456b6(uuid8426)
сент. 16, 2025 8:21:57 PM webapp.storage.AbstractStorage save
INFO: &amp#27;[32mSave 70311c6e-5937-4507-bf4a-9f7e40af954f(uuid8427)
сент. 16, 2025 8:21:57 PM webapp.storage.AbstractStorage save
INFO: &amp#27;[32mSave fecc8d36-fde7-4f81-a6da-8eef8cbdb9ea(uuid8428)
сент. 16, 2025 8:21:57 PM webapp.storage.AbstractStorage save
INFO: &amp#27;[32mSave 22d7368b-31f2-481a-bbbf-b9e7aa193f80(uuid8429)
сент. 16, 2025 8:21:57 PM webapp.storage.AbstractStorage save
INFO: &amp#27;[32mSave ef18314a-b69f-4c65-8984-a4c18277dc45(uuid8430)
сент. 16, 2025 8:21:57 PM webapp.storage.AbstractStorage save
INFO: &amp#27;[32mSave 9d01bff8-c55f-47d0-aeb0-2d3909f3ec11(uuid8431)
сент. 16, 2025 8:21:57 PM webapp.storage.AbstractStorage save
INFO: &amp#27;[32mSave d987e31a-ff26-4ec0-880d-fa27a15c3659(uuid8432)
сент. 16, 2025 8:21:57 PM webapp.storage.AbstractStorage save
INFO: &amp#27;[32mSave ecf0731e-0cd1-433a-92f2-1e9cf5fbf1ee(uuid8433)
сент. 16, 2025 8:21:57 PM webapp.storage.AbstractStorage save
INFO: &amp#27;[32mSave 7e905579-7c36-40e1-a852-5eb132344284(uuid8434)
сент. 16, 2025 8:21:57 PM webapp.storage.AbstractStorage save
INFO: &amp#27;[32mSave 8b11dcaa-a313-450d-abff-7b22d295b6af(uuid8435)
сент. 16, 2025 8:21:57 PM webapp.storage.AbstractStorage save
INFO: &amp#27;[32mSave b7bf17be-2d99-4321-a4df-31478204882f(uuid8436)
сент. 16, 2025 8:21:57 PM webapp.storage.AbstractStorage save
INFO: &amp#27;[32mSave 0b347022-138b-442d-8ce5-1822d45f7870(uuid8437)
сент. 16, 2025 8:21:57 PM webapp.storage.AbstractStorage save
INFO: &amp#27;[32mSave 1bee542a-1d05-4cdc-9a7e-a51aa5f306b0(uuid8438)
сент. 16, 2025 8:21:57 PM webapp.storage.AbstractStorage save
INFO: &amp#27;[32mSave 645e4e57-d40a-4b84-9606-550733d45bc9(uuid8439)
сент. 16, 2025 8:21:57 PM webapp.storage.AbstractStorage save
INFO: &amp#27;[32mSave a493eaf8-9d38-4d55-a814-7f552d893460(uuid8440)
сент. 16, 2025 8:21:57 PM webapp.storage.AbstractStorage save
INFO: &amp#27;[32mSave 1e2632e0-0252-4733-b101-79d3d11e4da4(uuid8441)
сент. 16, 2025 8:21:57 PM webapp.storage.AbstractStorage save
INFO: &amp#27;[32mSave e0d93082-f444-40d8-866b-3a0eb865a7b8(uuid8442)
сент. 16, 2025 8:21:57 PM webapp.storage.AbstractStorage save
INFO: &amp#27;[32mSave ea068495-ea31-4160-bc00-cf1ea39e7a92(uuid8443)
сент. 16, 2025 8:21:57 PM webapp.storage.AbstractStorage save
INFO: &amp#27;[32mSave 1e99065a-0f0e-42d2-b60d-f2a356887de8(uuid8444)
сент. 16, 2025 8:21:57 PM webapp.storage.AbstractStorage save
INFO: &amp#27;[32mSave 8252e47e-4e83-405f-b3b2-22125fea9eb4(uuid8445)
сент. 16, 2025 8:21:57 PM webapp.storage.AbstractStorage save
INFO: &amp#27;[32mSave bdbabf04-6fc7-4ac7-893c-b0ace8c07d32(uuid8446)
сент. 16, 2025 8:21:57 PM webapp.storage.AbstractStorage save
INFO: &amp#27;[32mSave 00953b1c-224f-48f4-80a1-4b76502ce682(uuid8447)
сент. 16, 2025 8:21:57 PM webapp.storage.AbstractStorage save
INFO: &amp#27;[32mSave be538aab-c7b1-4d32-85aa-78ab23bfe551(uuid8448)
сент. 16, 2025 8:21:57 PM webapp.storage.AbstractStorage save
INFO: &amp#27;[32mSave 0d3012d0-c02d-4c7c-a3c6-0f75b862b926(uuid8449)
сент. 16, 2025 8:21:57 PM webapp.storage.AbstractStorage save
INFO: &amp#27;[32mSave f57192e2-fc69-445a-a9fd-508c28dee339(uuid8450)
сент. 16, 2025 8:21:57 PM webapp.storage.AbstractStorage save
INFO: &amp#27;[32mSave 5c024ac3-c971-45c7-a89d-ee327bc38c3b(uuid8451)
сент. 16, 2025 8:21:57 PM webapp.storage.AbstractStorage save
INFO: &amp#27;[32mSave 94139fe7-a1b9-40a9-95b4-7073122859f9(uuid8452)
сент. 16, 2025 8:21:57 PM webapp.storage.AbstractStorage save
INFO: &amp#27;[32mSave 7d0568fe-b8f0-4ad7-b1f8-94bc22fe6ae6(uuid8453)
сент. 16, 2025 8:21:57 PM webapp.storage.AbstractStorage save
INFO: &amp#27;[32mSave dcb5fb0a-b947-476c-8bbf-e25fbbaafba9(uuid8454)
сент. 16, 2025 8:21:57 PM webapp.storage.AbstractStorage save
INFO: &amp#27;[32mSave cc44e9cb-ee00-432d-9117-2dd564b89185(uuid8455)
сент. 16, 2025 8:21:57 PM webapp.storage.AbstractStorage save
INFO: &amp#27;[32mSave dc092afd-0b2a-4b34-85fc-404a74a53fd4(uuid8456)
сент. 16, 2025 8:21:57 PM webapp.storage.AbstractStorage save
INFO: &amp#27;[32mSave 9cc9027b-ffea-447d-9138-bda25f0e1231(uuid8457)
сент. 16, 2025 8:21:57 PM webapp.storage.AbstractStorage save
INFO: &amp#27;[32mSave 4e9b2e4e-cf63-4ea6-ada9-f7cf66a068d9(uuid8458)
сент. 16, 2025 8:21:57 PM webapp.storage.AbstractStorage save
INFO: &amp#27;[32mSave 9049c744-0fd9-4389-9964-fd1492646734(uuid8459)
сент. 16, 2025 8:21:57 PM webapp.storage.AbstractStorage save
INFO: &amp#27;[32mSave 6cad10bd-08e5-4ff4-82ec-c71bc5091d6f(uuid8460)
сент. 16, 2025 8:21:57 PM webapp.storage.AbstractStorage save
INFO: &amp#27;[32mSave c57f6f46-8565-4936-be51-a0ab5b077699(uuid8461)
сент. 16, 2025 8:21:57 PM webapp.storage.AbstractStorage save
INFO: &amp#27;[32mSave 00206f8d-89e7-44cb-b8c0-9c10345365bd(uuid8462)
сент. 16, 2025 8:21:57 PM webapp.storage.AbstractStorage save
INFO: &amp#27;[32mSave 270645c6-0b34-405f-8e89-bcf3fbe97032(uuid8463)
сент. 16, 2025 8:21:57 PM webapp.storage.AbstractStorage save
INFO: &amp#27;[32mSave 5aec8515-f4be-46ad-869a-3aaa029e0741(uuid8464)
сент. 16, 2025 8:21:57 PM webapp.storage.AbstractStorage save
INFO: &amp#27;[32mSave 941b36af-7c7b-49c0-b460-83d310ec1b5d(uuid8465)
сент. 16, 2025 8:21:57 PM webapp.storage.AbstractStorage save
INFO: &amp#27;[32mSave 4276b121-1f0e-4d04-aa91-e8bcd52371c8(uuid8466)
сент. 16, 2025 8:21:57 PM webapp.storage.AbstractStorage save
INFO: &amp#27;[32mSave 24ad6371-d9b5-4dc4-a632-3111281ec1f0(uuid8467)
сент. 16, 2025 8:21:57 PM webapp.storage.AbstractStorage save
INFO: &amp#27;[32mSave c8ebc316-39e5-4fd1-9758-0fcb1091587f(uuid8468)
сент. 16, 2025 8:21:57 PM webapp.storage.AbstractStorage save
INFO: &amp#27;[32mSave ea8ee496-74d8-4651-bbda-976e6d6293e8(uuid8469)
сент. 16, 2025 8:21:57 PM webapp.storage.AbstractStorage save
INFO: &amp#27;[32mSave 518c08f2-524c-48f4-8c15-08cc5a2fc903(uuid8470)
сент. 16, 2025 8:21:57 PM webapp.storage.AbstractStorage save
INFO: &amp#27;[32mSave ad788245-99e8-480c-b77d-ed7ba0f28302(uuid8471)
сент. 16, 2025 8:21:57 PM webapp.storage.AbstractStorage save
INFO: &amp#27;[32mSave cb683f90-c8b4-42b9-b1f6-d70f7f018ef3(uuid8472)
сент. 16, 2025 8:21:57 PM webapp.storage.AbstractStorage save
INFO: &amp#27;[32mSave e45a4f17-3846-4ddb-9209-1ad06fa2ec32(uuid8473)
сент. 16, 2025 8:21:57 PM webapp.storage.AbstractStorage save
INFO: &amp#27;[32mSave 25ebb6bb-8fb1-4a19-97b8-618121f0dbb1(uuid8474)
сент. 16, 2025 8:21:57 PM webapp.storage.AbstractStorage save
INFO: &amp#27;[32mSave a31c33dc-038b-4b46-be3d-6f54d572f865(uuid8475)
сент. 16, 2025 8:21:57 PM webapp.storage.AbstractStorage save
INFO: &amp#27;[32mSave 7e77f0b0-f34d-4a7b-b604-d1fbc84ac64c(uuid8476)
сент. 16, 2025 8:21:57 PM webapp.storage.AbstractStorage save
INFO: &amp#27;[32mSave 7d1a243f-6077-4f92-ae7d-7c98f8b30e10(uuid8477)
сент. 16, 2025 8:21:57 PM webapp.storage.AbstractStorage save
INFO: &amp#27;[32mSave 96810dce-c90e-45b3-ae93-18f1c3969348(uuid8478)
сент. 16, 2025 8:21:57 PM webapp.storage.AbstractStorage save
INFO: &amp#27;[32mSave 123875df-c10d-4dfc-b8f6-a6b8a20e9406(uuid8479)
сент. 16, 2025 8:21:57 PM webapp.storage.AbstractStorage save
INFO: &amp#27;[32mSave d3ea82e6-2fb2-4a84-8706-842174ecac33(uuid8480)
сент. 16, 2025 8:21:57 PM webapp.storage.AbstractStorage save
INFO: &amp#27;[32mSave 1808ea68-1b68-4473-a4f8-f9187fae6c97(uuid8481)
сент. 16, 2025 8:21:57 PM webapp.storage.AbstractStorage save
INFO: &amp#27;[32mSave 27781776-f448-45f7-b7b1-d33161a7b116(uuid8482)
сент. 16, 2025 8:21:57 PM webapp.storage.AbstractStorage save
INFO: &amp#27;[32mSave 3734dda5-61a9-493f-9048-6a26a784bd0e(uuid8483)
сент. 16, 2025 8:21:57 PM webapp.storage.AbstractStorage save
INFO: &amp#27;[32mSave 36851837-6669-4a86-8b90-46f184fe97e5(uuid8484)
сент. 16, 2025 8:21:57 PM webapp.storage.AbstractStorage save
INFO: &amp#27;[32mSave 6b2f7819-6fcb-4807-ba7d-c5e56b33d927(uuid8485)
сент. 16, 2025 8:21:57 PM webapp.storage.AbstractStorage save
INFO: &amp#27;[32mSave 00c994ad-f6e0-410e-8579-3f7040a63058(uuid8486)
сент. 16, 2025 8:21:57 PM webapp.storage.AbstractStorage save
INFO: &amp#27;[32mSave 1ee9c0f2-8a1a-4bd6-bc18-0b7ad4478db7(uuid8487)
сент. 16, 2025 8:21:57 PM webapp.storage.AbstractStorage save
INFO: &amp#27;[32mSave 9fb4f13d-26e7-4ab8-9d9b-ca3f4531d0fd(uuid8488)
сент. 16, 2025 8:21:57 PM webapp.storage.AbstractStorage save
INFO: &amp#27;[32mSave 19e19b0d-3a39-42bc-adf9-4c2da8be51f9(uuid8489)
сент. 16, 2025 8:21:57 PM webapp.storage.AbstractStorage save
INFO: &amp#27;[32mSave eaabeb8a-f244-47ba-bddd-01fecadbc66b(uuid8490)
сент. 16, 2025 8:21:57 PM webapp.storage.AbstractStorage save
INFO: &amp#27;[32mSave 73616961-40db-46b7-80da-fe10fc27e9aa(uuid8491)
сент. 16, 2025 8:21:57 PM webapp.storage.AbstractStorage save
INFO: &amp#27;[32mSave 43c5b805-ad7b-45ab-a7fb-e7c4aa50bb85(uuid8492)
сент. 16, 2025 8:21:57 PM webapp.storage.AbstractStorage save
INFO: &amp#27;[32mSave 1cb28405-a17f-4a4b-b659-663e205bc22d(uuid8493)
сент. 16, 2025 8:21:57 PM webapp.storage.AbstractStorage save
INFO: &amp#27;[32mSave 7b19e759-f02a-475d-9838-46c76df5ee3b(uuid8494)
сент. 16, 2025 8:21:57 PM webapp.storage.AbstractStorage save
INFO: &amp#27;[32mSave 53852f0e-7a79-492b-b49c-6f21a157aab2(uuid8495)
сент. 16, 2025 8:21:57 PM webapp.storage.AbstractStorage save
INFO: &amp#27;[32mSave 226824de-b7f7-47dc-b61b-dec6c2f7db3c(uuid8496)
сент. 16, 2025 8:21:57 PM webapp.storage.AbstractStorage save
INFO: &amp#27;[32mSave b9d4842e-6dc5-4bc1-8c64-fba4f93b349f(uuid8497)
сент. 16, 2025 8:21:57 PM webapp.storage.AbstractStorage save
INFO: &amp#27;[32mSave 5a1d5252-8c69-4ed0-aeb4-dcc8417cf350(uuid8498)
сент. 16, 2025 8:21:57 PM webapp.storage.AbstractStorage save
INFO: &amp#27;[32mSave 41400dd8-216b-44ee-a5a5-19529fccd8e2(uuid8499)
сент. 16, 2025 8:21:57 PM webapp.storage.AbstractStorage save
INFO: &amp#27;[32mSave 08e93fe1-3083-4ab2-99ff-c3d98404dda8(uuid8500)
сент. 16, 2025 8:21:57 PM webapp.storage.AbstractStorage save
INFO: &amp#27;[32mSave f7bd8695-081b-44c4-b807-a2dbb1c1a7dd(uuid8501)
сент. 16, 2025 8:21:57 PM webapp.storage.AbstractStorage save
INFO: &amp#27;[32mSave dc50455e-8997-4bce-89c7-0f00ac9b0686(uuid8502)
сент. 16, 2025 8:21:57 PM webapp.storage.AbstractStorage save
INFO: &amp#27;[32mSave 415ecdef-874d-4198-8f30-ee8c90735cd9(uuid8503)
сент. 16, 2025 8:21:57 PM webapp.storage.AbstractStorage save
INFO: &amp#27;[32mSave 4d12bdd4-cd0b-466f-8c12-2c11fa2dbd1b(uuid8504)
сент. 16, 2025 8:21:57 PM webapp.storage.AbstractStorage save
INFO: &amp#27;[32mSave ddbec5af-eaa6-488a-9b77-89478c6d2e2f(uuid8505)
сент. 16, 2025 8:21:57 PM webapp.storage.AbstractStorage save
INFO: &amp#27;[32mSave c96bc9a3-785d-4000-b3e3-4ae05fab44e5(uuid8506)
сент. 16, 2025 8:21:57 PM webapp.storage.AbstractStorage save
INFO: &amp#27;[32mSave a2ce2321-c95a-4051-8b84-110197efdddb(uuid8507)
сент. 16, 2025 8:21:57 PM webapp.storage.AbstractStorage save
INFO: &amp#27;[32mSave 1033091c-9305-4266-b1e8-5f19b24eb2f5(uuid8508)
сент. 16, 2025 8:21:57 PM webapp.storage.AbstractStorage save
INFO: &amp#27;[32mSave 981948cd-c790-43c1-96b1-aa5fad9ba8f5(uuid8509)
сент. 16, 2025 8:21:57 PM webapp.storage.AbstractStorage save
INFO: &amp#27;[32mSave a58b57cb-a28e-46e5-a8c8-0d618c321b01(uuid8510)
сент. 16, 2025 8:21:57 PM webapp.storage.AbstractStorage save
INFO: &amp#27;[32mSave 7cdc52a7-0aa2-42ea-9283-7b1e5cddc5b4(uuid8511)
сент. 16, 2025 8:21:57 PM webapp.storage.AbstractStorage save
INFO: &amp#27;[32mSave 6e7eb280-e95e-4f9b-a9e2-1fcd18a61341(uuid8512)
сент. 16, 2025 8:21:57 PM webapp.storage.AbstractStorage save
INFO: &amp#27;[32mSave f6481eae-1fea-42cc-b3cc-3e1c89ed6ad0(uuid8513)
сент. 16, 2025 8:21:57 PM webapp.storage.AbstractStorage save
INFO: &amp#27;[32mSave cd3a1bad-600c-463d-aadd-0986408a09de(uuid8514)
сент. 16, 2025 8:21:57 PM webapp.storage.AbstractStorage save
INFO: &amp#27;[32mSave d4f41042-8ca5-4af7-b340-21e93ccc4534(uuid8515)
сент. 16, 2025 8:21:57 PM webapp.storage.AbstractStorage save
INFO: &amp#27;[32mSave 951b3fd7-f52b-4374-98a9-1b58bf704a92(uuid8516)
сент. 16, 2025 8:21:57 PM webapp.storage.AbstractStorage save
INFO: &amp#27;[32mSave 01b0baf1-3ca8-476b-bd05-571a6742200b(uuid8517)
сент. 16, 2025 8:21:57 PM webapp.storage.AbstractStorage save
INFO: &amp#27;[32mSave 7d5cf7fd-f42b-4af9-bbb6-c142bd65c598(uuid8518)
сент. 16, 2025 8:21:57 PM webapp.storage.AbstractStorage save
INFO: &amp#27;[32mSave ed7a387d-f606-46cc-9663-5ee149663e68(uuid8519)
сент. 16, 2025 8:21:57 PM webapp.storage.AbstractStorage save
INFO: &amp#27;[32mSave 96acb469-4e70-4ec1-80f0-4bcf650ad9a4(uuid8520)
сент. 16, 2025 8:21:57 PM webapp.storage.AbstractStorage save
INFO: &amp#27;[32mSave 9ba81893-c9ed-4e8c-9bbd-25d0c2ad12ff(uuid8521)
сент. 16, 2025 8:21:57 PM webapp.storage.AbstractStorage save
INFO: &amp#27;[32mSave f103a658-db6b-496a-b64c-6db3bdad9f3f(uuid8522)
сент. 16, 2025 8:21:57 PM webapp.storage.AbstractStorage save
INFO: &amp#27;[32mSave 614ad6da-ec12-41c7-8856-044cfeb0e0d8(uuid8523)
сент. 16, 2025 8:21:57 PM webapp.storage.AbstractStorage save
INFO: &amp#27;[32mSave 987a1520-e018-4b87-9a03-977856c381dc(uuid8524)
сент. 16, 2025 8:21:57 PM webapp.storage.AbstractStorage save
INFO: &amp#27;[32mSave dbd82ead-e4ce-4330-8ff8-e89ec275b151(uuid8525)
сент. 16, 2025 8:21:57 PM webapp.storage.AbstractStorage save
INFO: &amp#27;[32mSave 104b15e6-921a-48f7-84eb-8b4190232291(uuid8526)
сент. 16, 2025 8:21:57 PM webapp.storage.AbstractStorage save
INFO: &amp#27;[32mSave b5237c4b-ed25-428b-b7fc-cfcf81e4c383(uuid8527)
сент. 16, 2025 8:21:57 PM webapp.storage.AbstractStorage save
INFO: &amp#27;[32mSave fe33c1dc-cf6c-4e79-9884-ca895a242219(uuid8528)
сент. 16, 2025 8:21:57 PM webapp.storage.AbstractStorage save
INFO: &amp#27;[32mSave 3e12c0bd-bfcb-408a-9810-8468241c68ee(uuid8529)
сент. 16, 2025 8:21:57 PM webapp.storage.AbstractStorage save
INFO: &amp#27;[32mSave 1f914d8c-df86-44c9-8f79-23d30963ab2d(uuid8530)
сент. 16, 2025 8:21:57 PM webapp.storage.AbstractStorage save
INFO: &amp#27;[32mSave b5e428a8-c738-4429-a701-29d14cb864fb(uuid8531)
сент. 16, 2025 8:21:57 PM webapp.storage.AbstractStorage save
INFO: &amp#27;[32mSave 06f950be-c9dd-489c-b3ca-db93520c5686(uuid8532)
сент. 16, 2025 8:21:57 PM webapp.storage.AbstractStorage save
INFO: &amp#27;[32mSave 9ee20df0-006d-4f8e-bb5f-0d273932f3f7(uuid8533)
сент. 16, 2025 8:21:57 PM webapp.storage.AbstractStorage save
INFO: &amp#27;[32mSave 4dad95f1-1776-4767-adfb-81fa93fee6f8(uuid8534)
сент. 16, 2025 8:21:57 PM webapp.storage.AbstractStorage save
INFO: &amp#27;[32mSave 7402b353-e144-41bd-b802-a947f4bd3510(uuid8535)
сент. 16, 2025 8:21:57 PM webapp.storage.AbstractStorage save
INFO: &amp#27;[32mSave 4bb091b8-b16f-4123-98d8-cb4212c731a8(uuid8536)
сент. 16, 2025 8:21:57 PM webapp.storage.AbstractStorage save
INFO: &amp#27;[32mSave 53acfbe9-f5a7-43f4-831a-112c37d7f579(uuid8537)
сент. 16, 2025 8:21:57 PM webapp.storage.AbstractStorage save
INFO: &amp#27;[32mSave a00483fa-b778-4e35-ae42-7e215e67d706(uuid8538)
сент. 16, 2025 8:21:57 PM webapp.storage.AbstractStorage save
INFO: &amp#27;[32mSave 188200ad-a99f-4dcf-aa9e-ba7e3ea3a21e(uuid8539)
сент. 16, 2025 8:21:57 PM webapp.storage.AbstractStorage save
INFO: &amp#27;[32mSave 5dade609-0fe5-4d31-a5d2-267db4754d3c(uuid8540)
сент. 16, 2025 8:21:57 PM webapp.storage.AbstractStorage save
INFO: &amp#27;[32mSave 0fddd1de-407d-45b1-9634-7fde12432d28(uuid8541)
сент. 16, 2025 8:21:57 PM webapp.storage.AbstractStorage save
INFO: &amp#27;[32mSave 3e15057f-f6e2-4713-b403-e640cf76c086(uuid8542)
сент. 16, 2025 8:21:57 PM webapp.storage.AbstractStorage save
INFO: &amp#27;[32mSave 2134fb6c-7f87-488c-8b0f-5d011629cc21(uuid8543)
сент. 16, 2025 8:21:57 PM webapp.storage.AbstractStorage save
INFO: &amp#27;[32mSave 56626c53-c051-4c49-9fad-d113c5e3607e(uuid8544)
сент. 16, 2025 8:21:57 PM webapp.storage.AbstractStorage save
INFO: &amp#27;[32mSave fc7fb379-a6cb-419a-94c7-14110e90782e(uuid8545)
сент. 16, 2025 8:21:57 PM webapp.storage.AbstractStorage save
INFO: &amp#27;[32mSave 4e776221-1d31-4251-af6e-21a123032f61(uuid8546)
сент. 16, 2025 8:21:57 PM webapp.storage.AbstractStorage save
INFO: &amp#27;[32mSave 1e260c59-8704-4c28-947a-040e40beeefc(uuid8547)
сент. 16, 2025 8:21:57 PM webapp.storage.AbstractStorage save
INFO: &amp#27;[32mSave ddc7ac78-13f7-4904-8c2f-2d8d0b4e5641(uuid8548)
сент. 16, 2025 8:21:57 PM webapp.storage.AbstractStorage save
INFO: &amp#27;[32mSave e53482e2-ef40-4f2c-beda-8ad706361f6a(uuid8549)
сент. 16, 2025 8:21:57 PM webapp.storage.AbstractStorage save
INFO: &amp#27;[32mSave 10abb4df-2225-4afd-9675-41b791e4e7cc(uuid8550)
сент. 16, 2025 8:21:57 PM webapp.storage.AbstractStorage save
INFO: &amp#27;[32mSave f8bcd82f-0a10-470f-b50b-1a23561e0485(uuid8551)
сент. 16, 2025 8:21:57 PM webapp.storage.AbstractStorage save
INFO: &amp#27;[32mSave 4a32b2ea-2f3d-415f-a6c2-005834ea81ba(uuid8552)
сент. 16, 2025 8:21:57 PM webapp.storage.AbstractStorage save
INFO: &amp#27;[32mSave 40e39c91-34c5-4cc2-ba01-09fe0b08253a(uuid8553)
сент. 16, 2025 8:21:57 PM webapp.storage.AbstractStorage save
INFO: &amp#27;[32mSave 20b69e17-0adf-417b-a9ea-5e130f646151(uuid8554)
сент. 16, 2025 8:21:57 PM webapp.storage.AbstractStorage save
INFO: &amp#27;[32mSave c6e7b224-701a-4330-8ac9-96c1c245b75f(uuid8555)
сент. 16, 2025 8:21:57 PM webapp.storage.AbstractStorage save
INFO: &amp#27;[32mSave 5897e5a8-2696-4863-bf10-0b985f32f3a6(uuid8556)
сент. 16, 2025 8:21:57 PM webapp.storage.AbstractStorage save
INFO: &amp#27;[32mSave 0e4d066a-94b7-4012-a75c-e9990e188859(uuid8557)
сент. 16, 2025 8:21:57 PM webapp.storage.AbstractStorage save
INFO: &amp#27;[32mSave 94ee44e6-7588-4a23-ab78-570119246093(uuid8558)
сент. 16, 2025 8:21:57 PM webapp.storage.AbstractStorage save
INFO: &amp#27;[32mSave 4f5069db-f1cf-4ed0-87bd-3c2153a65bb1(uuid8559)
сент. 16, 2025 8:21:57 PM webapp.storage.AbstractStorage save
INFO: &amp#27;[32mSave b8c0b07f-4607-4c1d-8f09-c42161bd81cb(uuid8560)
сент. 16, 2025 8:21:57 PM webapp.storage.AbstractStorage save
INFO: &amp#27;[32mSave cacb955e-c882-4af3-b052-4dd77eb4627a(uuid8561)
сент. 16, 2025 8:21:57 PM webapp.storage.AbstractStorage save
INFO: &amp#27;[32mSave 31f5a209-90ec-43a9-b1d2-39b64458814f(uuid8562)
сент. 16, 2025 8:21:57 PM webapp.storage.AbstractStorage save
INFO: &amp#27;[32mSave 60623596-b1d6-4131-aa5a-9b386836816b(uuid8563)
сент. 16, 2025 8:21:57 PM webapp.storage.AbstractStorage save
INFO: &amp#27;[32mSave 21b74448-f013-4833-a41a-c7657fb1ea9a(uuid8564)
сент. 16, 2025 8:21:57 PM webapp.storage.AbstractStorage save
INFO: &amp#27;[32mSave 543d1d1b-a4f9-4419-a824-9cb80e479cde(uuid8565)
сент. 16, 2025 8:21:57 PM webapp.storage.AbstractStorage save
INFO: &amp#27;[32mSave 917a2a6c-28ed-4faf-849f-2e4850ae6e68(uuid8566)
сент. 16, 2025 8:21:57 PM webapp.storage.AbstractStorage save
INFO: &amp#27;[32mSave a3ae010e-95cd-4550-8345-168802861641(uuid8567)
сент. 16, 2025 8:21:57 PM webapp.storage.AbstractStorage save
INFO: &amp#27;[32mSave ad3f592c-f281-44fb-b948-4c4350734e1b(uuid8568)
сент. 16, 2025 8:21:57 PM webapp.storage.AbstractStorage save
INFO: &amp#27;[32mSave c7218a0f-45a8-4253-b4d2-e9a073311802(uuid8569)
сент. 16, 2025 8:21:57 PM webapp.storage.AbstractStorage save
INFO: &amp#27;[32mSave 6f06c3d0-b1fa-475b-854d-89c77f5b8cf2(uuid8570)
сент. 16, 2025 8:21:57 PM webapp.storage.AbstractStorage save
INFO: &amp#27;[32mSave cddb72c6-1fc6-43db-9fa6-abf84e78fef4(uuid8571)
сент. 16, 2025 8:21:57 PM webapp.storage.AbstractStorage save
INFO: &amp#27;[32mSave 289be5d4-1ed9-4a13-a761-5c440f9d2442(uuid8572)
сент. 16, 2025 8:21:57 PM webapp.storage.AbstractStorage save
INFO: &amp#27;[32mSave 58fa2d57-0640-420e-bd7c-4f7033f49d1b(uuid8573)
сент. 16, 2025 8:21:57 PM webapp.storage.AbstractStorage save
INFO: &amp#27;[32mSave b882655d-95e7-4057-868a-40a6cbaf7ea8(uuid8574)
сент. 16, 2025 8:21:57 PM webapp.storage.AbstractStorage save
INFO: &amp#27;[32mSave c5c11936-5a2c-4c84-b0aa-6cdde60aea66(uuid8575)
сент. 16, 2025 8:21:57 PM webapp.storage.AbstractStorage save
INFO: &amp#27;[32mSave 527424c3-f425-4fa1-82ed-23cb7fc1700b(uuid8576)
сент. 16, 2025 8:21:57 PM webapp.storage.AbstractStorage save
INFO: &amp#27;[32mSave 3070c6f3-1dd4-4d93-b9cd-8b2c7ae10135(uuid8577)
сент. 16, 2025 8:21:57 PM webapp.storage.AbstractStorage save
INFO: &amp#27;[32mSave 471a0489-9590-493c-accb-b90ed820973b(uuid8578)
сент. 16, 2025 8:21:57 PM webapp.storage.AbstractStorage save
INFO: &amp#27;[32mSave 8a377c2d-7940-4326-b961-4878eeea920e(uuid8579)
сент. 16, 2025 8:21:57 PM webapp.storage.AbstractStorage save
INFO: &amp#27;[32mSave 1b9980a4-1a37-493f-9564-86f1f1f2b398(uuid8580)
сент. 16, 2025 8:21:57 PM webapp.storage.AbstractStorage save
INFO: &amp#27;[32mSave 3ff70650-b90d-44d0-a3a2-6964fad8564d(uuid8581)
сент. 16, 2025 8:21:57 PM webapp.storage.AbstractStorage save
INFO: &amp#27;[32mSave 4246791d-f001-43b5-b1c6-94ec925b1e6b(uuid8582)
сент. 16, 2025 8:21:57 PM webapp.storage.AbstractStorage save
INFO: &amp#27;[32mSave f8385246-83be-4a13-abe3-f5ad90dbf5a8(uuid8583)
сент. 16, 2025 8:21:57 PM webapp.storage.AbstractStorage save
INFO: &amp#27;[32mSave 9caa993a-8446-47f3-82c1-8d988d17f95d(uuid8584)
сент. 16, 2025 8:21:57 PM webapp.storage.AbstractStorage save
INFO: &amp#27;[32mSave 9a4ba4e5-1bd5-4031-88f9-f5295fea9b2e(uuid8585)
сент. 16, 2025 8:21:57 PM webapp.storage.AbstractStorage save
INFO: &amp#27;[32mSave 523e1a4e-c1c5-44c9-8f61-6486b63dd210(uuid8586)
сент. 16, 2025 8:21:57 PM webapp.storage.AbstractStorage save
INFO: &amp#27;[32mSave a198af56-243a-4414-bebd-d2becc98ce15(uuid8587)
сент. 16, 2025 8:21:57 PM webapp.storage.AbstractStorage save
INFO: &amp#27;[32mSave 513e9664-2337-4d37-8303-2c3555011a22(uuid8588)
сент. 16, 2025 8:21:57 PM webapp.storage.AbstractStorage save
INFO: &amp#27;[32mSave fb883ad0-c8f4-44de-9443-9aa6e2780ab5(uuid8589)
сент. 16, 2025 8:21:57 PM webapp.storage.AbstractStorage save
INFO: &amp#27;[32mSave 1340b52d-0610-4ece-a4fe-bcf4284ac632(uuid8590)
сент. 16, 2025 8:21:57 PM webapp.storage.AbstractStorage save
INFO: &amp#27;[32mSave ee8500be-730e-438c-b041-c5066e21908c(uuid8591)
сент. 16, 2025 8:21:57 PM webapp.storage.AbstractStorage save
INFO: &amp#27;[32mSave eb5d60eb-d1c4-45d8-a051-e96938aa8093(uuid8592)
сент. 16, 2025 8:21:57 PM webapp.storage.AbstractStorage save
INFO: &amp#27;[32mSave 10e0adb4-b4f1-49de-b117-84a0893496dd(uuid8593)
сент. 16, 2025 8:21:57 PM webapp.storage.AbstractStorage save
INFO: &amp#27;[32mSave 7856d2c9-e61a-45e4-bba0-5a93d8629e92(uuid8594)
сент. 16, 2025 8:21:57 PM webapp.storage.AbstractStorage save
INFO: &amp#27;[32mSave d38ff449-c0c5-4aaa-ab8d-1329bbeb31ff(uuid8595)
сент. 16, 2025 8:21:57 PM webapp.storage.AbstractStorage save
INFO: &amp#27;[32mSave b42080cc-5e7b-4d7d-8340-7d4893ce6c1f(uuid8596)
сент. 16, 2025 8:21:57 PM webapp.storage.AbstractStorage save
INFO: &amp#27;[32mSave 23d2d0a0-94c9-4ff6-930b-5d9ff0eb6554(uuid8597)
сент. 16, 2025 8:21:57 PM webapp.storage.AbstractStorage save
INFO: &amp#27;[32mSave ddaa5aff-143a-4124-8582-677387660252(uuid8598)
сент. 16, 2025 8:21:57 PM webapp.storage.AbstractStorage save
INFO: &amp#27;[32mSave 55e1e3c5-b91a-4c76-afc4-8d97464c2eb6(uuid8599)
сент. 16, 2025 8:21:57 PM webapp.storage.AbstractStorage save
INFO: &amp#27;[32mSave 78051602-48f5-4aa2-963f-ff12700c867f(uuid8600)
сент. 16, 2025 8:21:57 PM webapp.storage.AbstractStorage save
INFO: &amp#27;[32mSave a3420678-d093-4ab1-be0e-ad6b0a867c6b(uuid8601)
сент. 16, 2025 8:21:57 PM webapp.storage.AbstractStorage save
INFO: &amp#27;[32mSave 27ce6c9f-515a-4167-a569-ff1cd93e4124(uuid8602)
сент. 16, 2025 8:21:57 PM webapp.storage.AbstractStorage save
INFO: &amp#27;[32mSave 6642e73c-a508-49f9-9832-d5b3ce4a93eb(uuid8603)
сент. 16, 2025 8:21:57 PM webapp.storage.AbstractStorage save
INFO: &amp#27;[32mSave 601a8bb0-7cbc-4c3c-bb47-4c0a27f9cf1b(uuid8604)
сент. 16, 2025 8:21:57 PM webapp.storage.AbstractStorage save
INFO: &amp#27;[32mSave eb3f181c-88c0-4d4e-833e-fd4ec2584783(uuid8605)
сент. 16, 2025 8:21:57 PM webapp.storage.AbstractStorage save
INFO: &amp#27;[32mSave 5896ae78-fa40-4f3b-b6e9-714d92e43540(uuid8606)
сент. 16, 2025 8:21:57 PM webapp.storage.AbstractStorage save
INFO: &amp#27;[32mSave 07b1dae9-7bdf-411b-b95a-eb7d2ced65e2(uuid8607)
сент. 16, 2025 8:21:57 PM webapp.storage.AbstractStorage save
INFO: &amp#27;[32mSave ec55506f-da7e-4120-9ec4-aa449316e750(uuid8608)
сент. 16, 2025 8:21:57 PM webapp.storage.AbstractStorage save
INFO: &amp#27;[32mSave af7e32c1-17e7-4130-b1ca-0f8878297f23(uuid8609)
сент. 16, 2025 8:21:57 PM webapp.storage.AbstractStorage save
INFO: &amp#27;[32mSave 9f4ac8f4-6fc4-4312-a332-fbabd08d069f(uuid8610)
сент. 16, 2025 8:21:57 PM webapp.storage.AbstractStorage save
INFO: &amp#27;[32mSave f46533e1-18ef-4c5a-a095-a2ba837dc2e8(uuid8611)
сент. 16, 2025 8:21:57 PM webapp.storage.AbstractStorage save
INFO: &amp#27;[32mSave de34ee4c-b804-48b1-973e-30e3ef24d1ef(uuid8612)
сент. 16, 2025 8:21:57 PM webapp.storage.AbstractStorage save
INFO: &amp#27;[32mSave e8861847-795c-4656-89a7-0a8bb179cac7(uuid8613)
сент. 16, 2025 8:21:57 PM webapp.storage.AbstractStorage save
INFO: &amp#27;[32mSave 41d0ce14-fb12-47b0-bcac-ada55cff63d5(uuid8614)
сент. 16, 2025 8:21:57 PM webapp.storage.AbstractStorage save
INFO: &amp#27;[32mSave 4ff87a43-728a-4acd-a5b0-35f0c49f19d9(uuid8615)
сент. 16, 2025 8:21:57 PM webapp.storage.AbstractStorage save
INFO: &amp#27;[32mSave 66bfa714-133d-4ca0-9b73-bd8c1dd40b0a(uuid8616)
сент. 16, 2025 8:21:57 PM webapp.storage.AbstractStorage save
INFO: &amp#27;[32mSave 83728244-f6f6-496a-bba7-b03bed507299(uuid8617)
сент. 16, 2025 8:21:57 PM webapp.storage.AbstractStorage save
INFO: &amp#27;[32mSave 70ecd520-8c76-429f-bc3a-82c3f4cc9db8(uuid8618)
сент. 16, 2025 8:21:57 PM webapp.storage.AbstractStorage save
INFO: &amp#27;[32mSave fa44e1b6-f0ba-4792-9900-464bb1b6a341(uuid8619)
сент. 16, 2025 8:21:57 PM webapp.storage.AbstractStorage save
INFO: &amp#27;[32mSave 859db4ad-1789-497a-b119-cf1346050b91(uuid8620)
сент. 16, 2025 8:21:57 PM webapp.storage.AbstractStorage save
INFO: &amp#27;[32mSave 5cf63a52-09f0-4761-997d-02fd3a593301(uuid8621)
сент. 16, 2025 8:21:57 PM webapp.storage.AbstractStorage save
INFO: &amp#27;[32mSave 0cbd2728-838d-4a26-b5d4-f34ae2b86324(uuid8622)
сент. 16, 2025 8:21:57 PM webapp.storage.AbstractStorage save
INFO: &amp#27;[32mSave a7136119-7fbd-4794-a065-8482f4b7fd17(uuid8623)
сент. 16, 2025 8:21:57 PM webapp.storage.AbstractStorage save
INFO: &amp#27;[32mSave 475baf64-c4e1-4069-9b35-3377f1b37467(uuid8624)
сент. 16, 2025 8:21:57 PM webapp.storage.AbstractStorage save
INFO: &amp#27;[32mSave d9af74de-a5ac-4c70-bbd3-472a9854614c(uuid8625)
сент. 16, 2025 8:21:57 PM webapp.storage.AbstractStorage save
INFO: &amp#27;[32mSave 0d50a6fc-cbce-4880-847c-adbe93e4f4a3(uuid8626)
сент. 16, 2025 8:21:57 PM webapp.storage.AbstractStorage save
INFO: &amp#27;[32mSave 94a47a4b-e478-4ec8-9f6c-812531e51d3f(uuid8627)
сент. 16, 2025 8:21:57 PM webapp.storage.AbstractStorage save
INFO: &amp#27;[32mSave 921f9b93-3135-4d80-bc58-8c9e10808f50(uuid8628)
сент. 16, 2025 8:21:57 PM webapp.storage.AbstractStorage save
INFO: &amp#27;[32mSave ff338b65-2839-4996-bfc6-b9151621eb41(uuid8629)
сент. 16, 2025 8:21:57 PM webapp.storage.AbstractStorage save
INFO: &amp#27;[32mSave 6f8ef06e-ef10-4382-a3d0-99b2c86e8da5(uuid8630)
сент. 16, 2025 8:21:57 PM webapp.storage.AbstractStorage save
INFO: &amp#27;[32mSave 786a90fc-acd1-45a4-bc1e-0e430cfdc600(uuid8631)
сент. 16, 2025 8:21:57 PM webapp.storage.AbstractStorage save
INFO: &amp#27;[32mSave a788cb3f-6339-4ba8-8b1a-0d51d7a4bc1c(uuid8632)
сент. 16, 2025 8:21:57 PM webapp.storage.AbstractStorage save
INFO: &amp#27;[32mSave 883fea04-b012-46c7-a94e-e56e791eaaa8(uuid8633)
сент. 16, 2025 8:21:57 PM webapp.storage.AbstractStorage save
INFO: &amp#27;[32mSave 57620eff-7ef5-44ca-9621-e8a3312235d1(uuid8634)
сент. 16, 2025 8:21:57 PM webapp.storage.AbstractStorage save
INFO: &amp#27;[32mSave 2931c612-2942-42e8-8413-39602047bf76(uuid8635)
сент. 16, 2025 8:21:57 PM webapp.storage.AbstractStorage save
INFO: &amp#27;[32mSave 0a19558b-d9cb-4313-a00c-2c35986cb1bd(uuid8636)
сент. 16, 2025 8:21:57 PM webapp.storage.AbstractStorage save
INFO: &amp#27;[32mSave cd61b1f4-3b68-49b7-aa61-bc843539722c(uuid8637)
сент. 16, 2025 8:21:57 PM webapp.storage.AbstractStorage save
INFO: &amp#27;[32mSave 6aada91e-14d8-4909-827a-97b19693af27(uuid8638)
сент. 16, 2025 8:21:57 PM webapp.storage.AbstractStorage save
INFO: &amp#27;[32mSave 1d4798ed-8c42-48ff-90f3-cd71818c7e63(uuid8639)
сент. 16, 2025 8:21:57 PM webapp.storage.AbstractStorage save
INFO: &amp#27;[32mSave 9e03aca0-b735-4f6a-bf27-68d124d6bd32(uuid8640)
сент. 16, 2025 8:21:57 PM webapp.storage.AbstractStorage save
INFO: &amp#27;[32mSave f0d7c6ef-c572-455b-b094-2584278d789c(uuid8641)
сент. 16, 2025 8:21:57 PM webapp.storage.AbstractStorage save
INFO: &amp#27;[32mSave c6dccd82-a877-4968-a2b8-d5f076c3261f(uuid8642)
сент. 16, 2025 8:21:57 PM webapp.storage.AbstractStorage save
INFO: &amp#27;[32mSave c2986e6b-58b9-4c25-aded-74ab4a01963d(uuid8643)
сент. 16, 2025 8:21:57 PM webapp.storage.AbstractStorage save
INFO: &amp#27;[32mSave 7a505104-4d96-4407-9b9f-bd26f5d50124(uuid8644)
сент. 16, 2025 8:21:57 PM webapp.storage.AbstractStorage save
INFO: &amp#27;[32mSave f1ea856c-bd17-47f9-8108-a2f61065ad00(uuid8645)
сент. 16, 2025 8:21:57 PM webapp.storage.AbstractStorage save
INFO: &amp#27;[32mSave f79daac8-a9fa-4733-a8f7-f15f0ae7e4a4(uuid8646)
сент. 16, 2025 8:21:57 PM webapp.storage.AbstractStorage save
INFO: &amp#27;[32mSave 3fadf280-0942-412d-8eee-d3abdb9ef7d7(uuid8647)
сент. 16, 2025 8:21:57 PM webapp.storage.AbstractStorage save
INFO: &amp#27;[32mSave 40a3c080-9620-4e58-be04-fafe3318d5fe(uuid8648)
сент. 16, 2025 8:21:57 PM webapp.storage.AbstractStorage save
INFO: &amp#27;[32mSave 51cb4f99-be71-4802-a87b-127f09395f0b(uuid8649)
сент. 16, 2025 8:21:57 PM webapp.storage.AbstractStorage save
INFO: &amp#27;[32mSave 03f377b3-90cc-4824-9eda-ab6239496c15(uuid8650)
сент. 16, 2025 8:21:57 PM webapp.storage.AbstractStorage save
INFO: &amp#27;[32mSave 075a1a13-13e4-4500-8593-237ca6d72fc3(uuid8651)
сент. 16, 2025 8:21:57 PM webapp.storage.AbstractStorage save
INFO: &amp#27;[32mSave 6f751cb4-eb2d-4916-94b7-bf2d9bb9e15d(uuid8652)
сент. 16, 2025 8:21:57 PM webapp.storage.AbstractStorage save
INFO: &amp#27;[32mSave 1b42615f-e237-4dc2-ba50-44a3fbad9f9e(uuid8653)
сент. 16, 2025 8:21:57 PM webapp.storage.AbstractStorage save
INFO: &amp#27;[32mSave ea312afd-4017-440a-9471-8cba0f6b53f4(uuid8654)
сент. 16, 2025 8:21:57 PM webapp.storage.AbstractStorage save
INFO: &amp#27;[32mSave 75e1c86b-8aa5-45bb-937b-226e46c97f1f(uuid8655)
сент. 16, 2025 8:21:57 PM webapp.storage.AbstractStorage save
INFO: &amp#27;[32mSave 0af57c99-63f8-4df0-883f-20ee6798d186(uuid8656)
сент. 16, 2025 8:21:57 PM webapp.storage.AbstractStorage save
INFO: &amp#27;[32mSave 59099b51-26ea-48a6-873e-6f21aacbc799(uuid8657)
сент. 16, 2025 8:21:57 PM webapp.storage.AbstractStorage save
INFO: &amp#27;[32mSave 0b18370a-4f79-4506-a25e-b0ae39294add(uuid8658)
сент. 16, 2025 8:21:57 PM webapp.storage.AbstractStorage save
INFO: &amp#27;[32mSave 88bd8767-051b-43a0-9c3f-3610b1eb2579(uuid8659)
сент. 16, 2025 8:21:57 PM webapp.storage.AbstractStorage save
INFO: &amp#27;[32mSave 51eb5e9d-0933-4860-b7f5-c3c86a7489aa(uuid8660)
сент. 16, 2025 8:21:57 PM webapp.storage.AbstractStorage save
INFO: &amp#27;[32mSave 4f8091f9-0726-411e-a699-b506dd575698(uuid8661)
сент. 16, 2025 8:21:57 PM webapp.storage.AbstractStorage save
INFO: &amp#27;[32mSave cfefa7b2-1838-4028-ba08-57b9e182738c(uuid8662)
сент. 16, 2025 8:21:57 PM webapp.storage.AbstractStorage save
INFO: &amp#27;[32mSave 6cb23f54-3453-455e-bb2c-b43ae64c9b92(uuid8663)
сент. 16, 2025 8:21:57 PM webapp.storage.AbstractStorage save
INFO: &amp#27;[32mSave 1c3ac981-ae0b-4115-88cc-49682bddbef9(uuid8664)
сент. 16, 2025 8:21:57 PM webapp.storage.AbstractStorage save
INFO: &amp#27;[32mSave 0f494949-ac4c-4f3c-abfb-a3e6f23c2951(uuid8665)
сент. 16, 2025 8:21:57 PM webapp.storage.AbstractStorage save
INFO: &amp#27;[32mSave 4abf9da9-aa1f-41cb-9a92-2f9333e067e2(uuid8666)
сент. 16, 2025 8:21:57 PM webapp.storage.AbstractStorage save
INFO: &amp#27;[32mSave 2cc430de-b2df-48b6-bb5a-0741597a4fb5(uuid8667)
сент. 16, 2025 8:21:57 PM webapp.storage.AbstractStorage save
INFO: &amp#27;[32mSave 41aab93f-794c-46e3-962e-f85713ee572d(uuid8668)
сент. 16, 2025 8:21:57 PM webapp.storage.AbstractStorage save
INFO: &amp#27;[32mSave 7ba10a1e-b912-4424-957d-6062ef9af754(uuid8669)
сент. 16, 2025 8:21:57 PM webapp.storage.AbstractStorage save
INFO: &amp#27;[32mSave 3dfbf343-479e-4e3b-9b47-1ddea956ef6d(uuid8670)
сент. 16, 2025 8:21:57 PM webapp.storage.AbstractStorage save
INFO: &amp#27;[32mSave b2a7b52a-2a35-4960-a7e6-eec342080488(uuid8671)
сент. 16, 2025 8:21:57 PM webapp.storage.AbstractStorage save
INFO: &amp#27;[32mSave 2d485aef-e170-468a-922d-a7f9b02084f9(uuid8672)
сент. 16, 2025 8:21:57 PM webapp.storage.AbstractStorage save
INFO: &amp#27;[32mSave f2ca9dc8-3249-474a-a259-8e8cecd3a4f0(uuid8673)
сент. 16, 2025 8:21:57 PM webapp.storage.AbstractStorage save
INFO: &amp#27;[32mSave a94b7d0c-b697-49ef-900b-1691b4aa83d8(uuid8674)
сент. 16, 2025 8:21:57 PM webapp.storage.AbstractStorage save
INFO: &amp#27;[32mSave ec67e52b-7794-4e76-9340-9adc7c8c79fd(uuid8675)
сент. 16, 2025 8:21:57 PM webapp.storage.AbstractStorage save
INFO: &amp#27;[32mSave 750b2a5c-d4b6-4b2c-9f1c-e31b9f3e1570(uuid8676)
сент. 16, 2025 8:21:57 PM webapp.storage.AbstractStorage save
INFO: &amp#27;[32mSave a18e5e08-ad6f-4fba-afae-c513ce98df74(uuid8677)
сент. 16, 2025 8:21:57 PM webapp.storage.AbstractStorage save
INFO: &amp#27;[32mSave 8da1e8a6-c2a0-4a3c-8888-4ee37c19fa9e(uuid8678)
сент. 16, 2025 8:21:57 PM webapp.storage.AbstractStorage save
INFO: &amp#27;[32mSave 6e30e999-88a1-4369-8693-0dcf8dffbb9e(uuid8679)
сент. 16, 2025 8:21:57 PM webapp.storage.AbstractStorage save
INFO: &amp#27;[32mSave 6d4d697c-1886-4d0d-9337-e1ea7fcfe271(uuid8680)
сент. 16, 2025 8:21:57 PM webapp.storage.AbstractStorage save
INFO: &amp#27;[32mSave 7b4a778e-c740-4fd9-a990-61df70cdd0b9(uuid8681)
сент. 16, 2025 8:21:57 PM webapp.storage.AbstractStorage save
INFO: &amp#27;[32mSave 30f813bd-e4ae-4eb4-bca3-48a7e65083db(uuid8682)
сент. 16, 2025 8:21:57 PM webapp.storage.AbstractStorage save
INFO: &amp#27;[32mSave 4dba626c-5af1-4e97-8f6f-ec4d403313de(uuid8683)
сент. 16, 2025 8:21:57 PM webapp.storage.AbstractStorage save
INFO: &amp#27;[32mSave c8c252d7-ca27-464f-9819-2d61cabfb064(uuid8684)
сент. 16, 2025 8:21:57 PM webapp.storage.AbstractStorage save
INFO: &amp#27;[32mSave 09e03a5d-60e7-4f47-9525-dc4c8e3e7736(uuid8685)
сент. 16, 2025 8:21:57 PM webapp.storage.AbstractStorage save
INFO: &amp#27;[32mSave 978c5203-1351-4fb0-b09c-6f81836a1d04(uuid8686)
сент. 16, 2025 8:21:57 PM webapp.storage.AbstractStorage save
INFO: &amp#27;[32mSave 6739f2ce-beea-46a2-94a4-00e9d1459752(uuid8687)
сент. 16, 2025 8:21:57 PM webapp.storage.AbstractStorage save
INFO: &amp#27;[32mSave c29a3479-e489-49c1-9493-54614de168d7(uuid8688)
сент. 16, 2025 8:21:57 PM webapp.storage.AbstractStorage save
INFO: &amp#27;[32mSave 78317c17-d00b-4cbd-ae00-6b252a086947(uuid8689)
сент. 16, 2025 8:21:57 PM webapp.storage.AbstractStorage save
INFO: &amp#27;[32mSave daa04a23-6a6d-46cc-b473-07ecf594560b(uuid8690)
сент. 16, 2025 8:21:57 PM webapp.storage.AbstractStorage save
INFO: &amp#27;[32mSave f551bfd5-de64-402a-b521-b9d773ec035b(uuid8691)
сент. 16, 2025 8:21:57 PM webapp.storage.AbstractStorage save
INFO: &amp#27;[32mSave 7fc1a675-3225-4e62-9f80-941913f12534(uuid8692)
сент. 16, 2025 8:21:57 PM webapp.storage.AbstractStorage save
INFO: &amp#27;[32mSave 43247ebd-d94c-43a3-bd44-e34a17eecd45(uuid8693)
сент. 16, 2025 8:21:57 PM webapp.storage.AbstractStorage save
INFO: &amp#27;[32mSave b35b4f5f-d29a-40d3-8828-5eb722568ce7(uuid8694)
сент. 16, 2025 8:21:57 PM webapp.storage.AbstractStorage save
INFO: &amp#27;[32mSave 93491658-474c-4fe7-9d5b-f0f9113e2eaf(uuid8695)
сент. 16, 2025 8:21:57 PM webapp.storage.AbstractStorage save
INFO: &amp#27;[32mSave ed7cde4d-0c51-40f5-b791-95a357f45b7f(uuid8696)
сент. 16, 2025 8:21:57 PM webapp.storage.AbstractStorage save
INFO: &amp#27;[32mSave 57dec578-884d-442f-95aa-b7d0cc4bd0d9(uuid8697)
сент. 16, 2025 8:21:57 PM webapp.storage.AbstractStorage save
INFO: &amp#27;[32mSave b0590790-da39-4ed0-bb45-624a7b980465(uuid8698)
сент. 16, 2025 8:21:57 PM webapp.storage.AbstractStorage save
INFO: &amp#27;[32mSave 00cf616c-b8e1-4e8f-b114-fe2509ecec06(uuid8699)
сент. 16, 2025 8:21:57 PM webapp.storage.AbstractStorage save
INFO: &amp#27;[32mSave 389fb0c1-bda2-43c7-b669-4aabb3908f2f(uuid8700)
сент. 16, 2025 8:21:57 PM webapp.storage.AbstractStorage save
INFO: &amp#27;[32mSave acaf1da4-8d3b-404c-b75a-03d55a177866(uuid8701)
сент. 16, 2025 8:21:57 PM webapp.storage.AbstractStorage save
INFO: &amp#27;[32mSave 9ae2943e-f2bd-4d91-9628-6ae6f7460c9d(uuid8702)
сент. 16, 2025 8:21:57 PM webapp.storage.AbstractStorage save
INFO: &amp#27;[32mSave a69429f8-e4c5-41ab-bcf0-137754812f1a(uuid8703)
сент. 16, 2025 8:21:57 PM webapp.storage.AbstractStorage save
INFO: &amp#27;[32mSave 931d21c7-95ef-4c36-b083-5183173801bd(uuid8704)
сент. 16, 2025 8:21:57 PM webapp.storage.AbstractStorage save
INFO: &amp#27;[32mSave 6d05854c-8bf2-42e3-9648-ab5ad76a53e2(uuid8705)
сент. 16, 2025 8:21:57 PM webapp.storage.AbstractStorage save
INFO: &amp#27;[32mSave 1542ac85-d05b-4b7f-8cab-978723edd706(uuid8706)
сент. 16, 2025 8:21:57 PM webapp.storage.AbstractStorage save
INFO: &amp#27;[32mSave 4a7949e8-25a2-49c0-88a4-60d4f46869d9(uuid8707)
сент. 16, 2025 8:21:57 PM webapp.storage.AbstractStorage save
INFO: &amp#27;[32mSave 92e681a3-767a-43ad-92ba-5137dffd2de5(uuid8708)
сент. 16, 2025 8:21:57 PM webapp.storage.AbstractStorage save
INFO: &amp#27;[32mSave 396b8b32-91d8-4c55-a5f8-3202eef2a0bb(uuid8709)
сент. 16, 2025 8:21:57 PM webapp.storage.AbstractStorage save
INFO: &amp#27;[32mSave 698238dc-c12e-447c-ba43-4ae36736ab2b(uuid8710)
сент. 16, 2025 8:21:57 PM webapp.storage.AbstractStorage save
INFO: &amp#27;[32mSave 75e35330-5213-4b71-bdc0-65b5fb6a22db(uuid8711)
сент. 16, 2025 8:21:57 PM webapp.storage.AbstractStorage save
INFO: &amp#27;[32mSave 7b4c382f-b531-481a-af2f-21f0a75370e6(uuid8712)
сент. 16, 2025 8:21:57 PM webapp.storage.AbstractStorage save
INFO: &amp#27;[32mSave f8dce2f8-bad8-452e-855c-a6947e6af598(uuid8713)
сент. 16, 2025 8:21:57 PM webapp.storage.AbstractStorage save
INFO: &amp#27;[32mSave b5c6e83a-fbdd-45e4-a768-b6e4f9fd1cc2(uuid8714)
сент. 16, 2025 8:21:57 PM webapp.storage.AbstractStorage save
INFO: &amp#27;[32mSave f412373b-80a4-4429-bb8d-d77a777b3495(uuid8715)
сент. 16, 2025 8:21:57 PM webapp.storage.AbstractStorage save
INFO: &amp#27;[32mSave f98ef8ae-0a2e-472e-a0b2-e8d9fd904a34(uuid8716)
сент. 16, 2025 8:21:57 PM webapp.storage.AbstractStorage save
INFO: &amp#27;[32mSave 428ce6d8-6ca4-45b6-a918-0b51559fcf8d(uuid8717)
сент. 16, 2025 8:21:57 PM webapp.storage.AbstractStorage save
INFO: &amp#27;[32mSave f278a0d0-be5c-45bf-8034-652d1dae5976(uuid8718)
сент. 16, 2025 8:21:57 PM webapp.storage.AbstractStorage save
INFO: &amp#27;[32mSave 45a9aacd-ed6f-44f0-99a7-207165481230(uuid8719)
сент. 16, 2025 8:21:57 PM webapp.storage.AbstractStorage save
INFO: &amp#27;[32mSave 092e39d1-d7a5-400a-a8a3-b1964d9a9860(uuid8720)
сент. 16, 2025 8:21:57 PM webapp.storage.AbstractStorage save
INFO: &amp#27;[32mSave 401f2f63-3cf0-49b8-8429-5b73dad04311(uuid8721)
сент. 16, 2025 8:21:57 PM webapp.storage.AbstractStorage save
INFO: &amp#27;[32mSave 5ae431fb-2c40-47a5-be66-404f355d90bb(uuid8722)
сент. 16, 2025 8:21:57 PM webapp.storage.AbstractStorage save
INFO: &amp#27;[32mSave 8db23a34-d19a-4824-b80f-14c007493bb8(uuid8723)
сент. 16, 2025 8:21:57 PM webapp.storage.AbstractStorage save
INFO: &amp#27;[32mSave 279ea687-2a50-4d05-a20e-6a34e90e2390(uuid8724)
сент. 16, 2025 8:21:57 PM webapp.storage.AbstractStorage save
INFO: &amp#27;[32mSave 4252ae61-5ac5-48a1-afe6-0120fa2bdfa2(uuid8725)
сент. 16, 2025 8:21:57 PM webapp.storage.AbstractStorage save
INFO: &amp#27;[32mSave d4e0f0f9-b147-460d-bfd5-a9df35172752(uuid8726)
сент. 16, 2025 8:21:57 PM webapp.storage.AbstractStorage save
INFO: &amp#27;[32mSave b0e54b56-4f86-4a4e-b352-2643769ae4b7(uuid8727)
сент. 16, 2025 8:21:57 PM webapp.storage.AbstractStorage save
INFO: &amp#27;[32mSave 706ce87f-de36-4e4a-a496-c2f1112dc063(uuid8728)
сент. 16, 2025 8:21:57 PM webapp.storage.AbstractStorage save
INFO: &amp#27;[32mSave 4aea2b27-15f0-4f0b-88eb-a5921f3db261(uuid8729)
сент. 16, 2025 8:21:57 PM webapp.storage.AbstractStorage save
INFO: &amp#27;[32mSave 59ad805d-56e6-4443-b423-cb39f20af660(uuid8730)
сент. 16, 2025 8:21:57 PM webapp.storage.AbstractStorage save
INFO: &amp#27;[32mSave 3f7a0273-053f-4f1b-b33f-bfa3a1b717c2(uuid8731)
сент. 16, 2025 8:21:57 PM webapp.storage.AbstractStorage save
INFO: &amp#27;[32mSave dc8700f9-a055-443f-a577-2c3f2b89b67b(uuid8732)
сент. 16, 2025 8:21:57 PM webapp.storage.AbstractStorage save
INFO: &amp#27;[32mSave 329b90b0-b4e1-426b-889e-8deab819c199(uuid8733)
сент. 16, 2025 8:21:57 PM webapp.storage.AbstractStorage save
INFO: &amp#27;[32mSave 215f4493-5769-4042-b7aa-5b3cf6ceab1c(uuid8734)
сент. 16, 2025 8:21:57 PM webapp.storage.AbstractStorage save
INFO: &amp#27;[32mSave 49f4691e-58a7-4224-8576-7078b1d7bcc8(uuid8735)
сент. 16, 2025 8:21:57 PM webapp.storage.AbstractStorage save
INFO: &amp#27;[32mSave d074dcdc-a901-479d-8cf7-3408a7666039(uuid8736)
сент. 16, 2025 8:21:57 PM webapp.storage.AbstractStorage save
INFO: &amp#27;[32mSave 81e2b115-c3fe-41cd-ac6b-a3482d0cd79c(uuid8737)
сент. 16, 2025 8:21:57 PM webapp.storage.AbstractStorage save
INFO: &amp#27;[32mSave 4a74e37d-dc87-4919-873b-3f9cb23a09a6(uuid8738)
сент. 16, 2025 8:21:57 PM webapp.storage.AbstractStorage save
INFO: &amp#27;[32mSave ecd675a1-ebff-4586-a1ed-d6471bb8d696(uuid8739)
сент. 16, 2025 8:21:57 PM webapp.storage.AbstractStorage save
INFO: &amp#27;[32mSave eabbed37-9a6d-4ea2-ad50-da06d62f0ede(uuid8740)
сент. 16, 2025 8:21:57 PM webapp.storage.AbstractStorage save
INFO: &amp#27;[32mSave f8905baa-e48d-4020-9590-e6294eb1aa8e(uuid8741)
сент. 16, 2025 8:21:57 PM webapp.storage.AbstractStorage save
INFO: &amp#27;[32mSave 4deabc76-59d0-4bcb-a328-3995f51fa876(uuid8742)
сент. 16, 2025 8:21:57 PM webapp.storage.AbstractStorage save
INFO: &amp#27;[32mSave 8dac95c9-697c-4d0f-baa9-a4bca2f1a4df(uuid8743)
сент. 16, 2025 8:21:57 PM webapp.storage.AbstractStorage save
INFO: &amp#27;[32mSave d3ce854a-4608-4583-8c35-773f6e44d47b(uuid8744)
сент. 16, 2025 8:21:57 PM webapp.storage.AbstractStorage save
INFO: &amp#27;[32mSave 6da05637-6123-45ef-a034-abebda6cee7b(uuid8745)
сент. 16, 2025 8:21:57 PM webapp.storage.AbstractStorage save
INFO: &amp#27;[32mSave 61148a8e-6235-4d04-9a45-f1fe388b7a03(uuid8746)
сент. 16, 2025 8:21:57 PM webapp.storage.AbstractStorage save
INFO: &amp#27;[32mSave d13dfa74-16de-4590-a4ce-28658f3f77db(uuid8747)
сент. 16, 2025 8:21:57 PM webapp.storage.AbstractStorage save
INFO: &amp#27;[32mSave 8c84b029-fc50-486a-9136-a89d2022608f(uuid8748)
сент. 16, 2025 8:21:57 PM webapp.storage.AbstractStorage save
INFO: &amp#27;[32mSave 4c4c24a6-a0e2-4e68-b9d7-386efeded2c7(uuid8749)
сент. 16, 2025 8:21:57 PM webapp.storage.AbstractStorage save
INFO: &amp#27;[32mSave 6e72c2d1-192b-4e23-ba6d-ee2325a0d017(uuid8750)
сент. 16, 2025 8:21:57 PM webapp.storage.AbstractStorage save
INFO: &amp#27;[32mSave f66c49d1-0d9d-4bc0-94f1-6780a5dcf19c(uuid8751)
сент. 16, 2025 8:21:57 PM webapp.storage.AbstractStorage save
INFO: &amp#27;[32mSave bc808d0c-580a-4c84-bc4a-99dd94e26f43(uuid8752)
сент. 16, 2025 8:21:57 PM webapp.storage.AbstractStorage save
INFO: &amp#27;[32mSave f38cb8a0-d2e7-4ea7-9366-5a50a858969c(uuid8753)
сент. 16, 2025 8:21:57 PM webapp.storage.AbstractStorage save
INFO: &amp#27;[32mSave 4ed3629a-e99f-4735-b0ae-08d68b4f73be(uuid8754)
сент. 16, 2025 8:21:57 PM webapp.storage.AbstractStorage save
INFO: &amp#27;[32mSave 4a380b68-4039-4003-8629-ba8498b4d5cf(uuid8755)
сент. 16, 2025 8:21:57 PM webapp.storage.AbstractStorage save
INFO: &amp#27;[32mSave bfeac306-9492-4b6f-8cbc-3d6a4f69c4b9(uuid8756)
сент. 16, 2025 8:21:57 PM webapp.storage.AbstractStorage save
INFO: &amp#27;[32mSave 20be49f1-e903-4c2e-a3e4-7f1a06a5772b(uuid8757)
сент. 16, 2025 8:21:57 PM webapp.storage.AbstractStorage save
INFO: &amp#27;[32mSave 9907a591-26d6-40bc-91bb-1662036723d3(uuid8758)
сент. 16, 2025 8:21:57 PM webapp.storage.AbstractStorage save
INFO: &amp#27;[32mSave 92859069-0e0d-46fa-bea2-8a92faca76a2(uuid8759)
сент. 16, 2025 8:21:57 PM webapp.storage.AbstractStorage save
INFO: &amp#27;[32mSave bf0f027e-93a9-44e7-bd13-3640828d4be9(uuid8760)
сент. 16, 2025 8:21:57 PM webapp.storage.AbstractStorage save
INFO: &amp#27;[32mSave 592aaac1-b12b-4200-b72f-51fc9a32b00f(uuid8761)
сент. 16, 2025 8:21:57 PM webapp.storage.AbstractStorage save
INFO: &amp#27;[32mSave 1e6cfa03-eb68-48f3-8e89-81b081041d82(uuid8762)
сент. 16, 2025 8:21:57 PM webapp.storage.AbstractStorage save
INFO: &amp#27;[32mSave e643576e-4184-4440-8f57-e0c26a7cb470(uuid8763)
сент. 16, 2025 8:21:57 PM webapp.storage.AbstractStorage save
INFO: &amp#27;[32mSave 61e791d1-1c3e-4ff7-8296-df7c06a97a33(uuid8764)
сент. 16, 2025 8:21:57 PM webapp.storage.AbstractStorage save
INFO: &amp#27;[32mSave c91bbb83-dc74-458c-b3be-877523159309(uuid8765)
сент. 16, 2025 8:21:57 PM webapp.storage.AbstractStorage save
INFO: &amp#27;[32mSave 93b6513e-be35-49d5-a656-b8a5bd754472(uuid8766)
сент. 16, 2025 8:21:57 PM webapp.storage.AbstractStorage save
INFO: &amp#27;[32mSave c0c77c0d-f4b2-45cc-a050-3dbfb0b76935(uuid8767)
сент. 16, 2025 8:21:57 PM webapp.storage.AbstractStorage save
INFO: &amp#27;[32mSave b393a26b-12ef-4a87-a733-f17e76699c17(uuid8768)
сент. 16, 2025 8:21:57 PM webapp.storage.AbstractStorage save
INFO: &amp#27;[32mSave 0945acc0-b6eb-4ee5-aea2-6a22ec3f3008(uuid8769)
сент. 16, 2025 8:21:57 PM webapp.storage.AbstractStorage save
INFO: &amp#27;[32mSave fad9fd4f-fd6d-4f55-901f-8cd0ad86d2d4(uuid8770)
сент. 16, 2025 8:21:57 PM webapp.storage.AbstractStorage save
INFO: &amp#27;[32mSave e121caf9-cbe4-4833-af6c-e41094bccce1(uuid8771)
сент. 16, 2025 8:21:57 PM webapp.storage.AbstractStorage save
INFO: &amp#27;[32mSave dd5cee7c-7337-4b59-8f64-977e877a5206(uuid8772)
сент. 16, 2025 8:21:57 PM webapp.storage.AbstractStorage save
INFO: &amp#27;[32mSave 9bde1a69-fc18-4762-ac63-68719a8aa942(uuid8773)
сент. 16, 2025 8:21:57 PM webapp.storage.AbstractStorage save
INFO: &amp#27;[32mSave 25d0cf08-ada7-4adf-b268-8e34bef6df82(uuid8774)
сент. 16, 2025 8:21:57 PM webapp.storage.AbstractStorage save
INFO: &amp#27;[32mSave 3de9229c-c44c-4ec8-aa02-52793062dfe9(uuid8775)
сент. 16, 2025 8:21:57 PM webapp.storage.AbstractStorage save
INFO: &amp#27;[32mSave 9e164655-d806-4b9b-ab6c-91aa140fb617(uuid8776)
сент. 16, 2025 8:21:57 PM webapp.storage.AbstractStorage save
INFO: &amp#27;[32mSave 856c3a8a-679e-473d-989c-058373b6d2be(uuid8777)
сент. 16, 2025 8:21:57 PM webapp.storage.AbstractStorage save
INFO: &amp#27;[32mSave 4b528ea2-7e80-4127-8c38-c14aa8b0eb93(uuid8778)
сент. 16, 2025 8:21:57 PM webapp.storage.AbstractStorage save
INFO: &amp#27;[32mSave c1d8dbce-de39-4793-9d24-7d2389a0a9fa(uuid8779)
сент. 16, 2025 8:21:57 PM webapp.storage.AbstractStorage save
INFO: &amp#27;[32mSave 35d71119-8db7-4ddb-8de6-598f1428b1c7(uuid8780)
сент. 16, 2025 8:21:57 PM webapp.storage.AbstractStorage save
INFO: &amp#27;[32mSave b569a4ad-d694-4964-aabb-f59e695211e5(uuid8781)
сент. 16, 2025 8:21:57 PM webapp.storage.AbstractStorage save
INFO: &amp#27;[32mSave 6dc90686-264b-45ce-bb11-81535162da40(uuid8782)
сент. 16, 2025 8:21:57 PM webapp.storage.AbstractStorage save
INFO: &amp#27;[32mSave 56719941-14a5-47f7-8ae4-183513325f92(uuid8783)
сент. 16, 2025 8:21:57 PM webapp.storage.AbstractStorage save
INFO: &amp#27;[32mSave 17363b97-4f09-41ec-9630-e23829921adf(uuid8784)
сент. 16, 2025 8:21:57 PM webapp.storage.AbstractStorage save
INFO: &amp#27;[32mSave 3b005a77-d88b-4ff8-87e3-0dd19d3017b8(uuid8785)
сент. 16, 2025 8:21:57 PM webapp.storage.AbstractStorage save
INFO: &amp#27;[32mSave 818eba34-e28c-4dd6-93aa-6e6cc19e96cb(uuid8786)
сент. 16, 2025 8:21:57 PM webapp.storage.AbstractStorage save
INFO: &amp#27;[32mSave d4004b18-acd7-43ab-9f51-d2cabbce61d2(uuid8787)
сент. 16, 2025 8:21:57 PM webapp.storage.AbstractStorage save
INFO: &amp#27;[32mSave fdb5d831-c83e-46f0-b7d8-a23495bb90fa(uuid8788)
сент. 16, 2025 8:21:57 PM webapp.storage.AbstractStorage save
INFO: &amp#27;[32mSave 73656589-0194-4ab4-add0-2f9dea93613e(uuid8789)
сент. 16, 2025 8:21:57 PM webapp.storage.AbstractStorage save
INFO: &amp#27;[32mSave 476c36fe-3fdb-4b64-ba30-69f3122d5574(uuid8790)
сент. 16, 2025 8:21:57 PM webapp.storage.AbstractStorage save
INFO: &amp#27;[32mSave 75ba7111-ade6-46cf-bc95-1e80f29bbbed(uuid8791)
сент. 16, 2025 8:21:57 PM webapp.storage.AbstractStorage save
INFO: &amp#27;[32mSave 9d42f055-5d61-431a-a63d-d5b71de03753(uuid8792)
сент. 16, 2025 8:21:57 PM webapp.storage.AbstractStorage save
INFO: &amp#27;[32mSave c55ec991-8050-4f13-ab0a-248d716120bf(uuid8793)
сент. 16, 2025 8:21:57 PM webapp.storage.AbstractStorage save
INFO: &amp#27;[32mSave 851d263a-7937-4be5-847b-377864698650(uuid8794)
сент. 16, 2025 8:21:57 PM webapp.storage.AbstractStorage save
INFO: &amp#27;[32mSave 68bba84d-a1f0-4bd6-b648-e05c443ba82b(uuid8795)
сент. 16, 2025 8:21:57 PM webapp.storage.AbstractStorage save
INFO: &amp#27;[32mSave 997780d6-d772-4a6f-9df8-f3358d51cec8(uuid8796)
сент. 16, 2025 8:21:57 PM webapp.storage.AbstractStorage save
INFO: &amp#27;[32mSave a12ee87f-4d38-4490-afd8-88ba645689b1(uuid8797)
сент. 16, 2025 8:21:57 PM webapp.storage.AbstractStorage save
INFO: &amp#27;[32mSave a28378a6-b4dc-4492-b34c-fe6fb7d5c14d(uuid8798)
сент. 16, 2025 8:21:57 PM webapp.storage.AbstractStorage save
INFO: &amp#27;[32mSave 9b1b39e5-8281-447c-9ba3-ac0a24bf6490(uuid8799)
сент. 16, 2025 8:21:57 PM webapp.storage.AbstractStorage save
INFO: &amp#27;[32mSave 65ab696f-503d-4045-a39e-8de4820a2fd1(uuid8800)
сент. 16, 2025 8:21:57 PM webapp.storage.AbstractStorage save
INFO: &amp#27;[32mSave 89a7b1e8-0231-452c-a7ca-1acf0020c0dd(uuid8801)
сент. 16, 2025 8:21:57 PM webapp.storage.AbstractStorage save
INFO: &amp#27;[32mSave 6a35bb8c-fd49-46e6-9057-2fb53035bc93(uuid8802)
сент. 16, 2025 8:21:57 PM webapp.storage.AbstractStorage save
INFO: &amp#27;[32mSave fa10a1d4-bbf7-4811-b332-4f1b4ebfc9c2(uuid8803)
сент. 16, 2025 8:21:57 PM webapp.storage.AbstractStorage save
INFO: &amp#27;[32mSave d640d6db-e81f-4938-85fe-a717736d7318(uuid8804)
сент. 16, 2025 8:21:57 PM webapp.storage.AbstractStorage save
INFO: &amp#27;[32mSave 8321baee-4c10-4d44-8d82-ba27cf35c469(uuid8805)
сент. 16, 2025 8:21:57 PM webapp.storage.AbstractStorage save
INFO: &amp#27;[32mSave 4c5dc621-da32-4870-bc89-6b7a6b3ca256(uuid8806)
сент. 16, 2025 8:21:57 PM webapp.storage.AbstractStorage save
INFO: &amp#27;[32mSave fb06f83c-e401-48b4-8c90-1dd248921c36(uuid8807)
сент. 16, 2025 8:21:57 PM webapp.storage.AbstractStorage save
INFO: &amp#27;[32mSave 7677360c-6e54-4ff0-aba4-35803dbefc3e(uuid8808)
сент. 16, 2025 8:21:57 PM webapp.storage.AbstractStorage save
INFO: &amp#27;[32mSave 8e368d83-d4c8-47a9-a0a3-e1b0e686a07d(uuid8809)
сент. 16, 2025 8:21:57 PM webapp.storage.AbstractStorage save
INFO: &amp#27;[32mSave 4206fd3c-94d0-4d27-962e-7b8211296577(uuid8810)
сент. 16, 2025 8:21:57 PM webapp.storage.AbstractStorage save
INFO: &amp#27;[32mSave ba5c1146-5d95-4b84-95e6-d10d353d2593(uuid8811)
сент. 16, 2025 8:21:57 PM webapp.storage.AbstractStorage save
INFO: &amp#27;[32mSave 218abb81-0325-4aa4-9f0f-5548705c9800(uuid8812)
сент. 16, 2025 8:21:57 PM webapp.storage.AbstractStorage save
INFO: &amp#27;[32mSave 62545622-4d6a-4903-979d-16a957f5a138(uuid8813)
сент. 16, 2025 8:21:57 PM webapp.storage.AbstractStorage save
INFO: &amp#27;[32mSave eeabc7ae-afe8-4720-b03d-3a9537d01144(uuid8814)
сент. 16, 2025 8:21:57 PM webapp.storage.AbstractStorage save
INFO: &amp#27;[32mSave d3f3ba25-3a9e-49f7-8984-2cd35ab158d2(uuid8815)
сент. 16, 2025 8:21:57 PM webapp.storage.AbstractStorage save
INFO: &amp#27;[32mSave 27074c34-f1fc-4e5f-8336-bea6597e191b(uuid8816)
сент. 16, 2025 8:21:57 PM webapp.storage.AbstractStorage save
INFO: &amp#27;[32mSave e8ad6037-da46-470b-94bd-0042c6fa15db(uuid8817)
сент. 16, 2025 8:21:57 PM webapp.storage.AbstractStorage save
INFO: &amp#27;[32mSave 87d466d7-c355-468f-9d3e-62fbe6f2e462(uuid8818)
сент. 16, 2025 8:21:57 PM webapp.storage.AbstractStorage save
INFO: &amp#27;[32mSave 2586c1c2-8b03-441d-8033-8fb02b9bef2f(uuid8819)
сент. 16, 2025 8:21:57 PM webapp.storage.AbstractStorage save
INFO: &amp#27;[32mSave ed26273f-370b-4729-8030-9fc921e37775(uuid8820)
сент. 16, 2025 8:21:57 PM webapp.storage.AbstractStorage save
INFO: &amp#27;[32mSave 88e9f6c5-2b8f-45a7-ac86-e5701cbe4044(uuid8821)
сент. 16, 2025 8:21:57 PM webapp.storage.AbstractStorage save
INFO: &amp#27;[32mSave e7c871b1-1ee4-4c16-9391-e5dbaee57204(uuid8822)
сент. 16, 2025 8:21:57 PM webapp.storage.AbstractStorage save
INFO: &amp#27;[32mSave e12ec47b-1790-422b-8dbc-c7ecdd8c0986(uuid8823)
сент. 16, 2025 8:21:57 PM webapp.storage.AbstractStorage save
INFO: &amp#27;[32mSave fe9d298e-c3e2-4efd-8a9f-c96ba00232ea(uuid8824)
сент. 16, 2025 8:21:57 PM webapp.storage.AbstractStorage save
INFO: &amp#27;[32mSave 8418577b-e8df-44e6-9365-e5ebe61072f1(uuid8825)
сент. 16, 2025 8:21:57 PM webapp.storage.AbstractStorage save
INFO: &amp#27;[32mSave cf3e1172-e46b-4b32-833b-ead94e5a1f75(uuid8826)
сент. 16, 2025 8:21:57 PM webapp.storage.AbstractStorage save
INFO: &amp#27;[32mSave 517984a4-1afe-4054-813c-7b9d6521aa84(uuid8827)
сент. 16, 2025 8:21:57 PM webapp.storage.AbstractStorage save
INFO: &amp#27;[32mSave ad21546a-ae50-454b-ae28-a1eee6f735ad(uuid8828)
сент. 16, 2025 8:21:57 PM webapp.storage.AbstractStorage save
INFO: &amp#27;[32mSave 0c9bebee-c24c-47c7-a99d-313b6a6adff9(uuid8829)
сент. 16, 2025 8:21:57 PM webapp.storage.AbstractStorage save
INFO: &amp#27;[32mSave 5bd77940-003a-4c50-afcc-fda0a2d6836d(uuid8830)
сент. 16, 2025 8:21:57 PM webapp.storage.AbstractStorage save
INFO: &amp#27;[32mSave 0b9919c2-fd0b-44f3-971b-0681013d62d3(uuid8831)
сент. 16, 2025 8:21:57 PM webapp.storage.AbstractStorage save
INFO: &amp#27;[32mSave ccafb5f3-1960-4510-8ec0-998146df3c9f(uuid8832)
сент. 16, 2025 8:21:57 PM webapp.storage.AbstractStorage save
INFO: &amp#27;[32mSave 3b72447d-fb9c-4d39-8b07-7f4147cb26c0(uuid8833)
сент. 16, 2025 8:21:57 PM webapp.storage.AbstractStorage save
INFO: &amp#27;[32mSave ca4493dc-aa54-4d80-9b6e-6957e3311d58(uuid8834)
сент. 16, 2025 8:21:57 PM webapp.storage.AbstractStorage save
INFO: &amp#27;[32mSave b72a19c5-262f-4226-9365-5102f541ee23(uuid8835)
сент. 16, 2025 8:21:57 PM webapp.storage.AbstractStorage save
INFO: &amp#27;[32mSave daf9f03b-c392-47db-9f3d-28a8a5ebdeb7(uuid8836)
сент. 16, 2025 8:21:57 PM webapp.storage.AbstractStorage save
INFO: &amp#27;[32mSave 9097a89b-f400-4260-955b-4ebbf39560ee(uuid8837)
сент. 16, 2025 8:21:57 PM webapp.storage.AbstractStorage save
INFO: &amp#27;[32mSave 6f62b585-6770-452d-8284-c75399b8942d(uuid8838)
сент. 16, 2025 8:21:57 PM webapp.storage.AbstractStorage save
INFO: &amp#27;[32mSave 95956175-532c-4803-8d9e-60e1f3a36042(uuid8839)
сент. 16, 2025 8:21:57 PM webapp.storage.AbstractStorage save
INFO: &amp#27;[32mSave 1a388c1f-2bb5-4a2a-8be7-7dff711bb136(uuid8840)
сент. 16, 2025 8:21:57 PM webapp.storage.AbstractStorage save
INFO: &amp#27;[32mSave 5680504f-f2d5-4b45-a8b3-51d7067b1e8c(uuid8841)
сент. 16, 2025 8:21:57 PM webapp.storage.AbstractStorage save
INFO: &amp#27;[32mSave 69255e38-f8d7-4569-86c0-ac4acf7c8f08(uuid8842)
сент. 16, 2025 8:21:57 PM webapp.storage.AbstractStorage save
INFO: &amp#27;[32mSave f0c0b365-b8fc-4ceb-b3cc-099766e584fd(uuid8843)
сент. 16, 2025 8:21:57 PM webapp.storage.AbstractStorage save
INFO: &amp#27;[32mSave 1f4eba81-d04f-4669-bb7c-c50f3797e0fc(uuid8844)
сент. 16, 2025 8:21:57 PM webapp.storage.AbstractStorage save
INFO: &amp#27;[32mSave 59ed5454-4d1a-42a5-b764-9e4d1318ac3e(uuid8845)
сент. 16, 2025 8:21:57 PM webapp.storage.AbstractStorage save
INFO: &amp#27;[32mSave 729d35b8-4746-4724-98d3-eba3abea1831(uuid8846)
сент. 16, 2025 8:21:57 PM webapp.storage.AbstractStorage save
INFO: &amp#27;[32mSave 12a09630-2565-4b65-85c2-c75ac8d2e6f4(uuid8847)
сент. 16, 2025 8:21:57 PM webapp.storage.AbstractStorage save
INFO: &amp#27;[32mSave 3b6e7fac-2b0a-4306-8f70-db8f28c171d5(uuid8848)
сент. 16, 2025 8:21:57 PM webapp.storage.AbstractStorage save
INFO: &amp#27;[32mSave 0a562f28-b6a5-4fa2-a2dd-3f69c7e83527(uuid8849)
сент. 16, 2025 8:21:57 PM webapp.storage.AbstractStorage save
INFO: &amp#27;[32mSave d2c4fee7-2432-4921-b9b6-a6d3b999b702(uuid8850)
сент. 16, 2025 8:21:57 PM webapp.storage.AbstractStorage save
INFO: &amp#27;[32mSave 8450440a-0950-488a-a3cd-df61328c2ee5(uuid8851)
сент. 16, 2025 8:21:57 PM webapp.storage.AbstractStorage save
INFO: &amp#27;[32mSave 4f2413e3-e23b-404e-aadc-e75d6e00cdc7(uuid8852)
сент. 16, 2025 8:21:57 PM webapp.storage.AbstractStorage save
INFO: &amp#27;[32mSave 2768942f-cd9a-42e9-aa7a-5f0117baf231(uuid8853)
сент. 16, 2025 8:21:57 PM webapp.storage.AbstractStorage save
INFO: &amp#27;[32mSave 03727680-7e42-4e03-b71d-5df9d64596f4(uuid8854)
сент. 16, 2025 8:21:57 PM webapp.storage.AbstractStorage save
INFO: &amp#27;[32mSave 544a9590-a45b-4247-a429-b302c34705a9(uuid8855)
сент. 16, 2025 8:21:57 PM webapp.storage.AbstractStorage save
INFO: &amp#27;[32mSave d03c3f21-aba0-4af1-9f6f-c96dd32976ec(uuid8856)
сент. 16, 2025 8:21:57 PM webapp.storage.AbstractStorage save
INFO: &amp#27;[32mSave b3fd1f3c-43d7-475f-99e9-fbced1de9c20(uuid8857)
сент. 16, 2025 8:21:57 PM webapp.storage.AbstractStorage save
INFO: &amp#27;[32mSave 2fdf5639-8de4-4aa3-af10-1801a982d396(uuid8858)
сент. 16, 2025 8:21:57 PM webapp.storage.AbstractStorage save
INFO: &amp#27;[32mSave 21e853b1-8338-4c77-af8c-8ad910c56f89(uuid8859)
сент. 16, 2025 8:21:57 PM webapp.storage.AbstractStorage save
INFO: &amp#27;[32mSave 03930d36-a577-4bdd-aad4-fd95d5961ef2(uuid8860)
сент. 16, 2025 8:21:57 PM webapp.storage.AbstractStorage save
INFO: &amp#27;[32mSave 90a89cdd-2d58-466a-b573-f0b9da14beec(uuid8861)
сент. 16, 2025 8:21:57 PM webapp.storage.AbstractStorage save
INFO: &amp#27;[32mSave 9ddf908f-c28d-48d3-b007-62319530530f(uuid8862)
сент. 16, 2025 8:21:57 PM webapp.storage.AbstractStorage save
INFO: &amp#27;[32mSave 1c645bcb-3fb1-4f1d-82d0-217269c3981e(uuid8863)
сент. 16, 2025 8:21:57 PM webapp.storage.AbstractStorage save
INFO: &amp#27;[32mSave 3a8cd92a-f0cc-4c34-bd37-1f45e2531ca9(uuid8864)
сент. 16, 2025 8:21:57 PM webapp.storage.AbstractStorage save
INFO: &amp#27;[32mSave 80d0a5a2-6e50-474f-89ec-787ec364c2f9(uuid8865)
сент. 16, 2025 8:21:57 PM webapp.storage.AbstractStorage save
INFO: &amp#27;[32mSave 402e5fa9-4b48-48d6-99be-97a8c8f0c1f1(uuid8866)
сент. 16, 2025 8:21:57 PM webapp.storage.AbstractStorage save
INFO: &amp#27;[32mSave b92117d9-68a5-4a72-9586-907b76700a52(uuid8867)
сент. 16, 2025 8:21:57 PM webapp.storage.AbstractStorage save
INFO: &amp#27;[32mSave afa01074-d0d6-42bf-8c10-1a05c7dcb87e(uuid8868)
сент. 16, 2025 8:21:57 PM webapp.storage.AbstractStorage save
INFO: &amp#27;[32mSave d4de984c-5c38-478c-ab47-23129c704501(uuid8869)
сент. 16, 2025 8:21:57 PM webapp.storage.AbstractStorage save
INFO: &amp#27;[32mSave 02e78a70-3aa5-4e0d-9989-06bca210cd4f(uuid8870)
сент. 16, 2025 8:21:57 PM webapp.storage.AbstractStorage save
INFO: &amp#27;[32mSave 2518805c-3b7d-4588-b795-f282d685f276(uuid8871)
сент. 16, 2025 8:21:57 PM webapp.storage.AbstractStorage save
INFO: &amp#27;[32mSave a5b2c019-f456-4442-b55a-4e54735ad0c0(uuid8872)
сент. 16, 2025 8:21:57 PM webapp.storage.AbstractStorage save
INFO: &amp#27;[32mSave 35cca645-01e2-4aeb-820f-f8d8dbb4341e(uuid8873)
сент. 16, 2025 8:21:57 PM webapp.storage.AbstractStorage save
INFO: &amp#27;[32mSave 59a70bd7-3a73-4127-83af-441039fd5c35(uuid8874)
сент. 16, 2025 8:21:57 PM webapp.storage.AbstractStorage save
INFO: &amp#27;[32mSave fc1a572f-4179-44ff-b995-5395d3ee1a1e(uuid8875)
сент. 16, 2025 8:21:57 PM webapp.storage.AbstractStorage save
INFO: &amp#27;[32mSave ce91598f-cb94-4d3c-a2c9-423a0d0929ac(uuid8876)
сент. 16, 2025 8:21:57 PM webapp.storage.AbstractStorage save
INFO: &amp#27;[32mSave 6e8c7887-d047-4ab7-b62b-2ef98e298b29(uuid8877)
сент. 16, 2025 8:21:57 PM webapp.storage.AbstractStorage save
INFO: &amp#27;[32mSave 4a01980c-6d80-4e72-b6bf-4e62b5c38966(uuid8878)
сент. 16, 2025 8:21:57 PM webapp.storage.AbstractStorage save
INFO: &amp#27;[32mSave 5a132637-8787-4d6e-ac78-d938bf2dcb1b(uuid8879)
сент. 16, 2025 8:21:57 PM webapp.storage.AbstractStorage save
INFO: &amp#27;[32mSave b0e9a31c-941c-4bc0-9453-0f8ddad07302(uuid8880)
сент. 16, 2025 8:21:57 PM webapp.storage.AbstractStorage save
INFO: &amp#27;[32mSave 414476cc-edbc-4fd3-a312-899261dc11fc(uuid8881)
сент. 16, 2025 8:21:57 PM webapp.storage.AbstractStorage save
INFO: &amp#27;[32mSave d47a0951-f748-4592-bd3a-8218985befbe(uuid8882)
сент. 16, 2025 8:21:57 PM webapp.storage.AbstractStorage save
INFO: &amp#27;[32mSave 347d4c45-ebad-4594-a786-21721cd3f375(uuid8883)
сент. 16, 2025 8:21:57 PM webapp.storage.AbstractStorage save
INFO: &amp#27;[32mSave 41e44625-2752-47c4-bd66-8ef222b78f35(uuid8884)
сент. 16, 2025 8:21:57 PM webapp.storage.AbstractStorage save
INFO: &amp#27;[32mSave 78e6db30-2dd5-4e2f-b44e-8b97493f75bf(uuid8885)
сент. 16, 2025 8:21:57 PM webapp.storage.AbstractStorage save
INFO: &amp#27;[32mSave 253f0c59-eada-42f0-8f69-33a770aaf156(uuid8886)
сент. 16, 2025 8:21:57 PM webapp.storage.AbstractStorage save
INFO: &amp#27;[32mSave 498304f7-a562-4070-a741-f0a2be274399(uuid8887)
сент. 16, 2025 8:21:57 PM webapp.storage.AbstractStorage save
INFO: &amp#27;[32mSave aa454931-beef-4ded-b85b-c1c08cef303d(uuid8888)
сент. 16, 2025 8:21:57 PM webapp.storage.AbstractStorage save
INFO: &amp#27;[32mSave fdd69277-d947-45bd-b156-adf5eb68ae73(uuid8889)
сент. 16, 2025 8:21:57 PM webapp.storage.AbstractStorage save
INFO: &amp#27;[32mSave 03bbb655-75e6-4e8a-8e01-3831d6259a57(uuid8890)
сент. 16, 2025 8:21:57 PM webapp.storage.AbstractStorage save
INFO: &amp#27;[32mSave bcfccd90-7e0a-470c-9bc9-2903302db702(uuid8891)
сент. 16, 2025 8:21:57 PM webapp.storage.AbstractStorage save
INFO: &amp#27;[32mSave 6f2a566d-22bc-47ed-acd0-4be07f7decdf(uuid8892)
сент. 16, 2025 8:21:57 PM webapp.storage.AbstractStorage save
INFO: &amp#27;[32mSave da242a05-23b6-4d2c-b26b-09b08eff1edf(uuid8893)
сент. 16, 2025 8:21:57 PM webapp.storage.AbstractStorage save
INFO: &amp#27;[32mSave f46a4575-1ce0-439a-b18a-d9eaad241f15(uuid8894)
сент. 16, 2025 8:21:57 PM webapp.storage.AbstractStorage save
INFO: &amp#27;[32mSave 72a5f041-2732-479c-8ca5-34a647902bac(uuid8895)
сент. 16, 2025 8:21:57 PM webapp.storage.AbstractStorage save
INFO: &amp#27;[32mSave a43ce26a-b4be-450b-970c-520307105be0(uuid8896)
сент. 16, 2025 8:21:57 PM webapp.storage.AbstractStorage save
INFO: &amp#27;[32mSave 723211e1-241e-4f65-b9c7-c3c7cae30005(uuid8897)
сент. 16, 2025 8:21:57 PM webapp.storage.AbstractStorage save
INFO: &amp#27;[32mSave 28158cf9-de98-4d84-9ca6-d0dde8a2fd5d(uuid8898)
сент. 16, 2025 8:21:57 PM webapp.storage.AbstractStorage save
INFO: &amp#27;[32mSave 763785c3-aafe-4be9-a800-f848b88072e4(uuid8899)
сент. 16, 2025 8:21:57 PM webapp.storage.AbstractStorage save
INFO: &amp#27;[32mSave f1680882-22f5-44d8-9502-182a7905dd59(uuid8900)
сент. 16, 2025 8:21:57 PM webapp.storage.AbstractStorage save
INFO: &amp#27;[32mSave 123b14a8-59af-4174-9c26-3d63ec2093b7(uuid8901)
сент. 16, 2025 8:21:57 PM webapp.storage.AbstractStorage save
INFO: &amp#27;[32mSave 1b4dd6df-04db-4cb1-a190-be7a2dee7c69(uuid8902)
сент. 16, 2025 8:21:57 PM webapp.storage.AbstractStorage save
INFO: &amp#27;[32mSave be0a79ae-27ea-40a1-9f12-ff74f55bea40(uuid8903)
сент. 16, 2025 8:21:57 PM webapp.storage.AbstractStorage save
INFO: &amp#27;[32mSave 080703ec-982c-4c13-aa86-22671152c553(uuid8904)
сент. 16, 2025 8:21:57 PM webapp.storage.AbstractStorage save
INFO: &amp#27;[32mSave 6f256870-346d-4476-90ab-b8734918e29d(uuid8905)
сент. 16, 2025 8:21:57 PM webapp.storage.AbstractStorage save
INFO: &amp#27;[32mSave d32ca483-e2c4-4940-abf4-7a4d6a10914a(uuid8906)
сент. 16, 2025 8:21:57 PM webapp.storage.AbstractStorage save
INFO: &amp#27;[32mSave c9fba719-9f40-4ed3-a0e3-c5c2673e71f6(uuid8907)
сент. 16, 2025 8:21:57 PM webapp.storage.AbstractStorage save
INFO: &amp#27;[32mSave f3513e73-50af-4fbc-91e6-8a35ea4ff29d(uuid8908)
сент. 16, 2025 8:21:57 PM webapp.storage.AbstractStorage save
INFO: &amp#27;[32mSave ef861a95-e08d-4c6a-88e8-24e45750f5b6(uuid8909)
сент. 16, 2025 8:21:57 PM webapp.storage.AbstractStorage save
INFO: &amp#27;[32mSave 54ece3b5-fa85-419e-bc01-d548b1302202(uuid8910)
сент. 16, 2025 8:21:57 PM webapp.storage.AbstractStorage save
INFO: &amp#27;[32mSave 1121a6c7-87f9-4c75-8426-30940fecb8f2(uuid8911)
сент. 16, 2025 8:21:57 PM webapp.storage.AbstractStorage save
INFO: &amp#27;[32mSave 28f2043a-98f4-4a37-9539-c0dde377ac99(uuid8912)
сент. 16, 2025 8:21:57 PM webapp.storage.AbstractStorage save
INFO: &amp#27;[32mSave b28e1850-7167-45a6-9eec-ccd08bd59a88(uuid8913)
сент. 16, 2025 8:21:57 PM webapp.storage.AbstractStorage save
INFO: &amp#27;[32mSave 293f41ca-8856-4481-8c6c-7afd5ddb8268(uuid8914)
сент. 16, 2025 8:21:57 PM webapp.storage.AbstractStorage save
INFO: &amp#27;[32mSave c7a138bb-c1b7-4fe4-b608-6bf7e4a33a79(uuid8915)
сент. 16, 2025 8:21:57 PM webapp.storage.AbstractStorage save
INFO: &amp#27;[32mSave 5c7cdae6-ae8e-48fd-967c-19a613062f13(uuid8916)
сент. 16, 2025 8:21:57 PM webapp.storage.AbstractStorage save
INFO: &amp#27;[32mSave 423bc6c1-716f-4d09-aa72-2f6ac256a09e(uuid8917)
сент. 16, 2025 8:21:57 PM webapp.storage.AbstractStorage save
INFO: &amp#27;[32mSave 7c00d0ff-e4f6-4c43-a33f-29894d73eb35(uuid8918)
сент. 16, 2025 8:21:57 PM webapp.storage.AbstractStorage save
INFO: &amp#27;[32mSave d4f74b99-d6d1-4dfc-8f25-e0a314fb435a(uuid8919)
сент. 16, 2025 8:21:57 PM webapp.storage.AbstractStorage save
INFO: &amp#27;[32mSave adfe67be-12a8-4906-87e9-0a685e65c3c8(uuid8920)
сент. 16, 2025 8:21:57 PM webapp.storage.AbstractStorage save
INFO: &amp#27;[32mSave 05015b1f-18ab-491a-a647-25db0715d533(uuid8921)
сент. 16, 2025 8:21:57 PM webapp.storage.AbstractStorage save
INFO: &amp#27;[32mSave bd294a9e-b740-4c6b-81c1-7ce8935bb424(uuid8922)
сент. 16, 2025 8:21:57 PM webapp.storage.AbstractStorage save
INFO: &amp#27;[32mSave 71cc1edf-6306-47c9-96d7-9def2acc3126(uuid8923)
сент. 16, 2025 8:21:57 PM webapp.storage.AbstractStorage save
INFO: &amp#27;[32mSave d63de484-1eb3-474f-ba02-39c0b9459f51(uuid8924)
сент. 16, 2025 8:21:57 PM webapp.storage.AbstractStorage save
INFO: &amp#27;[32mSave 189ec17b-6def-42af-ac04-41dace446040(uuid8925)
сент. 16, 2025 8:21:57 PM webapp.storage.AbstractStorage save
INFO: &amp#27;[32mSave 0da52cf8-825f-4c14-b15f-caacff7f0538(uuid8926)
сент. 16, 2025 8:21:57 PM webapp.storage.AbstractStorage save
INFO: &amp#27;[32mSave ea8bf39a-e925-4fbd-812d-093129d6f28a(uuid8927)
сент. 16, 2025 8:21:57 PM webapp.storage.AbstractStorage save
INFO: &amp#27;[32mSave 7ab77db4-ef89-4c08-8224-f144df5f4e4c(uuid8928)
сент. 16, 2025 8:21:57 PM webapp.storage.AbstractStorage save
INFO: &amp#27;[32mSave 9b93c255-8048-4263-8eda-6dfc7c7a0154(uuid8929)
сент. 16, 2025 8:21:57 PM webapp.storage.AbstractStorage save
INFO: &amp#27;[32mSave 84984a4b-49b9-47f8-8160-35acbbf374ab(uuid8930)
сент. 16, 2025 8:21:57 PM webapp.storage.AbstractStorage save
INFO: &amp#27;[32mSave cf736597-3d13-45a6-8f86-eb3b7bde6e2a(uuid8931)
сент. 16, 2025 8:21:57 PM webapp.storage.AbstractStorage save
INFO: &amp#27;[32mSave e7778931-14af-4d86-bc87-78e73f039173(uuid8932)
сент. 16, 2025 8:21:57 PM webapp.storage.AbstractStorage save
INFO: &amp#27;[32mSave 54af9008-22cb-4099-b3f9-3b6cf63a2717(uuid8933)
сент. 16, 2025 8:21:57 PM webapp.storage.AbstractStorage save
INFO: &amp#27;[32mSave 50774127-16ec-4b3c-82f9-3bc3df61599d(uuid8934)
сент. 16, 2025 8:21:57 PM webapp.storage.AbstractStorage save
INFO: &amp#27;[32mSave 2df1a132-a225-4946-8f04-bab297483884(uuid8935)
сент. 16, 2025 8:21:57 PM webapp.storage.AbstractStorage save
INFO: &amp#27;[32mSave ac78d8a1-2f44-4e4a-a4a8-ec7284b5735e(uuid8936)
сент. 16, 2025 8:21:57 PM webapp.storage.AbstractStorage save
INFO: &amp#27;[32mSave 30ad8c72-9d07-4a55-aa8c-4f36c3ab14b7(uuid8937)
сент. 16, 2025 8:21:57 PM webapp.storage.AbstractStorage save
INFO: &amp#27;[32mSave 1c69a918-b937-4925-8005-b36e373c2419(uuid8938)
сент. 16, 2025 8:21:57 PM webapp.storage.AbstractStorage save
INFO: &amp#27;[32mSave 22d6238b-33a9-4c63-963a-82e7b6452016(uuid8939)
сент. 16, 2025 8:21:57 PM webapp.storage.AbstractStorage save
INFO: &amp#27;[32mSave 4ed01786-5b62-43c1-8e75-33254d10c6dd(uuid8940)
сент. 16, 2025 8:21:57 PM webapp.storage.AbstractStorage save
INFO: &amp#27;[32mSave adbfe01c-663b-4007-947f-2be9f52667ae(uuid8941)
сент. 16, 2025 8:21:57 PM webapp.storage.AbstractStorage save
INFO: &amp#27;[32mSave 0834fe97-9885-4a03-8f5c-ab5f0c571ba6(uuid8942)
сент. 16, 2025 8:21:57 PM webapp.storage.AbstractStorage save
INFO: &amp#27;[32mSave 536f4ff7-6981-4687-8cdd-865a2bac71cd(uuid8943)
сент. 16, 2025 8:21:57 PM webapp.storage.AbstractStorage save
INFO: &amp#27;[32mSave 6f83b797-451e-4ad6-9221-a0fbac94f7e5(uuid8944)
сент. 16, 2025 8:21:57 PM webapp.storage.AbstractStorage save
INFO: &amp#27;[32mSave 83f3ff13-7a10-416f-a600-aef1ecf83e20(uuid8945)
сент. 16, 2025 8:21:57 PM webapp.storage.AbstractStorage save
INFO: &amp#27;[32mSave 92a065af-4b8b-419a-b856-51d326092181(uuid8946)
сент. 16, 2025 8:21:57 PM webapp.storage.AbstractStorage save
INFO: &amp#27;[32mSave 8eeb5aa8-4c41-4578-acda-9f32718554c7(uuid8947)
сент. 16, 2025 8:21:57 PM webapp.storage.AbstractStorage save
INFO: &amp#27;[32mSave 33eaa538-a84c-49cc-9445-b7d38ba10a45(uuid8948)
сент. 16, 2025 8:21:57 PM webapp.storage.AbstractStorage save
INFO: &amp#27;[32mSave f61c1af8-48cd-4bb0-8a16-8146f96b9df0(uuid8949)
сент. 16, 2025 8:21:57 PM webapp.storage.AbstractStorage save
INFO: &amp#27;[32mSave 1cea7408-d920-467a-a8cd-1a2234cf6982(uuid8950)
сент. 16, 2025 8:21:57 PM webapp.storage.AbstractStorage save
INFO: &amp#27;[32mSave 18e319a3-167e-4dae-a8fd-ecc1808e582c(uuid8951)
сент. 16, 2025 8:21:57 PM webapp.storage.AbstractStorage save
INFO: &amp#27;[32mSave 01552267-599b-416f-abb5-219b19dfc2af(uuid8952)
сент. 16, 2025 8:21:57 PM webapp.storage.AbstractStorage save
INFO: &amp#27;[32mSave 30a53644-3e7f-47fe-a858-e47e783e9fb5(uuid8953)
сент. 16, 2025 8:21:57 PM webapp.storage.AbstractStorage save
INFO: &amp#27;[32mSave 62321a9e-2f4a-4d51-826a-f0e3acad1913(uuid8954)
сент. 16, 2025 8:21:57 PM webapp.storage.AbstractStorage save
INFO: &amp#27;[32mSave 9cb07f43-52eb-4a03-bc61-0f30cc50880c(uuid8955)
сент. 16, 2025 8:21:57 PM webapp.storage.AbstractStorage save
INFO: &amp#27;[32mSave 8d6ee1fe-2c23-460c-ad6b-213c1baf0425(uuid8956)
сент. 16, 2025 8:21:57 PM webapp.storage.AbstractStorage save
INFO: &amp#27;[32mSave b86f7892-0ed7-41a4-8ce6-53373ddaabde(uuid8957)
сент. 16, 2025 8:21:57 PM webapp.storage.AbstractStorage save
INFO: &amp#27;[32mSave 578af18f-bba9-4ff8-9ba0-038aa063fd85(uuid8958)
сент. 16, 2025 8:21:57 PM webapp.storage.AbstractStorage save
INFO: &amp#27;[32mSave 8ee7257f-c7be-442b-9a17-5306ac0a77c3(uuid8959)
сент. 16, 2025 8:21:57 PM webapp.storage.AbstractStorage save
INFO: &amp#27;[32mSave cf95a5a0-5375-4d38-8068-19f7cae4eae5(uuid8960)
сент. 16, 2025 8:21:57 PM webapp.storage.AbstractStorage save
INFO: &amp#27;[32mSave 0a1df90a-7bc5-4617-9f9a-a887ca1d363a(uuid8961)
сент. 16, 2025 8:21:57 PM webapp.storage.AbstractStorage save
INFO: &amp#27;[32mSave c5fb3e62-b825-43d5-9b95-f224d317664c(uuid8962)
сент. 16, 2025 8:21:57 PM webapp.storage.AbstractStorage save
INFO: &amp#27;[32mSave aedb4f2c-1bbf-4789-9898-889877859367(uuid8963)
сент. 16, 2025 8:21:57 PM webapp.storage.AbstractStorage save
INFO: &amp#27;[32mSave ebc4279c-7545-4808-a988-fad3f4826495(uuid8964)
сент. 16, 2025 8:21:57 PM webapp.storage.AbstractStorage save
INFO: &amp#27;[32mSave dbe337c6-0f68-4e78-b4a0-fbfe5656264f(uuid8965)
сент. 16, 2025 8:21:57 PM webapp.storage.AbstractStorage save
INFO: &amp#27;[32mSave 2604ae3f-84a6-49ba-b9d6-a0813810e2e8(uuid8966)
сент. 16, 2025 8:21:57 PM webapp.storage.AbstractStorage save
INFO: &amp#27;[32mSave 35460192-02ce-43e6-a1e2-c6fc2d512bd2(uuid8967)
сент. 16, 2025 8:21:57 PM webapp.storage.AbstractStorage save
INFO: &amp#27;[32mSave 243b50f6-bdbe-46cd-a2bb-75b1e09405f8(uuid8968)
сент. 16, 2025 8:21:57 PM webapp.storage.AbstractStorage save
INFO: &amp#27;[32mSave 8f3bbdc0-e818-48fe-97b7-0fde66d3ca78(uuid8969)
сент. 16, 2025 8:21:57 PM webapp.storage.AbstractStorage save
INFO: &amp#27;[32mSave 78f2736b-5b2f-47f3-888d-01d7d338ac90(uuid8970)
сент. 16, 2025 8:21:57 PM webapp.storage.AbstractStorage save
INFO: &amp#27;[32mSave f84ef0ea-03a1-4cea-b755-b0f2f15533bf(uuid8971)
сент. 16, 2025 8:21:57 PM webapp.storage.AbstractStorage save
INFO: &amp#27;[32mSave 367d3d22-e990-4070-b899-1ab1b2d3050f(uuid8972)
сент. 16, 2025 8:21:57 PM webapp.storage.AbstractStorage save
INFO: &amp#27;[32mSave 504a4730-1eba-44c2-9254-2df61f9adfe8(uuid8973)
сент. 16, 2025 8:21:57 PM webapp.storage.AbstractStorage save
INFO: &amp#27;[32mSave eac71b15-8413-46d4-86f2-30cf973344b8(uuid8974)
сент. 16, 2025 8:21:57 PM webapp.storage.AbstractStorage save
INFO: &amp#27;[32mSave 1e1ec90a-5c2b-471c-9d8c-f8de8b0d39a9(uuid8975)
сент. 16, 2025 8:21:57 PM webapp.storage.AbstractStorage save
INFO: &amp#27;[32mSave d36402a8-4a98-466e-b344-c2951a302b91(uuid8976)
сент. 16, 2025 8:21:57 PM webapp.storage.AbstractStorage save
INFO: &amp#27;[32mSave e1da3257-83a5-44cf-9ca7-41bb75af23ca(uuid8977)
сент. 16, 2025 8:21:57 PM webapp.storage.AbstractStorage save
INFO: &amp#27;[32mSave f1a34c75-aaea-445f-9c18-4da042bf1ad1(uuid8978)
сент. 16, 2025 8:21:57 PM webapp.storage.AbstractStorage save
INFO: &amp#27;[32mSave 12a8c098-858d-440a-a754-e8c4563fed08(uuid8979)
сент. 16, 2025 8:21:57 PM webapp.storage.AbstractStorage save
INFO: &amp#27;[32mSave 87cb63c2-052f-426a-934c-8d8bd0d8c790(uuid8980)
сент. 16, 2025 8:21:57 PM webapp.storage.AbstractStorage save
INFO: &amp#27;[32mSave 7a8b92b4-b3ea-4690-bf3a-f9d119987157(uuid8981)
сент. 16, 2025 8:21:57 PM webapp.storage.AbstractStorage save
INFO: &amp#27;[32mSave 58b09e59-e24a-460e-8993-8178d58a972f(uuid8982)
сент. 16, 2025 8:21:57 PM webapp.storage.AbstractStorage save
INFO: &amp#27;[32mSave 851901e8-b5c6-4ef8-b8c4-a131916da2f7(uuid8983)
сент. 16, 2025 8:21:57 PM webapp.storage.AbstractStorage save
INFO: &amp#27;[32mSave 523402c0-0408-42a9-b4a9-c3ba0cb9088f(uuid8984)
сент. 16, 2025 8:21:57 PM webapp.storage.AbstractStorage save
INFO: &amp#27;[32mSave 7e4cbe83-a818-46da-8ea6-9abcab672f51(uuid8985)
сент. 16, 2025 8:21:57 PM webapp.storage.AbstractStorage save
INFO: &amp#27;[32mSave d2212c11-8671-4eb7-8699-7e70d81a934e(uuid8986)
сент. 16, 2025 8:21:57 PM webapp.storage.AbstractStorage save
INFO: &amp#27;[32mSave 6817fe44-3a4d-464e-8835-cf105416ea9d(uuid8987)
сент. 16, 2025 8:21:57 PM webapp.storage.AbstractStorage save
INFO: &amp#27;[32mSave 90ada593-0baf-4fc1-abc8-315cbef808d2(uuid8988)
сент. 16, 2025 8:21:57 PM webapp.storage.AbstractStorage save
INFO: &amp#27;[32mSave 7f8d5fd6-02af-40c0-9564-e2f7a4820d95(uuid8989)
сент. 16, 2025 8:21:57 PM webapp.storage.AbstractStorage save
INFO: &amp#27;[32mSave 2d9ae6c4-e1e6-4b70-bbfd-6df011edd8f6(uuid8990)
сент. 16, 2025 8:21:57 PM webapp.storage.AbstractStorage save
INFO: &amp#27;[32mSave 568f1ccd-3ed8-4b20-b590-77b57b3a14b4(uuid8991)
сент. 16, 2025 8:21:57 PM webapp.storage.AbstractStorage save
INFO: &amp#27;[32mSave 06339870-eb8f-486a-84e5-c960b70be093(uuid8992)
сент. 16, 2025 8:21:57 PM webapp.storage.AbstractStorage save
INFO: &amp#27;[32mSave 3c4a12bd-5243-4f1e-9e5e-1b99b8e83eb9(uuid8993)
сент. 16, 2025 8:21:57 PM webapp.storage.AbstractStorage save
INFO: &amp#27;[32mSave 5665306a-0e53-44d3-be65-73d39f1b87fb(uuid8994)
сент. 16, 2025 8:21:57 PM webapp.storage.AbstractStorage save
INFO: &amp#27;[32mSave 1e65febb-d33b-4486-86a4-8833d3d1bfed(uuid8995)
сент. 16, 2025 8:21:57 PM webapp.storage.AbstractStorage save
INFO: &amp#27;[32mSave 26944e64-6e2e-40a5-b881-e717a921246a(uuid8996)
сент. 16, 2025 8:21:57 PM webapp.storage.AbstractStorage save
INFO: &amp#27;[32mSave 2174881e-8322-480a-a46b-6abd1d8e4999(uuid8997)
сент. 16, 2025 8:21:57 PM webapp.storage.AbstractStorage save
INFO: &amp#27;[32mSave e6b82411-975a-4715-b31a-7d931416599b(uuid8998)
сент. 16, 2025 8:21:57 PM webapp.storage.AbstractStorage save
INFO: &amp#27;[32mSave ba3064dc-b8f4-450a-9307-efda3860a169(uuid8999)
сент. 16, 2025 8:21:57 PM webapp.storage.AbstractStorage save
INFO: &amp#27;[32mSave 7c57ce4e-d19b-43d0-b834-08b4f08749b3(uuid9000)
сент. 16, 2025 8:21:57 PM webapp.storage.AbstractStorage save
INFO: &amp#27;[32mSave a2b979ed-7e9e-4bf1-8203-cdd0a5c96488(uuid9001)
сент. 16, 2025 8:21:57 PM webapp.storage.AbstractStorage save
INFO: &amp#27;[32mSave a205c3d7-8715-4ad7-9c8c-0d56ba93ebb0(uuid9002)
сент. 16, 2025 8:21:57 PM webapp.storage.AbstractStorage save
INFO: &amp#27;[32mSave 1346b28e-0b15-4923-8b1a-fdfc3028c0f6(uuid9003)
сент. 16, 2025 8:21:57 PM webapp.storage.AbstractStorage save
INFO: &amp#27;[32mSave 7623b9db-421c-4e65-aae3-d36a78fefc57(uuid9004)
сент. 16, 2025 8:21:57 PM webapp.storage.AbstractStorage save
INFO: &amp#27;[32mSave e7ea120e-0262-4ed8-9a32-7dba9e6e6873(uuid9005)
сент. 16, 2025 8:21:57 PM webapp.storage.AbstractStorage save
INFO: &amp#27;[32mSave 73797cc4-737e-472b-823e-54fd1c8efea4(uuid9006)
сент. 16, 2025 8:21:57 PM webapp.storage.AbstractStorage save
INFO: &amp#27;[32mSave 3b2e5f3c-aa67-48c2-b958-e780958780d9(uuid9007)
сент. 16, 2025 8:21:57 PM webapp.storage.AbstractStorage save
INFO: &amp#27;[32mSave 51973d7e-9ca8-4118-ba4b-a00512cb0920(uuid9008)
сент. 16, 2025 8:21:57 PM webapp.storage.AbstractStorage save
INFO: &amp#27;[32mSave aa8d4cc1-2640-4b9e-905d-63b9a2cb26e2(uuid9009)
сент. 16, 2025 8:21:57 PM webapp.storage.AbstractStorage save
INFO: &amp#27;[32mSave 7fe54f2e-9a94-4cdb-92c7-edf3065410e6(uuid9010)
сент. 16, 2025 8:21:57 PM webapp.storage.AbstractStorage save
INFO: &amp#27;[32mSave 82d63849-81a7-456f-bc15-72952837c28b(uuid9011)
сент. 16, 2025 8:21:57 PM webapp.storage.AbstractStorage save
INFO: &amp#27;[32mSave d5a912e9-54dc-4e55-a8d0-bbacf09423c3(uuid9012)
сент. 16, 2025 8:21:57 PM webapp.storage.AbstractStorage save
INFO: &amp#27;[32mSave a3fbc759-f90c-4531-b01a-a2a9262311ab(uuid9013)
сент. 16, 2025 8:21:57 PM webapp.storage.AbstractStorage save
INFO: &amp#27;[32mSave 5169f466-4d4f-4ac6-82e7-b79d1fb307d1(uuid9014)
сент. 16, 2025 8:21:57 PM webapp.storage.AbstractStorage save
INFO: &amp#27;[32mSave de1ce1cd-61d9-4100-b241-4ad09203996f(uuid9015)
сент. 16, 2025 8:21:57 PM webapp.storage.AbstractStorage save
INFO: &amp#27;[32mSave 761fa472-718c-447c-970f-375a5a984ca9(uuid9016)
сент. 16, 2025 8:21:57 PM webapp.storage.AbstractStorage save
INFO: &amp#27;[32mSave 7f037ada-acd3-4f50-b858-e0205c99c831(uuid9017)
сент. 16, 2025 8:21:57 PM webapp.storage.AbstractStorage save
INFO: &amp#27;[32mSave ccd201dd-fccf-42bb-8c6f-0a4874877aa7(uuid9018)
сент. 16, 2025 8:21:57 PM webapp.storage.AbstractStorage save
INFO: &amp#27;[32mSave 8d610116-bc12-4771-b7b4-f3c14bd8c949(uuid9019)
сент. 16, 2025 8:21:57 PM webapp.storage.AbstractStorage save
INFO: &amp#27;[32mSave 78e0262d-0975-488b-8f8c-2475108e9c57(uuid9020)
сент. 16, 2025 8:21:57 PM webapp.storage.AbstractStorage save
INFO: &amp#27;[32mSave 71809652-cf55-462e-8d03-15a1feb8ba5a(uuid9021)
сент. 16, 2025 8:21:57 PM webapp.storage.AbstractStorage save
INFO: &amp#27;[32mSave 2e3504bd-336f-46a3-a2cd-7cd5de76d03b(uuid9022)
сент. 16, 2025 8:21:57 PM webapp.storage.AbstractStorage save
INFO: &amp#27;[32mSave 3fb677ff-a622-4f0d-bd55-2296d70f2900(uuid9023)
сент. 16, 2025 8:21:57 PM webapp.storage.AbstractStorage save
INFO: &amp#27;[32mSave e6b7b7ae-7ff7-48bc-bd20-75022528a490(uuid9024)
сент. 16, 2025 8:21:57 PM webapp.storage.AbstractStorage save
INFO: &amp#27;[32mSave bb21ec94-50e8-4b2a-8320-f44af9e2c8f5(uuid9025)
сент. 16, 2025 8:21:57 PM webapp.storage.AbstractStorage save
INFO: &amp#27;[32mSave 3a9efb97-7c8f-411c-bedc-898554fe8544(uuid9026)
сент. 16, 2025 8:21:57 PM webapp.storage.AbstractStorage save
INFO: &amp#27;[32mSave ff4f75f2-cb29-4478-bcf5-410c79897e5f(uuid9027)
сент. 16, 2025 8:21:57 PM webapp.storage.AbstractStorage save
INFO: &amp#27;[32mSave db895f9e-c956-413f-a2e3-11d2ca597c93(uuid9028)
сент. 16, 2025 8:21:57 PM webapp.storage.AbstractStorage save
INFO: &amp#27;[32mSave c40bc9b2-8ba8-460c-8f0c-f2baccb4497d(uuid9029)
сент. 16, 2025 8:21:57 PM webapp.storage.AbstractStorage save
INFO: &amp#27;[32mSave 6f97c07b-3bb4-471f-9aab-dedaa6adc931(uuid9030)
сент. 16, 2025 8:21:57 PM webapp.storage.AbstractStorage save
INFO: &amp#27;[32mSave 748b2004-fcfd-47ac-9523-49d5b6b84664(uuid9031)
сент. 16, 2025 8:21:57 PM webapp.storage.AbstractStorage save
INFO: &amp#27;[32mSave e98ece0b-7f6e-45c2-bf49-902439d3e310(uuid9032)
сент. 16, 2025 8:21:57 PM webapp.storage.AbstractStorage save
INFO: &amp#27;[32mSave 98da989d-d5a4-40cb-89e7-91f47183a315(uuid9033)
сент. 16, 2025 8:21:57 PM webapp.storage.AbstractStorage save
INFO: &amp#27;[32mSave 009c9685-b5a0-4754-9069-56d3ba1ee75d(uuid9034)
сент. 16, 2025 8:21:57 PM webapp.storage.AbstractStorage save
INFO: &amp#27;[32mSave 18f02023-0cf4-4abe-adff-7a131caacf85(uuid9035)
сент. 16, 2025 8:21:57 PM webapp.storage.AbstractStorage save
INFO: &amp#27;[32mSave cef1dd97-491b-4aaa-9925-affb505c8bfd(uuid9036)
сент. 16, 2025 8:21:57 PM webapp.storage.AbstractStorage save
INFO: &amp#27;[32mSave 5a1a059b-c155-4efe-9ff3-c6407215295d(uuid9037)
сент. 16, 2025 8:21:57 PM webapp.storage.AbstractStorage save
INFO: &amp#27;[32mSave dab9bc37-af35-4641-a81f-26d8393ffab7(uuid9038)
сент. 16, 2025 8:21:57 PM webapp.storage.AbstractStorage save
INFO: &amp#27;[32mSave b1dc69c4-92ea-4519-a81a-60e6fc9e1155(uuid9039)
сент. 16, 2025 8:21:57 PM webapp.storage.AbstractStorage save
INFO: &amp#27;[32mSave f4391d81-f6bf-43a0-aadb-c8139bfbcbcd(uuid9040)
сент. 16, 2025 8:21:57 PM webapp.storage.AbstractStorage save
INFO: &amp#27;[32mSave 88301c06-1b87-43a4-9fa0-7861f0a038a4(uuid9041)
сент. 16, 2025 8:21:57 PM webapp.storage.AbstractStorage save
INFO: &amp#27;[32mSave 07082075-0c5d-4f97-9b98-05b9362d511e(uuid9042)
сент. 16, 2025 8:21:57 PM webapp.storage.AbstractStorage save
INFO: &amp#27;[32mSave 897a975f-2a65-4019-ae81-a171b2545f2f(uuid9043)
сент. 16, 2025 8:21:57 PM webapp.storage.AbstractStorage save
INFO: &amp#27;[32mSave 30f31516-cdd6-4246-bff7-9c24483a3d86(uuid9044)
сент. 16, 2025 8:21:57 PM webapp.storage.AbstractStorage save
INFO: &amp#27;[32mSave f73d6ba8-1a46-4eca-9fec-5bb941ceadb6(uuid9045)
сент. 16, 2025 8:21:57 PM webapp.storage.AbstractStorage save
INFO: &amp#27;[32mSave 1a6655ef-fe45-4631-8a69-5b7b08a55c70(uuid9046)
сент. 16, 2025 8:21:57 PM webapp.storage.AbstractStorage save
INFO: &amp#27;[32mSave 2a501f4e-b61e-44d6-be70-f25142d7fd14(uuid9047)
сент. 16, 2025 8:21:57 PM webapp.storage.AbstractStorage save
INFO: &amp#27;[32mSave 2298dc88-45f3-4ce0-b218-5aa43e38ad59(uuid9048)
сент. 16, 2025 8:21:57 PM webapp.storage.AbstractStorage save
INFO: &amp#27;[32mSave 80ed299f-b7b7-411d-a50c-5aeeb316249d(uuid9049)
сент. 16, 2025 8:21:57 PM webapp.storage.AbstractStorage save
INFO: &amp#27;[32mSave a4b29214-04f0-4834-8a74-73326ad48ec5(uuid9050)
сент. 16, 2025 8:21:57 PM webapp.storage.AbstractStorage save
INFO: &amp#27;[32mSave d4404ade-3296-4aec-b560-ae4c61be7edd(uuid9051)
сент. 16, 2025 8:21:57 PM webapp.storage.AbstractStorage save
INFO: &amp#27;[32mSave 1c588f30-26d4-4d4d-b605-722c57773091(uuid9052)
сент. 16, 2025 8:21:57 PM webapp.storage.AbstractStorage save
INFO: &amp#27;[32mSave de8be50a-45cd-4407-af7b-404f16da6763(uuid9053)
сент. 16, 2025 8:21:57 PM webapp.storage.AbstractStorage save
INFO: &amp#27;[32mSave 74c22469-a82b-454f-9a76-174a05a07f9a(uuid9054)
сент. 16, 2025 8:21:57 PM webapp.storage.AbstractStorage save
INFO: &amp#27;[32mSave 2339e1c4-02a7-4c6f-8082-0988de0de220(uuid9055)
сент. 16, 2025 8:21:57 PM webapp.storage.AbstractStorage save
INFO: &amp#27;[32mSave b9a8e287-816d-4770-99b5-06abbed33843(uuid9056)
сент. 16, 2025 8:21:57 PM webapp.storage.AbstractStorage save
INFO: &amp#27;[32mSave 994da337-c70e-4c92-9b6c-b3a00ffe89ee(uuid9057)
сент. 16, 2025 8:21:57 PM webapp.storage.AbstractStorage save
INFO: &amp#27;[32mSave 75b55f7c-4126-421c-bc68-1000929aafb2(uuid9058)
сент. 16, 2025 8:21:57 PM webapp.storage.AbstractStorage save
INFO: &amp#27;[32mSave 2022dd0e-260b-42d3-b24e-729f0981eae0(uuid9059)
сент. 16, 2025 8:21:57 PM webapp.storage.AbstractStorage save
INFO: &amp#27;[32mSave 51ff829c-deaf-4276-8b17-4e8d36756226(uuid9060)
сент. 16, 2025 8:21:57 PM webapp.storage.AbstractStorage save
INFO: &amp#27;[32mSave 945b1bab-a3a1-469c-9085-bcba0d1d3c07(uuid9061)
сент. 16, 2025 8:21:57 PM webapp.storage.AbstractStorage save
INFO: &amp#27;[32mSave ea32c5c2-9e05-46c0-87cd-48426add9dbc(uuid9062)
сент. 16, 2025 8:21:57 PM webapp.storage.AbstractStorage save
INFO: &amp#27;[32mSave 194b7cc0-d7a2-4edb-90c4-f03fa2595228(uuid9063)
сент. 16, 2025 8:21:57 PM webapp.storage.AbstractStorage save
INFO: &amp#27;[32mSave 2d257e89-3360-45e1-a094-41d836ea03df(uuid9064)
сент. 16, 2025 8:21:57 PM webapp.storage.AbstractStorage save
INFO: &amp#27;[32mSave 3de9d8b2-094e-4a7d-a119-bf41e47913ed(uuid9065)
сент. 16, 2025 8:21:57 PM webapp.storage.AbstractStorage save
INFO: &amp#27;[32mSave f912309c-a201-40bf-9f73-a17fe522aefc(uuid9066)
сент. 16, 2025 8:21:57 PM webapp.storage.AbstractStorage save
INFO: &amp#27;[32mSave 50263e26-32c4-4061-93f1-648d28f531be(uuid9067)
сент. 16, 2025 8:21:57 PM webapp.storage.AbstractStorage save
INFO: &amp#27;[32mSave b0bcf872-af2b-4f81-9276-5d5b943f24b8(uuid9068)
сент. 16, 2025 8:21:57 PM webapp.storage.AbstractStorage save
INFO: &amp#27;[32mSave fad87bb0-7415-4434-b35e-a944231e943c(uuid9069)
сент. 16, 2025 8:21:57 PM webapp.storage.AbstractStorage save
INFO: &amp#27;[32mSave 82e36b90-3207-43c5-bc65-f3f525248ba8(uuid9070)
сент. 16, 2025 8:21:57 PM webapp.storage.AbstractStorage save
INFO: &amp#27;[32mSave 67b1d6e1-d5a3-4659-873a-97e450a6e3e4(uuid9071)
сент. 16, 2025 8:21:57 PM webapp.storage.AbstractStorage save
INFO: &amp#27;[32mSave a32612c8-99ea-4433-9d07-e1967632646f(uuid9072)
сент. 16, 2025 8:21:57 PM webapp.storage.AbstractStorage save
INFO: &amp#27;[32mSave 7f9c742c-d4b0-4bb1-ab64-c2aa6c92d986(uuid9073)
сент. 16, 2025 8:21:57 PM webapp.storage.AbstractStorage save
INFO: &amp#27;[32mSave 68b8420c-3462-4459-b7fe-2e45edfea124(uuid9074)
сент. 16, 2025 8:21:57 PM webapp.storage.AbstractStorage save
INFO: &amp#27;[32mSave 3827cdc4-9ea6-4a1e-bd41-9192bf4eae48(uuid9075)
сент. 16, 2025 8:21:57 PM webapp.storage.AbstractStorage save
INFO: &amp#27;[32mSave 336cd0ab-b303-4ea2-b0be-3a2631df12da(uuid9076)
сент. 16, 2025 8:21:57 PM webapp.storage.AbstractStorage save
INFO: &amp#27;[32mSave 741de130-be6c-403f-9d4b-ecfbdc123754(uuid9077)
сент. 16, 2025 8:21:57 PM webapp.storage.AbstractStorage save
INFO: &amp#27;[32mSave 9fba9728-f84c-4c59-b4e5-15c8f5fa5de3(uuid9078)
сент. 16, 2025 8:21:57 PM webapp.storage.AbstractStorage save
INFO: &amp#27;[32mSave 5801519b-d1ee-4d05-b6ef-031727300091(uuid9079)
сент. 16, 2025 8:21:57 PM webapp.storage.AbstractStorage save
INFO: &amp#27;[32mSave ec3065a7-7c64-4dad-beb7-fe9a59199d41(uuid9080)
сент. 16, 2025 8:21:57 PM webapp.storage.AbstractStorage save
INFO: &amp#27;[32mSave c6b88f3e-4b42-4f63-8758-e08efda09874(uuid9081)
сент. 16, 2025 8:21:57 PM webapp.storage.AbstractStorage save
INFO: &amp#27;[32mSave b1300d71-456d-4031-ab42-5d7bfdf46aa3(uuid9082)
сент. 16, 2025 8:21:57 PM webapp.storage.AbstractStorage save
INFO: &amp#27;[32mSave ee74947b-1cf1-4896-b6a7-b9d2bb7ea8bc(uuid9083)
сент. 16, 2025 8:21:57 PM webapp.storage.AbstractStorage save
INFO: &amp#27;[32mSave 12c53a5b-8b8c-4212-93b8-b93af325b241(uuid9084)
сент. 16, 2025 8:21:57 PM webapp.storage.AbstractStorage save
INFO: &amp#27;[32mSave 9faa959b-4b9e-4f6e-b2a0-69cbf0cbe5de(uuid9085)
сент. 16, 2025 8:21:57 PM webapp.storage.AbstractStorage save
INFO: &amp#27;[32mSave d1407477-5e44-478e-9259-42e4e968af8d(uuid9086)
сент. 16, 2025 8:21:57 PM webapp.storage.AbstractStorage save
INFO: &amp#27;[32mSave 8bfa1a3c-3046-41d3-9647-dfddd42aa49a(uuid9087)
сент. 16, 2025 8:21:57 PM webapp.storage.AbstractStorage save
INFO: &amp#27;[32mSave 3f56dfe9-2e6c-48a3-8353-57b6f0050f91(uuid9088)
сент. 16, 2025 8:21:57 PM webapp.storage.AbstractStorage save
INFO: &amp#27;[32mSave 11f2cda0-a531-4da9-9ae5-204cf1b83020(uuid9089)
сент. 16, 2025 8:21:57 PM webapp.storage.AbstractStorage save
INFO: &amp#27;[32mSave 7f1306c9-095a-4494-9963-9163bec69014(uuid9090)
сент. 16, 2025 8:21:57 PM webapp.storage.AbstractStorage save
INFO: &amp#27;[32mSave 01b5bed9-6c7a-4645-ae25-b628041a713c(uuid9091)
сент. 16, 2025 8:21:57 PM webapp.storage.AbstractStorage save
INFO: &amp#27;[32mSave 9d05f89c-e86d-4cae-9587-f433cb084681(uuid9092)
сент. 16, 2025 8:21:57 PM webapp.storage.AbstractStorage save
INFO: &amp#27;[32mSave e25101cc-e853-41fc-8d75-91b1ed93f026(uuid9093)
сент. 16, 2025 8:21:57 PM webapp.storage.AbstractStorage save
INFO: &amp#27;[32mSave 540314c0-ba8d-42fb-a739-61deb14e7655(uuid9094)
сент. 16, 2025 8:21:57 PM webapp.storage.AbstractStorage save
INFO: &amp#27;[32mSave 268255b9-e781-4dec-8a0b-d7701b48f2cb(uuid9095)
сент. 16, 2025 8:21:57 PM webapp.storage.AbstractStorage save
INFO: &amp#27;[32mSave c7d294bf-2731-489a-9790-aff3aeadb316(uuid9096)
сент. 16, 2025 8:21:57 PM webapp.storage.AbstractStorage save
INFO: &amp#27;[32mSave ea11e8ae-fe8c-4b2c-a9e3-a24e692bbc7b(uuid9097)
сент. 16, 2025 8:21:57 PM webapp.storage.AbstractStorage save
INFO: &amp#27;[32mSave cd0d155b-5f94-49b8-8298-33b537b80f41(uuid9098)
сент. 16, 2025 8:21:57 PM webapp.storage.AbstractStorage save
INFO: &amp#27;[32mSave d3ee4d68-e69b-4b65-8ad5-7096ab76adc5(uuid9099)
сент. 16, 2025 8:21:57 PM webapp.storage.AbstractStorage save
INFO: &amp#27;[32mSave f7885555-71bf-4471-b18e-9bac80b7bc0a(uuid9100)
сент. 16, 2025 8:21:57 PM webapp.storage.AbstractStorage save
INFO: &amp#27;[32mSave c7389a9c-4e0d-4f7f-a02e-991d5f7f4e1f(uuid9101)
сент. 16, 2025 8:21:57 PM webapp.storage.AbstractStorage save
INFO: &amp#27;[32mSave 436b01cb-81a8-4fc9-9b8a-f07059a531de(uuid9102)
сент. 16, 2025 8:21:57 PM webapp.storage.AbstractStorage save
INFO: &amp#27;[32mSave ba2fc6b2-5339-4197-a7e8-9bcc7ff2d475(uuid9103)
сент. 16, 2025 8:21:57 PM webapp.storage.AbstractStorage save
INFO: &amp#27;[32mSave 8b1bd363-ccc3-4a0e-914a-e6331c6d966e(uuid9104)
сент. 16, 2025 8:21:57 PM webapp.storage.AbstractStorage save
INFO: &amp#27;[32mSave 955bc8ee-6500-499e-affc-a00a74bff3b3(uuid9105)
сент. 16, 2025 8:21:57 PM webapp.storage.AbstractStorage save
INFO: &amp#27;[32mSave 444fa030-1d8c-458b-bcd8-43bfe04b509e(uuid9106)
сент. 16, 2025 8:21:57 PM webapp.storage.AbstractStorage save
INFO: &amp#27;[32mSave 7c17d12f-c2e3-4f8a-8732-4c262d8b4319(uuid9107)
сент. 16, 2025 8:21:57 PM webapp.storage.AbstractStorage save
INFO: &amp#27;[32mSave 6b9e3479-0890-46e7-af1f-182691328cdb(uuid9108)
сент. 16, 2025 8:21:57 PM webapp.storage.AbstractStorage save
INFO: &amp#27;[32mSave 9690ebea-1804-4ebd-b1c9-8d54ee1c1434(uuid9109)
сент. 16, 2025 8:21:57 PM webapp.storage.AbstractStorage save
INFO: &amp#27;[32mSave 21324b8e-9603-4f3d-a078-739f6e8a3194(uuid9110)
сент. 16, 2025 8:21:57 PM webapp.storage.AbstractStorage save
INFO: &amp#27;[32mSave e5e2b575-afa8-4e5f-bd52-11f8d175f19f(uuid9111)
сент. 16, 2025 8:21:57 PM webapp.storage.AbstractStorage save
INFO: &amp#27;[32mSave d0aefee2-6e40-4d8c-a1bc-393fdae8e906(uuid9112)
сент. 16, 2025 8:21:57 PM webapp.storage.AbstractStorage save
INFO: &amp#27;[32mSave 49d4d0d9-bafd-4ddf-bc98-87dbcb49d6ad(uuid9113)
сент. 16, 2025 8:21:57 PM webapp.storage.AbstractStorage save
INFO: &amp#27;[32mSave cd8cf8cf-bde8-4375-8e6b-002f6f3bc448(uuid9114)
сент. 16, 2025 8:21:57 PM webapp.storage.AbstractStorage save
INFO: &amp#27;[32mSave 6af2ce16-3a86-4e60-b1fb-618a024e83e3(uuid9115)
сент. 16, 2025 8:21:57 PM webapp.storage.AbstractStorage save
INFO: &amp#27;[32mSave 5750a756-e38d-41d8-9456-ad35d23555a2(uuid9116)
сент. 16, 2025 8:21:57 PM webapp.storage.AbstractStorage save
INFO: &amp#27;[32mSave a0761528-9483-4d44-8426-e1776ff03d0b(uuid9117)
сент. 16, 2025 8:21:57 PM webapp.storage.AbstractStorage save
INFO: &amp#27;[32mSave 863df97d-7f54-44a3-93bf-9702f55a6894(uuid9118)
сент. 16, 2025 8:21:57 PM webapp.storage.AbstractStorage save
INFO: &amp#27;[32mSave 97afcc1c-a094-4301-8060-0518c9806401(uuid9119)
сент. 16, 2025 8:21:57 PM webapp.storage.AbstractStorage save
INFO: &amp#27;[32mSave dfd36a9c-e877-41fb-912d-48c335db45ed(uuid9120)
сент. 16, 2025 8:21:57 PM webapp.storage.AbstractStorage save
INFO: &amp#27;[32mSave 41fc7b80-5b45-40c2-80ed-3b730d181dc1(uuid9121)
сент. 16, 2025 8:21:57 PM webapp.storage.AbstractStorage save
INFO: &amp#27;[32mSave 96acd395-c55c-4179-82a8-16f816349ee9(uuid9122)
сент. 16, 2025 8:21:57 PM webapp.storage.AbstractStorage save
INFO: &amp#27;[32mSave 69a45de6-c117-446e-b638-bf2bd5639ca8(uuid9123)
сент. 16, 2025 8:21:57 PM webapp.storage.AbstractStorage save
INFO: &amp#27;[32mSave 567a894d-24c1-4c5d-a346-2c9b8978f133(uuid9124)
сент. 16, 2025 8:21:57 PM webapp.storage.AbstractStorage save
INFO: &amp#27;[32mSave 3b71c11f-61f5-4d64-b975-d1588b312820(uuid9125)
сент. 16, 2025 8:21:57 PM webapp.storage.AbstractStorage save
INFO: &amp#27;[32mSave e0e0c501-6ece-4a8d-99f1-f198eedf6bbe(uuid9126)
сент. 16, 2025 8:21:57 PM webapp.storage.AbstractStorage save
INFO: &amp#27;[32mSave 4c6b2062-b375-4bac-98fb-dbaa7bd5f83f(uuid9127)
сент. 16, 2025 8:21:57 PM webapp.storage.AbstractStorage save
INFO: &amp#27;[32mSave 22364adc-3c74-4879-a590-b5fb2ea6b934(uuid9128)
сент. 16, 2025 8:21:57 PM webapp.storage.AbstractStorage save
INFO: &amp#27;[32mSave 34f9c6ba-8e98-4a2f-82e3-4f9b27cb731d(uuid9129)
сент. 16, 2025 8:21:57 PM webapp.storage.AbstractStorage save
INFO: &amp#27;[32mSave 2dfec0c5-65ab-450d-95df-20ff16db4473(uuid9130)
сент. 16, 2025 8:21:57 PM webapp.storage.AbstractStorage save
INFO: &amp#27;[32mSave 45fe8949-9322-48f5-a198-5cdb779c453b(uuid9131)
сент. 16, 2025 8:21:57 PM webapp.storage.AbstractStorage save
INFO: &amp#27;[32mSave 20c088ac-75e8-4b8d-bd0b-a0123a5a79bd(uuid9132)
сент. 16, 2025 8:21:57 PM webapp.storage.AbstractStorage save
INFO: &amp#27;[32mSave bcd826f9-7c19-4af3-b369-1f6d1fdfe3bb(uuid9133)
сент. 16, 2025 8:21:57 PM webapp.storage.AbstractStorage save
INFO: &amp#27;[32mSave 5b06c074-f304-4d74-a2b7-b766b45cfa38(uuid9134)
сент. 16, 2025 8:21:57 PM webapp.storage.AbstractStorage save
INFO: &amp#27;[32mSave 1cb8ad5a-1283-46e3-b201-836b743aabcb(uuid9135)
сент. 16, 2025 8:21:57 PM webapp.storage.AbstractStorage save
INFO: &amp#27;[32mSave ac043889-17c7-492b-9fcd-7d2c204efc1c(uuid9136)
сент. 16, 2025 8:21:57 PM webapp.storage.AbstractStorage save
INFO: &amp#27;[32mSave c829dc18-046d-469c-b3d6-4758c01b03d8(uuid9137)
сент. 16, 2025 8:21:57 PM webapp.storage.AbstractStorage save
INFO: &amp#27;[32mSave be4069b3-131f-4732-b459-167d6654a771(uuid9138)
сент. 16, 2025 8:21:57 PM webapp.storage.AbstractStorage save
INFO: &amp#27;[32mSave 1bfd1756-11f3-4ac1-8b75-e9dff73eb556(uuid9139)
сент. 16, 2025 8:21:57 PM webapp.storage.AbstractStorage save
INFO: &amp#27;[32mSave f0b07a12-5d79-4051-baa8-8839f5a81eb0(uuid9140)
сент. 16, 2025 8:21:57 PM webapp.storage.AbstractStorage save
INFO: &amp#27;[32mSave 2366eb60-1ea5-4568-bec8-446210f8f640(uuid9141)
сент. 16, 2025 8:21:57 PM webapp.storage.AbstractStorage save
INFO: &amp#27;[32mSave 52601895-931d-49da-96c0-4a6c1be86c46(uuid9142)
сент. 16, 2025 8:21:57 PM webapp.storage.AbstractStorage save
INFO: &amp#27;[32mSave ad716591-5b04-4c48-9213-ca11e6c56683(uuid9143)
сент. 16, 2025 8:21:57 PM webapp.storage.AbstractStorage save
INFO: &amp#27;[32mSave f4764eb1-d1e7-452a-ba76-cfd49111e58d(uuid9144)
сент. 16, 2025 8:21:57 PM webapp.storage.AbstractStorage save
INFO: &amp#27;[32mSave 07ea9e27-ddac-4a8f-9707-1f3371e942dc(uuid9145)
сент. 16, 2025 8:21:57 PM webapp.storage.AbstractStorage save
INFO: &amp#27;[32mSave bd66c99b-696d-4099-abcd-349efcf37513(uuid9146)
сент. 16, 2025 8:21:57 PM webapp.storage.AbstractStorage save
INFO: &amp#27;[32mSave 4570ea6d-72dd-4993-b959-15a5d28e25ec(uuid9147)
сент. 16, 2025 8:21:57 PM webapp.storage.AbstractStorage save
INFO: &amp#27;[32mSave 7e7808ad-3212-4d70-9a53-a291c5127c9f(uuid9148)
сент. 16, 2025 8:21:57 PM webapp.storage.AbstractStorage save
INFO: &amp#27;[32mSave 37d1d332-b19f-4ae1-b605-4bb51fb9ff7b(uuid9149)
сент. 16, 2025 8:21:57 PM webapp.storage.AbstractStorage save
INFO: &amp#27;[32mSave 48536fae-1f4e-4539-99b7-684b1a71eaa0(uuid9150)
сент. 16, 2025 8:21:57 PM webapp.storage.AbstractStorage save
INFO: &amp#27;[32mSave 0b46ac6c-1533-4157-8a16-b671b8ae1f9e(uuid9151)
сент. 16, 2025 8:21:57 PM webapp.storage.AbstractStorage save
INFO: &amp#27;[32mSave b4588187-7c5f-497a-a526-45f942b3aeef(uuid9152)
сент. 16, 2025 8:21:57 PM webapp.storage.AbstractStorage save
INFO: &amp#27;[32mSave e1142879-f96f-416d-ad41-1f16b70bc4e7(uuid9153)
сент. 16, 2025 8:21:57 PM webapp.storage.AbstractStorage save
INFO: &amp#27;[32mSave fae4b0f7-c92b-48db-9fc6-6e87ea3b4cdc(uuid9154)
сент. 16, 2025 8:21:57 PM webapp.storage.AbstractStorage save
INFO: &amp#27;[32mSave 7f052974-ba5b-4bbe-ac7d-9831e73b722c(uuid9155)
сент. 16, 2025 8:21:57 PM webapp.storage.AbstractStorage save
INFO: &amp#27;[32mSave 9cc4b6b3-5e25-47fe-bb1e-081f9fffae27(uuid9156)
сент. 16, 2025 8:21:57 PM webapp.storage.AbstractStorage save
INFO: &amp#27;[32mSave 5fa12da5-6285-4e06-bf74-0377d88fa8f1(uuid9157)
сент. 16, 2025 8:21:57 PM webapp.storage.AbstractStorage save
INFO: &amp#27;[32mSave 93eef421-41b3-43cc-ae84-c3e965804618(uuid9158)
сент. 16, 2025 8:21:57 PM webapp.storage.AbstractStorage save
INFO: &amp#27;[32mSave a529aee2-507c-4161-b625-4b89b8de7287(uuid9159)
сент. 16, 2025 8:21:57 PM webapp.storage.AbstractStorage save
INFO: &amp#27;[32mSave 831fd7a5-a6ba-4b60-83bf-581b0b329c37(uuid9160)
сент. 16, 2025 8:21:57 PM webapp.storage.AbstractStorage save
INFO: &amp#27;[32mSave 8c3de680-4793-4be0-afd0-2db368fbba20(uuid9161)
сент. 16, 2025 8:21:57 PM webapp.storage.AbstractStorage save
INFO: &amp#27;[32mSave 1f44eb4b-6b5b-422b-a9e5-3c95f0fe9890(uuid9162)
сент. 16, 2025 8:21:57 PM webapp.storage.AbstractStorage save
INFO: &amp#27;[32mSave fbd0b3aa-a890-4281-a47d-bc0565f001ba(uuid9163)
сент. 16, 2025 8:21:57 PM webapp.storage.AbstractStorage save
INFO: &amp#27;[32mSave 527d03c7-ee8d-48e3-90e3-a8a1183a1d7a(uuid9164)
сент. 16, 2025 8:21:57 PM webapp.storage.AbstractStorage save
INFO: &amp#27;[32mSave cf58fe5f-916c-4cdd-b0eb-2c4203b8d2da(uuid9165)
сент. 16, 2025 8:21:57 PM webapp.storage.AbstractStorage save
INFO: &amp#27;[32mSave 4e419762-f30b-4d61-b131-51e904be54aa(uuid9166)
сент. 16, 2025 8:21:57 PM webapp.storage.AbstractStorage save
INFO: &amp#27;[32mSave b781d139-5bc0-4eca-8f5b-6d2b9d4edcc0(uuid9167)
сент. 16, 2025 8:21:57 PM webapp.storage.AbstractStorage save
INFO: &amp#27;[32mSave f51094c1-c058-449e-930a-ff1ae4bbd0bb(uuid9168)
сент. 16, 2025 8:21:57 PM webapp.storage.AbstractStorage save
INFO: &amp#27;[32mSave 95a52649-ac26-4429-a56a-c955100b1de5(uuid9169)
сент. 16, 2025 8:21:57 PM webapp.storage.AbstractStorage save
INFO: &amp#27;[32mSave 81151499-f684-42c9-a644-5aac0017e47e(uuid9170)
сент. 16, 2025 8:21:57 PM webapp.storage.AbstractStorage save
INFO: &amp#27;[32mSave 720080fc-1ee6-4bed-a200-c6d4ad0ba51b(uuid9171)
сент. 16, 2025 8:21:57 PM webapp.storage.AbstractStorage save
INFO: &amp#27;[32mSave 0d253bf5-5da7-403a-b6b6-6405eb6349ea(uuid9172)
сент. 16, 2025 8:21:57 PM webapp.storage.AbstractStorage save
INFO: &amp#27;[32mSave 64df310b-dd72-403e-bb30-4af91f4c132e(uuid9173)
сент. 16, 2025 8:21:57 PM webapp.storage.AbstractStorage save
INFO: &amp#27;[32mSave ba38077f-add7-4eea-bd27-77cd1503d014(uuid9174)
сент. 16, 2025 8:21:57 PM webapp.storage.AbstractStorage save
INFO: &amp#27;[32mSave b4dd16ce-4874-428e-8a5c-35b9a180c414(uuid9175)
сент. 16, 2025 8:21:57 PM webapp.storage.AbstractStorage save
INFO: &amp#27;[32mSave 16f3303c-6bd2-404e-aa75-12dbc6598997(uuid9176)
сент. 16, 2025 8:21:57 PM webapp.storage.AbstractStorage save
INFO: &amp#27;[32mSave 538809a3-3ccf-4f54-a081-299b73fae5a7(uuid9177)
сент. 16, 2025 8:21:57 PM webapp.storage.AbstractStorage save
INFO: &amp#27;[32mSave 41c58b38-2ae2-43b4-bdce-1e88703b9b37(uuid9178)
сент. 16, 2025 8:21:57 PM webapp.storage.AbstractStorage save
INFO: &amp#27;[32mSave 15a7fe7a-6fff-45d1-ad5b-573eb12f0a29(uuid9179)
сент. 16, 2025 8:21:57 PM webapp.storage.AbstractStorage save
INFO: &amp#27;[32mSave 490a49bb-dc55-484d-9fbf-0be8119804f1(uuid9180)
сент. 16, 2025 8:21:57 PM webapp.storage.AbstractStorage save
INFO: &amp#27;[32mSave 33b88867-c652-4409-a174-76a4e0f23db3(uuid9181)
сент. 16, 2025 8:21:57 PM webapp.storage.AbstractStorage save
INFO: &amp#27;[32mSave e189421d-bda2-44ad-bd5d-c1e38e7f24b0(uuid9182)
сент. 16, 2025 8:21:57 PM webapp.storage.AbstractStorage save
INFO: &amp#27;[32mSave dc7589f9-0896-469e-8d7d-fb3eecfa7116(uuid9183)
сент. 16, 2025 8:21:57 PM webapp.storage.AbstractStorage save
INFO: &amp#27;[32mSave 1b143724-39da-4d4e-8bde-151d09c95bb8(uuid9184)
сент. 16, 2025 8:21:57 PM webapp.storage.AbstractStorage save
INFO: &amp#27;[32mSave b69103f3-ba15-45c0-9d17-db747c91ae16(uuid9185)
сент. 16, 2025 8:21:57 PM webapp.storage.AbstractStorage save
INFO: &amp#27;[32mSave 3cd52dda-68e0-4fe7-b027-3bb649d80bd1(uuid9186)
сент. 16, 2025 8:21:57 PM webapp.storage.AbstractStorage save
INFO: &amp#27;[32mSave 8b3f5dbd-9621-43be-87b2-f9b53a295582(uuid9187)
сент. 16, 2025 8:21:57 PM webapp.storage.AbstractStorage save
INFO: &amp#27;[32mSave 8b729420-cc25-4752-a5e6-05b40da172ed(uuid9188)
сент. 16, 2025 8:21:57 PM webapp.storage.AbstractStorage save
INFO: &amp#27;[32mSave 26fa1d81-c543-4205-a19e-5c6a1ddee6fc(uuid9189)
сент. 16, 2025 8:21:57 PM webapp.storage.AbstractStorage save
INFO: &amp#27;[32mSave 91103abc-d5df-424f-8ada-83dd05721451(uuid9190)
сент. 16, 2025 8:21:57 PM webapp.storage.AbstractStorage save
INFO: &amp#27;[32mSave e8998e41-010b-4f64-984a-dd7708cb5da5(uuid9191)
сент. 16, 2025 8:21:57 PM webapp.storage.AbstractStorage save
INFO: &amp#27;[32mSave 500090cf-a238-4f10-81d4-e7a9055e13d9(uuid9192)
сент. 16, 2025 8:21:57 PM webapp.storage.AbstractStorage save
INFO: &amp#27;[32mSave 5f47c16b-086b-42e2-be4f-ab8ef4260341(uuid9193)
сент. 16, 2025 8:21:57 PM webapp.storage.AbstractStorage save
INFO: &amp#27;[32mSave 6b9ea353-66a8-4c59-8622-47f4259c7485(uuid9194)
сент. 16, 2025 8:21:57 PM webapp.storage.AbstractStorage save
INFO: &amp#27;[32mSave 9d94dd77-7d3f-4cc8-9183-d43fd86e9a17(uuid9195)
сент. 16, 2025 8:21:57 PM webapp.storage.AbstractStorage save
INFO: &amp#27;[32mSave 8c799c8a-a430-4824-9be9-5fcf11b712c0(uuid9196)
сент. 16, 2025 8:21:57 PM webapp.storage.AbstractStorage save
INFO: &amp#27;[32mSave 256b0d60-9c1a-44b4-b509-424cc988545a(uuid9197)
сент. 16, 2025 8:21:57 PM webapp.storage.AbstractStorage save
INFO: &amp#27;[32mSave 18a1d8c8-5ccf-4976-9fef-647b19456800(uuid9198)
сент. 16, 2025 8:21:57 PM webapp.storage.AbstractStorage save
INFO: &amp#27;[32mSave b22b503f-d964-48eb-b130-e4d36c052dc6(uuid9199)
сент. 16, 2025 8:21:57 PM webapp.storage.AbstractStorage save
INFO: &amp#27;[32mSave 26e4e103-eb63-47dd-8559-44b7b31dbd78(uuid9200)
сент. 16, 2025 8:21:57 PM webapp.storage.AbstractStorage save
INFO: &amp#27;[32mSave 89ce0851-bb4c-4d12-9b7d-d2c5a1b08649(uuid9201)
сент. 16, 2025 8:21:57 PM webapp.storage.AbstractStorage save
INFO: &amp#27;[32mSave 95d23981-f7f5-4b3b-837d-c56ba6d8d199(uuid9202)
сент. 16, 2025 8:21:57 PM webapp.storage.AbstractStorage save
INFO: &amp#27;[32mSave 01481058-ef6d-4e8c-979d-077abe182791(uuid9203)
сент. 16, 2025 8:21:57 PM webapp.storage.AbstractStorage save
INFO: &amp#27;[32mSave 594c99d7-975d-4012-9c1d-4b386f9c22b7(uuid9204)
сент. 16, 2025 8:21:57 PM webapp.storage.AbstractStorage save
INFO: &amp#27;[32mSave 49b92041-35a0-482f-b81a-49955759f8c5(uuid9205)
сент. 16, 2025 8:21:57 PM webapp.storage.AbstractStorage save
INFO: &amp#27;[32mSave 887d2994-2ec1-4cbc-ae72-10616d727135(uuid9206)
сент. 16, 2025 8:21:57 PM webapp.storage.AbstractStorage save
INFO: &amp#27;[32mSave 76f56844-c8f9-4ff9-bc9b-f8aded5bbb1a(uuid9207)
сент. 16, 2025 8:21:57 PM webapp.storage.AbstractStorage save
INFO: &amp#27;[32mSave 181aebe3-830d-451d-a924-d772770d9977(uuid9208)
сент. 16, 2025 8:21:57 PM webapp.storage.AbstractStorage save
INFO: &amp#27;[32mSave 0a6ad1f3-7af1-4747-9835-7b6e7b6f54c5(uuid9209)
сент. 16, 2025 8:21:57 PM webapp.storage.AbstractStorage save
INFO: &amp#27;[32mSave 7c77296b-e184-4c10-b973-df10bcdc703b(uuid9210)
сент. 16, 2025 8:21:57 PM webapp.storage.AbstractStorage save
INFO: &amp#27;[32mSave 4b0d1bf8-cc10-4d3a-beda-ff77098c753c(uuid9211)
сент. 16, 2025 8:21:57 PM webapp.storage.AbstractStorage save
INFO: &amp#27;[32mSave 56c59c4d-5b6a-4b91-adbf-905341a13ad0(uuid9212)
сент. 16, 2025 8:21:57 PM webapp.storage.AbstractStorage save
INFO: &amp#27;[32mSave d82dcd04-29fa-4bd5-9fd1-f5b966c66aeb(uuid9213)
сент. 16, 2025 8:21:57 PM webapp.storage.AbstractStorage save
INFO: &amp#27;[32mSave 66460de7-5768-411f-be03-35d6e9619189(uuid9214)
сент. 16, 2025 8:21:57 PM webapp.storage.AbstractStorage save
INFO: &amp#27;[32mSave 0a10f42a-62fc-4ff0-a73b-3cecc7202c04(uuid9215)
сент. 16, 2025 8:21:57 PM webapp.storage.AbstractStorage save
INFO: &amp#27;[32mSave 4bfbc8a8-ae0f-4cbc-a4df-50346d511823(uuid9216)
сент. 16, 2025 8:21:57 PM webapp.storage.AbstractStorage save
INFO: &amp#27;[32mSave 38a39f20-74bf-4b52-bbee-b4415841e46c(uuid9217)
сент. 16, 2025 8:21:57 PM webapp.storage.AbstractStorage save
INFO: &amp#27;[32mSave fd0993dc-a01d-4331-8fb5-5b58642fe2fb(uuid9218)
сент. 16, 2025 8:21:57 PM webapp.storage.AbstractStorage save
INFO: &amp#27;[32mSave 1c0a1228-4f3c-4501-8c5b-7db4aead9c8d(uuid9219)
сент. 16, 2025 8:21:57 PM webapp.storage.AbstractStorage save
INFO: &amp#27;[32mSave 1d08e486-5a28-40ee-b577-cc5e8e1f9b78(uuid9220)
сент. 16, 2025 8:21:57 PM webapp.storage.AbstractStorage save
INFO: &amp#27;[32mSave 0f6a04ab-fdbc-48e5-b2e4-a13be3ad62ba(uuid9221)
сент. 16, 2025 8:21:57 PM webapp.storage.AbstractStorage save
INFO: &amp#27;[32mSave 906576e5-ea5a-44c1-bcb1-75a3b3a1a65b(uuid9222)
сент. 16, 2025 8:21:57 PM webapp.storage.AbstractStorage save
INFO: &amp#27;[32mSave 018c8a05-88da-4d53-9448-937fa8c3d4ac(uuid9223)
сент. 16, 2025 8:21:57 PM webapp.storage.AbstractStorage save
INFO: &amp#27;[32mSave c29b9895-8f98-4eca-a335-02e292d950dd(uuid9224)
сент. 16, 2025 8:21:57 PM webapp.storage.AbstractStorage save
INFO: &amp#27;[32mSave 43d826a8-80ba-4681-abe1-474302237789(uuid9225)
сент. 16, 2025 8:21:57 PM webapp.storage.AbstractStorage save
INFO: &amp#27;[32mSave d5737782-26f0-47be-b0f9-7515d3588a39(uuid9226)
сент. 16, 2025 8:21:57 PM webapp.storage.AbstractStorage save
INFO: &amp#27;[32mSave 43e298e7-4d9e-4c10-90d1-9b1a3d203b83(uuid9227)
сент. 16, 2025 8:21:57 PM webapp.storage.AbstractStorage save
INFO: &amp#27;[32mSave 53678659-d1fc-4270-8f38-b8cc184492d1(uuid9228)
сент. 16, 2025 8:21:57 PM webapp.storage.AbstractStorage save
INFO: &amp#27;[32mSave 80c40953-1a73-45c6-bf87-c715589e07e4(uuid9229)
сент. 16, 2025 8:21:57 PM webapp.storage.AbstractStorage save
INFO: &amp#27;[32mSave d59e981f-ff84-4cf3-93dc-050273bd9cb1(uuid9230)
сент. 16, 2025 8:21:57 PM webapp.storage.AbstractStorage save
INFO: &amp#27;[32mSave bd07ce61-7eff-42e1-8074-959eb37d2a75(uuid9231)
сент. 16, 2025 8:21:57 PM webapp.storage.AbstractStorage save
INFO: &amp#27;[32mSave 5b667106-31ec-4f02-b069-41868850c443(uuid9232)
сент. 16, 2025 8:21:57 PM webapp.storage.AbstractStorage save
INFO: &amp#27;[32mSave 2a6c9dee-2fb0-4db2-8123-fcbc726de8f7(uuid9233)
сент. 16, 2025 8:21:57 PM webapp.storage.AbstractStorage save
INFO: &amp#27;[32mSave 2da3c3e6-7f50-4f61-9f4e-6be333e1fc3f(uuid9234)
сент. 16, 2025 8:21:57 PM webapp.storage.AbstractStorage save
INFO: &amp#27;[32mSave 8aba1775-5fb1-4568-a540-f5b145e4d04b(uuid9235)
сент. 16, 2025 8:21:57 PM webapp.storage.AbstractStorage save
INFO: &amp#27;[32mSave 84744cf7-6d6a-4f3d-81d5-ae6a5356ede8(uuid9236)
сент. 16, 2025 8:21:57 PM webapp.storage.AbstractStorage save
INFO: &amp#27;[32mSave 8b249359-18e8-4880-b7ec-5d1bb7c27f86(uuid9237)
сент. 16, 2025 8:21:57 PM webapp.storage.AbstractStorage save
INFO: &amp#27;[32mSave 69bb8834-90ae-4a1c-8d12-be8173a443f9(uuid9238)
сент. 16, 2025 8:21:57 PM webapp.storage.AbstractStorage save
INFO: &amp#27;[32mSave 3a84914d-fcd8-4ef4-96f2-cb424033ce23(uuid9239)
сент. 16, 2025 8:21:57 PM webapp.storage.AbstractStorage save
INFO: &amp#27;[32mSave e31d33a7-3a38-41be-91aa-e959fc6e6c94(uuid9240)
сент. 16, 2025 8:21:57 PM webapp.storage.AbstractStorage save
INFO: &amp#27;[32mSave 55ea1d6d-7d3e-4e74-8416-ce209028351e(uuid9241)
сент. 16, 2025 8:21:57 PM webapp.storage.AbstractStorage save
INFO: &amp#27;[32mSave 7b2ccbeb-9ce7-41eb-b9af-2d5d40fcfd0b(uuid9242)
сент. 16, 2025 8:21:57 PM webapp.storage.AbstractStorage save
INFO: &amp#27;[32mSave 7a4d5a92-90b8-4620-82cc-45dcaf61488f(uuid9243)
сент. 16, 2025 8:21:57 PM webapp.storage.AbstractStorage save
INFO: &amp#27;[32mSave b4b054c0-a6d8-410b-8a61-9c4191eeeeba(uuid9244)
сент. 16, 2025 8:21:57 PM webapp.storage.AbstractStorage save
INFO: &amp#27;[32mSave c51a1b07-3510-40c4-b2f6-d6c2c8ce08e5(uuid9245)
сент. 16, 2025 8:21:57 PM webapp.storage.AbstractStorage save
INFO: &amp#27;[32mSave edc62f9d-7549-45fe-b744-5d2e63f450b6(uuid9246)
сент. 16, 2025 8:21:57 PM webapp.storage.AbstractStorage save
INFO: &amp#27;[32mSave cde780a1-7045-42dc-89e8-83c81fd68031(uuid9247)
сент. 16, 2025 8:21:57 PM webapp.storage.AbstractStorage save
INFO: &amp#27;[32mSave 4593794e-58b8-4c9d-b329-ba2acca025b1(uuid9248)
сент. 16, 2025 8:21:57 PM webapp.storage.AbstractStorage save
INFO: &amp#27;[32mSave 410bffd1-6606-4c6b-b365-c77509fed196(uuid9249)
сент. 16, 2025 8:21:57 PM webapp.storage.AbstractStorage save
INFO: &amp#27;[32mSave adbe2c7b-a2d1-4449-868d-369e6da88bb7(uuid9250)
сент. 16, 2025 8:21:57 PM webapp.storage.AbstractStorage save
INFO: &amp#27;[32mSave ba3b8171-1cb6-405b-8a84-1c69b7f20032(uuid9251)
сент. 16, 2025 8:21:57 PM webapp.storage.AbstractStorage save
INFO: &amp#27;[32mSave 96d617a2-967d-4609-95b6-4f5a421a1479(uuid9252)
сент. 16, 2025 8:21:57 PM webapp.storage.AbstractStorage save
INFO: &amp#27;[32mSave e2bb9662-63af-40ff-a38a-eb239e2c634a(uuid9253)
сент. 16, 2025 8:21:57 PM webapp.storage.AbstractStorage save
INFO: &amp#27;[32mSave 72e6a777-5a11-4777-a346-db50f081cf46(uuid9254)
сент. 16, 2025 8:21:57 PM webapp.storage.AbstractStorage save
INFO: &amp#27;[32mSave 498f446f-f35f-48ff-bcc8-f773b23e3491(uuid9255)
сент. 16, 2025 8:21:57 PM webapp.storage.AbstractStorage save
INFO: &amp#27;[32mSave cb9b4e2c-c81d-4ef3-8ade-7f2921369f51(uuid9256)
сент. 16, 2025 8:21:57 PM webapp.storage.AbstractStorage save
INFO: &amp#27;[32mSave db3de23b-38ff-438f-8aac-926a6d18023e(uuid9257)
сент. 16, 2025 8:21:57 PM webapp.storage.AbstractStorage save
INFO: &amp#27;[32mSave 58123fe4-d0f2-4372-943f-a7a77c0049b8(uuid9258)
сент. 16, 2025 8:21:57 PM webapp.storage.AbstractStorage save
INFO: &amp#27;[32mSave 98dbd8c2-66a9-40c3-a5fa-4d7d12091cde(uuid9259)
сент. 16, 2025 8:21:57 PM webapp.storage.AbstractStorage save
INFO: &amp#27;[32mSave f3f27c71-caa0-455d-802f-6393d64da373(uuid9260)
сент. 16, 2025 8:21:57 PM webapp.storage.AbstractStorage save
INFO: &amp#27;[32mSave 592e06b9-4c8b-4f4a-a26e-3bd30bc1d1bd(uuid9261)
сент. 16, 2025 8:21:57 PM webapp.storage.AbstractStorage save
INFO: &amp#27;[32mSave 8805f1f6-76f0-433d-a308-952a52b68b23(uuid9262)
сент. 16, 2025 8:21:57 PM webapp.storage.AbstractStorage save
INFO: &amp#27;[32mSave ddc719fa-f352-48d0-9e5d-56bd583c1e5a(uuid9263)
сент. 16, 2025 8:21:57 PM webapp.storage.AbstractStorage save
INFO: &amp#27;[32mSave 9d3291c9-045a-4242-bb38-bbfbe2d12e81(uuid9264)
сент. 16, 2025 8:21:57 PM webapp.storage.AbstractStorage save
INFO: &amp#27;[32mSave 1a2e7fd3-6f6a-4907-92d0-78e3f9f5bd50(uuid9265)
сент. 16, 2025 8:21:57 PM webapp.storage.AbstractStorage save
INFO: &amp#27;[32mSave 51469d52-c5fc-43bb-8327-4fdbce58565c(uuid9266)
сент. 16, 2025 8:21:57 PM webapp.storage.AbstractStorage save
INFO: &amp#27;[32mSave 26d04c34-85c7-4041-bd96-f2b412a2aa4d(uuid9267)
сент. 16, 2025 8:21:57 PM webapp.storage.AbstractStorage save
INFO: &amp#27;[32mSave 942e4f6d-0895-48a5-905d-b966fe8476fb(uuid9268)
сент. 16, 2025 8:21:57 PM webapp.storage.AbstractStorage save
INFO: &amp#27;[32mSave 2de73c52-692b-418d-adc3-82afe58edf59(uuid9269)
сент. 16, 2025 8:21:57 PM webapp.storage.AbstractStorage save
INFO: &amp#27;[32mSave c96f1105-1951-4403-8b99-080664a533cc(uuid9270)
сент. 16, 2025 8:21:57 PM webapp.storage.AbstractStorage save
INFO: &amp#27;[32mSave e8c9ed22-205f-44d6-a6a1-1642e661c931(uuid9271)
сент. 16, 2025 8:21:57 PM webapp.storage.AbstractStorage save
INFO: &amp#27;[32mSave a563182a-c877-42a4-902c-6939f7741827(uuid9272)
сент. 16, 2025 8:21:57 PM webapp.storage.AbstractStorage save
INFO: &amp#27;[32mSave f9209912-3aaf-49ff-b42b-e883f90c80c1(uuid9273)
сент. 16, 2025 8:21:57 PM webapp.storage.AbstractStorage save
INFO: &amp#27;[32mSave f07233fe-d81e-4ed3-8f63-4c742f1cd674(uuid9274)
сент. 16, 2025 8:21:57 PM webapp.storage.AbstractStorage save
INFO: &amp#27;[32mSave 2243c4d0-60e8-46d5-9ebb-2b00a8e4909d(uuid9275)
сент. 16, 2025 8:21:57 PM webapp.storage.AbstractStorage save
INFO: &amp#27;[32mSave c84d442c-5dca-4a1d-972c-581dbfb04bcf(uuid9276)
сент. 16, 2025 8:21:57 PM webapp.storage.AbstractStorage save
INFO: &amp#27;[32mSave 9635c973-fcbe-4772-bff9-342b16164b33(uuid9277)
сент. 16, 2025 8:21:57 PM webapp.storage.AbstractStorage save
INFO: &amp#27;[32mSave 24faa215-171e-4a97-8064-24cc71ee8260(uuid9278)
сент. 16, 2025 8:21:57 PM webapp.storage.AbstractStorage save
INFO: &amp#27;[32mSave 50e35153-dd37-434b-abfc-c7e3d3e895d4(uuid9279)
сент. 16, 2025 8:21:57 PM webapp.storage.AbstractStorage save
INFO: &amp#27;[32mSave 2c8ad3c6-ec09-402a-ad2a-b3fde1a015f6(uuid9280)
сент. 16, 2025 8:21:57 PM webapp.storage.AbstractStorage save
INFO: &amp#27;[32mSave e3d5982c-5d4c-4af8-96d3-d8f23233dbfd(uuid9281)
сент. 16, 2025 8:21:57 PM webapp.storage.AbstractStorage save
INFO: &amp#27;[32mSave 71e3f44e-40ae-4bea-b521-63959d10a8e6(uuid9282)
сент. 16, 2025 8:21:57 PM webapp.storage.AbstractStorage save
INFO: &amp#27;[32mSave 75ce8b2f-58c4-4fc0-93f9-612f01dd4473(uuid9283)
сент. 16, 2025 8:21:57 PM webapp.storage.AbstractStorage save
INFO: &amp#27;[32mSave 0d92e8ce-54be-45c1-a393-0be26d3ab437(uuid9284)
сент. 16, 2025 8:21:57 PM webapp.storage.AbstractStorage save
INFO: &amp#27;[32mSave 22b85a88-8fce-4644-b366-c664151b3f8f(uuid9285)
сент. 16, 2025 8:21:57 PM webapp.storage.AbstractStorage save
INFO: &amp#27;[32mSave 290da7a9-5227-4517-9d85-d3887085445d(uuid9286)
сент. 16, 2025 8:21:57 PM webapp.storage.AbstractStorage save
INFO: &amp#27;[32mSave ba471de0-ac4b-47af-96d3-388ac3285811(uuid9287)
сент. 16, 2025 8:21:57 PM webapp.storage.AbstractStorage save
INFO: &amp#27;[32mSave d7f4c5ec-da79-4a23-a2a6-0216f63c36a7(uuid9288)
сент. 16, 2025 8:21:57 PM webapp.storage.AbstractStorage save
INFO: &amp#27;[32mSave 48f468fc-35bb-4be4-a330-27fa5f964d53(uuid9289)
сент. 16, 2025 8:21:57 PM webapp.storage.AbstractStorage save
INFO: &amp#27;[32mSave 5b219baf-0046-4c59-a1e4-198a9ed25d23(uuid9290)
сент. 16, 2025 8:21:57 PM webapp.storage.AbstractStorage save
INFO: &amp#27;[32mSave ea1eb772-331b-44aa-ad49-6f65ecf7f357(uuid9291)
сент. 16, 2025 8:21:57 PM webapp.storage.AbstractStorage save
INFO: &amp#27;[32mSave f43f54e0-406f-4c3c-8feb-5008ed04dfe3(uuid9292)
сент. 16, 2025 8:21:57 PM webapp.storage.AbstractStorage save
INFO: &amp#27;[32mSave 7d7d5adb-5588-41c7-a2f7-d39149b788fe(uuid9293)
сент. 16, 2025 8:21:57 PM webapp.storage.AbstractStorage save
INFO: &amp#27;[32mSave 1f77a8ec-87da-4077-9aed-472bb9246b8b(uuid9294)
сент. 16, 2025 8:21:57 PM webapp.storage.AbstractStorage save
INFO: &amp#27;[32mSave 8ab3ce13-b6e4-45af-83e3-eb99f010ce8c(uuid9295)
сент. 16, 2025 8:21:57 PM webapp.storage.AbstractStorage save
INFO: &amp#27;[32mSave 47b778ab-c727-4cb5-b758-c90ab6bada45(uuid9296)
сент. 16, 2025 8:21:57 PM webapp.storage.AbstractStorage save
INFO: &amp#27;[32mSave 03cb855a-850b-4b76-9108-7c428ed48c12(uuid9297)
сент. 16, 2025 8:21:57 PM webapp.storage.AbstractStorage save
INFO: &amp#27;[32mSave 85557270-06e7-4eca-aee1-5269f946753e(uuid9298)
сент. 16, 2025 8:21:57 PM webapp.storage.AbstractStorage save
INFO: &amp#27;[32mSave 9958b1a5-7ecb-4e53-8d8e-55c70b32f3c0(uuid9299)
сент. 16, 2025 8:21:57 PM webapp.storage.AbstractStorage save
INFO: &amp#27;[32mSave ed6c1dd4-55cc-4820-bc7d-6b1c92bb9de8(uuid9300)
сент. 16, 2025 8:21:57 PM webapp.storage.AbstractStorage save
INFO: &amp#27;[32mSave ca89c4bd-ec6f-4116-aa80-6a3454bb01dd(uuid9301)
сент. 16, 2025 8:21:57 PM webapp.storage.AbstractStorage save
INFO: &amp#27;[32mSave 6e1b50aa-ee0d-46e2-90fe-ac90548812c8(uuid9302)
сент. 16, 2025 8:21:57 PM webapp.storage.AbstractStorage save
INFO: &amp#27;[32mSave d6c0b9b9-9991-4a51-bed9-117900d5c840(uuid9303)
сент. 16, 2025 8:21:57 PM webapp.storage.AbstractStorage save
INFO: &amp#27;[32mSave 0559060a-5fe9-4315-8cbd-a7ba020d6746(uuid9304)
сент. 16, 2025 8:21:57 PM webapp.storage.AbstractStorage save
INFO: &amp#27;[32mSave d6592506-e5eb-435f-89b6-f91a6f84e2a8(uuid9305)
сент. 16, 2025 8:21:57 PM webapp.storage.AbstractStorage save
INFO: &amp#27;[32mSave 46f8c34e-8af2-4e1a-8582-eb89f4c31322(uuid9306)
сент. 16, 2025 8:21:57 PM webapp.storage.AbstractStorage save
INFO: &amp#27;[32mSave 00e7266a-95a9-40f1-b84b-a7e3a97a07ed(uuid9307)
сент. 16, 2025 8:21:57 PM webapp.storage.AbstractStorage save
INFO: &amp#27;[32mSave 2f0af791-0bf2-4e58-9dda-0fef50925ab2(uuid9308)
сент. 16, 2025 8:21:57 PM webapp.storage.AbstractStorage save
INFO: &amp#27;[32mSave 794702a1-c946-441b-8684-963bb4646251(uuid9309)
сент. 16, 2025 8:21:57 PM webapp.storage.AbstractStorage save
INFO: &amp#27;[32mSave a3a0a480-98e5-4343-aaea-2f9338522094(uuid9310)
сент. 16, 2025 8:21:57 PM webapp.storage.AbstractStorage save
INFO: &amp#27;[32mSave c352fdd6-3f47-4d56-9376-6b0bb72199c0(uuid9311)
сент. 16, 2025 8:21:57 PM webapp.storage.AbstractStorage save
INFO: &amp#27;[32mSave 8cf6702a-7129-4567-b71f-d91c2028c11e(uuid9312)
сент. 16, 2025 8:21:57 PM webapp.storage.AbstractStorage save
INFO: &amp#27;[32mSave a5cd2b37-0ec6-446a-a1a1-79015bdb5080(uuid9313)
сент. 16, 2025 8:21:57 PM webapp.storage.AbstractStorage save
INFO: &amp#27;[32mSave 52f2e1d2-42d0-4034-976a-afb495842041(uuid9314)
сент. 16, 2025 8:21:57 PM webapp.storage.AbstractStorage save
INFO: &amp#27;[32mSave 6c5397fa-886c-4e8d-9cbb-b37b67389141(uuid9315)
сент. 16, 2025 8:21:57 PM webapp.storage.AbstractStorage save
INFO: &amp#27;[32mSave c520ea50-026a-4ad9-8c5d-6cc298323e9d(uuid9316)
сент. 16, 2025 8:21:57 PM webapp.storage.AbstractStorage save
INFO: &amp#27;[32mSave ec9f2a9e-9aba-4c90-b5aa-1750c94d2b97(uuid9317)
сент. 16, 2025 8:21:57 PM webapp.storage.AbstractStorage save
INFO: &amp#27;[32mSave 879e93a0-aed1-419e-a563-e18d9c1f29d6(uuid9318)
сент. 16, 2025 8:21:57 PM webapp.storage.AbstractStorage save
INFO: &amp#27;[32mSave f0339db6-58ae-4e63-80a2-f2984b4b50c8(uuid9319)
сент. 16, 2025 8:21:57 PM webapp.storage.AbstractStorage save
INFO: &amp#27;[32mSave 489554f9-6909-464a-a2a9-aa16f5807006(uuid9320)
сент. 16, 2025 8:21:57 PM webapp.storage.AbstractStorage save
INFO: &amp#27;[32mSave 6ae48bd4-1186-4959-ad9f-d57c181cffd4(uuid9321)
сент. 16, 2025 8:21:57 PM webapp.storage.AbstractStorage save
INFO: &amp#27;[32mSave 8402a0d0-201e-45c9-9385-51579398d83e(uuid9322)
сент. 16, 2025 8:21:57 PM webapp.storage.AbstractStorage save
INFO: &amp#27;[32mSave d4b4ac37-076e-49c8-bfc7-5aaf34397857(uuid9323)
сент. 16, 2025 8:21:57 PM webapp.storage.AbstractStorage save
INFO: &amp#27;[32mSave 8d3b464e-2dfc-40ac-bbbb-e3e05605920d(uuid9324)
сент. 16, 2025 8:21:57 PM webapp.storage.AbstractStorage save
INFO: &amp#27;[32mSave b58b29a5-50a0-489a-b72e-5a79ee042dd2(uuid9325)
сент. 16, 2025 8:21:57 PM webapp.storage.AbstractStorage save
INFO: &amp#27;[32mSave 30123bb3-8afd-43bb-9b98-b9d1a0bafe58(uuid9326)
сент. 16, 2025 8:21:57 PM webapp.storage.AbstractStorage save
INFO: &amp#27;[32mSave cf76de98-236c-48f0-8624-fd2f5a959a4f(uuid9327)
сент. 16, 2025 8:21:57 PM webapp.storage.AbstractStorage save
INFO: &amp#27;[32mSave 58e47055-fd59-4184-bc61-b1eb01d35682(uuid9328)
сент. 16, 2025 8:21:57 PM webapp.storage.AbstractStorage save
INFO: &amp#27;[32mSave 33666992-9235-4e11-96d5-cb1d696f45c2(uuid9329)
сент. 16, 2025 8:21:57 PM webapp.storage.AbstractStorage save
INFO: &amp#27;[32mSave 3985d98f-0c23-4ce0-9a72-6f383df73ea5(uuid9330)
сент. 16, 2025 8:21:57 PM webapp.storage.AbstractStorage save
INFO: &amp#27;[32mSave ac99dc1c-45f1-44ee-bbf4-8cb01d87ffe2(uuid9331)
сент. 16, 2025 8:21:57 PM webapp.storage.AbstractStorage save
INFO: &amp#27;[32mSave fa89d2d3-bb6b-44f7-9cb9-1cf8ef86449b(uuid9332)
сент. 16, 2025 8:21:57 PM webapp.storage.AbstractStorage save
INFO: &amp#27;[32mSave c815ae22-6f31-45cf-8b59-d2fd94b0012d(uuid9333)
сент. 16, 2025 8:21:57 PM webapp.storage.AbstractStorage save
INFO: &amp#27;[32mSave af00070b-3989-4fc2-aef4-6acd07ce1e81(uuid9334)
сент. 16, 2025 8:21:57 PM webapp.storage.AbstractStorage save
INFO: &amp#27;[32mSave 3538a8e0-560a-4fde-bfd0-7e9f1c640f18(uuid9335)
сент. 16, 2025 8:21:57 PM webapp.storage.AbstractStorage save
INFO: &amp#27;[32mSave c4954f62-675f-4565-84ff-6901519ba900(uuid9336)
сент. 16, 2025 8:21:57 PM webapp.storage.AbstractStorage save
INFO: &amp#27;[32mSave b0786cd7-90d8-437c-a2e6-aa0107849231(uuid9337)
сент. 16, 2025 8:21:57 PM webapp.storage.AbstractStorage save
INFO: &amp#27;[32mSave 74fa1e16-34d5-47bd-a286-e1b278c595d8(uuid9338)
сент. 16, 2025 8:21:57 PM webapp.storage.AbstractStorage save
INFO: &amp#27;[32mSave edd130e8-a264-4be3-9e46-7c8919efdf7b(uuid9339)
сент. 16, 2025 8:21:57 PM webapp.storage.AbstractStorage save
INFO: &amp#27;[32mSave 0de3939b-a98e-4c11-a12e-e0b1f955f328(uuid9340)
сент. 16, 2025 8:21:57 PM webapp.storage.AbstractStorage save
INFO: &amp#27;[32mSave e26fab71-450c-4041-813b-2ca3a72d7558(uuid9341)
сент. 16, 2025 8:21:57 PM webapp.storage.AbstractStorage save
INFO: &amp#27;[32mSave a57dc5c6-4584-406f-9c7e-2a9424d355e7(uuid9342)
сент. 16, 2025 8:21:57 PM webapp.storage.AbstractStorage save
INFO: &amp#27;[32mSave 8195576d-a2a6-466c-b4ba-691414535e62(uuid9343)
сент. 16, 2025 8:21:57 PM webapp.storage.AbstractStorage save
INFO: &amp#27;[32mSave 9f6b4d1a-f02f-416e-bd51-6ab7a31ee8fe(uuid9344)
сент. 16, 2025 8:21:57 PM webapp.storage.AbstractStorage save
INFO: &amp#27;[32mSave 006c5edd-936a-4387-9539-c0495c27030c(uuid9345)
сент. 16, 2025 8:21:57 PM webapp.storage.AbstractStorage save
INFO: &amp#27;[32mSave d5a2de84-8828-4606-afef-853a5f0a85c6(uuid9346)
сент. 16, 2025 8:21:57 PM webapp.storage.AbstractStorage save
INFO: &amp#27;[32mSave a48e2da2-0b9e-4057-90d8-ae024f1ce23e(uuid9347)
сент. 16, 2025 8:21:57 PM webapp.storage.AbstractStorage save
INFO: &amp#27;[32mSave b6d606aa-c722-4b5f-bb8e-76f89287e1b2(uuid9348)
сент. 16, 2025 8:21:57 PM webapp.storage.AbstractStorage save
INFO: &amp#27;[32mSave 74c39827-f4d6-41d9-b38e-7ef4bc7a4224(uuid9349)
сент. 16, 2025 8:21:57 PM webapp.storage.AbstractStorage save
INFO: &amp#27;[32mSave 40cd5ec1-da8c-4384-bfa4-6543d6228d7b(uuid9350)
сент. 16, 2025 8:21:57 PM webapp.storage.AbstractStorage save
INFO: &amp#27;[32mSave 7725017b-3e0b-4161-850d-b028ea098505(uuid9351)
сент. 16, 2025 8:21:57 PM webapp.storage.AbstractStorage save
INFO: &amp#27;[32mSave e9ec89ff-0982-4b1e-afea-c1eeb1374bbc(uuid9352)
сент. 16, 2025 8:21:57 PM webapp.storage.AbstractStorage save
INFO: &amp#27;[32mSave 8c491205-b609-401d-8cc5-5e032272a072(uuid9353)
сент. 16, 2025 8:21:57 PM webapp.storage.AbstractStorage save
INFO: &amp#27;[32mSave 1a82ac09-2fb4-4885-8524-a8083e594e00(uuid9354)
сент. 16, 2025 8:21:57 PM webapp.storage.AbstractStorage save
INFO: &amp#27;[32mSave 62bd8a87-2232-48df-ac46-c377dc9b9d9c(uuid9355)
сент. 16, 2025 8:21:57 PM webapp.storage.AbstractStorage save
INFO: &amp#27;[32mSave 91a03d8a-ad47-47f5-9947-ff78ca2be25b(uuid9356)
сент. 16, 2025 8:21:57 PM webapp.storage.AbstractStorage save
INFO: &amp#27;[32mSave d1221f22-830a-4655-9a8a-e1f8e3e70618(uuid9357)
сент. 16, 2025 8:21:57 PM webapp.storage.AbstractStorage save
INFO: &amp#27;[32mSave 0ab0c55f-a74f-4922-9194-effbbd88e1c0(uuid9358)
сент. 16, 2025 8:21:57 PM webapp.storage.AbstractStorage save
INFO: &amp#27;[32mSave fecde52e-ac5e-4a63-8a3c-a058306874ff(uuid9359)
сент. 16, 2025 8:21:57 PM webapp.storage.AbstractStorage save
INFO: &amp#27;[32mSave 2c36877f-318b-4b4f-bf07-37fbf74e5d1b(uuid9360)
сент. 16, 2025 8:21:57 PM webapp.storage.AbstractStorage save
INFO: &amp#27;[32mSave 4b2f50f5-85b9-4488-b5be-f711eb5d1021(uuid9361)
сент. 16, 2025 8:21:57 PM webapp.storage.AbstractStorage save
INFO: &amp#27;[32mSave 11fac4ea-69fa-4cdf-9411-d74c5af224d5(uuid9362)
сент. 16, 2025 8:21:57 PM webapp.storage.AbstractStorage save
INFO: &amp#27;[32mSave 941c448b-c945-488d-8795-a0082006d313(uuid9363)
сент. 16, 2025 8:21:57 PM webapp.storage.AbstractStorage save
INFO: &amp#27;[32mSave b65344df-9542-440f-ade1-44770d8c53f9(uuid9364)
сент. 16, 2025 8:21:57 PM webapp.storage.AbstractStorage save
INFO: &amp#27;[32mSave 6076efa1-d5a3-43cd-9400-87abb9c41cff(uuid9365)
сент. 16, 2025 8:21:57 PM webapp.storage.AbstractStorage save
INFO: &amp#27;[32mSave 43cf71ac-30c1-4c70-a31d-d5b9db3a74bd(uuid9366)
сент. 16, 2025 8:21:57 PM webapp.storage.AbstractStorage save
INFO: &amp#27;[32mSave e9084c8e-9872-4bef-8308-aa85bbb5d086(uuid9367)
сент. 16, 2025 8:21:57 PM webapp.storage.AbstractStorage save
INFO: &amp#27;[32mSave d314fde7-ed0f-4b2d-b258-c2947f6be56c(uuid9368)
сент. 16, 2025 8:21:57 PM webapp.storage.AbstractStorage save
INFO: &amp#27;[32mSave f6f506b8-472e-4028-9117-103b59a1916a(uuid9369)
сент. 16, 2025 8:21:57 PM webapp.storage.AbstractStorage save
INFO: &amp#27;[32mSave 5d788973-987c-425d-8a25-aa8e6d177b21(uuid9370)
сент. 16, 2025 8:21:57 PM webapp.storage.AbstractStorage save
INFO: &amp#27;[32mSave 84199309-bc5e-4cc0-99d4-eaa3f9edc868(uuid9371)
сент. 16, 2025 8:21:57 PM webapp.storage.AbstractStorage save
INFO: &amp#27;[32mSave 48e050b1-b292-4244-a896-71b793f90ac5(uuid9372)
сент. 16, 2025 8:21:57 PM webapp.storage.AbstractStorage save
INFO: &amp#27;[32mSave 0e0ec16c-a8fe-46e7-a3e3-6808524f9b32(uuid9373)
сент. 16, 2025 8:21:57 PM webapp.storage.AbstractStorage save
INFO: &amp#27;[32mSave 7791e861-d765-4e77-b598-1298b48d1135(uuid9374)
сент. 16, 2025 8:21:57 PM webapp.storage.AbstractStorage save
INFO: &amp#27;[32mSave 9ad9d3f8-580a-4038-bd67-02b35c078547(uuid9375)
сент. 16, 2025 8:21:57 PM webapp.storage.AbstractStorage save
INFO: &amp#27;[32mSave 35afe02a-ea0b-47e8-9b1c-7046954b72be(uuid9376)
сент. 16, 2025 8:21:57 PM webapp.storage.AbstractStorage save
INFO: &amp#27;[32mSave ad64d3c6-20e9-4935-a823-56df85e3b4db(uuid9377)
сент. 16, 2025 8:21:57 PM webapp.storage.AbstractStorage save
INFO: &amp#27;[32mSave afeefae1-4271-495d-a9d2-ffa252a140fc(uuid9378)
сент. 16, 2025 8:21:57 PM webapp.storage.AbstractStorage save
INFO: &amp#27;[32mSave f3b0b40d-8675-404d-9af6-3286aa19525a(uuid9379)
сент. 16, 2025 8:21:57 PM webapp.storage.AbstractStorage save
INFO: &amp#27;[32mSave 247b1160-3663-4609-9a8c-4bb8335eb42c(uuid9380)
сент. 16, 2025 8:21:57 PM webapp.storage.AbstractStorage save
INFO: &amp#27;[32mSave d71e84e5-b952-440a-9ae5-edaac8888741(uuid9381)
сент. 16, 2025 8:21:57 PM webapp.storage.AbstractStorage save
INFO: &amp#27;[32mSave 6cb39bb4-29b1-4e1d-ab07-1d2c2d2fac3d(uuid9382)
сент. 16, 2025 8:21:57 PM webapp.storage.AbstractStorage save
INFO: &amp#27;[32mSave ec362e6e-6b17-4590-97ae-57ce129df023(uuid9383)
сент. 16, 2025 8:21:57 PM webapp.storage.AbstractStorage save
INFO: &amp#27;[32mSave f7c5356e-3a50-4f7f-b1c3-fe7fdcf8642e(uuid9384)
сент. 16, 2025 8:21:57 PM webapp.storage.AbstractStorage save
INFO: &amp#27;[32mSave b2ed43fc-060a-459d-b921-b86f70587c68(uuid9385)
сент. 16, 2025 8:21:57 PM webapp.storage.AbstractStorage save
INFO: &amp#27;[32mSave 46141d10-f103-47d2-986e-c4ee70b8c91e(uuid9386)
сент. 16, 2025 8:21:57 PM webapp.storage.AbstractStorage save
INFO: &amp#27;[32mSave 1bba02c2-0386-442d-8593-3322bda76d8f(uuid9387)
сент. 16, 2025 8:21:57 PM webapp.storage.AbstractStorage save
INFO: &amp#27;[32mSave c01d0deb-5c51-4d1f-a519-365e723a0c52(uuid9388)
сент. 16, 2025 8:21:57 PM webapp.storage.AbstractStorage save
INFO: &amp#27;[32mSave ee4a7f20-768e-41fb-b0a5-616d8518ecad(uuid9389)
сент. 16, 2025 8:21:57 PM webapp.storage.AbstractStorage save
INFO: &amp#27;[32mSave 670fa347-3893-498d-a39d-4472ecfd4842(uuid9390)
сент. 16, 2025 8:21:57 PM webapp.storage.AbstractStorage save
INFO: &amp#27;[32mSave abaa8b2f-a3ce-4cba-9acf-a156976e3ecf(uuid9391)
сент. 16, 2025 8:21:57 PM webapp.storage.AbstractStorage save
INFO: &amp#27;[32mSave 335c70ca-bc67-4eb6-96fd-005be2b7b51c(uuid9392)
сент. 16, 2025 8:21:57 PM webapp.storage.AbstractStorage save
INFO: &amp#27;[32mSave 51ff1a83-a6af-4da3-a481-d08ef816fed7(uuid9393)
сент. 16, 2025 8:21:57 PM webapp.storage.AbstractStorage save
INFO: &amp#27;[32mSave cb444de2-2580-4a17-83e7-4678a61ed4f1(uuid9394)
сент. 16, 2025 8:21:57 PM webapp.storage.AbstractStorage save
INFO: &amp#27;[32mSave 0df4aa85-59f5-4512-b9d2-111b5d24bf2c(uuid9395)
сент. 16, 2025 8:21:57 PM webapp.storage.AbstractStorage save
INFO: &amp#27;[32mSave 72d04d94-0089-4bd4-a2df-147d19976200(uuid9396)
сент. 16, 2025 8:21:57 PM webapp.storage.AbstractStorage save
INFO: &amp#27;[32mSave b2a5978d-9137-4932-9dae-d2d64bd0929c(uuid9397)
сент. 16, 2025 8:21:57 PM webapp.storage.AbstractStorage save
INFO: &amp#27;[32mSave 6dc765a3-97bd-4b5b-8612-3eebcf0928d0(uuid9398)
сент. 16, 2025 8:21:57 PM webapp.storage.AbstractStorage save
INFO: &amp#27;[32mSave 5de88862-489a-4da9-bbea-2fdb43cf05b7(uuid9399)
сент. 16, 2025 8:21:57 PM webapp.storage.AbstractStorage save
INFO: &amp#27;[32mSave 01f974f2-df1b-4afa-97b0-3cedcc3e4a4b(uuid9400)
сент. 16, 2025 8:21:57 PM webapp.storage.AbstractStorage save
INFO: &amp#27;[32mSave c82d61b4-403d-4cac-b0e6-a52850e6088e(uuid9401)
сент. 16, 2025 8:21:57 PM webapp.storage.AbstractStorage save
INFO: &amp#27;[32mSave dc9d1ebe-c05a-441d-b13c-4ee370145c3c(uuid9402)
сент. 16, 2025 8:21:57 PM webapp.storage.AbstractStorage save
INFO: &amp#27;[32mSave 5ad30d50-324e-49f2-ab4c-ce8d2d3995c0(uuid9403)
сент. 16, 2025 8:21:57 PM webapp.storage.AbstractStorage save
INFO: &amp#27;[32mSave 958a180c-4fd8-4831-ab2f-f91268d5d862(uuid9404)
сент. 16, 2025 8:21:57 PM webapp.storage.AbstractStorage save
INFO: &amp#27;[32mSave b3c3732d-2dc3-47e4-8b16-65d999228b8f(uuid9405)
сент. 16, 2025 8:21:57 PM webapp.storage.AbstractStorage save
INFO: &amp#27;[32mSave b5124b2d-61e8-443d-85f8-60711046614d(uuid9406)
сент. 16, 2025 8:21:57 PM webapp.storage.AbstractStorage save
INFO: &amp#27;[32mSave 7ae3d3c5-20f2-4edb-817e-9de38628101c(uuid9407)
сент. 16, 2025 8:21:57 PM webapp.storage.AbstractStorage save
INFO: &amp#27;[32mSave c59494c7-ffe1-46c4-8489-524faa5a5e9e(uuid9408)
сент. 16, 2025 8:21:57 PM webapp.storage.AbstractStorage save
INFO: &amp#27;[32mSave 66d13fe7-9e09-4dba-b1ef-f24ee62d7fec(uuid9409)
сент. 16, 2025 8:21:57 PM webapp.storage.AbstractStorage save
INFO: &amp#27;[32mSave c203d801-b503-48ec-8f6c-59ab3e81636d(uuid9410)
сент. 16, 2025 8:21:57 PM webapp.storage.AbstractStorage save
INFO: &amp#27;[32mSave 8a1ea34c-87e3-43ec-ba9c-ad661a733726(uuid9411)
сент. 16, 2025 8:21:57 PM webapp.storage.AbstractStorage save
INFO: &amp#27;[32mSave 48821458-43bd-47fb-aaab-fc5c4c43abdf(uuid9412)
сент. 16, 2025 8:21:57 PM webapp.storage.AbstractStorage save
INFO: &amp#27;[32mSave 9b03f6e8-ee17-4ff1-b5c1-582b923dbafc(uuid9413)
сент. 16, 2025 8:21:57 PM webapp.storage.AbstractStorage save
INFO: &amp#27;[32mSave 6ad6776b-1d44-4de6-9978-7ad3b6979c10(uuid9414)
сент. 16, 2025 8:21:57 PM webapp.storage.AbstractStorage save
INFO: &amp#27;[32mSave 647f7ae9-e8fc-4ccf-ab48-24437715417b(uuid9415)
сент. 16, 2025 8:21:57 PM webapp.storage.AbstractStorage save
INFO: &amp#27;[32mSave 9db7cee2-a0e3-4abc-b340-8c3c25b071df(uuid9416)
сент. 16, 2025 8:21:57 PM webapp.storage.AbstractStorage save
INFO: &amp#27;[32mSave 2ccd2f63-4198-4b11-84b6-03e31709ac4d(uuid9417)
сент. 16, 2025 8:21:57 PM webapp.storage.AbstractStorage save
INFO: &amp#27;[32mSave b7da76ec-a394-4426-bfca-dbf01cb8faa7(uuid9418)
сент. 16, 2025 8:21:57 PM webapp.storage.AbstractStorage save
INFO: &amp#27;[32mSave 673d3de6-a71c-4d96-9472-cb5f95238620(uuid9419)
сент. 16, 2025 8:21:57 PM webapp.storage.AbstractStorage save
INFO: &amp#27;[32mSave 689da573-f153-40f9-9e37-e6829e02700c(uuid9420)
сент. 16, 2025 8:21:57 PM webapp.storage.AbstractStorage save
INFO: &amp#27;[32mSave 93b0170a-b61f-4a41-82a3-ffb7f6829e1a(uuid9421)
сент. 16, 2025 8:21:57 PM webapp.storage.AbstractStorage save
INFO: &amp#27;[32mSave 51a28956-1e09-450b-b8a9-ba211306307a(uuid9422)
сент. 16, 2025 8:21:57 PM webapp.storage.AbstractStorage save
INFO: &amp#27;[32mSave f7dfbf73-836b-4c02-bce8-2fde4c2da8de(uuid9423)
сент. 16, 2025 8:21:57 PM webapp.storage.AbstractStorage save
INFO: &amp#27;[32mSave 8a7e35e6-3a78-48fc-9279-932f17866d40(uuid9424)
сент. 16, 2025 8:21:57 PM webapp.storage.AbstractStorage save
INFO: &amp#27;[32mSave c1f6fc9c-fc9c-41a8-a3dc-9cf127e8eec6(uuid9425)
сент. 16, 2025 8:21:57 PM webapp.storage.AbstractStorage save
INFO: &amp#27;[32mSave 73a05bab-2c21-458c-9bbd-fc58c8a46e36(uuid9426)
сент. 16, 2025 8:21:57 PM webapp.storage.AbstractStorage save
INFO: &amp#27;[32mSave bda6847d-cfd1-4bd2-96a7-c51464b21ef1(uuid9427)
сент. 16, 2025 8:21:57 PM webapp.storage.AbstractStorage save
INFO: &amp#27;[32mSave 3632be04-5984-4185-a07d-2c8956321d0f(uuid9428)
сент. 16, 2025 8:21:57 PM webapp.storage.AbstractStorage save
INFO: &amp#27;[32mSave 306ea5cb-fbaf-4b16-8fa6-026c5aec0464(uuid9429)
сент. 16, 2025 8:21:57 PM webapp.storage.AbstractStorage save
INFO: &amp#27;[32mSave 3af110a9-0e55-470b-b439-d329e35f0590(uuid9430)
сент. 16, 2025 8:21:57 PM webapp.storage.AbstractStorage save
INFO: &amp#27;[32mSave 9161445f-cd20-44e3-ba2a-420acedb4c10(uuid9431)
сент. 16, 2025 8:21:57 PM webapp.storage.AbstractStorage save
INFO: &amp#27;[32mSave bb9d99d5-b45a-4c19-b712-90674c7a43d9(uuid9432)
сент. 16, 2025 8:21:57 PM webapp.storage.AbstractStorage save
INFO: &amp#27;[32mSave b8b0be68-07c4-4cce-a1ce-fb80bb5a4132(uuid9433)
сент. 16, 2025 8:21:57 PM webapp.storage.AbstractStorage save
INFO: &amp#27;[32mSave baf532d3-38ae-487c-87fe-4a99e136d9dc(uuid9434)
сент. 16, 2025 8:21:57 PM webapp.storage.AbstractStorage save
INFO: &amp#27;[32mSave cdc637d9-ad83-4b0e-af85-b5a17a8abaae(uuid9435)
сент. 16, 2025 8:21:57 PM webapp.storage.AbstractStorage save
INFO: &amp#27;[32mSave 302e3f64-6dba-4787-8806-0e321b7e6871(uuid9436)
сент. 16, 2025 8:21:57 PM webapp.storage.AbstractStorage save
INFO: &amp#27;[32mSave 0c8e14ab-f6b5-4ba7-87e7-723edd1b0e76(uuid9437)
сент. 16, 2025 8:21:57 PM webapp.storage.AbstractStorage save
INFO: &amp#27;[32mSave 3c0dc835-1fad-49ff-ab10-f4dd73ffe5ae(uuid9438)
сент. 16, 2025 8:21:57 PM webapp.storage.AbstractStorage save
INFO: &amp#27;[32mSave e33ceb46-17b8-470b-b1de-4e9fe4d82ab3(uuid9439)
сент. 16, 2025 8:21:57 PM webapp.storage.AbstractStorage save
INFO: &amp#27;[32mSave 2cdbd684-c54f-4b8a-89f9-a997e901c4dd(uuid9440)
сент. 16, 2025 8:21:57 PM webapp.storage.AbstractStorage save
INFO: &amp#27;[32mSave 26278e20-4b6a-4592-94bc-f13e452bdd22(uuid9441)
сент. 16, 2025 8:21:57 PM webapp.storage.AbstractStorage save
INFO: &amp#27;[32mSave 159be3eb-d317-4695-bdba-998c00f335f8(uuid9442)
сент. 16, 2025 8:21:57 PM webapp.storage.AbstractStorage save
INFO: &amp#27;[32mSave a71b0a10-c9fd-4cf4-9d36-9ab9bca233fa(uuid9443)
сент. 16, 2025 8:21:57 PM webapp.storage.AbstractStorage save
INFO: &amp#27;[32mSave d0d39d8a-dee6-414a-acb6-3928745e53b6(uuid9444)
сент. 16, 2025 8:21:57 PM webapp.storage.AbstractStorage save
INFO: &amp#27;[32mSave 5698cd77-493e-449e-8ef3-16f770588adf(uuid9445)
сент. 16, 2025 8:21:57 PM webapp.storage.AbstractStorage save
INFO: &amp#27;[32mSave a92d3af8-97ad-4499-be8f-4133ec3c03e6(uuid9446)
сент. 16, 2025 8:21:57 PM webapp.storage.AbstractStorage save
INFO: &amp#27;[32mSave b254ba24-5d4e-44f9-ac01-f9a6599d208d(uuid9447)
сент. 16, 2025 8:21:57 PM webapp.storage.AbstractStorage save
INFO: &amp#27;[32mSave 8b17da02-df1d-4bde-b7f2-3653bd41ef3d(uuid9448)
сент. 16, 2025 8:21:57 PM webapp.storage.AbstractStorage save
INFO: &amp#27;[32mSave a3cecdc1-81eb-4066-adbf-aca47343b199(uuid9449)
сент. 16, 2025 8:21:57 PM webapp.storage.AbstractStorage save
INFO: &amp#27;[32mSave 15a7984d-474e-41dc-90f3-36df0cd3846b(uuid9450)
сент. 16, 2025 8:21:57 PM webapp.storage.AbstractStorage save
INFO: &amp#27;[32mSave f82995e1-0d78-464c-b99d-551fc418a442(uuid9451)
сент. 16, 2025 8:21:57 PM webapp.storage.AbstractStorage save
INFO: &amp#27;[32mSave 76cc23bb-76aa-4256-8f55-647a5b8cca17(uuid9452)
сент. 16, 2025 8:21:57 PM webapp.storage.AbstractStorage save
INFO: &amp#27;[32mSave 0e482abb-ad3e-42d8-a031-05000ab61218(uuid9453)
сент. 16, 2025 8:21:57 PM webapp.storage.AbstractStorage save
INFO: &amp#27;[32mSave af5c4e57-3d8d-4be9-8370-511b0386b7d9(uuid9454)
сент. 16, 2025 8:21:57 PM webapp.storage.AbstractStorage save
INFO: &amp#27;[32mSave 3faf5cb3-0d79-4b94-9698-3b08e3b8c482(uuid9455)
сент. 16, 2025 8:21:57 PM webapp.storage.AbstractStorage save
INFO: &amp#27;[32mSave 9accb4b3-99af-485f-b66a-dabbd3bd615d(uuid9456)
сент. 16, 2025 8:21:57 PM webapp.storage.AbstractStorage save
INFO: &amp#27;[32mSave 64de7556-6897-4835-ab7e-945c6f6b3835(uuid9457)
сент. 16, 2025 8:21:57 PM webapp.storage.AbstractStorage save
INFO: &amp#27;[32mSave f3d8e86a-2f94-43d0-a9e6-ed40dc0b6d79(uuid9458)
сент. 16, 2025 8:21:57 PM webapp.storage.AbstractStorage save
INFO: &amp#27;[32mSave dca9f45a-9eb4-4a77-93a6-4153fd9cfa29(uuid9459)
сент. 16, 2025 8:21:57 PM webapp.storage.AbstractStorage save
INFO: &amp#27;[32mSave db6935b3-0054-4edf-9f64-81b99cf24a25(uuid9460)
сент. 16, 2025 8:21:57 PM webapp.storage.AbstractStorage save
INFO: &amp#27;[32mSave 71160545-1f61-4eb7-9c78-3f40930348e0(uuid9461)
сент. 16, 2025 8:21:57 PM webapp.storage.AbstractStorage save
INFO: &amp#27;[32mSave 2979f98c-a878-407c-8995-32894212e857(uuid9462)
сент. 16, 2025 8:21:57 PM webapp.storage.AbstractStorage save
INFO: &amp#27;[32mSave 3e8af79d-d0e1-421e-9afe-178c30e1886f(uuid9463)
сент. 16, 2025 8:21:57 PM webapp.storage.AbstractStorage save
INFO: &amp#27;[32mSave 0846acd3-8d0b-4b69-8d43-e810d082b1e3(uuid9464)
сент. 16, 2025 8:21:57 PM webapp.storage.AbstractStorage save
INFO: &amp#27;[32mSave 69a7ab68-c609-400c-bb93-0bf2f6c651c6(uuid9465)
сент. 16, 2025 8:21:57 PM webapp.storage.AbstractStorage save
INFO: &amp#27;[32mSave 9f85b736-d498-4a59-a182-17c64215af83(uuid9466)
сент. 16, 2025 8:21:57 PM webapp.storage.AbstractStorage save
INFO: &amp#27;[32mSave 4443f966-15bf-424b-9993-f7e4934e48b4(uuid9467)
сент. 16, 2025 8:21:57 PM webapp.storage.AbstractStorage save
INFO: &amp#27;[32mSave 2df2403c-fe44-48ff-bf6b-b986af46b3b7(uuid9468)
сент. 16, 2025 8:21:57 PM webapp.storage.AbstractStorage save
INFO: &amp#27;[32mSave fef81912-27d0-48b3-9253-252025410af6(uuid9469)
сент. 16, 2025 8:21:57 PM webapp.storage.AbstractStorage save
INFO: &amp#27;[32mSave 2189e421-2744-4818-add9-cdb86bca6ad7(uuid9470)
сент. 16, 2025 8:21:57 PM webapp.storage.AbstractStorage save
INFO: &amp#27;[32mSave 392a8c92-760c-4048-8eef-5356c93b77fe(uuid9471)
сент. 16, 2025 8:21:57 PM webapp.storage.AbstractStorage save
INFO: &amp#27;[32mSave 35866852-6b96-4bb3-8d0e-f9797b0c5ac2(uuid9472)
сент. 16, 2025 8:21:57 PM webapp.storage.AbstractStorage save
INFO: &amp#27;[32mSave 07b33acd-64ac-4d25-88b5-ff35d44241e7(uuid9473)
сент. 16, 2025 8:21:57 PM webapp.storage.AbstractStorage save
INFO: &amp#27;[32mSave 05fcbdd9-7fe2-4444-b654-3e7580b9c38a(uuid9474)
сент. 16, 2025 8:21:57 PM webapp.storage.AbstractStorage save
INFO: &amp#27;[32mSave a08a08c8-7595-4b45-bae9-cd49c1d416ca(uuid9475)
сент. 16, 2025 8:21:57 PM webapp.storage.AbstractStorage save
INFO: &amp#27;[32mSave baffce91-6cd3-473c-98d4-6d41ff7e0e44(uuid9476)
сент. 16, 2025 8:21:57 PM webapp.storage.AbstractStorage save
INFO: &amp#27;[32mSave b48473e2-8fdf-4756-bf93-456d17c74ada(uuid9477)
сент. 16, 2025 8:21:57 PM webapp.storage.AbstractStorage save
INFO: &amp#27;[32mSave 67d0fb5b-b361-48a7-b6ad-f4f3ed462a3d(uuid9478)
сент. 16, 2025 8:21:57 PM webapp.storage.AbstractStorage save
INFO: &amp#27;[32mSave 27f143f3-955c-4720-8f83-50c55cb8a371(uuid9479)
сент. 16, 2025 8:21:57 PM webapp.storage.AbstractStorage save
INFO: &amp#27;[32mSave a44b6e15-af46-43cc-b70e-25a70fc03381(uuid9480)
сент. 16, 2025 8:21:57 PM webapp.storage.AbstractStorage save
INFO: &amp#27;[32mSave d86a001b-2e28-4ffc-949e-e393314e7302(uuid9481)
сент. 16, 2025 8:21:57 PM webapp.storage.AbstractStorage save
INFO: &amp#27;[32mSave 67f78322-622f-4dd0-88a2-8d4710ed81f8(uuid9482)
сент. 16, 2025 8:21:57 PM webapp.storage.AbstractStorage save
INFO: &amp#27;[32mSave c12faecf-504e-45ee-b3ad-46602146b071(uuid9483)
сент. 16, 2025 8:21:57 PM webapp.storage.AbstractStorage save
INFO: &amp#27;[32mSave bc892041-ae87-405a-86cd-a74244d8f9be(uuid9484)
сент. 16, 2025 8:21:57 PM webapp.storage.AbstractStorage save
INFO: &amp#27;[32mSave c61c2e7a-ec05-402c-aa1f-0e1ff6bf96c5(uuid9485)
сент. 16, 2025 8:21:57 PM webapp.storage.AbstractStorage save
INFO: &amp#27;[32mSave 6c10ddef-b02e-4ec1-ad35-5e9ebae2f512(uuid9486)
сент. 16, 2025 8:21:57 PM webapp.storage.AbstractStorage save
INFO: &amp#27;[32mSave 0adda3fa-2f05-4f05-8414-cce164633f59(uuid9487)
сент. 16, 2025 8:21:57 PM webapp.storage.AbstractStorage save
INFO: &amp#27;[32mSave 6f6bfafd-f310-4148-b2b5-5244067ff685(uuid9488)
сент. 16, 2025 8:21:57 PM webapp.storage.AbstractStorage save
INFO: &amp#27;[32mSave 0a9937f5-fb95-4f98-beeb-635ed4212eb9(uuid9489)
сент. 16, 2025 8:21:57 PM webapp.storage.AbstractStorage save
INFO: &amp#27;[32mSave cb6b771f-d88d-4df6-956e-04076ac5404b(uuid9490)
сент. 16, 2025 8:21:57 PM webapp.storage.AbstractStorage save
INFO: &amp#27;[32mSave fafd8e15-f396-4a4b-8c9d-cf1ad5b3a527(uuid9491)
сент. 16, 2025 8:21:57 PM webapp.storage.AbstractStorage save
INFO: &amp#27;[32mSave 4c614520-43cc-4494-98f8-2175338c255f(uuid9492)
сент. 16, 2025 8:21:57 PM webapp.storage.AbstractStorage save
INFO: &amp#27;[32mSave 77337c5f-04c9-4414-ae5e-a4543c98ca77(uuid9493)
сент. 16, 2025 8:21:57 PM webapp.storage.AbstractStorage save
INFO: &amp#27;[32mSave 256db34f-d76b-400b-8e73-ce4d5db297df(uuid9494)
сент. 16, 2025 8:21:57 PM webapp.storage.AbstractStorage save
INFO: &amp#27;[32mSave 07967eb6-33d9-41bc-942e-fa2b3fa66faa(uuid9495)
сент. 16, 2025 8:21:57 PM webapp.storage.AbstractStorage save
INFO: &amp#27;[32mSave c4b7df39-2a67-49fe-952b-0ff660364eb4(uuid9496)
сент. 16, 2025 8:21:57 PM webapp.storage.AbstractStorage save
INFO: &amp#27;[32mSave 2f9c5959-ba93-4371-ae70-d43d10b86a88(uuid9497)
сент. 16, 2025 8:21:57 PM webapp.storage.AbstractStorage save
INFO: &amp#27;[32mSave cb390254-9b2d-43d4-9e08-0d53f6023722(uuid9498)
сент. 16, 2025 8:21:57 PM webapp.storage.AbstractStorage save
INFO: &amp#27;[32mSave 0c59ed7c-d0a4-49a3-83d3-14c00d47afa5(uuid9499)
сент. 16, 2025 8:21:57 PM webapp.storage.AbstractStorage save
INFO: &amp#27;[32mSave e474c68d-be52-4fa4-9ee2-96e41194f446(uuid9500)
сент. 16, 2025 8:21:57 PM webapp.storage.AbstractStorage save
INFO: &amp#27;[32mSave c45ace87-4e24-492b-b98b-bce3aa132d41(uuid9501)
сент. 16, 2025 8:21:57 PM webapp.storage.AbstractStorage save
INFO: &amp#27;[32mSave 16214d29-5ff5-4c66-8c7e-6066c1e2a941(uuid9502)
сент. 16, 2025 8:21:57 PM webapp.storage.AbstractStorage save
INFO: &amp#27;[32mSave 13670809-160a-4c6c-aa80-ec83c42edd70(uuid9503)
сент. 16, 2025 8:21:57 PM webapp.storage.AbstractStorage save
INFO: &amp#27;[32mSave e79efaf4-f00a-43d2-9370-eb3ecb7db08b(uuid9504)
сент. 16, 2025 8:21:57 PM webapp.storage.AbstractStorage save
INFO: &amp#27;[32mSave 4b4f4722-21c8-4639-974b-14df860b545d(uuid9505)
сент. 16, 2025 8:21:57 PM webapp.storage.AbstractStorage save
INFO: &amp#27;[32mSave b4a438ab-4784-46c9-8e51-43edf2669b85(uuid9506)
сент. 16, 2025 8:21:57 PM webapp.storage.AbstractStorage save
INFO: &amp#27;[32mSave f7294011-96e0-40a2-8526-58c133887dc8(uuid9507)
сент. 16, 2025 8:21:57 PM webapp.storage.AbstractStorage save
INFO: &amp#27;[32mSave 6eeef7b1-6887-4ef8-bf27-9ba1be9266a7(uuid9508)
сент. 16, 2025 8:21:57 PM webapp.storage.AbstractStorage save
INFO: &amp#27;[32mSave 5f75981f-c3f4-479f-8fb5-8d1342a14c2f(uuid9509)
сент. 16, 2025 8:21:57 PM webapp.storage.AbstractStorage save
INFO: &amp#27;[32mSave 51c49e87-4324-4608-be7e-07648982f885(uuid9510)
сент. 16, 2025 8:21:57 PM webapp.storage.AbstractStorage save
INFO: &amp#27;[32mSave 65ff8edd-f467-431e-90c6-3e236a32b668(uuid9511)
сент. 16, 2025 8:21:57 PM webapp.storage.AbstractStorage save
INFO: &amp#27;[32mSave 426ffcc9-922e-4388-a3cb-0332b266eb39(uuid9512)
сент. 16, 2025 8:21:57 PM webapp.storage.AbstractStorage save
INFO: &amp#27;[32mSave d324b7ef-1008-46f4-a75d-3fc5b1a06090(uuid9513)
сент. 16, 2025 8:21:57 PM webapp.storage.AbstractStorage save
INFO: &amp#27;[32mSave 1411af6f-acc1-46f0-a3e9-f39b4fd4eba3(uuid9514)
сент. 16, 2025 8:21:57 PM webapp.storage.AbstractStorage save
INFO: &amp#27;[32mSave f4c09ae2-1a5c-44bc-afbb-25b1ee8797e0(uuid9515)
сент. 16, 2025 8:21:57 PM webapp.storage.AbstractStorage save
INFO: &amp#27;[32mSave 05a15056-c834-4acb-80ca-2199564b297e(uuid9516)
сент. 16, 2025 8:21:57 PM webapp.storage.AbstractStorage save
INFO: &amp#27;[32mSave e8821387-0964-4dab-a9ef-5a55f88c5187(uuid9517)
сент. 16, 2025 8:21:57 PM webapp.storage.AbstractStorage save
INFO: &amp#27;[32mSave 140944a4-1031-4355-94e3-ed0030c61401(uuid9518)
сент. 16, 2025 8:21:57 PM webapp.storage.AbstractStorage save
INFO: &amp#27;[32mSave 7bddb915-c6c8-4653-844c-6bc3fd920427(uuid9519)
сент. 16, 2025 8:21:57 PM webapp.storage.AbstractStorage save
INFO: &amp#27;[32mSave 986a93e1-8024-4be3-a01e-156ce8efb4f9(uuid9520)
сент. 16, 2025 8:21:57 PM webapp.storage.AbstractStorage save
INFO: &amp#27;[32mSave b3fe1595-a9a9-4d18-bfe3-5ded7c02bb17(uuid9521)
сент. 16, 2025 8:21:57 PM webapp.storage.AbstractStorage save
INFO: &amp#27;[32mSave ac9e827f-2a25-44f3-ba33-f676b5db9476(uuid9522)
сент. 16, 2025 8:21:57 PM webapp.storage.AbstractStorage save
INFO: &amp#27;[32mSave e8b2c803-ff21-4e4a-98be-9e688c8b0233(uuid9523)
сент. 16, 2025 8:21:57 PM webapp.storage.AbstractStorage save
INFO: &amp#27;[32mSave bcb9ac2d-c3e9-4933-a7ff-4344622a6371(uuid9524)
сент. 16, 2025 8:21:57 PM webapp.storage.AbstractStorage save
INFO: &amp#27;[32mSave 82ecdfea-e9c9-48f9-b657-5a29cc5e6274(uuid9525)
сент. 16, 2025 8:21:57 PM webapp.storage.AbstractStorage save
INFO: &amp#27;[32mSave f9854085-6bb7-4f21-808b-42b1b059de28(uuid9526)
сент. 16, 2025 8:21:57 PM webapp.storage.AbstractStorage save
INFO: &amp#27;[32mSave 69b79945-7256-43a6-a79f-7e19fc474c0b(uuid9527)
сент. 16, 2025 8:21:57 PM webapp.storage.AbstractStorage save
INFO: &amp#27;[32mSave b18f0430-ea5f-4ae3-a599-ca54a857cfdb(uuid9528)
сент. 16, 2025 8:21:57 PM webapp.storage.AbstractStorage save
INFO: &amp#27;[32mSave ab411e98-f3ba-4b36-8467-3b905286b518(uuid9529)
сент. 16, 2025 8:21:57 PM webapp.storage.AbstractStorage save
INFO: &amp#27;[32mSave 4557c3b8-f694-4350-a49d-2b7a8954924c(uuid9530)
сент. 16, 2025 8:21:57 PM webapp.storage.AbstractStorage save
INFO: &amp#27;[32mSave 69c1490e-3624-4e97-b464-9ecc989ebd21(uuid9531)
сент. 16, 2025 8:21:57 PM webapp.storage.AbstractStorage save
INFO: &amp#27;[32mSave d0c474c0-3556-4284-a9fe-bb9a2e917601(uuid9532)
сент. 16, 2025 8:21:57 PM webapp.storage.AbstractStorage save
INFO: &amp#27;[32mSave ebf8594e-d98d-4f8c-b69d-47fde555d962(uuid9533)
сент. 16, 2025 8:21:57 PM webapp.storage.AbstractStorage save
INFO: &amp#27;[32mSave 39367521-cd2e-4ae2-a0da-2e62b6f1838f(uuid9534)
сент. 16, 2025 8:21:57 PM webapp.storage.AbstractStorage save
INFO: &amp#27;[32mSave 89a6baa7-e758-470f-a6c7-8ea9d3b64173(uuid9535)
сент. 16, 2025 8:21:57 PM webapp.storage.AbstractStorage save
INFO: &amp#27;[32mSave 92ede4bb-f973-453e-8184-474656bd26a3(uuid9536)
сент. 16, 2025 8:21:57 PM webapp.storage.AbstractStorage save
INFO: &amp#27;[32mSave f4393e9a-8729-488d-a3d0-3519584045e3(uuid9537)
сент. 16, 2025 8:21:57 PM webapp.storage.AbstractStorage save
INFO: &amp#27;[32mSave ca7ab68e-fe83-4b24-b375-cb40535239c4(uuid9538)
сент. 16, 2025 8:21:57 PM webapp.storage.AbstractStorage save
INFO: &amp#27;[32mSave b6e7892f-1fc6-46d9-8a65-295c52df1661(uuid9539)
сент. 16, 2025 8:21:57 PM webapp.storage.AbstractStorage save
INFO: &amp#27;[32mSave a7baa43e-7742-48cc-b22f-6f326c5b66f7(uuid9540)
сент. 16, 2025 8:21:57 PM webapp.storage.AbstractStorage save
INFO: &amp#27;[32mSave 7f354f7c-2be6-4b04-a3fb-76a102518b3c(uuid9541)
сент. 16, 2025 8:21:57 PM webapp.storage.AbstractStorage save
INFO: &amp#27;[32mSave 9cc28730-3ccf-4de5-969f-06470b16b7ab(uuid9542)
сент. 16, 2025 8:21:57 PM webapp.storage.AbstractStorage save
INFO: &amp#27;[32mSave 9274cfea-1ce6-413a-90d9-59c9cefbd684(uuid9543)
сент. 16, 2025 8:21:57 PM webapp.storage.AbstractStorage save
INFO: &amp#27;[32mSave 92cc69ee-41b8-4cff-bd50-f34160dfdce9(uuid9544)
сент. 16, 2025 8:21:57 PM webapp.storage.AbstractStorage save
INFO: &amp#27;[32mSave a76076ae-3418-435d-bccf-f37b0e3d1be0(uuid9545)
сент. 16, 2025 8:21:57 PM webapp.storage.AbstractStorage save
INFO: &amp#27;[32mSave 10e9bdca-09bb-4514-9800-afbf64fe2c6c(uuid9546)
сент. 16, 2025 8:21:57 PM webapp.storage.AbstractStorage save
INFO: &amp#27;[32mSave f363ec0a-1fad-419b-ab78-faa420746fb0(uuid9547)
сент. 16, 2025 8:21:57 PM webapp.storage.AbstractStorage save
INFO: &amp#27;[32mSave 06f2dd7a-73b3-4064-86eb-afcb5a0b25f6(uuid9548)
сент. 16, 2025 8:21:57 PM webapp.storage.AbstractStorage save
INFO: &amp#27;[32mSave 4b776610-7754-4c9a-884c-5e422a575d4e(uuid9549)
сент. 16, 2025 8:21:57 PM webapp.storage.AbstractStorage save
INFO: &amp#27;[32mSave f8f20f54-0a32-41ae-a2ef-4afb0958e632(uuid9550)
сент. 16, 2025 8:21:57 PM webapp.storage.AbstractStorage save
INFO: &amp#27;[32mSave 7ae901cf-3106-459e-b0ac-1adce91ac9a6(uuid9551)
сент. 16, 2025 8:21:57 PM webapp.storage.AbstractStorage save
INFO: &amp#27;[32mSave 092d73c6-419a-44f0-a604-948b794d4327(uuid9552)
сент. 16, 2025 8:21:57 PM webapp.storage.AbstractStorage save
INFO: &amp#27;[32mSave 2d455669-c1db-455d-be91-1c05cea71db6(uuid9553)
сент. 16, 2025 8:21:57 PM webapp.storage.AbstractStorage save
INFO: &amp#27;[32mSave d95a8c87-b2a0-4348-b697-e4cad9e19cf2(uuid9554)
сент. 16, 2025 8:21:57 PM webapp.storage.AbstractStorage save
INFO: &amp#27;[32mSave 10d82b5a-196d-4ef8-b912-5ca8afc8adc5(uuid9555)
сент. 16, 2025 8:21:57 PM webapp.storage.AbstractStorage save
INFO: &amp#27;[32mSave 3002ab52-c805-4d2d-b68f-ecf21298fd6c(uuid9556)
сент. 16, 2025 8:21:57 PM webapp.storage.AbstractStorage save
INFO: &amp#27;[32mSave ac0b1cd7-7dc6-4819-9425-499145a87632(uuid9557)
сент. 16, 2025 8:21:57 PM webapp.storage.AbstractStorage save
INFO: &amp#27;[32mSave dfe72d49-4a5e-4e54-9a3f-c4084cb9c5a1(uuid9558)
сент. 16, 2025 8:21:57 PM webapp.storage.AbstractStorage save
INFO: &amp#27;[32mSave 1ef5194c-8a3e-4912-a125-130440348fe9(uuid9559)
сент. 16, 2025 8:21:57 PM webapp.storage.AbstractStorage save
INFO: &amp#27;[32mSave b022fcef-b67c-40e0-8631-76612b748ae1(uuid9560)
сент. 16, 2025 8:21:57 PM webapp.storage.AbstractStorage save
INFO: &amp#27;[32mSave 4ac0095e-0a16-46df-a0dd-9f373b11b8ff(uuid9561)
сент. 16, 2025 8:21:57 PM webapp.storage.AbstractStorage save
INFO: &amp#27;[32mSave 30e2103b-9efd-46a7-87d5-6c03ee90bc82(uuid9562)
сент. 16, 2025 8:21:57 PM webapp.storage.AbstractStorage save
INFO: &amp#27;[32mSave 168a1452-1915-4faf-b5c2-1cb11e04e55d(uuid9563)
сент. 16, 2025 8:21:57 PM webapp.storage.AbstractStorage save
INFO: &amp#27;[32mSave 0b19dfe0-1096-44b8-83c4-f9355cf79470(uuid9564)
сент. 16, 2025 8:21:57 PM webapp.storage.AbstractStorage save
INFO: &amp#27;[32mSave a060faaa-4e62-4ee7-b645-c37e8780d0ce(uuid9565)
сент. 16, 2025 8:21:57 PM webapp.storage.AbstractStorage save
INFO: &amp#27;[32mSave dc156492-d053-4346-9d4a-5fa08fb614de(uuid9566)
сент. 16, 2025 8:21:57 PM webapp.storage.AbstractStorage save
INFO: &amp#27;[32mSave 9f5072fb-e10d-4de0-8f1a-41021f71ca96(uuid9567)
сент. 16, 2025 8:21:57 PM webapp.storage.AbstractStorage save
INFO: &amp#27;[32mSave 36074c3c-edbf-4989-8f14-76870ed06a5e(uuid9568)
сент. 16, 2025 8:21:57 PM webapp.storage.AbstractStorage save
INFO: &amp#27;[32mSave 8377e63e-0f60-403a-ba47-fb1b51c48c94(uuid9569)
сент. 16, 2025 8:21:57 PM webapp.storage.AbstractStorage save
INFO: &amp#27;[32mSave 2f57fa2f-b730-4fab-9fce-43f74e0cba0c(uuid9570)
сент. 16, 2025 8:21:57 PM webapp.storage.AbstractStorage save
INFO: &amp#27;[32mSave f0ae6bac-77f6-4b3b-a541-df40bc6efe2b(uuid9571)
сент. 16, 2025 8:21:57 PM webapp.storage.AbstractStorage save
INFO: &amp#27;[32mSave 2a7329e8-ede6-4c69-a123-3bb4fcbd3814(uuid9572)
сент. 16, 2025 8:21:57 PM webapp.storage.AbstractStorage save
INFO: &amp#27;[32mSave e9100cdb-6817-40a5-8e24-4f0fcda607e3(uuid9573)
сент. 16, 2025 8:21:57 PM webapp.storage.AbstractStorage save
INFO: &amp#27;[32mSave 537f852d-7713-4e2d-bc18-f6417300b070(uuid9574)
сент. 16, 2025 8:21:57 PM webapp.storage.AbstractStorage save
INFO: &amp#27;[32mSave fdde250a-4f0f-4cab-9fb2-1afc40ba9eab(uuid9575)
сент. 16, 2025 8:21:57 PM webapp.storage.AbstractStorage save
INFO: &amp#27;[32mSave 6d3c5911-39f8-4463-9955-6b7201d172a7(uuid9576)
сент. 16, 2025 8:21:57 PM webapp.storage.AbstractStorage save
INFO: &amp#27;[32mSave d127dd8f-8e43-4606-9921-09e2a0f36d24(uuid9577)
сент. 16, 2025 8:21:57 PM webapp.storage.AbstractStorage save
INFO: &amp#27;[32mSave 1a6488fd-040f-4927-b710-a13590fd9bf0(uuid9578)
сент. 16, 2025 8:21:57 PM webapp.storage.AbstractStorage save
INFO: &amp#27;[32mSave cf61904f-f243-45c5-97c2-1509efef1ea4(uuid9579)
сент. 16, 2025 8:21:57 PM webapp.storage.AbstractStorage save
INFO: &amp#27;[32mSave 4770edc9-cf2f-4d1e-bd33-2a09b7a84d3f(uuid9580)
сент. 16, 2025 8:21:57 PM webapp.storage.AbstractStorage save
INFO: &amp#27;[32mSave 15eaad9b-4c89-4e82-b078-fb335b20a56d(uuid9581)
сент. 16, 2025 8:21:57 PM webapp.storage.AbstractStorage save
INFO: &amp#27;[32mSave 5109d5b6-fd11-4b55-bbbd-7c4d838418e9(uuid9582)
сент. 16, 2025 8:21:57 PM webapp.storage.AbstractStorage save
INFO: &amp#27;[32mSave 3f90de29-6b64-4f62-b4fe-52ae00835215(uuid9583)
сент. 16, 2025 8:21:57 PM webapp.storage.AbstractStorage save
INFO: &amp#27;[32mSave 4c0e4b63-9d56-4435-ab23-091a9442d3da(uuid9584)
сент. 16, 2025 8:21:57 PM webapp.storage.AbstractStorage save
INFO: &amp#27;[32mSave 2b18a98c-eecb-45f5-816d-d05713c72bbb(uuid9585)
сент. 16, 2025 8:21:57 PM webapp.storage.AbstractStorage save
INFO: &amp#27;[32mSave 88cc0522-0106-4bc4-bfd1-fd67d308f220(uuid9586)
сент. 16, 2025 8:21:57 PM webapp.storage.AbstractStorage save
INFO: &amp#27;[32mSave 51e76b21-94b7-427f-90ec-5df50c203a9c(uuid9587)
сент. 16, 2025 8:21:57 PM webapp.storage.AbstractStorage save
INFO: &amp#27;[32mSave 985c9259-c36c-4ca6-9ea0-a4c8046bfea3(uuid9588)
сент. 16, 2025 8:21:57 PM webapp.storage.AbstractStorage save
INFO: &amp#27;[32mSave 5096fa5a-2138-40f1-a446-da1cd80944e6(uuid9589)
сент. 16, 2025 8:21:57 PM webapp.storage.AbstractStorage save
INFO: &amp#27;[32mSave d01d597f-2afe-4005-9796-b17b71a2a9a7(uuid9590)
сент. 16, 2025 8:21:57 PM webapp.storage.AbstractStorage save
INFO: &amp#27;[32mSave 1534890e-f0a0-4595-bdbf-0eca62bb7244(uuid9591)
сент. 16, 2025 8:21:57 PM webapp.storage.AbstractStorage save
INFO: &amp#27;[32mSave 7295d17b-327b-4b19-9f78-17ccbfbb46c8(uuid9592)
сент. 16, 2025 8:21:57 PM webapp.storage.AbstractStorage save
INFO: &amp#27;[32mSave 6883916f-c9f0-4b32-ade1-132d63157a03(uuid9593)
сент. 16, 2025 8:21:57 PM webapp.storage.AbstractStorage save
INFO: &amp#27;[32mSave b22daf71-056c-4470-83d1-f7ba6d00915a(uuid9594)
сент. 16, 2025 8:21:57 PM webapp.storage.AbstractStorage save
INFO: &amp#27;[32mSave 0dfb63f5-1c8e-4d3e-aaaf-fa8276205651(uuid9595)
сент. 16, 2025 8:21:57 PM webapp.storage.AbstractStorage save
INFO: &amp#27;[32mSave d4cd47cd-e466-469b-b450-f7a8bbeeccda(uuid9596)
сент. 16, 2025 8:21:57 PM webapp.storage.AbstractStorage save
INFO: &amp#27;[32mSave efec5434-e976-4719-959e-601e87855e99(uuid9597)
сент. 16, 2025 8:21:57 PM webapp.storage.AbstractStorage save
INFO: &amp#27;[32mSave f1f74ac6-6fb5-468e-9876-749757e861eb(uuid9598)
сент. 16, 2025 8:21:57 PM webapp.storage.AbstractStorage save
INFO: &amp#27;[32mSave 2abd9ebd-a390-4581-bd3c-88ccfe2b06d7(uuid9599)
сент. 16, 2025 8:21:57 PM webapp.storage.AbstractStorage save
INFO: &amp#27;[32mSave 717329fd-7ec1-4466-b371-1f7b4b03980b(uuid9600)
сент. 16, 2025 8:21:57 PM webapp.storage.AbstractStorage save
INFO: &amp#27;[32mSave 3034646d-cbcb-4624-8fee-fac09e9f3eeb(uuid9601)
сент. 16, 2025 8:21:57 PM webapp.storage.AbstractStorage save
INFO: &amp#27;[32mSave 8fa02583-db8b-4013-84aa-9c9f1eac04fe(uuid9602)
сент. 16, 2025 8:21:57 PM webapp.storage.AbstractStorage save
INFO: &amp#27;[32mSave 5c143846-b399-4eaf-88cf-87f9f5b29d69(uuid9603)
сент. 16, 2025 8:21:57 PM webapp.storage.AbstractStorage save
INFO: &amp#27;[32mSave 0e8a1e2b-1d22-4d7b-b32c-0a79c506c7b1(uuid9604)
сент. 16, 2025 8:21:57 PM webapp.storage.AbstractStorage save
INFO: &amp#27;[32mSave 93c9354d-a95a-4aed-add4-3f70e38a7ed2(uuid9605)
сент. 16, 2025 8:21:57 PM webapp.storage.AbstractStorage save
INFO: &amp#27;[32mSave 3322d7ea-62b9-43c2-b85c-790f92793a86(uuid9606)
сент. 16, 2025 8:21:57 PM webapp.storage.AbstractStorage save
INFO: &amp#27;[32mSave 6bc91f01-fcd3-4730-bf55-6ef46cbd1858(uuid9607)
сент. 16, 2025 8:21:57 PM webapp.storage.AbstractStorage save
INFO: &amp#27;[32mSave 0012a902-8eb6-43fb-81b1-774ba43f8654(uuid9608)
сент. 16, 2025 8:21:57 PM webapp.storage.AbstractStorage save
INFO: &amp#27;[32mSave 72494f29-2934-482e-8aff-30c5d607c032(uuid9609)
сент. 16, 2025 8:21:57 PM webapp.storage.AbstractStorage save
INFO: &amp#27;[32mSave 91e06b7a-223f-48af-8205-9c3cf693e8c8(uuid9610)
сент. 16, 2025 8:21:57 PM webapp.storage.AbstractStorage save
INFO: &amp#27;[32mSave 7fa6eb8f-ad93-4fff-861c-19428eceb40d(uuid9611)
сент. 16, 2025 8:21:57 PM webapp.storage.AbstractStorage save
INFO: &amp#27;[32mSave 65ae09d0-80cc-4341-bf33-44d18e7465ce(uuid9612)
сент. 16, 2025 8:21:57 PM webapp.storage.AbstractStorage save
INFO: &amp#27;[32mSave 703b4e7d-704b-4561-bd01-a50154087baa(uuid9613)
сент. 16, 2025 8:21:57 PM webapp.storage.AbstractStorage save
INFO: &amp#27;[32mSave a594af8f-0a28-4d6a-8048-7c560c786abf(uuid9614)
сент. 16, 2025 8:21:57 PM webapp.storage.AbstractStorage save
INFO: &amp#27;[32mSave 4ba42c80-cac3-4be8-9df7-d2cba8102af9(uuid9615)
сент. 16, 2025 8:21:57 PM webapp.storage.AbstractStorage save
INFO: &amp#27;[32mSave ba5e17ad-9aac-4118-8242-b22082bcd997(uuid9616)
сент. 16, 2025 8:21:57 PM webapp.storage.AbstractStorage save
INFO: &amp#27;[32mSave e6a9bf41-8e84-4407-8f52-760e01938ec8(uuid9617)
сент. 16, 2025 8:21:57 PM webapp.storage.AbstractStorage save
INFO: &amp#27;[32mSave 27ec7323-2b1a-4d20-88ac-aaedffe716dd(uuid9618)
сент. 16, 2025 8:21:57 PM webapp.storage.AbstractStorage save
INFO: &amp#27;[32mSave 78b2525a-2af3-4b67-b59d-43896efc564c(uuid9619)
сент. 16, 2025 8:21:57 PM webapp.storage.AbstractStorage save
INFO: &amp#27;[32mSave 4461939e-92c9-451c-a232-c03db5fb3e01(uuid9620)
сент. 16, 2025 8:21:57 PM webapp.storage.AbstractStorage save
INFO: &amp#27;[32mSave cd31c5dd-6ced-4f9a-9803-a984a418c6d5(uuid9621)
сент. 16, 2025 8:21:57 PM webapp.storage.AbstractStorage save
INFO: &amp#27;[32mSave 5275bf46-9dc2-4554-8d50-ecc6ed225072(uuid9622)
сент. 16, 2025 8:21:57 PM webapp.storage.AbstractStorage save
INFO: &amp#27;[32mSave 9a67ba04-9ef9-4280-817a-e904d1769632(uuid9623)
сент. 16, 2025 8:21:57 PM webapp.storage.AbstractStorage save
INFO: &amp#27;[32mSave bcfcfde1-83f0-4c2c-9e59-a6a9f2181838(uuid9624)
сент. 16, 2025 8:21:57 PM webapp.storage.AbstractStorage save
INFO: &amp#27;[32mSave 01d092b9-cd75-439d-aff9-c21fb2918324(uuid9625)
сент. 16, 2025 8:21:57 PM webapp.storage.AbstractStorage save
INFO: &amp#27;[32mSave cb5e6f0a-6d45-4df1-847e-907263107b37(uuid9626)
сент. 16, 2025 8:21:57 PM webapp.storage.AbstractStorage save
INFO: &amp#27;[32mSave 879a464f-e46b-42e1-8bf2-d9057a43ce1a(uuid9627)
сент. 16, 2025 8:21:57 PM webapp.storage.AbstractStorage save
INFO: &amp#27;[32mSave f0cd2f8e-f715-46fe-8608-fe250cc12118(uuid9628)
сент. 16, 2025 8:21:57 PM webapp.storage.AbstractStorage save
INFO: &amp#27;[32mSave cbaf2d8d-07b6-45e7-a27d-40cafd3f9492(uuid9629)
сент. 16, 2025 8:21:57 PM webapp.storage.AbstractStorage save
INFO: &amp#27;[32mSave 16a284d6-186b-4767-b1a5-e381af8b5634(uuid9630)
сент. 16, 2025 8:21:57 PM webapp.storage.AbstractStorage save
INFO: &amp#27;[32mSave 779c1b3a-9192-4479-9961-63a1b55e94a5(uuid9631)
сент. 16, 2025 8:21:57 PM webapp.storage.AbstractStorage save
INFO: &amp#27;[32mSave 9907a6e3-70f2-4103-bebb-86deb5ea5c0d(uuid9632)
сент. 16, 2025 8:21:57 PM webapp.storage.AbstractStorage save
INFO: &amp#27;[32mSave e6d2b59a-3e35-4f32-898d-da56a6060f56(uuid9633)
сент. 16, 2025 8:21:57 PM webapp.storage.AbstractStorage save
INFO: &amp#27;[32mSave c65f75fe-23d7-476a-9449-a8f5f71bad32(uuid9634)
сент. 16, 2025 8:21:57 PM webapp.storage.AbstractStorage save
INFO: &amp#27;[32mSave 7c19cc72-9e7a-408b-9e37-8fbf19ef2e79(uuid9635)
сент. 16, 2025 8:21:57 PM webapp.storage.AbstractStorage save
INFO: &amp#27;[32mSave 2b3171a3-37d3-4357-8b39-82b70f8c83d9(uuid9636)
сент. 16, 2025 8:21:57 PM webapp.storage.AbstractStorage save
INFO: &amp#27;[32mSave 2a5c4376-9b5b-4e3b-a285-02eebcd1066a(uuid9637)
сент. 16, 2025 8:21:57 PM webapp.storage.AbstractStorage save
INFO: &amp#27;[32mSave 89045ea5-dee7-4563-89d2-a714447a34c9(uuid9638)
сент. 16, 2025 8:21:57 PM webapp.storage.AbstractStorage save
INFO: &amp#27;[32mSave 5a98bfc2-c8e1-44b1-b8b6-9da9f696095e(uuid9639)
сент. 16, 2025 8:21:57 PM webapp.storage.AbstractStorage save
INFO: &amp#27;[32mSave b0317d4e-2ed1-4bb7-9d0e-402dda03ba82(uuid9640)
сент. 16, 2025 8:21:57 PM webapp.storage.AbstractStorage save
INFO: &amp#27;[32mSave 9f6d014b-5cbb-406b-ae88-9baf8076cde8(uuid9641)
сент. 16, 2025 8:21:57 PM webapp.storage.AbstractStorage save
INFO: &amp#27;[32mSave 826bd2ba-6602-4710-aa97-375f8902c763(uuid9642)
сент. 16, 2025 8:21:57 PM webapp.storage.AbstractStorage save
INFO: &amp#27;[32mSave dd29f76c-22c6-4f7f-b979-46cda567c063(uuid9643)
сент. 16, 2025 8:21:57 PM webapp.storage.AbstractStorage save
INFO: &amp#27;[32mSave edd99cb1-bfee-49c2-bed4-b68c2acbae2c(uuid9644)
сент. 16, 2025 8:21:57 PM webapp.storage.AbstractStorage save
INFO: &amp#27;[32mSave 4013196e-1f43-4d3f-8c70-4bee65b73d13(uuid9645)
сент. 16, 2025 8:21:57 PM webapp.storage.AbstractStorage save
INFO: &amp#27;[32mSave 7d0293a5-8947-4728-8214-99c490453eeb(uuid9646)
сент. 16, 2025 8:21:57 PM webapp.storage.AbstractStorage save
INFO: &amp#27;[32mSave f1a198f4-8c2a-4e41-9c39-3881a42f7e17(uuid9647)
сент. 16, 2025 8:21:57 PM webapp.storage.AbstractStorage save
INFO: &amp#27;[32mSave e91bcc41-6378-48a5-948c-1be97ef781da(uuid9648)
сент. 16, 2025 8:21:57 PM webapp.storage.AbstractStorage save
INFO: &amp#27;[32mSave cdfc8e2b-ee90-4b74-88b0-804112a96726(uuid9649)
сент. 16, 2025 8:21:57 PM webapp.storage.AbstractStorage save
INFO: &amp#27;[32mSave 0912e7c6-a595-480b-ab24-4325ba907172(uuid9650)
сент. 16, 2025 8:21:57 PM webapp.storage.AbstractStorage save
INFO: &amp#27;[32mSave a650211e-0f3f-4e19-982a-60a19abd6362(uuid9651)
сент. 16, 2025 8:21:57 PM webapp.storage.AbstractStorage save
INFO: &amp#27;[32mSave c5953c51-25e7-4b63-8147-992bab02ffdc(uuid9652)
сент. 16, 2025 8:21:57 PM webapp.storage.AbstractStorage save
INFO: &amp#27;[32mSave 82ce1ee0-9185-4f24-8e76-beaab093875f(uuid9653)
сент. 16, 2025 8:21:57 PM webapp.storage.AbstractStorage save
INFO: &amp#27;[32mSave 4975a03e-b098-449d-a01e-9a5c4198b56f(uuid9654)
сент. 16, 2025 8:21:57 PM webapp.storage.AbstractStorage save
INFO: &amp#27;[32mSave 9a5dc344-565c-41ee-adfb-451f2fcf7ef2(uuid9655)
сент. 16, 2025 8:21:57 PM webapp.storage.AbstractStorage save
INFO: &amp#27;[32mSave c5f46101-4e8f-42c4-ba3f-7567365fc18a(uuid9656)
сент. 16, 2025 8:21:57 PM webapp.storage.AbstractStorage save
INFO: &amp#27;[32mSave 8ec35509-756b-4b94-bef5-80d72a820631(uuid9657)
сент. 16, 2025 8:21:57 PM webapp.storage.AbstractStorage save
INFO: &amp#27;[32mSave 94f7c882-505f-4208-a8ab-937f71dbc173(uuid9658)
сент. 16, 2025 8:21:57 PM webapp.storage.AbstractStorage save
INFO: &amp#27;[32mSave 5c7510ab-f938-420d-9ddd-54de8cf519b9(uuid9659)
сент. 16, 2025 8:21:57 PM webapp.storage.AbstractStorage save
INFO: &amp#27;[32mSave 4700d5c8-e0a9-43ae-a277-62af9d9dc4b9(uuid9660)
сент. 16, 2025 8:21:57 PM webapp.storage.AbstractStorage save
INFO: &amp#27;[32mSave 9086c3d2-7420-4994-86c1-3a83547a3a29(uuid9661)
сент. 16, 2025 8:21:57 PM webapp.storage.AbstractStorage save
INFO: &amp#27;[32mSave 8977b09a-abc2-4947-9544-ace922b785a2(uuid9662)
сент. 16, 2025 8:21:57 PM webapp.storage.AbstractStorage save
INFO: &amp#27;[32mSave 89fa0b8a-ade7-4750-ac3e-8ae7d9d455b1(uuid9663)
сент. 16, 2025 8:21:57 PM webapp.storage.AbstractStorage save
INFO: &amp#27;[32mSave b728b7f8-8f6b-444a-94ec-80f58ea7a984(uuid9664)
сент. 16, 2025 8:21:57 PM webapp.storage.AbstractStorage save
INFO: &amp#27;[32mSave 995f08a9-3502-45cd-a7a6-8318da6d3461(uuid9665)
сент. 16, 2025 8:21:57 PM webapp.storage.AbstractStorage save
INFO: &amp#27;[32mSave bc59af68-44ac-458e-a922-a509312f31ef(uuid9666)
сент. 16, 2025 8:21:57 PM webapp.storage.AbstractStorage save
INFO: &amp#27;[32mSave 92224bf9-0ccd-4b80-badc-15cf4a747a60(uuid9667)
сент. 16, 2025 8:21:57 PM webapp.storage.AbstractStorage save
INFO: &amp#27;[32mSave d5f0e1a2-00ba-4560-a482-8278878aeb12(uuid9668)
сент. 16, 2025 8:21:57 PM webapp.storage.AbstractStorage save
INFO: &amp#27;[32mSave cd4e5f98-014e-4872-a801-9c8db3afb2d1(uuid9669)
сент. 16, 2025 8:21:57 PM webapp.storage.AbstractStorage save
INFO: &amp#27;[32mSave 00cbc4f7-7533-4f07-8477-0d3de9bb674c(uuid9670)
сент. 16, 2025 8:21:57 PM webapp.storage.AbstractStorage save
INFO: &amp#27;[32mSave 0f24494e-92c2-47a0-805f-304824f9496b(uuid9671)
сент. 16, 2025 8:21:57 PM webapp.storage.AbstractStorage save
INFO: &amp#27;[32mSave bf8fd11a-d9cf-48dc-ad9f-382bccdd692f(uuid9672)
сент. 16, 2025 8:21:57 PM webapp.storage.AbstractStorage save
INFO: &amp#27;[32mSave 6522df2f-8a25-4e3b-8947-691fdd23d4a0(uuid9673)
сент. 16, 2025 8:21:57 PM webapp.storage.AbstractStorage save
INFO: &amp#27;[32mSave 61910580-bf73-4b9f-af01-e3a206d67f99(uuid9674)
сент. 16, 2025 8:21:57 PM webapp.storage.AbstractStorage save
INFO: &amp#27;[32mSave 9b0d2450-80be-4a6d-af4a-1eabf56d110c(uuid9675)
сент. 16, 2025 8:21:57 PM webapp.storage.AbstractStorage save
INFO: &amp#27;[32mSave 8909eb34-4ec8-42e5-a4e4-015f5106fab5(uuid9676)
сент. 16, 2025 8:21:57 PM webapp.storage.AbstractStorage save
INFO: &amp#27;[32mSave c9a33910-079d-40f0-ad39-7e8e5bca9e7f(uuid9677)
сент. 16, 2025 8:21:57 PM webapp.storage.AbstractStorage save
INFO: &amp#27;[32mSave 90746add-32dc-44a2-ae84-d683bdbf5b44(uuid9678)
сент. 16, 2025 8:21:57 PM webapp.storage.AbstractStorage save
INFO: &amp#27;[32mSave faa9cda3-8d9a-4715-b1a4-115b6b39723c(uuid9679)
сент. 16, 2025 8:21:57 PM webapp.storage.AbstractStorage save
INFO: &amp#27;[32mSave 02355e13-874a-44a2-9aaa-faac6d4e6d51(uuid9680)
сент. 16, 2025 8:21:57 PM webapp.storage.AbstractStorage save
INFO: &amp#27;[32mSave 02203d96-b813-4435-8b3c-cfc5b7807b25(uuid9681)
сент. 16, 2025 8:21:57 PM webapp.storage.AbstractStorage save
INFO: &amp#27;[32mSave 0277b843-c8d3-49ba-926f-9c928e34171f(uuid9682)
сент. 16, 2025 8:21:57 PM webapp.storage.AbstractStorage save
INFO: &amp#27;[32mSave 2b475801-a350-4493-89dd-2d5cb2ca0491(uuid9683)
сент. 16, 2025 8:21:57 PM webapp.storage.AbstractStorage save
INFO: &amp#27;[32mSave 11ade08b-9626-476e-88f3-76d7c33dfdd1(uuid9684)
сент. 16, 2025 8:21:57 PM webapp.storage.AbstractStorage save
INFO: &amp#27;[32mSave b4adf72c-ff02-4850-8ecf-bd5430bc59a9(uuid9685)
сент. 16, 2025 8:21:57 PM webapp.storage.AbstractStorage save
INFO: &amp#27;[32mSave a18407e4-125a-4ddf-b14a-0252052a7698(uuid9686)
сент. 16, 2025 8:21:57 PM webapp.storage.AbstractStorage save
INFO: &amp#27;[32mSave 4fc465c8-d630-41e5-85d5-11ec7d85ab8f(uuid9687)
сент. 16, 2025 8:21:57 PM webapp.storage.AbstractStorage save
INFO: &amp#27;[32mSave 827e9f08-a0ef-4b53-ba44-7a07a3565897(uuid9688)
сент. 16, 2025 8:21:57 PM webapp.storage.AbstractStorage save
INFO: &amp#27;[32mSave 46aa04b1-2163-4934-87ee-809a0aff3b9e(uuid9689)
сент. 16, 2025 8:21:57 PM webapp.storage.AbstractStorage save
INFO: &amp#27;[32mSave 01eca172-56fc-47ae-8fcf-a3742d42ccaa(uuid9690)
сент. 16, 2025 8:21:57 PM webapp.storage.AbstractStorage save
INFO: &amp#27;[32mSave d1d4f0ad-4ea5-44dc-9edd-2937b36ae684(uuid9691)
сент. 16, 2025 8:21:57 PM webapp.storage.AbstractStorage save
INFO: &amp#27;[32mSave 1bd35d11-2269-4851-a6dc-3e3cf79b3614(uuid9692)
сент. 16, 2025 8:21:57 PM webapp.storage.AbstractStorage save
INFO: &amp#27;[32mSave e779a65f-03a7-402b-9509-a15b514ef34d(uuid9693)
сент. 16, 2025 8:21:57 PM webapp.storage.AbstractStorage save
INFO: &amp#27;[32mSave 7bf1210a-11cb-4d37-9268-8d16e8d87014(uuid9694)
сент. 16, 2025 8:21:57 PM webapp.storage.AbstractStorage save
INFO: &amp#27;[32mSave 5a8bf295-eb75-47dd-b546-60964df5edbd(uuid9695)
сент. 16, 2025 8:21:57 PM webapp.storage.AbstractStorage save
INFO: &amp#27;[32mSave 52f22097-f3d5-4e32-86c3-7d461f2b5f43(uuid9696)
сент. 16, 2025 8:21:57 PM webapp.storage.AbstractStorage save
INFO: &amp#27;[32mSave 6e558edb-5da6-4eb4-ab4a-0efae34ba20f(uuid9697)
сент. 16, 2025 8:21:57 PM webapp.storage.AbstractStorage save
INFO: &amp#27;[32mSave 340d4a71-6780-4e7b-b6f7-d5f7e7f03f85(uuid9698)
сент. 16, 2025 8:21:57 PM webapp.storage.AbstractStorage save
INFO: &amp#27;[32mSave 9bcf6607-35be-480d-bc26-e90723735576(uuid9699)
сент. 16, 2025 8:21:57 PM webapp.storage.AbstractStorage save
INFO: &amp#27;[32mSave 213b81ae-8700-471d-8c7c-9c461a822138(uuid9700)
сент. 16, 2025 8:21:57 PM webapp.storage.AbstractStorage save
INFO: &amp#27;[32mSave f0775232-74ac-4307-bbc2-320e42cc9e36(uuid9701)
сент. 16, 2025 8:21:57 PM webapp.storage.AbstractStorage save
INFO: &amp#27;[32mSave 2d4da310-4341-44ef-9d65-d5b2dfda43c8(uuid9702)
сент. 16, 2025 8:21:57 PM webapp.storage.AbstractStorage save
INFO: &amp#27;[32mSave 9ba1b645-6c47-4316-a2eb-e5f9b88fff7a(uuid9703)
сент. 16, 2025 8:21:57 PM webapp.storage.AbstractStorage save
INFO: &amp#27;[32mSave d98c8356-4096-48c7-b523-ceefb123cc69(uuid9704)
сент. 16, 2025 8:21:57 PM webapp.storage.AbstractStorage save
INFO: &amp#27;[32mSave 766d19c0-beb0-48b6-bed7-ebe57ca860d4(uuid9705)
сент. 16, 2025 8:21:57 PM webapp.storage.AbstractStorage save
INFO: &amp#27;[32mSave a1114b57-04f2-41fa-9fab-9fe53f28870c(uuid9706)
сент. 16, 2025 8:21:57 PM webapp.storage.AbstractStorage save
INFO: &amp#27;[32mSave de69c9bd-6dfe-4d67-bfe7-2d9b634879f7(uuid9707)
сент. 16, 2025 8:21:57 PM webapp.storage.AbstractStorage save
INFO: &amp#27;[32mSave 2e00212a-b0d5-44f2-a8b8-7eff43bcb453(uuid9708)
сент. 16, 2025 8:21:57 PM webapp.storage.AbstractStorage save
INFO: &amp#27;[32mSave 67e68ae0-dfae-4c12-895a-c10327f06854(uuid9709)
сент. 16, 2025 8:21:57 PM webapp.storage.AbstractStorage save
INFO: &amp#27;[32mSave fc951fb5-1fba-4366-888a-431ab26083c1(uuid9710)
сент. 16, 2025 8:21:57 PM webapp.storage.AbstractStorage save
INFO: &amp#27;[32mSave c40b416e-d281-4ae1-bf04-6763a87220a2(uuid9711)
сент. 16, 2025 8:21:57 PM webapp.storage.AbstractStorage save
INFO: &amp#27;[32mSave f702e223-98cf-4ec2-b13f-7c5d88580c06(uuid9712)
сент. 16, 2025 8:21:57 PM webapp.storage.AbstractStorage save
INFO: &amp#27;[32mSave f9f8ee52-54a1-49f0-b8a7-7c98ac598d0e(uuid9713)
сент. 16, 2025 8:21:57 PM webapp.storage.AbstractStorage save
INFO: &amp#27;[32mSave d30f8f61-05f4-4d61-80ab-d11ce7f97dd3(uuid9714)
сент. 16, 2025 8:21:57 PM webapp.storage.AbstractStorage save
INFO: &amp#27;[32mSave 8a2c1acd-a767-45f5-916d-4b4db00484d4(uuid9715)
сент. 16, 2025 8:21:57 PM webapp.storage.AbstractStorage save
INFO: &amp#27;[32mSave 3d9b7344-5d5f-4264-a035-a19e3b79ba93(uuid9716)
сент. 16, 2025 8:21:57 PM webapp.storage.AbstractStorage save
INFO: &amp#27;[32mSave 2aa6f19a-6c12-485e-a2fc-2ccb86d5bff0(uuid9717)
сент. 16, 2025 8:21:57 PM webapp.storage.AbstractStorage save
INFO: &amp#27;[32mSave 7c7f9e23-5382-4ce8-8180-8f8fd341ab09(uuid9718)
сент. 16, 2025 8:21:57 PM webapp.storage.AbstractStorage save
INFO: &amp#27;[32mSave 6c357b55-618b-4f98-b6d6-78016ba75994(uuid9719)
сент. 16, 2025 8:21:57 PM webapp.storage.AbstractStorage save
INFO: &amp#27;[32mSave bd548cbe-d4f7-40bf-9b4e-d4aae52d149d(uuid9720)
сент. 16, 2025 8:21:57 PM webapp.storage.AbstractStorage save
INFO: &amp#27;[32mSave 11b2f2e2-6d08-4a5c-9583-2aa8deafd46a(uuid9721)
сент. 16, 2025 8:21:57 PM webapp.storage.AbstractStorage save
INFO: &amp#27;[32mSave 1a055c36-1523-4647-8ee5-5b90aebea40d(uuid9722)
сент. 16, 2025 8:21:57 PM webapp.storage.AbstractStorage save
INFO: &amp#27;[32mSave 8fd1ab78-7041-497f-b354-339f6fd0b226(uuid9723)
сент. 16, 2025 8:21:57 PM webapp.storage.AbstractStorage save
INFO: &amp#27;[32mSave 696dd77b-94cc-4a5c-b5a1-4ada8813fb07(uuid9724)
сент. 16, 2025 8:21:57 PM webapp.storage.AbstractStorage save
INFO: &amp#27;[32mSave 60b7c912-5380-4f29-b0e0-dd2d234d679c(uuid9725)
сент. 16, 2025 8:21:57 PM webapp.storage.AbstractStorage save
INFO: &amp#27;[32mSave a3b8c090-6af8-4292-ba1e-9727e4cd6c17(uuid9726)
сент. 16, 2025 8:21:57 PM webapp.storage.AbstractStorage save
INFO: &amp#27;[32mSave 2317f949-2971-4ac4-aa49-5e33e2ddfaaf(uuid9727)
сент. 16, 2025 8:21:57 PM webapp.storage.AbstractStorage save
INFO: &amp#27;[32mSave c8520b06-d8cd-4abb-9006-4224e4f4f68b(uuid9728)
сент. 16, 2025 8:21:57 PM webapp.storage.AbstractStorage save
INFO: &amp#27;[32mSave 499ca2e6-f451-444a-b303-f3bbcd1d8e2d(uuid9729)
сент. 16, 2025 8:21:57 PM webapp.storage.AbstractStorage save
INFO: &amp#27;[32mSave 1dcb2091-bdb4-41f7-832d-09a5f8113cec(uuid9730)
сент. 16, 2025 8:21:57 PM webapp.storage.AbstractStorage save
INFO: &amp#27;[32mSave afa7f276-eee7-479e-9253-a15c510b0a9a(uuid9731)
сент. 16, 2025 8:21:57 PM webapp.storage.AbstractStorage save
INFO: &amp#27;[32mSave 41c77d90-e283-498c-8782-c9bf6bca6d5e(uuid9732)
сент. 16, 2025 8:21:57 PM webapp.storage.AbstractStorage save
INFO: &amp#27;[32mSave eea386fc-6aa2-43a8-a93f-375d993a3853(uuid9733)
сент. 16, 2025 8:21:57 PM webapp.storage.AbstractStorage save
INFO: &amp#27;[32mSave e69c5d94-59c9-418b-936f-f89fd53d3d1b(uuid9734)
сент. 16, 2025 8:21:57 PM webapp.storage.AbstractStorage save
INFO: &amp#27;[32mSave f9e7f632-bc1e-4485-902c-1601b714b189(uuid9735)
сент. 16, 2025 8:21:57 PM webapp.storage.AbstractStorage save
INFO: &amp#27;[32mSave 76569440-d21c-4723-8ed2-b3095f2ead98(uuid9736)
сент. 16, 2025 8:21:57 PM webapp.storage.AbstractStorage save
INFO: &amp#27;[32mSave 783615f4-fc19-46f9-83b9-9128492aec09(uuid9737)
сент. 16, 2025 8:21:57 PM webapp.storage.AbstractStorage save
INFO: &amp#27;[32mSave b52a3ab5-4ef0-49ee-99f5-42c6ab9e0a0e(uuid9738)
сент. 16, 2025 8:21:57 PM webapp.storage.AbstractStorage save
INFO: &amp#27;[32mSave 64f27253-18f7-4a04-8c84-5d40f110360f(uuid9739)
сент. 16, 2025 8:21:57 PM webapp.storage.AbstractStorage save
INFO: &amp#27;[32mSave f6b8c6e9-e135-4559-b00c-6d779a5e38a1(uuid9740)
сент. 16, 2025 8:21:57 PM webapp.storage.AbstractStorage save
INFO: &amp#27;[32mSave 5eb682eb-056d-474c-981a-4c0d3642e934(uuid9741)
сент. 16, 2025 8:21:57 PM webapp.storage.AbstractStorage save
INFO: &amp#27;[32mSave 3f135033-bfd3-4516-941b-f604f54c1a91(uuid9742)
сент. 16, 2025 8:21:57 PM webapp.storage.AbstractStorage save
INFO: &amp#27;[32mSave 934d80ef-7092-43cf-9d87-3ea20f135537(uuid9743)
сент. 16, 2025 8:21:57 PM webapp.storage.AbstractStorage save
INFO: &amp#27;[32mSave 131150d6-ee29-4047-bbdd-52040942028c(uuid9744)
сент. 16, 2025 8:21:57 PM webapp.storage.AbstractStorage save
INFO: &amp#27;[32mSave bef75f47-e74d-46a1-bc3d-9c9e52183e68(uuid9745)
сент. 16, 2025 8:21:57 PM webapp.storage.AbstractStorage save
INFO: &amp#27;[32mSave efea5e48-c729-499f-b61b-10d071d41a92(uuid9746)
сент. 16, 2025 8:21:57 PM webapp.storage.AbstractStorage save
INFO: &amp#27;[32mSave 5568f8e4-0df4-4699-b0ff-68277f1f3f70(uuid9747)
сент. 16, 2025 8:21:57 PM webapp.storage.AbstractStorage save
INFO: &amp#27;[32mSave c97e9fae-a492-4263-aef5-49cee3584585(uuid9748)
сент. 16, 2025 8:21:57 PM webapp.storage.AbstractStorage save
INFO: &amp#27;[32mSave 2194c58a-dcb5-4587-b489-59ee6670e0fd(uuid9749)
сент. 16, 2025 8:21:57 PM webapp.storage.AbstractStorage save
INFO: &amp#27;[32mSave 6e3d4c22-5ecd-4b69-ad45-bd949acda7d7(uuid9750)
сент. 16, 2025 8:21:57 PM webapp.storage.AbstractStorage save
INFO: &amp#27;[32mSave 8ea84b35-c0bd-48ed-91ea-e5c415b3116a(uuid9751)
сент. 16, 2025 8:21:57 PM webapp.storage.AbstractStorage save
INFO: &amp#27;[32mSave 18323239-342d-4bca-9f06-c127f3ed7b78(uuid9752)
сент. 16, 2025 8:21:57 PM webapp.storage.AbstractStorage save
INFO: &amp#27;[32mSave b8c344ed-f1fd-4f5b-9e3f-b71874fdd192(uuid9753)
сент. 16, 2025 8:21:57 PM webapp.storage.AbstractStorage save
INFO: &amp#27;[32mSave 2d928520-0b85-4424-8618-8a43ac5bc049(uuid9754)
сент. 16, 2025 8:21:57 PM webapp.storage.AbstractStorage save
INFO: &amp#27;[32mSave 91234a99-3033-4c42-a601-2c257f60a026(uuid9755)
сент. 16, 2025 8:21:57 PM webapp.storage.AbstractStorage save
INFO: &amp#27;[32mSave 39070c27-d141-4c6b-8f5a-8ff2e1956386(uuid9756)
сент. 16, 2025 8:21:57 PM webapp.storage.AbstractStorage save
INFO: &amp#27;[32mSave 1cd0323a-6848-4d80-a2da-64fdd3f6b1f6(uuid9757)
сент. 16, 2025 8:21:57 PM webapp.storage.AbstractStorage save
INFO: &amp#27;[32mSave c16f4549-4507-4243-a680-ead0696309c4(uuid9758)
сент. 16, 2025 8:21:57 PM webapp.storage.AbstractStorage save
INFO: &amp#27;[32mSave 7c6f5749-33a5-4ac4-a01e-af4c1c27c52e(uuid9759)
сент. 16, 2025 8:21:57 PM webapp.storage.AbstractStorage save
INFO: &amp#27;[32mSave 97d12d0f-7fe7-43a1-a8fb-86ae0a561446(uuid9760)
сент. 16, 2025 8:21:57 PM webapp.storage.AbstractStorage save
INFO: &amp#27;[32mSave 584645e7-bc7a-4504-b2df-1746c6a289b8(uuid9761)
сент. 16, 2025 8:21:57 PM webapp.storage.AbstractStorage save
INFO: &amp#27;[32mSave d475ea03-f4b5-4b46-b898-aa5990c7a50a(uuid9762)
сент. 16, 2025 8:21:57 PM webapp.storage.AbstractStorage save
INFO: &amp#27;[32mSave 17f3b44f-955c-4c2b-8d87-4297d3486660(uuid9763)
сент. 16, 2025 8:21:57 PM webapp.storage.AbstractStorage save
INFO: &amp#27;[32mSave 09591a5d-ec41-4bd3-9aaf-bb67772cd3e8(uuid9764)
сент. 16, 2025 8:21:57 PM webapp.storage.AbstractStorage save
INFO: &amp#27;[32mSave 26a077a9-3c5f-452e-b9d8-1f09af18bb1b(uuid9765)
сент. 16, 2025 8:21:57 PM webapp.storage.AbstractStorage save
INFO: &amp#27;[32mSave 4ac3218e-4ea6-4fab-a905-87b2a0e828ca(uuid9766)
сент. 16, 2025 8:21:57 PM webapp.storage.AbstractStorage save
INFO: &amp#27;[32mSave 365f5af6-71ed-41f5-aa43-1dbf9a30aed7(uuid9767)
сент. 16, 2025 8:21:57 PM webapp.storage.AbstractStorage save
INFO: &amp#27;[32mSave 282d204f-031f-4e3c-a48c-feb4aeeb7a83(uuid9768)
сент. 16, 2025 8:21:57 PM webapp.storage.AbstractStorage save
INFO: &amp#27;[32mSave 9890a6db-b879-4e3b-be1d-3f7c299b0596(uuid9769)
сент. 16, 2025 8:21:57 PM webapp.storage.AbstractStorage save
INFO: &amp#27;[32mSave df33dc09-f79f-413d-93f5-042f4aa4d8ce(uuid9770)
сент. 16, 2025 8:21:57 PM webapp.storage.AbstractStorage save
INFO: &amp#27;[32mSave b0a55683-47f9-460d-903d-5c8da0f6ada7(uuid9771)
сент. 16, 2025 8:21:57 PM webapp.storage.AbstractStorage save
INFO: &amp#27;[32mSave 179857b3-b20c-475b-86a8-496a28ba5802(uuid9772)
сент. 16, 2025 8:21:57 PM webapp.storage.AbstractStorage save
INFO: &amp#27;[32mSave 63448972-4872-4b31-a422-d62fec5e0bb6(uuid9773)
сент. 16, 2025 8:21:57 PM webapp.storage.AbstractStorage save
INFO: &amp#27;[32mSave 04058b79-90fd-4ada-b5b7-82fa418c6827(uuid9774)
сент. 16, 2025 8:21:57 PM webapp.storage.AbstractStorage save
INFO: &amp#27;[32mSave 024f0225-940e-4625-bc34-927fb7c0e79d(uuid9775)
сент. 16, 2025 8:21:57 PM webapp.storage.AbstractStorage save
INFO: &amp#27;[32mSave 32bdafbe-3a27-42c2-9fde-9165a0a766a0(uuid9776)
сент. 16, 2025 8:21:57 PM webapp.storage.AbstractStorage save
INFO: &amp#27;[32mSave 3095f8c1-d1b7-4714-8346-a4facdfd6d2b(uuid9777)
сент. 16, 2025 8:21:57 PM webapp.storage.AbstractStorage save
INFO: &amp#27;[32mSave 2d54e5f3-9348-410c-b2b7-bac74aafc407(uuid9778)
сент. 16, 2025 8:21:57 PM webapp.storage.AbstractStorage save
INFO: &amp#27;[32mSave 4164a130-9df2-42d2-957c-e91e634b14da(uuid9779)
сент. 16, 2025 8:21:57 PM webapp.storage.AbstractStorage save
INFO: &amp#27;[32mSave c9c00a11-335c-4848-a7f9-0f7b07726daa(uuid9780)
сент. 16, 2025 8:21:57 PM webapp.storage.AbstractStorage save
INFO: &amp#27;[32mSave 703b11a6-e9c9-4e9c-849b-175b5450adee(uuid9781)
сент. 16, 2025 8:21:57 PM webapp.storage.AbstractStorage save
INFO: &amp#27;[32mSave 9eab51ee-8471-4ab4-a163-122c864ae787(uuid9782)
сент. 16, 2025 8:21:57 PM webapp.storage.AbstractStorage save
INFO: &amp#27;[32mSave 812d25a9-342b-4ae0-954c-74d20b969b4a(uuid9783)
сент. 16, 2025 8:21:57 PM webapp.storage.AbstractStorage save
INFO: &amp#27;[32mSave a6b56ca1-cebc-441f-9015-ddd4fb5775a8(uuid9784)
сент. 16, 2025 8:21:57 PM webapp.storage.AbstractStorage save
INFO: &amp#27;[32mSave 157ec4d8-3573-4539-816a-cc560161da6c(uuid9785)
сент. 16, 2025 8:21:57 PM webapp.storage.AbstractStorage save
INFO: &amp#27;[32mSave 48698164-6fec-4abf-8a9c-d43d8fe3a1a3(uuid9786)
сент. 16, 2025 8:21:57 PM webapp.storage.AbstractStorage save
INFO: &amp#27;[32mSave 10c591cd-c1d5-4a18-a7e7-2cb4786d04b5(uuid9787)
сент. 16, 2025 8:21:57 PM webapp.storage.AbstractStorage save
INFO: &amp#27;[32mSave e600aacc-b9cd-45e0-b399-3aaf43249606(uuid9788)
сент. 16, 2025 8:21:57 PM webapp.storage.AbstractStorage save
INFO: &amp#27;[32mSave afa8d8dc-0ae3-441a-a60f-51fbda85dfaa(uuid9789)
сент. 16, 2025 8:21:57 PM webapp.storage.AbstractStorage save
INFO: &amp#27;[32mSave 4b929cf1-3932-48ac-a70d-2410cde85acb(uuid9790)
сент. 16, 2025 8:21:57 PM webapp.storage.AbstractStorage save
INFO: &amp#27;[32mSave 8bd99923-34f7-4ef1-be1f-585c4e31c15d(uuid9791)
сент. 16, 2025 8:21:57 PM webapp.storage.AbstractStorage save
INFO: &amp#27;[32mSave 807ef1d9-931d-4c30-85a1-452abe20a5fd(uuid9792)
сент. 16, 2025 8:21:57 PM webapp.storage.AbstractStorage save
INFO: &amp#27;[32mSave c76b1135-587c-47e9-9018-5f9e2b51f404(uuid9793)
сент. 16, 2025 8:21:57 PM webapp.storage.AbstractStorage save
INFO: &amp#27;[32mSave 98e2a09b-01a4-452f-a690-5861a817ccd3(uuid9794)
сент. 16, 2025 8:21:57 PM webapp.storage.AbstractStorage save
INFO: &amp#27;[32mSave b8554bf4-c46d-4005-89bc-ae816e1f307a(uuid9795)
сент. 16, 2025 8:21:57 PM webapp.storage.AbstractStorage save
INFO: &amp#27;[32mSave 3ee26eb4-7af7-4052-92cc-e36752a046db(uuid9796)
сент. 16, 2025 8:21:57 PM webapp.storage.AbstractStorage save
INFO: &amp#27;[32mSave 20adcf01-8418-41cf-ac7d-5d1f9673679d(uuid9797)
сент. 16, 2025 8:21:57 PM webapp.storage.AbstractStorage save
INFO: &amp#27;[32mSave c555c3c6-48a6-42e7-bb4f-e5f052aff911(uuid9798)
сент. 16, 2025 8:21:57 PM webapp.storage.AbstractStorage save
INFO: &amp#27;[32mSave c57c7a8c-dec5-498a-a030-f908589a7636(uuid9799)
сент. 16, 2025 8:21:57 PM webapp.storage.AbstractStorage save
INFO: &amp#27;[32mSave 90e45b3c-72fa-4829-999f-990d9199dbbc(uuid9800)
сент. 16, 2025 8:21:57 PM webapp.storage.AbstractStorage save
INFO: &amp#27;[32mSave 5497490c-6325-40d7-8a46-184211105c78(uuid9801)
сент. 16, 2025 8:21:57 PM webapp.storage.AbstractStorage save
INFO: &amp#27;[32mSave 51494bb9-1949-47a7-b79b-7d88b22f35c3(uuid9802)
сент. 16, 2025 8:21:57 PM webapp.storage.AbstractStorage save
INFO: &amp#27;[32mSave 559e22af-b211-4923-8dc5-517c5c94bbe7(uuid9803)
сент. 16, 2025 8:21:57 PM webapp.storage.AbstractStorage save
INFO: &amp#27;[32mSave 1d9225d1-c147-45ac-bdf0-9f9ce8cbda7a(uuid9804)
сент. 16, 2025 8:21:57 PM webapp.storage.AbstractStorage save
INFO: &amp#27;[32mSave f744b5ec-2136-4476-93b6-2435731532be(uuid9805)
сент. 16, 2025 8:21:57 PM webapp.storage.AbstractStorage save
INFO: &amp#27;[32mSave db7644ff-01d7-4741-af84-392a9c2fe050(uuid9806)
сент. 16, 2025 8:21:57 PM webapp.storage.AbstractStorage save
INFO: &amp#27;[32mSave 0be61444-5bee-4250-9c16-06ac64870128(uuid9807)
сент. 16, 2025 8:21:57 PM webapp.storage.AbstractStorage save
INFO: &amp#27;[32mSave f15bea50-c555-4360-9ce2-d5b7362d1453(uuid9808)
сент. 16, 2025 8:21:57 PM webapp.storage.AbstractStorage save
INFO: &amp#27;[32mSave 157552e3-41fd-4274-a3aa-463208221c66(uuid9809)
сент. 16, 2025 8:21:57 PM webapp.storage.AbstractStorage save
INFO: &amp#27;[32mSave ae792ee2-75c0-40bf-be0b-9cdd4f5c2846(uuid9810)
сент. 16, 2025 8:21:57 PM webapp.storage.AbstractStorage save
INFO: &amp#27;[32mSave beea07e4-63ad-4267-860c-5f1771263b8e(uuid9811)
сент. 16, 2025 8:21:57 PM webapp.storage.AbstractStorage save
INFO: &amp#27;[32mSave ec343503-44b4-4e4c-8f25-a6853001fcf3(uuid9812)
сент. 16, 2025 8:21:57 PM webapp.storage.AbstractStorage save
INFO: &amp#27;[32mSave f310f6ee-2352-4778-9e42-efd9cc9e3155(uuid9813)
сент. 16, 2025 8:21:57 PM webapp.storage.AbstractStorage save
INFO: &amp#27;[32mSave 525e4ccc-5939-41ed-9d38-cbb0a90956f3(uuid9814)
сент. 16, 2025 8:21:57 PM webapp.storage.AbstractStorage save
INFO: &amp#27;[32mSave a3edb9e8-c097-4f49-bdef-ae1a665b738d(uuid9815)
сент. 16, 2025 8:21:57 PM webapp.storage.AbstractStorage save
INFO: &amp#27;[32mSave d97519ba-90c1-4368-b0a6-24a54b7b6121(uuid9816)
сент. 16, 2025 8:21:57 PM webapp.storage.AbstractStorage save
INFO: &amp#27;[32mSave 99dfad67-2a7a-46e8-84db-927f4490e8f3(uuid9817)
сент. 16, 2025 8:21:57 PM webapp.storage.AbstractStorage save
INFO: &amp#27;[32mSave db81cf96-fd50-4788-8780-ad31ca8f7848(uuid9818)
сент. 16, 2025 8:21:57 PM webapp.storage.AbstractStorage save
INFO: &amp#27;[32mSave dfd876ee-2575-480c-97ea-ced8d1f5dff1(uuid9819)
сент. 16, 2025 8:21:57 PM webapp.storage.AbstractStorage save
INFO: &amp#27;[32mSave 35134766-44b5-4736-97ef-5e1289a5cdb5(uuid9820)
сент. 16, 2025 8:21:57 PM webapp.storage.AbstractStorage save
INFO: &amp#27;[32mSave 3b0dbd46-1129-48a9-818c-78123c325acd(uuid9821)
сент. 16, 2025 8:21:57 PM webapp.storage.AbstractStorage save
INFO: &amp#27;[32mSave 558460b7-ed5e-4eeb-b1f7-2a4da9d89120(uuid9822)
сент. 16, 2025 8:21:57 PM webapp.storage.AbstractStorage save
INFO: &amp#27;[32mSave 0621c41f-3ac5-409d-a244-8954d434c3c6(uuid9823)
сент. 16, 2025 8:21:57 PM webapp.storage.AbstractStorage save
INFO: &amp#27;[32mSave 5554f20c-f9de-4c24-bf7a-693d852dbf51(uuid9824)
сент. 16, 2025 8:21:57 PM webapp.storage.AbstractStorage save
INFO: &amp#27;[32mSave c9f5d666-cd73-4306-a1c6-33c177de8bfb(uuid9825)
сент. 16, 2025 8:21:57 PM webapp.storage.AbstractStorage save
INFO: &amp#27;[32mSave 88ebd179-e791-4ebd-9d91-b99520720504(uuid9826)
сент. 16, 2025 8:21:57 PM webapp.storage.AbstractStorage save
INFO: &amp#27;[32mSave a8d5ca7c-809c-4967-8594-2470b975fee8(uuid9827)
сент. 16, 2025 8:21:57 PM webapp.storage.AbstractStorage save
INFO: &amp#27;[32mSave bed6b1f7-1ef2-4961-bca2-365db0c05002(uuid9828)
сент. 16, 2025 8:21:57 PM webapp.storage.AbstractStorage save
INFO: &amp#27;[32mSave c155602b-59be-4f53-a9a7-5ca5d71a0c45(uuid9829)
сент. 16, 2025 8:21:57 PM webapp.storage.AbstractStorage save
INFO: &amp#27;[32mSave f60ccccf-bf7e-4ca3-9da1-f94685cb64fe(uuid9830)
сент. 16, 2025 8:21:57 PM webapp.storage.AbstractStorage save
INFO: &amp#27;[32mSave dfc587e4-7402-47b4-a38f-2c9769d51063(uuid9831)
сент. 16, 2025 8:21:57 PM webapp.storage.AbstractStorage save
INFO: &amp#27;[32mSave 8993a34b-787f-4769-a77e-0d70846307ef(uuid9832)
сент. 16, 2025 8:21:57 PM webapp.storage.AbstractStorage save
INFO: &amp#27;[32mSave d99c402c-c203-48cd-9c96-251172f7a336(uuid9833)
сент. 16, 2025 8:21:57 PM webapp.storage.AbstractStorage save
INFO: &amp#27;[32mSave 7d6ef993-f19d-4935-86b9-f62f11b0aaa0(uuid9834)
сент. 16, 2025 8:21:57 PM webapp.storage.AbstractStorage save
INFO: &amp#27;[32mSave 0145e89d-0066-4d1c-af10-99b6587d865a(uuid9835)
сент. 16, 2025 8:21:57 PM webapp.storage.AbstractStorage save
INFO: &amp#27;[32mSave 4515f393-deaa-4f66-b155-d2a073ec4894(uuid9836)
сент. 16, 2025 8:21:57 PM webapp.storage.AbstractStorage save
INFO: &amp#27;[32mSave 869e2cab-7700-4537-ab76-ead20e9ecb3c(uuid9837)
сент. 16, 2025 8:21:57 PM webapp.storage.AbstractStorage save
INFO: &amp#27;[32mSave c0965c59-58e0-49fa-8e4b-09c0713c680f(uuid9838)
сент. 16, 2025 8:21:57 PM webapp.storage.AbstractStorage save
INFO: &amp#27;[32mSave 1806e274-5d31-4a5c-90c3-47b0de2e6263(uuid9839)
сент. 16, 2025 8:21:57 PM webapp.storage.AbstractStorage save
INFO: &amp#27;[32mSave 7fda9748-7a5d-44d2-8ca0-479f0ecea64c(uuid9840)
сент. 16, 2025 8:21:57 PM webapp.storage.AbstractStorage save
INFO: &amp#27;[32mSave ef30afae-92d4-4940-9ef5-e5ebf83b07e1(uuid9841)
сент. 16, 2025 8:21:57 PM webapp.storage.AbstractStorage save
INFO: &amp#27;[32mSave 669bdfc3-9f26-4bbd-bae6-2d863a71ee57(uuid9842)
сент. 16, 2025 8:21:57 PM webapp.storage.AbstractStorage save
INFO: &amp#27;[32mSave ebac3dbd-7612-4881-b222-c00d36fc15d3(uuid9843)
сент. 16, 2025 8:21:57 PM webapp.storage.AbstractStorage save
INFO: &amp#27;[32mSave 4fd21c68-09d8-4e8c-8304-2ea86bc19caa(uuid9844)
сент. 16, 2025 8:21:57 PM webapp.storage.AbstractStorage save
INFO: &amp#27;[32mSave aee45b99-4052-4af6-b6ba-42e62b946599(uuid9845)
сент. 16, 2025 8:21:57 PM webapp.storage.AbstractStorage save
INFO: &amp#27;[32mSave 921ebba5-bfff-4d92-b459-0fdc36fa926c(uuid9846)
сент. 16, 2025 8:21:57 PM webapp.storage.AbstractStorage save
INFO: &amp#27;[32mSave 11b327fc-4ec2-4e30-bf22-710ffa146633(uuid9847)
сент. 16, 2025 8:21:57 PM webapp.storage.AbstractStorage save
INFO: &amp#27;[32mSave 08276c8a-7cfd-4262-937a-dda4ed38f294(uuid9848)
сент. 16, 2025 8:21:57 PM webapp.storage.AbstractStorage save
INFO: &amp#27;[32mSave f0503fcd-e0d4-4466-ab04-e66fcda9568a(uuid9849)
сент. 16, 2025 8:21:57 PM webapp.storage.AbstractStorage save
INFO: &amp#27;[32mSave 24f16965-26e3-4f7c-a3f2-65bca8838578(uuid9850)
сент. 16, 2025 8:21:57 PM webapp.storage.AbstractStorage save
INFO: &amp#27;[32mSave 52b6727e-2d50-4fdd-968d-40fc99eec34f(uuid9851)
сент. 16, 2025 8:21:57 PM webapp.storage.AbstractStorage save
INFO: &amp#27;[32mSave 2df8b5a7-6b00-4380-9e6a-ff950d8501ef(uuid9852)
сент. 16, 2025 8:21:57 PM webapp.storage.AbstractStorage save
INFO: &amp#27;[32mSave 3bdd04ef-3c8f-462a-a850-14c7c85819a6(uuid9853)
сент. 16, 2025 8:21:57 PM webapp.storage.AbstractStorage save
INFO: &amp#27;[32mSave 6eb9730d-fda5-445e-a12c-9b1b854d8b52(uuid9854)
сент. 16, 2025 8:21:57 PM webapp.storage.AbstractStorage save
INFO: &amp#27;[32mSave d4eebeff-0cfd-4bd9-b2ee-1480a87202e5(uuid9855)
сент. 16, 2025 8:21:57 PM webapp.storage.AbstractStorage save
INFO: &amp#27;[32mSave 7282da07-3d35-42b1-af1d-807c3b111677(uuid9856)
сент. 16, 2025 8:21:57 PM webapp.storage.AbstractStorage save
INFO: &amp#27;[32mSave f0e626f7-685a-4152-8838-b52db05c1875(uuid9857)
сент. 16, 2025 8:21:57 PM webapp.storage.AbstractStorage save
INFO: &amp#27;[32mSave fd3366fe-ab8d-4bb7-a2ab-73c0771fad72(uuid9858)
сент. 16, 2025 8:21:57 PM webapp.storage.AbstractStorage save
INFO: &amp#27;[32mSave 1a041a2e-a4c2-4520-abcb-1cd8359e4e9d(uuid9859)
сент. 16, 2025 8:21:57 PM webapp.storage.AbstractStorage save
INFO: &amp#27;[32mSave c46e088e-ae57-49d0-aaea-2df0ed9cbb9a(uuid9860)
сент. 16, 2025 8:21:57 PM webapp.storage.AbstractStorage save
INFO: &amp#27;[32mSave 4d49374f-16d7-4dac-8651-6c04ed203212(uuid9861)
сент. 16, 2025 8:21:57 PM webapp.storage.AbstractStorage save
INFO: &amp#27;[32mSave f82b11f2-ee81-4c68-a983-80e22b37c5ef(uuid9862)
сент. 16, 2025 8:21:57 PM webapp.storage.AbstractStorage save
INFO: &amp#27;[32mSave 57eb2df6-e07d-4f01-9ac0-ef370cdf960f(uuid9863)
сент. 16, 2025 8:21:57 PM webapp.storage.AbstractStorage save
INFO: &amp#27;[32mSave 6991c4cc-0cfd-45e2-9cbe-3e56fe9b0b2c(uuid9864)
сент. 16, 2025 8:21:57 PM webapp.storage.AbstractStorage save
INFO: &amp#27;[32mSave 1c7e1b6a-bdfc-49c9-b296-2e1b49b43126(uuid9865)
сент. 16, 2025 8:21:57 PM webapp.storage.AbstractStorage save
INFO: &amp#27;[32mSave c598e6bb-241b-4b22-b521-5fe0a7f508c0(uuid9866)
сент. 16, 2025 8:21:57 PM webapp.storage.AbstractStorage save
INFO: &amp#27;[32mSave 19efe227-9e5b-4070-9460-3ab24ceac56e(uuid9867)
сент. 16, 2025 8:21:57 PM webapp.storage.AbstractStorage save
INFO: &amp#27;[32mSave 7995b877-8458-43b6-84e1-8c4b3fa97452(uuid9868)
сент. 16, 2025 8:21:57 PM webapp.storage.AbstractStorage save
INFO: &amp#27;[32mSave bfac43c9-fb9d-4edf-8c8a-6b9885cf693c(uuid9869)
сент. 16, 2025 8:21:57 PM webapp.storage.AbstractStorage save
INFO: &amp#27;[32mSave 4a15e706-faa0-45cb-ac7f-416b01cd721f(uuid9870)
сент. 16, 2025 8:21:57 PM webapp.storage.AbstractStorage save
INFO: &amp#27;[32mSave c20b88b0-2652-4e7d-977d-11f4e37f3ffb(uuid9871)
сент. 16, 2025 8:21:57 PM webapp.storage.AbstractStorage save
INFO: &amp#27;[32mSave add16063-37bd-4b5b-a876-b06aa52eee06(uuid9872)
сент. 16, 2025 8:21:57 PM webapp.storage.AbstractStorage save
INFO: &amp#27;[32mSave 54e8db68-6bc3-4041-af1e-437b70cd1fb2(uuid9873)
сент. 16, 2025 8:21:57 PM webapp.storage.AbstractStorage save
INFO: &amp#27;[32mSave 58677236-0206-4c73-b0e3-349c52b649ce(uuid9874)
сент. 16, 2025 8:21:57 PM webapp.storage.AbstractStorage save
INFO: &amp#27;[32mSave 4b9a45bb-fb6e-43ee-a16f-ac8137523ad8(uuid9875)
сент. 16, 2025 8:21:57 PM webapp.storage.AbstractStorage save
INFO: &amp#27;[32mSave 087dd401-eccc-4d0b-8a30-a3cc03c146ec(uuid9876)
сент. 16, 2025 8:21:57 PM webapp.storage.AbstractStorage save
INFO: &amp#27;[32mSave 1552ea61-3cb5-4d66-abed-1694e3da820e(uuid9877)
сент. 16, 2025 8:21:57 PM webapp.storage.AbstractStorage save
INFO: &amp#27;[32mSave c8e83619-c853-4b3a-a6ee-5ba0a68f1990(uuid9878)
сент. 16, 2025 8:21:57 PM webapp.storage.AbstractStorage save
INFO: &amp#27;[32mSave 359b07d1-0b4c-4092-b372-f17ad9b21c52(uuid9879)
сент. 16, 2025 8:21:57 PM webapp.storage.AbstractStorage save
INFO: &amp#27;[32mSave 5465618b-9182-47cd-b7e7-2b9558af839f(uuid9880)
сент. 16, 2025 8:21:57 PM webapp.storage.AbstractStorage save
INFO: &amp#27;[32mSave 5d86eb40-9840-43ca-92dd-67698c400428(uuid9881)
сент. 16, 2025 8:21:57 PM webapp.storage.AbstractStorage save
INFO: &amp#27;[32mSave e736d4d3-1675-4985-827c-55411458f895(uuid9882)
сент. 16, 2025 8:21:57 PM webapp.storage.AbstractStorage save
INFO: &amp#27;[32mSave 7c18b86e-8853-474a-a06f-27e289a8c595(uuid9883)
сент. 16, 2025 8:21:57 PM webapp.storage.AbstractStorage save
INFO: &amp#27;[32mSave c22ecfdf-48b2-4aed-ac30-9a370c2bb992(uuid9884)
сент. 16, 2025 8:21:57 PM webapp.storage.AbstractStorage save
INFO: &amp#27;[32mSave d49f2640-5407-433e-b43f-ab024931ef60(uuid9885)
сент. 16, 2025 8:21:57 PM webapp.storage.AbstractStorage save
INFO: &amp#27;[32mSave 605059e9-1ea9-432a-9260-ebb4edbcee4c(uuid9886)
сент. 16, 2025 8:21:57 PM webapp.storage.AbstractStorage save
INFO: &amp#27;[32mSave ce56536b-2a8b-4101-a102-50adf33b12cc(uuid9887)
сент. 16, 2025 8:21:57 PM webapp.storage.AbstractStorage save
INFO: &amp#27;[32mSave 9b5088b5-ab5c-4a6f-b94b-eb9e2c4be417(uuid9888)
сент. 16, 2025 8:21:57 PM webapp.storage.AbstractStorage save
INFO: &amp#27;[32mSave 8ad115e2-8521-4985-b708-88863e7ecac0(uuid9889)
сент. 16, 2025 8:21:57 PM webapp.storage.AbstractStorage save
INFO: &amp#27;[32mSave ca8c2572-d47a-43b4-a8c8-06426af50500(uuid9890)
сент. 16, 2025 8:21:57 PM webapp.storage.AbstractStorage save
INFO: &amp#27;[32mSave 4034e884-56e1-493e-b527-d94ba99415ce(uuid9891)
сент. 16, 2025 8:21:57 PM webapp.storage.AbstractStorage save
INFO: &amp#27;[32mSave dc94a008-74ec-4fcc-9ea4-541e9f512899(uuid9892)
сент. 16, 2025 8:21:57 PM webapp.storage.AbstractStorage save
INFO: &amp#27;[32mSave 44843e39-b45c-4616-b6e9-28785c8a7eae(uuid9893)
сент. 16, 2025 8:21:57 PM webapp.storage.AbstractStorage save
INFO: &amp#27;[32mSave 1ac3ad5d-15c5-4e3f-a28d-e0deca905884(uuid9894)
сент. 16, 2025 8:21:57 PM webapp.storage.AbstractStorage save
INFO: &amp#27;[32mSave 6f77e353-06ac-44f7-b028-f6246baed0b9(uuid9895)
сент. 16, 2025 8:21:57 PM webapp.storage.AbstractStorage save
INFO: &amp#27;[32mSave e0064dbf-c4ed-48f7-8a97-cc5e09774c27(uuid9896)
сент. 16, 2025 8:21:57 PM webapp.storage.AbstractStorage save
INFO: &amp#27;[32mSave b5098f17-b462-4d7a-8b89-d3eca5f85655(uuid9897)
сент. 16, 2025 8:21:57 PM webapp.storage.AbstractStorage save
INFO: &amp#27;[32mSave 3589efaf-19c2-4e18-b1f7-2395757d9353(uuid9898)
сент. 16, 2025 8:21:57 PM webapp.storage.AbstractStorage save
INFO: &amp#27;[32mSave e73eba88-f663-4b58-97bd-d05fa7761c46(uuid9899)
сент. 16, 2025 8:21:57 PM webapp.storage.AbstractStorage save
INFO: &amp#27;[32mSave 43075330-c252-4d0e-b6fe-24896ef08e8f(uuid9900)
сент. 16, 2025 8:21:57 PM webapp.storage.AbstractStorage save
INFO: &amp#27;[32mSave abb9eecf-ebfd-4cc6-8030-6644cf06113d(uuid9901)
сент. 16, 2025 8:21:57 PM webapp.storage.AbstractStorage save
INFO: &amp#27;[32mSave e9c8087c-80ce-4d18-b8ea-8c8200e90d61(uuid9902)
сент. 16, 2025 8:21:57 PM webapp.storage.AbstractStorage save
INFO: &amp#27;[32mSave 315f36f4-fc10-43fd-962b-98fb9b991a98(uuid9903)
сент. 16, 2025 8:21:57 PM webapp.storage.AbstractStorage save
INFO: &amp#27;[32mSave 42acfcc4-f753-4ec3-9253-6b07d581f2c9(uuid9904)
сент. 16, 2025 8:21:57 PM webapp.storage.AbstractStorage save
INFO: &amp#27;[32mSave 7d7e033a-adb3-49bb-8b89-9cfe18523c97(uuid9905)
сент. 16, 2025 8:21:57 PM webapp.storage.AbstractStorage save
INFO: &amp#27;[32mSave 37c498ac-5564-4b65-84c4-acd2cb7a44a0(uuid9906)
сент. 16, 2025 8:21:57 PM webapp.storage.AbstractStorage save
INFO: &amp#27;[32mSave 50addcb8-de7e-49dc-b243-a2ceb2097728(uuid9907)
сент. 16, 2025 8:21:57 PM webapp.storage.AbstractStorage save
INFO: &amp#27;[32mSave d83bb763-350f-4d8e-96d4-e22feb9262a0(uuid9908)
сент. 16, 2025 8:21:57 PM webapp.storage.AbstractStorage save
INFO: &amp#27;[32mSave 89864115-c80b-4bf0-bdfa-dfdc53df074f(uuid9909)
сент. 16, 2025 8:21:57 PM webapp.storage.AbstractStorage save
INFO: &amp#27;[32mSave 9f82adb9-da11-4740-96dc-52e1250a2c00(uuid9910)
сент. 16, 2025 8:21:57 PM webapp.storage.AbstractStorage save
INFO: &amp#27;[32mSave ad1580cf-4343-4257-82c3-266020630600(uuid9911)
сент. 16, 2025 8:21:57 PM webapp.storage.AbstractStorage save
INFO: &amp#27;[32mSave 0c140aa5-f36b-4e6e-afad-58bd5c732b9f(uuid9912)
сент. 16, 2025 8:21:57 PM webapp.storage.AbstractStorage save
INFO: &amp#27;[32mSave e45c1560-445e-4f0d-9453-40dd69b71f25(uuid9913)
сент. 16, 2025 8:21:57 PM webapp.storage.AbstractStorage save
INFO: &amp#27;[32mSave 6e7b12a7-4bff-475f-ab91-b5274b54cbf3(uuid9914)
сент. 16, 2025 8:21:57 PM webapp.storage.AbstractStorage save
INFO: &amp#27;[32mSave ee9ee0a4-60f8-4ca8-907c-e492c635d209(uuid9915)
сент. 16, 2025 8:21:57 PM webapp.storage.AbstractStorage save
INFO: &amp#27;[32mSave 3c4fc272-2778-4a2a-8f7d-a95804e1589d(uuid9916)
сент. 16, 2025 8:21:57 PM webapp.storage.AbstractStorage save
INFO: &amp#27;[32mSave b36d85c4-247b-4ad6-8138-7a0acfc0340d(uuid9917)
сент. 16, 2025 8:21:57 PM webapp.storage.AbstractStorage save
INFO: &amp#27;[32mSave 9e33762e-a7c0-4d58-9e84-f84a103f2881(uuid9918)
сент. 16, 2025 8:21:57 PM webapp.storage.AbstractStorage save
INFO: &amp#27;[32mSave 672b46cb-a9bc-48d0-9da3-ec28c2d341d6(uuid9919)
сент. 16, 2025 8:21:57 PM webapp.storage.AbstractStorage save
INFO: &amp#27;[32mSave 4ae551e9-b3ca-4296-b0fd-fdb2db18b0fc(uuid9920)
сент. 16, 2025 8:21:57 PM webapp.storage.AbstractStorage save
INFO: &amp#27;[32mSave 01372b63-3aa7-43fb-a47f-e730ffbeb4e2(uuid9921)
сент. 16, 2025 8:21:57 PM webapp.storage.AbstractStorage save
INFO: &amp#27;[32mSave 7212b9cf-be69-428c-81cf-3c824ef550b6(uuid9922)
сент. 16, 2025 8:21:57 PM webapp.storage.AbstractStorage save
INFO: &amp#27;[32mSave fc96bdd6-33df-438c-a39f-35c7ae9a7a27(uuid9923)
сент. 16, 2025 8:21:57 PM webapp.storage.AbstractStorage save
INFO: &amp#27;[32mSave 22f41584-2936-4c48-95d4-0b21c45666c2(uuid9924)
сент. 16, 2025 8:21:57 PM webapp.storage.AbstractStorage save
INFO: &amp#27;[32mSave b0e8bea2-40df-4dcc-a386-f201b2afc3ff(uuid9925)
сент. 16, 2025 8:21:57 PM webapp.storage.AbstractStorage save
INFO: &amp#27;[32mSave 2985a17e-3727-4685-a49d-d2f9d6e4f883(uuid9926)
сент. 16, 2025 8:21:57 PM webapp.storage.AbstractStorage save
INFO: &amp#27;[32mSave 6a221b53-5017-44f1-8424-704af9b2ac3f(uuid9927)
сент. 16, 2025 8:21:57 PM webapp.storage.AbstractStorage save
INFO: &amp#27;[32mSave 9f91135c-dcb3-41ca-b68b-c6dab65c6a58(uuid9928)
сент. 16, 2025 8:21:57 PM webapp.storage.AbstractStorage save
INFO: &amp#27;[32mSave b4fbf44c-708b-46f4-ad5b-c08926967c3e(uuid9929)
сент. 16, 2025 8:21:57 PM webapp.storage.AbstractStorage save
INFO: &amp#27;[32mSave ca346bf4-27ba-4919-b45b-64dc6196129d(uuid9930)
сент. 16, 2025 8:21:57 PM webapp.storage.AbstractStorage save
INFO: &amp#27;[32mSave 23fc6796-bb6e-4294-a958-29fa8eb436f7(uuid9931)
сент. 16, 2025 8:21:57 PM webapp.storage.AbstractStorage save
INFO: &amp#27;[32mSave cb671c61-f351-46ba-b4a2-503304b23732(uuid9932)
сент. 16, 2025 8:21:57 PM webapp.storage.AbstractStorage save
INFO: &amp#27;[32mSave 5c347cdc-4891-42d6-a6d1-2efc122bb524(uuid9933)
сент. 16, 2025 8:21:57 PM webapp.storage.AbstractStorage save
INFO: &amp#27;[32mSave 8fb0e4bf-7b7d-4d4b-b882-04422c90353b(uuid9934)
сент. 16, 2025 8:21:57 PM webapp.storage.AbstractStorage save
INFO: &amp#27;[32mSave e5dc2c15-2419-465a-9ca8-02277b9d7240(uuid9935)
сент. 16, 2025 8:21:57 PM webapp.storage.AbstractStorage save
INFO: &amp#27;[32mSave 393daa36-f9d4-4ccb-98d1-a283362972cc(uuid9936)
сент. 16, 2025 8:21:57 PM webapp.storage.AbstractStorage save
INFO: &amp#27;[32mSave 265e6db1-4bd9-4fc4-aad5-f671d6e93776(uuid9937)
сент. 16, 2025 8:21:57 PM webapp.storage.AbstractStorage save
INFO: &amp#27;[32mSave 6f9c71ab-215c-44ad-895b-07bba6858097(uuid9938)
сент. 16, 2025 8:21:57 PM webapp.storage.AbstractStorage save
INFO: &amp#27;[32mSave 242d626a-105c-4923-b68b-899bdbeb4807(uuid9939)
сент. 16, 2025 8:21:57 PM webapp.storage.AbstractStorage save
INFO: &amp#27;[32mSave 58d2998c-c191-4983-a1f2-8bf11bc0aaa1(uuid9940)
сент. 16, 2025 8:21:57 PM webapp.storage.AbstractStorage save
INFO: &amp#27;[32mSave 09c294f4-4aba-4e22-b44b-4d4c6e1109ad(uuid9941)
сент. 16, 2025 8:21:57 PM webapp.storage.AbstractStorage save
INFO: &amp#27;[32mSave 68c5fb7a-3a9c-4aea-a1a1-a9786d30ce31(uuid9942)
сент. 16, 2025 8:21:57 PM webapp.storage.AbstractStorage save
INFO: &amp#27;[32mSave 07583d1a-cfed-4946-9ecb-19f7d875b393(uuid9943)
сент. 16, 2025 8:21:57 PM webapp.storage.AbstractStorage save
INFO: &amp#27;[32mSave 1c73b8e4-7ecb-4d2d-90e5-b6d42757f80e(uuid9944)
сент. 16, 2025 8:21:57 PM webapp.storage.AbstractStorage save
INFO: &amp#27;[32mSave 7557aac7-5cd6-41d0-bfbf-47fc52739401(uuid9945)
сент. 16, 2025 8:21:57 PM webapp.storage.AbstractStorage save
INFO: &amp#27;[32mSave ce488e4a-a0c4-486d-a0b1-9a5e4f684728(uuid9946)
сент. 16, 2025 8:21:57 PM webapp.storage.AbstractStorage save
INFO: &amp#27;[32mSave 404021f6-ed2d-4cda-94d1-b3267d043683(uuid9947)
сент. 16, 2025 8:21:57 PM webapp.storage.AbstractStorage save
INFO: &amp#27;[32mSave 7a8601b6-648b-4d50-8ec3-611b120aac8f(uuid9948)
сент. 16, 2025 8:21:57 PM webapp.storage.AbstractStorage save
INFO: &amp#27;[32mSave 4226a222-cfa7-429f-8e05-c9bfed4d3902(uuid9949)
сент. 16, 2025 8:21:57 PM webapp.storage.AbstractStorage save
INFO: &amp#27;[32mSave 2893c962-c7a0-46ca-88cb-69123e608eca(uuid9950)
сент. 16, 2025 8:21:57 PM webapp.storage.AbstractStorage save
INFO: &amp#27;[32mSave 7a09e224-642d-4cf3-84d4-3b3cd18277d1(uuid9951)
сент. 16, 2025 8:21:57 PM webapp.storage.AbstractStorage save
INFO: &amp#27;[32mSave 7480b3a7-27a2-46d7-a83f-5de9adc36f6a(uuid9952)
сент. 16, 2025 8:21:57 PM webapp.storage.AbstractStorage save
INFO: &amp#27;[32mSave 0c0e86ce-4a1f-4838-9d52-ac2584714a14(uuid9953)
сент. 16, 2025 8:21:57 PM webapp.storage.AbstractStorage save
INFO: &amp#27;[32mSave e6d26b9a-a9ba-4a86-b51e-4e9993234771(uuid9954)
сент. 16, 2025 8:21:57 PM webapp.storage.AbstractStorage save
INFO: &amp#27;[32mSave 295dde73-a125-486f-bef2-cc22d671d08f(uuid9955)
сент. 16, 2025 8:21:57 PM webapp.storage.AbstractStorage save
INFO: &amp#27;[32mSave ab7eb08f-7fa8-4290-9c17-ff454f41bce4(uuid9956)
сент. 16, 2025 8:21:57 PM webapp.storage.AbstractStorage save
INFO: &amp#27;[32mSave 2efd8114-1dcc-4740-8a34-f4b73366655a(uuid9957)
сент. 16, 2025 8:21:57 PM webapp.storage.AbstractStorage save
INFO: &amp#27;[32mSave 26182b2a-558d-49f8-b057-b367c1f0164e(uuid9958)
сент. 16, 2025 8:21:57 PM webapp.storage.AbstractStorage save
INFO: &amp#27;[32mSave 8e007a71-93fd-40bf-9d66-e6d0f875fc2b(uuid9959)
сент. 16, 2025 8:21:57 PM webapp.storage.AbstractStorage save
INFO: &amp#27;[32mSave 203ba402-b2be-427c-8372-bb7f1848c004(uuid9960)
сент. 16, 2025 8:21:57 PM webapp.storage.AbstractStorage save
INFO: &amp#27;[32mSave f5c8df18-00f7-4f59-9b46-325956624d0f(uuid9961)
сент. 16, 2025 8:21:57 PM webapp.storage.AbstractStorage save
INFO: &amp#27;[32mSave 4243d475-7146-47be-be53-d70024f23acc(uuid9962)
сент. 16, 2025 8:21:57 PM webapp.storage.AbstractStorage save
INFO: &amp#27;[32mSave 4cc8557d-a4d0-4507-89a5-b30138c79031(uuid9963)
сент. 16, 2025 8:21:57 PM webapp.storage.AbstractStorage save
INFO: &amp#27;[32mSave f3830e9d-c5fb-47e9-ac96-d62593d24f76(uuid9964)
сент. 16, 2025 8:21:57 PM webapp.storage.AbstractStorage save
INFO: &amp#27;[32mSave 5dc0d9c3-6d1b-44f4-b1a3-c2376728b7d7(uuid9965)
сент. 16, 2025 8:21:57 PM webapp.storage.AbstractStorage save
INFO: &amp#27;[32mSave f3dd7c2a-e6a5-4384-89f9-83f54ea3a85b(uuid9966)
сент. 16, 2025 8:21:57 PM webapp.storage.AbstractStorage save
INFO: &amp#27;[32mSave b58dea3a-d28e-40bd-9552-ec6c5a1b9cc9(uuid9967)
сент. 16, 2025 8:21:57 PM webapp.storage.AbstractStorage save
INFO: &amp#27;[32mSave 3f46bc36-5bf6-4687-98c2-473d97130f2f(uuid9968)
сент. 16, 2025 8:21:57 PM webapp.storage.AbstractStorage save
INFO: &amp#27;[32mSave 10b9b51c-2270-4701-9e29-2e62b428db72(uuid9969)
сент. 16, 2025 8:21:57 PM webapp.storage.AbstractStorage save
INFO: &amp#27;[32mSave 34a8f204-fe61-4d4a-bb3b-6465729c8200(uuid9970)
сент. 16, 2025 8:21:57 PM webapp.storage.AbstractStorage save
INFO: &amp#27;[32mSave b43abbeb-0400-4b70-a188-e34f6d86fc0e(uuid9971)
сент. 16, 2025 8:21:57 PM webapp.storage.AbstractStorage save
INFO: &amp#27;[32mSave 2ea591ed-56aa-4fca-a64f-d06681278c82(uuid9972)
сент. 16, 2025 8:21:57 PM webapp.storage.AbstractStorage save
INFO: &amp#27;[32mSave c96db989-583b-48d7-ac07-4bb7aa18a3f7(uuid9973)
сент. 16, 2025 8:21:57 PM webapp.storage.AbstractStorage save
INFO: &amp#27;[32mSave 13e0f3ca-13a9-4d3d-a4a7-42e61916276a(uuid9974)
сент. 16, 2025 8:21:57 PM webapp.storage.AbstractStorage save
INFO: &amp#27;[32mSave a1327a5e-45c9-4969-bdc7-0958317f70aa(uuid9975)
сент. 16, 2025 8:21:57 PM webapp.storage.AbstractStorage save
INFO: &amp#27;[32mSave b450f268-7afb-4b3d-98ea-be95724720ea(uuid9976)
сент. 16, 2025 8:21:57 PM webapp.storage.AbstractStorage save
INFO: &amp#27;[32mSave 1cd8527e-d204-40f4-9d2b-24d09979fd7d(uuid9977)
сент. 16, 2025 8:21:57 PM webapp.storage.AbstractStorage save
INFO: &amp#27;[32mSave ca48c9dc-b26f-489b-85f7-cc2559f51951(uuid9978)
сент. 16, 2025 8:21:57 PM webapp.storage.AbstractStorage save
INFO: &amp#27;[32mSave 4b5a65bd-21f3-4e42-91ec-472fc3f1d99e(uuid9979)
сент. 16, 2025 8:21:57 PM webapp.storage.AbstractStorage save
INFO: &amp#27;[32mSave 800338b5-2b13-4e80-86f2-26844af9975a(uuid9980)
сент. 16, 2025 8:21:57 PM webapp.storage.AbstractStorage save
INFO: &amp#27;[32mSave 9728c610-5cac-46bc-99d9-01db35f6071b(uuid9981)
сент. 16, 2025 8:21:57 PM webapp.storage.AbstractStorage save
INFO: &amp#27;[32mSave cd7b5269-ee99-4a74-a25c-b766cce9db8a(uuid9982)
сент. 16, 2025 8:21:57 PM webapp.storage.AbstractStorage save
INFO: &amp#27;[32mSave 26d8a94f-2f8f-44f1-8100-dd1133b947c4(uuid9983)
сент. 16, 2025 8:21:57 PM webapp.storage.AbstractStorage save
INFO: &amp#27;[32mSave 062d8725-7042-4c60-aa2f-bd5e5e9323d1(uuid9984)
сент. 16, 2025 8:21:57 PM webapp.storage.AbstractStorage save
INFO: &amp#27;[32mSave da1192e7-c91c-43bf-a176-005520a81fbb(uuid9985)
сент. 16, 2025 8:21:57 PM webapp.storage.AbstractStorage save
INFO: &amp#27;[32mSave 20b5888c-a931-4c36-b6be-718e48aa8859(uuid9986)
сент. 16, 2025 8:21:57 PM webapp.storage.AbstractStorage save
INFO: &amp#27;[32mSave 2475f38b-f064-46ae-b20c-7ee98da3443b(uuid9987)
сент. 16, 2025 8:21:57 PM webapp.storage.AbstractStorage save
INFO: &amp#27;[32mSave 13419b63-f4cc-491e-ab36-83b0729e86d7(uuid9988)
сент. 16, 2025 8:21:57 PM webapp.storage.AbstractStorage save
INFO: &amp#27;[32mSave 6ccc0bc0-71c1-4937-9d7f-0e21f306917a(uuid9989)
сент. 16, 2025 8:21:57 PM webapp.storage.AbstractStorage save
INFO: &amp#27;[32mSave f75a10ea-3344-49e9-9605-8bebfb545ebd(uuid9990)
сент. 16, 2025 8:21:57 PM webapp.storage.AbstractStorage save
INFO: &amp#27;[32mSave 0dd0d055-b0cb-4273-8b8a-49a8b132d5f4(uuid9991)
сент. 16, 2025 8:21:57 PM webapp.storage.AbstractStorage save
INFO: &amp#27;[32mSave 3e80c1f2-8a54-429d-ae49-e70ab309f71a(uuid9992)
сент. 16, 2025 8:21:57 PM webapp.storage.AbstractStorage save
INFO: &amp#27;[32mSave 3346db9a-98a1-4a51-974c-d97ea7aae852(uuid9993)
сент. 16, 2025 8:21:57 PM webapp.storage.AbstractStorage save
INFO: &amp#27;[32mSave 49b6f0e6-3259-4820-8ac0-176d63d5ebe8(uuid9994)
сент. 16, 2025 8:21:57 PM webapp.storage.AbstractStorage save
INFO: &amp#27;[32mSave 50583bbe-62a3-41f1-a7e7-da1154f03e2c(uuid9995)
сент. 16, 2025 8:21:57 PM webapp.storage.AbstractStorage save
INFO: &amp#27;[32mSave e424643c-46f6-4de9-a338-c5dee8200443(uuid9996)
сент. 16, 2025 8:21:57 PM webapp.storage.AbstractStorage save
INFO: &amp#27;[32mSave b04a0361-477d-4c6f-80d1-28eea7f5a3a7(uuid9997)
сент. 16, 2025 8:21:57 PM webapp.storage.AbstractStorage save
INFO: &amp#27;[32mSave 742f85f8-5a0d-4532-abcb-ebde76e718d7(uuid9998)
сент. 16, 2025 8:21:57 PM webapp.storage.AbstractStorage save
INFO: &amp#27;[32mSave 6e4db755-31b7-4a24-878f-e6d967281173(uuid9999)
сент. 16, 2025 8:21:57 PM webapp.storage.AbstractStorage save
INFO: &amp#27;[32mSave d6a2c379-6bf0-4910-b2a0-8fc985b16cf5(overflow)
]]></system-err>
  </testcase>
</testsuite>