<?xml version="1.0" encoding="UTF-8"?>
<testsuite xmlns:xsi="http://www.w3.org/2001/XMLSchema-instance" xsi:noNamespaceSchemaLocation="https://maven.apache.org/surefire/maven-surefire-plugin/xsd/surefire-test-report-3.0.xsd" version="3.0" name="main.java.webapp.storage.memory.SortedStorageTest" time="0.417" tests="11" errors="0" skipped="0" failures="0">
  <properties>
    <property name="java.specification.version" value="21"/>
    <property name="sun.cpu.isalist" value="amd64"/>
    <property name="sun.jnu.encoding" value="Cp1251"/>
    <property name="java.class.path" value="C:\projects\basejava\target\test-classes;C:\projects\basejava\target\classes;C:\Users\Алексей\.m2\repository\org\junit\jupiter\junit-jupiter\5.10.0\junit-jupiter-5.10.0.jar;C:\Users\Алексей\.m2\repository\org\junit\jupiter\junit-jupiter-api\5.10.0\junit-jupiter-api-5.10.0.jar;C:\Users\Алексей\.m2\repository\org\opentest4j\opentest4j\1.3.0\opentest4j-1.3.0.jar;C:\Users\Алексей\.m2\repository\org\junit\jupiter\junit-jupiter-params\5.10.0\junit-jupiter-params-5.10.0.jar;C:\Users\Алексей\.m2\repository\org\junit\jupiter\junit-jupiter-engine\5.10.0\junit-jupiter-engine-5.10.0.jar;C:\Users\Алексей\.m2\repository\org\junit\platform\junit-platform-engine\1.10.0\junit-platform-engine-1.10.0.jar;C:\Users\Алексей\.m2\repository\org\junit\platform\junit-platform-suite-api\1.10.0\junit-platform-suite-api-1.10.0.jar;C:\Users\Алексей\.m2\repository\org\junit\platform\junit-platform-commons\1.10.0\junit-platform-commons-1.10.0.jar;C:\Users\Алексей\.m2\repository\org\apiguardian\apiguardian-api\1.1.2\apiguardian-api-1.1.2.jar;C:\Users\Алексей\.m2\repository\com\fasterxml\jackson\core\jackson-databind\2.17.2\jackson-databind-2.17.2.jar;C:\Users\Алексей\.m2\repository\com\fasterxml\jackson\core\jackson-annotations\2.17.2\jackson-annotations-2.17.2.jar;C:\Users\Алексей\.m2\repository\com\fasterxml\jackson\core\jackson-core\2.17.2\jackson-core-2.17.2.jar;C:\Users\Алексей\.m2\repository\jakarta\xml\bind\jakarta.xml.bind-api\4.0.0\jakarta.xml.bind-api-4.0.0.jar;C:\Users\Алексей\.m2\repository\jakarta\activation\jakarta.activation-api\2.1.0\jakarta.activation-api-2.1.0.jar;C:\Users\Алексей\.m2\repository\org\glassfish\jaxb\jaxb-runtime\4.0.0\jaxb-runtime-4.0.0.jar;C:\Users\Алексей\.m2\repository\org\glassfish\jaxb\jaxb-core\4.0.0\jaxb-core-4.0.0.jar;C:\Users\Алексей\.m2\repository\org\eclipse\angus\angus-activation\1.0.0\angus-activation-1.0.0.jar;C:\Users\Алексей\.m2\repository\org\glassfish\jaxb\txw2\4.0.0\txw2-4.0.0.jar;C:\Users\Алексей\.m2\repository\com\sun\istack\istack-commons-runtime\4.1.1\istack-commons-runtime-4.1.1.jar;"/>
    <property name="java.vm.vendor" value="Amazon.com Inc."/>
    <property name="sun.arch.data.model" value="64"/>
    <property name="user.variant" value=""/>
    <property name="java.vendor.url" value="https://aws.amazon.com/corretto/"/>
    <property name="user.timezone" value="Europe/Moscow"/>
    <property name="user.country.format" value="BY"/>
    <property name="os.name" value="Windows 10"/>
    <property name="java.vm.specification.version" value="21"/>
    <property name="sun.java.launcher" value="SUN_STANDARD"/>
    <property name="user.country" value="RU"/>
    <property name="sun.boot.library.path" value="C:\Users\Алексей\.jdks\corretto-21.0.8\bin"/>
    <property name="sun.java.command" value="C:\Users\Алексей\AppData\Local\Temp\surefire18154208841571952477\surefirebooter-20250919184248165_3.jar C:\Users\Алексей\AppData\Local\Temp\surefire18154208841571952477 2025-09-19T18-42-48_082-jvmRun1 surefire-20250919184248165_1tmp surefire_0-20250919184248165_2tmp"/>
    <property name="jdk.debug" value="release"/>
    <property name="surefire.test.class.path" value="C:\projects\basejava\target\test-classes;C:\projects\basejava\target\classes;C:\Users\Алексей\.m2\repository\org\junit\jupiter\junit-jupiter\5.10.0\junit-jupiter-5.10.0.jar;C:\Users\Алексей\.m2\repository\org\junit\jupiter\junit-jupiter-api\5.10.0\junit-jupiter-api-5.10.0.jar;C:\Users\Алексей\.m2\repository\org\opentest4j\opentest4j\1.3.0\opentest4j-1.3.0.jar;C:\Users\Алексей\.m2\repository\org\junit\jupiter\junit-jupiter-params\5.10.0\junit-jupiter-params-5.10.0.jar;C:\Users\Алексей\.m2\repository\org\junit\jupiter\junit-jupiter-engine\5.10.0\junit-jupiter-engine-5.10.0.jar;C:\Users\Алексей\.m2\repository\org\junit\platform\junit-platform-engine\1.10.0\junit-platform-engine-1.10.0.jar;C:\Users\Алексей\.m2\repository\org\junit\platform\junit-platform-suite-api\1.10.0\junit-platform-suite-api-1.10.0.jar;C:\Users\Алексей\.m2\repository\org\junit\platform\junit-platform-commons\1.10.0\junit-platform-commons-1.10.0.jar;C:\Users\Алексей\.m2\repository\org\apiguardian\apiguardian-api\1.1.2\apiguardian-api-1.1.2.jar;C:\Users\Алексей\.m2\repository\com\fasterxml\jackson\core\jackson-databind\2.17.2\jackson-databind-2.17.2.jar;C:\Users\Алексей\.m2\repository\com\fasterxml\jackson\core\jackson-annotations\2.17.2\jackson-annotations-2.17.2.jar;C:\Users\Алексей\.m2\repository\com\fasterxml\jackson\core\jackson-core\2.17.2\jackson-core-2.17.2.jar;C:\Users\Алексей\.m2\repository\jakarta\xml\bind\jakarta.xml.bind-api\4.0.0\jakarta.xml.bind-api-4.0.0.jar;C:\Users\Алексей\.m2\repository\jakarta\activation\jakarta.activation-api\2.1.0\jakarta.activation-api-2.1.0.jar;C:\Users\Алексей\.m2\repository\org\glassfish\jaxb\jaxb-runtime\4.0.0\jaxb-runtime-4.0.0.jar;C:\Users\Алексей\.m2\repository\org\glassfish\jaxb\jaxb-core\4.0.0\jaxb-core-4.0.0.jar;C:\Users\Алексей\.m2\repository\org\eclipse\angus\angus-activation\1.0.0\angus-activation-1.0.0.jar;C:\Users\Алексей\.m2\repository\org\glassfish\jaxb\txw2\4.0.0\txw2-4.0.0.jar;C:\Users\Алексей\.m2\repository\com\sun\istack\istack-commons-runtime\4.1.1\istack-commons-runtime-4.1.1.jar;"/>
    <property name="sun.cpu.endian" value="little"/>
    <property name="user.home" value="C:\Users\Алексей"/>
    <property name="user.language" value="ru"/>
    <property name="java.specification.vendor" value="Oracle Corporation"/>
    <property name="java.version.date" value="2025-07-15"/>
    <property name="java.home" value="C:\Users\Алексей\.jdks\corretto-21.0.8"/>
    <property name="file.separator" value="\"/>
    <property name="basedir" value="C:\projects\basejava"/>
    <property name="java.vm.compressedOopsMode" value="Zero based"/>
    <property name="line.separator" value="&#10;"/>
    <property name="java.vm.specification.vendor" value="Oracle Corporation"/>
    <property name="java.specification.name" value="Java Platform API Specification"/>
    <property name="surefire.real.class.path" value="C:\Users\Алексей\AppData\Local\Temp\surefire18154208841571952477\surefirebooter-20250919184248165_3.jar"/>
    <property name="user.script" value=""/>
    <property name="sun.management.compiler" value="HotSpot 64-Bit Tiered Compilers"/>
    <property name="java.runtime.version" value="21.0.8+9-LTS"/>
    <property name="user.name" value="Алексей"/>
    <property name="stdout.encoding" value="Cp1251"/>
    <property name="path.separator" value=";"/>
    <property name="os.version" value="10.0"/>
    <property name="java.runtime.name" value="OpenJDK Runtime Environment"/>
    <property name="file.encoding" value="UTF-8"/>
    <property name="java.vm.name" value="OpenJDK 64-Bit Server VM"/>
    <property name="java.vendor.version" value="Corretto-21.0.8.9.1"/>
    <property name="localRepository" value="C:\Users\Алексей\.m2\repository"/>
    <property name="java.vendor.url.bug" value="https://github.com/corretto/corretto-21/issues/"/>
    <property name="java.io.tmpdir" value="C:\Users\CD86~1\AppData\Local\Temp\"/>
    <property name="idea.version" value="2023.3.7"/>
    <property name="java.version" value="21.0.8"/>
    <property name="user.dir" value="C:\projects\basejava"/>
    <property name="os.arch" value="amd64"/>
    <property name="java.vm.specification.name" value="Java Virtual Machine Specification"/>
    <property name="sun.os.patch.level" value=""/>
    <property name="native.encoding" value="Cp1251"/>
    <property name="java.library.path" value="C:\Users\Алексей\.jdks\corretto-21.0.8\bin;C:\WINDOWS\Sun\Java\bin;C:\WINDOWS\system32;C:\WINDOWS;C:\Program Files\Common Files\Oracle\Java\javapath;C:\WINDOWS\system32;C:\WINDOWS;C:\WINDOWS\System32\Wbem;C:\WINDOWS\System32\WindowsPowerShell\v1.0\;C:\WINDOWS\System32\OpenSSH\;C:\Program Files\dotnet\;C:\Program Files (x86)\NVIDIA Corporation\PhysX\Common;C:\Program Files\NVIDIA Corporation\NVIDIA app\NvDLISR;C:\Program Files (x86)\Microsoft SQL Server\160\Tools\Binn\;C:\Program Files\Microsoft SQL Server\160\Tools\Binn\;C:\Program Files\Microsoft SQL Server\Client SDK\ODBC\170\Tools\Binn\;C:\Program Files\Microsoft SQL Server\160\DTS\Binn\;C:\Program Files (x86)\Microsoft SQL Server\160\DTS\Binn\;C:\Program Files\Git\cmd;C:\Users\Алексей\AppData\Local\Microsoft\WindowsApps;;."/>
    <property name="java.vm.info" value="mixed mode, sharing"/>
    <property name="stderr.encoding" value="Cp1251"/>
    <property name="java.vendor" value="Amazon.com Inc."/>
    <property name="java.vm.version" value="21.0.8+9-LTS"/>
    <property name="sun.io.unicode.encoding" value="UnicodeLittle"/>
    <property name="java.class.version" value="65.0"/>
  </properties>
  <testcase name="updateNotExist" classname="main.java.webapp.storage.memory.SortedStorageTest" time="0.002">
    <system-err><![CDATA[сент. 19, 2025 6:42:49 PM webapp.storage.AbstractStorage save
INFO: &amp#27;[32mSave uuid1(Name1)
сент. 19, 2025 6:42:49 PM webapp.storage.AbstractStorage save
INFO: &amp#27;[32mSave uuid2(Name2)
сент. 19, 2025 6:42:49 PM webapp.storage.AbstractStorage save
INFO: &amp#27;[32mSave uuid3(Name3)
сент. 19, 2025 6:42:49 PM webapp.storage.AbstractStorage update
INFO: Update 161092cb-b152-4abe-8ee9-b621b7c058bd(dummy)
сент. 19, 2025 6:42:49 PM webapp.storage.AbstractStorage getFindIndex
WARNING: Resume 161092cb-b152-4abe-8ee9-b621b7c058bd not exist
]]></system-err>
  </testcase>
  <testcase name="delete" classname="main.java.webapp.storage.memory.SortedStorageTest" time="0.001">
    <system-err><![CDATA[сент. 19, 2025 6:42:49 PM webapp.storage.AbstractStorage save
INFO: &amp#27;[32mSave uuid1(Name1)
сент. 19, 2025 6:42:49 PM webapp.storage.AbstractStorage save
INFO: &amp#27;[32mSave uuid2(Name2)
сент. 19, 2025 6:42:49 PM webapp.storage.AbstractStorage save
INFO: &amp#27;[32mSave uuid3(Name3)
сент. 19, 2025 6:42:49 PM webapp.storage.AbstractStorage delete
INFO: Delete uuid1
сент. 19, 2025 6:42:49 PM webapp.storage.AbstractStorage get
INFO: Get uuid1
сент. 19, 2025 6:42:49 PM webapp.storage.AbstractStorage getFindIndex
WARNING: Resume uuid1 not exist
]]></system-err>
  </testcase>
  <testcase name="getAll" classname="main.java.webapp.storage.memory.SortedStorageTest" time="0.001">
    <system-err><![CDATA[сент. 19, 2025 6:42:49 PM webapp.storage.AbstractStorage save
INFO: &amp#27;[32mSave uuid1(Name1)
сент. 19, 2025 6:42:49 PM webapp.storage.AbstractStorage save
INFO: &amp#27;[32mSave uuid2(Name2)
сент. 19, 2025 6:42:49 PM webapp.storage.AbstractStorage save
INFO: &amp#27;[32mSave uuid3(Name3)
сент. 19, 2025 6:42:49 PM webapp.storage.AbstractStorage getAllSorted
INFO: getAllSorted
]]></system-err>
  </testcase>
  <testcase name="update" classname="main.java.webapp.storage.memory.SortedStorageTest" time="0.001">
    <system-err><![CDATA[сент. 19, 2025 6:42:49 PM webapp.storage.AbstractStorage save
INFO: &amp#27;[32mSave uuid1(Name1)
сент. 19, 2025 6:42:49 PM webapp.storage.AbstractStorage save
INFO: &amp#27;[32mSave uuid2(Name2)
сент. 19, 2025 6:42:49 PM webapp.storage.AbstractStorage save
INFO: &amp#27;[32mSave uuid3(Name3)
сент. 19, 2025 6:42:49 PM webapp.storage.AbstractStorage update
INFO: Update uuid3(Name3)
сент. 19, 2025 6:42:49 PM webapp.storage.AbstractStorage get
INFO: Get uuid3
]]></system-err>
  </testcase>
  <testcase name="getNotExist" classname="main.java.webapp.storage.memory.SortedStorageTest" time="0.001">
    <system-err><![CDATA[сент. 19, 2025 6:42:49 PM webapp.storage.AbstractStorage save
INFO: &amp#27;[32mSave uuid1(Name1)
сент. 19, 2025 6:42:49 PM webapp.storage.AbstractStorage save
INFO: &amp#27;[32mSave uuid2(Name2)
сент. 19, 2025 6:42:49 PM webapp.storage.AbstractStorage save
INFO: &amp#27;[32mSave uuid3(Name3)
сент. 19, 2025 6:42:49 PM webapp.storage.AbstractStorage get
INFO: Get dummy
сент. 19, 2025 6:42:49 PM webapp.storage.AbstractStorage getFindIndex
WARNING: Resume dummy not exist
]]></system-err>
  </testcase>
  <testcase name="deleteNotExist" classname="main.java.webapp.storage.memory.SortedStorageTest" time="0.001">
    <system-err><![CDATA[сент. 19, 2025 6:42:49 PM webapp.storage.AbstractStorage save
INFO: &amp#27;[32mSave uuid1(Name1)
сент. 19, 2025 6:42:49 PM webapp.storage.AbstractStorage save
INFO: &amp#27;[32mSave uuid2(Name2)
сент. 19, 2025 6:42:49 PM webapp.storage.AbstractStorage save
INFO: &amp#27;[32mSave uuid3(Name3)
сент. 19, 2025 6:42:49 PM webapp.storage.AbstractStorage delete
INFO: Delete dummy
сент. 19, 2025 6:42:49 PM webapp.storage.AbstractStorage getFindIndex
WARNING: Resume dummy not exist
]]></system-err>
  </testcase>
  <testcase name="get" classname="main.java.webapp.storage.memory.SortedStorageTest" time="0.001">
    <system-err><![CDATA[сент. 19, 2025 6:42:49 PM webapp.storage.AbstractStorage save
INFO: &amp#27;[32mSave uuid1(Name1)
сент. 19, 2025 6:42:49 PM webapp.storage.AbstractStorage save
INFO: &amp#27;[32mSave uuid2(Name2)
сент. 19, 2025 6:42:49 PM webapp.storage.AbstractStorage save
INFO: &amp#27;[32mSave uuid3(Name3)
сент. 19, 2025 6:42:49 PM webapp.storage.AbstractStorage get
INFO: Get uuid1
сент. 19, 2025 6:42:49 PM webapp.storage.AbstractStorage get
INFO: Get uuid2
сент. 19, 2025 6:42:49 PM webapp.storage.AbstractStorage get
INFO: Get uuid3
]]></system-err>
  </testcase>
  <testcase name="save" classname="main.java.webapp.storage.memory.SortedStorageTest" time="0.001">
    <system-err><![CDATA[сент. 19, 2025 6:42:49 PM webapp.storage.AbstractStorage save
INFO: &amp#27;[32mSave uuid1(Name1)
сент. 19, 2025 6:42:49 PM webapp.storage.AbstractStorage save
INFO: &amp#27;[32mSave uuid2(Name2)
сент. 19, 2025 6:42:49 PM webapp.storage.AbstractStorage save
INFO: &amp#27;[32mSave uuid3(Name3)
сент. 19, 2025 6:42:49 PM webapp.storage.AbstractStorage save
INFO: &amp#27;[32mSave uuid4(Name4)
сент. 19, 2025 6:42:49 PM webapp.storage.AbstractStorage get
INFO: Get uuid4
]]></system-err>
  </testcase>
  <testcase name="size" classname="main.java.webapp.storage.memory.SortedStorageTest" time="0.0">
    <system-err><![CDATA[сент. 19, 2025 6:42:49 PM webapp.storage.AbstractStorage save
INFO: &amp#27;[32mSave uuid1(Name1)
сент. 19, 2025 6:42:49 PM webapp.storage.AbstractStorage save
INFO: &amp#27;[32mSave uuid2(Name2)
сент. 19, 2025 6:42:49 PM webapp.storage.AbstractStorage save
INFO: &amp#27;[32mSave uuid3(Name3)
]]></system-err>
  </testcase>
  <testcase name="clear" classname="main.java.webapp.storage.memory.SortedStorageTest" time="0.0">
    <system-err><![CDATA[сент. 19, 2025 6:42:49 PM webapp.storage.AbstractStorage save
INFO: &amp#27;[32mSave uuid1(Name1)
сент. 19, 2025 6:42:49 PM webapp.storage.AbstractStorage save
INFO: &amp#27;[32mSave uuid2(Name2)
сент. 19, 2025 6:42:49 PM webapp.storage.AbstractStorage save
INFO: &amp#27;[32mSave uuid3(Name3)
сент. 19, 2025 6:42:49 PM webapp.storage.AbstractStorage getAllSorted
INFO: getAllSorted
]]></system-err>
  </testcase>
  <testcase name="saveStorageException" classname="main.java.webapp.storage.memory.SortedStorageTest" time="0.403">
    <system-err><![CDATA[сент. 19, 2025 6:42:49 PM webapp.storage.AbstractStorage save
INFO: &amp#27;[32mSave uuid1(Name1)
сент. 19, 2025 6:42:49 PM webapp.storage.AbstractStorage save
INFO: &amp#27;[32mSave uuid2(Name2)
сент. 19, 2025 6:42:49 PM webapp.storage.AbstractStorage save
INFO: &amp#27;[32mSave uuid3(Name3)
сент. 19, 2025 6:42:49 PM webapp.storage.AbstractStorage save
INFO: &amp#27;[32mSave 9f7e2e6d-4df6-4565-828a-e6dbfd611a85(uuid0)
сент. 19, 2025 6:42:49 PM webapp.storage.AbstractStorage save
INFO: &amp#27;[32mSave 51f4db3e-c01d-4ac9-9bf3-8c4b640a042b(uuid1)
сент. 19, 2025 6:42:49 PM webapp.storage.AbstractStorage save
INFO: &amp#27;[32mSave aa583696-73c5-4a3d-bad5-1a0063878fb8(uuid2)
сент. 19, 2025 6:42:49 PM webapp.storage.AbstractStorage save
INFO: &amp#27;[32mSave 181e9acd-45c8-4dd4-8b6c-b6927ab951e5(uuid3)
сент. 19, 2025 6:42:49 PM webapp.storage.AbstractStorage save
INFO: &amp#27;[32mSave a063587d-41bf-427c-942e-9d7b6fbe31ed(uuid4)
сент. 19, 2025 6:42:49 PM webapp.storage.AbstractStorage save
INFO: &amp#27;[32mSave bc462d0f-f538-42c8-9fc2-ede15cb7366a(uuid5)
сент. 19, 2025 6:42:49 PM webapp.storage.AbstractStorage save
INFO: &amp#27;[32mSave 963e3391-ae24-467e-8cbe-6f6f533d6675(uuid6)
сент. 19, 2025 6:42:49 PM webapp.storage.AbstractStorage save
INFO: &amp#27;[32mSave 2a24d217-526f-45a2-ad82-2eaa81a003f9(uuid7)
сент. 19, 2025 6:42:49 PM webapp.storage.AbstractStorage save
INFO: &amp#27;[32mSave 3a2496bb-c8bc-446e-a915-c86ec8865e33(uuid8)
сент. 19, 2025 6:42:49 PM webapp.storage.AbstractStorage save
INFO: &amp#27;[32mSave 98196b59-19ec-4a81-be86-e3d8e87e55a7(uuid9)
сент. 19, 2025 6:42:49 PM webapp.storage.AbstractStorage save
INFO: &amp#27;[32mSave f1f5258b-0193-4117-ae5a-c417bb82ead3(uuid10)
сент. 19, 2025 6:42:49 PM webapp.storage.AbstractStorage save
INFO: &amp#27;[32mSave 3933c610-04e4-4d09-8bab-a8d1ec47202b(uuid11)
сент. 19, 2025 6:42:49 PM webapp.storage.AbstractStorage save
INFO: &amp#27;[32mSave 85f9a133-69d2-49ed-9e0e-70283213af86(uuid12)
сент. 19, 2025 6:42:49 PM webapp.storage.AbstractStorage save
INFO: &amp#27;[32mSave e07b8eb6-416a-4cbd-838a-05b618b0ac2b(uuid13)
сент. 19, 2025 6:42:49 PM webapp.storage.AbstractStorage save
INFO: &amp#27;[32mSave 166333d7-f304-4b89-baac-3c6b18c1980d(uuid14)
сент. 19, 2025 6:42:49 PM webapp.storage.AbstractStorage save
INFO: &amp#27;[32mSave 31ea7444-e912-472e-b0c9-c14d1866f0d7(uuid15)
сент. 19, 2025 6:42:49 PM webapp.storage.AbstractStorage save
INFO: &amp#27;[32mSave c6133229-33c8-42bb-ada0-08b130a65353(uuid16)
сент. 19, 2025 6:42:49 PM webapp.storage.AbstractStorage save
INFO: &amp#27;[32mSave 7fa9801a-da5b-4942-9de6-fc36319ef5ce(uuid17)
сент. 19, 2025 6:42:49 PM webapp.storage.AbstractStorage save
INFO: &amp#27;[32mSave 1f172aed-4dce-46ec-bfc2-66064a90360b(uuid18)
сент. 19, 2025 6:42:49 PM webapp.storage.AbstractStorage save
INFO: &amp#27;[32mSave 525ff656-bcc0-4434-8f29-7270a8f1252d(uuid19)
сент. 19, 2025 6:42:49 PM webapp.storage.AbstractStorage save
INFO: &amp#27;[32mSave ecebbe10-3659-4804-919b-c9dcc70b6b8a(uuid20)
сент. 19, 2025 6:42:49 PM webapp.storage.AbstractStorage save
INFO: &amp#27;[32mSave 1fbea033-4d45-4560-a7b7-2285a43094ea(uuid21)
сент. 19, 2025 6:42:49 PM webapp.storage.AbstractStorage save
INFO: &amp#27;[32mSave b7b8a552-8ca8-49ef-a597-a133c111ff2f(uuid22)
сент. 19, 2025 6:42:49 PM webapp.storage.AbstractStorage save
INFO: &amp#27;[32mSave c7e19a5e-ff0a-4102-80e9-14a433fbc77f(uuid23)
сент. 19, 2025 6:42:49 PM webapp.storage.AbstractStorage save
INFO: &amp#27;[32mSave 57bc1bc0-2934-406e-855f-686af9ffa6f3(uuid24)
сент. 19, 2025 6:42:49 PM webapp.storage.AbstractStorage save
INFO: &amp#27;[32mSave df266dbf-8616-4c88-bd35-a3064c8a952c(uuid25)
сент. 19, 2025 6:42:49 PM webapp.storage.AbstractStorage save
INFO: &amp#27;[32mSave 3fcd3620-5272-45a4-b992-30792c791a78(uuid26)
сент. 19, 2025 6:42:49 PM webapp.storage.AbstractStorage save
INFO: &amp#27;[32mSave 11fa1e72-3a16-422f-aebd-e3ea8c39f177(uuid27)
сент. 19, 2025 6:42:49 PM webapp.storage.AbstractStorage save
INFO: &amp#27;[32mSave 2a5446b8-2d7b-4327-bd4c-413083c4c2d1(uuid28)
сент. 19, 2025 6:42:49 PM webapp.storage.AbstractStorage save
INFO: &amp#27;[32mSave 3458ca27-8924-4e2d-87c9-f92c467724ca(uuid29)
сент. 19, 2025 6:42:49 PM webapp.storage.AbstractStorage save
INFO: &amp#27;[32mSave c7c5c600-8f8d-403a-a8f9-e8ed51a45764(uuid30)
сент. 19, 2025 6:42:49 PM webapp.storage.AbstractStorage save
INFO: &amp#27;[32mSave 9f8ce340-50af-49bf-9184-7b8a49311079(uuid31)
сент. 19, 2025 6:42:49 PM webapp.storage.AbstractStorage save
INFO: &amp#27;[32mSave e523b067-cc59-405d-9524-f0e1a5ecbd94(uuid32)
сент. 19, 2025 6:42:49 PM webapp.storage.AbstractStorage save
INFO: &amp#27;[32mSave 285e5cbc-884d-47cf-9ac9-1f75468a838e(uuid33)
сент. 19, 2025 6:42:49 PM webapp.storage.AbstractStorage save
INFO: &amp#27;[32mSave 58c9e352-4db1-4aa1-840d-44f8f696bfe9(uuid34)
сент. 19, 2025 6:42:49 PM webapp.storage.AbstractStorage save
INFO: &amp#27;[32mSave dbf3aa91-497a-40ec-a5be-b7b7f335ed18(uuid35)
сент. 19, 2025 6:42:49 PM webapp.storage.AbstractStorage save
INFO: &amp#27;[32mSave b7077774-72ca-4064-a1e7-88bacffe5f73(uuid36)
сент. 19, 2025 6:42:49 PM webapp.storage.AbstractStorage save
INFO: &amp#27;[32mSave dd556ec0-7119-40fd-bcf1-aea9e5b4c586(uuid37)
сент. 19, 2025 6:42:49 PM webapp.storage.AbstractStorage save
INFO: &amp#27;[32mSave 453b793d-16c6-4012-bc76-b1bcd1df2ad2(uuid38)
сент. 19, 2025 6:42:49 PM webapp.storage.AbstractStorage save
INFO: &amp#27;[32mSave c2767d41-d57d-4123-8926-8900d7d5185f(uuid39)
сент. 19, 2025 6:42:49 PM webapp.storage.AbstractStorage save
INFO: &amp#27;[32mSave 2253a6de-1b67-416f-860d-b3d08fcf2140(uuid40)
сент. 19, 2025 6:42:49 PM webapp.storage.AbstractStorage save
INFO: &amp#27;[32mSave 14dcc4a0-5d37-487f-8255-88c692cf6c25(uuid41)
сент. 19, 2025 6:42:49 PM webapp.storage.AbstractStorage save
INFO: &amp#27;[32mSave 214e66b3-9ec2-4f7f-abc6-dc4d78d5c67b(uuid42)
сент. 19, 2025 6:42:49 PM webapp.storage.AbstractStorage save
INFO: &amp#27;[32mSave 90c9f1db-b19b-4bc7-b4d9-df9b1e6232d7(uuid43)
сент. 19, 2025 6:42:49 PM webapp.storage.AbstractStorage save
INFO: &amp#27;[32mSave 2fc471f4-2e68-4ae5-aea0-a7cfb6d780e7(uuid44)
сент. 19, 2025 6:42:49 PM webapp.storage.AbstractStorage save
INFO: &amp#27;[32mSave 88232817-cc45-464d-9fbe-c02f39e8c41f(uuid45)
сент. 19, 2025 6:42:49 PM webapp.storage.AbstractStorage save
INFO: &amp#27;[32mSave 4645bb94-d9c4-4a33-afed-9cfd767ea9b0(uuid46)
сент. 19, 2025 6:42:49 PM webapp.storage.AbstractStorage save
INFO: &amp#27;[32mSave 41f7562a-3d8b-4ff5-a349-7d9878ded0bf(uuid47)
сент. 19, 2025 6:42:49 PM webapp.storage.AbstractStorage save
INFO: &amp#27;[32mSave 6260aea0-3756-4f9e-9f87-13c6223e8e47(uuid48)
сент. 19, 2025 6:42:49 PM webapp.storage.AbstractStorage save
INFO: &amp#27;[32mSave bbf854af-5ccf-4fb0-8c16-b7a99c10772b(uuid49)
сент. 19, 2025 6:42:49 PM webapp.storage.AbstractStorage save
INFO: &amp#27;[32mSave 91c20cd9-8994-45fe-a550-3e317f6b9298(uuid50)
сент. 19, 2025 6:42:49 PM webapp.storage.AbstractStorage save
INFO: &amp#27;[32mSave 7bc08b9a-fef5-420f-8b43-7ceead1e2d7c(uuid51)
сент. 19, 2025 6:42:49 PM webapp.storage.AbstractStorage save
INFO: &amp#27;[32mSave 0d8e7369-e777-486f-9399-cf04302a3f6f(uuid52)
сент. 19, 2025 6:42:49 PM webapp.storage.AbstractStorage save
INFO: &amp#27;[32mSave 9e91730e-f154-4e44-8e76-dd2b6c3b4ddc(uuid53)
сент. 19, 2025 6:42:49 PM webapp.storage.AbstractStorage save
INFO: &amp#27;[32mSave b94c3dbc-8adc-44b0-b746-887ccaade9bb(uuid54)
сент. 19, 2025 6:42:49 PM webapp.storage.AbstractStorage save
INFO: &amp#27;[32mSave fe7112ed-b113-4eda-9f05-20d631d52565(uuid55)
сент. 19, 2025 6:42:49 PM webapp.storage.AbstractStorage save
INFO: &amp#27;[32mSave 0d0a07ee-4ea9-4ce3-86f7-0bc8a8341db2(uuid56)
сент. 19, 2025 6:42:49 PM webapp.storage.AbstractStorage save
INFO: &amp#27;[32mSave 7cc25d1b-67d4-4cc4-b8c8-7fc1d9acdbac(uuid57)
сент. 19, 2025 6:42:49 PM webapp.storage.AbstractStorage save
INFO: &amp#27;[32mSave 1f980eaf-8d3c-40b4-b868-875f071c198c(uuid58)
сент. 19, 2025 6:42:49 PM webapp.storage.AbstractStorage save
INFO: &amp#27;[32mSave d785f496-ed8c-48bd-b8b0-7111fd55f2eb(uuid59)
сент. 19, 2025 6:42:49 PM webapp.storage.AbstractStorage save
INFO: &amp#27;[32mSave 6635e13d-232b-4072-a425-4b4eda0d6db1(uuid60)
сент. 19, 2025 6:42:49 PM webapp.storage.AbstractStorage save
INFO: &amp#27;[32mSave d383237f-77d9-4344-9938-7cde33dcdecf(uuid61)
сент. 19, 2025 6:42:49 PM webapp.storage.AbstractStorage save
INFO: &amp#27;[32mSave 9cff888d-e454-4540-943d-b8ad30bcab7c(uuid62)
сент. 19, 2025 6:42:49 PM webapp.storage.AbstractStorage save
INFO: &amp#27;[32mSave ded160e6-746f-4b07-8947-a13eded482cf(uuid63)
сент. 19, 2025 6:42:49 PM webapp.storage.AbstractStorage save
INFO: &amp#27;[32mSave 58d1e835-7967-4f19-b762-70344ae2ec6e(uuid64)
сент. 19, 2025 6:42:49 PM webapp.storage.AbstractStorage save
INFO: &amp#27;[32mSave 9d3f817e-8196-4fcb-b1ca-1ce18b0529f8(uuid65)
сент. 19, 2025 6:42:49 PM webapp.storage.AbstractStorage save
INFO: &amp#27;[32mSave 98129889-8271-4331-9034-9e2772638581(uuid66)
сент. 19, 2025 6:42:49 PM webapp.storage.AbstractStorage save
INFO: &amp#27;[32mSave 8f409874-d2a7-48aa-8d46-7d915cc04c3b(uuid67)
сент. 19, 2025 6:42:49 PM webapp.storage.AbstractStorage save
INFO: &amp#27;[32mSave 2c51ff1e-e864-46dd-8c68-b9421c5df2b9(uuid68)
сент. 19, 2025 6:42:49 PM webapp.storage.AbstractStorage save
INFO: &amp#27;[32mSave 61ca9b12-4ce5-470a-9c42-4a8dc7979a5f(uuid69)
сент. 19, 2025 6:42:49 PM webapp.storage.AbstractStorage save
INFO: &amp#27;[32mSave fdae5567-03f3-4f08-8d26-5c9e44498eac(uuid70)
сент. 19, 2025 6:42:49 PM webapp.storage.AbstractStorage save
INFO: &amp#27;[32mSave 55e7e3ee-7610-4350-a46b-0df84c9330cd(uuid71)
сент. 19, 2025 6:42:49 PM webapp.storage.AbstractStorage save
INFO: &amp#27;[32mSave 24a9e3b6-359e-40c4-94b2-5c729daecec6(uuid72)
сент. 19, 2025 6:42:49 PM webapp.storage.AbstractStorage save
INFO: &amp#27;[32mSave 54a44f0f-7537-4de2-8fa8-7eb50a7ed180(uuid73)
сент. 19, 2025 6:42:49 PM webapp.storage.AbstractStorage save
INFO: &amp#27;[32mSave eac26b9a-ed5d-4114-8cf2-7a67102aa0ab(uuid74)
сент. 19, 2025 6:42:49 PM webapp.storage.AbstractStorage save
INFO: &amp#27;[32mSave 7028de73-25ad-475e-b60d-812abd3d270d(uuid75)
сент. 19, 2025 6:42:49 PM webapp.storage.AbstractStorage save
INFO: &amp#27;[32mSave 0a6f7f72-af1c-43b3-b6d1-b28f35b6a096(uuid76)
сент. 19, 2025 6:42:49 PM webapp.storage.AbstractStorage save
INFO: &amp#27;[32mSave 6ed2079e-1bec-4517-b098-14e9690172e3(uuid77)
сент. 19, 2025 6:42:49 PM webapp.storage.AbstractStorage save
INFO: &amp#27;[32mSave ec1fa91b-10f7-4db3-8acb-407cc38f5617(uuid78)
сент. 19, 2025 6:42:49 PM webapp.storage.AbstractStorage save
INFO: &amp#27;[32mSave 43dea0b9-7126-4027-b4fa-22c2000bc971(uuid79)
сент. 19, 2025 6:42:49 PM webapp.storage.AbstractStorage save
INFO: &amp#27;[32mSave 507fdc10-541c-4f0d-98cd-082b811beb38(uuid80)
сент. 19, 2025 6:42:49 PM webapp.storage.AbstractStorage save
INFO: &amp#27;[32mSave faaa7435-9fee-489d-8962-4d1b1bc2434e(uuid81)
сент. 19, 2025 6:42:49 PM webapp.storage.AbstractStorage save
INFO: &amp#27;[32mSave 62bab929-b6d7-412e-9e58-5a87593b0a92(uuid82)
сент. 19, 2025 6:42:49 PM webapp.storage.AbstractStorage save
INFO: &amp#27;[32mSave e7dd12e6-6048-4250-b3cc-daf0b6d84f8c(uuid83)
сент. 19, 2025 6:42:49 PM webapp.storage.AbstractStorage save
INFO: &amp#27;[32mSave a6f67a2b-e95f-458e-a996-fdbaa3b98c26(uuid84)
сент. 19, 2025 6:42:49 PM webapp.storage.AbstractStorage save
INFO: &amp#27;[32mSave 889f87ae-1eaa-484f-afb7-443943406d74(uuid85)
сент. 19, 2025 6:42:49 PM webapp.storage.AbstractStorage save
INFO: &amp#27;[32mSave b3cc9205-50e6-485a-8e8e-b6ac7b29a23f(uuid86)
сент. 19, 2025 6:42:49 PM webapp.storage.AbstractStorage save
INFO: &amp#27;[32mSave 95f5461f-8da0-4b6d-9675-b26943e4ab19(uuid87)
сент. 19, 2025 6:42:49 PM webapp.storage.AbstractStorage save
INFO: &amp#27;[32mSave ea96f7ae-8601-4637-aa18-36c257c9e963(uuid88)
сент. 19, 2025 6:42:49 PM webapp.storage.AbstractStorage save
INFO: &amp#27;[32mSave 9b30d866-59b8-4db7-86df-3c8787319fb2(uuid89)
сент. 19, 2025 6:42:49 PM webapp.storage.AbstractStorage save
INFO: &amp#27;[32mSave 5cd6f1cf-2b1a-4977-a5a5-7eb22e40fb85(uuid90)
сент. 19, 2025 6:42:49 PM webapp.storage.AbstractStorage save
INFO: &amp#27;[32mSave 4b96b36e-637c-4d56-9a3a-cf07280d9670(uuid91)
сент. 19, 2025 6:42:49 PM webapp.storage.AbstractStorage save
INFO: &amp#27;[32mSave 5bf7ff3c-f3e5-406f-90b6-5d406ef67dc1(uuid92)
сент. 19, 2025 6:42:49 PM webapp.storage.AbstractStorage save
INFO: &amp#27;[32mSave 0b52e99e-dfb7-4791-ba63-0a618f2f35e3(uuid93)
сент. 19, 2025 6:42:49 PM webapp.storage.AbstractStorage save
INFO: &amp#27;[32mSave 88171700-596b-46ea-9c52-2d2f06426b48(uuid94)
сент. 19, 2025 6:42:49 PM webapp.storage.AbstractStorage save
INFO: &amp#27;[32mSave 20a4d2a4-f867-4832-abac-63dcd49b1b40(uuid95)
сент. 19, 2025 6:42:49 PM webapp.storage.AbstractStorage save
INFO: &amp#27;[32mSave a35d13a7-cde3-486a-8e68-15e1bd7f0018(uuid96)
сент. 19, 2025 6:42:49 PM webapp.storage.AbstractStorage save
INFO: &amp#27;[32mSave 49a7a5d2-baea-4b18-969b-51ec720ade74(uuid97)
сент. 19, 2025 6:42:49 PM webapp.storage.AbstractStorage save
INFO: &amp#27;[32mSave b585ab51-66aa-4a88-b2b7-26fef598e232(uuid98)
сент. 19, 2025 6:42:49 PM webapp.storage.AbstractStorage save
INFO: &amp#27;[32mSave bff21f0c-d398-44f0-b7a0-66263ede1435(uuid99)
сент. 19, 2025 6:42:49 PM webapp.storage.AbstractStorage save
INFO: &amp#27;[32mSave d91d8fbc-0be5-4b07-9cd0-9e8c4fa4e340(uuid100)
сент. 19, 2025 6:42:49 PM webapp.storage.AbstractStorage save
INFO: &amp#27;[32mSave 29c0a350-76f1-46d3-9877-f041177d69a9(uuid101)
сент. 19, 2025 6:42:49 PM webapp.storage.AbstractStorage save
INFO: &amp#27;[32mSave 00ee954e-9405-463d-a04a-1c8fa80ac5a0(uuid102)
сент. 19, 2025 6:42:49 PM webapp.storage.AbstractStorage save
INFO: &amp#27;[32mSave 02d84c47-1a25-492a-ab8f-02c8d1cfebd3(uuid103)
сент. 19, 2025 6:42:49 PM webapp.storage.AbstractStorage save
INFO: &amp#27;[32mSave 211ebd21-f03a-4f27-8b34-a9c2b9a7be0f(uuid104)
сент. 19, 2025 6:42:49 PM webapp.storage.AbstractStorage save
INFO: &amp#27;[32mSave 30673855-bf0a-46c5-aa4a-1e235a85aff3(uuid105)
сент. 19, 2025 6:42:49 PM webapp.storage.AbstractStorage save
INFO: &amp#27;[32mSave 475ffce7-2dec-49dc-abeb-a8bf00dd3346(uuid106)
сент. 19, 2025 6:42:49 PM webapp.storage.AbstractStorage save
INFO: &amp#27;[32mSave 3aa7d5f8-56d2-4984-945c-8f214c3643bd(uuid107)
сент. 19, 2025 6:42:49 PM webapp.storage.AbstractStorage save
INFO: &amp#27;[32mSave fd22598a-aca4-42e1-b078-26c2cb7bb09e(uuid108)
сент. 19, 2025 6:42:49 PM webapp.storage.AbstractStorage save
INFO: &amp#27;[32mSave b5397b82-4931-46c8-83de-ca041a11c35c(uuid109)
сент. 19, 2025 6:42:49 PM webapp.storage.AbstractStorage save
INFO: &amp#27;[32mSave 7b328ae9-dea3-407f-ac0f-c90de5019509(uuid110)
сент. 19, 2025 6:42:49 PM webapp.storage.AbstractStorage save
INFO: &amp#27;[32mSave 7d1e2837-7e6c-47fc-b0ff-adc43a404aec(uuid111)
сент. 19, 2025 6:42:49 PM webapp.storage.AbstractStorage save
INFO: &amp#27;[32mSave 5a52165c-4e4c-4ed7-b4a2-f4a29e10256e(uuid112)
сент. 19, 2025 6:42:49 PM webapp.storage.AbstractStorage save
INFO: &amp#27;[32mSave b3058ff2-c4b8-43d9-a6f9-cf570200e7fe(uuid113)
сент. 19, 2025 6:42:49 PM webapp.storage.AbstractStorage save
INFO: &amp#27;[32mSave 3ed4e9c9-557e-41cd-a330-35df0b64dada(uuid114)
сент. 19, 2025 6:42:49 PM webapp.storage.AbstractStorage save
INFO: &amp#27;[32mSave 234a4486-23a7-4fb9-a709-d5cb19684b95(uuid115)
сент. 19, 2025 6:42:49 PM webapp.storage.AbstractStorage save
INFO: &amp#27;[32mSave fe916bda-3a15-443d-88b2-bad490a76668(uuid116)
сент. 19, 2025 6:42:49 PM webapp.storage.AbstractStorage save
INFO: &amp#27;[32mSave da719f95-d74d-4686-8846-3c99ebd789ca(uuid117)
сент. 19, 2025 6:42:49 PM webapp.storage.AbstractStorage save
INFO: &amp#27;[32mSave 7028ab47-2fde-40fb-b2a9-151bba93f58d(uuid118)
сент. 19, 2025 6:42:49 PM webapp.storage.AbstractStorage save
INFO: &amp#27;[32mSave 66bbd467-6844-453b-8994-fe4750bbd646(uuid119)
сент. 19, 2025 6:42:49 PM webapp.storage.AbstractStorage save
INFO: &amp#27;[32mSave cfd53c0a-cbcf-4424-8c35-9243d971f594(uuid120)
сент. 19, 2025 6:42:49 PM webapp.storage.AbstractStorage save
INFO: &amp#27;[32mSave dc9eda80-7bd3-422c-803b-4c1affcaf907(uuid121)
сент. 19, 2025 6:42:49 PM webapp.storage.AbstractStorage save
INFO: &amp#27;[32mSave e35d1358-0426-4969-abf2-b27d68661b71(uuid122)
сент. 19, 2025 6:42:49 PM webapp.storage.AbstractStorage save
INFO: &amp#27;[32mSave a4f93aa0-6380-4c5b-8d24-83a075268a93(uuid123)
сент. 19, 2025 6:42:49 PM webapp.storage.AbstractStorage save
INFO: &amp#27;[32mSave e6edc05f-2cfd-4125-894b-b15f6fc66f9e(uuid124)
сент. 19, 2025 6:42:49 PM webapp.storage.AbstractStorage save
INFO: &amp#27;[32mSave 7203e3dd-7fcb-4b3d-9187-7b2d3300362a(uuid125)
сент. 19, 2025 6:42:49 PM webapp.storage.AbstractStorage save
INFO: &amp#27;[32mSave d18b4c38-7758-4e3f-8162-0fbb733ff656(uuid126)
сент. 19, 2025 6:42:49 PM webapp.storage.AbstractStorage save
INFO: &amp#27;[32mSave 19c69944-0e98-4bf4-a018-406016901064(uuid127)
сент. 19, 2025 6:42:49 PM webapp.storage.AbstractStorage save
INFO: &amp#27;[32mSave 77a0963c-cc98-4d8a-abc2-dd26bd2bb26c(uuid128)
сент. 19, 2025 6:42:49 PM webapp.storage.AbstractStorage save
INFO: &amp#27;[32mSave b9dbb845-3f2a-48f0-82a6-40dea80c31d6(uuid129)
сент. 19, 2025 6:42:49 PM webapp.storage.AbstractStorage save
INFO: &amp#27;[32mSave e6d7e7a3-b646-4ac3-835d-b8a1f5b99c4c(uuid130)
сент. 19, 2025 6:42:49 PM webapp.storage.AbstractStorage save
INFO: &amp#27;[32mSave 22ade275-1857-454f-88e2-33eb83b7e2f1(uuid131)
сент. 19, 2025 6:42:49 PM webapp.storage.AbstractStorage save
INFO: &amp#27;[32mSave ff40822f-8d3e-49c5-b926-7505756a2bc6(uuid132)
сент. 19, 2025 6:42:49 PM webapp.storage.AbstractStorage save
INFO: &amp#27;[32mSave 74c89c05-3af7-404d-a02d-4636f990b1cc(uuid133)
сент. 19, 2025 6:42:49 PM webapp.storage.AbstractStorage save
INFO: &amp#27;[32mSave 01cccec3-7c64-456f-92b5-b1aa532c4a1f(uuid134)
сент. 19, 2025 6:42:49 PM webapp.storage.AbstractStorage save
INFO: &amp#27;[32mSave db80aa53-5bef-4e7c-a9d5-eb138c139f35(uuid135)
сент. 19, 2025 6:42:49 PM webapp.storage.AbstractStorage save
INFO: &amp#27;[32mSave b30e817e-0ac6-4310-a1c1-76f7f6451067(uuid136)
сент. 19, 2025 6:42:49 PM webapp.storage.AbstractStorage save
INFO: &amp#27;[32mSave e95f0bfa-35a4-47b2-87a4-4d6893cf4402(uuid137)
сент. 19, 2025 6:42:49 PM webapp.storage.AbstractStorage save
INFO: &amp#27;[32mSave d441103b-af61-4349-911a-ed465d9767a5(uuid138)
сент. 19, 2025 6:42:49 PM webapp.storage.AbstractStorage save
INFO: &amp#27;[32mSave 5dbdd7b5-a4e7-455c-823c-19772a5510ff(uuid139)
сент. 19, 2025 6:42:49 PM webapp.storage.AbstractStorage save
INFO: &amp#27;[32mSave 40d72187-a581-437d-9314-84de0004c8bc(uuid140)
сент. 19, 2025 6:42:49 PM webapp.storage.AbstractStorage save
INFO: &amp#27;[32mSave f1ceb451-f458-49f2-bdda-8e6270fa73b7(uuid141)
сент. 19, 2025 6:42:49 PM webapp.storage.AbstractStorage save
INFO: &amp#27;[32mSave ebcbed94-25f5-4430-a34d-419b676e1c2a(uuid142)
сент. 19, 2025 6:42:49 PM webapp.storage.AbstractStorage save
INFO: &amp#27;[32mSave 418e039e-67c2-4b1a-b3e8-268971ce6931(uuid143)
сент. 19, 2025 6:42:49 PM webapp.storage.AbstractStorage save
INFO: &amp#27;[32mSave 52fd85ec-bd44-4c8f-94f0-0437d391d85d(uuid144)
сент. 19, 2025 6:42:49 PM webapp.storage.AbstractStorage save
INFO: &amp#27;[32mSave 39cce0c6-0e14-4b66-9977-87df51f3b989(uuid145)
сент. 19, 2025 6:42:49 PM webapp.storage.AbstractStorage save
INFO: &amp#27;[32mSave 0dbcda45-e7e2-40e2-9b5f-1aa59f312362(uuid146)
сент. 19, 2025 6:42:49 PM webapp.storage.AbstractStorage save
INFO: &amp#27;[32mSave c6c29588-8c20-4eae-81db-2d8961d0da4a(uuid147)
сент. 19, 2025 6:42:49 PM webapp.storage.AbstractStorage save
INFO: &amp#27;[32mSave bcc0f4fc-f59d-4cfd-b3d3-c3f9830ee061(uuid148)
сент. 19, 2025 6:42:49 PM webapp.storage.AbstractStorage save
INFO: &amp#27;[32mSave d0936f29-7804-4dd0-aa78-8a3b8fe4771a(uuid149)
сент. 19, 2025 6:42:49 PM webapp.storage.AbstractStorage save
INFO: &amp#27;[32mSave 9c82b98d-95d1-4bef-9b7f-1ddc270d5989(uuid150)
сент. 19, 2025 6:42:49 PM webapp.storage.AbstractStorage save
INFO: &amp#27;[32mSave 6d94e4a0-a68b-47a6-9122-53fe23140a42(uuid151)
сент. 19, 2025 6:42:49 PM webapp.storage.AbstractStorage save
INFO: &amp#27;[32mSave 7642e2e7-9dc0-45d8-af98-0008374ddd9f(uuid152)
сент. 19, 2025 6:42:49 PM webapp.storage.AbstractStorage save
INFO: &amp#27;[32mSave f5df758a-f146-4267-b4da-7b1feb87d515(uuid153)
сент. 19, 2025 6:42:49 PM webapp.storage.AbstractStorage save
INFO: &amp#27;[32mSave 402dab5b-27e3-4d68-8af8-4067ac3dd37d(uuid154)
сент. 19, 2025 6:42:49 PM webapp.storage.AbstractStorage save
INFO: &amp#27;[32mSave 8992cd83-bafa-43b8-b50f-759ea1ac5fae(uuid155)
сент. 19, 2025 6:42:49 PM webapp.storage.AbstractStorage save
INFO: &amp#27;[32mSave 4dc97827-7bc3-413c-8a4f-a542938f24f4(uuid156)
сент. 19, 2025 6:42:49 PM webapp.storage.AbstractStorage save
INFO: &amp#27;[32mSave 0fa85ac7-fd88-42f3-a9dc-b1ae7c26fc59(uuid157)
сент. 19, 2025 6:42:49 PM webapp.storage.AbstractStorage save
INFO: &amp#27;[32mSave bb938e94-afee-419d-8248-439c6c877ccb(uuid158)
сент. 19, 2025 6:42:49 PM webapp.storage.AbstractStorage save
INFO: &amp#27;[32mSave 4eb30c43-846d-459e-bb50-94b5b162a99c(uuid159)
сент. 19, 2025 6:42:49 PM webapp.storage.AbstractStorage save
INFO: &amp#27;[32mSave 32e385b8-daed-4777-a1e4-88235ddb73dd(uuid160)
сент. 19, 2025 6:42:49 PM webapp.storage.AbstractStorage save
INFO: &amp#27;[32mSave ad0764a6-9a59-4c34-ab8b-f985e23cec37(uuid161)
сент. 19, 2025 6:42:49 PM webapp.storage.AbstractStorage save
INFO: &amp#27;[32mSave c0ca9c85-d403-42e5-92f0-7ecbaf6c3b9f(uuid162)
сент. 19, 2025 6:42:49 PM webapp.storage.AbstractStorage save
INFO: &amp#27;[32mSave 4f194f98-4b31-49bc-90e4-1cf69ffae1ba(uuid163)
сент. 19, 2025 6:42:49 PM webapp.storage.AbstractStorage save
INFO: &amp#27;[32mSave eba93dda-4fe6-41f6-b3d8-ef186db065b3(uuid164)
сент. 19, 2025 6:42:49 PM webapp.storage.AbstractStorage save
INFO: &amp#27;[32mSave 9ef11320-4b8b-45f4-bcf2-11cb9626c3d7(uuid165)
сент. 19, 2025 6:42:49 PM webapp.storage.AbstractStorage save
INFO: &amp#27;[32mSave 68be1318-e598-453e-923f-7dd5b1000bb8(uuid166)
сент. 19, 2025 6:42:49 PM webapp.storage.AbstractStorage save
INFO: &amp#27;[32mSave 163204c3-96fd-4b4c-9e4c-c2f64140ae43(uuid167)
сент. 19, 2025 6:42:49 PM webapp.storage.AbstractStorage save
INFO: &amp#27;[32mSave 6b9e1cdf-2af0-40bb-9ebc-c73160f45847(uuid168)
сент. 19, 2025 6:42:49 PM webapp.storage.AbstractStorage save
INFO: &amp#27;[32mSave 827d7e3d-6ca2-403d-b8e7-6213f3f16846(uuid169)
сент. 19, 2025 6:42:49 PM webapp.storage.AbstractStorage save
INFO: &amp#27;[32mSave 66835e8a-ad50-429a-8b03-4c2105648bcb(uuid170)
сент. 19, 2025 6:42:49 PM webapp.storage.AbstractStorage save
INFO: &amp#27;[32mSave 8aae9e23-594c-4755-b9c2-569733053fb4(uuid171)
сент. 19, 2025 6:42:49 PM webapp.storage.AbstractStorage save
INFO: &amp#27;[32mSave fabcffc0-48cd-4431-8ccc-63345d72b472(uuid172)
сент. 19, 2025 6:42:49 PM webapp.storage.AbstractStorage save
INFO: &amp#27;[32mSave edbcea16-f9cf-41bc-9f9a-36fbdc50aec2(uuid173)
сент. 19, 2025 6:42:49 PM webapp.storage.AbstractStorage save
INFO: &amp#27;[32mSave eda052b8-2c4b-4a97-b342-8e299fa09462(uuid174)
сент. 19, 2025 6:42:49 PM webapp.storage.AbstractStorage save
INFO: &amp#27;[32mSave d54eaa01-f9b7-4d56-955b-e442cc44c13a(uuid175)
сент. 19, 2025 6:42:49 PM webapp.storage.AbstractStorage save
INFO: &amp#27;[32mSave d45d80d7-d417-481b-afff-bc6da51480ae(uuid176)
сент. 19, 2025 6:42:49 PM webapp.storage.AbstractStorage save
INFO: &amp#27;[32mSave 6dc5e7d9-648b-4438-9a99-7dfa3cf02bd6(uuid177)
сент. 19, 2025 6:42:49 PM webapp.storage.AbstractStorage save
INFO: &amp#27;[32mSave e73fd669-390b-4963-ada3-cc4ec7f459c9(uuid178)
сент. 19, 2025 6:42:49 PM webapp.storage.AbstractStorage save
INFO: &amp#27;[32mSave 15d57f65-05f6-4643-8482-f68b35ae490d(uuid179)
сент. 19, 2025 6:42:49 PM webapp.storage.AbstractStorage save
INFO: &amp#27;[32mSave 28d36941-8ad3-4338-bc22-258d4a0a4d0c(uuid180)
сент. 19, 2025 6:42:49 PM webapp.storage.AbstractStorage save
INFO: &amp#27;[32mSave e8729552-e18d-4981-9a4b-5b56cbc1ff35(uuid181)
сент. 19, 2025 6:42:49 PM webapp.storage.AbstractStorage save
INFO: &amp#27;[32mSave 67c5a30e-78f4-4e7d-b568-70dc2f0c52d3(uuid182)
сент. 19, 2025 6:42:49 PM webapp.storage.AbstractStorage save
INFO: &amp#27;[32mSave f9b79ceb-6c2a-4c04-a2c0-0559d0555f05(uuid183)
сент. 19, 2025 6:42:49 PM webapp.storage.AbstractStorage save
INFO: &amp#27;[32mSave d020a6a7-e8f9-4b9a-b49a-629e9435e7d0(uuid184)
сент. 19, 2025 6:42:49 PM webapp.storage.AbstractStorage save
INFO: &amp#27;[32mSave 06c0fc06-4019-4ed9-9e84-138a9bd831e2(uuid185)
сент. 19, 2025 6:42:49 PM webapp.storage.AbstractStorage save
INFO: &amp#27;[32mSave c6dc9175-a04b-4963-961e-3322ce587582(uuid186)
сент. 19, 2025 6:42:49 PM webapp.storage.AbstractStorage save
INFO: &amp#27;[32mSave e6e44e7f-89e9-4fa7-b31a-37f35eddf166(uuid187)
сент. 19, 2025 6:42:49 PM webapp.storage.AbstractStorage save
INFO: &amp#27;[32mSave 2e6a323a-49e2-4170-96ff-6464e2f9b9cb(uuid188)
сент. 19, 2025 6:42:49 PM webapp.storage.AbstractStorage save
INFO: &amp#27;[32mSave 804597ef-0f41-4bb0-8941-38af1da53d6c(uuid189)
сент. 19, 2025 6:42:49 PM webapp.storage.AbstractStorage save
INFO: &amp#27;[32mSave 0910e32c-0ff4-4cbd-80bb-fa84d996275f(uuid190)
сент. 19, 2025 6:42:49 PM webapp.storage.AbstractStorage save
INFO: &amp#27;[32mSave ac0d206e-fea4-4f84-b482-bb734568ca66(uuid191)
сент. 19, 2025 6:42:49 PM webapp.storage.AbstractStorage save
INFO: &amp#27;[32mSave 718db78b-f3ba-4c14-946f-374e5c6fa1a5(uuid192)
сент. 19, 2025 6:42:49 PM webapp.storage.AbstractStorage save
INFO: &amp#27;[32mSave 75f8dfd0-f17e-43ca-a352-bde799ddc799(uuid193)
сент. 19, 2025 6:42:49 PM webapp.storage.AbstractStorage save
INFO: &amp#27;[32mSave 3976f48c-5aca-4a69-be34-3008f36d185b(uuid194)
сент. 19, 2025 6:42:49 PM webapp.storage.AbstractStorage save
INFO: &amp#27;[32mSave 0566320b-3c44-4811-922b-d251c3744eff(uuid195)
сент. 19, 2025 6:42:49 PM webapp.storage.AbstractStorage save
INFO: &amp#27;[32mSave d9403937-0ce2-47b7-b472-8b63ec46726e(uuid196)
сент. 19, 2025 6:42:49 PM webapp.storage.AbstractStorage save
INFO: &amp#27;[32mSave 37ac9526-3984-4a69-8adc-3322cb127bba(uuid197)
сент. 19, 2025 6:42:49 PM webapp.storage.AbstractStorage save
INFO: &amp#27;[32mSave 813d5dcc-9d6a-43ff-819d-738644c40e53(uuid198)
сент. 19, 2025 6:42:49 PM webapp.storage.AbstractStorage save
INFO: &amp#27;[32mSave 47ef2a76-5924-401f-b5f4-12e5ff81cbc6(uuid199)
сент. 19, 2025 6:42:49 PM webapp.storage.AbstractStorage save
INFO: &amp#27;[32mSave b363313c-508b-405f-b630-a270d9a617b7(uuid200)
сент. 19, 2025 6:42:49 PM webapp.storage.AbstractStorage save
INFO: &amp#27;[32mSave 80a0279e-6e5f-4b37-af97-9cd579a5a965(uuid201)
сент. 19, 2025 6:42:49 PM webapp.storage.AbstractStorage save
INFO: &amp#27;[32mSave dadaf536-7b6e-4867-85d8-61227200f26f(uuid202)
сент. 19, 2025 6:42:49 PM webapp.storage.AbstractStorage save
INFO: &amp#27;[32mSave c1e5e4ba-801e-4dd4-8eae-8e8301affdf6(uuid203)
сент. 19, 2025 6:42:49 PM webapp.storage.AbstractStorage save
INFO: &amp#27;[32mSave c8a365da-f70c-4e6d-aace-4943d5fa949d(uuid204)
сент. 19, 2025 6:42:49 PM webapp.storage.AbstractStorage save
INFO: &amp#27;[32mSave 83d3b06b-541a-40e1-91de-27f41ef0314b(uuid205)
сент. 19, 2025 6:42:49 PM webapp.storage.AbstractStorage save
INFO: &amp#27;[32mSave 29114ec2-4abe-47da-8243-baf689597715(uuid206)
сент. 19, 2025 6:42:49 PM webapp.storage.AbstractStorage save
INFO: &amp#27;[32mSave bb4241f0-b0d3-4f41-9b3b-58e87decb726(uuid207)
сент. 19, 2025 6:42:49 PM webapp.storage.AbstractStorage save
INFO: &amp#27;[32mSave 05faf628-7d0f-4c37-a7b8-40ac2788c8aa(uuid208)
сент. 19, 2025 6:42:49 PM webapp.storage.AbstractStorage save
INFO: &amp#27;[32mSave d87febc1-3bf4-41e8-ae81-3c13e0ecdfac(uuid209)
сент. 19, 2025 6:42:49 PM webapp.storage.AbstractStorage save
INFO: &amp#27;[32mSave 393887e7-1f28-46c9-ad9f-fd25df90ea1b(uuid210)
сент. 19, 2025 6:42:49 PM webapp.storage.AbstractStorage save
INFO: &amp#27;[32mSave 32139278-7f60-46fe-a7da-007db688f2c5(uuid211)
сент. 19, 2025 6:42:49 PM webapp.storage.AbstractStorage save
INFO: &amp#27;[32mSave ff14c589-1cb2-4682-883a-6b6e80e960e9(uuid212)
сент. 19, 2025 6:42:49 PM webapp.storage.AbstractStorage save
INFO: &amp#27;[32mSave 9ed97877-ead6-4655-90bd-3a4de8abf041(uuid213)
сент. 19, 2025 6:42:49 PM webapp.storage.AbstractStorage save
INFO: &amp#27;[32mSave 94b45cc7-ca12-42b8-bd8a-d52b11dd796e(uuid214)
сент. 19, 2025 6:42:49 PM webapp.storage.AbstractStorage save
INFO: &amp#27;[32mSave 53aab6ab-0b1a-49d5-9214-b2c5d8891097(uuid215)
сент. 19, 2025 6:42:49 PM webapp.storage.AbstractStorage save
INFO: &amp#27;[32mSave e3b0571a-c6e8-4b29-a499-a427f34ea569(uuid216)
сент. 19, 2025 6:42:49 PM webapp.storage.AbstractStorage save
INFO: &amp#27;[32mSave 6933c240-7dd3-4b32-9c7e-fd7fc419e1e0(uuid217)
сент. 19, 2025 6:42:49 PM webapp.storage.AbstractStorage save
INFO: &amp#27;[32mSave aa581c11-a1f0-4c3d-b38d-a4020297da2d(uuid218)
сент. 19, 2025 6:42:49 PM webapp.storage.AbstractStorage save
INFO: &amp#27;[32mSave 1c4c791c-62c4-47fe-a9ba-b23293a4e204(uuid219)
сент. 19, 2025 6:42:49 PM webapp.storage.AbstractStorage save
INFO: &amp#27;[32mSave 3047e01a-0b52-4ae0-8398-dde1f6f787fc(uuid220)
сент. 19, 2025 6:42:49 PM webapp.storage.AbstractStorage save
INFO: &amp#27;[32mSave 8730152f-dcab-49b4-b761-8d21ec1f4420(uuid221)
сент. 19, 2025 6:42:49 PM webapp.storage.AbstractStorage save
INFO: &amp#27;[32mSave 8f7104ca-ebc3-44b4-a833-1ac9822fdc57(uuid222)
сент. 19, 2025 6:42:49 PM webapp.storage.AbstractStorage save
INFO: &amp#27;[32mSave 8ae3dba7-af9e-4709-bc1c-0a56150b851d(uuid223)
сент. 19, 2025 6:42:49 PM webapp.storage.AbstractStorage save
INFO: &amp#27;[32mSave 125b4b25-cb26-4bb4-849e-d0a5b4c3ee86(uuid224)
сент. 19, 2025 6:42:49 PM webapp.storage.AbstractStorage save
INFO: &amp#27;[32mSave 1da19f02-9d74-4c2f-bdce-a90d8c39c14a(uuid225)
сент. 19, 2025 6:42:49 PM webapp.storage.AbstractStorage save
INFO: &amp#27;[32mSave acc6b873-d0c7-4391-b5ca-f85b2e85ffdd(uuid226)
сент. 19, 2025 6:42:49 PM webapp.storage.AbstractStorage save
INFO: &amp#27;[32mSave 79d42e21-4c6f-4951-80f3-f74cc1f67e62(uuid227)
сент. 19, 2025 6:42:49 PM webapp.storage.AbstractStorage save
INFO: &amp#27;[32mSave 8a8d0a8b-2766-4b0a-8bf4-e4b2b48f9e41(uuid228)
сент. 19, 2025 6:42:49 PM webapp.storage.AbstractStorage save
INFO: &amp#27;[32mSave a356aa10-2aeb-4ea9-b614-96363229b2f6(uuid229)
сент. 19, 2025 6:42:49 PM webapp.storage.AbstractStorage save
INFO: &amp#27;[32mSave ccfb20e3-d115-4540-aca2-80eaa62c916f(uuid230)
сент. 19, 2025 6:42:49 PM webapp.storage.AbstractStorage save
INFO: &amp#27;[32mSave 728063da-eb8d-49b4-875f-603de3d8b264(uuid231)
сент. 19, 2025 6:42:49 PM webapp.storage.AbstractStorage save
INFO: &amp#27;[32mSave 79022f26-f29d-487f-8692-a2162e062988(uuid232)
сент. 19, 2025 6:42:49 PM webapp.storage.AbstractStorage save
INFO: &amp#27;[32mSave 0b7d6d16-c06e-4a5d-a033-98016f0bbb7e(uuid233)
сент. 19, 2025 6:42:49 PM webapp.storage.AbstractStorage save
INFO: &amp#27;[32mSave 5ee733b6-8667-4134-84f4-f2b2ccfbec98(uuid234)
сент. 19, 2025 6:42:49 PM webapp.storage.AbstractStorage save
INFO: &amp#27;[32mSave 5a712ec6-ff67-4e88-8cce-795f5e10947c(uuid235)
сент. 19, 2025 6:42:49 PM webapp.storage.AbstractStorage save
INFO: &amp#27;[32mSave b97f5a57-651a-44e2-92fe-c83462e3355e(uuid236)
сент. 19, 2025 6:42:49 PM webapp.storage.AbstractStorage save
INFO: &amp#27;[32mSave 1e1a605b-e182-4ee1-b812-20b2183b326f(uuid237)
сент. 19, 2025 6:42:49 PM webapp.storage.AbstractStorage save
INFO: &amp#27;[32mSave acc7180d-284e-4a3d-b717-1244146301e0(uuid238)
сент. 19, 2025 6:42:49 PM webapp.storage.AbstractStorage save
INFO: &amp#27;[32mSave 6cff03b4-9473-49d4-a0a5-d1251489d406(uuid239)
сент. 19, 2025 6:42:49 PM webapp.storage.AbstractStorage save
INFO: &amp#27;[32mSave 77c8c1f2-f573-48b2-ae5d-6b6e6267602a(uuid240)
сент. 19, 2025 6:42:49 PM webapp.storage.AbstractStorage save
INFO: &amp#27;[32mSave bd9b786f-9c0e-474e-9187-d2aaa2ae80a3(uuid241)
сент. 19, 2025 6:42:49 PM webapp.storage.AbstractStorage save
INFO: &amp#27;[32mSave 676b6320-1e3a-49c0-ac46-7c81a1fad0ad(uuid242)
сент. 19, 2025 6:42:49 PM webapp.storage.AbstractStorage save
INFO: &amp#27;[32mSave 4c2caefc-30de-4163-b1c9-0a9de1d8b911(uuid243)
сент. 19, 2025 6:42:49 PM webapp.storage.AbstractStorage save
INFO: &amp#27;[32mSave 6699bff9-64ba-45e4-8ac7-4330fee1761e(uuid244)
сент. 19, 2025 6:42:49 PM webapp.storage.AbstractStorage save
INFO: &amp#27;[32mSave 5ac4871a-9f96-4b2a-9a01-25edb6f3ad90(uuid245)
сент. 19, 2025 6:42:49 PM webapp.storage.AbstractStorage save
INFO: &amp#27;[32mSave 6936f6cc-7c84-4828-9628-73454e8c3e85(uuid246)
сент. 19, 2025 6:42:49 PM webapp.storage.AbstractStorage save
INFO: &amp#27;[32mSave cd68a755-95d6-49b0-82ed-cc0b859b0edc(uuid247)
сент. 19, 2025 6:42:49 PM webapp.storage.AbstractStorage save
INFO: &amp#27;[32mSave 14c8688b-9f42-4346-9351-d7c7d9dcd875(uuid248)
сент. 19, 2025 6:42:49 PM webapp.storage.AbstractStorage save
INFO: &amp#27;[32mSave 8bbed81c-b3b3-4abf-ac92-29375fc7691c(uuid249)
сент. 19, 2025 6:42:49 PM webapp.storage.AbstractStorage save
INFO: &amp#27;[32mSave c9131c8e-638b-41a9-b25a-0bbadb49a603(uuid250)
сент. 19, 2025 6:42:49 PM webapp.storage.AbstractStorage save
INFO: &amp#27;[32mSave d1c630e6-e0f9-4183-b0a6-e4a4af95abb0(uuid251)
сент. 19, 2025 6:42:49 PM webapp.storage.AbstractStorage save
INFO: &amp#27;[32mSave fd14b5e3-b094-4877-a3ef-199f72d1839e(uuid252)
сент. 19, 2025 6:42:49 PM webapp.storage.AbstractStorage save
INFO: &amp#27;[32mSave 317aaf5a-9489-415c-af96-16fa8e515b89(uuid253)
сент. 19, 2025 6:42:49 PM webapp.storage.AbstractStorage save
INFO: &amp#27;[32mSave d12aaeea-43c5-434f-993a-f3475a3f2b87(uuid254)
сент. 19, 2025 6:42:49 PM webapp.storage.AbstractStorage save
INFO: &amp#27;[32mSave 8c8697e5-dcb6-4245-82be-c56bae7926b8(uuid255)
сент. 19, 2025 6:42:49 PM webapp.storage.AbstractStorage save
INFO: &amp#27;[32mSave 72e2d3b3-cf37-45f0-be0e-55a54a8edca2(uuid256)
сент. 19, 2025 6:42:49 PM webapp.storage.AbstractStorage save
INFO: &amp#27;[32mSave 5ba2409b-d9ad-49e5-8a45-726baf5144c3(uuid257)
сент. 19, 2025 6:42:49 PM webapp.storage.AbstractStorage save
INFO: &amp#27;[32mSave 99c65829-ff5d-4088-b44d-4eb92f7cdaa8(uuid258)
сент. 19, 2025 6:42:49 PM webapp.storage.AbstractStorage save
INFO: &amp#27;[32mSave 8a7deb85-871a-4e6e-8bcb-809cd7c838f3(uuid259)
сент. 19, 2025 6:42:49 PM webapp.storage.AbstractStorage save
INFO: &amp#27;[32mSave 05e141ef-01d6-4d2c-974d-1a8e77e2d9a6(uuid260)
сент. 19, 2025 6:42:49 PM webapp.storage.AbstractStorage save
INFO: &amp#27;[32mSave 3178f0c5-afca-4eed-ace8-0346b048cf13(uuid261)
сент. 19, 2025 6:42:49 PM webapp.storage.AbstractStorage save
INFO: &amp#27;[32mSave 8c8f5db5-0df2-4712-8425-995a99cbbece(uuid262)
сент. 19, 2025 6:42:49 PM webapp.storage.AbstractStorage save
INFO: &amp#27;[32mSave f20e091d-4803-45dd-a340-577763780b2a(uuid263)
сент. 19, 2025 6:42:49 PM webapp.storage.AbstractStorage save
INFO: &amp#27;[32mSave d0e5f66a-6348-4d03-9cb8-be00dc6d7ae6(uuid264)
сент. 19, 2025 6:42:49 PM webapp.storage.AbstractStorage save
INFO: &amp#27;[32mSave 1c5b0246-f4d7-4ff4-8340-b25260df114e(uuid265)
сент. 19, 2025 6:42:49 PM webapp.storage.AbstractStorage save
INFO: &amp#27;[32mSave e4b96738-da09-401e-9f85-3068a18739f4(uuid266)
сент. 19, 2025 6:42:49 PM webapp.storage.AbstractStorage save
INFO: &amp#27;[32mSave ceb9bb9e-4d66-49c4-9ecc-44f065ebfd60(uuid267)
сент. 19, 2025 6:42:49 PM webapp.storage.AbstractStorage save
INFO: &amp#27;[32mSave 180d9f9c-853f-41f2-814e-4e08c1cc3a0a(uuid268)
сент. 19, 2025 6:42:49 PM webapp.storage.AbstractStorage save
INFO: &amp#27;[32mSave 4c0c7663-1fe2-480c-9adf-dc20aa44a978(uuid269)
сент. 19, 2025 6:42:49 PM webapp.storage.AbstractStorage save
INFO: &amp#27;[32mSave db11ee4c-cdf7-41a8-89fd-0b7aa420ab7a(uuid270)
сент. 19, 2025 6:42:49 PM webapp.storage.AbstractStorage save
INFO: &amp#27;[32mSave ad341e02-24f4-40b3-a8c8-7f6f84f18475(uuid271)
сент. 19, 2025 6:42:49 PM webapp.storage.AbstractStorage save
INFO: &amp#27;[32mSave a39d946e-cd74-48d5-9c2e-8b184eee1383(uuid272)
сент. 19, 2025 6:42:49 PM webapp.storage.AbstractStorage save
INFO: &amp#27;[32mSave f1df7000-e553-4d2c-b950-428bfd3daf57(uuid273)
сент. 19, 2025 6:42:49 PM webapp.storage.AbstractStorage save
INFO: &amp#27;[32mSave 5ae87cbc-3805-45af-bc42-6e080608c27c(uuid274)
сент. 19, 2025 6:42:49 PM webapp.storage.AbstractStorage save
INFO: &amp#27;[32mSave 98dd2b7b-67f2-4393-944d-1387870eb2d5(uuid275)
сент. 19, 2025 6:42:49 PM webapp.storage.AbstractStorage save
INFO: &amp#27;[32mSave 55382b40-0f04-4e53-bf5f-256eae06b041(uuid276)
сент. 19, 2025 6:42:49 PM webapp.storage.AbstractStorage save
INFO: &amp#27;[32mSave 56272b62-1ca9-4be7-aadd-bc63704bd831(uuid277)
сент. 19, 2025 6:42:49 PM webapp.storage.AbstractStorage save
INFO: &amp#27;[32mSave e46e4801-e601-4547-8bf7-fa485af7dff9(uuid278)
сент. 19, 2025 6:42:49 PM webapp.storage.AbstractStorage save
INFO: &amp#27;[32mSave e828c621-b804-431e-9b2a-f28533e6e28b(uuid279)
сент. 19, 2025 6:42:49 PM webapp.storage.AbstractStorage save
INFO: &amp#27;[32mSave c7488f2b-0ff7-4d94-9be8-4cca38b3dcb4(uuid280)
сент. 19, 2025 6:42:49 PM webapp.storage.AbstractStorage save
INFO: &amp#27;[32mSave 853c9ae4-e6a8-45e7-8cd7-8235ac263428(uuid281)
сент. 19, 2025 6:42:49 PM webapp.storage.AbstractStorage save
INFO: &amp#27;[32mSave 4c847e40-82b0-46d3-8bd5-8c986baefd08(uuid282)
сент. 19, 2025 6:42:49 PM webapp.storage.AbstractStorage save
INFO: &amp#27;[32mSave efea7612-d923-4aa2-9961-1db54b399fb1(uuid283)
сент. 19, 2025 6:42:49 PM webapp.storage.AbstractStorage save
INFO: &amp#27;[32mSave 170d40e2-d9f7-4ffe-a3a8-e87233ab3b1b(uuid284)
сент. 19, 2025 6:42:49 PM webapp.storage.AbstractStorage save
INFO: &amp#27;[32mSave 2005a6d4-d841-4c0d-81de-004f1d114d76(uuid285)
сент. 19, 2025 6:42:49 PM webapp.storage.AbstractStorage save
INFO: &amp#27;[32mSave b06959ff-3845-458d-91d7-1f70139f9c16(uuid286)
сент. 19, 2025 6:42:49 PM webapp.storage.AbstractStorage save
INFO: &amp#27;[32mSave 93bd71e4-2db2-419d-ab60-e3f3537db96d(uuid287)
сент. 19, 2025 6:42:49 PM webapp.storage.AbstractStorage save
INFO: &amp#27;[32mSave e83375b5-5714-4c2f-9126-fda5c6fdb522(uuid288)
сент. 19, 2025 6:42:49 PM webapp.storage.AbstractStorage save
INFO: &amp#27;[32mSave 3e37e347-ccf2-4744-89a5-42b9e0304ebc(uuid289)
сент. 19, 2025 6:42:49 PM webapp.storage.AbstractStorage save
INFO: &amp#27;[32mSave 3a35d9b8-04a5-401b-8ee0-e5261435bff0(uuid290)
сент. 19, 2025 6:42:49 PM webapp.storage.AbstractStorage save
INFO: &amp#27;[32mSave c4a98adf-e0ce-4e83-b1c6-d378a6ab796c(uuid291)
сент. 19, 2025 6:42:49 PM webapp.storage.AbstractStorage save
INFO: &amp#27;[32mSave 8ada8f6d-37ba-45b7-9f37-aa5ae3c1715d(uuid292)
сент. 19, 2025 6:42:49 PM webapp.storage.AbstractStorage save
INFO: &amp#27;[32mSave d462ec9e-ba1a-4213-b9fa-673676d15e55(uuid293)
сент. 19, 2025 6:42:49 PM webapp.storage.AbstractStorage save
INFO: &amp#27;[32mSave b99e05fc-fe0e-4e50-86d0-f561b78abab1(uuid294)
сент. 19, 2025 6:42:49 PM webapp.storage.AbstractStorage save
INFO: &amp#27;[32mSave 8d9be826-aba4-4984-b6b6-a0158dbf8afa(uuid295)
сент. 19, 2025 6:42:49 PM webapp.storage.AbstractStorage save
INFO: &amp#27;[32mSave 25e1b23f-8480-4e94-8161-8c8d8f903218(uuid296)
сент. 19, 2025 6:42:49 PM webapp.storage.AbstractStorage save
INFO: &amp#27;[32mSave c5b1d74a-18bd-487d-b455-a863ddf35592(uuid297)
сент. 19, 2025 6:42:49 PM webapp.storage.AbstractStorage save
INFO: &amp#27;[32mSave 38b49f4d-d6a9-4c77-b522-2fff1810589a(uuid298)
сент. 19, 2025 6:42:49 PM webapp.storage.AbstractStorage save
INFO: &amp#27;[32mSave 8e8dde60-e44e-4b11-9165-18db135477c9(uuid299)
сент. 19, 2025 6:42:49 PM webapp.storage.AbstractStorage save
INFO: &amp#27;[32mSave e0cdd7cb-0087-4a18-9b48-a546cee2faa8(uuid300)
сент. 19, 2025 6:42:49 PM webapp.storage.AbstractStorage save
INFO: &amp#27;[32mSave 899c258f-1a58-4670-9877-09b0edd3f602(uuid301)
сент. 19, 2025 6:42:49 PM webapp.storage.AbstractStorage save
INFO: &amp#27;[32mSave 95898024-5d0b-4449-93e0-42b3c196efc9(uuid302)
сент. 19, 2025 6:42:49 PM webapp.storage.AbstractStorage save
INFO: &amp#27;[32mSave f0b3e31f-665b-4bb1-8cc1-0cc954f28e76(uuid303)
сент. 19, 2025 6:42:49 PM webapp.storage.AbstractStorage save
INFO: &amp#27;[32mSave a8f8a508-ebd4-4803-8c84-bd3181328820(uuid304)
сент. 19, 2025 6:42:49 PM webapp.storage.AbstractStorage save
INFO: &amp#27;[32mSave c6b1ae99-e0d9-48f6-9c9d-9c84af996b3f(uuid305)
сент. 19, 2025 6:42:49 PM webapp.storage.AbstractStorage save
INFO: &amp#27;[32mSave 38b02f67-3ca7-4e2e-825f-296e7168a4e2(uuid306)
сент. 19, 2025 6:42:49 PM webapp.storage.AbstractStorage save
INFO: &amp#27;[32mSave b3963bdc-1fc4-46c4-b9f1-759f9e6f43ec(uuid307)
сент. 19, 2025 6:42:49 PM webapp.storage.AbstractStorage save
INFO: &amp#27;[32mSave 84b06dc5-056b-43fa-a615-945aa0aa1bf8(uuid308)
сент. 19, 2025 6:42:49 PM webapp.storage.AbstractStorage save
INFO: &amp#27;[32mSave 5f4b7dbb-5904-4f12-9828-060027bf23cb(uuid309)
сент. 19, 2025 6:42:49 PM webapp.storage.AbstractStorage save
INFO: &amp#27;[32mSave f6408deb-5cb2-494d-9e70-d1159f6ebf6f(uuid310)
сент. 19, 2025 6:42:49 PM webapp.storage.AbstractStorage save
INFO: &amp#27;[32mSave 062659f6-de3b-4529-89a5-a721f4bf5bc1(uuid311)
сент. 19, 2025 6:42:49 PM webapp.storage.AbstractStorage save
INFO: &amp#27;[32mSave f7618c82-591c-41c5-bd7b-e35580755997(uuid312)
сент. 19, 2025 6:42:49 PM webapp.storage.AbstractStorage save
INFO: &amp#27;[32mSave 5529b1e8-56b1-4a79-837c-8a2fda7ac1e3(uuid313)
сент. 19, 2025 6:42:49 PM webapp.storage.AbstractStorage save
INFO: &amp#27;[32mSave 4e4706f9-b544-4573-a8d8-7ed0139ff825(uuid314)
сент. 19, 2025 6:42:49 PM webapp.storage.AbstractStorage save
INFO: &amp#27;[32mSave d2f721b2-2994-41d2-96bc-5d9cec96c43d(uuid315)
сент. 19, 2025 6:42:49 PM webapp.storage.AbstractStorage save
INFO: &amp#27;[32mSave dda8817e-8b1d-48d4-af2c-34f3fcc59358(uuid316)
сент. 19, 2025 6:42:49 PM webapp.storage.AbstractStorage save
INFO: &amp#27;[32mSave 686f8512-8524-46b8-ae0b-728e15ff4b29(uuid317)
сент. 19, 2025 6:42:49 PM webapp.storage.AbstractStorage save
INFO: &amp#27;[32mSave b36700e0-ad3b-450a-bd20-b68e323c06ba(uuid318)
сент. 19, 2025 6:42:49 PM webapp.storage.AbstractStorage save
INFO: &amp#27;[32mSave 57f8b574-be4e-41bf-bd14-6d4709692844(uuid319)
сент. 19, 2025 6:42:49 PM webapp.storage.AbstractStorage save
INFO: &amp#27;[32mSave 1e931951-e8e0-4d2c-9eb1-54fea10f1290(uuid320)
сент. 19, 2025 6:42:49 PM webapp.storage.AbstractStorage save
INFO: &amp#27;[32mSave 5b262923-7b0e-4481-bfbb-0e3397434603(uuid321)
сент. 19, 2025 6:42:49 PM webapp.storage.AbstractStorage save
INFO: &amp#27;[32mSave 9a6c9e56-76bb-43d1-89e4-67ccf3e0758d(uuid322)
сент. 19, 2025 6:42:49 PM webapp.storage.AbstractStorage save
INFO: &amp#27;[32mSave bcd170a9-ce82-4843-a384-8f51cbe4fe01(uuid323)
сент. 19, 2025 6:42:49 PM webapp.storage.AbstractStorage save
INFO: &amp#27;[32mSave fdaa642b-0c0d-4c7b-87af-e8852f706a4e(uuid324)
сент. 19, 2025 6:42:49 PM webapp.storage.AbstractStorage save
INFO: &amp#27;[32mSave ef6ce252-c428-4b53-afdb-8fe78c57637f(uuid325)
сент. 19, 2025 6:42:49 PM webapp.storage.AbstractStorage save
INFO: &amp#27;[32mSave 3cbb8f70-e168-4618-baf8-bd199dc32362(uuid326)
сент. 19, 2025 6:42:49 PM webapp.storage.AbstractStorage save
INFO: &amp#27;[32mSave 1b7ec8b7-a41b-496a-90a4-cd829fd50435(uuid327)
сент. 19, 2025 6:42:49 PM webapp.storage.AbstractStorage save
INFO: &amp#27;[32mSave dd44e468-ab52-47b1-abbb-b20db322022f(uuid328)
сент. 19, 2025 6:42:49 PM webapp.storage.AbstractStorage save
INFO: &amp#27;[32mSave 871809d5-ac56-4656-ad86-25466f6c727c(uuid329)
сент. 19, 2025 6:42:49 PM webapp.storage.AbstractStorage save
INFO: &amp#27;[32mSave 5330d5e1-0ca4-404c-a435-cf3a355dc067(uuid330)
сент. 19, 2025 6:42:49 PM webapp.storage.AbstractStorage save
INFO: &amp#27;[32mSave ada15d9c-a1fa-4fe1-aa24-eef51946d9fb(uuid331)
сент. 19, 2025 6:42:49 PM webapp.storage.AbstractStorage save
INFO: &amp#27;[32mSave 6ef71b2c-79d2-4f37-8e02-0d75709dd1c3(uuid332)
сент. 19, 2025 6:42:49 PM webapp.storage.AbstractStorage save
INFO: &amp#27;[32mSave d9bde86b-6053-4715-9e5f-c62300789c8a(uuid333)
сент. 19, 2025 6:42:49 PM webapp.storage.AbstractStorage save
INFO: &amp#27;[32mSave e7a95435-9a37-44a5-ae59-372c04da3102(uuid334)
сент. 19, 2025 6:42:49 PM webapp.storage.AbstractStorage save
INFO: &amp#27;[32mSave f781bc38-6702-4ec6-8764-c6a84e9a813d(uuid335)
сент. 19, 2025 6:42:49 PM webapp.storage.AbstractStorage save
INFO: &amp#27;[32mSave c67ec1e2-6468-4d10-8047-c0c9550c9c64(uuid336)
сент. 19, 2025 6:42:49 PM webapp.storage.AbstractStorage save
INFO: &amp#27;[32mSave a554d691-0b20-42db-96f5-68dc7cee007b(uuid337)
сент. 19, 2025 6:42:49 PM webapp.storage.AbstractStorage save
INFO: &amp#27;[32mSave f0906e1b-8a27-485b-a011-00746f0536db(uuid338)
сент. 19, 2025 6:42:49 PM webapp.storage.AbstractStorage save
INFO: &amp#27;[32mSave dc2fdd8e-343c-4d26-bf8f-1ffa2d8a5cb6(uuid339)
сент. 19, 2025 6:42:49 PM webapp.storage.AbstractStorage save
INFO: &amp#27;[32mSave ebc4ded9-8360-4b53-95a1-759ef8438b2f(uuid340)
сент. 19, 2025 6:42:49 PM webapp.storage.AbstractStorage save
INFO: &amp#27;[32mSave 7f2832a1-3845-4a09-bd62-f3e9de7759dc(uuid341)
сент. 19, 2025 6:42:49 PM webapp.storage.AbstractStorage save
INFO: &amp#27;[32mSave 40d75d19-4c7c-40b8-bbbf-fc2034d09eed(uuid342)
сент. 19, 2025 6:42:49 PM webapp.storage.AbstractStorage save
INFO: &amp#27;[32mSave 4a3ba610-6d6e-403b-b9c9-6c86a3b81dfe(uuid343)
сент. 19, 2025 6:42:49 PM webapp.storage.AbstractStorage save
INFO: &amp#27;[32mSave a453353e-96b7-4e98-ba56-5cbb77bd69bb(uuid344)
сент. 19, 2025 6:42:49 PM webapp.storage.AbstractStorage save
INFO: &amp#27;[32mSave 08725b93-1fe0-45e1-9c39-8119a5519ff8(uuid345)
сент. 19, 2025 6:42:49 PM webapp.storage.AbstractStorage save
INFO: &amp#27;[32mSave 30e02ad9-2cfd-4704-81ad-fc35d424bf5f(uuid346)
сент. 19, 2025 6:42:49 PM webapp.storage.AbstractStorage save
INFO: &amp#27;[32mSave 0dc05460-6ddc-4650-a741-ea0460b95ba3(uuid347)
сент. 19, 2025 6:42:49 PM webapp.storage.AbstractStorage save
INFO: &amp#27;[32mSave 3b4bd990-5479-4f70-9a91-fba801bdddd5(uuid348)
сент. 19, 2025 6:42:49 PM webapp.storage.AbstractStorage save
INFO: &amp#27;[32mSave e72294b3-6db6-4e17-ad66-1f1864d0e841(uuid349)
сент. 19, 2025 6:42:49 PM webapp.storage.AbstractStorage save
INFO: &amp#27;[32mSave 250439ef-70ad-447b-9095-3cd144f3cf94(uuid350)
сент. 19, 2025 6:42:49 PM webapp.storage.AbstractStorage save
INFO: &amp#27;[32mSave bad1f074-179a-4a32-9a6c-f8b49448dfc8(uuid351)
сент. 19, 2025 6:42:49 PM webapp.storage.AbstractStorage save
INFO: &amp#27;[32mSave d9c6ba4b-89f0-4315-90d2-a23b85bd9ec7(uuid352)
сент. 19, 2025 6:42:49 PM webapp.storage.AbstractStorage save
INFO: &amp#27;[32mSave 7cb89a73-8f29-4414-92d7-3a7846a723de(uuid353)
сент. 19, 2025 6:42:49 PM webapp.storage.AbstractStorage save
INFO: &amp#27;[32mSave cff1d46b-2519-4587-aa3f-df3df5d3d486(uuid354)
сент. 19, 2025 6:42:49 PM webapp.storage.AbstractStorage save
INFO: &amp#27;[32mSave bc21ef83-41fe-46e5-8532-5bd703a35a4d(uuid355)
сент. 19, 2025 6:42:49 PM webapp.storage.AbstractStorage save
INFO: &amp#27;[32mSave dcd06c72-74ee-455c-80af-bb74347cc0bc(uuid356)
сент. 19, 2025 6:42:49 PM webapp.storage.AbstractStorage save
INFO: &amp#27;[32mSave eee9e5da-94da-474a-93b1-5a59e8ec1287(uuid357)
сент. 19, 2025 6:42:49 PM webapp.storage.AbstractStorage save
INFO: &amp#27;[32mSave 1a203329-0d2d-4cf8-926d-2567707bcf56(uuid358)
сент. 19, 2025 6:42:49 PM webapp.storage.AbstractStorage save
INFO: &amp#27;[32mSave ed876131-f198-4684-b6cb-9edb96db1165(uuid359)
сент. 19, 2025 6:42:49 PM webapp.storage.AbstractStorage save
INFO: &amp#27;[32mSave d82853f0-60eb-4ad9-96d9-0e44857600fb(uuid360)
сент. 19, 2025 6:42:49 PM webapp.storage.AbstractStorage save
INFO: &amp#27;[32mSave 4cad8d1a-3269-42c7-a298-2e88bc4b9c8c(uuid361)
сент. 19, 2025 6:42:49 PM webapp.storage.AbstractStorage save
INFO: &amp#27;[32mSave e5716c74-3049-48ee-91eb-47f2d6537327(uuid362)
сент. 19, 2025 6:42:49 PM webapp.storage.AbstractStorage save
INFO: &amp#27;[32mSave 420058fc-c532-4232-bcf9-fc01bf9221e1(uuid363)
сент. 19, 2025 6:42:49 PM webapp.storage.AbstractStorage save
INFO: &amp#27;[32mSave 6d6a02d9-c16d-4ba9-931a-0bc502b636d0(uuid364)
сент. 19, 2025 6:42:49 PM webapp.storage.AbstractStorage save
INFO: &amp#27;[32mSave f8e6df95-630e-4f23-a167-f4f5bf095a19(uuid365)
сент. 19, 2025 6:42:49 PM webapp.storage.AbstractStorage save
INFO: &amp#27;[32mSave 4b76a46f-5dc7-4b64-8a4b-6b31f2ff590b(uuid366)
сент. 19, 2025 6:42:49 PM webapp.storage.AbstractStorage save
INFO: &amp#27;[32mSave 1d7fd713-72b4-4fa9-b046-9835050db014(uuid367)
сент. 19, 2025 6:42:49 PM webapp.storage.AbstractStorage save
INFO: &amp#27;[32mSave e4e1de22-9a58-466f-be9f-0f46b3ab68d3(uuid368)
сент. 19, 2025 6:42:49 PM webapp.storage.AbstractStorage save
INFO: &amp#27;[32mSave f4481091-9d94-4b9c-adb3-55762f7e8158(uuid369)
сент. 19, 2025 6:42:49 PM webapp.storage.AbstractStorage save
INFO: &amp#27;[32mSave 78a8b338-2630-4dc3-9249-305c53455b66(uuid370)
сент. 19, 2025 6:42:49 PM webapp.storage.AbstractStorage save
INFO: &amp#27;[32mSave 28ccc983-c51a-4bb8-8e67-c88bca09bfd4(uuid371)
сент. 19, 2025 6:42:49 PM webapp.storage.AbstractStorage save
INFO: &amp#27;[32mSave a58bcb52-0320-4205-a7a5-13488965fdaa(uuid372)
сент. 19, 2025 6:42:49 PM webapp.storage.AbstractStorage save
INFO: &amp#27;[32mSave 9be8a2d6-4cc1-42e4-9535-29491ff96847(uuid373)
сент. 19, 2025 6:42:49 PM webapp.storage.AbstractStorage save
INFO: &amp#27;[32mSave af829fdf-ca33-452b-a07d-1acdb7595271(uuid374)
сент. 19, 2025 6:42:49 PM webapp.storage.AbstractStorage save
INFO: &amp#27;[32mSave 9906b86d-9b26-444c-a7f5-bcc7e89bc64f(uuid375)
сент. 19, 2025 6:42:49 PM webapp.storage.AbstractStorage save
INFO: &amp#27;[32mSave 0a20c0a8-fe03-4e96-9edc-f6f4e7f7a788(uuid376)
сент. 19, 2025 6:42:49 PM webapp.storage.AbstractStorage save
INFO: &amp#27;[32mSave f3258c6b-c3f9-45f2-910e-df4e3d86a013(uuid377)
сент. 19, 2025 6:42:49 PM webapp.storage.AbstractStorage save
INFO: &amp#27;[32mSave 92fce1f5-6ea4-43b4-ac82-618dccd9598b(uuid378)
сент. 19, 2025 6:42:49 PM webapp.storage.AbstractStorage save
INFO: &amp#27;[32mSave 9da177a1-669d-4df9-b700-464be4d87594(uuid379)
сент. 19, 2025 6:42:49 PM webapp.storage.AbstractStorage save
INFO: &amp#27;[32mSave 99dce759-3409-4f04-a209-aac5df523cd6(uuid380)
сент. 19, 2025 6:42:49 PM webapp.storage.AbstractStorage save
INFO: &amp#27;[32mSave d35ae32c-3674-4020-ba69-1de3c52cc7d0(uuid381)
сент. 19, 2025 6:42:49 PM webapp.storage.AbstractStorage save
INFO: &amp#27;[32mSave 0623843c-57b6-445a-8341-a38b4c3f77bf(uuid382)
сент. 19, 2025 6:42:49 PM webapp.storage.AbstractStorage save
INFO: &amp#27;[32mSave 5a637008-121c-406a-b49c-d4370ee83a00(uuid383)
сент. 19, 2025 6:42:49 PM webapp.storage.AbstractStorage save
INFO: &amp#27;[32mSave eb06a59a-7197-404f-99e0-1a6d748727ec(uuid384)
сент. 19, 2025 6:42:49 PM webapp.storage.AbstractStorage save
INFO: &amp#27;[32mSave c6914d49-c5e4-45df-adc8-bd60a07949e6(uuid385)
сент. 19, 2025 6:42:49 PM webapp.storage.AbstractStorage save
INFO: &amp#27;[32mSave 8aae64c9-923d-4cc1-b704-26129b6fa4c5(uuid386)
сент. 19, 2025 6:42:49 PM webapp.storage.AbstractStorage save
INFO: &amp#27;[32mSave ffbbd628-bb5a-484d-9d15-0e63609a1337(uuid387)
сент. 19, 2025 6:42:49 PM webapp.storage.AbstractStorage save
INFO: &amp#27;[32mSave 95255783-8918-4f44-94f3-fcfb07173e29(uuid388)
сент. 19, 2025 6:42:49 PM webapp.storage.AbstractStorage save
INFO: &amp#27;[32mSave a8f8f499-1c3b-4ed4-baac-4833323dc5a1(uuid389)
сент. 19, 2025 6:42:49 PM webapp.storage.AbstractStorage save
INFO: &amp#27;[32mSave a1eb4f11-6d6c-4ffe-87a4-5ff5481b0ceb(uuid390)
сент. 19, 2025 6:42:49 PM webapp.storage.AbstractStorage save
INFO: &amp#27;[32mSave 8a3b793c-59b2-49d4-8c09-2c77ce7aa17b(uuid391)
сент. 19, 2025 6:42:49 PM webapp.storage.AbstractStorage save
INFO: &amp#27;[32mSave da6ee255-305b-4101-8737-60b256400b2b(uuid392)
сент. 19, 2025 6:42:49 PM webapp.storage.AbstractStorage save
INFO: &amp#27;[32mSave 4bf4f6e3-2fdc-4ad5-8927-96e26a51f445(uuid393)
сент. 19, 2025 6:42:49 PM webapp.storage.AbstractStorage save
INFO: &amp#27;[32mSave 4d1e8ecc-a6f3-4874-8275-4536fe981a55(uuid394)
сент. 19, 2025 6:42:49 PM webapp.storage.AbstractStorage save
INFO: &amp#27;[32mSave 4f7ac1a4-fa4e-49a5-9920-536a77dda717(uuid395)
сент. 19, 2025 6:42:49 PM webapp.storage.AbstractStorage save
INFO: &amp#27;[32mSave 4b4217eb-fce3-4385-aaab-b6417bf1eebc(uuid396)
сент. 19, 2025 6:42:49 PM webapp.storage.AbstractStorage save
INFO: &amp#27;[32mSave 1d89b9f0-d411-416a-b52b-2d1a340e3d8e(uuid397)
сент. 19, 2025 6:42:49 PM webapp.storage.AbstractStorage save
INFO: &amp#27;[32mSave a497ea75-5a38-4b4c-9d56-c122f849dc11(uuid398)
сент. 19, 2025 6:42:49 PM webapp.storage.AbstractStorage save
INFO: &amp#27;[32mSave 34ba1ecc-9742-4c4c-b7c7-2090d3d654a6(uuid399)
сент. 19, 2025 6:42:49 PM webapp.storage.AbstractStorage save
INFO: &amp#27;[32mSave 14653ccc-c8e6-4f04-a4e9-5f18560c410d(uuid400)
сент. 19, 2025 6:42:49 PM webapp.storage.AbstractStorage save
INFO: &amp#27;[32mSave ab3396c8-0d9b-4bc6-ab2b-3d4b903be4a6(uuid401)
сент. 19, 2025 6:42:49 PM webapp.storage.AbstractStorage save
INFO: &amp#27;[32mSave 00612e7e-8e05-4795-9643-20415280ddfa(uuid402)
сент. 19, 2025 6:42:49 PM webapp.storage.AbstractStorage save
INFO: &amp#27;[32mSave 1701badb-9915-4ad6-a1d9-681e054f712d(uuid403)
сент. 19, 2025 6:42:49 PM webapp.storage.AbstractStorage save
INFO: &amp#27;[32mSave 96a40abc-2b54-44ba-b6b3-68f74f0beacf(uuid404)
сент. 19, 2025 6:42:49 PM webapp.storage.AbstractStorage save
INFO: &amp#27;[32mSave d3390e58-4419-415a-ac65-fb9a79660665(uuid405)
сент. 19, 2025 6:42:49 PM webapp.storage.AbstractStorage save
INFO: &amp#27;[32mSave c4844e84-502d-4e03-87da-e00067988bdc(uuid406)
сент. 19, 2025 6:42:49 PM webapp.storage.AbstractStorage save
INFO: &amp#27;[32mSave d69d763e-99c5-4581-b930-c53e83ac2a9a(uuid407)
сент. 19, 2025 6:42:49 PM webapp.storage.AbstractStorage save
INFO: &amp#27;[32mSave d8444b44-b09b-4585-99dc-076f68d80bbb(uuid408)
сент. 19, 2025 6:42:49 PM webapp.storage.AbstractStorage save
INFO: &amp#27;[32mSave 41cd1fa1-7a9b-4008-af8c-b3afef044311(uuid409)
сент. 19, 2025 6:42:49 PM webapp.storage.AbstractStorage save
INFO: &amp#27;[32mSave 8c0797b6-a47e-491e-b9f0-8f4e9a96e51b(uuid410)
сент. 19, 2025 6:42:49 PM webapp.storage.AbstractStorage save
INFO: &amp#27;[32mSave f9aed7d7-51b0-4502-9aa5-2deb8160ec3d(uuid411)
сент. 19, 2025 6:42:49 PM webapp.storage.AbstractStorage save
INFO: &amp#27;[32mSave 3d38bed7-b393-4893-b7e6-a326f97249bc(uuid412)
сент. 19, 2025 6:42:49 PM webapp.storage.AbstractStorage save
INFO: &amp#27;[32mSave d868dd16-1bac-453b-ba0e-ce59fe3b8205(uuid413)
сент. 19, 2025 6:42:49 PM webapp.storage.AbstractStorage save
INFO: &amp#27;[32mSave 63922916-93ba-4839-895b-3d923dfe6434(uuid414)
сент. 19, 2025 6:42:49 PM webapp.storage.AbstractStorage save
INFO: &amp#27;[32mSave d2e7f7d4-bc43-43ba-8754-53148f32bfb6(uuid415)
сент. 19, 2025 6:42:49 PM webapp.storage.AbstractStorage save
INFO: &amp#27;[32mSave 09b62f4d-ea46-4b00-bfd3-a609166d9a79(uuid416)
сент. 19, 2025 6:42:49 PM webapp.storage.AbstractStorage save
INFO: &amp#27;[32mSave 80240b72-de66-4267-999d-a2722959a098(uuid417)
сент. 19, 2025 6:42:49 PM webapp.storage.AbstractStorage save
INFO: &amp#27;[32mSave 73ec90e0-3282-46fe-981e-b47ce648af6c(uuid418)
сент. 19, 2025 6:42:49 PM webapp.storage.AbstractStorage save
INFO: &amp#27;[32mSave a3bb5ea6-2495-4fd1-b6e6-b4237d43a8c4(uuid419)
сент. 19, 2025 6:42:49 PM webapp.storage.AbstractStorage save
INFO: &amp#27;[32mSave 910d4e49-d665-4224-8f03-453ec5b26274(uuid420)
сент. 19, 2025 6:42:49 PM webapp.storage.AbstractStorage save
INFO: &amp#27;[32mSave 51d9f9b6-ab16-4ae7-b756-c79271e7560e(uuid421)
сент. 19, 2025 6:42:49 PM webapp.storage.AbstractStorage save
INFO: &amp#27;[32mSave fa8d14c2-7741-403b-820f-532172fa3a85(uuid422)
сент. 19, 2025 6:42:49 PM webapp.storage.AbstractStorage save
INFO: &amp#27;[32mSave 27547bf5-4591-4e15-9618-fd5211412ef9(uuid423)
сент. 19, 2025 6:42:49 PM webapp.storage.AbstractStorage save
INFO: &amp#27;[32mSave 4ad59a36-138e-48e7-b352-457a44442b18(uuid424)
сент. 19, 2025 6:42:49 PM webapp.storage.AbstractStorage save
INFO: &amp#27;[32mSave 8332e1c0-f493-45e6-81d7-59904a0e1efd(uuid425)
сент. 19, 2025 6:42:49 PM webapp.storage.AbstractStorage save
INFO: &amp#27;[32mSave dc48a1a2-5fcb-4fc4-acb6-4c006723b5a3(uuid426)
сент. 19, 2025 6:42:49 PM webapp.storage.AbstractStorage save
INFO: &amp#27;[32mSave 7177d0f2-1a86-4fe9-ba72-27efc92b008c(uuid427)
сент. 19, 2025 6:42:49 PM webapp.storage.AbstractStorage save
INFO: &amp#27;[32mSave ef9d7c99-870b-495c-a39f-434f53e54f60(uuid428)
сент. 19, 2025 6:42:49 PM webapp.storage.AbstractStorage save
INFO: &amp#27;[32mSave 398c84bb-5ca9-4cf3-a694-39eb93b035bd(uuid429)
сент. 19, 2025 6:42:49 PM webapp.storage.AbstractStorage save
INFO: &amp#27;[32mSave 34853888-850a-42ee-b5f3-dfb74d52d730(uuid430)
сент. 19, 2025 6:42:49 PM webapp.storage.AbstractStorage save
INFO: &amp#27;[32mSave d9544be5-6609-4c13-bccc-035d95129d2f(uuid431)
сент. 19, 2025 6:42:49 PM webapp.storage.AbstractStorage save
INFO: &amp#27;[32mSave 3d8b7ed9-410e-4daa-908c-add1577fed73(uuid432)
сент. 19, 2025 6:42:49 PM webapp.storage.AbstractStorage save
INFO: &amp#27;[32mSave 6a2b65ec-c9b9-4447-bab1-a811f1d2f0bc(uuid433)
сент. 19, 2025 6:42:49 PM webapp.storage.AbstractStorage save
INFO: &amp#27;[32mSave f1a554b6-5c70-46d7-8fb5-6cec5f25f0fc(uuid434)
сент. 19, 2025 6:42:49 PM webapp.storage.AbstractStorage save
INFO: &amp#27;[32mSave 049f0b8c-bb97-4f4f-a43d-dd9afb74e8a0(uuid435)
сент. 19, 2025 6:42:49 PM webapp.storage.AbstractStorage save
INFO: &amp#27;[32mSave 5c29f7a5-ae55-43a5-8948-03e66cc57b99(uuid436)
сент. 19, 2025 6:42:49 PM webapp.storage.AbstractStorage save
INFO: &amp#27;[32mSave f43a4dee-1626-4ff9-a561-4e89d0264399(uuid437)
сент. 19, 2025 6:42:49 PM webapp.storage.AbstractStorage save
INFO: &amp#27;[32mSave a447c83f-f125-4c99-a4e2-3d716764da55(uuid438)
сент. 19, 2025 6:42:49 PM webapp.storage.AbstractStorage save
INFO: &amp#27;[32mSave 435b0dc3-a487-40c1-89ff-c2f10b1ce2a5(uuid439)
сент. 19, 2025 6:42:49 PM webapp.storage.AbstractStorage save
INFO: &amp#27;[32mSave 1479a99e-3301-4954-a21d-cbee56b31c97(uuid440)
сент. 19, 2025 6:42:49 PM webapp.storage.AbstractStorage save
INFO: &amp#27;[32mSave 7d74e9ba-35c1-4feb-b8d5-e5d8cceac5da(uuid441)
сент. 19, 2025 6:42:49 PM webapp.storage.AbstractStorage save
INFO: &amp#27;[32mSave 8db80e17-e328-4912-a3e5-f77c05b7805d(uuid442)
сент. 19, 2025 6:42:49 PM webapp.storage.AbstractStorage save
INFO: &amp#27;[32mSave d4b43dca-ddef-46ac-8867-bffd837caff7(uuid443)
сент. 19, 2025 6:42:49 PM webapp.storage.AbstractStorage save
INFO: &amp#27;[32mSave 34d4bd3a-08aa-4a50-962f-a33701aed406(uuid444)
сент. 19, 2025 6:42:49 PM webapp.storage.AbstractStorage save
INFO: &amp#27;[32mSave bdbed4d2-4430-4972-84c2-6098af392dcd(uuid445)
сент. 19, 2025 6:42:49 PM webapp.storage.AbstractStorage save
INFO: &amp#27;[32mSave 4ec3f04f-c3fd-469d-b0c7-d6283b4773c2(uuid446)
сент. 19, 2025 6:42:49 PM webapp.storage.AbstractStorage save
INFO: &amp#27;[32mSave 981fd5f8-2754-43a6-8225-4a2e99f78fb7(uuid447)
сент. 19, 2025 6:42:49 PM webapp.storage.AbstractStorage save
INFO: &amp#27;[32mSave 6a14282a-bf98-4a70-b53c-28a71a7964d5(uuid448)
сент. 19, 2025 6:42:49 PM webapp.storage.AbstractStorage save
INFO: &amp#27;[32mSave 154f1659-6a09-4703-ade1-22a1a5fe5d09(uuid449)
сент. 19, 2025 6:42:49 PM webapp.storage.AbstractStorage save
INFO: &amp#27;[32mSave 6c44c672-4ea9-42e3-93f0-d8a2e8652e8f(uuid450)
сент. 19, 2025 6:42:49 PM webapp.storage.AbstractStorage save
INFO: &amp#27;[32mSave 9f0aa7b2-a47c-40cf-8973-8441770cf7b0(uuid451)
сент. 19, 2025 6:42:49 PM webapp.storage.AbstractStorage save
INFO: &amp#27;[32mSave 93c818ba-53d0-4691-b598-4d8f9df3060e(uuid452)
сент. 19, 2025 6:42:49 PM webapp.storage.AbstractStorage save
INFO: &amp#27;[32mSave ccc82db8-a038-43e2-826c-3e2ad754b834(uuid453)
сент. 19, 2025 6:42:49 PM webapp.storage.AbstractStorage save
INFO: &amp#27;[32mSave ae5917af-a641-4ee7-b0da-82ca788903d2(uuid454)
сент. 19, 2025 6:42:49 PM webapp.storage.AbstractStorage save
INFO: &amp#27;[32mSave 1758b0ad-e8fe-472c-bacc-edc396a38141(uuid455)
сент. 19, 2025 6:42:49 PM webapp.storage.AbstractStorage save
INFO: &amp#27;[32mSave da4acc1a-3fd1-4a51-814d-465d869b9271(uuid456)
сент. 19, 2025 6:42:49 PM webapp.storage.AbstractStorage save
INFO: &amp#27;[32mSave 3178fcc5-480c-4090-9b41-1c9a472f1970(uuid457)
сент. 19, 2025 6:42:49 PM webapp.storage.AbstractStorage save
INFO: &amp#27;[32mSave 56661dc8-0dbe-42b8-9c00-a011df493a16(uuid458)
сент. 19, 2025 6:42:49 PM webapp.storage.AbstractStorage save
INFO: &amp#27;[32mSave 53619375-6e32-41cb-882e-ec688ca1a072(uuid459)
сент. 19, 2025 6:42:49 PM webapp.storage.AbstractStorage save
INFO: &amp#27;[32mSave 94e75725-4977-4f25-9444-fc93f5926212(uuid460)
сент. 19, 2025 6:42:49 PM webapp.storage.AbstractStorage save
INFO: &amp#27;[32mSave f7179cd8-d780-413f-97a2-7c08adefa09d(uuid461)
сент. 19, 2025 6:42:49 PM webapp.storage.AbstractStorage save
INFO: &amp#27;[32mSave 93977d38-c78b-490c-b072-ea03c971e3e3(uuid462)
сент. 19, 2025 6:42:49 PM webapp.storage.AbstractStorage save
INFO: &amp#27;[32mSave 592b2c6f-573d-42c7-abf9-d9a0ca2e0db4(uuid463)
сент. 19, 2025 6:42:49 PM webapp.storage.AbstractStorage save
INFO: &amp#27;[32mSave 7d9481d3-0b5e-4cc9-9811-336098b0d46f(uuid464)
сент. 19, 2025 6:42:49 PM webapp.storage.AbstractStorage save
INFO: &amp#27;[32mSave 335f49e4-8de7-4896-8016-15eeead655ee(uuid465)
сент. 19, 2025 6:42:49 PM webapp.storage.AbstractStorage save
INFO: &amp#27;[32mSave 048cf3ba-3c2c-4ce5-ab9d-f20347aafb15(uuid466)
сент. 19, 2025 6:42:49 PM webapp.storage.AbstractStorage save
INFO: &amp#27;[32mSave e89e16d9-6494-463d-9eb6-6c44e1c5bf8a(uuid467)
сент. 19, 2025 6:42:49 PM webapp.storage.AbstractStorage save
INFO: &amp#27;[32mSave 47da5af9-213e-4377-9f4c-71a2e46f9559(uuid468)
сент. 19, 2025 6:42:49 PM webapp.storage.AbstractStorage save
INFO: &amp#27;[32mSave 516f8df7-8514-4fa6-9a74-9eda2011c3cf(uuid469)
сент. 19, 2025 6:42:49 PM webapp.storage.AbstractStorage save
INFO: &amp#27;[32mSave cd0fad99-f8a6-41c8-8324-4c88e658aa9c(uuid470)
сент. 19, 2025 6:42:49 PM webapp.storage.AbstractStorage save
INFO: &amp#27;[32mSave 808efd83-1f7e-40de-8075-94873f97f5d6(uuid471)
сент. 19, 2025 6:42:49 PM webapp.storage.AbstractStorage save
INFO: &amp#27;[32mSave 43c4445c-c231-4227-ae2c-81fa7a9d1f33(uuid472)
сент. 19, 2025 6:42:49 PM webapp.storage.AbstractStorage save
INFO: &amp#27;[32mSave 8851b4d8-470c-4434-a4d2-a7c3dd9a89a0(uuid473)
сент. 19, 2025 6:42:49 PM webapp.storage.AbstractStorage save
INFO: &amp#27;[32mSave 715651bf-7671-42dc-914b-470d1d4edc35(uuid474)
сент. 19, 2025 6:42:49 PM webapp.storage.AbstractStorage save
INFO: &amp#27;[32mSave 18bd9813-bcd6-480d-b1aa-5a1978af9315(uuid475)
сент. 19, 2025 6:42:49 PM webapp.storage.AbstractStorage save
INFO: &amp#27;[32mSave 61f3d5dc-ec39-44f0-b07e-7c598a5bb8fb(uuid476)
сент. 19, 2025 6:42:49 PM webapp.storage.AbstractStorage save
INFO: &amp#27;[32mSave e54d0286-e194-40c4-b73b-2f4a9aae5961(uuid477)
сент. 19, 2025 6:42:49 PM webapp.storage.AbstractStorage save
INFO: &amp#27;[32mSave 0fb8ab92-2462-469f-938c-2af669517764(uuid478)
сент. 19, 2025 6:42:49 PM webapp.storage.AbstractStorage save
INFO: &amp#27;[32mSave 9c2ee155-fd77-4124-bfbc-f94d27a3a1fa(uuid479)
сент. 19, 2025 6:42:49 PM webapp.storage.AbstractStorage save
INFO: &amp#27;[32mSave 01be3f40-87e0-4beb-b728-4c922bb980f9(uuid480)
сент. 19, 2025 6:42:49 PM webapp.storage.AbstractStorage save
INFO: &amp#27;[32mSave ddc9db6b-a35f-40a4-aabb-a5f9acd4810f(uuid481)
сент. 19, 2025 6:42:49 PM webapp.storage.AbstractStorage save
INFO: &amp#27;[32mSave f7cec5a1-fdb6-40c1-a04e-6aed52d578ad(uuid482)
сент. 19, 2025 6:42:49 PM webapp.storage.AbstractStorage save
INFO: &amp#27;[32mSave 37e0d92c-cff2-4ac9-87ef-66fdf26f42d1(uuid483)
сент. 19, 2025 6:42:49 PM webapp.storage.AbstractStorage save
INFO: &amp#27;[32mSave a6a66c96-536c-45c3-8454-676530e4f015(uuid484)
сент. 19, 2025 6:42:49 PM webapp.storage.AbstractStorage save
INFO: &amp#27;[32mSave 7a500e7e-70d2-4de9-92b9-90de2ef28197(uuid485)
сент. 19, 2025 6:42:49 PM webapp.storage.AbstractStorage save
INFO: &amp#27;[32mSave 5df6dac0-29cd-4132-af0a-f278a43550d2(uuid486)
сент. 19, 2025 6:42:49 PM webapp.storage.AbstractStorage save
INFO: &amp#27;[32mSave 2b5c0467-0290-4da2-82d9-a5e0b5aa17ad(uuid487)
сент. 19, 2025 6:42:49 PM webapp.storage.AbstractStorage save
INFO: &amp#27;[32mSave 970c0d71-c1f6-45d2-bf76-914aeaca18fc(uuid488)
сент. 19, 2025 6:42:49 PM webapp.storage.AbstractStorage save
INFO: &amp#27;[32mSave 646536be-de0e-4eee-99bf-a33fed923415(uuid489)
сент. 19, 2025 6:42:49 PM webapp.storage.AbstractStorage save
INFO: &amp#27;[32mSave 6b335a14-34b6-4f30-b83f-a680cab567c3(uuid490)
сент. 19, 2025 6:42:49 PM webapp.storage.AbstractStorage save
INFO: &amp#27;[32mSave 1ebc7828-075d-4b5f-9844-ea2bd932e259(uuid491)
сент. 19, 2025 6:42:49 PM webapp.storage.AbstractStorage save
INFO: &amp#27;[32mSave f27e0f4b-4d14-47ee-b945-124d2a2e2f4a(uuid492)
сент. 19, 2025 6:42:49 PM webapp.storage.AbstractStorage save
INFO: &amp#27;[32mSave 1b5564b6-20da-4f92-b8b0-002e36885f7f(uuid493)
сент. 19, 2025 6:42:49 PM webapp.storage.AbstractStorage save
INFO: &amp#27;[32mSave e2f2819a-ac34-4ea1-b28b-03eb12baf944(uuid494)
сент. 19, 2025 6:42:49 PM webapp.storage.AbstractStorage save
INFO: &amp#27;[32mSave c64d6510-0a9c-4808-b888-d7308a5827ef(uuid495)
сент. 19, 2025 6:42:49 PM webapp.storage.AbstractStorage save
INFO: &amp#27;[32mSave fee02b1e-6ba6-4609-919e-bb23ecdf5915(uuid496)
сент. 19, 2025 6:42:49 PM webapp.storage.AbstractStorage save
INFO: &amp#27;[32mSave 3727259e-93b5-4ccf-925a-bb2e9f97134a(uuid497)
сент. 19, 2025 6:42:49 PM webapp.storage.AbstractStorage save
INFO: &amp#27;[32mSave 783ae25a-aaee-4658-ac27-656a470f0de2(uuid498)
сент. 19, 2025 6:42:49 PM webapp.storage.AbstractStorage save
INFO: &amp#27;[32mSave 60d93b3f-7b0c-4902-b266-828b382c1539(uuid499)
сент. 19, 2025 6:42:49 PM webapp.storage.AbstractStorage save
INFO: &amp#27;[32mSave 132e65ec-1fa9-4747-84d9-a0716961a68f(uuid500)
сент. 19, 2025 6:42:49 PM webapp.storage.AbstractStorage save
INFO: &amp#27;[32mSave eee56925-d53b-4714-a61a-98c4214855e6(uuid501)
сент. 19, 2025 6:42:49 PM webapp.storage.AbstractStorage save
INFO: &amp#27;[32mSave 3d0848c4-5feb-4d77-8b56-7827b4def27e(uuid502)
сент. 19, 2025 6:42:49 PM webapp.storage.AbstractStorage save
INFO: &amp#27;[32mSave c66484c8-ca18-4353-9229-c01ce0b1c2e3(uuid503)
сент. 19, 2025 6:42:49 PM webapp.storage.AbstractStorage save
INFO: &amp#27;[32mSave cf3eebc8-8fa0-4e95-a305-cbf7289c35ce(uuid504)
сент. 19, 2025 6:42:49 PM webapp.storage.AbstractStorage save
INFO: &amp#27;[32mSave 54f3c740-d798-492c-b465-43df46b361db(uuid505)
сент. 19, 2025 6:42:49 PM webapp.storage.AbstractStorage save
INFO: &amp#27;[32mSave b7f2a2da-9d3f-4ac3-ac76-5e8c484ed95a(uuid506)
сент. 19, 2025 6:42:49 PM webapp.storage.AbstractStorage save
INFO: &amp#27;[32mSave 3f9c1b65-95c0-4fa3-b8f6-5ccfa128f3d6(uuid507)
сент. 19, 2025 6:42:49 PM webapp.storage.AbstractStorage save
INFO: &amp#27;[32mSave ff649139-ad60-44ee-a7d2-296f9d3b10d4(uuid508)
сент. 19, 2025 6:42:49 PM webapp.storage.AbstractStorage save
INFO: &amp#27;[32mSave 9024d9fd-4fda-4979-b419-91f2f4d045a3(uuid509)
сент. 19, 2025 6:42:49 PM webapp.storage.AbstractStorage save
INFO: &amp#27;[32mSave 7727af47-d4b4-4ffe-81f3-c8e9376e8944(uuid510)
сент. 19, 2025 6:42:49 PM webapp.storage.AbstractStorage save
INFO: &amp#27;[32mSave 67077f34-abf7-441f-a292-42b2a94827b4(uuid511)
сент. 19, 2025 6:42:49 PM webapp.storage.AbstractStorage save
INFO: &amp#27;[32mSave b18a4356-adfb-402d-ac49-5d75b8d3ff2f(uuid512)
сент. 19, 2025 6:42:49 PM webapp.storage.AbstractStorage save
INFO: &amp#27;[32mSave 5d57089a-1557-4541-bf15-c12e48200aa4(uuid513)
сент. 19, 2025 6:42:49 PM webapp.storage.AbstractStorage save
INFO: &amp#27;[32mSave 012e6d48-b696-4ceb-bc4e-e945dce5b498(uuid514)
сент. 19, 2025 6:42:49 PM webapp.storage.AbstractStorage save
INFO: &amp#27;[32mSave 0336fba9-e7a0-4c24-b149-ca21c341ac2e(uuid515)
сент. 19, 2025 6:42:49 PM webapp.storage.AbstractStorage save
INFO: &amp#27;[32mSave 47c7007f-e92a-444a-9003-6743a58ebe7f(uuid516)
сент. 19, 2025 6:42:49 PM webapp.storage.AbstractStorage save
INFO: &amp#27;[32mSave 42d10bb3-e079-4eea-85ab-f592ef1e7237(uuid517)
сент. 19, 2025 6:42:49 PM webapp.storage.AbstractStorage save
INFO: &amp#27;[32mSave bd869e1a-cb4d-4458-991b-dee57ec365da(uuid518)
сент. 19, 2025 6:42:49 PM webapp.storage.AbstractStorage save
INFO: &amp#27;[32mSave fcde8cd9-8ade-4d5b-9e9e-3ddcc6a50527(uuid519)
сент. 19, 2025 6:42:49 PM webapp.storage.AbstractStorage save
INFO: &amp#27;[32mSave 7fc65655-00e5-475b-8ed7-6e893e29f163(uuid520)
сент. 19, 2025 6:42:49 PM webapp.storage.AbstractStorage save
INFO: &amp#27;[32mSave b709b1fe-16cd-431d-8817-a037f90c4c31(uuid521)
сент. 19, 2025 6:42:49 PM webapp.storage.AbstractStorage save
INFO: &amp#27;[32mSave 89f88ed7-3270-42dd-b77c-dd72c0e5562e(uuid522)
сент. 19, 2025 6:42:49 PM webapp.storage.AbstractStorage save
INFO: &amp#27;[32mSave 7057c072-9c67-4614-aa91-145b88252853(uuid523)
сент. 19, 2025 6:42:49 PM webapp.storage.AbstractStorage save
INFO: &amp#27;[32mSave d08d30f4-ddca-4a2d-abda-83db3af0639f(uuid524)
сент. 19, 2025 6:42:49 PM webapp.storage.AbstractStorage save
INFO: &amp#27;[32mSave d09a230f-6530-4147-ab6c-c12e65812d69(uuid525)
сент. 19, 2025 6:42:49 PM webapp.storage.AbstractStorage save
INFO: &amp#27;[32mSave f06c5027-7114-484f-b0b9-2064e4f66f12(uuid526)
сент. 19, 2025 6:42:49 PM webapp.storage.AbstractStorage save
INFO: &amp#27;[32mSave b717fe2c-3fe8-4769-8d44-0d04b051eec5(uuid527)
сент. 19, 2025 6:42:49 PM webapp.storage.AbstractStorage save
INFO: &amp#27;[32mSave 37fa6b4f-d877-4e85-b3d5-60232489e2de(uuid528)
сент. 19, 2025 6:42:49 PM webapp.storage.AbstractStorage save
INFO: &amp#27;[32mSave 7c903df0-6a77-40d8-80cc-47ea574e0734(uuid529)
сент. 19, 2025 6:42:49 PM webapp.storage.AbstractStorage save
INFO: &amp#27;[32mSave 7b0a615a-ee5e-4e15-ace8-15f6bbbce211(uuid530)
сент. 19, 2025 6:42:49 PM webapp.storage.AbstractStorage save
INFO: &amp#27;[32mSave c8c6fdef-23a0-494f-ae56-c9f9b684eea3(uuid531)
сент. 19, 2025 6:42:49 PM webapp.storage.AbstractStorage save
INFO: &amp#27;[32mSave 402b9da2-0672-482f-8271-ee35e4f8f1ea(uuid532)
сент. 19, 2025 6:42:49 PM webapp.storage.AbstractStorage save
INFO: &amp#27;[32mSave b4da2b26-61cb-4983-9796-bd5f7f0a1af2(uuid533)
сент. 19, 2025 6:42:49 PM webapp.storage.AbstractStorage save
INFO: &amp#27;[32mSave a83d1bb3-16bc-4ef0-b147-922a843b67db(uuid534)
сент. 19, 2025 6:42:49 PM webapp.storage.AbstractStorage save
INFO: &amp#27;[32mSave 86e9ebab-9b5c-4c3c-bc41-80cc0ce5ff4f(uuid535)
сент. 19, 2025 6:42:49 PM webapp.storage.AbstractStorage save
INFO: &amp#27;[32mSave 1a88c149-1ba2-43cb-aaf2-0027c1bf47dc(uuid536)
сент. 19, 2025 6:42:49 PM webapp.storage.AbstractStorage save
INFO: &amp#27;[32mSave e369b096-83ab-49ce-b325-d59bfe60a4aa(uuid537)
сент. 19, 2025 6:42:49 PM webapp.storage.AbstractStorage save
INFO: &amp#27;[32mSave c0cc7540-8761-4ab4-bca0-34b4e02177a4(uuid538)
сент. 19, 2025 6:42:49 PM webapp.storage.AbstractStorage save
INFO: &amp#27;[32mSave 351680ba-22dd-4789-9864-022b365042f8(uuid539)
сент. 19, 2025 6:42:49 PM webapp.storage.AbstractStorage save
INFO: &amp#27;[32mSave 3eb31520-c9c4-4b01-b885-fd88bde33b81(uuid540)
сент. 19, 2025 6:42:49 PM webapp.storage.AbstractStorage save
INFO: &amp#27;[32mSave 88aa83c3-6df7-467c-956d-4a0b1d8b0201(uuid541)
сент. 19, 2025 6:42:49 PM webapp.storage.AbstractStorage save
INFO: &amp#27;[32mSave b6ed0b25-8a6b-4d2a-95f1-91b0f1beffee(uuid542)
сент. 19, 2025 6:42:49 PM webapp.storage.AbstractStorage save
INFO: &amp#27;[32mSave ad8de24b-cca2-461a-b86f-891fc6581707(uuid543)
сент. 19, 2025 6:42:49 PM webapp.storage.AbstractStorage save
INFO: &amp#27;[32mSave 6bd37632-db61-4872-92bc-68fb1bd1b377(uuid544)
сент. 19, 2025 6:42:49 PM webapp.storage.AbstractStorage save
INFO: &amp#27;[32mSave 48630d21-8a4a-4923-9582-2ad3d45ffb35(uuid545)
сент. 19, 2025 6:42:49 PM webapp.storage.AbstractStorage save
INFO: &amp#27;[32mSave d3da2048-2e8c-4653-93a8-533d7df0de2b(uuid546)
сент. 19, 2025 6:42:49 PM webapp.storage.AbstractStorage save
INFO: &amp#27;[32mSave c600b43c-f8fe-4628-b9f0-5c290aa5aceb(uuid547)
сент. 19, 2025 6:42:49 PM webapp.storage.AbstractStorage save
INFO: &amp#27;[32mSave 3f9462e5-943f-475d-919e-1e989d170761(uuid548)
сент. 19, 2025 6:42:49 PM webapp.storage.AbstractStorage save
INFO: &amp#27;[32mSave 15cefc6a-4e57-4b63-a9ee-efd433f40fde(uuid549)
сент. 19, 2025 6:42:49 PM webapp.storage.AbstractStorage save
INFO: &amp#27;[32mSave 046d601e-0d26-454e-b5ca-eba6086e2d57(uuid550)
сент. 19, 2025 6:42:49 PM webapp.storage.AbstractStorage save
INFO: &amp#27;[32mSave 6857ad3d-ba97-43f4-80a9-828c0e4ba64e(uuid551)
сент. 19, 2025 6:42:49 PM webapp.storage.AbstractStorage save
INFO: &amp#27;[32mSave 44ac7677-7e57-4385-bd9c-413832c4ce34(uuid552)
сент. 19, 2025 6:42:49 PM webapp.storage.AbstractStorage save
INFO: &amp#27;[32mSave 81dcf9f3-9d21-4189-90b6-9c935ce30bb2(uuid553)
сент. 19, 2025 6:42:49 PM webapp.storage.AbstractStorage save
INFO: &amp#27;[32mSave 60bd0d51-990c-4693-b650-89aeebd5d8ff(uuid554)
сент. 19, 2025 6:42:49 PM webapp.storage.AbstractStorage save
INFO: &amp#27;[32mSave 454a1a57-5de0-4588-b6ad-037541d5ad40(uuid555)
сент. 19, 2025 6:42:49 PM webapp.storage.AbstractStorage save
INFO: &amp#27;[32mSave 5d9597f1-a5b8-4480-9b88-7a16cc52cb7b(uuid556)
сент. 19, 2025 6:42:49 PM webapp.storage.AbstractStorage save
INFO: &amp#27;[32mSave 92f63a40-4fda-431b-adcd-8244cccfc3a0(uuid557)
сент. 19, 2025 6:42:49 PM webapp.storage.AbstractStorage save
INFO: &amp#27;[32mSave e55868e3-b081-4f4f-8d93-8aa502099522(uuid558)
сент. 19, 2025 6:42:49 PM webapp.storage.AbstractStorage save
INFO: &amp#27;[32mSave 8dcaac98-ef31-4922-ab22-1f51b7c2586c(uuid559)
сент. 19, 2025 6:42:49 PM webapp.storage.AbstractStorage save
INFO: &amp#27;[32mSave b574d476-4796-4945-83de-474c57d2eefd(uuid560)
сент. 19, 2025 6:42:49 PM webapp.storage.AbstractStorage save
INFO: &amp#27;[32mSave 1963e07b-01eb-44a0-af18-5ad467237ea1(uuid561)
сент. 19, 2025 6:42:49 PM webapp.storage.AbstractStorage save
INFO: &amp#27;[32mSave 83ebe5db-0edc-4141-9a3e-ab18a1edd0b1(uuid562)
сент. 19, 2025 6:42:49 PM webapp.storage.AbstractStorage save
INFO: &amp#27;[32mSave 7e1ff232-5bc2-40ef-abbd-bfa45ed2ee06(uuid563)
сент. 19, 2025 6:42:49 PM webapp.storage.AbstractStorage save
INFO: &amp#27;[32mSave c4d960dd-77f7-4965-9514-370ad2612044(uuid564)
сент. 19, 2025 6:42:49 PM webapp.storage.AbstractStorage save
INFO: &amp#27;[32mSave 1ad99ae2-170f-4573-a312-a2068f1cc393(uuid565)
сент. 19, 2025 6:42:49 PM webapp.storage.AbstractStorage save
INFO: &amp#27;[32mSave 61f9d147-e67d-48d6-a366-3f793bca59f1(uuid566)
сент. 19, 2025 6:42:49 PM webapp.storage.AbstractStorage save
INFO: &amp#27;[32mSave fe1b50b4-9a32-4ed1-8559-80d425b94c02(uuid567)
сент. 19, 2025 6:42:49 PM webapp.storage.AbstractStorage save
INFO: &amp#27;[32mSave bd3b42ce-f5cc-46f5-84e6-b4ef9da45dcb(uuid568)
сент. 19, 2025 6:42:49 PM webapp.storage.AbstractStorage save
INFO: &amp#27;[32mSave 8feed541-7621-4e2e-9c1b-f9923306b0c9(uuid569)
сент. 19, 2025 6:42:49 PM webapp.storage.AbstractStorage save
INFO: &amp#27;[32mSave 7a837ebe-4fb7-44ed-a1d9-f71c63e02f8c(uuid570)
сент. 19, 2025 6:42:49 PM webapp.storage.AbstractStorage save
INFO: &amp#27;[32mSave 903c6629-810c-4a59-ac53-085c9e138297(uuid571)
сент. 19, 2025 6:42:49 PM webapp.storage.AbstractStorage save
INFO: &amp#27;[32mSave 430958b1-a11b-4480-acf3-3e8852412093(uuid572)
сент. 19, 2025 6:42:49 PM webapp.storage.AbstractStorage save
INFO: &amp#27;[32mSave f0bc388f-520c-4228-89fc-35ec2bacf3bc(uuid573)
сент. 19, 2025 6:42:49 PM webapp.storage.AbstractStorage save
INFO: &amp#27;[32mSave 90a94226-8ab1-4c58-846d-8ddf6f98a821(uuid574)
сент. 19, 2025 6:42:49 PM webapp.storage.AbstractStorage save
INFO: &amp#27;[32mSave 4e9112e9-9eb8-4a9a-9411-bbbba6cd909e(uuid575)
сент. 19, 2025 6:42:49 PM webapp.storage.AbstractStorage save
INFO: &amp#27;[32mSave f1376f67-31ea-45cd-9742-e92b9e4db5df(uuid576)
сент. 19, 2025 6:42:49 PM webapp.storage.AbstractStorage save
INFO: &amp#27;[32mSave c48a51d7-9072-4725-967f-ec0d5578b0fc(uuid577)
сент. 19, 2025 6:42:49 PM webapp.storage.AbstractStorage save
INFO: &amp#27;[32mSave 690fe078-8c99-415f-b278-7e1e123e5bf8(uuid578)
сент. 19, 2025 6:42:49 PM webapp.storage.AbstractStorage save
INFO: &amp#27;[32mSave bfafb7d5-6c2b-4da2-9ae2-935a3c91257d(uuid579)
сент. 19, 2025 6:42:49 PM webapp.storage.AbstractStorage save
INFO: &amp#27;[32mSave 93df24a9-250e-41a7-94d3-6a0f5075dda8(uuid580)
сент. 19, 2025 6:42:49 PM webapp.storage.AbstractStorage save
INFO: &amp#27;[32mSave 1edafda7-6515-4469-80ff-f085468785dd(uuid581)
сент. 19, 2025 6:42:49 PM webapp.storage.AbstractStorage save
INFO: &amp#27;[32mSave f4b52c0e-e067-4a5f-88bf-7808876904cc(uuid582)
сент. 19, 2025 6:42:49 PM webapp.storage.AbstractStorage save
INFO: &amp#27;[32mSave 15707970-3f90-4e60-8458-1eabe7216382(uuid583)
сент. 19, 2025 6:42:49 PM webapp.storage.AbstractStorage save
INFO: &amp#27;[32mSave 978ffc1c-9b30-404c-a314-b6f052b9ff49(uuid584)
сент. 19, 2025 6:42:49 PM webapp.storage.AbstractStorage save
INFO: &amp#27;[32mSave c530ef24-ec45-4555-a2f2-b0e70ea29718(uuid585)
сент. 19, 2025 6:42:49 PM webapp.storage.AbstractStorage save
INFO: &amp#27;[32mSave e15c5722-8260-4f9e-b79c-b404fc1b532c(uuid586)
сент. 19, 2025 6:42:49 PM webapp.storage.AbstractStorage save
INFO: &amp#27;[32mSave e241fffd-8f4b-4acf-83cd-d19a668b8f54(uuid587)
сент. 19, 2025 6:42:49 PM webapp.storage.AbstractStorage save
INFO: &amp#27;[32mSave 9b24a5af-de6b-4128-a358-c257501829b8(uuid588)
сент. 19, 2025 6:42:49 PM webapp.storage.AbstractStorage save
INFO: &amp#27;[32mSave f0fe0279-f89a-4603-9d4e-fa4661699b79(uuid589)
сент. 19, 2025 6:42:49 PM webapp.storage.AbstractStorage save
INFO: &amp#27;[32mSave dadf5b44-13e2-48b7-a049-5929e4e455c6(uuid590)
сент. 19, 2025 6:42:49 PM webapp.storage.AbstractStorage save
INFO: &amp#27;[32mSave db3b7d6f-da36-4dc4-ba76-182d8935ee32(uuid591)
сент. 19, 2025 6:42:49 PM webapp.storage.AbstractStorage save
INFO: &amp#27;[32mSave 0c7606ef-1aed-4990-9768-d713b664044d(uuid592)
сент. 19, 2025 6:42:49 PM webapp.storage.AbstractStorage save
INFO: &amp#27;[32mSave b5b78cde-9dfb-49f6-9495-6a9ade75795c(uuid593)
сент. 19, 2025 6:42:49 PM webapp.storage.AbstractStorage save
INFO: &amp#27;[32mSave 4f21d3f0-0398-4791-8da8-349f22e07a15(uuid594)
сент. 19, 2025 6:42:49 PM webapp.storage.AbstractStorage save
INFO: &amp#27;[32mSave db7f13b3-82a9-49df-b275-02607b3232d3(uuid595)
сент. 19, 2025 6:42:49 PM webapp.storage.AbstractStorage save
INFO: &amp#27;[32mSave e0d9af82-f9ad-45f1-90ce-77b958d5b2a7(uuid596)
сент. 19, 2025 6:42:49 PM webapp.storage.AbstractStorage save
INFO: &amp#27;[32mSave b9a91e84-94c0-4ba5-9dac-d4b991ab89b8(uuid597)
сент. 19, 2025 6:42:49 PM webapp.storage.AbstractStorage save
INFO: &amp#27;[32mSave 63376271-647b-4d4f-bc78-67ee00321cf1(uuid598)
сент. 19, 2025 6:42:49 PM webapp.storage.AbstractStorage save
INFO: &amp#27;[32mSave 07035dc5-cd83-4721-9c58-c31093ab6849(uuid599)
сент. 19, 2025 6:42:49 PM webapp.storage.AbstractStorage save
INFO: &amp#27;[32mSave 42f4ba2d-7aff-4b36-8bca-374d1d13367c(uuid600)
сент. 19, 2025 6:42:49 PM webapp.storage.AbstractStorage save
INFO: &amp#27;[32mSave 6321854f-38da-4c52-b14e-aba655855a79(uuid601)
сент. 19, 2025 6:42:49 PM webapp.storage.AbstractStorage save
INFO: &amp#27;[32mSave 9cc8b6d8-5db0-4b59-96ba-77d94e730fd1(uuid602)
сент. 19, 2025 6:42:49 PM webapp.storage.AbstractStorage save
INFO: &amp#27;[32mSave c8688a95-df5c-4ecf-9f71-db7f49edfafd(uuid603)
сент. 19, 2025 6:42:49 PM webapp.storage.AbstractStorage save
INFO: &amp#27;[32mSave 3537abfa-3421-4966-8f36-8129a4173d6e(uuid604)
сент. 19, 2025 6:42:49 PM webapp.storage.AbstractStorage save
INFO: &amp#27;[32mSave ad4f113d-91a2-43ed-8401-077b2c9c6caa(uuid605)
сент. 19, 2025 6:42:49 PM webapp.storage.AbstractStorage save
INFO: &amp#27;[32mSave bbaa3b3a-742a-4a44-b20e-6916085cbbe9(uuid606)
сент. 19, 2025 6:42:49 PM webapp.storage.AbstractStorage save
INFO: &amp#27;[32mSave ceb59cf4-1b06-4260-8f4a-5f0f56f601b4(uuid607)
сент. 19, 2025 6:42:49 PM webapp.storage.AbstractStorage save
INFO: &amp#27;[32mSave ddeceac0-e670-4f63-a0bc-25b529f123eb(uuid608)
сент. 19, 2025 6:42:49 PM webapp.storage.AbstractStorage save
INFO: &amp#27;[32mSave 1eb9513c-4cd9-4e99-8241-a1f44f0dc097(uuid609)
сент. 19, 2025 6:42:49 PM webapp.storage.AbstractStorage save
INFO: &amp#27;[32mSave c16006a0-0230-4bb2-b8b9-c081c23ca12e(uuid610)
сент. 19, 2025 6:42:49 PM webapp.storage.AbstractStorage save
INFO: &amp#27;[32mSave 2d39dcfb-93ba-4213-b8af-fefa0875ffa6(uuid611)
сент. 19, 2025 6:42:49 PM webapp.storage.AbstractStorage save
INFO: &amp#27;[32mSave e92c21bb-5842-4390-9705-67431f63bd84(uuid612)
сент. 19, 2025 6:42:49 PM webapp.storage.AbstractStorage save
INFO: &amp#27;[32mSave 34d051ca-29d8-47d5-98d5-649dffb46ada(uuid613)
сент. 19, 2025 6:42:49 PM webapp.storage.AbstractStorage save
INFO: &amp#27;[32mSave 4623532d-a735-43c5-8688-59ec4865fa17(uuid614)
сент. 19, 2025 6:42:49 PM webapp.storage.AbstractStorage save
INFO: &amp#27;[32mSave 78c3424f-3358-474a-87c0-553f6073c142(uuid615)
сент. 19, 2025 6:42:49 PM webapp.storage.AbstractStorage save
INFO: &amp#27;[32mSave b9711010-6d35-46b4-83f3-aa28c8d950ef(uuid616)
сент. 19, 2025 6:42:49 PM webapp.storage.AbstractStorage save
INFO: &amp#27;[32mSave 6698aa65-5594-4b9d-a2dd-80a0043d23aa(uuid617)
сент. 19, 2025 6:42:49 PM webapp.storage.AbstractStorage save
INFO: &amp#27;[32mSave 23e95099-2738-4bb7-9fad-8b123aa25de6(uuid618)
сент. 19, 2025 6:42:49 PM webapp.storage.AbstractStorage save
INFO: &amp#27;[32mSave fdd05c15-a3bb-439b-859a-61fa2ae611b0(uuid619)
сент. 19, 2025 6:42:49 PM webapp.storage.AbstractStorage save
INFO: &amp#27;[32mSave 409cc1fa-f650-481b-ad7f-b9a9b1dc95a1(uuid620)
сент. 19, 2025 6:42:49 PM webapp.storage.AbstractStorage save
INFO: &amp#27;[32mSave 9abb9670-de04-4925-abce-bc7f328980f7(uuid621)
сент. 19, 2025 6:42:49 PM webapp.storage.AbstractStorage save
INFO: &amp#27;[32mSave 58ae95e1-8d03-4c0a-b3fd-89601a31d071(uuid622)
сент. 19, 2025 6:42:49 PM webapp.storage.AbstractStorage save
INFO: &amp#27;[32mSave c81b1f32-8a34-40c3-82bc-6a6b7d33b03a(uuid623)
сент. 19, 2025 6:42:49 PM webapp.storage.AbstractStorage save
INFO: &amp#27;[32mSave c7e77bb2-c8d6-42df-8a14-94e3f43f3b0a(uuid624)
сент. 19, 2025 6:42:49 PM webapp.storage.AbstractStorage save
INFO: &amp#27;[32mSave cc152ac5-267c-4dac-8bbc-c98c04764684(uuid625)
сент. 19, 2025 6:42:49 PM webapp.storage.AbstractStorage save
INFO: &amp#27;[32mSave 1ba11005-702b-440a-a216-f82035d94dcd(uuid626)
сент. 19, 2025 6:42:49 PM webapp.storage.AbstractStorage save
INFO: &amp#27;[32mSave 1b3649de-0631-438d-a6df-e9bbfa46026f(uuid627)
сент. 19, 2025 6:42:49 PM webapp.storage.AbstractStorage save
INFO: &amp#27;[32mSave a50d351b-d60c-40fa-93a9-63821e018dbc(uuid628)
сент. 19, 2025 6:42:49 PM webapp.storage.AbstractStorage save
INFO: &amp#27;[32mSave c5bab3cd-e9e6-48e5-a5b7-f324c521dd03(uuid629)
сент. 19, 2025 6:42:49 PM webapp.storage.AbstractStorage save
INFO: &amp#27;[32mSave 8ca3a203-80c8-401c-bd9d-92fdf45cd326(uuid630)
сент. 19, 2025 6:42:49 PM webapp.storage.AbstractStorage save
INFO: &amp#27;[32mSave 9658b360-88a9-4718-9fda-23f3febca4cd(uuid631)
сент. 19, 2025 6:42:49 PM webapp.storage.AbstractStorage save
INFO: &amp#27;[32mSave 4af2fc29-0ef4-46c7-84af-f28fd8752de9(uuid632)
сент. 19, 2025 6:42:49 PM webapp.storage.AbstractStorage save
INFO: &amp#27;[32mSave b3f4f2c3-a9e9-49df-b184-31978859af31(uuid633)
сент. 19, 2025 6:42:49 PM webapp.storage.AbstractStorage save
INFO: &amp#27;[32mSave 650e5925-c4c2-49fd-ac27-4c203c486173(uuid634)
сент. 19, 2025 6:42:49 PM webapp.storage.AbstractStorage save
INFO: &amp#27;[32mSave e74240a9-e337-4143-a661-818af1207b69(uuid635)
сент. 19, 2025 6:42:49 PM webapp.storage.AbstractStorage save
INFO: &amp#27;[32mSave 54068ef0-0ee0-4334-b6cf-9f66a388c755(uuid636)
сент. 19, 2025 6:42:49 PM webapp.storage.AbstractStorage save
INFO: &amp#27;[32mSave bd928cc2-2145-47cd-b134-e44f2ebce0a8(uuid637)
сент. 19, 2025 6:42:49 PM webapp.storage.AbstractStorage save
INFO: &amp#27;[32mSave 6520a863-999c-44e2-98b0-00bad7d34299(uuid638)
сент. 19, 2025 6:42:49 PM webapp.storage.AbstractStorage save
INFO: &amp#27;[32mSave fd175359-9987-4f9a-a2b5-af7c435b7280(uuid639)
сент. 19, 2025 6:42:49 PM webapp.storage.AbstractStorage save
INFO: &amp#27;[32mSave 009072cd-e15f-4799-99ce-84558d876abf(uuid640)
сент. 19, 2025 6:42:49 PM webapp.storage.AbstractStorage save
INFO: &amp#27;[32mSave 185aaa18-9b0a-4b5a-8622-eb78c68e4821(uuid641)
сент. 19, 2025 6:42:49 PM webapp.storage.AbstractStorage save
INFO: &amp#27;[32mSave 298c9d41-cf53-4fff-ac3f-87fcc3d2daf8(uuid642)
сент. 19, 2025 6:42:49 PM webapp.storage.AbstractStorage save
INFO: &amp#27;[32mSave b0818163-25dc-487b-9a2b-55e3db636b82(uuid643)
сент. 19, 2025 6:42:49 PM webapp.storage.AbstractStorage save
INFO: &amp#27;[32mSave 0b43722b-b1c7-409a-903a-f89394084bae(uuid644)
сент. 19, 2025 6:42:49 PM webapp.storage.AbstractStorage save
INFO: &amp#27;[32mSave af5554f3-d052-48af-a818-585cc22f2a6d(uuid645)
сент. 19, 2025 6:42:49 PM webapp.storage.AbstractStorage save
INFO: &amp#27;[32mSave 79ac2ee2-2d93-4610-83fd-3427d5e7cf8c(uuid646)
сент. 19, 2025 6:42:49 PM webapp.storage.AbstractStorage save
INFO: &amp#27;[32mSave 9f00976a-7dc9-4718-a5e4-6a351fed7aa8(uuid647)
сент. 19, 2025 6:42:49 PM webapp.storage.AbstractStorage save
INFO: &amp#27;[32mSave 0145ec6f-c243-4bf7-b23a-8ff906ce4848(uuid648)
сент. 19, 2025 6:42:49 PM webapp.storage.AbstractStorage save
INFO: &amp#27;[32mSave d6b49040-2d60-4883-a7e7-eb02821af557(uuid649)
сент. 19, 2025 6:42:49 PM webapp.storage.AbstractStorage save
INFO: &amp#27;[32mSave 0f46889e-83ea-411b-bc58-28336d0df33d(uuid650)
сент. 19, 2025 6:42:49 PM webapp.storage.AbstractStorage save
INFO: &amp#27;[32mSave a073e54a-496a-4624-a8d7-69c5f546f114(uuid651)
сент. 19, 2025 6:42:49 PM webapp.storage.AbstractStorage save
INFO: &amp#27;[32mSave 640e912b-4dfa-43e2-866b-56e269e2b2d1(uuid652)
сент. 19, 2025 6:42:49 PM webapp.storage.AbstractStorage save
INFO: &amp#27;[32mSave 724acec9-b8c0-4ec8-bbe2-ce38b9bf3388(uuid653)
сент. 19, 2025 6:42:49 PM webapp.storage.AbstractStorage save
INFO: &amp#27;[32mSave a18baa8a-ab05-4fc8-b08f-65a41add58f2(uuid654)
сент. 19, 2025 6:42:49 PM webapp.storage.AbstractStorage save
INFO: &amp#27;[32mSave 957c4c9d-6aa3-43df-b12b-6a404d6c6495(uuid655)
сент. 19, 2025 6:42:49 PM webapp.storage.AbstractStorage save
INFO: &amp#27;[32mSave f6d3c561-7818-480f-9281-8309d6a00aa8(uuid656)
сент. 19, 2025 6:42:49 PM webapp.storage.AbstractStorage save
INFO: &amp#27;[32mSave 9d967ebf-b5fc-44d1-8647-47749c3a50a5(uuid657)
сент. 19, 2025 6:42:49 PM webapp.storage.AbstractStorage save
INFO: &amp#27;[32mSave 4ff67d74-12f3-40d4-b6b9-cae283ff44d0(uuid658)
сент. 19, 2025 6:42:49 PM webapp.storage.AbstractStorage save
INFO: &amp#27;[32mSave eae88648-043c-4bf1-bd8e-e08865cbfeb4(uuid659)
сент. 19, 2025 6:42:49 PM webapp.storage.AbstractStorage save
INFO: &amp#27;[32mSave c565f1e6-1495-477d-a052-ae2f240963d3(uuid660)
сент. 19, 2025 6:42:49 PM webapp.storage.AbstractStorage save
INFO: &amp#27;[32mSave 0071b551-6f36-48ff-90ea-64794da2619f(uuid661)
сент. 19, 2025 6:42:49 PM webapp.storage.AbstractStorage save
INFO: &amp#27;[32mSave eb77be69-500e-4736-8ba5-8ea82e7889e8(uuid662)
сент. 19, 2025 6:42:49 PM webapp.storage.AbstractStorage save
INFO: &amp#27;[32mSave 4010b446-f0e6-4141-b224-68cca2359573(uuid663)
сент. 19, 2025 6:42:49 PM webapp.storage.AbstractStorage save
INFO: &amp#27;[32mSave a04bbba6-dd11-496e-b84a-07f7147c9c48(uuid664)
сент. 19, 2025 6:42:49 PM webapp.storage.AbstractStorage save
INFO: &amp#27;[32mSave c7c9724d-c049-4b8d-b85d-16ed09a5d9d4(uuid665)
сент. 19, 2025 6:42:49 PM webapp.storage.AbstractStorage save
INFO: &amp#27;[32mSave 05aa7838-bacf-4628-bd2c-ccf367277805(uuid666)
сент. 19, 2025 6:42:49 PM webapp.storage.AbstractStorage save
INFO: &amp#27;[32mSave 0b4d8083-e9d1-466b-9b38-1711873e88be(uuid667)
сент. 19, 2025 6:42:49 PM webapp.storage.AbstractStorage save
INFO: &amp#27;[32mSave 8ec6b9a4-af20-4d61-af50-697910c95ea7(uuid668)
сент. 19, 2025 6:42:49 PM webapp.storage.AbstractStorage save
INFO: &amp#27;[32mSave b945c4f2-f672-43d5-892f-45c89f742acd(uuid669)
сент. 19, 2025 6:42:49 PM webapp.storage.AbstractStorage save
INFO: &amp#27;[32mSave 07293d15-9a4e-43d7-bf6e-bbe725e65123(uuid670)
сент. 19, 2025 6:42:49 PM webapp.storage.AbstractStorage save
INFO: &amp#27;[32mSave cae49257-6a5f-4e5e-95d5-4c8bd815c2af(uuid671)
сент. 19, 2025 6:42:49 PM webapp.storage.AbstractStorage save
INFO: &amp#27;[32mSave e088efd8-e0b8-4dbc-a946-5d4cf7c4d3db(uuid672)
сент. 19, 2025 6:42:49 PM webapp.storage.AbstractStorage save
INFO: &amp#27;[32mSave c89dc1c7-23e1-4c0d-9de2-bb5b8996acfc(uuid673)
сент. 19, 2025 6:42:49 PM webapp.storage.AbstractStorage save
INFO: &amp#27;[32mSave fb89fb8a-374e-4951-bf0d-31cf04cd330d(uuid674)
сент. 19, 2025 6:42:49 PM webapp.storage.AbstractStorage save
INFO: &amp#27;[32mSave 934791d0-e0cb-4e1d-b7ce-60989eca8575(uuid675)
сент. 19, 2025 6:42:49 PM webapp.storage.AbstractStorage save
INFO: &amp#27;[32mSave 9446fa31-f103-4eb2-bc6f-ed9880ce3175(uuid676)
сент. 19, 2025 6:42:49 PM webapp.storage.AbstractStorage save
INFO: &amp#27;[32mSave a5d0be69-d3c7-4231-985c-01787a59f49b(uuid677)
сент. 19, 2025 6:42:49 PM webapp.storage.AbstractStorage save
INFO: &amp#27;[32mSave 242f23b8-7127-4fbe-ba10-c42d225dc41a(uuid678)
сент. 19, 2025 6:42:49 PM webapp.storage.AbstractStorage save
INFO: &amp#27;[32mSave db3d8e71-4eaf-4942-98ef-c594af25fd73(uuid679)
сент. 19, 2025 6:42:49 PM webapp.storage.AbstractStorage save
INFO: &amp#27;[32mSave 34b8da0e-c4e3-43bb-8747-2c51e5f32f50(uuid680)
сент. 19, 2025 6:42:49 PM webapp.storage.AbstractStorage save
INFO: &amp#27;[32mSave 02abf56e-24e1-40c2-aa1d-0e9830095bb5(uuid681)
сент. 19, 2025 6:42:49 PM webapp.storage.AbstractStorage save
INFO: &amp#27;[32mSave d7a772f2-d3be-45b8-bacd-571e8dfa7790(uuid682)
сент. 19, 2025 6:42:49 PM webapp.storage.AbstractStorage save
INFO: &amp#27;[32mSave 80257cb3-65a6-40b9-9434-d525ccbc0662(uuid683)
сент. 19, 2025 6:42:49 PM webapp.storage.AbstractStorage save
INFO: &amp#27;[32mSave f57c295d-6c28-4284-aa06-af9b3c7bdb51(uuid684)
сент. 19, 2025 6:42:49 PM webapp.storage.AbstractStorage save
INFO: &amp#27;[32mSave 9a5733c1-0c15-4188-97d1-d42f1de95818(uuid685)
сент. 19, 2025 6:42:49 PM webapp.storage.AbstractStorage save
INFO: &amp#27;[32mSave 97f97d65-a0e7-4277-aa81-d9155314d41a(uuid686)
сент. 19, 2025 6:42:49 PM webapp.storage.AbstractStorage save
INFO: &amp#27;[32mSave e81eeaff-d793-4a49-8416-b36b04a28ccc(uuid687)
сент. 19, 2025 6:42:49 PM webapp.storage.AbstractStorage save
INFO: &amp#27;[32mSave 8e5f8a26-2733-4a5e-aed0-699489d5ee86(uuid688)
сент. 19, 2025 6:42:49 PM webapp.storage.AbstractStorage save
INFO: &amp#27;[32mSave 6b576bc5-285b-48cb-bfd6-3b479a640ea9(uuid689)
сент. 19, 2025 6:42:49 PM webapp.storage.AbstractStorage save
INFO: &amp#27;[32mSave ba4a6bf8-25af-4df0-8d03-5c5cb8d83bfd(uuid690)
сент. 19, 2025 6:42:49 PM webapp.storage.AbstractStorage save
INFO: &amp#27;[32mSave 3ebc9140-4f2a-4f82-b36e-5a3f1e3b6ea5(uuid691)
сент. 19, 2025 6:42:49 PM webapp.storage.AbstractStorage save
INFO: &amp#27;[32mSave 7f8f4a4b-abb7-43bc-adc0-56fce50970b3(uuid692)
сент. 19, 2025 6:42:49 PM webapp.storage.AbstractStorage save
INFO: &amp#27;[32mSave 4093b8fe-efa1-44b9-84c2-d4df94160eee(uuid693)
сент. 19, 2025 6:42:49 PM webapp.storage.AbstractStorage save
INFO: &amp#27;[32mSave fbbe6605-f10f-4cf2-857d-a0af83bbd8cc(uuid694)
сент. 19, 2025 6:42:49 PM webapp.storage.AbstractStorage save
INFO: &amp#27;[32mSave 69ee0101-7c2a-4d84-801e-03aadfe290fb(uuid695)
сент. 19, 2025 6:42:49 PM webapp.storage.AbstractStorage save
INFO: &amp#27;[32mSave dc4adc1f-7b94-446d-ad91-6bba85f5c04b(uuid696)
сент. 19, 2025 6:42:49 PM webapp.storage.AbstractStorage save
INFO: &amp#27;[32mSave c40839ac-a95c-4ca4-9f53-4b11bc52a1e9(uuid697)
сент. 19, 2025 6:42:49 PM webapp.storage.AbstractStorage save
INFO: &amp#27;[32mSave 5280997d-103b-4929-b2b8-6a7459dfef71(uuid698)
сент. 19, 2025 6:42:49 PM webapp.storage.AbstractStorage save
INFO: &amp#27;[32mSave e3424450-648a-45f4-ade5-4b943134b5d8(uuid699)
сент. 19, 2025 6:42:49 PM webapp.storage.AbstractStorage save
INFO: &amp#27;[32mSave 055c2e4d-44aa-42b0-8163-9343d3e55318(uuid700)
сент. 19, 2025 6:42:49 PM webapp.storage.AbstractStorage save
INFO: &amp#27;[32mSave 4cd8bb4f-63d0-48f3-bfa6-1adf0787991a(uuid701)
сент. 19, 2025 6:42:49 PM webapp.storage.AbstractStorage save
INFO: &amp#27;[32mSave 36ab5472-9902-4c93-bc4f-d49b645a0423(uuid702)
сент. 19, 2025 6:42:49 PM webapp.storage.AbstractStorage save
INFO: &amp#27;[32mSave 662f5145-81cf-44f2-ac02-8688bd8f90fd(uuid703)
сент. 19, 2025 6:42:49 PM webapp.storage.AbstractStorage save
INFO: &amp#27;[32mSave 0927c2a3-ee52-4445-b39f-9d7651d7199d(uuid704)
сент. 19, 2025 6:42:49 PM webapp.storage.AbstractStorage save
INFO: &amp#27;[32mSave 55082ed4-8889-47e1-bb85-80d9db27c520(uuid705)
сент. 19, 2025 6:42:49 PM webapp.storage.AbstractStorage save
INFO: &amp#27;[32mSave ab13f276-e92a-4d06-a2bc-468a1aa29713(uuid706)
сент. 19, 2025 6:42:49 PM webapp.storage.AbstractStorage save
INFO: &amp#27;[32mSave 409f9bfa-8ce2-4508-b660-b0fa30f2390a(uuid707)
сент. 19, 2025 6:42:49 PM webapp.storage.AbstractStorage save
INFO: &amp#27;[32mSave 00dcfe93-1dfa-4172-a586-5587dc95b753(uuid708)
сент. 19, 2025 6:42:49 PM webapp.storage.AbstractStorage save
INFO: &amp#27;[32mSave a889df6c-19da-418d-8094-cb0e3aede3b6(uuid709)
сент. 19, 2025 6:42:49 PM webapp.storage.AbstractStorage save
INFO: &amp#27;[32mSave db1465a9-a7e8-4a8b-9f26-707358020fd9(uuid710)
сент. 19, 2025 6:42:49 PM webapp.storage.AbstractStorage save
INFO: &amp#27;[32mSave b0c314d8-9f81-4ca0-88fe-c8f72e665f60(uuid711)
сент. 19, 2025 6:42:49 PM webapp.storage.AbstractStorage save
INFO: &amp#27;[32mSave 166f282a-4005-460b-89d1-4653f416cc74(uuid712)
сент. 19, 2025 6:42:49 PM webapp.storage.AbstractStorage save
INFO: &amp#27;[32mSave 4f87de56-115c-4f47-9e2f-4a8ea19e8103(uuid713)
сент. 19, 2025 6:42:49 PM webapp.storage.AbstractStorage save
INFO: &amp#27;[32mSave 73eb6145-156f-46bb-bd6f-4adff7ee96b2(uuid714)
сент. 19, 2025 6:42:49 PM webapp.storage.AbstractStorage save
INFO: &amp#27;[32mSave 8db7271a-94b5-4c66-998e-f7648c89d28c(uuid715)
сент. 19, 2025 6:42:49 PM webapp.storage.AbstractStorage save
INFO: &amp#27;[32mSave 6b9ea5b5-2e0f-443d-b383-61e979990c3a(uuid716)
сент. 19, 2025 6:42:49 PM webapp.storage.AbstractStorage save
INFO: &amp#27;[32mSave e98a7d07-b137-47c3-b0f1-698ecba9179a(uuid717)
сент. 19, 2025 6:42:49 PM webapp.storage.AbstractStorage save
INFO: &amp#27;[32mSave ff6877a0-39e9-4135-a4bf-d78fadec26cb(uuid718)
сент. 19, 2025 6:42:49 PM webapp.storage.AbstractStorage save
INFO: &amp#27;[32mSave b89142e2-1a10-469c-a1e6-fc951a9be932(uuid719)
сент. 19, 2025 6:42:49 PM webapp.storage.AbstractStorage save
INFO: &amp#27;[32mSave ca4379d2-2150-45b6-96b4-3f293c39efec(uuid720)
сент. 19, 2025 6:42:49 PM webapp.storage.AbstractStorage save
INFO: &amp#27;[32mSave 8c9c0eb9-2fa1-4b52-bb9a-861e6ec54880(uuid721)
сент. 19, 2025 6:42:49 PM webapp.storage.AbstractStorage save
INFO: &amp#27;[32mSave bc7d636a-ef40-4bd3-938e-36b85aa887c7(uuid722)
сент. 19, 2025 6:42:49 PM webapp.storage.AbstractStorage save
INFO: &amp#27;[32mSave 3b8d435f-2c7a-4960-82fd-de6674dac907(uuid723)
сент. 19, 2025 6:42:49 PM webapp.storage.AbstractStorage save
INFO: &amp#27;[32mSave 4fa8c876-ecbb-414d-813e-e51fa445a13e(uuid724)
сент. 19, 2025 6:42:49 PM webapp.storage.AbstractStorage save
INFO: &amp#27;[32mSave 3be02a0d-1865-4419-a5a4-5fd8e5829876(uuid725)
сент. 19, 2025 6:42:49 PM webapp.storage.AbstractStorage save
INFO: &amp#27;[32mSave 325f42f5-2226-41c5-842f-5ca1de46a92b(uuid726)
сент. 19, 2025 6:42:49 PM webapp.storage.AbstractStorage save
INFO: &amp#27;[32mSave 63639a90-b441-4020-8fb5-24e701ee0d35(uuid727)
сент. 19, 2025 6:42:49 PM webapp.storage.AbstractStorage save
INFO: &amp#27;[32mSave c5fdc18b-b57b-4b42-9fcd-ce948280c8ce(uuid728)
сент. 19, 2025 6:42:49 PM webapp.storage.AbstractStorage save
INFO: &amp#27;[32mSave 8b212532-d1be-46fe-8662-a3035c766d02(uuid729)
сент. 19, 2025 6:42:49 PM webapp.storage.AbstractStorage save
INFO: &amp#27;[32mSave 00813187-31c7-4f31-bfa5-9d349f3ee7e7(uuid730)
сент. 19, 2025 6:42:49 PM webapp.storage.AbstractStorage save
INFO: &amp#27;[32mSave 8f88d5fa-a6b0-44a8-ba28-192ccdde8402(uuid731)
сент. 19, 2025 6:42:49 PM webapp.storage.AbstractStorage save
INFO: &amp#27;[32mSave 8700498d-6015-4dac-ad10-fdb1c9197881(uuid732)
сент. 19, 2025 6:42:49 PM webapp.storage.AbstractStorage save
INFO: &amp#27;[32mSave 33fd9f2b-4cd3-4bfc-8068-b3cf0e7c7cd6(uuid733)
сент. 19, 2025 6:42:49 PM webapp.storage.AbstractStorage save
INFO: &amp#27;[32mSave 5a234cad-618c-4c87-ae0d-50c1e901968e(uuid734)
сент. 19, 2025 6:42:49 PM webapp.storage.AbstractStorage save
INFO: &amp#27;[32mSave 727ced11-0cb7-4e5d-b5a7-9ef9bd159c30(uuid735)
сент. 19, 2025 6:42:49 PM webapp.storage.AbstractStorage save
INFO: &amp#27;[32mSave 6542530e-554c-4fcf-b26e-d26002f80724(uuid736)
сент. 19, 2025 6:42:49 PM webapp.storage.AbstractStorage save
INFO: &amp#27;[32mSave b0fb9b33-3cee-4265-97a6-325b5bbdc4a5(uuid737)
сент. 19, 2025 6:42:49 PM webapp.storage.AbstractStorage save
INFO: &amp#27;[32mSave 1b4e1bcc-2dc8-4409-af86-e5c07ebaffcc(uuid738)
сент. 19, 2025 6:42:49 PM webapp.storage.AbstractStorage save
INFO: &amp#27;[32mSave 74b11856-cb5b-461d-a9bb-e93155ac2455(uuid739)
сент. 19, 2025 6:42:49 PM webapp.storage.AbstractStorage save
INFO: &amp#27;[32mSave ad511af0-3647-4979-8ba2-f4e3683dfb0a(uuid740)
сент. 19, 2025 6:42:49 PM webapp.storage.AbstractStorage save
INFO: &amp#27;[32mSave 5e6c2632-af12-45c3-9c79-02e61abd83d7(uuid741)
сент. 19, 2025 6:42:49 PM webapp.storage.AbstractStorage save
INFO: &amp#27;[32mSave ccce9496-db2a-416e-b162-3075180114e2(uuid742)
сент. 19, 2025 6:42:49 PM webapp.storage.AbstractStorage save
INFO: &amp#27;[32mSave 71386478-d42b-4b84-b7a1-dcf121c8d055(uuid743)
сент. 19, 2025 6:42:49 PM webapp.storage.AbstractStorage save
INFO: &amp#27;[32mSave 82e4cb26-ea1a-4807-ae71-35cfd9045bb6(uuid744)
сент. 19, 2025 6:42:49 PM webapp.storage.AbstractStorage save
INFO: &amp#27;[32mSave 2710ffb4-1b97-48f1-9d61-3212d64b820f(uuid745)
сент. 19, 2025 6:42:49 PM webapp.storage.AbstractStorage save
INFO: &amp#27;[32mSave 8988f00d-9df8-467c-84f9-6e880bd340cd(uuid746)
сент. 19, 2025 6:42:49 PM webapp.storage.AbstractStorage save
INFO: &amp#27;[32mSave bf359c99-74fb-44b2-b616-b901e71e3967(uuid747)
сент. 19, 2025 6:42:49 PM webapp.storage.AbstractStorage save
INFO: &amp#27;[32mSave b141b0e4-25c2-4c7b-b581-2569ec6d5149(uuid748)
сент. 19, 2025 6:42:49 PM webapp.storage.AbstractStorage save
INFO: &amp#27;[32mSave cdc048d5-a63c-4beb-8194-404c6c827ba6(uuid749)
сент. 19, 2025 6:42:49 PM webapp.storage.AbstractStorage save
INFO: &amp#27;[32mSave 3bb915c9-afa3-4727-9da4-f33f196a982f(uuid750)
сент. 19, 2025 6:42:49 PM webapp.storage.AbstractStorage save
INFO: &amp#27;[32mSave ce18ec49-4904-4f02-ba29-ec5db652c51f(uuid751)
сент. 19, 2025 6:42:49 PM webapp.storage.AbstractStorage save
INFO: &amp#27;[32mSave 8e3efa49-c90d-4ed1-8884-5b2528d73457(uuid752)
сент. 19, 2025 6:42:49 PM webapp.storage.AbstractStorage save
INFO: &amp#27;[32mSave dfa54f6d-ec66-4479-8440-2b654f619197(uuid753)
сент. 19, 2025 6:42:49 PM webapp.storage.AbstractStorage save
INFO: &amp#27;[32mSave 158b8d3b-164d-4335-a186-5487db2cad86(uuid754)
сент. 19, 2025 6:42:49 PM webapp.storage.AbstractStorage save
INFO: &amp#27;[32mSave 5b63c613-d79f-4b8d-974e-b4f28a20fd1f(uuid755)
сент. 19, 2025 6:42:49 PM webapp.storage.AbstractStorage save
INFO: &amp#27;[32mSave 8162f028-e372-4cc3-bca6-4200d6e18dac(uuid756)
сент. 19, 2025 6:42:49 PM webapp.storage.AbstractStorage save
INFO: &amp#27;[32mSave be1e033c-d1c2-4f93-b355-b2e1f398ee10(uuid757)
сент. 19, 2025 6:42:49 PM webapp.storage.AbstractStorage save
INFO: &amp#27;[32mSave 74e9df06-204e-4ddd-99b1-d2777ec523e8(uuid758)
сент. 19, 2025 6:42:49 PM webapp.storage.AbstractStorage save
INFO: &amp#27;[32mSave 48eb85d3-7189-43e3-9f63-22f0208218ba(uuid759)
сент. 19, 2025 6:42:49 PM webapp.storage.AbstractStorage save
INFO: &amp#27;[32mSave 68108146-2af7-4349-a103-76f9121ef457(uuid760)
сент. 19, 2025 6:42:49 PM webapp.storage.AbstractStorage save
INFO: &amp#27;[32mSave fd8273c3-43e5-4f33-ad74-13d18bb23bd7(uuid761)
сент. 19, 2025 6:42:49 PM webapp.storage.AbstractStorage save
INFO: &amp#27;[32mSave bff57085-17ba-4771-8164-8e7f8e6b8b1f(uuid762)
сент. 19, 2025 6:42:49 PM webapp.storage.AbstractStorage save
INFO: &amp#27;[32mSave fe73366a-ab65-4ea5-865f-ac7b68c43cf1(uuid763)
сент. 19, 2025 6:42:49 PM webapp.storage.AbstractStorage save
INFO: &amp#27;[32mSave f9a8fa45-df2a-4e4d-8a41-40c82c102797(uuid764)
сент. 19, 2025 6:42:49 PM webapp.storage.AbstractStorage save
INFO: &amp#27;[32mSave ac6dae12-7629-4ba2-b3e6-00a6233bee44(uuid765)
сент. 19, 2025 6:42:49 PM webapp.storage.AbstractStorage save
INFO: &amp#27;[32mSave 3b5f62f5-a327-4198-9047-8b507fef56f4(uuid766)
сент. 19, 2025 6:42:49 PM webapp.storage.AbstractStorage save
INFO: &amp#27;[32mSave f10adb1c-763a-47c2-8eca-911fd39794d6(uuid767)
сент. 19, 2025 6:42:49 PM webapp.storage.AbstractStorage save
INFO: &amp#27;[32mSave 77ef9cb6-6cb0-43d3-be73-11cbb4bcf2e2(uuid768)
сент. 19, 2025 6:42:49 PM webapp.storage.AbstractStorage save
INFO: &amp#27;[32mSave 56b6f953-806a-4ac4-9888-a0fc109f850f(uuid769)
сент. 19, 2025 6:42:49 PM webapp.storage.AbstractStorage save
INFO: &amp#27;[32mSave 0381df60-f4de-46a5-b12f-1bb9d1f703d1(uuid770)
сент. 19, 2025 6:42:49 PM webapp.storage.AbstractStorage save
INFO: &amp#27;[32mSave ff1f8521-cbf1-4c67-9977-e35c34ba08bb(uuid771)
сент. 19, 2025 6:42:49 PM webapp.storage.AbstractStorage save
INFO: &amp#27;[32mSave 33a20154-a39f-4a59-ae78-55724308a958(uuid772)
сент. 19, 2025 6:42:49 PM webapp.storage.AbstractStorage save
INFO: &amp#27;[32mSave ab67962f-ace1-46eb-8fc1-a9a7c14e2ed6(uuid773)
сент. 19, 2025 6:42:49 PM webapp.storage.AbstractStorage save
INFO: &amp#27;[32mSave 18b0fa54-ef5a-428f-aaa4-25f1dc580140(uuid774)
сент. 19, 2025 6:42:49 PM webapp.storage.AbstractStorage save
INFO: &amp#27;[32mSave 861327ee-a2fd-4eaf-acca-414e351e8044(uuid775)
сент. 19, 2025 6:42:49 PM webapp.storage.AbstractStorage save
INFO: &amp#27;[32mSave 585b6a4e-d0d3-4477-aa56-598d80bf6774(uuid776)
сент. 19, 2025 6:42:49 PM webapp.storage.AbstractStorage save
INFO: &amp#27;[32mSave 6a3ab985-3679-43b4-889a-4f87c4baf991(uuid777)
сент. 19, 2025 6:42:49 PM webapp.storage.AbstractStorage save
INFO: &amp#27;[32mSave d1c60e1f-b709-4aa6-b50f-ed55386506e8(uuid778)
сент. 19, 2025 6:42:49 PM webapp.storage.AbstractStorage save
INFO: &amp#27;[32mSave 98c84f92-03fa-41ab-92a4-8d5e3b713a3b(uuid779)
сент. 19, 2025 6:42:49 PM webapp.storage.AbstractStorage save
INFO: &amp#27;[32mSave c085f68d-a34c-4ddf-ba0c-b1c8ae8715b9(uuid780)
сент. 19, 2025 6:42:49 PM webapp.storage.AbstractStorage save
INFO: &amp#27;[32mSave eaf951e2-668e-419a-bbc5-53bb75015eed(uuid781)
сент. 19, 2025 6:42:49 PM webapp.storage.AbstractStorage save
INFO: &amp#27;[32mSave 6f6a9032-3a34-4c57-9144-2f70e5459cb1(uuid782)
сент. 19, 2025 6:42:49 PM webapp.storage.AbstractStorage save
INFO: &amp#27;[32mSave 7d2e3599-3cc7-4b59-aa85-e86483631ac3(uuid783)
сент. 19, 2025 6:42:49 PM webapp.storage.AbstractStorage save
INFO: &amp#27;[32mSave 4d824ef0-8a37-4793-9819-eb04b239c48a(uuid784)
сент. 19, 2025 6:42:49 PM webapp.storage.AbstractStorage save
INFO: &amp#27;[32mSave 05295aa4-c050-45b0-9739-ee7630aa67d2(uuid785)
сент. 19, 2025 6:42:49 PM webapp.storage.AbstractStorage save
INFO: &amp#27;[32mSave f1ea19a4-94c7-4ffd-87fe-da0c113c4f02(uuid786)
сент. 19, 2025 6:42:49 PM webapp.storage.AbstractStorage save
INFO: &amp#27;[32mSave dcd71f03-320b-4e9b-941f-4c0c98715ddb(uuid787)
сент. 19, 2025 6:42:49 PM webapp.storage.AbstractStorage save
INFO: &amp#27;[32mSave d0f2ceab-8b41-49bb-892e-e0ceb1708e6e(uuid788)
сент. 19, 2025 6:42:49 PM webapp.storage.AbstractStorage save
INFO: &amp#27;[32mSave cb1e6cf5-2bb8-450c-af22-82294b81f875(uuid789)
сент. 19, 2025 6:42:49 PM webapp.storage.AbstractStorage save
INFO: &amp#27;[32mSave 8adc8318-8f18-4e85-82be-f9e05122160c(uuid790)
сент. 19, 2025 6:42:49 PM webapp.storage.AbstractStorage save
INFO: &amp#27;[32mSave fe952056-4d7d-4918-8839-c6f921321efc(uuid791)
сент. 19, 2025 6:42:49 PM webapp.storage.AbstractStorage save
INFO: &amp#27;[32mSave e079fa34-e28a-4a5f-bcdc-2b8031610fc5(uuid792)
сент. 19, 2025 6:42:49 PM webapp.storage.AbstractStorage save
INFO: &amp#27;[32mSave f717e8f5-bff6-448b-8d1b-2baebecb13d4(uuid793)
сент. 19, 2025 6:42:49 PM webapp.storage.AbstractStorage save
INFO: &amp#27;[32mSave 743856fd-0f37-41dc-8794-42631fe50e99(uuid794)
сент. 19, 2025 6:42:49 PM webapp.storage.AbstractStorage save
INFO: &amp#27;[32mSave 1ca23b6f-9244-4a72-a3d4-b15c68cade5d(uuid795)
сент. 19, 2025 6:42:49 PM webapp.storage.AbstractStorage save
INFO: &amp#27;[32mSave 7c8d345f-a67b-42cc-b8b0-ba3786f90237(uuid796)
сент. 19, 2025 6:42:49 PM webapp.storage.AbstractStorage save
INFO: &amp#27;[32mSave 9c51c4c4-1352-4088-b240-dfd8248b958e(uuid797)
сент. 19, 2025 6:42:49 PM webapp.storage.AbstractStorage save
INFO: &amp#27;[32mSave a162f2d9-595b-4ca7-b8e6-6df13c6c4d02(uuid798)
сент. 19, 2025 6:42:49 PM webapp.storage.AbstractStorage save
INFO: &amp#27;[32mSave 9661413c-b690-4ade-912b-0636efa7c2b8(uuid799)
сент. 19, 2025 6:42:49 PM webapp.storage.AbstractStorage save
INFO: &amp#27;[32mSave 00aad4fd-6d9e-4280-a473-e8efad2804e3(uuid800)
сент. 19, 2025 6:42:49 PM webapp.storage.AbstractStorage save
INFO: &amp#27;[32mSave ccd315af-e1c9-49ba-9e51-759b00ba1d93(uuid801)
сент. 19, 2025 6:42:49 PM webapp.storage.AbstractStorage save
INFO: &amp#27;[32mSave fcfe2373-3d94-4ac4-8027-bb88824d93ba(uuid802)
сент. 19, 2025 6:42:49 PM webapp.storage.AbstractStorage save
INFO: &amp#27;[32mSave cb112ebd-21d1-4793-ab9b-9ad64239dfbf(uuid803)
сент. 19, 2025 6:42:49 PM webapp.storage.AbstractStorage save
INFO: &amp#27;[32mSave 14809416-4d64-42a3-8a62-4956cd844059(uuid804)
сент. 19, 2025 6:42:49 PM webapp.storage.AbstractStorage save
INFO: &amp#27;[32mSave 1e35e8be-274e-4a32-9947-0e47adc734a9(uuid805)
сент. 19, 2025 6:42:49 PM webapp.storage.AbstractStorage save
INFO: &amp#27;[32mSave 5ac6ae4e-1cc0-48b8-81f7-c5d4c7b08935(uuid806)
сент. 19, 2025 6:42:49 PM webapp.storage.AbstractStorage save
INFO: &amp#27;[32mSave 207dca65-c3e0-448a-a34c-5d638f016f06(uuid807)
сент. 19, 2025 6:42:49 PM webapp.storage.AbstractStorage save
INFO: &amp#27;[32mSave eec36ee0-7f8e-4676-8935-c8581a4a2fc7(uuid808)
сент. 19, 2025 6:42:49 PM webapp.storage.AbstractStorage save
INFO: &amp#27;[32mSave f4cbff25-0fa4-462c-9ffe-060874c2ab26(uuid809)
сент. 19, 2025 6:42:49 PM webapp.storage.AbstractStorage save
INFO: &amp#27;[32mSave 2f342cf7-1177-4507-a9c5-fd6d4fb75120(uuid810)
сент. 19, 2025 6:42:49 PM webapp.storage.AbstractStorage save
INFO: &amp#27;[32mSave 8a18ac06-c815-4baa-8a5b-f2a8ddf8a0f6(uuid811)
сент. 19, 2025 6:42:49 PM webapp.storage.AbstractStorage save
INFO: &amp#27;[32mSave a47f0a8c-df0c-463c-9616-71bc6506f071(uuid812)
сент. 19, 2025 6:42:49 PM webapp.storage.AbstractStorage save
INFO: &amp#27;[32mSave fcf4debe-76b3-42a6-9b8c-39f25e3d1459(uuid813)
сент. 19, 2025 6:42:49 PM webapp.storage.AbstractStorage save
INFO: &amp#27;[32mSave 87ee9343-b40c-457a-b8e6-a3b5d608510e(uuid814)
сент. 19, 2025 6:42:49 PM webapp.storage.AbstractStorage save
INFO: &amp#27;[32mSave 84d4dfe5-025a-4c12-88a9-4b78a821fcd4(uuid815)
сент. 19, 2025 6:42:49 PM webapp.storage.AbstractStorage save
INFO: &amp#27;[32mSave 8f738f78-8f6b-42de-9a97-a1c541acc2d5(uuid816)
сент. 19, 2025 6:42:49 PM webapp.storage.AbstractStorage save
INFO: &amp#27;[32mSave 097a2566-87c0-4d84-8318-c285f08b891a(uuid817)
сент. 19, 2025 6:42:49 PM webapp.storage.AbstractStorage save
INFO: &amp#27;[32mSave 577ba7fb-3b6a-4e53-888b-6d08450a5057(uuid818)
сент. 19, 2025 6:42:49 PM webapp.storage.AbstractStorage save
INFO: &amp#27;[32mSave d31133e4-edea-4d26-9a16-f33f5646c8c8(uuid819)
сент. 19, 2025 6:42:49 PM webapp.storage.AbstractStorage save
INFO: &amp#27;[32mSave 38f9e168-0393-4e57-afd0-803219a60ad8(uuid820)
сент. 19, 2025 6:42:49 PM webapp.storage.AbstractStorage save
INFO: &amp#27;[32mSave 39b37f54-4ae5-45d5-aacc-404e88c7c1ee(uuid821)
сент. 19, 2025 6:42:49 PM webapp.storage.AbstractStorage save
INFO: &amp#27;[32mSave 616b1b9f-a2f9-4985-865a-a98d1aca4b44(uuid822)
сент. 19, 2025 6:42:49 PM webapp.storage.AbstractStorage save
INFO: &amp#27;[32mSave 8d519cd4-46e3-445e-a6dc-e068d849d00b(uuid823)
сент. 19, 2025 6:42:49 PM webapp.storage.AbstractStorage save
INFO: &amp#27;[32mSave 867de658-ed09-45c7-812d-c1954a1abea9(uuid824)
сент. 19, 2025 6:42:49 PM webapp.storage.AbstractStorage save
INFO: &amp#27;[32mSave aa36d2cf-051e-428c-a4db-e6e8c296378b(uuid825)
сент. 19, 2025 6:42:49 PM webapp.storage.AbstractStorage save
INFO: &amp#27;[32mSave f3ca5df1-ea4a-4f73-8b7f-7ec905ccbe8a(uuid826)
сент. 19, 2025 6:42:49 PM webapp.storage.AbstractStorage save
INFO: &amp#27;[32mSave b561c5c0-3624-4543-a192-a0c3d63846d6(uuid827)
сент. 19, 2025 6:42:49 PM webapp.storage.AbstractStorage save
INFO: &amp#27;[32mSave 0d5682ef-4d80-43ef-b27a-23991e6ff3c0(uuid828)
сент. 19, 2025 6:42:49 PM webapp.storage.AbstractStorage save
INFO: &amp#27;[32mSave ee8c9bd0-b92e-45f9-8851-07cffbbd3de7(uuid829)
сент. 19, 2025 6:42:49 PM webapp.storage.AbstractStorage save
INFO: &amp#27;[32mSave cfd06d03-9bcc-408f-b827-f6405b5ce119(uuid830)
сент. 19, 2025 6:42:49 PM webapp.storage.AbstractStorage save
INFO: &amp#27;[32mSave 2432fb6c-f1ea-4867-8c21-6734d30be294(uuid831)
сент. 19, 2025 6:42:49 PM webapp.storage.AbstractStorage save
INFO: &amp#27;[32mSave 9cef4162-cd13-4a10-9ca2-fa0c359309db(uuid832)
сент. 19, 2025 6:42:49 PM webapp.storage.AbstractStorage save
INFO: &amp#27;[32mSave fde6fd29-bcac-4600-8f61-31e5eb85237a(uuid833)
сент. 19, 2025 6:42:49 PM webapp.storage.AbstractStorage save
INFO: &amp#27;[32mSave a81b4ca0-3a27-4f4d-9de3-e0ed3f65ec18(uuid834)
сент. 19, 2025 6:42:49 PM webapp.storage.AbstractStorage save
INFO: &amp#27;[32mSave ff5f0052-4a50-4637-9cd6-a03ed847170b(uuid835)
сент. 19, 2025 6:42:49 PM webapp.storage.AbstractStorage save
INFO: &amp#27;[32mSave 5b441fec-7782-469c-b379-3a1213f3d764(uuid836)
сент. 19, 2025 6:42:49 PM webapp.storage.AbstractStorage save
INFO: &amp#27;[32mSave 24dd8c08-2c1d-4853-8b45-b7fef9793524(uuid837)
сент. 19, 2025 6:42:49 PM webapp.storage.AbstractStorage save
INFO: &amp#27;[32mSave 1e80e915-5fe5-4da7-8501-cc0745aace3b(uuid838)
сент. 19, 2025 6:42:49 PM webapp.storage.AbstractStorage save
INFO: &amp#27;[32mSave bd078e29-23e8-4478-a885-d064094bc9a0(uuid839)
сент. 19, 2025 6:42:49 PM webapp.storage.AbstractStorage save
INFO: &amp#27;[32mSave 5746074d-82d8-4be7-901c-33da15389935(uuid840)
сент. 19, 2025 6:42:49 PM webapp.storage.AbstractStorage save
INFO: &amp#27;[32mSave b1603f7b-ff42-47b3-9524-d47c37b598e5(uuid841)
сент. 19, 2025 6:42:49 PM webapp.storage.AbstractStorage save
INFO: &amp#27;[32mSave 0a01e5ab-334d-443c-8b7a-ab44785977fd(uuid842)
сент. 19, 2025 6:42:49 PM webapp.storage.AbstractStorage save
INFO: &amp#27;[32mSave a19f69c5-f058-4301-96cd-1fc2844b7ab7(uuid843)
сент. 19, 2025 6:42:49 PM webapp.storage.AbstractStorage save
INFO: &amp#27;[32mSave 5e9411ff-ede4-4f50-a3f0-acac6afd326f(uuid844)
сент. 19, 2025 6:42:49 PM webapp.storage.AbstractStorage save
INFO: &amp#27;[32mSave 4a4b2598-2abe-4512-980b-db146a7d2258(uuid845)
сент. 19, 2025 6:42:49 PM webapp.storage.AbstractStorage save
INFO: &amp#27;[32mSave f0eb064f-48cc-4f2a-b9ea-a0410ad20ded(uuid846)
сент. 19, 2025 6:42:49 PM webapp.storage.AbstractStorage save
INFO: &amp#27;[32mSave 464d729d-944c-4a3d-aaeb-d2f070d7a06d(uuid847)
сент. 19, 2025 6:42:49 PM webapp.storage.AbstractStorage save
INFO: &amp#27;[32mSave 00811390-b09f-46ca-98f3-cde4fb161518(uuid848)
сент. 19, 2025 6:42:49 PM webapp.storage.AbstractStorage save
INFO: &amp#27;[32mSave cc6fa07b-020c-445a-ba80-d1679b47ee3b(uuid849)
сент. 19, 2025 6:42:49 PM webapp.storage.AbstractStorage save
INFO: &amp#27;[32mSave d2d027a3-ca86-41e6-bbc0-e981117bbe71(uuid850)
сент. 19, 2025 6:42:49 PM webapp.storage.AbstractStorage save
INFO: &amp#27;[32mSave 47729661-3d78-4dcf-97e2-9dd60d31a04a(uuid851)
сент. 19, 2025 6:42:49 PM webapp.storage.AbstractStorage save
INFO: &amp#27;[32mSave 7b006efc-b2a5-4d73-bb78-cc5f5c80ed42(uuid852)
сент. 19, 2025 6:42:49 PM webapp.storage.AbstractStorage save
INFO: &amp#27;[32mSave e0530f47-5990-425a-b424-4a6d53b20ee8(uuid853)
сент. 19, 2025 6:42:49 PM webapp.storage.AbstractStorage save
INFO: &amp#27;[32mSave c03b9ad0-0da2-488f-ad8e-e31f80dbfea8(uuid854)
сент. 19, 2025 6:42:49 PM webapp.storage.AbstractStorage save
INFO: &amp#27;[32mSave 35b035fb-d9f0-44d4-81b4-a24b5afbb4c5(uuid855)
сент. 19, 2025 6:42:49 PM webapp.storage.AbstractStorage save
INFO: &amp#27;[32mSave f0e14ff2-2e52-466f-babf-b6ff76b23051(uuid856)
сент. 19, 2025 6:42:49 PM webapp.storage.AbstractStorage save
INFO: &amp#27;[32mSave 735cb6c3-c602-4e78-9a44-8129e110b24c(uuid857)
сент. 19, 2025 6:42:49 PM webapp.storage.AbstractStorage save
INFO: &amp#27;[32mSave 943504d0-a091-42fd-a76f-b64290047075(uuid858)
сент. 19, 2025 6:42:49 PM webapp.storage.AbstractStorage save
INFO: &amp#27;[32mSave 23119749-8654-4e0b-a61e-dc031a2346cc(uuid859)
сент. 19, 2025 6:42:49 PM webapp.storage.AbstractStorage save
INFO: &amp#27;[32mSave 7df88e0c-83ed-41f8-ac8a-45117e164151(uuid860)
сент. 19, 2025 6:42:49 PM webapp.storage.AbstractStorage save
INFO: &amp#27;[32mSave 0661a6ae-4d04-4a1c-a20a-fba79a542207(uuid861)
сент. 19, 2025 6:42:49 PM webapp.storage.AbstractStorage save
INFO: &amp#27;[32mSave 266982c3-a68a-49a0-b6ae-d5de3821767d(uuid862)
сент. 19, 2025 6:42:49 PM webapp.storage.AbstractStorage save
INFO: &amp#27;[32mSave aa87e947-8cbb-4b89-9fb6-095bb7988a4a(uuid863)
сент. 19, 2025 6:42:49 PM webapp.storage.AbstractStorage save
INFO: &amp#27;[32mSave a650e629-9822-470e-bba0-1e51a78c7cab(uuid864)
сент. 19, 2025 6:42:49 PM webapp.storage.AbstractStorage save
INFO: &amp#27;[32mSave 8a457afa-6bac-4bbf-92a8-3c7b5e1e575f(uuid865)
сент. 19, 2025 6:42:49 PM webapp.storage.AbstractStorage save
INFO: &amp#27;[32mSave fa5c1c7f-df25-4d40-b73d-a7ee6b424c34(uuid866)
сент. 19, 2025 6:42:49 PM webapp.storage.AbstractStorage save
INFO: &amp#27;[32mSave 485330ad-58a8-4e9c-a393-52bece99e7c0(uuid867)
сент. 19, 2025 6:42:49 PM webapp.storage.AbstractStorage save
INFO: &amp#27;[32mSave d641f9e7-de65-40ce-b4d3-735287393353(uuid868)
сент. 19, 2025 6:42:49 PM webapp.storage.AbstractStorage save
INFO: &amp#27;[32mSave b15e7572-4b7a-4914-8a66-803318bbf76b(uuid869)
сент. 19, 2025 6:42:49 PM webapp.storage.AbstractStorage save
INFO: &amp#27;[32mSave d3466f9c-72f7-4390-992b-b6cca8d4a0f1(uuid870)
сент. 19, 2025 6:42:49 PM webapp.storage.AbstractStorage save
INFO: &amp#27;[32mSave 566ce53c-b916-43f0-9ae0-1fd5593bff2c(uuid871)
сент. 19, 2025 6:42:49 PM webapp.storage.AbstractStorage save
INFO: &amp#27;[32mSave d9eb0991-08e4-4040-80bc-47506b95f0a9(uuid872)
сент. 19, 2025 6:42:49 PM webapp.storage.AbstractStorage save
INFO: &amp#27;[32mSave aa5e6d98-b0f7-4101-bd26-61ff0174f4ca(uuid873)
сент. 19, 2025 6:42:49 PM webapp.storage.AbstractStorage save
INFO: &amp#27;[32mSave 8235f451-fd01-4bc9-afa0-8cb0d4c3a9d1(uuid874)
сент. 19, 2025 6:42:49 PM webapp.storage.AbstractStorage save
INFO: &amp#27;[32mSave 953e3a08-b2e7-44fe-9458-645bd2ce266e(uuid875)
сент. 19, 2025 6:42:49 PM webapp.storage.AbstractStorage save
INFO: &amp#27;[32mSave 42c8a06d-41cf-4a06-b17f-17e893be86bc(uuid876)
сент. 19, 2025 6:42:49 PM webapp.storage.AbstractStorage save
INFO: &amp#27;[32mSave 5e389695-a48e-41d0-ab70-bf092a8f55fd(uuid877)
сент. 19, 2025 6:42:49 PM webapp.storage.AbstractStorage save
INFO: &amp#27;[32mSave 5f467ce6-932c-4be8-885e-f8f55e07e0b5(uuid878)
сент. 19, 2025 6:42:49 PM webapp.storage.AbstractStorage save
INFO: &amp#27;[32mSave 32ab4556-cf6e-4968-805e-87dfd0814615(uuid879)
сент. 19, 2025 6:42:49 PM webapp.storage.AbstractStorage save
INFO: &amp#27;[32mSave c6cee200-1078-4670-b35b-afb3e51a39e2(uuid880)
сент. 19, 2025 6:42:49 PM webapp.storage.AbstractStorage save
INFO: &amp#27;[32mSave a96eb56d-33dc-441c-aa6d-f4af283d1fc0(uuid881)
сент. 19, 2025 6:42:49 PM webapp.storage.AbstractStorage save
INFO: &amp#27;[32mSave b2829b39-ab11-4af3-9581-227c7aa25817(uuid882)
сент. 19, 2025 6:42:49 PM webapp.storage.AbstractStorage save
INFO: &amp#27;[32mSave 06488aab-36a3-44ca-99d7-730a86c9e15b(uuid883)
сент. 19, 2025 6:42:49 PM webapp.storage.AbstractStorage save
INFO: &amp#27;[32mSave 203d8741-0309-4fc3-b5a7-471bbb2a1eb6(uuid884)
сент. 19, 2025 6:42:49 PM webapp.storage.AbstractStorage save
INFO: &amp#27;[32mSave f24b5e05-01a3-4d6b-9efd-167b596977a4(uuid885)
сент. 19, 2025 6:42:49 PM webapp.storage.AbstractStorage save
INFO: &amp#27;[32mSave ffb0c810-5833-40b9-b1b9-5ad149177941(uuid886)
сент. 19, 2025 6:42:49 PM webapp.storage.AbstractStorage save
INFO: &amp#27;[32mSave 953eb12d-f310-4c6b-a7af-eeb3fc0592e9(uuid887)
сент. 19, 2025 6:42:49 PM webapp.storage.AbstractStorage save
INFO: &amp#27;[32mSave abae7152-c0a0-4726-92ba-b9e315779b27(uuid888)
сент. 19, 2025 6:42:49 PM webapp.storage.AbstractStorage save
INFO: &amp#27;[32mSave f22653ea-4eb4-410b-a4e6-34ae95ca47a7(uuid889)
сент. 19, 2025 6:42:49 PM webapp.storage.AbstractStorage save
INFO: &amp#27;[32mSave a561b032-75ee-44bb-901f-2f640892b5d6(uuid890)
сент. 19, 2025 6:42:49 PM webapp.storage.AbstractStorage save
INFO: &amp#27;[32mSave 4cb0c57f-3cbc-4125-89f6-ac873cb30f34(uuid891)
сент. 19, 2025 6:42:49 PM webapp.storage.AbstractStorage save
INFO: &amp#27;[32mSave a02f75cf-6879-49a2-9bf2-a5859bc271a0(uuid892)
сент. 19, 2025 6:42:49 PM webapp.storage.AbstractStorage save
INFO: &amp#27;[32mSave 08182782-9e01-4d9d-b282-59af4d3079f5(uuid893)
сент. 19, 2025 6:42:49 PM webapp.storage.AbstractStorage save
INFO: &amp#27;[32mSave d473cce0-9e32-44ba-afa2-b6781e2ac2a3(uuid894)
сент. 19, 2025 6:42:49 PM webapp.storage.AbstractStorage save
INFO: &amp#27;[32mSave fbcb7d9e-536e-436b-be37-d47c44a93803(uuid895)
сент. 19, 2025 6:42:49 PM webapp.storage.AbstractStorage save
INFO: &amp#27;[32mSave 756c2c6c-2086-4baf-8ef9-849e15e12947(uuid896)
сент. 19, 2025 6:42:49 PM webapp.storage.AbstractStorage save
INFO: &amp#27;[32mSave 42d6bbfb-bc8d-4837-b53b-e4f8978d6fd6(uuid897)
сент. 19, 2025 6:42:49 PM webapp.storage.AbstractStorage save
INFO: &amp#27;[32mSave d07f763f-b568-4765-b0be-7e614786e77f(uuid898)
сент. 19, 2025 6:42:49 PM webapp.storage.AbstractStorage save
INFO: &amp#27;[32mSave 3730dab7-ee1b-4035-84ac-39119eced654(uuid899)
сент. 19, 2025 6:42:49 PM webapp.storage.AbstractStorage save
INFO: &amp#27;[32mSave 322b5024-531e-49f7-8d82-b2f6087c6e2b(uuid900)
сент. 19, 2025 6:42:49 PM webapp.storage.AbstractStorage save
INFO: &amp#27;[32mSave f4ae7421-0816-4bfc-9ddb-ee4b977d7f9f(uuid901)
сент. 19, 2025 6:42:49 PM webapp.storage.AbstractStorage save
INFO: &amp#27;[32mSave fa55f300-fb89-4f38-885b-a548d437b7be(uuid902)
сент. 19, 2025 6:42:49 PM webapp.storage.AbstractStorage save
INFO: &amp#27;[32mSave 0f666f35-745c-4222-ba39-647423ed5aba(uuid903)
сент. 19, 2025 6:42:49 PM webapp.storage.AbstractStorage save
INFO: &amp#27;[32mSave aabbb442-17af-4a5b-ab2c-93184c9e81b5(uuid904)
сент. 19, 2025 6:42:49 PM webapp.storage.AbstractStorage save
INFO: &amp#27;[32mSave f64df6e7-27eb-43be-9a71-9ac2cfbf8533(uuid905)
сент. 19, 2025 6:42:49 PM webapp.storage.AbstractStorage save
INFO: &amp#27;[32mSave 509980d9-3d86-4c15-bd1a-3030be6fe901(uuid906)
сент. 19, 2025 6:42:49 PM webapp.storage.AbstractStorage save
INFO: &amp#27;[32mSave 4ed8329f-eeaa-4913-9751-34ec0f3d59f3(uuid907)
сент. 19, 2025 6:42:49 PM webapp.storage.AbstractStorage save
INFO: &amp#27;[32mSave 46cabb39-e202-40a3-a4fa-d01cb02498fd(uuid908)
сент. 19, 2025 6:42:49 PM webapp.storage.AbstractStorage save
INFO: &amp#27;[32mSave 5eff074b-810e-4f3d-b240-167a6323f8c5(uuid909)
сент. 19, 2025 6:42:49 PM webapp.storage.AbstractStorage save
INFO: &amp#27;[32mSave 9d30c9ce-6558-416d-9a34-4e74f5c91f60(uuid910)
сент. 19, 2025 6:42:49 PM webapp.storage.AbstractStorage save
INFO: &amp#27;[32mSave 450882e5-80f8-45a9-bff4-d3ee46a3cbb0(uuid911)
сент. 19, 2025 6:42:49 PM webapp.storage.AbstractStorage save
INFO: &amp#27;[32mSave febcbfbb-0de4-447c-a27a-653a504e9013(uuid912)
сент. 19, 2025 6:42:49 PM webapp.storage.AbstractStorage save
INFO: &amp#27;[32mSave 22120d25-bdab-4c35-9067-ce4fe13fb473(uuid913)
сент. 19, 2025 6:42:49 PM webapp.storage.AbstractStorage save
INFO: &amp#27;[32mSave 783b4f8e-630c-494e-9e80-f8dd40693ea8(uuid914)
сент. 19, 2025 6:42:49 PM webapp.storage.AbstractStorage save
INFO: &amp#27;[32mSave 167cb946-0e08-47f7-9e06-ba5445c658b1(uuid915)
сент. 19, 2025 6:42:49 PM webapp.storage.AbstractStorage save
INFO: &amp#27;[32mSave 6a38135d-e0af-4587-a392-067aa89dcee3(uuid916)
сент. 19, 2025 6:42:49 PM webapp.storage.AbstractStorage save
INFO: &amp#27;[32mSave 9b2ca13d-cb6f-45d4-90a0-ef166c664ccd(uuid917)
сент. 19, 2025 6:42:49 PM webapp.storage.AbstractStorage save
INFO: &amp#27;[32mSave 3300bffe-95b3-481d-bdfc-befb01e24235(uuid918)
сент. 19, 2025 6:42:49 PM webapp.storage.AbstractStorage save
INFO: &amp#27;[32mSave 0f5210cb-275a-4b54-aeb0-063ff15d9702(uuid919)
сент. 19, 2025 6:42:49 PM webapp.storage.AbstractStorage save
INFO: &amp#27;[32mSave ce0007d6-3faf-4c21-99d6-922ab2f15997(uuid920)
сент. 19, 2025 6:42:49 PM webapp.storage.AbstractStorage save
INFO: &amp#27;[32mSave 5de32c66-2fd0-4004-9fcc-45b9907ff3c8(uuid921)
сент. 19, 2025 6:42:49 PM webapp.storage.AbstractStorage save
INFO: &amp#27;[32mSave 39253d6a-1015-414c-a1bf-0d13988f5c26(uuid922)
сент. 19, 2025 6:42:49 PM webapp.storage.AbstractStorage save
INFO: &amp#27;[32mSave d12696b6-3ffe-4a9f-b891-e88fabd2b31f(uuid923)
сент. 19, 2025 6:42:49 PM webapp.storage.AbstractStorage save
INFO: &amp#27;[32mSave 6493fe22-4cad-4398-b370-893ded54ba2a(uuid924)
сент. 19, 2025 6:42:49 PM webapp.storage.AbstractStorage save
INFO: &amp#27;[32mSave f17c3f8b-28b7-4b3e-9700-08e7e16f59ae(uuid925)
сент. 19, 2025 6:42:49 PM webapp.storage.AbstractStorage save
INFO: &amp#27;[32mSave 0d7800fa-aed0-451b-822a-c3b155e38e42(uuid926)
сент. 19, 2025 6:42:49 PM webapp.storage.AbstractStorage save
INFO: &amp#27;[32mSave 3729e63e-cc98-4fdf-9be1-122a3ed15a6d(uuid927)
сент. 19, 2025 6:42:49 PM webapp.storage.AbstractStorage save
INFO: &amp#27;[32mSave c97444e4-7ae4-45f5-b4a0-c4f5afdc2584(uuid928)
сент. 19, 2025 6:42:49 PM webapp.storage.AbstractStorage save
INFO: &amp#27;[32mSave 04a24c46-0c6b-4f8f-ba97-1a456ae4c8ca(uuid929)
сент. 19, 2025 6:42:49 PM webapp.storage.AbstractStorage save
INFO: &amp#27;[32mSave 9b6ff007-ab19-4309-b3ba-65f6d1b2666e(uuid930)
сент. 19, 2025 6:42:49 PM webapp.storage.AbstractStorage save
INFO: &amp#27;[32mSave daec81b8-f5bb-41c0-a167-d9bede44572b(uuid931)
сент. 19, 2025 6:42:49 PM webapp.storage.AbstractStorage save
INFO: &amp#27;[32mSave d5cd84e1-682d-41ae-bde1-431bdfece86e(uuid932)
сент. 19, 2025 6:42:49 PM webapp.storage.AbstractStorage save
INFO: &amp#27;[32mSave c67f5e7d-5e8a-4ecf-ac69-434186ede795(uuid933)
сент. 19, 2025 6:42:49 PM webapp.storage.AbstractStorage save
INFO: &amp#27;[32mSave 62f079f4-dbe2-4655-9767-fa260766c449(uuid934)
сент. 19, 2025 6:42:49 PM webapp.storage.AbstractStorage save
INFO: &amp#27;[32mSave dd32cead-0167-4911-8dbd-c0097358c71a(uuid935)
сент. 19, 2025 6:42:49 PM webapp.storage.AbstractStorage save
INFO: &amp#27;[32mSave 2f72c46a-8826-4d79-bb08-867c3881d96d(uuid936)
сент. 19, 2025 6:42:49 PM webapp.storage.AbstractStorage save
INFO: &amp#27;[32mSave cd8cbf6b-3f96-4165-96a1-75c9c7555427(uuid937)
сент. 19, 2025 6:42:49 PM webapp.storage.AbstractStorage save
INFO: &amp#27;[32mSave 2e5e1f75-ea26-4b2f-8b4d-e0f01ee20511(uuid938)
сент. 19, 2025 6:42:49 PM webapp.storage.AbstractStorage save
INFO: &amp#27;[32mSave 2ea9e9df-d083-45e0-aee8-98dc757531b3(uuid939)
сент. 19, 2025 6:42:49 PM webapp.storage.AbstractStorage save
INFO: &amp#27;[32mSave ab1e03c9-6671-408e-8ac1-ee89bf56715d(uuid940)
сент. 19, 2025 6:42:49 PM webapp.storage.AbstractStorage save
INFO: &amp#27;[32mSave 14e61677-39b2-4cf2-a460-331bac92230a(uuid941)
сент. 19, 2025 6:42:49 PM webapp.storage.AbstractStorage save
INFO: &amp#27;[32mSave 3924804f-dc98-4057-93d9-e0e6b24e4090(uuid942)
сент. 19, 2025 6:42:49 PM webapp.storage.AbstractStorage save
INFO: &amp#27;[32mSave 453d4455-33ec-4c16-b095-0ed682fb96d4(uuid943)
сент. 19, 2025 6:42:49 PM webapp.storage.AbstractStorage save
INFO: &amp#27;[32mSave e331316f-6351-4cee-8405-4809f7fb65a1(uuid944)
сент. 19, 2025 6:42:49 PM webapp.storage.AbstractStorage save
INFO: &amp#27;[32mSave 18d0b17f-f9fd-478f-8296-2501e03edf8d(uuid945)
сент. 19, 2025 6:42:49 PM webapp.storage.AbstractStorage save
INFO: &amp#27;[32mSave c7034ad9-c07a-469c-b552-fb9719e7c45d(uuid946)
сент. 19, 2025 6:42:49 PM webapp.storage.AbstractStorage save
INFO: &amp#27;[32mSave 9e839baf-f0df-4380-b18b-90f0065ff71b(uuid947)
сент. 19, 2025 6:42:49 PM webapp.storage.AbstractStorage save
INFO: &amp#27;[32mSave 72a1f6c6-ec98-4212-810b-70e6b3e0674c(uuid948)
сент. 19, 2025 6:42:49 PM webapp.storage.AbstractStorage save
INFO: &amp#27;[32mSave 7ea6abf1-a299-40b4-81a0-f65cfed1b56d(uuid949)
сент. 19, 2025 6:42:49 PM webapp.storage.AbstractStorage save
INFO: &amp#27;[32mSave 81455e4d-ee0b-4199-81a1-75c84a21b457(uuid950)
сент. 19, 2025 6:42:49 PM webapp.storage.AbstractStorage save
INFO: &amp#27;[32mSave 47ec9285-2db8-43a0-a8a1-6bf66e001b30(uuid951)
сент. 19, 2025 6:42:49 PM webapp.storage.AbstractStorage save
INFO: &amp#27;[32mSave 2fff5b3a-e9da-42e1-a3ec-e58315059a86(uuid952)
сент. 19, 2025 6:42:49 PM webapp.storage.AbstractStorage save
INFO: &amp#27;[32mSave 8ebe9f21-117d-4343-8347-277d17fc2c01(uuid953)
сент. 19, 2025 6:42:49 PM webapp.storage.AbstractStorage save
INFO: &amp#27;[32mSave 140d2142-5184-4202-8cd6-9c9b5273fae6(uuid954)
сент. 19, 2025 6:42:49 PM webapp.storage.AbstractStorage save
INFO: &amp#27;[32mSave f8a63e4d-4fbe-4db3-8836-45b09cdf8286(uuid955)
сент. 19, 2025 6:42:49 PM webapp.storage.AbstractStorage save
INFO: &amp#27;[32mSave 6e308f61-57fd-490a-b2c8-ff791aade092(uuid956)
сент. 19, 2025 6:42:49 PM webapp.storage.AbstractStorage save
INFO: &amp#27;[32mSave 8c44ef1e-fabc-4aeb-839a-7b6191e92bbe(uuid957)
сент. 19, 2025 6:42:49 PM webapp.storage.AbstractStorage save
INFO: &amp#27;[32mSave 19f3013b-ddd8-4d20-be93-8af3fd4138ba(uuid958)
сент. 19, 2025 6:42:49 PM webapp.storage.AbstractStorage save
INFO: &amp#27;[32mSave 0f17ebcd-4dcf-4ee1-aac8-ef77df21a536(uuid959)
сент. 19, 2025 6:42:49 PM webapp.storage.AbstractStorage save
INFO: &amp#27;[32mSave b007b9d6-673d-452a-b114-f28c0048882a(uuid960)
сент. 19, 2025 6:42:49 PM webapp.storage.AbstractStorage save
INFO: &amp#27;[32mSave 9c9eb714-b3a0-4622-8f35-e6f695720291(uuid961)
сент. 19, 2025 6:42:49 PM webapp.storage.AbstractStorage save
INFO: &amp#27;[32mSave 72a19de7-e2d6-465c-9734-16a5acdf8296(uuid962)
сент. 19, 2025 6:42:49 PM webapp.storage.AbstractStorage save
INFO: &amp#27;[32mSave 696288b3-1596-4e6d-aeae-a303bf4c4969(uuid963)
сент. 19, 2025 6:42:49 PM webapp.storage.AbstractStorage save
INFO: &amp#27;[32mSave f38150ba-fa8e-4839-a77e-911ccca4812d(uuid964)
сент. 19, 2025 6:42:49 PM webapp.storage.AbstractStorage save
INFO: &amp#27;[32mSave fe8a50c7-1442-4d9b-9162-b9f47f2894c3(uuid965)
сент. 19, 2025 6:42:49 PM webapp.storage.AbstractStorage save
INFO: &amp#27;[32mSave cc97d5a2-207c-4674-9c8f-6fc7dd3793c7(uuid966)
сент. 19, 2025 6:42:49 PM webapp.storage.AbstractStorage save
INFO: &amp#27;[32mSave 3156d087-bdeb-4b8a-b049-937131e818de(uuid967)
сент. 19, 2025 6:42:49 PM webapp.storage.AbstractStorage save
INFO: &amp#27;[32mSave 5ae919ab-650d-45a4-86cf-d741c56a789b(uuid968)
сент. 19, 2025 6:42:49 PM webapp.storage.AbstractStorage save
INFO: &amp#27;[32mSave 5867665b-06a2-4eed-8cca-2913dc0ed85e(uuid969)
сент. 19, 2025 6:42:49 PM webapp.storage.AbstractStorage save
INFO: &amp#27;[32mSave 66cf93ef-f8db-4f6c-8486-ddbb613d4ac8(uuid970)
сент. 19, 2025 6:42:49 PM webapp.storage.AbstractStorage save
INFO: &amp#27;[32mSave 7cefb4e0-d691-47d1-8fde-d7b36fd88f48(uuid971)
сент. 19, 2025 6:42:49 PM webapp.storage.AbstractStorage save
INFO: &amp#27;[32mSave 981fa60e-76e2-4aef-b5cd-b6becda4f5ca(uuid972)
сент. 19, 2025 6:42:49 PM webapp.storage.AbstractStorage save
INFO: &amp#27;[32mSave 57dfd7d7-591d-4247-b857-3e3df7d8dbc4(uuid973)
сент. 19, 2025 6:42:49 PM webapp.storage.AbstractStorage save
INFO: &amp#27;[32mSave f9d582f9-ca72-4706-8fed-0723bd9789d2(uuid974)
сент. 19, 2025 6:42:49 PM webapp.storage.AbstractStorage save
INFO: &amp#27;[32mSave 3a591b2c-afaf-4aad-a845-1b3d80004a48(uuid975)
сент. 19, 2025 6:42:49 PM webapp.storage.AbstractStorage save
INFO: &amp#27;[32mSave ae332828-dcf1-4a95-b216-4f10c577b290(uuid976)
сент. 19, 2025 6:42:49 PM webapp.storage.AbstractStorage save
INFO: &amp#27;[32mSave 03028acb-655a-4b0f-be45-7860e8398d12(uuid977)
сент. 19, 2025 6:42:49 PM webapp.storage.AbstractStorage save
INFO: &amp#27;[32mSave 0f211b49-63c3-40a4-b80a-fc76aa08bf61(uuid978)
сент. 19, 2025 6:42:49 PM webapp.storage.AbstractStorage save
INFO: &amp#27;[32mSave 47903d89-13f8-4107-ab49-eee44e0b4942(uuid979)
сент. 19, 2025 6:42:49 PM webapp.storage.AbstractStorage save
INFO: &amp#27;[32mSave bc1caf3f-aa28-48b5-8c4b-50a003308922(uuid980)
сент. 19, 2025 6:42:49 PM webapp.storage.AbstractStorage save
INFO: &amp#27;[32mSave 833469a1-6640-4c1c-8d26-9da6164ea94a(uuid981)
сент. 19, 2025 6:42:49 PM webapp.storage.AbstractStorage save
INFO: &amp#27;[32mSave e7f70fdc-630f-4236-869f-92f2f0fc704e(uuid982)
сент. 19, 2025 6:42:49 PM webapp.storage.AbstractStorage save
INFO: &amp#27;[32mSave 3305f4bc-b0d0-460a-a9bf-6dd57c66e9e1(uuid983)
сент. 19, 2025 6:42:49 PM webapp.storage.AbstractStorage save
INFO: &amp#27;[32mSave 0bc94fc3-dc67-4f10-9e13-1cc4810b8cf1(uuid984)
сент. 19, 2025 6:42:49 PM webapp.storage.AbstractStorage save
INFO: &amp#27;[32mSave f6f97eeb-7aea-4e52-885d-cfcbc49f8447(uuid985)
сент. 19, 2025 6:42:49 PM webapp.storage.AbstractStorage save
INFO: &amp#27;[32mSave 0684f408-5cae-4f8d-8fc5-44f10b893d28(uuid986)
сент. 19, 2025 6:42:49 PM webapp.storage.AbstractStorage save
INFO: &amp#27;[32mSave fb1af120-63d2-40c5-aec0-d31b016bf9c7(uuid987)
сент. 19, 2025 6:42:49 PM webapp.storage.AbstractStorage save
INFO: &amp#27;[32mSave 7ce7abb2-27a0-4313-8b1b-61bc1a157e5a(uuid988)
сент. 19, 2025 6:42:49 PM webapp.storage.AbstractStorage save
INFO: &amp#27;[32mSave bf5f2345-64a6-4466-a11d-88b24c1ac6d8(uuid989)
сент. 19, 2025 6:42:49 PM webapp.storage.AbstractStorage save
INFO: &amp#27;[32mSave fc726f0b-64bd-48a0-a8f4-7f9f7b3b23cb(uuid990)
сент. 19, 2025 6:42:49 PM webapp.storage.AbstractStorage save
INFO: &amp#27;[32mSave 63ae4158-8b45-44f1-b1f8-bb609ac652dd(uuid991)
сент. 19, 2025 6:42:49 PM webapp.storage.AbstractStorage save
INFO: &amp#27;[32mSave 9f3240a8-7d07-461b-b00b-0b1e68e6486c(uuid992)
сент. 19, 2025 6:42:49 PM webapp.storage.AbstractStorage save
INFO: &amp#27;[32mSave 089244b7-1d66-4c82-9b2b-881a95596de8(uuid993)
сент. 19, 2025 6:42:49 PM webapp.storage.AbstractStorage save
INFO: &amp#27;[32mSave 78973437-5e98-4020-9371-56e583a01ba0(uuid994)
сент. 19, 2025 6:42:49 PM webapp.storage.AbstractStorage save
INFO: &amp#27;[32mSave 4ec6b1ff-ff1c-4798-b2e7-dc7edfde12ec(uuid995)
сент. 19, 2025 6:42:49 PM webapp.storage.AbstractStorage save
INFO: &amp#27;[32mSave 20b1a84a-4f8e-4b8b-a641-4a9996f272f1(uuid996)
сент. 19, 2025 6:42:49 PM webapp.storage.AbstractStorage save
INFO: &amp#27;[32mSave 23ef6909-7b8a-4b60-9180-3375872f03f6(uuid997)
сент. 19, 2025 6:42:49 PM webapp.storage.AbstractStorage save
INFO: &amp#27;[32mSave 6d87746a-cf05-45eb-a324-1fe707d96b2c(uuid998)
сент. 19, 2025 6:42:49 PM webapp.storage.AbstractStorage save
INFO: &amp#27;[32mSave 72131bb1-bd7d-458d-84cd-8a2bd99aa4d9(uuid999)
сент. 19, 2025 6:42:49 PM webapp.storage.AbstractStorage save
INFO: &amp#27;[32mSave 227b76de-a5cf-418e-bb47-58aad844b649(uuid1000)
сент. 19, 2025 6:42:49 PM webapp.storage.AbstractStorage save
INFO: &amp#27;[32mSave ee9d4a91-94b4-44eb-9675-b7fe7debaa9f(uuid1001)
сент. 19, 2025 6:42:49 PM webapp.storage.AbstractStorage save
INFO: &amp#27;[32mSave 41bce5db-3b7f-4fa1-8fc4-7c1cb6e462d4(uuid1002)
сент. 19, 2025 6:42:49 PM webapp.storage.AbstractStorage save
INFO: &amp#27;[32mSave 6c9299c5-39c4-4db2-9c2c-8f72b0bf5a79(uuid1003)
сент. 19, 2025 6:42:49 PM webapp.storage.AbstractStorage save
INFO: &amp#27;[32mSave f7e4bce7-40e3-4c0e-a58b-c8c65d75fb79(uuid1004)
сент. 19, 2025 6:42:49 PM webapp.storage.AbstractStorage save
INFO: &amp#27;[32mSave cd73c51d-a796-4ba0-90c0-b04ea3b04ae6(uuid1005)
сент. 19, 2025 6:42:49 PM webapp.storage.AbstractStorage save
INFO: &amp#27;[32mSave 58cac2ee-ed21-4368-aba6-620a956b9d81(uuid1006)
сент. 19, 2025 6:42:49 PM webapp.storage.AbstractStorage save
INFO: &amp#27;[32mSave b2b9f45d-9bc0-4fd4-aa6d-59c747331cfd(uuid1007)
сент. 19, 2025 6:42:49 PM webapp.storage.AbstractStorage save
INFO: &amp#27;[32mSave 828f428b-19c7-4e8e-a18a-d707abad26fb(uuid1008)
сент. 19, 2025 6:42:49 PM webapp.storage.AbstractStorage save
INFO: &amp#27;[32mSave d374db38-1eab-413e-9075-63b4be902796(uuid1009)
сент. 19, 2025 6:42:49 PM webapp.storage.AbstractStorage save
INFO: &amp#27;[32mSave ffad8e3d-1675-4c97-8efd-e419c39f42d9(uuid1010)
сент. 19, 2025 6:42:49 PM webapp.storage.AbstractStorage save
INFO: &amp#27;[32mSave f9a54a5a-71fe-442f-9de1-71844decf380(uuid1011)
сент. 19, 2025 6:42:49 PM webapp.storage.AbstractStorage save
INFO: &amp#27;[32mSave 1df7af9c-1c05-44c1-ac76-ca47ff375742(uuid1012)
сент. 19, 2025 6:42:49 PM webapp.storage.AbstractStorage save
INFO: &amp#27;[32mSave 47db80ce-4604-4ac5-9112-826e2a5b9a96(uuid1013)
сент. 19, 2025 6:42:49 PM webapp.storage.AbstractStorage save
INFO: &amp#27;[32mSave eec3f5a1-7c25-4c33-a832-8554b8a12354(uuid1014)
сент. 19, 2025 6:42:49 PM webapp.storage.AbstractStorage save
INFO: &amp#27;[32mSave 226e7e7a-a2b9-4ded-b6f9-bbf2f5963ba1(uuid1015)
сент. 19, 2025 6:42:49 PM webapp.storage.AbstractStorage save
INFO: &amp#27;[32mSave ff9447fd-751c-43e3-aa3b-f220ea7b0bce(uuid1016)
сент. 19, 2025 6:42:49 PM webapp.storage.AbstractStorage save
INFO: &amp#27;[32mSave 75e57e05-04e7-4e96-8f56-e861fa5cfa00(uuid1017)
сент. 19, 2025 6:42:49 PM webapp.storage.AbstractStorage save
INFO: &amp#27;[32mSave da7b2a7f-5f21-49aa-af89-ae9ae1054263(uuid1018)
сент. 19, 2025 6:42:49 PM webapp.storage.AbstractStorage save
INFO: &amp#27;[32mSave eda3d70c-a67e-40b6-85f4-dd05624683f3(uuid1019)
сент. 19, 2025 6:42:49 PM webapp.storage.AbstractStorage save
INFO: &amp#27;[32mSave f6660185-e7fd-4bf9-b9a5-cff767a6c652(uuid1020)
сент. 19, 2025 6:42:49 PM webapp.storage.AbstractStorage save
INFO: &amp#27;[32mSave 75126638-5d9c-498e-ae7f-9f5768c5c649(uuid1021)
сент. 19, 2025 6:42:49 PM webapp.storage.AbstractStorage save
INFO: &amp#27;[32mSave 4d9a1d74-6b13-45f2-9f8e-5cac5aa79bf5(uuid1022)
сент. 19, 2025 6:42:49 PM webapp.storage.AbstractStorage save
INFO: &amp#27;[32mSave 683b4005-809b-4912-81f8-6ffb290bc546(uuid1023)
сент. 19, 2025 6:42:49 PM webapp.storage.AbstractStorage save
INFO: &amp#27;[32mSave 8778ef76-0f8d-4a02-8b5c-350747e53915(uuid1024)
сент. 19, 2025 6:42:49 PM webapp.storage.AbstractStorage save
INFO: &amp#27;[32mSave 94816a5a-707f-41af-8cb4-538b7663abd7(uuid1025)
сент. 19, 2025 6:42:49 PM webapp.storage.AbstractStorage save
INFO: &amp#27;[32mSave d99910bd-474f-4f69-85e1-223348555cfe(uuid1026)
сент. 19, 2025 6:42:49 PM webapp.storage.AbstractStorage save
INFO: &amp#27;[32mSave 13579ab4-617f-454c-a146-80c0c91dfe34(uuid1027)
сент. 19, 2025 6:42:49 PM webapp.storage.AbstractStorage save
INFO: &amp#27;[32mSave f9bf59d8-056e-407b-8118-0343a3e297ea(uuid1028)
сент. 19, 2025 6:42:49 PM webapp.storage.AbstractStorage save
INFO: &amp#27;[32mSave 03b9d6cf-ac8b-4f91-96b3-1275aa5bbb57(uuid1029)
сент. 19, 2025 6:42:49 PM webapp.storage.AbstractStorage save
INFO: &amp#27;[32mSave 298cedf1-03a9-4e25-9421-5f7b8f406f09(uuid1030)
сент. 19, 2025 6:42:49 PM webapp.storage.AbstractStorage save
INFO: &amp#27;[32mSave 8292eea0-b2b6-4741-a4d7-2411703efa2e(uuid1031)
сент. 19, 2025 6:42:49 PM webapp.storage.AbstractStorage save
INFO: &amp#27;[32mSave 0fd6301d-2b7d-4680-bb43-0e50cfa2e05f(uuid1032)
сент. 19, 2025 6:42:49 PM webapp.storage.AbstractStorage save
INFO: &amp#27;[32mSave 116b795d-cf58-4927-8a39-ca6ca3760629(uuid1033)
сент. 19, 2025 6:42:49 PM webapp.storage.AbstractStorage save
INFO: &amp#27;[32mSave 5b058726-80f0-4ec8-8659-d90f7d1d8796(uuid1034)
сент. 19, 2025 6:42:49 PM webapp.storage.AbstractStorage save
INFO: &amp#27;[32mSave ee10651b-c201-4d04-bbb8-5c768fab7989(uuid1035)
сент. 19, 2025 6:42:49 PM webapp.storage.AbstractStorage save
INFO: &amp#27;[32mSave b8d236a1-d4f2-4bf3-9f53-2cf93d27ce37(uuid1036)
сент. 19, 2025 6:42:49 PM webapp.storage.AbstractStorage save
INFO: &amp#27;[32mSave 09368f0d-f168-4072-a6d9-ef4db4350bc5(uuid1037)
сент. 19, 2025 6:42:49 PM webapp.storage.AbstractStorage save
INFO: &amp#27;[32mSave b8d4cf86-b8d6-4479-a710-c97f7ac95875(uuid1038)
сент. 19, 2025 6:42:49 PM webapp.storage.AbstractStorage save
INFO: &amp#27;[32mSave 823677ba-a2ea-4d8f-9546-eb2fd3e3e71a(uuid1039)
сент. 19, 2025 6:42:49 PM webapp.storage.AbstractStorage save
INFO: &amp#27;[32mSave a35b96fc-c034-4bd1-b639-fca84f519c33(uuid1040)
сент. 19, 2025 6:42:49 PM webapp.storage.AbstractStorage save
INFO: &amp#27;[32mSave ef043157-a577-4716-84ac-ac5db9cbabd2(uuid1041)
сент. 19, 2025 6:42:49 PM webapp.storage.AbstractStorage save
INFO: &amp#27;[32mSave d91c71e8-c8ac-4e05-9709-0c4e99d5e968(uuid1042)
сент. 19, 2025 6:42:49 PM webapp.storage.AbstractStorage save
INFO: &amp#27;[32mSave 4c445c39-048b-4e5c-9485-2b034303a983(uuid1043)
сент. 19, 2025 6:42:49 PM webapp.storage.AbstractStorage save
INFO: &amp#27;[32mSave dbb9866c-ba52-4bbb-aa27-1568821035ed(uuid1044)
сент. 19, 2025 6:42:49 PM webapp.storage.AbstractStorage save
INFO: &amp#27;[32mSave 370d9279-abcd-4eb5-8171-c5739bf16460(uuid1045)
сент. 19, 2025 6:42:49 PM webapp.storage.AbstractStorage save
INFO: &amp#27;[32mSave e302718f-4d91-4728-b588-bd1540b1dfc6(uuid1046)
сент. 19, 2025 6:42:49 PM webapp.storage.AbstractStorage save
INFO: &amp#27;[32mSave 3fbe861d-44a4-4c42-9638-512894ebbc91(uuid1047)
сент. 19, 2025 6:42:49 PM webapp.storage.AbstractStorage save
INFO: &amp#27;[32mSave 282c5349-784c-401a-880a-52a7525a52da(uuid1048)
сент. 19, 2025 6:42:49 PM webapp.storage.AbstractStorage save
INFO: &amp#27;[32mSave d83fc66d-9c90-4e32-953d-746aab0003e0(uuid1049)
сент. 19, 2025 6:42:49 PM webapp.storage.AbstractStorage save
INFO: &amp#27;[32mSave ba508922-1467-4457-8a06-0e6f965f8e2f(uuid1050)
сент. 19, 2025 6:42:49 PM webapp.storage.AbstractStorage save
INFO: &amp#27;[32mSave b443d4d3-bc7d-4ade-9788-ae3074ee9199(uuid1051)
сент. 19, 2025 6:42:49 PM webapp.storage.AbstractStorage save
INFO: &amp#27;[32mSave ca91788e-113c-497d-8227-4b9a07e32038(uuid1052)
сент. 19, 2025 6:42:49 PM webapp.storage.AbstractStorage save
INFO: &amp#27;[32mSave 9ddfd122-180b-4054-9b6f-8ed9c2d7792e(uuid1053)
сент. 19, 2025 6:42:49 PM webapp.storage.AbstractStorage save
INFO: &amp#27;[32mSave bf0b1d53-f035-4fde-ac2d-23c995e5b592(uuid1054)
сент. 19, 2025 6:42:49 PM webapp.storage.AbstractStorage save
INFO: &amp#27;[32mSave 30cd2019-fa5f-45ee-bed2-56cc53cdad73(uuid1055)
сент. 19, 2025 6:42:49 PM webapp.storage.AbstractStorage save
INFO: &amp#27;[32mSave 77fc899d-3e9b-40ec-8d18-6d6d7d0aced2(uuid1056)
сент. 19, 2025 6:42:49 PM webapp.storage.AbstractStorage save
INFO: &amp#27;[32mSave 850aedc6-1aa7-4bb4-8b45-71cc91a709dd(uuid1057)
сент. 19, 2025 6:42:49 PM webapp.storage.AbstractStorage save
INFO: &amp#27;[32mSave 19f2d4fd-8543-4058-bc1d-b3f9166b9f6f(uuid1058)
сент. 19, 2025 6:42:49 PM webapp.storage.AbstractStorage save
INFO: &amp#27;[32mSave 98216122-f41c-4337-bd1a-deab0623986c(uuid1059)
сент. 19, 2025 6:42:49 PM webapp.storage.AbstractStorage save
INFO: &amp#27;[32mSave f6f6ea54-8007-4e39-b0b9-223bc8995786(uuid1060)
сент. 19, 2025 6:42:49 PM webapp.storage.AbstractStorage save
INFO: &amp#27;[32mSave 140e83ff-c241-4bcc-b13d-2c7670304f23(uuid1061)
сент. 19, 2025 6:42:49 PM webapp.storage.AbstractStorage save
INFO: &amp#27;[32mSave eaf6f321-66ac-4920-b87c-4981839feeca(uuid1062)
сент. 19, 2025 6:42:49 PM webapp.storage.AbstractStorage save
INFO: &amp#27;[32mSave a3f87275-0125-4956-83a6-4ac8b259b121(uuid1063)
сент. 19, 2025 6:42:49 PM webapp.storage.AbstractStorage save
INFO: &amp#27;[32mSave 328ab5f3-938a-4b56-8991-0c2ed5c8a0ee(uuid1064)
сент. 19, 2025 6:42:49 PM webapp.storage.AbstractStorage save
INFO: &amp#27;[32mSave 1abf4f9c-6a33-493a-83f5-c1619d50f370(uuid1065)
сент. 19, 2025 6:42:49 PM webapp.storage.AbstractStorage save
INFO: &amp#27;[32mSave 9cfc84f7-7826-44c6-a585-721f9f456c3f(uuid1066)
сент. 19, 2025 6:42:49 PM webapp.storage.AbstractStorage save
INFO: &amp#27;[32mSave 641e9061-d942-4098-bc2c-7f42ee24f249(uuid1067)
сент. 19, 2025 6:42:49 PM webapp.storage.AbstractStorage save
INFO: &amp#27;[32mSave f0dda82d-e390-42bd-b4f9-5931d309e23a(uuid1068)
сент. 19, 2025 6:42:49 PM webapp.storage.AbstractStorage save
INFO: &amp#27;[32mSave a33f86b0-809e-47b2-a059-79578271bc8e(uuid1069)
сент. 19, 2025 6:42:49 PM webapp.storage.AbstractStorage save
INFO: &amp#27;[32mSave c89b0276-94f6-4b57-ac0d-c093576c4b36(uuid1070)
сент. 19, 2025 6:42:49 PM webapp.storage.AbstractStorage save
INFO: &amp#27;[32mSave a57937c9-8f86-4bfa-9d71-9232ad0a8f64(uuid1071)
сент. 19, 2025 6:42:49 PM webapp.storage.AbstractStorage save
INFO: &amp#27;[32mSave b04780e4-ee83-4c1b-af26-a87b9300d0fc(uuid1072)
сент. 19, 2025 6:42:49 PM webapp.storage.AbstractStorage save
INFO: &amp#27;[32mSave 4521f00b-e40d-44de-a9d2-2a924a6db420(uuid1073)
сент. 19, 2025 6:42:49 PM webapp.storage.AbstractStorage save
INFO: &amp#27;[32mSave 26939897-5a4a-4dab-b421-0b884ff2b818(uuid1074)
сент. 19, 2025 6:42:49 PM webapp.storage.AbstractStorage save
INFO: &amp#27;[32mSave 94add1e4-5635-4aeb-a8e3-136325b120c9(uuid1075)
сент. 19, 2025 6:42:49 PM webapp.storage.AbstractStorage save
INFO: &amp#27;[32mSave e1004654-26d4-4467-a2ae-189efd1a7e1c(uuid1076)
сент. 19, 2025 6:42:49 PM webapp.storage.AbstractStorage save
INFO: &amp#27;[32mSave c9372171-28b6-45ee-a484-e6509bd8f3bf(uuid1077)
сент. 19, 2025 6:42:49 PM webapp.storage.AbstractStorage save
INFO: &amp#27;[32mSave bc91f18f-cc3b-4ca4-9370-36f576980be5(uuid1078)
сент. 19, 2025 6:42:49 PM webapp.storage.AbstractStorage save
INFO: &amp#27;[32mSave 3451ea3d-d733-45a6-9538-3fa3f06d63ed(uuid1079)
сент. 19, 2025 6:42:49 PM webapp.storage.AbstractStorage save
INFO: &amp#27;[32mSave 8392d57f-ec75-426d-9e93-1e86a7d1fe75(uuid1080)
сент. 19, 2025 6:42:49 PM webapp.storage.AbstractStorage save
INFO: &amp#27;[32mSave 670db950-cc3a-410f-8bba-b5159d35e3d9(uuid1081)
сент. 19, 2025 6:42:49 PM webapp.storage.AbstractStorage save
INFO: &amp#27;[32mSave ebc10d05-c647-43c0-af4d-635e5ff9782e(uuid1082)
сент. 19, 2025 6:42:49 PM webapp.storage.AbstractStorage save
INFO: &amp#27;[32mSave b8bdd8ba-61ef-4b68-a49b-6a6ff85f7776(uuid1083)
сент. 19, 2025 6:42:49 PM webapp.storage.AbstractStorage save
INFO: &amp#27;[32mSave 808a572e-608c-43b1-9065-d3076fc318f3(uuid1084)
сент. 19, 2025 6:42:49 PM webapp.storage.AbstractStorage save
INFO: &amp#27;[32mSave 555cb002-6891-46e6-9f84-a0fad45297c8(uuid1085)
сент. 19, 2025 6:42:49 PM webapp.storage.AbstractStorage save
INFO: &amp#27;[32mSave cfe62b23-5d18-414a-999d-651abc47681d(uuid1086)
сент. 19, 2025 6:42:49 PM webapp.storage.AbstractStorage save
INFO: &amp#27;[32mSave 0827b60e-bf2c-4ec3-8120-8b102a4db5cf(uuid1087)
сент. 19, 2025 6:42:49 PM webapp.storage.AbstractStorage save
INFO: &amp#27;[32mSave d850b73d-8b92-458f-8ef5-65f983501823(uuid1088)
сент. 19, 2025 6:42:49 PM webapp.storage.AbstractStorage save
INFO: &amp#27;[32mSave f42505db-5f9b-48a5-965b-f6152f3b55ff(uuid1089)
сент. 19, 2025 6:42:49 PM webapp.storage.AbstractStorage save
INFO: &amp#27;[32mSave b0725c81-1938-4bf3-bd85-d9273d9b2993(uuid1090)
сент. 19, 2025 6:42:49 PM webapp.storage.AbstractStorage save
INFO: &amp#27;[32mSave ce27ecfe-d2fa-4bc7-8ca7-56af6b2d1ac4(uuid1091)
сент. 19, 2025 6:42:49 PM webapp.storage.AbstractStorage save
INFO: &amp#27;[32mSave 6cf0fe8a-6f16-481b-a175-622f038ceaf9(uuid1092)
сент. 19, 2025 6:42:49 PM webapp.storage.AbstractStorage save
INFO: &amp#27;[32mSave 40a735ec-8979-411a-8204-5f5a4b11bde3(uuid1093)
сент. 19, 2025 6:42:49 PM webapp.storage.AbstractStorage save
INFO: &amp#27;[32mSave 90dcfef1-c4c9-4623-91cc-28eff2aa4d99(uuid1094)
сент. 19, 2025 6:42:49 PM webapp.storage.AbstractStorage save
INFO: &amp#27;[32mSave ef752671-5b4e-4925-bc1c-c9f72989b2bd(uuid1095)
сент. 19, 2025 6:42:49 PM webapp.storage.AbstractStorage save
INFO: &amp#27;[32mSave 68e7de82-e0a0-4f81-9a55-43d36a9d9e88(uuid1096)
сент. 19, 2025 6:42:49 PM webapp.storage.AbstractStorage save
INFO: &amp#27;[32mSave 218be3b4-8178-4c07-a8a2-6613a8db98c1(uuid1097)
сент. 19, 2025 6:42:49 PM webapp.storage.AbstractStorage save
INFO: &amp#27;[32mSave 39c1e93f-fa1d-49b4-95fc-e08a07957c39(uuid1098)
сент. 19, 2025 6:42:49 PM webapp.storage.AbstractStorage save
INFO: &amp#27;[32mSave 066b53dc-0f8a-4653-aaf4-296d13ff2150(uuid1099)
сент. 19, 2025 6:42:49 PM webapp.storage.AbstractStorage save
INFO: &amp#27;[32mSave be9fccad-4dc6-4aef-ac26-8b50362f446f(uuid1100)
сент. 19, 2025 6:42:49 PM webapp.storage.AbstractStorage save
INFO: &amp#27;[32mSave c2271b44-332f-4f11-8ce2-e7d8b956c6de(uuid1101)
сент. 19, 2025 6:42:49 PM webapp.storage.AbstractStorage save
INFO: &amp#27;[32mSave 73c5fac7-7e17-458c-9708-fea5a3104a89(uuid1102)
сент. 19, 2025 6:42:49 PM webapp.storage.AbstractStorage save
INFO: &amp#27;[32mSave 9cea64ea-5b67-402e-bfb9-753f68538611(uuid1103)
сент. 19, 2025 6:42:49 PM webapp.storage.AbstractStorage save
INFO: &amp#27;[32mSave 36eb3c35-c563-422a-9f6f-2a33c429390a(uuid1104)
сент. 19, 2025 6:42:49 PM webapp.storage.AbstractStorage save
INFO: &amp#27;[32mSave f9559c7f-0ca7-486f-9f0a-2921e9c52310(uuid1105)
сент. 19, 2025 6:42:49 PM webapp.storage.AbstractStorage save
INFO: &amp#27;[32mSave ca38f969-5d14-4409-ad48-410b07e9918b(uuid1106)
сент. 19, 2025 6:42:49 PM webapp.storage.AbstractStorage save
INFO: &amp#27;[32mSave 96931b42-b904-471e-a0d8-5402626e20d6(uuid1107)
сент. 19, 2025 6:42:49 PM webapp.storage.AbstractStorage save
INFO: &amp#27;[32mSave 75f7adf4-233d-47cb-abba-4cadf558ac46(uuid1108)
сент. 19, 2025 6:42:49 PM webapp.storage.AbstractStorage save
INFO: &amp#27;[32mSave e26994bc-2785-4bd4-9913-5f0848d759bd(uuid1109)
сент. 19, 2025 6:42:49 PM webapp.storage.AbstractStorage save
INFO: &amp#27;[32mSave a02868cd-e258-4700-aeaf-780dce1b0f44(uuid1110)
сент. 19, 2025 6:42:49 PM webapp.storage.AbstractStorage save
INFO: &amp#27;[32mSave 16439a11-e025-4dc9-a521-17834b392064(uuid1111)
сент. 19, 2025 6:42:49 PM webapp.storage.AbstractStorage save
INFO: &amp#27;[32mSave d7f932b1-4c54-42cd-a7cb-1ca0b26d9d6a(uuid1112)
сент. 19, 2025 6:42:49 PM webapp.storage.AbstractStorage save
INFO: &amp#27;[32mSave 89794269-8679-416f-983c-015f11a44757(uuid1113)
сент. 19, 2025 6:42:49 PM webapp.storage.AbstractStorage save
INFO: &amp#27;[32mSave a978b0a0-2d7e-4938-a332-17f40134f445(uuid1114)
сент. 19, 2025 6:42:49 PM webapp.storage.AbstractStorage save
INFO: &amp#27;[32mSave 96327cda-09d7-414b-a116-fd8c9529a169(uuid1115)
сент. 19, 2025 6:42:49 PM webapp.storage.AbstractStorage save
INFO: &amp#27;[32mSave 6ebf6a66-c869-4044-8796-55e76a9abe14(uuid1116)
сент. 19, 2025 6:42:49 PM webapp.storage.AbstractStorage save
INFO: &amp#27;[32mSave 3a0165ec-cfa7-4fba-a0d6-a91b9e4efb07(uuid1117)
сент. 19, 2025 6:42:49 PM webapp.storage.AbstractStorage save
INFO: &amp#27;[32mSave 94d630af-def9-4afc-8d8b-11a6dd70e9d3(uuid1118)
сент. 19, 2025 6:42:49 PM webapp.storage.AbstractStorage save
INFO: &amp#27;[32mSave 57136e77-aa56-4891-8d03-0f1436649772(uuid1119)
сент. 19, 2025 6:42:49 PM webapp.storage.AbstractStorage save
INFO: &amp#27;[32mSave 1075896b-efc2-4cea-8de3-6723cb6729a9(uuid1120)
сент. 19, 2025 6:42:49 PM webapp.storage.AbstractStorage save
INFO: &amp#27;[32mSave 80167707-abdb-4284-85ad-7ff23f2bb063(uuid1121)
сент. 19, 2025 6:42:49 PM webapp.storage.AbstractStorage save
INFO: &amp#27;[32mSave 5bbfa87a-0703-43a1-b126-d51bf85fa23d(uuid1122)
сент. 19, 2025 6:42:49 PM webapp.storage.AbstractStorage save
INFO: &amp#27;[32mSave 34eaf972-9cd0-4156-9899-839e0f522184(uuid1123)
сент. 19, 2025 6:42:49 PM webapp.storage.AbstractStorage save
INFO: &amp#27;[32mSave 7544f880-7ea4-4cab-9739-7e415978258b(uuid1124)
сент. 19, 2025 6:42:49 PM webapp.storage.AbstractStorage save
INFO: &amp#27;[32mSave 08002b93-db6a-4c07-b0b8-f66632ec26e1(uuid1125)
сент. 19, 2025 6:42:49 PM webapp.storage.AbstractStorage save
INFO: &amp#27;[32mSave cb0e1953-f59e-4330-aa7e-123a9eab28d7(uuid1126)
сент. 19, 2025 6:42:49 PM webapp.storage.AbstractStorage save
INFO: &amp#27;[32mSave b3c91158-7ac3-4199-be4b-547bad393d22(uuid1127)
сент. 19, 2025 6:42:49 PM webapp.storage.AbstractStorage save
INFO: &amp#27;[32mSave ae8b71a8-c7d2-4300-917d-1eecb1ac420d(uuid1128)
сент. 19, 2025 6:42:49 PM webapp.storage.AbstractStorage save
INFO: &amp#27;[32mSave 385107cf-7bfb-4ea3-a4c3-15d4be1de62f(uuid1129)
сент. 19, 2025 6:42:49 PM webapp.storage.AbstractStorage save
INFO: &amp#27;[32mSave dc8579cd-4d84-4d4f-af2a-329c422c74f4(uuid1130)
сент. 19, 2025 6:42:49 PM webapp.storage.AbstractStorage save
INFO: &amp#27;[32mSave fce01980-695a-4401-b453-ab90990d48d0(uuid1131)
сент. 19, 2025 6:42:49 PM webapp.storage.AbstractStorage save
INFO: &amp#27;[32mSave a2e93b10-3f81-4fa1-a7ec-1e038473b0fb(uuid1132)
сент. 19, 2025 6:42:49 PM webapp.storage.AbstractStorage save
INFO: &amp#27;[32mSave cf0cc9b6-0261-4f8d-b58e-dd567e7c5b25(uuid1133)
сент. 19, 2025 6:42:49 PM webapp.storage.AbstractStorage save
INFO: &amp#27;[32mSave c0eb3294-de23-4514-8c5e-f5ebde7e764a(uuid1134)
сент. 19, 2025 6:42:49 PM webapp.storage.AbstractStorage save
INFO: &amp#27;[32mSave a14ff8f7-fa7d-465e-b23b-d5fa570beb4b(uuid1135)
сент. 19, 2025 6:42:49 PM webapp.storage.AbstractStorage save
INFO: &amp#27;[32mSave 18c83768-a425-481c-aad9-daba80c17175(uuid1136)
сент. 19, 2025 6:42:49 PM webapp.storage.AbstractStorage save
INFO: &amp#27;[32mSave 4bd7ac7f-de35-405e-a0d0-4b3699ef1cbd(uuid1137)
сент. 19, 2025 6:42:49 PM webapp.storage.AbstractStorage save
INFO: &amp#27;[32mSave dc42133d-44cc-4faa-99b6-d513fff7ac4f(uuid1138)
сент. 19, 2025 6:42:49 PM webapp.storage.AbstractStorage save
INFO: &amp#27;[32mSave 2d4217b0-30e4-4f95-8a97-1a8063a83f0f(uuid1139)
сент. 19, 2025 6:42:49 PM webapp.storage.AbstractStorage save
INFO: &amp#27;[32mSave 4ffc4d68-7ced-48a5-8f85-0e2a36c62b93(uuid1140)
сент. 19, 2025 6:42:49 PM webapp.storage.AbstractStorage save
INFO: &amp#27;[32mSave a64e4d5f-b193-4d2c-9f88-9ed1c91b5a83(uuid1141)
сент. 19, 2025 6:42:49 PM webapp.storage.AbstractStorage save
INFO: &amp#27;[32mSave aaaf2dac-3ca8-4620-b9f5-605f095813df(uuid1142)
сент. 19, 2025 6:42:49 PM webapp.storage.AbstractStorage save
INFO: &amp#27;[32mSave cc8fc86e-f68f-41e9-9625-8be890bc5213(uuid1143)
сент. 19, 2025 6:42:49 PM webapp.storage.AbstractStorage save
INFO: &amp#27;[32mSave 9b358081-72a4-4bc4-8cae-df3f2e1908c3(uuid1144)
сент. 19, 2025 6:42:49 PM webapp.storage.AbstractStorage save
INFO: &amp#27;[32mSave 3a08f237-163e-4ad1-a9fd-c0a1cea43032(uuid1145)
сент. 19, 2025 6:42:49 PM webapp.storage.AbstractStorage save
INFO: &amp#27;[32mSave f615dcd4-ec6e-407c-bb85-71dd383b1054(uuid1146)
сент. 19, 2025 6:42:49 PM webapp.storage.AbstractStorage save
INFO: &amp#27;[32mSave 7d24bd76-9f07-4f73-b127-47c774d06fad(uuid1147)
сент. 19, 2025 6:42:49 PM webapp.storage.AbstractStorage save
INFO: &amp#27;[32mSave cd68d832-5f00-46cd-a9b1-fc0fb03b6a44(uuid1148)
сент. 19, 2025 6:42:49 PM webapp.storage.AbstractStorage save
INFO: &amp#27;[32mSave 0736d8b6-6035-4fd7-b7ab-253284260dec(uuid1149)
сент. 19, 2025 6:42:49 PM webapp.storage.AbstractStorage save
INFO: &amp#27;[32mSave 8e806958-1ad4-4078-a094-ec36b756d67b(uuid1150)
сент. 19, 2025 6:42:49 PM webapp.storage.AbstractStorage save
INFO: &amp#27;[32mSave 1619dd5c-3642-4fcb-90ca-93cf68c3ca7d(uuid1151)
сент. 19, 2025 6:42:49 PM webapp.storage.AbstractStorage save
INFO: &amp#27;[32mSave 8bbb968f-bad1-4468-8e74-2e192e875ab6(uuid1152)
сент. 19, 2025 6:42:49 PM webapp.storage.AbstractStorage save
INFO: &amp#27;[32mSave ed1871d4-ce66-45c3-8b2e-0bc36c7ce0fc(uuid1153)
сент. 19, 2025 6:42:49 PM webapp.storage.AbstractStorage save
INFO: &amp#27;[32mSave 068cff49-5f2c-4637-9ab3-f0e683e26915(uuid1154)
сент. 19, 2025 6:42:49 PM webapp.storage.AbstractStorage save
INFO: &amp#27;[32mSave 92395269-714f-4923-ba63-723c727e3234(uuid1155)
сент. 19, 2025 6:42:49 PM webapp.storage.AbstractStorage save
INFO: &amp#27;[32mSave b3d4c9c3-e2fb-4eda-8128-c4e6f2acc34a(uuid1156)
сент. 19, 2025 6:42:49 PM webapp.storage.AbstractStorage save
INFO: &amp#27;[32mSave ef58afac-2a30-40c5-901f-02107ecfd2c1(uuid1157)
сент. 19, 2025 6:42:49 PM webapp.storage.AbstractStorage save
INFO: &amp#27;[32mSave 564ce864-9d19-45d5-8360-7506fc2f39e6(uuid1158)
сент. 19, 2025 6:42:49 PM webapp.storage.AbstractStorage save
INFO: &amp#27;[32mSave 95d40135-7312-4f06-8c61-1c642ccc5f97(uuid1159)
сент. 19, 2025 6:42:49 PM webapp.storage.AbstractStorage save
INFO: &amp#27;[32mSave 09f78ddf-8cae-4eb7-84e5-56de7ff03eb3(uuid1160)
сент. 19, 2025 6:42:49 PM webapp.storage.AbstractStorage save
INFO: &amp#27;[32mSave a63621e0-f099-4068-988c-d49f6b1eff7a(uuid1161)
сент. 19, 2025 6:42:49 PM webapp.storage.AbstractStorage save
INFO: &amp#27;[32mSave d7298cdc-240a-4fc4-b92a-e3ae917cd81d(uuid1162)
сент. 19, 2025 6:42:49 PM webapp.storage.AbstractStorage save
INFO: &amp#27;[32mSave 14faf5cc-1f3c-446a-8905-3102fa533990(uuid1163)
сент. 19, 2025 6:42:49 PM webapp.storage.AbstractStorage save
INFO: &amp#27;[32mSave d8dba14b-1e2e-498c-b602-9cd8b7956689(uuid1164)
сент. 19, 2025 6:42:49 PM webapp.storage.AbstractStorage save
INFO: &amp#27;[32mSave 60a484b1-337d-4519-ba36-0ce7745ac652(uuid1165)
сент. 19, 2025 6:42:49 PM webapp.storage.AbstractStorage save
INFO: &amp#27;[32mSave eb3e5a76-4a2c-4396-b544-7d594a3a2a78(uuid1166)
сент. 19, 2025 6:42:49 PM webapp.storage.AbstractStorage save
INFO: &amp#27;[32mSave 16ea200b-fff1-4318-b6e5-66bc3c627b42(uuid1167)
сент. 19, 2025 6:42:49 PM webapp.storage.AbstractStorage save
INFO: &amp#27;[32mSave 00d6cd75-8d75-4d73-9fb5-dc04835c722e(uuid1168)
сент. 19, 2025 6:42:49 PM webapp.storage.AbstractStorage save
INFO: &amp#27;[32mSave 361a2dad-d81c-4cc4-ac09-7c5497470fab(uuid1169)
сент. 19, 2025 6:42:49 PM webapp.storage.AbstractStorage save
INFO: &amp#27;[32mSave 24a86764-3bf6-4edc-b46a-986fcf288304(uuid1170)
сент. 19, 2025 6:42:49 PM webapp.storage.AbstractStorage save
INFO: &amp#27;[32mSave 4cbcfff3-d67b-4475-9cdf-4b3b8014ee8b(uuid1171)
сент. 19, 2025 6:42:49 PM webapp.storage.AbstractStorage save
INFO: &amp#27;[32mSave 560700c6-ef3b-44b6-9018-6f8d037952db(uuid1172)
сент. 19, 2025 6:42:49 PM webapp.storage.AbstractStorage save
INFO: &amp#27;[32mSave 9bbb1fda-c3e1-4048-a910-540799dd2cba(uuid1173)
сент. 19, 2025 6:42:49 PM webapp.storage.AbstractStorage save
INFO: &amp#27;[32mSave 6501ff08-0755-463d-9d4f-8adc38280f58(uuid1174)
сент. 19, 2025 6:42:49 PM webapp.storage.AbstractStorage save
INFO: &amp#27;[32mSave 97f8e666-aea3-496a-a98c-6cf068190cd7(uuid1175)
сент. 19, 2025 6:42:49 PM webapp.storage.AbstractStorage save
INFO: &amp#27;[32mSave 82db61de-0bfc-4b22-9a82-d71abc16a614(uuid1176)
сент. 19, 2025 6:42:49 PM webapp.storage.AbstractStorage save
INFO: &amp#27;[32mSave 8a99511d-5552-4e80-8d35-28fcabcefae4(uuid1177)
сент. 19, 2025 6:42:49 PM webapp.storage.AbstractStorage save
INFO: &amp#27;[32mSave 8aedfeaa-bb6e-4fd8-a417-a797bb66368a(uuid1178)
сент. 19, 2025 6:42:49 PM webapp.storage.AbstractStorage save
INFO: &amp#27;[32mSave 346113f0-21db-4b05-ac23-29e74072905e(uuid1179)
сент. 19, 2025 6:42:49 PM webapp.storage.AbstractStorage save
INFO: &amp#27;[32mSave 30505a47-5047-4010-8c0f-ebd4671f6f9b(uuid1180)
сент. 19, 2025 6:42:49 PM webapp.storage.AbstractStorage save
INFO: &amp#27;[32mSave 0a5aa6c7-3df2-45c5-b28d-2c6206be4ab6(uuid1181)
сент. 19, 2025 6:42:49 PM webapp.storage.AbstractStorage save
INFO: &amp#27;[32mSave 492c690c-6d16-4dd2-bf73-9ed66fc08f1a(uuid1182)
сент. 19, 2025 6:42:49 PM webapp.storage.AbstractStorage save
INFO: &amp#27;[32mSave 81cf899e-7aa3-42d5-9ef0-902911ea9958(uuid1183)
сент. 19, 2025 6:42:49 PM webapp.storage.AbstractStorage save
INFO: &amp#27;[32mSave 72ef0181-b7bb-4c95-8b65-9ac74fa015b0(uuid1184)
сент. 19, 2025 6:42:49 PM webapp.storage.AbstractStorage save
INFO: &amp#27;[32mSave 68ae0d5a-d31f-4e43-b81b-a7a7b9deacbf(uuid1185)
сент. 19, 2025 6:42:49 PM webapp.storage.AbstractStorage save
INFO: &amp#27;[32mSave 7707b62f-a690-4c71-8e40-4d72acec2212(uuid1186)
сент. 19, 2025 6:42:49 PM webapp.storage.AbstractStorage save
INFO: &amp#27;[32mSave 3b7ed96d-790f-46ec-bbfd-65ae14a3b8a6(uuid1187)
сент. 19, 2025 6:42:49 PM webapp.storage.AbstractStorage save
INFO: &amp#27;[32mSave 458af578-d87e-4170-b321-4b57af91b8c3(uuid1188)
сент. 19, 2025 6:42:49 PM webapp.storage.AbstractStorage save
INFO: &amp#27;[32mSave f9282edc-9494-454d-95f6-f40423557627(uuid1189)
сент. 19, 2025 6:42:49 PM webapp.storage.AbstractStorage save
INFO: &amp#27;[32mSave b023ccda-ce53-4268-8217-334b6e41c5cc(uuid1190)
сент. 19, 2025 6:42:49 PM webapp.storage.AbstractStorage save
INFO: &amp#27;[32mSave 57d574f9-ff2a-4467-94d9-c0401c3d28ac(uuid1191)
сент. 19, 2025 6:42:49 PM webapp.storage.AbstractStorage save
INFO: &amp#27;[32mSave b11d32bc-848d-44f9-aaed-af5126e86b96(uuid1192)
сент. 19, 2025 6:42:49 PM webapp.storage.AbstractStorage save
INFO: &amp#27;[32mSave 46da9fcc-cbf4-40ca-bccb-018758ff4bf1(uuid1193)
сент. 19, 2025 6:42:49 PM webapp.storage.AbstractStorage save
INFO: &amp#27;[32mSave f9ad7d4c-d287-4f36-ab58-3c1c608b66af(uuid1194)
сент. 19, 2025 6:42:49 PM webapp.storage.AbstractStorage save
INFO: &amp#27;[32mSave df7ff754-2d7b-45ea-addb-010babe3ae25(uuid1195)
сент. 19, 2025 6:42:49 PM webapp.storage.AbstractStorage save
INFO: &amp#27;[32mSave 2f811544-3e05-45bb-ab4d-9daddb617bd6(uuid1196)
сент. 19, 2025 6:42:49 PM webapp.storage.AbstractStorage save
INFO: &amp#27;[32mSave 723fc110-4655-4c23-83c3-850f0e539264(uuid1197)
сент. 19, 2025 6:42:49 PM webapp.storage.AbstractStorage save
INFO: &amp#27;[32mSave dea8922d-2cb0-4bf2-93f6-23cb2ee3fb86(uuid1198)
сент. 19, 2025 6:42:49 PM webapp.storage.AbstractStorage save
INFO: &amp#27;[32mSave 7d574dda-3c9c-4cdb-bc7c-39e489ce76bc(uuid1199)
сент. 19, 2025 6:42:49 PM webapp.storage.AbstractStorage save
INFO: &amp#27;[32mSave 406d0573-fa84-44bf-aebb-57a3fe79f47d(uuid1200)
сент. 19, 2025 6:42:49 PM webapp.storage.AbstractStorage save
INFO: &amp#27;[32mSave 81b1059d-0ad2-4c9a-8751-c3eda6661249(uuid1201)
сент. 19, 2025 6:42:49 PM webapp.storage.AbstractStorage save
INFO: &amp#27;[32mSave 81ba5363-9c58-4669-b277-62bd93a12b7c(uuid1202)
сент. 19, 2025 6:42:49 PM webapp.storage.AbstractStorage save
INFO: &amp#27;[32mSave e6a5c09b-907c-4f81-a8fb-3380138369c2(uuid1203)
сент. 19, 2025 6:42:49 PM webapp.storage.AbstractStorage save
INFO: &amp#27;[32mSave c5173ef9-972b-47da-bca5-32efb04c39a9(uuid1204)
сент. 19, 2025 6:42:49 PM webapp.storage.AbstractStorage save
INFO: &amp#27;[32mSave 97c9cf51-9a45-4a09-8b65-a0dd2c9ec95e(uuid1205)
сент. 19, 2025 6:42:49 PM webapp.storage.AbstractStorage save
INFO: &amp#27;[32mSave ce6d1489-8055-4623-9d4a-4583691a8f0e(uuid1206)
сент. 19, 2025 6:42:49 PM webapp.storage.AbstractStorage save
INFO: &amp#27;[32mSave 6aea8719-5cd7-4a85-99d8-3939bed6e37b(uuid1207)
сент. 19, 2025 6:42:49 PM webapp.storage.AbstractStorage save
INFO: &amp#27;[32mSave 90bb4db8-3573-4e1d-902c-2913b81cf474(uuid1208)
сент. 19, 2025 6:42:49 PM webapp.storage.AbstractStorage save
INFO: &amp#27;[32mSave cf1c2018-bb4d-4ee4-91ca-7db79a5f99e8(uuid1209)
сент. 19, 2025 6:42:49 PM webapp.storage.AbstractStorage save
INFO: &amp#27;[32mSave 6c8306a8-9166-4073-86fb-4733c1eda6ac(uuid1210)
сент. 19, 2025 6:42:49 PM webapp.storage.AbstractStorage save
INFO: &amp#27;[32mSave f67a4478-2bd3-4b09-903b-213928376e3f(uuid1211)
сент. 19, 2025 6:42:49 PM webapp.storage.AbstractStorage save
INFO: &amp#27;[32mSave 38866d5c-5be3-4c51-a85c-c6a3a277eb09(uuid1212)
сент. 19, 2025 6:42:49 PM webapp.storage.AbstractStorage save
INFO: &amp#27;[32mSave 214aad7c-e2ca-427c-bd67-30f49d1cad8a(uuid1213)
сент. 19, 2025 6:42:49 PM webapp.storage.AbstractStorage save
INFO: &amp#27;[32mSave e5a68808-cec3-4dc0-b455-844a15c1e9e2(uuid1214)
сент. 19, 2025 6:42:49 PM webapp.storage.AbstractStorage save
INFO: &amp#27;[32mSave b75fad24-4304-4c3f-a15e-ab525fdf7959(uuid1215)
сент. 19, 2025 6:42:49 PM webapp.storage.AbstractStorage save
INFO: &amp#27;[32mSave b764be99-c53f-4ada-a0eb-ee4ff1b14ce5(uuid1216)
сент. 19, 2025 6:42:49 PM webapp.storage.AbstractStorage save
INFO: &amp#27;[32mSave 7a314536-984e-4a7a-a793-04c96c48948a(uuid1217)
сент. 19, 2025 6:42:49 PM webapp.storage.AbstractStorage save
INFO: &amp#27;[32mSave 3b50a968-dba6-4ad6-b658-5e2b147c2e00(uuid1218)
сент. 19, 2025 6:42:49 PM webapp.storage.AbstractStorage save
INFO: &amp#27;[32mSave c7e271af-f1c3-40e3-8a69-9244889f6dd7(uuid1219)
сент. 19, 2025 6:42:49 PM webapp.storage.AbstractStorage save
INFO: &amp#27;[32mSave f69ea82e-7962-484a-bbae-fc2078192add(uuid1220)
сент. 19, 2025 6:42:49 PM webapp.storage.AbstractStorage save
INFO: &amp#27;[32mSave 7a622194-f234-489e-8f26-9e9bf5797cde(uuid1221)
сент. 19, 2025 6:42:49 PM webapp.storage.AbstractStorage save
INFO: &amp#27;[32mSave 1afc51ca-c45a-4043-bbba-74ab58435a11(uuid1222)
сент. 19, 2025 6:42:49 PM webapp.storage.AbstractStorage save
INFO: &amp#27;[32mSave 33edb8fc-c7f4-4ad9-9df1-b305cce36010(uuid1223)
сент. 19, 2025 6:42:49 PM webapp.storage.AbstractStorage save
INFO: &amp#27;[32mSave dc2ac32b-66f4-48e8-818b-53d2be53ce1e(uuid1224)
сент. 19, 2025 6:42:49 PM webapp.storage.AbstractStorage save
INFO: &amp#27;[32mSave 0f5376f5-2359-4fff-98a6-7b89c45fba9a(uuid1225)
сент. 19, 2025 6:42:49 PM webapp.storage.AbstractStorage save
INFO: &amp#27;[32mSave 377a43c8-2482-43cb-9c1c-e4eb34152d48(uuid1226)
сент. 19, 2025 6:42:49 PM webapp.storage.AbstractStorage save
INFO: &amp#27;[32mSave 89b12153-c06a-4ca0-877a-6938bc3e6f3b(uuid1227)
сент. 19, 2025 6:42:49 PM webapp.storage.AbstractStorage save
INFO: &amp#27;[32mSave 1c5855c0-468b-4662-aba3-09775f4f2c7a(uuid1228)
сент. 19, 2025 6:42:49 PM webapp.storage.AbstractStorage save
INFO: &amp#27;[32mSave e4d2cc5b-f1e6-4f6b-818f-36ad4bec1756(uuid1229)
сент. 19, 2025 6:42:49 PM webapp.storage.AbstractStorage save
INFO: &amp#27;[32mSave bb68caae-f53e-4ca1-be5b-cdba43cfcef3(uuid1230)
сент. 19, 2025 6:42:49 PM webapp.storage.AbstractStorage save
INFO: &amp#27;[32mSave 70e5d96d-1f66-48a7-9e77-b47f19a402ce(uuid1231)
сент. 19, 2025 6:42:49 PM webapp.storage.AbstractStorage save
INFO: &amp#27;[32mSave ead2bc9c-1d02-40dc-aba1-5b41d14f0ab3(uuid1232)
сент. 19, 2025 6:42:49 PM webapp.storage.AbstractStorage save
INFO: &amp#27;[32mSave 9a5c47fc-c097-437e-8aa5-59d4cc8566f4(uuid1233)
сент. 19, 2025 6:42:49 PM webapp.storage.AbstractStorage save
INFO: &amp#27;[32mSave 1300edd6-faa0-40c6-868d-02d3aff53635(uuid1234)
сент. 19, 2025 6:42:49 PM webapp.storage.AbstractStorage save
INFO: &amp#27;[32mSave 1582d6c9-54a9-4eb0-a8cf-1b345bd75858(uuid1235)
сент. 19, 2025 6:42:49 PM webapp.storage.AbstractStorage save
INFO: &amp#27;[32mSave 96dd8b59-2577-4c28-979c-70c3e82c0f35(uuid1236)
сент. 19, 2025 6:42:49 PM webapp.storage.AbstractStorage save
INFO: &amp#27;[32mSave 011cd657-a4f3-4bc4-8040-548ad242c76a(uuid1237)
сент. 19, 2025 6:42:49 PM webapp.storage.AbstractStorage save
INFO: &amp#27;[32mSave 8aaf51e5-f508-4db6-b88b-e55c1c60a9f3(uuid1238)
сент. 19, 2025 6:42:49 PM webapp.storage.AbstractStorage save
INFO: &amp#27;[32mSave dab05a58-c6cc-409b-ab91-ac5d6c632f5e(uuid1239)
сент. 19, 2025 6:42:49 PM webapp.storage.AbstractStorage save
INFO: &amp#27;[32mSave fbb42da3-711c-4f8d-987c-2b18b4fe3350(uuid1240)
сент. 19, 2025 6:42:49 PM webapp.storage.AbstractStorage save
INFO: &amp#27;[32mSave 7aa79e9c-83fb-43bb-89bd-034ec959bb50(uuid1241)
сент. 19, 2025 6:42:49 PM webapp.storage.AbstractStorage save
INFO: &amp#27;[32mSave 23ed96db-7124-41cb-9ed5-024ea6ecca8a(uuid1242)
сент. 19, 2025 6:42:49 PM webapp.storage.AbstractStorage save
INFO: &amp#27;[32mSave 4a681197-ef56-44a1-b522-8a8c47e3212d(uuid1243)
сент. 19, 2025 6:42:49 PM webapp.storage.AbstractStorage save
INFO: &amp#27;[32mSave fc3bcbe7-e342-48a0-abf3-bbef7b19cfe0(uuid1244)
сент. 19, 2025 6:42:49 PM webapp.storage.AbstractStorage save
INFO: &amp#27;[32mSave 6ddebae5-4323-4490-b9f6-26ffef4610aa(uuid1245)
сент. 19, 2025 6:42:49 PM webapp.storage.AbstractStorage save
INFO: &amp#27;[32mSave ca6f8721-ce32-481e-9101-7a619ab8cb5a(uuid1246)
сент. 19, 2025 6:42:49 PM webapp.storage.AbstractStorage save
INFO: &amp#27;[32mSave 2724b0ba-dde3-4923-8763-a2e1e290a33d(uuid1247)
сент. 19, 2025 6:42:49 PM webapp.storage.AbstractStorage save
INFO: &amp#27;[32mSave 373c645b-93d4-4607-b276-ce07f3d681a3(uuid1248)
сент. 19, 2025 6:42:49 PM webapp.storage.AbstractStorage save
INFO: &amp#27;[32mSave 9617d2fc-6940-4d9b-b0f0-a8a7c042f257(uuid1249)
сент. 19, 2025 6:42:49 PM webapp.storage.AbstractStorage save
INFO: &amp#27;[32mSave 4aff5797-5ca9-4a47-9b29-c72092997174(uuid1250)
сент. 19, 2025 6:42:49 PM webapp.storage.AbstractStorage save
INFO: &amp#27;[32mSave 897d7aa9-234c-4bc0-bddd-b78ac517fa53(uuid1251)
сент. 19, 2025 6:42:49 PM webapp.storage.AbstractStorage save
INFO: &amp#27;[32mSave c9baff55-8091-47a5-bfaa-9decfa72b04d(uuid1252)
сент. 19, 2025 6:42:49 PM webapp.storage.AbstractStorage save
INFO: &amp#27;[32mSave 82a67209-ea94-4289-9a8e-ce59e56b8708(uuid1253)
сент. 19, 2025 6:42:49 PM webapp.storage.AbstractStorage save
INFO: &amp#27;[32mSave b5f85d30-5f16-4b06-86e3-538c8b10b78d(uuid1254)
сент. 19, 2025 6:42:49 PM webapp.storage.AbstractStorage save
INFO: &amp#27;[32mSave b9b4ac58-5b73-4068-887f-64e22057ec62(uuid1255)
сент. 19, 2025 6:42:49 PM webapp.storage.AbstractStorage save
INFO: &amp#27;[32mSave 3a375c55-15cd-4045-9a6e-6afa6fb2c146(uuid1256)
сент. 19, 2025 6:42:49 PM webapp.storage.AbstractStorage save
INFO: &amp#27;[32mSave c6356bbc-7b0a-49cb-bdf6-5a7965a4c7b3(uuid1257)
сент. 19, 2025 6:42:49 PM webapp.storage.AbstractStorage save
INFO: &amp#27;[32mSave 0ded87be-8680-4410-a542-c9015fde9aaf(uuid1258)
сент. 19, 2025 6:42:49 PM webapp.storage.AbstractStorage save
INFO: &amp#27;[32mSave fe13f0d4-592a-491f-a7f3-0463da44fa49(uuid1259)
сент. 19, 2025 6:42:49 PM webapp.storage.AbstractStorage save
INFO: &amp#27;[32mSave 76d627bf-7c80-4745-bb4b-0a93a8c4b5bd(uuid1260)
сент. 19, 2025 6:42:49 PM webapp.storage.AbstractStorage save
INFO: &amp#27;[32mSave 3dd08c16-627a-4298-8448-2e239de58c9f(uuid1261)
сент. 19, 2025 6:42:49 PM webapp.storage.AbstractStorage save
INFO: &amp#27;[32mSave f78943ed-efdf-4b94-87f7-652114157e87(uuid1262)
сент. 19, 2025 6:42:49 PM webapp.storage.AbstractStorage save
INFO: &amp#27;[32mSave e24d251f-064b-4a1e-ab40-dc7e49665db5(uuid1263)
сент. 19, 2025 6:42:49 PM webapp.storage.AbstractStorage save
INFO: &amp#27;[32mSave 27e1c42a-348e-45a0-84bc-fc41d848f253(uuid1264)
сент. 19, 2025 6:42:49 PM webapp.storage.AbstractStorage save
INFO: &amp#27;[32mSave 21b3c2a3-0b2a-4520-b71d-7ebeccd6f636(uuid1265)
сент. 19, 2025 6:42:49 PM webapp.storage.AbstractStorage save
INFO: &amp#27;[32mSave a82be963-cf0d-40c5-b4e3-ee1117471d1f(uuid1266)
сент. 19, 2025 6:42:49 PM webapp.storage.AbstractStorage save
INFO: &amp#27;[32mSave 0ffad5eb-a252-400e-b891-a6db5c523ab7(uuid1267)
сент. 19, 2025 6:42:49 PM webapp.storage.AbstractStorage save
INFO: &amp#27;[32mSave 47d3cea7-ca5c-4ec4-a03c-559698ff9a45(uuid1268)
сент. 19, 2025 6:42:49 PM webapp.storage.AbstractStorage save
INFO: &amp#27;[32mSave 3e30ec8b-7705-4e1a-8188-00ab4a0d89cf(uuid1269)
сент. 19, 2025 6:42:49 PM webapp.storage.AbstractStorage save
INFO: &amp#27;[32mSave 390773c9-ffe8-433f-bd5e-ccb4af047161(uuid1270)
сент. 19, 2025 6:42:49 PM webapp.storage.AbstractStorage save
INFO: &amp#27;[32mSave e5915ca6-11c0-46c1-8512-baf37c811dad(uuid1271)
сент. 19, 2025 6:42:49 PM webapp.storage.AbstractStorage save
INFO: &amp#27;[32mSave 487c255c-efda-4ca4-8f33-285558fb573b(uuid1272)
сент. 19, 2025 6:42:49 PM webapp.storage.AbstractStorage save
INFO: &amp#27;[32mSave d66f685a-4653-43bd-9afd-2ecfd6f7fec0(uuid1273)
сент. 19, 2025 6:42:49 PM webapp.storage.AbstractStorage save
INFO: &amp#27;[32mSave 54718cea-de34-43b4-b07f-3b73bde054e7(uuid1274)
сент. 19, 2025 6:42:49 PM webapp.storage.AbstractStorage save
INFO: &amp#27;[32mSave 8f8f14d0-0ea0-4117-af38-4c1aa1d9c644(uuid1275)
сент. 19, 2025 6:42:49 PM webapp.storage.AbstractStorage save
INFO: &amp#27;[32mSave 83718d24-61a5-496f-b376-f5175bce5934(uuid1276)
сент. 19, 2025 6:42:49 PM webapp.storage.AbstractStorage save
INFO: &amp#27;[32mSave 1f7c0df6-bc64-46a3-85b6-f415cd25b4b4(uuid1277)
сент. 19, 2025 6:42:49 PM webapp.storage.AbstractStorage save
INFO: &amp#27;[32mSave e5cf774b-9462-44fd-af38-85beb33d0f83(uuid1278)
сент. 19, 2025 6:42:49 PM webapp.storage.AbstractStorage save
INFO: &amp#27;[32mSave 9424b810-7260-48c6-84ea-43fb63a8b2dd(uuid1279)
сент. 19, 2025 6:42:49 PM webapp.storage.AbstractStorage save
INFO: &amp#27;[32mSave 48b97c92-2007-4cbd-a0a4-e18200999c79(uuid1280)
сент. 19, 2025 6:42:49 PM webapp.storage.AbstractStorage save
INFO: &amp#27;[32mSave cd464042-6757-4f87-bd8c-37850f8e6657(uuid1281)
сент. 19, 2025 6:42:49 PM webapp.storage.AbstractStorage save
INFO: &amp#27;[32mSave 573cc39d-be34-429e-ad92-1eaef850fba3(uuid1282)
сент. 19, 2025 6:42:49 PM webapp.storage.AbstractStorage save
INFO: &amp#27;[32mSave 3a0392f4-9326-41e6-8178-1845797cd2e7(uuid1283)
сент. 19, 2025 6:42:49 PM webapp.storage.AbstractStorage save
INFO: &amp#27;[32mSave 6b0dc857-377c-4d82-b097-8d745d43e036(uuid1284)
сент. 19, 2025 6:42:49 PM webapp.storage.AbstractStorage save
INFO: &amp#27;[32mSave 2988bac4-8d9c-4c74-a4f4-ef3e7e09388c(uuid1285)
сент. 19, 2025 6:42:49 PM webapp.storage.AbstractStorage save
INFO: &amp#27;[32mSave b12d993a-c6b6-447f-9673-bfae0bed4b31(uuid1286)
сент. 19, 2025 6:42:49 PM webapp.storage.AbstractStorage save
INFO: &amp#27;[32mSave 80b57d49-2036-418b-be3e-45814d3dc91f(uuid1287)
сент. 19, 2025 6:42:49 PM webapp.storage.AbstractStorage save
INFO: &amp#27;[32mSave b7301baa-6a23-426c-aeb9-6f5f4ef6fb48(uuid1288)
сент. 19, 2025 6:42:49 PM webapp.storage.AbstractStorage save
INFO: &amp#27;[32mSave 788ac913-9e90-46f9-9be3-035c39127019(uuid1289)
сент. 19, 2025 6:42:49 PM webapp.storage.AbstractStorage save
INFO: &amp#27;[32mSave 6dd929b9-7526-44c5-970a-dff65a0d8250(uuid1290)
сент. 19, 2025 6:42:49 PM webapp.storage.AbstractStorage save
INFO: &amp#27;[32mSave 23033c5a-a9cd-4f04-bc5f-18ce60d759ce(uuid1291)
сент. 19, 2025 6:42:49 PM webapp.storage.AbstractStorage save
INFO: &amp#27;[32mSave ad7c7770-8798-466c-9980-3a162b1b59af(uuid1292)
сент. 19, 2025 6:42:49 PM webapp.storage.AbstractStorage save
INFO: &amp#27;[32mSave 997c5896-d7d5-4525-868c-ab63184b58f0(uuid1293)
сент. 19, 2025 6:42:49 PM webapp.storage.AbstractStorage save
INFO: &amp#27;[32mSave d6f8526b-e350-45ec-963a-987cd59d8a80(uuid1294)
сент. 19, 2025 6:42:49 PM webapp.storage.AbstractStorage save
INFO: &amp#27;[32mSave 0392055f-56c7-47ea-b507-3f06addd4735(uuid1295)
сент. 19, 2025 6:42:49 PM webapp.storage.AbstractStorage save
INFO: &amp#27;[32mSave ca603b30-3aa9-4cac-9a80-044577f63ca2(uuid1296)
сент. 19, 2025 6:42:49 PM webapp.storage.AbstractStorage save
INFO: &amp#27;[32mSave efeb2180-ae9f-4bba-ba34-3c76cf0691ed(uuid1297)
сент. 19, 2025 6:42:49 PM webapp.storage.AbstractStorage save
INFO: &amp#27;[32mSave 12cda169-b35f-43f9-ac0f-6a1bfb623710(uuid1298)
сент. 19, 2025 6:42:49 PM webapp.storage.AbstractStorage save
INFO: &amp#27;[32mSave 792b29ad-2bc8-4bd9-af2f-fc4fecd2c48d(uuid1299)
сент. 19, 2025 6:42:49 PM webapp.storage.AbstractStorage save
INFO: &amp#27;[32mSave 2f0a059b-58d3-45cc-a4ee-d393963f8028(uuid1300)
сент. 19, 2025 6:42:49 PM webapp.storage.AbstractStorage save
INFO: &amp#27;[32mSave 1d6d1414-91c8-467a-a4a6-d2c239fcf122(uuid1301)
сент. 19, 2025 6:42:49 PM webapp.storage.AbstractStorage save
INFO: &amp#27;[32mSave 88cc4690-470f-4da4-8ec6-a5722b4559ad(uuid1302)
сент. 19, 2025 6:42:49 PM webapp.storage.AbstractStorage save
INFO: &amp#27;[32mSave e7a7761e-df59-4892-8940-04b5ce07d77b(uuid1303)
сент. 19, 2025 6:42:49 PM webapp.storage.AbstractStorage save
INFO: &amp#27;[32mSave 121c2f4b-6cb6-40b2-be38-a8f857a39795(uuid1304)
сент. 19, 2025 6:42:49 PM webapp.storage.AbstractStorage save
INFO: &amp#27;[32mSave faf5c2a9-6ded-4bcf-a702-0b215cef68d1(uuid1305)
сент. 19, 2025 6:42:49 PM webapp.storage.AbstractStorage save
INFO: &amp#27;[32mSave 2d015bd4-34c5-4ae9-be98-c58ce582c7e9(uuid1306)
сент. 19, 2025 6:42:49 PM webapp.storage.AbstractStorage save
INFO: &amp#27;[32mSave c8148421-5e8b-4d9d-bb17-80808d932fd2(uuid1307)
сент. 19, 2025 6:42:49 PM webapp.storage.AbstractStorage save
INFO: &amp#27;[32mSave 14708f07-b0ee-4e14-9f91-565006b2f667(uuid1308)
сент. 19, 2025 6:42:49 PM webapp.storage.AbstractStorage save
INFO: &amp#27;[32mSave a250645e-ca75-402d-a1cd-efa507f8abaa(uuid1309)
сент. 19, 2025 6:42:49 PM webapp.storage.AbstractStorage save
INFO: &amp#27;[32mSave 98d51be3-39a3-4a60-87c5-cc8db39f4d5a(uuid1310)
сент. 19, 2025 6:42:49 PM webapp.storage.AbstractStorage save
INFO: &amp#27;[32mSave cd8bdaa1-501f-4554-8484-5fba9cc9c2eb(uuid1311)
сент. 19, 2025 6:42:49 PM webapp.storage.AbstractStorage save
INFO: &amp#27;[32mSave 6b340d03-c017-43f4-902c-92ab99fbd219(uuid1312)
сент. 19, 2025 6:42:49 PM webapp.storage.AbstractStorage save
INFO: &amp#27;[32mSave a285bafb-846e-4e3d-8c93-49029967ae19(uuid1313)
сент. 19, 2025 6:42:49 PM webapp.storage.AbstractStorage save
INFO: &amp#27;[32mSave 2e32b3fb-04dc-4cdf-9bbb-e7a5d58957da(uuid1314)
сент. 19, 2025 6:42:49 PM webapp.storage.AbstractStorage save
INFO: &amp#27;[32mSave d63dbace-79e6-49dd-8a89-8282ac24d7c8(uuid1315)
сент. 19, 2025 6:42:49 PM webapp.storage.AbstractStorage save
INFO: &amp#27;[32mSave 21e5610c-fd23-4007-bacb-08f589743a7d(uuid1316)
сент. 19, 2025 6:42:49 PM webapp.storage.AbstractStorage save
INFO: &amp#27;[32mSave 796740e6-0eab-4ab7-b525-333cc145a965(uuid1317)
сент. 19, 2025 6:42:49 PM webapp.storage.AbstractStorage save
INFO: &amp#27;[32mSave b9d15195-3142-40b4-a9fe-07197bc1e08e(uuid1318)
сент. 19, 2025 6:42:49 PM webapp.storage.AbstractStorage save
INFO: &amp#27;[32mSave 089d0dcc-b336-4ad7-b56b-714fb7a35b90(uuid1319)
сент. 19, 2025 6:42:49 PM webapp.storage.AbstractStorage save
INFO: &amp#27;[32mSave c51f7b18-001f-48ee-9445-031a8ddb80d7(uuid1320)
сент. 19, 2025 6:42:49 PM webapp.storage.AbstractStorage save
INFO: &amp#27;[32mSave e500c1b8-a85f-423e-9eb5-4accbfe395a3(uuid1321)
сент. 19, 2025 6:42:49 PM webapp.storage.AbstractStorage save
INFO: &amp#27;[32mSave 2efe0122-b668-4dc7-93a6-43408fad278f(uuid1322)
сент. 19, 2025 6:42:49 PM webapp.storage.AbstractStorage save
INFO: &amp#27;[32mSave 475b7d43-ab96-46dd-a127-adf70acd222d(uuid1323)
сент. 19, 2025 6:42:49 PM webapp.storage.AbstractStorage save
INFO: &amp#27;[32mSave 178faf15-c466-4e22-abcc-85e39a8c3863(uuid1324)
сент. 19, 2025 6:42:49 PM webapp.storage.AbstractStorage save
INFO: &amp#27;[32mSave 3698f22a-85af-4760-841e-25caadcec357(uuid1325)
сент. 19, 2025 6:42:49 PM webapp.storage.AbstractStorage save
INFO: &amp#27;[32mSave 9c6b3eda-98d4-4279-bf5e-2507034a7601(uuid1326)
сент. 19, 2025 6:42:49 PM webapp.storage.AbstractStorage save
INFO: &amp#27;[32mSave 95935717-5412-4e95-b323-7f7dd12482b9(uuid1327)
сент. 19, 2025 6:42:49 PM webapp.storage.AbstractStorage save
INFO: &amp#27;[32mSave e37c63b6-b7a8-416c-b445-1fdb5c980a3a(uuid1328)
сент. 19, 2025 6:42:49 PM webapp.storage.AbstractStorage save
INFO: &amp#27;[32mSave 9cda768e-c5ba-42fd-9d29-23e10fffc202(uuid1329)
сент. 19, 2025 6:42:49 PM webapp.storage.AbstractStorage save
INFO: &amp#27;[32mSave cbb369b5-b0d4-4aac-8db5-d24d8bc29124(uuid1330)
сент. 19, 2025 6:42:49 PM webapp.storage.AbstractStorage save
INFO: &amp#27;[32mSave cff29840-6d6e-48ff-ad33-a00a33250e24(uuid1331)
сент. 19, 2025 6:42:49 PM webapp.storage.AbstractStorage save
INFO: &amp#27;[32mSave d51d3459-bdf8-4921-90c5-e927559fe9c6(uuid1332)
сент. 19, 2025 6:42:49 PM webapp.storage.AbstractStorage save
INFO: &amp#27;[32mSave 7dc24f48-e4f0-4e4a-9033-51206c5a8df4(uuid1333)
сент. 19, 2025 6:42:49 PM webapp.storage.AbstractStorage save
INFO: &amp#27;[32mSave 39f62719-24ed-4595-b0ee-a2a5635f1a4a(uuid1334)
сент. 19, 2025 6:42:49 PM webapp.storage.AbstractStorage save
INFO: &amp#27;[32mSave 67ce7dbd-2ac8-448e-a26c-64dc2bf01a87(uuid1335)
сент. 19, 2025 6:42:49 PM webapp.storage.AbstractStorage save
INFO: &amp#27;[32mSave 902e5d15-5fb6-4d4b-9f75-fb4a6d396079(uuid1336)
сент. 19, 2025 6:42:49 PM webapp.storage.AbstractStorage save
INFO: &amp#27;[32mSave 64108525-16b3-49e6-96b6-11877e026601(uuid1337)
сент. 19, 2025 6:42:49 PM webapp.storage.AbstractStorage save
INFO: &amp#27;[32mSave 3efb8346-a2d5-498d-a60c-1dbe2261fcab(uuid1338)
сент. 19, 2025 6:42:49 PM webapp.storage.AbstractStorage save
INFO: &amp#27;[32mSave 8f6408a0-2e68-4f7a-a292-3b7cf3ebbeb4(uuid1339)
сент. 19, 2025 6:42:49 PM webapp.storage.AbstractStorage save
INFO: &amp#27;[32mSave 8d07589b-a478-4887-a1a6-cce47b142754(uuid1340)
сент. 19, 2025 6:42:49 PM webapp.storage.AbstractStorage save
INFO: &amp#27;[32mSave 26ba24f6-c84a-4b7b-a65b-88efb0b60eee(uuid1341)
сент. 19, 2025 6:42:49 PM webapp.storage.AbstractStorage save
INFO: &amp#27;[32mSave 3d3a663d-3019-46c2-97a1-99085d7cd548(uuid1342)
сент. 19, 2025 6:42:49 PM webapp.storage.AbstractStorage save
INFO: &amp#27;[32mSave 520564f7-d227-4255-aabb-16cd1c079bf0(uuid1343)
сент. 19, 2025 6:42:49 PM webapp.storage.AbstractStorage save
INFO: &amp#27;[32mSave be8d1fc6-fe8b-4e15-a13c-2433caca8100(uuid1344)
сент. 19, 2025 6:42:49 PM webapp.storage.AbstractStorage save
INFO: &amp#27;[32mSave 3144eb7a-759a-49be-b650-6d9bf216f76b(uuid1345)
сент. 19, 2025 6:42:49 PM webapp.storage.AbstractStorage save
INFO: &amp#27;[32mSave b9213b77-bb6d-4b51-aa4a-bc65e827d61e(uuid1346)
сент. 19, 2025 6:42:49 PM webapp.storage.AbstractStorage save
INFO: &amp#27;[32mSave 9513bb83-420c-4b31-a3cc-b86edeee6caa(uuid1347)
сент. 19, 2025 6:42:49 PM webapp.storage.AbstractStorage save
INFO: &amp#27;[32mSave 296deaec-a1c4-46de-85a6-406d79c4d0b3(uuid1348)
сент. 19, 2025 6:42:49 PM webapp.storage.AbstractStorage save
INFO: &amp#27;[32mSave 2c407894-3ff5-4b73-9f44-a2778402a972(uuid1349)
сент. 19, 2025 6:42:49 PM webapp.storage.AbstractStorage save
INFO: &amp#27;[32mSave c8be2f38-6d32-4bde-9fee-0a413446adf5(uuid1350)
сент. 19, 2025 6:42:49 PM webapp.storage.AbstractStorage save
INFO: &amp#27;[32mSave 3b96d38e-d77b-4943-87e4-182538e253b1(uuid1351)
сент. 19, 2025 6:42:49 PM webapp.storage.AbstractStorage save
INFO: &amp#27;[32mSave e2f49d00-9c4d-4eda-a0e8-6af16fecbc53(uuid1352)
сент. 19, 2025 6:42:49 PM webapp.storage.AbstractStorage save
INFO: &amp#27;[32mSave ed49f2cd-11cb-4cf6-bb3b-f3487a0dcdfa(uuid1353)
сент. 19, 2025 6:42:49 PM webapp.storage.AbstractStorage save
INFO: &amp#27;[32mSave 23a92855-bf6f-4874-b6e8-61b03d718f36(uuid1354)
сент. 19, 2025 6:42:49 PM webapp.storage.AbstractStorage save
INFO: &amp#27;[32mSave 6fd86677-be17-4bfa-b96f-5f6e5c01d608(uuid1355)
сент. 19, 2025 6:42:49 PM webapp.storage.AbstractStorage save
INFO: &amp#27;[32mSave 9fbfacca-321c-4126-b43d-ba4101f2b601(uuid1356)
сент. 19, 2025 6:42:49 PM webapp.storage.AbstractStorage save
INFO: &amp#27;[32mSave ca0063b8-ee4d-4cb6-ac28-fd245a30b1b5(uuid1357)
сент. 19, 2025 6:42:49 PM webapp.storage.AbstractStorage save
INFO: &amp#27;[32mSave 5b582b8f-13cd-40c9-9dad-a9a27de85182(uuid1358)
сент. 19, 2025 6:42:49 PM webapp.storage.AbstractStorage save
INFO: &amp#27;[32mSave ce4a3c68-db26-4b92-900a-0039f6911198(uuid1359)
сент. 19, 2025 6:42:49 PM webapp.storage.AbstractStorage save
INFO: &amp#27;[32mSave 94a844bf-a3dd-40a2-8af7-29eb90d42d4b(uuid1360)
сент. 19, 2025 6:42:49 PM webapp.storage.AbstractStorage save
INFO: &amp#27;[32mSave 807c58a6-22f6-4988-ad62-2f1a777d3a73(uuid1361)
сент. 19, 2025 6:42:49 PM webapp.storage.AbstractStorage save
INFO: &amp#27;[32mSave 1008b804-3694-4359-a883-d37fa8945cb2(uuid1362)
сент. 19, 2025 6:42:49 PM webapp.storage.AbstractStorage save
INFO: &amp#27;[32mSave c705cb5c-1f1e-4ed5-b242-983400de0c8d(uuid1363)
сент. 19, 2025 6:42:49 PM webapp.storage.AbstractStorage save
INFO: &amp#27;[32mSave 5594de35-54c4-47ba-8e6e-bc877d698828(uuid1364)
сент. 19, 2025 6:42:49 PM webapp.storage.AbstractStorage save
INFO: &amp#27;[32mSave 1ffda4d9-9e14-4c63-912b-61993018b37d(uuid1365)
сент. 19, 2025 6:42:49 PM webapp.storage.AbstractStorage save
INFO: &amp#27;[32mSave 9ad35ed4-7e4c-4f40-ab4a-160dd4b855b1(uuid1366)
сент. 19, 2025 6:42:49 PM webapp.storage.AbstractStorage save
INFO: &amp#27;[32mSave be6f25de-c2be-435a-994d-d4f30b9dfe28(uuid1367)
сент. 19, 2025 6:42:49 PM webapp.storage.AbstractStorage save
INFO: &amp#27;[32mSave e5dd1195-a7a4-43f9-899a-d821c88af9f2(uuid1368)
сент. 19, 2025 6:42:49 PM webapp.storage.AbstractStorage save
INFO: &amp#27;[32mSave 17802adf-129e-4a1a-bcb0-71f15572b57b(uuid1369)
сент. 19, 2025 6:42:49 PM webapp.storage.AbstractStorage save
INFO: &amp#27;[32mSave b8adc943-0d8f-4466-9da9-3b25e2d717bb(uuid1370)
сент. 19, 2025 6:42:49 PM webapp.storage.AbstractStorage save
INFO: &amp#27;[32mSave 300c5543-2831-4083-8c81-bb31be52ad69(uuid1371)
сент. 19, 2025 6:42:49 PM webapp.storage.AbstractStorage save
INFO: &amp#27;[32mSave 3ce4cb21-a098-45cf-86e2-d85e48c74e23(uuid1372)
сент. 19, 2025 6:42:49 PM webapp.storage.AbstractStorage save
INFO: &amp#27;[32mSave 67200874-60e0-4bd3-b1ec-0bc5ed06ae00(uuid1373)
сент. 19, 2025 6:42:49 PM webapp.storage.AbstractStorage save
INFO: &amp#27;[32mSave d2033980-d6d9-4a02-8eab-878d5b8d8f59(uuid1374)
сент. 19, 2025 6:42:49 PM webapp.storage.AbstractStorage save
INFO: &amp#27;[32mSave 1e009eea-7721-4af6-bc66-bc9ce8c4cab3(uuid1375)
сент. 19, 2025 6:42:49 PM webapp.storage.AbstractStorage save
INFO: &amp#27;[32mSave 8268891e-1a40-4897-aec3-f7540fc13b0a(uuid1376)
сент. 19, 2025 6:42:49 PM webapp.storage.AbstractStorage save
INFO: &amp#27;[32mSave cee34674-8247-473b-a677-a1bfe3d03222(uuid1377)
сент. 19, 2025 6:42:49 PM webapp.storage.AbstractStorage save
INFO: &amp#27;[32mSave 888cd67b-bea5-4589-a7c6-7d82b77d97b1(uuid1378)
сент. 19, 2025 6:42:49 PM webapp.storage.AbstractStorage save
INFO: &amp#27;[32mSave 95dd318f-65b5-496a-a3c4-b94fbd3d6e1d(uuid1379)
сент. 19, 2025 6:42:49 PM webapp.storage.AbstractStorage save
INFO: &amp#27;[32mSave 03cd2da8-b8f2-4403-8bc9-542d654a65fc(uuid1380)
сент. 19, 2025 6:42:49 PM webapp.storage.AbstractStorage save
INFO: &amp#27;[32mSave 7a7464e3-ccf9-411c-ae57-c8f6b826ef38(uuid1381)
сент. 19, 2025 6:42:49 PM webapp.storage.AbstractStorage save
INFO: &amp#27;[32mSave 0fbc1f31-b044-4045-9961-e769c69bd863(uuid1382)
сент. 19, 2025 6:42:49 PM webapp.storage.AbstractStorage save
INFO: &amp#27;[32mSave 477e4ce2-f9d4-47d0-a48f-46fef7982184(uuid1383)
сент. 19, 2025 6:42:49 PM webapp.storage.AbstractStorage save
INFO: &amp#27;[32mSave 16f157d1-c92d-4701-8d71-9b018e4ed693(uuid1384)
сент. 19, 2025 6:42:49 PM webapp.storage.AbstractStorage save
INFO: &amp#27;[32mSave b8956974-3bea-404a-bd51-289bc45db254(uuid1385)
сент. 19, 2025 6:42:49 PM webapp.storage.AbstractStorage save
INFO: &amp#27;[32mSave f13f3c25-7f06-44fc-9b7e-f6bb2ce05a36(uuid1386)
сент. 19, 2025 6:42:49 PM webapp.storage.AbstractStorage save
INFO: &amp#27;[32mSave 941c26e0-937b-4458-a76f-2afc49af661f(uuid1387)
сент. 19, 2025 6:42:49 PM webapp.storage.AbstractStorage save
INFO: &amp#27;[32mSave 5b5dfe4f-65b3-4d95-9684-a569fd6a8a64(uuid1388)
сент. 19, 2025 6:42:49 PM webapp.storage.AbstractStorage save
INFO: &amp#27;[32mSave 0591e057-622e-494a-94ed-30b0fce5d755(uuid1389)
сент. 19, 2025 6:42:49 PM webapp.storage.AbstractStorage save
INFO: &amp#27;[32mSave 867caa8a-6c64-4036-b5d5-3d418e56981b(uuid1390)
сент. 19, 2025 6:42:49 PM webapp.storage.AbstractStorage save
INFO: &amp#27;[32mSave ad9f2515-0fbe-41ff-ae68-359da1a663c2(uuid1391)
сент. 19, 2025 6:42:49 PM webapp.storage.AbstractStorage save
INFO: &amp#27;[32mSave d4f16e6d-7ffc-4c64-afd2-b2e9b4673f41(uuid1392)
сент. 19, 2025 6:42:49 PM webapp.storage.AbstractStorage save
INFO: &amp#27;[32mSave 0fde97bf-4992-4ff4-b07f-7592c01a7726(uuid1393)
сент. 19, 2025 6:42:49 PM webapp.storage.AbstractStorage save
INFO: &amp#27;[32mSave c1bbb217-ddd7-4f05-9a58-36aa6df04bf0(uuid1394)
сент. 19, 2025 6:42:49 PM webapp.storage.AbstractStorage save
INFO: &amp#27;[32mSave f121497f-fc18-4d46-b900-a3d2caf05623(uuid1395)
сент. 19, 2025 6:42:49 PM webapp.storage.AbstractStorage save
INFO: &amp#27;[32mSave 7052061e-5053-48fc-bdb0-c03871960099(uuid1396)
сент. 19, 2025 6:42:49 PM webapp.storage.AbstractStorage save
INFO: &amp#27;[32mSave af157674-25d4-433c-871f-1e1fc80802e9(uuid1397)
сент. 19, 2025 6:42:49 PM webapp.storage.AbstractStorage save
INFO: &amp#27;[32mSave 3a4cba59-7322-4586-837c-423b38c0bc84(uuid1398)
сент. 19, 2025 6:42:49 PM webapp.storage.AbstractStorage save
INFO: &amp#27;[32mSave 81e0086e-abb5-40d4-a908-5e1f6b7b1c3f(uuid1399)
сент. 19, 2025 6:42:49 PM webapp.storage.AbstractStorage save
INFO: &amp#27;[32mSave ce4c7267-6992-4f20-b2cc-1136db84a009(uuid1400)
сент. 19, 2025 6:42:49 PM webapp.storage.AbstractStorage save
INFO: &amp#27;[32mSave 69bdea12-b7d3-4e29-8ce8-5b927a04141f(uuid1401)
сент. 19, 2025 6:42:49 PM webapp.storage.AbstractStorage save
INFO: &amp#27;[32mSave 5193ee2a-fc96-4007-b49d-5976b6b66157(uuid1402)
сент. 19, 2025 6:42:49 PM webapp.storage.AbstractStorage save
INFO: &amp#27;[32mSave daac3929-2933-4191-81da-b41538a6614e(uuid1403)
сент. 19, 2025 6:42:49 PM webapp.storage.AbstractStorage save
INFO: &amp#27;[32mSave bff731ce-59e4-4bf9-b3f0-b3d50cae5ed7(uuid1404)
сент. 19, 2025 6:42:49 PM webapp.storage.AbstractStorage save
INFO: &amp#27;[32mSave add9f1f2-0679-47a7-a80d-7c2b24cbd016(uuid1405)
сент. 19, 2025 6:42:49 PM webapp.storage.AbstractStorage save
INFO: &amp#27;[32mSave db0abd4f-6e02-4582-8a76-13609c706c34(uuid1406)
сент. 19, 2025 6:42:49 PM webapp.storage.AbstractStorage save
INFO: &amp#27;[32mSave bc9891bd-ade7-46aa-87d4-5402b4208797(uuid1407)
сент. 19, 2025 6:42:49 PM webapp.storage.AbstractStorage save
INFO: &amp#27;[32mSave 5d4a918d-42f7-4a45-b5f7-1ea5a3b3f1b2(uuid1408)
сент. 19, 2025 6:42:49 PM webapp.storage.AbstractStorage save
INFO: &amp#27;[32mSave 407b375c-0eda-446f-9cb4-6fbd9cf0bc30(uuid1409)
сент. 19, 2025 6:42:49 PM webapp.storage.AbstractStorage save
INFO: &amp#27;[32mSave 10eacb52-29dd-4255-aecf-4379f3864366(uuid1410)
сент. 19, 2025 6:42:49 PM webapp.storage.AbstractStorage save
INFO: &amp#27;[32mSave cea3bc22-9f5c-45c9-b7b1-db4a4f0e00e1(uuid1411)
сент. 19, 2025 6:42:49 PM webapp.storage.AbstractStorage save
INFO: &amp#27;[32mSave 029750aa-8af3-49a6-96ea-a73dea7d35ea(uuid1412)
сент. 19, 2025 6:42:49 PM webapp.storage.AbstractStorage save
INFO: &amp#27;[32mSave 831bdad4-7e24-4509-a347-16431e25a1d8(uuid1413)
сент. 19, 2025 6:42:49 PM webapp.storage.AbstractStorage save
INFO: &amp#27;[32mSave 2e803a51-a3c0-4d68-b221-c8407731fc86(uuid1414)
сент. 19, 2025 6:42:49 PM webapp.storage.AbstractStorage save
INFO: &amp#27;[32mSave e845049a-a3a2-407b-a60a-3a786500d99d(uuid1415)
сент. 19, 2025 6:42:49 PM webapp.storage.AbstractStorage save
INFO: &amp#27;[32mSave a7cf72b0-3e4a-4653-9088-1534d1a6cb11(uuid1416)
сент. 19, 2025 6:42:49 PM webapp.storage.AbstractStorage save
INFO: &amp#27;[32mSave 3b59a94c-41e4-4ff2-b66d-e7bda2cb670f(uuid1417)
сент. 19, 2025 6:42:49 PM webapp.storage.AbstractStorage save
INFO: &amp#27;[32mSave 871f1303-8004-414c-b139-632de5fcf349(uuid1418)
сент. 19, 2025 6:42:49 PM webapp.storage.AbstractStorage save
INFO: &amp#27;[32mSave 348aa140-0a79-4cc2-88a9-328c71c2285c(uuid1419)
сент. 19, 2025 6:42:49 PM webapp.storage.AbstractStorage save
INFO: &amp#27;[32mSave 5eeab9b5-d484-4e33-a100-56c89a8edd77(uuid1420)
сент. 19, 2025 6:42:49 PM webapp.storage.AbstractStorage save
INFO: &amp#27;[32mSave 53ca18d3-0b13-4215-b423-dafcf204ddfb(uuid1421)
сент. 19, 2025 6:42:49 PM webapp.storage.AbstractStorage save
INFO: &amp#27;[32mSave 60554baa-7c74-48bc-8345-2b70a6e6d898(uuid1422)
сент. 19, 2025 6:42:49 PM webapp.storage.AbstractStorage save
INFO: &amp#27;[32mSave a8ea862f-6a9b-496b-a42b-db8eb67a5a6e(uuid1423)
сент. 19, 2025 6:42:49 PM webapp.storage.AbstractStorage save
INFO: &amp#27;[32mSave 60e2997e-5aa1-40ca-98aa-790793f38e0f(uuid1424)
сент. 19, 2025 6:42:49 PM webapp.storage.AbstractStorage save
INFO: &amp#27;[32mSave dd6ba0a2-ec0a-4033-98e9-71641efe6f3f(uuid1425)
сент. 19, 2025 6:42:49 PM webapp.storage.AbstractStorage save
INFO: &amp#27;[32mSave b9a66dd3-2c3e-4b84-916d-f50cd05ee746(uuid1426)
сент. 19, 2025 6:42:49 PM webapp.storage.AbstractStorage save
INFO: &amp#27;[32mSave 2e755f38-c5f2-4ce1-b723-85101bb8bb24(uuid1427)
сент. 19, 2025 6:42:49 PM webapp.storage.AbstractStorage save
INFO: &amp#27;[32mSave 53c0b441-2a73-4333-829f-68a419d9c989(uuid1428)
сент. 19, 2025 6:42:49 PM webapp.storage.AbstractStorage save
INFO: &amp#27;[32mSave 5cc104a2-f52e-4c0c-bf29-fe6a0804a9af(uuid1429)
сент. 19, 2025 6:42:49 PM webapp.storage.AbstractStorage save
INFO: &amp#27;[32mSave 241b693c-3d4b-4c8b-ac54-57a35d2bbafc(uuid1430)
сент. 19, 2025 6:42:49 PM webapp.storage.AbstractStorage save
INFO: &amp#27;[32mSave 62eebd21-4c63-4280-815f-070600c39c49(uuid1431)
сент. 19, 2025 6:42:49 PM webapp.storage.AbstractStorage save
INFO: &amp#27;[32mSave 9e44e3ec-64f8-45d0-b30d-a84adf2d67c7(uuid1432)
сент. 19, 2025 6:42:49 PM webapp.storage.AbstractStorage save
INFO: &amp#27;[32mSave 5eea41e3-a470-4a04-87ad-ae6a94663d68(uuid1433)
сент. 19, 2025 6:42:49 PM webapp.storage.AbstractStorage save
INFO: &amp#27;[32mSave 1e62d8a9-8826-4bf9-8f0c-34ccf0af7d1b(uuid1434)
сент. 19, 2025 6:42:49 PM webapp.storage.AbstractStorage save
INFO: &amp#27;[32mSave 9e0ff202-5a04-44f8-a42d-c8add177e02c(uuid1435)
сент. 19, 2025 6:42:49 PM webapp.storage.AbstractStorage save
INFO: &amp#27;[32mSave 72acc443-3957-4f5c-958a-18476477a0af(uuid1436)
сент. 19, 2025 6:42:49 PM webapp.storage.AbstractStorage save
INFO: &amp#27;[32mSave 3a4a718d-8cc4-4dfb-a28e-8b81fa62b2ca(uuid1437)
сент. 19, 2025 6:42:49 PM webapp.storage.AbstractStorage save
INFO: &amp#27;[32mSave 8320ebca-c07c-4897-8cdf-9589d092e3c6(uuid1438)
сент. 19, 2025 6:42:49 PM webapp.storage.AbstractStorage save
INFO: &amp#27;[32mSave c2f9606f-fb01-44cb-a09b-d80f1bbe33ee(uuid1439)
сент. 19, 2025 6:42:49 PM webapp.storage.AbstractStorage save
INFO: &amp#27;[32mSave aa01dfc4-e15f-4530-9c0e-d540a9dd27d1(uuid1440)
сент. 19, 2025 6:42:49 PM webapp.storage.AbstractStorage save
INFO: &amp#27;[32mSave 1e01ddc3-7dae-4da4-bce0-a17cef3ad0f6(uuid1441)
сент. 19, 2025 6:42:49 PM webapp.storage.AbstractStorage save
INFO: &amp#27;[32mSave d80b3d34-eb0a-4bc9-b0b1-579178cf8385(uuid1442)
сент. 19, 2025 6:42:49 PM webapp.storage.AbstractStorage save
INFO: &amp#27;[32mSave 357dbb43-1e71-4f3c-8adc-7b2cedffee6f(uuid1443)
сент. 19, 2025 6:42:49 PM webapp.storage.AbstractStorage save
INFO: &amp#27;[32mSave 68d16035-17fe-4c80-95c6-10e84cb659cd(uuid1444)
сент. 19, 2025 6:42:49 PM webapp.storage.AbstractStorage save
INFO: &amp#27;[32mSave 97e28a04-9fe6-4500-ba3f-a2baf934a446(uuid1445)
сент. 19, 2025 6:42:49 PM webapp.storage.AbstractStorage save
INFO: &amp#27;[32mSave b0679b61-78d1-48db-87c3-47255ffb37ce(uuid1446)
сент. 19, 2025 6:42:49 PM webapp.storage.AbstractStorage save
INFO: &amp#27;[32mSave f041cf6a-5205-4bef-ba3b-50bd60b27ecf(uuid1447)
сент. 19, 2025 6:42:49 PM webapp.storage.AbstractStorage save
INFO: &amp#27;[32mSave f6358adf-6d72-49ab-8e04-d05e4b981f55(uuid1448)
сент. 19, 2025 6:42:49 PM webapp.storage.AbstractStorage save
INFO: &amp#27;[32mSave 9685550c-4dfc-483c-b109-1df47bf10027(uuid1449)
сент. 19, 2025 6:42:49 PM webapp.storage.AbstractStorage save
INFO: &amp#27;[32mSave 49ba0e47-83e2-4ffa-983e-4ec3ad260280(uuid1450)
сент. 19, 2025 6:42:49 PM webapp.storage.AbstractStorage save
INFO: &amp#27;[32mSave 9e39d660-0485-4e48-a281-34c58b9488f9(uuid1451)
сент. 19, 2025 6:42:49 PM webapp.storage.AbstractStorage save
INFO: &amp#27;[32mSave c28fab6b-5943-4013-b0a9-5a662518c022(uuid1452)
сент. 19, 2025 6:42:49 PM webapp.storage.AbstractStorage save
INFO: &amp#27;[32mSave 110f325b-3771-4aa8-a0bd-99d44d6e2538(uuid1453)
сент. 19, 2025 6:42:49 PM webapp.storage.AbstractStorage save
INFO: &amp#27;[32mSave 3ac32eda-0f06-4674-b716-d49a5805c6d4(uuid1454)
сент. 19, 2025 6:42:49 PM webapp.storage.AbstractStorage save
INFO: &amp#27;[32mSave ac43883f-8436-4399-bb03-1f05ad09ff22(uuid1455)
сент. 19, 2025 6:42:49 PM webapp.storage.AbstractStorage save
INFO: &amp#27;[32mSave f0c5d999-57f0-4127-820f-4089dc7b7e67(uuid1456)
сент. 19, 2025 6:42:49 PM webapp.storage.AbstractStorage save
INFO: &amp#27;[32mSave 4408d308-85b4-4a08-90ac-4465382b3eb3(uuid1457)
сент. 19, 2025 6:42:49 PM webapp.storage.AbstractStorage save
INFO: &amp#27;[32mSave 15ea1d52-bfef-4dc1-b613-4fce4d0926d9(uuid1458)
сент. 19, 2025 6:42:49 PM webapp.storage.AbstractStorage save
INFO: &amp#27;[32mSave 9c833d6b-e254-4cef-b6a3-07efbab04ddc(uuid1459)
сент. 19, 2025 6:42:49 PM webapp.storage.AbstractStorage save
INFO: &amp#27;[32mSave 7b342479-e648-4050-a6d4-95598e799dfc(uuid1460)
сент. 19, 2025 6:42:49 PM webapp.storage.AbstractStorage save
INFO: &amp#27;[32mSave 09378ec6-9e0f-4057-a6e7-1441c7eec88d(uuid1461)
сент. 19, 2025 6:42:49 PM webapp.storage.AbstractStorage save
INFO: &amp#27;[32mSave f5bfc11f-cd4f-4b02-b6b9-0712496fed86(uuid1462)
сент. 19, 2025 6:42:49 PM webapp.storage.AbstractStorage save
INFO: &amp#27;[32mSave 4a8a62d4-c290-47fb-b715-f0376fbe2d65(uuid1463)
сент. 19, 2025 6:42:49 PM webapp.storage.AbstractStorage save
INFO: &amp#27;[32mSave 8bf17d7e-1650-496c-9a36-877a2272f489(uuid1464)
сент. 19, 2025 6:42:49 PM webapp.storage.AbstractStorage save
INFO: &amp#27;[32mSave c583dc1c-2f39-426c-8350-f3a8c04093c3(uuid1465)
сент. 19, 2025 6:42:49 PM webapp.storage.AbstractStorage save
INFO: &amp#27;[32mSave 39bbc3fe-357d-4fc6-abd2-1b482657c0ab(uuid1466)
сент. 19, 2025 6:42:49 PM webapp.storage.AbstractStorage save
INFO: &amp#27;[32mSave 52e45c31-d7e7-4ef7-8e17-cf069b44d1e4(uuid1467)
сент. 19, 2025 6:42:49 PM webapp.storage.AbstractStorage save
INFO: &amp#27;[32mSave 8ef3242d-acb3-46e1-8687-c732dccac14c(uuid1468)
сент. 19, 2025 6:42:49 PM webapp.storage.AbstractStorage save
INFO: &amp#27;[32mSave 8e108e8b-ad08-4e33-ab1d-bf35f13aada1(uuid1469)
сент. 19, 2025 6:42:49 PM webapp.storage.AbstractStorage save
INFO: &amp#27;[32mSave ec65e839-3b27-408d-a941-c3a3f2c38db8(uuid1470)
сент. 19, 2025 6:42:49 PM webapp.storage.AbstractStorage save
INFO: &amp#27;[32mSave f4eb74fa-ad2f-4078-b4c2-0933800703a5(uuid1471)
сент. 19, 2025 6:42:49 PM webapp.storage.AbstractStorage save
INFO: &amp#27;[32mSave 72246c3c-4ca9-435a-960a-51c23c8a95f7(uuid1472)
сент. 19, 2025 6:42:49 PM webapp.storage.AbstractStorage save
INFO: &amp#27;[32mSave 8a78f172-ca9c-49b5-8bae-4b5b4ed5383b(uuid1473)
сент. 19, 2025 6:42:49 PM webapp.storage.AbstractStorage save
INFO: &amp#27;[32mSave 5112fe6c-c64e-44d6-b131-acfee466c8c6(uuid1474)
сент. 19, 2025 6:42:49 PM webapp.storage.AbstractStorage save
INFO: &amp#27;[32mSave c42bb746-dba4-4854-814c-14c9167380fe(uuid1475)
сент. 19, 2025 6:42:49 PM webapp.storage.AbstractStorage save
INFO: &amp#27;[32mSave 906b2d01-63e8-40fb-8661-cc5818c9580e(uuid1476)
сент. 19, 2025 6:42:49 PM webapp.storage.AbstractStorage save
INFO: &amp#27;[32mSave 12101b4c-7383-4a18-ba40-2b565bf8a155(uuid1477)
сент. 19, 2025 6:42:49 PM webapp.storage.AbstractStorage save
INFO: &amp#27;[32mSave 9792d179-fc82-4a71-a91e-a478f5598810(uuid1478)
сент. 19, 2025 6:42:49 PM webapp.storage.AbstractStorage save
INFO: &amp#27;[32mSave 30d37f55-73cd-43ad-9ddc-46ec52c9a50d(uuid1479)
сент. 19, 2025 6:42:49 PM webapp.storage.AbstractStorage save
INFO: &amp#27;[32mSave ad74072d-733b-4d47-93cb-67b0673decab(uuid1480)
сент. 19, 2025 6:42:49 PM webapp.storage.AbstractStorage save
INFO: &amp#27;[32mSave bfaa1525-b751-460f-9aee-827e1d8ff8ba(uuid1481)
сент. 19, 2025 6:42:49 PM webapp.storage.AbstractStorage save
INFO: &amp#27;[32mSave 149a35e1-c749-4756-8dce-83f6426da763(uuid1482)
сент. 19, 2025 6:42:49 PM webapp.storage.AbstractStorage save
INFO: &amp#27;[32mSave eff33be1-51a0-4891-9b8f-aeb4548a2fd8(uuid1483)
сент. 19, 2025 6:42:49 PM webapp.storage.AbstractStorage save
INFO: &amp#27;[32mSave 45afd767-0322-4cc0-9242-0f24ce1678dd(uuid1484)
сент. 19, 2025 6:42:49 PM webapp.storage.AbstractStorage save
INFO: &amp#27;[32mSave 6f36fd08-094e-4e62-9afe-c383bdcc9b53(uuid1485)
сент. 19, 2025 6:42:49 PM webapp.storage.AbstractStorage save
INFO: &amp#27;[32mSave 9c8a42f7-578e-4df3-bb50-ae6f8d66de54(uuid1486)
сент. 19, 2025 6:42:49 PM webapp.storage.AbstractStorage save
INFO: &amp#27;[32mSave f89d7718-9bf1-4c50-9638-60f8cd4df5d2(uuid1487)
сент. 19, 2025 6:42:49 PM webapp.storage.AbstractStorage save
INFO: &amp#27;[32mSave 5eb0df8a-6130-4d75-930e-0b8eaac9c5fc(uuid1488)
сент. 19, 2025 6:42:49 PM webapp.storage.AbstractStorage save
INFO: &amp#27;[32mSave 140c29f8-367e-4e1b-b255-c2575b80f76c(uuid1489)
сент. 19, 2025 6:42:49 PM webapp.storage.AbstractStorage save
INFO: &amp#27;[32mSave a2d38efb-0340-4cf1-b30b-8442c1aa0c82(uuid1490)
сент. 19, 2025 6:42:49 PM webapp.storage.AbstractStorage save
INFO: &amp#27;[32mSave 6b562e52-f3d1-410a-82fc-8dc1f1f5b5bd(uuid1491)
сент. 19, 2025 6:42:49 PM webapp.storage.AbstractStorage save
INFO: &amp#27;[32mSave c26bdedf-c1e8-432a-bd17-8a93d874bedf(uuid1492)
сент. 19, 2025 6:42:49 PM webapp.storage.AbstractStorage save
INFO: &amp#27;[32mSave 886ac77c-6f07-4376-915c-a638e3486108(uuid1493)
сент. 19, 2025 6:42:49 PM webapp.storage.AbstractStorage save
INFO: &amp#27;[32mSave 0db3ba50-376e-4b9a-9178-9fb572002922(uuid1494)
сент. 19, 2025 6:42:49 PM webapp.storage.AbstractStorage save
INFO: &amp#27;[32mSave 4e2896e8-5923-4a52-ab1e-d469bb1c7f7a(uuid1495)
сент. 19, 2025 6:42:49 PM webapp.storage.AbstractStorage save
INFO: &amp#27;[32mSave fa564cbc-3fcb-4949-b4fd-d22c11781940(uuid1496)
сент. 19, 2025 6:42:49 PM webapp.storage.AbstractStorage save
INFO: &amp#27;[32mSave 22b4e0ad-c12a-4fcf-abfd-6a1b6a4fa058(uuid1497)
сент. 19, 2025 6:42:49 PM webapp.storage.AbstractStorage save
INFO: &amp#27;[32mSave 60d162f4-84ed-4ccf-82e5-5657bf7f8e8b(uuid1498)
сент. 19, 2025 6:42:49 PM webapp.storage.AbstractStorage save
INFO: &amp#27;[32mSave 76126bdc-eb26-4ecc-bdc5-44b40ca908c8(uuid1499)
сент. 19, 2025 6:42:49 PM webapp.storage.AbstractStorage save
INFO: &amp#27;[32mSave 6082c870-a0da-4d52-a5a7-1ec86cbf3ec1(uuid1500)
сент. 19, 2025 6:42:49 PM webapp.storage.AbstractStorage save
INFO: &amp#27;[32mSave 92e3c713-531d-4ee0-9e64-a07b64d7ad20(uuid1501)
сент. 19, 2025 6:42:49 PM webapp.storage.AbstractStorage save
INFO: &amp#27;[32mSave 6b0ac1bf-0866-4e22-b380-77c8c42b77a0(uuid1502)
сент. 19, 2025 6:42:49 PM webapp.storage.AbstractStorage save
INFO: &amp#27;[32mSave 40a68c0e-d4cc-458a-b4ad-b2798a983b4d(uuid1503)
сент. 19, 2025 6:42:49 PM webapp.storage.AbstractStorage save
INFO: &amp#27;[32mSave 444e5905-0fd7-452d-9696-1204df49c2af(uuid1504)
сент. 19, 2025 6:42:49 PM webapp.storage.AbstractStorage save
INFO: &amp#27;[32mSave d3bfb33d-b714-45d3-a97b-1c6f4fe59e12(uuid1505)
сент. 19, 2025 6:42:49 PM webapp.storage.AbstractStorage save
INFO: &amp#27;[32mSave 320696e6-d2b3-439f-b3c5-c2c43eaaa65b(uuid1506)
сент. 19, 2025 6:42:49 PM webapp.storage.AbstractStorage save
INFO: &amp#27;[32mSave 117e432d-c90d-44b0-acab-caadeff81510(uuid1507)
сент. 19, 2025 6:42:49 PM webapp.storage.AbstractStorage save
INFO: &amp#27;[32mSave 9d017388-f88b-4b9a-b6a1-e4f4493c4b84(uuid1508)
сент. 19, 2025 6:42:49 PM webapp.storage.AbstractStorage save
INFO: &amp#27;[32mSave 648d3d4d-ef77-44e5-8dcf-f143b17cf639(uuid1509)
сент. 19, 2025 6:42:49 PM webapp.storage.AbstractStorage save
INFO: &amp#27;[32mSave e33ee41c-ba2a-4d1c-abc2-b9f5c06540aa(uuid1510)
сент. 19, 2025 6:42:49 PM webapp.storage.AbstractStorage save
INFO: &amp#27;[32mSave b5e0df07-fb62-4e07-a8f7-5ded7666efa0(uuid1511)
сент. 19, 2025 6:42:49 PM webapp.storage.AbstractStorage save
INFO: &amp#27;[32mSave 2009529c-8117-49a3-a29a-e2c08136e80a(uuid1512)
сент. 19, 2025 6:42:49 PM webapp.storage.AbstractStorage save
INFO: &amp#27;[32mSave 11a93776-0e76-46ff-9bd3-63791a983781(uuid1513)
сент. 19, 2025 6:42:49 PM webapp.storage.AbstractStorage save
INFO: &amp#27;[32mSave 67d7ad41-c6f8-4c05-956b-9fb6a5d17261(uuid1514)
сент. 19, 2025 6:42:49 PM webapp.storage.AbstractStorage save
INFO: &amp#27;[32mSave 74ae7e43-1108-4cf0-841e-9bf33ecf4925(uuid1515)
сент. 19, 2025 6:42:49 PM webapp.storage.AbstractStorage save
INFO: &amp#27;[32mSave 7e4479f0-f822-46a3-a705-5c05d6811c87(uuid1516)
сент. 19, 2025 6:42:49 PM webapp.storage.AbstractStorage save
INFO: &amp#27;[32mSave c8240427-8a4a-45e3-8805-027696f60968(uuid1517)
сент. 19, 2025 6:42:49 PM webapp.storage.AbstractStorage save
INFO: &amp#27;[32mSave d0623aec-2ca7-46ed-8493-fec23810c96e(uuid1518)
сент. 19, 2025 6:42:49 PM webapp.storage.AbstractStorage save
INFO: &amp#27;[32mSave d02150b3-311d-4443-9e84-be87677f5e17(uuid1519)
сент. 19, 2025 6:42:49 PM webapp.storage.AbstractStorage save
INFO: &amp#27;[32mSave 78d5cb80-26a2-4f9d-8385-66d4d120853c(uuid1520)
сент. 19, 2025 6:42:49 PM webapp.storage.AbstractStorage save
INFO: &amp#27;[32mSave 1bf40fce-e1a7-446f-8b19-a22ad17579bc(uuid1521)
сент. 19, 2025 6:42:49 PM webapp.storage.AbstractStorage save
INFO: &amp#27;[32mSave 7996f139-25af-4eb8-9774-0d96586fb958(uuid1522)
сент. 19, 2025 6:42:49 PM webapp.storage.AbstractStorage save
INFO: &amp#27;[32mSave 3f43836b-8f65-4737-993d-d8f4158cbd83(uuid1523)
сент. 19, 2025 6:42:49 PM webapp.storage.AbstractStorage save
INFO: &amp#27;[32mSave 3e5e4bf3-71d4-4ad4-8f2a-158e63c240b4(uuid1524)
сент. 19, 2025 6:42:49 PM webapp.storage.AbstractStorage save
INFO: &amp#27;[32mSave e12a60e2-5cdf-4891-9fb8-bedfa1a1564e(uuid1525)
сент. 19, 2025 6:42:49 PM webapp.storage.AbstractStorage save
INFO: &amp#27;[32mSave 8760a694-21be-485e-b4d9-a9af0b4c2977(uuid1526)
сент. 19, 2025 6:42:49 PM webapp.storage.AbstractStorage save
INFO: &amp#27;[32mSave 57716866-3a06-4b56-84d3-c739d6bb027e(uuid1527)
сент. 19, 2025 6:42:49 PM webapp.storage.AbstractStorage save
INFO: &amp#27;[32mSave 868923ff-ed9a-4b9c-88b7-5033b0d882b5(uuid1528)
сент. 19, 2025 6:42:49 PM webapp.storage.AbstractStorage save
INFO: &amp#27;[32mSave 1d6dc090-6d5c-4736-814e-fa47249f93ea(uuid1529)
сент. 19, 2025 6:42:49 PM webapp.storage.AbstractStorage save
INFO: &amp#27;[32mSave fd866330-9496-4bd5-9e10-6895ea4117a0(uuid1530)
сент. 19, 2025 6:42:49 PM webapp.storage.AbstractStorage save
INFO: &amp#27;[32mSave 8968d676-fe15-4a2e-824c-8ad810a90f19(uuid1531)
сент. 19, 2025 6:42:49 PM webapp.storage.AbstractStorage save
INFO: &amp#27;[32mSave b9c4fbe9-4d1b-4a9a-afaf-aa1100a8d10a(uuid1532)
сент. 19, 2025 6:42:49 PM webapp.storage.AbstractStorage save
INFO: &amp#27;[32mSave 97ce0f7d-33fe-4295-818c-dc3ef80e4d9c(uuid1533)
сент. 19, 2025 6:42:49 PM webapp.storage.AbstractStorage save
INFO: &amp#27;[32mSave 027bcf22-ac14-4641-b7d7-c42f38820f84(uuid1534)
сент. 19, 2025 6:42:49 PM webapp.storage.AbstractStorage save
INFO: &amp#27;[32mSave 5d766c11-5b0f-4143-96dc-1383e895c856(uuid1535)
сент. 19, 2025 6:42:49 PM webapp.storage.AbstractStorage save
INFO: &amp#27;[32mSave b8ec71b6-f45b-43a0-88f6-f557c47a93b7(uuid1536)
сент. 19, 2025 6:42:49 PM webapp.storage.AbstractStorage save
INFO: &amp#27;[32mSave 1a86935a-dc5c-4312-a6c3-a4af139a776d(uuid1537)
сент. 19, 2025 6:42:49 PM webapp.storage.AbstractStorage save
INFO: &amp#27;[32mSave 8ba76129-a55e-4c82-9e1e-3f15a692bf6e(uuid1538)
сент. 19, 2025 6:42:49 PM webapp.storage.AbstractStorage save
INFO: &amp#27;[32mSave a79ac9df-d739-40ea-ba68-3a4afc6e093e(uuid1539)
сент. 19, 2025 6:42:49 PM webapp.storage.AbstractStorage save
INFO: &amp#27;[32mSave 745f13ee-0b0a-4e58-bcee-1d0e48c7e8d7(uuid1540)
сент. 19, 2025 6:42:49 PM webapp.storage.AbstractStorage save
INFO: &amp#27;[32mSave f50d7fbf-8a1b-48c6-a923-f46b9dca0127(uuid1541)
сент. 19, 2025 6:42:49 PM webapp.storage.AbstractStorage save
INFO: &amp#27;[32mSave abfa652e-3d16-40dc-94eb-e84c50cd973c(uuid1542)
сент. 19, 2025 6:42:49 PM webapp.storage.AbstractStorage save
INFO: &amp#27;[32mSave 1ecc741c-577e-4a5c-8cd8-ae350e0eee91(uuid1543)
сент. 19, 2025 6:42:49 PM webapp.storage.AbstractStorage save
INFO: &amp#27;[32mSave a534f81b-2849-4a55-a0b7-f391220a7d66(uuid1544)
сент. 19, 2025 6:42:49 PM webapp.storage.AbstractStorage save
INFO: &amp#27;[32mSave ac2d5d2d-f483-442f-aba4-c2c080d88990(uuid1545)
сент. 19, 2025 6:42:49 PM webapp.storage.AbstractStorage save
INFO: &amp#27;[32mSave 6d000a86-2e16-4edf-8393-9bbc90ed661c(uuid1546)
сент. 19, 2025 6:42:49 PM webapp.storage.AbstractStorage save
INFO: &amp#27;[32mSave 0ebe4669-8396-42bc-9e09-ce5e32110a72(uuid1547)
сент. 19, 2025 6:42:49 PM webapp.storage.AbstractStorage save
INFO: &amp#27;[32mSave 506978c2-0317-47e7-a5b5-239fef7c0f76(uuid1548)
сент. 19, 2025 6:42:49 PM webapp.storage.AbstractStorage save
INFO: &amp#27;[32mSave d5d58715-b09a-4b06-b579-db1ac1cbadf1(uuid1549)
сент. 19, 2025 6:42:49 PM webapp.storage.AbstractStorage save
INFO: &amp#27;[32mSave 06d1e26a-d52c-49f6-838b-273200b00071(uuid1550)
сент. 19, 2025 6:42:49 PM webapp.storage.AbstractStorage save
INFO: &amp#27;[32mSave 1dbdc1b3-5e85-4cde-84c7-8dc5fbb4ce53(uuid1551)
сент. 19, 2025 6:42:49 PM webapp.storage.AbstractStorage save
INFO: &amp#27;[32mSave 00c07b94-ba5d-47bd-9f88-3e731eda8f0e(uuid1552)
сент. 19, 2025 6:42:49 PM webapp.storage.AbstractStorage save
INFO: &amp#27;[32mSave 8cfd7146-c547-4b33-b99b-70e03d7b33ff(uuid1553)
сент. 19, 2025 6:42:49 PM webapp.storage.AbstractStorage save
INFO: &amp#27;[32mSave 5ea9bc71-13c8-45f1-b27e-80d964cc962d(uuid1554)
сент. 19, 2025 6:42:49 PM webapp.storage.AbstractStorage save
INFO: &amp#27;[32mSave d0012b7c-0d66-4286-b803-891e7a28a5ff(uuid1555)
сент. 19, 2025 6:42:49 PM webapp.storage.AbstractStorage save
INFO: &amp#27;[32mSave fc7c0149-1936-4f34-a538-1a070baef6d2(uuid1556)
сент. 19, 2025 6:42:49 PM webapp.storage.AbstractStorage save
INFO: &amp#27;[32mSave a34cb4ce-f2b6-4dee-b73e-56676a5b7052(uuid1557)
сент. 19, 2025 6:42:49 PM webapp.storage.AbstractStorage save
INFO: &amp#27;[32mSave 5036cbba-b4c8-41a6-bc6e-545d47d20dfa(uuid1558)
сент. 19, 2025 6:42:49 PM webapp.storage.AbstractStorage save
INFO: &amp#27;[32mSave 2650665c-2506-4b0d-bd03-943aee50c5c1(uuid1559)
сент. 19, 2025 6:42:49 PM webapp.storage.AbstractStorage save
INFO: &amp#27;[32mSave 365b2cee-aa81-4b9f-a51d-bc563052b5ac(uuid1560)
сент. 19, 2025 6:42:49 PM webapp.storage.AbstractStorage save
INFO: &amp#27;[32mSave 7de9528e-376c-4bcf-a705-ae5593e93ca6(uuid1561)
сент. 19, 2025 6:42:49 PM webapp.storage.AbstractStorage save
INFO: &amp#27;[32mSave 572ddb14-d4f2-4e34-bc48-57c26b4411d2(uuid1562)
сент. 19, 2025 6:42:49 PM webapp.storage.AbstractStorage save
INFO: &amp#27;[32mSave 473d4a5f-508c-4eeb-9b68-0740b461652e(uuid1563)
сент. 19, 2025 6:42:49 PM webapp.storage.AbstractStorage save
INFO: &amp#27;[32mSave dda79132-43bb-4621-9628-69e576130497(uuid1564)
сент. 19, 2025 6:42:49 PM webapp.storage.AbstractStorage save
INFO: &amp#27;[32mSave 11a9b01a-f47d-441e-a32d-dd6cdb6f447e(uuid1565)
сент. 19, 2025 6:42:49 PM webapp.storage.AbstractStorage save
INFO: &amp#27;[32mSave 832a105c-a1a7-43c3-ae62-5d6542667ffa(uuid1566)
сент. 19, 2025 6:42:49 PM webapp.storage.AbstractStorage save
INFO: &amp#27;[32mSave 5f0e0575-d247-4ef8-acdb-3cac93ea4ce1(uuid1567)
сент. 19, 2025 6:42:49 PM webapp.storage.AbstractStorage save
INFO: &amp#27;[32mSave 809aa907-e0a8-4179-ad56-9ab9198a7599(uuid1568)
сент. 19, 2025 6:42:49 PM webapp.storage.AbstractStorage save
INFO: &amp#27;[32mSave 8a92b1c2-a318-4d3c-b359-be2fb6f3ea4b(uuid1569)
сент. 19, 2025 6:42:49 PM webapp.storage.AbstractStorage save
INFO: &amp#27;[32mSave 84d10e98-e142-4512-8e31-7f0c36e7ffa6(uuid1570)
сент. 19, 2025 6:42:49 PM webapp.storage.AbstractStorage save
INFO: &amp#27;[32mSave f630def8-6a24-41a1-b509-684e9b069324(uuid1571)
сент. 19, 2025 6:42:49 PM webapp.storage.AbstractStorage save
INFO: &amp#27;[32mSave 9f0efc93-0526-4876-98c9-dbc671013a03(uuid1572)
сент. 19, 2025 6:42:49 PM webapp.storage.AbstractStorage save
INFO: &amp#27;[32mSave 726bca3d-a6f0-4dfa-aed9-6bf1669dfe25(uuid1573)
сент. 19, 2025 6:42:49 PM webapp.storage.AbstractStorage save
INFO: &amp#27;[32mSave 25d6668b-6887-4c1c-9a03-598cceeff9b4(uuid1574)
сент. 19, 2025 6:42:49 PM webapp.storage.AbstractStorage save
INFO: &amp#27;[32mSave 6863cfda-c61e-47d0-a1ff-360354aea22b(uuid1575)
сент. 19, 2025 6:42:49 PM webapp.storage.AbstractStorage save
INFO: &amp#27;[32mSave b23e3a86-717a-4eb5-b8a4-81ff52c1e09f(uuid1576)
сент. 19, 2025 6:42:49 PM webapp.storage.AbstractStorage save
INFO: &amp#27;[32mSave 6832751e-054a-45af-9a51-b67915a19cba(uuid1577)
сент. 19, 2025 6:42:49 PM webapp.storage.AbstractStorage save
INFO: &amp#27;[32mSave 4c6b9811-0041-400f-bbde-adec8bb45eeb(uuid1578)
сент. 19, 2025 6:42:49 PM webapp.storage.AbstractStorage save
INFO: &amp#27;[32mSave 482d2e32-9db7-4110-884d-fb6032535dc7(uuid1579)
сент. 19, 2025 6:42:49 PM webapp.storage.AbstractStorage save
INFO: &amp#27;[32mSave 0c307eb4-0668-4c5e-b989-60608feff401(uuid1580)
сент. 19, 2025 6:42:49 PM webapp.storage.AbstractStorage save
INFO: &amp#27;[32mSave 515a4017-cb22-4166-8b2d-0f9e35f4649e(uuid1581)
сент. 19, 2025 6:42:49 PM webapp.storage.AbstractStorage save
INFO: &amp#27;[32mSave 7d2798da-84de-4e88-bfcc-2ecc04f4b823(uuid1582)
сент. 19, 2025 6:42:49 PM webapp.storage.AbstractStorage save
INFO: &amp#27;[32mSave af4a82f2-45eb-43dd-aa0b-6a3dc872c1fd(uuid1583)
сент. 19, 2025 6:42:49 PM webapp.storage.AbstractStorage save
INFO: &amp#27;[32mSave 199b7239-f554-4530-bb18-38b8caefed30(uuid1584)
сент. 19, 2025 6:42:49 PM webapp.storage.AbstractStorage save
INFO: &amp#27;[32mSave 9efe5c8b-0654-4d08-a0db-bcd1c5e06445(uuid1585)
сент. 19, 2025 6:42:49 PM webapp.storage.AbstractStorage save
INFO: &amp#27;[32mSave 546ffa20-1c7b-4465-a7d6-8b2d7f81b53f(uuid1586)
сент. 19, 2025 6:42:49 PM webapp.storage.AbstractStorage save
INFO: &amp#27;[32mSave 12e108ff-448a-4263-944f-9fade36180bf(uuid1587)
сент. 19, 2025 6:42:49 PM webapp.storage.AbstractStorage save
INFO: &amp#27;[32mSave 5df5d162-7e2f-4d20-b1ff-af2360f09b93(uuid1588)
сент. 19, 2025 6:42:49 PM webapp.storage.AbstractStorage save
INFO: &amp#27;[32mSave 3fa5703e-955e-44d0-a425-3894322c9778(uuid1589)
сент. 19, 2025 6:42:49 PM webapp.storage.AbstractStorage save
INFO: &amp#27;[32mSave fd66b5e9-855e-4f0c-beff-b8719209f402(uuid1590)
сент. 19, 2025 6:42:49 PM webapp.storage.AbstractStorage save
INFO: &amp#27;[32mSave 9de4641c-c312-48c6-9877-d14063b48fea(uuid1591)
сент. 19, 2025 6:42:49 PM webapp.storage.AbstractStorage save
INFO: &amp#27;[32mSave a7c5abc1-deaf-4e44-bcf0-aa831776639f(uuid1592)
сент. 19, 2025 6:42:49 PM webapp.storage.AbstractStorage save
INFO: &amp#27;[32mSave 297fe797-3905-487c-b057-3a4d15120e94(uuid1593)
сент. 19, 2025 6:42:49 PM webapp.storage.AbstractStorage save
INFO: &amp#27;[32mSave d2d4ab69-745f-493c-9eff-19af4f31914a(uuid1594)
сент. 19, 2025 6:42:49 PM webapp.storage.AbstractStorage save
INFO: &amp#27;[32mSave c5510b5c-0543-4c94-8fa0-e6afd31096a6(uuid1595)
сент. 19, 2025 6:42:49 PM webapp.storage.AbstractStorage save
INFO: &amp#27;[32mSave 75b94f74-5f22-4bc3-8b85-fd56340a3987(uuid1596)
сент. 19, 2025 6:42:49 PM webapp.storage.AbstractStorage save
INFO: &amp#27;[32mSave a0ef6984-c4d9-4ec5-9737-37e78e532cba(uuid1597)
сент. 19, 2025 6:42:49 PM webapp.storage.AbstractStorage save
INFO: &amp#27;[32mSave d8e4b6d7-7e5a-410b-ba29-eaa49e471108(uuid1598)
сент. 19, 2025 6:42:49 PM webapp.storage.AbstractStorage save
INFO: &amp#27;[32mSave 79ae219d-5977-40b7-87e9-a152a54aa21a(uuid1599)
сент. 19, 2025 6:42:49 PM webapp.storage.AbstractStorage save
INFO: &amp#27;[32mSave 9920b34d-6277-47f2-ba69-471402814602(uuid1600)
сент. 19, 2025 6:42:49 PM webapp.storage.AbstractStorage save
INFO: &amp#27;[32mSave 9302afe5-3f35-4708-bd81-f840660291c5(uuid1601)
сент. 19, 2025 6:42:49 PM webapp.storage.AbstractStorage save
INFO: &amp#27;[32mSave a260fe4a-2f86-4109-8f39-47c8d19ede5e(uuid1602)
сент. 19, 2025 6:42:49 PM webapp.storage.AbstractStorage save
INFO: &amp#27;[32mSave 702b42c5-1da3-46ac-ba42-020c061b42ac(uuid1603)
сент. 19, 2025 6:42:49 PM webapp.storage.AbstractStorage save
INFO: &amp#27;[32mSave 5645247d-901c-481b-b3a0-fc2efb850ac6(uuid1604)
сент. 19, 2025 6:42:49 PM webapp.storage.AbstractStorage save
INFO: &amp#27;[32mSave 93ac2c29-ec47-4739-a21a-2129b3eb473d(uuid1605)
сент. 19, 2025 6:42:49 PM webapp.storage.AbstractStorage save
INFO: &amp#27;[32mSave 7cdd3fda-f3a1-4b1b-a5f7-70625e40ca76(uuid1606)
сент. 19, 2025 6:42:49 PM webapp.storage.AbstractStorage save
INFO: &amp#27;[32mSave 8207dd0e-84af-4db9-9ea0-16ce3d8d6e1d(uuid1607)
сент. 19, 2025 6:42:49 PM webapp.storage.AbstractStorage save
INFO: &amp#27;[32mSave d8502222-246a-44c2-b83e-024e30a9d99b(uuid1608)
сент. 19, 2025 6:42:49 PM webapp.storage.AbstractStorage save
INFO: &amp#27;[32mSave 0a3a0a0e-c4ce-4080-8c2e-7d6656e33ef5(uuid1609)
сент. 19, 2025 6:42:49 PM webapp.storage.AbstractStorage save
INFO: &amp#27;[32mSave abf02184-3a1f-42a8-8d11-d7367fafb2e5(uuid1610)
сент. 19, 2025 6:42:49 PM webapp.storage.AbstractStorage save
INFO: &amp#27;[32mSave 3b4567d4-5895-49eb-9890-7abd91afc468(uuid1611)
сент. 19, 2025 6:42:49 PM webapp.storage.AbstractStorage save
INFO: &amp#27;[32mSave 3c2ed991-b295-4929-9132-5bbb5a3974bd(uuid1612)
сент. 19, 2025 6:42:49 PM webapp.storage.AbstractStorage save
INFO: &amp#27;[32mSave 26009c88-0192-435c-88b7-6065c1926b44(uuid1613)
сент. 19, 2025 6:42:49 PM webapp.storage.AbstractStorage save
INFO: &amp#27;[32mSave 46bb1d8b-16f6-45b2-a3f9-2974dd373a54(uuid1614)
сент. 19, 2025 6:42:49 PM webapp.storage.AbstractStorage save
INFO: &amp#27;[32mSave 40307ec3-fefe-4bd7-858c-ab39061a6976(uuid1615)
сент. 19, 2025 6:42:49 PM webapp.storage.AbstractStorage save
INFO: &amp#27;[32mSave cfc1bb7f-e1d1-4b33-b6f6-c2c61af24dde(uuid1616)
сент. 19, 2025 6:42:49 PM webapp.storage.AbstractStorage save
INFO: &amp#27;[32mSave 19771755-9e9a-47b9-b101-527ddf54bef9(uuid1617)
сент. 19, 2025 6:42:49 PM webapp.storage.AbstractStorage save
INFO: &amp#27;[32mSave 215c9d32-4685-4b61-b8f0-cd5c43ce8a31(uuid1618)
сент. 19, 2025 6:42:49 PM webapp.storage.AbstractStorage save
INFO: &amp#27;[32mSave 9c80db98-0b19-4aa5-907c-026ca84c487a(uuid1619)
сент. 19, 2025 6:42:49 PM webapp.storage.AbstractStorage save
INFO: &amp#27;[32mSave d2778ed1-c437-4eda-8613-c7170d8d06ae(uuid1620)
сент. 19, 2025 6:42:49 PM webapp.storage.AbstractStorage save
INFO: &amp#27;[32mSave 0548b0f4-8802-43c9-a488-64d19005d020(uuid1621)
сент. 19, 2025 6:42:49 PM webapp.storage.AbstractStorage save
INFO: &amp#27;[32mSave 14847b7b-561e-4bd1-94ab-bbc4852e3b74(uuid1622)
сент. 19, 2025 6:42:49 PM webapp.storage.AbstractStorage save
INFO: &amp#27;[32mSave ace07512-e3a3-4513-8d42-ae2018ac49e6(uuid1623)
сент. 19, 2025 6:42:49 PM webapp.storage.AbstractStorage save
INFO: &amp#27;[32mSave 16cf645e-bb71-4ad1-bdaa-59f1ccd1585c(uuid1624)
сент. 19, 2025 6:42:49 PM webapp.storage.AbstractStorage save
INFO: &amp#27;[32mSave defa9c1e-8ed7-4529-bec8-00893b006d98(uuid1625)
сент. 19, 2025 6:42:49 PM webapp.storage.AbstractStorage save
INFO: &amp#27;[32mSave 5215a6d7-3d05-49de-a76f-0853ed4b9198(uuid1626)
сент. 19, 2025 6:42:49 PM webapp.storage.AbstractStorage save
INFO: &amp#27;[32mSave a6788dd7-7864-49e8-951a-db102689e32a(uuid1627)
сент. 19, 2025 6:42:49 PM webapp.storage.AbstractStorage save
INFO: &amp#27;[32mSave ba1629e5-1c40-4765-9991-352b1dfcf637(uuid1628)
сент. 19, 2025 6:42:49 PM webapp.storage.AbstractStorage save
INFO: &amp#27;[32mSave 44f6d474-436f-4e20-b08f-32abeddb9ef0(uuid1629)
сент. 19, 2025 6:42:49 PM webapp.storage.AbstractStorage save
INFO: &amp#27;[32mSave 1eae2634-ec45-47bc-ac81-05b589f2bad4(uuid1630)
сент. 19, 2025 6:42:49 PM webapp.storage.AbstractStorage save
INFO: &amp#27;[32mSave 61c08a60-8435-4488-9414-391e5fc20600(uuid1631)
сент. 19, 2025 6:42:49 PM webapp.storage.AbstractStorage save
INFO: &amp#27;[32mSave 864c2be6-e8f8-459b-9932-a42bee86d954(uuid1632)
сент. 19, 2025 6:42:49 PM webapp.storage.AbstractStorage save
INFO: &amp#27;[32mSave 3e86cf36-45be-4fe4-ae46-dcfbf2937c76(uuid1633)
сент. 19, 2025 6:42:49 PM webapp.storage.AbstractStorage save
INFO: &amp#27;[32mSave bc8040f4-84ec-4a5e-b443-bb518777e439(uuid1634)
сент. 19, 2025 6:42:49 PM webapp.storage.AbstractStorage save
INFO: &amp#27;[32mSave 33dd5149-9144-4b06-8ae8-3523caf82376(uuid1635)
сент. 19, 2025 6:42:49 PM webapp.storage.AbstractStorage save
INFO: &amp#27;[32mSave 1c0e24da-60fc-463e-8cc1-90f7a177a961(uuid1636)
сент. 19, 2025 6:42:49 PM webapp.storage.AbstractStorage save
INFO: &amp#27;[32mSave 1f34548e-c16d-4c8c-bc33-e1b97f600675(uuid1637)
сент. 19, 2025 6:42:49 PM webapp.storage.AbstractStorage save
INFO: &amp#27;[32mSave 849545b6-f6e6-413b-8b23-10f2838f920a(uuid1638)
сент. 19, 2025 6:42:49 PM webapp.storage.AbstractStorage save
INFO: &amp#27;[32mSave 9e9b8109-c27b-400b-aad0-7fd7397f467a(uuid1639)
сент. 19, 2025 6:42:49 PM webapp.storage.AbstractStorage save
INFO: &amp#27;[32mSave d26e70d8-76b0-4fcb-96fd-5a84379e6108(uuid1640)
сент. 19, 2025 6:42:49 PM webapp.storage.AbstractStorage save
INFO: &amp#27;[32mSave 4d40418d-3234-44d8-93df-c3dcdd9fecc3(uuid1641)
сент. 19, 2025 6:42:49 PM webapp.storage.AbstractStorage save
INFO: &amp#27;[32mSave 516340e7-d3b1-470c-b745-eb59be537af6(uuid1642)
сент. 19, 2025 6:42:49 PM webapp.storage.AbstractStorage save
INFO: &amp#27;[32mSave f4b5e2d4-0838-4e75-9afc-dc0b9f91e8c4(uuid1643)
сент. 19, 2025 6:42:49 PM webapp.storage.AbstractStorage save
INFO: &amp#27;[32mSave d9af2113-6220-40fb-a86c-08f0c6ae5d7a(uuid1644)
сент. 19, 2025 6:42:49 PM webapp.storage.AbstractStorage save
INFO: &amp#27;[32mSave e26c12be-3e2b-450e-b033-37d7b15d8e74(uuid1645)
сент. 19, 2025 6:42:49 PM webapp.storage.AbstractStorage save
INFO: &amp#27;[32mSave 86a6b247-5f43-4a7c-84de-2d0d42c57cbd(uuid1646)
сент. 19, 2025 6:42:49 PM webapp.storage.AbstractStorage save
INFO: &amp#27;[32mSave b52125a2-27ac-4837-8f40-69c3c3e79ed8(uuid1647)
сент. 19, 2025 6:42:49 PM webapp.storage.AbstractStorage save
INFO: &amp#27;[32mSave afeca164-5033-4a22-813a-47baa7f86932(uuid1648)
сент. 19, 2025 6:42:49 PM webapp.storage.AbstractStorage save
INFO: &amp#27;[32mSave 5f85a421-b1ee-4f0c-a39b-cb42e8e6c769(uuid1649)
сент. 19, 2025 6:42:49 PM webapp.storage.AbstractStorage save
INFO: &amp#27;[32mSave 8af88701-bf2e-4ed9-9da9-43b35d308ce7(uuid1650)
сент. 19, 2025 6:42:49 PM webapp.storage.AbstractStorage save
INFO: &amp#27;[32mSave 56b0f5ff-616c-458f-b82a-2ce75574ec02(uuid1651)
сент. 19, 2025 6:42:49 PM webapp.storage.AbstractStorage save
INFO: &amp#27;[32mSave 4270fcb8-d3f8-470a-9025-7fd6b94f9944(uuid1652)
сент. 19, 2025 6:42:49 PM webapp.storage.AbstractStorage save
INFO: &amp#27;[32mSave b3d7028b-f3f3-481f-8680-0a0934c73f59(uuid1653)
сент. 19, 2025 6:42:49 PM webapp.storage.AbstractStorage save
INFO: &amp#27;[32mSave f1a16d5c-85be-44eb-b78b-b52054b2d4c1(uuid1654)
сент. 19, 2025 6:42:49 PM webapp.storage.AbstractStorage save
INFO: &amp#27;[32mSave 6712b850-0b18-49d8-b83f-1873bf6fdb9b(uuid1655)
сент. 19, 2025 6:42:49 PM webapp.storage.AbstractStorage save
INFO: &amp#27;[32mSave 551e3637-0171-42bb-848d-a36d072ac8e2(uuid1656)
сент. 19, 2025 6:42:49 PM webapp.storage.AbstractStorage save
INFO: &amp#27;[32mSave 0478e792-0a26-4aa1-873b-faffec73f99a(uuid1657)
сент. 19, 2025 6:42:49 PM webapp.storage.AbstractStorage save
INFO: &amp#27;[32mSave 44f49e82-e779-45c0-9371-f821665b593c(uuid1658)
сент. 19, 2025 6:42:49 PM webapp.storage.AbstractStorage save
INFO: &amp#27;[32mSave d8c11181-e279-424a-9784-db8921609d4e(uuid1659)
сент. 19, 2025 6:42:49 PM webapp.storage.AbstractStorage save
INFO: &amp#27;[32mSave 7200443e-2a34-496a-ba86-0c23e7b00e4a(uuid1660)
сент. 19, 2025 6:42:49 PM webapp.storage.AbstractStorage save
INFO: &amp#27;[32mSave fb0edc7f-c6ff-43ae-a8b6-61f52ef4d851(uuid1661)
сент. 19, 2025 6:42:49 PM webapp.storage.AbstractStorage save
INFO: &amp#27;[32mSave 07f77c00-2995-45db-85a7-4e73b9f684b5(uuid1662)
сент. 19, 2025 6:42:49 PM webapp.storage.AbstractStorage save
INFO: &amp#27;[32mSave 7d6af743-db8b-446f-8930-9b57ef58da3a(uuid1663)
сент. 19, 2025 6:42:49 PM webapp.storage.AbstractStorage save
INFO: &amp#27;[32mSave 475b6690-0e55-4d9b-9f6c-f6fec6cff94c(uuid1664)
сент. 19, 2025 6:42:49 PM webapp.storage.AbstractStorage save
INFO: &amp#27;[32mSave 7b4e5dda-a80c-4727-98bf-9b1b1cdeb4b7(uuid1665)
сент. 19, 2025 6:42:49 PM webapp.storage.AbstractStorage save
INFO: &amp#27;[32mSave 46d4b472-5da2-4be6-9f45-449b83870fbd(uuid1666)
сент. 19, 2025 6:42:49 PM webapp.storage.AbstractStorage save
INFO: &amp#27;[32mSave df13731b-1b19-47a2-ae4a-f259f1db3e28(uuid1667)
сент. 19, 2025 6:42:49 PM webapp.storage.AbstractStorage save
INFO: &amp#27;[32mSave 566a6f64-8152-4c70-8d65-dc76d37f852a(uuid1668)
сент. 19, 2025 6:42:49 PM webapp.storage.AbstractStorage save
INFO: &amp#27;[32mSave 623e6289-4261-4605-9537-e075c018ac22(uuid1669)
сент. 19, 2025 6:42:49 PM webapp.storage.AbstractStorage save
INFO: &amp#27;[32mSave d6bb6ab5-e79b-4e9a-a0df-841ed66fff48(uuid1670)
сент. 19, 2025 6:42:49 PM webapp.storage.AbstractStorage save
INFO: &amp#27;[32mSave 8930e2dc-3722-448e-ab9d-50d79ced08f3(uuid1671)
сент. 19, 2025 6:42:49 PM webapp.storage.AbstractStorage save
INFO: &amp#27;[32mSave 24778187-2b59-4ee4-873f-5978c4a270ca(uuid1672)
сент. 19, 2025 6:42:49 PM webapp.storage.AbstractStorage save
INFO: &amp#27;[32mSave 656be303-b9b0-4f8b-9d7d-f6b46c78e5a0(uuid1673)
сент. 19, 2025 6:42:49 PM webapp.storage.AbstractStorage save
INFO: &amp#27;[32mSave 4d2f86b1-20fd-4214-b3c7-b840f1c570e2(uuid1674)
сент. 19, 2025 6:42:49 PM webapp.storage.AbstractStorage save
INFO: &amp#27;[32mSave 06f8b581-a2d3-4622-91df-2ddafecb83c2(uuid1675)
сент. 19, 2025 6:42:49 PM webapp.storage.AbstractStorage save
INFO: &amp#27;[32mSave 3b5342fe-790c-477c-96ea-794f46f4b03f(uuid1676)
сент. 19, 2025 6:42:49 PM webapp.storage.AbstractStorage save
INFO: &amp#27;[32mSave 66c1e9f0-f0d8-408b-bde5-ec47c1f447d2(uuid1677)
сент. 19, 2025 6:42:49 PM webapp.storage.AbstractStorage save
INFO: &amp#27;[32mSave d6c8462d-e7dc-4080-b5b7-a2a30e8d2436(uuid1678)
сент. 19, 2025 6:42:49 PM webapp.storage.AbstractStorage save
INFO: &amp#27;[32mSave 99882c4a-b7b7-46f6-b721-9f0f363d0250(uuid1679)
сент. 19, 2025 6:42:49 PM webapp.storage.AbstractStorage save
INFO: &amp#27;[32mSave 2fa0e35b-0e8b-45fe-8d54-6b7321a1e993(uuid1680)
сент. 19, 2025 6:42:49 PM webapp.storage.AbstractStorage save
INFO: &amp#27;[32mSave 8f26f56b-ef16-42bd-92d4-ec7ca81fb66f(uuid1681)
сент. 19, 2025 6:42:49 PM webapp.storage.AbstractStorage save
INFO: &amp#27;[32mSave 9b687ce9-e84e-47d9-a8d5-61a9a549b5bc(uuid1682)
сент. 19, 2025 6:42:49 PM webapp.storage.AbstractStorage save
INFO: &amp#27;[32mSave 921ddbe7-9dcf-40fd-a825-b23fffe346c6(uuid1683)
сент. 19, 2025 6:42:49 PM webapp.storage.AbstractStorage save
INFO: &amp#27;[32mSave ef23a5cb-77fb-4c8e-9dc8-b5df347204cc(uuid1684)
сент. 19, 2025 6:42:49 PM webapp.storage.AbstractStorage save
INFO: &amp#27;[32mSave 55f79419-fcea-437e-af9d-a8d3c48ef79e(uuid1685)
сент. 19, 2025 6:42:49 PM webapp.storage.AbstractStorage save
INFO: &amp#27;[32mSave f5b1934a-879e-47ea-8a24-a6e636965745(uuid1686)
сент. 19, 2025 6:42:49 PM webapp.storage.AbstractStorage save
INFO: &amp#27;[32mSave cc410558-3d7c-44e4-8f18-baea8f772275(uuid1687)
сент. 19, 2025 6:42:49 PM webapp.storage.AbstractStorage save
INFO: &amp#27;[32mSave 5c11956e-66a9-4004-9b93-67336c713164(uuid1688)
сент. 19, 2025 6:42:49 PM webapp.storage.AbstractStorage save
INFO: &amp#27;[32mSave d0fdf07c-1d7c-4039-b3e5-3bbe888e28b5(uuid1689)
сент. 19, 2025 6:42:49 PM webapp.storage.AbstractStorage save
INFO: &amp#27;[32mSave 25fd9d11-51b6-4806-8e1e-fe1748cfe4c1(uuid1690)
сент. 19, 2025 6:42:49 PM webapp.storage.AbstractStorage save
INFO: &amp#27;[32mSave 10c671c0-ef9b-4108-bf76-088a0199c1b6(uuid1691)
сент. 19, 2025 6:42:49 PM webapp.storage.AbstractStorage save
INFO: &amp#27;[32mSave 85aee7bb-8e90-4d9b-af94-e47c9d7eaf14(uuid1692)
сент. 19, 2025 6:42:49 PM webapp.storage.AbstractStorage save
INFO: &amp#27;[32mSave 197a59ef-1e5e-4da8-8d7f-764aaafd5a97(uuid1693)
сент. 19, 2025 6:42:49 PM webapp.storage.AbstractStorage save
INFO: &amp#27;[32mSave 4aa24a03-3300-48e3-86fd-791a08f9ce39(uuid1694)
сент. 19, 2025 6:42:49 PM webapp.storage.AbstractStorage save
INFO: &amp#27;[32mSave 56fe7545-dc57-4597-b15e-61aa2adefe5f(uuid1695)
сент. 19, 2025 6:42:49 PM webapp.storage.AbstractStorage save
INFO: &amp#27;[32mSave 7708245f-b9c4-4c63-b821-68a119d37054(uuid1696)
сент. 19, 2025 6:42:49 PM webapp.storage.AbstractStorage save
INFO: &amp#27;[32mSave 81d72505-c264-4bed-ad7f-b19f1d1eab57(uuid1697)
сент. 19, 2025 6:42:49 PM webapp.storage.AbstractStorage save
INFO: &amp#27;[32mSave 348a9ef4-5962-4b0a-8da0-04ca443233bb(uuid1698)
сент. 19, 2025 6:42:49 PM webapp.storage.AbstractStorage save
INFO: &amp#27;[32mSave 3da59e0f-4315-4632-b4b0-ecade0c7b7f7(uuid1699)
сент. 19, 2025 6:42:49 PM webapp.storage.AbstractStorage save
INFO: &amp#27;[32mSave 58040b7c-9857-45ba-a974-1608299787a1(uuid1700)
сент. 19, 2025 6:42:49 PM webapp.storage.AbstractStorage save
INFO: &amp#27;[32mSave ed684402-d789-48bf-b1ff-c73b23edbe3c(uuid1701)
сент. 19, 2025 6:42:49 PM webapp.storage.AbstractStorage save
INFO: &amp#27;[32mSave 8c15d543-8dbd-4e1d-9615-2b6a0cb751d4(uuid1702)
сент. 19, 2025 6:42:49 PM webapp.storage.AbstractStorage save
INFO: &amp#27;[32mSave 61dd9204-5197-49ff-a69b-5c9140208d94(uuid1703)
сент. 19, 2025 6:42:49 PM webapp.storage.AbstractStorage save
INFO: &amp#27;[32mSave 889e87a2-b378-486a-9d30-321cf01355b0(uuid1704)
сент. 19, 2025 6:42:49 PM webapp.storage.AbstractStorage save
INFO: &amp#27;[32mSave 1f36c3c5-5f1b-4e99-8554-370b5548cb9b(uuid1705)
сент. 19, 2025 6:42:49 PM webapp.storage.AbstractStorage save
INFO: &amp#27;[32mSave 17606581-59ff-4583-82a8-cb604b4d9547(uuid1706)
сент. 19, 2025 6:42:49 PM webapp.storage.AbstractStorage save
INFO: &amp#27;[32mSave 6917a516-01dc-4013-b9b5-f8b623780be1(uuid1707)
сент. 19, 2025 6:42:49 PM webapp.storage.AbstractStorage save
INFO: &amp#27;[32mSave df090be4-f99e-4c20-9802-9692ae5c461b(uuid1708)
сент. 19, 2025 6:42:49 PM webapp.storage.AbstractStorage save
INFO: &amp#27;[32mSave d210f527-7634-4f9f-926f-4c961a3c7c28(uuid1709)
сент. 19, 2025 6:42:49 PM webapp.storage.AbstractStorage save
INFO: &amp#27;[32mSave 340041e7-c813-4021-b250-abf3e034eb97(uuid1710)
сент. 19, 2025 6:42:49 PM webapp.storage.AbstractStorage save
INFO: &amp#27;[32mSave e37a35d7-6728-4fa7-a1e0-e3e70be8fd73(uuid1711)
сент. 19, 2025 6:42:49 PM webapp.storage.AbstractStorage save
INFO: &amp#27;[32mSave 8b315e4e-a8c2-4c73-b1de-64be0ea7a5f1(uuid1712)
сент. 19, 2025 6:42:49 PM webapp.storage.AbstractStorage save
INFO: &amp#27;[32mSave 75ece12a-7bc9-4b30-b595-8549c10da7f9(uuid1713)
сент. 19, 2025 6:42:49 PM webapp.storage.AbstractStorage save
INFO: &amp#27;[32mSave 441231f6-f910-435f-9c8e-8fc29c8a81d6(uuid1714)
сент. 19, 2025 6:42:49 PM webapp.storage.AbstractStorage save
INFO: &amp#27;[32mSave 1286b9eb-37a4-4586-b57e-eac854d62d21(uuid1715)
сент. 19, 2025 6:42:49 PM webapp.storage.AbstractStorage save
INFO: &amp#27;[32mSave f2323f71-ed91-49c2-9f46-a23b048e6431(uuid1716)
сент. 19, 2025 6:42:49 PM webapp.storage.AbstractStorage save
INFO: &amp#27;[32mSave 28b94d00-9d90-4ac1-98c3-da27def7b871(uuid1717)
сент. 19, 2025 6:42:49 PM webapp.storage.AbstractStorage save
INFO: &amp#27;[32mSave f3841675-0c9f-411a-a927-3d55b50a2ee6(uuid1718)
сент. 19, 2025 6:42:49 PM webapp.storage.AbstractStorage save
INFO: &amp#27;[32mSave 9298f7f1-5905-4a55-811a-6f6a42646f98(uuid1719)
сент. 19, 2025 6:42:49 PM webapp.storage.AbstractStorage save
INFO: &amp#27;[32mSave b0da42f7-468a-4665-a3e7-4b5cbe2a0afd(uuid1720)
сент. 19, 2025 6:42:49 PM webapp.storage.AbstractStorage save
INFO: &amp#27;[32mSave 18e782a7-1da8-4581-ae3e-dd568586e1be(uuid1721)
сент. 19, 2025 6:42:49 PM webapp.storage.AbstractStorage save
INFO: &amp#27;[32mSave 1f18f1e1-74d9-4014-9800-edff7b5146ce(uuid1722)
сент. 19, 2025 6:42:49 PM webapp.storage.AbstractStorage save
INFO: &amp#27;[32mSave 78d4437a-a0a6-4a46-bedf-bdd033899006(uuid1723)
сент. 19, 2025 6:42:49 PM webapp.storage.AbstractStorage save
INFO: &amp#27;[32mSave bd4cafa8-1bdf-4218-8115-2d2f1b9eef79(uuid1724)
сент. 19, 2025 6:42:49 PM webapp.storage.AbstractStorage save
INFO: &amp#27;[32mSave cfa1cdf0-b406-4943-bb98-ed49b3ba7918(uuid1725)
сент. 19, 2025 6:42:49 PM webapp.storage.AbstractStorage save
INFO: &amp#27;[32mSave 48214fba-cd22-4f52-8b87-64e294507301(uuid1726)
сент. 19, 2025 6:42:49 PM webapp.storage.AbstractStorage save
INFO: &amp#27;[32mSave 0d69c412-b976-4468-a1f3-4fe06c6d5b32(uuid1727)
сент. 19, 2025 6:42:49 PM webapp.storage.AbstractStorage save
INFO: &amp#27;[32mSave d731622e-b1ca-45ea-bb0b-6425f69cdca9(uuid1728)
сент. 19, 2025 6:42:49 PM webapp.storage.AbstractStorage save
INFO: &amp#27;[32mSave fddb8d2d-37dc-4088-9e15-e82eea3e0efb(uuid1729)
сент. 19, 2025 6:42:49 PM webapp.storage.AbstractStorage save
INFO: &amp#27;[32mSave 2afe43f9-d40e-4612-a179-5a9f21a1c5e3(uuid1730)
сент. 19, 2025 6:42:49 PM webapp.storage.AbstractStorage save
INFO: &amp#27;[32mSave af848cfd-5254-4c53-aee6-11ef21a9d12b(uuid1731)
сент. 19, 2025 6:42:49 PM webapp.storage.AbstractStorage save
INFO: &amp#27;[32mSave 7cd52e5d-a051-4af9-93ec-fcff38e26872(uuid1732)
сент. 19, 2025 6:42:49 PM webapp.storage.AbstractStorage save
INFO: &amp#27;[32mSave dd19994b-6f37-4df3-9de9-c9c2933098e6(uuid1733)
сент. 19, 2025 6:42:49 PM webapp.storage.AbstractStorage save
INFO: &amp#27;[32mSave 924ba1da-5078-4ccc-85b1-a438e993ad23(uuid1734)
сент. 19, 2025 6:42:49 PM webapp.storage.AbstractStorage save
INFO: &amp#27;[32mSave 83d1b171-c388-4fd6-b35f-9d2626782c60(uuid1735)
сент. 19, 2025 6:42:49 PM webapp.storage.AbstractStorage save
INFO: &amp#27;[32mSave ce68b509-30bd-499b-8dd2-1ff6a8e90df4(uuid1736)
сент. 19, 2025 6:42:49 PM webapp.storage.AbstractStorage save
INFO: &amp#27;[32mSave e7a86cdd-7424-421c-9eb6-e933d6c133b5(uuid1737)
сент. 19, 2025 6:42:49 PM webapp.storage.AbstractStorage save
INFO: &amp#27;[32mSave c5ed2c15-b52b-4739-8750-cd001ad491fd(uuid1738)
сент. 19, 2025 6:42:49 PM webapp.storage.AbstractStorage save
INFO: &amp#27;[32mSave a9884ced-1cb0-4605-8cc1-a5f148535573(uuid1739)
сент. 19, 2025 6:42:49 PM webapp.storage.AbstractStorage save
INFO: &amp#27;[32mSave ed2bd04f-77b2-49d2-998e-0a324bd1d678(uuid1740)
сент. 19, 2025 6:42:49 PM webapp.storage.AbstractStorage save
INFO: &amp#27;[32mSave 780174a8-5945-4e45-90ed-418c4e86f224(uuid1741)
сент. 19, 2025 6:42:49 PM webapp.storage.AbstractStorage save
INFO: &amp#27;[32mSave 6386ea7b-e68a-4059-b7cb-219670d25821(uuid1742)
сент. 19, 2025 6:42:49 PM webapp.storage.AbstractStorage save
INFO: &amp#27;[32mSave 7dd6dc0e-41c0-4dc6-8c31-77d1f9a59648(uuid1743)
сент. 19, 2025 6:42:49 PM webapp.storage.AbstractStorage save
INFO: &amp#27;[32mSave 8bbebd1b-6e0f-4628-b066-acadbdf4d4ef(uuid1744)
сент. 19, 2025 6:42:49 PM webapp.storage.AbstractStorage save
INFO: &amp#27;[32mSave 2e02734b-26b5-4405-8697-1a72e2070a3b(uuid1745)
сент. 19, 2025 6:42:49 PM webapp.storage.AbstractStorage save
INFO: &amp#27;[32mSave 8852dd44-dbb7-41fc-bb23-0bdb16edf573(uuid1746)
сент. 19, 2025 6:42:49 PM webapp.storage.AbstractStorage save
INFO: &amp#27;[32mSave 17a8d477-89e2-44eb-8493-baeda62d095d(uuid1747)
сент. 19, 2025 6:42:49 PM webapp.storage.AbstractStorage save
INFO: &amp#27;[32mSave 4e496f82-5c36-463a-a6d8-369992006a0f(uuid1748)
сент. 19, 2025 6:42:49 PM webapp.storage.AbstractStorage save
INFO: &amp#27;[32mSave 3085b47c-7538-44db-be03-eeb1d9178cb4(uuid1749)
сент. 19, 2025 6:42:49 PM webapp.storage.AbstractStorage save
INFO: &amp#27;[32mSave 6d53a189-511b-4c75-8f09-57042cc89e3f(uuid1750)
сент. 19, 2025 6:42:49 PM webapp.storage.AbstractStorage save
INFO: &amp#27;[32mSave 19c662b6-0c7f-48ca-8d98-23beb9be47ba(uuid1751)
сент. 19, 2025 6:42:49 PM webapp.storage.AbstractStorage save
INFO: &amp#27;[32mSave d0a2d188-f87d-4093-bb8b-0d38642873f0(uuid1752)
сент. 19, 2025 6:42:49 PM webapp.storage.AbstractStorage save
INFO: &amp#27;[32mSave ab9fb2b6-e04c-48d0-a3f6-4743925d3bf6(uuid1753)
сент. 19, 2025 6:42:49 PM webapp.storage.AbstractStorage save
INFO: &amp#27;[32mSave 9bb8260a-c9dc-4b38-a85d-5974ef96e6ab(uuid1754)
сент. 19, 2025 6:42:49 PM webapp.storage.AbstractStorage save
INFO: &amp#27;[32mSave f8e561d8-0273-4e71-b11d-2e25a3c844b2(uuid1755)
сент. 19, 2025 6:42:49 PM webapp.storage.AbstractStorage save
INFO: &amp#27;[32mSave e42beab4-b02c-43f6-a76c-3c6be5e17a49(uuid1756)
сент. 19, 2025 6:42:49 PM webapp.storage.AbstractStorage save
INFO: &amp#27;[32mSave af11c115-69b0-4b84-aaf5-d26473346b11(uuid1757)
сент. 19, 2025 6:42:49 PM webapp.storage.AbstractStorage save
INFO: &amp#27;[32mSave c2fed226-32fc-49ab-8209-3d49c8161522(uuid1758)
сент. 19, 2025 6:42:49 PM webapp.storage.AbstractStorage save
INFO: &amp#27;[32mSave cc8945c9-8571-440b-a1a1-f98d0d842ff3(uuid1759)
сент. 19, 2025 6:42:49 PM webapp.storage.AbstractStorage save
INFO: &amp#27;[32mSave 5cc1f640-2aa3-482f-aaeb-ce54269de98e(uuid1760)
сент. 19, 2025 6:42:49 PM webapp.storage.AbstractStorage save
INFO: &amp#27;[32mSave 779a9af0-02bc-40f8-9586-0052cd64be2e(uuid1761)
сент. 19, 2025 6:42:49 PM webapp.storage.AbstractStorage save
INFO: &amp#27;[32mSave 6a198bf3-8da3-42cd-964c-821052fd5580(uuid1762)
сент. 19, 2025 6:42:49 PM webapp.storage.AbstractStorage save
INFO: &amp#27;[32mSave 58e4e0e8-f025-492d-80a8-b1157d067636(uuid1763)
сент. 19, 2025 6:42:49 PM webapp.storage.AbstractStorage save
INFO: &amp#27;[32mSave 240c1955-0d5d-4b07-99ff-4b71cfa5816c(uuid1764)
сент. 19, 2025 6:42:49 PM webapp.storage.AbstractStorage save
INFO: &amp#27;[32mSave 954744ad-32c9-4cd2-b193-9beb27c864fe(uuid1765)
сент. 19, 2025 6:42:49 PM webapp.storage.AbstractStorage save
INFO: &amp#27;[32mSave 81c9a56b-eeaa-4fe3-b9a5-e377622b48cb(uuid1766)
сент. 19, 2025 6:42:49 PM webapp.storage.AbstractStorage save
INFO: &amp#27;[32mSave d471ebbe-1d58-4b78-8ce2-0c9eca006c2f(uuid1767)
сент. 19, 2025 6:42:49 PM webapp.storage.AbstractStorage save
INFO: &amp#27;[32mSave 53749654-480c-434a-a362-efaa305e16b1(uuid1768)
сент. 19, 2025 6:42:49 PM webapp.storage.AbstractStorage save
INFO: &amp#27;[32mSave a7323a11-86e5-48c4-9273-3dd9ca9f09d3(uuid1769)
сент. 19, 2025 6:42:49 PM webapp.storage.AbstractStorage save
INFO: &amp#27;[32mSave 7103678b-612e-4b18-af8b-01164aefb38c(uuid1770)
сент. 19, 2025 6:42:49 PM webapp.storage.AbstractStorage save
INFO: &amp#27;[32mSave 333eef15-e0b9-4e77-8b98-d93f0a89c928(uuid1771)
сент. 19, 2025 6:42:49 PM webapp.storage.AbstractStorage save
INFO: &amp#27;[32mSave 63741327-a4d6-49dd-80f4-3bda67f946a9(uuid1772)
сент. 19, 2025 6:42:49 PM webapp.storage.AbstractStorage save
INFO: &amp#27;[32mSave 003bfdd7-8b18-4b1b-a625-5e9e9dc1d24f(uuid1773)
сент. 19, 2025 6:42:49 PM webapp.storage.AbstractStorage save
INFO: &amp#27;[32mSave f8ad0af2-e1b5-4db3-b34a-5649c635d722(uuid1774)
сент. 19, 2025 6:42:49 PM webapp.storage.AbstractStorage save
INFO: &amp#27;[32mSave 33f34fee-8e8d-4b27-ac85-01c0811e3729(uuid1775)
сент. 19, 2025 6:42:49 PM webapp.storage.AbstractStorage save
INFO: &amp#27;[32mSave 63663e9a-1a31-46c8-8ab2-0bcb88d27e5b(uuid1776)
сент. 19, 2025 6:42:49 PM webapp.storage.AbstractStorage save
INFO: &amp#27;[32mSave c8f84206-182b-47d1-8045-5090819ae9a9(uuid1777)
сент. 19, 2025 6:42:49 PM webapp.storage.AbstractStorage save
INFO: &amp#27;[32mSave eed6522f-603f-4dff-b3f2-29c4d2ab5232(uuid1778)
сент. 19, 2025 6:42:49 PM webapp.storage.AbstractStorage save
INFO: &amp#27;[32mSave 1078925f-ad75-4bbc-8324-88a14e014e99(uuid1779)
сент. 19, 2025 6:42:49 PM webapp.storage.AbstractStorage save
INFO: &amp#27;[32mSave 76f1c8bf-68b0-4df4-aba8-df057f5c4375(uuid1780)
сент. 19, 2025 6:42:49 PM webapp.storage.AbstractStorage save
INFO: &amp#27;[32mSave fc7f3812-b185-40dc-a525-35f69d39da67(uuid1781)
сент. 19, 2025 6:42:49 PM webapp.storage.AbstractStorage save
INFO: &amp#27;[32mSave e7ef05b5-e56b-468e-aa55-580c80ed03e3(uuid1782)
сент. 19, 2025 6:42:49 PM webapp.storage.AbstractStorage save
INFO: &amp#27;[32mSave e5e7138a-fabd-4ae2-afc9-f02ca6e95ab7(uuid1783)
сент. 19, 2025 6:42:49 PM webapp.storage.AbstractStorage save
INFO: &amp#27;[32mSave bd76d151-5afa-41cb-8db6-4aff92f2409a(uuid1784)
сент. 19, 2025 6:42:49 PM webapp.storage.AbstractStorage save
INFO: &amp#27;[32mSave f5a5d93d-6ac0-4772-9159-48c5c3604371(uuid1785)
сент. 19, 2025 6:42:49 PM webapp.storage.AbstractStorage save
INFO: &amp#27;[32mSave a96db573-46ea-4203-a2b8-2c5497681d44(uuid1786)
сент. 19, 2025 6:42:49 PM webapp.storage.AbstractStorage save
INFO: &amp#27;[32mSave 9ff741e8-616f-40c3-8348-903f80c643db(uuid1787)
сент. 19, 2025 6:42:49 PM webapp.storage.AbstractStorage save
INFO: &amp#27;[32mSave 124711c8-4c47-4199-98eb-5c7d936dd8cc(uuid1788)
сент. 19, 2025 6:42:49 PM webapp.storage.AbstractStorage save
INFO: &amp#27;[32mSave 19bb616d-010b-408f-91d3-50fff536c890(uuid1789)
сент. 19, 2025 6:42:49 PM webapp.storage.AbstractStorage save
INFO: &amp#27;[32mSave 3316354d-3ac3-4be5-bb17-2a3bc4522c25(uuid1790)
сент. 19, 2025 6:42:49 PM webapp.storage.AbstractStorage save
INFO: &amp#27;[32mSave 1a167773-dc08-4110-be58-c1178cbf6b12(uuid1791)
сент. 19, 2025 6:42:49 PM webapp.storage.AbstractStorage save
INFO: &amp#27;[32mSave 728a669e-3c08-4506-ba29-367eecb6b88e(uuid1792)
сент. 19, 2025 6:42:49 PM webapp.storage.AbstractStorage save
INFO: &amp#27;[32mSave 03e33b81-7eb6-4570-a06a-29188c7d1039(uuid1793)
сент. 19, 2025 6:42:49 PM webapp.storage.AbstractStorage save
INFO: &amp#27;[32mSave a1904f6b-0fd8-414d-a758-7bc01e827126(uuid1794)
сент. 19, 2025 6:42:49 PM webapp.storage.AbstractStorage save
INFO: &amp#27;[32mSave 6fc2d5e7-0d99-47f0-a686-6a84251acf59(uuid1795)
сент. 19, 2025 6:42:49 PM webapp.storage.AbstractStorage save
INFO: &amp#27;[32mSave a3a7cd0c-5f47-4ece-a3e6-b6ec71781189(uuid1796)
сент. 19, 2025 6:42:49 PM webapp.storage.AbstractStorage save
INFO: &amp#27;[32mSave 0776b506-d8e7-4104-a14b-75cd7e543b71(uuid1797)
сент. 19, 2025 6:42:49 PM webapp.storage.AbstractStorage save
INFO: &amp#27;[32mSave 942b77d1-cfc2-484e-a99b-fe79afda1331(uuid1798)
сент. 19, 2025 6:42:49 PM webapp.storage.AbstractStorage save
INFO: &amp#27;[32mSave b66672a9-077d-46ff-863d-7e9d99fabfda(uuid1799)
сент. 19, 2025 6:42:49 PM webapp.storage.AbstractStorage save
INFO: &amp#27;[32mSave 8aa9a95b-a52d-495c-8b9d-68b4364e1882(uuid1800)
сент. 19, 2025 6:42:49 PM webapp.storage.AbstractStorage save
INFO: &amp#27;[32mSave 2283f556-a7c8-453f-8177-0561af91f72d(uuid1801)
сент. 19, 2025 6:42:49 PM webapp.storage.AbstractStorage save
INFO: &amp#27;[32mSave 0dc17244-09a8-40f4-a043-94cc48fcad97(uuid1802)
сент. 19, 2025 6:42:49 PM webapp.storage.AbstractStorage save
INFO: &amp#27;[32mSave 33471177-e699-4505-9513-645219d7509b(uuid1803)
сент. 19, 2025 6:42:49 PM webapp.storage.AbstractStorage save
INFO: &amp#27;[32mSave fc14c1dd-7207-4954-afe9-18ee4b997805(uuid1804)
сент. 19, 2025 6:42:49 PM webapp.storage.AbstractStorage save
INFO: &amp#27;[32mSave f5f65728-6347-47d5-a9bb-f8997ea3515a(uuid1805)
сент. 19, 2025 6:42:49 PM webapp.storage.AbstractStorage save
INFO: &amp#27;[32mSave bd73dd5b-b9e5-44c8-b270-f2fb53c67541(uuid1806)
сент. 19, 2025 6:42:49 PM webapp.storage.AbstractStorage save
INFO: &amp#27;[32mSave c8a5b703-96e7-4d3e-966e-a34e1ed6e5c6(uuid1807)
сент. 19, 2025 6:42:49 PM webapp.storage.AbstractStorage save
INFO: &amp#27;[32mSave 7c276c00-2382-44c9-b73f-13fae9f6fa91(uuid1808)
сент. 19, 2025 6:42:49 PM webapp.storage.AbstractStorage save
INFO: &amp#27;[32mSave 4807c677-4b8d-4ebf-8953-32664d614258(uuid1809)
сент. 19, 2025 6:42:49 PM webapp.storage.AbstractStorage save
INFO: &amp#27;[32mSave 72eb6a2c-7224-45cc-bd1a-1f1181f16544(uuid1810)
сент. 19, 2025 6:42:49 PM webapp.storage.AbstractStorage save
INFO: &amp#27;[32mSave f2c970dd-d548-492b-b1bc-360e52a050b6(uuid1811)
сент. 19, 2025 6:42:49 PM webapp.storage.AbstractStorage save
INFO: &amp#27;[32mSave 84de29ab-3701-4afd-b8bf-33cc3a2d1d89(uuid1812)
сент. 19, 2025 6:42:49 PM webapp.storage.AbstractStorage save
INFO: &amp#27;[32mSave 26d7ae76-ca3a-495a-b684-3c3a568cda31(uuid1813)
сент. 19, 2025 6:42:49 PM webapp.storage.AbstractStorage save
INFO: &amp#27;[32mSave 66a1f54d-2b18-435f-b62c-530f36f592dc(uuid1814)
сент. 19, 2025 6:42:49 PM webapp.storage.AbstractStorage save
INFO: &amp#27;[32mSave 103accd9-9f10-47ff-a912-a332abaa12ab(uuid1815)
сент. 19, 2025 6:42:49 PM webapp.storage.AbstractStorage save
INFO: &amp#27;[32mSave 9d8dc425-7548-4961-830b-56efb9f192f3(uuid1816)
сент. 19, 2025 6:42:49 PM webapp.storage.AbstractStorage save
INFO: &amp#27;[32mSave 1b237627-56aa-4571-919a-25f5729e767d(uuid1817)
сент. 19, 2025 6:42:49 PM webapp.storage.AbstractStorage save
INFO: &amp#27;[32mSave b64fad6a-6bee-4c67-8b59-28e261736f8d(uuid1818)
сент. 19, 2025 6:42:49 PM webapp.storage.AbstractStorage save
INFO: &amp#27;[32mSave e5d5c155-2546-4ef3-a1b1-beb4a214263f(uuid1819)
сент. 19, 2025 6:42:49 PM webapp.storage.AbstractStorage save
INFO: &amp#27;[32mSave 0eb5782b-1a01-4a16-8de7-829daa034851(uuid1820)
сент. 19, 2025 6:42:49 PM webapp.storage.AbstractStorage save
INFO: &amp#27;[32mSave 383df472-dc46-4294-aa4b-bc6b6af87a78(uuid1821)
сент. 19, 2025 6:42:49 PM webapp.storage.AbstractStorage save
INFO: &amp#27;[32mSave a8861bef-2ed0-4c69-9296-d45ad999ac0d(uuid1822)
сент. 19, 2025 6:42:49 PM webapp.storage.AbstractStorage save
INFO: &amp#27;[32mSave f8ab0fde-0f84-43a8-89cd-51c2cb4ebdf3(uuid1823)
сент. 19, 2025 6:42:49 PM webapp.storage.AbstractStorage save
INFO: &amp#27;[32mSave 9d26ca54-4d9a-42d0-9bc2-f7a0791fb501(uuid1824)
сент. 19, 2025 6:42:49 PM webapp.storage.AbstractStorage save
INFO: &amp#27;[32mSave c4549a24-7208-4057-b103-1773b41bcede(uuid1825)
сент. 19, 2025 6:42:49 PM webapp.storage.AbstractStorage save
INFO: &amp#27;[32mSave 8e0ef521-df83-4876-b3f9-e3027633afb8(uuid1826)
сент. 19, 2025 6:42:49 PM webapp.storage.AbstractStorage save
INFO: &amp#27;[32mSave 0d8b7516-a324-4f82-95e9-742c737dfb01(uuid1827)
сент. 19, 2025 6:42:49 PM webapp.storage.AbstractStorage save
INFO: &amp#27;[32mSave 12b6ac04-26ea-4702-b1f6-76a794b91f21(uuid1828)
сент. 19, 2025 6:42:49 PM webapp.storage.AbstractStorage save
INFO: &amp#27;[32mSave 205af347-b12b-4324-951b-655c9215cc83(uuid1829)
сент. 19, 2025 6:42:49 PM webapp.storage.AbstractStorage save
INFO: &amp#27;[32mSave 39e3126b-8f55-4da0-b74a-58ec0e2056a0(uuid1830)
сент. 19, 2025 6:42:49 PM webapp.storage.AbstractStorage save
INFO: &amp#27;[32mSave 0033d7f3-8d8a-4c06-a3af-6eca8cc00ed6(uuid1831)
сент. 19, 2025 6:42:49 PM webapp.storage.AbstractStorage save
INFO: &amp#27;[32mSave 07da22bc-352d-492b-90cc-e67140b8fe77(uuid1832)
сент. 19, 2025 6:42:49 PM webapp.storage.AbstractStorage save
INFO: &amp#27;[32mSave 9f518672-ff3b-44bd-9d93-ceda7ebabc6e(uuid1833)
сент. 19, 2025 6:42:49 PM webapp.storage.AbstractStorage save
INFO: &amp#27;[32mSave 7b1e4ac7-ca6d-48ef-bb2a-3f235d241788(uuid1834)
сент. 19, 2025 6:42:49 PM webapp.storage.AbstractStorage save
INFO: &amp#27;[32mSave 50721bcd-830d-4d76-ad53-03b7c523bc18(uuid1835)
сент. 19, 2025 6:42:49 PM webapp.storage.AbstractStorage save
INFO: &amp#27;[32mSave bb5823b8-bef4-4add-9c57-4aebae02f9d2(uuid1836)
сент. 19, 2025 6:42:49 PM webapp.storage.AbstractStorage save
INFO: &amp#27;[32mSave 18905fa1-c7b9-4324-be9b-1cc7f1cab753(uuid1837)
сент. 19, 2025 6:42:49 PM webapp.storage.AbstractStorage save
INFO: &amp#27;[32mSave a7a95e2d-2f15-4b62-aebf-8a4cc8ba5710(uuid1838)
сент. 19, 2025 6:42:49 PM webapp.storage.AbstractStorage save
INFO: &amp#27;[32mSave 069a0aee-a041-4e9f-a0f6-9710156f5101(uuid1839)
сент. 19, 2025 6:42:49 PM webapp.storage.AbstractStorage save
INFO: &amp#27;[32mSave b4f05f1c-7a52-4a27-bca1-8d0ad7900477(uuid1840)
сент. 19, 2025 6:42:49 PM webapp.storage.AbstractStorage save
INFO: &amp#27;[32mSave fcc53e3a-99fb-4759-ac58-4fba105f0f8a(uuid1841)
сент. 19, 2025 6:42:49 PM webapp.storage.AbstractStorage save
INFO: &amp#27;[32mSave 4d9d52e2-9298-487e-a343-3351b2800151(uuid1842)
сент. 19, 2025 6:42:49 PM webapp.storage.AbstractStorage save
INFO: &amp#27;[32mSave b4ee4da6-53ba-4809-a300-99f75d808fb7(uuid1843)
сент. 19, 2025 6:42:49 PM webapp.storage.AbstractStorage save
INFO: &amp#27;[32mSave 124e617a-38b7-43f1-8a4e-7d3244b7cfda(uuid1844)
сент. 19, 2025 6:42:49 PM webapp.storage.AbstractStorage save
INFO: &amp#27;[32mSave aced6cc4-98b6-4a58-a418-868382879a03(uuid1845)
сент. 19, 2025 6:42:49 PM webapp.storage.AbstractStorage save
INFO: &amp#27;[32mSave 414b333a-50b9-4ffa-8b2e-28e7b758b5df(uuid1846)
сент. 19, 2025 6:42:49 PM webapp.storage.AbstractStorage save
INFO: &amp#27;[32mSave 7b8350b9-3c24-48a0-a70a-abc27164f12c(uuid1847)
сент. 19, 2025 6:42:49 PM webapp.storage.AbstractStorage save
INFO: &amp#27;[32mSave 0774197d-03c5-48d6-b338-300d7e3742b1(uuid1848)
сент. 19, 2025 6:42:49 PM webapp.storage.AbstractStorage save
INFO: &amp#27;[32mSave c2711fd5-246f-418b-97e4-f1665b6cadc5(uuid1849)
сент. 19, 2025 6:42:49 PM webapp.storage.AbstractStorage save
INFO: &amp#27;[32mSave af3c3f98-d4c2-45fc-bc86-8b75632b600e(uuid1850)
сент. 19, 2025 6:42:49 PM webapp.storage.AbstractStorage save
INFO: &amp#27;[32mSave e340b66a-2173-454f-87a7-41bc51d26894(uuid1851)
сент. 19, 2025 6:42:49 PM webapp.storage.AbstractStorage save
INFO: &amp#27;[32mSave 37093184-d502-412a-bca0-0a6def075b47(uuid1852)
сент. 19, 2025 6:42:49 PM webapp.storage.AbstractStorage save
INFO: &amp#27;[32mSave 88fd9a67-a741-4178-8045-2b7a3d656a6f(uuid1853)
сент. 19, 2025 6:42:49 PM webapp.storage.AbstractStorage save
INFO: &amp#27;[32mSave 67771d89-4fc7-4f54-a58e-1833ba987886(uuid1854)
сент. 19, 2025 6:42:49 PM webapp.storage.AbstractStorage save
INFO: &amp#27;[32mSave 70be444a-5b22-4bda-b43f-c1982075b080(uuid1855)
сент. 19, 2025 6:42:49 PM webapp.storage.AbstractStorage save
INFO: &amp#27;[32mSave 2099355c-00c9-4068-9282-dfebbee0600b(uuid1856)
сент. 19, 2025 6:42:49 PM webapp.storage.AbstractStorage save
INFO: &amp#27;[32mSave 9a29d143-2d7e-421a-8680-aa66f6dae20b(uuid1857)
сент. 19, 2025 6:42:49 PM webapp.storage.AbstractStorage save
INFO: &amp#27;[32mSave 42a67b6a-ced3-4839-97c2-9e68191b3b6b(uuid1858)
сент. 19, 2025 6:42:49 PM webapp.storage.AbstractStorage save
INFO: &amp#27;[32mSave 368c7c96-a25d-4641-877d-fc9c24656c37(uuid1859)
сент. 19, 2025 6:42:49 PM webapp.storage.AbstractStorage save
INFO: &amp#27;[32mSave 16c85c14-f4a9-4fbe-9938-68e4d769373f(uuid1860)
сент. 19, 2025 6:42:49 PM webapp.storage.AbstractStorage save
INFO: &amp#27;[32mSave c7d84e31-c78e-40d9-ae1a-28e2b841dc66(uuid1861)
сент. 19, 2025 6:42:49 PM webapp.storage.AbstractStorage save
INFO: &amp#27;[32mSave d480e4d3-2020-4652-9bbc-6f8a1897aba6(uuid1862)
сент. 19, 2025 6:42:49 PM webapp.storage.AbstractStorage save
INFO: &amp#27;[32mSave fe3c50d1-0558-4de8-9eef-2c1f5e82a771(uuid1863)
сент. 19, 2025 6:42:49 PM webapp.storage.AbstractStorage save
INFO: &amp#27;[32mSave 68c525fb-51d5-4fb8-9043-1b4d6eb62ec6(uuid1864)
сент. 19, 2025 6:42:49 PM webapp.storage.AbstractStorage save
INFO: &amp#27;[32mSave baa91c85-548b-4aba-8350-fb58df317204(uuid1865)
сент. 19, 2025 6:42:49 PM webapp.storage.AbstractStorage save
INFO: &amp#27;[32mSave 025c375d-9c52-42d6-8ef3-79057ce9999a(uuid1866)
сент. 19, 2025 6:42:49 PM webapp.storage.AbstractStorage save
INFO: &amp#27;[32mSave d1b67411-75b8-4488-9010-6136c7f5961d(uuid1867)
сент. 19, 2025 6:42:49 PM webapp.storage.AbstractStorage save
INFO: &amp#27;[32mSave 62aee572-e900-4ded-9080-a2b4185256a2(uuid1868)
сент. 19, 2025 6:42:49 PM webapp.storage.AbstractStorage save
INFO: &amp#27;[32mSave 9072f2e7-e9de-4823-94a7-8c51a9150088(uuid1869)
сент. 19, 2025 6:42:49 PM webapp.storage.AbstractStorage save
INFO: &amp#27;[32mSave ef5a7666-e9af-4ee0-8b17-ee191b4a0e83(uuid1870)
сент. 19, 2025 6:42:49 PM webapp.storage.AbstractStorage save
INFO: &amp#27;[32mSave d1332838-7cf8-4089-a609-02d206d46b1d(uuid1871)
сент. 19, 2025 6:42:49 PM webapp.storage.AbstractStorage save
INFO: &amp#27;[32mSave 939ce745-7c2b-4cbd-a41f-7ab151fbf0bf(uuid1872)
сент. 19, 2025 6:42:49 PM webapp.storage.AbstractStorage save
INFO: &amp#27;[32mSave ee2c5961-c058-4c58-b290-5faefbda62ca(uuid1873)
сент. 19, 2025 6:42:49 PM webapp.storage.AbstractStorage save
INFO: &amp#27;[32mSave 59b2a0ce-ef42-4fc5-a2db-3c2f51428834(uuid1874)
сент. 19, 2025 6:42:49 PM webapp.storage.AbstractStorage save
INFO: &amp#27;[32mSave 483fa96d-9e18-4b2b-beaf-0574a6f083b0(uuid1875)
сент. 19, 2025 6:42:49 PM webapp.storage.AbstractStorage save
INFO: &amp#27;[32mSave ddf2b661-8448-4969-bd08-2ab6b5f79b76(uuid1876)
сент. 19, 2025 6:42:49 PM webapp.storage.AbstractStorage save
INFO: &amp#27;[32mSave 6588942d-663f-4ada-a299-abd84cf397fa(uuid1877)
сент. 19, 2025 6:42:49 PM webapp.storage.AbstractStorage save
INFO: &amp#27;[32mSave 657a5d7a-67f7-4cc2-9f24-663008c5e723(uuid1878)
сент. 19, 2025 6:42:49 PM webapp.storage.AbstractStorage save
INFO: &amp#27;[32mSave 23fe4d2c-6023-421b-8662-da902c7e868f(uuid1879)
сент. 19, 2025 6:42:49 PM webapp.storage.AbstractStorage save
INFO: &amp#27;[32mSave c771129f-9994-43c9-9ba6-1e7086074ad7(uuid1880)
сент. 19, 2025 6:42:49 PM webapp.storage.AbstractStorage save
INFO: &amp#27;[32mSave e5b56404-603a-4c0f-9203-52b181b9c9e1(uuid1881)
сент. 19, 2025 6:42:49 PM webapp.storage.AbstractStorage save
INFO: &amp#27;[32mSave 171f4dbd-ef0e-4234-97e5-24dff35a6bb3(uuid1882)
сент. 19, 2025 6:42:49 PM webapp.storage.AbstractStorage save
INFO: &amp#27;[32mSave 665addea-82f9-449e-ae63-8fde0ebced93(uuid1883)
сент. 19, 2025 6:42:49 PM webapp.storage.AbstractStorage save
INFO: &amp#27;[32mSave ceb98cfe-c2da-4106-8917-a587c9d4a5e3(uuid1884)
сент. 19, 2025 6:42:49 PM webapp.storage.AbstractStorage save
INFO: &amp#27;[32mSave 1dda59fa-7c94-45fa-a566-ba925f46f1ac(uuid1885)
сент. 19, 2025 6:42:49 PM webapp.storage.AbstractStorage save
INFO: &amp#27;[32mSave d96b71f7-728b-422b-bb47-5d424d6559c3(uuid1886)
сент. 19, 2025 6:42:49 PM webapp.storage.AbstractStorage save
INFO: &amp#27;[32mSave c82b3d1b-5fb5-4373-a37c-d4b10937e39a(uuid1887)
сент. 19, 2025 6:42:49 PM webapp.storage.AbstractStorage save
INFO: &amp#27;[32mSave b14193c7-061c-4a35-a442-b67363960774(uuid1888)
сент. 19, 2025 6:42:49 PM webapp.storage.AbstractStorage save
INFO: &amp#27;[32mSave de1ff28a-d3b3-4e8d-9e6b-6330e218591e(uuid1889)
сент. 19, 2025 6:42:49 PM webapp.storage.AbstractStorage save
INFO: &amp#27;[32mSave ead702da-6abd-492d-b7ad-b2ed8987aba4(uuid1890)
сент. 19, 2025 6:42:49 PM webapp.storage.AbstractStorage save
INFO: &amp#27;[32mSave 7b2ac083-8e3b-4c03-b425-fef167ecdece(uuid1891)
сент. 19, 2025 6:42:49 PM webapp.storage.AbstractStorage save
INFO: &amp#27;[32mSave 8d6e5d47-3ae0-4cf2-885e-c56e3b919f72(uuid1892)
сент. 19, 2025 6:42:49 PM webapp.storage.AbstractStorage save
INFO: &amp#27;[32mSave 191e1abf-139e-412f-a518-dcf5a4471b34(uuid1893)
сент. 19, 2025 6:42:49 PM webapp.storage.AbstractStorage save
INFO: &amp#27;[32mSave f7e81470-0265-4bae-9cbb-b3ecfdd02abd(uuid1894)
сент. 19, 2025 6:42:49 PM webapp.storage.AbstractStorage save
INFO: &amp#27;[32mSave 7d129374-27b5-49c9-9273-64c180bbbc4a(uuid1895)
сент. 19, 2025 6:42:49 PM webapp.storage.AbstractStorage save
INFO: &amp#27;[32mSave 41904829-afaa-4e49-9b6e-7aeb338d2a47(uuid1896)
сент. 19, 2025 6:42:49 PM webapp.storage.AbstractStorage save
INFO: &amp#27;[32mSave 7801bcaf-3e5e-4e0a-9859-b84d641c8cca(uuid1897)
сент. 19, 2025 6:42:49 PM webapp.storage.AbstractStorage save
INFO: &amp#27;[32mSave 91b1c0cf-10aa-45b0-9002-dbdc77cad485(uuid1898)
сент. 19, 2025 6:42:49 PM webapp.storage.AbstractStorage save
INFO: &amp#27;[32mSave 56cf4aad-783c-4d2a-94b1-61daa135d59c(uuid1899)
сент. 19, 2025 6:42:49 PM webapp.storage.AbstractStorage save
INFO: &amp#27;[32mSave c9e852b8-ed7d-4389-8d9d-8165ffd08eeb(uuid1900)
сент. 19, 2025 6:42:49 PM webapp.storage.AbstractStorage save
INFO: &amp#27;[32mSave 7d7f9a74-cdfd-45e1-b92e-a61cd7fec15a(uuid1901)
сент. 19, 2025 6:42:49 PM webapp.storage.AbstractStorage save
INFO: &amp#27;[32mSave 8cc9b76f-0c95-407f-90f5-d7ea947a055c(uuid1902)
сент. 19, 2025 6:42:49 PM webapp.storage.AbstractStorage save
INFO: &amp#27;[32mSave e4c8f3ff-f07c-4cbb-8f14-249de0c8d940(uuid1903)
сент. 19, 2025 6:42:49 PM webapp.storage.AbstractStorage save
INFO: &amp#27;[32mSave 411423e7-daaf-4091-80be-1c2544a0a64c(uuid1904)
сент. 19, 2025 6:42:49 PM webapp.storage.AbstractStorage save
INFO: &amp#27;[32mSave 513844a6-05aa-4071-b97d-cad3b1673aad(uuid1905)
сент. 19, 2025 6:42:49 PM webapp.storage.AbstractStorage save
INFO: &amp#27;[32mSave eb63fe3a-25a3-4bc0-9a5f-db263d841294(uuid1906)
сент. 19, 2025 6:42:49 PM webapp.storage.AbstractStorage save
INFO: &amp#27;[32mSave 07467841-bd8c-4482-b228-d98c56a68d29(uuid1907)
сент. 19, 2025 6:42:49 PM webapp.storage.AbstractStorage save
INFO: &amp#27;[32mSave 813fccb3-57d4-404d-8001-7c94ac1f521a(uuid1908)
сент. 19, 2025 6:42:49 PM webapp.storage.AbstractStorage save
INFO: &amp#27;[32mSave 535ace8e-972e-4178-80fa-15c911122189(uuid1909)
сент. 19, 2025 6:42:49 PM webapp.storage.AbstractStorage save
INFO: &amp#27;[32mSave c43df95d-7e5a-4d23-abbf-4e809d5ae30e(uuid1910)
сент. 19, 2025 6:42:49 PM webapp.storage.AbstractStorage save
INFO: &amp#27;[32mSave 3cf27b32-16e2-4181-8365-6928481b7126(uuid1911)
сент. 19, 2025 6:42:49 PM webapp.storage.AbstractStorage save
INFO: &amp#27;[32mSave 0c380766-259f-4ea9-8aaa-47e4e2ef3752(uuid1912)
сент. 19, 2025 6:42:49 PM webapp.storage.AbstractStorage save
INFO: &amp#27;[32mSave a1da3c54-2483-4765-a30e-57be812fad4f(uuid1913)
сент. 19, 2025 6:42:49 PM webapp.storage.AbstractStorage save
INFO: &amp#27;[32mSave ba073169-02ca-498c-b813-353a4d36f482(uuid1914)
сент. 19, 2025 6:42:49 PM webapp.storage.AbstractStorage save
INFO: &amp#27;[32mSave 2bcb47c0-0f39-4338-bfc8-640a3878816e(uuid1915)
сент. 19, 2025 6:42:49 PM webapp.storage.AbstractStorage save
INFO: &amp#27;[32mSave a2681ba4-bf3c-4407-a285-ea93f9e5fa6d(uuid1916)
сент. 19, 2025 6:42:49 PM webapp.storage.AbstractStorage save
INFO: &amp#27;[32mSave 272e50ed-6c7c-4482-87d1-8233a7948ae8(uuid1917)
сент. 19, 2025 6:42:49 PM webapp.storage.AbstractStorage save
INFO: &amp#27;[32mSave 625d1652-b6bc-426e-a48d-b987b1fa1bb1(uuid1918)
сент. 19, 2025 6:42:49 PM webapp.storage.AbstractStorage save
INFO: &amp#27;[32mSave b7e76ee2-a39f-4f39-8f56-24f4de1a05d8(uuid1919)
сент. 19, 2025 6:42:49 PM webapp.storage.AbstractStorage save
INFO: &amp#27;[32mSave 34a21f83-fec9-43ee-bf10-bc2b8aa8d97b(uuid1920)
сент. 19, 2025 6:42:49 PM webapp.storage.AbstractStorage save
INFO: &amp#27;[32mSave 350a2e2e-911b-4c5f-9b38-52eb3ca494b2(uuid1921)
сент. 19, 2025 6:42:49 PM webapp.storage.AbstractStorage save
INFO: &amp#27;[32mSave dc26154f-84d4-4661-9fb0-bf343eff357d(uuid1922)
сент. 19, 2025 6:42:49 PM webapp.storage.AbstractStorage save
INFO: &amp#27;[32mSave 8842ef85-07a9-4772-96dc-36c9bf58cf2d(uuid1923)
сент. 19, 2025 6:42:49 PM webapp.storage.AbstractStorage save
INFO: &amp#27;[32mSave e0742188-0c2b-4e93-afd2-f7506274746a(uuid1924)
сент. 19, 2025 6:42:49 PM webapp.storage.AbstractStorage save
INFO: &amp#27;[32mSave 66392efa-54b1-4a34-98a6-7beda90b9739(uuid1925)
сент. 19, 2025 6:42:49 PM webapp.storage.AbstractStorage save
INFO: &amp#27;[32mSave 0db918e0-2d14-4b09-8d28-21dfe75d83c6(uuid1926)
сент. 19, 2025 6:42:49 PM webapp.storage.AbstractStorage save
INFO: &amp#27;[32mSave 06b99079-4816-4884-a0ca-cd567f0ab5c8(uuid1927)
сент. 19, 2025 6:42:49 PM webapp.storage.AbstractStorage save
INFO: &amp#27;[32mSave 6b3804f1-d1e3-44d6-83f0-3729758317dc(uuid1928)
сент. 19, 2025 6:42:49 PM webapp.storage.AbstractStorage save
INFO: &amp#27;[32mSave 275f90f6-cd8a-4e74-af6a-f926c2f1640e(uuid1929)
сент. 19, 2025 6:42:49 PM webapp.storage.AbstractStorage save
INFO: &amp#27;[32mSave 17cb73c3-b86e-4102-a237-312da657166a(uuid1930)
сент. 19, 2025 6:42:49 PM webapp.storage.AbstractStorage save
INFO: &amp#27;[32mSave c20dc012-d96a-4c1f-83e5-cde5dd694e2e(uuid1931)
сент. 19, 2025 6:42:49 PM webapp.storage.AbstractStorage save
INFO: &amp#27;[32mSave 5982f9d3-5555-453b-80e3-c13e4b6fa73d(uuid1932)
сент. 19, 2025 6:42:49 PM webapp.storage.AbstractStorage save
INFO: &amp#27;[32mSave 2ff89f9e-2665-4498-8c9c-cea413b850a6(uuid1933)
сент. 19, 2025 6:42:49 PM webapp.storage.AbstractStorage save
INFO: &amp#27;[32mSave 19d8d9d7-cbac-422f-8232-13fe8b37d770(uuid1934)
сент. 19, 2025 6:42:49 PM webapp.storage.AbstractStorage save
INFO: &amp#27;[32mSave e5d7e477-6e2f-4275-8005-9e7083fb71aa(uuid1935)
сент. 19, 2025 6:42:49 PM webapp.storage.AbstractStorage save
INFO: &amp#27;[32mSave 35b966af-c745-4044-89e2-8c499b5c7b98(uuid1936)
сент. 19, 2025 6:42:49 PM webapp.storage.AbstractStorage save
INFO: &amp#27;[32mSave ca7bb81b-b0d0-443e-8598-f4a61f3f2944(uuid1937)
сент. 19, 2025 6:42:49 PM webapp.storage.AbstractStorage save
INFO: &amp#27;[32mSave 9f4b7307-b194-4062-9625-8afb2827b5fa(uuid1938)
сент. 19, 2025 6:42:49 PM webapp.storage.AbstractStorage save
INFO: &amp#27;[32mSave bef77e51-57b8-4ab7-a97f-37d531626716(uuid1939)
сент. 19, 2025 6:42:49 PM webapp.storage.AbstractStorage save
INFO: &amp#27;[32mSave 25f1c0db-2765-4ca0-865a-4198455ef5d9(uuid1940)
сент. 19, 2025 6:42:49 PM webapp.storage.AbstractStorage save
INFO: &amp#27;[32mSave e833fc9c-0154-4164-84ab-639e8ed6e5cd(uuid1941)
сент. 19, 2025 6:42:49 PM webapp.storage.AbstractStorage save
INFO: &amp#27;[32mSave 8789521c-d1d0-4d11-aae7-c9b48aa965c4(uuid1942)
сент. 19, 2025 6:42:49 PM webapp.storage.AbstractStorage save
INFO: &amp#27;[32mSave 9554f657-945a-44f2-a0ad-133e6823c4ab(uuid1943)
сент. 19, 2025 6:42:49 PM webapp.storage.AbstractStorage save
INFO: &amp#27;[32mSave d979b12e-6998-4064-874a-5ce211c75040(uuid1944)
сент. 19, 2025 6:42:49 PM webapp.storage.AbstractStorage save
INFO: &amp#27;[32mSave 02b07c37-01eb-45f6-bec6-d7b7b86ea58c(uuid1945)
сент. 19, 2025 6:42:49 PM webapp.storage.AbstractStorage save
INFO: &amp#27;[32mSave 8a364715-9456-4dcb-8339-a7876d13e9b5(uuid1946)
сент. 19, 2025 6:42:49 PM webapp.storage.AbstractStorage save
INFO: &amp#27;[32mSave bb0169c9-5b6a-46c4-b1c5-b040a2085dd7(uuid1947)
сент. 19, 2025 6:42:49 PM webapp.storage.AbstractStorage save
INFO: &amp#27;[32mSave 14a2ce20-ebd9-44e5-ad2e-536fe60b4041(uuid1948)
сент. 19, 2025 6:42:49 PM webapp.storage.AbstractStorage save
INFO: &amp#27;[32mSave 06dccf90-6916-4fc1-82d0-ee6932140bb4(uuid1949)
сент. 19, 2025 6:42:49 PM webapp.storage.AbstractStorage save
INFO: &amp#27;[32mSave cd382b76-497a-44fb-a721-dfa86d3fe684(uuid1950)
сент. 19, 2025 6:42:49 PM webapp.storage.AbstractStorage save
INFO: &amp#27;[32mSave ea3b0212-6086-4671-8967-74632b7375ff(uuid1951)
сент. 19, 2025 6:42:49 PM webapp.storage.AbstractStorage save
INFO: &amp#27;[32mSave 4f5696a6-0c04-40b4-8ab1-f80dced8c98d(uuid1952)
сент. 19, 2025 6:42:49 PM webapp.storage.AbstractStorage save
INFO: &amp#27;[32mSave a5030f23-f2f4-44c0-9d23-469e1c909954(uuid1953)
сент. 19, 2025 6:42:49 PM webapp.storage.AbstractStorage save
INFO: &amp#27;[32mSave c37cc8c4-cd5d-474e-9eb2-956c66117ae3(uuid1954)
сент. 19, 2025 6:42:49 PM webapp.storage.AbstractStorage save
INFO: &amp#27;[32mSave 77363cd1-fca2-4203-ac88-14356d9a27fa(uuid1955)
сент. 19, 2025 6:42:49 PM webapp.storage.AbstractStorage save
INFO: &amp#27;[32mSave 0de16770-b136-42e4-92d6-147062846c51(uuid1956)
сент. 19, 2025 6:42:49 PM webapp.storage.AbstractStorage save
INFO: &amp#27;[32mSave cd0c0282-8622-4f5b-aeb3-ebda891ad71a(uuid1957)
сент. 19, 2025 6:42:49 PM webapp.storage.AbstractStorage save
INFO: &amp#27;[32mSave e0424cbb-de6e-4b59-8714-41988e5a4136(uuid1958)
сент. 19, 2025 6:42:49 PM webapp.storage.AbstractStorage save
INFO: &amp#27;[32mSave 1907dcb7-d93a-4c06-b1e2-7f615e84f810(uuid1959)
сент. 19, 2025 6:42:49 PM webapp.storage.AbstractStorage save
INFO: &amp#27;[32mSave 346393e3-0258-4250-a81b-08fc1a6dd7cd(uuid1960)
сент. 19, 2025 6:42:49 PM webapp.storage.AbstractStorage save
INFO: &amp#27;[32mSave 2e9d9c4e-651c-42cd-9ccb-09e12c2e31dc(uuid1961)
сент. 19, 2025 6:42:49 PM webapp.storage.AbstractStorage save
INFO: &amp#27;[32mSave f14968a6-8e59-4110-ab94-37871971e6c8(uuid1962)
сент. 19, 2025 6:42:49 PM webapp.storage.AbstractStorage save
INFO: &amp#27;[32mSave 749755a7-94b7-4734-a8d1-e83f11540223(uuid1963)
сент. 19, 2025 6:42:49 PM webapp.storage.AbstractStorage save
INFO: &amp#27;[32mSave 1f76afd0-cbe6-439a-a0c1-e0b29a8ed3d3(uuid1964)
сент. 19, 2025 6:42:49 PM webapp.storage.AbstractStorage save
INFO: &amp#27;[32mSave 8c81031c-089c-4955-b8d2-fe63b415f54f(uuid1965)
сент. 19, 2025 6:42:49 PM webapp.storage.AbstractStorage save
INFO: &amp#27;[32mSave 26e6baad-7506-4fa9-9855-2134d7337f72(uuid1966)
сент. 19, 2025 6:42:49 PM webapp.storage.AbstractStorage save
INFO: &amp#27;[32mSave 43614156-ba8c-4ab9-9661-3cdd1fa8eb62(uuid1967)
сент. 19, 2025 6:42:49 PM webapp.storage.AbstractStorage save
INFO: &amp#27;[32mSave 9cc5567e-eab5-4051-89b1-3ceab60005b5(uuid1968)
сент. 19, 2025 6:42:49 PM webapp.storage.AbstractStorage save
INFO: &amp#27;[32mSave f30d87e5-3baf-43b5-9a97-82f2ececd085(uuid1969)
сент. 19, 2025 6:42:49 PM webapp.storage.AbstractStorage save
INFO: &amp#27;[32mSave 5e950132-d114-4516-b015-a34d709082b4(uuid1970)
сент. 19, 2025 6:42:49 PM webapp.storage.AbstractStorage save
INFO: &amp#27;[32mSave 3797559b-c431-4cc5-8980-501dfa2f84a1(uuid1971)
сент. 19, 2025 6:42:49 PM webapp.storage.AbstractStorage save
INFO: &amp#27;[32mSave c5080b02-9634-477e-8835-743a19e8eeed(uuid1972)
сент. 19, 2025 6:42:49 PM webapp.storage.AbstractStorage save
INFO: &amp#27;[32mSave 76f63ddc-23d9-421a-a680-4323c60aed6b(uuid1973)
сент. 19, 2025 6:42:49 PM webapp.storage.AbstractStorage save
INFO: &amp#27;[32mSave 615df4cc-ce65-4299-a46d-a5395dd42de7(uuid1974)
сент. 19, 2025 6:42:49 PM webapp.storage.AbstractStorage save
INFO: &amp#27;[32mSave 6c9fb905-236b-462a-9a46-ea0d3bded9dc(uuid1975)
сент. 19, 2025 6:42:49 PM webapp.storage.AbstractStorage save
INFO: &amp#27;[32mSave f27ee8e9-988d-4cba-9d1d-166eea8cdef4(uuid1976)
сент. 19, 2025 6:42:49 PM webapp.storage.AbstractStorage save
INFO: &amp#27;[32mSave 41080762-ee46-4c02-9702-f33635f3c2a6(uuid1977)
сент. 19, 2025 6:42:49 PM webapp.storage.AbstractStorage save
INFO: &amp#27;[32mSave a5169f9d-dc3a-4511-a0bd-d7529abc2807(uuid1978)
сент. 19, 2025 6:42:49 PM webapp.storage.AbstractStorage save
INFO: &amp#27;[32mSave ba351c63-1c66-410e-915b-b417a8e4e0e6(uuid1979)
сент. 19, 2025 6:42:49 PM webapp.storage.AbstractStorage save
INFO: &amp#27;[32mSave 80516c78-5a70-4fff-bc9e-c310a19d5f55(uuid1980)
сент. 19, 2025 6:42:49 PM webapp.storage.AbstractStorage save
INFO: &amp#27;[32mSave 1cef1d76-323c-4d96-9607-a3ad8009e0f9(uuid1981)
сент. 19, 2025 6:42:49 PM webapp.storage.AbstractStorage save
INFO: &amp#27;[32mSave 92af1de2-2207-4532-8810-4b4a71ddde49(uuid1982)
сент. 19, 2025 6:42:49 PM webapp.storage.AbstractStorage save
INFO: &amp#27;[32mSave e153493b-9409-49a0-90b9-1d7b45d362e2(uuid1983)
сент. 19, 2025 6:42:49 PM webapp.storage.AbstractStorage save
INFO: &amp#27;[32mSave a84074bd-6c06-4945-8a9a-e3449ac1a391(uuid1984)
сент. 19, 2025 6:42:49 PM webapp.storage.AbstractStorage save
INFO: &amp#27;[32mSave 9b73407d-203f-44ac-8755-de15e9d80ed6(uuid1985)
сент. 19, 2025 6:42:49 PM webapp.storage.AbstractStorage save
INFO: &amp#27;[32mSave cbd78c24-9494-42ec-8b95-539155b738c7(uuid1986)
сент. 19, 2025 6:42:49 PM webapp.storage.AbstractStorage save
INFO: &amp#27;[32mSave 4f87c47a-7a38-4e25-967f-441c6ffbd036(uuid1987)
сент. 19, 2025 6:42:49 PM webapp.storage.AbstractStorage save
INFO: &amp#27;[32mSave 9692eca6-2f18-44bc-87dc-2185ffff2404(uuid1988)
сент. 19, 2025 6:42:49 PM webapp.storage.AbstractStorage save
INFO: &amp#27;[32mSave b6340008-b7ce-4ab0-8039-9d0762e91795(uuid1989)
сент. 19, 2025 6:42:49 PM webapp.storage.AbstractStorage save
INFO: &amp#27;[32mSave a1d408d6-ab05-4212-a5f0-71740db5f390(uuid1990)
сент. 19, 2025 6:42:49 PM webapp.storage.AbstractStorage save
INFO: &amp#27;[32mSave ac162109-19b4-4798-ac9c-e905e7e766dc(uuid1991)
сент. 19, 2025 6:42:49 PM webapp.storage.AbstractStorage save
INFO: &amp#27;[32mSave 6cbdc309-af10-43d3-b4cf-089001cabb3a(uuid1992)
сент. 19, 2025 6:42:49 PM webapp.storage.AbstractStorage save
INFO: &amp#27;[32mSave ebb22dab-9ebc-4735-842f-f20463afb63c(uuid1993)
сент. 19, 2025 6:42:49 PM webapp.storage.AbstractStorage save
INFO: &amp#27;[32mSave 073f5959-73aa-4d5b-9f50-b87124e9211e(uuid1994)
сент. 19, 2025 6:42:49 PM webapp.storage.AbstractStorage save
INFO: &amp#27;[32mSave 509552bd-2b00-4e02-97b8-0198a7dbb191(uuid1995)
сент. 19, 2025 6:42:49 PM webapp.storage.AbstractStorage save
INFO: &amp#27;[32mSave 4269d146-625e-4acd-82be-caca725c2ab4(uuid1996)
сент. 19, 2025 6:42:49 PM webapp.storage.AbstractStorage save
INFO: &amp#27;[32mSave 4ea923c7-a33e-4de7-9064-f7161741f58b(uuid1997)
сент. 19, 2025 6:42:49 PM webapp.storage.AbstractStorage save
INFO: &amp#27;[32mSave ca4c16ca-a0ae-467c-893f-8d9ba6c00236(uuid1998)
сент. 19, 2025 6:42:49 PM webapp.storage.AbstractStorage save
INFO: &amp#27;[32mSave eec211de-a3d3-4d3e-9571-0bec4e671470(uuid1999)
сент. 19, 2025 6:42:49 PM webapp.storage.AbstractStorage save
INFO: &amp#27;[32mSave 9c30058d-10ce-4f5b-94d2-d0a606189267(uuid2000)
сент. 19, 2025 6:42:49 PM webapp.storage.AbstractStorage save
INFO: &amp#27;[32mSave 677ac6c1-f88b-44c7-9673-3a5a3f25f952(uuid2001)
сент. 19, 2025 6:42:49 PM webapp.storage.AbstractStorage save
INFO: &amp#27;[32mSave 6713bb9e-6ab3-4747-9f1c-6fc395465d3d(uuid2002)
сент. 19, 2025 6:42:49 PM webapp.storage.AbstractStorage save
INFO: &amp#27;[32mSave 89d758d7-a082-479b-9b29-8779d87791c2(uuid2003)
сент. 19, 2025 6:42:49 PM webapp.storage.AbstractStorage save
INFO: &amp#27;[32mSave 593c1f91-c32e-4d3c-82d4-87baea977470(uuid2004)
сент. 19, 2025 6:42:49 PM webapp.storage.AbstractStorage save
INFO: &amp#27;[32mSave 7e97ebfd-4c9c-45e2-b5bd-6ca20c8abc4f(uuid2005)
сент. 19, 2025 6:42:49 PM webapp.storage.AbstractStorage save
INFO: &amp#27;[32mSave 6aeb32ac-6eb2-416a-8ef8-034c7035b354(uuid2006)
сент. 19, 2025 6:42:49 PM webapp.storage.AbstractStorage save
INFO: &amp#27;[32mSave 9a4e17b7-e50d-4688-823d-0be3eee79fc7(uuid2007)
сент. 19, 2025 6:42:49 PM webapp.storage.AbstractStorage save
INFO: &amp#27;[32mSave 4656cfea-1792-4959-a1dd-6c36a84eaed0(uuid2008)
сент. 19, 2025 6:42:49 PM webapp.storage.AbstractStorage save
INFO: &amp#27;[32mSave 3f5ef48d-7daf-42cc-aab8-0dc99099832e(uuid2009)
сент. 19, 2025 6:42:49 PM webapp.storage.AbstractStorage save
INFO: &amp#27;[32mSave 4eded3be-e3bb-4286-80e6-b981c1a68210(uuid2010)
сент. 19, 2025 6:42:49 PM webapp.storage.AbstractStorage save
INFO: &amp#27;[32mSave d498bd91-ce86-4f20-9a5c-88ff0c498972(uuid2011)
сент. 19, 2025 6:42:49 PM webapp.storage.AbstractStorage save
INFO: &amp#27;[32mSave 621a4fda-5a68-44ef-ad93-94bb0cf56802(uuid2012)
сент. 19, 2025 6:42:49 PM webapp.storage.AbstractStorage save
INFO: &amp#27;[32mSave 49f73904-79e9-421a-983d-ea7ce0c80abb(uuid2013)
сент. 19, 2025 6:42:49 PM webapp.storage.AbstractStorage save
INFO: &amp#27;[32mSave 62edd3f8-da8d-4667-b8d9-e99caf44581f(uuid2014)
сент. 19, 2025 6:42:49 PM webapp.storage.AbstractStorage save
INFO: &amp#27;[32mSave 553bee8b-dcf6-41a6-819f-9e9d7f7d8fac(uuid2015)
сент. 19, 2025 6:42:49 PM webapp.storage.AbstractStorage save
INFO: &amp#27;[32mSave cbe1852f-1240-4c12-9a07-80f84e1fb61e(uuid2016)
сент. 19, 2025 6:42:49 PM webapp.storage.AbstractStorage save
INFO: &amp#27;[32mSave 8fee31bf-6885-4174-b4ea-9217b2c90cc7(uuid2017)
сент. 19, 2025 6:42:49 PM webapp.storage.AbstractStorage save
INFO: &amp#27;[32mSave 90152091-ea8f-48a1-b2a1-e2a8b8fcab77(uuid2018)
сент. 19, 2025 6:42:49 PM webapp.storage.AbstractStorage save
INFO: &amp#27;[32mSave 2c79de05-6bf7-4360-a8cb-4fc01304372f(uuid2019)
сент. 19, 2025 6:42:49 PM webapp.storage.AbstractStorage save
INFO: &amp#27;[32mSave 32077a16-6b0e-4446-8547-38edcb11f61c(uuid2020)
сент. 19, 2025 6:42:49 PM webapp.storage.AbstractStorage save
INFO: &amp#27;[32mSave 44702c9c-02fe-417e-95a8-41178f3681d2(uuid2021)
сент. 19, 2025 6:42:49 PM webapp.storage.AbstractStorage save
INFO: &amp#27;[32mSave 0e576c16-39a5-4caa-b5b6-3e8a378f952c(uuid2022)
сент. 19, 2025 6:42:49 PM webapp.storage.AbstractStorage save
INFO: &amp#27;[32mSave d66e1d07-48e8-4633-8185-5a970bf0033c(uuid2023)
сент. 19, 2025 6:42:49 PM webapp.storage.AbstractStorage save
INFO: &amp#27;[32mSave 28ee852a-77ea-40cf-b100-2a3032965a4b(uuid2024)
сент. 19, 2025 6:42:49 PM webapp.storage.AbstractStorage save
INFO: &amp#27;[32mSave 5f5e46fe-e13b-4ae1-82be-779fb7c07811(uuid2025)
сент. 19, 2025 6:42:49 PM webapp.storage.AbstractStorage save
INFO: &amp#27;[32mSave 4c2d1349-7318-451d-8a2b-c465197cd551(uuid2026)
сент. 19, 2025 6:42:49 PM webapp.storage.AbstractStorage save
INFO: &amp#27;[32mSave 0b96dd46-1609-4f43-8d03-1451641ce6ed(uuid2027)
сент. 19, 2025 6:42:49 PM webapp.storage.AbstractStorage save
INFO: &amp#27;[32mSave f8462c5c-6fad-4414-aa39-2f5d98f537a9(uuid2028)
сент. 19, 2025 6:42:49 PM webapp.storage.AbstractStorage save
INFO: &amp#27;[32mSave 18541165-56ee-4dc3-9366-da619a6612f6(uuid2029)
сент. 19, 2025 6:42:49 PM webapp.storage.AbstractStorage save
INFO: &amp#27;[32mSave fa69614a-1508-4861-8bb6-4478b0223e21(uuid2030)
сент. 19, 2025 6:42:49 PM webapp.storage.AbstractStorage save
INFO: &amp#27;[32mSave a0b2b9ad-de3a-48dd-aa2a-b43504d9c73a(uuid2031)
сент. 19, 2025 6:42:49 PM webapp.storage.AbstractStorage save
INFO: &amp#27;[32mSave 7eb6d0fc-2f40-4377-8083-b03176181a5b(uuid2032)
сент. 19, 2025 6:42:49 PM webapp.storage.AbstractStorage save
INFO: &amp#27;[32mSave 33037703-922c-457b-8fab-0872cb69a4cc(uuid2033)
сент. 19, 2025 6:42:49 PM webapp.storage.AbstractStorage save
INFO: &amp#27;[32mSave 223812ac-b44f-4f27-a89f-d34eafa12769(uuid2034)
сент. 19, 2025 6:42:49 PM webapp.storage.AbstractStorage save
INFO: &amp#27;[32mSave e1157ece-41c1-46a6-8451-f15bcb0b3823(uuid2035)
сент. 19, 2025 6:42:49 PM webapp.storage.AbstractStorage save
INFO: &amp#27;[32mSave 99539cff-c4d3-4588-bb08-2bf047005fc8(uuid2036)
сент. 19, 2025 6:42:49 PM webapp.storage.AbstractStorage save
INFO: &amp#27;[32mSave 448aab14-12b4-45e0-a20c-010d7c332495(uuid2037)
сент. 19, 2025 6:42:49 PM webapp.storage.AbstractStorage save
INFO: &amp#27;[32mSave 05264b24-105e-417c-b150-12ebeea32a2b(uuid2038)
сент. 19, 2025 6:42:49 PM webapp.storage.AbstractStorage save
INFO: &amp#27;[32mSave 645b1f63-6fb6-4dbd-a317-cedd6ea0f0f5(uuid2039)
сент. 19, 2025 6:42:49 PM webapp.storage.AbstractStorage save
INFO: &amp#27;[32mSave a5ae7e8c-5847-4fe4-af12-a6f1048738ec(uuid2040)
сент. 19, 2025 6:42:49 PM webapp.storage.AbstractStorage save
INFO: &amp#27;[32mSave 744c7d4c-6ba5-4a00-aeb4-d68b451d7b01(uuid2041)
сент. 19, 2025 6:42:49 PM webapp.storage.AbstractStorage save
INFO: &amp#27;[32mSave 5f1b627b-f957-45b6-b2a5-6aba0492b5cc(uuid2042)
сент. 19, 2025 6:42:49 PM webapp.storage.AbstractStorage save
INFO: &amp#27;[32mSave 8c7260ef-c437-4412-ba03-c5eb9fe83f9c(uuid2043)
сент. 19, 2025 6:42:49 PM webapp.storage.AbstractStorage save
INFO: &amp#27;[32mSave a19734ca-2e34-40d6-8af6-4f679b1958d9(uuid2044)
сент. 19, 2025 6:42:49 PM webapp.storage.AbstractStorage save
INFO: &amp#27;[32mSave 8b7f4e3b-a94d-40f6-9121-9e85e33b4d92(uuid2045)
сент. 19, 2025 6:42:49 PM webapp.storage.AbstractStorage save
INFO: &amp#27;[32mSave d9261a9e-f46d-4008-84e1-90228f9f934c(uuid2046)
сент. 19, 2025 6:42:49 PM webapp.storage.AbstractStorage save
INFO: &amp#27;[32mSave ad8920c2-0614-4344-8fb4-43a49238c20c(uuid2047)
сент. 19, 2025 6:42:49 PM webapp.storage.AbstractStorage save
INFO: &amp#27;[32mSave e73c552a-6feb-4832-96f2-6b48a7d668d7(uuid2048)
сент. 19, 2025 6:42:49 PM webapp.storage.AbstractStorage save
INFO: &amp#27;[32mSave 0751f041-40e5-46d4-af7f-7b9bffb8c18a(uuid2049)
сент. 19, 2025 6:42:49 PM webapp.storage.AbstractStorage save
INFO: &amp#27;[32mSave 3809e02b-0a5a-4883-9901-0ea9ff6c576c(uuid2050)
сент. 19, 2025 6:42:49 PM webapp.storage.AbstractStorage save
INFO: &amp#27;[32mSave 0755d9c0-5d22-4566-a06f-dd21216f0622(uuid2051)
сент. 19, 2025 6:42:49 PM webapp.storage.AbstractStorage save
INFO: &amp#27;[32mSave 60c31f99-8877-48cf-94c3-02bf8c4245fb(uuid2052)
сент. 19, 2025 6:42:49 PM webapp.storage.AbstractStorage save
INFO: &amp#27;[32mSave 49242a3d-de54-4979-a940-cd08e798acee(uuid2053)
сент. 19, 2025 6:42:49 PM webapp.storage.AbstractStorage save
INFO: &amp#27;[32mSave c4058531-57b0-4eb4-9962-ea2674254b99(uuid2054)
сент. 19, 2025 6:42:49 PM webapp.storage.AbstractStorage save
INFO: &amp#27;[32mSave c03ca835-335c-4733-9581-f1c6295e7c1b(uuid2055)
сент. 19, 2025 6:42:49 PM webapp.storage.AbstractStorage save
INFO: &amp#27;[32mSave aee104c1-e8cc-4350-8d14-2167eee011ba(uuid2056)
сент. 19, 2025 6:42:49 PM webapp.storage.AbstractStorage save
INFO: &amp#27;[32mSave 98d5493b-e2d7-46f5-928b-28bdd5f374f1(uuid2057)
сент. 19, 2025 6:42:49 PM webapp.storage.AbstractStorage save
INFO: &amp#27;[32mSave f8b41ac1-445a-4180-bac6-8b5c1724e78f(uuid2058)
сент. 19, 2025 6:42:49 PM webapp.storage.AbstractStorage save
INFO: &amp#27;[32mSave 49c46b4d-722d-4c83-b3de-72e5ee51288e(uuid2059)
сент. 19, 2025 6:42:49 PM webapp.storage.AbstractStorage save
INFO: &amp#27;[32mSave c5d51ed7-166d-4f72-82a0-e0cd9e9740ff(uuid2060)
сент. 19, 2025 6:42:49 PM webapp.storage.AbstractStorage save
INFO: &amp#27;[32mSave 1ed2d11d-078c-4893-9699-6a1cdc2efced(uuid2061)
сент. 19, 2025 6:42:49 PM webapp.storage.AbstractStorage save
INFO: &amp#27;[32mSave 0e3e6d0d-7b4b-482f-b8c7-1730e6d72650(uuid2062)
сент. 19, 2025 6:42:49 PM webapp.storage.AbstractStorage save
INFO: &amp#27;[32mSave 527e77d4-79c0-43e9-b32b-4437a8991be7(uuid2063)
сент. 19, 2025 6:42:49 PM webapp.storage.AbstractStorage save
INFO: &amp#27;[32mSave a72a9bb8-fd3b-49e8-9ad2-2090c9fc8340(uuid2064)
сент. 19, 2025 6:42:49 PM webapp.storage.AbstractStorage save
INFO: &amp#27;[32mSave 118da058-15d9-43f8-abd4-0b3f3a9b5888(uuid2065)
сент. 19, 2025 6:42:49 PM webapp.storage.AbstractStorage save
INFO: &amp#27;[32mSave 6763cd87-e191-44e5-a2ca-49f09e56d681(uuid2066)
сент. 19, 2025 6:42:49 PM webapp.storage.AbstractStorage save
INFO: &amp#27;[32mSave 8c2d4d3b-ab3f-4b6e-9295-506b50b73305(uuid2067)
сент. 19, 2025 6:42:49 PM webapp.storage.AbstractStorage save
INFO: &amp#27;[32mSave 302e1e12-f013-4049-a48c-884ee0ba552b(uuid2068)
сент. 19, 2025 6:42:49 PM webapp.storage.AbstractStorage save
INFO: &amp#27;[32mSave 6cac64da-cb3d-4405-9066-80d8fda628a5(uuid2069)
сент. 19, 2025 6:42:49 PM webapp.storage.AbstractStorage save
INFO: &amp#27;[32mSave c0435560-d5fc-4c73-badf-d4b6975bb0b6(uuid2070)
сент. 19, 2025 6:42:49 PM webapp.storage.AbstractStorage save
INFO: &amp#27;[32mSave 96ee25b9-5743-412f-a8f8-06ffa095e8c6(uuid2071)
сент. 19, 2025 6:42:49 PM webapp.storage.AbstractStorage save
INFO: &amp#27;[32mSave 6a01fd10-973e-45fa-bf10-35e63a57e0ed(uuid2072)
сент. 19, 2025 6:42:49 PM webapp.storage.AbstractStorage save
INFO: &amp#27;[32mSave 498e03f6-a5d0-4fc6-83a5-0a6570c5aea9(uuid2073)
сент. 19, 2025 6:42:49 PM webapp.storage.AbstractStorage save
INFO: &amp#27;[32mSave 9c9517bf-2c5a-42cd-8e93-90d37b9700a7(uuid2074)
сент. 19, 2025 6:42:49 PM webapp.storage.AbstractStorage save
INFO: &amp#27;[32mSave 01789358-d897-4510-a431-0b579df5a627(uuid2075)
сент. 19, 2025 6:42:49 PM webapp.storage.AbstractStorage save
INFO: &amp#27;[32mSave cda56d19-d9ac-4494-84d8-67a4520564e0(uuid2076)
сент. 19, 2025 6:42:49 PM webapp.storage.AbstractStorage save
INFO: &amp#27;[32mSave 538c7649-a3de-4714-aa2f-51c8e089e05a(uuid2077)
сент. 19, 2025 6:42:49 PM webapp.storage.AbstractStorage save
INFO: &amp#27;[32mSave e8644a33-1fce-4a5a-9107-b95e96fcbd79(uuid2078)
сент. 19, 2025 6:42:49 PM webapp.storage.AbstractStorage save
INFO: &amp#27;[32mSave 108bde02-188e-4097-804a-8a6fe34d3304(uuid2079)
сент. 19, 2025 6:42:49 PM webapp.storage.AbstractStorage save
INFO: &amp#27;[32mSave 85b29535-e79e-4427-9203-0c97b4a53614(uuid2080)
сент. 19, 2025 6:42:49 PM webapp.storage.AbstractStorage save
INFO: &amp#27;[32mSave 765a3dd4-f081-489b-8b10-75f03004fa86(uuid2081)
сент. 19, 2025 6:42:49 PM webapp.storage.AbstractStorage save
INFO: &amp#27;[32mSave d71b350f-dbfc-4b61-b942-90fe432a5dc1(uuid2082)
сент. 19, 2025 6:42:49 PM webapp.storage.AbstractStorage save
INFO: &amp#27;[32mSave ea6303ac-49b4-4e40-ac58-35663682cf1e(uuid2083)
сент. 19, 2025 6:42:49 PM webapp.storage.AbstractStorage save
INFO: &amp#27;[32mSave 79af4722-bb33-460f-a646-97ff814ed0c5(uuid2084)
сент. 19, 2025 6:42:49 PM webapp.storage.AbstractStorage save
INFO: &amp#27;[32mSave 1cef1a05-0ae0-4fb5-9f91-50e379ea4b78(uuid2085)
сент. 19, 2025 6:42:49 PM webapp.storage.AbstractStorage save
INFO: &amp#27;[32mSave 961a4cf7-c3ff-4485-b5cf-d8ac9c927758(uuid2086)
сент. 19, 2025 6:42:49 PM webapp.storage.AbstractStorage save
INFO: &amp#27;[32mSave b74c9e3d-f897-4f73-9172-741894b27708(uuid2087)
сент. 19, 2025 6:42:49 PM webapp.storage.AbstractStorage save
INFO: &amp#27;[32mSave 7fe78c6d-5df2-436b-978b-fab56f742c85(uuid2088)
сент. 19, 2025 6:42:49 PM webapp.storage.AbstractStorage save
INFO: &amp#27;[32mSave 4386030a-2a96-490c-a4ba-9a8f498b35eb(uuid2089)
сент. 19, 2025 6:42:49 PM webapp.storage.AbstractStorage save
INFO: &amp#27;[32mSave 1aea02bd-15d2-4998-a986-200d5d17c542(uuid2090)
сент. 19, 2025 6:42:49 PM webapp.storage.AbstractStorage save
INFO: &amp#27;[32mSave 3bab665d-b409-4deb-a81f-2c1b8134494d(uuid2091)
сент. 19, 2025 6:42:49 PM webapp.storage.AbstractStorage save
INFO: &amp#27;[32mSave eff31dbe-6df6-4ae5-b911-fc547d30e12a(uuid2092)
сент. 19, 2025 6:42:49 PM webapp.storage.AbstractStorage save
INFO: &amp#27;[32mSave 29db859e-dd18-4fe2-b0cf-a94b5aadbe1e(uuid2093)
сент. 19, 2025 6:42:49 PM webapp.storage.AbstractStorage save
INFO: &amp#27;[32mSave ff0b1def-a06d-43f2-a04f-6aca0289ec22(uuid2094)
сент. 19, 2025 6:42:49 PM webapp.storage.AbstractStorage save
INFO: &amp#27;[32mSave 70562fff-bddc-45ad-99ec-641ab17c22ee(uuid2095)
сент. 19, 2025 6:42:49 PM webapp.storage.AbstractStorage save
INFO: &amp#27;[32mSave 15fb23fa-4ec0-4b55-bf08-55e419ed17a8(uuid2096)
сент. 19, 2025 6:42:49 PM webapp.storage.AbstractStorage save
INFO: &amp#27;[32mSave 154eede7-e505-48db-933b-2cc2de2d5b87(uuid2097)
сент. 19, 2025 6:42:49 PM webapp.storage.AbstractStorage save
INFO: &amp#27;[32mSave 4baec65c-b91f-4e64-9667-76b9f7bf8439(uuid2098)
сент. 19, 2025 6:42:49 PM webapp.storage.AbstractStorage save
INFO: &amp#27;[32mSave 7230085b-6cd3-4bd5-a51e-b762a9e69980(uuid2099)
сент. 19, 2025 6:42:49 PM webapp.storage.AbstractStorage save
INFO: &amp#27;[32mSave 02451f48-0a99-42aa-9e03-ec2f4fe25f02(uuid2100)
сент. 19, 2025 6:42:49 PM webapp.storage.AbstractStorage save
INFO: &amp#27;[32mSave 67989bcc-d34b-4617-85b4-fccf2cb61886(uuid2101)
сент. 19, 2025 6:42:49 PM webapp.storage.AbstractStorage save
INFO: &amp#27;[32mSave 9f619819-5ab3-4dd4-86d5-cbcc67a8d200(uuid2102)
сент. 19, 2025 6:42:49 PM webapp.storage.AbstractStorage save
INFO: &amp#27;[32mSave c64051bf-c5e9-4f51-afb4-5e9f2f97196c(uuid2103)
сент. 19, 2025 6:42:49 PM webapp.storage.AbstractStorage save
INFO: &amp#27;[32mSave 1aa306ee-b461-47fc-ad54-2d3d5ca0908a(uuid2104)
сент. 19, 2025 6:42:49 PM webapp.storage.AbstractStorage save
INFO: &amp#27;[32mSave 28dd2987-91c5-4d07-a5df-527f1383bee2(uuid2105)
сент. 19, 2025 6:42:49 PM webapp.storage.AbstractStorage save
INFO: &amp#27;[32mSave 8fc2d71c-8f3a-4a90-b92a-6c9d4de7a9a6(uuid2106)
сент. 19, 2025 6:42:49 PM webapp.storage.AbstractStorage save
INFO: &amp#27;[32mSave 1063787c-0a9c-442d-9f39-5c6b5ddcaa14(uuid2107)
сент. 19, 2025 6:42:49 PM webapp.storage.AbstractStorage save
INFO: &amp#27;[32mSave 3d07cca3-01f8-4b16-bf2f-1ddb02ac6b22(uuid2108)
сент. 19, 2025 6:42:49 PM webapp.storage.AbstractStorage save
INFO: &amp#27;[32mSave e6c67fb3-82d5-4c98-9a75-0482c0891129(uuid2109)
сент. 19, 2025 6:42:49 PM webapp.storage.AbstractStorage save
INFO: &amp#27;[32mSave 8290542d-3319-450e-8d3a-ca4b3fc7a614(uuid2110)
сент. 19, 2025 6:42:49 PM webapp.storage.AbstractStorage save
INFO: &amp#27;[32mSave 416b7378-6829-48c6-bb81-338a22028c2a(uuid2111)
сент. 19, 2025 6:42:49 PM webapp.storage.AbstractStorage save
INFO: &amp#27;[32mSave 01b66f7f-5e6b-4b4d-b492-9bc6b207f279(uuid2112)
сент. 19, 2025 6:42:49 PM webapp.storage.AbstractStorage save
INFO: &amp#27;[32mSave 93fea378-e0e2-465b-97d1-f592d74248ec(uuid2113)
сент. 19, 2025 6:42:49 PM webapp.storage.AbstractStorage save
INFO: &amp#27;[32mSave 248f5eff-c9a5-4577-a219-95af59336f8c(uuid2114)
сент. 19, 2025 6:42:49 PM webapp.storage.AbstractStorage save
INFO: &amp#27;[32mSave 6ad7a5c2-af84-40bf-9604-41fb278b19ce(uuid2115)
сент. 19, 2025 6:42:49 PM webapp.storage.AbstractStorage save
INFO: &amp#27;[32mSave 2aea5332-9c6a-48c4-878a-255c500fc6a1(uuid2116)
сент. 19, 2025 6:42:49 PM webapp.storage.AbstractStorage save
INFO: &amp#27;[32mSave 2add069c-58b6-450c-b224-6b3513ce9fe2(uuid2117)
сент. 19, 2025 6:42:49 PM webapp.storage.AbstractStorage save
INFO: &amp#27;[32mSave 1be11ebf-d8c3-4f33-b569-c62ee811e22a(uuid2118)
сент. 19, 2025 6:42:49 PM webapp.storage.AbstractStorage save
INFO: &amp#27;[32mSave 3c9ce746-6eaa-41aa-b034-01da13afa90b(uuid2119)
сент. 19, 2025 6:42:49 PM webapp.storage.AbstractStorage save
INFO: &amp#27;[32mSave 675cabba-6850-478d-ae39-69006461916b(uuid2120)
сент. 19, 2025 6:42:49 PM webapp.storage.AbstractStorage save
INFO: &amp#27;[32mSave 498c2d58-d5cd-4fee-8fbd-20674939fc83(uuid2121)
сент. 19, 2025 6:42:49 PM webapp.storage.AbstractStorage save
INFO: &amp#27;[32mSave fa08957a-8b4a-4bf9-9b8c-accafc7dfe83(uuid2122)
сент. 19, 2025 6:42:49 PM webapp.storage.AbstractStorage save
INFO: &amp#27;[32mSave 481f7b38-4c15-40ab-9ef1-f811a2d6513b(uuid2123)
сент. 19, 2025 6:42:49 PM webapp.storage.AbstractStorage save
INFO: &amp#27;[32mSave c8706ca6-c346-4e2c-b068-ff85c4151df5(uuid2124)
сент. 19, 2025 6:42:49 PM webapp.storage.AbstractStorage save
INFO: &amp#27;[32mSave eb089c3e-d1d0-4141-a2c8-8c69fc5a899a(uuid2125)
сент. 19, 2025 6:42:49 PM webapp.storage.AbstractStorage save
INFO: &amp#27;[32mSave b0e4cc06-7a63-47a4-968e-38102368d4dd(uuid2126)
сент. 19, 2025 6:42:49 PM webapp.storage.AbstractStorage save
INFO: &amp#27;[32mSave 5e9a93f0-dbde-4f96-8311-fd9cbe778c4b(uuid2127)
сент. 19, 2025 6:42:49 PM webapp.storage.AbstractStorage save
INFO: &amp#27;[32mSave 09979140-130d-4d2a-bfa1-f17aee4a2718(uuid2128)
сент. 19, 2025 6:42:49 PM webapp.storage.AbstractStorage save
INFO: &amp#27;[32mSave 39c24a1f-c994-4618-9eb2-eee5f2641630(uuid2129)
сент. 19, 2025 6:42:49 PM webapp.storage.AbstractStorage save
INFO: &amp#27;[32mSave 6229bf44-8ed1-4652-b9e8-0cf9c38dea6e(uuid2130)
сент. 19, 2025 6:42:49 PM webapp.storage.AbstractStorage save
INFO: &amp#27;[32mSave 0b0929f3-d893-455a-a8f2-8ce1a59a5650(uuid2131)
сент. 19, 2025 6:42:49 PM webapp.storage.AbstractStorage save
INFO: &amp#27;[32mSave 38f4d130-942a-40db-98ff-f5035aa7fde4(uuid2132)
сент. 19, 2025 6:42:49 PM webapp.storage.AbstractStorage save
INFO: &amp#27;[32mSave 06ae803e-c352-4b3d-8091-58856a7fb1f1(uuid2133)
сент. 19, 2025 6:42:49 PM webapp.storage.AbstractStorage save
INFO: &amp#27;[32mSave 74309e12-89f3-44a9-8faa-ac414bc6c554(uuid2134)
сент. 19, 2025 6:42:49 PM webapp.storage.AbstractStorage save
INFO: &amp#27;[32mSave 5c21e4e8-174a-4249-8de3-f4f009182cac(uuid2135)
сент. 19, 2025 6:42:49 PM webapp.storage.AbstractStorage save
INFO: &amp#27;[32mSave 751b51ed-6bb9-4268-99af-9e6c95153d55(uuid2136)
сент. 19, 2025 6:42:49 PM webapp.storage.AbstractStorage save
INFO: &amp#27;[32mSave df534e48-b115-4ead-b1cf-930d5a638003(uuid2137)
сент. 19, 2025 6:42:49 PM webapp.storage.AbstractStorage save
INFO: &amp#27;[32mSave 3cca91a4-29bc-409c-bfb9-0fba242abdf1(uuid2138)
сент. 19, 2025 6:42:49 PM webapp.storage.AbstractStorage save
INFO: &amp#27;[32mSave 67f2f613-fb2e-49ad-839f-b761dcc032a8(uuid2139)
сент. 19, 2025 6:42:49 PM webapp.storage.AbstractStorage save
INFO: &amp#27;[32mSave be3d25aa-f8f0-4894-ac90-831fa84ecfc6(uuid2140)
сент. 19, 2025 6:42:49 PM webapp.storage.AbstractStorage save
INFO: &amp#27;[32mSave a2089644-3a00-4afd-a3d7-10d29fb285d1(uuid2141)
сент. 19, 2025 6:42:49 PM webapp.storage.AbstractStorage save
INFO: &amp#27;[32mSave b690ae6c-e056-4302-bcbf-42213a631367(uuid2142)
сент. 19, 2025 6:42:49 PM webapp.storage.AbstractStorage save
INFO: &amp#27;[32mSave ffc89840-2423-4d07-b53d-008a64428cc5(uuid2143)
сент. 19, 2025 6:42:49 PM webapp.storage.AbstractStorage save
INFO: &amp#27;[32mSave 40185030-7a45-4ec8-82a7-336895c3fb44(uuid2144)
сент. 19, 2025 6:42:49 PM webapp.storage.AbstractStorage save
INFO: &amp#27;[32mSave 11e9a7cd-b68b-4108-80aa-e5a97024e4af(uuid2145)
сент. 19, 2025 6:42:49 PM webapp.storage.AbstractStorage save
INFO: &amp#27;[32mSave 5581c717-58b1-4d3a-9048-8d4f5d8d66aa(uuid2146)
сент. 19, 2025 6:42:49 PM webapp.storage.AbstractStorage save
INFO: &amp#27;[32mSave aa198c7e-1e8f-4378-a581-937e63178c4c(uuid2147)
сент. 19, 2025 6:42:49 PM webapp.storage.AbstractStorage save
INFO: &amp#27;[32mSave ed69d7cd-1d23-47a8-9cb8-be27de1154bc(uuid2148)
сент. 19, 2025 6:42:49 PM webapp.storage.AbstractStorage save
INFO: &amp#27;[32mSave 70eceb8e-d49d-412d-826b-dc3563d7639e(uuid2149)
сент. 19, 2025 6:42:49 PM webapp.storage.AbstractStorage save
INFO: &amp#27;[32mSave ded3fffe-3ecd-4e59-9f71-4ee87aee5926(uuid2150)
сент. 19, 2025 6:42:49 PM webapp.storage.AbstractStorage save
INFO: &amp#27;[32mSave 2f32bc66-adc3-46ae-bb84-8e47b546b8e8(uuid2151)
сент. 19, 2025 6:42:49 PM webapp.storage.AbstractStorage save
INFO: &amp#27;[32mSave ed980079-5c93-49eb-abad-72b67d36c121(uuid2152)
сент. 19, 2025 6:42:49 PM webapp.storage.AbstractStorage save
INFO: &amp#27;[32mSave 8a93e7b9-1d74-4423-8808-f29f0f98b78c(uuid2153)
сент. 19, 2025 6:42:49 PM webapp.storage.AbstractStorage save
INFO: &amp#27;[32mSave 4df8b7b2-2a9d-4577-a5d5-de3b870b9b7f(uuid2154)
сент. 19, 2025 6:42:49 PM webapp.storage.AbstractStorage save
INFO: &amp#27;[32mSave f2652689-504d-4a13-bf55-2cc25b557dfa(uuid2155)
сент. 19, 2025 6:42:49 PM webapp.storage.AbstractStorage save
INFO: &amp#27;[32mSave 515c4501-2ae6-4be6-bf4b-c8e95ab4ff7b(uuid2156)
сент. 19, 2025 6:42:49 PM webapp.storage.AbstractStorage save
INFO: &amp#27;[32mSave af5ad444-5512-4fe0-b0ee-4fe1eebd791b(uuid2157)
сент. 19, 2025 6:42:49 PM webapp.storage.AbstractStorage save
INFO: &amp#27;[32mSave ea4c0e77-32ea-427a-b0b0-34f023bfe208(uuid2158)
сент. 19, 2025 6:42:49 PM webapp.storage.AbstractStorage save
INFO: &amp#27;[32mSave 298d5df9-288e-4300-bd13-27ea89921d6b(uuid2159)
сент. 19, 2025 6:42:49 PM webapp.storage.AbstractStorage save
INFO: &amp#27;[32mSave 1594cbb4-84d3-4dd8-b57d-5262c358769c(uuid2160)
сент. 19, 2025 6:42:49 PM webapp.storage.AbstractStorage save
INFO: &amp#27;[32mSave 0566e16b-b386-4e9e-a87f-0dc6e153faf7(uuid2161)
сент. 19, 2025 6:42:49 PM webapp.storage.AbstractStorage save
INFO: &amp#27;[32mSave e30da89f-f562-402a-9621-6f85006da465(uuid2162)
сент. 19, 2025 6:42:49 PM webapp.storage.AbstractStorage save
INFO: &amp#27;[32mSave f03f189e-371a-4c41-ad57-5881efc11058(uuid2163)
сент. 19, 2025 6:42:49 PM webapp.storage.AbstractStorage save
INFO: &amp#27;[32mSave 0ec53699-5399-4c64-a3b5-2994e77dd487(uuid2164)
сент. 19, 2025 6:42:49 PM webapp.storage.AbstractStorage save
INFO: &amp#27;[32mSave 2a638a0c-60db-4163-a07c-0f25cc7f1d9f(uuid2165)
сент. 19, 2025 6:42:49 PM webapp.storage.AbstractStorage save
INFO: &amp#27;[32mSave 663f84a9-93d1-410b-b603-7f251af14361(uuid2166)
сент. 19, 2025 6:42:49 PM webapp.storage.AbstractStorage save
INFO: &amp#27;[32mSave 35846498-ea7c-470a-bdaf-1eb79ff3b480(uuid2167)
сент. 19, 2025 6:42:49 PM webapp.storage.AbstractStorage save
INFO: &amp#27;[32mSave c0d75b45-10fa-4392-84fa-217f324f46fd(uuid2168)
сент. 19, 2025 6:42:49 PM webapp.storage.AbstractStorage save
INFO: &amp#27;[32mSave 4a6cd028-c381-4374-a337-112ec1e131ac(uuid2169)
сент. 19, 2025 6:42:49 PM webapp.storage.AbstractStorage save
INFO: &amp#27;[32mSave 7df60dfd-b551-47ad-b287-f86295bd1724(uuid2170)
сент. 19, 2025 6:42:49 PM webapp.storage.AbstractStorage save
INFO: &amp#27;[32mSave df512189-396a-4b10-8030-6526e8404a60(uuid2171)
сент. 19, 2025 6:42:49 PM webapp.storage.AbstractStorage save
INFO: &amp#27;[32mSave 8acba784-5dcf-4596-aeef-e90cb7a0c1a7(uuid2172)
сент. 19, 2025 6:42:49 PM webapp.storage.AbstractStorage save
INFO: &amp#27;[32mSave 37573cb7-be07-44c1-aee9-f4d07d71b175(uuid2173)
сент. 19, 2025 6:42:49 PM webapp.storage.AbstractStorage save
INFO: &amp#27;[32mSave 4ccbee20-2ec5-4db2-98e9-ff43919182de(uuid2174)
сент. 19, 2025 6:42:49 PM webapp.storage.AbstractStorage save
INFO: &amp#27;[32mSave a167eed3-9849-4adf-bc63-8d65a113f191(uuid2175)
сент. 19, 2025 6:42:49 PM webapp.storage.AbstractStorage save
INFO: &amp#27;[32mSave 155184e4-ae4f-462d-88e0-cdd621a51b15(uuid2176)
сент. 19, 2025 6:42:49 PM webapp.storage.AbstractStorage save
INFO: &amp#27;[32mSave 8385ce78-e4a7-409a-8e7b-e562a21ebbc7(uuid2177)
сент. 19, 2025 6:42:49 PM webapp.storage.AbstractStorage save
INFO: &amp#27;[32mSave 881711b9-42c4-4973-b16a-89d7ed566671(uuid2178)
сент. 19, 2025 6:42:49 PM webapp.storage.AbstractStorage save
INFO: &amp#27;[32mSave da1503fa-49dd-46ff-9212-1d7461279e2f(uuid2179)
сент. 19, 2025 6:42:49 PM webapp.storage.AbstractStorage save
INFO: &amp#27;[32mSave 54dcbf83-dda5-4b3c-82b4-0883878a4637(uuid2180)
сент. 19, 2025 6:42:49 PM webapp.storage.AbstractStorage save
INFO: &amp#27;[32mSave 3b1bca06-bab8-4cc4-bf73-e71402242669(uuid2181)
сент. 19, 2025 6:42:49 PM webapp.storage.AbstractStorage save
INFO: &amp#27;[32mSave 45d1269e-6e42-4e64-bccc-bee15ee9b4e1(uuid2182)
сент. 19, 2025 6:42:49 PM webapp.storage.AbstractStorage save
INFO: &amp#27;[32mSave f682239d-70a4-45af-9520-a45d3aef3863(uuid2183)
сент. 19, 2025 6:42:49 PM webapp.storage.AbstractStorage save
INFO: &amp#27;[32mSave f3097552-bb48-4829-a5a3-bf69671ccd37(uuid2184)
сент. 19, 2025 6:42:49 PM webapp.storage.AbstractStorage save
INFO: &amp#27;[32mSave f2dcf3f8-f87d-487d-894d-d290a7bcf60a(uuid2185)
сент. 19, 2025 6:42:49 PM webapp.storage.AbstractStorage save
INFO: &amp#27;[32mSave 55355df8-f53d-407e-b158-91ab354b85a0(uuid2186)
сент. 19, 2025 6:42:49 PM webapp.storage.AbstractStorage save
INFO: &amp#27;[32mSave b395ed6f-b390-4d70-98a8-fb27ec8b29e3(uuid2187)
сент. 19, 2025 6:42:49 PM webapp.storage.AbstractStorage save
INFO: &amp#27;[32mSave bb2c6dd6-7336-4f22-9e52-7f5305bd83d3(uuid2188)
сент. 19, 2025 6:42:49 PM webapp.storage.AbstractStorage save
INFO: &amp#27;[32mSave 107b689c-53ce-430e-a4c7-d64c388487b1(uuid2189)
сент. 19, 2025 6:42:49 PM webapp.storage.AbstractStorage save
INFO: &amp#27;[32mSave 797f2d2c-3ea5-4400-a4c2-362c38853b96(uuid2190)
сент. 19, 2025 6:42:49 PM webapp.storage.AbstractStorage save
INFO: &amp#27;[32mSave 62ce9a31-b0d2-41d9-9e17-03717b83418e(uuid2191)
сент. 19, 2025 6:42:49 PM webapp.storage.AbstractStorage save
INFO: &amp#27;[32mSave 7734c4f9-7638-47e1-b9f5-a2d732258472(uuid2192)
сент. 19, 2025 6:42:49 PM webapp.storage.AbstractStorage save
INFO: &amp#27;[32mSave 55b7b357-b05d-44aa-a365-feeaddc14aee(uuid2193)
сент. 19, 2025 6:42:49 PM webapp.storage.AbstractStorage save
INFO: &amp#27;[32mSave 066f1d69-3bba-4296-8e1a-d3ee63a82e5b(uuid2194)
сент. 19, 2025 6:42:49 PM webapp.storage.AbstractStorage save
INFO: &amp#27;[32mSave 5af8dc92-7fda-4cd3-b2ad-7a5e9c999aa0(uuid2195)
сент. 19, 2025 6:42:49 PM webapp.storage.AbstractStorage save
INFO: &amp#27;[32mSave 9b348643-b999-44ab-83d5-dd94e6d1b250(uuid2196)
сент. 19, 2025 6:42:49 PM webapp.storage.AbstractStorage save
INFO: &amp#27;[32mSave 603e37d3-2edb-4f2c-a6c6-8787964c58c6(uuid2197)
сент. 19, 2025 6:42:49 PM webapp.storage.AbstractStorage save
INFO: &amp#27;[32mSave 929f95a1-3aa2-407e-9fcc-2881f14bd261(uuid2198)
сент. 19, 2025 6:42:49 PM webapp.storage.AbstractStorage save
INFO: &amp#27;[32mSave c0db4a26-4231-4a0a-aee6-7908af68db8f(uuid2199)
сент. 19, 2025 6:42:49 PM webapp.storage.AbstractStorage save
INFO: &amp#27;[32mSave e30aaa96-42ec-47f1-a77a-9b916748dfa4(uuid2200)
сент. 19, 2025 6:42:49 PM webapp.storage.AbstractStorage save
INFO: &amp#27;[32mSave 22034301-f386-4558-b818-35451ca42d65(uuid2201)
сент. 19, 2025 6:42:49 PM webapp.storage.AbstractStorage save
INFO: &amp#27;[32mSave 6ec8bff3-b160-4f47-8b25-847cc6682b33(uuid2202)
сент. 19, 2025 6:42:49 PM webapp.storage.AbstractStorage save
INFO: &amp#27;[32mSave 9c874035-e258-4308-9fce-11dd18940e30(uuid2203)
сент. 19, 2025 6:42:49 PM webapp.storage.AbstractStorage save
INFO: &amp#27;[32mSave 0b321a13-2cd5-4095-95d1-5448291552c7(uuid2204)
сент. 19, 2025 6:42:49 PM webapp.storage.AbstractStorage save
INFO: &amp#27;[32mSave 1bf28e81-c319-46be-8948-b888992e4294(uuid2205)
сент. 19, 2025 6:42:49 PM webapp.storage.AbstractStorage save
INFO: &amp#27;[32mSave aa8da083-d699-4dd7-8115-8b763bcb3f1d(uuid2206)
сент. 19, 2025 6:42:49 PM webapp.storage.AbstractStorage save
INFO: &amp#27;[32mSave 28ecf329-c677-4d9c-a06e-5102030851f6(uuid2207)
сент. 19, 2025 6:42:49 PM webapp.storage.AbstractStorage save
INFO: &amp#27;[32mSave 1b43eedb-a8c5-46d9-9d6d-cde7407bc729(uuid2208)
сент. 19, 2025 6:42:49 PM webapp.storage.AbstractStorage save
INFO: &amp#27;[32mSave 58422476-162a-4d55-b559-36588f0e2553(uuid2209)
сент. 19, 2025 6:42:49 PM webapp.storage.AbstractStorage save
INFO: &amp#27;[32mSave a7ea6fa7-c0ad-4e5e-95f5-7ab342fb0cbe(uuid2210)
сент. 19, 2025 6:42:49 PM webapp.storage.AbstractStorage save
INFO: &amp#27;[32mSave 462ff534-2828-48d9-8a13-3029c471fc71(uuid2211)
сент. 19, 2025 6:42:49 PM webapp.storage.AbstractStorage save
INFO: &amp#27;[32mSave e20a393d-7aff-44dd-81ed-6bd38cd16f9f(uuid2212)
сент. 19, 2025 6:42:49 PM webapp.storage.AbstractStorage save
INFO: &amp#27;[32mSave 7db19828-f480-4ddb-8dee-10f2e761f43b(uuid2213)
сент. 19, 2025 6:42:49 PM webapp.storage.AbstractStorage save
INFO: &amp#27;[32mSave f0534474-0a55-4b2b-8176-131932ea1a05(uuid2214)
сент. 19, 2025 6:42:49 PM webapp.storage.AbstractStorage save
INFO: &amp#27;[32mSave 0498e3a1-3285-47bd-af04-a5601c99a495(uuid2215)
сент. 19, 2025 6:42:49 PM webapp.storage.AbstractStorage save
INFO: &amp#27;[32mSave d6d29c32-d4d4-43a2-b74a-bf2142069a80(uuid2216)
сент. 19, 2025 6:42:49 PM webapp.storage.AbstractStorage save
INFO: &amp#27;[32mSave 24617c90-13fd-40c8-8f08-60b853dca36c(uuid2217)
сент. 19, 2025 6:42:49 PM webapp.storage.AbstractStorage save
INFO: &amp#27;[32mSave 1e924cf7-7963-4c4e-844d-6cc6f40b0143(uuid2218)
сент. 19, 2025 6:42:49 PM webapp.storage.AbstractStorage save
INFO: &amp#27;[32mSave ffce7c1f-c609-4be0-afb1-f2c02c903ffd(uuid2219)
сент. 19, 2025 6:42:49 PM webapp.storage.AbstractStorage save
INFO: &amp#27;[32mSave 263ed744-a609-44b3-bc96-b3fdc77a1234(uuid2220)
сент. 19, 2025 6:42:49 PM webapp.storage.AbstractStorage save
INFO: &amp#27;[32mSave f5974bd1-813a-459e-89ab-fdc397406a01(uuid2221)
сент. 19, 2025 6:42:49 PM webapp.storage.AbstractStorage save
INFO: &amp#27;[32mSave 9eb8124e-9608-44c0-850f-416d4f8d2618(uuid2222)
сент. 19, 2025 6:42:49 PM webapp.storage.AbstractStorage save
INFO: &amp#27;[32mSave 5ee947e5-91ab-4ca0-8d37-a41a55555a0d(uuid2223)
сент. 19, 2025 6:42:49 PM webapp.storage.AbstractStorage save
INFO: &amp#27;[32mSave 9cd26bca-c985-4ff7-8263-4a7d04b66c1f(uuid2224)
сент. 19, 2025 6:42:49 PM webapp.storage.AbstractStorage save
INFO: &amp#27;[32mSave 61eec54a-9923-494f-af02-e804ae2af819(uuid2225)
сент. 19, 2025 6:42:49 PM webapp.storage.AbstractStorage save
INFO: &amp#27;[32mSave be860976-1e54-4d4d-970c-d9b05fa0b30e(uuid2226)
сент. 19, 2025 6:42:49 PM webapp.storage.AbstractStorage save
INFO: &amp#27;[32mSave 97b614f1-e00f-40b2-a834-53edc21ee5b0(uuid2227)
сент. 19, 2025 6:42:49 PM webapp.storage.AbstractStorage save
INFO: &amp#27;[32mSave ff2e7b70-16cd-44ad-bc51-99e77e2a18b5(uuid2228)
сент. 19, 2025 6:42:49 PM webapp.storage.AbstractStorage save
INFO: &amp#27;[32mSave 7e9f276a-4182-4f54-934b-02be6a740412(uuid2229)
сент. 19, 2025 6:42:49 PM webapp.storage.AbstractStorage save
INFO: &amp#27;[32mSave 812c51a2-2a52-4f3f-828d-76055d8faf60(uuid2230)
сент. 19, 2025 6:42:49 PM webapp.storage.AbstractStorage save
INFO: &amp#27;[32mSave cb350709-062d-4e3b-8ebd-29eb3da7b35a(uuid2231)
сент. 19, 2025 6:42:49 PM webapp.storage.AbstractStorage save
INFO: &amp#27;[32mSave d436c79c-fb21-4eea-9309-8c280e1542b0(uuid2232)
сент. 19, 2025 6:42:49 PM webapp.storage.AbstractStorage save
INFO: &amp#27;[32mSave cc8823b6-9e4e-4cd8-8219-9ab048193689(uuid2233)
сент. 19, 2025 6:42:49 PM webapp.storage.AbstractStorage save
INFO: &amp#27;[32mSave 48fdb035-96d9-40ef-86ec-b1bca2eeb4e4(uuid2234)
сент. 19, 2025 6:42:49 PM webapp.storage.AbstractStorage save
INFO: &amp#27;[32mSave 62397ca7-fef2-436b-b738-d41c9c8f06a6(uuid2235)
сент. 19, 2025 6:42:49 PM webapp.storage.AbstractStorage save
INFO: &amp#27;[32mSave 1036a5b2-e505-4692-88b7-1d260e142552(uuid2236)
сент. 19, 2025 6:42:49 PM webapp.storage.AbstractStorage save
INFO: &amp#27;[32mSave ba980693-66c8-4dd6-bb4e-790c77a24ddc(uuid2237)
сент. 19, 2025 6:42:49 PM webapp.storage.AbstractStorage save
INFO: &amp#27;[32mSave 0b450785-0dba-4013-bd05-b7142182c346(uuid2238)
сент. 19, 2025 6:42:49 PM webapp.storage.AbstractStorage save
INFO: &amp#27;[32mSave a52578e4-16c1-45bd-890c-a2203fce8ad7(uuid2239)
сент. 19, 2025 6:42:49 PM webapp.storage.AbstractStorage save
INFO: &amp#27;[32mSave 30ed2674-bb0d-4998-933d-235dfb924603(uuid2240)
сент. 19, 2025 6:42:49 PM webapp.storage.AbstractStorage save
INFO: &amp#27;[32mSave 148e53f9-d20d-4dab-a6eb-1dd8f451acd6(uuid2241)
сент. 19, 2025 6:42:49 PM webapp.storage.AbstractStorage save
INFO: &amp#27;[32mSave 28026e10-5d7e-46cb-9de0-1fdb40e358a2(uuid2242)
сент. 19, 2025 6:42:49 PM webapp.storage.AbstractStorage save
INFO: &amp#27;[32mSave fcba4b3e-d689-415b-8655-76ce9310a1ee(uuid2243)
сент. 19, 2025 6:42:49 PM webapp.storage.AbstractStorage save
INFO: &amp#27;[32mSave c63b030c-82ad-485d-8e95-0e9ac642060e(uuid2244)
сент. 19, 2025 6:42:49 PM webapp.storage.AbstractStorage save
INFO: &amp#27;[32mSave b5531b1e-51c4-41f4-ba36-237c9c747e02(uuid2245)
сент. 19, 2025 6:42:49 PM webapp.storage.AbstractStorage save
INFO: &amp#27;[32mSave 4de23521-9b77-4719-8857-9bba9a2614f5(uuid2246)
сент. 19, 2025 6:42:49 PM webapp.storage.AbstractStorage save
INFO: &amp#27;[32mSave 64998479-90bf-4f67-b1b5-617923812788(uuid2247)
сент. 19, 2025 6:42:49 PM webapp.storage.AbstractStorage save
INFO: &amp#27;[32mSave 2746ef23-9826-4a7c-afc9-1544b8cc0b92(uuid2248)
сент. 19, 2025 6:42:49 PM webapp.storage.AbstractStorage save
INFO: &amp#27;[32mSave f8133e26-792a-4d58-9356-1f62f81f48e9(uuid2249)
сент. 19, 2025 6:42:49 PM webapp.storage.AbstractStorage save
INFO: &amp#27;[32mSave 6b47c103-328a-414a-b8b5-1b1a0f14891e(uuid2250)
сент. 19, 2025 6:42:49 PM webapp.storage.AbstractStorage save
INFO: &amp#27;[32mSave d99ca22a-50e4-4e67-8818-d994ea97b819(uuid2251)
сент. 19, 2025 6:42:49 PM webapp.storage.AbstractStorage save
INFO: &amp#27;[32mSave 46af519c-676d-486b-aa8b-c69a444f64db(uuid2252)
сент. 19, 2025 6:42:49 PM webapp.storage.AbstractStorage save
INFO: &amp#27;[32mSave 41bc298c-06db-4396-80d7-0853f67aa05e(uuid2253)
сент. 19, 2025 6:42:49 PM webapp.storage.AbstractStorage save
INFO: &amp#27;[32mSave d288addf-f8d8-4d70-afce-5aba6ae187e8(uuid2254)
сент. 19, 2025 6:42:49 PM webapp.storage.AbstractStorage save
INFO: &amp#27;[32mSave 5494ddaf-6bca-4395-b0be-cfbc9650b7f5(uuid2255)
сент. 19, 2025 6:42:49 PM webapp.storage.AbstractStorage save
INFO: &amp#27;[32mSave 6b769ca2-3ab0-4463-b064-4c9b88f2c503(uuid2256)
сент. 19, 2025 6:42:49 PM webapp.storage.AbstractStorage save
INFO: &amp#27;[32mSave 7c924385-dbce-453f-b880-435ad4946100(uuid2257)
сент. 19, 2025 6:42:49 PM webapp.storage.AbstractStorage save
INFO: &amp#27;[32mSave eef37659-4e37-4a8c-a42c-fce289fa36cb(uuid2258)
сент. 19, 2025 6:42:49 PM webapp.storage.AbstractStorage save
INFO: &amp#27;[32mSave 75707e4a-0e45-4965-845a-71c8f908e954(uuid2259)
сент. 19, 2025 6:42:49 PM webapp.storage.AbstractStorage save
INFO: &amp#27;[32mSave 9a5daf27-ab1b-400f-aeda-2e03166fcdcf(uuid2260)
сент. 19, 2025 6:42:49 PM webapp.storage.AbstractStorage save
INFO: &amp#27;[32mSave 2ed8783f-756e-402a-bdfb-109b0b03cd0a(uuid2261)
сент. 19, 2025 6:42:49 PM webapp.storage.AbstractStorage save
INFO: &amp#27;[32mSave ab288c83-f698-4382-a223-99bfd8b1eaf5(uuid2262)
сент. 19, 2025 6:42:49 PM webapp.storage.AbstractStorage save
INFO: &amp#27;[32mSave 23966aac-2e25-4e51-8c74-b14c4a9b4f22(uuid2263)
сент. 19, 2025 6:42:49 PM webapp.storage.AbstractStorage save
INFO: &amp#27;[32mSave e263bd4e-08cd-40bd-bcf3-64e0f9d07e98(uuid2264)
сент. 19, 2025 6:42:49 PM webapp.storage.AbstractStorage save
INFO: &amp#27;[32mSave fc4be45c-49f5-45ee-9987-b8d19d42e92d(uuid2265)
сент. 19, 2025 6:42:49 PM webapp.storage.AbstractStorage save
INFO: &amp#27;[32mSave 38aa6dda-7a66-429f-b39e-7e810b971749(uuid2266)
сент. 19, 2025 6:42:49 PM webapp.storage.AbstractStorage save
INFO: &amp#27;[32mSave 43a364ae-89a9-4874-aafa-833e6d9cb1fe(uuid2267)
сент. 19, 2025 6:42:49 PM webapp.storage.AbstractStorage save
INFO: &amp#27;[32mSave 4303147d-2cf5-48a2-9660-ac7fea6b0d76(uuid2268)
сент. 19, 2025 6:42:49 PM webapp.storage.AbstractStorage save
INFO: &amp#27;[32mSave b8e16652-a834-43dd-a7a2-c853a7480b96(uuid2269)
сент. 19, 2025 6:42:49 PM webapp.storage.AbstractStorage save
INFO: &amp#27;[32mSave 7c3f1a01-5519-4778-94dd-3ea854a1d6d7(uuid2270)
сент. 19, 2025 6:42:49 PM webapp.storage.AbstractStorage save
INFO: &amp#27;[32mSave f88356a4-338a-428c-8580-4f1745c8d16e(uuid2271)
сент. 19, 2025 6:42:49 PM webapp.storage.AbstractStorage save
INFO: &amp#27;[32mSave f48bf8f6-9c76-4513-9cdb-be6e01dc6170(uuid2272)
сент. 19, 2025 6:42:49 PM webapp.storage.AbstractStorage save
INFO: &amp#27;[32mSave 98ce2151-dcc9-48a1-9567-194557a0d6c9(uuid2273)
сент. 19, 2025 6:42:49 PM webapp.storage.AbstractStorage save
INFO: &amp#27;[32mSave f7e42e07-6f5b-4b97-b681-2e378d56aa59(uuid2274)
сент. 19, 2025 6:42:49 PM webapp.storage.AbstractStorage save
INFO: &amp#27;[32mSave 2fe22d5c-e706-4165-b021-b20516076539(uuid2275)
сент. 19, 2025 6:42:49 PM webapp.storage.AbstractStorage save
INFO: &amp#27;[32mSave c9e0dc18-a120-4f8d-bf73-f5dcc329660d(uuid2276)
сент. 19, 2025 6:42:49 PM webapp.storage.AbstractStorage save
INFO: &amp#27;[32mSave 2045966f-4830-4666-8afc-33dd0ee17d73(uuid2277)
сент. 19, 2025 6:42:49 PM webapp.storage.AbstractStorage save
INFO: &amp#27;[32mSave 3f31be96-1a8f-43d1-ab11-52514cf05847(uuid2278)
сент. 19, 2025 6:42:49 PM webapp.storage.AbstractStorage save
INFO: &amp#27;[32mSave 2006173d-3fac-4762-988d-54302099415a(uuid2279)
сент. 19, 2025 6:42:49 PM webapp.storage.AbstractStorage save
INFO: &amp#27;[32mSave 35a51a23-7367-469d-be36-d243197509d7(uuid2280)
сент. 19, 2025 6:42:49 PM webapp.storage.AbstractStorage save
INFO: &amp#27;[32mSave 84885c3f-a578-4181-8658-5d52213a1e6f(uuid2281)
сент. 19, 2025 6:42:49 PM webapp.storage.AbstractStorage save
INFO: &amp#27;[32mSave 0c3b5a46-8e35-435e-babe-be7e3c9504da(uuid2282)
сент. 19, 2025 6:42:49 PM webapp.storage.AbstractStorage save
INFO: &amp#27;[32mSave 194ab165-a418-46f5-93ea-e3d0c2064ba3(uuid2283)
сент. 19, 2025 6:42:49 PM webapp.storage.AbstractStorage save
INFO: &amp#27;[32mSave 13b2cab6-c7b8-4b88-bb1c-049413bbc4b7(uuid2284)
сент. 19, 2025 6:42:49 PM webapp.storage.AbstractStorage save
INFO: &amp#27;[32mSave 9ff69f35-ec43-41ee-8a8d-9f519d2b59ba(uuid2285)
сент. 19, 2025 6:42:49 PM webapp.storage.AbstractStorage save
INFO: &amp#27;[32mSave 3244c05e-405b-4ba6-a56e-163e565ad426(uuid2286)
сент. 19, 2025 6:42:49 PM webapp.storage.AbstractStorage save
INFO: &amp#27;[32mSave 1b91d136-edf4-4ace-a9dc-9f9e5793295d(uuid2287)
сент. 19, 2025 6:42:49 PM webapp.storage.AbstractStorage save
INFO: &amp#27;[32mSave 9c2f8600-b81a-4130-848b-9b90298ea6b1(uuid2288)
сент. 19, 2025 6:42:49 PM webapp.storage.AbstractStorage save
INFO: &amp#27;[32mSave 42667183-9694-4d05-9937-a99b28798bce(uuid2289)
сент. 19, 2025 6:42:49 PM webapp.storage.AbstractStorage save
INFO: &amp#27;[32mSave 0d3e67fc-da7d-4d81-a3a0-1d43ef15c764(uuid2290)
сент. 19, 2025 6:42:49 PM webapp.storage.AbstractStorage save
INFO: &amp#27;[32mSave d4d3e3d5-5e30-471b-b364-cac8f3773544(uuid2291)
сент. 19, 2025 6:42:49 PM webapp.storage.AbstractStorage save
INFO: &amp#27;[32mSave 1c625629-2532-497a-8a0b-7e29a89047a1(uuid2292)
сент. 19, 2025 6:42:49 PM webapp.storage.AbstractStorage save
INFO: &amp#27;[32mSave af8acef2-7cff-4f86-ab81-ab65e0eb7055(uuid2293)
сент. 19, 2025 6:42:49 PM webapp.storage.AbstractStorage save
INFO: &amp#27;[32mSave b59b22fd-eec4-4cbb-a75e-d2e3de53136a(uuid2294)
сент. 19, 2025 6:42:49 PM webapp.storage.AbstractStorage save
INFO: &amp#27;[32mSave 84321de3-7cbd-4702-806a-939759d4e0b2(uuid2295)
сент. 19, 2025 6:42:49 PM webapp.storage.AbstractStorage save
INFO: &amp#27;[32mSave f3416192-6f0c-47df-9453-9b3e2cb24b67(uuid2296)
сент. 19, 2025 6:42:49 PM webapp.storage.AbstractStorage save
INFO: &amp#27;[32mSave c426c702-f9cb-4031-b919-c32659128c8d(uuid2297)
сент. 19, 2025 6:42:49 PM webapp.storage.AbstractStorage save
INFO: &amp#27;[32mSave 29ad7bdb-d1e9-4126-9a8a-432b36ce0ae0(uuid2298)
сент. 19, 2025 6:42:49 PM webapp.storage.AbstractStorage save
INFO: &amp#27;[32mSave 5ec3f7c7-cd7a-4709-befc-0d11f1e076a7(uuid2299)
сент. 19, 2025 6:42:49 PM webapp.storage.AbstractStorage save
INFO: &amp#27;[32mSave 74d7668b-52ec-42d6-8d25-1cc8286a9d96(uuid2300)
сент. 19, 2025 6:42:49 PM webapp.storage.AbstractStorage save
INFO: &amp#27;[32mSave 715a98ae-3276-4027-b1a1-23ec411ea53c(uuid2301)
сент. 19, 2025 6:42:49 PM webapp.storage.AbstractStorage save
INFO: &amp#27;[32mSave 928fb5e4-893b-4019-ad6a-b9d16d90ad29(uuid2302)
сент. 19, 2025 6:42:49 PM webapp.storage.AbstractStorage save
INFO: &amp#27;[32mSave 2fe4c295-8062-4096-9a08-8db2600b3632(uuid2303)
сент. 19, 2025 6:42:49 PM webapp.storage.AbstractStorage save
INFO: &amp#27;[32mSave 15773064-b325-4a0d-86c3-3d200a2e2b7c(uuid2304)
сент. 19, 2025 6:42:49 PM webapp.storage.AbstractStorage save
INFO: &amp#27;[32mSave 27729cc7-0ec5-4b56-af2e-660737216d9d(uuid2305)
сент. 19, 2025 6:42:49 PM webapp.storage.AbstractStorage save
INFO: &amp#27;[32mSave 8f8aa10d-1b9c-4842-873f-349cd66ff902(uuid2306)
сент. 19, 2025 6:42:49 PM webapp.storage.AbstractStorage save
INFO: &amp#27;[32mSave 6e186cde-a053-4076-8500-caf74f69e222(uuid2307)
сент. 19, 2025 6:42:49 PM webapp.storage.AbstractStorage save
INFO: &amp#27;[32mSave 9be754ea-05d0-4403-b959-b4506ac0da2c(uuid2308)
сент. 19, 2025 6:42:49 PM webapp.storage.AbstractStorage save
INFO: &amp#27;[32mSave 0e49a527-c3a8-4b6b-a537-31c7a09be9dc(uuid2309)
сент. 19, 2025 6:42:49 PM webapp.storage.AbstractStorage save
INFO: &amp#27;[32mSave b244618d-616f-4ecb-bde9-568ac76f6b7d(uuid2310)
сент. 19, 2025 6:42:49 PM webapp.storage.AbstractStorage save
INFO: &amp#27;[32mSave 451beb3d-548f-4292-a961-ec13a04ea3e1(uuid2311)
сент. 19, 2025 6:42:49 PM webapp.storage.AbstractStorage save
INFO: &amp#27;[32mSave 8974ccf2-ca9f-4561-9be2-be0b68421079(uuid2312)
сент. 19, 2025 6:42:49 PM webapp.storage.AbstractStorage save
INFO: &amp#27;[32mSave da0d431d-22c0-425a-a8ff-a0c73be3ea7f(uuid2313)
сент. 19, 2025 6:42:49 PM webapp.storage.AbstractStorage save
INFO: &amp#27;[32mSave 77fbd029-90bf-4296-941e-fe35deffd31a(uuid2314)
сент. 19, 2025 6:42:49 PM webapp.storage.AbstractStorage save
INFO: &amp#27;[32mSave 6e583303-655f-432c-bda4-29184a5f4250(uuid2315)
сент. 19, 2025 6:42:49 PM webapp.storage.AbstractStorage save
INFO: &amp#27;[32mSave 306fec4d-007a-4982-9da8-936df46b5200(uuid2316)
сент. 19, 2025 6:42:49 PM webapp.storage.AbstractStorage save
INFO: &amp#27;[32mSave f35efc7c-877d-4e7e-8e60-3d4713f55861(uuid2317)
сент. 19, 2025 6:42:49 PM webapp.storage.AbstractStorage save
INFO: &amp#27;[32mSave 5847552f-9268-446b-b2e8-89ee2dfb28dc(uuid2318)
сент. 19, 2025 6:42:49 PM webapp.storage.AbstractStorage save
INFO: &amp#27;[32mSave e81f9fc8-a87f-4cc8-82cb-cf80562a7f81(uuid2319)
сент. 19, 2025 6:42:49 PM webapp.storage.AbstractStorage save
INFO: &amp#27;[32mSave 32df2d2d-6409-4fb6-8b8d-a669e9babe79(uuid2320)
сент. 19, 2025 6:42:49 PM webapp.storage.AbstractStorage save
INFO: &amp#27;[32mSave 19cef71a-3103-4d1c-b67c-c42d77984549(uuid2321)
сент. 19, 2025 6:42:49 PM webapp.storage.AbstractStorage save
INFO: &amp#27;[32mSave 3bb119ea-ab37-4f92-a5eb-c6333d024138(uuid2322)
сент. 19, 2025 6:42:49 PM webapp.storage.AbstractStorage save
INFO: &amp#27;[32mSave a8920bab-3d31-45aa-8e02-3cc1a0721c61(uuid2323)
сент. 19, 2025 6:42:49 PM webapp.storage.AbstractStorage save
INFO: &amp#27;[32mSave 7d90bd9e-b9a8-46fd-a339-0f741de016d5(uuid2324)
сент. 19, 2025 6:42:49 PM webapp.storage.AbstractStorage save
INFO: &amp#27;[32mSave 79940c0d-6896-4c50-ad7d-da629148bfc7(uuid2325)
сент. 19, 2025 6:42:49 PM webapp.storage.AbstractStorage save
INFO: &amp#27;[32mSave 574dac4b-d233-47d8-8e99-c8e9d2a7fa1c(uuid2326)
сент. 19, 2025 6:42:49 PM webapp.storage.AbstractStorage save
INFO: &amp#27;[32mSave 7e914d40-ee34-4848-9842-59c0e8904cd4(uuid2327)
сент. 19, 2025 6:42:49 PM webapp.storage.AbstractStorage save
INFO: &amp#27;[32mSave b58aca46-16df-4d11-8963-3d410b074041(uuid2328)
сент. 19, 2025 6:42:49 PM webapp.storage.AbstractStorage save
INFO: &amp#27;[32mSave 119f48fc-496c-4047-b02b-2d6263fe1b2f(uuid2329)
сент. 19, 2025 6:42:49 PM webapp.storage.AbstractStorage save
INFO: &amp#27;[32mSave 374b3d6c-d2c5-43db-9771-6edeee04e06a(uuid2330)
сент. 19, 2025 6:42:49 PM webapp.storage.AbstractStorage save
INFO: &amp#27;[32mSave e75e7406-0d8b-4ad7-835d-1dfabda1664e(uuid2331)
сент. 19, 2025 6:42:49 PM webapp.storage.AbstractStorage save
INFO: &amp#27;[32mSave 6dd9e2fb-7ce9-47b5-ac98-e712e38e34a0(uuid2332)
сент. 19, 2025 6:42:49 PM webapp.storage.AbstractStorage save
INFO: &amp#27;[32mSave 25277e4b-3ba5-4ba9-a5ba-ec6a2e2930e3(uuid2333)
сент. 19, 2025 6:42:49 PM webapp.storage.AbstractStorage save
INFO: &amp#27;[32mSave ba222883-6d59-4943-8195-dad246e03085(uuid2334)
сент. 19, 2025 6:42:49 PM webapp.storage.AbstractStorage save
INFO: &amp#27;[32mSave 65bb5176-ec75-4974-bff0-37938252fc07(uuid2335)
сент. 19, 2025 6:42:49 PM webapp.storage.AbstractStorage save
INFO: &amp#27;[32mSave e9c9e083-0051-43df-acee-9ea76b00be89(uuid2336)
сент. 19, 2025 6:42:49 PM webapp.storage.AbstractStorage save
INFO: &amp#27;[32mSave ddd802a3-b2fb-404f-9def-f8dcedaafd14(uuid2337)
сент. 19, 2025 6:42:49 PM webapp.storage.AbstractStorage save
INFO: &amp#27;[32mSave 30216a6a-4a6a-448d-9cce-d817fda7de9f(uuid2338)
сент. 19, 2025 6:42:49 PM webapp.storage.AbstractStorage save
INFO: &amp#27;[32mSave 8336b5a8-f147-431b-a19d-db5088b40962(uuid2339)
сент. 19, 2025 6:42:49 PM webapp.storage.AbstractStorage save
INFO: &amp#27;[32mSave ab037c64-92c5-4b82-854a-4a07b306c6c4(uuid2340)
сент. 19, 2025 6:42:49 PM webapp.storage.AbstractStorage save
INFO: &amp#27;[32mSave 8c9af130-fb3f-40ef-8fc6-b2906d1399aa(uuid2341)
сент. 19, 2025 6:42:49 PM webapp.storage.AbstractStorage save
INFO: &amp#27;[32mSave 2e4c28cd-96d3-4625-bbee-c95b8c259ce5(uuid2342)
сент. 19, 2025 6:42:49 PM webapp.storage.AbstractStorage save
INFO: &amp#27;[32mSave 6f256a78-1bb3-459f-9a8e-568b22c3e521(uuid2343)
сент. 19, 2025 6:42:49 PM webapp.storage.AbstractStorage save
INFO: &amp#27;[32mSave c2c614f7-ffb5-4e13-a6b1-4d3670e0def1(uuid2344)
сент. 19, 2025 6:42:49 PM webapp.storage.AbstractStorage save
INFO: &amp#27;[32mSave f9d12974-026e-46e5-9fec-7a63b1afc2fe(uuid2345)
сент. 19, 2025 6:42:49 PM webapp.storage.AbstractStorage save
INFO: &amp#27;[32mSave 43868e86-c881-4d37-84ea-4e80a4951fcf(uuid2346)
сент. 19, 2025 6:42:49 PM webapp.storage.AbstractStorage save
INFO: &amp#27;[32mSave bac33445-c376-41a4-9ec3-f07383d5fc8a(uuid2347)
сент. 19, 2025 6:42:49 PM webapp.storage.AbstractStorage save
INFO: &amp#27;[32mSave 849b49fc-5789-4e7c-b71b-e38dceaa35cc(uuid2348)
сент. 19, 2025 6:42:49 PM webapp.storage.AbstractStorage save
INFO: &amp#27;[32mSave 5325a606-a570-4203-9c04-fc1cab0ebe18(uuid2349)
сент. 19, 2025 6:42:49 PM webapp.storage.AbstractStorage save
INFO: &amp#27;[32mSave a234f921-1671-4ad3-b051-97d0312e0271(uuid2350)
сент. 19, 2025 6:42:49 PM webapp.storage.AbstractStorage save
INFO: &amp#27;[32mSave e7cd3b55-c860-4ecd-bcd9-2554ff55229d(uuid2351)
сент. 19, 2025 6:42:49 PM webapp.storage.AbstractStorage save
INFO: &amp#27;[32mSave e5af1e09-a36e-4918-a75c-243487159132(uuid2352)
сент. 19, 2025 6:42:49 PM webapp.storage.AbstractStorage save
INFO: &amp#27;[32mSave 2b71e1eb-5411-4c7c-9900-e9d85e998201(uuid2353)
сент. 19, 2025 6:42:49 PM webapp.storage.AbstractStorage save
INFO: &amp#27;[32mSave 8636bc71-4006-4a54-ac3e-c4c53100a41a(uuid2354)
сент. 19, 2025 6:42:49 PM webapp.storage.AbstractStorage save
INFO: &amp#27;[32mSave 8558eefe-c65e-4963-ad5a-b1cc566d8915(uuid2355)
сент. 19, 2025 6:42:49 PM webapp.storage.AbstractStorage save
INFO: &amp#27;[32mSave db83f620-16e3-451e-a17e-b84154ac561b(uuid2356)
сент. 19, 2025 6:42:49 PM webapp.storage.AbstractStorage save
INFO: &amp#27;[32mSave 97c1c0d1-660d-41ea-8a56-fa67172bdae3(uuid2357)
сент. 19, 2025 6:42:49 PM webapp.storage.AbstractStorage save
INFO: &amp#27;[32mSave 02122a26-5bd6-4c57-8235-25bed73be482(uuid2358)
сент. 19, 2025 6:42:49 PM webapp.storage.AbstractStorage save
INFO: &amp#27;[32mSave 29c924a5-65a5-4286-b7e2-0836f391bb1a(uuid2359)
сент. 19, 2025 6:42:49 PM webapp.storage.AbstractStorage save
INFO: &amp#27;[32mSave e31a3f1f-7270-4461-ab27-68444f4c3dbf(uuid2360)
сент. 19, 2025 6:42:49 PM webapp.storage.AbstractStorage save
INFO: &amp#27;[32mSave 40d92348-c81c-4c0e-b932-0b96ea1cd322(uuid2361)
сент. 19, 2025 6:42:49 PM webapp.storage.AbstractStorage save
INFO: &amp#27;[32mSave 463cc694-11d5-4465-8ac3-befc4fa04a0c(uuid2362)
сент. 19, 2025 6:42:49 PM webapp.storage.AbstractStorage save
INFO: &amp#27;[32mSave 1d14864b-6256-43f2-aa73-9b526c906f27(uuid2363)
сент. 19, 2025 6:42:49 PM webapp.storage.AbstractStorage save
INFO: &amp#27;[32mSave de367732-582c-48e5-9666-2c7792286a18(uuid2364)
сент. 19, 2025 6:42:49 PM webapp.storage.AbstractStorage save
INFO: &amp#27;[32mSave bb1b40d8-8f2c-4823-9321-7bc1d871995e(uuid2365)
сент. 19, 2025 6:42:49 PM webapp.storage.AbstractStorage save
INFO: &amp#27;[32mSave 0b970242-774b-4518-8bc3-4e1a5c132ff7(uuid2366)
сент. 19, 2025 6:42:49 PM webapp.storage.AbstractStorage save
INFO: &amp#27;[32mSave 28559c67-4f42-463c-bd90-215682c99617(uuid2367)
сент. 19, 2025 6:42:49 PM webapp.storage.AbstractStorage save
INFO: &amp#27;[32mSave 1dbfe560-2a09-403e-83df-654d8eedfd8c(uuid2368)
сент. 19, 2025 6:42:49 PM webapp.storage.AbstractStorage save
INFO: &amp#27;[32mSave fe575195-0505-4557-9e8f-046ac2ffd5bf(uuid2369)
сент. 19, 2025 6:42:49 PM webapp.storage.AbstractStorage save
INFO: &amp#27;[32mSave 4cc2b4b3-839b-43c5-86c2-794ce91d485e(uuid2370)
сент. 19, 2025 6:42:49 PM webapp.storage.AbstractStorage save
INFO: &amp#27;[32mSave f1619018-84de-4837-903b-241798f4956a(uuid2371)
сент. 19, 2025 6:42:49 PM webapp.storage.AbstractStorage save
INFO: &amp#27;[32mSave da0ac5db-6e87-449e-983c-8986f8655db6(uuid2372)
сент. 19, 2025 6:42:49 PM webapp.storage.AbstractStorage save
INFO: &amp#27;[32mSave 8be05ef9-9fc9-42e9-be24-5867fb4befa7(uuid2373)
сент. 19, 2025 6:42:49 PM webapp.storage.AbstractStorage save
INFO: &amp#27;[32mSave e6c4055b-8df2-48e9-8bf4-320d402bfffb(uuid2374)
сент. 19, 2025 6:42:49 PM webapp.storage.AbstractStorage save
INFO: &amp#27;[32mSave 68b62c55-8e8e-4b3b-9692-0c5e10202c37(uuid2375)
сент. 19, 2025 6:42:49 PM webapp.storage.AbstractStorage save
INFO: &amp#27;[32mSave 6362bc32-196a-4229-b000-47c37383af35(uuid2376)
сент. 19, 2025 6:42:49 PM webapp.storage.AbstractStorage save
INFO: &amp#27;[32mSave ddd0cbc6-4db2-4a4c-818a-d7ee080b6462(uuid2377)
сент. 19, 2025 6:42:49 PM webapp.storage.AbstractStorage save
INFO: &amp#27;[32mSave 99e17141-5989-448d-b178-aa66f599a784(uuid2378)
сент. 19, 2025 6:42:49 PM webapp.storage.AbstractStorage save
INFO: &amp#27;[32mSave c34f36e2-43a4-42bd-a51a-64fb14ac066c(uuid2379)
сент. 19, 2025 6:42:49 PM webapp.storage.AbstractStorage save
INFO: &amp#27;[32mSave 0bf8ba65-e947-4735-946e-15eee9c3995a(uuid2380)
сент. 19, 2025 6:42:49 PM webapp.storage.AbstractStorage save
INFO: &amp#27;[32mSave 369656f8-d8ae-488d-9062-f53e49e7a87e(uuid2381)
сент. 19, 2025 6:42:49 PM webapp.storage.AbstractStorage save
INFO: &amp#27;[32mSave 97ec483a-ab05-4623-b77d-094f10743263(uuid2382)
сент. 19, 2025 6:42:49 PM webapp.storage.AbstractStorage save
INFO: &amp#27;[32mSave 354f3a83-df86-4e1e-8eca-ee2db7b09c3a(uuid2383)
сент. 19, 2025 6:42:49 PM webapp.storage.AbstractStorage save
INFO: &amp#27;[32mSave bab5b7b3-6000-4843-ab51-03e72fae323b(uuid2384)
сент. 19, 2025 6:42:49 PM webapp.storage.AbstractStorage save
INFO: &amp#27;[32mSave 6529dc51-df04-4f77-9b0c-43d86ad313ec(uuid2385)
сент. 19, 2025 6:42:49 PM webapp.storage.AbstractStorage save
INFO: &amp#27;[32mSave 19a1f5c7-0d27-4d42-9b21-0c3e42edbdd3(uuid2386)
сент. 19, 2025 6:42:49 PM webapp.storage.AbstractStorage save
INFO: &amp#27;[32mSave c6c4c2e7-c440-40cd-b391-be0b92671b61(uuid2387)
сент. 19, 2025 6:42:49 PM webapp.storage.AbstractStorage save
INFO: &amp#27;[32mSave a29db2b0-9ecd-4a80-a73d-464f97515321(uuid2388)
сент. 19, 2025 6:42:49 PM webapp.storage.AbstractStorage save
INFO: &amp#27;[32mSave d696a767-de67-42f8-8135-c6cd1becf764(uuid2389)
сент. 19, 2025 6:42:49 PM webapp.storage.AbstractStorage save
INFO: &amp#27;[32mSave 86e53190-8edf-450c-b442-33d4f95ca386(uuid2390)
сент. 19, 2025 6:42:49 PM webapp.storage.AbstractStorage save
INFO: &amp#27;[32mSave 4257ca59-5314-4f92-a206-6c489589bd50(uuid2391)
сент. 19, 2025 6:42:49 PM webapp.storage.AbstractStorage save
INFO: &amp#27;[32mSave d58cd287-2671-4b23-aee4-5d39828d81d4(uuid2392)
сент. 19, 2025 6:42:49 PM webapp.storage.AbstractStorage save
INFO: &amp#27;[32mSave 56bcdc5d-e7db-4c6e-91c5-54064f94ad0b(uuid2393)
сент. 19, 2025 6:42:49 PM webapp.storage.AbstractStorage save
INFO: &amp#27;[32mSave 94978fe4-654e-4942-883c-6331f017d3f4(uuid2394)
сент. 19, 2025 6:42:49 PM webapp.storage.AbstractStorage save
INFO: &amp#27;[32mSave c87479bc-99c9-47aa-9be5-39dce2c3164a(uuid2395)
сент. 19, 2025 6:42:49 PM webapp.storage.AbstractStorage save
INFO: &amp#27;[32mSave 2174993e-7d20-43af-9791-9ad283fb2bbb(uuid2396)
сент. 19, 2025 6:42:49 PM webapp.storage.AbstractStorage save
INFO: &amp#27;[32mSave e9fce8ec-e1d7-405b-9951-f9f9ebefe076(uuid2397)
сент. 19, 2025 6:42:49 PM webapp.storage.AbstractStorage save
INFO: &amp#27;[32mSave 772f0878-a07f-4b7e-9b9a-fe810ab9fd8c(uuid2398)
сент. 19, 2025 6:42:49 PM webapp.storage.AbstractStorage save
INFO: &amp#27;[32mSave 7c160a29-4fbb-4425-bcf1-9709e82e3021(uuid2399)
сент. 19, 2025 6:42:49 PM webapp.storage.AbstractStorage save
INFO: &amp#27;[32mSave 34923cf9-a561-4b11-9ba6-f47a75c07300(uuid2400)
сент. 19, 2025 6:42:49 PM webapp.storage.AbstractStorage save
INFO: &amp#27;[32mSave d6956393-ee39-4c2b-a667-a6c52c724fb5(uuid2401)
сент. 19, 2025 6:42:49 PM webapp.storage.AbstractStorage save
INFO: &amp#27;[32mSave 5d558bf4-2ba4-4220-918a-fb88b903e688(uuid2402)
сент. 19, 2025 6:42:49 PM webapp.storage.AbstractStorage save
INFO: &amp#27;[32mSave f0ea5cf2-f782-4e68-b0c8-1d2336b5d7f7(uuid2403)
сент. 19, 2025 6:42:49 PM webapp.storage.AbstractStorage save
INFO: &amp#27;[32mSave c978f349-eb59-4d8a-9c1b-55151eeec26f(uuid2404)
сент. 19, 2025 6:42:49 PM webapp.storage.AbstractStorage save
INFO: &amp#27;[32mSave 7ee14300-d3f0-4d44-bb79-b4bde66d3518(uuid2405)
сент. 19, 2025 6:42:49 PM webapp.storage.AbstractStorage save
INFO: &amp#27;[32mSave db0d35fb-b7c2-4c66-bf15-c883d1b24d39(uuid2406)
сент. 19, 2025 6:42:49 PM webapp.storage.AbstractStorage save
INFO: &amp#27;[32mSave 9daa7421-9e09-4e48-abc0-6d16d6561b39(uuid2407)
сент. 19, 2025 6:42:49 PM webapp.storage.AbstractStorage save
INFO: &amp#27;[32mSave 307a2a81-d301-4edc-ba10-560d5611e052(uuid2408)
сент. 19, 2025 6:42:49 PM webapp.storage.AbstractStorage save
INFO: &amp#27;[32mSave d202578b-3653-42e6-864f-ced99b6372b1(uuid2409)
сент. 19, 2025 6:42:49 PM webapp.storage.AbstractStorage save
INFO: &amp#27;[32mSave 8ac9d861-369e-4892-b21c-3fd1515d2320(uuid2410)
сент. 19, 2025 6:42:49 PM webapp.storage.AbstractStorage save
INFO: &amp#27;[32mSave bebf4967-21c3-48d4-b50b-e18cb09269ba(uuid2411)
сент. 19, 2025 6:42:49 PM webapp.storage.AbstractStorage save
INFO: &amp#27;[32mSave dbb7b1ee-964d-4ab8-9cf0-983a85770a6e(uuid2412)
сент. 19, 2025 6:42:49 PM webapp.storage.AbstractStorage save
INFO: &amp#27;[32mSave 01a50081-7d14-4579-bc53-2ac3ca6ff0b9(uuid2413)
сент. 19, 2025 6:42:49 PM webapp.storage.AbstractStorage save
INFO: &amp#27;[32mSave f87b412e-c22b-4063-a07d-793365961dff(uuid2414)
сент. 19, 2025 6:42:49 PM webapp.storage.AbstractStorage save
INFO: &amp#27;[32mSave b1bf00da-e738-4719-b940-a16e3ae821aa(uuid2415)
сент. 19, 2025 6:42:49 PM webapp.storage.AbstractStorage save
INFO: &amp#27;[32mSave 95b4a01b-5138-43ad-8e05-c5fb576906be(uuid2416)
сент. 19, 2025 6:42:49 PM webapp.storage.AbstractStorage save
INFO: &amp#27;[32mSave ed0dd75f-6508-48df-9816-bb93a6fbe781(uuid2417)
сент. 19, 2025 6:42:49 PM webapp.storage.AbstractStorage save
INFO: &amp#27;[32mSave 9418a108-2b6e-4de9-9eea-787abf4b1495(uuid2418)
сент. 19, 2025 6:42:49 PM webapp.storage.AbstractStorage save
INFO: &amp#27;[32mSave 521aa7e6-c3a8-4683-b6ab-08a851bef810(uuid2419)
сент. 19, 2025 6:42:49 PM webapp.storage.AbstractStorage save
INFO: &amp#27;[32mSave 68a843c9-d430-4f3a-9d50-2b0007295eb3(uuid2420)
сент. 19, 2025 6:42:49 PM webapp.storage.AbstractStorage save
INFO: &amp#27;[32mSave 3ff6112f-b411-494b-b68c-4c57dad20d85(uuid2421)
сент. 19, 2025 6:42:49 PM webapp.storage.AbstractStorage save
INFO: &amp#27;[32mSave aa5bd075-54f8-4faf-82ec-91e111ade8ea(uuid2422)
сент. 19, 2025 6:42:49 PM webapp.storage.AbstractStorage save
INFO: &amp#27;[32mSave 0329ac34-336c-4553-a30e-5cd8898f6d09(uuid2423)
сент. 19, 2025 6:42:49 PM webapp.storage.AbstractStorage save
INFO: &amp#27;[32mSave 43753289-544e-4bd3-8dcb-83d9b62ba4a7(uuid2424)
сент. 19, 2025 6:42:49 PM webapp.storage.AbstractStorage save
INFO: &amp#27;[32mSave 4b406803-8cb4-4577-90ce-8222bc5f569c(uuid2425)
сент. 19, 2025 6:42:49 PM webapp.storage.AbstractStorage save
INFO: &amp#27;[32mSave 982deda5-355f-47f6-a214-985a506e9be5(uuid2426)
сент. 19, 2025 6:42:49 PM webapp.storage.AbstractStorage save
INFO: &amp#27;[32mSave dfa0615b-0673-455c-ad6d-268f06e65049(uuid2427)
сент. 19, 2025 6:42:49 PM webapp.storage.AbstractStorage save
INFO: &amp#27;[32mSave 6909c1e5-6387-4cf2-bfca-e25958fd7c56(uuid2428)
сент. 19, 2025 6:42:49 PM webapp.storage.AbstractStorage save
INFO: &amp#27;[32mSave 8771062a-2489-4c9f-9deb-bf9af9905dfb(uuid2429)
сент. 19, 2025 6:42:49 PM webapp.storage.AbstractStorage save
INFO: &amp#27;[32mSave c4e0e860-1281-4c42-ba7a-6912c23e52f4(uuid2430)
сент. 19, 2025 6:42:49 PM webapp.storage.AbstractStorage save
INFO: &amp#27;[32mSave f77919bc-9592-408f-8dbe-4ad001367a31(uuid2431)
сент. 19, 2025 6:42:49 PM webapp.storage.AbstractStorage save
INFO: &amp#27;[32mSave a6c0bdb0-79ea-4a03-b76e-0ab82fbf8162(uuid2432)
сент. 19, 2025 6:42:49 PM webapp.storage.AbstractStorage save
INFO: &amp#27;[32mSave 2c95cb59-cded-43d6-b3a3-410a9fd3ab79(uuid2433)
сент. 19, 2025 6:42:49 PM webapp.storage.AbstractStorage save
INFO: &amp#27;[32mSave a1787801-6f0d-48c6-bfb4-291ee34057b3(uuid2434)
сент. 19, 2025 6:42:49 PM webapp.storage.AbstractStorage save
INFO: &amp#27;[32mSave fe80c2f3-4423-4000-bea7-e88a18d39c8c(uuid2435)
сент. 19, 2025 6:42:49 PM webapp.storage.AbstractStorage save
INFO: &amp#27;[32mSave 04d286df-5035-4268-81fb-fda1c069d284(uuid2436)
сент. 19, 2025 6:42:49 PM webapp.storage.AbstractStorage save
INFO: &amp#27;[32mSave e45631ed-ad9d-44b6-b902-ddb90503ec76(uuid2437)
сент. 19, 2025 6:42:49 PM webapp.storage.AbstractStorage save
INFO: &amp#27;[32mSave 7416f819-72f9-4253-ab76-43eeff9b542a(uuid2438)
сент. 19, 2025 6:42:49 PM webapp.storage.AbstractStorage save
INFO: &amp#27;[32mSave 6d965cd1-7e07-4764-8f05-61aeb55e37fd(uuid2439)
сент. 19, 2025 6:42:49 PM webapp.storage.AbstractStorage save
INFO: &amp#27;[32mSave 91d130ac-891e-4348-963d-c232dbb2b8e5(uuid2440)
сент. 19, 2025 6:42:49 PM webapp.storage.AbstractStorage save
INFO: &amp#27;[32mSave 9ebdd02b-6d6f-40d6-92c5-8480cbd5e882(uuid2441)
сент. 19, 2025 6:42:49 PM webapp.storage.AbstractStorage save
INFO: &amp#27;[32mSave f15016a2-ff21-4764-b28e-8d768ef1775d(uuid2442)
сент. 19, 2025 6:42:49 PM webapp.storage.AbstractStorage save
INFO: &amp#27;[32mSave b0e9aa9e-4315-46fc-bca1-e1317393c9d3(uuid2443)
сент. 19, 2025 6:42:49 PM webapp.storage.AbstractStorage save
INFO: &amp#27;[32mSave d655f921-f176-41f5-a655-e5febf457228(uuid2444)
сент. 19, 2025 6:42:49 PM webapp.storage.AbstractStorage save
INFO: &amp#27;[32mSave a0972943-fbd0-4500-9ddb-5ee6d26777a5(uuid2445)
сент. 19, 2025 6:42:49 PM webapp.storage.AbstractStorage save
INFO: &amp#27;[32mSave 340b238d-8d70-4a77-a97a-e87a582bdca3(uuid2446)
сент. 19, 2025 6:42:49 PM webapp.storage.AbstractStorage save
INFO: &amp#27;[32mSave ff9d74ce-09fc-45b9-9988-0346027acd3d(uuid2447)
сент. 19, 2025 6:42:49 PM webapp.storage.AbstractStorage save
INFO: &amp#27;[32mSave 8556ff66-7413-428c-84db-59021f1c7717(uuid2448)
сент. 19, 2025 6:42:49 PM webapp.storage.AbstractStorage save
INFO: &amp#27;[32mSave fffeaa11-b73a-46bb-8a47-bc1bcdf2cc65(uuid2449)
сент. 19, 2025 6:42:49 PM webapp.storage.AbstractStorage save
INFO: &amp#27;[32mSave d343a04b-7cee-4eb1-8a83-a9d900dc0d52(uuid2450)
сент. 19, 2025 6:42:49 PM webapp.storage.AbstractStorage save
INFO: &amp#27;[32mSave 6a8a46ee-40f0-4c3a-9112-82d73d0d0de9(uuid2451)
сент. 19, 2025 6:42:49 PM webapp.storage.AbstractStorage save
INFO: &amp#27;[32mSave e69ef4b3-33c1-4ba6-8176-752e3d147d98(uuid2452)
сент. 19, 2025 6:42:49 PM webapp.storage.AbstractStorage save
INFO: &amp#27;[32mSave 890fc15d-6c8f-4b6b-85d1-a4a08ca37705(uuid2453)
сент. 19, 2025 6:42:49 PM webapp.storage.AbstractStorage save
INFO: &amp#27;[32mSave ce0ca45c-7cc2-418e-b211-2da1357c9831(uuid2454)
сент. 19, 2025 6:42:49 PM webapp.storage.AbstractStorage save
INFO: &amp#27;[32mSave 609c299c-5388-4952-976a-21841eeb94a6(uuid2455)
сент. 19, 2025 6:42:49 PM webapp.storage.AbstractStorage save
INFO: &amp#27;[32mSave d67fe640-aa51-495a-a1d5-f193266d7255(uuid2456)
сент. 19, 2025 6:42:49 PM webapp.storage.AbstractStorage save
INFO: &amp#27;[32mSave 449b30b8-5d26-4d60-a1d2-58da7a377763(uuid2457)
сент. 19, 2025 6:42:49 PM webapp.storage.AbstractStorage save
INFO: &amp#27;[32mSave 3dfb0516-79bd-4162-85df-acec4f90392a(uuid2458)
сент. 19, 2025 6:42:49 PM webapp.storage.AbstractStorage save
INFO: &amp#27;[32mSave 931cfaea-dc62-4c93-bd2a-d7ba361cb57f(uuid2459)
сент. 19, 2025 6:42:49 PM webapp.storage.AbstractStorage save
INFO: &amp#27;[32mSave c3a5f022-17e4-4d66-8c27-69cfe60efdd2(uuid2460)
сент. 19, 2025 6:42:49 PM webapp.storage.AbstractStorage save
INFO: &amp#27;[32mSave 9f340dcf-2752-4d62-8f3a-a7b470de1bfe(uuid2461)
сент. 19, 2025 6:42:49 PM webapp.storage.AbstractStorage save
INFO: &amp#27;[32mSave df899e49-8d7b-4fb0-8f15-a9cd0faab441(uuid2462)
сент. 19, 2025 6:42:49 PM webapp.storage.AbstractStorage save
INFO: &amp#27;[32mSave 26061baa-c683-4ee5-a8e5-c5709effdce9(uuid2463)
сент. 19, 2025 6:42:49 PM webapp.storage.AbstractStorage save
INFO: &amp#27;[32mSave 75fcb5f8-8f25-4422-b301-57bfec905adc(uuid2464)
сент. 19, 2025 6:42:49 PM webapp.storage.AbstractStorage save
INFO: &amp#27;[32mSave 57726fc6-0f2e-46e5-8ebf-b6fcdd26058b(uuid2465)
сент. 19, 2025 6:42:49 PM webapp.storage.AbstractStorage save
INFO: &amp#27;[32mSave ed299e3c-ab39-4c61-a117-3db6f1d496f1(uuid2466)
сент. 19, 2025 6:42:49 PM webapp.storage.AbstractStorage save
INFO: &amp#27;[32mSave 190666fc-2a0a-4361-8622-1716ecb6bb07(uuid2467)
сент. 19, 2025 6:42:49 PM webapp.storage.AbstractStorage save
INFO: &amp#27;[32mSave c4634840-4033-4150-baaa-b5046d887309(uuid2468)
сент. 19, 2025 6:42:49 PM webapp.storage.AbstractStorage save
INFO: &amp#27;[32mSave c1c2bfed-c796-4863-bdbe-5932247fa535(uuid2469)
сент. 19, 2025 6:42:49 PM webapp.storage.AbstractStorage save
INFO: &amp#27;[32mSave 230ce302-9ea9-46cb-b61b-2c36cdfcb9ff(uuid2470)
сент. 19, 2025 6:42:49 PM webapp.storage.AbstractStorage save
INFO: &amp#27;[32mSave 7571a6d0-3774-4f4e-9d8d-c121c85ffd15(uuid2471)
сент. 19, 2025 6:42:49 PM webapp.storage.AbstractStorage save
INFO: &amp#27;[32mSave 70da88e9-1f58-430f-9839-1a2e99bf6812(uuid2472)
сент. 19, 2025 6:42:49 PM webapp.storage.AbstractStorage save
INFO: &amp#27;[32mSave bc521e65-1978-40f3-91fd-142c0be33e3d(uuid2473)
сент. 19, 2025 6:42:49 PM webapp.storage.AbstractStorage save
INFO: &amp#27;[32mSave 2605038e-48fe-4378-b90f-9b7e2d02b36e(uuid2474)
сент. 19, 2025 6:42:49 PM webapp.storage.AbstractStorage save
INFO: &amp#27;[32mSave a8896b72-0c84-40ae-8502-ce0ece4a2dfc(uuid2475)
сент. 19, 2025 6:42:49 PM webapp.storage.AbstractStorage save
INFO: &amp#27;[32mSave 05ab31f8-567a-4910-b2d3-31eb16e0ceb3(uuid2476)
сент. 19, 2025 6:42:49 PM webapp.storage.AbstractStorage save
INFO: &amp#27;[32mSave c4ae123b-7e9c-4274-b261-b6ae942eb0f1(uuid2477)
сент. 19, 2025 6:42:49 PM webapp.storage.AbstractStorage save
INFO: &amp#27;[32mSave b6a2e1ed-2639-4689-8628-5f33ad72848a(uuid2478)
сент. 19, 2025 6:42:49 PM webapp.storage.AbstractStorage save
INFO: &amp#27;[32mSave 17956570-fd6e-4482-b054-0fd79d5f161a(uuid2479)
сент. 19, 2025 6:42:49 PM webapp.storage.AbstractStorage save
INFO: &amp#27;[32mSave 8fcfef77-f8f8-4d8b-a510-bf01cb4e20ae(uuid2480)
сент. 19, 2025 6:42:49 PM webapp.storage.AbstractStorage save
INFO: &amp#27;[32mSave f4fd548e-98c2-41d3-a063-4cf5cf6da5e3(uuid2481)
сент. 19, 2025 6:42:49 PM webapp.storage.AbstractStorage save
INFO: &amp#27;[32mSave f1d32aa7-8a7b-44f0-ba05-70939f555bb4(uuid2482)
сент. 19, 2025 6:42:49 PM webapp.storage.AbstractStorage save
INFO: &amp#27;[32mSave bc16d840-390a-46d2-a1b2-5edc6197b8b4(uuid2483)
сент. 19, 2025 6:42:49 PM webapp.storage.AbstractStorage save
INFO: &amp#27;[32mSave 598addf1-6892-4bb3-9563-8b5eaffbcdc0(uuid2484)
сент. 19, 2025 6:42:49 PM webapp.storage.AbstractStorage save
INFO: &amp#27;[32mSave 31788d9a-70af-4ca4-a277-16fcb963bfad(uuid2485)
сент. 19, 2025 6:42:49 PM webapp.storage.AbstractStorage save
INFO: &amp#27;[32mSave 7cbc822c-c61a-43db-ba7e-855ce3b72db0(uuid2486)
сент. 19, 2025 6:42:49 PM webapp.storage.AbstractStorage save
INFO: &amp#27;[32mSave 6b0e001c-6940-4fc5-9307-0dee90921907(uuid2487)
сент. 19, 2025 6:42:49 PM webapp.storage.AbstractStorage save
INFO: &amp#27;[32mSave ee8a3a81-8338-43b7-8a65-2b672a4b6f0c(uuid2488)
сент. 19, 2025 6:42:49 PM webapp.storage.AbstractStorage save
INFO: &amp#27;[32mSave d78d13fc-3f4b-4a89-b0d7-611232acd441(uuid2489)
сент. 19, 2025 6:42:49 PM webapp.storage.AbstractStorage save
INFO: &amp#27;[32mSave 61905742-dc0a-4931-a9e9-8483f93c55bc(uuid2490)
сент. 19, 2025 6:42:49 PM webapp.storage.AbstractStorage save
INFO: &amp#27;[32mSave 50eea2e4-a1e2-46a4-8dca-7d39240c821c(uuid2491)
сент. 19, 2025 6:42:49 PM webapp.storage.AbstractStorage save
INFO: &amp#27;[32mSave c89df420-85f8-45ac-af2b-715247ef3b02(uuid2492)
сент. 19, 2025 6:42:49 PM webapp.storage.AbstractStorage save
INFO: &amp#27;[32mSave 7851cb63-966d-4e32-8e4f-4daaf36ecde9(uuid2493)
сент. 19, 2025 6:42:49 PM webapp.storage.AbstractStorage save
INFO: &amp#27;[32mSave c52f1dc3-71d7-4806-b4b7-b92a8d84aa2c(uuid2494)
сент. 19, 2025 6:42:49 PM webapp.storage.AbstractStorage save
INFO: &amp#27;[32mSave 7a0e10a4-ca39-4b1c-8ea3-642b0f6289de(uuid2495)
сент. 19, 2025 6:42:49 PM webapp.storage.AbstractStorage save
INFO: &amp#27;[32mSave 8d24a803-f0bb-43e4-b37c-f94c5396b169(uuid2496)
сент. 19, 2025 6:42:49 PM webapp.storage.AbstractStorage save
INFO: &amp#27;[32mSave a5659922-fc14-422c-8040-646012afb283(uuid2497)
сент. 19, 2025 6:42:49 PM webapp.storage.AbstractStorage save
INFO: &amp#27;[32mSave 06db6fad-ca26-424e-b9fa-8d78e69b343e(uuid2498)
сент. 19, 2025 6:42:49 PM webapp.storage.AbstractStorage save
INFO: &amp#27;[32mSave 2e33f002-0bc7-46d8-ba6b-20ed843e23ef(uuid2499)
сент. 19, 2025 6:42:49 PM webapp.storage.AbstractStorage save
INFO: &amp#27;[32mSave 5e8b8bf5-ef3d-47cf-b427-833b00835d99(uuid2500)
сент. 19, 2025 6:42:49 PM webapp.storage.AbstractStorage save
INFO: &amp#27;[32mSave d6795155-ceec-401d-aa71-89ae6396ccb8(uuid2501)
сент. 19, 2025 6:42:49 PM webapp.storage.AbstractStorage save
INFO: &amp#27;[32mSave 22c5781f-b26f-46c3-9685-7ab992b4df70(uuid2502)
сент. 19, 2025 6:42:49 PM webapp.storage.AbstractStorage save
INFO: &amp#27;[32mSave 3ebc712e-d6f6-4812-8fe5-851680bec63e(uuid2503)
сент. 19, 2025 6:42:49 PM webapp.storage.AbstractStorage save
INFO: &amp#27;[32mSave 1adee6b1-4b3e-41cd-93fc-8108d648f336(uuid2504)
сент. 19, 2025 6:42:49 PM webapp.storage.AbstractStorage save
INFO: &amp#27;[32mSave 51cabaf8-15a9-41d2-b7ae-12e099c6ceca(uuid2505)
сент. 19, 2025 6:42:49 PM webapp.storage.AbstractStorage save
INFO: &amp#27;[32mSave a58e6960-adf5-4a24-87c1-432b6cb4c6f5(uuid2506)
сент. 19, 2025 6:42:49 PM webapp.storage.AbstractStorage save
INFO: &amp#27;[32mSave 930e77fa-04ee-4ee4-b42d-09c554b39928(uuid2507)
сент. 19, 2025 6:42:49 PM webapp.storage.AbstractStorage save
INFO: &amp#27;[32mSave 10ef1304-ebe6-448a-b072-35ae251163d5(uuid2508)
сент. 19, 2025 6:42:49 PM webapp.storage.AbstractStorage save
INFO: &amp#27;[32mSave 68aa7fbe-e2d0-4bef-be8a-a902fa197d3e(uuid2509)
сент. 19, 2025 6:42:49 PM webapp.storage.AbstractStorage save
INFO: &amp#27;[32mSave ef30d9c9-163c-4b78-b708-f6f755cac281(uuid2510)
сент. 19, 2025 6:42:49 PM webapp.storage.AbstractStorage save
INFO: &amp#27;[32mSave 7666724f-4735-455c-94bc-326a6b0bb9e3(uuid2511)
сент. 19, 2025 6:42:49 PM webapp.storage.AbstractStorage save
INFO: &amp#27;[32mSave 634a1b07-99e3-445f-90a0-94d242ba814f(uuid2512)
сент. 19, 2025 6:42:49 PM webapp.storage.AbstractStorage save
INFO: &amp#27;[32mSave f236b45b-231d-4d4e-9775-1dd9c9ecde3b(uuid2513)
сент. 19, 2025 6:42:49 PM webapp.storage.AbstractStorage save
INFO: &amp#27;[32mSave 21676516-999e-4044-b91f-19edaefe70a0(uuid2514)
сент. 19, 2025 6:42:49 PM webapp.storage.AbstractStorage save
INFO: &amp#27;[32mSave ff61174a-4dc2-4433-bc3b-cba5b148fb3f(uuid2515)
сент. 19, 2025 6:42:49 PM webapp.storage.AbstractStorage save
INFO: &amp#27;[32mSave 02e63c9d-090a-404f-9f79-d292efce082b(uuid2516)
сент. 19, 2025 6:42:49 PM webapp.storage.AbstractStorage save
INFO: &amp#27;[32mSave 1c2e58a1-cca0-421f-8e9c-dfbec0c31432(uuid2517)
сент. 19, 2025 6:42:49 PM webapp.storage.AbstractStorage save
INFO: &amp#27;[32mSave 1093cfa8-38fb-4880-99c6-74906bf4d419(uuid2518)
сент. 19, 2025 6:42:49 PM webapp.storage.AbstractStorage save
INFO: &amp#27;[32mSave 39907f31-e110-4853-808b-0e5acbc8b03a(uuid2519)
сент. 19, 2025 6:42:49 PM webapp.storage.AbstractStorage save
INFO: &amp#27;[32mSave ee890878-efce-4929-ac71-f1f24b335ad9(uuid2520)
сент. 19, 2025 6:42:49 PM webapp.storage.AbstractStorage save
INFO: &amp#27;[32mSave 159ed281-bdb1-45c1-b636-6d43f73bbaa0(uuid2521)
сент. 19, 2025 6:42:49 PM webapp.storage.AbstractStorage save
INFO: &amp#27;[32mSave c1c54479-ebde-493e-99b9-16c35702c1b1(uuid2522)
сент. 19, 2025 6:42:49 PM webapp.storage.AbstractStorage save
INFO: &amp#27;[32mSave 3ac9b7f1-96cb-45e1-ba7a-64242ae89bd8(uuid2523)
сент. 19, 2025 6:42:49 PM webapp.storage.AbstractStorage save
INFO: &amp#27;[32mSave 6ee5a720-beeb-44cf-923b-65eddcb74417(uuid2524)
сент. 19, 2025 6:42:49 PM webapp.storage.AbstractStorage save
INFO: &amp#27;[32mSave 6e6a9289-3b96-418f-8bd7-a72efbbf3084(uuid2525)
сент. 19, 2025 6:42:49 PM webapp.storage.AbstractStorage save
INFO: &amp#27;[32mSave de9083c6-5465-4ba4-9a72-1856fe67786f(uuid2526)
сент. 19, 2025 6:42:49 PM webapp.storage.AbstractStorage save
INFO: &amp#27;[32mSave a58000ef-e7e3-4b3f-8291-3b2df503e26c(uuid2527)
сент. 19, 2025 6:42:49 PM webapp.storage.AbstractStorage save
INFO: &amp#27;[32mSave 024022aa-1acc-4252-b84f-a67bc1661892(uuid2528)
сент. 19, 2025 6:42:49 PM webapp.storage.AbstractStorage save
INFO: &amp#27;[32mSave 1d6f581e-1df0-416d-b922-c8e40e63f2e5(uuid2529)
сент. 19, 2025 6:42:49 PM webapp.storage.AbstractStorage save
INFO: &amp#27;[32mSave cf504d7d-3c57-4b20-a53e-22d6702e8d10(uuid2530)
сент. 19, 2025 6:42:49 PM webapp.storage.AbstractStorage save
INFO: &amp#27;[32mSave d1b4c869-b123-45dc-af50-d6ee8b158057(uuid2531)
сент. 19, 2025 6:42:49 PM webapp.storage.AbstractStorage save
INFO: &amp#27;[32mSave 8d568ea4-3f0a-41de-8a82-1125c1aa72cc(uuid2532)
сент. 19, 2025 6:42:49 PM webapp.storage.AbstractStorage save
INFO: &amp#27;[32mSave 4c1f8c90-e7a3-4281-800b-4afc293ac236(uuid2533)
сент. 19, 2025 6:42:49 PM webapp.storage.AbstractStorage save
INFO: &amp#27;[32mSave 146fa4c5-0514-41aa-872b-be30c98941d6(uuid2534)
сент. 19, 2025 6:42:49 PM webapp.storage.AbstractStorage save
INFO: &amp#27;[32mSave 9f0e2b1f-6be6-4515-b4ae-c0e67c581a2b(uuid2535)
сент. 19, 2025 6:42:49 PM webapp.storage.AbstractStorage save
INFO: &amp#27;[32mSave 076c00a2-f1c4-43b3-b4fa-c61d53f8c4bd(uuid2536)
сент. 19, 2025 6:42:49 PM webapp.storage.AbstractStorage save
INFO: &amp#27;[32mSave 2e67fb1a-792c-483c-9428-57c928d53eed(uuid2537)
сент. 19, 2025 6:42:49 PM webapp.storage.AbstractStorage save
INFO: &amp#27;[32mSave 790f675e-4cc5-4cd6-8b0f-d3b69ea1964f(uuid2538)
сент. 19, 2025 6:42:49 PM webapp.storage.AbstractStorage save
INFO: &amp#27;[32mSave 301524e1-88b0-467f-af45-800b6f3893ec(uuid2539)
сент. 19, 2025 6:42:49 PM webapp.storage.AbstractStorage save
INFO: &amp#27;[32mSave a8f38cc4-20e1-4ade-95f5-8f8cbc4716d7(uuid2540)
сент. 19, 2025 6:42:49 PM webapp.storage.AbstractStorage save
INFO: &amp#27;[32mSave 80c6ebd7-2d8c-4a89-bba1-cf913527ce56(uuid2541)
сент. 19, 2025 6:42:49 PM webapp.storage.AbstractStorage save
INFO: &amp#27;[32mSave ec026370-1f1e-4d2e-9dbc-68070a67fa5e(uuid2542)
сент. 19, 2025 6:42:49 PM webapp.storage.AbstractStorage save
INFO: &amp#27;[32mSave eeccda76-5e2a-482e-9dd9-46faa9c55af3(uuid2543)
сент. 19, 2025 6:42:49 PM webapp.storage.AbstractStorage save
INFO: &amp#27;[32mSave b5cc4cb7-26af-4082-9018-f3de0031f7ab(uuid2544)
сент. 19, 2025 6:42:49 PM webapp.storage.AbstractStorage save
INFO: &amp#27;[32mSave db333c57-ddbc-44c2-a514-3cfa027f489e(uuid2545)
сент. 19, 2025 6:42:49 PM webapp.storage.AbstractStorage save
INFO: &amp#27;[32mSave c8d6d61b-1708-4284-979b-23e25a6ee1da(uuid2546)
сент. 19, 2025 6:42:49 PM webapp.storage.AbstractStorage save
INFO: &amp#27;[32mSave d88b868d-20c3-458f-aaaf-e8cf2c202195(uuid2547)
сент. 19, 2025 6:42:49 PM webapp.storage.AbstractStorage save
INFO: &amp#27;[32mSave d26a8f4e-76fd-4e9b-8608-9198d4938d59(uuid2548)
сент. 19, 2025 6:42:49 PM webapp.storage.AbstractStorage save
INFO: &amp#27;[32mSave d48ca2fa-c945-43c1-8b45-e3998d5fadac(uuid2549)
сент. 19, 2025 6:42:49 PM webapp.storage.AbstractStorage save
INFO: &amp#27;[32mSave 04f75c60-42dd-4912-9eed-b2d1dbb78157(uuid2550)
сент. 19, 2025 6:42:49 PM webapp.storage.AbstractStorage save
INFO: &amp#27;[32mSave 8bd95086-a446-4a4e-93a7-4ee23f924eea(uuid2551)
сент. 19, 2025 6:42:49 PM webapp.storage.AbstractStorage save
INFO: &amp#27;[32mSave eba3ee3f-0791-403e-9709-d258e8a45a6a(uuid2552)
сент. 19, 2025 6:42:49 PM webapp.storage.AbstractStorage save
INFO: &amp#27;[32mSave 198073aa-506d-4522-964b-e99d31f091c6(uuid2553)
сент. 19, 2025 6:42:49 PM webapp.storage.AbstractStorage save
INFO: &amp#27;[32mSave cd2c8956-9f88-4ed6-ba92-39f645463a2b(uuid2554)
сент. 19, 2025 6:42:49 PM webapp.storage.AbstractStorage save
INFO: &amp#27;[32mSave 0f8a4c21-c0ac-4ee1-b9c9-8e44d1cff0b0(uuid2555)
сент. 19, 2025 6:42:49 PM webapp.storage.AbstractStorage save
INFO: &amp#27;[32mSave 8b93d84d-9abe-47e5-b4cb-7873bc8b2e9e(uuid2556)
сент. 19, 2025 6:42:49 PM webapp.storage.AbstractStorage save
INFO: &amp#27;[32mSave 2afd2774-583c-4dda-b213-6c2411dfe5c6(uuid2557)
сент. 19, 2025 6:42:49 PM webapp.storage.AbstractStorage save
INFO: &amp#27;[32mSave fe65d99d-3d4a-48a3-9eca-39caa1e36fc5(uuid2558)
сент. 19, 2025 6:42:49 PM webapp.storage.AbstractStorage save
INFO: &amp#27;[32mSave be003d3f-f908-4a7f-99a1-b7198a729cae(uuid2559)
сент. 19, 2025 6:42:49 PM webapp.storage.AbstractStorage save
INFO: &amp#27;[32mSave f9b959c9-ebd9-4b77-8650-75cdd546f797(uuid2560)
сент. 19, 2025 6:42:49 PM webapp.storage.AbstractStorage save
INFO: &amp#27;[32mSave 23d0e592-8dda-417f-8b9e-ddd26723768f(uuid2561)
сент. 19, 2025 6:42:49 PM webapp.storage.AbstractStorage save
INFO: &amp#27;[32mSave 32cd7a09-200c-4166-b00b-88fd57ad0dbb(uuid2562)
сент. 19, 2025 6:42:49 PM webapp.storage.AbstractStorage save
INFO: &amp#27;[32mSave ec092d80-4ec5-4599-a8c6-0d02a662fb0d(uuid2563)
сент. 19, 2025 6:42:49 PM webapp.storage.AbstractStorage save
INFO: &amp#27;[32mSave 60fd06b2-a1be-43e6-aa5a-b0c72fba30a0(uuid2564)
сент. 19, 2025 6:42:49 PM webapp.storage.AbstractStorage save
INFO: &amp#27;[32mSave cb373623-b8c2-4956-86aa-ec9935b96929(uuid2565)
сент. 19, 2025 6:42:49 PM webapp.storage.AbstractStorage save
INFO: &amp#27;[32mSave b341d528-8ea0-4708-9958-efe6966d5f94(uuid2566)
сент. 19, 2025 6:42:49 PM webapp.storage.AbstractStorage save
INFO: &amp#27;[32mSave fe27d4e8-b67f-48a2-8238-7405475bce4b(uuid2567)
сент. 19, 2025 6:42:49 PM webapp.storage.AbstractStorage save
INFO: &amp#27;[32mSave 64114410-08c0-43cc-919d-36f48fddd8d1(uuid2568)
сент. 19, 2025 6:42:49 PM webapp.storage.AbstractStorage save
INFO: &amp#27;[32mSave dda9ff32-cf3c-4208-baca-388c279a4d23(uuid2569)
сент. 19, 2025 6:42:49 PM webapp.storage.AbstractStorage save
INFO: &amp#27;[32mSave aa7e1762-072e-4fad-bf70-096574dfb96e(uuid2570)
сент. 19, 2025 6:42:49 PM webapp.storage.AbstractStorage save
INFO: &amp#27;[32mSave 2336f375-7acc-45e4-a74c-055e2b0ac719(uuid2571)
сент. 19, 2025 6:42:49 PM webapp.storage.AbstractStorage save
INFO: &amp#27;[32mSave 01f30fe8-8921-4f25-8195-9bcf17a37d35(uuid2572)
сент. 19, 2025 6:42:49 PM webapp.storage.AbstractStorage save
INFO: &amp#27;[32mSave ce4104d8-5453-48d4-97b4-ab58a1947597(uuid2573)
сент. 19, 2025 6:42:49 PM webapp.storage.AbstractStorage save
INFO: &amp#27;[32mSave 7d22b68e-5f79-4aa7-8be7-fa616934b733(uuid2574)
сент. 19, 2025 6:42:49 PM webapp.storage.AbstractStorage save
INFO: &amp#27;[32mSave 538d90e0-3911-4da5-b61d-0e5c439fd4a6(uuid2575)
сент. 19, 2025 6:42:49 PM webapp.storage.AbstractStorage save
INFO: &amp#27;[32mSave 3994ed14-99e0-4b72-865b-46ca1e2aa889(uuid2576)
сент. 19, 2025 6:42:49 PM webapp.storage.AbstractStorage save
INFO: &amp#27;[32mSave 7c234407-c720-4642-b987-e4ee08124769(uuid2577)
сент. 19, 2025 6:42:49 PM webapp.storage.AbstractStorage save
INFO: &amp#27;[32mSave 8b822f98-41b2-47b2-a3d9-1ba255273b35(uuid2578)
сент. 19, 2025 6:42:49 PM webapp.storage.AbstractStorage save
INFO: &amp#27;[32mSave 2e256c4d-b174-4464-80c6-6d2e16a336e5(uuid2579)
сент. 19, 2025 6:42:49 PM webapp.storage.AbstractStorage save
INFO: &amp#27;[32mSave 336c7a44-f783-4b05-b806-04577188ab57(uuid2580)
сент. 19, 2025 6:42:49 PM webapp.storage.AbstractStorage save
INFO: &amp#27;[32mSave 12fbb478-3508-4d93-a6f3-b25f4300a6e9(uuid2581)
сент. 19, 2025 6:42:49 PM webapp.storage.AbstractStorage save
INFO: &amp#27;[32mSave 892436f7-99d6-4b82-b7ec-941f19a9bd3d(uuid2582)
сент. 19, 2025 6:42:49 PM webapp.storage.AbstractStorage save
INFO: &amp#27;[32mSave 8542fd26-17c6-413c-a079-f3e204ae149e(uuid2583)
сент. 19, 2025 6:42:49 PM webapp.storage.AbstractStorage save
INFO: &amp#27;[32mSave ef9eea51-4f5d-4763-a956-7fd11661c60d(uuid2584)
сент. 19, 2025 6:42:49 PM webapp.storage.AbstractStorage save
INFO: &amp#27;[32mSave 8f81718b-76d2-4470-8db0-ff7c30c2ad14(uuid2585)
сент. 19, 2025 6:42:49 PM webapp.storage.AbstractStorage save
INFO: &amp#27;[32mSave d1dc285e-5bac-4114-8554-68539bc725b2(uuid2586)
сент. 19, 2025 6:42:49 PM webapp.storage.AbstractStorage save
INFO: &amp#27;[32mSave 995073bb-276e-44a2-b082-4d74ee319f1d(uuid2587)
сент. 19, 2025 6:42:49 PM webapp.storage.AbstractStorage save
INFO: &amp#27;[32mSave c7371938-c562-4a27-8e84-58dd5aa1866a(uuid2588)
сент. 19, 2025 6:42:49 PM webapp.storage.AbstractStorage save
INFO: &amp#27;[32mSave 74f2dd69-be05-401f-a7eb-c8888d7bcda8(uuid2589)
сент. 19, 2025 6:42:49 PM webapp.storage.AbstractStorage save
INFO: &amp#27;[32mSave e42bb1ab-3d31-496c-a3f4-f94730b35518(uuid2590)
сент. 19, 2025 6:42:49 PM webapp.storage.AbstractStorage save
INFO: &amp#27;[32mSave 701625a4-85c2-4eab-bb56-30bb375e4924(uuid2591)
сент. 19, 2025 6:42:49 PM webapp.storage.AbstractStorage save
INFO: &amp#27;[32mSave 3e7c2b31-1a57-4a11-88ec-05f4c00077fb(uuid2592)
сент. 19, 2025 6:42:49 PM webapp.storage.AbstractStorage save
INFO: &amp#27;[32mSave f7171c9b-8972-4f45-8606-c0c82b59cb2a(uuid2593)
сент. 19, 2025 6:42:49 PM webapp.storage.AbstractStorage save
INFO: &amp#27;[32mSave ff6eece6-d1e6-4591-8569-c2f602495644(uuid2594)
сент. 19, 2025 6:42:49 PM webapp.storage.AbstractStorage save
INFO: &amp#27;[32mSave 7f758ac8-8492-41f4-91a9-74c1b134f26d(uuid2595)
сент. 19, 2025 6:42:49 PM webapp.storage.AbstractStorage save
INFO: &amp#27;[32mSave 34bf2e87-4f6c-4399-a364-e511dabd8426(uuid2596)
сент. 19, 2025 6:42:49 PM webapp.storage.AbstractStorage save
INFO: &amp#27;[32mSave 603ec62c-4552-4f86-884a-d44c5ec64680(uuid2597)
сент. 19, 2025 6:42:49 PM webapp.storage.AbstractStorage save
INFO: &amp#27;[32mSave 51ffb8a5-57af-4e7a-ae68-e1a42e681b2e(uuid2598)
сент. 19, 2025 6:42:49 PM webapp.storage.AbstractStorage save
INFO: &amp#27;[32mSave 15028530-1108-4fb3-a40c-7a0d9b12b78a(uuid2599)
сент. 19, 2025 6:42:49 PM webapp.storage.AbstractStorage save
INFO: &amp#27;[32mSave 42b5b689-2b83-4e53-816e-4709e19c2df5(uuid2600)
сент. 19, 2025 6:42:49 PM webapp.storage.AbstractStorage save
INFO: &amp#27;[32mSave fe7f1c82-ff0b-4c4b-bb82-ad6e4e595991(uuid2601)
сент. 19, 2025 6:42:49 PM webapp.storage.AbstractStorage save
INFO: &amp#27;[32mSave 1d8ca51f-47bc-4d15-ab07-a72cc26741ab(uuid2602)
сент. 19, 2025 6:42:49 PM webapp.storage.AbstractStorage save
INFO: &amp#27;[32mSave 441ac050-eea2-42ae-afc4-e465de17f571(uuid2603)
сент. 19, 2025 6:42:49 PM webapp.storage.AbstractStorage save
INFO: &amp#27;[32mSave 62aced60-aa4c-44cb-bc80-3e283f3a90b6(uuid2604)
сент. 19, 2025 6:42:49 PM webapp.storage.AbstractStorage save
INFO: &amp#27;[32mSave a8d07918-8b8a-4751-a8b1-190f0f84714a(uuid2605)
сент. 19, 2025 6:42:49 PM webapp.storage.AbstractStorage save
INFO: &amp#27;[32mSave bcb4939b-7370-4681-9932-e2805c1ead16(uuid2606)
сент. 19, 2025 6:42:49 PM webapp.storage.AbstractStorage save
INFO: &amp#27;[32mSave 5770475c-64c4-4d33-91cb-6c8f0330c3f7(uuid2607)
сент. 19, 2025 6:42:49 PM webapp.storage.AbstractStorage save
INFO: &amp#27;[32mSave 33f64bff-fa0f-42dc-91d2-3214af5082f0(uuid2608)
сент. 19, 2025 6:42:49 PM webapp.storage.AbstractStorage save
INFO: &amp#27;[32mSave 3159b009-85cd-469c-abb8-3641c552d6f5(uuid2609)
сент. 19, 2025 6:42:49 PM webapp.storage.AbstractStorage save
INFO: &amp#27;[32mSave a23303ce-5188-4bb8-9e37-ee6ca589b80a(uuid2610)
сент. 19, 2025 6:42:49 PM webapp.storage.AbstractStorage save
INFO: &amp#27;[32mSave c20c8a75-a731-4ba9-9b81-eac4cbe62301(uuid2611)
сент. 19, 2025 6:42:49 PM webapp.storage.AbstractStorage save
INFO: &amp#27;[32mSave c516c4c5-bee5-46df-939d-031ebbbca062(uuid2612)
сент. 19, 2025 6:42:49 PM webapp.storage.AbstractStorage save
INFO: &amp#27;[32mSave 6e685514-c693-4592-ab09-75ee0d012f2e(uuid2613)
сент. 19, 2025 6:42:49 PM webapp.storage.AbstractStorage save
INFO: &amp#27;[32mSave 4fe6e4ac-52d5-4f4e-ab9e-9e99588ee230(uuid2614)
сент. 19, 2025 6:42:49 PM webapp.storage.AbstractStorage save
INFO: &amp#27;[32mSave 99aa9d36-09d9-4125-8939-749f85ab1a76(uuid2615)
сент. 19, 2025 6:42:49 PM webapp.storage.AbstractStorage save
INFO: &amp#27;[32mSave 26a5f1dd-6bf3-4061-add7-988d80d049bc(uuid2616)
сент. 19, 2025 6:42:49 PM webapp.storage.AbstractStorage save
INFO: &amp#27;[32mSave 61455689-173e-49d0-a024-06b8b4f1c399(uuid2617)
сент. 19, 2025 6:42:49 PM webapp.storage.AbstractStorage save
INFO: &amp#27;[32mSave 70e0d878-302c-4a9d-bbda-8a3ced7c2493(uuid2618)
сент. 19, 2025 6:42:49 PM webapp.storage.AbstractStorage save
INFO: &amp#27;[32mSave 630b13c8-43fe-427e-94d1-21f2cedc043a(uuid2619)
сент. 19, 2025 6:42:49 PM webapp.storage.AbstractStorage save
INFO: &amp#27;[32mSave 4cf29e56-b1d2-45b8-a15c-35c0f8cf58ea(uuid2620)
сент. 19, 2025 6:42:49 PM webapp.storage.AbstractStorage save
INFO: &amp#27;[32mSave 697bb702-928e-4e62-9581-0c03a083eacf(uuid2621)
сент. 19, 2025 6:42:49 PM webapp.storage.AbstractStorage save
INFO: &amp#27;[32mSave 0fee6460-4825-4adb-a3c4-cbcc6faaeca1(uuid2622)
сент. 19, 2025 6:42:49 PM webapp.storage.AbstractStorage save
INFO: &amp#27;[32mSave 5340b4c2-971a-4aa2-a115-069bf4753b6d(uuid2623)
сент. 19, 2025 6:42:49 PM webapp.storage.AbstractStorage save
INFO: &amp#27;[32mSave ad27262f-8775-487d-aa3b-600ec22b44fc(uuid2624)
сент. 19, 2025 6:42:49 PM webapp.storage.AbstractStorage save
INFO: &amp#27;[32mSave a323dbb6-aff8-4d00-8687-76f32136e59d(uuid2625)
сент. 19, 2025 6:42:49 PM webapp.storage.AbstractStorage save
INFO: &amp#27;[32mSave 76de81f0-0b12-4c2c-9c72-7f0ef3ab38c0(uuid2626)
сент. 19, 2025 6:42:49 PM webapp.storage.AbstractStorage save
INFO: &amp#27;[32mSave cfe5fa16-00cb-4e70-a344-b275e8531bb1(uuid2627)
сент. 19, 2025 6:42:49 PM webapp.storage.AbstractStorage save
INFO: &amp#27;[32mSave 38766d88-ad63-4386-a8fc-da62561960f3(uuid2628)
сент. 19, 2025 6:42:49 PM webapp.storage.AbstractStorage save
INFO: &amp#27;[32mSave 0a5f880a-7a20-4c80-8370-87ae17420fed(uuid2629)
сент. 19, 2025 6:42:49 PM webapp.storage.AbstractStorage save
INFO: &amp#27;[32mSave 70ddd3e9-4a61-4636-8074-b88d1fcb5030(uuid2630)
сент. 19, 2025 6:42:49 PM webapp.storage.AbstractStorage save
INFO: &amp#27;[32mSave cf3fdb8b-ed85-4647-9b2a-a009983aca32(uuid2631)
сент. 19, 2025 6:42:49 PM webapp.storage.AbstractStorage save
INFO: &amp#27;[32mSave 6c86d744-f0a5-40a3-8e98-6d726013db5c(uuid2632)
сент. 19, 2025 6:42:49 PM webapp.storage.AbstractStorage save
INFO: &amp#27;[32mSave b7fd1429-5d01-4913-93b0-37a3ec158a35(uuid2633)
сент. 19, 2025 6:42:49 PM webapp.storage.AbstractStorage save
INFO: &amp#27;[32mSave 30ae1b80-4bab-42eb-9c24-e68481ca1bc6(uuid2634)
сент. 19, 2025 6:42:49 PM webapp.storage.AbstractStorage save
INFO: &amp#27;[32mSave 80856a23-ed3d-4cf9-a918-e348b43d1757(uuid2635)
сент. 19, 2025 6:42:49 PM webapp.storage.AbstractStorage save
INFO: &amp#27;[32mSave e56551e3-9f9f-4c28-bff3-654d1e4b20cc(uuid2636)
сент. 19, 2025 6:42:49 PM webapp.storage.AbstractStorage save
INFO: &amp#27;[32mSave 455c6e0c-3950-4002-ba77-6d1b30d894a1(uuid2637)
сент. 19, 2025 6:42:49 PM webapp.storage.AbstractStorage save
INFO: &amp#27;[32mSave 4676872c-d34b-4047-8967-e27ad2695e82(uuid2638)
сент. 19, 2025 6:42:49 PM webapp.storage.AbstractStorage save
INFO: &amp#27;[32mSave f357534d-7be5-4f6f-a5e2-4ced648ebf6b(uuid2639)
сент. 19, 2025 6:42:49 PM webapp.storage.AbstractStorage save
INFO: &amp#27;[32mSave 034551ed-dda4-4fdb-ad01-6e23b1b7c6d1(uuid2640)
сент. 19, 2025 6:42:49 PM webapp.storage.AbstractStorage save
INFO: &amp#27;[32mSave b970f0ca-1509-44f7-a177-07db941bc88b(uuid2641)
сент. 19, 2025 6:42:49 PM webapp.storage.AbstractStorage save
INFO: &amp#27;[32mSave 0be84dbe-ac2a-4aee-9bf2-7c4dd6a65076(uuid2642)
сент. 19, 2025 6:42:49 PM webapp.storage.AbstractStorage save
INFO: &amp#27;[32mSave 2070e880-2272-41ca-86b7-2d397342fba2(uuid2643)
сент. 19, 2025 6:42:49 PM webapp.storage.AbstractStorage save
INFO: &amp#27;[32mSave 491a92f8-ef85-4aca-adf8-45da680a57c8(uuid2644)
сент. 19, 2025 6:42:49 PM webapp.storage.AbstractStorage save
INFO: &amp#27;[32mSave 958272ce-3c86-497f-8b61-643cb766ea5e(uuid2645)
сент. 19, 2025 6:42:49 PM webapp.storage.AbstractStorage save
INFO: &amp#27;[32mSave f2b43c80-98b1-4f74-b508-8d2068fe3a82(uuid2646)
сент. 19, 2025 6:42:49 PM webapp.storage.AbstractStorage save
INFO: &amp#27;[32mSave e4c12bf0-d2fb-4c28-b0a0-c5012a839eee(uuid2647)
сент. 19, 2025 6:42:49 PM webapp.storage.AbstractStorage save
INFO: &amp#27;[32mSave 3c18507d-6373-41e9-9d51-dbe81693648a(uuid2648)
сент. 19, 2025 6:42:49 PM webapp.storage.AbstractStorage save
INFO: &amp#27;[32mSave 48c59088-5d20-4601-b94e-ac87daadcca9(uuid2649)
сент. 19, 2025 6:42:49 PM webapp.storage.AbstractStorage save
INFO: &amp#27;[32mSave 70169f5e-2e83-45a4-94b3-86e3458472dd(uuid2650)
сент. 19, 2025 6:42:49 PM webapp.storage.AbstractStorage save
INFO: &amp#27;[32mSave 162d9f6b-7427-478e-8f44-4be0abe626fa(uuid2651)
сент. 19, 2025 6:42:49 PM webapp.storage.AbstractStorage save
INFO: &amp#27;[32mSave 59dc4866-62ee-4a9f-8f82-0a1758485f3c(uuid2652)
сент. 19, 2025 6:42:49 PM webapp.storage.AbstractStorage save
INFO: &amp#27;[32mSave 8288ea85-457e-46e2-bbc9-6d626d64eaf4(uuid2653)
сент. 19, 2025 6:42:49 PM webapp.storage.AbstractStorage save
INFO: &amp#27;[32mSave b7a73801-6d7b-410c-b4f9-79df87931421(uuid2654)
сент. 19, 2025 6:42:49 PM webapp.storage.AbstractStorage save
INFO: &amp#27;[32mSave a0c691a7-74a4-480a-94ef-1a519aab0fb4(uuid2655)
сент. 19, 2025 6:42:49 PM webapp.storage.AbstractStorage save
INFO: &amp#27;[32mSave bf70d6a6-4e06-47cf-acb7-f0980e6aef4a(uuid2656)
сент. 19, 2025 6:42:49 PM webapp.storage.AbstractStorage save
INFO: &amp#27;[32mSave a951b355-45df-4183-8959-6a8b5d6c7378(uuid2657)
сент. 19, 2025 6:42:49 PM webapp.storage.AbstractStorage save
INFO: &amp#27;[32mSave e0b8176c-bd06-4aab-a0c6-b476b3d3d89e(uuid2658)
сент. 19, 2025 6:42:49 PM webapp.storage.AbstractStorage save
INFO: &amp#27;[32mSave 5f44b21f-8c91-4036-b085-d2756deb4234(uuid2659)
сент. 19, 2025 6:42:49 PM webapp.storage.AbstractStorage save
INFO: &amp#27;[32mSave 3fa8a919-d542-4678-8670-08a721cc3e73(uuid2660)
сент. 19, 2025 6:42:49 PM webapp.storage.AbstractStorage save
INFO: &amp#27;[32mSave 3a4968fb-31e1-40f2-a013-60e0b997e0fa(uuid2661)
сент. 19, 2025 6:42:49 PM webapp.storage.AbstractStorage save
INFO: &amp#27;[32mSave c11e47b8-4460-4767-87fc-b33ceb2d0401(uuid2662)
сент. 19, 2025 6:42:49 PM webapp.storage.AbstractStorage save
INFO: &amp#27;[32mSave 2eaecc33-97a3-4d4f-9a10-32b860fca14f(uuid2663)
сент. 19, 2025 6:42:49 PM webapp.storage.AbstractStorage save
INFO: &amp#27;[32mSave 20d0ccc3-e41b-4604-8364-6e8a39684552(uuid2664)
сент. 19, 2025 6:42:49 PM webapp.storage.AbstractStorage save
INFO: &amp#27;[32mSave 337d1b63-0af5-40f3-8136-a4ae9f1bfed2(uuid2665)
сент. 19, 2025 6:42:49 PM webapp.storage.AbstractStorage save
INFO: &amp#27;[32mSave a543f2ae-9c39-4bfe-93f9-69e3acf403c9(uuid2666)
сент. 19, 2025 6:42:49 PM webapp.storage.AbstractStorage save
INFO: &amp#27;[32mSave e3a780e7-cc7c-4b96-8aa1-4a438bc2f1a3(uuid2667)
сент. 19, 2025 6:42:49 PM webapp.storage.AbstractStorage save
INFO: &amp#27;[32mSave 70c4894f-552a-4a22-9964-5357f05c2626(uuid2668)
сент. 19, 2025 6:42:49 PM webapp.storage.AbstractStorage save
INFO: &amp#27;[32mSave ded284c5-01dc-4970-b56b-db9d3bcfc986(uuid2669)
сент. 19, 2025 6:42:49 PM webapp.storage.AbstractStorage save
INFO: &amp#27;[32mSave 2816b7f7-39be-4da3-92eb-320554848e28(uuid2670)
сент. 19, 2025 6:42:49 PM webapp.storage.AbstractStorage save
INFO: &amp#27;[32mSave 85f3e05f-227c-4884-8a71-a63b8ebffd6c(uuid2671)
сент. 19, 2025 6:42:49 PM webapp.storage.AbstractStorage save
INFO: &amp#27;[32mSave eb295495-4ab0-4fa1-ae6c-23b4f13bede8(uuid2672)
сент. 19, 2025 6:42:49 PM webapp.storage.AbstractStorage save
INFO: &amp#27;[32mSave 9c65cb63-742f-4a00-8f80-659c75dd5732(uuid2673)
сент. 19, 2025 6:42:49 PM webapp.storage.AbstractStorage save
INFO: &amp#27;[32mSave 524505e4-53e4-413c-bae8-0b2187da15d9(uuid2674)
сент. 19, 2025 6:42:49 PM webapp.storage.AbstractStorage save
INFO: &amp#27;[32mSave 11d1741a-93d7-447e-b910-f9d600dc4808(uuid2675)
сент. 19, 2025 6:42:49 PM webapp.storage.AbstractStorage save
INFO: &amp#27;[32mSave 9e64d52d-e13f-430f-ae1f-a656ef06203e(uuid2676)
сент. 19, 2025 6:42:49 PM webapp.storage.AbstractStorage save
INFO: &amp#27;[32mSave 825d86ac-f8e1-4aea-9d21-35f85babfad5(uuid2677)
сент. 19, 2025 6:42:49 PM webapp.storage.AbstractStorage save
INFO: &amp#27;[32mSave 50d8881e-2057-4fe1-9444-badf88e3af36(uuid2678)
сент. 19, 2025 6:42:49 PM webapp.storage.AbstractStorage save
INFO: &amp#27;[32mSave 6789a8c4-90c7-468c-9d14-388a519c25e0(uuid2679)
сент. 19, 2025 6:42:49 PM webapp.storage.AbstractStorage save
INFO: &amp#27;[32mSave 017edc00-3fa0-4d29-a992-0804d86549e4(uuid2680)
сент. 19, 2025 6:42:49 PM webapp.storage.AbstractStorage save
INFO: &amp#27;[32mSave 38179ce5-0ee1-40e8-b7f5-097f8bf90e46(uuid2681)
сент. 19, 2025 6:42:49 PM webapp.storage.AbstractStorage save
INFO: &amp#27;[32mSave 427d8671-082b-45d6-9d63-563a81d328b5(uuid2682)
сент. 19, 2025 6:42:49 PM webapp.storage.AbstractStorage save
INFO: &amp#27;[32mSave 0704606e-d4b1-44c8-be1c-71a8274c1df8(uuid2683)
сент. 19, 2025 6:42:49 PM webapp.storage.AbstractStorage save
INFO: &amp#27;[32mSave 1ea9f9ab-db4e-48c1-b6a8-f5f8e980e6a7(uuid2684)
сент. 19, 2025 6:42:49 PM webapp.storage.AbstractStorage save
INFO: &amp#27;[32mSave fad8eaad-ae01-4ee5-9c01-6e776ccacff5(uuid2685)
сент. 19, 2025 6:42:49 PM webapp.storage.AbstractStorage save
INFO: &amp#27;[32mSave 224aa498-4f81-48dd-86f9-e2b1bf8f87aa(uuid2686)
сент. 19, 2025 6:42:49 PM webapp.storage.AbstractStorage save
INFO: &amp#27;[32mSave 1496fc07-4543-4d3b-ade6-6207ccc8f600(uuid2687)
сент. 19, 2025 6:42:49 PM webapp.storage.AbstractStorage save
INFO: &amp#27;[32mSave 12d3e7df-2fee-43ba-bccc-296bb26af7cf(uuid2688)
сент. 19, 2025 6:42:49 PM webapp.storage.AbstractStorage save
INFO: &amp#27;[32mSave ef236d45-0ae1-456c-9a85-0348b33411d4(uuid2689)
сент. 19, 2025 6:42:49 PM webapp.storage.AbstractStorage save
INFO: &amp#27;[32mSave bc78a090-e7d2-4500-82df-1696806e909a(uuid2690)
сент. 19, 2025 6:42:49 PM webapp.storage.AbstractStorage save
INFO: &amp#27;[32mSave 1d6b482c-effe-40f3-bd6c-835128b0417f(uuid2691)
сент. 19, 2025 6:42:49 PM webapp.storage.AbstractStorage save
INFO: &amp#27;[32mSave 89a5a4a1-58b4-4f24-92eb-cb8f265d3cc8(uuid2692)
сент. 19, 2025 6:42:49 PM webapp.storage.AbstractStorage save
INFO: &amp#27;[32mSave c31581e3-9d5e-4430-b20b-106a2933ab9a(uuid2693)
сент. 19, 2025 6:42:49 PM webapp.storage.AbstractStorage save
INFO: &amp#27;[32mSave 1b667b97-15cf-4dc0-bf52-a37a5038c1f4(uuid2694)
сент. 19, 2025 6:42:49 PM webapp.storage.AbstractStorage save
INFO: &amp#27;[32mSave fd0e79f3-1f4b-4db4-a2f1-c394ffe9a8c3(uuid2695)
сент. 19, 2025 6:42:49 PM webapp.storage.AbstractStorage save
INFO: &amp#27;[32mSave 371aa1fd-b513-4887-a468-46a7a2e5df29(uuid2696)
сент. 19, 2025 6:42:49 PM webapp.storage.AbstractStorage save
INFO: &amp#27;[32mSave 92bd5f86-010e-45cc-a672-4cd3551e6345(uuid2697)
сент. 19, 2025 6:42:49 PM webapp.storage.AbstractStorage save
INFO: &amp#27;[32mSave 4b4d6b41-a4c8-414b-a28e-3edbe084f536(uuid2698)
сент. 19, 2025 6:42:49 PM webapp.storage.AbstractStorage save
INFO: &amp#27;[32mSave 0a11f563-cade-4d80-badd-e4042167fe2d(uuid2699)
сент. 19, 2025 6:42:49 PM webapp.storage.AbstractStorage save
INFO: &amp#27;[32mSave 3f4718fd-0fd8-4a25-9f6d-ef06a1f7c2e2(uuid2700)
сент. 19, 2025 6:42:49 PM webapp.storage.AbstractStorage save
INFO: &amp#27;[32mSave adc85cd4-252b-4914-8fe3-467320dfe0fc(uuid2701)
сент. 19, 2025 6:42:49 PM webapp.storage.AbstractStorage save
INFO: &amp#27;[32mSave 23318ee5-a4ab-4dd4-ad7a-c36bbe3df9e9(uuid2702)
сент. 19, 2025 6:42:49 PM webapp.storage.AbstractStorage save
INFO: &amp#27;[32mSave 80d31888-d4ce-437b-991e-573b95a7c615(uuid2703)
сент. 19, 2025 6:42:49 PM webapp.storage.AbstractStorage save
INFO: &amp#27;[32mSave 0427cc4b-0fda-42b6-bb58-67bb985208fa(uuid2704)
сент. 19, 2025 6:42:49 PM webapp.storage.AbstractStorage save
INFO: &amp#27;[32mSave 39575562-29ce-40f1-8a26-21a4c7692ec6(uuid2705)
сент. 19, 2025 6:42:49 PM webapp.storage.AbstractStorage save
INFO: &amp#27;[32mSave 1cd82458-d216-4e93-8474-49444f0f79c3(uuid2706)
сент. 19, 2025 6:42:49 PM webapp.storage.AbstractStorage save
INFO: &amp#27;[32mSave d5957cd5-5121-47be-a4a8-fba6e0b71ecb(uuid2707)
сент. 19, 2025 6:42:49 PM webapp.storage.AbstractStorage save
INFO: &amp#27;[32mSave 032d6bf6-7405-4f82-87c4-38d0e0a0fc2b(uuid2708)
сент. 19, 2025 6:42:49 PM webapp.storage.AbstractStorage save
INFO: &amp#27;[32mSave 9ba7d220-42de-4fe0-85f7-7dd5f9be8563(uuid2709)
сент. 19, 2025 6:42:49 PM webapp.storage.AbstractStorage save
INFO: &amp#27;[32mSave d51afe5e-0f9c-4859-bce7-83a25514a8a8(uuid2710)
сент. 19, 2025 6:42:49 PM webapp.storage.AbstractStorage save
INFO: &amp#27;[32mSave 6e177177-3151-4af6-bbb0-7bd075f7fce9(uuid2711)
сент. 19, 2025 6:42:49 PM webapp.storage.AbstractStorage save
INFO: &amp#27;[32mSave 45d33689-5fa3-40ac-a23c-5f09ff49c7e5(uuid2712)
сент. 19, 2025 6:42:49 PM webapp.storage.AbstractStorage save
INFO: &amp#27;[32mSave 106e6b95-aa2f-4870-8d24-9e4df9951bbe(uuid2713)
сент. 19, 2025 6:42:49 PM webapp.storage.AbstractStorage save
INFO: &amp#27;[32mSave beb33ade-61d0-45c6-9bd6-e2ccd4c09d36(uuid2714)
сент. 19, 2025 6:42:49 PM webapp.storage.AbstractStorage save
INFO: &amp#27;[32mSave 5f5a346b-2527-46ab-a171-e488fae87b6b(uuid2715)
сент. 19, 2025 6:42:49 PM webapp.storage.AbstractStorage save
INFO: &amp#27;[32mSave dbd55bbd-23c2-4a0b-a2aa-46b85ffc4cb6(uuid2716)
сент. 19, 2025 6:42:49 PM webapp.storage.AbstractStorage save
INFO: &amp#27;[32mSave fbe8825e-fc51-4042-a03f-c28d2625de30(uuid2717)
сент. 19, 2025 6:42:49 PM webapp.storage.AbstractStorage save
INFO: &amp#27;[32mSave 38eb4e4b-9be8-4e1e-8359-109e7d787480(uuid2718)
сент. 19, 2025 6:42:49 PM webapp.storage.AbstractStorage save
INFO: &amp#27;[32mSave a80688ca-1b08-4aff-bdb1-f0fcc364aec9(uuid2719)
сент. 19, 2025 6:42:49 PM webapp.storage.AbstractStorage save
INFO: &amp#27;[32mSave 5613613b-4cf9-4477-958e-417d80f4a330(uuid2720)
сент. 19, 2025 6:42:49 PM webapp.storage.AbstractStorage save
INFO: &amp#27;[32mSave 9057bc71-a6dd-4a61-afbf-8a4dde9aa37e(uuid2721)
сент. 19, 2025 6:42:49 PM webapp.storage.AbstractStorage save
INFO: &amp#27;[32mSave f9a76824-9eb1-42a8-b7ba-1c9974231015(uuid2722)
сент. 19, 2025 6:42:49 PM webapp.storage.AbstractStorage save
INFO: &amp#27;[32mSave 5665d88b-e723-4689-816c-6a14fecf619d(uuid2723)
сент. 19, 2025 6:42:49 PM webapp.storage.AbstractStorage save
INFO: &amp#27;[32mSave cb5e9335-86bf-4b63-b8ef-8cc1bd92ea95(uuid2724)
сент. 19, 2025 6:42:49 PM webapp.storage.AbstractStorage save
INFO: &amp#27;[32mSave 50eef228-8f14-4306-9fc2-ab1978de03f0(uuid2725)
сент. 19, 2025 6:42:49 PM webapp.storage.AbstractStorage save
INFO: &amp#27;[32mSave b64937d5-bf8e-40ed-94f6-96439fafd69d(uuid2726)
сент. 19, 2025 6:42:49 PM webapp.storage.AbstractStorage save
INFO: &amp#27;[32mSave b9072313-5536-4e6a-b7ac-52cbc5d8889a(uuid2727)
сент. 19, 2025 6:42:49 PM webapp.storage.AbstractStorage save
INFO: &amp#27;[32mSave 147bb6dc-8597-4ed3-a1e1-45f2eea521a0(uuid2728)
сент. 19, 2025 6:42:49 PM webapp.storage.AbstractStorage save
INFO: &amp#27;[32mSave 15f94c22-d651-4434-a72b-ba0ece706098(uuid2729)
сент. 19, 2025 6:42:49 PM webapp.storage.AbstractStorage save
INFO: &amp#27;[32mSave 2eb6161b-4c34-4417-b28a-d88d3168de12(uuid2730)
сент. 19, 2025 6:42:49 PM webapp.storage.AbstractStorage save
INFO: &amp#27;[32mSave 6262c1cb-b778-49b3-95a2-0c59ad44862e(uuid2731)
сент. 19, 2025 6:42:49 PM webapp.storage.AbstractStorage save
INFO: &amp#27;[32mSave 39ae63c7-f7a7-47b7-ac42-343740e84ab2(uuid2732)
сент. 19, 2025 6:42:49 PM webapp.storage.AbstractStorage save
INFO: &amp#27;[32mSave 761a38e0-a313-4bee-b29a-904d479448f1(uuid2733)
сент. 19, 2025 6:42:49 PM webapp.storage.AbstractStorage save
INFO: &amp#27;[32mSave 5256fd2f-e165-4702-8fdd-6c86b661c33f(uuid2734)
сент. 19, 2025 6:42:49 PM webapp.storage.AbstractStorage save
INFO: &amp#27;[32mSave 3447bf6c-5ed6-413e-b0f3-bb5c0129fa82(uuid2735)
сент. 19, 2025 6:42:49 PM webapp.storage.AbstractStorage save
INFO: &amp#27;[32mSave 822101b4-6c45-4384-8ff2-1d8704316d08(uuid2736)
сент. 19, 2025 6:42:49 PM webapp.storage.AbstractStorage save
INFO: &amp#27;[32mSave 854313fc-820e-42ab-b9c3-02ec3a62ca72(uuid2737)
сент. 19, 2025 6:42:49 PM webapp.storage.AbstractStorage save
INFO: &amp#27;[32mSave af666d93-733e-4f1a-9333-7407d9de9ed9(uuid2738)
сент. 19, 2025 6:42:49 PM webapp.storage.AbstractStorage save
INFO: &amp#27;[32mSave bc8f2529-6192-47af-9421-56ff9434133a(uuid2739)
сент. 19, 2025 6:42:49 PM webapp.storage.AbstractStorage save
INFO: &amp#27;[32mSave 00e7fb6e-4e74-45b2-a837-2d62169964c5(uuid2740)
сент. 19, 2025 6:42:49 PM webapp.storage.AbstractStorage save
INFO: &amp#27;[32mSave 77e6c48c-59ba-4b2f-9fa2-9a9648d9ae52(uuid2741)
сент. 19, 2025 6:42:49 PM webapp.storage.AbstractStorage save
INFO: &amp#27;[32mSave 5696dd63-b6f8-428f-9a66-dae407787312(uuid2742)
сент. 19, 2025 6:42:49 PM webapp.storage.AbstractStorage save
INFO: &amp#27;[32mSave 29624f99-bbdc-43a4-b62c-812004444884(uuid2743)
сент. 19, 2025 6:42:49 PM webapp.storage.AbstractStorage save
INFO: &amp#27;[32mSave c46aa51e-bcc3-446f-8a82-800e15a47a69(uuid2744)
сент. 19, 2025 6:42:49 PM webapp.storage.AbstractStorage save
INFO: &amp#27;[32mSave 262167af-f33a-4ab8-9711-85723963649c(uuid2745)
сент. 19, 2025 6:42:49 PM webapp.storage.AbstractStorage save
INFO: &amp#27;[32mSave a4431b30-9504-4ee4-9e37-1c24f4bd5f8c(uuid2746)
сент. 19, 2025 6:42:49 PM webapp.storage.AbstractStorage save
INFO: &amp#27;[32mSave 03d179a0-b7d4-4a87-8b7a-9c9c9a083332(uuid2747)
сент. 19, 2025 6:42:49 PM webapp.storage.AbstractStorage save
INFO: &amp#27;[32mSave 03fc36e4-4ff6-4830-ac51-6ede818d7156(uuid2748)
сент. 19, 2025 6:42:49 PM webapp.storage.AbstractStorage save
INFO: &amp#27;[32mSave cdaa2169-a8d8-4d28-8de3-fb11a2370330(uuid2749)
сент. 19, 2025 6:42:49 PM webapp.storage.AbstractStorage save
INFO: &amp#27;[32mSave a9c4ac51-e02d-49e9-82b3-86649c5bff2a(uuid2750)
сент. 19, 2025 6:42:49 PM webapp.storage.AbstractStorage save
INFO: &amp#27;[32mSave 9ef31c7e-b151-4cf5-a32a-954a36a93b75(uuid2751)
сент. 19, 2025 6:42:49 PM webapp.storage.AbstractStorage save
INFO: &amp#27;[32mSave 75cde554-28b9-48c6-bb81-eeaf58928a6b(uuid2752)
сент. 19, 2025 6:42:49 PM webapp.storage.AbstractStorage save
INFO: &amp#27;[32mSave 49b3046d-f74e-4070-bba0-413e3a8fd67b(uuid2753)
сент. 19, 2025 6:42:49 PM webapp.storage.AbstractStorage save
INFO: &amp#27;[32mSave 27fa5096-5ac3-4b25-b2ae-c6a34bfdffe9(uuid2754)
сент. 19, 2025 6:42:49 PM webapp.storage.AbstractStorage save
INFO: &amp#27;[32mSave cecfb2de-de54-43e5-af27-78c3f36875c8(uuid2755)
сент. 19, 2025 6:42:49 PM webapp.storage.AbstractStorage save
INFO: &amp#27;[32mSave 20429e35-b0fd-4b03-b6db-c11ac87df996(uuid2756)
сент. 19, 2025 6:42:49 PM webapp.storage.AbstractStorage save
INFO: &amp#27;[32mSave dfa46fdc-bd0f-4fc1-9233-dc6e96fd2654(uuid2757)
сент. 19, 2025 6:42:49 PM webapp.storage.AbstractStorage save
INFO: &amp#27;[32mSave 0fd48230-2832-4f2c-97d0-128ce2463381(uuid2758)
сент. 19, 2025 6:42:49 PM webapp.storage.AbstractStorage save
INFO: &amp#27;[32mSave b4c43589-2228-43f5-be83-6f7b08252ccb(uuid2759)
сент. 19, 2025 6:42:49 PM webapp.storage.AbstractStorage save
INFO: &amp#27;[32mSave 5e95ccd2-07b7-4517-aaa5-6372b28041dd(uuid2760)
сент. 19, 2025 6:42:49 PM webapp.storage.AbstractStorage save
INFO: &amp#27;[32mSave 393df5dc-d795-407f-842a-a0eb2d912f3e(uuid2761)
сент. 19, 2025 6:42:49 PM webapp.storage.AbstractStorage save
INFO: &amp#27;[32mSave 10749583-4cb4-4583-8c8e-abd272c31551(uuid2762)
сент. 19, 2025 6:42:49 PM webapp.storage.AbstractStorage save
INFO: &amp#27;[32mSave ad76a23b-060b-479a-9b78-04e9190634ed(uuid2763)
сент. 19, 2025 6:42:49 PM webapp.storage.AbstractStorage save
INFO: &amp#27;[32mSave 122d25f3-1ab9-45be-b8fe-7281ff6d32ec(uuid2764)
сент. 19, 2025 6:42:49 PM webapp.storage.AbstractStorage save
INFO: &amp#27;[32mSave b2ec8f7b-7a9a-405a-88c6-5d95dd965d9f(uuid2765)
сент. 19, 2025 6:42:49 PM webapp.storage.AbstractStorage save
INFO: &amp#27;[32mSave 0aee3a4c-58b2-47ba-9b12-ccd25bc150ba(uuid2766)
сент. 19, 2025 6:42:49 PM webapp.storage.AbstractStorage save
INFO: &amp#27;[32mSave 3b556298-1660-41a9-aa62-09c6a6489e8b(uuid2767)
сент. 19, 2025 6:42:49 PM webapp.storage.AbstractStorage save
INFO: &amp#27;[32mSave 437c4b45-8a1b-4be3-87ef-17ef3cfbc076(uuid2768)
сент. 19, 2025 6:42:49 PM webapp.storage.AbstractStorage save
INFO: &amp#27;[32mSave fd6f54f1-2781-438a-b3a9-224d3da277bd(uuid2769)
сент. 19, 2025 6:42:49 PM webapp.storage.AbstractStorage save
INFO: &amp#27;[32mSave 8f6af00c-e277-461a-9f7a-15fd1dad46a9(uuid2770)
сент. 19, 2025 6:42:49 PM webapp.storage.AbstractStorage save
INFO: &amp#27;[32mSave 0a242f26-b74e-4fa4-8118-5339227b3880(uuid2771)
сент. 19, 2025 6:42:49 PM webapp.storage.AbstractStorage save
INFO: &amp#27;[32mSave e35707a8-a3a0-4f23-9f5c-4c445c3ca474(uuid2772)
сент. 19, 2025 6:42:49 PM webapp.storage.AbstractStorage save
INFO: &amp#27;[32mSave f8f7e040-0bbc-4753-84ef-38ba254d2e32(uuid2773)
сент. 19, 2025 6:42:49 PM webapp.storage.AbstractStorage save
INFO: &amp#27;[32mSave 4daaed98-a7ab-40d5-9ef2-99402f3c4ef7(uuid2774)
сент. 19, 2025 6:42:49 PM webapp.storage.AbstractStorage save
INFO: &amp#27;[32mSave 7c8044dd-bbd8-443e-b1cc-967b0c306827(uuid2775)
сент. 19, 2025 6:42:49 PM webapp.storage.AbstractStorage save
INFO: &amp#27;[32mSave 4b31c76a-b4cb-42b2-afb7-9a81837a4cd9(uuid2776)
сент. 19, 2025 6:42:49 PM webapp.storage.AbstractStorage save
INFO: &amp#27;[32mSave 85cca13c-e1f8-4318-9be5-ad53d2e78004(uuid2777)
сент. 19, 2025 6:42:49 PM webapp.storage.AbstractStorage save
INFO: &amp#27;[32mSave 44aca4a5-c25a-46eb-9679-610d4139b994(uuid2778)
сент. 19, 2025 6:42:49 PM webapp.storage.AbstractStorage save
INFO: &amp#27;[32mSave 6f31126d-738d-482d-8e92-db7439d73b83(uuid2779)
сент. 19, 2025 6:42:49 PM webapp.storage.AbstractStorage save
INFO: &amp#27;[32mSave c5233598-95fa-415d-b7c6-e9fb1b565960(uuid2780)
сент. 19, 2025 6:42:49 PM webapp.storage.AbstractStorage save
INFO: &amp#27;[32mSave c6d4d5ee-3737-40c9-9cc0-582205e0e38c(uuid2781)
сент. 19, 2025 6:42:49 PM webapp.storage.AbstractStorage save
INFO: &amp#27;[32mSave 0210597f-2902-4cd3-873e-82793d389bd8(uuid2782)
сент. 19, 2025 6:42:49 PM webapp.storage.AbstractStorage save
INFO: &amp#27;[32mSave 431f99c2-b01c-491b-b773-1132279a0c53(uuid2783)
сент. 19, 2025 6:42:49 PM webapp.storage.AbstractStorage save
INFO: &amp#27;[32mSave c233fdc9-f3a8-41fe-ba52-0ea566a83f27(uuid2784)
сент. 19, 2025 6:42:49 PM webapp.storage.AbstractStorage save
INFO: &amp#27;[32mSave ddc5e2b5-a099-4376-9df2-0a14f76e333f(uuid2785)
сент. 19, 2025 6:42:49 PM webapp.storage.AbstractStorage save
INFO: &amp#27;[32mSave 8dee4a5f-dbd4-40c5-881b-7eb5e040ee13(uuid2786)
сент. 19, 2025 6:42:49 PM webapp.storage.AbstractStorage save
INFO: &amp#27;[32mSave 11d72e3c-5157-401e-abff-5373d31d7215(uuid2787)
сент. 19, 2025 6:42:49 PM webapp.storage.AbstractStorage save
INFO: &amp#27;[32mSave 5f558bb4-f53f-49e2-94ef-b52504adf510(uuid2788)
сент. 19, 2025 6:42:49 PM webapp.storage.AbstractStorage save
INFO: &amp#27;[32mSave 71fe7348-3de8-4eae-9e9b-d31ab58d4b81(uuid2789)
сент. 19, 2025 6:42:49 PM webapp.storage.AbstractStorage save
INFO: &amp#27;[32mSave dd9262ee-f474-4176-9eb5-eccc46a81476(uuid2790)
сент. 19, 2025 6:42:49 PM webapp.storage.AbstractStorage save
INFO: &amp#27;[32mSave 6b4ac5c8-79e1-4c40-8ee5-818b825f873f(uuid2791)
сент. 19, 2025 6:42:49 PM webapp.storage.AbstractStorage save
INFO: &amp#27;[32mSave 9f68bc16-0ab4-4c2f-890c-db2be6b9b3a0(uuid2792)
сент. 19, 2025 6:42:49 PM webapp.storage.AbstractStorage save
INFO: &amp#27;[32mSave d013eb99-dc97-489d-8920-0e422371633b(uuid2793)
сент. 19, 2025 6:42:49 PM webapp.storage.AbstractStorage save
INFO: &amp#27;[32mSave 7bd01b59-9727-45d6-91f4-79429ea1aecd(uuid2794)
сент. 19, 2025 6:42:49 PM webapp.storage.AbstractStorage save
INFO: &amp#27;[32mSave 2c591692-33d6-4028-9b93-957062c7650a(uuid2795)
сент. 19, 2025 6:42:49 PM webapp.storage.AbstractStorage save
INFO: &amp#27;[32mSave 8b5db95b-cf74-46aa-8040-81af77bc8c77(uuid2796)
сент. 19, 2025 6:42:49 PM webapp.storage.AbstractStorage save
INFO: &amp#27;[32mSave 01044c29-1594-433b-91e1-ca5dd06a955e(uuid2797)
сент. 19, 2025 6:42:49 PM webapp.storage.AbstractStorage save
INFO: &amp#27;[32mSave f65039cf-d217-4428-8053-52903edb746b(uuid2798)
сент. 19, 2025 6:42:49 PM webapp.storage.AbstractStorage save
INFO: &amp#27;[32mSave 3e310bc2-56b2-44f3-8f1d-883fe0784ea7(uuid2799)
сент. 19, 2025 6:42:49 PM webapp.storage.AbstractStorage save
INFO: &amp#27;[32mSave ea8a40c8-d086-4dfc-b915-268a2329bb95(uuid2800)
сент. 19, 2025 6:42:49 PM webapp.storage.AbstractStorage save
INFO: &amp#27;[32mSave 05693c4a-363c-425c-96c7-c613dca6baba(uuid2801)
сент. 19, 2025 6:42:49 PM webapp.storage.AbstractStorage save
INFO: &amp#27;[32mSave b2dba4f9-6f18-4041-bed3-64de6a935dc8(uuid2802)
сент. 19, 2025 6:42:49 PM webapp.storage.AbstractStorage save
INFO: &amp#27;[32mSave c9edea28-33cd-4d28-bbb5-ead951c09336(uuid2803)
сент. 19, 2025 6:42:49 PM webapp.storage.AbstractStorage save
INFO: &amp#27;[32mSave a038ee25-b8b8-4321-9f48-e117e5fde6b6(uuid2804)
сент. 19, 2025 6:42:49 PM webapp.storage.AbstractStorage save
INFO: &amp#27;[32mSave 002ed898-9e6d-46dc-a144-e7d7be6e7be1(uuid2805)
сент. 19, 2025 6:42:49 PM webapp.storage.AbstractStorage save
INFO: &amp#27;[32mSave 242e7271-26b0-4993-a6aa-992485b85092(uuid2806)
сент. 19, 2025 6:42:49 PM webapp.storage.AbstractStorage save
INFO: &amp#27;[32mSave ced754f0-3354-44e7-b94e-d3f126fd23db(uuid2807)
сент. 19, 2025 6:42:49 PM webapp.storage.AbstractStorage save
INFO: &amp#27;[32mSave a7603076-a47b-45af-8915-5a68faf1195d(uuid2808)
сент. 19, 2025 6:42:49 PM webapp.storage.AbstractStorage save
INFO: &amp#27;[32mSave ce038590-e229-4aa1-bd35-63a1ccad1ed1(uuid2809)
сент. 19, 2025 6:42:49 PM webapp.storage.AbstractStorage save
INFO: &amp#27;[32mSave be48b329-92cf-4fcb-bac1-c421c7d57250(uuid2810)
сент. 19, 2025 6:42:49 PM webapp.storage.AbstractStorage save
INFO: &amp#27;[32mSave cf177b3f-9697-4235-910a-6941b79823f2(uuid2811)
сент. 19, 2025 6:42:49 PM webapp.storage.AbstractStorage save
INFO: &amp#27;[32mSave ad721a44-e9ec-4c9a-99e9-2b0c8c604ae7(uuid2812)
сент. 19, 2025 6:42:49 PM webapp.storage.AbstractStorage save
INFO: &amp#27;[32mSave 26ce89cb-2615-4a98-800a-85233f7b1eac(uuid2813)
сент. 19, 2025 6:42:49 PM webapp.storage.AbstractStorage save
INFO: &amp#27;[32mSave 0f1f6868-8699-4720-942a-6960ba355faa(uuid2814)
сент. 19, 2025 6:42:49 PM webapp.storage.AbstractStorage save
INFO: &amp#27;[32mSave fc27a29d-b8e1-4a0f-9465-6bd48467c06b(uuid2815)
сент. 19, 2025 6:42:49 PM webapp.storage.AbstractStorage save
INFO: &amp#27;[32mSave 8416ba16-22e7-4473-9598-7e05adeb70aa(uuid2816)
сент. 19, 2025 6:42:49 PM webapp.storage.AbstractStorage save
INFO: &amp#27;[32mSave 701e0014-3d19-43cd-bdc0-4e57de7ed365(uuid2817)
сент. 19, 2025 6:42:49 PM webapp.storage.AbstractStorage save
INFO: &amp#27;[32mSave 44174b4b-b5ed-4627-bf79-4928fb795405(uuid2818)
сент. 19, 2025 6:42:49 PM webapp.storage.AbstractStorage save
INFO: &amp#27;[32mSave 0a1e50ac-3928-4397-ac5c-6a743c442f8f(uuid2819)
сент. 19, 2025 6:42:49 PM webapp.storage.AbstractStorage save
INFO: &amp#27;[32mSave f16942df-c1c9-40ce-86fb-4efe2a5daf2a(uuid2820)
сент. 19, 2025 6:42:49 PM webapp.storage.AbstractStorage save
INFO: &amp#27;[32mSave 9808cfc0-d4cd-45d6-b3b3-0388a2b96095(uuid2821)
сент. 19, 2025 6:42:49 PM webapp.storage.AbstractStorage save
INFO: &amp#27;[32mSave 2f78209d-ee63-464b-b594-e02618724707(uuid2822)
сент. 19, 2025 6:42:49 PM webapp.storage.AbstractStorage save
INFO: &amp#27;[32mSave 3eebe138-4e0e-42ca-a371-fe50fcb4c30a(uuid2823)
сент. 19, 2025 6:42:49 PM webapp.storage.AbstractStorage save
INFO: &amp#27;[32mSave cb4410a6-c46c-4dcb-a6bf-5526371e46ec(uuid2824)
сент. 19, 2025 6:42:49 PM webapp.storage.AbstractStorage save
INFO: &amp#27;[32mSave 859d157a-7626-46e8-a495-c6a0fd323557(uuid2825)
сент. 19, 2025 6:42:49 PM webapp.storage.AbstractStorage save
INFO: &amp#27;[32mSave 3c3c2259-7548-476f-bca7-1a05a7bfec65(uuid2826)
сент. 19, 2025 6:42:49 PM webapp.storage.AbstractStorage save
INFO: &amp#27;[32mSave cc675b2f-7339-4a61-8f40-12bc4e1c016a(uuid2827)
сент. 19, 2025 6:42:49 PM webapp.storage.AbstractStorage save
INFO: &amp#27;[32mSave 690f121c-fe63-48ec-a8eb-d3d8a2cadda6(uuid2828)
сент. 19, 2025 6:42:49 PM webapp.storage.AbstractStorage save
INFO: &amp#27;[32mSave c2014900-a3ed-4709-95a0-c8d91d0ce6d5(uuid2829)
сент. 19, 2025 6:42:49 PM webapp.storage.AbstractStorage save
INFO: &amp#27;[32mSave a29dc721-4573-4396-8b86-cc58abff8a63(uuid2830)
сент. 19, 2025 6:42:49 PM webapp.storage.AbstractStorage save
INFO: &amp#27;[32mSave 7904e5fc-5438-41b4-8a6f-b81f5179bb8d(uuid2831)
сент. 19, 2025 6:42:49 PM webapp.storage.AbstractStorage save
INFO: &amp#27;[32mSave 180cf6f7-68ad-4c1e-84bb-3a5a2715f1dc(uuid2832)
сент. 19, 2025 6:42:49 PM webapp.storage.AbstractStorage save
INFO: &amp#27;[32mSave 08c7c5bf-cd8e-467e-88dc-2232c339c33a(uuid2833)
сент. 19, 2025 6:42:49 PM webapp.storage.AbstractStorage save
INFO: &amp#27;[32mSave 340484c1-ee09-4122-9ef6-7f38d3b9fdb6(uuid2834)
сент. 19, 2025 6:42:49 PM webapp.storage.AbstractStorage save
INFO: &amp#27;[32mSave 7f381dbc-a807-4f1c-a0f0-1fc4b8ac7a7e(uuid2835)
сент. 19, 2025 6:42:49 PM webapp.storage.AbstractStorage save
INFO: &amp#27;[32mSave da33a4e1-73ac-4384-ae0d-c56fd2d33b5d(uuid2836)
сент. 19, 2025 6:42:49 PM webapp.storage.AbstractStorage save
INFO: &amp#27;[32mSave 498919e2-09c9-408c-87d6-5a2edcefeb59(uuid2837)
сент. 19, 2025 6:42:49 PM webapp.storage.AbstractStorage save
INFO: &amp#27;[32mSave bba931d9-daa9-432e-abfb-ae6805169599(uuid2838)
сент. 19, 2025 6:42:49 PM webapp.storage.AbstractStorage save
INFO: &amp#27;[32mSave 89b69d5c-204b-4c5d-b08e-57210f0f9ca3(uuid2839)
сент. 19, 2025 6:42:49 PM webapp.storage.AbstractStorage save
INFO: &amp#27;[32mSave 14e295a1-022b-42a2-8d1b-8025aaeec870(uuid2840)
сент. 19, 2025 6:42:49 PM webapp.storage.AbstractStorage save
INFO: &amp#27;[32mSave 89f4aa4a-8d27-4e68-94bf-0d5a902dedae(uuid2841)
сент. 19, 2025 6:42:49 PM webapp.storage.AbstractStorage save
INFO: &amp#27;[32mSave b62eb18f-26e0-4dbc-abf4-3457a10da316(uuid2842)
сент. 19, 2025 6:42:49 PM webapp.storage.AbstractStorage save
INFO: &amp#27;[32mSave 92783d5a-3a06-4fe1-af74-872d3d239780(uuid2843)
сент. 19, 2025 6:42:49 PM webapp.storage.AbstractStorage save
INFO: &amp#27;[32mSave 24e53de3-a64e-4a1d-92cd-a895c80de814(uuid2844)
сент. 19, 2025 6:42:49 PM webapp.storage.AbstractStorage save
INFO: &amp#27;[32mSave 0be2e5d1-cc4a-42e9-9964-b18c4c972ac3(uuid2845)
сент. 19, 2025 6:42:49 PM webapp.storage.AbstractStorage save
INFO: &amp#27;[32mSave 9d88218d-dfdb-40c3-914a-e81ff8596aa0(uuid2846)
сент. 19, 2025 6:42:49 PM webapp.storage.AbstractStorage save
INFO: &amp#27;[32mSave 6398cafa-2670-452c-b092-718e2e540c72(uuid2847)
сент. 19, 2025 6:42:49 PM webapp.storage.AbstractStorage save
INFO: &amp#27;[32mSave c3fe4abb-46ea-4ede-a08e-c6cdf270c6f1(uuid2848)
сент. 19, 2025 6:42:49 PM webapp.storage.AbstractStorage save
INFO: &amp#27;[32mSave 55731ee0-ab0c-41bf-9cb9-d93a35daacdd(uuid2849)
сент. 19, 2025 6:42:49 PM webapp.storage.AbstractStorage save
INFO: &amp#27;[32mSave 1cce6da3-86f1-4907-9c4d-c13b9cbdd771(uuid2850)
сент. 19, 2025 6:42:49 PM webapp.storage.AbstractStorage save
INFO: &amp#27;[32mSave d49851fb-6004-42b6-b427-8b33d8227c46(uuid2851)
сент. 19, 2025 6:42:49 PM webapp.storage.AbstractStorage save
INFO: &amp#27;[32mSave b522d454-7bc3-4a6f-a162-03f35b84fe59(uuid2852)
сент. 19, 2025 6:42:49 PM webapp.storage.AbstractStorage save
INFO: &amp#27;[32mSave 188f1329-b6bf-4520-9b9b-af052e0f3d8f(uuid2853)
сент. 19, 2025 6:42:49 PM webapp.storage.AbstractStorage save
INFO: &amp#27;[32mSave 71ae3003-6db3-41b9-8577-1439e7a8fa6b(uuid2854)
сент. 19, 2025 6:42:49 PM webapp.storage.AbstractStorage save
INFO: &amp#27;[32mSave b0fe1b61-254d-4b7a-9a01-12bc26905594(uuid2855)
сент. 19, 2025 6:42:49 PM webapp.storage.AbstractStorage save
INFO: &amp#27;[32mSave 7c8885cd-17d3-4f34-8b11-010657cc4c88(uuid2856)
сент. 19, 2025 6:42:49 PM webapp.storage.AbstractStorage save
INFO: &amp#27;[32mSave 5c98ef87-6107-4097-ad82-f9ff025b174e(uuid2857)
сент. 19, 2025 6:42:49 PM webapp.storage.AbstractStorage save
INFO: &amp#27;[32mSave c98b7ac8-9615-46dc-93f9-a6bad77e0635(uuid2858)
сент. 19, 2025 6:42:49 PM webapp.storage.AbstractStorage save
INFO: &amp#27;[32mSave ea632ffd-639b-410d-8ae8-0fc73be239ea(uuid2859)
сент. 19, 2025 6:42:49 PM webapp.storage.AbstractStorage save
INFO: &amp#27;[32mSave 0a28be46-74d1-4087-9092-d4034d19359e(uuid2860)
сент. 19, 2025 6:42:49 PM webapp.storage.AbstractStorage save
INFO: &amp#27;[32mSave 1b3889b4-bac1-457d-a054-ee78e9ddffa9(uuid2861)
сент. 19, 2025 6:42:49 PM webapp.storage.AbstractStorage save
INFO: &amp#27;[32mSave d6a1a846-26c6-49c6-be0a-5a13d170d477(uuid2862)
сент. 19, 2025 6:42:49 PM webapp.storage.AbstractStorage save
INFO: &amp#27;[32mSave bf87b5c6-e91d-42fa-84e2-f61c5472c0aa(uuid2863)
сент. 19, 2025 6:42:49 PM webapp.storage.AbstractStorage save
INFO: &amp#27;[32mSave 8f40fc88-9d44-4417-b282-3201b842e749(uuid2864)
сент. 19, 2025 6:42:49 PM webapp.storage.AbstractStorage save
INFO: &amp#27;[32mSave d6d8f7ef-d763-4b2a-81e9-227903b37c81(uuid2865)
сент. 19, 2025 6:42:49 PM webapp.storage.AbstractStorage save
INFO: &amp#27;[32mSave c7dc2e44-450e-42cd-8d83-ee069fc603dc(uuid2866)
сент. 19, 2025 6:42:49 PM webapp.storage.AbstractStorage save
INFO: &amp#27;[32mSave c2716e9a-758e-4577-b9e5-a06d2eb03894(uuid2867)
сент. 19, 2025 6:42:49 PM webapp.storage.AbstractStorage save
INFO: &amp#27;[32mSave 1c669450-8a0a-4b2f-a17d-75a131657a26(uuid2868)
сент. 19, 2025 6:42:49 PM webapp.storage.AbstractStorage save
INFO: &amp#27;[32mSave ff1ab6bf-3801-4b8c-968d-1d3158efe8db(uuid2869)
сент. 19, 2025 6:42:49 PM webapp.storage.AbstractStorage save
INFO: &amp#27;[32mSave a2886ec1-2dc5-46c9-b32d-47179fdbe51c(uuid2870)
сент. 19, 2025 6:42:49 PM webapp.storage.AbstractStorage save
INFO: &amp#27;[32mSave 4a868df6-d5a5-46b2-b649-b603644a5287(uuid2871)
сент. 19, 2025 6:42:49 PM webapp.storage.AbstractStorage save
INFO: &amp#27;[32mSave a11447e0-e732-4a62-84c7-266ae5ee7bdf(uuid2872)
сент. 19, 2025 6:42:49 PM webapp.storage.AbstractStorage save
INFO: &amp#27;[32mSave 436e05e2-ecfb-4a8c-91d3-f5ff1baee256(uuid2873)
сент. 19, 2025 6:42:49 PM webapp.storage.AbstractStorage save
INFO: &amp#27;[32mSave 1f24e597-5048-4b8d-8d45-89cc719a96bd(uuid2874)
сент. 19, 2025 6:42:49 PM webapp.storage.AbstractStorage save
INFO: &amp#27;[32mSave ce71240c-d6c3-46d5-b263-87c5f555d617(uuid2875)
сент. 19, 2025 6:42:49 PM webapp.storage.AbstractStorage save
INFO: &amp#27;[32mSave 384fcbf4-b407-4b50-8b0c-582fe88c49a6(uuid2876)
сент. 19, 2025 6:42:49 PM webapp.storage.AbstractStorage save
INFO: &amp#27;[32mSave 65639237-ed8a-447c-9d5c-2072ff440e14(uuid2877)
сент. 19, 2025 6:42:49 PM webapp.storage.AbstractStorage save
INFO: &amp#27;[32mSave e1ba53d8-8a6e-4f24-b03d-90e9b5acd815(uuid2878)
сент. 19, 2025 6:42:49 PM webapp.storage.AbstractStorage save
INFO: &amp#27;[32mSave 9da4b3f8-aa9a-40d8-8a54-338a3a2e95ee(uuid2879)
сент. 19, 2025 6:42:49 PM webapp.storage.AbstractStorage save
INFO: &amp#27;[32mSave d807a2d1-4e62-48b1-ba15-b06a0f8acf98(uuid2880)
сент. 19, 2025 6:42:49 PM webapp.storage.AbstractStorage save
INFO: &amp#27;[32mSave 4857b8a5-58b5-4f35-9917-b5820f8146fa(uuid2881)
сент. 19, 2025 6:42:49 PM webapp.storage.AbstractStorage save
INFO: &amp#27;[32mSave 3ee4c332-71ad-471f-9640-54814c177e6e(uuid2882)
сент. 19, 2025 6:42:49 PM webapp.storage.AbstractStorage save
INFO: &amp#27;[32mSave 8d81f404-9a95-478f-9919-6d9526162fc2(uuid2883)
сент. 19, 2025 6:42:49 PM webapp.storage.AbstractStorage save
INFO: &amp#27;[32mSave 067d5a4a-d16e-4c36-96bf-4c30ea085b29(uuid2884)
сент. 19, 2025 6:42:49 PM webapp.storage.AbstractStorage save
INFO: &amp#27;[32mSave 224b8034-15a9-430d-b158-88818f9ce55d(uuid2885)
сент. 19, 2025 6:42:49 PM webapp.storage.AbstractStorage save
INFO: &amp#27;[32mSave 0329a4be-41ef-49cd-a606-1e6cf1c92fad(uuid2886)
сент. 19, 2025 6:42:49 PM webapp.storage.AbstractStorage save
INFO: &amp#27;[32mSave 1354c1b1-a307-4b8e-a849-c4b9135cfbb1(uuid2887)
сент. 19, 2025 6:42:49 PM webapp.storage.AbstractStorage save
INFO: &amp#27;[32mSave f8f86539-ce64-4e16-9ba1-c3155ecc2db8(uuid2888)
сент. 19, 2025 6:42:49 PM webapp.storage.AbstractStorage save
INFO: &amp#27;[32mSave 921971d0-f9cd-465b-890e-77e9db6fec3c(uuid2889)
сент. 19, 2025 6:42:49 PM webapp.storage.AbstractStorage save
INFO: &amp#27;[32mSave 6b99297f-2792-450d-988c-4aa95a15085a(uuid2890)
сент. 19, 2025 6:42:49 PM webapp.storage.AbstractStorage save
INFO: &amp#27;[32mSave 640e418e-7aab-42cf-a6b2-27320b04a522(uuid2891)
сент. 19, 2025 6:42:49 PM webapp.storage.AbstractStorage save
INFO: &amp#27;[32mSave c593fb9b-5ede-4e98-b76f-d97010b4c064(uuid2892)
сент. 19, 2025 6:42:49 PM webapp.storage.AbstractStorage save
INFO: &amp#27;[32mSave cf2c1a2e-2b8d-43b1-a844-0968d82d50ae(uuid2893)
сент. 19, 2025 6:42:49 PM webapp.storage.AbstractStorage save
INFO: &amp#27;[32mSave d3518d20-1781-462e-80b9-c8cebead4518(uuid2894)
сент. 19, 2025 6:42:49 PM webapp.storage.AbstractStorage save
INFO: &amp#27;[32mSave d42afb43-01ce-442d-8032-22ded6afdd42(uuid2895)
сент. 19, 2025 6:42:49 PM webapp.storage.AbstractStorage save
INFO: &amp#27;[32mSave 61564b39-ab83-4cf0-a4c8-43a4bd56b104(uuid2896)
сент. 19, 2025 6:42:49 PM webapp.storage.AbstractStorage save
INFO: &amp#27;[32mSave f8cd18a6-2114-4219-b5cc-d2ed2e4adec5(uuid2897)
сент. 19, 2025 6:42:49 PM webapp.storage.AbstractStorage save
INFO: &amp#27;[32mSave 93f4d094-63e7-4ffb-84f7-a837725a260d(uuid2898)
сент. 19, 2025 6:42:49 PM webapp.storage.AbstractStorage save
INFO: &amp#27;[32mSave 0fb5182b-45b3-4cca-8acf-c99cd541945f(uuid2899)
сент. 19, 2025 6:42:49 PM webapp.storage.AbstractStorage save
INFO: &amp#27;[32mSave 5ac7465b-a921-400c-a7c6-4ca0fe527c7e(uuid2900)
сент. 19, 2025 6:42:49 PM webapp.storage.AbstractStorage save
INFO: &amp#27;[32mSave 5ba197c4-a08d-45cb-b296-8544c0868ea3(uuid2901)
сент. 19, 2025 6:42:49 PM webapp.storage.AbstractStorage save
INFO: &amp#27;[32mSave 5f16c1de-e4ee-4ed1-8c2e-1a3448200e67(uuid2902)
сент. 19, 2025 6:42:49 PM webapp.storage.AbstractStorage save
INFO: &amp#27;[32mSave a2b5402d-fd1b-4cbf-8b6e-380f181eafb4(uuid2903)
сент. 19, 2025 6:42:49 PM webapp.storage.AbstractStorage save
INFO: &amp#27;[32mSave 589e348e-2083-4992-a325-db9829d120e2(uuid2904)
сент. 19, 2025 6:42:49 PM webapp.storage.AbstractStorage save
INFO: &amp#27;[32mSave a1562017-c489-47bb-86b8-c883047db02c(uuid2905)
сент. 19, 2025 6:42:49 PM webapp.storage.AbstractStorage save
INFO: &amp#27;[32mSave 2a0df898-159c-4bd8-969c-a9eeb3eb1e33(uuid2906)
сент. 19, 2025 6:42:49 PM webapp.storage.AbstractStorage save
INFO: &amp#27;[32mSave 52a0cbe2-88b7-46f7-ae6d-20a6507b4ad1(uuid2907)
сент. 19, 2025 6:42:49 PM webapp.storage.AbstractStorage save
INFO: &amp#27;[32mSave 7a0463e5-f546-4edb-a712-824c2854cc8f(uuid2908)
сент. 19, 2025 6:42:49 PM webapp.storage.AbstractStorage save
INFO: &amp#27;[32mSave 0b9619d1-59ff-400e-b652-78e6e0307440(uuid2909)
сент. 19, 2025 6:42:49 PM webapp.storage.AbstractStorage save
INFO: &amp#27;[32mSave 447dc0f5-0012-4598-976c-48773e26d926(uuid2910)
сент. 19, 2025 6:42:49 PM webapp.storage.AbstractStorage save
INFO: &amp#27;[32mSave 4f3f1ba6-8aed-40a9-b895-47e48920084e(uuid2911)
сент. 19, 2025 6:42:49 PM webapp.storage.AbstractStorage save
INFO: &amp#27;[32mSave 1c7219bf-a60e-4d0f-9186-65f14a6a1b10(uuid2912)
сент. 19, 2025 6:42:49 PM webapp.storage.AbstractStorage save
INFO: &amp#27;[32mSave 0772ec3d-eda6-497b-ba31-9aa10bb247f9(uuid2913)
сент. 19, 2025 6:42:49 PM webapp.storage.AbstractStorage save
INFO: &amp#27;[32mSave cf0579d6-d37a-48fe-a07e-6c1281282372(uuid2914)
сент. 19, 2025 6:42:49 PM webapp.storage.AbstractStorage save
INFO: &amp#27;[32mSave 5d080aa3-c38d-4396-9fe0-853c75d72858(uuid2915)
сент. 19, 2025 6:42:49 PM webapp.storage.AbstractStorage save
INFO: &amp#27;[32mSave 1a19d0d6-c099-4eeb-ae2c-b9f6ff6ef535(uuid2916)
сент. 19, 2025 6:42:49 PM webapp.storage.AbstractStorage save
INFO: &amp#27;[32mSave 414f895f-822e-4f36-ba54-923ab3984e89(uuid2917)
сент. 19, 2025 6:42:49 PM webapp.storage.AbstractStorage save
INFO: &amp#27;[32mSave 6e38b3d9-7316-446c-8995-a8e76d6d51a6(uuid2918)
сент. 19, 2025 6:42:49 PM webapp.storage.AbstractStorage save
INFO: &amp#27;[32mSave 5dec8791-96c4-48d8-8573-6a6e3b2ee7b6(uuid2919)
сент. 19, 2025 6:42:49 PM webapp.storage.AbstractStorage save
INFO: &amp#27;[32mSave 394709f4-4355-4ddc-a015-c86039a58aea(uuid2920)
сент. 19, 2025 6:42:49 PM webapp.storage.AbstractStorage save
INFO: &amp#27;[32mSave 56e9e389-2064-49cc-8a4d-6a6415cf5317(uuid2921)
сент. 19, 2025 6:42:49 PM webapp.storage.AbstractStorage save
INFO: &amp#27;[32mSave cb176d87-24aa-41ab-8c5f-ac48be2747f3(uuid2922)
сент. 19, 2025 6:42:49 PM webapp.storage.AbstractStorage save
INFO: &amp#27;[32mSave fcb6e625-1a58-4c8b-b560-05b6c1822e48(uuid2923)
сент. 19, 2025 6:42:49 PM webapp.storage.AbstractStorage save
INFO: &amp#27;[32mSave f8f4c126-f39d-4945-890d-bd39f4d8661e(uuid2924)
сент. 19, 2025 6:42:49 PM webapp.storage.AbstractStorage save
INFO: &amp#27;[32mSave a1b118d1-ede1-41ed-b391-1b2169ba0a78(uuid2925)
сент. 19, 2025 6:42:49 PM webapp.storage.AbstractStorage save
INFO: &amp#27;[32mSave bc36553d-b412-44c1-bd9f-f9df4f7821ad(uuid2926)
сент. 19, 2025 6:42:49 PM webapp.storage.AbstractStorage save
INFO: &amp#27;[32mSave 44be8fce-4193-40fc-b2e7-313bf53e68cb(uuid2927)
сент. 19, 2025 6:42:49 PM webapp.storage.AbstractStorage save
INFO: &amp#27;[32mSave 95fec7ec-cc4b-47d6-8335-afbceefc2d39(uuid2928)
сент. 19, 2025 6:42:49 PM webapp.storage.AbstractStorage save
INFO: &amp#27;[32mSave a85d2902-ea0b-4a83-9ece-e53b62253347(uuid2929)
сент. 19, 2025 6:42:49 PM webapp.storage.AbstractStorage save
INFO: &amp#27;[32mSave eef1eff8-0137-4b36-b820-9d9c997bb14a(uuid2930)
сент. 19, 2025 6:42:49 PM webapp.storage.AbstractStorage save
INFO: &amp#27;[32mSave a5901ce3-35e4-494f-a73a-560110bae8bc(uuid2931)
сент. 19, 2025 6:42:49 PM webapp.storage.AbstractStorage save
INFO: &amp#27;[32mSave 5ebd700e-18d1-4e5c-be32-3c06ca278d7a(uuid2932)
сент. 19, 2025 6:42:49 PM webapp.storage.AbstractStorage save
INFO: &amp#27;[32mSave 84620ac6-2500-43fb-ae9b-15aae2038e90(uuid2933)
сент. 19, 2025 6:42:49 PM webapp.storage.AbstractStorage save
INFO: &amp#27;[32mSave 19e1a75a-b44c-4888-818b-21995c073f0d(uuid2934)
сент. 19, 2025 6:42:49 PM webapp.storage.AbstractStorage save
INFO: &amp#27;[32mSave 398ce592-877f-4f3a-a7f2-02574b7e12ca(uuid2935)
сент. 19, 2025 6:42:49 PM webapp.storage.AbstractStorage save
INFO: &amp#27;[32mSave 77bde64f-63ec-4dd8-8afa-daac13dc82c9(uuid2936)
сент. 19, 2025 6:42:49 PM webapp.storage.AbstractStorage save
INFO: &amp#27;[32mSave 905e926d-a136-4471-a77a-197d5fc1ae04(uuid2937)
сент. 19, 2025 6:42:49 PM webapp.storage.AbstractStorage save
INFO: &amp#27;[32mSave 54ece9c5-eab8-475e-87c1-c0791ec1357e(uuid2938)
сент. 19, 2025 6:42:49 PM webapp.storage.AbstractStorage save
INFO: &amp#27;[32mSave 0862091e-0a07-4784-8974-d04fefe6897f(uuid2939)
сент. 19, 2025 6:42:49 PM webapp.storage.AbstractStorage save
INFO: &amp#27;[32mSave fff93800-5be2-4cc3-83df-155313b96b50(uuid2940)
сент. 19, 2025 6:42:49 PM webapp.storage.AbstractStorage save
INFO: &amp#27;[32mSave 9cf53449-0be5-442a-b370-eea8923a7aa3(uuid2941)
сент. 19, 2025 6:42:49 PM webapp.storage.AbstractStorage save
INFO: &amp#27;[32mSave 990feb6f-f8e0-4dda-bf4c-5cf51fdf0e89(uuid2942)
сент. 19, 2025 6:42:49 PM webapp.storage.AbstractStorage save
INFO: &amp#27;[32mSave 428e4c3d-9d6d-4bf8-a13f-b472e0e966e5(uuid2943)
сент. 19, 2025 6:42:49 PM webapp.storage.AbstractStorage save
INFO: &amp#27;[32mSave 0834057e-73ee-4747-b459-1149feaf2662(uuid2944)
сент. 19, 2025 6:42:49 PM webapp.storage.AbstractStorage save
INFO: &amp#27;[32mSave c13eae69-f089-4dbb-bf79-6b1fc72241f1(uuid2945)
сент. 19, 2025 6:42:49 PM webapp.storage.AbstractStorage save
INFO: &amp#27;[32mSave 5ba35785-7d70-488a-980c-e1f5416724cc(uuid2946)
сент. 19, 2025 6:42:49 PM webapp.storage.AbstractStorage save
INFO: &amp#27;[32mSave ce5d3f02-097e-447f-a9ca-623451b0c77b(uuid2947)
сент. 19, 2025 6:42:49 PM webapp.storage.AbstractStorage save
INFO: &amp#27;[32mSave 90d9a217-2f14-4b60-8262-e435943803bf(uuid2948)
сент. 19, 2025 6:42:49 PM webapp.storage.AbstractStorage save
INFO: &amp#27;[32mSave e2729917-8049-441b-918b-f549236ad157(uuid2949)
сент. 19, 2025 6:42:49 PM webapp.storage.AbstractStorage save
INFO: &amp#27;[32mSave bfc4b054-114b-47d7-80d0-8cb370a46140(uuid2950)
сент. 19, 2025 6:42:49 PM webapp.storage.AbstractStorage save
INFO: &amp#27;[32mSave 0d548b2c-6a81-482c-b42d-c10dbb012981(uuid2951)
сент. 19, 2025 6:42:49 PM webapp.storage.AbstractStorage save
INFO: &amp#27;[32mSave 0ecc844b-6a4c-4735-b60a-9ec3e499ba4a(uuid2952)
сент. 19, 2025 6:42:49 PM webapp.storage.AbstractStorage save
INFO: &amp#27;[32mSave 91893f3b-59c6-4eac-ab98-a62722f36217(uuid2953)
сент. 19, 2025 6:42:49 PM webapp.storage.AbstractStorage save
INFO: &amp#27;[32mSave 72b33946-12d4-4978-80f4-0c49287b6ce4(uuid2954)
сент. 19, 2025 6:42:49 PM webapp.storage.AbstractStorage save
INFO: &amp#27;[32mSave 28490062-9dfd-4d9f-8fbf-9f4ce8871f09(uuid2955)
сент. 19, 2025 6:42:49 PM webapp.storage.AbstractStorage save
INFO: &amp#27;[32mSave 5a770096-21c1-4480-8ee1-2df19e050798(uuid2956)
сент. 19, 2025 6:42:49 PM webapp.storage.AbstractStorage save
INFO: &amp#27;[32mSave 8baa0893-ef8d-4c12-aaa4-adeb2a6e1382(uuid2957)
сент. 19, 2025 6:42:49 PM webapp.storage.AbstractStorage save
INFO: &amp#27;[32mSave 6ea0f30b-56e3-4dc7-bdac-f967a6debec7(uuid2958)
сент. 19, 2025 6:42:49 PM webapp.storage.AbstractStorage save
INFO: &amp#27;[32mSave d2b617fb-70ca-460a-940e-13df6951dd1e(uuid2959)
сент. 19, 2025 6:42:49 PM webapp.storage.AbstractStorage save
INFO: &amp#27;[32mSave d6e761bc-f152-40fe-867c-08622e23020f(uuid2960)
сент. 19, 2025 6:42:49 PM webapp.storage.AbstractStorage save
INFO: &amp#27;[32mSave f4c6df08-e2f8-4e37-a957-75311df7435a(uuid2961)
сент. 19, 2025 6:42:49 PM webapp.storage.AbstractStorage save
INFO: &amp#27;[32mSave f5803251-707e-4694-95ff-3baafb0a9bfa(uuid2962)
сент. 19, 2025 6:42:49 PM webapp.storage.AbstractStorage save
INFO: &amp#27;[32mSave b3b20a06-0690-4574-8086-823d05315f29(uuid2963)
сент. 19, 2025 6:42:49 PM webapp.storage.AbstractStorage save
INFO: &amp#27;[32mSave 124900b2-44df-44bc-afc6-a672686867db(uuid2964)
сент. 19, 2025 6:42:49 PM webapp.storage.AbstractStorage save
INFO: &amp#27;[32mSave 7c493ce9-4c9a-444f-8812-ee88d76a557e(uuid2965)
сент. 19, 2025 6:42:49 PM webapp.storage.AbstractStorage save
INFO: &amp#27;[32mSave 7657a697-920b-4a50-a6d9-a0c0049b4e03(uuid2966)
сент. 19, 2025 6:42:49 PM webapp.storage.AbstractStorage save
INFO: &amp#27;[32mSave 0f02e695-8d04-4c05-8cc2-b86e8eb3704e(uuid2967)
сент. 19, 2025 6:42:49 PM webapp.storage.AbstractStorage save
INFO: &amp#27;[32mSave 16d99eca-1414-4b88-a309-d638d9422ac3(uuid2968)
сент. 19, 2025 6:42:49 PM webapp.storage.AbstractStorage save
INFO: &amp#27;[32mSave 23fc9b47-e107-4cd0-9d6b-ac0175bf8766(uuid2969)
сент. 19, 2025 6:42:49 PM webapp.storage.AbstractStorage save
INFO: &amp#27;[32mSave 5fc14a0b-1b40-4560-8c7c-f5f1a32e04b2(uuid2970)
сент. 19, 2025 6:42:49 PM webapp.storage.AbstractStorage save
INFO: &amp#27;[32mSave ed6007f0-64fa-4930-b5b5-fcd2ce1a74b4(uuid2971)
сент. 19, 2025 6:42:49 PM webapp.storage.AbstractStorage save
INFO: &amp#27;[32mSave 0ae68239-c6d1-493d-8346-fdd33c4d14b5(uuid2972)
сент. 19, 2025 6:42:49 PM webapp.storage.AbstractStorage save
INFO: &amp#27;[32mSave b3f9f78e-5778-485c-a09b-c2788e74415e(uuid2973)
сент. 19, 2025 6:42:49 PM webapp.storage.AbstractStorage save
INFO: &amp#27;[32mSave a5e05e7e-4f50-460f-bfec-fc39ad3bd7bb(uuid2974)
сент. 19, 2025 6:42:49 PM webapp.storage.AbstractStorage save
INFO: &amp#27;[32mSave 557dcab8-6d32-4057-b9fa-2ffdc4765eec(uuid2975)
сент. 19, 2025 6:42:49 PM webapp.storage.AbstractStorage save
INFO: &amp#27;[32mSave a75fabed-07aa-470f-ab3f-c034fdba327f(uuid2976)
сент. 19, 2025 6:42:49 PM webapp.storage.AbstractStorage save
INFO: &amp#27;[32mSave 8a916daf-1add-4d7f-9dda-39466700ec2c(uuid2977)
сент. 19, 2025 6:42:49 PM webapp.storage.AbstractStorage save
INFO: &amp#27;[32mSave 2e9c3889-3564-42a9-8de1-84d02701b505(uuid2978)
сент. 19, 2025 6:42:49 PM webapp.storage.AbstractStorage save
INFO: &amp#27;[32mSave 5625c89a-ff6d-4074-acac-273bcb920790(uuid2979)
сент. 19, 2025 6:42:49 PM webapp.storage.AbstractStorage save
INFO: &amp#27;[32mSave d413db2a-1151-4fad-9756-669e356355bb(uuid2980)
сент. 19, 2025 6:42:49 PM webapp.storage.AbstractStorage save
INFO: &amp#27;[32mSave be91144c-cca5-4ee6-ac52-106a7f9493bd(uuid2981)
сент. 19, 2025 6:42:49 PM webapp.storage.AbstractStorage save
INFO: &amp#27;[32mSave d706fa56-7bd9-4129-859c-3ebc6a84a975(uuid2982)
сент. 19, 2025 6:42:49 PM webapp.storage.AbstractStorage save
INFO: &amp#27;[32mSave ad157b23-0615-42ac-af4d-b49b52bec7d6(uuid2983)
сент. 19, 2025 6:42:49 PM webapp.storage.AbstractStorage save
INFO: &amp#27;[32mSave a5fe1a04-4ea9-459d-b63c-40c2afa69b83(uuid2984)
сент. 19, 2025 6:42:49 PM webapp.storage.AbstractStorage save
INFO: &amp#27;[32mSave 75bef053-2ed2-4fb0-b79c-45415ee656bf(uuid2985)
сент. 19, 2025 6:42:49 PM webapp.storage.AbstractStorage save
INFO: &amp#27;[32mSave 393ac86b-8872-4642-802c-e31a89e2baf5(uuid2986)
сент. 19, 2025 6:42:49 PM webapp.storage.AbstractStorage save
INFO: &amp#27;[32mSave 9e5ff1c1-4890-47f9-8988-095befdc3b7e(uuid2987)
сент. 19, 2025 6:42:49 PM webapp.storage.AbstractStorage save
INFO: &amp#27;[32mSave f74123bf-1514-409f-b011-91ad327b1bff(uuid2988)
сент. 19, 2025 6:42:49 PM webapp.storage.AbstractStorage save
INFO: &amp#27;[32mSave 521c06bf-595a-4806-94f4-3388578e1a8d(uuid2989)
сент. 19, 2025 6:42:49 PM webapp.storage.AbstractStorage save
INFO: &amp#27;[32mSave b130055e-adef-4c23-8d0b-5ae32b95df43(uuid2990)
сент. 19, 2025 6:42:49 PM webapp.storage.AbstractStorage save
INFO: &amp#27;[32mSave 17a48a1b-9c87-42d5-b72b-887c441d274f(uuid2991)
сент. 19, 2025 6:42:49 PM webapp.storage.AbstractStorage save
INFO: &amp#27;[32mSave fa79038d-260b-4fcc-86b2-ce30e25d788e(uuid2992)
сент. 19, 2025 6:42:49 PM webapp.storage.AbstractStorage save
INFO: &amp#27;[32mSave 28065ec3-bda1-465b-bab5-4a4757885604(uuid2993)
сент. 19, 2025 6:42:49 PM webapp.storage.AbstractStorage save
INFO: &amp#27;[32mSave cb20a975-06cf-4d15-9909-fc3698a60721(uuid2994)
сент. 19, 2025 6:42:49 PM webapp.storage.AbstractStorage save
INFO: &amp#27;[32mSave 5e992d88-6cec-41ff-89e8-1ea317808adf(uuid2995)
сент. 19, 2025 6:42:49 PM webapp.storage.AbstractStorage save
INFO: &amp#27;[32mSave 8d86fd02-1f6e-4097-8631-ee425500d209(uuid2996)
сент. 19, 2025 6:42:49 PM webapp.storage.AbstractStorage save
INFO: &amp#27;[32mSave a6412741-bd77-4b03-843f-ff9e9931b953(uuid2997)
сент. 19, 2025 6:42:49 PM webapp.storage.AbstractStorage save
INFO: &amp#27;[32mSave 6180061f-d39a-4f1e-ba96-cf5e31510916(uuid2998)
сент. 19, 2025 6:42:49 PM webapp.storage.AbstractStorage save
INFO: &amp#27;[32mSave 32e8d15f-0237-4632-9afe-3e95b52c1a76(uuid2999)
сент. 19, 2025 6:42:49 PM webapp.storage.AbstractStorage save
INFO: &amp#27;[32mSave 9acbe379-91b3-44cf-97ee-ae505ff0b8cd(uuid3000)
сент. 19, 2025 6:42:49 PM webapp.storage.AbstractStorage save
INFO: &amp#27;[32mSave 2b04fb3d-80e5-4b18-9fb5-758f739c2858(uuid3001)
сент. 19, 2025 6:42:49 PM webapp.storage.AbstractStorage save
INFO: &amp#27;[32mSave 90f49d0b-8e57-4845-ad15-ce8a564abb36(uuid3002)
сент. 19, 2025 6:42:49 PM webapp.storage.AbstractStorage save
INFO: &amp#27;[32mSave f706173f-de8f-4ba7-9a2c-681c848c1d9c(uuid3003)
сент. 19, 2025 6:42:49 PM webapp.storage.AbstractStorage save
INFO: &amp#27;[32mSave e280f64f-5d1a-4c96-b97a-fa5b45f4092e(uuid3004)
сент. 19, 2025 6:42:49 PM webapp.storage.AbstractStorage save
INFO: &amp#27;[32mSave 8b35bdc4-7518-4f2a-ba14-c3aac694a9df(uuid3005)
сент. 19, 2025 6:42:49 PM webapp.storage.AbstractStorage save
INFO: &amp#27;[32mSave ca4b4126-7679-4129-a503-ba5f29ce7d92(uuid3006)
сент. 19, 2025 6:42:49 PM webapp.storage.AbstractStorage save
INFO: &amp#27;[32mSave ab8e918d-b4be-4e5c-8b24-ca06af6add66(uuid3007)
сент. 19, 2025 6:42:49 PM webapp.storage.AbstractStorage save
INFO: &amp#27;[32mSave 9a15fac9-eb49-43c3-a18e-c4e572f63a98(uuid3008)
сент. 19, 2025 6:42:49 PM webapp.storage.AbstractStorage save
INFO: &amp#27;[32mSave 450e0a70-8aac-4dd1-a165-f76186f8ccd1(uuid3009)
сент. 19, 2025 6:42:49 PM webapp.storage.AbstractStorage save
INFO: &amp#27;[32mSave 6550ef5b-be10-496b-b2d9-2ebc53b94957(uuid3010)
сент. 19, 2025 6:42:49 PM webapp.storage.AbstractStorage save
INFO: &amp#27;[32mSave 0cd50226-d3e9-4fec-9c45-4295d121e0e7(uuid3011)
сент. 19, 2025 6:42:49 PM webapp.storage.AbstractStorage save
INFO: &amp#27;[32mSave 47f95125-6725-4acb-a55f-e742449afa7f(uuid3012)
сент. 19, 2025 6:42:49 PM webapp.storage.AbstractStorage save
INFO: &amp#27;[32mSave d70f3364-80d1-4f58-a7d9-70d13cd9988b(uuid3013)
сент. 19, 2025 6:42:49 PM webapp.storage.AbstractStorage save
INFO: &amp#27;[32mSave 04403f3c-1fa0-4f06-a7dc-0dd35967ffd1(uuid3014)
сент. 19, 2025 6:42:49 PM webapp.storage.AbstractStorage save
INFO: &amp#27;[32mSave 921d0fa6-474c-4fa5-9dfd-4409fdd778a8(uuid3015)
сент. 19, 2025 6:42:49 PM webapp.storage.AbstractStorage save
INFO: &amp#27;[32mSave bbb330e5-f79e-4dea-b275-cb203385098b(uuid3016)
сент. 19, 2025 6:42:49 PM webapp.storage.AbstractStorage save
INFO: &amp#27;[32mSave 49c0ac06-d377-4681-a8d4-4629ef3e0118(uuid3017)
сент. 19, 2025 6:42:49 PM webapp.storage.AbstractStorage save
INFO: &amp#27;[32mSave 8a5d932e-214e-41c1-a5fe-e227ab39f825(uuid3018)
сент. 19, 2025 6:42:49 PM webapp.storage.AbstractStorage save
INFO: &amp#27;[32mSave 7b9645f1-b98c-4ce1-87bd-6bc5537c24fe(uuid3019)
сент. 19, 2025 6:42:49 PM webapp.storage.AbstractStorage save
INFO: &amp#27;[32mSave dc798876-6ea7-40d1-bb6b-93ce50f1310d(uuid3020)
сент. 19, 2025 6:42:49 PM webapp.storage.AbstractStorage save
INFO: &amp#27;[32mSave 01b588c4-32c2-494c-bbb0-8c4c44a63bfb(uuid3021)
сент. 19, 2025 6:42:49 PM webapp.storage.AbstractStorage save
INFO: &amp#27;[32mSave 3e60dc89-eebb-47e6-a6d9-5666eb8281e9(uuid3022)
сент. 19, 2025 6:42:49 PM webapp.storage.AbstractStorage save
INFO: &amp#27;[32mSave 229c05a4-076a-4839-9c89-cd74ad09b1c2(uuid3023)
сент. 19, 2025 6:42:49 PM webapp.storage.AbstractStorage save
INFO: &amp#27;[32mSave ffd72205-a2d0-4793-a913-1bb09cb7519e(uuid3024)
сент. 19, 2025 6:42:49 PM webapp.storage.AbstractStorage save
INFO: &amp#27;[32mSave b66c1039-f788-43f0-86fd-4a3d735e5fa0(uuid3025)
сент. 19, 2025 6:42:49 PM webapp.storage.AbstractStorage save
INFO: &amp#27;[32mSave f0051725-a55a-4f01-87da-45980e4ac2dc(uuid3026)
сент. 19, 2025 6:42:49 PM webapp.storage.AbstractStorage save
INFO: &amp#27;[32mSave 3336c2e6-c814-4c8f-ad4c-9b4afb5eb816(uuid3027)
сент. 19, 2025 6:42:49 PM webapp.storage.AbstractStorage save
INFO: &amp#27;[32mSave 91e3c102-0018-4ed4-ac8c-77e25fa4e51c(uuid3028)
сент. 19, 2025 6:42:49 PM webapp.storage.AbstractStorage save
INFO: &amp#27;[32mSave e99299cb-e773-4a30-ab25-f1a727a493f7(uuid3029)
сент. 19, 2025 6:42:49 PM webapp.storage.AbstractStorage save
INFO: &amp#27;[32mSave 1b7411a2-bbc7-4f06-bef5-ad50c2d6b83b(uuid3030)
сент. 19, 2025 6:42:49 PM webapp.storage.AbstractStorage save
INFO: &amp#27;[32mSave 30e35e81-5d47-4f3e-9592-f075aad5bd64(uuid3031)
сент. 19, 2025 6:42:49 PM webapp.storage.AbstractStorage save
INFO: &amp#27;[32mSave 868a0f88-6953-4d4b-938b-2df3a4e58831(uuid3032)
сент. 19, 2025 6:42:49 PM webapp.storage.AbstractStorage save
INFO: &amp#27;[32mSave 7423ab78-6854-4dbf-ae89-547e0b4dc6f3(uuid3033)
сент. 19, 2025 6:42:49 PM webapp.storage.AbstractStorage save
INFO: &amp#27;[32mSave dee62c66-16e5-4061-806a-17e6582bd9a6(uuid3034)
сент. 19, 2025 6:42:49 PM webapp.storage.AbstractStorage save
INFO: &amp#27;[32mSave d6b97aa8-9036-4efd-8624-a646c5430b18(uuid3035)
сент. 19, 2025 6:42:49 PM webapp.storage.AbstractStorage save
INFO: &amp#27;[32mSave 06b711f3-5de7-47f7-8d57-f43b9f56d6be(uuid3036)
сент. 19, 2025 6:42:49 PM webapp.storage.AbstractStorage save
INFO: &amp#27;[32mSave 09a35d8d-b414-4911-8cc2-2a68ed1b0f21(uuid3037)
сент. 19, 2025 6:42:49 PM webapp.storage.AbstractStorage save
INFO: &amp#27;[32mSave 55b6fea7-3be0-4d7d-a0a0-1c3a6129fd0f(uuid3038)
сент. 19, 2025 6:42:49 PM webapp.storage.AbstractStorage save
INFO: &amp#27;[32mSave 51b47e97-83f1-4177-a221-c847d04d1649(uuid3039)
сент. 19, 2025 6:42:49 PM webapp.storage.AbstractStorage save
INFO: &amp#27;[32mSave c8df1305-15c7-477e-bb51-e945e9a71607(uuid3040)
сент. 19, 2025 6:42:49 PM webapp.storage.AbstractStorage save
INFO: &amp#27;[32mSave 8aeb1fd3-a9a2-42a7-a679-26ba3118d4ef(uuid3041)
сент. 19, 2025 6:42:49 PM webapp.storage.AbstractStorage save
INFO: &amp#27;[32mSave 80e546cb-4059-44f0-b0e9-3981358bf01e(uuid3042)
сент. 19, 2025 6:42:49 PM webapp.storage.AbstractStorage save
INFO: &amp#27;[32mSave e5a8ddc9-4664-4daf-8f76-fe643163a80c(uuid3043)
сент. 19, 2025 6:42:49 PM webapp.storage.AbstractStorage save
INFO: &amp#27;[32mSave a0fdc055-305f-4b4a-ab18-ce3b3828edff(uuid3044)
сент. 19, 2025 6:42:49 PM webapp.storage.AbstractStorage save
INFO: &amp#27;[32mSave 28fc7e46-0e0b-4c89-874e-017c486fed69(uuid3045)
сент. 19, 2025 6:42:49 PM webapp.storage.AbstractStorage save
INFO: &amp#27;[32mSave b9a5d66f-25d5-4373-900d-5e9161df8c81(uuid3046)
сент. 19, 2025 6:42:49 PM webapp.storage.AbstractStorage save
INFO: &amp#27;[32mSave f4666b96-a934-4429-a0be-598bed961a99(uuid3047)
сент. 19, 2025 6:42:49 PM webapp.storage.AbstractStorage save
INFO: &amp#27;[32mSave 618454d6-4a37-408a-985a-c2db31a9b042(uuid3048)
сент. 19, 2025 6:42:49 PM webapp.storage.AbstractStorage save
INFO: &amp#27;[32mSave 86d4fd21-470d-4099-9377-389bf816f91a(uuid3049)
сент. 19, 2025 6:42:49 PM webapp.storage.AbstractStorage save
INFO: &amp#27;[32mSave 19a1c86c-a15e-4fa8-a966-a0bfd423ad76(uuid3050)
сент. 19, 2025 6:42:49 PM webapp.storage.AbstractStorage save
INFO: &amp#27;[32mSave 6c6d34ca-048f-4fd4-bbe7-99a553e3a3bd(uuid3051)
сент. 19, 2025 6:42:49 PM webapp.storage.AbstractStorage save
INFO: &amp#27;[32mSave 0d068e6c-c447-4cd7-baf8-a50dbed8bca2(uuid3052)
сент. 19, 2025 6:42:49 PM webapp.storage.AbstractStorage save
INFO: &amp#27;[32mSave b9513cab-151e-42c6-82b7-12fd308c51de(uuid3053)
сент. 19, 2025 6:42:49 PM webapp.storage.AbstractStorage save
INFO: &amp#27;[32mSave 9d34bee9-5970-4660-a057-1f3c91e40272(uuid3054)
сент. 19, 2025 6:42:49 PM webapp.storage.AbstractStorage save
INFO: &amp#27;[32mSave 9061ab2e-6b5e-4abe-855b-4717a8b039a4(uuid3055)
сент. 19, 2025 6:42:49 PM webapp.storage.AbstractStorage save
INFO: &amp#27;[32mSave 1bdd4a2b-70d3-43be-b256-8fcf954083f3(uuid3056)
сент. 19, 2025 6:42:49 PM webapp.storage.AbstractStorage save
INFO: &amp#27;[32mSave cc5ec433-a07c-4efa-9754-6e4851133a0e(uuid3057)
сент. 19, 2025 6:42:49 PM webapp.storage.AbstractStorage save
INFO: &amp#27;[32mSave 6a09a53d-66f9-4a21-8b4f-a16073c909bb(uuid3058)
сент. 19, 2025 6:42:49 PM webapp.storage.AbstractStorage save
INFO: &amp#27;[32mSave 8650ba5f-15d4-451d-b914-2a131631da37(uuid3059)
сент. 19, 2025 6:42:49 PM webapp.storage.AbstractStorage save
INFO: &amp#27;[32mSave fdfbb7c6-e0b5-499e-89f3-2ec14c0dd052(uuid3060)
сент. 19, 2025 6:42:49 PM webapp.storage.AbstractStorage save
INFO: &amp#27;[32mSave b954c58c-85b0-4793-bd95-35da4c7def08(uuid3061)
сент. 19, 2025 6:42:49 PM webapp.storage.AbstractStorage save
INFO: &amp#27;[32mSave 033db397-ec2a-4ca3-9a58-6be1cf4f4d68(uuid3062)
сент. 19, 2025 6:42:49 PM webapp.storage.AbstractStorage save
INFO: &amp#27;[32mSave 3d6233ae-8e11-4c47-a4d7-c81c3edc9db7(uuid3063)
сент. 19, 2025 6:42:49 PM webapp.storage.AbstractStorage save
INFO: &amp#27;[32mSave 7e1acb7a-8e11-4101-b502-4d96618fed39(uuid3064)
сент. 19, 2025 6:42:49 PM webapp.storage.AbstractStorage save
INFO: &amp#27;[32mSave ef38a540-028a-4c2b-9ae5-5462909db47b(uuid3065)
сент. 19, 2025 6:42:49 PM webapp.storage.AbstractStorage save
INFO: &amp#27;[32mSave 01f13ddb-d74e-4f98-a42e-4c15857943cd(uuid3066)
сент. 19, 2025 6:42:49 PM webapp.storage.AbstractStorage save
INFO: &amp#27;[32mSave e23d95bd-9a4d-4e64-8e71-3c353d639096(uuid3067)
сент. 19, 2025 6:42:49 PM webapp.storage.AbstractStorage save
INFO: &amp#27;[32mSave 598dcc56-f49d-47fa-b3b3-b748e172a3b2(uuid3068)
сент. 19, 2025 6:42:49 PM webapp.storage.AbstractStorage save
INFO: &amp#27;[32mSave 513a05d0-4875-4c6b-a068-45d203f30d80(uuid3069)
сент. 19, 2025 6:42:49 PM webapp.storage.AbstractStorage save
INFO: &amp#27;[32mSave 3f7d1ca3-9da8-4d72-807a-d003d2eac653(uuid3070)
сент. 19, 2025 6:42:49 PM webapp.storage.AbstractStorage save
INFO: &amp#27;[32mSave d77d90d7-dce7-4efa-8824-a6c72e16e11d(uuid3071)
сент. 19, 2025 6:42:49 PM webapp.storage.AbstractStorage save
INFO: &amp#27;[32mSave 54b1ddab-98ba-434c-bf6f-1833d319506f(uuid3072)
сент. 19, 2025 6:42:49 PM webapp.storage.AbstractStorage save
INFO: &amp#27;[32mSave 1ce53a0c-d8f5-4b46-b517-7912b826b503(uuid3073)
сент. 19, 2025 6:42:49 PM webapp.storage.AbstractStorage save
INFO: &amp#27;[32mSave 43f83b0c-b835-4a5a-b29b-7e53fca6412f(uuid3074)
сент. 19, 2025 6:42:49 PM webapp.storage.AbstractStorage save
INFO: &amp#27;[32mSave 87840a39-b6a9-4ac1-af83-e12398ea1b3e(uuid3075)
сент. 19, 2025 6:42:49 PM webapp.storage.AbstractStorage save
INFO: &amp#27;[32mSave a783f30c-9b0f-4162-89a6-6be31b92f74e(uuid3076)
сент. 19, 2025 6:42:49 PM webapp.storage.AbstractStorage save
INFO: &amp#27;[32mSave 4ee392f0-4a9d-4b78-b410-7d9daab70ed3(uuid3077)
сент. 19, 2025 6:42:49 PM webapp.storage.AbstractStorage save
INFO: &amp#27;[32mSave 63756dda-7f59-4c5b-a9cb-75fe786c940c(uuid3078)
сент. 19, 2025 6:42:49 PM webapp.storage.AbstractStorage save
INFO: &amp#27;[32mSave 46cfb377-29bb-4785-9437-00b7efcd6cdd(uuid3079)
сент. 19, 2025 6:42:49 PM webapp.storage.AbstractStorage save
INFO: &amp#27;[32mSave c4e00f31-e412-4767-b9f3-f1ae5d463586(uuid3080)
сент. 19, 2025 6:42:49 PM webapp.storage.AbstractStorage save
INFO: &amp#27;[32mSave aa8f6e69-ed9a-46df-a951-73ba4f474c13(uuid3081)
сент. 19, 2025 6:42:49 PM webapp.storage.AbstractStorage save
INFO: &amp#27;[32mSave 2de4503c-9eec-4ff1-90d0-03612bda66de(uuid3082)
сент. 19, 2025 6:42:49 PM webapp.storage.AbstractStorage save
INFO: &amp#27;[32mSave fd96c240-dc8b-4633-9ded-e56853252766(uuid3083)
сент. 19, 2025 6:42:49 PM webapp.storage.AbstractStorage save
INFO: &amp#27;[32mSave 40851b7b-dcaf-49a7-a94f-fb4c4f05aa22(uuid3084)
сент. 19, 2025 6:42:49 PM webapp.storage.AbstractStorage save
INFO: &amp#27;[32mSave bdd93124-fee0-4c37-812e-4c0c422dc3e4(uuid3085)
сент. 19, 2025 6:42:49 PM webapp.storage.AbstractStorage save
INFO: &amp#27;[32mSave d479690b-d77a-4c42-864c-28df5ebdfcf1(uuid3086)
сент. 19, 2025 6:42:49 PM webapp.storage.AbstractStorage save
INFO: &amp#27;[32mSave 07fadd7b-1cf5-4306-9c82-ab85784ea992(uuid3087)
сент. 19, 2025 6:42:49 PM webapp.storage.AbstractStorage save
INFO: &amp#27;[32mSave 6d6cf683-6cb3-4548-96e5-1ee6747fb6cd(uuid3088)
сент. 19, 2025 6:42:49 PM webapp.storage.AbstractStorage save
INFO: &amp#27;[32mSave f05d2025-ea3b-4964-a65f-0ae7dba3bbc6(uuid3089)
сент. 19, 2025 6:42:49 PM webapp.storage.AbstractStorage save
INFO: &amp#27;[32mSave 949a186f-601e-4f03-958b-bf9097cb2ff1(uuid3090)
сент. 19, 2025 6:42:49 PM webapp.storage.AbstractStorage save
INFO: &amp#27;[32mSave eb5ffc95-5750-4236-add6-35fa9ed211ea(uuid3091)
сент. 19, 2025 6:42:49 PM webapp.storage.AbstractStorage save
INFO: &amp#27;[32mSave 52dde00f-9cab-4c81-9342-693969485397(uuid3092)
сент. 19, 2025 6:42:49 PM webapp.storage.AbstractStorage save
INFO: &amp#27;[32mSave 7c07e923-3209-42ec-ace0-83b613f65f23(uuid3093)
сент. 19, 2025 6:42:49 PM webapp.storage.AbstractStorage save
INFO: &amp#27;[32mSave 65e3195b-6959-491f-acf2-b9ad81165b83(uuid3094)
сент. 19, 2025 6:42:49 PM webapp.storage.AbstractStorage save
INFO: &amp#27;[32mSave 4f5c1d9f-ef99-4815-9935-e428d8a8845b(uuid3095)
сент. 19, 2025 6:42:49 PM webapp.storage.AbstractStorage save
INFO: &amp#27;[32mSave 877dca83-fc92-46ec-a4c7-c7f1bffeda2e(uuid3096)
сент. 19, 2025 6:42:49 PM webapp.storage.AbstractStorage save
INFO: &amp#27;[32mSave 6368c733-8a55-404a-a31f-bfbed169647e(uuid3097)
сент. 19, 2025 6:42:49 PM webapp.storage.AbstractStorage save
INFO: &amp#27;[32mSave d9481d08-c546-45ea-bc35-6fd239a12f15(uuid3098)
сент. 19, 2025 6:42:49 PM webapp.storage.AbstractStorage save
INFO: &amp#27;[32mSave f26835ba-7425-463c-b527-4fb1331df739(uuid3099)
сент. 19, 2025 6:42:49 PM webapp.storage.AbstractStorage save
INFO: &amp#27;[32mSave b5445ded-7d46-4e6a-88a6-3243a5c6adcc(uuid3100)
сент. 19, 2025 6:42:49 PM webapp.storage.AbstractStorage save
INFO: &amp#27;[32mSave c352e22d-71e9-4659-b2cd-6b0f36f41055(uuid3101)
сент. 19, 2025 6:42:49 PM webapp.storage.AbstractStorage save
INFO: &amp#27;[32mSave 16d82c09-cee3-4d97-947b-070e136ca1c4(uuid3102)
сент. 19, 2025 6:42:49 PM webapp.storage.AbstractStorage save
INFO: &amp#27;[32mSave a597d302-2f3f-499b-bd71-2d4b3555099f(uuid3103)
сент. 19, 2025 6:42:49 PM webapp.storage.AbstractStorage save
INFO: &amp#27;[32mSave b0fcfb82-c67e-4447-b418-90660c100c54(uuid3104)
сент. 19, 2025 6:42:49 PM webapp.storage.AbstractStorage save
INFO: &amp#27;[32mSave 3dfc912c-ed6c-45f3-b99e-2d20a17fe610(uuid3105)
сент. 19, 2025 6:42:49 PM webapp.storage.AbstractStorage save
INFO: &amp#27;[32mSave 4bc3e8cb-442f-468d-b71e-ba8590351cf8(uuid3106)
сент. 19, 2025 6:42:49 PM webapp.storage.AbstractStorage save
INFO: &amp#27;[32mSave e80ff315-e633-48ab-9fe6-cc30be674610(uuid3107)
сент. 19, 2025 6:42:49 PM webapp.storage.AbstractStorage save
INFO: &amp#27;[32mSave b0572127-fd46-447e-b48a-daf38fd48097(uuid3108)
сент. 19, 2025 6:42:49 PM webapp.storage.AbstractStorage save
INFO: &amp#27;[32mSave 5f7edfdf-d009-40b1-b44e-4f39a781ab52(uuid3109)
сент. 19, 2025 6:42:49 PM webapp.storage.AbstractStorage save
INFO: &amp#27;[32mSave 4205459c-97cd-4e4b-8ec6-a750fd8a15e6(uuid3110)
сент. 19, 2025 6:42:49 PM webapp.storage.AbstractStorage save
INFO: &amp#27;[32mSave 62214453-b59e-4fa1-92db-12eac490c92a(uuid3111)
сент. 19, 2025 6:42:49 PM webapp.storage.AbstractStorage save
INFO: &amp#27;[32mSave 4d408c13-19c6-4669-9328-ffca5e8f7aa3(uuid3112)
сент. 19, 2025 6:42:49 PM webapp.storage.AbstractStorage save
INFO: &amp#27;[32mSave a46b9184-5e27-447c-97b2-48e62527e882(uuid3113)
сент. 19, 2025 6:42:49 PM webapp.storage.AbstractStorage save
INFO: &amp#27;[32mSave 036571fe-6f4b-44eb-a253-b128904d015e(uuid3114)
сент. 19, 2025 6:42:49 PM webapp.storage.AbstractStorage save
INFO: &amp#27;[32mSave dabbb317-5187-45be-b5df-e9a19721e597(uuid3115)
сент. 19, 2025 6:42:49 PM webapp.storage.AbstractStorage save
INFO: &amp#27;[32mSave 56a2b35a-9ebc-4359-b045-db38d2fc6432(uuid3116)
сент. 19, 2025 6:42:49 PM webapp.storage.AbstractStorage save
INFO: &amp#27;[32mSave cf2596a4-cda4-46eb-9df9-e53c9176142a(uuid3117)
сент. 19, 2025 6:42:49 PM webapp.storage.AbstractStorage save
INFO: &amp#27;[32mSave e45e5ce4-25c4-4797-bb43-d5d7ac7337d9(uuid3118)
сент. 19, 2025 6:42:49 PM webapp.storage.AbstractStorage save
INFO: &amp#27;[32mSave 4d31001e-b70f-49b7-8624-b2237f049574(uuid3119)
сент. 19, 2025 6:42:49 PM webapp.storage.AbstractStorage save
INFO: &amp#27;[32mSave a39f8b3c-1c23-468d-90fe-905b07f7d021(uuid3120)
сент. 19, 2025 6:42:49 PM webapp.storage.AbstractStorage save
INFO: &amp#27;[32mSave 8046281d-6da9-4627-8a4c-1e3f412d8d10(uuid3121)
сент. 19, 2025 6:42:49 PM webapp.storage.AbstractStorage save
INFO: &amp#27;[32mSave 86652c6d-c040-4a3e-815b-70adc463365e(uuid3122)
сент. 19, 2025 6:42:49 PM webapp.storage.AbstractStorage save
INFO: &amp#27;[32mSave 4f9d9b62-ada7-4bec-a483-416ba4162964(uuid3123)
сент. 19, 2025 6:42:49 PM webapp.storage.AbstractStorage save
INFO: &amp#27;[32mSave 7a0f92de-5759-4a0f-8094-a3cae87436e8(uuid3124)
сент. 19, 2025 6:42:49 PM webapp.storage.AbstractStorage save
INFO: &amp#27;[32mSave 332065f1-3478-4bbe-9032-640534475be2(uuid3125)
сент. 19, 2025 6:42:49 PM webapp.storage.AbstractStorage save
INFO: &amp#27;[32mSave 3edb0239-b162-4200-9dec-d7d4f869cead(uuid3126)
сент. 19, 2025 6:42:49 PM webapp.storage.AbstractStorage save
INFO: &amp#27;[32mSave 60d5bdcf-2b5b-4f6a-a1e0-bb5271ce357a(uuid3127)
сент. 19, 2025 6:42:49 PM webapp.storage.AbstractStorage save
INFO: &amp#27;[32mSave f85fdc86-0038-4187-8868-6f3b3a3066dd(uuid3128)
сент. 19, 2025 6:42:49 PM webapp.storage.AbstractStorage save
INFO: &amp#27;[32mSave cbd51549-d9b4-4396-be46-4bf0c836d2c5(uuid3129)
сент. 19, 2025 6:42:49 PM webapp.storage.AbstractStorage save
INFO: &amp#27;[32mSave 80baa6c6-f1e1-4de5-9671-080a1b10d666(uuid3130)
сент. 19, 2025 6:42:49 PM webapp.storage.AbstractStorage save
INFO: &amp#27;[32mSave 01df1b3a-3561-4e9d-9c0a-d842605f6f3f(uuid3131)
сент. 19, 2025 6:42:49 PM webapp.storage.AbstractStorage save
INFO: &amp#27;[32mSave a2595f6b-7230-4a3e-ae22-26fe3e769571(uuid3132)
сент. 19, 2025 6:42:49 PM webapp.storage.AbstractStorage save
INFO: &amp#27;[32mSave 52544812-0090-4e31-b87c-0e04a7540b89(uuid3133)
сент. 19, 2025 6:42:49 PM webapp.storage.AbstractStorage save
INFO: &amp#27;[32mSave 04c3f864-7cd3-4b3d-8550-4c5138415ef6(uuid3134)
сент. 19, 2025 6:42:49 PM webapp.storage.AbstractStorage save
INFO: &amp#27;[32mSave 75e2cb99-4d24-445c-ae90-f1934052847b(uuid3135)
сент. 19, 2025 6:42:49 PM webapp.storage.AbstractStorage save
INFO: &amp#27;[32mSave 72463c4e-4609-427f-9306-3a1797bc3a45(uuid3136)
сент. 19, 2025 6:42:49 PM webapp.storage.AbstractStorage save
INFO: &amp#27;[32mSave b8e3f163-2728-495c-8240-2a5f59e8a26d(uuid3137)
сент. 19, 2025 6:42:49 PM webapp.storage.AbstractStorage save
INFO: &amp#27;[32mSave a01043e1-2af2-414a-a327-e3e194145d98(uuid3138)
сент. 19, 2025 6:42:49 PM webapp.storage.AbstractStorage save
INFO: &amp#27;[32mSave 6285dbfb-8fb1-4abe-bf7c-a04addb2e448(uuid3139)
сент. 19, 2025 6:42:49 PM webapp.storage.AbstractStorage save
INFO: &amp#27;[32mSave c4316483-d614-4fca-847a-88ced09850bd(uuid3140)
сент. 19, 2025 6:42:49 PM webapp.storage.AbstractStorage save
INFO: &amp#27;[32mSave bf393d87-fe83-4116-b70a-0c94c6e65a95(uuid3141)
сент. 19, 2025 6:42:49 PM webapp.storage.AbstractStorage save
INFO: &amp#27;[32mSave 6f2c523b-c575-4253-8647-17dca9507800(uuid3142)
сент. 19, 2025 6:42:49 PM webapp.storage.AbstractStorage save
INFO: &amp#27;[32mSave d27c5fe1-8fd4-4265-ae9b-8eb12c834244(uuid3143)
сент. 19, 2025 6:42:49 PM webapp.storage.AbstractStorage save
INFO: &amp#27;[32mSave 307b1957-2015-4b27-9364-438216195472(uuid3144)
сент. 19, 2025 6:42:49 PM webapp.storage.AbstractStorage save
INFO: &amp#27;[32mSave 68bb7014-9058-423e-9811-8dee1fb98d78(uuid3145)
сент. 19, 2025 6:42:49 PM webapp.storage.AbstractStorage save
INFO: &amp#27;[32mSave 4747a3f1-3b8e-48fc-b89b-d5208ee46a99(uuid3146)
сент. 19, 2025 6:42:49 PM webapp.storage.AbstractStorage save
INFO: &amp#27;[32mSave fa5a862c-e9fc-4f64-9bc6-860e4947e56a(uuid3147)
сент. 19, 2025 6:42:49 PM webapp.storage.AbstractStorage save
INFO: &amp#27;[32mSave 4255db0f-7aec-4537-abe0-d5a00187c6d5(uuid3148)
сент. 19, 2025 6:42:49 PM webapp.storage.AbstractStorage save
INFO: &amp#27;[32mSave d30e9c1f-3615-44b6-9599-d4193cb68bf5(uuid3149)
сент. 19, 2025 6:42:49 PM webapp.storage.AbstractStorage save
INFO: &amp#27;[32mSave 8a68ce20-d766-4e9c-b524-5ccf76c818cb(uuid3150)
сент. 19, 2025 6:42:49 PM webapp.storage.AbstractStorage save
INFO: &amp#27;[32mSave cefda914-3194-4878-ada3-6c08f2264806(uuid3151)
сент. 19, 2025 6:42:49 PM webapp.storage.AbstractStorage save
INFO: &amp#27;[32mSave 3b2fc90b-3e75-41ff-9463-1a8c7d150e61(uuid3152)
сент. 19, 2025 6:42:49 PM webapp.storage.AbstractStorage save
INFO: &amp#27;[32mSave 0ebda4ef-6e4c-4b1e-89ef-5de78acc3fbd(uuid3153)
сент. 19, 2025 6:42:49 PM webapp.storage.AbstractStorage save
INFO: &amp#27;[32mSave 455bc5cb-4a15-4a1f-84e5-66abc8051b57(uuid3154)
сент. 19, 2025 6:42:49 PM webapp.storage.AbstractStorage save
INFO: &amp#27;[32mSave e3f46894-52e5-4c52-bf97-7432021e1fcd(uuid3155)
сент. 19, 2025 6:42:49 PM webapp.storage.AbstractStorage save
INFO: &amp#27;[32mSave a48cd06f-458a-4a41-b719-22065a6ceec0(uuid3156)
сент. 19, 2025 6:42:49 PM webapp.storage.AbstractStorage save
INFO: &amp#27;[32mSave eade5ef7-30cd-4532-bc02-f3f723aa0487(uuid3157)
сент. 19, 2025 6:42:49 PM webapp.storage.AbstractStorage save
INFO: &amp#27;[32mSave 23f65b51-ded4-4be3-b7ee-b64d665570af(uuid3158)
сент. 19, 2025 6:42:49 PM webapp.storage.AbstractStorage save
INFO: &amp#27;[32mSave 466fb601-fce0-4620-b39b-45f437d98d9e(uuid3159)
сент. 19, 2025 6:42:49 PM webapp.storage.AbstractStorage save
INFO: &amp#27;[32mSave 089d15cb-6cf4-48e0-b675-081e2f82e06e(uuid3160)
сент. 19, 2025 6:42:49 PM webapp.storage.AbstractStorage save
INFO: &amp#27;[32mSave bd684bb7-d457-44fc-8981-298b7668a4b8(uuid3161)
сент. 19, 2025 6:42:49 PM webapp.storage.AbstractStorage save
INFO: &amp#27;[32mSave fcbdc108-8ab1-4f23-bceb-26b9d86a23d6(uuid3162)
сент. 19, 2025 6:42:49 PM webapp.storage.AbstractStorage save
INFO: &amp#27;[32mSave c2c6a772-4897-4bb4-a33a-171d780f73cc(uuid3163)
сент. 19, 2025 6:42:49 PM webapp.storage.AbstractStorage save
INFO: &amp#27;[32mSave a22dbeec-0a71-496f-a3f2-c115d59541a8(uuid3164)
сент. 19, 2025 6:42:49 PM webapp.storage.AbstractStorage save
INFO: &amp#27;[32mSave 5c6b122a-c1ca-4df9-bf57-bae38b973e44(uuid3165)
сент. 19, 2025 6:42:49 PM webapp.storage.AbstractStorage save
INFO: &amp#27;[32mSave 3a22f0d0-79dd-421e-b6b6-37317043acab(uuid3166)
сент. 19, 2025 6:42:49 PM webapp.storage.AbstractStorage save
INFO: &amp#27;[32mSave e95d0f84-3e45-4e1e-b732-9c1d6969efec(uuid3167)
сент. 19, 2025 6:42:49 PM webapp.storage.AbstractStorage save
INFO: &amp#27;[32mSave b1d46567-af11-4550-958c-8f65eb46f97d(uuid3168)
сент. 19, 2025 6:42:49 PM webapp.storage.AbstractStorage save
INFO: &amp#27;[32mSave 07c8a476-96b5-4603-a23c-c65bceb15648(uuid3169)
сент. 19, 2025 6:42:49 PM webapp.storage.AbstractStorage save
INFO: &amp#27;[32mSave 135d5881-fd05-4baf-9e60-5d0161779371(uuid3170)
сент. 19, 2025 6:42:49 PM webapp.storage.AbstractStorage save
INFO: &amp#27;[32mSave 61f37642-1e76-4ca8-af44-807a354d19a6(uuid3171)
сент. 19, 2025 6:42:49 PM webapp.storage.AbstractStorage save
INFO: &amp#27;[32mSave 69f4aee1-c2a8-440c-b515-8163ff9b560f(uuid3172)
сент. 19, 2025 6:42:49 PM webapp.storage.AbstractStorage save
INFO: &amp#27;[32mSave 6f505477-4e5e-416e-931a-174603cb53e5(uuid3173)
сент. 19, 2025 6:42:49 PM webapp.storage.AbstractStorage save
INFO: &amp#27;[32mSave 264dc961-4cc9-4fe8-b770-0cdbd5e7ac21(uuid3174)
сент. 19, 2025 6:42:49 PM webapp.storage.AbstractStorage save
INFO: &amp#27;[32mSave 03c09c15-5d7d-4cfc-966d-3896e68d30b1(uuid3175)
сент. 19, 2025 6:42:49 PM webapp.storage.AbstractStorage save
INFO: &amp#27;[32mSave eaacc750-af43-4114-9329-71365200cab1(uuid3176)
сент. 19, 2025 6:42:49 PM webapp.storage.AbstractStorage save
INFO: &amp#27;[32mSave fac1b5b9-efc4-483b-862b-3a524d9571fa(uuid3177)
сент. 19, 2025 6:42:49 PM webapp.storage.AbstractStorage save
INFO: &amp#27;[32mSave 4047504f-1d5d-487e-8ca0-1a8bd453a1ec(uuid3178)
сент. 19, 2025 6:42:49 PM webapp.storage.AbstractStorage save
INFO: &amp#27;[32mSave dcc4b5f7-6518-458e-93a2-0aefa5ee8d9d(uuid3179)
сент. 19, 2025 6:42:49 PM webapp.storage.AbstractStorage save
INFO: &amp#27;[32mSave 4784538a-c81b-4598-8307-c2d83780746d(uuid3180)
сент. 19, 2025 6:42:49 PM webapp.storage.AbstractStorage save
INFO: &amp#27;[32mSave 00b72da5-7bf1-42ab-90ac-be974592f675(uuid3181)
сент. 19, 2025 6:42:49 PM webapp.storage.AbstractStorage save
INFO: &amp#27;[32mSave aaaf97f7-5d0e-4d8c-bd98-9b4855ba1870(uuid3182)
сент. 19, 2025 6:42:49 PM webapp.storage.AbstractStorage save
INFO: &amp#27;[32mSave cf575c20-b0e0-46da-99b7-ca8c1608e04c(uuid3183)
сент. 19, 2025 6:42:49 PM webapp.storage.AbstractStorage save
INFO: &amp#27;[32mSave 99e727dc-1d67-4e84-a345-127bd4347efe(uuid3184)
сент. 19, 2025 6:42:49 PM webapp.storage.AbstractStorage save
INFO: &amp#27;[32mSave 0652b27d-3d44-4e1a-9938-fe3cf73f1d2c(uuid3185)
сент. 19, 2025 6:42:49 PM webapp.storage.AbstractStorage save
INFO: &amp#27;[32mSave 7caa5b81-cc68-49d1-84f7-7f53518e316e(uuid3186)
сент. 19, 2025 6:42:49 PM webapp.storage.AbstractStorage save
INFO: &amp#27;[32mSave 3ee691b7-0a6a-42a7-8ebf-df8ea7c091c5(uuid3187)
сент. 19, 2025 6:42:49 PM webapp.storage.AbstractStorage save
INFO: &amp#27;[32mSave 6cca5d0c-2d97-4fce-90f4-170ceff09011(uuid3188)
сент. 19, 2025 6:42:49 PM webapp.storage.AbstractStorage save
INFO: &amp#27;[32mSave 6adfe59f-d04b-475e-b728-177a74ec7d34(uuid3189)
сент. 19, 2025 6:42:49 PM webapp.storage.AbstractStorage save
INFO: &amp#27;[32mSave 8cef9958-c105-444e-81e4-d5b3df8bb4f3(uuid3190)
сент. 19, 2025 6:42:49 PM webapp.storage.AbstractStorage save
INFO: &amp#27;[32mSave 8a08dabc-f893-4a7a-9668-e86bdfd5833f(uuid3191)
сент. 19, 2025 6:42:49 PM webapp.storage.AbstractStorage save
INFO: &amp#27;[32mSave b447c55c-3ad1-4918-aa98-ecba48bfd9a7(uuid3192)
сент. 19, 2025 6:42:49 PM webapp.storage.AbstractStorage save
INFO: &amp#27;[32mSave 826f8629-564d-499e-9110-0c5002b07ccc(uuid3193)
сент. 19, 2025 6:42:49 PM webapp.storage.AbstractStorage save
INFO: &amp#27;[32mSave 2c75feb7-2ed4-4e87-a3ad-c0d949cf3e3c(uuid3194)
сент. 19, 2025 6:42:49 PM webapp.storage.AbstractStorage save
INFO: &amp#27;[32mSave afb30f87-ff57-4850-8ece-4c20e521a562(uuid3195)
сент. 19, 2025 6:42:49 PM webapp.storage.AbstractStorage save
INFO: &amp#27;[32mSave cc5fd723-6b4d-43bf-b34b-e8a1a3b7d9ea(uuid3196)
сент. 19, 2025 6:42:49 PM webapp.storage.AbstractStorage save
INFO: &amp#27;[32mSave d4c675cc-a66b-4d57-8052-368b56b93629(uuid3197)
сент. 19, 2025 6:42:49 PM webapp.storage.AbstractStorage save
INFO: &amp#27;[32mSave 18753410-5b32-4bc9-a762-a3a24e7c95b3(uuid3198)
сент. 19, 2025 6:42:49 PM webapp.storage.AbstractStorage save
INFO: &amp#27;[32mSave 5029d25d-6090-4745-8bf7-cc10b78bfb9e(uuid3199)
сент. 19, 2025 6:42:49 PM webapp.storage.AbstractStorage save
INFO: &amp#27;[32mSave 4cd1f7ed-d881-4661-8754-333d0100fed3(uuid3200)
сент. 19, 2025 6:42:49 PM webapp.storage.AbstractStorage save
INFO: &amp#27;[32mSave ba619585-b138-4101-8d1a-8b8e0279008c(uuid3201)
сент. 19, 2025 6:42:49 PM webapp.storage.AbstractStorage save
INFO: &amp#27;[32mSave 9968d749-16c0-49a5-b648-c0fc34e7aae8(uuid3202)
сент. 19, 2025 6:42:49 PM webapp.storage.AbstractStorage save
INFO: &amp#27;[32mSave 8483f6fa-0bbe-4d33-9c8e-8735e8fe33dd(uuid3203)
сент. 19, 2025 6:42:49 PM webapp.storage.AbstractStorage save
INFO: &amp#27;[32mSave 17b51922-8c06-4f59-bde7-a2bae6da2038(uuid3204)
сент. 19, 2025 6:42:49 PM webapp.storage.AbstractStorage save
INFO: &amp#27;[32mSave 9e4ee61d-3933-496f-8650-43b5027635dd(uuid3205)
сент. 19, 2025 6:42:49 PM webapp.storage.AbstractStorage save
INFO: &amp#27;[32mSave 4a6c688b-f127-44d1-bd32-dcfd5f9965d6(uuid3206)
сент. 19, 2025 6:42:49 PM webapp.storage.AbstractStorage save
INFO: &amp#27;[32mSave 01f17bf1-eced-4a12-a293-47d1a10c6512(uuid3207)
сент. 19, 2025 6:42:49 PM webapp.storage.AbstractStorage save
INFO: &amp#27;[32mSave ba91eb19-f6cf-46e4-8c51-d1be4e44f0d4(uuid3208)
сент. 19, 2025 6:42:49 PM webapp.storage.AbstractStorage save
INFO: &amp#27;[32mSave 570d38b1-0e2a-404c-bdca-2b8b1d921df1(uuid3209)
сент. 19, 2025 6:42:49 PM webapp.storage.AbstractStorage save
INFO: &amp#27;[32mSave 90b1c989-789c-464a-8ae4-55c01ccf23a2(uuid3210)
сент. 19, 2025 6:42:49 PM webapp.storage.AbstractStorage save
INFO: &amp#27;[32mSave 4881b06e-2d6e-4d01-9e9d-ba1fcbb5fa46(uuid3211)
сент. 19, 2025 6:42:49 PM webapp.storage.AbstractStorage save
INFO: &amp#27;[32mSave 4d756ad9-9ee4-4ffc-92eb-6b9c23ef7292(uuid3212)
сент. 19, 2025 6:42:49 PM webapp.storage.AbstractStorage save
INFO: &amp#27;[32mSave 9e29d870-2982-42c5-9c9a-05e725e90512(uuid3213)
сент. 19, 2025 6:42:49 PM webapp.storage.AbstractStorage save
INFO: &amp#27;[32mSave a4ce8ccd-4325-4280-8c79-b38447297a44(uuid3214)
сент. 19, 2025 6:42:49 PM webapp.storage.AbstractStorage save
INFO: &amp#27;[32mSave 86653a58-a6dc-4fce-9b6a-f72deeeff1d6(uuid3215)
сент. 19, 2025 6:42:49 PM webapp.storage.AbstractStorage save
INFO: &amp#27;[32mSave 33cff6c7-6aec-4158-a084-1ea6593df488(uuid3216)
сент. 19, 2025 6:42:49 PM webapp.storage.AbstractStorage save
INFO: &amp#27;[32mSave d7185543-fb5f-47a5-b90c-c016e9371c55(uuid3217)
сент. 19, 2025 6:42:49 PM webapp.storage.AbstractStorage save
INFO: &amp#27;[32mSave 20ec17ac-ce04-421c-b1e3-cbdff99458d8(uuid3218)
сент. 19, 2025 6:42:49 PM webapp.storage.AbstractStorage save
INFO: &amp#27;[32mSave 0e782bed-4682-46af-8213-461480f14650(uuid3219)
сент. 19, 2025 6:42:49 PM webapp.storage.AbstractStorage save
INFO: &amp#27;[32mSave 51d79dcc-9cd7-45d2-b634-ca976e31250b(uuid3220)
сент. 19, 2025 6:42:49 PM webapp.storage.AbstractStorage save
INFO: &amp#27;[32mSave bb76fe62-e72c-483a-94e2-f4d43b1bce98(uuid3221)
сент. 19, 2025 6:42:49 PM webapp.storage.AbstractStorage save
INFO: &amp#27;[32mSave 8315b90c-a5e7-44bb-86ea-099bc3de18ca(uuid3222)
сент. 19, 2025 6:42:49 PM webapp.storage.AbstractStorage save
INFO: &amp#27;[32mSave c501f22a-bb79-4280-9873-b5d924b7fcb1(uuid3223)
сент. 19, 2025 6:42:49 PM webapp.storage.AbstractStorage save
INFO: &amp#27;[32mSave 365b99e0-c75a-4552-9739-e0bf803a85b9(uuid3224)
сент. 19, 2025 6:42:49 PM webapp.storage.AbstractStorage save
INFO: &amp#27;[32mSave 9db43f08-a48b-40b0-85fb-6c2cdeefdef1(uuid3225)
сент. 19, 2025 6:42:49 PM webapp.storage.AbstractStorage save
INFO: &amp#27;[32mSave aa87cfa0-4bcc-4f23-91fe-90e7eb61e697(uuid3226)
сент. 19, 2025 6:42:49 PM webapp.storage.AbstractStorage save
INFO: &amp#27;[32mSave 56860f6c-77f3-43cc-bce6-b421c30f2e4c(uuid3227)
сент. 19, 2025 6:42:49 PM webapp.storage.AbstractStorage save
INFO: &amp#27;[32mSave b665c6d7-f0c9-49e6-89dd-df4d0575acb6(uuid3228)
сент. 19, 2025 6:42:49 PM webapp.storage.AbstractStorage save
INFO: &amp#27;[32mSave fd985bc8-3fbd-47a5-9454-b81bd11e2e1c(uuid3229)
сент. 19, 2025 6:42:49 PM webapp.storage.AbstractStorage save
INFO: &amp#27;[32mSave 67513888-8e9e-4cfb-9e95-323db0391686(uuid3230)
сент. 19, 2025 6:42:49 PM webapp.storage.AbstractStorage save
INFO: &amp#27;[32mSave 07983400-0eb1-4e41-9741-330e59c1fad1(uuid3231)
сент. 19, 2025 6:42:49 PM webapp.storage.AbstractStorage save
INFO: &amp#27;[32mSave 8593426e-6360-462c-b041-d623f4ee3f09(uuid3232)
сент. 19, 2025 6:42:49 PM webapp.storage.AbstractStorage save
INFO: &amp#27;[32mSave 03431d30-9860-4164-a2a4-f37045926aa4(uuid3233)
сент. 19, 2025 6:42:49 PM webapp.storage.AbstractStorage save
INFO: &amp#27;[32mSave 3b1abf25-c019-4d42-8c42-2c2ba5e8ac8d(uuid3234)
сент. 19, 2025 6:42:49 PM webapp.storage.AbstractStorage save
INFO: &amp#27;[32mSave 0cfe4a08-ebad-4c65-b34d-65fec9ad4dc1(uuid3235)
сент. 19, 2025 6:42:49 PM webapp.storage.AbstractStorage save
INFO: &amp#27;[32mSave 18bbca3a-7d72-479a-83d9-ba4b5b7b8703(uuid3236)
сент. 19, 2025 6:42:49 PM webapp.storage.AbstractStorage save
INFO: &amp#27;[32mSave bc8c1bf9-27c7-4b15-9fb6-d526d950aabb(uuid3237)
сент. 19, 2025 6:42:49 PM webapp.storage.AbstractStorage save
INFO: &amp#27;[32mSave b414e283-5be8-4103-9cd3-37039f9fc4f5(uuid3238)
сент. 19, 2025 6:42:49 PM webapp.storage.AbstractStorage save
INFO: &amp#27;[32mSave f00f40cb-48d0-4eee-b57e-59948df8f082(uuid3239)
сент. 19, 2025 6:42:49 PM webapp.storage.AbstractStorage save
INFO: &amp#27;[32mSave d3f3ca30-4919-4421-9e70-46dd9da1696f(uuid3240)
сент. 19, 2025 6:42:49 PM webapp.storage.AbstractStorage save
INFO: &amp#27;[32mSave 623e4f22-b8e3-4900-a49a-3e1f9d91eb52(uuid3241)
сент. 19, 2025 6:42:49 PM webapp.storage.AbstractStorage save
INFO: &amp#27;[32mSave 5cfb5146-ce57-4d33-a00f-90b481c8bb60(uuid3242)
сент. 19, 2025 6:42:49 PM webapp.storage.AbstractStorage save
INFO: &amp#27;[32mSave 5fd6f10c-3d97-4933-8f6e-f916de0897ef(uuid3243)
сент. 19, 2025 6:42:49 PM webapp.storage.AbstractStorage save
INFO: &amp#27;[32mSave e3e146a2-bfae-4c3c-a8f1-c0891b17152a(uuid3244)
сент. 19, 2025 6:42:49 PM webapp.storage.AbstractStorage save
INFO: &amp#27;[32mSave 69e00437-05de-4283-a893-6d1904183a35(uuid3245)
сент. 19, 2025 6:42:49 PM webapp.storage.AbstractStorage save
INFO: &amp#27;[32mSave 100b1c0e-1cf9-48ad-a306-e0f8949c7ec4(uuid3246)
сент. 19, 2025 6:42:49 PM webapp.storage.AbstractStorage save
INFO: &amp#27;[32mSave 0fdb9b51-dc66-405c-b0ed-ce2364463048(uuid3247)
сент. 19, 2025 6:42:49 PM webapp.storage.AbstractStorage save
INFO: &amp#27;[32mSave 9de0e917-5ee3-475c-9c3b-3bd41c91705f(uuid3248)
сент. 19, 2025 6:42:49 PM webapp.storage.AbstractStorage save
INFO: &amp#27;[32mSave 052dd778-a475-49bd-9ed1-67af5c6c37e0(uuid3249)
сент. 19, 2025 6:42:49 PM webapp.storage.AbstractStorage save
INFO: &amp#27;[32mSave 34c2add7-0d8e-445e-9659-47e5940d6520(uuid3250)
сент. 19, 2025 6:42:49 PM webapp.storage.AbstractStorage save
INFO: &amp#27;[32mSave 4e8829d2-416a-435c-9363-4ec2b532a310(uuid3251)
сент. 19, 2025 6:42:49 PM webapp.storage.AbstractStorage save
INFO: &amp#27;[32mSave 386e27d0-e522-4ca9-9ba7-6295528e0446(uuid3252)
сент. 19, 2025 6:42:49 PM webapp.storage.AbstractStorage save
INFO: &amp#27;[32mSave a1d2abc9-92b6-4f87-90c6-f9244bfc4e9c(uuid3253)
сент. 19, 2025 6:42:49 PM webapp.storage.AbstractStorage save
INFO: &amp#27;[32mSave f0917fea-2ed9-4330-9b9a-7884817a16ec(uuid3254)
сент. 19, 2025 6:42:49 PM webapp.storage.AbstractStorage save
INFO: &amp#27;[32mSave f227fcc1-4b21-4724-81f4-c662d435b72e(uuid3255)
сент. 19, 2025 6:42:49 PM webapp.storage.AbstractStorage save
INFO: &amp#27;[32mSave 051074ea-fc94-43ae-8d79-62858bffd855(uuid3256)
сент. 19, 2025 6:42:49 PM webapp.storage.AbstractStorage save
INFO: &amp#27;[32mSave 8abb8ded-18f4-4adb-8ed1-66563f0f2457(uuid3257)
сент. 19, 2025 6:42:49 PM webapp.storage.AbstractStorage save
INFO: &amp#27;[32mSave 617c808b-5243-46aa-a96a-cc891500f979(uuid3258)
сент. 19, 2025 6:42:49 PM webapp.storage.AbstractStorage save
INFO: &amp#27;[32mSave 12992b1f-08b6-4933-969e-19521ac44c6f(uuid3259)
сент. 19, 2025 6:42:49 PM webapp.storage.AbstractStorage save
INFO: &amp#27;[32mSave 7e8e717f-1c06-4919-a6d3-665298b0c794(uuid3260)
сент. 19, 2025 6:42:49 PM webapp.storage.AbstractStorage save
INFO: &amp#27;[32mSave 161602f2-ed90-491e-9cbd-639eb176f1eb(uuid3261)
сент. 19, 2025 6:42:49 PM webapp.storage.AbstractStorage save
INFO: &amp#27;[32mSave b011747a-d74d-4774-8018-f53e444a1313(uuid3262)
сент. 19, 2025 6:42:49 PM webapp.storage.AbstractStorage save
INFO: &amp#27;[32mSave 04b657cd-0051-4fea-b8c7-a920697f9c97(uuid3263)
сент. 19, 2025 6:42:49 PM webapp.storage.AbstractStorage save
INFO: &amp#27;[32mSave b0025726-ff65-48bd-8ba2-bf9acf673262(uuid3264)
сент. 19, 2025 6:42:49 PM webapp.storage.AbstractStorage save
INFO: &amp#27;[32mSave 4783ebde-d9c5-45db-901c-b0ec6c38a933(uuid3265)
сент. 19, 2025 6:42:49 PM webapp.storage.AbstractStorage save
INFO: &amp#27;[32mSave 728adb8d-46bd-438e-ae9f-2e186bd74ac0(uuid3266)
сент. 19, 2025 6:42:49 PM webapp.storage.AbstractStorage save
INFO: &amp#27;[32mSave 0becb3e3-7037-4da0-9906-02190d6b5cf4(uuid3267)
сент. 19, 2025 6:42:49 PM webapp.storage.AbstractStorage save
INFO: &amp#27;[32mSave d9394759-6048-4abd-a924-23509a6f0d84(uuid3268)
сент. 19, 2025 6:42:49 PM webapp.storage.AbstractStorage save
INFO: &amp#27;[32mSave acab94a1-4881-4b28-a55e-5bcb23c7bbdd(uuid3269)
сент. 19, 2025 6:42:49 PM webapp.storage.AbstractStorage save
INFO: &amp#27;[32mSave eb083b27-b14e-4709-a24b-83eefbaa6290(uuid3270)
сент. 19, 2025 6:42:49 PM webapp.storage.AbstractStorage save
INFO: &amp#27;[32mSave 37bb9992-e305-414e-8c5a-ab1d87b37b66(uuid3271)
сент. 19, 2025 6:42:49 PM webapp.storage.AbstractStorage save
INFO: &amp#27;[32mSave 1be4be5d-5a81-4d99-adba-8e71b6f4fec2(uuid3272)
сент. 19, 2025 6:42:49 PM webapp.storage.AbstractStorage save
INFO: &amp#27;[32mSave 12ed275f-4237-4a6a-a55c-cc9a54796295(uuid3273)
сент. 19, 2025 6:42:49 PM webapp.storage.AbstractStorage save
INFO: &amp#27;[32mSave 5ee71475-f05f-41fc-95ae-b1880357340a(uuid3274)
сент. 19, 2025 6:42:49 PM webapp.storage.AbstractStorage save
INFO: &amp#27;[32mSave 9604281a-c0b5-4144-965e-60804d8efc72(uuid3275)
сент. 19, 2025 6:42:49 PM webapp.storage.AbstractStorage save
INFO: &amp#27;[32mSave e4706068-0d00-45f4-b153-e700685497c1(uuid3276)
сент. 19, 2025 6:42:49 PM webapp.storage.AbstractStorage save
INFO: &amp#27;[32mSave f1bee507-ead1-4afc-9830-932c7187adc6(uuid3277)
сент. 19, 2025 6:42:49 PM webapp.storage.AbstractStorage save
INFO: &amp#27;[32mSave 85717182-e636-4364-9a8f-d60907d468d2(uuid3278)
сент. 19, 2025 6:42:49 PM webapp.storage.AbstractStorage save
INFO: &amp#27;[32mSave c8f49db0-372e-42da-9736-ba2fbd507400(uuid3279)
сент. 19, 2025 6:42:49 PM webapp.storage.AbstractStorage save
INFO: &amp#27;[32mSave cf115f8f-05f4-4f7c-8d44-637ad75b248c(uuid3280)
сент. 19, 2025 6:42:49 PM webapp.storage.AbstractStorage save
INFO: &amp#27;[32mSave 927c9a91-e145-48a7-8293-2ef1a16f1b54(uuid3281)
сент. 19, 2025 6:42:49 PM webapp.storage.AbstractStorage save
INFO: &amp#27;[32mSave f2da9d6d-e823-406b-b645-60980fd698fe(uuid3282)
сент. 19, 2025 6:42:49 PM webapp.storage.AbstractStorage save
INFO: &amp#27;[32mSave aad24315-c68f-4043-b2d2-96aa8fcab061(uuid3283)
сент. 19, 2025 6:42:49 PM webapp.storage.AbstractStorage save
INFO: &amp#27;[32mSave 32ace6c6-7d6c-458a-a4f0-40b150e1798c(uuid3284)
сент. 19, 2025 6:42:49 PM webapp.storage.AbstractStorage save
INFO: &amp#27;[32mSave 3b478219-ca95-4f6f-be0a-4b2ff3fa12ed(uuid3285)
сент. 19, 2025 6:42:49 PM webapp.storage.AbstractStorage save
INFO: &amp#27;[32mSave 7df1cd85-0974-4f83-aaf7-7f5c53cd5952(uuid3286)
сент. 19, 2025 6:42:49 PM webapp.storage.AbstractStorage save
INFO: &amp#27;[32mSave fd2b4fcc-d257-4dee-8724-d2982fc5a395(uuid3287)
сент. 19, 2025 6:42:49 PM webapp.storage.AbstractStorage save
INFO: &amp#27;[32mSave a7115af7-e320-499f-82ff-52c2be52f3e8(uuid3288)
сент. 19, 2025 6:42:49 PM webapp.storage.AbstractStorage save
INFO: &amp#27;[32mSave b9e2baf1-cf0d-439b-a659-532cb722d1b2(uuid3289)
сент. 19, 2025 6:42:49 PM webapp.storage.AbstractStorage save
INFO: &amp#27;[32mSave 29116f1e-f9e8-4117-b6ae-3168a2de98e9(uuid3290)
сент. 19, 2025 6:42:49 PM webapp.storage.AbstractStorage save
INFO: &amp#27;[32mSave c24c7868-c7a0-4623-a66a-feec3b0ee235(uuid3291)
сент. 19, 2025 6:42:49 PM webapp.storage.AbstractStorage save
INFO: &amp#27;[32mSave 1b2eb508-7526-40e6-830d-2a2be1c223d8(uuid3292)
сент. 19, 2025 6:42:49 PM webapp.storage.AbstractStorage save
INFO: &amp#27;[32mSave 95d1a820-5718-43ad-8bdc-a143cb11f4b3(uuid3293)
сент. 19, 2025 6:42:49 PM webapp.storage.AbstractStorage save
INFO: &amp#27;[32mSave 08d1636a-d896-476a-8b3f-0a7f01653203(uuid3294)
сент. 19, 2025 6:42:49 PM webapp.storage.AbstractStorage save
INFO: &amp#27;[32mSave 4a6c6d51-ff8a-4794-9940-675a6536b026(uuid3295)
сент. 19, 2025 6:42:49 PM webapp.storage.AbstractStorage save
INFO: &amp#27;[32mSave c911f6eb-5be1-4a72-ba96-32e1f8cc668a(uuid3296)
сент. 19, 2025 6:42:49 PM webapp.storage.AbstractStorage save
INFO: &amp#27;[32mSave 118c9232-5c19-468b-8236-25b8918cbb17(uuid3297)
сент. 19, 2025 6:42:49 PM webapp.storage.AbstractStorage save
INFO: &amp#27;[32mSave db069512-745c-4de7-ab32-1f5f592e10e7(uuid3298)
сент. 19, 2025 6:42:49 PM webapp.storage.AbstractStorage save
INFO: &amp#27;[32mSave a59c4c9f-f2d1-4b04-a20d-2ae86dcadeb3(uuid3299)
сент. 19, 2025 6:42:49 PM webapp.storage.AbstractStorage save
INFO: &amp#27;[32mSave 638e2bf4-44ba-466d-96da-56f4079cca23(uuid3300)
сент. 19, 2025 6:42:49 PM webapp.storage.AbstractStorage save
INFO: &amp#27;[32mSave ec511359-9629-4d76-9530-47558e2c32cb(uuid3301)
сент. 19, 2025 6:42:49 PM webapp.storage.AbstractStorage save
INFO: &amp#27;[32mSave 1bfb6756-9f2d-4090-b876-5c021c9944c4(uuid3302)
сент. 19, 2025 6:42:49 PM webapp.storage.AbstractStorage save
INFO: &amp#27;[32mSave 890131e4-372a-40f4-a49c-ff77d87defda(uuid3303)
сент. 19, 2025 6:42:49 PM webapp.storage.AbstractStorage save
INFO: &amp#27;[32mSave 3290e4e0-41cf-4097-945e-21d15d033c59(uuid3304)
сент. 19, 2025 6:42:49 PM webapp.storage.AbstractStorage save
INFO: &amp#27;[32mSave 05053415-8ca0-479b-8929-7dd1c2366329(uuid3305)
сент. 19, 2025 6:42:49 PM webapp.storage.AbstractStorage save
INFO: &amp#27;[32mSave 01cb91e2-7946-45dd-90ac-f653db98d99a(uuid3306)
сент. 19, 2025 6:42:49 PM webapp.storage.AbstractStorage save
INFO: &amp#27;[32mSave c16789a9-9fc1-4f71-a07a-614ab33f60ce(uuid3307)
сент. 19, 2025 6:42:49 PM webapp.storage.AbstractStorage save
INFO: &amp#27;[32mSave b676c406-4a05-4a51-b730-85a05f12885d(uuid3308)
сент. 19, 2025 6:42:49 PM webapp.storage.AbstractStorage save
INFO: &amp#27;[32mSave 8f119044-414c-478a-b298-a3c5300d9c19(uuid3309)
сент. 19, 2025 6:42:49 PM webapp.storage.AbstractStorage save
INFO: &amp#27;[32mSave c4939ab0-28a1-464c-aa49-59e21bd78bb9(uuid3310)
сент. 19, 2025 6:42:49 PM webapp.storage.AbstractStorage save
INFO: &amp#27;[32mSave b3a5b528-3a0f-4f55-90b2-2cde40c6cf5e(uuid3311)
сент. 19, 2025 6:42:49 PM webapp.storage.AbstractStorage save
INFO: &amp#27;[32mSave aa94c17c-8713-4958-adce-75df9d0f2b4e(uuid3312)
сент. 19, 2025 6:42:49 PM webapp.storage.AbstractStorage save
INFO: &amp#27;[32mSave f300c4ec-33b5-438c-a02b-03fba6232b1e(uuid3313)
сент. 19, 2025 6:42:49 PM webapp.storage.AbstractStorage save
INFO: &amp#27;[32mSave 041634ec-3178-47e5-9935-41642bea3bb8(uuid3314)
сент. 19, 2025 6:42:49 PM webapp.storage.AbstractStorage save
INFO: &amp#27;[32mSave 3126a587-b091-414b-90e0-f6b79695f564(uuid3315)
сент. 19, 2025 6:42:49 PM webapp.storage.AbstractStorage save
INFO: &amp#27;[32mSave 4119df14-7be1-4ca4-9727-d7db0dfb9064(uuid3316)
сент. 19, 2025 6:42:49 PM webapp.storage.AbstractStorage save
INFO: &amp#27;[32mSave 256381f9-2198-4cd6-afa5-b77686d1da7a(uuid3317)
сент. 19, 2025 6:42:49 PM webapp.storage.AbstractStorage save
INFO: &amp#27;[32mSave 9bf0a1ca-a2d2-4a67-b1e9-dafb5fddafd1(uuid3318)
сент. 19, 2025 6:42:49 PM webapp.storage.AbstractStorage save
INFO: &amp#27;[32mSave 0b62c130-c61f-4064-86c4-cbe917bc0680(uuid3319)
сент. 19, 2025 6:42:49 PM webapp.storage.AbstractStorage save
INFO: &amp#27;[32mSave bfe610de-a1f4-4841-ac6d-5040ae085b48(uuid3320)
сент. 19, 2025 6:42:49 PM webapp.storage.AbstractStorage save
INFO: &amp#27;[32mSave 1960be01-dd91-4910-a97d-55584994dbb2(uuid3321)
сент. 19, 2025 6:42:49 PM webapp.storage.AbstractStorage save
INFO: &amp#27;[32mSave dcb71014-e2b7-45d9-99cd-ac756a54f656(uuid3322)
сент. 19, 2025 6:42:49 PM webapp.storage.AbstractStorage save
INFO: &amp#27;[32mSave db1211b6-5cdb-4de4-916f-9d416dba361a(uuid3323)
сент. 19, 2025 6:42:49 PM webapp.storage.AbstractStorage save
INFO: &amp#27;[32mSave 28f21124-1339-4ec1-9d3c-2976d4b259e1(uuid3324)
сент. 19, 2025 6:42:49 PM webapp.storage.AbstractStorage save
INFO: &amp#27;[32mSave ec5174d9-0deb-411b-8610-684333dad962(uuid3325)
сент. 19, 2025 6:42:49 PM webapp.storage.AbstractStorage save
INFO: &amp#27;[32mSave 68d61944-f13a-472d-9ec4-c1b8b42a036a(uuid3326)
сент. 19, 2025 6:42:49 PM webapp.storage.AbstractStorage save
INFO: &amp#27;[32mSave c4f1f2a1-de62-4e09-a539-fd0cd8552488(uuid3327)
сент. 19, 2025 6:42:49 PM webapp.storage.AbstractStorage save
INFO: &amp#27;[32mSave 05ef3b89-2219-4430-9a2d-e416d9bf57db(uuid3328)
сент. 19, 2025 6:42:49 PM webapp.storage.AbstractStorage save
INFO: &amp#27;[32mSave 36999b77-d5e4-4ed8-837f-79184ea7c13e(uuid3329)
сент. 19, 2025 6:42:49 PM webapp.storage.AbstractStorage save
INFO: &amp#27;[32mSave b5f1aba5-526b-418f-af46-99986ec60978(uuid3330)
сент. 19, 2025 6:42:49 PM webapp.storage.AbstractStorage save
INFO: &amp#27;[32mSave 88ed7a03-485f-4fc2-bdd8-2f2c19c6c24e(uuid3331)
сент. 19, 2025 6:42:49 PM webapp.storage.AbstractStorage save
INFO: &amp#27;[32mSave 82ac4644-e7ae-4bb8-ba25-b749fc1dc915(uuid3332)
сент. 19, 2025 6:42:49 PM webapp.storage.AbstractStorage save
INFO: &amp#27;[32mSave f1ba8ba9-bbf6-4487-8953-44901af47cd7(uuid3333)
сент. 19, 2025 6:42:49 PM webapp.storage.AbstractStorage save
INFO: &amp#27;[32mSave 3812ae3b-95aa-436c-a070-ee2b0bb40590(uuid3334)
сент. 19, 2025 6:42:49 PM webapp.storage.AbstractStorage save
INFO: &amp#27;[32mSave 7386ef9c-c8ee-43e3-9b8f-bf84485e4d74(uuid3335)
сент. 19, 2025 6:42:49 PM webapp.storage.AbstractStorage save
INFO: &amp#27;[32mSave 851a8993-2205-4345-ad95-ec32da89ed9c(uuid3336)
сент. 19, 2025 6:42:49 PM webapp.storage.AbstractStorage save
INFO: &amp#27;[32mSave c06f97fa-0ce6-422e-b9f9-9a851b69cf45(uuid3337)
сент. 19, 2025 6:42:49 PM webapp.storage.AbstractStorage save
INFO: &amp#27;[32mSave d0ab2ace-ab2d-47c3-a260-aad3206b96ab(uuid3338)
сент. 19, 2025 6:42:49 PM webapp.storage.AbstractStorage save
INFO: &amp#27;[32mSave 85703411-4e0c-4813-b9fb-559979a76860(uuid3339)
сент. 19, 2025 6:42:49 PM webapp.storage.AbstractStorage save
INFO: &amp#27;[32mSave e4f54f81-3aab-44b5-9ada-4d7ac8b4f86f(uuid3340)
сент. 19, 2025 6:42:49 PM webapp.storage.AbstractStorage save
INFO: &amp#27;[32mSave d5b2a05d-8563-4ef2-acfc-05db3417a0df(uuid3341)
сент. 19, 2025 6:42:49 PM webapp.storage.AbstractStorage save
INFO: &amp#27;[32mSave 0d4c3268-5453-4f7e-9fce-9bd169dc83b6(uuid3342)
сент. 19, 2025 6:42:49 PM webapp.storage.AbstractStorage save
INFO: &amp#27;[32mSave 6ba126f3-1fa6-4344-be38-b12ac12dcae9(uuid3343)
сент. 19, 2025 6:42:49 PM webapp.storage.AbstractStorage save
INFO: &amp#27;[32mSave 1aaf4959-6990-4e1c-a56b-0a11873daaab(uuid3344)
сент. 19, 2025 6:42:49 PM webapp.storage.AbstractStorage save
INFO: &amp#27;[32mSave 55e92875-918c-41b7-95cd-e40edcb19a53(uuid3345)
сент. 19, 2025 6:42:49 PM webapp.storage.AbstractStorage save
INFO: &amp#27;[32mSave 31972352-e44c-407d-af9c-2cecb786b2cf(uuid3346)
сент. 19, 2025 6:42:49 PM webapp.storage.AbstractStorage save
INFO: &amp#27;[32mSave 7f94db5d-9a1b-4016-b748-3ad380652e09(uuid3347)
сент. 19, 2025 6:42:49 PM webapp.storage.AbstractStorage save
INFO: &amp#27;[32mSave 28818810-7f27-44f0-be13-14ab6ca02b00(uuid3348)
сент. 19, 2025 6:42:49 PM webapp.storage.AbstractStorage save
INFO: &amp#27;[32mSave 0a022d2d-7609-4ab5-8ce9-45e06b3da6b7(uuid3349)
сент. 19, 2025 6:42:49 PM webapp.storage.AbstractStorage save
INFO: &amp#27;[32mSave 26e66b41-68b9-4027-85e1-f5d33fce78d9(uuid3350)
сент. 19, 2025 6:42:49 PM webapp.storage.AbstractStorage save
INFO: &amp#27;[32mSave b327d801-bfe2-461e-bec2-e5e8cf00c4b3(uuid3351)
сент. 19, 2025 6:42:49 PM webapp.storage.AbstractStorage save
INFO: &amp#27;[32mSave 93b21dae-56f2-42d0-8227-5ef66ef4b850(uuid3352)
сент. 19, 2025 6:42:49 PM webapp.storage.AbstractStorage save
INFO: &amp#27;[32mSave 9a2712af-f076-4363-95ce-4ef7f001e013(uuid3353)
сент. 19, 2025 6:42:49 PM webapp.storage.AbstractStorage save
INFO: &amp#27;[32mSave 66ea04b3-b550-41a3-a9c1-388a85749411(uuid3354)
сент. 19, 2025 6:42:49 PM webapp.storage.AbstractStorage save
INFO: &amp#27;[32mSave b825f94a-c316-420f-925a-8f018530a7e4(uuid3355)
сент. 19, 2025 6:42:49 PM webapp.storage.AbstractStorage save
INFO: &amp#27;[32mSave 175fdd1d-c36c-4f09-8cdb-369639cb5268(uuid3356)
сент. 19, 2025 6:42:49 PM webapp.storage.AbstractStorage save
INFO: &amp#27;[32mSave 61b88244-c407-4cd8-af53-4738464bf0a3(uuid3357)
сент. 19, 2025 6:42:49 PM webapp.storage.AbstractStorage save
INFO: &amp#27;[32mSave e3bd7910-1cef-438f-9723-be49b8ab9a16(uuid3358)
сент. 19, 2025 6:42:49 PM webapp.storage.AbstractStorage save
INFO: &amp#27;[32mSave 385da3ae-0ce8-4016-ae46-4bc7b9f473fd(uuid3359)
сент. 19, 2025 6:42:49 PM webapp.storage.AbstractStorage save
INFO: &amp#27;[32mSave e0d7780d-f920-4575-8c66-b61f362ebd7f(uuid3360)
сент. 19, 2025 6:42:49 PM webapp.storage.AbstractStorage save
INFO: &amp#27;[32mSave 878e3ef4-1962-4cc6-97f2-0bfa1ca8fbe7(uuid3361)
сент. 19, 2025 6:42:49 PM webapp.storage.AbstractStorage save
INFO: &amp#27;[32mSave babbd1ec-eefd-42fd-a727-d3163fbd8064(uuid3362)
сент. 19, 2025 6:42:49 PM webapp.storage.AbstractStorage save
INFO: &amp#27;[32mSave 07395fc3-5a92-4ce8-a075-84a6c9c47138(uuid3363)
сент. 19, 2025 6:42:49 PM webapp.storage.AbstractStorage save
INFO: &amp#27;[32mSave 32ebc612-407e-441e-9de2-07df0eb63c42(uuid3364)
сент. 19, 2025 6:42:49 PM webapp.storage.AbstractStorage save
INFO: &amp#27;[32mSave 10b97b07-082f-4a63-8d2c-eca903a448c8(uuid3365)
сент. 19, 2025 6:42:49 PM webapp.storage.AbstractStorage save
INFO: &amp#27;[32mSave ee9f2480-3020-41ad-a46f-f27bfc401e9e(uuid3366)
сент. 19, 2025 6:42:49 PM webapp.storage.AbstractStorage save
INFO: &amp#27;[32mSave 0a42860b-d533-419b-981a-c0dcd57f599e(uuid3367)
сент. 19, 2025 6:42:49 PM webapp.storage.AbstractStorage save
INFO: &amp#27;[32mSave a09126b0-1a50-401c-8b3a-95a4b291803e(uuid3368)
сент. 19, 2025 6:42:49 PM webapp.storage.AbstractStorage save
INFO: &amp#27;[32mSave e8ba38c2-0063-45e7-a040-c65e7684f8fe(uuid3369)
сент. 19, 2025 6:42:49 PM webapp.storage.AbstractStorage save
INFO: &amp#27;[32mSave caf15e42-1ba3-44d5-90cb-2e848798ce7b(uuid3370)
сент. 19, 2025 6:42:49 PM webapp.storage.AbstractStorage save
INFO: &amp#27;[32mSave 3f638842-b938-4169-bedd-5c3aaf3649e6(uuid3371)
сент. 19, 2025 6:42:49 PM webapp.storage.AbstractStorage save
INFO: &amp#27;[32mSave af5e07cd-a467-4c1a-b200-be56f8b6adf9(uuid3372)
сент. 19, 2025 6:42:49 PM webapp.storage.AbstractStorage save
INFO: &amp#27;[32mSave 7ece6d1d-2b17-46b8-a1dd-7310fcdff441(uuid3373)
сент. 19, 2025 6:42:49 PM webapp.storage.AbstractStorage save
INFO: &amp#27;[32mSave 0c7412d4-3aed-448a-859c-e6a10d09591c(uuid3374)
сент. 19, 2025 6:42:49 PM webapp.storage.AbstractStorage save
INFO: &amp#27;[32mSave e45eabbe-5826-470d-970d-f9cb22ddf902(uuid3375)
сент. 19, 2025 6:42:49 PM webapp.storage.AbstractStorage save
INFO: &amp#27;[32mSave 4cb5e06d-7322-496e-ad82-bede1b34af7a(uuid3376)
сент. 19, 2025 6:42:49 PM webapp.storage.AbstractStorage save
INFO: &amp#27;[32mSave 2676fd69-8a75-456a-b082-84b983ab8677(uuid3377)
сент. 19, 2025 6:42:49 PM webapp.storage.AbstractStorage save
INFO: &amp#27;[32mSave 96d2a935-d936-4e3f-b201-3a085bbf9e5d(uuid3378)
сент. 19, 2025 6:42:49 PM webapp.storage.AbstractStorage save
INFO: &amp#27;[32mSave 478be5fc-29f6-40db-9a1c-002cea001803(uuid3379)
сент. 19, 2025 6:42:49 PM webapp.storage.AbstractStorage save
INFO: &amp#27;[32mSave 0ae19a51-b7f9-41aa-8d0c-37643009b2e7(uuid3380)
сент. 19, 2025 6:42:49 PM webapp.storage.AbstractStorage save
INFO: &amp#27;[32mSave fbd72e7a-8854-445d-9cd1-817a7fad7712(uuid3381)
сент. 19, 2025 6:42:49 PM webapp.storage.AbstractStorage save
INFO: &amp#27;[32mSave 222b73e8-8bda-4b9b-9b3c-c6a62660d208(uuid3382)
сент. 19, 2025 6:42:49 PM webapp.storage.AbstractStorage save
INFO: &amp#27;[32mSave a5ccd200-3c15-4661-b641-b9c4d7b33112(uuid3383)
сент. 19, 2025 6:42:49 PM webapp.storage.AbstractStorage save
INFO: &amp#27;[32mSave 9ac157be-0231-46ad-91bd-a964b173a3d5(uuid3384)
сент. 19, 2025 6:42:49 PM webapp.storage.AbstractStorage save
INFO: &amp#27;[32mSave 36651967-eb17-4d6a-8b15-63c6c12c3f74(uuid3385)
сент. 19, 2025 6:42:49 PM webapp.storage.AbstractStorage save
INFO: &amp#27;[32mSave 90a9cf42-0797-4bc7-b3b9-78f853c23ae7(uuid3386)
сент. 19, 2025 6:42:49 PM webapp.storage.AbstractStorage save
INFO: &amp#27;[32mSave 26de5b59-fa8b-46f8-a843-71292bbc56ff(uuid3387)
сент. 19, 2025 6:42:49 PM webapp.storage.AbstractStorage save
INFO: &amp#27;[32mSave e6287b46-05c8-47aa-9469-e2199c0fff9e(uuid3388)
сент. 19, 2025 6:42:49 PM webapp.storage.AbstractStorage save
INFO: &amp#27;[32mSave e9d8165e-e2eb-4da5-9e3a-ec40eec3d835(uuid3389)
сент. 19, 2025 6:42:49 PM webapp.storage.AbstractStorage save
INFO: &amp#27;[32mSave a9fbc735-fb45-4a74-abda-318bc61b33ef(uuid3390)
сент. 19, 2025 6:42:49 PM webapp.storage.AbstractStorage save
INFO: &amp#27;[32mSave 3e4c23f4-af74-48f5-b62e-9f064719bcbb(uuid3391)
сент. 19, 2025 6:42:49 PM webapp.storage.AbstractStorage save
INFO: &amp#27;[32mSave 5a9b061b-6788-4f5c-998a-5f174ca03930(uuid3392)
сент. 19, 2025 6:42:49 PM webapp.storage.AbstractStorage save
INFO: &amp#27;[32mSave 1a22b1d2-e5f2-45fe-9599-11a72c2a1aaf(uuid3393)
сент. 19, 2025 6:42:49 PM webapp.storage.AbstractStorage save
INFO: &amp#27;[32mSave aeec46ef-5648-48e7-b22a-d2320df0c233(uuid3394)
сент. 19, 2025 6:42:49 PM webapp.storage.AbstractStorage save
INFO: &amp#27;[32mSave a07d5b05-d001-411c-ad45-03869456257c(uuid3395)
сент. 19, 2025 6:42:49 PM webapp.storage.AbstractStorage save
INFO: &amp#27;[32mSave 6967844d-778c-421d-a1c6-577fd7069b28(uuid3396)
сент. 19, 2025 6:42:49 PM webapp.storage.AbstractStorage save
INFO: &amp#27;[32mSave 27a0e93d-2a6d-45cd-8829-c3ee686fe82b(uuid3397)
сент. 19, 2025 6:42:49 PM webapp.storage.AbstractStorage save
INFO: &amp#27;[32mSave a351d979-e44a-4876-afb9-3f15e105fe8e(uuid3398)
сент. 19, 2025 6:42:49 PM webapp.storage.AbstractStorage save
INFO: &amp#27;[32mSave fb7c0935-2eb6-4ecf-a341-5f309d2141c9(uuid3399)
сент. 19, 2025 6:42:49 PM webapp.storage.AbstractStorage save
INFO: &amp#27;[32mSave 8462cf1b-85ac-4d9b-8d40-4003f9c642df(uuid3400)
сент. 19, 2025 6:42:49 PM webapp.storage.AbstractStorage save
INFO: &amp#27;[32mSave 1e9966ba-de34-4ea9-ab7a-94f618fd8931(uuid3401)
сент. 19, 2025 6:42:49 PM webapp.storage.AbstractStorage save
INFO: &amp#27;[32mSave c8ad89c2-de58-44f8-b59a-441bc9c7531f(uuid3402)
сент. 19, 2025 6:42:49 PM webapp.storage.AbstractStorage save
INFO: &amp#27;[32mSave 6a2a9f9b-11a0-409d-9ea3-0b0e4165ed5a(uuid3403)
сент. 19, 2025 6:42:49 PM webapp.storage.AbstractStorage save
INFO: &amp#27;[32mSave bfc296b4-39bf-48b8-a7b8-d26438150355(uuid3404)
сент. 19, 2025 6:42:49 PM webapp.storage.AbstractStorage save
INFO: &amp#27;[32mSave eae7a536-5c49-4bb1-90c5-b2733ad384cc(uuid3405)
сент. 19, 2025 6:42:49 PM webapp.storage.AbstractStorage save
INFO: &amp#27;[32mSave c98cdd7d-9059-4b08-b035-c442389e5cd5(uuid3406)
сент. 19, 2025 6:42:49 PM webapp.storage.AbstractStorage save
INFO: &amp#27;[32mSave b2bf0b49-5cfc-4517-b011-a6efef9aa240(uuid3407)
сент. 19, 2025 6:42:49 PM webapp.storage.AbstractStorage save
INFO: &amp#27;[32mSave e6b0c100-54ce-4c91-8a05-699dcc5a4c70(uuid3408)
сент. 19, 2025 6:42:49 PM webapp.storage.AbstractStorage save
INFO: &amp#27;[32mSave a7a9985d-f6dd-436a-b3e3-2c878f721dc5(uuid3409)
сент. 19, 2025 6:42:49 PM webapp.storage.AbstractStorage save
INFO: &amp#27;[32mSave 559a6b43-9d46-4407-aa47-ce441a269e68(uuid3410)
сент. 19, 2025 6:42:49 PM webapp.storage.AbstractStorage save
INFO: &amp#27;[32mSave 9c96a1c4-60b1-40ff-8300-aa31d7251c1e(uuid3411)
сент. 19, 2025 6:42:49 PM webapp.storage.AbstractStorage save
INFO: &amp#27;[32mSave 0fbc11c0-6755-438b-a325-c3315ca93310(uuid3412)
сент. 19, 2025 6:42:49 PM webapp.storage.AbstractStorage save
INFO: &amp#27;[32mSave fdbb5166-7cd5-4c80-aa57-9c394e08207e(uuid3413)
сент. 19, 2025 6:42:49 PM webapp.storage.AbstractStorage save
INFO: &amp#27;[32mSave e4b96655-179f-46ac-ad8b-63b136eb040e(uuid3414)
сент. 19, 2025 6:42:49 PM webapp.storage.AbstractStorage save
INFO: &amp#27;[32mSave 01c42884-3a00-41ca-91c6-1bf5ce625793(uuid3415)
сент. 19, 2025 6:42:49 PM webapp.storage.AbstractStorage save
INFO: &amp#27;[32mSave a5686696-9805-427c-bd72-83d06147d52f(uuid3416)
сент. 19, 2025 6:42:49 PM webapp.storage.AbstractStorage save
INFO: &amp#27;[32mSave 37a142ff-71cb-41bf-845d-06abab88944b(uuid3417)
сент. 19, 2025 6:42:49 PM webapp.storage.AbstractStorage save
INFO: &amp#27;[32mSave 4f06feb2-5297-47b1-8589-514a9048b55e(uuid3418)
сент. 19, 2025 6:42:49 PM webapp.storage.AbstractStorage save
INFO: &amp#27;[32mSave 534e6b89-e2b3-4612-a92f-78abec61aeee(uuid3419)
сент. 19, 2025 6:42:49 PM webapp.storage.AbstractStorage save
INFO: &amp#27;[32mSave b035ef08-645a-4c67-9e8e-485eb2d308ea(uuid3420)
сент. 19, 2025 6:42:49 PM webapp.storage.AbstractStorage save
INFO: &amp#27;[32mSave 57684887-c17f-4f34-83d4-69c1ea148d77(uuid3421)
сент. 19, 2025 6:42:49 PM webapp.storage.AbstractStorage save
INFO: &amp#27;[32mSave 6a53eaf9-2e44-425a-852e-9a2fc6e48042(uuid3422)
сент. 19, 2025 6:42:49 PM webapp.storage.AbstractStorage save
INFO: &amp#27;[32mSave fb104293-4e6b-4583-a0ec-e7ad3dc04da2(uuid3423)
сент. 19, 2025 6:42:49 PM webapp.storage.AbstractStorage save
INFO: &amp#27;[32mSave c5e60a8f-3dab-44dd-9f9e-beaf6318c669(uuid3424)
сент. 19, 2025 6:42:49 PM webapp.storage.AbstractStorage save
INFO: &amp#27;[32mSave da53cf27-fa9e-4f28-b5a7-be54f8982896(uuid3425)
сент. 19, 2025 6:42:49 PM webapp.storage.AbstractStorage save
INFO: &amp#27;[32mSave 5702513c-c22e-4c33-8d51-af5388a81eaf(uuid3426)
сент. 19, 2025 6:42:49 PM webapp.storage.AbstractStorage save
INFO: &amp#27;[32mSave 9825d13d-8a93-41f7-9e8b-c9235183b92e(uuid3427)
сент. 19, 2025 6:42:49 PM webapp.storage.AbstractStorage save
INFO: &amp#27;[32mSave b5e758c9-49fe-46b5-9ef3-45ed4a2eee86(uuid3428)
сент. 19, 2025 6:42:49 PM webapp.storage.AbstractStorage save
INFO: &amp#27;[32mSave 7066657d-af05-4903-9b68-7095ec1d51c6(uuid3429)
сент. 19, 2025 6:42:49 PM webapp.storage.AbstractStorage save
INFO: &amp#27;[32mSave 3d6fd876-076f-4ae3-b7e0-aab999614a84(uuid3430)
сент. 19, 2025 6:42:49 PM webapp.storage.AbstractStorage save
INFO: &amp#27;[32mSave 2fe19e12-33eb-4f5a-8e21-abd637ae3f4b(uuid3431)
сент. 19, 2025 6:42:49 PM webapp.storage.AbstractStorage save
INFO: &amp#27;[32mSave 9471a317-c664-411e-ad82-742a0dfafef6(uuid3432)
сент. 19, 2025 6:42:49 PM webapp.storage.AbstractStorage save
INFO: &amp#27;[32mSave edb238e6-025f-481c-94e3-ba5b650e322d(uuid3433)
сент. 19, 2025 6:42:49 PM webapp.storage.AbstractStorage save
INFO: &amp#27;[32mSave e45a0126-fb87-493a-8e51-fd007ef2e9aa(uuid3434)
сент. 19, 2025 6:42:49 PM webapp.storage.AbstractStorage save
INFO: &amp#27;[32mSave 155bb588-8fa8-4553-ba70-fff3d298e33a(uuid3435)
сент. 19, 2025 6:42:49 PM webapp.storage.AbstractStorage save
INFO: &amp#27;[32mSave 0d5d920a-d1bf-4970-9796-ad6960919c39(uuid3436)
сент. 19, 2025 6:42:49 PM webapp.storage.AbstractStorage save
INFO: &amp#27;[32mSave 8ec5ccd8-4909-4f6a-9427-476766d53b93(uuid3437)
сент. 19, 2025 6:42:49 PM webapp.storage.AbstractStorage save
INFO: &amp#27;[32mSave c53c1424-23ea-40a3-bbe3-11006d4c8213(uuid3438)
сент. 19, 2025 6:42:49 PM webapp.storage.AbstractStorage save
INFO: &amp#27;[32mSave 93865c5e-14a0-42f0-bd5e-7152e9b97410(uuid3439)
сент. 19, 2025 6:42:49 PM webapp.storage.AbstractStorage save
INFO: &amp#27;[32mSave 9a628ff9-8d81-442e-8923-a16373533221(uuid3440)
сент. 19, 2025 6:42:49 PM webapp.storage.AbstractStorage save
INFO: &amp#27;[32mSave 351a9b70-f591-46d0-9e3d-81940c7d269d(uuid3441)
сент. 19, 2025 6:42:49 PM webapp.storage.AbstractStorage save
INFO: &amp#27;[32mSave 5c108c64-0c4f-4ddf-b509-2e9b84a30a46(uuid3442)
сент. 19, 2025 6:42:49 PM webapp.storage.AbstractStorage save
INFO: &amp#27;[32mSave a076972d-7059-4c0f-8eee-72aeb05ebbe7(uuid3443)
сент. 19, 2025 6:42:49 PM webapp.storage.AbstractStorage save
INFO: &amp#27;[32mSave 94c75491-bbf1-46de-83ce-d5543877838a(uuid3444)
сент. 19, 2025 6:42:49 PM webapp.storage.AbstractStorage save
INFO: &amp#27;[32mSave 4dc2024f-7b15-4262-a7ae-a5e51ec635f1(uuid3445)
сент. 19, 2025 6:42:49 PM webapp.storage.AbstractStorage save
INFO: &amp#27;[32mSave 90925adc-edab-4a2c-a899-9936d0b13002(uuid3446)
сент. 19, 2025 6:42:49 PM webapp.storage.AbstractStorage save
INFO: &amp#27;[32mSave 601c9ca4-a5f6-4947-96b8-3dd254f4c37a(uuid3447)
сент. 19, 2025 6:42:49 PM webapp.storage.AbstractStorage save
INFO: &amp#27;[32mSave 525bc567-0bad-4f5d-b29e-fa5e41611a5c(uuid3448)
сент. 19, 2025 6:42:49 PM webapp.storage.AbstractStorage save
INFO: &amp#27;[32mSave 0b69f80d-5b56-4c8c-be52-691ce7f5c7ad(uuid3449)
сент. 19, 2025 6:42:49 PM webapp.storage.AbstractStorage save
INFO: &amp#27;[32mSave dde8575d-5410-4336-b69f-88e9398ec401(uuid3450)
сент. 19, 2025 6:42:49 PM webapp.storage.AbstractStorage save
INFO: &amp#27;[32mSave 39f8b764-504a-49ac-90a8-c0f0a7e35034(uuid3451)
сент. 19, 2025 6:42:49 PM webapp.storage.AbstractStorage save
INFO: &amp#27;[32mSave cf62ea9b-ec4a-46f0-adc3-829e8838c82e(uuid3452)
сент. 19, 2025 6:42:49 PM webapp.storage.AbstractStorage save
INFO: &amp#27;[32mSave ad7b3e6c-3849-4f3b-be06-cd90ef15d175(uuid3453)
сент. 19, 2025 6:42:49 PM webapp.storage.AbstractStorage save
INFO: &amp#27;[32mSave 2b2f80ef-775f-43b4-9d00-e284ca5fd8f3(uuid3454)
сент. 19, 2025 6:42:49 PM webapp.storage.AbstractStorage save
INFO: &amp#27;[32mSave dfa8fe17-f655-4376-ad81-2d8e7a82d0f4(uuid3455)
сент. 19, 2025 6:42:49 PM webapp.storage.AbstractStorage save
INFO: &amp#27;[32mSave fabf5044-dfc6-4386-a116-0ae0ce4c8307(uuid3456)
сент. 19, 2025 6:42:49 PM webapp.storage.AbstractStorage save
INFO: &amp#27;[32mSave 377b45be-de3b-4824-ab7f-40087ba1a191(uuid3457)
сент. 19, 2025 6:42:49 PM webapp.storage.AbstractStorage save
INFO: &amp#27;[32mSave f436f76f-0a5e-42cf-b2fa-dbe9da267a55(uuid3458)
сент. 19, 2025 6:42:49 PM webapp.storage.AbstractStorage save
INFO: &amp#27;[32mSave 071d9f6f-2167-447e-9815-19bca010f827(uuid3459)
сент. 19, 2025 6:42:49 PM webapp.storage.AbstractStorage save
INFO: &amp#27;[32mSave b79a687a-a6bf-4beb-bc0d-d9f08ff30f34(uuid3460)
сент. 19, 2025 6:42:49 PM webapp.storage.AbstractStorage save
INFO: &amp#27;[32mSave 87fe5615-f21b-4702-9ec8-2894363ae5f0(uuid3461)
сент. 19, 2025 6:42:49 PM webapp.storage.AbstractStorage save
INFO: &amp#27;[32mSave 0c864738-0fd2-4397-9d9a-7beebb9d4deb(uuid3462)
сент. 19, 2025 6:42:49 PM webapp.storage.AbstractStorage save
INFO: &amp#27;[32mSave 864b1405-e14c-414d-9790-c62de4b77d1e(uuid3463)
сент. 19, 2025 6:42:49 PM webapp.storage.AbstractStorage save
INFO: &amp#27;[32mSave c977ad2c-fd98-4de2-be50-b57112e4ba3e(uuid3464)
сент. 19, 2025 6:42:49 PM webapp.storage.AbstractStorage save
INFO: &amp#27;[32mSave f5262b09-f2b9-4d9a-bbc0-c08ddefb3da1(uuid3465)
сент. 19, 2025 6:42:49 PM webapp.storage.AbstractStorage save
INFO: &amp#27;[32mSave 1430f649-f583-486c-9535-ebe3874b710c(uuid3466)
сент. 19, 2025 6:42:49 PM webapp.storage.AbstractStorage save
INFO: &amp#27;[32mSave cc7c58c8-f3fa-4693-b52e-56b28d64cd96(uuid3467)
сент. 19, 2025 6:42:49 PM webapp.storage.AbstractStorage save
INFO: &amp#27;[32mSave 7f328f00-911b-4cb1-b15c-137d419a2ec3(uuid3468)
сент. 19, 2025 6:42:49 PM webapp.storage.AbstractStorage save
INFO: &amp#27;[32mSave e579f397-f28c-4549-a955-319e4cbb447b(uuid3469)
сент. 19, 2025 6:42:49 PM webapp.storage.AbstractStorage save
INFO: &amp#27;[32mSave 4a895771-3cf3-4051-8b3c-dea16afdb2e4(uuid3470)
сент. 19, 2025 6:42:49 PM webapp.storage.AbstractStorage save
INFO: &amp#27;[32mSave d7de7b3b-6c7e-47d5-8237-88553d690875(uuid3471)
сент. 19, 2025 6:42:49 PM webapp.storage.AbstractStorage save
INFO: &amp#27;[32mSave 15d245ee-9bdc-4f31-9b39-f54dea34010a(uuid3472)
сент. 19, 2025 6:42:49 PM webapp.storage.AbstractStorage save
INFO: &amp#27;[32mSave ba502a53-9728-4ab0-ae2b-4cdfcc2bfd2a(uuid3473)
сент. 19, 2025 6:42:49 PM webapp.storage.AbstractStorage save
INFO: &amp#27;[32mSave 728efecf-4d0e-4d99-9bf1-6d5d9e72d238(uuid3474)
сент. 19, 2025 6:42:49 PM webapp.storage.AbstractStorage save
INFO: &amp#27;[32mSave 9a422a51-90b5-45fa-9940-a1d2345dc6ec(uuid3475)
сент. 19, 2025 6:42:49 PM webapp.storage.AbstractStorage save
INFO: &amp#27;[32mSave 49223d3e-96d8-4f3f-a551-749f2895ff81(uuid3476)
сент. 19, 2025 6:42:49 PM webapp.storage.AbstractStorage save
INFO: &amp#27;[32mSave 26675a2c-f9a4-4f9c-a5cd-56657d03859f(uuid3477)
сент. 19, 2025 6:42:49 PM webapp.storage.AbstractStorage save
INFO: &amp#27;[32mSave 5a3ac303-088d-423d-9ad0-12b623abe044(uuid3478)
сент. 19, 2025 6:42:49 PM webapp.storage.AbstractStorage save
INFO: &amp#27;[32mSave 3a29e272-b3bb-4bdd-9519-22177d7c3e51(uuid3479)
сент. 19, 2025 6:42:49 PM webapp.storage.AbstractStorage save
INFO: &amp#27;[32mSave 8386c988-d021-4042-905b-6da1d933e71f(uuid3480)
сент. 19, 2025 6:42:49 PM webapp.storage.AbstractStorage save
INFO: &amp#27;[32mSave 0e2de1c8-6e9c-4725-8794-54706d7561f6(uuid3481)
сент. 19, 2025 6:42:49 PM webapp.storage.AbstractStorage save
INFO: &amp#27;[32mSave 5e6151e8-d2e5-4c81-9ab3-42bd48d305a8(uuid3482)
сент. 19, 2025 6:42:49 PM webapp.storage.AbstractStorage save
INFO: &amp#27;[32mSave 4666a818-2956-434e-be7e-fc887832de61(uuid3483)
сент. 19, 2025 6:42:49 PM webapp.storage.AbstractStorage save
INFO: &amp#27;[32mSave 947075e2-4651-4e7d-8501-30738b639c78(uuid3484)
сент. 19, 2025 6:42:49 PM webapp.storage.AbstractStorage save
INFO: &amp#27;[32mSave ef4803db-fb75-4379-ad83-78afce113186(uuid3485)
сент. 19, 2025 6:42:49 PM webapp.storage.AbstractStorage save
INFO: &amp#27;[32mSave 4aca944b-45ca-4c08-baff-b353a2f183ba(uuid3486)
сент. 19, 2025 6:42:49 PM webapp.storage.AbstractStorage save
INFO: &amp#27;[32mSave 806fb682-7495-400b-8dc3-b75afea830ba(uuid3487)
сент. 19, 2025 6:42:49 PM webapp.storage.AbstractStorage save
INFO: &amp#27;[32mSave 7ee958e9-9062-4219-a207-4b00b39b4cfc(uuid3488)
сент. 19, 2025 6:42:49 PM webapp.storage.AbstractStorage save
INFO: &amp#27;[32mSave d16344ae-3f0a-46c7-b67f-4d937265892a(uuid3489)
сент. 19, 2025 6:42:49 PM webapp.storage.AbstractStorage save
INFO: &amp#27;[32mSave 5c1d0790-5f55-4381-bdca-fbcbc1fc5872(uuid3490)
сент. 19, 2025 6:42:49 PM webapp.storage.AbstractStorage save
INFO: &amp#27;[32mSave f2546626-5c59-4390-9034-9edf5698ed23(uuid3491)
сент. 19, 2025 6:42:49 PM webapp.storage.AbstractStorage save
INFO: &amp#27;[32mSave 60b38458-b7ba-4940-8e7f-d7d394670115(uuid3492)
сент. 19, 2025 6:42:49 PM webapp.storage.AbstractStorage save
INFO: &amp#27;[32mSave 7ad0c19b-7f53-41ad-ac40-ccaa222a9dbb(uuid3493)
сент. 19, 2025 6:42:49 PM webapp.storage.AbstractStorage save
INFO: &amp#27;[32mSave eb14bcf0-cc2b-45f6-a8e0-4c76a44e27e0(uuid3494)
сент. 19, 2025 6:42:49 PM webapp.storage.AbstractStorage save
INFO: &amp#27;[32mSave e4478477-253d-41bc-a382-7f11335f7d47(uuid3495)
сент. 19, 2025 6:42:49 PM webapp.storage.AbstractStorage save
INFO: &amp#27;[32mSave 2bc6ae61-b40f-4926-a659-722e54b81944(uuid3496)
сент. 19, 2025 6:42:49 PM webapp.storage.AbstractStorage save
INFO: &amp#27;[32mSave 9a58195f-8c2a-491f-9d93-14e55f56cedd(uuid3497)
сент. 19, 2025 6:42:49 PM webapp.storage.AbstractStorage save
INFO: &amp#27;[32mSave 6ba632d5-5d65-441b-92b6-d34ae9a46820(uuid3498)
сент. 19, 2025 6:42:49 PM webapp.storage.AbstractStorage save
INFO: &amp#27;[32mSave 382e9833-af49-4b4f-b1bf-5f4ac95eb1f1(uuid3499)
сент. 19, 2025 6:42:49 PM webapp.storage.AbstractStorage save
INFO: &amp#27;[32mSave 5e9c4b2c-b1fe-468e-9455-ee0478c28d64(uuid3500)
сент. 19, 2025 6:42:49 PM webapp.storage.AbstractStorage save
INFO: &amp#27;[32mSave f37b0637-8e3d-4f18-82ca-ac83edaa74d1(uuid3501)
сент. 19, 2025 6:42:49 PM webapp.storage.AbstractStorage save
INFO: &amp#27;[32mSave 642c95c8-7cbc-4fc7-9eef-b1f37ac545cc(uuid3502)
сент. 19, 2025 6:42:49 PM webapp.storage.AbstractStorage save
INFO: &amp#27;[32mSave 365ba537-fbe4-4172-8674-be06d785bd62(uuid3503)
сент. 19, 2025 6:42:49 PM webapp.storage.AbstractStorage save
INFO: &amp#27;[32mSave 97cb4308-51f2-4563-9acc-d090c68d4e91(uuid3504)
сент. 19, 2025 6:42:49 PM webapp.storage.AbstractStorage save
INFO: &amp#27;[32mSave 386146a7-391a-4017-8a5d-43f3d15dca66(uuid3505)
сент. 19, 2025 6:42:49 PM webapp.storage.AbstractStorage save
INFO: &amp#27;[32mSave 91721185-9840-41e8-977e-dad85909e67f(uuid3506)
сент. 19, 2025 6:42:49 PM webapp.storage.AbstractStorage save
INFO: &amp#27;[32mSave 6a66b4d3-81f0-4253-9eaa-94fc9eec2be0(uuid3507)
сент. 19, 2025 6:42:49 PM webapp.storage.AbstractStorage save
INFO: &amp#27;[32mSave 65502daa-7bf5-4280-8bc0-2222141b8a62(uuid3508)
сент. 19, 2025 6:42:49 PM webapp.storage.AbstractStorage save
INFO: &amp#27;[32mSave 8d1cbe02-f866-45bd-9159-f77c5206c99f(uuid3509)
сент. 19, 2025 6:42:49 PM webapp.storage.AbstractStorage save
INFO: &amp#27;[32mSave 7e86f132-fa7b-4859-96fe-ba4db4abeff0(uuid3510)
сент. 19, 2025 6:42:49 PM webapp.storage.AbstractStorage save
INFO: &amp#27;[32mSave 7a035028-83e6-471a-b433-e2be398773c5(uuid3511)
сент. 19, 2025 6:42:49 PM webapp.storage.AbstractStorage save
INFO: &amp#27;[32mSave b389f6ee-33e0-4745-b680-b9f72ba4ea6e(uuid3512)
сент. 19, 2025 6:42:49 PM webapp.storage.AbstractStorage save
INFO: &amp#27;[32mSave dc8838e4-1c23-48be-a946-13582ba6f24f(uuid3513)
сент. 19, 2025 6:42:49 PM webapp.storage.AbstractStorage save
INFO: &amp#27;[32mSave 3591fc86-25e0-4f95-b135-f361fdbf2ac9(uuid3514)
сент. 19, 2025 6:42:49 PM webapp.storage.AbstractStorage save
INFO: &amp#27;[32mSave 44492b11-3c6a-4430-be25-8b8533d57213(uuid3515)
сент. 19, 2025 6:42:49 PM webapp.storage.AbstractStorage save
INFO: &amp#27;[32mSave df6acfde-29c6-4496-b243-94d3e247afb7(uuid3516)
сент. 19, 2025 6:42:49 PM webapp.storage.AbstractStorage save
INFO: &amp#27;[32mSave 1db0871e-5c91-43ed-9147-961349dafe42(uuid3517)
сент. 19, 2025 6:42:49 PM webapp.storage.AbstractStorage save
INFO: &amp#27;[32mSave a52f6811-5d9d-4f6a-becb-7b31366f4991(uuid3518)
сент. 19, 2025 6:42:49 PM webapp.storage.AbstractStorage save
INFO: &amp#27;[32mSave a375fd3f-8021-42f8-a249-34e037425511(uuid3519)
сент. 19, 2025 6:42:49 PM webapp.storage.AbstractStorage save
INFO: &amp#27;[32mSave 8ac5a187-5b12-4831-a10a-994f0a2e946f(uuid3520)
сент. 19, 2025 6:42:49 PM webapp.storage.AbstractStorage save
INFO: &amp#27;[32mSave 05276d4b-8c9d-41c3-b58d-036b4eefc958(uuid3521)
сент. 19, 2025 6:42:49 PM webapp.storage.AbstractStorage save
INFO: &amp#27;[32mSave f6c0ba51-c5e9-4186-9e52-d764acaf957c(uuid3522)
сент. 19, 2025 6:42:49 PM webapp.storage.AbstractStorage save
INFO: &amp#27;[32mSave e794440a-92fd-42c2-a9c3-a4949faf69b0(uuid3523)
сент. 19, 2025 6:42:49 PM webapp.storage.AbstractStorage save
INFO: &amp#27;[32mSave a67582bd-1c10-40b8-ae34-4b0df3c8609d(uuid3524)
сент. 19, 2025 6:42:49 PM webapp.storage.AbstractStorage save
INFO: &amp#27;[32mSave b3b5eaa4-88de-49c3-9f55-9853c7992caf(uuid3525)
сент. 19, 2025 6:42:49 PM webapp.storage.AbstractStorage save
INFO: &amp#27;[32mSave 39b19941-9b4c-4d7a-b4ed-c7a23f943e59(uuid3526)
сент. 19, 2025 6:42:49 PM webapp.storage.AbstractStorage save
INFO: &amp#27;[32mSave de89e2c9-c08f-4053-9f58-b66203185477(uuid3527)
сент. 19, 2025 6:42:49 PM webapp.storage.AbstractStorage save
INFO: &amp#27;[32mSave c500f828-f9a2-496f-b95b-85ffdebf3293(uuid3528)
сент. 19, 2025 6:42:49 PM webapp.storage.AbstractStorage save
INFO: &amp#27;[32mSave 424064a0-cc05-4c50-985d-59c3c066451d(uuid3529)
сент. 19, 2025 6:42:49 PM webapp.storage.AbstractStorage save
INFO: &amp#27;[32mSave e137ac15-d59e-408b-8150-12e5e53b29be(uuid3530)
сент. 19, 2025 6:42:49 PM webapp.storage.AbstractStorage save
INFO: &amp#27;[32mSave 8f3074e8-2689-4e4f-b5ae-e4a46b9df7c4(uuid3531)
сент. 19, 2025 6:42:49 PM webapp.storage.AbstractStorage save
INFO: &amp#27;[32mSave 5e966b27-41c4-42c4-9631-9fb94fceb4db(uuid3532)
сент. 19, 2025 6:42:49 PM webapp.storage.AbstractStorage save
INFO: &amp#27;[32mSave d5891dc6-c795-4990-98f2-1008860fc06c(uuid3533)
сент. 19, 2025 6:42:49 PM webapp.storage.AbstractStorage save
INFO: &amp#27;[32mSave 9028777b-2c42-4ca0-8213-6d5d19637518(uuid3534)
сент. 19, 2025 6:42:49 PM webapp.storage.AbstractStorage save
INFO: &amp#27;[32mSave 656324ef-1e97-43de-b862-51636131f9b2(uuid3535)
сент. 19, 2025 6:42:49 PM webapp.storage.AbstractStorage save
INFO: &amp#27;[32mSave ea63a5d1-477a-44e2-a111-e7c9fe7bcb7e(uuid3536)
сент. 19, 2025 6:42:49 PM webapp.storage.AbstractStorage save
INFO: &amp#27;[32mSave 6a87b258-1fdd-49bd-bf10-e2d8f978f6bf(uuid3537)
сент. 19, 2025 6:42:49 PM webapp.storage.AbstractStorage save
INFO: &amp#27;[32mSave c9c2b943-aec9-4772-a161-d1e3777dd3aa(uuid3538)
сент. 19, 2025 6:42:49 PM webapp.storage.AbstractStorage save
INFO: &amp#27;[32mSave 25bb7333-ecfb-44d7-acfd-d6b71f4461d9(uuid3539)
сент. 19, 2025 6:42:49 PM webapp.storage.AbstractStorage save
INFO: &amp#27;[32mSave 0d778406-fd19-447b-814f-c014e6e0679e(uuid3540)
сент. 19, 2025 6:42:49 PM webapp.storage.AbstractStorage save
INFO: &amp#27;[32mSave 56227462-ff1b-4574-b6da-fc9a80c99385(uuid3541)
сент. 19, 2025 6:42:49 PM webapp.storage.AbstractStorage save
INFO: &amp#27;[32mSave b3ef3578-38be-459b-8040-ab3491c70fa0(uuid3542)
сент. 19, 2025 6:42:49 PM webapp.storage.AbstractStorage save
INFO: &amp#27;[32mSave e56a1d8d-67c1-42bc-86ae-fba92c7772e3(uuid3543)
сент. 19, 2025 6:42:49 PM webapp.storage.AbstractStorage save
INFO: &amp#27;[32mSave 0bd47674-376b-4378-89e1-f71a8bdbcc0e(uuid3544)
сент. 19, 2025 6:42:49 PM webapp.storage.AbstractStorage save
INFO: &amp#27;[32mSave db50db34-2235-4917-b641-2cd6f9a94e12(uuid3545)
сент. 19, 2025 6:42:49 PM webapp.storage.AbstractStorage save
INFO: &amp#27;[32mSave 32778cae-b2d7-4c27-807d-82fd322f5388(uuid3546)
сент. 19, 2025 6:42:49 PM webapp.storage.AbstractStorage save
INFO: &amp#27;[32mSave 98100d73-e499-4af1-a228-4f6c5507ded4(uuid3547)
сент. 19, 2025 6:42:49 PM webapp.storage.AbstractStorage save
INFO: &amp#27;[32mSave 3204ebcd-55da-4dc3-b62d-62eb3c20b12d(uuid3548)
сент. 19, 2025 6:42:49 PM webapp.storage.AbstractStorage save
INFO: &amp#27;[32mSave 2aee9576-d270-403e-b02f-e76e9e518b81(uuid3549)
сент. 19, 2025 6:42:49 PM webapp.storage.AbstractStorage save
INFO: &amp#27;[32mSave 44743277-778c-4620-9fce-f4c6d3c11d70(uuid3550)
сент. 19, 2025 6:42:49 PM webapp.storage.AbstractStorage save
INFO: &amp#27;[32mSave f8d92d55-8c51-4565-9186-62c9c98f7662(uuid3551)
сент. 19, 2025 6:42:49 PM webapp.storage.AbstractStorage save
INFO: &amp#27;[32mSave f0d9f0bc-cc31-460b-93c3-8e7752e9cb25(uuid3552)
сент. 19, 2025 6:42:49 PM webapp.storage.AbstractStorage save
INFO: &amp#27;[32mSave b3a468c0-e0bf-4acd-86ca-f9ba1ba299c7(uuid3553)
сент. 19, 2025 6:42:49 PM webapp.storage.AbstractStorage save
INFO: &amp#27;[32mSave 13257da7-8442-4bf8-b789-7933b495d8de(uuid3554)
сент. 19, 2025 6:42:49 PM webapp.storage.AbstractStorage save
INFO: &amp#27;[32mSave b9300919-096a-4e27-8ee2-16083a48ac84(uuid3555)
сент. 19, 2025 6:42:49 PM webapp.storage.AbstractStorage save
INFO: &amp#27;[32mSave 74f40742-36fa-4d06-8953-81ea08a2bbf5(uuid3556)
сент. 19, 2025 6:42:49 PM webapp.storage.AbstractStorage save
INFO: &amp#27;[32mSave 0c6b91a5-c318-43e1-8ad5-a3c3872a9720(uuid3557)
сент. 19, 2025 6:42:49 PM webapp.storage.AbstractStorage save
INFO: &amp#27;[32mSave 3b13028b-09d4-484e-9400-4ad44f025bb1(uuid3558)
сент. 19, 2025 6:42:49 PM webapp.storage.AbstractStorage save
INFO: &amp#27;[32mSave a4f80f3e-b52b-411c-b8e2-e09b95b1b7ef(uuid3559)
сент. 19, 2025 6:42:49 PM webapp.storage.AbstractStorage save
INFO: &amp#27;[32mSave c51fd6c9-1533-49fb-b852-706fa091bf19(uuid3560)
сент. 19, 2025 6:42:49 PM webapp.storage.AbstractStorage save
INFO: &amp#27;[32mSave 838b6472-670e-4e4e-93e9-27e295ec7bbc(uuid3561)
сент. 19, 2025 6:42:49 PM webapp.storage.AbstractStorage save
INFO: &amp#27;[32mSave ddbd8306-5072-45ab-8a3e-d8ac440e7642(uuid3562)
сент. 19, 2025 6:42:49 PM webapp.storage.AbstractStorage save
INFO: &amp#27;[32mSave 759746be-b065-42c1-9f10-bcf1e49a9f36(uuid3563)
сент. 19, 2025 6:42:49 PM webapp.storage.AbstractStorage save
INFO: &amp#27;[32mSave 89401685-2505-44a9-afac-960392e431e5(uuid3564)
сент. 19, 2025 6:42:49 PM webapp.storage.AbstractStorage save
INFO: &amp#27;[32mSave 86fefadb-cf3b-49f2-a933-b02298a3e805(uuid3565)
сент. 19, 2025 6:42:49 PM webapp.storage.AbstractStorage save
INFO: &amp#27;[32mSave 57d2a67a-9d0f-47f7-b4b3-c099cf8c8da5(uuid3566)
сент. 19, 2025 6:42:49 PM webapp.storage.AbstractStorage save
INFO: &amp#27;[32mSave b5d34407-0b72-4fcc-b909-32da9b7d6b01(uuid3567)
сент. 19, 2025 6:42:49 PM webapp.storage.AbstractStorage save
INFO: &amp#27;[32mSave ea741234-b698-48c0-ad5e-109d6a2abe6e(uuid3568)
сент. 19, 2025 6:42:49 PM webapp.storage.AbstractStorage save
INFO: &amp#27;[32mSave fd5d9d45-d685-4b7e-81f6-da18020d3048(uuid3569)
сент. 19, 2025 6:42:49 PM webapp.storage.AbstractStorage save
INFO: &amp#27;[32mSave 934a6406-f891-45b8-b2ce-a7245a1d7780(uuid3570)
сент. 19, 2025 6:42:49 PM webapp.storage.AbstractStorage save
INFO: &amp#27;[32mSave ccee2949-02ee-4386-b5c5-a460d18c8c83(uuid3571)
сент. 19, 2025 6:42:49 PM webapp.storage.AbstractStorage save
INFO: &amp#27;[32mSave 99cd6f0e-1b5f-4beb-9037-8e90838258f0(uuid3572)
сент. 19, 2025 6:42:49 PM webapp.storage.AbstractStorage save
INFO: &amp#27;[32mSave 456ec411-fd03-4368-b63f-eb173218ee39(uuid3573)
сент. 19, 2025 6:42:49 PM webapp.storage.AbstractStorage save
INFO: &amp#27;[32mSave 4ca96e50-27d8-48af-8843-a3ce44301642(uuid3574)
сент. 19, 2025 6:42:49 PM webapp.storage.AbstractStorage save
INFO: &amp#27;[32mSave 30f61233-2038-4e01-ac89-db133d409daa(uuid3575)
сент. 19, 2025 6:42:49 PM webapp.storage.AbstractStorage save
INFO: &amp#27;[32mSave 263c4387-8043-4ab4-8d81-bf978f0614e8(uuid3576)
сент. 19, 2025 6:42:49 PM webapp.storage.AbstractStorage save
INFO: &amp#27;[32mSave ec99c641-2e8d-4969-867d-7383ab373c07(uuid3577)
сент. 19, 2025 6:42:49 PM webapp.storage.AbstractStorage save
INFO: &amp#27;[32mSave f2c03c44-557d-4d3d-b830-4180bd2cb894(uuid3578)
сент. 19, 2025 6:42:49 PM webapp.storage.AbstractStorage save
INFO: &amp#27;[32mSave aabf9883-2a64-46a8-8794-4851f83bd779(uuid3579)
сент. 19, 2025 6:42:49 PM webapp.storage.AbstractStorage save
INFO: &amp#27;[32mSave d8b74667-4370-42a6-8363-278afa5c1098(uuid3580)
сент. 19, 2025 6:42:49 PM webapp.storage.AbstractStorage save
INFO: &amp#27;[32mSave 6c6aa665-0ecf-4c65-8b78-a24db2fe0d20(uuid3581)
сент. 19, 2025 6:42:49 PM webapp.storage.AbstractStorage save
INFO: &amp#27;[32mSave cef9a424-e9ca-45ad-aa18-8e73b641aae3(uuid3582)
сент. 19, 2025 6:42:49 PM webapp.storage.AbstractStorage save
INFO: &amp#27;[32mSave 7a6fdf08-7d82-4647-9fc8-017e4f476179(uuid3583)
сент. 19, 2025 6:42:49 PM webapp.storage.AbstractStorage save
INFO: &amp#27;[32mSave 49254321-95dd-407d-b498-fa2ebbe80ee6(uuid3584)
сент. 19, 2025 6:42:49 PM webapp.storage.AbstractStorage save
INFO: &amp#27;[32mSave 15fe11bb-b4cf-4675-b648-efc8d55d5488(uuid3585)
сент. 19, 2025 6:42:49 PM webapp.storage.AbstractStorage save
INFO: &amp#27;[32mSave 4ef62ac6-41fb-4d3a-a8e4-3a092a4b8176(uuid3586)
сент. 19, 2025 6:42:49 PM webapp.storage.AbstractStorage save
INFO: &amp#27;[32mSave 5b69d118-31cc-4b2b-96db-babf45f3fe51(uuid3587)
сент. 19, 2025 6:42:49 PM webapp.storage.AbstractStorage save
INFO: &amp#27;[32mSave 5e656f50-ba3a-41ef-9bf9-a841351686cd(uuid3588)
сент. 19, 2025 6:42:49 PM webapp.storage.AbstractStorage save
INFO: &amp#27;[32mSave a02fcc65-a721-44b3-b8ed-3c230a41e3b6(uuid3589)
сент. 19, 2025 6:42:49 PM webapp.storage.AbstractStorage save
INFO: &amp#27;[32mSave fd50c59f-fe24-4d07-8917-197e2429fde3(uuid3590)
сент. 19, 2025 6:42:49 PM webapp.storage.AbstractStorage save
INFO: &amp#27;[32mSave 590c2517-d751-4655-99eb-72771be97bae(uuid3591)
сент. 19, 2025 6:42:49 PM webapp.storage.AbstractStorage save
INFO: &amp#27;[32mSave 317a5e3b-88ef-42ad-8fde-7250dc9b40f2(uuid3592)
сент. 19, 2025 6:42:49 PM webapp.storage.AbstractStorage save
INFO: &amp#27;[32mSave 6f5c9e91-78a9-43d1-8106-80a3188f4b01(uuid3593)
сент. 19, 2025 6:42:49 PM webapp.storage.AbstractStorage save
INFO: &amp#27;[32mSave b08acfc5-29c7-4999-b999-fe0cea6f5b5d(uuid3594)
сент. 19, 2025 6:42:49 PM webapp.storage.AbstractStorage save
INFO: &amp#27;[32mSave 2e894fac-5bf8-47d9-8586-b913dde8841c(uuid3595)
сент. 19, 2025 6:42:49 PM webapp.storage.AbstractStorage save
INFO: &amp#27;[32mSave 505675fd-99a0-4c8b-a7ab-69de698fa891(uuid3596)
сент. 19, 2025 6:42:49 PM webapp.storage.AbstractStorage save
INFO: &amp#27;[32mSave 601c1d46-5c1b-4a90-8b70-56dba16db1b9(uuid3597)
сент. 19, 2025 6:42:49 PM webapp.storage.AbstractStorage save
INFO: &amp#27;[32mSave 17203db0-c4e2-4e0d-920b-e530c4ef8328(uuid3598)
сент. 19, 2025 6:42:49 PM webapp.storage.AbstractStorage save
INFO: &amp#27;[32mSave 789ef929-08c0-484a-a5b4-4935e8cc2335(uuid3599)
сент. 19, 2025 6:42:49 PM webapp.storage.AbstractStorage save
INFO: &amp#27;[32mSave ed8e443f-1281-4706-bfdc-39ff3c753133(uuid3600)
сент. 19, 2025 6:42:49 PM webapp.storage.AbstractStorage save
INFO: &amp#27;[32mSave 884bbc02-0a85-45c2-99ac-0978a7df6c14(uuid3601)
сент. 19, 2025 6:42:49 PM webapp.storage.AbstractStorage save
INFO: &amp#27;[32mSave 2555250e-b612-4d5b-b0e2-c4f0e1bc50b1(uuid3602)
сент. 19, 2025 6:42:49 PM webapp.storage.AbstractStorage save
INFO: &amp#27;[32mSave c81a1709-d2ce-4a36-9302-a10c91ec408d(uuid3603)
сент. 19, 2025 6:42:49 PM webapp.storage.AbstractStorage save
INFO: &amp#27;[32mSave 4d39b043-80c5-487c-8417-c87bad9e8859(uuid3604)
сент. 19, 2025 6:42:49 PM webapp.storage.AbstractStorage save
INFO: &amp#27;[32mSave 1c5f7977-3680-47c6-8689-865b7db6a4f9(uuid3605)
сент. 19, 2025 6:42:49 PM webapp.storage.AbstractStorage save
INFO: &amp#27;[32mSave 4af70205-73ae-4a4b-a277-543f74e64782(uuid3606)
сент. 19, 2025 6:42:49 PM webapp.storage.AbstractStorage save
INFO: &amp#27;[32mSave 88416745-50cf-4b3f-8480-5909083cbf6e(uuid3607)
сент. 19, 2025 6:42:49 PM webapp.storage.AbstractStorage save
INFO: &amp#27;[32mSave 5aa30c72-2318-47cd-ac54-d3d0eda8b9ac(uuid3608)
сент. 19, 2025 6:42:49 PM webapp.storage.AbstractStorage save
INFO: &amp#27;[32mSave ec873840-d756-41d9-9525-0becebce2c8a(uuid3609)
сент. 19, 2025 6:42:49 PM webapp.storage.AbstractStorage save
INFO: &amp#27;[32mSave f085f386-9c7e-4892-90b2-f36fb4368d16(uuid3610)
сент. 19, 2025 6:42:49 PM webapp.storage.AbstractStorage save
INFO: &amp#27;[32mSave 5b5c6df9-ce9d-4efc-8905-51e95ab796a0(uuid3611)
сент. 19, 2025 6:42:49 PM webapp.storage.AbstractStorage save
INFO: &amp#27;[32mSave 743a6cc5-6883-40ed-a641-32623b58d391(uuid3612)
сент. 19, 2025 6:42:49 PM webapp.storage.AbstractStorage save
INFO: &amp#27;[32mSave 0bc11f7c-9c68-4f77-9ba1-4469531049cc(uuid3613)
сент. 19, 2025 6:42:49 PM webapp.storage.AbstractStorage save
INFO: &amp#27;[32mSave ac992209-25ba-4502-9f31-4bc0bdb421e7(uuid3614)
сент. 19, 2025 6:42:49 PM webapp.storage.AbstractStorage save
INFO: &amp#27;[32mSave daf2cd21-fad0-4940-8229-445ce551ac46(uuid3615)
сент. 19, 2025 6:42:49 PM webapp.storage.AbstractStorage save
INFO: &amp#27;[32mSave 9f601e05-f33d-43b9-a94e-82ccdab9589c(uuid3616)
сент. 19, 2025 6:42:49 PM webapp.storage.AbstractStorage save
INFO: &amp#27;[32mSave 8b1024d8-7423-4840-87b8-d004264d9427(uuid3617)
сент. 19, 2025 6:42:49 PM webapp.storage.AbstractStorage save
INFO: &amp#27;[32mSave 5313a9c2-3cec-4213-bd14-7e93cdf53d85(uuid3618)
сент. 19, 2025 6:42:49 PM webapp.storage.AbstractStorage save
INFO: &amp#27;[32mSave b8071a5f-69fd-4843-9c16-9cda07836cd3(uuid3619)
сент. 19, 2025 6:42:49 PM webapp.storage.AbstractStorage save
INFO: &amp#27;[32mSave 35cac9c8-4d1d-43c5-b1d3-0aceaff2ad39(uuid3620)
сент. 19, 2025 6:42:49 PM webapp.storage.AbstractStorage save
INFO: &amp#27;[32mSave e32b286d-b1a8-48a6-9ca1-83039a0069c5(uuid3621)
сент. 19, 2025 6:42:49 PM webapp.storage.AbstractStorage save
INFO: &amp#27;[32mSave 5db87cd6-9d08-430b-9f45-c0aa6232af27(uuid3622)
сент. 19, 2025 6:42:49 PM webapp.storage.AbstractStorage save
INFO: &amp#27;[32mSave eecbff7d-7aa4-4e43-9f56-db9c5923df26(uuid3623)
сент. 19, 2025 6:42:49 PM webapp.storage.AbstractStorage save
INFO: &amp#27;[32mSave 5734d08d-ddc6-4fda-a4fc-d9b187f90ed7(uuid3624)
сент. 19, 2025 6:42:49 PM webapp.storage.AbstractStorage save
INFO: &amp#27;[32mSave 7f6d8aa3-7ad3-4e75-8aaa-4c2888c5d0ba(uuid3625)
сент. 19, 2025 6:42:49 PM webapp.storage.AbstractStorage save
INFO: &amp#27;[32mSave 815c2610-131f-4e6a-8ccd-e72bb057dbee(uuid3626)
сент. 19, 2025 6:42:49 PM webapp.storage.AbstractStorage save
INFO: &amp#27;[32mSave 9559ed6e-70a5-43e2-aedf-ada3e93d2440(uuid3627)
сент. 19, 2025 6:42:49 PM webapp.storage.AbstractStorage save
INFO: &amp#27;[32mSave 606857c0-eb06-4395-b738-6501b9ec578a(uuid3628)
сент. 19, 2025 6:42:49 PM webapp.storage.AbstractStorage save
INFO: &amp#27;[32mSave dd497f0b-5a5d-4356-99da-f0450934cd96(uuid3629)
сент. 19, 2025 6:42:49 PM webapp.storage.AbstractStorage save
INFO: &amp#27;[32mSave a51e6951-0afe-4966-bdbc-254e540a0543(uuid3630)
сент. 19, 2025 6:42:49 PM webapp.storage.AbstractStorage save
INFO: &amp#27;[32mSave 76e7674f-25b2-4c22-8bd3-7714e5b84125(uuid3631)
сент. 19, 2025 6:42:49 PM webapp.storage.AbstractStorage save
INFO: &amp#27;[32mSave 4a4617b6-7b7c-44d5-958a-43bba70d95fa(uuid3632)
сент. 19, 2025 6:42:49 PM webapp.storage.AbstractStorage save
INFO: &amp#27;[32mSave c755c3b7-33ee-4107-b62d-dc0ad7787d1b(uuid3633)
сент. 19, 2025 6:42:49 PM webapp.storage.AbstractStorage save
INFO: &amp#27;[32mSave 52a9868c-6278-4031-85cd-127125e4c515(uuid3634)
сент. 19, 2025 6:42:49 PM webapp.storage.AbstractStorage save
INFO: &amp#27;[32mSave 9189bcc8-3fd3-4f8a-becb-5ec9a48a29be(uuid3635)
сент. 19, 2025 6:42:49 PM webapp.storage.AbstractStorage save
INFO: &amp#27;[32mSave 511486b1-f748-4b42-b8e4-1ce1e4cb7dc1(uuid3636)
сент. 19, 2025 6:42:49 PM webapp.storage.AbstractStorage save
INFO: &amp#27;[32mSave e048e650-34f0-4fed-a2da-10e8a8bb5dd1(uuid3637)
сент. 19, 2025 6:42:49 PM webapp.storage.AbstractStorage save
INFO: &amp#27;[32mSave 0a8b0df1-0e68-4c01-a091-4c678fcdeacb(uuid3638)
сент. 19, 2025 6:42:49 PM webapp.storage.AbstractStorage save
INFO: &amp#27;[32mSave f0eb5a02-13f0-4842-90b1-406b67c2bb93(uuid3639)
сент. 19, 2025 6:42:49 PM webapp.storage.AbstractStorage save
INFO: &amp#27;[32mSave e5707a30-f549-4701-be6f-ec0179962e25(uuid3640)
сент. 19, 2025 6:42:49 PM webapp.storage.AbstractStorage save
INFO: &amp#27;[32mSave 8d70fbef-d76f-4dde-bb2f-330e47a29820(uuid3641)
сент. 19, 2025 6:42:49 PM webapp.storage.AbstractStorage save
INFO: &amp#27;[32mSave af6dcd33-6c20-4ed5-8a3c-1e067d971110(uuid3642)
сент. 19, 2025 6:42:49 PM webapp.storage.AbstractStorage save
INFO: &amp#27;[32mSave 3e73ebe7-56cf-484a-bccd-91eb746b4d53(uuid3643)
сент. 19, 2025 6:42:49 PM webapp.storage.AbstractStorage save
INFO: &amp#27;[32mSave ef238f54-4704-4a0c-a200-d2995dc440c9(uuid3644)
сент. 19, 2025 6:42:49 PM webapp.storage.AbstractStorage save
INFO: &amp#27;[32mSave 1762c6c0-dec9-4fb8-9989-070aa24f5f9b(uuid3645)
сент. 19, 2025 6:42:49 PM webapp.storage.AbstractStorage save
INFO: &amp#27;[32mSave f16af767-60a7-4297-93ca-efe57b560922(uuid3646)
сент. 19, 2025 6:42:49 PM webapp.storage.AbstractStorage save
INFO: &amp#27;[32mSave 3a257bf1-00bc-42d5-a2f2-a2836fc31b86(uuid3647)
сент. 19, 2025 6:42:49 PM webapp.storage.AbstractStorage save
INFO: &amp#27;[32mSave 52787f2a-a114-4b34-8f4d-0032ab5e6a1f(uuid3648)
сент. 19, 2025 6:42:49 PM webapp.storage.AbstractStorage save
INFO: &amp#27;[32mSave 680981d9-cec6-4f71-8f5f-243d57d4b7cb(uuid3649)
сент. 19, 2025 6:42:49 PM webapp.storage.AbstractStorage save
INFO: &amp#27;[32mSave 0da152ff-94ed-443e-aa1c-7c3b90caf296(uuid3650)
сент. 19, 2025 6:42:49 PM webapp.storage.AbstractStorage save
INFO: &amp#27;[32mSave 9a9e13e6-17ba-4f9d-b068-780c61137905(uuid3651)
сент. 19, 2025 6:42:49 PM webapp.storage.AbstractStorage save
INFO: &amp#27;[32mSave f601c381-8228-431c-a4cc-b9fc886fb35a(uuid3652)
сент. 19, 2025 6:42:49 PM webapp.storage.AbstractStorage save
INFO: &amp#27;[32mSave 980869ee-344d-4916-bfeb-94f513a064a9(uuid3653)
сент. 19, 2025 6:42:49 PM webapp.storage.AbstractStorage save
INFO: &amp#27;[32mSave 510cfb12-81a7-4700-9128-deda2367f4f9(uuid3654)
сент. 19, 2025 6:42:49 PM webapp.storage.AbstractStorage save
INFO: &amp#27;[32mSave 0a8cdfd3-ada2-4b03-bb4e-ab9370a4c116(uuid3655)
сент. 19, 2025 6:42:49 PM webapp.storage.AbstractStorage save
INFO: &amp#27;[32mSave 3bb9df88-7e63-4983-8c3c-1ec8bb9acf07(uuid3656)
сент. 19, 2025 6:42:49 PM webapp.storage.AbstractStorage save
INFO: &amp#27;[32mSave 7aaa9456-ce7b-4bf0-9f6f-d419327f360a(uuid3657)
сент. 19, 2025 6:42:49 PM webapp.storage.AbstractStorage save
INFO: &amp#27;[32mSave dae78cb1-35ca-445e-9220-d71c6dc07a3c(uuid3658)
сент. 19, 2025 6:42:49 PM webapp.storage.AbstractStorage save
INFO: &amp#27;[32mSave ad94301e-5df6-47ea-815c-43bc4e197825(uuid3659)
сент. 19, 2025 6:42:49 PM webapp.storage.AbstractStorage save
INFO: &amp#27;[32mSave e5d15139-46af-4e31-a096-632b8ec16b60(uuid3660)
сент. 19, 2025 6:42:49 PM webapp.storage.AbstractStorage save
INFO: &amp#27;[32mSave cb7ab8b4-24fc-40f8-8ef3-d2762963e96f(uuid3661)
сент. 19, 2025 6:42:49 PM webapp.storage.AbstractStorage save
INFO: &amp#27;[32mSave df6b7e34-3015-4ac7-ae2b-42e4f4cc8a1b(uuid3662)
сент. 19, 2025 6:42:49 PM webapp.storage.AbstractStorage save
INFO: &amp#27;[32mSave adc94d55-1c6f-4444-93ee-fc5ed0c261ea(uuid3663)
сент. 19, 2025 6:42:49 PM webapp.storage.AbstractStorage save
INFO: &amp#27;[32mSave 5d0dcddb-2a6d-419a-aa0b-95bdd96822df(uuid3664)
сент. 19, 2025 6:42:49 PM webapp.storage.AbstractStorage save
INFO: &amp#27;[32mSave 2457e739-6a96-4c00-8f24-10924d0e6b45(uuid3665)
сент. 19, 2025 6:42:49 PM webapp.storage.AbstractStorage save
INFO: &amp#27;[32mSave 4a5a6394-87ec-4845-b6fa-1ebc27c0bf26(uuid3666)
сент. 19, 2025 6:42:49 PM webapp.storage.AbstractStorage save
INFO: &amp#27;[32mSave 0bcabeac-da49-4106-a7c1-54cfd2b4f3df(uuid3667)
сент. 19, 2025 6:42:49 PM webapp.storage.AbstractStorage save
INFO: &amp#27;[32mSave c5504faf-44ae-4dbc-9460-09d4ca325008(uuid3668)
сент. 19, 2025 6:42:49 PM webapp.storage.AbstractStorage save
INFO: &amp#27;[32mSave e89c16e3-102e-476e-bbdf-74ab8639d32d(uuid3669)
сент. 19, 2025 6:42:49 PM webapp.storage.AbstractStorage save
INFO: &amp#27;[32mSave 3a9c05ae-3d65-4bf1-b3cb-1381ae55323c(uuid3670)
сент. 19, 2025 6:42:49 PM webapp.storage.AbstractStorage save
INFO: &amp#27;[32mSave 1e5d2532-0fea-4575-8121-8fd24d74e4d9(uuid3671)
сент. 19, 2025 6:42:49 PM webapp.storage.AbstractStorage save
INFO: &amp#27;[32mSave a0aa05d3-a210-4625-8a89-5c4543cfcd96(uuid3672)
сент. 19, 2025 6:42:49 PM webapp.storage.AbstractStorage save
INFO: &amp#27;[32mSave dcb7dee2-a6e4-4004-9187-2a7b7e9d8f5d(uuid3673)
сент. 19, 2025 6:42:49 PM webapp.storage.AbstractStorage save
INFO: &amp#27;[32mSave 563464cf-7afd-475d-8933-59b6eaa7ae72(uuid3674)
сент. 19, 2025 6:42:49 PM webapp.storage.AbstractStorage save
INFO: &amp#27;[32mSave e2b55885-7fc1-48e9-a6bd-c1e4b63445aa(uuid3675)
сент. 19, 2025 6:42:49 PM webapp.storage.AbstractStorage save
INFO: &amp#27;[32mSave 34525af9-64a0-4d94-ab77-564191ede4d9(uuid3676)
сент. 19, 2025 6:42:49 PM webapp.storage.AbstractStorage save
INFO: &amp#27;[32mSave f6024152-04f2-403e-9b55-70cb3a6fb8b7(uuid3677)
сент. 19, 2025 6:42:49 PM webapp.storage.AbstractStorage save
INFO: &amp#27;[32mSave bc0fd813-d4de-4ad5-ad41-d2a5d4d0a9c7(uuid3678)
сент. 19, 2025 6:42:49 PM webapp.storage.AbstractStorage save
INFO: &amp#27;[32mSave 12777c73-8137-44d9-9f90-642ad3a5847e(uuid3679)
сент. 19, 2025 6:42:49 PM webapp.storage.AbstractStorage save
INFO: &amp#27;[32mSave 9de5d077-faf4-421f-b5c8-dff692487d27(uuid3680)
сент. 19, 2025 6:42:49 PM webapp.storage.AbstractStorage save
INFO: &amp#27;[32mSave 80b9e378-0a1d-46c2-8283-b11e1cb735b9(uuid3681)
сент. 19, 2025 6:42:49 PM webapp.storage.AbstractStorage save
INFO: &amp#27;[32mSave b7c31614-8a6a-4a5e-8e5e-446a9ae710d8(uuid3682)
сент. 19, 2025 6:42:49 PM webapp.storage.AbstractStorage save
INFO: &amp#27;[32mSave a30fbcb2-369b-4ea1-a5e1-acb1d2c0e446(uuid3683)
сент. 19, 2025 6:42:49 PM webapp.storage.AbstractStorage save
INFO: &amp#27;[32mSave 064bf7e2-2133-445c-a0e2-e0f850eba026(uuid3684)
сент. 19, 2025 6:42:49 PM webapp.storage.AbstractStorage save
INFO: &amp#27;[32mSave 62e47f54-c9f2-418d-b474-1c512484214d(uuid3685)
сент. 19, 2025 6:42:49 PM webapp.storage.AbstractStorage save
INFO: &amp#27;[32mSave 114d445d-fc66-454a-8817-e87b7c26617f(uuid3686)
сент. 19, 2025 6:42:49 PM webapp.storage.AbstractStorage save
INFO: &amp#27;[32mSave c79a9c90-1bbc-4ff0-bb33-6babafc19346(uuid3687)
сент. 19, 2025 6:42:49 PM webapp.storage.AbstractStorage save
INFO: &amp#27;[32mSave 3e2b0520-592a-4070-a3f6-155f039e8fd1(uuid3688)
сент. 19, 2025 6:42:49 PM webapp.storage.AbstractStorage save
INFO: &amp#27;[32mSave 48e6e2c3-55ff-434f-8d59-392baf5e3c2d(uuid3689)
сент. 19, 2025 6:42:49 PM webapp.storage.AbstractStorage save
INFO: &amp#27;[32mSave 02ed0652-79d8-4487-b9c3-4c81dfe79eb5(uuid3690)
сент. 19, 2025 6:42:49 PM webapp.storage.AbstractStorage save
INFO: &amp#27;[32mSave d9a4f4f5-a4e6-4ace-a6c8-2fd5b8690bba(uuid3691)
сент. 19, 2025 6:42:49 PM webapp.storage.AbstractStorage save
INFO: &amp#27;[32mSave f0e98f26-f140-4958-a1a5-b4e538911f46(uuid3692)
сент. 19, 2025 6:42:49 PM webapp.storage.AbstractStorage save
INFO: &amp#27;[32mSave c5d88a32-ed39-4798-af88-967621ac3a23(uuid3693)
сент. 19, 2025 6:42:49 PM webapp.storage.AbstractStorage save
INFO: &amp#27;[32mSave 5c44d3c5-d2b0-4c14-a6a4-92ddb7906e5e(uuid3694)
сент. 19, 2025 6:42:49 PM webapp.storage.AbstractStorage save
INFO: &amp#27;[32mSave 6b25313b-33a3-49b4-bbbc-c162cffdd4c9(uuid3695)
сент. 19, 2025 6:42:49 PM webapp.storage.AbstractStorage save
INFO: &amp#27;[32mSave 09c74c7f-fcf9-49ff-b6fa-a309b38f30b1(uuid3696)
сент. 19, 2025 6:42:49 PM webapp.storage.AbstractStorage save
INFO: &amp#27;[32mSave 1104d114-ecaa-440c-b092-d9474b6ea5d0(uuid3697)
сент. 19, 2025 6:42:49 PM webapp.storage.AbstractStorage save
INFO: &amp#27;[32mSave 7d4a67a6-79f5-49db-843a-ab6f17536875(uuid3698)
сент. 19, 2025 6:42:49 PM webapp.storage.AbstractStorage save
INFO: &amp#27;[32mSave 67932f93-0a42-459a-a4c0-c5898b4ad85e(uuid3699)
сент. 19, 2025 6:42:49 PM webapp.storage.AbstractStorage save
INFO: &amp#27;[32mSave d2d3b75e-ad48-4a98-b3ad-0121f499887e(uuid3700)
сент. 19, 2025 6:42:49 PM webapp.storage.AbstractStorage save
INFO: &amp#27;[32mSave 7ba3dd2b-6d7f-4b1b-9870-439b5c0cbb99(uuid3701)
сент. 19, 2025 6:42:49 PM webapp.storage.AbstractStorage save
INFO: &amp#27;[32mSave eefe7c07-000f-4ac1-b8df-3791c2abfe09(uuid3702)
сент. 19, 2025 6:42:49 PM webapp.storage.AbstractStorage save
INFO: &amp#27;[32mSave 494ed2dc-a0e3-4974-9bb4-e2689238ba9e(uuid3703)
сент. 19, 2025 6:42:49 PM webapp.storage.AbstractStorage save
INFO: &amp#27;[32mSave 1dc0ca9a-42f4-4844-8a99-1e90bbe26f36(uuid3704)
сент. 19, 2025 6:42:49 PM webapp.storage.AbstractStorage save
INFO: &amp#27;[32mSave ae9be507-8b03-45ea-994f-13c13ed1357c(uuid3705)
сент. 19, 2025 6:42:49 PM webapp.storage.AbstractStorage save
INFO: &amp#27;[32mSave 7fcbfe6d-1573-403a-a609-f7ad7f3aa37c(uuid3706)
сент. 19, 2025 6:42:49 PM webapp.storage.AbstractStorage save
INFO: &amp#27;[32mSave cee0239f-9d26-4db7-8efe-ca5345b112c7(uuid3707)
сент. 19, 2025 6:42:49 PM webapp.storage.AbstractStorage save
INFO: &amp#27;[32mSave 0e6a54db-e158-43fa-bb59-bb45e47daaa2(uuid3708)
сент. 19, 2025 6:42:49 PM webapp.storage.AbstractStorage save
INFO: &amp#27;[32mSave bcbf884d-f242-4723-b66c-9ac47caf9ae7(uuid3709)
сент. 19, 2025 6:42:49 PM webapp.storage.AbstractStorage save
INFO: &amp#27;[32mSave 5dd1ca91-00ad-4e54-9379-f988f2b61bf1(uuid3710)
сент. 19, 2025 6:42:49 PM webapp.storage.AbstractStorage save
INFO: &amp#27;[32mSave 7f800f07-f76e-423d-9299-ed5c7f3a9072(uuid3711)
сент. 19, 2025 6:42:49 PM webapp.storage.AbstractStorage save
INFO: &amp#27;[32mSave 7dce1774-294b-4615-89d6-75db27b80007(uuid3712)
сент. 19, 2025 6:42:49 PM webapp.storage.AbstractStorage save
INFO: &amp#27;[32mSave 34ac6959-eece-4909-b903-9c63b7b2b99e(uuid3713)
сент. 19, 2025 6:42:49 PM webapp.storage.AbstractStorage save
INFO: &amp#27;[32mSave 96622e27-85d7-4c19-bcd2-65a8c7de60d4(uuid3714)
сент. 19, 2025 6:42:49 PM webapp.storage.AbstractStorage save
INFO: &amp#27;[32mSave 146fa18d-f7de-4834-885a-e91ab9338118(uuid3715)
сент. 19, 2025 6:42:49 PM webapp.storage.AbstractStorage save
INFO: &amp#27;[32mSave 7b339d7f-1f0e-434a-9c5e-43ed1627acc3(uuid3716)
сент. 19, 2025 6:42:49 PM webapp.storage.AbstractStorage save
INFO: &amp#27;[32mSave 6911deb9-05b0-4e4a-9c29-834b656c4ede(uuid3717)
сент. 19, 2025 6:42:49 PM webapp.storage.AbstractStorage save
INFO: &amp#27;[32mSave 19414375-42cb-4f74-9b77-1c4dd0813b96(uuid3718)
сент. 19, 2025 6:42:49 PM webapp.storage.AbstractStorage save
INFO: &amp#27;[32mSave c701fc06-b6cc-4576-9251-e43b02b5a305(uuid3719)
сент. 19, 2025 6:42:49 PM webapp.storage.AbstractStorage save
INFO: &amp#27;[32mSave 64bc70bc-91e6-4f7a-97a9-691385120154(uuid3720)
сент. 19, 2025 6:42:49 PM webapp.storage.AbstractStorage save
INFO: &amp#27;[32mSave 65b706fb-8fdc-4cdf-878d-4539d4159650(uuid3721)
сент. 19, 2025 6:42:49 PM webapp.storage.AbstractStorage save
INFO: &amp#27;[32mSave b28ab74f-3be4-498f-b54c-0ca26e88613d(uuid3722)
сент. 19, 2025 6:42:49 PM webapp.storage.AbstractStorage save
INFO: &amp#27;[32mSave ef2120a7-d03f-4750-9260-bbc934635a1a(uuid3723)
сент. 19, 2025 6:42:49 PM webapp.storage.AbstractStorage save
INFO: &amp#27;[32mSave 6c7c31de-c218-48ff-9038-846c1e2fabb3(uuid3724)
сент. 19, 2025 6:42:49 PM webapp.storage.AbstractStorage save
INFO: &amp#27;[32mSave f8aa7cd0-700d-47c7-9d56-2afcecf32e58(uuid3725)
сент. 19, 2025 6:42:49 PM webapp.storage.AbstractStorage save
INFO: &amp#27;[32mSave 737417e1-33bd-45b4-8e03-2f99b65cc09b(uuid3726)
сент. 19, 2025 6:42:49 PM webapp.storage.AbstractStorage save
INFO: &amp#27;[32mSave 0bd9f151-2a8b-4ed6-918e-0dd26ce4671f(uuid3727)
сент. 19, 2025 6:42:49 PM webapp.storage.AbstractStorage save
INFO: &amp#27;[32mSave 70fc7486-9fdb-4450-aedc-a42ce2d6bff9(uuid3728)
сент. 19, 2025 6:42:49 PM webapp.storage.AbstractStorage save
INFO: &amp#27;[32mSave 10a11a87-9de9-418e-8b92-61143a810da2(uuid3729)
сент. 19, 2025 6:42:49 PM webapp.storage.AbstractStorage save
INFO: &amp#27;[32mSave e439d3ab-9bb2-433f-b1b3-dbf8f80b6506(uuid3730)
сент. 19, 2025 6:42:49 PM webapp.storage.AbstractStorage save
INFO: &amp#27;[32mSave 48cd9f68-8492-4f50-afe0-f8ffa251306b(uuid3731)
сент. 19, 2025 6:42:49 PM webapp.storage.AbstractStorage save
INFO: &amp#27;[32mSave 6fadf945-f295-4985-b050-3bab34f377a8(uuid3732)
сент. 19, 2025 6:42:49 PM webapp.storage.AbstractStorage save
INFO: &amp#27;[32mSave c5c9b37d-89c2-4e19-bd9c-c8b004ff7d37(uuid3733)
сент. 19, 2025 6:42:49 PM webapp.storage.AbstractStorage save
INFO: &amp#27;[32mSave ec521779-1059-4685-81ee-68dc070bc6af(uuid3734)
сент. 19, 2025 6:42:49 PM webapp.storage.AbstractStorage save
INFO: &amp#27;[32mSave c70a33ff-986d-4c96-ad10-74bcedfe4636(uuid3735)
сент. 19, 2025 6:42:49 PM webapp.storage.AbstractStorage save
INFO: &amp#27;[32mSave 061056a8-653f-4387-80c4-9f1fbb1d6b1b(uuid3736)
сент. 19, 2025 6:42:49 PM webapp.storage.AbstractStorage save
INFO: &amp#27;[32mSave a4af7db2-6f86-4080-8f53-4fa63f26ac6b(uuid3737)
сент. 19, 2025 6:42:49 PM webapp.storage.AbstractStorage save
INFO: &amp#27;[32mSave 2feed96d-c451-43e8-ac9e-0e1fc825829f(uuid3738)
сент. 19, 2025 6:42:49 PM webapp.storage.AbstractStorage save
INFO: &amp#27;[32mSave 19f40d1e-c653-4636-899a-aa45332a23e2(uuid3739)
сент. 19, 2025 6:42:49 PM webapp.storage.AbstractStorage save
INFO: &amp#27;[32mSave 4a84e953-b1b7-443b-9daa-a0e0236d590b(uuid3740)
сент. 19, 2025 6:42:49 PM webapp.storage.AbstractStorage save
INFO: &amp#27;[32mSave 3cb033af-54c4-4e77-bb35-ea39e97a5bda(uuid3741)
сент. 19, 2025 6:42:49 PM webapp.storage.AbstractStorage save
INFO: &amp#27;[32mSave 18ada642-2a16-4e0c-9699-217e82de4927(uuid3742)
сент. 19, 2025 6:42:49 PM webapp.storage.AbstractStorage save
INFO: &amp#27;[32mSave bbbaef25-fe0c-468c-a5b7-f7568aec0dd7(uuid3743)
сент. 19, 2025 6:42:49 PM webapp.storage.AbstractStorage save
INFO: &amp#27;[32mSave 127f2d82-486b-4a3c-aa95-d4bc464cb5c1(uuid3744)
сент. 19, 2025 6:42:49 PM webapp.storage.AbstractStorage save
INFO: &amp#27;[32mSave 0fac4758-3f5d-4a74-8d7a-7732eba56900(uuid3745)
сент. 19, 2025 6:42:49 PM webapp.storage.AbstractStorage save
INFO: &amp#27;[32mSave 1b81d7ba-6426-440c-bc5a-96b79d279660(uuid3746)
сент. 19, 2025 6:42:49 PM webapp.storage.AbstractStorage save
INFO: &amp#27;[32mSave 138464d9-59b5-45e2-af4d-94e0d1797aaa(uuid3747)
сент. 19, 2025 6:42:49 PM webapp.storage.AbstractStorage save
INFO: &amp#27;[32mSave 7bb4dd42-c18e-4882-b5ff-a458563597d8(uuid3748)
сент. 19, 2025 6:42:49 PM webapp.storage.AbstractStorage save
INFO: &amp#27;[32mSave d14fce04-d8d3-4c42-a1ac-fac00d19d86e(uuid3749)
сент. 19, 2025 6:42:49 PM webapp.storage.AbstractStorage save
INFO: &amp#27;[32mSave b85482b6-fa32-4726-a602-977cf83cf9ce(uuid3750)
сент. 19, 2025 6:42:49 PM webapp.storage.AbstractStorage save
INFO: &amp#27;[32mSave 7c0f2008-29de-4efc-a3b3-63c4d8fc2c69(uuid3751)
сент. 19, 2025 6:42:49 PM webapp.storage.AbstractStorage save
INFO: &amp#27;[32mSave daf39762-ca97-4dbc-83f0-573659264d04(uuid3752)
сент. 19, 2025 6:42:49 PM webapp.storage.AbstractStorage save
INFO: &amp#27;[32mSave f3e1b5bb-44dc-433b-b940-d5f5a83996fe(uuid3753)
сент. 19, 2025 6:42:49 PM webapp.storage.AbstractStorage save
INFO: &amp#27;[32mSave 93dbdca0-ce2a-47c1-8238-58df8f3f43e0(uuid3754)
сент. 19, 2025 6:42:49 PM webapp.storage.AbstractStorage save
INFO: &amp#27;[32mSave 87fac47a-4222-43eb-b7cb-cd8df270273b(uuid3755)
сент. 19, 2025 6:42:49 PM webapp.storage.AbstractStorage save
INFO: &amp#27;[32mSave 103f2108-8166-47f6-93b3-152c6656ab52(uuid3756)
сент. 19, 2025 6:42:49 PM webapp.storage.AbstractStorage save
INFO: &amp#27;[32mSave 038ed1fa-73c1-4f3d-a397-4d60d00a050c(uuid3757)
сент. 19, 2025 6:42:49 PM webapp.storage.AbstractStorage save
INFO: &amp#27;[32mSave a68261ac-e05e-46c6-a33d-e81b3795feb4(uuid3758)
сент. 19, 2025 6:42:49 PM webapp.storage.AbstractStorage save
INFO: &amp#27;[32mSave 3bb80cf0-4bba-45b2-961b-e0164bf00a61(uuid3759)
сент. 19, 2025 6:42:49 PM webapp.storage.AbstractStorage save
INFO: &amp#27;[32mSave d04f74ea-7f1c-4fe2-90ab-6f3e4f90ddb5(uuid3760)
сент. 19, 2025 6:42:49 PM webapp.storage.AbstractStorage save
INFO: &amp#27;[32mSave 080dcdfb-3697-46bd-a690-d5bf5eaffff1(uuid3761)
сент. 19, 2025 6:42:49 PM webapp.storage.AbstractStorage save
INFO: &amp#27;[32mSave 6912c46e-7cce-4d5b-bb82-e69d5de10c94(uuid3762)
сент. 19, 2025 6:42:49 PM webapp.storage.AbstractStorage save
INFO: &amp#27;[32mSave 8e710b4f-e7e6-4265-8dac-a3de988b6f2d(uuid3763)
сент. 19, 2025 6:42:49 PM webapp.storage.AbstractStorage save
INFO: &amp#27;[32mSave 740ab757-272c-4f45-8bed-324567dad7d1(uuid3764)
сент. 19, 2025 6:42:49 PM webapp.storage.AbstractStorage save
INFO: &amp#27;[32mSave 56d51458-fba8-4350-bfd0-fa3cafc5695e(uuid3765)
сент. 19, 2025 6:42:49 PM webapp.storage.AbstractStorage save
INFO: &amp#27;[32mSave 627b6d0e-ccc3-4b34-85f0-c6bdddd8c8e3(uuid3766)
сент. 19, 2025 6:42:49 PM webapp.storage.AbstractStorage save
INFO: &amp#27;[32mSave cadd518b-b400-4296-90c4-32a56f6d0466(uuid3767)
сент. 19, 2025 6:42:49 PM webapp.storage.AbstractStorage save
INFO: &amp#27;[32mSave a6bbcf63-adde-46c2-bc86-4f9f797b3239(uuid3768)
сент. 19, 2025 6:42:49 PM webapp.storage.AbstractStorage save
INFO: &amp#27;[32mSave 53ed69b0-a7d7-4750-82a0-8c793e21001c(uuid3769)
сент. 19, 2025 6:42:49 PM webapp.storage.AbstractStorage save
INFO: &amp#27;[32mSave ce24fb7b-a5a2-4e7f-83a1-d494cd631349(uuid3770)
сент. 19, 2025 6:42:49 PM webapp.storage.AbstractStorage save
INFO: &amp#27;[32mSave 5ebd3639-2955-4d8a-a91a-011da3fa1b45(uuid3771)
сент. 19, 2025 6:42:49 PM webapp.storage.AbstractStorage save
INFO: &amp#27;[32mSave addd2107-8167-4fa3-bffd-8c99ec266420(uuid3772)
сент. 19, 2025 6:42:49 PM webapp.storage.AbstractStorage save
INFO: &amp#27;[32mSave e256a3bf-fd17-4986-aa18-3750811b7978(uuid3773)
сент. 19, 2025 6:42:49 PM webapp.storage.AbstractStorage save
INFO: &amp#27;[32mSave d7e2b1ea-67bc-4907-b913-500bfd6ce6bf(uuid3774)
сент. 19, 2025 6:42:49 PM webapp.storage.AbstractStorage save
INFO: &amp#27;[32mSave 5b3a8fe1-9dfe-436a-bc4c-01b52934196a(uuid3775)
сент. 19, 2025 6:42:49 PM webapp.storage.AbstractStorage save
INFO: &amp#27;[32mSave df3e3e6a-dffb-413f-9c21-dfb2fed341f9(uuid3776)
сент. 19, 2025 6:42:49 PM webapp.storage.AbstractStorage save
INFO: &amp#27;[32mSave a49dd29b-6ea1-4188-b359-182598cc0f8f(uuid3777)
сент. 19, 2025 6:42:49 PM webapp.storage.AbstractStorage save
INFO: &amp#27;[32mSave 544624f1-bc91-4eb7-8921-13cd8e5917f6(uuid3778)
сент. 19, 2025 6:42:49 PM webapp.storage.AbstractStorage save
INFO: &amp#27;[32mSave 3a43c333-8631-48ec-83fc-7117ab93b7f8(uuid3779)
сент. 19, 2025 6:42:49 PM webapp.storage.AbstractStorage save
INFO: &amp#27;[32mSave e7051316-9731-48c9-a35c-37013cb9526e(uuid3780)
сент. 19, 2025 6:42:49 PM webapp.storage.AbstractStorage save
INFO: &amp#27;[32mSave 9cae0ed4-cbd7-4ec4-baf6-26e5f9947f92(uuid3781)
сент. 19, 2025 6:42:49 PM webapp.storage.AbstractStorage save
INFO: &amp#27;[32mSave 6b7b88c2-43d3-49fc-9fa1-51912ef39e5b(uuid3782)
сент. 19, 2025 6:42:49 PM webapp.storage.AbstractStorage save
INFO: &amp#27;[32mSave d22369a1-4082-4f06-b3a6-a0c0d60679a1(uuid3783)
сент. 19, 2025 6:42:49 PM webapp.storage.AbstractStorage save
INFO: &amp#27;[32mSave dc94654f-3654-472d-bbd4-c40117656a29(uuid3784)
сент. 19, 2025 6:42:49 PM webapp.storage.AbstractStorage save
INFO: &amp#27;[32mSave 6a0251ce-4d0d-4014-b1aa-9b21d95aa5c7(uuid3785)
сент. 19, 2025 6:42:49 PM webapp.storage.AbstractStorage save
INFO: &amp#27;[32mSave ef030c24-c68c-49c1-a18f-eccf08b97d0e(uuid3786)
сент. 19, 2025 6:42:49 PM webapp.storage.AbstractStorage save
INFO: &amp#27;[32mSave ea2f9352-b837-4d5a-a5fb-6eb671859a7f(uuid3787)
сент. 19, 2025 6:42:49 PM webapp.storage.AbstractStorage save
INFO: &amp#27;[32mSave bc50a72d-a2ed-4be4-bf49-19131b18bcb9(uuid3788)
сент. 19, 2025 6:42:49 PM webapp.storage.AbstractStorage save
INFO: &amp#27;[32mSave 2b3c6093-2c28-4209-bbe2-ddce9af8c11c(uuid3789)
сент. 19, 2025 6:42:49 PM webapp.storage.AbstractStorage save
INFO: &amp#27;[32mSave 5c573af1-03c1-43cf-98f8-e61ce8d4c6b8(uuid3790)
сент. 19, 2025 6:42:49 PM webapp.storage.AbstractStorage save
INFO: &amp#27;[32mSave d85a7fb0-2159-4933-8b1c-59a534c29b17(uuid3791)
сент. 19, 2025 6:42:49 PM webapp.storage.AbstractStorage save
INFO: &amp#27;[32mSave 4f259541-141f-437d-b66a-b0967534fe84(uuid3792)
сент. 19, 2025 6:42:49 PM webapp.storage.AbstractStorage save
INFO: &amp#27;[32mSave 3721a296-8d23-4808-a371-01c5384d1690(uuid3793)
сент. 19, 2025 6:42:49 PM webapp.storage.AbstractStorage save
INFO: &amp#27;[32mSave 453d1f1f-af1b-4774-abd0-e7bef0e2128c(uuid3794)
сент. 19, 2025 6:42:49 PM webapp.storage.AbstractStorage save
INFO: &amp#27;[32mSave bd89e24c-99e2-4817-8b16-2a7c17f6b4f3(uuid3795)
сент. 19, 2025 6:42:49 PM webapp.storage.AbstractStorage save
INFO: &amp#27;[32mSave e8e7d026-fb3d-47cf-9727-ff7875987396(uuid3796)
сент. 19, 2025 6:42:49 PM webapp.storage.AbstractStorage save
INFO: &amp#27;[32mSave ea05a2e2-1f40-42f5-bf41-3597917b73a5(uuid3797)
сент. 19, 2025 6:42:49 PM webapp.storage.AbstractStorage save
INFO: &amp#27;[32mSave b705455e-2ce9-49ed-8993-753f3b8f00ff(uuid3798)
сент. 19, 2025 6:42:49 PM webapp.storage.AbstractStorage save
INFO: &amp#27;[32mSave 63787501-a12f-461b-a7b3-f615c1adb5f7(uuid3799)
сент. 19, 2025 6:42:49 PM webapp.storage.AbstractStorage save
INFO: &amp#27;[32mSave f4a5993a-718d-454b-9de9-7a0ba4487f7a(uuid3800)
сент. 19, 2025 6:42:49 PM webapp.storage.AbstractStorage save
INFO: &amp#27;[32mSave 57cb48ee-47b7-4b71-8736-2c5095c98481(uuid3801)
сент. 19, 2025 6:42:49 PM webapp.storage.AbstractStorage save
INFO: &amp#27;[32mSave 5a48a157-73fc-4c06-8246-b3e83c7498af(uuid3802)
сент. 19, 2025 6:42:49 PM webapp.storage.AbstractStorage save
INFO: &amp#27;[32mSave 0651134c-4a4b-427b-9556-c22506d94f5f(uuid3803)
сент. 19, 2025 6:42:49 PM webapp.storage.AbstractStorage save
INFO: &amp#27;[32mSave f2849bd7-f1c2-4e52-9ded-35825440fa92(uuid3804)
сент. 19, 2025 6:42:49 PM webapp.storage.AbstractStorage save
INFO: &amp#27;[32mSave f755d0db-037b-40f7-ad7b-5da895ff38e0(uuid3805)
сент. 19, 2025 6:42:49 PM webapp.storage.AbstractStorage save
INFO: &amp#27;[32mSave 353dd39d-c890-4922-b9c0-4592cf395d09(uuid3806)
сент. 19, 2025 6:42:49 PM webapp.storage.AbstractStorage save
INFO: &amp#27;[32mSave 4aa21012-5823-4f26-91bc-ece89bb74124(uuid3807)
сент. 19, 2025 6:42:49 PM webapp.storage.AbstractStorage save
INFO: &amp#27;[32mSave 06e80a91-7aca-4a27-925f-dd063d57b9d2(uuid3808)
сент. 19, 2025 6:42:49 PM webapp.storage.AbstractStorage save
INFO: &amp#27;[32mSave 45d0525e-8e3e-4efd-a1f2-997b40c14703(uuid3809)
сент. 19, 2025 6:42:49 PM webapp.storage.AbstractStorage save
INFO: &amp#27;[32mSave 82af7955-9bd0-401c-883c-2fb07ed0b96f(uuid3810)
сент. 19, 2025 6:42:49 PM webapp.storage.AbstractStorage save
INFO: &amp#27;[32mSave 8cf0c208-5c83-4b37-80bf-c2dfac40510c(uuid3811)
сент. 19, 2025 6:42:49 PM webapp.storage.AbstractStorage save
INFO: &amp#27;[32mSave 40b0d53a-3187-4b5f-850f-7342f11eba13(uuid3812)
сент. 19, 2025 6:42:49 PM webapp.storage.AbstractStorage save
INFO: &amp#27;[32mSave 78072e00-5851-4939-a71a-c7c500b5392e(uuid3813)
сент. 19, 2025 6:42:49 PM webapp.storage.AbstractStorage save
INFO: &amp#27;[32mSave ebc51c44-6622-4107-a6f0-38a108400024(uuid3814)
сент. 19, 2025 6:42:49 PM webapp.storage.AbstractStorage save
INFO: &amp#27;[32mSave ee69a586-d232-4c40-a4b1-55dddc73ba79(uuid3815)
сент. 19, 2025 6:42:49 PM webapp.storage.AbstractStorage save
INFO: &amp#27;[32mSave e7b120bf-8f97-41f9-9827-035d8072a1dc(uuid3816)
сент. 19, 2025 6:42:49 PM webapp.storage.AbstractStorage save
INFO: &amp#27;[32mSave ca12a088-8929-4648-ab36-380be6b23e07(uuid3817)
сент. 19, 2025 6:42:49 PM webapp.storage.AbstractStorage save
INFO: &amp#27;[32mSave 8c492690-052c-41ae-bf23-88f339a3c152(uuid3818)
сент. 19, 2025 6:42:49 PM webapp.storage.AbstractStorage save
INFO: &amp#27;[32mSave e7dc79d8-4949-41aa-97e4-874f1dcceb93(uuid3819)
сент. 19, 2025 6:42:49 PM webapp.storage.AbstractStorage save
INFO: &amp#27;[32mSave 026928d7-cc4b-4f3f-b086-b91a6eb3fab4(uuid3820)
сент. 19, 2025 6:42:49 PM webapp.storage.AbstractStorage save
INFO: &amp#27;[32mSave 6e6c4741-dc92-4f8d-aa33-af3a65b59808(uuid3821)
сент. 19, 2025 6:42:49 PM webapp.storage.AbstractStorage save
INFO: &amp#27;[32mSave 0ccd1100-a297-4237-9dee-4d448d6476b4(uuid3822)
сент. 19, 2025 6:42:49 PM webapp.storage.AbstractStorage save
INFO: &amp#27;[32mSave 06844105-f160-44bb-b100-5bd033acc1ca(uuid3823)
сент. 19, 2025 6:42:49 PM webapp.storage.AbstractStorage save
INFO: &amp#27;[32mSave 950f63fe-a4a8-4eb8-b799-8568376b056e(uuid3824)
сент. 19, 2025 6:42:49 PM webapp.storage.AbstractStorage save
INFO: &amp#27;[32mSave 4ebd7286-354b-4ed2-a519-241283557223(uuid3825)
сент. 19, 2025 6:42:49 PM webapp.storage.AbstractStorage save
INFO: &amp#27;[32mSave c2610f7e-3527-4fa4-8077-d82a06dc364b(uuid3826)
сент. 19, 2025 6:42:49 PM webapp.storage.AbstractStorage save
INFO: &amp#27;[32mSave 80fdb627-a297-4d80-aa0f-dd46b369eff9(uuid3827)
сент. 19, 2025 6:42:49 PM webapp.storage.AbstractStorage save
INFO: &amp#27;[32mSave 76b04f8f-62ca-44f1-9756-1260ad62e467(uuid3828)
сент. 19, 2025 6:42:49 PM webapp.storage.AbstractStorage save
INFO: &amp#27;[32mSave 075e060a-3e8f-4453-ad19-7279602ffb16(uuid3829)
сент. 19, 2025 6:42:49 PM webapp.storage.AbstractStorage save
INFO: &amp#27;[32mSave 367afc10-392b-4ae2-8687-8bbb67614e77(uuid3830)
сент. 19, 2025 6:42:49 PM webapp.storage.AbstractStorage save
INFO: &amp#27;[32mSave babd5158-be6c-4a2f-8258-b94a4492fa15(uuid3831)
сент. 19, 2025 6:42:49 PM webapp.storage.AbstractStorage save
INFO: &amp#27;[32mSave 9b6fac9c-2c09-48a7-985d-2301e77d774e(uuid3832)
сент. 19, 2025 6:42:49 PM webapp.storage.AbstractStorage save
INFO: &amp#27;[32mSave e52676f3-c3b2-4c26-a56b-5298961ccb33(uuid3833)
сент. 19, 2025 6:42:49 PM webapp.storage.AbstractStorage save
INFO: &amp#27;[32mSave 0977f40d-d8fa-40bb-b691-a9bdcbbbd958(uuid3834)
сент. 19, 2025 6:42:49 PM webapp.storage.AbstractStorage save
INFO: &amp#27;[32mSave d14620b3-8d0a-49ea-b0db-83e7852410e6(uuid3835)
сент. 19, 2025 6:42:49 PM webapp.storage.AbstractStorage save
INFO: &amp#27;[32mSave 34fe31d1-10d8-4b4b-beb0-66bc53feb9a4(uuid3836)
сент. 19, 2025 6:42:49 PM webapp.storage.AbstractStorage save
INFO: &amp#27;[32mSave 3937281c-c746-47a3-ac72-474127228a9a(uuid3837)
сент. 19, 2025 6:42:49 PM webapp.storage.AbstractStorage save
INFO: &amp#27;[32mSave 4ae43168-5aac-421d-a927-b7d1981d46a5(uuid3838)
сент. 19, 2025 6:42:49 PM webapp.storage.AbstractStorage save
INFO: &amp#27;[32mSave 3983477c-2749-490d-b219-5fa50c6bd047(uuid3839)
сент. 19, 2025 6:42:49 PM webapp.storage.AbstractStorage save
INFO: &amp#27;[32mSave 3848dab0-a3a3-44c4-88f6-873b2cc0994b(uuid3840)
сент. 19, 2025 6:42:49 PM webapp.storage.AbstractStorage save
INFO: &amp#27;[32mSave b0a31c79-848c-485b-975e-f4e810af28f4(uuid3841)
сент. 19, 2025 6:42:49 PM webapp.storage.AbstractStorage save
INFO: &amp#27;[32mSave fcd31a1c-323d-4234-ae9c-1c2bde6af8a6(uuid3842)
сент. 19, 2025 6:42:49 PM webapp.storage.AbstractStorage save
INFO: &amp#27;[32mSave 4dcac983-5f72-4152-8e96-1bf0545a1346(uuid3843)
сент. 19, 2025 6:42:49 PM webapp.storage.AbstractStorage save
INFO: &amp#27;[32mSave 890f86f3-8d9b-4e97-a1e0-26560195466e(uuid3844)
сент. 19, 2025 6:42:49 PM webapp.storage.AbstractStorage save
INFO: &amp#27;[32mSave c571145a-8355-459c-afe0-9860f24833d7(uuid3845)
сент. 19, 2025 6:42:49 PM webapp.storage.AbstractStorage save
INFO: &amp#27;[32mSave 100c4a02-d7b7-45b4-aa91-c4c0c8c4699a(uuid3846)
сент. 19, 2025 6:42:49 PM webapp.storage.AbstractStorage save
INFO: &amp#27;[32mSave 35b2a171-bc4d-4ae7-b79f-8d4904db8a60(uuid3847)
сент. 19, 2025 6:42:49 PM webapp.storage.AbstractStorage save
INFO: &amp#27;[32mSave 46553e98-8870-456d-b315-1a7c4f8b52c1(uuid3848)
сент. 19, 2025 6:42:49 PM webapp.storage.AbstractStorage save
INFO: &amp#27;[32mSave cda48a54-6401-426e-9a79-153a417702fc(uuid3849)
сент. 19, 2025 6:42:49 PM webapp.storage.AbstractStorage save
INFO: &amp#27;[32mSave 2d449bde-d8ee-4e10-a38a-283bebc7e3e9(uuid3850)
сент. 19, 2025 6:42:49 PM webapp.storage.AbstractStorage save
INFO: &amp#27;[32mSave a9a0c02d-c92e-4c18-b582-c552d0602715(uuid3851)
сент. 19, 2025 6:42:49 PM webapp.storage.AbstractStorage save
INFO: &amp#27;[32mSave 492a5c23-1ece-4299-b213-ccee6d86d694(uuid3852)
сент. 19, 2025 6:42:49 PM webapp.storage.AbstractStorage save
INFO: &amp#27;[32mSave e853fba0-c0ab-44dc-b57a-f49deb34b2af(uuid3853)
сент. 19, 2025 6:42:49 PM webapp.storage.AbstractStorage save
INFO: &amp#27;[32mSave f0553136-dca6-4cd9-9a76-93b9d97c68ed(uuid3854)
сент. 19, 2025 6:42:49 PM webapp.storage.AbstractStorage save
INFO: &amp#27;[32mSave 8fc02d9c-ab1f-4ecf-b569-b79f914427d1(uuid3855)
сент. 19, 2025 6:42:49 PM webapp.storage.AbstractStorage save
INFO: &amp#27;[32mSave 90728c01-69ef-477b-82cf-1616624d8d20(uuid3856)
сент. 19, 2025 6:42:49 PM webapp.storage.AbstractStorage save
INFO: &amp#27;[32mSave 19c2475b-b2df-4e9e-8ec7-7c5c94a18d5a(uuid3857)
сент. 19, 2025 6:42:49 PM webapp.storage.AbstractStorage save
INFO: &amp#27;[32mSave 0032802e-2f93-4ecc-b401-2a3ce9d76f8e(uuid3858)
сент. 19, 2025 6:42:49 PM webapp.storage.AbstractStorage save
INFO: &amp#27;[32mSave e8d6eac8-7592-4487-a76d-0ce5a591c194(uuid3859)
сент. 19, 2025 6:42:49 PM webapp.storage.AbstractStorage save
INFO: &amp#27;[32mSave cfd76fa6-2c3a-4a90-8c1a-100ab577c50e(uuid3860)
сент. 19, 2025 6:42:49 PM webapp.storage.AbstractStorage save
INFO: &amp#27;[32mSave 8ed5e034-7690-4acc-a8fa-823f673e0f8a(uuid3861)
сент. 19, 2025 6:42:49 PM webapp.storage.AbstractStorage save
INFO: &amp#27;[32mSave 4e139258-5cd2-4244-a4f1-9c8897ba20fc(uuid3862)
сент. 19, 2025 6:42:49 PM webapp.storage.AbstractStorage save
INFO: &amp#27;[32mSave 9ad4bdde-1aad-4bd0-bea3-0ce8f6484694(uuid3863)
сент. 19, 2025 6:42:49 PM webapp.storage.AbstractStorage save
INFO: &amp#27;[32mSave 36f38af9-5e15-4a95-9c9a-e2f18c01a319(uuid3864)
сент. 19, 2025 6:42:49 PM webapp.storage.AbstractStorage save
INFO: &amp#27;[32mSave c1e2255e-9d16-4855-b187-7436fe098947(uuid3865)
сент. 19, 2025 6:42:49 PM webapp.storage.AbstractStorage save
INFO: &amp#27;[32mSave cfbd8cb2-59c3-49d6-8f30-911711793819(uuid3866)
сент. 19, 2025 6:42:49 PM webapp.storage.AbstractStorage save
INFO: &amp#27;[32mSave 88ced244-c655-400e-bcfa-bba64940880b(uuid3867)
сент. 19, 2025 6:42:49 PM webapp.storage.AbstractStorage save
INFO: &amp#27;[32mSave cb4a03ae-bc8a-488c-93e9-2ea7848a6793(uuid3868)
сент. 19, 2025 6:42:49 PM webapp.storage.AbstractStorage save
INFO: &amp#27;[32mSave 0f43d3ee-c9b1-468f-8c48-dbe669671104(uuid3869)
сент. 19, 2025 6:42:49 PM webapp.storage.AbstractStorage save
INFO: &amp#27;[32mSave 7f990c3e-2dd3-4ede-920b-b146deb4ab04(uuid3870)
сент. 19, 2025 6:42:49 PM webapp.storage.AbstractStorage save
INFO: &amp#27;[32mSave a3c23e4d-e792-4e04-ae4a-d85e238c6e49(uuid3871)
сент. 19, 2025 6:42:49 PM webapp.storage.AbstractStorage save
INFO: &amp#27;[32mSave 7b086a96-538d-4764-ad5c-15fa8991c29d(uuid3872)
сент. 19, 2025 6:42:49 PM webapp.storage.AbstractStorage save
INFO: &amp#27;[32mSave e34f4a91-f380-4930-a79a-a3e14d3faf43(uuid3873)
сент. 19, 2025 6:42:49 PM webapp.storage.AbstractStorage save
INFO: &amp#27;[32mSave 50777f2f-4240-46d6-9bdd-dd4e4e977fbf(uuid3874)
сент. 19, 2025 6:42:49 PM webapp.storage.AbstractStorage save
INFO: &amp#27;[32mSave 562cfd28-cf06-4ca3-8daa-59eae313c133(uuid3875)
сент. 19, 2025 6:42:49 PM webapp.storage.AbstractStorage save
INFO: &amp#27;[32mSave 85f94069-f422-4f47-b014-afe1ed3bd39d(uuid3876)
сент. 19, 2025 6:42:49 PM webapp.storage.AbstractStorage save
INFO: &amp#27;[32mSave a7f84103-e313-4d46-9705-509f79a9f45a(uuid3877)
сент. 19, 2025 6:42:49 PM webapp.storage.AbstractStorage save
INFO: &amp#27;[32mSave d06bdd0e-8399-4b66-8d9c-039c2051ec89(uuid3878)
сент. 19, 2025 6:42:49 PM webapp.storage.AbstractStorage save
INFO: &amp#27;[32mSave dd3ef60a-7ad9-4e03-ade0-2c41db81f74e(uuid3879)
сент. 19, 2025 6:42:49 PM webapp.storage.AbstractStorage save
INFO: &amp#27;[32mSave d373470f-e6b7-4359-bfd3-f455596f8cff(uuid3880)
сент. 19, 2025 6:42:49 PM webapp.storage.AbstractStorage save
INFO: &amp#27;[32mSave de73689d-a6aa-41fb-8e3c-bde0bb2abd94(uuid3881)
сент. 19, 2025 6:42:49 PM webapp.storage.AbstractStorage save
INFO: &amp#27;[32mSave b20aa21a-f079-4e58-9074-17796ab211a8(uuid3882)
сент. 19, 2025 6:42:49 PM webapp.storage.AbstractStorage save
INFO: &amp#27;[32mSave bd3890d9-eced-4d85-a8e5-d2d568fe56e2(uuid3883)
сент. 19, 2025 6:42:49 PM webapp.storage.AbstractStorage save
INFO: &amp#27;[32mSave 8ecbd56d-1dc6-4eb2-8724-12d42002df93(uuid3884)
сент. 19, 2025 6:42:49 PM webapp.storage.AbstractStorage save
INFO: &amp#27;[32mSave 31dc3c6b-ff4e-4606-97bc-19a536ff11c3(uuid3885)
сент. 19, 2025 6:42:49 PM webapp.storage.AbstractStorage save
INFO: &amp#27;[32mSave 546d6f70-816e-4008-8df9-e63d194a835c(uuid3886)
сент. 19, 2025 6:42:49 PM webapp.storage.AbstractStorage save
INFO: &amp#27;[32mSave db7c8545-4960-4470-baf7-671948cb3841(uuid3887)
сент. 19, 2025 6:42:49 PM webapp.storage.AbstractStorage save
INFO: &amp#27;[32mSave eea45677-5e34-4c85-b2e0-8668e0b6b22e(uuid3888)
сент. 19, 2025 6:42:49 PM webapp.storage.AbstractStorage save
INFO: &amp#27;[32mSave d33d755f-57d5-442b-be80-6dd87a2d249a(uuid3889)
сент. 19, 2025 6:42:49 PM webapp.storage.AbstractStorage save
INFO: &amp#27;[32mSave cf59487e-9d44-4dcc-8ce7-d78c89b48f5d(uuid3890)
сент. 19, 2025 6:42:49 PM webapp.storage.AbstractStorage save
INFO: &amp#27;[32mSave 6ca988bb-2fad-46da-bcdf-d9be7c65bee0(uuid3891)
сент. 19, 2025 6:42:49 PM webapp.storage.AbstractStorage save
INFO: &amp#27;[32mSave 3a8d099d-83da-461f-a404-97aba5e919e8(uuid3892)
сент. 19, 2025 6:42:49 PM webapp.storage.AbstractStorage save
INFO: &amp#27;[32mSave 3d34370f-3c07-4e92-a9fa-3656aaa378b3(uuid3893)
сент. 19, 2025 6:42:49 PM webapp.storage.AbstractStorage save
INFO: &amp#27;[32mSave d645c52b-9c83-41bb-98ce-b5307ba18d5e(uuid3894)
сент. 19, 2025 6:42:49 PM webapp.storage.AbstractStorage save
INFO: &amp#27;[32mSave 80acb79e-cf78-48b1-9897-efbae4702bb6(uuid3895)
сент. 19, 2025 6:42:49 PM webapp.storage.AbstractStorage save
INFO: &amp#27;[32mSave 04281c7c-2356-4027-b2e2-79c9e40a6cf9(uuid3896)
сент. 19, 2025 6:42:49 PM webapp.storage.AbstractStorage save
INFO: &amp#27;[32mSave d822a1b3-81c8-4ebb-be41-e32356b0db95(uuid3897)
сент. 19, 2025 6:42:49 PM webapp.storage.AbstractStorage save
INFO: &amp#27;[32mSave 429fc002-6a55-45e6-8630-fc7fc20a8579(uuid3898)
сент. 19, 2025 6:42:49 PM webapp.storage.AbstractStorage save
INFO: &amp#27;[32mSave fc859d98-5dce-43e6-8193-9bd7dfa3fb87(uuid3899)
сент. 19, 2025 6:42:49 PM webapp.storage.AbstractStorage save
INFO: &amp#27;[32mSave d3c02220-7790-4411-aa3b-207ea331287b(uuid3900)
сент. 19, 2025 6:42:49 PM webapp.storage.AbstractStorage save
INFO: &amp#27;[32mSave 7e083697-2781-4f37-aca4-64e89869a13b(uuid3901)
сент. 19, 2025 6:42:49 PM webapp.storage.AbstractStorage save
INFO: &amp#27;[32mSave 69d91607-b343-4926-b150-d13085b7b53f(uuid3902)
сент. 19, 2025 6:42:49 PM webapp.storage.AbstractStorage save
INFO: &amp#27;[32mSave a0e18fee-c4eb-4707-a9e3-e101e3569d45(uuid3903)
сент. 19, 2025 6:42:49 PM webapp.storage.AbstractStorage save
INFO: &amp#27;[32mSave 060f50f4-1778-4b8a-bb76-3cf452b7407b(uuid3904)
сент. 19, 2025 6:42:49 PM webapp.storage.AbstractStorage save
INFO: &amp#27;[32mSave 0dec7b4e-1890-4dfc-b2f3-7e00a8669e1b(uuid3905)
сент. 19, 2025 6:42:49 PM webapp.storage.AbstractStorage save
INFO: &amp#27;[32mSave 62a03073-b956-4522-9a68-94d214cd29bf(uuid3906)
сент. 19, 2025 6:42:49 PM webapp.storage.AbstractStorage save
INFO: &amp#27;[32mSave ee7a75a9-c21a-4826-a62e-8e5514316e31(uuid3907)
сент. 19, 2025 6:42:49 PM webapp.storage.AbstractStorage save
INFO: &amp#27;[32mSave 5d84b9fa-0a67-4bc5-a741-faaef6cfec81(uuid3908)
сент. 19, 2025 6:42:49 PM webapp.storage.AbstractStorage save
INFO: &amp#27;[32mSave 21d04ac7-b739-490e-a5c6-4838f61b77eb(uuid3909)
сент. 19, 2025 6:42:49 PM webapp.storage.AbstractStorage save
INFO: &amp#27;[32mSave bec9831c-07f4-4a7f-8b4f-37c5835bbf7d(uuid3910)
сент. 19, 2025 6:42:49 PM webapp.storage.AbstractStorage save
INFO: &amp#27;[32mSave d130bae0-2f6a-4627-967e-1b919637be88(uuid3911)
сент. 19, 2025 6:42:49 PM webapp.storage.AbstractStorage save
INFO: &amp#27;[32mSave a8eed2ff-38a8-4faf-9236-caca944123ab(uuid3912)
сент. 19, 2025 6:42:49 PM webapp.storage.AbstractStorage save
INFO: &amp#27;[32mSave c9bc7d63-d22e-499f-b062-cbf48e68c8d9(uuid3913)
сент. 19, 2025 6:42:49 PM webapp.storage.AbstractStorage save
INFO: &amp#27;[32mSave f26faca9-f58f-46f4-b579-5310971646b5(uuid3914)
сент. 19, 2025 6:42:49 PM webapp.storage.AbstractStorage save
INFO: &amp#27;[32mSave f428aace-89a6-4041-aa8b-ae1a6254f31e(uuid3915)
сент. 19, 2025 6:42:49 PM webapp.storage.AbstractStorage save
INFO: &amp#27;[32mSave 6d3a1ac7-fea5-4ecc-9c4e-6c80aa505df2(uuid3916)
сент. 19, 2025 6:42:49 PM webapp.storage.AbstractStorage save
INFO: &amp#27;[32mSave 75656bd9-3151-491c-a648-bca996b87ab0(uuid3917)
сент. 19, 2025 6:42:49 PM webapp.storage.AbstractStorage save
INFO: &amp#27;[32mSave 33f6e225-4214-4044-9be9-b19918121921(uuid3918)
сент. 19, 2025 6:42:49 PM webapp.storage.AbstractStorage save
INFO: &amp#27;[32mSave 7c5578cc-c5d5-4276-9908-9e448cba0053(uuid3919)
сент. 19, 2025 6:42:49 PM webapp.storage.AbstractStorage save
INFO: &amp#27;[32mSave 2ad5d2b4-9319-4eba-b6dc-230b5867c387(uuid3920)
сент. 19, 2025 6:42:49 PM webapp.storage.AbstractStorage save
INFO: &amp#27;[32mSave c2923ac3-5298-4a36-a254-fa306dc58d99(uuid3921)
сент. 19, 2025 6:42:49 PM webapp.storage.AbstractStorage save
INFO: &amp#27;[32mSave a1b46d65-266f-4ea7-9b12-2a401d0fa730(uuid3922)
сент. 19, 2025 6:42:49 PM webapp.storage.AbstractStorage save
INFO: &amp#27;[32mSave ae7da0c0-6f0f-4b75-bd7a-1ec55ab47d44(uuid3923)
сент. 19, 2025 6:42:49 PM webapp.storage.AbstractStorage save
INFO: &amp#27;[32mSave 815d91e4-dba7-4a5f-a7df-5b9813681d53(uuid3924)
сент. 19, 2025 6:42:49 PM webapp.storage.AbstractStorage save
INFO: &amp#27;[32mSave cb696f9f-9ae6-46f6-a675-7cf52d1d56b9(uuid3925)
сент. 19, 2025 6:42:49 PM webapp.storage.AbstractStorage save
INFO: &amp#27;[32mSave 8d4a42f0-7176-4e06-b651-31c13584b4a8(uuid3926)
сент. 19, 2025 6:42:49 PM webapp.storage.AbstractStorage save
INFO: &amp#27;[32mSave 806dd5b9-4e56-4948-8f80-0fc40f3de806(uuid3927)
сент. 19, 2025 6:42:49 PM webapp.storage.AbstractStorage save
INFO: &amp#27;[32mSave 7235a308-5f74-47d9-9643-a766a5c5ad25(uuid3928)
сент. 19, 2025 6:42:49 PM webapp.storage.AbstractStorage save
INFO: &amp#27;[32mSave 742f11d9-246d-47a3-9fcb-1ad86422d306(uuid3929)
сент. 19, 2025 6:42:49 PM webapp.storage.AbstractStorage save
INFO: &amp#27;[32mSave 5639a403-817a-4dcd-905a-19030f59e9ee(uuid3930)
сент. 19, 2025 6:42:49 PM webapp.storage.AbstractStorage save
INFO: &amp#27;[32mSave ad2746f8-b7b6-491e-ba2a-c7af5a856b4b(uuid3931)
сент. 19, 2025 6:42:49 PM webapp.storage.AbstractStorage save
INFO: &amp#27;[32mSave 4fd8c196-cf4a-484f-9f92-8bb7a7a518f6(uuid3932)
сент. 19, 2025 6:42:49 PM webapp.storage.AbstractStorage save
INFO: &amp#27;[32mSave b0e69c3a-a3ab-4ca5-8729-5001295b1050(uuid3933)
сент. 19, 2025 6:42:49 PM webapp.storage.AbstractStorage save
INFO: &amp#27;[32mSave 989936c4-6396-4fe7-981e-a66304fc7e1d(uuid3934)
сент. 19, 2025 6:42:49 PM webapp.storage.AbstractStorage save
INFO: &amp#27;[32mSave fe2e72f0-a36e-4c64-90e7-1a8572aef864(uuid3935)
сент. 19, 2025 6:42:49 PM webapp.storage.AbstractStorage save
INFO: &amp#27;[32mSave e4dccf4e-0e1a-4d5c-b79b-0f9445d30f2a(uuid3936)
сент. 19, 2025 6:42:49 PM webapp.storage.AbstractStorage save
INFO: &amp#27;[32mSave f323b8e8-26d1-4846-9e8a-91703717a01d(uuid3937)
сент. 19, 2025 6:42:49 PM webapp.storage.AbstractStorage save
INFO: &amp#27;[32mSave 26f84216-6c5f-4419-a8bf-a46cb81ffadf(uuid3938)
сент. 19, 2025 6:42:49 PM webapp.storage.AbstractStorage save
INFO: &amp#27;[32mSave e49543b7-0b39-41c4-9d9a-a2ccde362ffb(uuid3939)
сент. 19, 2025 6:42:49 PM webapp.storage.AbstractStorage save
INFO: &amp#27;[32mSave e0fb08da-ecad-44e2-8bb5-36c22905aedf(uuid3940)
сент. 19, 2025 6:42:49 PM webapp.storage.AbstractStorage save
INFO: &amp#27;[32mSave 110e6d10-ab3a-4eb1-97ac-1c7757f87914(uuid3941)
сент. 19, 2025 6:42:49 PM webapp.storage.AbstractStorage save
INFO: &amp#27;[32mSave 2412fb5b-1041-4954-aaf9-43333137dea2(uuid3942)
сент. 19, 2025 6:42:49 PM webapp.storage.AbstractStorage save
INFO: &amp#27;[32mSave b8417a3b-b72e-415f-aa3c-bf3850ee7e78(uuid3943)
сент. 19, 2025 6:42:49 PM webapp.storage.AbstractStorage save
INFO: &amp#27;[32mSave 10603677-914f-4cf3-b0d8-2f66a2427cbb(uuid3944)
сент. 19, 2025 6:42:49 PM webapp.storage.AbstractStorage save
INFO: &amp#27;[32mSave 3ca91d3f-4bf5-4640-94f5-5d4c4656e98f(uuid3945)
сент. 19, 2025 6:42:49 PM webapp.storage.AbstractStorage save
INFO: &amp#27;[32mSave 7621830e-70ca-4975-b7f5-5fd56cbe8507(uuid3946)
сент. 19, 2025 6:42:49 PM webapp.storage.AbstractStorage save
INFO: &amp#27;[32mSave 5263d092-a6ff-49f0-9126-9211dbea56dd(uuid3947)
сент. 19, 2025 6:42:49 PM webapp.storage.AbstractStorage save
INFO: &amp#27;[32mSave a1c3d936-2cf8-48f8-be52-c60d8cc6b5b6(uuid3948)
сент. 19, 2025 6:42:49 PM webapp.storage.AbstractStorage save
INFO: &amp#27;[32mSave a6e9e671-d51f-40d9-b0f3-75bbe13d29d5(uuid3949)
сент. 19, 2025 6:42:49 PM webapp.storage.AbstractStorage save
INFO: &amp#27;[32mSave 1be8728a-71b5-4544-b9cb-194885b39448(uuid3950)
сент. 19, 2025 6:42:49 PM webapp.storage.AbstractStorage save
INFO: &amp#27;[32mSave 50652e5a-3ac7-4f31-abaf-0988bd06abc8(uuid3951)
сент. 19, 2025 6:42:49 PM webapp.storage.AbstractStorage save
INFO: &amp#27;[32mSave 3f1806f8-e6cd-4ecd-acd2-4491d6cedc50(uuid3952)
сент. 19, 2025 6:42:49 PM webapp.storage.AbstractStorage save
INFO: &amp#27;[32mSave 53b399ab-c7b0-456e-ad40-75c53dc036cf(uuid3953)
сент. 19, 2025 6:42:49 PM webapp.storage.AbstractStorage save
INFO: &amp#27;[32mSave 4988a3f7-00f3-4f2b-bccd-010ba1503f98(uuid3954)
сент. 19, 2025 6:42:49 PM webapp.storage.AbstractStorage save
INFO: &amp#27;[32mSave 81831e2f-d72b-4a9d-aac3-c15d708d2c2a(uuid3955)
сент. 19, 2025 6:42:49 PM webapp.storage.AbstractStorage save
INFO: &amp#27;[32mSave a66b914f-01bf-4769-88f0-cce928209fbe(uuid3956)
сент. 19, 2025 6:42:49 PM webapp.storage.AbstractStorage save
INFO: &amp#27;[32mSave 26d99808-15fb-488e-a5a8-9c7c61e9793c(uuid3957)
сент. 19, 2025 6:42:49 PM webapp.storage.AbstractStorage save
INFO: &amp#27;[32mSave e8be1bc3-d1d5-499a-928b-745c7fbf2570(uuid3958)
сент. 19, 2025 6:42:49 PM webapp.storage.AbstractStorage save
INFO: &amp#27;[32mSave e2b52c71-062a-410a-b5bf-85285e5395a5(uuid3959)
сент. 19, 2025 6:42:49 PM webapp.storage.AbstractStorage save
INFO: &amp#27;[32mSave f8c03515-69d1-4ce1-9d89-4f8e9a56de9e(uuid3960)
сент. 19, 2025 6:42:49 PM webapp.storage.AbstractStorage save
INFO: &amp#27;[32mSave 970e5baf-aedb-4b3d-8ddf-56ed9bb496bd(uuid3961)
сент. 19, 2025 6:42:49 PM webapp.storage.AbstractStorage save
INFO: &amp#27;[32mSave 7b1509e2-32bf-4fcd-b6c8-306212f8e111(uuid3962)
сент. 19, 2025 6:42:49 PM webapp.storage.AbstractStorage save
INFO: &amp#27;[32mSave c6ef268d-5c0b-4b40-9efd-ae75613dbc39(uuid3963)
сент. 19, 2025 6:42:49 PM webapp.storage.AbstractStorage save
INFO: &amp#27;[32mSave 3fa72aa9-2143-480e-81b6-298ab6a10a88(uuid3964)
сент. 19, 2025 6:42:49 PM webapp.storage.AbstractStorage save
INFO: &amp#27;[32mSave 0869f2ba-bf63-46bd-a424-945a32e152af(uuid3965)
сент. 19, 2025 6:42:49 PM webapp.storage.AbstractStorage save
INFO: &amp#27;[32mSave e118889b-2dd7-4997-8383-f34366d746fb(uuid3966)
сент. 19, 2025 6:42:49 PM webapp.storage.AbstractStorage save
INFO: &amp#27;[32mSave 53c58651-e4e8-4d4f-a805-6c0a00b0170d(uuid3967)
сент. 19, 2025 6:42:49 PM webapp.storage.AbstractStorage save
INFO: &amp#27;[32mSave 6770eb5b-7d47-485f-b577-5624f16f339d(uuid3968)
сент. 19, 2025 6:42:49 PM webapp.storage.AbstractStorage save
INFO: &amp#27;[32mSave 50b8180c-cccc-4fdd-9c45-9d27d94690ed(uuid3969)
сент. 19, 2025 6:42:49 PM webapp.storage.AbstractStorage save
INFO: &amp#27;[32mSave 07658787-59f9-4918-99ad-8ff1be5791d3(uuid3970)
сент. 19, 2025 6:42:49 PM webapp.storage.AbstractStorage save
INFO: &amp#27;[32mSave b7a724bf-a162-45ca-8147-07f5d596fd9d(uuid3971)
сент. 19, 2025 6:42:49 PM webapp.storage.AbstractStorage save
INFO: &amp#27;[32mSave c60fe608-4df9-47a2-9f13-2390e30c6252(uuid3972)
сент. 19, 2025 6:42:49 PM webapp.storage.AbstractStorage save
INFO: &amp#27;[32mSave d8b561a5-75d7-4731-b6b7-95ee3e1f9b31(uuid3973)
сент. 19, 2025 6:42:49 PM webapp.storage.AbstractStorage save
INFO: &amp#27;[32mSave e90818aa-d590-4e97-b773-12cef98e40d6(uuid3974)
сент. 19, 2025 6:42:49 PM webapp.storage.AbstractStorage save
INFO: &amp#27;[32mSave dea9c3c8-38ec-4939-95cd-150a90fbadfd(uuid3975)
сент. 19, 2025 6:42:49 PM webapp.storage.AbstractStorage save
INFO: &amp#27;[32mSave 9eea61a8-ee44-4139-bf51-3304b03b7eca(uuid3976)
сент. 19, 2025 6:42:49 PM webapp.storage.AbstractStorage save
INFO: &amp#27;[32mSave 52028c47-0b31-4135-b117-23380065be59(uuid3977)
сент. 19, 2025 6:42:49 PM webapp.storage.AbstractStorage save
INFO: &amp#27;[32mSave c25d76a2-cfb3-4590-a22f-1ab7a503bc2a(uuid3978)
сент. 19, 2025 6:42:49 PM webapp.storage.AbstractStorage save
INFO: &amp#27;[32mSave e8e135d4-c342-42b8-884d-013b2969f90d(uuid3979)
сент. 19, 2025 6:42:49 PM webapp.storage.AbstractStorage save
INFO: &amp#27;[32mSave 215b6b08-58c7-4a40-a6d9-1b5d64c152ed(uuid3980)
сент. 19, 2025 6:42:49 PM webapp.storage.AbstractStorage save
INFO: &amp#27;[32mSave 7f7591c7-c7cc-44d6-a588-ef5a078c2095(uuid3981)
сент. 19, 2025 6:42:49 PM webapp.storage.AbstractStorage save
INFO: &amp#27;[32mSave 2dd76c75-cd29-4d6e-a8c6-1f77b2e54ee1(uuid3982)
сент. 19, 2025 6:42:49 PM webapp.storage.AbstractStorage save
INFO: &amp#27;[32mSave 7b42dd6d-5f64-4585-aa1b-81b22123bd29(uuid3983)
сент. 19, 2025 6:42:49 PM webapp.storage.AbstractStorage save
INFO: &amp#27;[32mSave 84835f25-85ba-45e9-87c8-6263814a34fe(uuid3984)
сент. 19, 2025 6:42:49 PM webapp.storage.AbstractStorage save
INFO: &amp#27;[32mSave c8e1ef54-c514-434f-82a5-88db0a469b50(uuid3985)
сент. 19, 2025 6:42:49 PM webapp.storage.AbstractStorage save
INFO: &amp#27;[32mSave 2f47b4bd-26c7-4559-85a6-2e96d503b86d(uuid3986)
сент. 19, 2025 6:42:49 PM webapp.storage.AbstractStorage save
INFO: &amp#27;[32mSave 010d653a-abed-4e07-98e1-736af294ec69(uuid3987)
сент. 19, 2025 6:42:49 PM webapp.storage.AbstractStorage save
INFO: &amp#27;[32mSave c978a344-1894-49de-a644-24f3b7720c4e(uuid3988)
сент. 19, 2025 6:42:49 PM webapp.storage.AbstractStorage save
INFO: &amp#27;[32mSave 50b722b3-40d7-4024-a9d7-02b7830635a2(uuid3989)
сент. 19, 2025 6:42:49 PM webapp.storage.AbstractStorage save
INFO: &amp#27;[32mSave 32083d18-cb6a-4b6c-a7c2-c99638507d02(uuid3990)
сент. 19, 2025 6:42:49 PM webapp.storage.AbstractStorage save
INFO: &amp#27;[32mSave 895a8080-e618-440b-b667-b104cd6fe013(uuid3991)
сент. 19, 2025 6:42:49 PM webapp.storage.AbstractStorage save
INFO: &amp#27;[32mSave cb69a45e-aa5c-4cbf-b719-abcde9eaa839(uuid3992)
сент. 19, 2025 6:42:49 PM webapp.storage.AbstractStorage save
INFO: &amp#27;[32mSave 4c7a987c-2904-4386-8da7-a8547c9aba22(uuid3993)
сент. 19, 2025 6:42:49 PM webapp.storage.AbstractStorage save
INFO: &amp#27;[32mSave 0c56f537-0415-4246-923f-36ecc62c34eb(uuid3994)
сент. 19, 2025 6:42:49 PM webapp.storage.AbstractStorage save
INFO: &amp#27;[32mSave 5de4d845-b484-43dd-84ca-8bad35bda1e3(uuid3995)
сент. 19, 2025 6:42:49 PM webapp.storage.AbstractStorage save
INFO: &amp#27;[32mSave 91c87a91-4eee-466f-b3c0-bc2c188540e4(uuid3996)
сент. 19, 2025 6:42:49 PM webapp.storage.AbstractStorage save
INFO: &amp#27;[32mSave d83c98dc-0d5b-43f1-a11d-a895dd299a59(uuid3997)
сент. 19, 2025 6:42:49 PM webapp.storage.AbstractStorage save
INFO: &amp#27;[32mSave 6f755479-b2ef-4678-8803-caf5616b93fb(uuid3998)
сент. 19, 2025 6:42:49 PM webapp.storage.AbstractStorage save
INFO: &amp#27;[32mSave a4b5edff-483f-4ab9-8f69-2f4da43b0551(uuid3999)
сент. 19, 2025 6:42:49 PM webapp.storage.AbstractStorage save
INFO: &amp#27;[32mSave f2909e34-863e-4cdf-b42b-219c91e0403d(uuid4000)
сент. 19, 2025 6:42:49 PM webapp.storage.AbstractStorage save
INFO: &amp#27;[32mSave 9a21e475-4d82-470e-8a12-1fc361c3ea29(uuid4001)
сент. 19, 2025 6:42:49 PM webapp.storage.AbstractStorage save
INFO: &amp#27;[32mSave 6dfa40ae-baf6-4c09-a98f-67dd67bb88b8(uuid4002)
сент. 19, 2025 6:42:49 PM webapp.storage.AbstractStorage save
INFO: &amp#27;[32mSave 625326ff-453e-43bd-ba0b-75467e8c9ea8(uuid4003)
сент. 19, 2025 6:42:49 PM webapp.storage.AbstractStorage save
INFO: &amp#27;[32mSave 09196f0c-9977-486d-8c5d-5e64e2ecc5dc(uuid4004)
сент. 19, 2025 6:42:49 PM webapp.storage.AbstractStorage save
INFO: &amp#27;[32mSave b47a6e30-fe91-4c89-bda5-4448a1986003(uuid4005)
сент. 19, 2025 6:42:49 PM webapp.storage.AbstractStorage save
INFO: &amp#27;[32mSave f4677be3-bc45-4923-b4f8-50a42874b8e1(uuid4006)
сент. 19, 2025 6:42:49 PM webapp.storage.AbstractStorage save
INFO: &amp#27;[32mSave 2e205f66-325f-4bd3-9734-980981913f0c(uuid4007)
сент. 19, 2025 6:42:49 PM webapp.storage.AbstractStorage save
INFO: &amp#27;[32mSave 17ba9683-ff20-41ed-bccb-e1c4b910a897(uuid4008)
сент. 19, 2025 6:42:49 PM webapp.storage.AbstractStorage save
INFO: &amp#27;[32mSave 6d26e32d-6cb3-4863-a1cf-d6f72b8856c7(uuid4009)
сент. 19, 2025 6:42:49 PM webapp.storage.AbstractStorage save
INFO: &amp#27;[32mSave 7d112c72-454e-407a-aee9-6e654e1d29da(uuid4010)
сент. 19, 2025 6:42:49 PM webapp.storage.AbstractStorage save
INFO: &amp#27;[32mSave 3d3f2844-8f9e-43ee-aab7-266a04452e99(uuid4011)
сент. 19, 2025 6:42:49 PM webapp.storage.AbstractStorage save
INFO: &amp#27;[32mSave 64eb8488-8580-4158-bbc6-05ba3027b939(uuid4012)
сент. 19, 2025 6:42:49 PM webapp.storage.AbstractStorage save
INFO: &amp#27;[32mSave ef3fad28-abf3-4355-8c00-b5476cc6a5bf(uuid4013)
сент. 19, 2025 6:42:49 PM webapp.storage.AbstractStorage save
INFO: &amp#27;[32mSave fc344ba4-a026-4cbb-8f90-3fdd267cbad5(uuid4014)
сент. 19, 2025 6:42:49 PM webapp.storage.AbstractStorage save
INFO: &amp#27;[32mSave d2f6e25b-8195-48fe-948b-118b422b3ebc(uuid4015)
сент. 19, 2025 6:42:49 PM webapp.storage.AbstractStorage save
INFO: &amp#27;[32mSave 20a690b3-593b-4fd8-8076-6a7e94029da2(uuid4016)
сент. 19, 2025 6:42:49 PM webapp.storage.AbstractStorage save
INFO: &amp#27;[32mSave d913f829-9085-47ab-9457-4ffbd38faf14(uuid4017)
сент. 19, 2025 6:42:49 PM webapp.storage.AbstractStorage save
INFO: &amp#27;[32mSave 20eafd05-c26d-4726-92b8-e09460b65c86(uuid4018)
сент. 19, 2025 6:42:49 PM webapp.storage.AbstractStorage save
INFO: &amp#27;[32mSave 9ba1e95d-3a34-4c9a-b783-646c3909c574(uuid4019)
сент. 19, 2025 6:42:49 PM webapp.storage.AbstractStorage save
INFO: &amp#27;[32mSave 3bee4e17-e3b5-45fc-9975-0facc1b95417(uuid4020)
сент. 19, 2025 6:42:49 PM webapp.storage.AbstractStorage save
INFO: &amp#27;[32mSave 60a2532c-7926-4449-b32c-f98ffc2fd0b4(uuid4021)
сент. 19, 2025 6:42:49 PM webapp.storage.AbstractStorage save
INFO: &amp#27;[32mSave 60201e33-0ef4-46e6-8a3b-41f87a044a91(uuid4022)
сент. 19, 2025 6:42:49 PM webapp.storage.AbstractStorage save
INFO: &amp#27;[32mSave cd61ec43-939b-456b-9f9c-0e6cce68b0d0(uuid4023)
сент. 19, 2025 6:42:49 PM webapp.storage.AbstractStorage save
INFO: &amp#27;[32mSave fa20cd27-6294-4e57-a13d-f7e3425c7481(uuid4024)
сент. 19, 2025 6:42:49 PM webapp.storage.AbstractStorage save
INFO: &amp#27;[32mSave a09836e7-ab84-4ffb-90c7-43e651201291(uuid4025)
сент. 19, 2025 6:42:49 PM webapp.storage.AbstractStorage save
INFO: &amp#27;[32mSave 61f87357-2620-4f4f-a93b-1fa01e0f9e83(uuid4026)
сент. 19, 2025 6:42:49 PM webapp.storage.AbstractStorage save
INFO: &amp#27;[32mSave f9ca3541-56df-48e4-8489-2fac4afc6923(uuid4027)
сент. 19, 2025 6:42:49 PM webapp.storage.AbstractStorage save
INFO: &amp#27;[32mSave f8529995-e7ee-4f4c-8b11-173e8e9f06ef(uuid4028)
сент. 19, 2025 6:42:49 PM webapp.storage.AbstractStorage save
INFO: &amp#27;[32mSave 2824fd06-7311-4d22-acc2-d300136c8982(uuid4029)
сент. 19, 2025 6:42:49 PM webapp.storage.AbstractStorage save
INFO: &amp#27;[32mSave ca07d391-24fc-4415-a245-046ec7dba99f(uuid4030)
сент. 19, 2025 6:42:49 PM webapp.storage.AbstractStorage save
INFO: &amp#27;[32mSave 4462a3f4-d672-4abc-8c35-4d9b9a6f23c4(uuid4031)
сент. 19, 2025 6:42:49 PM webapp.storage.AbstractStorage save
INFO: &amp#27;[32mSave b2a02f87-1e5f-462b-88df-cf2311383b9a(uuid4032)
сент. 19, 2025 6:42:49 PM webapp.storage.AbstractStorage save
INFO: &amp#27;[32mSave 4f0bab5c-4a03-4a3e-85a2-d78da880d612(uuid4033)
сент. 19, 2025 6:42:49 PM webapp.storage.AbstractStorage save
INFO: &amp#27;[32mSave 4163f31e-bea7-45b0-a19c-2623a933378d(uuid4034)
сент. 19, 2025 6:42:49 PM webapp.storage.AbstractStorage save
INFO: &amp#27;[32mSave ad7fc6a6-40f2-48e6-979b-dde6d5e22416(uuid4035)
сент. 19, 2025 6:42:49 PM webapp.storage.AbstractStorage save
INFO: &amp#27;[32mSave f10b2fd2-ec02-4e10-bef1-a23d2dc38f3a(uuid4036)
сент. 19, 2025 6:42:49 PM webapp.storage.AbstractStorage save
INFO: &amp#27;[32mSave 14f0ac19-d4b5-4799-8109-02944ab9cad7(uuid4037)
сент. 19, 2025 6:42:49 PM webapp.storage.AbstractStorage save
INFO: &amp#27;[32mSave 14c1a2fd-c658-4d5b-96f7-8d74adb746a6(uuid4038)
сент. 19, 2025 6:42:49 PM webapp.storage.AbstractStorage save
INFO: &amp#27;[32mSave 1ec41520-876b-4f3c-a19e-91abdf427914(uuid4039)
сент. 19, 2025 6:42:49 PM webapp.storage.AbstractStorage save
INFO: &amp#27;[32mSave c4ba5328-bab2-4934-8b9a-6929f7025d56(uuid4040)
сент. 19, 2025 6:42:49 PM webapp.storage.AbstractStorage save
INFO: &amp#27;[32mSave 11fabe98-f0c4-46fb-80f7-cd1cf93d1724(uuid4041)
сент. 19, 2025 6:42:49 PM webapp.storage.AbstractStorage save
INFO: &amp#27;[32mSave bf40d8d4-5e52-41ee-95a1-ccca90a13a53(uuid4042)
сент. 19, 2025 6:42:49 PM webapp.storage.AbstractStorage save
INFO: &amp#27;[32mSave 68ed673c-e702-4921-95dc-e52135ec87e9(uuid4043)
сент. 19, 2025 6:42:49 PM webapp.storage.AbstractStorage save
INFO: &amp#27;[32mSave 6a44082f-66f2-4a19-bf36-a7502aafe7c5(uuid4044)
сент. 19, 2025 6:42:49 PM webapp.storage.AbstractStorage save
INFO: &amp#27;[32mSave 3de4c341-5161-4f01-bd9a-14787188791f(uuid4045)
сент. 19, 2025 6:42:49 PM webapp.storage.AbstractStorage save
INFO: &amp#27;[32mSave 0bd85c26-e87e-446c-b18e-6382e359a2da(uuid4046)
сент. 19, 2025 6:42:49 PM webapp.storage.AbstractStorage save
INFO: &amp#27;[32mSave 11ead682-f927-4430-ac62-cd8e8631e2e3(uuid4047)
сент. 19, 2025 6:42:49 PM webapp.storage.AbstractStorage save
INFO: &amp#27;[32mSave 967ba08a-4aea-4e07-a41b-fc5f0aa0151c(uuid4048)
сент. 19, 2025 6:42:49 PM webapp.storage.AbstractStorage save
INFO: &amp#27;[32mSave f5d7067f-4543-4218-9d1c-62bbc023e3c9(uuid4049)
сент. 19, 2025 6:42:49 PM webapp.storage.AbstractStorage save
INFO: &amp#27;[32mSave 570112ac-6311-40ba-87f8-0386efa525cd(uuid4050)
сент. 19, 2025 6:42:49 PM webapp.storage.AbstractStorage save
INFO: &amp#27;[32mSave 4f4a868a-08a6-4a97-8cfa-22751b9991b4(uuid4051)
сент. 19, 2025 6:42:49 PM webapp.storage.AbstractStorage save
INFO: &amp#27;[32mSave edfc9554-3516-46d7-bbda-dbada4cd55ba(uuid4052)
сент. 19, 2025 6:42:49 PM webapp.storage.AbstractStorage save
INFO: &amp#27;[32mSave c1e042e0-135c-4a38-9106-28435f11f786(uuid4053)
сент. 19, 2025 6:42:49 PM webapp.storage.AbstractStorage save
INFO: &amp#27;[32mSave c9871006-cc54-4072-ba2b-76c769300ae4(uuid4054)
сент. 19, 2025 6:42:49 PM webapp.storage.AbstractStorage save
INFO: &amp#27;[32mSave 3ce14613-4665-41a2-bd62-fc409917eead(uuid4055)
сент. 19, 2025 6:42:49 PM webapp.storage.AbstractStorage save
INFO: &amp#27;[32mSave 5c2d76fb-16dd-4eab-973b-59bb46ea8429(uuid4056)
сент. 19, 2025 6:42:49 PM webapp.storage.AbstractStorage save
INFO: &amp#27;[32mSave d53f61c1-0260-4697-ab48-0a7b0e8352a2(uuid4057)
сент. 19, 2025 6:42:49 PM webapp.storage.AbstractStorage save
INFO: &amp#27;[32mSave 064bd890-2e53-41cc-8de9-c9ccfe475817(uuid4058)
сент. 19, 2025 6:42:49 PM webapp.storage.AbstractStorage save
INFO: &amp#27;[32mSave 1d33dfff-dca3-4770-ac19-0c7873ebbfa6(uuid4059)
сент. 19, 2025 6:42:49 PM webapp.storage.AbstractStorage save
INFO: &amp#27;[32mSave 718b55e1-129c-43e9-afb3-a9cf0681ec28(uuid4060)
сент. 19, 2025 6:42:49 PM webapp.storage.AbstractStorage save
INFO: &amp#27;[32mSave f957bc42-c97c-4438-a727-615fc0448c72(uuid4061)
сент. 19, 2025 6:42:49 PM webapp.storage.AbstractStorage save
INFO: &amp#27;[32mSave 713c7777-fc09-4e1e-8921-f9e947a77537(uuid4062)
сент. 19, 2025 6:42:49 PM webapp.storage.AbstractStorage save
INFO: &amp#27;[32mSave b83a2934-bb79-446a-8a5e-43c17e88bac2(uuid4063)
сент. 19, 2025 6:42:49 PM webapp.storage.AbstractStorage save
INFO: &amp#27;[32mSave f9c9ab8f-4a52-46cd-a7d2-fc551383f191(uuid4064)
сент. 19, 2025 6:42:49 PM webapp.storage.AbstractStorage save
INFO: &amp#27;[32mSave 046e07d1-7bfa-4ec8-bdb2-baae3e692732(uuid4065)
сент. 19, 2025 6:42:49 PM webapp.storage.AbstractStorage save
INFO: &amp#27;[32mSave 7bc0ad5b-9617-4c3d-82b3-44c8872db933(uuid4066)
сент. 19, 2025 6:42:49 PM webapp.storage.AbstractStorage save
INFO: &amp#27;[32mSave 9a5c3409-9edb-4ad6-8f70-52bd1dbce118(uuid4067)
сент. 19, 2025 6:42:49 PM webapp.storage.AbstractStorage save
INFO: &amp#27;[32mSave 6ce5593e-3ac6-4b5c-a7ab-c6f97ccb0b9b(uuid4068)
сент. 19, 2025 6:42:49 PM webapp.storage.AbstractStorage save
INFO: &amp#27;[32mSave c2b394d5-ee6e-42c4-ab2f-432e17687937(uuid4069)
сент. 19, 2025 6:42:49 PM webapp.storage.AbstractStorage save
INFO: &amp#27;[32mSave 5100f302-f934-4835-b2d8-5ddbbba0c109(uuid4070)
сент. 19, 2025 6:42:49 PM webapp.storage.AbstractStorage save
INFO: &amp#27;[32mSave e0e1e958-681c-441f-8bcb-f55ad7936396(uuid4071)
сент. 19, 2025 6:42:49 PM webapp.storage.AbstractStorage save
INFO: &amp#27;[32mSave 07ad3056-38e5-4684-b589-288e98b5ced2(uuid4072)
сент. 19, 2025 6:42:49 PM webapp.storage.AbstractStorage save
INFO: &amp#27;[32mSave f8b5ab4a-b43a-4e65-9185-045cc46f3dee(uuid4073)
сент. 19, 2025 6:42:49 PM webapp.storage.AbstractStorage save
INFO: &amp#27;[32mSave 165b01bb-4b9a-4246-a829-1fcece30582c(uuid4074)
сент. 19, 2025 6:42:49 PM webapp.storage.AbstractStorage save
INFO: &amp#27;[32mSave 211d15ee-1060-4200-b8fd-945ee97eaa5c(uuid4075)
сент. 19, 2025 6:42:49 PM webapp.storage.AbstractStorage save
INFO: &amp#27;[32mSave 75067dd6-10c1-43cc-b08c-7ce905fc8ed3(uuid4076)
сент. 19, 2025 6:42:49 PM webapp.storage.AbstractStorage save
INFO: &amp#27;[32mSave d5e7968b-28b3-4312-a3af-ee2dc922f254(uuid4077)
сент. 19, 2025 6:42:49 PM webapp.storage.AbstractStorage save
INFO: &amp#27;[32mSave 77fd92a9-980b-460a-80fd-d82ed99605cd(uuid4078)
сент. 19, 2025 6:42:49 PM webapp.storage.AbstractStorage save
INFO: &amp#27;[32mSave 1f62e151-1649-41c3-93d8-325bdb76436f(uuid4079)
сент. 19, 2025 6:42:49 PM webapp.storage.AbstractStorage save
INFO: &amp#27;[32mSave 3bc532fa-d750-4b88-9adb-073f696b794b(uuid4080)
сент. 19, 2025 6:42:49 PM webapp.storage.AbstractStorage save
INFO: &amp#27;[32mSave efa1dde2-9b6d-4a42-bcc1-fc7828b17d8c(uuid4081)
сент. 19, 2025 6:42:49 PM webapp.storage.AbstractStorage save
INFO: &amp#27;[32mSave 3aa3ca3c-ff13-4fa4-9a09-b9bf1da303bb(uuid4082)
сент. 19, 2025 6:42:49 PM webapp.storage.AbstractStorage save
INFO: &amp#27;[32mSave 1fb18f16-6f6e-473d-b1c9-b5d43ff48ae6(uuid4083)
сент. 19, 2025 6:42:49 PM webapp.storage.AbstractStorage save
INFO: &amp#27;[32mSave 1a1dc7ea-c02e-4069-932b-154942d877bd(uuid4084)
сент. 19, 2025 6:42:49 PM webapp.storage.AbstractStorage save
INFO: &amp#27;[32mSave 3052083e-7a5a-42df-9590-52c33667d471(uuid4085)
сент. 19, 2025 6:42:49 PM webapp.storage.AbstractStorage save
INFO: &amp#27;[32mSave c2f49c99-b8e3-49a4-9b71-ca8bc5e8bcc9(uuid4086)
сент. 19, 2025 6:42:49 PM webapp.storage.AbstractStorage save
INFO: &amp#27;[32mSave 5f3530ca-5ba6-440e-85d1-317ccf3c1df0(uuid4087)
сент. 19, 2025 6:42:49 PM webapp.storage.AbstractStorage save
INFO: &amp#27;[32mSave b0f55920-f50b-4982-a7fe-caaf91ed9166(uuid4088)
сент. 19, 2025 6:42:49 PM webapp.storage.AbstractStorage save
INFO: &amp#27;[32mSave 5115a5b0-af6f-4f8a-abc2-91c316520c66(uuid4089)
сент. 19, 2025 6:42:49 PM webapp.storage.AbstractStorage save
INFO: &amp#27;[32mSave 1712ef43-a676-4c56-aa95-38c4d63e29db(uuid4090)
сент. 19, 2025 6:42:49 PM webapp.storage.AbstractStorage save
INFO: &amp#27;[32mSave 2c8485a7-438e-47d3-a9c5-f5b724f1d3cb(uuid4091)
сент. 19, 2025 6:42:49 PM webapp.storage.AbstractStorage save
INFO: &amp#27;[32mSave a8fdfaff-e0ea-4e6a-ab53-cba9a3d7400a(uuid4092)
сент. 19, 2025 6:42:49 PM webapp.storage.AbstractStorage save
INFO: &amp#27;[32mSave 8c8ce8bf-873d-40fa-955b-002c48424b41(uuid4093)
сент. 19, 2025 6:42:49 PM webapp.storage.AbstractStorage save
INFO: &amp#27;[32mSave e61fc76e-f24a-4b10-a722-7fb963682864(uuid4094)
сент. 19, 2025 6:42:49 PM webapp.storage.AbstractStorage save
INFO: &amp#27;[32mSave 0a95a328-96a2-4ac7-b0fc-00984fbcfa6e(uuid4095)
сент. 19, 2025 6:42:49 PM webapp.storage.AbstractStorage save
INFO: &amp#27;[32mSave 4c352419-aaf8-4cf2-bbde-94d0f2f1a395(uuid4096)
сент. 19, 2025 6:42:49 PM webapp.storage.AbstractStorage save
INFO: &amp#27;[32mSave 897059d3-f67b-4702-bed5-cf6ee4658b26(uuid4097)
сент. 19, 2025 6:42:49 PM webapp.storage.AbstractStorage save
INFO: &amp#27;[32mSave 9e3d34ea-7594-4ead-bcc7-038933f18dfb(uuid4098)
сент. 19, 2025 6:42:49 PM webapp.storage.AbstractStorage save
INFO: &amp#27;[32mSave 77f11442-b045-46ef-96d5-5e8e6742a2cf(uuid4099)
сент. 19, 2025 6:42:49 PM webapp.storage.AbstractStorage save
INFO: &amp#27;[32mSave 0fc69230-2559-401c-9247-48c3791141a2(uuid4100)
сент. 19, 2025 6:42:49 PM webapp.storage.AbstractStorage save
INFO: &amp#27;[32mSave d89baaa0-3e05-4923-bb48-ce9800d6bf7c(uuid4101)
сент. 19, 2025 6:42:49 PM webapp.storage.AbstractStorage save
INFO: &amp#27;[32mSave a0de20af-4ad3-4b7a-b6da-4bb2ab4a7d97(uuid4102)
сент. 19, 2025 6:42:49 PM webapp.storage.AbstractStorage save
INFO: &amp#27;[32mSave f1fa6e0b-442b-4889-8f7e-294a02a0cb11(uuid4103)
сент. 19, 2025 6:42:49 PM webapp.storage.AbstractStorage save
INFO: &amp#27;[32mSave 1e835223-450d-423c-802b-35d9248a0338(uuid4104)
сент. 19, 2025 6:42:49 PM webapp.storage.AbstractStorage save
INFO: &amp#27;[32mSave f5cbc519-873a-487f-a255-1bfc9bd2ea96(uuid4105)
сент. 19, 2025 6:42:49 PM webapp.storage.AbstractStorage save
INFO: &amp#27;[32mSave a75f6aeb-95c5-4ee7-8c50-e084e787ff37(uuid4106)
сент. 19, 2025 6:42:49 PM webapp.storage.AbstractStorage save
INFO: &amp#27;[32mSave 797d5418-1aaa-4f68-b34b-25277fdff3fe(uuid4107)
сент. 19, 2025 6:42:49 PM webapp.storage.AbstractStorage save
INFO: &amp#27;[32mSave b6fd1367-d3c5-4cbd-97d5-87b59004f194(uuid4108)
сент. 19, 2025 6:42:49 PM webapp.storage.AbstractStorage save
INFO: &amp#27;[32mSave c65312c9-4331-4803-ac14-87772033f2d9(uuid4109)
сент. 19, 2025 6:42:49 PM webapp.storage.AbstractStorage save
INFO: &amp#27;[32mSave 8add4fd7-c1c9-47d5-b0c5-7c4f157af085(uuid4110)
сент. 19, 2025 6:42:49 PM webapp.storage.AbstractStorage save
INFO: &amp#27;[32mSave d104b13d-0fe2-4655-8bf0-b27ddaa0186e(uuid4111)
сент. 19, 2025 6:42:49 PM webapp.storage.AbstractStorage save
INFO: &amp#27;[32mSave b810fc51-778e-4128-b16c-35f60e088155(uuid4112)
сент. 19, 2025 6:42:49 PM webapp.storage.AbstractStorage save
INFO: &amp#27;[32mSave e9ae51c0-ca39-455e-9fb9-90a59c47529c(uuid4113)
сент. 19, 2025 6:42:49 PM webapp.storage.AbstractStorage save
INFO: &amp#27;[32mSave d14a603e-f1a5-4a65-85af-2101214f3109(uuid4114)
сент. 19, 2025 6:42:49 PM webapp.storage.AbstractStorage save
INFO: &amp#27;[32mSave d4ebbd23-ba58-46c4-a2b2-2f7d475c1336(uuid4115)
сент. 19, 2025 6:42:49 PM webapp.storage.AbstractStorage save
INFO: &amp#27;[32mSave ea568f23-25ad-46b1-8840-32572e50809e(uuid4116)
сент. 19, 2025 6:42:49 PM webapp.storage.AbstractStorage save
INFO: &amp#27;[32mSave 6d2f24c9-8512-4ff7-8f5c-2976244f755e(uuid4117)
сент. 19, 2025 6:42:49 PM webapp.storage.AbstractStorage save
INFO: &amp#27;[32mSave 177a7d54-2ecc-4a9f-9cdb-378c9347cd83(uuid4118)
сент. 19, 2025 6:42:49 PM webapp.storage.AbstractStorage save
INFO: &amp#27;[32mSave 0734644c-a76f-48cf-8dac-01bd2b4e9f13(uuid4119)
сент. 19, 2025 6:42:49 PM webapp.storage.AbstractStorage save
INFO: &amp#27;[32mSave 5886c82d-4bbe-4f7a-9018-991cee131628(uuid4120)
сент. 19, 2025 6:42:49 PM webapp.storage.AbstractStorage save
INFO: &amp#27;[32mSave 81f376c0-a75f-49c4-bbcd-889219d7b9bb(uuid4121)
сент. 19, 2025 6:42:49 PM webapp.storage.AbstractStorage save
INFO: &amp#27;[32mSave 63fd86fd-512e-47be-a15d-0d4223f52e7a(uuid4122)
сент. 19, 2025 6:42:49 PM webapp.storage.AbstractStorage save
INFO: &amp#27;[32mSave e14423d8-402b-4cfa-ad37-9900f385100e(uuid4123)
сент. 19, 2025 6:42:49 PM webapp.storage.AbstractStorage save
INFO: &amp#27;[32mSave ec5cbac6-19b7-4fbb-840c-9651aad04a8a(uuid4124)
сент. 19, 2025 6:42:49 PM webapp.storage.AbstractStorage save
INFO: &amp#27;[32mSave 7cbfde03-a8b5-4d25-b3f5-f717e3fbdc49(uuid4125)
сент. 19, 2025 6:42:49 PM webapp.storage.AbstractStorage save
INFO: &amp#27;[32mSave 1c94ebdb-08f7-4dc9-aba1-55e75e09c375(uuid4126)
сент. 19, 2025 6:42:49 PM webapp.storage.AbstractStorage save
INFO: &amp#27;[32mSave d123ffc0-0245-4204-a974-3d0064cef998(uuid4127)
сент. 19, 2025 6:42:49 PM webapp.storage.AbstractStorage save
INFO: &amp#27;[32mSave 99f2761d-fcfc-49f3-bca7-0fcb28f5e6a2(uuid4128)
сент. 19, 2025 6:42:49 PM webapp.storage.AbstractStorage save
INFO: &amp#27;[32mSave 41c3eb6f-8b8b-48ac-b42f-d94cf3e42a7e(uuid4129)
сент. 19, 2025 6:42:49 PM webapp.storage.AbstractStorage save
INFO: &amp#27;[32mSave a0d0b730-f6df-4ca6-a255-095308bffd2d(uuid4130)
сент. 19, 2025 6:42:49 PM webapp.storage.AbstractStorage save
INFO: &amp#27;[32mSave 7a10c82c-194d-46c8-a2e7-b2e95c0adeb4(uuid4131)
сент. 19, 2025 6:42:49 PM webapp.storage.AbstractStorage save
INFO: &amp#27;[32mSave 534f4a2b-0c5b-415f-bb22-70757e52a391(uuid4132)
сент. 19, 2025 6:42:49 PM webapp.storage.AbstractStorage save
INFO: &amp#27;[32mSave 839d1ab1-9557-4a4b-ba0f-c08a51a7e61f(uuid4133)
сент. 19, 2025 6:42:49 PM webapp.storage.AbstractStorage save
INFO: &amp#27;[32mSave 2b888e47-984e-44ea-a0a7-cf746228f16a(uuid4134)
сент. 19, 2025 6:42:49 PM webapp.storage.AbstractStorage save
INFO: &amp#27;[32mSave e8fe02a5-13bd-4c8e-8267-2f31320b6a7b(uuid4135)
сент. 19, 2025 6:42:49 PM webapp.storage.AbstractStorage save
INFO: &amp#27;[32mSave f8049a2a-01da-4e93-9683-8976effbb483(uuid4136)
сент. 19, 2025 6:42:49 PM webapp.storage.AbstractStorage save
INFO: &amp#27;[32mSave 38280d63-e709-46ac-9aa4-f3570d1ec8b6(uuid4137)
сент. 19, 2025 6:42:49 PM webapp.storage.AbstractStorage save
INFO: &amp#27;[32mSave 350fe683-6b25-49e9-b2b1-e54a51ea02ee(uuid4138)
сент. 19, 2025 6:42:49 PM webapp.storage.AbstractStorage save
INFO: &amp#27;[32mSave 0343a365-58b6-4c0c-b121-814786499d1b(uuid4139)
сент. 19, 2025 6:42:49 PM webapp.storage.AbstractStorage save
INFO: &amp#27;[32mSave df64f2e4-e7d1-4410-b007-30e2f01f7d3b(uuid4140)
сент. 19, 2025 6:42:49 PM webapp.storage.AbstractStorage save
INFO: &amp#27;[32mSave 1463938a-a255-4294-834d-645546a9fb5b(uuid4141)
сент. 19, 2025 6:42:49 PM webapp.storage.AbstractStorage save
INFO: &amp#27;[32mSave ce49029c-e047-4662-a330-0f2b4f8699c7(uuid4142)
сент. 19, 2025 6:42:49 PM webapp.storage.AbstractStorage save
INFO: &amp#27;[32mSave 19be9bdb-33fa-477e-ba26-e63c622c900d(uuid4143)
сент. 19, 2025 6:42:49 PM webapp.storage.AbstractStorage save
INFO: &amp#27;[32mSave 4bc233c4-0fb3-47b9-a8a3-69f3a68053f7(uuid4144)
сент. 19, 2025 6:42:49 PM webapp.storage.AbstractStorage save
INFO: &amp#27;[32mSave 0f930983-cecd-4f06-a6d0-937e7684b4af(uuid4145)
сент. 19, 2025 6:42:49 PM webapp.storage.AbstractStorage save
INFO: &amp#27;[32mSave 136e431f-b6ff-43c7-a9bb-cd074e5cb280(uuid4146)
сент. 19, 2025 6:42:49 PM webapp.storage.AbstractStorage save
INFO: &amp#27;[32mSave d9c04021-441f-4b6e-93d8-0c912c3c0f0c(uuid4147)
сент. 19, 2025 6:42:49 PM webapp.storage.AbstractStorage save
INFO: &amp#27;[32mSave 66fba606-b1e8-40db-8f37-29b0588adbb1(uuid4148)
сент. 19, 2025 6:42:49 PM webapp.storage.AbstractStorage save
INFO: &amp#27;[32mSave a765363e-d4e4-4d2b-a9c2-21d160287562(uuid4149)
сент. 19, 2025 6:42:49 PM webapp.storage.AbstractStorage save
INFO: &amp#27;[32mSave f913cdde-8cce-4851-a211-77e3b53ee48d(uuid4150)
сент. 19, 2025 6:42:49 PM webapp.storage.AbstractStorage save
INFO: &amp#27;[32mSave 25dc9b1d-51e0-449e-b1c1-70cf935e3709(uuid4151)
сент. 19, 2025 6:42:49 PM webapp.storage.AbstractStorage save
INFO: &amp#27;[32mSave 82438b34-fd49-4f0e-81ad-102e747edd4e(uuid4152)
сент. 19, 2025 6:42:49 PM webapp.storage.AbstractStorage save
INFO: &amp#27;[32mSave 455597f2-dbdc-4e09-a411-45d5e6fa7647(uuid4153)
сент. 19, 2025 6:42:49 PM webapp.storage.AbstractStorage save
INFO: &amp#27;[32mSave b20c27a1-d43d-4a84-ad70-048d2e00cbaa(uuid4154)
сент. 19, 2025 6:42:49 PM webapp.storage.AbstractStorage save
INFO: &amp#27;[32mSave 7e497cc8-a698-47f7-a49e-16984bb3187c(uuid4155)
сент. 19, 2025 6:42:49 PM webapp.storage.AbstractStorage save
INFO: &amp#27;[32mSave cbb38994-3772-4ee1-8abb-0fc2220197cc(uuid4156)
сент. 19, 2025 6:42:49 PM webapp.storage.AbstractStorage save
INFO: &amp#27;[32mSave 2d6e9c72-72e4-42d7-8469-d017fb645968(uuid4157)
сент. 19, 2025 6:42:49 PM webapp.storage.AbstractStorage save
INFO: &amp#27;[32mSave a58e902d-60a7-430a-9dfd-2df03fa8dc3f(uuid4158)
сент. 19, 2025 6:42:49 PM webapp.storage.AbstractStorage save
INFO: &amp#27;[32mSave dfbfa608-f412-4b9f-9bf5-83be1f75af35(uuid4159)
сент. 19, 2025 6:42:49 PM webapp.storage.AbstractStorage save
INFO: &amp#27;[32mSave d0f93feb-6dcc-4858-95c6-2375b7bc7a1c(uuid4160)
сент. 19, 2025 6:42:49 PM webapp.storage.AbstractStorage save
INFO: &amp#27;[32mSave 26d5ba49-6a08-4167-8fba-f337dc6e3691(uuid4161)
сент. 19, 2025 6:42:49 PM webapp.storage.AbstractStorage save
INFO: &amp#27;[32mSave 99741abc-07ad-476d-933a-53d74b6fdcbe(uuid4162)
сент. 19, 2025 6:42:49 PM webapp.storage.AbstractStorage save
INFO: &amp#27;[32mSave 197a4470-1caa-4bfe-97ec-185950b628e6(uuid4163)
сент. 19, 2025 6:42:49 PM webapp.storage.AbstractStorage save
INFO: &amp#27;[32mSave 2bec2df1-9dbc-4c19-8d22-6974eb50c127(uuid4164)
сент. 19, 2025 6:42:49 PM webapp.storage.AbstractStorage save
INFO: &amp#27;[32mSave 07b02644-1595-48b7-868a-bcb9539d9890(uuid4165)
сент. 19, 2025 6:42:49 PM webapp.storage.AbstractStorage save
INFO: &amp#27;[32mSave cf275e90-e5f4-4e67-bb71-81a455c052fc(uuid4166)
сент. 19, 2025 6:42:49 PM webapp.storage.AbstractStorage save
INFO: &amp#27;[32mSave 3678ed18-50d3-4790-b0f5-9bb21a497578(uuid4167)
сент. 19, 2025 6:42:49 PM webapp.storage.AbstractStorage save
INFO: &amp#27;[32mSave a11ced1b-cf54-4c91-a4dd-a138a95a275e(uuid4168)
сент. 19, 2025 6:42:49 PM webapp.storage.AbstractStorage save
INFO: &amp#27;[32mSave cf6bc232-2e0d-4c60-9e8d-bf9552ed9868(uuid4169)
сент. 19, 2025 6:42:49 PM webapp.storage.AbstractStorage save
INFO: &amp#27;[32mSave c38e009e-9511-4ae8-b64f-d395f1404c5e(uuid4170)
сент. 19, 2025 6:42:49 PM webapp.storage.AbstractStorage save
INFO: &amp#27;[32mSave 91a4ac60-6f87-4d1f-aebf-e5bcb6763e2f(uuid4171)
сент. 19, 2025 6:42:49 PM webapp.storage.AbstractStorage save
INFO: &amp#27;[32mSave ab17baee-ca6b-439a-9905-8f50586a652c(uuid4172)
сент. 19, 2025 6:42:49 PM webapp.storage.AbstractStorage save
INFO: &amp#27;[32mSave b0f58a5d-eba5-43a5-b36d-ee872f6e61a3(uuid4173)
сент. 19, 2025 6:42:49 PM webapp.storage.AbstractStorage save
INFO: &amp#27;[32mSave e672032e-9e39-4c38-9153-897e9c1b72c9(uuid4174)
сент. 19, 2025 6:42:49 PM webapp.storage.AbstractStorage save
INFO: &amp#27;[32mSave 4d1c8c0e-3522-4a9d-9945-63bbc6587a52(uuid4175)
сент. 19, 2025 6:42:49 PM webapp.storage.AbstractStorage save
INFO: &amp#27;[32mSave b2d0685d-a9aa-4216-8a83-ebcb2710efd6(uuid4176)
сент. 19, 2025 6:42:49 PM webapp.storage.AbstractStorage save
INFO: &amp#27;[32mSave 2ad6d938-be8c-4653-8851-15aa1425e023(uuid4177)
сент. 19, 2025 6:42:49 PM webapp.storage.AbstractStorage save
INFO: &amp#27;[32mSave 7b5d4b31-47ff-4f2d-a6aa-91a08aa1f557(uuid4178)
сент. 19, 2025 6:42:49 PM webapp.storage.AbstractStorage save
INFO: &amp#27;[32mSave d4d9d54e-3f6c-4cce-a745-7d13f6b94d5a(uuid4179)
сент. 19, 2025 6:42:49 PM webapp.storage.AbstractStorage save
INFO: &amp#27;[32mSave 99b21d7e-1cd7-4c79-aa38-0ce472541cf2(uuid4180)
сент. 19, 2025 6:42:49 PM webapp.storage.AbstractStorage save
INFO: &amp#27;[32mSave a21cf76e-9672-40c9-8193-6d8568bae0f3(uuid4181)
сент. 19, 2025 6:42:49 PM webapp.storage.AbstractStorage save
INFO: &amp#27;[32mSave ab1e2cca-9959-406d-aeb9-b5e6b733e7dc(uuid4182)
сент. 19, 2025 6:42:49 PM webapp.storage.AbstractStorage save
INFO: &amp#27;[32mSave 706d5ea7-5209-4f51-ac4e-daccf2f3e553(uuid4183)
сент. 19, 2025 6:42:49 PM webapp.storage.AbstractStorage save
INFO: &amp#27;[32mSave d3552682-5d51-439b-85b3-713120898798(uuid4184)
сент. 19, 2025 6:42:49 PM webapp.storage.AbstractStorage save
INFO: &amp#27;[32mSave d6b970f4-f1bf-41d3-b7fe-98ca90416376(uuid4185)
сент. 19, 2025 6:42:49 PM webapp.storage.AbstractStorage save
INFO: &amp#27;[32mSave cb918014-6bf8-4675-96a8-a49d51389b0d(uuid4186)
сент. 19, 2025 6:42:49 PM webapp.storage.AbstractStorage save
INFO: &amp#27;[32mSave 5e208240-baa1-44b1-a46b-6edfa96d16f2(uuid4187)
сент. 19, 2025 6:42:49 PM webapp.storage.AbstractStorage save
INFO: &amp#27;[32mSave 3323fa08-15d8-4a1e-aba3-b870b5f047fd(uuid4188)
сент. 19, 2025 6:42:49 PM webapp.storage.AbstractStorage save
INFO: &amp#27;[32mSave f2f08c15-0cdb-47e3-8360-ead71bc7bbf0(uuid4189)
сент. 19, 2025 6:42:49 PM webapp.storage.AbstractStorage save
INFO: &amp#27;[32mSave 77e181dd-8ffd-4b3e-a14d-42abcf225e78(uuid4190)
сент. 19, 2025 6:42:49 PM webapp.storage.AbstractStorage save
INFO: &amp#27;[32mSave 704f0fdb-f4f3-4812-9cbe-c25583e39a0f(uuid4191)
сент. 19, 2025 6:42:49 PM webapp.storage.AbstractStorage save
INFO: &amp#27;[32mSave 57d1a867-acf0-4468-92a7-ed5b318626f2(uuid4192)
сент. 19, 2025 6:42:49 PM webapp.storage.AbstractStorage save
INFO: &amp#27;[32mSave e085bf7f-b0df-44d2-b1a7-7edbc25905e2(uuid4193)
сент. 19, 2025 6:42:49 PM webapp.storage.AbstractStorage save
INFO: &amp#27;[32mSave 35cb09cf-0389-4897-8f80-2890b44aa865(uuid4194)
сент. 19, 2025 6:42:49 PM webapp.storage.AbstractStorage save
INFO: &amp#27;[32mSave e7bbe6bb-5fe6-4977-847e-da923acb4e7d(uuid4195)
сент. 19, 2025 6:42:49 PM webapp.storage.AbstractStorage save
INFO: &amp#27;[32mSave 2c4931de-7d28-4d24-978a-3dc6d6c77352(uuid4196)
сент. 19, 2025 6:42:49 PM webapp.storage.AbstractStorage save
INFO: &amp#27;[32mSave a011ad97-3468-4b15-849c-c5c298e96814(uuid4197)
сент. 19, 2025 6:42:49 PM webapp.storage.AbstractStorage save
INFO: &amp#27;[32mSave d5c86126-8d9e-48bd-8aa5-67870e3dcf72(uuid4198)
сент. 19, 2025 6:42:49 PM webapp.storage.AbstractStorage save
INFO: &amp#27;[32mSave 5bebc70f-2528-4eed-930f-b9a300754c96(uuid4199)
сент. 19, 2025 6:42:49 PM webapp.storage.AbstractStorage save
INFO: &amp#27;[32mSave f3bfcb60-ca70-4712-98c7-b9838a01e40e(uuid4200)
сент. 19, 2025 6:42:49 PM webapp.storage.AbstractStorage save
INFO: &amp#27;[32mSave 06a162db-9a5f-4b87-a79b-c320fa686882(uuid4201)
сент. 19, 2025 6:42:49 PM webapp.storage.AbstractStorage save
INFO: &amp#27;[32mSave b7bee788-4929-4118-b50b-418ae5c4ae8a(uuid4202)
сент. 19, 2025 6:42:49 PM webapp.storage.AbstractStorage save
INFO: &amp#27;[32mSave 31af9a1c-8818-4035-b6d8-a6347afc1a76(uuid4203)
сент. 19, 2025 6:42:49 PM webapp.storage.AbstractStorage save
INFO: &amp#27;[32mSave 656378ba-364a-4793-a1d1-bc7c12693a02(uuid4204)
сент. 19, 2025 6:42:49 PM webapp.storage.AbstractStorage save
INFO: &amp#27;[32mSave 1ea9e0cd-2371-4c9b-9ff7-6c98903979b1(uuid4205)
сент. 19, 2025 6:42:49 PM webapp.storage.AbstractStorage save
INFO: &amp#27;[32mSave e1e1c02b-44c7-4be3-b3f0-d1ff0b0ff8d2(uuid4206)
сент. 19, 2025 6:42:49 PM webapp.storage.AbstractStorage save
INFO: &amp#27;[32mSave 73c27071-bd54-4c6f-85f8-0f0fe335cddd(uuid4207)
сент. 19, 2025 6:42:49 PM webapp.storage.AbstractStorage save
INFO: &amp#27;[32mSave 12125789-9d87-4df9-97e6-8000373dee7a(uuid4208)
сент. 19, 2025 6:42:49 PM webapp.storage.AbstractStorage save
INFO: &amp#27;[32mSave 0facf133-5af1-49df-ac74-c99e2336b5d9(uuid4209)
сент. 19, 2025 6:42:49 PM webapp.storage.AbstractStorage save
INFO: &amp#27;[32mSave 8208b4cc-cec4-4568-afb7-0dcf79422934(uuid4210)
сент. 19, 2025 6:42:49 PM webapp.storage.AbstractStorage save
INFO: &amp#27;[32mSave b9369405-64d1-4d80-8e8a-e2fecdbb1187(uuid4211)
сент. 19, 2025 6:42:49 PM webapp.storage.AbstractStorage save
INFO: &amp#27;[32mSave 5195aeee-66e3-4fa5-8b9e-a2050f512d71(uuid4212)
сент. 19, 2025 6:42:49 PM webapp.storage.AbstractStorage save
INFO: &amp#27;[32mSave 7bbd10d2-8f84-4e34-8d1c-be746481e8d0(uuid4213)
сент. 19, 2025 6:42:49 PM webapp.storage.AbstractStorage save
INFO: &amp#27;[32mSave b3e2ae83-98e7-4ee5-847f-0f2cd498e74f(uuid4214)
сент. 19, 2025 6:42:49 PM webapp.storage.AbstractStorage save
INFO: &amp#27;[32mSave 64e4922f-5c5d-4c41-948e-dd6174b0c6e3(uuid4215)
сент. 19, 2025 6:42:49 PM webapp.storage.AbstractStorage save
INFO: &amp#27;[32mSave 66af8eed-d79d-439f-aaa6-c280884b81a2(uuid4216)
сент. 19, 2025 6:42:49 PM webapp.storage.AbstractStorage save
INFO: &amp#27;[32mSave 054d59c5-65ec-409f-b258-a3a3fcb8dd8e(uuid4217)
сент. 19, 2025 6:42:49 PM webapp.storage.AbstractStorage save
INFO: &amp#27;[32mSave e7c67b09-e467-40ca-98be-6f627ac3c061(uuid4218)
сент. 19, 2025 6:42:49 PM webapp.storage.AbstractStorage save
INFO: &amp#27;[32mSave f54816fb-6468-40b3-bef6-344373d6be6b(uuid4219)
сент. 19, 2025 6:42:49 PM webapp.storage.AbstractStorage save
INFO: &amp#27;[32mSave cfe08820-da48-4bc9-a479-78064777d8ab(uuid4220)
сент. 19, 2025 6:42:49 PM webapp.storage.AbstractStorage save
INFO: &amp#27;[32mSave 10181f9e-dc9b-4db1-a4a7-2bd7ff4d1cbc(uuid4221)
сент. 19, 2025 6:42:49 PM webapp.storage.AbstractStorage save
INFO: &amp#27;[32mSave 4e47eb8e-07b2-4f6e-abeb-74623dde44d3(uuid4222)
сент. 19, 2025 6:42:49 PM webapp.storage.AbstractStorage save
INFO: &amp#27;[32mSave 760f12e2-f0ce-4c01-abb1-0d3fd2182507(uuid4223)
сент. 19, 2025 6:42:49 PM webapp.storage.AbstractStorage save
INFO: &amp#27;[32mSave 306d7fb9-58bd-4448-9014-21f9d7f6d49e(uuid4224)
сент. 19, 2025 6:42:49 PM webapp.storage.AbstractStorage save
INFO: &amp#27;[32mSave 9e35dbf7-c44a-41e1-b5c0-1ee81f2382e2(uuid4225)
сент. 19, 2025 6:42:49 PM webapp.storage.AbstractStorage save
INFO: &amp#27;[32mSave bb8776dd-0fa2-432e-8e55-a6d0647e6871(uuid4226)
сент. 19, 2025 6:42:49 PM webapp.storage.AbstractStorage save
INFO: &amp#27;[32mSave ac662e4c-6e13-456b-a360-4d8f8bb9b088(uuid4227)
сент. 19, 2025 6:42:49 PM webapp.storage.AbstractStorage save
INFO: &amp#27;[32mSave 9f746459-5a05-43b1-92aa-5984d0c8c880(uuid4228)
сент. 19, 2025 6:42:49 PM webapp.storage.AbstractStorage save
INFO: &amp#27;[32mSave 855aa1d5-71aa-4b74-af63-3695bce7574f(uuid4229)
сент. 19, 2025 6:42:49 PM webapp.storage.AbstractStorage save
INFO: &amp#27;[32mSave 356eef57-f063-4200-bdd5-eb9b40940665(uuid4230)
сент. 19, 2025 6:42:49 PM webapp.storage.AbstractStorage save
INFO: &amp#27;[32mSave 6920be9c-184d-4fea-9270-d80a91b6c8fa(uuid4231)
сент. 19, 2025 6:42:49 PM webapp.storage.AbstractStorage save
INFO: &amp#27;[32mSave c81a0f7c-1d1b-4fa3-9b02-0832bddb27d1(uuid4232)
сент. 19, 2025 6:42:49 PM webapp.storage.AbstractStorage save
INFO: &amp#27;[32mSave 8ee2329e-1f62-4ab1-8c60-3a2eb0011d5c(uuid4233)
сент. 19, 2025 6:42:49 PM webapp.storage.AbstractStorage save
INFO: &amp#27;[32mSave 11c53c91-13d4-42fa-b83d-f4424b728639(uuid4234)
сент. 19, 2025 6:42:49 PM webapp.storage.AbstractStorage save
INFO: &amp#27;[32mSave b1e0baca-da02-4318-8dfa-785960716824(uuid4235)
сент. 19, 2025 6:42:49 PM webapp.storage.AbstractStorage save
INFO: &amp#27;[32mSave cc1d060c-c210-48b9-a741-8179d6281bdf(uuid4236)
сент. 19, 2025 6:42:49 PM webapp.storage.AbstractStorage save
INFO: &amp#27;[32mSave d227d78e-1741-45f3-8a6f-23bad1fc9ebb(uuid4237)
сент. 19, 2025 6:42:49 PM webapp.storage.AbstractStorage save
INFO: &amp#27;[32mSave 1081f57d-174f-4ccc-8a5d-98c713f6b442(uuid4238)
сент. 19, 2025 6:42:49 PM webapp.storage.AbstractStorage save
INFO: &amp#27;[32mSave 7e809021-f920-4e76-8d79-9b7077ff1bd0(uuid4239)
сент. 19, 2025 6:42:49 PM webapp.storage.AbstractStorage save
INFO: &amp#27;[32mSave cc875408-9c28-42be-87b9-33b224d02ba8(uuid4240)
сент. 19, 2025 6:42:49 PM webapp.storage.AbstractStorage save
INFO: &amp#27;[32mSave 202564fc-7c55-4fa7-b177-5bd1cbcf5f2a(uuid4241)
сент. 19, 2025 6:42:49 PM webapp.storage.AbstractStorage save
INFO: &amp#27;[32mSave f8b6d6d8-cfaa-48e7-b4e5-b8f5c8202121(uuid4242)
сент. 19, 2025 6:42:49 PM webapp.storage.AbstractStorage save
INFO: &amp#27;[32mSave 07b46342-7498-4432-bb02-bb0370de8fd1(uuid4243)
сент. 19, 2025 6:42:49 PM webapp.storage.AbstractStorage save
INFO: &amp#27;[32mSave 750180a0-72cb-4cad-b64c-ed8724677537(uuid4244)
сент. 19, 2025 6:42:49 PM webapp.storage.AbstractStorage save
INFO: &amp#27;[32mSave 9c69b752-0316-4440-b23b-8352f38f66eb(uuid4245)
сент. 19, 2025 6:42:49 PM webapp.storage.AbstractStorage save
INFO: &amp#27;[32mSave 9f2e1316-5492-44c2-bda7-15976714675c(uuid4246)
сент. 19, 2025 6:42:49 PM webapp.storage.AbstractStorage save
INFO: &amp#27;[32mSave f708072c-08ce-4f2e-936b-afb4cf772190(uuid4247)
сент. 19, 2025 6:42:49 PM webapp.storage.AbstractStorage save
INFO: &amp#27;[32mSave 853eb5e1-08ef-4404-b163-7d043d0c8b97(uuid4248)
сент. 19, 2025 6:42:49 PM webapp.storage.AbstractStorage save
INFO: &amp#27;[32mSave 4147242a-1fa4-47c1-b60b-0c68ff0bfc9c(uuid4249)
сент. 19, 2025 6:42:49 PM webapp.storage.AbstractStorage save
INFO: &amp#27;[32mSave 88398d27-d338-4fff-9915-f90105c8faf3(uuid4250)
сент. 19, 2025 6:42:49 PM webapp.storage.AbstractStorage save
INFO: &amp#27;[32mSave 95454240-67d8-40d2-8af7-998d9851f8a2(uuid4251)
сент. 19, 2025 6:42:49 PM webapp.storage.AbstractStorage save
INFO: &amp#27;[32mSave 2bbef99e-5cc3-4323-ba22-cec1b1f76183(uuid4252)
сент. 19, 2025 6:42:49 PM webapp.storage.AbstractStorage save
INFO: &amp#27;[32mSave 1ab3d9bf-c11a-4b9f-af81-e08898ac051b(uuid4253)
сент. 19, 2025 6:42:49 PM webapp.storage.AbstractStorage save
INFO: &amp#27;[32mSave 441dd0fe-ce05-41cb-8134-5024125c0a21(uuid4254)
сент. 19, 2025 6:42:49 PM webapp.storage.AbstractStorage save
INFO: &amp#27;[32mSave a54ff011-dc7e-47e7-ba2c-80dd3ee66a72(uuid4255)
сент. 19, 2025 6:42:49 PM webapp.storage.AbstractStorage save
INFO: &amp#27;[32mSave 846f8eaf-6ea5-4980-bd41-60360eec1fb6(uuid4256)
сент. 19, 2025 6:42:49 PM webapp.storage.AbstractStorage save
INFO: &amp#27;[32mSave 4980a02f-8e74-4888-a434-140b58f55ed4(uuid4257)
сент. 19, 2025 6:42:49 PM webapp.storage.AbstractStorage save
INFO: &amp#27;[32mSave 2146e985-8170-47f0-a59d-2d038b76de30(uuid4258)
сент. 19, 2025 6:42:49 PM webapp.storage.AbstractStorage save
INFO: &amp#27;[32mSave 3d272b8a-a410-4d4d-877d-83b82ac6869c(uuid4259)
сент. 19, 2025 6:42:49 PM webapp.storage.AbstractStorage save
INFO: &amp#27;[32mSave 55b300ef-4a77-45fc-a186-7d19b865f2af(uuid4260)
сент. 19, 2025 6:42:49 PM webapp.storage.AbstractStorage save
INFO: &amp#27;[32mSave e9998b8d-6ee1-4c98-b878-d5c5d6233ae7(uuid4261)
сент. 19, 2025 6:42:49 PM webapp.storage.AbstractStorage save
INFO: &amp#27;[32mSave 5762286d-83aa-4bcc-8917-8361e3924877(uuid4262)
сент. 19, 2025 6:42:49 PM webapp.storage.AbstractStorage save
INFO: &amp#27;[32mSave 50e0fcf0-077e-48f2-9b78-ed84321e217f(uuid4263)
сент. 19, 2025 6:42:49 PM webapp.storage.AbstractStorage save
INFO: &amp#27;[32mSave 9c587fc5-dd98-472e-94f1-e96a2b88f371(uuid4264)
сент. 19, 2025 6:42:49 PM webapp.storage.AbstractStorage save
INFO: &amp#27;[32mSave b2c5e189-80d8-4127-94fd-e7235272a7af(uuid4265)
сент. 19, 2025 6:42:49 PM webapp.storage.AbstractStorage save
INFO: &amp#27;[32mSave b276b86b-70e4-4dfb-a7c5-8ca7408310aa(uuid4266)
сент. 19, 2025 6:42:49 PM webapp.storage.AbstractStorage save
INFO: &amp#27;[32mSave 015a7071-8987-47d8-9bf0-ed65b9f2603f(uuid4267)
сент. 19, 2025 6:42:49 PM webapp.storage.AbstractStorage save
INFO: &amp#27;[32mSave e5082f9a-eb29-4a31-bebd-60d8e39db359(uuid4268)
сент. 19, 2025 6:42:49 PM webapp.storage.AbstractStorage save
INFO: &amp#27;[32mSave 23d72988-5f64-4e63-b090-7e59e5e35ab6(uuid4269)
сент. 19, 2025 6:42:49 PM webapp.storage.AbstractStorage save
INFO: &amp#27;[32mSave 2276d99a-32a2-4ec9-819d-c950b1c476c1(uuid4270)
сент. 19, 2025 6:42:49 PM webapp.storage.AbstractStorage save
INFO: &amp#27;[32mSave 1e7172d5-f9af-405a-9c39-e382a0f5e58d(uuid4271)
сент. 19, 2025 6:42:49 PM webapp.storage.AbstractStorage save
INFO: &amp#27;[32mSave 3edf99f6-4760-4b24-ad90-7f0e5c456f4d(uuid4272)
сент. 19, 2025 6:42:49 PM webapp.storage.AbstractStorage save
INFO: &amp#27;[32mSave f1cc7690-9763-4f96-9364-4af68d2b3345(uuid4273)
сент. 19, 2025 6:42:49 PM webapp.storage.AbstractStorage save
INFO: &amp#27;[32mSave dd6bbe54-69f6-4352-b8d0-fe67f7a45d31(uuid4274)
сент. 19, 2025 6:42:49 PM webapp.storage.AbstractStorage save
INFO: &amp#27;[32mSave 04021cf2-5f56-464a-83fe-30585cb17415(uuid4275)
сент. 19, 2025 6:42:49 PM webapp.storage.AbstractStorage save
INFO: &amp#27;[32mSave 0eaef9d4-5f3b-49c1-96ab-3c07b9dd58e3(uuid4276)
сент. 19, 2025 6:42:49 PM webapp.storage.AbstractStorage save
INFO: &amp#27;[32mSave 25fe95a1-a619-41b3-8a15-a0130dda5dc1(uuid4277)
сент. 19, 2025 6:42:49 PM webapp.storage.AbstractStorage save
INFO: &amp#27;[32mSave 7d05d202-b53f-403a-9f99-c859d181ac01(uuid4278)
сент. 19, 2025 6:42:49 PM webapp.storage.AbstractStorage save
INFO: &amp#27;[32mSave 47ea5ec4-f082-4cc1-933e-876beec9a6b3(uuid4279)
сент. 19, 2025 6:42:49 PM webapp.storage.AbstractStorage save
INFO: &amp#27;[32mSave 1b76b30b-90d2-4b8e-820c-d94df2b5d5af(uuid4280)
сент. 19, 2025 6:42:49 PM webapp.storage.AbstractStorage save
INFO: &amp#27;[32mSave d2fd7edb-95b7-4bcc-8582-286426db93d8(uuid4281)
сент. 19, 2025 6:42:49 PM webapp.storage.AbstractStorage save
INFO: &amp#27;[32mSave 9bdb3784-519f-47b7-b4d4-23c97b253dc9(uuid4282)
сент. 19, 2025 6:42:49 PM webapp.storage.AbstractStorage save
INFO: &amp#27;[32mSave a82541a1-16cc-477e-9a53-1475b5460d64(uuid4283)
сент. 19, 2025 6:42:49 PM webapp.storage.AbstractStorage save
INFO: &amp#27;[32mSave 82536296-a45d-4e15-8227-cfc996b330b1(uuid4284)
сент. 19, 2025 6:42:49 PM webapp.storage.AbstractStorage save
INFO: &amp#27;[32mSave 25625293-ecb5-4b34-be2c-67b537a81499(uuid4285)
сент. 19, 2025 6:42:49 PM webapp.storage.AbstractStorage save
INFO: &amp#27;[32mSave eb9541d1-5319-4809-a805-938d99c006b4(uuid4286)
сент. 19, 2025 6:42:49 PM webapp.storage.AbstractStorage save
INFO: &amp#27;[32mSave 54bba1b1-3a02-4907-8f42-4962dbb88e2c(uuid4287)
сент. 19, 2025 6:42:49 PM webapp.storage.AbstractStorage save
INFO: &amp#27;[32mSave 61c4c163-7320-481c-9fbc-e2bcd8f4b107(uuid4288)
сент. 19, 2025 6:42:49 PM webapp.storage.AbstractStorage save
INFO: &amp#27;[32mSave fb64dbf3-0bc7-442e-80ba-e85a60185765(uuid4289)
сент. 19, 2025 6:42:49 PM webapp.storage.AbstractStorage save
INFO: &amp#27;[32mSave 0b316256-67bf-497b-a2e4-8ab1df0ab3fb(uuid4290)
сент. 19, 2025 6:42:49 PM webapp.storage.AbstractStorage save
INFO: &amp#27;[32mSave bc5a07ea-d655-416d-9d25-287dcdf26e87(uuid4291)
сент. 19, 2025 6:42:49 PM webapp.storage.AbstractStorage save
INFO: &amp#27;[32mSave 06aea3d5-3a0b-4568-91b1-01c373e06df9(uuid4292)
сент. 19, 2025 6:42:49 PM webapp.storage.AbstractStorage save
INFO: &amp#27;[32mSave e6bad678-edb0-4d56-a3a9-1d1031096800(uuid4293)
сент. 19, 2025 6:42:49 PM webapp.storage.AbstractStorage save
INFO: &amp#27;[32mSave f0e906fb-2880-48a8-be76-cd563a46dd44(uuid4294)
сент. 19, 2025 6:42:49 PM webapp.storage.AbstractStorage save
INFO: &amp#27;[32mSave 20a4a99d-febd-4fc0-9d8c-9ce4b9641920(uuid4295)
сент. 19, 2025 6:42:49 PM webapp.storage.AbstractStorage save
INFO: &amp#27;[32mSave 312c4c41-005e-40ab-bb32-affc5937892d(uuid4296)
сент. 19, 2025 6:42:49 PM webapp.storage.AbstractStorage save
INFO: &amp#27;[32mSave 066d3583-32e3-46c5-b20f-6112eedde5d5(uuid4297)
сент. 19, 2025 6:42:49 PM webapp.storage.AbstractStorage save
INFO: &amp#27;[32mSave 7a6fdc08-bcbd-4f4f-8ef3-fa4640820685(uuid4298)
сент. 19, 2025 6:42:49 PM webapp.storage.AbstractStorage save
INFO: &amp#27;[32mSave 88adcf7f-76cd-4496-b887-1105b28cc904(uuid4299)
сент. 19, 2025 6:42:49 PM webapp.storage.AbstractStorage save
INFO: &amp#27;[32mSave cb37e5ed-d46a-40bf-bf8a-9f9e1530332c(uuid4300)
сент. 19, 2025 6:42:49 PM webapp.storage.AbstractStorage save
INFO: &amp#27;[32mSave 00592698-b477-4e14-b561-f5ad12918d4c(uuid4301)
сент. 19, 2025 6:42:49 PM webapp.storage.AbstractStorage save
INFO: &amp#27;[32mSave f1e71b58-85bc-40c3-993a-f939a9450d9f(uuid4302)
сент. 19, 2025 6:42:49 PM webapp.storage.AbstractStorage save
INFO: &amp#27;[32mSave 0f74da55-ce30-46bc-a6ee-0be5d677f7e1(uuid4303)
сент. 19, 2025 6:42:49 PM webapp.storage.AbstractStorage save
INFO: &amp#27;[32mSave 609440cc-691f-4d7b-9194-04d6e03023e5(uuid4304)
сент. 19, 2025 6:42:49 PM webapp.storage.AbstractStorage save
INFO: &amp#27;[32mSave 9636080c-9d63-4533-89e6-ea9ea11d37dc(uuid4305)
сент. 19, 2025 6:42:49 PM webapp.storage.AbstractStorage save
INFO: &amp#27;[32mSave 474e0410-b6e5-4877-a8db-666b260c8293(uuid4306)
сент. 19, 2025 6:42:49 PM webapp.storage.AbstractStorage save
INFO: &amp#27;[32mSave c9a656e9-0382-4b63-ac17-3d04c6029096(uuid4307)
сент. 19, 2025 6:42:49 PM webapp.storage.AbstractStorage save
INFO: &amp#27;[32mSave 850ed3c5-46bf-4531-af94-7d2702974702(uuid4308)
сент. 19, 2025 6:42:49 PM webapp.storage.AbstractStorage save
INFO: &amp#27;[32mSave ee4fe947-1014-45a9-8a51-b21e7153ac7f(uuid4309)
сент. 19, 2025 6:42:49 PM webapp.storage.AbstractStorage save
INFO: &amp#27;[32mSave dbba6daf-a619-4dfc-9031-b81f45761242(uuid4310)
сент. 19, 2025 6:42:49 PM webapp.storage.AbstractStorage save
INFO: &amp#27;[32mSave d5a6caed-21fc-4c76-9557-cf28aceb72d2(uuid4311)
сент. 19, 2025 6:42:49 PM webapp.storage.AbstractStorage save
INFO: &amp#27;[32mSave 7f4adc60-94d5-45bc-8c95-459aaca0ea5d(uuid4312)
сент. 19, 2025 6:42:49 PM webapp.storage.AbstractStorage save
INFO: &amp#27;[32mSave 6abc6306-31be-43f5-aab5-c2642c6f71a3(uuid4313)
сент. 19, 2025 6:42:49 PM webapp.storage.AbstractStorage save
INFO: &amp#27;[32mSave e099fca6-2e7a-48d7-a0b5-041b355ecbbe(uuid4314)
сент. 19, 2025 6:42:49 PM webapp.storage.AbstractStorage save
INFO: &amp#27;[32mSave 78e742e0-67cc-4b8b-82a1-8bd306ce1316(uuid4315)
сент. 19, 2025 6:42:49 PM webapp.storage.AbstractStorage save
INFO: &amp#27;[32mSave 0e4639d5-c43c-4563-afb7-509cae93a493(uuid4316)
сент. 19, 2025 6:42:49 PM webapp.storage.AbstractStorage save
INFO: &amp#27;[32mSave 684c286a-ac15-4622-8e4a-2448cb06645c(uuid4317)
сент. 19, 2025 6:42:49 PM webapp.storage.AbstractStorage save
INFO: &amp#27;[32mSave 50af2a53-07d7-4b78-b024-3eeee98d38e8(uuid4318)
сент. 19, 2025 6:42:49 PM webapp.storage.AbstractStorage save
INFO: &amp#27;[32mSave 80d529f9-310d-4b0d-a066-c855dec66254(uuid4319)
сент. 19, 2025 6:42:49 PM webapp.storage.AbstractStorage save
INFO: &amp#27;[32mSave 0e117f8d-0f8c-4ace-aa1e-09414c7b4b3b(uuid4320)
сент. 19, 2025 6:42:49 PM webapp.storage.AbstractStorage save
INFO: &amp#27;[32mSave f31419b2-fad4-445d-9b92-ebe473eae633(uuid4321)
сент. 19, 2025 6:42:49 PM webapp.storage.AbstractStorage save
INFO: &amp#27;[32mSave 38e3aab2-8d3a-4522-b891-41c4a67210d9(uuid4322)
сент. 19, 2025 6:42:49 PM webapp.storage.AbstractStorage save
INFO: &amp#27;[32mSave 0b50d875-0e07-4d8f-a066-4cd7be925695(uuid4323)
сент. 19, 2025 6:42:49 PM webapp.storage.AbstractStorage save
INFO: &amp#27;[32mSave 8e6b693c-5ebc-4456-b465-001c032732b5(uuid4324)
сент. 19, 2025 6:42:49 PM webapp.storage.AbstractStorage save
INFO: &amp#27;[32mSave cbfc3e4c-3e8d-4905-9baa-3e0e601dc381(uuid4325)
сент. 19, 2025 6:42:49 PM webapp.storage.AbstractStorage save
INFO: &amp#27;[32mSave c448d408-6792-4799-bf93-d8b36bd7fb98(uuid4326)
сент. 19, 2025 6:42:49 PM webapp.storage.AbstractStorage save
INFO: &amp#27;[32mSave cf978464-6d68-4a42-af3f-a69e9ba69920(uuid4327)
сент. 19, 2025 6:42:49 PM webapp.storage.AbstractStorage save
INFO: &amp#27;[32mSave 85d6a2b5-75b6-4e3a-be6b-914e8dd47029(uuid4328)
сент. 19, 2025 6:42:49 PM webapp.storage.AbstractStorage save
INFO: &amp#27;[32mSave 68ab8b8d-536c-4f44-b2e3-481a3f1360df(uuid4329)
сент. 19, 2025 6:42:49 PM webapp.storage.AbstractStorage save
INFO: &amp#27;[32mSave a6d32b21-1b82-4b3f-8421-036bf449a7e8(uuid4330)
сент. 19, 2025 6:42:49 PM webapp.storage.AbstractStorage save
INFO: &amp#27;[32mSave a101bfb7-db99-4904-9c7f-e408d1d50784(uuid4331)
сент. 19, 2025 6:42:49 PM webapp.storage.AbstractStorage save
INFO: &amp#27;[32mSave 218fd67c-16b6-4326-9362-4810a053801c(uuid4332)
сент. 19, 2025 6:42:49 PM webapp.storage.AbstractStorage save
INFO: &amp#27;[32mSave 7440a715-72c0-419c-9204-5e49de0446ed(uuid4333)
сент. 19, 2025 6:42:49 PM webapp.storage.AbstractStorage save
INFO: &amp#27;[32mSave e23e434b-99c6-487b-8df9-085482f19b06(uuid4334)
сент. 19, 2025 6:42:49 PM webapp.storage.AbstractStorage save
INFO: &amp#27;[32mSave 4754c56f-a370-4c11-8c00-7a657cda0763(uuid4335)
сент. 19, 2025 6:42:49 PM webapp.storage.AbstractStorage save
INFO: &amp#27;[32mSave 61681b4a-720f-4328-b8c4-e393d2cb55a0(uuid4336)
сент. 19, 2025 6:42:49 PM webapp.storage.AbstractStorage save
INFO: &amp#27;[32mSave 68466eec-0256-4406-ab03-353bc9465594(uuid4337)
сент. 19, 2025 6:42:49 PM webapp.storage.AbstractStorage save
INFO: &amp#27;[32mSave 4716a684-6962-4be1-b51c-ce6a37080adb(uuid4338)
сент. 19, 2025 6:42:49 PM webapp.storage.AbstractStorage save
INFO: &amp#27;[32mSave 9b721401-ac19-47a4-b5c0-8ad1531474ad(uuid4339)
сент. 19, 2025 6:42:49 PM webapp.storage.AbstractStorage save
INFO: &amp#27;[32mSave 98d93940-4a62-48c4-ad89-8879a87a3bca(uuid4340)
сент. 19, 2025 6:42:49 PM webapp.storage.AbstractStorage save
INFO: &amp#27;[32mSave a8611e36-79b9-42fa-b290-902aade900fd(uuid4341)
сент. 19, 2025 6:42:49 PM webapp.storage.AbstractStorage save
INFO: &amp#27;[32mSave 87e456a5-10e7-43cc-8d42-cdabb4109ae7(uuid4342)
сент. 19, 2025 6:42:49 PM webapp.storage.AbstractStorage save
INFO: &amp#27;[32mSave 19a3fb61-c393-465e-b8ad-830a28b764ab(uuid4343)
сент. 19, 2025 6:42:49 PM webapp.storage.AbstractStorage save
INFO: &amp#27;[32mSave 75029f3b-ecc6-4339-8c3a-b869550b657e(uuid4344)
сент. 19, 2025 6:42:49 PM webapp.storage.AbstractStorage save
INFO: &amp#27;[32mSave 8bdb4823-6182-4db2-b7fe-1f4196662616(uuid4345)
сент. 19, 2025 6:42:49 PM webapp.storage.AbstractStorage save
INFO: &amp#27;[32mSave 2ec806eb-336d-491d-88f0-a079a4610db1(uuid4346)
сент. 19, 2025 6:42:49 PM webapp.storage.AbstractStorage save
INFO: &amp#27;[32mSave 48ff223d-159d-4f3e-a6d6-1e2a3c39064f(uuid4347)
сент. 19, 2025 6:42:49 PM webapp.storage.AbstractStorage save
INFO: &amp#27;[32mSave 3f70d445-21d2-4d97-810f-ba3db952694f(uuid4348)
сент. 19, 2025 6:42:49 PM webapp.storage.AbstractStorage save
INFO: &amp#27;[32mSave cb2240ad-cce4-4558-b24b-25ca35d1805b(uuid4349)
сент. 19, 2025 6:42:49 PM webapp.storage.AbstractStorage save
INFO: &amp#27;[32mSave a8ceceb2-f3b8-4e4c-946d-34a289867a81(uuid4350)
сент. 19, 2025 6:42:49 PM webapp.storage.AbstractStorage save
INFO: &amp#27;[32mSave 14c33cba-8087-46ee-8369-89ce4c1fde36(uuid4351)
сент. 19, 2025 6:42:49 PM webapp.storage.AbstractStorage save
INFO: &amp#27;[32mSave 8e041ee0-a8cd-439d-8ae9-50581c722f21(uuid4352)
сент. 19, 2025 6:42:49 PM webapp.storage.AbstractStorage save
INFO: &amp#27;[32mSave 526d7a4a-7709-45bb-8909-345a509fff95(uuid4353)
сент. 19, 2025 6:42:49 PM webapp.storage.AbstractStorage save
INFO: &amp#27;[32mSave d3bb0ac8-8c22-4bbc-bb9b-adcd51dee463(uuid4354)
сент. 19, 2025 6:42:49 PM webapp.storage.AbstractStorage save
INFO: &amp#27;[32mSave a745c8e1-c65a-4e76-bb01-70cca62fb179(uuid4355)
сент. 19, 2025 6:42:49 PM webapp.storage.AbstractStorage save
INFO: &amp#27;[32mSave 1b2c793b-adec-4fd1-a680-f9f0bbf8ab42(uuid4356)
сент. 19, 2025 6:42:49 PM webapp.storage.AbstractStorage save
INFO: &amp#27;[32mSave 585b6f61-dc36-49e0-b2d0-831594730327(uuid4357)
сент. 19, 2025 6:42:49 PM webapp.storage.AbstractStorage save
INFO: &amp#27;[32mSave 799c4ef6-6b0c-49f8-80f2-20dd49c48689(uuid4358)
сент. 19, 2025 6:42:49 PM webapp.storage.AbstractStorage save
INFO: &amp#27;[32mSave aca92309-f4d6-415c-8f0d-741324daa3e2(uuid4359)
сент. 19, 2025 6:42:49 PM webapp.storage.AbstractStorage save
INFO: &amp#27;[32mSave 493bc26b-f0e9-4822-b085-f0ab65082422(uuid4360)
сент. 19, 2025 6:42:49 PM webapp.storage.AbstractStorage save
INFO: &amp#27;[32mSave 069a55df-1545-4846-b7c2-d6bf55afa1da(uuid4361)
сент. 19, 2025 6:42:49 PM webapp.storage.AbstractStorage save
INFO: &amp#27;[32mSave bd068bbd-8fbc-40a5-950a-2cc62157dff8(uuid4362)
сент. 19, 2025 6:42:49 PM webapp.storage.AbstractStorage save
INFO: &amp#27;[32mSave 8e379e01-fffa-4eed-89c0-6d6bcfd4db44(uuid4363)
сент. 19, 2025 6:42:49 PM webapp.storage.AbstractStorage save
INFO: &amp#27;[32mSave a85e3471-f83c-4160-8037-7119ff7e7109(uuid4364)
сент. 19, 2025 6:42:49 PM webapp.storage.AbstractStorage save
INFO: &amp#27;[32mSave c82eea95-fe46-4e82-95f4-e1f21150e8ed(uuid4365)
сент. 19, 2025 6:42:49 PM webapp.storage.AbstractStorage save
INFO: &amp#27;[32mSave bf8d2e13-4dff-4b7b-9077-f3daeac96c6b(uuid4366)
сент. 19, 2025 6:42:49 PM webapp.storage.AbstractStorage save
INFO: &amp#27;[32mSave 7333cef6-5a65-47c0-8c1c-a86ff3fa4c2c(uuid4367)
сент. 19, 2025 6:42:49 PM webapp.storage.AbstractStorage save
INFO: &amp#27;[32mSave cb4a9b5e-fae6-42f3-8b6e-189308723cb5(uuid4368)
сент. 19, 2025 6:42:49 PM webapp.storage.AbstractStorage save
INFO: &amp#27;[32mSave 22616db6-0327-486c-91fa-a863bc99b718(uuid4369)
сент. 19, 2025 6:42:49 PM webapp.storage.AbstractStorage save
INFO: &amp#27;[32mSave 0068f531-7080-4998-9d0e-5a793a95dafa(uuid4370)
сент. 19, 2025 6:42:49 PM webapp.storage.AbstractStorage save
INFO: &amp#27;[32mSave 16935de4-8180-4450-9507-d00412fcc2ad(uuid4371)
сент. 19, 2025 6:42:49 PM webapp.storage.AbstractStorage save
INFO: &amp#27;[32mSave e2ccfd0d-6273-4a8f-b829-7705974be9dc(uuid4372)
сент. 19, 2025 6:42:49 PM webapp.storage.AbstractStorage save
INFO: &amp#27;[32mSave 9f2304a5-9038-4a8e-8757-fef721374771(uuid4373)
сент. 19, 2025 6:42:49 PM webapp.storage.AbstractStorage save
INFO: &amp#27;[32mSave 5078f773-abe1-4f7b-8e05-15806aae37f9(uuid4374)
сент. 19, 2025 6:42:49 PM webapp.storage.AbstractStorage save
INFO: &amp#27;[32mSave 4c83fee2-9750-4e76-8b9b-cccc6b09185e(uuid4375)
сент. 19, 2025 6:42:49 PM webapp.storage.AbstractStorage save
INFO: &amp#27;[32mSave 0298e66f-db82-453f-ae70-483b28ffb5e6(uuid4376)
сент. 19, 2025 6:42:49 PM webapp.storage.AbstractStorage save
INFO: &amp#27;[32mSave becee9b6-bb23-4190-8c27-9cf1f4dc8215(uuid4377)
сент. 19, 2025 6:42:49 PM webapp.storage.AbstractStorage save
INFO: &amp#27;[32mSave 72ba71db-07f2-4bab-918c-f9518f033cff(uuid4378)
сент. 19, 2025 6:42:49 PM webapp.storage.AbstractStorage save
INFO: &amp#27;[32mSave a26345e0-4fe4-4631-a2ae-1a1b4ff37a67(uuid4379)
сент. 19, 2025 6:42:49 PM webapp.storage.AbstractStorage save
INFO: &amp#27;[32mSave 74ec8cb4-c7c7-498b-adae-49189c2747f9(uuid4380)
сент. 19, 2025 6:42:49 PM webapp.storage.AbstractStorage save
INFO: &amp#27;[32mSave f09a3904-dc65-4c77-98bc-ae9a91d98efe(uuid4381)
сент. 19, 2025 6:42:49 PM webapp.storage.AbstractStorage save
INFO: &amp#27;[32mSave a3a80ef7-53d5-462d-b3ba-73bc19d769c1(uuid4382)
сент. 19, 2025 6:42:49 PM webapp.storage.AbstractStorage save
INFO: &amp#27;[32mSave 0be0525f-9bcd-4da6-ac6f-4515b203c3b9(uuid4383)
сент. 19, 2025 6:42:49 PM webapp.storage.AbstractStorage save
INFO: &amp#27;[32mSave ebc1b7d4-22f6-4ab7-ab60-22f4fc2f9a5b(uuid4384)
сент. 19, 2025 6:42:49 PM webapp.storage.AbstractStorage save
INFO: &amp#27;[32mSave da780a54-d80b-49b2-b799-0cf725353462(uuid4385)
сент. 19, 2025 6:42:49 PM webapp.storage.AbstractStorage save
INFO: &amp#27;[32mSave 4405538f-9eb7-4845-91f9-b41d58850c5b(uuid4386)
сент. 19, 2025 6:42:49 PM webapp.storage.AbstractStorage save
INFO: &amp#27;[32mSave 3d4fa40b-4a40-4fa5-a1c2-2edd534145b7(uuid4387)
сент. 19, 2025 6:42:49 PM webapp.storage.AbstractStorage save
INFO: &amp#27;[32mSave e45fe235-4358-4906-a8ed-b2cf2dbc7561(uuid4388)
сент. 19, 2025 6:42:49 PM webapp.storage.AbstractStorage save
INFO: &amp#27;[32mSave e97b12da-2fb0-4a38-8a0c-aae2208e241b(uuid4389)
сент. 19, 2025 6:42:49 PM webapp.storage.AbstractStorage save
INFO: &amp#27;[32mSave 9f624bd9-499f-42d2-b27b-de48a50ea314(uuid4390)
сент. 19, 2025 6:42:49 PM webapp.storage.AbstractStorage save
INFO: &amp#27;[32mSave 9811084c-7025-4e14-8bec-17121c76aa0a(uuid4391)
сент. 19, 2025 6:42:49 PM webapp.storage.AbstractStorage save
INFO: &amp#27;[32mSave ccb3563c-72f1-4565-9c18-cf509a637f3a(uuid4392)
сент. 19, 2025 6:42:49 PM webapp.storage.AbstractStorage save
INFO: &amp#27;[32mSave a4c19a34-0160-4072-8f9e-0a2f7c8b2d0c(uuid4393)
сент. 19, 2025 6:42:49 PM webapp.storage.AbstractStorage save
INFO: &amp#27;[32mSave f34fcfd5-e298-4c9c-8683-44196eb016d4(uuid4394)
сент. 19, 2025 6:42:49 PM webapp.storage.AbstractStorage save
INFO: &amp#27;[32mSave 2260bbd8-3a8a-4518-be43-fd84f94c1cd6(uuid4395)
сент. 19, 2025 6:42:49 PM webapp.storage.AbstractStorage save
INFO: &amp#27;[32mSave 1c8a761f-9970-473b-9d5c-3df271ac9e97(uuid4396)
сент. 19, 2025 6:42:49 PM webapp.storage.AbstractStorage save
INFO: &amp#27;[32mSave 6fcf1885-fc1a-487c-a685-e5462574ad2d(uuid4397)
сент. 19, 2025 6:42:49 PM webapp.storage.AbstractStorage save
INFO: &amp#27;[32mSave c8297517-f467-4af8-9ddf-0cd750692ca4(uuid4398)
сент. 19, 2025 6:42:49 PM webapp.storage.AbstractStorage save
INFO: &amp#27;[32mSave 5eefefec-eac3-4066-9d7a-9ecafc541736(uuid4399)
сент. 19, 2025 6:42:49 PM webapp.storage.AbstractStorage save
INFO: &amp#27;[32mSave aa1f96d6-691b-4f12-9f2f-7bbfab1451ed(uuid4400)
сент. 19, 2025 6:42:49 PM webapp.storage.AbstractStorage save
INFO: &amp#27;[32mSave 2abd86be-fe24-4831-aecf-d327a34d848f(uuid4401)
сент. 19, 2025 6:42:49 PM webapp.storage.AbstractStorage save
INFO: &amp#27;[32mSave 84851066-00a0-4760-aac6-26b9f877e1f6(uuid4402)
сент. 19, 2025 6:42:49 PM webapp.storage.AbstractStorage save
INFO: &amp#27;[32mSave ee07d0f3-e35f-4e3b-935b-461cfe6107b8(uuid4403)
сент. 19, 2025 6:42:49 PM webapp.storage.AbstractStorage save
INFO: &amp#27;[32mSave 830ebfa7-6d6e-4427-9c03-f1644a51b7c3(uuid4404)
сент. 19, 2025 6:42:49 PM webapp.storage.AbstractStorage save
INFO: &amp#27;[32mSave a4a502ac-af89-4e89-a9bc-4159817585ce(uuid4405)
сент. 19, 2025 6:42:49 PM webapp.storage.AbstractStorage save
INFO: &amp#27;[32mSave 59747bfa-fd5f-41e4-ae1d-f96869ee963a(uuid4406)
сент. 19, 2025 6:42:49 PM webapp.storage.AbstractStorage save
INFO: &amp#27;[32mSave e3d8c820-68f8-44e1-8536-c5a145b5dc90(uuid4407)
сент. 19, 2025 6:42:49 PM webapp.storage.AbstractStorage save
INFO: &amp#27;[32mSave bca3512a-059a-4be0-93bc-92e4dfc88b9d(uuid4408)
сент. 19, 2025 6:42:49 PM webapp.storage.AbstractStorage save
INFO: &amp#27;[32mSave d160c3ca-44af-4a23-a64b-cc6f9f0a12fd(uuid4409)
сент. 19, 2025 6:42:49 PM webapp.storage.AbstractStorage save
INFO: &amp#27;[32mSave 443a25d5-6bba-42b2-8b17-a1e88509947f(uuid4410)
сент. 19, 2025 6:42:49 PM webapp.storage.AbstractStorage save
INFO: &amp#27;[32mSave 3a998e2d-6056-40f0-8b0b-a228ae335f8a(uuid4411)
сент. 19, 2025 6:42:49 PM webapp.storage.AbstractStorage save
INFO: &amp#27;[32mSave c56b69fe-6077-4a6a-a097-d658db75fbac(uuid4412)
сент. 19, 2025 6:42:49 PM webapp.storage.AbstractStorage save
INFO: &amp#27;[32mSave 99b8df7d-6dd3-42ee-91ec-0644a9d83707(uuid4413)
сент. 19, 2025 6:42:49 PM webapp.storage.AbstractStorage save
INFO: &amp#27;[32mSave 14ca3876-e804-4aa0-92d0-390458692826(uuid4414)
сент. 19, 2025 6:42:49 PM webapp.storage.AbstractStorage save
INFO: &amp#27;[32mSave 2968c3cf-bc1e-429c-81ef-18046a2a9014(uuid4415)
сент. 19, 2025 6:42:49 PM webapp.storage.AbstractStorage save
INFO: &amp#27;[32mSave 8bf1da33-90a4-4677-88ad-b4924856b8c6(uuid4416)
сент. 19, 2025 6:42:49 PM webapp.storage.AbstractStorage save
INFO: &amp#27;[32mSave e5a41403-8cbe-460f-a252-3a9ec352e587(uuid4417)
сент. 19, 2025 6:42:49 PM webapp.storage.AbstractStorage save
INFO: &amp#27;[32mSave cae7d63e-035b-463f-bfb2-5d29622773e3(uuid4418)
сент. 19, 2025 6:42:49 PM webapp.storage.AbstractStorage save
INFO: &amp#27;[32mSave dc6680c0-1529-4e47-a494-aa6fde45a5f7(uuid4419)
сент. 19, 2025 6:42:49 PM webapp.storage.AbstractStorage save
INFO: &amp#27;[32mSave f4a0a625-3e37-483b-9ef3-c2805d429038(uuid4420)
сент. 19, 2025 6:42:49 PM webapp.storage.AbstractStorage save
INFO: &amp#27;[32mSave 6cf73df4-8cf1-41d8-9715-b8280c2a4e08(uuid4421)
сент. 19, 2025 6:42:49 PM webapp.storage.AbstractStorage save
INFO: &amp#27;[32mSave 88fe8e25-0111-47b0-b16b-e49eab2ae39e(uuid4422)
сент. 19, 2025 6:42:49 PM webapp.storage.AbstractStorage save
INFO: &amp#27;[32mSave f430e11d-aa67-45ea-9878-7d108a6f1863(uuid4423)
сент. 19, 2025 6:42:49 PM webapp.storage.AbstractStorage save
INFO: &amp#27;[32mSave 9991f337-2695-4095-be43-6bf23f052c93(uuid4424)
сент. 19, 2025 6:42:49 PM webapp.storage.AbstractStorage save
INFO: &amp#27;[32mSave 1f38faa0-e2c1-4b07-a9c4-92b8b6a84e5b(uuid4425)
сент. 19, 2025 6:42:49 PM webapp.storage.AbstractStorage save
INFO: &amp#27;[32mSave fc106cd2-a0e2-4ead-8061-58517cd0910b(uuid4426)
сент. 19, 2025 6:42:49 PM webapp.storage.AbstractStorage save
INFO: &amp#27;[32mSave e97ec05e-4c8c-4542-b918-b233bbcb635b(uuid4427)
сент. 19, 2025 6:42:49 PM webapp.storage.AbstractStorage save
INFO: &amp#27;[32mSave c02f0b20-820b-4049-99d3-0dd3db914d62(uuid4428)
сент. 19, 2025 6:42:49 PM webapp.storage.AbstractStorage save
INFO: &amp#27;[32mSave 770e12a5-56ad-43b2-8205-ab35e5384157(uuid4429)
сент. 19, 2025 6:42:49 PM webapp.storage.AbstractStorage save
INFO: &amp#27;[32mSave ab681712-5591-46a3-8359-bb40dc42a6ea(uuid4430)
сент. 19, 2025 6:42:49 PM webapp.storage.AbstractStorage save
INFO: &amp#27;[32mSave 43e8f62b-3ceb-4e4c-8e45-b7ce570cab9e(uuid4431)
сент. 19, 2025 6:42:49 PM webapp.storage.AbstractStorage save
INFO: &amp#27;[32mSave 52f35d18-b873-443f-bdbb-e0f92218f465(uuid4432)
сент. 19, 2025 6:42:49 PM webapp.storage.AbstractStorage save
INFO: &amp#27;[32mSave 970daae5-4157-44c3-b178-ea509a553b81(uuid4433)
сент. 19, 2025 6:42:49 PM webapp.storage.AbstractStorage save
INFO: &amp#27;[32mSave 65e4b6c6-ec77-42b2-bfcd-a62f384a309a(uuid4434)
сент. 19, 2025 6:42:49 PM webapp.storage.AbstractStorage save
INFO: &amp#27;[32mSave 0e2919be-78c8-4060-ad4f-12ef12f2f9f9(uuid4435)
сент. 19, 2025 6:42:49 PM webapp.storage.AbstractStorage save
INFO: &amp#27;[32mSave a45c2396-234d-47f6-aea0-43e6a44b2698(uuid4436)
сент. 19, 2025 6:42:49 PM webapp.storage.AbstractStorage save
INFO: &amp#27;[32mSave 667149de-34e9-4d8c-acde-e137b40503b2(uuid4437)
сент. 19, 2025 6:42:49 PM webapp.storage.AbstractStorage save
INFO: &amp#27;[32mSave 7adcd0f3-3d8d-41b5-8949-7367e2f5d4a1(uuid4438)
сент. 19, 2025 6:42:49 PM webapp.storage.AbstractStorage save
INFO: &amp#27;[32mSave 1ab2653c-5c3e-43a4-9e4c-733be0d2586c(uuid4439)
сент. 19, 2025 6:42:49 PM webapp.storage.AbstractStorage save
INFO: &amp#27;[32mSave e10c07b8-c474-47fe-8f9a-b0f3b98cc47a(uuid4440)
сент. 19, 2025 6:42:49 PM webapp.storage.AbstractStorage save
INFO: &amp#27;[32mSave be5ebdba-6d77-4026-82e2-fe9786f26883(uuid4441)
сент. 19, 2025 6:42:49 PM webapp.storage.AbstractStorage save
INFO: &amp#27;[32mSave 31760721-f1ee-4faa-90b4-29b00ab3c3cd(uuid4442)
сент. 19, 2025 6:42:49 PM webapp.storage.AbstractStorage save
INFO: &amp#27;[32mSave c773c683-e48c-4aeb-aa23-1035f1d152bb(uuid4443)
сент. 19, 2025 6:42:49 PM webapp.storage.AbstractStorage save
INFO: &amp#27;[32mSave b143eb48-adeb-4133-b4ef-1d2e73e82ffe(uuid4444)
сент. 19, 2025 6:42:49 PM webapp.storage.AbstractStorage save
INFO: &amp#27;[32mSave b07e8eb5-f5aa-4b91-b355-829823cdbea7(uuid4445)
сент. 19, 2025 6:42:49 PM webapp.storage.AbstractStorage save
INFO: &amp#27;[32mSave 57f23e25-dc41-48fb-9304-34a3306fe1ac(uuid4446)
сент. 19, 2025 6:42:49 PM webapp.storage.AbstractStorage save
INFO: &amp#27;[32mSave cbae686d-f099-40a7-8f52-deb2fc187148(uuid4447)
сент. 19, 2025 6:42:49 PM webapp.storage.AbstractStorage save
INFO: &amp#27;[32mSave 925cba79-829c-4902-a9d8-aeb9e26c0981(uuid4448)
сент. 19, 2025 6:42:49 PM webapp.storage.AbstractStorage save
INFO: &amp#27;[32mSave 23c3ef46-b234-440e-9173-3064b8afcdb3(uuid4449)
сент. 19, 2025 6:42:49 PM webapp.storage.AbstractStorage save
INFO: &amp#27;[32mSave 1b061656-f784-40e6-8be6-07c57e6f3ba3(uuid4450)
сент. 19, 2025 6:42:49 PM webapp.storage.AbstractStorage save
INFO: &amp#27;[32mSave 63cb92ad-502a-4820-89e6-f98cad5d9279(uuid4451)
сент. 19, 2025 6:42:49 PM webapp.storage.AbstractStorage save
INFO: &amp#27;[32mSave ba0b2906-bc2e-4746-851d-15071e1a8dec(uuid4452)
сент. 19, 2025 6:42:49 PM webapp.storage.AbstractStorage save
INFO: &amp#27;[32mSave 3b9923f2-9ece-4c2f-ab40-a60bffb0a3d7(uuid4453)
сент. 19, 2025 6:42:49 PM webapp.storage.AbstractStorage save
INFO: &amp#27;[32mSave 156cf746-f20d-40a8-893d-21d0c336b5d0(uuid4454)
сент. 19, 2025 6:42:49 PM webapp.storage.AbstractStorage save
INFO: &amp#27;[32mSave ad24d3e1-99fd-4411-903a-841bd3fbbd4f(uuid4455)
сент. 19, 2025 6:42:49 PM webapp.storage.AbstractStorage save
INFO: &amp#27;[32mSave da24e16d-4ee5-400d-ad1d-85bca9ef32e7(uuid4456)
сент. 19, 2025 6:42:49 PM webapp.storage.AbstractStorage save
INFO: &amp#27;[32mSave 3fe738a5-205c-4a63-beb7-23d95b518d55(uuid4457)
сент. 19, 2025 6:42:49 PM webapp.storage.AbstractStorage save
INFO: &amp#27;[32mSave 76485ec7-80f6-44fc-bfb4-76c6d0edbbee(uuid4458)
сент. 19, 2025 6:42:49 PM webapp.storage.AbstractStorage save
INFO: &amp#27;[32mSave 0b90ca7a-200b-490e-b878-32103c4253a5(uuid4459)
сент. 19, 2025 6:42:49 PM webapp.storage.AbstractStorage save
INFO: &amp#27;[32mSave 973ecf5f-060d-436e-a118-00fd1adf4b43(uuid4460)
сент. 19, 2025 6:42:49 PM webapp.storage.AbstractStorage save
INFO: &amp#27;[32mSave f68731b6-46c4-4b66-baba-73708814ba72(uuid4461)
сент. 19, 2025 6:42:49 PM webapp.storage.AbstractStorage save
INFO: &amp#27;[32mSave f3ba16d4-8367-44b7-9782-488cb86dd672(uuid4462)
сент. 19, 2025 6:42:49 PM webapp.storage.AbstractStorage save
INFO: &amp#27;[32mSave e4f5d7b1-a729-4763-b4c1-f2b24475492c(uuid4463)
сент. 19, 2025 6:42:49 PM webapp.storage.AbstractStorage save
INFO: &amp#27;[32mSave 1d115b22-8191-465d-b925-e28a3f26c198(uuid4464)
сент. 19, 2025 6:42:49 PM webapp.storage.AbstractStorage save
INFO: &amp#27;[32mSave f8c43746-41b6-4908-ad19-f0b5c1b73b26(uuid4465)
сент. 19, 2025 6:42:49 PM webapp.storage.AbstractStorage save
INFO: &amp#27;[32mSave b6c4ef5e-9d00-4590-bdbe-d23805d4831d(uuid4466)
сент. 19, 2025 6:42:49 PM webapp.storage.AbstractStorage save
INFO: &amp#27;[32mSave e24641d5-086e-4dac-81a8-9859496850cd(uuid4467)
сент. 19, 2025 6:42:49 PM webapp.storage.AbstractStorage save
INFO: &amp#27;[32mSave 186a02b2-e086-4357-869a-0fb3072f19c7(uuid4468)
сент. 19, 2025 6:42:49 PM webapp.storage.AbstractStorage save
INFO: &amp#27;[32mSave 7898daeb-9f41-4741-a2e5-e3cb98c0c1fd(uuid4469)
сент. 19, 2025 6:42:49 PM webapp.storage.AbstractStorage save
INFO: &amp#27;[32mSave 2ef48bbc-d098-491a-b3f0-6a0220f5daf4(uuid4470)
сент. 19, 2025 6:42:49 PM webapp.storage.AbstractStorage save
INFO: &amp#27;[32mSave 2748b7bb-5916-48e1-8f0c-3d73b4c5726d(uuid4471)
сент. 19, 2025 6:42:49 PM webapp.storage.AbstractStorage save
INFO: &amp#27;[32mSave 0ba8d115-8f7d-4a90-a637-e4c018f18c77(uuid4472)
сент. 19, 2025 6:42:49 PM webapp.storage.AbstractStorage save
INFO: &amp#27;[32mSave 1e314a31-27ac-4f1c-8c20-70a411c9ec8d(uuid4473)
сент. 19, 2025 6:42:49 PM webapp.storage.AbstractStorage save
INFO: &amp#27;[32mSave cd62464c-dfd4-401b-868e-44c3f1f0570e(uuid4474)
сент. 19, 2025 6:42:49 PM webapp.storage.AbstractStorage save
INFO: &amp#27;[32mSave accb3a74-c434-42a6-b50c-c3d6dcd3a07c(uuid4475)
сент. 19, 2025 6:42:49 PM webapp.storage.AbstractStorage save
INFO: &amp#27;[32mSave 3f0a5d50-2b80-4aba-b99b-f65adf8dc67d(uuid4476)
сент. 19, 2025 6:42:49 PM webapp.storage.AbstractStorage save
INFO: &amp#27;[32mSave 938c578c-76e6-4f0d-986c-852d8596459a(uuid4477)
сент. 19, 2025 6:42:49 PM webapp.storage.AbstractStorage save
INFO: &amp#27;[32mSave 9f8c28b7-3117-4ab2-83dd-48d21a1879cd(uuid4478)
сент. 19, 2025 6:42:49 PM webapp.storage.AbstractStorage save
INFO: &amp#27;[32mSave 2b202c36-b949-46ba-8525-8b570f3a16f9(uuid4479)
сент. 19, 2025 6:42:49 PM webapp.storage.AbstractStorage save
INFO: &amp#27;[32mSave 15f18ab2-9f51-42e8-aa12-08378ec999a0(uuid4480)
сент. 19, 2025 6:42:49 PM webapp.storage.AbstractStorage save
INFO: &amp#27;[32mSave beee047f-5fb7-4021-ba1c-ff86f02b43cd(uuid4481)
сент. 19, 2025 6:42:49 PM webapp.storage.AbstractStorage save
INFO: &amp#27;[32mSave aab4bbb0-014c-454a-8085-57cf1efd1bf2(uuid4482)
сент. 19, 2025 6:42:49 PM webapp.storage.AbstractStorage save
INFO: &amp#27;[32mSave 0f7d11aa-f2e9-4e84-8bcd-5e9b2c7595b3(uuid4483)
сент. 19, 2025 6:42:49 PM webapp.storage.AbstractStorage save
INFO: &amp#27;[32mSave b665b1da-9c63-449f-8650-f6d71cd1280a(uuid4484)
сент. 19, 2025 6:42:49 PM webapp.storage.AbstractStorage save
INFO: &amp#27;[32mSave d0866dcc-219c-441e-939c-da5759abfe5e(uuid4485)
сент. 19, 2025 6:42:49 PM webapp.storage.AbstractStorage save
INFO: &amp#27;[32mSave 8ed78a99-7ba0-4dc4-824b-ac3f9ea85f31(uuid4486)
сент. 19, 2025 6:42:49 PM webapp.storage.AbstractStorage save
INFO: &amp#27;[32mSave f3a57b00-a54d-421b-920d-be392659784d(uuid4487)
сент. 19, 2025 6:42:49 PM webapp.storage.AbstractStorage save
INFO: &amp#27;[32mSave 73341a06-24f3-42a0-b177-e61f336cf677(uuid4488)
сент. 19, 2025 6:42:49 PM webapp.storage.AbstractStorage save
INFO: &amp#27;[32mSave 592bffa3-a5a0-4c23-b608-1307d99b2426(uuid4489)
сент. 19, 2025 6:42:49 PM webapp.storage.AbstractStorage save
INFO: &amp#27;[32mSave ec5a8a67-10b8-444f-88e1-db695981b969(uuid4490)
сент. 19, 2025 6:42:49 PM webapp.storage.AbstractStorage save
INFO: &amp#27;[32mSave 904375c3-a6c7-45d3-b012-37d90c0026ff(uuid4491)
сент. 19, 2025 6:42:49 PM webapp.storage.AbstractStorage save
INFO: &amp#27;[32mSave 829cca18-6778-4435-b8c6-275cea178520(uuid4492)
сент. 19, 2025 6:42:49 PM webapp.storage.AbstractStorage save
INFO: &amp#27;[32mSave 52f34aa4-dd31-4ae2-9e36-bacb7d7f0706(uuid4493)
сент. 19, 2025 6:42:49 PM webapp.storage.AbstractStorage save
INFO: &amp#27;[32mSave dd4c2527-637c-409e-b1fb-8e2cc3da7455(uuid4494)
сент. 19, 2025 6:42:49 PM webapp.storage.AbstractStorage save
INFO: &amp#27;[32mSave 50689050-ef19-4d22-a156-a24edb5e3bb4(uuid4495)
сент. 19, 2025 6:42:49 PM webapp.storage.AbstractStorage save
INFO: &amp#27;[32mSave 06c00c89-52db-437b-9a1a-af7654b96bc6(uuid4496)
сент. 19, 2025 6:42:49 PM webapp.storage.AbstractStorage save
INFO: &amp#27;[32mSave 11031601-ceb6-42de-bbad-bb12b8fda053(uuid4497)
сент. 19, 2025 6:42:49 PM webapp.storage.AbstractStorage save
INFO: &amp#27;[32mSave 5ccce807-ca47-47c4-9410-f78304c1bfb1(uuid4498)
сент. 19, 2025 6:42:49 PM webapp.storage.AbstractStorage save
INFO: &amp#27;[32mSave 77732e78-87f7-4c7c-8d58-881eda343c3b(uuid4499)
сент. 19, 2025 6:42:49 PM webapp.storage.AbstractStorage save
INFO: &amp#27;[32mSave 53ba3e51-f81f-4bff-a741-8fbc835b7610(uuid4500)
сент. 19, 2025 6:42:49 PM webapp.storage.AbstractStorage save
INFO: &amp#27;[32mSave 58d9ddf6-93d8-49c1-b840-38b114492a7d(uuid4501)
сент. 19, 2025 6:42:49 PM webapp.storage.AbstractStorage save
INFO: &amp#27;[32mSave 3c775c11-6add-4574-9080-c5cba4db3428(uuid4502)
сент. 19, 2025 6:42:49 PM webapp.storage.AbstractStorage save
INFO: &amp#27;[32mSave 7a1b8000-ce91-4727-952c-ac8e08fb6af0(uuid4503)
сент. 19, 2025 6:42:49 PM webapp.storage.AbstractStorage save
INFO: &amp#27;[32mSave 1b91932b-129c-404b-b4ef-059781f17598(uuid4504)
сент. 19, 2025 6:42:49 PM webapp.storage.AbstractStorage save
INFO: &amp#27;[32mSave dbd8fb6f-a9ba-4ed7-99cd-f3879706f0d5(uuid4505)
сент. 19, 2025 6:42:49 PM webapp.storage.AbstractStorage save
INFO: &amp#27;[32mSave b4e61c34-462f-4360-a5ad-2bd528e1ddec(uuid4506)
сент. 19, 2025 6:42:49 PM webapp.storage.AbstractStorage save
INFO: &amp#27;[32mSave 8a8e2b96-016f-47c0-9607-8a1705e89d3a(uuid4507)
сент. 19, 2025 6:42:49 PM webapp.storage.AbstractStorage save
INFO: &amp#27;[32mSave bea79d4b-bcd8-4112-abd6-1041f59fffa1(uuid4508)
сент. 19, 2025 6:42:49 PM webapp.storage.AbstractStorage save
INFO: &amp#27;[32mSave 50ff0177-88bc-47b5-b327-47815dbefeb4(uuid4509)
сент. 19, 2025 6:42:49 PM webapp.storage.AbstractStorage save
INFO: &amp#27;[32mSave 80ad9d7e-dce9-4c33-a589-9230ca33d1e4(uuid4510)
сент. 19, 2025 6:42:49 PM webapp.storage.AbstractStorage save
INFO: &amp#27;[32mSave ac7c3707-d8ad-40be-bdb5-f5567c8680df(uuid4511)
сент. 19, 2025 6:42:49 PM webapp.storage.AbstractStorage save
INFO: &amp#27;[32mSave 216b15c3-650e-4e98-bb14-d7b5ae247c5d(uuid4512)
сент. 19, 2025 6:42:49 PM webapp.storage.AbstractStorage save
INFO: &amp#27;[32mSave bb19715e-f310-46f3-a52e-1190c4df2cd0(uuid4513)
сент. 19, 2025 6:42:49 PM webapp.storage.AbstractStorage save
INFO: &amp#27;[32mSave 1d335720-46db-424b-9274-d9000cea3426(uuid4514)
сент. 19, 2025 6:42:49 PM webapp.storage.AbstractStorage save
INFO: &amp#27;[32mSave 4a55bfb8-ee79-4532-a115-c1174de5e7e0(uuid4515)
сент. 19, 2025 6:42:49 PM webapp.storage.AbstractStorage save
INFO: &amp#27;[32mSave 0475469f-648a-45a7-94f6-1cab7ca69500(uuid4516)
сент. 19, 2025 6:42:49 PM webapp.storage.AbstractStorage save
INFO: &amp#27;[32mSave ce9d189c-e6f2-4832-8327-7e73a0a449c0(uuid4517)
сент. 19, 2025 6:42:49 PM webapp.storage.AbstractStorage save
INFO: &amp#27;[32mSave f736d9f8-5e9e-479a-8a6b-1af6a17f85fb(uuid4518)
сент. 19, 2025 6:42:49 PM webapp.storage.AbstractStorage save
INFO: &amp#27;[32mSave 52fc8202-6fc1-4a43-beb9-36aaa5724c0b(uuid4519)
сент. 19, 2025 6:42:49 PM webapp.storage.AbstractStorage save
INFO: &amp#27;[32mSave f2125878-4a06-47a5-bb9e-8566290a9849(uuid4520)
сент. 19, 2025 6:42:49 PM webapp.storage.AbstractStorage save
INFO: &amp#27;[32mSave 86961d31-fc26-4ea8-8600-3a6af9b853ca(uuid4521)
сент. 19, 2025 6:42:49 PM webapp.storage.AbstractStorage save
INFO: &amp#27;[32mSave a76498b9-b509-47cc-bb4a-6d0f84b90875(uuid4522)
сент. 19, 2025 6:42:49 PM webapp.storage.AbstractStorage save
INFO: &amp#27;[32mSave 92efc7d8-5027-40a6-8cf5-2df4d6645d98(uuid4523)
сент. 19, 2025 6:42:49 PM webapp.storage.AbstractStorage save
INFO: &amp#27;[32mSave b4a132c4-4b66-4aa5-a992-5e9e6a879557(uuid4524)
сент. 19, 2025 6:42:49 PM webapp.storage.AbstractStorage save
INFO: &amp#27;[32mSave d0a44ff8-c0f3-4ebb-adcd-0363828a996d(uuid4525)
сент. 19, 2025 6:42:49 PM webapp.storage.AbstractStorage save
INFO: &amp#27;[32mSave aeebac24-faf6-4c70-904a-c68318ee4ab3(uuid4526)
сент. 19, 2025 6:42:49 PM webapp.storage.AbstractStorage save
INFO: &amp#27;[32mSave 3a9fdc7c-7c6d-4103-8294-fc354fe792cf(uuid4527)
сент. 19, 2025 6:42:49 PM webapp.storage.AbstractStorage save
INFO: &amp#27;[32mSave 540e373b-2c16-4a77-9f06-2aac853366e4(uuid4528)
сент. 19, 2025 6:42:49 PM webapp.storage.AbstractStorage save
INFO: &amp#27;[32mSave 245931da-b680-4bd4-9a7f-eeb11ad55be6(uuid4529)
сент. 19, 2025 6:42:49 PM webapp.storage.AbstractStorage save
INFO: &amp#27;[32mSave a364b042-c2f1-489e-8bfd-78628c816cd3(uuid4530)
сент. 19, 2025 6:42:49 PM webapp.storage.AbstractStorage save
INFO: &amp#27;[32mSave 145dba05-df2d-4f17-9032-bb14f2fa9a0d(uuid4531)
сент. 19, 2025 6:42:49 PM webapp.storage.AbstractStorage save
INFO: &amp#27;[32mSave 7c4e6cdd-0404-432e-ba36-b826f94ff483(uuid4532)
сент. 19, 2025 6:42:49 PM webapp.storage.AbstractStorage save
INFO: &amp#27;[32mSave 031bc298-9a98-4221-9ab8-9a1d9194b11c(uuid4533)
сент. 19, 2025 6:42:49 PM webapp.storage.AbstractStorage save
INFO: &amp#27;[32mSave 97b3ce1f-9f2b-4c01-b3be-b6fbc4f6de90(uuid4534)
сент. 19, 2025 6:42:49 PM webapp.storage.AbstractStorage save
INFO: &amp#27;[32mSave deeda4e8-607f-45d1-858a-7ac72195c5a2(uuid4535)
сент. 19, 2025 6:42:49 PM webapp.storage.AbstractStorage save
INFO: &amp#27;[32mSave 4130353e-6e84-423b-8045-91f97245ae71(uuid4536)
сент. 19, 2025 6:42:49 PM webapp.storage.AbstractStorage save
INFO: &amp#27;[32mSave ed7e0b41-d1c1-426a-9174-6ac2ace06a11(uuid4537)
сент. 19, 2025 6:42:49 PM webapp.storage.AbstractStorage save
INFO: &amp#27;[32mSave 19bd1b7d-dce2-4d7e-9718-4cb235cae7c5(uuid4538)
сент. 19, 2025 6:42:49 PM webapp.storage.AbstractStorage save
INFO: &amp#27;[32mSave be90a9ff-0037-4567-b114-7a625c32dbdc(uuid4539)
сент. 19, 2025 6:42:49 PM webapp.storage.AbstractStorage save
INFO: &amp#27;[32mSave 4a09a2c8-8341-419f-ace3-e54ebe1638d3(uuid4540)
сент. 19, 2025 6:42:49 PM webapp.storage.AbstractStorage save
INFO: &amp#27;[32mSave bb6bc1b5-4acd-46a8-b024-5e4d8b91cbd6(uuid4541)
сент. 19, 2025 6:42:49 PM webapp.storage.AbstractStorage save
INFO: &amp#27;[32mSave 173a342c-23b5-42a5-bcef-768eedfa286d(uuid4542)
сент. 19, 2025 6:42:49 PM webapp.storage.AbstractStorage save
INFO: &amp#27;[32mSave fecfd94a-2f7d-42d8-8cc3-c4a726738617(uuid4543)
сент. 19, 2025 6:42:49 PM webapp.storage.AbstractStorage save
INFO: &amp#27;[32mSave 06c1781b-4810-414b-a3d0-a735854b515e(uuid4544)
сент. 19, 2025 6:42:49 PM webapp.storage.AbstractStorage save
INFO: &amp#27;[32mSave 72580e18-75c0-4eea-8d7b-17a93dfb10c9(uuid4545)
сент. 19, 2025 6:42:49 PM webapp.storage.AbstractStorage save
INFO: &amp#27;[32mSave 2722dc6b-c667-4c9e-9169-a63bcc78dcec(uuid4546)
сент. 19, 2025 6:42:49 PM webapp.storage.AbstractStorage save
INFO: &amp#27;[32mSave b18ed75e-ac55-49e9-b419-8223b4578cb2(uuid4547)
сент. 19, 2025 6:42:49 PM webapp.storage.AbstractStorage save
INFO: &amp#27;[32mSave f6d91d23-9cc9-4c09-9b3d-2bed9aa7faac(uuid4548)
сент. 19, 2025 6:42:49 PM webapp.storage.AbstractStorage save
INFO: &amp#27;[32mSave e0016559-f474-4efd-a3eb-6089396e8ba8(uuid4549)
сент. 19, 2025 6:42:49 PM webapp.storage.AbstractStorage save
INFO: &amp#27;[32mSave eb31487a-ec34-4a60-9f8b-3f1480dc5718(uuid4550)
сент. 19, 2025 6:42:49 PM webapp.storage.AbstractStorage save
INFO: &amp#27;[32mSave a46d6adf-0feb-4637-9481-d172ff72ba91(uuid4551)
сент. 19, 2025 6:42:49 PM webapp.storage.AbstractStorage save
INFO: &amp#27;[32mSave 89e0fb28-ed27-49ba-bda5-780bdc8e341a(uuid4552)
сент. 19, 2025 6:42:49 PM webapp.storage.AbstractStorage save
INFO: &amp#27;[32mSave 55a3901d-678d-498a-b24a-f083f89275f7(uuid4553)
сент. 19, 2025 6:42:49 PM webapp.storage.AbstractStorage save
INFO: &amp#27;[32mSave 11a5907e-41c5-4f11-b94c-436bcee6819b(uuid4554)
сент. 19, 2025 6:42:49 PM webapp.storage.AbstractStorage save
INFO: &amp#27;[32mSave 4ba725b5-451a-41ba-ab18-a2b53386ee0f(uuid4555)
сент. 19, 2025 6:42:49 PM webapp.storage.AbstractStorage save
INFO: &amp#27;[32mSave a030b9c5-3814-40ea-83da-b4165afcb1e4(uuid4556)
сент. 19, 2025 6:42:49 PM webapp.storage.AbstractStorage save
INFO: &amp#27;[32mSave 0481980d-c31a-4a62-8404-efe0fd02b538(uuid4557)
сент. 19, 2025 6:42:49 PM webapp.storage.AbstractStorage save
INFO: &amp#27;[32mSave f2875399-31cf-4ec3-aa2a-876c8ce91be7(uuid4558)
сент. 19, 2025 6:42:49 PM webapp.storage.AbstractStorage save
INFO: &amp#27;[32mSave 941dd44e-2931-47a9-af80-0a8d14e3b7d0(uuid4559)
сент. 19, 2025 6:42:49 PM webapp.storage.AbstractStorage save
INFO: &amp#27;[32mSave ca744658-2bc7-4b5e-8622-e977841046f4(uuid4560)
сент. 19, 2025 6:42:49 PM webapp.storage.AbstractStorage save
INFO: &amp#27;[32mSave 7b2f50e2-4de2-4ddf-a6d1-7f6c4b9e62b9(uuid4561)
сент. 19, 2025 6:42:49 PM webapp.storage.AbstractStorage save
INFO: &amp#27;[32mSave 09b08307-2f37-4e30-8cf9-c3a741afeb9b(uuid4562)
сент. 19, 2025 6:42:49 PM webapp.storage.AbstractStorage save
INFO: &amp#27;[32mSave 93e8e580-7e0f-46c1-ae0b-7c0152ab1064(uuid4563)
сент. 19, 2025 6:42:49 PM webapp.storage.AbstractStorage save
INFO: &amp#27;[32mSave a782216e-fcf3-40c3-8fea-f6d1ddc97e45(uuid4564)
сент. 19, 2025 6:42:49 PM webapp.storage.AbstractStorage save
INFO: &amp#27;[32mSave b451d69e-a8a3-4640-97d2-2400a875dc1b(uuid4565)
сент. 19, 2025 6:42:49 PM webapp.storage.AbstractStorage save
INFO: &amp#27;[32mSave 0028a245-38c1-47f5-b014-ec37996e9a56(uuid4566)
сент. 19, 2025 6:42:49 PM webapp.storage.AbstractStorage save
INFO: &amp#27;[32mSave 2382dfee-9a64-4245-b633-2388dcfc606e(uuid4567)
сент. 19, 2025 6:42:49 PM webapp.storage.AbstractStorage save
INFO: &amp#27;[32mSave 8710c9a0-d68d-47bc-b99f-abba37424aa7(uuid4568)
сент. 19, 2025 6:42:49 PM webapp.storage.AbstractStorage save
INFO: &amp#27;[32mSave b419a70d-cf11-471c-bdd3-9a837ba6f1da(uuid4569)
сент. 19, 2025 6:42:49 PM webapp.storage.AbstractStorage save
INFO: &amp#27;[32mSave 1a7056f6-d351-4619-b282-4d79c8d54f84(uuid4570)
сент. 19, 2025 6:42:49 PM webapp.storage.AbstractStorage save
INFO: &amp#27;[32mSave 464214d2-3ac2-4efe-9e38-68ebc194e7b1(uuid4571)
сент. 19, 2025 6:42:49 PM webapp.storage.AbstractStorage save
INFO: &amp#27;[32mSave c7c0e91a-0836-4983-8f8e-821b9ceb5023(uuid4572)
сент. 19, 2025 6:42:49 PM webapp.storage.AbstractStorage save
INFO: &amp#27;[32mSave e6719b39-283a-420e-bac2-90afdc345f33(uuid4573)
сент. 19, 2025 6:42:49 PM webapp.storage.AbstractStorage save
INFO: &amp#27;[32mSave 29880b47-7780-4ee5-a5d9-2b03c8cf905b(uuid4574)
сент. 19, 2025 6:42:49 PM webapp.storage.AbstractStorage save
INFO: &amp#27;[32mSave 21df49a8-5524-43ba-a98d-c0640c6b5b2b(uuid4575)
сент. 19, 2025 6:42:49 PM webapp.storage.AbstractStorage save
INFO: &amp#27;[32mSave 8e5e5317-9aba-43d2-9e2e-f1afcfc11ded(uuid4576)
сент. 19, 2025 6:42:49 PM webapp.storage.AbstractStorage save
INFO: &amp#27;[32mSave faace3b0-a441-4815-abc5-b72725c25454(uuid4577)
сент. 19, 2025 6:42:49 PM webapp.storage.AbstractStorage save
INFO: &amp#27;[32mSave ef447306-a5f1-4ad3-a056-266784d04cc2(uuid4578)
сент. 19, 2025 6:42:49 PM webapp.storage.AbstractStorage save
INFO: &amp#27;[32mSave f51a2884-82a2-4326-af12-ff1216702456(uuid4579)
сент. 19, 2025 6:42:49 PM webapp.storage.AbstractStorage save
INFO: &amp#27;[32mSave 0f85dc5e-e67a-49e6-b400-f37f85db5d97(uuid4580)
сент. 19, 2025 6:42:49 PM webapp.storage.AbstractStorage save
INFO: &amp#27;[32mSave eee4acb1-54b2-49df-a9f3-a73b19d39e8b(uuid4581)
сент. 19, 2025 6:42:49 PM webapp.storage.AbstractStorage save
INFO: &amp#27;[32mSave d7663ff8-aef9-4ff7-89e1-6951f0a2cca8(uuid4582)
сент. 19, 2025 6:42:49 PM webapp.storage.AbstractStorage save
INFO: &amp#27;[32mSave bb3b7e9b-b4ce-4e8b-af5a-27d455245e9f(uuid4583)
сент. 19, 2025 6:42:49 PM webapp.storage.AbstractStorage save
INFO: &amp#27;[32mSave 16384067-fc86-49ec-9305-4a7013f56c19(uuid4584)
сент. 19, 2025 6:42:49 PM webapp.storage.AbstractStorage save
INFO: &amp#27;[32mSave 2196a618-dec1-4b65-902b-86ba7f1c0be6(uuid4585)
сент. 19, 2025 6:42:49 PM webapp.storage.AbstractStorage save
INFO: &amp#27;[32mSave c7549f3b-969e-4d84-88d8-8929d3d7c380(uuid4586)
сент. 19, 2025 6:42:49 PM webapp.storage.AbstractStorage save
INFO: &amp#27;[32mSave 1603de12-3ea2-4e5f-91a6-d3242867e68b(uuid4587)
сент. 19, 2025 6:42:49 PM webapp.storage.AbstractStorage save
INFO: &amp#27;[32mSave 4c688c88-1b78-494e-bc60-5cc3842895f0(uuid4588)
сент. 19, 2025 6:42:49 PM webapp.storage.AbstractStorage save
INFO: &amp#27;[32mSave e73652e9-945c-43cd-83c1-1d2031b04281(uuid4589)
сент. 19, 2025 6:42:49 PM webapp.storage.AbstractStorage save
INFO: &amp#27;[32mSave ea0653d4-647b-4d19-8e97-4138092d5f1e(uuid4590)
сент. 19, 2025 6:42:49 PM webapp.storage.AbstractStorage save
INFO: &amp#27;[32mSave ad9d8861-3dfb-4482-b2d0-9bf15e28939b(uuid4591)
сент. 19, 2025 6:42:49 PM webapp.storage.AbstractStorage save
INFO: &amp#27;[32mSave 117817f4-93dc-4cb9-8239-9ab1639faeb7(uuid4592)
сент. 19, 2025 6:42:49 PM webapp.storage.AbstractStorage save
INFO: &amp#27;[32mSave b1426830-e623-438a-863d-f1c03e3d70cb(uuid4593)
сент. 19, 2025 6:42:49 PM webapp.storage.AbstractStorage save
INFO: &amp#27;[32mSave cb22cd98-2811-411c-93ac-5632f79b7369(uuid4594)
сент. 19, 2025 6:42:49 PM webapp.storage.AbstractStorage save
INFO: &amp#27;[32mSave fa4d900a-f742-488c-bf3b-95cb2439f59a(uuid4595)
сент. 19, 2025 6:42:49 PM webapp.storage.AbstractStorage save
INFO: &amp#27;[32mSave 8d76a289-2c38-46fc-aac0-956f5eef093e(uuid4596)
сент. 19, 2025 6:42:49 PM webapp.storage.AbstractStorage save
INFO: &amp#27;[32mSave a7c70a6f-8391-42c6-a5d4-8379d98eb849(uuid4597)
сент. 19, 2025 6:42:49 PM webapp.storage.AbstractStorage save
INFO: &amp#27;[32mSave 78f458c6-963b-4240-8fcb-4a860d5e7562(uuid4598)
сент. 19, 2025 6:42:49 PM webapp.storage.AbstractStorage save
INFO: &amp#27;[32mSave 79df0795-abb5-42e3-8402-0e71db0f209b(uuid4599)
сент. 19, 2025 6:42:49 PM webapp.storage.AbstractStorage save
INFO: &amp#27;[32mSave 5afc9eba-c64b-417d-9ddf-5cce48ecfc35(uuid4600)
сент. 19, 2025 6:42:49 PM webapp.storage.AbstractStorage save
INFO: &amp#27;[32mSave 59405a59-f027-4b79-b2a0-add68e9ddcea(uuid4601)
сент. 19, 2025 6:42:49 PM webapp.storage.AbstractStorage save
INFO: &amp#27;[32mSave 8fd659a3-f1e5-4ee9-844f-338bc85be17b(uuid4602)
сент. 19, 2025 6:42:49 PM webapp.storage.AbstractStorage save
INFO: &amp#27;[32mSave 8364580f-d57b-4041-828d-72d15d04a2eb(uuid4603)
сент. 19, 2025 6:42:49 PM webapp.storage.AbstractStorage save
INFO: &amp#27;[32mSave efa8606b-b9d5-4702-b866-87a354429cda(uuid4604)
сент. 19, 2025 6:42:49 PM webapp.storage.AbstractStorage save
INFO: &amp#27;[32mSave ca0a6aab-6e35-440e-94e1-805e2f3ebbcf(uuid4605)
сент. 19, 2025 6:42:49 PM webapp.storage.AbstractStorage save
INFO: &amp#27;[32mSave bbb69923-6034-4400-9f73-d27736ca79ff(uuid4606)
сент. 19, 2025 6:42:49 PM webapp.storage.AbstractStorage save
INFO: &amp#27;[32mSave dc02de21-5e73-4d89-99b6-355752452093(uuid4607)
сент. 19, 2025 6:42:49 PM webapp.storage.AbstractStorage save
INFO: &amp#27;[32mSave 1196c677-cba0-4164-8eef-2b71965d06ce(uuid4608)
сент. 19, 2025 6:42:49 PM webapp.storage.AbstractStorage save
INFO: &amp#27;[32mSave 468dfdd4-a32e-4d17-b5b5-08c2e0491881(uuid4609)
сент. 19, 2025 6:42:49 PM webapp.storage.AbstractStorage save
INFO: &amp#27;[32mSave 6ead5854-f672-4114-8fd3-8820833319e9(uuid4610)
сент. 19, 2025 6:42:49 PM webapp.storage.AbstractStorage save
INFO: &amp#27;[32mSave 76078f89-25d1-4e94-86db-94046cc3d8a4(uuid4611)
сент. 19, 2025 6:42:49 PM webapp.storage.AbstractStorage save
INFO: &amp#27;[32mSave 7511e1c7-c380-49e1-91b8-cbf3ead9baee(uuid4612)
сент. 19, 2025 6:42:49 PM webapp.storage.AbstractStorage save
INFO: &amp#27;[32mSave 372bf817-5d66-443d-b4e7-af8a1ebd123f(uuid4613)
сент. 19, 2025 6:42:49 PM webapp.storage.AbstractStorage save
INFO: &amp#27;[32mSave ed3a2638-e4b7-456e-a4c4-e02c5855b18d(uuid4614)
сент. 19, 2025 6:42:49 PM webapp.storage.AbstractStorage save
INFO: &amp#27;[32mSave 0a72ee96-3828-4841-8754-62042561cd24(uuid4615)
сент. 19, 2025 6:42:49 PM webapp.storage.AbstractStorage save
INFO: &amp#27;[32mSave 0e0d4e24-75f5-4183-b823-31d251ee343c(uuid4616)
сент. 19, 2025 6:42:49 PM webapp.storage.AbstractStorage save
INFO: &amp#27;[32mSave 39a80d39-7e77-4c09-99c5-89b3e732991b(uuid4617)
сент. 19, 2025 6:42:49 PM webapp.storage.AbstractStorage save
INFO: &amp#27;[32mSave b19e9b56-8eee-4161-bdc6-cb824eb3be02(uuid4618)
сент. 19, 2025 6:42:49 PM webapp.storage.AbstractStorage save
INFO: &amp#27;[32mSave 9e236032-61eb-481e-bb1e-943f26a9e9bb(uuid4619)
сент. 19, 2025 6:42:49 PM webapp.storage.AbstractStorage save
INFO: &amp#27;[32mSave 2624758e-2c07-4266-ad29-d7df5e2598f2(uuid4620)
сент. 19, 2025 6:42:49 PM webapp.storage.AbstractStorage save
INFO: &amp#27;[32mSave 2f38b76a-13a2-4876-8f39-95774b1d735c(uuid4621)
сент. 19, 2025 6:42:49 PM webapp.storage.AbstractStorage save
INFO: &amp#27;[32mSave a48b4a54-bd3e-48e0-ae25-2f5063d4fa22(uuid4622)
сент. 19, 2025 6:42:49 PM webapp.storage.AbstractStorage save
INFO: &amp#27;[32mSave 37f3610e-78f3-4713-b879-fd82356813eb(uuid4623)
сент. 19, 2025 6:42:49 PM webapp.storage.AbstractStorage save
INFO: &amp#27;[32mSave af3a9422-63bb-4fdb-a771-c900a73b0714(uuid4624)
сент. 19, 2025 6:42:49 PM webapp.storage.AbstractStorage save
INFO: &amp#27;[32mSave 869a0eed-f0c1-46ac-b20a-5626241f5673(uuid4625)
сент. 19, 2025 6:42:49 PM webapp.storage.AbstractStorage save
INFO: &amp#27;[32mSave b1a21158-1366-403b-96d0-a945881f7864(uuid4626)
сент. 19, 2025 6:42:49 PM webapp.storage.AbstractStorage save
INFO: &amp#27;[32mSave dae43762-b681-4046-ad5b-6f6c5064ad5f(uuid4627)
сент. 19, 2025 6:42:49 PM webapp.storage.AbstractStorage save
INFO: &amp#27;[32mSave 37a7bb2b-a151-4d95-8e3e-c2ca5ef77a2d(uuid4628)
сент. 19, 2025 6:42:49 PM webapp.storage.AbstractStorage save
INFO: &amp#27;[32mSave ae99ea36-0747-4091-aced-01719057d822(uuid4629)
сент. 19, 2025 6:42:49 PM webapp.storage.AbstractStorage save
INFO: &amp#27;[32mSave 9b2cf586-aafe-4701-8c5b-929dbcd75dee(uuid4630)
сент. 19, 2025 6:42:49 PM webapp.storage.AbstractStorage save
INFO: &amp#27;[32mSave dc713952-23f2-4029-a2b5-1e688ab49842(uuid4631)
сент. 19, 2025 6:42:49 PM webapp.storage.AbstractStorage save
INFO: &amp#27;[32mSave f923cb8b-087b-4ab7-8e91-09569ef344ed(uuid4632)
сент. 19, 2025 6:42:49 PM webapp.storage.AbstractStorage save
INFO: &amp#27;[32mSave e4f59cea-1c0b-4c00-8d6d-2933d83b9951(uuid4633)
сент. 19, 2025 6:42:49 PM webapp.storage.AbstractStorage save
INFO: &amp#27;[32mSave f59070b2-ec9a-4fa5-92c3-49a6a3a84fc8(uuid4634)
сент. 19, 2025 6:42:49 PM webapp.storage.AbstractStorage save
INFO: &amp#27;[32mSave f0b1b217-c8e0-4916-b959-93a0902fd51f(uuid4635)
сент. 19, 2025 6:42:49 PM webapp.storage.AbstractStorage save
INFO: &amp#27;[32mSave a0b0858e-dcec-41ac-92e9-8029f9915f53(uuid4636)
сент. 19, 2025 6:42:49 PM webapp.storage.AbstractStorage save
INFO: &amp#27;[32mSave 0f5449fd-4ae6-468a-8501-091caf4430e5(uuid4637)
сент. 19, 2025 6:42:49 PM webapp.storage.AbstractStorage save
INFO: &amp#27;[32mSave 1682737b-e561-4cc8-95eb-536e87b54e05(uuid4638)
сент. 19, 2025 6:42:49 PM webapp.storage.AbstractStorage save
INFO: &amp#27;[32mSave dac03f44-deb3-4f99-8408-7cf27e247148(uuid4639)
сент. 19, 2025 6:42:49 PM webapp.storage.AbstractStorage save
INFO: &amp#27;[32mSave 5a7ee244-732f-41ab-9297-6bace6ea4c45(uuid4640)
сент. 19, 2025 6:42:49 PM webapp.storage.AbstractStorage save
INFO: &amp#27;[32mSave 94f4bb05-e04a-4a79-8578-0672b725f74d(uuid4641)
сент. 19, 2025 6:42:49 PM webapp.storage.AbstractStorage save
INFO: &amp#27;[32mSave 12e9403a-e5d7-4e30-af72-ca9af8d03072(uuid4642)
сент. 19, 2025 6:42:49 PM webapp.storage.AbstractStorage save
INFO: &amp#27;[32mSave f208778b-14a4-4537-a4cb-d49e412498bf(uuid4643)
сент. 19, 2025 6:42:49 PM webapp.storage.AbstractStorage save
INFO: &amp#27;[32mSave 2a00240d-cdbc-42f2-9d1a-1919580b7df2(uuid4644)
сент. 19, 2025 6:42:49 PM webapp.storage.AbstractStorage save
INFO: &amp#27;[32mSave 50b83a03-9746-4232-945c-ba0612a1f1ac(uuid4645)
сент. 19, 2025 6:42:49 PM webapp.storage.AbstractStorage save
INFO: &amp#27;[32mSave 4157bbff-e351-4184-a3d0-8f213c696a28(uuid4646)
сент. 19, 2025 6:42:49 PM webapp.storage.AbstractStorage save
INFO: &amp#27;[32mSave 42349db8-2de6-4963-a9c1-76f7bb958104(uuid4647)
сент. 19, 2025 6:42:49 PM webapp.storage.AbstractStorage save
INFO: &amp#27;[32mSave 53088e6a-550e-4817-a2c4-dc0995a6ea82(uuid4648)
сент. 19, 2025 6:42:49 PM webapp.storage.AbstractStorage save
INFO: &amp#27;[32mSave 6bfe03e8-052c-460f-b4f6-b6366149d7fc(uuid4649)
сент. 19, 2025 6:42:49 PM webapp.storage.AbstractStorage save
INFO: &amp#27;[32mSave 4093598f-7acc-453e-bfb2-ffdb315905b2(uuid4650)
сент. 19, 2025 6:42:49 PM webapp.storage.AbstractStorage save
INFO: &amp#27;[32mSave adaf5071-d0e0-4aad-ae24-6d80891ccf11(uuid4651)
сент. 19, 2025 6:42:49 PM webapp.storage.AbstractStorage save
INFO: &amp#27;[32mSave 4db8cfc0-e10a-4d09-84a7-ea5eb2a23619(uuid4652)
сент. 19, 2025 6:42:49 PM webapp.storage.AbstractStorage save
INFO: &amp#27;[32mSave d163fef3-a06e-4d5c-a409-5ca27d65e70c(uuid4653)
сент. 19, 2025 6:42:49 PM webapp.storage.AbstractStorage save
INFO: &amp#27;[32mSave d2c69bbd-da58-4764-bba1-425d4a7fed39(uuid4654)
сент. 19, 2025 6:42:49 PM webapp.storage.AbstractStorage save
INFO: &amp#27;[32mSave f497551f-92af-4692-b766-11d753b3af0f(uuid4655)
сент. 19, 2025 6:42:49 PM webapp.storage.AbstractStorage save
INFO: &amp#27;[32mSave 2b8290e1-59c2-4eae-ac57-f20b0e779c98(uuid4656)
сент. 19, 2025 6:42:49 PM webapp.storage.AbstractStorage save
INFO: &amp#27;[32mSave 380a1d3b-0e7b-4b87-84d2-fbc493d00084(uuid4657)
сент. 19, 2025 6:42:49 PM webapp.storage.AbstractStorage save
INFO: &amp#27;[32mSave 4b0a4895-c07a-4ef6-abfa-faca6f5a9eeb(uuid4658)
сент. 19, 2025 6:42:49 PM webapp.storage.AbstractStorage save
INFO: &amp#27;[32mSave c948f71b-f6e6-4d6f-aa42-5e13b9130938(uuid4659)
сент. 19, 2025 6:42:49 PM webapp.storage.AbstractStorage save
INFO: &amp#27;[32mSave 482702b5-4b35-494f-ac22-c0d1ae10e9f2(uuid4660)
сент. 19, 2025 6:42:49 PM webapp.storage.AbstractStorage save
INFO: &amp#27;[32mSave 9d40cae0-2050-45ce-ae92-940ebf008bd0(uuid4661)
сент. 19, 2025 6:42:49 PM webapp.storage.AbstractStorage save
INFO: &amp#27;[32mSave 2e67ba60-b7f2-4528-a841-e9e3e79af833(uuid4662)
сент. 19, 2025 6:42:49 PM webapp.storage.AbstractStorage save
INFO: &amp#27;[32mSave 58697ca0-59c8-4733-9f96-aa5f92319439(uuid4663)
сент. 19, 2025 6:42:49 PM webapp.storage.AbstractStorage save
INFO: &amp#27;[32mSave 5e62291c-8491-43ab-bcc6-bfc4e5f1cc86(uuid4664)
сент. 19, 2025 6:42:49 PM webapp.storage.AbstractStorage save
INFO: &amp#27;[32mSave ee67b301-9877-4b99-8aa0-f1c7458873ff(uuid4665)
сент. 19, 2025 6:42:49 PM webapp.storage.AbstractStorage save
INFO: &amp#27;[32mSave 8a6c65df-1777-4c2b-8841-3a4175353891(uuid4666)
сент. 19, 2025 6:42:49 PM webapp.storage.AbstractStorage save
INFO: &amp#27;[32mSave c4c309db-0ce1-4ede-8ee7-951f283ce451(uuid4667)
сент. 19, 2025 6:42:49 PM webapp.storage.AbstractStorage save
INFO: &amp#27;[32mSave dfa3fcad-d4cb-49e5-8269-4430553c7389(uuid4668)
сент. 19, 2025 6:42:49 PM webapp.storage.AbstractStorage save
INFO: &amp#27;[32mSave 2a24ee97-8c44-4f92-ac74-3f696b2039e8(uuid4669)
сент. 19, 2025 6:42:49 PM webapp.storage.AbstractStorage save
INFO: &amp#27;[32mSave 48bf2e2c-ad0a-4016-abba-3cd4e4653f70(uuid4670)
сент. 19, 2025 6:42:49 PM webapp.storage.AbstractStorage save
INFO: &amp#27;[32mSave 2f117dc6-0ef9-494b-a919-376429dd583a(uuid4671)
сент. 19, 2025 6:42:49 PM webapp.storage.AbstractStorage save
INFO: &amp#27;[32mSave 06ff961a-fc73-4a78-a374-87d80bb06dd9(uuid4672)
сент. 19, 2025 6:42:49 PM webapp.storage.AbstractStorage save
INFO: &amp#27;[32mSave 47373111-d812-408f-9b00-60ced3250d51(uuid4673)
сент. 19, 2025 6:42:49 PM webapp.storage.AbstractStorage save
INFO: &amp#27;[32mSave eb3cd316-bc4f-4736-b512-e38ace833596(uuid4674)
сент. 19, 2025 6:42:49 PM webapp.storage.AbstractStorage save
INFO: &amp#27;[32mSave c40a3cb1-8074-46a1-93ad-11e5da841b27(uuid4675)
сент. 19, 2025 6:42:49 PM webapp.storage.AbstractStorage save
INFO: &amp#27;[32mSave 3bb0e47d-ea43-4a74-abfd-bced58de6c7e(uuid4676)
сент. 19, 2025 6:42:49 PM webapp.storage.AbstractStorage save
INFO: &amp#27;[32mSave d1f228b0-ffc6-4b5d-8341-1a70e146dcff(uuid4677)
сент. 19, 2025 6:42:49 PM webapp.storage.AbstractStorage save
INFO: &amp#27;[32mSave 6cdd7bdf-15b2-456e-94f9-e00db070ac10(uuid4678)
сент. 19, 2025 6:42:49 PM webapp.storage.AbstractStorage save
INFO: &amp#27;[32mSave b038c16c-638e-4f23-a7cb-1b2d0f75ae3a(uuid4679)
сент. 19, 2025 6:42:49 PM webapp.storage.AbstractStorage save
INFO: &amp#27;[32mSave 36dd773a-e1a9-4945-b396-96ff557ec2e1(uuid4680)
сент. 19, 2025 6:42:49 PM webapp.storage.AbstractStorage save
INFO: &amp#27;[32mSave b7132f23-6218-4d91-9304-8481baaf4576(uuid4681)
сент. 19, 2025 6:42:49 PM webapp.storage.AbstractStorage save
INFO: &amp#27;[32mSave 30ce013f-535d-4818-9470-a3dfe48f5cd3(uuid4682)
сент. 19, 2025 6:42:49 PM webapp.storage.AbstractStorage save
INFO: &amp#27;[32mSave f990ae59-b1ae-4cdd-9e9e-73cbe478366d(uuid4683)
сент. 19, 2025 6:42:49 PM webapp.storage.AbstractStorage save
INFO: &amp#27;[32mSave 2c094cb7-2fa1-4a2d-a24a-c387ee13659f(uuid4684)
сент. 19, 2025 6:42:49 PM webapp.storage.AbstractStorage save
INFO: &amp#27;[32mSave 30cc1884-95da-44c8-b890-f62478a78a8e(uuid4685)
сент. 19, 2025 6:42:49 PM webapp.storage.AbstractStorage save
INFO: &amp#27;[32mSave 8fd36cee-839f-41e3-ba01-49cb40896eec(uuid4686)
сент. 19, 2025 6:42:49 PM webapp.storage.AbstractStorage save
INFO: &amp#27;[32mSave 3fb7df6a-f8f2-4284-9689-31d8cb0f4d9a(uuid4687)
сент. 19, 2025 6:42:49 PM webapp.storage.AbstractStorage save
INFO: &amp#27;[32mSave 909155cb-29b5-4fe8-9366-0ca2920b2da4(uuid4688)
сент. 19, 2025 6:42:49 PM webapp.storage.AbstractStorage save
INFO: &amp#27;[32mSave fb7d50e9-89ce-4d98-a0e8-91c33fb06462(uuid4689)
сент. 19, 2025 6:42:49 PM webapp.storage.AbstractStorage save
INFO: &amp#27;[32mSave 626a6c72-8241-47ad-80e8-79d20c6e9a1a(uuid4690)
сент. 19, 2025 6:42:49 PM webapp.storage.AbstractStorage save
INFO: &amp#27;[32mSave 4eb5a2da-8237-4c0c-81ae-31756e3309a5(uuid4691)
сент. 19, 2025 6:42:49 PM webapp.storage.AbstractStorage save
INFO: &amp#27;[32mSave 1042bcdf-3f80-4fc9-be02-32896b975028(uuid4692)
сент. 19, 2025 6:42:49 PM webapp.storage.AbstractStorage save
INFO: &amp#27;[32mSave c7ab8abe-3c5a-4e54-800e-c87ed3d75f8c(uuid4693)
сент. 19, 2025 6:42:49 PM webapp.storage.AbstractStorage save
INFO: &amp#27;[32mSave c4a8f5b2-11c4-4c5c-b3d5-e1a1bdd3315b(uuid4694)
сент. 19, 2025 6:42:49 PM webapp.storage.AbstractStorage save
INFO: &amp#27;[32mSave 985c0190-c4ae-442c-8344-e81005485ac6(uuid4695)
сент. 19, 2025 6:42:49 PM webapp.storage.AbstractStorage save
INFO: &amp#27;[32mSave d58a3090-6769-4129-9aa6-59f93d44083e(uuid4696)
сент. 19, 2025 6:42:49 PM webapp.storage.AbstractStorage save
INFO: &amp#27;[32mSave cedf73e6-6651-440a-9ff8-f4d80f77c288(uuid4697)
сент. 19, 2025 6:42:49 PM webapp.storage.AbstractStorage save
INFO: &amp#27;[32mSave ead1fa1a-666c-4d76-b762-467e237d9909(uuid4698)
сент. 19, 2025 6:42:49 PM webapp.storage.AbstractStorage save
INFO: &amp#27;[32mSave 3c23e198-084e-4e84-8434-831a42d81289(uuid4699)
сент. 19, 2025 6:42:49 PM webapp.storage.AbstractStorage save
INFO: &amp#27;[32mSave 99b58f81-3095-4b2c-ba1e-0dcfa1a6adc9(uuid4700)
сент. 19, 2025 6:42:49 PM webapp.storage.AbstractStorage save
INFO: &amp#27;[32mSave c0123181-99cd-4cb6-aa01-78d7baacc513(uuid4701)
сент. 19, 2025 6:42:49 PM webapp.storage.AbstractStorage save
INFO: &amp#27;[32mSave 32a5f491-c5fc-48e9-a310-18d51b161ccb(uuid4702)
сент. 19, 2025 6:42:49 PM webapp.storage.AbstractStorage save
INFO: &amp#27;[32mSave 14da3068-1293-4b1e-b5f6-2e0c82d57302(uuid4703)
сент. 19, 2025 6:42:49 PM webapp.storage.AbstractStorage save
INFO: &amp#27;[32mSave 280f52a1-8368-49ab-8a70-e3b27ef368f0(uuid4704)
сент. 19, 2025 6:42:49 PM webapp.storage.AbstractStorage save
INFO: &amp#27;[32mSave 2ceb1458-e994-4bfd-865a-b83bd459cde2(uuid4705)
сент. 19, 2025 6:42:49 PM webapp.storage.AbstractStorage save
INFO: &amp#27;[32mSave dd3698a9-d04b-4ddd-bb05-03b79abb7048(uuid4706)
сент. 19, 2025 6:42:49 PM webapp.storage.AbstractStorage save
INFO: &amp#27;[32mSave 15d16b5c-630c-4910-b935-591c92f1de42(uuid4707)
сент. 19, 2025 6:42:49 PM webapp.storage.AbstractStorage save
INFO: &amp#27;[32mSave f30a06c7-4cf2-4a3a-92de-ee5dbad091ad(uuid4708)
сент. 19, 2025 6:42:49 PM webapp.storage.AbstractStorage save
INFO: &amp#27;[32mSave 22e1cf6b-a310-4945-8a2b-2504dfe8c56c(uuid4709)
сент. 19, 2025 6:42:49 PM webapp.storage.AbstractStorage save
INFO: &amp#27;[32mSave 67385d42-f69d-4aaa-92b3-abeca03d3ad8(uuid4710)
сент. 19, 2025 6:42:49 PM webapp.storage.AbstractStorage save
INFO: &amp#27;[32mSave 29835927-dd56-4509-9157-24bdf6e85fd8(uuid4711)
сент. 19, 2025 6:42:49 PM webapp.storage.AbstractStorage save
INFO: &amp#27;[32mSave 57ad048d-21f6-4fd5-a274-30dcfe9c09cf(uuid4712)
сент. 19, 2025 6:42:49 PM webapp.storage.AbstractStorage save
INFO: &amp#27;[32mSave 4a7a4d26-abfd-4e0d-93ae-0109ffaaade7(uuid4713)
сент. 19, 2025 6:42:49 PM webapp.storage.AbstractStorage save
INFO: &amp#27;[32mSave 67e81a2f-2cfa-4561-a908-64322f414f42(uuid4714)
сент. 19, 2025 6:42:49 PM webapp.storage.AbstractStorage save
INFO: &amp#27;[32mSave 9920bb59-32b2-4978-be85-3c71f1a06b94(uuid4715)
сент. 19, 2025 6:42:49 PM webapp.storage.AbstractStorage save
INFO: &amp#27;[32mSave c6cf1efa-6f4b-4aee-930c-6224bac5b4c8(uuid4716)
сент. 19, 2025 6:42:49 PM webapp.storage.AbstractStorage save
INFO: &amp#27;[32mSave 047d4324-0946-4400-9087-16621476a08a(uuid4717)
сент. 19, 2025 6:42:49 PM webapp.storage.AbstractStorage save
INFO: &amp#27;[32mSave 253788f2-826c-4c4a-a1c1-d69af4eec0fc(uuid4718)
сент. 19, 2025 6:42:49 PM webapp.storage.AbstractStorage save
INFO: &amp#27;[32mSave 681c139f-53fa-4015-8197-1703e9cac2b5(uuid4719)
сент. 19, 2025 6:42:49 PM webapp.storage.AbstractStorage save
INFO: &amp#27;[32mSave 341b64df-cf2d-4bf1-8f90-4ee4b59401f2(uuid4720)
сент. 19, 2025 6:42:49 PM webapp.storage.AbstractStorage save
INFO: &amp#27;[32mSave cf8fd4d5-a6a4-4e94-a4b1-f9193202de0d(uuid4721)
сент. 19, 2025 6:42:49 PM webapp.storage.AbstractStorage save
INFO: &amp#27;[32mSave 01741e4f-276c-4a23-a376-a0b691535992(uuid4722)
сент. 19, 2025 6:42:49 PM webapp.storage.AbstractStorage save
INFO: &amp#27;[32mSave 88b7fc30-9caf-42e2-8921-b1cdee05c30b(uuid4723)
сент. 19, 2025 6:42:49 PM webapp.storage.AbstractStorage save
INFO: &amp#27;[32mSave cb3a6848-9b0f-4274-a752-cc329bb194ac(uuid4724)
сент. 19, 2025 6:42:49 PM webapp.storage.AbstractStorage save
INFO: &amp#27;[32mSave eb3cb4ea-7cc8-4a86-aa86-1e3ea75983fa(uuid4725)
сент. 19, 2025 6:42:49 PM webapp.storage.AbstractStorage save
INFO: &amp#27;[32mSave 116b596e-b0dd-4aa2-b6cb-2b4e97bba10f(uuid4726)
сент. 19, 2025 6:42:49 PM webapp.storage.AbstractStorage save
INFO: &amp#27;[32mSave 25616ebd-dee1-4781-bb6b-6e21c3d35a14(uuid4727)
сент. 19, 2025 6:42:49 PM webapp.storage.AbstractStorage save
INFO: &amp#27;[32mSave 6d25cfbb-51b9-43f5-9901-317e75f7f486(uuid4728)
сент. 19, 2025 6:42:49 PM webapp.storage.AbstractStorage save
INFO: &amp#27;[32mSave 9ac97bac-f3d4-4a7c-b9aa-0f0d416e1220(uuid4729)
сент. 19, 2025 6:42:49 PM webapp.storage.AbstractStorage save
INFO: &amp#27;[32mSave 6ad8270a-0fb1-407d-ad4c-08b34f439f8f(uuid4730)
сент. 19, 2025 6:42:49 PM webapp.storage.AbstractStorage save
INFO: &amp#27;[32mSave 983c6377-79b2-4446-a6af-ba46ba242edb(uuid4731)
сент. 19, 2025 6:42:49 PM webapp.storage.AbstractStorage save
INFO: &amp#27;[32mSave 98abc969-1944-41a4-b9e9-47e2239e6e9b(uuid4732)
сент. 19, 2025 6:42:49 PM webapp.storage.AbstractStorage save
INFO: &amp#27;[32mSave 96dabfad-7137-49aa-921c-7d13e38dbd16(uuid4733)
сент. 19, 2025 6:42:49 PM webapp.storage.AbstractStorage save
INFO: &amp#27;[32mSave 5c061e16-3b34-468f-8c9b-18db231ae0e6(uuid4734)
сент. 19, 2025 6:42:49 PM webapp.storage.AbstractStorage save
INFO: &amp#27;[32mSave 1092f4d1-549f-4809-b517-6c7a4f6358a4(uuid4735)
сент. 19, 2025 6:42:49 PM webapp.storage.AbstractStorage save
INFO: &amp#27;[32mSave 0ffc0c5b-ede4-4bfe-b715-10008c701d22(uuid4736)
сент. 19, 2025 6:42:49 PM webapp.storage.AbstractStorage save
INFO: &amp#27;[32mSave 05e783e6-45d1-420b-ad0f-f6da46e086de(uuid4737)
сент. 19, 2025 6:42:49 PM webapp.storage.AbstractStorage save
INFO: &amp#27;[32mSave 3779d674-e00b-4948-8a84-d5cad38c9e90(uuid4738)
сент. 19, 2025 6:42:49 PM webapp.storage.AbstractStorage save
INFO: &amp#27;[32mSave 47f4c1c6-8bae-47af-9a5d-96fe8372c6a8(uuid4739)
сент. 19, 2025 6:42:49 PM webapp.storage.AbstractStorage save
INFO: &amp#27;[32mSave 81e108c9-56a3-4782-b6f4-0674b2d2a0c8(uuid4740)
сент. 19, 2025 6:42:49 PM webapp.storage.AbstractStorage save
INFO: &amp#27;[32mSave a434da94-ca77-484b-b761-c8034295bb53(uuid4741)
сент. 19, 2025 6:42:49 PM webapp.storage.AbstractStorage save
INFO: &amp#27;[32mSave 1dd86474-bbdd-4eec-beff-57244f887f80(uuid4742)
сент. 19, 2025 6:42:49 PM webapp.storage.AbstractStorage save
INFO: &amp#27;[32mSave 5d012800-6213-404c-b573-f388ef660a38(uuid4743)
сент. 19, 2025 6:42:49 PM webapp.storage.AbstractStorage save
INFO: &amp#27;[32mSave b352ec89-ae0d-4e79-80c3-e83027974c8a(uuid4744)
сент. 19, 2025 6:42:49 PM webapp.storage.AbstractStorage save
INFO: &amp#27;[32mSave d31c1561-436d-4274-ac1d-2f1f261c4691(uuid4745)
сент. 19, 2025 6:42:49 PM webapp.storage.AbstractStorage save
INFO: &amp#27;[32mSave bd8934bd-c039-4ac1-b7fc-df34ba113d8a(uuid4746)
сент. 19, 2025 6:42:49 PM webapp.storage.AbstractStorage save
INFO: &amp#27;[32mSave 060677bc-5cd1-4238-820a-b651d11e1f1a(uuid4747)
сент. 19, 2025 6:42:49 PM webapp.storage.AbstractStorage save
INFO: &amp#27;[32mSave 90910403-15f3-4eb9-8cdc-05ab08e11d62(uuid4748)
сент. 19, 2025 6:42:49 PM webapp.storage.AbstractStorage save
INFO: &amp#27;[32mSave 543c56f3-ddeb-42a3-8cc6-de80b010e27e(uuid4749)
сент. 19, 2025 6:42:49 PM webapp.storage.AbstractStorage save
INFO: &amp#27;[32mSave 20636dbe-3c65-4147-a46a-719c00af6314(uuid4750)
сент. 19, 2025 6:42:49 PM webapp.storage.AbstractStorage save
INFO: &amp#27;[32mSave 556e9e88-794b-4c5f-be42-9bf9f953039d(uuid4751)
сент. 19, 2025 6:42:49 PM webapp.storage.AbstractStorage save
INFO: &amp#27;[32mSave 48d564e2-5b1e-4502-990f-d8ebfdef2e8b(uuid4752)
сент. 19, 2025 6:42:49 PM webapp.storage.AbstractStorage save
INFO: &amp#27;[32mSave 1c16aa01-e12e-44e7-96c5-2b90741eebca(uuid4753)
сент. 19, 2025 6:42:49 PM webapp.storage.AbstractStorage save
INFO: &amp#27;[32mSave 01bae7dd-dfe2-4df9-a238-79b1810a8610(uuid4754)
сент. 19, 2025 6:42:49 PM webapp.storage.AbstractStorage save
INFO: &amp#27;[32mSave 4e563bf7-39f0-48d6-9751-f3ba9fba56d1(uuid4755)
сент. 19, 2025 6:42:49 PM webapp.storage.AbstractStorage save
INFO: &amp#27;[32mSave 9d74c00a-9b67-40cb-a861-2cc4db9274a8(uuid4756)
сент. 19, 2025 6:42:49 PM webapp.storage.AbstractStorage save
INFO: &amp#27;[32mSave 876946af-7368-4283-aee4-8f59530ba615(uuid4757)
сент. 19, 2025 6:42:49 PM webapp.storage.AbstractStorage save
INFO: &amp#27;[32mSave 2a9ef5fa-75b8-4670-b329-767921c7c551(uuid4758)
сент. 19, 2025 6:42:49 PM webapp.storage.AbstractStorage save
INFO: &amp#27;[32mSave 76b5eb47-599b-4886-9912-7b7b38cdd8a7(uuid4759)
сент. 19, 2025 6:42:49 PM webapp.storage.AbstractStorage save
INFO: &amp#27;[32mSave fe85eece-cb42-4877-b041-c5d141c2e517(uuid4760)
сент. 19, 2025 6:42:49 PM webapp.storage.AbstractStorage save
INFO: &amp#27;[32mSave 47e24076-5fc8-42f0-aad2-2d2b23595ff4(uuid4761)
сент. 19, 2025 6:42:49 PM webapp.storage.AbstractStorage save
INFO: &amp#27;[32mSave 838dbc1f-ef6c-443a-9d52-72a886f32451(uuid4762)
сент. 19, 2025 6:42:49 PM webapp.storage.AbstractStorage save
INFO: &amp#27;[32mSave af225886-f5a6-424c-93a9-5691f1de6610(uuid4763)
сент. 19, 2025 6:42:49 PM webapp.storage.AbstractStorage save
INFO: &amp#27;[32mSave 92d5385a-553a-4de7-8679-73b001de1b41(uuid4764)
сент. 19, 2025 6:42:49 PM webapp.storage.AbstractStorage save
INFO: &amp#27;[32mSave eaecebf1-bacf-4b03-aa1a-8f1ca28e10e0(uuid4765)
сент. 19, 2025 6:42:49 PM webapp.storage.AbstractStorage save
INFO: &amp#27;[32mSave faff3d4f-18e5-40f5-9bf0-4d9921e447e8(uuid4766)
сент. 19, 2025 6:42:49 PM webapp.storage.AbstractStorage save
INFO: &amp#27;[32mSave 1b7e902d-80aa-4d3f-844a-ea721635b066(uuid4767)
сент. 19, 2025 6:42:49 PM webapp.storage.AbstractStorage save
INFO: &amp#27;[32mSave 48d06144-9748-43ea-b925-f82971f00b4f(uuid4768)
сент. 19, 2025 6:42:49 PM webapp.storage.AbstractStorage save
INFO: &amp#27;[32mSave 07593346-541c-4630-a180-30c532b22bf6(uuid4769)
сент. 19, 2025 6:42:49 PM webapp.storage.AbstractStorage save
INFO: &amp#27;[32mSave f395ce35-61e9-47c2-a726-cd1ba31e70f9(uuid4770)
сент. 19, 2025 6:42:49 PM webapp.storage.AbstractStorage save
INFO: &amp#27;[32mSave 7215f539-6495-44cf-9221-651741bfc349(uuid4771)
сент. 19, 2025 6:42:49 PM webapp.storage.AbstractStorage save
INFO: &amp#27;[32mSave 037b3679-c3e6-4042-964d-65604dcaaead(uuid4772)
сент. 19, 2025 6:42:49 PM webapp.storage.AbstractStorage save
INFO: &amp#27;[32mSave 02a271cf-122b-415d-85f4-9c99c8063ec3(uuid4773)
сент. 19, 2025 6:42:49 PM webapp.storage.AbstractStorage save
INFO: &amp#27;[32mSave f9d6319e-f0d8-4ada-a7ce-36ffbaf1d8bf(uuid4774)
сент. 19, 2025 6:42:49 PM webapp.storage.AbstractStorage save
INFO: &amp#27;[32mSave 987b0fb7-d016-4f5a-b31d-ed400259991a(uuid4775)
сент. 19, 2025 6:42:49 PM webapp.storage.AbstractStorage save
INFO: &amp#27;[32mSave dd02ee65-1468-4a8b-a2c5-6af579cd7b1c(uuid4776)
сент. 19, 2025 6:42:49 PM webapp.storage.AbstractStorage save
INFO: &amp#27;[32mSave 2c5c921d-dad8-4d13-a839-891acb7a818c(uuid4777)
сент. 19, 2025 6:42:49 PM webapp.storage.AbstractStorage save
INFO: &amp#27;[32mSave 7b664919-12f2-4ea6-8a1d-4e0b90a0542e(uuid4778)
сент. 19, 2025 6:42:49 PM webapp.storage.AbstractStorage save
INFO: &amp#27;[32mSave 6fc2f31c-67aa-4512-8079-9d102aa1cd8c(uuid4779)
сент. 19, 2025 6:42:49 PM webapp.storage.AbstractStorage save
INFO: &amp#27;[32mSave 6ef09575-9b97-4c48-bc40-41ef01df9e5e(uuid4780)
сент. 19, 2025 6:42:49 PM webapp.storage.AbstractStorage save
INFO: &amp#27;[32mSave cea64682-ca91-4d41-b04c-79cd5bd5c521(uuid4781)
сент. 19, 2025 6:42:49 PM webapp.storage.AbstractStorage save
INFO: &amp#27;[32mSave a389808e-6da1-4f79-a51e-0123778558f7(uuid4782)
сент. 19, 2025 6:42:49 PM webapp.storage.AbstractStorage save
INFO: &amp#27;[32mSave db5d0c36-3730-4e8c-9424-67cca38cd66e(uuid4783)
сент. 19, 2025 6:42:49 PM webapp.storage.AbstractStorage save
INFO: &amp#27;[32mSave 98dbf044-ec20-4edb-be77-4a0180fc8a07(uuid4784)
сент. 19, 2025 6:42:49 PM webapp.storage.AbstractStorage save
INFO: &amp#27;[32mSave 333cf164-9d61-4ff3-91f1-3ea5b66713a0(uuid4785)
сент. 19, 2025 6:42:49 PM webapp.storage.AbstractStorage save
INFO: &amp#27;[32mSave e309c46d-9bbf-4987-b418-a92090d65d7f(uuid4786)
сент. 19, 2025 6:42:49 PM webapp.storage.AbstractStorage save
INFO: &amp#27;[32mSave 2b2a5fe9-2835-4e40-8d10-73d838fba6fa(uuid4787)
сент. 19, 2025 6:42:49 PM webapp.storage.AbstractStorage save
INFO: &amp#27;[32mSave 270582a6-3ab0-4bc5-868f-e7c05d289141(uuid4788)
сент. 19, 2025 6:42:49 PM webapp.storage.AbstractStorage save
INFO: &amp#27;[32mSave 3e670ff1-2380-4a84-b15a-c6ce2a55ca48(uuid4789)
сент. 19, 2025 6:42:49 PM webapp.storage.AbstractStorage save
INFO: &amp#27;[32mSave e01b54e1-75a9-44a9-a307-c9d6c920726b(uuid4790)
сент. 19, 2025 6:42:49 PM webapp.storage.AbstractStorage save
INFO: &amp#27;[32mSave ed0090d1-ec14-47cd-b216-db58dedc8e60(uuid4791)
сент. 19, 2025 6:42:49 PM webapp.storage.AbstractStorage save
INFO: &amp#27;[32mSave b961dfae-dde8-4f37-87a7-90868c132209(uuid4792)
сент. 19, 2025 6:42:49 PM webapp.storage.AbstractStorage save
INFO: &amp#27;[32mSave 7a18344e-0ef4-41e8-aeb8-b399ba16f441(uuid4793)
сент. 19, 2025 6:42:49 PM webapp.storage.AbstractStorage save
INFO: &amp#27;[32mSave 0dce94cc-9838-4e2c-b5cc-e0a609eda8db(uuid4794)
сент. 19, 2025 6:42:49 PM webapp.storage.AbstractStorage save
INFO: &amp#27;[32mSave 8ee3b2a2-6a49-42cf-86e1-b3875601bcb3(uuid4795)
сент. 19, 2025 6:42:49 PM webapp.storage.AbstractStorage save
INFO: &amp#27;[32mSave a2e2b2f7-6691-4998-bbb3-995c3d87113a(uuid4796)
сент. 19, 2025 6:42:49 PM webapp.storage.AbstractStorage save
INFO: &amp#27;[32mSave 52c69bb7-521e-4906-8946-927548ef3e49(uuid4797)
сент. 19, 2025 6:42:49 PM webapp.storage.AbstractStorage save
INFO: &amp#27;[32mSave 70df9b5e-ea9f-4fe7-869e-b65dbb76d88f(uuid4798)
сент. 19, 2025 6:42:49 PM webapp.storage.AbstractStorage save
INFO: &amp#27;[32mSave 31f72296-d383-4676-b1ca-b04a1a60dbbd(uuid4799)
сент. 19, 2025 6:42:49 PM webapp.storage.AbstractStorage save
INFO: &amp#27;[32mSave d7379b58-86b4-4f24-bffe-a99cb34a3fa8(uuid4800)
сент. 19, 2025 6:42:49 PM webapp.storage.AbstractStorage save
INFO: &amp#27;[32mSave df0b65de-cc5e-4d26-bbbf-2a2a2e020f5b(uuid4801)
сент. 19, 2025 6:42:49 PM webapp.storage.AbstractStorage save
INFO: &amp#27;[32mSave f2f42b84-6ce9-4f3e-8671-6408d9e7ff0b(uuid4802)
сент. 19, 2025 6:42:49 PM webapp.storage.AbstractStorage save
INFO: &amp#27;[32mSave ea4cf70f-8bb6-458f-861a-2fd7d18117ae(uuid4803)
сент. 19, 2025 6:42:49 PM webapp.storage.AbstractStorage save
INFO: &amp#27;[32mSave 75e54b2a-036b-4480-b044-41e7c86c5902(uuid4804)
сент. 19, 2025 6:42:49 PM webapp.storage.AbstractStorage save
INFO: &amp#27;[32mSave 21938de3-dc90-439d-9082-131cb5dde7f3(uuid4805)
сент. 19, 2025 6:42:49 PM webapp.storage.AbstractStorage save
INFO: &amp#27;[32mSave c6985a92-91f7-4915-9c64-9de3755c213f(uuid4806)
сент. 19, 2025 6:42:49 PM webapp.storage.AbstractStorage save
INFO: &amp#27;[32mSave a8d7ecb7-2ef6-49f9-a4fd-6938b409fcff(uuid4807)
сент. 19, 2025 6:42:49 PM webapp.storage.AbstractStorage save
INFO: &amp#27;[32mSave 1edd58ca-1d74-4262-96b2-a27d3b3a268d(uuid4808)
сент. 19, 2025 6:42:49 PM webapp.storage.AbstractStorage save
INFO: &amp#27;[32mSave a236e773-b0c5-4cf8-9e9e-cb7a441f4e3a(uuid4809)
сент. 19, 2025 6:42:49 PM webapp.storage.AbstractStorage save
INFO: &amp#27;[32mSave ead467be-b863-465e-bd61-1a80a5ef0463(uuid4810)
сент. 19, 2025 6:42:49 PM webapp.storage.AbstractStorage save
INFO: &amp#27;[32mSave 029c2d29-c0fb-4e9e-961e-6adb902971e7(uuid4811)
сент. 19, 2025 6:42:49 PM webapp.storage.AbstractStorage save
INFO: &amp#27;[32mSave fdfd4adc-e23f-4326-bd53-bd7395892284(uuid4812)
сент. 19, 2025 6:42:49 PM webapp.storage.AbstractStorage save
INFO: &amp#27;[32mSave 1b1dd680-c7d8-4a94-8883-3b0bb75576f5(uuid4813)
сент. 19, 2025 6:42:49 PM webapp.storage.AbstractStorage save
INFO: &amp#27;[32mSave 26dee99e-f264-4642-b7e0-4222abdb6582(uuid4814)
сент. 19, 2025 6:42:49 PM webapp.storage.AbstractStorage save
INFO: &amp#27;[32mSave 8105412d-23b9-4418-a50d-05747ae95d4a(uuid4815)
сент. 19, 2025 6:42:49 PM webapp.storage.AbstractStorage save
INFO: &amp#27;[32mSave 68e0924c-a99b-4d32-8dea-58882b5297fe(uuid4816)
сент. 19, 2025 6:42:49 PM webapp.storage.AbstractStorage save
INFO: &amp#27;[32mSave b677dc74-6baf-405f-b4f5-27531b0eb4a9(uuid4817)
сент. 19, 2025 6:42:49 PM webapp.storage.AbstractStorage save
INFO: &amp#27;[32mSave 47aa8289-2cd2-4a97-9cae-9db46569bab7(uuid4818)
сент. 19, 2025 6:42:49 PM webapp.storage.AbstractStorage save
INFO: &amp#27;[32mSave d6e10acd-7800-406a-8b7c-767d2e107753(uuid4819)
сент. 19, 2025 6:42:49 PM webapp.storage.AbstractStorage save
INFO: &amp#27;[32mSave 5992d6f9-05f9-4136-8f24-76ad64a1e126(uuid4820)
сент. 19, 2025 6:42:49 PM webapp.storage.AbstractStorage save
INFO: &amp#27;[32mSave 2e014ba5-d137-4683-9ba7-81fe377e5144(uuid4821)
сент. 19, 2025 6:42:49 PM webapp.storage.AbstractStorage save
INFO: &amp#27;[32mSave 7e0d4d25-dcfb-440c-8e6d-d0ca38f9ff76(uuid4822)
сент. 19, 2025 6:42:49 PM webapp.storage.AbstractStorage save
INFO: &amp#27;[32mSave f985b694-5e36-4821-a021-7619c03ec9db(uuid4823)
сент. 19, 2025 6:42:49 PM webapp.storage.AbstractStorage save
INFO: &amp#27;[32mSave 179b19bc-2d17-4e99-be3d-a6f77c46f446(uuid4824)
сент. 19, 2025 6:42:49 PM webapp.storage.AbstractStorage save
INFO: &amp#27;[32mSave 1c7914ba-40c3-49ed-a0ed-688056ebec4b(uuid4825)
сент. 19, 2025 6:42:49 PM webapp.storage.AbstractStorage save
INFO: &amp#27;[32mSave 97fdd400-5db3-4414-a63f-1599a689ae26(uuid4826)
сент. 19, 2025 6:42:49 PM webapp.storage.AbstractStorage save
INFO: &amp#27;[32mSave 8f627a4c-23bd-43af-8aa3-797b4ea5b4b9(uuid4827)
сент. 19, 2025 6:42:49 PM webapp.storage.AbstractStorage save
INFO: &amp#27;[32mSave cfac01af-54a1-4b8d-9c3a-d12539d562bd(uuid4828)
сент. 19, 2025 6:42:49 PM webapp.storage.AbstractStorage save
INFO: &amp#27;[32mSave 9e485ce6-310e-4bc8-b54d-8fd6fd3fd057(uuid4829)
сент. 19, 2025 6:42:49 PM webapp.storage.AbstractStorage save
INFO: &amp#27;[32mSave 91f42067-0828-4e8c-b3da-4ed0db27c3f3(uuid4830)
сент. 19, 2025 6:42:49 PM webapp.storage.AbstractStorage save
INFO: &amp#27;[32mSave d5959f51-826f-4d9f-886e-dc42a444f5fe(uuid4831)
сент. 19, 2025 6:42:49 PM webapp.storage.AbstractStorage save
INFO: &amp#27;[32mSave 9458a20f-03bb-4e59-b074-bba1b0dcba43(uuid4832)
сент. 19, 2025 6:42:49 PM webapp.storage.AbstractStorage save
INFO: &amp#27;[32mSave d6ccf9ef-1bae-473d-bf23-8df36a117eca(uuid4833)
сент. 19, 2025 6:42:49 PM webapp.storage.AbstractStorage save
INFO: &amp#27;[32mSave 0dbadcac-e718-48b7-a496-9496260428bc(uuid4834)
сент. 19, 2025 6:42:49 PM webapp.storage.AbstractStorage save
INFO: &amp#27;[32mSave 4612c2b6-3fd5-47cc-b769-c43919bd87a8(uuid4835)
сент. 19, 2025 6:42:49 PM webapp.storage.AbstractStorage save
INFO: &amp#27;[32mSave a3113284-53fc-4f98-b389-d4affa2bb114(uuid4836)
сент. 19, 2025 6:42:49 PM webapp.storage.AbstractStorage save
INFO: &amp#27;[32mSave 227ef80c-9ab0-42b8-97f7-6384c422aa39(uuid4837)
сент. 19, 2025 6:42:49 PM webapp.storage.AbstractStorage save
INFO: &amp#27;[32mSave fc401cfc-43a6-4cb8-869b-a98b9578e217(uuid4838)
сент. 19, 2025 6:42:49 PM webapp.storage.AbstractStorage save
INFO: &amp#27;[32mSave ef843f21-cb05-42ae-acaa-cb0183651a77(uuid4839)
сент. 19, 2025 6:42:49 PM webapp.storage.AbstractStorage save
INFO: &amp#27;[32mSave 82bb33b2-6588-4127-9bad-9f1f72a36a68(uuid4840)
сент. 19, 2025 6:42:49 PM webapp.storage.AbstractStorage save
INFO: &amp#27;[32mSave f027d2dc-4987-44db-b389-c125faa00803(uuid4841)
сент. 19, 2025 6:42:49 PM webapp.storage.AbstractStorage save
INFO: &amp#27;[32mSave 9021908d-4be1-4591-806e-15b46afcb76c(uuid4842)
сент. 19, 2025 6:42:49 PM webapp.storage.AbstractStorage save
INFO: &amp#27;[32mSave 6800afe0-e4a2-4635-9831-662fd4748459(uuid4843)
сент. 19, 2025 6:42:49 PM webapp.storage.AbstractStorage save
INFO: &amp#27;[32mSave e47fea8e-ed2b-439f-b8f9-ce24bddd70ac(uuid4844)
сент. 19, 2025 6:42:49 PM webapp.storage.AbstractStorage save
INFO: &amp#27;[32mSave 547c169d-017b-4dc2-969f-19ef260a29be(uuid4845)
сент. 19, 2025 6:42:49 PM webapp.storage.AbstractStorage save
INFO: &amp#27;[32mSave 6a1dc69d-fb88-4ae8-bdfe-dce5b511b4f7(uuid4846)
сент. 19, 2025 6:42:49 PM webapp.storage.AbstractStorage save
INFO: &amp#27;[32mSave 6fee536e-c873-4ec3-be41-d6a7ee8c986d(uuid4847)
сент. 19, 2025 6:42:49 PM webapp.storage.AbstractStorage save
INFO: &amp#27;[32mSave 9edd922d-a59c-414b-9c59-afd2c00d980b(uuid4848)
сент. 19, 2025 6:42:49 PM webapp.storage.AbstractStorage save
INFO: &amp#27;[32mSave 944e91fd-da5c-4950-b4fd-9db9dfc71754(uuid4849)
сент. 19, 2025 6:42:49 PM webapp.storage.AbstractStorage save
INFO: &amp#27;[32mSave 6c1569b6-00eb-41b9-9917-20eb36efb877(uuid4850)
сент. 19, 2025 6:42:49 PM webapp.storage.AbstractStorage save
INFO: &amp#27;[32mSave bba5e5b4-5c9d-4034-a4e3-fcf8f43fd2e7(uuid4851)
сент. 19, 2025 6:42:49 PM webapp.storage.AbstractStorage save
INFO: &amp#27;[32mSave a9dd3991-830c-49f4-b746-fbb762fe4545(uuid4852)
сент. 19, 2025 6:42:49 PM webapp.storage.AbstractStorage save
INFO: &amp#27;[32mSave 85c6cd1e-ea9a-4a34-8ff4-baec7934cce8(uuid4853)
сент. 19, 2025 6:42:49 PM webapp.storage.AbstractStorage save
INFO: &amp#27;[32mSave 060952ef-f499-4a25-a1a2-76edccde6463(uuid4854)
сент. 19, 2025 6:42:49 PM webapp.storage.AbstractStorage save
INFO: &amp#27;[32mSave 91af9234-152b-4be1-90d4-fedbf1d1fa2b(uuid4855)
сент. 19, 2025 6:42:49 PM webapp.storage.AbstractStorage save
INFO: &amp#27;[32mSave c198315c-73fa-47af-83af-cef5d51025b6(uuid4856)
сент. 19, 2025 6:42:49 PM webapp.storage.AbstractStorage save
INFO: &amp#27;[32mSave 20fb2d39-7f74-4348-adef-c87f9dec651e(uuid4857)
сент. 19, 2025 6:42:49 PM webapp.storage.AbstractStorage save
INFO: &amp#27;[32mSave 9bcce62f-2524-4f4d-8c86-52195b3fa9cd(uuid4858)
сент. 19, 2025 6:42:49 PM webapp.storage.AbstractStorage save
INFO: &amp#27;[32mSave ac39a0b5-6ca4-4ac7-9ebd-9a1e3e3936ed(uuid4859)
сент. 19, 2025 6:42:49 PM webapp.storage.AbstractStorage save
INFO: &amp#27;[32mSave 44603928-7dc2-45d0-a2d7-7d1794b0a822(uuid4860)
сент. 19, 2025 6:42:49 PM webapp.storage.AbstractStorage save
INFO: &amp#27;[32mSave ef24772e-72eb-4a22-bb83-9e989f3e5bb5(uuid4861)
сент. 19, 2025 6:42:49 PM webapp.storage.AbstractStorage save
INFO: &amp#27;[32mSave d14e2e00-e9d8-4aa1-b8e4-f822fe887f8a(uuid4862)
сент. 19, 2025 6:42:49 PM webapp.storage.AbstractStorage save
INFO: &amp#27;[32mSave bbe69be4-f587-4acc-9cd1-a5cfbc781968(uuid4863)
сент. 19, 2025 6:42:49 PM webapp.storage.AbstractStorage save
INFO: &amp#27;[32mSave 22248fd2-e3f0-4417-afcf-8f9edbb775d7(uuid4864)
сент. 19, 2025 6:42:49 PM webapp.storage.AbstractStorage save
INFO: &amp#27;[32mSave 3d0c8adc-9d90-4620-8791-73dea3a56237(uuid4865)
сент. 19, 2025 6:42:49 PM webapp.storage.AbstractStorage save
INFO: &amp#27;[32mSave 97ec1991-24de-4656-b787-a7e0961ced80(uuid4866)
сент. 19, 2025 6:42:49 PM webapp.storage.AbstractStorage save
INFO: &amp#27;[32mSave 6627701c-7261-4796-8cdf-be059d9ecdc3(uuid4867)
сент. 19, 2025 6:42:49 PM webapp.storage.AbstractStorage save
INFO: &amp#27;[32mSave a2c6b477-d6f5-4328-890d-55163a2802a3(uuid4868)
сент. 19, 2025 6:42:49 PM webapp.storage.AbstractStorage save
INFO: &amp#27;[32mSave ca359e60-b3ea-4087-8246-0410445fb3dc(uuid4869)
сент. 19, 2025 6:42:49 PM webapp.storage.AbstractStorage save
INFO: &amp#27;[32mSave ff52ce56-e969-43e1-a331-f69dffacad16(uuid4870)
сент. 19, 2025 6:42:49 PM webapp.storage.AbstractStorage save
INFO: &amp#27;[32mSave 77a1fc45-e7b0-4e83-b038-aa62327a44cb(uuid4871)
сент. 19, 2025 6:42:49 PM webapp.storage.AbstractStorage save
INFO: &amp#27;[32mSave 4d395ced-2607-4714-a7f4-f3304c6da823(uuid4872)
сент. 19, 2025 6:42:49 PM webapp.storage.AbstractStorage save
INFO: &amp#27;[32mSave fe0501d4-b50f-494a-8c47-f2779fb871da(uuid4873)
сент. 19, 2025 6:42:49 PM webapp.storage.AbstractStorage save
INFO: &amp#27;[32mSave 442ce94a-e2ee-415d-9dd8-88f5621b0011(uuid4874)
сент. 19, 2025 6:42:49 PM webapp.storage.AbstractStorage save
INFO: &amp#27;[32mSave 69152c8b-da0d-4fe2-86fc-1daafa3bf539(uuid4875)
сент. 19, 2025 6:42:49 PM webapp.storage.AbstractStorage save
INFO: &amp#27;[32mSave 0fd88898-85ad-481f-80fa-07be9b57302f(uuid4876)
сент. 19, 2025 6:42:49 PM webapp.storage.AbstractStorage save
INFO: &amp#27;[32mSave a330f137-0e63-4cdb-8f25-0e2b3bdc32f4(uuid4877)
сент. 19, 2025 6:42:49 PM webapp.storage.AbstractStorage save
INFO: &amp#27;[32mSave 28de93ce-94e0-4b66-bd8e-4aae1a6f35e7(uuid4878)
сент. 19, 2025 6:42:49 PM webapp.storage.AbstractStorage save
INFO: &amp#27;[32mSave 904dff63-62aa-4c28-80b6-b45949b6bdcc(uuid4879)
сент. 19, 2025 6:42:49 PM webapp.storage.AbstractStorage save
INFO: &amp#27;[32mSave 94bf48f5-0d88-460c-af3b-81db2d266850(uuid4880)
сент. 19, 2025 6:42:49 PM webapp.storage.AbstractStorage save
INFO: &amp#27;[32mSave 3e58f627-13e0-4755-bf44-39d66dd19513(uuid4881)
сент. 19, 2025 6:42:49 PM webapp.storage.AbstractStorage save
INFO: &amp#27;[32mSave bca2033c-1998-41b3-b185-64ecdb20ab67(uuid4882)
сент. 19, 2025 6:42:49 PM webapp.storage.AbstractStorage save
INFO: &amp#27;[32mSave 76ca1948-fbca-4ee8-9201-5861152ee46a(uuid4883)
сент. 19, 2025 6:42:49 PM webapp.storage.AbstractStorage save
INFO: &amp#27;[32mSave 88b4f01a-a3c8-4caf-bbe1-2522606d6c14(uuid4884)
сент. 19, 2025 6:42:49 PM webapp.storage.AbstractStorage save
INFO: &amp#27;[32mSave 182cedf1-d844-497f-9562-c9dd5bd9ed87(uuid4885)
сент. 19, 2025 6:42:49 PM webapp.storage.AbstractStorage save
INFO: &amp#27;[32mSave 3cb0dd4d-1fba-49f7-815a-01ad51052458(uuid4886)
сент. 19, 2025 6:42:49 PM webapp.storage.AbstractStorage save
INFO: &amp#27;[32mSave 66c6d9df-3d98-44d8-9b4d-963b5fa35255(uuid4887)
сент. 19, 2025 6:42:49 PM webapp.storage.AbstractStorage save
INFO: &amp#27;[32mSave 507f81ec-378c-44b2-b122-b2086ab545a9(uuid4888)
сент. 19, 2025 6:42:49 PM webapp.storage.AbstractStorage save
INFO: &amp#27;[32mSave f2c1a442-2432-40da-ad1c-d27d939aad5c(uuid4889)
сент. 19, 2025 6:42:49 PM webapp.storage.AbstractStorage save
INFO: &amp#27;[32mSave 716369f4-aa69-44bf-b02e-4f9a907f4e40(uuid4890)
сент. 19, 2025 6:42:49 PM webapp.storage.AbstractStorage save
INFO: &amp#27;[32mSave 7e817aa6-4230-42f4-bf6c-deab561b22b0(uuid4891)
сент. 19, 2025 6:42:49 PM webapp.storage.AbstractStorage save
INFO: &amp#27;[32mSave e7ece195-f32d-4de4-9f34-5725b992945a(uuid4892)
сент. 19, 2025 6:42:49 PM webapp.storage.AbstractStorage save
INFO: &amp#27;[32mSave 725711f4-925c-4460-960f-b860883fbe8b(uuid4893)
сент. 19, 2025 6:42:49 PM webapp.storage.AbstractStorage save
INFO: &amp#27;[32mSave 97f4d613-4ddc-4429-b15d-0fae89068e21(uuid4894)
сент. 19, 2025 6:42:49 PM webapp.storage.AbstractStorage save
INFO: &amp#27;[32mSave 3e7c6acb-e1c0-49af-8837-9b3726fd5c36(uuid4895)
сент. 19, 2025 6:42:49 PM webapp.storage.AbstractStorage save
INFO: &amp#27;[32mSave 8b7dd30f-7c98-4d3c-9c8a-6b89bf062f00(uuid4896)
сент. 19, 2025 6:42:49 PM webapp.storage.AbstractStorage save
INFO: &amp#27;[32mSave f80b3925-47e5-4110-b1b5-004535d7f778(uuid4897)
сент. 19, 2025 6:42:49 PM webapp.storage.AbstractStorage save
INFO: &amp#27;[32mSave 55cbdfc7-70c5-45ce-a287-dbeb6d176cae(uuid4898)
сент. 19, 2025 6:42:49 PM webapp.storage.AbstractStorage save
INFO: &amp#27;[32mSave e29d9c10-c26d-46ef-b9df-1c75bad10149(uuid4899)
сент. 19, 2025 6:42:49 PM webapp.storage.AbstractStorage save
INFO: &amp#27;[32mSave 2a1d723c-256a-4a99-b057-80957333bc47(uuid4900)
сент. 19, 2025 6:42:49 PM webapp.storage.AbstractStorage save
INFO: &amp#27;[32mSave 929d42a3-0554-4333-9906-91c57779f343(uuid4901)
сент. 19, 2025 6:42:49 PM webapp.storage.AbstractStorage save
INFO: &amp#27;[32mSave 6dbd9fa8-9adf-447d-9498-0595e065370f(uuid4902)
сент. 19, 2025 6:42:49 PM webapp.storage.AbstractStorage save
INFO: &amp#27;[32mSave d7782751-8229-4d20-84a9-33bd728354df(uuid4903)
сент. 19, 2025 6:42:49 PM webapp.storage.AbstractStorage save
INFO: &amp#27;[32mSave 9df758db-a39d-4cc0-8ee4-56cdba345039(uuid4904)
сент. 19, 2025 6:42:49 PM webapp.storage.AbstractStorage save
INFO: &amp#27;[32mSave b6154e10-00bf-47d3-b23a-5972f8a76771(uuid4905)
сент. 19, 2025 6:42:49 PM webapp.storage.AbstractStorage save
INFO: &amp#27;[32mSave ff6d8341-f0c2-4fa8-9deb-70eeb8146139(uuid4906)
сент. 19, 2025 6:42:49 PM webapp.storage.AbstractStorage save
INFO: &amp#27;[32mSave c7f3715c-8634-4a37-8c0b-003305171aca(uuid4907)
сент. 19, 2025 6:42:49 PM webapp.storage.AbstractStorage save
INFO: &amp#27;[32mSave fdfc7662-8d7d-4448-98a2-202d3e77120f(uuid4908)
сент. 19, 2025 6:42:49 PM webapp.storage.AbstractStorage save
INFO: &amp#27;[32mSave 50f57eb5-3d7c-4ff8-bf5b-4789907f9d76(uuid4909)
сент. 19, 2025 6:42:49 PM webapp.storage.AbstractStorage save
INFO: &amp#27;[32mSave 1a2368de-bc52-4369-81fe-3b37ab2dfcbd(uuid4910)
сент. 19, 2025 6:42:49 PM webapp.storage.AbstractStorage save
INFO: &amp#27;[32mSave fc7f0966-2e37-4d00-ad89-728aafce100a(uuid4911)
сент. 19, 2025 6:42:49 PM webapp.storage.AbstractStorage save
INFO: &amp#27;[32mSave 542462d7-7b1b-449d-ae55-e028a816a466(uuid4912)
сент. 19, 2025 6:42:49 PM webapp.storage.AbstractStorage save
INFO: &amp#27;[32mSave 9cf3d3b4-5d02-4840-8802-dd6cfa94cf38(uuid4913)
сент. 19, 2025 6:42:49 PM webapp.storage.AbstractStorage save
INFO: &amp#27;[32mSave 3d7adb7a-6a6e-4b77-8d5a-654846b50712(uuid4914)
сент. 19, 2025 6:42:49 PM webapp.storage.AbstractStorage save
INFO: &amp#27;[32mSave bd281206-9c19-43c3-bb6e-9fb5ce2384e5(uuid4915)
сент. 19, 2025 6:42:49 PM webapp.storage.AbstractStorage save
INFO: &amp#27;[32mSave cca83f41-49b2-41ce-ac3b-f0aafd0b0e4c(uuid4916)
сент. 19, 2025 6:42:49 PM webapp.storage.AbstractStorage save
INFO: &amp#27;[32mSave d9b26c7b-e459-4461-86ea-73b9c04d3e78(uuid4917)
сент. 19, 2025 6:42:49 PM webapp.storage.AbstractStorage save
INFO: &amp#27;[32mSave ae926c71-6460-4396-861f-ea0d174bef32(uuid4918)
сент. 19, 2025 6:42:49 PM webapp.storage.AbstractStorage save
INFO: &amp#27;[32mSave 5cfff90a-789e-43b9-af4a-d44effdd1e1b(uuid4919)
сент. 19, 2025 6:42:49 PM webapp.storage.AbstractStorage save
INFO: &amp#27;[32mSave ee597973-fb1f-4539-baff-763ba4f88a6e(uuid4920)
сент. 19, 2025 6:42:49 PM webapp.storage.AbstractStorage save
INFO: &amp#27;[32mSave 43202a72-ee5a-439f-8c60-4a0b6d4bd918(uuid4921)
сент. 19, 2025 6:42:49 PM webapp.storage.AbstractStorage save
INFO: &amp#27;[32mSave 2ccd8548-326a-483f-8067-7c4123b4e8d1(uuid4922)
сент. 19, 2025 6:42:49 PM webapp.storage.AbstractStorage save
INFO: &amp#27;[32mSave 19f739d2-2334-4afb-8b23-e47e579d200d(uuid4923)
сент. 19, 2025 6:42:49 PM webapp.storage.AbstractStorage save
INFO: &amp#27;[32mSave 8f5547a2-89e4-4c5f-b25a-b28edca766db(uuid4924)
сент. 19, 2025 6:42:49 PM webapp.storage.AbstractStorage save
INFO: &amp#27;[32mSave 7ef39022-dcee-41c3-b6a9-63462ee5fb60(uuid4925)
сент. 19, 2025 6:42:49 PM webapp.storage.AbstractStorage save
INFO: &amp#27;[32mSave 07be8a86-f85f-49f7-b1ce-9b25bfea92ac(uuid4926)
сент. 19, 2025 6:42:49 PM webapp.storage.AbstractStorage save
INFO: &amp#27;[32mSave 541f4571-a495-4499-b77b-424657d6cd93(uuid4927)
сент. 19, 2025 6:42:49 PM webapp.storage.AbstractStorage save
INFO: &amp#27;[32mSave 59649135-8091-4275-be2a-2c698941c504(uuid4928)
сент. 19, 2025 6:42:49 PM webapp.storage.AbstractStorage save
INFO: &amp#27;[32mSave d3ee74b7-0a1b-4848-ba45-de83231830c9(uuid4929)
сент. 19, 2025 6:42:49 PM webapp.storage.AbstractStorage save
INFO: &amp#27;[32mSave e7204edb-7297-43ba-94ff-4190e5417ee8(uuid4930)
сент. 19, 2025 6:42:49 PM webapp.storage.AbstractStorage save
INFO: &amp#27;[32mSave 3fdaceb0-e4b2-45e6-b69e-07f98fa682ca(uuid4931)
сент. 19, 2025 6:42:49 PM webapp.storage.AbstractStorage save
INFO: &amp#27;[32mSave 80e48023-64ec-4c09-8c3a-2104b8923e7b(uuid4932)
сент. 19, 2025 6:42:49 PM webapp.storage.AbstractStorage save
INFO: &amp#27;[32mSave 7a01822f-e9e2-4ffc-b62f-a651625a3084(uuid4933)
сент. 19, 2025 6:42:49 PM webapp.storage.AbstractStorage save
INFO: &amp#27;[32mSave 7390ee97-e141-40e3-903d-af80c071c8d6(uuid4934)
сент. 19, 2025 6:42:49 PM webapp.storage.AbstractStorage save
INFO: &amp#27;[32mSave 67428c9e-ed20-4216-90e6-a1bb22af894a(uuid4935)
сент. 19, 2025 6:42:49 PM webapp.storage.AbstractStorage save
INFO: &amp#27;[32mSave 9fc85155-59da-452e-a052-ca3fd580cc97(uuid4936)
сент. 19, 2025 6:42:49 PM webapp.storage.AbstractStorage save
INFO: &amp#27;[32mSave 9afe8bc2-7594-43a7-bc16-fba36c63919e(uuid4937)
сент. 19, 2025 6:42:49 PM webapp.storage.AbstractStorage save
INFO: &amp#27;[32mSave 8e088dd7-1790-4b39-a82d-cf8f93827256(uuid4938)
сент. 19, 2025 6:42:49 PM webapp.storage.AbstractStorage save
INFO: &amp#27;[32mSave 911b1a6b-941f-487e-852c-42e52f0cac02(uuid4939)
сент. 19, 2025 6:42:49 PM webapp.storage.AbstractStorage save
INFO: &amp#27;[32mSave ce52a82a-3567-43a0-a450-2e515f9348a5(uuid4940)
сент. 19, 2025 6:42:49 PM webapp.storage.AbstractStorage save
INFO: &amp#27;[32mSave d8afccf3-35d7-4c8a-8280-1581dcd4afe8(uuid4941)
сент. 19, 2025 6:42:49 PM webapp.storage.AbstractStorage save
INFO: &amp#27;[32mSave 2d5a6a02-a7a4-4cc8-a552-d58d98716565(uuid4942)
сент. 19, 2025 6:42:49 PM webapp.storage.AbstractStorage save
INFO: &amp#27;[32mSave 3055ba25-595e-4ff1-8d81-bd786ca02166(uuid4943)
сент. 19, 2025 6:42:49 PM webapp.storage.AbstractStorage save
INFO: &amp#27;[32mSave 18c890c0-e17b-4055-b6b7-a55f30406e34(uuid4944)
сент. 19, 2025 6:42:49 PM webapp.storage.AbstractStorage save
INFO: &amp#27;[32mSave 0dec935d-1c1b-4c47-8233-04965e4055dc(uuid4945)
сент. 19, 2025 6:42:49 PM webapp.storage.AbstractStorage save
INFO: &amp#27;[32mSave 9de6cc4e-414b-47dc-ade2-4b1491cb48aa(uuid4946)
сент. 19, 2025 6:42:49 PM webapp.storage.AbstractStorage save
INFO: &amp#27;[32mSave 6d915d18-b809-476c-843b-e29538c51929(uuid4947)
сент. 19, 2025 6:42:49 PM webapp.storage.AbstractStorage save
INFO: &amp#27;[32mSave 36928fb1-ab84-43e4-b240-945b076d0c9e(uuid4948)
сент. 19, 2025 6:42:49 PM webapp.storage.AbstractStorage save
INFO: &amp#27;[32mSave 73868c9e-2335-45c0-94f9-ffe37fb8f0d9(uuid4949)
сент. 19, 2025 6:42:49 PM webapp.storage.AbstractStorage save
INFO: &amp#27;[32mSave 0ba2d9cc-0c2b-44d6-a3fe-c18bea89f82d(uuid4950)
сент. 19, 2025 6:42:49 PM webapp.storage.AbstractStorage save
INFO: &amp#27;[32mSave e292f8ad-0850-4ba4-bc62-1456a355bb4b(uuid4951)
сент. 19, 2025 6:42:49 PM webapp.storage.AbstractStorage save
INFO: &amp#27;[32mSave 9621fc14-e10b-452d-9459-2f05e6ac88c3(uuid4952)
сент. 19, 2025 6:42:49 PM webapp.storage.AbstractStorage save
INFO: &amp#27;[32mSave dd15d0f9-4f94-4aab-b831-49d113d84b80(uuid4953)
сент. 19, 2025 6:42:49 PM webapp.storage.AbstractStorage save
INFO: &amp#27;[32mSave 893a6036-55f5-4443-a033-24238210e0b9(uuid4954)
сент. 19, 2025 6:42:49 PM webapp.storage.AbstractStorage save
INFO: &amp#27;[32mSave 1bf7e275-d8df-4bb1-864e-8d5e72919ae7(uuid4955)
сент. 19, 2025 6:42:49 PM webapp.storage.AbstractStorage save
INFO: &amp#27;[32mSave 1dcf8ddc-15b0-4105-8597-541e6050f72f(uuid4956)
сент. 19, 2025 6:42:49 PM webapp.storage.AbstractStorage save
INFO: &amp#27;[32mSave 90aa553f-f994-4ea1-b09c-5435a0fe20b1(uuid4957)
сент. 19, 2025 6:42:49 PM webapp.storage.AbstractStorage save
INFO: &amp#27;[32mSave 2ae95846-edbb-4ee2-ba26-b040a4aec2fc(uuid4958)
сент. 19, 2025 6:42:49 PM webapp.storage.AbstractStorage save
INFO: &amp#27;[32mSave 98f28fd0-733c-468b-ab48-8f039081faa3(uuid4959)
сент. 19, 2025 6:42:49 PM webapp.storage.AbstractStorage save
INFO: &amp#27;[32mSave 518d87f6-7759-4442-b20e-98544e2b5abf(uuid4960)
сент. 19, 2025 6:42:49 PM webapp.storage.AbstractStorage save
INFO: &amp#27;[32mSave 056f6ee1-2555-49c3-874e-6d84247c7f8b(uuid4961)
сент. 19, 2025 6:42:49 PM webapp.storage.AbstractStorage save
INFO: &amp#27;[32mSave 4352c41a-72be-4f53-b13a-f785dcd5b17b(uuid4962)
сент. 19, 2025 6:42:49 PM webapp.storage.AbstractStorage save
INFO: &amp#27;[32mSave 37bf3342-99f6-4a8e-aadf-afec5de38b2c(uuid4963)
сент. 19, 2025 6:42:49 PM webapp.storage.AbstractStorage save
INFO: &amp#27;[32mSave 69974c5d-8105-43b1-a6d9-4c4925526e50(uuid4964)
сент. 19, 2025 6:42:49 PM webapp.storage.AbstractStorage save
INFO: &amp#27;[32mSave d52bb76b-910f-4d6f-bc68-55ae67787d81(uuid4965)
сент. 19, 2025 6:42:49 PM webapp.storage.AbstractStorage save
INFO: &amp#27;[32mSave 9904321a-cf9a-4d67-bbfe-4bcb7c30532a(uuid4966)
сент. 19, 2025 6:42:49 PM webapp.storage.AbstractStorage save
INFO: &amp#27;[32mSave a8b18ce8-20d9-455b-b4df-ae56f1cdb966(uuid4967)
сент. 19, 2025 6:42:49 PM webapp.storage.AbstractStorage save
INFO: &amp#27;[32mSave f628c79f-bc14-410a-a1ae-76b125a41d8b(uuid4968)
сент. 19, 2025 6:42:49 PM webapp.storage.AbstractStorage save
INFO: &amp#27;[32mSave f736a303-8ab3-491f-a6ee-4754922a9162(uuid4969)
сент. 19, 2025 6:42:49 PM webapp.storage.AbstractStorage save
INFO: &amp#27;[32mSave ea515800-2d8c-4719-a02d-fb78a66c0471(uuid4970)
сент. 19, 2025 6:42:49 PM webapp.storage.AbstractStorage save
INFO: &amp#27;[32mSave 414594f3-6af1-4608-8763-3149ceff8c67(uuid4971)
сент. 19, 2025 6:42:49 PM webapp.storage.AbstractStorage save
INFO: &amp#27;[32mSave 08c8351e-73d5-4416-b2bb-bcf4969fe833(uuid4972)
сент. 19, 2025 6:42:49 PM webapp.storage.AbstractStorage save
INFO: &amp#27;[32mSave 60fc48b4-1b6f-4fa0-906d-00232a8ccf44(uuid4973)
сент. 19, 2025 6:42:49 PM webapp.storage.AbstractStorage save
INFO: &amp#27;[32mSave 790984cf-6ac3-45bf-a2e7-ea011dc31ab1(uuid4974)
сент. 19, 2025 6:42:49 PM webapp.storage.AbstractStorage save
INFO: &amp#27;[32mSave 6ae5323e-95cc-4062-99ae-d1d5bd8cf0f9(uuid4975)
сент. 19, 2025 6:42:49 PM webapp.storage.AbstractStorage save
INFO: &amp#27;[32mSave aaa61c56-f0e4-4f3d-bd2c-09946e1433dc(uuid4976)
сент. 19, 2025 6:42:49 PM webapp.storage.AbstractStorage save
INFO: &amp#27;[32mSave bb2402a3-77e9-461f-8b9e-083e160fc754(uuid4977)
сент. 19, 2025 6:42:49 PM webapp.storage.AbstractStorage save
INFO: &amp#27;[32mSave 07b92ef9-cefa-478b-a3a8-29a3fbeafca1(uuid4978)
сент. 19, 2025 6:42:49 PM webapp.storage.AbstractStorage save
INFO: &amp#27;[32mSave a5de438a-71f6-46df-b60d-a7bb69c00e56(uuid4979)
сент. 19, 2025 6:42:49 PM webapp.storage.AbstractStorage save
INFO: &amp#27;[32mSave efeae5d1-c76a-4dce-9e04-f7caa7633c6a(uuid4980)
сент. 19, 2025 6:42:49 PM webapp.storage.AbstractStorage save
INFO: &amp#27;[32mSave bad10243-5cb7-450b-91f7-9a2e55a7b267(uuid4981)
сент. 19, 2025 6:42:49 PM webapp.storage.AbstractStorage save
INFO: &amp#27;[32mSave 7b789bcc-2612-4f99-bd06-ccc2598d76a4(uuid4982)
сент. 19, 2025 6:42:49 PM webapp.storage.AbstractStorage save
INFO: &amp#27;[32mSave dff15dfd-d67b-4ff9-b332-6e41f506d582(uuid4983)
сент. 19, 2025 6:42:49 PM webapp.storage.AbstractStorage save
INFO: &amp#27;[32mSave e420dbb8-01ce-4269-be08-5478ea87dbc5(uuid4984)
сент. 19, 2025 6:42:49 PM webapp.storage.AbstractStorage save
INFO: &amp#27;[32mSave 8a74a50f-50a7-4811-bf9e-111ee3535d33(uuid4985)
сент. 19, 2025 6:42:49 PM webapp.storage.AbstractStorage save
INFO: &amp#27;[32mSave 67952938-e0c9-4145-8e80-a30aa7ebaafd(uuid4986)
сент. 19, 2025 6:42:49 PM webapp.storage.AbstractStorage save
INFO: &amp#27;[32mSave be6126e0-2a1f-4e08-a1a0-a1e2e0ead6fa(uuid4987)
сент. 19, 2025 6:42:49 PM webapp.storage.AbstractStorage save
INFO: &amp#27;[32mSave 73c44b99-309d-4f67-8e1d-fedfc06a502e(uuid4988)
сент. 19, 2025 6:42:49 PM webapp.storage.AbstractStorage save
INFO: &amp#27;[32mSave 3c63f324-4d6b-4823-876a-e4dfb0a57c29(uuid4989)
сент. 19, 2025 6:42:49 PM webapp.storage.AbstractStorage save
INFO: &amp#27;[32mSave 6c56c8e8-4aee-4030-bbf4-1e68257f83e3(uuid4990)
сент. 19, 2025 6:42:49 PM webapp.storage.AbstractStorage save
INFO: &amp#27;[32mSave e3cc48d5-a878-48b7-97bf-9c6f3bd58794(uuid4991)
сент. 19, 2025 6:42:49 PM webapp.storage.AbstractStorage save
INFO: &amp#27;[32mSave 94e329b2-9c59-4923-b2ce-58b2cfa22229(uuid4992)
сент. 19, 2025 6:42:49 PM webapp.storage.AbstractStorage save
INFO: &amp#27;[32mSave 911a3ffd-ef96-43f3-ab01-df5561ef0c54(uuid4993)
сент. 19, 2025 6:42:49 PM webapp.storage.AbstractStorage save
INFO: &amp#27;[32mSave 17cc5884-76a6-4157-9303-e5a7704b4746(uuid4994)
сент. 19, 2025 6:42:49 PM webapp.storage.AbstractStorage save
INFO: &amp#27;[32mSave 87c3c5ac-5b0a-4efc-a8d8-52b74c2e16dc(uuid4995)
сент. 19, 2025 6:42:49 PM webapp.storage.AbstractStorage save
INFO: &amp#27;[32mSave a7ba5ba8-dccc-4fe3-b620-7c193879541f(uuid4996)
сент. 19, 2025 6:42:49 PM webapp.storage.AbstractStorage save
INFO: &amp#27;[32mSave 401d606a-de5c-40e6-bf03-931ac6e6c7c4(uuid4997)
сент. 19, 2025 6:42:49 PM webapp.storage.AbstractStorage save
INFO: &amp#27;[32mSave 463a1388-c653-4f86-a385-36399ce95fb1(uuid4998)
сент. 19, 2025 6:42:49 PM webapp.storage.AbstractStorage save
INFO: &amp#27;[32mSave d22c6c21-7b80-4ce3-b5cd-508f5509051b(uuid4999)
сент. 19, 2025 6:42:49 PM webapp.storage.AbstractStorage save
INFO: &amp#27;[32mSave 034ddc39-ff9f-4a84-a1f8-a1660dad6553(uuid5000)
сент. 19, 2025 6:42:49 PM webapp.storage.AbstractStorage save
INFO: &amp#27;[32mSave 93d0f7ee-e5d4-4368-b1df-3a36b05b1c3b(uuid5001)
сент. 19, 2025 6:42:49 PM webapp.storage.AbstractStorage save
INFO: &amp#27;[32mSave 70059111-5f42-4065-8b0c-4dae80db2289(uuid5002)
сент. 19, 2025 6:42:49 PM webapp.storage.AbstractStorage save
INFO: &amp#27;[32mSave b4bbe37e-e7aa-4293-b8ad-e352d1b41e52(uuid5003)
сент. 19, 2025 6:42:49 PM webapp.storage.AbstractStorage save
INFO: &amp#27;[32mSave 176d05cb-fb61-4b2a-9b61-10deaa71b427(uuid5004)
сент. 19, 2025 6:42:49 PM webapp.storage.AbstractStorage save
INFO: &amp#27;[32mSave 97abb641-b82d-4f5f-a286-d5397cf468aa(uuid5005)
сент. 19, 2025 6:42:49 PM webapp.storage.AbstractStorage save
INFO: &amp#27;[32mSave a7a3ebbe-649d-428e-b4e6-bb9ca0932ffe(uuid5006)
сент. 19, 2025 6:42:49 PM webapp.storage.AbstractStorage save
INFO: &amp#27;[32mSave b2866e8e-62da-4eed-aad2-91343b476268(uuid5007)
сент. 19, 2025 6:42:49 PM webapp.storage.AbstractStorage save
INFO: &amp#27;[32mSave b944a52b-e859-4ee1-bfa3-13ee4b12c9a6(uuid5008)
сент. 19, 2025 6:42:49 PM webapp.storage.AbstractStorage save
INFO: &amp#27;[32mSave c7a06723-c427-41f0-9cca-027606e4041a(uuid5009)
сент. 19, 2025 6:42:49 PM webapp.storage.AbstractStorage save
INFO: &amp#27;[32mSave 75e616f3-45af-4fb7-85df-0ef1576e9a87(uuid5010)
сент. 19, 2025 6:42:49 PM webapp.storage.AbstractStorage save
INFO: &amp#27;[32mSave ae8c8afa-edf2-4b83-b2f4-3118598594ca(uuid5011)
сент. 19, 2025 6:42:49 PM webapp.storage.AbstractStorage save
INFO: &amp#27;[32mSave 4526fe87-1aa1-4bad-9ce7-f9435032f309(uuid5012)
сент. 19, 2025 6:42:49 PM webapp.storage.AbstractStorage save
INFO: &amp#27;[32mSave 3bdb15d2-97e2-402b-be04-7173334449f1(uuid5013)
сент. 19, 2025 6:42:49 PM webapp.storage.AbstractStorage save
INFO: &amp#27;[32mSave 68749391-08a9-48dc-92b4-5ad11728ce45(uuid5014)
сент. 19, 2025 6:42:49 PM webapp.storage.AbstractStorage save
INFO: &amp#27;[32mSave 32cb44b2-c5e0-411f-9dd5-36c67f3dade5(uuid5015)
сент. 19, 2025 6:42:49 PM webapp.storage.AbstractStorage save
INFO: &amp#27;[32mSave 5292ac61-3781-4811-b4d2-c9c96d58e62c(uuid5016)
сент. 19, 2025 6:42:49 PM webapp.storage.AbstractStorage save
INFO: &amp#27;[32mSave f4430191-748b-414a-8ccd-3c80d331023d(uuid5017)
сент. 19, 2025 6:42:49 PM webapp.storage.AbstractStorage save
INFO: &amp#27;[32mSave d8301ebf-431e-45d4-a112-374b1c6bea6a(uuid5018)
сент. 19, 2025 6:42:49 PM webapp.storage.AbstractStorage save
INFO: &amp#27;[32mSave 73bc0343-b320-4da4-8860-8652d5a1b13e(uuid5019)
сент. 19, 2025 6:42:49 PM webapp.storage.AbstractStorage save
INFO: &amp#27;[32mSave ad83e0ba-6b38-44bf-8723-98da89c28ce3(uuid5020)
сент. 19, 2025 6:42:49 PM webapp.storage.AbstractStorage save
INFO: &amp#27;[32mSave 50ca2f3b-123c-4025-8c4f-6c3eee1bd13f(uuid5021)
сент. 19, 2025 6:42:49 PM webapp.storage.AbstractStorage save
INFO: &amp#27;[32mSave baf66fbf-c73d-40a7-a48b-beb95ff05084(uuid5022)
сент. 19, 2025 6:42:49 PM webapp.storage.AbstractStorage save
INFO: &amp#27;[32mSave 8d2b1b03-2d14-4cfc-968d-d0167f20bd76(uuid5023)
сент. 19, 2025 6:42:49 PM webapp.storage.AbstractStorage save
INFO: &amp#27;[32mSave e150c867-41e5-49fd-a1f5-51427d5afedc(uuid5024)
сент. 19, 2025 6:42:49 PM webapp.storage.AbstractStorage save
INFO: &amp#27;[32mSave fb9cda6d-ae65-462a-89c2-296b91f96bef(uuid5025)
сент. 19, 2025 6:42:49 PM webapp.storage.AbstractStorage save
INFO: &amp#27;[32mSave ba6a3197-d1f4-4720-83cc-70c0cc12286f(uuid5026)
сент. 19, 2025 6:42:49 PM webapp.storage.AbstractStorage save
INFO: &amp#27;[32mSave 0f109324-bc38-486d-968d-45a214365768(uuid5027)
сент. 19, 2025 6:42:49 PM webapp.storage.AbstractStorage save
INFO: &amp#27;[32mSave 43acec8a-5ecb-42ef-ad1c-54173b228619(uuid5028)
сент. 19, 2025 6:42:49 PM webapp.storage.AbstractStorage save
INFO: &amp#27;[32mSave 924dd5a2-534a-4cd5-8f63-3560cd2130e8(uuid5029)
сент. 19, 2025 6:42:49 PM webapp.storage.AbstractStorage save
INFO: &amp#27;[32mSave eb06a0f8-2eaa-4891-a1e1-a98cb6ad9f72(uuid5030)
сент. 19, 2025 6:42:49 PM webapp.storage.AbstractStorage save
INFO: &amp#27;[32mSave 067a548a-3230-4c81-93fd-7735ce85109e(uuid5031)
сент. 19, 2025 6:42:49 PM webapp.storage.AbstractStorage save
INFO: &amp#27;[32mSave 8a825fac-e2f8-4b4e-82d0-ad4d0b8e1b44(uuid5032)
сент. 19, 2025 6:42:49 PM webapp.storage.AbstractStorage save
INFO: &amp#27;[32mSave ea6b4d3d-9ab5-4eb1-98a4-9a67f91513e7(uuid5033)
сент. 19, 2025 6:42:49 PM webapp.storage.AbstractStorage save
INFO: &amp#27;[32mSave 3cb5a35c-c04f-4271-a235-07b5b22b269f(uuid5034)
сент. 19, 2025 6:42:49 PM webapp.storage.AbstractStorage save
INFO: &amp#27;[32mSave 05fa7401-90b0-428c-af94-35eeeb9838dd(uuid5035)
сент. 19, 2025 6:42:49 PM webapp.storage.AbstractStorage save
INFO: &amp#27;[32mSave 0334e5e7-eacd-47e5-afc3-8c71721c05d5(uuid5036)
сент. 19, 2025 6:42:49 PM webapp.storage.AbstractStorage save
INFO: &amp#27;[32mSave c53ca961-0d09-4781-a516-6dd6b90da6d4(uuid5037)
сент. 19, 2025 6:42:49 PM webapp.storage.AbstractStorage save
INFO: &amp#27;[32mSave 8991e89e-fef6-4bf8-b16e-4eb9e5d7be3c(uuid5038)
сент. 19, 2025 6:42:49 PM webapp.storage.AbstractStorage save
INFO: &amp#27;[32mSave 4e085259-b296-444f-aa9f-9a0de0265b4c(uuid5039)
сент. 19, 2025 6:42:49 PM webapp.storage.AbstractStorage save
INFO: &amp#27;[32mSave 42bfa188-2243-4517-bf3e-955b5f277a6c(uuid5040)
сент. 19, 2025 6:42:49 PM webapp.storage.AbstractStorage save
INFO: &amp#27;[32mSave 7b655cbf-2396-4cf2-b369-d83ad3e30b13(uuid5041)
сент. 19, 2025 6:42:49 PM webapp.storage.AbstractStorage save
INFO: &amp#27;[32mSave c7355fa6-f150-4f44-b02b-0322259865ac(uuid5042)
сент. 19, 2025 6:42:49 PM webapp.storage.AbstractStorage save
INFO: &amp#27;[32mSave 4ae7ee9a-bff4-4da4-8f39-ac65073b9c30(uuid5043)
сент. 19, 2025 6:42:49 PM webapp.storage.AbstractStorage save
INFO: &amp#27;[32mSave 56f1c3ec-1524-4bf4-9235-0a61b7b9597b(uuid5044)
сент. 19, 2025 6:42:49 PM webapp.storage.AbstractStorage save
INFO: &amp#27;[32mSave 78881ce9-0d71-4a7c-b9d1-14876046b7c5(uuid5045)
сент. 19, 2025 6:42:49 PM webapp.storage.AbstractStorage save
INFO: &amp#27;[32mSave 76b526ad-d9bc-4d8f-9210-ede18ca882fa(uuid5046)
сент. 19, 2025 6:42:49 PM webapp.storage.AbstractStorage save
INFO: &amp#27;[32mSave c5a2d1df-9638-482b-a380-9fd66318d695(uuid5047)
сент. 19, 2025 6:42:49 PM webapp.storage.AbstractStorage save
INFO: &amp#27;[32mSave 80d046d0-0320-4f1a-99c1-b7ac880c42cc(uuid5048)
сент. 19, 2025 6:42:49 PM webapp.storage.AbstractStorage save
INFO: &amp#27;[32mSave 18c508b9-1ff9-4702-a249-2f49d85abdfe(uuid5049)
сент. 19, 2025 6:42:49 PM webapp.storage.AbstractStorage save
INFO: &amp#27;[32mSave ec918f07-a0db-4ac1-b1ec-5397bddfe2d1(uuid5050)
сент. 19, 2025 6:42:49 PM webapp.storage.AbstractStorage save
INFO: &amp#27;[32mSave 2de9c8cf-fa66-43e1-8265-de4743734144(uuid5051)
сент. 19, 2025 6:42:49 PM webapp.storage.AbstractStorage save
INFO: &amp#27;[32mSave 1f8b888d-95b0-4a21-839c-33f7a3635ff0(uuid5052)
сент. 19, 2025 6:42:49 PM webapp.storage.AbstractStorage save
INFO: &amp#27;[32mSave 8e2fca9f-195f-465d-bdda-43de76bd406a(uuid5053)
сент. 19, 2025 6:42:49 PM webapp.storage.AbstractStorage save
INFO: &amp#27;[32mSave c5fcfc99-3522-4913-ba10-abb8fbf906ea(uuid5054)
сент. 19, 2025 6:42:49 PM webapp.storage.AbstractStorage save
INFO: &amp#27;[32mSave 257fb918-3ea5-4fcb-a9d9-d6b5841ef0cc(uuid5055)
сент. 19, 2025 6:42:49 PM webapp.storage.AbstractStorage save
INFO: &amp#27;[32mSave c890a5b0-5803-4f69-b03b-39e503dd1f23(uuid5056)
сент. 19, 2025 6:42:49 PM webapp.storage.AbstractStorage save
INFO: &amp#27;[32mSave 29844fbf-c2f9-48d0-8d11-49718f19478f(uuid5057)
сент. 19, 2025 6:42:49 PM webapp.storage.AbstractStorage save
INFO: &amp#27;[32mSave 97e9d041-54bd-4ac1-a6f6-1ac0f80be3a4(uuid5058)
сент. 19, 2025 6:42:49 PM webapp.storage.AbstractStorage save
INFO: &amp#27;[32mSave 77d06a5d-0ff9-4acd-85ce-068e2046b898(uuid5059)
сент. 19, 2025 6:42:49 PM webapp.storage.AbstractStorage save
INFO: &amp#27;[32mSave 55fd17cc-25d3-42b6-9945-0e42ad54e308(uuid5060)
сент. 19, 2025 6:42:49 PM webapp.storage.AbstractStorage save
INFO: &amp#27;[32mSave 98510d7a-4946-4551-b846-2d57f6943203(uuid5061)
сент. 19, 2025 6:42:49 PM webapp.storage.AbstractStorage save
INFO: &amp#27;[32mSave 8b426b8d-de4c-49db-91c9-4b49bf1ab948(uuid5062)
сент. 19, 2025 6:42:49 PM webapp.storage.AbstractStorage save
INFO: &amp#27;[32mSave 9512584f-9fb6-4405-890f-93bc7130deb9(uuid5063)
сент. 19, 2025 6:42:49 PM webapp.storage.AbstractStorage save
INFO: &amp#27;[32mSave 4aadf345-20fc-46dd-8574-1aa628434250(uuid5064)
сент. 19, 2025 6:42:49 PM webapp.storage.AbstractStorage save
INFO: &amp#27;[32mSave 71d95ddb-921a-4306-a27e-66de57bbc5b2(uuid5065)
сент. 19, 2025 6:42:49 PM webapp.storage.AbstractStorage save
INFO: &amp#27;[32mSave 9b406aad-7454-4270-8a01-f42bf49fecb4(uuid5066)
сент. 19, 2025 6:42:49 PM webapp.storage.AbstractStorage save
INFO: &amp#27;[32mSave e5dce8b6-584b-43bc-9d9d-5ea88a123b7a(uuid5067)
сент. 19, 2025 6:42:49 PM webapp.storage.AbstractStorage save
INFO: &amp#27;[32mSave 5389507f-19ce-4cd9-9caa-9bc81a7ed317(uuid5068)
сент. 19, 2025 6:42:49 PM webapp.storage.AbstractStorage save
INFO: &amp#27;[32mSave 272ccecd-5e9f-44fc-9b5a-f380bcba6d10(uuid5069)
сент. 19, 2025 6:42:49 PM webapp.storage.AbstractStorage save
INFO: &amp#27;[32mSave 31b30412-b9aa-4ce6-a0ea-084bb0a492ec(uuid5070)
сент. 19, 2025 6:42:49 PM webapp.storage.AbstractStorage save
INFO: &amp#27;[32mSave 80346eae-b6c0-4623-97b5-c7e0a2559c4e(uuid5071)
сент. 19, 2025 6:42:49 PM webapp.storage.AbstractStorage save
INFO: &amp#27;[32mSave fc241ce2-1e91-4aaf-a035-ef0926a0e469(uuid5072)
сент. 19, 2025 6:42:49 PM webapp.storage.AbstractStorage save
INFO: &amp#27;[32mSave 7bb14de7-3b96-4136-bc09-f271b088e573(uuid5073)
сент. 19, 2025 6:42:49 PM webapp.storage.AbstractStorage save
INFO: &amp#27;[32mSave c99e25c5-6e95-494e-808d-ef63aef659b5(uuid5074)
сент. 19, 2025 6:42:49 PM webapp.storage.AbstractStorage save
INFO: &amp#27;[32mSave ad8532cf-9d5f-4421-a9bf-cdee3df15d88(uuid5075)
сент. 19, 2025 6:42:49 PM webapp.storage.AbstractStorage save
INFO: &amp#27;[32mSave ed2fe78a-306c-4774-ac38-74e9280bec75(uuid5076)
сент. 19, 2025 6:42:49 PM webapp.storage.AbstractStorage save
INFO: &amp#27;[32mSave 980937b0-dfeb-4a21-91c8-18cf4fd2b3d9(uuid5077)
сент. 19, 2025 6:42:49 PM webapp.storage.AbstractStorage save
INFO: &amp#27;[32mSave d439cdf3-e091-4042-9671-15dc0c394ea9(uuid5078)
сент. 19, 2025 6:42:49 PM webapp.storage.AbstractStorage save
INFO: &amp#27;[32mSave c51ba3f7-d9ab-48fc-b645-50fd43b544ab(uuid5079)
сент. 19, 2025 6:42:49 PM webapp.storage.AbstractStorage save
INFO: &amp#27;[32mSave 9463c775-d740-4485-aede-91511ad7355a(uuid5080)
сент. 19, 2025 6:42:49 PM webapp.storage.AbstractStorage save
INFO: &amp#27;[32mSave eadb5d3d-fbe6-4e0f-aa5e-55f95c3845e4(uuid5081)
сент. 19, 2025 6:42:49 PM webapp.storage.AbstractStorage save
INFO: &amp#27;[32mSave 544c984c-8fe6-435e-9331-d9bc23539360(uuid5082)
сент. 19, 2025 6:42:49 PM webapp.storage.AbstractStorage save
INFO: &amp#27;[32mSave aa984609-baa8-49d2-a041-393618adc2bd(uuid5083)
сент. 19, 2025 6:42:49 PM webapp.storage.AbstractStorage save
INFO: &amp#27;[32mSave 62bcdc3b-dd9e-4dd9-b5c3-5c193936e174(uuid5084)
сент. 19, 2025 6:42:49 PM webapp.storage.AbstractStorage save
INFO: &amp#27;[32mSave 5eaa3730-5d40-4630-b0b2-196b1485d944(uuid5085)
сент. 19, 2025 6:42:49 PM webapp.storage.AbstractStorage save
INFO: &amp#27;[32mSave 3e059628-decd-436f-8703-aad8e88cf996(uuid5086)
сент. 19, 2025 6:42:49 PM webapp.storage.AbstractStorage save
INFO: &amp#27;[32mSave 2f69f213-4ec9-4da6-820c-1f2811cbc9ba(uuid5087)
сент. 19, 2025 6:42:49 PM webapp.storage.AbstractStorage save
INFO: &amp#27;[32mSave c28efc7e-207e-4ae7-8712-f934296a61fd(uuid5088)
сент. 19, 2025 6:42:49 PM webapp.storage.AbstractStorage save
INFO: &amp#27;[32mSave abbc7042-ad43-4131-9845-cff02d51e67c(uuid5089)
сент. 19, 2025 6:42:49 PM webapp.storage.AbstractStorage save
INFO: &amp#27;[32mSave bb639aed-6d40-4b19-9e32-9e8817730bda(uuid5090)
сент. 19, 2025 6:42:49 PM webapp.storage.AbstractStorage save
INFO: &amp#27;[32mSave 01614ebe-5741-4a16-b962-09dcfe9e5086(uuid5091)
сент. 19, 2025 6:42:49 PM webapp.storage.AbstractStorage save
INFO: &amp#27;[32mSave 0df6f2e4-8d6c-4980-bb1d-578b17064856(uuid5092)
сент. 19, 2025 6:42:49 PM webapp.storage.AbstractStorage save
INFO: &amp#27;[32mSave 32eea974-c18c-4a3b-9394-ba1b13fa4af7(uuid5093)
сент. 19, 2025 6:42:49 PM webapp.storage.AbstractStorage save
INFO: &amp#27;[32mSave 02277d85-3429-472c-b0ee-25f381551ac5(uuid5094)
сент. 19, 2025 6:42:49 PM webapp.storage.AbstractStorage save
INFO: &amp#27;[32mSave a91812fa-1173-4511-93bf-3add53469b42(uuid5095)
сент. 19, 2025 6:42:49 PM webapp.storage.AbstractStorage save
INFO: &amp#27;[32mSave 1eb4d014-e216-4fce-bb5d-b4465d6f6029(uuid5096)
сент. 19, 2025 6:42:49 PM webapp.storage.AbstractStorage save
INFO: &amp#27;[32mSave cebdfd59-af93-446f-8b50-cf2e182361fc(uuid5097)
сент. 19, 2025 6:42:49 PM webapp.storage.AbstractStorage save
INFO: &amp#27;[32mSave 15b09407-ad32-4cf3-b1eb-1a6f1bc602ac(uuid5098)
сент. 19, 2025 6:42:49 PM webapp.storage.AbstractStorage save
INFO: &amp#27;[32mSave b1cead10-d52b-4b39-a262-bfc4430bcc7a(uuid5099)
сент. 19, 2025 6:42:49 PM webapp.storage.AbstractStorage save
INFO: &amp#27;[32mSave 650236a5-626f-4f5d-b50c-707626f8c8a2(uuid5100)
сент. 19, 2025 6:42:49 PM webapp.storage.AbstractStorage save
INFO: &amp#27;[32mSave 07328e08-94a2-49b0-80e3-80e26468653a(uuid5101)
сент. 19, 2025 6:42:49 PM webapp.storage.AbstractStorage save
INFO: &amp#27;[32mSave 748ca3e5-bf46-4e7a-84dc-7a23f97c183c(uuid5102)
сент. 19, 2025 6:42:49 PM webapp.storage.AbstractStorage save
INFO: &amp#27;[32mSave f5d21eea-7e76-40ea-99e2-5844251c705d(uuid5103)
сент. 19, 2025 6:42:49 PM webapp.storage.AbstractStorage save
INFO: &amp#27;[32mSave f335af38-d43a-423c-80ec-fcea4530b972(uuid5104)
сент. 19, 2025 6:42:49 PM webapp.storage.AbstractStorage save
INFO: &amp#27;[32mSave 3423f932-cc94-4e8e-a226-236b2b850509(uuid5105)
сент. 19, 2025 6:42:49 PM webapp.storage.AbstractStorage save
INFO: &amp#27;[32mSave 05417bd3-79fd-4949-8248-a651960415f1(uuid5106)
сент. 19, 2025 6:42:49 PM webapp.storage.AbstractStorage save
INFO: &amp#27;[32mSave bbb51a5b-89c0-4286-b061-26c5072c646d(uuid5107)
сент. 19, 2025 6:42:49 PM webapp.storage.AbstractStorage save
INFO: &amp#27;[32mSave 7d7b96b9-5c84-4b25-81c0-3f29e9bd7d86(uuid5108)
сент. 19, 2025 6:42:49 PM webapp.storage.AbstractStorage save
INFO: &amp#27;[32mSave 6368eb2b-b1eb-4a5d-945c-e30786f13acc(uuid5109)
сент. 19, 2025 6:42:49 PM webapp.storage.AbstractStorage save
INFO: &amp#27;[32mSave a9483675-a915-41eb-82c9-87cc90c0ceae(uuid5110)
сент. 19, 2025 6:42:49 PM webapp.storage.AbstractStorage save
INFO: &amp#27;[32mSave 2ddc9cc4-5ea3-4661-b9a5-fe22c2a515c8(uuid5111)
сент. 19, 2025 6:42:49 PM webapp.storage.AbstractStorage save
INFO: &amp#27;[32mSave 66ba3e06-9485-4928-82d9-040002777667(uuid5112)
сент. 19, 2025 6:42:49 PM webapp.storage.AbstractStorage save
INFO: &amp#27;[32mSave dd6bd811-6be0-4857-bdc4-86fee8a12ded(uuid5113)
сент. 19, 2025 6:42:49 PM webapp.storage.AbstractStorage save
INFO: &amp#27;[32mSave 4e2b2cef-8ade-42bf-921d-b659d34655f7(uuid5114)
сент. 19, 2025 6:42:49 PM webapp.storage.AbstractStorage save
INFO: &amp#27;[32mSave 3efa6be3-b51f-40e3-9ac5-f6d522a00057(uuid5115)
сент. 19, 2025 6:42:49 PM webapp.storage.AbstractStorage save
INFO: &amp#27;[32mSave ce6c0413-df91-4d54-8930-c363d836cfe4(uuid5116)
сент. 19, 2025 6:42:49 PM webapp.storage.AbstractStorage save
INFO: &amp#27;[32mSave 307fdf2b-7bde-45d1-9e43-e2e45df235b2(uuid5117)
сент. 19, 2025 6:42:49 PM webapp.storage.AbstractStorage save
INFO: &amp#27;[32mSave 9c858299-005f-4adf-896a-31fe25c744e4(uuid5118)
сент. 19, 2025 6:42:49 PM webapp.storage.AbstractStorage save
INFO: &amp#27;[32mSave 84825427-2ca2-4f0d-aaab-d51a300d458f(uuid5119)
сент. 19, 2025 6:42:49 PM webapp.storage.AbstractStorage save
INFO: &amp#27;[32mSave 94bdaf50-9f2a-499d-adeb-5277ceb35d68(uuid5120)
сент. 19, 2025 6:42:49 PM webapp.storage.AbstractStorage save
INFO: &amp#27;[32mSave 3abdb58c-de13-47a1-979c-c8b5e4c8d010(uuid5121)
сент. 19, 2025 6:42:49 PM webapp.storage.AbstractStorage save
INFO: &amp#27;[32mSave dad7cf91-b2b3-4e68-b361-328a86c19bba(uuid5122)
сент. 19, 2025 6:42:49 PM webapp.storage.AbstractStorage save
INFO: &amp#27;[32mSave ac1236cb-a81b-44c1-b7ab-c46a1e669239(uuid5123)
сент. 19, 2025 6:42:49 PM webapp.storage.AbstractStorage save
INFO: &amp#27;[32mSave 96572dbc-ca30-4596-a1cc-553dca382251(uuid5124)
сент. 19, 2025 6:42:49 PM webapp.storage.AbstractStorage save
INFO: &amp#27;[32mSave d49badc3-82cd-442b-b4cf-18e578db91f3(uuid5125)
сент. 19, 2025 6:42:49 PM webapp.storage.AbstractStorage save
INFO: &amp#27;[32mSave 1edd9ea2-ed13-4aaf-a741-258fb006447c(uuid5126)
сент. 19, 2025 6:42:49 PM webapp.storage.AbstractStorage save
INFO: &amp#27;[32mSave e00541c4-d2bf-46ed-b018-8a6b59d41bf7(uuid5127)
сент. 19, 2025 6:42:49 PM webapp.storage.AbstractStorage save
INFO: &amp#27;[32mSave f9f0e1c8-47b6-480a-9588-16f81becfb5c(uuid5128)
сент. 19, 2025 6:42:49 PM webapp.storage.AbstractStorage save
INFO: &amp#27;[32mSave 98c98d90-ecc8-40b7-9fdd-a8728046db3a(uuid5129)
сент. 19, 2025 6:42:49 PM webapp.storage.AbstractStorage save
INFO: &amp#27;[32mSave a733b8f6-a238-43b0-a96b-acd4347b08f5(uuid5130)
сент. 19, 2025 6:42:49 PM webapp.storage.AbstractStorage save
INFO: &amp#27;[32mSave 561621ed-8a4d-412b-8c6c-4ef557b5c2d8(uuid5131)
сент. 19, 2025 6:42:49 PM webapp.storage.AbstractStorage save
INFO: &amp#27;[32mSave c1f7864c-5afe-4fda-8049-853719d15dbc(uuid5132)
сент. 19, 2025 6:42:49 PM webapp.storage.AbstractStorage save
INFO: &amp#27;[32mSave 3dab516f-84c9-43d9-88a9-5a17e2bb1ed7(uuid5133)
сент. 19, 2025 6:42:49 PM webapp.storage.AbstractStorage save
INFO: &amp#27;[32mSave c6194fb9-62d0-449a-8996-337ad4998d2b(uuid5134)
сент. 19, 2025 6:42:49 PM webapp.storage.AbstractStorage save
INFO: &amp#27;[32mSave 18f68399-1550-482e-a7ac-50e5c431ac0f(uuid5135)
сент. 19, 2025 6:42:49 PM webapp.storage.AbstractStorage save
INFO: &amp#27;[32mSave 7a3b3416-c2e1-42d0-a2f9-72893e9e191c(uuid5136)
сент. 19, 2025 6:42:49 PM webapp.storage.AbstractStorage save
INFO: &amp#27;[32mSave 85c179f0-bc50-4c8a-8682-9862f854931c(uuid5137)
сент. 19, 2025 6:42:49 PM webapp.storage.AbstractStorage save
INFO: &amp#27;[32mSave d5650f48-761c-42d0-a769-838bcc8fefd6(uuid5138)
сент. 19, 2025 6:42:49 PM webapp.storage.AbstractStorage save
INFO: &amp#27;[32mSave e8941025-1977-4558-9122-8dc174f56561(uuid5139)
сент. 19, 2025 6:42:49 PM webapp.storage.AbstractStorage save
INFO: &amp#27;[32mSave 1d86d8e5-f93f-4302-a6c2-bd4509aa650e(uuid5140)
сент. 19, 2025 6:42:49 PM webapp.storage.AbstractStorage save
INFO: &amp#27;[32mSave 609192a1-e216-490a-9601-00dadd04c7b7(uuid5141)
сент. 19, 2025 6:42:49 PM webapp.storage.AbstractStorage save
INFO: &amp#27;[32mSave 9932d627-56d1-487a-ada0-acb034b45f9a(uuid5142)
сент. 19, 2025 6:42:49 PM webapp.storage.AbstractStorage save
INFO: &amp#27;[32mSave 35933f45-3ded-421f-b9e8-1bd3ed380f6e(uuid5143)
сент. 19, 2025 6:42:49 PM webapp.storage.AbstractStorage save
INFO: &amp#27;[32mSave c8d27241-5edd-43c4-9de7-0c235db77d62(uuid5144)
сент. 19, 2025 6:42:49 PM webapp.storage.AbstractStorage save
INFO: &amp#27;[32mSave c2c00d94-c5e4-4bf0-b416-73d429f69114(uuid5145)
сент. 19, 2025 6:42:49 PM webapp.storage.AbstractStorage save
INFO: &amp#27;[32mSave d74a6ca3-5ecc-4b03-9584-4886586b7ca7(uuid5146)
сент. 19, 2025 6:42:49 PM webapp.storage.AbstractStorage save
INFO: &amp#27;[32mSave 12d954ed-4619-4673-97e4-c57d14d6ebe0(uuid5147)
сент. 19, 2025 6:42:49 PM webapp.storage.AbstractStorage save
INFO: &amp#27;[32mSave 8895d68a-0a74-4834-8cf8-1bee6d8bbf4e(uuid5148)
сент. 19, 2025 6:42:49 PM webapp.storage.AbstractStorage save
INFO: &amp#27;[32mSave 4df1ba18-45aa-4fe6-8df0-e2e738893c0c(uuid5149)
сент. 19, 2025 6:42:49 PM webapp.storage.AbstractStorage save
INFO: &amp#27;[32mSave 8bc14e43-ba04-42b5-aa67-20964245e6a1(uuid5150)
сент. 19, 2025 6:42:49 PM webapp.storage.AbstractStorage save
INFO: &amp#27;[32mSave a3b7dead-bd5e-4bb1-9bdc-49bab6c2a3ab(uuid5151)
сент. 19, 2025 6:42:49 PM webapp.storage.AbstractStorage save
INFO: &amp#27;[32mSave ed7527f1-f38e-41c2-9429-27a960a2bc4c(uuid5152)
сент. 19, 2025 6:42:49 PM webapp.storage.AbstractStorage save
INFO: &amp#27;[32mSave 00395deb-df68-4c94-96a1-b6c0ae768170(uuid5153)
сент. 19, 2025 6:42:49 PM webapp.storage.AbstractStorage save
INFO: &amp#27;[32mSave 481cd782-b6a1-412d-8530-5c2f58bf061b(uuid5154)
сент. 19, 2025 6:42:49 PM webapp.storage.AbstractStorage save
INFO: &amp#27;[32mSave 5fb0e9c1-c526-4f45-886f-b324662bb6a5(uuid5155)
сент. 19, 2025 6:42:49 PM webapp.storage.AbstractStorage save
INFO: &amp#27;[32mSave bc6ae470-896a-4879-8e37-b7a33d2c6466(uuid5156)
сент. 19, 2025 6:42:49 PM webapp.storage.AbstractStorage save
INFO: &amp#27;[32mSave 6fa4c504-b4ad-4768-a45f-1c1d725b6f01(uuid5157)
сент. 19, 2025 6:42:49 PM webapp.storage.AbstractStorage save
INFO: &amp#27;[32mSave 4cd10ff6-871a-4a75-bdd1-c071fd5c1422(uuid5158)
сент. 19, 2025 6:42:49 PM webapp.storage.AbstractStorage save
INFO: &amp#27;[32mSave 9882c1c2-6568-4df0-9eac-640e01f1784e(uuid5159)
сент. 19, 2025 6:42:49 PM webapp.storage.AbstractStorage save
INFO: &amp#27;[32mSave dc9f6647-60f4-4d86-9459-98a71e358fd3(uuid5160)
сент. 19, 2025 6:42:49 PM webapp.storage.AbstractStorage save
INFO: &amp#27;[32mSave 84d8cdf7-7722-4d78-a01e-8b9ac3fb6612(uuid5161)
сент. 19, 2025 6:42:49 PM webapp.storage.AbstractStorage save
INFO: &amp#27;[32mSave 00bde16e-d628-4704-8382-5d649ddfed18(uuid5162)
сент. 19, 2025 6:42:49 PM webapp.storage.AbstractStorage save
INFO: &amp#27;[32mSave 9010dfc3-11f5-46e1-a5fc-3f8f730a5558(uuid5163)
сент. 19, 2025 6:42:49 PM webapp.storage.AbstractStorage save
INFO: &amp#27;[32mSave 7f8da996-59af-4876-8503-aee21494334f(uuid5164)
сент. 19, 2025 6:42:49 PM webapp.storage.AbstractStorage save
INFO: &amp#27;[32mSave 278c8671-68bd-42d6-acaf-6199f7305a4a(uuid5165)
сент. 19, 2025 6:42:49 PM webapp.storage.AbstractStorage save
INFO: &amp#27;[32mSave 3cea324e-9fb8-4ee4-a8b0-446fb53e1f58(uuid5166)
сент. 19, 2025 6:42:49 PM webapp.storage.AbstractStorage save
INFO: &amp#27;[32mSave 1beddb3c-f9f6-4bfe-8807-bb6109034884(uuid5167)
сент. 19, 2025 6:42:49 PM webapp.storage.AbstractStorage save
INFO: &amp#27;[32mSave 9640e530-b233-482d-94ec-3d8a7ff1a716(uuid5168)
сент. 19, 2025 6:42:49 PM webapp.storage.AbstractStorage save
INFO: &amp#27;[32mSave dc3d9f23-da1a-4ae3-b7d8-0d2210f95ffd(uuid5169)
сент. 19, 2025 6:42:49 PM webapp.storage.AbstractStorage save
INFO: &amp#27;[32mSave dcf0cc86-e773-4f9f-b8b4-3d95df74797d(uuid5170)
сент. 19, 2025 6:42:49 PM webapp.storage.AbstractStorage save
INFO: &amp#27;[32mSave e7967d1b-ad30-4ad8-91eb-10e4c25968ff(uuid5171)
сент. 19, 2025 6:42:49 PM webapp.storage.AbstractStorage save
INFO: &amp#27;[32mSave fd5ad67b-bad3-4311-896b-174d6c74c466(uuid5172)
сент. 19, 2025 6:42:49 PM webapp.storage.AbstractStorage save
INFO: &amp#27;[32mSave 7eceb1b3-c3e4-4ff9-bb90-46212519072e(uuid5173)
сент. 19, 2025 6:42:49 PM webapp.storage.AbstractStorage save
INFO: &amp#27;[32mSave da6a07e4-b59b-4ece-916e-92684b7bffe8(uuid5174)
сент. 19, 2025 6:42:49 PM webapp.storage.AbstractStorage save
INFO: &amp#27;[32mSave 56b7acdb-04ab-4a59-9d22-9c39926e2933(uuid5175)
сент. 19, 2025 6:42:49 PM webapp.storage.AbstractStorage save
INFO: &amp#27;[32mSave 97fd68b1-f78c-4a1e-af62-1f3a4ef880b4(uuid5176)
сент. 19, 2025 6:42:49 PM webapp.storage.AbstractStorage save
INFO: &amp#27;[32mSave fe16147b-3970-4f45-96fb-be1b3399e176(uuid5177)
сент. 19, 2025 6:42:49 PM webapp.storage.AbstractStorage save
INFO: &amp#27;[32mSave 6eb5dc6f-4567-4f58-a2cd-98b890a28dcb(uuid5178)
сент. 19, 2025 6:42:49 PM webapp.storage.AbstractStorage save
INFO: &amp#27;[32mSave 08f3c9d4-bf4a-4b86-8500-1caa819ea791(uuid5179)
сент. 19, 2025 6:42:49 PM webapp.storage.AbstractStorage save
INFO: &amp#27;[32mSave e3f370ac-4959-4712-80bf-26d100b9b663(uuid5180)
сент. 19, 2025 6:42:49 PM webapp.storage.AbstractStorage save
INFO: &amp#27;[32mSave 2fc72887-146f-4de3-aef5-eeba0c82f610(uuid5181)
сент. 19, 2025 6:42:49 PM webapp.storage.AbstractStorage save
INFO: &amp#27;[32mSave 0c83d6cc-8a1a-443d-851d-056b0571698a(uuid5182)
сент. 19, 2025 6:42:49 PM webapp.storage.AbstractStorage save
INFO: &amp#27;[32mSave 8ef9e9e6-5a2b-47a9-b8b0-8ee171719663(uuid5183)
сент. 19, 2025 6:42:49 PM webapp.storage.AbstractStorage save
INFO: &amp#27;[32mSave d01942c6-b2f6-4182-b5da-517ee2732c7e(uuid5184)
сент. 19, 2025 6:42:49 PM webapp.storage.AbstractStorage save
INFO: &amp#27;[32mSave a56719bf-224b-4425-914f-c836b944cf89(uuid5185)
сент. 19, 2025 6:42:49 PM webapp.storage.AbstractStorage save
INFO: &amp#27;[32mSave 7c3c16d3-4a4c-47b1-9751-58ab80c64aba(uuid5186)
сент. 19, 2025 6:42:49 PM webapp.storage.AbstractStorage save
INFO: &amp#27;[32mSave 6ecc2a7e-92c3-44ff-acdc-b2a042ca9e02(uuid5187)
сент. 19, 2025 6:42:49 PM webapp.storage.AbstractStorage save
INFO: &amp#27;[32mSave 01605a38-7b8e-4974-8d9a-84a190ddc3f3(uuid5188)
сент. 19, 2025 6:42:49 PM webapp.storage.AbstractStorage save
INFO: &amp#27;[32mSave c335d4a7-2be5-4d08-a68a-2f9b35750bdc(uuid5189)
сент. 19, 2025 6:42:49 PM webapp.storage.AbstractStorage save
INFO: &amp#27;[32mSave f2bf3a40-aff9-47cf-a91f-8e00298df02c(uuid5190)
сент. 19, 2025 6:42:49 PM webapp.storage.AbstractStorage save
INFO: &amp#27;[32mSave c7e2c468-ca4a-431d-86f8-357dce06d49e(uuid5191)
сент. 19, 2025 6:42:49 PM webapp.storage.AbstractStorage save
INFO: &amp#27;[32mSave ddf98a7d-2519-4482-a02f-897a258821eb(uuid5192)
сент. 19, 2025 6:42:49 PM webapp.storage.AbstractStorage save
INFO: &amp#27;[32mSave c73ac4fb-e4c3-4bd4-8f75-f99087695cb9(uuid5193)
сент. 19, 2025 6:42:49 PM webapp.storage.AbstractStorage save
INFO: &amp#27;[32mSave 331ee383-9191-4367-9dd3-55fb5f192968(uuid5194)
сент. 19, 2025 6:42:49 PM webapp.storage.AbstractStorage save
INFO: &amp#27;[32mSave b66dd3db-aeac-4f6f-9c56-7effb3337986(uuid5195)
сент. 19, 2025 6:42:49 PM webapp.storage.AbstractStorage save
INFO: &amp#27;[32mSave 161bc850-48f8-411b-9d36-e85ad34d1f51(uuid5196)
сент. 19, 2025 6:42:49 PM webapp.storage.AbstractStorage save
INFO: &amp#27;[32mSave 2aa09cbd-cf0d-465a-9aa1-f77cd78536c7(uuid5197)
сент. 19, 2025 6:42:49 PM webapp.storage.AbstractStorage save
INFO: &amp#27;[32mSave c8749644-48af-4d49-946c-62e665d2031b(uuid5198)
сент. 19, 2025 6:42:49 PM webapp.storage.AbstractStorage save
INFO: &amp#27;[32mSave c3e856a7-8824-4bde-b6dd-3d98ee225271(uuid5199)
сент. 19, 2025 6:42:49 PM webapp.storage.AbstractStorage save
INFO: &amp#27;[32mSave a989c8ce-2673-4c76-8402-e37215ba9979(uuid5200)
сент. 19, 2025 6:42:49 PM webapp.storage.AbstractStorage save
INFO: &amp#27;[32mSave 1e3de177-0eb2-431f-967f-1e40185a0e0d(uuid5201)
сент. 19, 2025 6:42:49 PM webapp.storage.AbstractStorage save
INFO: &amp#27;[32mSave f3a71f32-9219-42c0-8b1b-1d3c63eb48d8(uuid5202)
сент. 19, 2025 6:42:49 PM webapp.storage.AbstractStorage save
INFO: &amp#27;[32mSave 01ef7f69-55f3-4e67-8432-f4ac6b4e6117(uuid5203)
сент. 19, 2025 6:42:49 PM webapp.storage.AbstractStorage save
INFO: &amp#27;[32mSave 02586bb8-961f-4d3c-ac17-18fe2a904819(uuid5204)
сент. 19, 2025 6:42:49 PM webapp.storage.AbstractStorage save
INFO: &amp#27;[32mSave 66e023f9-bd23-4b95-a750-7abadef4826b(uuid5205)
сент. 19, 2025 6:42:49 PM webapp.storage.AbstractStorage save
INFO: &amp#27;[32mSave b4098c38-5564-467d-bf32-f35df862ab5e(uuid5206)
сент. 19, 2025 6:42:49 PM webapp.storage.AbstractStorage save
INFO: &amp#27;[32mSave d71aa313-8b3c-4f70-a125-1337f51f097b(uuid5207)
сент. 19, 2025 6:42:49 PM webapp.storage.AbstractStorage save
INFO: &amp#27;[32mSave 004a8405-4951-49b5-a5f6-c52c6259fedd(uuid5208)
сент. 19, 2025 6:42:49 PM webapp.storage.AbstractStorage save
INFO: &amp#27;[32mSave fe04966c-219b-4fe6-bb5a-d2571b3d8022(uuid5209)
сент. 19, 2025 6:42:49 PM webapp.storage.AbstractStorage save
INFO: &amp#27;[32mSave dbfe14f2-a588-4b4f-93c4-b88e7bf46089(uuid5210)
сент. 19, 2025 6:42:49 PM webapp.storage.AbstractStorage save
INFO: &amp#27;[32mSave 06637c01-de77-4cac-828e-f1c7da43b802(uuid5211)
сент. 19, 2025 6:42:49 PM webapp.storage.AbstractStorage save
INFO: &amp#27;[32mSave b41c85ce-2919-4ed2-aff4-128822b5cf05(uuid5212)
сент. 19, 2025 6:42:49 PM webapp.storage.AbstractStorage save
INFO: &amp#27;[32mSave 3aebd5ee-56c2-450f-b71e-baa8f3c722a5(uuid5213)
сент. 19, 2025 6:42:49 PM webapp.storage.AbstractStorage save
INFO: &amp#27;[32mSave 6572f39f-f074-41b5-b9a1-3248353cca31(uuid5214)
сент. 19, 2025 6:42:49 PM webapp.storage.AbstractStorage save
INFO: &amp#27;[32mSave 26ce245c-8223-4d09-a734-366357a62914(uuid5215)
сент. 19, 2025 6:42:49 PM webapp.storage.AbstractStorage save
INFO: &amp#27;[32mSave 9fb5e7cf-929f-4c8d-96de-f55fbda82d7f(uuid5216)
сент. 19, 2025 6:42:49 PM webapp.storage.AbstractStorage save
INFO: &amp#27;[32mSave 8a10c384-2d60-4776-bb4e-7b3a88fd8c12(uuid5217)
сент. 19, 2025 6:42:49 PM webapp.storage.AbstractStorage save
INFO: &amp#27;[32mSave 9a2eda24-45cf-4333-8c1b-6b2dc38e17a8(uuid5218)
сент. 19, 2025 6:42:49 PM webapp.storage.AbstractStorage save
INFO: &amp#27;[32mSave 102b73df-d876-4ce6-bcae-e0a06ed4f94a(uuid5219)
сент. 19, 2025 6:42:49 PM webapp.storage.AbstractStorage save
INFO: &amp#27;[32mSave c0063208-5e75-46c4-9499-0a0116077c48(uuid5220)
сент. 19, 2025 6:42:49 PM webapp.storage.AbstractStorage save
INFO: &amp#27;[32mSave c9fa3409-0cc8-4edf-a0d8-0c21fd01ccd1(uuid5221)
сент. 19, 2025 6:42:49 PM webapp.storage.AbstractStorage save
INFO: &amp#27;[32mSave a5543cf3-1465-485a-8ecb-54e13f8e5d1e(uuid5222)
сент. 19, 2025 6:42:49 PM webapp.storage.AbstractStorage save
INFO: &amp#27;[32mSave 86d07851-cae3-4f09-89bd-2ce232f4b7e6(uuid5223)
сент. 19, 2025 6:42:49 PM webapp.storage.AbstractStorage save
INFO: &amp#27;[32mSave ee7b069a-619f-44a5-a170-907a08937c6c(uuid5224)
сент. 19, 2025 6:42:49 PM webapp.storage.AbstractStorage save
INFO: &amp#27;[32mSave 63d8bf9f-0bf0-41e9-b960-32beb8906d21(uuid5225)
сент. 19, 2025 6:42:49 PM webapp.storage.AbstractStorage save
INFO: &amp#27;[32mSave b30998b1-5fb0-49bd-b3f3-e8520687c646(uuid5226)
сент. 19, 2025 6:42:49 PM webapp.storage.AbstractStorage save
INFO: &amp#27;[32mSave d2b63768-1b95-4234-9cd7-3e6be3041d2e(uuid5227)
сент. 19, 2025 6:42:49 PM webapp.storage.AbstractStorage save
INFO: &amp#27;[32mSave 148976cd-5c54-45e0-8c9b-eb6cbbb32062(uuid5228)
сент. 19, 2025 6:42:49 PM webapp.storage.AbstractStorage save
INFO: &amp#27;[32mSave 67049c74-6ffa-4cda-9c42-6fb639c61107(uuid5229)
сент. 19, 2025 6:42:49 PM webapp.storage.AbstractStorage save
INFO: &amp#27;[32mSave 5704d131-5cbc-4f53-be91-2aeacdf41c1f(uuid5230)
сент. 19, 2025 6:42:49 PM webapp.storage.AbstractStorage save
INFO: &amp#27;[32mSave e6e9039e-4424-4ee9-9e11-067c10744835(uuid5231)
сент. 19, 2025 6:42:49 PM webapp.storage.AbstractStorage save
INFO: &amp#27;[32mSave 37e6471c-c45c-483c-809e-4c5559a15ddb(uuid5232)
сент. 19, 2025 6:42:49 PM webapp.storage.AbstractStorage save
INFO: &amp#27;[32mSave 3c50f13b-551f-4f8b-a3a1-2b685e6fb0e2(uuid5233)
сент. 19, 2025 6:42:49 PM webapp.storage.AbstractStorage save
INFO: &amp#27;[32mSave 266e47c4-f760-41b1-9989-3afaa27f3433(uuid5234)
сент. 19, 2025 6:42:49 PM webapp.storage.AbstractStorage save
INFO: &amp#27;[32mSave edb516f2-a86e-4c7a-a225-3da1f428d9f3(uuid5235)
сент. 19, 2025 6:42:49 PM webapp.storage.AbstractStorage save
INFO: &amp#27;[32mSave d7cbfeba-4a73-456a-807d-9985b6e9561b(uuid5236)
сент. 19, 2025 6:42:49 PM webapp.storage.AbstractStorage save
INFO: &amp#27;[32mSave 1f700f69-7191-4463-b180-ce5f41269249(uuid5237)
сент. 19, 2025 6:42:49 PM webapp.storage.AbstractStorage save
INFO: &amp#27;[32mSave d775c0fc-4945-4d73-b9f0-10cc8dae58a8(uuid5238)
сент. 19, 2025 6:42:49 PM webapp.storage.AbstractStorage save
INFO: &amp#27;[32mSave d3e35505-9b0d-4d36-a93b-356266b71eff(uuid5239)
сент. 19, 2025 6:42:49 PM webapp.storage.AbstractStorage save
INFO: &amp#27;[32mSave 7767850f-3110-43cb-ab5f-56e0111f4bd3(uuid5240)
сент. 19, 2025 6:42:49 PM webapp.storage.AbstractStorage save
INFO: &amp#27;[32mSave 7359a7e3-5742-41b4-b190-cd7e2d2ce408(uuid5241)
сент. 19, 2025 6:42:49 PM webapp.storage.AbstractStorage save
INFO: &amp#27;[32mSave c4e3ad71-6f2c-43bb-a6c4-3e485390a999(uuid5242)
сент. 19, 2025 6:42:49 PM webapp.storage.AbstractStorage save
INFO: &amp#27;[32mSave be7cea54-fd07-4f7e-b624-55d26e475e59(uuid5243)
сент. 19, 2025 6:42:49 PM webapp.storage.AbstractStorage save
INFO: &amp#27;[32mSave 6be854a8-5ad6-41bf-b07f-4b138f5165f7(uuid5244)
сент. 19, 2025 6:42:49 PM webapp.storage.AbstractStorage save
INFO: &amp#27;[32mSave 0840ae99-597b-4ab0-b655-ecf2bc1dd347(uuid5245)
сент. 19, 2025 6:42:49 PM webapp.storage.AbstractStorage save
INFO: &amp#27;[32mSave 451e2a4e-8831-4631-a56e-37c511932874(uuid5246)
сент. 19, 2025 6:42:49 PM webapp.storage.AbstractStorage save
INFO: &amp#27;[32mSave c6a6d176-781e-4ca8-a01a-a09e473a4a6b(uuid5247)
сент. 19, 2025 6:42:49 PM webapp.storage.AbstractStorage save
INFO: &amp#27;[32mSave 81f1a029-85ae-468b-bcf5-78f161ace1f0(uuid5248)
сент. 19, 2025 6:42:49 PM webapp.storage.AbstractStorage save
INFO: &amp#27;[32mSave 2e2bcd48-94a2-4c14-b890-8de36cf2fd26(uuid5249)
сент. 19, 2025 6:42:49 PM webapp.storage.AbstractStorage save
INFO: &amp#27;[32mSave 022742d3-48a8-4076-b970-bb0d6eee1c8f(uuid5250)
сент. 19, 2025 6:42:49 PM webapp.storage.AbstractStorage save
INFO: &amp#27;[32mSave f59b7ad6-4ece-4077-bbab-b9c57217910b(uuid5251)
сент. 19, 2025 6:42:49 PM webapp.storage.AbstractStorage save
INFO: &amp#27;[32mSave 383ab42e-d8bf-444d-a278-7fcf8e013799(uuid5252)
сент. 19, 2025 6:42:49 PM webapp.storage.AbstractStorage save
INFO: &amp#27;[32mSave 2633e4ca-05d3-4246-9395-6caadd9ef4bf(uuid5253)
сент. 19, 2025 6:42:49 PM webapp.storage.AbstractStorage save
INFO: &amp#27;[32mSave bc7ef2f3-64ea-4b15-ae55-189b90f409c6(uuid5254)
сент. 19, 2025 6:42:49 PM webapp.storage.AbstractStorage save
INFO: &amp#27;[32mSave f843d563-cb70-4f71-96bd-71ed9b2f4862(uuid5255)
сент. 19, 2025 6:42:49 PM webapp.storage.AbstractStorage save
INFO: &amp#27;[32mSave 1df69c7e-bc83-453a-aa7b-664fa2d2d35c(uuid5256)
сент. 19, 2025 6:42:49 PM webapp.storage.AbstractStorage save
INFO: &amp#27;[32mSave d49aaada-86b0-4cb7-9d1d-9eb99e9df073(uuid5257)
сент. 19, 2025 6:42:49 PM webapp.storage.AbstractStorage save
INFO: &amp#27;[32mSave 550ac52e-1c82-4b3d-a6d5-d42b69cc6c69(uuid5258)
сент. 19, 2025 6:42:49 PM webapp.storage.AbstractStorage save
INFO: &amp#27;[32mSave 95593136-a7ba-412b-af92-2a42d33908e8(uuid5259)
сент. 19, 2025 6:42:49 PM webapp.storage.AbstractStorage save
INFO: &amp#27;[32mSave 660701e4-f45b-49a9-a465-1c245cfff5b3(uuid5260)
сент. 19, 2025 6:42:49 PM webapp.storage.AbstractStorage save
INFO: &amp#27;[32mSave fa5a2ff5-7250-4594-bc6f-a1d4bea2f1a8(uuid5261)
сент. 19, 2025 6:42:49 PM webapp.storage.AbstractStorage save
INFO: &amp#27;[32mSave 9317a89f-d3f9-4cf7-96f9-f548993d4db3(uuid5262)
сент. 19, 2025 6:42:49 PM webapp.storage.AbstractStorage save
INFO: &amp#27;[32mSave 473301d5-8eb1-4004-9efd-c83f99dbe0a5(uuid5263)
сент. 19, 2025 6:42:49 PM webapp.storage.AbstractStorage save
INFO: &amp#27;[32mSave f908aa83-badb-4580-82f6-223aaf08c3a4(uuid5264)
сент. 19, 2025 6:42:49 PM webapp.storage.AbstractStorage save
INFO: &amp#27;[32mSave d84e99ef-e075-4233-bb35-c7b8d03d0d6f(uuid5265)
сент. 19, 2025 6:42:49 PM webapp.storage.AbstractStorage save
INFO: &amp#27;[32mSave b6776e2c-db61-4561-bde3-2116059f20fd(uuid5266)
сент. 19, 2025 6:42:49 PM webapp.storage.AbstractStorage save
INFO: &amp#27;[32mSave e70be8b4-3c3c-4531-9015-fb0b70e45248(uuid5267)
сент. 19, 2025 6:42:49 PM webapp.storage.AbstractStorage save
INFO: &amp#27;[32mSave 8f4fcc63-2e07-4f19-aac7-24ba754b234b(uuid5268)
сент. 19, 2025 6:42:49 PM webapp.storage.AbstractStorage save
INFO: &amp#27;[32mSave 5c23ee96-297a-4d2b-955a-330f7548ab12(uuid5269)
сент. 19, 2025 6:42:49 PM webapp.storage.AbstractStorage save
INFO: &amp#27;[32mSave c3031095-3d17-448c-bf87-284fc8192b5a(uuid5270)
сент. 19, 2025 6:42:49 PM webapp.storage.AbstractStorage save
INFO: &amp#27;[32mSave 0a8afd05-5a2a-465a-9e7d-b678d706b2ae(uuid5271)
сент. 19, 2025 6:42:49 PM webapp.storage.AbstractStorage save
INFO: &amp#27;[32mSave b32d99f6-9318-4480-a755-97c96f6e09d6(uuid5272)
сент. 19, 2025 6:42:49 PM webapp.storage.AbstractStorage save
INFO: &amp#27;[32mSave 0c416cc0-c5fe-4cbb-967a-ad1b9c4e80f0(uuid5273)
сент. 19, 2025 6:42:49 PM webapp.storage.AbstractStorage save
INFO: &amp#27;[32mSave ddc311e0-8611-400f-ba80-8665582affbd(uuid5274)
сент. 19, 2025 6:42:49 PM webapp.storage.AbstractStorage save
INFO: &amp#27;[32mSave a24b2152-7bbc-49ea-8504-b0d22b42f6dd(uuid5275)
сент. 19, 2025 6:42:49 PM webapp.storage.AbstractStorage save
INFO: &amp#27;[32mSave db3bc7ea-dce6-476d-809e-357ec0626800(uuid5276)
сент. 19, 2025 6:42:49 PM webapp.storage.AbstractStorage save
INFO: &amp#27;[32mSave fddebaa0-ba34-46ac-8725-dd9326d15eab(uuid5277)
сент. 19, 2025 6:42:49 PM webapp.storage.AbstractStorage save
INFO: &amp#27;[32mSave b2851262-898d-413b-b886-16f37d7b3598(uuid5278)
сент. 19, 2025 6:42:49 PM webapp.storage.AbstractStorage save
INFO: &amp#27;[32mSave ee101db3-0ec2-4c7c-8dc9-a93461e5602c(uuid5279)
сент. 19, 2025 6:42:49 PM webapp.storage.AbstractStorage save
INFO: &amp#27;[32mSave 259a8a13-6623-4c0e-b8c8-9dc1dbd39659(uuid5280)
сент. 19, 2025 6:42:49 PM webapp.storage.AbstractStorage save
INFO: &amp#27;[32mSave 9cd73de8-65e3-4798-87a8-831059889224(uuid5281)
сент. 19, 2025 6:42:49 PM webapp.storage.AbstractStorage save
INFO: &amp#27;[32mSave bc07970d-7aa3-401d-861e-4f248b114c43(uuid5282)
сент. 19, 2025 6:42:49 PM webapp.storage.AbstractStorage save
INFO: &amp#27;[32mSave e7716d92-0710-4cba-943f-82e32dabae05(uuid5283)
сент. 19, 2025 6:42:49 PM webapp.storage.AbstractStorage save
INFO: &amp#27;[32mSave ef78f83b-4854-4094-b22b-5f10c63e7502(uuid5284)
сент. 19, 2025 6:42:49 PM webapp.storage.AbstractStorage save
INFO: &amp#27;[32mSave 28e2d814-c4fe-4de2-b116-c0b1f3065986(uuid5285)
сент. 19, 2025 6:42:49 PM webapp.storage.AbstractStorage save
INFO: &amp#27;[32mSave 127033c8-f9db-4dd0-bc5b-8e433c2e0af7(uuid5286)
сент. 19, 2025 6:42:49 PM webapp.storage.AbstractStorage save
INFO: &amp#27;[32mSave befbb44e-bbd6-4c8c-b9fc-0da4862b01c1(uuid5287)
сент. 19, 2025 6:42:49 PM webapp.storage.AbstractStorage save
INFO: &amp#27;[32mSave e25cea8c-e8eb-4776-ae3b-4d4100d36a57(uuid5288)
сент. 19, 2025 6:42:49 PM webapp.storage.AbstractStorage save
INFO: &amp#27;[32mSave 53411e75-32e2-434e-9670-1ede5d3ecf43(uuid5289)
сент. 19, 2025 6:42:49 PM webapp.storage.AbstractStorage save
INFO: &amp#27;[32mSave 49774365-5ab5-45a8-9f78-e120516dfd84(uuid5290)
сент. 19, 2025 6:42:49 PM webapp.storage.AbstractStorage save
INFO: &amp#27;[32mSave ab3a9c12-e135-44c9-8508-27ea2545128a(uuid5291)
сент. 19, 2025 6:42:49 PM webapp.storage.AbstractStorage save
INFO: &amp#27;[32mSave 371c2bc8-5c91-4d98-88f4-14368561c56e(uuid5292)
сент. 19, 2025 6:42:49 PM webapp.storage.AbstractStorage save
INFO: &amp#27;[32mSave f0fbe0ca-f1a8-41a0-8fba-512cfacfe05c(uuid5293)
сент. 19, 2025 6:42:49 PM webapp.storage.AbstractStorage save
INFO: &amp#27;[32mSave ea889bce-07f7-434c-82c1-8885b808ca0c(uuid5294)
сент. 19, 2025 6:42:49 PM webapp.storage.AbstractStorage save
INFO: &amp#27;[32mSave 9b9ce3a0-28b8-4802-9451-a19aa7874716(uuid5295)
сент. 19, 2025 6:42:49 PM webapp.storage.AbstractStorage save
INFO: &amp#27;[32mSave 22eda499-0d76-4bd6-95c8-4c4746a48e48(uuid5296)
сент. 19, 2025 6:42:49 PM webapp.storage.AbstractStorage save
INFO: &amp#27;[32mSave 5f738ce5-4857-4348-9d86-ea3bd2e82dc6(uuid5297)
сент. 19, 2025 6:42:49 PM webapp.storage.AbstractStorage save
INFO: &amp#27;[32mSave a39bfe27-1400-4b3f-9ee6-3448a6efb8eb(uuid5298)
сент. 19, 2025 6:42:49 PM webapp.storage.AbstractStorage save
INFO: &amp#27;[32mSave 59371ff0-9f73-441d-a839-1a6dd6878869(uuid5299)
сент. 19, 2025 6:42:49 PM webapp.storage.AbstractStorage save
INFO: &amp#27;[32mSave 601885de-18f4-4c02-baa9-64bade53aaec(uuid5300)
сент. 19, 2025 6:42:49 PM webapp.storage.AbstractStorage save
INFO: &amp#27;[32mSave 3a4da31d-cd4b-4418-9ee7-4473aa082cbb(uuid5301)
сент. 19, 2025 6:42:49 PM webapp.storage.AbstractStorage save
INFO: &amp#27;[32mSave def9ba63-298b-41dc-9c64-1309d1aa5c10(uuid5302)
сент. 19, 2025 6:42:49 PM webapp.storage.AbstractStorage save
INFO: &amp#27;[32mSave fbbc4475-0e9c-4f38-aea3-7003c639dede(uuid5303)
сент. 19, 2025 6:42:49 PM webapp.storage.AbstractStorage save
INFO: &amp#27;[32mSave c052d446-597d-4e8e-baf0-a54b5aab46dc(uuid5304)
сент. 19, 2025 6:42:49 PM webapp.storage.AbstractStorage save
INFO: &amp#27;[32mSave 8f9a955c-4f54-4de1-bea4-1f9d5daa0295(uuid5305)
сент. 19, 2025 6:42:49 PM webapp.storage.AbstractStorage save
INFO: &amp#27;[32mSave b944ae39-9e78-440b-8422-0aa4e9a61320(uuid5306)
сент. 19, 2025 6:42:49 PM webapp.storage.AbstractStorage save
INFO: &amp#27;[32mSave 289c87ac-bd8b-4e2c-9f8d-9d3a4dc39d6c(uuid5307)
сент. 19, 2025 6:42:49 PM webapp.storage.AbstractStorage save
INFO: &amp#27;[32mSave 03ff2912-9236-4db8-878a-99670005fefd(uuid5308)
сент. 19, 2025 6:42:49 PM webapp.storage.AbstractStorage save
INFO: &amp#27;[32mSave 5fa80298-21be-4595-b0b3-1204b725a1a7(uuid5309)
сент. 19, 2025 6:42:49 PM webapp.storage.AbstractStorage save
INFO: &amp#27;[32mSave c6739706-c595-479a-85f0-3a1f7751644b(uuid5310)
сент. 19, 2025 6:42:49 PM webapp.storage.AbstractStorage save
INFO: &amp#27;[32mSave 14cef9de-315e-4709-aa7d-a8e967707329(uuid5311)
сент. 19, 2025 6:42:49 PM webapp.storage.AbstractStorage save
INFO: &amp#27;[32mSave dc704fee-4019-493c-b2d1-4d99b2137a79(uuid5312)
сент. 19, 2025 6:42:49 PM webapp.storage.AbstractStorage save
INFO: &amp#27;[32mSave 7ad7efc7-06ef-4537-94c1-830efda50344(uuid5313)
сент. 19, 2025 6:42:49 PM webapp.storage.AbstractStorage save
INFO: &amp#27;[32mSave 166aca39-4cf5-4a38-8b17-be5d164137d3(uuid5314)
сент. 19, 2025 6:42:49 PM webapp.storage.AbstractStorage save
INFO: &amp#27;[32mSave aebd82a1-31cc-449d-86d9-58d5683b8365(uuid5315)
сент. 19, 2025 6:42:49 PM webapp.storage.AbstractStorage save
INFO: &amp#27;[32mSave 9504e046-5e2a-4867-9bd5-8679136487f6(uuid5316)
сент. 19, 2025 6:42:49 PM webapp.storage.AbstractStorage save
INFO: &amp#27;[32mSave 1a1d6a78-e19e-425c-9ac4-67bd9b28486f(uuid5317)
сент. 19, 2025 6:42:49 PM webapp.storage.AbstractStorage save
INFO: &amp#27;[32mSave c1454f85-2572-4406-8343-295eb1ac87d8(uuid5318)
сент. 19, 2025 6:42:49 PM webapp.storage.AbstractStorage save
INFO: &amp#27;[32mSave 681248d7-bb28-421a-b6a3-5b99ed3f6b6b(uuid5319)
сент. 19, 2025 6:42:49 PM webapp.storage.AbstractStorage save
INFO: &amp#27;[32mSave 34dc4307-e0b9-4f01-8b2b-3efbdf7aac4a(uuid5320)
сент. 19, 2025 6:42:49 PM webapp.storage.AbstractStorage save
INFO: &amp#27;[32mSave 63a7da6a-ddd1-403d-ae83-d7ea0ca345f3(uuid5321)
сент. 19, 2025 6:42:49 PM webapp.storage.AbstractStorage save
INFO: &amp#27;[32mSave 1a3c6191-5bf4-441a-b200-5c244e56410d(uuid5322)
сент. 19, 2025 6:42:49 PM webapp.storage.AbstractStorage save
INFO: &amp#27;[32mSave 0ec2fca5-d9d0-4484-9ce0-42274adde9a7(uuid5323)
сент. 19, 2025 6:42:49 PM webapp.storage.AbstractStorage save
INFO: &amp#27;[32mSave 508e7e39-3230-4c93-bc26-7c673aca318e(uuid5324)
сент. 19, 2025 6:42:49 PM webapp.storage.AbstractStorage save
INFO: &amp#27;[32mSave b57a6136-b035-4cfe-ac73-fb8b958b82f8(uuid5325)
сент. 19, 2025 6:42:49 PM webapp.storage.AbstractStorage save
INFO: &amp#27;[32mSave 25c2468b-df42-4251-8a85-d34324c9408a(uuid5326)
сент. 19, 2025 6:42:49 PM webapp.storage.AbstractStorage save
INFO: &amp#27;[32mSave 52c4b480-2384-4d7a-953a-bde8786ce5fa(uuid5327)
сент. 19, 2025 6:42:49 PM webapp.storage.AbstractStorage save
INFO: &amp#27;[32mSave 0a237caf-e0f3-4a3b-883d-1d31c886d6c3(uuid5328)
сент. 19, 2025 6:42:49 PM webapp.storage.AbstractStorage save
INFO: &amp#27;[32mSave a20db608-54a1-4056-a3bb-c675f306fa4d(uuid5329)
сент. 19, 2025 6:42:49 PM webapp.storage.AbstractStorage save
INFO: &amp#27;[32mSave cf246b85-46e3-49a4-92bf-f4238b4b4b3d(uuid5330)
сент. 19, 2025 6:42:49 PM webapp.storage.AbstractStorage save
INFO: &amp#27;[32mSave 12af396c-4295-4fb0-a564-b2a191e4ecb4(uuid5331)
сент. 19, 2025 6:42:49 PM webapp.storage.AbstractStorage save
INFO: &amp#27;[32mSave 657f85af-60db-49b6-a3fd-f13baf1f196d(uuid5332)
сент. 19, 2025 6:42:49 PM webapp.storage.AbstractStorage save
INFO: &amp#27;[32mSave ae76373e-aab5-4e5f-812e-f2dd1a036d1e(uuid5333)
сент. 19, 2025 6:42:49 PM webapp.storage.AbstractStorage save
INFO: &amp#27;[32mSave e0178541-b593-41d7-97ca-e2ddbdc0c9a6(uuid5334)
сент. 19, 2025 6:42:49 PM webapp.storage.AbstractStorage save
INFO: &amp#27;[32mSave de7c4309-e567-4dfe-9ed2-4a75489c43eb(uuid5335)
сент. 19, 2025 6:42:49 PM webapp.storage.AbstractStorage save
INFO: &amp#27;[32mSave 4de44a0b-2c77-4ada-ac03-cddf2b76cccc(uuid5336)
сент. 19, 2025 6:42:49 PM webapp.storage.AbstractStorage save
INFO: &amp#27;[32mSave 087582f6-254b-475b-b248-b5b972bd8532(uuid5337)
сент. 19, 2025 6:42:49 PM webapp.storage.AbstractStorage save
INFO: &amp#27;[32mSave d35f31b7-d6e9-4c68-aadb-4279767eb2ce(uuid5338)
сент. 19, 2025 6:42:49 PM webapp.storage.AbstractStorage save
INFO: &amp#27;[32mSave 34bf2a6f-0a9c-4d52-9146-75656713746a(uuid5339)
сент. 19, 2025 6:42:49 PM webapp.storage.AbstractStorage save
INFO: &amp#27;[32mSave 0fb2d0f5-dc88-4a77-bc6d-95903f09996a(uuid5340)
сент. 19, 2025 6:42:49 PM webapp.storage.AbstractStorage save
INFO: &amp#27;[32mSave 776e4ed2-846d-4a75-b5ef-a6638551a620(uuid5341)
сент. 19, 2025 6:42:49 PM webapp.storage.AbstractStorage save
INFO: &amp#27;[32mSave 18d07045-b3dc-41b7-b308-f4d0040c89f0(uuid5342)
сент. 19, 2025 6:42:49 PM webapp.storage.AbstractStorage save
INFO: &amp#27;[32mSave 01bdd87f-711b-434c-9149-a92f0a479fac(uuid5343)
сент. 19, 2025 6:42:49 PM webapp.storage.AbstractStorage save
INFO: &amp#27;[32mSave c7243d2d-2937-4b90-b8d2-0e6e5a3adebb(uuid5344)
сент. 19, 2025 6:42:49 PM webapp.storage.AbstractStorage save
INFO: &amp#27;[32mSave 0aeb2d0a-63d1-4dd1-a8bf-7351be67d873(uuid5345)
сент. 19, 2025 6:42:49 PM webapp.storage.AbstractStorage save
INFO: &amp#27;[32mSave bc67f1c7-1f5d-44de-a92f-2e84405e05f7(uuid5346)
сент. 19, 2025 6:42:49 PM webapp.storage.AbstractStorage save
INFO: &amp#27;[32mSave 3376368e-9d1e-4a99-9cdb-7b8679f501ec(uuid5347)
сент. 19, 2025 6:42:49 PM webapp.storage.AbstractStorage save
INFO: &amp#27;[32mSave 78776b84-b427-4166-9120-49434f87c3de(uuid5348)
сент. 19, 2025 6:42:49 PM webapp.storage.AbstractStorage save
INFO: &amp#27;[32mSave b8ab26e3-a5db-4cce-b5b9-d5c6c5969338(uuid5349)
сент. 19, 2025 6:42:49 PM webapp.storage.AbstractStorage save
INFO: &amp#27;[32mSave 680c8ea6-48b7-461d-9c58-31871e95dc34(uuid5350)
сент. 19, 2025 6:42:49 PM webapp.storage.AbstractStorage save
INFO: &amp#27;[32mSave e1bf92fb-6ccf-41fe-822e-69865eb8681d(uuid5351)
сент. 19, 2025 6:42:49 PM webapp.storage.AbstractStorage save
INFO: &amp#27;[32mSave 04561088-f93a-462f-b261-f6349149aaba(uuid5352)
сент. 19, 2025 6:42:49 PM webapp.storage.AbstractStorage save
INFO: &amp#27;[32mSave 264e9e14-2e45-48f7-9cfd-200c08a9f034(uuid5353)
сент. 19, 2025 6:42:49 PM webapp.storage.AbstractStorage save
INFO: &amp#27;[32mSave db62205f-0c0a-43c0-9927-f653a8608e40(uuid5354)
сент. 19, 2025 6:42:49 PM webapp.storage.AbstractStorage save
INFO: &amp#27;[32mSave cf4ed088-bb23-4488-9f49-953afd7b5573(uuid5355)
сент. 19, 2025 6:42:49 PM webapp.storage.AbstractStorage save
INFO: &amp#27;[32mSave 5e46e700-79ec-40b6-82f4-4ef1a89184ad(uuid5356)
сент. 19, 2025 6:42:49 PM webapp.storage.AbstractStorage save
INFO: &amp#27;[32mSave d4029408-bcc8-47e3-a8f7-b623f22033f4(uuid5357)
сент. 19, 2025 6:42:49 PM webapp.storage.AbstractStorage save
INFO: &amp#27;[32mSave bef4d57e-9c6f-44e0-892f-5a1557e0f17f(uuid5358)
сент. 19, 2025 6:42:49 PM webapp.storage.AbstractStorage save
INFO: &amp#27;[32mSave 7f4a28f9-d7e4-48b9-b7da-a440b1558429(uuid5359)
сент. 19, 2025 6:42:49 PM webapp.storage.AbstractStorage save
INFO: &amp#27;[32mSave e82adb7c-fce6-46f5-ac96-6bfebddd27b0(uuid5360)
сент. 19, 2025 6:42:49 PM webapp.storage.AbstractStorage save
INFO: &amp#27;[32mSave 7fccf249-926e-40ff-a251-69078d76b66b(uuid5361)
сент. 19, 2025 6:42:49 PM webapp.storage.AbstractStorage save
INFO: &amp#27;[32mSave c4759919-0803-43e4-9199-dfb231ac2732(uuid5362)
сент. 19, 2025 6:42:49 PM webapp.storage.AbstractStorage save
INFO: &amp#27;[32mSave 305ca948-53b8-4367-880c-c6238e6798fc(uuid5363)
сент. 19, 2025 6:42:49 PM webapp.storage.AbstractStorage save
INFO: &amp#27;[32mSave e1982ddd-40cc-4f19-a05c-9676d5908e4d(uuid5364)
сент. 19, 2025 6:42:49 PM webapp.storage.AbstractStorage save
INFO: &amp#27;[32mSave b4ec5d02-caa8-4529-8acb-9371e7239013(uuid5365)
сент. 19, 2025 6:42:49 PM webapp.storage.AbstractStorage save
INFO: &amp#27;[32mSave f5b29233-76d5-4482-8201-51b096d67023(uuid5366)
сент. 19, 2025 6:42:49 PM webapp.storage.AbstractStorage save
INFO: &amp#27;[32mSave 4c95a8fd-ebaa-4ad9-a31b-ab87d7d883a9(uuid5367)
сент. 19, 2025 6:42:49 PM webapp.storage.AbstractStorage save
INFO: &amp#27;[32mSave a9de79b7-2845-4bfc-a54f-2e62466025f5(uuid5368)
сент. 19, 2025 6:42:49 PM webapp.storage.AbstractStorage save
INFO: &amp#27;[32mSave 76f6d009-7558-44fc-a74d-7f2702a5bc3e(uuid5369)
сент. 19, 2025 6:42:49 PM webapp.storage.AbstractStorage save
INFO: &amp#27;[32mSave bf0018f0-0f83-49da-896c-71193f02cc65(uuid5370)
сент. 19, 2025 6:42:49 PM webapp.storage.AbstractStorage save
INFO: &amp#27;[32mSave 5c059217-39d4-43d3-ab55-40552470a9ff(uuid5371)
сент. 19, 2025 6:42:49 PM webapp.storage.AbstractStorage save
INFO: &amp#27;[32mSave 7a6d7281-390f-4286-b945-3f66970746e5(uuid5372)
сент. 19, 2025 6:42:49 PM webapp.storage.AbstractStorage save
INFO: &amp#27;[32mSave 61812a7c-28c3-4fab-81df-04a329ba58a4(uuid5373)
сент. 19, 2025 6:42:49 PM webapp.storage.AbstractStorage save
INFO: &amp#27;[32mSave a96c0059-62a6-433e-a5c9-7f3670bb2995(uuid5374)
сент. 19, 2025 6:42:49 PM webapp.storage.AbstractStorage save
INFO: &amp#27;[32mSave d8bbee8a-f961-4f66-91a3-23c07c925374(uuid5375)
сент. 19, 2025 6:42:49 PM webapp.storage.AbstractStorage save
INFO: &amp#27;[32mSave 0e512d08-844d-4007-8ab7-d4ceefd03406(uuid5376)
сент. 19, 2025 6:42:49 PM webapp.storage.AbstractStorage save
INFO: &amp#27;[32mSave 5b2824fe-5308-4f29-adac-1eecb0900aec(uuid5377)
сент. 19, 2025 6:42:49 PM webapp.storage.AbstractStorage save
INFO: &amp#27;[32mSave 4e8eabc7-e3e7-4261-ac94-2e3d0118efab(uuid5378)
сент. 19, 2025 6:42:49 PM webapp.storage.AbstractStorage save
INFO: &amp#27;[32mSave 29fbcc2b-167c-4504-9006-57e6764c3476(uuid5379)
сент. 19, 2025 6:42:49 PM webapp.storage.AbstractStorage save
INFO: &amp#27;[32mSave 068a3e76-2d8a-4d71-bc87-99f112bac88c(uuid5380)
сент. 19, 2025 6:42:49 PM webapp.storage.AbstractStorage save
INFO: &amp#27;[32mSave 1de289c3-756f-4d1f-bcf0-59e99111fb6f(uuid5381)
сент. 19, 2025 6:42:49 PM webapp.storage.AbstractStorage save
INFO: &amp#27;[32mSave 5fa60819-a209-4a3c-8878-a9a19f5538cc(uuid5382)
сент. 19, 2025 6:42:49 PM webapp.storage.AbstractStorage save
INFO: &amp#27;[32mSave 11c0d8b8-f68f-43ad-be74-7ae7d6d481b5(uuid5383)
сент. 19, 2025 6:42:49 PM webapp.storage.AbstractStorage save
INFO: &amp#27;[32mSave a4392650-bd48-4d97-b5b9-047ddf2c7dde(uuid5384)
сент. 19, 2025 6:42:49 PM webapp.storage.AbstractStorage save
INFO: &amp#27;[32mSave 60804444-3c58-4b16-879f-42c9b2dcbee7(uuid5385)
сент. 19, 2025 6:42:49 PM webapp.storage.AbstractStorage save
INFO: &amp#27;[32mSave 799da60d-3915-4393-b0c7-feb361591fc0(uuid5386)
сент. 19, 2025 6:42:49 PM webapp.storage.AbstractStorage save
INFO: &amp#27;[32mSave 3abf5d2b-171a-4e17-a021-d3512c01d184(uuid5387)
сент. 19, 2025 6:42:49 PM webapp.storage.AbstractStorage save
INFO: &amp#27;[32mSave 04b4cf90-2857-483a-999a-46d00b418db8(uuid5388)
сент. 19, 2025 6:42:49 PM webapp.storage.AbstractStorage save
INFO: &amp#27;[32mSave c9b1394a-2a49-4d21-99f5-a7d21b4d5600(uuid5389)
сент. 19, 2025 6:42:49 PM webapp.storage.AbstractStorage save
INFO: &amp#27;[32mSave c41731dc-a5a9-45f0-b4a3-e998d8e0c711(uuid5390)
сент. 19, 2025 6:42:49 PM webapp.storage.AbstractStorage save
INFO: &amp#27;[32mSave 992ecb60-8b3d-4ab0-ab5f-28f6380e3d1e(uuid5391)
сент. 19, 2025 6:42:49 PM webapp.storage.AbstractStorage save
INFO: &amp#27;[32mSave 20c95849-cf70-4c8a-be43-b86e768d7625(uuid5392)
сент. 19, 2025 6:42:49 PM webapp.storage.AbstractStorage save
INFO: &amp#27;[32mSave b3367070-b591-4394-9606-4c1c14a87f71(uuid5393)
сент. 19, 2025 6:42:49 PM webapp.storage.AbstractStorage save
INFO: &amp#27;[32mSave 709baf7d-1af0-4c5a-b2ac-9dc5680d84d6(uuid5394)
сент. 19, 2025 6:42:49 PM webapp.storage.AbstractStorage save
INFO: &amp#27;[32mSave 4bb628dd-2ff7-437a-9187-a2be02922b5f(uuid5395)
сент. 19, 2025 6:42:49 PM webapp.storage.AbstractStorage save
INFO: &amp#27;[32mSave 19f7401c-41cb-49df-b962-2d1c04ece581(uuid5396)
сент. 19, 2025 6:42:49 PM webapp.storage.AbstractStorage save
INFO: &amp#27;[32mSave 4b4e8afb-5938-495b-b31d-b9bb963a7c34(uuid5397)
сент. 19, 2025 6:42:49 PM webapp.storage.AbstractStorage save
INFO: &amp#27;[32mSave 15b0a134-378f-4661-8c29-febc19c95697(uuid5398)
сент. 19, 2025 6:42:49 PM webapp.storage.AbstractStorage save
INFO: &amp#27;[32mSave 4951e38e-7aa1-4879-9f3b-7ec0d6a5a830(uuid5399)
сент. 19, 2025 6:42:49 PM webapp.storage.AbstractStorage save
INFO: &amp#27;[32mSave 3a781390-2293-4e16-9a9d-c74a4b780752(uuid5400)
сент. 19, 2025 6:42:49 PM webapp.storage.AbstractStorage save
INFO: &amp#27;[32mSave 1dc6c069-ffa1-463d-a874-b17a6311a7a2(uuid5401)
сент. 19, 2025 6:42:49 PM webapp.storage.AbstractStorage save
INFO: &amp#27;[32mSave 664a812b-0359-46b2-a143-30f5bcb79e78(uuid5402)
сент. 19, 2025 6:42:49 PM webapp.storage.AbstractStorage save
INFO: &amp#27;[32mSave 23fb22df-ce78-4176-8cb6-9fb0adfb0d33(uuid5403)
сент. 19, 2025 6:42:49 PM webapp.storage.AbstractStorage save
INFO: &amp#27;[32mSave f82c00e7-8954-4ba9-bc05-8665e9c02cb4(uuid5404)
сент. 19, 2025 6:42:49 PM webapp.storage.AbstractStorage save
INFO: &amp#27;[32mSave de5af5fa-d81d-4402-8df6-a99a41929a75(uuid5405)
сент. 19, 2025 6:42:49 PM webapp.storage.AbstractStorage save
INFO: &amp#27;[32mSave a85fac48-fec7-4798-8f13-165e590e5015(uuid5406)
сент. 19, 2025 6:42:49 PM webapp.storage.AbstractStorage save
INFO: &amp#27;[32mSave be94fea7-4419-4f68-bcf5-0e093dc99911(uuid5407)
сент. 19, 2025 6:42:49 PM webapp.storage.AbstractStorage save
INFO: &amp#27;[32mSave 5f8b665d-4db8-4806-92a3-a88535769d3a(uuid5408)
сент. 19, 2025 6:42:49 PM webapp.storage.AbstractStorage save
INFO: &amp#27;[32mSave bbc8a744-a86c-4823-bdab-32ec14613618(uuid5409)
сент. 19, 2025 6:42:49 PM webapp.storage.AbstractStorage save
INFO: &amp#27;[32mSave d88b9040-e6ec-4a32-9556-922df721dd71(uuid5410)
сент. 19, 2025 6:42:49 PM webapp.storage.AbstractStorage save
INFO: &amp#27;[32mSave caeb97d0-4ca7-4af4-8ea9-21eb7bd870ec(uuid5411)
сент. 19, 2025 6:42:49 PM webapp.storage.AbstractStorage save
INFO: &amp#27;[32mSave 0808aa87-12fc-4a6e-be23-173f0e58cd03(uuid5412)
сент. 19, 2025 6:42:49 PM webapp.storage.AbstractStorage save
INFO: &amp#27;[32mSave 58cb006f-2384-41b2-a7d5-4f3fc9fa53ad(uuid5413)
сент. 19, 2025 6:42:49 PM webapp.storage.AbstractStorage save
INFO: &amp#27;[32mSave fcd79e2f-04fd-4656-b9e3-c5778108cd1b(uuid5414)
сент. 19, 2025 6:42:49 PM webapp.storage.AbstractStorage save
INFO: &amp#27;[32mSave 4a54d796-3ad8-434d-87ac-4cd05b99649d(uuid5415)
сент. 19, 2025 6:42:49 PM webapp.storage.AbstractStorage save
INFO: &amp#27;[32mSave dbab63ad-c5ba-4770-bef6-a4f682df63b1(uuid5416)
сент. 19, 2025 6:42:49 PM webapp.storage.AbstractStorage save
INFO: &amp#27;[32mSave 299a9edf-967a-48ed-bd7a-f6702858b480(uuid5417)
сент. 19, 2025 6:42:49 PM webapp.storage.AbstractStorage save
INFO: &amp#27;[32mSave 5e52d89c-fec3-4bf0-bec4-548e50128686(uuid5418)
сент. 19, 2025 6:42:49 PM webapp.storage.AbstractStorage save
INFO: &amp#27;[32mSave ba1aabdf-6d66-4505-9b32-a5574b82800f(uuid5419)
сент. 19, 2025 6:42:49 PM webapp.storage.AbstractStorage save
INFO: &amp#27;[32mSave 426117c0-69f6-41a0-bb36-48d89565d19b(uuid5420)
сент. 19, 2025 6:42:49 PM webapp.storage.AbstractStorage save
INFO: &amp#27;[32mSave 5ac3797b-3a38-4e75-a935-b370a0a869ce(uuid5421)
сент. 19, 2025 6:42:49 PM webapp.storage.AbstractStorage save
INFO: &amp#27;[32mSave ef493425-ad7f-4978-b041-904e0ad1fe6e(uuid5422)
сент. 19, 2025 6:42:49 PM webapp.storage.AbstractStorage save
INFO: &amp#27;[32mSave 984251cb-2c63-450b-9ee2-6d7cdfce561a(uuid5423)
сент. 19, 2025 6:42:49 PM webapp.storage.AbstractStorage save
INFO: &amp#27;[32mSave cae793dc-f21d-4890-9a88-e6cf4fa6d532(uuid5424)
сент. 19, 2025 6:42:49 PM webapp.storage.AbstractStorage save
INFO: &amp#27;[32mSave 6cb75b8c-99fb-42a3-a37e-53b02a034212(uuid5425)
сент. 19, 2025 6:42:49 PM webapp.storage.AbstractStorage save
INFO: &amp#27;[32mSave c2b6e66b-a6c2-490e-b9f8-085adf3c66b7(uuid5426)
сент. 19, 2025 6:42:49 PM webapp.storage.AbstractStorage save
INFO: &amp#27;[32mSave 6b6dd0c4-f0a7-485a-9e43-02c51183be9a(uuid5427)
сент. 19, 2025 6:42:49 PM webapp.storage.AbstractStorage save
INFO: &amp#27;[32mSave 1da11575-4577-47b1-b20e-97471fede890(uuid5428)
сент. 19, 2025 6:42:49 PM webapp.storage.AbstractStorage save
INFO: &amp#27;[32mSave d03720f7-432d-4216-b6cf-b41bba32097d(uuid5429)
сент. 19, 2025 6:42:49 PM webapp.storage.AbstractStorage save
INFO: &amp#27;[32mSave 21f4e8b3-e40c-4db4-8a9b-ff38dac74680(uuid5430)
сент. 19, 2025 6:42:49 PM webapp.storage.AbstractStorage save
INFO: &amp#27;[32mSave 7ee4071e-7b39-4897-ba37-ebddbd733da6(uuid5431)
сент. 19, 2025 6:42:49 PM webapp.storage.AbstractStorage save
INFO: &amp#27;[32mSave c03fc364-f154-4fa0-88c6-727dff2ce4f4(uuid5432)
сент. 19, 2025 6:42:49 PM webapp.storage.AbstractStorage save
INFO: &amp#27;[32mSave 22597e2a-a00b-45eb-a0e0-93561fa40378(uuid5433)
сент. 19, 2025 6:42:49 PM webapp.storage.AbstractStorage save
INFO: &amp#27;[32mSave dbbd8db6-87a2-4478-bb2a-0c8addc26209(uuid5434)
сент. 19, 2025 6:42:49 PM webapp.storage.AbstractStorage save
INFO: &amp#27;[32mSave 4b67ce9d-b50d-446a-bb13-6e21c552b99d(uuid5435)
сент. 19, 2025 6:42:49 PM webapp.storage.AbstractStorage save
INFO: &amp#27;[32mSave 8589e0e9-c789-424c-8759-11bf20add3bd(uuid5436)
сент. 19, 2025 6:42:49 PM webapp.storage.AbstractStorage save
INFO: &amp#27;[32mSave 034e52e9-d2b8-426f-8f06-f1effdcbbde7(uuid5437)
сент. 19, 2025 6:42:49 PM webapp.storage.AbstractStorage save
INFO: &amp#27;[32mSave 629b8135-09cd-4511-9bca-458c3da56c3d(uuid5438)
сент. 19, 2025 6:42:49 PM webapp.storage.AbstractStorage save
INFO: &amp#27;[32mSave 71946dd9-11df-41dc-bd39-58e75b0e9fef(uuid5439)
сент. 19, 2025 6:42:49 PM webapp.storage.AbstractStorage save
INFO: &amp#27;[32mSave 2aa899f6-257a-4c05-8748-a43c38bb36c2(uuid5440)
сент. 19, 2025 6:42:49 PM webapp.storage.AbstractStorage save
INFO: &amp#27;[32mSave d5637af7-d1fd-4722-9c4f-b5ecd1c7c928(uuid5441)
сент. 19, 2025 6:42:49 PM webapp.storage.AbstractStorage save
INFO: &amp#27;[32mSave 7b25de0a-03fe-4e2a-9f57-ff5e1f899db9(uuid5442)
сент. 19, 2025 6:42:49 PM webapp.storage.AbstractStorage save
INFO: &amp#27;[32mSave 01eb4670-ee6c-4674-9030-7de25d93ecde(uuid5443)
сент. 19, 2025 6:42:49 PM webapp.storage.AbstractStorage save
INFO: &amp#27;[32mSave 7e700fff-f642-472c-91f2-1e3c94104d7d(uuid5444)
сент. 19, 2025 6:42:49 PM webapp.storage.AbstractStorage save
INFO: &amp#27;[32mSave 7a4efa5f-fe6a-4540-93ca-bd7188e4d6a6(uuid5445)
сент. 19, 2025 6:42:49 PM webapp.storage.AbstractStorage save
INFO: &amp#27;[32mSave 592e9d65-ea39-4e7d-a6e2-ef20f3f27191(uuid5446)
сент. 19, 2025 6:42:49 PM webapp.storage.AbstractStorage save
INFO: &amp#27;[32mSave c0b76a17-6660-4ecb-be00-6e3e34a9cbad(uuid5447)
сент. 19, 2025 6:42:49 PM webapp.storage.AbstractStorage save
INFO: &amp#27;[32mSave fd7ad9c5-4c4f-4dd8-b56d-f26043841779(uuid5448)
сент. 19, 2025 6:42:49 PM webapp.storage.AbstractStorage save
INFO: &amp#27;[32mSave 2ff55dc5-ebc4-4759-b332-694efa338260(uuid5449)
сент. 19, 2025 6:42:49 PM webapp.storage.AbstractStorage save
INFO: &amp#27;[32mSave 67ebae12-9d19-4b8d-b1f7-e7e3c253bfb0(uuid5450)
сент. 19, 2025 6:42:49 PM webapp.storage.AbstractStorage save
INFO: &amp#27;[32mSave b3b92b26-7736-424d-bb69-6c9a5456cad4(uuid5451)
сент. 19, 2025 6:42:49 PM webapp.storage.AbstractStorage save
INFO: &amp#27;[32mSave 492f1e56-2e0b-4b45-b145-961ed57f0a9c(uuid5452)
сент. 19, 2025 6:42:49 PM webapp.storage.AbstractStorage save
INFO: &amp#27;[32mSave 73b55f22-c2d0-4b56-afa3-559e0baa82b9(uuid5453)
сент. 19, 2025 6:42:49 PM webapp.storage.AbstractStorage save
INFO: &amp#27;[32mSave 6e03c1d9-4434-40f4-8b62-1cb691bfd11e(uuid5454)
сент. 19, 2025 6:42:49 PM webapp.storage.AbstractStorage save
INFO: &amp#27;[32mSave 381fc8ec-c088-4bd0-b500-a32ae9799c8e(uuid5455)
сент. 19, 2025 6:42:49 PM webapp.storage.AbstractStorage save
INFO: &amp#27;[32mSave 2379158a-b14d-487d-ab7a-a848eb33b7ea(uuid5456)
сент. 19, 2025 6:42:49 PM webapp.storage.AbstractStorage save
INFO: &amp#27;[32mSave c1bf91f2-c183-45db-9e01-ce9d98f5d3cd(uuid5457)
сент. 19, 2025 6:42:49 PM webapp.storage.AbstractStorage save
INFO: &amp#27;[32mSave b6fb26ec-e797-4e0a-a8b2-a44af93ff8e2(uuid5458)
сент. 19, 2025 6:42:49 PM webapp.storage.AbstractStorage save
INFO: &amp#27;[32mSave 9f5ab1a7-c5b3-4b58-8c94-4a2c8ba12cc5(uuid5459)
сент. 19, 2025 6:42:49 PM webapp.storage.AbstractStorage save
INFO: &amp#27;[32mSave 0e23b624-d53b-41da-aa76-806863dbfdf1(uuid5460)
сент. 19, 2025 6:42:49 PM webapp.storage.AbstractStorage save
INFO: &amp#27;[32mSave ed23c708-0115-43ee-a113-d454b248598b(uuid5461)
сент. 19, 2025 6:42:49 PM webapp.storage.AbstractStorage save
INFO: &amp#27;[32mSave 93ac4b74-c168-4ada-8c1d-08c18bca9d30(uuid5462)
сент. 19, 2025 6:42:49 PM webapp.storage.AbstractStorage save
INFO: &amp#27;[32mSave 47d0de9e-7d40-4e6f-87b5-c607cc694c54(uuid5463)
сент. 19, 2025 6:42:49 PM webapp.storage.AbstractStorage save
INFO: &amp#27;[32mSave 14e016c6-f2ac-4df5-bf1d-c489d0b488ac(uuid5464)
сент. 19, 2025 6:42:49 PM webapp.storage.AbstractStorage save
INFO: &amp#27;[32mSave fd2c7611-3f7c-4ac5-b07a-cf16dd88358d(uuid5465)
сент. 19, 2025 6:42:49 PM webapp.storage.AbstractStorage save
INFO: &amp#27;[32mSave bdda3189-fb0c-4200-859c-dc8e234d6789(uuid5466)
сент. 19, 2025 6:42:49 PM webapp.storage.AbstractStorage save
INFO: &amp#27;[32mSave a961226f-bf48-4c9c-928b-59667b8b203a(uuid5467)
сент. 19, 2025 6:42:49 PM webapp.storage.AbstractStorage save
INFO: &amp#27;[32mSave 3b984204-6caf-4b43-9395-44c3dd3f9750(uuid5468)
сент. 19, 2025 6:42:49 PM webapp.storage.AbstractStorage save
INFO: &amp#27;[32mSave 04d5d238-1f06-4816-bc14-261fdead16dc(uuid5469)
сент. 19, 2025 6:42:49 PM webapp.storage.AbstractStorage save
INFO: &amp#27;[32mSave afd87271-bc82-40c7-941b-e8a3b672c7f6(uuid5470)
сент. 19, 2025 6:42:49 PM webapp.storage.AbstractStorage save
INFO: &amp#27;[32mSave 4416bc2e-e4cb-4a49-9a2a-2ae65ee41149(uuid5471)
сент. 19, 2025 6:42:49 PM webapp.storage.AbstractStorage save
INFO: &amp#27;[32mSave 77a474c5-1b47-466f-97a7-8076bc28a375(uuid5472)
сент. 19, 2025 6:42:49 PM webapp.storage.AbstractStorage save
INFO: &amp#27;[32mSave cdf9f2a2-4ccd-46f6-9c3c-466eabd83daa(uuid5473)
сент. 19, 2025 6:42:49 PM webapp.storage.AbstractStorage save
INFO: &amp#27;[32mSave 505ae076-a3a5-4c8b-999b-b45d442e1ae1(uuid5474)
сент. 19, 2025 6:42:49 PM webapp.storage.AbstractStorage save
INFO: &amp#27;[32mSave e24043f2-8836-4ab7-b58c-dc85b9506eff(uuid5475)
сент. 19, 2025 6:42:49 PM webapp.storage.AbstractStorage save
INFO: &amp#27;[32mSave 4b9426aa-f886-4619-ac54-56c8a51fe3c8(uuid5476)
сент. 19, 2025 6:42:49 PM webapp.storage.AbstractStorage save
INFO: &amp#27;[32mSave 79046fd1-45a4-40fe-9f93-8aaddb82c9fe(uuid5477)
сент. 19, 2025 6:42:49 PM webapp.storage.AbstractStorage save
INFO: &amp#27;[32mSave a97dc9c0-dc6d-4fa9-b651-aa9f7aaaa931(uuid5478)
сент. 19, 2025 6:42:49 PM webapp.storage.AbstractStorage save
INFO: &amp#27;[32mSave 7be758ba-79ee-4bb8-9654-478666d6fa38(uuid5479)
сент. 19, 2025 6:42:49 PM webapp.storage.AbstractStorage save
INFO: &amp#27;[32mSave cca5718c-09bb-4a74-904b-0d0c933becfe(uuid5480)
сент. 19, 2025 6:42:49 PM webapp.storage.AbstractStorage save
INFO: &amp#27;[32mSave fcec3660-e1e0-495d-a0aa-6b00abeaded7(uuid5481)
сент. 19, 2025 6:42:49 PM webapp.storage.AbstractStorage save
INFO: &amp#27;[32mSave 650e7414-c4a1-40ce-8fe4-f87136d5d834(uuid5482)
сент. 19, 2025 6:42:49 PM webapp.storage.AbstractStorage save
INFO: &amp#27;[32mSave e9c6820a-1566-4e5a-9b35-46812e73e623(uuid5483)
сент. 19, 2025 6:42:49 PM webapp.storage.AbstractStorage save
INFO: &amp#27;[32mSave 4d223de8-6647-4661-87a1-ee6385fe8dcd(uuid5484)
сент. 19, 2025 6:42:49 PM webapp.storage.AbstractStorage save
INFO: &amp#27;[32mSave 80a4f937-65c7-4a4a-b583-66537f02be36(uuid5485)
сент. 19, 2025 6:42:49 PM webapp.storage.AbstractStorage save
INFO: &amp#27;[32mSave a6160074-5f78-4dc1-91fb-176205842ba6(uuid5486)
сент. 19, 2025 6:42:49 PM webapp.storage.AbstractStorage save
INFO: &amp#27;[32mSave 774d0783-8568-4eba-8d4d-733e126953b3(uuid5487)
сент. 19, 2025 6:42:49 PM webapp.storage.AbstractStorage save
INFO: &amp#27;[32mSave be99444b-6f69-4143-a3a0-ed60c85589ee(uuid5488)
сент. 19, 2025 6:42:49 PM webapp.storage.AbstractStorage save
INFO: &amp#27;[32mSave 9ba951b6-15f2-4492-9287-da1df4a58bf2(uuid5489)
сент. 19, 2025 6:42:49 PM webapp.storage.AbstractStorage save
INFO: &amp#27;[32mSave 2318c149-1e01-4b3a-8db8-a922d27325a3(uuid5490)
сент. 19, 2025 6:42:49 PM webapp.storage.AbstractStorage save
INFO: &amp#27;[32mSave 375becbc-c2f4-4692-afa0-3c9556230811(uuid5491)
сент. 19, 2025 6:42:49 PM webapp.storage.AbstractStorage save
INFO: &amp#27;[32mSave 3cf8ae51-d2da-4cf4-8a9a-2efb94c3b30e(uuid5492)
сент. 19, 2025 6:42:49 PM webapp.storage.AbstractStorage save
INFO: &amp#27;[32mSave edcb7c8a-7f8a-479b-9424-719d07018a5b(uuid5493)
сент. 19, 2025 6:42:49 PM webapp.storage.AbstractStorage save
INFO: &amp#27;[32mSave 413eb964-64df-4d09-a172-ef1c98237758(uuid5494)
сент. 19, 2025 6:42:49 PM webapp.storage.AbstractStorage save
INFO: &amp#27;[32mSave ab7d05c1-9a5e-4bbd-a192-7b5013817358(uuid5495)
сент. 19, 2025 6:42:49 PM webapp.storage.AbstractStorage save
INFO: &amp#27;[32mSave 102bbffb-c99c-4c40-a2a6-d53a97fbce0f(uuid5496)
сент. 19, 2025 6:42:49 PM webapp.storage.AbstractStorage save
INFO: &amp#27;[32mSave 18c6458e-a877-4b01-8ff6-7e6e952ff57e(uuid5497)
сент. 19, 2025 6:42:49 PM webapp.storage.AbstractStorage save
INFO: &amp#27;[32mSave 11934908-0d50-4a86-8952-8af98e1413fc(uuid5498)
сент. 19, 2025 6:42:49 PM webapp.storage.AbstractStorage save
INFO: &amp#27;[32mSave 750e168c-f9d6-414e-afb0-fae2e32aba73(uuid5499)
сент. 19, 2025 6:42:49 PM webapp.storage.AbstractStorage save
INFO: &amp#27;[32mSave 1ba07584-f721-4e05-9e30-51070e55c12f(uuid5500)
сент. 19, 2025 6:42:49 PM webapp.storage.AbstractStorage save
INFO: &amp#27;[32mSave a6971f21-058b-4d1e-ae47-7ea4b0054c86(uuid5501)
сент. 19, 2025 6:42:49 PM webapp.storage.AbstractStorage save
INFO: &amp#27;[32mSave cd3c572c-fa68-4e49-9f36-2908f43d781f(uuid5502)
сент. 19, 2025 6:42:49 PM webapp.storage.AbstractStorage save
INFO: &amp#27;[32mSave 6afb9b65-b1e5-4782-a4d6-77e806df145d(uuid5503)
сент. 19, 2025 6:42:49 PM webapp.storage.AbstractStorage save
INFO: &amp#27;[32mSave f3e61e80-d16c-4e05-b733-c651b78387a3(uuid5504)
сент. 19, 2025 6:42:49 PM webapp.storage.AbstractStorage save
INFO: &amp#27;[32mSave 82c42922-3068-4475-a7e1-49b7004340f9(uuid5505)
сент. 19, 2025 6:42:49 PM webapp.storage.AbstractStorage save
INFO: &amp#27;[32mSave aacc3839-586e-4c0b-82db-1144480602e6(uuid5506)
сент. 19, 2025 6:42:49 PM webapp.storage.AbstractStorage save
INFO: &amp#27;[32mSave b2a8a4c6-c1f2-4e6d-82ad-1677ce7208f4(uuid5507)
сент. 19, 2025 6:42:49 PM webapp.storage.AbstractStorage save
INFO: &amp#27;[32mSave 9aadf763-24f6-4af3-a15f-938c140d68f5(uuid5508)
сент. 19, 2025 6:42:49 PM webapp.storage.AbstractStorage save
INFO: &amp#27;[32mSave f21a3782-c06f-4a27-8f95-32220a07037f(uuid5509)
сент. 19, 2025 6:42:49 PM webapp.storage.AbstractStorage save
INFO: &amp#27;[32mSave 1be9d105-64fc-401f-b2a8-a3b1d5a229a2(uuid5510)
сент. 19, 2025 6:42:49 PM webapp.storage.AbstractStorage save
INFO: &amp#27;[32mSave 6132e5ec-c886-4c92-ad38-ec145cbca9f5(uuid5511)
сент. 19, 2025 6:42:49 PM webapp.storage.AbstractStorage save
INFO: &amp#27;[32mSave 3bdf5bf0-6620-4d7d-b3eb-e3093ff2661b(uuid5512)
сент. 19, 2025 6:42:49 PM webapp.storage.AbstractStorage save
INFO: &amp#27;[32mSave 8df16f6a-1fa9-4c4b-867d-d8476dff59b7(uuid5513)
сент. 19, 2025 6:42:49 PM webapp.storage.AbstractStorage save
INFO: &amp#27;[32mSave f3645dcc-54bf-497f-a2b5-062b22f8f936(uuid5514)
сент. 19, 2025 6:42:49 PM webapp.storage.AbstractStorage save
INFO: &amp#27;[32mSave 352366ec-4d34-48cb-8d3e-123024ed3fbc(uuid5515)
сент. 19, 2025 6:42:49 PM webapp.storage.AbstractStorage save
INFO: &amp#27;[32mSave 2b9707eb-767a-4d8b-bb24-efb30d3fca50(uuid5516)
сент. 19, 2025 6:42:49 PM webapp.storage.AbstractStorage save
INFO: &amp#27;[32mSave 2df62d15-395b-4c8e-88ba-7c741902c29c(uuid5517)
сент. 19, 2025 6:42:49 PM webapp.storage.AbstractStorage save
INFO: &amp#27;[32mSave 38c5bff4-3949-4fbf-881c-b7a5f34dbc9b(uuid5518)
сент. 19, 2025 6:42:49 PM webapp.storage.AbstractStorage save
INFO: &amp#27;[32mSave 8faaf41d-0408-4c93-a5ca-1baf29dbb7d1(uuid5519)
сент. 19, 2025 6:42:49 PM webapp.storage.AbstractStorage save
INFO: &amp#27;[32mSave 45b9aad7-0dbd-4265-9512-a8e9e5b851a0(uuid5520)
сент. 19, 2025 6:42:49 PM webapp.storage.AbstractStorage save
INFO: &amp#27;[32mSave fa82d315-9a9c-4588-bc9c-9043d982fd18(uuid5521)
сент. 19, 2025 6:42:49 PM webapp.storage.AbstractStorage save
INFO: &amp#27;[32mSave b8df243d-5386-4cc8-8905-1d4607f35a7a(uuid5522)
сент. 19, 2025 6:42:49 PM webapp.storage.AbstractStorage save
INFO: &amp#27;[32mSave fcd0e5ba-8cf5-40a0-a2b0-e053b43466a4(uuid5523)
сент. 19, 2025 6:42:49 PM webapp.storage.AbstractStorage save
INFO: &amp#27;[32mSave e8dc74b2-977a-4856-bb42-98815e1ba4fa(uuid5524)
сент. 19, 2025 6:42:49 PM webapp.storage.AbstractStorage save
INFO: &amp#27;[32mSave c09ce2fc-6463-4425-8bc4-c97b8dcc5325(uuid5525)
сент. 19, 2025 6:42:49 PM webapp.storage.AbstractStorage save
INFO: &amp#27;[32mSave 00b5afe7-e73c-4811-b958-9c7548521265(uuid5526)
сент. 19, 2025 6:42:49 PM webapp.storage.AbstractStorage save
INFO: &amp#27;[32mSave 5344705f-2025-4418-aa77-f495856e7e46(uuid5527)
сент. 19, 2025 6:42:49 PM webapp.storage.AbstractStorage save
INFO: &amp#27;[32mSave 71a41823-0461-4f04-8d50-3461e2245a31(uuid5528)
сент. 19, 2025 6:42:49 PM webapp.storage.AbstractStorage save
INFO: &amp#27;[32mSave b05f59d9-4f69-4ea7-8382-114847e35d55(uuid5529)
сент. 19, 2025 6:42:49 PM webapp.storage.AbstractStorage save
INFO: &amp#27;[32mSave c99200fa-28e0-4aca-9b70-008bdbcc71c5(uuid5530)
сент. 19, 2025 6:42:49 PM webapp.storage.AbstractStorage save
INFO: &amp#27;[32mSave 532c7875-c482-44c3-a733-8f354e36e812(uuid5531)
сент. 19, 2025 6:42:49 PM webapp.storage.AbstractStorage save
INFO: &amp#27;[32mSave fab360ce-d416-4875-945b-da6f8e4408fd(uuid5532)
сент. 19, 2025 6:42:49 PM webapp.storage.AbstractStorage save
INFO: &amp#27;[32mSave c33d6cf1-5d39-4efc-8073-bf78188d218b(uuid5533)
сент. 19, 2025 6:42:49 PM webapp.storage.AbstractStorage save
INFO: &amp#27;[32mSave 786fea20-4d89-44fe-8c95-3e30ef8a94a8(uuid5534)
сент. 19, 2025 6:42:49 PM webapp.storage.AbstractStorage save
INFO: &amp#27;[32mSave a30784fc-5f55-441e-8786-a7b0e91a757c(uuid5535)
сент. 19, 2025 6:42:49 PM webapp.storage.AbstractStorage save
INFO: &amp#27;[32mSave 3c88e98d-aca0-4ef5-ae30-cd28354fafc6(uuid5536)
сент. 19, 2025 6:42:49 PM webapp.storage.AbstractStorage save
INFO: &amp#27;[32mSave 0f65ca74-146d-4596-b613-c4caf040629d(uuid5537)
сент. 19, 2025 6:42:49 PM webapp.storage.AbstractStorage save
INFO: &amp#27;[32mSave 77a5ff67-7417-4f09-ab06-529e22255be6(uuid5538)
сент. 19, 2025 6:42:49 PM webapp.storage.AbstractStorage save
INFO: &amp#27;[32mSave 25aa815d-f98d-4359-be1b-d02cb37fc80c(uuid5539)
сент. 19, 2025 6:42:49 PM webapp.storage.AbstractStorage save
INFO: &amp#27;[32mSave 0f269ac1-b1b0-4d42-989f-ff6f82da3f05(uuid5540)
сент. 19, 2025 6:42:49 PM webapp.storage.AbstractStorage save
INFO: &amp#27;[32mSave 7ddf4c99-1418-477c-970a-642d36f0dc9f(uuid5541)
сент. 19, 2025 6:42:49 PM webapp.storage.AbstractStorage save
INFO: &amp#27;[32mSave cc1e4cc5-4b64-4f84-9183-77c0ad37983a(uuid5542)
сент. 19, 2025 6:42:49 PM webapp.storage.AbstractStorage save
INFO: &amp#27;[32mSave d74b498b-2146-44c3-aae4-0da175c66e6d(uuid5543)
сент. 19, 2025 6:42:49 PM webapp.storage.AbstractStorage save
INFO: &amp#27;[32mSave d9e87d3e-a1c7-4666-9c86-4681e225e2f8(uuid5544)
сент. 19, 2025 6:42:49 PM webapp.storage.AbstractStorage save
INFO: &amp#27;[32mSave bb6f9b92-058f-4422-910d-8f6a108e18df(uuid5545)
сент. 19, 2025 6:42:49 PM webapp.storage.AbstractStorage save
INFO: &amp#27;[32mSave e91c77c5-a2ab-4e99-a7fb-eec24ea4b9be(uuid5546)
сент. 19, 2025 6:42:49 PM webapp.storage.AbstractStorage save
INFO: &amp#27;[32mSave 0d6817c0-228c-4c58-97f4-1c0904c0aa05(uuid5547)
сент. 19, 2025 6:42:49 PM webapp.storage.AbstractStorage save
INFO: &amp#27;[32mSave fa50d4cf-9fca-4ef0-8d7a-b2b152d9e73f(uuid5548)
сент. 19, 2025 6:42:49 PM webapp.storage.AbstractStorage save
INFO: &amp#27;[32mSave c158dc45-3d31-4464-b568-2f6a161ff2fb(uuid5549)
сент. 19, 2025 6:42:49 PM webapp.storage.AbstractStorage save
INFO: &amp#27;[32mSave 5f02d93c-18d6-4991-95b4-972bf4ed71e5(uuid5550)
сент. 19, 2025 6:42:49 PM webapp.storage.AbstractStorage save
INFO: &amp#27;[32mSave 85c3eb01-6a6e-4903-8d21-c25429f3fd4d(uuid5551)
сент. 19, 2025 6:42:49 PM webapp.storage.AbstractStorage save
INFO: &amp#27;[32mSave ca9408a6-091f-421e-9aed-2224d3cb36c7(uuid5552)
сент. 19, 2025 6:42:49 PM webapp.storage.AbstractStorage save
INFO: &amp#27;[32mSave 5150b44e-4ae5-407d-930d-86873c154609(uuid5553)
сент. 19, 2025 6:42:49 PM webapp.storage.AbstractStorage save
INFO: &amp#27;[32mSave e5263e7a-efcf-4c8d-ac5b-75c5b4706cd3(uuid5554)
сент. 19, 2025 6:42:49 PM webapp.storage.AbstractStorage save
INFO: &amp#27;[32mSave 4e2b0daf-bcba-43dc-82d2-2daeb176e06d(uuid5555)
сент. 19, 2025 6:42:49 PM webapp.storage.AbstractStorage save
INFO: &amp#27;[32mSave cc0ec221-8415-4a73-be71-df0d85bb9537(uuid5556)
сент. 19, 2025 6:42:49 PM webapp.storage.AbstractStorage save
INFO: &amp#27;[32mSave b914d42d-ee0d-41ba-af32-b22bd72e8bbf(uuid5557)
сент. 19, 2025 6:42:49 PM webapp.storage.AbstractStorage save
INFO: &amp#27;[32mSave e3ca2485-d58e-4ae9-b40e-6205b1d715d0(uuid5558)
сент. 19, 2025 6:42:49 PM webapp.storage.AbstractStorage save
INFO: &amp#27;[32mSave 7b9d3a7e-f6e5-4f91-b5c7-d8adbc018b49(uuid5559)
сент. 19, 2025 6:42:49 PM webapp.storage.AbstractStorage save
INFO: &amp#27;[32mSave d37056b4-f6e3-405e-9f0e-30774c776353(uuid5560)
сент. 19, 2025 6:42:49 PM webapp.storage.AbstractStorage save
INFO: &amp#27;[32mSave 16d12a49-dbe1-445f-b356-3ea5085318f5(uuid5561)
сент. 19, 2025 6:42:49 PM webapp.storage.AbstractStorage save
INFO: &amp#27;[32mSave 9b5c3b72-4c79-4a6e-bedf-71561d06c674(uuid5562)
сент. 19, 2025 6:42:49 PM webapp.storage.AbstractStorage save
INFO: &amp#27;[32mSave 667168c5-751c-48ad-9863-4198adbfe94e(uuid5563)
сент. 19, 2025 6:42:49 PM webapp.storage.AbstractStorage save
INFO: &amp#27;[32mSave 96fc6fcd-ea0d-4b0f-b9c0-0fc1392b50df(uuid5564)
сент. 19, 2025 6:42:49 PM webapp.storage.AbstractStorage save
INFO: &amp#27;[32mSave 2641f634-a10d-487a-9dae-329b5a5271db(uuid5565)
сент. 19, 2025 6:42:49 PM webapp.storage.AbstractStorage save
INFO: &amp#27;[32mSave ad305348-a638-47c8-987b-b7d80fece7e4(uuid5566)
сент. 19, 2025 6:42:49 PM webapp.storage.AbstractStorage save
INFO: &amp#27;[32mSave 63a91f21-a379-4e38-8155-2a5a981232e6(uuid5567)
сент. 19, 2025 6:42:49 PM webapp.storage.AbstractStorage save
INFO: &amp#27;[32mSave f3d20e67-76ec-415b-a18d-06db7d35030a(uuid5568)
сент. 19, 2025 6:42:49 PM webapp.storage.AbstractStorage save
INFO: &amp#27;[32mSave 248b94b4-8588-49f4-87fa-d9b69f38be32(uuid5569)
сент. 19, 2025 6:42:49 PM webapp.storage.AbstractStorage save
INFO: &amp#27;[32mSave 68374d69-9dda-454c-ba2f-4918291cfdc8(uuid5570)
сент. 19, 2025 6:42:49 PM webapp.storage.AbstractStorage save
INFO: &amp#27;[32mSave eccfc0bc-44e8-474f-97f1-ce096ededc0b(uuid5571)
сент. 19, 2025 6:42:49 PM webapp.storage.AbstractStorage save
INFO: &amp#27;[32mSave 35419f29-b549-481f-96db-88f08aa5ea85(uuid5572)
сент. 19, 2025 6:42:49 PM webapp.storage.AbstractStorage save
INFO: &amp#27;[32mSave 905719cc-e61d-46ec-9702-f93dbf70ceef(uuid5573)
сент. 19, 2025 6:42:49 PM webapp.storage.AbstractStorage save
INFO: &amp#27;[32mSave d92896b2-b8ef-4a98-b8d6-9cd6d958c1c9(uuid5574)
сент. 19, 2025 6:42:49 PM webapp.storage.AbstractStorage save
INFO: &amp#27;[32mSave d43029f9-8dc3-41a9-876e-4b0b0216d3f2(uuid5575)
сент. 19, 2025 6:42:49 PM webapp.storage.AbstractStorage save
INFO: &amp#27;[32mSave b4b0ac3c-35d3-473b-870b-ddf53c812fea(uuid5576)
сент. 19, 2025 6:42:49 PM webapp.storage.AbstractStorage save
INFO: &amp#27;[32mSave 04184f8c-0740-49f7-b134-20052fc30988(uuid5577)
сент. 19, 2025 6:42:49 PM webapp.storage.AbstractStorage save
INFO: &amp#27;[32mSave 93d89cd5-7f26-455b-a3bb-2757a8718dfe(uuid5578)
сент. 19, 2025 6:42:49 PM webapp.storage.AbstractStorage save
INFO: &amp#27;[32mSave e3fb337b-ee1a-4f96-9bfc-7eb124186877(uuid5579)
сент. 19, 2025 6:42:49 PM webapp.storage.AbstractStorage save
INFO: &amp#27;[32mSave e4a18697-6e4f-4c90-aab7-2ebe88866269(uuid5580)
сент. 19, 2025 6:42:49 PM webapp.storage.AbstractStorage save
INFO: &amp#27;[32mSave 0d752d86-2200-42fc-b66e-bed60bf9787d(uuid5581)
сент. 19, 2025 6:42:49 PM webapp.storage.AbstractStorage save
INFO: &amp#27;[32mSave 0dc8e115-10db-44bd-8650-c1f2f87ec8ea(uuid5582)
сент. 19, 2025 6:42:49 PM webapp.storage.AbstractStorage save
INFO: &amp#27;[32mSave 14a88b01-2c63-4daa-8127-84fdb4a82290(uuid5583)
сент. 19, 2025 6:42:49 PM webapp.storage.AbstractStorage save
INFO: &amp#27;[32mSave cf6719f2-ce40-44e8-be58-ad1e1f252f92(uuid5584)
сент. 19, 2025 6:42:49 PM webapp.storage.AbstractStorage save
INFO: &amp#27;[32mSave 50fcd54c-3906-4339-90ca-a0fffa2ab47b(uuid5585)
сент. 19, 2025 6:42:49 PM webapp.storage.AbstractStorage save
INFO: &amp#27;[32mSave f10379a4-3176-4d33-a858-dbec3f901091(uuid5586)
сент. 19, 2025 6:42:49 PM webapp.storage.AbstractStorage save
INFO: &amp#27;[32mSave f14e7876-7966-490e-a4cd-e7d728ff024e(uuid5587)
сент. 19, 2025 6:42:49 PM webapp.storage.AbstractStorage save
INFO: &amp#27;[32mSave 6a293d11-bd61-4f1f-bf9f-c653650f114f(uuid5588)
сент. 19, 2025 6:42:49 PM webapp.storage.AbstractStorage save
INFO: &amp#27;[32mSave 8f34d236-0a96-4bf8-96b5-7365cebd8c66(uuid5589)
сент. 19, 2025 6:42:49 PM webapp.storage.AbstractStorage save
INFO: &amp#27;[32mSave 3614e5fa-ab31-436f-bd25-0f200251f66f(uuid5590)
сент. 19, 2025 6:42:49 PM webapp.storage.AbstractStorage save
INFO: &amp#27;[32mSave c20d3d18-88cf-45de-a44e-108cf5cfd97f(uuid5591)
сент. 19, 2025 6:42:49 PM webapp.storage.AbstractStorage save
INFO: &amp#27;[32mSave 991259b1-a18d-4b2e-9bba-0c409a240c9a(uuid5592)
сент. 19, 2025 6:42:49 PM webapp.storage.AbstractStorage save
INFO: &amp#27;[32mSave e535fa89-fce2-49d9-a413-501c309effed(uuid5593)
сент. 19, 2025 6:42:49 PM webapp.storage.AbstractStorage save
INFO: &amp#27;[32mSave 62ee194d-927e-4224-9c31-796adab399cd(uuid5594)
сент. 19, 2025 6:42:49 PM webapp.storage.AbstractStorage save
INFO: &amp#27;[32mSave 1e2c3ca7-a895-4a08-838f-d9032cce2dc6(uuid5595)
сент. 19, 2025 6:42:49 PM webapp.storage.AbstractStorage save
INFO: &amp#27;[32mSave ba10f1b8-7e51-4f66-bde3-0b0e3738946b(uuid5596)
сент. 19, 2025 6:42:49 PM webapp.storage.AbstractStorage save
INFO: &amp#27;[32mSave 7e7c8f07-2469-437f-81b9-8e929efd0b3a(uuid5597)
сент. 19, 2025 6:42:49 PM webapp.storage.AbstractStorage save
INFO: &amp#27;[32mSave 2ed461f6-3e42-430d-9ff5-11e949965550(uuid5598)
сент. 19, 2025 6:42:49 PM webapp.storage.AbstractStorage save
INFO: &amp#27;[32mSave cf947053-341b-41af-b025-72807f0ccdd8(uuid5599)
сент. 19, 2025 6:42:49 PM webapp.storage.AbstractStorage save
INFO: &amp#27;[32mSave be725144-4099-40fc-8211-1f952a470af8(uuid5600)
сент. 19, 2025 6:42:49 PM webapp.storage.AbstractStorage save
INFO: &amp#27;[32mSave 29c0ea88-fb4c-4348-89d2-e5dfdbcce935(uuid5601)
сент. 19, 2025 6:42:49 PM webapp.storage.AbstractStorage save
INFO: &amp#27;[32mSave 3e3ae7a8-fe98-4ae9-aae8-f4a1494c348a(uuid5602)
сент. 19, 2025 6:42:49 PM webapp.storage.AbstractStorage save
INFO: &amp#27;[32mSave aaea49ec-6047-419d-97dd-1e5c78a08983(uuid5603)
сент. 19, 2025 6:42:49 PM webapp.storage.AbstractStorage save
INFO: &amp#27;[32mSave 01bec476-5dde-4730-8025-e536d2bd403a(uuid5604)
сент. 19, 2025 6:42:49 PM webapp.storage.AbstractStorage save
INFO: &amp#27;[32mSave 1cfcd404-ae04-4332-aac6-fd62789030e9(uuid5605)
сент. 19, 2025 6:42:49 PM webapp.storage.AbstractStorage save
INFO: &amp#27;[32mSave 07fc00e1-8e88-4c63-80a0-c002b54666b0(uuid5606)
сент. 19, 2025 6:42:49 PM webapp.storage.AbstractStorage save
INFO: &amp#27;[32mSave 4b567844-7792-4260-a6a7-878f9da61289(uuid5607)
сент. 19, 2025 6:42:49 PM webapp.storage.AbstractStorage save
INFO: &amp#27;[32mSave 5e81ba36-68f7-4404-8288-1b9d1a7d3631(uuid5608)
сент. 19, 2025 6:42:49 PM webapp.storage.AbstractStorage save
INFO: &amp#27;[32mSave f0e66e19-c4c7-46b4-8163-116a9eef8a34(uuid5609)
сент. 19, 2025 6:42:49 PM webapp.storage.AbstractStorage save
INFO: &amp#27;[32mSave 6b839dab-37fb-47c7-adab-fa7793d24295(uuid5610)
сент. 19, 2025 6:42:49 PM webapp.storage.AbstractStorage save
INFO: &amp#27;[32mSave 6635fb26-aaf8-4aea-9230-859cd37af005(uuid5611)
сент. 19, 2025 6:42:49 PM webapp.storage.AbstractStorage save
INFO: &amp#27;[32mSave 2cd4d915-5d67-4ea8-b62b-fd6b88ecb9e4(uuid5612)
сент. 19, 2025 6:42:49 PM webapp.storage.AbstractStorage save
INFO: &amp#27;[32mSave df638a2f-2b0b-43ae-899e-a421a22b7108(uuid5613)
сент. 19, 2025 6:42:49 PM webapp.storage.AbstractStorage save
INFO: &amp#27;[32mSave 8f465a51-d4bd-469f-97e8-12c54bb6d76e(uuid5614)
сент. 19, 2025 6:42:49 PM webapp.storage.AbstractStorage save
INFO: &amp#27;[32mSave ea4089b8-2e37-4292-8182-633dfc9e4ce3(uuid5615)
сент. 19, 2025 6:42:49 PM webapp.storage.AbstractStorage save
INFO: &amp#27;[32mSave dbf7977c-8731-444d-ab09-e480ae6a3549(uuid5616)
сент. 19, 2025 6:42:49 PM webapp.storage.AbstractStorage save
INFO: &amp#27;[32mSave 2e81e7e7-2c45-4db4-99a8-9c4a403e5a49(uuid5617)
сент. 19, 2025 6:42:49 PM webapp.storage.AbstractStorage save
INFO: &amp#27;[32mSave d0fa5ab6-fe48-4250-bf0a-462a1bb41b71(uuid5618)
сент. 19, 2025 6:42:49 PM webapp.storage.AbstractStorage save
INFO: &amp#27;[32mSave 8a92afe6-7563-4616-9413-c69cdf08d86f(uuid5619)
сент. 19, 2025 6:42:49 PM webapp.storage.AbstractStorage save
INFO: &amp#27;[32mSave fec48657-fa2b-4609-9c36-0a8158e2a44b(uuid5620)
сент. 19, 2025 6:42:49 PM webapp.storage.AbstractStorage save
INFO: &amp#27;[32mSave 9fa6b3ec-a837-47aa-b137-e22e5e5e09a5(uuid5621)
сент. 19, 2025 6:42:49 PM webapp.storage.AbstractStorage save
INFO: &amp#27;[32mSave a273e65e-7b7f-46b5-a945-323ef5a86749(uuid5622)
сент. 19, 2025 6:42:49 PM webapp.storage.AbstractStorage save
INFO: &amp#27;[32mSave 8d5b3b91-b36a-4b63-9cee-107743fc8b1f(uuid5623)
сент. 19, 2025 6:42:49 PM webapp.storage.AbstractStorage save
INFO: &amp#27;[32mSave 913e99af-ccb6-4073-b086-c816f458eaba(uuid5624)
сент. 19, 2025 6:42:49 PM webapp.storage.AbstractStorage save
INFO: &amp#27;[32mSave d2a32a85-fa84-4617-86f2-8c9ea842480e(uuid5625)
сент. 19, 2025 6:42:49 PM webapp.storage.AbstractStorage save
INFO: &amp#27;[32mSave 70008d7e-c3b7-4cb1-b1d5-fb1dd910d298(uuid5626)
сент. 19, 2025 6:42:49 PM webapp.storage.AbstractStorage save
INFO: &amp#27;[32mSave c0174a16-d5b1-4db2-a611-faf857d9db14(uuid5627)
сент. 19, 2025 6:42:49 PM webapp.storage.AbstractStorage save
INFO: &amp#27;[32mSave 400c18ed-a273-4fcc-9357-20c640ddf172(uuid5628)
сент. 19, 2025 6:42:49 PM webapp.storage.AbstractStorage save
INFO: &amp#27;[32mSave 3ef7d43b-e741-4c96-bd04-5d5204427c26(uuid5629)
сент. 19, 2025 6:42:49 PM webapp.storage.AbstractStorage save
INFO: &amp#27;[32mSave 9e55f9c5-e15a-4616-b0b1-8ab7d83a6868(uuid5630)
сент. 19, 2025 6:42:49 PM webapp.storage.AbstractStorage save
INFO: &amp#27;[32mSave 919ebefc-265d-4035-ae65-e403290ca43c(uuid5631)
сент. 19, 2025 6:42:49 PM webapp.storage.AbstractStorage save
INFO: &amp#27;[32mSave 7a1a66d9-edb4-425d-a119-c06f2e268ac1(uuid5632)
сент. 19, 2025 6:42:49 PM webapp.storage.AbstractStorage save
INFO: &amp#27;[32mSave dbc03c5b-41df-4854-8a30-4211b4c8ef84(uuid5633)
сент. 19, 2025 6:42:49 PM webapp.storage.AbstractStorage save
INFO: &amp#27;[32mSave 187653a5-020f-424f-bcd2-09e3369ff9cc(uuid5634)
сент. 19, 2025 6:42:49 PM webapp.storage.AbstractStorage save
INFO: &amp#27;[32mSave 3b08115b-6932-4855-a623-c2a8bad0f076(uuid5635)
сент. 19, 2025 6:42:49 PM webapp.storage.AbstractStorage save
INFO: &amp#27;[32mSave 36f0eeff-e2dc-4ea4-a81c-223690490617(uuid5636)
сент. 19, 2025 6:42:49 PM webapp.storage.AbstractStorage save
INFO: &amp#27;[32mSave 9ecc4bca-64e4-4575-a296-3092972bf207(uuid5637)
сент. 19, 2025 6:42:49 PM webapp.storage.AbstractStorage save
INFO: &amp#27;[32mSave 810e7b71-bebc-42e5-84b4-7b29d2576d80(uuid5638)
сент. 19, 2025 6:42:49 PM webapp.storage.AbstractStorage save
INFO: &amp#27;[32mSave 8c697071-df34-40c6-ba9f-b8ac171c7d57(uuid5639)
сент. 19, 2025 6:42:49 PM webapp.storage.AbstractStorage save
INFO: &amp#27;[32mSave 0e724f69-fa3c-4302-b829-104345da6c50(uuid5640)
сент. 19, 2025 6:42:49 PM webapp.storage.AbstractStorage save
INFO: &amp#27;[32mSave b1a0ebdc-ac77-4850-a458-a80110b54dc3(uuid5641)
сент. 19, 2025 6:42:49 PM webapp.storage.AbstractStorage save
INFO: &amp#27;[32mSave ee75dae4-ea1d-4786-b3e9-4a2ddd7875b4(uuid5642)
сент. 19, 2025 6:42:49 PM webapp.storage.AbstractStorage save
INFO: &amp#27;[32mSave 42d466a2-9885-403d-a749-a9964dc82ae8(uuid5643)
сент. 19, 2025 6:42:49 PM webapp.storage.AbstractStorage save
INFO: &amp#27;[32mSave e5e99dfc-2d93-4c96-b2f1-3b15c8adcec8(uuid5644)
сент. 19, 2025 6:42:49 PM webapp.storage.AbstractStorage save
INFO: &amp#27;[32mSave ab3b15aa-71b2-415f-ae10-11e2d65eb93f(uuid5645)
сент. 19, 2025 6:42:49 PM webapp.storage.AbstractStorage save
INFO: &amp#27;[32mSave 9c5a9c27-697a-49cb-a8d9-eea28fbd8b3c(uuid5646)
сент. 19, 2025 6:42:49 PM webapp.storage.AbstractStorage save
INFO: &amp#27;[32mSave d063bf88-e1fb-47bb-96f6-25a5277e816a(uuid5647)
сент. 19, 2025 6:42:49 PM webapp.storage.AbstractStorage save
INFO: &amp#27;[32mSave d9b7280b-71e3-44c4-bbf0-c0c1a29cf3de(uuid5648)
сент. 19, 2025 6:42:49 PM webapp.storage.AbstractStorage save
INFO: &amp#27;[32mSave 04471fab-3a27-477e-b4e9-23a7858a37b1(uuid5649)
сент. 19, 2025 6:42:49 PM webapp.storage.AbstractStorage save
INFO: &amp#27;[32mSave 349d798c-4006-4061-a1f7-e8c845c0faad(uuid5650)
сент. 19, 2025 6:42:49 PM webapp.storage.AbstractStorage save
INFO: &amp#27;[32mSave a65552d0-5f72-4096-9cf7-23c4bc2cd880(uuid5651)
сент. 19, 2025 6:42:49 PM webapp.storage.AbstractStorage save
INFO: &amp#27;[32mSave bd6322dc-358a-4add-a99d-b9a6e4ced98c(uuid5652)
сент. 19, 2025 6:42:49 PM webapp.storage.AbstractStorage save
INFO: &amp#27;[32mSave a4243e4b-c39d-48aa-924f-9f07def2b9ba(uuid5653)
сент. 19, 2025 6:42:49 PM webapp.storage.AbstractStorage save
INFO: &amp#27;[32mSave 1599d732-e670-464c-a0cf-85f991535a57(uuid5654)
сент. 19, 2025 6:42:49 PM webapp.storage.AbstractStorage save
INFO: &amp#27;[32mSave 68792769-363e-48d9-a340-760dc093d3c7(uuid5655)
сент. 19, 2025 6:42:49 PM webapp.storage.AbstractStorage save
INFO: &amp#27;[32mSave 9446e31c-69e1-4102-96c0-c8b5585c00d5(uuid5656)
сент. 19, 2025 6:42:49 PM webapp.storage.AbstractStorage save
INFO: &amp#27;[32mSave 76664642-943a-4c9a-929b-6a0ba0cb6085(uuid5657)
сент. 19, 2025 6:42:49 PM webapp.storage.AbstractStorage save
INFO: &amp#27;[32mSave 847439ca-13b9-4fef-849a-74222d99777b(uuid5658)
сент. 19, 2025 6:42:49 PM webapp.storage.AbstractStorage save
INFO: &amp#27;[32mSave 04ba0475-4950-4917-a169-085a4cbb37e0(uuid5659)
сент. 19, 2025 6:42:49 PM webapp.storage.AbstractStorage save
INFO: &amp#27;[32mSave 5034aec2-aa9a-48df-bac5-9ef3a087793b(uuid5660)
сент. 19, 2025 6:42:49 PM webapp.storage.AbstractStorage save
INFO: &amp#27;[32mSave 17988ade-be76-42e0-b7f8-e52005fdb7a8(uuid5661)
сент. 19, 2025 6:42:49 PM webapp.storage.AbstractStorage save
INFO: &amp#27;[32mSave 5133d88a-284a-4c8a-ae3d-5e3cc23b4c59(uuid5662)
сент. 19, 2025 6:42:49 PM webapp.storage.AbstractStorage save
INFO: &amp#27;[32mSave cee98e0c-8aaa-4dcb-bfd6-f5cb478cb37e(uuid5663)
сент. 19, 2025 6:42:49 PM webapp.storage.AbstractStorage save
INFO: &amp#27;[32mSave 223d9eb4-80a9-4f0f-b4ab-7e824e01ab07(uuid5664)
сент. 19, 2025 6:42:49 PM webapp.storage.AbstractStorage save
INFO: &amp#27;[32mSave 6438d618-1172-45cd-a4bc-1723f47c0236(uuid5665)
сент. 19, 2025 6:42:49 PM webapp.storage.AbstractStorage save
INFO: &amp#27;[32mSave 37333a05-2fec-4264-bdab-c4eaaf28a235(uuid5666)
сент. 19, 2025 6:42:49 PM webapp.storage.AbstractStorage save
INFO: &amp#27;[32mSave 0ebf9813-5596-4458-8d66-ce6ef1c8d1d1(uuid5667)
сент. 19, 2025 6:42:49 PM webapp.storage.AbstractStorage save
INFO: &amp#27;[32mSave 2bf47ec8-061c-490e-8547-f79d872642a5(uuid5668)
сент. 19, 2025 6:42:49 PM webapp.storage.AbstractStorage save
INFO: &amp#27;[32mSave 421fbf35-bf93-42b2-a801-e160179c9ef8(uuid5669)
сент. 19, 2025 6:42:49 PM webapp.storage.AbstractStorage save
INFO: &amp#27;[32mSave 2b885e31-f99e-41b3-a391-91e319a9d239(uuid5670)
сент. 19, 2025 6:42:49 PM webapp.storage.AbstractStorage save
INFO: &amp#27;[32mSave c91cadb7-e746-4eca-afa1-5b3cfb9df97d(uuid5671)
сент. 19, 2025 6:42:49 PM webapp.storage.AbstractStorage save
INFO: &amp#27;[32mSave d89deb5f-dba3-476f-9aa1-40932782479b(uuid5672)
сент. 19, 2025 6:42:49 PM webapp.storage.AbstractStorage save
INFO: &amp#27;[32mSave d22f6071-81ad-4335-982c-4a11bd60f81a(uuid5673)
сент. 19, 2025 6:42:49 PM webapp.storage.AbstractStorage save
INFO: &amp#27;[32mSave 760e22a8-9646-4cc7-92bf-bd1e469bffd5(uuid5674)
сент. 19, 2025 6:42:49 PM webapp.storage.AbstractStorage save
INFO: &amp#27;[32mSave ae734936-b956-4ac9-a4bf-9423c312f6eb(uuid5675)
сент. 19, 2025 6:42:49 PM webapp.storage.AbstractStorage save
INFO: &amp#27;[32mSave 4fbad787-0f35-4cea-bc5d-00a51b530109(uuid5676)
сент. 19, 2025 6:42:49 PM webapp.storage.AbstractStorage save
INFO: &amp#27;[32mSave e84e5a19-5fa2-45df-8950-90d10a593bda(uuid5677)
сент. 19, 2025 6:42:49 PM webapp.storage.AbstractStorage save
INFO: &amp#27;[32mSave 5844b209-fcbc-4ab5-8041-043135bb5b0b(uuid5678)
сент. 19, 2025 6:42:49 PM webapp.storage.AbstractStorage save
INFO: &amp#27;[32mSave 539fdce4-f2c1-46e5-92e5-616ba3067d6f(uuid5679)
сент. 19, 2025 6:42:49 PM webapp.storage.AbstractStorage save
INFO: &amp#27;[32mSave 295f1dfa-389d-4920-89a3-cb3d5eb713bf(uuid5680)
сент. 19, 2025 6:42:49 PM webapp.storage.AbstractStorage save
INFO: &amp#27;[32mSave d2a377fe-eb2f-4063-a377-b4d0a7564f45(uuid5681)
сент. 19, 2025 6:42:49 PM webapp.storage.AbstractStorage save
INFO: &amp#27;[32mSave ea195de4-6747-4214-9942-659e940eb7c1(uuid5682)
сент. 19, 2025 6:42:49 PM webapp.storage.AbstractStorage save
INFO: &amp#27;[32mSave af0a5461-b467-4a17-8859-caa1a70f1f4c(uuid5683)
сент. 19, 2025 6:42:49 PM webapp.storage.AbstractStorage save
INFO: &amp#27;[32mSave 9dcfeb14-6e1f-4370-af82-823d5b19dea0(uuid5684)
сент. 19, 2025 6:42:49 PM webapp.storage.AbstractStorage save
INFO: &amp#27;[32mSave 2049d1b5-5360-4e06-936f-18a413124215(uuid5685)
сент. 19, 2025 6:42:49 PM webapp.storage.AbstractStorage save
INFO: &amp#27;[32mSave 93a1e020-318c-4cb4-a330-f79b66d949f3(uuid5686)
сент. 19, 2025 6:42:49 PM webapp.storage.AbstractStorage save
INFO: &amp#27;[32mSave bc47a086-ebca-43b7-b1b0-f9750589548b(uuid5687)
сент. 19, 2025 6:42:49 PM webapp.storage.AbstractStorage save
INFO: &amp#27;[32mSave d786eea8-28f8-47a6-b3fe-e4eb44aa22f0(uuid5688)
сент. 19, 2025 6:42:49 PM webapp.storage.AbstractStorage save
INFO: &amp#27;[32mSave 05a552b8-426a-459d-9294-8c275d4880fe(uuid5689)
сент. 19, 2025 6:42:49 PM webapp.storage.AbstractStorage save
INFO: &amp#27;[32mSave f8f90bd3-5613-47a4-bc5f-ba21105e48ba(uuid5690)
сент. 19, 2025 6:42:49 PM webapp.storage.AbstractStorage save
INFO: &amp#27;[32mSave ea89a0b2-6875-418a-aba0-9819fa3a4fc0(uuid5691)
сент. 19, 2025 6:42:49 PM webapp.storage.AbstractStorage save
INFO: &amp#27;[32mSave 4e118dcd-823a-4484-9aaf-9076d281ab8a(uuid5692)
сент. 19, 2025 6:42:49 PM webapp.storage.AbstractStorage save
INFO: &amp#27;[32mSave 710fb26a-d761-422c-9b40-8598b5515702(uuid5693)
сент. 19, 2025 6:42:49 PM webapp.storage.AbstractStorage save
INFO: &amp#27;[32mSave 709aaf4e-6fdb-4a89-9d3d-5684c4418218(uuid5694)
сент. 19, 2025 6:42:49 PM webapp.storage.AbstractStorage save
INFO: &amp#27;[32mSave 487321b9-97d1-45ee-9e7d-df76798b8573(uuid5695)
сент. 19, 2025 6:42:49 PM webapp.storage.AbstractStorage save
INFO: &amp#27;[32mSave c72896f3-cafc-4be1-8709-9962ea034886(uuid5696)
сент. 19, 2025 6:42:49 PM webapp.storage.AbstractStorage save
INFO: &amp#27;[32mSave 2e48fd1d-ad96-456d-93ef-98c6dc141de2(uuid5697)
сент. 19, 2025 6:42:49 PM webapp.storage.AbstractStorage save
INFO: &amp#27;[32mSave a890de20-6e6f-4239-af74-1336d00f8d6d(uuid5698)
сент. 19, 2025 6:42:49 PM webapp.storage.AbstractStorage save
INFO: &amp#27;[32mSave bfb88c29-da3d-4a80-ba97-cb4b5639a284(uuid5699)
сент. 19, 2025 6:42:49 PM webapp.storage.AbstractStorage save
INFO: &amp#27;[32mSave 1418909b-5872-417c-894b-4abbdf7c7ba6(uuid5700)
сент. 19, 2025 6:42:49 PM webapp.storage.AbstractStorage save
INFO: &amp#27;[32mSave 2d49b215-20be-4e68-92fb-1cdef70e4392(uuid5701)
сент. 19, 2025 6:42:49 PM webapp.storage.AbstractStorage save
INFO: &amp#27;[32mSave 3da8e3b5-0146-407e-8f9a-4c3b7f063031(uuid5702)
сент. 19, 2025 6:42:49 PM webapp.storage.AbstractStorage save
INFO: &amp#27;[32mSave 371a9211-e5de-4c01-b65c-4406ecd1d6b7(uuid5703)
сент. 19, 2025 6:42:49 PM webapp.storage.AbstractStorage save
INFO: &amp#27;[32mSave f2fe26df-874c-4f28-902a-e1f8ef557e74(uuid5704)
сент. 19, 2025 6:42:49 PM webapp.storage.AbstractStorage save
INFO: &amp#27;[32mSave 65c92a81-a764-41c0-a3d7-d80e9c4367e6(uuid5705)
сент. 19, 2025 6:42:49 PM webapp.storage.AbstractStorage save
INFO: &amp#27;[32mSave d73cae11-4e92-4643-b110-6832f45d24dc(uuid5706)
сент. 19, 2025 6:42:49 PM webapp.storage.AbstractStorage save
INFO: &amp#27;[32mSave 39e1f33e-02c5-4c3d-973b-232d77f3435f(uuid5707)
сент. 19, 2025 6:42:49 PM webapp.storage.AbstractStorage save
INFO: &amp#27;[32mSave a66038ca-bdb2-4690-9074-fda17a9c72bb(uuid5708)
сент. 19, 2025 6:42:49 PM webapp.storage.AbstractStorage save
INFO: &amp#27;[32mSave e113eae1-3b59-436a-bdf0-6f2874c8b067(uuid5709)
сент. 19, 2025 6:42:49 PM webapp.storage.AbstractStorage save
INFO: &amp#27;[32mSave 51d7939a-21ae-4262-bb51-491296a08c21(uuid5710)
сент. 19, 2025 6:42:49 PM webapp.storage.AbstractStorage save
INFO: &amp#27;[32mSave 5c1318db-25bb-409a-86e1-06c3a58a6c0c(uuid5711)
сент. 19, 2025 6:42:49 PM webapp.storage.AbstractStorage save
INFO: &amp#27;[32mSave 3eda0944-ff6c-4f1e-a925-f0f8c798b59e(uuid5712)
сент. 19, 2025 6:42:49 PM webapp.storage.AbstractStorage save
INFO: &amp#27;[32mSave 1323f442-a036-4d98-8e79-b6d08603b91f(uuid5713)
сент. 19, 2025 6:42:49 PM webapp.storage.AbstractStorage save
INFO: &amp#27;[32mSave c2c25b5f-ee16-4aa1-b8cc-f2621ec277aa(uuid5714)
сент. 19, 2025 6:42:49 PM webapp.storage.AbstractStorage save
INFO: &amp#27;[32mSave a38c3584-9ef9-4a45-bfea-2ccfe35e261a(uuid5715)
сент. 19, 2025 6:42:49 PM webapp.storage.AbstractStorage save
INFO: &amp#27;[32mSave 9d3b84db-9466-4d0b-a757-36e4d127bd46(uuid5716)
сент. 19, 2025 6:42:49 PM webapp.storage.AbstractStorage save
INFO: &amp#27;[32mSave 070452fe-939e-44e5-a849-1e41237044d8(uuid5717)
сент. 19, 2025 6:42:49 PM webapp.storage.AbstractStorage save
INFO: &amp#27;[32mSave ba66ec1d-c85c-4ac3-a263-59d2d6fea009(uuid5718)
сент. 19, 2025 6:42:49 PM webapp.storage.AbstractStorage save
INFO: &amp#27;[32mSave eb8445c7-8a95-4d3b-a2a6-10e1eee87988(uuid5719)
сент. 19, 2025 6:42:49 PM webapp.storage.AbstractStorage save
INFO: &amp#27;[32mSave e863ff96-9ffd-4ceb-8aa5-411ad511908b(uuid5720)
сент. 19, 2025 6:42:49 PM webapp.storage.AbstractStorage save
INFO: &amp#27;[32mSave 2c2ff216-4740-4834-a3e8-b5e27e261ab9(uuid5721)
сент. 19, 2025 6:42:49 PM webapp.storage.AbstractStorage save
INFO: &amp#27;[32mSave a0bc3374-6d20-48e1-94cf-a9e6c8555627(uuid5722)
сент. 19, 2025 6:42:49 PM webapp.storage.AbstractStorage save
INFO: &amp#27;[32mSave 7c59ce96-1246-462b-84eb-5da6bc19e980(uuid5723)
сент. 19, 2025 6:42:49 PM webapp.storage.AbstractStorage save
INFO: &amp#27;[32mSave ff9cf347-fb79-4566-a790-91709d5ec500(uuid5724)
сент. 19, 2025 6:42:49 PM webapp.storage.AbstractStorage save
INFO: &amp#27;[32mSave d00db1fe-7771-4fc2-a4bc-d3b83335d743(uuid5725)
сент. 19, 2025 6:42:49 PM webapp.storage.AbstractStorage save
INFO: &amp#27;[32mSave 1250c5cd-011b-404c-beb9-6ab0d4e75a9c(uuid5726)
сент. 19, 2025 6:42:49 PM webapp.storage.AbstractStorage save
INFO: &amp#27;[32mSave 32378620-c2af-4590-ab3e-024299041e02(uuid5727)
сент. 19, 2025 6:42:49 PM webapp.storage.AbstractStorage save
INFO: &amp#27;[32mSave 51f806e5-7875-4635-a6d9-86049e15f58c(uuid5728)
сент. 19, 2025 6:42:49 PM webapp.storage.AbstractStorage save
INFO: &amp#27;[32mSave 2a3177c1-fa9a-4286-89d7-7602a9344f55(uuid5729)
сент. 19, 2025 6:42:49 PM webapp.storage.AbstractStorage save
INFO: &amp#27;[32mSave 9cd0be49-5031-4356-8b44-27d300fb7da6(uuid5730)
сент. 19, 2025 6:42:49 PM webapp.storage.AbstractStorage save
INFO: &amp#27;[32mSave 6ddb6f61-501e-43ae-a674-0d82325f75c6(uuid5731)
сент. 19, 2025 6:42:49 PM webapp.storage.AbstractStorage save
INFO: &amp#27;[32mSave f77b971b-e254-4ac9-8a71-db52508cbb68(uuid5732)
сент. 19, 2025 6:42:49 PM webapp.storage.AbstractStorage save
INFO: &amp#27;[32mSave 556a641a-d57e-46a0-8dab-a2561303e13d(uuid5733)
сент. 19, 2025 6:42:49 PM webapp.storage.AbstractStorage save
INFO: &amp#27;[32mSave 04371652-f9ef-43aa-97eb-91a6ce680078(uuid5734)
сент. 19, 2025 6:42:49 PM webapp.storage.AbstractStorage save
INFO: &amp#27;[32mSave 64eac775-266b-4dbb-8f39-094060c36caf(uuid5735)
сент. 19, 2025 6:42:49 PM webapp.storage.AbstractStorage save
INFO: &amp#27;[32mSave 44277aea-88b8-4a8b-92e7-764c9c6b0992(uuid5736)
сент. 19, 2025 6:42:49 PM webapp.storage.AbstractStorage save
INFO: &amp#27;[32mSave eef94389-d33f-487b-b216-2b30fb691f59(uuid5737)
сент. 19, 2025 6:42:49 PM webapp.storage.AbstractStorage save
INFO: &amp#27;[32mSave 5101437c-c066-492e-9cc0-76ee8692f7b7(uuid5738)
сент. 19, 2025 6:42:49 PM webapp.storage.AbstractStorage save
INFO: &amp#27;[32mSave 3e7e1f0f-82c3-44a7-aada-8b38182fe4c5(uuid5739)
сент. 19, 2025 6:42:49 PM webapp.storage.AbstractStorage save
INFO: &amp#27;[32mSave af6eb39b-3aae-488f-bb86-6c13999d8fe0(uuid5740)
сент. 19, 2025 6:42:49 PM webapp.storage.AbstractStorage save
INFO: &amp#27;[32mSave 024431cb-3a54-4fa5-91ab-b271db353722(uuid5741)
сент. 19, 2025 6:42:49 PM webapp.storage.AbstractStorage save
INFO: &amp#27;[32mSave d29584c3-83f3-4a87-bf38-69a5a4c07933(uuid5742)
сент. 19, 2025 6:42:49 PM webapp.storage.AbstractStorage save
INFO: &amp#27;[32mSave b02a272d-58dd-4ff6-9ac4-43caa963798d(uuid5743)
сент. 19, 2025 6:42:49 PM webapp.storage.AbstractStorage save
INFO: &amp#27;[32mSave 5276ea5a-8dce-46c6-b535-1b54b3674792(uuid5744)
сент. 19, 2025 6:42:49 PM webapp.storage.AbstractStorage save
INFO: &amp#27;[32mSave 3e8518ec-d81f-4e00-914a-bcf8aa15c952(uuid5745)
сент. 19, 2025 6:42:49 PM webapp.storage.AbstractStorage save
INFO: &amp#27;[32mSave 084e159b-e655-43ef-9f3a-bc3a771ae59a(uuid5746)
сент. 19, 2025 6:42:49 PM webapp.storage.AbstractStorage save
INFO: &amp#27;[32mSave 7f6709a1-60aa-4102-bb09-6b790a1a762f(uuid5747)
сент. 19, 2025 6:42:49 PM webapp.storage.AbstractStorage save
INFO: &amp#27;[32mSave 0eebbac6-cbf5-4015-a0b4-220211e05748(uuid5748)
сент. 19, 2025 6:42:49 PM webapp.storage.AbstractStorage save
INFO: &amp#27;[32mSave 28a7a364-74f5-40e5-b556-497dbc022288(uuid5749)
сент. 19, 2025 6:42:49 PM webapp.storage.AbstractStorage save
INFO: &amp#27;[32mSave 35ff9c7a-c6ea-4b38-a769-0bfa70b5a802(uuid5750)
сент. 19, 2025 6:42:49 PM webapp.storage.AbstractStorage save
INFO: &amp#27;[32mSave 24592f8e-df10-48ec-a6f2-5f41f8b8a63f(uuid5751)
сент. 19, 2025 6:42:49 PM webapp.storage.AbstractStorage save
INFO: &amp#27;[32mSave 3f30477a-968a-44b2-aa37-448d0e50f775(uuid5752)
сент. 19, 2025 6:42:49 PM webapp.storage.AbstractStorage save
INFO: &amp#27;[32mSave c33605ba-46c8-40f3-b7e6-5f92b3b97651(uuid5753)
сент. 19, 2025 6:42:49 PM webapp.storage.AbstractStorage save
INFO: &amp#27;[32mSave f3b02ac3-d526-4704-8a8a-a071d4541dfe(uuid5754)
сент. 19, 2025 6:42:49 PM webapp.storage.AbstractStorage save
INFO: &amp#27;[32mSave c6180787-a5a9-4dc2-a935-f7f930cd0be4(uuid5755)
сент. 19, 2025 6:42:49 PM webapp.storage.AbstractStorage save
INFO: &amp#27;[32mSave 81bc7371-2943-45c9-8d90-b73783225f32(uuid5756)
сент. 19, 2025 6:42:49 PM webapp.storage.AbstractStorage save
INFO: &amp#27;[32mSave 3a80875f-d96d-43dd-b301-bc47bd15f81e(uuid5757)
сент. 19, 2025 6:42:49 PM webapp.storage.AbstractStorage save
INFO: &amp#27;[32mSave b2986c05-b8fd-4862-bbcf-1aa863ea1870(uuid5758)
сент. 19, 2025 6:42:49 PM webapp.storage.AbstractStorage save
INFO: &amp#27;[32mSave d4ce1ebf-4960-4b0c-95c7-3e58f2b7023f(uuid5759)
сент. 19, 2025 6:42:49 PM webapp.storage.AbstractStorage save
INFO: &amp#27;[32mSave d0fcd698-1908-4960-a5a2-19ce1f6fc355(uuid5760)
сент. 19, 2025 6:42:49 PM webapp.storage.AbstractStorage save
INFO: &amp#27;[32mSave 2676f621-0e17-45cc-89a8-9d391cf5f17a(uuid5761)
сент. 19, 2025 6:42:49 PM webapp.storage.AbstractStorage save
INFO: &amp#27;[32mSave 7e578743-02c0-4926-aa57-1aa6dcdb3041(uuid5762)
сент. 19, 2025 6:42:49 PM webapp.storage.AbstractStorage save
INFO: &amp#27;[32mSave 2528bd56-b23c-40aa-8b3b-1d64428e70f9(uuid5763)
сент. 19, 2025 6:42:49 PM webapp.storage.AbstractStorage save
INFO: &amp#27;[32mSave 109351b1-9154-4363-8b44-096668d571dc(uuid5764)
сент. 19, 2025 6:42:49 PM webapp.storage.AbstractStorage save
INFO: &amp#27;[32mSave f466750c-9a8a-4175-9ba6-ff92f194ef2d(uuid5765)
сент. 19, 2025 6:42:49 PM webapp.storage.AbstractStorage save
INFO: &amp#27;[32mSave 2d4b1084-3fed-405a-aa96-ced4460bdf73(uuid5766)
сент. 19, 2025 6:42:49 PM webapp.storage.AbstractStorage save
INFO: &amp#27;[32mSave 2026cdf3-681f-4bd5-b1bf-0f9e0c446051(uuid5767)
сент. 19, 2025 6:42:49 PM webapp.storage.AbstractStorage save
INFO: &amp#27;[32mSave eb91e826-c8a2-42f0-b16b-e71e60d8655b(uuid5768)
сент. 19, 2025 6:42:49 PM webapp.storage.AbstractStorage save
INFO: &amp#27;[32mSave eec706bc-4e38-47f5-b30b-d6e7d03053e1(uuid5769)
сент. 19, 2025 6:42:49 PM webapp.storage.AbstractStorage save
INFO: &amp#27;[32mSave 7d041eb6-76bc-485d-9374-714dde157195(uuid5770)
сент. 19, 2025 6:42:49 PM webapp.storage.AbstractStorage save
INFO: &amp#27;[32mSave acc9f126-1b8d-45e7-8ebf-82d74b335df4(uuid5771)
сент. 19, 2025 6:42:49 PM webapp.storage.AbstractStorage save
INFO: &amp#27;[32mSave a9032b14-2371-4572-8cc3-f59ad106bcc6(uuid5772)
сент. 19, 2025 6:42:49 PM webapp.storage.AbstractStorage save
INFO: &amp#27;[32mSave 99f80d81-993a-4949-900c-22ed8e22a751(uuid5773)
сент. 19, 2025 6:42:49 PM webapp.storage.AbstractStorage save
INFO: &amp#27;[32mSave f5887f1b-f35b-4dfc-9dce-b5d6a034b9b0(uuid5774)
сент. 19, 2025 6:42:49 PM webapp.storage.AbstractStorage save
INFO: &amp#27;[32mSave e49267dd-b2eb-428f-b9bc-2883972843e9(uuid5775)
сент. 19, 2025 6:42:49 PM webapp.storage.AbstractStorage save
INFO: &amp#27;[32mSave bf653633-e8db-41ea-9852-24c4457fe3c5(uuid5776)
сент. 19, 2025 6:42:49 PM webapp.storage.AbstractStorage save
INFO: &amp#27;[32mSave 0b751b43-774f-4b9b-878e-1fef49ca95b6(uuid5777)
сент. 19, 2025 6:42:49 PM webapp.storage.AbstractStorage save
INFO: &amp#27;[32mSave 1579ddd6-42ef-4487-9934-d28e5d8fe6e2(uuid5778)
сент. 19, 2025 6:42:49 PM webapp.storage.AbstractStorage save
INFO: &amp#27;[32mSave 604de913-cd34-4337-a6a4-7b6c7d717ab8(uuid5779)
сент. 19, 2025 6:42:49 PM webapp.storage.AbstractStorage save
INFO: &amp#27;[32mSave 7cfdd1b6-7252-48ba-a9c4-24b0e5cfb31d(uuid5780)
сент. 19, 2025 6:42:49 PM webapp.storage.AbstractStorage save
INFO: &amp#27;[32mSave d2e1d597-90fa-4a1e-b443-4f49441a5b03(uuid5781)
сент. 19, 2025 6:42:49 PM webapp.storage.AbstractStorage save
INFO: &amp#27;[32mSave 389481d4-22a9-4d45-9b68-49d0ba9836d8(uuid5782)
сент. 19, 2025 6:42:49 PM webapp.storage.AbstractStorage save
INFO: &amp#27;[32mSave 242680e0-4a3c-42b1-a7c3-013c812b5b1f(uuid5783)
сент. 19, 2025 6:42:49 PM webapp.storage.AbstractStorage save
INFO: &amp#27;[32mSave caa0221a-341d-4c97-bf08-29e5d1a6fa42(uuid5784)
сент. 19, 2025 6:42:49 PM webapp.storage.AbstractStorage save
INFO: &amp#27;[32mSave 7a2a464a-5a96-4f71-8b17-1556e816c38d(uuid5785)
сент. 19, 2025 6:42:49 PM webapp.storage.AbstractStorage save
INFO: &amp#27;[32mSave 23a76ff7-686b-4e75-a2fa-8a95add6c7a4(uuid5786)
сент. 19, 2025 6:42:49 PM webapp.storage.AbstractStorage save
INFO: &amp#27;[32mSave de8c3cea-223f-4c5f-b398-ff2396b1cbd4(uuid5787)
сент. 19, 2025 6:42:49 PM webapp.storage.AbstractStorage save
INFO: &amp#27;[32mSave 4ebeced0-2afa-431e-bcdd-dda447cf5799(uuid5788)
сент. 19, 2025 6:42:49 PM webapp.storage.AbstractStorage save
INFO: &amp#27;[32mSave 10cb9807-fb14-4f89-99f4-0b4d6efca702(uuid5789)
сент. 19, 2025 6:42:49 PM webapp.storage.AbstractStorage save
INFO: &amp#27;[32mSave 31e4399a-8ba4-4f08-9699-4b245d417fe5(uuid5790)
сент. 19, 2025 6:42:49 PM webapp.storage.AbstractStorage save
INFO: &amp#27;[32mSave 65bb5d11-7de6-4c11-97c1-8d0634a64b72(uuid5791)
сент. 19, 2025 6:42:49 PM webapp.storage.AbstractStorage save
INFO: &amp#27;[32mSave e6be7d71-2e4b-4762-a076-537644fb3b24(uuid5792)
сент. 19, 2025 6:42:49 PM webapp.storage.AbstractStorage save
INFO: &amp#27;[32mSave bfe93f7e-fc5d-48f3-8020-c1836de17ec9(uuid5793)
сент. 19, 2025 6:42:49 PM webapp.storage.AbstractStorage save
INFO: &amp#27;[32mSave 4d226326-fed6-4183-99c0-1f3679365fe7(uuid5794)
сент. 19, 2025 6:42:49 PM webapp.storage.AbstractStorage save
INFO: &amp#27;[32mSave 5f0ab62d-5cb8-47f6-8e9c-1a6cf99e1d62(uuid5795)
сент. 19, 2025 6:42:49 PM webapp.storage.AbstractStorage save
INFO: &amp#27;[32mSave 76eeecf8-2f75-4fd4-9944-6c2c1d31a172(uuid5796)
сент. 19, 2025 6:42:49 PM webapp.storage.AbstractStorage save
INFO: &amp#27;[32mSave ea4cc798-44c8-4bd1-8b06-cdef68a19b21(uuid5797)
сент. 19, 2025 6:42:49 PM webapp.storage.AbstractStorage save
INFO: &amp#27;[32mSave 48dabe40-64e4-4ecc-9a8f-389e1fcb52a7(uuid5798)
сент. 19, 2025 6:42:49 PM webapp.storage.AbstractStorage save
INFO: &amp#27;[32mSave ab842d4f-022c-4cdc-8f4b-ebd299e90e0a(uuid5799)
сент. 19, 2025 6:42:49 PM webapp.storage.AbstractStorage save
INFO: &amp#27;[32mSave 909eec5e-d3a7-4702-87b9-aee08081f3e0(uuid5800)
сент. 19, 2025 6:42:49 PM webapp.storage.AbstractStorage save
INFO: &amp#27;[32mSave 82284f16-9e3a-4299-bf55-a02d75634d88(uuid5801)
сент. 19, 2025 6:42:49 PM webapp.storage.AbstractStorage save
INFO: &amp#27;[32mSave 61da2606-db1a-44f6-a529-352174d392a4(uuid5802)
сент. 19, 2025 6:42:49 PM webapp.storage.AbstractStorage save
INFO: &amp#27;[32mSave 11d218d3-69b5-46bc-8d46-370d0236506c(uuid5803)
сент. 19, 2025 6:42:49 PM webapp.storage.AbstractStorage save
INFO: &amp#27;[32mSave dae79989-8ccf-47fd-b7db-507563255adf(uuid5804)
сент. 19, 2025 6:42:49 PM webapp.storage.AbstractStorage save
INFO: &amp#27;[32mSave 5165c7f9-2994-489a-8dd2-34772b600f35(uuid5805)
сент. 19, 2025 6:42:49 PM webapp.storage.AbstractStorage save
INFO: &amp#27;[32mSave c49a8bd0-16d4-4d9c-a989-92df570a152c(uuid5806)
сент. 19, 2025 6:42:49 PM webapp.storage.AbstractStorage save
INFO: &amp#27;[32mSave 0bd4d27c-9154-4f48-bd14-0b444bea3fb8(uuid5807)
сент. 19, 2025 6:42:49 PM webapp.storage.AbstractStorage save
INFO: &amp#27;[32mSave dfc1a04d-8793-417b-a497-c5afbc5fa96e(uuid5808)
сент. 19, 2025 6:42:49 PM webapp.storage.AbstractStorage save
INFO: &amp#27;[32mSave 0862a368-ba32-408d-b6b3-61e3d5458860(uuid5809)
сент. 19, 2025 6:42:49 PM webapp.storage.AbstractStorage save
INFO: &amp#27;[32mSave 5d1778d1-cb0a-4f3d-a476-512006b83db9(uuid5810)
сент. 19, 2025 6:42:49 PM webapp.storage.AbstractStorage save
INFO: &amp#27;[32mSave 0a3bb502-1690-46f1-a3ca-a0fa41dd4109(uuid5811)
сент. 19, 2025 6:42:49 PM webapp.storage.AbstractStorage save
INFO: &amp#27;[32mSave 8b15be9d-aea3-4dfa-8a3b-056c3116de19(uuid5812)
сент. 19, 2025 6:42:49 PM webapp.storage.AbstractStorage save
INFO: &amp#27;[32mSave 0f0d4269-19c8-4ac9-bbcd-6a4ea6009722(uuid5813)
сент. 19, 2025 6:42:49 PM webapp.storage.AbstractStorage save
INFO: &amp#27;[32mSave 7e4aa878-20ee-4527-ad61-06078afb4ffc(uuid5814)
сент. 19, 2025 6:42:49 PM webapp.storage.AbstractStorage save
INFO: &amp#27;[32mSave a30b3633-f83f-43ab-a287-3be637d78c33(uuid5815)
сент. 19, 2025 6:42:49 PM webapp.storage.AbstractStorage save
INFO: &amp#27;[32mSave fb489b1d-3a3d-4ca3-bb0a-a59d60c9bf01(uuid5816)
сент. 19, 2025 6:42:49 PM webapp.storage.AbstractStorage save
INFO: &amp#27;[32mSave 94ff4925-c7c1-4694-93e9-54da4c4302c5(uuid5817)
сент. 19, 2025 6:42:49 PM webapp.storage.AbstractStorage save
INFO: &amp#27;[32mSave 4581b01c-45f5-4fb8-8780-d1a31b8c15d4(uuid5818)
сент. 19, 2025 6:42:49 PM webapp.storage.AbstractStorage save
INFO: &amp#27;[32mSave 77b2f993-4f11-4c54-8b21-0d42e5540ddc(uuid5819)
сент. 19, 2025 6:42:49 PM webapp.storage.AbstractStorage save
INFO: &amp#27;[32mSave 0eb58da3-23af-4bbe-a903-03b5f1b22411(uuid5820)
сент. 19, 2025 6:42:49 PM webapp.storage.AbstractStorage save
INFO: &amp#27;[32mSave de63ffb7-fec6-4fcf-9c4d-8b4f57b1fa69(uuid5821)
сент. 19, 2025 6:42:49 PM webapp.storage.AbstractStorage save
INFO: &amp#27;[32mSave 74800f81-f8db-4c0d-884d-b3130e365143(uuid5822)
сент. 19, 2025 6:42:49 PM webapp.storage.AbstractStorage save
INFO: &amp#27;[32mSave 38c9d578-5cf2-40ea-8367-e9c093e0b02a(uuid5823)
сент. 19, 2025 6:42:49 PM webapp.storage.AbstractStorage save
INFO: &amp#27;[32mSave fda0611d-6ac4-4359-b98d-fdbc6721be4e(uuid5824)
сент. 19, 2025 6:42:49 PM webapp.storage.AbstractStorage save
INFO: &amp#27;[32mSave c905d670-8a26-4f1d-8312-78e4a1b6bbe7(uuid5825)
сент. 19, 2025 6:42:49 PM webapp.storage.AbstractStorage save
INFO: &amp#27;[32mSave 33ccd89c-a290-4193-bae6-70bd580cbbdd(uuid5826)
сент. 19, 2025 6:42:49 PM webapp.storage.AbstractStorage save
INFO: &amp#27;[32mSave a150edce-9472-4f5a-aa0d-a8df4782237e(uuid5827)
сент. 19, 2025 6:42:49 PM webapp.storage.AbstractStorage save
INFO: &amp#27;[32mSave 8d0df280-6df9-4df6-8a36-940cf4f15f1c(uuid5828)
сент. 19, 2025 6:42:49 PM webapp.storage.AbstractStorage save
INFO: &amp#27;[32mSave 53fc6fab-aa4a-4dbc-b57d-f1a2cd0788c4(uuid5829)
сент. 19, 2025 6:42:49 PM webapp.storage.AbstractStorage save
INFO: &amp#27;[32mSave e01a91f2-3f54-4a09-99ed-c6a50e04688a(uuid5830)
сент. 19, 2025 6:42:49 PM webapp.storage.AbstractStorage save
INFO: &amp#27;[32mSave 500625b1-f9e3-404b-b616-ec746d8d1b92(uuid5831)
сент. 19, 2025 6:42:49 PM webapp.storage.AbstractStorage save
INFO: &amp#27;[32mSave 8ba7bf8d-1859-4389-a09e-48062197e654(uuid5832)
сент. 19, 2025 6:42:49 PM webapp.storage.AbstractStorage save
INFO: &amp#27;[32mSave 8a641a14-2c0d-4fb2-9e70-4bcf81a8beb8(uuid5833)
сент. 19, 2025 6:42:49 PM webapp.storage.AbstractStorage save
INFO: &amp#27;[32mSave 08974e05-f379-42b1-8977-9f618f74c1ab(uuid5834)
сент. 19, 2025 6:42:49 PM webapp.storage.AbstractStorage save
INFO: &amp#27;[32mSave ac212102-409a-4a50-b2e3-ac83ead70e21(uuid5835)
сент. 19, 2025 6:42:49 PM webapp.storage.AbstractStorage save
INFO: &amp#27;[32mSave 84c7b39d-1447-47fc-9d50-623537852a7e(uuid5836)
сент. 19, 2025 6:42:49 PM webapp.storage.AbstractStorage save
INFO: &amp#27;[32mSave 92bfe283-cc86-4333-a360-b2b6a22e6f37(uuid5837)
сент. 19, 2025 6:42:49 PM webapp.storage.AbstractStorage save
INFO: &amp#27;[32mSave 6ab52875-3714-4a77-906a-2545931ca4c7(uuid5838)
сент. 19, 2025 6:42:49 PM webapp.storage.AbstractStorage save
INFO: &amp#27;[32mSave f1cea44c-5a99-470c-9d28-b8a5401aa6f3(uuid5839)
сент. 19, 2025 6:42:49 PM webapp.storage.AbstractStorage save
INFO: &amp#27;[32mSave 3eefb5ad-cf8c-41ad-a6cb-d08a47791252(uuid5840)
сент. 19, 2025 6:42:49 PM webapp.storage.AbstractStorage save
INFO: &amp#27;[32mSave b2f3af7d-dabb-4664-9645-2374be7bde76(uuid5841)
сент. 19, 2025 6:42:49 PM webapp.storage.AbstractStorage save
INFO: &amp#27;[32mSave d85d495c-b5ec-4bce-9eb6-ffd89bebb609(uuid5842)
сент. 19, 2025 6:42:49 PM webapp.storage.AbstractStorage save
INFO: &amp#27;[32mSave 6a33beeb-595b-4f7e-b457-6d0ae7ec2cf7(uuid5843)
сент. 19, 2025 6:42:49 PM webapp.storage.AbstractStorage save
INFO: &amp#27;[32mSave 52547b79-5adc-4ada-a2a2-bda6514e214c(uuid5844)
сент. 19, 2025 6:42:49 PM webapp.storage.AbstractStorage save
INFO: &amp#27;[32mSave c0b6539f-8ee4-413b-a8a0-50a6aac4a2b6(uuid5845)
сент. 19, 2025 6:42:49 PM webapp.storage.AbstractStorage save
INFO: &amp#27;[32mSave 9cc73f62-ccb0-4211-812e-b2eb62db5bbe(uuid5846)
сент. 19, 2025 6:42:49 PM webapp.storage.AbstractStorage save
INFO: &amp#27;[32mSave 3cd3daa1-f7e4-4b76-b49e-35e3879bd980(uuid5847)
сент. 19, 2025 6:42:49 PM webapp.storage.AbstractStorage save
INFO: &amp#27;[32mSave 83046c53-e80d-4ae3-b23d-1dc25646853b(uuid5848)
сент. 19, 2025 6:42:49 PM webapp.storage.AbstractStorage save
INFO: &amp#27;[32mSave 6b380772-082f-41cf-939e-95d689a8da14(uuid5849)
сент. 19, 2025 6:42:49 PM webapp.storage.AbstractStorage save
INFO: &amp#27;[32mSave 4902e101-07d6-49e6-85f6-835207a5e7cd(uuid5850)
сент. 19, 2025 6:42:49 PM webapp.storage.AbstractStorage save
INFO: &amp#27;[32mSave 444989e3-2542-4656-b4e5-e20afb22e371(uuid5851)
сент. 19, 2025 6:42:49 PM webapp.storage.AbstractStorage save
INFO: &amp#27;[32mSave edbbb31d-e251-44e5-96fb-1fbc355d326f(uuid5852)
сент. 19, 2025 6:42:49 PM webapp.storage.AbstractStorage save
INFO: &amp#27;[32mSave 14b57885-b2b0-4aa2-8315-1c8ef35bc87f(uuid5853)
сент. 19, 2025 6:42:49 PM webapp.storage.AbstractStorage save
INFO: &amp#27;[32mSave 27717f20-9e70-4c7e-8c48-d62d4aab2227(uuid5854)
сент. 19, 2025 6:42:49 PM webapp.storage.AbstractStorage save
INFO: &amp#27;[32mSave 513d9e0e-251d-49c9-b7e9-0419d897418c(uuid5855)
сент. 19, 2025 6:42:49 PM webapp.storage.AbstractStorage save
INFO: &amp#27;[32mSave 26a80acc-9ce1-486a-885f-4e4486739021(uuid5856)
сент. 19, 2025 6:42:49 PM webapp.storage.AbstractStorage save
INFO: &amp#27;[32mSave 348c4236-beb8-4222-9c24-b0a5870f3f25(uuid5857)
сент. 19, 2025 6:42:49 PM webapp.storage.AbstractStorage save
INFO: &amp#27;[32mSave 31817a42-5c1f-442c-9145-9db0f93a1b64(uuid5858)
сент. 19, 2025 6:42:49 PM webapp.storage.AbstractStorage save
INFO: &amp#27;[32mSave 8438efbf-db07-4fde-b880-15d6d4776a31(uuid5859)
сент. 19, 2025 6:42:49 PM webapp.storage.AbstractStorage save
INFO: &amp#27;[32mSave ee02a96b-e29d-48c7-b36b-c1e5d028acd5(uuid5860)
сент. 19, 2025 6:42:49 PM webapp.storage.AbstractStorage save
INFO: &amp#27;[32mSave 0c2e745b-63e4-45cf-ab7f-7583639ee461(uuid5861)
сент. 19, 2025 6:42:49 PM webapp.storage.AbstractStorage save
INFO: &amp#27;[32mSave 021a56b0-35ce-4df6-8642-faec1f6a45bf(uuid5862)
сент. 19, 2025 6:42:49 PM webapp.storage.AbstractStorage save
INFO: &amp#27;[32mSave b4252a8c-5669-4ca8-8fef-305c4ae806fb(uuid5863)
сент. 19, 2025 6:42:49 PM webapp.storage.AbstractStorage save
INFO: &amp#27;[32mSave 8ca31ed7-f31f-4f28-96be-597c5d5188e0(uuid5864)
сент. 19, 2025 6:42:49 PM webapp.storage.AbstractStorage save
INFO: &amp#27;[32mSave 793e7b6b-e906-4189-9952-e8410c64d304(uuid5865)
сент. 19, 2025 6:42:49 PM webapp.storage.AbstractStorage save
INFO: &amp#27;[32mSave d1733d39-7fb9-4e85-9d2c-bb81b4cc3bf9(uuid5866)
сент. 19, 2025 6:42:49 PM webapp.storage.AbstractStorage save
INFO: &amp#27;[32mSave 46bd9509-0251-4576-803f-1f2c8a4ab8f8(uuid5867)
сент. 19, 2025 6:42:49 PM webapp.storage.AbstractStorage save
INFO: &amp#27;[32mSave ddb08a4c-6141-4150-a5d5-d112c96b0e2f(uuid5868)
сент. 19, 2025 6:42:49 PM webapp.storage.AbstractStorage save
INFO: &amp#27;[32mSave 58fdf022-879a-40c1-891c-6c00090b1eb6(uuid5869)
сент. 19, 2025 6:42:49 PM webapp.storage.AbstractStorage save
INFO: &amp#27;[32mSave bd4be48e-88ee-48ab-8209-163da02376c0(uuid5870)
сент. 19, 2025 6:42:49 PM webapp.storage.AbstractStorage save
INFO: &amp#27;[32mSave 60401b4f-deed-4ecc-80b1-4591ed796a04(uuid5871)
сент. 19, 2025 6:42:49 PM webapp.storage.AbstractStorage save
INFO: &amp#27;[32mSave 3599a1ee-7f2d-41bf-80c1-7222ae1ca124(uuid5872)
сент. 19, 2025 6:42:49 PM webapp.storage.AbstractStorage save
INFO: &amp#27;[32mSave a9caf683-f232-4b42-b53f-c95559df6e79(uuid5873)
сент. 19, 2025 6:42:49 PM webapp.storage.AbstractStorage save
INFO: &amp#27;[32mSave f9d8af9d-aada-4387-810e-3aef077a22a8(uuid5874)
сент. 19, 2025 6:42:49 PM webapp.storage.AbstractStorage save
INFO: &amp#27;[32mSave 05fbe337-5f30-4b31-aeed-99b41526cd8c(uuid5875)
сент. 19, 2025 6:42:49 PM webapp.storage.AbstractStorage save
INFO: &amp#27;[32mSave 47cabcef-fdcc-4a87-b4cc-827a4632fe7f(uuid5876)
сент. 19, 2025 6:42:49 PM webapp.storage.AbstractStorage save
INFO: &amp#27;[32mSave 0da37d5f-275a-4296-a359-d49557908fed(uuid5877)
сент. 19, 2025 6:42:49 PM webapp.storage.AbstractStorage save
INFO: &amp#27;[32mSave eebaae3b-d858-41fa-a6ed-24c4c81ca143(uuid5878)
сент. 19, 2025 6:42:49 PM webapp.storage.AbstractStorage save
INFO: &amp#27;[32mSave 58af1720-98f7-4659-b738-8854bf66c8b1(uuid5879)
сент. 19, 2025 6:42:49 PM webapp.storage.AbstractStorage save
INFO: &amp#27;[32mSave 9e155f79-6727-4c2d-8808-f49e18f28888(uuid5880)
сент. 19, 2025 6:42:49 PM webapp.storage.AbstractStorage save
INFO: &amp#27;[32mSave 2e1235cb-8c73-4c0c-b76f-690cfe579d5d(uuid5881)
сент. 19, 2025 6:42:49 PM webapp.storage.AbstractStorage save
INFO: &amp#27;[32mSave dec86491-2638-46dc-9b7a-58005550ef9b(uuid5882)
сент. 19, 2025 6:42:49 PM webapp.storage.AbstractStorage save
INFO: &amp#27;[32mSave 0607e744-27d0-410d-9815-744461af836f(uuid5883)
сент. 19, 2025 6:42:49 PM webapp.storage.AbstractStorage save
INFO: &amp#27;[32mSave e4ff9c83-11bb-4dcf-bdb5-601d131a20c8(uuid5884)
сент. 19, 2025 6:42:49 PM webapp.storage.AbstractStorage save
INFO: &amp#27;[32mSave 85728bc9-7f70-458b-bff0-c23e318590f9(uuid5885)
сент. 19, 2025 6:42:49 PM webapp.storage.AbstractStorage save
INFO: &amp#27;[32mSave 041fd735-6ac1-42b5-961c-f655fcb4c70d(uuid5886)
сент. 19, 2025 6:42:49 PM webapp.storage.AbstractStorage save
INFO: &amp#27;[32mSave f2eddd55-b9a6-45c4-870c-f690e6efae58(uuid5887)
сент. 19, 2025 6:42:49 PM webapp.storage.AbstractStorage save
INFO: &amp#27;[32mSave 3c7f513f-751c-45ca-bbc0-6763a40c94bf(uuid5888)
сент. 19, 2025 6:42:49 PM webapp.storage.AbstractStorage save
INFO: &amp#27;[32mSave 196a49ac-8b20-46d1-9af8-acb8e033f4a3(uuid5889)
сент. 19, 2025 6:42:49 PM webapp.storage.AbstractStorage save
INFO: &amp#27;[32mSave e3422607-ed2a-4b2b-bd85-ffc0c5c7af7c(uuid5890)
сент. 19, 2025 6:42:49 PM webapp.storage.AbstractStorage save
INFO: &amp#27;[32mSave 283c6c96-09bb-44d6-ba7d-befa18b40aac(uuid5891)
сент. 19, 2025 6:42:49 PM webapp.storage.AbstractStorage save
INFO: &amp#27;[32mSave 15341681-d51e-4767-bd52-c30b4c15071c(uuid5892)
сент. 19, 2025 6:42:49 PM webapp.storage.AbstractStorage save
INFO: &amp#27;[32mSave 30e12a2e-9241-4613-84e7-15af7283126b(uuid5893)
сент. 19, 2025 6:42:49 PM webapp.storage.AbstractStorage save
INFO: &amp#27;[32mSave 573c2ead-789e-4e29-b94b-52921f47de4a(uuid5894)
сент. 19, 2025 6:42:49 PM webapp.storage.AbstractStorage save
INFO: &amp#27;[32mSave 0d500c5a-57a9-4ff4-9911-7fde2f969a93(uuid5895)
сент. 19, 2025 6:42:49 PM webapp.storage.AbstractStorage save
INFO: &amp#27;[32mSave c44f35b0-f8ed-44f5-9e13-fbbff923c4ba(uuid5896)
сент. 19, 2025 6:42:49 PM webapp.storage.AbstractStorage save
INFO: &amp#27;[32mSave baa61f3e-d57f-43ed-8b75-0044cd37b1e9(uuid5897)
сент. 19, 2025 6:42:49 PM webapp.storage.AbstractStorage save
INFO: &amp#27;[32mSave 1c379037-12a1-4e50-8387-8c6bd35e64f8(uuid5898)
сент. 19, 2025 6:42:49 PM webapp.storage.AbstractStorage save
INFO: &amp#27;[32mSave fc8cc218-b6d4-4c2a-92e6-0b00098cc490(uuid5899)
сент. 19, 2025 6:42:49 PM webapp.storage.AbstractStorage save
INFO: &amp#27;[32mSave fa724cbb-45dd-4383-a539-fbab5ce8eea5(uuid5900)
сент. 19, 2025 6:42:49 PM webapp.storage.AbstractStorage save
INFO: &amp#27;[32mSave f0043f61-e8a3-4b76-8f66-20bb3893d244(uuid5901)
сент. 19, 2025 6:42:49 PM webapp.storage.AbstractStorage save
INFO: &amp#27;[32mSave 247d9d70-a08e-4c7f-a67a-b9f061141e2c(uuid5902)
сент. 19, 2025 6:42:49 PM webapp.storage.AbstractStorage save
INFO: &amp#27;[32mSave 0a97f3e7-ac41-4b17-970c-1f0463b3a9e3(uuid5903)
сент. 19, 2025 6:42:49 PM webapp.storage.AbstractStorage save
INFO: &amp#27;[32mSave 61604879-498b-45ce-9f73-99274fd26ca4(uuid5904)
сент. 19, 2025 6:42:49 PM webapp.storage.AbstractStorage save
INFO: &amp#27;[32mSave 11115d31-1d75-4964-92b6-75e6915e5e79(uuid5905)
сент. 19, 2025 6:42:49 PM webapp.storage.AbstractStorage save
INFO: &amp#27;[32mSave 6548cbc6-055c-4125-b673-a067a67ba761(uuid5906)
сент. 19, 2025 6:42:49 PM webapp.storage.AbstractStorage save
INFO: &amp#27;[32mSave 8aee1209-3f34-4e36-9bba-b5e27fa2566f(uuid5907)
сент. 19, 2025 6:42:49 PM webapp.storage.AbstractStorage save
INFO: &amp#27;[32mSave 42dda411-75a1-4528-bc9f-d5516aacabd3(uuid5908)
сент. 19, 2025 6:42:49 PM webapp.storage.AbstractStorage save
INFO: &amp#27;[32mSave ebb118f8-b564-4f5f-b9cd-7f0f559a7ec9(uuid5909)
сент. 19, 2025 6:42:49 PM webapp.storage.AbstractStorage save
INFO: &amp#27;[32mSave e445451e-f56c-4409-b52f-cbedc355cd6d(uuid5910)
сент. 19, 2025 6:42:49 PM webapp.storage.AbstractStorage save
INFO: &amp#27;[32mSave 89fc14a0-78e9-4ecd-ba82-bd236ee6b02d(uuid5911)
сент. 19, 2025 6:42:49 PM webapp.storage.AbstractStorage save
INFO: &amp#27;[32mSave deb643aa-1315-4699-8b92-450b3af3d44e(uuid5912)
сент. 19, 2025 6:42:49 PM webapp.storage.AbstractStorage save
INFO: &amp#27;[32mSave 48328187-a074-4218-bf65-3cd125ae22d3(uuid5913)
сент. 19, 2025 6:42:49 PM webapp.storage.AbstractStorage save
INFO: &amp#27;[32mSave c443cf84-669f-438c-a4a9-b4d029ae5f16(uuid5914)
сент. 19, 2025 6:42:49 PM webapp.storage.AbstractStorage save
INFO: &amp#27;[32mSave 84334fd6-5668-44c2-a52f-93a33b4da51c(uuid5915)
сент. 19, 2025 6:42:49 PM webapp.storage.AbstractStorage save
INFO: &amp#27;[32mSave 51f94516-cf5f-4e10-9c5c-d1505172e945(uuid5916)
сент. 19, 2025 6:42:49 PM webapp.storage.AbstractStorage save
INFO: &amp#27;[32mSave 4d6a47cc-f0ca-4091-82a4-f1f439b37962(uuid5917)
сент. 19, 2025 6:42:49 PM webapp.storage.AbstractStorage save
INFO: &amp#27;[32mSave a4c6c134-1c46-4533-93b4-9be64f36a0a2(uuid5918)
сент. 19, 2025 6:42:49 PM webapp.storage.AbstractStorage save
INFO: &amp#27;[32mSave 8ffb229a-a9c5-4a46-ac9a-51db62463303(uuid5919)
сент. 19, 2025 6:42:49 PM webapp.storage.AbstractStorage save
INFO: &amp#27;[32mSave b7e41a03-0d83-4629-bc91-6d051cfcf269(uuid5920)
сент. 19, 2025 6:42:49 PM webapp.storage.AbstractStorage save
INFO: &amp#27;[32mSave 2f3c9515-f436-4e1e-a7a5-8dcd1c0c9fc9(uuid5921)
сент. 19, 2025 6:42:49 PM webapp.storage.AbstractStorage save
INFO: &amp#27;[32mSave b0c97c3e-4e50-4d9c-a7bd-33d04206d30f(uuid5922)
сент. 19, 2025 6:42:49 PM webapp.storage.AbstractStorage save
INFO: &amp#27;[32mSave 2757aec0-fced-4acd-92fd-25aa9a9ab44f(uuid5923)
сент. 19, 2025 6:42:49 PM webapp.storage.AbstractStorage save
INFO: &amp#27;[32mSave 44d9651b-9faf-4d64-8eec-28bec901d245(uuid5924)
сент. 19, 2025 6:42:49 PM webapp.storage.AbstractStorage save
INFO: &amp#27;[32mSave 8aaa6979-5b28-4018-891a-cb82e9e02d21(uuid5925)
сент. 19, 2025 6:42:49 PM webapp.storage.AbstractStorage save
INFO: &amp#27;[32mSave 808f9eff-ac35-4e1d-bec6-4e9adc64c6a9(uuid5926)
сент. 19, 2025 6:42:49 PM webapp.storage.AbstractStorage save
INFO: &amp#27;[32mSave 710ee2bd-6b5d-416d-a62f-56ab7f495567(uuid5927)
сент. 19, 2025 6:42:49 PM webapp.storage.AbstractStorage save
INFO: &amp#27;[32mSave 4d3a112c-da55-44f4-8340-493fd33b61de(uuid5928)
сент. 19, 2025 6:42:49 PM webapp.storage.AbstractStorage save
INFO: &amp#27;[32mSave 164581e4-ece8-4600-8c45-1ab4079f06bc(uuid5929)
сент. 19, 2025 6:42:49 PM webapp.storage.AbstractStorage save
INFO: &amp#27;[32mSave 0758331f-fb37-428a-9924-54510258878a(uuid5930)
сент. 19, 2025 6:42:49 PM webapp.storage.AbstractStorage save
INFO: &amp#27;[32mSave f5a35366-845e-4c0b-84e2-1386e5829561(uuid5931)
сент. 19, 2025 6:42:49 PM webapp.storage.AbstractStorage save
INFO: &amp#27;[32mSave 4bceb655-9d93-4e86-9ea4-a5a90de68763(uuid5932)
сент. 19, 2025 6:42:49 PM webapp.storage.AbstractStorage save
INFO: &amp#27;[32mSave 000ca970-653f-4349-9f4c-3223ae2d4c22(uuid5933)
сент. 19, 2025 6:42:49 PM webapp.storage.AbstractStorage save
INFO: &amp#27;[32mSave d0d4c6d2-1682-4974-a5ad-8310616c1dbd(uuid5934)
сент. 19, 2025 6:42:49 PM webapp.storage.AbstractStorage save
INFO: &amp#27;[32mSave 42a3c141-bf5a-41ae-a18c-009dc2ed8640(uuid5935)
сент. 19, 2025 6:42:49 PM webapp.storage.AbstractStorage save
INFO: &amp#27;[32mSave de27a289-dbf1-4587-ba82-a00be8d38d55(uuid5936)
сент. 19, 2025 6:42:49 PM webapp.storage.AbstractStorage save
INFO: &amp#27;[32mSave ebde2bf2-9d56-41e0-a4d2-3bbdd352f0c7(uuid5937)
сент. 19, 2025 6:42:49 PM webapp.storage.AbstractStorage save
INFO: &amp#27;[32mSave f55f7e14-67f1-46d2-8353-3d1005644055(uuid5938)
сент. 19, 2025 6:42:49 PM webapp.storage.AbstractStorage save
INFO: &amp#27;[32mSave 9b7100ac-e659-4311-ae21-0b8d9461b56b(uuid5939)
сент. 19, 2025 6:42:49 PM webapp.storage.AbstractStorage save
INFO: &amp#27;[32mSave a42a6589-6360-4242-b7c4-6b81d5524a3e(uuid5940)
сент. 19, 2025 6:42:49 PM webapp.storage.AbstractStorage save
INFO: &amp#27;[32mSave 04b1caf3-1914-4d57-8bc0-3fef5c63403a(uuid5941)
сент. 19, 2025 6:42:49 PM webapp.storage.AbstractStorage save
INFO: &amp#27;[32mSave 2bd649a7-c103-43ea-84a4-cb9aafcb2b93(uuid5942)
сент. 19, 2025 6:42:49 PM webapp.storage.AbstractStorage save
INFO: &amp#27;[32mSave 13b633d7-de2c-4768-b67f-ba20664bab1a(uuid5943)
сент. 19, 2025 6:42:49 PM webapp.storage.AbstractStorage save
INFO: &amp#27;[32mSave 3ff10cfc-8110-4b99-92a9-cd79b7b43615(uuid5944)
сент. 19, 2025 6:42:49 PM webapp.storage.AbstractStorage save
INFO: &amp#27;[32mSave a1c7ee6b-b370-42f0-bcc0-1f003c8e357d(uuid5945)
сент. 19, 2025 6:42:49 PM webapp.storage.AbstractStorage save
INFO: &amp#27;[32mSave 2f7221bd-d8f7-49a0-a0bc-1b2c7e8ec4b4(uuid5946)
сент. 19, 2025 6:42:49 PM webapp.storage.AbstractStorage save
INFO: &amp#27;[32mSave b774aca5-57bb-4122-bd26-42ad7c11d15c(uuid5947)
сент. 19, 2025 6:42:49 PM webapp.storage.AbstractStorage save
INFO: &amp#27;[32mSave 99926cda-1075-43e3-be7d-98e7563ae2bf(uuid5948)
сент. 19, 2025 6:42:49 PM webapp.storage.AbstractStorage save
INFO: &amp#27;[32mSave 612a01a2-eae1-43dc-bbfd-67ada556fd8e(uuid5949)
сент. 19, 2025 6:42:49 PM webapp.storage.AbstractStorage save
INFO: &amp#27;[32mSave c7f58e56-abb9-4594-83cf-b5a55c1676a4(uuid5950)
сент. 19, 2025 6:42:49 PM webapp.storage.AbstractStorage save
INFO: &amp#27;[32mSave 3aeaa204-b760-4510-912b-f1ce5083f70c(uuid5951)
сент. 19, 2025 6:42:49 PM webapp.storage.AbstractStorage save
INFO: &amp#27;[32mSave 4c1f7fa3-29a2-4eef-86c0-5640ff161d9a(uuid5952)
сент. 19, 2025 6:42:49 PM webapp.storage.AbstractStorage save
INFO: &amp#27;[32mSave e2ab4013-a466-4ce1-a103-8bebe486144b(uuid5953)
сент. 19, 2025 6:42:49 PM webapp.storage.AbstractStorage save
INFO: &amp#27;[32mSave 6a22382b-7501-450e-af5c-014f51447e9d(uuid5954)
сент. 19, 2025 6:42:49 PM webapp.storage.AbstractStorage save
INFO: &amp#27;[32mSave 541d7e19-bc72-4021-a575-7e8015d71e4a(uuid5955)
сент. 19, 2025 6:42:49 PM webapp.storage.AbstractStorage save
INFO: &amp#27;[32mSave 2d044f29-05ee-417f-a080-65be31e733cd(uuid5956)
сент. 19, 2025 6:42:49 PM webapp.storage.AbstractStorage save
INFO: &amp#27;[32mSave e4feff74-3769-4f69-bb82-62ce81750dde(uuid5957)
сент. 19, 2025 6:42:49 PM webapp.storage.AbstractStorage save
INFO: &amp#27;[32mSave 91d1f358-a750-4458-8a19-aa1b5b9a5c57(uuid5958)
сент. 19, 2025 6:42:49 PM webapp.storage.AbstractStorage save
INFO: &amp#27;[32mSave 9c5497f9-999d-496a-be5a-a3b974f5380f(uuid5959)
сент. 19, 2025 6:42:49 PM webapp.storage.AbstractStorage save
INFO: &amp#27;[32mSave d23850d8-3d74-479c-a22a-13a49c364135(uuid5960)
сент. 19, 2025 6:42:49 PM webapp.storage.AbstractStorage save
INFO: &amp#27;[32mSave 8ec492aa-ddf9-4c24-a7d3-f013c3ba13ea(uuid5961)
сент. 19, 2025 6:42:49 PM webapp.storage.AbstractStorage save
INFO: &amp#27;[32mSave 6b62ae39-c208-4c00-9f41-a5fe358c23f7(uuid5962)
сент. 19, 2025 6:42:49 PM webapp.storage.AbstractStorage save
INFO: &amp#27;[32mSave a8d82727-b1f0-4d3b-bf1e-4e341f811b85(uuid5963)
сент. 19, 2025 6:42:49 PM webapp.storage.AbstractStorage save
INFO: &amp#27;[32mSave 0a06f4d2-a90f-4648-b495-2e733179d8f3(uuid5964)
сент. 19, 2025 6:42:49 PM webapp.storage.AbstractStorage save
INFO: &amp#27;[32mSave 2864213a-87ff-4389-9fd7-1df902635fd9(uuid5965)
сент. 19, 2025 6:42:49 PM webapp.storage.AbstractStorage save
INFO: &amp#27;[32mSave 7acad5e6-0752-4cdd-bd13-39f98d92b57d(uuid5966)
сент. 19, 2025 6:42:49 PM webapp.storage.AbstractStorage save
INFO: &amp#27;[32mSave 2342e3eb-0779-4fa7-8b89-6a2d05855f37(uuid5967)
сент. 19, 2025 6:42:49 PM webapp.storage.AbstractStorage save
INFO: &amp#27;[32mSave b2f6d31f-5528-4bd7-9eb9-d69546c94643(uuid5968)
сент. 19, 2025 6:42:49 PM webapp.storage.AbstractStorage save
INFO: &amp#27;[32mSave 3eb86498-a237-4d7f-a59c-2a355489ddd0(uuid5969)
сент. 19, 2025 6:42:49 PM webapp.storage.AbstractStorage save
INFO: &amp#27;[32mSave 7f50c17e-956b-480e-8ba2-f9765baff433(uuid5970)
сент. 19, 2025 6:42:49 PM webapp.storage.AbstractStorage save
INFO: &amp#27;[32mSave 6e736c09-44a5-4bb1-8ae9-b1672c57610e(uuid5971)
сент. 19, 2025 6:42:49 PM webapp.storage.AbstractStorage save
INFO: &amp#27;[32mSave 3c94813a-61c2-4461-8d2f-c917305671e6(uuid5972)
сент. 19, 2025 6:42:49 PM webapp.storage.AbstractStorage save
INFO: &amp#27;[32mSave a752420f-15ca-49ab-9bfa-193965e0a68b(uuid5973)
сент. 19, 2025 6:42:49 PM webapp.storage.AbstractStorage save
INFO: &amp#27;[32mSave 176ad36d-b504-4df9-b534-a58815e4bb58(uuid5974)
сент. 19, 2025 6:42:49 PM webapp.storage.AbstractStorage save
INFO: &amp#27;[32mSave 926c4981-f6b0-49e8-b723-6612b5e6d4ef(uuid5975)
сент. 19, 2025 6:42:49 PM webapp.storage.AbstractStorage save
INFO: &amp#27;[32mSave 0807e22a-c888-4864-be35-448a16f57e74(uuid5976)
сент. 19, 2025 6:42:49 PM webapp.storage.AbstractStorage save
INFO: &amp#27;[32mSave a1b0ca6d-c767-4975-958f-3a1bfdbd0b42(uuid5977)
сент. 19, 2025 6:42:49 PM webapp.storage.AbstractStorage save
INFO: &amp#27;[32mSave 0aaa4d54-91f0-4379-99e7-a355ff807f2e(uuid5978)
сент. 19, 2025 6:42:49 PM webapp.storage.AbstractStorage save
INFO: &amp#27;[32mSave e77827bf-7dd0-489a-ac3b-d6d6ef3c0d44(uuid5979)
сент. 19, 2025 6:42:49 PM webapp.storage.AbstractStorage save
INFO: &amp#27;[32mSave fb19de57-fe08-4429-b40a-4ce62f9ae9e6(uuid5980)
сент. 19, 2025 6:42:49 PM webapp.storage.AbstractStorage save
INFO: &amp#27;[32mSave 1785bd3d-abc2-42fa-bdc0-2234b20f2dc6(uuid5981)
сент. 19, 2025 6:42:49 PM webapp.storage.AbstractStorage save
INFO: &amp#27;[32mSave 7454521e-dfce-40ef-9ff8-aba9fbf9fc8e(uuid5982)
сент. 19, 2025 6:42:49 PM webapp.storage.AbstractStorage save
INFO: &amp#27;[32mSave c5c1c45a-9952-449b-9ea8-4fec37911f31(uuid5983)
сент. 19, 2025 6:42:49 PM webapp.storage.AbstractStorage save
INFO: &amp#27;[32mSave edf55ea5-ffa0-41dd-88d4-465cc0524469(uuid5984)
сент. 19, 2025 6:42:49 PM webapp.storage.AbstractStorage save
INFO: &amp#27;[32mSave 271c0136-63f1-414b-9410-6be080879d25(uuid5985)
сент. 19, 2025 6:42:49 PM webapp.storage.AbstractStorage save
INFO: &amp#27;[32mSave 769165d1-f694-4d97-b55c-3301e140268c(uuid5986)
сент. 19, 2025 6:42:49 PM webapp.storage.AbstractStorage save
INFO: &amp#27;[32mSave a1356c05-d6a8-47df-b18e-3f497debd9c6(uuid5987)
сент. 19, 2025 6:42:49 PM webapp.storage.AbstractStorage save
INFO: &amp#27;[32mSave fdb3d03e-bcd6-444a-8f39-526e9b253db5(uuid5988)
сент. 19, 2025 6:42:49 PM webapp.storage.AbstractStorage save
INFO: &amp#27;[32mSave ab9d46ee-75fc-4695-8d58-3bf402fef830(uuid5989)
сент. 19, 2025 6:42:49 PM webapp.storage.AbstractStorage save
INFO: &amp#27;[32mSave aa73064a-376f-4507-9c98-a317eb91e4b4(uuid5990)
сент. 19, 2025 6:42:49 PM webapp.storage.AbstractStorage save
INFO: &amp#27;[32mSave f35bb164-381a-4f8e-8222-be83749788da(uuid5991)
сент. 19, 2025 6:42:49 PM webapp.storage.AbstractStorage save
INFO: &amp#27;[32mSave dcbf4c20-f7f9-4fb0-96dc-ca1d029fac6c(uuid5992)
сент. 19, 2025 6:42:49 PM webapp.storage.AbstractStorage save
INFO: &amp#27;[32mSave f3afe95a-0980-49f7-b531-af5ab1e4673f(uuid5993)
сент. 19, 2025 6:42:49 PM webapp.storage.AbstractStorage save
INFO: &amp#27;[32mSave 9bfc3c64-e4c3-4f39-8c7c-adec18e322a4(uuid5994)
сент. 19, 2025 6:42:49 PM webapp.storage.AbstractStorage save
INFO: &amp#27;[32mSave d6543e10-66b6-4f6e-8698-f1880ebb2038(uuid5995)
сент. 19, 2025 6:42:49 PM webapp.storage.AbstractStorage save
INFO: &amp#27;[32mSave deac4129-d420-4a6a-96d2-b2fb985ee635(uuid5996)
сент. 19, 2025 6:42:49 PM webapp.storage.AbstractStorage save
INFO: &amp#27;[32mSave a11fce99-1761-4f08-9888-35e30c649b23(uuid5997)
сент. 19, 2025 6:42:49 PM webapp.storage.AbstractStorage save
INFO: &amp#27;[32mSave 0496ecc9-d966-4a74-bde3-3136f0a5cdf4(uuid5998)
сент. 19, 2025 6:42:49 PM webapp.storage.AbstractStorage save
INFO: &amp#27;[32mSave 6822e9f2-5222-4266-97d7-f3839b11f208(uuid5999)
сент. 19, 2025 6:42:49 PM webapp.storage.AbstractStorage save
INFO: &amp#27;[32mSave 6db611a4-4e2f-47fb-b138-a9de37cbd779(uuid6000)
сент. 19, 2025 6:42:49 PM webapp.storage.AbstractStorage save
INFO: &amp#27;[32mSave 4d8e417f-ed53-41e1-9409-993a3f062930(uuid6001)
сент. 19, 2025 6:42:49 PM webapp.storage.AbstractStorage save
INFO: &amp#27;[32mSave a467ba93-8a1d-45de-818b-5788a71daff9(uuid6002)
сент. 19, 2025 6:42:49 PM webapp.storage.AbstractStorage save
INFO: &amp#27;[32mSave 26bb6aba-bfa6-491c-bc11-aa2a9204223a(uuid6003)
сент. 19, 2025 6:42:49 PM webapp.storage.AbstractStorage save
INFO: &amp#27;[32mSave 6a4e81de-121c-4bb7-8bc4-6cbf0a923749(uuid6004)
сент. 19, 2025 6:42:49 PM webapp.storage.AbstractStorage save
INFO: &amp#27;[32mSave 707bef59-2e7c-474f-8b44-b7cae8b1d5fa(uuid6005)
сент. 19, 2025 6:42:49 PM webapp.storage.AbstractStorage save
INFO: &amp#27;[32mSave b1acad61-a70f-4bd1-9eb8-77f629c09cbb(uuid6006)
сент. 19, 2025 6:42:49 PM webapp.storage.AbstractStorage save
INFO: &amp#27;[32mSave 74c6f5cb-f390-483c-bcd1-480fba1479d0(uuid6007)
сент. 19, 2025 6:42:49 PM webapp.storage.AbstractStorage save
INFO: &amp#27;[32mSave a0087b44-adba-4c58-80e4-074c4f589435(uuid6008)
сент. 19, 2025 6:42:49 PM webapp.storage.AbstractStorage save
INFO: &amp#27;[32mSave c86ddc39-24db-4652-b9eb-c3463ff522fe(uuid6009)
сент. 19, 2025 6:42:49 PM webapp.storage.AbstractStorage save
INFO: &amp#27;[32mSave 16e23e62-2425-4adc-938c-aa7a81b05636(uuid6010)
сент. 19, 2025 6:42:49 PM webapp.storage.AbstractStorage save
INFO: &amp#27;[32mSave 1ffecd34-3acb-440c-a8ca-155e9b0973f1(uuid6011)
сент. 19, 2025 6:42:49 PM webapp.storage.AbstractStorage save
INFO: &amp#27;[32mSave d828e7a4-a34f-4b1c-8020-81069e3e7415(uuid6012)
сент. 19, 2025 6:42:49 PM webapp.storage.AbstractStorage save
INFO: &amp#27;[32mSave 36ce07c0-25ab-4f5a-8ec2-2418a1b36183(uuid6013)
сент. 19, 2025 6:42:49 PM webapp.storage.AbstractStorage save
INFO: &amp#27;[32mSave b3bd77c0-72f3-486a-9f81-b5cbfc4e98b3(uuid6014)
сент. 19, 2025 6:42:49 PM webapp.storage.AbstractStorage save
INFO: &amp#27;[32mSave ac647ab9-de48-40e4-9dcf-210091e339b0(uuid6015)
сент. 19, 2025 6:42:49 PM webapp.storage.AbstractStorage save
INFO: &amp#27;[32mSave baadf257-5bbc-4e67-80df-a806373f0033(uuid6016)
сент. 19, 2025 6:42:49 PM webapp.storage.AbstractStorage save
INFO: &amp#27;[32mSave ac8a3ad1-cd38-499d-856d-9be413015660(uuid6017)
сент. 19, 2025 6:42:49 PM webapp.storage.AbstractStorage save
INFO: &amp#27;[32mSave 474f1271-ac7e-40d3-88d2-58f9cdd5075c(uuid6018)
сент. 19, 2025 6:42:49 PM webapp.storage.AbstractStorage save
INFO: &amp#27;[32mSave 1f88f750-e39a-4e3c-a32d-70b9731ec532(uuid6019)
сент. 19, 2025 6:42:49 PM webapp.storage.AbstractStorage save
INFO: &amp#27;[32mSave 62a6658d-9439-4327-a0e7-9f102db5ecd9(uuid6020)
сент. 19, 2025 6:42:49 PM webapp.storage.AbstractStorage save
INFO: &amp#27;[32mSave e76a6c05-86bb-4ae4-a8bb-f2f7c99c0d1c(uuid6021)
сент. 19, 2025 6:42:49 PM webapp.storage.AbstractStorage save
INFO: &amp#27;[32mSave 5376d6ab-265e-423f-9ecf-8d63502d96b9(uuid6022)
сент. 19, 2025 6:42:49 PM webapp.storage.AbstractStorage save
INFO: &amp#27;[32mSave b6580888-88bd-4a7b-99a2-5b398c378471(uuid6023)
сент. 19, 2025 6:42:49 PM webapp.storage.AbstractStorage save
INFO: &amp#27;[32mSave 45d7ac39-0b4c-4239-98b5-0fba7cd9636a(uuid6024)
сент. 19, 2025 6:42:49 PM webapp.storage.AbstractStorage save
INFO: &amp#27;[32mSave a3d946ed-6da4-43b8-bec9-6b4f3957efa2(uuid6025)
сент. 19, 2025 6:42:49 PM webapp.storage.AbstractStorage save
INFO: &amp#27;[32mSave 34573e23-e946-432c-9acb-bb9e99a21beb(uuid6026)
сент. 19, 2025 6:42:49 PM webapp.storage.AbstractStorage save
INFO: &amp#27;[32mSave 6d8c6930-ff87-4364-8886-04223dc88628(uuid6027)
сент. 19, 2025 6:42:49 PM webapp.storage.AbstractStorage save
INFO: &amp#27;[32mSave e79e2f4d-e29e-4fda-8f1c-99f9f2c6b90c(uuid6028)
сент. 19, 2025 6:42:49 PM webapp.storage.AbstractStorage save
INFO: &amp#27;[32mSave c2802b61-a72c-4e48-81b7-c2627391a18b(uuid6029)
сент. 19, 2025 6:42:49 PM webapp.storage.AbstractStorage save
INFO: &amp#27;[32mSave f52142ad-ba48-444d-84c0-25cf54facb28(uuid6030)
сент. 19, 2025 6:42:49 PM webapp.storage.AbstractStorage save
INFO: &amp#27;[32mSave 1175a275-c217-4c47-8d32-12c24075568b(uuid6031)
сент. 19, 2025 6:42:49 PM webapp.storage.AbstractStorage save
INFO: &amp#27;[32mSave 5f4ad38c-6112-456d-84ed-916f3b317455(uuid6032)
сент. 19, 2025 6:42:49 PM webapp.storage.AbstractStorage save
INFO: &amp#27;[32mSave 3c8a1d7b-22db-4142-9897-bf9ff4a39aeb(uuid6033)
сент. 19, 2025 6:42:49 PM webapp.storage.AbstractStorage save
INFO: &amp#27;[32mSave 6522efa9-107f-4ea5-9b3d-d4d3c2873534(uuid6034)
сент. 19, 2025 6:42:49 PM webapp.storage.AbstractStorage save
INFO: &amp#27;[32mSave 638c6f31-93a1-48dc-aa5f-f4e8f0a0e7e4(uuid6035)
сент. 19, 2025 6:42:49 PM webapp.storage.AbstractStorage save
INFO: &amp#27;[32mSave 6e3e5152-4019-4994-ab9f-ed6303787218(uuid6036)
сент. 19, 2025 6:42:49 PM webapp.storage.AbstractStorage save
INFO: &amp#27;[32mSave d77368e8-df13-4bd5-9aa1-3d5d2bc5fac1(uuid6037)
сент. 19, 2025 6:42:49 PM webapp.storage.AbstractStorage save
INFO: &amp#27;[32mSave a929885b-bf6a-4004-828a-6866cc25c1ac(uuid6038)
сент. 19, 2025 6:42:49 PM webapp.storage.AbstractStorage save
INFO: &amp#27;[32mSave 254afbf9-4a4c-45bc-9237-3a781e98ab19(uuid6039)
сент. 19, 2025 6:42:49 PM webapp.storage.AbstractStorage save
INFO: &amp#27;[32mSave 6c4ecd21-426e-4879-aded-887a97c63ac8(uuid6040)
сент. 19, 2025 6:42:49 PM webapp.storage.AbstractStorage save
INFO: &amp#27;[32mSave b8ed3eca-6841-4df3-9925-8e317c8b6314(uuid6041)
сент. 19, 2025 6:42:49 PM webapp.storage.AbstractStorage save
INFO: &amp#27;[32mSave bd1a1937-c1ac-471f-8161-ba659180dfaa(uuid6042)
сент. 19, 2025 6:42:49 PM webapp.storage.AbstractStorage save
INFO: &amp#27;[32mSave 7701a159-7f79-46df-a1c5-f461c1005598(uuid6043)
сент. 19, 2025 6:42:49 PM webapp.storage.AbstractStorage save
INFO: &amp#27;[32mSave accde26a-3f5b-4610-83e2-935bbc948683(uuid6044)
сент. 19, 2025 6:42:49 PM webapp.storage.AbstractStorage save
INFO: &amp#27;[32mSave 01a82694-e6dd-4b7f-aad7-3a70610cce0e(uuid6045)
сент. 19, 2025 6:42:49 PM webapp.storage.AbstractStorage save
INFO: &amp#27;[32mSave d9be26c9-93bb-46d5-9e8b-b695fddbecc2(uuid6046)
сент. 19, 2025 6:42:49 PM webapp.storage.AbstractStorage save
INFO: &amp#27;[32mSave a2d9792a-ffaf-4caf-899d-b3beae133009(uuid6047)
сент. 19, 2025 6:42:49 PM webapp.storage.AbstractStorage save
INFO: &amp#27;[32mSave 2146ab53-ea03-4689-9b6c-3a6a501c16ba(uuid6048)
сент. 19, 2025 6:42:49 PM webapp.storage.AbstractStorage save
INFO: &amp#27;[32mSave 7358baf4-f24f-4c7f-a539-cc3e03a29dda(uuid6049)
сент. 19, 2025 6:42:49 PM webapp.storage.AbstractStorage save
INFO: &amp#27;[32mSave 5cc5895e-4dcd-4680-89dc-be768de3fabc(uuid6050)
сент. 19, 2025 6:42:49 PM webapp.storage.AbstractStorage save
INFO: &amp#27;[32mSave a830359d-6a34-4bfe-abf4-ac3773132651(uuid6051)
сент. 19, 2025 6:42:49 PM webapp.storage.AbstractStorage save
INFO: &amp#27;[32mSave 0484b4e9-64dc-4016-9001-bada73e44471(uuid6052)
сент. 19, 2025 6:42:49 PM webapp.storage.AbstractStorage save
INFO: &amp#27;[32mSave fdd6ffcc-8e51-4024-912b-3d00a4174868(uuid6053)
сент. 19, 2025 6:42:49 PM webapp.storage.AbstractStorage save
INFO: &amp#27;[32mSave 73dbe585-5846-460b-95ea-e63920813cbb(uuid6054)
сент. 19, 2025 6:42:49 PM webapp.storage.AbstractStorage save
INFO: &amp#27;[32mSave c0c8448c-c2f0-44d1-a059-bd3f3be50060(uuid6055)
сент. 19, 2025 6:42:49 PM webapp.storage.AbstractStorage save
INFO: &amp#27;[32mSave ce9d9d47-944a-416b-ab9e-1ea00f587bf5(uuid6056)
сент. 19, 2025 6:42:49 PM webapp.storage.AbstractStorage save
INFO: &amp#27;[32mSave bd6fc43f-dbb9-418d-99e7-78b7bf07a25b(uuid6057)
сент. 19, 2025 6:42:49 PM webapp.storage.AbstractStorage save
INFO: &amp#27;[32mSave b3735257-23c3-485f-9063-821769a469ae(uuid6058)
сент. 19, 2025 6:42:49 PM webapp.storage.AbstractStorage save
INFO: &amp#27;[32mSave b43d515d-3b7b-486c-9237-1fe4a69fba26(uuid6059)
сент. 19, 2025 6:42:49 PM webapp.storage.AbstractStorage save
INFO: &amp#27;[32mSave 6b7755a9-d901-4eec-bef3-fc14358fd13e(uuid6060)
сент. 19, 2025 6:42:49 PM webapp.storage.AbstractStorage save
INFO: &amp#27;[32mSave 8830b362-59e3-400a-a88c-6a84c82d74dd(uuid6061)
сент. 19, 2025 6:42:49 PM webapp.storage.AbstractStorage save
INFO: &amp#27;[32mSave 55af3a08-cfbe-431e-ab24-753b628ff49c(uuid6062)
сент. 19, 2025 6:42:49 PM webapp.storage.AbstractStorage save
INFO: &amp#27;[32mSave 7fb2c8b9-b3b1-4848-ad7f-9249579dddcf(uuid6063)
сент. 19, 2025 6:42:49 PM webapp.storage.AbstractStorage save
INFO: &amp#27;[32mSave db3d0d04-2da1-487b-aedd-137ad94ffb97(uuid6064)
сент. 19, 2025 6:42:49 PM webapp.storage.AbstractStorage save
INFO: &amp#27;[32mSave 28ff3f47-f338-44a1-88d8-3e62a6fd27d7(uuid6065)
сент. 19, 2025 6:42:49 PM webapp.storage.AbstractStorage save
INFO: &amp#27;[32mSave 7e7a5456-884f-47f2-bda2-b75e85b79d95(uuid6066)
сент. 19, 2025 6:42:49 PM webapp.storage.AbstractStorage save
INFO: &amp#27;[32mSave 35828bd9-8404-4cd8-ac01-579518ca8bfa(uuid6067)
сент. 19, 2025 6:42:49 PM webapp.storage.AbstractStorage save
INFO: &amp#27;[32mSave 484bd5eb-c329-4cc3-9d73-7e43529953b9(uuid6068)
сент. 19, 2025 6:42:49 PM webapp.storage.AbstractStorage save
INFO: &amp#27;[32mSave 0bf30529-412e-44a7-a07a-6b040915b28b(uuid6069)
сент. 19, 2025 6:42:49 PM webapp.storage.AbstractStorage save
INFO: &amp#27;[32mSave 93c0eae2-3089-47a7-8efc-603ee88b14f4(uuid6070)
сент. 19, 2025 6:42:49 PM webapp.storage.AbstractStorage save
INFO: &amp#27;[32mSave 1f7c1033-b0ce-4a69-9ba8-3934d06fcf1b(uuid6071)
сент. 19, 2025 6:42:49 PM webapp.storage.AbstractStorage save
INFO: &amp#27;[32mSave ea976bad-ceb4-4105-aa4a-8f7a2b243a22(uuid6072)
сент. 19, 2025 6:42:49 PM webapp.storage.AbstractStorage save
INFO: &amp#27;[32mSave 2681a157-b4d2-49a2-9533-0d4bbec73121(uuid6073)
сент. 19, 2025 6:42:49 PM webapp.storage.AbstractStorage save
INFO: &amp#27;[32mSave bcc65800-f530-4db7-ade3-8138883d66e7(uuid6074)
сент. 19, 2025 6:42:49 PM webapp.storage.AbstractStorage save
INFO: &amp#27;[32mSave e2c1bf77-5fba-4c06-81b4-a0101108990a(uuid6075)
сент. 19, 2025 6:42:49 PM webapp.storage.AbstractStorage save
INFO: &amp#27;[32mSave 10af70d5-0cdb-45f6-9e6b-4c5b5d991839(uuid6076)
сент. 19, 2025 6:42:49 PM webapp.storage.AbstractStorage save
INFO: &amp#27;[32mSave f60864d4-087d-408e-8dd9-c1384b1b92dc(uuid6077)
сент. 19, 2025 6:42:49 PM webapp.storage.AbstractStorage save
INFO: &amp#27;[32mSave 69933abb-2269-41ea-982c-5bbd35fc99b6(uuid6078)
сент. 19, 2025 6:42:49 PM webapp.storage.AbstractStorage save
INFO: &amp#27;[32mSave ad0e010a-5461-427d-a70e-509300c7f78c(uuid6079)
сент. 19, 2025 6:42:49 PM webapp.storage.AbstractStorage save
INFO: &amp#27;[32mSave ec9e2c98-e93a-41f9-b633-9450a93e21cf(uuid6080)
сент. 19, 2025 6:42:49 PM webapp.storage.AbstractStorage save
INFO: &amp#27;[32mSave d357d2bb-39ce-4b62-bc6e-3d84029a00af(uuid6081)
сент. 19, 2025 6:42:49 PM webapp.storage.AbstractStorage save
INFO: &amp#27;[32mSave efc31670-851c-4cd9-b6c3-73e0170403b8(uuid6082)
сент. 19, 2025 6:42:49 PM webapp.storage.AbstractStorage save
INFO: &amp#27;[32mSave 48fe61bd-ad0b-473b-b8ac-e3f4518586ff(uuid6083)
сент. 19, 2025 6:42:49 PM webapp.storage.AbstractStorage save
INFO: &amp#27;[32mSave f55052cf-85d1-4c99-96b0-9071380b599e(uuid6084)
сент. 19, 2025 6:42:49 PM webapp.storage.AbstractStorage save
INFO: &amp#27;[32mSave 5757c76f-2a1d-42b9-bad9-b32019b3f60a(uuid6085)
сент. 19, 2025 6:42:49 PM webapp.storage.AbstractStorage save
INFO: &amp#27;[32mSave 3f5e1fc1-85ef-4951-b8ef-33cfc0f89c95(uuid6086)
сент. 19, 2025 6:42:49 PM webapp.storage.AbstractStorage save
INFO: &amp#27;[32mSave ab43df2a-77b3-4c04-8683-f57bd0118196(uuid6087)
сент. 19, 2025 6:42:49 PM webapp.storage.AbstractStorage save
INFO: &amp#27;[32mSave d8f9dbac-22a9-4001-a7e0-9b6fcb3c919c(uuid6088)
сент. 19, 2025 6:42:49 PM webapp.storage.AbstractStorage save
INFO: &amp#27;[32mSave c77394a8-18eb-4ee0-b930-3d8bb945abcd(uuid6089)
сент. 19, 2025 6:42:49 PM webapp.storage.AbstractStorage save
INFO: &amp#27;[32mSave 1e89a0f7-8c69-4c4f-9c07-62be832c8c1a(uuid6090)
сент. 19, 2025 6:42:49 PM webapp.storage.AbstractStorage save
INFO: &amp#27;[32mSave 1dd3d32c-7689-433f-ba53-6a117523464f(uuid6091)
сент. 19, 2025 6:42:49 PM webapp.storage.AbstractStorage save
INFO: &amp#27;[32mSave caa2c683-a2f5-46cf-8f86-a6207187f20c(uuid6092)
сент. 19, 2025 6:42:49 PM webapp.storage.AbstractStorage save
INFO: &amp#27;[32mSave bcf4c1b1-a075-4586-a46c-e9e22faa447d(uuid6093)
сент. 19, 2025 6:42:49 PM webapp.storage.AbstractStorage save
INFO: &amp#27;[32mSave 9185d126-c472-4433-909e-952073114200(uuid6094)
сент. 19, 2025 6:42:49 PM webapp.storage.AbstractStorage save
INFO: &amp#27;[32mSave 7f5f2f12-4dc7-4f43-808a-bc4fcb3c7bf3(uuid6095)
сент. 19, 2025 6:42:49 PM webapp.storage.AbstractStorage save
INFO: &amp#27;[32mSave 69f6ca20-29f2-4202-88eb-a1f462cdbb64(uuid6096)
сент. 19, 2025 6:42:49 PM webapp.storage.AbstractStorage save
INFO: &amp#27;[32mSave 58c9c6b2-e9e6-4fc2-9de1-b1b57c15fcb9(uuid6097)
сент. 19, 2025 6:42:49 PM webapp.storage.AbstractStorage save
INFO: &amp#27;[32mSave b52a0d13-4cfa-42cf-8b19-ef7dcfa002fa(uuid6098)
сент. 19, 2025 6:42:49 PM webapp.storage.AbstractStorage save
INFO: &amp#27;[32mSave 332814d1-788d-4acb-b83f-db3186fa5bfc(uuid6099)
сент. 19, 2025 6:42:49 PM webapp.storage.AbstractStorage save
INFO: &amp#27;[32mSave 37f146cf-d5fa-46db-abaa-61cd7856a0a2(uuid6100)
сент. 19, 2025 6:42:49 PM webapp.storage.AbstractStorage save
INFO: &amp#27;[32mSave d14664e5-9edb-4015-ba66-8dd0df169a72(uuid6101)
сент. 19, 2025 6:42:49 PM webapp.storage.AbstractStorage save
INFO: &amp#27;[32mSave 09119316-a963-4b43-9f4b-dc68cd52387f(uuid6102)
сент. 19, 2025 6:42:49 PM webapp.storage.AbstractStorage save
INFO: &amp#27;[32mSave 250aab4a-b95f-4696-a879-570db3af04bd(uuid6103)
сент. 19, 2025 6:42:49 PM webapp.storage.AbstractStorage save
INFO: &amp#27;[32mSave 81d281b2-1891-4de9-a655-100aeab13a63(uuid6104)
сент. 19, 2025 6:42:49 PM webapp.storage.AbstractStorage save
INFO: &amp#27;[32mSave 7eddc5af-d82c-47a1-a63b-103913c7e99a(uuid6105)
сент. 19, 2025 6:42:49 PM webapp.storage.AbstractStorage save
INFO: &amp#27;[32mSave a30e3887-9ac8-4c12-b671-586c994c037b(uuid6106)
сент. 19, 2025 6:42:49 PM webapp.storage.AbstractStorage save
INFO: &amp#27;[32mSave 091bd1a3-e172-4e0b-a447-b7cf5c5f06ce(uuid6107)
сент. 19, 2025 6:42:49 PM webapp.storage.AbstractStorage save
INFO: &amp#27;[32mSave ae6d7239-f7e8-4c81-a11a-35c2a9d9a825(uuid6108)
сент. 19, 2025 6:42:49 PM webapp.storage.AbstractStorage save
INFO: &amp#27;[32mSave 34b0c0f4-0225-40d9-93ee-8e0992d87f95(uuid6109)
сент. 19, 2025 6:42:49 PM webapp.storage.AbstractStorage save
INFO: &amp#27;[32mSave bd3d89cd-1381-4748-8e3d-5f6cd20dff7b(uuid6110)
сент. 19, 2025 6:42:49 PM webapp.storage.AbstractStorage save
INFO: &amp#27;[32mSave 0171ee4a-6791-49a3-b12e-77868a594e82(uuid6111)
сент. 19, 2025 6:42:49 PM webapp.storage.AbstractStorage save
INFO: &amp#27;[32mSave 0088cf9e-b084-4217-a33c-51618595a945(uuid6112)
сент. 19, 2025 6:42:49 PM webapp.storage.AbstractStorage save
INFO: &amp#27;[32mSave 5434e967-b692-4b6d-84ce-20e57bbdb063(uuid6113)
сент. 19, 2025 6:42:49 PM webapp.storage.AbstractStorage save
INFO: &amp#27;[32mSave 503dfd57-033e-49eb-89ef-c00c98a2daf7(uuid6114)
сент. 19, 2025 6:42:49 PM webapp.storage.AbstractStorage save
INFO: &amp#27;[32mSave 3bea814d-4798-4329-a01c-1666efafd4a5(uuid6115)
сент. 19, 2025 6:42:49 PM webapp.storage.AbstractStorage save
INFO: &amp#27;[32mSave aa2a462f-874c-483f-919a-030f2e0504c6(uuid6116)
сент. 19, 2025 6:42:49 PM webapp.storage.AbstractStorage save
INFO: &amp#27;[32mSave dae8602b-870b-4ac7-b607-86143d07675c(uuid6117)
сент. 19, 2025 6:42:49 PM webapp.storage.AbstractStorage save
INFO: &amp#27;[32mSave 5b6b3e60-7432-4575-b98a-d52caa407e54(uuid6118)
сент. 19, 2025 6:42:49 PM webapp.storage.AbstractStorage save
INFO: &amp#27;[32mSave c3d8a7ef-31a7-45b5-b42a-8eec0745c536(uuid6119)
сент. 19, 2025 6:42:49 PM webapp.storage.AbstractStorage save
INFO: &amp#27;[32mSave 2d8557b5-9c93-486b-818b-b1c6b896d686(uuid6120)
сент. 19, 2025 6:42:49 PM webapp.storage.AbstractStorage save
INFO: &amp#27;[32mSave f63f0916-ea99-4ab7-8b8f-7118a0642cba(uuid6121)
сент. 19, 2025 6:42:49 PM webapp.storage.AbstractStorage save
INFO: &amp#27;[32mSave 835d4433-59e6-409e-abe3-9fcebbd738f1(uuid6122)
сент. 19, 2025 6:42:49 PM webapp.storage.AbstractStorage save
INFO: &amp#27;[32mSave 65da6d37-cdf5-4216-8047-28ca6bd16af2(uuid6123)
сент. 19, 2025 6:42:49 PM webapp.storage.AbstractStorage save
INFO: &amp#27;[32mSave db785262-c6d7-481c-a2bf-7d2a347bca1f(uuid6124)
сент. 19, 2025 6:42:49 PM webapp.storage.AbstractStorage save
INFO: &amp#27;[32mSave 6f0fc511-500b-4f75-9f9b-8705a2f1a842(uuid6125)
сент. 19, 2025 6:42:49 PM webapp.storage.AbstractStorage save
INFO: &amp#27;[32mSave 87864bf0-e65f-4610-947d-866f46e42d9f(uuid6126)
сент. 19, 2025 6:42:49 PM webapp.storage.AbstractStorage save
INFO: &amp#27;[32mSave c89ec253-b722-470d-a184-ef7dd9830473(uuid6127)
сент. 19, 2025 6:42:49 PM webapp.storage.AbstractStorage save
INFO: &amp#27;[32mSave 27e7a179-bfff-4889-a9d8-d1b24d6ad897(uuid6128)
сент. 19, 2025 6:42:49 PM webapp.storage.AbstractStorage save
INFO: &amp#27;[32mSave 04e19d97-46a2-47d7-a900-aba56524fb1d(uuid6129)
сент. 19, 2025 6:42:49 PM webapp.storage.AbstractStorage save
INFO: &amp#27;[32mSave d5899fb8-9607-4630-ac1b-f743131a148a(uuid6130)
сент. 19, 2025 6:42:49 PM webapp.storage.AbstractStorage save
INFO: &amp#27;[32mSave ab089841-ae10-4ae6-aa18-bcdd2cc9779c(uuid6131)
сент. 19, 2025 6:42:49 PM webapp.storage.AbstractStorage save
INFO: &amp#27;[32mSave 7ff76571-8064-4343-bfe5-df90a5500317(uuid6132)
сент. 19, 2025 6:42:49 PM webapp.storage.AbstractStorage save
INFO: &amp#27;[32mSave c68dd753-2307-4b7b-88c4-014cc5b4c6e3(uuid6133)
сент. 19, 2025 6:42:49 PM webapp.storage.AbstractStorage save
INFO: &amp#27;[32mSave 0314c8e3-265d-4e53-a84d-45d09a62d9be(uuid6134)
сент. 19, 2025 6:42:49 PM webapp.storage.AbstractStorage save
INFO: &amp#27;[32mSave 6b441ba8-0222-43b8-9e45-4259ffabba6c(uuid6135)
сент. 19, 2025 6:42:49 PM webapp.storage.AbstractStorage save
INFO: &amp#27;[32mSave 3806bd46-2a5a-46bc-b9c1-92b3df1ff34a(uuid6136)
сент. 19, 2025 6:42:49 PM webapp.storage.AbstractStorage save
INFO: &amp#27;[32mSave b6786f78-f99b-4502-963b-abcbdad96e90(uuid6137)
сент. 19, 2025 6:42:49 PM webapp.storage.AbstractStorage save
INFO: &amp#27;[32mSave 51104d06-6099-4c80-afa0-3b424f992953(uuid6138)
сент. 19, 2025 6:42:49 PM webapp.storage.AbstractStorage save
INFO: &amp#27;[32mSave 5d6e3253-49d4-4879-b32e-418ffe01e4e5(uuid6139)
сент. 19, 2025 6:42:49 PM webapp.storage.AbstractStorage save
INFO: &amp#27;[32mSave 45280a70-0ef0-42a4-affb-949898cc1457(uuid6140)
сент. 19, 2025 6:42:49 PM webapp.storage.AbstractStorage save
INFO: &amp#27;[32mSave 720e9eb7-b8a8-4944-b160-1a6f1c226e9e(uuid6141)
сент. 19, 2025 6:42:49 PM webapp.storage.AbstractStorage save
INFO: &amp#27;[32mSave c6c5e1fc-6c26-4f7c-95f4-dc5b297215cd(uuid6142)
сент. 19, 2025 6:42:49 PM webapp.storage.AbstractStorage save
INFO: &amp#27;[32mSave 5598e0d1-08cb-46fb-abec-ade26ee2e06e(uuid6143)
сент. 19, 2025 6:42:49 PM webapp.storage.AbstractStorage save
INFO: &amp#27;[32mSave 58df6a21-3665-4ce5-b8b0-0df4a2428c40(uuid6144)
сент. 19, 2025 6:42:49 PM webapp.storage.AbstractStorage save
INFO: &amp#27;[32mSave f58c88a4-2346-4076-b561-6770923a9e87(uuid6145)
сент. 19, 2025 6:42:49 PM webapp.storage.AbstractStorage save
INFO: &amp#27;[32mSave d08f1118-b621-440e-97ac-02873afad5a3(uuid6146)
сент. 19, 2025 6:42:49 PM webapp.storage.AbstractStorage save
INFO: &amp#27;[32mSave f589a29c-1128-4382-b124-749e263396c7(uuid6147)
сент. 19, 2025 6:42:49 PM webapp.storage.AbstractStorage save
INFO: &amp#27;[32mSave c4407866-01d5-4f72-861d-291f51abee8a(uuid6148)
сент. 19, 2025 6:42:49 PM webapp.storage.AbstractStorage save
INFO: &amp#27;[32mSave ac01da6f-b346-488d-9a67-b170fa825c32(uuid6149)
сент. 19, 2025 6:42:49 PM webapp.storage.AbstractStorage save
INFO: &amp#27;[32mSave bada240a-0eff-4b11-9678-1fe735d227de(uuid6150)
сент. 19, 2025 6:42:49 PM webapp.storage.AbstractStorage save
INFO: &amp#27;[32mSave 5296b52b-0f2e-406e-8d9b-ad230e6b1747(uuid6151)
сент. 19, 2025 6:42:49 PM webapp.storage.AbstractStorage save
INFO: &amp#27;[32mSave 578a04a2-d97d-4f61-bfae-bb075e06779e(uuid6152)
сент. 19, 2025 6:42:49 PM webapp.storage.AbstractStorage save
INFO: &amp#27;[32mSave 3087734e-2d70-4543-8c92-d32aa1b6f5d5(uuid6153)
сент. 19, 2025 6:42:49 PM webapp.storage.AbstractStorage save
INFO: &amp#27;[32mSave fcffdfb8-a81f-4a73-b53a-3dd6fa8f3150(uuid6154)
сент. 19, 2025 6:42:49 PM webapp.storage.AbstractStorage save
INFO: &amp#27;[32mSave eb264fa9-3f92-486e-84ec-04450b080744(uuid6155)
сент. 19, 2025 6:42:49 PM webapp.storage.AbstractStorage save
INFO: &amp#27;[32mSave 1ca7fec4-2a58-4c28-be32-21cea162e1c0(uuid6156)
сент. 19, 2025 6:42:49 PM webapp.storage.AbstractStorage save
INFO: &amp#27;[32mSave 5e81ca16-e4c6-4ea6-8dbf-9999eaec2b2d(uuid6157)
сент. 19, 2025 6:42:49 PM webapp.storage.AbstractStorage save
INFO: &amp#27;[32mSave 71dded0e-0a90-4ea8-a82b-4e157116dc0e(uuid6158)
сент. 19, 2025 6:42:49 PM webapp.storage.AbstractStorage save
INFO: &amp#27;[32mSave 4ac994a2-800f-4a46-bafc-9d9e212d3b64(uuid6159)
сент. 19, 2025 6:42:49 PM webapp.storage.AbstractStorage save
INFO: &amp#27;[32mSave e38ddb09-68aa-4c29-8c44-c057d99abb97(uuid6160)
сент. 19, 2025 6:42:49 PM webapp.storage.AbstractStorage save
INFO: &amp#27;[32mSave e0bc7cab-db67-4feb-ad92-0a768d3cbaf2(uuid6161)
сент. 19, 2025 6:42:49 PM webapp.storage.AbstractStorage save
INFO: &amp#27;[32mSave 25fea655-2937-4393-8dea-cc6056cd7b63(uuid6162)
сент. 19, 2025 6:42:49 PM webapp.storage.AbstractStorage save
INFO: &amp#27;[32mSave 6a92e2cd-81f0-4bb2-ba8d-6f7aba370ed2(uuid6163)
сент. 19, 2025 6:42:49 PM webapp.storage.AbstractStorage save
INFO: &amp#27;[32mSave f7bec267-67ec-4f85-a814-1ed27d09fead(uuid6164)
сент. 19, 2025 6:42:49 PM webapp.storage.AbstractStorage save
INFO: &amp#27;[32mSave 71de2b93-f0e6-4622-ac73-568b10042873(uuid6165)
сент. 19, 2025 6:42:49 PM webapp.storage.AbstractStorage save
INFO: &amp#27;[32mSave 343cedba-7454-4357-8bb2-9ddfb079878a(uuid6166)
сент. 19, 2025 6:42:49 PM webapp.storage.AbstractStorage save
INFO: &amp#27;[32mSave 3956ed40-09c3-4705-82d4-e9fb44bde40a(uuid6167)
сент. 19, 2025 6:42:49 PM webapp.storage.AbstractStorage save
INFO: &amp#27;[32mSave 29518a27-8e65-4c1b-846c-5e15b7da87bc(uuid6168)
сент. 19, 2025 6:42:49 PM webapp.storage.AbstractStorage save
INFO: &amp#27;[32mSave 03f72a8c-b4ca-47d3-942e-a3e55009bf79(uuid6169)
сент. 19, 2025 6:42:49 PM webapp.storage.AbstractStorage save
INFO: &amp#27;[32mSave 48da0439-7bd6-4e0a-b162-bb9643b2572b(uuid6170)
сент. 19, 2025 6:42:49 PM webapp.storage.AbstractStorage save
INFO: &amp#27;[32mSave 5ad886c2-7d57-4fcc-9d4d-a02f531f83c3(uuid6171)
сент. 19, 2025 6:42:49 PM webapp.storage.AbstractStorage save
INFO: &amp#27;[32mSave 7b5bae2c-c89e-40c2-bbb9-72fced7e9e14(uuid6172)
сент. 19, 2025 6:42:49 PM webapp.storage.AbstractStorage save
INFO: &amp#27;[32mSave b78a89f7-5483-4562-bf20-862566d25fd7(uuid6173)
сент. 19, 2025 6:42:49 PM webapp.storage.AbstractStorage save
INFO: &amp#27;[32mSave 9e984a20-5304-48c2-94ab-de5cd9fe0038(uuid6174)
сент. 19, 2025 6:42:49 PM webapp.storage.AbstractStorage save
INFO: &amp#27;[32mSave 27a54ef5-c6a1-47ae-b985-b37c06f8e6cb(uuid6175)
сент. 19, 2025 6:42:49 PM webapp.storage.AbstractStorage save
INFO: &amp#27;[32mSave a17bbc97-9cc3-42e6-bc90-8ba1f493c521(uuid6176)
сент. 19, 2025 6:42:49 PM webapp.storage.AbstractStorage save
INFO: &amp#27;[32mSave ef093b25-eb72-4878-a81d-cad7cecf64bf(uuid6177)
сент. 19, 2025 6:42:49 PM webapp.storage.AbstractStorage save
INFO: &amp#27;[32mSave 14630d6b-c374-4c5b-81df-a89c70d8c44f(uuid6178)
сент. 19, 2025 6:42:49 PM webapp.storage.AbstractStorage save
INFO: &amp#27;[32mSave dcbb61ab-67bf-47f4-b5c3-f37ac26bf39c(uuid6179)
сент. 19, 2025 6:42:49 PM webapp.storage.AbstractStorage save
INFO: &amp#27;[32mSave ada72745-ecec-4e51-a8cc-428196f0c12b(uuid6180)
сент. 19, 2025 6:42:49 PM webapp.storage.AbstractStorage save
INFO: &amp#27;[32mSave 1543df64-2877-47ec-9a4c-cd27e3186f40(uuid6181)
сент. 19, 2025 6:42:49 PM webapp.storage.AbstractStorage save
INFO: &amp#27;[32mSave b5f48e59-e399-4c79-9974-21559f546b90(uuid6182)
сент. 19, 2025 6:42:49 PM webapp.storage.AbstractStorage save
INFO: &amp#27;[32mSave c9c21216-890d-4500-9a17-bbd342f6ad6e(uuid6183)
сент. 19, 2025 6:42:49 PM webapp.storage.AbstractStorage save
INFO: &amp#27;[32mSave f44210fb-74bb-4e48-89f0-7592386d8f4d(uuid6184)
сент. 19, 2025 6:42:49 PM webapp.storage.AbstractStorage save
INFO: &amp#27;[32mSave 16960852-801a-445b-b9c0-eabfd867c48e(uuid6185)
сент. 19, 2025 6:42:49 PM webapp.storage.AbstractStorage save
INFO: &amp#27;[32mSave 31088df7-99b3-4df1-84ff-3b391b51ca8f(uuid6186)
сент. 19, 2025 6:42:49 PM webapp.storage.AbstractStorage save
INFO: &amp#27;[32mSave 60db3e22-ec81-417c-aad7-276a1e992d91(uuid6187)
сент. 19, 2025 6:42:49 PM webapp.storage.AbstractStorage save
INFO: &amp#27;[32mSave 352135e7-ebac-4ea5-b2b6-16f1b9fe41ad(uuid6188)
сент. 19, 2025 6:42:49 PM webapp.storage.AbstractStorage save
INFO: &amp#27;[32mSave 6ea1ecbd-8891-4822-a182-ebc1c0bf9176(uuid6189)
сент. 19, 2025 6:42:49 PM webapp.storage.AbstractStorage save
INFO: &amp#27;[32mSave 45dca2f5-71e8-4292-93d4-382c25dfb62b(uuid6190)
сент. 19, 2025 6:42:49 PM webapp.storage.AbstractStorage save
INFO: &amp#27;[32mSave 8b125b20-7f4b-46f2-bd15-a7acc2844eac(uuid6191)
сент. 19, 2025 6:42:49 PM webapp.storage.AbstractStorage save
INFO: &amp#27;[32mSave 26d14385-0141-43e8-8568-a6d1f96880c5(uuid6192)
сент. 19, 2025 6:42:49 PM webapp.storage.AbstractStorage save
INFO: &amp#27;[32mSave e37564aa-306f-4f65-8e48-502b403a465a(uuid6193)
сент. 19, 2025 6:42:49 PM webapp.storage.AbstractStorage save
INFO: &amp#27;[32mSave fdaa9e51-9b3c-4448-a608-db03f95fbbd3(uuid6194)
сент. 19, 2025 6:42:49 PM webapp.storage.AbstractStorage save
INFO: &amp#27;[32mSave e463aaa9-d77b-4546-b67c-59599970a04f(uuid6195)
сент. 19, 2025 6:42:49 PM webapp.storage.AbstractStorage save
INFO: &amp#27;[32mSave ee8be5aa-6901-4a99-a271-9799603dec88(uuid6196)
сент. 19, 2025 6:42:49 PM webapp.storage.AbstractStorage save
INFO: &amp#27;[32mSave f68dd241-e078-495c-bcaf-3802832c4b4d(uuid6197)
сент. 19, 2025 6:42:49 PM webapp.storage.AbstractStorage save
INFO: &amp#27;[32mSave 30dbaf33-1753-421c-a5dd-b57e69690f14(uuid6198)
сент. 19, 2025 6:42:49 PM webapp.storage.AbstractStorage save
INFO: &amp#27;[32mSave 110bd965-739e-4cd8-8f42-8acc765daea0(uuid6199)
сент. 19, 2025 6:42:49 PM webapp.storage.AbstractStorage save
INFO: &amp#27;[32mSave 9848743a-c3d1-4f74-9f4d-f505e8a9f595(uuid6200)
сент. 19, 2025 6:42:49 PM webapp.storage.AbstractStorage save
INFO: &amp#27;[32mSave fa026036-086c-4df2-8073-1560f2695f19(uuid6201)
сент. 19, 2025 6:42:49 PM webapp.storage.AbstractStorage save
INFO: &amp#27;[32mSave 341311d3-9b45-420e-8c84-f96f1b151a85(uuid6202)
сент. 19, 2025 6:42:49 PM webapp.storage.AbstractStorage save
INFO: &amp#27;[32mSave 2a1c602a-214f-4ab0-a986-823ee03749e4(uuid6203)
сент. 19, 2025 6:42:49 PM webapp.storage.AbstractStorage save
INFO: &amp#27;[32mSave 30cf471a-c687-4644-9bae-ed67efdf1b7b(uuid6204)
сент. 19, 2025 6:42:49 PM webapp.storage.AbstractStorage save
INFO: &amp#27;[32mSave eb3a1e51-7dd9-4ae1-9912-b87c78cd85a5(uuid6205)
сент. 19, 2025 6:42:49 PM webapp.storage.AbstractStorage save
INFO: &amp#27;[32mSave 193cc55c-1aba-44f5-a4b7-ed2bd27f380c(uuid6206)
сент. 19, 2025 6:42:49 PM webapp.storage.AbstractStorage save
INFO: &amp#27;[32mSave 071ccbcf-acb0-4ebe-9e26-4a3be3cfd881(uuid6207)
сент. 19, 2025 6:42:49 PM webapp.storage.AbstractStorage save
INFO: &amp#27;[32mSave a4a4ffc0-778b-4c5c-97fd-e43a63a32df8(uuid6208)
сент. 19, 2025 6:42:49 PM webapp.storage.AbstractStorage save
INFO: &amp#27;[32mSave e961cf71-0d0f-453b-9dcb-913977bd35b7(uuid6209)
сент. 19, 2025 6:42:49 PM webapp.storage.AbstractStorage save
INFO: &amp#27;[32mSave 829fe7c8-8649-4649-a3b0-bae7cd88b914(uuid6210)
сент. 19, 2025 6:42:49 PM webapp.storage.AbstractStorage save
INFO: &amp#27;[32mSave 416e5aea-8a7e-4ec8-9bb8-9331c72cd27a(uuid6211)
сент. 19, 2025 6:42:49 PM webapp.storage.AbstractStorage save
INFO: &amp#27;[32mSave f2fc4f65-33ac-4059-83c6-40a98b6e98e7(uuid6212)
сент. 19, 2025 6:42:49 PM webapp.storage.AbstractStorage save
INFO: &amp#27;[32mSave cadbb04c-b53f-4c98-90ee-b4b3f1d67f33(uuid6213)
сент. 19, 2025 6:42:49 PM webapp.storage.AbstractStorage save
INFO: &amp#27;[32mSave 1e95a78d-4ec4-4c95-b6dd-7613957296a8(uuid6214)
сент. 19, 2025 6:42:49 PM webapp.storage.AbstractStorage save
INFO: &amp#27;[32mSave af1021fc-d1d1-4fcb-92ee-a7bda47db959(uuid6215)
сент. 19, 2025 6:42:49 PM webapp.storage.AbstractStorage save
INFO: &amp#27;[32mSave 53155deb-f8b7-4301-b5fe-9142d5f48aca(uuid6216)
сент. 19, 2025 6:42:49 PM webapp.storage.AbstractStorage save
INFO: &amp#27;[32mSave 8c21453b-0c91-405a-a586-eecd31aa1dec(uuid6217)
сент. 19, 2025 6:42:49 PM webapp.storage.AbstractStorage save
INFO: &amp#27;[32mSave 0cbdae28-5877-445b-9d78-93d4b6045256(uuid6218)
сент. 19, 2025 6:42:49 PM webapp.storage.AbstractStorage save
INFO: &amp#27;[32mSave 676bb646-f6f2-4fa5-8ec6-17c3ec15c957(uuid6219)
сент. 19, 2025 6:42:49 PM webapp.storage.AbstractStorage save
INFO: &amp#27;[32mSave 1573c0ec-2f14-4832-bed3-5203241cc0b0(uuid6220)
сент. 19, 2025 6:42:49 PM webapp.storage.AbstractStorage save
INFO: &amp#27;[32mSave 47298dbd-9ccd-4976-bf7a-152ecaca7b78(uuid6221)
сент. 19, 2025 6:42:49 PM webapp.storage.AbstractStorage save
INFO: &amp#27;[32mSave eaff73c3-fdf4-4459-b7db-2d7bca626b81(uuid6222)
сент. 19, 2025 6:42:49 PM webapp.storage.AbstractStorage save
INFO: &amp#27;[32mSave 5bb43cdc-1522-451e-8f6d-2099b7d8d430(uuid6223)
сент. 19, 2025 6:42:49 PM webapp.storage.AbstractStorage save
INFO: &amp#27;[32mSave 35edecf2-bfee-4b30-bbe2-ec0270165510(uuid6224)
сент. 19, 2025 6:42:49 PM webapp.storage.AbstractStorage save
INFO: &amp#27;[32mSave 26dd4d8e-599b-401a-af95-3d2597b42e86(uuid6225)
сент. 19, 2025 6:42:49 PM webapp.storage.AbstractStorage save
INFO: &amp#27;[32mSave ce36ed55-fbb7-427a-8b0b-4d8210e699fa(uuid6226)
сент. 19, 2025 6:42:49 PM webapp.storage.AbstractStorage save
INFO: &amp#27;[32mSave 112d51d8-2332-40bb-8205-17a016a91367(uuid6227)
сент. 19, 2025 6:42:49 PM webapp.storage.AbstractStorage save
INFO: &amp#27;[32mSave 8a86396c-9ffe-46a9-b632-037bfd82cf19(uuid6228)
сент. 19, 2025 6:42:49 PM webapp.storage.AbstractStorage save
INFO: &amp#27;[32mSave 6eca3339-146c-4d2f-b958-bf8af32a964b(uuid6229)
сент. 19, 2025 6:42:49 PM webapp.storage.AbstractStorage save
INFO: &amp#27;[32mSave 88762d80-0478-4130-bb31-14a59f4e81cd(uuid6230)
сент. 19, 2025 6:42:49 PM webapp.storage.AbstractStorage save
INFO: &amp#27;[32mSave 65bad4ab-9975-45a7-b4e5-41c3e5272388(uuid6231)
сент. 19, 2025 6:42:49 PM webapp.storage.AbstractStorage save
INFO: &amp#27;[32mSave 1693fc6b-71b3-4790-8be5-aa7142923ed2(uuid6232)
сент. 19, 2025 6:42:49 PM webapp.storage.AbstractStorage save
INFO: &amp#27;[32mSave 94b4d548-957a-4a25-83a6-0c984ff7e90a(uuid6233)
сент. 19, 2025 6:42:49 PM webapp.storage.AbstractStorage save
INFO: &amp#27;[32mSave 864d7c0a-84ed-49b4-89bd-d89ae7e6063e(uuid6234)
сент. 19, 2025 6:42:49 PM webapp.storage.AbstractStorage save
INFO: &amp#27;[32mSave 8873325e-fa35-48c3-9040-9a4efeaf88ec(uuid6235)
сент. 19, 2025 6:42:49 PM webapp.storage.AbstractStorage save
INFO: &amp#27;[32mSave a5bc3a1c-883b-403d-98d4-c1fd5be0bf33(uuid6236)
сент. 19, 2025 6:42:49 PM webapp.storage.AbstractStorage save
INFO: &amp#27;[32mSave 45e1fd4e-058c-40a2-8d7f-61c2e5ff63d7(uuid6237)
сент. 19, 2025 6:42:49 PM webapp.storage.AbstractStorage save
INFO: &amp#27;[32mSave f90980dd-25d2-48b9-a556-7fc51707cd33(uuid6238)
сент. 19, 2025 6:42:49 PM webapp.storage.AbstractStorage save
INFO: &amp#27;[32mSave 25d53a89-8507-48fc-8cf4-2b44a48197d5(uuid6239)
сент. 19, 2025 6:42:49 PM webapp.storage.AbstractStorage save
INFO: &amp#27;[32mSave ab7ee937-e56b-4750-a067-ce2b1716f7ba(uuid6240)
сент. 19, 2025 6:42:49 PM webapp.storage.AbstractStorage save
INFO: &amp#27;[32mSave 20c501cb-a45c-41b6-830b-05503d4e6505(uuid6241)
сент. 19, 2025 6:42:49 PM webapp.storage.AbstractStorage save
INFO: &amp#27;[32mSave f840a53c-9a5b-4edc-9c4a-863ce81aa3d0(uuid6242)
сент. 19, 2025 6:42:49 PM webapp.storage.AbstractStorage save
INFO: &amp#27;[32mSave 7d3cfde7-401f-47f6-9b67-312f35a55eb0(uuid6243)
сент. 19, 2025 6:42:49 PM webapp.storage.AbstractStorage save
INFO: &amp#27;[32mSave f2e75f6b-1b1a-47c3-8bdb-87cf927e903e(uuid6244)
сент. 19, 2025 6:42:49 PM webapp.storage.AbstractStorage save
INFO: &amp#27;[32mSave 45708398-5a10-4bb4-93dd-e7a7984a74c7(uuid6245)
сент. 19, 2025 6:42:49 PM webapp.storage.AbstractStorage save
INFO: &amp#27;[32mSave a9b76fca-6817-4d50-a6a2-a195f9d81c48(uuid6246)
сент. 19, 2025 6:42:49 PM webapp.storage.AbstractStorage save
INFO: &amp#27;[32mSave 65906fce-6dfd-484b-b101-91c43dd339cf(uuid6247)
сент. 19, 2025 6:42:49 PM webapp.storage.AbstractStorage save
INFO: &amp#27;[32mSave 513fa7de-504b-4c3f-ad49-2892c970def5(uuid6248)
сент. 19, 2025 6:42:49 PM webapp.storage.AbstractStorage save
INFO: &amp#27;[32mSave 75cea728-0ebf-4040-aea0-e5d565632d8d(uuid6249)
сент. 19, 2025 6:42:49 PM webapp.storage.AbstractStorage save
INFO: &amp#27;[32mSave d8cca760-55c8-4235-b54f-3f45eb975f14(uuid6250)
сент. 19, 2025 6:42:49 PM webapp.storage.AbstractStorage save
INFO: &amp#27;[32mSave a18b8ae1-df8b-4c41-8871-d303cc648d3b(uuid6251)
сент. 19, 2025 6:42:49 PM webapp.storage.AbstractStorage save
INFO: &amp#27;[32mSave 9c4fa7b5-f33a-490b-b22a-a6248fd2383a(uuid6252)
сент. 19, 2025 6:42:49 PM webapp.storage.AbstractStorage save
INFO: &amp#27;[32mSave cd2546ee-4bcb-4fc1-a59a-00ee24082e74(uuid6253)
сент. 19, 2025 6:42:49 PM webapp.storage.AbstractStorage save
INFO: &amp#27;[32mSave 0ba12649-ca42-47b6-90ef-aed2e05be4d3(uuid6254)
сент. 19, 2025 6:42:49 PM webapp.storage.AbstractStorage save
INFO: &amp#27;[32mSave af7eee2e-aefc-4f9a-a89d-29abf674b915(uuid6255)
сент. 19, 2025 6:42:49 PM webapp.storage.AbstractStorage save
INFO: &amp#27;[32mSave c8dbf9f5-c3da-4caa-90ea-f46b08085146(uuid6256)
сент. 19, 2025 6:42:49 PM webapp.storage.AbstractStorage save
INFO: &amp#27;[32mSave d1ccafb0-f200-4ce6-95d6-cda05f8a90b0(uuid6257)
сент. 19, 2025 6:42:49 PM webapp.storage.AbstractStorage save
INFO: &amp#27;[32mSave 0f88be5b-7bbf-4072-9806-686d6705723b(uuid6258)
сент. 19, 2025 6:42:49 PM webapp.storage.AbstractStorage save
INFO: &amp#27;[32mSave 87873552-b435-451d-9988-4827ab9bbe07(uuid6259)
сент. 19, 2025 6:42:49 PM webapp.storage.AbstractStorage save
INFO: &amp#27;[32mSave e137b703-cf71-43e0-a568-26732740fff9(uuid6260)
сент. 19, 2025 6:42:49 PM webapp.storage.AbstractStorage save
INFO: &amp#27;[32mSave 8e7a6592-12b7-4437-a4b5-4f0dfb1b0ea3(uuid6261)
сент. 19, 2025 6:42:49 PM webapp.storage.AbstractStorage save
INFO: &amp#27;[32mSave 547f6366-3972-4c2f-96c1-d97bd1c22002(uuid6262)
сент. 19, 2025 6:42:49 PM webapp.storage.AbstractStorage save
INFO: &amp#27;[32mSave cbb0ba99-08de-49f7-a6e1-bb7ca817b112(uuid6263)
сент. 19, 2025 6:42:49 PM webapp.storage.AbstractStorage save
INFO: &amp#27;[32mSave 5c2d5f29-48a5-40ca-98e6-86f308ec3624(uuid6264)
сент. 19, 2025 6:42:49 PM webapp.storage.AbstractStorage save
INFO: &amp#27;[32mSave 3249c76f-7956-4872-a8c9-347b3c9ec40b(uuid6265)
сент. 19, 2025 6:42:49 PM webapp.storage.AbstractStorage save
INFO: &amp#27;[32mSave 7ad69e3c-2f3f-4275-be16-30c9d2e1bd87(uuid6266)
сент. 19, 2025 6:42:49 PM webapp.storage.AbstractStorage save
INFO: &amp#27;[32mSave 9d8bfad4-d98e-4663-8f3f-2a6377ea8f7d(uuid6267)
сент. 19, 2025 6:42:49 PM webapp.storage.AbstractStorage save
INFO: &amp#27;[32mSave 41d51a10-fd9a-44ab-9bdd-3c03c246c776(uuid6268)
сент. 19, 2025 6:42:49 PM webapp.storage.AbstractStorage save
INFO: &amp#27;[32mSave 6728f929-f9b0-4d84-8778-e783851ab8cd(uuid6269)
сент. 19, 2025 6:42:49 PM webapp.storage.AbstractStorage save
INFO: &amp#27;[32mSave ee5233e5-f1be-442a-b1cf-b634e0f23c3c(uuid6270)
сент. 19, 2025 6:42:49 PM webapp.storage.AbstractStorage save
INFO: &amp#27;[32mSave 9f5f7e0e-62ee-4337-847e-b05eed959a11(uuid6271)
сент. 19, 2025 6:42:49 PM webapp.storage.AbstractStorage save
INFO: &amp#27;[32mSave 5a685db8-dd1d-4af2-861b-7d6426c1b11d(uuid6272)
сент. 19, 2025 6:42:49 PM webapp.storage.AbstractStorage save
INFO: &amp#27;[32mSave 5c8a3c9a-3078-42a8-b6da-cc290344f572(uuid6273)
сент. 19, 2025 6:42:49 PM webapp.storage.AbstractStorage save
INFO: &amp#27;[32mSave cf387344-57af-4fb4-bc22-d636310835b3(uuid6274)
сент. 19, 2025 6:42:49 PM webapp.storage.AbstractStorage save
INFO: &amp#27;[32mSave 2d3ff20a-0e9d-4c29-be83-43a5bd0ef801(uuid6275)
сент. 19, 2025 6:42:49 PM webapp.storage.AbstractStorage save
INFO: &amp#27;[32mSave 74beccc1-02e8-4f76-8f5c-9571da80f9f9(uuid6276)
сент. 19, 2025 6:42:49 PM webapp.storage.AbstractStorage save
INFO: &amp#27;[32mSave 2d65d732-6400-4369-b2a8-9b8d04011ed8(uuid6277)
сент. 19, 2025 6:42:49 PM webapp.storage.AbstractStorage save
INFO: &amp#27;[32mSave ed78086b-1df0-4415-90d5-47873a63303f(uuid6278)
сент. 19, 2025 6:42:49 PM webapp.storage.AbstractStorage save
INFO: &amp#27;[32mSave 283906f4-4538-465a-86cb-291446524bdb(uuid6279)
сент. 19, 2025 6:42:49 PM webapp.storage.AbstractStorage save
INFO: &amp#27;[32mSave 55e2358f-2455-4bf7-a8d8-52cc1a32d959(uuid6280)
сент. 19, 2025 6:42:49 PM webapp.storage.AbstractStorage save
INFO: &amp#27;[32mSave f1883b36-a615-45b2-ad7f-c7f424311990(uuid6281)
сент. 19, 2025 6:42:49 PM webapp.storage.AbstractStorage save
INFO: &amp#27;[32mSave 8dde80b3-b7ef-4016-b0c0-f479dd02f4ff(uuid6282)
сент. 19, 2025 6:42:49 PM webapp.storage.AbstractStorage save
INFO: &amp#27;[32mSave 747cb04d-5df2-4bc4-a31b-cdc1882219ad(uuid6283)
сент. 19, 2025 6:42:49 PM webapp.storage.AbstractStorage save
INFO: &amp#27;[32mSave 362f6049-8b87-48e0-9430-687cb088d5ac(uuid6284)
сент. 19, 2025 6:42:49 PM webapp.storage.AbstractStorage save
INFO: &amp#27;[32mSave 734a663d-85d9-4093-a5e8-2302cb8f9725(uuid6285)
сент. 19, 2025 6:42:49 PM webapp.storage.AbstractStorage save
INFO: &amp#27;[32mSave a8e1b321-324f-4eb0-8ddc-6a1dc4e1f17f(uuid6286)
сент. 19, 2025 6:42:49 PM webapp.storage.AbstractStorage save
INFO: &amp#27;[32mSave fc88b547-b0a3-45b9-9509-482c85b2fb34(uuid6287)
сент. 19, 2025 6:42:49 PM webapp.storage.AbstractStorage save
INFO: &amp#27;[32mSave b9b5288c-01df-4921-91c4-aaacaaebda7c(uuid6288)
сент. 19, 2025 6:42:49 PM webapp.storage.AbstractStorage save
INFO: &amp#27;[32mSave c9b3fc5b-ee41-443e-a6b5-e4436b4f46d5(uuid6289)
сент. 19, 2025 6:42:49 PM webapp.storage.AbstractStorage save
INFO: &amp#27;[32mSave 08a0c36e-6c34-4809-9e55-26497de6ff8c(uuid6290)
сент. 19, 2025 6:42:49 PM webapp.storage.AbstractStorage save
INFO: &amp#27;[32mSave 4511e590-249d-4648-9d83-94f47d574720(uuid6291)
сент. 19, 2025 6:42:49 PM webapp.storage.AbstractStorage save
INFO: &amp#27;[32mSave fdae97f3-8e3d-474d-8933-af6bb2478609(uuid6292)
сент. 19, 2025 6:42:49 PM webapp.storage.AbstractStorage save
INFO: &amp#27;[32mSave bb447d86-6224-4edb-bb03-8ddcadc6cce4(uuid6293)
сент. 19, 2025 6:42:49 PM webapp.storage.AbstractStorage save
INFO: &amp#27;[32mSave 643ca1a0-c86b-46b0-8f53-445c31196133(uuid6294)
сент. 19, 2025 6:42:49 PM webapp.storage.AbstractStorage save
INFO: &amp#27;[32mSave 311e401f-fad6-4eb3-a309-69ca4e22025d(uuid6295)
сент. 19, 2025 6:42:49 PM webapp.storage.AbstractStorage save
INFO: &amp#27;[32mSave a3016531-7754-4adf-996c-bef0bd8956b3(uuid6296)
сент. 19, 2025 6:42:49 PM webapp.storage.AbstractStorage save
INFO: &amp#27;[32mSave c0729a72-9d25-4b2d-9067-5f23d9eb6181(uuid6297)
сент. 19, 2025 6:42:49 PM webapp.storage.AbstractStorage save
INFO: &amp#27;[32mSave 7e5207bb-fe51-49bb-a320-a0a606c22c0e(uuid6298)
сент. 19, 2025 6:42:49 PM webapp.storage.AbstractStorage save
INFO: &amp#27;[32mSave b8b22af9-132c-477a-98fb-b35a7f59c41c(uuid6299)
сент. 19, 2025 6:42:49 PM webapp.storage.AbstractStorage save
INFO: &amp#27;[32mSave f10abe51-6672-4a70-be1a-a0c2d1ee2a77(uuid6300)
сент. 19, 2025 6:42:49 PM webapp.storage.AbstractStorage save
INFO: &amp#27;[32mSave 12f51b6a-49bc-42f1-8952-dda9c96b0fe0(uuid6301)
сент. 19, 2025 6:42:49 PM webapp.storage.AbstractStorage save
INFO: &amp#27;[32mSave f15a5b08-bb85-47d6-aaa3-43e40fce45cf(uuid6302)
сент. 19, 2025 6:42:49 PM webapp.storage.AbstractStorage save
INFO: &amp#27;[32mSave 8e437900-3a69-41fe-a4bc-d2fc72008427(uuid6303)
сент. 19, 2025 6:42:49 PM webapp.storage.AbstractStorage save
INFO: &amp#27;[32mSave 4bb78100-3690-4c5f-b8b3-bbbdf4c59fbe(uuid6304)
сент. 19, 2025 6:42:49 PM webapp.storage.AbstractStorage save
INFO: &amp#27;[32mSave 6fd562f4-0222-48f9-b8a2-c19293e509b0(uuid6305)
сент. 19, 2025 6:42:49 PM webapp.storage.AbstractStorage save
INFO: &amp#27;[32mSave 919c1de2-2a3d-4445-8ddd-6d8fe7c8db8d(uuid6306)
сент. 19, 2025 6:42:49 PM webapp.storage.AbstractStorage save
INFO: &amp#27;[32mSave 74604a3c-ad48-420f-ad03-4282b5206ce8(uuid6307)
сент. 19, 2025 6:42:49 PM webapp.storage.AbstractStorage save
INFO: &amp#27;[32mSave d643d4ac-8cfd-4e96-b073-1be6556e8857(uuid6308)
сент. 19, 2025 6:42:49 PM webapp.storage.AbstractStorage save
INFO: &amp#27;[32mSave 2a6d5069-fe1d-4f92-92be-f60316011545(uuid6309)
сент. 19, 2025 6:42:49 PM webapp.storage.AbstractStorage save
INFO: &amp#27;[32mSave 5e8c9865-457a-4ef7-8603-59b26530015a(uuid6310)
сент. 19, 2025 6:42:49 PM webapp.storage.AbstractStorage save
INFO: &amp#27;[32mSave 5ecb0bd0-acff-4eaa-a8bb-d3b0986e2966(uuid6311)
сент. 19, 2025 6:42:49 PM webapp.storage.AbstractStorage save
INFO: &amp#27;[32mSave d31f148b-da01-4f4b-b4c5-af540a1e0af6(uuid6312)
сент. 19, 2025 6:42:49 PM webapp.storage.AbstractStorage save
INFO: &amp#27;[32mSave 79da3649-af37-477f-b6eb-c3e3bcc2ee3a(uuid6313)
сент. 19, 2025 6:42:49 PM webapp.storage.AbstractStorage save
INFO: &amp#27;[32mSave 3b564a07-8361-4195-b1eb-a89a9feec31e(uuid6314)
сент. 19, 2025 6:42:49 PM webapp.storage.AbstractStorage save
INFO: &amp#27;[32mSave 79b16867-0955-4d20-8367-b7d75bd8ab94(uuid6315)
сент. 19, 2025 6:42:49 PM webapp.storage.AbstractStorage save
INFO: &amp#27;[32mSave 2530861e-6d9c-4033-8314-cf15edf5b2a6(uuid6316)
сент. 19, 2025 6:42:49 PM webapp.storage.AbstractStorage save
INFO: &amp#27;[32mSave 9f01bf14-f753-4faf-bace-e4cc92fdb941(uuid6317)
сент. 19, 2025 6:42:49 PM webapp.storage.AbstractStorage save
INFO: &amp#27;[32mSave 160ebb71-b5e1-4906-ba82-fdf62cb0b140(uuid6318)
сент. 19, 2025 6:42:49 PM webapp.storage.AbstractStorage save
INFO: &amp#27;[32mSave a2c50244-9bb1-48b4-b791-f2a5c7ba6034(uuid6319)
сент. 19, 2025 6:42:49 PM webapp.storage.AbstractStorage save
INFO: &amp#27;[32mSave ba5a8a2e-d241-41ae-9baa-dda03682e50f(uuid6320)
сент. 19, 2025 6:42:49 PM webapp.storage.AbstractStorage save
INFO: &amp#27;[32mSave a97ac283-0131-44c8-a63a-7c53befe29a4(uuid6321)
сент. 19, 2025 6:42:49 PM webapp.storage.AbstractStorage save
INFO: &amp#27;[32mSave 94ff9944-7cd3-46eb-ad3c-39bed5a337a1(uuid6322)
сент. 19, 2025 6:42:49 PM webapp.storage.AbstractStorage save
INFO: &amp#27;[32mSave 66c2f6fc-3199-41cc-b4d7-8351a65324bb(uuid6323)
сент. 19, 2025 6:42:49 PM webapp.storage.AbstractStorage save
INFO: &amp#27;[32mSave e300c6ac-a73e-441d-8cf3-2a13c5c2c699(uuid6324)
сент. 19, 2025 6:42:49 PM webapp.storage.AbstractStorage save
INFO: &amp#27;[32mSave 28d85545-3abb-4fcb-89f6-8f2929cefa88(uuid6325)
сент. 19, 2025 6:42:49 PM webapp.storage.AbstractStorage save
INFO: &amp#27;[32mSave 54ce7ea4-9b4e-4fb1-b312-ad2169f1c1e0(uuid6326)
сент. 19, 2025 6:42:49 PM webapp.storage.AbstractStorage save
INFO: &amp#27;[32mSave 1725e954-6151-42b7-a8e7-a817fe3f0e98(uuid6327)
сент. 19, 2025 6:42:49 PM webapp.storage.AbstractStorage save
INFO: &amp#27;[32mSave 7e308add-12fe-4b1f-a336-aca0af6e7da6(uuid6328)
сент. 19, 2025 6:42:49 PM webapp.storage.AbstractStorage save
INFO: &amp#27;[32mSave 467a47c9-2d76-46b7-b64b-9d0e5b01f782(uuid6329)
сент. 19, 2025 6:42:49 PM webapp.storage.AbstractStorage save
INFO: &amp#27;[32mSave d08bfa19-84dd-4e1b-9e98-d8b88c08bb97(uuid6330)
сент. 19, 2025 6:42:49 PM webapp.storage.AbstractStorage save
INFO: &amp#27;[32mSave 670c021c-9695-4855-bddc-72787d577baf(uuid6331)
сент. 19, 2025 6:42:49 PM webapp.storage.AbstractStorage save
INFO: &amp#27;[32mSave 337c9411-cf37-4bb2-9152-08b48defd3ef(uuid6332)
сент. 19, 2025 6:42:49 PM webapp.storage.AbstractStorage save
INFO: &amp#27;[32mSave 8a1ba690-4344-495c-a050-dcd1a7388c30(uuid6333)
сент. 19, 2025 6:42:49 PM webapp.storage.AbstractStorage save
INFO: &amp#27;[32mSave 8694b4f1-e93c-4c3e-9eaa-bd736326c621(uuid6334)
сент. 19, 2025 6:42:49 PM webapp.storage.AbstractStorage save
INFO: &amp#27;[32mSave b6c801a6-cfce-4a76-b890-98bdd1f3b672(uuid6335)
сент. 19, 2025 6:42:49 PM webapp.storage.AbstractStorage save
INFO: &amp#27;[32mSave 8f8b0fdd-637d-4e55-aa15-a203c492956b(uuid6336)
сент. 19, 2025 6:42:49 PM webapp.storage.AbstractStorage save
INFO: &amp#27;[32mSave a5bbea67-5c04-4e7c-ac5c-8ff6f3c5bb6f(uuid6337)
сент. 19, 2025 6:42:49 PM webapp.storage.AbstractStorage save
INFO: &amp#27;[32mSave 1281a458-f0b4-47ab-86a4-452ea0319642(uuid6338)
сент. 19, 2025 6:42:49 PM webapp.storage.AbstractStorage save
INFO: &amp#27;[32mSave 77293957-b028-4ca6-b037-73b85402dfbb(uuid6339)
сент. 19, 2025 6:42:49 PM webapp.storage.AbstractStorage save
INFO: &amp#27;[32mSave df84ea49-e727-4f97-ad10-0a32c76d8774(uuid6340)
сент. 19, 2025 6:42:49 PM webapp.storage.AbstractStorage save
INFO: &amp#27;[32mSave 448acf12-30f6-46d9-b8cf-96fa690e1c95(uuid6341)
сент. 19, 2025 6:42:49 PM webapp.storage.AbstractStorage save
INFO: &amp#27;[32mSave cd320f47-a8af-413d-acd5-0d7124dc5c82(uuid6342)
сент. 19, 2025 6:42:49 PM webapp.storage.AbstractStorage save
INFO: &amp#27;[32mSave 0ed1d126-93f5-40d0-b611-aff4b6e56444(uuid6343)
сент. 19, 2025 6:42:49 PM webapp.storage.AbstractStorage save
INFO: &amp#27;[32mSave bf5cc356-247b-4247-8eed-42664ab99c19(uuid6344)
сент. 19, 2025 6:42:49 PM webapp.storage.AbstractStorage save
INFO: &amp#27;[32mSave 616be666-fa63-4722-a24d-e06abefa36d3(uuid6345)
сент. 19, 2025 6:42:49 PM webapp.storage.AbstractStorage save
INFO: &amp#27;[32mSave 2f595d61-b593-4e64-8b63-fbe630b95b14(uuid6346)
сент. 19, 2025 6:42:49 PM webapp.storage.AbstractStorage save
INFO: &amp#27;[32mSave 830b9f37-3955-49ad-aee6-3281809e6a73(uuid6347)
сент. 19, 2025 6:42:49 PM webapp.storage.AbstractStorage save
INFO: &amp#27;[32mSave e0d4ff6e-03fb-4de1-b075-ece286b5edc6(uuid6348)
сент. 19, 2025 6:42:49 PM webapp.storage.AbstractStorage save
INFO: &amp#27;[32mSave ec17b0ef-f99c-4d38-8e4f-581c972c60d7(uuid6349)
сент. 19, 2025 6:42:49 PM webapp.storage.AbstractStorage save
INFO: &amp#27;[32mSave dbf1405c-1c5e-44a8-bf9c-a0870e7c062a(uuid6350)
сент. 19, 2025 6:42:49 PM webapp.storage.AbstractStorage save
INFO: &amp#27;[32mSave 3bb3f8ce-211d-423b-9a94-d4fa27ac8cce(uuid6351)
сент. 19, 2025 6:42:49 PM webapp.storage.AbstractStorage save
INFO: &amp#27;[32mSave 60c7c66d-a731-4db1-9564-f11661a1f43d(uuid6352)
сент. 19, 2025 6:42:49 PM webapp.storage.AbstractStorage save
INFO: &amp#27;[32mSave af0f973a-6ad6-45f1-899e-c6c9ead1483b(uuid6353)
сент. 19, 2025 6:42:49 PM webapp.storage.AbstractStorage save
INFO: &amp#27;[32mSave b7092532-be1c-4485-a10f-0b553e7d43a2(uuid6354)
сент. 19, 2025 6:42:49 PM webapp.storage.AbstractStorage save
INFO: &amp#27;[32mSave 2991eb08-e247-405a-a03a-52c4ee02905b(uuid6355)
сент. 19, 2025 6:42:49 PM webapp.storage.AbstractStorage save
INFO: &amp#27;[32mSave 2bbdab80-f556-4739-adf7-f07c360a8f90(uuid6356)
сент. 19, 2025 6:42:49 PM webapp.storage.AbstractStorage save
INFO: &amp#27;[32mSave ca1c382b-c530-45d4-8d2a-da60cde616b6(uuid6357)
сент. 19, 2025 6:42:49 PM webapp.storage.AbstractStorage save
INFO: &amp#27;[32mSave 3b3dc8b5-d7a7-4d87-8e5d-b6bd65f87c44(uuid6358)
сент. 19, 2025 6:42:49 PM webapp.storage.AbstractStorage save
INFO: &amp#27;[32mSave 938039e5-fe9f-41b5-a569-146083736cff(uuid6359)
сент. 19, 2025 6:42:49 PM webapp.storage.AbstractStorage save
INFO: &amp#27;[32mSave 8b3ffa20-ec37-4ada-a9e5-e22e6c9f6bf1(uuid6360)
сент. 19, 2025 6:42:49 PM webapp.storage.AbstractStorage save
INFO: &amp#27;[32mSave f7b27dcb-84f7-47de-861a-953266f9a9ea(uuid6361)
сент. 19, 2025 6:42:49 PM webapp.storage.AbstractStorage save
INFO: &amp#27;[32mSave 98ed8c21-d48e-465d-855d-eb49fedeb9d6(uuid6362)
сент. 19, 2025 6:42:49 PM webapp.storage.AbstractStorage save
INFO: &amp#27;[32mSave a902f6a8-348f-4e0b-be45-f158f76b8eb2(uuid6363)
сент. 19, 2025 6:42:49 PM webapp.storage.AbstractStorage save
INFO: &amp#27;[32mSave bb2ea8d6-10c1-4cbd-a935-21910c20f4d3(uuid6364)
сент. 19, 2025 6:42:49 PM webapp.storage.AbstractStorage save
INFO: &amp#27;[32mSave f4c0830a-322a-490f-ae5d-9c061a554633(uuid6365)
сент. 19, 2025 6:42:49 PM webapp.storage.AbstractStorage save
INFO: &amp#27;[32mSave aa8fffb3-ec9a-490b-95f7-f6b72de71caa(uuid6366)
сент. 19, 2025 6:42:49 PM webapp.storage.AbstractStorage save
INFO: &amp#27;[32mSave b86ef443-37c0-4710-b406-00fe2e4d2188(uuid6367)
сент. 19, 2025 6:42:49 PM webapp.storage.AbstractStorage save
INFO: &amp#27;[32mSave 734709fc-c9a7-403d-b818-61e4e7fc6a02(uuid6368)
сент. 19, 2025 6:42:49 PM webapp.storage.AbstractStorage save
INFO: &amp#27;[32mSave e0b54179-81aa-4082-8681-f2b9b5adde44(uuid6369)
сент. 19, 2025 6:42:49 PM webapp.storage.AbstractStorage save
INFO: &amp#27;[32mSave 72a319ab-69e6-43d3-a3a5-f2a547afede2(uuid6370)
сент. 19, 2025 6:42:49 PM webapp.storage.AbstractStorage save
INFO: &amp#27;[32mSave e61c6a7f-9387-4f43-81bc-3f3209a200d3(uuid6371)
сент. 19, 2025 6:42:49 PM webapp.storage.AbstractStorage save
INFO: &amp#27;[32mSave 74c73c1e-2627-446c-ba9f-c4fdffb00565(uuid6372)
сент. 19, 2025 6:42:49 PM webapp.storage.AbstractStorage save
INFO: &amp#27;[32mSave 6bc882ea-3373-4a78-b7c4-5d6cc6da62c6(uuid6373)
сент. 19, 2025 6:42:49 PM webapp.storage.AbstractStorage save
INFO: &amp#27;[32mSave 19aef8b1-a9f5-4c9f-96ad-aa70c75f34d2(uuid6374)
сент. 19, 2025 6:42:49 PM webapp.storage.AbstractStorage save
INFO: &amp#27;[32mSave 2f10902e-18f5-40c6-a72c-3b902c16cfc6(uuid6375)
сент. 19, 2025 6:42:49 PM webapp.storage.AbstractStorage save
INFO: &amp#27;[32mSave 759a987f-824b-47a1-b956-423f8cf355d9(uuid6376)
сент. 19, 2025 6:42:49 PM webapp.storage.AbstractStorage save
INFO: &amp#27;[32mSave 1434502c-5ac6-4167-805e-448933527a3d(uuid6377)
сент. 19, 2025 6:42:49 PM webapp.storage.AbstractStorage save
INFO: &amp#27;[32mSave 962b900f-6a3f-4e32-8840-c75c7ac2a8e5(uuid6378)
сент. 19, 2025 6:42:49 PM webapp.storage.AbstractStorage save
INFO: &amp#27;[32mSave 3e4baae2-dd59-46c1-92e1-c049d2386f10(uuid6379)
сент. 19, 2025 6:42:49 PM webapp.storage.AbstractStorage save
INFO: &amp#27;[32mSave 6386f711-73be-40b9-a0f1-d7e49ec0acdf(uuid6380)
сент. 19, 2025 6:42:49 PM webapp.storage.AbstractStorage save
INFO: &amp#27;[32mSave e0ab5758-1e41-412e-a3b0-d2ee8a5cf179(uuid6381)
сент. 19, 2025 6:42:49 PM webapp.storage.AbstractStorage save
INFO: &amp#27;[32mSave 2aeab72f-843a-4561-97fa-78d1a38ec14e(uuid6382)
сент. 19, 2025 6:42:49 PM webapp.storage.AbstractStorage save
INFO: &amp#27;[32mSave 55762298-e29c-442a-9b91-a9008d6e3c9f(uuid6383)
сент. 19, 2025 6:42:49 PM webapp.storage.AbstractStorage save
INFO: &amp#27;[32mSave c67942ee-c3ea-4243-9fee-35fc699df4bc(uuid6384)
сент. 19, 2025 6:42:49 PM webapp.storage.AbstractStorage save
INFO: &amp#27;[32mSave a1fc25f5-fa06-40ff-a9f1-03bcc4477480(uuid6385)
сент. 19, 2025 6:42:49 PM webapp.storage.AbstractStorage save
INFO: &amp#27;[32mSave 802ca21e-e07b-4990-be19-6b160bf2c6ed(uuid6386)
сент. 19, 2025 6:42:49 PM webapp.storage.AbstractStorage save
INFO: &amp#27;[32mSave 4f75fc80-796d-4f3a-b2c9-b932332b28ee(uuid6387)
сент. 19, 2025 6:42:49 PM webapp.storage.AbstractStorage save
INFO: &amp#27;[32mSave c57e047d-1a7e-4eaa-ba91-c585bc87534f(uuid6388)
сент. 19, 2025 6:42:49 PM webapp.storage.AbstractStorage save
INFO: &amp#27;[32mSave 17aca44b-2f17-4872-8e6b-450f7897e815(uuid6389)
сент. 19, 2025 6:42:49 PM webapp.storage.AbstractStorage save
INFO: &amp#27;[32mSave 51bdd051-ac6f-43ae-ba3b-e320790beb3f(uuid6390)
сент. 19, 2025 6:42:49 PM webapp.storage.AbstractStorage save
INFO: &amp#27;[32mSave bf89df21-ff33-46fe-a564-bf2877be7b84(uuid6391)
сент. 19, 2025 6:42:49 PM webapp.storage.AbstractStorage save
INFO: &amp#27;[32mSave b93a51b8-b71d-4212-94f5-0949203d780a(uuid6392)
сент. 19, 2025 6:42:49 PM webapp.storage.AbstractStorage save
INFO: &amp#27;[32mSave dbc765f8-0d6d-4873-9cc8-d248d6793bd2(uuid6393)
сент. 19, 2025 6:42:49 PM webapp.storage.AbstractStorage save
INFO: &amp#27;[32mSave 230821fd-5a17-4be8-ba2f-97e64d71bcb8(uuid6394)
сент. 19, 2025 6:42:49 PM webapp.storage.AbstractStorage save
INFO: &amp#27;[32mSave ead49397-f52d-47b1-8cc9-9234d2b84cfd(uuid6395)
сент. 19, 2025 6:42:49 PM webapp.storage.AbstractStorage save
INFO: &amp#27;[32mSave c8242399-0f24-4038-a7be-41adfbf226b5(uuid6396)
сент. 19, 2025 6:42:49 PM webapp.storage.AbstractStorage save
INFO: &amp#27;[32mSave 0c486ae2-3baa-47e8-b9fa-3299bf39f04d(uuid6397)
сент. 19, 2025 6:42:49 PM webapp.storage.AbstractStorage save
INFO: &amp#27;[32mSave a7596090-e2b4-4cb7-9a19-a0941789bf68(uuid6398)
сент. 19, 2025 6:42:49 PM webapp.storage.AbstractStorage save
INFO: &amp#27;[32mSave dffaf73c-ccf6-4530-9e62-99e2321aae66(uuid6399)
сент. 19, 2025 6:42:49 PM webapp.storage.AbstractStorage save
INFO: &amp#27;[32mSave 05d21a62-38d1-492e-89e6-14e9c84093af(uuid6400)
сент. 19, 2025 6:42:49 PM webapp.storage.AbstractStorage save
INFO: &amp#27;[32mSave 37f9c42d-3cc2-47de-9aec-0cb573c47fcf(uuid6401)
сент. 19, 2025 6:42:49 PM webapp.storage.AbstractStorage save
INFO: &amp#27;[32mSave 79b7fc5d-2b88-4faf-acfb-94ba0697994d(uuid6402)
сент. 19, 2025 6:42:49 PM webapp.storage.AbstractStorage save
INFO: &amp#27;[32mSave 9b9e135b-21ff-417f-80d7-00863ba4e22c(uuid6403)
сент. 19, 2025 6:42:49 PM webapp.storage.AbstractStorage save
INFO: &amp#27;[32mSave f6983da0-78a9-4634-afe2-7421bee59014(uuid6404)
сент. 19, 2025 6:42:49 PM webapp.storage.AbstractStorage save
INFO: &amp#27;[32mSave f2351405-62ff-4682-a4a2-3cdb9ba78d57(uuid6405)
сент. 19, 2025 6:42:49 PM webapp.storage.AbstractStorage save
INFO: &amp#27;[32mSave ccd3f665-a760-456c-b8bd-ecc46ce30f63(uuid6406)
сент. 19, 2025 6:42:49 PM webapp.storage.AbstractStorage save
INFO: &amp#27;[32mSave dc15b846-7538-469a-8204-6afad6ad3f0b(uuid6407)
сент. 19, 2025 6:42:49 PM webapp.storage.AbstractStorage save
INFO: &amp#27;[32mSave 9e2376c4-62b8-4dcf-814b-4a0e70151f95(uuid6408)
сент. 19, 2025 6:42:49 PM webapp.storage.AbstractStorage save
INFO: &amp#27;[32mSave 27afeb04-5158-4917-ae1c-01a5ee084fee(uuid6409)
сент. 19, 2025 6:42:49 PM webapp.storage.AbstractStorage save
INFO: &amp#27;[32mSave dc1563eb-a42c-424a-ab2a-e52918c35768(uuid6410)
сент. 19, 2025 6:42:49 PM webapp.storage.AbstractStorage save
INFO: &amp#27;[32mSave 6e312895-b2e3-483c-81e0-856488244110(uuid6411)
сент. 19, 2025 6:42:49 PM webapp.storage.AbstractStorage save
INFO: &amp#27;[32mSave d841fee4-fd9c-492e-bfbe-9d4add8e8906(uuid6412)
сент. 19, 2025 6:42:49 PM webapp.storage.AbstractStorage save
INFO: &amp#27;[32mSave 88b1176a-9935-4890-8299-89966b4ce739(uuid6413)
сент. 19, 2025 6:42:49 PM webapp.storage.AbstractStorage save
INFO: &amp#27;[32mSave cdc8be09-d829-4da0-b886-9154eb6fdb92(uuid6414)
сент. 19, 2025 6:42:49 PM webapp.storage.AbstractStorage save
INFO: &amp#27;[32mSave f6691994-9de3-4075-91b2-44f8bc96d8fe(uuid6415)
сент. 19, 2025 6:42:49 PM webapp.storage.AbstractStorage save
INFO: &amp#27;[32mSave 66561ac7-4970-4db3-a2d3-6b0d808da8f8(uuid6416)
сент. 19, 2025 6:42:49 PM webapp.storage.AbstractStorage save
INFO: &amp#27;[32mSave 1fe89542-c31f-467c-99c4-d9653afe203b(uuid6417)
сент. 19, 2025 6:42:49 PM webapp.storage.AbstractStorage save
INFO: &amp#27;[32mSave 4fb0160d-84a7-4d7d-878e-f04723ac249e(uuid6418)
сент. 19, 2025 6:42:49 PM webapp.storage.AbstractStorage save
INFO: &amp#27;[32mSave 84c528b3-87c3-4d27-b647-ca8d136e2e15(uuid6419)
сент. 19, 2025 6:42:49 PM webapp.storage.AbstractStorage save
INFO: &amp#27;[32mSave dcd978d8-2d91-4f2b-8602-ea61314e7380(uuid6420)
сент. 19, 2025 6:42:49 PM webapp.storage.AbstractStorage save
INFO: &amp#27;[32mSave 94054475-a81b-45f4-baa1-e9a9411127b9(uuid6421)
сент. 19, 2025 6:42:49 PM webapp.storage.AbstractStorage save
INFO: &amp#27;[32mSave 63f9a698-1798-4c0b-81c4-5e8e9b32ee21(uuid6422)
сент. 19, 2025 6:42:49 PM webapp.storage.AbstractStorage save
INFO: &amp#27;[32mSave 71718e59-ec7f-4527-88e9-c6ac34cdd2d5(uuid6423)
сент. 19, 2025 6:42:49 PM webapp.storage.AbstractStorage save
INFO: &amp#27;[32mSave 2d576648-defd-4bd4-92be-91c4fb415625(uuid6424)
сент. 19, 2025 6:42:49 PM webapp.storage.AbstractStorage save
INFO: &amp#27;[32mSave 116bb17a-397c-442b-b44a-ec0d30f22ae7(uuid6425)
сент. 19, 2025 6:42:49 PM webapp.storage.AbstractStorage save
INFO: &amp#27;[32mSave 7553bd72-8dd9-4e43-9037-9c229f0f39ef(uuid6426)
сент. 19, 2025 6:42:49 PM webapp.storage.AbstractStorage save
INFO: &amp#27;[32mSave 620223e4-8612-430c-874b-8d43a8d3b873(uuid6427)
сент. 19, 2025 6:42:49 PM webapp.storage.AbstractStorage save
INFO: &amp#27;[32mSave 46f01f4a-7113-475d-abd1-eedf537542d3(uuid6428)
сент. 19, 2025 6:42:49 PM webapp.storage.AbstractStorage save
INFO: &amp#27;[32mSave 6c7f5636-798f-4d54-9b6b-d38df3b80e55(uuid6429)
сент. 19, 2025 6:42:49 PM webapp.storage.AbstractStorage save
INFO: &amp#27;[32mSave f0122386-20a6-4d19-9338-f3be4c094513(uuid6430)
сент. 19, 2025 6:42:49 PM webapp.storage.AbstractStorage save
INFO: &amp#27;[32mSave 2745b37c-92ed-491e-a0a8-7d8c08568aef(uuid6431)
сент. 19, 2025 6:42:49 PM webapp.storage.AbstractStorage save
INFO: &amp#27;[32mSave d82e84e6-f108-4ee3-9216-40882938a8ab(uuid6432)
сент. 19, 2025 6:42:49 PM webapp.storage.AbstractStorage save
INFO: &amp#27;[32mSave fd588b84-5c20-4a19-95e0-86d1b905b50f(uuid6433)
сент. 19, 2025 6:42:49 PM webapp.storage.AbstractStorage save
INFO: &amp#27;[32mSave 01d82933-ff88-427a-a2cb-b77a15399165(uuid6434)
сент. 19, 2025 6:42:49 PM webapp.storage.AbstractStorage save
INFO: &amp#27;[32mSave c837c17c-a343-44e1-a894-bf72bccca96b(uuid6435)
сент. 19, 2025 6:42:49 PM webapp.storage.AbstractStorage save
INFO: &amp#27;[32mSave c8ac18e6-8512-4a4c-b321-1a122b9b260b(uuid6436)
сент. 19, 2025 6:42:49 PM webapp.storage.AbstractStorage save
INFO: &amp#27;[32mSave 89dc4d51-b750-41da-8aed-e8b7f85ef5de(uuid6437)
сент. 19, 2025 6:42:49 PM webapp.storage.AbstractStorage save
INFO: &amp#27;[32mSave 46aba35e-436a-4b0c-9bd2-3cc29c53513b(uuid6438)
сент. 19, 2025 6:42:49 PM webapp.storage.AbstractStorage save
INFO: &amp#27;[32mSave eac36368-976d-4d59-92ce-5ea01d89a605(uuid6439)
сент. 19, 2025 6:42:49 PM webapp.storage.AbstractStorage save
INFO: &amp#27;[32mSave 63a85583-7d2c-45a8-9621-93286cf77b6e(uuid6440)
сент. 19, 2025 6:42:49 PM webapp.storage.AbstractStorage save
INFO: &amp#27;[32mSave b1bb6f34-71ed-488d-ba11-4980aed4538b(uuid6441)
сент. 19, 2025 6:42:49 PM webapp.storage.AbstractStorage save
INFO: &amp#27;[32mSave 9716586e-82eb-441c-8f07-8ba7e2b54532(uuid6442)
сент. 19, 2025 6:42:49 PM webapp.storage.AbstractStorage save
INFO: &amp#27;[32mSave 20c09016-ea94-433e-994e-2097d7a79217(uuid6443)
сент. 19, 2025 6:42:49 PM webapp.storage.AbstractStorage save
INFO: &amp#27;[32mSave ed22ee71-4755-4ff6-8cb7-889bd5ecfaaa(uuid6444)
сент. 19, 2025 6:42:49 PM webapp.storage.AbstractStorage save
INFO: &amp#27;[32mSave 8dc7f701-8b45-4d11-b7ca-e4b5c1f02093(uuid6445)
сент. 19, 2025 6:42:49 PM webapp.storage.AbstractStorage save
INFO: &amp#27;[32mSave 257496c3-0fcd-4e1a-ae4e-be1624f485ac(uuid6446)
сент. 19, 2025 6:42:49 PM webapp.storage.AbstractStorage save
INFO: &amp#27;[32mSave 7b27db6e-331c-4bea-94d6-84d5a60cb8fe(uuid6447)
сент. 19, 2025 6:42:49 PM webapp.storage.AbstractStorage save
INFO: &amp#27;[32mSave 0a709153-5b07-4ebf-82b9-08da1e09afd3(uuid6448)
сент. 19, 2025 6:42:49 PM webapp.storage.AbstractStorage save
INFO: &amp#27;[32mSave 107b25ae-86d9-4bf9-bda9-9b5bad2ec06d(uuid6449)
сент. 19, 2025 6:42:49 PM webapp.storage.AbstractStorage save
INFO: &amp#27;[32mSave c6a2ec37-15af-411f-9bcf-75a448037c76(uuid6450)
сент. 19, 2025 6:42:49 PM webapp.storage.AbstractStorage save
INFO: &amp#27;[32mSave 1bfba84a-d5ef-4985-8c1d-2f1fe7c2fda7(uuid6451)
сент. 19, 2025 6:42:49 PM webapp.storage.AbstractStorage save
INFO: &amp#27;[32mSave 03ac1f14-9618-4cf4-9ba8-80d5ff9b9c8d(uuid6452)
сент. 19, 2025 6:42:49 PM webapp.storage.AbstractStorage save
INFO: &amp#27;[32mSave 388298f5-5be9-44cd-aa59-3caffe701bb5(uuid6453)
сент. 19, 2025 6:42:49 PM webapp.storage.AbstractStorage save
INFO: &amp#27;[32mSave be106269-c22f-447e-aaed-27b30e93d76f(uuid6454)
сент. 19, 2025 6:42:49 PM webapp.storage.AbstractStorage save
INFO: &amp#27;[32mSave cab891de-9f23-4771-9cf3-2c8d86b0aa80(uuid6455)
сент. 19, 2025 6:42:49 PM webapp.storage.AbstractStorage save
INFO: &amp#27;[32mSave 87315c40-bfdb-422a-b09b-d7ce028634fd(uuid6456)
сент. 19, 2025 6:42:49 PM webapp.storage.AbstractStorage save
INFO: &amp#27;[32mSave 768104a9-34be-48a1-9f7d-6448d6690909(uuid6457)
сент. 19, 2025 6:42:49 PM webapp.storage.AbstractStorage save
INFO: &amp#27;[32mSave 83df53b2-fa2f-42c0-94a5-1252cdaca71a(uuid6458)
сент. 19, 2025 6:42:49 PM webapp.storage.AbstractStorage save
INFO: &amp#27;[32mSave 3bb6eee9-4a2b-41ae-9dce-5fd4f92d2cdf(uuid6459)
сент. 19, 2025 6:42:49 PM webapp.storage.AbstractStorage save
INFO: &amp#27;[32mSave 90fb7d1a-ab31-469b-a4cc-282dc1ad1520(uuid6460)
сент. 19, 2025 6:42:49 PM webapp.storage.AbstractStorage save
INFO: &amp#27;[32mSave aedca0e1-027c-49e6-bd47-98982d05122b(uuid6461)
сент. 19, 2025 6:42:49 PM webapp.storage.AbstractStorage save
INFO: &amp#27;[32mSave 274d1bb8-40d3-4a33-a6fd-b2e9ea9b6011(uuid6462)
сент. 19, 2025 6:42:49 PM webapp.storage.AbstractStorage save
INFO: &amp#27;[32mSave 49a34a95-4f0d-4f99-bded-0bd51473fa71(uuid6463)
сент. 19, 2025 6:42:49 PM webapp.storage.AbstractStorage save
INFO: &amp#27;[32mSave 5ed75637-0c3b-4e9b-8f3f-3ea8b1efc0e1(uuid6464)
сент. 19, 2025 6:42:49 PM webapp.storage.AbstractStorage save
INFO: &amp#27;[32mSave 6a535ee5-a105-4043-aa8f-61dda2907710(uuid6465)
сент. 19, 2025 6:42:49 PM webapp.storage.AbstractStorage save
INFO: &amp#27;[32mSave 9f12f099-893d-44d4-ba15-7bebe859a532(uuid6466)
сент. 19, 2025 6:42:49 PM webapp.storage.AbstractStorage save
INFO: &amp#27;[32mSave 60769e49-4b3a-4d00-bcbe-bfb3ebfaa1f7(uuid6467)
сент. 19, 2025 6:42:49 PM webapp.storage.AbstractStorage save
INFO: &amp#27;[32mSave 76cf3f03-0b99-45e4-a57d-0aaa3a033913(uuid6468)
сент. 19, 2025 6:42:49 PM webapp.storage.AbstractStorage save
INFO: &amp#27;[32mSave 67617149-95b9-42cd-b16c-b719465a4c9e(uuid6469)
сент. 19, 2025 6:42:49 PM webapp.storage.AbstractStorage save
INFO: &amp#27;[32mSave b89c18ed-af2d-4056-92b4-62fb38ef1163(uuid6470)
сент. 19, 2025 6:42:49 PM webapp.storage.AbstractStorage save
INFO: &amp#27;[32mSave 2fc01f8e-30cd-431b-92f1-a98a0a1e51a8(uuid6471)
сент. 19, 2025 6:42:49 PM webapp.storage.AbstractStorage save
INFO: &amp#27;[32mSave e1b0e572-a35b-49a0-aee5-26790adf54c4(uuid6472)
сент. 19, 2025 6:42:49 PM webapp.storage.AbstractStorage save
INFO: &amp#27;[32mSave d54806a6-ccd3-488d-b5bb-0db38f44e64f(uuid6473)
сент. 19, 2025 6:42:49 PM webapp.storage.AbstractStorage save
INFO: &amp#27;[32mSave 77aadd7b-479a-449d-a49c-a57b8adc9b07(uuid6474)
сент. 19, 2025 6:42:49 PM webapp.storage.AbstractStorage save
INFO: &amp#27;[32mSave 92e3bfd2-aad4-48b3-ad59-6de1045917ae(uuid6475)
сент. 19, 2025 6:42:49 PM webapp.storage.AbstractStorage save
INFO: &amp#27;[32mSave d3c21ef4-62e5-4181-8f45-80d9aab570b0(uuid6476)
сент. 19, 2025 6:42:49 PM webapp.storage.AbstractStorage save
INFO: &amp#27;[32mSave 0fa80172-13fd-4bd7-bfbd-79d2a48b2d8c(uuid6477)
сент. 19, 2025 6:42:49 PM webapp.storage.AbstractStorage save
INFO: &amp#27;[32mSave 3204c31a-2850-4e3f-9c32-7b7cf2d4562d(uuid6478)
сент. 19, 2025 6:42:49 PM webapp.storage.AbstractStorage save
INFO: &amp#27;[32mSave f1b36ad2-b321-43ef-a523-9f2bbec7b92d(uuid6479)
сент. 19, 2025 6:42:49 PM webapp.storage.AbstractStorage save
INFO: &amp#27;[32mSave 673c3ea3-4c7a-48db-82a1-9fb2dcb3b293(uuid6480)
сент. 19, 2025 6:42:49 PM webapp.storage.AbstractStorage save
INFO: &amp#27;[32mSave a4e1f1fc-40a8-4bd2-84e3-2876ef030dd1(uuid6481)
сент. 19, 2025 6:42:49 PM webapp.storage.AbstractStorage save
INFO: &amp#27;[32mSave 15e9b700-b6cf-488b-8928-120d51cf29bd(uuid6482)
сент. 19, 2025 6:42:49 PM webapp.storage.AbstractStorage save
INFO: &amp#27;[32mSave b8461df4-4d01-4519-a65d-5af647259df8(uuid6483)
сент. 19, 2025 6:42:49 PM webapp.storage.AbstractStorage save
INFO: &amp#27;[32mSave 94eced58-b86f-4295-8262-4e8e56352abc(uuid6484)
сент. 19, 2025 6:42:49 PM webapp.storage.AbstractStorage save
INFO: &amp#27;[32mSave 7f8a8d49-240d-4bce-9a2d-43cf7a4c818f(uuid6485)
сент. 19, 2025 6:42:49 PM webapp.storage.AbstractStorage save
INFO: &amp#27;[32mSave fc0628c9-c2c9-4584-a3a8-0da6c0cdd130(uuid6486)
сент. 19, 2025 6:42:49 PM webapp.storage.AbstractStorage save
INFO: &amp#27;[32mSave d0a35e83-1972-48b3-b3a4-a308e6e97b21(uuid6487)
сент. 19, 2025 6:42:49 PM webapp.storage.AbstractStorage save
INFO: &amp#27;[32mSave 8d695db1-02ab-4d58-ad1f-0a597f3643a3(uuid6488)
сент. 19, 2025 6:42:49 PM webapp.storage.AbstractStorage save
INFO: &amp#27;[32mSave f23ee6c1-e012-4d3a-971c-c0b3b1cb9bfd(uuid6489)
сент. 19, 2025 6:42:49 PM webapp.storage.AbstractStorage save
INFO: &amp#27;[32mSave 85cbf9db-53e1-47d3-ba97-a2ee2646975e(uuid6490)
сент. 19, 2025 6:42:49 PM webapp.storage.AbstractStorage save
INFO: &amp#27;[32mSave dcda2256-20cc-43cc-aae8-9dfc06cb60c4(uuid6491)
сент. 19, 2025 6:42:49 PM webapp.storage.AbstractStorage save
INFO: &amp#27;[32mSave e065634b-0a93-4018-b40d-d7e9ad0b5dd0(uuid6492)
сент. 19, 2025 6:42:49 PM webapp.storage.AbstractStorage save
INFO: &amp#27;[32mSave 11b4185b-6434-4ba0-8642-6355cc57c127(uuid6493)
сент. 19, 2025 6:42:49 PM webapp.storage.AbstractStorage save
INFO: &amp#27;[32mSave 07d2d961-3de3-4071-a710-af448011135c(uuid6494)
сент. 19, 2025 6:42:49 PM webapp.storage.AbstractStorage save
INFO: &amp#27;[32mSave 14fa2936-0a46-433c-a11d-1801e3fc076b(uuid6495)
сент. 19, 2025 6:42:49 PM webapp.storage.AbstractStorage save
INFO: &amp#27;[32mSave 20c9a2f5-e80f-4aca-9b41-5aae8fcdeff0(uuid6496)
сент. 19, 2025 6:42:49 PM webapp.storage.AbstractStorage save
INFO: &amp#27;[32mSave 5ad1e7cc-b804-47c2-83cb-072082763c8d(uuid6497)
сент. 19, 2025 6:42:49 PM webapp.storage.AbstractStorage save
INFO: &amp#27;[32mSave 02b13c29-3938-4489-9b37-62cf7857fc99(uuid6498)
сент. 19, 2025 6:42:49 PM webapp.storage.AbstractStorage save
INFO: &amp#27;[32mSave 46b25606-c238-4e08-a8ca-5187ea74e34b(uuid6499)
сент. 19, 2025 6:42:49 PM webapp.storage.AbstractStorage save
INFO: &amp#27;[32mSave 1a17f234-680b-42f4-b1d9-606e232f2605(uuid6500)
сент. 19, 2025 6:42:49 PM webapp.storage.AbstractStorage save
INFO: &amp#27;[32mSave 1fe838aa-0243-41d0-9714-690615c36b52(uuid6501)
сент. 19, 2025 6:42:49 PM webapp.storage.AbstractStorage save
INFO: &amp#27;[32mSave 6e78066d-5356-41ce-8b92-afd22498fecb(uuid6502)
сент. 19, 2025 6:42:49 PM webapp.storage.AbstractStorage save
INFO: &amp#27;[32mSave 76898272-8061-4b81-8b09-4943af7669d4(uuid6503)
сент. 19, 2025 6:42:49 PM webapp.storage.AbstractStorage save
INFO: &amp#27;[32mSave 4e730096-0f9a-4271-a493-b05d7fffa690(uuid6504)
сент. 19, 2025 6:42:49 PM webapp.storage.AbstractStorage save
INFO: &amp#27;[32mSave 9e3f0c78-a0fb-4e38-892c-a1abdc8c33c7(uuid6505)
сент. 19, 2025 6:42:49 PM webapp.storage.AbstractStorage save
INFO: &amp#27;[32mSave 873ae299-c421-46a0-98c3-2cdd0d22fead(uuid6506)
сент. 19, 2025 6:42:49 PM webapp.storage.AbstractStorage save
INFO: &amp#27;[32mSave c53792a1-6ac4-472d-91d3-fb36976f9b34(uuid6507)
сент. 19, 2025 6:42:49 PM webapp.storage.AbstractStorage save
INFO: &amp#27;[32mSave 78c3a6c4-eb02-45dd-bad4-6e2001ba2b51(uuid6508)
сент. 19, 2025 6:42:49 PM webapp.storage.AbstractStorage save
INFO: &amp#27;[32mSave cfa4c967-faef-4111-aad6-b14eb61da203(uuid6509)
сент. 19, 2025 6:42:49 PM webapp.storage.AbstractStorage save
INFO: &amp#27;[32mSave eca48353-ba6e-47dc-a3fd-ca4bfb76a915(uuid6510)
сент. 19, 2025 6:42:49 PM webapp.storage.AbstractStorage save
INFO: &amp#27;[32mSave b37d2eb0-d906-4759-8c60-3b6339e2b38a(uuid6511)
сент. 19, 2025 6:42:49 PM webapp.storage.AbstractStorage save
INFO: &amp#27;[32mSave dc319aea-0191-4d38-b70b-5a8f9983fd71(uuid6512)
сент. 19, 2025 6:42:49 PM webapp.storage.AbstractStorage save
INFO: &amp#27;[32mSave 0a11faf7-15ba-4741-aa86-a5b25f1f6731(uuid6513)
сент. 19, 2025 6:42:49 PM webapp.storage.AbstractStorage save
INFO: &amp#27;[32mSave fb8bb6ab-11d5-4974-8f06-53100c4120e2(uuid6514)
сент. 19, 2025 6:42:49 PM webapp.storage.AbstractStorage save
INFO: &amp#27;[32mSave dcdb924a-a9e5-4fb9-8c44-2ea8e9f649ba(uuid6515)
сент. 19, 2025 6:42:49 PM webapp.storage.AbstractStorage save
INFO: &amp#27;[32mSave 14699bc8-d8a0-42dd-9d3c-2e1f40229b30(uuid6516)
сент. 19, 2025 6:42:49 PM webapp.storage.AbstractStorage save
INFO: &amp#27;[32mSave a4e929a8-a3f5-44f9-864f-0d3ff9b5ee56(uuid6517)
сент. 19, 2025 6:42:49 PM webapp.storage.AbstractStorage save
INFO: &amp#27;[32mSave 1bb907fd-98e2-44ec-8140-5766aa275adc(uuid6518)
сент. 19, 2025 6:42:49 PM webapp.storage.AbstractStorage save
INFO: &amp#27;[32mSave 26cb98bb-598b-4f74-ad29-5a46ac119b2d(uuid6519)
сент. 19, 2025 6:42:49 PM webapp.storage.AbstractStorage save
INFO: &amp#27;[32mSave ccb2a17a-41d7-40f8-8c88-08ca9037fee7(uuid6520)
сент. 19, 2025 6:42:49 PM webapp.storage.AbstractStorage save
INFO: &amp#27;[32mSave dfb8a77b-7789-47b1-be29-99acbece0f45(uuid6521)
сент. 19, 2025 6:42:49 PM webapp.storage.AbstractStorage save
INFO: &amp#27;[32mSave ef5c682a-18b0-40a4-8630-2fcdb465dd82(uuid6522)
сент. 19, 2025 6:42:49 PM webapp.storage.AbstractStorage save
INFO: &amp#27;[32mSave 1284d7df-730b-4292-adc1-d075b5c236e7(uuid6523)
сент. 19, 2025 6:42:49 PM webapp.storage.AbstractStorage save
INFO: &amp#27;[32mSave 0a188106-7ab0-479b-b129-bfe5f2d2c0b6(uuid6524)
сент. 19, 2025 6:42:49 PM webapp.storage.AbstractStorage save
INFO: &amp#27;[32mSave 23bb89c4-b94a-4dd9-a381-af78b7e7ebef(uuid6525)
сент. 19, 2025 6:42:49 PM webapp.storage.AbstractStorage save
INFO: &amp#27;[32mSave 21735192-9d78-4439-bcf4-651ecd7ed8af(uuid6526)
сент. 19, 2025 6:42:49 PM webapp.storage.AbstractStorage save
INFO: &amp#27;[32mSave a15b74ea-cab6-4844-93a7-e4c9a93a4dfa(uuid6527)
сент. 19, 2025 6:42:49 PM webapp.storage.AbstractStorage save
INFO: &amp#27;[32mSave a6de2c75-cc7d-4798-b569-3bfb47814c40(uuid6528)
сент. 19, 2025 6:42:49 PM webapp.storage.AbstractStorage save
INFO: &amp#27;[32mSave 912554d3-1b02-4a04-b719-c3d69607c3bc(uuid6529)
сент. 19, 2025 6:42:49 PM webapp.storage.AbstractStorage save
INFO: &amp#27;[32mSave 8ecc03c0-29b5-4e72-8b39-107686e03fd7(uuid6530)
сент. 19, 2025 6:42:49 PM webapp.storage.AbstractStorage save
INFO: &amp#27;[32mSave 1e631a5f-f7b1-487b-9449-3c1d930100f4(uuid6531)
сент. 19, 2025 6:42:49 PM webapp.storage.AbstractStorage save
INFO: &amp#27;[32mSave 1be91f5d-99ba-4547-b578-b44230590a6a(uuid6532)
сент. 19, 2025 6:42:49 PM webapp.storage.AbstractStorage save
INFO: &amp#27;[32mSave 3dd45024-1063-4820-95be-6fbfc2c2b05a(uuid6533)
сент. 19, 2025 6:42:49 PM webapp.storage.AbstractStorage save
INFO: &amp#27;[32mSave a3576ece-a735-4c65-a3c1-520c1ff0a91b(uuid6534)
сент. 19, 2025 6:42:49 PM webapp.storage.AbstractStorage save
INFO: &amp#27;[32mSave 047806a2-2a70-4578-8a55-81e474d93641(uuid6535)
сент. 19, 2025 6:42:49 PM webapp.storage.AbstractStorage save
INFO: &amp#27;[32mSave 361deda7-5e46-4118-855c-7197c44ca324(uuid6536)
сент. 19, 2025 6:42:49 PM webapp.storage.AbstractStorage save
INFO: &amp#27;[32mSave c46bc9f0-3481-477d-8a43-881db62378d9(uuid6537)
сент. 19, 2025 6:42:49 PM webapp.storage.AbstractStorage save
INFO: &amp#27;[32mSave 910bacab-a7a2-4121-afbe-0d3219ada529(uuid6538)
сент. 19, 2025 6:42:49 PM webapp.storage.AbstractStorage save
INFO: &amp#27;[32mSave b00eb7fe-f56a-4249-b574-1f6fd8a78f7f(uuid6539)
сент. 19, 2025 6:42:49 PM webapp.storage.AbstractStorage save
INFO: &amp#27;[32mSave 7a037ab9-0ca5-43ea-8a00-92c8b5cbcbfc(uuid6540)
сент. 19, 2025 6:42:49 PM webapp.storage.AbstractStorage save
INFO: &amp#27;[32mSave 308e6133-df4c-4928-850b-eb9022e1f83d(uuid6541)
сент. 19, 2025 6:42:49 PM webapp.storage.AbstractStorage save
INFO: &amp#27;[32mSave 43c7321e-a61d-40c7-9112-fac9119b29aa(uuid6542)
сент. 19, 2025 6:42:49 PM webapp.storage.AbstractStorage save
INFO: &amp#27;[32mSave dd533ac9-e459-4cd8-9973-b2a434763330(uuid6543)
сент. 19, 2025 6:42:49 PM webapp.storage.AbstractStorage save
INFO: &amp#27;[32mSave 52506efd-30cd-4ce6-9f20-70eafa332937(uuid6544)
сент. 19, 2025 6:42:49 PM webapp.storage.AbstractStorage save
INFO: &amp#27;[32mSave fec77e08-9e7e-4a49-a1f0-07d609de4548(uuid6545)
сент. 19, 2025 6:42:49 PM webapp.storage.AbstractStorage save
INFO: &amp#27;[32mSave 6f585218-377c-43c9-a812-e0bbfee0ee4e(uuid6546)
сент. 19, 2025 6:42:49 PM webapp.storage.AbstractStorage save
INFO: &amp#27;[32mSave d07e1530-0617-48ac-bff6-eadc34fc8a9c(uuid6547)
сент. 19, 2025 6:42:49 PM webapp.storage.AbstractStorage save
INFO: &amp#27;[32mSave 0bd9f9b6-0434-431a-aa5e-1a9a2d36b17c(uuid6548)
сент. 19, 2025 6:42:49 PM webapp.storage.AbstractStorage save
INFO: &amp#27;[32mSave 45d770b8-a0b3-43e0-aff3-6446356d2d01(uuid6549)
сент. 19, 2025 6:42:49 PM webapp.storage.AbstractStorage save
INFO: &amp#27;[32mSave 4c5371bd-1395-489b-bb18-ef92c651e722(uuid6550)
сент. 19, 2025 6:42:49 PM webapp.storage.AbstractStorage save
INFO: &amp#27;[32mSave 60e2df4e-3758-4b7c-a501-ce98490120f2(uuid6551)
сент. 19, 2025 6:42:49 PM webapp.storage.AbstractStorage save
INFO: &amp#27;[32mSave 0f58317e-adf4-4af1-9b39-ac1544729bee(uuid6552)
сент. 19, 2025 6:42:49 PM webapp.storage.AbstractStorage save
INFO: &amp#27;[32mSave 688399b9-1387-4bfe-a449-1f32dd950f23(uuid6553)
сент. 19, 2025 6:42:49 PM webapp.storage.AbstractStorage save
INFO: &amp#27;[32mSave 3f6b5815-25d4-406b-b408-2e5925057148(uuid6554)
сент. 19, 2025 6:42:49 PM webapp.storage.AbstractStorage save
INFO: &amp#27;[32mSave a6c7b8d7-a0c0-437d-bc22-0fcbe74e73ed(uuid6555)
сент. 19, 2025 6:42:49 PM webapp.storage.AbstractStorage save
INFO: &amp#27;[32mSave cea0497b-4c56-443b-a12e-9cdc32f40e9b(uuid6556)
сент. 19, 2025 6:42:49 PM webapp.storage.AbstractStorage save
INFO: &amp#27;[32mSave b24d5f20-dcb3-4f1b-bb42-1bd786e3a770(uuid6557)
сент. 19, 2025 6:42:49 PM webapp.storage.AbstractStorage save
INFO: &amp#27;[32mSave f65f9d34-31ef-4f42-91ea-0bebfec74d86(uuid6558)
сент. 19, 2025 6:42:49 PM webapp.storage.AbstractStorage save
INFO: &amp#27;[32mSave c6ef6eec-75f2-4256-9f8e-6dd2b7035c46(uuid6559)
сент. 19, 2025 6:42:49 PM webapp.storage.AbstractStorage save
INFO: &amp#27;[32mSave 309b350e-010c-4b2a-85d0-6375dcfa1f7c(uuid6560)
сент. 19, 2025 6:42:49 PM webapp.storage.AbstractStorage save
INFO: &amp#27;[32mSave 1e01763f-a175-4d27-9bdd-d87b623edf34(uuid6561)
сент. 19, 2025 6:42:49 PM webapp.storage.AbstractStorage save
INFO: &amp#27;[32mSave 9dbd3c0d-a444-456b-99bc-dad2767881fb(uuid6562)
сент. 19, 2025 6:42:49 PM webapp.storage.AbstractStorage save
INFO: &amp#27;[32mSave 7e943093-3b9b-4ff2-8941-14ca251a6d5f(uuid6563)
сент. 19, 2025 6:42:49 PM webapp.storage.AbstractStorage save
INFO: &amp#27;[32mSave 2c812ddb-44f9-4eae-8b0a-8c0490994fa7(uuid6564)
сент. 19, 2025 6:42:49 PM webapp.storage.AbstractStorage save
INFO: &amp#27;[32mSave 7d744ad7-efa5-4d05-ac1d-893e8b5ac889(uuid6565)
сент. 19, 2025 6:42:49 PM webapp.storage.AbstractStorage save
INFO: &amp#27;[32mSave f39429bc-b904-4397-b779-5e703d7dab4e(uuid6566)
сент. 19, 2025 6:42:49 PM webapp.storage.AbstractStorage save
INFO: &amp#27;[32mSave dcf9d273-fc77-4ecd-94bc-c6a091d97ac1(uuid6567)
сент. 19, 2025 6:42:49 PM webapp.storage.AbstractStorage save
INFO: &amp#27;[32mSave 83cfdbb1-b3e8-43ea-95a2-32b1a9e3cef5(uuid6568)
сент. 19, 2025 6:42:49 PM webapp.storage.AbstractStorage save
INFO: &amp#27;[32mSave 62cb1a73-a9d7-4e04-b9cb-978faffc692d(uuid6569)
сент. 19, 2025 6:42:49 PM webapp.storage.AbstractStorage save
INFO: &amp#27;[32mSave fbcdbeed-62e3-4d13-a3ca-2974eec8141c(uuid6570)
сент. 19, 2025 6:42:49 PM webapp.storage.AbstractStorage save
INFO: &amp#27;[32mSave 84728857-ca7d-45f1-8ac3-933de3c3d9e4(uuid6571)
сент. 19, 2025 6:42:49 PM webapp.storage.AbstractStorage save
INFO: &amp#27;[32mSave d76e29a3-58e3-49d3-aa5f-3a8c9984f18e(uuid6572)
сент. 19, 2025 6:42:49 PM webapp.storage.AbstractStorage save
INFO: &amp#27;[32mSave f6026abe-5e32-40d6-8f9b-04681384d600(uuid6573)
сент. 19, 2025 6:42:49 PM webapp.storage.AbstractStorage save
INFO: &amp#27;[32mSave 4ad30f05-7368-40b4-aa13-ca702ae5630a(uuid6574)
сент. 19, 2025 6:42:49 PM webapp.storage.AbstractStorage save
INFO: &amp#27;[32mSave 99e93559-94ce-4a9c-9349-a2d1dcb4ab12(uuid6575)
сент. 19, 2025 6:42:49 PM webapp.storage.AbstractStorage save
INFO: &amp#27;[32mSave 14582942-686d-4212-97d6-dc510208d453(uuid6576)
сент. 19, 2025 6:42:49 PM webapp.storage.AbstractStorage save
INFO: &amp#27;[32mSave d9e32ca7-5b8c-4a6a-b237-2bd4b0e0b437(uuid6577)
сент. 19, 2025 6:42:49 PM webapp.storage.AbstractStorage save
INFO: &amp#27;[32mSave 7a20b2eb-b593-408f-b181-ec4d92943155(uuid6578)
сент. 19, 2025 6:42:49 PM webapp.storage.AbstractStorage save
INFO: &amp#27;[32mSave 0d325818-450c-41eb-b395-95c3506f9019(uuid6579)
сент. 19, 2025 6:42:49 PM webapp.storage.AbstractStorage save
INFO: &amp#27;[32mSave d0995c94-e4a7-4d3c-8eb0-4952961de540(uuid6580)
сент. 19, 2025 6:42:49 PM webapp.storage.AbstractStorage save
INFO: &amp#27;[32mSave 01fb1bc0-2c13-4de9-81ce-7fb5365b1ce3(uuid6581)
сент. 19, 2025 6:42:49 PM webapp.storage.AbstractStorage save
INFO: &amp#27;[32mSave 946b16c5-b17a-42ad-a895-9c70ad0c9e02(uuid6582)
сент. 19, 2025 6:42:49 PM webapp.storage.AbstractStorage save
INFO: &amp#27;[32mSave cb26157b-facf-498c-a7af-acf33c321ea1(uuid6583)
сент. 19, 2025 6:42:49 PM webapp.storage.AbstractStorage save
INFO: &amp#27;[32mSave 359fb1b9-032a-4b5f-98ff-596eac04c598(uuid6584)
сент. 19, 2025 6:42:49 PM webapp.storage.AbstractStorage save
INFO: &amp#27;[32mSave c4d375fe-b299-45ad-9a71-2a221f53d6af(uuid6585)
сент. 19, 2025 6:42:49 PM webapp.storage.AbstractStorage save
INFO: &amp#27;[32mSave ac8d746f-54e3-475e-896e-d2b349afc0ad(uuid6586)
сент. 19, 2025 6:42:49 PM webapp.storage.AbstractStorage save
INFO: &amp#27;[32mSave 900ddd6e-d650-4545-a41b-01cd95116c02(uuid6587)
сент. 19, 2025 6:42:49 PM webapp.storage.AbstractStorage save
INFO: &amp#27;[32mSave d1e86769-f9fd-4bab-b022-9e91b5053506(uuid6588)
сент. 19, 2025 6:42:49 PM webapp.storage.AbstractStorage save
INFO: &amp#27;[32mSave 3a1c3f8e-1076-47d5-aa99-c6719493bcf7(uuid6589)
сент. 19, 2025 6:42:49 PM webapp.storage.AbstractStorage save
INFO: &amp#27;[32mSave e63bf432-4ace-4694-bf96-bd3e0808a1eb(uuid6590)
сент. 19, 2025 6:42:49 PM webapp.storage.AbstractStorage save
INFO: &amp#27;[32mSave 0668531a-0173-46dd-8f57-00627accf7c2(uuid6591)
сент. 19, 2025 6:42:49 PM webapp.storage.AbstractStorage save
INFO: &amp#27;[32mSave 70f3a306-1c7b-4d96-b206-114a45d3d34f(uuid6592)
сент. 19, 2025 6:42:49 PM webapp.storage.AbstractStorage save
INFO: &amp#27;[32mSave b7b6870c-c7c3-43c1-9705-eb1c77e49cf9(uuid6593)
сент. 19, 2025 6:42:49 PM webapp.storage.AbstractStorage save
INFO: &amp#27;[32mSave f52b0ce1-6311-40f8-95c5-3a0e92c6fd6a(uuid6594)
сент. 19, 2025 6:42:49 PM webapp.storage.AbstractStorage save
INFO: &amp#27;[32mSave 7c3afb8b-db54-4dac-8679-3ae4e01952cf(uuid6595)
сент. 19, 2025 6:42:49 PM webapp.storage.AbstractStorage save
INFO: &amp#27;[32mSave ac8acb66-c70a-4fb2-a9d3-5ccce7e9b741(uuid6596)
сент. 19, 2025 6:42:49 PM webapp.storage.AbstractStorage save
INFO: &amp#27;[32mSave d90478ea-1454-44ff-b47b-4429647c4cad(uuid6597)
сент. 19, 2025 6:42:49 PM webapp.storage.AbstractStorage save
INFO: &amp#27;[32mSave 6f040b7f-0ce3-496f-83fe-5d0f6e06c019(uuid6598)
сент. 19, 2025 6:42:49 PM webapp.storage.AbstractStorage save
INFO: &amp#27;[32mSave 80155a29-d105-4558-a74b-0a7a8a154771(uuid6599)
сент. 19, 2025 6:42:49 PM webapp.storage.AbstractStorage save
INFO: &amp#27;[32mSave 97d2183d-315a-43a9-9596-097b20cdd43d(uuid6600)
сент. 19, 2025 6:42:49 PM webapp.storage.AbstractStorage save
INFO: &amp#27;[32mSave 75639ab2-a0df-4d8f-9b81-0f5e6ec1bc33(uuid6601)
сент. 19, 2025 6:42:49 PM webapp.storage.AbstractStorage save
INFO: &amp#27;[32mSave 58514c68-52fc-48a6-8cf6-536e4460b08f(uuid6602)
сент. 19, 2025 6:42:49 PM webapp.storage.AbstractStorage save
INFO: &amp#27;[32mSave c8c74fa7-b9e1-474f-8c64-06ece28c309e(uuid6603)
сент. 19, 2025 6:42:49 PM webapp.storage.AbstractStorage save
INFO: &amp#27;[32mSave 588416ae-c11f-4b1e-bf0a-1ee449f7fad2(uuid6604)
сент. 19, 2025 6:42:49 PM webapp.storage.AbstractStorage save
INFO: &amp#27;[32mSave 146310a3-8e82-4056-9192-1a0683081ca6(uuid6605)
сент. 19, 2025 6:42:49 PM webapp.storage.AbstractStorage save
INFO: &amp#27;[32mSave 3ce4d46b-c52f-423e-95b7-1db903aabf69(uuid6606)
сент. 19, 2025 6:42:49 PM webapp.storage.AbstractStorage save
INFO: &amp#27;[32mSave 68c19ecc-6721-47de-91bc-047517994cea(uuid6607)
сент. 19, 2025 6:42:49 PM webapp.storage.AbstractStorage save
INFO: &amp#27;[32mSave da169937-b261-4680-819e-6e089ef56088(uuid6608)
сент. 19, 2025 6:42:49 PM webapp.storage.AbstractStorage save
INFO: &amp#27;[32mSave eae5a3a0-ef3e-42e1-91e2-102d2eafbcf4(uuid6609)
сент. 19, 2025 6:42:49 PM webapp.storage.AbstractStorage save
INFO: &amp#27;[32mSave 4d8704ad-1a01-4583-aa6d-113760639927(uuid6610)
сент. 19, 2025 6:42:49 PM webapp.storage.AbstractStorage save
INFO: &amp#27;[32mSave f35fb7e7-1d52-4ad1-ac3b-d9531ca56cc3(uuid6611)
сент. 19, 2025 6:42:49 PM webapp.storage.AbstractStorage save
INFO: &amp#27;[32mSave d45dbadf-7a18-4dc0-ae14-ab656f050470(uuid6612)
сент. 19, 2025 6:42:49 PM webapp.storage.AbstractStorage save
INFO: &amp#27;[32mSave f678f401-0ac3-404a-8808-382e3edf83fc(uuid6613)
сент. 19, 2025 6:42:49 PM webapp.storage.AbstractStorage save
INFO: &amp#27;[32mSave fbf7dfa8-49d5-48a0-a45b-8867b66c2d33(uuid6614)
сент. 19, 2025 6:42:49 PM webapp.storage.AbstractStorage save
INFO: &amp#27;[32mSave d699361f-4241-4c3f-8e26-346366ebb4a0(uuid6615)
сент. 19, 2025 6:42:49 PM webapp.storage.AbstractStorage save
INFO: &amp#27;[32mSave 4a014ac4-6d7a-421f-8905-1beece64e50a(uuid6616)
сент. 19, 2025 6:42:49 PM webapp.storage.AbstractStorage save
INFO: &amp#27;[32mSave a1a560e1-9a2a-4275-8f91-1a36b734a1c4(uuid6617)
сент. 19, 2025 6:42:49 PM webapp.storage.AbstractStorage save
INFO: &amp#27;[32mSave 29d3a08b-29e5-4ba7-a4f3-4bca88164c18(uuid6618)
сент. 19, 2025 6:42:49 PM webapp.storage.AbstractStorage save
INFO: &amp#27;[32mSave 6434f07a-0e87-4434-9424-50e73a2a15af(uuid6619)
сент. 19, 2025 6:42:49 PM webapp.storage.AbstractStorage save
INFO: &amp#27;[32mSave 947fe4f7-9dd9-4bdb-bd61-05725cfdfb52(uuid6620)
сент. 19, 2025 6:42:49 PM webapp.storage.AbstractStorage save
INFO: &amp#27;[32mSave 880b9325-8e9e-4e1c-ab00-89ec773e3f60(uuid6621)
сент. 19, 2025 6:42:49 PM webapp.storage.AbstractStorage save
INFO: &amp#27;[32mSave 787a0f82-7ddf-4606-940e-7f76c720f258(uuid6622)
сент. 19, 2025 6:42:49 PM webapp.storage.AbstractStorage save
INFO: &amp#27;[32mSave 9e26ebd4-5713-43bd-b921-68e8e9c2ccc0(uuid6623)
сент. 19, 2025 6:42:49 PM webapp.storage.AbstractStorage save
INFO: &amp#27;[32mSave 6d512c28-aca7-4ecb-8de7-a8f7d1907249(uuid6624)
сент. 19, 2025 6:42:49 PM webapp.storage.AbstractStorage save
INFO: &amp#27;[32mSave b9bd6931-4735-4e4d-9d1b-3a1a155e1361(uuid6625)
сент. 19, 2025 6:42:49 PM webapp.storage.AbstractStorage save
INFO: &amp#27;[32mSave da9a9de6-7737-4e36-9bed-cab5ce995f99(uuid6626)
сент. 19, 2025 6:42:49 PM webapp.storage.AbstractStorage save
INFO: &amp#27;[32mSave 4fb9e82b-d6a4-4331-92e5-aa2162df2c70(uuid6627)
сент. 19, 2025 6:42:49 PM webapp.storage.AbstractStorage save
INFO: &amp#27;[32mSave cc68d5b1-1f60-49e0-a702-997c244ca039(uuid6628)
сент. 19, 2025 6:42:49 PM webapp.storage.AbstractStorage save
INFO: &amp#27;[32mSave 79d12d34-b755-43df-9b70-440cf646f3f9(uuid6629)
сент. 19, 2025 6:42:49 PM webapp.storage.AbstractStorage save
INFO: &amp#27;[32mSave d25d7b07-b96d-4f4c-86e4-7b513d8e8cec(uuid6630)
сент. 19, 2025 6:42:49 PM webapp.storage.AbstractStorage save
INFO: &amp#27;[32mSave 9869d76b-6914-4ab3-bb6e-7e02a56582b3(uuid6631)
сент. 19, 2025 6:42:49 PM webapp.storage.AbstractStorage save
INFO: &amp#27;[32mSave 6c2150e8-5072-43d5-93b3-0f1f2f70ec6f(uuid6632)
сент. 19, 2025 6:42:49 PM webapp.storage.AbstractStorage save
INFO: &amp#27;[32mSave 075529ab-8d13-4153-8010-ab04331e0c6e(uuid6633)
сент. 19, 2025 6:42:49 PM webapp.storage.AbstractStorage save
INFO: &amp#27;[32mSave 090d0631-7762-4231-a658-f9719443fa2d(uuid6634)
сент. 19, 2025 6:42:49 PM webapp.storage.AbstractStorage save
INFO: &amp#27;[32mSave ac075474-b312-45a0-9646-c9a808c9b4b6(uuid6635)
сент. 19, 2025 6:42:49 PM webapp.storage.AbstractStorage save
INFO: &amp#27;[32mSave 0304f64e-ad73-4c8d-84c2-87ca47d40dca(uuid6636)
сент. 19, 2025 6:42:49 PM webapp.storage.AbstractStorage save
INFO: &amp#27;[32mSave a1432b1e-e767-4ce2-a5ae-f972374b16cb(uuid6637)
сент. 19, 2025 6:42:49 PM webapp.storage.AbstractStorage save
INFO: &amp#27;[32mSave 4967e4de-933a-4add-91ce-fb15b7707fd5(uuid6638)
сент. 19, 2025 6:42:49 PM webapp.storage.AbstractStorage save
INFO: &amp#27;[32mSave 4f084326-c4b9-44e5-8c4c-c4654da60283(uuid6639)
сент. 19, 2025 6:42:49 PM webapp.storage.AbstractStorage save
INFO: &amp#27;[32mSave f08dc35a-fe1f-448b-baad-f7399c85a10e(uuid6640)
сент. 19, 2025 6:42:49 PM webapp.storage.AbstractStorage save
INFO: &amp#27;[32mSave b47fa112-3267-4da9-a864-cf0bc517ed7e(uuid6641)
сент. 19, 2025 6:42:49 PM webapp.storage.AbstractStorage save
INFO: &amp#27;[32mSave b77e34bd-c3f0-47ad-8635-d2bd53d0895d(uuid6642)
сент. 19, 2025 6:42:49 PM webapp.storage.AbstractStorage save
INFO: &amp#27;[32mSave fac8a9fa-1a25-4dfc-96e9-9f6d40510eb3(uuid6643)
сент. 19, 2025 6:42:49 PM webapp.storage.AbstractStorage save
INFO: &amp#27;[32mSave e1153098-e811-4e6e-9bc5-2987302281be(uuid6644)
сент. 19, 2025 6:42:49 PM webapp.storage.AbstractStorage save
INFO: &amp#27;[32mSave 32061fd0-7b76-404d-b6df-3c409d6de3f7(uuid6645)
сент. 19, 2025 6:42:49 PM webapp.storage.AbstractStorage save
INFO: &amp#27;[32mSave 03863872-22d5-4f94-9774-3452ad425554(uuid6646)
сент. 19, 2025 6:42:49 PM webapp.storage.AbstractStorage save
INFO: &amp#27;[32mSave ea7c52b9-200c-483b-96fb-2eb59edfa31c(uuid6647)
сент. 19, 2025 6:42:49 PM webapp.storage.AbstractStorage save
INFO: &amp#27;[32mSave 0e7589b7-af59-405d-a463-e07af57b0b9e(uuid6648)
сент. 19, 2025 6:42:49 PM webapp.storage.AbstractStorage save
INFO: &amp#27;[32mSave 588773cc-08f1-4c29-9edd-1c7a1ef60e13(uuid6649)
сент. 19, 2025 6:42:49 PM webapp.storage.AbstractStorage save
INFO: &amp#27;[32mSave 8cd59730-a958-4b8e-9c3f-27f8a4191a9c(uuid6650)
сент. 19, 2025 6:42:49 PM webapp.storage.AbstractStorage save
INFO: &amp#27;[32mSave f9a9396d-e788-434a-9415-ce7f32dfa3e2(uuid6651)
сент. 19, 2025 6:42:49 PM webapp.storage.AbstractStorage save
INFO: &amp#27;[32mSave b8ad409e-17a8-46cc-8e5d-f9e499c23f6b(uuid6652)
сент. 19, 2025 6:42:49 PM webapp.storage.AbstractStorage save
INFO: &amp#27;[32mSave 88a556ef-70c5-4d63-bc7e-2e1d09834cd2(uuid6653)
сент. 19, 2025 6:42:49 PM webapp.storage.AbstractStorage save
INFO: &amp#27;[32mSave 07ed286d-9720-426d-a4ce-0787220d28aa(uuid6654)
сент. 19, 2025 6:42:49 PM webapp.storage.AbstractStorage save
INFO: &amp#27;[32mSave b490cfe9-e7d5-40d4-8986-bbba77063de9(uuid6655)
сент. 19, 2025 6:42:49 PM webapp.storage.AbstractStorage save
INFO: &amp#27;[32mSave 5a9839b2-4f22-4bc1-9740-70fc06211bf4(uuid6656)
сент. 19, 2025 6:42:49 PM webapp.storage.AbstractStorage save
INFO: &amp#27;[32mSave d7520b4d-ee85-49d3-944b-d38df7d3bc8c(uuid6657)
сент. 19, 2025 6:42:49 PM webapp.storage.AbstractStorage save
INFO: &amp#27;[32mSave 6bcd26cd-fd34-4daa-bd44-a21a50233802(uuid6658)
сент. 19, 2025 6:42:49 PM webapp.storage.AbstractStorage save
INFO: &amp#27;[32mSave d6e47b07-bb26-411f-9737-8f955b11ccdf(uuid6659)
сент. 19, 2025 6:42:49 PM webapp.storage.AbstractStorage save
INFO: &amp#27;[32mSave 169c3a8b-af16-4469-a1c6-d13bacbee203(uuid6660)
сент. 19, 2025 6:42:49 PM webapp.storage.AbstractStorage save
INFO: &amp#27;[32mSave 39a4a7d8-7319-4e6c-bc4a-1cdede6b3733(uuid6661)
сент. 19, 2025 6:42:49 PM webapp.storage.AbstractStorage save
INFO: &amp#27;[32mSave 6a7aed51-998a-4646-8f05-27ddebac0faa(uuid6662)
сент. 19, 2025 6:42:49 PM webapp.storage.AbstractStorage save
INFO: &amp#27;[32mSave 6db1cc14-f6f8-4557-b5f1-cf7ed09990a6(uuid6663)
сент. 19, 2025 6:42:49 PM webapp.storage.AbstractStorage save
INFO: &amp#27;[32mSave 2179b4a8-2df0-4c3e-a130-b72bc6ee8ece(uuid6664)
сент. 19, 2025 6:42:49 PM webapp.storage.AbstractStorage save
INFO: &amp#27;[32mSave b772ffb9-5eb3-427d-b4d7-c96a07da88b7(uuid6665)
сент. 19, 2025 6:42:49 PM webapp.storage.AbstractStorage save
INFO: &amp#27;[32mSave ec536c6d-7e0e-4442-bc27-b0f9a03f8b4a(uuid6666)
сент. 19, 2025 6:42:49 PM webapp.storage.AbstractStorage save
INFO: &amp#27;[32mSave 2bcbdb34-cf08-4323-b82b-5c11d2a73113(uuid6667)
сент. 19, 2025 6:42:49 PM webapp.storage.AbstractStorage save
INFO: &amp#27;[32mSave 5bbdbdab-6f48-4de5-ad81-2330e6ddf88d(uuid6668)
сент. 19, 2025 6:42:49 PM webapp.storage.AbstractStorage save
INFO: &amp#27;[32mSave 4a2badbb-0b2a-4b7f-a615-e81d76534119(uuid6669)
сент. 19, 2025 6:42:49 PM webapp.storage.AbstractStorage save
INFO: &amp#27;[32mSave dfe4e284-b77a-4bd8-af77-e5d44e0da6e5(uuid6670)
сент. 19, 2025 6:42:49 PM webapp.storage.AbstractStorage save
INFO: &amp#27;[32mSave d241eb63-2df0-4c35-b079-6fbb4c25f8b5(uuid6671)
сент. 19, 2025 6:42:49 PM webapp.storage.AbstractStorage save
INFO: &amp#27;[32mSave c4fae163-5ef9-4f2b-ba6b-eb8274c5b790(uuid6672)
сент. 19, 2025 6:42:49 PM webapp.storage.AbstractStorage save
INFO: &amp#27;[32mSave 2105409d-550a-43e4-800d-81b3c2f0e0e5(uuid6673)
сент. 19, 2025 6:42:49 PM webapp.storage.AbstractStorage save
INFO: &amp#27;[32mSave 9314ab8f-baa2-46e1-bd59-3193d9096cfa(uuid6674)
сент. 19, 2025 6:42:49 PM webapp.storage.AbstractStorage save
INFO: &amp#27;[32mSave 2ea79f0a-f047-4f11-97e4-efe01224c6bf(uuid6675)
сент. 19, 2025 6:42:49 PM webapp.storage.AbstractStorage save
INFO: &amp#27;[32mSave dfaafe35-250e-49e7-8caf-2410eec4c761(uuid6676)
сент. 19, 2025 6:42:49 PM webapp.storage.AbstractStorage save
INFO: &amp#27;[32mSave 2a99cfe2-516a-4130-b52b-56c6b82b2ad8(uuid6677)
сент. 19, 2025 6:42:49 PM webapp.storage.AbstractStorage save
INFO: &amp#27;[32mSave 23d922e9-8a8a-4bb7-9e55-79cacfa11302(uuid6678)
сент. 19, 2025 6:42:49 PM webapp.storage.AbstractStorage save
INFO: &amp#27;[32mSave 59d3c81b-b7c3-4b95-a3f7-1196f3cb58d3(uuid6679)
сент. 19, 2025 6:42:49 PM webapp.storage.AbstractStorage save
INFO: &amp#27;[32mSave 8cbc6626-cc09-40e5-af34-5e87bf0add5a(uuid6680)
сент. 19, 2025 6:42:49 PM webapp.storage.AbstractStorage save
INFO: &amp#27;[32mSave d6513c7d-ee95-401d-b9ea-71808efb3c44(uuid6681)
сент. 19, 2025 6:42:49 PM webapp.storage.AbstractStorage save
INFO: &amp#27;[32mSave 71159aa8-7eeb-4fe2-a80b-592212d20608(uuid6682)
сент. 19, 2025 6:42:49 PM webapp.storage.AbstractStorage save
INFO: &amp#27;[32mSave 5ab99bb4-72aa-4045-b25c-849e4951199c(uuid6683)
сент. 19, 2025 6:42:49 PM webapp.storage.AbstractStorage save
INFO: &amp#27;[32mSave 4dc05ff2-924b-4a59-96af-7d5ebde8663a(uuid6684)
сент. 19, 2025 6:42:49 PM webapp.storage.AbstractStorage save
INFO: &amp#27;[32mSave ba96f09e-2fc3-4860-b78a-cbff131247f8(uuid6685)
сент. 19, 2025 6:42:49 PM webapp.storage.AbstractStorage save
INFO: &amp#27;[32mSave a67b8709-09a0-4f1f-a0fe-e64b70e88840(uuid6686)
сент. 19, 2025 6:42:49 PM webapp.storage.AbstractStorage save
INFO: &amp#27;[32mSave deab6920-0677-4f21-b7c3-23f9c97f8e23(uuid6687)
сент. 19, 2025 6:42:49 PM webapp.storage.AbstractStorage save
INFO: &amp#27;[32mSave a0559806-fc59-4a6f-80fd-dd4a2d5bb293(uuid6688)
сент. 19, 2025 6:42:49 PM webapp.storage.AbstractStorage save
INFO: &amp#27;[32mSave 11cac09a-da21-4ceb-95ef-bd617c7bf7bb(uuid6689)
сент. 19, 2025 6:42:49 PM webapp.storage.AbstractStorage save
INFO: &amp#27;[32mSave 52245c72-2b60-4afb-93e9-dac5a19b03cb(uuid6690)
сент. 19, 2025 6:42:49 PM webapp.storage.AbstractStorage save
INFO: &amp#27;[32mSave 235337b5-7364-4e7e-9016-57930a7fb93a(uuid6691)
сент. 19, 2025 6:42:49 PM webapp.storage.AbstractStorage save
INFO: &amp#27;[32mSave e6856a38-be68-4d81-b417-ef8557eadcaa(uuid6692)
сент. 19, 2025 6:42:49 PM webapp.storage.AbstractStorage save
INFO: &amp#27;[32mSave a278aa71-4e21-4956-bf00-177849dbcf56(uuid6693)
сент. 19, 2025 6:42:49 PM webapp.storage.AbstractStorage save
INFO: &amp#27;[32mSave 7fcdcb92-cd8f-4f75-8759-1b395d510390(uuid6694)
сент. 19, 2025 6:42:49 PM webapp.storage.AbstractStorage save
INFO: &amp#27;[32mSave a850c046-ebd2-456d-a691-82864d8b361e(uuid6695)
сент. 19, 2025 6:42:49 PM webapp.storage.AbstractStorage save
INFO: &amp#27;[32mSave 13c75790-8cb9-42d3-b5cf-800dd104c86e(uuid6696)
сент. 19, 2025 6:42:49 PM webapp.storage.AbstractStorage save
INFO: &amp#27;[32mSave 86a9695b-e2ea-44bb-9841-22a298c42ee1(uuid6697)
сент. 19, 2025 6:42:49 PM webapp.storage.AbstractStorage save
INFO: &amp#27;[32mSave f7b5fee4-4f53-4a36-98ab-39130555e951(uuid6698)
сент. 19, 2025 6:42:49 PM webapp.storage.AbstractStorage save
INFO: &amp#27;[32mSave a36cea1b-1d55-44e1-a8b8-fca49301f7df(uuid6699)
сент. 19, 2025 6:42:49 PM webapp.storage.AbstractStorage save
INFO: &amp#27;[32mSave feaadde8-375f-4b32-a96b-32867bd327f6(uuid6700)
сент. 19, 2025 6:42:49 PM webapp.storage.AbstractStorage save
INFO: &amp#27;[32mSave a1ac52d5-c7d9-48bd-844a-a62aeb4fcabc(uuid6701)
сент. 19, 2025 6:42:49 PM webapp.storage.AbstractStorage save
INFO: &amp#27;[32mSave c19bad0d-2332-48fa-a5f7-a5eb49fb4874(uuid6702)
сент. 19, 2025 6:42:49 PM webapp.storage.AbstractStorage save
INFO: &amp#27;[32mSave a68440ed-83b4-4424-8ed3-793ed90646ae(uuid6703)
сент. 19, 2025 6:42:49 PM webapp.storage.AbstractStorage save
INFO: &amp#27;[32mSave 8ee2b19c-9f1a-40d3-b6fb-3a0061c0c50f(uuid6704)
сент. 19, 2025 6:42:49 PM webapp.storage.AbstractStorage save
INFO: &amp#27;[32mSave 6eaa0523-c58a-48cc-a62b-d0ec6130b491(uuid6705)
сент. 19, 2025 6:42:49 PM webapp.storage.AbstractStorage save
INFO: &amp#27;[32mSave 72558e13-f380-4547-8383-c890a0ba19b0(uuid6706)
сент. 19, 2025 6:42:49 PM webapp.storage.AbstractStorage save
INFO: &amp#27;[32mSave 653f1cd3-21d1-46aa-b9fa-6acb91e19219(uuid6707)
сент. 19, 2025 6:42:49 PM webapp.storage.AbstractStorage save
INFO: &amp#27;[32mSave 9bcb3e3b-c62b-4cc8-a4d1-68a7ac124843(uuid6708)
сент. 19, 2025 6:42:49 PM webapp.storage.AbstractStorage save
INFO: &amp#27;[32mSave c3547507-8950-4688-b9fc-b543cff3abf8(uuid6709)
сент. 19, 2025 6:42:49 PM webapp.storage.AbstractStorage save
INFO: &amp#27;[32mSave 8861f297-1eb9-401b-b90c-098927e057b1(uuid6710)
сент. 19, 2025 6:42:49 PM webapp.storage.AbstractStorage save
INFO: &amp#27;[32mSave e79d066f-03c9-4a1a-9a46-77fe967f4831(uuid6711)
сент. 19, 2025 6:42:49 PM webapp.storage.AbstractStorage save
INFO: &amp#27;[32mSave 90a2bb39-06c9-457a-87e4-9a14fa83edba(uuid6712)
сент. 19, 2025 6:42:49 PM webapp.storage.AbstractStorage save
INFO: &amp#27;[32mSave 2428952a-800a-42e1-be4d-b4a9d24d8145(uuid6713)
сент. 19, 2025 6:42:49 PM webapp.storage.AbstractStorage save
INFO: &amp#27;[32mSave eb1387a3-f2c1-4c83-aeeb-0ebd91ad6177(uuid6714)
сент. 19, 2025 6:42:49 PM webapp.storage.AbstractStorage save
INFO: &amp#27;[32mSave 97437f69-4794-4aa8-a94b-dd9bb958141d(uuid6715)
сент. 19, 2025 6:42:49 PM webapp.storage.AbstractStorage save
INFO: &amp#27;[32mSave 1f308c6b-73cd-499a-aa88-55d4a6603171(uuid6716)
сент. 19, 2025 6:42:49 PM webapp.storage.AbstractStorage save
INFO: &amp#27;[32mSave 71ada639-86db-4373-a0be-b1a899597027(uuid6717)
сент. 19, 2025 6:42:49 PM webapp.storage.AbstractStorage save
INFO: &amp#27;[32mSave 89927eb0-a681-43ca-ba83-4693f7434872(uuid6718)
сент. 19, 2025 6:42:49 PM webapp.storage.AbstractStorage save
INFO: &amp#27;[32mSave c876ea27-833f-44fc-bc70-8ff4bf6bd811(uuid6719)
сент. 19, 2025 6:42:49 PM webapp.storage.AbstractStorage save
INFO: &amp#27;[32mSave 7c31d3ef-db65-490a-9d65-25b29f565d48(uuid6720)
сент. 19, 2025 6:42:49 PM webapp.storage.AbstractStorage save
INFO: &amp#27;[32mSave 68edc973-e027-4a02-b7c9-e2bb74195347(uuid6721)
сент. 19, 2025 6:42:49 PM webapp.storage.AbstractStorage save
INFO: &amp#27;[32mSave 0060872f-c2e8-4c63-905b-d7dd0d4e1d65(uuid6722)
сент. 19, 2025 6:42:49 PM webapp.storage.AbstractStorage save
INFO: &amp#27;[32mSave 12df1fd3-3d12-4301-b44d-9bd0af4c7db1(uuid6723)
сент. 19, 2025 6:42:49 PM webapp.storage.AbstractStorage save
INFO: &amp#27;[32mSave 2bd2c229-0111-413c-afbb-059b81e3d290(uuid6724)
сент. 19, 2025 6:42:49 PM webapp.storage.AbstractStorage save
INFO: &amp#27;[32mSave 8f2c31c7-68dd-4079-b81f-601f7198df0a(uuid6725)
сент. 19, 2025 6:42:49 PM webapp.storage.AbstractStorage save
INFO: &amp#27;[32mSave 05f5b36c-aea8-468d-a324-848ef3dad6d6(uuid6726)
сент. 19, 2025 6:42:49 PM webapp.storage.AbstractStorage save
INFO: &amp#27;[32mSave e00a8b7d-3b91-493a-a4a6-ee58a1a4c4db(uuid6727)
сент. 19, 2025 6:42:49 PM webapp.storage.AbstractStorage save
INFO: &amp#27;[32mSave e10dae66-aa00-4f49-b3bf-1a89bd18b8ab(uuid6728)
сент. 19, 2025 6:42:49 PM webapp.storage.AbstractStorage save
INFO: &amp#27;[32mSave 62306b5e-2005-4239-a1c1-d70ae19d2fe7(uuid6729)
сент. 19, 2025 6:42:49 PM webapp.storage.AbstractStorage save
INFO: &amp#27;[32mSave 15c95028-50f9-4ecf-a046-0e192ccf2549(uuid6730)
сент. 19, 2025 6:42:49 PM webapp.storage.AbstractStorage save
INFO: &amp#27;[32mSave f7f0b9ff-c043-45ef-ac51-459414bf54c6(uuid6731)
сент. 19, 2025 6:42:49 PM webapp.storage.AbstractStorage save
INFO: &amp#27;[32mSave ccf82777-d6c5-4280-9eb3-287e374ea17e(uuid6732)
сент. 19, 2025 6:42:49 PM webapp.storage.AbstractStorage save
INFO: &amp#27;[32mSave 3ddef0d3-90b9-45f5-ac5d-a36d4bc937d2(uuid6733)
сент. 19, 2025 6:42:49 PM webapp.storage.AbstractStorage save
INFO: &amp#27;[32mSave a76fdcad-155f-4fba-bc64-c8e2713a4d23(uuid6734)
сент. 19, 2025 6:42:49 PM webapp.storage.AbstractStorage save
INFO: &amp#27;[32mSave 9c953d0d-477a-4120-942d-9aa228444173(uuid6735)
сент. 19, 2025 6:42:49 PM webapp.storage.AbstractStorage save
INFO: &amp#27;[32mSave f0a6b19a-7f64-4cc7-a198-172f070059c9(uuid6736)
сент. 19, 2025 6:42:49 PM webapp.storage.AbstractStorage save
INFO: &amp#27;[32mSave 7ebeec52-cb7f-43e7-a6c9-afe569b9c43e(uuid6737)
сент. 19, 2025 6:42:49 PM webapp.storage.AbstractStorage save
INFO: &amp#27;[32mSave c4ce2b2f-01e5-4539-9d42-d1b19f872bd8(uuid6738)
сент. 19, 2025 6:42:49 PM webapp.storage.AbstractStorage save
INFO: &amp#27;[32mSave ad0cbcb3-21fd-49e2-a876-fd6d46640fe5(uuid6739)
сент. 19, 2025 6:42:49 PM webapp.storage.AbstractStorage save
INFO: &amp#27;[32mSave afc498b2-592e-45db-aa4f-aff0134ac5bc(uuid6740)
сент. 19, 2025 6:42:49 PM webapp.storage.AbstractStorage save
INFO: &amp#27;[32mSave fceef75a-ff03-41f6-9237-252fe72a4509(uuid6741)
сент. 19, 2025 6:42:49 PM webapp.storage.AbstractStorage save
INFO: &amp#27;[32mSave 2d015fcc-5d3d-49b1-9719-fd7bc6ed7443(uuid6742)
сент. 19, 2025 6:42:49 PM webapp.storage.AbstractStorage save
INFO: &amp#27;[32mSave 0c14aecc-9f8e-4b48-933c-f42aae64521d(uuid6743)
сент. 19, 2025 6:42:49 PM webapp.storage.AbstractStorage save
INFO: &amp#27;[32mSave 6454697e-9df9-4131-b8f9-3cec6e3b8b2e(uuid6744)
сент. 19, 2025 6:42:49 PM webapp.storage.AbstractStorage save
INFO: &amp#27;[32mSave ddd14a1f-cca1-4c89-892b-f24712da9c4e(uuid6745)
сент. 19, 2025 6:42:49 PM webapp.storage.AbstractStorage save
INFO: &amp#27;[32mSave fc517b16-f841-4033-95bc-8e5577c14874(uuid6746)
сент. 19, 2025 6:42:49 PM webapp.storage.AbstractStorage save
INFO: &amp#27;[32mSave 680e61cd-5bb1-46ea-9de4-0f3eb2b7c34a(uuid6747)
сент. 19, 2025 6:42:49 PM webapp.storage.AbstractStorage save
INFO: &amp#27;[32mSave a2b9c8af-1995-4a13-895f-f7f2e8bde620(uuid6748)
сент. 19, 2025 6:42:49 PM webapp.storage.AbstractStorage save
INFO: &amp#27;[32mSave b355e0a8-a624-4886-ba72-20f60c88c37e(uuid6749)
сент. 19, 2025 6:42:49 PM webapp.storage.AbstractStorage save
INFO: &amp#27;[32mSave e4a125e9-63cb-4653-8335-2701fd3bdd41(uuid6750)
сент. 19, 2025 6:42:49 PM webapp.storage.AbstractStorage save
INFO: &amp#27;[32mSave 1aa72492-34d9-4e8b-91c4-0c9cbbaafdf5(uuid6751)
сент. 19, 2025 6:42:49 PM webapp.storage.AbstractStorage save
INFO: &amp#27;[32mSave 93a1abc9-7690-449b-8508-15933cc735d0(uuid6752)
сент. 19, 2025 6:42:49 PM webapp.storage.AbstractStorage save
INFO: &amp#27;[32mSave 54c28595-b1e1-45d8-8b49-af25e48a30f6(uuid6753)
сент. 19, 2025 6:42:49 PM webapp.storage.AbstractStorage save
INFO: &amp#27;[32mSave ac30ad3f-fe12-410c-bca4-5c2ad3a2d2c6(uuid6754)
сент. 19, 2025 6:42:49 PM webapp.storage.AbstractStorage save
INFO: &amp#27;[32mSave d93a3984-cbb3-4dfa-b7a7-b54fde28b1f8(uuid6755)
сент. 19, 2025 6:42:49 PM webapp.storage.AbstractStorage save
INFO: &amp#27;[32mSave 38369467-3f2d-459d-a9ee-79e60b2baa2f(uuid6756)
сент. 19, 2025 6:42:49 PM webapp.storage.AbstractStorage save
INFO: &amp#27;[32mSave c366dcb3-bb2c-48f2-87a1-f3c9a4c49d9f(uuid6757)
сент. 19, 2025 6:42:49 PM webapp.storage.AbstractStorage save
INFO: &amp#27;[32mSave 1c90cf7d-82db-48d6-b8b8-289abc54fcfa(uuid6758)
сент. 19, 2025 6:42:49 PM webapp.storage.AbstractStorage save
INFO: &amp#27;[32mSave 9e555941-2aa9-4d53-adfd-090b9bcd2a89(uuid6759)
сент. 19, 2025 6:42:49 PM webapp.storage.AbstractStorage save
INFO: &amp#27;[32mSave 61027501-d439-4af5-83ca-aac7d0a2ec9f(uuid6760)
сент. 19, 2025 6:42:49 PM webapp.storage.AbstractStorage save
INFO: &amp#27;[32mSave 6dab534e-e33f-48e6-8b93-a57382cb51ab(uuid6761)
сент. 19, 2025 6:42:49 PM webapp.storage.AbstractStorage save
INFO: &amp#27;[32mSave cd6a7871-a114-4c08-964b-ece7f8a93f7a(uuid6762)
сент. 19, 2025 6:42:49 PM webapp.storage.AbstractStorage save
INFO: &amp#27;[32mSave 7ad0204b-22f1-4294-bd00-2d4edf598769(uuid6763)
сент. 19, 2025 6:42:49 PM webapp.storage.AbstractStorage save
INFO: &amp#27;[32mSave cd450574-bebd-4b76-b638-7931ffc61153(uuid6764)
сент. 19, 2025 6:42:49 PM webapp.storage.AbstractStorage save
INFO: &amp#27;[32mSave eac8a6f8-d3ac-4acd-8aed-8af98c921c1b(uuid6765)
сент. 19, 2025 6:42:49 PM webapp.storage.AbstractStorage save
INFO: &amp#27;[32mSave 09cfc40b-017c-40a1-9b82-438322981350(uuid6766)
сент. 19, 2025 6:42:49 PM webapp.storage.AbstractStorage save
INFO: &amp#27;[32mSave afa82ec0-b568-4b60-9777-2899798ed751(uuid6767)
сент. 19, 2025 6:42:49 PM webapp.storage.AbstractStorage save
INFO: &amp#27;[32mSave 613ff9d4-4a82-4167-8150-6f1c35ba5465(uuid6768)
сент. 19, 2025 6:42:49 PM webapp.storage.AbstractStorage save
INFO: &amp#27;[32mSave 81d3016d-857f-4a1c-9e61-db258947cd7f(uuid6769)
сент. 19, 2025 6:42:49 PM webapp.storage.AbstractStorage save
INFO: &amp#27;[32mSave cec07ca9-7cd5-4f12-ae6f-13f3d88d81c6(uuid6770)
сент. 19, 2025 6:42:49 PM webapp.storage.AbstractStorage save
INFO: &amp#27;[32mSave 68c757bc-a56c-44a2-960c-f0d47600220d(uuid6771)
сент. 19, 2025 6:42:49 PM webapp.storage.AbstractStorage save
INFO: &amp#27;[32mSave 601708a9-8008-411c-b981-eae9cc7d95ba(uuid6772)
сент. 19, 2025 6:42:49 PM webapp.storage.AbstractStorage save
INFO: &amp#27;[32mSave 8e8eb34f-41eb-4151-86b0-d83d9dddb926(uuid6773)
сент. 19, 2025 6:42:49 PM webapp.storage.AbstractStorage save
INFO: &amp#27;[32mSave 68479341-93d3-43b4-b93e-c4749c7037df(uuid6774)
сент. 19, 2025 6:42:49 PM webapp.storage.AbstractStorage save
INFO: &amp#27;[32mSave dfc4db18-9d3b-4e8b-bbe3-2d54dae536c3(uuid6775)
сент. 19, 2025 6:42:49 PM webapp.storage.AbstractStorage save
INFO: &amp#27;[32mSave bb39df3a-8939-4abc-85a6-e36e5ddeae4c(uuid6776)
сент. 19, 2025 6:42:49 PM webapp.storage.AbstractStorage save
INFO: &amp#27;[32mSave 1d6a406e-1964-4d87-aa2b-0739f3538668(uuid6777)
сент. 19, 2025 6:42:49 PM webapp.storage.AbstractStorage save
INFO: &amp#27;[32mSave 62122464-477d-4670-bab8-068b456edb35(uuid6778)
сент. 19, 2025 6:42:49 PM webapp.storage.AbstractStorage save
INFO: &amp#27;[32mSave 79100cd8-eeb1-4e4a-aeeb-40716ff877c7(uuid6779)
сент. 19, 2025 6:42:49 PM webapp.storage.AbstractStorage save
INFO: &amp#27;[32mSave 8def4d3f-0457-4b03-8766-eea35410f700(uuid6780)
сент. 19, 2025 6:42:49 PM webapp.storage.AbstractStorage save
INFO: &amp#27;[32mSave 274f8f65-b702-47df-84c2-9e90176a76d9(uuid6781)
сент. 19, 2025 6:42:49 PM webapp.storage.AbstractStorage save
INFO: &amp#27;[32mSave 8cd133ee-cc82-42b9-87a4-113bc29c7e44(uuid6782)
сент. 19, 2025 6:42:49 PM webapp.storage.AbstractStorage save
INFO: &amp#27;[32mSave 46d9dfe6-4613-41b0-ab73-e08850a9146e(uuid6783)
сент. 19, 2025 6:42:49 PM webapp.storage.AbstractStorage save
INFO: &amp#27;[32mSave 4694e834-e966-49bd-a7f4-d9a985631fa0(uuid6784)
сент. 19, 2025 6:42:49 PM webapp.storage.AbstractStorage save
INFO: &amp#27;[32mSave b5a5611b-7708-44b2-a83b-9d046b351105(uuid6785)
сент. 19, 2025 6:42:49 PM webapp.storage.AbstractStorage save
INFO: &amp#27;[32mSave b0b6e31c-c1f9-418b-ac2d-4ca590c63811(uuid6786)
сент. 19, 2025 6:42:49 PM webapp.storage.AbstractStorage save
INFO: &amp#27;[32mSave 89a341b9-d10e-407b-8fae-275fa7d8594c(uuid6787)
сент. 19, 2025 6:42:49 PM webapp.storage.AbstractStorage save
INFO: &amp#27;[32mSave 8c8a5eae-9faa-4131-8f3c-f401b31252a6(uuid6788)
сент. 19, 2025 6:42:49 PM webapp.storage.AbstractStorage save
INFO: &amp#27;[32mSave 7dd8b1d4-d9a8-482e-a79a-69980bde25ea(uuid6789)
сент. 19, 2025 6:42:49 PM webapp.storage.AbstractStorage save
INFO: &amp#27;[32mSave 4af89179-ba93-44db-9635-203ad35feb73(uuid6790)
сент. 19, 2025 6:42:49 PM webapp.storage.AbstractStorage save
INFO: &amp#27;[32mSave 299f2242-d245-4732-8284-509f46148ac7(uuid6791)
сент. 19, 2025 6:42:49 PM webapp.storage.AbstractStorage save
INFO: &amp#27;[32mSave 91352aa5-6fc8-48f1-9328-1f66f0794da7(uuid6792)
сент. 19, 2025 6:42:49 PM webapp.storage.AbstractStorage save
INFO: &amp#27;[32mSave 53504bc9-37c1-48d5-bcaa-d040d092ee56(uuid6793)
сент. 19, 2025 6:42:49 PM webapp.storage.AbstractStorage save
INFO: &amp#27;[32mSave ba063351-ab4b-4ef2-ab24-7c4af2f64cb9(uuid6794)
сент. 19, 2025 6:42:49 PM webapp.storage.AbstractStorage save
INFO: &amp#27;[32mSave 8151b0ab-3036-465a-ad5e-d8d6d951b451(uuid6795)
сент. 19, 2025 6:42:49 PM webapp.storage.AbstractStorage save
INFO: &amp#27;[32mSave f7b20da6-de4a-4715-9d80-4aef4776b5b3(uuid6796)
сент. 19, 2025 6:42:49 PM webapp.storage.AbstractStorage save
INFO: &amp#27;[32mSave fc73a8a1-0a76-4f34-8d92-fa8554de6d24(uuid6797)
сент. 19, 2025 6:42:49 PM webapp.storage.AbstractStorage save
INFO: &amp#27;[32mSave 4ccc9140-813f-4516-b399-b5087f1e6c9d(uuid6798)
сент. 19, 2025 6:42:49 PM webapp.storage.AbstractStorage save
INFO: &amp#27;[32mSave 32e994e0-55dc-461d-a0be-a5dbbf34153e(uuid6799)
сент. 19, 2025 6:42:49 PM webapp.storage.AbstractStorage save
INFO: &amp#27;[32mSave ba4243da-3134-4432-8937-0c424fcb6ce2(uuid6800)
сент. 19, 2025 6:42:49 PM webapp.storage.AbstractStorage save
INFO: &amp#27;[32mSave 09d54dbe-5e27-492f-8359-c114703c1fb4(uuid6801)
сент. 19, 2025 6:42:49 PM webapp.storage.AbstractStorage save
INFO: &amp#27;[32mSave f7dd0164-b6aa-4bfa-b06e-53539c8aed4b(uuid6802)
сент. 19, 2025 6:42:49 PM webapp.storage.AbstractStorage save
INFO: &amp#27;[32mSave 91b876ba-ab72-44b6-9c8a-3c2cf59a6267(uuid6803)
сент. 19, 2025 6:42:49 PM webapp.storage.AbstractStorage save
INFO: &amp#27;[32mSave e15f1428-0f8a-4580-b3cf-0823dc9a7e93(uuid6804)
сент. 19, 2025 6:42:49 PM webapp.storage.AbstractStorage save
INFO: &amp#27;[32mSave d4fcf9e6-8062-4b3d-94e3-f6391a0d25ed(uuid6805)
сент. 19, 2025 6:42:49 PM webapp.storage.AbstractStorage save
INFO: &amp#27;[32mSave 9d28fa04-c235-42ed-b583-644378b6519c(uuid6806)
сент. 19, 2025 6:42:49 PM webapp.storage.AbstractStorage save
INFO: &amp#27;[32mSave b65998d4-2d5b-4ad4-a30d-0ceb38527c3e(uuid6807)
сент. 19, 2025 6:42:49 PM webapp.storage.AbstractStorage save
INFO: &amp#27;[32mSave 46967602-0548-4774-bf81-95041583912a(uuid6808)
сент. 19, 2025 6:42:49 PM webapp.storage.AbstractStorage save
INFO: &amp#27;[32mSave f9680999-b0f5-4f5b-87bc-e616c237da09(uuid6809)
сент. 19, 2025 6:42:49 PM webapp.storage.AbstractStorage save
INFO: &amp#27;[32mSave fa73fec0-8e7c-4aed-9d97-df8f765039fe(uuid6810)
сент. 19, 2025 6:42:49 PM webapp.storage.AbstractStorage save
INFO: &amp#27;[32mSave e0d55f7d-eb35-4c2a-8811-28fbdb686b6d(uuid6811)
сент. 19, 2025 6:42:49 PM webapp.storage.AbstractStorage save
INFO: &amp#27;[32mSave be0a890b-3a9c-4842-a8fd-325a09122dfd(uuid6812)
сент. 19, 2025 6:42:49 PM webapp.storage.AbstractStorage save
INFO: &amp#27;[32mSave b383eeee-39f2-41f3-9c48-f7e1b1a71d56(uuid6813)
сент. 19, 2025 6:42:49 PM webapp.storage.AbstractStorage save
INFO: &amp#27;[32mSave ecaa2cd5-6f02-4f60-82e4-b787e167e125(uuid6814)
сент. 19, 2025 6:42:49 PM webapp.storage.AbstractStorage save
INFO: &amp#27;[32mSave b371e2b6-fda4-4e95-89f7-f4de1bf9a2eb(uuid6815)
сент. 19, 2025 6:42:49 PM webapp.storage.AbstractStorage save
INFO: &amp#27;[32mSave ac18ece7-4dba-4711-b5be-8c85ee0b1f71(uuid6816)
сент. 19, 2025 6:42:49 PM webapp.storage.AbstractStorage save
INFO: &amp#27;[32mSave d5798bba-f3dc-41a3-af7d-af15a0c8b0da(uuid6817)
сент. 19, 2025 6:42:49 PM webapp.storage.AbstractStorage save
INFO: &amp#27;[32mSave f02c6003-34be-4072-b88f-c2b7c7a04b1c(uuid6818)
сент. 19, 2025 6:42:49 PM webapp.storage.AbstractStorage save
INFO: &amp#27;[32mSave 2ae0047e-910b-48d6-848b-d596a1693586(uuid6819)
сент. 19, 2025 6:42:49 PM webapp.storage.AbstractStorage save
INFO: &amp#27;[32mSave aba11a7b-dcb7-4309-a013-3c083cb6b503(uuid6820)
сент. 19, 2025 6:42:49 PM webapp.storage.AbstractStorage save
INFO: &amp#27;[32mSave 7497eaf5-3a9c-4390-bd74-7be2d53855eb(uuid6821)
сент. 19, 2025 6:42:49 PM webapp.storage.AbstractStorage save
INFO: &amp#27;[32mSave c5f34d10-b6db-406f-83d9-036d43499bf1(uuid6822)
сент. 19, 2025 6:42:49 PM webapp.storage.AbstractStorage save
INFO: &amp#27;[32mSave 9a60b21d-e425-458a-9c06-ed8ea31174c1(uuid6823)
сент. 19, 2025 6:42:49 PM webapp.storage.AbstractStorage save
INFO: &amp#27;[32mSave 51d609db-d02c-4151-b2d2-9fe88eb4c782(uuid6824)
сент. 19, 2025 6:42:49 PM webapp.storage.AbstractStorage save
INFO: &amp#27;[32mSave 112b219f-94a6-4cd4-bd7d-f99e1b650d89(uuid6825)
сент. 19, 2025 6:42:49 PM webapp.storage.AbstractStorage save
INFO: &amp#27;[32mSave c1199b78-d60c-4774-831b-d6059e0138d4(uuid6826)
сент. 19, 2025 6:42:49 PM webapp.storage.AbstractStorage save
INFO: &amp#27;[32mSave b226ed3c-39b0-4fee-86fe-e091ef366972(uuid6827)
сент. 19, 2025 6:42:49 PM webapp.storage.AbstractStorage save
INFO: &amp#27;[32mSave 9977253a-fea9-415b-b6b4-70299c3ea571(uuid6828)
сент. 19, 2025 6:42:49 PM webapp.storage.AbstractStorage save
INFO: &amp#27;[32mSave b7f3e168-0e84-490e-8aed-7dc0d76065c8(uuid6829)
сент. 19, 2025 6:42:49 PM webapp.storage.AbstractStorage save
INFO: &amp#27;[32mSave 9f890dd5-9d74-41e5-bd30-f3546252047b(uuid6830)
сент. 19, 2025 6:42:49 PM webapp.storage.AbstractStorage save
INFO: &amp#27;[32mSave b0f31d5b-437e-4e25-890d-1694d6b79cc4(uuid6831)
сент. 19, 2025 6:42:49 PM webapp.storage.AbstractStorage save
INFO: &amp#27;[32mSave cbee484d-ff75-4cbe-8d3e-f7f045d3176c(uuid6832)
сент. 19, 2025 6:42:49 PM webapp.storage.AbstractStorage save
INFO: &amp#27;[32mSave 709234cb-d8f3-4894-88a4-7a14988c2216(uuid6833)
сент. 19, 2025 6:42:49 PM webapp.storage.AbstractStorage save
INFO: &amp#27;[32mSave 5c2be9e5-2b0c-4b2b-83cb-77be3d604fb4(uuid6834)
сент. 19, 2025 6:42:49 PM webapp.storage.AbstractStorage save
INFO: &amp#27;[32mSave 22d81269-345c-4c22-9969-b23253a66959(uuid6835)
сент. 19, 2025 6:42:49 PM webapp.storage.AbstractStorage save
INFO: &amp#27;[32mSave bc8309a8-1a01-4dcf-b7fc-05dcea62ad63(uuid6836)
сент. 19, 2025 6:42:49 PM webapp.storage.AbstractStorage save
INFO: &amp#27;[32mSave 2e35128c-c7af-45aa-aa98-6daaded3ce36(uuid6837)
сент. 19, 2025 6:42:49 PM webapp.storage.AbstractStorage save
INFO: &amp#27;[32mSave b1219dac-1664-4ed1-a2e5-aca139d18095(uuid6838)
сент. 19, 2025 6:42:49 PM webapp.storage.AbstractStorage save
INFO: &amp#27;[32mSave 64772e32-f589-4e53-b456-cfbeec36279b(uuid6839)
сент. 19, 2025 6:42:49 PM webapp.storage.AbstractStorage save
INFO: &amp#27;[32mSave 2f167d44-4d3f-45b2-8d82-e00eaf996ada(uuid6840)
сент. 19, 2025 6:42:49 PM webapp.storage.AbstractStorage save
INFO: &amp#27;[32mSave 9fda02a7-a451-49b5-9f5c-342af63fa923(uuid6841)
сент. 19, 2025 6:42:49 PM webapp.storage.AbstractStorage save
INFO: &amp#27;[32mSave b66dd0b4-db27-4e13-8d5e-4f4b312ff933(uuid6842)
сент. 19, 2025 6:42:49 PM webapp.storage.AbstractStorage save
INFO: &amp#27;[32mSave 78a7ac44-2dc1-413c-8dd1-ce6ee573ca6e(uuid6843)
сент. 19, 2025 6:42:49 PM webapp.storage.AbstractStorage save
INFO: &amp#27;[32mSave 01954542-fbea-44c6-bda2-dc1fc0b195b9(uuid6844)
сент. 19, 2025 6:42:49 PM webapp.storage.AbstractStorage save
INFO: &amp#27;[32mSave 82ebca56-9b79-4f07-abea-70be4687944a(uuid6845)
сент. 19, 2025 6:42:49 PM webapp.storage.AbstractStorage save
INFO: &amp#27;[32mSave 1ca60378-3b16-4c7e-ba56-2b0f5e56a1e1(uuid6846)
сент. 19, 2025 6:42:49 PM webapp.storage.AbstractStorage save
INFO: &amp#27;[32mSave ee6bd964-7d61-4396-ae4d-872a920896ca(uuid6847)
сент. 19, 2025 6:42:49 PM webapp.storage.AbstractStorage save
INFO: &amp#27;[32mSave bde7aca6-9fa1-4c8c-ba46-9e6330acc80c(uuid6848)
сент. 19, 2025 6:42:49 PM webapp.storage.AbstractStorage save
INFO: &amp#27;[32mSave e8bc4dbc-2c8b-4a98-b8a1-15cf86f91da0(uuid6849)
сент. 19, 2025 6:42:49 PM webapp.storage.AbstractStorage save
INFO: &amp#27;[32mSave b0701cca-4f94-41d8-a44a-ff3207a3e4df(uuid6850)
сент. 19, 2025 6:42:49 PM webapp.storage.AbstractStorage save
INFO: &amp#27;[32mSave e5c75f7b-c08f-46ab-abf3-f5a044b4cfac(uuid6851)
сент. 19, 2025 6:42:49 PM webapp.storage.AbstractStorage save
INFO: &amp#27;[32mSave afa736c8-9f3d-45b5-8182-b76bc4d8d876(uuid6852)
сент. 19, 2025 6:42:49 PM webapp.storage.AbstractStorage save
INFO: &amp#27;[32mSave d5354745-8abe-454d-86e3-3106fc49061a(uuid6853)
сент. 19, 2025 6:42:49 PM webapp.storage.AbstractStorage save
INFO: &amp#27;[32mSave 3a4bb29c-5957-4ddf-9c76-824c1e8b0805(uuid6854)
сент. 19, 2025 6:42:49 PM webapp.storage.AbstractStorage save
INFO: &amp#27;[32mSave d042fc93-9f0f-4a48-971e-247d5ce879d5(uuid6855)
сент. 19, 2025 6:42:49 PM webapp.storage.AbstractStorage save
INFO: &amp#27;[32mSave 5e346472-ed6c-49a9-b5cf-22a8acf59ca8(uuid6856)
сент. 19, 2025 6:42:49 PM webapp.storage.AbstractStorage save
INFO: &amp#27;[32mSave baf4f70e-6daa-40d6-89ea-63199f16069b(uuid6857)
сент. 19, 2025 6:42:49 PM webapp.storage.AbstractStorage save
INFO: &amp#27;[32mSave c059fe68-f819-4b25-a953-9db5d06807d5(uuid6858)
сент. 19, 2025 6:42:49 PM webapp.storage.AbstractStorage save
INFO: &amp#27;[32mSave e16735a1-7b81-414c-8e62-1410d28ebfb0(uuid6859)
сент. 19, 2025 6:42:49 PM webapp.storage.AbstractStorage save
INFO: &amp#27;[32mSave ca6cd534-01fa-48f6-8692-c06f561019d9(uuid6860)
сент. 19, 2025 6:42:49 PM webapp.storage.AbstractStorage save
INFO: &amp#27;[32mSave 292c0cc2-a54c-4e4f-a4ae-9ed6973937be(uuid6861)
сент. 19, 2025 6:42:49 PM webapp.storage.AbstractStorage save
INFO: &amp#27;[32mSave 1be7efe0-e059-414b-8b7e-5f6e8f0ea451(uuid6862)
сент. 19, 2025 6:42:49 PM webapp.storage.AbstractStorage save
INFO: &amp#27;[32mSave 344dc3f2-a6e7-47a2-aa7a-839a2df7b12a(uuid6863)
сент. 19, 2025 6:42:49 PM webapp.storage.AbstractStorage save
INFO: &amp#27;[32mSave e778eef9-cc15-49df-a3f5-166d66a0e90c(uuid6864)
сент. 19, 2025 6:42:49 PM webapp.storage.AbstractStorage save
INFO: &amp#27;[32mSave 46b5ca0c-55d7-4745-85d9-566f06ab75e2(uuid6865)
сент. 19, 2025 6:42:49 PM webapp.storage.AbstractStorage save
INFO: &amp#27;[32mSave d6c5f9f6-7e92-4bd2-98ae-fad44084fecc(uuid6866)
сент. 19, 2025 6:42:49 PM webapp.storage.AbstractStorage save
INFO: &amp#27;[32mSave 1f31417c-bb84-43b2-a6d2-822277807099(uuid6867)
сент. 19, 2025 6:42:49 PM webapp.storage.AbstractStorage save
INFO: &amp#27;[32mSave edf78cce-9df3-43f5-8353-c4a8cca56d9f(uuid6868)
сент. 19, 2025 6:42:49 PM webapp.storage.AbstractStorage save
INFO: &amp#27;[32mSave d45ac2f7-f607-48d2-9aff-18d5719d23e9(uuid6869)
сент. 19, 2025 6:42:49 PM webapp.storage.AbstractStorage save
INFO: &amp#27;[32mSave d349b809-3248-426d-a793-1fa51bf45c9a(uuid6870)
сент. 19, 2025 6:42:49 PM webapp.storage.AbstractStorage save
INFO: &amp#27;[32mSave c9751501-cb69-48cc-b686-af920eb1fad8(uuid6871)
сент. 19, 2025 6:42:49 PM webapp.storage.AbstractStorage save
INFO: &amp#27;[32mSave 84daadbe-2193-41e9-849f-46ae1591faaf(uuid6872)
сент. 19, 2025 6:42:49 PM webapp.storage.AbstractStorage save
INFO: &amp#27;[32mSave 6b503ba5-75aa-4be9-8823-79d0f5fe2528(uuid6873)
сент. 19, 2025 6:42:49 PM webapp.storage.AbstractStorage save
INFO: &amp#27;[32mSave 566825a8-c8fa-4fd6-b8eb-335ac80206fb(uuid6874)
сент. 19, 2025 6:42:49 PM webapp.storage.AbstractStorage save
INFO: &amp#27;[32mSave f5c09364-97b9-467a-bc89-c9b0d2ce1d0c(uuid6875)
сент. 19, 2025 6:42:49 PM webapp.storage.AbstractStorage save
INFO: &amp#27;[32mSave 10e86651-6673-4ad1-8288-1524295e80e9(uuid6876)
сент. 19, 2025 6:42:49 PM webapp.storage.AbstractStorage save
INFO: &amp#27;[32mSave 7e33d010-13f7-42c1-acc1-c1e2465e0135(uuid6877)
сент. 19, 2025 6:42:49 PM webapp.storage.AbstractStorage save
INFO: &amp#27;[32mSave 7f2955a6-5b57-43bb-b13b-c02a5dc01bc9(uuid6878)
сент. 19, 2025 6:42:49 PM webapp.storage.AbstractStorage save
INFO: &amp#27;[32mSave f56e6674-3757-4a0e-a9be-2f4c16f540fb(uuid6879)
сент. 19, 2025 6:42:49 PM webapp.storage.AbstractStorage save
INFO: &amp#27;[32mSave 7841d147-899d-4bd6-9d82-0e5a933e724b(uuid6880)
сент. 19, 2025 6:42:49 PM webapp.storage.AbstractStorage save
INFO: &amp#27;[32mSave 0de8d278-7767-4ead-8500-4df1a4d49b6f(uuid6881)
сент. 19, 2025 6:42:49 PM webapp.storage.AbstractStorage save
INFO: &amp#27;[32mSave 94a2479b-546d-4489-81bb-254125ee0905(uuid6882)
сент. 19, 2025 6:42:49 PM webapp.storage.AbstractStorage save
INFO: &amp#27;[32mSave 0ba30bdd-2a74-49e8-9937-43e6587d9438(uuid6883)
сент. 19, 2025 6:42:49 PM webapp.storage.AbstractStorage save
INFO: &amp#27;[32mSave ccf8b377-dc26-4c63-adec-e9e2ff4f9188(uuid6884)
сент. 19, 2025 6:42:49 PM webapp.storage.AbstractStorage save
INFO: &amp#27;[32mSave 90fd5f73-3dae-4773-8820-f5e40f377967(uuid6885)
сент. 19, 2025 6:42:49 PM webapp.storage.AbstractStorage save
INFO: &amp#27;[32mSave d820c444-eefa-46c0-90a3-6adb33fe8058(uuid6886)
сент. 19, 2025 6:42:49 PM webapp.storage.AbstractStorage save
INFO: &amp#27;[32mSave 8df2197d-bab3-4a37-944e-e9edba9d59e5(uuid6887)
сент. 19, 2025 6:42:49 PM webapp.storage.AbstractStorage save
INFO: &amp#27;[32mSave c4b5f554-bf8e-4e7e-a46c-6feadcdfb670(uuid6888)
сент. 19, 2025 6:42:49 PM webapp.storage.AbstractStorage save
INFO: &amp#27;[32mSave e46c4566-eaf0-4f0c-adbd-06bab16ddfd5(uuid6889)
сент. 19, 2025 6:42:49 PM webapp.storage.AbstractStorage save
INFO: &amp#27;[32mSave c09cdc31-c95f-47b1-9545-e19d3af8d980(uuid6890)
сент. 19, 2025 6:42:49 PM webapp.storage.AbstractStorage save
INFO: &amp#27;[32mSave b56ac9db-8f54-43ad-b529-9cbe2cada725(uuid6891)
сент. 19, 2025 6:42:49 PM webapp.storage.AbstractStorage save
INFO: &amp#27;[32mSave 48d6c220-a27b-4d40-8387-84ce1c63339b(uuid6892)
сент. 19, 2025 6:42:49 PM webapp.storage.AbstractStorage save
INFO: &amp#27;[32mSave e72dd839-9c55-4d4b-a378-3219eb3ef6e4(uuid6893)
сент. 19, 2025 6:42:49 PM webapp.storage.AbstractStorage save
INFO: &amp#27;[32mSave 086112b2-693e-45ba-91f6-83e9583c3e14(uuid6894)
сент. 19, 2025 6:42:49 PM webapp.storage.AbstractStorage save
INFO: &amp#27;[32mSave e2afdb6a-aedc-47fe-b707-7d7581b6f72d(uuid6895)
сент. 19, 2025 6:42:49 PM webapp.storage.AbstractStorage save
INFO: &amp#27;[32mSave a79cd36b-93c8-439c-8301-a160dc0317d5(uuid6896)
сент. 19, 2025 6:42:49 PM webapp.storage.AbstractStorage save
INFO: &amp#27;[32mSave 101f2a39-cf31-4182-9c4b-fdf0a000dad1(uuid6897)
сент. 19, 2025 6:42:49 PM webapp.storage.AbstractStorage save
INFO: &amp#27;[32mSave 226cabf8-da73-4345-9cdb-646f43de38c7(uuid6898)
сент. 19, 2025 6:42:49 PM webapp.storage.AbstractStorage save
INFO: &amp#27;[32mSave 2e43b1bd-d8e0-48d3-a79b-c4c58a1f44b9(uuid6899)
сент. 19, 2025 6:42:49 PM webapp.storage.AbstractStorage save
INFO: &amp#27;[32mSave f593d22d-cb85-4f35-ac11-ce82f4e2d30f(uuid6900)
сент. 19, 2025 6:42:49 PM webapp.storage.AbstractStorage save
INFO: &amp#27;[32mSave 411d1333-9d0c-434a-8dc4-1dd2f4f639ec(uuid6901)
сент. 19, 2025 6:42:49 PM webapp.storage.AbstractStorage save
INFO: &amp#27;[32mSave 3135cc99-7ad2-4ff7-b072-3a98159c6f08(uuid6902)
сент. 19, 2025 6:42:49 PM webapp.storage.AbstractStorage save
INFO: &amp#27;[32mSave 2f52bef0-8611-45e1-814d-3994edb84556(uuid6903)
сент. 19, 2025 6:42:49 PM webapp.storage.AbstractStorage save
INFO: &amp#27;[32mSave 6bc942ef-632d-4325-a3a3-14813e90aad9(uuid6904)
сент. 19, 2025 6:42:49 PM webapp.storage.AbstractStorage save
INFO: &amp#27;[32mSave 60cebbbe-8f5b-44df-b9c6-2e0202485d6d(uuid6905)
сент. 19, 2025 6:42:49 PM webapp.storage.AbstractStorage save
INFO: &amp#27;[32mSave d982cc4c-4b59-4239-a935-364d00798a15(uuid6906)
сент. 19, 2025 6:42:49 PM webapp.storage.AbstractStorage save
INFO: &amp#27;[32mSave 3588c413-9419-401e-9e92-91a1460acf4f(uuid6907)
сент. 19, 2025 6:42:49 PM webapp.storage.AbstractStorage save
INFO: &amp#27;[32mSave 022b8f16-0ae8-475c-9f28-fd688cca830e(uuid6908)
сент. 19, 2025 6:42:49 PM webapp.storage.AbstractStorage save
INFO: &amp#27;[32mSave dedd4bfd-d71d-41f4-8d20-afa26919d767(uuid6909)
сент. 19, 2025 6:42:49 PM webapp.storage.AbstractStorage save
INFO: &amp#27;[32mSave 912ffc5c-4fdf-4677-95e9-adf27189a403(uuid6910)
сент. 19, 2025 6:42:49 PM webapp.storage.AbstractStorage save
INFO: &amp#27;[32mSave 8e06976b-91a4-46dd-a49b-269504112057(uuid6911)
сент. 19, 2025 6:42:49 PM webapp.storage.AbstractStorage save
INFO: &amp#27;[32mSave 2a3c3810-0eb4-4c5f-8845-0fa1e0175f63(uuid6912)
сент. 19, 2025 6:42:49 PM webapp.storage.AbstractStorage save
INFO: &amp#27;[32mSave 6a712b39-dac5-4670-a48c-c3ab5db0fd96(uuid6913)
сент. 19, 2025 6:42:49 PM webapp.storage.AbstractStorage save
INFO: &amp#27;[32mSave 9c828a4e-dc7b-4972-a178-1c4907d34450(uuid6914)
сент. 19, 2025 6:42:49 PM webapp.storage.AbstractStorage save
INFO: &amp#27;[32mSave bd24b9b4-5040-49de-9ee7-932babef2135(uuid6915)
сент. 19, 2025 6:42:49 PM webapp.storage.AbstractStorage save
INFO: &amp#27;[32mSave 975ed9b4-0949-4e30-a73c-b3dddcfc807b(uuid6916)
сент. 19, 2025 6:42:49 PM webapp.storage.AbstractStorage save
INFO: &amp#27;[32mSave 0e795b07-35dc-49bc-9a4c-0cd8c570dd62(uuid6917)
сент. 19, 2025 6:42:49 PM webapp.storage.AbstractStorage save
INFO: &amp#27;[32mSave 5bf24a8f-4f95-428e-a80b-599ed1aa8093(uuid6918)
сент. 19, 2025 6:42:49 PM webapp.storage.AbstractStorage save
INFO: &amp#27;[32mSave 8dba7b2f-0f38-48c3-9d73-993b5797b615(uuid6919)
сент. 19, 2025 6:42:49 PM webapp.storage.AbstractStorage save
INFO: &amp#27;[32mSave 4beffc30-7ecf-4646-97c5-0027d769fd89(uuid6920)
сент. 19, 2025 6:42:49 PM webapp.storage.AbstractStorage save
INFO: &amp#27;[32mSave ba6627b1-0381-4a5e-817c-3fe8aab7f67b(uuid6921)
сент. 19, 2025 6:42:49 PM webapp.storage.AbstractStorage save
INFO: &amp#27;[32mSave fdcfa42c-823b-4b60-b27b-0b7f627e17c2(uuid6922)
сент. 19, 2025 6:42:49 PM webapp.storage.AbstractStorage save
INFO: &amp#27;[32mSave f23ba228-7736-44cc-89e2-f504cd27541e(uuid6923)
сент. 19, 2025 6:42:49 PM webapp.storage.AbstractStorage save
INFO: &amp#27;[32mSave c4ca0b40-df37-4939-8668-45886131cba3(uuid6924)
сент. 19, 2025 6:42:49 PM webapp.storage.AbstractStorage save
INFO: &amp#27;[32mSave 23f751de-9247-46a2-afd5-0367ade742b4(uuid6925)
сент. 19, 2025 6:42:49 PM webapp.storage.AbstractStorage save
INFO: &amp#27;[32mSave c1294be5-8fe5-4546-a984-2a1f5d773bf5(uuid6926)
сент. 19, 2025 6:42:49 PM webapp.storage.AbstractStorage save
INFO: &amp#27;[32mSave 6e363d65-69f2-48cf-a494-49b07ae4265b(uuid6927)
сент. 19, 2025 6:42:49 PM webapp.storage.AbstractStorage save
INFO: &amp#27;[32mSave ac2b576c-8015-43f2-8ff3-8626f15eec3f(uuid6928)
сент. 19, 2025 6:42:49 PM webapp.storage.AbstractStorage save
INFO: &amp#27;[32mSave 8de0d79a-ce14-4cf7-83fa-1c1ed91f6abb(uuid6929)
сент. 19, 2025 6:42:49 PM webapp.storage.AbstractStorage save
INFO: &amp#27;[32mSave ac9d3315-1fb3-4b6d-a52a-b282b5270b29(uuid6930)
сент. 19, 2025 6:42:49 PM webapp.storage.AbstractStorage save
INFO: &amp#27;[32mSave 07bb6c70-fbc1-4385-821d-7b8a597ba311(uuid6931)
сент. 19, 2025 6:42:49 PM webapp.storage.AbstractStorage save
INFO: &amp#27;[32mSave 8b5cff48-6dab-45b5-b06f-77405bf797c1(uuid6932)
сент. 19, 2025 6:42:49 PM webapp.storage.AbstractStorage save
INFO: &amp#27;[32mSave 8e1d712b-bc21-42de-8487-b0017ce40315(uuid6933)
сент. 19, 2025 6:42:49 PM webapp.storage.AbstractStorage save
INFO: &amp#27;[32mSave 13f8bdd8-5d6f-45b4-9ba8-d82e22056e53(uuid6934)
сент. 19, 2025 6:42:49 PM webapp.storage.AbstractStorage save
INFO: &amp#27;[32mSave 1d4af162-29d8-410e-a633-0ec2cb49b335(uuid6935)
сент. 19, 2025 6:42:49 PM webapp.storage.AbstractStorage save
INFO: &amp#27;[32mSave 5700d2da-343e-4943-8bde-cd09da083bb1(uuid6936)
сент. 19, 2025 6:42:49 PM webapp.storage.AbstractStorage save
INFO: &amp#27;[32mSave fbfb07a6-45b4-4893-b17d-6daeeade7d00(uuid6937)
сент. 19, 2025 6:42:49 PM webapp.storage.AbstractStorage save
INFO: &amp#27;[32mSave 533030b3-13e0-41ea-a71a-81158254e50c(uuid6938)
сент. 19, 2025 6:42:49 PM webapp.storage.AbstractStorage save
INFO: &amp#27;[32mSave 79cb19d5-2071-4dd3-96e6-8dd7b4d374a4(uuid6939)
сент. 19, 2025 6:42:49 PM webapp.storage.AbstractStorage save
INFO: &amp#27;[32mSave edc7e060-2ab2-4118-9310-e95c78b74110(uuid6940)
сент. 19, 2025 6:42:49 PM webapp.storage.AbstractStorage save
INFO: &amp#27;[32mSave 3387f813-554b-40e1-a474-5d1ad6c3a09b(uuid6941)
сент. 19, 2025 6:42:49 PM webapp.storage.AbstractStorage save
INFO: &amp#27;[32mSave c61862fa-cd4d-46b9-9ee9-ce004ca27f79(uuid6942)
сент. 19, 2025 6:42:49 PM webapp.storage.AbstractStorage save
INFO: &amp#27;[32mSave f4fc2ce8-b061-409d-80d2-b6be2968f30a(uuid6943)
сент. 19, 2025 6:42:49 PM webapp.storage.AbstractStorage save
INFO: &amp#27;[32mSave fe50e36c-075d-4214-8d3c-8a57253faf6e(uuid6944)
сент. 19, 2025 6:42:49 PM webapp.storage.AbstractStorage save
INFO: &amp#27;[32mSave a5f012c3-c6ba-4d9a-a0bb-0235c23d15ae(uuid6945)
сент. 19, 2025 6:42:49 PM webapp.storage.AbstractStorage save
INFO: &amp#27;[32mSave 3b4eaded-fed1-4815-b537-5bb02b4f7727(uuid6946)
сент. 19, 2025 6:42:49 PM webapp.storage.AbstractStorage save
INFO: &amp#27;[32mSave 86edd4a2-5d06-4494-aa4c-630cd8b1751f(uuid6947)
сент. 19, 2025 6:42:49 PM webapp.storage.AbstractStorage save
INFO: &amp#27;[32mSave 789150c0-b28c-46a3-bf6a-3681555080d6(uuid6948)
сент. 19, 2025 6:42:49 PM webapp.storage.AbstractStorage save
INFO: &amp#27;[32mSave d8add4c1-6b16-4f60-8497-34490a305b7f(uuid6949)
сент. 19, 2025 6:42:49 PM webapp.storage.AbstractStorage save
INFO: &amp#27;[32mSave a0e40451-d64c-4e3e-a32b-3df3f7e9d32b(uuid6950)
сент. 19, 2025 6:42:49 PM webapp.storage.AbstractStorage save
INFO: &amp#27;[32mSave 3aeee73e-e7b8-4987-8e18-d544733a6158(uuid6951)
сент. 19, 2025 6:42:49 PM webapp.storage.AbstractStorage save
INFO: &amp#27;[32mSave b7757673-c5ec-4813-802d-1fdec97beb94(uuid6952)
сент. 19, 2025 6:42:49 PM webapp.storage.AbstractStorage save
INFO: &amp#27;[32mSave b9c9367e-f367-41d4-a956-67f89dc442ad(uuid6953)
сент. 19, 2025 6:42:49 PM webapp.storage.AbstractStorage save
INFO: &amp#27;[32mSave f3f0451e-486e-470a-93bf-73a11f69a72d(uuid6954)
сент. 19, 2025 6:42:49 PM webapp.storage.AbstractStorage save
INFO: &amp#27;[32mSave cc93c448-4e56-453d-9474-f97aa7082b67(uuid6955)
сент. 19, 2025 6:42:49 PM webapp.storage.AbstractStorage save
INFO: &amp#27;[32mSave 6df54dbc-7b45-4b8b-8f80-6f5e3b958d0d(uuid6956)
сент. 19, 2025 6:42:49 PM webapp.storage.AbstractStorage save
INFO: &amp#27;[32mSave 9892b57c-c065-426d-9ee1-7e529550b195(uuid6957)
сент. 19, 2025 6:42:49 PM webapp.storage.AbstractStorage save
INFO: &amp#27;[32mSave aac4eee1-0c1f-4205-809d-6a83c3ad3d6f(uuid6958)
сент. 19, 2025 6:42:49 PM webapp.storage.AbstractStorage save
INFO: &amp#27;[32mSave 3fe51d61-22a7-41de-85e5-1797fc29cc46(uuid6959)
сент. 19, 2025 6:42:49 PM webapp.storage.AbstractStorage save
INFO: &amp#27;[32mSave 6325fdef-c6e6-417a-88da-2671623a66ed(uuid6960)
сент. 19, 2025 6:42:49 PM webapp.storage.AbstractStorage save
INFO: &amp#27;[32mSave 81c7c579-efd6-4deb-a6ec-d0f7f2711dc7(uuid6961)
сент. 19, 2025 6:42:49 PM webapp.storage.AbstractStorage save
INFO: &amp#27;[32mSave 011b14b5-d655-4dab-8713-7fb51ef4880f(uuid6962)
сент. 19, 2025 6:42:49 PM webapp.storage.AbstractStorage save
INFO: &amp#27;[32mSave e99d0872-e79b-43c2-98e4-7c82e59e3d4f(uuid6963)
сент. 19, 2025 6:42:49 PM webapp.storage.AbstractStorage save
INFO: &amp#27;[32mSave fc167b01-bb7c-4d46-bfd0-455ea12e459b(uuid6964)
сент. 19, 2025 6:42:49 PM webapp.storage.AbstractStorage save
INFO: &amp#27;[32mSave f3d8caed-c710-4ff1-838b-5ab47316f3f2(uuid6965)
сент. 19, 2025 6:42:49 PM webapp.storage.AbstractStorage save
INFO: &amp#27;[32mSave c5e4e437-60be-4c08-b033-d4759877268c(uuid6966)
сент. 19, 2025 6:42:49 PM webapp.storage.AbstractStorage save
INFO: &amp#27;[32mSave 27d5433a-45c6-4f59-a2bb-70a084b75766(uuid6967)
сент. 19, 2025 6:42:49 PM webapp.storage.AbstractStorage save
INFO: &amp#27;[32mSave 5dacd22a-a184-4a96-a70f-3164175d2a0d(uuid6968)
сент. 19, 2025 6:42:49 PM webapp.storage.AbstractStorage save
INFO: &amp#27;[32mSave 4b3ffb4e-5e36-4c36-847e-46f08ea34535(uuid6969)
сент. 19, 2025 6:42:49 PM webapp.storage.AbstractStorage save
INFO: &amp#27;[32mSave 383fa4c3-d79c-47a8-b9ab-a1d5ff96a8ed(uuid6970)
сент. 19, 2025 6:42:49 PM webapp.storage.AbstractStorage save
INFO: &amp#27;[32mSave 873f7bc0-9f4b-4092-8225-bdf6267c6062(uuid6971)
сент. 19, 2025 6:42:49 PM webapp.storage.AbstractStorage save
INFO: &amp#27;[32mSave b7734d3d-2c49-44f1-891a-c6312bf29f48(uuid6972)
сент. 19, 2025 6:42:49 PM webapp.storage.AbstractStorage save
INFO: &amp#27;[32mSave 111a2f17-dee5-47a6-ac8d-7a80426a81d2(uuid6973)
сент. 19, 2025 6:42:49 PM webapp.storage.AbstractStorage save
INFO: &amp#27;[32mSave 9f3dc220-70eb-461f-b63c-d955d146b119(uuid6974)
сент. 19, 2025 6:42:49 PM webapp.storage.AbstractStorage save
INFO: &amp#27;[32mSave 3c91d675-1100-4154-a525-2be5af2ff332(uuid6975)
сент. 19, 2025 6:42:49 PM webapp.storage.AbstractStorage save
INFO: &amp#27;[32mSave 892479fa-a39a-4f39-8c7b-24943d50f48f(uuid6976)
сент. 19, 2025 6:42:49 PM webapp.storage.AbstractStorage save
INFO: &amp#27;[32mSave 6a8bec33-f607-4247-8da9-ef026ad2e514(uuid6977)
сент. 19, 2025 6:42:49 PM webapp.storage.AbstractStorage save
INFO: &amp#27;[32mSave fe7d7876-e8cb-4e18-aec3-4f9a97a436e2(uuid6978)
сент. 19, 2025 6:42:49 PM webapp.storage.AbstractStorage save
INFO: &amp#27;[32mSave 844bfc8a-dcc3-42e1-826e-c3f96842ca24(uuid6979)
сент. 19, 2025 6:42:49 PM webapp.storage.AbstractStorage save
INFO: &amp#27;[32mSave 15899c6b-fe57-4b0a-8080-8ad86185b7b4(uuid6980)
сент. 19, 2025 6:42:49 PM webapp.storage.AbstractStorage save
INFO: &amp#27;[32mSave 19773151-49ca-4ae1-8b03-03f5fc92b3d6(uuid6981)
сент. 19, 2025 6:42:49 PM webapp.storage.AbstractStorage save
INFO: &amp#27;[32mSave 3e5675a4-f52e-409e-a6fc-806cb58c70c9(uuid6982)
сент. 19, 2025 6:42:49 PM webapp.storage.AbstractStorage save
INFO: &amp#27;[32mSave 15ceb952-cc56-4d16-9e6a-641707bbe29f(uuid6983)
сент. 19, 2025 6:42:49 PM webapp.storage.AbstractStorage save
INFO: &amp#27;[32mSave c7bc08d7-75c0-458a-9146-6fca5b916085(uuid6984)
сент. 19, 2025 6:42:49 PM webapp.storage.AbstractStorage save
INFO: &amp#27;[32mSave a7d1721f-d5df-4b2d-a5e3-a261b8b1a947(uuid6985)
сент. 19, 2025 6:42:49 PM webapp.storage.AbstractStorage save
INFO: &amp#27;[32mSave 7bb1795f-3955-4901-8ff0-76885de13891(uuid6986)
сент. 19, 2025 6:42:49 PM webapp.storage.AbstractStorage save
INFO: &amp#27;[32mSave c134a823-1059-45a9-a5f8-943446d7dee4(uuid6987)
сент. 19, 2025 6:42:49 PM webapp.storage.AbstractStorage save
INFO: &amp#27;[32mSave b5981274-9523-4eb1-a644-ef0ac51ab99c(uuid6988)
сент. 19, 2025 6:42:49 PM webapp.storage.AbstractStorage save
INFO: &amp#27;[32mSave 2ebb2d7d-fc5b-4636-a476-b592361d41db(uuid6989)
сент. 19, 2025 6:42:49 PM webapp.storage.AbstractStorage save
INFO: &amp#27;[32mSave e99bf441-6c27-4b9f-9a39-066a82886330(uuid6990)
сент. 19, 2025 6:42:49 PM webapp.storage.AbstractStorage save
INFO: &amp#27;[32mSave 34ab2c20-68a7-4ccf-9975-57704ab678d6(uuid6991)
сент. 19, 2025 6:42:49 PM webapp.storage.AbstractStorage save
INFO: &amp#27;[32mSave c927aba5-ea71-46f1-a586-20b8ca72ab06(uuid6992)
сент. 19, 2025 6:42:49 PM webapp.storage.AbstractStorage save
INFO: &amp#27;[32mSave 573ed35d-dd1e-4f21-b675-451fd71dc8fb(uuid6993)
сент. 19, 2025 6:42:49 PM webapp.storage.AbstractStorage save
INFO: &amp#27;[32mSave 6a837849-3853-411c-bb0f-ddd2a8fb0ac9(uuid6994)
сент. 19, 2025 6:42:49 PM webapp.storage.AbstractStorage save
INFO: &amp#27;[32mSave d819528b-4673-4dee-aab8-d5b723089158(uuid6995)
сент. 19, 2025 6:42:49 PM webapp.storage.AbstractStorage save
INFO: &amp#27;[32mSave 81231234-d15c-46e4-a745-42909bb71406(uuid6996)
сент. 19, 2025 6:42:49 PM webapp.storage.AbstractStorage save
INFO: &amp#27;[32mSave c0974679-f8c2-41c5-bfde-7fb36fcfd7c0(uuid6997)
сент. 19, 2025 6:42:49 PM webapp.storage.AbstractStorage save
INFO: &amp#27;[32mSave e61aab94-d8e2-404e-9371-1e712e0382ff(uuid6998)
сент. 19, 2025 6:42:49 PM webapp.storage.AbstractStorage save
INFO: &amp#27;[32mSave 0e62759b-759e-4a49-9815-8c3e49190a77(uuid6999)
сент. 19, 2025 6:42:49 PM webapp.storage.AbstractStorage save
INFO: &amp#27;[32mSave 9dbcadad-a1bf-44f6-8ea1-1531559360f4(uuid7000)
сент. 19, 2025 6:42:49 PM webapp.storage.AbstractStorage save
INFO: &amp#27;[32mSave c0dee0aa-18a5-4ae7-9231-949569c3c7c4(uuid7001)
сент. 19, 2025 6:42:49 PM webapp.storage.AbstractStorage save
INFO: &amp#27;[32mSave c3d49476-e696-4384-b7c0-da4ef7823a60(uuid7002)
сент. 19, 2025 6:42:49 PM webapp.storage.AbstractStorage save
INFO: &amp#27;[32mSave 111efea2-bca2-4c54-a872-007451e54236(uuid7003)
сент. 19, 2025 6:42:49 PM webapp.storage.AbstractStorage save
INFO: &amp#27;[32mSave c8bf3479-c179-4d44-b84e-d5328e1651f3(uuid7004)
сент. 19, 2025 6:42:49 PM webapp.storage.AbstractStorage save
INFO: &amp#27;[32mSave aa6ec652-0014-4edd-b584-297fab620156(uuid7005)
сент. 19, 2025 6:42:49 PM webapp.storage.AbstractStorage save
INFO: &amp#27;[32mSave 04c2fa5e-bb8d-4af0-a912-2aee877dc96e(uuid7006)
сент. 19, 2025 6:42:49 PM webapp.storage.AbstractStorage save
INFO: &amp#27;[32mSave 5fd5f219-f220-4e22-af46-9efb7dadffb4(uuid7007)
сент. 19, 2025 6:42:49 PM webapp.storage.AbstractStorage save
INFO: &amp#27;[32mSave cbc45b68-3b5f-4ddf-b3ff-96c81f52906c(uuid7008)
сент. 19, 2025 6:42:49 PM webapp.storage.AbstractStorage save
INFO: &amp#27;[32mSave a77b47ee-42b1-4527-9dac-0eeac60af4cb(uuid7009)
сент. 19, 2025 6:42:49 PM webapp.storage.AbstractStorage save
INFO: &amp#27;[32mSave 5e0b3dea-bac8-4a20-b154-689f477b17b4(uuid7010)
сент. 19, 2025 6:42:49 PM webapp.storage.AbstractStorage save
INFO: &amp#27;[32mSave 875f1ea7-dda5-40f6-822a-b315f255ad42(uuid7011)
сент. 19, 2025 6:42:49 PM webapp.storage.AbstractStorage save
INFO: &amp#27;[32mSave 3cf3fc77-feda-4ac4-89e5-0ea8ebb18b4c(uuid7012)
сент. 19, 2025 6:42:49 PM webapp.storage.AbstractStorage save
INFO: &amp#27;[32mSave 148280ac-130d-4363-983a-004c0b653557(uuid7013)
сент. 19, 2025 6:42:49 PM webapp.storage.AbstractStorage save
INFO: &amp#27;[32mSave 083a7c2a-9857-4cdc-a453-7c4f243963b6(uuid7014)
сент. 19, 2025 6:42:49 PM webapp.storage.AbstractStorage save
INFO: &amp#27;[32mSave eb3ae837-4ae1-495c-a7bf-4545ac7fb733(uuid7015)
сент. 19, 2025 6:42:49 PM webapp.storage.AbstractStorage save
INFO: &amp#27;[32mSave 1c359180-be9e-4b08-9054-3a89757976e4(uuid7016)
сент. 19, 2025 6:42:49 PM webapp.storage.AbstractStorage save
INFO: &amp#27;[32mSave ea7cc31e-b21b-4c7a-a1a9-1656d56a0492(uuid7017)
сент. 19, 2025 6:42:49 PM webapp.storage.AbstractStorage save
INFO: &amp#27;[32mSave d12413af-207a-4c31-a91b-21034e122f6f(uuid7018)
сент. 19, 2025 6:42:49 PM webapp.storage.AbstractStorage save
INFO: &amp#27;[32mSave b7191756-d06a-4d34-b9d8-a6cc83cd5292(uuid7019)
сент. 19, 2025 6:42:49 PM webapp.storage.AbstractStorage save
INFO: &amp#27;[32mSave 82a97f9c-87df-47e0-b949-f34f95081680(uuid7020)
сент. 19, 2025 6:42:49 PM webapp.storage.AbstractStorage save
INFO: &amp#27;[32mSave 69d9dd49-87a7-4598-9a1b-e5d977ce6609(uuid7021)
сент. 19, 2025 6:42:49 PM webapp.storage.AbstractStorage save
INFO: &amp#27;[32mSave 41e792eb-6c6c-4b5f-acf9-e2ef38e16d97(uuid7022)
сент. 19, 2025 6:42:49 PM webapp.storage.AbstractStorage save
INFO: &amp#27;[32mSave a355747b-04e9-47e7-97c0-bbbdb782dbf9(uuid7023)
сент. 19, 2025 6:42:49 PM webapp.storage.AbstractStorage save
INFO: &amp#27;[32mSave 26fecf87-eac8-4a28-9c8c-df10d7df801d(uuid7024)
сент. 19, 2025 6:42:49 PM webapp.storage.AbstractStorage save
INFO: &amp#27;[32mSave c811d473-29d9-49c8-907a-7032fe9b5181(uuid7025)
сент. 19, 2025 6:42:49 PM webapp.storage.AbstractStorage save
INFO: &amp#27;[32mSave da3230fe-85ee-4d80-8daf-c76954254f10(uuid7026)
сент. 19, 2025 6:42:49 PM webapp.storage.AbstractStorage save
INFO: &amp#27;[32mSave 626c583f-d41f-4f77-9cf2-b834c3f549ad(uuid7027)
сент. 19, 2025 6:42:49 PM webapp.storage.AbstractStorage save
INFO: &amp#27;[32mSave 31a595f1-b6da-4057-89fc-ae24f4b183bc(uuid7028)
сент. 19, 2025 6:42:49 PM webapp.storage.AbstractStorage save
INFO: &amp#27;[32mSave d6899f77-2392-4a9a-8a22-11acbcf87d38(uuid7029)
сент. 19, 2025 6:42:49 PM webapp.storage.AbstractStorage save
INFO: &amp#27;[32mSave 41210be2-5be0-46c8-a8d5-0e3a485d853c(uuid7030)
сент. 19, 2025 6:42:49 PM webapp.storage.AbstractStorage save
INFO: &amp#27;[32mSave 5d52274f-90e0-43eb-ab5c-4d8aeb294805(uuid7031)
сент. 19, 2025 6:42:49 PM webapp.storage.AbstractStorage save
INFO: &amp#27;[32mSave 0d01d269-1790-4b8b-bb83-b0a434af4faf(uuid7032)
сент. 19, 2025 6:42:49 PM webapp.storage.AbstractStorage save
INFO: &amp#27;[32mSave 1acb896f-68f5-4a43-b6d8-f5731439a0e8(uuid7033)
сент. 19, 2025 6:42:49 PM webapp.storage.AbstractStorage save
INFO: &amp#27;[32mSave cfc08941-7b7a-40c9-8ae6-7b2bfce98cb4(uuid7034)
сент. 19, 2025 6:42:49 PM webapp.storage.AbstractStorage save
INFO: &amp#27;[32mSave f2cc9ea4-4947-4e73-a6c1-3200b224e967(uuid7035)
сент. 19, 2025 6:42:49 PM webapp.storage.AbstractStorage save
INFO: &amp#27;[32mSave c5412fd8-066b-4889-8802-46b556c6d82f(uuid7036)
сент. 19, 2025 6:42:49 PM webapp.storage.AbstractStorage save
INFO: &amp#27;[32mSave 62987f7d-71fa-422c-ae0d-317145602904(uuid7037)
сент. 19, 2025 6:42:49 PM webapp.storage.AbstractStorage save
INFO: &amp#27;[32mSave dbc36828-049d-4da7-9011-a6c9ee1ae07f(uuid7038)
сент. 19, 2025 6:42:49 PM webapp.storage.AbstractStorage save
INFO: &amp#27;[32mSave 9374b9b8-b959-4166-823c-48ba9766a5ef(uuid7039)
сент. 19, 2025 6:42:49 PM webapp.storage.AbstractStorage save
INFO: &amp#27;[32mSave 663a3804-1fc7-4888-9030-2c2bee2eca53(uuid7040)
сент. 19, 2025 6:42:49 PM webapp.storage.AbstractStorage save
INFO: &amp#27;[32mSave c5bdb123-e646-4dae-bd2d-6a2f63394fc5(uuid7041)
сент. 19, 2025 6:42:49 PM webapp.storage.AbstractStorage save
INFO: &amp#27;[32mSave af2aa1f6-35a4-4ab9-8a38-194f1c7a4668(uuid7042)
сент. 19, 2025 6:42:49 PM webapp.storage.AbstractStorage save
INFO: &amp#27;[32mSave 7f074d90-af9a-47ab-9337-8f6f00e9a3fc(uuid7043)
сент. 19, 2025 6:42:49 PM webapp.storage.AbstractStorage save
INFO: &amp#27;[32mSave 6619930c-8637-430d-bfae-636595eff3c2(uuid7044)
сент. 19, 2025 6:42:49 PM webapp.storage.AbstractStorage save
INFO: &amp#27;[32mSave 95bc6594-d989-437d-b46a-6424f40b0ed8(uuid7045)
сент. 19, 2025 6:42:49 PM webapp.storage.AbstractStorage save
INFO: &amp#27;[32mSave 0e1241ec-27e3-49b5-95b5-ec402e27c2ab(uuid7046)
сент. 19, 2025 6:42:49 PM webapp.storage.AbstractStorage save
INFO: &amp#27;[32mSave c353fc97-ff7f-4f6f-b716-d6cbced60bd3(uuid7047)
сент. 19, 2025 6:42:49 PM webapp.storage.AbstractStorage save
INFO: &amp#27;[32mSave 0301b492-ecb4-44ce-ba6e-99fe5ff5a21a(uuid7048)
сент. 19, 2025 6:42:49 PM webapp.storage.AbstractStorage save
INFO: &amp#27;[32mSave ead62811-2b58-450e-8688-5f2807112253(uuid7049)
сент. 19, 2025 6:42:49 PM webapp.storage.AbstractStorage save
INFO: &amp#27;[32mSave 905191fc-b21b-4fd5-9fd8-b6b72494c1ab(uuid7050)
сент. 19, 2025 6:42:49 PM webapp.storage.AbstractStorage save
INFO: &amp#27;[32mSave 4c6326b9-520f-4246-907e-c7edaa9221ee(uuid7051)
сент. 19, 2025 6:42:49 PM webapp.storage.AbstractStorage save
INFO: &amp#27;[32mSave cf3a8623-1c30-4c1b-9c25-2ac675711eda(uuid7052)
сент. 19, 2025 6:42:49 PM webapp.storage.AbstractStorage save
INFO: &amp#27;[32mSave fcdcef24-0b00-40f7-9cb4-ff7da0b0b3c7(uuid7053)
сент. 19, 2025 6:42:49 PM webapp.storage.AbstractStorage save
INFO: &amp#27;[32mSave fabde97f-9784-4eed-a1f8-3321b0418390(uuid7054)
сент. 19, 2025 6:42:49 PM webapp.storage.AbstractStorage save
INFO: &amp#27;[32mSave e8110cc4-5695-4691-9920-a46f20671919(uuid7055)
сент. 19, 2025 6:42:49 PM webapp.storage.AbstractStorage save
INFO: &amp#27;[32mSave a3764183-a526-420a-9e35-91e81fe7a268(uuid7056)
сент. 19, 2025 6:42:49 PM webapp.storage.AbstractStorage save
INFO: &amp#27;[32mSave da9bfac2-8435-46ac-b541-b3efea25e7c7(uuid7057)
сент. 19, 2025 6:42:49 PM webapp.storage.AbstractStorage save
INFO: &amp#27;[32mSave a5283065-c115-47e7-a1ff-4f1a040db15a(uuid7058)
сент. 19, 2025 6:42:49 PM webapp.storage.AbstractStorage save
INFO: &amp#27;[32mSave 39d91ab5-251b-4734-a4b4-f4b2296fc39f(uuid7059)
сент. 19, 2025 6:42:49 PM webapp.storage.AbstractStorage save
INFO: &amp#27;[32mSave 443bd9c0-b8f7-4035-8a71-867252dec9bd(uuid7060)
сент. 19, 2025 6:42:49 PM webapp.storage.AbstractStorage save
INFO: &amp#27;[32mSave 1991673d-aeb2-47e5-ab35-5ef27163935a(uuid7061)
сент. 19, 2025 6:42:49 PM webapp.storage.AbstractStorage save
INFO: &amp#27;[32mSave d7db6076-cc5c-4e21-a5fb-ccd76940ca0c(uuid7062)
сент. 19, 2025 6:42:49 PM webapp.storage.AbstractStorage save
INFO: &amp#27;[32mSave b587598c-4d37-4dab-8d39-e20f80676015(uuid7063)
сент. 19, 2025 6:42:49 PM webapp.storage.AbstractStorage save
INFO: &amp#27;[32mSave 6cd21d06-d96f-4c78-928d-6db22ad10bd2(uuid7064)
сент. 19, 2025 6:42:49 PM webapp.storage.AbstractStorage save
INFO: &amp#27;[32mSave 5a2e1417-b28a-4939-9d92-f6e48f1b078d(uuid7065)
сент. 19, 2025 6:42:49 PM webapp.storage.AbstractStorage save
INFO: &amp#27;[32mSave 7216db76-9ad3-4424-9441-81bf6a8fbcf4(uuid7066)
сент. 19, 2025 6:42:49 PM webapp.storage.AbstractStorage save
INFO: &amp#27;[32mSave 495a309f-ce71-4f39-9c5e-b8b66a631fca(uuid7067)
сент. 19, 2025 6:42:49 PM webapp.storage.AbstractStorage save
INFO: &amp#27;[32mSave 9913c0c5-fcc3-4bc9-b185-33606ab0cd2c(uuid7068)
сент. 19, 2025 6:42:49 PM webapp.storage.AbstractStorage save
INFO: &amp#27;[32mSave 3651d1ad-94b1-4a6c-a652-32fc94319cba(uuid7069)
сент. 19, 2025 6:42:49 PM webapp.storage.AbstractStorage save
INFO: &amp#27;[32mSave 5e2100c1-1d69-4b24-8e75-2ef39b8ce60d(uuid7070)
сент. 19, 2025 6:42:49 PM webapp.storage.AbstractStorage save
INFO: &amp#27;[32mSave b14e6253-3c58-4b74-b5d6-6108a26cbf3e(uuid7071)
сент. 19, 2025 6:42:49 PM webapp.storage.AbstractStorage save
INFO: &amp#27;[32mSave 87927d0a-1d04-4ef6-b57e-380997fba01c(uuid7072)
сент. 19, 2025 6:42:49 PM webapp.storage.AbstractStorage save
INFO: &amp#27;[32mSave 056b9709-f653-4a0c-bbd3-ad04bb7d99af(uuid7073)
сент. 19, 2025 6:42:49 PM webapp.storage.AbstractStorage save
INFO: &amp#27;[32mSave 928f56b6-1373-473b-8b99-e94cce847c17(uuid7074)
сент. 19, 2025 6:42:49 PM webapp.storage.AbstractStorage save
INFO: &amp#27;[32mSave 25ccb1bc-2764-4ba8-803f-3fa320f1a52a(uuid7075)
сент. 19, 2025 6:42:49 PM webapp.storage.AbstractStorage save
INFO: &amp#27;[32mSave db4c850a-1652-4610-a8e6-447ca99f8943(uuid7076)
сент. 19, 2025 6:42:49 PM webapp.storage.AbstractStorage save
INFO: &amp#27;[32mSave 990f95f4-a869-4e52-9900-9bd0955b5934(uuid7077)
сент. 19, 2025 6:42:49 PM webapp.storage.AbstractStorage save
INFO: &amp#27;[32mSave 75374232-2059-4c10-bdc8-185db68c1241(uuid7078)
сент. 19, 2025 6:42:49 PM webapp.storage.AbstractStorage save
INFO: &amp#27;[32mSave 567f5cee-1941-4089-9c0b-2a58c0c04364(uuid7079)
сент. 19, 2025 6:42:49 PM webapp.storage.AbstractStorage save
INFO: &amp#27;[32mSave bbded1ff-8292-43a4-a806-418f3eb16a60(uuid7080)
сент. 19, 2025 6:42:49 PM webapp.storage.AbstractStorage save
INFO: &amp#27;[32mSave d4315a2c-960b-4b65-aa53-a0e70df408ff(uuid7081)
сент. 19, 2025 6:42:49 PM webapp.storage.AbstractStorage save
INFO: &amp#27;[32mSave 6c2d6a4d-e50f-4081-a6ed-9c2ba94ac3bf(uuid7082)
сент. 19, 2025 6:42:49 PM webapp.storage.AbstractStorage save
INFO: &amp#27;[32mSave 3845c0ae-857e-41f7-8137-fb75dd159c89(uuid7083)
сент. 19, 2025 6:42:49 PM webapp.storage.AbstractStorage save
INFO: &amp#27;[32mSave eccf7390-de60-4ff8-90c9-04ef3b8a8601(uuid7084)
сент. 19, 2025 6:42:49 PM webapp.storage.AbstractStorage save
INFO: &amp#27;[32mSave 2ae61f17-cdab-45f2-be0d-36be265d71fa(uuid7085)
сент. 19, 2025 6:42:49 PM webapp.storage.AbstractStorage save
INFO: &amp#27;[32mSave 7d4692b2-37f3-4c25-959c-2304073df6b4(uuid7086)
сент. 19, 2025 6:42:49 PM webapp.storage.AbstractStorage save
INFO: &amp#27;[32mSave 77a6adf2-c031-4b9d-8e84-a366b81256d0(uuid7087)
сент. 19, 2025 6:42:49 PM webapp.storage.AbstractStorage save
INFO: &amp#27;[32mSave 7c6c6c25-cb91-422a-a897-414465edf962(uuid7088)
сент. 19, 2025 6:42:49 PM webapp.storage.AbstractStorage save
INFO: &amp#27;[32mSave 91308da2-fb01-4f91-a725-2477c1b3036d(uuid7089)
сент. 19, 2025 6:42:49 PM webapp.storage.AbstractStorage save
INFO: &amp#27;[32mSave 2584b35d-38c7-4985-9863-8172c67fe067(uuid7090)
сент. 19, 2025 6:42:49 PM webapp.storage.AbstractStorage save
INFO: &amp#27;[32mSave 06da5358-23d2-47a4-a83c-8baaf5bbe46b(uuid7091)
сент. 19, 2025 6:42:49 PM webapp.storage.AbstractStorage save
INFO: &amp#27;[32mSave 322ac1be-4023-4eb5-879f-29cdeaf00410(uuid7092)
сент. 19, 2025 6:42:49 PM webapp.storage.AbstractStorage save
INFO: &amp#27;[32mSave 1b135805-e26c-4301-8b54-5057b5af441c(uuid7093)
сент. 19, 2025 6:42:49 PM webapp.storage.AbstractStorage save
INFO: &amp#27;[32mSave 7d5524de-4a8f-4db5-860e-8afd6c35787d(uuid7094)
сент. 19, 2025 6:42:49 PM webapp.storage.AbstractStorage save
INFO: &amp#27;[32mSave 27e1a5c1-7b5a-416c-af90-bc72a8332d69(uuid7095)
сент. 19, 2025 6:42:49 PM webapp.storage.AbstractStorage save
INFO: &amp#27;[32mSave 269e2459-90bf-48e9-8b3c-cfc33d94d3fe(uuid7096)
сент. 19, 2025 6:42:49 PM webapp.storage.AbstractStorage save
INFO: &amp#27;[32mSave 03632fcd-8fb4-48c2-90a3-6a4e6522f69d(uuid7097)
сент. 19, 2025 6:42:49 PM webapp.storage.AbstractStorage save
INFO: &amp#27;[32mSave 7ed28e23-eecb-4c52-b125-72ff02b3244e(uuid7098)
сент. 19, 2025 6:42:49 PM webapp.storage.AbstractStorage save
INFO: &amp#27;[32mSave a203884b-da15-45d6-8b9b-b6ad558217de(uuid7099)
сент. 19, 2025 6:42:49 PM webapp.storage.AbstractStorage save
INFO: &amp#27;[32mSave 34c10e62-9f15-4f41-850a-3f454a6fbffe(uuid7100)
сент. 19, 2025 6:42:49 PM webapp.storage.AbstractStorage save
INFO: &amp#27;[32mSave c98fb768-c39f-4c12-86b7-6f1817074bcb(uuid7101)
сент. 19, 2025 6:42:49 PM webapp.storage.AbstractStorage save
INFO: &amp#27;[32mSave fa0e6ba4-6aec-46f1-8da2-69e6925ae39d(uuid7102)
сент. 19, 2025 6:42:49 PM webapp.storage.AbstractStorage save
INFO: &amp#27;[32mSave 86bba382-7305-4e71-8401-941c66b84d34(uuid7103)
сент. 19, 2025 6:42:49 PM webapp.storage.AbstractStorage save
INFO: &amp#27;[32mSave 14bca7df-ce0a-467a-a5a3-afed4d0b2a76(uuid7104)
сент. 19, 2025 6:42:49 PM webapp.storage.AbstractStorage save
INFO: &amp#27;[32mSave 9641964c-86a5-41d6-8dbc-0d40db82a751(uuid7105)
сент. 19, 2025 6:42:49 PM webapp.storage.AbstractStorage save
INFO: &amp#27;[32mSave f94a4ff5-f2c2-4805-8d41-7452c0668e86(uuid7106)
сент. 19, 2025 6:42:49 PM webapp.storage.AbstractStorage save
INFO: &amp#27;[32mSave ae2a129c-dd43-41e6-b3de-f7828f74eaa2(uuid7107)
сент. 19, 2025 6:42:49 PM webapp.storage.AbstractStorage save
INFO: &amp#27;[32mSave fa8aa5c8-35ce-4ddf-a47a-428a106014e3(uuid7108)
сент. 19, 2025 6:42:49 PM webapp.storage.AbstractStorage save
INFO: &amp#27;[32mSave 93d7de50-3d0b-46ca-b978-1e1c038bf74e(uuid7109)
сент. 19, 2025 6:42:49 PM webapp.storage.AbstractStorage save
INFO: &amp#27;[32mSave 461a6d6c-824a-48a4-b390-7020855ee6fe(uuid7110)
сент. 19, 2025 6:42:49 PM webapp.storage.AbstractStorage save
INFO: &amp#27;[32mSave a477d632-3cb4-4272-a760-4f86191c3101(uuid7111)
сент. 19, 2025 6:42:49 PM webapp.storage.AbstractStorage save
INFO: &amp#27;[32mSave 812dc9f1-95bb-4ace-bf1e-3263a3440154(uuid7112)
сент. 19, 2025 6:42:49 PM webapp.storage.AbstractStorage save
INFO: &amp#27;[32mSave 2e2c9739-37da-4227-9445-a882ea332c20(uuid7113)
сент. 19, 2025 6:42:49 PM webapp.storage.AbstractStorage save
INFO: &amp#27;[32mSave 67009de1-05d0-4fae-9cc6-847e74080075(uuid7114)
сент. 19, 2025 6:42:49 PM webapp.storage.AbstractStorage save
INFO: &amp#27;[32mSave 3eaf5c8b-3519-484c-8121-e0a3c84faa58(uuid7115)
сент. 19, 2025 6:42:49 PM webapp.storage.AbstractStorage save
INFO: &amp#27;[32mSave fbe44d97-e790-47fc-b75f-b1ec0c81e92f(uuid7116)
сент. 19, 2025 6:42:49 PM webapp.storage.AbstractStorage save
INFO: &amp#27;[32mSave 3aaf6322-ae45-4a09-9929-2d71b13d33a1(uuid7117)
сент. 19, 2025 6:42:49 PM webapp.storage.AbstractStorage save
INFO: &amp#27;[32mSave 8534c657-cc5a-4bce-90c0-5ce9afd56044(uuid7118)
сент. 19, 2025 6:42:49 PM webapp.storage.AbstractStorage save
INFO: &amp#27;[32mSave 37f8c2ee-473e-4aa8-8fc8-efb8ca2ef28a(uuid7119)
сент. 19, 2025 6:42:49 PM webapp.storage.AbstractStorage save
INFO: &amp#27;[32mSave ead6bc43-4161-4f2a-b1eb-86b150a585e4(uuid7120)
сент. 19, 2025 6:42:49 PM webapp.storage.AbstractStorage save
INFO: &amp#27;[32mSave 90e5e27d-08f6-47a9-8956-114bb53547ae(uuid7121)
сент. 19, 2025 6:42:49 PM webapp.storage.AbstractStorage save
INFO: &amp#27;[32mSave 998cc2e4-2438-4893-9c91-7c0fa7b378e7(uuid7122)
сент. 19, 2025 6:42:49 PM webapp.storage.AbstractStorage save
INFO: &amp#27;[32mSave 67013333-9d4c-4b84-81c2-3a10e37274ec(uuid7123)
сент. 19, 2025 6:42:49 PM webapp.storage.AbstractStorage save
INFO: &amp#27;[32mSave 5d1ecc26-80dd-4550-83a7-fceed2318329(uuid7124)
сент. 19, 2025 6:42:49 PM webapp.storage.AbstractStorage save
INFO: &amp#27;[32mSave 504939c4-9a3f-43d1-b2b2-44cebc62923c(uuid7125)
сент. 19, 2025 6:42:49 PM webapp.storage.AbstractStorage save
INFO: &amp#27;[32mSave 8ada8143-f6de-40ef-b3c5-9065a6b83fc1(uuid7126)
сент. 19, 2025 6:42:49 PM webapp.storage.AbstractStorage save
INFO: &amp#27;[32mSave 014c16a6-4b7b-49a6-8519-d23fae14a60f(uuid7127)
сент. 19, 2025 6:42:49 PM webapp.storage.AbstractStorage save
INFO: &amp#27;[32mSave 51692ab2-557b-409c-8da0-e33d7f4bfbd1(uuid7128)
сент. 19, 2025 6:42:49 PM webapp.storage.AbstractStorage save
INFO: &amp#27;[32mSave ce2a6a34-75e7-44c2-ae31-8ab5c199d64e(uuid7129)
сент. 19, 2025 6:42:49 PM webapp.storage.AbstractStorage save
INFO: &amp#27;[32mSave 19b07b87-14f8-42bb-aa91-b0dc1cef51d9(uuid7130)
сент. 19, 2025 6:42:49 PM webapp.storage.AbstractStorage save
INFO: &amp#27;[32mSave 0ecb4dac-b541-4dd8-bf84-4ba20a7e25bf(uuid7131)
сент. 19, 2025 6:42:49 PM webapp.storage.AbstractStorage save
INFO: &amp#27;[32mSave 735fce93-811b-4798-9335-f980eb9da56d(uuid7132)
сент. 19, 2025 6:42:49 PM webapp.storage.AbstractStorage save
INFO: &amp#27;[32mSave 713ef3ae-5684-476d-a3bf-1f0ed1709d80(uuid7133)
сент. 19, 2025 6:42:49 PM webapp.storage.AbstractStorage save
INFO: &amp#27;[32mSave c3cce76c-3d96-4459-a067-abcc7c949ece(uuid7134)
сент. 19, 2025 6:42:49 PM webapp.storage.AbstractStorage save
INFO: &amp#27;[32mSave 4cd2e8c0-e5c0-46f3-b27f-d7d01e67d66e(uuid7135)
сент. 19, 2025 6:42:49 PM webapp.storage.AbstractStorage save
INFO: &amp#27;[32mSave c5e346ea-c6bf-4ee1-b398-697e6016f43d(uuid7136)
сент. 19, 2025 6:42:49 PM webapp.storage.AbstractStorage save
INFO: &amp#27;[32mSave 7a3c3e46-f617-4825-8392-a44296242d13(uuid7137)
сент. 19, 2025 6:42:49 PM webapp.storage.AbstractStorage save
INFO: &amp#27;[32mSave 9a51e8da-ea38-4abf-aa7f-2e73fe7b637b(uuid7138)
сент. 19, 2025 6:42:49 PM webapp.storage.AbstractStorage save
INFO: &amp#27;[32mSave 827b2821-a519-427e-9092-f23c18be8425(uuid7139)
сент. 19, 2025 6:42:49 PM webapp.storage.AbstractStorage save
INFO: &amp#27;[32mSave 1d9523ba-74e1-4ec6-be76-7e0b2a6535c2(uuid7140)
сент. 19, 2025 6:42:49 PM webapp.storage.AbstractStorage save
INFO: &amp#27;[32mSave b5ee0562-0ff1-45c9-80f4-9b7d2ca14ae9(uuid7141)
сент. 19, 2025 6:42:49 PM webapp.storage.AbstractStorage save
INFO: &amp#27;[32mSave f61965cf-1e78-45b0-b84b-b9b6753a13e6(uuid7142)
сент. 19, 2025 6:42:49 PM webapp.storage.AbstractStorage save
INFO: &amp#27;[32mSave 9675fa7d-c6af-44f4-80c4-17d56ca495ff(uuid7143)
сент. 19, 2025 6:42:49 PM webapp.storage.AbstractStorage save
INFO: &amp#27;[32mSave 52181bcf-102c-4a5b-a8bc-1c85a4b1a414(uuid7144)
сент. 19, 2025 6:42:49 PM webapp.storage.AbstractStorage save
INFO: &amp#27;[32mSave 1185d5b5-f0b1-47f4-a1f0-98197d87bf49(uuid7145)
сент. 19, 2025 6:42:49 PM webapp.storage.AbstractStorage save
INFO: &amp#27;[32mSave eae1fd97-bfc3-422d-b9b8-30e57ed9d27f(uuid7146)
сент. 19, 2025 6:42:49 PM webapp.storage.AbstractStorage save
INFO: &amp#27;[32mSave 18b008e5-6af6-48e7-842c-cb9f43f6c6be(uuid7147)
сент. 19, 2025 6:42:49 PM webapp.storage.AbstractStorage save
INFO: &amp#27;[32mSave df709ff3-d79c-409d-970f-9f66a912c684(uuid7148)
сент. 19, 2025 6:42:49 PM webapp.storage.AbstractStorage save
INFO: &amp#27;[32mSave aa37a8ce-d392-4a51-b83b-2ae947c751be(uuid7149)
сент. 19, 2025 6:42:49 PM webapp.storage.AbstractStorage save
INFO: &amp#27;[32mSave f40d2d35-3892-4ace-a83e-d2de5f02a4eb(uuid7150)
сент. 19, 2025 6:42:49 PM webapp.storage.AbstractStorage save
INFO: &amp#27;[32mSave 5efbe6c5-4884-436d-acfa-f07fbfb0ee3a(uuid7151)
сент. 19, 2025 6:42:49 PM webapp.storage.AbstractStorage save
INFO: &amp#27;[32mSave 494b0fde-7c16-4c8c-b889-c54035ca035d(uuid7152)
сент. 19, 2025 6:42:49 PM webapp.storage.AbstractStorage save
INFO: &amp#27;[32mSave 3c16a0a6-1065-4fe3-b389-0c07914523b2(uuid7153)
сент. 19, 2025 6:42:49 PM webapp.storage.AbstractStorage save
INFO: &amp#27;[32mSave cce8976d-c7e4-40fc-a7cf-766f822fa609(uuid7154)
сент. 19, 2025 6:42:49 PM webapp.storage.AbstractStorage save
INFO: &amp#27;[32mSave 87937d70-6be5-42fb-ac64-6f8bcdbef70d(uuid7155)
сент. 19, 2025 6:42:49 PM webapp.storage.AbstractStorage save
INFO: &amp#27;[32mSave f9fc589b-9358-4362-8c9e-5ff5df94e61e(uuid7156)
сент. 19, 2025 6:42:49 PM webapp.storage.AbstractStorage save
INFO: &amp#27;[32mSave aabba0fb-c4ac-4074-8d0d-4c9f6834df9b(uuid7157)
сент. 19, 2025 6:42:49 PM webapp.storage.AbstractStorage save
INFO: &amp#27;[32mSave d1dce02e-e557-42f9-a931-97a258ff924f(uuid7158)
сент. 19, 2025 6:42:49 PM webapp.storage.AbstractStorage save
INFO: &amp#27;[32mSave 97b3f6bd-8427-4051-b492-c289afa3c1e3(uuid7159)
сент. 19, 2025 6:42:49 PM webapp.storage.AbstractStorage save
INFO: &amp#27;[32mSave 437f139c-3d66-4908-ae3e-88167dc3ce49(uuid7160)
сент. 19, 2025 6:42:49 PM webapp.storage.AbstractStorage save
INFO: &amp#27;[32mSave cd5a7002-f31d-4515-84c2-4d63b18f0f48(uuid7161)
сент. 19, 2025 6:42:49 PM webapp.storage.AbstractStorage save
INFO: &amp#27;[32mSave 920f4382-d59e-4756-a11d-799945e27363(uuid7162)
сент. 19, 2025 6:42:49 PM webapp.storage.AbstractStorage save
INFO: &amp#27;[32mSave bc0954a0-b8b2-4289-89e8-180b433d83a3(uuid7163)
сент. 19, 2025 6:42:49 PM webapp.storage.AbstractStorage save
INFO: &amp#27;[32mSave d506ccaa-3c07-4f31-bbbc-58a0760e0961(uuid7164)
сент. 19, 2025 6:42:49 PM webapp.storage.AbstractStorage save
INFO: &amp#27;[32mSave f88fcbd6-79e5-4d4e-82d5-7c97b3430386(uuid7165)
сент. 19, 2025 6:42:49 PM webapp.storage.AbstractStorage save
INFO: &amp#27;[32mSave 1ec87220-b410-4c60-b32b-e5fffcfc65e3(uuid7166)
сент. 19, 2025 6:42:49 PM webapp.storage.AbstractStorage save
INFO: &amp#27;[32mSave bc0d60a3-ab5c-4d1a-8126-51e1d33bb528(uuid7167)
сент. 19, 2025 6:42:49 PM webapp.storage.AbstractStorage save
INFO: &amp#27;[32mSave ef0f898f-26e8-4f05-9e0f-2b04f2b31300(uuid7168)
сент. 19, 2025 6:42:49 PM webapp.storage.AbstractStorage save
INFO: &amp#27;[32mSave 19f18fc6-a6ab-4713-9678-0b399e9dc2db(uuid7169)
сент. 19, 2025 6:42:49 PM webapp.storage.AbstractStorage save
INFO: &amp#27;[32mSave 1f376979-f981-4d53-b705-98ba59fbc5bd(uuid7170)
сент. 19, 2025 6:42:49 PM webapp.storage.AbstractStorage save
INFO: &amp#27;[32mSave 07225ca5-99a1-4803-9451-e5ac7f195583(uuid7171)
сент. 19, 2025 6:42:49 PM webapp.storage.AbstractStorage save
INFO: &amp#27;[32mSave 344bf35a-8cff-4bd9-9810-9a8f14f1a278(uuid7172)
сент. 19, 2025 6:42:49 PM webapp.storage.AbstractStorage save
INFO: &amp#27;[32mSave b1b7aefc-a55d-456b-9a89-72c7426b3dd1(uuid7173)
сент. 19, 2025 6:42:49 PM webapp.storage.AbstractStorage save
INFO: &amp#27;[32mSave 7078aeb8-6d5f-4009-a872-a11152277f43(uuid7174)
сент. 19, 2025 6:42:49 PM webapp.storage.AbstractStorage save
INFO: &amp#27;[32mSave 2be0c2fc-0027-45ef-ba35-3a75148b7d76(uuid7175)
сент. 19, 2025 6:42:49 PM webapp.storage.AbstractStorage save
INFO: &amp#27;[32mSave e09dd88a-4b27-49b4-8417-d071d2858766(uuid7176)
сент. 19, 2025 6:42:49 PM webapp.storage.AbstractStorage save
INFO: &amp#27;[32mSave 1e896f42-aa84-4f10-a699-2ef357b24ea5(uuid7177)
сент. 19, 2025 6:42:49 PM webapp.storage.AbstractStorage save
INFO: &amp#27;[32mSave 0dbd0763-cc26-438d-b59f-555304a6e4e2(uuid7178)
сент. 19, 2025 6:42:49 PM webapp.storage.AbstractStorage save
INFO: &amp#27;[32mSave 027aa912-682a-4997-b11a-577e39ceb132(uuid7179)
сент. 19, 2025 6:42:49 PM webapp.storage.AbstractStorage save
INFO: &amp#27;[32mSave 37537a84-f1f1-4200-a0c5-b171ff615235(uuid7180)
сент. 19, 2025 6:42:49 PM webapp.storage.AbstractStorage save
INFO: &amp#27;[32mSave c1a25d7c-fc97-44bd-9dfd-c091a208db00(uuid7181)
сент. 19, 2025 6:42:49 PM webapp.storage.AbstractStorage save
INFO: &amp#27;[32mSave 0de2846a-647b-487e-8a9c-285cae7d6e39(uuid7182)
сент. 19, 2025 6:42:49 PM webapp.storage.AbstractStorage save
INFO: &amp#27;[32mSave 1e85f242-ef6e-418a-b399-d7286c81b468(uuid7183)
сент. 19, 2025 6:42:49 PM webapp.storage.AbstractStorage save
INFO: &amp#27;[32mSave 0b3ed1fc-eb1d-4de3-8d21-df7fe3e5d800(uuid7184)
сент. 19, 2025 6:42:49 PM webapp.storage.AbstractStorage save
INFO: &amp#27;[32mSave e7e3e5b2-d8ec-4c59-a4ed-9b5cfb01a643(uuid7185)
сент. 19, 2025 6:42:49 PM webapp.storage.AbstractStorage save
INFO: &amp#27;[32mSave b920cde5-19d1-48f2-9b69-8f00cb789e22(uuid7186)
сент. 19, 2025 6:42:49 PM webapp.storage.AbstractStorage save
INFO: &amp#27;[32mSave 4e820045-45d6-41d5-8d7d-36c6d0e030b6(uuid7187)
сент. 19, 2025 6:42:49 PM webapp.storage.AbstractStorage save
INFO: &amp#27;[32mSave 1499d923-d129-4cc0-9fc3-d1b78c25e5bd(uuid7188)
сент. 19, 2025 6:42:49 PM webapp.storage.AbstractStorage save
INFO: &amp#27;[32mSave bd851f3e-6f7b-4053-b314-d7850bedd192(uuid7189)
сент. 19, 2025 6:42:49 PM webapp.storage.AbstractStorage save
INFO: &amp#27;[32mSave 02165ea2-42cf-48b7-915a-120b8ebfcaea(uuid7190)
сент. 19, 2025 6:42:49 PM webapp.storage.AbstractStorage save
INFO: &amp#27;[32mSave a38f8afd-444d-4925-8bf7-bb0e95ac9ea9(uuid7191)
сент. 19, 2025 6:42:49 PM webapp.storage.AbstractStorage save
INFO: &amp#27;[32mSave 8a86f1f5-5587-4280-801a-aa7d31cb4159(uuid7192)
сент. 19, 2025 6:42:49 PM webapp.storage.AbstractStorage save
INFO: &amp#27;[32mSave e515c4cc-9444-4c06-877d-c6f839853730(uuid7193)
сент. 19, 2025 6:42:49 PM webapp.storage.AbstractStorage save
INFO: &amp#27;[32mSave 67769131-6182-4d5f-a1df-7bca2aa9ecc6(uuid7194)
сент. 19, 2025 6:42:49 PM webapp.storage.AbstractStorage save
INFO: &amp#27;[32mSave c980a11c-e260-4f2f-92c6-dd21f6b110a7(uuid7195)
сент. 19, 2025 6:42:49 PM webapp.storage.AbstractStorage save
INFO: &amp#27;[32mSave 8b56be75-727d-44fe-a854-fc081f3344ed(uuid7196)
сент. 19, 2025 6:42:49 PM webapp.storage.AbstractStorage save
INFO: &amp#27;[32mSave 36dfe5fc-ab8c-48e1-8834-b08f5405b604(uuid7197)
сент. 19, 2025 6:42:49 PM webapp.storage.AbstractStorage save
INFO: &amp#27;[32mSave 2228930d-e908-419a-a56e-2f187bee98ee(uuid7198)
сент. 19, 2025 6:42:49 PM webapp.storage.AbstractStorage save
INFO: &amp#27;[32mSave 41ec7412-d7b5-4162-ae72-c94fd66f6f5c(uuid7199)
сент. 19, 2025 6:42:49 PM webapp.storage.AbstractStorage save
INFO: &amp#27;[32mSave 03fc70af-832b-4ed8-98b0-1c281299cb82(uuid7200)
сент. 19, 2025 6:42:49 PM webapp.storage.AbstractStorage save
INFO: &amp#27;[32mSave 035c6d4d-2f3d-4cbf-93ec-1d4a83e3758a(uuid7201)
сент. 19, 2025 6:42:49 PM webapp.storage.AbstractStorage save
INFO: &amp#27;[32mSave 482a15c4-4031-4b22-8718-ec5be365c44e(uuid7202)
сент. 19, 2025 6:42:49 PM webapp.storage.AbstractStorage save
INFO: &amp#27;[32mSave 3dd729cc-7f6f-41e8-b984-7a874634e622(uuid7203)
сент. 19, 2025 6:42:49 PM webapp.storage.AbstractStorage save
INFO: &amp#27;[32mSave b7f26006-c3e3-4bc0-b413-7ceac5210ba2(uuid7204)
сент. 19, 2025 6:42:49 PM webapp.storage.AbstractStorage save
INFO: &amp#27;[32mSave 26775176-8264-48c8-94fc-9be8028efacc(uuid7205)
сент. 19, 2025 6:42:49 PM webapp.storage.AbstractStorage save
INFO: &amp#27;[32mSave caa80921-58a7-4fe8-b035-3b694de9e67f(uuid7206)
сент. 19, 2025 6:42:49 PM webapp.storage.AbstractStorage save
INFO: &amp#27;[32mSave 8ba70fb9-81f0-4dbf-a7f7-45c6f2bd5bb8(uuid7207)
сент. 19, 2025 6:42:49 PM webapp.storage.AbstractStorage save
INFO: &amp#27;[32mSave 47876d8c-105a-44dd-854f-93d2c568584b(uuid7208)
сент. 19, 2025 6:42:49 PM webapp.storage.AbstractStorage save
INFO: &amp#27;[32mSave b31de593-ee56-44d6-bf71-b6ed3a3655dd(uuid7209)
сент. 19, 2025 6:42:49 PM webapp.storage.AbstractStorage save
INFO: &amp#27;[32mSave b9046b58-b3fd-4166-8ecf-beaf8ec9f362(uuid7210)
сент. 19, 2025 6:42:49 PM webapp.storage.AbstractStorage save
INFO: &amp#27;[32mSave 636e66f3-11c2-482d-9d5e-4f7edf3a5180(uuid7211)
сент. 19, 2025 6:42:49 PM webapp.storage.AbstractStorage save
INFO: &amp#27;[32mSave db16d8bd-9c1e-49d3-a82c-437a56f07057(uuid7212)
сент. 19, 2025 6:42:49 PM webapp.storage.AbstractStorage save
INFO: &amp#27;[32mSave c3630d24-6ae5-4e18-acdd-d9e942a5ea26(uuid7213)
сент. 19, 2025 6:42:49 PM webapp.storage.AbstractStorage save
INFO: &amp#27;[32mSave b89b63b4-0518-4326-bf7c-f675b5461912(uuid7214)
сент. 19, 2025 6:42:49 PM webapp.storage.AbstractStorage save
INFO: &amp#27;[32mSave 17de4da0-5582-42a0-93f8-af59a9f6c3fa(uuid7215)
сент. 19, 2025 6:42:49 PM webapp.storage.AbstractStorage save
INFO: &amp#27;[32mSave ed81eb15-6748-4a82-9e0f-25114f482dab(uuid7216)
сент. 19, 2025 6:42:49 PM webapp.storage.AbstractStorage save
INFO: &amp#27;[32mSave fe144c5c-b57a-48ae-b52a-3460964acc03(uuid7217)
сент. 19, 2025 6:42:49 PM webapp.storage.AbstractStorage save
INFO: &amp#27;[32mSave b975402c-793e-4b45-b148-e7c1f5c9f79c(uuid7218)
сент. 19, 2025 6:42:49 PM webapp.storage.AbstractStorage save
INFO: &amp#27;[32mSave ba1b4ede-f978-4a02-b403-b2d1c1d9bb1c(uuid7219)
сент. 19, 2025 6:42:49 PM webapp.storage.AbstractStorage save
INFO: &amp#27;[32mSave e3a6236b-a7e8-42b9-b21f-e5edb987e2a5(uuid7220)
сент. 19, 2025 6:42:49 PM webapp.storage.AbstractStorage save
INFO: &amp#27;[32mSave 3e33fe83-66fc-48aa-bac6-3e23bec7320c(uuid7221)
сент. 19, 2025 6:42:49 PM webapp.storage.AbstractStorage save
INFO: &amp#27;[32mSave 1389a364-aeee-496d-8608-a1907ab6e518(uuid7222)
сент. 19, 2025 6:42:49 PM webapp.storage.AbstractStorage save
INFO: &amp#27;[32mSave b38ba43f-1519-4bcb-8a0b-c7e755f51f23(uuid7223)
сент. 19, 2025 6:42:49 PM webapp.storage.AbstractStorage save
INFO: &amp#27;[32mSave a19c3b1c-c719-4ebd-9907-60de1bd8002f(uuid7224)
сент. 19, 2025 6:42:49 PM webapp.storage.AbstractStorage save
INFO: &amp#27;[32mSave cdba19e5-a5e3-4796-b25f-d03edd6129be(uuid7225)
сент. 19, 2025 6:42:49 PM webapp.storage.AbstractStorage save
INFO: &amp#27;[32mSave a32587eb-6489-46ef-8c59-02943ad07e05(uuid7226)
сент. 19, 2025 6:42:49 PM webapp.storage.AbstractStorage save
INFO: &amp#27;[32mSave 1ac3c3d8-3189-4be5-8d0a-084c22ccb2c8(uuid7227)
сент. 19, 2025 6:42:49 PM webapp.storage.AbstractStorage save
INFO: &amp#27;[32mSave fb86b459-a996-4996-83b4-d743404f481b(uuid7228)
сент. 19, 2025 6:42:49 PM webapp.storage.AbstractStorage save
INFO: &amp#27;[32mSave 7de1963e-cd2a-4ef2-9886-6e89cccc6ded(uuid7229)
сент. 19, 2025 6:42:49 PM webapp.storage.AbstractStorage save
INFO: &amp#27;[32mSave 18a10e87-c1f6-4b73-b41a-531d0ee88b5c(uuid7230)
сент. 19, 2025 6:42:49 PM webapp.storage.AbstractStorage save
INFO: &amp#27;[32mSave 45eb49ab-3241-4ae7-866a-a6b916ea3135(uuid7231)
сент. 19, 2025 6:42:49 PM webapp.storage.AbstractStorage save
INFO: &amp#27;[32mSave b505279b-c0be-438c-94d4-53704bbcd1f6(uuid7232)
сент. 19, 2025 6:42:49 PM webapp.storage.AbstractStorage save
INFO: &amp#27;[32mSave c4aabb64-57e7-4a7a-975e-b83da509f26e(uuid7233)
сент. 19, 2025 6:42:49 PM webapp.storage.AbstractStorage save
INFO: &amp#27;[32mSave 5f3df548-1802-4766-9f5b-5e7e50554a84(uuid7234)
сент. 19, 2025 6:42:49 PM webapp.storage.AbstractStorage save
INFO: &amp#27;[32mSave 77c43ce0-338a-40ab-ac37-7ee53ce7244c(uuid7235)
сент. 19, 2025 6:42:49 PM webapp.storage.AbstractStorage save
INFO: &amp#27;[32mSave 80ee2b52-46e6-431c-9853-fdbf3bd64df2(uuid7236)
сент. 19, 2025 6:42:49 PM webapp.storage.AbstractStorage save
INFO: &amp#27;[32mSave 30c2453e-53c5-40aa-9491-e9bb0491ae01(uuid7237)
сент. 19, 2025 6:42:49 PM webapp.storage.AbstractStorage save
INFO: &amp#27;[32mSave 70017218-a1b9-485c-9a09-e69d9a045510(uuid7238)
сент. 19, 2025 6:42:49 PM webapp.storage.AbstractStorage save
INFO: &amp#27;[32mSave fe48c218-0814-4306-9a9b-f226d652995a(uuid7239)
сент. 19, 2025 6:42:49 PM webapp.storage.AbstractStorage save
INFO: &amp#27;[32mSave ce83cabd-bf57-45bc-b1dc-1f46785d063b(uuid7240)
сент. 19, 2025 6:42:49 PM webapp.storage.AbstractStorage save
INFO: &amp#27;[32mSave 70107f2b-c5ec-4cc7-a6a0-5335b068c52b(uuid7241)
сент. 19, 2025 6:42:49 PM webapp.storage.AbstractStorage save
INFO: &amp#27;[32mSave 76134385-3d15-4f7d-9f77-6a077066ba2f(uuid7242)
сент. 19, 2025 6:42:49 PM webapp.storage.AbstractStorage save
INFO: &amp#27;[32mSave b5a6168b-fc68-463e-91d6-e8b2b67d1485(uuid7243)
сент. 19, 2025 6:42:49 PM webapp.storage.AbstractStorage save
INFO: &amp#27;[32mSave 36dcba13-0e21-4839-aff6-ace690dd0c71(uuid7244)
сент. 19, 2025 6:42:49 PM webapp.storage.AbstractStorage save
INFO: &amp#27;[32mSave b5c9b6f3-a215-47fb-ae7d-68ed21b572f9(uuid7245)
сент. 19, 2025 6:42:49 PM webapp.storage.AbstractStorage save
INFO: &amp#27;[32mSave 6427c638-1ded-4d67-a48a-f6ed2d699be9(uuid7246)
сент. 19, 2025 6:42:49 PM webapp.storage.AbstractStorage save
INFO: &amp#27;[32mSave bc04f8ab-56cf-468f-b3fb-9d19c2ec4100(uuid7247)
сент. 19, 2025 6:42:49 PM webapp.storage.AbstractStorage save
INFO: &amp#27;[32mSave 022d106f-86e5-4104-9d09-83bf18d2f292(uuid7248)
сент. 19, 2025 6:42:49 PM webapp.storage.AbstractStorage save
INFO: &amp#27;[32mSave 6efa881f-738b-489c-9938-672b976b6117(uuid7249)
сент. 19, 2025 6:42:49 PM webapp.storage.AbstractStorage save
INFO: &amp#27;[32mSave 9f8a5cbf-e827-494d-b73c-a3df237d6778(uuid7250)
сент. 19, 2025 6:42:49 PM webapp.storage.AbstractStorage save
INFO: &amp#27;[32mSave 8a4bbae2-d4f1-45c2-8ea6-2394482b4148(uuid7251)
сент. 19, 2025 6:42:49 PM webapp.storage.AbstractStorage save
INFO: &amp#27;[32mSave 59feda56-6621-4991-9d7b-08bbd733388f(uuid7252)
сент. 19, 2025 6:42:49 PM webapp.storage.AbstractStorage save
INFO: &amp#27;[32mSave ec51fcfb-6d25-4467-a815-1fb9f742b34f(uuid7253)
сент. 19, 2025 6:42:49 PM webapp.storage.AbstractStorage save
INFO: &amp#27;[32mSave e5c65e55-760b-42a8-b159-75f376908317(uuid7254)
сент. 19, 2025 6:42:49 PM webapp.storage.AbstractStorage save
INFO: &amp#27;[32mSave 1c70ec06-fed1-4549-ae17-a98812cd9cd8(uuid7255)
сент. 19, 2025 6:42:49 PM webapp.storage.AbstractStorage save
INFO: &amp#27;[32mSave c2e8053e-b26e-4625-a31d-b116a9122d50(uuid7256)
сент. 19, 2025 6:42:49 PM webapp.storage.AbstractStorage save
INFO: &amp#27;[32mSave 489991c9-cf35-4001-9eed-b915541830e0(uuid7257)
сент. 19, 2025 6:42:49 PM webapp.storage.AbstractStorage save
INFO: &amp#27;[32mSave 6ffddb87-acba-4f0c-b15d-671783b45e0d(uuid7258)
сент. 19, 2025 6:42:49 PM webapp.storage.AbstractStorage save
INFO: &amp#27;[32mSave 6b9deab6-3859-42d0-83ff-7df405a7cd20(uuid7259)
сент. 19, 2025 6:42:49 PM webapp.storage.AbstractStorage save
INFO: &amp#27;[32mSave 664251b4-c951-48c3-b953-2a259f3c87db(uuid7260)
сент. 19, 2025 6:42:49 PM webapp.storage.AbstractStorage save
INFO: &amp#27;[32mSave 90372c9a-66b8-4825-851e-0ecf6491dfcf(uuid7261)
сент. 19, 2025 6:42:49 PM webapp.storage.AbstractStorage save
INFO: &amp#27;[32mSave 7f384c16-d7eb-4ef4-a843-14a0790aad72(uuid7262)
сент. 19, 2025 6:42:49 PM webapp.storage.AbstractStorage save
INFO: &amp#27;[32mSave caed061b-63fb-4f87-a83f-fa722f06fc44(uuid7263)
сент. 19, 2025 6:42:49 PM webapp.storage.AbstractStorage save
INFO: &amp#27;[32mSave db65cf89-804e-487e-916b-b5b2a5fcff44(uuid7264)
сент. 19, 2025 6:42:49 PM webapp.storage.AbstractStorage save
INFO: &amp#27;[32mSave dc5c157a-c4e4-4a33-a7b9-30c4047e24ca(uuid7265)
сент. 19, 2025 6:42:49 PM webapp.storage.AbstractStorage save
INFO: &amp#27;[32mSave 820f3bb8-bfdc-482d-9dba-13ac5e0e16ba(uuid7266)
сент. 19, 2025 6:42:49 PM webapp.storage.AbstractStorage save
INFO: &amp#27;[32mSave 35d0d2cb-5651-4c4a-9fe4-a1b1a86346bb(uuid7267)
сент. 19, 2025 6:42:49 PM webapp.storage.AbstractStorage save
INFO: &amp#27;[32mSave 636b3d59-f380-4854-acef-2b73add75bc2(uuid7268)
сент. 19, 2025 6:42:49 PM webapp.storage.AbstractStorage save
INFO: &amp#27;[32mSave ef1fbe12-f2b9-4b56-81a6-c44dc50ffe6b(uuid7269)
сент. 19, 2025 6:42:49 PM webapp.storage.AbstractStorage save
INFO: &amp#27;[32mSave b357e4f4-9c2e-4d64-99ec-4b9aa9554bc1(uuid7270)
сент. 19, 2025 6:42:49 PM webapp.storage.AbstractStorage save
INFO: &amp#27;[32mSave e803b1bb-0470-41b8-9b10-b83cfb376602(uuid7271)
сент. 19, 2025 6:42:49 PM webapp.storage.AbstractStorage save
INFO: &amp#27;[32mSave 5d2d6d53-7984-4b6d-8544-91cd2295f67f(uuid7272)
сент. 19, 2025 6:42:49 PM webapp.storage.AbstractStorage save
INFO: &amp#27;[32mSave 4a6d84f9-f613-4fa1-bfcd-ffcd83b3d1d3(uuid7273)
сент. 19, 2025 6:42:49 PM webapp.storage.AbstractStorage save
INFO: &amp#27;[32mSave e26ba612-9749-436c-be86-9d9e5d79b23b(uuid7274)
сент. 19, 2025 6:42:49 PM webapp.storage.AbstractStorage save
INFO: &amp#27;[32mSave 802c00ef-6d27-472f-b4ae-011f0938b6d0(uuid7275)
сент. 19, 2025 6:42:49 PM webapp.storage.AbstractStorage save
INFO: &amp#27;[32mSave 2edad934-4cc7-4239-916b-fb78b558fa90(uuid7276)
сент. 19, 2025 6:42:49 PM webapp.storage.AbstractStorage save
INFO: &amp#27;[32mSave 3eada544-315e-4ab6-9f7e-28d3415167c4(uuid7277)
сент. 19, 2025 6:42:49 PM webapp.storage.AbstractStorage save
INFO: &amp#27;[32mSave 6e7fdbc6-26a9-44ab-a580-90f18b6fe518(uuid7278)
сент. 19, 2025 6:42:49 PM webapp.storage.AbstractStorage save
INFO: &amp#27;[32mSave dad30659-4966-410b-8793-f34d223552e8(uuid7279)
сент. 19, 2025 6:42:49 PM webapp.storage.AbstractStorage save
INFO: &amp#27;[32mSave 65f9b6d8-a477-4aa3-a288-21a9db9d1f86(uuid7280)
сент. 19, 2025 6:42:49 PM webapp.storage.AbstractStorage save
INFO: &amp#27;[32mSave b0c8cee2-a90d-4462-902d-c77a5c50ac83(uuid7281)
сент. 19, 2025 6:42:49 PM webapp.storage.AbstractStorage save
INFO: &amp#27;[32mSave 4e01867a-4d53-453c-8c2e-9e5f69a48053(uuid7282)
сент. 19, 2025 6:42:49 PM webapp.storage.AbstractStorage save
INFO: &amp#27;[32mSave 927036e9-7a31-4a45-9d80-3611681c2351(uuid7283)
сент. 19, 2025 6:42:49 PM webapp.storage.AbstractStorage save
INFO: &amp#27;[32mSave faca0f0b-bf6c-499f-afaa-f8aa981f7963(uuid7284)
сент. 19, 2025 6:42:49 PM webapp.storage.AbstractStorage save
INFO: &amp#27;[32mSave 3cb3dff3-a803-4520-bbd3-798e2efad93a(uuid7285)
сент. 19, 2025 6:42:49 PM webapp.storage.AbstractStorage save
INFO: &amp#27;[32mSave 04098fef-e719-4855-8604-e46eec693a06(uuid7286)
сент. 19, 2025 6:42:49 PM webapp.storage.AbstractStorage save
INFO: &amp#27;[32mSave c87fe97c-7685-4661-b7a1-5f538883f8e1(uuid7287)
сент. 19, 2025 6:42:49 PM webapp.storage.AbstractStorage save
INFO: &amp#27;[32mSave 494fb7ab-710f-43af-8922-720077b03110(uuid7288)
сент. 19, 2025 6:42:49 PM webapp.storage.AbstractStorage save
INFO: &amp#27;[32mSave 2e32ef28-2f3a-41cd-b949-87f1fa59082f(uuid7289)
сент. 19, 2025 6:42:49 PM webapp.storage.AbstractStorage save
INFO: &amp#27;[32mSave 22d09c82-2a12-40d1-a287-c6a07ab3c60f(uuid7290)
сент. 19, 2025 6:42:49 PM webapp.storage.AbstractStorage save
INFO: &amp#27;[32mSave b3293fc5-16b0-4b42-b54b-b536e3bfaa10(uuid7291)
сент. 19, 2025 6:42:49 PM webapp.storage.AbstractStorage save
INFO: &amp#27;[32mSave b3ce5b3c-12a6-4e21-8d13-5d51e1144d40(uuid7292)
сент. 19, 2025 6:42:49 PM webapp.storage.AbstractStorage save
INFO: &amp#27;[32mSave 681fbf4e-6d25-4d95-a4c2-5ed148ae079c(uuid7293)
сент. 19, 2025 6:42:49 PM webapp.storage.AbstractStorage save
INFO: &amp#27;[32mSave 2cec295e-932c-4baf-9b17-3aaa6d871ee8(uuid7294)
сент. 19, 2025 6:42:49 PM webapp.storage.AbstractStorage save
INFO: &amp#27;[32mSave e4c100d3-21d6-453d-93bb-1f578e827310(uuid7295)
сент. 19, 2025 6:42:49 PM webapp.storage.AbstractStorage save
INFO: &amp#27;[32mSave 05a094fa-9a60-46a4-b0b5-17223f44dc8c(uuid7296)
сент. 19, 2025 6:42:49 PM webapp.storage.AbstractStorage save
INFO: &amp#27;[32mSave 9304279b-df57-42ac-81be-aab2288fc630(uuid7297)
сент. 19, 2025 6:42:49 PM webapp.storage.AbstractStorage save
INFO: &amp#27;[32mSave cf2b7584-6ca4-400c-9fc8-1309f58ce0d1(uuid7298)
сент. 19, 2025 6:42:49 PM webapp.storage.AbstractStorage save
INFO: &amp#27;[32mSave 5744cf84-16d4-406b-9cf8-6d07a369f828(uuid7299)
сент. 19, 2025 6:42:49 PM webapp.storage.AbstractStorage save
INFO: &amp#27;[32mSave fc163c58-8b78-43bf-83ba-ee9b20477586(uuid7300)
сент. 19, 2025 6:42:49 PM webapp.storage.AbstractStorage save
INFO: &amp#27;[32mSave 1eb35766-d175-4edf-96fb-88a3285b4a3f(uuid7301)
сент. 19, 2025 6:42:49 PM webapp.storage.AbstractStorage save
INFO: &amp#27;[32mSave cb1c5a96-0154-46b0-9b1a-a998e21e19bf(uuid7302)
сент. 19, 2025 6:42:49 PM webapp.storage.AbstractStorage save
INFO: &amp#27;[32mSave e45f7ac3-27cb-4ac4-ae97-817a4ef83077(uuid7303)
сент. 19, 2025 6:42:49 PM webapp.storage.AbstractStorage save
INFO: &amp#27;[32mSave 6d65ccc0-84c2-4b3f-9be1-9a2af0ce54c9(uuid7304)
сент. 19, 2025 6:42:49 PM webapp.storage.AbstractStorage save
INFO: &amp#27;[32mSave ffb74965-e44f-408c-89e8-2db9918081e0(uuid7305)
сент. 19, 2025 6:42:49 PM webapp.storage.AbstractStorage save
INFO: &amp#27;[32mSave eb71cb06-d18e-4000-9edf-d4e1a7cd75a5(uuid7306)
сент. 19, 2025 6:42:49 PM webapp.storage.AbstractStorage save
INFO: &amp#27;[32mSave 5586a30d-baf4-41a8-a176-1174a57511dc(uuid7307)
сент. 19, 2025 6:42:49 PM webapp.storage.AbstractStorage save
INFO: &amp#27;[32mSave 962edd8f-a7ef-41aa-8225-86bc0c68c7af(uuid7308)
сент. 19, 2025 6:42:49 PM webapp.storage.AbstractStorage save
INFO: &amp#27;[32mSave 3e8ab12a-1907-4140-ac44-58a1bcca6a48(uuid7309)
сент. 19, 2025 6:42:49 PM webapp.storage.AbstractStorage save
INFO: &amp#27;[32mSave fa830e42-c35e-49a4-81ba-daf6603b94bc(uuid7310)
сент. 19, 2025 6:42:49 PM webapp.storage.AbstractStorage save
INFO: &amp#27;[32mSave ac2ea496-787d-4d54-90fd-3d9a64a6e7fb(uuid7311)
сент. 19, 2025 6:42:49 PM webapp.storage.AbstractStorage save
INFO: &amp#27;[32mSave ddb70e7b-80ce-40fb-b5fc-ec72e0511a55(uuid7312)
сент. 19, 2025 6:42:49 PM webapp.storage.AbstractStorage save
INFO: &amp#27;[32mSave 5ab2c1c1-79fd-4136-a818-96c1c788309c(uuid7313)
сент. 19, 2025 6:42:49 PM webapp.storage.AbstractStorage save
INFO: &amp#27;[32mSave 9e5d992d-b956-4ca9-9f6f-9a5199db5de7(uuid7314)
сент. 19, 2025 6:42:49 PM webapp.storage.AbstractStorage save
INFO: &amp#27;[32mSave 047b384d-9177-4d53-8229-2620d6c9212f(uuid7315)
сент. 19, 2025 6:42:49 PM webapp.storage.AbstractStorage save
INFO: &amp#27;[32mSave dfe4e0b2-4c03-438f-81fd-f04ffd649965(uuid7316)
сент. 19, 2025 6:42:49 PM webapp.storage.AbstractStorage save
INFO: &amp#27;[32mSave 2bc94a22-edab-4a9a-93b0-92e0fd7d30aa(uuid7317)
сент. 19, 2025 6:42:49 PM webapp.storage.AbstractStorage save
INFO: &amp#27;[32mSave f8ccb134-3230-400e-a2cb-0ada4bb0902e(uuid7318)
сент. 19, 2025 6:42:49 PM webapp.storage.AbstractStorage save
INFO: &amp#27;[32mSave 7a55189e-1023-4ba9-854c-f73a3cbaad0c(uuid7319)
сент. 19, 2025 6:42:49 PM webapp.storage.AbstractStorage save
INFO: &amp#27;[32mSave 099802b6-0862-4142-b0df-bf4dc6723bd7(uuid7320)
сент. 19, 2025 6:42:49 PM webapp.storage.AbstractStorage save
INFO: &amp#27;[32mSave b64080b9-f09c-4e2e-9465-e6c118b38410(uuid7321)
сент. 19, 2025 6:42:49 PM webapp.storage.AbstractStorage save
INFO: &amp#27;[32mSave b2bbef88-12b0-40eb-b8dd-31030e4b793a(uuid7322)
сент. 19, 2025 6:42:49 PM webapp.storage.AbstractStorage save
INFO: &amp#27;[32mSave 4fb58136-ed68-4900-a8ef-6a17d296675d(uuid7323)
сент. 19, 2025 6:42:49 PM webapp.storage.AbstractStorage save
INFO: &amp#27;[32mSave 33fda01d-4514-428d-8ad6-e178888b26d3(uuid7324)
сент. 19, 2025 6:42:49 PM webapp.storage.AbstractStorage save
INFO: &amp#27;[32mSave 55e122de-7439-4ff5-8613-f096a0b27f04(uuid7325)
сент. 19, 2025 6:42:49 PM webapp.storage.AbstractStorage save
INFO: &amp#27;[32mSave cdfa7586-bf62-4eeb-bcf3-300e6e5b21ed(uuid7326)
сент. 19, 2025 6:42:49 PM webapp.storage.AbstractStorage save
INFO: &amp#27;[32mSave 0547eb0c-471a-4646-935b-905b65d9b3af(uuid7327)
сент. 19, 2025 6:42:49 PM webapp.storage.AbstractStorage save
INFO: &amp#27;[32mSave a60bf268-606f-469f-9cfe-1af2a3668972(uuid7328)
сент. 19, 2025 6:42:49 PM webapp.storage.AbstractStorage save
INFO: &amp#27;[32mSave 090ac092-ba23-4975-9cbd-7f9cde790892(uuid7329)
сент. 19, 2025 6:42:49 PM webapp.storage.AbstractStorage save
INFO: &amp#27;[32mSave 84232e08-4715-4a3a-9e72-b8a77f3107c0(uuid7330)
сент. 19, 2025 6:42:49 PM webapp.storage.AbstractStorage save
INFO: &amp#27;[32mSave 3a435a45-1189-4ee7-b7b4-0d92dc532dab(uuid7331)
сент. 19, 2025 6:42:49 PM webapp.storage.AbstractStorage save
INFO: &amp#27;[32mSave e14e2347-69f4-42a4-a8b2-af374a89e1c8(uuid7332)
сент. 19, 2025 6:42:49 PM webapp.storage.AbstractStorage save
INFO: &amp#27;[32mSave dc3bb4ab-76cb-4006-9376-1e5c38ce4925(uuid7333)
сент. 19, 2025 6:42:49 PM webapp.storage.AbstractStorage save
INFO: &amp#27;[32mSave d3bb4466-a8ac-431b-9d5c-0734c3a89942(uuid7334)
сент. 19, 2025 6:42:49 PM webapp.storage.AbstractStorage save
INFO: &amp#27;[32mSave 7f3c11b2-df0e-4bd9-87f1-4a143216ebdd(uuid7335)
сент. 19, 2025 6:42:49 PM webapp.storage.AbstractStorage save
INFO: &amp#27;[32mSave 08200c45-3e99-495d-8d75-8ff66eb06e70(uuid7336)
сент. 19, 2025 6:42:49 PM webapp.storage.AbstractStorage save
INFO: &amp#27;[32mSave 209da3e5-e48d-41aa-bc77-0eca2ecbc1f2(uuid7337)
сент. 19, 2025 6:42:49 PM webapp.storage.AbstractStorage save
INFO: &amp#27;[32mSave 95c85fdd-ed7f-42cc-9d9b-d09edf519a39(uuid7338)
сент. 19, 2025 6:42:49 PM webapp.storage.AbstractStorage save
INFO: &amp#27;[32mSave 92cb5fe9-d7ab-4a8f-b277-8f7b1a0a6663(uuid7339)
сент. 19, 2025 6:42:49 PM webapp.storage.AbstractStorage save
INFO: &amp#27;[32mSave 4ea6b7c2-543b-4b2e-a7d4-fd32b11a5a77(uuid7340)
сент. 19, 2025 6:42:49 PM webapp.storage.AbstractStorage save
INFO: &amp#27;[32mSave 2a6999c1-bd7b-49a3-9a5a-bbf16037925f(uuid7341)
сент. 19, 2025 6:42:49 PM webapp.storage.AbstractStorage save
INFO: &amp#27;[32mSave 9b37a21b-728a-4701-b8cb-dd40f586ca37(uuid7342)
сент. 19, 2025 6:42:49 PM webapp.storage.AbstractStorage save
INFO: &amp#27;[32mSave d5e80db1-6dfd-4331-8995-28145368558f(uuid7343)
сент. 19, 2025 6:42:49 PM webapp.storage.AbstractStorage save
INFO: &amp#27;[32mSave 16e26967-de4b-4d8d-81c8-e619e7ca64aa(uuid7344)
сент. 19, 2025 6:42:49 PM webapp.storage.AbstractStorage save
INFO: &amp#27;[32mSave d69a70b1-4dcc-4eb8-8c50-a8d1ed1bcd17(uuid7345)
сент. 19, 2025 6:42:49 PM webapp.storage.AbstractStorage save
INFO: &amp#27;[32mSave 00b4ea3f-a6ed-4655-8a79-4b9cd2607512(uuid7346)
сент. 19, 2025 6:42:49 PM webapp.storage.AbstractStorage save
INFO: &amp#27;[32mSave 91f25378-2f16-4aff-88fd-22318be32f5b(uuid7347)
сент. 19, 2025 6:42:49 PM webapp.storage.AbstractStorage save
INFO: &amp#27;[32mSave 1c3adca1-5344-4616-99fc-8e33eab830e8(uuid7348)
сент. 19, 2025 6:42:49 PM webapp.storage.AbstractStorage save
INFO: &amp#27;[32mSave 421830d6-4a77-4e29-8223-fc48fb721d3e(uuid7349)
сент. 19, 2025 6:42:49 PM webapp.storage.AbstractStorage save
INFO: &amp#27;[32mSave d9d6fcfc-2f0a-446b-aa3f-3bc31a7dcffa(uuid7350)
сент. 19, 2025 6:42:49 PM webapp.storage.AbstractStorage save
INFO: &amp#27;[32mSave 6a99f40d-4269-42e6-a147-6461b2e3213c(uuid7351)
сент. 19, 2025 6:42:49 PM webapp.storage.AbstractStorage save
INFO: &amp#27;[32mSave 0c0ece99-0a92-4488-8fba-c21e4530ff4b(uuid7352)
сент. 19, 2025 6:42:49 PM webapp.storage.AbstractStorage save
INFO: &amp#27;[32mSave ce9b54d9-19bc-4e4b-8971-1305844d93a4(uuid7353)
сент. 19, 2025 6:42:49 PM webapp.storage.AbstractStorage save
INFO: &amp#27;[32mSave 6a84b63f-7c4b-43fd-8320-7410245eb6a4(uuid7354)
сент. 19, 2025 6:42:49 PM webapp.storage.AbstractStorage save
INFO: &amp#27;[32mSave 9c715abd-f78a-4847-af6e-5c3e94466b78(uuid7355)
сент. 19, 2025 6:42:49 PM webapp.storage.AbstractStorage save
INFO: &amp#27;[32mSave f8756dfc-2e82-415a-87fb-145aeb064d7c(uuid7356)
сент. 19, 2025 6:42:49 PM webapp.storage.AbstractStorage save
INFO: &amp#27;[32mSave 374a1b17-da8f-43f8-bf41-dd4836b7ff1f(uuid7357)
сент. 19, 2025 6:42:49 PM webapp.storage.AbstractStorage save
INFO: &amp#27;[32mSave 6d0b7d82-7b36-4430-9fc2-23008368565c(uuid7358)
сент. 19, 2025 6:42:49 PM webapp.storage.AbstractStorage save
INFO: &amp#27;[32mSave dc95e69d-b772-47e1-9ed1-38c7fda7f6a9(uuid7359)
сент. 19, 2025 6:42:49 PM webapp.storage.AbstractStorage save
INFO: &amp#27;[32mSave 862cde6a-1d6d-470c-9aeb-c4ff0b7122fd(uuid7360)
сент. 19, 2025 6:42:49 PM webapp.storage.AbstractStorage save
INFO: &amp#27;[32mSave 16c61fee-5d33-46a9-b46d-edf503c8f50a(uuid7361)
сент. 19, 2025 6:42:49 PM webapp.storage.AbstractStorage save
INFO: &amp#27;[32mSave a3d00f71-c56e-4f69-a054-064b03fb8ef7(uuid7362)
сент. 19, 2025 6:42:49 PM webapp.storage.AbstractStorage save
INFO: &amp#27;[32mSave 1d131134-b15e-4b60-8ffe-2b005eb1eb07(uuid7363)
сент. 19, 2025 6:42:49 PM webapp.storage.AbstractStorage save
INFO: &amp#27;[32mSave 52753a77-3b86-48ff-8d97-8fa6896b8767(uuid7364)
сент. 19, 2025 6:42:49 PM webapp.storage.AbstractStorage save
INFO: &amp#27;[32mSave 10646b14-c08e-4446-9ec2-f2f266b65cfb(uuid7365)
сент. 19, 2025 6:42:49 PM webapp.storage.AbstractStorage save
INFO: &amp#27;[32mSave fb6bea73-58ed-43a2-a2b9-97edea4b2cfe(uuid7366)
сент. 19, 2025 6:42:49 PM webapp.storage.AbstractStorage save
INFO: &amp#27;[32mSave edeafb3c-0bbd-445c-8f3b-4d1db52ae08d(uuid7367)
сент. 19, 2025 6:42:49 PM webapp.storage.AbstractStorage save
INFO: &amp#27;[32mSave dda6b8ed-5986-44f4-88f8-5d121c372ab9(uuid7368)
сент. 19, 2025 6:42:49 PM webapp.storage.AbstractStorage save
INFO: &amp#27;[32mSave 314329cb-5aac-4238-806b-36f16d3f5dcf(uuid7369)
сент. 19, 2025 6:42:49 PM webapp.storage.AbstractStorage save
INFO: &amp#27;[32mSave 0b1a8f41-2147-4106-8f7f-0d78214f714a(uuid7370)
сент. 19, 2025 6:42:49 PM webapp.storage.AbstractStorage save
INFO: &amp#27;[32mSave 29fb246c-6495-4008-8fbc-17d47dc6cd41(uuid7371)
сент. 19, 2025 6:42:49 PM webapp.storage.AbstractStorage save
INFO: &amp#27;[32mSave 13207ad5-4d7b-48ba-9a74-279f32d4a6da(uuid7372)
сент. 19, 2025 6:42:49 PM webapp.storage.AbstractStorage save
INFO: &amp#27;[32mSave 12694271-cf1a-408a-acfc-597ffa0c545a(uuid7373)
сент. 19, 2025 6:42:49 PM webapp.storage.AbstractStorage save
INFO: &amp#27;[32mSave 047d4b58-2619-46a7-a737-d274f698d640(uuid7374)
сент. 19, 2025 6:42:49 PM webapp.storage.AbstractStorage save
INFO: &amp#27;[32mSave 7a6bdcc1-74ee-47bd-96c1-c6474205e6ff(uuid7375)
сент. 19, 2025 6:42:49 PM webapp.storage.AbstractStorage save
INFO: &amp#27;[32mSave 333abd95-03ed-414c-bf61-066d7b50efef(uuid7376)
сент. 19, 2025 6:42:49 PM webapp.storage.AbstractStorage save
INFO: &amp#27;[32mSave f916792c-944c-4180-8e85-600030562dc6(uuid7377)
сент. 19, 2025 6:42:49 PM webapp.storage.AbstractStorage save
INFO: &amp#27;[32mSave f3f039f5-1291-4d49-b118-e05819495178(uuid7378)
сент. 19, 2025 6:42:49 PM webapp.storage.AbstractStorage save
INFO: &amp#27;[32mSave ae225151-47f9-47f9-b856-2b5df57af864(uuid7379)
сент. 19, 2025 6:42:49 PM webapp.storage.AbstractStorage save
INFO: &amp#27;[32mSave b67aac96-9a2b-4d4e-92d1-ab06724763db(uuid7380)
сент. 19, 2025 6:42:49 PM webapp.storage.AbstractStorage save
INFO: &amp#27;[32mSave ec902cc5-0516-487c-81c0-8f17fb256b7d(uuid7381)
сент. 19, 2025 6:42:49 PM webapp.storage.AbstractStorage save
INFO: &amp#27;[32mSave 9c16cd86-eccb-4b5c-a194-9f67b8e68d46(uuid7382)
сент. 19, 2025 6:42:49 PM webapp.storage.AbstractStorage save
INFO: &amp#27;[32mSave 96d4db42-f62b-4f8a-806a-e9b7b47be9f6(uuid7383)
сент. 19, 2025 6:42:49 PM webapp.storage.AbstractStorage save
INFO: &amp#27;[32mSave 0f326ada-6047-4ac0-add6-d9bdebd1d26f(uuid7384)
сент. 19, 2025 6:42:49 PM webapp.storage.AbstractStorage save
INFO: &amp#27;[32mSave 8612b54c-8457-4625-a8f9-1a18ec65646d(uuid7385)
сент. 19, 2025 6:42:49 PM webapp.storage.AbstractStorage save
INFO: &amp#27;[32mSave 9da804a5-faf2-4a23-88f2-f00b5eea5e7c(uuid7386)
сент. 19, 2025 6:42:49 PM webapp.storage.AbstractStorage save
INFO: &amp#27;[32mSave dffd0345-0bad-4c0b-b264-149dee615fe1(uuid7387)
сент. 19, 2025 6:42:49 PM webapp.storage.AbstractStorage save
INFO: &amp#27;[32mSave da3a4cf3-f060-428e-81fe-93c5dd914e9b(uuid7388)
сент. 19, 2025 6:42:49 PM webapp.storage.AbstractStorage save
INFO: &amp#27;[32mSave 8d6ff435-d51f-4183-93c4-d7bd7f9ae4a8(uuid7389)
сент. 19, 2025 6:42:49 PM webapp.storage.AbstractStorage save
INFO: &amp#27;[32mSave dafb7f40-4243-4c0f-b1fc-908aea7625e8(uuid7390)
сент. 19, 2025 6:42:49 PM webapp.storage.AbstractStorage save
INFO: &amp#27;[32mSave ab03e76e-d270-4e19-a8e3-ffec814f6b8d(uuid7391)
сент. 19, 2025 6:42:49 PM webapp.storage.AbstractStorage save
INFO: &amp#27;[32mSave 15b5f0ac-0c4e-4d83-8415-27875f42078a(uuid7392)
сент. 19, 2025 6:42:49 PM webapp.storage.AbstractStorage save
INFO: &amp#27;[32mSave 9f359dfa-1de3-4513-9485-1f299550be2c(uuid7393)
сент. 19, 2025 6:42:49 PM webapp.storage.AbstractStorage save
INFO: &amp#27;[32mSave 70afff58-5354-453a-bb43-606e977d035f(uuid7394)
сент. 19, 2025 6:42:49 PM webapp.storage.AbstractStorage save
INFO: &amp#27;[32mSave 27d42b5e-e3d8-40a7-81fe-87e6a0ceb213(uuid7395)
сент. 19, 2025 6:42:49 PM webapp.storage.AbstractStorage save
INFO: &amp#27;[32mSave 77602cb2-b08d-42a3-86c2-356f6469f922(uuid7396)
сент. 19, 2025 6:42:49 PM webapp.storage.AbstractStorage save
INFO: &amp#27;[32mSave 7b8d1d6c-687d-4992-bf5a-af9c0350bc4d(uuid7397)
сент. 19, 2025 6:42:49 PM webapp.storage.AbstractStorage save
INFO: &amp#27;[32mSave 3c8c30ae-3fc8-411b-845b-1b504e557f53(uuid7398)
сент. 19, 2025 6:42:49 PM webapp.storage.AbstractStorage save
INFO: &amp#27;[32mSave 1f2b14e8-74fc-464b-a475-42d69d932b39(uuid7399)
сент. 19, 2025 6:42:49 PM webapp.storage.AbstractStorage save
INFO: &amp#27;[32mSave d3776f4b-90e1-463c-ab02-2d37b6794c29(uuid7400)
сент. 19, 2025 6:42:49 PM webapp.storage.AbstractStorage save
INFO: &amp#27;[32mSave f2ae818e-4f80-4985-8764-b77ceae8c91e(uuid7401)
сент. 19, 2025 6:42:49 PM webapp.storage.AbstractStorage save
INFO: &amp#27;[32mSave 54114d47-c81d-4e96-919f-0e8bb5e7a97a(uuid7402)
сент. 19, 2025 6:42:49 PM webapp.storage.AbstractStorage save
INFO: &amp#27;[32mSave b78689f0-d19a-43ce-ad25-50a1d71d6198(uuid7403)
сент. 19, 2025 6:42:49 PM webapp.storage.AbstractStorage save
INFO: &amp#27;[32mSave 2493e793-2d0c-4985-84a9-a351d2c52f4b(uuid7404)
сент. 19, 2025 6:42:49 PM webapp.storage.AbstractStorage save
INFO: &amp#27;[32mSave 1f3a37ef-1847-405f-8c34-1f4e3b2f91e9(uuid7405)
сент. 19, 2025 6:42:49 PM webapp.storage.AbstractStorage save
INFO: &amp#27;[32mSave ed63ed83-ff39-4ca8-83e0-9e5ace2108d8(uuid7406)
сент. 19, 2025 6:42:49 PM webapp.storage.AbstractStorage save
INFO: &amp#27;[32mSave 8a142680-82cb-45db-bed7-d7caa3ee2688(uuid7407)
сент. 19, 2025 6:42:49 PM webapp.storage.AbstractStorage save
INFO: &amp#27;[32mSave 8ad39a1b-5ea6-4119-94a1-f58dc06d9f29(uuid7408)
сент. 19, 2025 6:42:49 PM webapp.storage.AbstractStorage save
INFO: &amp#27;[32mSave a8a0c48b-ceeb-4719-86d7-9c59e7d2fb1e(uuid7409)
сент. 19, 2025 6:42:49 PM webapp.storage.AbstractStorage save
INFO: &amp#27;[32mSave ec250f8d-85cb-46a9-9cfe-2ef9bc7a35f1(uuid7410)
сент. 19, 2025 6:42:49 PM webapp.storage.AbstractStorage save
INFO: &amp#27;[32mSave 470ea810-ee7b-4064-b1a6-d9e9a28f202c(uuid7411)
сент. 19, 2025 6:42:49 PM webapp.storage.AbstractStorage save
INFO: &amp#27;[32mSave 0a9edd10-d4dd-450c-b285-ccb064492d8d(uuid7412)
сент. 19, 2025 6:42:49 PM webapp.storage.AbstractStorage save
INFO: &amp#27;[32mSave d7735585-f14f-46af-af7d-2e0397634178(uuid7413)
сент. 19, 2025 6:42:49 PM webapp.storage.AbstractStorage save
INFO: &amp#27;[32mSave 412c7077-dc5c-460e-a8f2-cc8acc0ff1b1(uuid7414)
сент. 19, 2025 6:42:49 PM webapp.storage.AbstractStorage save
INFO: &amp#27;[32mSave 1aecbd49-6857-4145-924e-b3707abd508b(uuid7415)
сент. 19, 2025 6:42:49 PM webapp.storage.AbstractStorage save
INFO: &amp#27;[32mSave f400e685-76ca-4198-aaf9-a27e39d04118(uuid7416)
сент. 19, 2025 6:42:49 PM webapp.storage.AbstractStorage save
INFO: &amp#27;[32mSave 4ee9e737-a58f-4495-b68e-6877d2ebf15d(uuid7417)
сент. 19, 2025 6:42:49 PM webapp.storage.AbstractStorage save
INFO: &amp#27;[32mSave 6c59ccb7-0898-4a7a-8afc-b8b45e3b92b6(uuid7418)
сент. 19, 2025 6:42:49 PM webapp.storage.AbstractStorage save
INFO: &amp#27;[32mSave 3b8ae338-5d0c-44c0-abef-546ac1dfd30a(uuid7419)
сент. 19, 2025 6:42:49 PM webapp.storage.AbstractStorage save
INFO: &amp#27;[32mSave eca58827-4189-494d-bd18-a86385609f6c(uuid7420)
сент. 19, 2025 6:42:49 PM webapp.storage.AbstractStorage save
INFO: &amp#27;[32mSave e48c7bb1-fb4c-43d2-8e88-197d7bceab5a(uuid7421)
сент. 19, 2025 6:42:49 PM webapp.storage.AbstractStorage save
INFO: &amp#27;[32mSave eece14a8-103c-4c48-8e60-97f90709b40c(uuid7422)
сент. 19, 2025 6:42:49 PM webapp.storage.AbstractStorage save
INFO: &amp#27;[32mSave 33ccdda6-3415-4f1b-ad15-4d7b14eae698(uuid7423)
сент. 19, 2025 6:42:49 PM webapp.storage.AbstractStorage save
INFO: &amp#27;[32mSave 3d407e75-9933-43ca-9c7e-4e965a39e36b(uuid7424)
сент. 19, 2025 6:42:49 PM webapp.storage.AbstractStorage save
INFO: &amp#27;[32mSave 49d7b8ef-2e94-4078-ba25-b6c1cfb59545(uuid7425)
сент. 19, 2025 6:42:49 PM webapp.storage.AbstractStorage save
INFO: &amp#27;[32mSave 0d1a2495-eaa1-4112-ac4a-5e9fa702da66(uuid7426)
сент. 19, 2025 6:42:49 PM webapp.storage.AbstractStorage save
INFO: &amp#27;[32mSave 4746ace4-4fc4-4bfa-b495-1eac1224a811(uuid7427)
сент. 19, 2025 6:42:49 PM webapp.storage.AbstractStorage save
INFO: &amp#27;[32mSave d8d7b9b2-93b0-497d-b2f3-03eb484860ec(uuid7428)
сент. 19, 2025 6:42:49 PM webapp.storage.AbstractStorage save
INFO: &amp#27;[32mSave 0c5d933c-0248-4a4d-afea-ab2c7db089ad(uuid7429)
сент. 19, 2025 6:42:49 PM webapp.storage.AbstractStorage save
INFO: &amp#27;[32mSave dccbbfd2-25b9-4714-9119-5ac2ac7e29db(uuid7430)
сент. 19, 2025 6:42:49 PM webapp.storage.AbstractStorage save
INFO: &amp#27;[32mSave 2edcb622-f9ca-4544-b58f-6bad882801c4(uuid7431)
сент. 19, 2025 6:42:49 PM webapp.storage.AbstractStorage save
INFO: &amp#27;[32mSave 44921a37-9ebb-4cef-bd71-f00fd86eac30(uuid7432)
сент. 19, 2025 6:42:49 PM webapp.storage.AbstractStorage save
INFO: &amp#27;[32mSave 8c5a2125-6510-407b-a3ad-4ac9095a094d(uuid7433)
сент. 19, 2025 6:42:49 PM webapp.storage.AbstractStorage save
INFO: &amp#27;[32mSave f6366c9d-a067-44c3-ae4a-8432fa86921d(uuid7434)
сент. 19, 2025 6:42:49 PM webapp.storage.AbstractStorage save
INFO: &amp#27;[32mSave 20db24e5-087b-40c7-be07-18e94e06ba38(uuid7435)
сент. 19, 2025 6:42:49 PM webapp.storage.AbstractStorage save
INFO: &amp#27;[32mSave cb44923c-c4ef-4f9d-a93f-4599b7d56bb7(uuid7436)
сент. 19, 2025 6:42:49 PM webapp.storage.AbstractStorage save
INFO: &amp#27;[32mSave c9674967-4122-4ac0-9c91-67e33786158c(uuid7437)
сент. 19, 2025 6:42:49 PM webapp.storage.AbstractStorage save
INFO: &amp#27;[32mSave b7adaf57-ce8e-44f8-a29b-69c44e2d2ec0(uuid7438)
сент. 19, 2025 6:42:49 PM webapp.storage.AbstractStorage save
INFO: &amp#27;[32mSave 144297c5-f428-4583-a261-c45073dc3d48(uuid7439)
сент. 19, 2025 6:42:49 PM webapp.storage.AbstractStorage save
INFO: &amp#27;[32mSave 081235ad-6f49-4909-b8cc-7f43041426e2(uuid7440)
сент. 19, 2025 6:42:49 PM webapp.storage.AbstractStorage save
INFO: &amp#27;[32mSave 15a78be6-5cdc-48d3-bcda-207cfdcfc885(uuid7441)
сент. 19, 2025 6:42:49 PM webapp.storage.AbstractStorage save
INFO: &amp#27;[32mSave 56b25d77-73cc-44f9-93a8-642b93d26e0a(uuid7442)
сент. 19, 2025 6:42:49 PM webapp.storage.AbstractStorage save
INFO: &amp#27;[32mSave 48671141-1641-4058-92ea-de740b779d41(uuid7443)
сент. 19, 2025 6:42:49 PM webapp.storage.AbstractStorage save
INFO: &amp#27;[32mSave 4c2fa57d-bb11-47c9-882f-0b7689295826(uuid7444)
сент. 19, 2025 6:42:49 PM webapp.storage.AbstractStorage save
INFO: &amp#27;[32mSave 5a3c815d-4dcb-4a62-9935-9f8d2a8ea965(uuid7445)
сент. 19, 2025 6:42:49 PM webapp.storage.AbstractStorage save
INFO: &amp#27;[32mSave 2ddc75fe-2b6f-41b5-9e3b-da25cc41c094(uuid7446)
сент. 19, 2025 6:42:49 PM webapp.storage.AbstractStorage save
INFO: &amp#27;[32mSave e1d2ad62-80f6-4ea5-b104-00a1d6a5e6d5(uuid7447)
сент. 19, 2025 6:42:49 PM webapp.storage.AbstractStorage save
INFO: &amp#27;[32mSave e34265f4-2157-4683-bbd6-ec96231919ce(uuid7448)
сент. 19, 2025 6:42:49 PM webapp.storage.AbstractStorage save
INFO: &amp#27;[32mSave 973816ae-6231-43f7-a9f3-94f71b653edf(uuid7449)
сент. 19, 2025 6:42:49 PM webapp.storage.AbstractStorage save
INFO: &amp#27;[32mSave bb58fa8d-fba6-4bd7-ae49-a4a928fda62c(uuid7450)
сент. 19, 2025 6:42:49 PM webapp.storage.AbstractStorage save
INFO: &amp#27;[32mSave 6769a6b4-18ab-4763-b6e7-79d72b3faf39(uuid7451)
сент. 19, 2025 6:42:49 PM webapp.storage.AbstractStorage save
INFO: &amp#27;[32mSave 5ccbf437-f8cd-4706-a778-eaa683baf1a7(uuid7452)
сент. 19, 2025 6:42:49 PM webapp.storage.AbstractStorage save
INFO: &amp#27;[32mSave b5d2d8c3-c0bb-4bb3-9f0e-18b2986aca1b(uuid7453)
сент. 19, 2025 6:42:49 PM webapp.storage.AbstractStorage save
INFO: &amp#27;[32mSave f78c50ec-bdf0-4bf7-aeaa-642325e2b4a4(uuid7454)
сент. 19, 2025 6:42:49 PM webapp.storage.AbstractStorage save
INFO: &amp#27;[32mSave f8488eca-4f06-4526-9380-6d38b3b0f42c(uuid7455)
сент. 19, 2025 6:42:49 PM webapp.storage.AbstractStorage save
INFO: &amp#27;[32mSave 2f5f2264-b5cf-42b2-a13d-1dc98483e4cd(uuid7456)
сент. 19, 2025 6:42:49 PM webapp.storage.AbstractStorage save
INFO: &amp#27;[32mSave a29cb35d-1905-4642-a06e-2802b0acaf68(uuid7457)
сент. 19, 2025 6:42:49 PM webapp.storage.AbstractStorage save
INFO: &amp#27;[32mSave 5bd20cdd-4dd8-4f72-9723-435a6b4f6029(uuid7458)
сент. 19, 2025 6:42:49 PM webapp.storage.AbstractStorage save
INFO: &amp#27;[32mSave 332baee4-148c-4501-a2eb-3c78c95bd94a(uuid7459)
сент. 19, 2025 6:42:49 PM webapp.storage.AbstractStorage save
INFO: &amp#27;[32mSave 233b5400-f13e-4991-8c78-ce77f7b0b68a(uuid7460)
сент. 19, 2025 6:42:49 PM webapp.storage.AbstractStorage save
INFO: &amp#27;[32mSave 7fda281d-91e0-4d66-b423-f1ef494e952c(uuid7461)
сент. 19, 2025 6:42:49 PM webapp.storage.AbstractStorage save
INFO: &amp#27;[32mSave 8344f0df-152e-4f93-b9fd-e878bfa2c02f(uuid7462)
сент. 19, 2025 6:42:49 PM webapp.storage.AbstractStorage save
INFO: &amp#27;[32mSave a1d57e77-1e64-4bf2-b1f9-043d50c4cdc6(uuid7463)
сент. 19, 2025 6:42:49 PM webapp.storage.AbstractStorage save
INFO: &amp#27;[32mSave c09ee0e0-a34f-4626-bae0-10b072117c25(uuid7464)
сент. 19, 2025 6:42:49 PM webapp.storage.AbstractStorage save
INFO: &amp#27;[32mSave 3a7b5bbd-c35b-4096-8369-6cf112f7352d(uuid7465)
сент. 19, 2025 6:42:49 PM webapp.storage.AbstractStorage save
INFO: &amp#27;[32mSave f74dc9f5-8304-4524-94b2-2f2168b1722e(uuid7466)
сент. 19, 2025 6:42:49 PM webapp.storage.AbstractStorage save
INFO: &amp#27;[32mSave 9e54dec3-f32d-44fa-91ff-9e78fe3f606f(uuid7467)
сент. 19, 2025 6:42:49 PM webapp.storage.AbstractStorage save
INFO: &amp#27;[32mSave 1dbfb465-3367-4072-b3dd-84c26a36f818(uuid7468)
сент. 19, 2025 6:42:49 PM webapp.storage.AbstractStorage save
INFO: &amp#27;[32mSave 318c7d55-c57f-4f28-98e3-ecc0ccf829e8(uuid7469)
сент. 19, 2025 6:42:49 PM webapp.storage.AbstractStorage save
INFO: &amp#27;[32mSave 4babe336-e4de-4e30-ac27-1bf61b7cece8(uuid7470)
сент. 19, 2025 6:42:49 PM webapp.storage.AbstractStorage save
INFO: &amp#27;[32mSave 7ec219db-a439-44b0-a874-90dee39d2463(uuid7471)
сент. 19, 2025 6:42:49 PM webapp.storage.AbstractStorage save
INFO: &amp#27;[32mSave 0f27bc51-8531-480d-a560-67f79c2b5f5c(uuid7472)
сент. 19, 2025 6:42:49 PM webapp.storage.AbstractStorage save
INFO: &amp#27;[32mSave 19966bb7-e43f-4c76-bb19-f2391b08fbbb(uuid7473)
сент. 19, 2025 6:42:49 PM webapp.storage.AbstractStorage save
INFO: &amp#27;[32mSave 2391ec84-36ed-421e-9de2-0615207c5b91(uuid7474)
сент. 19, 2025 6:42:49 PM webapp.storage.AbstractStorage save
INFO: &amp#27;[32mSave 8309af7f-3e98-4aa3-aaed-5597c1ac99a0(uuid7475)
сент. 19, 2025 6:42:49 PM webapp.storage.AbstractStorage save
INFO: &amp#27;[32mSave 13e6b188-85d4-4c3e-9b7b-6931aa9f0451(uuid7476)
сент. 19, 2025 6:42:49 PM webapp.storage.AbstractStorage save
INFO: &amp#27;[32mSave 0b9fecb4-917f-48fb-9800-80732c53e6da(uuid7477)
сент. 19, 2025 6:42:49 PM webapp.storage.AbstractStorage save
INFO: &amp#27;[32mSave 5f958ce4-0de8-40b1-9963-d8f88062d6a6(uuid7478)
сент. 19, 2025 6:42:49 PM webapp.storage.AbstractStorage save
INFO: &amp#27;[32mSave 064f9d28-52f0-4288-9707-e33f7eee1acc(uuid7479)
сент. 19, 2025 6:42:49 PM webapp.storage.AbstractStorage save
INFO: &amp#27;[32mSave c8992d12-1d87-4b84-8fa2-a149d387523c(uuid7480)
сент. 19, 2025 6:42:49 PM webapp.storage.AbstractStorage save
INFO: &amp#27;[32mSave b87bc708-69fb-44f9-9cdb-97436ba96abe(uuid7481)
сент. 19, 2025 6:42:49 PM webapp.storage.AbstractStorage save
INFO: &amp#27;[32mSave f5fab73c-63af-4c34-8438-649494faaea3(uuid7482)
сент. 19, 2025 6:42:49 PM webapp.storage.AbstractStorage save
INFO: &amp#27;[32mSave 46e50452-31e5-4177-9240-c6635ee20e4a(uuid7483)
сент. 19, 2025 6:42:49 PM webapp.storage.AbstractStorage save
INFO: &amp#27;[32mSave efd4f919-2133-482c-8325-414c422dd4a1(uuid7484)
сент. 19, 2025 6:42:49 PM webapp.storage.AbstractStorage save
INFO: &amp#27;[32mSave c1e0fea9-3998-4f22-88b9-8fc3e315dabe(uuid7485)
сент. 19, 2025 6:42:49 PM webapp.storage.AbstractStorage save
INFO: &amp#27;[32mSave d6ca9ecd-a382-4128-ab97-aeb17f1edc6d(uuid7486)
сент. 19, 2025 6:42:49 PM webapp.storage.AbstractStorage save
INFO: &amp#27;[32mSave 94689c9d-56e6-4037-98c8-6cc059e84198(uuid7487)
сент. 19, 2025 6:42:49 PM webapp.storage.AbstractStorage save
INFO: &amp#27;[32mSave ad4f2c25-d67e-41c1-8d86-d636d63c3589(uuid7488)
сент. 19, 2025 6:42:49 PM webapp.storage.AbstractStorage save
INFO: &amp#27;[32mSave f32418ae-f5fc-45c3-a40d-8bb06a05e2cd(uuid7489)
сент. 19, 2025 6:42:49 PM webapp.storage.AbstractStorage save
INFO: &amp#27;[32mSave 11480d90-b8a4-495d-a22a-97bd24ee77ab(uuid7490)
сент. 19, 2025 6:42:49 PM webapp.storage.AbstractStorage save
INFO: &amp#27;[32mSave ad121d2a-f4ad-4d82-83fe-20621eea7d55(uuid7491)
сент. 19, 2025 6:42:49 PM webapp.storage.AbstractStorage save
INFO: &amp#27;[32mSave da04c7db-ad29-42a3-a71e-64a03115cba8(uuid7492)
сент. 19, 2025 6:42:49 PM webapp.storage.AbstractStorage save
INFO: &amp#27;[32mSave 359edf16-ab45-4144-b065-cf5fa6efa5f2(uuid7493)
сент. 19, 2025 6:42:49 PM webapp.storage.AbstractStorage save
INFO: &amp#27;[32mSave c217288b-9531-4be3-9dce-25b1a2a08988(uuid7494)
сент. 19, 2025 6:42:49 PM webapp.storage.AbstractStorage save
INFO: &amp#27;[32mSave bc67137b-15b3-4bed-8e9d-4ab0916ac2c4(uuid7495)
сент. 19, 2025 6:42:49 PM webapp.storage.AbstractStorage save
INFO: &amp#27;[32mSave 3fc3549c-1acf-43d6-86c4-bf7ea19bf314(uuid7496)
сент. 19, 2025 6:42:49 PM webapp.storage.AbstractStorage save
INFO: &amp#27;[32mSave fadc15c7-2732-435a-9ba9-a7c30a55e28f(uuid7497)
сент. 19, 2025 6:42:49 PM webapp.storage.AbstractStorage save
INFO: &amp#27;[32mSave e68ddc7a-ca78-439d-a4cb-6f016268ca07(uuid7498)
сент. 19, 2025 6:42:49 PM webapp.storage.AbstractStorage save
INFO: &amp#27;[32mSave 1ca00499-8d45-4814-acac-297a43600320(uuid7499)
сент. 19, 2025 6:42:49 PM webapp.storage.AbstractStorage save
INFO: &amp#27;[32mSave e8c2be9a-0063-40d0-9a36-dfefb0330449(uuid7500)
сент. 19, 2025 6:42:49 PM webapp.storage.AbstractStorage save
INFO: &amp#27;[32mSave cb0ed949-dee4-489f-b80c-074c7cdc4e8b(uuid7501)
сент. 19, 2025 6:42:49 PM webapp.storage.AbstractStorage save
INFO: &amp#27;[32mSave a3623a52-b142-42e4-a794-fa29ead5a680(uuid7502)
сент. 19, 2025 6:42:49 PM webapp.storage.AbstractStorage save
INFO: &amp#27;[32mSave 88192694-86dd-4e6d-869e-d056e6e4a331(uuid7503)
сент. 19, 2025 6:42:49 PM webapp.storage.AbstractStorage save
INFO: &amp#27;[32mSave 03f7c75a-6f28-48ac-9ef7-592795e40895(uuid7504)
сент. 19, 2025 6:42:49 PM webapp.storage.AbstractStorage save
INFO: &amp#27;[32mSave ba61f008-fc3a-49cc-ba55-cfa433fe1d9c(uuid7505)
сент. 19, 2025 6:42:49 PM webapp.storage.AbstractStorage save
INFO: &amp#27;[32mSave be01bd39-cf80-4cda-9f3d-57ce9e67d1f2(uuid7506)
сент. 19, 2025 6:42:49 PM webapp.storage.AbstractStorage save
INFO: &amp#27;[32mSave 3edf056f-c167-4e71-a451-19f4ce3d1b51(uuid7507)
сент. 19, 2025 6:42:49 PM webapp.storage.AbstractStorage save
INFO: &amp#27;[32mSave 019eb750-c1f8-4409-848c-b85581c51efe(uuid7508)
сент. 19, 2025 6:42:49 PM webapp.storage.AbstractStorage save
INFO: &amp#27;[32mSave 91131812-9f0f-4303-b8c0-275b19e12047(uuid7509)
сент. 19, 2025 6:42:49 PM webapp.storage.AbstractStorage save
INFO: &amp#27;[32mSave 17915ae7-5d2b-433e-b623-35ce05cdfcc3(uuid7510)
сент. 19, 2025 6:42:49 PM webapp.storage.AbstractStorage save
INFO: &amp#27;[32mSave e49e7fe5-0733-4b10-b9f1-fcb3441b3e96(uuid7511)
сент. 19, 2025 6:42:49 PM webapp.storage.AbstractStorage save
INFO: &amp#27;[32mSave c0b38dd6-da37-440d-90ab-ac9bb573db1c(uuid7512)
сент. 19, 2025 6:42:49 PM webapp.storage.AbstractStorage save
INFO: &amp#27;[32mSave 4e9771a8-fe26-4570-a637-df82abffa194(uuid7513)
сент. 19, 2025 6:42:49 PM webapp.storage.AbstractStorage save
INFO: &amp#27;[32mSave 111c8cd1-7e79-49f1-a3e9-707ceacc4a08(uuid7514)
сент. 19, 2025 6:42:49 PM webapp.storage.AbstractStorage save
INFO: &amp#27;[32mSave 5a064485-7e97-4e3a-8477-41411cae9771(uuid7515)
сент. 19, 2025 6:42:49 PM webapp.storage.AbstractStorage save
INFO: &amp#27;[32mSave b72fe213-861d-4cae-9a68-ae8a3c1542a8(uuid7516)
сент. 19, 2025 6:42:49 PM webapp.storage.AbstractStorage save
INFO: &amp#27;[32mSave 1b6a9d9e-f9ff-4d7b-949e-9ee152cac7b4(uuid7517)
сент. 19, 2025 6:42:49 PM webapp.storage.AbstractStorage save
INFO: &amp#27;[32mSave 809054e5-b7ca-41f4-9990-607bf68824e2(uuid7518)
сент. 19, 2025 6:42:49 PM webapp.storage.AbstractStorage save
INFO: &amp#27;[32mSave a49890b9-a6e7-4d42-80be-a900715cad17(uuid7519)
сент. 19, 2025 6:42:49 PM webapp.storage.AbstractStorage save
INFO: &amp#27;[32mSave b36e3a84-6163-4efb-8234-a748b3030bd3(uuid7520)
сент. 19, 2025 6:42:49 PM webapp.storage.AbstractStorage save
INFO: &amp#27;[32mSave 225cffe5-3e9f-4082-bbb6-5bbad75f8995(uuid7521)
сент. 19, 2025 6:42:49 PM webapp.storage.AbstractStorage save
INFO: &amp#27;[32mSave c6f52d09-10c0-4abf-b3d2-247735181fda(uuid7522)
сент. 19, 2025 6:42:49 PM webapp.storage.AbstractStorage save
INFO: &amp#27;[32mSave 86eb8a1a-f41e-4eea-bf05-8e84fed00f15(uuid7523)
сент. 19, 2025 6:42:49 PM webapp.storage.AbstractStorage save
INFO: &amp#27;[32mSave 401da1a2-5cb1-430e-ab95-58b92eabd7bd(uuid7524)
сент. 19, 2025 6:42:49 PM webapp.storage.AbstractStorage save
INFO: &amp#27;[32mSave 97644ecc-8bad-4879-a05d-15538fcc47ca(uuid7525)
сент. 19, 2025 6:42:49 PM webapp.storage.AbstractStorage save
INFO: &amp#27;[32mSave 91a751b2-4a9b-4926-bbfe-2fe00def9574(uuid7526)
сент. 19, 2025 6:42:49 PM webapp.storage.AbstractStorage save
INFO: &amp#27;[32mSave 86c3cff7-dec2-488e-908b-94dfc45d4b15(uuid7527)
сент. 19, 2025 6:42:49 PM webapp.storage.AbstractStorage save
INFO: &amp#27;[32mSave 1e44affd-c902-4b15-999a-27c291480356(uuid7528)
сент. 19, 2025 6:42:49 PM webapp.storage.AbstractStorage save
INFO: &amp#27;[32mSave 25026b75-4542-4b76-aacd-c28e4b9a4b5a(uuid7529)
сент. 19, 2025 6:42:49 PM webapp.storage.AbstractStorage save
INFO: &amp#27;[32mSave 2ff63e9f-d291-4c42-8ee8-1b247d642b63(uuid7530)
сент. 19, 2025 6:42:49 PM webapp.storage.AbstractStorage save
INFO: &amp#27;[32mSave fa9d0b27-03df-461c-a141-a55650634720(uuid7531)
сент. 19, 2025 6:42:49 PM webapp.storage.AbstractStorage save
INFO: &amp#27;[32mSave e9ca837e-8658-422a-be16-a2d5a2f370de(uuid7532)
сент. 19, 2025 6:42:49 PM webapp.storage.AbstractStorage save
INFO: &amp#27;[32mSave b93c2132-8973-48de-a852-754ff1ea9943(uuid7533)
сент. 19, 2025 6:42:49 PM webapp.storage.AbstractStorage save
INFO: &amp#27;[32mSave b0e20497-4a86-46be-96e7-f5aada8e8a05(uuid7534)
сент. 19, 2025 6:42:49 PM webapp.storage.AbstractStorage save
INFO: &amp#27;[32mSave a0a7c413-f49d-46da-b7d7-cc8975dcc22b(uuid7535)
сент. 19, 2025 6:42:49 PM webapp.storage.AbstractStorage save
INFO: &amp#27;[32mSave 979059cd-3803-4617-afcc-aa214ca25d08(uuid7536)
сент. 19, 2025 6:42:49 PM webapp.storage.AbstractStorage save
INFO: &amp#27;[32mSave e653c433-6c1c-434d-a58d-12aacb4ef6ec(uuid7537)
сент. 19, 2025 6:42:49 PM webapp.storage.AbstractStorage save
INFO: &amp#27;[32mSave 152e22fb-1fdb-4763-be83-8ffe7f29afa4(uuid7538)
сент. 19, 2025 6:42:49 PM webapp.storage.AbstractStorage save
INFO: &amp#27;[32mSave 8edcb9c1-4fbe-4666-861e-36622dd78f38(uuid7539)
сент. 19, 2025 6:42:49 PM webapp.storage.AbstractStorage save
INFO: &amp#27;[32mSave 2159a57a-f5a9-4f64-b4b1-5e15184c8f79(uuid7540)
сент. 19, 2025 6:42:49 PM webapp.storage.AbstractStorage save
INFO: &amp#27;[32mSave 2221687f-016b-4f53-b726-992e7621f9ca(uuid7541)
сент. 19, 2025 6:42:49 PM webapp.storage.AbstractStorage save
INFO: &amp#27;[32mSave 02bcbeae-bfd4-4f1a-92b0-015380460aa3(uuid7542)
сент. 19, 2025 6:42:49 PM webapp.storage.AbstractStorage save
INFO: &amp#27;[32mSave 553d0479-5be5-4275-8544-d1e680f5ae09(uuid7543)
сент. 19, 2025 6:42:49 PM webapp.storage.AbstractStorage save
INFO: &amp#27;[32mSave bb4a2cdd-b972-4ced-bb71-fb4202615379(uuid7544)
сент. 19, 2025 6:42:49 PM webapp.storage.AbstractStorage save
INFO: &amp#27;[32mSave fc6adc73-8e14-4041-af2a-dead30f6d2ab(uuid7545)
сент. 19, 2025 6:42:49 PM webapp.storage.AbstractStorage save
INFO: &amp#27;[32mSave c55f55c8-b2a1-4276-bbb8-ea3e99c9b93b(uuid7546)
сент. 19, 2025 6:42:49 PM webapp.storage.AbstractStorage save
INFO: &amp#27;[32mSave 49a2a79d-440b-4169-a4c7-ac4e842dfa2b(uuid7547)
сент. 19, 2025 6:42:49 PM webapp.storage.AbstractStorage save
INFO: &amp#27;[32mSave 8953b9a2-aca2-4d2f-b0a9-b0c9f6ed69dc(uuid7548)
сент. 19, 2025 6:42:49 PM webapp.storage.AbstractStorage save
INFO: &amp#27;[32mSave 6fcab1ba-fa62-4bfe-b945-a5f0c6f5a8d7(uuid7549)
сент. 19, 2025 6:42:49 PM webapp.storage.AbstractStorage save
INFO: &amp#27;[32mSave e7567c6a-1e3a-49bd-a91d-7c48e5d076b1(uuid7550)
сент. 19, 2025 6:42:49 PM webapp.storage.AbstractStorage save
INFO: &amp#27;[32mSave 4bb69656-0edf-40a1-ac12-4cc440744b75(uuid7551)
сент. 19, 2025 6:42:49 PM webapp.storage.AbstractStorage save
INFO: &amp#27;[32mSave cfb85a70-ba66-48c5-81db-9379b57d6bf3(uuid7552)
сент. 19, 2025 6:42:49 PM webapp.storage.AbstractStorage save
INFO: &amp#27;[32mSave d3207203-4145-4908-814d-74e818645501(uuid7553)
сент. 19, 2025 6:42:49 PM webapp.storage.AbstractStorage save
INFO: &amp#27;[32mSave a6db7e83-08a2-419c-8b31-34a1b9ccd5de(uuid7554)
сент. 19, 2025 6:42:49 PM webapp.storage.AbstractStorage save
INFO: &amp#27;[32mSave 22438565-cdb2-4f68-9f4c-c24f8105fd38(uuid7555)
сент. 19, 2025 6:42:49 PM webapp.storage.AbstractStorage save
INFO: &amp#27;[32mSave 600bca16-5f1a-41b9-a6f4-eecc0517fdb6(uuid7556)
сент. 19, 2025 6:42:49 PM webapp.storage.AbstractStorage save
INFO: &amp#27;[32mSave 23b8386a-f153-4fb5-9cfa-70ade1f7353c(uuid7557)
сент. 19, 2025 6:42:49 PM webapp.storage.AbstractStorage save
INFO: &amp#27;[32mSave 57b3968e-44d5-4b06-872d-b14d7e63c729(uuid7558)
сент. 19, 2025 6:42:49 PM webapp.storage.AbstractStorage save
INFO: &amp#27;[32mSave 55f4fd6d-ad6f-41af-bac2-97606325cd0e(uuid7559)
сент. 19, 2025 6:42:49 PM webapp.storage.AbstractStorage save
INFO: &amp#27;[32mSave 7056eae7-85b7-4d9c-bbd4-1baa0e700bdf(uuid7560)
сент. 19, 2025 6:42:49 PM webapp.storage.AbstractStorage save
INFO: &amp#27;[32mSave b91890d4-7a49-49df-8c21-45eaebc6226f(uuid7561)
сент. 19, 2025 6:42:49 PM webapp.storage.AbstractStorage save
INFO: &amp#27;[32mSave ac2480f6-09e1-4a12-9d7e-2d1e41a070d3(uuid7562)
сент. 19, 2025 6:42:49 PM webapp.storage.AbstractStorage save
INFO: &amp#27;[32mSave 3a810fef-dba7-44a1-89fb-35c56329e277(uuid7563)
сент. 19, 2025 6:42:49 PM webapp.storage.AbstractStorage save
INFO: &amp#27;[32mSave 03077e1e-0271-4ec6-ae05-37d6f9e33626(uuid7564)
сент. 19, 2025 6:42:49 PM webapp.storage.AbstractStorage save
INFO: &amp#27;[32mSave 5bb7d79e-0979-478f-b32d-e5b817d21a70(uuid7565)
сент. 19, 2025 6:42:49 PM webapp.storage.AbstractStorage save
INFO: &amp#27;[32mSave 3cfbe361-5bde-4c4e-baf3-196e9dcb1878(uuid7566)
сент. 19, 2025 6:42:49 PM webapp.storage.AbstractStorage save
INFO: &amp#27;[32mSave a5ac887d-d341-460a-8986-715f33da4bde(uuid7567)
сент. 19, 2025 6:42:49 PM webapp.storage.AbstractStorage save
INFO: &amp#27;[32mSave c4b08c5f-0970-416e-bb5c-257a0fe11886(uuid7568)
сент. 19, 2025 6:42:49 PM webapp.storage.AbstractStorage save
INFO: &amp#27;[32mSave 2b538128-0ffc-4de7-899e-5d76d33a0c1d(uuid7569)
сент. 19, 2025 6:42:49 PM webapp.storage.AbstractStorage save
INFO: &amp#27;[32mSave 1deb0562-d60d-4bdd-99d3-778af54fc6a7(uuid7570)
сент. 19, 2025 6:42:49 PM webapp.storage.AbstractStorage save
INFO: &amp#27;[32mSave 1f0f634d-d0e7-4fd2-9dcf-da4daed0e86d(uuid7571)
сент. 19, 2025 6:42:49 PM webapp.storage.AbstractStorage save
INFO: &amp#27;[32mSave b2e9e2b0-8e68-44f1-90ad-c272740ce029(uuid7572)
сент. 19, 2025 6:42:49 PM webapp.storage.AbstractStorage save
INFO: &amp#27;[32mSave 5905a6c7-80ef-46ea-a095-3cf849463f3b(uuid7573)
сент. 19, 2025 6:42:49 PM webapp.storage.AbstractStorage save
INFO: &amp#27;[32mSave b1f5cd4d-5b53-4925-82d6-52ae5e64a099(uuid7574)
сент. 19, 2025 6:42:49 PM webapp.storage.AbstractStorage save
INFO: &amp#27;[32mSave 51a9920f-eede-4c29-80ad-caef9b5ee083(uuid7575)
сент. 19, 2025 6:42:49 PM webapp.storage.AbstractStorage save
INFO: &amp#27;[32mSave 729b6c95-137c-4b16-ae68-ff1d19f031d8(uuid7576)
сент. 19, 2025 6:42:49 PM webapp.storage.AbstractStorage save
INFO: &amp#27;[32mSave 6aae1188-1156-4f6c-9609-ee912e98e5e0(uuid7577)
сент. 19, 2025 6:42:49 PM webapp.storage.AbstractStorage save
INFO: &amp#27;[32mSave 7f994c9e-da8b-48cd-9cd2-684f1f25d648(uuid7578)
сент. 19, 2025 6:42:49 PM webapp.storage.AbstractStorage save
INFO: &amp#27;[32mSave 349113b8-dc55-428b-a957-8395b82fca7f(uuid7579)
сент. 19, 2025 6:42:49 PM webapp.storage.AbstractStorage save
INFO: &amp#27;[32mSave f547f907-728c-42a7-a3a4-08ee21008420(uuid7580)
сент. 19, 2025 6:42:49 PM webapp.storage.AbstractStorage save
INFO: &amp#27;[32mSave 1819ed9e-0462-49b8-ad8c-03bf59874f16(uuid7581)
сент. 19, 2025 6:42:49 PM webapp.storage.AbstractStorage save
INFO: &amp#27;[32mSave 3ab361f4-fa9a-458a-bd8e-ad47e157a2d7(uuid7582)
сент. 19, 2025 6:42:49 PM webapp.storage.AbstractStorage save
INFO: &amp#27;[32mSave 7b8c66af-5b22-4e68-bc4d-2c0da7225fa6(uuid7583)
сент. 19, 2025 6:42:49 PM webapp.storage.AbstractStorage save
INFO: &amp#27;[32mSave b796cf5f-a1c2-46dd-bdc7-d633ed51f495(uuid7584)
сент. 19, 2025 6:42:49 PM webapp.storage.AbstractStorage save
INFO: &amp#27;[32mSave 5f89d841-00d9-4bd9-ae9d-aa4e99987657(uuid7585)
сент. 19, 2025 6:42:49 PM webapp.storage.AbstractStorage save
INFO: &amp#27;[32mSave c7883a2a-42ee-428a-a8be-98c78f67ea2a(uuid7586)
сент. 19, 2025 6:42:49 PM webapp.storage.AbstractStorage save
INFO: &amp#27;[32mSave 4283dbdb-6c67-4baa-ac57-9aa9c065d614(uuid7587)
сент. 19, 2025 6:42:49 PM webapp.storage.AbstractStorage save
INFO: &amp#27;[32mSave 8c042019-477f-4dab-9984-52b9398da42b(uuid7588)
сент. 19, 2025 6:42:49 PM webapp.storage.AbstractStorage save
INFO: &amp#27;[32mSave 73b7b94d-abe8-4b43-8d3d-38ec011aa082(uuid7589)
сент. 19, 2025 6:42:49 PM webapp.storage.AbstractStorage save
INFO: &amp#27;[32mSave cd87057b-7fa0-48cf-885c-96cb4a04a7b0(uuid7590)
сент. 19, 2025 6:42:49 PM webapp.storage.AbstractStorage save
INFO: &amp#27;[32mSave f92c76fb-8a37-4c52-9502-3e2b4f31425e(uuid7591)
сент. 19, 2025 6:42:49 PM webapp.storage.AbstractStorage save
INFO: &amp#27;[32mSave 805d21db-bac6-462e-bc45-a7fdb31eb925(uuid7592)
сент. 19, 2025 6:42:49 PM webapp.storage.AbstractStorage save
INFO: &amp#27;[32mSave 17018901-2da5-44e9-83cf-8ca9939fc910(uuid7593)
сент. 19, 2025 6:42:49 PM webapp.storage.AbstractStorage save
INFO: &amp#27;[32mSave a3108212-144d-48da-b1e2-992e338b99dd(uuid7594)
сент. 19, 2025 6:42:49 PM webapp.storage.AbstractStorage save
INFO: &amp#27;[32mSave 973886fe-cde4-4ce6-98e5-34171965c6cf(uuid7595)
сент. 19, 2025 6:42:49 PM webapp.storage.AbstractStorage save
INFO: &amp#27;[32mSave 94c9fad3-ec70-45e5-b24a-1e32b946ed26(uuid7596)
сент. 19, 2025 6:42:49 PM webapp.storage.AbstractStorage save
INFO: &amp#27;[32mSave 89f77a57-3aab-41d6-9a68-a1ea2b059b06(uuid7597)
сент. 19, 2025 6:42:49 PM webapp.storage.AbstractStorage save
INFO: &amp#27;[32mSave 0599af53-a852-4742-a642-e0f64ee3caa9(uuid7598)
сент. 19, 2025 6:42:49 PM webapp.storage.AbstractStorage save
INFO: &amp#27;[32mSave 4d976b4e-a317-488b-b525-2abab9d2799b(uuid7599)
сент. 19, 2025 6:42:49 PM webapp.storage.AbstractStorage save
INFO: &amp#27;[32mSave 8420f56f-9c7f-4062-884d-2307d56be2a3(uuid7600)
сент. 19, 2025 6:42:49 PM webapp.storage.AbstractStorage save
INFO: &amp#27;[32mSave 590c6e54-98c4-415c-9e94-a5875181a263(uuid7601)
сент. 19, 2025 6:42:49 PM webapp.storage.AbstractStorage save
INFO: &amp#27;[32mSave e3db070d-3ad0-47f4-bbd1-8bd00d195fac(uuid7602)
сент. 19, 2025 6:42:49 PM webapp.storage.AbstractStorage save
INFO: &amp#27;[32mSave 8776b578-43c8-482f-b770-d694aca97ded(uuid7603)
сент. 19, 2025 6:42:49 PM webapp.storage.AbstractStorage save
INFO: &amp#27;[32mSave 379ad061-770b-40ab-aff1-5b7830fa2e63(uuid7604)
сент. 19, 2025 6:42:49 PM webapp.storage.AbstractStorage save
INFO: &amp#27;[32mSave 8bc1d78e-ba2a-4550-9281-7121567c17ac(uuid7605)
сент. 19, 2025 6:42:49 PM webapp.storage.AbstractStorage save
INFO: &amp#27;[32mSave 3da1f37c-71b2-48a5-8030-698d514a3f10(uuid7606)
сент. 19, 2025 6:42:49 PM webapp.storage.AbstractStorage save
INFO: &amp#27;[32mSave 5e2717fd-fb63-4187-8455-dd9a5167ede8(uuid7607)
сент. 19, 2025 6:42:49 PM webapp.storage.AbstractStorage save
INFO: &amp#27;[32mSave 8aac7423-42b7-4e90-9669-df938c8235ab(uuid7608)
сент. 19, 2025 6:42:49 PM webapp.storage.AbstractStorage save
INFO: &amp#27;[32mSave 80221d98-9ccf-403b-b9ff-258d02a152b6(uuid7609)
сент. 19, 2025 6:42:49 PM webapp.storage.AbstractStorage save
INFO: &amp#27;[32mSave 512f627b-cca9-4a2c-b3c9-730d5f5f838f(uuid7610)
сент. 19, 2025 6:42:49 PM webapp.storage.AbstractStorage save
INFO: &amp#27;[32mSave 4c98c395-48b6-474a-b33f-ed7a2b2de43d(uuid7611)
сент. 19, 2025 6:42:49 PM webapp.storage.AbstractStorage save
INFO: &amp#27;[32mSave f40b7ad5-1a10-46f4-91e4-cfbe48ea285d(uuid7612)
сент. 19, 2025 6:42:49 PM webapp.storage.AbstractStorage save
INFO: &amp#27;[32mSave 0d6114af-fd98-4bc5-bef4-70b924d22ccc(uuid7613)
сент. 19, 2025 6:42:49 PM webapp.storage.AbstractStorage save
INFO: &amp#27;[32mSave 5ea8a65a-6c31-49da-96ec-12bd0c8979be(uuid7614)
сент. 19, 2025 6:42:49 PM webapp.storage.AbstractStorage save
INFO: &amp#27;[32mSave 5736ca0e-2c17-4942-b559-04664086d805(uuid7615)
сент. 19, 2025 6:42:49 PM webapp.storage.AbstractStorage save
INFO: &amp#27;[32mSave 225e0897-446d-4f3f-b5c0-6ef2e1222b14(uuid7616)
сент. 19, 2025 6:42:49 PM webapp.storage.AbstractStorage save
INFO: &amp#27;[32mSave 5119e212-ba46-4f1e-b312-e7c1a7f5294e(uuid7617)
сент. 19, 2025 6:42:49 PM webapp.storage.AbstractStorage save
INFO: &amp#27;[32mSave 38d57278-272c-49c5-84e3-a2f19b772b5e(uuid7618)
сент. 19, 2025 6:42:49 PM webapp.storage.AbstractStorage save
INFO: &amp#27;[32mSave 6aaa546e-521a-4450-99f8-2fa8a00428b0(uuid7619)
сент. 19, 2025 6:42:49 PM webapp.storage.AbstractStorage save
INFO: &amp#27;[32mSave faddc1b4-36c6-46a8-a92f-b68c08db28c4(uuid7620)
сент. 19, 2025 6:42:49 PM webapp.storage.AbstractStorage save
INFO: &amp#27;[32mSave 6a4735ed-8d42-49f9-b5a6-49db6643f0b9(uuid7621)
сент. 19, 2025 6:42:49 PM webapp.storage.AbstractStorage save
INFO: &amp#27;[32mSave e809846e-e70c-48b4-8d8e-32a4dbd9e8fc(uuid7622)
сент. 19, 2025 6:42:49 PM webapp.storage.AbstractStorage save
INFO: &amp#27;[32mSave 98bae20a-babe-4b4e-ada8-e6f9ac82fcea(uuid7623)
сент. 19, 2025 6:42:49 PM webapp.storage.AbstractStorage save
INFO: &amp#27;[32mSave e05e63f8-c3e8-465f-95c8-bc80ac1c01c8(uuid7624)
сент. 19, 2025 6:42:49 PM webapp.storage.AbstractStorage save
INFO: &amp#27;[32mSave 59975342-1745-4e3a-b38e-49f53ead2563(uuid7625)
сент. 19, 2025 6:42:49 PM webapp.storage.AbstractStorage save
INFO: &amp#27;[32mSave 8a3d575c-0fb2-423e-8a25-3dd9a7f78eab(uuid7626)
сент. 19, 2025 6:42:49 PM webapp.storage.AbstractStorage save
INFO: &amp#27;[32mSave 803e688d-26e7-4650-9ceb-a5b39e067632(uuid7627)
сент. 19, 2025 6:42:49 PM webapp.storage.AbstractStorage save
INFO: &amp#27;[32mSave 5c624f26-335e-40b7-9f03-daa4794da28b(uuid7628)
сент. 19, 2025 6:42:49 PM webapp.storage.AbstractStorage save
INFO: &amp#27;[32mSave 12a2dbd5-e68e-49b4-a84a-f8e1a73598d1(uuid7629)
сент. 19, 2025 6:42:49 PM webapp.storage.AbstractStorage save
INFO: &amp#27;[32mSave 83263adc-96cc-4c9e-bb12-3c0f818c2e2e(uuid7630)
сент. 19, 2025 6:42:49 PM webapp.storage.AbstractStorage save
INFO: &amp#27;[32mSave 14f270ce-2f0b-4f63-aa4e-09706344545c(uuid7631)
сент. 19, 2025 6:42:49 PM webapp.storage.AbstractStorage save
INFO: &amp#27;[32mSave f4409efc-f0c4-4903-bb78-1b36cb755cf3(uuid7632)
сент. 19, 2025 6:42:49 PM webapp.storage.AbstractStorage save
INFO: &amp#27;[32mSave 837900e9-ac55-43c8-9650-31658cd77252(uuid7633)
сент. 19, 2025 6:42:49 PM webapp.storage.AbstractStorage save
INFO: &amp#27;[32mSave cc6d148b-5eb8-4916-b9c2-c5b5c66b871e(uuid7634)
сент. 19, 2025 6:42:49 PM webapp.storage.AbstractStorage save
INFO: &amp#27;[32mSave 86de19da-066b-4894-a57d-6a2b9019f1cf(uuid7635)
сент. 19, 2025 6:42:49 PM webapp.storage.AbstractStorage save
INFO: &amp#27;[32mSave 9ac93114-565c-430f-a646-d1a53013e9ef(uuid7636)
сент. 19, 2025 6:42:49 PM webapp.storage.AbstractStorage save
INFO: &amp#27;[32mSave f149b125-5048-490d-8b31-033682b2adb8(uuid7637)
сент. 19, 2025 6:42:49 PM webapp.storage.AbstractStorage save
INFO: &amp#27;[32mSave 1faa2dd5-29a7-4996-96b6-b21eaa5175b9(uuid7638)
сент. 19, 2025 6:42:49 PM webapp.storage.AbstractStorage save
INFO: &amp#27;[32mSave cdd64bfc-e94d-4a89-a273-627f167f6103(uuid7639)
сент. 19, 2025 6:42:49 PM webapp.storage.AbstractStorage save
INFO: &amp#27;[32mSave 723a49b3-f67e-44e5-80ad-98a92535d658(uuid7640)
сент. 19, 2025 6:42:49 PM webapp.storage.AbstractStorage save
INFO: &amp#27;[32mSave 4b16b0d6-60e3-4347-8a44-4f6394d7fceb(uuid7641)
сент. 19, 2025 6:42:49 PM webapp.storage.AbstractStorage save
INFO: &amp#27;[32mSave 271edd4a-8182-4fcc-bfdc-29fd72f26e90(uuid7642)
сент. 19, 2025 6:42:49 PM webapp.storage.AbstractStorage save
INFO: &amp#27;[32mSave d8369624-473a-409c-883c-a67f5fffec51(uuid7643)
сент. 19, 2025 6:42:49 PM webapp.storage.AbstractStorage save
INFO: &amp#27;[32mSave ae4e392a-cf91-4c36-8a03-a1cb2180c72f(uuid7644)
сент. 19, 2025 6:42:49 PM webapp.storage.AbstractStorage save
INFO: &amp#27;[32mSave caeac6e6-71e5-4de8-a6ab-551a45f4457f(uuid7645)
сент. 19, 2025 6:42:49 PM webapp.storage.AbstractStorage save
INFO: &amp#27;[32mSave fef2f4ab-bdea-4b3c-8c66-f94647041a62(uuid7646)
сент. 19, 2025 6:42:49 PM webapp.storage.AbstractStorage save
INFO: &amp#27;[32mSave fa0ac7b1-1e13-4fe5-8169-275695cf461f(uuid7647)
сент. 19, 2025 6:42:49 PM webapp.storage.AbstractStorage save
INFO: &amp#27;[32mSave 58d63951-2adf-4944-8608-15068b38f8af(uuid7648)
сент. 19, 2025 6:42:49 PM webapp.storage.AbstractStorage save
INFO: &amp#27;[32mSave 46da7d07-6fee-4899-bd88-5ffb808e3d0a(uuid7649)
сент. 19, 2025 6:42:49 PM webapp.storage.AbstractStorage save
INFO: &amp#27;[32mSave 4cc236a2-7132-451a-b258-9a38d7bed12e(uuid7650)
сент. 19, 2025 6:42:49 PM webapp.storage.AbstractStorage save
INFO: &amp#27;[32mSave 691148b2-e704-4d9f-b0ba-54b6e4a2b8af(uuid7651)
сент. 19, 2025 6:42:49 PM webapp.storage.AbstractStorage save
INFO: &amp#27;[32mSave 6fa6fb51-33be-4717-bf54-403b2631c2ea(uuid7652)
сент. 19, 2025 6:42:49 PM webapp.storage.AbstractStorage save
INFO: &amp#27;[32mSave b2ea06cb-242a-4626-97d9-c1a072a7a34e(uuid7653)
сент. 19, 2025 6:42:49 PM webapp.storage.AbstractStorage save
INFO: &amp#27;[32mSave a18bb8e0-ee1b-4629-87b2-05e18e420b5a(uuid7654)
сент. 19, 2025 6:42:49 PM webapp.storage.AbstractStorage save
INFO: &amp#27;[32mSave 9bc7c307-4034-4be9-936b-e03cbdbd87b1(uuid7655)
сент. 19, 2025 6:42:49 PM webapp.storage.AbstractStorage save
INFO: &amp#27;[32mSave af066a01-f3e9-44bc-89b7-d7d1fd87722c(uuid7656)
сент. 19, 2025 6:42:49 PM webapp.storage.AbstractStorage save
INFO: &amp#27;[32mSave f61df63b-3775-488e-853e-05b4336e78eb(uuid7657)
сент. 19, 2025 6:42:49 PM webapp.storage.AbstractStorage save
INFO: &amp#27;[32mSave 89634be2-44bf-47b8-bd34-2eb1e5c71220(uuid7658)
сент. 19, 2025 6:42:49 PM webapp.storage.AbstractStorage save
INFO: &amp#27;[32mSave 0f55ac9a-f58e-41c6-91e8-96b33742996d(uuid7659)
сент. 19, 2025 6:42:49 PM webapp.storage.AbstractStorage save
INFO: &amp#27;[32mSave 85ca4f14-48bd-4615-9ff1-bf04bacce8bc(uuid7660)
сент. 19, 2025 6:42:49 PM webapp.storage.AbstractStorage save
INFO: &amp#27;[32mSave ab6a5207-f4a8-49b0-baa9-09d2940705ac(uuid7661)
сент. 19, 2025 6:42:49 PM webapp.storage.AbstractStorage save
INFO: &amp#27;[32mSave 66280945-5d68-4111-b048-bd2363afe597(uuid7662)
сент. 19, 2025 6:42:49 PM webapp.storage.AbstractStorage save
INFO: &amp#27;[32mSave a009167a-1716-4745-bc6f-38c2e001d206(uuid7663)
сент. 19, 2025 6:42:49 PM webapp.storage.AbstractStorage save
INFO: &amp#27;[32mSave 0223c5b9-e15a-470f-b23e-227126dea0f6(uuid7664)
сент. 19, 2025 6:42:49 PM webapp.storage.AbstractStorage save
INFO: &amp#27;[32mSave 4e16157f-1fe1-4862-ab4c-9b752661de74(uuid7665)
сент. 19, 2025 6:42:49 PM webapp.storage.AbstractStorage save
INFO: &amp#27;[32mSave f10ba5e5-aa24-402e-b2a5-ad3f88e56c90(uuid7666)
сент. 19, 2025 6:42:49 PM webapp.storage.AbstractStorage save
INFO: &amp#27;[32mSave bbad8a47-9a65-43ff-9405-7383419eb608(uuid7667)
сент. 19, 2025 6:42:49 PM webapp.storage.AbstractStorage save
INFO: &amp#27;[32mSave f6207dfd-c819-42b0-8cb8-a26ab4ce5fd9(uuid7668)
сент. 19, 2025 6:42:49 PM webapp.storage.AbstractStorage save
INFO: &amp#27;[32mSave e03df7d2-5b63-4a71-b943-43202a8c55a1(uuid7669)
сент. 19, 2025 6:42:49 PM webapp.storage.AbstractStorage save
INFO: &amp#27;[32mSave 3c415d35-3116-4788-9695-17c812661ad7(uuid7670)
сент. 19, 2025 6:42:49 PM webapp.storage.AbstractStorage save
INFO: &amp#27;[32mSave 7a97a903-e356-4c10-9754-4a70fbd9fc71(uuid7671)
сент. 19, 2025 6:42:49 PM webapp.storage.AbstractStorage save
INFO: &amp#27;[32mSave 513b7a19-948b-4498-be7a-c51d429ae852(uuid7672)
сент. 19, 2025 6:42:49 PM webapp.storage.AbstractStorage save
INFO: &amp#27;[32mSave b296aabe-84f4-4214-ab50-a6a0059d9a86(uuid7673)
сент. 19, 2025 6:42:49 PM webapp.storage.AbstractStorage save
INFO: &amp#27;[32mSave 476c5b58-bfca-4c96-8248-096eb8aa69b3(uuid7674)
сент. 19, 2025 6:42:49 PM webapp.storage.AbstractStorage save
INFO: &amp#27;[32mSave 5a3ac814-9f9a-4c19-9411-79beba327e40(uuid7675)
сент. 19, 2025 6:42:49 PM webapp.storage.AbstractStorage save
INFO: &amp#27;[32mSave f68a1f47-45ed-4b70-87c4-4788f1190cbd(uuid7676)
сент. 19, 2025 6:42:49 PM webapp.storage.AbstractStorage save
INFO: &amp#27;[32mSave f5db1048-679c-415d-b1cb-fe82b098ea3d(uuid7677)
сент. 19, 2025 6:42:49 PM webapp.storage.AbstractStorage save
INFO: &amp#27;[32mSave ec4170a9-c9f6-4893-9f55-53c7ff5cff0b(uuid7678)
сент. 19, 2025 6:42:49 PM webapp.storage.AbstractStorage save
INFO: &amp#27;[32mSave 09093311-2cbe-474d-bb97-1a25bc74186a(uuid7679)
сент. 19, 2025 6:42:49 PM webapp.storage.AbstractStorage save
INFO: &amp#27;[32mSave d111897a-6b10-4d30-b0db-8ee01cfeb018(uuid7680)
сент. 19, 2025 6:42:49 PM webapp.storage.AbstractStorage save
INFO: &amp#27;[32mSave 987492c8-4068-4d4c-a9ac-50185e194876(uuid7681)
сент. 19, 2025 6:42:49 PM webapp.storage.AbstractStorage save
INFO: &amp#27;[32mSave 171d2146-5fd3-445b-88b6-46c82cf5bc62(uuid7682)
сент. 19, 2025 6:42:49 PM webapp.storage.AbstractStorage save
INFO: &amp#27;[32mSave 6b9b018c-a3e8-47f6-84d5-73aa1551ad40(uuid7683)
сент. 19, 2025 6:42:49 PM webapp.storage.AbstractStorage save
INFO: &amp#27;[32mSave 65de403d-ba2b-4c1d-9c0c-4cbfeebe3498(uuid7684)
сент. 19, 2025 6:42:49 PM webapp.storage.AbstractStorage save
INFO: &amp#27;[32mSave 21515a01-b8bf-45a3-bbf5-f44faa308bf1(uuid7685)
сент. 19, 2025 6:42:49 PM webapp.storage.AbstractStorage save
INFO: &amp#27;[32mSave 4b4ef1ac-dbbd-49a9-9e5e-aa4f6cdb3ba5(uuid7686)
сент. 19, 2025 6:42:49 PM webapp.storage.AbstractStorage save
INFO: &amp#27;[32mSave 4fc90dea-6d17-46ca-bfe7-fb2017a0ab92(uuid7687)
сент. 19, 2025 6:42:49 PM webapp.storage.AbstractStorage save
INFO: &amp#27;[32mSave 2c665d89-b8d3-4f12-9816-ba9114e708df(uuid7688)
сент. 19, 2025 6:42:49 PM webapp.storage.AbstractStorage save
INFO: &amp#27;[32mSave 3aa10a79-355a-46dd-ba85-f279e55f0cc0(uuid7689)
сент. 19, 2025 6:42:49 PM webapp.storage.AbstractStorage save
INFO: &amp#27;[32mSave 2993cb84-f25a-46a2-844f-b9a1814ad1a5(uuid7690)
сент. 19, 2025 6:42:49 PM webapp.storage.AbstractStorage save
INFO: &amp#27;[32mSave 2f9bee8b-0598-48d7-9803-6716a77750de(uuid7691)
сент. 19, 2025 6:42:49 PM webapp.storage.AbstractStorage save
INFO: &amp#27;[32mSave 937d27dc-8b8e-4320-b7b6-1fbd5ccb6d22(uuid7692)
сент. 19, 2025 6:42:49 PM webapp.storage.AbstractStorage save
INFO: &amp#27;[32mSave 8764cd58-ea0b-4271-abea-1ba58b7a0a12(uuid7693)
сент. 19, 2025 6:42:49 PM webapp.storage.AbstractStorage save
INFO: &amp#27;[32mSave eb77b9e7-a7b8-43e4-889e-f74495c6e583(uuid7694)
сент. 19, 2025 6:42:49 PM webapp.storage.AbstractStorage save
INFO: &amp#27;[32mSave b3864017-fb79-4ba1-abd5-990ae5273ed6(uuid7695)
сент. 19, 2025 6:42:49 PM webapp.storage.AbstractStorage save
INFO: &amp#27;[32mSave d003dfd1-dc75-4108-9545-042e9abfb17a(uuid7696)
сент. 19, 2025 6:42:49 PM webapp.storage.AbstractStorage save
INFO: &amp#27;[32mSave 7f4fbf74-db05-4049-a033-d4f1f08b3f39(uuid7697)
сент. 19, 2025 6:42:49 PM webapp.storage.AbstractStorage save
INFO: &amp#27;[32mSave 2db29c52-bc2b-4cd0-9b65-58dcd0b07c9e(uuid7698)
сент. 19, 2025 6:42:49 PM webapp.storage.AbstractStorage save
INFO: &amp#27;[32mSave dac7d2b2-d49c-4123-ac67-7f95ed20c627(uuid7699)
сент. 19, 2025 6:42:49 PM webapp.storage.AbstractStorage save
INFO: &amp#27;[32mSave 5ee9f0a0-709b-41da-9a68-f362eab12723(uuid7700)
сент. 19, 2025 6:42:49 PM webapp.storage.AbstractStorage save
INFO: &amp#27;[32mSave 1b3a066b-cccf-4d9f-b06a-7fcd5fad14a9(uuid7701)
сент. 19, 2025 6:42:49 PM webapp.storage.AbstractStorage save
INFO: &amp#27;[32mSave 3d1fa68c-8ea9-4dee-968e-5fc914792115(uuid7702)
сент. 19, 2025 6:42:49 PM webapp.storage.AbstractStorage save
INFO: &amp#27;[32mSave 09ff41b6-c537-4938-9a2f-3a2302916796(uuid7703)
сент. 19, 2025 6:42:49 PM webapp.storage.AbstractStorage save
INFO: &amp#27;[32mSave d1b7344c-ae4c-4920-9bdd-28f7d0c9e144(uuid7704)
сент. 19, 2025 6:42:49 PM webapp.storage.AbstractStorage save
INFO: &amp#27;[32mSave 83ca1060-6ea6-49cb-8501-8888ec87d204(uuid7705)
сент. 19, 2025 6:42:49 PM webapp.storage.AbstractStorage save
INFO: &amp#27;[32mSave 61fe3d41-0261-4d06-91de-958b1f59f3b6(uuid7706)
сент. 19, 2025 6:42:49 PM webapp.storage.AbstractStorage save
INFO: &amp#27;[32mSave b4accd7b-fa89-4b70-b878-14264ae6f2f3(uuid7707)
сент. 19, 2025 6:42:49 PM webapp.storage.AbstractStorage save
INFO: &amp#27;[32mSave c826aaeb-0608-4e61-8511-437b506717f9(uuid7708)
сент. 19, 2025 6:42:49 PM webapp.storage.AbstractStorage save
INFO: &amp#27;[32mSave 2ea820f2-5719-44c8-809a-a00120dd1f77(uuid7709)
сент. 19, 2025 6:42:49 PM webapp.storage.AbstractStorage save
INFO: &amp#27;[32mSave e21d73cb-073d-4b78-ba50-d8ff5be442a9(uuid7710)
сент. 19, 2025 6:42:49 PM webapp.storage.AbstractStorage save
INFO: &amp#27;[32mSave 74eb1871-c94f-4bd3-be47-8bc99f8a574c(uuid7711)
сент. 19, 2025 6:42:49 PM webapp.storage.AbstractStorage save
INFO: &amp#27;[32mSave 88413b71-0ac6-402f-ab52-a009ac71b4cf(uuid7712)
сент. 19, 2025 6:42:49 PM webapp.storage.AbstractStorage save
INFO: &amp#27;[32mSave 8aa55dc1-c2aa-4768-b95b-ebd6de4d5b50(uuid7713)
сент. 19, 2025 6:42:49 PM webapp.storage.AbstractStorage save
INFO: &amp#27;[32mSave 39712bd2-86ed-42fc-9ace-a5be572624a4(uuid7714)
сент. 19, 2025 6:42:49 PM webapp.storage.AbstractStorage save
INFO: &amp#27;[32mSave cb478292-70b4-46b2-a9ad-14e91a258fe4(uuid7715)
сент. 19, 2025 6:42:49 PM webapp.storage.AbstractStorage save
INFO: &amp#27;[32mSave 987ceff3-829d-45f9-a904-7d3fda927b3b(uuid7716)
сент. 19, 2025 6:42:49 PM webapp.storage.AbstractStorage save
INFO: &amp#27;[32mSave c48a4e21-924f-4294-b585-59ea72cf0375(uuid7717)
сент. 19, 2025 6:42:49 PM webapp.storage.AbstractStorage save
INFO: &amp#27;[32mSave 91de3a5d-5288-4dee-827a-6048542a0f28(uuid7718)
сент. 19, 2025 6:42:49 PM webapp.storage.AbstractStorage save
INFO: &amp#27;[32mSave 2835fb6b-55d2-44f5-809e-ac81c2b0c3d7(uuid7719)
сент. 19, 2025 6:42:49 PM webapp.storage.AbstractStorage save
INFO: &amp#27;[32mSave 07956dd0-b60d-4186-b690-ee66e5e85e21(uuid7720)
сент. 19, 2025 6:42:49 PM webapp.storage.AbstractStorage save
INFO: &amp#27;[32mSave a9a3912a-6f8d-457a-8dad-005bd87d6372(uuid7721)
сент. 19, 2025 6:42:49 PM webapp.storage.AbstractStorage save
INFO: &amp#27;[32mSave 48f28e11-24a3-4fe1-acd8-c80b8c71d6ca(uuid7722)
сент. 19, 2025 6:42:49 PM webapp.storage.AbstractStorage save
INFO: &amp#27;[32mSave ed39ed5a-a2ee-4a03-b63f-b2b6442dcb03(uuid7723)
сент. 19, 2025 6:42:49 PM webapp.storage.AbstractStorage save
INFO: &amp#27;[32mSave 14a7d68e-4677-48a9-be6f-e0e24e85c20c(uuid7724)
сент. 19, 2025 6:42:49 PM webapp.storage.AbstractStorage save
INFO: &amp#27;[32mSave 4131cf9a-a8f2-4ac0-b6b8-c46e61f113f2(uuid7725)
сент. 19, 2025 6:42:49 PM webapp.storage.AbstractStorage save
INFO: &amp#27;[32mSave 8776c80e-5dee-45a7-aaf9-1b6e0ac461e9(uuid7726)
сент. 19, 2025 6:42:49 PM webapp.storage.AbstractStorage save
INFO: &amp#27;[32mSave 8b461b41-5603-4c21-83ca-5992d8e2eda2(uuid7727)
сент. 19, 2025 6:42:49 PM webapp.storage.AbstractStorage save
INFO: &amp#27;[32mSave b22c7c07-39d2-434d-a512-ce8c2789a250(uuid7728)
сент. 19, 2025 6:42:49 PM webapp.storage.AbstractStorage save
INFO: &amp#27;[32mSave 40c77e57-8087-49bd-b733-4005098813c1(uuid7729)
сент. 19, 2025 6:42:49 PM webapp.storage.AbstractStorage save
INFO: &amp#27;[32mSave 1bce1311-051e-4f32-b98d-d18846424fc9(uuid7730)
сент. 19, 2025 6:42:49 PM webapp.storage.AbstractStorage save
INFO: &amp#27;[32mSave 81770745-ba7c-4708-b596-50d8c0f0aba1(uuid7731)
сент. 19, 2025 6:42:49 PM webapp.storage.AbstractStorage save
INFO: &amp#27;[32mSave d188eb7f-fb4c-4a30-bc36-3b55005cad3e(uuid7732)
сент. 19, 2025 6:42:49 PM webapp.storage.AbstractStorage save
INFO: &amp#27;[32mSave 8887ad0c-8dfb-4ffb-b354-b5103686910b(uuid7733)
сент. 19, 2025 6:42:49 PM webapp.storage.AbstractStorage save
INFO: &amp#27;[32mSave af3d43ba-4f2f-41ca-a13b-21562cbb4f19(uuid7734)
сент. 19, 2025 6:42:49 PM webapp.storage.AbstractStorage save
INFO: &amp#27;[32mSave 934d6ca4-803c-4de1-8edb-b8acca309388(uuid7735)
сент. 19, 2025 6:42:49 PM webapp.storage.AbstractStorage save
INFO: &amp#27;[32mSave 24fcd81f-322b-4e78-987b-d89130c62dd4(uuid7736)
сент. 19, 2025 6:42:49 PM webapp.storage.AbstractStorage save
INFO: &amp#27;[32mSave ddf4d9bf-eed7-4944-81a2-b6fed8b06926(uuid7737)
сент. 19, 2025 6:42:49 PM webapp.storage.AbstractStorage save
INFO: &amp#27;[32mSave 5d6ba33d-4b91-4c50-a8dc-7bd38de1058e(uuid7738)
сент. 19, 2025 6:42:49 PM webapp.storage.AbstractStorage save
INFO: &amp#27;[32mSave 53fd3a9b-e84b-4c10-babd-0cbf539bf02f(uuid7739)
сент. 19, 2025 6:42:49 PM webapp.storage.AbstractStorage save
INFO: &amp#27;[32mSave ff4afd8a-c48e-4364-b7bc-d607fcdb9ed7(uuid7740)
сент. 19, 2025 6:42:49 PM webapp.storage.AbstractStorage save
INFO: &amp#27;[32mSave 950ba510-b10e-47c4-9a76-1c88151b4627(uuid7741)
сент. 19, 2025 6:42:49 PM webapp.storage.AbstractStorage save
INFO: &amp#27;[32mSave 3439b123-cc67-4536-bd25-dda43e40fe13(uuid7742)
сент. 19, 2025 6:42:49 PM webapp.storage.AbstractStorage save
INFO: &amp#27;[32mSave d888ed6f-5ee9-4bad-993c-4cfd2aad4c77(uuid7743)
сент. 19, 2025 6:42:49 PM webapp.storage.AbstractStorage save
INFO: &amp#27;[32mSave 829f31e2-23f7-4776-ac94-1f8f421d10c6(uuid7744)
сент. 19, 2025 6:42:49 PM webapp.storage.AbstractStorage save
INFO: &amp#27;[32mSave 5a0fcdb1-466f-4054-862a-b87aa6806337(uuid7745)
сент. 19, 2025 6:42:49 PM webapp.storage.AbstractStorage save
INFO: &amp#27;[32mSave 6ca66fd2-cde4-46ba-9a7f-386db5c38cde(uuid7746)
сент. 19, 2025 6:42:49 PM webapp.storage.AbstractStorage save
INFO: &amp#27;[32mSave 7673b01a-8e1d-44b7-8f54-f76abdc084fb(uuid7747)
сент. 19, 2025 6:42:49 PM webapp.storage.AbstractStorage save
INFO: &amp#27;[32mSave 26cebf7d-fe15-4a46-a5d6-ce02b6c24f6b(uuid7748)
сент. 19, 2025 6:42:49 PM webapp.storage.AbstractStorage save
INFO: &amp#27;[32mSave 320205a1-8024-42f0-9c5e-27ec2f270d8d(uuid7749)
сент. 19, 2025 6:42:49 PM webapp.storage.AbstractStorage save
INFO: &amp#27;[32mSave 84dabb05-5143-4db0-a47b-bcf53bde5d43(uuid7750)
сент. 19, 2025 6:42:49 PM webapp.storage.AbstractStorage save
INFO: &amp#27;[32mSave b303f97f-e9af-424c-967a-7a4151a6bd58(uuid7751)
сент. 19, 2025 6:42:49 PM webapp.storage.AbstractStorage save
INFO: &amp#27;[32mSave bfdbd880-8709-4b28-8f06-721f45322f69(uuid7752)
сент. 19, 2025 6:42:49 PM webapp.storage.AbstractStorage save
INFO: &amp#27;[32mSave d057ebeb-24f2-4622-b79c-b9d90f1bdf8a(uuid7753)
сент. 19, 2025 6:42:49 PM webapp.storage.AbstractStorage save
INFO: &amp#27;[32mSave 741d05c1-e746-4ba3-9e02-0d66b3226f21(uuid7754)
сент. 19, 2025 6:42:49 PM webapp.storage.AbstractStorage save
INFO: &amp#27;[32mSave 82404eca-9af1-4422-a2a1-481e6a4c496b(uuid7755)
сент. 19, 2025 6:42:49 PM webapp.storage.AbstractStorage save
INFO: &amp#27;[32mSave e89d1bfe-f741-4132-a266-ca13abfddb89(uuid7756)
сент. 19, 2025 6:42:49 PM webapp.storage.AbstractStorage save
INFO: &amp#27;[32mSave 3f6a855f-4a0f-4ab4-947c-ebe798d1e8a0(uuid7757)
сент. 19, 2025 6:42:49 PM webapp.storage.AbstractStorage save
INFO: &amp#27;[32mSave 871f8950-d7e7-443f-8027-2bd8f90fd0db(uuid7758)
сент. 19, 2025 6:42:49 PM webapp.storage.AbstractStorage save
INFO: &amp#27;[32mSave f83c3507-219f-458f-b839-85cf6e5b89fa(uuid7759)
сент. 19, 2025 6:42:49 PM webapp.storage.AbstractStorage save
INFO: &amp#27;[32mSave 1890ba30-692f-4551-9425-adaccf83e23f(uuid7760)
сент. 19, 2025 6:42:49 PM webapp.storage.AbstractStorage save
INFO: &amp#27;[32mSave 99a75c1b-cfb7-4f80-8ce1-f831036beb3c(uuid7761)
сент. 19, 2025 6:42:49 PM webapp.storage.AbstractStorage save
INFO: &amp#27;[32mSave 0fcaa3fe-5504-427c-8b39-e5ad9cac82da(uuid7762)
сент. 19, 2025 6:42:49 PM webapp.storage.AbstractStorage save
INFO: &amp#27;[32mSave cb5ed295-ee8f-488d-b933-0cde76c50343(uuid7763)
сент. 19, 2025 6:42:49 PM webapp.storage.AbstractStorage save
INFO: &amp#27;[32mSave bc466006-27b7-4cf1-b913-7ec7aaac6c80(uuid7764)
сент. 19, 2025 6:42:49 PM webapp.storage.AbstractStorage save
INFO: &amp#27;[32mSave b751b8bf-fcbd-46f8-9dea-926fb8d9caf5(uuid7765)
сент. 19, 2025 6:42:49 PM webapp.storage.AbstractStorage save
INFO: &amp#27;[32mSave 3f53d4ff-c4cc-4d90-aafa-c469d7399202(uuid7766)
сент. 19, 2025 6:42:49 PM webapp.storage.AbstractStorage save
INFO: &amp#27;[32mSave 589669ee-0f15-4343-abbe-2ed08f4e8e00(uuid7767)
сент. 19, 2025 6:42:49 PM webapp.storage.AbstractStorage save
INFO: &amp#27;[32mSave b3d828a9-4656-4d66-827c-e6357697b563(uuid7768)
сент. 19, 2025 6:42:49 PM webapp.storage.AbstractStorage save
INFO: &amp#27;[32mSave 45b885ba-e99a-440a-9948-148462d2bf9a(uuid7769)
сент. 19, 2025 6:42:49 PM webapp.storage.AbstractStorage save
INFO: &amp#27;[32mSave b93c84fd-69a6-4a15-b2be-d7498206fc34(uuid7770)
сент. 19, 2025 6:42:49 PM webapp.storage.AbstractStorage save
INFO: &amp#27;[32mSave 3048b22d-dcfe-466e-8270-6a8ff46c0613(uuid7771)
сент. 19, 2025 6:42:49 PM webapp.storage.AbstractStorage save
INFO: &amp#27;[32mSave b536a17a-7eee-4cfc-9049-5a951343208b(uuid7772)
сент. 19, 2025 6:42:49 PM webapp.storage.AbstractStorage save
INFO: &amp#27;[32mSave 6d26e51e-327e-4780-8b4c-ffaffc204c24(uuid7773)
сент. 19, 2025 6:42:49 PM webapp.storage.AbstractStorage save
INFO: &amp#27;[32mSave bab174ff-48b7-4ef9-aea4-9618bdd3cc14(uuid7774)
сент. 19, 2025 6:42:49 PM webapp.storage.AbstractStorage save
INFO: &amp#27;[32mSave 8b807a33-bb8d-456f-b236-86d96b083f9f(uuid7775)
сент. 19, 2025 6:42:49 PM webapp.storage.AbstractStorage save
INFO: &amp#27;[32mSave fdfb0668-67fe-4865-ad18-31da2674c93f(uuid7776)
сент. 19, 2025 6:42:49 PM webapp.storage.AbstractStorage save
INFO: &amp#27;[32mSave d42f28b9-458c-4649-b456-a7fb893aa2a6(uuid7777)
сент. 19, 2025 6:42:49 PM webapp.storage.AbstractStorage save
INFO: &amp#27;[32mSave 5d374d11-a4bc-4769-b3ac-56abe8e8f6ab(uuid7778)
сент. 19, 2025 6:42:49 PM webapp.storage.AbstractStorage save
INFO: &amp#27;[32mSave b0583af2-0905-4eef-b12a-186102930656(uuid7779)
сент. 19, 2025 6:42:49 PM webapp.storage.AbstractStorage save
INFO: &amp#27;[32mSave b787a8eb-b65e-41ca-82ff-1c8f9418182f(uuid7780)
сент. 19, 2025 6:42:49 PM webapp.storage.AbstractStorage save
INFO: &amp#27;[32mSave 0935ef79-ebe7-42a4-84b9-4c5f5414f35c(uuid7781)
сент. 19, 2025 6:42:49 PM webapp.storage.AbstractStorage save
INFO: &amp#27;[32mSave 1e98d583-f2df-4418-8fea-8842230f16b0(uuid7782)
сент. 19, 2025 6:42:49 PM webapp.storage.AbstractStorage save
INFO: &amp#27;[32mSave 7a52b395-2953-48ab-aa94-8ea9ce7c20c8(uuid7783)
сент. 19, 2025 6:42:49 PM webapp.storage.AbstractStorage save
INFO: &amp#27;[32mSave 1c9c525b-79a7-4614-9bdc-bd0e88cc1d85(uuid7784)
сент. 19, 2025 6:42:49 PM webapp.storage.AbstractStorage save
INFO: &amp#27;[32mSave 00245951-e827-40c0-ba4d-f72c961073e1(uuid7785)
сент. 19, 2025 6:42:49 PM webapp.storage.AbstractStorage save
INFO: &amp#27;[32mSave 1a6e9de5-83a3-4592-bb5c-0611e657fc47(uuid7786)
сент. 19, 2025 6:42:49 PM webapp.storage.AbstractStorage save
INFO: &amp#27;[32mSave eb0056df-86e3-4ca7-a203-e54bf778f974(uuid7787)
сент. 19, 2025 6:42:49 PM webapp.storage.AbstractStorage save
INFO: &amp#27;[32mSave d369c286-9905-4a84-82b0-bbd58bdd7ebe(uuid7788)
сент. 19, 2025 6:42:49 PM webapp.storage.AbstractStorage save
INFO: &amp#27;[32mSave 1b5d812c-cc22-4a3c-a17d-aeefa27b9555(uuid7789)
сент. 19, 2025 6:42:49 PM webapp.storage.AbstractStorage save
INFO: &amp#27;[32mSave eb8b63f0-40be-49ac-9ff5-21f19e6e9a9b(uuid7790)
сент. 19, 2025 6:42:49 PM webapp.storage.AbstractStorage save
INFO: &amp#27;[32mSave f2fb2a36-acdf-414a-8383-42394ffa803c(uuid7791)
сент. 19, 2025 6:42:49 PM webapp.storage.AbstractStorage save
INFO: &amp#27;[32mSave 9afa302f-1834-44c8-9e3c-e3e1044f409f(uuid7792)
сент. 19, 2025 6:42:49 PM webapp.storage.AbstractStorage save
INFO: &amp#27;[32mSave 9cdb50fe-e752-4f0a-904d-c7f0edff28e8(uuid7793)
сент. 19, 2025 6:42:49 PM webapp.storage.AbstractStorage save
INFO: &amp#27;[32mSave 1b310903-bfc9-42b4-bfcc-6e450c5aca21(uuid7794)
сент. 19, 2025 6:42:49 PM webapp.storage.AbstractStorage save
INFO: &amp#27;[32mSave c4cb085c-b616-4fa1-8962-6353202a8a99(uuid7795)
сент. 19, 2025 6:42:49 PM webapp.storage.AbstractStorage save
INFO: &amp#27;[32mSave fcf9b78a-ba74-431d-a346-059d0f12d49b(uuid7796)
сент. 19, 2025 6:42:49 PM webapp.storage.AbstractStorage save
INFO: &amp#27;[32mSave 7f0956fb-a7da-4819-9166-53b0edc37734(uuid7797)
сент. 19, 2025 6:42:49 PM webapp.storage.AbstractStorage save
INFO: &amp#27;[32mSave 1f7fd910-350a-45ba-8ff4-b3da688e6ec1(uuid7798)
сент. 19, 2025 6:42:49 PM webapp.storage.AbstractStorage save
INFO: &amp#27;[32mSave 2c94b5be-a0b7-474c-8a64-baa84cc16879(uuid7799)
сент. 19, 2025 6:42:49 PM webapp.storage.AbstractStorage save
INFO: &amp#27;[32mSave 5b47d490-f108-4371-bd7a-8f73442768d6(uuid7800)
сент. 19, 2025 6:42:49 PM webapp.storage.AbstractStorage save
INFO: &amp#27;[32mSave 2efede8e-8604-4b46-ba30-ad154dba6d36(uuid7801)
сент. 19, 2025 6:42:49 PM webapp.storage.AbstractStorage save
INFO: &amp#27;[32mSave ea6ab201-fe1a-4f97-a97f-1b2789cd8014(uuid7802)
сент. 19, 2025 6:42:49 PM webapp.storage.AbstractStorage save
INFO: &amp#27;[32mSave 327726d0-4102-4788-b57e-6cf997e8c14f(uuid7803)
сент. 19, 2025 6:42:49 PM webapp.storage.AbstractStorage save
INFO: &amp#27;[32mSave 23409ed3-8ef3-4fc8-8e0b-d7907da3f6a4(uuid7804)
сент. 19, 2025 6:42:49 PM webapp.storage.AbstractStorage save
INFO: &amp#27;[32mSave d29ec4b7-56e2-4a26-b6d3-483cc15044a9(uuid7805)
сент. 19, 2025 6:42:49 PM webapp.storage.AbstractStorage save
INFO: &amp#27;[32mSave 1591b8cd-1fcf-44de-92b0-acc7cbb56f1e(uuid7806)
сент. 19, 2025 6:42:49 PM webapp.storage.AbstractStorage save
INFO: &amp#27;[32mSave 4c1f8b22-d481-4797-b487-ac9885f23bc3(uuid7807)
сент. 19, 2025 6:42:49 PM webapp.storage.AbstractStorage save
INFO: &amp#27;[32mSave 133de5db-c8ae-4baa-a84d-75c9e584e83c(uuid7808)
сент. 19, 2025 6:42:49 PM webapp.storage.AbstractStorage save
INFO: &amp#27;[32mSave b4363058-6e49-49cb-9e71-fe6cc7c8e0a8(uuid7809)
сент. 19, 2025 6:42:49 PM webapp.storage.AbstractStorage save
INFO: &amp#27;[32mSave 9160d8db-30d3-491f-a92e-bca28672cb77(uuid7810)
сент. 19, 2025 6:42:49 PM webapp.storage.AbstractStorage save
INFO: &amp#27;[32mSave 18879f16-032f-429e-8888-6d17f0cc0da4(uuid7811)
сент. 19, 2025 6:42:49 PM webapp.storage.AbstractStorage save
INFO: &amp#27;[32mSave 5b4e4aee-62ae-4386-832b-428c5625d049(uuid7812)
сент. 19, 2025 6:42:49 PM webapp.storage.AbstractStorage save
INFO: &amp#27;[32mSave db234101-dd2e-400c-8fad-bbcf02dc9662(uuid7813)
сент. 19, 2025 6:42:49 PM webapp.storage.AbstractStorage save
INFO: &amp#27;[32mSave ae10aba7-07b1-4d79-b11a-0bdf5aae7388(uuid7814)
сент. 19, 2025 6:42:49 PM webapp.storage.AbstractStorage save
INFO: &amp#27;[32mSave 26919bd4-0789-4f2b-831a-6247aedaef16(uuid7815)
сент. 19, 2025 6:42:49 PM webapp.storage.AbstractStorage save
INFO: &amp#27;[32mSave 4fbb4eb0-2aa8-45b3-81a7-dfb108a6d610(uuid7816)
сент. 19, 2025 6:42:49 PM webapp.storage.AbstractStorage save
INFO: &amp#27;[32mSave b81bcda4-4a6a-4bde-a7e4-814c399c016c(uuid7817)
сент. 19, 2025 6:42:49 PM webapp.storage.AbstractStorage save
INFO: &amp#27;[32mSave cd325c95-d1b7-4dd9-9335-c2eeabffd7c7(uuid7818)
сент. 19, 2025 6:42:49 PM webapp.storage.AbstractStorage save
INFO: &amp#27;[32mSave c1b973df-687f-4ce1-81e4-62d7a2ea58dd(uuid7819)
сент. 19, 2025 6:42:49 PM webapp.storage.AbstractStorage save
INFO: &amp#27;[32mSave 9adfc27e-cff9-48bd-b400-13f12ce12be3(uuid7820)
сент. 19, 2025 6:42:49 PM webapp.storage.AbstractStorage save
INFO: &amp#27;[32mSave e0769ae7-d89b-485e-963f-c7611dbb898e(uuid7821)
сент. 19, 2025 6:42:49 PM webapp.storage.AbstractStorage save
INFO: &amp#27;[32mSave 1833c639-2e84-488b-93ec-3d7682ea9d85(uuid7822)
сент. 19, 2025 6:42:49 PM webapp.storage.AbstractStorage save
INFO: &amp#27;[32mSave 041f5bd2-be9d-4077-bce6-4bad5664b278(uuid7823)
сент. 19, 2025 6:42:49 PM webapp.storage.AbstractStorage save
INFO: &amp#27;[32mSave d71e6398-cb9e-4d4f-84f4-18973c2500fa(uuid7824)
сент. 19, 2025 6:42:49 PM webapp.storage.AbstractStorage save
INFO: &amp#27;[32mSave 9796882b-eb12-4261-88aa-2b33af0f3090(uuid7825)
сент. 19, 2025 6:42:49 PM webapp.storage.AbstractStorage save
INFO: &amp#27;[32mSave abd17a34-8c36-44fe-b672-6b8c2f5a8039(uuid7826)
сент. 19, 2025 6:42:49 PM webapp.storage.AbstractStorage save
INFO: &amp#27;[32mSave f4e9fb7d-33eb-4d29-94ed-fe9ac8600edd(uuid7827)
сент. 19, 2025 6:42:49 PM webapp.storage.AbstractStorage save
INFO: &amp#27;[32mSave df88353a-6d4b-4942-b224-f308556b113f(uuid7828)
сент. 19, 2025 6:42:49 PM webapp.storage.AbstractStorage save
INFO: &amp#27;[32mSave 5b7d67e9-b176-4b42-81a0-fb902de2bda5(uuid7829)
сент. 19, 2025 6:42:49 PM webapp.storage.AbstractStorage save
INFO: &amp#27;[32mSave 77245d57-cd23-4e91-a181-aedbd2e1ecd4(uuid7830)
сент. 19, 2025 6:42:49 PM webapp.storage.AbstractStorage save
INFO: &amp#27;[32mSave b45dea65-e652-42b7-905d-1b4b180c7e70(uuid7831)
сент. 19, 2025 6:42:49 PM webapp.storage.AbstractStorage save
INFO: &amp#27;[32mSave 9d327a90-d5ab-4989-acac-b43299622ae0(uuid7832)
сент. 19, 2025 6:42:49 PM webapp.storage.AbstractStorage save
INFO: &amp#27;[32mSave 66b7e079-5f20-4544-9ee5-285625466537(uuid7833)
сент. 19, 2025 6:42:49 PM webapp.storage.AbstractStorage save
INFO: &amp#27;[32mSave cc8799ee-150c-41bf-901b-dba3eebb5aef(uuid7834)
сент. 19, 2025 6:42:49 PM webapp.storage.AbstractStorage save
INFO: &amp#27;[32mSave 069006cd-0c01-4e98-8e73-6130a7b09eee(uuid7835)
сент. 19, 2025 6:42:49 PM webapp.storage.AbstractStorage save
INFO: &amp#27;[32mSave 8359ce76-917b-4bc3-a655-14e12bdcfd00(uuid7836)
сент. 19, 2025 6:42:49 PM webapp.storage.AbstractStorage save
INFO: &amp#27;[32mSave 2c6c84ff-6f42-4ed5-9f1f-aedc0cd48a59(uuid7837)
сент. 19, 2025 6:42:49 PM webapp.storage.AbstractStorage save
INFO: &amp#27;[32mSave 21d223b0-573f-4c65-9840-013e7f36b401(uuid7838)
сент. 19, 2025 6:42:49 PM webapp.storage.AbstractStorage save
INFO: &amp#27;[32mSave 4baf148a-8dc0-417c-a046-f295fc5878ef(uuid7839)
сент. 19, 2025 6:42:49 PM webapp.storage.AbstractStorage save
INFO: &amp#27;[32mSave db74c44e-e8de-462d-a2f8-55f1fceed060(uuid7840)
сент. 19, 2025 6:42:49 PM webapp.storage.AbstractStorage save
INFO: &amp#27;[32mSave f78cffd1-809e-4ffc-984b-dd1e912c6c6c(uuid7841)
сент. 19, 2025 6:42:49 PM webapp.storage.AbstractStorage save
INFO: &amp#27;[32mSave 92dac354-f606-40e1-bf6a-86535904ca01(uuid7842)
сент. 19, 2025 6:42:49 PM webapp.storage.AbstractStorage save
INFO: &amp#27;[32mSave 8c6fe036-c376-4c76-881d-4dc00c313da7(uuid7843)
сент. 19, 2025 6:42:49 PM webapp.storage.AbstractStorage save
INFO: &amp#27;[32mSave 5dd72d7c-c98f-44c5-9c5a-40ca8fe64cd2(uuid7844)
сент. 19, 2025 6:42:49 PM webapp.storage.AbstractStorage save
INFO: &amp#27;[32mSave fac6802b-b1ef-4bc7-b138-df47e7525b78(uuid7845)
сент. 19, 2025 6:42:49 PM webapp.storage.AbstractStorage save
INFO: &amp#27;[32mSave 716a414e-785d-4624-85e0-f93b3546d333(uuid7846)
сент. 19, 2025 6:42:49 PM webapp.storage.AbstractStorage save
INFO: &amp#27;[32mSave 6fcbfee1-2a82-4837-965e-f19bbf7c3330(uuid7847)
сент. 19, 2025 6:42:49 PM webapp.storage.AbstractStorage save
INFO: &amp#27;[32mSave acde852b-00bb-490d-b8ed-d03bf52f0817(uuid7848)
сент. 19, 2025 6:42:49 PM webapp.storage.AbstractStorage save
INFO: &amp#27;[32mSave 91a4bc88-3ee8-41e3-8e5f-7ec0ea0c4870(uuid7849)
сент. 19, 2025 6:42:49 PM webapp.storage.AbstractStorage save
INFO: &amp#27;[32mSave e7d47bb7-c3cd-4906-ad89-fe036e58bfe7(uuid7850)
сент. 19, 2025 6:42:49 PM webapp.storage.AbstractStorage save
INFO: &amp#27;[32mSave 132bd0d7-9383-473b-a6a1-824f55013f93(uuid7851)
сент. 19, 2025 6:42:49 PM webapp.storage.AbstractStorage save
INFO: &amp#27;[32mSave bfe834fc-bd89-4c49-a7bd-a3b705b9e0de(uuid7852)
сент. 19, 2025 6:42:49 PM webapp.storage.AbstractStorage save
INFO: &amp#27;[32mSave 87441dbd-525e-4221-986d-21142edeeb70(uuid7853)
сент. 19, 2025 6:42:49 PM webapp.storage.AbstractStorage save
INFO: &amp#27;[32mSave d89db35f-bf4f-429c-b0d0-186294329635(uuid7854)
сент. 19, 2025 6:42:49 PM webapp.storage.AbstractStorage save
INFO: &amp#27;[32mSave 14f61eee-d1c6-4b14-9168-cb1b21dfda18(uuid7855)
сент. 19, 2025 6:42:49 PM webapp.storage.AbstractStorage save
INFO: &amp#27;[32mSave eeb32612-634d-4b50-a3b4-cedfac5573a1(uuid7856)
сент. 19, 2025 6:42:49 PM webapp.storage.AbstractStorage save
INFO: &amp#27;[32mSave 7688fee3-36dc-4a87-96a3-b33d853b57cb(uuid7857)
сент. 19, 2025 6:42:49 PM webapp.storage.AbstractStorage save
INFO: &amp#27;[32mSave 1fed5e79-5381-4564-8cc5-25524f1ff33c(uuid7858)
сент. 19, 2025 6:42:49 PM webapp.storage.AbstractStorage save
INFO: &amp#27;[32mSave feb9ffec-72b2-4e53-8e7c-f159466af893(uuid7859)
сент. 19, 2025 6:42:49 PM webapp.storage.AbstractStorage save
INFO: &amp#27;[32mSave f6ed48da-d80d-41b8-a40b-db313d3d76cb(uuid7860)
сент. 19, 2025 6:42:49 PM webapp.storage.AbstractStorage save
INFO: &amp#27;[32mSave 54381bff-bb6e-46bc-a251-94290cdf26f9(uuid7861)
сент. 19, 2025 6:42:49 PM webapp.storage.AbstractStorage save
INFO: &amp#27;[32mSave a3d3aa28-1c07-402c-b75d-3124d04f2a26(uuid7862)
сент. 19, 2025 6:42:49 PM webapp.storage.AbstractStorage save
INFO: &amp#27;[32mSave 615a0c4b-435e-4018-88ab-4d031411dc62(uuid7863)
сент. 19, 2025 6:42:49 PM webapp.storage.AbstractStorage save
INFO: &amp#27;[32mSave d19d2675-d190-428e-8fd2-ef94b1ed3747(uuid7864)
сент. 19, 2025 6:42:49 PM webapp.storage.AbstractStorage save
INFO: &amp#27;[32mSave 03549b60-87a9-4f38-b785-58dec4943ef4(uuid7865)
сент. 19, 2025 6:42:49 PM webapp.storage.AbstractStorage save
INFO: &amp#27;[32mSave 6b51b91f-8e24-478f-a206-5d938ae6afa3(uuid7866)
сент. 19, 2025 6:42:49 PM webapp.storage.AbstractStorage save
INFO: &amp#27;[32mSave 800518cc-7633-4250-9607-b4240d5c5010(uuid7867)
сент. 19, 2025 6:42:49 PM webapp.storage.AbstractStorage save
INFO: &amp#27;[32mSave 2d94397c-bf59-45de-8c2f-2e90381b1825(uuid7868)
сент. 19, 2025 6:42:49 PM webapp.storage.AbstractStorage save
INFO: &amp#27;[32mSave a5dcabaa-14ea-4246-8284-f3ddef4cdcdc(uuid7869)
сент. 19, 2025 6:42:49 PM webapp.storage.AbstractStorage save
INFO: &amp#27;[32mSave 4f7a4815-f4ec-4455-918b-dd830d116adc(uuid7870)
сент. 19, 2025 6:42:49 PM webapp.storage.AbstractStorage save
INFO: &amp#27;[32mSave e5ca40d6-4234-418f-9af3-3fa7d15eed23(uuid7871)
сент. 19, 2025 6:42:49 PM webapp.storage.AbstractStorage save
INFO: &amp#27;[32mSave 9f69e44b-3c6b-41a8-be7a-c252627648cb(uuid7872)
сент. 19, 2025 6:42:49 PM webapp.storage.AbstractStorage save
INFO: &amp#27;[32mSave 37f89df1-610e-46c8-addb-98a49cc4f463(uuid7873)
сент. 19, 2025 6:42:49 PM webapp.storage.AbstractStorage save
INFO: &amp#27;[32mSave 6593f19f-4606-4a88-8049-868b8e5098ed(uuid7874)
сент. 19, 2025 6:42:49 PM webapp.storage.AbstractStorage save
INFO: &amp#27;[32mSave dfe6eeac-01b6-4d46-8697-d3380bd965b7(uuid7875)
сент. 19, 2025 6:42:49 PM webapp.storage.AbstractStorage save
INFO: &amp#27;[32mSave bf6fe551-d7bc-4534-9ccc-a3314c6db5e5(uuid7876)
сент. 19, 2025 6:42:49 PM webapp.storage.AbstractStorage save
INFO: &amp#27;[32mSave 41a6bdd7-9efb-4b50-8c71-39d1e0ad4620(uuid7877)
сент. 19, 2025 6:42:49 PM webapp.storage.AbstractStorage save
INFO: &amp#27;[32mSave be12817d-9884-4929-bfba-d2f46ae390aa(uuid7878)
сент. 19, 2025 6:42:49 PM webapp.storage.AbstractStorage save
INFO: &amp#27;[32mSave 14d73172-c0dd-455e-a858-b687ef71d8fb(uuid7879)
сент. 19, 2025 6:42:49 PM webapp.storage.AbstractStorage save
INFO: &amp#27;[32mSave 7239743d-f46f-40f0-b8f1-6068c0dedb23(uuid7880)
сент. 19, 2025 6:42:49 PM webapp.storage.AbstractStorage save
INFO: &amp#27;[32mSave 51a19776-016a-49a2-a777-d0de729c72ee(uuid7881)
сент. 19, 2025 6:42:49 PM webapp.storage.AbstractStorage save
INFO: &amp#27;[32mSave fe609ab6-db86-4b2d-ae03-0ce2c8593939(uuid7882)
сент. 19, 2025 6:42:49 PM webapp.storage.AbstractStorage save
INFO: &amp#27;[32mSave 2d9268b4-483b-4636-88cd-8896474365d3(uuid7883)
сент. 19, 2025 6:42:49 PM webapp.storage.AbstractStorage save
INFO: &amp#27;[32mSave 48533af1-e212-458e-959c-bab14888d20b(uuid7884)
сент. 19, 2025 6:42:49 PM webapp.storage.AbstractStorage save
INFO: &amp#27;[32mSave 47bb8775-1298-433d-9aea-6cc6fa2f1849(uuid7885)
сент. 19, 2025 6:42:49 PM webapp.storage.AbstractStorage save
INFO: &amp#27;[32mSave 638ffe21-c745-4922-92b7-c78eb6c6fd08(uuid7886)
сент. 19, 2025 6:42:49 PM webapp.storage.AbstractStorage save
INFO: &amp#27;[32mSave a5e129e3-f900-4b2b-9af6-1ddfe24c1d25(uuid7887)
сент. 19, 2025 6:42:49 PM webapp.storage.AbstractStorage save
INFO: &amp#27;[32mSave b0743ec7-ff66-4b3a-be6d-747c40fc31d8(uuid7888)
сент. 19, 2025 6:42:49 PM webapp.storage.AbstractStorage save
INFO: &amp#27;[32mSave 62cec32c-1314-4e3e-ba99-0f8995c6f70d(uuid7889)
сент. 19, 2025 6:42:49 PM webapp.storage.AbstractStorage save
INFO: &amp#27;[32mSave 2b3ab689-3d95-4031-a439-8c7071379cb7(uuid7890)
сент. 19, 2025 6:42:49 PM webapp.storage.AbstractStorage save
INFO: &amp#27;[32mSave 5941e10a-d990-4879-b6ef-d17d8a48f5e8(uuid7891)
сент. 19, 2025 6:42:49 PM webapp.storage.AbstractStorage save
INFO: &amp#27;[32mSave 0547e103-ea2f-4bcd-840c-edbd63787bb8(uuid7892)
сент. 19, 2025 6:42:49 PM webapp.storage.AbstractStorage save
INFO: &amp#27;[32mSave 7f7472a7-59a0-4a0f-b53e-14f47c46d8a9(uuid7893)
сент. 19, 2025 6:42:49 PM webapp.storage.AbstractStorage save
INFO: &amp#27;[32mSave 7f4941ff-5886-40ab-a9f8-23fd9c08ff14(uuid7894)
сент. 19, 2025 6:42:49 PM webapp.storage.AbstractStorage save
INFO: &amp#27;[32mSave 35969586-d9e1-4b54-b117-59e53a20e374(uuid7895)
сент. 19, 2025 6:42:49 PM webapp.storage.AbstractStorage save
INFO: &amp#27;[32mSave 188536fc-0cba-4d78-bca4-552536d70778(uuid7896)
сент. 19, 2025 6:42:49 PM webapp.storage.AbstractStorage save
INFO: &amp#27;[32mSave 05508aba-afb0-4cf3-9c0d-0d44a794fdda(uuid7897)
сент. 19, 2025 6:42:49 PM webapp.storage.AbstractStorage save
INFO: &amp#27;[32mSave 198cfabb-cabc-4108-bbb2-a82e7b25b3d0(uuid7898)
сент. 19, 2025 6:42:49 PM webapp.storage.AbstractStorage save
INFO: &amp#27;[32mSave 28686663-4dfa-4ce1-957d-b58465488b2c(uuid7899)
сент. 19, 2025 6:42:49 PM webapp.storage.AbstractStorage save
INFO: &amp#27;[32mSave 4dbf633a-71c4-4e97-a504-260e74307acd(uuid7900)
сент. 19, 2025 6:42:49 PM webapp.storage.AbstractStorage save
INFO: &amp#27;[32mSave 4ae6f4f6-fcde-4952-854e-0a42a0abcbdc(uuid7901)
сент. 19, 2025 6:42:49 PM webapp.storage.AbstractStorage save
INFO: &amp#27;[32mSave eb751b9f-69bb-41d7-bdd7-bdd101a18e22(uuid7902)
сент. 19, 2025 6:42:49 PM webapp.storage.AbstractStorage save
INFO: &amp#27;[32mSave 68587aae-4081-47c3-aa74-6824f401045f(uuid7903)
сент. 19, 2025 6:42:49 PM webapp.storage.AbstractStorage save
INFO: &amp#27;[32mSave 26b9c393-6fdb-4741-a5de-76af1f92b720(uuid7904)
сент. 19, 2025 6:42:49 PM webapp.storage.AbstractStorage save
INFO: &amp#27;[32mSave a9966c7e-ed6a-4fa2-ab51-6527176e2020(uuid7905)
сент. 19, 2025 6:42:49 PM webapp.storage.AbstractStorage save
INFO: &amp#27;[32mSave 9fa8b5d4-728b-4c2e-94c5-ddd1a0613ec1(uuid7906)
сент. 19, 2025 6:42:49 PM webapp.storage.AbstractStorage save
INFO: &amp#27;[32mSave 7da2bce7-32bc-44eb-86d7-ed7e5aaff4b5(uuid7907)
сент. 19, 2025 6:42:49 PM webapp.storage.AbstractStorage save
INFO: &amp#27;[32mSave fe102ffd-0439-4f31-9484-d43a8479a0f7(uuid7908)
сент. 19, 2025 6:42:49 PM webapp.storage.AbstractStorage save
INFO: &amp#27;[32mSave db78c5b6-71a8-433c-816f-0f68826c3e56(uuid7909)
сент. 19, 2025 6:42:49 PM webapp.storage.AbstractStorage save
INFO: &amp#27;[32mSave ec0f298e-2991-475b-a0f3-e83603880150(uuid7910)
сент. 19, 2025 6:42:49 PM webapp.storage.AbstractStorage save
INFO: &amp#27;[32mSave 502cd9b4-939e-4e6e-bfb9-d4dfb9f8f00c(uuid7911)
сент. 19, 2025 6:42:49 PM webapp.storage.AbstractStorage save
INFO: &amp#27;[32mSave 8bdd8489-b878-4af7-b97a-08566508533a(uuid7912)
сент. 19, 2025 6:42:49 PM webapp.storage.AbstractStorage save
INFO: &amp#27;[32mSave 9e52f426-0b57-4ab5-b5e9-6a736f64754c(uuid7913)
сент. 19, 2025 6:42:49 PM webapp.storage.AbstractStorage save
INFO: &amp#27;[32mSave 2f389fe7-204b-4651-8e47-ce56ff11758c(uuid7914)
сент. 19, 2025 6:42:49 PM webapp.storage.AbstractStorage save
INFO: &amp#27;[32mSave fe163b3d-4543-431c-a5de-1862a5520b4d(uuid7915)
сент. 19, 2025 6:42:49 PM webapp.storage.AbstractStorage save
INFO: &amp#27;[32mSave f28704c6-a86a-4831-aabf-b1aeb6fe00f7(uuid7916)
сент. 19, 2025 6:42:49 PM webapp.storage.AbstractStorage save
INFO: &amp#27;[32mSave 73ca7b9f-d29f-4637-bae4-917fee7dcfae(uuid7917)
сент. 19, 2025 6:42:49 PM webapp.storage.AbstractStorage save
INFO: &amp#27;[32mSave 8d848474-5520-4cb7-ba9c-e73a08008ce2(uuid7918)
сент. 19, 2025 6:42:49 PM webapp.storage.AbstractStorage save
INFO: &amp#27;[32mSave 35a46413-0839-4db4-95fa-8f99485ae06f(uuid7919)
сент. 19, 2025 6:42:49 PM webapp.storage.AbstractStorage save
INFO: &amp#27;[32mSave 906b175c-c927-4b4b-9061-68f81cdf0ca1(uuid7920)
сент. 19, 2025 6:42:49 PM webapp.storage.AbstractStorage save
INFO: &amp#27;[32mSave 39c520f0-0dee-4a67-86c5-1f7856fd1dc0(uuid7921)
сент. 19, 2025 6:42:49 PM webapp.storage.AbstractStorage save
INFO: &amp#27;[32mSave 4394e398-8231-471f-9eb2-78e4c124f2cf(uuid7922)
сент. 19, 2025 6:42:49 PM webapp.storage.AbstractStorage save
INFO: &amp#27;[32mSave dade0ff2-eae6-439a-889f-d5c039fdb531(uuid7923)
сент. 19, 2025 6:42:49 PM webapp.storage.AbstractStorage save
INFO: &amp#27;[32mSave 46c565b2-17c4-4aba-baee-46d4d3ce44b7(uuid7924)
сент. 19, 2025 6:42:49 PM webapp.storage.AbstractStorage save
INFO: &amp#27;[32mSave eafea7c2-aff7-4dd0-a149-d5d98c3efd8b(uuid7925)
сент. 19, 2025 6:42:49 PM webapp.storage.AbstractStorage save
INFO: &amp#27;[32mSave 756c2603-210f-4729-8714-1358578e9fa8(uuid7926)
сент. 19, 2025 6:42:49 PM webapp.storage.AbstractStorage save
INFO: &amp#27;[32mSave 9ad9df5b-72de-4877-b1ec-13a853631af3(uuid7927)
сент. 19, 2025 6:42:49 PM webapp.storage.AbstractStorage save
INFO: &amp#27;[32mSave 6b8b8cdc-1e7e-4980-90d8-21e0875f68eb(uuid7928)
сент. 19, 2025 6:42:49 PM webapp.storage.AbstractStorage save
INFO: &amp#27;[32mSave 3d3ed740-f38c-4b94-91a9-afbc24176cbb(uuid7929)
сент. 19, 2025 6:42:49 PM webapp.storage.AbstractStorage save
INFO: &amp#27;[32mSave c54cd346-dd2a-4e94-9068-21026138ca42(uuid7930)
сент. 19, 2025 6:42:49 PM webapp.storage.AbstractStorage save
INFO: &amp#27;[32mSave affcc5ca-1c14-4368-a40f-93a5994dc99f(uuid7931)
сент. 19, 2025 6:42:49 PM webapp.storage.AbstractStorage save
INFO: &amp#27;[32mSave ad4289cf-4102-4b90-a9e9-45acc8485da6(uuid7932)
сент. 19, 2025 6:42:49 PM webapp.storage.AbstractStorage save
INFO: &amp#27;[32mSave 0291981d-4660-4c81-926a-eec727fcb564(uuid7933)
сент. 19, 2025 6:42:49 PM webapp.storage.AbstractStorage save
INFO: &amp#27;[32mSave 25124a30-e75c-46ea-b6ba-e37234ebde49(uuid7934)
сент. 19, 2025 6:42:49 PM webapp.storage.AbstractStorage save
INFO: &amp#27;[32mSave eaae328f-405a-4c49-a43c-6ec2abcb8d2f(uuid7935)
сент. 19, 2025 6:42:49 PM webapp.storage.AbstractStorage save
INFO: &amp#27;[32mSave 3b8640f3-da01-4c2b-9f88-b116da9adaae(uuid7936)
сент. 19, 2025 6:42:49 PM webapp.storage.AbstractStorage save
INFO: &amp#27;[32mSave e36f72d7-009d-457c-b7d1-71dc61a422e3(uuid7937)
сент. 19, 2025 6:42:49 PM webapp.storage.AbstractStorage save
INFO: &amp#27;[32mSave 1832afca-f906-4297-b82f-8a2765163181(uuid7938)
сент. 19, 2025 6:42:49 PM webapp.storage.AbstractStorage save
INFO: &amp#27;[32mSave 06a2d2b1-df15-453e-90f9-66321e97a725(uuid7939)
сент. 19, 2025 6:42:49 PM webapp.storage.AbstractStorage save
INFO: &amp#27;[32mSave 434f8961-cf01-44c5-ac1e-b2d33f66abef(uuid7940)
сент. 19, 2025 6:42:49 PM webapp.storage.AbstractStorage save
INFO: &amp#27;[32mSave b1a2d56f-f5b9-4ebb-b63d-eb2e51a6a15f(uuid7941)
сент. 19, 2025 6:42:49 PM webapp.storage.AbstractStorage save
INFO: &amp#27;[32mSave 9f6c5968-8135-4c84-9663-cffd3e880396(uuid7942)
сент. 19, 2025 6:42:49 PM webapp.storage.AbstractStorage save
INFO: &amp#27;[32mSave f3a24a1c-f77f-45ae-a4a0-6839545ddb5b(uuid7943)
сент. 19, 2025 6:42:49 PM webapp.storage.AbstractStorage save
INFO: &amp#27;[32mSave ed4627cc-87f9-424e-addf-ea51ca52353b(uuid7944)
сент. 19, 2025 6:42:49 PM webapp.storage.AbstractStorage save
INFO: &amp#27;[32mSave 563e04ca-04b5-4fbb-84af-bcda3fb48d88(uuid7945)
сент. 19, 2025 6:42:49 PM webapp.storage.AbstractStorage save
INFO: &amp#27;[32mSave 4a51fa65-70ed-42b5-9c5a-0738f8734251(uuid7946)
сент. 19, 2025 6:42:49 PM webapp.storage.AbstractStorage save
INFO: &amp#27;[32mSave 9d03184e-1796-4d14-b33b-fa196fbe0969(uuid7947)
сент. 19, 2025 6:42:49 PM webapp.storage.AbstractStorage save
INFO: &amp#27;[32mSave 96e4144a-588e-4b1e-bfa1-90da0005980e(uuid7948)
сент. 19, 2025 6:42:49 PM webapp.storage.AbstractStorage save
INFO: &amp#27;[32mSave 6bc0814e-7a44-4ccd-8cd4-96fff38adc79(uuid7949)
сент. 19, 2025 6:42:49 PM webapp.storage.AbstractStorage save
INFO: &amp#27;[32mSave b6f3ee8c-cbb7-4160-a6f7-9f8fea960774(uuid7950)
сент. 19, 2025 6:42:49 PM webapp.storage.AbstractStorage save
INFO: &amp#27;[32mSave 6ee933cd-dbea-403f-a25e-f742126ada6e(uuid7951)
сент. 19, 2025 6:42:49 PM webapp.storage.AbstractStorage save
INFO: &amp#27;[32mSave ee9832e8-a88b-4cf4-a7c7-76a55095e79b(uuid7952)
сент. 19, 2025 6:42:49 PM webapp.storage.AbstractStorage save
INFO: &amp#27;[32mSave 81b8d376-7aae-4e37-97c1-25fc5ecc6874(uuid7953)
сент. 19, 2025 6:42:49 PM webapp.storage.AbstractStorage save
INFO: &amp#27;[32mSave 9684b4dc-4acf-4351-b9df-fce70f2ed860(uuid7954)
сент. 19, 2025 6:42:49 PM webapp.storage.AbstractStorage save
INFO: &amp#27;[32mSave a5af20df-7402-4655-b21f-f45fa357a35b(uuid7955)
сент. 19, 2025 6:42:49 PM webapp.storage.AbstractStorage save
INFO: &amp#27;[32mSave 4b20d80c-32fa-4bb3-ad09-f369e18de167(uuid7956)
сент. 19, 2025 6:42:49 PM webapp.storage.AbstractStorage save
INFO: &amp#27;[32mSave 35b255da-73ad-4498-8ee5-70bacedaeb48(uuid7957)
сент. 19, 2025 6:42:49 PM webapp.storage.AbstractStorage save
INFO: &amp#27;[32mSave cd28a78b-22f7-4446-a3c2-cb4192b9a3c8(uuid7958)
сент. 19, 2025 6:42:49 PM webapp.storage.AbstractStorage save
INFO: &amp#27;[32mSave 959c3a49-2460-4fb8-b033-a88cb5c57d10(uuid7959)
сент. 19, 2025 6:42:49 PM webapp.storage.AbstractStorage save
INFO: &amp#27;[32mSave 72cd7693-5be2-47d4-ac09-d9ea9298248d(uuid7960)
сент. 19, 2025 6:42:49 PM webapp.storage.AbstractStorage save
INFO: &amp#27;[32mSave ab514233-987d-46fa-a945-8d7609bcaa7d(uuid7961)
сент. 19, 2025 6:42:49 PM webapp.storage.AbstractStorage save
INFO: &amp#27;[32mSave 5422519e-52fe-4e76-9059-cdb4f06f30ed(uuid7962)
сент. 19, 2025 6:42:49 PM webapp.storage.AbstractStorage save
INFO: &amp#27;[32mSave a3976bc2-7223-4e36-8854-108f35bcd92f(uuid7963)
сент. 19, 2025 6:42:49 PM webapp.storage.AbstractStorage save
INFO: &amp#27;[32mSave 6c74fd5b-d95a-405d-a324-15d69ba67c26(uuid7964)
сент. 19, 2025 6:42:49 PM webapp.storage.AbstractStorage save
INFO: &amp#27;[32mSave 257126bb-b9ee-432b-a340-74bdc9223080(uuid7965)
сент. 19, 2025 6:42:49 PM webapp.storage.AbstractStorage save
INFO: &amp#27;[32mSave 0d5ebb09-02c6-4b27-ad99-fd6801b5d75a(uuid7966)
сент. 19, 2025 6:42:49 PM webapp.storage.AbstractStorage save
INFO: &amp#27;[32mSave 55123b73-2263-4b66-b8d4-a2ee7a728952(uuid7967)
сент. 19, 2025 6:42:49 PM webapp.storage.AbstractStorage save
INFO: &amp#27;[32mSave dd7bba2e-0fd8-4ad3-b851-d63dd8610122(uuid7968)
сент. 19, 2025 6:42:49 PM webapp.storage.AbstractStorage save
INFO: &amp#27;[32mSave 27a782a3-0ac6-4b5a-99c7-35c58843c9ed(uuid7969)
сент. 19, 2025 6:42:49 PM webapp.storage.AbstractStorage save
INFO: &amp#27;[32mSave eee47139-75f5-478c-8af3-8b998625c6bc(uuid7970)
сент. 19, 2025 6:42:49 PM webapp.storage.AbstractStorage save
INFO: &amp#27;[32mSave b5de703e-4322-41a7-b17a-f2e489098924(uuid7971)
сент. 19, 2025 6:42:49 PM webapp.storage.AbstractStorage save
INFO: &amp#27;[32mSave 7c72c1bb-0636-4343-b17e-1add44c27f35(uuid7972)
сент. 19, 2025 6:42:49 PM webapp.storage.AbstractStorage save
INFO: &amp#27;[32mSave 53cf3db4-1de8-4148-8b34-8e20a0f862f1(uuid7973)
сент. 19, 2025 6:42:49 PM webapp.storage.AbstractStorage save
INFO: &amp#27;[32mSave 80c64611-43f5-486f-87ca-be925fcc6828(uuid7974)
сент. 19, 2025 6:42:49 PM webapp.storage.AbstractStorage save
INFO: &amp#27;[32mSave 5e537459-34e3-4960-9224-2a5bf885d992(uuid7975)
сент. 19, 2025 6:42:49 PM webapp.storage.AbstractStorage save
INFO: &amp#27;[32mSave 1b510240-11ff-492d-b773-5e867435e6e5(uuid7976)
сент. 19, 2025 6:42:49 PM webapp.storage.AbstractStorage save
INFO: &amp#27;[32mSave ebbecf03-b454-405e-b1d3-53a79f939ccc(uuid7977)
сент. 19, 2025 6:42:49 PM webapp.storage.AbstractStorage save
INFO: &amp#27;[32mSave b965d3b8-5e4f-4e95-9b8e-e56632ce0407(uuid7978)
сент. 19, 2025 6:42:49 PM webapp.storage.AbstractStorage save
INFO: &amp#27;[32mSave 5a679e3d-ee14-4933-8515-3fbc319266f9(uuid7979)
сент. 19, 2025 6:42:49 PM webapp.storage.AbstractStorage save
INFO: &amp#27;[32mSave f57b36ff-a39c-4010-b143-122ec4007742(uuid7980)
сент. 19, 2025 6:42:49 PM webapp.storage.AbstractStorage save
INFO: &amp#27;[32mSave 170f9971-cffe-42e1-9f9f-779958e362cb(uuid7981)
сент. 19, 2025 6:42:49 PM webapp.storage.AbstractStorage save
INFO: &amp#27;[32mSave a27c459b-5c70-42ea-9514-28d433353e31(uuid7982)
сент. 19, 2025 6:42:49 PM webapp.storage.AbstractStorage save
INFO: &amp#27;[32mSave 66ccd073-be1b-41d7-8343-27f85cbc4efd(uuid7983)
сент. 19, 2025 6:42:49 PM webapp.storage.AbstractStorage save
INFO: &amp#27;[32mSave 279bcd97-5a0e-4548-9c9e-e6c9a6573816(uuid7984)
сент. 19, 2025 6:42:49 PM webapp.storage.AbstractStorage save
INFO: &amp#27;[32mSave 86396788-1ce3-48bd-9485-f6f3e5c7294b(uuid7985)
сент. 19, 2025 6:42:49 PM webapp.storage.AbstractStorage save
INFO: &amp#27;[32mSave 35eee0bf-6931-4512-ba27-70cd75e37ea5(uuid7986)
сент. 19, 2025 6:42:49 PM webapp.storage.AbstractStorage save
INFO: &amp#27;[32mSave 7715b5fb-3c4d-4b19-8a4c-a78d10ffca9b(uuid7987)
сент. 19, 2025 6:42:49 PM webapp.storage.AbstractStorage save
INFO: &amp#27;[32mSave 0184754e-1e08-4d85-9657-a77d738e126c(uuid7988)
сент. 19, 2025 6:42:49 PM webapp.storage.AbstractStorage save
INFO: &amp#27;[32mSave 83eb2821-c762-4bfd-aed8-0a37f2ef488d(uuid7989)
сент. 19, 2025 6:42:49 PM webapp.storage.AbstractStorage save
INFO: &amp#27;[32mSave 9a6674d9-2f8d-436c-8c91-eecb4d24408d(uuid7990)
сент. 19, 2025 6:42:49 PM webapp.storage.AbstractStorage save
INFO: &amp#27;[32mSave bd6b512d-7ea0-4491-85ea-897d30811463(uuid7991)
сент. 19, 2025 6:42:49 PM webapp.storage.AbstractStorage save
INFO: &amp#27;[32mSave 52fd6d4c-442a-4ce6-8a07-205654742da5(uuid7992)
сент. 19, 2025 6:42:49 PM webapp.storage.AbstractStorage save
INFO: &amp#27;[32mSave 4d4f3766-2e08-47ba-9336-caa0af4d58ff(uuid7993)
сент. 19, 2025 6:42:49 PM webapp.storage.AbstractStorage save
INFO: &amp#27;[32mSave 84b4bf60-b2fd-4b71-82d5-3c2ce1533ef8(uuid7994)
сент. 19, 2025 6:42:49 PM webapp.storage.AbstractStorage save
INFO: &amp#27;[32mSave ab103913-316d-4a90-b970-4e144b00cf62(uuid7995)
сент. 19, 2025 6:42:49 PM webapp.storage.AbstractStorage save
INFO: &amp#27;[32mSave 46474cf8-3b1d-4a8b-b138-19cdd9da07f9(uuid7996)
сент. 19, 2025 6:42:49 PM webapp.storage.AbstractStorage save
INFO: &amp#27;[32mSave 3a5f2a71-a6d2-4b30-aeb0-0d9e526ae7c7(uuid7997)
сент. 19, 2025 6:42:49 PM webapp.storage.AbstractStorage save
INFO: &amp#27;[32mSave a9b12523-c07e-4e50-bf23-5fb72ceca6ff(uuid7998)
сент. 19, 2025 6:42:49 PM webapp.storage.AbstractStorage save
INFO: &amp#27;[32mSave 4729e0aa-c884-4ba2-828d-acf008cf7d45(uuid7999)
сент. 19, 2025 6:42:49 PM webapp.storage.AbstractStorage save
INFO: &amp#27;[32mSave 2b334c7d-5c3e-4521-b2be-e98dd47be67d(uuid8000)
сент. 19, 2025 6:42:49 PM webapp.storage.AbstractStorage save
INFO: &amp#27;[32mSave 69c418fb-14b4-4bf6-a557-1ec7076d1049(uuid8001)
сент. 19, 2025 6:42:49 PM webapp.storage.AbstractStorage save
INFO: &amp#27;[32mSave 7d8d3320-5dd2-45d9-b439-774ca024aed6(uuid8002)
сент. 19, 2025 6:42:49 PM webapp.storage.AbstractStorage save
INFO: &amp#27;[32mSave b0645bdb-f8c8-4624-8708-31c23bbd86bf(uuid8003)
сент. 19, 2025 6:42:49 PM webapp.storage.AbstractStorage save
INFO: &amp#27;[32mSave c2ddef65-296d-40a3-9ab8-2c4ab09dca61(uuid8004)
сент. 19, 2025 6:42:49 PM webapp.storage.AbstractStorage save
INFO: &amp#27;[32mSave 528046c5-390a-42d0-ad41-1f2bbd508665(uuid8005)
сент. 19, 2025 6:42:49 PM webapp.storage.AbstractStorage save
INFO: &amp#27;[32mSave 0521f2eb-1e1a-482a-b7df-2cd4f7980e4b(uuid8006)
сент. 19, 2025 6:42:49 PM webapp.storage.AbstractStorage save
INFO: &amp#27;[32mSave dc2149cd-8835-4b35-9e88-1c91d7d127f4(uuid8007)
сент. 19, 2025 6:42:49 PM webapp.storage.AbstractStorage save
INFO: &amp#27;[32mSave ac033d27-03cc-4b22-82df-e39c5f557637(uuid8008)
сент. 19, 2025 6:42:49 PM webapp.storage.AbstractStorage save
INFO: &amp#27;[32mSave 6c03b0b4-f4e5-482f-9eee-247d79c8a15f(uuid8009)
сент. 19, 2025 6:42:49 PM webapp.storage.AbstractStorage save
INFO: &amp#27;[32mSave 7553f4d6-3957-4f80-b296-6b78c04ef978(uuid8010)
сент. 19, 2025 6:42:49 PM webapp.storage.AbstractStorage save
INFO: &amp#27;[32mSave d7928ea7-f296-441d-b69a-7117245da23a(uuid8011)
сент. 19, 2025 6:42:49 PM webapp.storage.AbstractStorage save
INFO: &amp#27;[32mSave e6cb1e35-93d0-48b6-883b-8e2ab47816cf(uuid8012)
сент. 19, 2025 6:42:49 PM webapp.storage.AbstractStorage save
INFO: &amp#27;[32mSave e1431309-5954-4e1d-af5b-03a24990d02b(uuid8013)
сент. 19, 2025 6:42:49 PM webapp.storage.AbstractStorage save
INFO: &amp#27;[32mSave d56a3f00-6dfc-4082-b6d9-722f8871bb4b(uuid8014)
сент. 19, 2025 6:42:49 PM webapp.storage.AbstractStorage save
INFO: &amp#27;[32mSave 99ee3304-20da-42ad-b23f-e606a76a4f9e(uuid8015)
сент. 19, 2025 6:42:49 PM webapp.storage.AbstractStorage save
INFO: &amp#27;[32mSave 6f8b3ac4-8326-4c8e-9196-0574de9372f9(uuid8016)
сент. 19, 2025 6:42:49 PM webapp.storage.AbstractStorage save
INFO: &amp#27;[32mSave 5081b33f-eefd-473c-905a-06a6aa3866dd(uuid8017)
сент. 19, 2025 6:42:49 PM webapp.storage.AbstractStorage save
INFO: &amp#27;[32mSave fd65355e-23f0-4ce4-b4c6-98b2644da829(uuid8018)
сент. 19, 2025 6:42:49 PM webapp.storage.AbstractStorage save
INFO: &amp#27;[32mSave 5821b112-10d1-45e9-adf0-10af45161987(uuid8019)
сент. 19, 2025 6:42:49 PM webapp.storage.AbstractStorage save
INFO: &amp#27;[32mSave 737838cf-dbb8-45f2-951d-d30916b2c543(uuid8020)
сент. 19, 2025 6:42:49 PM webapp.storage.AbstractStorage save
INFO: &amp#27;[32mSave dfe529a0-ba60-4db6-b7fc-591eb47e74ad(uuid8021)
сент. 19, 2025 6:42:49 PM webapp.storage.AbstractStorage save
INFO: &amp#27;[32mSave c5d45423-ae09-4c85-b642-77413d3187cb(uuid8022)
сент. 19, 2025 6:42:49 PM webapp.storage.AbstractStorage save
INFO: &amp#27;[32mSave b39af38f-b21f-4654-98e0-7e5d134f7b1e(uuid8023)
сент. 19, 2025 6:42:49 PM webapp.storage.AbstractStorage save
INFO: &amp#27;[32mSave 6cfe9301-b862-4d34-970d-28ed47d6ca20(uuid8024)
сент. 19, 2025 6:42:49 PM webapp.storage.AbstractStorage save
INFO: &amp#27;[32mSave 552d9675-28ed-460a-8153-0dec0e072c3d(uuid8025)
сент. 19, 2025 6:42:49 PM webapp.storage.AbstractStorage save
INFO: &amp#27;[32mSave 19b372c3-0f5e-461f-b3b7-6da8b7375d70(uuid8026)
сент. 19, 2025 6:42:49 PM webapp.storage.AbstractStorage save
INFO: &amp#27;[32mSave e480987f-1eb3-4434-adfa-64c4c3e88463(uuid8027)
сент. 19, 2025 6:42:49 PM webapp.storage.AbstractStorage save
INFO: &amp#27;[32mSave c8ccb00e-d3ff-4b78-b51f-4e3301a474c4(uuid8028)
сент. 19, 2025 6:42:49 PM webapp.storage.AbstractStorage save
INFO: &amp#27;[32mSave 9f2abfaf-e9fa-4bc8-8b4a-5d502c06e6db(uuid8029)
сент. 19, 2025 6:42:49 PM webapp.storage.AbstractStorage save
INFO: &amp#27;[32mSave 7dbf0ded-2925-49bb-92ed-624afb041e05(uuid8030)
сент. 19, 2025 6:42:49 PM webapp.storage.AbstractStorage save
INFO: &amp#27;[32mSave e7d927e1-5682-4a08-97e5-cba84bd2e6d7(uuid8031)
сент. 19, 2025 6:42:49 PM webapp.storage.AbstractStorage save
INFO: &amp#27;[32mSave 2717c719-7b69-4e94-af1a-26cbeaa64f8f(uuid8032)
сент. 19, 2025 6:42:49 PM webapp.storage.AbstractStorage save
INFO: &amp#27;[32mSave 6ea514a3-d438-4656-8e40-3d430b81d8f8(uuid8033)
сент. 19, 2025 6:42:49 PM webapp.storage.AbstractStorage save
INFO: &amp#27;[32mSave 51b40e83-bc8f-4e93-9fa3-35b367f8b278(uuid8034)
сент. 19, 2025 6:42:49 PM webapp.storage.AbstractStorage save
INFO: &amp#27;[32mSave 93de498f-9df5-42f4-85a2-a6a7b963cdfe(uuid8035)
сент. 19, 2025 6:42:49 PM webapp.storage.AbstractStorage save
INFO: &amp#27;[32mSave 6164cbc8-28a2-418e-b788-b5bca5b2a6d2(uuid8036)
сент. 19, 2025 6:42:49 PM webapp.storage.AbstractStorage save
INFO: &amp#27;[32mSave ee1a4554-914e-441b-87c8-68044e7a8ab8(uuid8037)
сент. 19, 2025 6:42:49 PM webapp.storage.AbstractStorage save
INFO: &amp#27;[32mSave 7c2cbf21-b161-4b76-b0d7-d84eb2e6b36f(uuid8038)
сент. 19, 2025 6:42:49 PM webapp.storage.AbstractStorage save
INFO: &amp#27;[32mSave 66c74292-f1b1-4785-a93b-8092afb30bc3(uuid8039)
сент. 19, 2025 6:42:49 PM webapp.storage.AbstractStorage save
INFO: &amp#27;[32mSave b38e65d4-6593-4f0f-91d3-29c81095fbad(uuid8040)
сент. 19, 2025 6:42:49 PM webapp.storage.AbstractStorage save
INFO: &amp#27;[32mSave 5fef88c0-b49a-4a1e-a614-bc050651a7cb(uuid8041)
сент. 19, 2025 6:42:49 PM webapp.storage.AbstractStorage save
INFO: &amp#27;[32mSave 8c7f9934-d7bd-4c5c-970d-79a0e623611d(uuid8042)
сент. 19, 2025 6:42:49 PM webapp.storage.AbstractStorage save
INFO: &amp#27;[32mSave 9241b823-319b-42be-b85c-855be284b9fb(uuid8043)
сент. 19, 2025 6:42:49 PM webapp.storage.AbstractStorage save
INFO: &amp#27;[32mSave ebb67a5c-edb7-443b-afcd-38fc1eec2a77(uuid8044)
сент. 19, 2025 6:42:49 PM webapp.storage.AbstractStorage save
INFO: &amp#27;[32mSave a62e5ddb-c10c-4339-ade7-f9367a2716d6(uuid8045)
сент. 19, 2025 6:42:49 PM webapp.storage.AbstractStorage save
INFO: &amp#27;[32mSave 2c680823-d1ed-49c8-b47e-611283ebb6a9(uuid8046)
сент. 19, 2025 6:42:49 PM webapp.storage.AbstractStorage save
INFO: &amp#27;[32mSave 2df77dc7-7851-4b74-9b51-a22184c27b4a(uuid8047)
сент. 19, 2025 6:42:49 PM webapp.storage.AbstractStorage save
INFO: &amp#27;[32mSave c014b2c2-acb6-46e4-a0ed-96f9ca7d7196(uuid8048)
сент. 19, 2025 6:42:49 PM webapp.storage.AbstractStorage save
INFO: &amp#27;[32mSave 4e27677e-e379-4330-b804-2f81d5ae510b(uuid8049)
сент. 19, 2025 6:42:49 PM webapp.storage.AbstractStorage save
INFO: &amp#27;[32mSave 4484feb8-b45b-4a4f-859b-677b87418b9a(uuid8050)
сент. 19, 2025 6:42:49 PM webapp.storage.AbstractStorage save
INFO: &amp#27;[32mSave 25f93c6d-09b1-4110-9978-af8fad3efb33(uuid8051)
сент. 19, 2025 6:42:49 PM webapp.storage.AbstractStorage save
INFO: &amp#27;[32mSave d88157b9-b1b3-451b-8684-c962e1c63aa1(uuid8052)
сент. 19, 2025 6:42:49 PM webapp.storage.AbstractStorage save
INFO: &amp#27;[32mSave 9965c891-5ef2-4778-888b-6df011a3abb6(uuid8053)
сент. 19, 2025 6:42:49 PM webapp.storage.AbstractStorage save
INFO: &amp#27;[32mSave 23a67128-28fb-427c-b7e0-d5a73cf12ebb(uuid8054)
сент. 19, 2025 6:42:49 PM webapp.storage.AbstractStorage save
INFO: &amp#27;[32mSave 5fc4d0ee-ba95-452f-b7a0-5941105e70ad(uuid8055)
сент. 19, 2025 6:42:49 PM webapp.storage.AbstractStorage save
INFO: &amp#27;[32mSave d2226d47-09ff-4c78-868b-e8dc356ba1fb(uuid8056)
сент. 19, 2025 6:42:49 PM webapp.storage.AbstractStorage save
INFO: &amp#27;[32mSave 60392dcb-cd6c-4c72-b8c0-e21a4e4a5fbf(uuid8057)
сент. 19, 2025 6:42:49 PM webapp.storage.AbstractStorage save
INFO: &amp#27;[32mSave 07373d8c-b783-487b-afc6-5671a476c209(uuid8058)
сент. 19, 2025 6:42:49 PM webapp.storage.AbstractStorage save
INFO: &amp#27;[32mSave ad71e413-f238-4fe6-bb20-43bbfbbc202e(uuid8059)
сент. 19, 2025 6:42:49 PM webapp.storage.AbstractStorage save
INFO: &amp#27;[32mSave 979a593f-55fa-4645-b017-35df0ecc434b(uuid8060)
сент. 19, 2025 6:42:49 PM webapp.storage.AbstractStorage save
INFO: &amp#27;[32mSave 1b3a7c2a-c0ff-4e0d-a01e-d96958d11125(uuid8061)
сент. 19, 2025 6:42:49 PM webapp.storage.AbstractStorage save
INFO: &amp#27;[32mSave f37f2fb0-51af-49eb-a29f-6cd255dd2ed7(uuid8062)
сент. 19, 2025 6:42:49 PM webapp.storage.AbstractStorage save
INFO: &amp#27;[32mSave dc20b8b8-c1c4-4454-ade4-083bb8e0d8cc(uuid8063)
сент. 19, 2025 6:42:49 PM webapp.storage.AbstractStorage save
INFO: &amp#27;[32mSave abfa5a18-e765-4656-bddd-643325c13aca(uuid8064)
сент. 19, 2025 6:42:49 PM webapp.storage.AbstractStorage save
INFO: &amp#27;[32mSave 8fc6b6b3-5458-403c-8e4e-75261baa2315(uuid8065)
сент. 19, 2025 6:42:49 PM webapp.storage.AbstractStorage save
INFO: &amp#27;[32mSave 19543c93-8d14-469f-8671-554c824cad74(uuid8066)
сент. 19, 2025 6:42:49 PM webapp.storage.AbstractStorage save
INFO: &amp#27;[32mSave 8d022987-0ec4-4b1a-ba4e-31b294c255f3(uuid8067)
сент. 19, 2025 6:42:49 PM webapp.storage.AbstractStorage save
INFO: &amp#27;[32mSave 910cee1b-75a8-4b30-9586-5b4f2ff635c6(uuid8068)
сент. 19, 2025 6:42:49 PM webapp.storage.AbstractStorage save
INFO: &amp#27;[32mSave cc00102d-0001-4a3a-a193-c3cf4a8b2597(uuid8069)
сент. 19, 2025 6:42:49 PM webapp.storage.AbstractStorage save
INFO: &amp#27;[32mSave 0c4c6555-329c-43fc-a00d-a063df1d5660(uuid8070)
сент. 19, 2025 6:42:49 PM webapp.storage.AbstractStorage save
INFO: &amp#27;[32mSave 2c6ba4c7-cd43-4da8-86de-d2e52b918db7(uuid8071)
сент. 19, 2025 6:42:49 PM webapp.storage.AbstractStorage save
INFO: &amp#27;[32mSave 9e9fa4ad-c0df-4672-9536-90438b0bad86(uuid8072)
сент. 19, 2025 6:42:49 PM webapp.storage.AbstractStorage save
INFO: &amp#27;[32mSave e2dae5f4-43ba-4a1d-9956-64857dabb374(uuid8073)
сент. 19, 2025 6:42:49 PM webapp.storage.AbstractStorage save
INFO: &amp#27;[32mSave 59d137fe-c0a7-4014-8f04-ee37462474ba(uuid8074)
сент. 19, 2025 6:42:49 PM webapp.storage.AbstractStorage save
INFO: &amp#27;[32mSave 41746c72-efdd-4b07-b3df-9506917dcb07(uuid8075)
сент. 19, 2025 6:42:49 PM webapp.storage.AbstractStorage save
INFO: &amp#27;[32mSave ffe45359-8580-4edb-ae5c-0222bae6c3b2(uuid8076)
сент. 19, 2025 6:42:49 PM webapp.storage.AbstractStorage save
INFO: &amp#27;[32mSave 584ac36e-f942-47d5-806c-861d5f908d57(uuid8077)
сент. 19, 2025 6:42:49 PM webapp.storage.AbstractStorage save
INFO: &amp#27;[32mSave 6ddbe2df-adc2-4eff-ba74-9c3a045f60a7(uuid8078)
сент. 19, 2025 6:42:49 PM webapp.storage.AbstractStorage save
INFO: &amp#27;[32mSave da9858dd-6cab-463f-953b-e09ef21170a6(uuid8079)
сент. 19, 2025 6:42:49 PM webapp.storage.AbstractStorage save
INFO: &amp#27;[32mSave 5335702f-6ca5-4484-bafc-1788eb697784(uuid8080)
сент. 19, 2025 6:42:49 PM webapp.storage.AbstractStorage save
INFO: &amp#27;[32mSave e75ff83a-bd1f-4596-a211-2d3d0a572dde(uuid8081)
сент. 19, 2025 6:42:49 PM webapp.storage.AbstractStorage save
INFO: &amp#27;[32mSave 2c9843d6-fe67-4fed-8872-3e68eda5ce10(uuid8082)
сент. 19, 2025 6:42:49 PM webapp.storage.AbstractStorage save
INFO: &amp#27;[32mSave 315c2274-c279-49f8-b8e4-5b8ba503a10e(uuid8083)
сент. 19, 2025 6:42:49 PM webapp.storage.AbstractStorage save
INFO: &amp#27;[32mSave a48578e3-c75d-42ec-b2f9-5fc342cdbbd4(uuid8084)
сент. 19, 2025 6:42:49 PM webapp.storage.AbstractStorage save
INFO: &amp#27;[32mSave b5651902-96fc-44b1-acfb-92afb3d15ae9(uuid8085)
сент. 19, 2025 6:42:49 PM webapp.storage.AbstractStorage save
INFO: &amp#27;[32mSave aeca6860-b116-4b85-a90d-1361dfd4c457(uuid8086)
сент. 19, 2025 6:42:49 PM webapp.storage.AbstractStorage save
INFO: &amp#27;[32mSave c94ab3a3-cb4b-4045-999f-6c5c6412aa1d(uuid8087)
сент. 19, 2025 6:42:49 PM webapp.storage.AbstractStorage save
INFO: &amp#27;[32mSave 813ffc01-7da9-4e76-88d3-f4a75febf97c(uuid8088)
сент. 19, 2025 6:42:49 PM webapp.storage.AbstractStorage save
INFO: &amp#27;[32mSave 2e8793f2-2207-4d59-957c-369ade85c077(uuid8089)
сент. 19, 2025 6:42:49 PM webapp.storage.AbstractStorage save
INFO: &amp#27;[32mSave 2b88a572-d676-40cb-908a-47ccb6c6deca(uuid8090)
сент. 19, 2025 6:42:49 PM webapp.storage.AbstractStorage save
INFO: &amp#27;[32mSave c78b4edc-0ca1-4579-b7cc-8b97495eb7da(uuid8091)
сент. 19, 2025 6:42:49 PM webapp.storage.AbstractStorage save
INFO: &amp#27;[32mSave 539e3a7b-8528-453b-97c6-4790aad6a0b4(uuid8092)
сент. 19, 2025 6:42:49 PM webapp.storage.AbstractStorage save
INFO: &amp#27;[32mSave 106fe25a-bce6-4b6e-a874-b8ffccaefcde(uuid8093)
сент. 19, 2025 6:42:49 PM webapp.storage.AbstractStorage save
INFO: &amp#27;[32mSave 2339e921-4fb2-4b28-8f0d-60f1da7bd668(uuid8094)
сент. 19, 2025 6:42:49 PM webapp.storage.AbstractStorage save
INFO: &amp#27;[32mSave e613208b-6837-4865-9ef5-63fa11670b86(uuid8095)
сент. 19, 2025 6:42:49 PM webapp.storage.AbstractStorage save
INFO: &amp#27;[32mSave 92f5582b-703f-4eb3-ace6-bf87ea16d5da(uuid8096)
сент. 19, 2025 6:42:49 PM webapp.storage.AbstractStorage save
INFO: &amp#27;[32mSave d9107911-3f98-438b-9279-a851b43de1ba(uuid8097)
сент. 19, 2025 6:42:49 PM webapp.storage.AbstractStorage save
INFO: &amp#27;[32mSave 161234b4-7aa8-4eaa-ad31-8d50e2ae243a(uuid8098)
сент. 19, 2025 6:42:49 PM webapp.storage.AbstractStorage save
INFO: &amp#27;[32mSave d2b17f6f-6435-481a-8c3f-565e51a85ef7(uuid8099)
сент. 19, 2025 6:42:49 PM webapp.storage.AbstractStorage save
INFO: &amp#27;[32mSave d82be448-0e33-4f35-95f2-3c50081a0f8c(uuid8100)
сент. 19, 2025 6:42:49 PM webapp.storage.AbstractStorage save
INFO: &amp#27;[32mSave 22e84213-e264-4be4-ac97-fb8984c08011(uuid8101)
сент. 19, 2025 6:42:49 PM webapp.storage.AbstractStorage save
INFO: &amp#27;[32mSave f33a1ccb-1ae6-43e0-9e91-9eee24639860(uuid8102)
сент. 19, 2025 6:42:49 PM webapp.storage.AbstractStorage save
INFO: &amp#27;[32mSave 99ac6efd-ae17-495b-a50b-1dd272571cb2(uuid8103)
сент. 19, 2025 6:42:49 PM webapp.storage.AbstractStorage save
INFO: &amp#27;[32mSave cf3cc167-1095-4738-a3ff-0c1dc24e948d(uuid8104)
сент. 19, 2025 6:42:49 PM webapp.storage.AbstractStorage save
INFO: &amp#27;[32mSave e460aa86-ca89-4a36-9ca0-bec184fd3aea(uuid8105)
сент. 19, 2025 6:42:49 PM webapp.storage.AbstractStorage save
INFO: &amp#27;[32mSave 677af1ec-133a-4184-8b0d-e39701d96357(uuid8106)
сент. 19, 2025 6:42:49 PM webapp.storage.AbstractStorage save
INFO: &amp#27;[32mSave 8842b562-c70b-4e8e-8eec-c6df714cf554(uuid8107)
сент. 19, 2025 6:42:49 PM webapp.storage.AbstractStorage save
INFO: &amp#27;[32mSave fdeb1cb9-90c2-4cc6-a5d4-d148dd2f6dd6(uuid8108)
сент. 19, 2025 6:42:49 PM webapp.storage.AbstractStorage save
INFO: &amp#27;[32mSave 1adc4b70-085c-4761-b94c-df53cee2c3f0(uuid8109)
сент. 19, 2025 6:42:49 PM webapp.storage.AbstractStorage save
INFO: &amp#27;[32mSave cab80bab-637b-46eb-ac48-f6cdc58ad9b4(uuid8110)
сент. 19, 2025 6:42:49 PM webapp.storage.AbstractStorage save
INFO: &amp#27;[32mSave 7932d334-720f-4b00-85dc-d0998385cc75(uuid8111)
сент. 19, 2025 6:42:49 PM webapp.storage.AbstractStorage save
INFO: &amp#27;[32mSave ecce27e1-b336-4a98-ad86-c17971e197d6(uuid8112)
сент. 19, 2025 6:42:49 PM webapp.storage.AbstractStorage save
INFO: &amp#27;[32mSave 32756163-293d-432e-a57f-ac5ab6d27c4f(uuid8113)
сент. 19, 2025 6:42:49 PM webapp.storage.AbstractStorage save
INFO: &amp#27;[32mSave 7b8a7971-4f75-4f0b-a81e-1d20623b615b(uuid8114)
сент. 19, 2025 6:42:49 PM webapp.storage.AbstractStorage save
INFO: &amp#27;[32mSave 95a06ec3-9619-41a3-91fe-d1edc4b2d1e3(uuid8115)
сент. 19, 2025 6:42:49 PM webapp.storage.AbstractStorage save
INFO: &amp#27;[32mSave 5f157171-59cb-48ae-97c1-2f2af70d6d50(uuid8116)
сент. 19, 2025 6:42:49 PM webapp.storage.AbstractStorage save
INFO: &amp#27;[32mSave 1d3ea246-d4d2-401a-ad83-b59e3f9ab161(uuid8117)
сент. 19, 2025 6:42:49 PM webapp.storage.AbstractStorage save
INFO: &amp#27;[32mSave 8045082a-b920-4d8c-a4d0-6e019783c656(uuid8118)
сент. 19, 2025 6:42:49 PM webapp.storage.AbstractStorage save
INFO: &amp#27;[32mSave dc019ef8-21f7-4a3c-a2e5-9c9c00fbb9ad(uuid8119)
сент. 19, 2025 6:42:49 PM webapp.storage.AbstractStorage save
INFO: &amp#27;[32mSave 3d499cdd-46b5-4e4d-8031-607de7aabd07(uuid8120)
сент. 19, 2025 6:42:49 PM webapp.storage.AbstractStorage save
INFO: &amp#27;[32mSave 028e3a0b-f918-448e-b615-79c8ad0e1528(uuid8121)
сент. 19, 2025 6:42:49 PM webapp.storage.AbstractStorage save
INFO: &amp#27;[32mSave c691d70d-cb1d-4ed7-a296-e3ccd461901f(uuid8122)
сент. 19, 2025 6:42:49 PM webapp.storage.AbstractStorage save
INFO: &amp#27;[32mSave f39993d7-da4e-47b2-8584-f12e4c380114(uuid8123)
сент. 19, 2025 6:42:49 PM webapp.storage.AbstractStorage save
INFO: &amp#27;[32mSave 7bd47f6b-ad8c-4791-82be-8252f4d06457(uuid8124)
сент. 19, 2025 6:42:49 PM webapp.storage.AbstractStorage save
INFO: &amp#27;[32mSave 5f582b5d-cae4-4b9f-9822-fabacc33081d(uuid8125)
сент. 19, 2025 6:42:49 PM webapp.storage.AbstractStorage save
INFO: &amp#27;[32mSave c6a86c4b-d50d-4b01-9a06-f9f933609a9e(uuid8126)
сент. 19, 2025 6:42:49 PM webapp.storage.AbstractStorage save
INFO: &amp#27;[32mSave de8c8731-08cb-43b3-893e-4c5a747fe237(uuid8127)
сент. 19, 2025 6:42:49 PM webapp.storage.AbstractStorage save
INFO: &amp#27;[32mSave 593ea89e-a568-481a-8f9f-9ec1a8b85359(uuid8128)
сент. 19, 2025 6:42:49 PM webapp.storage.AbstractStorage save
INFO: &amp#27;[32mSave 3c50daca-db5b-421d-87be-e422acc45b1b(uuid8129)
сент. 19, 2025 6:42:49 PM webapp.storage.AbstractStorage save
INFO: &amp#27;[32mSave 613f5095-9925-4483-937a-d2432ff2b940(uuid8130)
сент. 19, 2025 6:42:49 PM webapp.storage.AbstractStorage save
INFO: &amp#27;[32mSave cba7f64d-deed-47d6-bb25-5e89e7441dd3(uuid8131)
сент. 19, 2025 6:42:49 PM webapp.storage.AbstractStorage save
INFO: &amp#27;[32mSave 7c81f7fb-b853-4304-8e71-1d4990adfaa1(uuid8132)
сент. 19, 2025 6:42:49 PM webapp.storage.AbstractStorage save
INFO: &amp#27;[32mSave 74899164-bf7c-43f9-ba4d-b51e88bbea77(uuid8133)
сент. 19, 2025 6:42:49 PM webapp.storage.AbstractStorage save
INFO: &amp#27;[32mSave 5e3d7265-e039-4419-9c24-bc1d7bb5101b(uuid8134)
сент. 19, 2025 6:42:49 PM webapp.storage.AbstractStorage save
INFO: &amp#27;[32mSave 7f775a43-8e45-482f-903b-1962f9326444(uuid8135)
сент. 19, 2025 6:42:49 PM webapp.storage.AbstractStorage save
INFO: &amp#27;[32mSave f2e25e01-21d0-45ae-8786-f3ad937996f5(uuid8136)
сент. 19, 2025 6:42:49 PM webapp.storage.AbstractStorage save
INFO: &amp#27;[32mSave 92832176-0921-445a-9165-d24996874891(uuid8137)
сент. 19, 2025 6:42:49 PM webapp.storage.AbstractStorage save
INFO: &amp#27;[32mSave 17caadcb-d65e-4605-bfd2-3b016a58469f(uuid8138)
сент. 19, 2025 6:42:49 PM webapp.storage.AbstractStorage save
INFO: &amp#27;[32mSave eba54f9a-3852-412d-90de-1fb42c83505c(uuid8139)
сент. 19, 2025 6:42:49 PM webapp.storage.AbstractStorage save
INFO: &amp#27;[32mSave e2e950cc-ade3-4e97-93d6-9dc517da9321(uuid8140)
сент. 19, 2025 6:42:49 PM webapp.storage.AbstractStorage save
INFO: &amp#27;[32mSave bf1dc47b-d6d2-4ed1-a6f1-83398a068225(uuid8141)
сент. 19, 2025 6:42:49 PM webapp.storage.AbstractStorage save
INFO: &amp#27;[32mSave cd01aa33-101c-4c36-b000-8be0ef46690c(uuid8142)
сент. 19, 2025 6:42:49 PM webapp.storage.AbstractStorage save
INFO: &amp#27;[32mSave 53c97ec1-184c-49fe-b6af-71e21428e6d8(uuid8143)
сент. 19, 2025 6:42:49 PM webapp.storage.AbstractStorage save
INFO: &amp#27;[32mSave 5eb717c6-d1dd-4485-b7a2-4b0f5f2f4d4b(uuid8144)
сент. 19, 2025 6:42:49 PM webapp.storage.AbstractStorage save
INFO: &amp#27;[32mSave bd6722c4-ec86-412f-afe0-0a63dd85f753(uuid8145)
сент. 19, 2025 6:42:49 PM webapp.storage.AbstractStorage save
INFO: &amp#27;[32mSave a0bdb78b-da0f-4379-b094-816f5a062e73(uuid8146)
сент. 19, 2025 6:42:49 PM webapp.storage.AbstractStorage save
INFO: &amp#27;[32mSave 3dd517c2-e83d-498d-a0a2-21cb7950cb49(uuid8147)
сент. 19, 2025 6:42:49 PM webapp.storage.AbstractStorage save
INFO: &amp#27;[32mSave eb7ecd11-f125-4865-ab6e-cc4da47be037(uuid8148)
сент. 19, 2025 6:42:49 PM webapp.storage.AbstractStorage save
INFO: &amp#27;[32mSave 6107ed57-8bea-4ac7-a639-b3a471b757f6(uuid8149)
сент. 19, 2025 6:42:49 PM webapp.storage.AbstractStorage save
INFO: &amp#27;[32mSave 5b2011a8-bdc1-4afc-bb7d-bd647110d5a4(uuid8150)
сент. 19, 2025 6:42:49 PM webapp.storage.AbstractStorage save
INFO: &amp#27;[32mSave b5605837-4d5b-46d6-bd99-5f7b296d3337(uuid8151)
сент. 19, 2025 6:42:49 PM webapp.storage.AbstractStorage save
INFO: &amp#27;[32mSave 7b27658a-d251-46c3-b336-93a33d4196fe(uuid8152)
сент. 19, 2025 6:42:49 PM webapp.storage.AbstractStorage save
INFO: &amp#27;[32mSave 2109cad6-b1ff-4860-866a-363eb95ecfb9(uuid8153)
сент. 19, 2025 6:42:49 PM webapp.storage.AbstractStorage save
INFO: &amp#27;[32mSave 41ffaa7f-42aa-4b61-9517-ab9820eb7ae9(uuid8154)
сент. 19, 2025 6:42:49 PM webapp.storage.AbstractStorage save
INFO: &amp#27;[32mSave 0c32e478-1877-4b12-9b0e-7d55ffd5c917(uuid8155)
сент. 19, 2025 6:42:49 PM webapp.storage.AbstractStorage save
INFO: &amp#27;[32mSave 0c1a5139-3e7a-4dd5-8ac6-f78683e73273(uuid8156)
сент. 19, 2025 6:42:49 PM webapp.storage.AbstractStorage save
INFO: &amp#27;[32mSave fc5e2f07-3bc2-4315-a0c5-3fbe921ce0ba(uuid8157)
сент. 19, 2025 6:42:49 PM webapp.storage.AbstractStorage save
INFO: &amp#27;[32mSave 76b305f3-27dd-46ee-a83f-20a9ce8fe9bb(uuid8158)
сент. 19, 2025 6:42:49 PM webapp.storage.AbstractStorage save
INFO: &amp#27;[32mSave d16fa5e7-f877-4e9d-966d-6012ed45bab6(uuid8159)
сент. 19, 2025 6:42:49 PM webapp.storage.AbstractStorage save
INFO: &amp#27;[32mSave dd467d3c-5434-41a3-a088-d7c322af589d(uuid8160)
сент. 19, 2025 6:42:49 PM webapp.storage.AbstractStorage save
INFO: &amp#27;[32mSave dbe36a36-2cb0-4123-934c-ebf9c174642f(uuid8161)
сент. 19, 2025 6:42:49 PM webapp.storage.AbstractStorage save
INFO: &amp#27;[32mSave 6acd5e5d-fdd2-41c5-8295-9af2bda48162(uuid8162)
сент. 19, 2025 6:42:49 PM webapp.storage.AbstractStorage save
INFO: &amp#27;[32mSave 6ea2462c-c8b0-4783-b258-6954c52bffb0(uuid8163)
сент. 19, 2025 6:42:49 PM webapp.storage.AbstractStorage save
INFO: &amp#27;[32mSave 7eb3959a-49a6-4d2d-9f47-ac111cd47a57(uuid8164)
сент. 19, 2025 6:42:49 PM webapp.storage.AbstractStorage save
INFO: &amp#27;[32mSave b9e4b7d1-6142-4614-ac02-5c27d1ac0cd2(uuid8165)
сент. 19, 2025 6:42:49 PM webapp.storage.AbstractStorage save
INFO: &amp#27;[32mSave e3f78408-34cd-4d69-b2dc-25d5a663c765(uuid8166)
сент. 19, 2025 6:42:49 PM webapp.storage.AbstractStorage save
INFO: &amp#27;[32mSave e54a608b-e2c0-45f2-9098-b2361eafc04b(uuid8167)
сент. 19, 2025 6:42:49 PM webapp.storage.AbstractStorage save
INFO: &amp#27;[32mSave 1e9e46cc-dcab-49a7-ba0e-39e3870a6e00(uuid8168)
сент. 19, 2025 6:42:49 PM webapp.storage.AbstractStorage save
INFO: &amp#27;[32mSave 82640dae-3495-4aee-9644-4b9cb66c1905(uuid8169)
сент. 19, 2025 6:42:49 PM webapp.storage.AbstractStorage save
INFO: &amp#27;[32mSave 0f67d93f-b083-4bac-aaf9-8653f8fb5d63(uuid8170)
сент. 19, 2025 6:42:49 PM webapp.storage.AbstractStorage save
INFO: &amp#27;[32mSave 3e0032f7-6392-4579-abfa-7b178bab230e(uuid8171)
сент. 19, 2025 6:42:49 PM webapp.storage.AbstractStorage save
INFO: &amp#27;[32mSave a5a39e62-cff6-4550-8898-3c00545ceb39(uuid8172)
сент. 19, 2025 6:42:49 PM webapp.storage.AbstractStorage save
INFO: &amp#27;[32mSave 86898a43-354b-4f45-9e7a-5202f93cf972(uuid8173)
сент. 19, 2025 6:42:49 PM webapp.storage.AbstractStorage save
INFO: &amp#27;[32mSave 1a036c2e-b692-4a18-bfa1-02960ccf8fa8(uuid8174)
сент. 19, 2025 6:42:49 PM webapp.storage.AbstractStorage save
INFO: &amp#27;[32mSave 610406de-320c-4df7-aa5e-7660f2caf5cf(uuid8175)
сент. 19, 2025 6:42:49 PM webapp.storage.AbstractStorage save
INFO: &amp#27;[32mSave b6ac0360-9686-4144-8887-d0ad12d34214(uuid8176)
сент. 19, 2025 6:42:49 PM webapp.storage.AbstractStorage save
INFO: &amp#27;[32mSave 4eb97427-f630-4a09-97e5-1a599fa6f566(uuid8177)
сент. 19, 2025 6:42:49 PM webapp.storage.AbstractStorage save
INFO: &amp#27;[32mSave 78a90dc0-ce90-42a8-b85d-d814d0cf833e(uuid8178)
сент. 19, 2025 6:42:49 PM webapp.storage.AbstractStorage save
INFO: &amp#27;[32mSave b521fd07-3b13-4093-b6a0-caca2a014c43(uuid8179)
сент. 19, 2025 6:42:49 PM webapp.storage.AbstractStorage save
INFO: &amp#27;[32mSave 28d2a855-569c-468b-b151-26907877ba96(uuid8180)
сент. 19, 2025 6:42:49 PM webapp.storage.AbstractStorage save
INFO: &amp#27;[32mSave d8fdbbfe-4442-4a5c-9a51-ea56257c4929(uuid8181)
сент. 19, 2025 6:42:49 PM webapp.storage.AbstractStorage save
INFO: &amp#27;[32mSave f062910c-3d97-4338-b7d2-11ede7dd3d24(uuid8182)
сент. 19, 2025 6:42:49 PM webapp.storage.AbstractStorage save
INFO: &amp#27;[32mSave a28cf485-f910-484e-99c2-63e18258b469(uuid8183)
сент. 19, 2025 6:42:49 PM webapp.storage.AbstractStorage save
INFO: &amp#27;[32mSave 9ed8f38e-0832-4e5d-a8aa-44b20fdd3f8e(uuid8184)
сент. 19, 2025 6:42:49 PM webapp.storage.AbstractStorage save
INFO: &amp#27;[32mSave c583d391-697d-4b1a-8fbb-3bb041b2af31(uuid8185)
сент. 19, 2025 6:42:49 PM webapp.storage.AbstractStorage save
INFO: &amp#27;[32mSave 8b9c5bff-54f8-4a7f-89d4-19f22f1cbfea(uuid8186)
сент. 19, 2025 6:42:49 PM webapp.storage.AbstractStorage save
INFO: &amp#27;[32mSave 1ed53021-5321-44b4-a39b-35cc711be752(uuid8187)
сент. 19, 2025 6:42:49 PM webapp.storage.AbstractStorage save
INFO: &amp#27;[32mSave 0193d3a1-11a3-4f14-be5c-5f7c48e4fc6a(uuid8188)
сент. 19, 2025 6:42:49 PM webapp.storage.AbstractStorage save
INFO: &amp#27;[32mSave be3ad88b-33c4-4af1-bebe-af39e2053d9d(uuid8189)
сент. 19, 2025 6:42:49 PM webapp.storage.AbstractStorage save
INFO: &amp#27;[32mSave 51a2cf66-2b45-410b-bc61-0163313e7909(uuid8190)
сент. 19, 2025 6:42:49 PM webapp.storage.AbstractStorage save
INFO: &amp#27;[32mSave 36f4d10a-8742-49c0-b9c3-8b6bb199fc64(uuid8191)
сент. 19, 2025 6:42:49 PM webapp.storage.AbstractStorage save
INFO: &amp#27;[32mSave 5e58fc7c-840e-4758-8f34-47d13ba7577c(uuid8192)
сент. 19, 2025 6:42:49 PM webapp.storage.AbstractStorage save
INFO: &amp#27;[32mSave 02e38ae4-b428-496f-8e32-d197a4560e3d(uuid8193)
сент. 19, 2025 6:42:49 PM webapp.storage.AbstractStorage save
INFO: &amp#27;[32mSave 091ff6a8-b5f9-4464-9395-10de22771e5e(uuid8194)
сент. 19, 2025 6:42:49 PM webapp.storage.AbstractStorage save
INFO: &amp#27;[32mSave eafc93f8-586f-450f-aeb8-33d60e6cd1f9(uuid8195)
сент. 19, 2025 6:42:49 PM webapp.storage.AbstractStorage save
INFO: &amp#27;[32mSave 950aa5d2-93e4-4326-bfad-07d37a803996(uuid8196)
сент. 19, 2025 6:42:49 PM webapp.storage.AbstractStorage save
INFO: &amp#27;[32mSave 0437e338-58ef-4f2e-a3ec-79bd9084f4c8(uuid8197)
сент. 19, 2025 6:42:49 PM webapp.storage.AbstractStorage save
INFO: &amp#27;[32mSave 8a75c052-2dca-4cdc-8690-72003c5134f5(uuid8198)
сент. 19, 2025 6:42:49 PM webapp.storage.AbstractStorage save
INFO: &amp#27;[32mSave de136748-8153-4f7b-a854-3d4370b60df4(uuid8199)
сент. 19, 2025 6:42:49 PM webapp.storage.AbstractStorage save
INFO: &amp#27;[32mSave fd633b5f-2dfe-4050-ad0a-3a1dc52b195c(uuid8200)
сент. 19, 2025 6:42:49 PM webapp.storage.AbstractStorage save
INFO: &amp#27;[32mSave e8b88f4a-2a55-4fc9-b577-7ce4f3035b07(uuid8201)
сент. 19, 2025 6:42:49 PM webapp.storage.AbstractStorage save
INFO: &amp#27;[32mSave eb155675-ccf3-44b0-aa5e-cd23b9686e31(uuid8202)
сент. 19, 2025 6:42:49 PM webapp.storage.AbstractStorage save
INFO: &amp#27;[32mSave b0d33db6-d0a2-44b5-afa1-2f3b93f3eddb(uuid8203)
сент. 19, 2025 6:42:49 PM webapp.storage.AbstractStorage save
INFO: &amp#27;[32mSave 3e6523fb-d7bd-4326-ac41-048804d34288(uuid8204)
сент. 19, 2025 6:42:49 PM webapp.storage.AbstractStorage save
INFO: &amp#27;[32mSave ef61cff6-e684-490a-8dc6-f42498c22ffc(uuid8205)
сент. 19, 2025 6:42:49 PM webapp.storage.AbstractStorage save
INFO: &amp#27;[32mSave dadf53a2-d042-4e16-8cbe-b9c22a55abb3(uuid8206)
сент. 19, 2025 6:42:49 PM webapp.storage.AbstractStorage save
INFO: &amp#27;[32mSave 3d01fe0f-feea-4c2e-9a98-225d4ee4b108(uuid8207)
сент. 19, 2025 6:42:49 PM webapp.storage.AbstractStorage save
INFO: &amp#27;[32mSave fd639a19-6c2c-45c3-a6ab-883ddb6bf0bf(uuid8208)
сент. 19, 2025 6:42:49 PM webapp.storage.AbstractStorage save
INFO: &amp#27;[32mSave 12b57eeb-6fb2-4fb9-ae9f-e62fc9119bf0(uuid8209)
сент. 19, 2025 6:42:49 PM webapp.storage.AbstractStorage save
INFO: &amp#27;[32mSave 33ce2fb8-5781-4a4b-a306-73fe69d3bca2(uuid8210)
сент. 19, 2025 6:42:49 PM webapp.storage.AbstractStorage save
INFO: &amp#27;[32mSave c9bb71cd-b315-4e4f-95ed-449f6215ae5d(uuid8211)
сент. 19, 2025 6:42:49 PM webapp.storage.AbstractStorage save
INFO: &amp#27;[32mSave 4c205191-050d-4ce7-909e-d097d47206ed(uuid8212)
сент. 19, 2025 6:42:49 PM webapp.storage.AbstractStorage save
INFO: &amp#27;[32mSave 7aa33604-135d-4d0d-b673-03530a356696(uuid8213)
сент. 19, 2025 6:42:49 PM webapp.storage.AbstractStorage save
INFO: &amp#27;[32mSave 53abf89e-0ac1-4cce-b3be-127432f0bc97(uuid8214)
сент. 19, 2025 6:42:49 PM webapp.storage.AbstractStorage save
INFO: &amp#27;[32mSave 26459aaf-a628-4cc9-83f8-46f2e2c65379(uuid8215)
сент. 19, 2025 6:42:49 PM webapp.storage.AbstractStorage save
INFO: &amp#27;[32mSave a5796409-7fa8-43a6-ac0c-f934fd0ea246(uuid8216)
сент. 19, 2025 6:42:49 PM webapp.storage.AbstractStorage save
INFO: &amp#27;[32mSave 722acabe-1194-41b5-9b10-db74dc100f7f(uuid8217)
сент. 19, 2025 6:42:49 PM webapp.storage.AbstractStorage save
INFO: &amp#27;[32mSave 0e569818-f993-4b16-888d-822a6abbc8c8(uuid8218)
сент. 19, 2025 6:42:49 PM webapp.storage.AbstractStorage save
INFO: &amp#27;[32mSave 7d6e7907-6838-4f04-afe4-08287d087f01(uuid8219)
сент. 19, 2025 6:42:49 PM webapp.storage.AbstractStorage save
INFO: &amp#27;[32mSave 13ae3038-6ed3-42ea-9a20-dd44fa06dd00(uuid8220)
сент. 19, 2025 6:42:49 PM webapp.storage.AbstractStorage save
INFO: &amp#27;[32mSave efbee2bc-881c-4420-9437-279ad1f62383(uuid8221)
сент. 19, 2025 6:42:49 PM webapp.storage.AbstractStorage save
INFO: &amp#27;[32mSave bac52c0e-4ff3-40d8-8e7f-89ec4f1f544a(uuid8222)
сент. 19, 2025 6:42:49 PM webapp.storage.AbstractStorage save
INFO: &amp#27;[32mSave 4c2eff3d-aac2-437d-b6b9-d4d3e1d3095e(uuid8223)
сент. 19, 2025 6:42:49 PM webapp.storage.AbstractStorage save
INFO: &amp#27;[32mSave 80da5fd1-fc32-46b4-83ed-5e84cdeb9dc0(uuid8224)
сент. 19, 2025 6:42:49 PM webapp.storage.AbstractStorage save
INFO: &amp#27;[32mSave 00acfc9c-52ba-4fbf-aabb-1b46e634b4b4(uuid8225)
сент. 19, 2025 6:42:49 PM webapp.storage.AbstractStorage save
INFO: &amp#27;[32mSave 07450935-26c0-4eef-9635-fb90cbd4bfdd(uuid8226)
сент. 19, 2025 6:42:49 PM webapp.storage.AbstractStorage save
INFO: &amp#27;[32mSave 2f538754-e6c2-41cf-abd4-7340e9a065f6(uuid8227)
сент. 19, 2025 6:42:49 PM webapp.storage.AbstractStorage save
INFO: &amp#27;[32mSave 1407f0fc-3997-436e-8a46-878986fde491(uuid8228)
сент. 19, 2025 6:42:49 PM webapp.storage.AbstractStorage save
INFO: &amp#27;[32mSave a9b963a8-2bf1-4dc8-a7f1-ec84fee6c652(uuid8229)
сент. 19, 2025 6:42:49 PM webapp.storage.AbstractStorage save
INFO: &amp#27;[32mSave fa55b912-a84e-4b53-98a0-7ac11494f286(uuid8230)
сент. 19, 2025 6:42:49 PM webapp.storage.AbstractStorage save
INFO: &amp#27;[32mSave 2e026c7e-f2e8-490e-b9e6-e42cdff605a6(uuid8231)
сент. 19, 2025 6:42:49 PM webapp.storage.AbstractStorage save
INFO: &amp#27;[32mSave 00ad4ab7-573b-4400-bd78-7a324128528d(uuid8232)
сент. 19, 2025 6:42:49 PM webapp.storage.AbstractStorage save
INFO: &amp#27;[32mSave 408d76dd-85ee-424f-b857-74af4affdbb5(uuid8233)
сент. 19, 2025 6:42:49 PM webapp.storage.AbstractStorage save
INFO: &amp#27;[32mSave d9632517-f4a5-4196-b373-4c6face54f1a(uuid8234)
сент. 19, 2025 6:42:49 PM webapp.storage.AbstractStorage save
INFO: &amp#27;[32mSave 10bba4b9-57b2-4078-9c55-794befe9341b(uuid8235)
сент. 19, 2025 6:42:49 PM webapp.storage.AbstractStorage save
INFO: &amp#27;[32mSave 96168c11-7ef4-42b5-a747-627ae5a6dd47(uuid8236)
сент. 19, 2025 6:42:49 PM webapp.storage.AbstractStorage save
INFO: &amp#27;[32mSave 008e849f-bd3d-4010-b674-be250dc52a8d(uuid8237)
сент. 19, 2025 6:42:49 PM webapp.storage.AbstractStorage save
INFO: &amp#27;[32mSave 5a64e931-c157-4046-b666-388480b16bcf(uuid8238)
сент. 19, 2025 6:42:49 PM webapp.storage.AbstractStorage save
INFO: &amp#27;[32mSave d9708541-87f9-4ce5-90f0-6131e822ad8e(uuid8239)
сент. 19, 2025 6:42:49 PM webapp.storage.AbstractStorage save
INFO: &amp#27;[32mSave 88d1bf59-a48d-4f26-b3de-c53bb0bbdb58(uuid8240)
сент. 19, 2025 6:42:49 PM webapp.storage.AbstractStorage save
INFO: &amp#27;[32mSave 8e1a65cd-a1f8-425d-9888-80bfe7261c8e(uuid8241)
сент. 19, 2025 6:42:49 PM webapp.storage.AbstractStorage save
INFO: &amp#27;[32mSave d9da6000-cb16-437e-9730-3205b9f5ce8e(uuid8242)
сент. 19, 2025 6:42:49 PM webapp.storage.AbstractStorage save
INFO: &amp#27;[32mSave 8e360b43-fdc1-4192-b40b-1c580595a660(uuid8243)
сент. 19, 2025 6:42:49 PM webapp.storage.AbstractStorage save
INFO: &amp#27;[32mSave 611880f8-ac54-46a2-996b-60b61a125721(uuid8244)
сент. 19, 2025 6:42:49 PM webapp.storage.AbstractStorage save
INFO: &amp#27;[32mSave 067397a0-2b4b-4453-a6e5-6ceab629119c(uuid8245)
сент. 19, 2025 6:42:49 PM webapp.storage.AbstractStorage save
INFO: &amp#27;[32mSave d43c1d49-816c-4327-b64f-e1d354bffad3(uuid8246)
сент. 19, 2025 6:42:49 PM webapp.storage.AbstractStorage save
INFO: &amp#27;[32mSave 7d704062-beaa-43bd-aedd-4694e25c6dc7(uuid8247)
сент. 19, 2025 6:42:49 PM webapp.storage.AbstractStorage save
INFO: &amp#27;[32mSave 1a41968f-f9f8-4647-a994-a7cb42b3b2f3(uuid8248)
сент. 19, 2025 6:42:49 PM webapp.storage.AbstractStorage save
INFO: &amp#27;[32mSave c9be61e4-7347-48b6-898f-0ab2390f9377(uuid8249)
сент. 19, 2025 6:42:49 PM webapp.storage.AbstractStorage save
INFO: &amp#27;[32mSave 54a20f1a-184a-4ffd-86fd-903e8609d707(uuid8250)
сент. 19, 2025 6:42:49 PM webapp.storage.AbstractStorage save
INFO: &amp#27;[32mSave 79b68b29-1b5f-4f10-958e-9ce263ae1d7a(uuid8251)
сент. 19, 2025 6:42:49 PM webapp.storage.AbstractStorage save
INFO: &amp#27;[32mSave b600ad02-869c-4ff4-bf16-f70670d3d96f(uuid8252)
сент. 19, 2025 6:42:49 PM webapp.storage.AbstractStorage save
INFO: &amp#27;[32mSave 14b66f2c-d8d0-4815-b0d8-770a6ed9833e(uuid8253)
сент. 19, 2025 6:42:49 PM webapp.storage.AbstractStorage save
INFO: &amp#27;[32mSave 7f53b2d6-f2fb-4892-ad77-2dd25737650d(uuid8254)
сент. 19, 2025 6:42:49 PM webapp.storage.AbstractStorage save
INFO: &amp#27;[32mSave 7988a2b6-e49d-4fd4-aab0-df59b5a776ce(uuid8255)
сент. 19, 2025 6:42:49 PM webapp.storage.AbstractStorage save
INFO: &amp#27;[32mSave 2c4a1359-10eb-4862-801e-cd6c37609cef(uuid8256)
сент. 19, 2025 6:42:49 PM webapp.storage.AbstractStorage save
INFO: &amp#27;[32mSave 1a6f04bb-198c-4791-9fb2-d685846bd1b2(uuid8257)
сент. 19, 2025 6:42:49 PM webapp.storage.AbstractStorage save
INFO: &amp#27;[32mSave bc00b355-7711-40d8-9cb8-fc2b7df85d09(uuid8258)
сент. 19, 2025 6:42:49 PM webapp.storage.AbstractStorage save
INFO: &amp#27;[32mSave 8fde3ada-9ced-4af5-a5eb-17f3d37e163b(uuid8259)
сент. 19, 2025 6:42:49 PM webapp.storage.AbstractStorage save
INFO: &amp#27;[32mSave 28c538a7-6aa6-4022-894f-c523df0d3111(uuid8260)
сент. 19, 2025 6:42:49 PM webapp.storage.AbstractStorage save
INFO: &amp#27;[32mSave 9723d60d-b80e-4bf6-b4ec-0b45c81fa5c7(uuid8261)
сент. 19, 2025 6:42:49 PM webapp.storage.AbstractStorage save
INFO: &amp#27;[32mSave c5304272-9ede-4760-9474-655d395d285a(uuid8262)
сент. 19, 2025 6:42:49 PM webapp.storage.AbstractStorage save
INFO: &amp#27;[32mSave 16ed79c6-5a2e-47e4-9aaa-34bef8ef6372(uuid8263)
сент. 19, 2025 6:42:49 PM webapp.storage.AbstractStorage save
INFO: &amp#27;[32mSave 2ee2d02a-2e45-46a2-9556-36c708d3d8ba(uuid8264)
сент. 19, 2025 6:42:49 PM webapp.storage.AbstractStorage save
INFO: &amp#27;[32mSave f7b7ba6f-bb13-42cf-a99a-d388cd95aafe(uuid8265)
сент. 19, 2025 6:42:49 PM webapp.storage.AbstractStorage save
INFO: &amp#27;[32mSave 6a603e79-bf6f-422e-86b4-3bc285930b2d(uuid8266)
сент. 19, 2025 6:42:49 PM webapp.storage.AbstractStorage save
INFO: &amp#27;[32mSave dfe40372-787b-4489-bb21-e7152b2f241f(uuid8267)
сент. 19, 2025 6:42:49 PM webapp.storage.AbstractStorage save
INFO: &amp#27;[32mSave bf5a84c1-e6c6-495d-b2f1-50ebf3da877c(uuid8268)
сент. 19, 2025 6:42:49 PM webapp.storage.AbstractStorage save
INFO: &amp#27;[32mSave 1c426417-0679-4f57-b403-f256b625493f(uuid8269)
сент. 19, 2025 6:42:49 PM webapp.storage.AbstractStorage save
INFO: &amp#27;[32mSave f4d4a3e9-d61f-400c-ade2-a05616832cca(uuid8270)
сент. 19, 2025 6:42:49 PM webapp.storage.AbstractStorage save
INFO: &amp#27;[32mSave d7f6d103-96c2-4cc3-943b-dc394356a314(uuid8271)
сент. 19, 2025 6:42:49 PM webapp.storage.AbstractStorage save
INFO: &amp#27;[32mSave 1d20ccc4-f016-4ae8-b408-f75f36f3c148(uuid8272)
сент. 19, 2025 6:42:49 PM webapp.storage.AbstractStorage save
INFO: &amp#27;[32mSave 37559721-6288-487f-92d0-bc543ff1883e(uuid8273)
сент. 19, 2025 6:42:49 PM webapp.storage.AbstractStorage save
INFO: &amp#27;[32mSave 879890b6-d684-4045-8920-575b82451409(uuid8274)
сент. 19, 2025 6:42:49 PM webapp.storage.AbstractStorage save
INFO: &amp#27;[32mSave fe35ecbb-8a55-4c43-a462-a34c980e6f33(uuid8275)
сент. 19, 2025 6:42:49 PM webapp.storage.AbstractStorage save
INFO: &amp#27;[32mSave d7d1991d-3ad5-48c2-ac0e-3b17cfb95953(uuid8276)
сент. 19, 2025 6:42:49 PM webapp.storage.AbstractStorage save
INFO: &amp#27;[32mSave e2af9db7-ee20-417d-9c1c-5e2920c8034e(uuid8277)
сент. 19, 2025 6:42:49 PM webapp.storage.AbstractStorage save
INFO: &amp#27;[32mSave 33449f69-a016-4338-a5ad-c1513c3cd694(uuid8278)
сент. 19, 2025 6:42:49 PM webapp.storage.AbstractStorage save
INFO: &amp#27;[32mSave bd3186cd-1f29-45ed-80dd-987507e4103d(uuid8279)
сент. 19, 2025 6:42:49 PM webapp.storage.AbstractStorage save
INFO: &amp#27;[32mSave 22bce74c-c2f4-4a80-a726-82abad841d8e(uuid8280)
сент. 19, 2025 6:42:49 PM webapp.storage.AbstractStorage save
INFO: &amp#27;[32mSave ff46b67f-c411-4bd4-894d-15ddb4a868db(uuid8281)
сент. 19, 2025 6:42:49 PM webapp.storage.AbstractStorage save
INFO: &amp#27;[32mSave 9d2b1ea0-df00-437a-a626-1390cd17500f(uuid8282)
сент. 19, 2025 6:42:49 PM webapp.storage.AbstractStorage save
INFO: &amp#27;[32mSave 7ef65fbe-29a1-4e9f-b0d9-ba7a5fe19d90(uuid8283)
сент. 19, 2025 6:42:49 PM webapp.storage.AbstractStorage save
INFO: &amp#27;[32mSave c88cc5ee-c378-4fe3-9360-2a2a33d009b4(uuid8284)
сент. 19, 2025 6:42:49 PM webapp.storage.AbstractStorage save
INFO: &amp#27;[32mSave 7ab647e5-aae0-477b-8c6e-c58f02609b24(uuid8285)
сент. 19, 2025 6:42:49 PM webapp.storage.AbstractStorage save
INFO: &amp#27;[32mSave c0638ab2-03e3-4935-8b2c-9b997fcc1325(uuid8286)
сент. 19, 2025 6:42:49 PM webapp.storage.AbstractStorage save
INFO: &amp#27;[32mSave 71eca553-8e06-4737-b0f3-f5679ed4e7bd(uuid8287)
сент. 19, 2025 6:42:49 PM webapp.storage.AbstractStorage save
INFO: &amp#27;[32mSave a333a5fd-92e5-4fce-a75a-d27b28fa93ed(uuid8288)
сент. 19, 2025 6:42:49 PM webapp.storage.AbstractStorage save
INFO: &amp#27;[32mSave 40ddc2ef-5188-4b7a-a470-1528e26708f3(uuid8289)
сент. 19, 2025 6:42:49 PM webapp.storage.AbstractStorage save
INFO: &amp#27;[32mSave 4e1e9642-10b1-482a-ab65-fb62e50da4c7(uuid8290)
сент. 19, 2025 6:42:49 PM webapp.storage.AbstractStorage save
INFO: &amp#27;[32mSave 877ebd15-f73f-446a-ac4b-9e13790b2b67(uuid8291)
сент. 19, 2025 6:42:49 PM webapp.storage.AbstractStorage save
INFO: &amp#27;[32mSave 3dd5dced-52d3-49da-9f27-b473c4949d54(uuid8292)
сент. 19, 2025 6:42:49 PM webapp.storage.AbstractStorage save
INFO: &amp#27;[32mSave a80bf8b4-2b02-4c2c-9a40-4e8bc89bee6c(uuid8293)
сент. 19, 2025 6:42:49 PM webapp.storage.AbstractStorage save
INFO: &amp#27;[32mSave 53324070-624a-4b26-8afb-b575193d5604(uuid8294)
сент. 19, 2025 6:42:49 PM webapp.storage.AbstractStorage save
INFO: &amp#27;[32mSave 32f3db26-4cc8-422d-b76b-f19c7c73a4b0(uuid8295)
сент. 19, 2025 6:42:49 PM webapp.storage.AbstractStorage save
INFO: &amp#27;[32mSave 2adc2fd5-622f-4278-97fb-313f1b58d0fe(uuid8296)
сент. 19, 2025 6:42:49 PM webapp.storage.AbstractStorage save
INFO: &amp#27;[32mSave c0732679-787b-40a5-bbbe-6560d482319f(uuid8297)
сент. 19, 2025 6:42:49 PM webapp.storage.AbstractStorage save
INFO: &amp#27;[32mSave 41870dbb-0a0a-454e-b6cb-11a372ad3a0e(uuid8298)
сент. 19, 2025 6:42:49 PM webapp.storage.AbstractStorage save
INFO: &amp#27;[32mSave effaed83-8545-4822-8c95-0b392f9155ae(uuid8299)
сент. 19, 2025 6:42:49 PM webapp.storage.AbstractStorage save
INFO: &amp#27;[32mSave bc0fb48d-bf8d-42c2-9c1b-755bd72db1ff(uuid8300)
сент. 19, 2025 6:42:49 PM webapp.storage.AbstractStorage save
INFO: &amp#27;[32mSave 4a31d3a1-1af2-439d-9f08-6ae6d63b82b6(uuid8301)
сент. 19, 2025 6:42:49 PM webapp.storage.AbstractStorage save
INFO: &amp#27;[32mSave e5104f06-63b8-42e8-aedd-84d8de4fa3e6(uuid8302)
сент. 19, 2025 6:42:49 PM webapp.storage.AbstractStorage save
INFO: &amp#27;[32mSave 4f864bf2-ab5e-478d-a500-8a519608f8ee(uuid8303)
сент. 19, 2025 6:42:49 PM webapp.storage.AbstractStorage save
INFO: &amp#27;[32mSave d0344a11-d711-446a-9794-953312af4e34(uuid8304)
сент. 19, 2025 6:42:49 PM webapp.storage.AbstractStorage save
INFO: &amp#27;[32mSave cd40aa07-422c-48ee-8a07-7083c72d386e(uuid8305)
сент. 19, 2025 6:42:49 PM webapp.storage.AbstractStorage save
INFO: &amp#27;[32mSave 8eb9b408-6831-40c2-8970-2185d3044f8a(uuid8306)
сент. 19, 2025 6:42:49 PM webapp.storage.AbstractStorage save
INFO: &amp#27;[32mSave 34cc0453-165b-4a12-b0d4-c7ffdb2f966b(uuid8307)
сент. 19, 2025 6:42:49 PM webapp.storage.AbstractStorage save
INFO: &amp#27;[32mSave 1ecdb81d-ea2e-4db2-a518-95722c9bc2ee(uuid8308)
сент. 19, 2025 6:42:49 PM webapp.storage.AbstractStorage save
INFO: &amp#27;[32mSave effa8b53-7646-4912-9f5f-3186160d85a3(uuid8309)
сент. 19, 2025 6:42:49 PM webapp.storage.AbstractStorage save
INFO: &amp#27;[32mSave fec5a05e-e612-4578-9aa8-7614646ccd1b(uuid8310)
сент. 19, 2025 6:42:49 PM webapp.storage.AbstractStorage save
INFO: &amp#27;[32mSave b9a24197-6e33-418c-859b-1b7de75fa8cf(uuid8311)
сент. 19, 2025 6:42:49 PM webapp.storage.AbstractStorage save
INFO: &amp#27;[32mSave 3529f727-fbcc-4cd5-ad9a-e30ef35e42d9(uuid8312)
сент. 19, 2025 6:42:49 PM webapp.storage.AbstractStorage save
INFO: &amp#27;[32mSave 17821b75-ddf3-4182-9a63-b4e89cab2593(uuid8313)
сент. 19, 2025 6:42:49 PM webapp.storage.AbstractStorage save
INFO: &amp#27;[32mSave 01639d8a-5e3f-48e0-8919-d01b7c7dfd63(uuid8314)
сент. 19, 2025 6:42:49 PM webapp.storage.AbstractStorage save
INFO: &amp#27;[32mSave 34d66182-0a0d-4727-8f86-6851f682c2be(uuid8315)
сент. 19, 2025 6:42:49 PM webapp.storage.AbstractStorage save
INFO: &amp#27;[32mSave 31bdaf4f-cca0-45bb-8d35-6dba6a8a8b00(uuid8316)
сент. 19, 2025 6:42:49 PM webapp.storage.AbstractStorage save
INFO: &amp#27;[32mSave 264c341e-d005-4ca9-8cab-b13bf891aca9(uuid8317)
сент. 19, 2025 6:42:49 PM webapp.storage.AbstractStorage save
INFO: &amp#27;[32mSave dd4d8068-9d5b-4f91-8b7e-7b03d0457467(uuid8318)
сент. 19, 2025 6:42:49 PM webapp.storage.AbstractStorage save
INFO: &amp#27;[32mSave 8ebe7567-dee8-4336-836d-6813b9c9447e(uuid8319)
сент. 19, 2025 6:42:49 PM webapp.storage.AbstractStorage save
INFO: &amp#27;[32mSave 1b2f721b-d709-4193-aa80-d96cbab055f9(uuid8320)
сент. 19, 2025 6:42:49 PM webapp.storage.AbstractStorage save
INFO: &amp#27;[32mSave 62b7e557-392d-4933-b28a-2770005deaff(uuid8321)
сент. 19, 2025 6:42:49 PM webapp.storage.AbstractStorage save
INFO: &amp#27;[32mSave b27e1f3b-0584-4043-a82c-0c9c44bc0a21(uuid8322)
сент. 19, 2025 6:42:49 PM webapp.storage.AbstractStorage save
INFO: &amp#27;[32mSave e248cf07-69e7-429e-90eb-20083d24e3a9(uuid8323)
сент. 19, 2025 6:42:49 PM webapp.storage.AbstractStorage save
INFO: &amp#27;[32mSave 7f06bf6b-53dd-4a87-8e55-85266ae3050f(uuid8324)
сент. 19, 2025 6:42:49 PM webapp.storage.AbstractStorage save
INFO: &amp#27;[32mSave 66a01b73-329b-4587-bcc4-0ebc7eec90a0(uuid8325)
сент. 19, 2025 6:42:49 PM webapp.storage.AbstractStorage save
INFO: &amp#27;[32mSave 844ea57e-d519-42e9-b6ae-c2781df6ad70(uuid8326)
сент. 19, 2025 6:42:49 PM webapp.storage.AbstractStorage save
INFO: &amp#27;[32mSave 87e8c690-7b40-4c7a-82f0-311e43fba798(uuid8327)
сент. 19, 2025 6:42:49 PM webapp.storage.AbstractStorage save
INFO: &amp#27;[32mSave 719578c5-a34a-40e3-8686-fbd04d2b534b(uuid8328)
сент. 19, 2025 6:42:49 PM webapp.storage.AbstractStorage save
INFO: &amp#27;[32mSave d9f272e6-7779-4a6d-b89e-c9803aeace39(uuid8329)
сент. 19, 2025 6:42:49 PM webapp.storage.AbstractStorage save
INFO: &amp#27;[32mSave c2088e95-c8ba-4e9e-94a9-c9235f6f9ddd(uuid8330)
сент. 19, 2025 6:42:49 PM webapp.storage.AbstractStorage save
INFO: &amp#27;[32mSave 09eb34ce-7b6a-4e5f-95bb-4e9467e54f26(uuid8331)
сент. 19, 2025 6:42:49 PM webapp.storage.AbstractStorage save
INFO: &amp#27;[32mSave ff5cd798-338c-4dcb-a77f-eb664881ad23(uuid8332)
сент. 19, 2025 6:42:49 PM webapp.storage.AbstractStorage save
INFO: &amp#27;[32mSave 654083e6-271b-4645-a21e-2a6c221555aa(uuid8333)
сент. 19, 2025 6:42:49 PM webapp.storage.AbstractStorage save
INFO: &amp#27;[32mSave 697c1573-fc7e-4779-91f7-3232f5552903(uuid8334)
сент. 19, 2025 6:42:49 PM webapp.storage.AbstractStorage save
INFO: &amp#27;[32mSave 16185355-0c0c-4dd5-83fe-58fb48f82f74(uuid8335)
сент. 19, 2025 6:42:49 PM webapp.storage.AbstractStorage save
INFO: &amp#27;[32mSave 7bbe5fac-7b63-44e0-b777-ed4c7bcb18e6(uuid8336)
сент. 19, 2025 6:42:49 PM webapp.storage.AbstractStorage save
INFO: &amp#27;[32mSave 67e02bb9-b8ac-4494-9cac-5dea46bf70cc(uuid8337)
сент. 19, 2025 6:42:49 PM webapp.storage.AbstractStorage save
INFO: &amp#27;[32mSave c8691042-0fb5-4a8c-9874-1106ad6f22f9(uuid8338)
сент. 19, 2025 6:42:49 PM webapp.storage.AbstractStorage save
INFO: &amp#27;[32mSave b5434a22-3fcc-4aff-b2fb-e125e15a9c6a(uuid8339)
сент. 19, 2025 6:42:49 PM webapp.storage.AbstractStorage save
INFO: &amp#27;[32mSave 804f72c2-4b1d-4573-ab48-a96cc5fe172c(uuid8340)
сент. 19, 2025 6:42:49 PM webapp.storage.AbstractStorage save
INFO: &amp#27;[32mSave 3cb9e6e2-56c9-4548-bf7e-da25d3bc4834(uuid8341)
сент. 19, 2025 6:42:49 PM webapp.storage.AbstractStorage save
INFO: &amp#27;[32mSave daa72dd4-5a7c-4ec5-b76d-b609bec591b6(uuid8342)
сент. 19, 2025 6:42:49 PM webapp.storage.AbstractStorage save
INFO: &amp#27;[32mSave 642ab1f5-b303-4e7c-a5e1-c9757da5d79f(uuid8343)
сент. 19, 2025 6:42:49 PM webapp.storage.AbstractStorage save
INFO: &amp#27;[32mSave 1444f329-2cd5-4212-85ce-4dffd870b103(uuid8344)
сент. 19, 2025 6:42:49 PM webapp.storage.AbstractStorage save
INFO: &amp#27;[32mSave 27289901-4c3a-4eeb-880c-7dc5be32d8ff(uuid8345)
сент. 19, 2025 6:42:49 PM webapp.storage.AbstractStorage save
INFO: &amp#27;[32mSave 28f5151e-3b28-414d-bf8f-8c1ffc50c4ea(uuid8346)
сент. 19, 2025 6:42:49 PM webapp.storage.AbstractStorage save
INFO: &amp#27;[32mSave bfbecf49-ccf0-443a-a0fd-16c333e9e634(uuid8347)
сент. 19, 2025 6:42:49 PM webapp.storage.AbstractStorage save
INFO: &amp#27;[32mSave c79abdf8-fb10-4f02-be24-7cbaf97320c4(uuid8348)
сент. 19, 2025 6:42:49 PM webapp.storage.AbstractStorage save
INFO: &amp#27;[32mSave be57a4f3-0522-4036-9bf6-c75e0aed99d2(uuid8349)
сент. 19, 2025 6:42:49 PM webapp.storage.AbstractStorage save
INFO: &amp#27;[32mSave 2c06984a-f319-47c7-89bf-92c713cf186d(uuid8350)
сент. 19, 2025 6:42:49 PM webapp.storage.AbstractStorage save
INFO: &amp#27;[32mSave 78f9dc17-5d2e-459f-acfd-9f470b290e92(uuid8351)
сент. 19, 2025 6:42:49 PM webapp.storage.AbstractStorage save
INFO: &amp#27;[32mSave 2ced9679-35cd-4c2a-9d98-37e71a6d354f(uuid8352)
сент. 19, 2025 6:42:49 PM webapp.storage.AbstractStorage save
INFO: &amp#27;[32mSave d0a25e73-1358-48c3-b377-2085f0908583(uuid8353)
сент. 19, 2025 6:42:49 PM webapp.storage.AbstractStorage save
INFO: &amp#27;[32mSave d9ff927a-16d9-4636-b103-d018548e4aa0(uuid8354)
сент. 19, 2025 6:42:49 PM webapp.storage.AbstractStorage save
INFO: &amp#27;[32mSave e7d91379-5f68-42c8-acaf-51ede7710e18(uuid8355)
сент. 19, 2025 6:42:49 PM webapp.storage.AbstractStorage save
INFO: &amp#27;[32mSave 59143358-b1e9-4656-8a7e-b9577ab3ddc6(uuid8356)
сент. 19, 2025 6:42:49 PM webapp.storage.AbstractStorage save
INFO: &amp#27;[32mSave 2291153f-491c-448d-8cdc-9dd406bb536b(uuid8357)
сент. 19, 2025 6:42:49 PM webapp.storage.AbstractStorage save
INFO: &amp#27;[32mSave e39d53f6-d230-46ca-a53e-218193826e48(uuid8358)
сент. 19, 2025 6:42:49 PM webapp.storage.AbstractStorage save
INFO: &amp#27;[32mSave 3118c315-9f65-4e89-94f1-45730fed9c5c(uuid8359)
сент. 19, 2025 6:42:49 PM webapp.storage.AbstractStorage save
INFO: &amp#27;[32mSave 74cf175f-7955-4975-af2e-ed8cc7ef5f2c(uuid8360)
сент. 19, 2025 6:42:49 PM webapp.storage.AbstractStorage save
INFO: &amp#27;[32mSave a95380d8-eb82-4e23-9b21-22b622b5723b(uuid8361)
сент. 19, 2025 6:42:49 PM webapp.storage.AbstractStorage save
INFO: &amp#27;[32mSave 15103dec-9ac1-4ef2-8fb0-6bb5e2297529(uuid8362)
сент. 19, 2025 6:42:49 PM webapp.storage.AbstractStorage save
INFO: &amp#27;[32mSave ad6d37ea-8419-4e65-becb-301a5dbf04ff(uuid8363)
сент. 19, 2025 6:42:49 PM webapp.storage.AbstractStorage save
INFO: &amp#27;[32mSave d7f00193-1c8f-4e5d-8eb6-dde8aa279168(uuid8364)
сент. 19, 2025 6:42:49 PM webapp.storage.AbstractStorage save
INFO: &amp#27;[32mSave 4ad6f452-63ad-4e3f-aa85-7682299c4049(uuid8365)
сент. 19, 2025 6:42:49 PM webapp.storage.AbstractStorage save
INFO: &amp#27;[32mSave 80cc0e1c-e7c1-44f5-8e31-db85ae14fb62(uuid8366)
сент. 19, 2025 6:42:49 PM webapp.storage.AbstractStorage save
INFO: &amp#27;[32mSave 4b540ad8-0f1f-458c-b1a7-b1ab8a24bd2b(uuid8367)
сент. 19, 2025 6:42:49 PM webapp.storage.AbstractStorage save
INFO: &amp#27;[32mSave 926d6633-6c09-4d31-9fd7-62a4143d61fb(uuid8368)
сент. 19, 2025 6:42:49 PM webapp.storage.AbstractStorage save
INFO: &amp#27;[32mSave 44991201-1cc1-4864-b09b-899bba0d054a(uuid8369)
сент. 19, 2025 6:42:49 PM webapp.storage.AbstractStorage save
INFO: &amp#27;[32mSave 9b9dfdeb-ef89-4182-83c5-b94d773efe64(uuid8370)
сент. 19, 2025 6:42:49 PM webapp.storage.AbstractStorage save
INFO: &amp#27;[32mSave d2bb2f16-4175-4343-b827-13d274395b77(uuid8371)
сент. 19, 2025 6:42:49 PM webapp.storage.AbstractStorage save
INFO: &amp#27;[32mSave bc0439fe-387d-4cd4-9090-a3fe0566ab87(uuid8372)
сент. 19, 2025 6:42:49 PM webapp.storage.AbstractStorage save
INFO: &amp#27;[32mSave 62b669a0-58b5-4cf0-9585-b0ea6e102cb7(uuid8373)
сент. 19, 2025 6:42:49 PM webapp.storage.AbstractStorage save
INFO: &amp#27;[32mSave e512c498-a5b1-4ae8-8ed6-0ba554532131(uuid8374)
сент. 19, 2025 6:42:49 PM webapp.storage.AbstractStorage save
INFO: &amp#27;[32mSave 6efc1094-2274-4f3d-85b4-2b7f12ce5785(uuid8375)
сент. 19, 2025 6:42:49 PM webapp.storage.AbstractStorage save
INFO: &amp#27;[32mSave f9c24da5-871e-45fe-880f-c528b73841d9(uuid8376)
сент. 19, 2025 6:42:49 PM webapp.storage.AbstractStorage save
INFO: &amp#27;[32mSave 9c6da3e5-6aaa-4e15-bb82-9dbd97e176e5(uuid8377)
сент. 19, 2025 6:42:49 PM webapp.storage.AbstractStorage save
INFO: &amp#27;[32mSave 3cb6c4dc-bc7b-4d0c-9d0b-7242ac922584(uuid8378)
сент. 19, 2025 6:42:49 PM webapp.storage.AbstractStorage save
INFO: &amp#27;[32mSave 859f1ac7-60b6-46ac-bdb5-3bd632f77b49(uuid8379)
сент. 19, 2025 6:42:49 PM webapp.storage.AbstractStorage save
INFO: &amp#27;[32mSave a8f95587-c023-43c1-a0fb-29d2de327256(uuid8380)
сент. 19, 2025 6:42:49 PM webapp.storage.AbstractStorage save
INFO: &amp#27;[32mSave 184532cd-fe5e-47d8-8059-9d869511b162(uuid8381)
сент. 19, 2025 6:42:49 PM webapp.storage.AbstractStorage save
INFO: &amp#27;[32mSave 4a97b0f4-e49f-4280-ad16-3e71aa1ccb5c(uuid8382)
сент. 19, 2025 6:42:49 PM webapp.storage.AbstractStorage save
INFO: &amp#27;[32mSave 4b3f5aaf-7252-40a4-8a58-786aaed83384(uuid8383)
сент. 19, 2025 6:42:49 PM webapp.storage.AbstractStorage save
INFO: &amp#27;[32mSave 15e49048-e15d-4313-a338-1a22a439e90b(uuid8384)
сент. 19, 2025 6:42:49 PM webapp.storage.AbstractStorage save
INFO: &amp#27;[32mSave 9a78cab4-9466-474a-9db2-4dbadc39b384(uuid8385)
сент. 19, 2025 6:42:49 PM webapp.storage.AbstractStorage save
INFO: &amp#27;[32mSave 032ae3ed-43bc-4021-a32a-bf31fc5166a3(uuid8386)
сент. 19, 2025 6:42:49 PM webapp.storage.AbstractStorage save
INFO: &amp#27;[32mSave 876f4178-2d61-4ec0-97b7-e6443f7c8536(uuid8387)
сент. 19, 2025 6:42:49 PM webapp.storage.AbstractStorage save
INFO: &amp#27;[32mSave d799f0bf-b541-4e0f-8d78-062079d95929(uuid8388)
сент. 19, 2025 6:42:49 PM webapp.storage.AbstractStorage save
INFO: &amp#27;[32mSave c2db7bfe-a425-466d-b716-063f9d761a41(uuid8389)
сент. 19, 2025 6:42:49 PM webapp.storage.AbstractStorage save
INFO: &amp#27;[32mSave dfb5004b-91ce-4782-812a-ce2e51a2c9c0(uuid8390)
сент. 19, 2025 6:42:49 PM webapp.storage.AbstractStorage save
INFO: &amp#27;[32mSave 2b235845-db58-4c81-96d6-19fe88e393ad(uuid8391)
сент. 19, 2025 6:42:49 PM webapp.storage.AbstractStorage save
INFO: &amp#27;[32mSave 062cec85-b20b-4af0-b1e8-2a81de432320(uuid8392)
сент. 19, 2025 6:42:49 PM webapp.storage.AbstractStorage save
INFO: &amp#27;[32mSave 429351ae-f386-4eca-8ef6-01c0746f2d7f(uuid8393)
сент. 19, 2025 6:42:49 PM webapp.storage.AbstractStorage save
INFO: &amp#27;[32mSave 0e76869c-3aa8-4b5c-a159-867267c7d300(uuid8394)
сент. 19, 2025 6:42:49 PM webapp.storage.AbstractStorage save
INFO: &amp#27;[32mSave 633cc387-2d67-4a63-a119-96366d057fda(uuid8395)
сент. 19, 2025 6:42:49 PM webapp.storage.AbstractStorage save
INFO: &amp#27;[32mSave 7c8032d9-3f51-440b-a42e-8bb0cae0112d(uuid8396)
сент. 19, 2025 6:42:49 PM webapp.storage.AbstractStorage save
INFO: &amp#27;[32mSave dab26e03-e08c-4246-9e7f-e071b84e1f08(uuid8397)
сент. 19, 2025 6:42:49 PM webapp.storage.AbstractStorage save
INFO: &amp#27;[32mSave cce35d39-2bad-4be7-9066-c7f3c01e0cf5(uuid8398)
сент. 19, 2025 6:42:49 PM webapp.storage.AbstractStorage save
INFO: &amp#27;[32mSave 1de402be-9c1d-4210-a76a-2c9409a7b9a7(uuid8399)
сент. 19, 2025 6:42:49 PM webapp.storage.AbstractStorage save
INFO: &amp#27;[32mSave 7c31c47c-fff9-4a44-bec1-dd290acdb898(uuid8400)
сент. 19, 2025 6:42:49 PM webapp.storage.AbstractStorage save
INFO: &amp#27;[32mSave 8938a5ec-40ab-4c87-9886-c322b3dd6602(uuid8401)
сент. 19, 2025 6:42:49 PM webapp.storage.AbstractStorage save
INFO: &amp#27;[32mSave e44bebb6-3576-4e39-bae1-2edc09413e45(uuid8402)
сент. 19, 2025 6:42:49 PM webapp.storage.AbstractStorage save
INFO: &amp#27;[32mSave 99806c88-ad6a-45c9-b289-132b7aec5588(uuid8403)
сент. 19, 2025 6:42:49 PM webapp.storage.AbstractStorage save
INFO: &amp#27;[32mSave 94915eb6-d6ae-457f-8dab-362f8fec75dd(uuid8404)
сент. 19, 2025 6:42:49 PM webapp.storage.AbstractStorage save
INFO: &amp#27;[32mSave 17e0b85c-b7e0-4c6f-8f9b-5dfb3337869e(uuid8405)
сент. 19, 2025 6:42:49 PM webapp.storage.AbstractStorage save
INFO: &amp#27;[32mSave 9638bc70-b7d1-4694-bf34-92b3f351dff4(uuid8406)
сент. 19, 2025 6:42:49 PM webapp.storage.AbstractStorage save
INFO: &amp#27;[32mSave 762740c0-6e9f-4310-9dfc-d79681620cbb(uuid8407)
сент. 19, 2025 6:42:49 PM webapp.storage.AbstractStorage save
INFO: &amp#27;[32mSave 27db469e-d6d3-424e-b0f0-5d624f148127(uuid8408)
сент. 19, 2025 6:42:49 PM webapp.storage.AbstractStorage save
INFO: &amp#27;[32mSave d3e96de7-6ed9-45e5-8f12-7ee286b2b57a(uuid8409)
сент. 19, 2025 6:42:49 PM webapp.storage.AbstractStorage save
INFO: &amp#27;[32mSave 85f6184f-7e06-4213-877b-038fb4e7fc9b(uuid8410)
сент. 19, 2025 6:42:49 PM webapp.storage.AbstractStorage save
INFO: &amp#27;[32mSave c4e90957-83a4-4be6-8b6a-53b4b1b44b13(uuid8411)
сент. 19, 2025 6:42:49 PM webapp.storage.AbstractStorage save
INFO: &amp#27;[32mSave 8c188ddb-a67e-4404-8ef2-9f0dc91955b7(uuid8412)
сент. 19, 2025 6:42:49 PM webapp.storage.AbstractStorage save
INFO: &amp#27;[32mSave 325c9be9-7d38-47ee-b4c3-6c1d28ec6abf(uuid8413)
сент. 19, 2025 6:42:49 PM webapp.storage.AbstractStorage save
INFO: &amp#27;[32mSave ab8030b5-aa3d-4a5d-95f6-ef09b882d0e9(uuid8414)
сент. 19, 2025 6:42:49 PM webapp.storage.AbstractStorage save
INFO: &amp#27;[32mSave bd4f0bb0-ce3f-4b99-bb04-7ca190d7f003(uuid8415)
сент. 19, 2025 6:42:49 PM webapp.storage.AbstractStorage save
INFO: &amp#27;[32mSave 5192626c-bcc9-42b0-a5e6-2ac16a4f4f6c(uuid8416)
сент. 19, 2025 6:42:49 PM webapp.storage.AbstractStorage save
INFO: &amp#27;[32mSave 637ec6d1-6928-4a3c-baa8-9b2811ac6f15(uuid8417)
сент. 19, 2025 6:42:49 PM webapp.storage.AbstractStorage save
INFO: &amp#27;[32mSave a985ab36-5b5f-4807-8054-26fcd8057789(uuid8418)
сент. 19, 2025 6:42:49 PM webapp.storage.AbstractStorage save
INFO: &amp#27;[32mSave bca0282b-bca2-4652-ab18-58c7c7c39b23(uuid8419)
сент. 19, 2025 6:42:49 PM webapp.storage.AbstractStorage save
INFO: &amp#27;[32mSave 82b3d1c8-b11c-40a6-bf61-998232d326ae(uuid8420)
сент. 19, 2025 6:42:49 PM webapp.storage.AbstractStorage save
INFO: &amp#27;[32mSave 3c226a8d-8948-476e-98c8-35dd476fd618(uuid8421)
сент. 19, 2025 6:42:49 PM webapp.storage.AbstractStorage save
INFO: &amp#27;[32mSave 43adbec1-142d-4e37-bb99-625ec5ac51e1(uuid8422)
сент. 19, 2025 6:42:49 PM webapp.storage.AbstractStorage save
INFO: &amp#27;[32mSave 5a24b835-961f-4404-a84c-596e74449eca(uuid8423)
сент. 19, 2025 6:42:49 PM webapp.storage.AbstractStorage save
INFO: &amp#27;[32mSave c5eed10a-9315-4738-acfe-74585b3524fa(uuid8424)
сент. 19, 2025 6:42:49 PM webapp.storage.AbstractStorage save
INFO: &amp#27;[32mSave 8119381d-26c4-4c2b-870a-7de4516414fc(uuid8425)
сент. 19, 2025 6:42:49 PM webapp.storage.AbstractStorage save
INFO: &amp#27;[32mSave aeefd94f-ddab-415e-846c-1aa531edb686(uuid8426)
сент. 19, 2025 6:42:49 PM webapp.storage.AbstractStorage save
INFO: &amp#27;[32mSave 59ecbbb8-cd44-4603-ba3b-f561947bb777(uuid8427)
сент. 19, 2025 6:42:49 PM webapp.storage.AbstractStorage save
INFO: &amp#27;[32mSave 0a744e49-7463-472d-befb-86ccea84f3c4(uuid8428)
сент. 19, 2025 6:42:49 PM webapp.storage.AbstractStorage save
INFO: &amp#27;[32mSave 1361266e-655b-46bd-9553-70f05fd1f211(uuid8429)
сент. 19, 2025 6:42:49 PM webapp.storage.AbstractStorage save
INFO: &amp#27;[32mSave e022b3c5-40e0-449f-9e98-4ee9061d63ec(uuid8430)
сент. 19, 2025 6:42:49 PM webapp.storage.AbstractStorage save
INFO: &amp#27;[32mSave c2d6ac45-4a9e-4f1e-bcb3-8a63bb798915(uuid8431)
сент. 19, 2025 6:42:49 PM webapp.storage.AbstractStorage save
INFO: &amp#27;[32mSave 5e7baec8-97be-4fbb-97da-2c8023e8f92f(uuid8432)
сент. 19, 2025 6:42:49 PM webapp.storage.AbstractStorage save
INFO: &amp#27;[32mSave ad174668-a68a-4494-832e-d550b27637d4(uuid8433)
сент. 19, 2025 6:42:49 PM webapp.storage.AbstractStorage save
INFO: &amp#27;[32mSave b0ae78d6-0603-4595-9dd0-13b6a77092ac(uuid8434)
сент. 19, 2025 6:42:49 PM webapp.storage.AbstractStorage save
INFO: &amp#27;[32mSave d3e4bfaf-6395-469d-98bb-60a7bb2ca428(uuid8435)
сент. 19, 2025 6:42:49 PM webapp.storage.AbstractStorage save
INFO: &amp#27;[32mSave 7bd212a8-e1ae-403d-b471-358e945f5571(uuid8436)
сент. 19, 2025 6:42:49 PM webapp.storage.AbstractStorage save
INFO: &amp#27;[32mSave 08093e9e-d786-45d8-9e09-62bfc9d7cacb(uuid8437)
сент. 19, 2025 6:42:49 PM webapp.storage.AbstractStorage save
INFO: &amp#27;[32mSave 032be439-7811-4eca-8e1b-7b138bf183c3(uuid8438)
сент. 19, 2025 6:42:49 PM webapp.storage.AbstractStorage save
INFO: &amp#27;[32mSave fd267c82-7e09-4d5f-8420-daa4a45e4271(uuid8439)
сент. 19, 2025 6:42:49 PM webapp.storage.AbstractStorage save
INFO: &amp#27;[32mSave 20566d9e-f32e-483e-8829-d76a3ba24ef0(uuid8440)
сент. 19, 2025 6:42:49 PM webapp.storage.AbstractStorage save
INFO: &amp#27;[32mSave eeebec08-45db-4489-b4f3-6bae369965b2(uuid8441)
сент. 19, 2025 6:42:49 PM webapp.storage.AbstractStorage save
INFO: &amp#27;[32mSave 91261dc8-a963-40cf-a5a7-06f95c6ad0c8(uuid8442)
сент. 19, 2025 6:42:49 PM webapp.storage.AbstractStorage save
INFO: &amp#27;[32mSave 6c2e3a91-dfc6-489d-8942-be548d3b4989(uuid8443)
сент. 19, 2025 6:42:49 PM webapp.storage.AbstractStorage save
INFO: &amp#27;[32mSave a3c2cd90-a69b-4fb9-8d53-efe8310cf4a5(uuid8444)
сент. 19, 2025 6:42:49 PM webapp.storage.AbstractStorage save
INFO: &amp#27;[32mSave 16d82735-876e-475a-8e84-c4870fc044cb(uuid8445)
сент. 19, 2025 6:42:49 PM webapp.storage.AbstractStorage save
INFO: &amp#27;[32mSave 7a3bcd66-3ae4-4a94-9b10-bf4386d6175f(uuid8446)
сент. 19, 2025 6:42:49 PM webapp.storage.AbstractStorage save
INFO: &amp#27;[32mSave 7f3cf0bc-bed4-4c3f-9e77-5f8f7383111d(uuid8447)
сент. 19, 2025 6:42:49 PM webapp.storage.AbstractStorage save
INFO: &amp#27;[32mSave cb7ccb4d-1d2a-4a2b-8372-a43094976961(uuid8448)
сент. 19, 2025 6:42:49 PM webapp.storage.AbstractStorage save
INFO: &amp#27;[32mSave a8ec5766-d316-48a9-9fa5-ae4ec8d65894(uuid8449)
сент. 19, 2025 6:42:49 PM webapp.storage.AbstractStorage save
INFO: &amp#27;[32mSave 22806d3a-950d-47ab-b2d7-36ca2ce02f34(uuid8450)
сент. 19, 2025 6:42:49 PM webapp.storage.AbstractStorage save
INFO: &amp#27;[32mSave 7b6049a9-0dc7-493e-93c6-57634bfd46c6(uuid8451)
сент. 19, 2025 6:42:49 PM webapp.storage.AbstractStorage save
INFO: &amp#27;[32mSave 7cea75d1-9a13-44e2-a704-ef7c3c523c0e(uuid8452)
сент. 19, 2025 6:42:49 PM webapp.storage.AbstractStorage save
INFO: &amp#27;[32mSave 872ea5bf-d645-4d22-aa7e-0622a28f7ae1(uuid8453)
сент. 19, 2025 6:42:49 PM webapp.storage.AbstractStorage save
INFO: &amp#27;[32mSave 5a09553f-34c2-4f3d-93ef-638c71f84cc1(uuid8454)
сент. 19, 2025 6:42:49 PM webapp.storage.AbstractStorage save
INFO: &amp#27;[32mSave 95cfb904-d9e4-48c0-8101-7822ca0cf3cd(uuid8455)
сент. 19, 2025 6:42:49 PM webapp.storage.AbstractStorage save
INFO: &amp#27;[32mSave 1f2c5b98-e00f-4bc9-9184-d09693f49280(uuid8456)
сент. 19, 2025 6:42:49 PM webapp.storage.AbstractStorage save
INFO: &amp#27;[32mSave 1098f84c-a4b3-4f77-ae80-d5d8fa47ebbb(uuid8457)
сент. 19, 2025 6:42:49 PM webapp.storage.AbstractStorage save
INFO: &amp#27;[32mSave 250956c3-a708-4cc6-ad6c-f8730bd62200(uuid8458)
сент. 19, 2025 6:42:49 PM webapp.storage.AbstractStorage save
INFO: &amp#27;[32mSave 978ee4c8-6627-4852-8803-5d32bddfc8eb(uuid8459)
сент. 19, 2025 6:42:49 PM webapp.storage.AbstractStorage save
INFO: &amp#27;[32mSave e85e5e97-b7d2-42a4-a3f6-c062fc260749(uuid8460)
сент. 19, 2025 6:42:49 PM webapp.storage.AbstractStorage save
INFO: &amp#27;[32mSave d21d7d60-f0f4-4e57-ade9-baeb235d94b6(uuid8461)
сент. 19, 2025 6:42:49 PM webapp.storage.AbstractStorage save
INFO: &amp#27;[32mSave 62904ee6-5710-4ec2-a481-4c464126f82e(uuid8462)
сент. 19, 2025 6:42:49 PM webapp.storage.AbstractStorage save
INFO: &amp#27;[32mSave 2ed5e2e5-7fbc-4490-96a6-0fe8517865be(uuid8463)
сент. 19, 2025 6:42:49 PM webapp.storage.AbstractStorage save
INFO: &amp#27;[32mSave 2f6f0f5e-fcc5-4065-916a-5e350cb0ead7(uuid8464)
сент. 19, 2025 6:42:49 PM webapp.storage.AbstractStorage save
INFO: &amp#27;[32mSave 98629009-b285-4e95-8250-81ee9bd06182(uuid8465)
сент. 19, 2025 6:42:49 PM webapp.storage.AbstractStorage save
INFO: &amp#27;[32mSave f01b4cda-16cd-474d-9d1f-7f41ec8b88f6(uuid8466)
сент. 19, 2025 6:42:49 PM webapp.storage.AbstractStorage save
INFO: &amp#27;[32mSave 5d475e0f-ec14-47c8-9efe-87cd0fc29f85(uuid8467)
сент. 19, 2025 6:42:49 PM webapp.storage.AbstractStorage save
INFO: &amp#27;[32mSave f3fb555b-e5b8-4cec-b658-5ef4212aa21b(uuid8468)
сент. 19, 2025 6:42:49 PM webapp.storage.AbstractStorage save
INFO: &amp#27;[32mSave fe7e3fd2-7641-4f2b-b04d-b2fbd32f2418(uuid8469)
сент. 19, 2025 6:42:49 PM webapp.storage.AbstractStorage save
INFO: &amp#27;[32mSave 2bffa419-0543-4b7b-81f1-7083f1b5a9dc(uuid8470)
сент. 19, 2025 6:42:49 PM webapp.storage.AbstractStorage save
INFO: &amp#27;[32mSave b0e56b13-1799-4f8a-8f7b-b3673388b5de(uuid8471)
сент. 19, 2025 6:42:49 PM webapp.storage.AbstractStorage save
INFO: &amp#27;[32mSave 22f07cdf-190e-4499-b3db-558116428925(uuid8472)
сент. 19, 2025 6:42:49 PM webapp.storage.AbstractStorage save
INFO: &amp#27;[32mSave 6af1cceb-a614-49d6-bc3e-68cb67f72f7e(uuid8473)
сент. 19, 2025 6:42:49 PM webapp.storage.AbstractStorage save
INFO: &amp#27;[32mSave 342fe5c6-8b0b-45df-a7f0-64002be267a7(uuid8474)
сент. 19, 2025 6:42:49 PM webapp.storage.AbstractStorage save
INFO: &amp#27;[32mSave f3ed21d4-3929-44d3-adeb-7db3a7730e9b(uuid8475)
сент. 19, 2025 6:42:49 PM webapp.storage.AbstractStorage save
INFO: &amp#27;[32mSave 3cd04a31-508d-4368-9eb8-32fe4c65a187(uuid8476)
сент. 19, 2025 6:42:49 PM webapp.storage.AbstractStorage save
INFO: &amp#27;[32mSave 5a06e94f-daca-45b2-90db-9f19b88fb1fb(uuid8477)
сент. 19, 2025 6:42:49 PM webapp.storage.AbstractStorage save
INFO: &amp#27;[32mSave 2edd1823-2d29-41c8-a5ca-e12f18b1b41c(uuid8478)
сент. 19, 2025 6:42:49 PM webapp.storage.AbstractStorage save
INFO: &amp#27;[32mSave 22153b36-91d9-418c-9a6d-02e163f28d91(uuid8479)
сент. 19, 2025 6:42:49 PM webapp.storage.AbstractStorage save
INFO: &amp#27;[32mSave 2e2d4612-dfaf-4809-bf51-11a591fc379f(uuid8480)
сент. 19, 2025 6:42:49 PM webapp.storage.AbstractStorage save
INFO: &amp#27;[32mSave 1749d1f3-eaee-46a6-9330-f0036935aefc(uuid8481)
сент. 19, 2025 6:42:49 PM webapp.storage.AbstractStorage save
INFO: &amp#27;[32mSave df700d7f-8927-485a-bd3f-607b5a394f02(uuid8482)
сент. 19, 2025 6:42:49 PM webapp.storage.AbstractStorage save
INFO: &amp#27;[32mSave 5051d38c-7538-4c83-8559-081ebdfe74c9(uuid8483)
сент. 19, 2025 6:42:49 PM webapp.storage.AbstractStorage save
INFO: &amp#27;[32mSave 3f7ebb10-8932-43d1-8ef2-75aa8c1cd960(uuid8484)
сент. 19, 2025 6:42:49 PM webapp.storage.AbstractStorage save
INFO: &amp#27;[32mSave 1328b7cc-fb6b-47e2-a0b8-ee70b9e8b86d(uuid8485)
сент. 19, 2025 6:42:49 PM webapp.storage.AbstractStorage save
INFO: &amp#27;[32mSave cf57dc5f-21bf-4c3c-b889-ef608ee7d139(uuid8486)
сент. 19, 2025 6:42:49 PM webapp.storage.AbstractStorage save
INFO: &amp#27;[32mSave 8f64f112-f305-415d-b03c-9370576c74dd(uuid8487)
сент. 19, 2025 6:42:49 PM webapp.storage.AbstractStorage save
INFO: &amp#27;[32mSave df8db702-d19d-4555-b38b-06a7992641a4(uuid8488)
сент. 19, 2025 6:42:49 PM webapp.storage.AbstractStorage save
INFO: &amp#27;[32mSave 408a806f-4141-4d0b-815d-364ff5e7e4bf(uuid8489)
сент. 19, 2025 6:42:49 PM webapp.storage.AbstractStorage save
INFO: &amp#27;[32mSave e328e1b6-fbc5-4dca-a8fd-6b19a2a31f31(uuid8490)
сент. 19, 2025 6:42:49 PM webapp.storage.AbstractStorage save
INFO: &amp#27;[32mSave 947c7362-17f2-4a20-a427-70f68fe521df(uuid8491)
сент. 19, 2025 6:42:49 PM webapp.storage.AbstractStorage save
INFO: &amp#27;[32mSave 109c4eab-e03a-4eaf-8a99-4bc9daaf7d72(uuid8492)
сент. 19, 2025 6:42:49 PM webapp.storage.AbstractStorage save
INFO: &amp#27;[32mSave 44e8ce7e-5b97-4957-8151-e0478ba58efd(uuid8493)
сент. 19, 2025 6:42:49 PM webapp.storage.AbstractStorage save
INFO: &amp#27;[32mSave b4019bcb-0969-4f14-9c05-224ccd999bcb(uuid8494)
сент. 19, 2025 6:42:49 PM webapp.storage.AbstractStorage save
INFO: &amp#27;[32mSave 4a7d7d29-0220-4c4f-8319-6619f74cbe91(uuid8495)
сент. 19, 2025 6:42:49 PM webapp.storage.AbstractStorage save
INFO: &amp#27;[32mSave 4ef72959-6058-42e3-ada5-a9fb4174bca0(uuid8496)
сент. 19, 2025 6:42:49 PM webapp.storage.AbstractStorage save
INFO: &amp#27;[32mSave 23e5d63f-7b5f-4e85-ae94-612fbf89540c(uuid8497)
сент. 19, 2025 6:42:49 PM webapp.storage.AbstractStorage save
INFO: &amp#27;[32mSave 772a29dd-af25-4ac3-b840-849a8727d634(uuid8498)
сент. 19, 2025 6:42:49 PM webapp.storage.AbstractStorage save
INFO: &amp#27;[32mSave b4e572f5-afb8-45dd-91ae-bd23addabb7a(uuid8499)
сент. 19, 2025 6:42:49 PM webapp.storage.AbstractStorage save
INFO: &amp#27;[32mSave 0670f970-83e5-4b3e-8d6d-b58267187ccc(uuid8500)
сент. 19, 2025 6:42:49 PM webapp.storage.AbstractStorage save
INFO: &amp#27;[32mSave 4fefcd3c-8250-4cd5-a97b-7b548800bf50(uuid8501)
сент. 19, 2025 6:42:49 PM webapp.storage.AbstractStorage save
INFO: &amp#27;[32mSave ed756d16-a85d-4bb2-be8c-d0a6ad994497(uuid8502)
сент. 19, 2025 6:42:49 PM webapp.storage.AbstractStorage save
INFO: &amp#27;[32mSave 34429bbe-aae0-4ce9-bf8d-31eb772876e5(uuid8503)
сент. 19, 2025 6:42:49 PM webapp.storage.AbstractStorage save
INFO: &amp#27;[32mSave 4a81dea2-bd8f-4a8b-be19-ee86e56575f5(uuid8504)
сент. 19, 2025 6:42:49 PM webapp.storage.AbstractStorage save
INFO: &amp#27;[32mSave 8e7ec4ac-1da4-455c-ba45-5c06ea39c4cf(uuid8505)
сент. 19, 2025 6:42:49 PM webapp.storage.AbstractStorage save
INFO: &amp#27;[32mSave 39443a38-ba4d-4bc9-b4cb-bb1e11d58578(uuid8506)
сент. 19, 2025 6:42:49 PM webapp.storage.AbstractStorage save
INFO: &amp#27;[32mSave 5b2bfd36-2d0e-40fa-bde2-eed892f6a9e5(uuid8507)
сент. 19, 2025 6:42:49 PM webapp.storage.AbstractStorage save
INFO: &amp#27;[32mSave 0563a221-6314-468d-9f95-4184dc588fe6(uuid8508)
сент. 19, 2025 6:42:49 PM webapp.storage.AbstractStorage save
INFO: &amp#27;[32mSave 0c5c180a-a1a7-42f4-b403-8c578a1483ed(uuid8509)
сент. 19, 2025 6:42:49 PM webapp.storage.AbstractStorage save
INFO: &amp#27;[32mSave b49dff60-39c6-4bb3-a724-736554c28103(uuid8510)
сент. 19, 2025 6:42:49 PM webapp.storage.AbstractStorage save
INFO: &amp#27;[32mSave b3e7d0dd-254a-4fb2-86e9-c2b7c1d5e50d(uuid8511)
сент. 19, 2025 6:42:49 PM webapp.storage.AbstractStorage save
INFO: &amp#27;[32mSave 04f557cf-0a8a-4772-ad47-5e9eafda4d19(uuid8512)
сент. 19, 2025 6:42:49 PM webapp.storage.AbstractStorage save
INFO: &amp#27;[32mSave 776daa40-81b1-49be-849d-fab468a8bae2(uuid8513)
сент. 19, 2025 6:42:49 PM webapp.storage.AbstractStorage save
INFO: &amp#27;[32mSave 9f16de3e-39ea-4294-b053-ba74be9afa0a(uuid8514)
сент. 19, 2025 6:42:49 PM webapp.storage.AbstractStorage save
INFO: &amp#27;[32mSave 99102c7c-7588-48d2-93d9-45f80883168f(uuid8515)
сент. 19, 2025 6:42:49 PM webapp.storage.AbstractStorage save
INFO: &amp#27;[32mSave 4f3c623d-78bd-40f4-be10-560d01e41cfc(uuid8516)
сент. 19, 2025 6:42:49 PM webapp.storage.AbstractStorage save
INFO: &amp#27;[32mSave dbc95b12-7bb7-4acc-bd01-549faf29ed0b(uuid8517)
сент. 19, 2025 6:42:49 PM webapp.storage.AbstractStorage save
INFO: &amp#27;[32mSave f4066db6-a213-4b95-9627-8d075717705f(uuid8518)
сент. 19, 2025 6:42:49 PM webapp.storage.AbstractStorage save
INFO: &amp#27;[32mSave 3cbe24db-5965-4c0d-adb6-eefd62ef4487(uuid8519)
сент. 19, 2025 6:42:49 PM webapp.storage.AbstractStorage save
INFO: &amp#27;[32mSave df5ae0b4-3090-4ee3-82b7-ffd692b3abf0(uuid8520)
сент. 19, 2025 6:42:49 PM webapp.storage.AbstractStorage save
INFO: &amp#27;[32mSave b1d73b64-b6ee-4302-8c9e-0cacff53791d(uuid8521)
сент. 19, 2025 6:42:49 PM webapp.storage.AbstractStorage save
INFO: &amp#27;[32mSave a984911f-d3e3-4710-8d1e-1dd41e449af6(uuid8522)
сент. 19, 2025 6:42:49 PM webapp.storage.AbstractStorage save
INFO: &amp#27;[32mSave 1ea39bb6-1e1a-42cc-a7ae-1fa35b9c232c(uuid8523)
сент. 19, 2025 6:42:49 PM webapp.storage.AbstractStorage save
INFO: &amp#27;[32mSave 50a92ccf-7395-464c-b98a-c51aa6dc732c(uuid8524)
сент. 19, 2025 6:42:49 PM webapp.storage.AbstractStorage save
INFO: &amp#27;[32mSave 14f3b96e-14c0-40bc-afb2-916f4804c65d(uuid8525)
сент. 19, 2025 6:42:49 PM webapp.storage.AbstractStorage save
INFO: &amp#27;[32mSave e7a66bff-5e51-4237-9bbe-85005cc0d2f2(uuid8526)
сент. 19, 2025 6:42:49 PM webapp.storage.AbstractStorage save
INFO: &amp#27;[32mSave a6b22e23-54d8-485e-9a7f-66b9cd2ef89b(uuid8527)
сент. 19, 2025 6:42:49 PM webapp.storage.AbstractStorage save
INFO: &amp#27;[32mSave 08c5eef9-c8bc-41f0-b736-6c7360d560d3(uuid8528)
сент. 19, 2025 6:42:49 PM webapp.storage.AbstractStorage save
INFO: &amp#27;[32mSave 4e2fb457-0601-41af-92ac-30e94172158b(uuid8529)
сент. 19, 2025 6:42:49 PM webapp.storage.AbstractStorage save
INFO: &amp#27;[32mSave 5661e084-b9e0-4740-a501-52602b3ea102(uuid8530)
сент. 19, 2025 6:42:49 PM webapp.storage.AbstractStorage save
INFO: &amp#27;[32mSave 35f8bed6-dc46-4fe1-9cb9-ade764109d08(uuid8531)
сент. 19, 2025 6:42:49 PM webapp.storage.AbstractStorage save
INFO: &amp#27;[32mSave dc882c08-fbde-4470-b09c-dfb3ce655ae1(uuid8532)
сент. 19, 2025 6:42:49 PM webapp.storage.AbstractStorage save
INFO: &amp#27;[32mSave ba646fd2-7ed8-422f-9511-5f46fc7ba11b(uuid8533)
сент. 19, 2025 6:42:49 PM webapp.storage.AbstractStorage save
INFO: &amp#27;[32mSave 6dbc9fce-9c04-4a11-adee-5dad3f7957e0(uuid8534)
сент. 19, 2025 6:42:49 PM webapp.storage.AbstractStorage save
INFO: &amp#27;[32mSave d8a99145-c86f-4b9f-b7b0-087172a86910(uuid8535)
сент. 19, 2025 6:42:49 PM webapp.storage.AbstractStorage save
INFO: &amp#27;[32mSave 2bf3a892-8a2d-4aac-83ab-bb2a6332cf8e(uuid8536)
сент. 19, 2025 6:42:49 PM webapp.storage.AbstractStorage save
INFO: &amp#27;[32mSave aca78a72-7b27-4475-a7f0-150e9640d335(uuid8537)
сент. 19, 2025 6:42:49 PM webapp.storage.AbstractStorage save
INFO: &amp#27;[32mSave 36e595a6-ece7-4b57-a219-1ebff6e0bf17(uuid8538)
сент. 19, 2025 6:42:49 PM webapp.storage.AbstractStorage save
INFO: &amp#27;[32mSave 940cf0d8-0ee4-4f7c-adca-bc4d45c18ba4(uuid8539)
сент. 19, 2025 6:42:49 PM webapp.storage.AbstractStorage save
INFO: &amp#27;[32mSave 2a6298d9-8f98-4ce1-9e00-e06095af31ba(uuid8540)
сент. 19, 2025 6:42:49 PM webapp.storage.AbstractStorage save
INFO: &amp#27;[32mSave 67e2c761-76d2-4927-9963-3bf1545f19b8(uuid8541)
сент. 19, 2025 6:42:49 PM webapp.storage.AbstractStorage save
INFO: &amp#27;[32mSave 7b7a3959-000a-40b8-a3c5-6047e11d4bff(uuid8542)
сент. 19, 2025 6:42:49 PM webapp.storage.AbstractStorage save
INFO: &amp#27;[32mSave 3719f90f-5871-40d3-bba3-9dd6e256884a(uuid8543)
сент. 19, 2025 6:42:49 PM webapp.storage.AbstractStorage save
INFO: &amp#27;[32mSave 4a259858-8b62-458c-b163-85897c0894fa(uuid8544)
сент. 19, 2025 6:42:49 PM webapp.storage.AbstractStorage save
INFO: &amp#27;[32mSave a8d951ee-7675-4c75-8070-5743f4c76b60(uuid8545)
сент. 19, 2025 6:42:49 PM webapp.storage.AbstractStorage save
INFO: &amp#27;[32mSave c2c9eab8-a4c2-493a-a421-54bbf0969e57(uuid8546)
сент. 19, 2025 6:42:49 PM webapp.storage.AbstractStorage save
INFO: &amp#27;[32mSave e8331abb-cbc7-41aa-90a5-9585d36f205a(uuid8547)
сент. 19, 2025 6:42:49 PM webapp.storage.AbstractStorage save
INFO: &amp#27;[32mSave 70c9e1a0-1a0e-4dae-af1f-1a959d753709(uuid8548)
сент. 19, 2025 6:42:49 PM webapp.storage.AbstractStorage save
INFO: &amp#27;[32mSave 0162c471-a5d9-4953-93f8-97b82fe6f95d(uuid8549)
сент. 19, 2025 6:42:49 PM webapp.storage.AbstractStorage save
INFO: &amp#27;[32mSave b0906777-c46b-46d9-9fc8-d08b9723ad4d(uuid8550)
сент. 19, 2025 6:42:49 PM webapp.storage.AbstractStorage save
INFO: &amp#27;[32mSave 675e54cf-c946-46c5-9fb0-fb65f9c4b7db(uuid8551)
сент. 19, 2025 6:42:49 PM webapp.storage.AbstractStorage save
INFO: &amp#27;[32mSave 7c8065e2-cb5f-4ab1-9888-a0b4c21142a9(uuid8552)
сент. 19, 2025 6:42:49 PM webapp.storage.AbstractStorage save
INFO: &amp#27;[32mSave d57d0142-dfd4-456c-b3b0-00ab328c525e(uuid8553)
сент. 19, 2025 6:42:49 PM webapp.storage.AbstractStorage save
INFO: &amp#27;[32mSave 7fe33460-f7aa-431b-9267-354f4fcc028b(uuid8554)
сент. 19, 2025 6:42:49 PM webapp.storage.AbstractStorage save
INFO: &amp#27;[32mSave fc4505ea-3655-417d-a2ca-9b8d37305f6d(uuid8555)
сент. 19, 2025 6:42:49 PM webapp.storage.AbstractStorage save
INFO: &amp#27;[32mSave 296ce6e6-8e64-462e-a7b2-f828e672c977(uuid8556)
сент. 19, 2025 6:42:49 PM webapp.storage.AbstractStorage save
INFO: &amp#27;[32mSave e89751b9-f777-4289-a13a-ac3251739226(uuid8557)
сент. 19, 2025 6:42:49 PM webapp.storage.AbstractStorage save
INFO: &amp#27;[32mSave d4a87b66-ad83-4ba1-9bb4-23ea75e21b95(uuid8558)
сент. 19, 2025 6:42:49 PM webapp.storage.AbstractStorage save
INFO: &amp#27;[32mSave 3a4169ce-94e0-4853-92ec-52d0f0a72f77(uuid8559)
сент. 19, 2025 6:42:49 PM webapp.storage.AbstractStorage save
INFO: &amp#27;[32mSave f8e7c6c8-1906-46db-99b5-dc67d64876d5(uuid8560)
сент. 19, 2025 6:42:49 PM webapp.storage.AbstractStorage save
INFO: &amp#27;[32mSave 1c273bb2-39a5-4f25-a6de-156dca987314(uuid8561)
сент. 19, 2025 6:42:49 PM webapp.storage.AbstractStorage save
INFO: &amp#27;[32mSave 6b0a467d-799d-4939-bf9c-f02ca5351810(uuid8562)
сент. 19, 2025 6:42:49 PM webapp.storage.AbstractStorage save
INFO: &amp#27;[32mSave c2105fa9-4d24-47b7-af5e-a6f76d0b8fca(uuid8563)
сент. 19, 2025 6:42:49 PM webapp.storage.AbstractStorage save
INFO: &amp#27;[32mSave f0de1d6b-9a5a-4c85-8d6b-54ac03af7b88(uuid8564)
сент. 19, 2025 6:42:49 PM webapp.storage.AbstractStorage save
INFO: &amp#27;[32mSave f4c92548-268a-4288-a9a3-4aa84a5dd170(uuid8565)
сент. 19, 2025 6:42:49 PM webapp.storage.AbstractStorage save
INFO: &amp#27;[32mSave ab7df670-935e-4967-803c-37df53de87ed(uuid8566)
сент. 19, 2025 6:42:49 PM webapp.storage.AbstractStorage save
INFO: &amp#27;[32mSave ad9c734a-ea38-433b-8090-cea77872f7fe(uuid8567)
сент. 19, 2025 6:42:49 PM webapp.storage.AbstractStorage save
INFO: &amp#27;[32mSave eb52a06e-d178-4a42-bbbd-76ef56e20e6e(uuid8568)
сент. 19, 2025 6:42:49 PM webapp.storage.AbstractStorage save
INFO: &amp#27;[32mSave c35240dc-b697-45c7-ab8f-54b588b6dd85(uuid8569)
сент. 19, 2025 6:42:49 PM webapp.storage.AbstractStorage save
INFO: &amp#27;[32mSave 24c67c18-9b21-47c0-9dbe-6a64dafb964a(uuid8570)
сент. 19, 2025 6:42:49 PM webapp.storage.AbstractStorage save
INFO: &amp#27;[32mSave 255cd89b-ba3e-446a-88aa-652d7c53301f(uuid8571)
сент. 19, 2025 6:42:49 PM webapp.storage.AbstractStorage save
INFO: &amp#27;[32mSave 1137b2d7-0175-4253-b501-476a5ed9f5bb(uuid8572)
сент. 19, 2025 6:42:49 PM webapp.storage.AbstractStorage save
INFO: &amp#27;[32mSave 22ec3326-537a-4ff4-8570-df16c323d6da(uuid8573)
сент. 19, 2025 6:42:49 PM webapp.storage.AbstractStorage save
INFO: &amp#27;[32mSave 8b37683c-c33b-488f-bdea-7215b956d8c8(uuid8574)
сент. 19, 2025 6:42:49 PM webapp.storage.AbstractStorage save
INFO: &amp#27;[32mSave 6dc485b1-4557-463d-8118-a9ded90ddd55(uuid8575)
сент. 19, 2025 6:42:49 PM webapp.storage.AbstractStorage save
INFO: &amp#27;[32mSave 99cb49f5-30bc-4fdd-9a96-37357c014e4c(uuid8576)
сент. 19, 2025 6:42:49 PM webapp.storage.AbstractStorage save
INFO: &amp#27;[32mSave c74dde3f-265e-4f33-ba4d-7219f2069918(uuid8577)
сент. 19, 2025 6:42:49 PM webapp.storage.AbstractStorage save
INFO: &amp#27;[32mSave 0a695efc-890e-45f3-8484-c3e29074c17d(uuid8578)
сент. 19, 2025 6:42:49 PM webapp.storage.AbstractStorage save
INFO: &amp#27;[32mSave 8b6de499-67d4-4427-9662-dfb65eb58d95(uuid8579)
сент. 19, 2025 6:42:49 PM webapp.storage.AbstractStorage save
INFO: &amp#27;[32mSave 798bb5d5-fb63-4ef5-b23d-5c3fdadd9270(uuid8580)
сент. 19, 2025 6:42:49 PM webapp.storage.AbstractStorage save
INFO: &amp#27;[32mSave 41677563-e410-4081-bdc1-5519f395a0cf(uuid8581)
сент. 19, 2025 6:42:49 PM webapp.storage.AbstractStorage save
INFO: &amp#27;[32mSave 85399155-21ad-4caa-a85e-5d1d15007860(uuid8582)
сент. 19, 2025 6:42:49 PM webapp.storage.AbstractStorage save
INFO: &amp#27;[32mSave 30017e1a-d052-4849-8451-d75d2836e4c8(uuid8583)
сент. 19, 2025 6:42:49 PM webapp.storage.AbstractStorage save
INFO: &amp#27;[32mSave 7d36d572-25ab-489c-ac12-34e194202d7b(uuid8584)
сент. 19, 2025 6:42:49 PM webapp.storage.AbstractStorage save
INFO: &amp#27;[32mSave d457c5f1-6e5e-4912-a66c-f46ed7591742(uuid8585)
сент. 19, 2025 6:42:49 PM webapp.storage.AbstractStorage save
INFO: &amp#27;[32mSave 37bbe097-8067-4d0b-ae09-66e04313de44(uuid8586)
сент. 19, 2025 6:42:49 PM webapp.storage.AbstractStorage save
INFO: &amp#27;[32mSave dc618214-9b10-4e3b-9daf-372510ae2630(uuid8587)
сент. 19, 2025 6:42:49 PM webapp.storage.AbstractStorage save
INFO: &amp#27;[32mSave a5908c60-ebf8-41be-b471-55ebe90e01c7(uuid8588)
сент. 19, 2025 6:42:49 PM webapp.storage.AbstractStorage save
INFO: &amp#27;[32mSave b6d209a4-f971-468e-bf00-175fe5dabca0(uuid8589)
сент. 19, 2025 6:42:49 PM webapp.storage.AbstractStorage save
INFO: &amp#27;[32mSave 9a98f0b1-5cd2-417d-8b59-f56323a8681b(uuid8590)
сент. 19, 2025 6:42:49 PM webapp.storage.AbstractStorage save
INFO: &amp#27;[32mSave 16c2bf7d-be54-4585-938b-de0fa57256d3(uuid8591)
сент. 19, 2025 6:42:49 PM webapp.storage.AbstractStorage save
INFO: &amp#27;[32mSave 3b7b3571-52ca-4165-a1bd-47830c752d76(uuid8592)
сент. 19, 2025 6:42:49 PM webapp.storage.AbstractStorage save
INFO: &amp#27;[32mSave c24a5535-3729-4406-9845-249beaf56813(uuid8593)
сент. 19, 2025 6:42:49 PM webapp.storage.AbstractStorage save
INFO: &amp#27;[32mSave bfaecfe9-eaf1-49f9-b468-86f4159acc50(uuid8594)
сент. 19, 2025 6:42:49 PM webapp.storage.AbstractStorage save
INFO: &amp#27;[32mSave bda40120-3fbe-4d75-8595-bba35c254878(uuid8595)
сент. 19, 2025 6:42:49 PM webapp.storage.AbstractStorage save
INFO: &amp#27;[32mSave 28315369-89c8-4b90-b31d-ea1fc8220507(uuid8596)
сент. 19, 2025 6:42:49 PM webapp.storage.AbstractStorage save
INFO: &amp#27;[32mSave 53bd0e40-7bab-4ffa-b15b-6f36282b509e(uuid8597)
сент. 19, 2025 6:42:49 PM webapp.storage.AbstractStorage save
INFO: &amp#27;[32mSave 317d5c54-9586-4713-916b-e2fec47233d9(uuid8598)
сент. 19, 2025 6:42:49 PM webapp.storage.AbstractStorage save
INFO: &amp#27;[32mSave f7a06f5f-8dfc-401a-b03f-90f6a6857dcf(uuid8599)
сент. 19, 2025 6:42:49 PM webapp.storage.AbstractStorage save
INFO: &amp#27;[32mSave c6fd9a4b-019d-44d9-a910-1a334bc477d5(uuid8600)
сент. 19, 2025 6:42:49 PM webapp.storage.AbstractStorage save
INFO: &amp#27;[32mSave e0ec4434-2ca1-460c-92d3-6f9f1e4b3a63(uuid8601)
сент. 19, 2025 6:42:49 PM webapp.storage.AbstractStorage save
INFO: &amp#27;[32mSave 7b4dbb46-1d4f-4216-bed4-49bb4524ed92(uuid8602)
сент. 19, 2025 6:42:49 PM webapp.storage.AbstractStorage save
INFO: &amp#27;[32mSave c1a39506-76bc-420e-94b5-56d290084026(uuid8603)
сент. 19, 2025 6:42:49 PM webapp.storage.AbstractStorage save
INFO: &amp#27;[32mSave 4a10c243-e256-457c-9058-8c48e259ac58(uuid8604)
сент. 19, 2025 6:42:49 PM webapp.storage.AbstractStorage save
INFO: &amp#27;[32mSave 4cf992a6-d774-48cb-ad16-23af0813126d(uuid8605)
сент. 19, 2025 6:42:49 PM webapp.storage.AbstractStorage save
INFO: &amp#27;[32mSave 1bab483a-63de-429b-8159-44ad65e95f14(uuid8606)
сент. 19, 2025 6:42:49 PM webapp.storage.AbstractStorage save
INFO: &amp#27;[32mSave 26b58fca-56e3-4a23-83e7-b849deec50b2(uuid8607)
сент. 19, 2025 6:42:49 PM webapp.storage.AbstractStorage save
INFO: &amp#27;[32mSave 447cc13a-411a-4772-9273-0e3eadb5d07d(uuid8608)
сент. 19, 2025 6:42:49 PM webapp.storage.AbstractStorage save
INFO: &amp#27;[32mSave 6286e78e-192d-4dce-a9da-398ddd76daaf(uuid8609)
сент. 19, 2025 6:42:49 PM webapp.storage.AbstractStorage save
INFO: &amp#27;[32mSave 5edd08e7-23af-414e-aadc-d461185c046d(uuid8610)
сент. 19, 2025 6:42:49 PM webapp.storage.AbstractStorage save
INFO: &amp#27;[32mSave 2c81a5e7-5d92-49e2-a480-65269632504a(uuid8611)
сент. 19, 2025 6:42:49 PM webapp.storage.AbstractStorage save
INFO: &amp#27;[32mSave 231b6a38-83e7-4ed4-bdf3-ab3db5361dfe(uuid8612)
сент. 19, 2025 6:42:49 PM webapp.storage.AbstractStorage save
INFO: &amp#27;[32mSave ac92fd60-dd69-461a-9b35-97f57adddba0(uuid8613)
сент. 19, 2025 6:42:49 PM webapp.storage.AbstractStorage save
INFO: &amp#27;[32mSave 4d272c37-bf62-47f4-9cd1-bb7d88a73a98(uuid8614)
сент. 19, 2025 6:42:49 PM webapp.storage.AbstractStorage save
INFO: &amp#27;[32mSave 90a59780-23cd-49a9-9990-c71ad75f9880(uuid8615)
сент. 19, 2025 6:42:49 PM webapp.storage.AbstractStorage save
INFO: &amp#27;[32mSave 35ac90e1-563e-467d-9046-b1f6f64fca9e(uuid8616)
сент. 19, 2025 6:42:49 PM webapp.storage.AbstractStorage save
INFO: &amp#27;[32mSave 57e992f0-a3a8-40d9-a976-5fda6d8e120e(uuid8617)
сент. 19, 2025 6:42:49 PM webapp.storage.AbstractStorage save
INFO: &amp#27;[32mSave db02a3ee-78ec-4433-a860-60774a2ac72c(uuid8618)
сент. 19, 2025 6:42:49 PM webapp.storage.AbstractStorage save
INFO: &amp#27;[32mSave 68a04a0b-51c6-4799-acfd-fa247f7dc027(uuid8619)
сент. 19, 2025 6:42:49 PM webapp.storage.AbstractStorage save
INFO: &amp#27;[32mSave 523ffabd-4386-4325-a8a9-aff2544875aa(uuid8620)
сент. 19, 2025 6:42:49 PM webapp.storage.AbstractStorage save
INFO: &amp#27;[32mSave 9ba30132-2c6c-4e0e-9d06-5fa3253b9cb8(uuid8621)
сент. 19, 2025 6:42:49 PM webapp.storage.AbstractStorage save
INFO: &amp#27;[32mSave c68ae708-0db0-4a7a-8633-c7dcf374af47(uuid8622)
сент. 19, 2025 6:42:49 PM webapp.storage.AbstractStorage save
INFO: &amp#27;[32mSave 2e7feaeb-ab77-4051-9c39-8144dad9cb24(uuid8623)
сент. 19, 2025 6:42:49 PM webapp.storage.AbstractStorage save
INFO: &amp#27;[32mSave f3f01ea2-6dfb-4a2c-8571-3bba167126dd(uuid8624)
сент. 19, 2025 6:42:49 PM webapp.storage.AbstractStorage save
INFO: &amp#27;[32mSave 9e8d2273-d840-499e-91f1-54eaf90c087a(uuid8625)
сент. 19, 2025 6:42:49 PM webapp.storage.AbstractStorage save
INFO: &amp#27;[32mSave 4555345c-12b2-40b6-9a1d-52ae40f0a525(uuid8626)
сент. 19, 2025 6:42:49 PM webapp.storage.AbstractStorage save
INFO: &amp#27;[32mSave a8fc2c3d-7e1e-4cb2-b3b0-acfeea640b98(uuid8627)
сент. 19, 2025 6:42:49 PM webapp.storage.AbstractStorage save
INFO: &amp#27;[32mSave 08e49ed2-434d-4845-bb9d-46c38873fec7(uuid8628)
сент. 19, 2025 6:42:49 PM webapp.storage.AbstractStorage save
INFO: &amp#27;[32mSave a88b7333-84bd-44f3-bd48-799c02def2ac(uuid8629)
сент. 19, 2025 6:42:49 PM webapp.storage.AbstractStorage save
INFO: &amp#27;[32mSave c0b01290-8ba4-49b0-90f5-7eaf7d2004a4(uuid8630)
сент. 19, 2025 6:42:49 PM webapp.storage.AbstractStorage save
INFO: &amp#27;[32mSave 79e97004-ac8b-4766-9c46-fd08b838c892(uuid8631)
сент. 19, 2025 6:42:49 PM webapp.storage.AbstractStorage save
INFO: &amp#27;[32mSave a138b045-1ee0-44f7-87af-7acd32efed8f(uuid8632)
сент. 19, 2025 6:42:49 PM webapp.storage.AbstractStorage save
INFO: &amp#27;[32mSave 0b0db7d0-a86f-4217-afff-9c8d6ffd714c(uuid8633)
сент. 19, 2025 6:42:49 PM webapp.storage.AbstractStorage save
INFO: &amp#27;[32mSave 013096c8-686a-4256-9a9c-ed437ff392da(uuid8634)
сент. 19, 2025 6:42:49 PM webapp.storage.AbstractStorage save
INFO: &amp#27;[32mSave 7f04d5f3-2542-489d-9f0e-d0b276d2c5bd(uuid8635)
сент. 19, 2025 6:42:49 PM webapp.storage.AbstractStorage save
INFO: &amp#27;[32mSave 97efc02d-dc11-4e0b-9407-4d41c32150ee(uuid8636)
сент. 19, 2025 6:42:49 PM webapp.storage.AbstractStorage save
INFO: &amp#27;[32mSave 6723ba17-afa2-4b72-b39c-c9e255c2273f(uuid8637)
сент. 19, 2025 6:42:49 PM webapp.storage.AbstractStorage save
INFO: &amp#27;[32mSave 119b636d-5470-4574-9f79-2116b2e7514f(uuid8638)
сент. 19, 2025 6:42:49 PM webapp.storage.AbstractStorage save
INFO: &amp#27;[32mSave 824e8022-e657-4d55-add1-176bcee39f60(uuid8639)
сент. 19, 2025 6:42:49 PM webapp.storage.AbstractStorage save
INFO: &amp#27;[32mSave f278a780-ccbf-463d-a6a4-4d8955877e96(uuid8640)
сент. 19, 2025 6:42:49 PM webapp.storage.AbstractStorage save
INFO: &amp#27;[32mSave 4fc12271-5f96-47f5-aa71-6d20c79e2cf0(uuid8641)
сент. 19, 2025 6:42:49 PM webapp.storage.AbstractStorage save
INFO: &amp#27;[32mSave 0b6534bb-65a5-4c9e-8733-33f233b737c0(uuid8642)
сент. 19, 2025 6:42:49 PM webapp.storage.AbstractStorage save
INFO: &amp#27;[32mSave ade1aabe-929e-490e-9fd2-fc24c93ed5d1(uuid8643)
сент. 19, 2025 6:42:49 PM webapp.storage.AbstractStorage save
INFO: &amp#27;[32mSave 8591cdc7-b527-4159-b582-23c4e6525c79(uuid8644)
сент. 19, 2025 6:42:49 PM webapp.storage.AbstractStorage save
INFO: &amp#27;[32mSave 8695ac3b-7f91-4508-be4c-04c702a50c9e(uuid8645)
сент. 19, 2025 6:42:49 PM webapp.storage.AbstractStorage save
INFO: &amp#27;[32mSave 134dc1ba-68a9-4508-ba7e-651a51f78218(uuid8646)
сент. 19, 2025 6:42:49 PM webapp.storage.AbstractStorage save
INFO: &amp#27;[32mSave e70007a0-ca8d-4d02-a882-e13340e84807(uuid8647)
сент. 19, 2025 6:42:49 PM webapp.storage.AbstractStorage save
INFO: &amp#27;[32mSave 4a3c9463-e081-463a-aee3-89df4513326b(uuid8648)
сент. 19, 2025 6:42:49 PM webapp.storage.AbstractStorage save
INFO: &amp#27;[32mSave 5c5c433b-69cf-4936-a9cb-daab6c67c5b3(uuid8649)
сент. 19, 2025 6:42:49 PM webapp.storage.AbstractStorage save
INFO: &amp#27;[32mSave 23b945ef-58c8-4977-b8a4-79547c060c2e(uuid8650)
сент. 19, 2025 6:42:49 PM webapp.storage.AbstractStorage save
INFO: &amp#27;[32mSave 3b53a59e-dc5c-44d3-b85a-2545e5c03d2b(uuid8651)
сент. 19, 2025 6:42:49 PM webapp.storage.AbstractStorage save
INFO: &amp#27;[32mSave 77eeb5da-09cf-4aac-9522-11e2a22ed907(uuid8652)
сент. 19, 2025 6:42:49 PM webapp.storage.AbstractStorage save
INFO: &amp#27;[32mSave 34043fbf-1f71-44bf-ac5c-4596179659cf(uuid8653)
сент. 19, 2025 6:42:49 PM webapp.storage.AbstractStorage save
INFO: &amp#27;[32mSave 2152da18-4168-4cf4-b3a5-f4bbc826f60e(uuid8654)
сент. 19, 2025 6:42:49 PM webapp.storage.AbstractStorage save
INFO: &amp#27;[32mSave b0c38182-5794-41de-9fc5-dad99da12df7(uuid8655)
сент. 19, 2025 6:42:49 PM webapp.storage.AbstractStorage save
INFO: &amp#27;[32mSave ddb15cad-d189-48ae-b009-40a068fcd67a(uuid8656)
сент. 19, 2025 6:42:49 PM webapp.storage.AbstractStorage save
INFO: &amp#27;[32mSave 4fc5e8b8-b3ba-4576-bf51-00feccaf4860(uuid8657)
сент. 19, 2025 6:42:49 PM webapp.storage.AbstractStorage save
INFO: &amp#27;[32mSave 5d8b7fd8-e7e0-4a2a-b8ba-7a01b79a8bd5(uuid8658)
сент. 19, 2025 6:42:49 PM webapp.storage.AbstractStorage save
INFO: &amp#27;[32mSave 90060880-72ef-4c2b-9a61-d5436e2893ac(uuid8659)
сент. 19, 2025 6:42:49 PM webapp.storage.AbstractStorage save
INFO: &amp#27;[32mSave 9c46060b-4e7f-493c-afbe-e10c6044a16a(uuid8660)
сент. 19, 2025 6:42:49 PM webapp.storage.AbstractStorage save
INFO: &amp#27;[32mSave 26dffa5c-5555-4132-a87d-17bc079abd2f(uuid8661)
сент. 19, 2025 6:42:49 PM webapp.storage.AbstractStorage save
INFO: &amp#27;[32mSave ece87ce6-8af8-4c31-905b-04ecc1a7665b(uuid8662)
сент. 19, 2025 6:42:49 PM webapp.storage.AbstractStorage save
INFO: &amp#27;[32mSave d5c667de-4bad-4485-8b0c-91fde20ec354(uuid8663)
сент. 19, 2025 6:42:49 PM webapp.storage.AbstractStorage save
INFO: &amp#27;[32mSave b8d3134d-65e6-44ed-9ba7-5dac4c575175(uuid8664)
сент. 19, 2025 6:42:49 PM webapp.storage.AbstractStorage save
INFO: &amp#27;[32mSave 7387cea3-df23-4f25-b2de-d581c4c0b2e8(uuid8665)
сент. 19, 2025 6:42:49 PM webapp.storage.AbstractStorage save
INFO: &amp#27;[32mSave 17a86387-4f04-4aa7-bd8e-8317b80ef9a4(uuid8666)
сент. 19, 2025 6:42:49 PM webapp.storage.AbstractStorage save
INFO: &amp#27;[32mSave 24253362-ec58-4786-8803-e3187933fdf0(uuid8667)
сент. 19, 2025 6:42:49 PM webapp.storage.AbstractStorage save
INFO: &amp#27;[32mSave 7bf56b20-50b7-48bf-945a-fb7e25744d7a(uuid8668)
сент. 19, 2025 6:42:49 PM webapp.storage.AbstractStorage save
INFO: &amp#27;[32mSave bae41cbb-c413-41cb-bde8-354e5088b5cc(uuid8669)
сент. 19, 2025 6:42:49 PM webapp.storage.AbstractStorage save
INFO: &amp#27;[32mSave 495c1a6d-226d-4797-8680-0dfd8fb06b9c(uuid8670)
сент. 19, 2025 6:42:49 PM webapp.storage.AbstractStorage save
INFO: &amp#27;[32mSave ff34ceb4-aedd-45f6-adf5-b028311a28aa(uuid8671)
сент. 19, 2025 6:42:49 PM webapp.storage.AbstractStorage save
INFO: &amp#27;[32mSave 7141ed4c-2078-4b85-9144-6bd0cf583949(uuid8672)
сент. 19, 2025 6:42:49 PM webapp.storage.AbstractStorage save
INFO: &amp#27;[32mSave 9ffe152e-f1d7-40b9-9174-c5e56f87b18f(uuid8673)
сент. 19, 2025 6:42:49 PM webapp.storage.AbstractStorage save
INFO: &amp#27;[32mSave ad5579b1-917f-444f-84e0-e5c3da9acb6a(uuid8674)
сент. 19, 2025 6:42:49 PM webapp.storage.AbstractStorage save
INFO: &amp#27;[32mSave 9ffa9c4a-3510-4de6-a707-dad82194c2c6(uuid8675)
сент. 19, 2025 6:42:49 PM webapp.storage.AbstractStorage save
INFO: &amp#27;[32mSave 614d520f-b461-4a01-a1dd-73b2b2e8a8c0(uuid8676)
сент. 19, 2025 6:42:49 PM webapp.storage.AbstractStorage save
INFO: &amp#27;[32mSave ff1787d0-420b-4dce-9f71-bf64a24967cf(uuid8677)
сент. 19, 2025 6:42:49 PM webapp.storage.AbstractStorage save
INFO: &amp#27;[32mSave 24dc5cb7-b5bf-473c-89f6-737f638706e1(uuid8678)
сент. 19, 2025 6:42:49 PM webapp.storage.AbstractStorage save
INFO: &amp#27;[32mSave 6dd92c03-afef-47b6-ab4b-2cdbc65df75c(uuid8679)
сент. 19, 2025 6:42:49 PM webapp.storage.AbstractStorage save
INFO: &amp#27;[32mSave 8b8c420f-d57a-40d1-a9f8-c3c381f0698d(uuid8680)
сент. 19, 2025 6:42:49 PM webapp.storage.AbstractStorage save
INFO: &amp#27;[32mSave 8a192b63-8727-4274-8e56-eb5d53b0d0db(uuid8681)
сент. 19, 2025 6:42:49 PM webapp.storage.AbstractStorage save
INFO: &amp#27;[32mSave 2335e13e-0747-415c-b60f-32e20b661541(uuid8682)
сент. 19, 2025 6:42:49 PM webapp.storage.AbstractStorage save
INFO: &amp#27;[32mSave 774457ed-c3da-4f45-8f55-9109a83301c8(uuid8683)
сент. 19, 2025 6:42:49 PM webapp.storage.AbstractStorage save
INFO: &amp#27;[32mSave 9018e10c-ed78-47bb-b6f7-a9319fd517a9(uuid8684)
сент. 19, 2025 6:42:49 PM webapp.storage.AbstractStorage save
INFO: &amp#27;[32mSave 714ab774-c21b-4c37-b25a-797d7a3359cc(uuid8685)
сент. 19, 2025 6:42:49 PM webapp.storage.AbstractStorage save
INFO: &amp#27;[32mSave ecd7f3e7-e1d4-4303-b6dc-d447ba461235(uuid8686)
сент. 19, 2025 6:42:49 PM webapp.storage.AbstractStorage save
INFO: &amp#27;[32mSave 8da90d53-c3f6-49bc-bc82-5508cf2dd1bb(uuid8687)
сент. 19, 2025 6:42:49 PM webapp.storage.AbstractStorage save
INFO: &amp#27;[32mSave e294cf72-3dca-4f78-a0f7-f46e4d764eaf(uuid8688)
сент. 19, 2025 6:42:49 PM webapp.storage.AbstractStorage save
INFO: &amp#27;[32mSave f2c04566-fe52-48f5-ae90-9ea010e66d70(uuid8689)
сент. 19, 2025 6:42:49 PM webapp.storage.AbstractStorage save
INFO: &amp#27;[32mSave 78a2fdb8-9772-4628-86a4-ce03ccf40bd1(uuid8690)
сент. 19, 2025 6:42:49 PM webapp.storage.AbstractStorage save
INFO: &amp#27;[32mSave 249bcc5e-317b-4d9b-82ca-5470cf260927(uuid8691)
сент. 19, 2025 6:42:49 PM webapp.storage.AbstractStorage save
INFO: &amp#27;[32mSave 66d23f2d-938d-4065-a830-9ff39e0013e3(uuid8692)
сент. 19, 2025 6:42:49 PM webapp.storage.AbstractStorage save
INFO: &amp#27;[32mSave 284b3361-8c91-4e15-a67e-34c9831393d1(uuid8693)
сент. 19, 2025 6:42:49 PM webapp.storage.AbstractStorage save
INFO: &amp#27;[32mSave 9a1a3ab3-6035-404b-a225-5d35624796a0(uuid8694)
сент. 19, 2025 6:42:49 PM webapp.storage.AbstractStorage save
INFO: &amp#27;[32mSave 028ea54f-5891-4c81-92a1-b4ce6879de43(uuid8695)
сент. 19, 2025 6:42:49 PM webapp.storage.AbstractStorage save
INFO: &amp#27;[32mSave 3de547a5-719d-443e-8e73-56cb93378fe9(uuid8696)
сент. 19, 2025 6:42:49 PM webapp.storage.AbstractStorage save
INFO: &amp#27;[32mSave 3137d27e-303e-4180-a5c9-99632316c707(uuid8697)
сент. 19, 2025 6:42:49 PM webapp.storage.AbstractStorage save
INFO: &amp#27;[32mSave b12376e9-21f9-47b3-8d65-9528045d9cd8(uuid8698)
сент. 19, 2025 6:42:49 PM webapp.storage.AbstractStorage save
INFO: &amp#27;[32mSave 0a4c2325-cfa1-4c8b-b41b-0d62c4df015a(uuid8699)
сент. 19, 2025 6:42:49 PM webapp.storage.AbstractStorage save
INFO: &amp#27;[32mSave 7b236499-07a4-4458-a3d2-981300e99c7e(uuid8700)
сент. 19, 2025 6:42:49 PM webapp.storage.AbstractStorage save
INFO: &amp#27;[32mSave 8c55f3ac-3d45-4218-8606-59f89259ce51(uuid8701)
сент. 19, 2025 6:42:49 PM webapp.storage.AbstractStorage save
INFO: &amp#27;[32mSave 96f3d71d-6c17-410d-b9cd-e1be1f9af246(uuid8702)
сент. 19, 2025 6:42:49 PM webapp.storage.AbstractStorage save
INFO: &amp#27;[32mSave eb574070-73f3-4d51-bcba-213bedddbd01(uuid8703)
сент. 19, 2025 6:42:49 PM webapp.storage.AbstractStorage save
INFO: &amp#27;[32mSave d4f3a978-9603-45a9-8d73-26aa8f02d55e(uuid8704)
сент. 19, 2025 6:42:49 PM webapp.storage.AbstractStorage save
INFO: &amp#27;[32mSave 177cd1f8-8361-4764-b2b1-38f6ea3d40d8(uuid8705)
сент. 19, 2025 6:42:49 PM webapp.storage.AbstractStorage save
INFO: &amp#27;[32mSave fee5d049-c794-4033-83e8-04f2040b5cbb(uuid8706)
сент. 19, 2025 6:42:49 PM webapp.storage.AbstractStorage save
INFO: &amp#27;[32mSave b0b6a1a9-4b1f-4db2-811c-52637bba1e3f(uuid8707)
сент. 19, 2025 6:42:49 PM webapp.storage.AbstractStorage save
INFO: &amp#27;[32mSave 25f5a5c9-1684-4e50-8a8e-5523d7f8901b(uuid8708)
сент. 19, 2025 6:42:49 PM webapp.storage.AbstractStorage save
INFO: &amp#27;[32mSave a9d6504f-da72-4704-aa09-2ccf8acb9c6f(uuid8709)
сент. 19, 2025 6:42:49 PM webapp.storage.AbstractStorage save
INFO: &amp#27;[32mSave 01e6e370-857a-481f-b842-4052b7c3229f(uuid8710)
сент. 19, 2025 6:42:49 PM webapp.storage.AbstractStorage save
INFO: &amp#27;[32mSave 47e0cd54-0c3c-4143-8a52-a7a9668209de(uuid8711)
сент. 19, 2025 6:42:49 PM webapp.storage.AbstractStorage save
INFO: &amp#27;[32mSave 2a757a56-31a0-462d-8de5-dd2383dfca36(uuid8712)
сент. 19, 2025 6:42:49 PM webapp.storage.AbstractStorage save
INFO: &amp#27;[32mSave c3f21738-5501-4770-91fd-a4b84ec89e79(uuid8713)
сент. 19, 2025 6:42:49 PM webapp.storage.AbstractStorage save
INFO: &amp#27;[32mSave 755ed91a-c5cc-4199-a92c-a9664ac7d1d8(uuid8714)
сент. 19, 2025 6:42:49 PM webapp.storage.AbstractStorage save
INFO: &amp#27;[32mSave 0b2ff558-d7e0-4fea-8d76-f8e462e6b151(uuid8715)
сент. 19, 2025 6:42:49 PM webapp.storage.AbstractStorage save
INFO: &amp#27;[32mSave 5dba746f-380d-4c07-b246-3a70254317d9(uuid8716)
сент. 19, 2025 6:42:49 PM webapp.storage.AbstractStorage save
INFO: &amp#27;[32mSave 984d5a52-7ff1-4680-9433-9284e2ecaf26(uuid8717)
сент. 19, 2025 6:42:49 PM webapp.storage.AbstractStorage save
INFO: &amp#27;[32mSave b009b8de-4ee5-49a7-9774-cbe3c3a6cb7e(uuid8718)
сент. 19, 2025 6:42:49 PM webapp.storage.AbstractStorage save
INFO: &amp#27;[32mSave 4ae2f206-e7b8-485e-b395-06fe9c7ff759(uuid8719)
сент. 19, 2025 6:42:49 PM webapp.storage.AbstractStorage save
INFO: &amp#27;[32mSave baa4a59d-4d69-4079-aa41-128693f3358d(uuid8720)
сент. 19, 2025 6:42:49 PM webapp.storage.AbstractStorage save
INFO: &amp#27;[32mSave d675ff48-de6c-4142-a7c6-609b7fcadfc6(uuid8721)
сент. 19, 2025 6:42:49 PM webapp.storage.AbstractStorage save
INFO: &amp#27;[32mSave abfff2bc-cea2-41de-90fb-f53af83aeca3(uuid8722)
сент. 19, 2025 6:42:49 PM webapp.storage.AbstractStorage save
INFO: &amp#27;[32mSave 0b62b5d0-32fb-4b40-9fc3-35c4c929647b(uuid8723)
сент. 19, 2025 6:42:49 PM webapp.storage.AbstractStorage save
INFO: &amp#27;[32mSave 9d151aac-faa7-4e6b-8e65-e426f56ad565(uuid8724)
сент. 19, 2025 6:42:49 PM webapp.storage.AbstractStorage save
INFO: &amp#27;[32mSave 5fbe0a91-d22d-49b7-9444-6f8d23b92b78(uuid8725)
сент. 19, 2025 6:42:49 PM webapp.storage.AbstractStorage save
INFO: &amp#27;[32mSave a32bf163-7377-41b6-b22e-0e3d073c1c59(uuid8726)
сент. 19, 2025 6:42:49 PM webapp.storage.AbstractStorage save
INFO: &amp#27;[32mSave 0150cf7c-e42c-4436-94d5-87072a603e0e(uuid8727)
сент. 19, 2025 6:42:49 PM webapp.storage.AbstractStorage save
INFO: &amp#27;[32mSave c650256f-9c1b-45b1-ad12-4a49cdff01b9(uuid8728)
сент. 19, 2025 6:42:49 PM webapp.storage.AbstractStorage save
INFO: &amp#27;[32mSave aa7a2e86-12c4-41e8-87b4-4c90a05ce471(uuid8729)
сент. 19, 2025 6:42:49 PM webapp.storage.AbstractStorage save
INFO: &amp#27;[32mSave f1b982bb-1618-45d1-8ee6-df5f7c10776c(uuid8730)
сент. 19, 2025 6:42:49 PM webapp.storage.AbstractStorage save
INFO: &amp#27;[32mSave f1b88e7e-48d0-4bc6-b868-543b8a3d3920(uuid8731)
сент. 19, 2025 6:42:49 PM webapp.storage.AbstractStorage save
INFO: &amp#27;[32mSave d6a92e8a-71ea-4200-a74e-75461461210d(uuid8732)
сент. 19, 2025 6:42:49 PM webapp.storage.AbstractStorage save
INFO: &amp#27;[32mSave 37b0eba7-e6e9-4d9e-98ae-5ede7b9e0e19(uuid8733)
сент. 19, 2025 6:42:49 PM webapp.storage.AbstractStorage save
INFO: &amp#27;[32mSave 55d2ff65-6200-489d-a526-2facbfd23c0f(uuid8734)
сент. 19, 2025 6:42:49 PM webapp.storage.AbstractStorage save
INFO: &amp#27;[32mSave 2c470cfa-9570-4725-981c-bc899ce39b57(uuid8735)
сент. 19, 2025 6:42:49 PM webapp.storage.AbstractStorage save
INFO: &amp#27;[32mSave c974c1d9-e82a-49f3-b6e3-b87961b381cc(uuid8736)
сент. 19, 2025 6:42:49 PM webapp.storage.AbstractStorage save
INFO: &amp#27;[32mSave 04ab8d61-ebad-4857-a070-68b04e55dd2a(uuid8737)
сент. 19, 2025 6:42:49 PM webapp.storage.AbstractStorage save
INFO: &amp#27;[32mSave d703f7ce-6f00-4185-a167-73f7ff93d662(uuid8738)
сент. 19, 2025 6:42:49 PM webapp.storage.AbstractStorage save
INFO: &amp#27;[32mSave 51de9b7a-757a-488f-9abe-9a1a807e1757(uuid8739)
сент. 19, 2025 6:42:49 PM webapp.storage.AbstractStorage save
INFO: &amp#27;[32mSave dd59307e-f13e-44d9-b636-bd0fc8268607(uuid8740)
сент. 19, 2025 6:42:49 PM webapp.storage.AbstractStorage save
INFO: &amp#27;[32mSave 2b784caa-02ed-46fc-afb2-c2b6acc7a52b(uuid8741)
сент. 19, 2025 6:42:49 PM webapp.storage.AbstractStorage save
INFO: &amp#27;[32mSave fa502e24-b044-4382-9785-ad0aff79a610(uuid8742)
сент. 19, 2025 6:42:49 PM webapp.storage.AbstractStorage save
INFO: &amp#27;[32mSave 8e5c10cf-cc83-456d-9966-1cc58a4b5ad9(uuid8743)
сент. 19, 2025 6:42:49 PM webapp.storage.AbstractStorage save
INFO: &amp#27;[32mSave 10dd29fd-656f-4d89-9118-31ec0eabe9a3(uuid8744)
сент. 19, 2025 6:42:49 PM webapp.storage.AbstractStorage save
INFO: &amp#27;[32mSave 27855460-028f-41fc-9c27-99b56bf195d2(uuid8745)
сент. 19, 2025 6:42:49 PM webapp.storage.AbstractStorage save
INFO: &amp#27;[32mSave f96f8ff9-e853-4104-b42a-3b90ebc4588e(uuid8746)
сент. 19, 2025 6:42:49 PM webapp.storage.AbstractStorage save
INFO: &amp#27;[32mSave c11011b2-5ace-4ccc-a162-ee8322d43517(uuid8747)
сент. 19, 2025 6:42:49 PM webapp.storage.AbstractStorage save
INFO: &amp#27;[32mSave 9b89d5f2-1bf8-4b53-8d17-d0d1a00b98eb(uuid8748)
сент. 19, 2025 6:42:49 PM webapp.storage.AbstractStorage save
INFO: &amp#27;[32mSave 9f237b11-2ac5-483f-8456-2326f31d8e20(uuid8749)
сент. 19, 2025 6:42:49 PM webapp.storage.AbstractStorage save
INFO: &amp#27;[32mSave c9a8bc1d-b423-4975-98f2-08a5c0f9f2c9(uuid8750)
сент. 19, 2025 6:42:49 PM webapp.storage.AbstractStorage save
INFO: &amp#27;[32mSave c98def00-fb8b-42b8-b3aa-62117d086139(uuid8751)
сент. 19, 2025 6:42:49 PM webapp.storage.AbstractStorage save
INFO: &amp#27;[32mSave df90b39d-0dfe-42f3-9070-70980c8b06f8(uuid8752)
сент. 19, 2025 6:42:49 PM webapp.storage.AbstractStorage save
INFO: &amp#27;[32mSave 012aa220-d2e3-48e0-87a7-0141f6b02745(uuid8753)
сент. 19, 2025 6:42:49 PM webapp.storage.AbstractStorage save
INFO: &amp#27;[32mSave d2ea7dcd-b527-4226-9460-f42c6cc137aa(uuid8754)
сент. 19, 2025 6:42:49 PM webapp.storage.AbstractStorage save
INFO: &amp#27;[32mSave 76e9c6fe-5495-4fe7-8006-53446afc1116(uuid8755)
сент. 19, 2025 6:42:49 PM webapp.storage.AbstractStorage save
INFO: &amp#27;[32mSave 6cfb5478-22a8-49f6-b430-393db3d22ccd(uuid8756)
сент. 19, 2025 6:42:49 PM webapp.storage.AbstractStorage save
INFO: &amp#27;[32mSave 795434c9-e626-4d82-8836-5e896895dacb(uuid8757)
сент. 19, 2025 6:42:49 PM webapp.storage.AbstractStorage save
INFO: &amp#27;[32mSave cbabed9f-2ac0-4fd6-b966-67e263bc7073(uuid8758)
сент. 19, 2025 6:42:49 PM webapp.storage.AbstractStorage save
INFO: &amp#27;[32mSave e2b47c6f-b766-49f3-9170-81c025aa0671(uuid8759)
сент. 19, 2025 6:42:49 PM webapp.storage.AbstractStorage save
INFO: &amp#27;[32mSave 6ecebc6e-5aff-4b34-9edc-358fbf81e014(uuid8760)
сент. 19, 2025 6:42:49 PM webapp.storage.AbstractStorage save
INFO: &amp#27;[32mSave b3ce5dec-9995-4ac9-a09e-110112885d4d(uuid8761)
сент. 19, 2025 6:42:49 PM webapp.storage.AbstractStorage save
INFO: &amp#27;[32mSave c36e9723-8e02-4cba-bbfc-7c4457c6b67d(uuid8762)
сент. 19, 2025 6:42:49 PM webapp.storage.AbstractStorage save
INFO: &amp#27;[32mSave cfbfece5-69ec-420e-bb74-a02c9ec76c42(uuid8763)
сент. 19, 2025 6:42:49 PM webapp.storage.AbstractStorage save
INFO: &amp#27;[32mSave b4229858-9e22-477c-92a2-63d629104720(uuid8764)
сент. 19, 2025 6:42:49 PM webapp.storage.AbstractStorage save
INFO: &amp#27;[32mSave e70ea712-953f-4521-8e1c-f11a96e18eea(uuid8765)
сент. 19, 2025 6:42:49 PM webapp.storage.AbstractStorage save
INFO: &amp#27;[32mSave a7ef7eba-6366-4009-b1fc-862f3c4dbb58(uuid8766)
сент. 19, 2025 6:42:49 PM webapp.storage.AbstractStorage save
INFO: &amp#27;[32mSave ff468eed-e735-4f44-9234-5a7d10f1e760(uuid8767)
сент. 19, 2025 6:42:49 PM webapp.storage.AbstractStorage save
INFO: &amp#27;[32mSave 62e7090e-22f1-4a1c-8faf-c8d0583a9ac8(uuid8768)
сент. 19, 2025 6:42:49 PM webapp.storage.AbstractStorage save
INFO: &amp#27;[32mSave 9827bb4d-a679-44b2-8216-e311fb237194(uuid8769)
сент. 19, 2025 6:42:49 PM webapp.storage.AbstractStorage save
INFO: &amp#27;[32mSave fa5f9014-bc12-4ea8-9203-7f71c0cff9d9(uuid8770)
сент. 19, 2025 6:42:49 PM webapp.storage.AbstractStorage save
INFO: &amp#27;[32mSave 5602abcc-2520-44e0-927d-3d6b77c3966f(uuid8771)
сент. 19, 2025 6:42:49 PM webapp.storage.AbstractStorage save
INFO: &amp#27;[32mSave 16d013c2-1992-4cf9-ac3b-950875a070be(uuid8772)
сент. 19, 2025 6:42:49 PM webapp.storage.AbstractStorage save
INFO: &amp#27;[32mSave 5e7b6565-85fa-4773-b795-223d3917335c(uuid8773)
сент. 19, 2025 6:42:49 PM webapp.storage.AbstractStorage save
INFO: &amp#27;[32mSave bfcedbf3-dab7-42f3-becf-ffb58ed2b440(uuid8774)
сент. 19, 2025 6:42:49 PM webapp.storage.AbstractStorage save
INFO: &amp#27;[32mSave 72257158-d327-4a3a-a9d8-868e181eec83(uuid8775)
сент. 19, 2025 6:42:49 PM webapp.storage.AbstractStorage save
INFO: &amp#27;[32mSave 94bab549-dcc0-4e96-94cf-b8b3f09ed138(uuid8776)
сент. 19, 2025 6:42:49 PM webapp.storage.AbstractStorage save
INFO: &amp#27;[32mSave f35fa7dd-6329-421e-9f3f-43feb18d11b3(uuid8777)
сент. 19, 2025 6:42:49 PM webapp.storage.AbstractStorage save
INFO: &amp#27;[32mSave c24f0074-cc9c-4412-8692-91358d2c1ce6(uuid8778)
сент. 19, 2025 6:42:49 PM webapp.storage.AbstractStorage save
INFO: &amp#27;[32mSave 8632ac7f-7302-4eca-b4b1-4b854c0d26c0(uuid8779)
сент. 19, 2025 6:42:49 PM webapp.storage.AbstractStorage save
INFO: &amp#27;[32mSave 9c803149-f0a2-430d-b9c4-ee7d29841fbf(uuid8780)
сент. 19, 2025 6:42:49 PM webapp.storage.AbstractStorage save
INFO: &amp#27;[32mSave 5877082e-f547-4314-940c-4cfaa43a71cb(uuid8781)
сент. 19, 2025 6:42:49 PM webapp.storage.AbstractStorage save
INFO: &amp#27;[32mSave ea2e6d2b-b22b-4094-a455-0e06b8065ddf(uuid8782)
сент. 19, 2025 6:42:49 PM webapp.storage.AbstractStorage save
INFO: &amp#27;[32mSave 6bbf39fd-bd30-47b8-b16d-b463a5e9100c(uuid8783)
сент. 19, 2025 6:42:49 PM webapp.storage.AbstractStorage save
INFO: &amp#27;[32mSave dc5f13ea-efe1-4a59-96c8-f6297dbe7cde(uuid8784)
сент. 19, 2025 6:42:49 PM webapp.storage.AbstractStorage save
INFO: &amp#27;[32mSave 1533523f-6517-4452-8d4c-a47e4df4601d(uuid8785)
сент. 19, 2025 6:42:49 PM webapp.storage.AbstractStorage save
INFO: &amp#27;[32mSave f67a8720-7fac-4f33-b74c-527b9a4bc8a0(uuid8786)
сент. 19, 2025 6:42:49 PM webapp.storage.AbstractStorage save
INFO: &amp#27;[32mSave 96190f12-745e-4627-aff3-ad4dd30af669(uuid8787)
сент. 19, 2025 6:42:49 PM webapp.storage.AbstractStorage save
INFO: &amp#27;[32mSave 49aa7c98-8a60-4d62-9d33-c4ef7cb14aeb(uuid8788)
сент. 19, 2025 6:42:49 PM webapp.storage.AbstractStorage save
INFO: &amp#27;[32mSave fc97c5f8-9d59-4ffd-ae0e-d9511b2b2793(uuid8789)
сент. 19, 2025 6:42:49 PM webapp.storage.AbstractStorage save
INFO: &amp#27;[32mSave 43538500-4cf1-4e0b-a8dc-fe8f2b0923f6(uuid8790)
сент. 19, 2025 6:42:49 PM webapp.storage.AbstractStorage save
INFO: &amp#27;[32mSave 9fc8261e-0b78-4585-9488-1e78349bc396(uuid8791)
сент. 19, 2025 6:42:49 PM webapp.storage.AbstractStorage save
INFO: &amp#27;[32mSave be1a8175-077f-423f-9375-ae8af7e33f39(uuid8792)
сент. 19, 2025 6:42:49 PM webapp.storage.AbstractStorage save
INFO: &amp#27;[32mSave 5ef9bace-e21e-4bb9-92e3-f78f4db0bc96(uuid8793)
сент. 19, 2025 6:42:49 PM webapp.storage.AbstractStorage save
INFO: &amp#27;[32mSave 19e95811-1a83-4d0a-aa4b-240069352f82(uuid8794)
сент. 19, 2025 6:42:49 PM webapp.storage.AbstractStorage save
INFO: &amp#27;[32mSave f1dc2251-b850-4e1d-838c-36cda0a238ba(uuid8795)
сент. 19, 2025 6:42:49 PM webapp.storage.AbstractStorage save
INFO: &amp#27;[32mSave 1e6232d9-fac4-45af-ac66-c920dc0e3e65(uuid8796)
сент. 19, 2025 6:42:49 PM webapp.storage.AbstractStorage save
INFO: &amp#27;[32mSave 36487b80-6b52-44f5-9e43-072e2311780e(uuid8797)
сент. 19, 2025 6:42:49 PM webapp.storage.AbstractStorage save
INFO: &amp#27;[32mSave 0de8713a-d90a-42c5-9a25-07532ef49b2e(uuid8798)
сент. 19, 2025 6:42:49 PM webapp.storage.AbstractStorage save
INFO: &amp#27;[32mSave 6dc78346-8d66-44ac-85c4-9be8842d2c51(uuid8799)
сент. 19, 2025 6:42:49 PM webapp.storage.AbstractStorage save
INFO: &amp#27;[32mSave 286c6d47-ae0f-4534-a1e4-39ddb9cc85b3(uuid8800)
сент. 19, 2025 6:42:49 PM webapp.storage.AbstractStorage save
INFO: &amp#27;[32mSave c68ca1c7-53b3-48e2-8b6b-238e459c331f(uuid8801)
сент. 19, 2025 6:42:49 PM webapp.storage.AbstractStorage save
INFO: &amp#27;[32mSave de75d138-d12a-4c76-a50a-a58abb565258(uuid8802)
сент. 19, 2025 6:42:49 PM webapp.storage.AbstractStorage save
INFO: &amp#27;[32mSave f38f14df-7d28-4bd2-9198-ad147cd8c3fb(uuid8803)
сент. 19, 2025 6:42:49 PM webapp.storage.AbstractStorage save
INFO: &amp#27;[32mSave cebae892-7a49-4db3-94e7-b24f164ef856(uuid8804)
сент. 19, 2025 6:42:49 PM webapp.storage.AbstractStorage save
INFO: &amp#27;[32mSave 03c11d50-4ef0-4347-a7aa-f7bb85bb6e98(uuid8805)
сент. 19, 2025 6:42:49 PM webapp.storage.AbstractStorage save
INFO: &amp#27;[32mSave 7ef491c9-8309-46d5-b2a9-9a812d7bf6f0(uuid8806)
сент. 19, 2025 6:42:49 PM webapp.storage.AbstractStorage save
INFO: &amp#27;[32mSave d4942a5a-0d94-4363-a922-4fe3e02b9ac9(uuid8807)
сент. 19, 2025 6:42:49 PM webapp.storage.AbstractStorage save
INFO: &amp#27;[32mSave 81f390f5-64bd-44e8-abbc-1c0f17b24610(uuid8808)
сент. 19, 2025 6:42:49 PM webapp.storage.AbstractStorage save
INFO: &amp#27;[32mSave 4bb7e56f-04e4-42d6-9528-2202d4a95b2e(uuid8809)
сент. 19, 2025 6:42:49 PM webapp.storage.AbstractStorage save
INFO: &amp#27;[32mSave 602d5a0d-3a7b-4214-9f34-b59bd59fc8fb(uuid8810)
сент. 19, 2025 6:42:49 PM webapp.storage.AbstractStorage save
INFO: &amp#27;[32mSave 08accb42-5784-42ec-ab84-5aad460c046e(uuid8811)
сент. 19, 2025 6:42:49 PM webapp.storage.AbstractStorage save
INFO: &amp#27;[32mSave 8525e072-0f6f-49ce-a610-4ab38d01b45b(uuid8812)
сент. 19, 2025 6:42:49 PM webapp.storage.AbstractStorage save
INFO: &amp#27;[32mSave 52546965-47b5-4adb-b406-f127a49f0045(uuid8813)
сент. 19, 2025 6:42:49 PM webapp.storage.AbstractStorage save
INFO: &amp#27;[32mSave 6c62bae2-d8a8-4c53-beca-0555efb3f520(uuid8814)
сент. 19, 2025 6:42:49 PM webapp.storage.AbstractStorage save
INFO: &amp#27;[32mSave 62798408-3254-4239-8026-e76a4f94f7cd(uuid8815)
сент. 19, 2025 6:42:49 PM webapp.storage.AbstractStorage save
INFO: &amp#27;[32mSave 0f79af19-1990-4cd5-9030-9480a206b8db(uuid8816)
сент. 19, 2025 6:42:49 PM webapp.storage.AbstractStorage save
INFO: &amp#27;[32mSave c36575f5-d70a-4841-997d-dd2186bd5a80(uuid8817)
сент. 19, 2025 6:42:49 PM webapp.storage.AbstractStorage save
INFO: &amp#27;[32mSave 7b04eb17-39c5-4667-8c31-2ffda1e0c8fb(uuid8818)
сент. 19, 2025 6:42:49 PM webapp.storage.AbstractStorage save
INFO: &amp#27;[32mSave e1bd2aad-f7ea-4a7e-9e89-9c6ddc243765(uuid8819)
сент. 19, 2025 6:42:49 PM webapp.storage.AbstractStorage save
INFO: &amp#27;[32mSave 8dff8123-a6c4-42e7-9561-798b53979c03(uuid8820)
сент. 19, 2025 6:42:49 PM webapp.storage.AbstractStorage save
INFO: &amp#27;[32mSave 440f7abd-5031-45c1-ba28-e7d083f14d2f(uuid8821)
сент. 19, 2025 6:42:49 PM webapp.storage.AbstractStorage save
INFO: &amp#27;[32mSave f3d67c8a-0fe3-49c9-9487-423163558c96(uuid8822)
сент. 19, 2025 6:42:49 PM webapp.storage.AbstractStorage save
INFO: &amp#27;[32mSave 5a60eb06-6f46-4f76-8c0b-13a3349848fd(uuid8823)
сент. 19, 2025 6:42:49 PM webapp.storage.AbstractStorage save
INFO: &amp#27;[32mSave ffafe916-a778-4004-bee1-c2e5f7a76e2a(uuid8824)
сент. 19, 2025 6:42:49 PM webapp.storage.AbstractStorage save
INFO: &amp#27;[32mSave 459ad460-5d77-4cd3-a016-f040ca193681(uuid8825)
сент. 19, 2025 6:42:49 PM webapp.storage.AbstractStorage save
INFO: &amp#27;[32mSave 616fb3ed-6884-435e-8157-df214cbf291e(uuid8826)
сент. 19, 2025 6:42:49 PM webapp.storage.AbstractStorage save
INFO: &amp#27;[32mSave f26dd29a-9ae2-44d2-866e-dc303abc8e4d(uuid8827)
сент. 19, 2025 6:42:49 PM webapp.storage.AbstractStorage save
INFO: &amp#27;[32mSave 857378d9-879c-4c8d-a5fb-e85541e9dac3(uuid8828)
сент. 19, 2025 6:42:49 PM webapp.storage.AbstractStorage save
INFO: &amp#27;[32mSave 96c91fae-c642-4038-a7b8-56d9463aad23(uuid8829)
сент. 19, 2025 6:42:49 PM webapp.storage.AbstractStorage save
INFO: &amp#27;[32mSave 6575b1ae-b3c0-42a1-8ce8-149ce529dc61(uuid8830)
сент. 19, 2025 6:42:49 PM webapp.storage.AbstractStorage save
INFO: &amp#27;[32mSave c45ef071-8e9e-4d3d-bfec-a6ebedff0040(uuid8831)
сент. 19, 2025 6:42:49 PM webapp.storage.AbstractStorage save
INFO: &amp#27;[32mSave 828b2db7-f888-40ef-8754-4f2a3f152ec9(uuid8832)
сент. 19, 2025 6:42:49 PM webapp.storage.AbstractStorage save
INFO: &amp#27;[32mSave 2efa2968-41a2-4324-8950-304423650f3b(uuid8833)
сент. 19, 2025 6:42:49 PM webapp.storage.AbstractStorage save
INFO: &amp#27;[32mSave 76da1133-b84e-47da-a470-43f10911f228(uuid8834)
сент. 19, 2025 6:42:49 PM webapp.storage.AbstractStorage save
INFO: &amp#27;[32mSave 652f00f9-74d2-43ff-ac73-c2ea7453ad41(uuid8835)
сент. 19, 2025 6:42:49 PM webapp.storage.AbstractStorage save
INFO: &amp#27;[32mSave c393f9bd-5e10-438d-aaf7-323381baa38e(uuid8836)
сент. 19, 2025 6:42:49 PM webapp.storage.AbstractStorage save
INFO: &amp#27;[32mSave a581cf36-ad80-4286-8885-7131d6335eef(uuid8837)
сент. 19, 2025 6:42:49 PM webapp.storage.AbstractStorage save
INFO: &amp#27;[32mSave e6e4dfae-37bd-4c6d-a16a-84fd6e121845(uuid8838)
сент. 19, 2025 6:42:49 PM webapp.storage.AbstractStorage save
INFO: &amp#27;[32mSave b07c73b8-2df2-4b86-9f8c-e3724930ae14(uuid8839)
сент. 19, 2025 6:42:49 PM webapp.storage.AbstractStorage save
INFO: &amp#27;[32mSave 6a279131-e5b4-48ff-993c-a66f8beb57ec(uuid8840)
сент. 19, 2025 6:42:49 PM webapp.storage.AbstractStorage save
INFO: &amp#27;[32mSave dd48e363-48c6-4959-b081-b5b1a5cde3f0(uuid8841)
сент. 19, 2025 6:42:49 PM webapp.storage.AbstractStorage save
INFO: &amp#27;[32mSave 978462a1-3c67-498c-be8e-3f2d288ad77a(uuid8842)
сент. 19, 2025 6:42:49 PM webapp.storage.AbstractStorage save
INFO: &amp#27;[32mSave 374b59cd-7ce7-4a48-8723-11e5f48fae72(uuid8843)
сент. 19, 2025 6:42:49 PM webapp.storage.AbstractStorage save
INFO: &amp#27;[32mSave 5874fa1c-ffc1-4d4d-a36d-7bf97c8aff23(uuid8844)
сент. 19, 2025 6:42:49 PM webapp.storage.AbstractStorage save
INFO: &amp#27;[32mSave 171dfa80-3343-4dcc-a481-a413c6c2b944(uuid8845)
сент. 19, 2025 6:42:49 PM webapp.storage.AbstractStorage save
INFO: &amp#27;[32mSave 4dbf71dd-861e-4ec4-88b0-9faf6c0227f5(uuid8846)
сент. 19, 2025 6:42:49 PM webapp.storage.AbstractStorage save
INFO: &amp#27;[32mSave 05ee558d-332e-444d-ac5a-ff8f9af1145a(uuid8847)
сент. 19, 2025 6:42:49 PM webapp.storage.AbstractStorage save
INFO: &amp#27;[32mSave cf6b39c7-8384-4c1e-a241-21a007c2106e(uuid8848)
сент. 19, 2025 6:42:49 PM webapp.storage.AbstractStorage save
INFO: &amp#27;[32mSave 7a44d62b-050c-4599-adab-fef9da0fc77b(uuid8849)
сент. 19, 2025 6:42:49 PM webapp.storage.AbstractStorage save
INFO: &amp#27;[32mSave 95d38dad-2c17-459b-8546-50a8c860ef15(uuid8850)
сент. 19, 2025 6:42:49 PM webapp.storage.AbstractStorage save
INFO: &amp#27;[32mSave b3dc2a94-5f08-49b6-9674-48f9362abeba(uuid8851)
сент. 19, 2025 6:42:49 PM webapp.storage.AbstractStorage save
INFO: &amp#27;[32mSave 5c9e2f11-ee2f-428d-9476-084c0f18164f(uuid8852)
сент. 19, 2025 6:42:49 PM webapp.storage.AbstractStorage save
INFO: &amp#27;[32mSave 6ae394cb-c118-4449-8f21-1b49b87b72a1(uuid8853)
сент. 19, 2025 6:42:49 PM webapp.storage.AbstractStorage save
INFO: &amp#27;[32mSave 91149353-7f4b-4966-b3d9-00b100562849(uuid8854)
сент. 19, 2025 6:42:49 PM webapp.storage.AbstractStorage save
INFO: &amp#27;[32mSave d51a7443-a8f2-4b26-9e7e-c505d3aa3ef9(uuid8855)
сент. 19, 2025 6:42:49 PM webapp.storage.AbstractStorage save
INFO: &amp#27;[32mSave 54f93381-dfac-4304-84b1-5c4d27e97234(uuid8856)
сент. 19, 2025 6:42:49 PM webapp.storage.AbstractStorage save
INFO: &amp#27;[32mSave 84bc5240-0f63-40e5-9014-b255f3052452(uuid8857)
сент. 19, 2025 6:42:49 PM webapp.storage.AbstractStorage save
INFO: &amp#27;[32mSave 403d01e7-3de7-4a38-9001-97d0f5115bae(uuid8858)
сент. 19, 2025 6:42:49 PM webapp.storage.AbstractStorage save
INFO: &amp#27;[32mSave bc0829f6-a3e7-428d-8b01-a62e57a383c1(uuid8859)
сент. 19, 2025 6:42:49 PM webapp.storage.AbstractStorage save
INFO: &amp#27;[32mSave be231a70-8876-4224-898c-0610665faf24(uuid8860)
сент. 19, 2025 6:42:49 PM webapp.storage.AbstractStorage save
INFO: &amp#27;[32mSave 3f58489c-299e-45d3-9a59-b4c57a5f069a(uuid8861)
сент. 19, 2025 6:42:49 PM webapp.storage.AbstractStorage save
INFO: &amp#27;[32mSave fc7c0cc1-4428-4eec-8b9f-59fb28f531d4(uuid8862)
сент. 19, 2025 6:42:49 PM webapp.storage.AbstractStorage save
INFO: &amp#27;[32mSave bd73d613-e97d-48f8-9bb4-12895035d025(uuid8863)
сент. 19, 2025 6:42:49 PM webapp.storage.AbstractStorage save
INFO: &amp#27;[32mSave 41ebaea7-9a47-45d9-8577-f262a63371d8(uuid8864)
сент. 19, 2025 6:42:49 PM webapp.storage.AbstractStorage save
INFO: &amp#27;[32mSave 1f62c972-6914-4517-95f6-d45ff3495038(uuid8865)
сент. 19, 2025 6:42:49 PM webapp.storage.AbstractStorage save
INFO: &amp#27;[32mSave 241083d2-0a18-4bb1-b67d-e30312727a57(uuid8866)
сент. 19, 2025 6:42:49 PM webapp.storage.AbstractStorage save
INFO: &amp#27;[32mSave cf075aab-ed2f-4921-a5c1-76eb85765b24(uuid8867)
сент. 19, 2025 6:42:49 PM webapp.storage.AbstractStorage save
INFO: &amp#27;[32mSave b3deb540-8f4f-4827-9cd8-03d9a9b7a238(uuid8868)
сент. 19, 2025 6:42:49 PM webapp.storage.AbstractStorage save
INFO: &amp#27;[32mSave a5959dbf-bca1-4092-8a5a-1d46c33345fe(uuid8869)
сент. 19, 2025 6:42:49 PM webapp.storage.AbstractStorage save
INFO: &amp#27;[32mSave 1d75c26e-f9b0-47d9-a3fe-7a22cca6013e(uuid8870)
сент. 19, 2025 6:42:49 PM webapp.storage.AbstractStorage save
INFO: &amp#27;[32mSave 76aaf801-32c6-4244-a5e0-bf88d07d141b(uuid8871)
сент. 19, 2025 6:42:49 PM webapp.storage.AbstractStorage save
INFO: &amp#27;[32mSave 9a19b19e-aabd-4af4-996a-e2ac43c6c0e2(uuid8872)
сент. 19, 2025 6:42:49 PM webapp.storage.AbstractStorage save
INFO: &amp#27;[32mSave 877840b2-8f20-45b8-83ed-d24dab4fc43c(uuid8873)
сент. 19, 2025 6:42:49 PM webapp.storage.AbstractStorage save
INFO: &amp#27;[32mSave e90457fe-f2bf-4eed-8cb7-73353e2b2b0c(uuid8874)
сент. 19, 2025 6:42:49 PM webapp.storage.AbstractStorage save
INFO: &amp#27;[32mSave fe5cd648-39d4-4cfc-99f0-45e091494bc9(uuid8875)
сент. 19, 2025 6:42:49 PM webapp.storage.AbstractStorage save
INFO: &amp#27;[32mSave e953ea42-292a-411a-93c9-e9893738a55f(uuid8876)
сент. 19, 2025 6:42:49 PM webapp.storage.AbstractStorage save
INFO: &amp#27;[32mSave 479d2d00-b53c-4c08-90a0-18aa34539ab4(uuid8877)
сент. 19, 2025 6:42:49 PM webapp.storage.AbstractStorage save
INFO: &amp#27;[32mSave 01ca362e-f18f-41fc-96ae-1581e0e564b8(uuid8878)
сент. 19, 2025 6:42:49 PM webapp.storage.AbstractStorage save
INFO: &amp#27;[32mSave fe2049dd-419a-425f-bb3b-aae0f5faaabd(uuid8879)
сент. 19, 2025 6:42:49 PM webapp.storage.AbstractStorage save
INFO: &amp#27;[32mSave 375abcc7-c415-4397-a423-cb0daf778666(uuid8880)
сент. 19, 2025 6:42:49 PM webapp.storage.AbstractStorage save
INFO: &amp#27;[32mSave f277ac12-f136-47de-8e2d-e4b3619d928d(uuid8881)
сент. 19, 2025 6:42:49 PM webapp.storage.AbstractStorage save
INFO: &amp#27;[32mSave 6346b46d-fa0e-421f-a1f7-045f5fd8f939(uuid8882)
сент. 19, 2025 6:42:49 PM webapp.storage.AbstractStorage save
INFO: &amp#27;[32mSave fd1be930-9ac9-42a9-97b7-2f40d4795405(uuid8883)
сент. 19, 2025 6:42:49 PM webapp.storage.AbstractStorage save
INFO: &amp#27;[32mSave 5c401de7-499d-4881-920e-d4198b9ff7a4(uuid8884)
сент. 19, 2025 6:42:49 PM webapp.storage.AbstractStorage save
INFO: &amp#27;[32mSave de498055-c406-4e82-b7f7-1f7ef7a5b1cb(uuid8885)
сент. 19, 2025 6:42:49 PM webapp.storage.AbstractStorage save
INFO: &amp#27;[32mSave 810b491e-5187-4351-90e0-3d1cfa632fb3(uuid8886)
сент. 19, 2025 6:42:49 PM webapp.storage.AbstractStorage save
INFO: &amp#27;[32mSave 24a03c7d-1ce4-4530-8aaf-897e361984fa(uuid8887)
сент. 19, 2025 6:42:49 PM webapp.storage.AbstractStorage save
INFO: &amp#27;[32mSave df19b127-d16d-4a98-9b59-6695a53f300c(uuid8888)
сент. 19, 2025 6:42:49 PM webapp.storage.AbstractStorage save
INFO: &amp#27;[32mSave cd514008-2060-493f-bee4-7f11d1ee661b(uuid8889)
сент. 19, 2025 6:42:49 PM webapp.storage.AbstractStorage save
INFO: &amp#27;[32mSave f1465223-604e-47ef-bc43-83e9c223962a(uuid8890)
сент. 19, 2025 6:42:49 PM webapp.storage.AbstractStorage save
INFO: &amp#27;[32mSave 2d279c5f-ed13-4029-b027-461782c70d73(uuid8891)
сент. 19, 2025 6:42:49 PM webapp.storage.AbstractStorage save
INFO: &amp#27;[32mSave 76d3918b-e898-4163-9f89-047397713e9f(uuid8892)
сент. 19, 2025 6:42:49 PM webapp.storage.AbstractStorage save
INFO: &amp#27;[32mSave 619f65d6-4f68-4bd4-87e1-5cdbd5a90bd9(uuid8893)
сент. 19, 2025 6:42:49 PM webapp.storage.AbstractStorage save
INFO: &amp#27;[32mSave b30a8a30-1a03-443b-bb31-5d1320710da8(uuid8894)
сент. 19, 2025 6:42:49 PM webapp.storage.AbstractStorage save
INFO: &amp#27;[32mSave 89c84b2e-c4c4-4944-885d-14489ebce80b(uuid8895)
сент. 19, 2025 6:42:49 PM webapp.storage.AbstractStorage save
INFO: &amp#27;[32mSave 3336e754-1c02-4a9f-a23a-fcd529c2e39f(uuid8896)
сент. 19, 2025 6:42:49 PM webapp.storage.AbstractStorage save
INFO: &amp#27;[32mSave 549afeb2-acf8-4fe0-95cd-33258d12220d(uuid8897)
сент. 19, 2025 6:42:49 PM webapp.storage.AbstractStorage save
INFO: &amp#27;[32mSave c3835e9d-5441-418b-90e2-5f1454ead7bb(uuid8898)
сент. 19, 2025 6:42:49 PM webapp.storage.AbstractStorage save
INFO: &amp#27;[32mSave e7022be4-a12d-4174-800e-654e8034995c(uuid8899)
сент. 19, 2025 6:42:49 PM webapp.storage.AbstractStorage save
INFO: &amp#27;[32mSave 1e90f545-6010-4255-b67c-ee0cb069e023(uuid8900)
сент. 19, 2025 6:42:49 PM webapp.storage.AbstractStorage save
INFO: &amp#27;[32mSave 27447c4a-2fec-4c4c-8872-98a23417f84e(uuid8901)
сент. 19, 2025 6:42:49 PM webapp.storage.AbstractStorage save
INFO: &amp#27;[32mSave 1cda5ee4-fe03-4ef9-9bbd-45e4bc96b033(uuid8902)
сент. 19, 2025 6:42:49 PM webapp.storage.AbstractStorage save
INFO: &amp#27;[32mSave 7f88d604-07ca-4123-a9a5-e9a3eb2faeb4(uuid8903)
сент. 19, 2025 6:42:49 PM webapp.storage.AbstractStorage save
INFO: &amp#27;[32mSave 8c9283de-4939-4281-8f65-b22b3f395fd9(uuid8904)
сент. 19, 2025 6:42:49 PM webapp.storage.AbstractStorage save
INFO: &amp#27;[32mSave e32a5ec9-86e1-43b7-aae6-ea9f06d69226(uuid8905)
сент. 19, 2025 6:42:49 PM webapp.storage.AbstractStorage save
INFO: &amp#27;[32mSave f57ca386-1a3b-426b-9f01-bf69bb0bbc98(uuid8906)
сент. 19, 2025 6:42:49 PM webapp.storage.AbstractStorage save
INFO: &amp#27;[32mSave fb0961e5-a72a-4480-bba5-3782f5a3a73b(uuid8907)
сент. 19, 2025 6:42:49 PM webapp.storage.AbstractStorage save
INFO: &amp#27;[32mSave 1555c7c5-ca17-4e4e-936e-b5a9cc858135(uuid8908)
сент. 19, 2025 6:42:49 PM webapp.storage.AbstractStorage save
INFO: &amp#27;[32mSave dba42402-ff09-4379-9d5e-b5d8dc51e643(uuid8909)
сент. 19, 2025 6:42:49 PM webapp.storage.AbstractStorage save
INFO: &amp#27;[32mSave 28a860c3-24e6-4312-8cd7-f09008b341c6(uuid8910)
сент. 19, 2025 6:42:49 PM webapp.storage.AbstractStorage save
INFO: &amp#27;[32mSave d1ef6cbf-0b33-45bc-b807-635e0ea06199(uuid8911)
сент. 19, 2025 6:42:49 PM webapp.storage.AbstractStorage save
INFO: &amp#27;[32mSave 6a8a516d-ce61-45af-a275-670461a5aba4(uuid8912)
сент. 19, 2025 6:42:49 PM webapp.storage.AbstractStorage save
INFO: &amp#27;[32mSave f744a2e0-b9d2-4133-ad7b-090226dd1055(uuid8913)
сент. 19, 2025 6:42:49 PM webapp.storage.AbstractStorage save
INFO: &amp#27;[32mSave 6e9793c5-d25d-4bd1-bee3-8828fea69dd2(uuid8914)
сент. 19, 2025 6:42:49 PM webapp.storage.AbstractStorage save
INFO: &amp#27;[32mSave 57e42834-1362-4726-93cb-1270b5521d14(uuid8915)
сент. 19, 2025 6:42:49 PM webapp.storage.AbstractStorage save
INFO: &amp#27;[32mSave cd55f20d-133d-4ed5-889e-3467f4e80840(uuid8916)
сент. 19, 2025 6:42:49 PM webapp.storage.AbstractStorage save
INFO: &amp#27;[32mSave ad1a6c83-9058-4265-81a9-1029ff776c2c(uuid8917)
сент. 19, 2025 6:42:49 PM webapp.storage.AbstractStorage save
INFO: &amp#27;[32mSave ff00489c-820d-447e-ba9c-78724375cc4b(uuid8918)
сент. 19, 2025 6:42:49 PM webapp.storage.AbstractStorage save
INFO: &amp#27;[32mSave b78d5928-0b95-4bac-8cd4-aff261d93240(uuid8919)
сент. 19, 2025 6:42:49 PM webapp.storage.AbstractStorage save
INFO: &amp#27;[32mSave 390497d9-6666-4887-b7be-2383cc191db5(uuid8920)
сент. 19, 2025 6:42:49 PM webapp.storage.AbstractStorage save
INFO: &amp#27;[32mSave 5ff4fd58-870b-472f-9fac-e9871a33bbd9(uuid8921)
сент. 19, 2025 6:42:49 PM webapp.storage.AbstractStorage save
INFO: &amp#27;[32mSave ebc845b7-c657-440f-be6e-4677f4f8380a(uuid8922)
сент. 19, 2025 6:42:49 PM webapp.storage.AbstractStorage save
INFO: &amp#27;[32mSave 0cc11c49-a4e9-4f7e-bb6c-26e2c0254f6b(uuid8923)
сент. 19, 2025 6:42:49 PM webapp.storage.AbstractStorage save
INFO: &amp#27;[32mSave 80a3b938-f2c9-4887-84e4-b091380f8c55(uuid8924)
сент. 19, 2025 6:42:49 PM webapp.storage.AbstractStorage save
INFO: &amp#27;[32mSave af3c10c4-e964-4f11-998e-8cec3f1de836(uuid8925)
сент. 19, 2025 6:42:49 PM webapp.storage.AbstractStorage save
INFO: &amp#27;[32mSave cc6aeafa-8f15-4e47-9ba8-82bcc759f66c(uuid8926)
сент. 19, 2025 6:42:49 PM webapp.storage.AbstractStorage save
INFO: &amp#27;[32mSave a97a42a4-7541-4b2a-ad6b-45443eb6fc17(uuid8927)
сент. 19, 2025 6:42:49 PM webapp.storage.AbstractStorage save
INFO: &amp#27;[32mSave a3baca0f-b6c6-484a-9d3e-2d0fc98b71cc(uuid8928)
сент. 19, 2025 6:42:49 PM webapp.storage.AbstractStorage save
INFO: &amp#27;[32mSave 91a7f66a-d370-46f2-9c33-3f2b52df6186(uuid8929)
сент. 19, 2025 6:42:49 PM webapp.storage.AbstractStorage save
INFO: &amp#27;[32mSave d5818248-fc9b-4dfc-9b09-deb501a060ba(uuid8930)
сент. 19, 2025 6:42:49 PM webapp.storage.AbstractStorage save
INFO: &amp#27;[32mSave c9df309c-2729-4fb3-af45-80dd15a9f51a(uuid8931)
сент. 19, 2025 6:42:49 PM webapp.storage.AbstractStorage save
INFO: &amp#27;[32mSave 89a7cb39-7a49-41a5-82fc-77ea431e60f2(uuid8932)
сент. 19, 2025 6:42:49 PM webapp.storage.AbstractStorage save
INFO: &amp#27;[32mSave 425bc101-621f-47c7-9d25-5e67b3b539f6(uuid8933)
сент. 19, 2025 6:42:49 PM webapp.storage.AbstractStorage save
INFO: &amp#27;[32mSave 715e0466-8c57-450f-9e9a-93b190c1d886(uuid8934)
сент. 19, 2025 6:42:49 PM webapp.storage.AbstractStorage save
INFO: &amp#27;[32mSave 5d34a4aa-8dfc-4265-8083-5ec7c98a06c1(uuid8935)
сент. 19, 2025 6:42:49 PM webapp.storage.AbstractStorage save
INFO: &amp#27;[32mSave 79bf58b0-7dae-48b5-a291-cc2616b0392f(uuid8936)
сент. 19, 2025 6:42:49 PM webapp.storage.AbstractStorage save
INFO: &amp#27;[32mSave ce47e3b3-ec65-4c11-af7f-dd41431272a4(uuid8937)
сент. 19, 2025 6:42:49 PM webapp.storage.AbstractStorage save
INFO: &amp#27;[32mSave 16356a6b-fdb1-4520-b2cf-5146069a510c(uuid8938)
сент. 19, 2025 6:42:49 PM webapp.storage.AbstractStorage save
INFO: &amp#27;[32mSave 573d5b15-754e-462f-8a98-c2fa1be329af(uuid8939)
сент. 19, 2025 6:42:49 PM webapp.storage.AbstractStorage save
INFO: &amp#27;[32mSave 91a5a554-b455-431d-b169-7c8a8fac4547(uuid8940)
сент. 19, 2025 6:42:49 PM webapp.storage.AbstractStorage save
INFO: &amp#27;[32mSave 58614d1b-c87f-49f6-8873-55f5b1659732(uuid8941)
сент. 19, 2025 6:42:49 PM webapp.storage.AbstractStorage save
INFO: &amp#27;[32mSave 86317c37-c3b7-49e4-af6c-0b52f2d050a0(uuid8942)
сент. 19, 2025 6:42:49 PM webapp.storage.AbstractStorage save
INFO: &amp#27;[32mSave 51248008-e02a-47bc-bbea-0afd0e6f4892(uuid8943)
сент. 19, 2025 6:42:49 PM webapp.storage.AbstractStorage save
INFO: &amp#27;[32mSave 28d260a9-1845-4555-9edf-40f91b4b11d8(uuid8944)
сент. 19, 2025 6:42:49 PM webapp.storage.AbstractStorage save
INFO: &amp#27;[32mSave f19f82bd-6268-4b55-9750-f1ec57d1284b(uuid8945)
сент. 19, 2025 6:42:49 PM webapp.storage.AbstractStorage save
INFO: &amp#27;[32mSave c71b58a4-8a2c-4dd7-a5df-a7b9340974a2(uuid8946)
сент. 19, 2025 6:42:49 PM webapp.storage.AbstractStorage save
INFO: &amp#27;[32mSave 8ca55700-bc95-4da0-bb72-538f69bb15cb(uuid8947)
сент. 19, 2025 6:42:49 PM webapp.storage.AbstractStorage save
INFO: &amp#27;[32mSave 6389ed83-8bcb-45f0-953b-df5b6beccd76(uuid8948)
сент. 19, 2025 6:42:49 PM webapp.storage.AbstractStorage save
INFO: &amp#27;[32mSave caaef75c-4640-4b74-b2a9-0acabfc0ac71(uuid8949)
сент. 19, 2025 6:42:49 PM webapp.storage.AbstractStorage save
INFO: &amp#27;[32mSave 9276f14e-e88e-447d-8042-3ca2bbedc69c(uuid8950)
сент. 19, 2025 6:42:49 PM webapp.storage.AbstractStorage save
INFO: &amp#27;[32mSave 6cf0f7b2-15ee-45af-b063-0e12b02fedcb(uuid8951)
сент. 19, 2025 6:42:49 PM webapp.storage.AbstractStorage save
INFO: &amp#27;[32mSave 78a7055c-9f0b-4537-ad6d-c08d9c055a1a(uuid8952)
сент. 19, 2025 6:42:49 PM webapp.storage.AbstractStorage save
INFO: &amp#27;[32mSave 157fde77-547a-4e77-a1a4-575c0dba7d8e(uuid8953)
сент. 19, 2025 6:42:49 PM webapp.storage.AbstractStorage save
INFO: &amp#27;[32mSave cc32cb05-810b-4cc2-af26-5d939d5e0ff2(uuid8954)
сент. 19, 2025 6:42:49 PM webapp.storage.AbstractStorage save
INFO: &amp#27;[32mSave 0a82ee92-2df2-47e9-b1dc-7a47fc2c677d(uuid8955)
сент. 19, 2025 6:42:49 PM webapp.storage.AbstractStorage save
INFO: &amp#27;[32mSave d3d599b8-1ad0-40de-855e-eb0bc9c9945e(uuid8956)
сент. 19, 2025 6:42:49 PM webapp.storage.AbstractStorage save
INFO: &amp#27;[32mSave 04f928e6-7c1c-47ea-ae31-c1778a4ad834(uuid8957)
сент. 19, 2025 6:42:49 PM webapp.storage.AbstractStorage save
INFO: &amp#27;[32mSave d5611e18-517d-4d43-a25c-e3193d001c4b(uuid8958)
сент. 19, 2025 6:42:49 PM webapp.storage.AbstractStorage save
INFO: &amp#27;[32mSave ef93ca44-840a-4bd1-a169-86c310ceab32(uuid8959)
сент. 19, 2025 6:42:49 PM webapp.storage.AbstractStorage save
INFO: &amp#27;[32mSave ac3475c6-a380-42d1-b1aa-9191d426ac92(uuid8960)
сент. 19, 2025 6:42:49 PM webapp.storage.AbstractStorage save
INFO: &amp#27;[32mSave ba110396-f9e7-45c9-8708-62a9952e754d(uuid8961)
сент. 19, 2025 6:42:49 PM webapp.storage.AbstractStorage save
INFO: &amp#27;[32mSave 3883adc1-7329-4723-b4ac-5eb48f19c48a(uuid8962)
сент. 19, 2025 6:42:49 PM webapp.storage.AbstractStorage save
INFO: &amp#27;[32mSave 0ca28849-4d3b-4f4c-b3f2-d9716c689e84(uuid8963)
сент. 19, 2025 6:42:49 PM webapp.storage.AbstractStorage save
INFO: &amp#27;[32mSave c5c22d8f-ce25-4725-b1f8-85325f2371c8(uuid8964)
сент. 19, 2025 6:42:49 PM webapp.storage.AbstractStorage save
INFO: &amp#27;[32mSave 31c3a6fc-706d-4974-9f0f-9160126b582f(uuid8965)
сент. 19, 2025 6:42:49 PM webapp.storage.AbstractStorage save
INFO: &amp#27;[32mSave 935665d6-9e25-41a7-8679-4774dec6c54e(uuid8966)
сент. 19, 2025 6:42:49 PM webapp.storage.AbstractStorage save
INFO: &amp#27;[32mSave 795fd640-fa8c-4369-b08a-0a9d91bdc5ed(uuid8967)
сент. 19, 2025 6:42:49 PM webapp.storage.AbstractStorage save
INFO: &amp#27;[32mSave 1840a5ef-fa3b-4b83-97b1-15bab1e528b9(uuid8968)
сент. 19, 2025 6:42:49 PM webapp.storage.AbstractStorage save
INFO: &amp#27;[32mSave 81c66a73-16fc-4041-9ffb-d6ed924c5f76(uuid8969)
сент. 19, 2025 6:42:49 PM webapp.storage.AbstractStorage save
INFO: &amp#27;[32mSave 83f21879-378f-4e9a-854b-f139d53dcdac(uuid8970)
сент. 19, 2025 6:42:49 PM webapp.storage.AbstractStorage save
INFO: &amp#27;[32mSave 11506739-f4c6-4762-b661-3eb6fe42fc67(uuid8971)
сент. 19, 2025 6:42:49 PM webapp.storage.AbstractStorage save
INFO: &amp#27;[32mSave 87b2d5b2-bcb3-4ff5-9577-3a6e548c2211(uuid8972)
сент. 19, 2025 6:42:49 PM webapp.storage.AbstractStorage save
INFO: &amp#27;[32mSave 364e7ad7-7b4f-4846-95f2-659c74227dab(uuid8973)
сент. 19, 2025 6:42:49 PM webapp.storage.AbstractStorage save
INFO: &amp#27;[32mSave 082b86ec-e9a6-44dd-83ef-2fabf4286afa(uuid8974)
сент. 19, 2025 6:42:49 PM webapp.storage.AbstractStorage save
INFO: &amp#27;[32mSave 84888996-1984-4947-9b14-71d2ae63a3ae(uuid8975)
сент. 19, 2025 6:42:49 PM webapp.storage.AbstractStorage save
INFO: &amp#27;[32mSave 62d0392c-5b07-4fdb-8d96-3f90cfd15fa9(uuid8976)
сент. 19, 2025 6:42:49 PM webapp.storage.AbstractStorage save
INFO: &amp#27;[32mSave bc146c3d-5701-457e-936b-7b3445d579c4(uuid8977)
сент. 19, 2025 6:42:49 PM webapp.storage.AbstractStorage save
INFO: &amp#27;[32mSave 46d94b54-d3d7-4611-af12-508a3942a9d6(uuid8978)
сент. 19, 2025 6:42:49 PM webapp.storage.AbstractStorage save
INFO: &amp#27;[32mSave e5bba204-e87a-4be4-938a-4d4b75bebb37(uuid8979)
сент. 19, 2025 6:42:49 PM webapp.storage.AbstractStorage save
INFO: &amp#27;[32mSave 11642f07-9d23-4112-8b4c-32254e24f3b1(uuid8980)
сент. 19, 2025 6:42:49 PM webapp.storage.AbstractStorage save
INFO: &amp#27;[32mSave a47c6b3f-cec7-4fb1-a9b5-1adeab2c25ed(uuid8981)
сент. 19, 2025 6:42:49 PM webapp.storage.AbstractStorage save
INFO: &amp#27;[32mSave d2fde43c-9c23-466b-a3ef-545f82a3d568(uuid8982)
сент. 19, 2025 6:42:49 PM webapp.storage.AbstractStorage save
INFO: &amp#27;[32mSave 5626f8de-8ed6-4047-aa43-e0777915a032(uuid8983)
сент. 19, 2025 6:42:49 PM webapp.storage.AbstractStorage save
INFO: &amp#27;[32mSave 0d63e4e9-9335-452e-a943-4e6279e19e9a(uuid8984)
сент. 19, 2025 6:42:49 PM webapp.storage.AbstractStorage save
INFO: &amp#27;[32mSave a307275e-b396-4d8a-b6bc-0afcc6998cbb(uuid8985)
сент. 19, 2025 6:42:49 PM webapp.storage.AbstractStorage save
INFO: &amp#27;[32mSave 8ddbeb52-9118-4d08-93ff-70d419cd8208(uuid8986)
сент. 19, 2025 6:42:49 PM webapp.storage.AbstractStorage save
INFO: &amp#27;[32mSave 801c77f0-8610-477e-bbe7-4bd40365c8cd(uuid8987)
сент. 19, 2025 6:42:49 PM webapp.storage.AbstractStorage save
INFO: &amp#27;[32mSave e3db2bf9-1dcf-41ad-ab40-811d0f91b481(uuid8988)
сент. 19, 2025 6:42:49 PM webapp.storage.AbstractStorage save
INFO: &amp#27;[32mSave 1e8d6ec3-a902-49ea-8aed-14d6cd7a5e03(uuid8989)
сент. 19, 2025 6:42:49 PM webapp.storage.AbstractStorage save
INFO: &amp#27;[32mSave e0dca4b7-908d-4350-bd31-744005e4e088(uuid8990)
сент. 19, 2025 6:42:49 PM webapp.storage.AbstractStorage save
INFO: &amp#27;[32mSave 0aa0fe9c-f476-4da0-9960-1cd497f3dd72(uuid8991)
сент. 19, 2025 6:42:49 PM webapp.storage.AbstractStorage save
INFO: &amp#27;[32mSave 6183b0b6-5473-4031-9ad6-6e1ef1b441e2(uuid8992)
сент. 19, 2025 6:42:49 PM webapp.storage.AbstractStorage save
INFO: &amp#27;[32mSave fc2634d1-78ae-49ef-bccf-7675f5b695d2(uuid8993)
сент. 19, 2025 6:42:49 PM webapp.storage.AbstractStorage save
INFO: &amp#27;[32mSave 68b811ee-db3c-4c0c-b483-1dfefabb0ac0(uuid8994)
сент. 19, 2025 6:42:49 PM webapp.storage.AbstractStorage save
INFO: &amp#27;[32mSave 56846dbb-8baa-4048-a236-1318b3ad56fd(uuid8995)
сент. 19, 2025 6:42:49 PM webapp.storage.AbstractStorage save
INFO: &amp#27;[32mSave 448a78b4-f3a7-4230-86ed-ce0c6cdf4c65(uuid8996)
сент. 19, 2025 6:42:49 PM webapp.storage.AbstractStorage save
INFO: &amp#27;[32mSave 841b6896-79b6-48b9-a990-488faca8c2df(uuid8997)
сент. 19, 2025 6:42:49 PM webapp.storage.AbstractStorage save
INFO: &amp#27;[32mSave 0bc205ed-8d63-45c3-bb68-3e4c70aef6d0(uuid8998)
сент. 19, 2025 6:42:49 PM webapp.storage.AbstractStorage save
INFO: &amp#27;[32mSave 9ceea3b0-8001-4a00-bcce-434ba42adba4(uuid8999)
сент. 19, 2025 6:42:49 PM webapp.storage.AbstractStorage save
INFO: &amp#27;[32mSave 32082ee3-56cd-4775-bd36-f7fc29ed79b9(uuid9000)
сент. 19, 2025 6:42:49 PM webapp.storage.AbstractStorage save
INFO: &amp#27;[32mSave d817ffc5-9a24-4c68-b175-df99eb949559(uuid9001)
сент. 19, 2025 6:42:49 PM webapp.storage.AbstractStorage save
INFO: &amp#27;[32mSave b07111d2-548a-4b3c-b637-441a53a9b1d4(uuid9002)
сент. 19, 2025 6:42:49 PM webapp.storage.AbstractStorage save
INFO: &amp#27;[32mSave 4a531a78-0499-4c52-ba5e-5f17e302cd0a(uuid9003)
сент. 19, 2025 6:42:49 PM webapp.storage.AbstractStorage save
INFO: &amp#27;[32mSave 190358b1-7c8f-42e1-afa3-f260f2861462(uuid9004)
сент. 19, 2025 6:42:49 PM webapp.storage.AbstractStorage save
INFO: &amp#27;[32mSave e6f1e948-8f04-4951-b808-ef04e5f024af(uuid9005)
сент. 19, 2025 6:42:49 PM webapp.storage.AbstractStorage save
INFO: &amp#27;[32mSave f6dbde90-7168-45f6-a0c7-ad54284ad38a(uuid9006)
сент. 19, 2025 6:42:49 PM webapp.storage.AbstractStorage save
INFO: &amp#27;[32mSave c91e33f8-26a7-4680-8394-ec7af289d28e(uuid9007)
сент. 19, 2025 6:42:49 PM webapp.storage.AbstractStorage save
INFO: &amp#27;[32mSave d93a4ed8-b4e4-449a-b444-85c32f8b828b(uuid9008)
сент. 19, 2025 6:42:49 PM webapp.storage.AbstractStorage save
INFO: &amp#27;[32mSave 15ed7dcd-c75a-41ca-9a95-70ff455a44c3(uuid9009)
сент. 19, 2025 6:42:49 PM webapp.storage.AbstractStorage save
INFO: &amp#27;[32mSave 06fda744-d7e5-41ed-aaa3-ee053ff87ca8(uuid9010)
сент. 19, 2025 6:42:49 PM webapp.storage.AbstractStorage save
INFO: &amp#27;[32mSave cc695bf0-89c3-480d-84a4-cf07ee7e5a73(uuid9011)
сент. 19, 2025 6:42:49 PM webapp.storage.AbstractStorage save
INFO: &amp#27;[32mSave e52fe740-0000-42bf-af82-f7283c413dec(uuid9012)
сент. 19, 2025 6:42:49 PM webapp.storage.AbstractStorage save
INFO: &amp#27;[32mSave 34945fc4-b818-43cc-8389-e0fd44b3218f(uuid9013)
сент. 19, 2025 6:42:49 PM webapp.storage.AbstractStorage save
INFO: &amp#27;[32mSave acf69f81-707e-4c96-b90b-fa1effb68123(uuid9014)
сент. 19, 2025 6:42:49 PM webapp.storage.AbstractStorage save
INFO: &amp#27;[32mSave ab4ebfc8-88af-4786-a4e1-1a4513a7f958(uuid9015)
сент. 19, 2025 6:42:49 PM webapp.storage.AbstractStorage save
INFO: &amp#27;[32mSave 198ef4e9-10f7-4480-8bc0-e7051352bfbb(uuid9016)
сент. 19, 2025 6:42:49 PM webapp.storage.AbstractStorage save
INFO: &amp#27;[32mSave d320fb6a-5699-495f-804e-8d2c03cd533a(uuid9017)
сент. 19, 2025 6:42:49 PM webapp.storage.AbstractStorage save
INFO: &amp#27;[32mSave 846e2231-4fcb-4c8b-81d3-70ef58357448(uuid9018)
сент. 19, 2025 6:42:49 PM webapp.storage.AbstractStorage save
INFO: &amp#27;[32mSave 1964ed0b-e9a2-443e-8844-ce63685a81a6(uuid9019)
сент. 19, 2025 6:42:49 PM webapp.storage.AbstractStorage save
INFO: &amp#27;[32mSave 0495ae3c-779e-4410-bfbd-48c51d738f15(uuid9020)
сент. 19, 2025 6:42:49 PM webapp.storage.AbstractStorage save
INFO: &amp#27;[32mSave 6b29b843-c954-48ce-a7a4-5064ac84ee71(uuid9021)
сент. 19, 2025 6:42:49 PM webapp.storage.AbstractStorage save
INFO: &amp#27;[32mSave d030c378-2071-4f19-9510-565ceb7ee132(uuid9022)
сент. 19, 2025 6:42:49 PM webapp.storage.AbstractStorage save
INFO: &amp#27;[32mSave d0047bd8-5f8f-47c8-b51f-7ad7c341a199(uuid9023)
сент. 19, 2025 6:42:49 PM webapp.storage.AbstractStorage save
INFO: &amp#27;[32mSave 6fe57eb6-0b8a-4add-b909-be45642f4b23(uuid9024)
сент. 19, 2025 6:42:49 PM webapp.storage.AbstractStorage save
INFO: &amp#27;[32mSave e24db40b-7187-4981-80a1-a96b9695020c(uuid9025)
сент. 19, 2025 6:42:49 PM webapp.storage.AbstractStorage save
INFO: &amp#27;[32mSave 619d5247-59f4-4f77-9a65-6698d36b20d5(uuid9026)
сент. 19, 2025 6:42:49 PM webapp.storage.AbstractStorage save
INFO: &amp#27;[32mSave 030c228d-3410-4064-9e41-8610979f1d74(uuid9027)
сент. 19, 2025 6:42:49 PM webapp.storage.AbstractStorage save
INFO: &amp#27;[32mSave e87f51e8-5279-4b69-95a9-d06427726e7a(uuid9028)
сент. 19, 2025 6:42:49 PM webapp.storage.AbstractStorage save
INFO: &amp#27;[32mSave 3998dd27-26b0-4a6b-9811-db1611f5a472(uuid9029)
сент. 19, 2025 6:42:49 PM webapp.storage.AbstractStorage save
INFO: &amp#27;[32mSave 988ea099-c65a-4516-9435-cfc7b3fc9d92(uuid9030)
сент. 19, 2025 6:42:49 PM webapp.storage.AbstractStorage save
INFO: &amp#27;[32mSave 50763cd7-28ba-4d82-83f8-f85766998a9e(uuid9031)
сент. 19, 2025 6:42:49 PM webapp.storage.AbstractStorage save
INFO: &amp#27;[32mSave 90c0fd6e-bbfd-44ff-87f3-b1626051cd1c(uuid9032)
сент. 19, 2025 6:42:49 PM webapp.storage.AbstractStorage save
INFO: &amp#27;[32mSave a09f46b9-30ea-4e33-bdbf-4ec7197fdba3(uuid9033)
сент. 19, 2025 6:42:49 PM webapp.storage.AbstractStorage save
INFO: &amp#27;[32mSave 22b26bc3-e099-4232-8164-8534b0c720ce(uuid9034)
сент. 19, 2025 6:42:49 PM webapp.storage.AbstractStorage save
INFO: &amp#27;[32mSave 282cbd37-d293-4875-85ba-b840a5e2cb47(uuid9035)
сент. 19, 2025 6:42:49 PM webapp.storage.AbstractStorage save
INFO: &amp#27;[32mSave 0fe08576-b1cd-42bd-912b-2f63ab7acea7(uuid9036)
сент. 19, 2025 6:42:49 PM webapp.storage.AbstractStorage save
INFO: &amp#27;[32mSave 3490bcde-5557-43c6-a4aa-0bd36c6ae2e5(uuid9037)
сент. 19, 2025 6:42:49 PM webapp.storage.AbstractStorage save
INFO: &amp#27;[32mSave a9e33132-9ab6-40ff-b1bb-f7d7e8c9799c(uuid9038)
сент. 19, 2025 6:42:49 PM webapp.storage.AbstractStorage save
INFO: &amp#27;[32mSave 991cdcc5-87d6-4e2a-81d6-747addddf52c(uuid9039)
сент. 19, 2025 6:42:49 PM webapp.storage.AbstractStorage save
INFO: &amp#27;[32mSave 50c4eff5-e5a4-42da-92bb-3427a71b83ed(uuid9040)
сент. 19, 2025 6:42:49 PM webapp.storage.AbstractStorage save
INFO: &amp#27;[32mSave 9e8ab185-eef5-4226-8bb2-6d1dce037a99(uuid9041)
сент. 19, 2025 6:42:49 PM webapp.storage.AbstractStorage save
INFO: &amp#27;[32mSave c2c6c635-6a22-40b8-9eee-b6674b5942be(uuid9042)
сент. 19, 2025 6:42:49 PM webapp.storage.AbstractStorage save
INFO: &amp#27;[32mSave 5348b707-4482-4b8e-964b-b8d261484634(uuid9043)
сент. 19, 2025 6:42:49 PM webapp.storage.AbstractStorage save
INFO: &amp#27;[32mSave d5577e86-bbc6-46cd-8a71-4f03d30a97ff(uuid9044)
сент. 19, 2025 6:42:49 PM webapp.storage.AbstractStorage save
INFO: &amp#27;[32mSave b096ad2c-3481-4eb0-9459-4fc0b07159fd(uuid9045)
сент. 19, 2025 6:42:49 PM webapp.storage.AbstractStorage save
INFO: &amp#27;[32mSave 8aee26c3-cd03-4d05-94a9-40a17d2cddbb(uuid9046)
сент. 19, 2025 6:42:49 PM webapp.storage.AbstractStorage save
INFO: &amp#27;[32mSave 641755b3-15c8-4527-9ae1-6ae568b80c24(uuid9047)
сент. 19, 2025 6:42:49 PM webapp.storage.AbstractStorage save
INFO: &amp#27;[32mSave b6810bff-0581-4de5-b321-071bd1c7fd18(uuid9048)
сент. 19, 2025 6:42:49 PM webapp.storage.AbstractStorage save
INFO: &amp#27;[32mSave c89fc47b-59dd-4c08-bd4e-c7ca6452fb3e(uuid9049)
сент. 19, 2025 6:42:49 PM webapp.storage.AbstractStorage save
INFO: &amp#27;[32mSave c46c371d-46a7-4f35-a292-838226904e33(uuid9050)
сент. 19, 2025 6:42:49 PM webapp.storage.AbstractStorage save
INFO: &amp#27;[32mSave 86b15315-70f2-4d4b-b339-22310975612b(uuid9051)
сент. 19, 2025 6:42:49 PM webapp.storage.AbstractStorage save
INFO: &amp#27;[32mSave 641c7142-8882-4fd6-8765-af029953eaae(uuid9052)
сент. 19, 2025 6:42:49 PM webapp.storage.AbstractStorage save
INFO: &amp#27;[32mSave 32422dc2-0536-4d20-b92f-53547044d50b(uuid9053)
сент. 19, 2025 6:42:49 PM webapp.storage.AbstractStorage save
INFO: &amp#27;[32mSave 5c88ce37-d9f2-43f0-9f30-8b6a6ea214bc(uuid9054)
сент. 19, 2025 6:42:49 PM webapp.storage.AbstractStorage save
INFO: &amp#27;[32mSave 0b678870-318c-430a-98bd-d8bc477b8485(uuid9055)
сент. 19, 2025 6:42:49 PM webapp.storage.AbstractStorage save
INFO: &amp#27;[32mSave 083063bd-692f-4ae8-bae9-f1f891594d49(uuid9056)
сент. 19, 2025 6:42:49 PM webapp.storage.AbstractStorage save
INFO: &amp#27;[32mSave b54bee1e-c53f-44b0-a080-08e161e32e94(uuid9057)
сент. 19, 2025 6:42:49 PM webapp.storage.AbstractStorage save
INFO: &amp#27;[32mSave 3d3e13c9-bca9-4e92-94bb-ee5de2775af9(uuid9058)
сент. 19, 2025 6:42:49 PM webapp.storage.AbstractStorage save
INFO: &amp#27;[32mSave 225e13ea-adaa-4730-89df-fd27dae5e5ab(uuid9059)
сент. 19, 2025 6:42:49 PM webapp.storage.AbstractStorage save
INFO: &amp#27;[32mSave 9d37c3c1-5f22-4c90-be9a-c500f3551c78(uuid9060)
сент. 19, 2025 6:42:49 PM webapp.storage.AbstractStorage save
INFO: &amp#27;[32mSave f299dc4b-67a3-4767-93b7-1e01956d621f(uuid9061)
сент. 19, 2025 6:42:49 PM webapp.storage.AbstractStorage save
INFO: &amp#27;[32mSave 04401178-9315-4cbb-8fb2-d4f92d5e0274(uuid9062)
сент. 19, 2025 6:42:49 PM webapp.storage.AbstractStorage save
INFO: &amp#27;[32mSave e217f152-2be2-4c4d-8ac4-ee28eb0a5945(uuid9063)
сент. 19, 2025 6:42:49 PM webapp.storage.AbstractStorage save
INFO: &amp#27;[32mSave d5ed8008-a24a-4aa1-9390-4edff186de50(uuid9064)
сент. 19, 2025 6:42:49 PM webapp.storage.AbstractStorage save
INFO: &amp#27;[32mSave 077798ac-70ed-4629-8bf7-041144ea7cc2(uuid9065)
сент. 19, 2025 6:42:49 PM webapp.storage.AbstractStorage save
INFO: &amp#27;[32mSave 6c95a6f4-efd3-40f6-be9e-f013ac8d8359(uuid9066)
сент. 19, 2025 6:42:49 PM webapp.storage.AbstractStorage save
INFO: &amp#27;[32mSave ef125e6c-a139-4d21-9836-8a664c866288(uuid9067)
сент. 19, 2025 6:42:49 PM webapp.storage.AbstractStorage save
INFO: &amp#27;[32mSave 14c52586-60f0-4396-b271-6fbada5531cf(uuid9068)
сент. 19, 2025 6:42:49 PM webapp.storage.AbstractStorage save
INFO: &amp#27;[32mSave d0b640ce-e77d-41f6-aaa1-fdd6ea8d7c6d(uuid9069)
сент. 19, 2025 6:42:49 PM webapp.storage.AbstractStorage save
INFO: &amp#27;[32mSave 7de118d5-2295-45a6-8ec9-dd0b40268c6c(uuid9070)
сент. 19, 2025 6:42:49 PM webapp.storage.AbstractStorage save
INFO: &amp#27;[32mSave f191fb4b-74f1-4c48-aa02-5460ca9bef11(uuid9071)
сент. 19, 2025 6:42:49 PM webapp.storage.AbstractStorage save
INFO: &amp#27;[32mSave f1dd4fc3-43cc-48b8-906a-72c0c1bcfcd1(uuid9072)
сент. 19, 2025 6:42:49 PM webapp.storage.AbstractStorage save
INFO: &amp#27;[32mSave d3e234ed-341a-4611-80cf-44f20cbc20d2(uuid9073)
сент. 19, 2025 6:42:49 PM webapp.storage.AbstractStorage save
INFO: &amp#27;[32mSave b5e05892-b34f-41a4-820e-539056557534(uuid9074)
сент. 19, 2025 6:42:49 PM webapp.storage.AbstractStorage save
INFO: &amp#27;[32mSave 5fbc4ce3-ea80-453b-8c1b-29a174d24be6(uuid9075)
сент. 19, 2025 6:42:49 PM webapp.storage.AbstractStorage save
INFO: &amp#27;[32mSave a71a7e2a-aa02-4a4a-94ea-3554742d947e(uuid9076)
сент. 19, 2025 6:42:49 PM webapp.storage.AbstractStorage save
INFO: &amp#27;[32mSave 1168e097-5ed9-4358-98aa-6a4a5e0a64fc(uuid9077)
сент. 19, 2025 6:42:49 PM webapp.storage.AbstractStorage save
INFO: &amp#27;[32mSave 0b334bb9-edc6-457b-a2a9-ace1f3e5bdfa(uuid9078)
сент. 19, 2025 6:42:49 PM webapp.storage.AbstractStorage save
INFO: &amp#27;[32mSave 3e0e338c-7b79-4fea-a856-bcceca5c832f(uuid9079)
сент. 19, 2025 6:42:49 PM webapp.storage.AbstractStorage save
INFO: &amp#27;[32mSave 4b58363d-8f06-4a4c-955e-c6eee7d6a22d(uuid9080)
сент. 19, 2025 6:42:49 PM webapp.storage.AbstractStorage save
INFO: &amp#27;[32mSave 36a6f9c1-fc43-40a6-a52b-f4caf729a073(uuid9081)
сент. 19, 2025 6:42:49 PM webapp.storage.AbstractStorage save
INFO: &amp#27;[32mSave c6e31746-b142-4139-9942-d41bdb54f99b(uuid9082)
сент. 19, 2025 6:42:49 PM webapp.storage.AbstractStorage save
INFO: &amp#27;[32mSave 6bda7d4d-cb34-44d5-8b79-03e89d6c7d5f(uuid9083)
сент. 19, 2025 6:42:49 PM webapp.storage.AbstractStorage save
INFO: &amp#27;[32mSave 5dddef63-bd76-4713-8f94-b623045b3605(uuid9084)
сент. 19, 2025 6:42:49 PM webapp.storage.AbstractStorage save
INFO: &amp#27;[32mSave d24dd63e-e205-4201-91dc-876ef12f357c(uuid9085)
сент. 19, 2025 6:42:49 PM webapp.storage.AbstractStorage save
INFO: &amp#27;[32mSave 841e7f6f-f030-44ed-ae07-5f8d0dd5a527(uuid9086)
сент. 19, 2025 6:42:49 PM webapp.storage.AbstractStorage save
INFO: &amp#27;[32mSave f7f0c379-c59f-4066-875b-7841b8fb03ef(uuid9087)
сент. 19, 2025 6:42:49 PM webapp.storage.AbstractStorage save
INFO: &amp#27;[32mSave ce200844-31dc-4f25-bfa5-cd140af9dcc0(uuid9088)
сент. 19, 2025 6:42:49 PM webapp.storage.AbstractStorage save
INFO: &amp#27;[32mSave bf0c4b2f-8a0b-4054-b421-d55c411fab26(uuid9089)
сент. 19, 2025 6:42:49 PM webapp.storage.AbstractStorage save
INFO: &amp#27;[32mSave 6ace4235-09ad-4f0b-8380-3884b556046d(uuid9090)
сент. 19, 2025 6:42:49 PM webapp.storage.AbstractStorage save
INFO: &amp#27;[32mSave a49dd861-ce24-4532-9fce-71039cc9c371(uuid9091)
сент. 19, 2025 6:42:49 PM webapp.storage.AbstractStorage save
INFO: &amp#27;[32mSave 1c5df722-ba6f-4cdb-a317-4af96dbdf595(uuid9092)
сент. 19, 2025 6:42:49 PM webapp.storage.AbstractStorage save
INFO: &amp#27;[32mSave 6f4973b6-295d-4b13-bb7c-0927439e0d33(uuid9093)
сент. 19, 2025 6:42:49 PM webapp.storage.AbstractStorage save
INFO: &amp#27;[32mSave 9e37bc9f-66ed-441b-86e3-2c21734a0f22(uuid9094)
сент. 19, 2025 6:42:49 PM webapp.storage.AbstractStorage save
INFO: &amp#27;[32mSave a916e19b-6727-4845-a52c-8847587d26c2(uuid9095)
сент. 19, 2025 6:42:49 PM webapp.storage.AbstractStorage save
INFO: &amp#27;[32mSave 4604f863-5cf6-45dd-afe7-00613e2f01b3(uuid9096)
сент. 19, 2025 6:42:49 PM webapp.storage.AbstractStorage save
INFO: &amp#27;[32mSave 35f5c84c-df7e-423e-9fa3-7e991a734ff4(uuid9097)
сент. 19, 2025 6:42:49 PM webapp.storage.AbstractStorage save
INFO: &amp#27;[32mSave 0861c026-b35a-42ea-98e7-809fbc23c092(uuid9098)
сент. 19, 2025 6:42:49 PM webapp.storage.AbstractStorage save
INFO: &amp#27;[32mSave e5772784-13e9-4ade-b448-6f7c223cec2b(uuid9099)
сент. 19, 2025 6:42:49 PM webapp.storage.AbstractStorage save
INFO: &amp#27;[32mSave 534532af-5862-427b-a4f0-7ffe64ea2f30(uuid9100)
сент. 19, 2025 6:42:49 PM webapp.storage.AbstractStorage save
INFO: &amp#27;[32mSave 909395cb-d2a8-4bb1-bada-fcab77124828(uuid9101)
сент. 19, 2025 6:42:49 PM webapp.storage.AbstractStorage save
INFO: &amp#27;[32mSave 8dfb968d-82dd-45ef-be34-dda8470d7b47(uuid9102)
сент. 19, 2025 6:42:49 PM webapp.storage.AbstractStorage save
INFO: &amp#27;[32mSave c4f196e1-d68f-4753-9b86-ff7059c8ff1b(uuid9103)
сент. 19, 2025 6:42:49 PM webapp.storage.AbstractStorage save
INFO: &amp#27;[32mSave 3b8c486f-685c-4a30-abab-a9e44bd839d4(uuid9104)
сент. 19, 2025 6:42:49 PM webapp.storage.AbstractStorage save
INFO: &amp#27;[32mSave 1bf4891b-3f85-4dd5-98ed-987003081690(uuid9105)
сент. 19, 2025 6:42:49 PM webapp.storage.AbstractStorage save
INFO: &amp#27;[32mSave 26499c09-cc0b-41a2-98fa-27b4eff5e10c(uuid9106)
сент. 19, 2025 6:42:49 PM webapp.storage.AbstractStorage save
INFO: &amp#27;[32mSave 0cfd3438-c060-4af2-9936-2d8a66f26766(uuid9107)
сент. 19, 2025 6:42:49 PM webapp.storage.AbstractStorage save
INFO: &amp#27;[32mSave ff4fcc91-5d2c-4605-aca9-136dda895ff0(uuid9108)
сент. 19, 2025 6:42:49 PM webapp.storage.AbstractStorage save
INFO: &amp#27;[32mSave 08806320-6a31-481b-aa81-112daabd658d(uuid9109)
сент. 19, 2025 6:42:49 PM webapp.storage.AbstractStorage save
INFO: &amp#27;[32mSave 3a9f14f9-52da-4e21-b02e-b91dd36e5085(uuid9110)
сент. 19, 2025 6:42:49 PM webapp.storage.AbstractStorage save
INFO: &amp#27;[32mSave 4968b4b2-2925-43ef-8012-0819993912ad(uuid9111)
сент. 19, 2025 6:42:49 PM webapp.storage.AbstractStorage save
INFO: &amp#27;[32mSave b362ded0-0790-4508-9795-1b6daad9e4eb(uuid9112)
сент. 19, 2025 6:42:49 PM webapp.storage.AbstractStorage save
INFO: &amp#27;[32mSave 0da4a0f4-f890-4c2d-a495-2e5f75ec7a5a(uuid9113)
сент. 19, 2025 6:42:49 PM webapp.storage.AbstractStorage save
INFO: &amp#27;[32mSave 7596311c-8b1f-45a4-ba76-b616a1b0d100(uuid9114)
сент. 19, 2025 6:42:49 PM webapp.storage.AbstractStorage save
INFO: &amp#27;[32mSave 5a3b562a-9df5-4b07-931c-d5412269101b(uuid9115)
сент. 19, 2025 6:42:49 PM webapp.storage.AbstractStorage save
INFO: &amp#27;[32mSave db39d06c-1b20-4c04-9ee4-c076b8863883(uuid9116)
сент. 19, 2025 6:42:49 PM webapp.storage.AbstractStorage save
INFO: &amp#27;[32mSave 6182ae9e-460d-43c8-8da1-c539018b7431(uuid9117)
сент. 19, 2025 6:42:49 PM webapp.storage.AbstractStorage save
INFO: &amp#27;[32mSave 79089716-f30d-4473-a75c-9b951bc4e8fe(uuid9118)
сент. 19, 2025 6:42:49 PM webapp.storage.AbstractStorage save
INFO: &amp#27;[32mSave f49c90f7-e25e-44d2-b7ea-70669fa5a45e(uuid9119)
сент. 19, 2025 6:42:49 PM webapp.storage.AbstractStorage save
INFO: &amp#27;[32mSave 5f20dc51-970e-47cf-9428-a6a59d257a78(uuid9120)
сент. 19, 2025 6:42:49 PM webapp.storage.AbstractStorage save
INFO: &amp#27;[32mSave 74bade71-4b97-44ea-9713-97b2a014ece0(uuid9121)
сент. 19, 2025 6:42:49 PM webapp.storage.AbstractStorage save
INFO: &amp#27;[32mSave 091ec3e3-d9ee-44d9-a79a-f96377e7a9a1(uuid9122)
сент. 19, 2025 6:42:49 PM webapp.storage.AbstractStorage save
INFO: &amp#27;[32mSave 1ca430c7-5f70-4229-b194-41c034a79e04(uuid9123)
сент. 19, 2025 6:42:49 PM webapp.storage.AbstractStorage save
INFO: &amp#27;[32mSave 36b05377-aaf3-48d1-a2af-318ac79c90d3(uuid9124)
сент. 19, 2025 6:42:49 PM webapp.storage.AbstractStorage save
INFO: &amp#27;[32mSave e9f0166f-1d5f-4555-944a-9ce5f8cff7ee(uuid9125)
сент. 19, 2025 6:42:49 PM webapp.storage.AbstractStorage save
INFO: &amp#27;[32mSave 39a1229e-5260-4976-92c3-027d53b545c7(uuid9126)
сент. 19, 2025 6:42:49 PM webapp.storage.AbstractStorage save
INFO: &amp#27;[32mSave 68cce8f0-1faf-475c-8b15-99e752b852bf(uuid9127)
сент. 19, 2025 6:42:49 PM webapp.storage.AbstractStorage save
INFO: &amp#27;[32mSave ea3a8810-53c1-44fe-a740-41a44eea32ab(uuid9128)
сент. 19, 2025 6:42:49 PM webapp.storage.AbstractStorage save
INFO: &amp#27;[32mSave 2a57a811-820c-4cd5-bbfb-fa02788d582b(uuid9129)
сент. 19, 2025 6:42:49 PM webapp.storage.AbstractStorage save
INFO: &amp#27;[32mSave 9d017dfc-5959-481b-828c-afd05a9f4202(uuid9130)
сент. 19, 2025 6:42:49 PM webapp.storage.AbstractStorage save
INFO: &amp#27;[32mSave abc189f3-b78b-4ec3-b2a1-691bd9d92d05(uuid9131)
сент. 19, 2025 6:42:49 PM webapp.storage.AbstractStorage save
INFO: &amp#27;[32mSave 50969041-dac3-4128-abac-3873a459ba49(uuid9132)
сент. 19, 2025 6:42:49 PM webapp.storage.AbstractStorage save
INFO: &amp#27;[32mSave d9f251ef-96c5-4578-80a9-3431de79a91a(uuid9133)
сент. 19, 2025 6:42:49 PM webapp.storage.AbstractStorage save
INFO: &amp#27;[32mSave 17272cf5-fc1e-40ed-b049-caea586c6d78(uuid9134)
сент. 19, 2025 6:42:49 PM webapp.storage.AbstractStorage save
INFO: &amp#27;[32mSave 044048fc-7097-4dd3-854c-6d45dc4bf351(uuid9135)
сент. 19, 2025 6:42:49 PM webapp.storage.AbstractStorage save
INFO: &amp#27;[32mSave 699d82f1-d978-4c21-97cb-d18fd67fb37a(uuid9136)
сент. 19, 2025 6:42:49 PM webapp.storage.AbstractStorage save
INFO: &amp#27;[32mSave e9da2e5c-6d6c-4c3e-8704-83da40001b78(uuid9137)
сент. 19, 2025 6:42:49 PM webapp.storage.AbstractStorage save
INFO: &amp#27;[32mSave 1ffade64-d507-4c10-93bf-46782174a346(uuid9138)
сент. 19, 2025 6:42:49 PM webapp.storage.AbstractStorage save
INFO: &amp#27;[32mSave 93d38641-bdc7-47f4-b174-7516932d3f28(uuid9139)
сент. 19, 2025 6:42:49 PM webapp.storage.AbstractStorage save
INFO: &amp#27;[32mSave db063994-22d5-4940-9eac-daa187c392af(uuid9140)
сент. 19, 2025 6:42:49 PM webapp.storage.AbstractStorage save
INFO: &amp#27;[32mSave 673ec689-82a0-4b1c-8783-dbbaf0b72911(uuid9141)
сент. 19, 2025 6:42:49 PM webapp.storage.AbstractStorage save
INFO: &amp#27;[32mSave 3bde2335-2731-4525-a939-19d2ce399290(uuid9142)
сент. 19, 2025 6:42:49 PM webapp.storage.AbstractStorage save
INFO: &amp#27;[32mSave 6bdee8c9-4759-458c-909f-e137a6ba7c67(uuid9143)
сент. 19, 2025 6:42:49 PM webapp.storage.AbstractStorage save
INFO: &amp#27;[32mSave e8fde13c-5c6e-41b3-ab81-cf528b3df6d6(uuid9144)
сент. 19, 2025 6:42:49 PM webapp.storage.AbstractStorage save
INFO: &amp#27;[32mSave 3544487d-719e-4818-81a5-717d13a3d8e1(uuid9145)
сент. 19, 2025 6:42:49 PM webapp.storage.AbstractStorage save
INFO: &amp#27;[32mSave ddd4ce7b-86be-40e7-869d-f696ad3d3929(uuid9146)
сент. 19, 2025 6:42:49 PM webapp.storage.AbstractStorage save
INFO: &amp#27;[32mSave 2d63a594-283c-4626-ae5c-e90d55f34b17(uuid9147)
сент. 19, 2025 6:42:49 PM webapp.storage.AbstractStorage save
INFO: &amp#27;[32mSave f1a2c195-6bb0-425b-8017-527c2540dd2e(uuid9148)
сент. 19, 2025 6:42:49 PM webapp.storage.AbstractStorage save
INFO: &amp#27;[32mSave 8bf9c822-7e14-4381-84e1-0858dc97f0c7(uuid9149)
сент. 19, 2025 6:42:49 PM webapp.storage.AbstractStorage save
INFO: &amp#27;[32mSave c1597859-4bdd-4f0a-880f-dcba307f2e48(uuid9150)
сент. 19, 2025 6:42:49 PM webapp.storage.AbstractStorage save
INFO: &amp#27;[32mSave 4e133386-798a-4d91-9189-b0d1effc1daa(uuid9151)
сент. 19, 2025 6:42:49 PM webapp.storage.AbstractStorage save
INFO: &amp#27;[32mSave 152cf9c4-b817-4bc0-be61-4cd84f9f1711(uuid9152)
сент. 19, 2025 6:42:49 PM webapp.storage.AbstractStorage save
INFO: &amp#27;[32mSave ca77e55d-0c75-48bb-a15c-89a9afddbddf(uuid9153)
сент. 19, 2025 6:42:49 PM webapp.storage.AbstractStorage save
INFO: &amp#27;[32mSave a3dc0e1b-f428-44f7-961f-fb8ad2f49dbd(uuid9154)
сент. 19, 2025 6:42:49 PM webapp.storage.AbstractStorage save
INFO: &amp#27;[32mSave d868fae4-df94-4e52-8bc2-7214e7234b8b(uuid9155)
сент. 19, 2025 6:42:49 PM webapp.storage.AbstractStorage save
INFO: &amp#27;[32mSave eba4f3ec-e1e7-4394-9907-eb76482d7e1b(uuid9156)
сент. 19, 2025 6:42:49 PM webapp.storage.AbstractStorage save
INFO: &amp#27;[32mSave 16c3a1a6-91a7-4e47-bf59-99cc032a5440(uuid9157)
сент. 19, 2025 6:42:49 PM webapp.storage.AbstractStorage save
INFO: &amp#27;[32mSave c01f2a00-e5cb-4fb2-a07d-1b776a45bbd2(uuid9158)
сент. 19, 2025 6:42:49 PM webapp.storage.AbstractStorage save
INFO: &amp#27;[32mSave d02a5625-9d56-45c4-a4c6-699ee4475f66(uuid9159)
сент. 19, 2025 6:42:49 PM webapp.storage.AbstractStorage save
INFO: &amp#27;[32mSave a282610c-1b58-4c65-935e-728132187e0a(uuid9160)
сент. 19, 2025 6:42:49 PM webapp.storage.AbstractStorage save
INFO: &amp#27;[32mSave 5932b55a-0bcc-4a04-84b9-f1772fb818c1(uuid9161)
сент. 19, 2025 6:42:49 PM webapp.storage.AbstractStorage save
INFO: &amp#27;[32mSave 10907cde-e707-4a70-8c29-1ef5d0848645(uuid9162)
сент. 19, 2025 6:42:49 PM webapp.storage.AbstractStorage save
INFO: &amp#27;[32mSave 2c718d6b-b6e8-4eb7-8d55-9112d411dadb(uuid9163)
сент. 19, 2025 6:42:49 PM webapp.storage.AbstractStorage save
INFO: &amp#27;[32mSave bc260004-8e2a-47f7-bc32-b84dc2ae44f5(uuid9164)
сент. 19, 2025 6:42:49 PM webapp.storage.AbstractStorage save
INFO: &amp#27;[32mSave 689ea85b-203b-4015-a77c-a79f124cb495(uuid9165)
сент. 19, 2025 6:42:49 PM webapp.storage.AbstractStorage save
INFO: &amp#27;[32mSave 2f8a0d1c-64ba-4974-af3c-e137b47bb582(uuid9166)
сент. 19, 2025 6:42:49 PM webapp.storage.AbstractStorage save
INFO: &amp#27;[32mSave 072a9699-154d-4fcf-93b4-2ad51dd9aa3b(uuid9167)
сент. 19, 2025 6:42:49 PM webapp.storage.AbstractStorage save
INFO: &amp#27;[32mSave 7946dd95-1e82-4aa2-b4da-8622db0d5901(uuid9168)
сент. 19, 2025 6:42:49 PM webapp.storage.AbstractStorage save
INFO: &amp#27;[32mSave dceb5c1a-0c9b-4afc-9abf-62a0e6350cb6(uuid9169)
сент. 19, 2025 6:42:49 PM webapp.storage.AbstractStorage save
INFO: &amp#27;[32mSave 24f0f020-b4c9-4276-bb64-2c3536c2464b(uuid9170)
сент. 19, 2025 6:42:49 PM webapp.storage.AbstractStorage save
INFO: &amp#27;[32mSave d79b2864-4d46-4774-be17-44b12b151407(uuid9171)
сент. 19, 2025 6:42:49 PM webapp.storage.AbstractStorage save
INFO: &amp#27;[32mSave 16bce940-b0b7-453e-b6b4-0879a3c21641(uuid9172)
сент. 19, 2025 6:42:49 PM webapp.storage.AbstractStorage save
INFO: &amp#27;[32mSave 735e2252-4eca-4a68-8aa9-c9049f7dbab7(uuid9173)
сент. 19, 2025 6:42:49 PM webapp.storage.AbstractStorage save
INFO: &amp#27;[32mSave added8a9-799f-4998-a32e-371ccb5459e6(uuid9174)
сент. 19, 2025 6:42:49 PM webapp.storage.AbstractStorage save
INFO: &amp#27;[32mSave 60358608-5636-4ea3-9bec-9f82ca53747a(uuid9175)
сент. 19, 2025 6:42:49 PM webapp.storage.AbstractStorage save
INFO: &amp#27;[32mSave 7c8bf6b4-1030-4fab-abfb-5e071cac5cd7(uuid9176)
сент. 19, 2025 6:42:49 PM webapp.storage.AbstractStorage save
INFO: &amp#27;[32mSave 9740225e-899a-41c4-b9b0-0ef83f4d904f(uuid9177)
сент. 19, 2025 6:42:49 PM webapp.storage.AbstractStorage save
INFO: &amp#27;[32mSave b2096609-93fb-4b79-9c18-eb844a8e33ea(uuid9178)
сент. 19, 2025 6:42:49 PM webapp.storage.AbstractStorage save
INFO: &amp#27;[32mSave 380e4fa7-8eca-44b3-a159-ef723f0a6a62(uuid9179)
сент. 19, 2025 6:42:49 PM webapp.storage.AbstractStorage save
INFO: &amp#27;[32mSave af360206-e1e0-4129-b3b8-5f6f89ba963f(uuid9180)
сент. 19, 2025 6:42:49 PM webapp.storage.AbstractStorage save
INFO: &amp#27;[32mSave d21ba4fd-a5a9-435f-b81e-f592d772d85b(uuid9181)
сент. 19, 2025 6:42:49 PM webapp.storage.AbstractStorage save
INFO: &amp#27;[32mSave 1279c66e-de2f-45bb-9cc7-c9b79c9c7ac2(uuid9182)
сент. 19, 2025 6:42:49 PM webapp.storage.AbstractStorage save
INFO: &amp#27;[32mSave f2fccf40-fb97-4b93-ae56-c9329d327a67(uuid9183)
сент. 19, 2025 6:42:49 PM webapp.storage.AbstractStorage save
INFO: &amp#27;[32mSave b76c331a-315e-4ec4-87e0-41ec77ea19b9(uuid9184)
сент. 19, 2025 6:42:49 PM webapp.storage.AbstractStorage save
INFO: &amp#27;[32mSave 6209b96a-987d-4ea3-9028-92db6a2a1286(uuid9185)
сент. 19, 2025 6:42:49 PM webapp.storage.AbstractStorage save
INFO: &amp#27;[32mSave 5ccbe67e-c380-4b81-a55a-f37ae50dba41(uuid9186)
сент. 19, 2025 6:42:49 PM webapp.storage.AbstractStorage save
INFO: &amp#27;[32mSave c6081f9a-a3c6-412f-a47c-1a5e777b0118(uuid9187)
сент. 19, 2025 6:42:49 PM webapp.storage.AbstractStorage save
INFO: &amp#27;[32mSave 7494f1e5-f821-4373-99e1-d18d2a131a17(uuid9188)
сент. 19, 2025 6:42:49 PM webapp.storage.AbstractStorage save
INFO: &amp#27;[32mSave 4ee552f2-81cc-44a2-b0d2-eb91c420111f(uuid9189)
сент. 19, 2025 6:42:49 PM webapp.storage.AbstractStorage save
INFO: &amp#27;[32mSave ea5317f6-94c4-4846-96c8-87c63f4da3d2(uuid9190)
сент. 19, 2025 6:42:49 PM webapp.storage.AbstractStorage save
INFO: &amp#27;[32mSave 9b342bc6-7a0b-432b-91c4-e8476ee283f4(uuid9191)
сент. 19, 2025 6:42:49 PM webapp.storage.AbstractStorage save
INFO: &amp#27;[32mSave 3660c87f-faf5-442c-9e4b-b891a1ac915b(uuid9192)
сент. 19, 2025 6:42:49 PM webapp.storage.AbstractStorage save
INFO: &amp#27;[32mSave fa83415d-f8bc-4da6-9f86-566145ba0f12(uuid9193)
сент. 19, 2025 6:42:49 PM webapp.storage.AbstractStorage save
INFO: &amp#27;[32mSave 916c3aab-7212-4ef7-877f-9f40c53505da(uuid9194)
сент. 19, 2025 6:42:49 PM webapp.storage.AbstractStorage save
INFO: &amp#27;[32mSave 117ddb94-bd6f-4390-83ea-46b00d8bd8f5(uuid9195)
сент. 19, 2025 6:42:49 PM webapp.storage.AbstractStorage save
INFO: &amp#27;[32mSave 6e21ac96-7f94-4ec9-b0d7-556d7555affc(uuid9196)
сент. 19, 2025 6:42:49 PM webapp.storage.AbstractStorage save
INFO: &amp#27;[32mSave 92be33de-7993-4a31-aa8e-7c86a5995941(uuid9197)
сент. 19, 2025 6:42:49 PM webapp.storage.AbstractStorage save
INFO: &amp#27;[32mSave a442091c-fbbe-445b-8175-62d37666f3a2(uuid9198)
сент. 19, 2025 6:42:49 PM webapp.storage.AbstractStorage save
INFO: &amp#27;[32mSave c75cbb11-72e0-4123-aea3-25f5655147a4(uuid9199)
сент. 19, 2025 6:42:49 PM webapp.storage.AbstractStorage save
INFO: &amp#27;[32mSave b655eb03-2188-4c18-8ee5-3564d2ebb800(uuid9200)
сент. 19, 2025 6:42:49 PM webapp.storage.AbstractStorage save
INFO: &amp#27;[32mSave bd4a98ae-7a25-4c72-8831-29fbe20f2b1c(uuid9201)
сент. 19, 2025 6:42:49 PM webapp.storage.AbstractStorage save
INFO: &amp#27;[32mSave 5263651b-8003-4a02-9d67-19846c2f5a7b(uuid9202)
сент. 19, 2025 6:42:49 PM webapp.storage.AbstractStorage save
INFO: &amp#27;[32mSave 087e4bbf-d6d2-4f03-984f-666dd7925946(uuid9203)
сент. 19, 2025 6:42:49 PM webapp.storage.AbstractStorage save
INFO: &amp#27;[32mSave 14a3c544-9551-4b9e-8ac9-318bb55cea3f(uuid9204)
сент. 19, 2025 6:42:49 PM webapp.storage.AbstractStorage save
INFO: &amp#27;[32mSave e66f3e3d-f9d1-45bb-af28-d7acf4fd91b9(uuid9205)
сент. 19, 2025 6:42:49 PM webapp.storage.AbstractStorage save
INFO: &amp#27;[32mSave 73d65107-0c2d-4097-aac2-c08d3128c897(uuid9206)
сент. 19, 2025 6:42:49 PM webapp.storage.AbstractStorage save
INFO: &amp#27;[32mSave e113067a-71ab-4d4e-a93e-5ff36e8201a5(uuid9207)
сент. 19, 2025 6:42:49 PM webapp.storage.AbstractStorage save
INFO: &amp#27;[32mSave 0ece5d44-0709-448c-91ca-b068936bcc37(uuid9208)
сент. 19, 2025 6:42:49 PM webapp.storage.AbstractStorage save
INFO: &amp#27;[32mSave bcccca44-b5db-4eca-90d0-1586dbe7141b(uuid9209)
сент. 19, 2025 6:42:49 PM webapp.storage.AbstractStorage save
INFO: &amp#27;[32mSave f029c6d6-d180-44a1-9767-070de8786418(uuid9210)
сент. 19, 2025 6:42:49 PM webapp.storage.AbstractStorage save
INFO: &amp#27;[32mSave 46769f4f-3229-4065-8048-24a1ebb2110a(uuid9211)
сент. 19, 2025 6:42:49 PM webapp.storage.AbstractStorage save
INFO: &amp#27;[32mSave 74d40d48-56eb-4881-8908-d68426425abe(uuid9212)
сент. 19, 2025 6:42:49 PM webapp.storage.AbstractStorage save
INFO: &amp#27;[32mSave ff422ec3-d82f-4d21-bc61-da15aafb8bc8(uuid9213)
сент. 19, 2025 6:42:49 PM webapp.storage.AbstractStorage save
INFO: &amp#27;[32mSave ddd6b07a-f91d-4e8c-ae97-2662cdcd7938(uuid9214)
сент. 19, 2025 6:42:49 PM webapp.storage.AbstractStorage save
INFO: &amp#27;[32mSave b07c63a9-0bf8-4aa8-8a21-a18b578bfb5f(uuid9215)
сент. 19, 2025 6:42:49 PM webapp.storage.AbstractStorage save
INFO: &amp#27;[32mSave b592b26b-4966-4fcb-b11f-28defe342305(uuid9216)
сент. 19, 2025 6:42:49 PM webapp.storage.AbstractStorage save
INFO: &amp#27;[32mSave a5d826f4-ebd3-4e31-83f6-f01fc5b4a251(uuid9217)
сент. 19, 2025 6:42:49 PM webapp.storage.AbstractStorage save
INFO: &amp#27;[32mSave 5638ac57-349d-4849-a4c6-3197d76e7e64(uuid9218)
сент. 19, 2025 6:42:49 PM webapp.storage.AbstractStorage save
INFO: &amp#27;[32mSave de7a7b53-a034-4435-9d2c-98c4d0ec90d9(uuid9219)
сент. 19, 2025 6:42:49 PM webapp.storage.AbstractStorage save
INFO: &amp#27;[32mSave fe402385-6f20-46b0-991f-86477a4d4239(uuid9220)
сент. 19, 2025 6:42:49 PM webapp.storage.AbstractStorage save
INFO: &amp#27;[32mSave 1594a9e9-639f-4474-9e6b-d54a1a0d5c87(uuid9221)
сент. 19, 2025 6:42:49 PM webapp.storage.AbstractStorage save
INFO: &amp#27;[32mSave d183ac65-fc09-4844-af5d-7f29d9613647(uuid9222)
сент. 19, 2025 6:42:49 PM webapp.storage.AbstractStorage save
INFO: &amp#27;[32mSave e92d8e53-3ab6-4f4f-9c81-1a954d9614d1(uuid9223)
сент. 19, 2025 6:42:49 PM webapp.storage.AbstractStorage save
INFO: &amp#27;[32mSave ef1dc2a5-a6e9-4e5b-8ee3-c358d03598ae(uuid9224)
сент. 19, 2025 6:42:49 PM webapp.storage.AbstractStorage save
INFO: &amp#27;[32mSave 7382c4b0-8819-4f32-bd87-da311107e875(uuid9225)
сент. 19, 2025 6:42:49 PM webapp.storage.AbstractStorage save
INFO: &amp#27;[32mSave 609cecd7-7654-45e4-99b0-29adcfcedf04(uuid9226)
сент. 19, 2025 6:42:49 PM webapp.storage.AbstractStorage save
INFO: &amp#27;[32mSave fcfe31d6-5e21-443c-8d2b-41cc63aec203(uuid9227)
сент. 19, 2025 6:42:49 PM webapp.storage.AbstractStorage save
INFO: &amp#27;[32mSave b9ad6397-401d-4aed-a0a5-0b4c2cc8f924(uuid9228)
сент. 19, 2025 6:42:49 PM webapp.storage.AbstractStorage save
INFO: &amp#27;[32mSave 37173eb5-8a7e-4234-8644-786f103ebdb4(uuid9229)
сент. 19, 2025 6:42:49 PM webapp.storage.AbstractStorage save
INFO: &amp#27;[32mSave 193bfe1c-f881-4066-9ab9-50df9e3ae977(uuid9230)
сент. 19, 2025 6:42:49 PM webapp.storage.AbstractStorage save
INFO: &amp#27;[32mSave 65d5c90c-de90-4c12-8865-0f997eb27023(uuid9231)
сент. 19, 2025 6:42:49 PM webapp.storage.AbstractStorage save
INFO: &amp#27;[32mSave 90b4cf37-c807-432a-90e5-1edb875e389b(uuid9232)
сент. 19, 2025 6:42:49 PM webapp.storage.AbstractStorage save
INFO: &amp#27;[32mSave abf3ae06-87f7-4fc1-a81f-9783203fc4d9(uuid9233)
сент. 19, 2025 6:42:49 PM webapp.storage.AbstractStorage save
INFO: &amp#27;[32mSave 8e9ae28e-5134-4395-ae56-8c5246c8ed9b(uuid9234)
сент. 19, 2025 6:42:49 PM webapp.storage.AbstractStorage save
INFO: &amp#27;[32mSave d3a784bc-7543-4b78-8221-925e5e03fb84(uuid9235)
сент. 19, 2025 6:42:49 PM webapp.storage.AbstractStorage save
INFO: &amp#27;[32mSave d4b63dfb-a561-441e-b352-4cf7beaa4287(uuid9236)
сент. 19, 2025 6:42:49 PM webapp.storage.AbstractStorage save
INFO: &amp#27;[32mSave d4ea80b5-f408-4eec-a5d4-85a5ae802e0d(uuid9237)
сент. 19, 2025 6:42:49 PM webapp.storage.AbstractStorage save
INFO: &amp#27;[32mSave 388a39ab-8575-474e-990b-aad3aa94f2cd(uuid9238)
сент. 19, 2025 6:42:49 PM webapp.storage.AbstractStorage save
INFO: &amp#27;[32mSave 4746bc67-a402-433b-8710-0563a612ab38(uuid9239)
сент. 19, 2025 6:42:49 PM webapp.storage.AbstractStorage save
INFO: &amp#27;[32mSave a4b967f4-ed31-41ce-8b4b-eab3bdb8d410(uuid9240)
сент. 19, 2025 6:42:49 PM webapp.storage.AbstractStorage save
INFO: &amp#27;[32mSave 9e45c75c-2738-49de-9152-b82f6187c390(uuid9241)
сент. 19, 2025 6:42:49 PM webapp.storage.AbstractStorage save
INFO: &amp#27;[32mSave b7a23390-7abd-41f0-806a-1fc5468d50e7(uuid9242)
сент. 19, 2025 6:42:49 PM webapp.storage.AbstractStorage save
INFO: &amp#27;[32mSave 4813d5a6-fdfc-424e-b021-a817fd371ee8(uuid9243)
сент. 19, 2025 6:42:49 PM webapp.storage.AbstractStorage save
INFO: &amp#27;[32mSave cb6651c7-485d-4978-87e5-9d3ba44d1a45(uuid9244)
сент. 19, 2025 6:42:49 PM webapp.storage.AbstractStorage save
INFO: &amp#27;[32mSave 32492d60-f081-4278-9506-c10d4cf989e6(uuid9245)
сент. 19, 2025 6:42:49 PM webapp.storage.AbstractStorage save
INFO: &amp#27;[32mSave ecd543d8-1204-44c2-84af-32e4c04a12ce(uuid9246)
сент. 19, 2025 6:42:49 PM webapp.storage.AbstractStorage save
INFO: &amp#27;[32mSave 78d42668-a144-466c-8f3a-f2fe033d86ca(uuid9247)
сент. 19, 2025 6:42:49 PM webapp.storage.AbstractStorage save
INFO: &amp#27;[32mSave 56b3d918-6d90-4e84-9e5d-365b08b99129(uuid9248)
сент. 19, 2025 6:42:49 PM webapp.storage.AbstractStorage save
INFO: &amp#27;[32mSave b7708ae4-f9c4-41b0-876a-39a761880cfc(uuid9249)
сент. 19, 2025 6:42:49 PM webapp.storage.AbstractStorage save
INFO: &amp#27;[32mSave 0f7cdc25-3cbc-4f9b-addd-e3d3c7f35d1b(uuid9250)
сент. 19, 2025 6:42:49 PM webapp.storage.AbstractStorage save
INFO: &amp#27;[32mSave 3d321251-0bc6-4f60-af3d-21d1773a16da(uuid9251)
сент. 19, 2025 6:42:49 PM webapp.storage.AbstractStorage save
INFO: &amp#27;[32mSave 457aa078-8d77-4540-9d94-09be7e926539(uuid9252)
сент. 19, 2025 6:42:49 PM webapp.storage.AbstractStorage save
INFO: &amp#27;[32mSave fb52b1bb-94c3-4c42-be33-8fa12de5b019(uuid9253)
сент. 19, 2025 6:42:49 PM webapp.storage.AbstractStorage save
INFO: &amp#27;[32mSave b5af55f9-93d5-4508-8e4a-58fa63e83823(uuid9254)
сент. 19, 2025 6:42:49 PM webapp.storage.AbstractStorage save
INFO: &amp#27;[32mSave 07648224-d12d-4414-a819-a5b6e59e04b6(uuid9255)
сент. 19, 2025 6:42:49 PM webapp.storage.AbstractStorage save
INFO: &amp#27;[32mSave a280ce26-4f9a-48f9-bbe2-e7fb72eadcd7(uuid9256)
сент. 19, 2025 6:42:49 PM webapp.storage.AbstractStorage save
INFO: &amp#27;[32mSave 697ebfa2-0c63-47c0-8480-cf508af96bd8(uuid9257)
сент. 19, 2025 6:42:49 PM webapp.storage.AbstractStorage save
INFO: &amp#27;[32mSave 88dfbf05-263b-49e0-b791-5fd8ebe9d686(uuid9258)
сент. 19, 2025 6:42:49 PM webapp.storage.AbstractStorage save
INFO: &amp#27;[32mSave c497d019-31de-474a-8655-20c8f9bb54a0(uuid9259)
сент. 19, 2025 6:42:49 PM webapp.storage.AbstractStorage save
INFO: &amp#27;[32mSave 6bdfda06-cd35-4495-abf1-c3a5cfd0b952(uuid9260)
сент. 19, 2025 6:42:49 PM webapp.storage.AbstractStorage save
INFO: &amp#27;[32mSave 9bd1e2f2-9f8a-4673-811a-56a95176da68(uuid9261)
сент. 19, 2025 6:42:49 PM webapp.storage.AbstractStorage save
INFO: &amp#27;[32mSave a7792045-cec1-4c3d-a0df-bb915960f5fc(uuid9262)
сент. 19, 2025 6:42:49 PM webapp.storage.AbstractStorage save
INFO: &amp#27;[32mSave 64b622c9-30ed-4e8a-8b85-edaec55ddd1f(uuid9263)
сент. 19, 2025 6:42:49 PM webapp.storage.AbstractStorage save
INFO: &amp#27;[32mSave d14f288b-0b9c-4b77-b76c-49b5491572b1(uuid9264)
сент. 19, 2025 6:42:49 PM webapp.storage.AbstractStorage save
INFO: &amp#27;[32mSave 286c7ca1-1275-472f-a5cd-d48ac9d21bfa(uuid9265)
сент. 19, 2025 6:42:49 PM webapp.storage.AbstractStorage save
INFO: &amp#27;[32mSave 49b94dc9-5bad-4593-8a13-2bc6399f341d(uuid9266)
сент. 19, 2025 6:42:49 PM webapp.storage.AbstractStorage save
INFO: &amp#27;[32mSave 62193f67-417b-4b55-a29a-bae92b7a99af(uuid9267)
сент. 19, 2025 6:42:49 PM webapp.storage.AbstractStorage save
INFO: &amp#27;[32mSave 2f219779-eb84-43c7-b2b9-da17cc453441(uuid9268)
сент. 19, 2025 6:42:49 PM webapp.storage.AbstractStorage save
INFO: &amp#27;[32mSave a83dbf79-c70d-46e1-9d60-c307c6a58533(uuid9269)
сент. 19, 2025 6:42:49 PM webapp.storage.AbstractStorage save
INFO: &amp#27;[32mSave f172b9dc-942f-4153-bda5-8b5bf88eab9a(uuid9270)
сент. 19, 2025 6:42:49 PM webapp.storage.AbstractStorage save
INFO: &amp#27;[32mSave 6e8ef652-6664-4f5e-8158-eefb3cd853b3(uuid9271)
сент. 19, 2025 6:42:49 PM webapp.storage.AbstractStorage save
INFO: &amp#27;[32mSave 7fbaecea-5357-4c3d-9b8d-e4fe11c89b51(uuid9272)
сент. 19, 2025 6:42:49 PM webapp.storage.AbstractStorage save
INFO: &amp#27;[32mSave 6c503c9e-7983-4b9e-bfc2-2e6803abeada(uuid9273)
сент. 19, 2025 6:42:49 PM webapp.storage.AbstractStorage save
INFO: &amp#27;[32mSave 387dc207-a81d-46a3-9a2a-fd4ea3a32c1f(uuid9274)
сент. 19, 2025 6:42:49 PM webapp.storage.AbstractStorage save
INFO: &amp#27;[32mSave cbaa10f5-e5a2-4018-ba71-28b9a2394a85(uuid9275)
сент. 19, 2025 6:42:49 PM webapp.storage.AbstractStorage save
INFO: &amp#27;[32mSave 0e8f768b-795c-4f34-9f3e-446483d2408b(uuid9276)
сент. 19, 2025 6:42:49 PM webapp.storage.AbstractStorage save
INFO: &amp#27;[32mSave d8997c01-3cbe-4b17-9ca7-bdfd868d2ae7(uuid9277)
сент. 19, 2025 6:42:49 PM webapp.storage.AbstractStorage save
INFO: &amp#27;[32mSave 72ee1d42-6e05-4751-a0ae-e84f7c5dd685(uuid9278)
сент. 19, 2025 6:42:49 PM webapp.storage.AbstractStorage save
INFO: &amp#27;[32mSave 0ff04288-8d08-4489-b1b7-cb5a234c14df(uuid9279)
сент. 19, 2025 6:42:49 PM webapp.storage.AbstractStorage save
INFO: &amp#27;[32mSave e15c2c5e-7991-4546-883c-c81288777fcf(uuid9280)
сент. 19, 2025 6:42:49 PM webapp.storage.AbstractStorage save
INFO: &amp#27;[32mSave 7385c459-e6f3-4494-8949-a76aa6077f00(uuid9281)
сент. 19, 2025 6:42:49 PM webapp.storage.AbstractStorage save
INFO: &amp#27;[32mSave 10e4749d-5fca-42a7-8f08-dbef1bdf0b5b(uuid9282)
сент. 19, 2025 6:42:49 PM webapp.storage.AbstractStorage save
INFO: &amp#27;[32mSave e369878f-232d-46a9-a955-c7c9b8c0e74b(uuid9283)
сент. 19, 2025 6:42:49 PM webapp.storage.AbstractStorage save
INFO: &amp#27;[32mSave 51b6d35d-4699-43d5-96e7-d8ad9288d087(uuid9284)
сент. 19, 2025 6:42:49 PM webapp.storage.AbstractStorage save
INFO: &amp#27;[32mSave b2231f6f-a112-49db-8d46-668abbb6a872(uuid9285)
сент. 19, 2025 6:42:49 PM webapp.storage.AbstractStorage save
INFO: &amp#27;[32mSave 3cfe4d5d-e289-4aa1-9bde-418ce39f0ac2(uuid9286)
сент. 19, 2025 6:42:49 PM webapp.storage.AbstractStorage save
INFO: &amp#27;[32mSave 45180eed-d83b-4e1a-afa7-1a036ec40530(uuid9287)
сент. 19, 2025 6:42:49 PM webapp.storage.AbstractStorage save
INFO: &amp#27;[32mSave 04567855-b120-46d0-bcaf-f913803ef233(uuid9288)
сент. 19, 2025 6:42:49 PM webapp.storage.AbstractStorage save
INFO: &amp#27;[32mSave 1a8072df-848f-4d16-9fc0-a08f257e6b21(uuid9289)
сент. 19, 2025 6:42:49 PM webapp.storage.AbstractStorage save
INFO: &amp#27;[32mSave 22e4a19b-1faa-44bd-8c9f-476bfedbc67d(uuid9290)
сент. 19, 2025 6:42:49 PM webapp.storage.AbstractStorage save
INFO: &amp#27;[32mSave 2632cbd9-5713-4fb6-a9b7-4d195c76aa65(uuid9291)
сент. 19, 2025 6:42:49 PM webapp.storage.AbstractStorage save
INFO: &amp#27;[32mSave 6afb965c-2976-4d79-a695-69cefb1d0a98(uuid9292)
сент. 19, 2025 6:42:49 PM webapp.storage.AbstractStorage save
INFO: &amp#27;[32mSave 5764a7ac-f9e5-471c-95dc-cd8e2702c5e0(uuid9293)
сент. 19, 2025 6:42:49 PM webapp.storage.AbstractStorage save
INFO: &amp#27;[32mSave d701181d-68bf-4b8e-90aa-12a23c4255ee(uuid9294)
сент. 19, 2025 6:42:49 PM webapp.storage.AbstractStorage save
INFO: &amp#27;[32mSave ac99028b-30ea-4162-aab9-524bc4ca6059(uuid9295)
сент. 19, 2025 6:42:49 PM webapp.storage.AbstractStorage save
INFO: &amp#27;[32mSave 2dc36fda-d206-41a7-89fe-dc746b927983(uuid9296)
сент. 19, 2025 6:42:49 PM webapp.storage.AbstractStorage save
INFO: &amp#27;[32mSave c74789f2-04d2-4379-9869-66e7624079a5(uuid9297)
сент. 19, 2025 6:42:49 PM webapp.storage.AbstractStorage save
INFO: &amp#27;[32mSave f3863900-4076-464f-8815-453b19b53ed2(uuid9298)
сент. 19, 2025 6:42:49 PM webapp.storage.AbstractStorage save
INFO: &amp#27;[32mSave 44af4dfe-eb36-41db-a757-fac9b2d10b03(uuid9299)
сент. 19, 2025 6:42:49 PM webapp.storage.AbstractStorage save
INFO: &amp#27;[32mSave 7089e9d7-4535-4e9d-918a-9b8c463a7661(uuid9300)
сент. 19, 2025 6:42:49 PM webapp.storage.AbstractStorage save
INFO: &amp#27;[32mSave 42fa7a4f-3548-42fe-ae02-abdbca871b59(uuid9301)
сент. 19, 2025 6:42:49 PM webapp.storage.AbstractStorage save
INFO: &amp#27;[32mSave 345b5934-2d0c-4d78-a462-df30330012ae(uuid9302)
сент. 19, 2025 6:42:49 PM webapp.storage.AbstractStorage save
INFO: &amp#27;[32mSave cdef83df-393e-4966-8e63-6d98c26793a3(uuid9303)
сент. 19, 2025 6:42:49 PM webapp.storage.AbstractStorage save
INFO: &amp#27;[32mSave b9618fc1-56f2-4d47-9300-c95bdebaec8d(uuid9304)
сент. 19, 2025 6:42:49 PM webapp.storage.AbstractStorage save
INFO: &amp#27;[32mSave ccfc8576-d553-42a9-9b64-9238b47f01d6(uuid9305)
сент. 19, 2025 6:42:49 PM webapp.storage.AbstractStorage save
INFO: &amp#27;[32mSave 501e85ed-f759-4cba-b59e-19f83aa3b1ec(uuid9306)
сент. 19, 2025 6:42:49 PM webapp.storage.AbstractStorage save
INFO: &amp#27;[32mSave a5226158-53fa-4891-ae27-9c4e0d93dd4e(uuid9307)
сент. 19, 2025 6:42:49 PM webapp.storage.AbstractStorage save
INFO: &amp#27;[32mSave 88ced231-2557-4445-a97d-78a217fda578(uuid9308)
сент. 19, 2025 6:42:49 PM webapp.storage.AbstractStorage save
INFO: &amp#27;[32mSave 13a54710-ec19-4249-8311-c5aab3972bdf(uuid9309)
сент. 19, 2025 6:42:49 PM webapp.storage.AbstractStorage save
INFO: &amp#27;[32mSave 3793b346-d86f-4681-943d-5b25597007c0(uuid9310)
сент. 19, 2025 6:42:49 PM webapp.storage.AbstractStorage save
INFO: &amp#27;[32mSave f84aa910-35c7-4dce-8843-ddd7b83e96df(uuid9311)
сент. 19, 2025 6:42:49 PM webapp.storage.AbstractStorage save
INFO: &amp#27;[32mSave 8be15679-5ffa-4fa3-a71a-61153dd0f98e(uuid9312)
сент. 19, 2025 6:42:49 PM webapp.storage.AbstractStorage save
INFO: &amp#27;[32mSave 0c2e4c04-c138-4265-a769-cdc60420ec2a(uuid9313)
сент. 19, 2025 6:42:49 PM webapp.storage.AbstractStorage save
INFO: &amp#27;[32mSave e70ab54f-ab0d-4b70-83d9-a3350a524b5e(uuid9314)
сент. 19, 2025 6:42:49 PM webapp.storage.AbstractStorage save
INFO: &amp#27;[32mSave ad052d5f-4fb5-41e5-8530-b0a39435f748(uuid9315)
сент. 19, 2025 6:42:49 PM webapp.storage.AbstractStorage save
INFO: &amp#27;[32mSave 31dc4f73-f997-4a21-b081-a7e5aa591777(uuid9316)
сент. 19, 2025 6:42:49 PM webapp.storage.AbstractStorage save
INFO: &amp#27;[32mSave 8cd8bfaa-026e-4066-a673-9079d59767d7(uuid9317)
сент. 19, 2025 6:42:49 PM webapp.storage.AbstractStorage save
INFO: &amp#27;[32mSave 58293027-d598-43de-8a45-bde104d9ae31(uuid9318)
сент. 19, 2025 6:42:49 PM webapp.storage.AbstractStorage save
INFO: &amp#27;[32mSave d897edec-2ad0-4dd7-9831-0dabf6db16ba(uuid9319)
сент. 19, 2025 6:42:49 PM webapp.storage.AbstractStorage save
INFO: &amp#27;[32mSave 31cdb1ba-8434-4ff0-bcb8-20f2780cd1e6(uuid9320)
сент. 19, 2025 6:42:49 PM webapp.storage.AbstractStorage save
INFO: &amp#27;[32mSave 9a01b912-65e1-4847-8aa7-9a4fe7cfdd60(uuid9321)
сент. 19, 2025 6:42:49 PM webapp.storage.AbstractStorage save
INFO: &amp#27;[32mSave 4f142541-ad46-4327-9e58-522528caa14e(uuid9322)
сент. 19, 2025 6:42:49 PM webapp.storage.AbstractStorage save
INFO: &amp#27;[32mSave 67375db5-8762-4291-849f-312c0fc5d03a(uuid9323)
сент. 19, 2025 6:42:49 PM webapp.storage.AbstractStorage save
INFO: &amp#27;[32mSave 32bdfca4-0c9b-4ce0-8dd0-52b8784e9ed8(uuid9324)
сент. 19, 2025 6:42:49 PM webapp.storage.AbstractStorage save
INFO: &amp#27;[32mSave ea6819d6-7bae-4585-90cf-e417aaa78371(uuid9325)
сент. 19, 2025 6:42:49 PM webapp.storage.AbstractStorage save
INFO: &amp#27;[32mSave 1982165a-cf1d-40a0-bde9-05e202196630(uuid9326)
сент. 19, 2025 6:42:49 PM webapp.storage.AbstractStorage save
INFO: &amp#27;[32mSave 8c730301-1f07-4663-aff5-b8af1ae8add0(uuid9327)
сент. 19, 2025 6:42:49 PM webapp.storage.AbstractStorage save
INFO: &amp#27;[32mSave 0ff4d832-e2f9-44c9-ad88-24e40992a93e(uuid9328)
сент. 19, 2025 6:42:49 PM webapp.storage.AbstractStorage save
INFO: &amp#27;[32mSave 46ec9697-92e5-4296-a484-76715e96ed1b(uuid9329)
сент. 19, 2025 6:42:49 PM webapp.storage.AbstractStorage save
INFO: &amp#27;[32mSave fcbbb438-6158-4a24-82a4-87ec4d8f43a7(uuid9330)
сент. 19, 2025 6:42:49 PM webapp.storage.AbstractStorage save
INFO: &amp#27;[32mSave bf11a583-afad-4358-a73e-11402b9a1102(uuid9331)
сент. 19, 2025 6:42:49 PM webapp.storage.AbstractStorage save
INFO: &amp#27;[32mSave dbc09872-edf3-45a1-b9fb-2c259627e30f(uuid9332)
сент. 19, 2025 6:42:49 PM webapp.storage.AbstractStorage save
INFO: &amp#27;[32mSave 4c352c56-3f40-48c3-b89a-38287a64e0fd(uuid9333)
сент. 19, 2025 6:42:49 PM webapp.storage.AbstractStorage save
INFO: &amp#27;[32mSave b9dbc8d0-3a74-44c3-8455-cb626142d1b0(uuid9334)
сент. 19, 2025 6:42:49 PM webapp.storage.AbstractStorage save
INFO: &amp#27;[32mSave 54175b13-73f8-4511-ba38-855145e07356(uuid9335)
сент. 19, 2025 6:42:49 PM webapp.storage.AbstractStorage save
INFO: &amp#27;[32mSave 74805585-c836-42d3-ba02-d09c393620d9(uuid9336)
сент. 19, 2025 6:42:49 PM webapp.storage.AbstractStorage save
INFO: &amp#27;[32mSave c539d1fb-7f7b-4a57-a7f5-88c7ed36a3c2(uuid9337)
сент. 19, 2025 6:42:49 PM webapp.storage.AbstractStorage save
INFO: &amp#27;[32mSave 0a62f4d0-b00d-4516-ae52-2735cf970a7b(uuid9338)
сент. 19, 2025 6:42:49 PM webapp.storage.AbstractStorage save
INFO: &amp#27;[32mSave b8561dc4-09c7-436b-80c2-ab6f00f35e34(uuid9339)
сент. 19, 2025 6:42:49 PM webapp.storage.AbstractStorage save
INFO: &amp#27;[32mSave 20339b00-4a19-4130-8675-8302de19562d(uuid9340)
сент. 19, 2025 6:42:49 PM webapp.storage.AbstractStorage save
INFO: &amp#27;[32mSave 254ab088-d54c-4f63-b545-106064b1324d(uuid9341)
сент. 19, 2025 6:42:49 PM webapp.storage.AbstractStorage save
INFO: &amp#27;[32mSave 6a2f94d7-1f77-4b0b-8929-24c593bfb838(uuid9342)
сент. 19, 2025 6:42:49 PM webapp.storage.AbstractStorage save
INFO: &amp#27;[32mSave a024716f-7057-46ad-8aec-4453cf6e6373(uuid9343)
сент. 19, 2025 6:42:49 PM webapp.storage.AbstractStorage save
INFO: &amp#27;[32mSave 94800d88-d29a-4911-8803-99d8955455ee(uuid9344)
сент. 19, 2025 6:42:49 PM webapp.storage.AbstractStorage save
INFO: &amp#27;[32mSave 8c5baf5a-3886-4abf-b21c-27af3d802e65(uuid9345)
сент. 19, 2025 6:42:49 PM webapp.storage.AbstractStorage save
INFO: &amp#27;[32mSave 1e105266-26b7-4e34-9eb5-e65c0bb505a4(uuid9346)
сент. 19, 2025 6:42:49 PM webapp.storage.AbstractStorage save
INFO: &amp#27;[32mSave c3af73eb-a4dc-4561-895b-bb3722dd8369(uuid9347)
сент. 19, 2025 6:42:49 PM webapp.storage.AbstractStorage save
INFO: &amp#27;[32mSave 71c4377e-a34a-4b68-af9e-266e60ace56a(uuid9348)
сент. 19, 2025 6:42:49 PM webapp.storage.AbstractStorage save
INFO: &amp#27;[32mSave bdc98621-5e7a-415d-8647-bd130c9a8df0(uuid9349)
сент. 19, 2025 6:42:49 PM webapp.storage.AbstractStorage save
INFO: &amp#27;[32mSave 2c717559-2c79-4e16-893f-4dcc32f016e2(uuid9350)
сент. 19, 2025 6:42:49 PM webapp.storage.AbstractStorage save
INFO: &amp#27;[32mSave 381c29b1-7673-4166-afa4-b668028b9848(uuid9351)
сент. 19, 2025 6:42:49 PM webapp.storage.AbstractStorage save
INFO: &amp#27;[32mSave 06a7dc20-772b-4232-b36d-ca9e9c2dc11d(uuid9352)
сент. 19, 2025 6:42:49 PM webapp.storage.AbstractStorage save
INFO: &amp#27;[32mSave 281730c4-9b1a-4a65-95f7-ae2852765e12(uuid9353)
сент. 19, 2025 6:42:49 PM webapp.storage.AbstractStorage save
INFO: &amp#27;[32mSave ba10e09e-289a-421d-ba1f-5a577bae69a6(uuid9354)
сент. 19, 2025 6:42:49 PM webapp.storage.AbstractStorage save
INFO: &amp#27;[32mSave 2c72c0d8-b351-48b7-bf6c-877778c606e1(uuid9355)
сент. 19, 2025 6:42:49 PM webapp.storage.AbstractStorage save
INFO: &amp#27;[32mSave 3ac52370-ceb1-4595-8bf8-dd55e9364647(uuid9356)
сент. 19, 2025 6:42:49 PM webapp.storage.AbstractStorage save
INFO: &amp#27;[32mSave 4c3489fd-8d6b-49cf-89c8-ebb961acd3f4(uuid9357)
сент. 19, 2025 6:42:49 PM webapp.storage.AbstractStorage save
INFO: &amp#27;[32mSave ad3506f2-c6a5-4212-b2d1-b2d383570c74(uuid9358)
сент. 19, 2025 6:42:49 PM webapp.storage.AbstractStorage save
INFO: &amp#27;[32mSave b468ab58-b0f9-4b59-b702-8f35bdcef2b7(uuid9359)
сент. 19, 2025 6:42:49 PM webapp.storage.AbstractStorage save
INFO: &amp#27;[32mSave 3766df34-a8cd-48e1-8393-e9dba63ff3ff(uuid9360)
сент. 19, 2025 6:42:49 PM webapp.storage.AbstractStorage save
INFO: &amp#27;[32mSave 1914882a-8f3f-4ab6-85df-f6bba85c6602(uuid9361)
сент. 19, 2025 6:42:49 PM webapp.storage.AbstractStorage save
INFO: &amp#27;[32mSave 8ac88bf5-dc70-479f-a5a6-aa3a4d7e4dd1(uuid9362)
сент. 19, 2025 6:42:49 PM webapp.storage.AbstractStorage save
INFO: &amp#27;[32mSave 22f2cc00-c17e-4ffa-a4bd-30bafe683d91(uuid9363)
сент. 19, 2025 6:42:49 PM webapp.storage.AbstractStorage save
INFO: &amp#27;[32mSave a29fe12b-db3f-41da-80b5-f8124cb1c306(uuid9364)
сент. 19, 2025 6:42:49 PM webapp.storage.AbstractStorage save
INFO: &amp#27;[32mSave 6ba5e038-d332-442e-a8f9-8612de01e514(uuid9365)
сент. 19, 2025 6:42:49 PM webapp.storage.AbstractStorage save
INFO: &amp#27;[32mSave f683bc0b-764c-4300-8fa0-c9a2a5d54083(uuid9366)
сент. 19, 2025 6:42:49 PM webapp.storage.AbstractStorage save
INFO: &amp#27;[32mSave 36c765ca-a38f-48ff-82a0-4a2ef22e535e(uuid9367)
сент. 19, 2025 6:42:49 PM webapp.storage.AbstractStorage save
INFO: &amp#27;[32mSave 33f73836-96dc-48c0-a14d-ef728dda3e90(uuid9368)
сент. 19, 2025 6:42:49 PM webapp.storage.AbstractStorage save
INFO: &amp#27;[32mSave 183fea75-1a88-4a08-b613-a21600429117(uuid9369)
сент. 19, 2025 6:42:49 PM webapp.storage.AbstractStorage save
INFO: &amp#27;[32mSave 68681e45-9fec-4654-b2fe-1f9a244e28c9(uuid9370)
сент. 19, 2025 6:42:49 PM webapp.storage.AbstractStorage save
INFO: &amp#27;[32mSave 3cc0d6e4-0ccd-41c7-bff7-b67b1c4a4375(uuid9371)
сент. 19, 2025 6:42:49 PM webapp.storage.AbstractStorage save
INFO: &amp#27;[32mSave 1756c018-a6fc-48f6-b7ea-f6a8a67e4154(uuid9372)
сент. 19, 2025 6:42:49 PM webapp.storage.AbstractStorage save
INFO: &amp#27;[32mSave 800df81d-b532-426c-bfed-f1ebae7327dc(uuid9373)
сент. 19, 2025 6:42:49 PM webapp.storage.AbstractStorage save
INFO: &amp#27;[32mSave dab0ad5c-4294-4552-9f61-10ec58c7c410(uuid9374)
сент. 19, 2025 6:42:49 PM webapp.storage.AbstractStorage save
INFO: &amp#27;[32mSave 1be7a4ad-90fc-4837-859b-c6083ea172ea(uuid9375)
сент. 19, 2025 6:42:49 PM webapp.storage.AbstractStorage save
INFO: &amp#27;[32mSave 2e6340a0-8a87-47c9-93bd-b4262d90a5bf(uuid9376)
сент. 19, 2025 6:42:49 PM webapp.storage.AbstractStorage save
INFO: &amp#27;[32mSave 19939c3c-fa1b-4b1c-b031-90fa2b020cc2(uuid9377)
сент. 19, 2025 6:42:49 PM webapp.storage.AbstractStorage save
INFO: &amp#27;[32mSave 415a6cae-1675-4381-924f-90d74ebdc5db(uuid9378)
сент. 19, 2025 6:42:49 PM webapp.storage.AbstractStorage save
INFO: &amp#27;[32mSave 3a4c1917-c57c-4108-ac21-7d275352f50a(uuid9379)
сент. 19, 2025 6:42:49 PM webapp.storage.AbstractStorage save
INFO: &amp#27;[32mSave ab95f1cd-c3c0-42ce-8277-f5c9de263827(uuid9380)
сент. 19, 2025 6:42:49 PM webapp.storage.AbstractStorage save
INFO: &amp#27;[32mSave f0b6932f-8b21-45a9-8d21-952abb78e2b3(uuid9381)
сент. 19, 2025 6:42:49 PM webapp.storage.AbstractStorage save
INFO: &amp#27;[32mSave f81de894-83bf-4d49-833a-b46b190c13cf(uuid9382)
сент. 19, 2025 6:42:49 PM webapp.storage.AbstractStorage save
INFO: &amp#27;[32mSave 7a939cf0-4d05-4502-a398-5a8b1c14b36b(uuid9383)
сент. 19, 2025 6:42:49 PM webapp.storage.AbstractStorage save
INFO: &amp#27;[32mSave 0436bf52-16d6-4f91-b3c0-d846bf01dd61(uuid9384)
сент. 19, 2025 6:42:49 PM webapp.storage.AbstractStorage save
INFO: &amp#27;[32mSave f1fd1aa1-9634-4ad8-8a9a-0dfe7f9b89b0(uuid9385)
сент. 19, 2025 6:42:49 PM webapp.storage.AbstractStorage save
INFO: &amp#27;[32mSave b89f0b55-8d26-41aa-b285-f7f51ffe1236(uuid9386)
сент. 19, 2025 6:42:49 PM webapp.storage.AbstractStorage save
INFO: &amp#27;[32mSave 6a769d6e-5da4-4e96-b0db-0fb09d8c8a9e(uuid9387)
сент. 19, 2025 6:42:49 PM webapp.storage.AbstractStorage save
INFO: &amp#27;[32mSave 900bc09f-d8ba-4bf6-9b00-f07a68cdf983(uuid9388)
сент. 19, 2025 6:42:49 PM webapp.storage.AbstractStorage save
INFO: &amp#27;[32mSave f4ae6400-f976-494a-a767-cf3ffe01696b(uuid9389)
сент. 19, 2025 6:42:49 PM webapp.storage.AbstractStorage save
INFO: &amp#27;[32mSave fef42846-d01d-4fb5-86c9-e41290ce9952(uuid9390)
сент. 19, 2025 6:42:49 PM webapp.storage.AbstractStorage save
INFO: &amp#27;[32mSave 8d4f80d5-9bb8-45c1-9f84-0c87a587025d(uuid9391)
сент. 19, 2025 6:42:49 PM webapp.storage.AbstractStorage save
INFO: &amp#27;[32mSave 8f801187-1f35-4180-8a1a-32aba65bf1c5(uuid9392)
сент. 19, 2025 6:42:49 PM webapp.storage.AbstractStorage save
INFO: &amp#27;[32mSave b73f26aa-6cad-40ab-92fc-1dab04b64b99(uuid9393)
сент. 19, 2025 6:42:49 PM webapp.storage.AbstractStorage save
INFO: &amp#27;[32mSave 66d6ea39-0ec5-422c-9ac2-5a9e90483f36(uuid9394)
сент. 19, 2025 6:42:49 PM webapp.storage.AbstractStorage save
INFO: &amp#27;[32mSave 3cd3b4a6-7d8e-4101-8d49-42e8b132b6e1(uuid9395)
сент. 19, 2025 6:42:49 PM webapp.storage.AbstractStorage save
INFO: &amp#27;[32mSave 16fc75ae-c54b-4010-a085-66555eeb4d2c(uuid9396)
сент. 19, 2025 6:42:49 PM webapp.storage.AbstractStorage save
INFO: &amp#27;[32mSave 875a5bd8-1068-441d-b291-12847ac643c4(uuid9397)
сент. 19, 2025 6:42:49 PM webapp.storage.AbstractStorage save
INFO: &amp#27;[32mSave 0cb251a1-5893-4cd2-8497-ac170d45123f(uuid9398)
сент. 19, 2025 6:42:49 PM webapp.storage.AbstractStorage save
INFO: &amp#27;[32mSave 0dc0b799-36e2-4fa4-aaef-e9a124d6adef(uuid9399)
сент. 19, 2025 6:42:49 PM webapp.storage.AbstractStorage save
INFO: &amp#27;[32mSave 1b374bdc-bacc-4796-9112-7ef44e385711(uuid9400)
сент. 19, 2025 6:42:49 PM webapp.storage.AbstractStorage save
INFO: &amp#27;[32mSave 3222a740-32b0-42d1-b5ae-118cc02d5304(uuid9401)
сент. 19, 2025 6:42:49 PM webapp.storage.AbstractStorage save
INFO: &amp#27;[32mSave 88afaa6d-ba14-4045-b3f7-041875220cd7(uuid9402)
сент. 19, 2025 6:42:49 PM webapp.storage.AbstractStorage save
INFO: &amp#27;[32mSave b910ec66-de8e-4319-ae17-2b9a2d2e2a97(uuid9403)
сент. 19, 2025 6:42:49 PM webapp.storage.AbstractStorage save
INFO: &amp#27;[32mSave d7f076d5-e7b5-46cf-8e5d-39937c0b3f2f(uuid9404)
сент. 19, 2025 6:42:49 PM webapp.storage.AbstractStorage save
INFO: &amp#27;[32mSave 5f8a9451-2315-41c9-8142-07b25e2e6cb6(uuid9405)
сент. 19, 2025 6:42:49 PM webapp.storage.AbstractStorage save
INFO: &amp#27;[32mSave 6f2d9a28-f74f-4453-bdf9-c5c2269c45bb(uuid9406)
сент. 19, 2025 6:42:49 PM webapp.storage.AbstractStorage save
INFO: &amp#27;[32mSave f4ac8c32-e51b-4120-ab79-cfec2b3a74b9(uuid9407)
сент. 19, 2025 6:42:49 PM webapp.storage.AbstractStorage save
INFO: &amp#27;[32mSave b97889e8-ca83-4996-8524-81a66c1376c3(uuid9408)
сент. 19, 2025 6:42:49 PM webapp.storage.AbstractStorage save
INFO: &amp#27;[32mSave 34fc2458-a715-4e93-98d6-8b0784976044(uuid9409)
сент. 19, 2025 6:42:49 PM webapp.storage.AbstractStorage save
INFO: &amp#27;[32mSave f2b5556a-dac0-4acb-ae21-b34202c97d19(uuid9410)
сент. 19, 2025 6:42:49 PM webapp.storage.AbstractStorage save
INFO: &amp#27;[32mSave 9a21abc4-e546-48d9-bf53-cc7e498e1600(uuid9411)
сент. 19, 2025 6:42:49 PM webapp.storage.AbstractStorage save
INFO: &amp#27;[32mSave fc254dba-f3ab-410b-82d9-5813a9f7e90b(uuid9412)
сент. 19, 2025 6:42:49 PM webapp.storage.AbstractStorage save
INFO: &amp#27;[32mSave e02dd6d8-afa7-412a-8553-f0ee19037903(uuid9413)
сент. 19, 2025 6:42:49 PM webapp.storage.AbstractStorage save
INFO: &amp#27;[32mSave fdaccdfa-0b02-4236-8599-40d1714f8e32(uuid9414)
сент. 19, 2025 6:42:49 PM webapp.storage.AbstractStorage save
INFO: &amp#27;[32mSave 8d1cb8c3-d705-4b47-a03e-5a251eebb558(uuid9415)
сент. 19, 2025 6:42:49 PM webapp.storage.AbstractStorage save
INFO: &amp#27;[32mSave e24c081b-b5c4-4d3e-bf0b-b0b783a07ade(uuid9416)
сент. 19, 2025 6:42:49 PM webapp.storage.AbstractStorage save
INFO: &amp#27;[32mSave 946a4205-c31c-4b5e-81ed-266a9cd87174(uuid9417)
сент. 19, 2025 6:42:49 PM webapp.storage.AbstractStorage save
INFO: &amp#27;[32mSave ad91ee0f-a9cb-41e7-98c9-9ac7f06e3b58(uuid9418)
сент. 19, 2025 6:42:49 PM webapp.storage.AbstractStorage save
INFO: &amp#27;[32mSave 33343e31-0df3-4f12-ac49-5f2e097666d7(uuid9419)
сент. 19, 2025 6:42:49 PM webapp.storage.AbstractStorage save
INFO: &amp#27;[32mSave ab5b5099-a91b-47b4-938d-ccd252d1274a(uuid9420)
сент. 19, 2025 6:42:49 PM webapp.storage.AbstractStorage save
INFO: &amp#27;[32mSave 0d0cab04-3e9d-423e-84fe-0c213133fe9d(uuid9421)
сент. 19, 2025 6:42:49 PM webapp.storage.AbstractStorage save
INFO: &amp#27;[32mSave f7cc738c-43c3-4014-b6ac-5ef979cb6b82(uuid9422)
сент. 19, 2025 6:42:49 PM webapp.storage.AbstractStorage save
INFO: &amp#27;[32mSave fc7c99a5-76cf-4303-8716-c13247bbe04c(uuid9423)
сент. 19, 2025 6:42:49 PM webapp.storage.AbstractStorage save
INFO: &amp#27;[32mSave d3f357d6-02f1-4fa6-815e-e391674ed47a(uuid9424)
сент. 19, 2025 6:42:49 PM webapp.storage.AbstractStorage save
INFO: &amp#27;[32mSave ad779c16-9c88-454d-a8a4-e886c4b478c7(uuid9425)
сент. 19, 2025 6:42:49 PM webapp.storage.AbstractStorage save
INFO: &amp#27;[32mSave 790d1fc5-c88a-4178-a07a-758bb6b3e359(uuid9426)
сент. 19, 2025 6:42:49 PM webapp.storage.AbstractStorage save
INFO: &amp#27;[32mSave d2a7eede-175b-4eb0-9451-ab9a1ffaf533(uuid9427)
сент. 19, 2025 6:42:49 PM webapp.storage.AbstractStorage save
INFO: &amp#27;[32mSave df5527c7-2c38-4e49-870e-a29cfdb5a1b9(uuid9428)
сент. 19, 2025 6:42:49 PM webapp.storage.AbstractStorage save
INFO: &amp#27;[32mSave 36fa5911-29e0-47cc-900e-9d1885e56009(uuid9429)
сент. 19, 2025 6:42:49 PM webapp.storage.AbstractStorage save
INFO: &amp#27;[32mSave a2eb938d-a90c-4b53-9fcf-50087d5ba66a(uuid9430)
сент. 19, 2025 6:42:49 PM webapp.storage.AbstractStorage save
INFO: &amp#27;[32mSave 0729f381-f462-4894-a1e4-36bee8b4c7df(uuid9431)
сент. 19, 2025 6:42:49 PM webapp.storage.AbstractStorage save
INFO: &amp#27;[32mSave d66d6cef-dbc1-4f64-bfd7-d3451b68eb1c(uuid9432)
сент. 19, 2025 6:42:49 PM webapp.storage.AbstractStorage save
INFO: &amp#27;[32mSave 75a6ecd0-9fe0-4c13-bf15-aa2a07782943(uuid9433)
сент. 19, 2025 6:42:49 PM webapp.storage.AbstractStorage save
INFO: &amp#27;[32mSave fc8b84dc-7725-4620-b9bb-f5aad786a9aa(uuid9434)
сент. 19, 2025 6:42:49 PM webapp.storage.AbstractStorage save
INFO: &amp#27;[32mSave 3c378c8e-7960-4ac9-bd43-5c0a162ffbcf(uuid9435)
сент. 19, 2025 6:42:49 PM webapp.storage.AbstractStorage save
INFO: &amp#27;[32mSave 216ba4c2-71db-47d1-b2c5-48edfc5db3dc(uuid9436)
сент. 19, 2025 6:42:49 PM webapp.storage.AbstractStorage save
INFO: &amp#27;[32mSave cfe925cc-5461-4b04-bd9e-fe68a1b14f2e(uuid9437)
сент. 19, 2025 6:42:49 PM webapp.storage.AbstractStorage save
INFO: &amp#27;[32mSave cf76d6b3-5976-43e5-93c0-835af9edf44d(uuid9438)
сент. 19, 2025 6:42:49 PM webapp.storage.AbstractStorage save
INFO: &amp#27;[32mSave 7b83d554-d2d9-4b54-81a7-45336e8352e7(uuid9439)
сент. 19, 2025 6:42:49 PM webapp.storage.AbstractStorage save
INFO: &amp#27;[32mSave 44943dd4-840c-4d73-9ae3-43be1ba685c4(uuid9440)
сент. 19, 2025 6:42:49 PM webapp.storage.AbstractStorage save
INFO: &amp#27;[32mSave 2ed2824f-3b43-405c-a0de-3e4a057d6e61(uuid9441)
сент. 19, 2025 6:42:49 PM webapp.storage.AbstractStorage save
INFO: &amp#27;[32mSave 0f283a80-45c1-43f3-b236-71485c45442c(uuid9442)
сент. 19, 2025 6:42:49 PM webapp.storage.AbstractStorage save
INFO: &amp#27;[32mSave 4b2d5a9e-4d3f-45e0-80df-883638939d88(uuid9443)
сент. 19, 2025 6:42:49 PM webapp.storage.AbstractStorage save
INFO: &amp#27;[32mSave 7471d29c-35f6-4ac9-bc85-f11a81d1544c(uuid9444)
сент. 19, 2025 6:42:49 PM webapp.storage.AbstractStorage save
INFO: &amp#27;[32mSave 9470503c-e861-4f76-9336-6b8043f68128(uuid9445)
сент. 19, 2025 6:42:49 PM webapp.storage.AbstractStorage save
INFO: &amp#27;[32mSave 6432847d-7ad9-4a42-890c-220c37eefb9a(uuid9446)
сент. 19, 2025 6:42:49 PM webapp.storage.AbstractStorage save
INFO: &amp#27;[32mSave e69a947a-662e-4a55-a2ef-6ab51a0caede(uuid9447)
сент. 19, 2025 6:42:49 PM webapp.storage.AbstractStorage save
INFO: &amp#27;[32mSave d81c9666-e233-451b-b0a9-bc6a61fb7c97(uuid9448)
сент. 19, 2025 6:42:49 PM webapp.storage.AbstractStorage save
INFO: &amp#27;[32mSave 82988b69-1085-4f68-a912-5625376ab1ed(uuid9449)
сент. 19, 2025 6:42:49 PM webapp.storage.AbstractStorage save
INFO: &amp#27;[32mSave 497d86c1-2b96-4ea5-ad9a-6509d1744200(uuid9450)
сент. 19, 2025 6:42:49 PM webapp.storage.AbstractStorage save
INFO: &amp#27;[32mSave a64bfb4f-8c53-435b-9d5c-d7f254f37b61(uuid9451)
сент. 19, 2025 6:42:49 PM webapp.storage.AbstractStorage save
INFO: &amp#27;[32mSave 3c882acd-aad4-4276-b5fa-a99fdc8aa570(uuid9452)
сент. 19, 2025 6:42:49 PM webapp.storage.AbstractStorage save
INFO: &amp#27;[32mSave af2ddb91-40bf-4c27-a287-8a5439433143(uuid9453)
сент. 19, 2025 6:42:49 PM webapp.storage.AbstractStorage save
INFO: &amp#27;[32mSave 702e1158-5b94-492c-88c7-738374604e3b(uuid9454)
сент. 19, 2025 6:42:49 PM webapp.storage.AbstractStorage save
INFO: &amp#27;[32mSave 5cc340a3-2210-4bce-9847-94cb2d7a127f(uuid9455)
сент. 19, 2025 6:42:49 PM webapp.storage.AbstractStorage save
INFO: &amp#27;[32mSave 7355d82c-a491-4422-b89b-6b9e82c34389(uuid9456)
сент. 19, 2025 6:42:49 PM webapp.storage.AbstractStorage save
INFO: &amp#27;[32mSave 375f02af-25f3-496c-9f37-998586ca1cc1(uuid9457)
сент. 19, 2025 6:42:49 PM webapp.storage.AbstractStorage save
INFO: &amp#27;[32mSave 0a8fcff7-13ef-4886-a7f0-554f29d1d76d(uuid9458)
сент. 19, 2025 6:42:49 PM webapp.storage.AbstractStorage save
INFO: &amp#27;[32mSave ee2a89d5-c2e1-4e99-ab8a-b8ec3f785ead(uuid9459)
сент. 19, 2025 6:42:49 PM webapp.storage.AbstractStorage save
INFO: &amp#27;[32mSave f7f1c9c0-de31-4f0d-b580-2ed5ad0d076c(uuid9460)
сент. 19, 2025 6:42:49 PM webapp.storage.AbstractStorage save
INFO: &amp#27;[32mSave 72bd8467-3171-4cd8-a41a-6a3b92184ac6(uuid9461)
сент. 19, 2025 6:42:49 PM webapp.storage.AbstractStorage save
INFO: &amp#27;[32mSave 708d8615-a448-48e2-9f82-ea6911921091(uuid9462)
сент. 19, 2025 6:42:49 PM webapp.storage.AbstractStorage save
INFO: &amp#27;[32mSave 0389d28f-2e40-4c62-8f9d-504bab329db8(uuid9463)
сент. 19, 2025 6:42:49 PM webapp.storage.AbstractStorage save
INFO: &amp#27;[32mSave a093bc57-d887-4f0a-99b0-1ad8144a374a(uuid9464)
сент. 19, 2025 6:42:49 PM webapp.storage.AbstractStorage save
INFO: &amp#27;[32mSave 0e909163-09ca-474c-b038-38756ca8e3f2(uuid9465)
сент. 19, 2025 6:42:49 PM webapp.storage.AbstractStorage save
INFO: &amp#27;[32mSave fff6671a-ac8b-4531-93f4-b823534f0815(uuid9466)
сент. 19, 2025 6:42:49 PM webapp.storage.AbstractStorage save
INFO: &amp#27;[32mSave 89723f98-c428-44ae-b166-c5a2c9f84d2e(uuid9467)
сент. 19, 2025 6:42:49 PM webapp.storage.AbstractStorage save
INFO: &amp#27;[32mSave 94d239c4-65c5-406b-955d-8fb2ab0f22d8(uuid9468)
сент. 19, 2025 6:42:49 PM webapp.storage.AbstractStorage save
INFO: &amp#27;[32mSave 69d66baf-9afd-4554-9031-591a935a7bc2(uuid9469)
сент. 19, 2025 6:42:49 PM webapp.storage.AbstractStorage save
INFO: &amp#27;[32mSave 57e2cd9c-1d55-4446-85db-e5ccd4811cdb(uuid9470)
сент. 19, 2025 6:42:49 PM webapp.storage.AbstractStorage save
INFO: &amp#27;[32mSave eae2ab69-484f-4bca-b5da-f911d3740502(uuid9471)
сент. 19, 2025 6:42:49 PM webapp.storage.AbstractStorage save
INFO: &amp#27;[32mSave d00ed690-c7d6-4bd6-8b4e-6f494da2fad6(uuid9472)
сент. 19, 2025 6:42:49 PM webapp.storage.AbstractStorage save
INFO: &amp#27;[32mSave 54eb2e48-0822-4559-921f-6f040ffd25e9(uuid9473)
сент. 19, 2025 6:42:49 PM webapp.storage.AbstractStorage save
INFO: &amp#27;[32mSave 21269f7f-c3d8-41a4-980d-46c438bd4013(uuid9474)
сент. 19, 2025 6:42:49 PM webapp.storage.AbstractStorage save
INFO: &amp#27;[32mSave b515f5f8-29ac-4ed2-8128-d6f3a039c3f5(uuid9475)
сент. 19, 2025 6:42:49 PM webapp.storage.AbstractStorage save
INFO: &amp#27;[32mSave 3f2b0fd5-1fff-490c-817c-58fce71d9f7b(uuid9476)
сент. 19, 2025 6:42:49 PM webapp.storage.AbstractStorage save
INFO: &amp#27;[32mSave a69f79a9-e3f3-470d-a2cd-3a50b25cca90(uuid9477)
сент. 19, 2025 6:42:49 PM webapp.storage.AbstractStorage save
INFO: &amp#27;[32mSave dab51354-e439-4808-b97f-7364dce1eb61(uuid9478)
сент. 19, 2025 6:42:49 PM webapp.storage.AbstractStorage save
INFO: &amp#27;[32mSave de99a084-405f-489c-8a38-3196cdebe78c(uuid9479)
сент. 19, 2025 6:42:49 PM webapp.storage.AbstractStorage save
INFO: &amp#27;[32mSave 17a149c0-a2ed-4986-b4e7-f6ae7154e798(uuid9480)
сент. 19, 2025 6:42:49 PM webapp.storage.AbstractStorage save
INFO: &amp#27;[32mSave d4ce376a-a3ef-49aa-9030-7af156d3255c(uuid9481)
сент. 19, 2025 6:42:49 PM webapp.storage.AbstractStorage save
INFO: &amp#27;[32mSave 7e1aa19b-318a-433c-a44e-3b5719096516(uuid9482)
сент. 19, 2025 6:42:49 PM webapp.storage.AbstractStorage save
INFO: &amp#27;[32mSave 3dd10359-c552-4abc-a8d4-c4b8171ea330(uuid9483)
сент. 19, 2025 6:42:49 PM webapp.storage.AbstractStorage save
INFO: &amp#27;[32mSave 31f78fbc-a501-4d61-8c54-c150d3ba278e(uuid9484)
сент. 19, 2025 6:42:49 PM webapp.storage.AbstractStorage save
INFO: &amp#27;[32mSave 1f87ca38-b8d7-453d-9509-ade8a5f52739(uuid9485)
сент. 19, 2025 6:42:49 PM webapp.storage.AbstractStorage save
INFO: &amp#27;[32mSave 5d216fef-2b42-401b-ad9c-d3209ddeb41a(uuid9486)
сент. 19, 2025 6:42:49 PM webapp.storage.AbstractStorage save
INFO: &amp#27;[32mSave cdbc667d-c2b2-4cfb-b229-7b291dc6f110(uuid9487)
сент. 19, 2025 6:42:49 PM webapp.storage.AbstractStorage save
INFO: &amp#27;[32mSave aad2f6e5-dafd-4195-993c-d98ecb6d351f(uuid9488)
сент. 19, 2025 6:42:49 PM webapp.storage.AbstractStorage save
INFO: &amp#27;[32mSave 86480ccf-9a77-4b07-a38f-43328b9b356d(uuid9489)
сент. 19, 2025 6:42:49 PM webapp.storage.AbstractStorage save
INFO: &amp#27;[32mSave c89f7ecc-2e61-4b80-90c4-a15f953a2a29(uuid9490)
сент. 19, 2025 6:42:49 PM webapp.storage.AbstractStorage save
INFO: &amp#27;[32mSave a70ea0a0-cb04-4275-8472-f065ec7a3091(uuid9491)
сент. 19, 2025 6:42:49 PM webapp.storage.AbstractStorage save
INFO: &amp#27;[32mSave 5623868e-71ba-48dd-95bc-8c08a2ed4e6a(uuid9492)
сент. 19, 2025 6:42:49 PM webapp.storage.AbstractStorage save
INFO: &amp#27;[32mSave 418da80f-862a-4616-b6a6-9fe5056c3cd0(uuid9493)
сент. 19, 2025 6:42:49 PM webapp.storage.AbstractStorage save
INFO: &amp#27;[32mSave 2c330533-24ff-48b4-9a40-c74d957506ee(uuid9494)
сент. 19, 2025 6:42:49 PM webapp.storage.AbstractStorage save
INFO: &amp#27;[32mSave aec83c1f-8c20-4878-858b-3b8e02627a6c(uuid9495)
сент. 19, 2025 6:42:49 PM webapp.storage.AbstractStorage save
INFO: &amp#27;[32mSave 1678dcdd-aab0-48b5-9446-d32b1ebe98a1(uuid9496)
сент. 19, 2025 6:42:49 PM webapp.storage.AbstractStorage save
INFO: &amp#27;[32mSave 2c46d60a-16df-45f9-9bad-150b304ec9a1(uuid9497)
сент. 19, 2025 6:42:49 PM webapp.storage.AbstractStorage save
INFO: &amp#27;[32mSave af499e67-cf48-4e86-ab1c-e9d11bbb7263(uuid9498)
сент. 19, 2025 6:42:49 PM webapp.storage.AbstractStorage save
INFO: &amp#27;[32mSave d9701050-7f48-4359-a173-49189b873619(uuid9499)
сент. 19, 2025 6:42:49 PM webapp.storage.AbstractStorage save
INFO: &amp#27;[32mSave 12bb2efe-29c6-43fb-a3f7-94452fa5ecac(uuid9500)
сент. 19, 2025 6:42:49 PM webapp.storage.AbstractStorage save
INFO: &amp#27;[32mSave 2adb4d9c-39a4-44a3-a318-6166e05c1857(uuid9501)
сент. 19, 2025 6:42:49 PM webapp.storage.AbstractStorage save
INFO: &amp#27;[32mSave 7ec8f046-a69f-4839-a4c7-21bf107c3352(uuid9502)
сент. 19, 2025 6:42:49 PM webapp.storage.AbstractStorage save
INFO: &amp#27;[32mSave c4b96a38-f25c-435d-8fe0-cf9e8ea338e6(uuid9503)
сент. 19, 2025 6:42:49 PM webapp.storage.AbstractStorage save
INFO: &amp#27;[32mSave c5c2f9df-32de-4807-af89-f8e7aba18e5b(uuid9504)
сент. 19, 2025 6:42:49 PM webapp.storage.AbstractStorage save
INFO: &amp#27;[32mSave 24fc56aa-69ce-4ab0-8179-3a660c5c0b61(uuid9505)
сент. 19, 2025 6:42:49 PM webapp.storage.AbstractStorage save
INFO: &amp#27;[32mSave 03af2e78-ded1-4663-b462-87bf7e6ce02a(uuid9506)
сент. 19, 2025 6:42:49 PM webapp.storage.AbstractStorage save
INFO: &amp#27;[32mSave 15be3d8d-2a7c-42d6-9e00-27edc6ce9b07(uuid9507)
сент. 19, 2025 6:42:49 PM webapp.storage.AbstractStorage save
INFO: &amp#27;[32mSave bc114a63-4776-4a37-9399-a4b37cf8faf6(uuid9508)
сент. 19, 2025 6:42:49 PM webapp.storage.AbstractStorage save
INFO: &amp#27;[32mSave 78a83a6e-6264-44df-ab3b-7d0e41d33423(uuid9509)
сент. 19, 2025 6:42:49 PM webapp.storage.AbstractStorage save
INFO: &amp#27;[32mSave 7a8bc4b1-2a41-4356-8ce3-e5590c5905fb(uuid9510)
сент. 19, 2025 6:42:49 PM webapp.storage.AbstractStorage save
INFO: &amp#27;[32mSave f40e7f02-7fd1-41b5-8bd6-96735e244a7b(uuid9511)
сент. 19, 2025 6:42:49 PM webapp.storage.AbstractStorage save
INFO: &amp#27;[32mSave f8eeb116-7ec4-42f3-b51c-eac8ac838db6(uuid9512)
сент. 19, 2025 6:42:49 PM webapp.storage.AbstractStorage save
INFO: &amp#27;[32mSave f34ebfd1-7c58-4f28-83ce-42dacc560a78(uuid9513)
сент. 19, 2025 6:42:49 PM webapp.storage.AbstractStorage save
INFO: &amp#27;[32mSave acb2515c-0629-4a39-b7c0-8f92be828c2c(uuid9514)
сент. 19, 2025 6:42:49 PM webapp.storage.AbstractStorage save
INFO: &amp#27;[32mSave 560012a8-ca9a-4ad0-a4ce-3fb35998149c(uuid9515)
сент. 19, 2025 6:42:49 PM webapp.storage.AbstractStorage save
INFO: &amp#27;[32mSave 2986a85e-aaa6-4df3-86f9-8abef7252806(uuid9516)
сент. 19, 2025 6:42:49 PM webapp.storage.AbstractStorage save
INFO: &amp#27;[32mSave 8dc261e2-7444-4e95-862f-9ffd729ed701(uuid9517)
сент. 19, 2025 6:42:49 PM webapp.storage.AbstractStorage save
INFO: &amp#27;[32mSave dcaf6fb7-eaae-4012-af4f-2006c66f031c(uuid9518)
сент. 19, 2025 6:42:49 PM webapp.storage.AbstractStorage save
INFO: &amp#27;[32mSave b6d01cb5-509b-46f3-a8b9-404bac2c4dd1(uuid9519)
сент. 19, 2025 6:42:49 PM webapp.storage.AbstractStorage save
INFO: &amp#27;[32mSave 37f8553b-262f-4d05-9e30-dc436ff81a0e(uuid9520)
сент. 19, 2025 6:42:49 PM webapp.storage.AbstractStorage save
INFO: &amp#27;[32mSave d50448c4-f505-40a0-b282-3b1b4bfccd11(uuid9521)
сент. 19, 2025 6:42:49 PM webapp.storage.AbstractStorage save
INFO: &amp#27;[32mSave 03862490-e97f-4bbd-be03-c212424a0517(uuid9522)
сент. 19, 2025 6:42:49 PM webapp.storage.AbstractStorage save
INFO: &amp#27;[32mSave 18119036-6a50-4d7f-b74e-49717373c91b(uuid9523)
сент. 19, 2025 6:42:49 PM webapp.storage.AbstractStorage save
INFO: &amp#27;[32mSave 4665596a-b2d5-47d1-b2d0-2fdc3ecbf34b(uuid9524)
сент. 19, 2025 6:42:49 PM webapp.storage.AbstractStorage save
INFO: &amp#27;[32mSave 2e3b0857-d03b-4df0-b072-7723a05e2ba6(uuid9525)
сент. 19, 2025 6:42:49 PM webapp.storage.AbstractStorage save
INFO: &amp#27;[32mSave 404eddf3-c1ef-4eb6-90ef-eb5cb67effd0(uuid9526)
сент. 19, 2025 6:42:49 PM webapp.storage.AbstractStorage save
INFO: &amp#27;[32mSave c44ddc5b-64ae-41f2-988e-d693112e56e0(uuid9527)
сент. 19, 2025 6:42:49 PM webapp.storage.AbstractStorage save
INFO: &amp#27;[32mSave 9c79befd-48cd-47ed-bc52-575f18429876(uuid9528)
сент. 19, 2025 6:42:49 PM webapp.storage.AbstractStorage save
INFO: &amp#27;[32mSave ae7ea85d-0eb2-4c66-bdbf-ed81bc1a8191(uuid9529)
сент. 19, 2025 6:42:49 PM webapp.storage.AbstractStorage save
INFO: &amp#27;[32mSave adf4a6f7-07cb-4b09-93c3-7026ec3f9d77(uuid9530)
сент. 19, 2025 6:42:49 PM webapp.storage.AbstractStorage save
INFO: &amp#27;[32mSave cd9399ce-9b2f-42b7-b9ee-c5133050cb20(uuid9531)
сент. 19, 2025 6:42:49 PM webapp.storage.AbstractStorage save
INFO: &amp#27;[32mSave 91188f1b-a78d-47f7-a9f5-6733f455e7d6(uuid9532)
сент. 19, 2025 6:42:49 PM webapp.storage.AbstractStorage save
INFO: &amp#27;[32mSave c05ad529-ec7e-4a40-a9f0-dd98bad84ea3(uuid9533)
сент. 19, 2025 6:42:49 PM webapp.storage.AbstractStorage save
INFO: &amp#27;[32mSave 0ec2935f-ad43-4496-96b9-564134794cb2(uuid9534)
сент. 19, 2025 6:42:49 PM webapp.storage.AbstractStorage save
INFO: &amp#27;[32mSave f01df534-8858-48e3-94e9-f1292a0f3b28(uuid9535)
сент. 19, 2025 6:42:49 PM webapp.storage.AbstractStorage save
INFO: &amp#27;[32mSave be8d734b-2d56-43ac-bafd-ab5d68e31cf0(uuid9536)
сент. 19, 2025 6:42:49 PM webapp.storage.AbstractStorage save
INFO: &amp#27;[32mSave 938d3f80-87ed-44d9-9e1f-78ebaf1da118(uuid9537)
сент. 19, 2025 6:42:49 PM webapp.storage.AbstractStorage save
INFO: &amp#27;[32mSave 61553fd1-3e2d-41df-bd6c-6fdf81b3be64(uuid9538)
сент. 19, 2025 6:42:49 PM webapp.storage.AbstractStorage save
INFO: &amp#27;[32mSave 57f9902a-3715-44cd-9895-0caad7b87376(uuid9539)
сент. 19, 2025 6:42:49 PM webapp.storage.AbstractStorage save
INFO: &amp#27;[32mSave a9a157eb-d550-4207-862b-455d02bfc403(uuid9540)
сент. 19, 2025 6:42:49 PM webapp.storage.AbstractStorage save
INFO: &amp#27;[32mSave e068528d-cd87-45b9-b4f0-a1398fffc2ea(uuid9541)
сент. 19, 2025 6:42:49 PM webapp.storage.AbstractStorage save
INFO: &amp#27;[32mSave 8eb2ce34-7f8e-4dff-9c59-cfd49ff4cf98(uuid9542)
сент. 19, 2025 6:42:49 PM webapp.storage.AbstractStorage save
INFO: &amp#27;[32mSave c3b5a2c6-f0fa-4110-9618-42968d0bd40d(uuid9543)
сент. 19, 2025 6:42:49 PM webapp.storage.AbstractStorage save
INFO: &amp#27;[32mSave fc7f2bb5-62c4-4f0b-af68-8ac164c6dcf2(uuid9544)
сент. 19, 2025 6:42:49 PM webapp.storage.AbstractStorage save
INFO: &amp#27;[32mSave 8ef859ee-8423-4ebf-a9a6-a692a4f7ed93(uuid9545)
сент. 19, 2025 6:42:49 PM webapp.storage.AbstractStorage save
INFO: &amp#27;[32mSave c97dd7bc-2643-44ae-a347-c9570a9a1013(uuid9546)
сент. 19, 2025 6:42:49 PM webapp.storage.AbstractStorage save
INFO: &amp#27;[32mSave b1ae2a8b-2ba0-4117-a7f9-7b55446957a1(uuid9547)
сент. 19, 2025 6:42:49 PM webapp.storage.AbstractStorage save
INFO: &amp#27;[32mSave a7fe0814-c25a-48b4-8c60-f19cb0578a73(uuid9548)
сент. 19, 2025 6:42:49 PM webapp.storage.AbstractStorage save
INFO: &amp#27;[32mSave fd196789-ea7e-4fd2-97be-b1b1a5e3cf27(uuid9549)
сент. 19, 2025 6:42:49 PM webapp.storage.AbstractStorage save
INFO: &amp#27;[32mSave 9a2cd41e-6f93-40f5-8a82-6477f620d375(uuid9550)
сент. 19, 2025 6:42:49 PM webapp.storage.AbstractStorage save
INFO: &amp#27;[32mSave 49e3d543-918d-4e21-b2d9-bbf362d93e22(uuid9551)
сент. 19, 2025 6:42:49 PM webapp.storage.AbstractStorage save
INFO: &amp#27;[32mSave 54aabdba-ee12-4343-84d4-5ef9d5e14f24(uuid9552)
сент. 19, 2025 6:42:49 PM webapp.storage.AbstractStorage save
INFO: &amp#27;[32mSave c5751dce-3174-4700-8934-9f01e350b073(uuid9553)
сент. 19, 2025 6:42:49 PM webapp.storage.AbstractStorage save
INFO: &amp#27;[32mSave 9a31fbe0-f3b9-4d44-a165-600ebf63f6af(uuid9554)
сент. 19, 2025 6:42:49 PM webapp.storage.AbstractStorage save
INFO: &amp#27;[32mSave 697d03a6-e87e-4339-a1ce-eceb8b446de0(uuid9555)
сент. 19, 2025 6:42:49 PM webapp.storage.AbstractStorage save
INFO: &amp#27;[32mSave 8fc62dd5-7ab4-43c8-a339-319418ec4335(uuid9556)
сент. 19, 2025 6:42:49 PM webapp.storage.AbstractStorage save
INFO: &amp#27;[32mSave 4bfef028-d707-467a-875d-d69e8bef2862(uuid9557)
сент. 19, 2025 6:42:49 PM webapp.storage.AbstractStorage save
INFO: &amp#27;[32mSave f1c423d8-5e99-402e-a583-767bbbecae8b(uuid9558)
сент. 19, 2025 6:42:49 PM webapp.storage.AbstractStorage save
INFO: &amp#27;[32mSave 6ed1ac25-a637-4942-a185-cceac8e4b442(uuid9559)
сент. 19, 2025 6:42:49 PM webapp.storage.AbstractStorage save
INFO: &amp#27;[32mSave 39c3ec1c-0f57-4155-95e9-d92edc4355bc(uuid9560)
сент. 19, 2025 6:42:49 PM webapp.storage.AbstractStorage save
INFO: &amp#27;[32mSave a88a4383-ccd0-453a-8880-af31bd64de1a(uuid9561)
сент. 19, 2025 6:42:49 PM webapp.storage.AbstractStorage save
INFO: &amp#27;[32mSave 45ef85ae-674d-4cf6-a1c3-54f1fde01b66(uuid9562)
сент. 19, 2025 6:42:49 PM webapp.storage.AbstractStorage save
INFO: &amp#27;[32mSave 6f300222-1642-46b6-a083-92903303b447(uuid9563)
сент. 19, 2025 6:42:49 PM webapp.storage.AbstractStorage save
INFO: &amp#27;[32mSave 92f1051c-6e4b-4443-8eb9-c05865d8e4ad(uuid9564)
сент. 19, 2025 6:42:49 PM webapp.storage.AbstractStorage save
INFO: &amp#27;[32mSave 85bde640-26c0-4ba0-b424-37e6af0d77e1(uuid9565)
сент. 19, 2025 6:42:49 PM webapp.storage.AbstractStorage save
INFO: &amp#27;[32mSave 10353463-f5d0-4817-8cc1-26608f7640fb(uuid9566)
сент. 19, 2025 6:42:49 PM webapp.storage.AbstractStorage save
INFO: &amp#27;[32mSave 53039281-de78-4795-a7bc-aeb212d8b32f(uuid9567)
сент. 19, 2025 6:42:49 PM webapp.storage.AbstractStorage save
INFO: &amp#27;[32mSave 5e330bff-2abb-4c42-8dfa-52b28e22633f(uuid9568)
сент. 19, 2025 6:42:49 PM webapp.storage.AbstractStorage save
INFO: &amp#27;[32mSave 47cc945e-900e-45f1-abbd-fa28a67c3506(uuid9569)
сент. 19, 2025 6:42:49 PM webapp.storage.AbstractStorage save
INFO: &amp#27;[32mSave 83eac28c-0900-44c5-8e3a-82a98e858f28(uuid9570)
сент. 19, 2025 6:42:49 PM webapp.storage.AbstractStorage save
INFO: &amp#27;[32mSave cdeb637b-65ea-40e2-8838-420432545d82(uuid9571)
сент. 19, 2025 6:42:49 PM webapp.storage.AbstractStorage save
INFO: &amp#27;[32mSave 3015c782-0667-4832-a78a-fc2f88770394(uuid9572)
сент. 19, 2025 6:42:49 PM webapp.storage.AbstractStorage save
INFO: &amp#27;[32mSave 9dc59ec8-fe7a-496a-992d-a25589d40451(uuid9573)
сент. 19, 2025 6:42:49 PM webapp.storage.AbstractStorage save
INFO: &amp#27;[32mSave 431549c6-5f0f-4f8c-9f62-d519255da78f(uuid9574)
сент. 19, 2025 6:42:49 PM webapp.storage.AbstractStorage save
INFO: &amp#27;[32mSave 7dac60fa-a288-4d0e-aca2-ce355c702e4f(uuid9575)
сент. 19, 2025 6:42:49 PM webapp.storage.AbstractStorage save
INFO: &amp#27;[32mSave 551687af-6a4e-4d27-aedd-ab5b1339108f(uuid9576)
сент. 19, 2025 6:42:49 PM webapp.storage.AbstractStorage save
INFO: &amp#27;[32mSave 16749147-1f26-4ab9-8a8c-5eb53f2e4d26(uuid9577)
сент. 19, 2025 6:42:49 PM webapp.storage.AbstractStorage save
INFO: &amp#27;[32mSave 149d8f0b-27ae-45ef-b5e8-0d83963a96e0(uuid9578)
сент. 19, 2025 6:42:49 PM webapp.storage.AbstractStorage save
INFO: &amp#27;[32mSave 7c2dc303-ac5a-4a7d-ade5-63e26cae7284(uuid9579)
сент. 19, 2025 6:42:49 PM webapp.storage.AbstractStorage save
INFO: &amp#27;[32mSave a2617c9f-e235-4fda-991f-e1c56332777d(uuid9580)
сент. 19, 2025 6:42:49 PM webapp.storage.AbstractStorage save
INFO: &amp#27;[32mSave 1f4799a0-501e-44b9-bb4a-cdc2f3e5fa71(uuid9581)
сент. 19, 2025 6:42:49 PM webapp.storage.AbstractStorage save
INFO: &amp#27;[32mSave 6f5e4f31-a8d4-4659-b4bf-863ea1640b10(uuid9582)
сент. 19, 2025 6:42:49 PM webapp.storage.AbstractStorage save
INFO: &amp#27;[32mSave 27ca6746-ef68-4429-b0e1-64b60e6cff26(uuid9583)
сент. 19, 2025 6:42:49 PM webapp.storage.AbstractStorage save
INFO: &amp#27;[32mSave 985f9c80-bab2-49d5-ae77-5e79fdfe4f9c(uuid9584)
сент. 19, 2025 6:42:49 PM webapp.storage.AbstractStorage save
INFO: &amp#27;[32mSave 5b5e2500-19b6-4949-bb4e-ac4e03d5f0b8(uuid9585)
сент. 19, 2025 6:42:49 PM webapp.storage.AbstractStorage save
INFO: &amp#27;[32mSave 65b3fa54-d5d5-49c5-955b-533f269e943d(uuid9586)
сент. 19, 2025 6:42:49 PM webapp.storage.AbstractStorage save
INFO: &amp#27;[32mSave bfdfea9d-daa0-460a-ada9-9ebe107b5431(uuid9587)
сент. 19, 2025 6:42:49 PM webapp.storage.AbstractStorage save
INFO: &amp#27;[32mSave 90b23cce-1b61-4b8c-a3ff-e8b9eb15c8e6(uuid9588)
сент. 19, 2025 6:42:49 PM webapp.storage.AbstractStorage save
INFO: &amp#27;[32mSave 8311fd6e-6bd4-44d6-93e8-3ed791b9708f(uuid9589)
сент. 19, 2025 6:42:49 PM webapp.storage.AbstractStorage save
INFO: &amp#27;[32mSave cd88ba15-6110-4ae2-95eb-d48a5b86db9c(uuid9590)
сент. 19, 2025 6:42:49 PM webapp.storage.AbstractStorage save
INFO: &amp#27;[32mSave 3257fec6-8491-4717-8bc5-e8aecd2c5c5f(uuid9591)
сент. 19, 2025 6:42:49 PM webapp.storage.AbstractStorage save
INFO: &amp#27;[32mSave 33734b70-6554-4bb9-a627-9e3b48b1bef4(uuid9592)
сент. 19, 2025 6:42:49 PM webapp.storage.AbstractStorage save
INFO: &amp#27;[32mSave a740c3a7-e539-4a8c-95ee-0b8befa1cf49(uuid9593)
сент. 19, 2025 6:42:49 PM webapp.storage.AbstractStorage save
INFO: &amp#27;[32mSave d109ed2b-59ce-4ebe-a340-e055fa316d57(uuid9594)
сент. 19, 2025 6:42:49 PM webapp.storage.AbstractStorage save
INFO: &amp#27;[32mSave d27b86fe-3926-4772-a156-2144ca409876(uuid9595)
сент. 19, 2025 6:42:49 PM webapp.storage.AbstractStorage save
INFO: &amp#27;[32mSave aee185b4-9433-44a3-abc4-8ebec67bf2da(uuid9596)
сент. 19, 2025 6:42:49 PM webapp.storage.AbstractStorage save
INFO: &amp#27;[32mSave fcb24683-f3c6-41fe-a391-94d166e4b4d0(uuid9597)
сент. 19, 2025 6:42:49 PM webapp.storage.AbstractStorage save
INFO: &amp#27;[32mSave c6352c44-eb91-4b80-afda-c9dadacaf4a4(uuid9598)
сент. 19, 2025 6:42:49 PM webapp.storage.AbstractStorage save
INFO: &amp#27;[32mSave 91fa2beb-b9a6-4bfb-8ee8-703822d3c796(uuid9599)
сент. 19, 2025 6:42:49 PM webapp.storage.AbstractStorage save
INFO: &amp#27;[32mSave c881c898-f14a-457f-9d8a-8655f03a61bf(uuid9600)
сент. 19, 2025 6:42:49 PM webapp.storage.AbstractStorage save
INFO: &amp#27;[32mSave 49ba5f90-d220-4d5d-9cc9-3417ea8a4be9(uuid9601)
сент. 19, 2025 6:42:49 PM webapp.storage.AbstractStorage save
INFO: &amp#27;[32mSave fd2040b4-6b67-4edb-880b-d289415816a2(uuid9602)
сент. 19, 2025 6:42:49 PM webapp.storage.AbstractStorage save
INFO: &amp#27;[32mSave 3abcc36d-6964-4c4a-b597-3b2fe49d5ef9(uuid9603)
сент. 19, 2025 6:42:49 PM webapp.storage.AbstractStorage save
INFO: &amp#27;[32mSave 35d9dd79-fe17-42a4-a665-86746996a2d2(uuid9604)
сент. 19, 2025 6:42:49 PM webapp.storage.AbstractStorage save
INFO: &amp#27;[32mSave 20e8ac4d-6869-449a-a9f9-8437c18ac454(uuid9605)
сент. 19, 2025 6:42:49 PM webapp.storage.AbstractStorage save
INFO: &amp#27;[32mSave b0d3583f-4661-4bea-b944-9179cce56802(uuid9606)
сент. 19, 2025 6:42:49 PM webapp.storage.AbstractStorage save
INFO: &amp#27;[32mSave 99131692-3729-4f9a-bf4f-4aa164016c85(uuid9607)
сент. 19, 2025 6:42:49 PM webapp.storage.AbstractStorage save
INFO: &amp#27;[32mSave 0638966c-26ae-43f9-b13f-33d5310a0325(uuid9608)
сент. 19, 2025 6:42:49 PM webapp.storage.AbstractStorage save
INFO: &amp#27;[32mSave 631734fa-f326-4541-b74f-dcdbb77c6677(uuid9609)
сент. 19, 2025 6:42:49 PM webapp.storage.AbstractStorage save
INFO: &amp#27;[32mSave 52c2e8ae-9aff-429d-ab04-7c591ffbcf2c(uuid9610)
сент. 19, 2025 6:42:49 PM webapp.storage.AbstractStorage save
INFO: &amp#27;[32mSave 63b31f4c-10ba-41ba-bbaa-029b42506f3f(uuid9611)
сент. 19, 2025 6:42:49 PM webapp.storage.AbstractStorage save
INFO: &amp#27;[32mSave 94702668-9b6d-4167-958f-fee53886cd7e(uuid9612)
сент. 19, 2025 6:42:49 PM webapp.storage.AbstractStorage save
INFO: &amp#27;[32mSave dcfcf281-6702-4669-8aa6-37aa71054fc3(uuid9613)
сент. 19, 2025 6:42:49 PM webapp.storage.AbstractStorage save
INFO: &amp#27;[32mSave 90a5abc7-8b59-49da-9e9c-dccef22c834e(uuid9614)
сент. 19, 2025 6:42:49 PM webapp.storage.AbstractStorage save
INFO: &amp#27;[32mSave 7fe55f77-3d60-49a1-8176-5a5bb393838f(uuid9615)
сент. 19, 2025 6:42:49 PM webapp.storage.AbstractStorage save
INFO: &amp#27;[32mSave fc517ad0-4ffc-4cdf-888d-663bdfa592df(uuid9616)
сент. 19, 2025 6:42:49 PM webapp.storage.AbstractStorage save
INFO: &amp#27;[32mSave 19c427dd-2eba-43ab-a257-8415ddec86c5(uuid9617)
сент. 19, 2025 6:42:49 PM webapp.storage.AbstractStorage save
INFO: &amp#27;[32mSave 3182a44f-f012-4174-ab51-7f4cfa1fe1ed(uuid9618)
сент. 19, 2025 6:42:49 PM webapp.storage.AbstractStorage save
INFO: &amp#27;[32mSave 2e815993-d4b3-480a-91a4-de89645af54b(uuid9619)
сент. 19, 2025 6:42:49 PM webapp.storage.AbstractStorage save
INFO: &amp#27;[32mSave 44ca26e3-6b7e-41f0-a980-646bda9996f3(uuid9620)
сент. 19, 2025 6:42:49 PM webapp.storage.AbstractStorage save
INFO: &amp#27;[32mSave 77fac20a-633c-408f-a88e-ecf5c0c6b85f(uuid9621)
сент. 19, 2025 6:42:49 PM webapp.storage.AbstractStorage save
INFO: &amp#27;[32mSave 51ea384c-69de-431a-a6f7-2adb93451152(uuid9622)
сент. 19, 2025 6:42:49 PM webapp.storage.AbstractStorage save
INFO: &amp#27;[32mSave fe9a9b49-c51b-4587-bfa2-ddb43fd4e4f1(uuid9623)
сент. 19, 2025 6:42:49 PM webapp.storage.AbstractStorage save
INFO: &amp#27;[32mSave 12068a98-b230-403e-91f7-896473847cf8(uuid9624)
сент. 19, 2025 6:42:49 PM webapp.storage.AbstractStorage save
INFO: &amp#27;[32mSave b510065a-c6b7-4ba2-8b4b-caa25b7e5507(uuid9625)
сент. 19, 2025 6:42:49 PM webapp.storage.AbstractStorage save
INFO: &amp#27;[32mSave 757ed53f-3d61-4392-8f8b-8af610344dce(uuid9626)
сент. 19, 2025 6:42:49 PM webapp.storage.AbstractStorage save
INFO: &amp#27;[32mSave 82cae394-3209-4344-9bca-64fefab53a73(uuid9627)
сент. 19, 2025 6:42:49 PM webapp.storage.AbstractStorage save
INFO: &amp#27;[32mSave be81f3b4-9b9a-4e4b-a284-c73ff07d384b(uuid9628)
сент. 19, 2025 6:42:49 PM webapp.storage.AbstractStorage save
INFO: &amp#27;[32mSave 45f817c9-d90a-4202-8c12-64245f8b438d(uuid9629)
сент. 19, 2025 6:42:49 PM webapp.storage.AbstractStorage save
INFO: &amp#27;[32mSave d3a4ff33-f67b-4a26-8c8f-e6c7d8454e06(uuid9630)
сент. 19, 2025 6:42:49 PM webapp.storage.AbstractStorage save
INFO: &amp#27;[32mSave 369799a7-ae6a-4ca3-917a-94fec28de7fe(uuid9631)
сент. 19, 2025 6:42:49 PM webapp.storage.AbstractStorage save
INFO: &amp#27;[32mSave 2cf54ebb-ce84-4bc2-bafd-7667efa1de78(uuid9632)
сент. 19, 2025 6:42:49 PM webapp.storage.AbstractStorage save
INFO: &amp#27;[32mSave 9e19e5b2-b9da-425d-92d9-e8bb000ef562(uuid9633)
сент. 19, 2025 6:42:49 PM webapp.storage.AbstractStorage save
INFO: &amp#27;[32mSave b3f8f99d-51be-4afb-9638-5e73f74678c5(uuid9634)
сент. 19, 2025 6:42:49 PM webapp.storage.AbstractStorage save
INFO: &amp#27;[32mSave 3592c448-2b69-4aac-bbcf-1a630429d768(uuid9635)
сент. 19, 2025 6:42:49 PM webapp.storage.AbstractStorage save
INFO: &amp#27;[32mSave 78b00ee9-0f89-4af4-89e2-f7714276309c(uuid9636)
сент. 19, 2025 6:42:49 PM webapp.storage.AbstractStorage save
INFO: &amp#27;[32mSave dc5dec76-2c54-4576-be0b-08d019dee745(uuid9637)
сент. 19, 2025 6:42:49 PM webapp.storage.AbstractStorage save
INFO: &amp#27;[32mSave 456ab3d8-2e64-4a3d-a838-3dfc7a53a171(uuid9638)
сент. 19, 2025 6:42:49 PM webapp.storage.AbstractStorage save
INFO: &amp#27;[32mSave 9b5d1916-d3e7-478e-a6b1-0804fea727c5(uuid9639)
сент. 19, 2025 6:42:49 PM webapp.storage.AbstractStorage save
INFO: &amp#27;[32mSave bcaee8d6-18fc-4b35-8eb0-0c2cc916b87a(uuid9640)
сент. 19, 2025 6:42:49 PM webapp.storage.AbstractStorage save
INFO: &amp#27;[32mSave b8bae2a8-858a-4c6e-afd8-b00ab45a9c9d(uuid9641)
сент. 19, 2025 6:42:49 PM webapp.storage.AbstractStorage save
INFO: &amp#27;[32mSave 469259a9-7f76-4e3f-b3e6-e7408acee5ca(uuid9642)
сент. 19, 2025 6:42:49 PM webapp.storage.AbstractStorage save
INFO: &amp#27;[32mSave c14036e2-82fd-4997-af49-947355a3623a(uuid9643)
сент. 19, 2025 6:42:49 PM webapp.storage.AbstractStorage save
INFO: &amp#27;[32mSave a0da96a5-fb92-4dc0-8f79-f599843a4250(uuid9644)
сент. 19, 2025 6:42:49 PM webapp.storage.AbstractStorage save
INFO: &amp#27;[32mSave 68919168-9538-45cf-95f0-a4c74e6189a0(uuid9645)
сент. 19, 2025 6:42:49 PM webapp.storage.AbstractStorage save
INFO: &amp#27;[32mSave 76f30607-5295-4815-a814-aadb71cd61b9(uuid9646)
сент. 19, 2025 6:42:49 PM webapp.storage.AbstractStorage save
INFO: &amp#27;[32mSave 7769eaff-15e0-4ebe-a5db-8b83c6b481d4(uuid9647)
сент. 19, 2025 6:42:49 PM webapp.storage.AbstractStorage save
INFO: &amp#27;[32mSave 35db535e-f64d-44f3-b569-e93e65f6c3e1(uuid9648)
сент. 19, 2025 6:42:49 PM webapp.storage.AbstractStorage save
INFO: &amp#27;[32mSave e6c015d1-6b99-4d90-a9da-3296f67e56e2(uuid9649)
сент. 19, 2025 6:42:49 PM webapp.storage.AbstractStorage save
INFO: &amp#27;[32mSave 2f81f003-bcce-4cf1-acc3-3a9d99cf7097(uuid9650)
сент. 19, 2025 6:42:49 PM webapp.storage.AbstractStorage save
INFO: &amp#27;[32mSave 781532c8-3610-4886-897a-0b481afca075(uuid9651)
сент. 19, 2025 6:42:49 PM webapp.storage.AbstractStorage save
INFO: &amp#27;[32mSave 06d1e241-02e2-4af6-a31c-a97bcf5ede78(uuid9652)
сент. 19, 2025 6:42:49 PM webapp.storage.AbstractStorage save
INFO: &amp#27;[32mSave 76d0b65a-d446-47a4-b4d1-43a7513f17cf(uuid9653)
сент. 19, 2025 6:42:49 PM webapp.storage.AbstractStorage save
INFO: &amp#27;[32mSave 98d36b13-8ab0-4147-a763-f25c5744e508(uuid9654)
сент. 19, 2025 6:42:49 PM webapp.storage.AbstractStorage save
INFO: &amp#27;[32mSave 2540ca85-3aa3-4f02-87ac-639699401adf(uuid9655)
сент. 19, 2025 6:42:49 PM webapp.storage.AbstractStorage save
INFO: &amp#27;[32mSave 3e094c57-eea4-4dcd-a0aa-61250fd13f9a(uuid9656)
сент. 19, 2025 6:42:49 PM webapp.storage.AbstractStorage save
INFO: &amp#27;[32mSave 08fa3dfd-53b8-4289-b20b-ad55c66727f1(uuid9657)
сент. 19, 2025 6:42:49 PM webapp.storage.AbstractStorage save
INFO: &amp#27;[32mSave cecb0bd9-212b-417c-8ad7-ea1018002b85(uuid9658)
сент. 19, 2025 6:42:49 PM webapp.storage.AbstractStorage save
INFO: &amp#27;[32mSave 18601591-e165-45d8-8ca0-92a23448018e(uuid9659)
сент. 19, 2025 6:42:49 PM webapp.storage.AbstractStorage save
INFO: &amp#27;[32mSave 0b7bb4ad-12f4-4e26-ad0e-c1ec5fde713f(uuid9660)
сент. 19, 2025 6:42:49 PM webapp.storage.AbstractStorage save
INFO: &amp#27;[32mSave 7f83e714-20fd-4dd1-a9c8-1adc6f1bead8(uuid9661)
сент. 19, 2025 6:42:49 PM webapp.storage.AbstractStorage save
INFO: &amp#27;[32mSave 4d932f87-323c-41c1-9bf4-5653adbab216(uuid9662)
сент. 19, 2025 6:42:49 PM webapp.storage.AbstractStorage save
INFO: &amp#27;[32mSave 6fe41bbe-d347-43b1-9f1c-93022ce187b0(uuid9663)
сент. 19, 2025 6:42:49 PM webapp.storage.AbstractStorage save
INFO: &amp#27;[32mSave 192ab566-0496-4063-a522-b336580e8673(uuid9664)
сент. 19, 2025 6:42:49 PM webapp.storage.AbstractStorage save
INFO: &amp#27;[32mSave 65eecbf4-bc1b-4368-a951-eb11f5f3d7b0(uuid9665)
сент. 19, 2025 6:42:49 PM webapp.storage.AbstractStorage save
INFO: &amp#27;[32mSave e19f1b59-f6b5-4a7c-8f2a-342520e3b8b8(uuid9666)
сент. 19, 2025 6:42:49 PM webapp.storage.AbstractStorage save
INFO: &amp#27;[32mSave 0016ec46-1397-4c0b-88c9-d2190e9c56bb(uuid9667)
сент. 19, 2025 6:42:49 PM webapp.storage.AbstractStorage save
INFO: &amp#27;[32mSave a4790796-b49f-4a84-81da-94b0da88e495(uuid9668)
сент. 19, 2025 6:42:49 PM webapp.storage.AbstractStorage save
INFO: &amp#27;[32mSave 7d94db06-ba57-42ab-93b1-689b2a8239fc(uuid9669)
сент. 19, 2025 6:42:49 PM webapp.storage.AbstractStorage save
INFO: &amp#27;[32mSave 5944d13b-01db-4f66-bf67-341e08008511(uuid9670)
сент. 19, 2025 6:42:49 PM webapp.storage.AbstractStorage save
INFO: &amp#27;[32mSave fc9a1106-5feb-4a8c-a5ac-d51bc410c486(uuid9671)
сент. 19, 2025 6:42:49 PM webapp.storage.AbstractStorage save
INFO: &amp#27;[32mSave 809a5248-bc15-4e60-9aef-8452b92e5c11(uuid9672)
сент. 19, 2025 6:42:49 PM webapp.storage.AbstractStorage save
INFO: &amp#27;[32mSave 8d9bc1a7-4f5e-4a02-87be-f55d879f3543(uuid9673)
сент. 19, 2025 6:42:49 PM webapp.storage.AbstractStorage save
INFO: &amp#27;[32mSave 40b47e78-5672-4f06-97ac-52317636d4ab(uuid9674)
сент. 19, 2025 6:42:49 PM webapp.storage.AbstractStorage save
INFO: &amp#27;[32mSave 67d070b3-08dd-429a-8bf0-4083d92939c6(uuid9675)
сент. 19, 2025 6:42:49 PM webapp.storage.AbstractStorage save
INFO: &amp#27;[32mSave 5548ae74-ba9a-463a-ad13-9ecc8c156cfb(uuid9676)
сент. 19, 2025 6:42:49 PM webapp.storage.AbstractStorage save
INFO: &amp#27;[32mSave 39d889e0-ad90-476e-b6ed-082ea201f01a(uuid9677)
сент. 19, 2025 6:42:49 PM webapp.storage.AbstractStorage save
INFO: &amp#27;[32mSave c2abd740-b8d5-4c99-8475-dddee59203f9(uuid9678)
сент. 19, 2025 6:42:49 PM webapp.storage.AbstractStorage save
INFO: &amp#27;[32mSave 0aafa2ef-72b5-4135-a9ad-c388a42e5e0c(uuid9679)
сент. 19, 2025 6:42:49 PM webapp.storage.AbstractStorage save
INFO: &amp#27;[32mSave c23582c4-2d3a-43cc-a98a-b6b09853659a(uuid9680)
сент. 19, 2025 6:42:49 PM webapp.storage.AbstractStorage save
INFO: &amp#27;[32mSave e0b23c85-2b83-40f5-8dbd-1cb0b22c9c0b(uuid9681)
сент. 19, 2025 6:42:49 PM webapp.storage.AbstractStorage save
INFO: &amp#27;[32mSave 4d87cf7e-dc76-48ca-b468-78a2328c60eb(uuid9682)
сент. 19, 2025 6:42:49 PM webapp.storage.AbstractStorage save
INFO: &amp#27;[32mSave 05f3f446-a470-4bf2-9d88-b2c9ea47037f(uuid9683)
сент. 19, 2025 6:42:49 PM webapp.storage.AbstractStorage save
INFO: &amp#27;[32mSave fb2c1e5f-0431-422f-a5d8-dca3992af122(uuid9684)
сент. 19, 2025 6:42:49 PM webapp.storage.AbstractStorage save
INFO: &amp#27;[32mSave 9c5b5bcf-cf52-4104-b909-caa5c8dc7734(uuid9685)
сент. 19, 2025 6:42:49 PM webapp.storage.AbstractStorage save
INFO: &amp#27;[32mSave aab91da2-5cc0-4995-a18b-bc14745a8865(uuid9686)
сент. 19, 2025 6:42:49 PM webapp.storage.AbstractStorage save
INFO: &amp#27;[32mSave 9c075c05-d609-4c15-8b5f-d580fbfb9fc6(uuid9687)
сент. 19, 2025 6:42:49 PM webapp.storage.AbstractStorage save
INFO: &amp#27;[32mSave 4abf657b-c2e0-4cbb-8f89-21860c2d8efa(uuid9688)
сент. 19, 2025 6:42:49 PM webapp.storage.AbstractStorage save
INFO: &amp#27;[32mSave 9fc095ed-2c2e-483b-a08d-6dc77eda60d7(uuid9689)
сент. 19, 2025 6:42:49 PM webapp.storage.AbstractStorage save
INFO: &amp#27;[32mSave 08db8f46-9362-4268-ad33-076e2f4bfa12(uuid9690)
сент. 19, 2025 6:42:49 PM webapp.storage.AbstractStorage save
INFO: &amp#27;[32mSave c10c3feb-3a8c-45fb-9c9b-af90adca8dae(uuid9691)
сент. 19, 2025 6:42:49 PM webapp.storage.AbstractStorage save
INFO: &amp#27;[32mSave 08dac062-b158-46a1-b105-6b060256bb97(uuid9692)
сент. 19, 2025 6:42:49 PM webapp.storage.AbstractStorage save
INFO: &amp#27;[32mSave e6ec0df1-f83e-4776-9d2b-cb1be7864fe5(uuid9693)
сент. 19, 2025 6:42:49 PM webapp.storage.AbstractStorage save
INFO: &amp#27;[32mSave 4d143d8f-5f08-4412-be33-f7e5f58c8dcd(uuid9694)
сент. 19, 2025 6:42:49 PM webapp.storage.AbstractStorage save
INFO: &amp#27;[32mSave e7eb4e3b-f4fe-4e5e-bdf9-1aa54783bd03(uuid9695)
сент. 19, 2025 6:42:49 PM webapp.storage.AbstractStorage save
INFO: &amp#27;[32mSave 4d10f177-fbfc-4a69-9c61-42aca130d8f0(uuid9696)
сент. 19, 2025 6:42:49 PM webapp.storage.AbstractStorage save
INFO: &amp#27;[32mSave 20c7d0ed-648c-4584-a4d5-452d59e1eeaa(uuid9697)
сент. 19, 2025 6:42:49 PM webapp.storage.AbstractStorage save
INFO: &amp#27;[32mSave 2b540227-b152-4c1c-a96c-637e6124abbb(uuid9698)
сент. 19, 2025 6:42:49 PM webapp.storage.AbstractStorage save
INFO: &amp#27;[32mSave f616751e-a9a5-4fc6-94db-fdbb54fad417(uuid9699)
сент. 19, 2025 6:42:49 PM webapp.storage.AbstractStorage save
INFO: &amp#27;[32mSave ae79facc-cc34-4a2a-ac3a-0d9ebc8816d5(uuid9700)
сент. 19, 2025 6:42:49 PM webapp.storage.AbstractStorage save
INFO: &amp#27;[32mSave abe23348-2ba9-4d0e-ae94-a512b622ea75(uuid9701)
сент. 19, 2025 6:42:49 PM webapp.storage.AbstractStorage save
INFO: &amp#27;[32mSave 97c9dcac-924b-45d9-9231-26eb1221decb(uuid9702)
сент. 19, 2025 6:42:49 PM webapp.storage.AbstractStorage save
INFO: &amp#27;[32mSave 68a4cc1f-7b3a-43e8-b196-1b262f1b5dd4(uuid9703)
сент. 19, 2025 6:42:49 PM webapp.storage.AbstractStorage save
INFO: &amp#27;[32mSave 328e90fc-53e7-4fae-8924-4a001dedd84e(uuid9704)
сент. 19, 2025 6:42:49 PM webapp.storage.AbstractStorage save
INFO: &amp#27;[32mSave 0834de35-f4e7-4491-adb4-cd9caf011f8a(uuid9705)
сент. 19, 2025 6:42:49 PM webapp.storage.AbstractStorage save
INFO: &amp#27;[32mSave 2adde472-0f16-401f-a7cb-8e8443e52293(uuid9706)
сент. 19, 2025 6:42:49 PM webapp.storage.AbstractStorage save
INFO: &amp#27;[32mSave ff80c4e5-883b-469a-90d3-790380552c4b(uuid9707)
сент. 19, 2025 6:42:49 PM webapp.storage.AbstractStorage save
INFO: &amp#27;[32mSave 634368de-404d-4180-9b73-87ec9cabe0d1(uuid9708)
сент. 19, 2025 6:42:49 PM webapp.storage.AbstractStorage save
INFO: &amp#27;[32mSave b77239be-e20a-404a-a683-f58ee8d64565(uuid9709)
сент. 19, 2025 6:42:49 PM webapp.storage.AbstractStorage save
INFO: &amp#27;[32mSave 0607b521-210d-4c07-bd3f-3278812068b3(uuid9710)
сент. 19, 2025 6:42:49 PM webapp.storage.AbstractStorage save
INFO: &amp#27;[32mSave ebc5a0b2-aea0-446a-98f5-69db625317e1(uuid9711)
сент. 19, 2025 6:42:49 PM webapp.storage.AbstractStorage save
INFO: &amp#27;[32mSave 4c985afa-c77e-4530-a5bf-25588ecbbb7b(uuid9712)
сент. 19, 2025 6:42:49 PM webapp.storage.AbstractStorage save
INFO: &amp#27;[32mSave 27c203f2-aa1e-479d-8f72-eff4acd59bc0(uuid9713)
сент. 19, 2025 6:42:49 PM webapp.storage.AbstractStorage save
INFO: &amp#27;[32mSave 9c19fe96-907b-430a-87ea-31f9f5b41ab7(uuid9714)
сент. 19, 2025 6:42:49 PM webapp.storage.AbstractStorage save
INFO: &amp#27;[32mSave 6c09bd0b-88aa-47e4-a553-24db8a95c254(uuid9715)
сент. 19, 2025 6:42:49 PM webapp.storage.AbstractStorage save
INFO: &amp#27;[32mSave e97dac9c-12dd-4a04-8f9d-7fc87cae4cb6(uuid9716)
сент. 19, 2025 6:42:49 PM webapp.storage.AbstractStorage save
INFO: &amp#27;[32mSave 768ed912-7e8a-450b-ba89-32d0d6b0397e(uuid9717)
сент. 19, 2025 6:42:49 PM webapp.storage.AbstractStorage save
INFO: &amp#27;[32mSave 6a8b6eb8-c35b-4d8f-a68b-5a103a1db7a6(uuid9718)
сент. 19, 2025 6:42:49 PM webapp.storage.AbstractStorage save
INFO: &amp#27;[32mSave 783187cd-9455-427c-802b-f697e112919d(uuid9719)
сент. 19, 2025 6:42:49 PM webapp.storage.AbstractStorage save
INFO: &amp#27;[32mSave f2471df8-fbe2-4c70-b797-83a726470a67(uuid9720)
сент. 19, 2025 6:42:49 PM webapp.storage.AbstractStorage save
INFO: &amp#27;[32mSave f20268ef-563a-43b4-882a-92c6cb99a037(uuid9721)
сент. 19, 2025 6:42:49 PM webapp.storage.AbstractStorage save
INFO: &amp#27;[32mSave 01ccf1d7-0949-493b-a75f-f9eebf8d2921(uuid9722)
сент. 19, 2025 6:42:49 PM webapp.storage.AbstractStorage save
INFO: &amp#27;[32mSave 09c2ff86-cc1d-419f-a944-9e1afd227ef9(uuid9723)
сент. 19, 2025 6:42:49 PM webapp.storage.AbstractStorage save
INFO: &amp#27;[32mSave edeba26b-dd66-486a-ac39-3cfde8ef843a(uuid9724)
сент. 19, 2025 6:42:49 PM webapp.storage.AbstractStorage save
INFO: &amp#27;[32mSave 0e4f1fca-d6ca-4458-8f0a-0543e882407e(uuid9725)
сент. 19, 2025 6:42:49 PM webapp.storage.AbstractStorage save
INFO: &amp#27;[32mSave 7ed29bb3-5909-40be-91d5-4b427b342f21(uuid9726)
сент. 19, 2025 6:42:49 PM webapp.storage.AbstractStorage save
INFO: &amp#27;[32mSave 57c13316-4bfb-4294-936f-de136c9fe6b1(uuid9727)
сент. 19, 2025 6:42:49 PM webapp.storage.AbstractStorage save
INFO: &amp#27;[32mSave 9cf5cba2-c5dd-4021-9575-72db3bbfe34f(uuid9728)
сент. 19, 2025 6:42:49 PM webapp.storage.AbstractStorage save
INFO: &amp#27;[32mSave 840347c8-723a-4dd0-b61f-05c85d6eb469(uuid9729)
сент. 19, 2025 6:42:49 PM webapp.storage.AbstractStorage save
INFO: &amp#27;[32mSave 9000ab92-4302-4fb9-aefe-79a894ce4f01(uuid9730)
сент. 19, 2025 6:42:49 PM webapp.storage.AbstractStorage save
INFO: &amp#27;[32mSave 5540d4d9-40a3-400e-8bfd-ed925f50ce61(uuid9731)
сент. 19, 2025 6:42:49 PM webapp.storage.AbstractStorage save
INFO: &amp#27;[32mSave e0daa56d-d513-451e-8c19-d7dfa8af9600(uuid9732)
сент. 19, 2025 6:42:49 PM webapp.storage.AbstractStorage save
INFO: &amp#27;[32mSave cfb2b9d7-9c85-4b85-b4a2-4457ada1deae(uuid9733)
сент. 19, 2025 6:42:49 PM webapp.storage.AbstractStorage save
INFO: &amp#27;[32mSave 78b29b47-cda1-487a-a0e0-d01e1d84a8dc(uuid9734)
сент. 19, 2025 6:42:49 PM webapp.storage.AbstractStorage save
INFO: &amp#27;[32mSave 5648ee60-3bba-42d9-8b54-3db423300fd8(uuid9735)
сент. 19, 2025 6:42:49 PM webapp.storage.AbstractStorage save
INFO: &amp#27;[32mSave 7452ab26-c23c-44f9-8126-8d2abab5da17(uuid9736)
сент. 19, 2025 6:42:49 PM webapp.storage.AbstractStorage save
INFO: &amp#27;[32mSave a14ca8c4-df80-48e5-a096-fb861a6fc99d(uuid9737)
сент. 19, 2025 6:42:49 PM webapp.storage.AbstractStorage save
INFO: &amp#27;[32mSave ea1e0c3a-827f-4bbc-bbf1-5274dec143ba(uuid9738)
сент. 19, 2025 6:42:49 PM webapp.storage.AbstractStorage save
INFO: &amp#27;[32mSave 8375f41d-82fe-4f97-a91d-a37ceb870ca4(uuid9739)
сент. 19, 2025 6:42:49 PM webapp.storage.AbstractStorage save
INFO: &amp#27;[32mSave 5a16e111-d565-4217-bbf1-ac2808e1d181(uuid9740)
сент. 19, 2025 6:42:49 PM webapp.storage.AbstractStorage save
INFO: &amp#27;[32mSave 71deb0ac-8096-42cd-b0a0-f6c80dad46c0(uuid9741)
сент. 19, 2025 6:42:49 PM webapp.storage.AbstractStorage save
INFO: &amp#27;[32mSave 61fe3e0e-555a-47b2-8505-e379d283e14f(uuid9742)
сент. 19, 2025 6:42:49 PM webapp.storage.AbstractStorage save
INFO: &amp#27;[32mSave f8e1619a-ca90-4556-a0a6-e5aa192eb7df(uuid9743)
сент. 19, 2025 6:42:49 PM webapp.storage.AbstractStorage save
INFO: &amp#27;[32mSave 64cce9d0-b9b6-459f-a5bf-ec0a88288238(uuid9744)
сент. 19, 2025 6:42:49 PM webapp.storage.AbstractStorage save
INFO: &amp#27;[32mSave aa055446-5cc1-42ed-8753-f45084cccb9a(uuid9745)
сент. 19, 2025 6:42:49 PM webapp.storage.AbstractStorage save
INFO: &amp#27;[32mSave f4ffe9bb-88d8-4917-8ac4-6522f632753f(uuid9746)
сент. 19, 2025 6:42:49 PM webapp.storage.AbstractStorage save
INFO: &amp#27;[32mSave 330e6fe9-8132-4ed0-ae9f-76e5e7d999d4(uuid9747)
сент. 19, 2025 6:42:49 PM webapp.storage.AbstractStorage save
INFO: &amp#27;[32mSave 9b631e7f-170d-4b89-b4ce-f88c46a080aa(uuid9748)
сент. 19, 2025 6:42:49 PM webapp.storage.AbstractStorage save
INFO: &amp#27;[32mSave 7190b391-a2b9-4c22-9029-33ef75610308(uuid9749)
сент. 19, 2025 6:42:49 PM webapp.storage.AbstractStorage save
INFO: &amp#27;[32mSave aff61379-12f7-4aea-9310-e1f9a79bc35f(uuid9750)
сент. 19, 2025 6:42:49 PM webapp.storage.AbstractStorage save
INFO: &amp#27;[32mSave 7a5759e6-d765-4f3b-ae5e-45c3958012b2(uuid9751)
сент. 19, 2025 6:42:49 PM webapp.storage.AbstractStorage save
INFO: &amp#27;[32mSave a6006eff-6853-4895-8061-876f5fa866e6(uuid9752)
сент. 19, 2025 6:42:49 PM webapp.storage.AbstractStorage save
INFO: &amp#27;[32mSave c65655ac-6975-4fef-a1b2-438615506b24(uuid9753)
сент. 19, 2025 6:42:49 PM webapp.storage.AbstractStorage save
INFO: &amp#27;[32mSave 6005573a-bc60-4de2-9fc6-bf963f712456(uuid9754)
сент. 19, 2025 6:42:49 PM webapp.storage.AbstractStorage save
INFO: &amp#27;[32mSave 071f8f5b-a35a-4a3b-a5bf-2727d35701e3(uuid9755)
сент. 19, 2025 6:42:49 PM webapp.storage.AbstractStorage save
INFO: &amp#27;[32mSave d4e504ef-fc58-49b4-9c8a-e8f60ebd5562(uuid9756)
сент. 19, 2025 6:42:49 PM webapp.storage.AbstractStorage save
INFO: &amp#27;[32mSave 968aedfd-bf23-4a62-8e99-4fabed4475c5(uuid9757)
сент. 19, 2025 6:42:49 PM webapp.storage.AbstractStorage save
INFO: &amp#27;[32mSave 3bf9ca0e-4018-4e38-9cd9-e4ad8c8a01a2(uuid9758)
сент. 19, 2025 6:42:49 PM webapp.storage.AbstractStorage save
INFO: &amp#27;[32mSave befc5e90-8202-4cd8-9146-d26c8b94b076(uuid9759)
сент. 19, 2025 6:42:49 PM webapp.storage.AbstractStorage save
INFO: &amp#27;[32mSave 2eb14724-24b7-47b5-87b9-01bfb6d0f94f(uuid9760)
сент. 19, 2025 6:42:49 PM webapp.storage.AbstractStorage save
INFO: &amp#27;[32mSave d4828122-d846-4f28-b1ad-3c1a08138b4f(uuid9761)
сент. 19, 2025 6:42:49 PM webapp.storage.AbstractStorage save
INFO: &amp#27;[32mSave 1e3a82ac-1b8e-4bb4-8ce5-809b3bf5a164(uuid9762)
сент. 19, 2025 6:42:49 PM webapp.storage.AbstractStorage save
INFO: &amp#27;[32mSave 9234daf8-61d6-4cc8-9233-bff30b7c6d4c(uuid9763)
сент. 19, 2025 6:42:49 PM webapp.storage.AbstractStorage save
INFO: &amp#27;[32mSave 03c6bc2b-5df8-4021-87de-a25e4fb0ad1f(uuid9764)
сент. 19, 2025 6:42:49 PM webapp.storage.AbstractStorage save
INFO: &amp#27;[32mSave c9d8f538-97f1-4b8e-98d2-f9e565f08fdb(uuid9765)
сент. 19, 2025 6:42:49 PM webapp.storage.AbstractStorage save
INFO: &amp#27;[32mSave ce2f8c53-259d-4c6f-995e-e12b3e738004(uuid9766)
сент. 19, 2025 6:42:49 PM webapp.storage.AbstractStorage save
INFO: &amp#27;[32mSave 535af51a-8911-4e97-b60a-b3a369517a01(uuid9767)
сент. 19, 2025 6:42:49 PM webapp.storage.AbstractStorage save
INFO: &amp#27;[32mSave fef298b3-4f90-48a8-89fb-3decfa7defcd(uuid9768)
сент. 19, 2025 6:42:49 PM webapp.storage.AbstractStorage save
INFO: &amp#27;[32mSave 03ae0924-62f1-4f3a-8494-dbd00a93f3fc(uuid9769)
сент. 19, 2025 6:42:49 PM webapp.storage.AbstractStorage save
INFO: &amp#27;[32mSave 4ef9a725-5897-45b1-a248-3de84e68d2c9(uuid9770)
сент. 19, 2025 6:42:49 PM webapp.storage.AbstractStorage save
INFO: &amp#27;[32mSave c86eb7b3-7486-4371-a206-1489ebb7503c(uuid9771)
сент. 19, 2025 6:42:49 PM webapp.storage.AbstractStorage save
INFO: &amp#27;[32mSave c8e0b36c-7dd5-4de5-a9a3-7ff1f52bebab(uuid9772)
сент. 19, 2025 6:42:49 PM webapp.storage.AbstractStorage save
INFO: &amp#27;[32mSave cfae3d23-c3bc-49f5-b5d9-dddce16aff05(uuid9773)
сент. 19, 2025 6:42:49 PM webapp.storage.AbstractStorage save
INFO: &amp#27;[32mSave 4c396f4a-6da0-4777-b456-6aaf0a9b42ab(uuid9774)
сент. 19, 2025 6:42:49 PM webapp.storage.AbstractStorage save
INFO: &amp#27;[32mSave ba267890-1208-47b3-b6cd-08a7d9fb8129(uuid9775)
сент. 19, 2025 6:42:49 PM webapp.storage.AbstractStorage save
INFO: &amp#27;[32mSave 83b80569-1c6c-40b3-8aad-56777655484a(uuid9776)
сент. 19, 2025 6:42:49 PM webapp.storage.AbstractStorage save
INFO: &amp#27;[32mSave 3f5fa35a-d4c7-4611-a365-1e3762e438e6(uuid9777)
сент. 19, 2025 6:42:49 PM webapp.storage.AbstractStorage save
INFO: &amp#27;[32mSave 7a380607-540c-4f98-bfe6-e38c09247b9f(uuid9778)
сент. 19, 2025 6:42:49 PM webapp.storage.AbstractStorage save
INFO: &amp#27;[32mSave a8abd585-bdb1-4cfe-9f00-db49b6cb653b(uuid9779)
сент. 19, 2025 6:42:49 PM webapp.storage.AbstractStorage save
INFO: &amp#27;[32mSave 4c580e1b-bd77-4ea6-88d0-d3d3bfce95af(uuid9780)
сент. 19, 2025 6:42:49 PM webapp.storage.AbstractStorage save
INFO: &amp#27;[32mSave eaae5fa7-a89b-4532-9e5f-c16c8bed0742(uuid9781)
сент. 19, 2025 6:42:49 PM webapp.storage.AbstractStorage save
INFO: &amp#27;[32mSave 1ebc8697-80cf-4b29-9095-d9729dce21b5(uuid9782)
сент. 19, 2025 6:42:49 PM webapp.storage.AbstractStorage save
INFO: &amp#27;[32mSave 0ae60ef7-9083-4dca-b721-cd7ab643bf79(uuid9783)
сент. 19, 2025 6:42:49 PM webapp.storage.AbstractStorage save
INFO: &amp#27;[32mSave a7309c7c-a326-4699-816d-5d76925e721c(uuid9784)
сент. 19, 2025 6:42:49 PM webapp.storage.AbstractStorage save
INFO: &amp#27;[32mSave 3d0e750f-50d4-43a0-90fa-92cd228daf33(uuid9785)
сент. 19, 2025 6:42:49 PM webapp.storage.AbstractStorage save
INFO: &amp#27;[32mSave 9c3f931b-56fa-4a02-ad6c-9e7e06875060(uuid9786)
сент. 19, 2025 6:42:49 PM webapp.storage.AbstractStorage save
INFO: &amp#27;[32mSave b5201573-10b7-4e49-be8f-b81e3e092fa4(uuid9787)
сент. 19, 2025 6:42:49 PM webapp.storage.AbstractStorage save
INFO: &amp#27;[32mSave 709953a3-cf7d-4b10-950e-6cf80ffd9b5c(uuid9788)
сент. 19, 2025 6:42:49 PM webapp.storage.AbstractStorage save
INFO: &amp#27;[32mSave e864f3b4-f9c7-4793-9d5a-867311faa96d(uuid9789)
сент. 19, 2025 6:42:49 PM webapp.storage.AbstractStorage save
INFO: &amp#27;[32mSave 1e1f82a1-cc82-4937-9a86-4a9e6221f89b(uuid9790)
сент. 19, 2025 6:42:49 PM webapp.storage.AbstractStorage save
INFO: &amp#27;[32mSave 0a6a1a51-8580-45d9-b88c-18535cb3dbcf(uuid9791)
сент. 19, 2025 6:42:49 PM webapp.storage.AbstractStorage save
INFO: &amp#27;[32mSave cd59d973-3b8a-49bd-8482-e0113eb03229(uuid9792)
сент. 19, 2025 6:42:49 PM webapp.storage.AbstractStorage save
INFO: &amp#27;[32mSave bda95c07-8aab-47a9-8e31-69e604a71711(uuid9793)
сент. 19, 2025 6:42:49 PM webapp.storage.AbstractStorage save
INFO: &amp#27;[32mSave 6341e0e9-7bb4-449c-9643-e952633830b2(uuid9794)
сент. 19, 2025 6:42:49 PM webapp.storage.AbstractStorage save
INFO: &amp#27;[32mSave 1f4850cf-ae68-4c35-ac1d-911bf511362b(uuid9795)
сент. 19, 2025 6:42:49 PM webapp.storage.AbstractStorage save
INFO: &amp#27;[32mSave db4a4b0a-5b4f-479c-a62e-335da761a7e8(uuid9796)
сент. 19, 2025 6:42:49 PM webapp.storage.AbstractStorage save
INFO: &amp#27;[32mSave 5f0d8a98-be59-4ba3-8b3f-577a07efb3da(uuid9797)
сент. 19, 2025 6:42:49 PM webapp.storage.AbstractStorage save
INFO: &amp#27;[32mSave 50babc83-fca9-44c2-92d6-46afa9678bab(uuid9798)
сент. 19, 2025 6:42:49 PM webapp.storage.AbstractStorage save
INFO: &amp#27;[32mSave 2bc2cced-3e00-4139-a171-985d607e97d9(uuid9799)
сент. 19, 2025 6:42:49 PM webapp.storage.AbstractStorage save
INFO: &amp#27;[32mSave d6278000-54e8-4b10-a60a-f8f10024ac68(uuid9800)
сент. 19, 2025 6:42:49 PM webapp.storage.AbstractStorage save
INFO: &amp#27;[32mSave 01a62c99-38c3-426c-982f-50f3a657406e(uuid9801)
сент. 19, 2025 6:42:49 PM webapp.storage.AbstractStorage save
INFO: &amp#27;[32mSave 38fb0e6c-fc71-4784-b1bb-f6a38f623c04(uuid9802)
сент. 19, 2025 6:42:49 PM webapp.storage.AbstractStorage save
INFO: &amp#27;[32mSave d600de4f-11f0-487d-815c-f34f2a31881b(uuid9803)
сент. 19, 2025 6:42:49 PM webapp.storage.AbstractStorage save
INFO: &amp#27;[32mSave 88cbca16-5428-4eef-97d7-b76cd7c706e2(uuid9804)
сент. 19, 2025 6:42:49 PM webapp.storage.AbstractStorage save
INFO: &amp#27;[32mSave 42425223-9055-4529-b5db-e39d6787b4dd(uuid9805)
сент. 19, 2025 6:42:49 PM webapp.storage.AbstractStorage save
INFO: &amp#27;[32mSave b5039197-67f8-4446-80db-4da29f1632db(uuid9806)
сент. 19, 2025 6:42:49 PM webapp.storage.AbstractStorage save
INFO: &amp#27;[32mSave 456399c3-15dd-4f01-80fb-558c2ee5b491(uuid9807)
сент. 19, 2025 6:42:49 PM webapp.storage.AbstractStorage save
INFO: &amp#27;[32mSave 1d754b82-6962-4aa7-821b-79b589ae3b8b(uuid9808)
сент. 19, 2025 6:42:49 PM webapp.storage.AbstractStorage save
INFO: &amp#27;[32mSave 9c7c7144-1ede-4f0b-be30-e62a48c5d83d(uuid9809)
сент. 19, 2025 6:42:49 PM webapp.storage.AbstractStorage save
INFO: &amp#27;[32mSave 152848e9-2a10-4600-8c38-22f6b98df611(uuid9810)
сент. 19, 2025 6:42:49 PM webapp.storage.AbstractStorage save
INFO: &amp#27;[32mSave d82327c1-e3ca-4ee5-8da8-a7bddef3148c(uuid9811)
сент. 19, 2025 6:42:49 PM webapp.storage.AbstractStorage save
INFO: &amp#27;[32mSave 3af9a924-c4f5-4987-8f47-403fc9cbfbe8(uuid9812)
сент. 19, 2025 6:42:49 PM webapp.storage.AbstractStorage save
INFO: &amp#27;[32mSave 41e53c3a-d177-4a64-86a9-784d5ff948e5(uuid9813)
сент. 19, 2025 6:42:49 PM webapp.storage.AbstractStorage save
INFO: &amp#27;[32mSave add9e39b-1a1f-488a-8095-2a0a7c2baaff(uuid9814)
сент. 19, 2025 6:42:49 PM webapp.storage.AbstractStorage save
INFO: &amp#27;[32mSave 3d1dab93-eb32-470e-869d-6c6d4fa55eb7(uuid9815)
сент. 19, 2025 6:42:49 PM webapp.storage.AbstractStorage save
INFO: &amp#27;[32mSave 0e5d8c58-7d3f-4522-88a0-3f59200495e1(uuid9816)
сент. 19, 2025 6:42:49 PM webapp.storage.AbstractStorage save
INFO: &amp#27;[32mSave 11dff76c-b29a-45c5-baf7-8d5c75737df8(uuid9817)
сент. 19, 2025 6:42:49 PM webapp.storage.AbstractStorage save
INFO: &amp#27;[32mSave bb0c920b-12b0-4250-b5f5-3baacb04968f(uuid9818)
сент. 19, 2025 6:42:49 PM webapp.storage.AbstractStorage save
INFO: &amp#27;[32mSave 5c38de15-8960-4d98-9f1c-f62b6e74bce3(uuid9819)
сент. 19, 2025 6:42:49 PM webapp.storage.AbstractStorage save
INFO: &amp#27;[32mSave 0be46306-475b-4e1d-8c69-9a5d9568c40f(uuid9820)
сент. 19, 2025 6:42:49 PM webapp.storage.AbstractStorage save
INFO: &amp#27;[32mSave c9c1b832-42ca-4341-a2cd-c22248649779(uuid9821)
сент. 19, 2025 6:42:49 PM webapp.storage.AbstractStorage save
INFO: &amp#27;[32mSave a6f1df09-5df1-4731-864a-a4352576a600(uuid9822)
сент. 19, 2025 6:42:49 PM webapp.storage.AbstractStorage save
INFO: &amp#27;[32mSave 46d1f76d-91a6-439d-9064-388cdf275dc4(uuid9823)
сент. 19, 2025 6:42:49 PM webapp.storage.AbstractStorage save
INFO: &amp#27;[32mSave cd26d7db-86b8-4ce4-a9fe-b61b89ff7816(uuid9824)
сент. 19, 2025 6:42:49 PM webapp.storage.AbstractStorage save
INFO: &amp#27;[32mSave 5bb94331-3847-42e7-a444-ea6a3a5957e8(uuid9825)
сент. 19, 2025 6:42:49 PM webapp.storage.AbstractStorage save
INFO: &amp#27;[32mSave 2d1f02ca-b6c5-4502-98ec-e1db6096348a(uuid9826)
сент. 19, 2025 6:42:49 PM webapp.storage.AbstractStorage save
INFO: &amp#27;[32mSave d79d5b20-e1c4-43ba-9590-467a10da42e1(uuid9827)
сент. 19, 2025 6:42:49 PM webapp.storage.AbstractStorage save
INFO: &amp#27;[32mSave 3729d00f-ac68-4088-ab6a-2e8ecd736770(uuid9828)
сент. 19, 2025 6:42:49 PM webapp.storage.AbstractStorage save
INFO: &amp#27;[32mSave ffe35c1f-0557-44b3-bdc7-555306b2fc05(uuid9829)
сент. 19, 2025 6:42:49 PM webapp.storage.AbstractStorage save
INFO: &amp#27;[32mSave 3f3f74bf-08e7-4653-94b8-bf00822fa663(uuid9830)
сент. 19, 2025 6:42:49 PM webapp.storage.AbstractStorage save
INFO: &amp#27;[32mSave b1c1faf0-36cb-4a59-8e73-018b634db9bc(uuid9831)
сент. 19, 2025 6:42:49 PM webapp.storage.AbstractStorage save
INFO: &amp#27;[32mSave 749db2d5-fde0-4826-985b-a5ea38f2468c(uuid9832)
сент. 19, 2025 6:42:49 PM webapp.storage.AbstractStorage save
INFO: &amp#27;[32mSave d71fe620-0a07-411b-a751-23df17eb9c54(uuid9833)
сент. 19, 2025 6:42:49 PM webapp.storage.AbstractStorage save
INFO: &amp#27;[32mSave 8e020f1a-a977-4357-a5ad-80df1e89387a(uuid9834)
сент. 19, 2025 6:42:49 PM webapp.storage.AbstractStorage save
INFO: &amp#27;[32mSave 64d367ea-11de-4694-8f83-7eba6efc5fd4(uuid9835)
сент. 19, 2025 6:42:49 PM webapp.storage.AbstractStorage save
INFO: &amp#27;[32mSave e5d5d3fd-2552-4301-967b-809b64721635(uuid9836)
сент. 19, 2025 6:42:49 PM webapp.storage.AbstractStorage save
INFO: &amp#27;[32mSave 6dcb652e-ee4d-4092-b8b0-6bb6192c7bc3(uuid9837)
сент. 19, 2025 6:42:49 PM webapp.storage.AbstractStorage save
INFO: &amp#27;[32mSave d3ce3e4a-2788-4f6f-b8fd-6919ec0c8250(uuid9838)
сент. 19, 2025 6:42:49 PM webapp.storage.AbstractStorage save
INFO: &amp#27;[32mSave 3679a547-1038-4035-9816-171befed7c57(uuid9839)
сент. 19, 2025 6:42:49 PM webapp.storage.AbstractStorage save
INFO: &amp#27;[32mSave c501acb3-3654-4e28-9dbe-9b081b18de54(uuid9840)
сент. 19, 2025 6:42:49 PM webapp.storage.AbstractStorage save
INFO: &amp#27;[32mSave 1579f91a-ecb1-4183-95ba-adc081227c59(uuid9841)
сент. 19, 2025 6:42:49 PM webapp.storage.AbstractStorage save
INFO: &amp#27;[32mSave ce3bc245-ed1d-456e-a928-4c9d1d4dadad(uuid9842)
сент. 19, 2025 6:42:49 PM webapp.storage.AbstractStorage save
INFO: &amp#27;[32mSave 1cb5dc92-b9cc-4c33-97df-48db7dce0a0f(uuid9843)
сент. 19, 2025 6:42:49 PM webapp.storage.AbstractStorage save
INFO: &amp#27;[32mSave 047ee936-9980-4efa-9b55-b2b9d3e74a58(uuid9844)
сент. 19, 2025 6:42:49 PM webapp.storage.AbstractStorage save
INFO: &amp#27;[32mSave 8db8e559-812a-4f74-8691-61ef04eafb38(uuid9845)
сент. 19, 2025 6:42:49 PM webapp.storage.AbstractStorage save
INFO: &amp#27;[32mSave ada28157-900f-4400-9787-20cb3a8c0fa4(uuid9846)
сент. 19, 2025 6:42:49 PM webapp.storage.AbstractStorage save
INFO: &amp#27;[32mSave 4f4ef4ce-51fe-4d37-bb6b-c81f4ea8d42c(uuid9847)
сент. 19, 2025 6:42:49 PM webapp.storage.AbstractStorage save
INFO: &amp#27;[32mSave ea14cad5-44c4-4776-860f-e80ac3ba40c2(uuid9848)
сент. 19, 2025 6:42:49 PM webapp.storage.AbstractStorage save
INFO: &amp#27;[32mSave a8ddccd3-6b4c-4bd2-82e9-4cb9a7e30d54(uuid9849)
сент. 19, 2025 6:42:49 PM webapp.storage.AbstractStorage save
INFO: &amp#27;[32mSave 35bf73bd-1f38-4292-8bfa-02646a2c8c8b(uuid9850)
сент. 19, 2025 6:42:49 PM webapp.storage.AbstractStorage save
INFO: &amp#27;[32mSave 807ed3d4-818a-46c8-a12f-3081d4bcec30(uuid9851)
сент. 19, 2025 6:42:49 PM webapp.storage.AbstractStorage save
INFO: &amp#27;[32mSave 76d1f25c-a9bb-41ca-b7d9-5c5e7fe8a306(uuid9852)
сент. 19, 2025 6:42:49 PM webapp.storage.AbstractStorage save
INFO: &amp#27;[32mSave 999bab75-eb5c-4b66-9462-963676062c0b(uuid9853)
сент. 19, 2025 6:42:49 PM webapp.storage.AbstractStorage save
INFO: &amp#27;[32mSave 26b44999-473f-49e7-8c37-d50c80cd94c7(uuid9854)
сент. 19, 2025 6:42:49 PM webapp.storage.AbstractStorage save
INFO: &amp#27;[32mSave 790a9114-b3c2-4b2d-8c32-591f9f78510c(uuid9855)
сент. 19, 2025 6:42:49 PM webapp.storage.AbstractStorage save
INFO: &amp#27;[32mSave 94a1671c-2890-4c29-ba33-9cbe0ae7e042(uuid9856)
сент. 19, 2025 6:42:49 PM webapp.storage.AbstractStorage save
INFO: &amp#27;[32mSave 579ec5e2-9dd0-4ba8-ab24-40eac1b2d821(uuid9857)
сент. 19, 2025 6:42:49 PM webapp.storage.AbstractStorage save
INFO: &amp#27;[32mSave 35fdbafe-7633-448c-9eeb-0439d8816317(uuid9858)
сент. 19, 2025 6:42:49 PM webapp.storage.AbstractStorage save
INFO: &amp#27;[32mSave 6b43d4ac-8791-49e8-87f7-d2d03541efd5(uuid9859)
сент. 19, 2025 6:42:49 PM webapp.storage.AbstractStorage save
INFO: &amp#27;[32mSave 7fff5e7a-ab04-4e9c-a638-ef91b0741b2f(uuid9860)
сент. 19, 2025 6:42:49 PM webapp.storage.AbstractStorage save
INFO: &amp#27;[32mSave 54623a2c-4ff3-41c0-bdd0-189fc82ef3a1(uuid9861)
сент. 19, 2025 6:42:49 PM webapp.storage.AbstractStorage save
INFO: &amp#27;[32mSave 093e4399-0c9b-4508-b332-7e8d58e4065d(uuid9862)
сент. 19, 2025 6:42:49 PM webapp.storage.AbstractStorage save
INFO: &amp#27;[32mSave 36cac544-e8ea-4bac-937f-ccfffc34dcd5(uuid9863)
сент. 19, 2025 6:42:49 PM webapp.storage.AbstractStorage save
INFO: &amp#27;[32mSave 91d18ed8-0188-48d7-94ed-8ceccea5a99c(uuid9864)
сент. 19, 2025 6:42:49 PM webapp.storage.AbstractStorage save
INFO: &amp#27;[32mSave 88f5db29-666d-4023-8091-bcf476c97f9a(uuid9865)
сент. 19, 2025 6:42:49 PM webapp.storage.AbstractStorage save
INFO: &amp#27;[32mSave 4d22b8ce-c7a0-4211-ab78-c498a5a4ccc3(uuid9866)
сент. 19, 2025 6:42:49 PM webapp.storage.AbstractStorage save
INFO: &amp#27;[32mSave a16b9606-6948-40ce-a6e2-f09975f7101c(uuid9867)
сент. 19, 2025 6:42:49 PM webapp.storage.AbstractStorage save
INFO: &amp#27;[32mSave ca5b608c-6ad7-45d5-89e2-97c2cc5d7d24(uuid9868)
сент. 19, 2025 6:42:49 PM webapp.storage.AbstractStorage save
INFO: &amp#27;[32mSave 98ee8b63-cdee-4d7e-b820-0eac48c5b6a1(uuid9869)
сент. 19, 2025 6:42:49 PM webapp.storage.AbstractStorage save
INFO: &amp#27;[32mSave e9407c76-3c62-4264-af21-3625f626942d(uuid9870)
сент. 19, 2025 6:42:49 PM webapp.storage.AbstractStorage save
INFO: &amp#27;[32mSave ce9a981e-2ffe-4e13-8653-5ef1edef008f(uuid9871)
сент. 19, 2025 6:42:49 PM webapp.storage.AbstractStorage save
INFO: &amp#27;[32mSave 35df9664-4b27-4217-bd50-bdbde6e68f80(uuid9872)
сент. 19, 2025 6:42:49 PM webapp.storage.AbstractStorage save
INFO: &amp#27;[32mSave 54e1f38a-c2d8-44ad-8abd-2c499e59a2ff(uuid9873)
сент. 19, 2025 6:42:49 PM webapp.storage.AbstractStorage save
INFO: &amp#27;[32mSave d4304fc9-c362-4b3e-bf49-4b4b1b0e8be2(uuid9874)
сент. 19, 2025 6:42:49 PM webapp.storage.AbstractStorage save
INFO: &amp#27;[32mSave 6b94a171-4bb4-4849-8228-47aece909337(uuid9875)
сент. 19, 2025 6:42:49 PM webapp.storage.AbstractStorage save
INFO: &amp#27;[32mSave 26970dce-990f-470b-bddc-30f71d075a89(uuid9876)
сент. 19, 2025 6:42:49 PM webapp.storage.AbstractStorage save
INFO: &amp#27;[32mSave d770c0ae-0fee-48b3-9b6a-a322e23a6e3f(uuid9877)
сент. 19, 2025 6:42:49 PM webapp.storage.AbstractStorage save
INFO: &amp#27;[32mSave 6a5395ba-d99d-4895-9931-ab3540c1558b(uuid9878)
сент. 19, 2025 6:42:49 PM webapp.storage.AbstractStorage save
INFO: &amp#27;[32mSave a47edd06-958c-4518-937f-4609ea3df7ee(uuid9879)
сент. 19, 2025 6:42:49 PM webapp.storage.AbstractStorage save
INFO: &amp#27;[32mSave 4ca2d6fa-c94d-4f08-8e50-52f8af14a06f(uuid9880)
сент. 19, 2025 6:42:49 PM webapp.storage.AbstractStorage save
INFO: &amp#27;[32mSave 798fd370-d358-4175-bbca-b1a1ab3b9ebf(uuid9881)
сент. 19, 2025 6:42:49 PM webapp.storage.AbstractStorage save
INFO: &amp#27;[32mSave 825bca7a-2753-43cb-a89e-f3636b432097(uuid9882)
сент. 19, 2025 6:42:49 PM webapp.storage.AbstractStorage save
INFO: &amp#27;[32mSave d7a50fd4-28e8-490e-9ecb-3cc4f3d97d5e(uuid9883)
сент. 19, 2025 6:42:49 PM webapp.storage.AbstractStorage save
INFO: &amp#27;[32mSave c91d40be-0658-46a6-adc2-2e53e4af8e28(uuid9884)
сент. 19, 2025 6:42:49 PM webapp.storage.AbstractStorage save
INFO: &amp#27;[32mSave 357daffd-fcdb-43b1-8346-d21ad0f1c86e(uuid9885)
сент. 19, 2025 6:42:49 PM webapp.storage.AbstractStorage save
INFO: &amp#27;[32mSave ee7405c1-aaa1-4f91-bc86-4477b1e12b4b(uuid9886)
сент. 19, 2025 6:42:49 PM webapp.storage.AbstractStorage save
INFO: &amp#27;[32mSave 45204939-9985-4b90-82e7-b947cf07097b(uuid9887)
сент. 19, 2025 6:42:49 PM webapp.storage.AbstractStorage save
INFO: &amp#27;[32mSave f7977c7c-b62e-4e50-882b-8c5294c19027(uuid9888)
сент. 19, 2025 6:42:49 PM webapp.storage.AbstractStorage save
INFO: &amp#27;[32mSave aeac83f0-1a19-4c48-ac00-e440ccdb413d(uuid9889)
сент. 19, 2025 6:42:49 PM webapp.storage.AbstractStorage save
INFO: &amp#27;[32mSave f7213487-5b91-4332-be98-73aa926b9e91(uuid9890)
сент. 19, 2025 6:42:49 PM webapp.storage.AbstractStorage save
INFO: &amp#27;[32mSave 976ff3bd-98f4-4413-bf3b-e0622988e5c7(uuid9891)
сент. 19, 2025 6:42:49 PM webapp.storage.AbstractStorage save
INFO: &amp#27;[32mSave 99910784-fcf1-41cc-a14d-49a398981215(uuid9892)
сент. 19, 2025 6:42:49 PM webapp.storage.AbstractStorage save
INFO: &amp#27;[32mSave b867f0ec-b80b-43ed-93d2-e1f7db661c31(uuid9893)
сент. 19, 2025 6:42:49 PM webapp.storage.AbstractStorage save
INFO: &amp#27;[32mSave d47199b8-cc00-480d-ad4b-75071e069cad(uuid9894)
сент. 19, 2025 6:42:49 PM webapp.storage.AbstractStorage save
INFO: &amp#27;[32mSave dd95c7e0-3cb6-4898-936d-9d96daa687bd(uuid9895)
сент. 19, 2025 6:42:49 PM webapp.storage.AbstractStorage save
INFO: &amp#27;[32mSave 58cb3d0a-05dc-4ded-9b5c-421c5d421c35(uuid9896)
сент. 19, 2025 6:42:49 PM webapp.storage.AbstractStorage save
INFO: &amp#27;[32mSave 4892db72-f048-4a3e-87b6-0b8697680d82(uuid9897)
сент. 19, 2025 6:42:49 PM webapp.storage.AbstractStorage save
INFO: &amp#27;[32mSave 71b3190a-24bb-4e24-ac2a-c9ece4ac435a(uuid9898)
сент. 19, 2025 6:42:49 PM webapp.storage.AbstractStorage save
INFO: &amp#27;[32mSave 93a922fa-9bf4-4d89-a994-f8f969b90714(uuid9899)
сент. 19, 2025 6:42:49 PM webapp.storage.AbstractStorage save
INFO: &amp#27;[32mSave a0f93162-4506-4998-8d41-0946ae165d91(uuid9900)
сент. 19, 2025 6:42:49 PM webapp.storage.AbstractStorage save
INFO: &amp#27;[32mSave 2d270295-a48c-4af3-8420-385384a6f5b4(uuid9901)
сент. 19, 2025 6:42:49 PM webapp.storage.AbstractStorage save
INFO: &amp#27;[32mSave 7282b2b0-10cc-48c5-a80b-fe2a3636499d(uuid9902)
сент. 19, 2025 6:42:49 PM webapp.storage.AbstractStorage save
INFO: &amp#27;[32mSave 95cfad4f-32d1-46b8-bdba-54d0b3006edc(uuid9903)
сент. 19, 2025 6:42:49 PM webapp.storage.AbstractStorage save
INFO: &amp#27;[32mSave 31048691-82d9-45f4-a154-53a67893e03f(uuid9904)
сент. 19, 2025 6:42:49 PM webapp.storage.AbstractStorage save
INFO: &amp#27;[32mSave 1d0ecb66-3747-42ca-b565-783842213f1f(uuid9905)
сент. 19, 2025 6:42:49 PM webapp.storage.AbstractStorage save
INFO: &amp#27;[32mSave d961bcbd-8397-4a15-b368-37c9d19ae784(uuid9906)
сент. 19, 2025 6:42:49 PM webapp.storage.AbstractStorage save
INFO: &amp#27;[32mSave b3571877-a05e-4e8d-aa07-2250c9b63c2a(uuid9907)
сент. 19, 2025 6:42:49 PM webapp.storage.AbstractStorage save
INFO: &amp#27;[32mSave 0492e2e4-83cb-442a-aefb-decaef7022dd(uuid9908)
сент. 19, 2025 6:42:49 PM webapp.storage.AbstractStorage save
INFO: &amp#27;[32mSave 7086b4f6-54da-42b1-90f7-2030bf0c2975(uuid9909)
сент. 19, 2025 6:42:49 PM webapp.storage.AbstractStorage save
INFO: &amp#27;[32mSave 3a4f6f9c-c9c8-4d70-9d61-7248c6375629(uuid9910)
сент. 19, 2025 6:42:49 PM webapp.storage.AbstractStorage save
INFO: &amp#27;[32mSave eda6aa2f-658f-4eea-bd80-28183a19899a(uuid9911)
сент. 19, 2025 6:42:49 PM webapp.storage.AbstractStorage save
INFO: &amp#27;[32mSave 413d7e23-47eb-45d6-9172-01f6cbd6f626(uuid9912)
сент. 19, 2025 6:42:49 PM webapp.storage.AbstractStorage save
INFO: &amp#27;[32mSave c96a806d-a0d9-45dd-aa40-56b2333524aa(uuid9913)
сент. 19, 2025 6:42:49 PM webapp.storage.AbstractStorage save
INFO: &amp#27;[32mSave 1b80888c-624e-4ff0-bf61-375025f6d447(uuid9914)
сент. 19, 2025 6:42:49 PM webapp.storage.AbstractStorage save
INFO: &amp#27;[32mSave 36a9a137-c7d8-49e1-a256-261c951e493f(uuid9915)
сент. 19, 2025 6:42:49 PM webapp.storage.AbstractStorage save
INFO: &amp#27;[32mSave 67e486b0-253d-4a75-952c-956fe090273f(uuid9916)
сент. 19, 2025 6:42:49 PM webapp.storage.AbstractStorage save
INFO: &amp#27;[32mSave a65f4e1a-2c1e-4b44-86b3-e9540533672e(uuid9917)
сент. 19, 2025 6:42:49 PM webapp.storage.AbstractStorage save
INFO: &amp#27;[32mSave 10f303a2-7c73-4962-a346-b043ab294f42(uuid9918)
сент. 19, 2025 6:42:49 PM webapp.storage.AbstractStorage save
INFO: &amp#27;[32mSave f5baf665-154b-4f75-9d56-5053a0915a09(uuid9919)
сент. 19, 2025 6:42:49 PM webapp.storage.AbstractStorage save
INFO: &amp#27;[32mSave 3b82f50d-cb40-4360-a16c-c7fff0d60491(uuid9920)
сент. 19, 2025 6:42:49 PM webapp.storage.AbstractStorage save
INFO: &amp#27;[32mSave a1ffeb06-f705-4d34-b860-dbd2ea814866(uuid9921)
сент. 19, 2025 6:42:49 PM webapp.storage.AbstractStorage save
INFO: &amp#27;[32mSave 4e3ffd7d-48ed-4d09-adcd-b62a8a0b36b3(uuid9922)
сент. 19, 2025 6:42:49 PM webapp.storage.AbstractStorage save
INFO: &amp#27;[32mSave ef355537-87a0-43c3-bb7d-2f3dbd1566b9(uuid9923)
сент. 19, 2025 6:42:49 PM webapp.storage.AbstractStorage save
INFO: &amp#27;[32mSave 93cb2de6-c989-4c9a-a43c-2d0bb19b49a3(uuid9924)
сент. 19, 2025 6:42:49 PM webapp.storage.AbstractStorage save
INFO: &amp#27;[32mSave 8d2eb65d-e99e-44d1-ba4a-718ea4dc3160(uuid9925)
сент. 19, 2025 6:42:49 PM webapp.storage.AbstractStorage save
INFO: &amp#27;[32mSave 667ec606-caa6-4c85-b40f-84c585ab2b81(uuid9926)
сент. 19, 2025 6:42:49 PM webapp.storage.AbstractStorage save
INFO: &amp#27;[32mSave a6381c5e-9880-47d5-b9e3-4452786319e6(uuid9927)
сент. 19, 2025 6:42:49 PM webapp.storage.AbstractStorage save
INFO: &amp#27;[32mSave d60b8320-6877-4845-b58f-b33b66b19495(uuid9928)
сент. 19, 2025 6:42:49 PM webapp.storage.AbstractStorage save
INFO: &amp#27;[32mSave 73447118-92ce-45e2-baef-94e27fcb7064(uuid9929)
сент. 19, 2025 6:42:49 PM webapp.storage.AbstractStorage save
INFO: &amp#27;[32mSave 5c74f697-49a5-439c-bfe8-be4058d855e6(uuid9930)
сент. 19, 2025 6:42:49 PM webapp.storage.AbstractStorage save
INFO: &amp#27;[32mSave 798bdfb9-bc51-4ca1-8077-1e92f9308988(uuid9931)
сент. 19, 2025 6:42:49 PM webapp.storage.AbstractStorage save
INFO: &amp#27;[32mSave 3caa1d0a-d892-4b8c-a3b2-2b2caf0062e7(uuid9932)
сент. 19, 2025 6:42:49 PM webapp.storage.AbstractStorage save
INFO: &amp#27;[32mSave 20fa9e0c-3dd9-466a-bcb9-1de5ced055ff(uuid9933)
сент. 19, 2025 6:42:49 PM webapp.storage.AbstractStorage save
INFO: &amp#27;[32mSave e75db00d-70c0-4552-9970-4539fe40c3b4(uuid9934)
сент. 19, 2025 6:42:49 PM webapp.storage.AbstractStorage save
INFO: &amp#27;[32mSave 6e7bc673-457b-402c-9992-0aca961700ea(uuid9935)
сент. 19, 2025 6:42:49 PM webapp.storage.AbstractStorage save
INFO: &amp#27;[32mSave 93e75eba-3d34-48ca-a3e5-4c68eeb75c94(uuid9936)
сент. 19, 2025 6:42:49 PM webapp.storage.AbstractStorage save
INFO: &amp#27;[32mSave 19062a8f-2ff3-4635-b284-89430edf258a(uuid9937)
сент. 19, 2025 6:42:49 PM webapp.storage.AbstractStorage save
INFO: &amp#27;[32mSave ecbf82f9-360c-4559-96cf-e3de1a456a62(uuid9938)
сент. 19, 2025 6:42:49 PM webapp.storage.AbstractStorage save
INFO: &amp#27;[32mSave f7a1ad10-a032-4c50-8b1b-c20326d71c09(uuid9939)
сент. 19, 2025 6:42:49 PM webapp.storage.AbstractStorage save
INFO: &amp#27;[32mSave 152d5e2c-41d4-4cbb-a0d1-46822715fbde(uuid9940)
сент. 19, 2025 6:42:49 PM webapp.storage.AbstractStorage save
INFO: &amp#27;[32mSave feef95e6-7fe3-4a82-8529-9bf8ea45eace(uuid9941)
сент. 19, 2025 6:42:49 PM webapp.storage.AbstractStorage save
INFO: &amp#27;[32mSave 2f3d0aba-c76b-4e57-9100-0ea6e38085e8(uuid9942)
сент. 19, 2025 6:42:49 PM webapp.storage.AbstractStorage save
INFO: &amp#27;[32mSave 840283f4-6830-499d-8673-0f9ba5ed319d(uuid9943)
сент. 19, 2025 6:42:49 PM webapp.storage.AbstractStorage save
INFO: &amp#27;[32mSave 65d3426b-722c-4109-aef6-0e59862f4d3d(uuid9944)
сент. 19, 2025 6:42:49 PM webapp.storage.AbstractStorage save
INFO: &amp#27;[32mSave 601db429-96e8-4cc6-87ed-feef39be8c00(uuid9945)
сент. 19, 2025 6:42:49 PM webapp.storage.AbstractStorage save
INFO: &amp#27;[32mSave 80d91027-05a2-4400-8cc2-a81f5034ad72(uuid9946)
сент. 19, 2025 6:42:49 PM webapp.storage.AbstractStorage save
INFO: &amp#27;[32mSave 3d0475b8-114b-403b-8f38-826eae2d1ff1(uuid9947)
сент. 19, 2025 6:42:49 PM webapp.storage.AbstractStorage save
INFO: &amp#27;[32mSave 445a4371-dde6-4845-80eb-9631b77c21a0(uuid9948)
сент. 19, 2025 6:42:49 PM webapp.storage.AbstractStorage save
INFO: &amp#27;[32mSave 9dfca046-0ced-4001-a8f5-8c3e3797da72(uuid9949)
сент. 19, 2025 6:42:49 PM webapp.storage.AbstractStorage save
INFO: &amp#27;[32mSave c1cc98c3-7740-4942-8744-1c554a3c86ca(uuid9950)
сент. 19, 2025 6:42:49 PM webapp.storage.AbstractStorage save
INFO: &amp#27;[32mSave 3b76ffe6-1a45-49aa-b6ac-ffecdada215f(uuid9951)
сент. 19, 2025 6:42:49 PM webapp.storage.AbstractStorage save
INFO: &amp#27;[32mSave eae9f234-ffeb-4fd9-9afd-bec680def5be(uuid9952)
сент. 19, 2025 6:42:49 PM webapp.storage.AbstractStorage save
INFO: &amp#27;[32mSave 6f630840-42c7-420f-8b73-e37d5f74a41d(uuid9953)
сент. 19, 2025 6:42:49 PM webapp.storage.AbstractStorage save
INFO: &amp#27;[32mSave 804b6f02-eda1-4428-ae41-7b939ee2f95e(uuid9954)
сент. 19, 2025 6:42:49 PM webapp.storage.AbstractStorage save
INFO: &amp#27;[32mSave 57a2e5df-182c-488b-a044-d96049326388(uuid9955)
сент. 19, 2025 6:42:49 PM webapp.storage.AbstractStorage save
INFO: &amp#27;[32mSave 1e109c5a-e0d8-444d-8fe0-e7d953cf6930(uuid9956)
сент. 19, 2025 6:42:49 PM webapp.storage.AbstractStorage save
INFO: &amp#27;[32mSave c3e1711a-7209-44bf-a952-158ba02fb6c0(uuid9957)
сент. 19, 2025 6:42:49 PM webapp.storage.AbstractStorage save
INFO: &amp#27;[32mSave b1c6917b-166c-4eaa-9e83-57e949af8f85(uuid9958)
сент. 19, 2025 6:42:49 PM webapp.storage.AbstractStorage save
INFO: &amp#27;[32mSave 2b807e5a-a19d-47b3-9a7c-8e2433202880(uuid9959)
сент. 19, 2025 6:42:49 PM webapp.storage.AbstractStorage save
INFO: &amp#27;[32mSave cba3a2e4-b4ca-423f-a9ee-851eebcffdb0(uuid9960)
сент. 19, 2025 6:42:49 PM webapp.storage.AbstractStorage save
INFO: &amp#27;[32mSave 8cb03685-1f3f-4733-bcee-234879f5bbb2(uuid9961)
сент. 19, 2025 6:42:49 PM webapp.storage.AbstractStorage save
INFO: &amp#27;[32mSave 81f0cd11-233d-4c9d-907d-03adf86035ec(uuid9962)
сент. 19, 2025 6:42:49 PM webapp.storage.AbstractStorage save
INFO: &amp#27;[32mSave c5c7539f-4935-4db6-aef0-11480ebbdd8f(uuid9963)
сент. 19, 2025 6:42:49 PM webapp.storage.AbstractStorage save
INFO: &amp#27;[32mSave 3537e9e7-6a7f-4664-a28d-28332af77c4f(uuid9964)
сент. 19, 2025 6:42:49 PM webapp.storage.AbstractStorage save
INFO: &amp#27;[32mSave 2c07684f-f28d-4126-a173-9eed4c8d98d4(uuid9965)
сент. 19, 2025 6:42:49 PM webapp.storage.AbstractStorage save
INFO: &amp#27;[32mSave dc1d94a4-6a9d-4d9b-b5b9-060aa9e32928(uuid9966)
сент. 19, 2025 6:42:49 PM webapp.storage.AbstractStorage save
INFO: &amp#27;[32mSave 27bd58ea-f603-430f-a2a9-e79aabb4df29(uuid9967)
сент. 19, 2025 6:42:49 PM webapp.storage.AbstractStorage save
INFO: &amp#27;[32mSave 37b2d926-c543-4380-9d00-ca2889704f11(uuid9968)
сент. 19, 2025 6:42:49 PM webapp.storage.AbstractStorage save
INFO: &amp#27;[32mSave 7262233f-a459-4424-b466-b73fcc3115fa(uuid9969)
сент. 19, 2025 6:42:49 PM webapp.storage.AbstractStorage save
INFO: &amp#27;[32mSave cdee5b3a-bcf5-4fb8-8e6d-cbd920991535(uuid9970)
сент. 19, 2025 6:42:49 PM webapp.storage.AbstractStorage save
INFO: &amp#27;[32mSave dcf67e91-086c-4b94-bc7d-678e4c401310(uuid9971)
сент. 19, 2025 6:42:49 PM webapp.storage.AbstractStorage save
INFO: &amp#27;[32mSave 7f450298-813e-4a09-90ca-46973c9e0128(uuid9972)
сент. 19, 2025 6:42:49 PM webapp.storage.AbstractStorage save
INFO: &amp#27;[32mSave 172fbb3d-b4b6-47cd-98c0-957091cb8a05(uuid9973)
сент. 19, 2025 6:42:49 PM webapp.storage.AbstractStorage save
INFO: &amp#27;[32mSave bad8308f-2062-4bf4-9f30-21f30eb56aea(uuid9974)
сент. 19, 2025 6:42:49 PM webapp.storage.AbstractStorage save
INFO: &amp#27;[32mSave 93ad4c69-2cc2-4829-a5b8-60e3019ea052(uuid9975)
сент. 19, 2025 6:42:49 PM webapp.storage.AbstractStorage save
INFO: &amp#27;[32mSave 5a9934e6-177c-4755-84f5-cc6711f57fe5(uuid9976)
сент. 19, 2025 6:42:49 PM webapp.storage.AbstractStorage save
INFO: &amp#27;[32mSave 34d1b1c5-6346-43f1-80fc-dc024f61e242(uuid9977)
сент. 19, 2025 6:42:49 PM webapp.storage.AbstractStorage save
INFO: &amp#27;[32mSave c92a16a8-68ff-40e1-ab8a-293fd81d8b14(uuid9978)
сент. 19, 2025 6:42:49 PM webapp.storage.AbstractStorage save
INFO: &amp#27;[32mSave b7d37919-dff6-4fa4-87b0-5e1bd65b7482(uuid9979)
сент. 19, 2025 6:42:49 PM webapp.storage.AbstractStorage save
INFO: &amp#27;[32mSave b92ac88c-e9d9-4090-982e-63136957786f(uuid9980)
сент. 19, 2025 6:42:49 PM webapp.storage.AbstractStorage save
INFO: &amp#27;[32mSave 89b860e3-aeab-4e74-8edc-932eb47c0d9e(uuid9981)
сент. 19, 2025 6:42:49 PM webapp.storage.AbstractStorage save
INFO: &amp#27;[32mSave 985f6b5f-f2e4-4fea-b2c0-e9f0d614fed8(uuid9982)
сент. 19, 2025 6:42:49 PM webapp.storage.AbstractStorage save
INFO: &amp#27;[32mSave d2c91222-6db6-4be7-88a1-7d2e267ef48c(uuid9983)
сент. 19, 2025 6:42:49 PM webapp.storage.AbstractStorage save
INFO: &amp#27;[32mSave 4573a323-3b1e-440c-98ef-55c1a8ba8c43(uuid9984)
сент. 19, 2025 6:42:49 PM webapp.storage.AbstractStorage save
INFO: &amp#27;[32mSave b7da2405-e026-482b-90a2-c09fc6dde8d0(uuid9985)
сент. 19, 2025 6:42:49 PM webapp.storage.AbstractStorage save
INFO: &amp#27;[32mSave 1f0090e3-f079-4ccc-8ac2-04acfdcc9136(uuid9986)
сент. 19, 2025 6:42:49 PM webapp.storage.AbstractStorage save
INFO: &amp#27;[32mSave 5596901c-a775-4fad-a2bb-fd8a1044c6ee(uuid9987)
сент. 19, 2025 6:42:49 PM webapp.storage.AbstractStorage save
INFO: &amp#27;[32mSave a564d130-a4ea-46a9-b1db-43fb7786e5d7(uuid9988)
сент. 19, 2025 6:42:49 PM webapp.storage.AbstractStorage save
INFO: &amp#27;[32mSave c20d91ec-1df8-46d3-9027-5322e520957f(uuid9989)
сент. 19, 2025 6:42:49 PM webapp.storage.AbstractStorage save
INFO: &amp#27;[32mSave 6533e9f6-30f5-4856-b8b2-45c40369404e(uuid9990)
сент. 19, 2025 6:42:49 PM webapp.storage.AbstractStorage save
INFO: &amp#27;[32mSave 51e6039e-4dfb-42df-a2bb-39b5c544a4d1(uuid9991)
сент. 19, 2025 6:42:49 PM webapp.storage.AbstractStorage save
INFO: &amp#27;[32mSave 54ec5f42-7ae5-4de5-8cd1-323a8249f2f1(uuid9992)
сент. 19, 2025 6:42:49 PM webapp.storage.AbstractStorage save
INFO: &amp#27;[32mSave c34535d6-43c2-4f73-b282-17761bb0df8f(uuid9993)
сент. 19, 2025 6:42:49 PM webapp.storage.AbstractStorage save
INFO: &amp#27;[32mSave 90a1aaf9-b276-4d10-beb8-594e68a50d26(uuid9994)
сент. 19, 2025 6:42:49 PM webapp.storage.AbstractStorage save
INFO: &amp#27;[32mSave 9f37ed2f-aebe-4ab2-be08-55df345ba1b1(uuid9995)
сент. 19, 2025 6:42:49 PM webapp.storage.AbstractStorage save
INFO: &amp#27;[32mSave 6e076214-f3fc-4e8e-a91f-1ac58c1741a3(uuid9996)
сент. 19, 2025 6:42:49 PM webapp.storage.AbstractStorage save
INFO: &amp#27;[32mSave 98b16fd2-7e6e-413d-a228-99c302a24362(uuid9997)
сент. 19, 2025 6:42:49 PM webapp.storage.AbstractStorage save
INFO: &amp#27;[32mSave ebf916ef-640f-4d03-919c-7fb48be89ccc(uuid9998)
сент. 19, 2025 6:42:49 PM webapp.storage.AbstractStorage save
INFO: &amp#27;[32mSave 68b3ab03-e697-427f-a126-265a336c8290(uuid9999)
сент. 19, 2025 6:42:49 PM webapp.storage.AbstractStorage save
INFO: &amp#27;[32mSave 5c1617d6-2110-45c2-b19c-e5c595f7d4ee(overflow)
]]></system-err>
  </testcase>
</testsuite>