<?xml version="1.0" encoding="UTF-8"?>
<testsuite xmlns:xsi="http://www.w3.org/2001/XMLSchema-instance" xsi:noNamespaceSchemaLocation="https://maven.apache.org/surefire/maven-surefire-plugin/xsd/surefire-test-report-3.0.xsd" version="3.0" name="main.java.webapp.storage.memory.StorageTest" time="0.656" tests="11" errors="0" skipped="0" failures="0">
  <properties>
    <property name="java.specification.version" value="21"/>
    <property name="sun.cpu.isalist" value="amd64"/>
    <property name="sun.jnu.encoding" value="Cp1251"/>
    <property name="java.class.path" value="C:\projects\basejava\target\test-classes;C:\projects\basejava\target\classes;C:\Users\Алексей\.m2\repository\org\junit\jupiter\junit-jupiter\5.10.0\junit-jupiter-5.10.0.jar;C:\Users\Алексей\.m2\repository\org\junit\jupiter\junit-jupiter-api\5.10.0\junit-jupiter-api-5.10.0.jar;C:\Users\Алексей\.m2\repository\org\opentest4j\opentest4j\1.3.0\opentest4j-1.3.0.jar;C:\Users\Алексей\.m2\repository\org\junit\jupiter\junit-jupiter-params\5.10.0\junit-jupiter-params-5.10.0.jar;C:\Users\Алексей\.m2\repository\org\junit\jupiter\junit-jupiter-engine\5.10.0\junit-jupiter-engine-5.10.0.jar;C:\Users\Алексей\.m2\repository\org\junit\platform\junit-platform-engine\1.10.0\junit-platform-engine-1.10.0.jar;C:\Users\Алексей\.m2\repository\org\junit\platform\junit-platform-suite-api\1.10.0\junit-platform-suite-api-1.10.0.jar;C:\Users\Алексей\.m2\repository\org\junit\platform\junit-platform-commons\1.10.0\junit-platform-commons-1.10.0.jar;C:\Users\Алексей\.m2\repository\org\apiguardian\apiguardian-api\1.1.2\apiguardian-api-1.1.2.jar;C:\Users\Алексей\.m2\repository\com\fasterxml\jackson\core\jackson-databind\2.17.2\jackson-databind-2.17.2.jar;C:\Users\Алексей\.m2\repository\com\fasterxml\jackson\core\jackson-annotations\2.17.2\jackson-annotations-2.17.2.jar;C:\Users\Алексей\.m2\repository\com\fasterxml\jackson\core\jackson-core\2.17.2\jackson-core-2.17.2.jar;C:\Users\Алексей\.m2\repository\jakarta\xml\bind\jakarta.xml.bind-api\4.0.0\jakarta.xml.bind-api-4.0.0.jar;C:\Users\Алексей\.m2\repository\jakarta\activation\jakarta.activation-api\2.1.0\jakarta.activation-api-2.1.0.jar;C:\Users\Алексей\.m2\repository\org\glassfish\jaxb\jaxb-runtime\4.0.0\jaxb-runtime-4.0.0.jar;C:\Users\Алексей\.m2\repository\org\glassfish\jaxb\jaxb-core\4.0.0\jaxb-core-4.0.0.jar;C:\Users\Алексей\.m2\repository\org\eclipse\angus\angus-activation\1.0.0\angus-activation-1.0.0.jar;C:\Users\Алексей\.m2\repository\org\glassfish\jaxb\txw2\4.0.0\txw2-4.0.0.jar;C:\Users\Алексей\.m2\repository\com\sun\istack\istack-commons-runtime\4.1.1\istack-commons-runtime-4.1.1.jar;"/>
    <property name="java.vm.vendor" value="Amazon.com Inc."/>
    <property name="sun.arch.data.model" value="64"/>
    <property name="user.variant" value=""/>
    <property name="java.vendor.url" value="https://aws.amazon.com/corretto/"/>
    <property name="user.timezone" value="Europe/Moscow"/>
    <property name="user.country.format" value="BY"/>
    <property name="os.name" value="Windows 10"/>
    <property name="java.vm.specification.version" value="21"/>
    <property name="sun.java.launcher" value="SUN_STANDARD"/>
    <property name="user.country" value="RU"/>
    <property name="sun.boot.library.path" value="C:\Users\Алексей\.jdks\corretto-21.0.8\bin"/>
    <property name="sun.java.command" value="C:\Users\Алексей\AppData\Local\Temp\surefire18154208841571952477\surefirebooter-20250919184248165_3.jar C:\Users\Алексей\AppData\Local\Temp\surefire18154208841571952477 2025-09-19T18-42-48_082-jvmRun1 surefire-20250919184248165_1tmp surefire_0-20250919184248165_2tmp"/>
    <property name="jdk.debug" value="release"/>
    <property name="surefire.test.class.path" value="C:\projects\basejava\target\test-classes;C:\projects\basejava\target\classes;C:\Users\Алексей\.m2\repository\org\junit\jupiter\junit-jupiter\5.10.0\junit-jupiter-5.10.0.jar;C:\Users\Алексей\.m2\repository\org\junit\jupiter\junit-jupiter-api\5.10.0\junit-jupiter-api-5.10.0.jar;C:\Users\Алексей\.m2\repository\org\opentest4j\opentest4j\1.3.0\opentest4j-1.3.0.jar;C:\Users\Алексей\.m2\repository\org\junit\jupiter\junit-jupiter-params\5.10.0\junit-jupiter-params-5.10.0.jar;C:\Users\Алексей\.m2\repository\org\junit\jupiter\junit-jupiter-engine\5.10.0\junit-jupiter-engine-5.10.0.jar;C:\Users\Алексей\.m2\repository\org\junit\platform\junit-platform-engine\1.10.0\junit-platform-engine-1.10.0.jar;C:\Users\Алексей\.m2\repository\org\junit\platform\junit-platform-suite-api\1.10.0\junit-platform-suite-api-1.10.0.jar;C:\Users\Алексей\.m2\repository\org\junit\platform\junit-platform-commons\1.10.0\junit-platform-commons-1.10.0.jar;C:\Users\Алексей\.m2\repository\org\apiguardian\apiguardian-api\1.1.2\apiguardian-api-1.1.2.jar;C:\Users\Алексей\.m2\repository\com\fasterxml\jackson\core\jackson-databind\2.17.2\jackson-databind-2.17.2.jar;C:\Users\Алексей\.m2\repository\com\fasterxml\jackson\core\jackson-annotations\2.17.2\jackson-annotations-2.17.2.jar;C:\Users\Алексей\.m2\repository\com\fasterxml\jackson\core\jackson-core\2.17.2\jackson-core-2.17.2.jar;C:\Users\Алексей\.m2\repository\jakarta\xml\bind\jakarta.xml.bind-api\4.0.0\jakarta.xml.bind-api-4.0.0.jar;C:\Users\Алексей\.m2\repository\jakarta\activation\jakarta.activation-api\2.1.0\jakarta.activation-api-2.1.0.jar;C:\Users\Алексей\.m2\repository\org\glassfish\jaxb\jaxb-runtime\4.0.0\jaxb-runtime-4.0.0.jar;C:\Users\Алексей\.m2\repository\org\glassfish\jaxb\jaxb-core\4.0.0\jaxb-core-4.0.0.jar;C:\Users\Алексей\.m2\repository\org\eclipse\angus\angus-activation\1.0.0\angus-activation-1.0.0.jar;C:\Users\Алексей\.m2\repository\org\glassfish\jaxb\txw2\4.0.0\txw2-4.0.0.jar;C:\Users\Алексей\.m2\repository\com\sun\istack\istack-commons-runtime\4.1.1\istack-commons-runtime-4.1.1.jar;"/>
    <property name="sun.cpu.endian" value="little"/>
    <property name="user.home" value="C:\Users\Алексей"/>
    <property name="user.language" value="ru"/>
    <property name="java.specification.vendor" value="Oracle Corporation"/>
    <property name="java.version.date" value="2025-07-15"/>
    <property name="java.home" value="C:\Users\Алексей\.jdks\corretto-21.0.8"/>
    <property name="file.separator" value="\"/>
    <property name="basedir" value="C:\projects\basejava"/>
    <property name="java.vm.compressedOopsMode" value="Zero based"/>
    <property name="line.separator" value="&#10;"/>
    <property name="java.vm.specification.vendor" value="Oracle Corporation"/>
    <property name="java.specification.name" value="Java Platform API Specification"/>
    <property name="surefire.real.class.path" value="C:\Users\Алексей\AppData\Local\Temp\surefire18154208841571952477\surefirebooter-20250919184248165_3.jar"/>
    <property name="user.script" value=""/>
    <property name="sun.management.compiler" value="HotSpot 64-Bit Tiered Compilers"/>
    <property name="java.runtime.version" value="21.0.8+9-LTS"/>
    <property name="user.name" value="Алексей"/>
    <property name="stdout.encoding" value="Cp1251"/>
    <property name="path.separator" value=";"/>
    <property name="os.version" value="10.0"/>
    <property name="java.runtime.name" value="OpenJDK Runtime Environment"/>
    <property name="file.encoding" value="UTF-8"/>
    <property name="java.vm.name" value="OpenJDK 64-Bit Server VM"/>
    <property name="java.vendor.version" value="Corretto-21.0.8.9.1"/>
    <property name="localRepository" value="C:\Users\Алексей\.m2\repository"/>
    <property name="java.vendor.url.bug" value="https://github.com/corretto/corretto-21/issues/"/>
    <property name="java.io.tmpdir" value="C:\Users\CD86~1\AppData\Local\Temp\"/>
    <property name="idea.version" value="2023.3.7"/>
    <property name="java.version" value="21.0.8"/>
    <property name="user.dir" value="C:\projects\basejava"/>
    <property name="os.arch" value="amd64"/>
    <property name="java.vm.specification.name" value="Java Virtual Machine Specification"/>
    <property name="sun.os.patch.level" value=""/>
    <property name="native.encoding" value="Cp1251"/>
    <property name="java.library.path" value="C:\Users\Алексей\.jdks\corretto-21.0.8\bin;C:\WINDOWS\Sun\Java\bin;C:\WINDOWS\system32;C:\WINDOWS;C:\Program Files\Common Files\Oracle\Java\javapath;C:\WINDOWS\system32;C:\WINDOWS;C:\WINDOWS\System32\Wbem;C:\WINDOWS\System32\WindowsPowerShell\v1.0\;C:\WINDOWS\System32\OpenSSH\;C:\Program Files\dotnet\;C:\Program Files (x86)\NVIDIA Corporation\PhysX\Common;C:\Program Files\NVIDIA Corporation\NVIDIA app\NvDLISR;C:\Program Files (x86)\Microsoft SQL Server\160\Tools\Binn\;C:\Program Files\Microsoft SQL Server\160\Tools\Binn\;C:\Program Files\Microsoft SQL Server\Client SDK\ODBC\170\Tools\Binn\;C:\Program Files\Microsoft SQL Server\160\DTS\Binn\;C:\Program Files (x86)\Microsoft SQL Server\160\DTS\Binn\;C:\Program Files\Git\cmd;C:\Users\Алексей\AppData\Local\Microsoft\WindowsApps;;."/>
    <property name="java.vm.info" value="mixed mode, sharing"/>
    <property name="stderr.encoding" value="Cp1251"/>
    <property name="java.vendor" value="Amazon.com Inc."/>
    <property name="java.vm.version" value="21.0.8+9-LTS"/>
    <property name="sun.io.unicode.encoding" value="UnicodeLittle"/>
    <property name="java.class.version" value="65.0"/>
  </properties>
  <testcase name="updateNotExist" classname="main.java.webapp.storage.memory.StorageTest" time="0.001">
    <system-err><![CDATA[сент. 19, 2025 6:42:49 PM webapp.storage.AbstractStorage save
INFO: &amp#27;[32mSave uuid1(Name1)
сент. 19, 2025 6:42:49 PM webapp.storage.AbstractStorage save
INFO: &amp#27;[32mSave uuid2(Name2)
сент. 19, 2025 6:42:49 PM webapp.storage.AbstractStorage save
INFO: &amp#27;[32mSave uuid3(Name3)
сент. 19, 2025 6:42:49 PM webapp.storage.AbstractStorage update
INFO: Update 8e6d9f33-9630-4509-9d8a-40c1ec99775c(dummy)
сент. 19, 2025 6:42:49 PM webapp.storage.AbstractStorage getFindIndex
WARNING: Resume 8e6d9f33-9630-4509-9d8a-40c1ec99775c not exist
]]></system-err>
  </testcase>
  <testcase name="delete" classname="main.java.webapp.storage.memory.StorageTest" time="0.001">
    <system-err><![CDATA[сент. 19, 2025 6:42:49 PM webapp.storage.AbstractStorage save
INFO: &amp#27;[32mSave uuid1(Name1)
сент. 19, 2025 6:42:49 PM webapp.storage.AbstractStorage save
INFO: &amp#27;[32mSave uuid2(Name2)
сент. 19, 2025 6:42:49 PM webapp.storage.AbstractStorage save
INFO: &amp#27;[32mSave uuid3(Name3)
сент. 19, 2025 6:42:49 PM webapp.storage.AbstractStorage delete
INFO: Delete uuid1
сент. 19, 2025 6:42:49 PM webapp.storage.AbstractStorage get
INFO: Get uuid1
сент. 19, 2025 6:42:49 PM webapp.storage.AbstractStorage getFindIndex
WARNING: Resume uuid1 not exist
]]></system-err>
  </testcase>
  <testcase name="getAll" classname="main.java.webapp.storage.memory.StorageTest" time="0.001">
    <system-err><![CDATA[сент. 19, 2025 6:42:49 PM webapp.storage.AbstractStorage save
INFO: &amp#27;[32mSave uuid1(Name1)
сент. 19, 2025 6:42:49 PM webapp.storage.AbstractStorage save
INFO: &amp#27;[32mSave uuid2(Name2)
сент. 19, 2025 6:42:49 PM webapp.storage.AbstractStorage save
INFO: &amp#27;[32mSave uuid3(Name3)
сент. 19, 2025 6:42:49 PM webapp.storage.AbstractStorage getAllSorted
INFO: getAllSorted
]]></system-err>
  </testcase>
  <testcase name="update" classname="main.java.webapp.storage.memory.StorageTest" time="0.001">
    <system-err><![CDATA[сент. 19, 2025 6:42:49 PM webapp.storage.AbstractStorage save
INFO: &amp#27;[32mSave uuid1(Name1)
сент. 19, 2025 6:42:49 PM webapp.storage.AbstractStorage save
INFO: &amp#27;[32mSave uuid2(Name2)
сент. 19, 2025 6:42:49 PM webapp.storage.AbstractStorage save
INFO: &amp#27;[32mSave uuid3(Name3)
сент. 19, 2025 6:42:49 PM webapp.storage.AbstractStorage update
INFO: Update uuid3(Name3)
сент. 19, 2025 6:42:49 PM webapp.storage.AbstractStorage get
INFO: Get uuid3
]]></system-err>
  </testcase>
  <testcase name="getNotExist" classname="main.java.webapp.storage.memory.StorageTest" time="0.001">
    <system-err><![CDATA[сент. 19, 2025 6:42:49 PM webapp.storage.AbstractStorage save
INFO: &amp#27;[32mSave uuid1(Name1)
сент. 19, 2025 6:42:49 PM webapp.storage.AbstractStorage save
INFO: &amp#27;[32mSave uuid2(Name2)
сент. 19, 2025 6:42:49 PM webapp.storage.AbstractStorage save
INFO: &amp#27;[32mSave uuid3(Name3)
сент. 19, 2025 6:42:49 PM webapp.storage.AbstractStorage get
INFO: Get dummy
сент. 19, 2025 6:42:49 PM webapp.storage.AbstractStorage getFindIndex
WARNING: Resume dummy not exist
]]></system-err>
  </testcase>
  <testcase name="deleteNotExist" classname="main.java.webapp.storage.memory.StorageTest" time="0.0">
    <system-err><![CDATA[сент. 19, 2025 6:42:49 PM webapp.storage.AbstractStorage save
INFO: &amp#27;[32mSave uuid1(Name1)
сент. 19, 2025 6:42:49 PM webapp.storage.AbstractStorage save
INFO: &amp#27;[32mSave uuid2(Name2)
сент. 19, 2025 6:42:49 PM webapp.storage.AbstractStorage save
INFO: &amp#27;[32mSave uuid3(Name3)
сент. 19, 2025 6:42:49 PM webapp.storage.AbstractStorage delete
INFO: Delete dummy
сент. 19, 2025 6:42:49 PM webapp.storage.AbstractStorage getFindIndex
WARNING: Resume dummy not exist
]]></system-err>
  </testcase>
  <testcase name="get" classname="main.java.webapp.storage.memory.StorageTest" time="0.0">
    <system-err><![CDATA[сент. 19, 2025 6:42:49 PM webapp.storage.AbstractStorage save
INFO: &amp#27;[32mSave uuid1(Name1)
сент. 19, 2025 6:42:49 PM webapp.storage.AbstractStorage save
INFO: &amp#27;[32mSave uuid2(Name2)
сент. 19, 2025 6:42:49 PM webapp.storage.AbstractStorage save
INFO: &amp#27;[32mSave uuid3(Name3)
сент. 19, 2025 6:42:49 PM webapp.storage.AbstractStorage get
INFO: Get uuid1
сент. 19, 2025 6:42:49 PM webapp.storage.AbstractStorage get
INFO: Get uuid2
сент. 19, 2025 6:42:49 PM webapp.storage.AbstractStorage get
INFO: Get uuid3
]]></system-err>
  </testcase>
  <testcase name="save" classname="main.java.webapp.storage.memory.StorageTest" time="0.0">
    <system-err><![CDATA[сент. 19, 2025 6:42:49 PM webapp.storage.AbstractStorage save
INFO: &amp#27;[32mSave uuid1(Name1)
сент. 19, 2025 6:42:49 PM webapp.storage.AbstractStorage save
INFO: &amp#27;[32mSave uuid2(Name2)
сент. 19, 2025 6:42:49 PM webapp.storage.AbstractStorage save
INFO: &amp#27;[32mSave uuid3(Name3)
сент. 19, 2025 6:42:49 PM webapp.storage.AbstractStorage save
INFO: &amp#27;[32mSave uuid4(Name4)
сент. 19, 2025 6:42:49 PM webapp.storage.AbstractStorage get
INFO: Get uuid4
]]></system-err>
  </testcase>
  <testcase name="size" classname="main.java.webapp.storage.memory.StorageTest" time="0.0">
    <system-err><![CDATA[сент. 19, 2025 6:42:49 PM webapp.storage.AbstractStorage save
INFO: &amp#27;[32mSave uuid1(Name1)
сент. 19, 2025 6:42:49 PM webapp.storage.AbstractStorage save
INFO: &amp#27;[32mSave uuid2(Name2)
сент. 19, 2025 6:42:49 PM webapp.storage.AbstractStorage save
INFO: &amp#27;[32mSave uuid3(Name3)
]]></system-err>
  </testcase>
  <testcase name="clear" classname="main.java.webapp.storage.memory.StorageTest" time="0.001">
    <system-err><![CDATA[сент. 19, 2025 6:42:49 PM webapp.storage.AbstractStorage save
INFO: &amp#27;[32mSave uuid1(Name1)
сент. 19, 2025 6:42:49 PM webapp.storage.AbstractStorage save
INFO: &amp#27;[32mSave uuid2(Name2)
сент. 19, 2025 6:42:49 PM webapp.storage.AbstractStorage save
INFO: &amp#27;[32mSave uuid3(Name3)
сент. 19, 2025 6:42:49 PM webapp.storage.AbstractStorage getAllSorted
INFO: getAllSorted
]]></system-err>
  </testcase>
  <testcase name="saveStorageException" classname="main.java.webapp.storage.memory.StorageTest" time="0.642">
    <system-err><![CDATA[сент. 19, 2025 6:42:49 PM webapp.storage.AbstractStorage save
INFO: &amp#27;[32mSave uuid1(Name1)
сент. 19, 2025 6:42:49 PM webapp.storage.AbstractStorage save
INFO: &amp#27;[32mSave uuid2(Name2)
сент. 19, 2025 6:42:49 PM webapp.storage.AbstractStorage save
INFO: &amp#27;[32mSave uuid3(Name3)
сент. 19, 2025 6:42:49 PM webapp.storage.AbstractStorage save
INFO: &amp#27;[32mSave 0a5a0690-89ba-40a2-a81c-7af5c55a1f9a(uuid0)
сент. 19, 2025 6:42:49 PM webapp.storage.AbstractStorage save
INFO: &amp#27;[32mSave bd3fbb35-917d-4d41-b3d1-0affcebaf764(uuid1)
сент. 19, 2025 6:42:49 PM webapp.storage.AbstractStorage save
INFO: &amp#27;[32mSave eae5678f-f738-472d-9ad1-c0d487f2778d(uuid2)
сент. 19, 2025 6:42:49 PM webapp.storage.AbstractStorage save
INFO: &amp#27;[32mSave 6b570a26-7554-47b4-8d43-f8dfaeb872f0(uuid3)
сент. 19, 2025 6:42:49 PM webapp.storage.AbstractStorage save
INFO: &amp#27;[32mSave f07928d0-84a5-421f-afd1-67329d2304a0(uuid4)
сент. 19, 2025 6:42:49 PM webapp.storage.AbstractStorage save
INFO: &amp#27;[32mSave b36cb02d-21da-41c2-acb2-8e9f44004880(uuid5)
сент. 19, 2025 6:42:49 PM webapp.storage.AbstractStorage save
INFO: &amp#27;[32mSave 044261ad-a59a-4e64-a561-032dae44e3d0(uuid6)
сент. 19, 2025 6:42:49 PM webapp.storage.AbstractStorage save
INFO: &amp#27;[32mSave 8fcc7cb7-9c78-4639-828e-21cd593948d6(uuid7)
сент. 19, 2025 6:42:49 PM webapp.storage.AbstractStorage save
INFO: &amp#27;[32mSave 8f06fd46-d132-43f2-9626-1ea0681f9748(uuid8)
сент. 19, 2025 6:42:49 PM webapp.storage.AbstractStorage save
INFO: &amp#27;[32mSave 5cfa0625-0826-4c6d-a5a9-c4b2868c3759(uuid9)
сент. 19, 2025 6:42:49 PM webapp.storage.AbstractStorage save
INFO: &amp#27;[32mSave 8f9c510d-ae31-4dba-a3b7-28340c8c22da(uuid10)
сент. 19, 2025 6:42:49 PM webapp.storage.AbstractStorage save
INFO: &amp#27;[32mSave c688e001-e295-47dc-a096-478840e49583(uuid11)
сент. 19, 2025 6:42:49 PM webapp.storage.AbstractStorage save
INFO: &amp#27;[32mSave 40f326b3-3f50-484a-b2e0-d822fdb344b3(uuid12)
сент. 19, 2025 6:42:49 PM webapp.storage.AbstractStorage save
INFO: &amp#27;[32mSave bc31c587-60dd-4b9e-b03d-7924a667e78b(uuid13)
сент. 19, 2025 6:42:49 PM webapp.storage.AbstractStorage save
INFO: &amp#27;[32mSave ce85f84d-8f1f-4ac5-a00b-aafbd062c2d5(uuid14)
сент. 19, 2025 6:42:49 PM webapp.storage.AbstractStorage save
INFO: &amp#27;[32mSave cda1b80d-05f6-42e7-82f4-d05eebf902c2(uuid15)
сент. 19, 2025 6:42:49 PM webapp.storage.AbstractStorage save
INFO: &amp#27;[32mSave 81cfd08f-f4fc-4c14-97cf-e471f883ee34(uuid16)
сент. 19, 2025 6:42:49 PM webapp.storage.AbstractStorage save
INFO: &amp#27;[32mSave 0d86d482-179d-43a9-b9b5-f5db74f40eb1(uuid17)
сент. 19, 2025 6:42:49 PM webapp.storage.AbstractStorage save
INFO: &amp#27;[32mSave 64b4ca49-d47c-4c1f-aef5-95607ae9f286(uuid18)
сент. 19, 2025 6:42:49 PM webapp.storage.AbstractStorage save
INFO: &amp#27;[32mSave 47c5f17b-3dab-41c3-8979-c3552c4984e2(uuid19)
сент. 19, 2025 6:42:49 PM webapp.storage.AbstractStorage save
INFO: &amp#27;[32mSave 9fba0d94-e11a-4a5e-b0b2-2b03740d0434(uuid20)
сент. 19, 2025 6:42:49 PM webapp.storage.AbstractStorage save
INFO: &amp#27;[32mSave 89965b4b-6851-45db-97a8-d48aeb8f7819(uuid21)
сент. 19, 2025 6:42:49 PM webapp.storage.AbstractStorage save
INFO: &amp#27;[32mSave a8b8a57a-8d41-4310-897d-e8aac95d7922(uuid22)
сент. 19, 2025 6:42:49 PM webapp.storage.AbstractStorage save
INFO: &amp#27;[32mSave ed76ce12-b384-45ea-9dd0-4ff88ab2003b(uuid23)
сент. 19, 2025 6:42:49 PM webapp.storage.AbstractStorage save
INFO: &amp#27;[32mSave 939910af-bac5-429d-93e5-97e1a5ce3b5d(uuid24)
сент. 19, 2025 6:42:49 PM webapp.storage.AbstractStorage save
INFO: &amp#27;[32mSave 7bf386c1-14d0-49f9-824c-cde1f69957ec(uuid25)
сент. 19, 2025 6:42:49 PM webapp.storage.AbstractStorage save
INFO: &amp#27;[32mSave fb333ea1-bb17-45c9-8dfb-243982c7214e(uuid26)
сент. 19, 2025 6:42:49 PM webapp.storage.AbstractStorage save
INFO: &amp#27;[32mSave 38e75c57-93e6-4e1a-a5a4-f60bedcb8ffe(uuid27)
сент. 19, 2025 6:42:49 PM webapp.storage.AbstractStorage save
INFO: &amp#27;[32mSave e983c008-18a1-4e84-8366-c3ef5def6778(uuid28)
сент. 19, 2025 6:42:49 PM webapp.storage.AbstractStorage save
INFO: &amp#27;[32mSave a8d86177-7935-4e65-8646-39644a92a112(uuid29)
сент. 19, 2025 6:42:49 PM webapp.storage.AbstractStorage save
INFO: &amp#27;[32mSave 1751fd09-19df-4452-bb90-7576a2eb82f4(uuid30)
сент. 19, 2025 6:42:49 PM webapp.storage.AbstractStorage save
INFO: &amp#27;[32mSave 052d6d8e-b074-4ede-bb7f-630769f6826c(uuid31)
сент. 19, 2025 6:42:49 PM webapp.storage.AbstractStorage save
INFO: &amp#27;[32mSave b740e23f-4c81-40f7-976a-f1281a7295b5(uuid32)
сент. 19, 2025 6:42:49 PM webapp.storage.AbstractStorage save
INFO: &amp#27;[32mSave 8cb99cd8-e568-42cf-ad46-cf8721ee89c2(uuid33)
сент. 19, 2025 6:42:49 PM webapp.storage.AbstractStorage save
INFO: &amp#27;[32mSave 7418ce2e-f941-4289-8a9d-68dcca4c470a(uuid34)
сент. 19, 2025 6:42:49 PM webapp.storage.AbstractStorage save
INFO: &amp#27;[32mSave 43cf9dc9-a61e-4388-9d80-e8ae5a7ce9f1(uuid35)
сент. 19, 2025 6:42:49 PM webapp.storage.AbstractStorage save
INFO: &amp#27;[32mSave dd18064a-5dc3-44a2-b41a-7ba8b831fe80(uuid36)
сент. 19, 2025 6:42:49 PM webapp.storage.AbstractStorage save
INFO: &amp#27;[32mSave 409bdbdb-2d09-4ad9-9282-8295f8847026(uuid37)
сент. 19, 2025 6:42:49 PM webapp.storage.AbstractStorage save
INFO: &amp#27;[32mSave c3b5cfdb-b00e-45e7-92a0-3a250a6ac2a4(uuid38)
сент. 19, 2025 6:42:49 PM webapp.storage.AbstractStorage save
INFO: &amp#27;[32mSave 9bef1346-808c-4b77-953a-7da69b91585c(uuid39)
сент. 19, 2025 6:42:49 PM webapp.storage.AbstractStorage save
INFO: &amp#27;[32mSave 1774edde-a6d5-405d-9b8f-ea447ebca8eb(uuid40)
сент. 19, 2025 6:42:49 PM webapp.storage.AbstractStorage save
INFO: &amp#27;[32mSave 551e0b81-03a6-43d0-8fc9-7a35026c23aa(uuid41)
сент. 19, 2025 6:42:49 PM webapp.storage.AbstractStorage save
INFO: &amp#27;[32mSave dc4d5f9c-541a-4035-82da-98fd12337f81(uuid42)
сент. 19, 2025 6:42:49 PM webapp.storage.AbstractStorage save
INFO: &amp#27;[32mSave 62d146bd-cb4e-4bf8-ba49-851f026cb2d4(uuid43)
сент. 19, 2025 6:42:49 PM webapp.storage.AbstractStorage save
INFO: &amp#27;[32mSave 681b939e-f31a-4c39-b8d2-c4caf40777b6(uuid44)
сент. 19, 2025 6:42:49 PM webapp.storage.AbstractStorage save
INFO: &amp#27;[32mSave d20b7c9d-c33d-403e-9c7c-dea23b773992(uuid45)
сент. 19, 2025 6:42:49 PM webapp.storage.AbstractStorage save
INFO: &amp#27;[32mSave ade6ff78-b408-4091-a8dc-98a8c22b3b83(uuid46)
сент. 19, 2025 6:42:49 PM webapp.storage.AbstractStorage save
INFO: &amp#27;[32mSave a89798ad-0f0a-48d1-a20e-fd7b290b9020(uuid47)
сент. 19, 2025 6:42:49 PM webapp.storage.AbstractStorage save
INFO: &amp#27;[32mSave 87dd9702-6e07-4cfb-a599-9d324141dd85(uuid48)
сент. 19, 2025 6:42:49 PM webapp.storage.AbstractStorage save
INFO: &amp#27;[32mSave 99b65006-5a5f-44d0-a89b-9280dea59699(uuid49)
сент. 19, 2025 6:42:49 PM webapp.storage.AbstractStorage save
INFO: &amp#27;[32mSave f12ac80b-0eff-4b68-87a2-4c0a3bf5e7ae(uuid50)
сент. 19, 2025 6:42:49 PM webapp.storage.AbstractStorage save
INFO: &amp#27;[32mSave aa539ae3-ce82-4947-bba5-846134724a38(uuid51)
сент. 19, 2025 6:42:49 PM webapp.storage.AbstractStorage save
INFO: &amp#27;[32mSave 93b13973-f499-4a5b-937f-055b1ffa72ca(uuid52)
сент. 19, 2025 6:42:49 PM webapp.storage.AbstractStorage save
INFO: &amp#27;[32mSave b2ef9e48-2f9f-48d8-af40-d3108511a567(uuid53)
сент. 19, 2025 6:42:49 PM webapp.storage.AbstractStorage save
INFO: &amp#27;[32mSave 5417e970-4453-4bcd-803f-47c2d57bd5ee(uuid54)
сент. 19, 2025 6:42:49 PM webapp.storage.AbstractStorage save
INFO: &amp#27;[32mSave a379f225-f214-49bf-a9ef-73be3b8f0e89(uuid55)
сент. 19, 2025 6:42:49 PM webapp.storage.AbstractStorage save
INFO: &amp#27;[32mSave 668de4df-ee00-400a-8abf-fe27d23531b0(uuid56)
сент. 19, 2025 6:42:49 PM webapp.storage.AbstractStorage save
INFO: &amp#27;[32mSave 174f45a1-df1d-4280-81ad-c47925137fdd(uuid57)
сент. 19, 2025 6:42:49 PM webapp.storage.AbstractStorage save
INFO: &amp#27;[32mSave 089dd944-ff6d-41f9-b979-4f6418c91145(uuid58)
сент. 19, 2025 6:42:49 PM webapp.storage.AbstractStorage save
INFO: &amp#27;[32mSave aa48fb00-a445-4276-a695-c54afa6d33cd(uuid59)
сент. 19, 2025 6:42:49 PM webapp.storage.AbstractStorage save
INFO: &amp#27;[32mSave f492aad0-efc8-420a-be09-ebb30d9f4b2e(uuid60)
сент. 19, 2025 6:42:49 PM webapp.storage.AbstractStorage save
INFO: &amp#27;[32mSave 557fdf96-80ac-4d3b-a81e-3daae37d4e30(uuid61)
сент. 19, 2025 6:42:49 PM webapp.storage.AbstractStorage save
INFO: &amp#27;[32mSave ce04e663-1040-4232-8bf7-ddf1704a52c9(uuid62)
сент. 19, 2025 6:42:49 PM webapp.storage.AbstractStorage save
INFO: &amp#27;[32mSave 5d7b3e0e-6dac-4e3e-8ff0-1f11047319e2(uuid63)
сент. 19, 2025 6:42:49 PM webapp.storage.AbstractStorage save
INFO: &amp#27;[32mSave b042abcb-5cb2-4b88-b650-635b4a4181fa(uuid64)
сент. 19, 2025 6:42:49 PM webapp.storage.AbstractStorage save
INFO: &amp#27;[32mSave 51ba2547-c436-4fd8-980d-9e1a45975d53(uuid65)
сент. 19, 2025 6:42:49 PM webapp.storage.AbstractStorage save
INFO: &amp#27;[32mSave d86a887c-e55a-403d-a4dc-b721468a82c8(uuid66)
сент. 19, 2025 6:42:49 PM webapp.storage.AbstractStorage save
INFO: &amp#27;[32mSave d404a943-5137-4e38-9360-4864296d4d57(uuid67)
сент. 19, 2025 6:42:49 PM webapp.storage.AbstractStorage save
INFO: &amp#27;[32mSave e367d982-6873-4430-8791-3f1e11cf6baa(uuid68)
сент. 19, 2025 6:42:49 PM webapp.storage.AbstractStorage save
INFO: &amp#27;[32mSave 1d57d23e-6601-4ee4-b3dd-0265340054db(uuid69)
сент. 19, 2025 6:42:49 PM webapp.storage.AbstractStorage save
INFO: &amp#27;[32mSave ac1f8381-5060-4481-96d4-e4e19fa9b691(uuid70)
сент. 19, 2025 6:42:49 PM webapp.storage.AbstractStorage save
INFO: &amp#27;[32mSave f2d5c7e5-573f-4d25-9dcf-2b17966dd142(uuid71)
сент. 19, 2025 6:42:49 PM webapp.storage.AbstractStorage save
INFO: &amp#27;[32mSave 71c26df2-84a5-4311-ab0c-d971f1c22034(uuid72)
сент. 19, 2025 6:42:49 PM webapp.storage.AbstractStorage save
INFO: &amp#27;[32mSave e62127a3-b157-431c-9c99-e08cb16adff9(uuid73)
сент. 19, 2025 6:42:49 PM webapp.storage.AbstractStorage save
INFO: &amp#27;[32mSave 1b33519d-f7e8-4728-ae5e-e7b7338e954b(uuid74)
сент. 19, 2025 6:42:49 PM webapp.storage.AbstractStorage save
INFO: &amp#27;[32mSave 9403a8e6-7ab7-4944-8b86-41ab2b525ed5(uuid75)
сент. 19, 2025 6:42:49 PM webapp.storage.AbstractStorage save
INFO: &amp#27;[32mSave 53c9d9e4-44ec-46b2-8c31-ba9f94c59fa9(uuid76)
сент. 19, 2025 6:42:49 PM webapp.storage.AbstractStorage save
INFO: &amp#27;[32mSave 37881e69-9658-4c15-a13e-6d64d5de7425(uuid77)
сент. 19, 2025 6:42:49 PM webapp.storage.AbstractStorage save
INFO: &amp#27;[32mSave 9a593272-c14f-4f66-9bb0-953f5e4b86f4(uuid78)
сент. 19, 2025 6:42:49 PM webapp.storage.AbstractStorage save
INFO: &amp#27;[32mSave 90766e78-606f-4400-a58c-a90150106ab9(uuid79)
сент. 19, 2025 6:42:49 PM webapp.storage.AbstractStorage save
INFO: &amp#27;[32mSave def31731-764f-4575-869c-c82161e9125d(uuid80)
сент. 19, 2025 6:42:49 PM webapp.storage.AbstractStorage save
INFO: &amp#27;[32mSave 05d56df0-31e5-4737-a884-e71a37564547(uuid81)
сент. 19, 2025 6:42:49 PM webapp.storage.AbstractStorage save
INFO: &amp#27;[32mSave f3651927-3cb2-4829-a4ce-f8f950074fb4(uuid82)
сент. 19, 2025 6:42:49 PM webapp.storage.AbstractStorage save
INFO: &amp#27;[32mSave 4aecffff-6078-4953-aeea-d31d77f5ed6e(uuid83)
сент. 19, 2025 6:42:49 PM webapp.storage.AbstractStorage save
INFO: &amp#27;[32mSave f3f59a56-844b-481a-97de-0195b4690f8e(uuid84)
сент. 19, 2025 6:42:49 PM webapp.storage.AbstractStorage save
INFO: &amp#27;[32mSave 61438c08-19cd-47dc-8c43-1a248c0b1fb6(uuid85)
сент. 19, 2025 6:42:49 PM webapp.storage.AbstractStorage save
INFO: &amp#27;[32mSave 8085fba4-01a9-4497-bf09-e6739af81825(uuid86)
сент. 19, 2025 6:42:49 PM webapp.storage.AbstractStorage save
INFO: &amp#27;[32mSave 9cc950e3-9659-4453-93d3-346b642ea919(uuid87)
сент. 19, 2025 6:42:49 PM webapp.storage.AbstractStorage save
INFO: &amp#27;[32mSave d64b60bf-6f4d-4814-ae81-661934b165e3(uuid88)
сент. 19, 2025 6:42:49 PM webapp.storage.AbstractStorage save
INFO: &amp#27;[32mSave 2b916188-00d9-420d-b176-3ba7e3deb07e(uuid89)
сент. 19, 2025 6:42:49 PM webapp.storage.AbstractStorage save
INFO: &amp#27;[32mSave 1a2a1ac3-3f71-4dd3-8424-60539ae16d41(uuid90)
сент. 19, 2025 6:42:49 PM webapp.storage.AbstractStorage save
INFO: &amp#27;[32mSave fb424681-3713-43a0-9431-661ba0a58897(uuid91)
сент. 19, 2025 6:42:49 PM webapp.storage.AbstractStorage save
INFO: &amp#27;[32mSave 37c9ede1-7928-4bc9-af75-4d88d3f73d57(uuid92)
сент. 19, 2025 6:42:49 PM webapp.storage.AbstractStorage save
INFO: &amp#27;[32mSave 9c4a3428-2687-496f-bce9-3093217c07f6(uuid93)
сент. 19, 2025 6:42:49 PM webapp.storage.AbstractStorage save
INFO: &amp#27;[32mSave cb03ef00-96fe-4e62-8708-893e21707e51(uuid94)
сент. 19, 2025 6:42:49 PM webapp.storage.AbstractStorage save
INFO: &amp#27;[32mSave dc11746d-c9ce-4a89-9f1c-76b19c3d4618(uuid95)
сент. 19, 2025 6:42:49 PM webapp.storage.AbstractStorage save
INFO: &amp#27;[32mSave 9ab2e237-d1aa-454a-8841-178474366767(uuid96)
сент. 19, 2025 6:42:49 PM webapp.storage.AbstractStorage save
INFO: &amp#27;[32mSave 19a29799-dee5-4685-b20f-5b0e9b41ee06(uuid97)
сент. 19, 2025 6:42:49 PM webapp.storage.AbstractStorage save
INFO: &amp#27;[32mSave 6e526876-b8a6-4acc-852f-54dec55989df(uuid98)
сент. 19, 2025 6:42:49 PM webapp.storage.AbstractStorage save
INFO: &amp#27;[32mSave b9d5ff91-12c4-44fb-a927-e614dd8b0f8e(uuid99)
сент. 19, 2025 6:42:49 PM webapp.storage.AbstractStorage save
INFO: &amp#27;[32mSave 2fcda2b7-1cf3-430d-a090-29334d88d779(uuid100)
сент. 19, 2025 6:42:49 PM webapp.storage.AbstractStorage save
INFO: &amp#27;[32mSave 9aaeb517-15b2-474d-a370-9f3780769323(uuid101)
сент. 19, 2025 6:42:49 PM webapp.storage.AbstractStorage save
INFO: &amp#27;[32mSave 8f1a228c-a803-492f-ae6e-25ec1193e0e8(uuid102)
сент. 19, 2025 6:42:49 PM webapp.storage.AbstractStorage save
INFO: &amp#27;[32mSave 37095894-1fdc-446e-80e8-c4bddd04740a(uuid103)
сент. 19, 2025 6:42:49 PM webapp.storage.AbstractStorage save
INFO: &amp#27;[32mSave d141e8c8-5c32-4790-ae43-8db824e8ed23(uuid104)
сент. 19, 2025 6:42:49 PM webapp.storage.AbstractStorage save
INFO: &amp#27;[32mSave 973bc0f3-38ca-4bb8-a7ee-d94974b21526(uuid105)
сент. 19, 2025 6:42:49 PM webapp.storage.AbstractStorage save
INFO: &amp#27;[32mSave 622411f7-70d4-4a4f-9a7a-809ba7a6d12e(uuid106)
сент. 19, 2025 6:42:49 PM webapp.storage.AbstractStorage save
INFO: &amp#27;[32mSave c8b6e04a-698a-45bc-870a-9ef857571657(uuid107)
сент. 19, 2025 6:42:49 PM webapp.storage.AbstractStorage save
INFO: &amp#27;[32mSave 3e324145-8e1d-4b4a-a357-446dc91b5a4c(uuid108)
сент. 19, 2025 6:42:49 PM webapp.storage.AbstractStorage save
INFO: &amp#27;[32mSave fff4f7be-0e56-4dc7-a812-7ea58574eb39(uuid109)
сент. 19, 2025 6:42:49 PM webapp.storage.AbstractStorage save
INFO: &amp#27;[32mSave f8daf669-1232-4f04-a568-b14ab81baf4d(uuid110)
сент. 19, 2025 6:42:49 PM webapp.storage.AbstractStorage save
INFO: &amp#27;[32mSave c758be0f-b84e-430c-b7d6-e3d5c9fea40c(uuid111)
сент. 19, 2025 6:42:49 PM webapp.storage.AbstractStorage save
INFO: &amp#27;[32mSave d6167253-5bab-4879-883e-8ed183848d1d(uuid112)
сент. 19, 2025 6:42:49 PM webapp.storage.AbstractStorage save
INFO: &amp#27;[32mSave 6d5cbdd8-aecd-4f36-904e-ac8a8f080ffb(uuid113)
сент. 19, 2025 6:42:49 PM webapp.storage.AbstractStorage save
INFO: &amp#27;[32mSave 5192f731-c2e7-47dd-9a62-6349f0ca2aaa(uuid114)
сент. 19, 2025 6:42:49 PM webapp.storage.AbstractStorage save
INFO: &amp#27;[32mSave 0739cd40-58d5-4ea8-90a7-cbec83c14743(uuid115)
сент. 19, 2025 6:42:49 PM webapp.storage.AbstractStorage save
INFO: &amp#27;[32mSave 4ebed0da-7ccb-48e8-97cf-dcb2a2253293(uuid116)
сент. 19, 2025 6:42:49 PM webapp.storage.AbstractStorage save
INFO: &amp#27;[32mSave 04a2ba1c-af8f-4765-a2e1-20213b1d31e8(uuid117)
сент. 19, 2025 6:42:49 PM webapp.storage.AbstractStorage save
INFO: &amp#27;[32mSave 38277336-ad65-4c95-a33e-c78896704bb0(uuid118)
сент. 19, 2025 6:42:49 PM webapp.storage.AbstractStorage save
INFO: &amp#27;[32mSave a1d542ba-bf3d-4e24-a652-ffeb9f389362(uuid119)
сент. 19, 2025 6:42:49 PM webapp.storage.AbstractStorage save
INFO: &amp#27;[32mSave f058a622-0c0f-4554-b86f-0a5b8c1c006d(uuid120)
сент. 19, 2025 6:42:49 PM webapp.storage.AbstractStorage save
INFO: &amp#27;[32mSave 256d52fa-f293-44c1-8559-e64393828a23(uuid121)
сент. 19, 2025 6:42:49 PM webapp.storage.AbstractStorage save
INFO: &amp#27;[32mSave 189c7e74-bd14-496f-88a5-86d02064adb0(uuid122)
сент. 19, 2025 6:42:49 PM webapp.storage.AbstractStorage save
INFO: &amp#27;[32mSave 784cd9c1-8d5d-4b2d-97c7-e128759f4b6d(uuid123)
сент. 19, 2025 6:42:49 PM webapp.storage.AbstractStorage save
INFO: &amp#27;[32mSave bcd92f81-ac12-490a-b2e0-441acfae8c55(uuid124)
сент. 19, 2025 6:42:49 PM webapp.storage.AbstractStorage save
INFO: &amp#27;[32mSave a6fc7c14-3ab6-4623-9a8d-f9d26c9ec9c4(uuid125)
сент. 19, 2025 6:42:49 PM webapp.storage.AbstractStorage save
INFO: &amp#27;[32mSave 88871758-8111-4bf1-b24a-170279695e13(uuid126)
сент. 19, 2025 6:42:49 PM webapp.storage.AbstractStorage save
INFO: &amp#27;[32mSave e2fe9745-fdbf-40e1-8061-e92c554f536b(uuid127)
сент. 19, 2025 6:42:49 PM webapp.storage.AbstractStorage save
INFO: &amp#27;[32mSave dce828da-9caa-42a4-afcc-425f8f78bb15(uuid128)
сент. 19, 2025 6:42:49 PM webapp.storage.AbstractStorage save
INFO: &amp#27;[32mSave a58badd7-9456-4320-a166-3450fba63e07(uuid129)
сент. 19, 2025 6:42:49 PM webapp.storage.AbstractStorage save
INFO: &amp#27;[32mSave 83bcee15-543f-4dfe-b9ef-d9ba1620154b(uuid130)
сент. 19, 2025 6:42:49 PM webapp.storage.AbstractStorage save
INFO: &amp#27;[32mSave 097b1062-6964-4afb-a52e-8b0244e12585(uuid131)
сент. 19, 2025 6:42:49 PM webapp.storage.AbstractStorage save
INFO: &amp#27;[32mSave 9ac752e7-b6db-429c-ae86-9aae0d94b65f(uuid132)
сент. 19, 2025 6:42:49 PM webapp.storage.AbstractStorage save
INFO: &amp#27;[32mSave 4539c459-eb75-4510-b4ad-f3fff3f0d1c4(uuid133)
сент. 19, 2025 6:42:49 PM webapp.storage.AbstractStorage save
INFO: &amp#27;[32mSave da4ddc01-3b8f-4671-9ca7-c3a772728047(uuid134)
сент. 19, 2025 6:42:49 PM webapp.storage.AbstractStorage save
INFO: &amp#27;[32mSave 187abb34-7cb8-457f-968b-123a59986863(uuid135)
сент. 19, 2025 6:42:49 PM webapp.storage.AbstractStorage save
INFO: &amp#27;[32mSave be43412f-6073-47e6-a0ce-fb644511ac65(uuid136)
сент. 19, 2025 6:42:49 PM webapp.storage.AbstractStorage save
INFO: &amp#27;[32mSave 40a8e6fd-c159-473d-8849-09ceb715f139(uuid137)
сент. 19, 2025 6:42:49 PM webapp.storage.AbstractStorage save
INFO: &amp#27;[32mSave 6152bade-aaa5-4e29-95ab-2cb47e907ca4(uuid138)
сент. 19, 2025 6:42:49 PM webapp.storage.AbstractStorage save
INFO: &amp#27;[32mSave 927c105f-028f-458e-9977-41ff67801a56(uuid139)
сент. 19, 2025 6:42:49 PM webapp.storage.AbstractStorage save
INFO: &amp#27;[32mSave e0f94eb7-ac5a-415d-821d-1517ad6c5cf7(uuid140)
сент. 19, 2025 6:42:49 PM webapp.storage.AbstractStorage save
INFO: &amp#27;[32mSave fcd61e30-651b-466e-ba8d-f6b1e30a89f4(uuid141)
сент. 19, 2025 6:42:49 PM webapp.storage.AbstractStorage save
INFO: &amp#27;[32mSave ec192f46-c462-4003-9ab9-1a1f6ebf83fd(uuid142)
сент. 19, 2025 6:42:49 PM webapp.storage.AbstractStorage save
INFO: &amp#27;[32mSave 308cf123-e788-4264-b556-3eae09dba83d(uuid143)
сент. 19, 2025 6:42:49 PM webapp.storage.AbstractStorage save
INFO: &amp#27;[32mSave c528bc27-c685-447f-bcb5-45cf03c22112(uuid144)
сент. 19, 2025 6:42:49 PM webapp.storage.AbstractStorage save
INFO: &amp#27;[32mSave 503d5e4f-7e97-4ee7-8fdb-4b2c72624a30(uuid145)
сент. 19, 2025 6:42:49 PM webapp.storage.AbstractStorage save
INFO: &amp#27;[32mSave d3178367-d1ec-4cdd-8c38-646c4d185732(uuid146)
сент. 19, 2025 6:42:49 PM webapp.storage.AbstractStorage save
INFO: &amp#27;[32mSave 1ddccefb-f51c-4eb9-9896-c0414d147a68(uuid147)
сент. 19, 2025 6:42:49 PM webapp.storage.AbstractStorage save
INFO: &amp#27;[32mSave ad8e9738-8447-4124-9e82-880f22b02222(uuid148)
сент. 19, 2025 6:42:49 PM webapp.storage.AbstractStorage save
INFO: &amp#27;[32mSave 2d368a11-4ef7-4072-8e2b-87e3c697c7a8(uuid149)
сент. 19, 2025 6:42:49 PM webapp.storage.AbstractStorage save
INFO: &amp#27;[32mSave 7b2e47f7-5f5e-43a5-a095-45cc3d407956(uuid150)
сент. 19, 2025 6:42:49 PM webapp.storage.AbstractStorage save
INFO: &amp#27;[32mSave 56347dce-3c24-4991-8e99-5caea0590d1f(uuid151)
сент. 19, 2025 6:42:49 PM webapp.storage.AbstractStorage save
INFO: &amp#27;[32mSave 2322b808-a2ec-4460-bed3-02dc96fa84e3(uuid152)
сент. 19, 2025 6:42:49 PM webapp.storage.AbstractStorage save
INFO: &amp#27;[32mSave 7481e552-b990-403b-b62b-20a1e12a6e6a(uuid153)
сент. 19, 2025 6:42:49 PM webapp.storage.AbstractStorage save
INFO: &amp#27;[32mSave 45fb94fc-294a-43f0-92a2-80e2233847af(uuid154)
сент. 19, 2025 6:42:49 PM webapp.storage.AbstractStorage save
INFO: &amp#27;[32mSave 1e622b66-12e3-4037-9f0f-9862b9dd2c6e(uuid155)
сент. 19, 2025 6:42:49 PM webapp.storage.AbstractStorage save
INFO: &amp#27;[32mSave 2d2dd558-2628-4473-9691-686cf03a084b(uuid156)
сент. 19, 2025 6:42:49 PM webapp.storage.AbstractStorage save
INFO: &amp#27;[32mSave 552d0b56-4a0f-4387-8b8b-67309032d84f(uuid157)
сент. 19, 2025 6:42:49 PM webapp.storage.AbstractStorage save
INFO: &amp#27;[32mSave dde94047-93dc-4dca-9687-7b60c18a0a9e(uuid158)
сент. 19, 2025 6:42:49 PM webapp.storage.AbstractStorage save
INFO: &amp#27;[32mSave 50145bba-121e-46e4-a710-115bb8d5c5e0(uuid159)
сент. 19, 2025 6:42:49 PM webapp.storage.AbstractStorage save
INFO: &amp#27;[32mSave 0c2c48cf-0395-4a76-9aa9-5249dbd9c8c4(uuid160)
сент. 19, 2025 6:42:49 PM webapp.storage.AbstractStorage save
INFO: &amp#27;[32mSave 65cc67e8-d55d-4355-9062-4e0497d73bf2(uuid161)
сент. 19, 2025 6:42:49 PM webapp.storage.AbstractStorage save
INFO: &amp#27;[32mSave ea37c984-f034-4ed5-83c7-2f6ab55cd229(uuid162)
сент. 19, 2025 6:42:49 PM webapp.storage.AbstractStorage save
INFO: &amp#27;[32mSave 383407f6-d8bc-4411-9904-4623358bbb59(uuid163)
сент. 19, 2025 6:42:49 PM webapp.storage.AbstractStorage save
INFO: &amp#27;[32mSave 78f97e05-5144-4714-8a71-0949b5985379(uuid164)
сент. 19, 2025 6:42:49 PM webapp.storage.AbstractStorage save
INFO: &amp#27;[32mSave 371ad263-b4b6-4765-a6cc-cd03dad6c9a2(uuid165)
сент. 19, 2025 6:42:49 PM webapp.storage.AbstractStorage save
INFO: &amp#27;[32mSave 78a9adfb-cf7a-42ff-95b0-26ff18d5fa58(uuid166)
сент. 19, 2025 6:42:49 PM webapp.storage.AbstractStorage save
INFO: &amp#27;[32mSave 3d0da19f-30e2-48e7-a039-96a90713c80e(uuid167)
сент. 19, 2025 6:42:49 PM webapp.storage.AbstractStorage save
INFO: &amp#27;[32mSave 64c9e789-7ca9-4b07-be34-08601dde343f(uuid168)
сент. 19, 2025 6:42:49 PM webapp.storage.AbstractStorage save
INFO: &amp#27;[32mSave 4d76ae10-6a92-414a-b957-057e209ad0c4(uuid169)
сент. 19, 2025 6:42:49 PM webapp.storage.AbstractStorage save
INFO: &amp#27;[32mSave 6d217ea6-0671-43f2-8451-a88c02039be7(uuid170)
сент. 19, 2025 6:42:49 PM webapp.storage.AbstractStorage save
INFO: &amp#27;[32mSave 68bd0fd3-019e-4fd1-a18d-1fa54cb70c5e(uuid171)
сент. 19, 2025 6:42:49 PM webapp.storage.AbstractStorage save
INFO: &amp#27;[32mSave fb67bd66-abf4-400c-8337-ca8bed237113(uuid172)
сент. 19, 2025 6:42:49 PM webapp.storage.AbstractStorage save
INFO: &amp#27;[32mSave b5a3e5eb-1617-4403-8ee4-19d912896d56(uuid173)
сент. 19, 2025 6:42:49 PM webapp.storage.AbstractStorage save
INFO: &amp#27;[32mSave d0af9f15-9393-4d5f-b691-f2a614a0f82e(uuid174)
сент. 19, 2025 6:42:49 PM webapp.storage.AbstractStorage save
INFO: &amp#27;[32mSave 2ce51077-f965-41f4-b2a3-20769491b6c0(uuid175)
сент. 19, 2025 6:42:49 PM webapp.storage.AbstractStorage save
INFO: &amp#27;[32mSave 6ea7bac1-aec5-4dd6-ae69-a7d46dd92232(uuid176)
сент. 19, 2025 6:42:49 PM webapp.storage.AbstractStorage save
INFO: &amp#27;[32mSave b5c7c5ac-38e0-49fe-9533-15bac4403671(uuid177)
сент. 19, 2025 6:42:49 PM webapp.storage.AbstractStorage save
INFO: &amp#27;[32mSave 87de8cd1-8229-43c1-bbd5-4940771522be(uuid178)
сент. 19, 2025 6:42:49 PM webapp.storage.AbstractStorage save
INFO: &amp#27;[32mSave ce1f14d8-324e-4085-9fea-5c48c33ebce7(uuid179)
сент. 19, 2025 6:42:49 PM webapp.storage.AbstractStorage save
INFO: &amp#27;[32mSave 2bbc6945-a79a-4660-9f25-c36d75598b0b(uuid180)
сент. 19, 2025 6:42:49 PM webapp.storage.AbstractStorage save
INFO: &amp#27;[32mSave b4816932-d33f-4fa0-a594-bd8d9067ea98(uuid181)
сент. 19, 2025 6:42:49 PM webapp.storage.AbstractStorage save
INFO: &amp#27;[32mSave 0b51fb26-e031-4f78-a5ed-5805fb9274b9(uuid182)
сент. 19, 2025 6:42:49 PM webapp.storage.AbstractStorage save
INFO: &amp#27;[32mSave 2ab53687-0af4-4b9a-86de-f412c2d11fab(uuid183)
сент. 19, 2025 6:42:49 PM webapp.storage.AbstractStorage save
INFO: &amp#27;[32mSave c1d678b0-9e20-4f68-aca4-f156e856ec37(uuid184)
сент. 19, 2025 6:42:49 PM webapp.storage.AbstractStorage save
INFO: &amp#27;[32mSave 2406034f-ec7a-42bf-85d3-0bbddea8c198(uuid185)
сент. 19, 2025 6:42:49 PM webapp.storage.AbstractStorage save
INFO: &amp#27;[32mSave 36c92a62-8065-4f54-a020-c1b24a57a4ad(uuid186)
сент. 19, 2025 6:42:49 PM webapp.storage.AbstractStorage save
INFO: &amp#27;[32mSave d69cbacc-c593-4250-9b87-4a808605005e(uuid187)
сент. 19, 2025 6:42:49 PM webapp.storage.AbstractStorage save
INFO: &amp#27;[32mSave 6b248fa0-45b0-4b03-b0ac-b98a4288bf4a(uuid188)
сент. 19, 2025 6:42:49 PM webapp.storage.AbstractStorage save
INFO: &amp#27;[32mSave 189638f3-1519-4536-974a-17a538fc4efb(uuid189)
сент. 19, 2025 6:42:49 PM webapp.storage.AbstractStorage save
INFO: &amp#27;[32mSave e912f612-34eb-4c53-879a-b2a675b16a62(uuid190)
сент. 19, 2025 6:42:49 PM webapp.storage.AbstractStorage save
INFO: &amp#27;[32mSave d315c68c-d98d-452a-b4e0-eab18092cf68(uuid191)
сент. 19, 2025 6:42:49 PM webapp.storage.AbstractStorage save
INFO: &amp#27;[32mSave aeb5af04-353a-4567-9ec0-cbfc63305361(uuid192)
сент. 19, 2025 6:42:49 PM webapp.storage.AbstractStorage save
INFO: &amp#27;[32mSave 6ebf034d-478f-44a9-a5db-995c462b8073(uuid193)
сент. 19, 2025 6:42:49 PM webapp.storage.AbstractStorage save
INFO: &amp#27;[32mSave 76982c52-984e-4afd-a75e-7dfc7da734cb(uuid194)
сент. 19, 2025 6:42:49 PM webapp.storage.AbstractStorage save
INFO: &amp#27;[32mSave b83cfd65-b421-4d23-9fd5-7227c2c16fc2(uuid195)
сент. 19, 2025 6:42:49 PM webapp.storage.AbstractStorage save
INFO: &amp#27;[32mSave 7f5f10ef-d83f-420f-aa4c-db5b8f76d016(uuid196)
сент. 19, 2025 6:42:49 PM webapp.storage.AbstractStorage save
INFO: &amp#27;[32mSave 35cfb430-fa38-4509-9f80-0378610be090(uuid197)
сент. 19, 2025 6:42:49 PM webapp.storage.AbstractStorage save
INFO: &amp#27;[32mSave c20127ba-d45a-4b15-8908-f93e96c1971d(uuid198)
сент. 19, 2025 6:42:49 PM webapp.storage.AbstractStorage save
INFO: &amp#27;[32mSave 4de8e521-1536-45f8-8dbe-b103a0d9177a(uuid199)
сент. 19, 2025 6:42:49 PM webapp.storage.AbstractStorage save
INFO: &amp#27;[32mSave b7ec4613-7f04-42e6-b1eb-0a54b587707f(uuid200)
сент. 19, 2025 6:42:49 PM webapp.storage.AbstractStorage save
INFO: &amp#27;[32mSave 202dccf6-b769-4c0c-825d-f15a28c39937(uuid201)
сент. 19, 2025 6:42:49 PM webapp.storage.AbstractStorage save
INFO: &amp#27;[32mSave 86818f11-c70b-4536-8edd-1b253dd418c1(uuid202)
сент. 19, 2025 6:42:49 PM webapp.storage.AbstractStorage save
INFO: &amp#27;[32mSave 2e360144-f935-4f33-b6f4-4e69c3e2e6ba(uuid203)
сент. 19, 2025 6:42:49 PM webapp.storage.AbstractStorage save
INFO: &amp#27;[32mSave 7ab44c7d-8960-40aa-9dd3-dc79ca4774cf(uuid204)
сент. 19, 2025 6:42:49 PM webapp.storage.AbstractStorage save
INFO: &amp#27;[32mSave 9eb701d7-05d0-4370-9a78-5f7f7d2fa61f(uuid205)
сент. 19, 2025 6:42:49 PM webapp.storage.AbstractStorage save
INFO: &amp#27;[32mSave fcf248e4-0a08-495a-97ae-8e7d48547445(uuid206)
сент. 19, 2025 6:42:49 PM webapp.storage.AbstractStorage save
INFO: &amp#27;[32mSave 730313e8-8275-45a3-a8cd-04f271e54767(uuid207)
сент. 19, 2025 6:42:49 PM webapp.storage.AbstractStorage save
INFO: &amp#27;[32mSave 0317f425-9a89-42a0-90fd-8b517fd2f66b(uuid208)
сент. 19, 2025 6:42:49 PM webapp.storage.AbstractStorage save
INFO: &amp#27;[32mSave 25146a83-f159-4cd4-8576-612dd1089505(uuid209)
сент. 19, 2025 6:42:49 PM webapp.storage.AbstractStorage save
INFO: &amp#27;[32mSave 3c1b2fe6-c092-4890-8306-bb3e8c237252(uuid210)
сент. 19, 2025 6:42:49 PM webapp.storage.AbstractStorage save
INFO: &amp#27;[32mSave 80b63f55-9c90-49c2-83a3-596442637fb5(uuid211)
сент. 19, 2025 6:42:49 PM webapp.storage.AbstractStorage save
INFO: &amp#27;[32mSave 3c06811e-b55f-446a-95d0-05759098646e(uuid212)
сент. 19, 2025 6:42:49 PM webapp.storage.AbstractStorage save
INFO: &amp#27;[32mSave d0607d92-e617-4eab-ac13-468166d05253(uuid213)
сент. 19, 2025 6:42:49 PM webapp.storage.AbstractStorage save
INFO: &amp#27;[32mSave 703a6b89-68bf-4c23-bd03-9a466111079a(uuid214)
сент. 19, 2025 6:42:49 PM webapp.storage.AbstractStorage save
INFO: &amp#27;[32mSave 64cd82b4-e832-439e-9346-8412493f77b3(uuid215)
сент. 19, 2025 6:42:49 PM webapp.storage.AbstractStorage save
INFO: &amp#27;[32mSave 8ad03167-5a17-49b3-9d9e-a338642df340(uuid216)
сент. 19, 2025 6:42:49 PM webapp.storage.AbstractStorage save
INFO: &amp#27;[32mSave 8af7a7c6-d2ab-4b71-a396-7332bfe826f7(uuid217)
сент. 19, 2025 6:42:49 PM webapp.storage.AbstractStorage save
INFO: &amp#27;[32mSave 363f7b18-b46c-4316-914b-fec7c73645fc(uuid218)
сент. 19, 2025 6:42:49 PM webapp.storage.AbstractStorage save
INFO: &amp#27;[32mSave df7d8d24-2f5b-4db4-a22b-5e03feb5b7b5(uuid219)
сент. 19, 2025 6:42:49 PM webapp.storage.AbstractStorage save
INFO: &amp#27;[32mSave fe593105-ebd5-43f8-93e1-a20cfecd2f42(uuid220)
сент. 19, 2025 6:42:49 PM webapp.storage.AbstractStorage save
INFO: &amp#27;[32mSave e60edca5-65e7-4b22-bfc7-5471b8e0b330(uuid221)
сент. 19, 2025 6:42:49 PM webapp.storage.AbstractStorage save
INFO: &amp#27;[32mSave 03fabffd-8c01-4dbb-9981-0c06b7726f9c(uuid222)
сент. 19, 2025 6:42:49 PM webapp.storage.AbstractStorage save
INFO: &amp#27;[32mSave 531d890c-12a1-40c5-872b-8972a5082286(uuid223)
сент. 19, 2025 6:42:49 PM webapp.storage.AbstractStorage save
INFO: &amp#27;[32mSave 49a86034-07b4-42ec-945f-a08b8cce82b6(uuid224)
сент. 19, 2025 6:42:49 PM webapp.storage.AbstractStorage save
INFO: &amp#27;[32mSave 6de86758-84e5-4199-ac73-f72092877939(uuid225)
сент. 19, 2025 6:42:49 PM webapp.storage.AbstractStorage save
INFO: &amp#27;[32mSave 1d84c4e4-bf5f-4a39-abc9-24cca168dc6e(uuid226)
сент. 19, 2025 6:42:49 PM webapp.storage.AbstractStorage save
INFO: &amp#27;[32mSave 07d4a2aa-5b25-473f-bbe2-60d5de079913(uuid227)
сент. 19, 2025 6:42:49 PM webapp.storage.AbstractStorage save
INFO: &amp#27;[32mSave ff40ba5c-c7c7-4820-9305-788a14fc2402(uuid228)
сент. 19, 2025 6:42:49 PM webapp.storage.AbstractStorage save
INFO: &amp#27;[32mSave 1f6ed586-b06f-4e11-a3a8-d030f5d40707(uuid229)
сент. 19, 2025 6:42:49 PM webapp.storage.AbstractStorage save
INFO: &amp#27;[32mSave 29c732c0-604f-4280-8c43-b9e707a5662c(uuid230)
сент. 19, 2025 6:42:49 PM webapp.storage.AbstractStorage save
INFO: &amp#27;[32mSave e362452b-b2a6-444a-b9e1-608ca7642d04(uuid231)
сент. 19, 2025 6:42:49 PM webapp.storage.AbstractStorage save
INFO: &amp#27;[32mSave 5d8defa6-69fc-4db6-961c-0bc2257280e9(uuid232)
сент. 19, 2025 6:42:49 PM webapp.storage.AbstractStorage save
INFO: &amp#27;[32mSave 1f748b7a-3b2a-4d9f-aeec-071298ff1c31(uuid233)
сент. 19, 2025 6:42:49 PM webapp.storage.AbstractStorage save
INFO: &amp#27;[32mSave 441b57ef-0e8e-4c90-8163-eefbd07d781b(uuid234)
сент. 19, 2025 6:42:49 PM webapp.storage.AbstractStorage save
INFO: &amp#27;[32mSave 3ef88c03-5ed3-47a2-add0-2a29df4d40e7(uuid235)
сент. 19, 2025 6:42:49 PM webapp.storage.AbstractStorage save
INFO: &amp#27;[32mSave eef6d6d3-41ad-4551-97f7-497766479948(uuid236)
сент. 19, 2025 6:42:49 PM webapp.storage.AbstractStorage save
INFO: &amp#27;[32mSave 8637bb0d-0845-4545-b397-ee34610a1da3(uuid237)
сент. 19, 2025 6:42:49 PM webapp.storage.AbstractStorage save
INFO: &amp#27;[32mSave 27906aae-1eac-46f1-be0e-8bded7e5f5fc(uuid238)
сент. 19, 2025 6:42:49 PM webapp.storage.AbstractStorage save
INFO: &amp#27;[32mSave 446cbc09-a8ad-4693-bdc8-1d6fb1bce771(uuid239)
сент. 19, 2025 6:42:49 PM webapp.storage.AbstractStorage save
INFO: &amp#27;[32mSave 880b5a66-440c-4413-9000-5282cc8c7c9b(uuid240)
сент. 19, 2025 6:42:49 PM webapp.storage.AbstractStorage save
INFO: &amp#27;[32mSave a6bc881c-ed34-42a8-b25f-6e8af2b57701(uuid241)
сент. 19, 2025 6:42:49 PM webapp.storage.AbstractStorage save
INFO: &amp#27;[32mSave 5d0c7fdb-7311-4fce-b326-91e601ff3d15(uuid242)
сент. 19, 2025 6:42:49 PM webapp.storage.AbstractStorage save
INFO: &amp#27;[32mSave 36944c34-bee0-4167-a135-341f29d01546(uuid243)
сент. 19, 2025 6:42:49 PM webapp.storage.AbstractStorage save
INFO: &amp#27;[32mSave 9a45f998-797e-412c-893c-c5beb605b558(uuid244)
сент. 19, 2025 6:42:49 PM webapp.storage.AbstractStorage save
INFO: &amp#27;[32mSave 50c62499-e768-4a84-a483-62d51413df1a(uuid245)
сент. 19, 2025 6:42:49 PM webapp.storage.AbstractStorage save
INFO: &amp#27;[32mSave 1d5460df-78b1-4999-85c3-8928969bdef3(uuid246)
сент. 19, 2025 6:42:49 PM webapp.storage.AbstractStorage save
INFO: &amp#27;[32mSave 7dcdc30f-cd6a-491d-a413-0bd4f4981a77(uuid247)
сент. 19, 2025 6:42:49 PM webapp.storage.AbstractStorage save
INFO: &amp#27;[32mSave 25194256-a7e5-46b3-a7de-e26cc6cc472f(uuid248)
сент. 19, 2025 6:42:49 PM webapp.storage.AbstractStorage save
INFO: &amp#27;[32mSave 87e76a23-e2b8-4b4c-b6df-eb6b61586e67(uuid249)
сент. 19, 2025 6:42:49 PM webapp.storage.AbstractStorage save
INFO: &amp#27;[32mSave 34489b37-742e-487e-8bd6-150499e08706(uuid250)
сент. 19, 2025 6:42:49 PM webapp.storage.AbstractStorage save
INFO: &amp#27;[32mSave 5dae281e-debe-44bc-8c24-f6f7365746a0(uuid251)
сент. 19, 2025 6:42:49 PM webapp.storage.AbstractStorage save
INFO: &amp#27;[32mSave 7ab8abe2-fc10-46e6-990f-abb00c52ddfc(uuid252)
сент. 19, 2025 6:42:49 PM webapp.storage.AbstractStorage save
INFO: &amp#27;[32mSave 90c69f8b-149c-4ef9-ab3a-de95e6897a79(uuid253)
сент. 19, 2025 6:42:49 PM webapp.storage.AbstractStorage save
INFO: &amp#27;[32mSave c322ab32-b73b-437b-81c2-198972da2b05(uuid254)
сент. 19, 2025 6:42:49 PM webapp.storage.AbstractStorage save
INFO: &amp#27;[32mSave d4123eb1-b69d-463a-bc82-672fa5ca2fad(uuid255)
сент. 19, 2025 6:42:49 PM webapp.storage.AbstractStorage save
INFO: &amp#27;[32mSave 3acc6667-0e64-45b0-8746-f2b9bb01350d(uuid256)
сент. 19, 2025 6:42:49 PM webapp.storage.AbstractStorage save
INFO: &amp#27;[32mSave 92e8e9fd-18d6-44ef-b7b6-f3ea40ad12f1(uuid257)
сент. 19, 2025 6:42:49 PM webapp.storage.AbstractStorage save
INFO: &amp#27;[32mSave bca2b7bb-4472-4644-bc3d-4cc324c82e6c(uuid258)
сент. 19, 2025 6:42:49 PM webapp.storage.AbstractStorage save
INFO: &amp#27;[32mSave b8fe1e80-5872-486e-b121-e186a70fd329(uuid259)
сент. 19, 2025 6:42:49 PM webapp.storage.AbstractStorage save
INFO: &amp#27;[32mSave c1280a4c-c1a1-48b9-a219-110cc37d26f0(uuid260)
сент. 19, 2025 6:42:49 PM webapp.storage.AbstractStorage save
INFO: &amp#27;[32mSave 4c5f80ab-7378-4669-82ac-c202848d62ab(uuid261)
сент. 19, 2025 6:42:49 PM webapp.storage.AbstractStorage save
INFO: &amp#27;[32mSave 43f43c75-0e2d-4b04-8b20-1a949df61153(uuid262)
сент. 19, 2025 6:42:49 PM webapp.storage.AbstractStorage save
INFO: &amp#27;[32mSave 5af062d9-6a38-4c17-8380-0eb4fce7415f(uuid263)
сент. 19, 2025 6:42:49 PM webapp.storage.AbstractStorage save
INFO: &amp#27;[32mSave 7ba7e78c-ce46-4849-b7e1-7fe8e8f9e44e(uuid264)
сент. 19, 2025 6:42:49 PM webapp.storage.AbstractStorage save
INFO: &amp#27;[32mSave c05a8f95-f777-4cba-bef0-23443555de0c(uuid265)
сент. 19, 2025 6:42:49 PM webapp.storage.AbstractStorage save
INFO: &amp#27;[32mSave 7836f057-e320-4e2f-9062-1d64b01622e4(uuid266)
сент. 19, 2025 6:42:49 PM webapp.storage.AbstractStorage save
INFO: &amp#27;[32mSave 10e7c606-5687-40b6-a2b9-835231487230(uuid267)
сент. 19, 2025 6:42:49 PM webapp.storage.AbstractStorage save
INFO: &amp#27;[32mSave 0d830642-11d1-4a6b-afb8-c96f9e9b5f61(uuid268)
сент. 19, 2025 6:42:49 PM webapp.storage.AbstractStorage save
INFO: &amp#27;[32mSave 801ba49c-4c21-4ae3-a84d-562f132aedaa(uuid269)
сент. 19, 2025 6:42:49 PM webapp.storage.AbstractStorage save
INFO: &amp#27;[32mSave 25157893-553a-4c48-baf8-cb22a0a1f6b3(uuid270)
сент. 19, 2025 6:42:49 PM webapp.storage.AbstractStorage save
INFO: &amp#27;[32mSave 89dd8dc5-19aa-4469-ab0f-fa969ec7246f(uuid271)
сент. 19, 2025 6:42:49 PM webapp.storage.AbstractStorage save
INFO: &amp#27;[32mSave c71962b1-6a49-4717-a392-73a9f3cb605a(uuid272)
сент. 19, 2025 6:42:49 PM webapp.storage.AbstractStorage save
INFO: &amp#27;[32mSave 6c6e5575-15ed-44f1-961f-0612c01b3381(uuid273)
сент. 19, 2025 6:42:49 PM webapp.storage.AbstractStorage save
INFO: &amp#27;[32mSave f4fe4bd8-05fa-408f-9937-90ca54efe235(uuid274)
сент. 19, 2025 6:42:49 PM webapp.storage.AbstractStorage save
INFO: &amp#27;[32mSave 1f449410-1159-4d34-a74f-00e98cb9ac85(uuid275)
сент. 19, 2025 6:42:49 PM webapp.storage.AbstractStorage save
INFO: &amp#27;[32mSave 594f5fd3-6e4f-447f-84d0-1fd3ef2d6292(uuid276)
сент. 19, 2025 6:42:49 PM webapp.storage.AbstractStorage save
INFO: &amp#27;[32mSave 22dff114-4c3c-4617-be19-f07d8e189833(uuid277)
сент. 19, 2025 6:42:49 PM webapp.storage.AbstractStorage save
INFO: &amp#27;[32mSave 4fcdc95f-63da-4603-b0a8-395fc7650dff(uuid278)
сент. 19, 2025 6:42:49 PM webapp.storage.AbstractStorage save
INFO: &amp#27;[32mSave 78953039-bba7-45e5-bad4-9e2a6bf57bc2(uuid279)
сент. 19, 2025 6:42:49 PM webapp.storage.AbstractStorage save
INFO: &amp#27;[32mSave fc77943a-7c85-44dc-a959-2f1a45d5b11a(uuid280)
сент. 19, 2025 6:42:49 PM webapp.storage.AbstractStorage save
INFO: &amp#27;[32mSave 1e1ad2f7-90e3-4bc3-9122-36eeab473624(uuid281)
сент. 19, 2025 6:42:49 PM webapp.storage.AbstractStorage save
INFO: &amp#27;[32mSave a6413ad3-af3f-4b30-bb91-c29ad9098afc(uuid282)
сент. 19, 2025 6:42:49 PM webapp.storage.AbstractStorage save
INFO: &amp#27;[32mSave 0342ef9b-9081-400d-88a8-d61156c716d5(uuid283)
сент. 19, 2025 6:42:49 PM webapp.storage.AbstractStorage save
INFO: &amp#27;[32mSave 77edcdf0-62df-43a2-94d0-01791bc5a353(uuid284)
сент. 19, 2025 6:42:49 PM webapp.storage.AbstractStorage save
INFO: &amp#27;[32mSave 99702f1c-0f3e-40bb-a648-c9b7fef5044a(uuid285)
сент. 19, 2025 6:42:49 PM webapp.storage.AbstractStorage save
INFO: &amp#27;[32mSave f14bf6a6-2543-43f7-bc36-c8f36d7c5b27(uuid286)
сент. 19, 2025 6:42:49 PM webapp.storage.AbstractStorage save
INFO: &amp#27;[32mSave 438603a3-1bec-48b7-8b6e-9cdcc569459b(uuid287)
сент. 19, 2025 6:42:49 PM webapp.storage.AbstractStorage save
INFO: &amp#27;[32mSave 7a04226b-44bf-482e-a511-3578bf5e4d08(uuid288)
сент. 19, 2025 6:42:49 PM webapp.storage.AbstractStorage save
INFO: &amp#27;[32mSave 60eeba30-c662-4cee-aab2-3ffe41afca5e(uuid289)
сент. 19, 2025 6:42:49 PM webapp.storage.AbstractStorage save
INFO: &amp#27;[32mSave e1d57288-5448-4af8-bf1e-0deabfd4f597(uuid290)
сент. 19, 2025 6:42:49 PM webapp.storage.AbstractStorage save
INFO: &amp#27;[32mSave 58dfe06e-3990-4073-aea9-c7c363af00f6(uuid291)
сент. 19, 2025 6:42:49 PM webapp.storage.AbstractStorage save
INFO: &amp#27;[32mSave 6418c044-060d-4563-90f7-29ec53c232a5(uuid292)
сент. 19, 2025 6:42:49 PM webapp.storage.AbstractStorage save
INFO: &amp#27;[32mSave 143864e6-e38a-4caf-89f8-716d92eb49f6(uuid293)
сент. 19, 2025 6:42:49 PM webapp.storage.AbstractStorage save
INFO: &amp#27;[32mSave 9e2dff93-b882-493b-9740-d11fd06ef812(uuid294)
сент. 19, 2025 6:42:49 PM webapp.storage.AbstractStorage save
INFO: &amp#27;[32mSave 43c1d6fe-7da9-4fc7-9be3-5da5eb202c0c(uuid295)
сент. 19, 2025 6:42:49 PM webapp.storage.AbstractStorage save
INFO: &amp#27;[32mSave c7dbf866-6abd-496d-991c-f56df5c66f97(uuid296)
сент. 19, 2025 6:42:49 PM webapp.storage.AbstractStorage save
INFO: &amp#27;[32mSave 796cafd5-471d-4a1c-99ca-fcea4025c6a6(uuid297)
сент. 19, 2025 6:42:49 PM webapp.storage.AbstractStorage save
INFO: &amp#27;[32mSave 74146837-2824-450a-8b80-29b810a63159(uuid298)
сент. 19, 2025 6:42:49 PM webapp.storage.AbstractStorage save
INFO: &amp#27;[32mSave d2d06ada-ae33-43dc-bc07-85ffec5a14eb(uuid299)
сент. 19, 2025 6:42:49 PM webapp.storage.AbstractStorage save
INFO: &amp#27;[32mSave c97a6ef0-ecc3-4646-a632-b01202653e55(uuid300)
сент. 19, 2025 6:42:49 PM webapp.storage.AbstractStorage save
INFO: &amp#27;[32mSave 0499f30f-4314-4002-8212-e4e03d61fdb8(uuid301)
сент. 19, 2025 6:42:49 PM webapp.storage.AbstractStorage save
INFO: &amp#27;[32mSave 4799da42-54de-406b-980c-d0c92e307795(uuid302)
сент. 19, 2025 6:42:49 PM webapp.storage.AbstractStorage save
INFO: &amp#27;[32mSave 2484ebc2-2479-492c-bb3f-3976006f5630(uuid303)
сент. 19, 2025 6:42:49 PM webapp.storage.AbstractStorage save
INFO: &amp#27;[32mSave 897e0a02-65f6-48d3-b714-40ba10b4d2b4(uuid304)
сент. 19, 2025 6:42:49 PM webapp.storage.AbstractStorage save
INFO: &amp#27;[32mSave c830d979-72a6-44aa-811b-7f1b40e123dc(uuid305)
сент. 19, 2025 6:42:49 PM webapp.storage.AbstractStorage save
INFO: &amp#27;[32mSave b6b4047a-c8ef-4aa7-8a26-41a00f688675(uuid306)
сент. 19, 2025 6:42:49 PM webapp.storage.AbstractStorage save
INFO: &amp#27;[32mSave b00b604f-53ca-4b95-b1cf-4e9ecb6f12d9(uuid307)
сент. 19, 2025 6:42:49 PM webapp.storage.AbstractStorage save
INFO: &amp#27;[32mSave e12e74ee-ada8-452c-a94d-932bbb7c9a57(uuid308)
сент. 19, 2025 6:42:49 PM webapp.storage.AbstractStorage save
INFO: &amp#27;[32mSave af2557bd-59f3-41de-a1cb-1c8440bb73c6(uuid309)
сент. 19, 2025 6:42:49 PM webapp.storage.AbstractStorage save
INFO: &amp#27;[32mSave cd0598e8-636c-4849-9842-cef5d0c81d11(uuid310)
сент. 19, 2025 6:42:49 PM webapp.storage.AbstractStorage save
INFO: &amp#27;[32mSave 13600946-52a8-4131-9289-cda9eeb5b4f8(uuid311)
сент. 19, 2025 6:42:49 PM webapp.storage.AbstractStorage save
INFO: &amp#27;[32mSave f7ef0631-c9e7-4e06-8f37-cfa75d28a4dc(uuid312)
сент. 19, 2025 6:42:49 PM webapp.storage.AbstractStorage save
INFO: &amp#27;[32mSave bf4af778-5963-4fcb-995f-1df1c1716d64(uuid313)
сент. 19, 2025 6:42:49 PM webapp.storage.AbstractStorage save
INFO: &amp#27;[32mSave d3091584-dda0-4724-bc10-268c94764ef7(uuid314)
сент. 19, 2025 6:42:49 PM webapp.storage.AbstractStorage save
INFO: &amp#27;[32mSave 83012e9e-b53e-435d-91fb-a20101f1b93d(uuid315)
сент. 19, 2025 6:42:49 PM webapp.storage.AbstractStorage save
INFO: &amp#27;[32mSave ba8c3951-a286-4e0a-830d-b9c80319061d(uuid316)
сент. 19, 2025 6:42:49 PM webapp.storage.AbstractStorage save
INFO: &amp#27;[32mSave b928d54e-6f0a-4bb0-89b1-09f5793f2a71(uuid317)
сент. 19, 2025 6:42:49 PM webapp.storage.AbstractStorage save
INFO: &amp#27;[32mSave 5b0fd09e-67b4-418b-a1f0-75ccb8ab0c44(uuid318)
сент. 19, 2025 6:42:49 PM webapp.storage.AbstractStorage save
INFO: &amp#27;[32mSave 3ed97c51-5dcc-40bd-a294-f08104894a99(uuid319)
сент. 19, 2025 6:42:49 PM webapp.storage.AbstractStorage save
INFO: &amp#27;[32mSave 8d26ec51-1202-4e6b-b5a9-d74f0f137115(uuid320)
сент. 19, 2025 6:42:49 PM webapp.storage.AbstractStorage save
INFO: &amp#27;[32mSave 3aa97e69-8f0b-4ac3-b687-c96d08fa58b4(uuid321)
сент. 19, 2025 6:42:49 PM webapp.storage.AbstractStorage save
INFO: &amp#27;[32mSave 952f9ba1-8bd8-412f-824b-dc0150b89a9d(uuid322)
сент. 19, 2025 6:42:49 PM webapp.storage.AbstractStorage save
INFO: &amp#27;[32mSave bbc99b39-e643-43e0-913f-c05175205c72(uuid323)
сент. 19, 2025 6:42:49 PM webapp.storage.AbstractStorage save
INFO: &amp#27;[32mSave f7b1e0b5-c49b-4cdf-92f0-af456199ce09(uuid324)
сент. 19, 2025 6:42:49 PM webapp.storage.AbstractStorage save
INFO: &amp#27;[32mSave e417232b-ef2e-4b4c-a5dd-05cedf954527(uuid325)
сент. 19, 2025 6:42:49 PM webapp.storage.AbstractStorage save
INFO: &amp#27;[32mSave 8eabefee-eb3f-4304-9b4e-56fc2e8746ee(uuid326)
сент. 19, 2025 6:42:49 PM webapp.storage.AbstractStorage save
INFO: &amp#27;[32mSave 3eea42b6-323c-4fb9-b9b9-1d0a1123952a(uuid327)
сент. 19, 2025 6:42:49 PM webapp.storage.AbstractStorage save
INFO: &amp#27;[32mSave 0978485d-e0ca-40f5-9af8-ec26466750cf(uuid328)
сент. 19, 2025 6:42:49 PM webapp.storage.AbstractStorage save
INFO: &amp#27;[32mSave 2f0351b3-5e2b-4c90-acf2-2013a51bf8e6(uuid329)
сент. 19, 2025 6:42:49 PM webapp.storage.AbstractStorage save
INFO: &amp#27;[32mSave 63ff3b56-3671-47d8-9757-18f9c1b2209c(uuid330)
сент. 19, 2025 6:42:49 PM webapp.storage.AbstractStorage save
INFO: &amp#27;[32mSave b66518df-2194-4a77-86fb-3f4dd8ab1737(uuid331)
сент. 19, 2025 6:42:49 PM webapp.storage.AbstractStorage save
INFO: &amp#27;[32mSave e9a04cc4-96aa-4ba0-9ddb-bd5bf2c80aef(uuid332)
сент. 19, 2025 6:42:49 PM webapp.storage.AbstractStorage save
INFO: &amp#27;[32mSave 21e57aca-c661-4bf2-95ca-83e7a49b7c81(uuid333)
сент. 19, 2025 6:42:49 PM webapp.storage.AbstractStorage save
INFO: &amp#27;[32mSave d7413fb1-68fd-4044-861b-66562ff8ed38(uuid334)
сент. 19, 2025 6:42:49 PM webapp.storage.AbstractStorage save
INFO: &amp#27;[32mSave 15976035-fd2c-4b18-a6af-62bea005c05d(uuid335)
сент. 19, 2025 6:42:49 PM webapp.storage.AbstractStorage save
INFO: &amp#27;[32mSave 09067290-80f3-450b-866c-5820be9fdb04(uuid336)
сент. 19, 2025 6:42:49 PM webapp.storage.AbstractStorage save
INFO: &amp#27;[32mSave 499f1761-f9b5-46a4-9502-e6757c93333b(uuid337)
сент. 19, 2025 6:42:49 PM webapp.storage.AbstractStorage save
INFO: &amp#27;[32mSave 250193d0-4943-4736-b2f5-c09e7a252298(uuid338)
сент. 19, 2025 6:42:49 PM webapp.storage.AbstractStorage save
INFO: &amp#27;[32mSave ffaa2e87-b08a-4f8a-9590-f7bf822cc393(uuid339)
сент. 19, 2025 6:42:49 PM webapp.storage.AbstractStorage save
INFO: &amp#27;[32mSave 8ce44e77-f8ef-4226-87a8-1f6b50069186(uuid340)
сент. 19, 2025 6:42:49 PM webapp.storage.AbstractStorage save
INFO: &amp#27;[32mSave 2050bc6b-11e7-4175-92bd-ed7161ac0b01(uuid341)
сент. 19, 2025 6:42:49 PM webapp.storage.AbstractStorage save
INFO: &amp#27;[32mSave b4353a64-954c-49eb-b212-61d6d749b9c5(uuid342)
сент. 19, 2025 6:42:49 PM webapp.storage.AbstractStorage save
INFO: &amp#27;[32mSave 21421bb1-2ec3-4c71-8d16-030c99e02cf7(uuid343)
сент. 19, 2025 6:42:49 PM webapp.storage.AbstractStorage save
INFO: &amp#27;[32mSave d94e0909-f55d-4924-943a-67f908aac617(uuid344)
сент. 19, 2025 6:42:49 PM webapp.storage.AbstractStorage save
INFO: &amp#27;[32mSave a883c7fb-f8dc-41b0-befe-13d93853bd70(uuid345)
сент. 19, 2025 6:42:49 PM webapp.storage.AbstractStorage save
INFO: &amp#27;[32mSave 2739bd7d-4e47-479b-8f03-903ad40f3259(uuid346)
сент. 19, 2025 6:42:49 PM webapp.storage.AbstractStorage save
INFO: &amp#27;[32mSave e281d7ec-5645-4702-93ed-8b2a07d80608(uuid347)
сент. 19, 2025 6:42:49 PM webapp.storage.AbstractStorage save
INFO: &amp#27;[32mSave 4b34a5b5-9472-4617-a36d-875792c969ba(uuid348)
сент. 19, 2025 6:42:49 PM webapp.storage.AbstractStorage save
INFO: &amp#27;[32mSave 9f492c8c-25f1-4fe6-a1a5-7eaa7038cb44(uuid349)
сент. 19, 2025 6:42:49 PM webapp.storage.AbstractStorage save
INFO: &amp#27;[32mSave b6086c93-826d-4d46-a7d4-fb0f393c28f8(uuid350)
сент. 19, 2025 6:42:49 PM webapp.storage.AbstractStorage save
INFO: &amp#27;[32mSave cfeaa345-14b4-4a54-9f9b-7127092ad3be(uuid351)
сент. 19, 2025 6:42:49 PM webapp.storage.AbstractStorage save
INFO: &amp#27;[32mSave e3567f6c-0bf6-4be3-a014-30d7f53ae30f(uuid352)
сент. 19, 2025 6:42:49 PM webapp.storage.AbstractStorage save
INFO: &amp#27;[32mSave 06286fbd-8460-4795-8288-3969d81af956(uuid353)
сент. 19, 2025 6:42:49 PM webapp.storage.AbstractStorage save
INFO: &amp#27;[32mSave 9048e8c4-667f-4d65-afe3-4db0763e5cf5(uuid354)
сент. 19, 2025 6:42:49 PM webapp.storage.AbstractStorage save
INFO: &amp#27;[32mSave 50d27356-3091-4091-8e37-a5f779852a62(uuid355)
сент. 19, 2025 6:42:49 PM webapp.storage.AbstractStorage save
INFO: &amp#27;[32mSave 6e7c7317-3ff1-4d2a-a451-807e1a744dba(uuid356)
сент. 19, 2025 6:42:49 PM webapp.storage.AbstractStorage save
INFO: &amp#27;[32mSave 5e3c4069-0f46-462d-8fe1-0a408e669e33(uuid357)
сент. 19, 2025 6:42:49 PM webapp.storage.AbstractStorage save
INFO: &amp#27;[32mSave 4ab8c503-3c0c-4cb2-b901-b3d72bdca7af(uuid358)
сент. 19, 2025 6:42:49 PM webapp.storage.AbstractStorage save
INFO: &amp#27;[32mSave 16e3cf87-fa9c-4077-ad39-2fed9bd2e755(uuid359)
сент. 19, 2025 6:42:49 PM webapp.storage.AbstractStorage save
INFO: &amp#27;[32mSave 8b648520-67e8-43ab-8584-66eca84f7a22(uuid360)
сент. 19, 2025 6:42:49 PM webapp.storage.AbstractStorage save
INFO: &amp#27;[32mSave e3b24a49-7560-4b9a-a0b5-3fb297a76f06(uuid361)
сент. 19, 2025 6:42:49 PM webapp.storage.AbstractStorage save
INFO: &amp#27;[32mSave 7a7f3e77-e720-4536-9d3f-3fc026085445(uuid362)
сент. 19, 2025 6:42:49 PM webapp.storage.AbstractStorage save
INFO: &amp#27;[32mSave db485070-deb1-4f27-ae2d-255a3151b22d(uuid363)
сент. 19, 2025 6:42:49 PM webapp.storage.AbstractStorage save
INFO: &amp#27;[32mSave eed66212-be1e-426c-95ac-5f28de29549b(uuid364)
сент. 19, 2025 6:42:49 PM webapp.storage.AbstractStorage save
INFO: &amp#27;[32mSave 17fc327c-ff0e-4c3b-8c6b-383ce20f3716(uuid365)
сент. 19, 2025 6:42:49 PM webapp.storage.AbstractStorage save
INFO: &amp#27;[32mSave 8e762569-6765-480f-96ae-648312cb29b4(uuid366)
сент. 19, 2025 6:42:49 PM webapp.storage.AbstractStorage save
INFO: &amp#27;[32mSave b87576f6-baae-4bed-b912-2ec61110cd8b(uuid367)
сент. 19, 2025 6:42:49 PM webapp.storage.AbstractStorage save
INFO: &amp#27;[32mSave 76cfd4a7-1fe6-4306-a52e-11a12f61aacf(uuid368)
сент. 19, 2025 6:42:49 PM webapp.storage.AbstractStorage save
INFO: &amp#27;[32mSave 86e8d94e-0635-4b00-a9a3-d26cd16e0a38(uuid369)
сент. 19, 2025 6:42:49 PM webapp.storage.AbstractStorage save
INFO: &amp#27;[32mSave 2286a589-f052-466c-92d7-d47a7c0f53c6(uuid370)
сент. 19, 2025 6:42:49 PM webapp.storage.AbstractStorage save
INFO: &amp#27;[32mSave cd8428ff-c430-4f96-b48c-8979c6381814(uuid371)
сент. 19, 2025 6:42:49 PM webapp.storage.AbstractStorage save
INFO: &amp#27;[32mSave bb4f167a-e28f-48ac-bb7e-3cf41cf79dd1(uuid372)
сент. 19, 2025 6:42:49 PM webapp.storage.AbstractStorage save
INFO: &amp#27;[32mSave 99a4eeeb-e936-491c-9f90-d74dd50aaef9(uuid373)
сент. 19, 2025 6:42:49 PM webapp.storage.AbstractStorage save
INFO: &amp#27;[32mSave 5fe26ad5-5b20-4717-b086-3beffdcecd2c(uuid374)
сент. 19, 2025 6:42:49 PM webapp.storage.AbstractStorage save
INFO: &amp#27;[32mSave 32e9cb39-f062-4496-a659-c602946580b5(uuid375)
сент. 19, 2025 6:42:49 PM webapp.storage.AbstractStorage save
INFO: &amp#27;[32mSave 8fcfc150-6689-4b96-8e5e-d99ef2226034(uuid376)
сент. 19, 2025 6:42:49 PM webapp.storage.AbstractStorage save
INFO: &amp#27;[32mSave 6658847e-c39a-4bfd-9215-8437217c9740(uuid377)
сент. 19, 2025 6:42:49 PM webapp.storage.AbstractStorage save
INFO: &amp#27;[32mSave b1717b74-bcfd-496a-a9f3-259a374bc617(uuid378)
сент. 19, 2025 6:42:49 PM webapp.storage.AbstractStorage save
INFO: &amp#27;[32mSave a76477d3-ecd2-4756-a10f-8611e3742a18(uuid379)
сент. 19, 2025 6:42:49 PM webapp.storage.AbstractStorage save
INFO: &amp#27;[32mSave d02ae341-7f06-41db-aaa1-f0731590c854(uuid380)
сент. 19, 2025 6:42:49 PM webapp.storage.AbstractStorage save
INFO: &amp#27;[32mSave 27a976fb-8058-443e-85d8-26e10dc885bc(uuid381)
сент. 19, 2025 6:42:49 PM webapp.storage.AbstractStorage save
INFO: &amp#27;[32mSave 3b3a27f2-6b96-478e-98c5-11d2ee752232(uuid382)
сент. 19, 2025 6:42:49 PM webapp.storage.AbstractStorage save
INFO: &amp#27;[32mSave 0a101749-389c-4ec8-bb22-243fef093558(uuid383)
сент. 19, 2025 6:42:49 PM webapp.storage.AbstractStorage save
INFO: &amp#27;[32mSave 417f53a7-5717-4786-857a-e79d4e65f0d0(uuid384)
сент. 19, 2025 6:42:49 PM webapp.storage.AbstractStorage save
INFO: &amp#27;[32mSave 33cb54e2-7341-41e7-ac52-352528a94e8f(uuid385)
сент. 19, 2025 6:42:49 PM webapp.storage.AbstractStorage save
INFO: &amp#27;[32mSave dc338a74-be2e-4ac8-b933-bb10032ea239(uuid386)
сент. 19, 2025 6:42:49 PM webapp.storage.AbstractStorage save
INFO: &amp#27;[32mSave 473dca43-d154-4b6e-9816-4e287543d5f1(uuid387)
сент. 19, 2025 6:42:49 PM webapp.storage.AbstractStorage save
INFO: &amp#27;[32mSave 70a478da-6bbb-4a1a-aee9-e8fbb9a3562a(uuid388)
сент. 19, 2025 6:42:49 PM webapp.storage.AbstractStorage save
INFO: &amp#27;[32mSave 16da7c76-814e-4ff2-b8dd-b8f2c2acc912(uuid389)
сент. 19, 2025 6:42:49 PM webapp.storage.AbstractStorage save
INFO: &amp#27;[32mSave 12ef68c3-06c5-4787-b80a-2e39550d2b19(uuid390)
сент. 19, 2025 6:42:49 PM webapp.storage.AbstractStorage save
INFO: &amp#27;[32mSave dcd766d9-3873-4b49-b78f-6bb0cb3239f3(uuid391)
сент. 19, 2025 6:42:49 PM webapp.storage.AbstractStorage save
INFO: &amp#27;[32mSave 40adb2f8-ff00-499b-8de4-fb5ed47adb27(uuid392)
сент. 19, 2025 6:42:49 PM webapp.storage.AbstractStorage save
INFO: &amp#27;[32mSave c4b18a89-3d92-4889-8d3a-3f01890d57b0(uuid393)
сент. 19, 2025 6:42:49 PM webapp.storage.AbstractStorage save
INFO: &amp#27;[32mSave 349fbef1-c57b-48f6-ac06-37b90f7f78bd(uuid394)
сент. 19, 2025 6:42:49 PM webapp.storage.AbstractStorage save
INFO: &amp#27;[32mSave 38a443ae-9bc7-45e3-a0ff-6bc480b3ded4(uuid395)
сент. 19, 2025 6:42:49 PM webapp.storage.AbstractStorage save
INFO: &amp#27;[32mSave e56436b8-c1b1-4ed6-8826-50738cd9781a(uuid396)
сент. 19, 2025 6:42:49 PM webapp.storage.AbstractStorage save
INFO: &amp#27;[32mSave 4c429a60-fb06-4938-b963-daff1dc34f65(uuid397)
сент. 19, 2025 6:42:49 PM webapp.storage.AbstractStorage save
INFO: &amp#27;[32mSave 945eddbc-04b4-4264-a129-9431f1243cb9(uuid398)
сент. 19, 2025 6:42:49 PM webapp.storage.AbstractStorage save
INFO: &amp#27;[32mSave 7eae541b-c4de-489b-9eac-ca320a136720(uuid399)
сент. 19, 2025 6:42:49 PM webapp.storage.AbstractStorage save
INFO: &amp#27;[32mSave 6a9302bd-f65c-4bfd-94e6-ff8b30fa379f(uuid400)
сент. 19, 2025 6:42:49 PM webapp.storage.AbstractStorage save
INFO: &amp#27;[32mSave 0ead1d97-3841-4ba0-98ef-11d2093ead78(uuid401)
сент. 19, 2025 6:42:49 PM webapp.storage.AbstractStorage save
INFO: &amp#27;[32mSave 447f19f0-f99f-4114-b0e6-b4800069ea48(uuid402)
сент. 19, 2025 6:42:49 PM webapp.storage.AbstractStorage save
INFO: &amp#27;[32mSave 7b0fcbb1-cdb9-4ee3-ae07-1b4e0c3c55ed(uuid403)
сент. 19, 2025 6:42:49 PM webapp.storage.AbstractStorage save
INFO: &amp#27;[32mSave ffef5730-0119-44fe-ba59-9f0097823b24(uuid404)
сент. 19, 2025 6:42:49 PM webapp.storage.AbstractStorage save
INFO: &amp#27;[32mSave 969440ab-de93-4bb1-9078-98f982ffa033(uuid405)
сент. 19, 2025 6:42:49 PM webapp.storage.AbstractStorage save
INFO: &amp#27;[32mSave 3ce7004f-32a6-40ab-8abf-f931a7f2ac0d(uuid406)
сент. 19, 2025 6:42:49 PM webapp.storage.AbstractStorage save
INFO: &amp#27;[32mSave a3cf5a12-938e-4cde-869a-e2cff0c70ad3(uuid407)
сент. 19, 2025 6:42:49 PM webapp.storage.AbstractStorage save
INFO: &amp#27;[32mSave 8291d8e9-ed01-446a-b80a-5fb48742d2ba(uuid408)
сент. 19, 2025 6:42:49 PM webapp.storage.AbstractStorage save
INFO: &amp#27;[32mSave ab845426-bd83-4bc5-a8c8-8edab4688320(uuid409)
сент. 19, 2025 6:42:49 PM webapp.storage.AbstractStorage save
INFO: &amp#27;[32mSave 6ed6ad78-49de-47d4-8a81-600db25b228f(uuid410)
сент. 19, 2025 6:42:49 PM webapp.storage.AbstractStorage save
INFO: &amp#27;[32mSave 25c7c752-1ad0-4b99-99a8-55e8cf3dc7ad(uuid411)
сент. 19, 2025 6:42:49 PM webapp.storage.AbstractStorage save
INFO: &amp#27;[32mSave 1bd9fac8-b632-40c9-b32e-db0de7f9adea(uuid412)
сент. 19, 2025 6:42:49 PM webapp.storage.AbstractStorage save
INFO: &amp#27;[32mSave a13fcf2f-6491-400b-b35a-834d9e19f2fc(uuid413)
сент. 19, 2025 6:42:49 PM webapp.storage.AbstractStorage save
INFO: &amp#27;[32mSave 58259e07-8f3a-4615-a078-946a5d5c65c9(uuid414)
сент. 19, 2025 6:42:49 PM webapp.storage.AbstractStorage save
INFO: &amp#27;[32mSave e209d15d-c59e-487a-bb62-6cfacaf4be8f(uuid415)
сент. 19, 2025 6:42:49 PM webapp.storage.AbstractStorage save
INFO: &amp#27;[32mSave 31aa31c8-af9e-42eb-a66f-b52850592892(uuid416)
сент. 19, 2025 6:42:49 PM webapp.storage.AbstractStorage save
INFO: &amp#27;[32mSave 9600b8ce-b849-4f21-8cc3-16fdcec52966(uuid417)
сент. 19, 2025 6:42:49 PM webapp.storage.AbstractStorage save
INFO: &amp#27;[32mSave 256fcfe3-15b6-4180-ae27-d77c3ce576cb(uuid418)
сент. 19, 2025 6:42:49 PM webapp.storage.AbstractStorage save
INFO: &amp#27;[32mSave 8809b079-bcdb-4c00-9ff1-5dbb5ae4838f(uuid419)
сент. 19, 2025 6:42:49 PM webapp.storage.AbstractStorage save
INFO: &amp#27;[32mSave 43710d70-1aaa-4591-b56c-cb80060e8709(uuid420)
сент. 19, 2025 6:42:49 PM webapp.storage.AbstractStorage save
INFO: &amp#27;[32mSave 1729a61a-20bb-4fc9-8933-cc2c206ad6ab(uuid421)
сент. 19, 2025 6:42:49 PM webapp.storage.AbstractStorage save
INFO: &amp#27;[32mSave 4c801a40-bd27-4893-a556-1da0e977be9d(uuid422)
сент. 19, 2025 6:42:49 PM webapp.storage.AbstractStorage save
INFO: &amp#27;[32mSave 7a3f2951-aecf-46d2-a174-3f95749b33fe(uuid423)
сент. 19, 2025 6:42:49 PM webapp.storage.AbstractStorage save
INFO: &amp#27;[32mSave ee4f3b05-97a1-4fa8-9c08-74c9b38ca3e1(uuid424)
сент. 19, 2025 6:42:49 PM webapp.storage.AbstractStorage save
INFO: &amp#27;[32mSave afb286f9-7ca9-40d2-b047-9a27ece81294(uuid425)
сент. 19, 2025 6:42:49 PM webapp.storage.AbstractStorage save
INFO: &amp#27;[32mSave b530c538-8e6c-45df-9600-0f20cae6d4ca(uuid426)
сент. 19, 2025 6:42:49 PM webapp.storage.AbstractStorage save
INFO: &amp#27;[32mSave 0bb040ea-6d75-412e-ac84-58d6ff15fc50(uuid427)
сент. 19, 2025 6:42:49 PM webapp.storage.AbstractStorage save
INFO: &amp#27;[32mSave d748fced-f689-4604-b39b-e5b8d436ceb6(uuid428)
сент. 19, 2025 6:42:49 PM webapp.storage.AbstractStorage save
INFO: &amp#27;[32mSave 07d74138-472f-463e-b4a7-7a7e669851ee(uuid429)
сент. 19, 2025 6:42:49 PM webapp.storage.AbstractStorage save
INFO: &amp#27;[32mSave 710cf528-e5ca-4791-a3b1-456c8051c321(uuid430)
сент. 19, 2025 6:42:49 PM webapp.storage.AbstractStorage save
INFO: &amp#27;[32mSave c80b66b8-8a87-4fd2-9bc0-070782740c52(uuid431)
сент. 19, 2025 6:42:49 PM webapp.storage.AbstractStorage save
INFO: &amp#27;[32mSave e21cc6be-26d7-4367-bc3e-336484f600f7(uuid432)
сент. 19, 2025 6:42:49 PM webapp.storage.AbstractStorage save
INFO: &amp#27;[32mSave aa1d97f7-aba5-45ec-b4d1-3e6be696c74e(uuid433)
сент. 19, 2025 6:42:49 PM webapp.storage.AbstractStorage save
INFO: &amp#27;[32mSave 247a7ab5-ec98-49f5-bf95-7f1d953cfc8d(uuid434)
сент. 19, 2025 6:42:49 PM webapp.storage.AbstractStorage save
INFO: &amp#27;[32mSave 801f3c1c-8a59-40cb-bb8e-2f68ef301786(uuid435)
сент. 19, 2025 6:42:49 PM webapp.storage.AbstractStorage save
INFO: &amp#27;[32mSave a0cba527-108b-409f-8abe-dc7dbdfca513(uuid436)
сент. 19, 2025 6:42:49 PM webapp.storage.AbstractStorage save
INFO: &amp#27;[32mSave 0d59b12f-418d-42e2-9615-02f2d81ef025(uuid437)
сент. 19, 2025 6:42:49 PM webapp.storage.AbstractStorage save
INFO: &amp#27;[32mSave 6faa16a8-a91a-4d04-87c2-3d2279f92c39(uuid438)
сент. 19, 2025 6:42:49 PM webapp.storage.AbstractStorage save
INFO: &amp#27;[32mSave 226efa08-42c0-427f-82b1-5036d5fe9480(uuid439)
сент. 19, 2025 6:42:49 PM webapp.storage.AbstractStorage save
INFO: &amp#27;[32mSave 67b1d161-33dd-4ea7-a96d-4784617aa2e9(uuid440)
сент. 19, 2025 6:42:49 PM webapp.storage.AbstractStorage save
INFO: &amp#27;[32mSave 3c0d22cc-4c52-49c3-8b79-1475bafa9329(uuid441)
сент. 19, 2025 6:42:49 PM webapp.storage.AbstractStorage save
INFO: &amp#27;[32mSave 4d922ead-ac30-4494-ab7d-c607d8aaef7f(uuid442)
сент. 19, 2025 6:42:49 PM webapp.storage.AbstractStorage save
INFO: &amp#27;[32mSave 1cda6b36-1077-4aa9-803a-507bdc092e0b(uuid443)
сент. 19, 2025 6:42:49 PM webapp.storage.AbstractStorage save
INFO: &amp#27;[32mSave 55b999c1-4959-48db-ac4b-8941c06e318f(uuid444)
сент. 19, 2025 6:42:49 PM webapp.storage.AbstractStorage save
INFO: &amp#27;[32mSave 2f047f79-501e-4d59-af4b-df54544d1d81(uuid445)
сент. 19, 2025 6:42:49 PM webapp.storage.AbstractStorage save
INFO: &amp#27;[32mSave 1be8ebaa-80fb-4674-8713-aff341f84c3b(uuid446)
сент. 19, 2025 6:42:49 PM webapp.storage.AbstractStorage save
INFO: &amp#27;[32mSave 1cd4b636-9d07-4dbb-84c0-9cc2703ab0ad(uuid447)
сент. 19, 2025 6:42:49 PM webapp.storage.AbstractStorage save
INFO: &amp#27;[32mSave 0c2d82f2-94c2-4e69-a0da-a6e0b74aa2da(uuid448)
сент. 19, 2025 6:42:49 PM webapp.storage.AbstractStorage save
INFO: &amp#27;[32mSave 8ea1dcb7-679f-45a8-ac25-44c3f3b0fb2c(uuid449)
сент. 19, 2025 6:42:49 PM webapp.storage.AbstractStorage save
INFO: &amp#27;[32mSave 4764ae2d-cce7-42b6-b876-c1accb14be43(uuid450)
сент. 19, 2025 6:42:49 PM webapp.storage.AbstractStorage save
INFO: &amp#27;[32mSave cbdee4c9-57c0-4612-bd3c-6319eb5b127e(uuid451)
сент. 19, 2025 6:42:49 PM webapp.storage.AbstractStorage save
INFO: &amp#27;[32mSave e7ccc96d-c2ad-4787-9ef3-972587e8a7a7(uuid452)
сент. 19, 2025 6:42:49 PM webapp.storage.AbstractStorage save
INFO: &amp#27;[32mSave fe8c9603-df8c-457c-a047-3dbec7adb03a(uuid453)
сент. 19, 2025 6:42:49 PM webapp.storage.AbstractStorage save
INFO: &amp#27;[32mSave de51d6ae-3f72-4c73-b708-56741d4d84dc(uuid454)
сент. 19, 2025 6:42:49 PM webapp.storage.AbstractStorage save
INFO: &amp#27;[32mSave f9f3abee-10d3-4b28-821d-bf2d93865aeb(uuid455)
сент. 19, 2025 6:42:49 PM webapp.storage.AbstractStorage save
INFO: &amp#27;[32mSave 6c1defc5-da1a-4a2f-ba9d-4dd56b9c23e6(uuid456)
сент. 19, 2025 6:42:49 PM webapp.storage.AbstractStorage save
INFO: &amp#27;[32mSave d91bd83d-2a72-460b-852d-d5e374d994b4(uuid457)
сент. 19, 2025 6:42:49 PM webapp.storage.AbstractStorage save
INFO: &amp#27;[32mSave 8028e5db-9e88-4b17-8125-d746860de6c0(uuid458)
сент. 19, 2025 6:42:49 PM webapp.storage.AbstractStorage save
INFO: &amp#27;[32mSave 25ddf184-7849-4600-aea5-7c2236d8ddde(uuid459)
сент. 19, 2025 6:42:49 PM webapp.storage.AbstractStorage save
INFO: &amp#27;[32mSave 8fc5439c-9f82-458a-9c46-6ecbea213fce(uuid460)
сент. 19, 2025 6:42:49 PM webapp.storage.AbstractStorage save
INFO: &amp#27;[32mSave 5023d3ac-9c73-4b30-b3c1-0d8af720095d(uuid461)
сент. 19, 2025 6:42:49 PM webapp.storage.AbstractStorage save
INFO: &amp#27;[32mSave 816d873e-ff52-4e6f-b72f-1126d5b0bf50(uuid462)
сент. 19, 2025 6:42:49 PM webapp.storage.AbstractStorage save
INFO: &amp#27;[32mSave 36d3b2f1-2684-4c78-bea6-3ca91bb7d902(uuid463)
сент. 19, 2025 6:42:49 PM webapp.storage.AbstractStorage save
INFO: &amp#27;[32mSave 940b24d2-9b0b-4952-a27f-4aedb65e781a(uuid464)
сент. 19, 2025 6:42:49 PM webapp.storage.AbstractStorage save
INFO: &amp#27;[32mSave 1c3afc97-6c5f-46f3-a316-23eed8fca86f(uuid465)
сент. 19, 2025 6:42:49 PM webapp.storage.AbstractStorage save
INFO: &amp#27;[32mSave 6e59d7f4-5d85-4532-be63-e6e9537b1095(uuid466)
сент. 19, 2025 6:42:49 PM webapp.storage.AbstractStorage save
INFO: &amp#27;[32mSave c4c854e5-3d23-4e7b-a4f8-6d68bfa9a78a(uuid467)
сент. 19, 2025 6:42:49 PM webapp.storage.AbstractStorage save
INFO: &amp#27;[32mSave d254748a-87c3-41dd-9380-c814e7925758(uuid468)
сент. 19, 2025 6:42:49 PM webapp.storage.AbstractStorage save
INFO: &amp#27;[32mSave 5931a35f-17d5-4342-9f8f-6a253e29657a(uuid469)
сент. 19, 2025 6:42:49 PM webapp.storage.AbstractStorage save
INFO: &amp#27;[32mSave c2668ae0-779d-4a41-9021-66ae1543946e(uuid470)
сент. 19, 2025 6:42:49 PM webapp.storage.AbstractStorage save
INFO: &amp#27;[32mSave 4fe9926d-269c-4c6e-9530-443950c248dc(uuid471)
сент. 19, 2025 6:42:49 PM webapp.storage.AbstractStorage save
INFO: &amp#27;[32mSave 8368f57c-a28f-4db5-a406-b148ee998139(uuid472)
сент. 19, 2025 6:42:49 PM webapp.storage.AbstractStorage save
INFO: &amp#27;[32mSave 47f172c1-98f7-40bb-9f50-9c1d0c89d425(uuid473)
сент. 19, 2025 6:42:49 PM webapp.storage.AbstractStorage save
INFO: &amp#27;[32mSave df68586d-f5df-4273-a096-263bed348fb9(uuid474)
сент. 19, 2025 6:42:49 PM webapp.storage.AbstractStorage save
INFO: &amp#27;[32mSave 4993ad9b-d5e6-46fd-a626-4a9e0d6df496(uuid475)
сент. 19, 2025 6:42:49 PM webapp.storage.AbstractStorage save
INFO: &amp#27;[32mSave 57f0d1ea-431f-4bb8-83ad-90155c54328e(uuid476)
сент. 19, 2025 6:42:49 PM webapp.storage.AbstractStorage save
INFO: &amp#27;[32mSave 06393573-0abc-49fa-b539-6f1edb96a86c(uuid477)
сент. 19, 2025 6:42:49 PM webapp.storage.AbstractStorage save
INFO: &amp#27;[32mSave 9a1c8d75-21d7-43c6-b317-d22852f7f63b(uuid478)
сент. 19, 2025 6:42:49 PM webapp.storage.AbstractStorage save
INFO: &amp#27;[32mSave 5e2041ee-40b6-4db0-98cf-48c661d04acd(uuid479)
сент. 19, 2025 6:42:49 PM webapp.storage.AbstractStorage save
INFO: &amp#27;[32mSave d85c020b-75d4-490e-a473-b3825eec9445(uuid480)
сент. 19, 2025 6:42:49 PM webapp.storage.AbstractStorage save
INFO: &amp#27;[32mSave 1d93d6b9-69d2-429c-b80a-56b24e14c97f(uuid481)
сент. 19, 2025 6:42:49 PM webapp.storage.AbstractStorage save
INFO: &amp#27;[32mSave ac3ee904-a3a3-461a-9cff-8d65ae878913(uuid482)
сент. 19, 2025 6:42:49 PM webapp.storage.AbstractStorage save
INFO: &amp#27;[32mSave 19ea7d63-6e67-4565-9d3c-e13b10a107d6(uuid483)
сент. 19, 2025 6:42:49 PM webapp.storage.AbstractStorage save
INFO: &amp#27;[32mSave e6181985-d197-4d39-8c75-b6bd7d6fce04(uuid484)
сент. 19, 2025 6:42:49 PM webapp.storage.AbstractStorage save
INFO: &amp#27;[32mSave dd375f32-649f-46a3-abd7-9cd2bf060299(uuid485)
сент. 19, 2025 6:42:49 PM webapp.storage.AbstractStorage save
INFO: &amp#27;[32mSave 585731d2-7df7-4a6e-9c0b-774a8802b504(uuid486)
сент. 19, 2025 6:42:49 PM webapp.storage.AbstractStorage save
INFO: &amp#27;[32mSave c3ed8600-5523-4091-9165-a55adfa35e38(uuid487)
сент. 19, 2025 6:42:49 PM webapp.storage.AbstractStorage save
INFO: &amp#27;[32mSave bbf3f480-f1ae-471a-a2aa-1e102cec24f3(uuid488)
сент. 19, 2025 6:42:49 PM webapp.storage.AbstractStorage save
INFO: &amp#27;[32mSave dd510945-c07e-4a95-8c4b-b7fb66dde12e(uuid489)
сент. 19, 2025 6:42:49 PM webapp.storage.AbstractStorage save
INFO: &amp#27;[32mSave d2f59aed-dc83-4a07-a215-6e4e78a8b3c2(uuid490)
сент. 19, 2025 6:42:49 PM webapp.storage.AbstractStorage save
INFO: &amp#27;[32mSave e34a6903-313b-4634-9979-8fa0447b11e2(uuid491)
сент. 19, 2025 6:42:49 PM webapp.storage.AbstractStorage save
INFO: &amp#27;[32mSave 42f234d8-be3f-4a0b-ba0c-a2b4988c6c42(uuid492)
сент. 19, 2025 6:42:49 PM webapp.storage.AbstractStorage save
INFO: &amp#27;[32mSave 43246d5e-4db3-4e9c-aa77-f25e1475b18a(uuid493)
сент. 19, 2025 6:42:49 PM webapp.storage.AbstractStorage save
INFO: &amp#27;[32mSave 1bf65a53-a38f-4270-a947-aca2e3a10a45(uuid494)
сент. 19, 2025 6:42:49 PM webapp.storage.AbstractStorage save
INFO: &amp#27;[32mSave 658e2204-625e-4a2d-99ef-2a93d4187efa(uuid495)
сент. 19, 2025 6:42:49 PM webapp.storage.AbstractStorage save
INFO: &amp#27;[32mSave c2495328-05d1-4184-be97-6cc5ee245e6b(uuid496)
сент. 19, 2025 6:42:49 PM webapp.storage.AbstractStorage save
INFO: &amp#27;[32mSave c9d7022b-a943-4634-96f8-b41ccc43277d(uuid497)
сент. 19, 2025 6:42:49 PM webapp.storage.AbstractStorage save
INFO: &amp#27;[32mSave 34c97e6c-9941-44b5-9872-56c6c8ca1f68(uuid498)
сент. 19, 2025 6:42:49 PM webapp.storage.AbstractStorage save
INFO: &amp#27;[32mSave 44f0d43d-fa2e-4a0d-88f7-21982fe30bfe(uuid499)
сент. 19, 2025 6:42:49 PM webapp.storage.AbstractStorage save
INFO: &amp#27;[32mSave 69d36597-1bde-4641-bec1-1d5f895d008e(uuid500)
сент. 19, 2025 6:42:49 PM webapp.storage.AbstractStorage save
INFO: &amp#27;[32mSave 2e4636b3-adb5-4517-9244-0fb1eb5ab358(uuid501)
сент. 19, 2025 6:42:49 PM webapp.storage.AbstractStorage save
INFO: &amp#27;[32mSave 8e47891b-7e86-40be-a86f-41e30ea79b2b(uuid502)
сент. 19, 2025 6:42:49 PM webapp.storage.AbstractStorage save
INFO: &amp#27;[32mSave 58b8bc20-1165-47a2-8016-a2a208ae3c50(uuid503)
сент. 19, 2025 6:42:49 PM webapp.storage.AbstractStorage save
INFO: &amp#27;[32mSave cacdcb43-07d8-4ae2-bcca-0a40f357a808(uuid504)
сент. 19, 2025 6:42:49 PM webapp.storage.AbstractStorage save
INFO: &amp#27;[32mSave 541d327b-427c-4812-ad6b-758010d46e55(uuid505)
сент. 19, 2025 6:42:49 PM webapp.storage.AbstractStorage save
INFO: &amp#27;[32mSave 5f6d3e69-6bc1-44f0-9079-4c72fcc6a987(uuid506)
сент. 19, 2025 6:42:49 PM webapp.storage.AbstractStorage save
INFO: &amp#27;[32mSave ebb87124-c415-4b1c-abeb-87ad2cfedb79(uuid507)
сент. 19, 2025 6:42:49 PM webapp.storage.AbstractStorage save
INFO: &amp#27;[32mSave ae65368e-e0c4-41b9-a463-7d8bc2be9c14(uuid508)
сент. 19, 2025 6:42:49 PM webapp.storage.AbstractStorage save
INFO: &amp#27;[32mSave 105d91ce-6d3b-4627-ad20-bae3327d1059(uuid509)
сент. 19, 2025 6:42:49 PM webapp.storage.AbstractStorage save
INFO: &amp#27;[32mSave 860a8436-b761-4d53-933a-5a00113bcfc6(uuid510)
сент. 19, 2025 6:42:49 PM webapp.storage.AbstractStorage save
INFO: &amp#27;[32mSave 50d05a1f-368d-41aa-8aba-d41fa7111a37(uuid511)
сент. 19, 2025 6:42:49 PM webapp.storage.AbstractStorage save
INFO: &amp#27;[32mSave 8c88cc68-fa80-4af9-8829-6fea4b50bc64(uuid512)
сент. 19, 2025 6:42:49 PM webapp.storage.AbstractStorage save
INFO: &amp#27;[32mSave a6f68c2e-cf32-4aeb-81f8-ebff5d9e6dd5(uuid513)
сент. 19, 2025 6:42:49 PM webapp.storage.AbstractStorage save
INFO: &amp#27;[32mSave 897ea6bb-4252-41e1-adc9-676955d23a8c(uuid514)
сент. 19, 2025 6:42:49 PM webapp.storage.AbstractStorage save
INFO: &amp#27;[32mSave f6902acd-0545-4876-9bc8-a7ab658fea68(uuid515)
сент. 19, 2025 6:42:49 PM webapp.storage.AbstractStorage save
INFO: &amp#27;[32mSave 7b761e47-f0f9-4256-80ed-280a6bada5e2(uuid516)
сент. 19, 2025 6:42:49 PM webapp.storage.AbstractStorage save
INFO: &amp#27;[32mSave 4e71f47e-24ec-4232-95ae-6985d1d64fd8(uuid517)
сент. 19, 2025 6:42:49 PM webapp.storage.AbstractStorage save
INFO: &amp#27;[32mSave e46a8d2d-e813-491d-8d53-f5b1b15a0c9d(uuid518)
сент. 19, 2025 6:42:49 PM webapp.storage.AbstractStorage save
INFO: &amp#27;[32mSave 478f4212-8869-4a71-a82d-a8260bf70f77(uuid519)
сент. 19, 2025 6:42:49 PM webapp.storage.AbstractStorage save
INFO: &amp#27;[32mSave 3e27032f-90c0-4403-8864-2bf218ebdd38(uuid520)
сент. 19, 2025 6:42:49 PM webapp.storage.AbstractStorage save
INFO: &amp#27;[32mSave 11c17473-7e3e-4cb1-a726-2594d588ff41(uuid521)
сент. 19, 2025 6:42:49 PM webapp.storage.AbstractStorage save
INFO: &amp#27;[32mSave 22d43377-2b86-4e45-8ce9-1785456226eb(uuid522)
сент. 19, 2025 6:42:49 PM webapp.storage.AbstractStorage save
INFO: &amp#27;[32mSave 2e58e90e-7768-4451-b1ad-69e6d2f0c924(uuid523)
сент. 19, 2025 6:42:49 PM webapp.storage.AbstractStorage save
INFO: &amp#27;[32mSave 717da642-d2af-406e-820d-d2c645d50ba9(uuid524)
сент. 19, 2025 6:42:49 PM webapp.storage.AbstractStorage save
INFO: &amp#27;[32mSave 31b071b9-41af-4255-adb7-a30cc30504ef(uuid525)
сент. 19, 2025 6:42:49 PM webapp.storage.AbstractStorage save
INFO: &amp#27;[32mSave 7888e164-12df-4b7d-be48-d4f7bbcf6146(uuid526)
сент. 19, 2025 6:42:49 PM webapp.storage.AbstractStorage save
INFO: &amp#27;[32mSave 2d615193-ca16-40ce-88c8-c81156fe36dc(uuid527)
сент. 19, 2025 6:42:49 PM webapp.storage.AbstractStorage save
INFO: &amp#27;[32mSave 35c6e46d-9de1-448e-bf68-93e96f9b1679(uuid528)
сент. 19, 2025 6:42:49 PM webapp.storage.AbstractStorage save
INFO: &amp#27;[32mSave 33c008cc-c9fa-4820-9be8-f88aa49b871e(uuid529)
сент. 19, 2025 6:42:49 PM webapp.storage.AbstractStorage save
INFO: &amp#27;[32mSave 222193ca-29f4-4f5f-911e-b734cb269154(uuid530)
сент. 19, 2025 6:42:49 PM webapp.storage.AbstractStorage save
INFO: &amp#27;[32mSave ecd54c41-422b-4446-af81-d2d26e0e1ee8(uuid531)
сент. 19, 2025 6:42:49 PM webapp.storage.AbstractStorage save
INFO: &amp#27;[32mSave 2ff9fb69-2f28-432f-b2c0-dea67d710058(uuid532)
сент. 19, 2025 6:42:49 PM webapp.storage.AbstractStorage save
INFO: &amp#27;[32mSave 8c264488-d9ea-442f-8eba-4af416255723(uuid533)
сент. 19, 2025 6:42:49 PM webapp.storage.AbstractStorage save
INFO: &amp#27;[32mSave 9c86fdcc-e7a8-4041-be56-03cd7120de09(uuid534)
сент. 19, 2025 6:42:49 PM webapp.storage.AbstractStorage save
INFO: &amp#27;[32mSave 23c60b23-e17d-4bf2-9d6d-4f66917e74ca(uuid535)
сент. 19, 2025 6:42:49 PM webapp.storage.AbstractStorage save
INFO: &amp#27;[32mSave 238f2589-b227-4821-b491-85a35b5f70d5(uuid536)
сент. 19, 2025 6:42:49 PM webapp.storage.AbstractStorage save
INFO: &amp#27;[32mSave 6a55a58e-52b8-43f0-ae15-a686596455a2(uuid537)
сент. 19, 2025 6:42:49 PM webapp.storage.AbstractStorage save
INFO: &amp#27;[32mSave a7c67f45-ec7b-4499-b77b-4d2e735a6133(uuid538)
сент. 19, 2025 6:42:49 PM webapp.storage.AbstractStorage save
INFO: &amp#27;[32mSave 1518ac9d-c7e9-475a-bc7b-cee530da7865(uuid539)
сент. 19, 2025 6:42:49 PM webapp.storage.AbstractStorage save
INFO: &amp#27;[32mSave b6c45f78-f360-44a8-9c19-2ba1307bb715(uuid540)
сент. 19, 2025 6:42:49 PM webapp.storage.AbstractStorage save
INFO: &amp#27;[32mSave ccb25df0-e3fa-4835-bae1-20ee9a9c051f(uuid541)
сент. 19, 2025 6:42:49 PM webapp.storage.AbstractStorage save
INFO: &amp#27;[32mSave ac414afd-1085-4cef-8e73-034bc9ae318b(uuid542)
сент. 19, 2025 6:42:49 PM webapp.storage.AbstractStorage save
INFO: &amp#27;[32mSave c45b756b-fef3-4501-85b3-67e8e59ea42b(uuid543)
сент. 19, 2025 6:42:49 PM webapp.storage.AbstractStorage save
INFO: &amp#27;[32mSave c3d93479-cda7-4dc0-b8fe-924708f61b80(uuid544)
сент. 19, 2025 6:42:49 PM webapp.storage.AbstractStorage save
INFO: &amp#27;[32mSave c02dfaf8-8020-49ca-8781-b4f92155e537(uuid545)
сент. 19, 2025 6:42:49 PM webapp.storage.AbstractStorage save
INFO: &amp#27;[32mSave 1bc678e2-37c6-48d4-9ba9-746f15901c47(uuid546)
сент. 19, 2025 6:42:49 PM webapp.storage.AbstractStorage save
INFO: &amp#27;[32mSave d2ea912e-ea5d-4218-b890-e4e6cd1c0211(uuid547)
сент. 19, 2025 6:42:49 PM webapp.storage.AbstractStorage save
INFO: &amp#27;[32mSave 086c199a-0762-4ca5-ba93-f09b6aa131ac(uuid548)
сент. 19, 2025 6:42:49 PM webapp.storage.AbstractStorage save
INFO: &amp#27;[32mSave a00a1f28-f71e-4570-897a-6d09e3b62b3c(uuid549)
сент. 19, 2025 6:42:49 PM webapp.storage.AbstractStorage save
INFO: &amp#27;[32mSave 0c9169d7-9412-4fb6-90c4-fc75b78014de(uuid550)
сент. 19, 2025 6:42:49 PM webapp.storage.AbstractStorage save
INFO: &amp#27;[32mSave 39932f72-ceaa-4184-a5de-6c527f6ab7f7(uuid551)
сент. 19, 2025 6:42:49 PM webapp.storage.AbstractStorage save
INFO: &amp#27;[32mSave 14fe0859-0edb-44b3-bbbf-e820934d773c(uuid552)
сент. 19, 2025 6:42:49 PM webapp.storage.AbstractStorage save
INFO: &amp#27;[32mSave b059c460-7aa1-483b-8ea8-c557a07370e4(uuid553)
сент. 19, 2025 6:42:49 PM webapp.storage.AbstractStorage save
INFO: &amp#27;[32mSave b6fc1e94-acc1-4211-a0f3-2839c127a3c9(uuid554)
сент. 19, 2025 6:42:49 PM webapp.storage.AbstractStorage save
INFO: &amp#27;[32mSave 43af14c6-ba55-418a-8923-ad4c89bc3bf8(uuid555)
сент. 19, 2025 6:42:49 PM webapp.storage.AbstractStorage save
INFO: &amp#27;[32mSave 01b6246e-7781-43eb-b8ef-5432a1332235(uuid556)
сент. 19, 2025 6:42:49 PM webapp.storage.AbstractStorage save
INFO: &amp#27;[32mSave eb5e50f4-d0b9-46df-9d13-cfcf6c907f8b(uuid557)
сент. 19, 2025 6:42:49 PM webapp.storage.AbstractStorage save
INFO: &amp#27;[32mSave e2bde927-51b0-4614-aa60-f52c3e8019f3(uuid558)
сент. 19, 2025 6:42:49 PM webapp.storage.AbstractStorage save
INFO: &amp#27;[32mSave 8ea3f133-a4d6-42a3-bcbe-46ba872bfd60(uuid559)
сент. 19, 2025 6:42:49 PM webapp.storage.AbstractStorage save
INFO: &amp#27;[32mSave 091b70ce-e497-44f6-8b9c-b1d96d1df3ae(uuid560)
сент. 19, 2025 6:42:49 PM webapp.storage.AbstractStorage save
INFO: &amp#27;[32mSave 501c0b57-db1b-4227-a29e-ed23a7249c43(uuid561)
сент. 19, 2025 6:42:49 PM webapp.storage.AbstractStorage save
INFO: &amp#27;[32mSave 3b4e104a-1459-416b-9f97-782c066d93d5(uuid562)
сент. 19, 2025 6:42:49 PM webapp.storage.AbstractStorage save
INFO: &amp#27;[32mSave e6bc26ed-f947-4a88-9c63-8efcb8777ec5(uuid563)
сент. 19, 2025 6:42:49 PM webapp.storage.AbstractStorage save
INFO: &amp#27;[32mSave 0c7f8882-dd8b-486a-a10f-a4564a14e60d(uuid564)
сент. 19, 2025 6:42:49 PM webapp.storage.AbstractStorage save
INFO: &amp#27;[32mSave 11c300bf-b80b-40ea-bc4e-be1f9f26bd74(uuid565)
сент. 19, 2025 6:42:49 PM webapp.storage.AbstractStorage save
INFO: &amp#27;[32mSave f765928f-f5b6-4ef9-b5cc-9c3abb8b0b4c(uuid566)
сент. 19, 2025 6:42:49 PM webapp.storage.AbstractStorage save
INFO: &amp#27;[32mSave 984b72be-4c17-449a-b1cf-e7db98c50e85(uuid567)
сент. 19, 2025 6:42:49 PM webapp.storage.AbstractStorage save
INFO: &amp#27;[32mSave 6a852f0c-c362-4a58-b2a5-c62e0347ef35(uuid568)
сент. 19, 2025 6:42:49 PM webapp.storage.AbstractStorage save
INFO: &amp#27;[32mSave 4860ebf6-55ec-45b7-9215-ae22c732de1d(uuid569)
сент. 19, 2025 6:42:49 PM webapp.storage.AbstractStorage save
INFO: &amp#27;[32mSave 5a04b641-e64d-436c-863a-39e0858c761e(uuid570)
сент. 19, 2025 6:42:49 PM webapp.storage.AbstractStorage save
INFO: &amp#27;[32mSave 9eb9dfb4-db0a-40ee-bfe7-4c54557a2edf(uuid571)
сент. 19, 2025 6:42:49 PM webapp.storage.AbstractStorage save
INFO: &amp#27;[32mSave 830e9828-7030-4b67-bb18-240ab24438e3(uuid572)
сент. 19, 2025 6:42:49 PM webapp.storage.AbstractStorage save
INFO: &amp#27;[32mSave 12b9eb1e-0aa3-4dd0-b084-dce368f8665c(uuid573)
сент. 19, 2025 6:42:49 PM webapp.storage.AbstractStorage save
INFO: &amp#27;[32mSave 6f8f38fb-dc49-4b05-b2df-2a5f93fb37b3(uuid574)
сент. 19, 2025 6:42:49 PM webapp.storage.AbstractStorage save
INFO: &amp#27;[32mSave c3c88425-7fa4-4b0f-94af-221622c845eb(uuid575)
сент. 19, 2025 6:42:49 PM webapp.storage.AbstractStorage save
INFO: &amp#27;[32mSave 5c3cefb2-4fbe-48ca-a4e8-d1287a838800(uuid576)
сент. 19, 2025 6:42:49 PM webapp.storage.AbstractStorage save
INFO: &amp#27;[32mSave f6e67d9e-2c67-4216-bd10-6fe64a9d9e3d(uuid577)
сент. 19, 2025 6:42:49 PM webapp.storage.AbstractStorage save
INFO: &amp#27;[32mSave deb96ef9-4ecd-4115-bb2d-d4212b559b48(uuid578)
сент. 19, 2025 6:42:49 PM webapp.storage.AbstractStorage save
INFO: &amp#27;[32mSave d726184c-427b-4ba4-9655-24d2d7429340(uuid579)
сент. 19, 2025 6:42:49 PM webapp.storage.AbstractStorage save
INFO: &amp#27;[32mSave 8b6d42e1-a170-491e-9e95-462a217e4b83(uuid580)
сент. 19, 2025 6:42:49 PM webapp.storage.AbstractStorage save
INFO: &amp#27;[32mSave d7d5bc6a-445c-474d-a454-f423ab918431(uuid581)
сент. 19, 2025 6:42:49 PM webapp.storage.AbstractStorage save
INFO: &amp#27;[32mSave ca92f404-4c45-4cce-b9b8-4765eaf4e806(uuid582)
сент. 19, 2025 6:42:49 PM webapp.storage.AbstractStorage save
INFO: &amp#27;[32mSave 43dd098a-47a9-4501-b85a-68d81620c7d4(uuid583)
сент. 19, 2025 6:42:49 PM webapp.storage.AbstractStorage save
INFO: &amp#27;[32mSave 451029c1-5c53-4cf0-a501-a2b6ddc8427d(uuid584)
сент. 19, 2025 6:42:49 PM webapp.storage.AbstractStorage save
INFO: &amp#27;[32mSave 922ec460-1119-435c-9676-5c79d0b7bb5a(uuid585)
сент. 19, 2025 6:42:49 PM webapp.storage.AbstractStorage save
INFO: &amp#27;[32mSave b7254092-7cca-43de-b39f-62d0742b14be(uuid586)
сент. 19, 2025 6:42:49 PM webapp.storage.AbstractStorage save
INFO: &amp#27;[32mSave 5120b912-a8b7-41e1-ad69-6a649f8c8a74(uuid587)
сент. 19, 2025 6:42:49 PM webapp.storage.AbstractStorage save
INFO: &amp#27;[32mSave 4bc7653c-118f-4628-923c-85132693a2ec(uuid588)
сент. 19, 2025 6:42:49 PM webapp.storage.AbstractStorage save
INFO: &amp#27;[32mSave f8d2070a-c30b-4842-82a1-de22563c922e(uuid589)
сент. 19, 2025 6:42:49 PM webapp.storage.AbstractStorage save
INFO: &amp#27;[32mSave 441dab9c-093c-48ff-bafb-27d35c77806c(uuid590)
сент. 19, 2025 6:42:49 PM webapp.storage.AbstractStorage save
INFO: &amp#27;[32mSave 884ae9c7-4ac3-4e63-ac47-9f8a92db6ede(uuid591)
сент. 19, 2025 6:42:49 PM webapp.storage.AbstractStorage save
INFO: &amp#27;[32mSave a74d0b4d-89e2-46b2-8bed-441b6bf3aeae(uuid592)
сент. 19, 2025 6:42:49 PM webapp.storage.AbstractStorage save
INFO: &amp#27;[32mSave 268cb494-5a31-4223-8b52-71a23e074772(uuid593)
сент. 19, 2025 6:42:49 PM webapp.storage.AbstractStorage save
INFO: &amp#27;[32mSave d72c008e-9626-4fd7-aee2-bd8a5484cd1f(uuid594)
сент. 19, 2025 6:42:49 PM webapp.storage.AbstractStorage save
INFO: &amp#27;[32mSave a64eb53b-6b31-4fec-b58b-0191cd63b365(uuid595)
сент. 19, 2025 6:42:49 PM webapp.storage.AbstractStorage save
INFO: &amp#27;[32mSave f24ce24c-ff54-4fa9-9839-a6d0a9f6c3a3(uuid596)
сент. 19, 2025 6:42:49 PM webapp.storage.AbstractStorage save
INFO: &amp#27;[32mSave b306dffc-793a-4f92-b316-c731ec72785c(uuid597)
сент. 19, 2025 6:42:49 PM webapp.storage.AbstractStorage save
INFO: &amp#27;[32mSave 4a516cc0-1ff1-4421-a1a9-ee1692eafea5(uuid598)
сент. 19, 2025 6:42:49 PM webapp.storage.AbstractStorage save
INFO: &amp#27;[32mSave 46c16a69-c727-4c6b-8e8b-d24201ff8f99(uuid599)
сент. 19, 2025 6:42:49 PM webapp.storage.AbstractStorage save
INFO: &amp#27;[32mSave 4e7c0868-f3a4-437d-bf5a-efe295ec13ae(uuid600)
сент. 19, 2025 6:42:49 PM webapp.storage.AbstractStorage save
INFO: &amp#27;[32mSave 0f64ff46-3943-435f-bfdd-d11f0673e1ec(uuid601)
сент. 19, 2025 6:42:49 PM webapp.storage.AbstractStorage save
INFO: &amp#27;[32mSave c346f068-b518-4f21-bae8-e4403f917bb8(uuid602)
сент. 19, 2025 6:42:49 PM webapp.storage.AbstractStorage save
INFO: &amp#27;[32mSave d3ed04a8-1d9e-46aa-b978-a427cffd9fee(uuid603)
сент. 19, 2025 6:42:49 PM webapp.storage.AbstractStorage save
INFO: &amp#27;[32mSave 384afc88-b306-4527-8e4e-b6938a22ca04(uuid604)
сент. 19, 2025 6:42:49 PM webapp.storage.AbstractStorage save
INFO: &amp#27;[32mSave 3f15c4c6-cad8-4d4b-9696-43c4f9b1412f(uuid605)
сент. 19, 2025 6:42:49 PM webapp.storage.AbstractStorage save
INFO: &amp#27;[32mSave 547835fb-d3e5-4ad6-b1b1-444fa81442dd(uuid606)
сент. 19, 2025 6:42:49 PM webapp.storage.AbstractStorage save
INFO: &amp#27;[32mSave 3c03c941-f2c1-4bbb-87d0-b1ff46152007(uuid607)
сент. 19, 2025 6:42:49 PM webapp.storage.AbstractStorage save
INFO: &amp#27;[32mSave c759750a-97d8-4c4e-9041-aaee814f1282(uuid608)
сент. 19, 2025 6:42:49 PM webapp.storage.AbstractStorage save
INFO: &amp#27;[32mSave ca65afcc-0ae8-4ad7-9184-d4e8c0d43bb5(uuid609)
сент. 19, 2025 6:42:49 PM webapp.storage.AbstractStorage save
INFO: &amp#27;[32mSave 09032fc1-a21f-45b0-b623-43b4e5383d9c(uuid610)
сент. 19, 2025 6:42:49 PM webapp.storage.AbstractStorage save
INFO: &amp#27;[32mSave 042114d4-dceb-401b-ae7d-97236a963a7d(uuid611)
сент. 19, 2025 6:42:49 PM webapp.storage.AbstractStorage save
INFO: &amp#27;[32mSave d355d8f2-daa5-42b6-bad6-4716f53283ae(uuid612)
сент. 19, 2025 6:42:49 PM webapp.storage.AbstractStorage save
INFO: &amp#27;[32mSave 5add6be6-e8df-4229-a214-d0e3827d6ba2(uuid613)
сент. 19, 2025 6:42:49 PM webapp.storage.AbstractStorage save
INFO: &amp#27;[32mSave ccc5f4e9-eb52-496c-8117-67a31154b727(uuid614)
сент. 19, 2025 6:42:49 PM webapp.storage.AbstractStorage save
INFO: &amp#27;[32mSave e462ac00-100c-4d92-832d-cdf8f437c108(uuid615)
сент. 19, 2025 6:42:49 PM webapp.storage.AbstractStorage save
INFO: &amp#27;[32mSave 3cd8feae-9ce2-4501-bdcf-e4d3c79cbcfa(uuid616)
сент. 19, 2025 6:42:49 PM webapp.storage.AbstractStorage save
INFO: &amp#27;[32mSave ba979158-2d31-491a-9cac-5281734548cb(uuid617)
сент. 19, 2025 6:42:49 PM webapp.storage.AbstractStorage save
INFO: &amp#27;[32mSave 9e68c16f-26d1-4368-b36c-08623b0e1b21(uuid618)
сент. 19, 2025 6:42:49 PM webapp.storage.AbstractStorage save
INFO: &amp#27;[32mSave ff91de0a-f962-4f5f-a385-65d8e7ae937c(uuid619)
сент. 19, 2025 6:42:49 PM webapp.storage.AbstractStorage save
INFO: &amp#27;[32mSave d1bec195-9879-45ef-aeb3-1303e0bcec05(uuid620)
сент. 19, 2025 6:42:49 PM webapp.storage.AbstractStorage save
INFO: &amp#27;[32mSave 5208c597-c1bd-4122-9bb6-30aeca0c0cd7(uuid621)
сент. 19, 2025 6:42:49 PM webapp.storage.AbstractStorage save
INFO: &amp#27;[32mSave 4ff20b35-bb30-44a6-b70a-a9ed7d2e3171(uuid622)
сент. 19, 2025 6:42:49 PM webapp.storage.AbstractStorage save
INFO: &amp#27;[32mSave 438a85a4-7e75-4195-bc90-f53184607739(uuid623)
сент. 19, 2025 6:42:49 PM webapp.storage.AbstractStorage save
INFO: &amp#27;[32mSave 3042c2de-e496-4e8a-ad93-a9e38c2b93ec(uuid624)
сент. 19, 2025 6:42:49 PM webapp.storage.AbstractStorage save
INFO: &amp#27;[32mSave 08ce7323-41fc-4ed3-ad82-d6a7a46d54ec(uuid625)
сент. 19, 2025 6:42:49 PM webapp.storage.AbstractStorage save
INFO: &amp#27;[32mSave 39512259-6159-4355-ab88-47b1f5c7d044(uuid626)
сент. 19, 2025 6:42:49 PM webapp.storage.AbstractStorage save
INFO: &amp#27;[32mSave 3ef84689-c121-4eaa-bd2f-e0f105ced0de(uuid627)
сент. 19, 2025 6:42:49 PM webapp.storage.AbstractStorage save
INFO: &amp#27;[32mSave deb05dff-c64a-4ffa-8f1d-2545fc8d1b3f(uuid628)
сент. 19, 2025 6:42:49 PM webapp.storage.AbstractStorage save
INFO: &amp#27;[32mSave b5aee46b-ae44-491d-9498-b38bdb94e6c7(uuid629)
сент. 19, 2025 6:42:49 PM webapp.storage.AbstractStorage save
INFO: &amp#27;[32mSave fea1b645-f2ec-4eb6-b028-ca5344d06263(uuid630)
сент. 19, 2025 6:42:49 PM webapp.storage.AbstractStorage save
INFO: &amp#27;[32mSave 22f78151-a7ea-4ae0-9d0d-bfe18ed317da(uuid631)
сент. 19, 2025 6:42:49 PM webapp.storage.AbstractStorage save
INFO: &amp#27;[32mSave 1e7448a5-b1bf-483a-976f-5014e6fb0826(uuid632)
сент. 19, 2025 6:42:49 PM webapp.storage.AbstractStorage save
INFO: &amp#27;[32mSave 1d97d0cc-7b55-4af8-993f-28d94f839c38(uuid633)
сент. 19, 2025 6:42:49 PM webapp.storage.AbstractStorage save
INFO: &amp#27;[32mSave 771fba6a-0cdd-4df3-b218-75a87ead918c(uuid634)
сент. 19, 2025 6:42:49 PM webapp.storage.AbstractStorage save
INFO: &amp#27;[32mSave cadee615-f101-480b-a756-c0fa26645fa6(uuid635)
сент. 19, 2025 6:42:49 PM webapp.storage.AbstractStorage save
INFO: &amp#27;[32mSave 4cc7692c-84f3-41b8-a8b5-dcaed1e50bf1(uuid636)
сент. 19, 2025 6:42:49 PM webapp.storage.AbstractStorage save
INFO: &amp#27;[32mSave b2bd23ac-e698-40be-a057-e33450ec1dd7(uuid637)
сент. 19, 2025 6:42:49 PM webapp.storage.AbstractStorage save
INFO: &amp#27;[32mSave 2e9b9c43-34a8-41a4-a8d6-32e23a11ebeb(uuid638)
сент. 19, 2025 6:42:49 PM webapp.storage.AbstractStorage save
INFO: &amp#27;[32mSave d61c1a62-e58e-4bb0-8e87-7cd37f3a8b91(uuid639)
сент. 19, 2025 6:42:49 PM webapp.storage.AbstractStorage save
INFO: &amp#27;[32mSave 050efb5a-4c28-418d-8589-103c89d5ea42(uuid640)
сент. 19, 2025 6:42:49 PM webapp.storage.AbstractStorage save
INFO: &amp#27;[32mSave f5f4f75e-92f0-4778-94d6-abc54533c761(uuid641)
сент. 19, 2025 6:42:49 PM webapp.storage.AbstractStorage save
INFO: &amp#27;[32mSave e62ce0d5-cc3d-4bc2-8b03-c10e49afe203(uuid642)
сент. 19, 2025 6:42:49 PM webapp.storage.AbstractStorage save
INFO: &amp#27;[32mSave 86d6cd34-3cf5-4ef8-8638-e9623f7236bb(uuid643)
сент. 19, 2025 6:42:49 PM webapp.storage.AbstractStorage save
INFO: &amp#27;[32mSave b31f2ead-41b9-480e-ac87-dd8a60ffa738(uuid644)
сент. 19, 2025 6:42:49 PM webapp.storage.AbstractStorage save
INFO: &amp#27;[32mSave 6869e9cc-21f6-4be6-98cb-a36eb8020669(uuid645)
сент. 19, 2025 6:42:49 PM webapp.storage.AbstractStorage save
INFO: &amp#27;[32mSave 994de5df-b659-43df-aa2b-e1dd2180d20a(uuid646)
сент. 19, 2025 6:42:49 PM webapp.storage.AbstractStorage save
INFO: &amp#27;[32mSave ade4b551-5e16-4bef-b3d8-cf3ebeb9cb06(uuid647)
сент. 19, 2025 6:42:49 PM webapp.storage.AbstractStorage save
INFO: &amp#27;[32mSave 8359f6fc-b6e5-48c5-be67-e9d76dea3fcd(uuid648)
сент. 19, 2025 6:42:49 PM webapp.storage.AbstractStorage save
INFO: &amp#27;[32mSave f1aa9e4d-6e86-41c5-8c15-8f1f8987a735(uuid649)
сент. 19, 2025 6:42:49 PM webapp.storage.AbstractStorage save
INFO: &amp#27;[32mSave 13000104-75ac-4a13-ad96-86553d1006be(uuid650)
сент. 19, 2025 6:42:49 PM webapp.storage.AbstractStorage save
INFO: &amp#27;[32mSave 3b48c054-4a9d-4dfa-8373-fdb1e0b5f151(uuid651)
сент. 19, 2025 6:42:49 PM webapp.storage.AbstractStorage save
INFO: &amp#27;[32mSave cea64d13-9100-4427-812d-2e24310bad7d(uuid652)
сент. 19, 2025 6:42:49 PM webapp.storage.AbstractStorage save
INFO: &amp#27;[32mSave eac9cdf5-2db4-4f53-9bf9-5233d63eee4e(uuid653)
сент. 19, 2025 6:42:49 PM webapp.storage.AbstractStorage save
INFO: &amp#27;[32mSave 5465ab21-eb53-4f04-a651-a224d2525b66(uuid654)
сент. 19, 2025 6:42:49 PM webapp.storage.AbstractStorage save
INFO: &amp#27;[32mSave fd276df5-18b4-49d2-983c-b785c2479ab6(uuid655)
сент. 19, 2025 6:42:49 PM webapp.storage.AbstractStorage save
INFO: &amp#27;[32mSave 8a239c73-85c3-44c0-a4f2-6f72a8168479(uuid656)
сент. 19, 2025 6:42:49 PM webapp.storage.AbstractStorage save
INFO: &amp#27;[32mSave a1968e9c-93bd-4a71-8d0d-12fa9235deea(uuid657)
сент. 19, 2025 6:42:49 PM webapp.storage.AbstractStorage save
INFO: &amp#27;[32mSave cad688ed-f7e3-42c5-ac0e-3fda1829d312(uuid658)
сент. 19, 2025 6:42:49 PM webapp.storage.AbstractStorage save
INFO: &amp#27;[32mSave fdddfe97-31fa-45a8-a89d-ea4c2f2a378a(uuid659)
сент. 19, 2025 6:42:49 PM webapp.storage.AbstractStorage save
INFO: &amp#27;[32mSave 5ba5fd60-e6ab-4aad-be02-14f65183ffbd(uuid660)
сент. 19, 2025 6:42:49 PM webapp.storage.AbstractStorage save
INFO: &amp#27;[32mSave 8c6ad869-12d5-4ee5-bbe7-e336a981c631(uuid661)
сент. 19, 2025 6:42:49 PM webapp.storage.AbstractStorage save
INFO: &amp#27;[32mSave d376deb1-e76e-4ae4-8210-94d11df616da(uuid662)
сент. 19, 2025 6:42:49 PM webapp.storage.AbstractStorage save
INFO: &amp#27;[32mSave 0ae37423-c116-44ec-a1ca-220add5b6226(uuid663)
сент. 19, 2025 6:42:49 PM webapp.storage.AbstractStorage save
INFO: &amp#27;[32mSave 33ed0df1-345f-4c98-b507-cb9a63c1ba32(uuid664)
сент. 19, 2025 6:42:49 PM webapp.storage.AbstractStorage save
INFO: &amp#27;[32mSave e6c476d2-b7d6-4aa2-863b-7bbcab7cf034(uuid665)
сент. 19, 2025 6:42:49 PM webapp.storage.AbstractStorage save
INFO: &amp#27;[32mSave e68eef2f-0377-4567-915f-b30e8577f068(uuid666)
сент. 19, 2025 6:42:49 PM webapp.storage.AbstractStorage save
INFO: &amp#27;[32mSave 00b9c164-f7fd-478f-8de4-0cc85c3c749e(uuid667)
сент. 19, 2025 6:42:49 PM webapp.storage.AbstractStorage save
INFO: &amp#27;[32mSave c2eceac1-0ff7-4a03-b064-34aa47e1073e(uuid668)
сент. 19, 2025 6:42:49 PM webapp.storage.AbstractStorage save
INFO: &amp#27;[32mSave b0456628-7ab7-41e6-95a1-48f640e9b939(uuid669)
сент. 19, 2025 6:42:49 PM webapp.storage.AbstractStorage save
INFO: &amp#27;[32mSave 1743df5f-39e0-4ff3-9781-5a94a6be918b(uuid670)
сент. 19, 2025 6:42:49 PM webapp.storage.AbstractStorage save
INFO: &amp#27;[32mSave 5171fbc5-0756-4c29-ae45-bca70add437d(uuid671)
сент. 19, 2025 6:42:49 PM webapp.storage.AbstractStorage save
INFO: &amp#27;[32mSave 086a899a-4f05-43b6-9a81-8e0ef60772c0(uuid672)
сент. 19, 2025 6:42:49 PM webapp.storage.AbstractStorage save
INFO: &amp#27;[32mSave 65375e62-cd6b-40e1-96aa-f1f4563dea75(uuid673)
сент. 19, 2025 6:42:49 PM webapp.storage.AbstractStorage save
INFO: &amp#27;[32mSave b26bb135-2a01-499e-a1a6-34411b7cc406(uuid674)
сент. 19, 2025 6:42:49 PM webapp.storage.AbstractStorage save
INFO: &amp#27;[32mSave 78107b6b-85f4-4d4e-8d26-99f9af3ec4eb(uuid675)
сент. 19, 2025 6:42:49 PM webapp.storage.AbstractStorage save
INFO: &amp#27;[32mSave 67c412c9-4494-45fd-84da-05657a34b56c(uuid676)
сент. 19, 2025 6:42:49 PM webapp.storage.AbstractStorage save
INFO: &amp#27;[32mSave bbaedddb-e09f-4e1a-8a7c-511255e97977(uuid677)
сент. 19, 2025 6:42:49 PM webapp.storage.AbstractStorage save
INFO: &amp#27;[32mSave 48283c07-2c53-464f-a85f-19fb3da136ec(uuid678)
сент. 19, 2025 6:42:49 PM webapp.storage.AbstractStorage save
INFO: &amp#27;[32mSave 36cc0832-a2e9-4a05-bf79-fe68f8e5ed98(uuid679)
сент. 19, 2025 6:42:49 PM webapp.storage.AbstractStorage save
INFO: &amp#27;[32mSave c2e071b9-20a8-4f16-ab33-ca3ef6839e0d(uuid680)
сент. 19, 2025 6:42:49 PM webapp.storage.AbstractStorage save
INFO: &amp#27;[32mSave ab8539f7-422e-4091-8822-26fedf21d7aa(uuid681)
сент. 19, 2025 6:42:49 PM webapp.storage.AbstractStorage save
INFO: &amp#27;[32mSave 6a1883d3-0957-45ff-a656-03a842cfe855(uuid682)
сент. 19, 2025 6:42:49 PM webapp.storage.AbstractStorage save
INFO: &amp#27;[32mSave 234768f8-e4ac-4af2-a9da-72d248938f30(uuid683)
сент. 19, 2025 6:42:49 PM webapp.storage.AbstractStorage save
INFO: &amp#27;[32mSave 7de90640-a73b-4d9c-aee7-2dcbfdb98283(uuid684)
сент. 19, 2025 6:42:49 PM webapp.storage.AbstractStorage save
INFO: &amp#27;[32mSave 016de50a-8413-4b1c-8cbb-e3dc480109b7(uuid685)
сент. 19, 2025 6:42:49 PM webapp.storage.AbstractStorage save
INFO: &amp#27;[32mSave f767e5a1-cdd0-44bb-8456-0cfcb242db0f(uuid686)
сент. 19, 2025 6:42:49 PM webapp.storage.AbstractStorage save
INFO: &amp#27;[32mSave 134f6d72-f3ef-40aa-964e-93b01a024ca2(uuid687)
сент. 19, 2025 6:42:49 PM webapp.storage.AbstractStorage save
INFO: &amp#27;[32mSave c4fe2397-1379-4473-a362-1ce1f5eb1527(uuid688)
сент. 19, 2025 6:42:49 PM webapp.storage.AbstractStorage save
INFO: &amp#27;[32mSave 177c06e1-7f5a-4751-934b-acc60e7be928(uuid689)
сент. 19, 2025 6:42:49 PM webapp.storage.AbstractStorage save
INFO: &amp#27;[32mSave df8376e4-4453-4bf2-a0af-d497c25ed797(uuid690)
сент. 19, 2025 6:42:49 PM webapp.storage.AbstractStorage save
INFO: &amp#27;[32mSave a33c3f2e-2b6b-4ea8-859f-7e537040c328(uuid691)
сент. 19, 2025 6:42:49 PM webapp.storage.AbstractStorage save
INFO: &amp#27;[32mSave 12e34a68-b978-42c7-ae31-105f3f81194c(uuid692)
сент. 19, 2025 6:42:49 PM webapp.storage.AbstractStorage save
INFO: &amp#27;[32mSave 0d4f8566-a106-4023-8bdc-a2b03c5b05e5(uuid693)
сент. 19, 2025 6:42:49 PM webapp.storage.AbstractStorage save
INFO: &amp#27;[32mSave aa081452-d1ea-4a05-b6e9-e8bfff001a18(uuid694)
сент. 19, 2025 6:42:49 PM webapp.storage.AbstractStorage save
INFO: &amp#27;[32mSave 97683850-c52c-4cc3-b5f6-6b6260783720(uuid695)
сент. 19, 2025 6:42:49 PM webapp.storage.AbstractStorage save
INFO: &amp#27;[32mSave b464e07c-5f28-482a-9fea-afc45015c843(uuid696)
сент. 19, 2025 6:42:49 PM webapp.storage.AbstractStorage save
INFO: &amp#27;[32mSave bc084d47-ca59-4485-9426-938f75d2b460(uuid697)
сент. 19, 2025 6:42:49 PM webapp.storage.AbstractStorage save
INFO: &amp#27;[32mSave e164112e-01ec-43d9-8d53-b14799bb687b(uuid698)
сент. 19, 2025 6:42:49 PM webapp.storage.AbstractStorage save
INFO: &amp#27;[32mSave 090b8e19-271a-4115-8634-e4df3941e067(uuid699)
сент. 19, 2025 6:42:49 PM webapp.storage.AbstractStorage save
INFO: &amp#27;[32mSave cc155496-da7f-4be4-aba5-1afd97777c14(uuid700)
сент. 19, 2025 6:42:49 PM webapp.storage.AbstractStorage save
INFO: &amp#27;[32mSave 95d3d1a5-eefd-4fc2-b647-3d9d45671d97(uuid701)
сент. 19, 2025 6:42:49 PM webapp.storage.AbstractStorage save
INFO: &amp#27;[32mSave ca928bdb-55c3-44b7-9410-7984ed3ac77f(uuid702)
сент. 19, 2025 6:42:49 PM webapp.storage.AbstractStorage save
INFO: &amp#27;[32mSave ae7c7c67-7483-43b1-9e7d-3727153aac37(uuid703)
сент. 19, 2025 6:42:49 PM webapp.storage.AbstractStorage save
INFO: &amp#27;[32mSave 9c20b748-73e9-49a1-821c-d603491a4aa8(uuid704)
сент. 19, 2025 6:42:49 PM webapp.storage.AbstractStorage save
INFO: &amp#27;[32mSave 94480318-bed2-4a15-97df-dc7ce69befe0(uuid705)
сент. 19, 2025 6:42:49 PM webapp.storage.AbstractStorage save
INFO: &amp#27;[32mSave 6c8c6c1d-1e7b-4a5e-be74-815581845e2c(uuid706)
сент. 19, 2025 6:42:49 PM webapp.storage.AbstractStorage save
INFO: &amp#27;[32mSave e0e99805-ea86-4ce6-a99a-d0506f8f41df(uuid707)
сент. 19, 2025 6:42:49 PM webapp.storage.AbstractStorage save
INFO: &amp#27;[32mSave f23f8dd1-6b87-4165-b46d-276ec0cb18fc(uuid708)
сент. 19, 2025 6:42:49 PM webapp.storage.AbstractStorage save
INFO: &amp#27;[32mSave bd967fe4-ab12-4c01-a5cb-3fb4b2a76478(uuid709)
сент. 19, 2025 6:42:49 PM webapp.storage.AbstractStorage save
INFO: &amp#27;[32mSave 5efe6c3c-3c3c-477a-999d-eebaea5bfdca(uuid710)
сент. 19, 2025 6:42:49 PM webapp.storage.AbstractStorage save
INFO: &amp#27;[32mSave 3ee33d1d-a677-49e7-9c7d-f541e8db37b1(uuid711)
сент. 19, 2025 6:42:49 PM webapp.storage.AbstractStorage save
INFO: &amp#27;[32mSave 1b7e4899-ae0f-4291-9641-1564355edfc6(uuid712)
сент. 19, 2025 6:42:49 PM webapp.storage.AbstractStorage save
INFO: &amp#27;[32mSave c0231cde-92a5-484f-b730-599cb1c08482(uuid713)
сент. 19, 2025 6:42:49 PM webapp.storage.AbstractStorage save
INFO: &amp#27;[32mSave f73b8d52-a482-4cc8-a4f0-d8556dbe77d2(uuid714)
сент. 19, 2025 6:42:49 PM webapp.storage.AbstractStorage save
INFO: &amp#27;[32mSave 44948e65-021d-4d14-854b-1869ab983487(uuid715)
сент. 19, 2025 6:42:49 PM webapp.storage.AbstractStorage save
INFO: &amp#27;[32mSave c0b5bacb-269f-42a4-a48c-70ef1532824b(uuid716)
сент. 19, 2025 6:42:49 PM webapp.storage.AbstractStorage save
INFO: &amp#27;[32mSave 24e8c547-584b-45f7-8451-59ce5c4fea0d(uuid717)
сент. 19, 2025 6:42:49 PM webapp.storage.AbstractStorage save
INFO: &amp#27;[32mSave 9da434fc-2511-45b8-bf51-84731b755e97(uuid718)
сент. 19, 2025 6:42:49 PM webapp.storage.AbstractStorage save
INFO: &amp#27;[32mSave 109c2bbe-93f8-4d91-9855-8ae3053e377c(uuid719)
сент. 19, 2025 6:42:49 PM webapp.storage.AbstractStorage save
INFO: &amp#27;[32mSave 3e6f9682-ab27-4343-a1d3-0f05d5ebdc9c(uuid720)
сент. 19, 2025 6:42:49 PM webapp.storage.AbstractStorage save
INFO: &amp#27;[32mSave e3a8bfa6-7b0f-4907-ba9d-2e6d636cf7e1(uuid721)
сент. 19, 2025 6:42:49 PM webapp.storage.AbstractStorage save
INFO: &amp#27;[32mSave de7ba2d9-25ba-4222-9c77-4631fbff0dde(uuid722)
сент. 19, 2025 6:42:49 PM webapp.storage.AbstractStorage save
INFO: &amp#27;[32mSave bd27e5cc-751c-4248-981a-41f87535d728(uuid723)
сент. 19, 2025 6:42:49 PM webapp.storage.AbstractStorage save
INFO: &amp#27;[32mSave b6a95baa-dc0a-4d52-8b8c-ff8dbd064b04(uuid724)
сент. 19, 2025 6:42:49 PM webapp.storage.AbstractStorage save
INFO: &amp#27;[32mSave 5b4c7d59-9a09-4791-a4cc-55a7e4840a15(uuid725)
сент. 19, 2025 6:42:49 PM webapp.storage.AbstractStorage save
INFO: &amp#27;[32mSave 5555c1f1-e9d1-4956-99ed-322aa173ec44(uuid726)
сент. 19, 2025 6:42:49 PM webapp.storage.AbstractStorage save
INFO: &amp#27;[32mSave 25c6ec90-fc20-41df-8bd8-2d71ec7b4d75(uuid727)
сент. 19, 2025 6:42:49 PM webapp.storage.AbstractStorage save
INFO: &amp#27;[32mSave d99852ee-7e6e-4b75-a215-e49bdd27e451(uuid728)
сент. 19, 2025 6:42:49 PM webapp.storage.AbstractStorage save
INFO: &amp#27;[32mSave fa65641e-72df-4278-bf02-6923b4164dac(uuid729)
сент. 19, 2025 6:42:49 PM webapp.storage.AbstractStorage save
INFO: &amp#27;[32mSave c332ac28-03cb-43e7-8c6a-c59d1d1cde90(uuid730)
сент. 19, 2025 6:42:49 PM webapp.storage.AbstractStorage save
INFO: &amp#27;[32mSave adea4ff7-1d54-4303-960f-f5e19abdb6d4(uuid731)
сент. 19, 2025 6:42:49 PM webapp.storage.AbstractStorage save
INFO: &amp#27;[32mSave 43bd1318-8b2e-4a6f-a3d0-6a7de72a5db9(uuid732)
сент. 19, 2025 6:42:49 PM webapp.storage.AbstractStorage save
INFO: &amp#27;[32mSave 9dffb7df-d2bf-42e0-952b-86191b33c6c4(uuid733)
сент. 19, 2025 6:42:49 PM webapp.storage.AbstractStorage save
INFO: &amp#27;[32mSave 2f446122-d17b-4fb0-9603-bd5abd54c3de(uuid734)
сент. 19, 2025 6:42:49 PM webapp.storage.AbstractStorage save
INFO: &amp#27;[32mSave 5ceb6194-d393-465e-b1a3-209ed46c9195(uuid735)
сент. 19, 2025 6:42:49 PM webapp.storage.AbstractStorage save
INFO: &amp#27;[32mSave 757f862f-88f4-46c9-b472-317135947829(uuid736)
сент. 19, 2025 6:42:49 PM webapp.storage.AbstractStorage save
INFO: &amp#27;[32mSave 3c4801a5-7930-4518-9663-7319a857a73b(uuid737)
сент. 19, 2025 6:42:49 PM webapp.storage.AbstractStorage save
INFO: &amp#27;[32mSave fad3d2dc-3d35-442f-b793-496c452bf83f(uuid738)
сент. 19, 2025 6:42:49 PM webapp.storage.AbstractStorage save
INFO: &amp#27;[32mSave 492fb440-2430-40d8-9bc9-5915fcd2db2c(uuid739)
сент. 19, 2025 6:42:49 PM webapp.storage.AbstractStorage save
INFO: &amp#27;[32mSave 79b87c31-fb73-41e8-a407-353f2bba1d37(uuid740)
сент. 19, 2025 6:42:49 PM webapp.storage.AbstractStorage save
INFO: &amp#27;[32mSave 62fa6e7b-923e-44e0-9a6e-f3d547eec8b2(uuid741)
сент. 19, 2025 6:42:49 PM webapp.storage.AbstractStorage save
INFO: &amp#27;[32mSave d615ff4c-a61f-4b80-be41-a1f946afad66(uuid742)
сент. 19, 2025 6:42:49 PM webapp.storage.AbstractStorage save
INFO: &amp#27;[32mSave 1990d02f-68c1-476a-9a37-6bf0f2fe0e62(uuid743)
сент. 19, 2025 6:42:49 PM webapp.storage.AbstractStorage save
INFO: &amp#27;[32mSave 280f583a-a14b-416f-9860-12a632bcefb2(uuid744)
сент. 19, 2025 6:42:49 PM webapp.storage.AbstractStorage save
INFO: &amp#27;[32mSave a69aa9af-2ac5-48dd-867f-fd09ec1a5bdf(uuid745)
сент. 19, 2025 6:42:49 PM webapp.storage.AbstractStorage save
INFO: &amp#27;[32mSave 79016c33-398e-48fd-8eca-bd5aa263a5ce(uuid746)
сент. 19, 2025 6:42:49 PM webapp.storage.AbstractStorage save
INFO: &amp#27;[32mSave 0a6395ea-39d5-407a-85e1-d876d65e83d3(uuid747)
сент. 19, 2025 6:42:49 PM webapp.storage.AbstractStorage save
INFO: &amp#27;[32mSave 1c49166d-e91d-4f31-b440-64fe86b6ede4(uuid748)
сент. 19, 2025 6:42:49 PM webapp.storage.AbstractStorage save
INFO: &amp#27;[32mSave 61bbe861-0761-4619-a7ce-43b3c40c8364(uuid749)
сент. 19, 2025 6:42:49 PM webapp.storage.AbstractStorage save
INFO: &amp#27;[32mSave ae056b3e-2aa3-49c6-b8bb-f4b8cbe03c87(uuid750)
сент. 19, 2025 6:42:49 PM webapp.storage.AbstractStorage save
INFO: &amp#27;[32mSave de5f2a28-76c4-4c7a-a611-d82045cea51f(uuid751)
сент. 19, 2025 6:42:49 PM webapp.storage.AbstractStorage save
INFO: &amp#27;[32mSave 9ca6f856-c44a-4ccd-baa6-471e84377a8a(uuid752)
сент. 19, 2025 6:42:49 PM webapp.storage.AbstractStorage save
INFO: &amp#27;[32mSave db1b157d-42df-4ada-8122-e91b838ca4b1(uuid753)
сент. 19, 2025 6:42:49 PM webapp.storage.AbstractStorage save
INFO: &amp#27;[32mSave 98231938-bfc3-44b6-8719-80e42b4370c1(uuid754)
сент. 19, 2025 6:42:49 PM webapp.storage.AbstractStorage save
INFO: &amp#27;[32mSave 203e726b-3453-40c1-8b12-8c89ade3108b(uuid755)
сент. 19, 2025 6:42:49 PM webapp.storage.AbstractStorage save
INFO: &amp#27;[32mSave 07ba1c98-e6dd-4c62-b7d1-66ec48aa113c(uuid756)
сент. 19, 2025 6:42:49 PM webapp.storage.AbstractStorage save
INFO: &amp#27;[32mSave 36073c44-4af5-4d95-93d1-ba1a55f9c663(uuid757)
сент. 19, 2025 6:42:49 PM webapp.storage.AbstractStorage save
INFO: &amp#27;[32mSave e5d7d677-e13b-44a6-9baa-5c266861b8ff(uuid758)
сент. 19, 2025 6:42:49 PM webapp.storage.AbstractStorage save
INFO: &amp#27;[32mSave e4e378fc-8b47-40ad-83be-b4f52bf16ce6(uuid759)
сент. 19, 2025 6:42:49 PM webapp.storage.AbstractStorage save
INFO: &amp#27;[32mSave e1fa0566-3185-4af7-b58a-6ff6de9138f9(uuid760)
сент. 19, 2025 6:42:49 PM webapp.storage.AbstractStorage save
INFO: &amp#27;[32mSave a8007b7d-7ead-4258-8596-741eeb1d9566(uuid761)
сент. 19, 2025 6:42:49 PM webapp.storage.AbstractStorage save
INFO: &amp#27;[32mSave 44ada1b9-1cd0-490a-b180-63fc3d396eaa(uuid762)
сент. 19, 2025 6:42:49 PM webapp.storage.AbstractStorage save
INFO: &amp#27;[32mSave 9e346b16-0e13-49cb-8513-fd2bd511bb17(uuid763)
сент. 19, 2025 6:42:49 PM webapp.storage.AbstractStorage save
INFO: &amp#27;[32mSave 87ecc9db-2da0-452c-b6d7-a639efc4d942(uuid764)
сент. 19, 2025 6:42:49 PM webapp.storage.AbstractStorage save
INFO: &amp#27;[32mSave da342629-2b18-4667-a4b6-2879a6d26ace(uuid765)
сент. 19, 2025 6:42:49 PM webapp.storage.AbstractStorage save
INFO: &amp#27;[32mSave e3d296af-5a7b-48aa-8733-e5184f116ac9(uuid766)
сент. 19, 2025 6:42:49 PM webapp.storage.AbstractStorage save
INFO: &amp#27;[32mSave c428ac34-7dcb-4752-b72d-6622fb95a856(uuid767)
сент. 19, 2025 6:42:49 PM webapp.storage.AbstractStorage save
INFO: &amp#27;[32mSave c77062d8-6232-4da2-bed8-b89c17a63639(uuid768)
сент. 19, 2025 6:42:49 PM webapp.storage.AbstractStorage save
INFO: &amp#27;[32mSave 3d8ea5ca-0de8-4f0b-839b-ff86f612f587(uuid769)
сент. 19, 2025 6:42:49 PM webapp.storage.AbstractStorage save
INFO: &amp#27;[32mSave 07a843fc-8e1b-4d3d-a61b-f47588c7328b(uuid770)
сент. 19, 2025 6:42:49 PM webapp.storage.AbstractStorage save
INFO: &amp#27;[32mSave 6a0fb66c-ed10-4a12-bd87-522a4e39174f(uuid771)
сент. 19, 2025 6:42:49 PM webapp.storage.AbstractStorage save
INFO: &amp#27;[32mSave 119906a0-0a3d-4291-a3d2-19c517c4b6f1(uuid772)
сент. 19, 2025 6:42:49 PM webapp.storage.AbstractStorage save
INFO: &amp#27;[32mSave d80ff7f4-4e5e-4451-a8e1-6bf4c5011c77(uuid773)
сент. 19, 2025 6:42:49 PM webapp.storage.AbstractStorage save
INFO: &amp#27;[32mSave 197eddb4-700c-47c7-a7fd-62492f25a3de(uuid774)
сент. 19, 2025 6:42:49 PM webapp.storage.AbstractStorage save
INFO: &amp#27;[32mSave 0989802c-cbd9-4b53-887e-4691605b524c(uuid775)
сент. 19, 2025 6:42:49 PM webapp.storage.AbstractStorage save
INFO: &amp#27;[32mSave 09e40b75-7538-42cc-bb6f-0c7164ae14ec(uuid776)
сент. 19, 2025 6:42:49 PM webapp.storage.AbstractStorage save
INFO: &amp#27;[32mSave 8978a6bf-54ef-4c4f-bfd6-1d17ffe56500(uuid777)
сент. 19, 2025 6:42:49 PM webapp.storage.AbstractStorage save
INFO: &amp#27;[32mSave 07458237-aefc-46f4-a442-6ae30fa751d9(uuid778)
сент. 19, 2025 6:42:49 PM webapp.storage.AbstractStorage save
INFO: &amp#27;[32mSave 7161b904-2c0e-47af-886c-14c0c97b36b5(uuid779)
сент. 19, 2025 6:42:49 PM webapp.storage.AbstractStorage save
INFO: &amp#27;[32mSave b4a31e94-24a8-4c58-a013-7ab36f28bde6(uuid780)
сент. 19, 2025 6:42:49 PM webapp.storage.AbstractStorage save
INFO: &amp#27;[32mSave a9fc2810-97c1-4357-8b9c-204359a109de(uuid781)
сент. 19, 2025 6:42:49 PM webapp.storage.AbstractStorage save
INFO: &amp#27;[32mSave d60b0245-f40f-4fa8-9eca-735ec2b1072c(uuid782)
сент. 19, 2025 6:42:49 PM webapp.storage.AbstractStorage save
INFO: &amp#27;[32mSave fd0375e2-7072-4559-9e7f-e90f5fe15629(uuid783)
сент. 19, 2025 6:42:49 PM webapp.storage.AbstractStorage save
INFO: &amp#27;[32mSave 1d391371-9732-42c8-b880-ad07192f5b71(uuid784)
сент. 19, 2025 6:42:49 PM webapp.storage.AbstractStorage save
INFO: &amp#27;[32mSave 2007b740-0761-43b2-83b3-3cd7213ecaf7(uuid785)
сент. 19, 2025 6:42:49 PM webapp.storage.AbstractStorage save
INFO: &amp#27;[32mSave 6acc4dd8-823d-42d8-80f0-14aaa8ed45b1(uuid786)
сент. 19, 2025 6:42:49 PM webapp.storage.AbstractStorage save
INFO: &amp#27;[32mSave 103e344a-2366-4785-8afc-1895838b8fd9(uuid787)
сент. 19, 2025 6:42:49 PM webapp.storage.AbstractStorage save
INFO: &amp#27;[32mSave 28f28012-cc11-404a-84d0-5870a9162890(uuid788)
сент. 19, 2025 6:42:49 PM webapp.storage.AbstractStorage save
INFO: &amp#27;[32mSave 1d75fb29-8ee5-4acd-9152-977a07965bbd(uuid789)
сент. 19, 2025 6:42:49 PM webapp.storage.AbstractStorage save
INFO: &amp#27;[32mSave 33350f6e-79d7-4e33-946d-dce250119411(uuid790)
сент. 19, 2025 6:42:49 PM webapp.storage.AbstractStorage save
INFO: &amp#27;[32mSave a6613a16-8075-4f0e-90bd-626118567ed9(uuid791)
сент. 19, 2025 6:42:49 PM webapp.storage.AbstractStorage save
INFO: &amp#27;[32mSave f4dd1687-cf66-4cbc-a2f9-57ac55facd8b(uuid792)
сент. 19, 2025 6:42:49 PM webapp.storage.AbstractStorage save
INFO: &amp#27;[32mSave 1a7d808f-8e7e-47d0-ad3a-1d8354f46c0e(uuid793)
сент. 19, 2025 6:42:49 PM webapp.storage.AbstractStorage save
INFO: &amp#27;[32mSave 338ca2a6-0c2a-4e39-ae25-3ed3ae687999(uuid794)
сент. 19, 2025 6:42:49 PM webapp.storage.AbstractStorage save
INFO: &amp#27;[32mSave 49d7ce04-abcf-4df4-9db2-bfb6f7156cbc(uuid795)
сент. 19, 2025 6:42:49 PM webapp.storage.AbstractStorage save
INFO: &amp#27;[32mSave c67c7b11-a86c-4f02-bcdc-27b99589272a(uuid796)
сент. 19, 2025 6:42:49 PM webapp.storage.AbstractStorage save
INFO: &amp#27;[32mSave 71f14c76-5933-4b0e-bad2-163dfb5c44cd(uuid797)
сент. 19, 2025 6:42:49 PM webapp.storage.AbstractStorage save
INFO: &amp#27;[32mSave c8007b6a-41b5-452b-92ab-e413339f92fe(uuid798)
сент. 19, 2025 6:42:49 PM webapp.storage.AbstractStorage save
INFO: &amp#27;[32mSave df8ad203-a4f4-40be-a0f6-61477895646e(uuid799)
сент. 19, 2025 6:42:49 PM webapp.storage.AbstractStorage save
INFO: &amp#27;[32mSave f8167026-c99f-4a58-a4d4-3340df9faf91(uuid800)
сент. 19, 2025 6:42:49 PM webapp.storage.AbstractStorage save
INFO: &amp#27;[32mSave de68bf2c-ee6d-4cad-b6a2-564174054179(uuid801)
сент. 19, 2025 6:42:49 PM webapp.storage.AbstractStorage save
INFO: &amp#27;[32mSave 2c1dcccf-2b11-4aa8-b9c6-1d41db7b511a(uuid802)
сент. 19, 2025 6:42:49 PM webapp.storage.AbstractStorage save
INFO: &amp#27;[32mSave 25334e6c-e2e1-4600-84b7-c7cb858eca20(uuid803)
сент. 19, 2025 6:42:49 PM webapp.storage.AbstractStorage save
INFO: &amp#27;[32mSave cec1cd9b-84ae-4a9d-b0b8-70ba7b25e9f4(uuid804)
сент. 19, 2025 6:42:49 PM webapp.storage.AbstractStorage save
INFO: &amp#27;[32mSave 36fa0a44-bae9-43ad-9b30-d52f3b4a754d(uuid805)
сент. 19, 2025 6:42:49 PM webapp.storage.AbstractStorage save
INFO: &amp#27;[32mSave 6738c4d2-e2e9-4985-b46c-3cdd1450f6b6(uuid806)
сент. 19, 2025 6:42:49 PM webapp.storage.AbstractStorage save
INFO: &amp#27;[32mSave f4ba3638-294a-4abb-ab70-127aa848a8de(uuid807)
сент. 19, 2025 6:42:49 PM webapp.storage.AbstractStorage save
INFO: &amp#27;[32mSave 9bb33820-e944-4905-a219-c163004670e9(uuid808)
сент. 19, 2025 6:42:49 PM webapp.storage.AbstractStorage save
INFO: &amp#27;[32mSave efdc85a5-c48e-4a33-8752-3dd2b4e84cc2(uuid809)
сент. 19, 2025 6:42:49 PM webapp.storage.AbstractStorage save
INFO: &amp#27;[32mSave a97a58f6-7c10-419b-a0f4-846f6f786410(uuid810)
сент. 19, 2025 6:42:49 PM webapp.storage.AbstractStorage save
INFO: &amp#27;[32mSave f6ac5014-503d-4906-9847-be4873e81e76(uuid811)
сент. 19, 2025 6:42:49 PM webapp.storage.AbstractStorage save
INFO: &amp#27;[32mSave 41092cba-6369-4777-b625-4f94c50c1c2d(uuid812)
сент. 19, 2025 6:42:49 PM webapp.storage.AbstractStorage save
INFO: &amp#27;[32mSave 29e37048-de1b-4093-809c-a54f7551932c(uuid813)
сент. 19, 2025 6:42:49 PM webapp.storage.AbstractStorage save
INFO: &amp#27;[32mSave e2e1e5d6-3054-4bb3-9c31-4f9a5e508a68(uuid814)
сент. 19, 2025 6:42:49 PM webapp.storage.AbstractStorage save
INFO: &amp#27;[32mSave 67a818bc-0deb-4490-8fdb-2e1d0108266f(uuid815)
сент. 19, 2025 6:42:49 PM webapp.storage.AbstractStorage save
INFO: &amp#27;[32mSave 36c449e5-3e23-44fd-a24f-914600a1ab11(uuid816)
сент. 19, 2025 6:42:49 PM webapp.storage.AbstractStorage save
INFO: &amp#27;[32mSave 2be06f11-fafe-483a-964d-f5ccd27964da(uuid817)
сент. 19, 2025 6:42:49 PM webapp.storage.AbstractStorage save
INFO: &amp#27;[32mSave 5ccd1425-87f2-4d8e-810d-fe840eeb8329(uuid818)
сент. 19, 2025 6:42:49 PM webapp.storage.AbstractStorage save
INFO: &amp#27;[32mSave f66a6d18-7acc-4711-9cea-b640036f8c3a(uuid819)
сент. 19, 2025 6:42:49 PM webapp.storage.AbstractStorage save
INFO: &amp#27;[32mSave 35e4c7f7-79c5-49c8-87f9-65c85af366b8(uuid820)
сент. 19, 2025 6:42:49 PM webapp.storage.AbstractStorage save
INFO: &amp#27;[32mSave b476ac6a-9ab2-4abc-9e46-2593a7309a04(uuid821)
сент. 19, 2025 6:42:49 PM webapp.storage.AbstractStorage save
INFO: &amp#27;[32mSave c213d3a9-d244-4691-ae1a-cd0f53aa598b(uuid822)
сент. 19, 2025 6:42:49 PM webapp.storage.AbstractStorage save
INFO: &amp#27;[32mSave cfa7fb18-e96d-4b9b-96f2-41212f54c74b(uuid823)
сент. 19, 2025 6:42:49 PM webapp.storage.AbstractStorage save
INFO: &amp#27;[32mSave dd7a45e2-019b-4d2f-8969-aafda6e2d555(uuid824)
сент. 19, 2025 6:42:49 PM webapp.storage.AbstractStorage save
INFO: &amp#27;[32mSave 5fe569fa-fb7a-4dbf-8706-d8565593dbf3(uuid825)
сент. 19, 2025 6:42:49 PM webapp.storage.AbstractStorage save
INFO: &amp#27;[32mSave bfebc9d7-0aed-46a6-bcff-b63d8a193217(uuid826)
сент. 19, 2025 6:42:49 PM webapp.storage.AbstractStorage save
INFO: &amp#27;[32mSave de6b5eb7-e180-4902-9937-e468ffb55979(uuid827)
сент. 19, 2025 6:42:49 PM webapp.storage.AbstractStorage save
INFO: &amp#27;[32mSave 2a982c8d-1187-4a4d-951b-83b198260acf(uuid828)
сент. 19, 2025 6:42:49 PM webapp.storage.AbstractStorage save
INFO: &amp#27;[32mSave 40728553-af18-4382-b4a0-545394f2a526(uuid829)
сент. 19, 2025 6:42:49 PM webapp.storage.AbstractStorage save
INFO: &amp#27;[32mSave 66ec5206-8285-47b8-ae81-1ed6449a6c6d(uuid830)
сент. 19, 2025 6:42:49 PM webapp.storage.AbstractStorage save
INFO: &amp#27;[32mSave 6d823e3d-f805-4409-bce1-d80c47497a4d(uuid831)
сент. 19, 2025 6:42:49 PM webapp.storage.AbstractStorage save
INFO: &amp#27;[32mSave 89ab39d4-d1e2-4b81-a784-67d4c1663c32(uuid832)
сент. 19, 2025 6:42:49 PM webapp.storage.AbstractStorage save
INFO: &amp#27;[32mSave 8cfda598-9654-4840-a98b-8d35720f8d91(uuid833)
сент. 19, 2025 6:42:49 PM webapp.storage.AbstractStorage save
INFO: &amp#27;[32mSave c5fdcabc-8778-422d-8318-b8f13440cd75(uuid834)
сент. 19, 2025 6:42:49 PM webapp.storage.AbstractStorage save
INFO: &amp#27;[32mSave 0ec99785-e7cc-4765-85f5-c349cfffe942(uuid835)
сент. 19, 2025 6:42:49 PM webapp.storage.AbstractStorage save
INFO: &amp#27;[32mSave 9c6b7b1c-f405-4e68-a328-1073b61d52b7(uuid836)
сент. 19, 2025 6:42:49 PM webapp.storage.AbstractStorage save
INFO: &amp#27;[32mSave 0e7ed1d3-bbbd-41bb-9851-a2eb4314be29(uuid837)
сент. 19, 2025 6:42:49 PM webapp.storage.AbstractStorage save
INFO: &amp#27;[32mSave 33bf5c87-9696-47b8-8fd1-9e8110c31f75(uuid838)
сент. 19, 2025 6:42:49 PM webapp.storage.AbstractStorage save
INFO: &amp#27;[32mSave dbe13bf5-3110-4a52-9e02-bab901104138(uuid839)
сент. 19, 2025 6:42:49 PM webapp.storage.AbstractStorage save
INFO: &amp#27;[32mSave 0f8f57e3-2a6e-4665-a8b4-5751ae786295(uuid840)
сент. 19, 2025 6:42:49 PM webapp.storage.AbstractStorage save
INFO: &amp#27;[32mSave 4de02375-986a-43c8-b090-08bc5a9f9dd3(uuid841)
сент. 19, 2025 6:42:49 PM webapp.storage.AbstractStorage save
INFO: &amp#27;[32mSave b0b7e26a-b786-40e5-94fb-f0b3196d9f49(uuid842)
сент. 19, 2025 6:42:49 PM webapp.storage.AbstractStorage save
INFO: &amp#27;[32mSave d20b41a9-3a7c-4aaa-a48f-d23c9322c87a(uuid843)
сент. 19, 2025 6:42:49 PM webapp.storage.AbstractStorage save
INFO: &amp#27;[32mSave 7ddac4b3-7109-4cda-9f97-dcb1cbae98de(uuid844)
сент. 19, 2025 6:42:49 PM webapp.storage.AbstractStorage save
INFO: &amp#27;[32mSave 15ea1282-d8bc-4df8-ba81-32e8a15add1b(uuid845)
сент. 19, 2025 6:42:49 PM webapp.storage.AbstractStorage save
INFO: &amp#27;[32mSave e5834032-b8a2-4e09-a0b6-84b8ca98c8db(uuid846)
сент. 19, 2025 6:42:49 PM webapp.storage.AbstractStorage save
INFO: &amp#27;[32mSave 36381ebe-1a2f-4bda-8a0e-90dc0de651db(uuid847)
сент. 19, 2025 6:42:49 PM webapp.storage.AbstractStorage save
INFO: &amp#27;[32mSave 727a6eec-f527-4723-8cd8-0035631ff432(uuid848)
сент. 19, 2025 6:42:49 PM webapp.storage.AbstractStorage save
INFO: &amp#27;[32mSave 305892af-c3d0-4706-9464-8892147d88e0(uuid849)
сент. 19, 2025 6:42:49 PM webapp.storage.AbstractStorage save
INFO: &amp#27;[32mSave 56f18447-e0e3-41b5-89fb-e9561dba5d01(uuid850)
сент. 19, 2025 6:42:49 PM webapp.storage.AbstractStorage save
INFO: &amp#27;[32mSave c844c7c3-402e-4c89-9297-c9807865567c(uuid851)
сент. 19, 2025 6:42:49 PM webapp.storage.AbstractStorage save
INFO: &amp#27;[32mSave 71b0c024-723c-4d78-b5ed-83367a64e74c(uuid852)
сент. 19, 2025 6:42:49 PM webapp.storage.AbstractStorage save
INFO: &amp#27;[32mSave 9458b7d1-ed45-4f0e-af64-6bcc884d890a(uuid853)
сент. 19, 2025 6:42:49 PM webapp.storage.AbstractStorage save
INFO: &amp#27;[32mSave d9e90643-3ff3-4159-bccc-b6f2aa7c7b0c(uuid854)
сент. 19, 2025 6:42:49 PM webapp.storage.AbstractStorage save
INFO: &amp#27;[32mSave 6b5f844a-cf48-43cd-8c6e-4603a21e4e04(uuid855)
сент. 19, 2025 6:42:49 PM webapp.storage.AbstractStorage save
INFO: &amp#27;[32mSave 76ccf0ab-386d-4977-80e3-84ff5f789b54(uuid856)
сент. 19, 2025 6:42:49 PM webapp.storage.AbstractStorage save
INFO: &amp#27;[32mSave ca6d2c93-8190-4c6d-ade1-8aa6acf65939(uuid857)
сент. 19, 2025 6:42:49 PM webapp.storage.AbstractStorage save
INFO: &amp#27;[32mSave f315fd77-b504-4358-a7c6-642833635d32(uuid858)
сент. 19, 2025 6:42:49 PM webapp.storage.AbstractStorage save
INFO: &amp#27;[32mSave 54fc4910-3889-4840-9b9c-23c05f6e8809(uuid859)
сент. 19, 2025 6:42:49 PM webapp.storage.AbstractStorage save
INFO: &amp#27;[32mSave fa305527-b157-4fcb-a39b-78d54abe8b0e(uuid860)
сент. 19, 2025 6:42:49 PM webapp.storage.AbstractStorage save
INFO: &amp#27;[32mSave 2a0c468c-107d-4f7d-b73e-b98820b32846(uuid861)
сент. 19, 2025 6:42:49 PM webapp.storage.AbstractStorage save
INFO: &amp#27;[32mSave 12eb80d7-a896-42d9-bd34-59f7111b0929(uuid862)
сент. 19, 2025 6:42:49 PM webapp.storage.AbstractStorage save
INFO: &amp#27;[32mSave 81dcdc24-de0b-455a-85fc-233070e2a85e(uuid863)
сент. 19, 2025 6:42:49 PM webapp.storage.AbstractStorage save
INFO: &amp#27;[32mSave ef65b067-cc98-40ef-ab4f-386106c89841(uuid864)
сент. 19, 2025 6:42:49 PM webapp.storage.AbstractStorage save
INFO: &amp#27;[32mSave c6f6fe52-dce6-492e-aba9-d47ae2ce36c9(uuid865)
сент. 19, 2025 6:42:49 PM webapp.storage.AbstractStorage save
INFO: &amp#27;[32mSave b60413db-50a0-419b-ae68-d754fbde377b(uuid866)
сент. 19, 2025 6:42:49 PM webapp.storage.AbstractStorage save
INFO: &amp#27;[32mSave 4e0c45f4-4d30-46ee-89a4-f2eb3e08a3a6(uuid867)
сент. 19, 2025 6:42:49 PM webapp.storage.AbstractStorage save
INFO: &amp#27;[32mSave a0a49e87-cb2b-432f-be9e-fefa5948f7f0(uuid868)
сент. 19, 2025 6:42:49 PM webapp.storage.AbstractStorage save
INFO: &amp#27;[32mSave cba0391f-c6aa-4a0e-a9fc-0da9b03364f7(uuid869)
сент. 19, 2025 6:42:49 PM webapp.storage.AbstractStorage save
INFO: &amp#27;[32mSave 84ac8fb8-62e1-4202-8064-76d55c0a0508(uuid870)
сент. 19, 2025 6:42:49 PM webapp.storage.AbstractStorage save
INFO: &amp#27;[32mSave b3cdee9a-0b37-4622-a3b4-2d4b71d67659(uuid871)
сент. 19, 2025 6:42:49 PM webapp.storage.AbstractStorage save
INFO: &amp#27;[32mSave 5e9a222e-64ad-41a8-b3d6-776847119eb3(uuid872)
сент. 19, 2025 6:42:49 PM webapp.storage.AbstractStorage save
INFO: &amp#27;[32mSave 2e1903cf-fe0b-4e44-b6a6-bbf135656ec2(uuid873)
сент. 19, 2025 6:42:49 PM webapp.storage.AbstractStorage save
INFO: &amp#27;[32mSave 5180f13d-3838-466a-b1f0-f51d57860149(uuid874)
сент. 19, 2025 6:42:49 PM webapp.storage.AbstractStorage save
INFO: &amp#27;[32mSave ec78a487-ac78-48f0-be2d-caaa6fd3facc(uuid875)
сент. 19, 2025 6:42:49 PM webapp.storage.AbstractStorage save
INFO: &amp#27;[32mSave 4d9f1a32-8eeb-453a-b5e3-321f3a975c4d(uuid876)
сент. 19, 2025 6:42:49 PM webapp.storage.AbstractStorage save
INFO: &amp#27;[32mSave cfa51788-21a8-4d28-a518-56255e5da12e(uuid877)
сент. 19, 2025 6:42:49 PM webapp.storage.AbstractStorage save
INFO: &amp#27;[32mSave e197ebc7-25e0-45ad-8d39-1e59e5019c2b(uuid878)
сент. 19, 2025 6:42:49 PM webapp.storage.AbstractStorage save
INFO: &amp#27;[32mSave 077d98dd-c1dc-4dc5-8748-c7302aba37b3(uuid879)
сент. 19, 2025 6:42:49 PM webapp.storage.AbstractStorage save
INFO: &amp#27;[32mSave 5751de9a-f387-4de8-9552-70f16b08f7e9(uuid880)
сент. 19, 2025 6:42:49 PM webapp.storage.AbstractStorage save
INFO: &amp#27;[32mSave 05e7e5a5-2a1c-493e-801f-1b6b6e05d2c8(uuid881)
сент. 19, 2025 6:42:49 PM webapp.storage.AbstractStorage save
INFO: &amp#27;[32mSave d2873ac6-224c-4adf-885a-8fa6803a627b(uuid882)
сент. 19, 2025 6:42:49 PM webapp.storage.AbstractStorage save
INFO: &amp#27;[32mSave e7e3a959-d745-44d8-8fbf-dacc55632fee(uuid883)
сент. 19, 2025 6:42:49 PM webapp.storage.AbstractStorage save
INFO: &amp#27;[32mSave fa65f50b-cc42-4630-9490-945a6e0cd8d4(uuid884)
сент. 19, 2025 6:42:49 PM webapp.storage.AbstractStorage save
INFO: &amp#27;[32mSave 92cb8209-eb5f-49e7-9932-22943564eb58(uuid885)
сент. 19, 2025 6:42:49 PM webapp.storage.AbstractStorage save
INFO: &amp#27;[32mSave 0230fa96-5e7c-4b31-880a-340d2bd1117b(uuid886)
сент. 19, 2025 6:42:49 PM webapp.storage.AbstractStorage save
INFO: &amp#27;[32mSave 80e1efba-c4b3-4908-8941-f5fe269ce44b(uuid887)
сент. 19, 2025 6:42:49 PM webapp.storage.AbstractStorage save
INFO: &amp#27;[32mSave 6077aacd-bdaf-493c-9bb7-e89ec4382994(uuid888)
сент. 19, 2025 6:42:49 PM webapp.storage.AbstractStorage save
INFO: &amp#27;[32mSave e12df496-ebb5-4be9-83c8-233a9b5831b9(uuid889)
сент. 19, 2025 6:42:49 PM webapp.storage.AbstractStorage save
INFO: &amp#27;[32mSave 7b5f41bc-5622-45f9-9d84-1c9bb8a019fc(uuid890)
сент. 19, 2025 6:42:49 PM webapp.storage.AbstractStorage save
INFO: &amp#27;[32mSave 4eb2804f-aa2c-4310-a613-9f6ceafae5ed(uuid891)
сент. 19, 2025 6:42:49 PM webapp.storage.AbstractStorage save
INFO: &amp#27;[32mSave e38fd7a0-dd65-4ce0-bd94-db513473b568(uuid892)
сент. 19, 2025 6:42:49 PM webapp.storage.AbstractStorage save
INFO: &amp#27;[32mSave 8ea29e7a-9f68-42cf-bc18-be272fc442c0(uuid893)
сент. 19, 2025 6:42:49 PM webapp.storage.AbstractStorage save
INFO: &amp#27;[32mSave c52821f6-26f5-4c26-8cef-86a5de72c295(uuid894)
сент. 19, 2025 6:42:49 PM webapp.storage.AbstractStorage save
INFO: &amp#27;[32mSave 12a00df0-3d13-43a5-85f0-dc395b1ad427(uuid895)
сент. 19, 2025 6:42:49 PM webapp.storage.AbstractStorage save
INFO: &amp#27;[32mSave ef54ace9-de95-4d55-9265-18c7b621bf09(uuid896)
сент. 19, 2025 6:42:49 PM webapp.storage.AbstractStorage save
INFO: &amp#27;[32mSave 6295f514-f881-445c-8239-35fda490b784(uuid897)
сент. 19, 2025 6:42:49 PM webapp.storage.AbstractStorage save
INFO: &amp#27;[32mSave 5c2ff1cc-e5f3-43ba-a928-be0aeace84f2(uuid898)
сент. 19, 2025 6:42:49 PM webapp.storage.AbstractStorage save
INFO: &amp#27;[32mSave 800a606e-6b67-419b-bfd7-75055ac3785e(uuid899)
сент. 19, 2025 6:42:49 PM webapp.storage.AbstractStorage save
INFO: &amp#27;[32mSave ef502c9a-aa88-436c-aad3-4ca68e42abac(uuid900)
сент. 19, 2025 6:42:49 PM webapp.storage.AbstractStorage save
INFO: &amp#27;[32mSave 97493ce2-6fe9-4bf5-9a56-91989f280f02(uuid901)
сент. 19, 2025 6:42:49 PM webapp.storage.AbstractStorage save
INFO: &amp#27;[32mSave f65d7f76-fa46-4858-b131-600def2c85d3(uuid902)
сент. 19, 2025 6:42:49 PM webapp.storage.AbstractStorage save
INFO: &amp#27;[32mSave 033ca65e-ebb9-4d00-af29-51543c2ae72a(uuid903)
сент. 19, 2025 6:42:49 PM webapp.storage.AbstractStorage save
INFO: &amp#27;[32mSave 8a241ef2-9749-4612-b63a-745c1252fadc(uuid904)
сент. 19, 2025 6:42:49 PM webapp.storage.AbstractStorage save
INFO: &amp#27;[32mSave a1a488dd-9f81-4105-b934-47a164f9f072(uuid905)
сент. 19, 2025 6:42:49 PM webapp.storage.AbstractStorage save
INFO: &amp#27;[32mSave d20c5d39-c8ab-4b9e-972d-e3c4e870aa57(uuid906)
сент. 19, 2025 6:42:49 PM webapp.storage.AbstractStorage save
INFO: &amp#27;[32mSave 774c5a8f-cd41-4797-93f3-3d3620a1c8d0(uuid907)
сент. 19, 2025 6:42:49 PM webapp.storage.AbstractStorage save
INFO: &amp#27;[32mSave 12480c78-44f6-4447-ae67-c02b1a444f33(uuid908)
сент. 19, 2025 6:42:49 PM webapp.storage.AbstractStorage save
INFO: &amp#27;[32mSave cfcc6c31-068e-4c72-9656-d48565098bbe(uuid909)
сент. 19, 2025 6:42:49 PM webapp.storage.AbstractStorage save
INFO: &amp#27;[32mSave e1ffc735-77d9-4763-a20e-0b282a403deb(uuid910)
сент. 19, 2025 6:42:49 PM webapp.storage.AbstractStorage save
INFO: &amp#27;[32mSave 13676a7b-eb32-4eb6-81a5-67c53c6ec895(uuid911)
сент. 19, 2025 6:42:49 PM webapp.storage.AbstractStorage save
INFO: &amp#27;[32mSave cea11c7d-2fc3-4db1-98ef-134e0efb430f(uuid912)
сент. 19, 2025 6:42:49 PM webapp.storage.AbstractStorage save
INFO: &amp#27;[32mSave a525b41a-9d58-47e7-8d01-1cb284a47a28(uuid913)
сент. 19, 2025 6:42:49 PM webapp.storage.AbstractStorage save
INFO: &amp#27;[32mSave 52ad0248-23ba-4636-96a9-34f64d462dc4(uuid914)
сент. 19, 2025 6:42:49 PM webapp.storage.AbstractStorage save
INFO: &amp#27;[32mSave 1e9b6d72-e28d-49a4-bed9-275caa55c3a9(uuid915)
сент. 19, 2025 6:42:49 PM webapp.storage.AbstractStorage save
INFO: &amp#27;[32mSave f421d3d3-7600-4b72-a468-dab3c4f94f0e(uuid916)
сент. 19, 2025 6:42:49 PM webapp.storage.AbstractStorage save
INFO: &amp#27;[32mSave aa427a25-8b0c-424c-8935-4ca1d3661d39(uuid917)
сент. 19, 2025 6:42:49 PM webapp.storage.AbstractStorage save
INFO: &amp#27;[32mSave f0390a4a-2b0a-4e5b-83f9-09e074c19357(uuid918)
сент. 19, 2025 6:42:49 PM webapp.storage.AbstractStorage save
INFO: &amp#27;[32mSave 9d60d188-fe04-4c65-814d-57373ed71029(uuid919)
сент. 19, 2025 6:42:49 PM webapp.storage.AbstractStorage save
INFO: &amp#27;[32mSave d0aaf591-70d5-4dd8-a28e-8ea073c1a782(uuid920)
сент. 19, 2025 6:42:49 PM webapp.storage.AbstractStorage save
INFO: &amp#27;[32mSave d2c4561a-7048-45fb-8a40-176f6f83ad8f(uuid921)
сент. 19, 2025 6:42:49 PM webapp.storage.AbstractStorage save
INFO: &amp#27;[32mSave 846d4fc8-70aa-4807-b03f-46df1451a8e8(uuid922)
сент. 19, 2025 6:42:49 PM webapp.storage.AbstractStorage save
INFO: &amp#27;[32mSave bdf05c51-a385-4f2c-bffd-136d149466cd(uuid923)
сент. 19, 2025 6:42:49 PM webapp.storage.AbstractStorage save
INFO: &amp#27;[32mSave e8ec75ad-87e0-419f-a167-a41472360866(uuid924)
сент. 19, 2025 6:42:49 PM webapp.storage.AbstractStorage save
INFO: &amp#27;[32mSave f5c7414b-28ca-4f2b-b58b-f981f53fdc20(uuid925)
сент. 19, 2025 6:42:49 PM webapp.storage.AbstractStorage save
INFO: &amp#27;[32mSave 01a88381-517a-48bd-84ea-d091ea638602(uuid926)
сент. 19, 2025 6:42:49 PM webapp.storage.AbstractStorage save
INFO: &amp#27;[32mSave 15d7665e-563a-4d8a-a8bd-9ae791141807(uuid927)
сент. 19, 2025 6:42:49 PM webapp.storage.AbstractStorage save
INFO: &amp#27;[32mSave 8b35077a-0bf4-48cf-a96c-d2ea37919a29(uuid928)
сент. 19, 2025 6:42:49 PM webapp.storage.AbstractStorage save
INFO: &amp#27;[32mSave 11602f71-fc6c-4d79-8057-c9f640cc10cc(uuid929)
сент. 19, 2025 6:42:49 PM webapp.storage.AbstractStorage save
INFO: &amp#27;[32mSave 7ac09edc-7b88-4886-b78a-e2be74193039(uuid930)
сент. 19, 2025 6:42:49 PM webapp.storage.AbstractStorage save
INFO: &amp#27;[32mSave def8fb96-dcb4-4598-8d4c-9c5914e0d9bb(uuid931)
сент. 19, 2025 6:42:49 PM webapp.storage.AbstractStorage save
INFO: &amp#27;[32mSave 05d2d840-f60f-4b48-a371-9d4b4293c487(uuid932)
сент. 19, 2025 6:42:49 PM webapp.storage.AbstractStorage save
INFO: &amp#27;[32mSave 47e89ce1-90bf-4f6c-9451-54f68d962f91(uuid933)
сент. 19, 2025 6:42:49 PM webapp.storage.AbstractStorage save
INFO: &amp#27;[32mSave 485f8966-fbf5-4df2-8135-6abb7ffa7b3d(uuid934)
сент. 19, 2025 6:42:49 PM webapp.storage.AbstractStorage save
INFO: &amp#27;[32mSave 45b7d825-dc07-493a-879d-3c6d9ff626b1(uuid935)
сент. 19, 2025 6:42:49 PM webapp.storage.AbstractStorage save
INFO: &amp#27;[32mSave ca50e229-43c2-4cb4-bf01-23001439a603(uuid936)
сент. 19, 2025 6:42:49 PM webapp.storage.AbstractStorage save
INFO: &amp#27;[32mSave 7dcf23c7-762e-4b1a-aadf-88cd5f6a2644(uuid937)
сент. 19, 2025 6:42:49 PM webapp.storage.AbstractStorage save
INFO: &amp#27;[32mSave d1eabf65-91d4-4c72-a048-19a93819b8ef(uuid938)
сент. 19, 2025 6:42:49 PM webapp.storage.AbstractStorage save
INFO: &amp#27;[32mSave 33c9a660-0190-47e6-a17d-0e549326af04(uuid939)
сент. 19, 2025 6:42:49 PM webapp.storage.AbstractStorage save
INFO: &amp#27;[32mSave d086c2b8-fbb4-496b-8029-3cdb374336c6(uuid940)
сент. 19, 2025 6:42:49 PM webapp.storage.AbstractStorage save
INFO: &amp#27;[32mSave 975f997c-3ef4-4bce-b791-b6430151aa43(uuid941)
сент. 19, 2025 6:42:49 PM webapp.storage.AbstractStorage save
INFO: &amp#27;[32mSave 7060d2c2-0387-4039-9c94-aef7e7c93ebe(uuid942)
сент. 19, 2025 6:42:49 PM webapp.storage.AbstractStorage save
INFO: &amp#27;[32mSave d61e5900-a210-4bec-9e1e-5a5ff1e609d4(uuid943)
сент. 19, 2025 6:42:49 PM webapp.storage.AbstractStorage save
INFO: &amp#27;[32mSave 114a2576-ef01-4a2c-bd79-d92441a27701(uuid944)
сент. 19, 2025 6:42:49 PM webapp.storage.AbstractStorage save
INFO: &amp#27;[32mSave 6dbe58e9-527f-45dc-a9ec-ed25ef5cd001(uuid945)
сент. 19, 2025 6:42:49 PM webapp.storage.AbstractStorage save
INFO: &amp#27;[32mSave a54fbe93-c0e2-4603-a55f-ea2d7bc74e0a(uuid946)
сент. 19, 2025 6:42:49 PM webapp.storage.AbstractStorage save
INFO: &amp#27;[32mSave e356d767-5499-45c5-873e-6b9813bd2535(uuid947)
сент. 19, 2025 6:42:49 PM webapp.storage.AbstractStorage save
INFO: &amp#27;[32mSave 484ea4c9-00b1-4b36-b8dd-217ea2fd584a(uuid948)
сент. 19, 2025 6:42:49 PM webapp.storage.AbstractStorage save
INFO: &amp#27;[32mSave dfafc915-0941-4f17-a1a8-0e42909dfe92(uuid949)
сент. 19, 2025 6:42:49 PM webapp.storage.AbstractStorage save
INFO: &amp#27;[32mSave 9838e067-14d4-446f-af68-1628361363d4(uuid950)
сент. 19, 2025 6:42:49 PM webapp.storage.AbstractStorage save
INFO: &amp#27;[32mSave ed4db674-e3f7-4862-a749-594d83b38f5d(uuid951)
сент. 19, 2025 6:42:49 PM webapp.storage.AbstractStorage save
INFO: &amp#27;[32mSave 953ee04d-c700-491f-a924-24b04f62ba69(uuid952)
сент. 19, 2025 6:42:49 PM webapp.storage.AbstractStorage save
INFO: &amp#27;[32mSave 49cf9a7e-3f32-4cf9-a7db-95bf68d470a2(uuid953)
сент. 19, 2025 6:42:49 PM webapp.storage.AbstractStorage save
INFO: &amp#27;[32mSave d05681c1-1fc9-43d8-bb9d-b5f9444097ac(uuid954)
сент. 19, 2025 6:42:49 PM webapp.storage.AbstractStorage save
INFO: &amp#27;[32mSave ef6f35a9-f052-4f2c-b11d-bd0260b85df7(uuid955)
сент. 19, 2025 6:42:49 PM webapp.storage.AbstractStorage save
INFO: &amp#27;[32mSave 95818538-babc-496c-9034-2c051f60d2c7(uuid956)
сент. 19, 2025 6:42:49 PM webapp.storage.AbstractStorage save
INFO: &amp#27;[32mSave d7faf316-2d2a-4280-af42-8fb188e4444d(uuid957)
сент. 19, 2025 6:42:49 PM webapp.storage.AbstractStorage save
INFO: &amp#27;[32mSave a2c323bd-a014-4f8f-b8c2-8c2551da3bf2(uuid958)
сент. 19, 2025 6:42:49 PM webapp.storage.AbstractStorage save
INFO: &amp#27;[32mSave 6f2936ef-3555-4878-9bc0-3ef585d7d1ee(uuid959)
сент. 19, 2025 6:42:49 PM webapp.storage.AbstractStorage save
INFO: &amp#27;[32mSave c8c63959-16c9-4e3e-8722-215107109c38(uuid960)
сент. 19, 2025 6:42:49 PM webapp.storage.AbstractStorage save
INFO: &amp#27;[32mSave 1f56c567-4908-4360-bb28-434c873962fa(uuid961)
сент. 19, 2025 6:42:49 PM webapp.storage.AbstractStorage save
INFO: &amp#27;[32mSave 6d492da3-2ad6-4be3-a5a5-6392748d530a(uuid962)
сент. 19, 2025 6:42:49 PM webapp.storage.AbstractStorage save
INFO: &amp#27;[32mSave e68ecd4b-c30b-4a8b-bab6-2a108e3a1263(uuid963)
сент. 19, 2025 6:42:49 PM webapp.storage.AbstractStorage save
INFO: &amp#27;[32mSave e24486ca-09e7-45ae-a726-83132b97acab(uuid964)
сент. 19, 2025 6:42:49 PM webapp.storage.AbstractStorage save
INFO: &amp#27;[32mSave e0be7a73-fd68-4ab9-9aea-f1a351e70896(uuid965)
сент. 19, 2025 6:42:49 PM webapp.storage.AbstractStorage save
INFO: &amp#27;[32mSave 0020e2c0-fe4d-480a-a5b2-7f28b9677cae(uuid966)
сент. 19, 2025 6:42:49 PM webapp.storage.AbstractStorage save
INFO: &amp#27;[32mSave 264ca2fe-cc70-4331-bb50-f6eab8449b0f(uuid967)
сент. 19, 2025 6:42:49 PM webapp.storage.AbstractStorage save
INFO: &amp#27;[32mSave de80cca1-d44a-4e12-95c9-cf1d6d89e0bc(uuid968)
сент. 19, 2025 6:42:49 PM webapp.storage.AbstractStorage save
INFO: &amp#27;[32mSave d13d86ba-3ed2-40c0-bcdb-bbd8c67a2624(uuid969)
сент. 19, 2025 6:42:49 PM webapp.storage.AbstractStorage save
INFO: &amp#27;[32mSave ca8088ac-e0b7-4291-bca7-badef6af6092(uuid970)
сент. 19, 2025 6:42:49 PM webapp.storage.AbstractStorage save
INFO: &amp#27;[32mSave 9a788741-a688-4fed-94f5-176e971fbbd2(uuid971)
сент. 19, 2025 6:42:49 PM webapp.storage.AbstractStorage save
INFO: &amp#27;[32mSave 70dbb153-ff76-4e32-bc32-fafede3e32b6(uuid972)
сент. 19, 2025 6:42:49 PM webapp.storage.AbstractStorage save
INFO: &amp#27;[32mSave a5a53344-75ff-411a-93a9-9c38d041cc9b(uuid973)
сент. 19, 2025 6:42:49 PM webapp.storage.AbstractStorage save
INFO: &amp#27;[32mSave 254a6b0d-0d0e-4aa1-93d2-43d7567d4058(uuid974)
сент. 19, 2025 6:42:49 PM webapp.storage.AbstractStorage save
INFO: &amp#27;[32mSave 1ccfab20-4d2e-49d7-9f97-393455aca780(uuid975)
сент. 19, 2025 6:42:49 PM webapp.storage.AbstractStorage save
INFO: &amp#27;[32mSave 00455eb7-b46c-4419-8062-1dfafc7895e7(uuid976)
сент. 19, 2025 6:42:49 PM webapp.storage.AbstractStorage save
INFO: &amp#27;[32mSave 902b34b4-3705-488f-8830-7dd22b309763(uuid977)
сент. 19, 2025 6:42:49 PM webapp.storage.AbstractStorage save
INFO: &amp#27;[32mSave 1eb6a71c-35d9-436a-8298-a85c22252994(uuid978)
сент. 19, 2025 6:42:49 PM webapp.storage.AbstractStorage save
INFO: &amp#27;[32mSave 3f36cc22-989f-47a3-95bb-a0e18a3e600a(uuid979)
сент. 19, 2025 6:42:49 PM webapp.storage.AbstractStorage save
INFO: &amp#27;[32mSave 921fef2d-64b9-4328-8d6d-a3f18a73bc84(uuid980)
сент. 19, 2025 6:42:49 PM webapp.storage.AbstractStorage save
INFO: &amp#27;[32mSave bf460c0a-1552-4aca-8e24-d69c914d16bf(uuid981)
сент. 19, 2025 6:42:49 PM webapp.storage.AbstractStorage save
INFO: &amp#27;[32mSave 2367ade1-8362-4f76-9d82-af7f382e37bb(uuid982)
сент. 19, 2025 6:42:49 PM webapp.storage.AbstractStorage save
INFO: &amp#27;[32mSave 07523759-46d9-4d9e-ba81-8baa0418f2b3(uuid983)
сент. 19, 2025 6:42:49 PM webapp.storage.AbstractStorage save
INFO: &amp#27;[32mSave 0e09e392-00cd-46bf-9dc2-0d256522f580(uuid984)
сент. 19, 2025 6:42:49 PM webapp.storage.AbstractStorage save
INFO: &amp#27;[32mSave 83cba27c-6d68-49e0-a62f-9e35b3933e1c(uuid985)
сент. 19, 2025 6:42:49 PM webapp.storage.AbstractStorage save
INFO: &amp#27;[32mSave 9b6cb64d-1f96-4f24-9a3b-ee75215120bc(uuid986)
сент. 19, 2025 6:42:49 PM webapp.storage.AbstractStorage save
INFO: &amp#27;[32mSave f4b1a67d-73fa-4453-8dd3-ae31d633327d(uuid987)
сент. 19, 2025 6:42:49 PM webapp.storage.AbstractStorage save
INFO: &amp#27;[32mSave bc3476bc-e2c8-432d-a289-cb212892a1e0(uuid988)
сент. 19, 2025 6:42:49 PM webapp.storage.AbstractStorage save
INFO: &amp#27;[32mSave ea423e83-3c86-4d91-a7e9-7bcc1f60713c(uuid989)
сент. 19, 2025 6:42:49 PM webapp.storage.AbstractStorage save
INFO: &amp#27;[32mSave f0381308-9da5-4b3d-80f9-6bf784585483(uuid990)
сент. 19, 2025 6:42:49 PM webapp.storage.AbstractStorage save
INFO: &amp#27;[32mSave 6ff74f98-1fd7-4143-a299-bf0ae1e41b93(uuid991)
сент. 19, 2025 6:42:49 PM webapp.storage.AbstractStorage save
INFO: &amp#27;[32mSave 22846837-3dee-478e-9674-e40900c52529(uuid992)
сент. 19, 2025 6:42:49 PM webapp.storage.AbstractStorage save
INFO: &amp#27;[32mSave 2e94d544-33c1-4d33-94c6-bae72e1b6bee(uuid993)
сент. 19, 2025 6:42:49 PM webapp.storage.AbstractStorage save
INFO: &amp#27;[32mSave 2230619d-e849-4f66-bcc3-508983d23199(uuid994)
сент. 19, 2025 6:42:49 PM webapp.storage.AbstractStorage save
INFO: &amp#27;[32mSave 51267b77-65a7-4fbf-a035-ab25642abe0a(uuid995)
сент. 19, 2025 6:42:49 PM webapp.storage.AbstractStorage save
INFO: &amp#27;[32mSave cc484e37-dcae-4531-9d45-3c71a09861d7(uuid996)
сент. 19, 2025 6:42:49 PM webapp.storage.AbstractStorage save
INFO: &amp#27;[32mSave 76f33d47-3cc1-439b-aa4a-e9bc562d898d(uuid997)
сент. 19, 2025 6:42:49 PM webapp.storage.AbstractStorage save
INFO: &amp#27;[32mSave bf62d318-d742-4c67-ac4b-cb902bcaf837(uuid998)
сент. 19, 2025 6:42:49 PM webapp.storage.AbstractStorage save
INFO: &amp#27;[32mSave 4fa1022a-4cb4-4ac1-9700-5ddd3e7bee2d(uuid999)
сент. 19, 2025 6:42:49 PM webapp.storage.AbstractStorage save
INFO: &amp#27;[32mSave c03e2e63-ab9c-4428-8c04-f1e69060955e(uuid1000)
сент. 19, 2025 6:42:49 PM webapp.storage.AbstractStorage save
INFO: &amp#27;[32mSave 7a544334-7ba5-49b5-a5fa-3ca962912d40(uuid1001)
сент. 19, 2025 6:42:49 PM webapp.storage.AbstractStorage save
INFO: &amp#27;[32mSave 280cdcb3-f6b7-45f1-b1c4-59f99d9259b2(uuid1002)
сент. 19, 2025 6:42:49 PM webapp.storage.AbstractStorage save
INFO: &amp#27;[32mSave ef0b20ae-a1d3-43e3-bbc7-8d888282fbac(uuid1003)
сент. 19, 2025 6:42:49 PM webapp.storage.AbstractStorage save
INFO: &amp#27;[32mSave c626ccfd-f7a2-42c4-97e2-0a128766d3d8(uuid1004)
сент. 19, 2025 6:42:49 PM webapp.storage.AbstractStorage save
INFO: &amp#27;[32mSave c70cb23d-5be9-4155-a335-56d9d12c56c1(uuid1005)
сент. 19, 2025 6:42:49 PM webapp.storage.AbstractStorage save
INFO: &amp#27;[32mSave 413b5f5c-a94b-48fa-8bc5-9b7faee5ce27(uuid1006)
сент. 19, 2025 6:42:49 PM webapp.storage.AbstractStorage save
INFO: &amp#27;[32mSave a91b5b06-4e93-414f-86b5-373bb4561f47(uuid1007)
сент. 19, 2025 6:42:49 PM webapp.storage.AbstractStorage save
INFO: &amp#27;[32mSave bce8a69a-e8e0-4025-b1c7-74014fb9a582(uuid1008)
сент. 19, 2025 6:42:49 PM webapp.storage.AbstractStorage save
INFO: &amp#27;[32mSave a8f6a275-a852-40ce-ac51-246f8b9c6345(uuid1009)
сент. 19, 2025 6:42:49 PM webapp.storage.AbstractStorage save
INFO: &amp#27;[32mSave f8d89b26-3dd4-46d0-a786-a2332f2a0521(uuid1010)
сент. 19, 2025 6:42:49 PM webapp.storage.AbstractStorage save
INFO: &amp#27;[32mSave 27369e14-c0f6-43e3-9fc4-3c302ccf9ee8(uuid1011)
сент. 19, 2025 6:42:49 PM webapp.storage.AbstractStorage save
INFO: &amp#27;[32mSave a9313e86-d7f1-4e1f-8e6d-83cdfb8aaf8e(uuid1012)
сент. 19, 2025 6:42:49 PM webapp.storage.AbstractStorage save
INFO: &amp#27;[32mSave 37ea10f4-f403-4cb0-acd1-ff2b81bab733(uuid1013)
сент. 19, 2025 6:42:49 PM webapp.storage.AbstractStorage save
INFO: &amp#27;[32mSave 8027f685-9baf-457b-9748-6f2334484dfa(uuid1014)
сент. 19, 2025 6:42:49 PM webapp.storage.AbstractStorage save
INFO: &amp#27;[32mSave 76cd7ec2-7831-433f-9355-d70a93a5c6cd(uuid1015)
сент. 19, 2025 6:42:49 PM webapp.storage.AbstractStorage save
INFO: &amp#27;[32mSave 97c0a062-57c8-42bc-b59c-33806176cec7(uuid1016)
сент. 19, 2025 6:42:49 PM webapp.storage.AbstractStorage save
INFO: &amp#27;[32mSave e512f0e3-7ea8-43af-b5e7-62fadc13cfc7(uuid1017)
сент. 19, 2025 6:42:49 PM webapp.storage.AbstractStorage save
INFO: &amp#27;[32mSave 5c862238-abf0-4036-96be-665ec1413016(uuid1018)
сент. 19, 2025 6:42:49 PM webapp.storage.AbstractStorage save
INFO: &amp#27;[32mSave 019941ba-e495-456e-baeb-1197ad9630f7(uuid1019)
сент. 19, 2025 6:42:49 PM webapp.storage.AbstractStorage save
INFO: &amp#27;[32mSave cd54f79f-6e1d-47b7-8dcf-572c1bc1acaa(uuid1020)
сент. 19, 2025 6:42:49 PM webapp.storage.AbstractStorage save
INFO: &amp#27;[32mSave e3063590-4e0d-4def-89a1-18129311f8a5(uuid1021)
сент. 19, 2025 6:42:49 PM webapp.storage.AbstractStorage save
INFO: &amp#27;[32mSave fb6d86dd-3b3b-4c75-84e1-e87574bc66ed(uuid1022)
сент. 19, 2025 6:42:49 PM webapp.storage.AbstractStorage save
INFO: &amp#27;[32mSave 165f7a27-8f27-4221-b45c-c75e9d16a8f5(uuid1023)
сент. 19, 2025 6:42:49 PM webapp.storage.AbstractStorage save
INFO: &amp#27;[32mSave 7946dcfa-536c-48a8-8d6a-da8aca2f3e25(uuid1024)
сент. 19, 2025 6:42:49 PM webapp.storage.AbstractStorage save
INFO: &amp#27;[32mSave 12ff21cf-3b6a-4599-8bc7-6f82decdcccf(uuid1025)
сент. 19, 2025 6:42:49 PM webapp.storage.AbstractStorage save
INFO: &amp#27;[32mSave 3a66e84e-a101-4f18-9a77-cf2ef1c813e9(uuid1026)
сент. 19, 2025 6:42:49 PM webapp.storage.AbstractStorage save
INFO: &amp#27;[32mSave 5d10d5ee-5c85-445c-856d-fae321d501be(uuid1027)
сент. 19, 2025 6:42:49 PM webapp.storage.AbstractStorage save
INFO: &amp#27;[32mSave f7f8ab3f-392e-4cf2-abed-87e3211f8879(uuid1028)
сент. 19, 2025 6:42:49 PM webapp.storage.AbstractStorage save
INFO: &amp#27;[32mSave 26b9f48c-ed22-4ee2-ac4f-6050efefc5bd(uuid1029)
сент. 19, 2025 6:42:49 PM webapp.storage.AbstractStorage save
INFO: &amp#27;[32mSave 24056fe1-a555-470b-b27a-50ad1b993b7d(uuid1030)
сент. 19, 2025 6:42:49 PM webapp.storage.AbstractStorage save
INFO: &amp#27;[32mSave 7852af35-7831-4114-88b8-a1a5806c6282(uuid1031)
сент. 19, 2025 6:42:49 PM webapp.storage.AbstractStorage save
INFO: &amp#27;[32mSave 1ea9c1d3-1823-4185-b07f-047fb7ff97fc(uuid1032)
сент. 19, 2025 6:42:49 PM webapp.storage.AbstractStorage save
INFO: &amp#27;[32mSave a4d629f4-8f6d-40e0-a91d-b08ac947f92b(uuid1033)
сент. 19, 2025 6:42:49 PM webapp.storage.AbstractStorage save
INFO: &amp#27;[32mSave 2d429bc4-f0f3-401b-9c2d-873d66248152(uuid1034)
сент. 19, 2025 6:42:49 PM webapp.storage.AbstractStorage save
INFO: &amp#27;[32mSave 1bf1b66b-db32-40c5-bf1d-337e8c9171cc(uuid1035)
сент. 19, 2025 6:42:49 PM webapp.storage.AbstractStorage save
INFO: &amp#27;[32mSave 0d71beb1-ebc2-4ce0-9dcf-4c6f48d046ef(uuid1036)
сент. 19, 2025 6:42:49 PM webapp.storage.AbstractStorage save
INFO: &amp#27;[32mSave 644960db-6036-4731-8bff-e160a34796d3(uuid1037)
сент. 19, 2025 6:42:49 PM webapp.storage.AbstractStorage save
INFO: &amp#27;[32mSave 2436030c-242b-49e7-a7fc-c9a23553d008(uuid1038)
сент. 19, 2025 6:42:49 PM webapp.storage.AbstractStorage save
INFO: &amp#27;[32mSave 057f4a49-2f83-4980-8a0f-4e78b1dc0a76(uuid1039)
сент. 19, 2025 6:42:49 PM webapp.storage.AbstractStorage save
INFO: &amp#27;[32mSave dd076904-c2c6-43f9-9edd-c15b8502d84d(uuid1040)
сент. 19, 2025 6:42:49 PM webapp.storage.AbstractStorage save
INFO: &amp#27;[32mSave 0dafde74-276c-4443-a59b-8cd8035fa972(uuid1041)
сент. 19, 2025 6:42:49 PM webapp.storage.AbstractStorage save
INFO: &amp#27;[32mSave 1e85b178-6ec4-44b1-a7cd-807dde693a5d(uuid1042)
сент. 19, 2025 6:42:49 PM webapp.storage.AbstractStorage save
INFO: &amp#27;[32mSave 24bf61b8-c893-43fa-ba3d-8e057a144fec(uuid1043)
сент. 19, 2025 6:42:49 PM webapp.storage.AbstractStorage save
INFO: &amp#27;[32mSave a1bd3829-17ca-4d1f-ad1b-986427fc55e8(uuid1044)
сент. 19, 2025 6:42:49 PM webapp.storage.AbstractStorage save
INFO: &amp#27;[32mSave 980368cb-0b17-4a8a-9725-c7ee6fd1de10(uuid1045)
сент. 19, 2025 6:42:49 PM webapp.storage.AbstractStorage save
INFO: &amp#27;[32mSave 1e4db6e2-4672-4f2e-84ba-6ffb64a4b273(uuid1046)
сент. 19, 2025 6:42:49 PM webapp.storage.AbstractStorage save
INFO: &amp#27;[32mSave 534f17db-ac21-4924-a44c-edad9a66a364(uuid1047)
сент. 19, 2025 6:42:49 PM webapp.storage.AbstractStorage save
INFO: &amp#27;[32mSave 818a1ddd-5104-4b33-a8f9-c794a0a2b9eb(uuid1048)
сент. 19, 2025 6:42:49 PM webapp.storage.AbstractStorage save
INFO: &amp#27;[32mSave eb1a965e-f462-4752-8d9e-541817734286(uuid1049)
сент. 19, 2025 6:42:49 PM webapp.storage.AbstractStorage save
INFO: &amp#27;[32mSave f4832a4d-dd28-4136-85d9-be08a8bd7800(uuid1050)
сент. 19, 2025 6:42:49 PM webapp.storage.AbstractStorage save
INFO: &amp#27;[32mSave 66e70de8-7625-429e-8ff2-dc91f6c8a0ca(uuid1051)
сент. 19, 2025 6:42:49 PM webapp.storage.AbstractStorage save
INFO: &amp#27;[32mSave deef2a11-95f8-4c32-8f12-a858c6a0978f(uuid1052)
сент. 19, 2025 6:42:49 PM webapp.storage.AbstractStorage save
INFO: &amp#27;[32mSave 697ea88f-fe00-4102-a900-00fad2ec3479(uuid1053)
сент. 19, 2025 6:42:49 PM webapp.storage.AbstractStorage save
INFO: &amp#27;[32mSave dabae547-250f-495d-a8ae-dd2c1e69b6c8(uuid1054)
сент. 19, 2025 6:42:49 PM webapp.storage.AbstractStorage save
INFO: &amp#27;[32mSave 02c474bf-9a47-45c2-8899-7eb8b2ac777b(uuid1055)
сент. 19, 2025 6:42:49 PM webapp.storage.AbstractStorage save
INFO: &amp#27;[32mSave ba15d175-2e59-4d0b-811b-5a59d24f1d32(uuid1056)
сент. 19, 2025 6:42:49 PM webapp.storage.AbstractStorage save
INFO: &amp#27;[32mSave e1cbc93f-475a-40c0-8aca-696e06fdab9f(uuid1057)
сент. 19, 2025 6:42:49 PM webapp.storage.AbstractStorage save
INFO: &amp#27;[32mSave 590ac073-bd6a-4162-b50b-2e3e2b82f94b(uuid1058)
сент. 19, 2025 6:42:49 PM webapp.storage.AbstractStorage save
INFO: &amp#27;[32mSave bbd1727f-e890-48ef-b338-c2cc52e554fc(uuid1059)
сент. 19, 2025 6:42:49 PM webapp.storage.AbstractStorage save
INFO: &amp#27;[32mSave a657b82b-c65c-49f1-ab5b-53be6a18b64a(uuid1060)
сент. 19, 2025 6:42:49 PM webapp.storage.AbstractStorage save
INFO: &amp#27;[32mSave 983533f4-7b77-4226-8982-0d9aa064ceb3(uuid1061)
сент. 19, 2025 6:42:49 PM webapp.storage.AbstractStorage save
INFO: &amp#27;[32mSave 0244cf58-7fda-488a-a956-6ef8c0ffd8cc(uuid1062)
сент. 19, 2025 6:42:49 PM webapp.storage.AbstractStorage save
INFO: &amp#27;[32mSave 00e715d4-2b7a-4113-bb91-5d9c2d5a7ade(uuid1063)
сент. 19, 2025 6:42:49 PM webapp.storage.AbstractStorage save
INFO: &amp#27;[32mSave 04ea2dac-92c1-4d86-b705-9239c3f831e8(uuid1064)
сент. 19, 2025 6:42:49 PM webapp.storage.AbstractStorage save
INFO: &amp#27;[32mSave a6d5e4a7-146b-434d-b291-b5c14c09d06a(uuid1065)
сент. 19, 2025 6:42:49 PM webapp.storage.AbstractStorage save
INFO: &amp#27;[32mSave a2df4005-f48d-4985-a144-53dab234121e(uuid1066)
сент. 19, 2025 6:42:49 PM webapp.storage.AbstractStorage save
INFO: &amp#27;[32mSave 826887ce-32a0-4e29-8f7f-394dfa14ebbe(uuid1067)
сент. 19, 2025 6:42:49 PM webapp.storage.AbstractStorage save
INFO: &amp#27;[32mSave 685d4cba-49e9-405f-96ed-6d99efc1e453(uuid1068)
сент. 19, 2025 6:42:49 PM webapp.storage.AbstractStorage save
INFO: &amp#27;[32mSave e839119b-63de-418d-9806-8f539117b82c(uuid1069)
сент. 19, 2025 6:42:49 PM webapp.storage.AbstractStorage save
INFO: &amp#27;[32mSave 50ff005e-37ba-4d31-b1dd-405cb3d08c13(uuid1070)
сент. 19, 2025 6:42:49 PM webapp.storage.AbstractStorage save
INFO: &amp#27;[32mSave 5aa9b154-912e-4d47-8f7e-c1736b9d8f4f(uuid1071)
сент. 19, 2025 6:42:49 PM webapp.storage.AbstractStorage save
INFO: &amp#27;[32mSave 89c0c7ee-45a4-45a5-b5f7-8bc19622ad42(uuid1072)
сент. 19, 2025 6:42:49 PM webapp.storage.AbstractStorage save
INFO: &amp#27;[32mSave 529cd1ed-7400-435d-8842-8bce4af059fe(uuid1073)
сент. 19, 2025 6:42:49 PM webapp.storage.AbstractStorage save
INFO: &amp#27;[32mSave 95e111e9-d7b2-4fde-a334-4caaf08cbba8(uuid1074)
сент. 19, 2025 6:42:49 PM webapp.storage.AbstractStorage save
INFO: &amp#27;[32mSave e023c6fb-d0d8-457d-95ac-eaa57db0623f(uuid1075)
сент. 19, 2025 6:42:49 PM webapp.storage.AbstractStorage save
INFO: &amp#27;[32mSave 452b48f2-50bf-483e-a186-e998c79a4aa7(uuid1076)
сент. 19, 2025 6:42:49 PM webapp.storage.AbstractStorage save
INFO: &amp#27;[32mSave fde5f431-01fa-4702-9a67-10ba48ac6ac8(uuid1077)
сент. 19, 2025 6:42:49 PM webapp.storage.AbstractStorage save
INFO: &amp#27;[32mSave ba1768c6-eabc-4dea-91a1-18f091930269(uuid1078)
сент. 19, 2025 6:42:49 PM webapp.storage.AbstractStorage save
INFO: &amp#27;[32mSave e1b6707e-4fb7-4cfb-b7e3-de97bf960159(uuid1079)
сент. 19, 2025 6:42:49 PM webapp.storage.AbstractStorage save
INFO: &amp#27;[32mSave 2ac2bfaa-277c-43e6-bf66-427519d24959(uuid1080)
сент. 19, 2025 6:42:49 PM webapp.storage.AbstractStorage save
INFO: &amp#27;[32mSave 71418220-5759-4fc5-8543-ed27f99d7f1b(uuid1081)
сент. 19, 2025 6:42:49 PM webapp.storage.AbstractStorage save
INFO: &amp#27;[32mSave 657a2c93-6a45-4c8d-b1f3-b5abdafc54c8(uuid1082)
сент. 19, 2025 6:42:49 PM webapp.storage.AbstractStorage save
INFO: &amp#27;[32mSave f70ab5d7-ad6a-467a-8fa6-d44e0d514342(uuid1083)
сент. 19, 2025 6:42:49 PM webapp.storage.AbstractStorage save
INFO: &amp#27;[32mSave 5500cbdb-da2e-4d16-9772-af89ba7d07ac(uuid1084)
сент. 19, 2025 6:42:49 PM webapp.storage.AbstractStorage save
INFO: &amp#27;[32mSave 6f601b8a-b9f9-45bb-abf6-e37c5f68bd3b(uuid1085)
сент. 19, 2025 6:42:49 PM webapp.storage.AbstractStorage save
INFO: &amp#27;[32mSave e657e6a9-7147-492a-9d83-c9cd3d81be2c(uuid1086)
сент. 19, 2025 6:42:49 PM webapp.storage.AbstractStorage save
INFO: &amp#27;[32mSave 177bc986-7b2e-452e-be8d-8710f6067258(uuid1087)
сент. 19, 2025 6:42:49 PM webapp.storage.AbstractStorage save
INFO: &amp#27;[32mSave f58518c4-57ee-4c9f-9c8a-857134094752(uuid1088)
сент. 19, 2025 6:42:49 PM webapp.storage.AbstractStorage save
INFO: &amp#27;[32mSave 55d277d4-47a4-49de-8910-8ab7e9771f46(uuid1089)
сент. 19, 2025 6:42:49 PM webapp.storage.AbstractStorage save
INFO: &amp#27;[32mSave c1556f1a-31a0-472f-88b4-64ddc2d13e66(uuid1090)
сент. 19, 2025 6:42:49 PM webapp.storage.AbstractStorage save
INFO: &amp#27;[32mSave 76a82160-ca06-4681-af78-b62797bc4d61(uuid1091)
сент. 19, 2025 6:42:49 PM webapp.storage.AbstractStorage save
INFO: &amp#27;[32mSave a229d610-374c-4b10-a64f-83781653d751(uuid1092)
сент. 19, 2025 6:42:49 PM webapp.storage.AbstractStorage save
INFO: &amp#27;[32mSave 540cb81e-24b0-4f46-9c99-9526bf41642e(uuid1093)
сент. 19, 2025 6:42:49 PM webapp.storage.AbstractStorage save
INFO: &amp#27;[32mSave 7e3c46cf-942f-40d3-9525-2f727bdf4af5(uuid1094)
сент. 19, 2025 6:42:49 PM webapp.storage.AbstractStorage save
INFO: &amp#27;[32mSave a627878a-469c-4303-9353-69068ac5f415(uuid1095)
сент. 19, 2025 6:42:49 PM webapp.storage.AbstractStorage save
INFO: &amp#27;[32mSave b00488ba-86aa-4f94-a2e9-c1412abc0944(uuid1096)
сент. 19, 2025 6:42:49 PM webapp.storage.AbstractStorage save
INFO: &amp#27;[32mSave 0ec37128-d3c8-48b6-aaee-d70c3bc50667(uuid1097)
сент. 19, 2025 6:42:49 PM webapp.storage.AbstractStorage save
INFO: &amp#27;[32mSave 4f81b700-d3e8-46c1-8f3f-2b2592824938(uuid1098)
сент. 19, 2025 6:42:49 PM webapp.storage.AbstractStorage save
INFO: &amp#27;[32mSave b5fee971-6846-4666-b4cf-90e5363ffc19(uuid1099)
сент. 19, 2025 6:42:49 PM webapp.storage.AbstractStorage save
INFO: &amp#27;[32mSave 10857c4b-a67c-4e1a-be53-98e806a7947f(uuid1100)
сент. 19, 2025 6:42:49 PM webapp.storage.AbstractStorage save
INFO: &amp#27;[32mSave 977a0d1a-b7e8-40fe-8a37-8be0692e772a(uuid1101)
сент. 19, 2025 6:42:49 PM webapp.storage.AbstractStorage save
INFO: &amp#27;[32mSave d1a460bd-2b38-421f-9afd-5a06b5cb4309(uuid1102)
сент. 19, 2025 6:42:49 PM webapp.storage.AbstractStorage save
INFO: &amp#27;[32mSave 5ac7d305-2d27-40e1-b76b-ba8a801ccd37(uuid1103)
сент. 19, 2025 6:42:49 PM webapp.storage.AbstractStorage save
INFO: &amp#27;[32mSave 854446c5-794b-488d-8617-bd3e156f8453(uuid1104)
сент. 19, 2025 6:42:49 PM webapp.storage.AbstractStorage save
INFO: &amp#27;[32mSave 9a92a4b7-8322-44b3-9e3e-31265363384a(uuid1105)
сент. 19, 2025 6:42:49 PM webapp.storage.AbstractStorage save
INFO: &amp#27;[32mSave f959f2aa-86c9-4070-a3af-1a6cb45a4262(uuid1106)
сент. 19, 2025 6:42:49 PM webapp.storage.AbstractStorage save
INFO: &amp#27;[32mSave f9e83f06-4200-4a11-b57a-debefa7d8f48(uuid1107)
сент. 19, 2025 6:42:49 PM webapp.storage.AbstractStorage save
INFO: &amp#27;[32mSave 2d088fda-e1ee-431f-b1af-096a5019024b(uuid1108)
сент. 19, 2025 6:42:49 PM webapp.storage.AbstractStorage save
INFO: &amp#27;[32mSave a376e814-4bb8-43a6-a3b9-1593992e31f9(uuid1109)
сент. 19, 2025 6:42:49 PM webapp.storage.AbstractStorage save
INFO: &amp#27;[32mSave 4e2fc4bc-99a3-4591-8e5b-f63fc35895eb(uuid1110)
сент. 19, 2025 6:42:49 PM webapp.storage.AbstractStorage save
INFO: &amp#27;[32mSave 34c4b590-dd69-4a2e-bb3f-f4d810c75bb2(uuid1111)
сент. 19, 2025 6:42:49 PM webapp.storage.AbstractStorage save
INFO: &amp#27;[32mSave c0f46a75-20af-4cc6-8e9a-1504ca78925b(uuid1112)
сент. 19, 2025 6:42:49 PM webapp.storage.AbstractStorage save
INFO: &amp#27;[32mSave ed75a463-17b2-4a06-8397-6acbdced2331(uuid1113)
сент. 19, 2025 6:42:49 PM webapp.storage.AbstractStorage save
INFO: &amp#27;[32mSave db3f53d3-caf3-4bcf-95e7-a9f28b80c3f6(uuid1114)
сент. 19, 2025 6:42:49 PM webapp.storage.AbstractStorage save
INFO: &amp#27;[32mSave 366aa6b0-a147-4772-89a3-b71a74bf3ceb(uuid1115)
сент. 19, 2025 6:42:49 PM webapp.storage.AbstractStorage save
INFO: &amp#27;[32mSave f3100f9a-655a-40b8-a0ba-081a719f71b4(uuid1116)
сент. 19, 2025 6:42:49 PM webapp.storage.AbstractStorage save
INFO: &amp#27;[32mSave e7ff5ec4-c92f-4174-967b-c49691170b37(uuid1117)
сент. 19, 2025 6:42:49 PM webapp.storage.AbstractStorage save
INFO: &amp#27;[32mSave ac90b50d-5ddc-49aa-8381-de8121e1cbf8(uuid1118)
сент. 19, 2025 6:42:49 PM webapp.storage.AbstractStorage save
INFO: &amp#27;[32mSave 34a2da06-07cc-44b2-aebb-d10c6139c32c(uuid1119)
сент. 19, 2025 6:42:49 PM webapp.storage.AbstractStorage save
INFO: &amp#27;[32mSave 641377d3-d354-4661-8030-005f0727132c(uuid1120)
сент. 19, 2025 6:42:49 PM webapp.storage.AbstractStorage save
INFO: &amp#27;[32mSave d8ee90bb-ad2c-487e-ac90-93b3f347f892(uuid1121)
сент. 19, 2025 6:42:49 PM webapp.storage.AbstractStorage save
INFO: &amp#27;[32mSave b491eb08-0e38-49a7-870e-0150411efe1c(uuid1122)
сент. 19, 2025 6:42:49 PM webapp.storage.AbstractStorage save
INFO: &amp#27;[32mSave 6c694030-37ce-41d9-8401-2f0f57f13b4c(uuid1123)
сент. 19, 2025 6:42:49 PM webapp.storage.AbstractStorage save
INFO: &amp#27;[32mSave a5e83566-3e97-4b18-b169-f3308070120d(uuid1124)
сент. 19, 2025 6:42:49 PM webapp.storage.AbstractStorage save
INFO: &amp#27;[32mSave dafb1241-10ab-4787-8c93-28548773fe5d(uuid1125)
сент. 19, 2025 6:42:49 PM webapp.storage.AbstractStorage save
INFO: &amp#27;[32mSave f2e10e8b-df18-4f1e-bb79-693e96d628dc(uuid1126)
сент. 19, 2025 6:42:49 PM webapp.storage.AbstractStorage save
INFO: &amp#27;[32mSave aae1ecb6-655b-4599-925d-b8931bfe89eb(uuid1127)
сент. 19, 2025 6:42:49 PM webapp.storage.AbstractStorage save
INFO: &amp#27;[32mSave 94e6ba08-86f2-46fb-80a4-d278bb1ba987(uuid1128)
сент. 19, 2025 6:42:49 PM webapp.storage.AbstractStorage save
INFO: &amp#27;[32mSave 6c4b40c0-b0da-4c7a-bb55-f43098113d8a(uuid1129)
сент. 19, 2025 6:42:49 PM webapp.storage.AbstractStorage save
INFO: &amp#27;[32mSave 078e0922-d4df-4dfa-ab38-e3388df6a179(uuid1130)
сент. 19, 2025 6:42:49 PM webapp.storage.AbstractStorage save
INFO: &amp#27;[32mSave 937e8e23-9ccb-42ed-87c5-623ea22811f8(uuid1131)
сент. 19, 2025 6:42:49 PM webapp.storage.AbstractStorage save
INFO: &amp#27;[32mSave cdf813be-dfe9-4189-a329-e04e20c678aa(uuid1132)
сент. 19, 2025 6:42:49 PM webapp.storage.AbstractStorage save
INFO: &amp#27;[32mSave 02ab6add-d710-4280-951f-46d833ba53bb(uuid1133)
сент. 19, 2025 6:42:49 PM webapp.storage.AbstractStorage save
INFO: &amp#27;[32mSave 703cd7c8-b7ca-4b1e-8d77-2f3828818404(uuid1134)
сент. 19, 2025 6:42:49 PM webapp.storage.AbstractStorage save
INFO: &amp#27;[32mSave bf5afa89-d4d5-420a-9a52-ee0e62a07417(uuid1135)
сент. 19, 2025 6:42:49 PM webapp.storage.AbstractStorage save
INFO: &amp#27;[32mSave aac10c1c-9bcc-4452-8ea1-1aea2fded9a2(uuid1136)
сент. 19, 2025 6:42:49 PM webapp.storage.AbstractStorage save
INFO: &amp#27;[32mSave 175f6352-e3d2-4d3b-bd51-931814855b72(uuid1137)
сент. 19, 2025 6:42:49 PM webapp.storage.AbstractStorage save
INFO: &amp#27;[32mSave 583c1f48-d1b3-469e-be9e-218f78fdfc79(uuid1138)
сент. 19, 2025 6:42:49 PM webapp.storage.AbstractStorage save
INFO: &amp#27;[32mSave bf56bff0-38d5-484e-b8c3-13d3e38e363d(uuid1139)
сент. 19, 2025 6:42:49 PM webapp.storage.AbstractStorage save
INFO: &amp#27;[32mSave f5b744b3-1e3f-4621-abf8-af3031041fa2(uuid1140)
сент. 19, 2025 6:42:49 PM webapp.storage.AbstractStorage save
INFO: &amp#27;[32mSave 8c71ad40-d61b-4dda-9fd2-034b5da8c595(uuid1141)
сент. 19, 2025 6:42:49 PM webapp.storage.AbstractStorage save
INFO: &amp#27;[32mSave f8026229-5bc8-4133-9e8a-ecea62841d85(uuid1142)
сент. 19, 2025 6:42:49 PM webapp.storage.AbstractStorage save
INFO: &amp#27;[32mSave be101329-34ef-4543-879d-8d0fc40dbfc0(uuid1143)
сент. 19, 2025 6:42:49 PM webapp.storage.AbstractStorage save
INFO: &amp#27;[32mSave a055d812-d719-4c6f-ab1f-9ddf65ff8a6a(uuid1144)
сент. 19, 2025 6:42:49 PM webapp.storage.AbstractStorage save
INFO: &amp#27;[32mSave 4704c20b-e4e1-4945-8917-8c859f70ff89(uuid1145)
сент. 19, 2025 6:42:49 PM webapp.storage.AbstractStorage save
INFO: &amp#27;[32mSave 3e6abf3e-6ce4-4914-ac04-f4eb0f18e075(uuid1146)
сент. 19, 2025 6:42:49 PM webapp.storage.AbstractStorage save
INFO: &amp#27;[32mSave ae02fc61-3d4f-421a-ac89-9b87bf970f3b(uuid1147)
сент. 19, 2025 6:42:49 PM webapp.storage.AbstractStorage save
INFO: &amp#27;[32mSave c626beac-85b7-4837-b871-a3b93b9d08ed(uuid1148)
сент. 19, 2025 6:42:49 PM webapp.storage.AbstractStorage save
INFO: &amp#27;[32mSave 81d55a6e-6b8d-400f-8bed-86c248a3a84d(uuid1149)
сент. 19, 2025 6:42:49 PM webapp.storage.AbstractStorage save
INFO: &amp#27;[32mSave eb43c659-df68-425d-8ac8-9b2cc84323a9(uuid1150)
сент. 19, 2025 6:42:49 PM webapp.storage.AbstractStorage save
INFO: &amp#27;[32mSave 3fb0878c-7c0f-4b34-ad49-2901d3fc6359(uuid1151)
сент. 19, 2025 6:42:49 PM webapp.storage.AbstractStorage save
INFO: &amp#27;[32mSave c344ce83-032e-4f69-9edd-f51cf51d2b2c(uuid1152)
сент. 19, 2025 6:42:49 PM webapp.storage.AbstractStorage save
INFO: &amp#27;[32mSave 0617fd44-eee5-444a-b008-41a61eb9d36a(uuid1153)
сент. 19, 2025 6:42:49 PM webapp.storage.AbstractStorage save
INFO: &amp#27;[32mSave 4f2367fd-1051-4bc1-84b4-b49bf6859b74(uuid1154)
сент. 19, 2025 6:42:49 PM webapp.storage.AbstractStorage save
INFO: &amp#27;[32mSave 3fb78d4e-204d-4cfa-8e3a-06e29eba5a61(uuid1155)
сент. 19, 2025 6:42:49 PM webapp.storage.AbstractStorage save
INFO: &amp#27;[32mSave ad74cf12-c1bf-48cb-b8ef-6e5406c0135c(uuid1156)
сент. 19, 2025 6:42:49 PM webapp.storage.AbstractStorage save
INFO: &amp#27;[32mSave c908d7e9-1866-4f02-96ad-8f4cb005703a(uuid1157)
сент. 19, 2025 6:42:49 PM webapp.storage.AbstractStorage save
INFO: &amp#27;[32mSave 03b5f18e-2706-4318-b84e-d001a8943615(uuid1158)
сент. 19, 2025 6:42:49 PM webapp.storage.AbstractStorage save
INFO: &amp#27;[32mSave 831793a6-383a-430a-8dfe-9e7e51f5e391(uuid1159)
сент. 19, 2025 6:42:49 PM webapp.storage.AbstractStorage save
INFO: &amp#27;[32mSave e182a42a-add0-457e-8ee2-3641357020db(uuid1160)
сент. 19, 2025 6:42:49 PM webapp.storage.AbstractStorage save
INFO: &amp#27;[32mSave 4d70ff41-7e64-44a9-a0ed-e48893f8aa6b(uuid1161)
сент. 19, 2025 6:42:49 PM webapp.storage.AbstractStorage save
INFO: &amp#27;[32mSave d047aa61-d8fc-44e5-97af-e936044868d5(uuid1162)
сент. 19, 2025 6:42:49 PM webapp.storage.AbstractStorage save
INFO: &amp#27;[32mSave cfafb02c-78e5-4e42-9f62-f014d68a1bca(uuid1163)
сент. 19, 2025 6:42:49 PM webapp.storage.AbstractStorage save
INFO: &amp#27;[32mSave d1e80624-fcac-4be3-8ec5-ad6ffe876f9e(uuid1164)
сент. 19, 2025 6:42:49 PM webapp.storage.AbstractStorage save
INFO: &amp#27;[32mSave e465af65-8a46-4691-b31a-47c1a86391ee(uuid1165)
сент. 19, 2025 6:42:49 PM webapp.storage.AbstractStorage save
INFO: &amp#27;[32mSave a15da700-8862-4f23-88aa-44435f78e7f5(uuid1166)
сент. 19, 2025 6:42:49 PM webapp.storage.AbstractStorage save
INFO: &amp#27;[32mSave 00376c97-6981-40a6-a436-561d11345be3(uuid1167)
сент. 19, 2025 6:42:49 PM webapp.storage.AbstractStorage save
INFO: &amp#27;[32mSave 2c76af37-ef7a-4f9f-8e43-d51c52659e95(uuid1168)
сент. 19, 2025 6:42:49 PM webapp.storage.AbstractStorage save
INFO: &amp#27;[32mSave 719563ed-364c-4e9c-a0e4-4747f24c62df(uuid1169)
сент. 19, 2025 6:42:49 PM webapp.storage.AbstractStorage save
INFO: &amp#27;[32mSave 928a83a9-b964-4a9f-a60a-35a64047e1f3(uuid1170)
сент. 19, 2025 6:42:49 PM webapp.storage.AbstractStorage save
INFO: &amp#27;[32mSave 3808cb1e-4e46-48c0-91b1-d2116ca73f0b(uuid1171)
сент. 19, 2025 6:42:49 PM webapp.storage.AbstractStorage save
INFO: &amp#27;[32mSave 227a1613-968c-4421-bb08-9c95257ff42d(uuid1172)
сент. 19, 2025 6:42:49 PM webapp.storage.AbstractStorage save
INFO: &amp#27;[32mSave f37ddba5-1524-407d-835b-135fd6fd9dee(uuid1173)
сент. 19, 2025 6:42:49 PM webapp.storage.AbstractStorage save
INFO: &amp#27;[32mSave be9d715d-9a36-44e0-ba4e-46ecfe0ff191(uuid1174)
сент. 19, 2025 6:42:49 PM webapp.storage.AbstractStorage save
INFO: &amp#27;[32mSave 5c3b6f4c-8622-4151-98e1-e972ddefb184(uuid1175)
сент. 19, 2025 6:42:49 PM webapp.storage.AbstractStorage save
INFO: &amp#27;[32mSave d8163210-3798-41b8-ab21-f8f0fe983897(uuid1176)
сент. 19, 2025 6:42:49 PM webapp.storage.AbstractStorage save
INFO: &amp#27;[32mSave 925c1a02-bafd-4e13-91af-1adc098593f3(uuid1177)
сент. 19, 2025 6:42:49 PM webapp.storage.AbstractStorage save
INFO: &amp#27;[32mSave c77bb46f-ae63-43d6-85be-6713683ac6a8(uuid1178)
сент. 19, 2025 6:42:49 PM webapp.storage.AbstractStorage save
INFO: &amp#27;[32mSave daeb1568-bc1b-4082-9f72-738861787a04(uuid1179)
сент. 19, 2025 6:42:49 PM webapp.storage.AbstractStorage save
INFO: &amp#27;[32mSave b1974189-ffc4-4669-a1fa-6d05809d8231(uuid1180)
сент. 19, 2025 6:42:49 PM webapp.storage.AbstractStorage save
INFO: &amp#27;[32mSave 96fc4906-a8d8-4cd8-90b3-6f17b21ecac7(uuid1181)
сент. 19, 2025 6:42:49 PM webapp.storage.AbstractStorage save
INFO: &amp#27;[32mSave 9b66ac6d-a742-40c6-8650-6e520d4529c2(uuid1182)
сент. 19, 2025 6:42:49 PM webapp.storage.AbstractStorage save
INFO: &amp#27;[32mSave fe8f6c29-cfae-4718-92d0-c40ea14ced83(uuid1183)
сент. 19, 2025 6:42:49 PM webapp.storage.AbstractStorage save
INFO: &amp#27;[32mSave ad87112b-7bb6-43c6-9924-13398bc6250a(uuid1184)
сент. 19, 2025 6:42:49 PM webapp.storage.AbstractStorage save
INFO: &amp#27;[32mSave c9c719fc-f53c-42c6-b29a-c8d67b596835(uuid1185)
сент. 19, 2025 6:42:49 PM webapp.storage.AbstractStorage save
INFO: &amp#27;[32mSave 71f51e16-8b8e-43b8-bf8f-e85f0bdcb84c(uuid1186)
сент. 19, 2025 6:42:49 PM webapp.storage.AbstractStorage save
INFO: &amp#27;[32mSave 208c4dad-300b-44c4-98a5-1ad1cca908fb(uuid1187)
сент. 19, 2025 6:42:49 PM webapp.storage.AbstractStorage save
INFO: &amp#27;[32mSave fa02e163-a2f2-4a15-b741-b0cb3c950d5b(uuid1188)
сент. 19, 2025 6:42:49 PM webapp.storage.AbstractStorage save
INFO: &amp#27;[32mSave 923c40c1-ffe2-4d6e-b5e3-5fe3eb54098b(uuid1189)
сент. 19, 2025 6:42:49 PM webapp.storage.AbstractStorage save
INFO: &amp#27;[32mSave 894950a9-6e48-4000-80ae-d116aed1fc58(uuid1190)
сент. 19, 2025 6:42:49 PM webapp.storage.AbstractStorage save
INFO: &amp#27;[32mSave e84256ae-e348-4b80-a7db-61863d792f3a(uuid1191)
сент. 19, 2025 6:42:49 PM webapp.storage.AbstractStorage save
INFO: &amp#27;[32mSave 22ef3fe2-5f8a-404e-a8cd-2d3866cfb1cb(uuid1192)
сент. 19, 2025 6:42:49 PM webapp.storage.AbstractStorage save
INFO: &amp#27;[32mSave 21058a9d-5313-4e24-b31f-8e75d8de064a(uuid1193)
сент. 19, 2025 6:42:49 PM webapp.storage.AbstractStorage save
INFO: &amp#27;[32mSave 5c814b8a-f152-45c2-9ae1-529b374b18a4(uuid1194)
сент. 19, 2025 6:42:49 PM webapp.storage.AbstractStorage save
INFO: &amp#27;[32mSave 7efa74ee-5467-4f12-8bb6-d766df2a4951(uuid1195)
сент. 19, 2025 6:42:49 PM webapp.storage.AbstractStorage save
INFO: &amp#27;[32mSave 05ba0276-ad3c-4f43-81a4-52346597c974(uuid1196)
сент. 19, 2025 6:42:49 PM webapp.storage.AbstractStorage save
INFO: &amp#27;[32mSave a6e6c3fd-4fb6-4ab3-9814-f430d7b27bd9(uuid1197)
сент. 19, 2025 6:42:49 PM webapp.storage.AbstractStorage save
INFO: &amp#27;[32mSave 399eb225-b0f8-4e5a-8652-6f9e0e27c9e3(uuid1198)
сент. 19, 2025 6:42:49 PM webapp.storage.AbstractStorage save
INFO: &amp#27;[32mSave 50ed4e80-ac78-4b7a-b3e6-7909958c510c(uuid1199)
сент. 19, 2025 6:42:49 PM webapp.storage.AbstractStorage save
INFO: &amp#27;[32mSave 3c83728d-7802-47d6-8e8e-bfdd078902dd(uuid1200)
сент. 19, 2025 6:42:49 PM webapp.storage.AbstractStorage save
INFO: &amp#27;[32mSave b49f8739-18f9-43e7-b22f-d475a7853ed2(uuid1201)
сент. 19, 2025 6:42:49 PM webapp.storage.AbstractStorage save
INFO: &amp#27;[32mSave 6580e1c8-777b-4a83-a51f-cc792218f4da(uuid1202)
сент. 19, 2025 6:42:49 PM webapp.storage.AbstractStorage save
INFO: &amp#27;[32mSave 1bbf6435-b2d1-4c6c-8e0d-079efea6df4f(uuid1203)
сент. 19, 2025 6:42:49 PM webapp.storage.AbstractStorage save
INFO: &amp#27;[32mSave 0b2cb6bd-e57b-4d95-87b0-e02f27caa682(uuid1204)
сент. 19, 2025 6:42:49 PM webapp.storage.AbstractStorage save
INFO: &amp#27;[32mSave 5af03f84-7fe7-4628-aa72-aa7deeb9f13d(uuid1205)
сент. 19, 2025 6:42:49 PM webapp.storage.AbstractStorage save
INFO: &amp#27;[32mSave 6249b3e1-f842-49b3-aeb8-74cdc566da40(uuid1206)
сент. 19, 2025 6:42:49 PM webapp.storage.AbstractStorage save
INFO: &amp#27;[32mSave 73cb5c66-a82c-4a8a-ac00-9a01db381039(uuid1207)
сент. 19, 2025 6:42:49 PM webapp.storage.AbstractStorage save
INFO: &amp#27;[32mSave 144177f2-fbed-4fb3-886b-ba4e76e7fad1(uuid1208)
сент. 19, 2025 6:42:49 PM webapp.storage.AbstractStorage save
INFO: &amp#27;[32mSave 06c8d52b-edc5-45d9-8595-b825489bf89c(uuid1209)
сент. 19, 2025 6:42:49 PM webapp.storage.AbstractStorage save
INFO: &amp#27;[32mSave 1d0a6ad1-ae33-4ba0-be9c-c5246c245ed8(uuid1210)
сент. 19, 2025 6:42:49 PM webapp.storage.AbstractStorage save
INFO: &amp#27;[32mSave 84514be8-b43c-4ff8-bb7e-246c0df2328c(uuid1211)
сент. 19, 2025 6:42:49 PM webapp.storage.AbstractStorage save
INFO: &amp#27;[32mSave 28ab094c-f88b-4144-abce-1d5c0921d51c(uuid1212)
сент. 19, 2025 6:42:49 PM webapp.storage.AbstractStorage save
INFO: &amp#27;[32mSave 83cca9f2-57c5-4c4a-80a7-7384036b96ba(uuid1213)
сент. 19, 2025 6:42:49 PM webapp.storage.AbstractStorage save
INFO: &amp#27;[32mSave c3161082-be32-4c82-84cf-c1a970d2731f(uuid1214)
сент. 19, 2025 6:42:49 PM webapp.storage.AbstractStorage save
INFO: &amp#27;[32mSave caa07ef1-945c-40f3-80c0-06bf49b2d273(uuid1215)
сент. 19, 2025 6:42:49 PM webapp.storage.AbstractStorage save
INFO: &amp#27;[32mSave 18bde712-8fbf-472c-8f96-ee8c4da5f845(uuid1216)
сент. 19, 2025 6:42:49 PM webapp.storage.AbstractStorage save
INFO: &amp#27;[32mSave 65c5cd19-fb38-4e5a-ab55-58257bdc424e(uuid1217)
сент. 19, 2025 6:42:49 PM webapp.storage.AbstractStorage save
INFO: &amp#27;[32mSave ac8452f6-e15d-4572-b425-f3558257a620(uuid1218)
сент. 19, 2025 6:42:49 PM webapp.storage.AbstractStorage save
INFO: &amp#27;[32mSave e0715dfb-4adb-4a69-8324-3d92686acdbc(uuid1219)
сент. 19, 2025 6:42:49 PM webapp.storage.AbstractStorage save
INFO: &amp#27;[32mSave 9d9b6282-c5f9-4f3d-b948-6bf17d5fef23(uuid1220)
сент. 19, 2025 6:42:49 PM webapp.storage.AbstractStorage save
INFO: &amp#27;[32mSave e2902a9a-ac6a-4833-b2a5-dfa51ace9776(uuid1221)
сент. 19, 2025 6:42:49 PM webapp.storage.AbstractStorage save
INFO: &amp#27;[32mSave aa89ace2-09c9-4a72-9f74-8b3d0d793ffc(uuid1222)
сент. 19, 2025 6:42:49 PM webapp.storage.AbstractStorage save
INFO: &amp#27;[32mSave 439fa227-215c-49a6-ae9f-e429d9e39748(uuid1223)
сент. 19, 2025 6:42:49 PM webapp.storage.AbstractStorage save
INFO: &amp#27;[32mSave 92e83eb4-5410-4656-99de-e4b2aa583cc1(uuid1224)
сент. 19, 2025 6:42:49 PM webapp.storage.AbstractStorage save
INFO: &amp#27;[32mSave 7d3dd2eb-fc2d-4fd6-b263-971821a0f5ed(uuid1225)
сент. 19, 2025 6:42:49 PM webapp.storage.AbstractStorage save
INFO: &amp#27;[32mSave c3812955-b0c7-4ac3-9b15-26a1a21038f5(uuid1226)
сент. 19, 2025 6:42:49 PM webapp.storage.AbstractStorage save
INFO: &amp#27;[32mSave 5994e1ae-fb50-4cc1-9370-71df12157f91(uuid1227)
сент. 19, 2025 6:42:49 PM webapp.storage.AbstractStorage save
INFO: &amp#27;[32mSave 5273148b-135d-437e-bc95-dc7dc7275ca9(uuid1228)
сент. 19, 2025 6:42:49 PM webapp.storage.AbstractStorage save
INFO: &amp#27;[32mSave df2ec55e-e034-40c8-848d-4483929e10e1(uuid1229)
сент. 19, 2025 6:42:49 PM webapp.storage.AbstractStorage save
INFO: &amp#27;[32mSave 1ecfb14f-ba1c-4ab7-bced-ee8535e9f932(uuid1230)
сент. 19, 2025 6:42:49 PM webapp.storage.AbstractStorage save
INFO: &amp#27;[32mSave 6fecd555-ff53-4470-856a-be6f890fcfab(uuid1231)
сент. 19, 2025 6:42:49 PM webapp.storage.AbstractStorage save
INFO: &amp#27;[32mSave 3395be87-ed07-4a85-a009-a3d8f6d1c040(uuid1232)
сент. 19, 2025 6:42:49 PM webapp.storage.AbstractStorage save
INFO: &amp#27;[32mSave 8b751ff4-7af5-488b-9416-d97f074c3e1a(uuid1233)
сент. 19, 2025 6:42:49 PM webapp.storage.AbstractStorage save
INFO: &amp#27;[32mSave ae8f29d9-4381-4f4e-adde-c0a1c353116a(uuid1234)
сент. 19, 2025 6:42:49 PM webapp.storage.AbstractStorage save
INFO: &amp#27;[32mSave 93c885e1-5c17-43ef-af70-23ed54ae858b(uuid1235)
сент. 19, 2025 6:42:49 PM webapp.storage.AbstractStorage save
INFO: &amp#27;[32mSave 90e86441-8162-4889-9cde-9a8404d88db6(uuid1236)
сент. 19, 2025 6:42:49 PM webapp.storage.AbstractStorage save
INFO: &amp#27;[32mSave 2c6d01b5-4ea7-4b20-b56f-ffb0c8d97f49(uuid1237)
сент. 19, 2025 6:42:49 PM webapp.storage.AbstractStorage save
INFO: &amp#27;[32mSave 9ad1b638-e3e5-494a-930a-c9e902ab4f1f(uuid1238)
сент. 19, 2025 6:42:49 PM webapp.storage.AbstractStorage save
INFO: &amp#27;[32mSave 27b591cb-1066-4207-a4ce-795960d8e4d5(uuid1239)
сент. 19, 2025 6:42:49 PM webapp.storage.AbstractStorage save
INFO: &amp#27;[32mSave 4feae4c5-077a-4cdc-a60a-385153412869(uuid1240)
сент. 19, 2025 6:42:49 PM webapp.storage.AbstractStorage save
INFO: &amp#27;[32mSave 2101c5a9-19d8-4bc4-b98c-d5c3a56586df(uuid1241)
сент. 19, 2025 6:42:49 PM webapp.storage.AbstractStorage save
INFO: &amp#27;[32mSave 88489453-4663-49ef-ade0-d49f5f408789(uuid1242)
сент. 19, 2025 6:42:49 PM webapp.storage.AbstractStorage save
INFO: &amp#27;[32mSave acde8ee6-36b8-4697-8358-67eb0c9ca5cc(uuid1243)
сент. 19, 2025 6:42:49 PM webapp.storage.AbstractStorage save
INFO: &amp#27;[32mSave 63d16e1c-00a9-478d-8efb-016ce4a1e020(uuid1244)
сент. 19, 2025 6:42:49 PM webapp.storage.AbstractStorage save
INFO: &amp#27;[32mSave 499436d6-1a8a-4cf8-b99b-05f224c5c489(uuid1245)
сент. 19, 2025 6:42:49 PM webapp.storage.AbstractStorage save
INFO: &amp#27;[32mSave ffe415c4-81f6-4d49-9c4e-6fffd92f03e0(uuid1246)
сент. 19, 2025 6:42:49 PM webapp.storage.AbstractStorage save
INFO: &amp#27;[32mSave 12656085-ddf4-4d1e-9fe2-148cd99ab81d(uuid1247)
сент. 19, 2025 6:42:49 PM webapp.storage.AbstractStorage save
INFO: &amp#27;[32mSave a53660d5-3005-4401-931e-e46b82f646a7(uuid1248)
сент. 19, 2025 6:42:49 PM webapp.storage.AbstractStorage save
INFO: &amp#27;[32mSave 2ada08a4-a057-4373-a73f-b248be9df71f(uuid1249)
сент. 19, 2025 6:42:49 PM webapp.storage.AbstractStorage save
INFO: &amp#27;[32mSave 78d37124-eae6-4521-8f19-6875f69fd22b(uuid1250)
сент. 19, 2025 6:42:49 PM webapp.storage.AbstractStorage save
INFO: &amp#27;[32mSave bbc4335a-7237-499c-bcd3-61b3690e9fa1(uuid1251)
сент. 19, 2025 6:42:49 PM webapp.storage.AbstractStorage save
INFO: &amp#27;[32mSave 1ae2250d-fbf0-4f33-a02f-abb32cc3dc8b(uuid1252)
сент. 19, 2025 6:42:49 PM webapp.storage.AbstractStorage save
INFO: &amp#27;[32mSave bd8644c2-87d1-4574-a937-c13914364345(uuid1253)
сент. 19, 2025 6:42:49 PM webapp.storage.AbstractStorage save
INFO: &amp#27;[32mSave e72e5cba-3200-4f9a-9e9b-c0639416a4c4(uuid1254)
сент. 19, 2025 6:42:49 PM webapp.storage.AbstractStorage save
INFO: &amp#27;[32mSave 8040813f-9bfa-4716-9362-3f7eea6196cb(uuid1255)
сент. 19, 2025 6:42:49 PM webapp.storage.AbstractStorage save
INFO: &amp#27;[32mSave c9860fbd-2e16-4cba-8c78-5bd16ca87e59(uuid1256)
сент. 19, 2025 6:42:49 PM webapp.storage.AbstractStorage save
INFO: &amp#27;[32mSave 4da8bf40-5679-41ce-ae3d-49b88ceab79b(uuid1257)
сент. 19, 2025 6:42:49 PM webapp.storage.AbstractStorage save
INFO: &amp#27;[32mSave afc9b46c-52fa-4072-9e29-36542a4654ce(uuid1258)
сент. 19, 2025 6:42:49 PM webapp.storage.AbstractStorage save
INFO: &amp#27;[32mSave 9d3d7282-dadb-4b1f-bbd8-d4a97d72cd6b(uuid1259)
сент. 19, 2025 6:42:49 PM webapp.storage.AbstractStorage save
INFO: &amp#27;[32mSave a0095d31-f59b-49c7-add4-86acf853838b(uuid1260)
сент. 19, 2025 6:42:49 PM webapp.storage.AbstractStorage save
INFO: &amp#27;[32mSave 3496784c-3963-419a-a476-0182525366cf(uuid1261)
сент. 19, 2025 6:42:49 PM webapp.storage.AbstractStorage save
INFO: &amp#27;[32mSave a218e3dd-c94f-40d8-886d-e146ed269248(uuid1262)
сент. 19, 2025 6:42:49 PM webapp.storage.AbstractStorage save
INFO: &amp#27;[32mSave 99272fdd-43a5-439c-b5d1-e0c39f2b612f(uuid1263)
сент. 19, 2025 6:42:49 PM webapp.storage.AbstractStorage save
INFO: &amp#27;[32mSave 893d2902-b998-483c-ad12-55596cf96eed(uuid1264)
сент. 19, 2025 6:42:49 PM webapp.storage.AbstractStorage save
INFO: &amp#27;[32mSave 67ca2a74-2ac5-455b-876e-4f7a75390b60(uuid1265)
сент. 19, 2025 6:42:49 PM webapp.storage.AbstractStorage save
INFO: &amp#27;[32mSave d3258b71-b44b-40b0-a44a-0f10d6767250(uuid1266)
сент. 19, 2025 6:42:49 PM webapp.storage.AbstractStorage save
INFO: &amp#27;[32mSave 754b1527-8459-41c4-a774-9e200aca5886(uuid1267)
сент. 19, 2025 6:42:49 PM webapp.storage.AbstractStorage save
INFO: &amp#27;[32mSave 232ef230-5357-4287-9285-a1cd309d3d68(uuid1268)
сент. 19, 2025 6:42:49 PM webapp.storage.AbstractStorage save
INFO: &amp#27;[32mSave 39573c68-9236-46a4-a79e-1fc87b3349b0(uuid1269)
сент. 19, 2025 6:42:49 PM webapp.storage.AbstractStorage save
INFO: &amp#27;[32mSave 3537daf6-2559-4a23-89da-cd3815095925(uuid1270)
сент. 19, 2025 6:42:49 PM webapp.storage.AbstractStorage save
INFO: &amp#27;[32mSave 4fcd2eb9-dfa2-45b7-940c-e99607ae55a7(uuid1271)
сент. 19, 2025 6:42:49 PM webapp.storage.AbstractStorage save
INFO: &amp#27;[32mSave 33977500-5152-48e6-81f0-a38304f185db(uuid1272)
сент. 19, 2025 6:42:49 PM webapp.storage.AbstractStorage save
INFO: &amp#27;[32mSave a78112c7-a3e6-42bf-8ef5-9d0549873c81(uuid1273)
сент. 19, 2025 6:42:49 PM webapp.storage.AbstractStorage save
INFO: &amp#27;[32mSave cb3ab6e1-d9df-49b0-8b8c-44dc42f84275(uuid1274)
сент. 19, 2025 6:42:49 PM webapp.storage.AbstractStorage save
INFO: &amp#27;[32mSave a3946132-9c90-4893-87db-80ed0e1634a5(uuid1275)
сент. 19, 2025 6:42:49 PM webapp.storage.AbstractStorage save
INFO: &amp#27;[32mSave 8c1b4056-50f8-4a76-8e75-c9d252e331eb(uuid1276)
сент. 19, 2025 6:42:49 PM webapp.storage.AbstractStorage save
INFO: &amp#27;[32mSave 642df80f-e829-469c-9d67-750e6f51d8ca(uuid1277)
сент. 19, 2025 6:42:49 PM webapp.storage.AbstractStorage save
INFO: &amp#27;[32mSave e13495c7-98b6-4416-8c8e-a51f8fdef49a(uuid1278)
сент. 19, 2025 6:42:49 PM webapp.storage.AbstractStorage save
INFO: &amp#27;[32mSave 8c5e2064-91a7-4107-a68f-82b07e484ed3(uuid1279)
сент. 19, 2025 6:42:49 PM webapp.storage.AbstractStorage save
INFO: &amp#27;[32mSave 33af92d8-9bed-42ea-a4a4-a3eb65ee4cf6(uuid1280)
сент. 19, 2025 6:42:49 PM webapp.storage.AbstractStorage save
INFO: &amp#27;[32mSave 992c136d-bac7-4e69-bcff-27e3ff0931f5(uuid1281)
сент. 19, 2025 6:42:49 PM webapp.storage.AbstractStorage save
INFO: &amp#27;[32mSave d9fd7306-9a25-4022-a5d8-16485bbaef1d(uuid1282)
сент. 19, 2025 6:42:49 PM webapp.storage.AbstractStorage save
INFO: &amp#27;[32mSave 848396b9-9bae-46e0-95bd-c07d67c027bf(uuid1283)
сент. 19, 2025 6:42:49 PM webapp.storage.AbstractStorage save
INFO: &amp#27;[32mSave 53c04436-db20-4f92-bb91-5611acbe0129(uuid1284)
сент. 19, 2025 6:42:49 PM webapp.storage.AbstractStorage save
INFO: &amp#27;[32mSave debbcca1-739c-4628-9616-0fc646e0a309(uuid1285)
сент. 19, 2025 6:42:49 PM webapp.storage.AbstractStorage save
INFO: &amp#27;[32mSave 53fbe40e-c1e8-4ecb-bb68-dff355c9ed58(uuid1286)
сент. 19, 2025 6:42:49 PM webapp.storage.AbstractStorage save
INFO: &amp#27;[32mSave 59bff0b4-9560-4d6e-87ca-e359d68e82e4(uuid1287)
сент. 19, 2025 6:42:49 PM webapp.storage.AbstractStorage save
INFO: &amp#27;[32mSave e394706a-a67d-4b16-a4b6-c10ab567c945(uuid1288)
сент. 19, 2025 6:42:49 PM webapp.storage.AbstractStorage save
INFO: &amp#27;[32mSave 4a11914b-c743-4155-9940-647b7f3a7651(uuid1289)
сент. 19, 2025 6:42:49 PM webapp.storage.AbstractStorage save
INFO: &amp#27;[32mSave a3715254-5c94-4db6-89b2-f9e6a426f6af(uuid1290)
сент. 19, 2025 6:42:49 PM webapp.storage.AbstractStorage save
INFO: &amp#27;[32mSave e809a86d-4966-4d3f-9bbc-dd48700ca599(uuid1291)
сент. 19, 2025 6:42:49 PM webapp.storage.AbstractStorage save
INFO: &amp#27;[32mSave 8ded42b2-e247-49c7-bd1a-4ef2c5fd7621(uuid1292)
сент. 19, 2025 6:42:49 PM webapp.storage.AbstractStorage save
INFO: &amp#27;[32mSave 47bbb612-44b1-4424-831d-2c0b482c7c31(uuid1293)
сент. 19, 2025 6:42:49 PM webapp.storage.AbstractStorage save
INFO: &amp#27;[32mSave 08935413-5bc3-4884-81ad-4ed856bfe906(uuid1294)
сент. 19, 2025 6:42:49 PM webapp.storage.AbstractStorage save
INFO: &amp#27;[32mSave b44ae9e4-91be-4854-9ad1-0204833ac3e6(uuid1295)
сент. 19, 2025 6:42:49 PM webapp.storage.AbstractStorage save
INFO: &amp#27;[32mSave 13f91edb-cafe-4874-86a2-ec7412567ab6(uuid1296)
сент. 19, 2025 6:42:49 PM webapp.storage.AbstractStorage save
INFO: &amp#27;[32mSave 51c07968-faae-4ed6-bd75-5cb2fbfac058(uuid1297)
сент. 19, 2025 6:42:49 PM webapp.storage.AbstractStorage save
INFO: &amp#27;[32mSave 5f327991-8fa8-45d8-be12-0f57ca9d123b(uuid1298)
сент. 19, 2025 6:42:49 PM webapp.storage.AbstractStorage save
INFO: &amp#27;[32mSave 3d1b667c-c440-4ff5-9c3c-f9f0abcf0996(uuid1299)
сент. 19, 2025 6:42:49 PM webapp.storage.AbstractStorage save
INFO: &amp#27;[32mSave 10f4ef56-8702-45fc-9528-6b17a1a1322b(uuid1300)
сент. 19, 2025 6:42:49 PM webapp.storage.AbstractStorage save
INFO: &amp#27;[32mSave 536e7c21-9806-40a8-8aae-8b939ca4e34a(uuid1301)
сент. 19, 2025 6:42:49 PM webapp.storage.AbstractStorage save
INFO: &amp#27;[32mSave 93989670-aa61-4d63-ba25-6f8406252140(uuid1302)
сент. 19, 2025 6:42:49 PM webapp.storage.AbstractStorage save
INFO: &amp#27;[32mSave 33665b6b-e3a4-4d89-aa32-d202b78567c3(uuid1303)
сент. 19, 2025 6:42:49 PM webapp.storage.AbstractStorage save
INFO: &amp#27;[32mSave eb6f008e-568e-4a07-868b-3a1eeeddc795(uuid1304)
сент. 19, 2025 6:42:49 PM webapp.storage.AbstractStorage save
INFO: &amp#27;[32mSave 0f6ccb0a-1523-4aa6-a4f2-b2b2f961b575(uuid1305)
сент. 19, 2025 6:42:49 PM webapp.storage.AbstractStorage save
INFO: &amp#27;[32mSave 7f49c9ef-f40b-49a9-93e1-cbf4b904ccd8(uuid1306)
сент. 19, 2025 6:42:49 PM webapp.storage.AbstractStorage save
INFO: &amp#27;[32mSave 0d04081c-96f4-4eb9-9040-ebc02a2b33cd(uuid1307)
сент. 19, 2025 6:42:49 PM webapp.storage.AbstractStorage save
INFO: &amp#27;[32mSave e13acad6-d866-47e2-a778-843de2d1981c(uuid1308)
сент. 19, 2025 6:42:49 PM webapp.storage.AbstractStorage save
INFO: &amp#27;[32mSave eafecca3-469f-4cab-86e3-7c2ac78a7ee3(uuid1309)
сент. 19, 2025 6:42:49 PM webapp.storage.AbstractStorage save
INFO: &amp#27;[32mSave 94b0084a-4c61-4ff0-af5d-6501fc68fc46(uuid1310)
сент. 19, 2025 6:42:49 PM webapp.storage.AbstractStorage save
INFO: &amp#27;[32mSave 6bc2900d-29f1-4c22-bf67-8ec3ec511c39(uuid1311)
сент. 19, 2025 6:42:49 PM webapp.storage.AbstractStorage save
INFO: &amp#27;[32mSave 08f8a3d7-1eeb-4ff1-ba03-f8d73dcb7909(uuid1312)
сент. 19, 2025 6:42:49 PM webapp.storage.AbstractStorage save
INFO: &amp#27;[32mSave 828091ba-ca53-4765-b9bc-3a9cec0583cb(uuid1313)
сент. 19, 2025 6:42:49 PM webapp.storage.AbstractStorage save
INFO: &amp#27;[32mSave ec11e673-c5dd-4b28-bfad-561bbe4c607f(uuid1314)
сент. 19, 2025 6:42:49 PM webapp.storage.AbstractStorage save
INFO: &amp#27;[32mSave dce343d5-0d42-465f-bf3e-4604509d570d(uuid1315)
сент. 19, 2025 6:42:49 PM webapp.storage.AbstractStorage save
INFO: &amp#27;[32mSave 3ce6598a-11d2-4b3a-8e3b-b79af3f0e0e6(uuid1316)
сент. 19, 2025 6:42:49 PM webapp.storage.AbstractStorage save
INFO: &amp#27;[32mSave 9e66fae8-a000-4f72-8751-9eb8d40b61e9(uuid1317)
сент. 19, 2025 6:42:49 PM webapp.storage.AbstractStorage save
INFO: &amp#27;[32mSave a6f3d72e-c9cb-473c-a962-62697212bc56(uuid1318)
сент. 19, 2025 6:42:49 PM webapp.storage.AbstractStorage save
INFO: &amp#27;[32mSave 9eb46924-3f1b-4dda-b370-2e69bdcac391(uuid1319)
сент. 19, 2025 6:42:49 PM webapp.storage.AbstractStorage save
INFO: &amp#27;[32mSave 08a1699f-dc9b-4783-96a3-9d538204451d(uuid1320)
сент. 19, 2025 6:42:49 PM webapp.storage.AbstractStorage save
INFO: &amp#27;[32mSave d729e49b-4f20-4b0a-bf2f-d6cef9e19404(uuid1321)
сент. 19, 2025 6:42:49 PM webapp.storage.AbstractStorage save
INFO: &amp#27;[32mSave fa1433a1-6055-4711-a0b2-f3f8f6a7ba0b(uuid1322)
сент. 19, 2025 6:42:49 PM webapp.storage.AbstractStorage save
INFO: &amp#27;[32mSave efeee420-4893-46ff-a6d1-4af17412e68f(uuid1323)
сент. 19, 2025 6:42:49 PM webapp.storage.AbstractStorage save
INFO: &amp#27;[32mSave af13ce72-1b28-4748-8a7e-cd8450cffe84(uuid1324)
сент. 19, 2025 6:42:49 PM webapp.storage.AbstractStorage save
INFO: &amp#27;[32mSave c3f7af96-b732-4bb9-94bf-ea92f5395eeb(uuid1325)
сент. 19, 2025 6:42:49 PM webapp.storage.AbstractStorage save
INFO: &amp#27;[32mSave aa100291-e14f-40c1-8868-913431f91a64(uuid1326)
сент. 19, 2025 6:42:49 PM webapp.storage.AbstractStorage save
INFO: &amp#27;[32mSave 0612bd14-a5d6-4d73-bfb4-009c6a315de8(uuid1327)
сент. 19, 2025 6:42:49 PM webapp.storage.AbstractStorage save
INFO: &amp#27;[32mSave f4884714-c49c-4ea4-a0ed-426dfd3536c9(uuid1328)
сент. 19, 2025 6:42:49 PM webapp.storage.AbstractStorage save
INFO: &amp#27;[32mSave 7dadfbcb-1c4f-4e0b-9e88-b82f327667f0(uuid1329)
сент. 19, 2025 6:42:49 PM webapp.storage.AbstractStorage save
INFO: &amp#27;[32mSave e2513de5-c17a-4df8-b2a2-e321c783697c(uuid1330)
сент. 19, 2025 6:42:49 PM webapp.storage.AbstractStorage save
INFO: &amp#27;[32mSave 8f54f227-5356-406d-a4a3-ef0881739f5e(uuid1331)
сент. 19, 2025 6:42:49 PM webapp.storage.AbstractStorage save
INFO: &amp#27;[32mSave 3b9aff95-2341-4321-9b68-7a5bf1f0b8f2(uuid1332)
сент. 19, 2025 6:42:49 PM webapp.storage.AbstractStorage save
INFO: &amp#27;[32mSave 9180a30e-428b-4de7-9e5c-c7a6b3a6b8ff(uuid1333)
сент. 19, 2025 6:42:49 PM webapp.storage.AbstractStorage save
INFO: &amp#27;[32mSave cbe2bc6f-4ee7-4e79-a279-4d4bf2a5ec60(uuid1334)
сент. 19, 2025 6:42:49 PM webapp.storage.AbstractStorage save
INFO: &amp#27;[32mSave cdb679ef-c303-47ba-b424-174af4443fd3(uuid1335)
сент. 19, 2025 6:42:49 PM webapp.storage.AbstractStorage save
INFO: &amp#27;[32mSave 8974bc33-b19b-4ce3-ad3e-de1bd53319cc(uuid1336)
сент. 19, 2025 6:42:49 PM webapp.storage.AbstractStorage save
INFO: &amp#27;[32mSave 787129ff-1fbb-455a-b1af-50a3ed0a8f5c(uuid1337)
сент. 19, 2025 6:42:49 PM webapp.storage.AbstractStorage save
INFO: &amp#27;[32mSave 89bcff21-8968-4e68-b7a1-a1803a28653a(uuid1338)
сент. 19, 2025 6:42:49 PM webapp.storage.AbstractStorage save
INFO: &amp#27;[32mSave 04aad15b-9f20-4f71-b77a-ed61e3b6c4d0(uuid1339)
сент. 19, 2025 6:42:49 PM webapp.storage.AbstractStorage save
INFO: &amp#27;[32mSave 570fa5e1-1807-40cd-b253-98a393266a10(uuid1340)
сент. 19, 2025 6:42:49 PM webapp.storage.AbstractStorage save
INFO: &amp#27;[32mSave fe745f8b-9ca8-40a5-8f03-ce348d0c85b4(uuid1341)
сент. 19, 2025 6:42:49 PM webapp.storage.AbstractStorage save
INFO: &amp#27;[32mSave 090e113d-060d-4b8f-962b-6271fcda94dc(uuid1342)
сент. 19, 2025 6:42:49 PM webapp.storage.AbstractStorage save
INFO: &amp#27;[32mSave d8884c29-b3c5-40e3-9e6c-b74b7308cb28(uuid1343)
сент. 19, 2025 6:42:49 PM webapp.storage.AbstractStorage save
INFO: &amp#27;[32mSave 38cabd92-9954-4735-8fa1-c137e3840a19(uuid1344)
сент. 19, 2025 6:42:49 PM webapp.storage.AbstractStorage save
INFO: &amp#27;[32mSave 9e005fcf-3204-48d4-acf1-fcebfc36cdd0(uuid1345)
сент. 19, 2025 6:42:49 PM webapp.storage.AbstractStorage save
INFO: &amp#27;[32mSave b6aa94a4-8216-4759-a745-30b45b10cdec(uuid1346)
сент. 19, 2025 6:42:49 PM webapp.storage.AbstractStorage save
INFO: &amp#27;[32mSave 7da13014-ddfc-4423-bc8d-88724a1a4a9e(uuid1347)
сент. 19, 2025 6:42:49 PM webapp.storage.AbstractStorage save
INFO: &amp#27;[32mSave 6a4e3640-40a7-4699-aaf5-978a64f4586e(uuid1348)
сент. 19, 2025 6:42:49 PM webapp.storage.AbstractStorage save
INFO: &amp#27;[32mSave 172ec482-8ef7-48a3-b05d-7b2beb1a5b67(uuid1349)
сент. 19, 2025 6:42:49 PM webapp.storage.AbstractStorage save
INFO: &amp#27;[32mSave d8328120-6bb3-44ee-b9ea-fd689dbe312d(uuid1350)
сент. 19, 2025 6:42:49 PM webapp.storage.AbstractStorage save
INFO: &amp#27;[32mSave ac4ef993-9906-4998-a6a0-737ddeec717b(uuid1351)
сент. 19, 2025 6:42:49 PM webapp.storage.AbstractStorage save
INFO: &amp#27;[32mSave a9e23ea0-0d9a-4aac-9874-788447eb38e6(uuid1352)
сент. 19, 2025 6:42:49 PM webapp.storage.AbstractStorage save
INFO: &amp#27;[32mSave 3419a61d-5417-4169-8ace-3bf8d137fe00(uuid1353)
сент. 19, 2025 6:42:49 PM webapp.storage.AbstractStorage save
INFO: &amp#27;[32mSave 3ac28857-9ea4-4d57-989b-840698a6879d(uuid1354)
сент. 19, 2025 6:42:49 PM webapp.storage.AbstractStorage save
INFO: &amp#27;[32mSave a48f186d-86f8-4e02-baa0-ab6d1325ea03(uuid1355)
сент. 19, 2025 6:42:49 PM webapp.storage.AbstractStorage save
INFO: &amp#27;[32mSave 0059453d-7936-4aed-b0da-b998f7fee90a(uuid1356)
сент. 19, 2025 6:42:49 PM webapp.storage.AbstractStorage save
INFO: &amp#27;[32mSave 14e79f53-fb66-455a-8219-a93532f5f820(uuid1357)
сент. 19, 2025 6:42:49 PM webapp.storage.AbstractStorage save
INFO: &amp#27;[32mSave ddb1ca58-913f-4084-bf06-a716bffa8647(uuid1358)
сент. 19, 2025 6:42:49 PM webapp.storage.AbstractStorage save
INFO: &amp#27;[32mSave bc6a87bb-3e27-4d06-a875-f605a4b7a8bd(uuid1359)
сент. 19, 2025 6:42:49 PM webapp.storage.AbstractStorage save
INFO: &amp#27;[32mSave 79d52303-5cba-481d-82b1-c61a3084bee4(uuid1360)
сент. 19, 2025 6:42:49 PM webapp.storage.AbstractStorage save
INFO: &amp#27;[32mSave dd8fbc27-f670-4799-8f56-744deebe7426(uuid1361)
сент. 19, 2025 6:42:49 PM webapp.storage.AbstractStorage save
INFO: &amp#27;[32mSave 0d7eef64-d56f-47f2-aa47-b7f0e06920a5(uuid1362)
сент. 19, 2025 6:42:49 PM webapp.storage.AbstractStorage save
INFO: &amp#27;[32mSave 9322ca9e-c1ce-4526-8ba1-a95a730493b5(uuid1363)
сент. 19, 2025 6:42:49 PM webapp.storage.AbstractStorage save
INFO: &amp#27;[32mSave a1b754c0-2e5c-44ce-89d7-ded1ab99ae84(uuid1364)
сент. 19, 2025 6:42:49 PM webapp.storage.AbstractStorage save
INFO: &amp#27;[32mSave 482905a3-b145-42dc-9b76-70366dc17e02(uuid1365)
сент. 19, 2025 6:42:49 PM webapp.storage.AbstractStorage save
INFO: &amp#27;[32mSave 19ea9e5d-3137-4f71-a403-f3a1790ae758(uuid1366)
сент. 19, 2025 6:42:49 PM webapp.storage.AbstractStorage save
INFO: &amp#27;[32mSave 2d503f34-3d44-4d45-8d56-b7eb7c236dde(uuid1367)
сент. 19, 2025 6:42:49 PM webapp.storage.AbstractStorage save
INFO: &amp#27;[32mSave 9497afd5-5c0c-4401-89b1-cad0ab06706a(uuid1368)
сент. 19, 2025 6:42:49 PM webapp.storage.AbstractStorage save
INFO: &amp#27;[32mSave 7e67b1ff-1f0a-4d13-9d21-4a07d43e15e5(uuid1369)
сент. 19, 2025 6:42:49 PM webapp.storage.AbstractStorage save
INFO: &amp#27;[32mSave 7953efe6-010d-44f4-b550-e6f31280d88a(uuid1370)
сент. 19, 2025 6:42:49 PM webapp.storage.AbstractStorage save
INFO: &amp#27;[32mSave 93064505-5d6c-44dc-a47f-5d2cfe6d31f2(uuid1371)
сент. 19, 2025 6:42:49 PM webapp.storage.AbstractStorage save
INFO: &amp#27;[32mSave b0427373-fee7-4fa2-8ab5-0846b6f8e7ac(uuid1372)
сент. 19, 2025 6:42:49 PM webapp.storage.AbstractStorage save
INFO: &amp#27;[32mSave 9617cdaa-5ff6-4b93-8ecd-d8241636f9c5(uuid1373)
сент. 19, 2025 6:42:49 PM webapp.storage.AbstractStorage save
INFO: &amp#27;[32mSave 1dfa9862-efca-417d-bb7f-88fa7a7aa897(uuid1374)
сент. 19, 2025 6:42:49 PM webapp.storage.AbstractStorage save
INFO: &amp#27;[32mSave acf24547-21b9-453e-8f82-652e547f4a55(uuid1375)
сент. 19, 2025 6:42:49 PM webapp.storage.AbstractStorage save
INFO: &amp#27;[32mSave f7385423-41c7-44ec-998d-058058e3a275(uuid1376)
сент. 19, 2025 6:42:49 PM webapp.storage.AbstractStorage save
INFO: &amp#27;[32mSave b41b9aa2-cace-4497-9fe5-ff9a7819d00b(uuid1377)
сент. 19, 2025 6:42:49 PM webapp.storage.AbstractStorage save
INFO: &amp#27;[32mSave 53fcc500-2f81-473e-95ca-db518f0347cf(uuid1378)
сент. 19, 2025 6:42:49 PM webapp.storage.AbstractStorage save
INFO: &amp#27;[32mSave 5adccd09-573f-4e91-8e1a-f80f5f255c13(uuid1379)
сент. 19, 2025 6:42:49 PM webapp.storage.AbstractStorage save
INFO: &amp#27;[32mSave d8a10c28-4e45-4564-92a2-0543990366c1(uuid1380)
сент. 19, 2025 6:42:49 PM webapp.storage.AbstractStorage save
INFO: &amp#27;[32mSave c0dac895-a3db-431c-91e3-9b8ae85c5efb(uuid1381)
сент. 19, 2025 6:42:49 PM webapp.storage.AbstractStorage save
INFO: &amp#27;[32mSave 0f665103-6478-4df2-9428-3f06bf81bdab(uuid1382)
сент. 19, 2025 6:42:49 PM webapp.storage.AbstractStorage save
INFO: &amp#27;[32mSave 96e8740d-9c99-4246-95fa-a2e999255b33(uuid1383)
сент. 19, 2025 6:42:49 PM webapp.storage.AbstractStorage save
INFO: &amp#27;[32mSave c680a365-1287-40f3-88d9-1abc20fb9b11(uuid1384)
сент. 19, 2025 6:42:49 PM webapp.storage.AbstractStorage save
INFO: &amp#27;[32mSave 7ccdd8e4-18ce-4c03-b33d-cff29c1a65a8(uuid1385)
сент. 19, 2025 6:42:49 PM webapp.storage.AbstractStorage save
INFO: &amp#27;[32mSave bb8f136d-1b43-430a-a1d4-5c7d9e1319d5(uuid1386)
сент. 19, 2025 6:42:49 PM webapp.storage.AbstractStorage save
INFO: &amp#27;[32mSave ce0fe9bb-4f29-4b22-a2f5-cd91d9974f2e(uuid1387)
сент. 19, 2025 6:42:49 PM webapp.storage.AbstractStorage save
INFO: &amp#27;[32mSave 8961b1c5-1135-4086-bfec-d0eccd485c65(uuid1388)
сент. 19, 2025 6:42:49 PM webapp.storage.AbstractStorage save
INFO: &amp#27;[32mSave 91a6d60b-83a7-4693-8c31-0497a5df9131(uuid1389)
сент. 19, 2025 6:42:49 PM webapp.storage.AbstractStorage save
INFO: &amp#27;[32mSave 3ca73d21-90a0-4dba-9c83-a067ab62d245(uuid1390)
сент. 19, 2025 6:42:49 PM webapp.storage.AbstractStorage save
INFO: &amp#27;[32mSave 99262a79-2e1d-4285-9efa-69ef78aac011(uuid1391)
сент. 19, 2025 6:42:49 PM webapp.storage.AbstractStorage save
INFO: &amp#27;[32mSave 346fbaf0-5df5-42db-91bc-a3b4c36bbacb(uuid1392)
сент. 19, 2025 6:42:49 PM webapp.storage.AbstractStorage save
INFO: &amp#27;[32mSave b5013ddd-cf42-486c-a05e-3176fe3dd491(uuid1393)
сент. 19, 2025 6:42:49 PM webapp.storage.AbstractStorage save
INFO: &amp#27;[32mSave bca8031b-013e-453c-95ec-aa686f926b50(uuid1394)
сент. 19, 2025 6:42:49 PM webapp.storage.AbstractStorage save
INFO: &amp#27;[32mSave a8fe65fe-9d50-40e9-9ed4-5b9eff2b6370(uuid1395)
сент. 19, 2025 6:42:49 PM webapp.storage.AbstractStorage save
INFO: &amp#27;[32mSave 58c4d3ff-c021-4ae0-aa46-00e1db14fd48(uuid1396)
сент. 19, 2025 6:42:49 PM webapp.storage.AbstractStorage save
INFO: &amp#27;[32mSave 8b4f7d8d-cc69-449c-8e82-e4eb7eb665fe(uuid1397)
сент. 19, 2025 6:42:49 PM webapp.storage.AbstractStorage save
INFO: &amp#27;[32mSave 85185c45-b13f-486b-b419-afb87d8bf787(uuid1398)
сент. 19, 2025 6:42:49 PM webapp.storage.AbstractStorage save
INFO: &amp#27;[32mSave edb652d1-c658-482f-a35c-30520cb7100b(uuid1399)
сент. 19, 2025 6:42:49 PM webapp.storage.AbstractStorage save
INFO: &amp#27;[32mSave 5a43d4df-e8e3-4377-bdb7-ba218f8b582c(uuid1400)
сент. 19, 2025 6:42:49 PM webapp.storage.AbstractStorage save
INFO: &amp#27;[32mSave 69c46276-e0d7-4617-acaa-1e58c86f41ae(uuid1401)
сент. 19, 2025 6:42:49 PM webapp.storage.AbstractStorage save
INFO: &amp#27;[32mSave dc4c7b28-ceed-413e-bfe3-dee2b4f89d66(uuid1402)
сент. 19, 2025 6:42:49 PM webapp.storage.AbstractStorage save
INFO: &amp#27;[32mSave 1fb4d4a1-a425-46b6-89a9-9d3be9b61f21(uuid1403)
сент. 19, 2025 6:42:49 PM webapp.storage.AbstractStorage save
INFO: &amp#27;[32mSave dce6213d-d82c-4b56-863f-7dc9cb28d457(uuid1404)
сент. 19, 2025 6:42:49 PM webapp.storage.AbstractStorage save
INFO: &amp#27;[32mSave 5d538c3d-39c3-4290-bcfc-8624021cb80a(uuid1405)
сент. 19, 2025 6:42:49 PM webapp.storage.AbstractStorage save
INFO: &amp#27;[32mSave b1ecd4e8-6aae-4cb2-a0de-8699b3bba2c4(uuid1406)
сент. 19, 2025 6:42:49 PM webapp.storage.AbstractStorage save
INFO: &amp#27;[32mSave b1b683d4-c8ef-4b17-94c7-51a81b965a53(uuid1407)
сент. 19, 2025 6:42:49 PM webapp.storage.AbstractStorage save
INFO: &amp#27;[32mSave f1fd76e3-28f8-4a86-9a32-91d315d23469(uuid1408)
сент. 19, 2025 6:42:49 PM webapp.storage.AbstractStorage save
INFO: &amp#27;[32mSave c6c0c554-9a5c-4b7a-9824-b864c6d36ec8(uuid1409)
сент. 19, 2025 6:42:49 PM webapp.storage.AbstractStorage save
INFO: &amp#27;[32mSave 8cbd3e52-b04f-415b-84c9-ae13727eaa1a(uuid1410)
сент. 19, 2025 6:42:49 PM webapp.storage.AbstractStorage save
INFO: &amp#27;[32mSave 199402dd-f0dc-4e55-84de-b1e061747d16(uuid1411)
сент. 19, 2025 6:42:49 PM webapp.storage.AbstractStorage save
INFO: &amp#27;[32mSave c188824a-edfa-4037-bd64-1ec8d1ef4326(uuid1412)
сент. 19, 2025 6:42:49 PM webapp.storage.AbstractStorage save
INFO: &amp#27;[32mSave b0f4df52-14cb-4534-88e0-808109adb3bb(uuid1413)
сент. 19, 2025 6:42:49 PM webapp.storage.AbstractStorage save
INFO: &amp#27;[32mSave a7f66ee2-66d7-4772-8364-9015a0bf9a60(uuid1414)
сент. 19, 2025 6:42:49 PM webapp.storage.AbstractStorage save
INFO: &amp#27;[32mSave 321b8c4c-931c-4f16-98ec-a4e82a433818(uuid1415)
сент. 19, 2025 6:42:49 PM webapp.storage.AbstractStorage save
INFO: &amp#27;[32mSave 0fb3bc6c-bfad-4d19-8f55-ee60f89df9c5(uuid1416)
сент. 19, 2025 6:42:49 PM webapp.storage.AbstractStorage save
INFO: &amp#27;[32mSave 540434c4-6f20-48bf-9fec-95d275e69dcf(uuid1417)
сент. 19, 2025 6:42:49 PM webapp.storage.AbstractStorage save
INFO: &amp#27;[32mSave 6c9c3816-842b-445a-98d5-abf1df674983(uuid1418)
сент. 19, 2025 6:42:49 PM webapp.storage.AbstractStorage save
INFO: &amp#27;[32mSave fff91004-6e1f-49a7-a951-e680e948d96f(uuid1419)
сент. 19, 2025 6:42:49 PM webapp.storage.AbstractStorage save
INFO: &amp#27;[32mSave b678f700-7c11-443e-96d3-838019c10318(uuid1420)
сент. 19, 2025 6:42:49 PM webapp.storage.AbstractStorage save
INFO: &amp#27;[32mSave 84d17a2f-f291-4f14-aceb-56d5e9589173(uuid1421)
сент. 19, 2025 6:42:49 PM webapp.storage.AbstractStorage save
INFO: &amp#27;[32mSave c5c9fbe2-7d05-43df-8671-774ab316f4c4(uuid1422)
сент. 19, 2025 6:42:49 PM webapp.storage.AbstractStorage save
INFO: &amp#27;[32mSave d46c8a6f-c836-4280-99dc-e08bd75a828b(uuid1423)
сент. 19, 2025 6:42:49 PM webapp.storage.AbstractStorage save
INFO: &amp#27;[32mSave c556934c-5a8d-4aac-a9a5-caf6a2633a9a(uuid1424)
сент. 19, 2025 6:42:49 PM webapp.storage.AbstractStorage save
INFO: &amp#27;[32mSave f9e17104-a86d-4315-a2b7-ac13114cc36c(uuid1425)
сент. 19, 2025 6:42:49 PM webapp.storage.AbstractStorage save
INFO: &amp#27;[32mSave ae1d5cc9-f32a-4978-9086-191d4f433c38(uuid1426)
сент. 19, 2025 6:42:49 PM webapp.storage.AbstractStorage save
INFO: &amp#27;[32mSave 6b4120a9-f6f6-4a80-a5ec-104db5084653(uuid1427)
сент. 19, 2025 6:42:49 PM webapp.storage.AbstractStorage save
INFO: &amp#27;[32mSave ece24165-c557-41cd-976a-9659861eaac2(uuid1428)
сент. 19, 2025 6:42:49 PM webapp.storage.AbstractStorage save
INFO: &amp#27;[32mSave b521474c-f4ce-4b41-bc10-c2a5ae4d6007(uuid1429)
сент. 19, 2025 6:42:49 PM webapp.storage.AbstractStorage save
INFO: &amp#27;[32mSave 343f4b05-6c46-4081-b9cd-974b74cb92ba(uuid1430)
сент. 19, 2025 6:42:49 PM webapp.storage.AbstractStorage save
INFO: &amp#27;[32mSave d088a5b8-e9cc-4d41-922c-3779408d1e51(uuid1431)
сент. 19, 2025 6:42:49 PM webapp.storage.AbstractStorage save
INFO: &amp#27;[32mSave 9d17142a-ed9c-4c80-aae9-612f49891b8e(uuid1432)
сент. 19, 2025 6:42:49 PM webapp.storage.AbstractStorage save
INFO: &amp#27;[32mSave 327034b3-ac4a-4d86-99ee-ae30e1704263(uuid1433)
сент. 19, 2025 6:42:49 PM webapp.storage.AbstractStorage save
INFO: &amp#27;[32mSave 08e80cad-8dd3-485e-ac24-8a0360bfbb3b(uuid1434)
сент. 19, 2025 6:42:49 PM webapp.storage.AbstractStorage save
INFO: &amp#27;[32mSave 244af5d4-ca2c-4981-a473-b2058ebf4317(uuid1435)
сент. 19, 2025 6:42:49 PM webapp.storage.AbstractStorage save
INFO: &amp#27;[32mSave 1ac81fbe-1a3a-48c8-81d3-2f73f1893560(uuid1436)
сент. 19, 2025 6:42:49 PM webapp.storage.AbstractStorage save
INFO: &amp#27;[32mSave 5fdab881-581c-442c-b698-bfc732ad878d(uuid1437)
сент. 19, 2025 6:42:49 PM webapp.storage.AbstractStorage save
INFO: &amp#27;[32mSave 2efc6858-9c78-41d7-880d-796cf0ff908c(uuid1438)
сент. 19, 2025 6:42:49 PM webapp.storage.AbstractStorage save
INFO: &amp#27;[32mSave 6dc5331a-8c89-4b5a-9ff0-1c459bd9cc1d(uuid1439)
сент. 19, 2025 6:42:49 PM webapp.storage.AbstractStorage save
INFO: &amp#27;[32mSave 2bd10b31-783a-4048-a119-7cb7b5bfa695(uuid1440)
сент. 19, 2025 6:42:49 PM webapp.storage.AbstractStorage save
INFO: &amp#27;[32mSave 95c357e3-291f-4147-9b1b-fea6c5a86fe9(uuid1441)
сент. 19, 2025 6:42:49 PM webapp.storage.AbstractStorage save
INFO: &amp#27;[32mSave 31e9a321-4713-4661-ba59-95f964a7e4df(uuid1442)
сент. 19, 2025 6:42:49 PM webapp.storage.AbstractStorage save
INFO: &amp#27;[32mSave 7ebaa766-3238-44e8-8a2f-c62da69da040(uuid1443)
сент. 19, 2025 6:42:49 PM webapp.storage.AbstractStorage save
INFO: &amp#27;[32mSave cb718c47-8eea-4906-8b94-d27ae32270bd(uuid1444)
сент. 19, 2025 6:42:49 PM webapp.storage.AbstractStorage save
INFO: &amp#27;[32mSave c2a34d08-80e0-4276-bdd9-12e3486821f9(uuid1445)
сент. 19, 2025 6:42:49 PM webapp.storage.AbstractStorage save
INFO: &amp#27;[32mSave 6815aee1-30a9-4eb5-8bed-4659921d9b62(uuid1446)
сент. 19, 2025 6:42:49 PM webapp.storage.AbstractStorage save
INFO: &amp#27;[32mSave a3870a86-c593-4027-b6dd-af522410d8f1(uuid1447)
сент. 19, 2025 6:42:49 PM webapp.storage.AbstractStorage save
INFO: &amp#27;[32mSave ca46d676-a143-41e1-b897-5a86113ab649(uuid1448)
сент. 19, 2025 6:42:49 PM webapp.storage.AbstractStorage save
INFO: &amp#27;[32mSave 3896b9ac-9c65-441d-982f-c0b21cb4e269(uuid1449)
сент. 19, 2025 6:42:49 PM webapp.storage.AbstractStorage save
INFO: &amp#27;[32mSave 9d723c81-4dba-477c-afe1-3b6ef6aebc91(uuid1450)
сент. 19, 2025 6:42:49 PM webapp.storage.AbstractStorage save
INFO: &amp#27;[32mSave 6bd6fc61-bd54-41c2-9d81-80d2016a53b6(uuid1451)
сент. 19, 2025 6:42:49 PM webapp.storage.AbstractStorage save
INFO: &amp#27;[32mSave d1bac3f9-a55f-44b4-9b94-91f95b50edf3(uuid1452)
сент. 19, 2025 6:42:49 PM webapp.storage.AbstractStorage save
INFO: &amp#27;[32mSave c65100eb-8c83-4c8c-ba83-1cebc761d1f8(uuid1453)
сент. 19, 2025 6:42:49 PM webapp.storage.AbstractStorage save
INFO: &amp#27;[32mSave 1feaced2-1674-43a1-bfec-c55c3c44b0b8(uuid1454)
сент. 19, 2025 6:42:49 PM webapp.storage.AbstractStorage save
INFO: &amp#27;[32mSave bc6a8527-c03c-450a-a83e-0988ed66fa57(uuid1455)
сент. 19, 2025 6:42:49 PM webapp.storage.AbstractStorage save
INFO: &amp#27;[32mSave 7e9ab4d3-c786-4291-9813-3e591af0c39b(uuid1456)
сент. 19, 2025 6:42:49 PM webapp.storage.AbstractStorage save
INFO: &amp#27;[32mSave 238801ee-86c4-4cda-973f-4e0cc56804f3(uuid1457)
сент. 19, 2025 6:42:49 PM webapp.storage.AbstractStorage save
INFO: &amp#27;[32mSave f9645978-e273-4b70-949a-261aaff90c18(uuid1458)
сент. 19, 2025 6:42:49 PM webapp.storage.AbstractStorage save
INFO: &amp#27;[32mSave b39dab42-aeff-4a68-94cc-08ea964beb89(uuid1459)
сент. 19, 2025 6:42:49 PM webapp.storage.AbstractStorage save
INFO: &amp#27;[32mSave d3189b03-0129-4fc1-b2f1-221c2078d9b2(uuid1460)
сент. 19, 2025 6:42:49 PM webapp.storage.AbstractStorage save
INFO: &amp#27;[32mSave ac7e7448-87bd-4e4f-a989-255a6c02958b(uuid1461)
сент. 19, 2025 6:42:49 PM webapp.storage.AbstractStorage save
INFO: &amp#27;[32mSave 80e4d2f7-653f-4e15-9bfd-8e99229ee476(uuid1462)
сент. 19, 2025 6:42:49 PM webapp.storage.AbstractStorage save
INFO: &amp#27;[32mSave e7128af9-282c-4102-a97e-1ae5cd18d0d7(uuid1463)
сент. 19, 2025 6:42:49 PM webapp.storage.AbstractStorage save
INFO: &amp#27;[32mSave ebf99c15-fbfe-4d60-a6be-ec18d04c46b6(uuid1464)
сент. 19, 2025 6:42:49 PM webapp.storage.AbstractStorage save
INFO: &amp#27;[32mSave 56d4d443-bd9e-4c80-af6d-3e7948a83947(uuid1465)
сент. 19, 2025 6:42:49 PM webapp.storage.AbstractStorage save
INFO: &amp#27;[32mSave 06eb2c24-bc99-4b4b-8b10-c0d0c2a1347f(uuid1466)
сент. 19, 2025 6:42:49 PM webapp.storage.AbstractStorage save
INFO: &amp#27;[32mSave 776224a6-30c0-435d-abe0-63a51634dcf4(uuid1467)
сент. 19, 2025 6:42:49 PM webapp.storage.AbstractStorage save
INFO: &amp#27;[32mSave 76243c03-4c17-4c92-8c5a-b2a98c8db471(uuid1468)
сент. 19, 2025 6:42:49 PM webapp.storage.AbstractStorage save
INFO: &amp#27;[32mSave f5ae727b-a1fe-45a4-a0c2-1d324f863228(uuid1469)
сент. 19, 2025 6:42:49 PM webapp.storage.AbstractStorage save
INFO: &amp#27;[32mSave 655e5431-d518-4ba5-81fa-0551ce7bc6d6(uuid1470)
сент. 19, 2025 6:42:49 PM webapp.storage.AbstractStorage save
INFO: &amp#27;[32mSave d0b145af-f99d-4f73-a2ae-8f7e536580f3(uuid1471)
сент. 19, 2025 6:42:49 PM webapp.storage.AbstractStorage save
INFO: &amp#27;[32mSave b80b9408-a27d-4e53-8f8b-4b0074238a1e(uuid1472)
сент. 19, 2025 6:42:49 PM webapp.storage.AbstractStorage save
INFO: &amp#27;[32mSave afa20980-1356-4231-bb1f-8110059d8dba(uuid1473)
сент. 19, 2025 6:42:49 PM webapp.storage.AbstractStorage save
INFO: &amp#27;[32mSave 3bc0c242-cf57-4783-a209-e48c32815d31(uuid1474)
сент. 19, 2025 6:42:49 PM webapp.storage.AbstractStorage save
INFO: &amp#27;[32mSave 55e070f0-b49f-4cb6-bbc7-f97e44e25895(uuid1475)
сент. 19, 2025 6:42:49 PM webapp.storage.AbstractStorage save
INFO: &amp#27;[32mSave 93e06891-606f-4f15-9ae9-63320c668adf(uuid1476)
сент. 19, 2025 6:42:49 PM webapp.storage.AbstractStorage save
INFO: &amp#27;[32mSave 2203f21c-6d68-4b84-ac41-8f06f987e910(uuid1477)
сент. 19, 2025 6:42:49 PM webapp.storage.AbstractStorage save
INFO: &amp#27;[32mSave 4c7a0370-644f-4db2-818c-7dbb38fc31e1(uuid1478)
сент. 19, 2025 6:42:49 PM webapp.storage.AbstractStorage save
INFO: &amp#27;[32mSave ed50569b-cbaa-4407-851f-def670d8e9dd(uuid1479)
сент. 19, 2025 6:42:49 PM webapp.storage.AbstractStorage save
INFO: &amp#27;[32mSave 788436f7-5da4-414b-b1a8-a657c405a60c(uuid1480)
сент. 19, 2025 6:42:49 PM webapp.storage.AbstractStorage save
INFO: &amp#27;[32mSave 7bc8aa0b-e594-40b8-a84f-529e837888be(uuid1481)
сент. 19, 2025 6:42:49 PM webapp.storage.AbstractStorage save
INFO: &amp#27;[32mSave c86fa0b5-cf80-41b0-ad5e-4b02f87801d5(uuid1482)
сент. 19, 2025 6:42:49 PM webapp.storage.AbstractStorage save
INFO: &amp#27;[32mSave 509b8fa9-0f84-4dae-84b6-78c4b218621c(uuid1483)
сент. 19, 2025 6:42:49 PM webapp.storage.AbstractStorage save
INFO: &amp#27;[32mSave 0994c4ef-8200-457e-82e2-2e7b4efc5e6e(uuid1484)
сент. 19, 2025 6:42:49 PM webapp.storage.AbstractStorage save
INFO: &amp#27;[32mSave be606a29-fb72-4873-9946-6cbda09e0c60(uuid1485)
сент. 19, 2025 6:42:49 PM webapp.storage.AbstractStorage save
INFO: &amp#27;[32mSave 2718756c-1214-48d3-99f7-293b669f8e2d(uuid1486)
сент. 19, 2025 6:42:49 PM webapp.storage.AbstractStorage save
INFO: &amp#27;[32mSave 8afc9566-7057-4734-b1e6-633737b2b431(uuid1487)
сент. 19, 2025 6:42:49 PM webapp.storage.AbstractStorage save
INFO: &amp#27;[32mSave 1b5d2c16-44d6-4edc-8f66-0dc063425575(uuid1488)
сент. 19, 2025 6:42:49 PM webapp.storage.AbstractStorage save
INFO: &amp#27;[32mSave 4b04eb78-e59e-4cf4-b87d-c0417ffe6285(uuid1489)
сент. 19, 2025 6:42:49 PM webapp.storage.AbstractStorage save
INFO: &amp#27;[32mSave 8601ca9e-01d2-4372-88fb-d5247e51fadf(uuid1490)
сент. 19, 2025 6:42:49 PM webapp.storage.AbstractStorage save
INFO: &amp#27;[32mSave 30a21523-6815-4f0b-96fd-fc07709e1272(uuid1491)
сент. 19, 2025 6:42:49 PM webapp.storage.AbstractStorage save
INFO: &amp#27;[32mSave 9dee6ec6-4b56-49e4-95d5-4be7994877de(uuid1492)
сент. 19, 2025 6:42:49 PM webapp.storage.AbstractStorage save
INFO: &amp#27;[32mSave fe532bc8-76d3-40bd-abb6-627e8b2c7c42(uuid1493)
сент. 19, 2025 6:42:49 PM webapp.storage.AbstractStorage save
INFO: &amp#27;[32mSave dea5c7c8-0c20-4a47-adef-0100c6e4abfc(uuid1494)
сент. 19, 2025 6:42:49 PM webapp.storage.AbstractStorage save
INFO: &amp#27;[32mSave d33127f4-6a3a-42e4-9725-c8e2fcb2bf39(uuid1495)
сент. 19, 2025 6:42:49 PM webapp.storage.AbstractStorage save
INFO: &amp#27;[32mSave 067cad52-19b0-4cfd-8508-1e82dcea13ca(uuid1496)
сент. 19, 2025 6:42:49 PM webapp.storage.AbstractStorage save
INFO: &amp#27;[32mSave d29358c7-496f-42ce-9cc0-b390e7f751aa(uuid1497)
сент. 19, 2025 6:42:49 PM webapp.storage.AbstractStorage save
INFO: &amp#27;[32mSave e510a160-9d7d-4083-8c22-800091ba37f7(uuid1498)
сент. 19, 2025 6:42:49 PM webapp.storage.AbstractStorage save
INFO: &amp#27;[32mSave 221c648c-1f2f-4d60-8472-8e2372d78a36(uuid1499)
сент. 19, 2025 6:42:49 PM webapp.storage.AbstractStorage save
INFO: &amp#27;[32mSave 8f01c9ef-793b-4b62-8f50-d69d683e2374(uuid1500)
сент. 19, 2025 6:42:49 PM webapp.storage.AbstractStorage save
INFO: &amp#27;[32mSave 5e5e2a7c-4348-4836-9326-98e27e98fd5f(uuid1501)
сент. 19, 2025 6:42:49 PM webapp.storage.AbstractStorage save
INFO: &amp#27;[32mSave 40b2d00b-1c30-4236-94e5-6474677b3c5b(uuid1502)
сент. 19, 2025 6:42:49 PM webapp.storage.AbstractStorage save
INFO: &amp#27;[32mSave 203098dc-f540-4fcb-b838-082b633fbd26(uuid1503)
сент. 19, 2025 6:42:49 PM webapp.storage.AbstractStorage save
INFO: &amp#27;[32mSave 317031b1-d88d-4bfe-9876-7f38af8feb80(uuid1504)
сент. 19, 2025 6:42:49 PM webapp.storage.AbstractStorage save
INFO: &amp#27;[32mSave db7b7687-9168-464f-a6f1-7e1363b5d963(uuid1505)
сент. 19, 2025 6:42:49 PM webapp.storage.AbstractStorage save
INFO: &amp#27;[32mSave 40882833-4c91-4d55-9d64-51265a2275a6(uuid1506)
сент. 19, 2025 6:42:49 PM webapp.storage.AbstractStorage save
INFO: &amp#27;[32mSave 683ae0da-1fdf-41f5-b3a5-14c0020a340d(uuid1507)
сент. 19, 2025 6:42:49 PM webapp.storage.AbstractStorage save
INFO: &amp#27;[32mSave fe406aae-9972-47ba-b754-1b6421573388(uuid1508)
сент. 19, 2025 6:42:49 PM webapp.storage.AbstractStorage save
INFO: &amp#27;[32mSave 2d63596a-d43f-43a7-93ed-45fe2ccf27c7(uuid1509)
сент. 19, 2025 6:42:49 PM webapp.storage.AbstractStorage save
INFO: &amp#27;[32mSave d02e92bc-ef41-4915-bac7-0b6732efc134(uuid1510)
сент. 19, 2025 6:42:49 PM webapp.storage.AbstractStorage save
INFO: &amp#27;[32mSave 83c0b503-5e1d-4fda-84e4-2e56ce588971(uuid1511)
сент. 19, 2025 6:42:49 PM webapp.storage.AbstractStorage save
INFO: &amp#27;[32mSave 2f9c9a57-ed3b-4faa-9a96-aae2d9dba658(uuid1512)
сент. 19, 2025 6:42:49 PM webapp.storage.AbstractStorage save
INFO: &amp#27;[32mSave c40a25a8-a12a-4f11-8f95-6290bab48240(uuid1513)
сент. 19, 2025 6:42:49 PM webapp.storage.AbstractStorage save
INFO: &amp#27;[32mSave 3df56027-2401-4310-9e2d-2be23ce62561(uuid1514)
сент. 19, 2025 6:42:49 PM webapp.storage.AbstractStorage save
INFO: &amp#27;[32mSave 74c101a3-1d53-4efa-92a7-b44dbd096dfc(uuid1515)
сент. 19, 2025 6:42:49 PM webapp.storage.AbstractStorage save
INFO: &amp#27;[32mSave 0fb15dc5-6192-4599-9978-2162648b327e(uuid1516)
сент. 19, 2025 6:42:49 PM webapp.storage.AbstractStorage save
INFO: &amp#27;[32mSave 1f7269a2-27d7-4a31-851f-2b41b3db04fc(uuid1517)
сент. 19, 2025 6:42:49 PM webapp.storage.AbstractStorage save
INFO: &amp#27;[32mSave b3e6a10e-90ec-4641-810c-34d207b8c702(uuid1518)
сент. 19, 2025 6:42:49 PM webapp.storage.AbstractStorage save
INFO: &amp#27;[32mSave e11963cf-e0bb-4aeb-8548-6dc35536214c(uuid1519)
сент. 19, 2025 6:42:49 PM webapp.storage.AbstractStorage save
INFO: &amp#27;[32mSave 8accdfe7-ba44-4679-a449-07b3fdc1b059(uuid1520)
сент. 19, 2025 6:42:49 PM webapp.storage.AbstractStorage save
INFO: &amp#27;[32mSave d49df5f1-218f-4792-97a3-92bff0b576d6(uuid1521)
сент. 19, 2025 6:42:49 PM webapp.storage.AbstractStorage save
INFO: &amp#27;[32mSave 175e9e27-ec94-4a6e-b0aa-e3d66f33cde8(uuid1522)
сент. 19, 2025 6:42:49 PM webapp.storage.AbstractStorage save
INFO: &amp#27;[32mSave 3ff37f63-7af4-42ff-8118-45935a3848eb(uuid1523)
сент. 19, 2025 6:42:49 PM webapp.storage.AbstractStorage save
INFO: &amp#27;[32mSave d957a404-8d9d-42c5-97d7-5a3a08a98986(uuid1524)
сент. 19, 2025 6:42:49 PM webapp.storage.AbstractStorage save
INFO: &amp#27;[32mSave 11492a65-8a95-42c5-ae09-d91f88b32cff(uuid1525)
сент. 19, 2025 6:42:49 PM webapp.storage.AbstractStorage save
INFO: &amp#27;[32mSave 6d301caf-afd4-4e6d-981a-673fb5e17819(uuid1526)
сент. 19, 2025 6:42:49 PM webapp.storage.AbstractStorage save
INFO: &amp#27;[32mSave 48f81e57-afed-414e-9dc5-22064c8ecc66(uuid1527)
сент. 19, 2025 6:42:49 PM webapp.storage.AbstractStorage save
INFO: &amp#27;[32mSave 1c800cea-c2d3-456b-aefd-a8f1f606015f(uuid1528)
сент. 19, 2025 6:42:49 PM webapp.storage.AbstractStorage save
INFO: &amp#27;[32mSave a18b3188-5380-469e-92ec-5e3efcbef746(uuid1529)
сент. 19, 2025 6:42:49 PM webapp.storage.AbstractStorage save
INFO: &amp#27;[32mSave 35f56aba-add5-4f61-9f04-413258a9dadb(uuid1530)
сент. 19, 2025 6:42:49 PM webapp.storage.AbstractStorage save
INFO: &amp#27;[32mSave 3a41258e-78e7-460d-9b44-a309e005ae71(uuid1531)
сент. 19, 2025 6:42:49 PM webapp.storage.AbstractStorage save
INFO: &amp#27;[32mSave 22e0118d-9f27-45a4-b104-d36fdcdf7ba8(uuid1532)
сент. 19, 2025 6:42:49 PM webapp.storage.AbstractStorage save
INFO: &amp#27;[32mSave e4c787f3-3b81-4ad1-9529-8d22ef62035b(uuid1533)
сент. 19, 2025 6:42:49 PM webapp.storage.AbstractStorage save
INFO: &amp#27;[32mSave a1d6dfe9-9502-483d-8b37-0165cbd629f4(uuid1534)
сент. 19, 2025 6:42:49 PM webapp.storage.AbstractStorage save
INFO: &amp#27;[32mSave 8fe321a7-0207-4d41-9b12-ff5ced1ab5e7(uuid1535)
сент. 19, 2025 6:42:49 PM webapp.storage.AbstractStorage save
INFO: &amp#27;[32mSave 935e78bd-e421-4e40-9d4f-e5f19d588226(uuid1536)
сент. 19, 2025 6:42:49 PM webapp.storage.AbstractStorage save
INFO: &amp#27;[32mSave 222ff652-eb3c-43b6-9608-4dd1f0da9443(uuid1537)
сент. 19, 2025 6:42:49 PM webapp.storage.AbstractStorage save
INFO: &amp#27;[32mSave e52feb53-6fd2-4b17-85ce-12c4b2a01bce(uuid1538)
сент. 19, 2025 6:42:49 PM webapp.storage.AbstractStorage save
INFO: &amp#27;[32mSave 2783b073-aa06-4278-aeda-8c39ea258d82(uuid1539)
сент. 19, 2025 6:42:49 PM webapp.storage.AbstractStorage save
INFO: &amp#27;[32mSave 235f21bf-cbc8-4810-8a04-ab0deae2d252(uuid1540)
сент. 19, 2025 6:42:49 PM webapp.storage.AbstractStorage save
INFO: &amp#27;[32mSave 2ceda385-3df3-4ad9-8c75-7424198de64f(uuid1541)
сент. 19, 2025 6:42:49 PM webapp.storage.AbstractStorage save
INFO: &amp#27;[32mSave 8a931c1c-c6e8-44e7-93d4-821af910db8a(uuid1542)
сент. 19, 2025 6:42:49 PM webapp.storage.AbstractStorage save
INFO: &amp#27;[32mSave 1440df7e-d731-4fec-a59c-8d189639f8f8(uuid1543)
сент. 19, 2025 6:42:49 PM webapp.storage.AbstractStorage save
INFO: &amp#27;[32mSave d86d4419-0408-47f2-87a1-a4b52b160a72(uuid1544)
сент. 19, 2025 6:42:49 PM webapp.storage.AbstractStorage save
INFO: &amp#27;[32mSave e0d4dc6a-c6ea-4c38-8d74-fa19d1464d22(uuid1545)
сент. 19, 2025 6:42:49 PM webapp.storage.AbstractStorage save
INFO: &amp#27;[32mSave c0a3152f-da93-4707-8b8b-39534a3c8cc8(uuid1546)
сент. 19, 2025 6:42:49 PM webapp.storage.AbstractStorage save
INFO: &amp#27;[32mSave 60d392e9-67b7-48dc-813e-05c71e749c49(uuid1547)
сент. 19, 2025 6:42:49 PM webapp.storage.AbstractStorage save
INFO: &amp#27;[32mSave 6ef2e1f3-6758-4732-9a04-df0d561dcba0(uuid1548)
сент. 19, 2025 6:42:49 PM webapp.storage.AbstractStorage save
INFO: &amp#27;[32mSave 61820117-1edb-4441-9bd9-fd75c8622416(uuid1549)
сент. 19, 2025 6:42:49 PM webapp.storage.AbstractStorage save
INFO: &amp#27;[32mSave e9d44f3e-c7f9-4675-976b-9caa955f32ab(uuid1550)
сент. 19, 2025 6:42:49 PM webapp.storage.AbstractStorage save
INFO: &amp#27;[32mSave cc330d9e-2149-4742-a4e2-262fadd406a9(uuid1551)
сент. 19, 2025 6:42:49 PM webapp.storage.AbstractStorage save
INFO: &amp#27;[32mSave be929716-c7e6-4f90-9c8f-5b350a56c0ca(uuid1552)
сент. 19, 2025 6:42:49 PM webapp.storage.AbstractStorage save
INFO: &amp#27;[32mSave 1eb8052d-4488-46bc-aee3-23f6dd84820d(uuid1553)
сент. 19, 2025 6:42:49 PM webapp.storage.AbstractStorage save
INFO: &amp#27;[32mSave 09f34ea8-d70e-4423-a590-cc5181693aa9(uuid1554)
сент. 19, 2025 6:42:49 PM webapp.storage.AbstractStorage save
INFO: &amp#27;[32mSave d3c6e4f0-9d1a-4e56-b202-606a470488d3(uuid1555)
сент. 19, 2025 6:42:49 PM webapp.storage.AbstractStorage save
INFO: &amp#27;[32mSave 10c79b1c-7dca-499a-b5af-8a21f857072a(uuid1556)
сент. 19, 2025 6:42:49 PM webapp.storage.AbstractStorage save
INFO: &amp#27;[32mSave 42a4040b-d3da-4952-9d5e-d1c8f86233d0(uuid1557)
сент. 19, 2025 6:42:49 PM webapp.storage.AbstractStorage save
INFO: &amp#27;[32mSave a57bb59e-6b8b-4e4d-bd22-bef4cab08a77(uuid1558)
сент. 19, 2025 6:42:49 PM webapp.storage.AbstractStorage save
INFO: &amp#27;[32mSave fe3f6b5e-ce0a-425f-a724-4a399ce18bb3(uuid1559)
сент. 19, 2025 6:42:49 PM webapp.storage.AbstractStorage save
INFO: &amp#27;[32mSave 838ca15b-6aa6-4422-b114-54801f9c6e71(uuid1560)
сент. 19, 2025 6:42:49 PM webapp.storage.AbstractStorage save
INFO: &amp#27;[32mSave 20c0e21f-030b-464d-8241-8d9de6d2b808(uuid1561)
сент. 19, 2025 6:42:49 PM webapp.storage.AbstractStorage save
INFO: &amp#27;[32mSave dd9c3e4f-5ff3-4696-a59b-7d1687c7f1cc(uuid1562)
сент. 19, 2025 6:42:49 PM webapp.storage.AbstractStorage save
INFO: &amp#27;[32mSave f59dc1ea-bf7c-4f6b-950d-f889524d59aa(uuid1563)
сент. 19, 2025 6:42:49 PM webapp.storage.AbstractStorage save
INFO: &amp#27;[32mSave 77a12a27-f328-4fe9-91a8-dcffd8d6bb1a(uuid1564)
сент. 19, 2025 6:42:49 PM webapp.storage.AbstractStorage save
INFO: &amp#27;[32mSave 65311af0-6b3f-4fcb-8371-d348c8f58ac5(uuid1565)
сент. 19, 2025 6:42:49 PM webapp.storage.AbstractStorage save
INFO: &amp#27;[32mSave 9001e90e-053e-456e-820b-70c44930ca5b(uuid1566)
сент. 19, 2025 6:42:49 PM webapp.storage.AbstractStorage save
INFO: &amp#27;[32mSave 040faded-9116-4101-803b-36cd75cb324b(uuid1567)
сент. 19, 2025 6:42:49 PM webapp.storage.AbstractStorage save
INFO: &amp#27;[32mSave 4701bb26-edbd-419f-848d-c1f4a89f311a(uuid1568)
сент. 19, 2025 6:42:49 PM webapp.storage.AbstractStorage save
INFO: &amp#27;[32mSave 5d2cb2ab-2811-4936-9133-3f3a5b37772b(uuid1569)
сент. 19, 2025 6:42:49 PM webapp.storage.AbstractStorage save
INFO: &amp#27;[32mSave 2ec765fd-dd86-40f2-ae64-3850b58a1941(uuid1570)
сент. 19, 2025 6:42:49 PM webapp.storage.AbstractStorage save
INFO: &amp#27;[32mSave 8a79f2bb-f876-426e-85cc-9d1f74a6588a(uuid1571)
сент. 19, 2025 6:42:49 PM webapp.storage.AbstractStorage save
INFO: &amp#27;[32mSave 6de04307-869e-4fdf-8ec1-47bb5c0d9bd8(uuid1572)
сент. 19, 2025 6:42:49 PM webapp.storage.AbstractStorage save
INFO: &amp#27;[32mSave b20ba7d3-8ba1-4233-a306-70cb22be459f(uuid1573)
сент. 19, 2025 6:42:49 PM webapp.storage.AbstractStorage save
INFO: &amp#27;[32mSave a0aa692e-10e6-488d-8f16-73df312f12af(uuid1574)
сент. 19, 2025 6:42:49 PM webapp.storage.AbstractStorage save
INFO: &amp#27;[32mSave dd737fce-90a7-4bf3-abb3-34c7cf4c1e27(uuid1575)
сент. 19, 2025 6:42:49 PM webapp.storage.AbstractStorage save
INFO: &amp#27;[32mSave dac14d03-56c1-46ba-a47f-d8165f2d9163(uuid1576)
сент. 19, 2025 6:42:49 PM webapp.storage.AbstractStorage save
INFO: &amp#27;[32mSave ce04d03e-bd9a-45cd-88b5-d8591867660e(uuid1577)
сент. 19, 2025 6:42:49 PM webapp.storage.AbstractStorage save
INFO: &amp#27;[32mSave f9f0fa10-ef8b-4a3a-8500-4d95a8dc3352(uuid1578)
сент. 19, 2025 6:42:49 PM webapp.storage.AbstractStorage save
INFO: &amp#27;[32mSave f4faf87a-400d-4ccb-b8f7-869472f5d71e(uuid1579)
сент. 19, 2025 6:42:49 PM webapp.storage.AbstractStorage save
INFO: &amp#27;[32mSave bbde40a8-11d6-4f35-a70d-836fa6a6f400(uuid1580)
сент. 19, 2025 6:42:49 PM webapp.storage.AbstractStorage save
INFO: &amp#27;[32mSave a1fd2242-1447-4600-8bda-06920479184d(uuid1581)
сент. 19, 2025 6:42:49 PM webapp.storage.AbstractStorage save
INFO: &amp#27;[32mSave dd417577-b219-48a2-a20f-a3f3221c2efc(uuid1582)
сент. 19, 2025 6:42:49 PM webapp.storage.AbstractStorage save
INFO: &amp#27;[32mSave 9f05a72b-89ee-4a06-99a6-45ac05409c70(uuid1583)
сент. 19, 2025 6:42:49 PM webapp.storage.AbstractStorage save
INFO: &amp#27;[32mSave 64f096d2-8968-4bf8-939b-1e3b1ce44648(uuid1584)
сент. 19, 2025 6:42:49 PM webapp.storage.AbstractStorage save
INFO: &amp#27;[32mSave 7eefc528-4ddc-48ac-bc24-c993c2729a2e(uuid1585)
сент. 19, 2025 6:42:49 PM webapp.storage.AbstractStorage save
INFO: &amp#27;[32mSave 58d32dbd-1bc7-4e05-a9e7-bf351dc42cbf(uuid1586)
сент. 19, 2025 6:42:49 PM webapp.storage.AbstractStorage save
INFO: &amp#27;[32mSave 9f8a143f-c48f-458f-93da-44c6a6b18f5f(uuid1587)
сент. 19, 2025 6:42:49 PM webapp.storage.AbstractStorage save
INFO: &amp#27;[32mSave 2d80fe9e-b237-4cd9-9722-4c906cd7a81a(uuid1588)
сент. 19, 2025 6:42:49 PM webapp.storage.AbstractStorage save
INFO: &amp#27;[32mSave c8cda54e-36f8-4e09-9982-c0c10b4cdb01(uuid1589)
сент. 19, 2025 6:42:49 PM webapp.storage.AbstractStorage save
INFO: &amp#27;[32mSave 283eba0f-1575-4b75-b0ff-69f9fe3deae0(uuid1590)
сент. 19, 2025 6:42:49 PM webapp.storage.AbstractStorage save
INFO: &amp#27;[32mSave da8b4953-f753-408b-82f8-a4a8114a71ab(uuid1591)
сент. 19, 2025 6:42:49 PM webapp.storage.AbstractStorage save
INFO: &amp#27;[32mSave f9b8a0e8-cd20-47f1-b32b-7f9df77b7103(uuid1592)
сент. 19, 2025 6:42:49 PM webapp.storage.AbstractStorage save
INFO: &amp#27;[32mSave 4d62a949-1fe2-4fa4-a1e8-a9c9f9266bbb(uuid1593)
сент. 19, 2025 6:42:49 PM webapp.storage.AbstractStorage save
INFO: &amp#27;[32mSave fa8c39f1-d255-44b1-a1c8-fbc32753dc16(uuid1594)
сент. 19, 2025 6:42:49 PM webapp.storage.AbstractStorage save
INFO: &amp#27;[32mSave 35ee41fd-48e5-4397-aba6-6f90f726296b(uuid1595)
сент. 19, 2025 6:42:49 PM webapp.storage.AbstractStorage save
INFO: &amp#27;[32mSave f1958aff-082a-4660-b155-4ba30157a8ff(uuid1596)
сент. 19, 2025 6:42:49 PM webapp.storage.AbstractStorage save
INFO: &amp#27;[32mSave 859b693c-1b1e-4c85-a8fb-1d931faa3ba4(uuid1597)
сент. 19, 2025 6:42:49 PM webapp.storage.AbstractStorage save
INFO: &amp#27;[32mSave 0cabffb8-4954-4c8a-8d0f-ee08d4b4b2d4(uuid1598)
сент. 19, 2025 6:42:49 PM webapp.storage.AbstractStorage save
INFO: &amp#27;[32mSave 9a26149e-5b81-4001-81d9-da933fe1fc66(uuid1599)
сент. 19, 2025 6:42:49 PM webapp.storage.AbstractStorage save
INFO: &amp#27;[32mSave dd6f0bd1-9d2f-43fa-8c1e-31496f47d759(uuid1600)
сент. 19, 2025 6:42:49 PM webapp.storage.AbstractStorage save
INFO: &amp#27;[32mSave 703d4ff2-6062-4c49-8f81-6b326c9624bd(uuid1601)
сент. 19, 2025 6:42:49 PM webapp.storage.AbstractStorage save
INFO: &amp#27;[32mSave 8f4d5a9c-f7a3-4a3a-ad05-03e11e9e09a9(uuid1602)
сент. 19, 2025 6:42:49 PM webapp.storage.AbstractStorage save
INFO: &amp#27;[32mSave 7e86029a-f9e1-45c2-8204-2f2cb249d745(uuid1603)
сент. 19, 2025 6:42:49 PM webapp.storage.AbstractStorage save
INFO: &amp#27;[32mSave a6936ff5-8d87-4041-b7e9-8989bc80639f(uuid1604)
сент. 19, 2025 6:42:49 PM webapp.storage.AbstractStorage save
INFO: &amp#27;[32mSave df59a5bb-a809-4a3e-b62e-e164f0365cff(uuid1605)
сент. 19, 2025 6:42:49 PM webapp.storage.AbstractStorage save
INFO: &amp#27;[32mSave 1a250c11-2dab-4f71-8c1b-6cd5fdc15def(uuid1606)
сент. 19, 2025 6:42:49 PM webapp.storage.AbstractStorage save
INFO: &amp#27;[32mSave 2185c3b7-71d7-4374-8b56-189d7827dfa4(uuid1607)
сент. 19, 2025 6:42:49 PM webapp.storage.AbstractStorage save
INFO: &amp#27;[32mSave 6e5a80f2-2839-4fe5-9f7c-8f9c59a85316(uuid1608)
сент. 19, 2025 6:42:49 PM webapp.storage.AbstractStorage save
INFO: &amp#27;[32mSave d6aa4d27-7357-47f4-b4b1-881cb8c7677a(uuid1609)
сент. 19, 2025 6:42:49 PM webapp.storage.AbstractStorage save
INFO: &amp#27;[32mSave 673c6801-4c7d-4bab-8856-0c2ef5557266(uuid1610)
сент. 19, 2025 6:42:49 PM webapp.storage.AbstractStorage save
INFO: &amp#27;[32mSave 570767d6-3772-46aa-bfd3-e735583a4c6b(uuid1611)
сент. 19, 2025 6:42:49 PM webapp.storage.AbstractStorage save
INFO: &amp#27;[32mSave 91d5e86c-391b-41f1-849f-b18261fc7250(uuid1612)
сент. 19, 2025 6:42:49 PM webapp.storage.AbstractStorage save
INFO: &amp#27;[32mSave 96892988-b575-4ebd-9d87-6e0be0c5d0d8(uuid1613)
сент. 19, 2025 6:42:49 PM webapp.storage.AbstractStorage save
INFO: &amp#27;[32mSave 276ce3be-2e72-4032-b534-9326d5b58862(uuid1614)
сент. 19, 2025 6:42:49 PM webapp.storage.AbstractStorage save
INFO: &amp#27;[32mSave 1e21afb6-7ff8-4ee0-a760-dab8d7b512fd(uuid1615)
сент. 19, 2025 6:42:49 PM webapp.storage.AbstractStorage save
INFO: &amp#27;[32mSave e1386292-3cfb-451f-9f20-b54b9ba8b8d8(uuid1616)
сент. 19, 2025 6:42:49 PM webapp.storage.AbstractStorage save
INFO: &amp#27;[32mSave 38c64999-c833-4fa9-b2ab-ff8c31de029b(uuid1617)
сент. 19, 2025 6:42:49 PM webapp.storage.AbstractStorage save
INFO: &amp#27;[32mSave bd564ea4-52c6-4f20-ba03-361430269be7(uuid1618)
сент. 19, 2025 6:42:49 PM webapp.storage.AbstractStorage save
INFO: &amp#27;[32mSave a428e587-04b4-4979-931f-2678062a35ae(uuid1619)
сент. 19, 2025 6:42:49 PM webapp.storage.AbstractStorage save
INFO: &amp#27;[32mSave 9bb6dd0c-f33e-4d5f-80e1-bb264d60ab4b(uuid1620)
сент. 19, 2025 6:42:49 PM webapp.storage.AbstractStorage save
INFO: &amp#27;[32mSave f158759b-58a2-4617-abc6-f47688333c64(uuid1621)
сент. 19, 2025 6:42:49 PM webapp.storage.AbstractStorage save
INFO: &amp#27;[32mSave 4ecfa544-1504-464f-9191-571b70349d39(uuid1622)
сент. 19, 2025 6:42:49 PM webapp.storage.AbstractStorage save
INFO: &amp#27;[32mSave a82eae3d-0aef-498d-93ae-347964ea62bd(uuid1623)
сент. 19, 2025 6:42:49 PM webapp.storage.AbstractStorage save
INFO: &amp#27;[32mSave ff341c34-3797-4a95-a1a2-aa935f186bf7(uuid1624)
сент. 19, 2025 6:42:49 PM webapp.storage.AbstractStorage save
INFO: &amp#27;[32mSave 5e5dd617-ed99-4a52-b69a-20cec4f40264(uuid1625)
сент. 19, 2025 6:42:49 PM webapp.storage.AbstractStorage save
INFO: &amp#27;[32mSave 7c43b36c-f57f-4d81-8695-7bfe7617e5e5(uuid1626)
сент. 19, 2025 6:42:49 PM webapp.storage.AbstractStorage save
INFO: &amp#27;[32mSave fc01f458-cd1a-4c78-85f3-c9e638ace8da(uuid1627)
сент. 19, 2025 6:42:49 PM webapp.storage.AbstractStorage save
INFO: &amp#27;[32mSave 5fa25455-c8ba-4afd-8390-5d571ae89e2c(uuid1628)
сент. 19, 2025 6:42:49 PM webapp.storage.AbstractStorage save
INFO: &amp#27;[32mSave 3b2fb994-7bb4-4688-8b8b-ddbd1937ad0d(uuid1629)
сент. 19, 2025 6:42:49 PM webapp.storage.AbstractStorage save
INFO: &amp#27;[32mSave 15853998-c60b-4c4d-a28d-d8baa68808f9(uuid1630)
сент. 19, 2025 6:42:49 PM webapp.storage.AbstractStorage save
INFO: &amp#27;[32mSave 822cd11e-f69b-46f7-a877-a9c52270249d(uuid1631)
сент. 19, 2025 6:42:49 PM webapp.storage.AbstractStorage save
INFO: &amp#27;[32mSave 94b71289-0a63-4686-ad58-03984864519e(uuid1632)
сент. 19, 2025 6:42:49 PM webapp.storage.AbstractStorage save
INFO: &amp#27;[32mSave 2d801a54-84f9-400b-9ba0-aff22b7dc03a(uuid1633)
сент. 19, 2025 6:42:49 PM webapp.storage.AbstractStorage save
INFO: &amp#27;[32mSave f538e59d-baa7-4c1a-a853-1763e516ef7c(uuid1634)
сент. 19, 2025 6:42:49 PM webapp.storage.AbstractStorage save
INFO: &amp#27;[32mSave da08f28a-54bd-4e9c-af6d-b705d84dd5e8(uuid1635)
сент. 19, 2025 6:42:49 PM webapp.storage.AbstractStorage save
INFO: &amp#27;[32mSave dd68c3f2-dcf0-4262-90cf-b6aec3c9ffc6(uuid1636)
сент. 19, 2025 6:42:49 PM webapp.storage.AbstractStorage save
INFO: &amp#27;[32mSave f937512a-30d8-4929-822c-d6b18295953c(uuid1637)
сент. 19, 2025 6:42:49 PM webapp.storage.AbstractStorage save
INFO: &amp#27;[32mSave c5ba6cba-548e-465c-b771-30da4d292f2d(uuid1638)
сент. 19, 2025 6:42:49 PM webapp.storage.AbstractStorage save
INFO: &amp#27;[32mSave 765d9948-038f-4b2e-8bab-563e0f5c97f9(uuid1639)
сент. 19, 2025 6:42:49 PM webapp.storage.AbstractStorage save
INFO: &amp#27;[32mSave 704f9ddd-08cf-4d26-ad57-4bb57df0cd21(uuid1640)
сент. 19, 2025 6:42:49 PM webapp.storage.AbstractStorage save
INFO: &amp#27;[32mSave a1c5d000-8a14-486f-a132-09fe792264cf(uuid1641)
сент. 19, 2025 6:42:49 PM webapp.storage.AbstractStorage save
INFO: &amp#27;[32mSave ed812ff1-b964-43b1-ba4c-f4d74266682a(uuid1642)
сент. 19, 2025 6:42:49 PM webapp.storage.AbstractStorage save
INFO: &amp#27;[32mSave 404a02bb-ea77-4aaa-b2d9-3c585d044396(uuid1643)
сент. 19, 2025 6:42:49 PM webapp.storage.AbstractStorage save
INFO: &amp#27;[32mSave 88d6cd25-f78b-407a-8041-40a77c922363(uuid1644)
сент. 19, 2025 6:42:49 PM webapp.storage.AbstractStorage save
INFO: &amp#27;[32mSave 0c7ccda8-d1e6-42d4-9382-570295d3df5f(uuid1645)
сент. 19, 2025 6:42:49 PM webapp.storage.AbstractStorage save
INFO: &amp#27;[32mSave 577caf98-3c5f-4323-b015-2a67c6e79f4e(uuid1646)
сент. 19, 2025 6:42:49 PM webapp.storage.AbstractStorage save
INFO: &amp#27;[32mSave c8219c39-e6e9-4fdc-88d4-1e651b444743(uuid1647)
сент. 19, 2025 6:42:49 PM webapp.storage.AbstractStorage save
INFO: &amp#27;[32mSave e32f5b5c-80b8-45bb-b766-795caf03a311(uuid1648)
сент. 19, 2025 6:42:49 PM webapp.storage.AbstractStorage save
INFO: &amp#27;[32mSave 0ffeec41-15b1-4c52-9126-7a0e77cea8a2(uuid1649)
сент. 19, 2025 6:42:49 PM webapp.storage.AbstractStorage save
INFO: &amp#27;[32mSave 5e1e0a10-a7dc-4ed4-811f-5d16c6b3c23a(uuid1650)
сент. 19, 2025 6:42:49 PM webapp.storage.AbstractStorage save
INFO: &amp#27;[32mSave 9818b46c-eddc-4b83-8ce1-c3b77ff4f804(uuid1651)
сент. 19, 2025 6:42:49 PM webapp.storage.AbstractStorage save
INFO: &amp#27;[32mSave d6d7ec89-e79c-484b-bb7f-05377ddac331(uuid1652)
сент. 19, 2025 6:42:49 PM webapp.storage.AbstractStorage save
INFO: &amp#27;[32mSave 077b18ae-b389-45d1-a8bc-3a16fc63d7ad(uuid1653)
сент. 19, 2025 6:42:49 PM webapp.storage.AbstractStorage save
INFO: &amp#27;[32mSave 52ccfbde-734a-4272-86a4-f75247cc7a88(uuid1654)
сент. 19, 2025 6:42:49 PM webapp.storage.AbstractStorage save
INFO: &amp#27;[32mSave e03c330d-389b-40c0-a405-ece2f0631cd9(uuid1655)
сент. 19, 2025 6:42:49 PM webapp.storage.AbstractStorage save
INFO: &amp#27;[32mSave c5e71c3a-f9f2-4113-9218-7c21cb225435(uuid1656)
сент. 19, 2025 6:42:49 PM webapp.storage.AbstractStorage save
INFO: &amp#27;[32mSave 5af43643-3b0e-4332-b696-fe755dbe47a8(uuid1657)
сент. 19, 2025 6:42:49 PM webapp.storage.AbstractStorage save
INFO: &amp#27;[32mSave a704e794-2760-4dd2-9b8e-4cd805c4890a(uuid1658)
сент. 19, 2025 6:42:49 PM webapp.storage.AbstractStorage save
INFO: &amp#27;[32mSave 50dfe16d-51f1-44c7-a9fc-8b4652037ca6(uuid1659)
сент. 19, 2025 6:42:49 PM webapp.storage.AbstractStorage save
INFO: &amp#27;[32mSave 5290fd1c-7be4-4d4b-8b30-4da150bf67f1(uuid1660)
сент. 19, 2025 6:42:49 PM webapp.storage.AbstractStorage save
INFO: &amp#27;[32mSave 2fbf9305-1552-4e68-a7bc-5790e6e7cbc8(uuid1661)
сент. 19, 2025 6:42:49 PM webapp.storage.AbstractStorage save
INFO: &amp#27;[32mSave 3b7741e3-0dca-4bf0-9c78-5c2922bbb28a(uuid1662)
сент. 19, 2025 6:42:49 PM webapp.storage.AbstractStorage save
INFO: &amp#27;[32mSave 749b935a-7d8c-443d-85df-d53c5a7e9cea(uuid1663)
сент. 19, 2025 6:42:49 PM webapp.storage.AbstractStorage save
INFO: &amp#27;[32mSave 3ede4ba9-bbbb-4375-82e0-705d7552e0dc(uuid1664)
сент. 19, 2025 6:42:49 PM webapp.storage.AbstractStorage save
INFO: &amp#27;[32mSave e4276b50-ada0-4a47-bce3-b22c8c1ca88a(uuid1665)
сент. 19, 2025 6:42:49 PM webapp.storage.AbstractStorage save
INFO: &amp#27;[32mSave 6d6ee2a7-8da3-46a6-a540-d03b90aa0c92(uuid1666)
сент. 19, 2025 6:42:49 PM webapp.storage.AbstractStorage save
INFO: &amp#27;[32mSave c1005eee-82ac-4478-aa6f-eae6f822d537(uuid1667)
сент. 19, 2025 6:42:49 PM webapp.storage.AbstractStorage save
INFO: &amp#27;[32mSave 017a23f4-0b9b-4b09-a51d-c3542bbf81b7(uuid1668)
сент. 19, 2025 6:42:49 PM webapp.storage.AbstractStorage save
INFO: &amp#27;[32mSave aa924621-9390-455b-8751-1250b3cba7e0(uuid1669)
сент. 19, 2025 6:42:49 PM webapp.storage.AbstractStorage save
INFO: &amp#27;[32mSave a3bbbdbe-36b4-498d-89f0-d97f63b83965(uuid1670)
сент. 19, 2025 6:42:49 PM webapp.storage.AbstractStorage save
INFO: &amp#27;[32mSave c9702656-44d4-4c15-a729-7b9bb14cfdc6(uuid1671)
сент. 19, 2025 6:42:49 PM webapp.storage.AbstractStorage save
INFO: &amp#27;[32mSave 17f4883e-f846-4b3d-98ca-7d24e8f3e3ac(uuid1672)
сент. 19, 2025 6:42:49 PM webapp.storage.AbstractStorage save
INFO: &amp#27;[32mSave eff7b91c-9b09-422b-8c5e-071ff0d53b34(uuid1673)
сент. 19, 2025 6:42:49 PM webapp.storage.AbstractStorage save
INFO: &amp#27;[32mSave 20d18a0d-563b-4b3c-9702-ff27cd4c5bd5(uuid1674)
сент. 19, 2025 6:42:49 PM webapp.storage.AbstractStorage save
INFO: &amp#27;[32mSave 037bd777-02ed-489e-93ea-40471509b40c(uuid1675)
сент. 19, 2025 6:42:49 PM webapp.storage.AbstractStorage save
INFO: &amp#27;[32mSave e17d63b5-bc03-4782-aed2-ab911078b9dd(uuid1676)
сент. 19, 2025 6:42:49 PM webapp.storage.AbstractStorage save
INFO: &amp#27;[32mSave 591e79bb-ef37-4a92-a7b4-baa870efad2b(uuid1677)
сент. 19, 2025 6:42:49 PM webapp.storage.AbstractStorage save
INFO: &amp#27;[32mSave 171e78d5-a176-4934-82cf-3efbeda837b1(uuid1678)
сент. 19, 2025 6:42:49 PM webapp.storage.AbstractStorage save
INFO: &amp#27;[32mSave 1a79df4d-f247-4fbd-a1b1-5de0b95cbd51(uuid1679)
сент. 19, 2025 6:42:49 PM webapp.storage.AbstractStorage save
INFO: &amp#27;[32mSave 4ec69b8c-b366-4232-a9b1-131d939ba258(uuid1680)
сент. 19, 2025 6:42:49 PM webapp.storage.AbstractStorage save
INFO: &amp#27;[32mSave 80acfac9-d276-4cdf-b58d-f0d523e89b83(uuid1681)
сент. 19, 2025 6:42:49 PM webapp.storage.AbstractStorage save
INFO: &amp#27;[32mSave 96049f8e-e9d8-4e09-ab57-3b914a685eef(uuid1682)
сент. 19, 2025 6:42:49 PM webapp.storage.AbstractStorage save
INFO: &amp#27;[32mSave 45d5b416-3490-4472-a6d9-54c57fe4bba3(uuid1683)
сент. 19, 2025 6:42:49 PM webapp.storage.AbstractStorage save
INFO: &amp#27;[32mSave 57ed1aba-58b1-4955-b579-182f035278a6(uuid1684)
сент. 19, 2025 6:42:49 PM webapp.storage.AbstractStorage save
INFO: &amp#27;[32mSave a7da082b-cda0-410c-9e40-266bf5f24eff(uuid1685)
сент. 19, 2025 6:42:49 PM webapp.storage.AbstractStorage save
INFO: &amp#27;[32mSave 6cc3e582-0876-41b1-9ee5-4d89774aad2b(uuid1686)
сент. 19, 2025 6:42:49 PM webapp.storage.AbstractStorage save
INFO: &amp#27;[32mSave a89b068d-0199-4a26-9b68-652a19f8f30b(uuid1687)
сент. 19, 2025 6:42:49 PM webapp.storage.AbstractStorage save
INFO: &amp#27;[32mSave 3f0696fb-e355-4162-a2a0-82dec1ec5db3(uuid1688)
сент. 19, 2025 6:42:49 PM webapp.storage.AbstractStorage save
INFO: &amp#27;[32mSave 95b61edf-6b67-4102-bd24-87ee170392d5(uuid1689)
сент. 19, 2025 6:42:49 PM webapp.storage.AbstractStorage save
INFO: &amp#27;[32mSave 245c2a6e-deda-4348-a8fd-54af9ba31aa8(uuid1690)
сент. 19, 2025 6:42:49 PM webapp.storage.AbstractStorage save
INFO: &amp#27;[32mSave 6a04f423-bdd2-4c45-8ba9-dc012cf12e1d(uuid1691)
сент. 19, 2025 6:42:49 PM webapp.storage.AbstractStorage save
INFO: &amp#27;[32mSave 4523ce0a-8e25-48cf-ab8c-75dbe683279f(uuid1692)
сент. 19, 2025 6:42:49 PM webapp.storage.AbstractStorage save
INFO: &amp#27;[32mSave 8e3936cf-424f-4fb7-95aa-eb1b740344c6(uuid1693)
сент. 19, 2025 6:42:49 PM webapp.storage.AbstractStorage save
INFO: &amp#27;[32mSave 58dbcdd4-b78f-45a6-899d-fe9f02ab994f(uuid1694)
сент. 19, 2025 6:42:49 PM webapp.storage.AbstractStorage save
INFO: &amp#27;[32mSave 66e05463-1b53-4bce-89fd-b974f08cfad3(uuid1695)
сент. 19, 2025 6:42:49 PM webapp.storage.AbstractStorage save
INFO: &amp#27;[32mSave 5b26a937-cb40-490f-a487-0142e4f35ea0(uuid1696)
сент. 19, 2025 6:42:49 PM webapp.storage.AbstractStorage save
INFO: &amp#27;[32mSave 3fc77ca3-7d78-4d26-95af-2c5bbaa0c749(uuid1697)
сент. 19, 2025 6:42:49 PM webapp.storage.AbstractStorage save
INFO: &amp#27;[32mSave cb58e200-a5fc-47f9-9214-1cb3f1c4b4b3(uuid1698)
сент. 19, 2025 6:42:49 PM webapp.storage.AbstractStorage save
INFO: &amp#27;[32mSave 3272d865-ac53-4e02-9b3d-c0b879414c24(uuid1699)
сент. 19, 2025 6:42:49 PM webapp.storage.AbstractStorage save
INFO: &amp#27;[32mSave 6e14794f-68bf-4b3b-867e-f11fd99a52e2(uuid1700)
сент. 19, 2025 6:42:49 PM webapp.storage.AbstractStorage save
INFO: &amp#27;[32mSave 8e18453d-d8da-4cf0-aba0-626c8ca12e6c(uuid1701)
сент. 19, 2025 6:42:49 PM webapp.storage.AbstractStorage save
INFO: &amp#27;[32mSave 6c08a50c-d729-45e6-a733-e0d4f6c0fbf1(uuid1702)
сент. 19, 2025 6:42:49 PM webapp.storage.AbstractStorage save
INFO: &amp#27;[32mSave 5ee63043-bdb7-495b-9794-8e575eaad57a(uuid1703)
сент. 19, 2025 6:42:49 PM webapp.storage.AbstractStorage save
INFO: &amp#27;[32mSave b426462f-b9b6-4c8d-9e41-815930a68aaa(uuid1704)
сент. 19, 2025 6:42:49 PM webapp.storage.AbstractStorage save
INFO: &amp#27;[32mSave 957dfae5-b727-4199-bada-af5727933582(uuid1705)
сент. 19, 2025 6:42:49 PM webapp.storage.AbstractStorage save
INFO: &amp#27;[32mSave b5472290-2212-44d1-86ba-265fef6d22b2(uuid1706)
сент. 19, 2025 6:42:49 PM webapp.storage.AbstractStorage save
INFO: &amp#27;[32mSave 0c688882-2755-4d29-9ff8-8e64b89f3043(uuid1707)
сент. 19, 2025 6:42:49 PM webapp.storage.AbstractStorage save
INFO: &amp#27;[32mSave 80232449-bab0-480d-a0ac-409dc05f5b50(uuid1708)
сент. 19, 2025 6:42:49 PM webapp.storage.AbstractStorage save
INFO: &amp#27;[32mSave e4872f5e-81b7-4065-92da-0fd650086207(uuid1709)
сент. 19, 2025 6:42:49 PM webapp.storage.AbstractStorage save
INFO: &amp#27;[32mSave a35a87fd-a123-4d88-8335-b011185a9dab(uuid1710)
сент. 19, 2025 6:42:49 PM webapp.storage.AbstractStorage save
INFO: &amp#27;[32mSave 9ef28f22-45f5-4194-9c3b-df0972ff5023(uuid1711)
сент. 19, 2025 6:42:49 PM webapp.storage.AbstractStorage save
INFO: &amp#27;[32mSave 9fec1347-d015-41a3-bcba-5649f6f9a548(uuid1712)
сент. 19, 2025 6:42:49 PM webapp.storage.AbstractStorage save
INFO: &amp#27;[32mSave 41354e00-5703-41a9-81bf-d6b2a9c21e17(uuid1713)
сент. 19, 2025 6:42:49 PM webapp.storage.AbstractStorage save
INFO: &amp#27;[32mSave 23f936b4-b806-43b2-98a1-e0c484569499(uuid1714)
сент. 19, 2025 6:42:49 PM webapp.storage.AbstractStorage save
INFO: &amp#27;[32mSave 0ad332af-4a7d-477e-aeb7-dfc1d3539672(uuid1715)
сент. 19, 2025 6:42:49 PM webapp.storage.AbstractStorage save
INFO: &amp#27;[32mSave f781869d-bd68-4619-824a-654dd9adefca(uuid1716)
сент. 19, 2025 6:42:49 PM webapp.storage.AbstractStorage save
INFO: &amp#27;[32mSave 5e96e7ed-d2e5-4801-89b7-e50483300109(uuid1717)
сент. 19, 2025 6:42:49 PM webapp.storage.AbstractStorage save
INFO: &amp#27;[32mSave f98adfea-f00c-46a6-a980-ed4fa654d34a(uuid1718)
сент. 19, 2025 6:42:49 PM webapp.storage.AbstractStorage save
INFO: &amp#27;[32mSave a8e3d606-caef-42f3-8000-89985af5113e(uuid1719)
сент. 19, 2025 6:42:49 PM webapp.storage.AbstractStorage save
INFO: &amp#27;[32mSave fbdb8452-1b88-4d6e-bd23-9a8adda10295(uuid1720)
сент. 19, 2025 6:42:49 PM webapp.storage.AbstractStorage save
INFO: &amp#27;[32mSave 7d53d842-4188-4da3-b022-e7509440de59(uuid1721)
сент. 19, 2025 6:42:49 PM webapp.storage.AbstractStorage save
INFO: &amp#27;[32mSave ba2dde6b-8f26-41fd-8155-36748032fe9e(uuid1722)
сент. 19, 2025 6:42:49 PM webapp.storage.AbstractStorage save
INFO: &amp#27;[32mSave 031db702-12de-48a8-b301-f1e2125a15bc(uuid1723)
сент. 19, 2025 6:42:49 PM webapp.storage.AbstractStorage save
INFO: &amp#27;[32mSave c8cedd88-9ef2-4891-baf6-c02f470de976(uuid1724)
сент. 19, 2025 6:42:49 PM webapp.storage.AbstractStorage save
INFO: &amp#27;[32mSave 39beccb9-5a45-49ce-b48f-fca983ceeee1(uuid1725)
сент. 19, 2025 6:42:49 PM webapp.storage.AbstractStorage save
INFO: &amp#27;[32mSave 00f21c0f-24a5-480b-ab7c-ff19c5fd36fb(uuid1726)
сент. 19, 2025 6:42:49 PM webapp.storage.AbstractStorage save
INFO: &amp#27;[32mSave 270d92f3-f54b-4e09-a4b9-328ec33c7fec(uuid1727)
сент. 19, 2025 6:42:49 PM webapp.storage.AbstractStorage save
INFO: &amp#27;[32mSave e4c6cfaf-4bd1-44f4-bb6b-a984a1a3eb80(uuid1728)
сент. 19, 2025 6:42:49 PM webapp.storage.AbstractStorage save
INFO: &amp#27;[32mSave 6586f90f-840f-40d9-b0c2-c571ea767b9b(uuid1729)
сент. 19, 2025 6:42:49 PM webapp.storage.AbstractStorage save
INFO: &amp#27;[32mSave 7ed09d16-ab59-413b-8109-2da62158dda6(uuid1730)
сент. 19, 2025 6:42:49 PM webapp.storage.AbstractStorage save
INFO: &amp#27;[32mSave b6640bdf-1f16-4599-a42b-ca7d7bb0b79e(uuid1731)
сент. 19, 2025 6:42:49 PM webapp.storage.AbstractStorage save
INFO: &amp#27;[32mSave ef90140c-0637-44ca-ac8a-93fe364137fb(uuid1732)
сент. 19, 2025 6:42:49 PM webapp.storage.AbstractStorage save
INFO: &amp#27;[32mSave 11dc7fd9-a5c2-4280-85e4-ffce81eeb96c(uuid1733)
сент. 19, 2025 6:42:49 PM webapp.storage.AbstractStorage save
INFO: &amp#27;[32mSave 85b2621d-0390-4414-ba64-095268481ade(uuid1734)
сент. 19, 2025 6:42:49 PM webapp.storage.AbstractStorage save
INFO: &amp#27;[32mSave c7c8a900-ac99-4d3e-a8bb-95812ce0abbd(uuid1735)
сент. 19, 2025 6:42:49 PM webapp.storage.AbstractStorage save
INFO: &amp#27;[32mSave 8fd08952-f804-4255-95f0-3b8e11eebac6(uuid1736)
сент. 19, 2025 6:42:49 PM webapp.storage.AbstractStorage save
INFO: &amp#27;[32mSave a5dc50ad-ae4d-4fb9-9ad3-44ac7f532a33(uuid1737)
сент. 19, 2025 6:42:49 PM webapp.storage.AbstractStorage save
INFO: &amp#27;[32mSave 84eb175a-ee6b-4c51-8950-dfe28c54d609(uuid1738)
сент. 19, 2025 6:42:49 PM webapp.storage.AbstractStorage save
INFO: &amp#27;[32mSave 37bf1803-77eb-4d08-be81-ffdc69e14018(uuid1739)
сент. 19, 2025 6:42:49 PM webapp.storage.AbstractStorage save
INFO: &amp#27;[32mSave ec34f628-6c51-40c9-a90d-9b0730606fc4(uuid1740)
сент. 19, 2025 6:42:49 PM webapp.storage.AbstractStorage save
INFO: &amp#27;[32mSave 9f4503f4-506f-4ae0-8a38-b7bc7727553f(uuid1741)
сент. 19, 2025 6:42:49 PM webapp.storage.AbstractStorage save
INFO: &amp#27;[32mSave 7242246f-7b81-49d3-8d7a-124fc027a847(uuid1742)
сент. 19, 2025 6:42:49 PM webapp.storage.AbstractStorage save
INFO: &amp#27;[32mSave 358e93b2-247c-44b0-a6ce-d988e3823887(uuid1743)
сент. 19, 2025 6:42:49 PM webapp.storage.AbstractStorage save
INFO: &amp#27;[32mSave 48b19da4-0443-4e31-aafa-5f7a4fc51cdd(uuid1744)
сент. 19, 2025 6:42:49 PM webapp.storage.AbstractStorage save
INFO: &amp#27;[32mSave 1b6e3d63-d201-47ab-8d73-d5f28a39b00e(uuid1745)
сент. 19, 2025 6:42:49 PM webapp.storage.AbstractStorage save
INFO: &amp#27;[32mSave 16ce5cda-7e84-41d9-a947-4579e04dce2f(uuid1746)
сент. 19, 2025 6:42:49 PM webapp.storage.AbstractStorage save
INFO: &amp#27;[32mSave 87f41e29-b54d-4ff9-aade-536e6a3bf6aa(uuid1747)
сент. 19, 2025 6:42:49 PM webapp.storage.AbstractStorage save
INFO: &amp#27;[32mSave fa91c61b-7e82-41b4-8063-d27479c52a11(uuid1748)
сент. 19, 2025 6:42:49 PM webapp.storage.AbstractStorage save
INFO: &amp#27;[32mSave 1761cda7-cf71-4c33-a653-11b1002ed246(uuid1749)
сент. 19, 2025 6:42:49 PM webapp.storage.AbstractStorage save
INFO: &amp#27;[32mSave 788f346e-fb84-47f6-a597-d1f67febec81(uuid1750)
сент. 19, 2025 6:42:49 PM webapp.storage.AbstractStorage save
INFO: &amp#27;[32mSave d557815d-e4c6-4732-940c-d1534658db1c(uuid1751)
сент. 19, 2025 6:42:49 PM webapp.storage.AbstractStorage save
INFO: &amp#27;[32mSave c032e138-67fe-4e52-9df8-b9db6541a7c3(uuid1752)
сент. 19, 2025 6:42:49 PM webapp.storage.AbstractStorage save
INFO: &amp#27;[32mSave 406ad131-497c-40f4-b788-9a01c2c51aff(uuid1753)
сент. 19, 2025 6:42:49 PM webapp.storage.AbstractStorage save
INFO: &amp#27;[32mSave 353db82c-4816-4f40-8503-2fd2a32cab83(uuid1754)
сент. 19, 2025 6:42:49 PM webapp.storage.AbstractStorage save
INFO: &amp#27;[32mSave 01126409-b167-4640-bff9-1ec2591a0313(uuid1755)
сент. 19, 2025 6:42:49 PM webapp.storage.AbstractStorage save
INFO: &amp#27;[32mSave 192f5e54-c977-4ed0-b0c3-0275ede6d912(uuid1756)
сент. 19, 2025 6:42:49 PM webapp.storage.AbstractStorage save
INFO: &amp#27;[32mSave f3b342a5-9127-4bda-8cde-d61564412d90(uuid1757)
сент. 19, 2025 6:42:49 PM webapp.storage.AbstractStorage save
INFO: &amp#27;[32mSave 1b27f34b-f258-4bd8-a4b2-c953586ea7c8(uuid1758)
сент. 19, 2025 6:42:49 PM webapp.storage.AbstractStorage save
INFO: &amp#27;[32mSave ba7d910c-7936-4cbb-95b5-5e358f1242d5(uuid1759)
сент. 19, 2025 6:42:49 PM webapp.storage.AbstractStorage save
INFO: &amp#27;[32mSave 69eba86a-e540-40bd-875e-631fed4b06d0(uuid1760)
сент. 19, 2025 6:42:49 PM webapp.storage.AbstractStorage save
INFO: &amp#27;[32mSave f7584ede-4422-4b79-ab4b-47ebd855c390(uuid1761)
сент. 19, 2025 6:42:49 PM webapp.storage.AbstractStorage save
INFO: &amp#27;[32mSave 5cb5abd7-079b-4a51-9e78-3b4ca990bf67(uuid1762)
сент. 19, 2025 6:42:49 PM webapp.storage.AbstractStorage save
INFO: &amp#27;[32mSave 04c611f4-a255-4dd5-badd-78431893860f(uuid1763)
сент. 19, 2025 6:42:49 PM webapp.storage.AbstractStorage save
INFO: &amp#27;[32mSave 0d87fe0d-b365-47d8-93b4-2416fea1f9ac(uuid1764)
сент. 19, 2025 6:42:49 PM webapp.storage.AbstractStorage save
INFO: &amp#27;[32mSave b53d0167-25f0-4500-b976-f8ee8f766828(uuid1765)
сент. 19, 2025 6:42:49 PM webapp.storage.AbstractStorage save
INFO: &amp#27;[32mSave ca295eb4-a7cc-4b25-8840-3ddb8eebda4e(uuid1766)
сент. 19, 2025 6:42:49 PM webapp.storage.AbstractStorage save
INFO: &amp#27;[32mSave 19aaa6c5-dbf3-4122-9b55-af002270753f(uuid1767)
сент. 19, 2025 6:42:49 PM webapp.storage.AbstractStorage save
INFO: &amp#27;[32mSave 284508bc-6219-4486-b602-3fe010f245e6(uuid1768)
сент. 19, 2025 6:42:49 PM webapp.storage.AbstractStorage save
INFO: &amp#27;[32mSave 83e0b5c1-9ecd-4997-9ab8-0a04b32b31d1(uuid1769)
сент. 19, 2025 6:42:49 PM webapp.storage.AbstractStorage save
INFO: &amp#27;[32mSave 6b3b9ae0-ff93-4cfd-82b3-28c8c620b084(uuid1770)
сент. 19, 2025 6:42:49 PM webapp.storage.AbstractStorage save
INFO: &amp#27;[32mSave 6ef215b2-d258-4504-bc32-1108c3f15e2a(uuid1771)
сент. 19, 2025 6:42:49 PM webapp.storage.AbstractStorage save
INFO: &amp#27;[32mSave d1751d09-07b9-4de1-a940-41a32aef17c9(uuid1772)
сент. 19, 2025 6:42:49 PM webapp.storage.AbstractStorage save
INFO: &amp#27;[32mSave f6269b5f-274f-4f4b-9420-59b24d7b8cc2(uuid1773)
сент. 19, 2025 6:42:49 PM webapp.storage.AbstractStorage save
INFO: &amp#27;[32mSave 809d8227-e5ce-4285-b917-c8553265a0ae(uuid1774)
сент. 19, 2025 6:42:49 PM webapp.storage.AbstractStorage save
INFO: &amp#27;[32mSave b6df4d99-e46b-4a0a-99a4-3e67b3d61b1f(uuid1775)
сент. 19, 2025 6:42:49 PM webapp.storage.AbstractStorage save
INFO: &amp#27;[32mSave c46eaf45-3d87-4203-be2c-75ad7948c427(uuid1776)
сент. 19, 2025 6:42:49 PM webapp.storage.AbstractStorage save
INFO: &amp#27;[32mSave 3db088d8-1bc6-46d0-8e17-0fa693cd0eea(uuid1777)
сент. 19, 2025 6:42:49 PM webapp.storage.AbstractStorage save
INFO: &amp#27;[32mSave 1b13b62d-5458-4360-9a7b-0acfaceaacf6(uuid1778)
сент. 19, 2025 6:42:49 PM webapp.storage.AbstractStorage save
INFO: &amp#27;[32mSave 199c74aa-a7ae-4d44-97f9-479d528a6d2c(uuid1779)
сент. 19, 2025 6:42:49 PM webapp.storage.AbstractStorage save
INFO: &amp#27;[32mSave 9fea6c8f-af74-4af2-89a1-1598813903a1(uuid1780)
сент. 19, 2025 6:42:49 PM webapp.storage.AbstractStorage save
INFO: &amp#27;[32mSave 84f55ae6-d0e3-4573-a00b-48bd7f39a03a(uuid1781)
сент. 19, 2025 6:42:49 PM webapp.storage.AbstractStorage save
INFO: &amp#27;[32mSave 8d5456b9-071a-404a-ac07-a20f7415619a(uuid1782)
сент. 19, 2025 6:42:49 PM webapp.storage.AbstractStorage save
INFO: &amp#27;[32mSave 459aa731-1776-4eb4-9bd7-8627a41e912d(uuid1783)
сент. 19, 2025 6:42:49 PM webapp.storage.AbstractStorage save
INFO: &amp#27;[32mSave 1ff49a70-2b07-4390-a832-8515b2658f46(uuid1784)
сент. 19, 2025 6:42:49 PM webapp.storage.AbstractStorage save
INFO: &amp#27;[32mSave b6148051-456e-41a9-8b3b-2524637cb292(uuid1785)
сент. 19, 2025 6:42:49 PM webapp.storage.AbstractStorage save
INFO: &amp#27;[32mSave d3b00284-2a7d-493f-bc61-c2f0ac4e8b36(uuid1786)
сент. 19, 2025 6:42:49 PM webapp.storage.AbstractStorage save
INFO: &amp#27;[32mSave e4a6d2e4-aab6-4e2d-9cdc-0a7d2e790c89(uuid1787)
сент. 19, 2025 6:42:49 PM webapp.storage.AbstractStorage save
INFO: &amp#27;[32mSave 210228a0-d5f7-4250-b315-2a88c44a7371(uuid1788)
сент. 19, 2025 6:42:49 PM webapp.storage.AbstractStorage save
INFO: &amp#27;[32mSave 079e2779-1f99-403c-b0e3-063fa21e4035(uuid1789)
сент. 19, 2025 6:42:49 PM webapp.storage.AbstractStorage save
INFO: &amp#27;[32mSave bc3244e1-5f1b-465c-bb93-99603ed61694(uuid1790)
сент. 19, 2025 6:42:49 PM webapp.storage.AbstractStorage save
INFO: &amp#27;[32mSave a02da23a-019f-4844-9783-3d2da0b2e6c1(uuid1791)
сент. 19, 2025 6:42:49 PM webapp.storage.AbstractStorage save
INFO: &amp#27;[32mSave 3904e6d3-460d-4205-9dc0-97e8ab3d6e5c(uuid1792)
сент. 19, 2025 6:42:49 PM webapp.storage.AbstractStorage save
INFO: &amp#27;[32mSave c4dc5742-80e8-4271-adec-6e4f50081db3(uuid1793)
сент. 19, 2025 6:42:49 PM webapp.storage.AbstractStorage save
INFO: &amp#27;[32mSave afe532b9-bc49-49fb-b03e-053153e69928(uuid1794)
сент. 19, 2025 6:42:49 PM webapp.storage.AbstractStorage save
INFO: &amp#27;[32mSave 73e55bb8-9285-4d6c-80df-529f2f588c8a(uuid1795)
сент. 19, 2025 6:42:49 PM webapp.storage.AbstractStorage save
INFO: &amp#27;[32mSave a0af5d4a-f0cf-4503-a50b-6941f4a7a216(uuid1796)
сент. 19, 2025 6:42:49 PM webapp.storage.AbstractStorage save
INFO: &amp#27;[32mSave 5c981bbd-7c0c-4624-8065-747908bc605e(uuid1797)
сент. 19, 2025 6:42:49 PM webapp.storage.AbstractStorage save
INFO: &amp#27;[32mSave 1451c411-f993-45d0-ace4-503cad72ca13(uuid1798)
сент. 19, 2025 6:42:49 PM webapp.storage.AbstractStorage save
INFO: &amp#27;[32mSave 3ad6f940-59bb-41f7-8536-632461a971b9(uuid1799)
сент. 19, 2025 6:42:49 PM webapp.storage.AbstractStorage save
INFO: &amp#27;[32mSave b4580862-dea0-4588-93f7-f8e9bc173ede(uuid1800)
сент. 19, 2025 6:42:49 PM webapp.storage.AbstractStorage save
INFO: &amp#27;[32mSave fb91794c-2076-4dda-8065-49d0ebd07e40(uuid1801)
сент. 19, 2025 6:42:49 PM webapp.storage.AbstractStorage save
INFO: &amp#27;[32mSave cb9ed6b6-139a-4c50-a71b-c98d79011908(uuid1802)
сент. 19, 2025 6:42:49 PM webapp.storage.AbstractStorage save
INFO: &amp#27;[32mSave 7264833f-371d-4bca-82c1-2f2b224e452e(uuid1803)
сент. 19, 2025 6:42:49 PM webapp.storage.AbstractStorage save
INFO: &amp#27;[32mSave 6956042a-34d3-4f6f-8780-9b7a90656b9c(uuid1804)
сент. 19, 2025 6:42:49 PM webapp.storage.AbstractStorage save
INFO: &amp#27;[32mSave f909fca3-0148-455c-b5cc-238d82441e18(uuid1805)
сент. 19, 2025 6:42:49 PM webapp.storage.AbstractStorage save
INFO: &amp#27;[32mSave 3529b6a9-cf87-4e64-b566-61b37103142d(uuid1806)
сент. 19, 2025 6:42:49 PM webapp.storage.AbstractStorage save
INFO: &amp#27;[32mSave 7397b1b5-89f8-4ae5-9674-acd06f44d192(uuid1807)
сент. 19, 2025 6:42:49 PM webapp.storage.AbstractStorage save
INFO: &amp#27;[32mSave bc2b9269-c20f-464f-8085-d8f7deb6e337(uuid1808)
сент. 19, 2025 6:42:49 PM webapp.storage.AbstractStorage save
INFO: &amp#27;[32mSave d6e3b145-f788-4b1e-84ce-7fc00cdafc05(uuid1809)
сент. 19, 2025 6:42:49 PM webapp.storage.AbstractStorage save
INFO: &amp#27;[32mSave 33d273f3-e699-4445-9252-58448a7f0a32(uuid1810)
сент. 19, 2025 6:42:49 PM webapp.storage.AbstractStorage save
INFO: &amp#27;[32mSave d7cab648-3220-46cf-9753-9d61c4040af6(uuid1811)
сент. 19, 2025 6:42:49 PM webapp.storage.AbstractStorage save
INFO: &amp#27;[32mSave 298b3785-ab68-41a4-9a96-6f00f64b32c8(uuid1812)
сент. 19, 2025 6:42:49 PM webapp.storage.AbstractStorage save
INFO: &amp#27;[32mSave bc10a323-0396-47a9-a933-aa5174239210(uuid1813)
сент. 19, 2025 6:42:49 PM webapp.storage.AbstractStorage save
INFO: &amp#27;[32mSave 44453f1c-d992-4366-9e61-fc7d21521f77(uuid1814)
сент. 19, 2025 6:42:49 PM webapp.storage.AbstractStorage save
INFO: &amp#27;[32mSave cc78cb52-587b-4ba6-80c1-9419881a0652(uuid1815)
сент. 19, 2025 6:42:49 PM webapp.storage.AbstractStorage save
INFO: &amp#27;[32mSave b8e56b29-23db-43b9-ad82-2be213808d9b(uuid1816)
сент. 19, 2025 6:42:49 PM webapp.storage.AbstractStorage save
INFO: &amp#27;[32mSave 8d450fb3-e8d4-4eab-8a54-28fa6a6b7544(uuid1817)
сент. 19, 2025 6:42:49 PM webapp.storage.AbstractStorage save
INFO: &amp#27;[32mSave 17168879-777b-43ef-a8be-c6ff210dd403(uuid1818)
сент. 19, 2025 6:42:49 PM webapp.storage.AbstractStorage save
INFO: &amp#27;[32mSave 59c294b8-7632-4158-89f2-91e5b184607a(uuid1819)
сент. 19, 2025 6:42:49 PM webapp.storage.AbstractStorage save
INFO: &amp#27;[32mSave 66a28bd3-f797-4bf7-9839-70b67b98be21(uuid1820)
сент. 19, 2025 6:42:49 PM webapp.storage.AbstractStorage save
INFO: &amp#27;[32mSave 0ddba5af-854e-423e-937c-75cd4d3209f2(uuid1821)
сент. 19, 2025 6:42:49 PM webapp.storage.AbstractStorage save
INFO: &amp#27;[32mSave 1b4d2702-3b32-4575-890a-0a3907828c16(uuid1822)
сент. 19, 2025 6:42:49 PM webapp.storage.AbstractStorage save
INFO: &amp#27;[32mSave d9ec8873-3c42-4235-b0d3-46f6d7757c0a(uuid1823)
сент. 19, 2025 6:42:49 PM webapp.storage.AbstractStorage save
INFO: &amp#27;[32mSave 2dc404d4-2135-42c3-82e8-d8d91bc4a700(uuid1824)
сент. 19, 2025 6:42:49 PM webapp.storage.AbstractStorage save
INFO: &amp#27;[32mSave 0f481b7d-10d4-41c5-8d64-11cc572110e3(uuid1825)
сент. 19, 2025 6:42:49 PM webapp.storage.AbstractStorage save
INFO: &amp#27;[32mSave 5759b6cb-932d-4bbf-b763-7fd0ecf3481f(uuid1826)
сент. 19, 2025 6:42:49 PM webapp.storage.AbstractStorage save
INFO: &amp#27;[32mSave 33a010a3-4524-414b-b035-81ca530eebcf(uuid1827)
сент. 19, 2025 6:42:49 PM webapp.storage.AbstractStorage save
INFO: &amp#27;[32mSave d920db97-7a30-40c2-a55f-3cff92c0ef20(uuid1828)
сент. 19, 2025 6:42:49 PM webapp.storage.AbstractStorage save
INFO: &amp#27;[32mSave 71cb554f-2922-4228-a263-8636b5251179(uuid1829)
сент. 19, 2025 6:42:49 PM webapp.storage.AbstractStorage save
INFO: &amp#27;[32mSave 9d578977-a59c-4446-beaa-583886fcc748(uuid1830)
сент. 19, 2025 6:42:49 PM webapp.storage.AbstractStorage save
INFO: &amp#27;[32mSave 5d8e41fa-b94c-4154-b4df-abb8a8fc27d4(uuid1831)
сент. 19, 2025 6:42:49 PM webapp.storage.AbstractStorage save
INFO: &amp#27;[32mSave bce3c8d0-74ac-4376-915c-ff507012cd57(uuid1832)
сент. 19, 2025 6:42:49 PM webapp.storage.AbstractStorage save
INFO: &amp#27;[32mSave 8af6ad94-5612-4235-bca9-c9a9101ad2ab(uuid1833)
сент. 19, 2025 6:42:49 PM webapp.storage.AbstractStorage save
INFO: &amp#27;[32mSave e838042f-7c52-4a6d-8213-14598e69d8a2(uuid1834)
сент. 19, 2025 6:42:49 PM webapp.storage.AbstractStorage save
INFO: &amp#27;[32mSave caa2bc56-6f8e-4727-82e3-f61699be6840(uuid1835)
сент. 19, 2025 6:42:49 PM webapp.storage.AbstractStorage save
INFO: &amp#27;[32mSave b26ae835-21d3-49f4-a9b3-f3f888d5e761(uuid1836)
сент. 19, 2025 6:42:49 PM webapp.storage.AbstractStorage save
INFO: &amp#27;[32mSave 00656ae8-fc6d-4f65-a7c3-0cee0a6c3a6d(uuid1837)
сент. 19, 2025 6:42:49 PM webapp.storage.AbstractStorage save
INFO: &amp#27;[32mSave 31942f1b-3c4f-4097-84ee-a825d2e77526(uuid1838)
сент. 19, 2025 6:42:49 PM webapp.storage.AbstractStorage save
INFO: &amp#27;[32mSave 06658e89-c997-4aa8-b296-df0f5f6c8a0d(uuid1839)
сент. 19, 2025 6:42:49 PM webapp.storage.AbstractStorage save
INFO: &amp#27;[32mSave 0a6082ba-5170-42b7-8242-750aedf547c8(uuid1840)
сент. 19, 2025 6:42:49 PM webapp.storage.AbstractStorage save
INFO: &amp#27;[32mSave cc5934b9-fdfc-4b4b-8771-675fd825ba4a(uuid1841)
сент. 19, 2025 6:42:49 PM webapp.storage.AbstractStorage save
INFO: &amp#27;[32mSave d6ee4e9b-e3ad-48ce-9e41-cffc0e2e82e5(uuid1842)
сент. 19, 2025 6:42:49 PM webapp.storage.AbstractStorage save
INFO: &amp#27;[32mSave 93eb7fd2-6f06-4d63-9457-5acb6ff220d7(uuid1843)
сент. 19, 2025 6:42:49 PM webapp.storage.AbstractStorage save
INFO: &amp#27;[32mSave 2879f7ae-1fd8-4b6a-9e80-999b894b49a7(uuid1844)
сент. 19, 2025 6:42:49 PM webapp.storage.AbstractStorage save
INFO: &amp#27;[32mSave e95c3b73-e1af-420d-8c24-bbc2f16f8ae6(uuid1845)
сент. 19, 2025 6:42:49 PM webapp.storage.AbstractStorage save
INFO: &amp#27;[32mSave fda0074c-8ccd-43d4-8e6b-7f18bb43a6f5(uuid1846)
сент. 19, 2025 6:42:49 PM webapp.storage.AbstractStorage save
INFO: &amp#27;[32mSave 17894ada-0862-4540-82c6-4aca1d816557(uuid1847)
сент. 19, 2025 6:42:49 PM webapp.storage.AbstractStorage save
INFO: &amp#27;[32mSave 8e6c4b06-f172-47d7-8ce1-f0952e7a5199(uuid1848)
сент. 19, 2025 6:42:49 PM webapp.storage.AbstractStorage save
INFO: &amp#27;[32mSave 21decdc7-8209-40b9-8bb2-8480b2172585(uuid1849)
сент. 19, 2025 6:42:49 PM webapp.storage.AbstractStorage save
INFO: &amp#27;[32mSave 23592470-29b5-4c70-a5a8-002cbdaf1ad5(uuid1850)
сент. 19, 2025 6:42:49 PM webapp.storage.AbstractStorage save
INFO: &amp#27;[32mSave 4748cc0e-d8ad-4c01-bb23-09b1d165e2ea(uuid1851)
сент. 19, 2025 6:42:49 PM webapp.storage.AbstractStorage save
INFO: &amp#27;[32mSave 1bdc9eba-eec1-4868-a4ab-a8eb0d89b8a7(uuid1852)
сент. 19, 2025 6:42:49 PM webapp.storage.AbstractStorage save
INFO: &amp#27;[32mSave 1e15df5b-a416-4dc2-a2a9-6a95bd766bc4(uuid1853)
сент. 19, 2025 6:42:49 PM webapp.storage.AbstractStorage save
INFO: &amp#27;[32mSave bf67de89-3766-40b6-b392-b1962ca2075d(uuid1854)
сент. 19, 2025 6:42:49 PM webapp.storage.AbstractStorage save
INFO: &amp#27;[32mSave d5509b44-f073-4d77-b91a-55136f40752b(uuid1855)
сент. 19, 2025 6:42:49 PM webapp.storage.AbstractStorage save
INFO: &amp#27;[32mSave ffb11785-e3c3-49f0-b20f-d1be63673f8e(uuid1856)
сент. 19, 2025 6:42:49 PM webapp.storage.AbstractStorage save
INFO: &amp#27;[32mSave d7b6d3c9-dc31-4f6c-8eee-052d0bab05d3(uuid1857)
сент. 19, 2025 6:42:49 PM webapp.storage.AbstractStorage save
INFO: &amp#27;[32mSave bad0ea33-590d-4582-bbda-5b5b5e6ad234(uuid1858)
сент. 19, 2025 6:42:49 PM webapp.storage.AbstractStorage save
INFO: &amp#27;[32mSave 1486ede6-74e7-402f-b4a9-4d6fd496f764(uuid1859)
сент. 19, 2025 6:42:49 PM webapp.storage.AbstractStorage save
INFO: &amp#27;[32mSave 16644de5-8d55-4855-8468-2923a44fd850(uuid1860)
сент. 19, 2025 6:42:49 PM webapp.storage.AbstractStorage save
INFO: &amp#27;[32mSave 0e440cf1-c21d-4d36-b927-be7e84cde96b(uuid1861)
сент. 19, 2025 6:42:49 PM webapp.storage.AbstractStorage save
INFO: &amp#27;[32mSave 9b2305a0-ed02-4158-9f25-81f1c231770c(uuid1862)
сент. 19, 2025 6:42:49 PM webapp.storage.AbstractStorage save
INFO: &amp#27;[32mSave d07eb11c-3b54-477a-9fa8-a5c0fc9aa176(uuid1863)
сент. 19, 2025 6:42:49 PM webapp.storage.AbstractStorage save
INFO: &amp#27;[32mSave fc19e726-fe88-4a93-8465-f217a81f5f32(uuid1864)
сент. 19, 2025 6:42:49 PM webapp.storage.AbstractStorage save
INFO: &amp#27;[32mSave 7ccd3914-b0b7-49d5-ace6-59efe2867b95(uuid1865)
сент. 19, 2025 6:42:49 PM webapp.storage.AbstractStorage save
INFO: &amp#27;[32mSave 57c98aec-909d-4b4e-9954-4f678c217304(uuid1866)
сент. 19, 2025 6:42:49 PM webapp.storage.AbstractStorage save
INFO: &amp#27;[32mSave 3120d89a-f618-435a-bc9c-6c5a76a0de73(uuid1867)
сент. 19, 2025 6:42:49 PM webapp.storage.AbstractStorage save
INFO: &amp#27;[32mSave 43ec32d3-c2b3-40d5-9abd-bb88adfd21a4(uuid1868)
сент. 19, 2025 6:42:49 PM webapp.storage.AbstractStorage save
INFO: &amp#27;[32mSave 46858b30-a7df-46d2-a123-dc889af5dd6e(uuid1869)
сент. 19, 2025 6:42:49 PM webapp.storage.AbstractStorage save
INFO: &amp#27;[32mSave 48473cd0-696c-4402-b688-e13781f494fa(uuid1870)
сент. 19, 2025 6:42:49 PM webapp.storage.AbstractStorage save
INFO: &amp#27;[32mSave d9446994-4c91-4e72-979a-b4e09dd80f8e(uuid1871)
сент. 19, 2025 6:42:49 PM webapp.storage.AbstractStorage save
INFO: &amp#27;[32mSave 576c222c-2ea2-4265-8f08-2de43e3c7da0(uuid1872)
сент. 19, 2025 6:42:49 PM webapp.storage.AbstractStorage save
INFO: &amp#27;[32mSave 3d0c74b7-f4ef-454a-924b-a091c33ed564(uuid1873)
сент. 19, 2025 6:42:49 PM webapp.storage.AbstractStorage save
INFO: &amp#27;[32mSave 29467869-47d4-4997-a2cb-3769d4fdda7c(uuid1874)
сент. 19, 2025 6:42:49 PM webapp.storage.AbstractStorage save
INFO: &amp#27;[32mSave 5b79f0fa-7ca0-4105-b60f-193d505b4f35(uuid1875)
сент. 19, 2025 6:42:49 PM webapp.storage.AbstractStorage save
INFO: &amp#27;[32mSave 434d197d-fc29-408b-8603-cdc9a386dbe2(uuid1876)
сент. 19, 2025 6:42:49 PM webapp.storage.AbstractStorage save
INFO: &amp#27;[32mSave 2adddef6-04bc-4dff-b6d8-295442c4f927(uuid1877)
сент. 19, 2025 6:42:49 PM webapp.storage.AbstractStorage save
INFO: &amp#27;[32mSave a3d9bebf-c5bb-4520-8f4b-bdf4ded137e4(uuid1878)
сент. 19, 2025 6:42:49 PM webapp.storage.AbstractStorage save
INFO: &amp#27;[32mSave b3b88a8e-f771-4444-83ce-6db7f5d90d40(uuid1879)
сент. 19, 2025 6:42:49 PM webapp.storage.AbstractStorage save
INFO: &amp#27;[32mSave 39a36c35-3acc-49c9-a046-3f088d49607e(uuid1880)
сент. 19, 2025 6:42:49 PM webapp.storage.AbstractStorage save
INFO: &amp#27;[32mSave 97226213-79a5-4cad-b6ac-aa25d31f88c3(uuid1881)
сент. 19, 2025 6:42:49 PM webapp.storage.AbstractStorage save
INFO: &amp#27;[32mSave 12aecde5-66a0-49d2-943c-ace5fdb30789(uuid1882)
сент. 19, 2025 6:42:49 PM webapp.storage.AbstractStorage save
INFO: &amp#27;[32mSave 22def684-1fc4-4437-8c93-84a8f6670180(uuid1883)
сент. 19, 2025 6:42:49 PM webapp.storage.AbstractStorage save
INFO: &amp#27;[32mSave bc87ad43-2de9-485c-a4d5-c3fa3c2a7902(uuid1884)
сент. 19, 2025 6:42:49 PM webapp.storage.AbstractStorage save
INFO: &amp#27;[32mSave f14ed82b-c5a3-48c1-b3bd-bfde42d54bd4(uuid1885)
сент. 19, 2025 6:42:49 PM webapp.storage.AbstractStorage save
INFO: &amp#27;[32mSave 71dc51e8-771a-46c3-836a-7c4ce5646875(uuid1886)
сент. 19, 2025 6:42:49 PM webapp.storage.AbstractStorage save
INFO: &amp#27;[32mSave 4dc7536b-6efb-4f42-ab08-28d725585edf(uuid1887)
сент. 19, 2025 6:42:49 PM webapp.storage.AbstractStorage save
INFO: &amp#27;[32mSave 5f757828-ec0e-4cfd-9da3-0fb7d00f026b(uuid1888)
сент. 19, 2025 6:42:49 PM webapp.storage.AbstractStorage save
INFO: &amp#27;[32mSave 437abb07-b6dd-41a3-b6b0-da5922ac9229(uuid1889)
сент. 19, 2025 6:42:49 PM webapp.storage.AbstractStorage save
INFO: &amp#27;[32mSave 75ba855e-6f90-4351-ac06-a3b7a13080cb(uuid1890)
сент. 19, 2025 6:42:49 PM webapp.storage.AbstractStorage save
INFO: &amp#27;[32mSave cd184bbc-6125-4390-ae6f-5c64be607bc6(uuid1891)
сент. 19, 2025 6:42:49 PM webapp.storage.AbstractStorage save
INFO: &amp#27;[32mSave 2d380da5-5c35-4128-9e36-596f137d590a(uuid1892)
сент. 19, 2025 6:42:49 PM webapp.storage.AbstractStorage save
INFO: &amp#27;[32mSave 23b7d1fc-53ef-4c1b-b787-e7cf57b80066(uuid1893)
сент. 19, 2025 6:42:49 PM webapp.storage.AbstractStorage save
INFO: &amp#27;[32mSave b32a5880-b422-4356-8128-d62402a2bf46(uuid1894)
сент. 19, 2025 6:42:49 PM webapp.storage.AbstractStorage save
INFO: &amp#27;[32mSave 7e691966-9c1f-4272-a105-b47f7d266196(uuid1895)
сент. 19, 2025 6:42:49 PM webapp.storage.AbstractStorage save
INFO: &amp#27;[32mSave c2e17a29-f812-49c6-9805-85905c62b1f7(uuid1896)
сент. 19, 2025 6:42:49 PM webapp.storage.AbstractStorage save
INFO: &amp#27;[32mSave 2df0e8a7-ba84-46fe-b68d-b22d18ba0129(uuid1897)
сент. 19, 2025 6:42:49 PM webapp.storage.AbstractStorage save
INFO: &amp#27;[32mSave aa1f18af-5f04-4c54-95a5-24aefdc83649(uuid1898)
сент. 19, 2025 6:42:49 PM webapp.storage.AbstractStorage save
INFO: &amp#27;[32mSave f5c0eadb-d7fa-4d0e-9449-f7f3f235eb73(uuid1899)
сент. 19, 2025 6:42:49 PM webapp.storage.AbstractStorage save
INFO: &amp#27;[32mSave 86d296a9-d56f-463d-bc4d-5b3940313174(uuid1900)
сент. 19, 2025 6:42:49 PM webapp.storage.AbstractStorage save
INFO: &amp#27;[32mSave 5912dbbb-fd8e-4edb-ae74-fff7f79031a1(uuid1901)
сент. 19, 2025 6:42:49 PM webapp.storage.AbstractStorage save
INFO: &amp#27;[32mSave 31cdd295-0c99-489c-99bc-07f19dd541fd(uuid1902)
сент. 19, 2025 6:42:49 PM webapp.storage.AbstractStorage save
INFO: &amp#27;[32mSave 872cbb0f-f5b3-4db6-b412-b8024a8bba03(uuid1903)
сент. 19, 2025 6:42:49 PM webapp.storage.AbstractStorage save
INFO: &amp#27;[32mSave 12408202-92cc-4b74-9064-2b06d9471845(uuid1904)
сент. 19, 2025 6:42:49 PM webapp.storage.AbstractStorage save
INFO: &amp#27;[32mSave cb16b7f5-1bbe-49d8-b95e-26ac23dc9ef7(uuid1905)
сент. 19, 2025 6:42:49 PM webapp.storage.AbstractStorage save
INFO: &amp#27;[32mSave 0c3637d5-b43a-4f84-a8c1-d9a835708d7e(uuid1906)
сент. 19, 2025 6:42:49 PM webapp.storage.AbstractStorage save
INFO: &amp#27;[32mSave 005852be-82f3-4aa0-b3e2-17a092d2a4be(uuid1907)
сент. 19, 2025 6:42:49 PM webapp.storage.AbstractStorage save
INFO: &amp#27;[32mSave bdc1b05c-5b6a-4b97-b011-cd93b4477b2f(uuid1908)
сент. 19, 2025 6:42:49 PM webapp.storage.AbstractStorage save
INFO: &amp#27;[32mSave 640cd54b-19eb-41dd-8c6e-3b5c48396184(uuid1909)
сент. 19, 2025 6:42:49 PM webapp.storage.AbstractStorage save
INFO: &amp#27;[32mSave 7466d7f4-3926-4628-af97-21b73b46d814(uuid1910)
сент. 19, 2025 6:42:49 PM webapp.storage.AbstractStorage save
INFO: &amp#27;[32mSave b0cfa319-0827-483b-98ac-7723992d9108(uuid1911)
сент. 19, 2025 6:42:49 PM webapp.storage.AbstractStorage save
INFO: &amp#27;[32mSave 8e1c02f1-7124-4afa-bd50-8781e75fac87(uuid1912)
сент. 19, 2025 6:42:49 PM webapp.storage.AbstractStorage save
INFO: &amp#27;[32mSave 6d50710c-0911-4e43-913c-b5987d0b294d(uuid1913)
сент. 19, 2025 6:42:49 PM webapp.storage.AbstractStorage save
INFO: &amp#27;[32mSave d8232432-a10c-448b-bfc3-ab19492c9599(uuid1914)
сент. 19, 2025 6:42:49 PM webapp.storage.AbstractStorage save
INFO: &amp#27;[32mSave 21743265-aec4-4e19-bb12-b325c8f04d63(uuid1915)
сент. 19, 2025 6:42:49 PM webapp.storage.AbstractStorage save
INFO: &amp#27;[32mSave d9b6ab2c-2292-4c49-ac83-d688ddecf99c(uuid1916)
сент. 19, 2025 6:42:49 PM webapp.storage.AbstractStorage save
INFO: &amp#27;[32mSave 140d1cd2-4182-404f-ab0c-6c9c7a836c4f(uuid1917)
сент. 19, 2025 6:42:49 PM webapp.storage.AbstractStorage save
INFO: &amp#27;[32mSave 5e104759-988c-4c55-b779-ca29bf69722c(uuid1918)
сент. 19, 2025 6:42:49 PM webapp.storage.AbstractStorage save
INFO: &amp#27;[32mSave 9659c57c-968f-4d2a-a4d6-8636983c0e3d(uuid1919)
сент. 19, 2025 6:42:49 PM webapp.storage.AbstractStorage save
INFO: &amp#27;[32mSave 687b8807-89d0-4f65-80d8-a04a23afba87(uuid1920)
сент. 19, 2025 6:42:49 PM webapp.storage.AbstractStorage save
INFO: &amp#27;[32mSave 28606626-1e3f-4d84-83c1-c82a785feb1f(uuid1921)
сент. 19, 2025 6:42:49 PM webapp.storage.AbstractStorage save
INFO: &amp#27;[32mSave 02f7879e-4263-4738-8d3c-093abfc2e28b(uuid1922)
сент. 19, 2025 6:42:49 PM webapp.storage.AbstractStorage save
INFO: &amp#27;[32mSave 4ef26ea7-57d6-4995-b7e2-97c8205ac392(uuid1923)
сент. 19, 2025 6:42:49 PM webapp.storage.AbstractStorage save
INFO: &amp#27;[32mSave 6c91699a-0d10-4aba-a87b-852e8fe294ca(uuid1924)
сент. 19, 2025 6:42:49 PM webapp.storage.AbstractStorage save
INFO: &amp#27;[32mSave 311fc37c-185f-4687-bfac-36013236a158(uuid1925)
сент. 19, 2025 6:42:49 PM webapp.storage.AbstractStorage save
INFO: &amp#27;[32mSave 2ea8c3a6-ee04-4c7f-9cf1-ea588b7c7dc1(uuid1926)
сент. 19, 2025 6:42:49 PM webapp.storage.AbstractStorage save
INFO: &amp#27;[32mSave c01499a4-08fc-4534-9193-1c6f0825ae75(uuid1927)
сент. 19, 2025 6:42:49 PM webapp.storage.AbstractStorage save
INFO: &amp#27;[32mSave 4f122fc4-f539-4ed6-ab71-1992053ec393(uuid1928)
сент. 19, 2025 6:42:49 PM webapp.storage.AbstractStorage save
INFO: &amp#27;[32mSave ca7b5341-7bf8-4eec-b581-16bde87060c6(uuid1929)
сент. 19, 2025 6:42:49 PM webapp.storage.AbstractStorage save
INFO: &amp#27;[32mSave 7196dfb3-0af9-4ef7-b989-e75a9867853f(uuid1930)
сент. 19, 2025 6:42:49 PM webapp.storage.AbstractStorage save
INFO: &amp#27;[32mSave 23415202-65c9-4682-ba2f-555d88dbd246(uuid1931)
сент. 19, 2025 6:42:49 PM webapp.storage.AbstractStorage save
INFO: &amp#27;[32mSave da446c34-642c-46e2-9217-df307c264cb4(uuid1932)
сент. 19, 2025 6:42:49 PM webapp.storage.AbstractStorage save
INFO: &amp#27;[32mSave 91cf46f5-8d8f-423f-8ec8-9d3af8293298(uuid1933)
сент. 19, 2025 6:42:49 PM webapp.storage.AbstractStorage save
INFO: &amp#27;[32mSave 2ee5f6ac-dca2-47c8-b103-2c07aa24bedf(uuid1934)
сент. 19, 2025 6:42:49 PM webapp.storage.AbstractStorage save
INFO: &amp#27;[32mSave eb85a3ee-1bb6-4bab-9a48-7f3c498f55e0(uuid1935)
сент. 19, 2025 6:42:49 PM webapp.storage.AbstractStorage save
INFO: &amp#27;[32mSave 7d11a522-46cc-46b0-8cba-c6e274695232(uuid1936)
сент. 19, 2025 6:42:49 PM webapp.storage.AbstractStorage save
INFO: &amp#27;[32mSave afe9ccf3-76f5-43a6-90ca-01b1ee078db5(uuid1937)
сент. 19, 2025 6:42:49 PM webapp.storage.AbstractStorage save
INFO: &amp#27;[32mSave c51be677-cf4c-417f-91b9-24a597d5f45b(uuid1938)
сент. 19, 2025 6:42:49 PM webapp.storage.AbstractStorage save
INFO: &amp#27;[32mSave 825b12a3-ff69-4c3a-9290-5c71bfffbd7c(uuid1939)
сент. 19, 2025 6:42:49 PM webapp.storage.AbstractStorage save
INFO: &amp#27;[32mSave 29476eca-cc46-4127-9773-bcc5250b027d(uuid1940)
сент. 19, 2025 6:42:49 PM webapp.storage.AbstractStorage save
INFO: &amp#27;[32mSave cfe6f71f-ca05-4ffa-9487-eff0b03b684c(uuid1941)
сент. 19, 2025 6:42:49 PM webapp.storage.AbstractStorage save
INFO: &amp#27;[32mSave d3fcf832-03a8-4666-9ca2-3dde75759a67(uuid1942)
сент. 19, 2025 6:42:49 PM webapp.storage.AbstractStorage save
INFO: &amp#27;[32mSave 478d8668-9f00-43bb-9613-a27c22e9f5e4(uuid1943)
сент. 19, 2025 6:42:49 PM webapp.storage.AbstractStorage save
INFO: &amp#27;[32mSave f7d03bb5-231e-438f-ac23-0a2b33b5db63(uuid1944)
сент. 19, 2025 6:42:49 PM webapp.storage.AbstractStorage save
INFO: &amp#27;[32mSave 54b4e28f-9ba8-4e54-a4c2-8f8b886958a4(uuid1945)
сент. 19, 2025 6:42:49 PM webapp.storage.AbstractStorage save
INFO: &amp#27;[32mSave 753c54c6-5085-441e-a4ff-08e6f35c32a1(uuid1946)
сент. 19, 2025 6:42:49 PM webapp.storage.AbstractStorage save
INFO: &amp#27;[32mSave 2cd815b2-9f10-45c6-a4a9-e25865581fc5(uuid1947)
сент. 19, 2025 6:42:49 PM webapp.storage.AbstractStorage save
INFO: &amp#27;[32mSave 4b8206bc-591a-4145-b645-b5e966d12b61(uuid1948)
сент. 19, 2025 6:42:49 PM webapp.storage.AbstractStorage save
INFO: &amp#27;[32mSave 115edea3-0403-4b9a-b355-119af861061a(uuid1949)
сент. 19, 2025 6:42:49 PM webapp.storage.AbstractStorage save
INFO: &amp#27;[32mSave c13c9bef-065e-431e-9a15-1377121140d9(uuid1950)
сент. 19, 2025 6:42:49 PM webapp.storage.AbstractStorage save
INFO: &amp#27;[32mSave 7351ebae-6d1f-4f7e-8f4f-8a37e2626a43(uuid1951)
сент. 19, 2025 6:42:49 PM webapp.storage.AbstractStorage save
INFO: &amp#27;[32mSave d7a1052e-e8f0-4776-84e0-04543dc11872(uuid1952)
сент. 19, 2025 6:42:49 PM webapp.storage.AbstractStorage save
INFO: &amp#27;[32mSave 0d977b54-de74-414e-b0d5-8d722760ad53(uuid1953)
сент. 19, 2025 6:42:49 PM webapp.storage.AbstractStorage save
INFO: &amp#27;[32mSave 0fe2fa9c-f647-4312-8de1-a22761ea6de6(uuid1954)
сент. 19, 2025 6:42:49 PM webapp.storage.AbstractStorage save
INFO: &amp#27;[32mSave 2ef19567-9826-443f-9346-7fe22a950855(uuid1955)
сент. 19, 2025 6:42:49 PM webapp.storage.AbstractStorage save
INFO: &amp#27;[32mSave 32dc248f-091d-47ff-b549-5e50db67227a(uuid1956)
сент. 19, 2025 6:42:49 PM webapp.storage.AbstractStorage save
INFO: &amp#27;[32mSave 46c337f8-4606-402e-9091-dd618ec2a19d(uuid1957)
сент. 19, 2025 6:42:49 PM webapp.storage.AbstractStorage save
INFO: &amp#27;[32mSave 70ca2a51-5ca3-4667-b1d2-23b329ec61d2(uuid1958)
сент. 19, 2025 6:42:49 PM webapp.storage.AbstractStorage save
INFO: &amp#27;[32mSave 0b3adf77-2ef3-4fcf-a10e-1cf347d6b6dc(uuid1959)
сент. 19, 2025 6:42:49 PM webapp.storage.AbstractStorage save
INFO: &amp#27;[32mSave 678627bd-96ce-4764-892c-721cb69a0b28(uuid1960)
сент. 19, 2025 6:42:49 PM webapp.storage.AbstractStorage save
INFO: &amp#27;[32mSave dad42aa3-c6d3-45bf-9a54-b050d04fcfd9(uuid1961)
сент. 19, 2025 6:42:49 PM webapp.storage.AbstractStorage save
INFO: &amp#27;[32mSave a955e63d-2f92-4f6d-ad28-b84533e3eb76(uuid1962)
сент. 19, 2025 6:42:49 PM webapp.storage.AbstractStorage save
INFO: &amp#27;[32mSave d82139b8-172d-4058-b053-1218fac415b6(uuid1963)
сент. 19, 2025 6:42:49 PM webapp.storage.AbstractStorage save
INFO: &amp#27;[32mSave 5876da98-73ba-4cd0-8b89-4364597696cb(uuid1964)
сент. 19, 2025 6:42:49 PM webapp.storage.AbstractStorage save
INFO: &amp#27;[32mSave 9e9c7910-f887-4115-84fa-4410e198efa0(uuid1965)
сент. 19, 2025 6:42:49 PM webapp.storage.AbstractStorage save
INFO: &amp#27;[32mSave bcbd3ce3-2ee7-4a99-b441-75cc1fc0a568(uuid1966)
сент. 19, 2025 6:42:49 PM webapp.storage.AbstractStorage save
INFO: &amp#27;[32mSave aa53ddb6-1290-421d-9b96-aa024505e5a8(uuid1967)
сент. 19, 2025 6:42:49 PM webapp.storage.AbstractStorage save
INFO: &amp#27;[32mSave 2e2685c1-0a69-4e89-98da-ed51e3b04c72(uuid1968)
сент. 19, 2025 6:42:49 PM webapp.storage.AbstractStorage save
INFO: &amp#27;[32mSave 96ace612-6620-4204-ae62-63cadae02b39(uuid1969)
сент. 19, 2025 6:42:49 PM webapp.storage.AbstractStorage save
INFO: &amp#27;[32mSave b6f90f29-b8e8-4291-a758-56e0c7b38b8f(uuid1970)
сент. 19, 2025 6:42:49 PM webapp.storage.AbstractStorage save
INFO: &amp#27;[32mSave a27d9294-fd28-47c6-9504-5ae339579954(uuid1971)
сент. 19, 2025 6:42:49 PM webapp.storage.AbstractStorage save
INFO: &amp#27;[32mSave 20852f02-91a7-4ec9-912a-91edf08324a8(uuid1972)
сент. 19, 2025 6:42:49 PM webapp.storage.AbstractStorage save
INFO: &amp#27;[32mSave 9f196cfc-bea1-4bfa-8621-3a11c38ea04b(uuid1973)
сент. 19, 2025 6:42:49 PM webapp.storage.AbstractStorage save
INFO: &amp#27;[32mSave 66298ed9-5af7-42ed-8505-2b73bfb35e0c(uuid1974)
сент. 19, 2025 6:42:49 PM webapp.storage.AbstractStorage save
INFO: &amp#27;[32mSave 1bf40dae-1be9-4c2e-b825-765bb25dd446(uuid1975)
сент. 19, 2025 6:42:49 PM webapp.storage.AbstractStorage save
INFO: &amp#27;[32mSave ea9b1016-8943-4f29-9aa1-a723db536ae4(uuid1976)
сент. 19, 2025 6:42:49 PM webapp.storage.AbstractStorage save
INFO: &amp#27;[32mSave 3a6d213b-863e-4610-9a7f-5b94ba2f67df(uuid1977)
сент. 19, 2025 6:42:49 PM webapp.storage.AbstractStorage save
INFO: &amp#27;[32mSave d370fffc-4b14-445a-b375-e0ba7d9f3c85(uuid1978)
сент. 19, 2025 6:42:49 PM webapp.storage.AbstractStorage save
INFO: &amp#27;[32mSave 1eec81da-f097-446a-9b0e-4f34ca815668(uuid1979)
сент. 19, 2025 6:42:49 PM webapp.storage.AbstractStorage save
INFO: &amp#27;[32mSave 1a7c4781-65af-4e20-82b4-e644ba579a55(uuid1980)
сент. 19, 2025 6:42:49 PM webapp.storage.AbstractStorage save
INFO: &amp#27;[32mSave bc4ab301-cb2d-4570-9505-b29b0931c1ce(uuid1981)
сент. 19, 2025 6:42:49 PM webapp.storage.AbstractStorage save
INFO: &amp#27;[32mSave 7e1742c3-0dee-49db-aacf-e25794ddf838(uuid1982)
сент. 19, 2025 6:42:49 PM webapp.storage.AbstractStorage save
INFO: &amp#27;[32mSave 7972a0fe-f209-424f-96a9-7329241163b7(uuid1983)
сент. 19, 2025 6:42:49 PM webapp.storage.AbstractStorage save
INFO: &amp#27;[32mSave eda679c8-46f6-47eb-992b-a44707cec82b(uuid1984)
сент. 19, 2025 6:42:49 PM webapp.storage.AbstractStorage save
INFO: &amp#27;[32mSave 9b06e31f-8b28-461e-af80-332f93450b9f(uuid1985)
сент. 19, 2025 6:42:49 PM webapp.storage.AbstractStorage save
INFO: &amp#27;[32mSave 17a37185-d66b-469a-80c2-f1ad5a24f8c8(uuid1986)
сент. 19, 2025 6:42:49 PM webapp.storage.AbstractStorage save
INFO: &amp#27;[32mSave 72b37ae0-1933-4d8d-bad2-ef9cb910bd54(uuid1987)
сент. 19, 2025 6:42:49 PM webapp.storage.AbstractStorage save
INFO: &amp#27;[32mSave 3737edad-b0ad-4695-8482-4eefc8a66c02(uuid1988)
сент. 19, 2025 6:42:49 PM webapp.storage.AbstractStorage save
INFO: &amp#27;[32mSave 5b1ae5d6-d5ba-4082-ab82-f9f3d23deb51(uuid1989)
сент. 19, 2025 6:42:49 PM webapp.storage.AbstractStorage save
INFO: &amp#27;[32mSave a9331ed0-48d5-4671-be26-e1d72f97af11(uuid1990)
сент. 19, 2025 6:42:49 PM webapp.storage.AbstractStorage save
INFO: &amp#27;[32mSave 611b1b18-f59a-4ec1-9e82-3edf7dfa4eee(uuid1991)
сент. 19, 2025 6:42:49 PM webapp.storage.AbstractStorage save
INFO: &amp#27;[32mSave 1732a1f4-763c-483a-a5ae-cadd9c2feb34(uuid1992)
сент. 19, 2025 6:42:49 PM webapp.storage.AbstractStorage save
INFO: &amp#27;[32mSave 7633d044-4b0e-4b4c-955e-1d5df97350b5(uuid1993)
сент. 19, 2025 6:42:49 PM webapp.storage.AbstractStorage save
INFO: &amp#27;[32mSave 6d81cc2a-cb53-41e4-b76d-0e035f623119(uuid1994)
сент. 19, 2025 6:42:49 PM webapp.storage.AbstractStorage save
INFO: &amp#27;[32mSave cf58a6e0-1c9f-462a-8950-0ad2bce9d36c(uuid1995)
сент. 19, 2025 6:42:49 PM webapp.storage.AbstractStorage save
INFO: &amp#27;[32mSave f114c14a-167a-4cb0-8657-6221036e6168(uuid1996)
сент. 19, 2025 6:42:49 PM webapp.storage.AbstractStorage save
INFO: &amp#27;[32mSave 5209e673-90d2-4fb7-b0da-400b69da46ba(uuid1997)
сент. 19, 2025 6:42:49 PM webapp.storage.AbstractStorage save
INFO: &amp#27;[32mSave 8dc7dc63-0d92-4711-9ed3-a358900b98fe(uuid1998)
сент. 19, 2025 6:42:49 PM webapp.storage.AbstractStorage save
INFO: &amp#27;[32mSave c56a21b4-99a3-47d1-a9e2-aecd530fde28(uuid1999)
сент. 19, 2025 6:42:49 PM webapp.storage.AbstractStorage save
INFO: &amp#27;[32mSave 3216b3b5-162e-4467-ace0-4d221e6769d5(uuid2000)
сент. 19, 2025 6:42:49 PM webapp.storage.AbstractStorage save
INFO: &amp#27;[32mSave 6c6b9c74-274d-477c-8ca7-6adf5ddb74e8(uuid2001)
сент. 19, 2025 6:42:49 PM webapp.storage.AbstractStorage save
INFO: &amp#27;[32mSave f10a5713-d919-4dfd-873e-bf62d41bca6d(uuid2002)
сент. 19, 2025 6:42:49 PM webapp.storage.AbstractStorage save
INFO: &amp#27;[32mSave c5d8b398-b757-4d7d-8f78-7bce6919228b(uuid2003)
сент. 19, 2025 6:42:49 PM webapp.storage.AbstractStorage save
INFO: &amp#27;[32mSave 0be4ffba-dc4c-4087-8366-f5c3bd851664(uuid2004)
сент. 19, 2025 6:42:49 PM webapp.storage.AbstractStorage save
INFO: &amp#27;[32mSave 2662251f-4968-4ed5-bd89-9c2deb280161(uuid2005)
сент. 19, 2025 6:42:49 PM webapp.storage.AbstractStorage save
INFO: &amp#27;[32mSave c1b0717e-08d6-4bb3-b2b2-12de033788e1(uuid2006)
сент. 19, 2025 6:42:49 PM webapp.storage.AbstractStorage save
INFO: &amp#27;[32mSave fba94ab6-e658-4811-a1af-d9e602ddf5a7(uuid2007)
сент. 19, 2025 6:42:49 PM webapp.storage.AbstractStorage save
INFO: &amp#27;[32mSave 0cb311d1-ac44-4204-9bb2-057b70382262(uuid2008)
сент. 19, 2025 6:42:49 PM webapp.storage.AbstractStorage save
INFO: &amp#27;[32mSave af05edad-49fd-413e-893a-ecdecbb9f14f(uuid2009)
сент. 19, 2025 6:42:49 PM webapp.storage.AbstractStorage save
INFO: &amp#27;[32mSave d2185278-f7c0-4d24-bccc-5865bf11fd2d(uuid2010)
сент. 19, 2025 6:42:49 PM webapp.storage.AbstractStorage save
INFO: &amp#27;[32mSave ee639d36-7a11-4b65-9752-d4d83862d3fa(uuid2011)
сент. 19, 2025 6:42:49 PM webapp.storage.AbstractStorage save
INFO: &amp#27;[32mSave bbde008f-e52a-4f74-9ac1-487c1c9e06bc(uuid2012)
сент. 19, 2025 6:42:49 PM webapp.storage.AbstractStorage save
INFO: &amp#27;[32mSave 62256aa7-4958-495e-b003-991ed4053caa(uuid2013)
сент. 19, 2025 6:42:49 PM webapp.storage.AbstractStorage save
INFO: &amp#27;[32mSave ac1b821d-2374-4499-b483-b113a8262c12(uuid2014)
сент. 19, 2025 6:42:49 PM webapp.storage.AbstractStorage save
INFO: &amp#27;[32mSave f2cf7db6-203c-4379-8c91-df4bc35a589b(uuid2015)
сент. 19, 2025 6:42:49 PM webapp.storage.AbstractStorage save
INFO: &amp#27;[32mSave 5f54a266-430c-4638-af95-a8a6ab1d0ec0(uuid2016)
сент. 19, 2025 6:42:49 PM webapp.storage.AbstractStorage save
INFO: &amp#27;[32mSave 7118cdf0-4921-4b60-87b7-f6c354158ee1(uuid2017)
сент. 19, 2025 6:42:49 PM webapp.storage.AbstractStorage save
INFO: &amp#27;[32mSave 9a6128e7-800b-43ae-9d48-3aa3dc347736(uuid2018)
сент. 19, 2025 6:42:49 PM webapp.storage.AbstractStorage save
INFO: &amp#27;[32mSave 7a339dce-7257-41ab-8b80-f4d19bcdfc52(uuid2019)
сент. 19, 2025 6:42:49 PM webapp.storage.AbstractStorage save
INFO: &amp#27;[32mSave af9d3531-c4d8-430e-ad92-a6a77cdc590e(uuid2020)
сент. 19, 2025 6:42:49 PM webapp.storage.AbstractStorage save
INFO: &amp#27;[32mSave 55c55e25-d953-4cdd-9179-a503107f0ae7(uuid2021)
сент. 19, 2025 6:42:49 PM webapp.storage.AbstractStorage save
INFO: &amp#27;[32mSave 85199143-0425-465d-95d1-f2a825533dad(uuid2022)
сент. 19, 2025 6:42:49 PM webapp.storage.AbstractStorage save
INFO: &amp#27;[32mSave f8df14c1-1d77-499f-8adb-1b4e16975d3d(uuid2023)
сент. 19, 2025 6:42:49 PM webapp.storage.AbstractStorage save
INFO: &amp#27;[32mSave 73b0c8b8-3cbb-4a69-9253-fe7c4107aee7(uuid2024)
сент. 19, 2025 6:42:49 PM webapp.storage.AbstractStorage save
INFO: &amp#27;[32mSave 3c804417-9826-42f3-b924-497ece3e223d(uuid2025)
сент. 19, 2025 6:42:49 PM webapp.storage.AbstractStorage save
INFO: &amp#27;[32mSave d67558ed-cdc8-4fa1-a2f3-f8566c0dae41(uuid2026)
сент. 19, 2025 6:42:49 PM webapp.storage.AbstractStorage save
INFO: &amp#27;[32mSave 84b90ae6-cd49-4ff8-ae14-a41da81f7012(uuid2027)
сент. 19, 2025 6:42:49 PM webapp.storage.AbstractStorage save
INFO: &amp#27;[32mSave 3d822f36-4ae2-47d7-aeb1-c3e09b5a578a(uuid2028)
сент. 19, 2025 6:42:49 PM webapp.storage.AbstractStorage save
INFO: &amp#27;[32mSave 4693e926-6b88-4366-a959-8d33f981b8f1(uuid2029)
сент. 19, 2025 6:42:49 PM webapp.storage.AbstractStorage save
INFO: &amp#27;[32mSave c3dde913-a233-416b-af42-a917ad8fefa2(uuid2030)
сент. 19, 2025 6:42:49 PM webapp.storage.AbstractStorage save
INFO: &amp#27;[32mSave 559873e1-de05-4a38-b123-d8b5936ecb23(uuid2031)
сент. 19, 2025 6:42:49 PM webapp.storage.AbstractStorage save
INFO: &amp#27;[32mSave 97e36bf5-79a5-44ed-9d95-397ebc246ba0(uuid2032)
сент. 19, 2025 6:42:49 PM webapp.storage.AbstractStorage save
INFO: &amp#27;[32mSave 8a92f00c-d2f7-48b5-8d3d-073ca3973fa3(uuid2033)
сент. 19, 2025 6:42:49 PM webapp.storage.AbstractStorage save
INFO: &amp#27;[32mSave 4a525044-efab-43ad-9efa-17891c355ce1(uuid2034)
сент. 19, 2025 6:42:49 PM webapp.storage.AbstractStorage save
INFO: &amp#27;[32mSave 26e30ad1-6543-44a3-b79e-ef5b47281807(uuid2035)
сент. 19, 2025 6:42:49 PM webapp.storage.AbstractStorage save
INFO: &amp#27;[32mSave ce7f85cd-b04a-4cb3-a27d-e2b929e80cca(uuid2036)
сент. 19, 2025 6:42:49 PM webapp.storage.AbstractStorage save
INFO: &amp#27;[32mSave fe9cee02-c25f-434d-9c32-6e34efa969ec(uuid2037)
сент. 19, 2025 6:42:49 PM webapp.storage.AbstractStorage save
INFO: &amp#27;[32mSave bc3b2e4a-525f-483c-a9bd-a7b977bcc753(uuid2038)
сент. 19, 2025 6:42:49 PM webapp.storage.AbstractStorage save
INFO: &amp#27;[32mSave b3bf2655-e337-4c03-a20c-2fe5180b1e86(uuid2039)
сент. 19, 2025 6:42:49 PM webapp.storage.AbstractStorage save
INFO: &amp#27;[32mSave 578ba1d3-fe1e-48ea-97e3-8fe196625bc2(uuid2040)
сент. 19, 2025 6:42:49 PM webapp.storage.AbstractStorage save
INFO: &amp#27;[32mSave 2ac63988-f845-440b-8fae-a0c9c51f3da8(uuid2041)
сент. 19, 2025 6:42:49 PM webapp.storage.AbstractStorage save
INFO: &amp#27;[32mSave 3d2c3056-91e0-4d50-9f6f-b1806fb12450(uuid2042)
сент. 19, 2025 6:42:49 PM webapp.storage.AbstractStorage save
INFO: &amp#27;[32mSave 166afdb9-ec98-4a1e-9ff2-574afc25eb9c(uuid2043)
сент. 19, 2025 6:42:49 PM webapp.storage.AbstractStorage save
INFO: &amp#27;[32mSave 2497ce96-3d17-492b-b0f8-6f7ca47d88dd(uuid2044)
сент. 19, 2025 6:42:49 PM webapp.storage.AbstractStorage save
INFO: &amp#27;[32mSave 28d79597-426c-4c10-af67-cce7575ee668(uuid2045)
сент. 19, 2025 6:42:49 PM webapp.storage.AbstractStorage save
INFO: &amp#27;[32mSave b22c2afe-1465-4bc8-8d68-191017e5f544(uuid2046)
сент. 19, 2025 6:42:49 PM webapp.storage.AbstractStorage save
INFO: &amp#27;[32mSave ee7ce2ba-a833-47dc-8c08-5243923048c9(uuid2047)
сент. 19, 2025 6:42:49 PM webapp.storage.AbstractStorage save
INFO: &amp#27;[32mSave 6a302811-3da2-4254-b3d5-4b406ce44225(uuid2048)
сент. 19, 2025 6:42:49 PM webapp.storage.AbstractStorage save
INFO: &amp#27;[32mSave 3e3de961-a4cb-4c31-be58-0961912c7752(uuid2049)
сент. 19, 2025 6:42:49 PM webapp.storage.AbstractStorage save
INFO: &amp#27;[32mSave fcfee0f0-1ef1-4223-b384-9e29f2898132(uuid2050)
сент. 19, 2025 6:42:49 PM webapp.storage.AbstractStorage save
INFO: &amp#27;[32mSave 4c0baa01-d22e-4bc6-ba52-6cb473866215(uuid2051)
сент. 19, 2025 6:42:49 PM webapp.storage.AbstractStorage save
INFO: &amp#27;[32mSave 2301bea8-76f5-498f-ae73-aa8a7351c636(uuid2052)
сент. 19, 2025 6:42:49 PM webapp.storage.AbstractStorage save
INFO: &amp#27;[32mSave 42a46d4d-2101-4fb1-b78e-81c41e01b2ce(uuid2053)
сент. 19, 2025 6:42:49 PM webapp.storage.AbstractStorage save
INFO: &amp#27;[32mSave fc87acac-5c69-486d-9b73-f67da6cb22be(uuid2054)
сент. 19, 2025 6:42:49 PM webapp.storage.AbstractStorage save
INFO: &amp#27;[32mSave 775cbdaa-9052-49de-be4e-7df51539de3a(uuid2055)
сент. 19, 2025 6:42:49 PM webapp.storage.AbstractStorage save
INFO: &amp#27;[32mSave 0f04f1d2-8c8c-4d42-9acc-a70b51d9608b(uuid2056)
сент. 19, 2025 6:42:49 PM webapp.storage.AbstractStorage save
INFO: &amp#27;[32mSave fdf71929-2094-4c7c-9174-8d2bd543edf0(uuid2057)
сент. 19, 2025 6:42:49 PM webapp.storage.AbstractStorage save
INFO: &amp#27;[32mSave 316d8945-ba43-436f-b3dd-ff0e5c42a858(uuid2058)
сент. 19, 2025 6:42:49 PM webapp.storage.AbstractStorage save
INFO: &amp#27;[32mSave d854a001-e415-4b14-93cf-0e0e7116b23b(uuid2059)
сент. 19, 2025 6:42:49 PM webapp.storage.AbstractStorage save
INFO: &amp#27;[32mSave 96899d0f-1871-4141-9302-93873c416f2e(uuid2060)
сент. 19, 2025 6:42:49 PM webapp.storage.AbstractStorage save
INFO: &amp#27;[32mSave 6f057ce0-398c-4a47-bfc6-fd758fe3841d(uuid2061)
сент. 19, 2025 6:42:49 PM webapp.storage.AbstractStorage save
INFO: &amp#27;[32mSave 114bd4b7-62cb-48c2-9838-f65b332b5164(uuid2062)
сент. 19, 2025 6:42:49 PM webapp.storage.AbstractStorage save
INFO: &amp#27;[32mSave 67a1f95c-041f-449f-abe3-d874c25b3474(uuid2063)
сент. 19, 2025 6:42:49 PM webapp.storage.AbstractStorage save
INFO: &amp#27;[32mSave c1aef438-0bf3-4145-bc14-4294c2627f21(uuid2064)
сент. 19, 2025 6:42:49 PM webapp.storage.AbstractStorage save
INFO: &amp#27;[32mSave 60ca75a8-9c7b-4323-9cb2-de6e64af2ef8(uuid2065)
сент. 19, 2025 6:42:49 PM webapp.storage.AbstractStorage save
INFO: &amp#27;[32mSave eff5c7d7-bc47-4a26-b95f-f6f2480880c6(uuid2066)
сент. 19, 2025 6:42:49 PM webapp.storage.AbstractStorage save
INFO: &amp#27;[32mSave d2d8ea92-2682-44d2-b893-82101d68996d(uuid2067)
сент. 19, 2025 6:42:49 PM webapp.storage.AbstractStorage save
INFO: &amp#27;[32mSave 38983343-f665-4de1-8e77-b4b87bb89fd4(uuid2068)
сент. 19, 2025 6:42:49 PM webapp.storage.AbstractStorage save
INFO: &amp#27;[32mSave d14494e9-88fd-4c81-924a-3f2e58184bc4(uuid2069)
сент. 19, 2025 6:42:49 PM webapp.storage.AbstractStorage save
INFO: &amp#27;[32mSave 072a7742-ad5c-4158-866e-1c4e38697457(uuid2070)
сент. 19, 2025 6:42:49 PM webapp.storage.AbstractStorage save
INFO: &amp#27;[32mSave 4924d998-f03b-4a67-a5fd-c3a6327dba3a(uuid2071)
сент. 19, 2025 6:42:49 PM webapp.storage.AbstractStorage save
INFO: &amp#27;[32mSave 0400f272-51ed-4d0f-bc2a-518d116267be(uuid2072)
сент. 19, 2025 6:42:49 PM webapp.storage.AbstractStorage save
INFO: &amp#27;[32mSave 94738837-f17a-4ec9-bfcb-733a8d5488f0(uuid2073)
сент. 19, 2025 6:42:49 PM webapp.storage.AbstractStorage save
INFO: &amp#27;[32mSave a99360d5-411e-43ee-b6d0-cd945682bda8(uuid2074)
сент. 19, 2025 6:42:49 PM webapp.storage.AbstractStorage save
INFO: &amp#27;[32mSave b67fc5ac-5248-4069-b4d2-6b277b5defce(uuid2075)
сент. 19, 2025 6:42:49 PM webapp.storage.AbstractStorage save
INFO: &amp#27;[32mSave 91ecdcba-ad48-4f62-bf62-b497e8efd66f(uuid2076)
сент. 19, 2025 6:42:49 PM webapp.storage.AbstractStorage save
INFO: &amp#27;[32mSave 8c44d8d7-3a7f-4889-85ba-37c349010fa1(uuid2077)
сент. 19, 2025 6:42:49 PM webapp.storage.AbstractStorage save
INFO: &amp#27;[32mSave 0373084b-2043-4fb6-b33a-dad5d095e0b3(uuid2078)
сент. 19, 2025 6:42:49 PM webapp.storage.AbstractStorage save
INFO: &amp#27;[32mSave 6aa0e3a9-e3c8-4501-a674-a33a8b717993(uuid2079)
сент. 19, 2025 6:42:49 PM webapp.storage.AbstractStorage save
INFO: &amp#27;[32mSave fd1160d7-1776-4739-8a5a-e75154dc55db(uuid2080)
сент. 19, 2025 6:42:49 PM webapp.storage.AbstractStorage save
INFO: &amp#27;[32mSave d88478cc-0ceb-45f0-84f0-b2addfbeb06a(uuid2081)
сент. 19, 2025 6:42:49 PM webapp.storage.AbstractStorage save
INFO: &amp#27;[32mSave c77bcd83-5146-495e-8f20-3bc758ef6e94(uuid2082)
сент. 19, 2025 6:42:49 PM webapp.storage.AbstractStorage save
INFO: &amp#27;[32mSave 31e74f26-da62-4b0f-b4a2-b7c56cd59557(uuid2083)
сент. 19, 2025 6:42:49 PM webapp.storage.AbstractStorage save
INFO: &amp#27;[32mSave 7cddebc6-f08e-44ec-bddc-406655782c5e(uuid2084)
сент. 19, 2025 6:42:49 PM webapp.storage.AbstractStorage save
INFO: &amp#27;[32mSave 799d9994-95b2-45ac-88f2-8e92e42ad64f(uuid2085)
сент. 19, 2025 6:42:49 PM webapp.storage.AbstractStorage save
INFO: &amp#27;[32mSave 8bb68704-2ea5-4bc8-9c7f-76c12b0dcd5c(uuid2086)
сент. 19, 2025 6:42:49 PM webapp.storage.AbstractStorage save
INFO: &amp#27;[32mSave 218b6cb4-8c15-48c2-ad61-b5351efa385d(uuid2087)
сент. 19, 2025 6:42:49 PM webapp.storage.AbstractStorage save
INFO: &amp#27;[32mSave 487e0069-f723-4ca3-b8f6-4c5dab4c8776(uuid2088)
сент. 19, 2025 6:42:49 PM webapp.storage.AbstractStorage save
INFO: &amp#27;[32mSave bbf19e99-9f4d-4c54-ac72-c6cfe726332b(uuid2089)
сент. 19, 2025 6:42:49 PM webapp.storage.AbstractStorage save
INFO: &amp#27;[32mSave 953f2353-7e1c-466e-b964-b2498b29a098(uuid2090)
сент. 19, 2025 6:42:49 PM webapp.storage.AbstractStorage save
INFO: &amp#27;[32mSave ec1b2e8a-ecc5-4b86-a3ff-2332fe8ba641(uuid2091)
сент. 19, 2025 6:42:49 PM webapp.storage.AbstractStorage save
INFO: &amp#27;[32mSave 93567497-9619-42cd-8ddf-4a185419c982(uuid2092)
сент. 19, 2025 6:42:49 PM webapp.storage.AbstractStorage save
INFO: &amp#27;[32mSave 82a3d36a-4454-44f9-b061-45b59191787c(uuid2093)
сент. 19, 2025 6:42:49 PM webapp.storage.AbstractStorage save
INFO: &amp#27;[32mSave 0a82f043-7066-49d8-8ad3-80b92a65ed72(uuid2094)
сент. 19, 2025 6:42:49 PM webapp.storage.AbstractStorage save
INFO: &amp#27;[32mSave 978d58e2-8d19-45d0-8a08-590ecbb0c03d(uuid2095)
сент. 19, 2025 6:42:49 PM webapp.storage.AbstractStorage save
INFO: &amp#27;[32mSave cb28a114-ffe3-4b99-9781-33c6ccf4d82f(uuid2096)
сент. 19, 2025 6:42:49 PM webapp.storage.AbstractStorage save
INFO: &amp#27;[32mSave 67c420c4-4bb5-4b07-80ff-f4a037aa0afa(uuid2097)
сент. 19, 2025 6:42:49 PM webapp.storage.AbstractStorage save
INFO: &amp#27;[32mSave 3c3aa1f9-71a2-465c-befd-93dc3fffd094(uuid2098)
сент. 19, 2025 6:42:49 PM webapp.storage.AbstractStorage save
INFO: &amp#27;[32mSave 7d357057-4cd9-44ca-8eb7-fde603900ee5(uuid2099)
сент. 19, 2025 6:42:49 PM webapp.storage.AbstractStorage save
INFO: &amp#27;[32mSave cdf552a4-1b3c-428c-aa59-cd5aac35a072(uuid2100)
сент. 19, 2025 6:42:49 PM webapp.storage.AbstractStorage save
INFO: &amp#27;[32mSave 5acc6495-2484-4c61-8750-3d044c95353e(uuid2101)
сент. 19, 2025 6:42:49 PM webapp.storage.AbstractStorage save
INFO: &amp#27;[32mSave 820ea96b-d35a-4c42-aa52-1f7a5123e5ac(uuid2102)
сент. 19, 2025 6:42:49 PM webapp.storage.AbstractStorage save
INFO: &amp#27;[32mSave a3475d0d-220b-4448-b9a8-6a47060f2537(uuid2103)
сент. 19, 2025 6:42:49 PM webapp.storage.AbstractStorage save
INFO: &amp#27;[32mSave 49430391-f53f-484d-ac7e-1e368bcb13f8(uuid2104)
сент. 19, 2025 6:42:49 PM webapp.storage.AbstractStorage save
INFO: &amp#27;[32mSave 11d3551a-4bec-4d1f-a5e0-1f9b41698e4a(uuid2105)
сент. 19, 2025 6:42:49 PM webapp.storage.AbstractStorage save
INFO: &amp#27;[32mSave 31c7a694-8c7f-4bee-8542-e375da39f6cc(uuid2106)
сент. 19, 2025 6:42:49 PM webapp.storage.AbstractStorage save
INFO: &amp#27;[32mSave 623d1435-8073-42ac-afd3-967f458ab16d(uuid2107)
сент. 19, 2025 6:42:49 PM webapp.storage.AbstractStorage save
INFO: &amp#27;[32mSave d8a49aec-8694-400e-9908-fe929e28f85b(uuid2108)
сент. 19, 2025 6:42:49 PM webapp.storage.AbstractStorage save
INFO: &amp#27;[32mSave 204bfafc-db14-48cd-9ea6-847f57dd8cf6(uuid2109)
сент. 19, 2025 6:42:49 PM webapp.storage.AbstractStorage save
INFO: &amp#27;[32mSave 777e511c-122f-4b48-be90-dd0de110fa9c(uuid2110)
сент. 19, 2025 6:42:49 PM webapp.storage.AbstractStorage save
INFO: &amp#27;[32mSave 46a7f1c0-4b5b-4785-8a79-32c1145d2fd7(uuid2111)
сент. 19, 2025 6:42:49 PM webapp.storage.AbstractStorage save
INFO: &amp#27;[32mSave 80f97c98-1222-424d-aa57-7373da8acc6c(uuid2112)
сент. 19, 2025 6:42:49 PM webapp.storage.AbstractStorage save
INFO: &amp#27;[32mSave 474e7836-12ff-40f1-aa6e-89b99d839872(uuid2113)
сент. 19, 2025 6:42:49 PM webapp.storage.AbstractStorage save
INFO: &amp#27;[32mSave 8631f313-4c58-4ea8-80f9-34749862a63e(uuid2114)
сент. 19, 2025 6:42:49 PM webapp.storage.AbstractStorage save
INFO: &amp#27;[32mSave 1cb3ca5c-b787-48bc-af72-55d902684734(uuid2115)
сент. 19, 2025 6:42:49 PM webapp.storage.AbstractStorage save
INFO: &amp#27;[32mSave c47de6c3-cd46-486c-b930-9c8f161f16e6(uuid2116)
сент. 19, 2025 6:42:49 PM webapp.storage.AbstractStorage save
INFO: &amp#27;[32mSave 882998cf-7fde-44f5-9716-745855d7894a(uuid2117)
сент. 19, 2025 6:42:49 PM webapp.storage.AbstractStorage save
INFO: &amp#27;[32mSave e5085290-d0d1-42b3-8cb8-f815efa5aa20(uuid2118)
сент. 19, 2025 6:42:49 PM webapp.storage.AbstractStorage save
INFO: &amp#27;[32mSave 70d31393-0346-4586-bddd-9a7d6e7ba0ae(uuid2119)
сент. 19, 2025 6:42:49 PM webapp.storage.AbstractStorage save
INFO: &amp#27;[32mSave 108f8b9b-a370-487a-be8c-e7b4203f481c(uuid2120)
сент. 19, 2025 6:42:49 PM webapp.storage.AbstractStorage save
INFO: &amp#27;[32mSave ab5a342d-37f3-44e1-adb6-a76ac85d1d99(uuid2121)
сент. 19, 2025 6:42:49 PM webapp.storage.AbstractStorage save
INFO: &amp#27;[32mSave 8e71dc9b-2ebc-43dd-bbd1-b15632635fd0(uuid2122)
сент. 19, 2025 6:42:49 PM webapp.storage.AbstractStorage save
INFO: &amp#27;[32mSave 5400bb4a-e450-49f7-abe3-2695f2d5e3f8(uuid2123)
сент. 19, 2025 6:42:49 PM webapp.storage.AbstractStorage save
INFO: &amp#27;[32mSave 74727a73-319d-4fe1-84d8-f865ef7b57d7(uuid2124)
сент. 19, 2025 6:42:49 PM webapp.storage.AbstractStorage save
INFO: &amp#27;[32mSave 0e26fb1b-3282-4c50-b551-0895cae32bb0(uuid2125)
сент. 19, 2025 6:42:49 PM webapp.storage.AbstractStorage save
INFO: &amp#27;[32mSave 6c69277e-7f1d-4c56-b03d-92da99e336f6(uuid2126)
сент. 19, 2025 6:42:49 PM webapp.storage.AbstractStorage save
INFO: &amp#27;[32mSave e3d5d40c-8af5-4548-a2c4-7673cde1f987(uuid2127)
сент. 19, 2025 6:42:49 PM webapp.storage.AbstractStorage save
INFO: &amp#27;[32mSave fe516dff-7c1f-43bc-b733-38821bc4b4c2(uuid2128)
сент. 19, 2025 6:42:49 PM webapp.storage.AbstractStorage save
INFO: &amp#27;[32mSave 1e4adf6b-f509-48b6-96c9-45820ad373c9(uuid2129)
сент. 19, 2025 6:42:49 PM webapp.storage.AbstractStorage save
INFO: &amp#27;[32mSave a7a9aa92-cb56-4f25-a7f7-697eab122606(uuid2130)
сент. 19, 2025 6:42:49 PM webapp.storage.AbstractStorage save
INFO: &amp#27;[32mSave e52abbd4-8317-4053-ae85-ec71695728f7(uuid2131)
сент. 19, 2025 6:42:49 PM webapp.storage.AbstractStorage save
INFO: &amp#27;[32mSave ef8f7860-3ada-4b8e-b8ed-959a593e55ca(uuid2132)
сент. 19, 2025 6:42:49 PM webapp.storage.AbstractStorage save
INFO: &amp#27;[32mSave 5bbe08b7-21c6-43ce-b147-fe02b5ec16be(uuid2133)
сент. 19, 2025 6:42:49 PM webapp.storage.AbstractStorage save
INFO: &amp#27;[32mSave f4de5b23-8c2d-41d9-893d-952e0588b020(uuid2134)
сент. 19, 2025 6:42:49 PM webapp.storage.AbstractStorage save
INFO: &amp#27;[32mSave 6656e958-7ae3-4a55-a096-465419c6bf2d(uuid2135)
сент. 19, 2025 6:42:49 PM webapp.storage.AbstractStorage save
INFO: &amp#27;[32mSave cf6e18fd-b726-4fe2-a775-1f8dc3195966(uuid2136)
сент. 19, 2025 6:42:49 PM webapp.storage.AbstractStorage save
INFO: &amp#27;[32mSave dfc4dfd9-d7bf-4747-97fa-0fa2cf3f67c9(uuid2137)
сент. 19, 2025 6:42:49 PM webapp.storage.AbstractStorage save
INFO: &amp#27;[32mSave c73a19a7-fba4-4170-bc0c-6a9701bce14a(uuid2138)
сент. 19, 2025 6:42:49 PM webapp.storage.AbstractStorage save
INFO: &amp#27;[32mSave 6866d8c7-b431-4faa-a24f-a4bc0b88611a(uuid2139)
сент. 19, 2025 6:42:49 PM webapp.storage.AbstractStorage save
INFO: &amp#27;[32mSave 8b9244b8-1893-4c10-a718-bf9b0b7a09be(uuid2140)
сент. 19, 2025 6:42:49 PM webapp.storage.AbstractStorage save
INFO: &amp#27;[32mSave b86ba333-83a5-4a1c-91d7-78aa78aa05d5(uuid2141)
сент. 19, 2025 6:42:49 PM webapp.storage.AbstractStorage save
INFO: &amp#27;[32mSave b848606e-80c5-4541-9aed-e67cb1a3d1b4(uuid2142)
сент. 19, 2025 6:42:49 PM webapp.storage.AbstractStorage save
INFO: &amp#27;[32mSave 265ed027-8c43-422e-8cf8-981666f654bb(uuid2143)
сент. 19, 2025 6:42:49 PM webapp.storage.AbstractStorage save
INFO: &amp#27;[32mSave 003349c5-3502-4292-9900-cbb30d1e1355(uuid2144)
сент. 19, 2025 6:42:49 PM webapp.storage.AbstractStorage save
INFO: &amp#27;[32mSave cd3b9806-8d13-4668-b893-440ced4e6423(uuid2145)
сент. 19, 2025 6:42:49 PM webapp.storage.AbstractStorage save
INFO: &amp#27;[32mSave 8da14d18-6ec0-48b7-b184-12f77d40bde1(uuid2146)
сент. 19, 2025 6:42:49 PM webapp.storage.AbstractStorage save
INFO: &amp#27;[32mSave 8deed641-08f7-4e6e-bfd2-76d2d187d5fe(uuid2147)
сент. 19, 2025 6:42:49 PM webapp.storage.AbstractStorage save
INFO: &amp#27;[32mSave a2219c54-4d86-4ebe-a6cf-b7ffaec11081(uuid2148)
сент. 19, 2025 6:42:49 PM webapp.storage.AbstractStorage save
INFO: &amp#27;[32mSave d9aebedf-14f6-4f6e-9315-d7cdc3fb6f33(uuid2149)
сент. 19, 2025 6:42:49 PM webapp.storage.AbstractStorage save
INFO: &amp#27;[32mSave bed8eb7c-5933-44ae-bcd1-f1024d5347d6(uuid2150)
сент. 19, 2025 6:42:49 PM webapp.storage.AbstractStorage save
INFO: &amp#27;[32mSave 40728f76-439b-49be-90f3-cb1c23ac9d0e(uuid2151)
сент. 19, 2025 6:42:49 PM webapp.storage.AbstractStorage save
INFO: &amp#27;[32mSave aff39476-3fb0-4293-ab52-8d099a5cfaac(uuid2152)
сент. 19, 2025 6:42:49 PM webapp.storage.AbstractStorage save
INFO: &amp#27;[32mSave 7c318104-27ca-4079-9b7d-c1ec48b55686(uuid2153)
сент. 19, 2025 6:42:49 PM webapp.storage.AbstractStorage save
INFO: &amp#27;[32mSave 9a6b6472-6c09-43ae-a9ab-f1cc9c69056d(uuid2154)
сент. 19, 2025 6:42:49 PM webapp.storage.AbstractStorage save
INFO: &amp#27;[32mSave 4c2a4a18-279a-4190-addd-098b23844245(uuid2155)
сент. 19, 2025 6:42:49 PM webapp.storage.AbstractStorage save
INFO: &amp#27;[32mSave 71fd58f6-7ede-48d3-8ef1-733d2a67dd3e(uuid2156)
сент. 19, 2025 6:42:49 PM webapp.storage.AbstractStorage save
INFO: &amp#27;[32mSave d3a6d248-44ad-4eaf-9f22-8937dfc54fe3(uuid2157)
сент. 19, 2025 6:42:49 PM webapp.storage.AbstractStorage save
INFO: &amp#27;[32mSave cc85f0a8-5362-48e1-b681-a93820a33223(uuid2158)
сент. 19, 2025 6:42:49 PM webapp.storage.AbstractStorage save
INFO: &amp#27;[32mSave 25dc66d5-926e-4c2d-84f1-bd20c0e6410a(uuid2159)
сент. 19, 2025 6:42:49 PM webapp.storage.AbstractStorage save
INFO: &amp#27;[32mSave 20b1e78f-8e4b-46f9-bb86-113b4f0f667a(uuid2160)
сент. 19, 2025 6:42:49 PM webapp.storage.AbstractStorage save
INFO: &amp#27;[32mSave aba7aaba-4436-4b9a-81ac-f1329759fd10(uuid2161)
сент. 19, 2025 6:42:49 PM webapp.storage.AbstractStorage save
INFO: &amp#27;[32mSave c863b4de-1c15-4c36-9705-75aec730f80b(uuid2162)
сент. 19, 2025 6:42:49 PM webapp.storage.AbstractStorage save
INFO: &amp#27;[32mSave 9da46300-7968-45ae-afca-67d99aef6c02(uuid2163)
сент. 19, 2025 6:42:49 PM webapp.storage.AbstractStorage save
INFO: &amp#27;[32mSave 9b5d729f-7b0e-428b-aa1e-afd62ce73f00(uuid2164)
сент. 19, 2025 6:42:49 PM webapp.storage.AbstractStorage save
INFO: &amp#27;[32mSave 557ce7cb-de94-4a0a-92be-2b23bebeed02(uuid2165)
сент. 19, 2025 6:42:49 PM webapp.storage.AbstractStorage save
INFO: &amp#27;[32mSave 2d8d2f10-98d5-4c3a-b8c9-f8cafbbf5fc5(uuid2166)
сент. 19, 2025 6:42:49 PM webapp.storage.AbstractStorage save
INFO: &amp#27;[32mSave f12361a6-a255-4d68-b5ac-ddbf634511a8(uuid2167)
сент. 19, 2025 6:42:49 PM webapp.storage.AbstractStorage save
INFO: &amp#27;[32mSave 1b8626fc-ee32-4ac2-843a-fed1446ff0f9(uuid2168)
сент. 19, 2025 6:42:49 PM webapp.storage.AbstractStorage save
INFO: &amp#27;[32mSave e176bc66-7137-4ace-a0b4-9e651d18142f(uuid2169)
сент. 19, 2025 6:42:49 PM webapp.storage.AbstractStorage save
INFO: &amp#27;[32mSave ca6da540-bcfc-4b9c-bd58-12c6efb04da2(uuid2170)
сент. 19, 2025 6:42:49 PM webapp.storage.AbstractStorage save
INFO: &amp#27;[32mSave b5d29a98-0de5-4730-809d-c17fc8b910a9(uuid2171)
сент. 19, 2025 6:42:49 PM webapp.storage.AbstractStorage save
INFO: &amp#27;[32mSave acdaa2a8-0487-42f3-9991-0702bd8cdb48(uuid2172)
сент. 19, 2025 6:42:49 PM webapp.storage.AbstractStorage save
INFO: &amp#27;[32mSave 94479c59-8aaf-4681-ae1f-5704f0acd615(uuid2173)
сент. 19, 2025 6:42:49 PM webapp.storage.AbstractStorage save
INFO: &amp#27;[32mSave 001df136-759f-41cc-aa7c-5344aafeea8d(uuid2174)
сент. 19, 2025 6:42:49 PM webapp.storage.AbstractStorage save
INFO: &amp#27;[32mSave d1e5bddb-23db-48c2-a05b-c4d38934fab2(uuid2175)
сент. 19, 2025 6:42:49 PM webapp.storage.AbstractStorage save
INFO: &amp#27;[32mSave 98aa219d-4aa5-465a-9817-4865abce9e8f(uuid2176)
сент. 19, 2025 6:42:49 PM webapp.storage.AbstractStorage save
INFO: &amp#27;[32mSave ef4d10e5-de54-4478-9ffc-cf6ee6690639(uuid2177)
сент. 19, 2025 6:42:49 PM webapp.storage.AbstractStorage save
INFO: &amp#27;[32mSave b201e551-c193-4052-9b52-2e9654a696af(uuid2178)
сент. 19, 2025 6:42:49 PM webapp.storage.AbstractStorage save
INFO: &amp#27;[32mSave 5e9844a2-65ec-4e08-b7d1-ca54133e3795(uuid2179)
сент. 19, 2025 6:42:49 PM webapp.storage.AbstractStorage save
INFO: &amp#27;[32mSave 04ec39e9-f5e8-486c-850c-60980055e977(uuid2180)
сент. 19, 2025 6:42:49 PM webapp.storage.AbstractStorage save
INFO: &amp#27;[32mSave 8883e71e-5fcd-41fc-b256-ff3eba592c9d(uuid2181)
сент. 19, 2025 6:42:49 PM webapp.storage.AbstractStorage save
INFO: &amp#27;[32mSave 8239b74a-7c7b-48c5-afbc-5140bf3d8cdd(uuid2182)
сент. 19, 2025 6:42:49 PM webapp.storage.AbstractStorage save
INFO: &amp#27;[32mSave a9f2c5e9-b284-433f-8869-0a99478cf952(uuid2183)
сент. 19, 2025 6:42:49 PM webapp.storage.AbstractStorage save
INFO: &amp#27;[32mSave 7c27c5ea-00f3-47a8-90ed-89a31e4eed45(uuid2184)
сент. 19, 2025 6:42:49 PM webapp.storage.AbstractStorage save
INFO: &amp#27;[32mSave ff008510-a905-4e11-90eb-35d38418a061(uuid2185)
сент. 19, 2025 6:42:49 PM webapp.storage.AbstractStorage save
INFO: &amp#27;[32mSave afaa4f89-f5a2-4c8c-b00f-4bb1721b3868(uuid2186)
сент. 19, 2025 6:42:49 PM webapp.storage.AbstractStorage save
INFO: &amp#27;[32mSave d8cee884-0d1c-4927-ade0-461d4dfa58b9(uuid2187)
сент. 19, 2025 6:42:49 PM webapp.storage.AbstractStorage save
INFO: &amp#27;[32mSave 4051679f-9a3f-47eb-8469-2451339443ab(uuid2188)
сент. 19, 2025 6:42:49 PM webapp.storage.AbstractStorage save
INFO: &amp#27;[32mSave 82f6df06-c345-40fb-b37b-0dbac1107ab1(uuid2189)
сент. 19, 2025 6:42:49 PM webapp.storage.AbstractStorage save
INFO: &amp#27;[32mSave f0c3f97e-5ced-4423-8eb8-25ed9fe44b8b(uuid2190)
сент. 19, 2025 6:42:49 PM webapp.storage.AbstractStorage save
INFO: &amp#27;[32mSave c6c4ed27-3a68-4680-b9e6-251444fe819d(uuid2191)
сент. 19, 2025 6:42:49 PM webapp.storage.AbstractStorage save
INFO: &amp#27;[32mSave 490b6484-714e-49bc-a0c8-d20af8b46fdd(uuid2192)
сент. 19, 2025 6:42:49 PM webapp.storage.AbstractStorage save
INFO: &amp#27;[32mSave 6c6e3794-582c-4286-aa36-5ad50411f49a(uuid2193)
сент. 19, 2025 6:42:49 PM webapp.storage.AbstractStorage save
INFO: &amp#27;[32mSave b7efc2cc-b101-494f-bf9a-a1191b02dc90(uuid2194)
сент. 19, 2025 6:42:49 PM webapp.storage.AbstractStorage save
INFO: &amp#27;[32mSave 1d0abe75-3484-47f6-9822-52ce0cfb1369(uuid2195)
сент. 19, 2025 6:42:49 PM webapp.storage.AbstractStorage save
INFO: &amp#27;[32mSave 05aeb505-bc7b-4dd3-bf3b-640161a8ff95(uuid2196)
сент. 19, 2025 6:42:49 PM webapp.storage.AbstractStorage save
INFO: &amp#27;[32mSave b1d4c1fe-3567-4ae4-a378-d44fbf0cdf8c(uuid2197)
сент. 19, 2025 6:42:49 PM webapp.storage.AbstractStorage save
INFO: &amp#27;[32mSave bffd0c42-d358-4694-bbb0-88e17a29a114(uuid2198)
сент. 19, 2025 6:42:49 PM webapp.storage.AbstractStorage save
INFO: &amp#27;[32mSave 66c653ad-c7f5-4abd-a573-21ac8b22eb6e(uuid2199)
сент. 19, 2025 6:42:49 PM webapp.storage.AbstractStorage save
INFO: &amp#27;[32mSave 750567a4-51cf-4894-a716-6fdce2da8cef(uuid2200)
сент. 19, 2025 6:42:49 PM webapp.storage.AbstractStorage save
INFO: &amp#27;[32mSave b79586f5-da0f-468d-93b0-010a1daed523(uuid2201)
сент. 19, 2025 6:42:49 PM webapp.storage.AbstractStorage save
INFO: &amp#27;[32mSave 5ff06ece-fe53-45bc-8b1d-8f1119693ad4(uuid2202)
сент. 19, 2025 6:42:49 PM webapp.storage.AbstractStorage save
INFO: &amp#27;[32mSave 05b8d193-a406-472d-8363-2e448e777739(uuid2203)
сент. 19, 2025 6:42:49 PM webapp.storage.AbstractStorage save
INFO: &amp#27;[32mSave 00f2f1d4-d212-45da-bc20-c6b74a12333b(uuid2204)
сент. 19, 2025 6:42:49 PM webapp.storage.AbstractStorage save
INFO: &amp#27;[32mSave 735e17dd-a12c-4707-aa17-235337a36463(uuid2205)
сент. 19, 2025 6:42:49 PM webapp.storage.AbstractStorage save
INFO: &amp#27;[32mSave 05751c7b-a845-4c08-9b09-990ef0fa81ba(uuid2206)
сент. 19, 2025 6:42:49 PM webapp.storage.AbstractStorage save
INFO: &amp#27;[32mSave dac25b55-61fe-4a31-a194-e2df283ff0a7(uuid2207)
сент. 19, 2025 6:42:49 PM webapp.storage.AbstractStorage save
INFO: &amp#27;[32mSave bb5e768e-1fca-49a2-8f2d-a01b4b6b5874(uuid2208)
сент. 19, 2025 6:42:49 PM webapp.storage.AbstractStorage save
INFO: &amp#27;[32mSave 547a04ea-e015-4baa-b887-d282f822a1d2(uuid2209)
сент. 19, 2025 6:42:49 PM webapp.storage.AbstractStorage save
INFO: &amp#27;[32mSave c8316761-2d64-4f90-afdd-2b2a46295628(uuid2210)
сент. 19, 2025 6:42:49 PM webapp.storage.AbstractStorage save
INFO: &amp#27;[32mSave 777eaba3-bf66-488d-95cf-94c4542abde6(uuid2211)
сент. 19, 2025 6:42:49 PM webapp.storage.AbstractStorage save
INFO: &amp#27;[32mSave bf851f8c-ee43-45e9-a8ff-a8e02c3bf499(uuid2212)
сент. 19, 2025 6:42:49 PM webapp.storage.AbstractStorage save
INFO: &amp#27;[32mSave 181c3ab4-e65d-468c-984e-49ac61533ecd(uuid2213)
сент. 19, 2025 6:42:49 PM webapp.storage.AbstractStorage save
INFO: &amp#27;[32mSave 3c11d38a-daed-48ad-b0d2-1da7a5b1edf6(uuid2214)
сент. 19, 2025 6:42:49 PM webapp.storage.AbstractStorage save
INFO: &amp#27;[32mSave 22188281-3c2d-47a0-bbd6-300b36b29133(uuid2215)
сент. 19, 2025 6:42:49 PM webapp.storage.AbstractStorage save
INFO: &amp#27;[32mSave bf91c2c5-a415-4b43-9932-1e47e44be15a(uuid2216)
сент. 19, 2025 6:42:49 PM webapp.storage.AbstractStorage save
INFO: &amp#27;[32mSave 5d52c464-822c-492b-b72d-672f55cb12a7(uuid2217)
сент. 19, 2025 6:42:49 PM webapp.storage.AbstractStorage save
INFO: &amp#27;[32mSave c6e67ee2-aea6-40e3-a042-93fea1402722(uuid2218)
сент. 19, 2025 6:42:49 PM webapp.storage.AbstractStorage save
INFO: &amp#27;[32mSave 2a8aad88-78ea-44a8-bfe4-f1dbbc053090(uuid2219)
сент. 19, 2025 6:42:49 PM webapp.storage.AbstractStorage save
INFO: &amp#27;[32mSave 17789ad9-60e5-422d-8bf4-dc64990ad29d(uuid2220)
сент. 19, 2025 6:42:49 PM webapp.storage.AbstractStorage save
INFO: &amp#27;[32mSave e8dffcec-5e95-420c-9f1a-1726353ad1fd(uuid2221)
сент. 19, 2025 6:42:49 PM webapp.storage.AbstractStorage save
INFO: &amp#27;[32mSave 70caa0b2-0a2c-448c-90e0-dfaeb179f114(uuid2222)
сент. 19, 2025 6:42:49 PM webapp.storage.AbstractStorage save
INFO: &amp#27;[32mSave 01be2c42-54b0-4752-a08e-8fb3c00fd3a7(uuid2223)
сент. 19, 2025 6:42:49 PM webapp.storage.AbstractStorage save
INFO: &amp#27;[32mSave 478ee09f-2c19-4b6d-8a96-f8da5abaf5c5(uuid2224)
сент. 19, 2025 6:42:49 PM webapp.storage.AbstractStorage save
INFO: &amp#27;[32mSave c7f3f98d-d146-428f-a2e5-7d8d1161a8f1(uuid2225)
сент. 19, 2025 6:42:49 PM webapp.storage.AbstractStorage save
INFO: &amp#27;[32mSave e9517564-9e8f-4d2a-95ae-74137c92904d(uuid2226)
сент. 19, 2025 6:42:49 PM webapp.storage.AbstractStorage save
INFO: &amp#27;[32mSave 066b7856-52ed-41a8-9f13-7303863c50d9(uuid2227)
сент. 19, 2025 6:42:49 PM webapp.storage.AbstractStorage save
INFO: &amp#27;[32mSave bae19747-5c48-4e11-a06c-78af431da440(uuid2228)
сент. 19, 2025 6:42:49 PM webapp.storage.AbstractStorage save
INFO: &amp#27;[32mSave 2976ba9a-42fa-4adf-817e-5dc815a59ac1(uuid2229)
сент. 19, 2025 6:42:49 PM webapp.storage.AbstractStorage save
INFO: &amp#27;[32mSave aaf04f87-fa97-4a8c-abd0-23ecc1784701(uuid2230)
сент. 19, 2025 6:42:49 PM webapp.storage.AbstractStorage save
INFO: &amp#27;[32mSave 87c9568a-c7a1-436d-b432-226b9bd43b53(uuid2231)
сент. 19, 2025 6:42:49 PM webapp.storage.AbstractStorage save
INFO: &amp#27;[32mSave 17f8e1ad-e805-4810-8fc1-73796dc19ab8(uuid2232)
сент. 19, 2025 6:42:49 PM webapp.storage.AbstractStorage save
INFO: &amp#27;[32mSave 893837f1-b5b2-404c-bf00-2db7db8d2ffd(uuid2233)
сент. 19, 2025 6:42:49 PM webapp.storage.AbstractStorage save
INFO: &amp#27;[32mSave cfb90b39-351a-4c08-8bb2-02002ce48f9d(uuid2234)
сент. 19, 2025 6:42:49 PM webapp.storage.AbstractStorage save
INFO: &amp#27;[32mSave 8c9cf815-95e5-4a2a-8891-60fa44d1a53e(uuid2235)
сент. 19, 2025 6:42:49 PM webapp.storage.AbstractStorage save
INFO: &amp#27;[32mSave 39a1b191-3d0b-4f64-bffc-de75c4ca999f(uuid2236)
сент. 19, 2025 6:42:49 PM webapp.storage.AbstractStorage save
INFO: &amp#27;[32mSave 2933f824-32b5-4fd1-85b5-2e34734aeece(uuid2237)
сент. 19, 2025 6:42:49 PM webapp.storage.AbstractStorage save
INFO: &amp#27;[32mSave 3b9183b9-25c1-4cf3-98ff-e97d0fe9739a(uuid2238)
сент. 19, 2025 6:42:49 PM webapp.storage.AbstractStorage save
INFO: &amp#27;[32mSave c9c88c8f-09a8-4c0f-8b35-5d237eec5707(uuid2239)
сент. 19, 2025 6:42:49 PM webapp.storage.AbstractStorage save
INFO: &amp#27;[32mSave 7a3e7368-2749-4aeb-943f-82cc5b49ae26(uuid2240)
сент. 19, 2025 6:42:49 PM webapp.storage.AbstractStorage save
INFO: &amp#27;[32mSave 029d13c2-276a-4284-ba74-0055d4ad0ae8(uuid2241)
сент. 19, 2025 6:42:49 PM webapp.storage.AbstractStorage save
INFO: &amp#27;[32mSave b4e5f957-c214-400c-9b8b-daac099bbac0(uuid2242)
сент. 19, 2025 6:42:49 PM webapp.storage.AbstractStorage save
INFO: &amp#27;[32mSave d1f88e90-b59f-45ca-b5b4-5fb4f1381ede(uuid2243)
сент. 19, 2025 6:42:49 PM webapp.storage.AbstractStorage save
INFO: &amp#27;[32mSave c308c452-802c-40ac-9de6-15b88485de02(uuid2244)
сент. 19, 2025 6:42:49 PM webapp.storage.AbstractStorage save
INFO: &amp#27;[32mSave 15d79133-1e2c-45aa-8f52-88a882d3c7ba(uuid2245)
сент. 19, 2025 6:42:49 PM webapp.storage.AbstractStorage save
INFO: &amp#27;[32mSave b1d41ff4-a0c7-42cf-9218-c28bce363f08(uuid2246)
сент. 19, 2025 6:42:49 PM webapp.storage.AbstractStorage save
INFO: &amp#27;[32mSave e42184f7-a296-4bed-acc5-d683cb2b0912(uuid2247)
сент. 19, 2025 6:42:49 PM webapp.storage.AbstractStorage save
INFO: &amp#27;[32mSave 09f457b6-8953-44eb-968b-9f169b5ca3bb(uuid2248)
сент. 19, 2025 6:42:49 PM webapp.storage.AbstractStorage save
INFO: &amp#27;[32mSave 962c7950-c3b8-46f2-b6b1-3d235a150edb(uuid2249)
сент. 19, 2025 6:42:49 PM webapp.storage.AbstractStorage save
INFO: &amp#27;[32mSave b090b9e4-c5be-4cae-bdb1-464e32531a8e(uuid2250)
сент. 19, 2025 6:42:49 PM webapp.storage.AbstractStorage save
INFO: &amp#27;[32mSave 178360cd-a885-4748-be28-2e0ba8591833(uuid2251)
сент. 19, 2025 6:42:49 PM webapp.storage.AbstractStorage save
INFO: &amp#27;[32mSave 59b43a1d-55c1-4511-b275-3f863b7892db(uuid2252)
сент. 19, 2025 6:42:49 PM webapp.storage.AbstractStorage save
INFO: &amp#27;[32mSave 87e262c5-96a6-43bf-bedf-7c8c4dbcefc1(uuid2253)
сент. 19, 2025 6:42:49 PM webapp.storage.AbstractStorage save
INFO: &amp#27;[32mSave bc4798a7-6a28-4eaf-9752-f41da5794aa2(uuid2254)
сент. 19, 2025 6:42:49 PM webapp.storage.AbstractStorage save
INFO: &amp#27;[32mSave b33a8561-7ced-4442-ba69-3df80685663f(uuid2255)
сент. 19, 2025 6:42:49 PM webapp.storage.AbstractStorage save
INFO: &amp#27;[32mSave 63f1980d-9257-4747-9608-d1bff4e7e570(uuid2256)
сент. 19, 2025 6:42:49 PM webapp.storage.AbstractStorage save
INFO: &amp#27;[32mSave 0157ec75-a088-4006-9d65-4c3438dea20d(uuid2257)
сент. 19, 2025 6:42:49 PM webapp.storage.AbstractStorage save
INFO: &amp#27;[32mSave 002b40b7-5a5b-4814-8d69-de4fec9da4d7(uuid2258)
сент. 19, 2025 6:42:49 PM webapp.storage.AbstractStorage save
INFO: &amp#27;[32mSave 32cbfb7b-9fca-4c55-b795-64f14480896d(uuid2259)
сент. 19, 2025 6:42:49 PM webapp.storage.AbstractStorage save
INFO: &amp#27;[32mSave 57ec46d1-693e-4613-8caf-06749099c8df(uuid2260)
сент. 19, 2025 6:42:49 PM webapp.storage.AbstractStorage save
INFO: &amp#27;[32mSave 1fa1876a-b05f-486e-80d5-9c837b6f3cd2(uuid2261)
сент. 19, 2025 6:42:49 PM webapp.storage.AbstractStorage save
INFO: &amp#27;[32mSave f970d88c-c985-44f1-b0b9-9915c62d786c(uuid2262)
сент. 19, 2025 6:42:49 PM webapp.storage.AbstractStorage save
INFO: &amp#27;[32mSave cc29da9e-e933-4bba-9f81-9331a45b02b0(uuid2263)
сент. 19, 2025 6:42:49 PM webapp.storage.AbstractStorage save
INFO: &amp#27;[32mSave ef7f226a-9324-40d8-87f2-d5d6084eaf13(uuid2264)
сент. 19, 2025 6:42:49 PM webapp.storage.AbstractStorage save
INFO: &amp#27;[32mSave 1c31783c-ddfa-4cde-87d7-a63a9d2e0f5f(uuid2265)
сент. 19, 2025 6:42:49 PM webapp.storage.AbstractStorage save
INFO: &amp#27;[32mSave c556f7f8-619b-42a3-811c-083ef174ceca(uuid2266)
сент. 19, 2025 6:42:49 PM webapp.storage.AbstractStorage save
INFO: &amp#27;[32mSave a2d37add-c41b-4fa5-ab84-c3d73a573f3b(uuid2267)
сент. 19, 2025 6:42:49 PM webapp.storage.AbstractStorage save
INFO: &amp#27;[32mSave 1acf7587-b5e8-4bef-bece-3e080a6d6021(uuid2268)
сент. 19, 2025 6:42:49 PM webapp.storage.AbstractStorage save
INFO: &amp#27;[32mSave cc5a7c54-9a28-4a4a-a51c-9c2e83a04b20(uuid2269)
сент. 19, 2025 6:42:49 PM webapp.storage.AbstractStorage save
INFO: &amp#27;[32mSave a314996f-29e1-4cbc-8fdc-d6d876e5a70c(uuid2270)
сент. 19, 2025 6:42:49 PM webapp.storage.AbstractStorage save
INFO: &amp#27;[32mSave 8bae7a6f-6768-46fd-b552-f969dec2d463(uuid2271)
сент. 19, 2025 6:42:49 PM webapp.storage.AbstractStorage save
INFO: &amp#27;[32mSave f28c30dc-1978-4382-b554-4da10d62de5b(uuid2272)
сент. 19, 2025 6:42:49 PM webapp.storage.AbstractStorage save
INFO: &amp#27;[32mSave cfe8dad4-84bf-40ef-95ae-8aa98d07f09e(uuid2273)
сент. 19, 2025 6:42:49 PM webapp.storage.AbstractStorage save
INFO: &amp#27;[32mSave 482b81ab-2bce-4fdd-91dd-a0a345266bb5(uuid2274)
сент. 19, 2025 6:42:49 PM webapp.storage.AbstractStorage save
INFO: &amp#27;[32mSave 51822d53-76bf-4640-a30b-4ad61a9babc6(uuid2275)
сент. 19, 2025 6:42:49 PM webapp.storage.AbstractStorage save
INFO: &amp#27;[32mSave f22e9d16-0b22-466a-9a10-f6974a4d5b65(uuid2276)
сент. 19, 2025 6:42:49 PM webapp.storage.AbstractStorage save
INFO: &amp#27;[32mSave c4128604-135b-4edd-af31-4854079eb0c8(uuid2277)
сент. 19, 2025 6:42:49 PM webapp.storage.AbstractStorage save
INFO: &amp#27;[32mSave 9d360361-88ca-4dd1-ae20-38907c233026(uuid2278)
сент. 19, 2025 6:42:49 PM webapp.storage.AbstractStorage save
INFO: &amp#27;[32mSave 232f017b-1eca-4cef-979a-8f9a195be8f2(uuid2279)
сент. 19, 2025 6:42:49 PM webapp.storage.AbstractStorage save
INFO: &amp#27;[32mSave 3e4c0d4f-f443-4641-95bc-b9821d008240(uuid2280)
сент. 19, 2025 6:42:49 PM webapp.storage.AbstractStorage save
INFO: &amp#27;[32mSave 0575506c-90c9-42be-9f6e-fa89eec7345e(uuid2281)
сент. 19, 2025 6:42:49 PM webapp.storage.AbstractStorage save
INFO: &amp#27;[32mSave 0d08eeff-704c-4289-a714-794ce0bcefd0(uuid2282)
сент. 19, 2025 6:42:49 PM webapp.storage.AbstractStorage save
INFO: &amp#27;[32mSave 7cd17611-3e77-4613-9bc3-47fa1368230f(uuid2283)
сент. 19, 2025 6:42:49 PM webapp.storage.AbstractStorage save
INFO: &amp#27;[32mSave 5d05a695-ca41-4793-a478-b83a05493201(uuid2284)
сент. 19, 2025 6:42:49 PM webapp.storage.AbstractStorage save
INFO: &amp#27;[32mSave 7db7eb5f-85f7-4442-84f0-25d4a400dfa8(uuid2285)
сент. 19, 2025 6:42:49 PM webapp.storage.AbstractStorage save
INFO: &amp#27;[32mSave b82fd6cd-8cc9-4ea6-8d77-dbfd32f29367(uuid2286)
сент. 19, 2025 6:42:49 PM webapp.storage.AbstractStorage save
INFO: &amp#27;[32mSave 9f3c34e8-0d09-4c0f-a204-dcf642c7e4f7(uuid2287)
сент. 19, 2025 6:42:49 PM webapp.storage.AbstractStorage save
INFO: &amp#27;[32mSave 609a1a89-88f7-4056-aa68-05dd82b65b78(uuid2288)
сент. 19, 2025 6:42:49 PM webapp.storage.AbstractStorage save
INFO: &amp#27;[32mSave 82aa484e-8ac1-4b4c-943e-022f5ec26996(uuid2289)
сент. 19, 2025 6:42:49 PM webapp.storage.AbstractStorage save
INFO: &amp#27;[32mSave 3c3f54ad-90d3-45b7-8ae2-7f7b28d20fbf(uuid2290)
сент. 19, 2025 6:42:49 PM webapp.storage.AbstractStorage save
INFO: &amp#27;[32mSave a2457c1e-b6ee-47ad-91af-5f78bc473997(uuid2291)
сент. 19, 2025 6:42:49 PM webapp.storage.AbstractStorage save
INFO: &amp#27;[32mSave 6f6a88b6-a594-4f93-8055-fa3d3bb17034(uuid2292)
сент. 19, 2025 6:42:49 PM webapp.storage.AbstractStorage save
INFO: &amp#27;[32mSave 45893d93-e337-4494-a5e7-09f4c67a4e36(uuid2293)
сент. 19, 2025 6:42:49 PM webapp.storage.AbstractStorage save
INFO: &amp#27;[32mSave e470655d-5759-4ca6-bdff-9ece44eef718(uuid2294)
сент. 19, 2025 6:42:49 PM webapp.storage.AbstractStorage save
INFO: &amp#27;[32mSave 3c83f542-ca34-4d03-8f1d-9f397d8c28b3(uuid2295)
сент. 19, 2025 6:42:49 PM webapp.storage.AbstractStorage save
INFO: &amp#27;[32mSave 4556d772-b1f2-4dd5-8fff-20992231656e(uuid2296)
сент. 19, 2025 6:42:49 PM webapp.storage.AbstractStorage save
INFO: &amp#27;[32mSave 953bf344-20d4-489b-8759-084950382ae5(uuid2297)
сент. 19, 2025 6:42:49 PM webapp.storage.AbstractStorage save
INFO: &amp#27;[32mSave 303dad8e-57a1-45f9-91fa-995f03f7b1d5(uuid2298)
сент. 19, 2025 6:42:49 PM webapp.storage.AbstractStorage save
INFO: &amp#27;[32mSave 4c767b50-876b-4761-a3d4-b822021eff17(uuid2299)
сент. 19, 2025 6:42:49 PM webapp.storage.AbstractStorage save
INFO: &amp#27;[32mSave bf541979-4836-4546-9316-e6e0bf01e1d7(uuid2300)
сент. 19, 2025 6:42:49 PM webapp.storage.AbstractStorage save
INFO: &amp#27;[32mSave 6d49278e-1628-4a60-934f-0b0d3cd20f31(uuid2301)
сент. 19, 2025 6:42:49 PM webapp.storage.AbstractStorage save
INFO: &amp#27;[32mSave 6428049d-af52-49ae-ab90-9c3746ad1a45(uuid2302)
сент. 19, 2025 6:42:49 PM webapp.storage.AbstractStorage save
INFO: &amp#27;[32mSave de7433f4-e74e-4917-bb7b-8b09dd2409dc(uuid2303)
сент. 19, 2025 6:42:49 PM webapp.storage.AbstractStorage save
INFO: &amp#27;[32mSave 090a2fd5-d05d-4fc1-8e50-4355275d4865(uuid2304)
сент. 19, 2025 6:42:49 PM webapp.storage.AbstractStorage save
INFO: &amp#27;[32mSave d3666f51-600e-4a93-85a8-ff29b6390b24(uuid2305)
сент. 19, 2025 6:42:49 PM webapp.storage.AbstractStorage save
INFO: &amp#27;[32mSave f8140f9d-9f32-4c49-9d8f-adf1a94a4c7c(uuid2306)
сент. 19, 2025 6:42:49 PM webapp.storage.AbstractStorage save
INFO: &amp#27;[32mSave cc118a53-3cff-4e15-a17c-ff8ae8666720(uuid2307)
сент. 19, 2025 6:42:49 PM webapp.storage.AbstractStorage save
INFO: &amp#27;[32mSave 43aefc93-34da-49a5-b459-da6c0c410b28(uuid2308)
сент. 19, 2025 6:42:49 PM webapp.storage.AbstractStorage save
INFO: &amp#27;[32mSave 049f8378-d275-4320-9184-279a9fa6fde5(uuid2309)
сент. 19, 2025 6:42:49 PM webapp.storage.AbstractStorage save
INFO: &amp#27;[32mSave b29cb3f0-0d80-4b90-82f0-6f9714d046e4(uuid2310)
сент. 19, 2025 6:42:49 PM webapp.storage.AbstractStorage save
INFO: &amp#27;[32mSave 188574ab-a238-4f6f-8ad7-527a5f2a6ae5(uuid2311)
сент. 19, 2025 6:42:49 PM webapp.storage.AbstractStorage save
INFO: &amp#27;[32mSave abd898e3-9a8e-4095-8d3d-a86adebc1537(uuid2312)
сент. 19, 2025 6:42:49 PM webapp.storage.AbstractStorage save
INFO: &amp#27;[32mSave 181aa1f9-1056-4341-be81-517bcf52eb64(uuid2313)
сент. 19, 2025 6:42:49 PM webapp.storage.AbstractStorage save
INFO: &amp#27;[32mSave e86ab581-f0f6-4266-b578-79c2632cc290(uuid2314)
сент. 19, 2025 6:42:49 PM webapp.storage.AbstractStorage save
INFO: &amp#27;[32mSave 7abccd4c-d9a1-4c78-b352-e068166ee10b(uuid2315)
сент. 19, 2025 6:42:49 PM webapp.storage.AbstractStorage save
INFO: &amp#27;[32mSave 6bfad01d-4cd6-4f3a-9219-fbe9bfef9551(uuid2316)
сент. 19, 2025 6:42:49 PM webapp.storage.AbstractStorage save
INFO: &amp#27;[32mSave 3caee8ef-7480-498a-b936-5faf8b273ad4(uuid2317)
сент. 19, 2025 6:42:49 PM webapp.storage.AbstractStorage save
INFO: &amp#27;[32mSave fadf2573-71fe-47ed-8132-ab9c5d9bce98(uuid2318)
сент. 19, 2025 6:42:49 PM webapp.storage.AbstractStorage save
INFO: &amp#27;[32mSave 6822aee2-8b65-4c79-b1a8-8e7b347f1dbf(uuid2319)
сент. 19, 2025 6:42:49 PM webapp.storage.AbstractStorage save
INFO: &amp#27;[32mSave 7824d80d-4fab-427e-9576-edc86c268173(uuid2320)
сент. 19, 2025 6:42:49 PM webapp.storage.AbstractStorage save
INFO: &amp#27;[32mSave 0c5dee26-eeef-4266-bfad-b6957752d854(uuid2321)
сент. 19, 2025 6:42:49 PM webapp.storage.AbstractStorage save
INFO: &amp#27;[32mSave bc21d25c-110e-47da-b062-494bd1f4a7ca(uuid2322)
сент. 19, 2025 6:42:49 PM webapp.storage.AbstractStorage save
INFO: &amp#27;[32mSave bd4f7b18-aad1-4183-bdb1-984fbe96547f(uuid2323)
сент. 19, 2025 6:42:49 PM webapp.storage.AbstractStorage save
INFO: &amp#27;[32mSave 1c8faab5-2b16-4818-96d9-2024895ddba7(uuid2324)
сент. 19, 2025 6:42:49 PM webapp.storage.AbstractStorage save
INFO: &amp#27;[32mSave ff551091-b990-4d71-aa76-ed6664043686(uuid2325)
сент. 19, 2025 6:42:49 PM webapp.storage.AbstractStorage save
INFO: &amp#27;[32mSave 286b522c-7670-4969-af54-ec120a5fe299(uuid2326)
сент. 19, 2025 6:42:49 PM webapp.storage.AbstractStorage save
INFO: &amp#27;[32mSave 783bf436-064b-4fc4-9c6f-15d5de32a6ee(uuid2327)
сент. 19, 2025 6:42:49 PM webapp.storage.AbstractStorage save
INFO: &amp#27;[32mSave ccfbb4aa-6d70-4324-bdcd-2c4e959e74f1(uuid2328)
сент. 19, 2025 6:42:49 PM webapp.storage.AbstractStorage save
INFO: &amp#27;[32mSave dad0a18d-6c74-466c-ab74-2f1a0902e145(uuid2329)
сент. 19, 2025 6:42:49 PM webapp.storage.AbstractStorage save
INFO: &amp#27;[32mSave 9cc6b17d-952b-4f22-9abf-495631b3951f(uuid2330)
сент. 19, 2025 6:42:49 PM webapp.storage.AbstractStorage save
INFO: &amp#27;[32mSave 62ff7253-baa9-4e61-bb9e-8ba79b07d7bf(uuid2331)
сент. 19, 2025 6:42:49 PM webapp.storage.AbstractStorage save
INFO: &amp#27;[32mSave eabcc57a-92c5-4271-9217-3a621ba38631(uuid2332)
сент. 19, 2025 6:42:49 PM webapp.storage.AbstractStorage save
INFO: &amp#27;[32mSave 54281fc3-3871-499d-ad4b-740a8aa70cfd(uuid2333)
сент. 19, 2025 6:42:49 PM webapp.storage.AbstractStorage save
INFO: &amp#27;[32mSave e29b5426-f355-4390-a08e-c83bfc98c3e6(uuid2334)
сент. 19, 2025 6:42:49 PM webapp.storage.AbstractStorage save
INFO: &amp#27;[32mSave 670c8b2f-db8e-4194-9a7b-4e20d787d959(uuid2335)
сент. 19, 2025 6:42:49 PM webapp.storage.AbstractStorage save
INFO: &amp#27;[32mSave 6c114867-27e5-48ca-b4fd-e148befc813c(uuid2336)
сент. 19, 2025 6:42:49 PM webapp.storage.AbstractStorage save
INFO: &amp#27;[32mSave 50933569-bf3e-4893-80a9-3216aa9be634(uuid2337)
сент. 19, 2025 6:42:49 PM webapp.storage.AbstractStorage save
INFO: &amp#27;[32mSave 8a5283c4-6e1c-4169-8543-455a332f4e75(uuid2338)
сент. 19, 2025 6:42:49 PM webapp.storage.AbstractStorage save
INFO: &amp#27;[32mSave a053ee41-a060-4870-b91d-360ba32b8cc4(uuid2339)
сент. 19, 2025 6:42:49 PM webapp.storage.AbstractStorage save
INFO: &amp#27;[32mSave f9a80816-3c93-4b91-917c-3b4e6ed53534(uuid2340)
сент. 19, 2025 6:42:49 PM webapp.storage.AbstractStorage save
INFO: &amp#27;[32mSave 81bcf6c3-f02b-431f-8048-19817cb7dd00(uuid2341)
сент. 19, 2025 6:42:49 PM webapp.storage.AbstractStorage save
INFO: &amp#27;[32mSave e61b3943-3115-4fff-94b9-e15749031084(uuid2342)
сент. 19, 2025 6:42:49 PM webapp.storage.AbstractStorage save
INFO: &amp#27;[32mSave a5edec18-578a-49b3-b1d2-3a4fcf29a650(uuid2343)
сент. 19, 2025 6:42:49 PM webapp.storage.AbstractStorage save
INFO: &amp#27;[32mSave 350e548e-9902-4535-92e0-dd0ddea137e5(uuid2344)
сент. 19, 2025 6:42:49 PM webapp.storage.AbstractStorage save
INFO: &amp#27;[32mSave 83da003f-0208-4dc3-b329-a2c44a69a4e8(uuid2345)
сент. 19, 2025 6:42:49 PM webapp.storage.AbstractStorage save
INFO: &amp#27;[32mSave 9d7fd0e0-1bc5-4862-a4b6-7c2247476c7a(uuid2346)
сент. 19, 2025 6:42:49 PM webapp.storage.AbstractStorage save
INFO: &amp#27;[32mSave 04427d3f-a7a4-4dcb-9133-74970cf79b49(uuid2347)
сент. 19, 2025 6:42:49 PM webapp.storage.AbstractStorage save
INFO: &amp#27;[32mSave 97cfa1f1-0641-4831-9533-94c33c501cd4(uuid2348)
сент. 19, 2025 6:42:49 PM webapp.storage.AbstractStorage save
INFO: &amp#27;[32mSave 36da9a06-77fb-4ee4-8d0d-1b757a89455d(uuid2349)
сент. 19, 2025 6:42:49 PM webapp.storage.AbstractStorage save
INFO: &amp#27;[32mSave 3a40c974-3d42-400e-860f-7df026aaa57b(uuid2350)
сент. 19, 2025 6:42:49 PM webapp.storage.AbstractStorage save
INFO: &amp#27;[32mSave b3efd81d-d811-4ec8-a7bc-3d1ba5f52f9d(uuid2351)
сент. 19, 2025 6:42:49 PM webapp.storage.AbstractStorage save
INFO: &amp#27;[32mSave 7c31f6bb-4969-486f-b6fc-831e6200b362(uuid2352)
сент. 19, 2025 6:42:49 PM webapp.storage.AbstractStorage save
INFO: &amp#27;[32mSave 9acde7cc-acc5-4e8b-aa20-d552771d52fc(uuid2353)
сент. 19, 2025 6:42:49 PM webapp.storage.AbstractStorage save
INFO: &amp#27;[32mSave 5e83cb8c-702e-41c2-9894-523723090316(uuid2354)
сент. 19, 2025 6:42:49 PM webapp.storage.AbstractStorage save
INFO: &amp#27;[32mSave aab716e7-9cd0-43df-ba59-696e0e3debd6(uuid2355)
сент. 19, 2025 6:42:49 PM webapp.storage.AbstractStorage save
INFO: &amp#27;[32mSave 311aa4f4-f6fd-4653-a623-2de933049d82(uuid2356)
сент. 19, 2025 6:42:49 PM webapp.storage.AbstractStorage save
INFO: &amp#27;[32mSave 3ec679f8-6667-473e-b2d4-c8bea4e6048c(uuid2357)
сент. 19, 2025 6:42:49 PM webapp.storage.AbstractStorage save
INFO: &amp#27;[32mSave 90090788-a538-4cbf-9c72-5d46a547571a(uuid2358)
сент. 19, 2025 6:42:49 PM webapp.storage.AbstractStorage save
INFO: &amp#27;[32mSave 92936b2e-7f2f-40c1-bef6-29e605758682(uuid2359)
сент. 19, 2025 6:42:49 PM webapp.storage.AbstractStorage save
INFO: &amp#27;[32mSave 1951652f-fdfa-4c1e-afa7-e279424dbfc2(uuid2360)
сент. 19, 2025 6:42:49 PM webapp.storage.AbstractStorage save
INFO: &amp#27;[32mSave f228600e-e2f5-437e-b790-7256a0e1e9ee(uuid2361)
сент. 19, 2025 6:42:49 PM webapp.storage.AbstractStorage save
INFO: &amp#27;[32mSave e5e4dd9b-caa6-48c2-85b1-0ef97a15b325(uuid2362)
сент. 19, 2025 6:42:49 PM webapp.storage.AbstractStorage save
INFO: &amp#27;[32mSave fd57385b-3299-45e0-b0e3-fe01f2d84c4d(uuid2363)
сент. 19, 2025 6:42:49 PM webapp.storage.AbstractStorage save
INFO: &amp#27;[32mSave 65888d3a-65d6-4958-8b49-0375ffafd926(uuid2364)
сент. 19, 2025 6:42:49 PM webapp.storage.AbstractStorage save
INFO: &amp#27;[32mSave b9d62beb-c5a7-4143-93c1-f83fe10fc49c(uuid2365)
сент. 19, 2025 6:42:49 PM webapp.storage.AbstractStorage save
INFO: &amp#27;[32mSave 794f28d3-b1ed-4bef-a69e-2e9d81024ac1(uuid2366)
сент. 19, 2025 6:42:49 PM webapp.storage.AbstractStorage save
INFO: &amp#27;[32mSave 788db263-16dc-4958-a9b3-cb6d2592730c(uuid2367)
сент. 19, 2025 6:42:49 PM webapp.storage.AbstractStorage save
INFO: &amp#27;[32mSave fd65b42b-2b91-4d45-8e19-ecacad81308a(uuid2368)
сент. 19, 2025 6:42:49 PM webapp.storage.AbstractStorage save
INFO: &amp#27;[32mSave 9463f736-e9d1-40db-8065-267d004e7746(uuid2369)
сент. 19, 2025 6:42:49 PM webapp.storage.AbstractStorage save
INFO: &amp#27;[32mSave 6d2c9ff1-86b2-4b19-94d3-32d11cfd46df(uuid2370)
сент. 19, 2025 6:42:49 PM webapp.storage.AbstractStorage save
INFO: &amp#27;[32mSave 452b7db0-d262-4306-8263-889cb471342d(uuid2371)
сент. 19, 2025 6:42:49 PM webapp.storage.AbstractStorage save
INFO: &amp#27;[32mSave 4ade033c-e33c-4bfd-b8f5-307792615eea(uuid2372)
сент. 19, 2025 6:42:49 PM webapp.storage.AbstractStorage save
INFO: &amp#27;[32mSave 9d5e5889-c162-4a7e-8923-a633aa44c5eb(uuid2373)
сент. 19, 2025 6:42:49 PM webapp.storage.AbstractStorage save
INFO: &amp#27;[32mSave b8bd0a60-74fd-49c6-b2cf-4f9a774205f2(uuid2374)
сент. 19, 2025 6:42:49 PM webapp.storage.AbstractStorage save
INFO: &amp#27;[32mSave fa0fcee9-2dfa-4323-8486-e3020f841d92(uuid2375)
сент. 19, 2025 6:42:49 PM webapp.storage.AbstractStorage save
INFO: &amp#27;[32mSave 10920a82-46b5-48d0-8465-8d0d14ccfd2a(uuid2376)
сент. 19, 2025 6:42:49 PM webapp.storage.AbstractStorage save
INFO: &amp#27;[32mSave 02378e84-705a-4e33-9498-c5220f7a8d16(uuid2377)
сент. 19, 2025 6:42:49 PM webapp.storage.AbstractStorage save
INFO: &amp#27;[32mSave 5b63b27e-e5dc-46be-9edb-691afb498434(uuid2378)
сент. 19, 2025 6:42:49 PM webapp.storage.AbstractStorage save
INFO: &amp#27;[32mSave db55aa9c-ef4d-4f34-b1e8-9db9b9219aa2(uuid2379)
сент. 19, 2025 6:42:49 PM webapp.storage.AbstractStorage save
INFO: &amp#27;[32mSave f0bac8bb-133a-478a-9a70-f9fda05e087c(uuid2380)
сент. 19, 2025 6:42:49 PM webapp.storage.AbstractStorage save
INFO: &amp#27;[32mSave 704fafa9-3888-4cf9-ba78-94a69d8f6a7d(uuid2381)
сент. 19, 2025 6:42:49 PM webapp.storage.AbstractStorage save
INFO: &amp#27;[32mSave e0d9c099-8a3a-4988-b0ec-c82caec20b66(uuid2382)
сент. 19, 2025 6:42:49 PM webapp.storage.AbstractStorage save
INFO: &amp#27;[32mSave 124330ea-a8b2-4bcd-870f-b0134e82173f(uuid2383)
сент. 19, 2025 6:42:49 PM webapp.storage.AbstractStorage save
INFO: &amp#27;[32mSave db632cd1-9e7a-4e38-9d2b-1fbd224596c4(uuid2384)
сент. 19, 2025 6:42:49 PM webapp.storage.AbstractStorage save
INFO: &amp#27;[32mSave 02932e9f-931d-40e6-88b1-3e87189546e7(uuid2385)
сент. 19, 2025 6:42:49 PM webapp.storage.AbstractStorage save
INFO: &amp#27;[32mSave 55eac464-cf35-4735-a922-32e0283ea9e2(uuid2386)
сент. 19, 2025 6:42:49 PM webapp.storage.AbstractStorage save
INFO: &amp#27;[32mSave 9d29cd06-1bd3-494d-b4d8-9b82c1fa67d1(uuid2387)
сент. 19, 2025 6:42:49 PM webapp.storage.AbstractStorage save
INFO: &amp#27;[32mSave 7ee53411-5d85-4d4d-b2d2-acaa85c2a7b9(uuid2388)
сент. 19, 2025 6:42:49 PM webapp.storage.AbstractStorage save
INFO: &amp#27;[32mSave 8e7b68fa-b728-4ea1-8783-0df2a5ae61f8(uuid2389)
сент. 19, 2025 6:42:49 PM webapp.storage.AbstractStorage save
INFO: &amp#27;[32mSave f490cb98-0564-4f9d-a897-256efc3f2aa0(uuid2390)
сент. 19, 2025 6:42:49 PM webapp.storage.AbstractStorage save
INFO: &amp#27;[32mSave e01c213b-e4cf-4993-8027-1344a03c1fb6(uuid2391)
сент. 19, 2025 6:42:49 PM webapp.storage.AbstractStorage save
INFO: &amp#27;[32mSave b9bdca23-96b6-4bf2-ba24-5f556db04618(uuid2392)
сент. 19, 2025 6:42:49 PM webapp.storage.AbstractStorage save
INFO: &amp#27;[32mSave 3dc51b7b-dbdd-4339-8842-8e7179cd0e1d(uuid2393)
сент. 19, 2025 6:42:49 PM webapp.storage.AbstractStorage save
INFO: &amp#27;[32mSave 02ad015e-46f2-4a72-a01a-354a26eaac3f(uuid2394)
сент. 19, 2025 6:42:49 PM webapp.storage.AbstractStorage save
INFO: &amp#27;[32mSave fea6ff41-d7a9-44c9-9546-d10411590553(uuid2395)
сент. 19, 2025 6:42:49 PM webapp.storage.AbstractStorage save
INFO: &amp#27;[32mSave 23b71974-2445-4741-871d-664460cdd746(uuid2396)
сент. 19, 2025 6:42:49 PM webapp.storage.AbstractStorage save
INFO: &amp#27;[32mSave 14cb89fb-c08e-4f96-af3d-118b1034f904(uuid2397)
сент. 19, 2025 6:42:49 PM webapp.storage.AbstractStorage save
INFO: &amp#27;[32mSave fee6b3bf-fcd2-41b3-926a-63de2588a7c1(uuid2398)
сент. 19, 2025 6:42:49 PM webapp.storage.AbstractStorage save
INFO: &amp#27;[32mSave b5854103-ce9d-474d-b5d6-df7b2ecfaecf(uuid2399)
сент. 19, 2025 6:42:49 PM webapp.storage.AbstractStorage save
INFO: &amp#27;[32mSave 8fba30a0-c553-4e1b-973a-d7b6eb217c84(uuid2400)
сент. 19, 2025 6:42:49 PM webapp.storage.AbstractStorage save
INFO: &amp#27;[32mSave f2a163a8-0a32-4d10-b1cf-a3bcca68d84b(uuid2401)
сент. 19, 2025 6:42:49 PM webapp.storage.AbstractStorage save
INFO: &amp#27;[32mSave f3ba4899-66f3-42f9-864b-8260edca1f64(uuid2402)
сент. 19, 2025 6:42:49 PM webapp.storage.AbstractStorage save
INFO: &amp#27;[32mSave b309e1c9-09bd-4cba-808f-305186747f63(uuid2403)
сент. 19, 2025 6:42:49 PM webapp.storage.AbstractStorage save
INFO: &amp#27;[32mSave 6cc0139f-bfab-403e-9b79-24f4a3dc8456(uuid2404)
сент. 19, 2025 6:42:49 PM webapp.storage.AbstractStorage save
INFO: &amp#27;[32mSave 6d27b72c-8924-42b7-a804-13c514c53dd3(uuid2405)
сент. 19, 2025 6:42:49 PM webapp.storage.AbstractStorage save
INFO: &amp#27;[32mSave 8cac197c-9556-4717-a1f1-393bdd568814(uuid2406)
сент. 19, 2025 6:42:49 PM webapp.storage.AbstractStorage save
INFO: &amp#27;[32mSave 80067e65-a092-48ea-a162-2cdac774e522(uuid2407)
сент. 19, 2025 6:42:49 PM webapp.storage.AbstractStorage save
INFO: &amp#27;[32mSave 1328c8d5-bc20-4163-b0b0-d0f33e3d15b0(uuid2408)
сент. 19, 2025 6:42:49 PM webapp.storage.AbstractStorage save
INFO: &amp#27;[32mSave 3880db28-8064-474f-9cff-0edf2b0d52d3(uuid2409)
сент. 19, 2025 6:42:49 PM webapp.storage.AbstractStorage save
INFO: &amp#27;[32mSave 441278a4-ceec-4c99-8fea-6d3b801610c0(uuid2410)
сент. 19, 2025 6:42:49 PM webapp.storage.AbstractStorage save
INFO: &amp#27;[32mSave e2005d48-3fd3-482c-a231-68917e1b0067(uuid2411)
сент. 19, 2025 6:42:49 PM webapp.storage.AbstractStorage save
INFO: &amp#27;[32mSave a6806f0a-2229-46da-83ad-8872b54a9daa(uuid2412)
сент. 19, 2025 6:42:49 PM webapp.storage.AbstractStorage save
INFO: &amp#27;[32mSave fabcf647-3716-4b2e-a3f8-c53fcd7c9fa6(uuid2413)
сент. 19, 2025 6:42:49 PM webapp.storage.AbstractStorage save
INFO: &amp#27;[32mSave fea441a9-9cf4-4b27-9a8e-e64683d51eec(uuid2414)
сент. 19, 2025 6:42:49 PM webapp.storage.AbstractStorage save
INFO: &amp#27;[32mSave 30a8f597-08c3-4c72-9ee5-6c047ef1089d(uuid2415)
сент. 19, 2025 6:42:49 PM webapp.storage.AbstractStorage save
INFO: &amp#27;[32mSave 92d60b0b-8b1b-4a39-9652-dfde15644479(uuid2416)
сент. 19, 2025 6:42:49 PM webapp.storage.AbstractStorage save
INFO: &amp#27;[32mSave 7167a69b-88ae-4832-97a6-3e1b541b0329(uuid2417)
сент. 19, 2025 6:42:49 PM webapp.storage.AbstractStorage save
INFO: &amp#27;[32mSave c27cfcb0-cf8a-4721-86db-55a5bc699fca(uuid2418)
сент. 19, 2025 6:42:49 PM webapp.storage.AbstractStorage save
INFO: &amp#27;[32mSave a1f19947-0b91-4e94-b286-77bb56ad87fa(uuid2419)
сент. 19, 2025 6:42:49 PM webapp.storage.AbstractStorage save
INFO: &amp#27;[32mSave baa8e273-bc52-48fb-8495-43849765e08d(uuid2420)
сент. 19, 2025 6:42:49 PM webapp.storage.AbstractStorage save
INFO: &amp#27;[32mSave c20760ab-9389-4511-920c-04ff239b6c6a(uuid2421)
сент. 19, 2025 6:42:49 PM webapp.storage.AbstractStorage save
INFO: &amp#27;[32mSave 4ecee7ae-3b14-4169-92fd-48436542c621(uuid2422)
сент. 19, 2025 6:42:49 PM webapp.storage.AbstractStorage save
INFO: &amp#27;[32mSave 4dd86c45-d634-4d12-b7cd-468d0d1fa9a7(uuid2423)
сент. 19, 2025 6:42:49 PM webapp.storage.AbstractStorage save
INFO: &amp#27;[32mSave 61b551bd-3466-4772-98b2-bd7f8ab46ec0(uuid2424)
сент. 19, 2025 6:42:49 PM webapp.storage.AbstractStorage save
INFO: &amp#27;[32mSave 86ddc414-2f23-4384-9705-62e92cc39ce7(uuid2425)
сент. 19, 2025 6:42:49 PM webapp.storage.AbstractStorage save
INFO: &amp#27;[32mSave 3aaf969d-085e-4af8-a69e-9517e2f8ab19(uuid2426)
сент. 19, 2025 6:42:49 PM webapp.storage.AbstractStorage save
INFO: &amp#27;[32mSave 415425c0-bd99-42db-961f-afc2055f4f4e(uuid2427)
сент. 19, 2025 6:42:49 PM webapp.storage.AbstractStorage save
INFO: &amp#27;[32mSave ea717658-0d2d-4ebf-9789-989fd4cfa5dd(uuid2428)
сент. 19, 2025 6:42:49 PM webapp.storage.AbstractStorage save
INFO: &amp#27;[32mSave 2a3aff55-757a-4059-b293-a9e0626effb0(uuid2429)
сент. 19, 2025 6:42:49 PM webapp.storage.AbstractStorage save
INFO: &amp#27;[32mSave eaa56118-1538-428f-9300-276cd84948fc(uuid2430)
сент. 19, 2025 6:42:49 PM webapp.storage.AbstractStorage save
INFO: &amp#27;[32mSave 04e16048-f041-45fd-a891-3e39fb6da734(uuid2431)
сент. 19, 2025 6:42:49 PM webapp.storage.AbstractStorage save
INFO: &amp#27;[32mSave 8f4e4d7c-4e42-463e-a664-82fd9660eb14(uuid2432)
сент. 19, 2025 6:42:49 PM webapp.storage.AbstractStorage save
INFO: &amp#27;[32mSave 63fecb55-9539-44a0-8e91-696da3b96b37(uuid2433)
сент. 19, 2025 6:42:49 PM webapp.storage.AbstractStorage save
INFO: &amp#27;[32mSave 5345e603-86e1-4145-a1d3-3ebe178401bd(uuid2434)
сент. 19, 2025 6:42:49 PM webapp.storage.AbstractStorage save
INFO: &amp#27;[32mSave 44a22f45-1e3c-46e3-89f9-17ca20e5c5f8(uuid2435)
сент. 19, 2025 6:42:49 PM webapp.storage.AbstractStorage save
INFO: &amp#27;[32mSave 8b1c1e57-f5c3-4284-b5ec-edae6dd6790f(uuid2436)
сент. 19, 2025 6:42:49 PM webapp.storage.AbstractStorage save
INFO: &amp#27;[32mSave 1273a021-237d-49f3-99f8-23b2951b0c1c(uuid2437)
сент. 19, 2025 6:42:49 PM webapp.storage.AbstractStorage save
INFO: &amp#27;[32mSave 537a2187-18aa-4435-bdfb-67246273ddea(uuid2438)
сент. 19, 2025 6:42:49 PM webapp.storage.AbstractStorage save
INFO: &amp#27;[32mSave 9c333eb5-c86d-4a07-88e7-b3973d6c04e0(uuid2439)
сент. 19, 2025 6:42:49 PM webapp.storage.AbstractStorage save
INFO: &amp#27;[32mSave 9e412535-0713-43f2-ab22-8f807d7dafbb(uuid2440)
сент. 19, 2025 6:42:49 PM webapp.storage.AbstractStorage save
INFO: &amp#27;[32mSave fd1c0f2d-a528-456a-8d6f-9eb1a9c27919(uuid2441)
сент. 19, 2025 6:42:49 PM webapp.storage.AbstractStorage save
INFO: &amp#27;[32mSave 803a3c0a-e3c4-423c-a45c-9d049ce6a72c(uuid2442)
сент. 19, 2025 6:42:49 PM webapp.storage.AbstractStorage save
INFO: &amp#27;[32mSave 5bdf8ee8-fcbe-4594-8faa-2820ca9b2507(uuid2443)
сент. 19, 2025 6:42:49 PM webapp.storage.AbstractStorage save
INFO: &amp#27;[32mSave f4c9283f-4ea1-401c-84ad-9b2d1f0fcb2a(uuid2444)
сент. 19, 2025 6:42:49 PM webapp.storage.AbstractStorage save
INFO: &amp#27;[32mSave 460145f1-3616-4ff1-b596-def1de40e49e(uuid2445)
сент. 19, 2025 6:42:49 PM webapp.storage.AbstractStorage save
INFO: &amp#27;[32mSave 8c565b00-4c88-4d7b-8c92-15648fc2917d(uuid2446)
сент. 19, 2025 6:42:49 PM webapp.storage.AbstractStorage save
INFO: &amp#27;[32mSave 6ef4836b-117e-46ae-bb8a-ffe601f4033d(uuid2447)
сент. 19, 2025 6:42:49 PM webapp.storage.AbstractStorage save
INFO: &amp#27;[32mSave 1d66a084-f8bd-4404-95c7-12528514af4f(uuid2448)
сент. 19, 2025 6:42:49 PM webapp.storage.AbstractStorage save
INFO: &amp#27;[32mSave f8481c63-c46f-4ac8-91c6-ee6a2b349c66(uuid2449)
сент. 19, 2025 6:42:49 PM webapp.storage.AbstractStorage save
INFO: &amp#27;[32mSave cc1f8292-f61b-445b-b27a-5db948dde0ce(uuid2450)
сент. 19, 2025 6:42:49 PM webapp.storage.AbstractStorage save
INFO: &amp#27;[32mSave 8f5097f0-7349-459b-8314-5c4160448e3e(uuid2451)
сент. 19, 2025 6:42:49 PM webapp.storage.AbstractStorage save
INFO: &amp#27;[32mSave e9003d21-ff26-46ff-8b58-d84468a96673(uuid2452)
сент. 19, 2025 6:42:49 PM webapp.storage.AbstractStorage save
INFO: &amp#27;[32mSave a91ca7b7-fb7c-4e6e-8ef3-08740f23ae29(uuid2453)
сент. 19, 2025 6:42:49 PM webapp.storage.AbstractStorage save
INFO: &amp#27;[32mSave c0a06fa7-0e35-4063-af37-65fb398d5dc1(uuid2454)
сент. 19, 2025 6:42:49 PM webapp.storage.AbstractStorage save
INFO: &amp#27;[32mSave eceac4ed-1d26-4f10-b8e7-0bb39ccc1353(uuid2455)
сент. 19, 2025 6:42:49 PM webapp.storage.AbstractStorage save
INFO: &amp#27;[32mSave 1a11c732-4f38-4f01-9d7c-8df855a6e738(uuid2456)
сент. 19, 2025 6:42:49 PM webapp.storage.AbstractStorage save
INFO: &amp#27;[32mSave a548abb8-fffb-45a7-a7c2-fcfaf7ba8812(uuid2457)
сент. 19, 2025 6:42:49 PM webapp.storage.AbstractStorage save
INFO: &amp#27;[32mSave c068a194-ae5c-4e1e-afb8-2c4806fdf6aa(uuid2458)
сент. 19, 2025 6:42:49 PM webapp.storage.AbstractStorage save
INFO: &amp#27;[32mSave 57cdffc6-276d-4fcb-ae49-9b6b22790cb5(uuid2459)
сент. 19, 2025 6:42:49 PM webapp.storage.AbstractStorage save
INFO: &amp#27;[32mSave 4cb5edcd-14c5-4f4e-815f-28d2d2be1db5(uuid2460)
сент. 19, 2025 6:42:49 PM webapp.storage.AbstractStorage save
INFO: &amp#27;[32mSave 277e0db0-5d9e-4bcb-8aac-c54200d56afa(uuid2461)
сент. 19, 2025 6:42:49 PM webapp.storage.AbstractStorage save
INFO: &amp#27;[32mSave 4d6a75a0-cc67-4c7a-bf20-7a5a94f821a4(uuid2462)
сент. 19, 2025 6:42:49 PM webapp.storage.AbstractStorage save
INFO: &amp#27;[32mSave f0c7c88e-a8f6-4225-b62e-967a8b7bf763(uuid2463)
сент. 19, 2025 6:42:49 PM webapp.storage.AbstractStorage save
INFO: &amp#27;[32mSave 172ffe1d-1146-46a4-abb8-89c190643df4(uuid2464)
сент. 19, 2025 6:42:49 PM webapp.storage.AbstractStorage save
INFO: &amp#27;[32mSave 55a2f097-ab83-4798-9a43-669c8bca383c(uuid2465)
сент. 19, 2025 6:42:49 PM webapp.storage.AbstractStorage save
INFO: &amp#27;[32mSave ab9bc46e-571d-4184-bf97-65a9ed2041a7(uuid2466)
сент. 19, 2025 6:42:49 PM webapp.storage.AbstractStorage save
INFO: &amp#27;[32mSave def21b25-03c5-4091-b650-64c42a5885bc(uuid2467)
сент. 19, 2025 6:42:49 PM webapp.storage.AbstractStorage save
INFO: &amp#27;[32mSave 85645be7-eca8-4c78-83c0-5d4c36b29da6(uuid2468)
сент. 19, 2025 6:42:49 PM webapp.storage.AbstractStorage save
INFO: &amp#27;[32mSave 070f893c-9f74-48b4-951c-252905db8a89(uuid2469)
сент. 19, 2025 6:42:49 PM webapp.storage.AbstractStorage save
INFO: &amp#27;[32mSave 62b125b7-aa0c-4f0b-8fd7-382fc776dcf0(uuid2470)
сент. 19, 2025 6:42:49 PM webapp.storage.AbstractStorage save
INFO: &amp#27;[32mSave d4e9ca96-9233-4b9c-bcbc-ab8855f5cfc4(uuid2471)
сент. 19, 2025 6:42:49 PM webapp.storage.AbstractStorage save
INFO: &amp#27;[32mSave 94a6023c-bc76-40ad-864f-682e53129dd8(uuid2472)
сент. 19, 2025 6:42:49 PM webapp.storage.AbstractStorage save
INFO: &amp#27;[32mSave cb203420-a6f5-4839-8c98-9ee84460796f(uuid2473)
сент. 19, 2025 6:42:49 PM webapp.storage.AbstractStorage save
INFO: &amp#27;[32mSave c1e2a4e9-ebd2-4d53-8fa5-8c59b57c5fb2(uuid2474)
сент. 19, 2025 6:42:49 PM webapp.storage.AbstractStorage save
INFO: &amp#27;[32mSave 3a9a7573-cba6-4aec-8bff-95f2120d8cf7(uuid2475)
сент. 19, 2025 6:42:49 PM webapp.storage.AbstractStorage save
INFO: &amp#27;[32mSave ca35b2a9-c253-4e5b-a477-2d339c0256a8(uuid2476)
сент. 19, 2025 6:42:49 PM webapp.storage.AbstractStorage save
INFO: &amp#27;[32mSave 72741c64-f167-493f-a54f-ad4f37bb77eb(uuid2477)
сент. 19, 2025 6:42:49 PM webapp.storage.AbstractStorage save
INFO: &amp#27;[32mSave 27b1376f-2d47-4b20-855f-5e822179511f(uuid2478)
сент. 19, 2025 6:42:49 PM webapp.storage.AbstractStorage save
INFO: &amp#27;[32mSave f93092c5-d854-4ef3-9e0c-b836e6f63bb1(uuid2479)
сент. 19, 2025 6:42:49 PM webapp.storage.AbstractStorage save
INFO: &amp#27;[32mSave 8eef26dd-5d45-4b2a-a431-dbfd147cf6d5(uuid2480)
сент. 19, 2025 6:42:49 PM webapp.storage.AbstractStorage save
INFO: &amp#27;[32mSave 46f7796a-a342-4a49-bc16-387bf2bc9b15(uuid2481)
сент. 19, 2025 6:42:49 PM webapp.storage.AbstractStorage save
INFO: &amp#27;[32mSave e5eb3ab4-66db-4571-b6a0-14d803f38e10(uuid2482)
сент. 19, 2025 6:42:49 PM webapp.storage.AbstractStorage save
INFO: &amp#27;[32mSave 415293aa-9198-4034-86bb-785bef853a99(uuid2483)
сент. 19, 2025 6:42:49 PM webapp.storage.AbstractStorage save
INFO: &amp#27;[32mSave 4b216473-24ea-4005-8a2b-2c058d1ac27c(uuid2484)
сент. 19, 2025 6:42:49 PM webapp.storage.AbstractStorage save
INFO: &amp#27;[32mSave b3a2eeb9-f7ec-441c-a652-8c6bffc4be3d(uuid2485)
сент. 19, 2025 6:42:49 PM webapp.storage.AbstractStorage save
INFO: &amp#27;[32mSave 51419232-276e-4f98-8f67-10a11ba14327(uuid2486)
сент. 19, 2025 6:42:49 PM webapp.storage.AbstractStorage save
INFO: &amp#27;[32mSave 2db50669-f231-4857-b570-2993b515ec03(uuid2487)
сент. 19, 2025 6:42:49 PM webapp.storage.AbstractStorage save
INFO: &amp#27;[32mSave 58aaec95-ca95-4567-a476-c83e4fec3abc(uuid2488)
сент. 19, 2025 6:42:49 PM webapp.storage.AbstractStorage save
INFO: &amp#27;[32mSave eddf4619-0153-4f36-8523-0a2db37f3eab(uuid2489)
сент. 19, 2025 6:42:49 PM webapp.storage.AbstractStorage save
INFO: &amp#27;[32mSave be78a50d-6981-424c-969e-3b07ada1860e(uuid2490)
сент. 19, 2025 6:42:49 PM webapp.storage.AbstractStorage save
INFO: &amp#27;[32mSave 8de78038-97e7-4136-a975-9f1611148bed(uuid2491)
сент. 19, 2025 6:42:49 PM webapp.storage.AbstractStorage save
INFO: &amp#27;[32mSave a56349ef-fdf7-4d7b-a9a0-0b94d53c0141(uuid2492)
сент. 19, 2025 6:42:49 PM webapp.storage.AbstractStorage save
INFO: &amp#27;[32mSave d3d38bab-df22-4a9b-bb71-357685aa64c2(uuid2493)
сент. 19, 2025 6:42:49 PM webapp.storage.AbstractStorage save
INFO: &amp#27;[32mSave 8c66deb4-63e5-46ec-9fd2-7e82a06e5210(uuid2494)
сент. 19, 2025 6:42:49 PM webapp.storage.AbstractStorage save
INFO: &amp#27;[32mSave e3be01fd-d36c-4b5c-a99c-8a8a3754679e(uuid2495)
сент. 19, 2025 6:42:49 PM webapp.storage.AbstractStorage save
INFO: &amp#27;[32mSave d561aac3-4e2c-44e1-ad23-f7e20067c9d4(uuid2496)
сент. 19, 2025 6:42:49 PM webapp.storage.AbstractStorage save
INFO: &amp#27;[32mSave 6e46adfa-8e2e-4f38-b9a8-1118e54667a0(uuid2497)
сент. 19, 2025 6:42:49 PM webapp.storage.AbstractStorage save
INFO: &amp#27;[32mSave 89872a20-f564-440d-be4a-d5d09076c3aa(uuid2498)
сент. 19, 2025 6:42:49 PM webapp.storage.AbstractStorage save
INFO: &amp#27;[32mSave 2e90048e-b3a3-4646-86b4-25de534006f7(uuid2499)
сент. 19, 2025 6:42:49 PM webapp.storage.AbstractStorage save
INFO: &amp#27;[32mSave ce1e4be0-cb5e-42c3-a023-5894be20a87f(uuid2500)
сент. 19, 2025 6:42:49 PM webapp.storage.AbstractStorage save
INFO: &amp#27;[32mSave 52fed4ab-66c8-4ec9-b8c1-a39f5ac73478(uuid2501)
сент. 19, 2025 6:42:49 PM webapp.storage.AbstractStorage save
INFO: &amp#27;[32mSave fa870bff-fc75-4723-b7ed-c9187f68ae58(uuid2502)
сент. 19, 2025 6:42:49 PM webapp.storage.AbstractStorage save
INFO: &amp#27;[32mSave ba3f77a6-dca2-44bf-bf9d-f98a8ce80505(uuid2503)
сент. 19, 2025 6:42:49 PM webapp.storage.AbstractStorage save
INFO: &amp#27;[32mSave 1911bec9-3605-4614-bb0f-670b45fae70a(uuid2504)
сент. 19, 2025 6:42:49 PM webapp.storage.AbstractStorage save
INFO: &amp#27;[32mSave faae8c97-9167-433f-b958-dddf28b2bfdd(uuid2505)
сент. 19, 2025 6:42:49 PM webapp.storage.AbstractStorage save
INFO: &amp#27;[32mSave ea8bd055-2296-4579-8648-31fd4e7e1b2e(uuid2506)
сент. 19, 2025 6:42:49 PM webapp.storage.AbstractStorage save
INFO: &amp#27;[32mSave cc113765-197b-4276-b658-b5109483c388(uuid2507)
сент. 19, 2025 6:42:49 PM webapp.storage.AbstractStorage save
INFO: &amp#27;[32mSave db5af55e-c329-4e0d-ab93-a96f0f551f94(uuid2508)
сент. 19, 2025 6:42:49 PM webapp.storage.AbstractStorage save
INFO: &amp#27;[32mSave eb7a9bb7-ebbc-4272-9f9a-3a9eabe36f57(uuid2509)
сент. 19, 2025 6:42:49 PM webapp.storage.AbstractStorage save
INFO: &amp#27;[32mSave 8f1334b0-6308-4fa7-8ebb-251fcff021c6(uuid2510)
сент. 19, 2025 6:42:49 PM webapp.storage.AbstractStorage save
INFO: &amp#27;[32mSave d6a6c0e6-e34b-4e95-b037-8954a6670a35(uuid2511)
сент. 19, 2025 6:42:49 PM webapp.storage.AbstractStorage save
INFO: &amp#27;[32mSave 93c535cd-f30c-4ebb-b656-84e5ed1a20d7(uuid2512)
сент. 19, 2025 6:42:49 PM webapp.storage.AbstractStorage save
INFO: &amp#27;[32mSave db32dbdc-54fe-4956-aa9c-77b9b8a84ec5(uuid2513)
сент. 19, 2025 6:42:49 PM webapp.storage.AbstractStorage save
INFO: &amp#27;[32mSave 1045e966-8521-4b6c-a396-ac4f9481f186(uuid2514)
сент. 19, 2025 6:42:49 PM webapp.storage.AbstractStorage save
INFO: &amp#27;[32mSave 83b6e906-18c4-414e-bdb8-915f3ce02078(uuid2515)
сент. 19, 2025 6:42:49 PM webapp.storage.AbstractStorage save
INFO: &amp#27;[32mSave cc831f9c-1eae-424f-b871-a2d9924775c9(uuid2516)
сент. 19, 2025 6:42:49 PM webapp.storage.AbstractStorage save
INFO: &amp#27;[32mSave 789b01e8-1ba4-4414-9f10-a0d217e09c93(uuid2517)
сент. 19, 2025 6:42:49 PM webapp.storage.AbstractStorage save
INFO: &amp#27;[32mSave fb1b2c92-64f9-451f-b431-ab9c618cbe2c(uuid2518)
сент. 19, 2025 6:42:49 PM webapp.storage.AbstractStorage save
INFO: &amp#27;[32mSave 578bb3f2-3273-423a-b77d-de332ede37e0(uuid2519)
сент. 19, 2025 6:42:49 PM webapp.storage.AbstractStorage save
INFO: &amp#27;[32mSave da6c96ed-4d70-4f85-b76e-286c3198d0d7(uuid2520)
сент. 19, 2025 6:42:49 PM webapp.storage.AbstractStorage save
INFO: &amp#27;[32mSave fc1defcc-31cd-48fd-8590-4d8c7267b321(uuid2521)
сент. 19, 2025 6:42:49 PM webapp.storage.AbstractStorage save
INFO: &amp#27;[32mSave 4f9a3c61-8b74-43cc-901a-2f61ba416437(uuid2522)
сент. 19, 2025 6:42:49 PM webapp.storage.AbstractStorage save
INFO: &amp#27;[32mSave 6be8fc6f-61d7-46ad-9477-cddd55c5c78d(uuid2523)
сент. 19, 2025 6:42:49 PM webapp.storage.AbstractStorage save
INFO: &amp#27;[32mSave 3c9687e6-bf58-4915-a1f2-31fdb492c9fa(uuid2524)
сент. 19, 2025 6:42:49 PM webapp.storage.AbstractStorage save
INFO: &amp#27;[32mSave eacc8c2d-ddfe-4dd4-8a3d-5aaadd70098b(uuid2525)
сент. 19, 2025 6:42:49 PM webapp.storage.AbstractStorage save
INFO: &amp#27;[32mSave fbc3f0ee-1162-4d67-af89-a5e52d2ee07f(uuid2526)
сент. 19, 2025 6:42:49 PM webapp.storage.AbstractStorage save
INFO: &amp#27;[32mSave cda3d712-aa51-4557-85ce-5b2f66121bd8(uuid2527)
сент. 19, 2025 6:42:49 PM webapp.storage.AbstractStorage save
INFO: &amp#27;[32mSave 21df1921-5dfd-411d-b6af-43121a0f4b2d(uuid2528)
сент. 19, 2025 6:42:49 PM webapp.storage.AbstractStorage save
INFO: &amp#27;[32mSave 9e2e65af-d4a3-4f1b-a654-308c0a51c8ab(uuid2529)
сент. 19, 2025 6:42:49 PM webapp.storage.AbstractStorage save
INFO: &amp#27;[32mSave 9cad65e3-5585-44d6-900c-61ca0f95582e(uuid2530)
сент. 19, 2025 6:42:49 PM webapp.storage.AbstractStorage save
INFO: &amp#27;[32mSave 8c8c0338-b228-4ef2-b646-4e2815367ef2(uuid2531)
сент. 19, 2025 6:42:49 PM webapp.storage.AbstractStorage save
INFO: &amp#27;[32mSave 3bca9171-5a3c-41ba-9e74-d1fc278a0e65(uuid2532)
сент. 19, 2025 6:42:49 PM webapp.storage.AbstractStorage save
INFO: &amp#27;[32mSave d967d5b8-c0dd-4efd-bf28-f83807de2850(uuid2533)
сент. 19, 2025 6:42:49 PM webapp.storage.AbstractStorage save
INFO: &amp#27;[32mSave 91a0446b-06ee-420f-92dc-45584924820b(uuid2534)
сент. 19, 2025 6:42:49 PM webapp.storage.AbstractStorage save
INFO: &amp#27;[32mSave 66483c88-ffb6-49bf-b3ff-8f8263491f86(uuid2535)
сент. 19, 2025 6:42:49 PM webapp.storage.AbstractStorage save
INFO: &amp#27;[32mSave ca68858c-1ef1-4dfd-bf89-e2c5f00bd44e(uuid2536)
сент. 19, 2025 6:42:49 PM webapp.storage.AbstractStorage save
INFO: &amp#27;[32mSave fe22abbb-6339-42dd-b46d-40bea7817175(uuid2537)
сент. 19, 2025 6:42:49 PM webapp.storage.AbstractStorage save
INFO: &amp#27;[32mSave 00b115bb-a051-4ab5-ac1c-d3cf0a4c3b01(uuid2538)
сент. 19, 2025 6:42:49 PM webapp.storage.AbstractStorage save
INFO: &amp#27;[32mSave cac81b0f-b39e-45c7-aef9-50b0ecc92eed(uuid2539)
сент. 19, 2025 6:42:49 PM webapp.storage.AbstractStorage save
INFO: &amp#27;[32mSave 35850194-9167-4774-a1dd-3ae4198755f0(uuid2540)
сент. 19, 2025 6:42:49 PM webapp.storage.AbstractStorage save
INFO: &amp#27;[32mSave 68cc5123-9af4-4bf3-ae4f-c0f046b7502d(uuid2541)
сент. 19, 2025 6:42:49 PM webapp.storage.AbstractStorage save
INFO: &amp#27;[32mSave 1579e4ca-c065-415c-8d1e-3916338fcd13(uuid2542)
сент. 19, 2025 6:42:49 PM webapp.storage.AbstractStorage save
INFO: &amp#27;[32mSave bacab3cc-28ae-404a-ad00-749ea665d2b9(uuid2543)
сент. 19, 2025 6:42:49 PM webapp.storage.AbstractStorage save
INFO: &amp#27;[32mSave 59b23d9d-f1e3-434e-a989-8170de8aaad7(uuid2544)
сент. 19, 2025 6:42:49 PM webapp.storage.AbstractStorage save
INFO: &amp#27;[32mSave 99d23708-8693-47d7-9e11-c0fc3769f046(uuid2545)
сент. 19, 2025 6:42:49 PM webapp.storage.AbstractStorage save
INFO: &amp#27;[32mSave 8fb38e6a-f233-425e-b946-1de9fe637aaa(uuid2546)
сент. 19, 2025 6:42:49 PM webapp.storage.AbstractStorage save
INFO: &amp#27;[32mSave 58cfead4-b7c9-4697-a5da-49873f55cd38(uuid2547)
сент. 19, 2025 6:42:49 PM webapp.storage.AbstractStorage save
INFO: &amp#27;[32mSave a441a492-d964-4efb-9abb-a9047782a760(uuid2548)
сент. 19, 2025 6:42:49 PM webapp.storage.AbstractStorage save
INFO: &amp#27;[32mSave 04ecf49c-8c64-4a57-9750-d17f25c7da96(uuid2549)
сент. 19, 2025 6:42:49 PM webapp.storage.AbstractStorage save
INFO: &amp#27;[32mSave 304c22ab-e175-41f1-988b-d8eb866a4886(uuid2550)
сент. 19, 2025 6:42:49 PM webapp.storage.AbstractStorage save
INFO: &amp#27;[32mSave 580b2bce-60c7-4586-9421-136474d7d728(uuid2551)
сент. 19, 2025 6:42:49 PM webapp.storage.AbstractStorage save
INFO: &amp#27;[32mSave 0657fe90-48b2-4977-977c-c48b508a5f8e(uuid2552)
сент. 19, 2025 6:42:49 PM webapp.storage.AbstractStorage save
INFO: &amp#27;[32mSave 44b47d27-5f04-4133-a250-97c3b9886314(uuid2553)
сент. 19, 2025 6:42:49 PM webapp.storage.AbstractStorage save
INFO: &amp#27;[32mSave 497de9ec-7afa-458b-bdc4-e48889351f34(uuid2554)
сент. 19, 2025 6:42:49 PM webapp.storage.AbstractStorage save
INFO: &amp#27;[32mSave 16d9a6fb-9902-4a81-b28e-66220af9d7f2(uuid2555)
сент. 19, 2025 6:42:49 PM webapp.storage.AbstractStorage save
INFO: &amp#27;[32mSave 71ed6cc6-538d-416e-89a0-c7459d3d5dac(uuid2556)
сент. 19, 2025 6:42:49 PM webapp.storage.AbstractStorage save
INFO: &amp#27;[32mSave d22eaee5-04cf-4173-9dc5-8ac65742821b(uuid2557)
сент. 19, 2025 6:42:49 PM webapp.storage.AbstractStorage save
INFO: &amp#27;[32mSave be31f065-a36a-444d-8b5a-db6adaa09221(uuid2558)
сент. 19, 2025 6:42:49 PM webapp.storage.AbstractStorage save
INFO: &amp#27;[32mSave f45333cb-8c7c-4708-822b-af35f69afaa1(uuid2559)
сент. 19, 2025 6:42:49 PM webapp.storage.AbstractStorage save
INFO: &amp#27;[32mSave f37d0a56-af87-4bb7-8d96-14c4d3ce666b(uuid2560)
сент. 19, 2025 6:42:49 PM webapp.storage.AbstractStorage save
INFO: &amp#27;[32mSave 2b6dddd1-d473-4e6d-b269-4390e7994002(uuid2561)
сент. 19, 2025 6:42:49 PM webapp.storage.AbstractStorage save
INFO: &amp#27;[32mSave 9f0b9df9-8364-4b66-af90-2bcbcd1acfb0(uuid2562)
сент. 19, 2025 6:42:49 PM webapp.storage.AbstractStorage save
INFO: &amp#27;[32mSave f22a3c03-5400-4e8d-9520-08be68320aaa(uuid2563)
сент. 19, 2025 6:42:49 PM webapp.storage.AbstractStorage save
INFO: &amp#27;[32mSave fd8ed65b-4fe8-422a-82d8-7fbe9cebc39b(uuid2564)
сент. 19, 2025 6:42:49 PM webapp.storage.AbstractStorage save
INFO: &amp#27;[32mSave 0000b4a9-a368-419c-9f3c-df4bb99edf31(uuid2565)
сент. 19, 2025 6:42:49 PM webapp.storage.AbstractStorage save
INFO: &amp#27;[32mSave 0c0d8129-1942-40d9-8272-c938e63d22b3(uuid2566)
сент. 19, 2025 6:42:49 PM webapp.storage.AbstractStorage save
INFO: &amp#27;[32mSave 012634a1-c8ce-4b13-a0f5-29ab9a1ac9ee(uuid2567)
сент. 19, 2025 6:42:49 PM webapp.storage.AbstractStorage save
INFO: &amp#27;[32mSave d5a4458d-cf51-419d-9911-5382b3a06fe0(uuid2568)
сент. 19, 2025 6:42:49 PM webapp.storage.AbstractStorage save
INFO: &amp#27;[32mSave 0dd47e16-e36b-40a5-a4e7-b09a87c69deb(uuid2569)
сент. 19, 2025 6:42:49 PM webapp.storage.AbstractStorage save
INFO: &amp#27;[32mSave b93fe04e-dc1c-4534-a9d1-988e463e0aba(uuid2570)
сент. 19, 2025 6:42:49 PM webapp.storage.AbstractStorage save
INFO: &amp#27;[32mSave 75efe3af-0da1-43c7-aba9-43c8994ce23c(uuid2571)
сент. 19, 2025 6:42:49 PM webapp.storage.AbstractStorage save
INFO: &amp#27;[32mSave 536fd224-2152-4ee4-8262-66decb2f3fb0(uuid2572)
сент. 19, 2025 6:42:49 PM webapp.storage.AbstractStorage save
INFO: &amp#27;[32mSave 3a52223a-cf6f-43b2-bc3d-e1bea689fd2d(uuid2573)
сент. 19, 2025 6:42:49 PM webapp.storage.AbstractStorage save
INFO: &amp#27;[32mSave 7b18ba7c-3095-4453-a119-666121c7c4ac(uuid2574)
сент. 19, 2025 6:42:49 PM webapp.storage.AbstractStorage save
INFO: &amp#27;[32mSave b2a2fb19-09dd-4713-941f-13f275c3b338(uuid2575)
сент. 19, 2025 6:42:49 PM webapp.storage.AbstractStorage save
INFO: &amp#27;[32mSave 5b6b5347-1701-4cad-9484-3564ff0a65c8(uuid2576)
сент. 19, 2025 6:42:49 PM webapp.storage.AbstractStorage save
INFO: &amp#27;[32mSave 26f46bdf-209a-472d-85ff-f088e6bd9118(uuid2577)
сент. 19, 2025 6:42:49 PM webapp.storage.AbstractStorage save
INFO: &amp#27;[32mSave 8117933e-3470-4eb1-9c8e-f046b9093a57(uuid2578)
сент. 19, 2025 6:42:49 PM webapp.storage.AbstractStorage save
INFO: &amp#27;[32mSave 842a6d74-6a36-4bcc-b5b9-baf5bfc01e02(uuid2579)
сент. 19, 2025 6:42:49 PM webapp.storage.AbstractStorage save
INFO: &amp#27;[32mSave eb76dfd9-f6fd-410e-bf2c-e3549e8473a4(uuid2580)
сент. 19, 2025 6:42:49 PM webapp.storage.AbstractStorage save
INFO: &amp#27;[32mSave ffcb9d6f-85a4-4d66-80eb-046803689715(uuid2581)
сент. 19, 2025 6:42:49 PM webapp.storage.AbstractStorage save
INFO: &amp#27;[32mSave 63c317e5-8b3b-4881-8db4-6ece9df0c2c5(uuid2582)
сент. 19, 2025 6:42:49 PM webapp.storage.AbstractStorage save
INFO: &amp#27;[32mSave e0a2d6c8-d3b5-4de7-ac2f-facc2e627236(uuid2583)
сент. 19, 2025 6:42:49 PM webapp.storage.AbstractStorage save
INFO: &amp#27;[32mSave 47b5ce00-0d6b-49ce-83eb-bf236d1d8ba6(uuid2584)
сент. 19, 2025 6:42:49 PM webapp.storage.AbstractStorage save
INFO: &amp#27;[32mSave b557b914-34b0-4bda-a262-9769ebb6b895(uuid2585)
сент. 19, 2025 6:42:49 PM webapp.storage.AbstractStorage save
INFO: &amp#27;[32mSave cbe9d946-475f-47b2-9534-c6f0cc43656b(uuid2586)
сент. 19, 2025 6:42:49 PM webapp.storage.AbstractStorage save
INFO: &amp#27;[32mSave 67e25765-0ee4-480c-a54f-e04ad8b6998c(uuid2587)
сент. 19, 2025 6:42:49 PM webapp.storage.AbstractStorage save
INFO: &amp#27;[32mSave 89c587b4-a69e-4cd9-980c-e396bc9eb017(uuid2588)
сент. 19, 2025 6:42:49 PM webapp.storage.AbstractStorage save
INFO: &amp#27;[32mSave 5f7ab33a-d4f4-4762-b785-f5996f741497(uuid2589)
сент. 19, 2025 6:42:49 PM webapp.storage.AbstractStorage save
INFO: &amp#27;[32mSave 62b535a4-1066-4662-a90c-12d1978b1bbc(uuid2590)
сент. 19, 2025 6:42:49 PM webapp.storage.AbstractStorage save
INFO: &amp#27;[32mSave 027a0293-cb3a-4b0a-8396-10b15fa74934(uuid2591)
сент. 19, 2025 6:42:49 PM webapp.storage.AbstractStorage save
INFO: &amp#27;[32mSave 13019883-28bd-4097-836b-4a4c7e2c2076(uuid2592)
сент. 19, 2025 6:42:49 PM webapp.storage.AbstractStorage save
INFO: &amp#27;[32mSave 0e8c69db-0c49-4b94-a5e8-f48bac02b01f(uuid2593)
сент. 19, 2025 6:42:49 PM webapp.storage.AbstractStorage save
INFO: &amp#27;[32mSave d0044fcc-8b98-41ee-8b4b-f3d43ffe47dc(uuid2594)
сент. 19, 2025 6:42:49 PM webapp.storage.AbstractStorage save
INFO: &amp#27;[32mSave f3979105-de3b-4eb4-b17f-ee77097fab38(uuid2595)
сент. 19, 2025 6:42:49 PM webapp.storage.AbstractStorage save
INFO: &amp#27;[32mSave c6f8aa0e-031b-4304-a66a-5e488e263b88(uuid2596)
сент. 19, 2025 6:42:49 PM webapp.storage.AbstractStorage save
INFO: &amp#27;[32mSave 136023a1-fca7-44a5-b54e-ac0d0cdcf389(uuid2597)
сент. 19, 2025 6:42:49 PM webapp.storage.AbstractStorage save
INFO: &amp#27;[32mSave dff91974-ea7a-4979-9455-edef44108a01(uuid2598)
сент. 19, 2025 6:42:49 PM webapp.storage.AbstractStorage save
INFO: &amp#27;[32mSave 1bf16af1-c4ed-457a-a0b4-c15147731a78(uuid2599)
сент. 19, 2025 6:42:49 PM webapp.storage.AbstractStorage save
INFO: &amp#27;[32mSave 49212089-ab42-4b84-8a50-69a74a74d139(uuid2600)
сент. 19, 2025 6:42:49 PM webapp.storage.AbstractStorage save
INFO: &amp#27;[32mSave 9a27e0e2-1aac-43ef-896b-78b83cfb1d8f(uuid2601)
сент. 19, 2025 6:42:49 PM webapp.storage.AbstractStorage save
INFO: &amp#27;[32mSave a3f47de4-a1a5-420d-9f66-8d5648495261(uuid2602)
сент. 19, 2025 6:42:49 PM webapp.storage.AbstractStorage save
INFO: &amp#27;[32mSave 8d806ed8-9268-416c-8869-f893205824b9(uuid2603)
сент. 19, 2025 6:42:49 PM webapp.storage.AbstractStorage save
INFO: &amp#27;[32mSave 2b1a90e9-a9c2-4b2f-990d-7848e4a75da0(uuid2604)
сент. 19, 2025 6:42:49 PM webapp.storage.AbstractStorage save
INFO: &amp#27;[32mSave 366ceb80-ef15-47e8-9576-e0bb83b93c2f(uuid2605)
сент. 19, 2025 6:42:49 PM webapp.storage.AbstractStorage save
INFO: &amp#27;[32mSave 86cd6fa1-4f79-4e87-a8ee-5f73f540c4b9(uuid2606)
сент. 19, 2025 6:42:49 PM webapp.storage.AbstractStorage save
INFO: &amp#27;[32mSave e20e4843-984b-44a4-a321-29b440d22505(uuid2607)
сент. 19, 2025 6:42:49 PM webapp.storage.AbstractStorage save
INFO: &amp#27;[32mSave 9b94c0a2-c607-4f70-9607-31e22e7f7164(uuid2608)
сент. 19, 2025 6:42:49 PM webapp.storage.AbstractStorage save
INFO: &amp#27;[32mSave 19ba7b2e-f895-45d9-af72-4c7d9007499b(uuid2609)
сент. 19, 2025 6:42:49 PM webapp.storage.AbstractStorage save
INFO: &amp#27;[32mSave dc966800-4b1f-4783-a805-ad7c1564a834(uuid2610)
сент. 19, 2025 6:42:49 PM webapp.storage.AbstractStorage save
INFO: &amp#27;[32mSave 11bdf670-1317-4780-9cd8-6587ce0be6ba(uuid2611)
сент. 19, 2025 6:42:49 PM webapp.storage.AbstractStorage save
INFO: &amp#27;[32mSave 3730c352-6534-4e63-9f30-94e6b11e5dd5(uuid2612)
сент. 19, 2025 6:42:49 PM webapp.storage.AbstractStorage save
INFO: &amp#27;[32mSave affa2d1f-e20b-4a16-8849-ff9e03021a2b(uuid2613)
сент. 19, 2025 6:42:49 PM webapp.storage.AbstractStorage save
INFO: &amp#27;[32mSave f1fbcb24-cd74-4197-b45e-d0ca9dea0ab1(uuid2614)
сент. 19, 2025 6:42:49 PM webapp.storage.AbstractStorage save
INFO: &amp#27;[32mSave 2b60ab79-e313-4ac9-a2db-b3690464f9b1(uuid2615)
сент. 19, 2025 6:42:49 PM webapp.storage.AbstractStorage save
INFO: &amp#27;[32mSave c382cc19-724c-4d21-9854-f0ab63b7d856(uuid2616)
сент. 19, 2025 6:42:49 PM webapp.storage.AbstractStorage save
INFO: &amp#27;[32mSave 09c8bcd3-206a-4244-857f-eaeb929740b0(uuid2617)
сент. 19, 2025 6:42:49 PM webapp.storage.AbstractStorage save
INFO: &amp#27;[32mSave ff38a774-04d0-4e57-b388-bc31ea5ec758(uuid2618)
сент. 19, 2025 6:42:49 PM webapp.storage.AbstractStorage save
INFO: &amp#27;[32mSave a5eec5b8-3ef2-4e0f-bddd-d0fb05e6adcb(uuid2619)
сент. 19, 2025 6:42:49 PM webapp.storage.AbstractStorage save
INFO: &amp#27;[32mSave 27d50140-c4dd-4291-ab61-4f4d50b996b9(uuid2620)
сент. 19, 2025 6:42:49 PM webapp.storage.AbstractStorage save
INFO: &amp#27;[32mSave c7c6e1d1-0e8a-41b6-ab06-62d2157f6bdf(uuid2621)
сент. 19, 2025 6:42:49 PM webapp.storage.AbstractStorage save
INFO: &amp#27;[32mSave b3e077fc-87cb-4fc8-955c-8ded45e1f3fd(uuid2622)
сент. 19, 2025 6:42:49 PM webapp.storage.AbstractStorage save
INFO: &amp#27;[32mSave 393164f3-2d87-40f7-9929-f0392075dc63(uuid2623)
сент. 19, 2025 6:42:49 PM webapp.storage.AbstractStorage save
INFO: &amp#27;[32mSave 012471c8-7f33-46d1-a6f7-c87cf46e1f56(uuid2624)
сент. 19, 2025 6:42:49 PM webapp.storage.AbstractStorage save
INFO: &amp#27;[32mSave 734271d1-a5c2-49e6-9f37-9d30e33967b7(uuid2625)
сент. 19, 2025 6:42:49 PM webapp.storage.AbstractStorage save
INFO: &amp#27;[32mSave ec006909-2955-4ce5-9de9-e9f1693e6dbc(uuid2626)
сент. 19, 2025 6:42:49 PM webapp.storage.AbstractStorage save
INFO: &amp#27;[32mSave 9d3f666b-5aea-40ac-8c0b-10ac0a792708(uuid2627)
сент. 19, 2025 6:42:49 PM webapp.storage.AbstractStorage save
INFO: &amp#27;[32mSave ea2aaf1b-fc89-4f21-b432-87eda1aa48bf(uuid2628)
сент. 19, 2025 6:42:49 PM webapp.storage.AbstractStorage save
INFO: &amp#27;[32mSave 984b18ad-637f-40b3-bd42-03c15865ae7e(uuid2629)
сент. 19, 2025 6:42:49 PM webapp.storage.AbstractStorage save
INFO: &amp#27;[32mSave 48f99e24-c752-4e4f-8dc4-ec43a0246519(uuid2630)
сент. 19, 2025 6:42:49 PM webapp.storage.AbstractStorage save
INFO: &amp#27;[32mSave 309be193-8da0-43f0-8d42-6d066c6077ea(uuid2631)
сент. 19, 2025 6:42:49 PM webapp.storage.AbstractStorage save
INFO: &amp#27;[32mSave c2b93228-4a4d-4aae-b043-666dd7ab6e41(uuid2632)
сент. 19, 2025 6:42:49 PM webapp.storage.AbstractStorage save
INFO: &amp#27;[32mSave 9dc55969-d919-4ffa-97a2-abd3ca05781c(uuid2633)
сент. 19, 2025 6:42:49 PM webapp.storage.AbstractStorage save
INFO: &amp#27;[32mSave f9169270-f97b-42f6-8025-037b5c88d96e(uuid2634)
сент. 19, 2025 6:42:49 PM webapp.storage.AbstractStorage save
INFO: &amp#27;[32mSave b6313f85-39e3-40f6-9f41-56b4b38f155c(uuid2635)
сент. 19, 2025 6:42:49 PM webapp.storage.AbstractStorage save
INFO: &amp#27;[32mSave 5efafa3a-84e4-44b1-a326-db7ae09e1adb(uuid2636)
сент. 19, 2025 6:42:49 PM webapp.storage.AbstractStorage save
INFO: &amp#27;[32mSave 2ed58853-0c65-458c-ba4d-ba83a37350d3(uuid2637)
сент. 19, 2025 6:42:49 PM webapp.storage.AbstractStorage save
INFO: &amp#27;[32mSave e3a2b138-9796-408a-be92-6cb8e4d75116(uuid2638)
сент. 19, 2025 6:42:49 PM webapp.storage.AbstractStorage save
INFO: &amp#27;[32mSave 5e28d6fd-7adc-46ba-975f-a9207a8f9279(uuid2639)
сент. 19, 2025 6:42:49 PM webapp.storage.AbstractStorage save
INFO: &amp#27;[32mSave cfc5db3c-3a59-41c5-950b-7f5ab259da52(uuid2640)
сент. 19, 2025 6:42:49 PM webapp.storage.AbstractStorage save
INFO: &amp#27;[32mSave f7312158-04e8-4c44-9007-0e2fb2bed934(uuid2641)
сент. 19, 2025 6:42:49 PM webapp.storage.AbstractStorage save
INFO: &amp#27;[32mSave 016372b0-ca1b-4763-8cdc-2e9c7ab12f69(uuid2642)
сент. 19, 2025 6:42:49 PM webapp.storage.AbstractStorage save
INFO: &amp#27;[32mSave a7caf224-7c6b-456d-9d12-097b26b6cecf(uuid2643)
сент. 19, 2025 6:42:49 PM webapp.storage.AbstractStorage save
INFO: &amp#27;[32mSave 22cc62c2-1faf-49ce-962a-37a7b13fbb56(uuid2644)
сент. 19, 2025 6:42:49 PM webapp.storage.AbstractStorage save
INFO: &amp#27;[32mSave 248832d1-c670-424a-a00d-23b7fc71b431(uuid2645)
сент. 19, 2025 6:42:49 PM webapp.storage.AbstractStorage save
INFO: &amp#27;[32mSave e2a0d7bd-a555-4e16-9b9d-d2615a99340d(uuid2646)
сент. 19, 2025 6:42:49 PM webapp.storage.AbstractStorage save
INFO: &amp#27;[32mSave 483548db-ae5e-4b4a-bbb8-5b878510691e(uuid2647)
сент. 19, 2025 6:42:49 PM webapp.storage.AbstractStorage save
INFO: &amp#27;[32mSave b63afc83-d46b-4fc9-ac91-95d2e22b02d0(uuid2648)
сент. 19, 2025 6:42:49 PM webapp.storage.AbstractStorage save
INFO: &amp#27;[32mSave 1a0ef445-5ac8-4470-a97a-b1da35173ca9(uuid2649)
сент. 19, 2025 6:42:49 PM webapp.storage.AbstractStorage save
INFO: &amp#27;[32mSave 50fdaf93-7d34-485e-8a64-1958eb36015b(uuid2650)
сент. 19, 2025 6:42:49 PM webapp.storage.AbstractStorage save
INFO: &amp#27;[32mSave 6bfa2f08-2c74-4c55-b473-213c73e5cf29(uuid2651)
сент. 19, 2025 6:42:49 PM webapp.storage.AbstractStorage save
INFO: &amp#27;[32mSave a1ff6f3e-f671-423c-9350-7c5b98121150(uuid2652)
сент. 19, 2025 6:42:49 PM webapp.storage.AbstractStorage save
INFO: &amp#27;[32mSave f2227eeb-782e-47b9-8c2e-5bf4eec49332(uuid2653)
сент. 19, 2025 6:42:49 PM webapp.storage.AbstractStorage save
INFO: &amp#27;[32mSave 971ee342-f716-40a9-b17e-69e42192ee68(uuid2654)
сент. 19, 2025 6:42:49 PM webapp.storage.AbstractStorage save
INFO: &amp#27;[32mSave 8336566c-39eb-47e4-bb96-a0dee5f887bf(uuid2655)
сент. 19, 2025 6:42:49 PM webapp.storage.AbstractStorage save
INFO: &amp#27;[32mSave 418367be-e3e8-4ab7-8c53-84e3d4fd9c01(uuid2656)
сент. 19, 2025 6:42:49 PM webapp.storage.AbstractStorage save
INFO: &amp#27;[32mSave e1cfc06a-7c85-45fd-bde0-067d300c8f85(uuid2657)
сент. 19, 2025 6:42:49 PM webapp.storage.AbstractStorage save
INFO: &amp#27;[32mSave 373883f0-8561-47e6-99e4-52fb108dde8c(uuid2658)
сент. 19, 2025 6:42:49 PM webapp.storage.AbstractStorage save
INFO: &amp#27;[32mSave 0a62c970-807e-4020-8c5d-e870e9bc3780(uuid2659)
сент. 19, 2025 6:42:49 PM webapp.storage.AbstractStorage save
INFO: &amp#27;[32mSave e95b55f7-d77f-4688-b694-ebfcffeab047(uuid2660)
сент. 19, 2025 6:42:49 PM webapp.storage.AbstractStorage save
INFO: &amp#27;[32mSave 317b1c7e-d600-4e15-bb5e-af6da36c9513(uuid2661)
сент. 19, 2025 6:42:49 PM webapp.storage.AbstractStorage save
INFO: &amp#27;[32mSave 4152b759-4c23-49ac-bcda-fd0292861396(uuid2662)
сент. 19, 2025 6:42:49 PM webapp.storage.AbstractStorage save
INFO: &amp#27;[32mSave f2a75ada-18b0-450c-b4c0-6495bd949a61(uuid2663)
сент. 19, 2025 6:42:49 PM webapp.storage.AbstractStorage save
INFO: &amp#27;[32mSave df98ae16-1580-4800-bba0-124e1a33a665(uuid2664)
сент. 19, 2025 6:42:49 PM webapp.storage.AbstractStorage save
INFO: &amp#27;[32mSave 39f706cc-4987-4ba5-b75a-6e42dd0ad1a3(uuid2665)
сент. 19, 2025 6:42:49 PM webapp.storage.AbstractStorage save
INFO: &amp#27;[32mSave e6eb3906-709e-4b08-8480-9901c55fa9c7(uuid2666)
сент. 19, 2025 6:42:49 PM webapp.storage.AbstractStorage save
INFO: &amp#27;[32mSave 700b489a-e1af-4c80-aa27-184d51e36fae(uuid2667)
сент. 19, 2025 6:42:49 PM webapp.storage.AbstractStorage save
INFO: &amp#27;[32mSave 5bc16122-1be9-448f-b76e-0319a52f8f8e(uuid2668)
сент. 19, 2025 6:42:49 PM webapp.storage.AbstractStorage save
INFO: &amp#27;[32mSave 010d0f40-8928-475e-a05d-8a6e2c95c812(uuid2669)
сент. 19, 2025 6:42:49 PM webapp.storage.AbstractStorage save
INFO: &amp#27;[32mSave 8fdcb4a2-f29f-4e5c-bd71-cc17f47df94b(uuid2670)
сент. 19, 2025 6:42:49 PM webapp.storage.AbstractStorage save
INFO: &amp#27;[32mSave 9d03f84a-ff64-4c91-808d-3003547b7a93(uuid2671)
сент. 19, 2025 6:42:49 PM webapp.storage.AbstractStorage save
INFO: &amp#27;[32mSave 2801b676-7c27-471c-a82d-c6b4a5395e2b(uuid2672)
сент. 19, 2025 6:42:49 PM webapp.storage.AbstractStorage save
INFO: &amp#27;[32mSave b91ee18b-8528-4555-93b3-53c3a16e0c04(uuid2673)
сент. 19, 2025 6:42:49 PM webapp.storage.AbstractStorage save
INFO: &amp#27;[32mSave 39da1cb4-dea8-495d-b02e-1040074a847e(uuid2674)
сент. 19, 2025 6:42:49 PM webapp.storage.AbstractStorage save
INFO: &amp#27;[32mSave 4e00d940-4323-4304-953a-05a016ecda7d(uuid2675)
сент. 19, 2025 6:42:49 PM webapp.storage.AbstractStorage save
INFO: &amp#27;[32mSave c193fc43-19d0-4bb7-885d-dfe6cf575dae(uuid2676)
сент. 19, 2025 6:42:49 PM webapp.storage.AbstractStorage save
INFO: &amp#27;[32mSave 825a9c33-0089-4591-b60e-d7c84ccd3981(uuid2677)
сент. 19, 2025 6:42:49 PM webapp.storage.AbstractStorage save
INFO: &amp#27;[32mSave c2dc97e0-c34a-4a04-a8bf-03a7e384a857(uuid2678)
сент. 19, 2025 6:42:49 PM webapp.storage.AbstractStorage save
INFO: &amp#27;[32mSave 784bf0ef-f141-4eee-b1d5-0261d567aa23(uuid2679)
сент. 19, 2025 6:42:49 PM webapp.storage.AbstractStorage save
INFO: &amp#27;[32mSave 8b23280d-7df5-4e82-b2c1-049c6a98d977(uuid2680)
сент. 19, 2025 6:42:49 PM webapp.storage.AbstractStorage save
INFO: &amp#27;[32mSave 9d52eee0-d017-4ea0-b8ad-d2cc5f5d234d(uuid2681)
сент. 19, 2025 6:42:49 PM webapp.storage.AbstractStorage save
INFO: &amp#27;[32mSave 6b6ec171-7ae7-43ce-973a-26cf7bbb3d63(uuid2682)
сент. 19, 2025 6:42:49 PM webapp.storage.AbstractStorage save
INFO: &amp#27;[32mSave f761a825-a659-4448-bebe-bbb6c544649a(uuid2683)
сент. 19, 2025 6:42:49 PM webapp.storage.AbstractStorage save
INFO: &amp#27;[32mSave b9d49f7d-2e4f-4cbb-b219-eb698b4b45b6(uuid2684)
сент. 19, 2025 6:42:49 PM webapp.storage.AbstractStorage save
INFO: &amp#27;[32mSave 6ec1d041-582b-4134-bfa0-e10435563d9a(uuid2685)
сент. 19, 2025 6:42:49 PM webapp.storage.AbstractStorage save
INFO: &amp#27;[32mSave aa371be6-d6c9-49f9-a2e9-153789a84ed4(uuid2686)
сент. 19, 2025 6:42:49 PM webapp.storage.AbstractStorage save
INFO: &amp#27;[32mSave abf9c546-12e6-4904-b474-228ccd4f1f48(uuid2687)
сент. 19, 2025 6:42:49 PM webapp.storage.AbstractStorage save
INFO: &amp#27;[32mSave 20725b77-e42f-41bd-bfd3-711c6edc00a9(uuid2688)
сент. 19, 2025 6:42:49 PM webapp.storage.AbstractStorage save
INFO: &amp#27;[32mSave 658e7ec9-e48e-43ad-8b2e-c44dadf3d5a8(uuid2689)
сент. 19, 2025 6:42:49 PM webapp.storage.AbstractStorage save
INFO: &amp#27;[32mSave de74b140-b0e5-4137-a0ad-683c60d0f1e1(uuid2690)
сент. 19, 2025 6:42:49 PM webapp.storage.AbstractStorage save
INFO: &amp#27;[32mSave d12e14df-34c1-466c-9361-1ff6ec11f812(uuid2691)
сент. 19, 2025 6:42:49 PM webapp.storage.AbstractStorage save
INFO: &amp#27;[32mSave 77d17a60-d1f5-4193-bbc6-d1d91ce79a60(uuid2692)
сент. 19, 2025 6:42:49 PM webapp.storage.AbstractStorage save
INFO: &amp#27;[32mSave f15535c6-8cf6-4be7-9904-bbdf8b2943c6(uuid2693)
сент. 19, 2025 6:42:49 PM webapp.storage.AbstractStorage save
INFO: &amp#27;[32mSave a3adc61b-da1f-4d5c-886a-1c3f0f8db9e1(uuid2694)
сент. 19, 2025 6:42:49 PM webapp.storage.AbstractStorage save
INFO: &amp#27;[32mSave 84363b7b-9672-4d28-b98f-07b75901052a(uuid2695)
сент. 19, 2025 6:42:49 PM webapp.storage.AbstractStorage save
INFO: &amp#27;[32mSave ce7d34d4-bb8b-4038-9bbf-d8693dd40f20(uuid2696)
сент. 19, 2025 6:42:49 PM webapp.storage.AbstractStorage save
INFO: &amp#27;[32mSave 3516fcec-2c93-4894-8350-a4ab95441625(uuid2697)
сент. 19, 2025 6:42:49 PM webapp.storage.AbstractStorage save
INFO: &amp#27;[32mSave f0e455a8-e9ff-49a9-bb65-e8f6c9b3abce(uuid2698)
сент. 19, 2025 6:42:49 PM webapp.storage.AbstractStorage save
INFO: &amp#27;[32mSave c7f25fdb-9085-473d-855a-4cbae233f2d7(uuid2699)
сент. 19, 2025 6:42:49 PM webapp.storage.AbstractStorage save
INFO: &amp#27;[32mSave da41ab6f-2ba4-49a7-bda3-9a9cf0da7ea6(uuid2700)
сент. 19, 2025 6:42:49 PM webapp.storage.AbstractStorage save
INFO: &amp#27;[32mSave eff5b55f-ce5e-4a87-b067-af1c97eddc47(uuid2701)
сент. 19, 2025 6:42:49 PM webapp.storage.AbstractStorage save
INFO: &amp#27;[32mSave 494e46bb-2ddc-4174-9bb5-6513af2d7699(uuid2702)
сент. 19, 2025 6:42:49 PM webapp.storage.AbstractStorage save
INFO: &amp#27;[32mSave bb8d679c-9b69-4876-8325-ae5909e69b27(uuid2703)
сент. 19, 2025 6:42:49 PM webapp.storage.AbstractStorage save
INFO: &amp#27;[32mSave 74b7a937-324a-4188-8bff-2ec5071630a2(uuid2704)
сент. 19, 2025 6:42:49 PM webapp.storage.AbstractStorage save
INFO: &amp#27;[32mSave 77407553-5044-4a06-b857-0aaf40d222a7(uuid2705)
сент. 19, 2025 6:42:49 PM webapp.storage.AbstractStorage save
INFO: &amp#27;[32mSave 26e74f88-d4ed-4f1f-abad-385f9f763ef7(uuid2706)
сент. 19, 2025 6:42:49 PM webapp.storage.AbstractStorage save
INFO: &amp#27;[32mSave 3d769711-c660-40f2-8135-dcb624176568(uuid2707)
сент. 19, 2025 6:42:49 PM webapp.storage.AbstractStorage save
INFO: &amp#27;[32mSave 75747b72-e9d3-4072-9a6c-693ae8ea9108(uuid2708)
сент. 19, 2025 6:42:49 PM webapp.storage.AbstractStorage save
INFO: &amp#27;[32mSave 535d777a-54dc-4375-9f20-e6af44f49cc0(uuid2709)
сент. 19, 2025 6:42:49 PM webapp.storage.AbstractStorage save
INFO: &amp#27;[32mSave fc09b37a-a8cd-4ce0-bb15-5b37d692c2d8(uuid2710)
сент. 19, 2025 6:42:49 PM webapp.storage.AbstractStorage save
INFO: &amp#27;[32mSave c8cff0be-c9da-4a68-85ac-a57f0724b832(uuid2711)
сент. 19, 2025 6:42:49 PM webapp.storage.AbstractStorage save
INFO: &amp#27;[32mSave 5d87e7aa-a0e6-453f-85c6-18c8df6ba4a4(uuid2712)
сент. 19, 2025 6:42:49 PM webapp.storage.AbstractStorage save
INFO: &amp#27;[32mSave 9057df76-8f27-4a30-9617-3921628a2091(uuid2713)
сент. 19, 2025 6:42:49 PM webapp.storage.AbstractStorage save
INFO: &amp#27;[32mSave cb6ae596-97de-4889-831a-263f5914e56d(uuid2714)
сент. 19, 2025 6:42:49 PM webapp.storage.AbstractStorage save
INFO: &amp#27;[32mSave b2ba0d48-70ef-424a-954c-e098eea5fe07(uuid2715)
сент. 19, 2025 6:42:49 PM webapp.storage.AbstractStorage save
INFO: &amp#27;[32mSave 79700f72-10b7-40dd-a98c-a9f4609d1ef7(uuid2716)
сент. 19, 2025 6:42:49 PM webapp.storage.AbstractStorage save
INFO: &amp#27;[32mSave 3ce7884b-3fdf-486c-9b59-f6d70b85f141(uuid2717)
сент. 19, 2025 6:42:49 PM webapp.storage.AbstractStorage save
INFO: &amp#27;[32mSave 813384c2-15b7-4832-b9dc-268c783591b8(uuid2718)
сент. 19, 2025 6:42:49 PM webapp.storage.AbstractStorage save
INFO: &amp#27;[32mSave cdc9337e-92ce-4b16-9db9-25c803f2f5c2(uuid2719)
сент. 19, 2025 6:42:49 PM webapp.storage.AbstractStorage save
INFO: &amp#27;[32mSave 55b3204d-5061-4abb-a2eb-18eec2aff582(uuid2720)
сент. 19, 2025 6:42:49 PM webapp.storage.AbstractStorage save
INFO: &amp#27;[32mSave afe33de1-55e3-4691-85ac-945dc2d74502(uuid2721)
сент. 19, 2025 6:42:49 PM webapp.storage.AbstractStorage save
INFO: &amp#27;[32mSave da9841c4-1411-48df-b17c-c2e5a08c01bd(uuid2722)
сент. 19, 2025 6:42:49 PM webapp.storage.AbstractStorage save
INFO: &amp#27;[32mSave 759c854d-9743-4095-a15f-a9f5cbc40574(uuid2723)
сент. 19, 2025 6:42:49 PM webapp.storage.AbstractStorage save
INFO: &amp#27;[32mSave 932d9846-5ff0-454a-ad9d-04cb83ed2e19(uuid2724)
сент. 19, 2025 6:42:49 PM webapp.storage.AbstractStorage save
INFO: &amp#27;[32mSave e552c317-4bd9-4aa0-8ddc-37afd8d545ee(uuid2725)
сент. 19, 2025 6:42:49 PM webapp.storage.AbstractStorage save
INFO: &amp#27;[32mSave d3768bb5-a02e-470e-917c-ddfbfc3f048c(uuid2726)
сент. 19, 2025 6:42:49 PM webapp.storage.AbstractStorage save
INFO: &amp#27;[32mSave 5a86fd3c-996a-4a98-9eb8-7879130441d5(uuid2727)
сент. 19, 2025 6:42:49 PM webapp.storage.AbstractStorage save
INFO: &amp#27;[32mSave c5ec667d-2c92-4473-85bc-6e7dbe0a5cff(uuid2728)
сент. 19, 2025 6:42:49 PM webapp.storage.AbstractStorage save
INFO: &amp#27;[32mSave d8fcf089-fe2e-4d6b-bc76-594070b3531b(uuid2729)
сент. 19, 2025 6:42:49 PM webapp.storage.AbstractStorage save
INFO: &amp#27;[32mSave 7b044bdd-594c-44b1-9fb3-45449f2f6c51(uuid2730)
сент. 19, 2025 6:42:49 PM webapp.storage.AbstractStorage save
INFO: &amp#27;[32mSave eff519df-b961-4433-888b-cca3dffe3b2a(uuid2731)
сент. 19, 2025 6:42:49 PM webapp.storage.AbstractStorage save
INFO: &amp#27;[32mSave aa96f33e-03a7-4a97-9f66-8ef5526a83d7(uuid2732)
сент. 19, 2025 6:42:49 PM webapp.storage.AbstractStorage save
INFO: &amp#27;[32mSave 62d8f736-ce0f-44a5-8458-a771094770f0(uuid2733)
сент. 19, 2025 6:42:49 PM webapp.storage.AbstractStorage save
INFO: &amp#27;[32mSave a7ce1e99-e661-4665-8cd7-c796f2c85fe0(uuid2734)
сент. 19, 2025 6:42:49 PM webapp.storage.AbstractStorage save
INFO: &amp#27;[32mSave b8d3d762-2a11-46bd-84ee-3ff32dc9d377(uuid2735)
сент. 19, 2025 6:42:49 PM webapp.storage.AbstractStorage save
INFO: &amp#27;[32mSave 95d4b0b9-0c5b-47d9-a59b-514a1642942e(uuid2736)
сент. 19, 2025 6:42:49 PM webapp.storage.AbstractStorage save
INFO: &amp#27;[32mSave f77a7d5e-a1e2-45c9-b807-64717a105279(uuid2737)
сент. 19, 2025 6:42:49 PM webapp.storage.AbstractStorage save
INFO: &amp#27;[32mSave 696b3be8-861e-42f4-b58c-16a897942860(uuid2738)
сент. 19, 2025 6:42:49 PM webapp.storage.AbstractStorage save
INFO: &amp#27;[32mSave 1907c07e-8d3b-4ca9-b1a0-59f3fdc6cbcc(uuid2739)
сент. 19, 2025 6:42:49 PM webapp.storage.AbstractStorage save
INFO: &amp#27;[32mSave 8d1b9d4b-8496-4af2-930c-4a4f854f655b(uuid2740)
сент. 19, 2025 6:42:49 PM webapp.storage.AbstractStorage save
INFO: &amp#27;[32mSave 9f0a343e-882d-4b35-8000-85921ebd96c9(uuid2741)
сент. 19, 2025 6:42:49 PM webapp.storage.AbstractStorage save
INFO: &amp#27;[32mSave 0f14537b-003b-4539-9bab-dfc1d64aa833(uuid2742)
сент. 19, 2025 6:42:49 PM webapp.storage.AbstractStorage save
INFO: &amp#27;[32mSave 03250440-4dc8-411f-8cf3-a3850cecc09f(uuid2743)
сент. 19, 2025 6:42:49 PM webapp.storage.AbstractStorage save
INFO: &amp#27;[32mSave 41a9cdd5-c899-4bea-93c0-9f4e7a302dfe(uuid2744)
сент. 19, 2025 6:42:49 PM webapp.storage.AbstractStorage save
INFO: &amp#27;[32mSave 0405e08a-af82-4f1e-a0b7-d6e75e21eeba(uuid2745)
сент. 19, 2025 6:42:49 PM webapp.storage.AbstractStorage save
INFO: &amp#27;[32mSave cfa40f76-1932-447e-93ea-a5a50a5d3deb(uuid2746)
сент. 19, 2025 6:42:49 PM webapp.storage.AbstractStorage save
INFO: &amp#27;[32mSave 9aea7a38-5877-4507-872f-16354ed83b66(uuid2747)
сент. 19, 2025 6:42:49 PM webapp.storage.AbstractStorage save
INFO: &amp#27;[32mSave 96a9906c-4c3f-43c1-9dd2-736cb697ac29(uuid2748)
сент. 19, 2025 6:42:49 PM webapp.storage.AbstractStorage save
INFO: &amp#27;[32mSave 3e4e897c-6881-4a41-b547-f9813f03965d(uuid2749)
сент. 19, 2025 6:42:49 PM webapp.storage.AbstractStorage save
INFO: &amp#27;[32mSave 093c93e2-4558-4a50-bf61-aeeedf5db710(uuid2750)
сент. 19, 2025 6:42:49 PM webapp.storage.AbstractStorage save
INFO: &amp#27;[32mSave b67fb8e0-a0c0-4824-b821-61f25b5cf8fb(uuid2751)
сент. 19, 2025 6:42:49 PM webapp.storage.AbstractStorage save
INFO: &amp#27;[32mSave fe4c6b0b-2d91-4d8f-98d1-d77a72f195de(uuid2752)
сент. 19, 2025 6:42:49 PM webapp.storage.AbstractStorage save
INFO: &amp#27;[32mSave c42f88d9-92fd-45a0-8b81-13ef91bb8566(uuid2753)
сент. 19, 2025 6:42:49 PM webapp.storage.AbstractStorage save
INFO: &amp#27;[32mSave cf27a0ba-633b-4dfc-bffb-d746358224a7(uuid2754)
сент. 19, 2025 6:42:49 PM webapp.storage.AbstractStorage save
INFO: &amp#27;[32mSave 7b670b26-32d7-42fd-b4b7-a965ae77d978(uuid2755)
сент. 19, 2025 6:42:49 PM webapp.storage.AbstractStorage save
INFO: &amp#27;[32mSave 2dc095db-aa7c-453e-9770-e4d5db2bae01(uuid2756)
сент. 19, 2025 6:42:49 PM webapp.storage.AbstractStorage save
INFO: &amp#27;[32mSave c6d82964-fbf2-409c-af2f-fc2bacaee83b(uuid2757)
сент. 19, 2025 6:42:49 PM webapp.storage.AbstractStorage save
INFO: &amp#27;[32mSave 1f2a5a0b-4de6-480a-a6ed-35e79cdec7cf(uuid2758)
сент. 19, 2025 6:42:49 PM webapp.storage.AbstractStorage save
INFO: &amp#27;[32mSave 6d585d60-997d-4d5d-919f-c62eff9a0486(uuid2759)
сент. 19, 2025 6:42:49 PM webapp.storage.AbstractStorage save
INFO: &amp#27;[32mSave 77a058fe-4234-4e1c-91b2-4c815a9df474(uuid2760)
сент. 19, 2025 6:42:49 PM webapp.storage.AbstractStorage save
INFO: &amp#27;[32mSave 59b1306f-55ba-4d64-a4ca-164f1c3d9c07(uuid2761)
сент. 19, 2025 6:42:49 PM webapp.storage.AbstractStorage save
INFO: &amp#27;[32mSave 30c07d9a-0309-4ac5-8c6a-5239f286fae5(uuid2762)
сент. 19, 2025 6:42:49 PM webapp.storage.AbstractStorage save
INFO: &amp#27;[32mSave 77b5572a-a6ed-4fcd-a802-823388b3b152(uuid2763)
сент. 19, 2025 6:42:49 PM webapp.storage.AbstractStorage save
INFO: &amp#27;[32mSave 06ab954f-c026-4cef-bacd-6510dbd84d95(uuid2764)
сент. 19, 2025 6:42:49 PM webapp.storage.AbstractStorage save
INFO: &amp#27;[32mSave ffa0ad71-01ea-4aef-b7ba-58430413e561(uuid2765)
сент. 19, 2025 6:42:49 PM webapp.storage.AbstractStorage save
INFO: &amp#27;[32mSave e06c158b-4b99-4827-abec-a4a5dc0a2380(uuid2766)
сент. 19, 2025 6:42:49 PM webapp.storage.AbstractStorage save
INFO: &amp#27;[32mSave ead0a89b-1d61-450b-b4be-abdb471403a9(uuid2767)
сент. 19, 2025 6:42:49 PM webapp.storage.AbstractStorage save
INFO: &amp#27;[32mSave b8c2ba88-6727-4440-a077-1070bf376940(uuid2768)
сент. 19, 2025 6:42:49 PM webapp.storage.AbstractStorage save
INFO: &amp#27;[32mSave af17db05-9a02-43d8-8170-e36842dc72c3(uuid2769)
сент. 19, 2025 6:42:49 PM webapp.storage.AbstractStorage save
INFO: &amp#27;[32mSave 43eb7108-4001-46ba-b6fa-d4ca75ea8572(uuid2770)
сент. 19, 2025 6:42:49 PM webapp.storage.AbstractStorage save
INFO: &amp#27;[32mSave fdbcecec-e6c6-4726-9611-37358396ea5d(uuid2771)
сент. 19, 2025 6:42:49 PM webapp.storage.AbstractStorage save
INFO: &amp#27;[32mSave 921c92df-a23b-447d-a03b-189e68d28680(uuid2772)
сент. 19, 2025 6:42:49 PM webapp.storage.AbstractStorage save
INFO: &amp#27;[32mSave e8873d9b-ff7c-4aa2-8caf-2ad36312d993(uuid2773)
сент. 19, 2025 6:42:49 PM webapp.storage.AbstractStorage save
INFO: &amp#27;[32mSave 4eba924b-8460-4b47-8b63-741e4eea9fec(uuid2774)
сент. 19, 2025 6:42:49 PM webapp.storage.AbstractStorage save
INFO: &amp#27;[32mSave f458072e-7032-44ca-adab-92714fcf3271(uuid2775)
сент. 19, 2025 6:42:49 PM webapp.storage.AbstractStorage save
INFO: &amp#27;[32mSave 0c8ea4b8-201a-4849-825e-632d99ffd8c8(uuid2776)
сент. 19, 2025 6:42:49 PM webapp.storage.AbstractStorage save
INFO: &amp#27;[32mSave 116ea51d-69ef-4c4b-bd47-26c38c75cc8c(uuid2777)
сент. 19, 2025 6:42:49 PM webapp.storage.AbstractStorage save
INFO: &amp#27;[32mSave 1063aae0-9e35-4c7e-b253-96ee34963b08(uuid2778)
сент. 19, 2025 6:42:49 PM webapp.storage.AbstractStorage save
INFO: &amp#27;[32mSave d284e9b6-2fe1-41bf-bd98-df23517e1c44(uuid2779)
сент. 19, 2025 6:42:49 PM webapp.storage.AbstractStorage save
INFO: &amp#27;[32mSave 29b4399c-cd6e-4198-8733-747304873544(uuid2780)
сент. 19, 2025 6:42:49 PM webapp.storage.AbstractStorage save
INFO: &amp#27;[32mSave a54bb2ac-e77a-458c-afb2-00b6d34d7bc1(uuid2781)
сент. 19, 2025 6:42:49 PM webapp.storage.AbstractStorage save
INFO: &amp#27;[32mSave fad6a92d-645b-4e2a-a9e0-82824ad79d9d(uuid2782)
сент. 19, 2025 6:42:49 PM webapp.storage.AbstractStorage save
INFO: &amp#27;[32mSave 837addee-b63a-4990-bcc4-9b04e7561f81(uuid2783)
сент. 19, 2025 6:42:49 PM webapp.storage.AbstractStorage save
INFO: &amp#27;[32mSave 949cc4b8-af78-4a87-8f58-ac6ca6dab1ff(uuid2784)
сент. 19, 2025 6:42:49 PM webapp.storage.AbstractStorage save
INFO: &amp#27;[32mSave 50ac1338-eef9-4434-a055-6aae0467ab85(uuid2785)
сент. 19, 2025 6:42:49 PM webapp.storage.AbstractStorage save
INFO: &amp#27;[32mSave 4c15690f-5c9d-4afc-a194-2c979ae1b83f(uuid2786)
сент. 19, 2025 6:42:49 PM webapp.storage.AbstractStorage save
INFO: &amp#27;[32mSave 67ccc101-fd80-4841-9183-1cd067bd202d(uuid2787)
сент. 19, 2025 6:42:49 PM webapp.storage.AbstractStorage save
INFO: &amp#27;[32mSave c3722b01-32c5-4b2f-843d-0f057dc43f5a(uuid2788)
сент. 19, 2025 6:42:49 PM webapp.storage.AbstractStorage save
INFO: &amp#27;[32mSave ed93e7cb-c586-40b8-aff1-6a6d65c90d4f(uuid2789)
сент. 19, 2025 6:42:49 PM webapp.storage.AbstractStorage save
INFO: &amp#27;[32mSave c536c578-efca-4e82-9b54-2957b35988f3(uuid2790)
сент. 19, 2025 6:42:49 PM webapp.storage.AbstractStorage save
INFO: &amp#27;[32mSave b06e5e85-aa55-45c5-aa9f-ef7f659253ae(uuid2791)
сент. 19, 2025 6:42:49 PM webapp.storage.AbstractStorage save
INFO: &amp#27;[32mSave f5c552e3-8c2d-4cbc-ba04-c233acde28f9(uuid2792)
сент. 19, 2025 6:42:49 PM webapp.storage.AbstractStorage save
INFO: &amp#27;[32mSave 88032138-cf60-49bd-96e9-d679427e8cdf(uuid2793)
сент. 19, 2025 6:42:49 PM webapp.storage.AbstractStorage save
INFO: &amp#27;[32mSave 43f8f244-7fde-4aac-ba85-b5be48a509ac(uuid2794)
сент. 19, 2025 6:42:49 PM webapp.storage.AbstractStorage save
INFO: &amp#27;[32mSave 17aef959-ddbc-43ae-93f4-b84ec472f921(uuid2795)
сент. 19, 2025 6:42:49 PM webapp.storage.AbstractStorage save
INFO: &amp#27;[32mSave 11723f54-d35a-474e-b21a-0bee390fbe19(uuid2796)
сент. 19, 2025 6:42:49 PM webapp.storage.AbstractStorage save
INFO: &amp#27;[32mSave f5f0f319-407f-4612-b35c-9e4308010f99(uuid2797)
сент. 19, 2025 6:42:49 PM webapp.storage.AbstractStorage save
INFO: &amp#27;[32mSave fef5ee1c-3633-4cc9-a962-dfe1b19827d6(uuid2798)
сент. 19, 2025 6:42:49 PM webapp.storage.AbstractStorage save
INFO: &amp#27;[32mSave bcb992f4-10e5-4d16-b79e-7eb88092a899(uuid2799)
сент. 19, 2025 6:42:49 PM webapp.storage.AbstractStorage save
INFO: &amp#27;[32mSave c3601b18-28a2-4b13-ab2b-b902e83916b6(uuid2800)
сент. 19, 2025 6:42:49 PM webapp.storage.AbstractStorage save
INFO: &amp#27;[32mSave 90c23ec0-bbe2-4162-9df3-0a7c5ea7577e(uuid2801)
сент. 19, 2025 6:42:49 PM webapp.storage.AbstractStorage save
INFO: &amp#27;[32mSave d78bcc60-7dbe-4414-a250-d57d817c21fa(uuid2802)
сент. 19, 2025 6:42:49 PM webapp.storage.AbstractStorage save
INFO: &amp#27;[32mSave d1346324-0f78-416b-b4de-ff5da180568a(uuid2803)
сент. 19, 2025 6:42:49 PM webapp.storage.AbstractStorage save
INFO: &amp#27;[32mSave 57dde01f-c0d6-4d56-bf8c-cf13ba0684d9(uuid2804)
сент. 19, 2025 6:42:49 PM webapp.storage.AbstractStorage save
INFO: &amp#27;[32mSave a7558095-9de3-43b2-a0c9-9c752bf2f6ed(uuid2805)
сент. 19, 2025 6:42:49 PM webapp.storage.AbstractStorage save
INFO: &amp#27;[32mSave 537d9ec9-b113-4e62-a1fa-b7d4ea69d02a(uuid2806)
сент. 19, 2025 6:42:49 PM webapp.storage.AbstractStorage save
INFO: &amp#27;[32mSave c31d11b9-5f44-4f55-9bf8-a897d8d14983(uuid2807)
сент. 19, 2025 6:42:49 PM webapp.storage.AbstractStorage save
INFO: &amp#27;[32mSave ba8d37f6-dc78-47f4-ab96-17e90e78dfca(uuid2808)
сент. 19, 2025 6:42:49 PM webapp.storage.AbstractStorage save
INFO: &amp#27;[32mSave 85463576-feea-4d33-9307-be57b3442f7c(uuid2809)
сент. 19, 2025 6:42:49 PM webapp.storage.AbstractStorage save
INFO: &amp#27;[32mSave 351f4121-a9eb-4397-87ab-2fae31cd2987(uuid2810)
сент. 19, 2025 6:42:49 PM webapp.storage.AbstractStorage save
INFO: &amp#27;[32mSave d9c6c258-8f8a-4e92-a3b7-76d3c35f121a(uuid2811)
сент. 19, 2025 6:42:49 PM webapp.storage.AbstractStorage save
INFO: &amp#27;[32mSave b07c7cf3-4043-4da0-81bc-70b41031e255(uuid2812)
сент. 19, 2025 6:42:49 PM webapp.storage.AbstractStorage save
INFO: &amp#27;[32mSave c4d09640-adab-49f3-b969-2dcb03b393f2(uuid2813)
сент. 19, 2025 6:42:49 PM webapp.storage.AbstractStorage save
INFO: &amp#27;[32mSave 25ec432c-1c59-47b9-b5f8-a0da9c937a07(uuid2814)
сент. 19, 2025 6:42:49 PM webapp.storage.AbstractStorage save
INFO: &amp#27;[32mSave a8711914-f00c-4d8b-b4c6-6e6962cda0ed(uuid2815)
сент. 19, 2025 6:42:49 PM webapp.storage.AbstractStorage save
INFO: &amp#27;[32mSave a0851be0-6bdd-4bd1-8a9a-66a46aa19b04(uuid2816)
сент. 19, 2025 6:42:49 PM webapp.storage.AbstractStorage save
INFO: &amp#27;[32mSave 6d68398b-d46f-448a-b6ea-5f2a1169d916(uuid2817)
сент. 19, 2025 6:42:49 PM webapp.storage.AbstractStorage save
INFO: &amp#27;[32mSave d613b853-31d6-4b8c-aa1b-70656eb750e8(uuid2818)
сент. 19, 2025 6:42:49 PM webapp.storage.AbstractStorage save
INFO: &amp#27;[32mSave ab088815-7056-4ad0-81cf-8408f52fb282(uuid2819)
сент. 19, 2025 6:42:49 PM webapp.storage.AbstractStorage save
INFO: &amp#27;[32mSave 6772caa3-9585-4a48-9d88-80ea90688cc6(uuid2820)
сент. 19, 2025 6:42:49 PM webapp.storage.AbstractStorage save
INFO: &amp#27;[32mSave 012d077d-3373-499c-91bf-4018a52168f4(uuid2821)
сент. 19, 2025 6:42:49 PM webapp.storage.AbstractStorage save
INFO: &amp#27;[32mSave 2b97c18c-a3e8-4b8a-af22-9e036bcbf03c(uuid2822)
сент. 19, 2025 6:42:49 PM webapp.storage.AbstractStorage save
INFO: &amp#27;[32mSave e14b2f96-013c-46ee-8f4c-22ec1a00797b(uuid2823)
сент. 19, 2025 6:42:49 PM webapp.storage.AbstractStorage save
INFO: &amp#27;[32mSave 44ad8159-5f50-4c98-8e30-a663941ff1a5(uuid2824)
сент. 19, 2025 6:42:49 PM webapp.storage.AbstractStorage save
INFO: &amp#27;[32mSave 14350260-7f04-4eb3-b5b1-423c6cca85a9(uuid2825)
сент. 19, 2025 6:42:49 PM webapp.storage.AbstractStorage save
INFO: &amp#27;[32mSave 86a73a1b-4fd9-4a8e-9d53-f7efcb073f09(uuid2826)
сент. 19, 2025 6:42:49 PM webapp.storage.AbstractStorage save
INFO: &amp#27;[32mSave fb950c31-cb0f-4917-83af-c6bde1443bf0(uuid2827)
сент. 19, 2025 6:42:49 PM webapp.storage.AbstractStorage save
INFO: &amp#27;[32mSave 65b4a38c-1648-4bd7-9ced-5571efe8b543(uuid2828)
сент. 19, 2025 6:42:49 PM webapp.storage.AbstractStorage save
INFO: &amp#27;[32mSave 5350a291-513e-4241-98bf-38869f7c735f(uuid2829)
сент. 19, 2025 6:42:49 PM webapp.storage.AbstractStorage save
INFO: &amp#27;[32mSave fffc3dd1-6c87-4a53-9d66-0c7f3ac53e78(uuid2830)
сент. 19, 2025 6:42:49 PM webapp.storage.AbstractStorage save
INFO: &amp#27;[32mSave f419ca74-fcb1-441b-a9c4-f426a6ca1abe(uuid2831)
сент. 19, 2025 6:42:49 PM webapp.storage.AbstractStorage save
INFO: &amp#27;[32mSave 402863ec-b28f-4ff3-b524-695519d4f0bb(uuid2832)
сент. 19, 2025 6:42:49 PM webapp.storage.AbstractStorage save
INFO: &amp#27;[32mSave a098b2e8-0d02-4985-a565-8603b0f27f39(uuid2833)
сент. 19, 2025 6:42:49 PM webapp.storage.AbstractStorage save
INFO: &amp#27;[32mSave 62de6283-4696-4d0a-9ff6-ab9d4dd461d5(uuid2834)
сент. 19, 2025 6:42:49 PM webapp.storage.AbstractStorage save
INFO: &amp#27;[32mSave f9a66bf6-2aad-4f0c-8d9f-673624af33e4(uuid2835)
сент. 19, 2025 6:42:49 PM webapp.storage.AbstractStorage save
INFO: &amp#27;[32mSave 84e16819-c12e-4ef1-af51-a3d8f8adbbdd(uuid2836)
сент. 19, 2025 6:42:49 PM webapp.storage.AbstractStorage save
INFO: &amp#27;[32mSave c0a9ed66-ad5b-4a28-9fea-f305eb493b7e(uuid2837)
сент. 19, 2025 6:42:49 PM webapp.storage.AbstractStorage save
INFO: &amp#27;[32mSave ccde9d64-0d4f-45e2-b88a-c6cdd8f2f188(uuid2838)
сент. 19, 2025 6:42:49 PM webapp.storage.AbstractStorage save
INFO: &amp#27;[32mSave 1a852766-c401-482c-8c3b-b82c97081c8c(uuid2839)
сент. 19, 2025 6:42:49 PM webapp.storage.AbstractStorage save
INFO: &amp#27;[32mSave 9ef65efe-8f73-4c79-a727-5ee9182af051(uuid2840)
сент. 19, 2025 6:42:49 PM webapp.storage.AbstractStorage save
INFO: &amp#27;[32mSave f7c08ddf-95d8-4434-a495-21a50db72663(uuid2841)
сент. 19, 2025 6:42:49 PM webapp.storage.AbstractStorage save
INFO: &amp#27;[32mSave 93e4699e-f276-40ee-9105-f01b1b6204be(uuid2842)
сент. 19, 2025 6:42:49 PM webapp.storage.AbstractStorage save
INFO: &amp#27;[32mSave 59f26381-d3ef-43d1-b66e-e7c2c980c80d(uuid2843)
сент. 19, 2025 6:42:49 PM webapp.storage.AbstractStorage save
INFO: &amp#27;[32mSave c202f87b-b0aa-4f87-a9d3-1f117396b8e0(uuid2844)
сент. 19, 2025 6:42:49 PM webapp.storage.AbstractStorage save
INFO: &amp#27;[32mSave d3ecbd90-37eb-42b8-8064-8c47f8b2de33(uuid2845)
сент. 19, 2025 6:42:49 PM webapp.storage.AbstractStorage save
INFO: &amp#27;[32mSave 73482fbc-0417-4ac2-baa1-35e0b44aca9a(uuid2846)
сент. 19, 2025 6:42:49 PM webapp.storage.AbstractStorage save
INFO: &amp#27;[32mSave bffc7db9-89db-48b0-88bf-25af4b8d9f68(uuid2847)
сент. 19, 2025 6:42:49 PM webapp.storage.AbstractStorage save
INFO: &amp#27;[32mSave 889cf91c-58ff-4e24-8394-930fbd7d3eb4(uuid2848)
сент. 19, 2025 6:42:49 PM webapp.storage.AbstractStorage save
INFO: &amp#27;[32mSave d1f91bae-aebf-4057-a84d-6712e90e7802(uuid2849)
сент. 19, 2025 6:42:49 PM webapp.storage.AbstractStorage save
INFO: &amp#27;[32mSave a303a2d3-3a9b-4fc9-98be-edcee0977a23(uuid2850)
сент. 19, 2025 6:42:49 PM webapp.storage.AbstractStorage save
INFO: &amp#27;[32mSave 3fb9f878-b234-4897-9521-b8b4e2262a8b(uuid2851)
сент. 19, 2025 6:42:49 PM webapp.storage.AbstractStorage save
INFO: &amp#27;[32mSave 6b70a52d-8623-4301-a77c-f8864cf93bee(uuid2852)
сент. 19, 2025 6:42:49 PM webapp.storage.AbstractStorage save
INFO: &amp#27;[32mSave a32bacd8-dafb-401e-9af1-0f89c4f0f6be(uuid2853)
сент. 19, 2025 6:42:49 PM webapp.storage.AbstractStorage save
INFO: &amp#27;[32mSave 0b4292d6-a6e6-4d9c-a69c-8ebef9c1c387(uuid2854)
сент. 19, 2025 6:42:49 PM webapp.storage.AbstractStorage save
INFO: &amp#27;[32mSave 5cd61074-224b-4756-911a-975e3d7654a9(uuid2855)
сент. 19, 2025 6:42:49 PM webapp.storage.AbstractStorage save
INFO: &amp#27;[32mSave 71422546-5ef7-4113-98b3-1b2f78c33779(uuid2856)
сент. 19, 2025 6:42:49 PM webapp.storage.AbstractStorage save
INFO: &amp#27;[32mSave dfd015da-7bcb-4fcc-9644-1e490a999136(uuid2857)
сент. 19, 2025 6:42:49 PM webapp.storage.AbstractStorage save
INFO: &amp#27;[32mSave 2e7b2937-46e5-4983-ac54-d92b997c9755(uuid2858)
сент. 19, 2025 6:42:49 PM webapp.storage.AbstractStorage save
INFO: &amp#27;[32mSave 23d68435-398f-4f03-8512-16a9e5d0a331(uuid2859)
сент. 19, 2025 6:42:49 PM webapp.storage.AbstractStorage save
INFO: &amp#27;[32mSave 7d841fc4-a891-4e0a-bdd0-0adfc8f617cb(uuid2860)
сент. 19, 2025 6:42:49 PM webapp.storage.AbstractStorage save
INFO: &amp#27;[32mSave d0705fe3-516a-4743-88b1-aa4fc0889e17(uuid2861)
сент. 19, 2025 6:42:49 PM webapp.storage.AbstractStorage save
INFO: &amp#27;[32mSave c677904b-5f45-46ee-9139-4862095d5ab2(uuid2862)
сент. 19, 2025 6:42:49 PM webapp.storage.AbstractStorage save
INFO: &amp#27;[32mSave d622d4ee-c34e-44d1-bc8b-a52f62df2479(uuid2863)
сент. 19, 2025 6:42:49 PM webapp.storage.AbstractStorage save
INFO: &amp#27;[32mSave b13c389a-25c2-47ed-922f-2c22a2c407ce(uuid2864)
сент. 19, 2025 6:42:49 PM webapp.storage.AbstractStorage save
INFO: &amp#27;[32mSave 6f05b522-b98e-4f96-a0b5-4e60a457ac1c(uuid2865)
сент. 19, 2025 6:42:49 PM webapp.storage.AbstractStorage save
INFO: &amp#27;[32mSave 0448f591-de9b-4f81-b8f5-88ce8b4e23ec(uuid2866)
сент. 19, 2025 6:42:49 PM webapp.storage.AbstractStorage save
INFO: &amp#27;[32mSave 04985a99-b236-4891-bd82-560093bb3f5d(uuid2867)
сент. 19, 2025 6:42:49 PM webapp.storage.AbstractStorage save
INFO: &amp#27;[32mSave 18d3e22e-0b73-46d2-92f5-a15f69816ea1(uuid2868)
сент. 19, 2025 6:42:49 PM webapp.storage.AbstractStorage save
INFO: &amp#27;[32mSave 782eaafd-a8e0-4c44-89fb-07789c485043(uuid2869)
сент. 19, 2025 6:42:49 PM webapp.storage.AbstractStorage save
INFO: &amp#27;[32mSave c2777527-14d1-4349-8aed-1e50f5302c6b(uuid2870)
сент. 19, 2025 6:42:49 PM webapp.storage.AbstractStorage save
INFO: &amp#27;[32mSave 29a7eeb4-3fab-4a40-a922-9996409f9a16(uuid2871)
сент. 19, 2025 6:42:49 PM webapp.storage.AbstractStorage save
INFO: &amp#27;[32mSave 42b9d257-fbe4-4eef-b37e-7d2ad411851f(uuid2872)
сент. 19, 2025 6:42:49 PM webapp.storage.AbstractStorage save
INFO: &amp#27;[32mSave efc8de53-3658-47f6-93a2-548aa48881d7(uuid2873)
сент. 19, 2025 6:42:49 PM webapp.storage.AbstractStorage save
INFO: &amp#27;[32mSave 9d994d49-8bea-46bd-bbef-8d7dec88ba56(uuid2874)
сент. 19, 2025 6:42:49 PM webapp.storage.AbstractStorage save
INFO: &amp#27;[32mSave e9524179-f5c8-4020-926f-e206b08cda19(uuid2875)
сент. 19, 2025 6:42:49 PM webapp.storage.AbstractStorage save
INFO: &amp#27;[32mSave 0ffe9a75-8453-4cc1-9068-d965e7570a57(uuid2876)
сент. 19, 2025 6:42:49 PM webapp.storage.AbstractStorage save
INFO: &amp#27;[32mSave c30763ba-7aca-4329-83c4-de9768899551(uuid2877)
сент. 19, 2025 6:42:49 PM webapp.storage.AbstractStorage save
INFO: &amp#27;[32mSave 8a919a00-a029-4eea-aaac-793f969733f1(uuid2878)
сент. 19, 2025 6:42:49 PM webapp.storage.AbstractStorage save
INFO: &amp#27;[32mSave be97a46c-b839-43bc-b716-db26fcf29f7f(uuid2879)
сент. 19, 2025 6:42:49 PM webapp.storage.AbstractStorage save
INFO: &amp#27;[32mSave 4662f8b5-18b5-403c-9c5c-b4cf33ae1640(uuid2880)
сент. 19, 2025 6:42:49 PM webapp.storage.AbstractStorage save
INFO: &amp#27;[32mSave 24e5c8ba-e503-4bd3-a035-c3b489b7b407(uuid2881)
сент. 19, 2025 6:42:49 PM webapp.storage.AbstractStorage save
INFO: &amp#27;[32mSave 006e2e99-055e-442a-aec9-6897dfaf6ddb(uuid2882)
сент. 19, 2025 6:42:49 PM webapp.storage.AbstractStorage save
INFO: &amp#27;[32mSave 83144d75-d85c-4d10-85f7-b3867cfeb394(uuid2883)
сент. 19, 2025 6:42:49 PM webapp.storage.AbstractStorage save
INFO: &amp#27;[32mSave c8e68ca1-cd5a-44bc-b342-9b3e58c6181e(uuid2884)
сент. 19, 2025 6:42:49 PM webapp.storage.AbstractStorage save
INFO: &amp#27;[32mSave 471ab533-0a38-4000-9707-790e4c770f60(uuid2885)
сент. 19, 2025 6:42:49 PM webapp.storage.AbstractStorage save
INFO: &amp#27;[32mSave 6cea5f57-0bc3-4f7b-a29b-dbf542ed7037(uuid2886)
сент. 19, 2025 6:42:49 PM webapp.storage.AbstractStorage save
INFO: &amp#27;[32mSave 1da43639-06bc-43e3-9783-0f2c85e33843(uuid2887)
сент. 19, 2025 6:42:49 PM webapp.storage.AbstractStorage save
INFO: &amp#27;[32mSave f9ef9822-50d5-4aac-a5ab-aa5b5e753064(uuid2888)
сент. 19, 2025 6:42:49 PM webapp.storage.AbstractStorage save
INFO: &amp#27;[32mSave 9389b7f8-8fa6-4f65-a253-d01da815c45a(uuid2889)
сент. 19, 2025 6:42:49 PM webapp.storage.AbstractStorage save
INFO: &amp#27;[32mSave a0463d21-351d-4c69-9652-5a7560276f9e(uuid2890)
сент. 19, 2025 6:42:49 PM webapp.storage.AbstractStorage save
INFO: &amp#27;[32mSave d390fdf0-cfec-4e0c-902f-0a0d306ac321(uuid2891)
сент. 19, 2025 6:42:49 PM webapp.storage.AbstractStorage save
INFO: &amp#27;[32mSave cf10a1f0-1908-4061-838c-7defd9e23c52(uuid2892)
сент. 19, 2025 6:42:49 PM webapp.storage.AbstractStorage save
INFO: &amp#27;[32mSave b72a2180-c266-4d32-8936-d61c99f5e082(uuid2893)
сент. 19, 2025 6:42:49 PM webapp.storage.AbstractStorage save
INFO: &amp#27;[32mSave f2e8d5c0-c737-466f-8198-230566c616ef(uuid2894)
сент. 19, 2025 6:42:49 PM webapp.storage.AbstractStorage save
INFO: &amp#27;[32mSave aa7741ac-f6b8-4adb-8445-e01053155172(uuid2895)
сент. 19, 2025 6:42:49 PM webapp.storage.AbstractStorage save
INFO: &amp#27;[32mSave 57bd4e1f-a571-4683-9ee8-aaa2feafa73c(uuid2896)
сент. 19, 2025 6:42:49 PM webapp.storage.AbstractStorage save
INFO: &amp#27;[32mSave ceac59e8-eec7-4b54-a03d-fcc2c4557112(uuid2897)
сент. 19, 2025 6:42:49 PM webapp.storage.AbstractStorage save
INFO: &amp#27;[32mSave bceac1ca-89a5-4ec1-ae0b-6a71ae633bb7(uuid2898)
сент. 19, 2025 6:42:49 PM webapp.storage.AbstractStorage save
INFO: &amp#27;[32mSave c5dbde6b-0624-417f-945e-48dcbf8895f3(uuid2899)
сент. 19, 2025 6:42:49 PM webapp.storage.AbstractStorage save
INFO: &amp#27;[32mSave 62c656cb-8f73-4b9a-aca9-00a6ab383624(uuid2900)
сент. 19, 2025 6:42:49 PM webapp.storage.AbstractStorage save
INFO: &amp#27;[32mSave d82ffbb7-3c86-410f-b810-92be6b3bb87b(uuid2901)
сент. 19, 2025 6:42:49 PM webapp.storage.AbstractStorage save
INFO: &amp#27;[32mSave 85e16f3f-00cd-4e01-873d-fea85d80f1c2(uuid2902)
сент. 19, 2025 6:42:49 PM webapp.storage.AbstractStorage save
INFO: &amp#27;[32mSave 5b4be4c6-17c5-4ee5-a21e-0d76f152882b(uuid2903)
сент. 19, 2025 6:42:49 PM webapp.storage.AbstractStorage save
INFO: &amp#27;[32mSave 65fdf8e9-b365-49e3-aa60-2ecdceb58f45(uuid2904)
сент. 19, 2025 6:42:49 PM webapp.storage.AbstractStorage save
INFO: &amp#27;[32mSave 293b3876-9923-4cfa-a74d-fbb10387a92e(uuid2905)
сент. 19, 2025 6:42:49 PM webapp.storage.AbstractStorage save
INFO: &amp#27;[32mSave 55f20613-217d-4383-b7de-ad2287e73d9d(uuid2906)
сент. 19, 2025 6:42:49 PM webapp.storage.AbstractStorage save
INFO: &amp#27;[32mSave ab1813c9-8517-4927-b2e7-066097db89c4(uuid2907)
сент. 19, 2025 6:42:49 PM webapp.storage.AbstractStorage save
INFO: &amp#27;[32mSave 9aa6ce58-fea0-4340-acfd-115f537d1003(uuid2908)
сент. 19, 2025 6:42:49 PM webapp.storage.AbstractStorage save
INFO: &amp#27;[32mSave 6f00af8d-876a-404c-b55a-68ca044f7923(uuid2909)
сент. 19, 2025 6:42:49 PM webapp.storage.AbstractStorage save
INFO: &amp#27;[32mSave 80407ffb-f479-46ee-b4ad-65640ffabb06(uuid2910)
сент. 19, 2025 6:42:49 PM webapp.storage.AbstractStorage save
INFO: &amp#27;[32mSave a4e1453e-9b39-4600-afbb-21979cdef4e0(uuid2911)
сент. 19, 2025 6:42:49 PM webapp.storage.AbstractStorage save
INFO: &amp#27;[32mSave fdb4c9e6-04fd-490a-8b68-baab62e14010(uuid2912)
сент. 19, 2025 6:42:49 PM webapp.storage.AbstractStorage save
INFO: &amp#27;[32mSave fccd2f1b-440b-4ec8-9bb5-335e50783e53(uuid2913)
сент. 19, 2025 6:42:49 PM webapp.storage.AbstractStorage save
INFO: &amp#27;[32mSave 1cd62aeb-9132-4a0e-81c2-ad3e458e8be1(uuid2914)
сент. 19, 2025 6:42:49 PM webapp.storage.AbstractStorage save
INFO: &amp#27;[32mSave 8222274f-e0e3-4fcd-b519-de986809e86d(uuid2915)
сент. 19, 2025 6:42:49 PM webapp.storage.AbstractStorage save
INFO: &amp#27;[32mSave af52e255-c72a-4eb7-bd01-b2f31ad5df5f(uuid2916)
сент. 19, 2025 6:42:49 PM webapp.storage.AbstractStorage save
INFO: &amp#27;[32mSave 2e25c3e7-805c-4bf4-b02e-2a69c4a51490(uuid2917)
сент. 19, 2025 6:42:49 PM webapp.storage.AbstractStorage save
INFO: &amp#27;[32mSave 995293da-0319-4a21-a12b-9edc19066bc1(uuid2918)
сент. 19, 2025 6:42:49 PM webapp.storage.AbstractStorage save
INFO: &amp#27;[32mSave f5675519-a0b1-49ae-900d-c2f2241d91d0(uuid2919)
сент. 19, 2025 6:42:49 PM webapp.storage.AbstractStorage save
INFO: &amp#27;[32mSave d62f3db4-37bb-4e6b-9b36-aae1deb0342c(uuid2920)
сент. 19, 2025 6:42:49 PM webapp.storage.AbstractStorage save
INFO: &amp#27;[32mSave 7827ad72-a1bd-4c49-bf02-57be1440f131(uuid2921)
сент. 19, 2025 6:42:49 PM webapp.storage.AbstractStorage save
INFO: &amp#27;[32mSave 7b239692-e773-41ea-9c74-13c5f8905689(uuid2922)
сент. 19, 2025 6:42:49 PM webapp.storage.AbstractStorage save
INFO: &amp#27;[32mSave 0c740551-ae45-450e-a023-eca1a4dcdc57(uuid2923)
сент. 19, 2025 6:42:49 PM webapp.storage.AbstractStorage save
INFO: &amp#27;[32mSave 60e2ca81-7537-4431-a6f2-5f1ad5cde4d9(uuid2924)
сент. 19, 2025 6:42:49 PM webapp.storage.AbstractStorage save
INFO: &amp#27;[32mSave cb451563-8222-436f-83d2-c5c10940734e(uuid2925)
сент. 19, 2025 6:42:49 PM webapp.storage.AbstractStorage save
INFO: &amp#27;[32mSave 35f2ade0-570a-436c-9dd2-97fde7c851b9(uuid2926)
сент. 19, 2025 6:42:49 PM webapp.storage.AbstractStorage save
INFO: &amp#27;[32mSave b70f855c-9c34-4241-9afb-43f0736f063a(uuid2927)
сент. 19, 2025 6:42:49 PM webapp.storage.AbstractStorage save
INFO: &amp#27;[32mSave 90700177-2c10-494f-8925-5ee35faa6d5d(uuid2928)
сент. 19, 2025 6:42:49 PM webapp.storage.AbstractStorage save
INFO: &amp#27;[32mSave 4ca9cb5a-c9d4-4ebb-908c-768fce919c3e(uuid2929)
сент. 19, 2025 6:42:49 PM webapp.storage.AbstractStorage save
INFO: &amp#27;[32mSave e2eef59a-dc88-44de-9876-511a8255ea43(uuid2930)
сент. 19, 2025 6:42:49 PM webapp.storage.AbstractStorage save
INFO: &amp#27;[32mSave 1c3c7313-136a-470e-94d1-d4136a6c7a8b(uuid2931)
сент. 19, 2025 6:42:49 PM webapp.storage.AbstractStorage save
INFO: &amp#27;[32mSave 253f60d1-d486-4d7a-b9a7-1c0d33797e04(uuid2932)
сент. 19, 2025 6:42:49 PM webapp.storage.AbstractStorage save
INFO: &amp#27;[32mSave a0625a1a-d2af-4524-a31c-b0a3d5c4a2bf(uuid2933)
сент. 19, 2025 6:42:49 PM webapp.storage.AbstractStorage save
INFO: &amp#27;[32mSave 53b5a59c-3525-454e-a53a-f2664739a08d(uuid2934)
сент. 19, 2025 6:42:49 PM webapp.storage.AbstractStorage save
INFO: &amp#27;[32mSave c75c99e3-b6d5-4b5f-8aee-811d839ae35e(uuid2935)
сент. 19, 2025 6:42:49 PM webapp.storage.AbstractStorage save
INFO: &amp#27;[32mSave d217fd25-6c33-48c2-8817-db2da60c543d(uuid2936)
сент. 19, 2025 6:42:49 PM webapp.storage.AbstractStorage save
INFO: &amp#27;[32mSave 523f034b-8941-4b4f-bd74-7ff55f84e4a5(uuid2937)
сент. 19, 2025 6:42:49 PM webapp.storage.AbstractStorage save
INFO: &amp#27;[32mSave 55cbbd5f-359b-4706-8169-5f33d424a071(uuid2938)
сент. 19, 2025 6:42:49 PM webapp.storage.AbstractStorage save
INFO: &amp#27;[32mSave f238b4b7-88b0-4583-abe2-db774db7b57c(uuid2939)
сент. 19, 2025 6:42:49 PM webapp.storage.AbstractStorage save
INFO: &amp#27;[32mSave b1f7f156-bb15-4335-8a88-ffc6accad331(uuid2940)
сент. 19, 2025 6:42:49 PM webapp.storage.AbstractStorage save
INFO: &amp#27;[32mSave 2f4c1de5-d1b1-48ab-8700-eabb443f4809(uuid2941)
сент. 19, 2025 6:42:49 PM webapp.storage.AbstractStorage save
INFO: &amp#27;[32mSave e5a2cb79-2c24-4fe6-b697-fbd8c447c04e(uuid2942)
сент. 19, 2025 6:42:49 PM webapp.storage.AbstractStorage save
INFO: &amp#27;[32mSave d650744b-664b-49f0-a5a8-0de1ab501486(uuid2943)
сент. 19, 2025 6:42:49 PM webapp.storage.AbstractStorage save
INFO: &amp#27;[32mSave 6e8aa6be-a77d-4620-a2c5-477bed9f6528(uuid2944)
сент. 19, 2025 6:42:49 PM webapp.storage.AbstractStorage save
INFO: &amp#27;[32mSave 42704fb2-ab70-427e-b234-5a9bb19dbdc7(uuid2945)
сент. 19, 2025 6:42:49 PM webapp.storage.AbstractStorage save
INFO: &amp#27;[32mSave d9c75471-6588-4a4d-a266-2083a2b44918(uuid2946)
сент. 19, 2025 6:42:49 PM webapp.storage.AbstractStorage save
INFO: &amp#27;[32mSave 704e6671-8326-4927-9b57-e18638964bf2(uuid2947)
сент. 19, 2025 6:42:49 PM webapp.storage.AbstractStorage save
INFO: &amp#27;[32mSave e14d1e5c-67d7-4bf9-ae14-0e7ce5559048(uuid2948)
сент. 19, 2025 6:42:49 PM webapp.storage.AbstractStorage save
INFO: &amp#27;[32mSave c47d8e95-f156-4602-a70f-1c4f31eb1f28(uuid2949)
сент. 19, 2025 6:42:49 PM webapp.storage.AbstractStorage save
INFO: &amp#27;[32mSave e7217bbf-4174-4011-a4a8-fdc8823902e7(uuid2950)
сент. 19, 2025 6:42:49 PM webapp.storage.AbstractStorage save
INFO: &amp#27;[32mSave 808039cb-9554-42a9-9679-dcf0e06456d0(uuid2951)
сент. 19, 2025 6:42:49 PM webapp.storage.AbstractStorage save
INFO: &amp#27;[32mSave 1dd71f70-e02d-4586-90c1-a0e06d3785a8(uuid2952)
сент. 19, 2025 6:42:49 PM webapp.storage.AbstractStorage save
INFO: &amp#27;[32mSave 8c0d7bcc-2ab3-4a37-b08c-b1bed22318d3(uuid2953)
сент. 19, 2025 6:42:49 PM webapp.storage.AbstractStorage save
INFO: &amp#27;[32mSave 8c60e90c-e235-4b35-83fd-b9da20967756(uuid2954)
сент. 19, 2025 6:42:49 PM webapp.storage.AbstractStorage save
INFO: &amp#27;[32mSave b58bdb2c-0353-459a-98c8-55803bf11cd9(uuid2955)
сент. 19, 2025 6:42:49 PM webapp.storage.AbstractStorage save
INFO: &amp#27;[32mSave 5f7b8c87-6e94-4147-a5c1-105f240120ae(uuid2956)
сент. 19, 2025 6:42:49 PM webapp.storage.AbstractStorage save
INFO: &amp#27;[32mSave 92296edb-c5df-4897-b6e1-36d34c5ec653(uuid2957)
сент. 19, 2025 6:42:49 PM webapp.storage.AbstractStorage save
INFO: &amp#27;[32mSave 7c51a200-54ac-442a-b004-24a5539be8b4(uuid2958)
сент. 19, 2025 6:42:49 PM webapp.storage.AbstractStorage save
INFO: &amp#27;[32mSave c17f61fb-5701-4107-9e50-385e2b292815(uuid2959)
сент. 19, 2025 6:42:49 PM webapp.storage.AbstractStorage save
INFO: &amp#27;[32mSave 28551c40-8232-41d8-a933-8d765912a27c(uuid2960)
сент. 19, 2025 6:42:49 PM webapp.storage.AbstractStorage save
INFO: &amp#27;[32mSave 1192fe37-2b6b-425a-90c9-1841bf399ba0(uuid2961)
сент. 19, 2025 6:42:49 PM webapp.storage.AbstractStorage save
INFO: &amp#27;[32mSave b933d4a7-93ed-41ea-9335-29b25d66d4b3(uuid2962)
сент. 19, 2025 6:42:49 PM webapp.storage.AbstractStorage save
INFO: &amp#27;[32mSave 2899a9d7-1f45-4b70-9944-708ab0fd1d0c(uuid2963)
сент. 19, 2025 6:42:49 PM webapp.storage.AbstractStorage save
INFO: &amp#27;[32mSave 2c239d3b-1f96-48ba-8310-47bdc7f23a85(uuid2964)
сент. 19, 2025 6:42:49 PM webapp.storage.AbstractStorage save
INFO: &amp#27;[32mSave 56e954ac-fecd-4afc-96ec-5105824bd490(uuid2965)
сент. 19, 2025 6:42:49 PM webapp.storage.AbstractStorage save
INFO: &amp#27;[32mSave 52d9866e-d02b-4b8d-944f-9fad86f176ce(uuid2966)
сент. 19, 2025 6:42:49 PM webapp.storage.AbstractStorage save
INFO: &amp#27;[32mSave 3c8339d2-e7aa-45a1-8649-0cacd890d01c(uuid2967)
сент. 19, 2025 6:42:49 PM webapp.storage.AbstractStorage save
INFO: &amp#27;[32mSave c43f250d-335b-4d17-9396-f724b8f0cefa(uuid2968)
сент. 19, 2025 6:42:49 PM webapp.storage.AbstractStorage save
INFO: &amp#27;[32mSave ca5c0be6-1bfa-448a-bb55-3d457b6acfa6(uuid2969)
сент. 19, 2025 6:42:49 PM webapp.storage.AbstractStorage save
INFO: &amp#27;[32mSave 848e8825-b589-4609-ab7c-875674ea86b8(uuid2970)
сент. 19, 2025 6:42:49 PM webapp.storage.AbstractStorage save
INFO: &amp#27;[32mSave 846f089a-99f3-4beb-835e-abba9b2195e7(uuid2971)
сент. 19, 2025 6:42:49 PM webapp.storage.AbstractStorage save
INFO: &amp#27;[32mSave 499ada6b-4992-49e6-bb2e-80701b9c2c0d(uuid2972)
сент. 19, 2025 6:42:49 PM webapp.storage.AbstractStorage save
INFO: &amp#27;[32mSave e35f5904-8264-4dc6-9af6-83277a0c19b5(uuid2973)
сент. 19, 2025 6:42:49 PM webapp.storage.AbstractStorage save
INFO: &amp#27;[32mSave 2de60bd8-f491-4ef3-987d-2ccec0e66041(uuid2974)
сент. 19, 2025 6:42:49 PM webapp.storage.AbstractStorage save
INFO: &amp#27;[32mSave f52c93a4-109a-4971-b862-cb3c16fb0c59(uuid2975)
сент. 19, 2025 6:42:49 PM webapp.storage.AbstractStorage save
INFO: &amp#27;[32mSave 3cac8f92-9ed4-4876-89ea-11097c6a7e97(uuid2976)
сент. 19, 2025 6:42:49 PM webapp.storage.AbstractStorage save
INFO: &amp#27;[32mSave 814291f6-b7ca-4275-b454-a983a9b63224(uuid2977)
сент. 19, 2025 6:42:49 PM webapp.storage.AbstractStorage save
INFO: &amp#27;[32mSave 9cbdd96d-d2b1-494f-a5cf-75e09c251794(uuid2978)
сент. 19, 2025 6:42:49 PM webapp.storage.AbstractStorage save
INFO: &amp#27;[32mSave 87ee6d1c-660a-4fd2-94f7-6b48da760f82(uuid2979)
сент. 19, 2025 6:42:49 PM webapp.storage.AbstractStorage save
INFO: &amp#27;[32mSave cdfd2bfd-bc22-427b-a241-b0ff55660aeb(uuid2980)
сент. 19, 2025 6:42:49 PM webapp.storage.AbstractStorage save
INFO: &amp#27;[32mSave 80e077d2-381a-4554-9f76-a12703982d40(uuid2981)
сент. 19, 2025 6:42:49 PM webapp.storage.AbstractStorage save
INFO: &amp#27;[32mSave aa97839d-406c-4314-909c-b0f5171e2a8a(uuid2982)
сент. 19, 2025 6:42:49 PM webapp.storage.AbstractStorage save
INFO: &amp#27;[32mSave 3a87d325-c21e-45c2-9d74-fc293b663c2d(uuid2983)
сент. 19, 2025 6:42:49 PM webapp.storage.AbstractStorage save
INFO: &amp#27;[32mSave 265307cc-1109-4e0e-9419-d2a7df43142a(uuid2984)
сент. 19, 2025 6:42:49 PM webapp.storage.AbstractStorage save
INFO: &amp#27;[32mSave 04df1620-1041-4799-8612-5278cf894dd1(uuid2985)
сент. 19, 2025 6:42:49 PM webapp.storage.AbstractStorage save
INFO: &amp#27;[32mSave 42ed07ba-1ad3-4963-a5ff-b44790f6afc8(uuid2986)
сент. 19, 2025 6:42:49 PM webapp.storage.AbstractStorage save
INFO: &amp#27;[32mSave 34d1fb07-3eec-4806-9a32-84fcca8b7a1a(uuid2987)
сент. 19, 2025 6:42:49 PM webapp.storage.AbstractStorage save
INFO: &amp#27;[32mSave c935938f-e7d3-4631-ae98-73cd9d4cedcf(uuid2988)
сент. 19, 2025 6:42:49 PM webapp.storage.AbstractStorage save
INFO: &amp#27;[32mSave 5895b6a8-08dd-46ec-88de-050b8ce9e8ed(uuid2989)
сент. 19, 2025 6:42:49 PM webapp.storage.AbstractStorage save
INFO: &amp#27;[32mSave ba28f424-584d-46eb-90a5-14cf07b8bb62(uuid2990)
сент. 19, 2025 6:42:49 PM webapp.storage.AbstractStorage save
INFO: &amp#27;[32mSave fd4f85cf-f879-4053-9a07-dc97ba7de619(uuid2991)
сент. 19, 2025 6:42:49 PM webapp.storage.AbstractStorage save
INFO: &amp#27;[32mSave be53f053-2d46-43fa-af7c-0f9a1f32c64a(uuid2992)
сент. 19, 2025 6:42:49 PM webapp.storage.AbstractStorage save
INFO: &amp#27;[32mSave 72faf34d-95f7-4ea5-ae30-0a7309209277(uuid2993)
сент. 19, 2025 6:42:49 PM webapp.storage.AbstractStorage save
INFO: &amp#27;[32mSave b84ee928-def3-4118-adb0-ce20dafc7144(uuid2994)
сент. 19, 2025 6:42:49 PM webapp.storage.AbstractStorage save
INFO: &amp#27;[32mSave 7c21cead-99f7-422c-a62f-0306c9b2e6df(uuid2995)
сент. 19, 2025 6:42:49 PM webapp.storage.AbstractStorage save
INFO: &amp#27;[32mSave 7897afdd-37b0-4126-9932-21e4fb12f2c2(uuid2996)
сент. 19, 2025 6:42:49 PM webapp.storage.AbstractStorage save
INFO: &amp#27;[32mSave 5e78b62b-ab08-439c-b8c6-d1419fe3139d(uuid2997)
сент. 19, 2025 6:42:49 PM webapp.storage.AbstractStorage save
INFO: &amp#27;[32mSave 5f3bc805-1f1f-4079-b336-84b5cb6f49cf(uuid2998)
сент. 19, 2025 6:42:49 PM webapp.storage.AbstractStorage save
INFO: &amp#27;[32mSave 19e4fd34-3354-4325-bd79-628b014b56d0(uuid2999)
сент. 19, 2025 6:42:49 PM webapp.storage.AbstractStorage save
INFO: &amp#27;[32mSave 7c430332-d59c-42df-ba8c-f11da37c5cfd(uuid3000)
сент. 19, 2025 6:42:49 PM webapp.storage.AbstractStorage save
INFO: &amp#27;[32mSave fc84b424-f63f-4bb4-aaa9-b29b15760f04(uuid3001)
сент. 19, 2025 6:42:49 PM webapp.storage.AbstractStorage save
INFO: &amp#27;[32mSave 8017af68-598c-40b9-ad0b-ea56dadddac7(uuid3002)
сент. 19, 2025 6:42:49 PM webapp.storage.AbstractStorage save
INFO: &amp#27;[32mSave 7abb062c-0a4f-48dd-90b6-0c290a3d9180(uuid3003)
сент. 19, 2025 6:42:49 PM webapp.storage.AbstractStorage save
INFO: &amp#27;[32mSave ecedf10b-b7c9-40f3-a305-f0dde2f1fa38(uuid3004)
сент. 19, 2025 6:42:49 PM webapp.storage.AbstractStorage save
INFO: &amp#27;[32mSave 8add92f2-dbef-4153-9751-dc5f0be97fab(uuid3005)
сент. 19, 2025 6:42:49 PM webapp.storage.AbstractStorage save
INFO: &amp#27;[32mSave 08864884-659a-4589-9844-2baeca12cb03(uuid3006)
сент. 19, 2025 6:42:49 PM webapp.storage.AbstractStorage save
INFO: &amp#27;[32mSave 5c3d3028-5510-46c8-999f-b3a5083ac6dc(uuid3007)
сент. 19, 2025 6:42:49 PM webapp.storage.AbstractStorage save
INFO: &amp#27;[32mSave b69d0dcd-0fa6-4167-a418-a83c55819033(uuid3008)
сент. 19, 2025 6:42:49 PM webapp.storage.AbstractStorage save
INFO: &amp#27;[32mSave af68514f-0167-46f1-a84a-449e660a371d(uuid3009)
сент. 19, 2025 6:42:49 PM webapp.storage.AbstractStorage save
INFO: &amp#27;[32mSave cbad4164-b2a3-4362-b056-715f11ef4ba1(uuid3010)
сент. 19, 2025 6:42:49 PM webapp.storage.AbstractStorage save
INFO: &amp#27;[32mSave 8677dcd6-2014-4ad2-8238-2cdbb1d77359(uuid3011)
сент. 19, 2025 6:42:49 PM webapp.storage.AbstractStorage save
INFO: &amp#27;[32mSave 1abdd4a4-acf9-45c8-bc35-b98ff04590ac(uuid3012)
сент. 19, 2025 6:42:49 PM webapp.storage.AbstractStorage save
INFO: &amp#27;[32mSave e83c8c64-75e4-4268-8665-ce8b4e9f837e(uuid3013)
сент. 19, 2025 6:42:49 PM webapp.storage.AbstractStorage save
INFO: &amp#27;[32mSave 886bc650-1d27-4ee9-b149-f38f6285f0ca(uuid3014)
сент. 19, 2025 6:42:49 PM webapp.storage.AbstractStorage save
INFO: &amp#27;[32mSave 361514b0-8823-43ce-b1d4-63e1b80ee4f4(uuid3015)
сент. 19, 2025 6:42:49 PM webapp.storage.AbstractStorage save
INFO: &amp#27;[32mSave 6a592df1-9fc7-4772-8180-9934aaa0d43a(uuid3016)
сент. 19, 2025 6:42:49 PM webapp.storage.AbstractStorage save
INFO: &amp#27;[32mSave 517c8cf9-6942-4472-be07-06ce8d1a7c9e(uuid3017)
сент. 19, 2025 6:42:49 PM webapp.storage.AbstractStorage save
INFO: &amp#27;[32mSave 535f0bd0-978f-41df-b093-14b5100e0761(uuid3018)
сент. 19, 2025 6:42:49 PM webapp.storage.AbstractStorage save
INFO: &amp#27;[32mSave 3ff5aca6-c607-40e8-a3d1-13009e9817a5(uuid3019)
сент. 19, 2025 6:42:49 PM webapp.storage.AbstractStorage save
INFO: &amp#27;[32mSave 1e1e1766-5282-435b-8baf-cc2ab93866cf(uuid3020)
сент. 19, 2025 6:42:49 PM webapp.storage.AbstractStorage save
INFO: &amp#27;[32mSave 129608dd-2684-423d-b095-6e5237080197(uuid3021)
сент. 19, 2025 6:42:49 PM webapp.storage.AbstractStorage save
INFO: &amp#27;[32mSave 35ddb98c-c983-4c85-97cd-60d62fda5c13(uuid3022)
сент. 19, 2025 6:42:49 PM webapp.storage.AbstractStorage save
INFO: &amp#27;[32mSave 778493ac-a5a2-4184-a4b5-a45faa3597c3(uuid3023)
сент. 19, 2025 6:42:49 PM webapp.storage.AbstractStorage save
INFO: &amp#27;[32mSave b0350f9c-97b5-45f8-84fc-8f83d5b994c7(uuid3024)
сент. 19, 2025 6:42:49 PM webapp.storage.AbstractStorage save
INFO: &amp#27;[32mSave cff8fa74-e584-4933-bf39-64234c651ce7(uuid3025)
сент. 19, 2025 6:42:49 PM webapp.storage.AbstractStorage save
INFO: &amp#27;[32mSave 041ec894-24b9-479f-acd0-823175a91251(uuid3026)
сент. 19, 2025 6:42:49 PM webapp.storage.AbstractStorage save
INFO: &amp#27;[32mSave c8336af3-40ff-4f75-88bc-801287b6b0f0(uuid3027)
сент. 19, 2025 6:42:49 PM webapp.storage.AbstractStorage save
INFO: &amp#27;[32mSave 507582f3-73ee-43d3-9a36-b88804ec04a3(uuid3028)
сент. 19, 2025 6:42:49 PM webapp.storage.AbstractStorage save
INFO: &amp#27;[32mSave 69fc1f6f-55ae-4aab-be84-d3bcf3994645(uuid3029)
сент. 19, 2025 6:42:49 PM webapp.storage.AbstractStorage save
INFO: &amp#27;[32mSave f61bc22a-1c33-4688-b8b0-fc1c10b2e196(uuid3030)
сент. 19, 2025 6:42:49 PM webapp.storage.AbstractStorage save
INFO: &amp#27;[32mSave 45e43753-22f9-4529-886a-d5588aed7107(uuid3031)
сент. 19, 2025 6:42:49 PM webapp.storage.AbstractStorage save
INFO: &amp#27;[32mSave 72cfd5e3-c379-4dc6-a421-6b0e3760f393(uuid3032)
сент. 19, 2025 6:42:49 PM webapp.storage.AbstractStorage save
INFO: &amp#27;[32mSave e5fd85ed-82e7-467b-ad5e-e5b6c3aad125(uuid3033)
сент. 19, 2025 6:42:49 PM webapp.storage.AbstractStorage save
INFO: &amp#27;[32mSave ca8d4441-e60f-4d29-8736-bb7316938151(uuid3034)
сент. 19, 2025 6:42:49 PM webapp.storage.AbstractStorage save
INFO: &amp#27;[32mSave cf13bb7d-d31a-4b04-8821-49207b35d5ed(uuid3035)
сент. 19, 2025 6:42:49 PM webapp.storage.AbstractStorage save
INFO: &amp#27;[32mSave 0d50154c-d1a9-4c8b-9be7-8b5ad6abfc18(uuid3036)
сент. 19, 2025 6:42:49 PM webapp.storage.AbstractStorage save
INFO: &amp#27;[32mSave 467f92eb-4be1-4fcc-b6e6-cc7e0c5c772d(uuid3037)
сент. 19, 2025 6:42:49 PM webapp.storage.AbstractStorage save
INFO: &amp#27;[32mSave b131511e-32b2-4f43-bf8a-8199cf925e8f(uuid3038)
сент. 19, 2025 6:42:49 PM webapp.storage.AbstractStorage save
INFO: &amp#27;[32mSave aefb44be-2110-4d96-88b8-885fe7db867e(uuid3039)
сент. 19, 2025 6:42:49 PM webapp.storage.AbstractStorage save
INFO: &amp#27;[32mSave ae8f360a-01d3-45ab-9afd-dda345e59567(uuid3040)
сент. 19, 2025 6:42:49 PM webapp.storage.AbstractStorage save
INFO: &amp#27;[32mSave 0de9c473-4cd5-459d-b6a4-d23b340c4e33(uuid3041)
сент. 19, 2025 6:42:49 PM webapp.storage.AbstractStorage save
INFO: &amp#27;[32mSave 612921f0-e940-46df-9158-f0158cb9bb4d(uuid3042)
сент. 19, 2025 6:42:49 PM webapp.storage.AbstractStorage save
INFO: &amp#27;[32mSave 40d9b706-750a-4c0d-bb60-fdff238497e6(uuid3043)
сент. 19, 2025 6:42:49 PM webapp.storage.AbstractStorage save
INFO: &amp#27;[32mSave 89168a8c-3494-49f1-a25a-3928bccf3e62(uuid3044)
сент. 19, 2025 6:42:49 PM webapp.storage.AbstractStorage save
INFO: &amp#27;[32mSave e0f15e69-8069-423f-ae23-1c357d996aa5(uuid3045)
сент. 19, 2025 6:42:49 PM webapp.storage.AbstractStorage save
INFO: &amp#27;[32mSave 0cd4d99b-8cc6-4e2f-8e06-a76e2ad0334d(uuid3046)
сент. 19, 2025 6:42:49 PM webapp.storage.AbstractStorage save
INFO: &amp#27;[32mSave 4a23ae82-bbc8-403b-a151-c1b4ece633d2(uuid3047)
сент. 19, 2025 6:42:49 PM webapp.storage.AbstractStorage save
INFO: &amp#27;[32mSave 2922553b-7040-4870-ab64-afb510f9a37e(uuid3048)
сент. 19, 2025 6:42:49 PM webapp.storage.AbstractStorage save
INFO: &amp#27;[32mSave 3b68bac5-fed6-4b44-9031-4d775a57b7f6(uuid3049)
сент. 19, 2025 6:42:49 PM webapp.storage.AbstractStorage save
INFO: &amp#27;[32mSave a84b1776-b8d2-4ee3-b40a-f9480fa4ecec(uuid3050)
сент. 19, 2025 6:42:49 PM webapp.storage.AbstractStorage save
INFO: &amp#27;[32mSave 0e2df47f-3459-4045-9fb8-3bc9c975bb6f(uuid3051)
сент. 19, 2025 6:42:49 PM webapp.storage.AbstractStorage save
INFO: &amp#27;[32mSave cb3314c2-7916-438c-a917-1b4b12c14634(uuid3052)
сент. 19, 2025 6:42:49 PM webapp.storage.AbstractStorage save
INFO: &amp#27;[32mSave 4403ed90-d695-4db4-be66-2f1126995cd6(uuid3053)
сент. 19, 2025 6:42:49 PM webapp.storage.AbstractStorage save
INFO: &amp#27;[32mSave 2b4caac5-3541-4f24-97e1-b39e2748b521(uuid3054)
сент. 19, 2025 6:42:49 PM webapp.storage.AbstractStorage save
INFO: &amp#27;[32mSave 6cb98760-b67d-4a3f-a8a3-c523327e44ef(uuid3055)
сент. 19, 2025 6:42:49 PM webapp.storage.AbstractStorage save
INFO: &amp#27;[32mSave c78b7926-3cc0-4b13-b220-7e1720db6337(uuid3056)
сент. 19, 2025 6:42:49 PM webapp.storage.AbstractStorage save
INFO: &amp#27;[32mSave 79576a4b-b399-4894-a14d-a56762ae3d4b(uuid3057)
сент. 19, 2025 6:42:49 PM webapp.storage.AbstractStorage save
INFO: &amp#27;[32mSave b2a9aac4-59f2-4e61-9ee6-e4605701ec12(uuid3058)
сент. 19, 2025 6:42:49 PM webapp.storage.AbstractStorage save
INFO: &amp#27;[32mSave 7ffeec8e-b2d4-4f5d-b32b-eb41020fb810(uuid3059)
сент. 19, 2025 6:42:49 PM webapp.storage.AbstractStorage save
INFO: &amp#27;[32mSave 80dd03f0-dcf3-4975-a0fd-e3be532ee9e9(uuid3060)
сент. 19, 2025 6:42:49 PM webapp.storage.AbstractStorage save
INFO: &amp#27;[32mSave 0a397c57-8b2b-4041-aadd-814e071ab6b9(uuid3061)
сент. 19, 2025 6:42:49 PM webapp.storage.AbstractStorage save
INFO: &amp#27;[32mSave 883a5d70-efc2-4637-8691-b696b9cf722a(uuid3062)
сент. 19, 2025 6:42:49 PM webapp.storage.AbstractStorage save
INFO: &amp#27;[32mSave 2033a209-c134-4e7b-bc9f-650402c282f2(uuid3063)
сент. 19, 2025 6:42:49 PM webapp.storage.AbstractStorage save
INFO: &amp#27;[32mSave 8c653cfa-f655-457f-9aa3-dc8f136a91fc(uuid3064)
сент. 19, 2025 6:42:49 PM webapp.storage.AbstractStorage save
INFO: &amp#27;[32mSave 2c2266b3-6efb-4964-93e7-3c1e809ccab2(uuid3065)
сент. 19, 2025 6:42:49 PM webapp.storage.AbstractStorage save
INFO: &amp#27;[32mSave 6f908e6e-b8a1-4d2a-be6c-6dddfbc3aa80(uuid3066)
сент. 19, 2025 6:42:49 PM webapp.storage.AbstractStorage save
INFO: &amp#27;[32mSave 4fa3167e-40a2-48ff-816c-2c0c13701aac(uuid3067)
сент. 19, 2025 6:42:49 PM webapp.storage.AbstractStorage save
INFO: &amp#27;[32mSave fe27bde4-9216-473a-bd66-99c0e6f0341c(uuid3068)
сент. 19, 2025 6:42:49 PM webapp.storage.AbstractStorage save
INFO: &amp#27;[32mSave 0e9116b8-ffa7-4a82-a376-29adbdecb567(uuid3069)
сент. 19, 2025 6:42:49 PM webapp.storage.AbstractStorage save
INFO: &amp#27;[32mSave a787a02c-aba9-4918-8287-55ad90fa8a0f(uuid3070)
сент. 19, 2025 6:42:49 PM webapp.storage.AbstractStorage save
INFO: &amp#27;[32mSave 645dcd80-e751-4f5a-ae5e-51d2774ef3fc(uuid3071)
сент. 19, 2025 6:42:49 PM webapp.storage.AbstractStorage save
INFO: &amp#27;[32mSave 1f77f133-3f8b-4fdc-bd18-096fa760998f(uuid3072)
сент. 19, 2025 6:42:49 PM webapp.storage.AbstractStorage save
INFO: &amp#27;[32mSave 442faf5b-b672-42e5-9613-5500510a1a12(uuid3073)
сент. 19, 2025 6:42:49 PM webapp.storage.AbstractStorage save
INFO: &amp#27;[32mSave 79942cec-e43d-4625-b22e-00311eb3f0c9(uuid3074)
сент. 19, 2025 6:42:49 PM webapp.storage.AbstractStorage save
INFO: &amp#27;[32mSave 7cd0885d-1fe3-4fba-a518-cebed3d6a12e(uuid3075)
сент. 19, 2025 6:42:49 PM webapp.storage.AbstractStorage save
INFO: &amp#27;[32mSave ff979e0b-ad77-432d-a263-b89bce85fe15(uuid3076)
сент. 19, 2025 6:42:49 PM webapp.storage.AbstractStorage save
INFO: &amp#27;[32mSave a48c20ef-38c5-449c-8ad6-3e4d0a28b10d(uuid3077)
сент. 19, 2025 6:42:49 PM webapp.storage.AbstractStorage save
INFO: &amp#27;[32mSave 7e9cf3cd-9732-4c02-b0c4-636c7445d004(uuid3078)
сент. 19, 2025 6:42:49 PM webapp.storage.AbstractStorage save
INFO: &amp#27;[32mSave c2062ffc-ae64-4ee7-9977-c76bc8f8b6bb(uuid3079)
сент. 19, 2025 6:42:49 PM webapp.storage.AbstractStorage save
INFO: &amp#27;[32mSave 8877bbaf-d56f-467c-984c-a3b2fcb9a16c(uuid3080)
сент. 19, 2025 6:42:49 PM webapp.storage.AbstractStorage save
INFO: &amp#27;[32mSave 3477c99c-6837-4182-ae54-2b6703922f01(uuid3081)
сент. 19, 2025 6:42:49 PM webapp.storage.AbstractStorage save
INFO: &amp#27;[32mSave 330260c1-0d1d-4e2b-8098-0392711a3ea5(uuid3082)
сент. 19, 2025 6:42:49 PM webapp.storage.AbstractStorage save
INFO: &amp#27;[32mSave 16bbae3c-aa59-4067-92d7-179acbd09bed(uuid3083)
сент. 19, 2025 6:42:49 PM webapp.storage.AbstractStorage save
INFO: &amp#27;[32mSave 66ee3cc8-1073-4c3b-9a02-8f7635dadb09(uuid3084)
сент. 19, 2025 6:42:49 PM webapp.storage.AbstractStorage save
INFO: &amp#27;[32mSave 751d787f-9262-4ccd-90f3-ceb2e09e2f31(uuid3085)
сент. 19, 2025 6:42:49 PM webapp.storage.AbstractStorage save
INFO: &amp#27;[32mSave e0db6e61-bdf1-472d-93b9-485997aecf97(uuid3086)
сент. 19, 2025 6:42:49 PM webapp.storage.AbstractStorage save
INFO: &amp#27;[32mSave b5aa6675-4c11-4933-b024-fffc5ba86878(uuid3087)
сент. 19, 2025 6:42:49 PM webapp.storage.AbstractStorage save
INFO: &amp#27;[32mSave b3dd6e2a-d87e-40d4-9ad6-0358e946c671(uuid3088)
сент. 19, 2025 6:42:49 PM webapp.storage.AbstractStorage save
INFO: &amp#27;[32mSave 537ef35c-4247-4d9e-a052-8656fd9ad044(uuid3089)
сент. 19, 2025 6:42:49 PM webapp.storage.AbstractStorage save
INFO: &amp#27;[32mSave 2a5f5700-85bf-4cfd-979f-3f90b166f7a0(uuid3090)
сент. 19, 2025 6:42:49 PM webapp.storage.AbstractStorage save
INFO: &amp#27;[32mSave ff963894-58c6-48c5-baed-c2a2337d9b89(uuid3091)
сент. 19, 2025 6:42:49 PM webapp.storage.AbstractStorage save
INFO: &amp#27;[32mSave 67d33c9c-8be3-4f14-b793-aa96b3ee72bd(uuid3092)
сент. 19, 2025 6:42:49 PM webapp.storage.AbstractStorage save
INFO: &amp#27;[32mSave 5fb44bf4-1990-4f15-8d18-51903a1401eb(uuid3093)
сент. 19, 2025 6:42:49 PM webapp.storage.AbstractStorage save
INFO: &amp#27;[32mSave 778f84cd-6d82-44c4-962b-a13de0d3b59c(uuid3094)
сент. 19, 2025 6:42:49 PM webapp.storage.AbstractStorage save
INFO: &amp#27;[32mSave 47385a7b-fa0b-45a8-99be-e53cf5db2de3(uuid3095)
сент. 19, 2025 6:42:49 PM webapp.storage.AbstractStorage save
INFO: &amp#27;[32mSave 9d1407a1-151f-4475-80cd-3788ebb3b2c4(uuid3096)
сент. 19, 2025 6:42:49 PM webapp.storage.AbstractStorage save
INFO: &amp#27;[32mSave eb7840b6-a254-4a2b-af16-7a20a27ab11a(uuid3097)
сент. 19, 2025 6:42:49 PM webapp.storage.AbstractStorage save
INFO: &amp#27;[32mSave 8707e1af-54e4-41c4-ba07-61acbff047aa(uuid3098)
сент. 19, 2025 6:42:49 PM webapp.storage.AbstractStorage save
INFO: &amp#27;[32mSave ccfdbfd3-e76d-4a8b-ab20-a75d5c96329a(uuid3099)
сент. 19, 2025 6:42:49 PM webapp.storage.AbstractStorage save
INFO: &amp#27;[32mSave 17fab369-6af2-490c-bfab-3c0897a62fe1(uuid3100)
сент. 19, 2025 6:42:49 PM webapp.storage.AbstractStorage save
INFO: &amp#27;[32mSave dd744ee0-defd-44b9-975b-1dda37619abd(uuid3101)
сент. 19, 2025 6:42:49 PM webapp.storage.AbstractStorage save
INFO: &amp#27;[32mSave a794ad6b-f765-4242-8423-abb9006c54ec(uuid3102)
сент. 19, 2025 6:42:49 PM webapp.storage.AbstractStorage save
INFO: &amp#27;[32mSave 3eaf7506-c373-48b3-aae7-95999b592991(uuid3103)
сент. 19, 2025 6:42:49 PM webapp.storage.AbstractStorage save
INFO: &amp#27;[32mSave 2a941112-1267-4bc8-b28e-58460c2fde72(uuid3104)
сент. 19, 2025 6:42:49 PM webapp.storage.AbstractStorage save
INFO: &amp#27;[32mSave 148e4fc3-002a-4920-ad8b-58fea225a1fd(uuid3105)
сент. 19, 2025 6:42:49 PM webapp.storage.AbstractStorage save
INFO: &amp#27;[32mSave 881e09de-94dd-4b52-802b-72b4d79e396b(uuid3106)
сент. 19, 2025 6:42:49 PM webapp.storage.AbstractStorage save
INFO: &amp#27;[32mSave a690c5fe-1068-42d5-be92-6a11aebe3fb4(uuid3107)
сент. 19, 2025 6:42:49 PM webapp.storage.AbstractStorage save
INFO: &amp#27;[32mSave c9a1b805-60fe-4f52-a56e-d5135b32d33e(uuid3108)
сент. 19, 2025 6:42:49 PM webapp.storage.AbstractStorage save
INFO: &amp#27;[32mSave 0f17e06f-c2fa-4e11-b2a3-2b508f332eee(uuid3109)
сент. 19, 2025 6:42:49 PM webapp.storage.AbstractStorage save
INFO: &amp#27;[32mSave 4ead0de9-78d8-475c-94b7-c11775225773(uuid3110)
сент. 19, 2025 6:42:49 PM webapp.storage.AbstractStorage save
INFO: &amp#27;[32mSave 888233c1-e729-400c-b22e-a198c18b022b(uuid3111)
сент. 19, 2025 6:42:49 PM webapp.storage.AbstractStorage save
INFO: &amp#27;[32mSave 7cc8f114-6db5-47e2-8851-8ed76c7b8cd7(uuid3112)
сент. 19, 2025 6:42:49 PM webapp.storage.AbstractStorage save
INFO: &amp#27;[32mSave c2af2ce4-a833-4e8a-8268-f0ee365aa94d(uuid3113)
сент. 19, 2025 6:42:49 PM webapp.storage.AbstractStorage save
INFO: &amp#27;[32mSave 53574966-9643-4495-8b0a-f2e90534215c(uuid3114)
сент. 19, 2025 6:42:49 PM webapp.storage.AbstractStorage save
INFO: &amp#27;[32mSave b80e927e-8ecd-4328-9106-0ed11bcbcbd6(uuid3115)
сент. 19, 2025 6:42:49 PM webapp.storage.AbstractStorage save
INFO: &amp#27;[32mSave 2a658839-4f8e-49bd-9759-ed060d21dae0(uuid3116)
сент. 19, 2025 6:42:49 PM webapp.storage.AbstractStorage save
INFO: &amp#27;[32mSave 348fc3a5-58fe-46d5-9ab0-87771e63abdf(uuid3117)
сент. 19, 2025 6:42:49 PM webapp.storage.AbstractStorage save
INFO: &amp#27;[32mSave c8a8fd09-2888-4991-b64f-03212f2b6118(uuid3118)
сент. 19, 2025 6:42:49 PM webapp.storage.AbstractStorage save
INFO: &amp#27;[32mSave 2107d3de-7185-4c55-8c28-0072511db846(uuid3119)
сент. 19, 2025 6:42:49 PM webapp.storage.AbstractStorage save
INFO: &amp#27;[32mSave e1823752-ddfd-4d12-9577-c94490e77b56(uuid3120)
сент. 19, 2025 6:42:49 PM webapp.storage.AbstractStorage save
INFO: &amp#27;[32mSave 2fdc51d1-f781-4ff8-b509-1611586350ba(uuid3121)
сент. 19, 2025 6:42:49 PM webapp.storage.AbstractStorage save
INFO: &amp#27;[32mSave 1e98940b-2158-4cf5-b4d4-710ec1d1aa0f(uuid3122)
сент. 19, 2025 6:42:49 PM webapp.storage.AbstractStorage save
INFO: &amp#27;[32mSave 49b8d1c8-75b8-4a9d-9601-8010a6d92471(uuid3123)
сент. 19, 2025 6:42:49 PM webapp.storage.AbstractStorage save
INFO: &amp#27;[32mSave 896572f1-3712-498b-a1b0-7023a9ad0ab0(uuid3124)
сент. 19, 2025 6:42:49 PM webapp.storage.AbstractStorage save
INFO: &amp#27;[32mSave 4b9f1bd1-bf43-45e9-9700-ea4765ddd702(uuid3125)
сент. 19, 2025 6:42:49 PM webapp.storage.AbstractStorage save
INFO: &amp#27;[32mSave 6684ade5-c7a5-4186-9a7a-3dbb6e1f6e0a(uuid3126)
сент. 19, 2025 6:42:49 PM webapp.storage.AbstractStorage save
INFO: &amp#27;[32mSave 590ee1c8-c226-41eb-a3b6-616af74456b3(uuid3127)
сент. 19, 2025 6:42:49 PM webapp.storage.AbstractStorage save
INFO: &amp#27;[32mSave 62c473d3-0a6c-40b5-aaa1-c982dbfca964(uuid3128)
сент. 19, 2025 6:42:49 PM webapp.storage.AbstractStorage save
INFO: &amp#27;[32mSave b86ec3aa-2335-434e-a7b6-99fcfcbd1002(uuid3129)
сент. 19, 2025 6:42:49 PM webapp.storage.AbstractStorage save
INFO: &amp#27;[32mSave d3ef9c79-6e95-48ac-bf70-56afbd3dca55(uuid3130)
сент. 19, 2025 6:42:49 PM webapp.storage.AbstractStorage save
INFO: &amp#27;[32mSave 99f09ea6-03c1-4eac-89e3-d58684711471(uuid3131)
сент. 19, 2025 6:42:49 PM webapp.storage.AbstractStorage save
INFO: &amp#27;[32mSave f91bd148-999a-4fa8-99bb-fcde7680b977(uuid3132)
сент. 19, 2025 6:42:49 PM webapp.storage.AbstractStorage save
INFO: &amp#27;[32mSave 2332c249-2ec3-499c-8bac-50a1979d93ef(uuid3133)
сент. 19, 2025 6:42:49 PM webapp.storage.AbstractStorage save
INFO: &amp#27;[32mSave 0bf5db1f-b6b1-4cd9-acce-29e94d2cb267(uuid3134)
сент. 19, 2025 6:42:49 PM webapp.storage.AbstractStorage save
INFO: &amp#27;[32mSave ae6f4a60-2b3f-4e6d-83b2-0542a516bf89(uuid3135)
сент. 19, 2025 6:42:49 PM webapp.storage.AbstractStorage save
INFO: &amp#27;[32mSave f07089fa-7f54-425b-8681-36100827345e(uuid3136)
сент. 19, 2025 6:42:49 PM webapp.storage.AbstractStorage save
INFO: &amp#27;[32mSave ce26849e-fe98-4cba-86ad-d49df9c67136(uuid3137)
сент. 19, 2025 6:42:49 PM webapp.storage.AbstractStorage save
INFO: &amp#27;[32mSave 76a185c6-1939-4db5-8b50-3733fc125e90(uuid3138)
сент. 19, 2025 6:42:49 PM webapp.storage.AbstractStorage save
INFO: &amp#27;[32mSave b53826ee-82fc-4483-b2e6-471c3b983d07(uuid3139)
сент. 19, 2025 6:42:49 PM webapp.storage.AbstractStorage save
INFO: &amp#27;[32mSave fab21d8c-a62c-4762-bdde-1ed740161218(uuid3140)
сент. 19, 2025 6:42:49 PM webapp.storage.AbstractStorage save
INFO: &amp#27;[32mSave 7eb2465c-2ddc-4259-a31d-bad46d35561f(uuid3141)
сент. 19, 2025 6:42:49 PM webapp.storage.AbstractStorage save
INFO: &amp#27;[32mSave 975b972c-0327-40bf-a928-6a84063eb0c2(uuid3142)
сент. 19, 2025 6:42:49 PM webapp.storage.AbstractStorage save
INFO: &amp#27;[32mSave f20e5f54-ed69-4fa1-9e91-3f8786611328(uuid3143)
сент. 19, 2025 6:42:49 PM webapp.storage.AbstractStorage save
INFO: &amp#27;[32mSave f86b0502-6d36-48f0-8483-5c60b1bf48a8(uuid3144)
сент. 19, 2025 6:42:49 PM webapp.storage.AbstractStorage save
INFO: &amp#27;[32mSave cd40889f-f44f-4622-9760-302fb8b8eae4(uuid3145)
сент. 19, 2025 6:42:49 PM webapp.storage.AbstractStorage save
INFO: &amp#27;[32mSave bb81cd4a-11aa-4998-985c-9bb85f583f79(uuid3146)
сент. 19, 2025 6:42:49 PM webapp.storage.AbstractStorage save
INFO: &amp#27;[32mSave 44713149-e7b8-4db1-b869-9c02193bb11a(uuid3147)
сент. 19, 2025 6:42:49 PM webapp.storage.AbstractStorage save
INFO: &amp#27;[32mSave 5674316b-02eb-4dea-bf7f-577e32a9a683(uuid3148)
сент. 19, 2025 6:42:49 PM webapp.storage.AbstractStorage save
INFO: &amp#27;[32mSave 6c411202-fe39-49b9-a547-38f439a396b9(uuid3149)
сент. 19, 2025 6:42:49 PM webapp.storage.AbstractStorage save
INFO: &amp#27;[32mSave 91ca61a6-a952-4369-9de8-82bc5ab1ca75(uuid3150)
сент. 19, 2025 6:42:49 PM webapp.storage.AbstractStorage save
INFO: &amp#27;[32mSave 3ee3a8f9-692b-4065-8f72-0712ddbeb030(uuid3151)
сент. 19, 2025 6:42:49 PM webapp.storage.AbstractStorage save
INFO: &amp#27;[32mSave ec7a2b8f-4cc2-4859-a015-59cf8817182c(uuid3152)
сент. 19, 2025 6:42:49 PM webapp.storage.AbstractStorage save
INFO: &amp#27;[32mSave 20f9549c-cd4e-4c5f-a693-007efcdf6ce2(uuid3153)
сент. 19, 2025 6:42:49 PM webapp.storage.AbstractStorage save
INFO: &amp#27;[32mSave 2ba16185-2a41-4073-b8c6-d1f79df856b2(uuid3154)
сент. 19, 2025 6:42:49 PM webapp.storage.AbstractStorage save
INFO: &amp#27;[32mSave b0a82ab4-5364-4752-a72d-d8f085c68c09(uuid3155)
сент. 19, 2025 6:42:49 PM webapp.storage.AbstractStorage save
INFO: &amp#27;[32mSave 9dc192ea-b908-48ec-889c-6d176fb57d21(uuid3156)
сент. 19, 2025 6:42:49 PM webapp.storage.AbstractStorage save
INFO: &amp#27;[32mSave b48d2db3-feee-4b38-9aa0-8fefa1f8ebf1(uuid3157)
сент. 19, 2025 6:42:49 PM webapp.storage.AbstractStorage save
INFO: &amp#27;[32mSave 9b63562e-f9e1-4da3-abbb-15e6f7102e7a(uuid3158)
сент. 19, 2025 6:42:49 PM webapp.storage.AbstractStorage save
INFO: &amp#27;[32mSave 4d9cb34a-3cb7-48d0-b2ee-b3c764d049f9(uuid3159)
сент. 19, 2025 6:42:49 PM webapp.storage.AbstractStorage save
INFO: &amp#27;[32mSave f2be8449-6f4d-446f-bd05-6ccf2f521248(uuid3160)
сент. 19, 2025 6:42:49 PM webapp.storage.AbstractStorage save
INFO: &amp#27;[32mSave fd691d62-80db-45bb-af09-5d078ac03615(uuid3161)
сент. 19, 2025 6:42:49 PM webapp.storage.AbstractStorage save
INFO: &amp#27;[32mSave 39a53189-2fbe-4278-b484-cf70d7dddb04(uuid3162)
сент. 19, 2025 6:42:49 PM webapp.storage.AbstractStorage save
INFO: &amp#27;[32mSave 22c6951f-97d9-4556-875c-7a41ab13aacd(uuid3163)
сент. 19, 2025 6:42:49 PM webapp.storage.AbstractStorage save
INFO: &amp#27;[32mSave 26eda622-74d5-407d-8bd9-c07ac1d7cccd(uuid3164)
сент. 19, 2025 6:42:49 PM webapp.storage.AbstractStorage save
INFO: &amp#27;[32mSave da16d8be-f0d7-491f-839c-4a307a7f32a2(uuid3165)
сент. 19, 2025 6:42:49 PM webapp.storage.AbstractStorage save
INFO: &amp#27;[32mSave e013e150-2e4a-4f50-964b-1759799bab8d(uuid3166)
сент. 19, 2025 6:42:49 PM webapp.storage.AbstractStorage save
INFO: &amp#27;[32mSave 96521647-b5c0-40c1-a822-211736888cf4(uuid3167)
сент. 19, 2025 6:42:49 PM webapp.storage.AbstractStorage save
INFO: &amp#27;[32mSave 9af79bc7-0e7c-43cf-9904-e212f4b6fd21(uuid3168)
сент. 19, 2025 6:42:49 PM webapp.storage.AbstractStorage save
INFO: &amp#27;[32mSave 47319ad9-9fc7-45ac-8eac-93429a1d2210(uuid3169)
сент. 19, 2025 6:42:49 PM webapp.storage.AbstractStorage save
INFO: &amp#27;[32mSave dfad530f-af4f-40a9-99b0-31927f6dda8d(uuid3170)
сент. 19, 2025 6:42:49 PM webapp.storage.AbstractStorage save
INFO: &amp#27;[32mSave ceba5f6f-a37d-4fdf-b985-fb061096f095(uuid3171)
сент. 19, 2025 6:42:49 PM webapp.storage.AbstractStorage save
INFO: &amp#27;[32mSave ff64e316-d41d-417f-9ecf-32ba3b5b60d7(uuid3172)
сент. 19, 2025 6:42:49 PM webapp.storage.AbstractStorage save
INFO: &amp#27;[32mSave fea3a61e-892c-4934-9231-3b46c76a3d3e(uuid3173)
сент. 19, 2025 6:42:49 PM webapp.storage.AbstractStorage save
INFO: &amp#27;[32mSave 92179192-6c39-41ac-957a-2320bc966bf8(uuid3174)
сент. 19, 2025 6:42:49 PM webapp.storage.AbstractStorage save
INFO: &amp#27;[32mSave 54a32016-1542-4e58-be5d-8686a515b7ca(uuid3175)
сент. 19, 2025 6:42:49 PM webapp.storage.AbstractStorage save
INFO: &amp#27;[32mSave 5862a8e7-b3ec-47bb-8a22-81e36f0fc2ac(uuid3176)
сент. 19, 2025 6:42:49 PM webapp.storage.AbstractStorage save
INFO: &amp#27;[32mSave ba61a92a-3826-4ad7-9852-acb22f0fa56d(uuid3177)
сент. 19, 2025 6:42:49 PM webapp.storage.AbstractStorage save
INFO: &amp#27;[32mSave a5dad1ea-d28e-48bb-8abf-2dfaf5a09a99(uuid3178)
сент. 19, 2025 6:42:49 PM webapp.storage.AbstractStorage save
INFO: &amp#27;[32mSave bbc17130-740e-493c-906a-25468b681250(uuid3179)
сент. 19, 2025 6:42:49 PM webapp.storage.AbstractStorage save
INFO: &amp#27;[32mSave b9f498e0-a513-4e25-b436-ef1072c8a626(uuid3180)
сент. 19, 2025 6:42:49 PM webapp.storage.AbstractStorage save
INFO: &amp#27;[32mSave 0cdbf9e7-0a86-4720-a10d-c5e58fd85ef9(uuid3181)
сент. 19, 2025 6:42:49 PM webapp.storage.AbstractStorage save
INFO: &amp#27;[32mSave 7987f91a-c255-497c-96ee-dfcefca31725(uuid3182)
сент. 19, 2025 6:42:49 PM webapp.storage.AbstractStorage save
INFO: &amp#27;[32mSave da44685b-6eec-4773-b08a-e98ebe1e700f(uuid3183)
сент. 19, 2025 6:42:49 PM webapp.storage.AbstractStorage save
INFO: &amp#27;[32mSave 69c292cc-e3d8-48dc-a6fb-b7ff4f9f842d(uuid3184)
сент. 19, 2025 6:42:49 PM webapp.storage.AbstractStorage save
INFO: &amp#27;[32mSave f16af34c-5615-493a-ba65-74c78fdf5c7d(uuid3185)
сент. 19, 2025 6:42:49 PM webapp.storage.AbstractStorage save
INFO: &amp#27;[32mSave 944b10e8-2b83-46e8-bec9-2ab545ec34d9(uuid3186)
сент. 19, 2025 6:42:49 PM webapp.storage.AbstractStorage save
INFO: &amp#27;[32mSave 7dd68c4d-611c-4b14-832e-773def54ca93(uuid3187)
сент. 19, 2025 6:42:49 PM webapp.storage.AbstractStorage save
INFO: &amp#27;[32mSave 4918e6d3-6578-43e4-94b9-9af3f5061cd5(uuid3188)
сент. 19, 2025 6:42:49 PM webapp.storage.AbstractStorage save
INFO: &amp#27;[32mSave 6abc53aa-9db8-4ce4-9ed8-0ece2a119fd4(uuid3189)
сент. 19, 2025 6:42:49 PM webapp.storage.AbstractStorage save
INFO: &amp#27;[32mSave 75cee89a-b5c8-48ee-ab76-1be854986df5(uuid3190)
сент. 19, 2025 6:42:49 PM webapp.storage.AbstractStorage save
INFO: &amp#27;[32mSave 3193d041-a033-4478-b107-95d011ab5f7d(uuid3191)
сент. 19, 2025 6:42:49 PM webapp.storage.AbstractStorage save
INFO: &amp#27;[32mSave 20de1a56-3ae7-45aa-9244-8bc31c0781d3(uuid3192)
сент. 19, 2025 6:42:49 PM webapp.storage.AbstractStorage save
INFO: &amp#27;[32mSave dbfd73b8-7cc4-4946-abcd-c7405080a782(uuid3193)
сент. 19, 2025 6:42:49 PM webapp.storage.AbstractStorage save
INFO: &amp#27;[32mSave 9b6819ed-75ed-4cf6-8641-69b230c63026(uuid3194)
сент. 19, 2025 6:42:49 PM webapp.storage.AbstractStorage save
INFO: &amp#27;[32mSave e51711bc-400f-47e2-b210-adf0d9be0e3a(uuid3195)
сент. 19, 2025 6:42:49 PM webapp.storage.AbstractStorage save
INFO: &amp#27;[32mSave 7f4d3604-7d58-45f5-a1f0-b98ce0dbf5a1(uuid3196)
сент. 19, 2025 6:42:49 PM webapp.storage.AbstractStorage save
INFO: &amp#27;[32mSave c0f0eaa0-47b5-4554-ba02-b89d9fc10be9(uuid3197)
сент. 19, 2025 6:42:49 PM webapp.storage.AbstractStorage save
INFO: &amp#27;[32mSave c53be44e-db62-4034-9eec-0f45d1dd5b69(uuid3198)
сент. 19, 2025 6:42:49 PM webapp.storage.AbstractStorage save
INFO: &amp#27;[32mSave b0995667-bffa-4d96-a535-c388c1be210c(uuid3199)
сент. 19, 2025 6:42:49 PM webapp.storage.AbstractStorage save
INFO: &amp#27;[32mSave b9f2d61b-8117-482c-8aa6-3c096c297e0d(uuid3200)
сент. 19, 2025 6:42:49 PM webapp.storage.AbstractStorage save
INFO: &amp#27;[32mSave 85351d00-ccfe-45d2-bac0-e0d72fd7250d(uuid3201)
сент. 19, 2025 6:42:49 PM webapp.storage.AbstractStorage save
INFO: &amp#27;[32mSave 57270d41-2d2b-4551-b9d4-ed6526f3e489(uuid3202)
сент. 19, 2025 6:42:49 PM webapp.storage.AbstractStorage save
INFO: &amp#27;[32mSave e3f64417-0c9b-421a-8ea5-caf02c3acda5(uuid3203)
сент. 19, 2025 6:42:49 PM webapp.storage.AbstractStorage save
INFO: &amp#27;[32mSave 0e0d7f9a-c272-4ca8-a95a-2220e4ad70ea(uuid3204)
сент. 19, 2025 6:42:49 PM webapp.storage.AbstractStorage save
INFO: &amp#27;[32mSave 6998d7e5-3d5d-4175-b673-f0e3c4cfa3f6(uuid3205)
сент. 19, 2025 6:42:49 PM webapp.storage.AbstractStorage save
INFO: &amp#27;[32mSave cef522e9-63d4-4988-b93f-5e233c759cb2(uuid3206)
сент. 19, 2025 6:42:49 PM webapp.storage.AbstractStorage save
INFO: &amp#27;[32mSave 0a72daaf-3bf3-4a0c-bdf4-608d6b50f6db(uuid3207)
сент. 19, 2025 6:42:49 PM webapp.storage.AbstractStorage save
INFO: &amp#27;[32mSave 1f825c72-94d9-494f-95ea-ed2b698f501f(uuid3208)
сент. 19, 2025 6:42:49 PM webapp.storage.AbstractStorage save
INFO: &amp#27;[32mSave b8090051-d84a-4dbc-b77b-30e9eec1e3b9(uuid3209)
сент. 19, 2025 6:42:49 PM webapp.storage.AbstractStorage save
INFO: &amp#27;[32mSave 30f968d7-78d4-48a6-9401-b0b2ead04ce0(uuid3210)
сент. 19, 2025 6:42:49 PM webapp.storage.AbstractStorage save
INFO: &amp#27;[32mSave 7d546d33-52b7-4af3-b4c7-459846719854(uuid3211)
сент. 19, 2025 6:42:49 PM webapp.storage.AbstractStorage save
INFO: &amp#27;[32mSave 4e45cfba-a686-4b86-910a-244da33de029(uuid3212)
сент. 19, 2025 6:42:49 PM webapp.storage.AbstractStorage save
INFO: &amp#27;[32mSave 86b11624-2158-408c-9432-eac2401d656c(uuid3213)
сент. 19, 2025 6:42:49 PM webapp.storage.AbstractStorage save
INFO: &amp#27;[32mSave a21e0b06-f9dc-40de-a122-ed1887852464(uuid3214)
сент. 19, 2025 6:42:49 PM webapp.storage.AbstractStorage save
INFO: &amp#27;[32mSave 9384052f-1390-46e8-b590-24037a8019e6(uuid3215)
сент. 19, 2025 6:42:49 PM webapp.storage.AbstractStorage save
INFO: &amp#27;[32mSave 9e6ea20f-bde7-47e3-8982-e86f6b74b012(uuid3216)
сент. 19, 2025 6:42:49 PM webapp.storage.AbstractStorage save
INFO: &amp#27;[32mSave 616f796f-d58a-42e9-b419-415c86ff05a0(uuid3217)
сент. 19, 2025 6:42:49 PM webapp.storage.AbstractStorage save
INFO: &amp#27;[32mSave f6d81fb2-fbaf-4634-a24c-23f7f8740af4(uuid3218)
сент. 19, 2025 6:42:49 PM webapp.storage.AbstractStorage save
INFO: &amp#27;[32mSave 156a2479-b9d9-4e44-9aaf-10ada8b02867(uuid3219)
сент. 19, 2025 6:42:49 PM webapp.storage.AbstractStorage save
INFO: &amp#27;[32mSave 7f5630bf-ee73-416d-8e88-729fa7cb9b9b(uuid3220)
сент. 19, 2025 6:42:49 PM webapp.storage.AbstractStorage save
INFO: &amp#27;[32mSave 7924f4e2-8656-4108-95a5-e4edeb137c84(uuid3221)
сент. 19, 2025 6:42:49 PM webapp.storage.AbstractStorage save
INFO: &amp#27;[32mSave 88707b85-8c51-48a6-830e-5efe5673e359(uuid3222)
сент. 19, 2025 6:42:49 PM webapp.storage.AbstractStorage save
INFO: &amp#27;[32mSave dc090c0d-844a-4681-9816-eb36fa79ea09(uuid3223)
сент. 19, 2025 6:42:49 PM webapp.storage.AbstractStorage save
INFO: &amp#27;[32mSave ff88cd46-519d-4b27-b113-543a3fa2f7fe(uuid3224)
сент. 19, 2025 6:42:49 PM webapp.storage.AbstractStorage save
INFO: &amp#27;[32mSave 81845042-02e1-4043-8162-fe445d3d3b32(uuid3225)
сент. 19, 2025 6:42:49 PM webapp.storage.AbstractStorage save
INFO: &amp#27;[32mSave f29ca9f6-6f46-49ea-993e-3af610d8f689(uuid3226)
сент. 19, 2025 6:42:49 PM webapp.storage.AbstractStorage save
INFO: &amp#27;[32mSave 55bf8ff2-178b-465e-9797-eafec7e60e94(uuid3227)
сент. 19, 2025 6:42:49 PM webapp.storage.AbstractStorage save
INFO: &amp#27;[32mSave 2ef3b753-8819-47b0-b4ab-10bf7b2d9a90(uuid3228)
сент. 19, 2025 6:42:49 PM webapp.storage.AbstractStorage save
INFO: &amp#27;[32mSave 9c28fd56-19dc-4136-8fd2-680465f9c19c(uuid3229)
сент. 19, 2025 6:42:49 PM webapp.storage.AbstractStorage save
INFO: &amp#27;[32mSave bf590d9b-c866-4ff8-ae1d-71cd1a41653a(uuid3230)
сент. 19, 2025 6:42:49 PM webapp.storage.AbstractStorage save
INFO: &amp#27;[32mSave 13ae9199-2e7b-4e2a-9e1c-5e78b3b2fd71(uuid3231)
сент. 19, 2025 6:42:49 PM webapp.storage.AbstractStorage save
INFO: &amp#27;[32mSave 121e0a1b-8fc8-4c87-9d3b-435043d2f1e4(uuid3232)
сент. 19, 2025 6:42:49 PM webapp.storage.AbstractStorage save
INFO: &amp#27;[32mSave f2482833-c816-482e-b6b4-50a0174daa85(uuid3233)
сент. 19, 2025 6:42:49 PM webapp.storage.AbstractStorage save
INFO: &amp#27;[32mSave 25a70579-1f22-4411-b496-654c27488ea2(uuid3234)
сент. 19, 2025 6:42:49 PM webapp.storage.AbstractStorage save
INFO: &amp#27;[32mSave 2afb86bc-2090-4d13-a909-7a6604fbb340(uuid3235)
сент. 19, 2025 6:42:49 PM webapp.storage.AbstractStorage save
INFO: &amp#27;[32mSave f326edf8-32c8-468a-9175-bb4c088cb9e6(uuid3236)
сент. 19, 2025 6:42:49 PM webapp.storage.AbstractStorage save
INFO: &amp#27;[32mSave b3d2298b-db62-4b3a-ba28-78cbf0334496(uuid3237)
сент. 19, 2025 6:42:49 PM webapp.storage.AbstractStorage save
INFO: &amp#27;[32mSave a00afeb6-dd06-48f2-8907-fd496df9a009(uuid3238)
сент. 19, 2025 6:42:49 PM webapp.storage.AbstractStorage save
INFO: &amp#27;[32mSave d4090b1a-219f-4354-81b6-358faf925a40(uuid3239)
сент. 19, 2025 6:42:49 PM webapp.storage.AbstractStorage save
INFO: &amp#27;[32mSave a4845228-535b-45e6-9b50-59b51a8878b9(uuid3240)
сент. 19, 2025 6:42:49 PM webapp.storage.AbstractStorage save
INFO: &amp#27;[32mSave 46cc2faf-ddc0-4e98-adbe-ad53e0afea3e(uuid3241)
сент. 19, 2025 6:42:49 PM webapp.storage.AbstractStorage save
INFO: &amp#27;[32mSave 07461e80-cc5e-4472-881d-d8e1a9424e36(uuid3242)
сент. 19, 2025 6:42:49 PM webapp.storage.AbstractStorage save
INFO: &amp#27;[32mSave 23fa54be-b078-429f-a104-8318393d9417(uuid3243)
сент. 19, 2025 6:42:49 PM webapp.storage.AbstractStorage save
INFO: &amp#27;[32mSave d4c340aa-831a-4459-9aa2-0f0143c8e3cb(uuid3244)
сент. 19, 2025 6:42:49 PM webapp.storage.AbstractStorage save
INFO: &amp#27;[32mSave 72fa3a8b-48be-41e7-8027-32ebcaea085b(uuid3245)
сент. 19, 2025 6:42:49 PM webapp.storage.AbstractStorage save
INFO: &amp#27;[32mSave 0aee7af1-b432-47f0-897a-0bfa0e65e1bc(uuid3246)
сент. 19, 2025 6:42:49 PM webapp.storage.AbstractStorage save
INFO: &amp#27;[32mSave fcee2c88-aadc-404f-a7f2-9eaca9bb0d9e(uuid3247)
сент. 19, 2025 6:42:49 PM webapp.storage.AbstractStorage save
INFO: &amp#27;[32mSave 6905d7d2-2e75-43d8-832e-cdc293886dbb(uuid3248)
сент. 19, 2025 6:42:49 PM webapp.storage.AbstractStorage save
INFO: &amp#27;[32mSave 6e6ed462-e91c-4365-9171-f717f8e5b518(uuid3249)
сент. 19, 2025 6:42:49 PM webapp.storage.AbstractStorage save
INFO: &amp#27;[32mSave e0079d1b-b628-4527-bb08-ff969038464e(uuid3250)
сент. 19, 2025 6:42:49 PM webapp.storage.AbstractStorage save
INFO: &amp#27;[32mSave e742fb44-f226-4752-9f11-7b7d4302cd0e(uuid3251)
сент. 19, 2025 6:42:49 PM webapp.storage.AbstractStorage save
INFO: &amp#27;[32mSave 4a23511f-0696-4eac-9eb7-54e3d4f71a80(uuid3252)
сент. 19, 2025 6:42:49 PM webapp.storage.AbstractStorage save
INFO: &amp#27;[32mSave bfd7fac5-cb5f-42ec-b100-b3a3bc5b8b6c(uuid3253)
сент. 19, 2025 6:42:49 PM webapp.storage.AbstractStorage save
INFO: &amp#27;[32mSave d5a36230-cf05-4ff0-bac2-8770598876f0(uuid3254)
сент. 19, 2025 6:42:49 PM webapp.storage.AbstractStorage save
INFO: &amp#27;[32mSave aa53633c-63a1-449e-ab4c-69f8bcf0c6ad(uuid3255)
сент. 19, 2025 6:42:49 PM webapp.storage.AbstractStorage save
INFO: &amp#27;[32mSave 730622f3-2b35-4869-8fa5-47a7f02d2325(uuid3256)
сент. 19, 2025 6:42:49 PM webapp.storage.AbstractStorage save
INFO: &amp#27;[32mSave e85fa125-7a95-41ec-8650-b5ab02b79e2c(uuid3257)
сент. 19, 2025 6:42:49 PM webapp.storage.AbstractStorage save
INFO: &amp#27;[32mSave 70240f3a-d022-4241-a678-57c7296fc019(uuid3258)
сент. 19, 2025 6:42:49 PM webapp.storage.AbstractStorage save
INFO: &amp#27;[32mSave 72407721-9385-4bf6-8a1c-7889eb9fd5cb(uuid3259)
сент. 19, 2025 6:42:49 PM webapp.storage.AbstractStorage save
INFO: &amp#27;[32mSave b438fb34-8140-4f64-87f9-de0e77f903e9(uuid3260)
сент. 19, 2025 6:42:49 PM webapp.storage.AbstractStorage save
INFO: &amp#27;[32mSave 4c72948c-33c9-4be9-9462-985e5682be78(uuid3261)
сент. 19, 2025 6:42:49 PM webapp.storage.AbstractStorage save
INFO: &amp#27;[32mSave 01c86098-99d1-4cac-91e5-df5707e89872(uuid3262)
сент. 19, 2025 6:42:49 PM webapp.storage.AbstractStorage save
INFO: &amp#27;[32mSave 94beb3d9-0fd5-4e2e-bb2b-cf2377d880fa(uuid3263)
сент. 19, 2025 6:42:49 PM webapp.storage.AbstractStorage save
INFO: &amp#27;[32mSave 6f35a194-0993-43e4-a74b-35004b9ad7a1(uuid3264)
сент. 19, 2025 6:42:49 PM webapp.storage.AbstractStorage save
INFO: &amp#27;[32mSave 728ebaf4-abb8-4688-ac12-5286f89a324c(uuid3265)
сент. 19, 2025 6:42:49 PM webapp.storage.AbstractStorage save
INFO: &amp#27;[32mSave 4790faa9-06b9-4910-84c4-30f7c1b4359c(uuid3266)
сент. 19, 2025 6:42:49 PM webapp.storage.AbstractStorage save
INFO: &amp#27;[32mSave 3813871e-8ce9-4037-a347-b476b1f12a2b(uuid3267)
сент. 19, 2025 6:42:49 PM webapp.storage.AbstractStorage save
INFO: &amp#27;[32mSave b19e1ed1-acac-4c68-8b10-8cb1b289ec68(uuid3268)
сент. 19, 2025 6:42:49 PM webapp.storage.AbstractStorage save
INFO: &amp#27;[32mSave 8701e128-411e-4078-8f26-e21e880f988a(uuid3269)
сент. 19, 2025 6:42:49 PM webapp.storage.AbstractStorage save
INFO: &amp#27;[32mSave 6ca2d713-f653-4897-8b24-b6e61b0902d5(uuid3270)
сент. 19, 2025 6:42:49 PM webapp.storage.AbstractStorage save
INFO: &amp#27;[32mSave a2fd5934-94a1-419e-bbc7-9d3348b261d1(uuid3271)
сент. 19, 2025 6:42:49 PM webapp.storage.AbstractStorage save
INFO: &amp#27;[32mSave 92cdb05e-cc4d-45c1-980a-a0a95748ac93(uuid3272)
сент. 19, 2025 6:42:49 PM webapp.storage.AbstractStorage save
INFO: &amp#27;[32mSave 294eeea0-e325-46f5-8511-c2c684419df7(uuid3273)
сент. 19, 2025 6:42:49 PM webapp.storage.AbstractStorage save
INFO: &amp#27;[32mSave a645ded9-221f-495a-bc08-089a39f94a83(uuid3274)
сент. 19, 2025 6:42:49 PM webapp.storage.AbstractStorage save
INFO: &amp#27;[32mSave 2a2ae93a-7703-4eb5-a239-c1899bebb3e8(uuid3275)
сент. 19, 2025 6:42:49 PM webapp.storage.AbstractStorage save
INFO: &amp#27;[32mSave eede39b6-b920-45b9-a6db-38001d1fbd81(uuid3276)
сент. 19, 2025 6:42:49 PM webapp.storage.AbstractStorage save
INFO: &amp#27;[32mSave 331bb6e4-c5f1-4f1d-be54-22673de73489(uuid3277)
сент. 19, 2025 6:42:49 PM webapp.storage.AbstractStorage save
INFO: &amp#27;[32mSave 8a84b55d-5fda-46fd-8774-365af8c2811a(uuid3278)
сент. 19, 2025 6:42:49 PM webapp.storage.AbstractStorage save
INFO: &amp#27;[32mSave 475bf81c-281f-4b77-901e-78523072e253(uuid3279)
сент. 19, 2025 6:42:49 PM webapp.storage.AbstractStorage save
INFO: &amp#27;[32mSave f33eb028-1c62-4241-b617-77648d4b1b5b(uuid3280)
сент. 19, 2025 6:42:49 PM webapp.storage.AbstractStorage save
INFO: &amp#27;[32mSave 570171b4-49a7-4dc7-a303-454991fc1987(uuid3281)
сент. 19, 2025 6:42:49 PM webapp.storage.AbstractStorage save
INFO: &amp#27;[32mSave b8f046f4-b6ec-43d4-8850-d2a67b471bea(uuid3282)
сент. 19, 2025 6:42:49 PM webapp.storage.AbstractStorage save
INFO: &amp#27;[32mSave 3afb419b-d4b7-4c27-91c8-7c966856145a(uuid3283)
сент. 19, 2025 6:42:49 PM webapp.storage.AbstractStorage save
INFO: &amp#27;[32mSave 93019274-101b-4e4b-8116-db22e17ba00e(uuid3284)
сент. 19, 2025 6:42:49 PM webapp.storage.AbstractStorage save
INFO: &amp#27;[32mSave 05d52820-a8a8-4fc8-b50d-38d469a43325(uuid3285)
сент. 19, 2025 6:42:49 PM webapp.storage.AbstractStorage save
INFO: &amp#27;[32mSave c2fe39ed-d614-44e6-8f3c-474f3ccd912d(uuid3286)
сент. 19, 2025 6:42:49 PM webapp.storage.AbstractStorage save
INFO: &amp#27;[32mSave 1e22b8b7-dc69-4d1f-8d12-28f313ab8be1(uuid3287)
сент. 19, 2025 6:42:49 PM webapp.storage.AbstractStorage save
INFO: &amp#27;[32mSave 62ba2757-dea2-4d9c-add2-b8758556c2a2(uuid3288)
сент. 19, 2025 6:42:49 PM webapp.storage.AbstractStorage save
INFO: &amp#27;[32mSave aa8101a4-fd45-4fc5-8047-c0d0f9014f2c(uuid3289)
сент. 19, 2025 6:42:49 PM webapp.storage.AbstractStorage save
INFO: &amp#27;[32mSave ada80d34-d6d5-4240-aac8-37cc2d17f0e8(uuid3290)
сент. 19, 2025 6:42:49 PM webapp.storage.AbstractStorage save
INFO: &amp#27;[32mSave 3f450a6e-c659-4ac5-bbb7-b7697dd83eed(uuid3291)
сент. 19, 2025 6:42:49 PM webapp.storage.AbstractStorage save
INFO: &amp#27;[32mSave 2dd8e175-d3c2-492d-9952-ad5a59ce171a(uuid3292)
сент. 19, 2025 6:42:49 PM webapp.storage.AbstractStorage save
INFO: &amp#27;[32mSave 8adb4284-fe8c-4006-90f9-1bd10856076a(uuid3293)
сент. 19, 2025 6:42:49 PM webapp.storage.AbstractStorage save
INFO: &amp#27;[32mSave 52632d72-de1d-448b-b15a-608842e47394(uuid3294)
сент. 19, 2025 6:42:49 PM webapp.storage.AbstractStorage save
INFO: &amp#27;[32mSave cd3202e7-f327-405e-aadf-c5c4ad438ba4(uuid3295)
сент. 19, 2025 6:42:49 PM webapp.storage.AbstractStorage save
INFO: &amp#27;[32mSave ca6ef006-25a7-443c-9498-298b017915f2(uuid3296)
сент. 19, 2025 6:42:49 PM webapp.storage.AbstractStorage save
INFO: &amp#27;[32mSave ce371ae5-6e61-469f-8ea2-5843204cfd96(uuid3297)
сент. 19, 2025 6:42:49 PM webapp.storage.AbstractStorage save
INFO: &amp#27;[32mSave 0228f43b-26f0-4bf4-982a-6514704d1485(uuid3298)
сент. 19, 2025 6:42:49 PM webapp.storage.AbstractStorage save
INFO: &amp#27;[32mSave fb5b72be-5070-4729-8414-5564baea650a(uuid3299)
сент. 19, 2025 6:42:49 PM webapp.storage.AbstractStorage save
INFO: &amp#27;[32mSave caa7252e-dad5-4a27-b02e-6bd6147c0011(uuid3300)
сент. 19, 2025 6:42:49 PM webapp.storage.AbstractStorage save
INFO: &amp#27;[32mSave c1705859-0129-4f65-b03d-ec0f0fd2b1ae(uuid3301)
сент. 19, 2025 6:42:49 PM webapp.storage.AbstractStorage save
INFO: &amp#27;[32mSave 792315c2-ee1a-49f4-b0ad-e21afe968234(uuid3302)
сент. 19, 2025 6:42:49 PM webapp.storage.AbstractStorage save
INFO: &amp#27;[32mSave 326751c4-eb9d-4ede-b7c7-583d4ddef55e(uuid3303)
сент. 19, 2025 6:42:49 PM webapp.storage.AbstractStorage save
INFO: &amp#27;[32mSave 2b1bfeb9-5acb-45a8-9da0-2233cca3cb45(uuid3304)
сент. 19, 2025 6:42:49 PM webapp.storage.AbstractStorage save
INFO: &amp#27;[32mSave 6543f975-9f73-4b06-8b2e-4db4393814c4(uuid3305)
сент. 19, 2025 6:42:49 PM webapp.storage.AbstractStorage save
INFO: &amp#27;[32mSave e62e40c9-4ac3-4fea-a771-9d0a6c980d84(uuid3306)
сент. 19, 2025 6:42:49 PM webapp.storage.AbstractStorage save
INFO: &amp#27;[32mSave 69b42e68-933d-47e8-8745-a1857e9f215b(uuid3307)
сент. 19, 2025 6:42:49 PM webapp.storage.AbstractStorage save
INFO: &amp#27;[32mSave 35620680-2991-4461-bca1-005e3393b801(uuid3308)
сент. 19, 2025 6:42:49 PM webapp.storage.AbstractStorage save
INFO: &amp#27;[32mSave 82be1cd7-d131-4c3c-af8e-9f6e9958672c(uuid3309)
сент. 19, 2025 6:42:49 PM webapp.storage.AbstractStorage save
INFO: &amp#27;[32mSave e114b48c-9d97-4729-90fc-ef9d60ede650(uuid3310)
сент. 19, 2025 6:42:49 PM webapp.storage.AbstractStorage save
INFO: &amp#27;[32mSave 41b5a3e2-d23a-4c63-bc9d-fe14c04bf5b0(uuid3311)
сент. 19, 2025 6:42:49 PM webapp.storage.AbstractStorage save
INFO: &amp#27;[32mSave 08333157-e6b4-43c5-8acb-3bbb9e14b81f(uuid3312)
сент. 19, 2025 6:42:49 PM webapp.storage.AbstractStorage save
INFO: &amp#27;[32mSave b8d6febf-4541-4ffc-8361-ac5c93a7b871(uuid3313)
сент. 19, 2025 6:42:49 PM webapp.storage.AbstractStorage save
INFO: &amp#27;[32mSave 5a000c13-0917-4c90-ac82-3a498e216c81(uuid3314)
сент. 19, 2025 6:42:49 PM webapp.storage.AbstractStorage save
INFO: &amp#27;[32mSave f3085522-305f-41ab-8446-aba60b9b2236(uuid3315)
сент. 19, 2025 6:42:49 PM webapp.storage.AbstractStorage save
INFO: &amp#27;[32mSave c50914ae-cc78-4114-b15b-b5d378094b25(uuid3316)
сент. 19, 2025 6:42:49 PM webapp.storage.AbstractStorage save
INFO: &amp#27;[32mSave 567c87b3-8204-414a-84ad-2e75ae4d656a(uuid3317)
сент. 19, 2025 6:42:49 PM webapp.storage.AbstractStorage save
INFO: &amp#27;[32mSave 116fd7e2-aeee-4c87-9c7a-036f0f23d863(uuid3318)
сент. 19, 2025 6:42:49 PM webapp.storage.AbstractStorage save
INFO: &amp#27;[32mSave 8cc4f922-9c9c-45a7-8ea0-f98150162f56(uuid3319)
сент. 19, 2025 6:42:49 PM webapp.storage.AbstractStorage save
INFO: &amp#27;[32mSave 554e69f6-1f33-4f4e-acdc-569743000725(uuid3320)
сент. 19, 2025 6:42:49 PM webapp.storage.AbstractStorage save
INFO: &amp#27;[32mSave 0ea0b66e-1d35-49e9-ba6a-f7d34ada0d75(uuid3321)
сент. 19, 2025 6:42:49 PM webapp.storage.AbstractStorage save
INFO: &amp#27;[32mSave 7d44c6d6-0396-41da-85bc-df36a7284111(uuid3322)
сент. 19, 2025 6:42:49 PM webapp.storage.AbstractStorage save
INFO: &amp#27;[32mSave 2eea1b90-b092-4a2e-9bfa-e56c248c7e9c(uuid3323)
сент. 19, 2025 6:42:49 PM webapp.storage.AbstractStorage save
INFO: &amp#27;[32mSave 997ecf88-1e33-4260-b061-805ae9ea4a1d(uuid3324)
сент. 19, 2025 6:42:49 PM webapp.storage.AbstractStorage save
INFO: &amp#27;[32mSave 7316bb41-0217-4afe-9a79-8d92e03914ae(uuid3325)
сент. 19, 2025 6:42:49 PM webapp.storage.AbstractStorage save
INFO: &amp#27;[32mSave 6f123e95-c325-4a67-ac94-5e244c1984eb(uuid3326)
сент. 19, 2025 6:42:49 PM webapp.storage.AbstractStorage save
INFO: &amp#27;[32mSave ef52397f-954d-44c6-8031-6e56991e893d(uuid3327)
сент. 19, 2025 6:42:49 PM webapp.storage.AbstractStorage save
INFO: &amp#27;[32mSave b0aae5a7-aea8-4dd6-a935-77bc20340449(uuid3328)
сент. 19, 2025 6:42:49 PM webapp.storage.AbstractStorage save
INFO: &amp#27;[32mSave f145272e-0022-4804-966b-849787a0ff28(uuid3329)
сент. 19, 2025 6:42:49 PM webapp.storage.AbstractStorage save
INFO: &amp#27;[32mSave e0558cef-a2e0-4611-a93a-7e1c1ef15e03(uuid3330)
сент. 19, 2025 6:42:49 PM webapp.storage.AbstractStorage save
INFO: &amp#27;[32mSave 7fed4766-6af7-4ba3-bfff-780c90c28f55(uuid3331)
сент. 19, 2025 6:42:49 PM webapp.storage.AbstractStorage save
INFO: &amp#27;[32mSave 83770356-74e3-402d-95f2-f1cce97d32d8(uuid3332)
сент. 19, 2025 6:42:49 PM webapp.storage.AbstractStorage save
INFO: &amp#27;[32mSave bbfd2d1a-193e-4318-a340-b49bd51d4285(uuid3333)
сент. 19, 2025 6:42:49 PM webapp.storage.AbstractStorage save
INFO: &amp#27;[32mSave 76177b45-d25c-4410-a2a2-922cac0a51a4(uuid3334)
сент. 19, 2025 6:42:49 PM webapp.storage.AbstractStorage save
INFO: &amp#27;[32mSave 9c12b36c-f2da-4e60-a19e-8c2da43f6fe3(uuid3335)
сент. 19, 2025 6:42:49 PM webapp.storage.AbstractStorage save
INFO: &amp#27;[32mSave a87c3a70-b39b-486b-ae87-5374f4a07691(uuid3336)
сент. 19, 2025 6:42:49 PM webapp.storage.AbstractStorage save
INFO: &amp#27;[32mSave aba96d14-a3ad-41f5-a31b-0f343de16948(uuid3337)
сент. 19, 2025 6:42:49 PM webapp.storage.AbstractStorage save
INFO: &amp#27;[32mSave 5917df45-4daf-47f4-833b-cd1b56c7a268(uuid3338)
сент. 19, 2025 6:42:49 PM webapp.storage.AbstractStorage save
INFO: &amp#27;[32mSave 41f15981-694c-48ce-9771-7ec4880604a0(uuid3339)
сент. 19, 2025 6:42:49 PM webapp.storage.AbstractStorage save
INFO: &amp#27;[32mSave d8b86847-48b3-448c-898c-e8e93295b3aa(uuid3340)
сент. 19, 2025 6:42:49 PM webapp.storage.AbstractStorage save
INFO: &amp#27;[32mSave 2559d039-3ff0-4c14-aef4-3109cd2c3855(uuid3341)
сент. 19, 2025 6:42:49 PM webapp.storage.AbstractStorage save
INFO: &amp#27;[32mSave efe51a93-8973-45d0-8807-af29ee37c408(uuid3342)
сент. 19, 2025 6:42:49 PM webapp.storage.AbstractStorage save
INFO: &amp#27;[32mSave e69b9598-7cd1-430a-96b8-747104574107(uuid3343)
сент. 19, 2025 6:42:49 PM webapp.storage.AbstractStorage save
INFO: &amp#27;[32mSave 1fe27c6e-bd53-48a1-b62f-7f6f6d76f98b(uuid3344)
сент. 19, 2025 6:42:49 PM webapp.storage.AbstractStorage save
INFO: &amp#27;[32mSave 08c1d6a7-c664-4846-91d9-c0d58ea87114(uuid3345)
сент. 19, 2025 6:42:49 PM webapp.storage.AbstractStorage save
INFO: &amp#27;[32mSave 92bb793e-169d-4c54-be42-8be72594d12f(uuid3346)
сент. 19, 2025 6:42:49 PM webapp.storage.AbstractStorage save
INFO: &amp#27;[32mSave a4d85b58-d197-41c8-bcf6-109dcfd72205(uuid3347)
сент. 19, 2025 6:42:49 PM webapp.storage.AbstractStorage save
INFO: &amp#27;[32mSave a5daeb2c-16e0-4bfb-91a9-f2fb44e3524e(uuid3348)
сент. 19, 2025 6:42:49 PM webapp.storage.AbstractStorage save
INFO: &amp#27;[32mSave 735b712d-527d-44c7-b03f-d1c65a6d4abc(uuid3349)
сент. 19, 2025 6:42:49 PM webapp.storage.AbstractStorage save
INFO: &amp#27;[32mSave 47ab28a0-6f86-4b0d-ba53-eb7f05afd372(uuid3350)
сент. 19, 2025 6:42:49 PM webapp.storage.AbstractStorage save
INFO: &amp#27;[32mSave a95c6fd6-3108-4b9a-9386-c3bd65139123(uuid3351)
сент. 19, 2025 6:42:49 PM webapp.storage.AbstractStorage save
INFO: &amp#27;[32mSave 60d7639f-6374-4690-a8e5-84d3c68bd41a(uuid3352)
сент. 19, 2025 6:42:49 PM webapp.storage.AbstractStorage save
INFO: &amp#27;[32mSave b98235cc-8ba9-4102-94ee-d91a3d251ad7(uuid3353)
сент. 19, 2025 6:42:49 PM webapp.storage.AbstractStorage save
INFO: &amp#27;[32mSave 4251dfa5-cce7-4a0f-a80e-9a81410f9a9e(uuid3354)
сент. 19, 2025 6:42:49 PM webapp.storage.AbstractStorage save
INFO: &amp#27;[32mSave 9d09ca15-36a1-4917-be17-40c0205a29bc(uuid3355)
сент. 19, 2025 6:42:49 PM webapp.storage.AbstractStorage save
INFO: &amp#27;[32mSave dc275ad4-e025-474b-85e0-e48804fd5a32(uuid3356)
сент. 19, 2025 6:42:49 PM webapp.storage.AbstractStorage save
INFO: &amp#27;[32mSave e0288745-8768-405e-8268-18ad61f65a18(uuid3357)
сент. 19, 2025 6:42:49 PM webapp.storage.AbstractStorage save
INFO: &amp#27;[32mSave d3c17972-16a3-420a-9c4f-29819bce9708(uuid3358)
сент. 19, 2025 6:42:49 PM webapp.storage.AbstractStorage save
INFO: &amp#27;[32mSave 52f557f7-7bf6-41f6-8d95-bdde948d40df(uuid3359)
сент. 19, 2025 6:42:49 PM webapp.storage.AbstractStorage save
INFO: &amp#27;[32mSave 7e4f0b0e-2571-46d6-b44e-8bdcfbf05644(uuid3360)
сент. 19, 2025 6:42:49 PM webapp.storage.AbstractStorage save
INFO: &amp#27;[32mSave b2f9e674-1c99-4004-b9a3-ce21065263e0(uuid3361)
сент. 19, 2025 6:42:49 PM webapp.storage.AbstractStorage save
INFO: &amp#27;[32mSave 781a4b9c-ec10-455f-89dc-6d5916d43da8(uuid3362)
сент. 19, 2025 6:42:49 PM webapp.storage.AbstractStorage save
INFO: &amp#27;[32mSave 2c78aa05-7218-4a0a-aba2-4ee629e0514b(uuid3363)
сент. 19, 2025 6:42:49 PM webapp.storage.AbstractStorage save
INFO: &amp#27;[32mSave 5970d5b0-e17c-4102-86d7-8ce7e2a93721(uuid3364)
сент. 19, 2025 6:42:49 PM webapp.storage.AbstractStorage save
INFO: &amp#27;[32mSave ab0de887-16b4-4a3d-b19c-e12d59b9d1f6(uuid3365)
сент. 19, 2025 6:42:49 PM webapp.storage.AbstractStorage save
INFO: &amp#27;[32mSave 84c6d275-31c2-43a6-ba00-85b61e3e7a22(uuid3366)
сент. 19, 2025 6:42:49 PM webapp.storage.AbstractStorage save
INFO: &amp#27;[32mSave 0c937521-4111-40d4-ad47-63e86d168f3e(uuid3367)
сент. 19, 2025 6:42:49 PM webapp.storage.AbstractStorage save
INFO: &amp#27;[32mSave b243a59d-210b-4c40-bf52-c0310aaa119a(uuid3368)
сент. 19, 2025 6:42:49 PM webapp.storage.AbstractStorage save
INFO: &amp#27;[32mSave 9049a566-c16c-41e6-b4b2-c9d0dfbcc1f6(uuid3369)
сент. 19, 2025 6:42:49 PM webapp.storage.AbstractStorage save
INFO: &amp#27;[32mSave 46c11f0f-dfb6-467c-9dd0-5e26e353c33a(uuid3370)
сент. 19, 2025 6:42:49 PM webapp.storage.AbstractStorage save
INFO: &amp#27;[32mSave 2144cc06-4168-4217-a18b-02a454809492(uuid3371)
сент. 19, 2025 6:42:49 PM webapp.storage.AbstractStorage save
INFO: &amp#27;[32mSave ff7130f4-c239-4b05-8deb-a509575cb442(uuid3372)
сент. 19, 2025 6:42:49 PM webapp.storage.AbstractStorage save
INFO: &amp#27;[32mSave 9036cbd7-4894-42a3-a664-701cbb530a87(uuid3373)
сент. 19, 2025 6:42:49 PM webapp.storage.AbstractStorage save
INFO: &amp#27;[32mSave 46d46c3f-e131-41f8-84bd-dc03b75234c3(uuid3374)
сент. 19, 2025 6:42:49 PM webapp.storage.AbstractStorage save
INFO: &amp#27;[32mSave 876e1b83-9789-425f-b2b7-860d8f736420(uuid3375)
сент. 19, 2025 6:42:49 PM webapp.storage.AbstractStorage save
INFO: &amp#27;[32mSave ee627cdb-dcac-498e-8b44-79083e9ce7da(uuid3376)
сент. 19, 2025 6:42:49 PM webapp.storage.AbstractStorage save
INFO: &amp#27;[32mSave 74aac5cd-2248-48df-a202-dff41af7d754(uuid3377)
сент. 19, 2025 6:42:49 PM webapp.storage.AbstractStorage save
INFO: &amp#27;[32mSave 2a7a6040-6fc3-4e5e-9bcd-4d50998129e8(uuid3378)
сент. 19, 2025 6:42:49 PM webapp.storage.AbstractStorage save
INFO: &amp#27;[32mSave 0519b92b-8091-4571-9092-86f9a3200446(uuid3379)
сент. 19, 2025 6:42:49 PM webapp.storage.AbstractStorage save
INFO: &amp#27;[32mSave b4cb306c-1bcc-4e1c-8e1f-33633e902971(uuid3380)
сент. 19, 2025 6:42:49 PM webapp.storage.AbstractStorage save
INFO: &amp#27;[32mSave 00274617-36fe-4186-afee-fd189e8c9f91(uuid3381)
сент. 19, 2025 6:42:49 PM webapp.storage.AbstractStorage save
INFO: &amp#27;[32mSave 1fd5ee38-0c16-4086-bec6-c718c523db5c(uuid3382)
сент. 19, 2025 6:42:49 PM webapp.storage.AbstractStorage save
INFO: &amp#27;[32mSave 47afbbb8-f40c-429a-b5cb-8835aa9deb26(uuid3383)
сент. 19, 2025 6:42:49 PM webapp.storage.AbstractStorage save
INFO: &amp#27;[32mSave 4b6a4b37-fc7f-45ca-976d-786046f8ed8a(uuid3384)
сент. 19, 2025 6:42:49 PM webapp.storage.AbstractStorage save
INFO: &amp#27;[32mSave a0503933-8628-400d-a34e-fd33328de458(uuid3385)
сент. 19, 2025 6:42:49 PM webapp.storage.AbstractStorage save
INFO: &amp#27;[32mSave 2c2a61b1-7eed-49c0-aac1-43ca58688782(uuid3386)
сент. 19, 2025 6:42:49 PM webapp.storage.AbstractStorage save
INFO: &amp#27;[32mSave e8ce2557-47ba-49f6-9f41-79bdcfa46bf6(uuid3387)
сент. 19, 2025 6:42:49 PM webapp.storage.AbstractStorage save
INFO: &amp#27;[32mSave c9cd07a9-2e91-4a94-b74a-940e6f25b559(uuid3388)
сент. 19, 2025 6:42:49 PM webapp.storage.AbstractStorage save
INFO: &amp#27;[32mSave 219a5d60-8932-457c-9e21-d23f566b8fa4(uuid3389)
сент. 19, 2025 6:42:49 PM webapp.storage.AbstractStorage save
INFO: &amp#27;[32mSave 25cd4002-9ea5-43f6-995b-b29c0b144d5e(uuid3390)
сент. 19, 2025 6:42:49 PM webapp.storage.AbstractStorage save
INFO: &amp#27;[32mSave f0994bc8-3add-4c8f-b837-9fa77638bb07(uuid3391)
сент. 19, 2025 6:42:49 PM webapp.storage.AbstractStorage save
INFO: &amp#27;[32mSave 328c3372-f2b5-4124-9654-47fb9bd3fcbf(uuid3392)
сент. 19, 2025 6:42:49 PM webapp.storage.AbstractStorage save
INFO: &amp#27;[32mSave 0d6ced42-bd6c-467e-b37b-69d6e817fa86(uuid3393)
сент. 19, 2025 6:42:49 PM webapp.storage.AbstractStorage save
INFO: &amp#27;[32mSave ee81c7e3-0283-42f5-9534-86d21ba7e3eb(uuid3394)
сент. 19, 2025 6:42:49 PM webapp.storage.AbstractStorage save
INFO: &amp#27;[32mSave 296dddff-ebc9-4ac7-aba6-f82708048024(uuid3395)
сент. 19, 2025 6:42:49 PM webapp.storage.AbstractStorage save
INFO: &amp#27;[32mSave 61e2da8c-5eac-4bcf-bbc7-c1e17622137b(uuid3396)
сент. 19, 2025 6:42:49 PM webapp.storage.AbstractStorage save
INFO: &amp#27;[32mSave 720cad7c-33ef-4646-aa1a-fc19b55f7eda(uuid3397)
сент. 19, 2025 6:42:49 PM webapp.storage.AbstractStorage save
INFO: &amp#27;[32mSave e99030f2-b73a-4157-85a3-7a24935aab4f(uuid3398)
сент. 19, 2025 6:42:49 PM webapp.storage.AbstractStorage save
INFO: &amp#27;[32mSave c16c4fb4-1a23-4be0-be75-ad3ae9a8bbd5(uuid3399)
сент. 19, 2025 6:42:49 PM webapp.storage.AbstractStorage save
INFO: &amp#27;[32mSave d8ba54e4-db21-4453-91e0-d32c055cacba(uuid3400)
сент. 19, 2025 6:42:49 PM webapp.storage.AbstractStorage save
INFO: &amp#27;[32mSave 50117784-bdb6-46bd-9842-d23e93bdadaf(uuid3401)
сент. 19, 2025 6:42:49 PM webapp.storage.AbstractStorage save
INFO: &amp#27;[32mSave a53dacc9-544a-463f-8bc1-ea5c5dcf7fdf(uuid3402)
сент. 19, 2025 6:42:49 PM webapp.storage.AbstractStorage save
INFO: &amp#27;[32mSave e567334e-c471-4e2a-81b7-513065d44936(uuid3403)
сент. 19, 2025 6:42:49 PM webapp.storage.AbstractStorage save
INFO: &amp#27;[32mSave 621f6e69-0c50-4758-a57f-75afb79d1e04(uuid3404)
сент. 19, 2025 6:42:49 PM webapp.storage.AbstractStorage save
INFO: &amp#27;[32mSave b39401bc-f390-4c3d-b26b-4bde6070f999(uuid3405)
сент. 19, 2025 6:42:49 PM webapp.storage.AbstractStorage save
INFO: &amp#27;[32mSave 2dd67374-4464-42b9-a89f-c699343b4523(uuid3406)
сент. 19, 2025 6:42:49 PM webapp.storage.AbstractStorage save
INFO: &amp#27;[32mSave 49d1f45d-90df-419e-a1f7-4f5ac531ba47(uuid3407)
сент. 19, 2025 6:42:49 PM webapp.storage.AbstractStorage save
INFO: &amp#27;[32mSave ad18ff53-8fae-49b6-82a3-f42ee0e8898d(uuid3408)
сент. 19, 2025 6:42:49 PM webapp.storage.AbstractStorage save
INFO: &amp#27;[32mSave 52b0a927-44ad-4550-a583-784f24f34c45(uuid3409)
сент. 19, 2025 6:42:49 PM webapp.storage.AbstractStorage save
INFO: &amp#27;[32mSave 81079b10-7f0c-42f2-b13b-6a584adcfb2c(uuid3410)
сент. 19, 2025 6:42:49 PM webapp.storage.AbstractStorage save
INFO: &amp#27;[32mSave 8d470b92-d995-47a9-ac4c-d2430b65f8fd(uuid3411)
сент. 19, 2025 6:42:49 PM webapp.storage.AbstractStorage save
INFO: &amp#27;[32mSave 2a050a2b-2118-479b-b250-1971458936e7(uuid3412)
сент. 19, 2025 6:42:49 PM webapp.storage.AbstractStorage save
INFO: &amp#27;[32mSave b79e7cbd-f951-4d02-a922-6bb074bc9e3f(uuid3413)
сент. 19, 2025 6:42:49 PM webapp.storage.AbstractStorage save
INFO: &amp#27;[32mSave 45781d1e-73af-414e-af34-16ef4793e7e3(uuid3414)
сент. 19, 2025 6:42:49 PM webapp.storage.AbstractStorage save
INFO: &amp#27;[32mSave e4feca88-b360-4e0b-8cab-028475822ca2(uuid3415)
сент. 19, 2025 6:42:49 PM webapp.storage.AbstractStorage save
INFO: &amp#27;[32mSave ec661f54-119f-418b-8803-a2d5ce2f5694(uuid3416)
сент. 19, 2025 6:42:49 PM webapp.storage.AbstractStorage save
INFO: &amp#27;[32mSave e8169e0a-a263-4ac4-90ba-c512031936de(uuid3417)
сент. 19, 2025 6:42:49 PM webapp.storage.AbstractStorage save
INFO: &amp#27;[32mSave 04d8ebde-108d-4f5d-bf22-b3a2606df7d6(uuid3418)
сент. 19, 2025 6:42:49 PM webapp.storage.AbstractStorage save
INFO: &amp#27;[32mSave cf4981f9-1618-4080-a78a-05f64ee92bee(uuid3419)
сент. 19, 2025 6:42:49 PM webapp.storage.AbstractStorage save
INFO: &amp#27;[32mSave 676dccdc-b103-4682-8959-18996c7df578(uuid3420)
сент. 19, 2025 6:42:49 PM webapp.storage.AbstractStorage save
INFO: &amp#27;[32mSave f59dd4ee-9867-4f41-b177-70f3f4a7bde5(uuid3421)
сент. 19, 2025 6:42:49 PM webapp.storage.AbstractStorage save
INFO: &amp#27;[32mSave a7984ff9-70fc-42dc-8dde-1b0184124d8b(uuid3422)
сент. 19, 2025 6:42:49 PM webapp.storage.AbstractStorage save
INFO: &amp#27;[32mSave e699f808-df7c-44fd-ba7c-5ff414eda0c9(uuid3423)
сент. 19, 2025 6:42:49 PM webapp.storage.AbstractStorage save
INFO: &amp#27;[32mSave 424492ad-9466-492e-90e0-e0df488f5359(uuid3424)
сент. 19, 2025 6:42:49 PM webapp.storage.AbstractStorage save
INFO: &amp#27;[32mSave f6847505-f7d8-43a2-8f83-782106c3c8ab(uuid3425)
сент. 19, 2025 6:42:49 PM webapp.storage.AbstractStorage save
INFO: &amp#27;[32mSave 4ec67dab-6282-477c-a484-3b8f8df1fe91(uuid3426)
сент. 19, 2025 6:42:49 PM webapp.storage.AbstractStorage save
INFO: &amp#27;[32mSave 4d6d312a-0f09-42bb-a89e-64e8d4076c71(uuid3427)
сент. 19, 2025 6:42:49 PM webapp.storage.AbstractStorage save
INFO: &amp#27;[32mSave 0e7e89be-e054-41e1-9bb3-4b95f3d29124(uuid3428)
сент. 19, 2025 6:42:49 PM webapp.storage.AbstractStorage save
INFO: &amp#27;[32mSave 74385fde-a585-4502-90e8-af37add9d146(uuid3429)
сент. 19, 2025 6:42:49 PM webapp.storage.AbstractStorage save
INFO: &amp#27;[32mSave 516abf33-b62a-4ec2-89ac-dc69a1c244c5(uuid3430)
сент. 19, 2025 6:42:49 PM webapp.storage.AbstractStorage save
INFO: &amp#27;[32mSave a0294f92-c1b3-4854-a089-613c54e20b55(uuid3431)
сент. 19, 2025 6:42:49 PM webapp.storage.AbstractStorage save
INFO: &amp#27;[32mSave c665bc6b-3e9a-4e38-84f8-4e9df0fcd16a(uuid3432)
сент. 19, 2025 6:42:49 PM webapp.storage.AbstractStorage save
INFO: &amp#27;[32mSave 9d04a212-6bea-432a-bd81-2521ef889cf5(uuid3433)
сент. 19, 2025 6:42:49 PM webapp.storage.AbstractStorage save
INFO: &amp#27;[32mSave 6be338d9-f503-480b-bb6f-a22d492803c9(uuid3434)
сент. 19, 2025 6:42:49 PM webapp.storage.AbstractStorage save
INFO: &amp#27;[32mSave 6e2123c0-728f-4a1f-a014-20de8ab56f8a(uuid3435)
сент. 19, 2025 6:42:49 PM webapp.storage.AbstractStorage save
INFO: &amp#27;[32mSave 6b1f4f11-7ac8-4d72-880c-56f2325e94c7(uuid3436)
сент. 19, 2025 6:42:49 PM webapp.storage.AbstractStorage save
INFO: &amp#27;[32mSave bcf73ce6-0a7c-4ce9-b9d1-fc401c76e1bd(uuid3437)
сент. 19, 2025 6:42:49 PM webapp.storage.AbstractStorage save
INFO: &amp#27;[32mSave c8bb6a5c-19ec-4648-a0a2-cee67af34713(uuid3438)
сент. 19, 2025 6:42:49 PM webapp.storage.AbstractStorage save
INFO: &amp#27;[32mSave 06e77fb5-a269-4eac-b5a7-69296bde68c3(uuid3439)
сент. 19, 2025 6:42:49 PM webapp.storage.AbstractStorage save
INFO: &amp#27;[32mSave 6e7ec9a2-a1aa-404b-992d-13d432b5f2e1(uuid3440)
сент. 19, 2025 6:42:49 PM webapp.storage.AbstractStorage save
INFO: &amp#27;[32mSave 18f3e7e6-fb14-4265-b23f-b4903057ac4c(uuid3441)
сент. 19, 2025 6:42:49 PM webapp.storage.AbstractStorage save
INFO: &amp#27;[32mSave 012f50eb-2a90-4d2a-b1ec-b2df33222233(uuid3442)
сент. 19, 2025 6:42:49 PM webapp.storage.AbstractStorage save
INFO: &amp#27;[32mSave 053238f8-1496-4eea-9fa2-b48d6205eee9(uuid3443)
сент. 19, 2025 6:42:49 PM webapp.storage.AbstractStorage save
INFO: &amp#27;[32mSave 477b48ac-2e24-4817-9aca-7c51f5a89076(uuid3444)
сент. 19, 2025 6:42:49 PM webapp.storage.AbstractStorage save
INFO: &amp#27;[32mSave 67777349-4867-4516-9960-8ca6da9ff83b(uuid3445)
сент. 19, 2025 6:42:49 PM webapp.storage.AbstractStorage save
INFO: &amp#27;[32mSave fa2c1154-3a69-44ef-bc9d-a4f61a7c3f4e(uuid3446)
сент. 19, 2025 6:42:49 PM webapp.storage.AbstractStorage save
INFO: &amp#27;[32mSave b6fcfbc3-4df3-4482-a0f2-4d7d941d5f69(uuid3447)
сент. 19, 2025 6:42:49 PM webapp.storage.AbstractStorage save
INFO: &amp#27;[32mSave 6034ea3f-ece0-44d4-adfc-6426b2867188(uuid3448)
сент. 19, 2025 6:42:49 PM webapp.storage.AbstractStorage save
INFO: &amp#27;[32mSave 2ec33903-1c1b-4489-b623-bece34268ba2(uuid3449)
сент. 19, 2025 6:42:49 PM webapp.storage.AbstractStorage save
INFO: &amp#27;[32mSave 9cfb03ce-da6d-4970-8a17-59d06b787a39(uuid3450)
сент. 19, 2025 6:42:49 PM webapp.storage.AbstractStorage save
INFO: &amp#27;[32mSave f6448032-9d3e-461a-a123-068fbc45a02b(uuid3451)
сент. 19, 2025 6:42:49 PM webapp.storage.AbstractStorage save
INFO: &amp#27;[32mSave 92ad1375-ebbc-4630-be5f-8051d25c36c9(uuid3452)
сент. 19, 2025 6:42:49 PM webapp.storage.AbstractStorage save
INFO: &amp#27;[32mSave e79a672a-1907-4c41-9b11-669dca6897c8(uuid3453)
сент. 19, 2025 6:42:49 PM webapp.storage.AbstractStorage save
INFO: &amp#27;[32mSave 137a3115-c481-4527-9999-5aff88d78d66(uuid3454)
сент. 19, 2025 6:42:49 PM webapp.storage.AbstractStorage save
INFO: &amp#27;[32mSave 4403fbfe-3aa2-4eb3-a98f-09504225e581(uuid3455)
сент. 19, 2025 6:42:49 PM webapp.storage.AbstractStorage save
INFO: &amp#27;[32mSave 9e3e97ff-6abd-48e9-996f-1371ccb13c1b(uuid3456)
сент. 19, 2025 6:42:49 PM webapp.storage.AbstractStorage save
INFO: &amp#27;[32mSave c8458a69-62f3-4f1c-bf39-7edfa376923e(uuid3457)
сент. 19, 2025 6:42:49 PM webapp.storage.AbstractStorage save
INFO: &amp#27;[32mSave a24b42b0-516c-4fc4-8e58-fd83deec9fa6(uuid3458)
сент. 19, 2025 6:42:49 PM webapp.storage.AbstractStorage save
INFO: &amp#27;[32mSave bb91adfd-ee70-41a1-9531-9c165eb8143b(uuid3459)
сент. 19, 2025 6:42:49 PM webapp.storage.AbstractStorage save
INFO: &amp#27;[32mSave 7d1b3db1-90ce-4037-ad8a-39d829f3fc07(uuid3460)
сент. 19, 2025 6:42:49 PM webapp.storage.AbstractStorage save
INFO: &amp#27;[32mSave cc2fa4f7-7d53-4601-8752-716b94f91775(uuid3461)
сент. 19, 2025 6:42:49 PM webapp.storage.AbstractStorage save
INFO: &amp#27;[32mSave 52e77fc5-6166-4500-983c-0decba5e4440(uuid3462)
сент. 19, 2025 6:42:49 PM webapp.storage.AbstractStorage save
INFO: &amp#27;[32mSave 836ae6d7-27f3-4fcc-8f39-c80eadaefc02(uuid3463)
сент. 19, 2025 6:42:49 PM webapp.storage.AbstractStorage save
INFO: &amp#27;[32mSave 80b299a7-178e-4e7c-9905-3dd2756f110e(uuid3464)
сент. 19, 2025 6:42:49 PM webapp.storage.AbstractStorage save
INFO: &amp#27;[32mSave 91105063-edf0-4363-a49a-59c1174367ea(uuid3465)
сент. 19, 2025 6:42:49 PM webapp.storage.AbstractStorage save
INFO: &amp#27;[32mSave c3ce72d1-b25a-48cd-8289-1a5fe6af2625(uuid3466)
сент. 19, 2025 6:42:49 PM webapp.storage.AbstractStorage save
INFO: &amp#27;[32mSave a377aed5-487d-45ef-806f-b8fe8558ef6f(uuid3467)
сент. 19, 2025 6:42:49 PM webapp.storage.AbstractStorage save
INFO: &amp#27;[32mSave ee3d4573-1564-4507-a5f6-3845f021f906(uuid3468)
сент. 19, 2025 6:42:49 PM webapp.storage.AbstractStorage save
INFO: &amp#27;[32mSave 862df402-974c-425c-947d-7f6359c071bb(uuid3469)
сент. 19, 2025 6:42:49 PM webapp.storage.AbstractStorage save
INFO: &amp#27;[32mSave 64680a7a-29d8-4e3f-abba-836c2b6c4a76(uuid3470)
сент. 19, 2025 6:42:49 PM webapp.storage.AbstractStorage save
INFO: &amp#27;[32mSave 67f448d4-9041-4f6e-8518-de647a703f0b(uuid3471)
сент. 19, 2025 6:42:49 PM webapp.storage.AbstractStorage save
INFO: &amp#27;[32mSave 6830cf7f-44cf-46fb-8473-f689e2fd7ea0(uuid3472)
сент. 19, 2025 6:42:49 PM webapp.storage.AbstractStorage save
INFO: &amp#27;[32mSave 63882fc2-4d66-4e9b-a399-df5e23a40094(uuid3473)
сент. 19, 2025 6:42:49 PM webapp.storage.AbstractStorage save
INFO: &amp#27;[32mSave f231ab84-576b-4054-ab03-75e61f3a8cc6(uuid3474)
сент. 19, 2025 6:42:49 PM webapp.storage.AbstractStorage save
INFO: &amp#27;[32mSave f7c19762-b474-4c62-9fe0-d07257a18fec(uuid3475)
сент. 19, 2025 6:42:49 PM webapp.storage.AbstractStorage save
INFO: &amp#27;[32mSave ce532e3a-f7be-4a03-a89e-12e11ed5935c(uuid3476)
сент. 19, 2025 6:42:49 PM webapp.storage.AbstractStorage save
INFO: &amp#27;[32mSave 56b129f9-e92c-4d7d-8703-1917c71ee28c(uuid3477)
сент. 19, 2025 6:42:49 PM webapp.storage.AbstractStorage save
INFO: &amp#27;[32mSave e789c034-bee9-44bd-9cd8-965217fbad14(uuid3478)
сент. 19, 2025 6:42:49 PM webapp.storage.AbstractStorage save
INFO: &amp#27;[32mSave 21fc0a89-6e0f-4cb3-969f-6431dc5d28c7(uuid3479)
сент. 19, 2025 6:42:49 PM webapp.storage.AbstractStorage save
INFO: &amp#27;[32mSave 4bede14c-db06-4985-ad1f-0e1d8d40beea(uuid3480)
сент. 19, 2025 6:42:49 PM webapp.storage.AbstractStorage save
INFO: &amp#27;[32mSave def90acd-b52a-48bb-9ec2-9d68a60992bd(uuid3481)
сент. 19, 2025 6:42:49 PM webapp.storage.AbstractStorage save
INFO: &amp#27;[32mSave bdefa451-14e3-4580-9056-53317316a89d(uuid3482)
сент. 19, 2025 6:42:49 PM webapp.storage.AbstractStorage save
INFO: &amp#27;[32mSave 189da822-59ce-464e-b7f8-5baa4b4e86ef(uuid3483)
сент. 19, 2025 6:42:49 PM webapp.storage.AbstractStorage save
INFO: &amp#27;[32mSave 2c537326-8d77-4233-8d44-3589efc1eabe(uuid3484)
сент. 19, 2025 6:42:49 PM webapp.storage.AbstractStorage save
INFO: &amp#27;[32mSave a7b91b42-69d5-4617-b941-1ad4728202c9(uuid3485)
сент. 19, 2025 6:42:49 PM webapp.storage.AbstractStorage save
INFO: &amp#27;[32mSave fba1db09-6e91-4401-a470-ad136dd7903b(uuid3486)
сент. 19, 2025 6:42:49 PM webapp.storage.AbstractStorage save
INFO: &amp#27;[32mSave 3b86a47c-0e6e-4083-8e00-93d09f51561f(uuid3487)
сент. 19, 2025 6:42:49 PM webapp.storage.AbstractStorage save
INFO: &amp#27;[32mSave 8557b5fd-c0f3-4005-b922-5a5595c42856(uuid3488)
сент. 19, 2025 6:42:49 PM webapp.storage.AbstractStorage save
INFO: &amp#27;[32mSave 816ddb80-bd89-4f13-a7d3-4abd4fb6441d(uuid3489)
сент. 19, 2025 6:42:49 PM webapp.storage.AbstractStorage save
INFO: &amp#27;[32mSave 1be6b51a-04ed-4a6f-b937-90c4ce9089df(uuid3490)
сент. 19, 2025 6:42:49 PM webapp.storage.AbstractStorage save
INFO: &amp#27;[32mSave d60b3e34-14ae-46d2-9d12-06a5b26faaa9(uuid3491)
сент. 19, 2025 6:42:49 PM webapp.storage.AbstractStorage save
INFO: &amp#27;[32mSave 3effe116-a55f-45a8-96d4-ae41acbdfea0(uuid3492)
сент. 19, 2025 6:42:49 PM webapp.storage.AbstractStorage save
INFO: &amp#27;[32mSave 3a773f6f-c033-4f6f-9dfc-27734b7bee93(uuid3493)
сент. 19, 2025 6:42:49 PM webapp.storage.AbstractStorage save
INFO: &amp#27;[32mSave ac2c9cd0-1664-40f0-9fdf-2f538ddf04b4(uuid3494)
сент. 19, 2025 6:42:49 PM webapp.storage.AbstractStorage save
INFO: &amp#27;[32mSave 0bd67f4c-eb8a-4264-9d18-3c128a68bb7d(uuid3495)
сент. 19, 2025 6:42:49 PM webapp.storage.AbstractStorage save
INFO: &amp#27;[32mSave 93c1e288-77f3-41ca-ac0d-aab053f48f4f(uuid3496)
сент. 19, 2025 6:42:49 PM webapp.storage.AbstractStorage save
INFO: &amp#27;[32mSave e5f030b5-47c7-4ea9-a95a-88fdd5c7e32d(uuid3497)
сент. 19, 2025 6:42:49 PM webapp.storage.AbstractStorage save
INFO: &amp#27;[32mSave 8e8870d2-d6da-484c-b5d5-fbe48cf61958(uuid3498)
сент. 19, 2025 6:42:49 PM webapp.storage.AbstractStorage save
INFO: &amp#27;[32mSave b360ccff-f306-48ed-ab68-3102c36d2643(uuid3499)
сент. 19, 2025 6:42:49 PM webapp.storage.AbstractStorage save
INFO: &amp#27;[32mSave 83a8dda0-1056-4a26-8a54-445144f385e0(uuid3500)
сент. 19, 2025 6:42:49 PM webapp.storage.AbstractStorage save
INFO: &amp#27;[32mSave 61c8a294-76d6-4cf6-b199-d1811f8dfa3b(uuid3501)
сент. 19, 2025 6:42:49 PM webapp.storage.AbstractStorage save
INFO: &amp#27;[32mSave 92e7409d-5ff9-4bea-b891-1e4ef6730bfa(uuid3502)
сент. 19, 2025 6:42:49 PM webapp.storage.AbstractStorage save
INFO: &amp#27;[32mSave cb0393df-6db0-4fa2-afeb-298f5f906c9c(uuid3503)
сент. 19, 2025 6:42:49 PM webapp.storage.AbstractStorage save
INFO: &amp#27;[32mSave e1c92e21-cb12-4595-9c18-410a4752031d(uuid3504)
сент. 19, 2025 6:42:49 PM webapp.storage.AbstractStorage save
INFO: &amp#27;[32mSave 02ab6a34-fd05-428a-b425-5326c82791f5(uuid3505)
сент. 19, 2025 6:42:49 PM webapp.storage.AbstractStorage save
INFO: &amp#27;[32mSave c3fbdefd-1a6d-4b74-bd72-a3017d974e37(uuid3506)
сент. 19, 2025 6:42:49 PM webapp.storage.AbstractStorage save
INFO: &amp#27;[32mSave eba44b07-fe71-49a7-9cba-3ee023b7e9f0(uuid3507)
сент. 19, 2025 6:42:49 PM webapp.storage.AbstractStorage save
INFO: &amp#27;[32mSave 1418bc79-e4da-449d-ba2c-103cf316d5a8(uuid3508)
сент. 19, 2025 6:42:49 PM webapp.storage.AbstractStorage save
INFO: &amp#27;[32mSave 1283a314-36f4-4e54-807d-f78adc929a1a(uuid3509)
сент. 19, 2025 6:42:49 PM webapp.storage.AbstractStorage save
INFO: &amp#27;[32mSave f572b6d9-f34f-43a7-b475-d94a414ea318(uuid3510)
сент. 19, 2025 6:42:49 PM webapp.storage.AbstractStorage save
INFO: &amp#27;[32mSave 2802eedf-0f91-425f-8040-056b199db0f3(uuid3511)
сент. 19, 2025 6:42:49 PM webapp.storage.AbstractStorage save
INFO: &amp#27;[32mSave 76197fc7-5505-4a64-9765-db09d220bccc(uuid3512)
сент. 19, 2025 6:42:49 PM webapp.storage.AbstractStorage save
INFO: &amp#27;[32mSave 22ad5c91-627d-451b-8e99-cf9fa4db27f4(uuid3513)
сент. 19, 2025 6:42:49 PM webapp.storage.AbstractStorage save
INFO: &amp#27;[32mSave 0dc78b75-8d0e-47da-bf7f-b0d3c0022bef(uuid3514)
сент. 19, 2025 6:42:49 PM webapp.storage.AbstractStorage save
INFO: &amp#27;[32mSave c41912d3-2eaf-4dc0-857a-9d0bd3aaaa85(uuid3515)
сент. 19, 2025 6:42:49 PM webapp.storage.AbstractStorage save
INFO: &amp#27;[32mSave 231d1d85-b6c3-47e0-a528-fb36ad953741(uuid3516)
сент. 19, 2025 6:42:49 PM webapp.storage.AbstractStorage save
INFO: &amp#27;[32mSave ca6d6d4e-60e5-4a35-8c80-7536972d9546(uuid3517)
сент. 19, 2025 6:42:49 PM webapp.storage.AbstractStorage save
INFO: &amp#27;[32mSave c1eeca08-e6f3-4010-a307-7b54cc28a25a(uuid3518)
сент. 19, 2025 6:42:49 PM webapp.storage.AbstractStorage save
INFO: &amp#27;[32mSave 30713a46-5bdf-4420-a1ea-607df21ac1ab(uuid3519)
сент. 19, 2025 6:42:49 PM webapp.storage.AbstractStorage save
INFO: &amp#27;[32mSave 57774736-e03c-4e20-b88c-5066697be2bd(uuid3520)
сент. 19, 2025 6:42:49 PM webapp.storage.AbstractStorage save
INFO: &amp#27;[32mSave 3215e37d-7672-4551-9fea-1f38b512a385(uuid3521)
сент. 19, 2025 6:42:49 PM webapp.storage.AbstractStorage save
INFO: &amp#27;[32mSave ff0d2454-8ded-4c2d-99a5-156153ac4bc6(uuid3522)
сент. 19, 2025 6:42:49 PM webapp.storage.AbstractStorage save
INFO: &amp#27;[32mSave 69edf22c-238d-42d9-8bdc-a81405b9cc39(uuid3523)
сент. 19, 2025 6:42:49 PM webapp.storage.AbstractStorage save
INFO: &amp#27;[32mSave 6e8917dd-ea72-4c9d-9743-58295f49e992(uuid3524)
сент. 19, 2025 6:42:49 PM webapp.storage.AbstractStorage save
INFO: &amp#27;[32mSave dc2565e1-1a5c-41d8-9b1e-616269b935b3(uuid3525)
сент. 19, 2025 6:42:49 PM webapp.storage.AbstractStorage save
INFO: &amp#27;[32mSave 4f5911e9-30b3-445a-a20e-d337cb36fe6e(uuid3526)
сент. 19, 2025 6:42:49 PM webapp.storage.AbstractStorage save
INFO: &amp#27;[32mSave ff47742c-ffd8-4cb9-9e6f-720df6ebbf56(uuid3527)
сент. 19, 2025 6:42:49 PM webapp.storage.AbstractStorage save
INFO: &amp#27;[32mSave bda75c5d-c0bb-482b-8159-fe41a0ad2480(uuid3528)
сент. 19, 2025 6:42:49 PM webapp.storage.AbstractStorage save
INFO: &amp#27;[32mSave 63b639ba-dd9e-4afd-a248-317f6a05719a(uuid3529)
сент. 19, 2025 6:42:49 PM webapp.storage.AbstractStorage save
INFO: &amp#27;[32mSave 324b47cc-e198-4200-a2ce-f1d8a7d4047e(uuid3530)
сент. 19, 2025 6:42:49 PM webapp.storage.AbstractStorage save
INFO: &amp#27;[32mSave 8d680fc6-e940-428e-916c-74dab4e5df80(uuid3531)
сент. 19, 2025 6:42:49 PM webapp.storage.AbstractStorage save
INFO: &amp#27;[32mSave 03879138-b96b-48be-8b2c-6de1b52a96b2(uuid3532)
сент. 19, 2025 6:42:49 PM webapp.storage.AbstractStorage save
INFO: &amp#27;[32mSave f703a7c0-cb36-4fcb-9e1a-9bbb37609e31(uuid3533)
сент. 19, 2025 6:42:49 PM webapp.storage.AbstractStorage save
INFO: &amp#27;[32mSave dcfe8cc1-e867-4b7c-bb91-0f6342baf9ee(uuid3534)
сент. 19, 2025 6:42:49 PM webapp.storage.AbstractStorage save
INFO: &amp#27;[32mSave dbdf93c0-6a95-4240-aff3-736f97737fd5(uuid3535)
сент. 19, 2025 6:42:49 PM webapp.storage.AbstractStorage save
INFO: &amp#27;[32mSave 826c7977-01a5-44e8-9624-51417697e1fc(uuid3536)
сент. 19, 2025 6:42:49 PM webapp.storage.AbstractStorage save
INFO: &amp#27;[32mSave 08ed9a47-c1d6-46c3-bede-f6d2a6a6ec60(uuid3537)
сент. 19, 2025 6:42:49 PM webapp.storage.AbstractStorage save
INFO: &amp#27;[32mSave fe234745-37f6-4e0d-9bd6-7c97fe5d2178(uuid3538)
сент. 19, 2025 6:42:49 PM webapp.storage.AbstractStorage save
INFO: &amp#27;[32mSave 85df1216-0d24-4515-a89f-5689cecfca52(uuid3539)
сент. 19, 2025 6:42:49 PM webapp.storage.AbstractStorage save
INFO: &amp#27;[32mSave 71018157-b6ae-4205-9f16-0ddad7e66dd8(uuid3540)
сент. 19, 2025 6:42:49 PM webapp.storage.AbstractStorage save
INFO: &amp#27;[32mSave c72c134e-86fa-4e7c-b255-8fce33a854a3(uuid3541)
сент. 19, 2025 6:42:49 PM webapp.storage.AbstractStorage save
INFO: &amp#27;[32mSave 099c3ab5-16c3-4f57-8c3c-3edf2c1be813(uuid3542)
сент. 19, 2025 6:42:49 PM webapp.storage.AbstractStorage save
INFO: &amp#27;[32mSave fd961d8f-9a66-434f-8d46-d4b69797e552(uuid3543)
сент. 19, 2025 6:42:49 PM webapp.storage.AbstractStorage save
INFO: &amp#27;[32mSave 924d2a1c-b802-42a7-acab-209a67fca08a(uuid3544)
сент. 19, 2025 6:42:49 PM webapp.storage.AbstractStorage save
INFO: &amp#27;[32mSave 38ab5d36-d672-40af-b825-ab30e4c2a087(uuid3545)
сент. 19, 2025 6:42:49 PM webapp.storage.AbstractStorage save
INFO: &amp#27;[32mSave 64fae623-f4dc-42b6-8027-435e3b1e47c4(uuid3546)
сент. 19, 2025 6:42:49 PM webapp.storage.AbstractStorage save
INFO: &amp#27;[32mSave 5ad97c58-3a2e-4eb2-93c8-7a84e06a5630(uuid3547)
сент. 19, 2025 6:42:49 PM webapp.storage.AbstractStorage save
INFO: &amp#27;[32mSave 48d98241-bef7-4283-b672-455c4444c280(uuid3548)
сент. 19, 2025 6:42:49 PM webapp.storage.AbstractStorage save
INFO: &amp#27;[32mSave e5a47df0-7e82-4666-90af-d04905aa4de4(uuid3549)
сент. 19, 2025 6:42:49 PM webapp.storage.AbstractStorage save
INFO: &amp#27;[32mSave 8bbcc440-2480-436a-bd23-b36860d57589(uuid3550)
сент. 19, 2025 6:42:49 PM webapp.storage.AbstractStorage save
INFO: &amp#27;[32mSave 3291417d-7f1f-4488-b2fd-1c9c44be64df(uuid3551)
сент. 19, 2025 6:42:49 PM webapp.storage.AbstractStorage save
INFO: &amp#27;[32mSave 87b56b84-5f53-487d-8c16-b2acd5ffd518(uuid3552)
сент. 19, 2025 6:42:49 PM webapp.storage.AbstractStorage save
INFO: &amp#27;[32mSave 15a2a361-9ab9-4f8c-bcb3-6d1694e4c6c0(uuid3553)
сент. 19, 2025 6:42:49 PM webapp.storage.AbstractStorage save
INFO: &amp#27;[32mSave 17139fe0-154b-4ed5-bf1e-8861adb44ecb(uuid3554)
сент. 19, 2025 6:42:49 PM webapp.storage.AbstractStorage save
INFO: &amp#27;[32mSave e279c38c-c5b4-4bbd-9a68-6ff23955a3cf(uuid3555)
сент. 19, 2025 6:42:49 PM webapp.storage.AbstractStorage save
INFO: &amp#27;[32mSave bbb456a8-c328-4025-acf7-f225ae601d0e(uuid3556)
сент. 19, 2025 6:42:49 PM webapp.storage.AbstractStorage save
INFO: &amp#27;[32mSave 8c7da506-8a1c-40ec-9dd8-09edb7c806d0(uuid3557)
сент. 19, 2025 6:42:49 PM webapp.storage.AbstractStorage save
INFO: &amp#27;[32mSave 80c44fef-81f3-4505-ab79-04d1b9c7ddc7(uuid3558)
сент. 19, 2025 6:42:49 PM webapp.storage.AbstractStorage save
INFO: &amp#27;[32mSave 609a9250-5618-4631-8a43-6f741c6074d5(uuid3559)
сент. 19, 2025 6:42:49 PM webapp.storage.AbstractStorage save
INFO: &amp#27;[32mSave d4aa0fb2-0a2a-480e-b16f-9e602281b685(uuid3560)
сент. 19, 2025 6:42:49 PM webapp.storage.AbstractStorage save
INFO: &amp#27;[32mSave b7aa139b-8215-402f-8001-a35a7a1b4439(uuid3561)
сент. 19, 2025 6:42:49 PM webapp.storage.AbstractStorage save
INFO: &amp#27;[32mSave 7ec13326-9d8d-4a1b-a8a7-c87505b8a62b(uuid3562)
сент. 19, 2025 6:42:49 PM webapp.storage.AbstractStorage save
INFO: &amp#27;[32mSave 71ad277c-1ec6-4ff7-8df9-d973bff9fee3(uuid3563)
сент. 19, 2025 6:42:49 PM webapp.storage.AbstractStorage save
INFO: &amp#27;[32mSave 5290fa0a-ae23-4f74-b04c-35408c89ff5b(uuid3564)
сент. 19, 2025 6:42:49 PM webapp.storage.AbstractStorage save
INFO: &amp#27;[32mSave d53feab2-5b6f-4724-affc-cbe37cf5dd74(uuid3565)
сент. 19, 2025 6:42:49 PM webapp.storage.AbstractStorage save
INFO: &amp#27;[32mSave 1cc8c405-fccc-49d4-a6cc-12de73775fc8(uuid3566)
сент. 19, 2025 6:42:49 PM webapp.storage.AbstractStorage save
INFO: &amp#27;[32mSave 2c110c55-6213-4c8f-a975-841f4fffa0b4(uuid3567)
сент. 19, 2025 6:42:49 PM webapp.storage.AbstractStorage save
INFO: &amp#27;[32mSave 68f39073-c8f5-4b54-a051-77d8a6c5e7e5(uuid3568)
сент. 19, 2025 6:42:49 PM webapp.storage.AbstractStorage save
INFO: &amp#27;[32mSave 0eeee178-e4f9-4818-add4-82c4548d3bd1(uuid3569)
сент. 19, 2025 6:42:49 PM webapp.storage.AbstractStorage save
INFO: &amp#27;[32mSave 3d499ffd-7739-4168-a61e-e9960d98f6e5(uuid3570)
сент. 19, 2025 6:42:49 PM webapp.storage.AbstractStorage save
INFO: &amp#27;[32mSave 2f068e01-adb5-4159-a8b5-06286748b6d6(uuid3571)
сент. 19, 2025 6:42:49 PM webapp.storage.AbstractStorage save
INFO: &amp#27;[32mSave c9dd1480-289c-4c48-8e73-99ae3cfe33b0(uuid3572)
сент. 19, 2025 6:42:49 PM webapp.storage.AbstractStorage save
INFO: &amp#27;[32mSave 8036a1da-5409-4dc9-bbef-bc5e470d0ad4(uuid3573)
сент. 19, 2025 6:42:49 PM webapp.storage.AbstractStorage save
INFO: &amp#27;[32mSave abb05286-5023-4d2c-a32f-2759958ba770(uuid3574)
сент. 19, 2025 6:42:49 PM webapp.storage.AbstractStorage save
INFO: &amp#27;[32mSave 129ca5ac-7ed2-4e7b-894f-8726cf46e7c1(uuid3575)
сент. 19, 2025 6:42:49 PM webapp.storage.AbstractStorage save
INFO: &amp#27;[32mSave 219c0985-654e-48a2-a03d-7f35cb1273da(uuid3576)
сент. 19, 2025 6:42:49 PM webapp.storage.AbstractStorage save
INFO: &amp#27;[32mSave f1d278ed-c4f9-456a-a961-3f7ae8ab7ee3(uuid3577)
сент. 19, 2025 6:42:49 PM webapp.storage.AbstractStorage save
INFO: &amp#27;[32mSave ce107fb6-48e1-4a7d-901b-01c45469c14d(uuid3578)
сент. 19, 2025 6:42:49 PM webapp.storage.AbstractStorage save
INFO: &amp#27;[32mSave ff70adf4-e1d3-4d72-8103-01d881fedfbe(uuid3579)
сент. 19, 2025 6:42:49 PM webapp.storage.AbstractStorage save
INFO: &amp#27;[32mSave 59b874b3-8ddf-46f8-8ff2-da12bb2fe4ef(uuid3580)
сент. 19, 2025 6:42:49 PM webapp.storage.AbstractStorage save
INFO: &amp#27;[32mSave 83f20634-859e-4a0d-ae89-a04f4088d1b0(uuid3581)
сент. 19, 2025 6:42:49 PM webapp.storage.AbstractStorage save
INFO: &amp#27;[32mSave 1d679f37-faa0-4e20-8730-b441fbc8e42e(uuid3582)
сент. 19, 2025 6:42:49 PM webapp.storage.AbstractStorage save
INFO: &amp#27;[32mSave 1d8deb02-1d98-4d6d-8c2c-51051133e90e(uuid3583)
сент. 19, 2025 6:42:49 PM webapp.storage.AbstractStorage save
INFO: &amp#27;[32mSave 60b850d0-0530-4d99-8b0d-67c9c608f56a(uuid3584)
сент. 19, 2025 6:42:49 PM webapp.storage.AbstractStorage save
INFO: &amp#27;[32mSave e47beb6e-beef-4732-a3f3-f3e74c7f1e5a(uuid3585)
сент. 19, 2025 6:42:49 PM webapp.storage.AbstractStorage save
INFO: &amp#27;[32mSave f4413e84-cc73-4bd5-8e4a-6d0123852c24(uuid3586)
сент. 19, 2025 6:42:49 PM webapp.storage.AbstractStorage save
INFO: &amp#27;[32mSave f249a6f9-f573-4538-9f59-88d85b3e5dc0(uuid3587)
сент. 19, 2025 6:42:49 PM webapp.storage.AbstractStorage save
INFO: &amp#27;[32mSave 8dcff2f4-f119-4184-8620-5e33015c18aa(uuid3588)
сент. 19, 2025 6:42:49 PM webapp.storage.AbstractStorage save
INFO: &amp#27;[32mSave 8548ba1c-e82a-45dc-a0aa-dac18874a459(uuid3589)
сент. 19, 2025 6:42:49 PM webapp.storage.AbstractStorage save
INFO: &amp#27;[32mSave 38c3db1f-f975-4617-9c75-5f7c47e94387(uuid3590)
сент. 19, 2025 6:42:49 PM webapp.storage.AbstractStorage save
INFO: &amp#27;[32mSave e94ede53-1e72-4310-b6c1-f7c5caa7965a(uuid3591)
сент. 19, 2025 6:42:49 PM webapp.storage.AbstractStorage save
INFO: &amp#27;[32mSave c706c403-344c-45cb-b221-f38f7d9fa510(uuid3592)
сент. 19, 2025 6:42:49 PM webapp.storage.AbstractStorage save
INFO: &amp#27;[32mSave 96c9689d-5607-4db0-973d-db77eb9eaeb4(uuid3593)
сент. 19, 2025 6:42:49 PM webapp.storage.AbstractStorage save
INFO: &amp#27;[32mSave 5244fc5a-c7e9-4bbb-9829-404c1ed42619(uuid3594)
сент. 19, 2025 6:42:49 PM webapp.storage.AbstractStorage save
INFO: &amp#27;[32mSave 726fa0c8-9894-4d87-97f2-9e44960cff4f(uuid3595)
сент. 19, 2025 6:42:49 PM webapp.storage.AbstractStorage save
INFO: &amp#27;[32mSave 196e2876-a248-4740-8e63-122137db867e(uuid3596)
сент. 19, 2025 6:42:49 PM webapp.storage.AbstractStorage save
INFO: &amp#27;[32mSave 7937f8b1-3bd4-465f-9099-132cdc002a59(uuid3597)
сент. 19, 2025 6:42:49 PM webapp.storage.AbstractStorage save
INFO: &amp#27;[32mSave 338626ef-9db4-4bc3-809b-49443735aeb6(uuid3598)
сент. 19, 2025 6:42:49 PM webapp.storage.AbstractStorage save
INFO: &amp#27;[32mSave 64b1f74a-2af3-4a24-b4f9-ea1e9b61db30(uuid3599)
сент. 19, 2025 6:42:49 PM webapp.storage.AbstractStorage save
INFO: &amp#27;[32mSave c1b7e81e-7a8b-403c-b958-c075814cd22e(uuid3600)
сент. 19, 2025 6:42:49 PM webapp.storage.AbstractStorage save
INFO: &amp#27;[32mSave 19bb28ff-39bf-4a46-b7ea-0c16c4a5a233(uuid3601)
сент. 19, 2025 6:42:49 PM webapp.storage.AbstractStorage save
INFO: &amp#27;[32mSave 9d7cabf2-351e-4c84-bcac-568a5b1bbf58(uuid3602)
сент. 19, 2025 6:42:49 PM webapp.storage.AbstractStorage save
INFO: &amp#27;[32mSave 057e9c29-3e1f-4d3f-ba99-bdfd16c7d30c(uuid3603)
сент. 19, 2025 6:42:49 PM webapp.storage.AbstractStorage save
INFO: &amp#27;[32mSave 05d2b134-6d4c-4fad-a305-eea45d5a7955(uuid3604)
сент. 19, 2025 6:42:49 PM webapp.storage.AbstractStorage save
INFO: &amp#27;[32mSave 9720264d-8249-4ce6-bad3-dd593e45e018(uuid3605)
сент. 19, 2025 6:42:49 PM webapp.storage.AbstractStorage save
INFO: &amp#27;[32mSave 423f7ba6-9ed6-4da1-be26-2fec6827358a(uuid3606)
сент. 19, 2025 6:42:49 PM webapp.storage.AbstractStorage save
INFO: &amp#27;[32mSave 25845847-bfb4-4657-9e0a-7f9a017db889(uuid3607)
сент. 19, 2025 6:42:49 PM webapp.storage.AbstractStorage save
INFO: &amp#27;[32mSave 89c73942-fce0-45e3-9658-7e9f530ca3f0(uuid3608)
сент. 19, 2025 6:42:49 PM webapp.storage.AbstractStorage save
INFO: &amp#27;[32mSave 748d2e48-0dbf-4270-877e-a17f9cd4db34(uuid3609)
сент. 19, 2025 6:42:49 PM webapp.storage.AbstractStorage save
INFO: &amp#27;[32mSave 0d48221a-2fef-4fbd-9081-890805d87b6d(uuid3610)
сент. 19, 2025 6:42:49 PM webapp.storage.AbstractStorage save
INFO: &amp#27;[32mSave 78f1f51e-5271-46d2-a441-698e8d8e4d48(uuid3611)
сент. 19, 2025 6:42:49 PM webapp.storage.AbstractStorage save
INFO: &amp#27;[32mSave 535daeca-6023-4d94-98d9-1e87d1ff4a4d(uuid3612)
сент. 19, 2025 6:42:49 PM webapp.storage.AbstractStorage save
INFO: &amp#27;[32mSave 12329e26-5894-4adb-8fbe-a21f545aee78(uuid3613)
сент. 19, 2025 6:42:49 PM webapp.storage.AbstractStorage save
INFO: &amp#27;[32mSave 90c02dd7-2886-45c8-8963-a383dbbd1d37(uuid3614)
сент. 19, 2025 6:42:49 PM webapp.storage.AbstractStorage save
INFO: &amp#27;[32mSave 59b78e62-507d-470b-86b4-488f82e7c9c1(uuid3615)
сент. 19, 2025 6:42:49 PM webapp.storage.AbstractStorage save
INFO: &amp#27;[32mSave ef284bc7-e8f1-427f-b40f-21aa6d86d4b1(uuid3616)
сент. 19, 2025 6:42:49 PM webapp.storage.AbstractStorage save
INFO: &amp#27;[32mSave 7b289d79-895f-4147-9e93-ffe5a080abfb(uuid3617)
сент. 19, 2025 6:42:49 PM webapp.storage.AbstractStorage save
INFO: &amp#27;[32mSave bae11760-483d-4f62-b83a-bf364643d1f2(uuid3618)
сент. 19, 2025 6:42:49 PM webapp.storage.AbstractStorage save
INFO: &amp#27;[32mSave bafec8e7-b10f-4cdf-bd03-0430daa44acf(uuid3619)
сент. 19, 2025 6:42:49 PM webapp.storage.AbstractStorage save
INFO: &amp#27;[32mSave cfd98343-a33f-4fc1-a7cb-4c4036bd4345(uuid3620)
сент. 19, 2025 6:42:49 PM webapp.storage.AbstractStorage save
INFO: &amp#27;[32mSave 7574b575-3157-4948-8c9f-9f38b708503e(uuid3621)
сент. 19, 2025 6:42:49 PM webapp.storage.AbstractStorage save
INFO: &amp#27;[32mSave d59df6b2-9ef7-4a08-bfc7-136969c0a7fa(uuid3622)
сент. 19, 2025 6:42:49 PM webapp.storage.AbstractStorage save
INFO: &amp#27;[32mSave e10662a8-96c4-44cd-b808-f006f99e4b8c(uuid3623)
сент. 19, 2025 6:42:49 PM webapp.storage.AbstractStorage save
INFO: &amp#27;[32mSave 632e12f6-db4e-4402-9a3e-1ef0ef1403ce(uuid3624)
сент. 19, 2025 6:42:49 PM webapp.storage.AbstractStorage save
INFO: &amp#27;[32mSave 5a58f5db-39f9-4684-9f54-3669c597b9c4(uuid3625)
сент. 19, 2025 6:42:49 PM webapp.storage.AbstractStorage save
INFO: &amp#27;[32mSave 56103bdc-c437-4373-89d9-a2d100e01f65(uuid3626)
сент. 19, 2025 6:42:49 PM webapp.storage.AbstractStorage save
INFO: &amp#27;[32mSave b5ca3d9d-934c-488f-ad47-567d99ba2940(uuid3627)
сент. 19, 2025 6:42:49 PM webapp.storage.AbstractStorage save
INFO: &amp#27;[32mSave 2d551a2e-15e3-4386-b049-f8ca3263734d(uuid3628)
сент. 19, 2025 6:42:49 PM webapp.storage.AbstractStorage save
INFO: &amp#27;[32mSave c00e6926-b94a-4373-9682-af47cebcbb30(uuid3629)
сент. 19, 2025 6:42:49 PM webapp.storage.AbstractStorage save
INFO: &amp#27;[32mSave c7268884-7de7-433d-91b0-bee801597e54(uuid3630)
сент. 19, 2025 6:42:49 PM webapp.storage.AbstractStorage save
INFO: &amp#27;[32mSave 80a30f92-bae4-4fde-8638-17a2d0fea6da(uuid3631)
сент. 19, 2025 6:42:49 PM webapp.storage.AbstractStorage save
INFO: &amp#27;[32mSave 355321ea-aa48-4b30-b5b1-f433389a8753(uuid3632)
сент. 19, 2025 6:42:49 PM webapp.storage.AbstractStorage save
INFO: &amp#27;[32mSave 472d6a2b-c811-4d72-ae38-709fa6a5f3a1(uuid3633)
сент. 19, 2025 6:42:49 PM webapp.storage.AbstractStorage save
INFO: &amp#27;[32mSave 878671b8-574d-4d2d-87e6-cc4cc628afdb(uuid3634)
сент. 19, 2025 6:42:49 PM webapp.storage.AbstractStorage save
INFO: &amp#27;[32mSave ec38e93c-3c85-4291-b322-4aaba231559a(uuid3635)
сент. 19, 2025 6:42:49 PM webapp.storage.AbstractStorage save
INFO: &amp#27;[32mSave 11c842f9-d3aa-4dfe-b3d2-f2892bfd6dee(uuid3636)
сент. 19, 2025 6:42:49 PM webapp.storage.AbstractStorage save
INFO: &amp#27;[32mSave cf540549-d3dc-4fa0-aa5b-0dfd6f4c0cc7(uuid3637)
сент. 19, 2025 6:42:49 PM webapp.storage.AbstractStorage save
INFO: &amp#27;[32mSave ef7c6c73-711b-41e3-815d-187bfd71a160(uuid3638)
сент. 19, 2025 6:42:49 PM webapp.storage.AbstractStorage save
INFO: &amp#27;[32mSave a5753121-91d2-4207-816b-78fbae0cb83a(uuid3639)
сент. 19, 2025 6:42:49 PM webapp.storage.AbstractStorage save
INFO: &amp#27;[32mSave fdfd9766-a4fc-4abf-8c79-ce82bd8804a1(uuid3640)
сент. 19, 2025 6:42:49 PM webapp.storage.AbstractStorage save
INFO: &amp#27;[32mSave 713e8dd0-8728-43ff-b1b8-548630d5619c(uuid3641)
сент. 19, 2025 6:42:49 PM webapp.storage.AbstractStorage save
INFO: &amp#27;[32mSave 79464515-4da5-473d-81fa-134c50a32956(uuid3642)
сент. 19, 2025 6:42:49 PM webapp.storage.AbstractStorage save
INFO: &amp#27;[32mSave f89ea148-b4b1-4619-8815-c33281bfe34c(uuid3643)
сент. 19, 2025 6:42:49 PM webapp.storage.AbstractStorage save
INFO: &amp#27;[32mSave df5e1e1b-9243-4673-ac36-af793829e74d(uuid3644)
сент. 19, 2025 6:42:49 PM webapp.storage.AbstractStorage save
INFO: &amp#27;[32mSave e04b0c6e-2aa6-41da-a2d3-607f0be95d46(uuid3645)
сент. 19, 2025 6:42:49 PM webapp.storage.AbstractStorage save
INFO: &amp#27;[32mSave 5fcc4801-6091-4fd3-a8e1-3dec7de6e7c5(uuid3646)
сент. 19, 2025 6:42:49 PM webapp.storage.AbstractStorage save
INFO: &amp#27;[32mSave e1b890f9-5372-45ef-ad54-22dae11f1ddb(uuid3647)
сент. 19, 2025 6:42:49 PM webapp.storage.AbstractStorage save
INFO: &amp#27;[32mSave 38977552-fcb0-4bbe-b0a5-815c628cdc49(uuid3648)
сент. 19, 2025 6:42:49 PM webapp.storage.AbstractStorage save
INFO: &amp#27;[32mSave 15791894-f6b0-4aa1-a285-57529ed9ec2f(uuid3649)
сент. 19, 2025 6:42:49 PM webapp.storage.AbstractStorage save
INFO: &amp#27;[32mSave e5e2468d-bf45-447d-b269-a685fe60fd15(uuid3650)
сент. 19, 2025 6:42:49 PM webapp.storage.AbstractStorage save
INFO: &amp#27;[32mSave b513c412-3b5d-4e35-ad69-f6b3948b177c(uuid3651)
сент. 19, 2025 6:42:49 PM webapp.storage.AbstractStorage save
INFO: &amp#27;[32mSave 76edeabc-3beb-4475-b899-e686bd451a29(uuid3652)
сент. 19, 2025 6:42:49 PM webapp.storage.AbstractStorage save
INFO: &amp#27;[32mSave c6f44590-9933-45c4-928b-887cf989f663(uuid3653)
сент. 19, 2025 6:42:49 PM webapp.storage.AbstractStorage save
INFO: &amp#27;[32mSave fde72b9c-45e8-4149-88a2-3a2a7bab35ee(uuid3654)
сент. 19, 2025 6:42:49 PM webapp.storage.AbstractStorage save
INFO: &amp#27;[32mSave a0badf81-a569-4c3d-9924-801bcf90dced(uuid3655)
сент. 19, 2025 6:42:49 PM webapp.storage.AbstractStorage save
INFO: &amp#27;[32mSave 97b243bb-4ed6-412c-baf0-57e6538d6e49(uuid3656)
сент. 19, 2025 6:42:49 PM webapp.storage.AbstractStorage save
INFO: &amp#27;[32mSave f1ee364d-a558-4745-9f8c-1eb244ac56f8(uuid3657)
сент. 19, 2025 6:42:49 PM webapp.storage.AbstractStorage save
INFO: &amp#27;[32mSave 13421eb5-48d4-4154-9728-7c59220d77ae(uuid3658)
сент. 19, 2025 6:42:49 PM webapp.storage.AbstractStorage save
INFO: &amp#27;[32mSave 28b3ef29-3716-444a-8231-321cef4375e1(uuid3659)
сент. 19, 2025 6:42:49 PM webapp.storage.AbstractStorage save
INFO: &amp#27;[32mSave 076b36a8-f4f5-43da-9f45-b0eed7812bab(uuid3660)
сент. 19, 2025 6:42:49 PM webapp.storage.AbstractStorage save
INFO: &amp#27;[32mSave 1d4524e0-b2a2-410d-8b47-f1844baaa314(uuid3661)
сент. 19, 2025 6:42:49 PM webapp.storage.AbstractStorage save
INFO: &amp#27;[32mSave 8a3b59e9-64da-4c41-b03b-7f94de801db3(uuid3662)
сент. 19, 2025 6:42:49 PM webapp.storage.AbstractStorage save
INFO: &amp#27;[32mSave a0492183-6eab-4d86-acda-05d9febac8a3(uuid3663)
сент. 19, 2025 6:42:49 PM webapp.storage.AbstractStorage save
INFO: &amp#27;[32mSave 24a90a33-01e1-452e-a3f3-0198085ca573(uuid3664)
сент. 19, 2025 6:42:49 PM webapp.storage.AbstractStorage save
INFO: &amp#27;[32mSave 6a26f716-e9f2-4532-8417-44fb1dc982c5(uuid3665)
сент. 19, 2025 6:42:49 PM webapp.storage.AbstractStorage save
INFO: &amp#27;[32mSave bb82f87f-c098-416b-ad2b-3f52e2d1128a(uuid3666)
сент. 19, 2025 6:42:49 PM webapp.storage.AbstractStorage save
INFO: &amp#27;[32mSave 3f69d251-46ef-4676-a449-8ce8e72d42d5(uuid3667)
сент. 19, 2025 6:42:49 PM webapp.storage.AbstractStorage save
INFO: &amp#27;[32mSave 09bfa299-e17a-4eda-bf57-5c248cc4e0c1(uuid3668)
сент. 19, 2025 6:42:49 PM webapp.storage.AbstractStorage save
INFO: &amp#27;[32mSave f29736d3-077e-40db-a98c-80ed3ea38a55(uuid3669)
сент. 19, 2025 6:42:49 PM webapp.storage.AbstractStorage save
INFO: &amp#27;[32mSave b259867a-56b6-4b29-91d1-81dd541cf0bf(uuid3670)
сент. 19, 2025 6:42:49 PM webapp.storage.AbstractStorage save
INFO: &amp#27;[32mSave 3715ed5c-1df6-40c9-b4fa-a99851a93739(uuid3671)
сент. 19, 2025 6:42:49 PM webapp.storage.AbstractStorage save
INFO: &amp#27;[32mSave 02a5d3ef-9899-48cb-8a6d-4a2685178d1e(uuid3672)
сент. 19, 2025 6:42:49 PM webapp.storage.AbstractStorage save
INFO: &amp#27;[32mSave 71acfe4a-3fd3-4007-914d-72c5420286b9(uuid3673)
сент. 19, 2025 6:42:49 PM webapp.storage.AbstractStorage save
INFO: &amp#27;[32mSave 112a5296-cf68-4ada-8b98-5865adf16610(uuid3674)
сент. 19, 2025 6:42:49 PM webapp.storage.AbstractStorage save
INFO: &amp#27;[32mSave 18b33aec-11a3-4e75-ae24-d1a77475ac58(uuid3675)
сент. 19, 2025 6:42:49 PM webapp.storage.AbstractStorage save
INFO: &amp#27;[32mSave 085ce00c-6afd-4c18-95d6-d4ea1f6fc0b5(uuid3676)
сент. 19, 2025 6:42:49 PM webapp.storage.AbstractStorage save
INFO: &amp#27;[32mSave baee1f30-24c1-4e97-8022-5a5bd73dd436(uuid3677)
сент. 19, 2025 6:42:49 PM webapp.storage.AbstractStorage save
INFO: &amp#27;[32mSave eaf031e1-4895-4b07-9852-4b496d20cc1f(uuid3678)
сент. 19, 2025 6:42:49 PM webapp.storage.AbstractStorage save
INFO: &amp#27;[32mSave 75e4bb34-d349-4a19-bea0-a3d87573636f(uuid3679)
сент. 19, 2025 6:42:49 PM webapp.storage.AbstractStorage save
INFO: &amp#27;[32mSave 34bd2487-80ed-482c-8436-bc07d04d78b5(uuid3680)
сент. 19, 2025 6:42:49 PM webapp.storage.AbstractStorage save
INFO: &amp#27;[32mSave 80c91c33-1b9c-40f5-b1dd-957f4485a509(uuid3681)
сент. 19, 2025 6:42:49 PM webapp.storage.AbstractStorage save
INFO: &amp#27;[32mSave 9f6ed4fc-dbda-4fc5-b9cf-f90c8b0bc7fc(uuid3682)
сент. 19, 2025 6:42:49 PM webapp.storage.AbstractStorage save
INFO: &amp#27;[32mSave 90891fd3-69be-4b11-a47c-b66748ac1213(uuid3683)
сент. 19, 2025 6:42:49 PM webapp.storage.AbstractStorage save
INFO: &amp#27;[32mSave 5d77e9d9-2620-4114-b38e-3fe0195780d8(uuid3684)
сент. 19, 2025 6:42:49 PM webapp.storage.AbstractStorage save
INFO: &amp#27;[32mSave 0f6640e9-d458-497e-90fb-e99c0b634eda(uuid3685)
сент. 19, 2025 6:42:49 PM webapp.storage.AbstractStorage save
INFO: &amp#27;[32mSave 48afdf35-89bc-432d-9219-5c80d9e2658c(uuid3686)
сент. 19, 2025 6:42:49 PM webapp.storage.AbstractStorage save
INFO: &amp#27;[32mSave b471c3d3-5a76-4a93-a3e5-8d5314b0f23a(uuid3687)
сент. 19, 2025 6:42:49 PM webapp.storage.AbstractStorage save
INFO: &amp#27;[32mSave 71a1fa19-05f0-46e1-8218-b27efe461193(uuid3688)
сент. 19, 2025 6:42:49 PM webapp.storage.AbstractStorage save
INFO: &amp#27;[32mSave 7ca0423d-7a27-45cc-8498-0c78d785782e(uuid3689)
сент. 19, 2025 6:42:49 PM webapp.storage.AbstractStorage save
INFO: &amp#27;[32mSave 7b28cdd6-c79e-4489-ab62-51326840fb0c(uuid3690)
сент. 19, 2025 6:42:49 PM webapp.storage.AbstractStorage save
INFO: &amp#27;[32mSave f1c0baa5-440b-46b0-b962-891e8da1043e(uuid3691)
сент. 19, 2025 6:42:49 PM webapp.storage.AbstractStorage save
INFO: &amp#27;[32mSave 57984c24-1c33-414a-993e-86a4b0337329(uuid3692)
сент. 19, 2025 6:42:49 PM webapp.storage.AbstractStorage save
INFO: &amp#27;[32mSave 165ec138-5513-4f39-9c41-b2fff50c6804(uuid3693)
сент. 19, 2025 6:42:49 PM webapp.storage.AbstractStorage save
INFO: &amp#27;[32mSave 694e8ca1-c68a-4ae2-b6fb-966be98a3786(uuid3694)
сент. 19, 2025 6:42:49 PM webapp.storage.AbstractStorage save
INFO: &amp#27;[32mSave 0c6e98a9-338a-45a9-aa71-7e5873223314(uuid3695)
сент. 19, 2025 6:42:49 PM webapp.storage.AbstractStorage save
INFO: &amp#27;[32mSave 43f032b2-dd31-4788-9495-ce9893e774b4(uuid3696)
сент. 19, 2025 6:42:49 PM webapp.storage.AbstractStorage save
INFO: &amp#27;[32mSave 18d3e33f-b292-45c8-8d4c-3a647401e1a2(uuid3697)
сент. 19, 2025 6:42:49 PM webapp.storage.AbstractStorage save
INFO: &amp#27;[32mSave c1e9f4ac-5301-4eb2-8d8e-bb2eb8b1f471(uuid3698)
сент. 19, 2025 6:42:49 PM webapp.storage.AbstractStorage save
INFO: &amp#27;[32mSave 9cdf457e-5f66-42c1-b266-bcb47fa333ba(uuid3699)
сент. 19, 2025 6:42:49 PM webapp.storage.AbstractStorage save
INFO: &amp#27;[32mSave ed72575c-5c16-45d7-b694-7c3a7a2bfbff(uuid3700)
сент. 19, 2025 6:42:49 PM webapp.storage.AbstractStorage save
INFO: &amp#27;[32mSave 9dc2e513-cd7b-408a-bea4-a904ced9d99e(uuid3701)
сент. 19, 2025 6:42:49 PM webapp.storage.AbstractStorage save
INFO: &amp#27;[32mSave a774230d-a003-4381-9777-b4624a35194d(uuid3702)
сент. 19, 2025 6:42:49 PM webapp.storage.AbstractStorage save
INFO: &amp#27;[32mSave 3f095b2c-f42a-475e-b10e-f8787356b6b3(uuid3703)
сент. 19, 2025 6:42:49 PM webapp.storage.AbstractStorage save
INFO: &amp#27;[32mSave 26ac1dad-6e69-42b6-a575-93145c2a6113(uuid3704)
сент. 19, 2025 6:42:49 PM webapp.storage.AbstractStorage save
INFO: &amp#27;[32mSave 873c908c-f1f7-4460-bb75-4ea17c6a9f0b(uuid3705)
сент. 19, 2025 6:42:49 PM webapp.storage.AbstractStorage save
INFO: &amp#27;[32mSave 1e626eb5-0204-40f9-a189-0d77ee1967e4(uuid3706)
сент. 19, 2025 6:42:49 PM webapp.storage.AbstractStorage save
INFO: &amp#27;[32mSave 294275d8-a5da-40ac-bc02-ea54aa17bfb3(uuid3707)
сент. 19, 2025 6:42:49 PM webapp.storage.AbstractStorage save
INFO: &amp#27;[32mSave 12aee7ae-44f0-420a-8058-28c600620ea3(uuid3708)
сент. 19, 2025 6:42:49 PM webapp.storage.AbstractStorage save
INFO: &amp#27;[32mSave b56b3d17-6506-4c8b-a061-ce9129b53d76(uuid3709)
сент. 19, 2025 6:42:49 PM webapp.storage.AbstractStorage save
INFO: &amp#27;[32mSave 75252817-60d1-417e-84fd-5ed0f0402778(uuid3710)
сент. 19, 2025 6:42:49 PM webapp.storage.AbstractStorage save
INFO: &amp#27;[32mSave 663d4bba-7c0c-4e8e-9b8d-8ef02be9734c(uuid3711)
сент. 19, 2025 6:42:49 PM webapp.storage.AbstractStorage save
INFO: &amp#27;[32mSave 45dfe880-d19f-4d4d-b897-869929f1d623(uuid3712)
сент. 19, 2025 6:42:49 PM webapp.storage.AbstractStorage save
INFO: &amp#27;[32mSave 58ba6d0d-fc46-42db-b250-c1d55a3c8d7a(uuid3713)
сент. 19, 2025 6:42:49 PM webapp.storage.AbstractStorage save
INFO: &amp#27;[32mSave b8e752bc-5f3e-4c2f-9a6b-295267caccf6(uuid3714)
сент. 19, 2025 6:42:49 PM webapp.storage.AbstractStorage save
INFO: &amp#27;[32mSave 642e7f8c-e5cb-4d6e-aaf5-7b53ba1083a0(uuid3715)
сент. 19, 2025 6:42:49 PM webapp.storage.AbstractStorage save
INFO: &amp#27;[32mSave c5c762b3-ab18-42c3-8615-c274bf38ae36(uuid3716)
сент. 19, 2025 6:42:49 PM webapp.storage.AbstractStorage save
INFO: &amp#27;[32mSave 5154f2cf-46df-49ec-a927-98d12b74b0c8(uuid3717)
сент. 19, 2025 6:42:49 PM webapp.storage.AbstractStorage save
INFO: &amp#27;[32mSave e00f6ec4-620d-4db2-a4a9-71f9c5448031(uuid3718)
сент. 19, 2025 6:42:49 PM webapp.storage.AbstractStorage save
INFO: &amp#27;[32mSave 189abfd4-971e-4386-a0f1-12dd0f4ed466(uuid3719)
сент. 19, 2025 6:42:49 PM webapp.storage.AbstractStorage save
INFO: &amp#27;[32mSave 16bff72b-072f-427e-809d-3a49673025e8(uuid3720)
сент. 19, 2025 6:42:49 PM webapp.storage.AbstractStorage save
INFO: &amp#27;[32mSave 8b6f17ca-7dc0-4cd4-9bca-ed42464584c1(uuid3721)
сент. 19, 2025 6:42:49 PM webapp.storage.AbstractStorage save
INFO: &amp#27;[32mSave ea676d1c-8b4d-49b7-8090-855a4275864f(uuid3722)
сент. 19, 2025 6:42:49 PM webapp.storage.AbstractStorage save
INFO: &amp#27;[32mSave 77ea3094-5944-41da-aaf8-a71ff507cae4(uuid3723)
сент. 19, 2025 6:42:49 PM webapp.storage.AbstractStorage save
INFO: &amp#27;[32mSave 8ad21cd6-0727-47cc-838e-42cc04e5a7dd(uuid3724)
сент. 19, 2025 6:42:49 PM webapp.storage.AbstractStorage save
INFO: &amp#27;[32mSave dc078117-7531-4673-82cc-54e80a771405(uuid3725)
сент. 19, 2025 6:42:49 PM webapp.storage.AbstractStorage save
INFO: &amp#27;[32mSave 0b0a2a14-48d2-4a6a-b81b-6f2fad0730ea(uuid3726)
сент. 19, 2025 6:42:49 PM webapp.storage.AbstractStorage save
INFO: &amp#27;[32mSave 2cb4b6f7-bd28-4ba0-a0d5-db8cd171a0f3(uuid3727)
сент. 19, 2025 6:42:49 PM webapp.storage.AbstractStorage save
INFO: &amp#27;[32mSave 7b695142-25aa-4208-bc04-9cd2d7be4d69(uuid3728)
сент. 19, 2025 6:42:49 PM webapp.storage.AbstractStorage save
INFO: &amp#27;[32mSave 031f95e1-eace-4acc-a577-784735ffa8f8(uuid3729)
сент. 19, 2025 6:42:49 PM webapp.storage.AbstractStorage save
INFO: &amp#27;[32mSave 55e25f76-ae3a-4faf-b716-3dc186cdd0b6(uuid3730)
сент. 19, 2025 6:42:49 PM webapp.storage.AbstractStorage save
INFO: &amp#27;[32mSave 74a76c77-1166-4b53-866e-26657969fd33(uuid3731)
сент. 19, 2025 6:42:49 PM webapp.storage.AbstractStorage save
INFO: &amp#27;[32mSave 3e83c9dc-85bd-41da-9dd5-8bfb303d713f(uuid3732)
сент. 19, 2025 6:42:49 PM webapp.storage.AbstractStorage save
INFO: &amp#27;[32mSave ad93a3c3-a4ab-46a5-97d9-245a1e9f391b(uuid3733)
сент. 19, 2025 6:42:49 PM webapp.storage.AbstractStorage save
INFO: &amp#27;[32mSave 638496f8-1d66-4cd2-9a61-4456a2d5213c(uuid3734)
сент. 19, 2025 6:42:49 PM webapp.storage.AbstractStorage save
INFO: &amp#27;[32mSave d6ed22dd-59f4-46a4-bf5b-b925640a871c(uuid3735)
сент. 19, 2025 6:42:49 PM webapp.storage.AbstractStorage save
INFO: &amp#27;[32mSave c313f720-d610-4b52-ae6d-196a3c98be95(uuid3736)
сент. 19, 2025 6:42:49 PM webapp.storage.AbstractStorage save
INFO: &amp#27;[32mSave ab8ec38f-0dbf-4895-a1a7-f5bfbf00430a(uuid3737)
сент. 19, 2025 6:42:49 PM webapp.storage.AbstractStorage save
INFO: &amp#27;[32mSave 599ac14f-5d2a-4a77-9227-cc56f6713fe9(uuid3738)
сент. 19, 2025 6:42:49 PM webapp.storage.AbstractStorage save
INFO: &amp#27;[32mSave 19e9d9e0-6db6-48e0-b3b9-fbf71bad0391(uuid3739)
сент. 19, 2025 6:42:49 PM webapp.storage.AbstractStorage save
INFO: &amp#27;[32mSave 851da37c-c77d-44f6-9a5a-502c93ef8f03(uuid3740)
сент. 19, 2025 6:42:49 PM webapp.storage.AbstractStorage save
INFO: &amp#27;[32mSave 8bfafa12-49e3-437f-833f-bbec60e2a715(uuid3741)
сент. 19, 2025 6:42:49 PM webapp.storage.AbstractStorage save
INFO: &amp#27;[32mSave 02fc1c8f-3981-4314-b525-65ca105ac6ff(uuid3742)
сент. 19, 2025 6:42:49 PM webapp.storage.AbstractStorage save
INFO: &amp#27;[32mSave e040748d-f1f0-4165-90ed-f9fe39c82cd6(uuid3743)
сент. 19, 2025 6:42:49 PM webapp.storage.AbstractStorage save
INFO: &amp#27;[32mSave 4c99185f-1757-4501-b8cf-813274b0cd98(uuid3744)
сент. 19, 2025 6:42:49 PM webapp.storage.AbstractStorage save
INFO: &amp#27;[32mSave 5ff9244d-71d5-4428-9ae0-327d108dd328(uuid3745)
сент. 19, 2025 6:42:49 PM webapp.storage.AbstractStorage save
INFO: &amp#27;[32mSave 6a5474e7-69d3-423f-b1ca-c7f4ce68e8c7(uuid3746)
сент. 19, 2025 6:42:49 PM webapp.storage.AbstractStorage save
INFO: &amp#27;[32mSave 9a465b35-4517-4f66-9dca-0ce16002ebf8(uuid3747)
сент. 19, 2025 6:42:49 PM webapp.storage.AbstractStorage save
INFO: &amp#27;[32mSave 7eced871-2b71-422b-9d98-c7f575e9c32b(uuid3748)
сент. 19, 2025 6:42:49 PM webapp.storage.AbstractStorage save
INFO: &amp#27;[32mSave 899316ed-4376-45be-84c3-4c5bd4f05166(uuid3749)
сент. 19, 2025 6:42:49 PM webapp.storage.AbstractStorage save
INFO: &amp#27;[32mSave 83d6e800-537d-4444-aec9-a9a511459fad(uuid3750)
сент. 19, 2025 6:42:49 PM webapp.storage.AbstractStorage save
INFO: &amp#27;[32mSave 34b83d50-a2a9-4882-b77f-90faf23f806d(uuid3751)
сент. 19, 2025 6:42:49 PM webapp.storage.AbstractStorage save
INFO: &amp#27;[32mSave 3d97423c-c36b-4f90-88fc-81faf9386443(uuid3752)
сент. 19, 2025 6:42:49 PM webapp.storage.AbstractStorage save
INFO: &amp#27;[32mSave 2d1ec8be-b046-4e5a-8449-8d909ff44a6d(uuid3753)
сент. 19, 2025 6:42:49 PM webapp.storage.AbstractStorage save
INFO: &amp#27;[32mSave 39b9cf64-61a3-427c-b2f0-2e194f056c6b(uuid3754)
сент. 19, 2025 6:42:49 PM webapp.storage.AbstractStorage save
INFO: &amp#27;[32mSave 8d758088-3284-481f-a830-cf70bb5847f4(uuid3755)
сент. 19, 2025 6:42:49 PM webapp.storage.AbstractStorage save
INFO: &amp#27;[32mSave aa0ce4ad-6540-4e85-8566-21cd50579b36(uuid3756)
сент. 19, 2025 6:42:49 PM webapp.storage.AbstractStorage save
INFO: &amp#27;[32mSave 5744843f-349e-4e8a-8ac3-b86358c754de(uuid3757)
сент. 19, 2025 6:42:49 PM webapp.storage.AbstractStorage save
INFO: &amp#27;[32mSave dcc905f9-42b9-4281-9fbf-4f0561c90bfe(uuid3758)
сент. 19, 2025 6:42:49 PM webapp.storage.AbstractStorage save
INFO: &amp#27;[32mSave 6700868d-b753-445a-9522-7527e5fdcf42(uuid3759)
сент. 19, 2025 6:42:49 PM webapp.storage.AbstractStorage save
INFO: &amp#27;[32mSave 2c39afe3-67ed-4f9c-96de-5f17aadc5708(uuid3760)
сент. 19, 2025 6:42:49 PM webapp.storage.AbstractStorage save
INFO: &amp#27;[32mSave 9d00eaf9-ac3d-44c5-92d1-0be8ef4bb99a(uuid3761)
сент. 19, 2025 6:42:49 PM webapp.storage.AbstractStorage save
INFO: &amp#27;[32mSave d1843090-fb67-4601-91c6-040f3d869b9c(uuid3762)
сент. 19, 2025 6:42:49 PM webapp.storage.AbstractStorage save
INFO: &amp#27;[32mSave dcccb488-c269-47b1-9351-ced02572ab08(uuid3763)
сент. 19, 2025 6:42:49 PM webapp.storage.AbstractStorage save
INFO: &amp#27;[32mSave ce47d53d-5144-4e4d-b502-4de41a689e32(uuid3764)
сент. 19, 2025 6:42:49 PM webapp.storage.AbstractStorage save
INFO: &amp#27;[32mSave 95c1ef25-691e-427d-b7c7-bf1f2dab7a64(uuid3765)
сент. 19, 2025 6:42:49 PM webapp.storage.AbstractStorage save
INFO: &amp#27;[32mSave f2e267fe-fd12-488d-9e74-d60dc7172d18(uuid3766)
сент. 19, 2025 6:42:49 PM webapp.storage.AbstractStorage save
INFO: &amp#27;[32mSave 7810ddfd-211c-47f8-b9dd-4a9c35daf5ef(uuid3767)
сент. 19, 2025 6:42:49 PM webapp.storage.AbstractStorage save
INFO: &amp#27;[32mSave 584e9383-b732-4915-b4df-696c5a80dc07(uuid3768)
сент. 19, 2025 6:42:49 PM webapp.storage.AbstractStorage save
INFO: &amp#27;[32mSave 444f9e29-529e-4b84-885a-c8f704982cd5(uuid3769)
сент. 19, 2025 6:42:49 PM webapp.storage.AbstractStorage save
INFO: &amp#27;[32mSave 996ce0ad-2b95-4588-96b4-6d60f1bdb8e9(uuid3770)
сент. 19, 2025 6:42:49 PM webapp.storage.AbstractStorage save
INFO: &amp#27;[32mSave 2eefa5ea-4d3f-465c-aef5-0fb60f310d14(uuid3771)
сент. 19, 2025 6:42:49 PM webapp.storage.AbstractStorage save
INFO: &amp#27;[32mSave 253c5c29-c738-4059-b870-0a9f4e30342f(uuid3772)
сент. 19, 2025 6:42:49 PM webapp.storage.AbstractStorage save
INFO: &amp#27;[32mSave 1c003eb9-e56e-424e-ba2c-a26403255223(uuid3773)
сент. 19, 2025 6:42:49 PM webapp.storage.AbstractStorage save
INFO: &amp#27;[32mSave 988a9169-f370-4a55-af5c-0797c5269833(uuid3774)
сент. 19, 2025 6:42:49 PM webapp.storage.AbstractStorage save
INFO: &amp#27;[32mSave bd6cbf33-f51c-49d5-a4b6-3515bfd45e7f(uuid3775)
сент. 19, 2025 6:42:49 PM webapp.storage.AbstractStorage save
INFO: &amp#27;[32mSave c4f6614d-0bf5-477f-a524-e6714b35918b(uuid3776)
сент. 19, 2025 6:42:49 PM webapp.storage.AbstractStorage save
INFO: &amp#27;[32mSave cc2ea78a-b9e5-4aab-9162-c9892cd81765(uuid3777)
сент. 19, 2025 6:42:49 PM webapp.storage.AbstractStorage save
INFO: &amp#27;[32mSave be8a3dd8-2d1e-43c7-bd2e-f9b15fbcec17(uuid3778)
сент. 19, 2025 6:42:49 PM webapp.storage.AbstractStorage save
INFO: &amp#27;[32mSave 69674e6f-d17c-4f94-bf80-67bdc2db069c(uuid3779)
сент. 19, 2025 6:42:49 PM webapp.storage.AbstractStorage save
INFO: &amp#27;[32mSave 44e726c3-9b51-495b-ab8b-b8a8d7780761(uuid3780)
сент. 19, 2025 6:42:49 PM webapp.storage.AbstractStorage save
INFO: &amp#27;[32mSave 9f88910a-1b6d-4dc2-97f4-22a34badb9e2(uuid3781)
сент. 19, 2025 6:42:49 PM webapp.storage.AbstractStorage save
INFO: &amp#27;[32mSave 23499968-c46b-48b4-afd0-847323f3b6ad(uuid3782)
сент. 19, 2025 6:42:49 PM webapp.storage.AbstractStorage save
INFO: &amp#27;[32mSave df6b42c3-56bd-4c77-b742-725c3bccac42(uuid3783)
сент. 19, 2025 6:42:49 PM webapp.storage.AbstractStorage save
INFO: &amp#27;[32mSave d3aa6763-df45-4411-ad51-b679fa482a9c(uuid3784)
сент. 19, 2025 6:42:49 PM webapp.storage.AbstractStorage save
INFO: &amp#27;[32mSave 9bd02dc5-da07-4c3a-9d35-61751393c47a(uuid3785)
сент. 19, 2025 6:42:49 PM webapp.storage.AbstractStorage save
INFO: &amp#27;[32mSave 0edd518d-edec-4beb-92b5-95b5d1ad7a32(uuid3786)
сент. 19, 2025 6:42:49 PM webapp.storage.AbstractStorage save
INFO: &amp#27;[32mSave 1d7af3af-e2d9-46f4-adb7-6aafde5e547d(uuid3787)
сент. 19, 2025 6:42:49 PM webapp.storage.AbstractStorage save
INFO: &amp#27;[32mSave 24f7589e-3606-4663-a56b-26dc356e39bc(uuid3788)
сент. 19, 2025 6:42:49 PM webapp.storage.AbstractStorage save
INFO: &amp#27;[32mSave 6e50bbf3-ac71-4a49-a6a5-47c212a6f510(uuid3789)
сент. 19, 2025 6:42:49 PM webapp.storage.AbstractStorage save
INFO: &amp#27;[32mSave 6521cdf3-0d0a-45df-8f5e-dd4fc628ebe1(uuid3790)
сент. 19, 2025 6:42:49 PM webapp.storage.AbstractStorage save
INFO: &amp#27;[32mSave 4b3a0bc0-9869-4a47-8623-a4df70ffd33b(uuid3791)
сент. 19, 2025 6:42:49 PM webapp.storage.AbstractStorage save
INFO: &amp#27;[32mSave 2e1630ee-ceb8-4964-a033-d15d1e76f3ef(uuid3792)
сент. 19, 2025 6:42:49 PM webapp.storage.AbstractStorage save
INFO: &amp#27;[32mSave 5ad2603e-6959-4fae-94fb-643dd2e2d93a(uuid3793)
сент. 19, 2025 6:42:49 PM webapp.storage.AbstractStorage save
INFO: &amp#27;[32mSave 8d392e26-cefa-4710-9ba6-45b37e8284d7(uuid3794)
сент. 19, 2025 6:42:49 PM webapp.storage.AbstractStorage save
INFO: &amp#27;[32mSave e0df8c19-84ae-4231-abaa-4fe332590682(uuid3795)
сент. 19, 2025 6:42:49 PM webapp.storage.AbstractStorage save
INFO: &amp#27;[32mSave 2caf7961-a68f-46ff-b58e-7b1fa7332cf2(uuid3796)
сент. 19, 2025 6:42:49 PM webapp.storage.AbstractStorage save
INFO: &amp#27;[32mSave 5c9a1e80-4c36-45d8-9d76-77f12a47c472(uuid3797)
сент. 19, 2025 6:42:49 PM webapp.storage.AbstractStorage save
INFO: &amp#27;[32mSave c152a067-ab54-4953-84e0-ec443c88e3ab(uuid3798)
сент. 19, 2025 6:42:49 PM webapp.storage.AbstractStorage save
INFO: &amp#27;[32mSave e807d7df-345a-4265-93fe-afdae41e3535(uuid3799)
сент. 19, 2025 6:42:49 PM webapp.storage.AbstractStorage save
INFO: &amp#27;[32mSave 16fd9f8e-07dd-4961-b776-32addc589d68(uuid3800)
сент. 19, 2025 6:42:49 PM webapp.storage.AbstractStorage save
INFO: &amp#27;[32mSave a8b008ba-bed7-4323-9c1b-1f3c4618f4f3(uuid3801)
сент. 19, 2025 6:42:49 PM webapp.storage.AbstractStorage save
INFO: &amp#27;[32mSave 6fc43b7b-9eba-4ee4-a9e2-2f4a17019200(uuid3802)
сент. 19, 2025 6:42:49 PM webapp.storage.AbstractStorage save
INFO: &amp#27;[32mSave 4d1e638e-a115-4938-ae36-3a8bb95ecf14(uuid3803)
сент. 19, 2025 6:42:49 PM webapp.storage.AbstractStorage save
INFO: &amp#27;[32mSave ce344671-fadf-49fd-ba31-e2520f667241(uuid3804)
сент. 19, 2025 6:42:49 PM webapp.storage.AbstractStorage save
INFO: &amp#27;[32mSave 003b36ae-265d-4022-b5f7-a314955e2f91(uuid3805)
сент. 19, 2025 6:42:49 PM webapp.storage.AbstractStorage save
INFO: &amp#27;[32mSave b72fa9eb-552a-4e9d-be85-1893b5c6dee6(uuid3806)
сент. 19, 2025 6:42:49 PM webapp.storage.AbstractStorage save
INFO: &amp#27;[32mSave 9496f3ae-af5b-4a6c-a541-57f905117275(uuid3807)
сент. 19, 2025 6:42:49 PM webapp.storage.AbstractStorage save
INFO: &amp#27;[32mSave 3100db3e-0116-441d-8dac-b02e5cf2f161(uuid3808)
сент. 19, 2025 6:42:49 PM webapp.storage.AbstractStorage save
INFO: &amp#27;[32mSave bd4bd1d4-92be-4fd9-a709-3a2c917c859a(uuid3809)
сент. 19, 2025 6:42:49 PM webapp.storage.AbstractStorage save
INFO: &amp#27;[32mSave 8e870f09-7fa9-4a2a-a7c3-f08f660e4927(uuid3810)
сент. 19, 2025 6:42:49 PM webapp.storage.AbstractStorage save
INFO: &amp#27;[32mSave 2f93bf7f-cf99-4769-978a-b90885426ba1(uuid3811)
сент. 19, 2025 6:42:49 PM webapp.storage.AbstractStorage save
INFO: &amp#27;[32mSave b864ce1c-f9ed-43b7-bcb9-1e82943b15c4(uuid3812)
сент. 19, 2025 6:42:49 PM webapp.storage.AbstractStorage save
INFO: &amp#27;[32mSave 6560135f-3592-4bcc-a5f7-d6aee38472e7(uuid3813)
сент. 19, 2025 6:42:49 PM webapp.storage.AbstractStorage save
INFO: &amp#27;[32mSave 06aa82e0-0dbc-420c-ac08-0efd531c14fc(uuid3814)
сент. 19, 2025 6:42:49 PM webapp.storage.AbstractStorage save
INFO: &amp#27;[32mSave 4e64f059-63c7-4749-ba7f-f96bba37ea7f(uuid3815)
сент. 19, 2025 6:42:49 PM webapp.storage.AbstractStorage save
INFO: &amp#27;[32mSave e9ac58bf-b911-46a8-b0d0-682ea967d439(uuid3816)
сент. 19, 2025 6:42:49 PM webapp.storage.AbstractStorage save
INFO: &amp#27;[32mSave 98e40daa-9cc7-42ce-97ba-38f4b90e64e4(uuid3817)
сент. 19, 2025 6:42:49 PM webapp.storage.AbstractStorage save
INFO: &amp#27;[32mSave ba2d9401-7b7d-43a1-81ae-7ace971deb12(uuid3818)
сент. 19, 2025 6:42:49 PM webapp.storage.AbstractStorage save
INFO: &amp#27;[32mSave b06867ff-ffbe-4711-bd93-20504b8a8304(uuid3819)
сент. 19, 2025 6:42:49 PM webapp.storage.AbstractStorage save
INFO: &amp#27;[32mSave 507addd9-f8cd-48b2-a519-615ca3778644(uuid3820)
сент. 19, 2025 6:42:49 PM webapp.storage.AbstractStorage save
INFO: &amp#27;[32mSave 1cb607f5-0a9c-4a83-89ce-e3161a8ede93(uuid3821)
сент. 19, 2025 6:42:49 PM webapp.storage.AbstractStorage save
INFO: &amp#27;[32mSave cc649574-428a-4239-8bc2-3a555aec8545(uuid3822)
сент. 19, 2025 6:42:49 PM webapp.storage.AbstractStorage save
INFO: &amp#27;[32mSave 8d721b16-3fe6-49da-a9a5-237d4813f9aa(uuid3823)
сент. 19, 2025 6:42:49 PM webapp.storage.AbstractStorage save
INFO: &amp#27;[32mSave be223c30-3f9e-4336-9fb6-3fd4475f3928(uuid3824)
сент. 19, 2025 6:42:49 PM webapp.storage.AbstractStorage save
INFO: &amp#27;[32mSave ed7d47da-0cfd-4b6a-a4ac-9b89cda29d1d(uuid3825)
сент. 19, 2025 6:42:49 PM webapp.storage.AbstractStorage save
INFO: &amp#27;[32mSave 97c42cb8-d0f4-42d6-92c4-9935f29c4cfa(uuid3826)
сент. 19, 2025 6:42:49 PM webapp.storage.AbstractStorage save
INFO: &amp#27;[32mSave 5752384c-2d19-48a9-85ea-0543c6fbcd8f(uuid3827)
сент. 19, 2025 6:42:49 PM webapp.storage.AbstractStorage save
INFO: &amp#27;[32mSave cf6855bb-eb5e-4f28-915b-2c1441949771(uuid3828)
сент. 19, 2025 6:42:49 PM webapp.storage.AbstractStorage save
INFO: &amp#27;[32mSave 98be424a-2bba-4e45-97eb-e4ee5ba23e6b(uuid3829)
сент. 19, 2025 6:42:49 PM webapp.storage.AbstractStorage save
INFO: &amp#27;[32mSave 7364f733-c35f-4ff1-bc56-57fb5c2b212d(uuid3830)
сент. 19, 2025 6:42:49 PM webapp.storage.AbstractStorage save
INFO: &amp#27;[32mSave 4e1b0350-555b-4465-9643-0bf41583bbb4(uuid3831)
сент. 19, 2025 6:42:49 PM webapp.storage.AbstractStorage save
INFO: &amp#27;[32mSave 6295f406-52ab-47e0-a442-0b50c374a974(uuid3832)
сент. 19, 2025 6:42:49 PM webapp.storage.AbstractStorage save
INFO: &amp#27;[32mSave 13c14975-fd9f-4179-9db4-bc906a1191b0(uuid3833)
сент. 19, 2025 6:42:49 PM webapp.storage.AbstractStorage save
INFO: &amp#27;[32mSave 197adc68-92ee-43ca-9444-b30b23ca551e(uuid3834)
сент. 19, 2025 6:42:49 PM webapp.storage.AbstractStorage save
INFO: &amp#27;[32mSave c2950af0-9358-42b8-8aa1-633da013250a(uuid3835)
сент. 19, 2025 6:42:49 PM webapp.storage.AbstractStorage save
INFO: &amp#27;[32mSave 5fe0ef0c-ac38-4962-92f4-8d6ecb61ffad(uuid3836)
сент. 19, 2025 6:42:49 PM webapp.storage.AbstractStorage save
INFO: &amp#27;[32mSave 591c553d-40bd-4bc0-aa76-b1d7a56b7c7b(uuid3837)
сент. 19, 2025 6:42:49 PM webapp.storage.AbstractStorage save
INFO: &amp#27;[32mSave b530f3e2-a799-48e0-992c-d0145fde8c4e(uuid3838)
сент. 19, 2025 6:42:49 PM webapp.storage.AbstractStorage save
INFO: &amp#27;[32mSave 554c9ccd-b09d-407c-a0fd-e21e0ac8344a(uuid3839)
сент. 19, 2025 6:42:49 PM webapp.storage.AbstractStorage save
INFO: &amp#27;[32mSave 890be985-4975-4293-ab12-6e3a532548d7(uuid3840)
сент. 19, 2025 6:42:49 PM webapp.storage.AbstractStorage save
INFO: &amp#27;[32mSave 784ac082-7d51-457b-89ea-25c2772c5be5(uuid3841)
сент. 19, 2025 6:42:49 PM webapp.storage.AbstractStorage save
INFO: &amp#27;[32mSave 7a86b358-6773-49f6-aa35-7654f8077723(uuid3842)
сент. 19, 2025 6:42:49 PM webapp.storage.AbstractStorage save
INFO: &amp#27;[32mSave 8bb4403e-890d-432e-9190-9630c2dcc558(uuid3843)
сент. 19, 2025 6:42:49 PM webapp.storage.AbstractStorage save
INFO: &amp#27;[32mSave d61b26b7-b934-4bc0-82f0-728d30677b6d(uuid3844)
сент. 19, 2025 6:42:49 PM webapp.storage.AbstractStorage save
INFO: &amp#27;[32mSave 88800a1d-9a48-4c6c-b3a4-9b1d8224808d(uuid3845)
сент. 19, 2025 6:42:49 PM webapp.storage.AbstractStorage save
INFO: &amp#27;[32mSave 067a7157-d5f4-4bc7-a646-b28f35c18c42(uuid3846)
сент. 19, 2025 6:42:49 PM webapp.storage.AbstractStorage save
INFO: &amp#27;[32mSave 5f0557d7-25c2-43a0-9d16-392d9454e501(uuid3847)
сент. 19, 2025 6:42:49 PM webapp.storage.AbstractStorage save
INFO: &amp#27;[32mSave 32e08a12-d965-4c2b-872f-2994220f48f1(uuid3848)
сент. 19, 2025 6:42:49 PM webapp.storage.AbstractStorage save
INFO: &amp#27;[32mSave c54053ab-341f-49fe-93a4-1b085460e646(uuid3849)
сент. 19, 2025 6:42:49 PM webapp.storage.AbstractStorage save
INFO: &amp#27;[32mSave c97e0eaa-6317-44dd-838b-cb355d6d4ec8(uuid3850)
сент. 19, 2025 6:42:49 PM webapp.storage.AbstractStorage save
INFO: &amp#27;[32mSave c4dda915-f0b3-4f74-bc1b-bb1c42abe2d7(uuid3851)
сент. 19, 2025 6:42:49 PM webapp.storage.AbstractStorage save
INFO: &amp#27;[32mSave 9a446dba-6e28-4c42-82e0-c1c33cef8bd6(uuid3852)
сент. 19, 2025 6:42:49 PM webapp.storage.AbstractStorage save
INFO: &amp#27;[32mSave c3beff4e-f662-4f6f-b64e-bc6815b5f331(uuid3853)
сент. 19, 2025 6:42:49 PM webapp.storage.AbstractStorage save
INFO: &amp#27;[32mSave dbc3bc0f-6ab7-49eb-bb64-472501b85170(uuid3854)
сент. 19, 2025 6:42:49 PM webapp.storage.AbstractStorage save
INFO: &amp#27;[32mSave 77af70de-6b99-4f52-8187-1b7250b31c1a(uuid3855)
сент. 19, 2025 6:42:49 PM webapp.storage.AbstractStorage save
INFO: &amp#27;[32mSave d7f734e0-d0ee-4f66-88f1-9fd059d5a5bd(uuid3856)
сент. 19, 2025 6:42:49 PM webapp.storage.AbstractStorage save
INFO: &amp#27;[32mSave a3424f56-be24-4796-813e-d51c72e74ce5(uuid3857)
сент. 19, 2025 6:42:49 PM webapp.storage.AbstractStorage save
INFO: &amp#27;[32mSave 1b5e8be4-2dda-4ee7-a8c4-1a464a93f5ac(uuid3858)
сент. 19, 2025 6:42:49 PM webapp.storage.AbstractStorage save
INFO: &amp#27;[32mSave f48bef10-6ec1-44e5-a866-81e92a50f01f(uuid3859)
сент. 19, 2025 6:42:49 PM webapp.storage.AbstractStorage save
INFO: &amp#27;[32mSave 7d752b32-5278-4f68-b5e6-87a8feb0438d(uuid3860)
сент. 19, 2025 6:42:49 PM webapp.storage.AbstractStorage save
INFO: &amp#27;[32mSave e6946726-5c47-42ef-b8f3-ad512e881179(uuid3861)
сент. 19, 2025 6:42:49 PM webapp.storage.AbstractStorage save
INFO: &amp#27;[32mSave 4c80cc8f-ac9d-4fe2-b607-3a2049ca53de(uuid3862)
сент. 19, 2025 6:42:49 PM webapp.storage.AbstractStorage save
INFO: &amp#27;[32mSave 8993b908-3eb0-40ca-bfc4-722a87ca36e7(uuid3863)
сент. 19, 2025 6:42:49 PM webapp.storage.AbstractStorage save
INFO: &amp#27;[32mSave 8fe7beee-88c5-4317-9daf-99725a4d7802(uuid3864)
сент. 19, 2025 6:42:49 PM webapp.storage.AbstractStorage save
INFO: &amp#27;[32mSave e808e6e1-c325-4136-b3f5-794333837468(uuid3865)
сент. 19, 2025 6:42:49 PM webapp.storage.AbstractStorage save
INFO: &amp#27;[32mSave d71f6a91-a3ba-4d6b-97c6-2564a4a9434c(uuid3866)
сент. 19, 2025 6:42:49 PM webapp.storage.AbstractStorage save
INFO: &amp#27;[32mSave ca3efdf7-1d35-4f63-b3e2-55ee01bf5550(uuid3867)
сент. 19, 2025 6:42:49 PM webapp.storage.AbstractStorage save
INFO: &amp#27;[32mSave f052613b-a21e-4979-90a5-845563395de8(uuid3868)
сент. 19, 2025 6:42:49 PM webapp.storage.AbstractStorage save
INFO: &amp#27;[32mSave 2eb4b516-2857-4800-91ac-454ebe6ce597(uuid3869)
сент. 19, 2025 6:42:49 PM webapp.storage.AbstractStorage save
INFO: &amp#27;[32mSave 46a53848-e5e1-44d2-8980-437b63111451(uuid3870)
сент. 19, 2025 6:42:49 PM webapp.storage.AbstractStorage save
INFO: &amp#27;[32mSave fe4c8988-2768-4e84-875a-01b1ec066216(uuid3871)
сент. 19, 2025 6:42:49 PM webapp.storage.AbstractStorage save
INFO: &amp#27;[32mSave 947b0586-eab4-45ed-ac96-f136ec8a085b(uuid3872)
сент. 19, 2025 6:42:49 PM webapp.storage.AbstractStorage save
INFO: &amp#27;[32mSave 5be3f38b-912c-462f-9e28-29c9fe087fdb(uuid3873)
сент. 19, 2025 6:42:49 PM webapp.storage.AbstractStorage save
INFO: &amp#27;[32mSave de87bcd2-37ea-4e17-a324-127e23dfd9fe(uuid3874)
сент. 19, 2025 6:42:49 PM webapp.storage.AbstractStorage save
INFO: &amp#27;[32mSave 897c5995-dc28-4d77-b865-f41655c4dbaf(uuid3875)
сент. 19, 2025 6:42:49 PM webapp.storage.AbstractStorage save
INFO: &amp#27;[32mSave 8944a01d-44ec-4c6d-ae87-d83948720755(uuid3876)
сент. 19, 2025 6:42:49 PM webapp.storage.AbstractStorage save
INFO: &amp#27;[32mSave 71c935cf-92a0-4312-a96e-1d658c22bfa0(uuid3877)
сент. 19, 2025 6:42:49 PM webapp.storage.AbstractStorage save
INFO: &amp#27;[32mSave fbbf67ac-c6c2-4119-8241-5c4fe72bfec1(uuid3878)
сент. 19, 2025 6:42:49 PM webapp.storage.AbstractStorage save
INFO: &amp#27;[32mSave 3248656c-49d9-4c3f-8831-86c416621d1c(uuid3879)
сент. 19, 2025 6:42:49 PM webapp.storage.AbstractStorage save
INFO: &amp#27;[32mSave 4acb6513-5c46-453a-94ae-42b8fba220ac(uuid3880)
сент. 19, 2025 6:42:49 PM webapp.storage.AbstractStorage save
INFO: &amp#27;[32mSave 0b8a5486-40f6-4c50-9d35-d0961cbb9a69(uuid3881)
сент. 19, 2025 6:42:49 PM webapp.storage.AbstractStorage save
INFO: &amp#27;[32mSave 050af8ec-1c6c-412b-94bc-8eb9f72c78b1(uuid3882)
сент. 19, 2025 6:42:49 PM webapp.storage.AbstractStorage save
INFO: &amp#27;[32mSave d771e8ef-4cb0-4d7d-8c32-a74295236628(uuid3883)
сент. 19, 2025 6:42:49 PM webapp.storage.AbstractStorage save
INFO: &amp#27;[32mSave 7771d587-0bca-4feb-a755-d0caf4373b55(uuid3884)
сент. 19, 2025 6:42:49 PM webapp.storage.AbstractStorage save
INFO: &amp#27;[32mSave bba92417-a607-4ae7-9b51-e5b8a4d2d380(uuid3885)
сент. 19, 2025 6:42:49 PM webapp.storage.AbstractStorage save
INFO: &amp#27;[32mSave df7a6c7f-eb52-4ada-812c-adfc62c7e7ba(uuid3886)
сент. 19, 2025 6:42:49 PM webapp.storage.AbstractStorage save
INFO: &amp#27;[32mSave 2dfe89ff-053c-490e-bb17-abdf1950e65d(uuid3887)
сент. 19, 2025 6:42:49 PM webapp.storage.AbstractStorage save
INFO: &amp#27;[32mSave 226c2ff7-0c48-43e4-ab23-173934796b18(uuid3888)
сент. 19, 2025 6:42:49 PM webapp.storage.AbstractStorage save
INFO: &amp#27;[32mSave 49c0e4d8-c100-4020-b94a-9f86f838b243(uuid3889)
сент. 19, 2025 6:42:49 PM webapp.storage.AbstractStorage save
INFO: &amp#27;[32mSave d98e5bcb-af0a-4c7e-a836-1aa5f2b58991(uuid3890)
сент. 19, 2025 6:42:49 PM webapp.storage.AbstractStorage save
INFO: &amp#27;[32mSave adf6c643-e78c-4fe0-a78e-c5c0a167948d(uuid3891)
сент. 19, 2025 6:42:49 PM webapp.storage.AbstractStorage save
INFO: &amp#27;[32mSave 2b422719-71e1-45a5-9f06-ff6fd3bff1ee(uuid3892)
сент. 19, 2025 6:42:49 PM webapp.storage.AbstractStorage save
INFO: &amp#27;[32mSave bf16fb81-3cf8-4bed-a9e2-c0d51fd43fb2(uuid3893)
сент. 19, 2025 6:42:49 PM webapp.storage.AbstractStorage save
INFO: &amp#27;[32mSave bdd83549-3c8b-4951-a78c-c3fe509df10f(uuid3894)
сент. 19, 2025 6:42:49 PM webapp.storage.AbstractStorage save
INFO: &amp#27;[32mSave 4be962d4-e763-4d8a-8c99-3c570da33ecd(uuid3895)
сент. 19, 2025 6:42:49 PM webapp.storage.AbstractStorage save
INFO: &amp#27;[32mSave da4bd862-8d71-4d28-ab75-fe0b4a5af2cb(uuid3896)
сент. 19, 2025 6:42:49 PM webapp.storage.AbstractStorage save
INFO: &amp#27;[32mSave 525bd3ce-7649-4434-a25d-bc53e3ecffde(uuid3897)
сент. 19, 2025 6:42:49 PM webapp.storage.AbstractStorage save
INFO: &amp#27;[32mSave f8d60d7c-e2d1-43d8-93b2-48a564f4e4a7(uuid3898)
сент. 19, 2025 6:42:49 PM webapp.storage.AbstractStorage save
INFO: &amp#27;[32mSave c40f8617-2570-45b8-860a-a46001e0096a(uuid3899)
сент. 19, 2025 6:42:49 PM webapp.storage.AbstractStorage save
INFO: &amp#27;[32mSave 76c15a4e-e9e7-4710-b00b-cdf9ae1f20c2(uuid3900)
сент. 19, 2025 6:42:49 PM webapp.storage.AbstractStorage save
INFO: &amp#27;[32mSave 0b895034-9b13-44f0-8a9f-02b5d3ae5ffc(uuid3901)
сент. 19, 2025 6:42:49 PM webapp.storage.AbstractStorage save
INFO: &amp#27;[32mSave 88f846fa-9f4c-4820-b5b9-6a2cbb6a952d(uuid3902)
сент. 19, 2025 6:42:49 PM webapp.storage.AbstractStorage save
INFO: &amp#27;[32mSave 9392bd35-b3c9-4e4f-a337-7c0b564abbbf(uuid3903)
сент. 19, 2025 6:42:49 PM webapp.storage.AbstractStorage save
INFO: &amp#27;[32mSave 0527131a-fa36-4931-aa03-9b8937c96b98(uuid3904)
сент. 19, 2025 6:42:49 PM webapp.storage.AbstractStorage save
INFO: &amp#27;[32mSave 487340de-5564-43e4-8aa9-44141358e069(uuid3905)
сент. 19, 2025 6:42:49 PM webapp.storage.AbstractStorage save
INFO: &amp#27;[32mSave 5671dccc-5d38-4141-967e-225656c3cbb9(uuid3906)
сент. 19, 2025 6:42:49 PM webapp.storage.AbstractStorage save
INFO: &amp#27;[32mSave 1e2957da-236a-4925-8fdd-0d55ba1eefcc(uuid3907)
сент. 19, 2025 6:42:49 PM webapp.storage.AbstractStorage save
INFO: &amp#27;[32mSave 605d2e34-a8c2-4a25-b9df-21e08051c8a9(uuid3908)
сент. 19, 2025 6:42:49 PM webapp.storage.AbstractStorage save
INFO: &amp#27;[32mSave 68f08240-afdf-4f3b-ba39-fde438469dc5(uuid3909)
сент. 19, 2025 6:42:49 PM webapp.storage.AbstractStorage save
INFO: &amp#27;[32mSave f63830b8-ade9-4025-8db0-0d97721d74ec(uuid3910)
сент. 19, 2025 6:42:49 PM webapp.storage.AbstractStorage save
INFO: &amp#27;[32mSave a5714d66-315d-4c58-abbb-c4dd522ea5e9(uuid3911)
сент. 19, 2025 6:42:49 PM webapp.storage.AbstractStorage save
INFO: &amp#27;[32mSave abd903b0-56b2-4654-93ef-5271b7f0fe2f(uuid3912)
сент. 19, 2025 6:42:49 PM webapp.storage.AbstractStorage save
INFO: &amp#27;[32mSave f56d16b0-55d5-42ee-9f73-8e7f437527d4(uuid3913)
сент. 19, 2025 6:42:49 PM webapp.storage.AbstractStorage save
INFO: &amp#27;[32mSave b39d443d-c8b7-42f5-b76a-092635b5db76(uuid3914)
сент. 19, 2025 6:42:49 PM webapp.storage.AbstractStorage save
INFO: &amp#27;[32mSave e5de84df-2979-427e-8c9b-4a271533715d(uuid3915)
сент. 19, 2025 6:42:49 PM webapp.storage.AbstractStorage save
INFO: &amp#27;[32mSave c6d5362b-785d-4249-a094-ef0dffd0faa7(uuid3916)
сент. 19, 2025 6:42:49 PM webapp.storage.AbstractStorage save
INFO: &amp#27;[32mSave fc4f3c07-d6f9-4a64-b510-52187df6295d(uuid3917)
сент. 19, 2025 6:42:49 PM webapp.storage.AbstractStorage save
INFO: &amp#27;[32mSave a190c901-0c5b-44b4-98de-e397050937da(uuid3918)
сент. 19, 2025 6:42:49 PM webapp.storage.AbstractStorage save
INFO: &amp#27;[32mSave afd25866-2542-4e2e-926b-2d106a4d319e(uuid3919)
сент. 19, 2025 6:42:49 PM webapp.storage.AbstractStorage save
INFO: &amp#27;[32mSave 52ffe0d6-4fa9-4b2e-8de9-c2acb4628b5d(uuid3920)
сент. 19, 2025 6:42:49 PM webapp.storage.AbstractStorage save
INFO: &amp#27;[32mSave e4cb568d-1305-4ef8-8720-3b99ea39a133(uuid3921)
сент. 19, 2025 6:42:49 PM webapp.storage.AbstractStorage save
INFO: &amp#27;[32mSave 50431b83-8ebd-4a39-a6ad-3ac2937deeb1(uuid3922)
сент. 19, 2025 6:42:49 PM webapp.storage.AbstractStorage save
INFO: &amp#27;[32mSave a171f3e8-6157-442b-ad09-0807002959e1(uuid3923)
сент. 19, 2025 6:42:49 PM webapp.storage.AbstractStorage save
INFO: &amp#27;[32mSave 829ef2a3-2904-4c68-aee9-10cb0dd52544(uuid3924)
сент. 19, 2025 6:42:49 PM webapp.storage.AbstractStorage save
INFO: &amp#27;[32mSave 7d98c044-4ce4-4d64-8027-7235d3b571df(uuid3925)
сент. 19, 2025 6:42:49 PM webapp.storage.AbstractStorage save
INFO: &amp#27;[32mSave 51196ea0-0c4a-4f15-8db9-c5bfcceb3338(uuid3926)
сент. 19, 2025 6:42:49 PM webapp.storage.AbstractStorage save
INFO: &amp#27;[32mSave c3932cac-897a-4d6a-b826-88dd14cd3564(uuid3927)
сент. 19, 2025 6:42:49 PM webapp.storage.AbstractStorage save
INFO: &amp#27;[32mSave 68f432c4-af2e-4e9d-8243-0ba4f4bcb2e1(uuid3928)
сент. 19, 2025 6:42:49 PM webapp.storage.AbstractStorage save
INFO: &amp#27;[32mSave 52cd9e92-759c-4421-9be9-fd80be15e739(uuid3929)
сент. 19, 2025 6:42:49 PM webapp.storage.AbstractStorage save
INFO: &amp#27;[32mSave 112e7a95-6f5d-4e99-8030-0562d4627d88(uuid3930)
сент. 19, 2025 6:42:49 PM webapp.storage.AbstractStorage save
INFO: &amp#27;[32mSave b91ca3ed-a36a-4a49-bf43-6e249cc407e5(uuid3931)
сент. 19, 2025 6:42:49 PM webapp.storage.AbstractStorage save
INFO: &amp#27;[32mSave 91de7e32-290e-4441-9514-3269031f403a(uuid3932)
сент. 19, 2025 6:42:49 PM webapp.storage.AbstractStorage save
INFO: &amp#27;[32mSave 804c56f5-72fc-42c1-9a13-78357da96782(uuid3933)
сент. 19, 2025 6:42:49 PM webapp.storage.AbstractStorage save
INFO: &amp#27;[32mSave 12496ea4-ae66-40e2-80e7-dac1b40d77ab(uuid3934)
сент. 19, 2025 6:42:49 PM webapp.storage.AbstractStorage save
INFO: &amp#27;[32mSave 19eb97dd-bad8-46af-85b6-a034e8823ac1(uuid3935)
сент. 19, 2025 6:42:49 PM webapp.storage.AbstractStorage save
INFO: &amp#27;[32mSave a71bcc82-8e37-4233-9907-988531dbebdf(uuid3936)
сент. 19, 2025 6:42:49 PM webapp.storage.AbstractStorage save
INFO: &amp#27;[32mSave b6cb1e76-16cd-4fa7-9bd9-8d039605e502(uuid3937)
сент. 19, 2025 6:42:49 PM webapp.storage.AbstractStorage save
INFO: &amp#27;[32mSave 76e2c16f-229d-43f9-9d9c-21217acb6389(uuid3938)
сент. 19, 2025 6:42:49 PM webapp.storage.AbstractStorage save
INFO: &amp#27;[32mSave 19009a7d-4dee-41a4-a97a-f8cf48d1ea80(uuid3939)
сент. 19, 2025 6:42:49 PM webapp.storage.AbstractStorage save
INFO: &amp#27;[32mSave cbbade6a-dce4-4bba-9f7e-49346409ba6c(uuid3940)
сент. 19, 2025 6:42:49 PM webapp.storage.AbstractStorage save
INFO: &amp#27;[32mSave f3e23787-1d19-4280-87da-c2be13804c8d(uuid3941)
сент. 19, 2025 6:42:49 PM webapp.storage.AbstractStorage save
INFO: &amp#27;[32mSave 2cd2410f-087b-44f5-b050-1dcd59147a60(uuid3942)
сент. 19, 2025 6:42:49 PM webapp.storage.AbstractStorage save
INFO: &amp#27;[32mSave d24995b8-ac3a-4ff6-9770-b0e07abf8f4b(uuid3943)
сент. 19, 2025 6:42:49 PM webapp.storage.AbstractStorage save
INFO: &amp#27;[32mSave 6a449d7d-7971-4391-ac1c-d0f3f67eb731(uuid3944)
сент. 19, 2025 6:42:49 PM webapp.storage.AbstractStorage save
INFO: &amp#27;[32mSave b254ff5e-500d-4209-b1f6-2454468dd5e8(uuid3945)
сент. 19, 2025 6:42:49 PM webapp.storage.AbstractStorage save
INFO: &amp#27;[32mSave 9b72a746-4f91-4d1a-b9b9-2b5915f9362f(uuid3946)
сент. 19, 2025 6:42:49 PM webapp.storage.AbstractStorage save
INFO: &amp#27;[32mSave 8445bcd3-efb6-4e4e-9c3f-2dc851a57012(uuid3947)
сент. 19, 2025 6:42:49 PM webapp.storage.AbstractStorage save
INFO: &amp#27;[32mSave 0b775027-db7b-429a-ac05-9b78e28e0a19(uuid3948)
сент. 19, 2025 6:42:49 PM webapp.storage.AbstractStorage save
INFO: &amp#27;[32mSave 6c64deae-29a8-469c-9733-bb3a19938fcc(uuid3949)
сент. 19, 2025 6:42:49 PM webapp.storage.AbstractStorage save
INFO: &amp#27;[32mSave 1146520d-c735-4a00-8d91-9c4c738ceb18(uuid3950)
сент. 19, 2025 6:42:49 PM webapp.storage.AbstractStorage save
INFO: &amp#27;[32mSave f8580864-9310-48e0-936c-948d42fa460a(uuid3951)
сент. 19, 2025 6:42:49 PM webapp.storage.AbstractStorage save
INFO: &amp#27;[32mSave e524adda-c5a0-45b5-839e-a4e156b19717(uuid3952)
сент. 19, 2025 6:42:49 PM webapp.storage.AbstractStorage save
INFO: &amp#27;[32mSave 8eae6803-41b1-42b3-a740-819bc55f0a04(uuid3953)
сент. 19, 2025 6:42:49 PM webapp.storage.AbstractStorage save
INFO: &amp#27;[32mSave fe287dbd-3e95-4ab4-8e3f-196ccb1c970a(uuid3954)
сент. 19, 2025 6:42:49 PM webapp.storage.AbstractStorage save
INFO: &amp#27;[32mSave 0051a78f-3a1c-488f-8157-61ede4507540(uuid3955)
сент. 19, 2025 6:42:49 PM webapp.storage.AbstractStorage save
INFO: &amp#27;[32mSave 69b9e659-b641-45d6-9f9c-60a2de71d74b(uuid3956)
сент. 19, 2025 6:42:49 PM webapp.storage.AbstractStorage save
INFO: &amp#27;[32mSave 01b6706e-2240-4d60-912a-8e51668dafd6(uuid3957)
сент. 19, 2025 6:42:49 PM webapp.storage.AbstractStorage save
INFO: &amp#27;[32mSave 9f4c139c-bc5d-4dc6-98ec-9d7f731c2c58(uuid3958)
сент. 19, 2025 6:42:49 PM webapp.storage.AbstractStorage save
INFO: &amp#27;[32mSave 4884c9a4-485f-495e-b0a3-36afa81bd74d(uuid3959)
сент. 19, 2025 6:42:49 PM webapp.storage.AbstractStorage save
INFO: &amp#27;[32mSave dbe3f097-1483-43c8-abd3-81eae821190c(uuid3960)
сент. 19, 2025 6:42:49 PM webapp.storage.AbstractStorage save
INFO: &amp#27;[32mSave b44829be-6669-4ee1-aae5-f0ca8b79a13e(uuid3961)
сент. 19, 2025 6:42:49 PM webapp.storage.AbstractStorage save
INFO: &amp#27;[32mSave 7bf60bee-0baa-4165-bb1e-adfce4deb657(uuid3962)
сент. 19, 2025 6:42:49 PM webapp.storage.AbstractStorage save
INFO: &amp#27;[32mSave 8c6154d1-f970-4f64-a286-6f5912cd3e56(uuid3963)
сент. 19, 2025 6:42:49 PM webapp.storage.AbstractStorage save
INFO: &amp#27;[32mSave 6952b181-c9b5-4f6e-8ee8-34fd1df6216c(uuid3964)
сент. 19, 2025 6:42:49 PM webapp.storage.AbstractStorage save
INFO: &amp#27;[32mSave c4b53a70-3c3a-45b7-ae64-50ec0cdeecad(uuid3965)
сент. 19, 2025 6:42:49 PM webapp.storage.AbstractStorage save
INFO: &amp#27;[32mSave 73672e06-c549-4a12-bfb9-c7802ae217dd(uuid3966)
сент. 19, 2025 6:42:49 PM webapp.storage.AbstractStorage save
INFO: &amp#27;[32mSave 438007b3-e60f-4eae-94db-e4fcbe8d9061(uuid3967)
сент. 19, 2025 6:42:49 PM webapp.storage.AbstractStorage save
INFO: &amp#27;[32mSave 8b16f02b-8908-4574-9393-9ee95ed1928d(uuid3968)
сент. 19, 2025 6:42:49 PM webapp.storage.AbstractStorage save
INFO: &amp#27;[32mSave ea3e7be7-4db6-4954-acb5-5506a25688a0(uuid3969)
сент. 19, 2025 6:42:49 PM webapp.storage.AbstractStorage save
INFO: &amp#27;[32mSave 7ef3e0e0-f693-42cb-9869-203ef8b009da(uuid3970)
сент. 19, 2025 6:42:49 PM webapp.storage.AbstractStorage save
INFO: &amp#27;[32mSave 30a477d0-0f5d-47f3-949c-f3c2abde3927(uuid3971)
сент. 19, 2025 6:42:49 PM webapp.storage.AbstractStorage save
INFO: &amp#27;[32mSave 1c62fad1-06fd-4095-a4c5-6a00c4c32ed6(uuid3972)
сент. 19, 2025 6:42:49 PM webapp.storage.AbstractStorage save
INFO: &amp#27;[32mSave 986f249c-4daf-47a6-a474-1f1d97a75ee3(uuid3973)
сент. 19, 2025 6:42:49 PM webapp.storage.AbstractStorage save
INFO: &amp#27;[32mSave 06f93f82-7694-4fd1-957b-2dbd29752ef8(uuid3974)
сент. 19, 2025 6:42:49 PM webapp.storage.AbstractStorage save
INFO: &amp#27;[32mSave 1dfe3e40-1fc2-410a-ac70-9a43f65d1bcc(uuid3975)
сент. 19, 2025 6:42:49 PM webapp.storage.AbstractStorage save
INFO: &amp#27;[32mSave 6f90b9a0-da68-4c45-a3c8-7591ed38103d(uuid3976)
сент. 19, 2025 6:42:49 PM webapp.storage.AbstractStorage save
INFO: &amp#27;[32mSave d9b4a8d0-1048-4aac-960c-c10fbeb2fc5b(uuid3977)
сент. 19, 2025 6:42:49 PM webapp.storage.AbstractStorage save
INFO: &amp#27;[32mSave e008c361-49d6-4473-9c1c-87f8a79831ff(uuid3978)
сент. 19, 2025 6:42:49 PM webapp.storage.AbstractStorage save
INFO: &amp#27;[32mSave 948a90e4-03a1-4d69-9fe4-e60d2b8991c5(uuid3979)
сент. 19, 2025 6:42:49 PM webapp.storage.AbstractStorage save
INFO: &amp#27;[32mSave c212b7d5-b885-4a83-977a-d844c9217eba(uuid3980)
сент. 19, 2025 6:42:49 PM webapp.storage.AbstractStorage save
INFO: &amp#27;[32mSave 4d734d42-c808-4d76-bd27-b92d1fed89eb(uuid3981)
сент. 19, 2025 6:42:49 PM webapp.storage.AbstractStorage save
INFO: &amp#27;[32mSave 9963ec51-778c-41aa-917c-2d0d8983d530(uuid3982)
сент. 19, 2025 6:42:49 PM webapp.storage.AbstractStorage save
INFO: &amp#27;[32mSave be7418a4-3083-44e8-80e3-759c085c1e7a(uuid3983)
сент. 19, 2025 6:42:49 PM webapp.storage.AbstractStorage save
INFO: &amp#27;[32mSave 6f8f1200-5640-4b38-a642-80e1a00112e7(uuid3984)
сент. 19, 2025 6:42:49 PM webapp.storage.AbstractStorage save
INFO: &amp#27;[32mSave d6805322-fa7c-4bc1-b636-100e1cd2c3ae(uuid3985)
сент. 19, 2025 6:42:49 PM webapp.storage.AbstractStorage save
INFO: &amp#27;[32mSave bccb2340-1c82-4164-8b9a-a8bdf4b752a9(uuid3986)
сент. 19, 2025 6:42:49 PM webapp.storage.AbstractStorage save
INFO: &amp#27;[32mSave e5e9fc96-9de7-4f01-8e65-1c1a3e4aa774(uuid3987)
сент. 19, 2025 6:42:49 PM webapp.storage.AbstractStorage save
INFO: &amp#27;[32mSave 84cd1a7e-c155-463b-a16f-3929bb50f2ba(uuid3988)
сент. 19, 2025 6:42:49 PM webapp.storage.AbstractStorage save
INFO: &amp#27;[32mSave 33145f4b-5708-4330-bb56-4c33d679bf3e(uuid3989)
сент. 19, 2025 6:42:49 PM webapp.storage.AbstractStorage save
INFO: &amp#27;[32mSave f867d304-c631-412e-a6ff-93b7996eb10f(uuid3990)
сент. 19, 2025 6:42:49 PM webapp.storage.AbstractStorage save
INFO: &amp#27;[32mSave 60f60def-ea79-4c12-adee-cdb52cf1320f(uuid3991)
сент. 19, 2025 6:42:49 PM webapp.storage.AbstractStorage save
INFO: &amp#27;[32mSave 6ea3fda5-1164-4402-ada8-f868cf6b540d(uuid3992)
сент. 19, 2025 6:42:49 PM webapp.storage.AbstractStorage save
INFO: &amp#27;[32mSave 28e861f1-22e0-41f7-af0c-c21fee697589(uuid3993)
сент. 19, 2025 6:42:49 PM webapp.storage.AbstractStorage save
INFO: &amp#27;[32mSave 8b02a230-43fc-4444-b57b-eea9756c6e04(uuid3994)
сент. 19, 2025 6:42:49 PM webapp.storage.AbstractStorage save
INFO: &amp#27;[32mSave 568aaeb5-cd4e-4312-9b21-b826562e1c02(uuid3995)
сент. 19, 2025 6:42:49 PM webapp.storage.AbstractStorage save
INFO: &amp#27;[32mSave 91e15f5f-dd80-46c9-ab2a-d1755a52d455(uuid3996)
сент. 19, 2025 6:42:49 PM webapp.storage.AbstractStorage save
INFO: &amp#27;[32mSave 6da8abd3-7c3f-4cb1-883b-56050fa77eb5(uuid3997)
сент. 19, 2025 6:42:49 PM webapp.storage.AbstractStorage save
INFO: &amp#27;[32mSave 558f0b7d-78bd-43cd-8a5b-45f38d0cfe97(uuid3998)
сент. 19, 2025 6:42:49 PM webapp.storage.AbstractStorage save
INFO: &amp#27;[32mSave a17fec21-655e-42cc-b4d6-a0fc3ecaaa6f(uuid3999)
сент. 19, 2025 6:42:49 PM webapp.storage.AbstractStorage save
INFO: &amp#27;[32mSave e2819b77-0fb7-40f9-a5b2-7012f0ca3598(uuid4000)
сент. 19, 2025 6:42:49 PM webapp.storage.AbstractStorage save
INFO: &amp#27;[32mSave f612dd10-4708-4d19-ad0e-6e50e737f4dd(uuid4001)
сент. 19, 2025 6:42:49 PM webapp.storage.AbstractStorage save
INFO: &amp#27;[32mSave c946fbeb-57c7-45c8-9a72-99406c263b29(uuid4002)
сент. 19, 2025 6:42:49 PM webapp.storage.AbstractStorage save
INFO: &amp#27;[32mSave 64de91d8-a7cf-436b-9b2c-9b65b5398c7b(uuid4003)
сент. 19, 2025 6:42:49 PM webapp.storage.AbstractStorage save
INFO: &amp#27;[32mSave 94259a4f-f0dd-411a-9de4-0831d276b935(uuid4004)
сент. 19, 2025 6:42:49 PM webapp.storage.AbstractStorage save
INFO: &amp#27;[32mSave 5cd272a6-faa0-43b9-aeb0-ddb804f62a3c(uuid4005)
сент. 19, 2025 6:42:49 PM webapp.storage.AbstractStorage save
INFO: &amp#27;[32mSave b0935c81-8216-4033-86e0-2a011de248e1(uuid4006)
сент. 19, 2025 6:42:49 PM webapp.storage.AbstractStorage save
INFO: &amp#27;[32mSave f92a99d7-2d07-40c9-93aa-5aff93dff78b(uuid4007)
сент. 19, 2025 6:42:49 PM webapp.storage.AbstractStorage save
INFO: &amp#27;[32mSave 6e2a8327-0dd9-4bbf-9599-3a6e0bc5646c(uuid4008)
сент. 19, 2025 6:42:49 PM webapp.storage.AbstractStorage save
INFO: &amp#27;[32mSave 995ac37f-7fab-4f81-afe8-65f338e3d063(uuid4009)
сент. 19, 2025 6:42:49 PM webapp.storage.AbstractStorage save
INFO: &amp#27;[32mSave 83cdceb3-95b0-4947-9bc4-20ce4bd1c87c(uuid4010)
сент. 19, 2025 6:42:49 PM webapp.storage.AbstractStorage save
INFO: &amp#27;[32mSave eca422fb-3669-40d7-9ec5-f1418587a4fe(uuid4011)
сент. 19, 2025 6:42:49 PM webapp.storage.AbstractStorage save
INFO: &amp#27;[32mSave b9d52c9a-18a0-47fb-89d2-9e5cf49aa4ac(uuid4012)
сент. 19, 2025 6:42:49 PM webapp.storage.AbstractStorage save
INFO: &amp#27;[32mSave 8206704b-5da9-4fd1-a563-36149175e8a6(uuid4013)
сент. 19, 2025 6:42:49 PM webapp.storage.AbstractStorage save
INFO: &amp#27;[32mSave 5f05ce4e-678b-4b55-9cbc-bc5e0d8d3efd(uuid4014)
сент. 19, 2025 6:42:49 PM webapp.storage.AbstractStorage save
INFO: &amp#27;[32mSave 95dd6e03-7b32-460c-9085-390421f7cad6(uuid4015)
сент. 19, 2025 6:42:49 PM webapp.storage.AbstractStorage save
INFO: &amp#27;[32mSave ef6d4aa0-bda0-489e-8109-d7185dcff30b(uuid4016)
сент. 19, 2025 6:42:49 PM webapp.storage.AbstractStorage save
INFO: &amp#27;[32mSave 8353cd43-379f-4550-bf12-be4c6faedaea(uuid4017)
сент. 19, 2025 6:42:49 PM webapp.storage.AbstractStorage save
INFO: &amp#27;[32mSave 5be91162-4f89-4f5e-a541-b8ff174c64d0(uuid4018)
сент. 19, 2025 6:42:49 PM webapp.storage.AbstractStorage save
INFO: &amp#27;[32mSave 155bbd20-6ad0-4cc1-8e5a-bdaff6037bfd(uuid4019)
сент. 19, 2025 6:42:49 PM webapp.storage.AbstractStorage save
INFO: &amp#27;[32mSave 7a518115-7039-4e52-9f62-2c84eb900a20(uuid4020)
сент. 19, 2025 6:42:49 PM webapp.storage.AbstractStorage save
INFO: &amp#27;[32mSave eaf5c91c-ad56-41c1-9be3-e7cccde539b6(uuid4021)
сент. 19, 2025 6:42:49 PM webapp.storage.AbstractStorage save
INFO: &amp#27;[32mSave dfa22162-9257-4124-80e0-b76effec2210(uuid4022)
сент. 19, 2025 6:42:49 PM webapp.storage.AbstractStorage save
INFO: &amp#27;[32mSave 49bb209f-fb3d-4952-8759-1b6bb53efb89(uuid4023)
сент. 19, 2025 6:42:49 PM webapp.storage.AbstractStorage save
INFO: &amp#27;[32mSave 8885304b-bc3b-4696-aedb-08ab33fe6585(uuid4024)
сент. 19, 2025 6:42:49 PM webapp.storage.AbstractStorage save
INFO: &amp#27;[32mSave ab106876-94c3-4541-bba2-f06aa77ec031(uuid4025)
сент. 19, 2025 6:42:49 PM webapp.storage.AbstractStorage save
INFO: &amp#27;[32mSave a4b9b404-ca6d-45de-a9dd-7014dbc5410b(uuid4026)
сент. 19, 2025 6:42:49 PM webapp.storage.AbstractStorage save
INFO: &amp#27;[32mSave af880e59-46be-4557-8fd4-b62b0d4513e9(uuid4027)
сент. 19, 2025 6:42:49 PM webapp.storage.AbstractStorage save
INFO: &amp#27;[32mSave 1dc67e91-0d16-4a86-9d77-be4c4b409546(uuid4028)
сент. 19, 2025 6:42:49 PM webapp.storage.AbstractStorage save
INFO: &amp#27;[32mSave 5f8ca3cb-ac28-461c-b8d1-406389e08317(uuid4029)
сент. 19, 2025 6:42:49 PM webapp.storage.AbstractStorage save
INFO: &amp#27;[32mSave 4e65c2ce-4d8c-4e53-ac39-cfa74e8afb6e(uuid4030)
сент. 19, 2025 6:42:49 PM webapp.storage.AbstractStorage save
INFO: &amp#27;[32mSave 2a2e09c0-0231-4c64-94d4-75a5adef8852(uuid4031)
сент. 19, 2025 6:42:49 PM webapp.storage.AbstractStorage save
INFO: &amp#27;[32mSave 990a0ee4-fe9c-4a81-b341-72a69d21d908(uuid4032)
сент. 19, 2025 6:42:49 PM webapp.storage.AbstractStorage save
INFO: &amp#27;[32mSave 7da878a8-a07f-47ef-b7de-1bba18ceb4c6(uuid4033)
сент. 19, 2025 6:42:49 PM webapp.storage.AbstractStorage save
INFO: &amp#27;[32mSave 354f4b79-b697-4ddd-a6dd-bbb3ff2ccfc0(uuid4034)
сент. 19, 2025 6:42:49 PM webapp.storage.AbstractStorage save
INFO: &amp#27;[32mSave 8abcf40b-ecb2-4c2b-b750-ab91d9d571a9(uuid4035)
сент. 19, 2025 6:42:49 PM webapp.storage.AbstractStorage save
INFO: &amp#27;[32mSave 360ec47e-cba2-4277-8360-94b20bc7dc0a(uuid4036)
сент. 19, 2025 6:42:49 PM webapp.storage.AbstractStorage save
INFO: &amp#27;[32mSave b5a0e2fd-e333-4885-b584-7340ad927691(uuid4037)
сент. 19, 2025 6:42:49 PM webapp.storage.AbstractStorage save
INFO: &amp#27;[32mSave ab06f3b6-3b21-44c0-bc93-56e428088f52(uuid4038)
сент. 19, 2025 6:42:49 PM webapp.storage.AbstractStorage save
INFO: &amp#27;[32mSave c3cf39da-cfe6-4976-9b45-176e0257f2e2(uuid4039)
сент. 19, 2025 6:42:49 PM webapp.storage.AbstractStorage save
INFO: &amp#27;[32mSave 97911894-9ea3-42f6-817e-ccd88c5f0e88(uuid4040)
сент. 19, 2025 6:42:49 PM webapp.storage.AbstractStorage save
INFO: &amp#27;[32mSave 590307df-37a0-4f97-8a22-1bfeca09440c(uuid4041)
сент. 19, 2025 6:42:49 PM webapp.storage.AbstractStorage save
INFO: &amp#27;[32mSave cc8643af-0150-4491-b53c-ab5bd5f34e35(uuid4042)
сент. 19, 2025 6:42:49 PM webapp.storage.AbstractStorage save
INFO: &amp#27;[32mSave 176c40ac-475f-4486-ba43-f6dba63a1268(uuid4043)
сент. 19, 2025 6:42:49 PM webapp.storage.AbstractStorage save
INFO: &amp#27;[32mSave 0d72cf30-96ae-4729-a9bb-93a0397c2e74(uuid4044)
сент. 19, 2025 6:42:49 PM webapp.storage.AbstractStorage save
INFO: &amp#27;[32mSave df045fe9-f2d7-4a03-b365-185fe1603537(uuid4045)
сент. 19, 2025 6:42:49 PM webapp.storage.AbstractStorage save
INFO: &amp#27;[32mSave b4f47540-c055-4edf-9ae9-e7b6e11c3ff1(uuid4046)
сент. 19, 2025 6:42:49 PM webapp.storage.AbstractStorage save
INFO: &amp#27;[32mSave 037f4c94-c6a6-4d11-a791-bf8b33f166cb(uuid4047)
сент. 19, 2025 6:42:49 PM webapp.storage.AbstractStorage save
INFO: &amp#27;[32mSave cc60efa7-9209-40af-b236-66bf864b1a9b(uuid4048)
сент. 19, 2025 6:42:49 PM webapp.storage.AbstractStorage save
INFO: &amp#27;[32mSave 6000fe0d-b31f-4797-9b1c-ed796c987c37(uuid4049)
сент. 19, 2025 6:42:49 PM webapp.storage.AbstractStorage save
INFO: &amp#27;[32mSave 4c7d59d8-f94d-4227-a577-e3323598509c(uuid4050)
сент. 19, 2025 6:42:49 PM webapp.storage.AbstractStorage save
INFO: &amp#27;[32mSave acbe7e21-1b80-4641-85c2-ad82dfb0825a(uuid4051)
сент. 19, 2025 6:42:49 PM webapp.storage.AbstractStorage save
INFO: &amp#27;[32mSave 93c8f560-bc09-470e-95ca-9e52a0297f5b(uuid4052)
сент. 19, 2025 6:42:49 PM webapp.storage.AbstractStorage save
INFO: &amp#27;[32mSave 815d8c13-27a8-4ff2-a17a-a94cb9e93dcd(uuid4053)
сент. 19, 2025 6:42:49 PM webapp.storage.AbstractStorage save
INFO: &amp#27;[32mSave de834de4-4853-4786-b297-11f14aec8633(uuid4054)
сент. 19, 2025 6:42:49 PM webapp.storage.AbstractStorage save
INFO: &amp#27;[32mSave 644a6693-ba61-42bf-a9e6-8e0b2e1ecd1d(uuid4055)
сент. 19, 2025 6:42:49 PM webapp.storage.AbstractStorage save
INFO: &amp#27;[32mSave 8ede26d9-c21e-45aa-95da-668857b2f98f(uuid4056)
сент. 19, 2025 6:42:49 PM webapp.storage.AbstractStorage save
INFO: &amp#27;[32mSave 2e79cb4f-80cc-4770-949e-116f0e716c59(uuid4057)
сент. 19, 2025 6:42:49 PM webapp.storage.AbstractStorage save
INFO: &amp#27;[32mSave e7238a54-99d9-4cf4-85d8-771a2275cc5b(uuid4058)
сент. 19, 2025 6:42:49 PM webapp.storage.AbstractStorage save
INFO: &amp#27;[32mSave 31dc22bc-1159-4891-bb26-ddfc96a7c175(uuid4059)
сент. 19, 2025 6:42:49 PM webapp.storage.AbstractStorage save
INFO: &amp#27;[32mSave 7f0808c3-bbfd-42de-b588-4bbb3740e67b(uuid4060)
сент. 19, 2025 6:42:49 PM webapp.storage.AbstractStorage save
INFO: &amp#27;[32mSave e17aab25-ad4f-447f-a73d-63a728ca973f(uuid4061)
сент. 19, 2025 6:42:49 PM webapp.storage.AbstractStorage save
INFO: &amp#27;[32mSave 8f9ff40b-7401-45ee-9746-2925049f07e7(uuid4062)
сент. 19, 2025 6:42:49 PM webapp.storage.AbstractStorage save
INFO: &amp#27;[32mSave 6e5187a9-aedb-492a-9d05-0838730d7f61(uuid4063)
сент. 19, 2025 6:42:49 PM webapp.storage.AbstractStorage save
INFO: &amp#27;[32mSave fc6cd119-24b6-4763-a670-704587645fef(uuid4064)
сент. 19, 2025 6:42:49 PM webapp.storage.AbstractStorage save
INFO: &amp#27;[32mSave 33f19404-7f59-470b-8e60-91dc12e82ae5(uuid4065)
сент. 19, 2025 6:42:49 PM webapp.storage.AbstractStorage save
INFO: &amp#27;[32mSave 07b8699c-3617-4272-9a05-f0257c10f247(uuid4066)
сент. 19, 2025 6:42:49 PM webapp.storage.AbstractStorage save
INFO: &amp#27;[32mSave aca2681a-a1b5-4e2f-8219-0748de9d4aef(uuid4067)
сент. 19, 2025 6:42:49 PM webapp.storage.AbstractStorage save
INFO: &amp#27;[32mSave 4552b4a0-adb6-43af-9374-b8416bb1818c(uuid4068)
сент. 19, 2025 6:42:49 PM webapp.storage.AbstractStorage save
INFO: &amp#27;[32mSave 90aab7de-a1fd-4372-9248-729a54c8b796(uuid4069)
сент. 19, 2025 6:42:49 PM webapp.storage.AbstractStorage save
INFO: &amp#27;[32mSave 482ba804-3213-46b6-9529-a3fbb867dab8(uuid4070)
сент. 19, 2025 6:42:49 PM webapp.storage.AbstractStorage save
INFO: &amp#27;[32mSave 910405f4-0d09-435d-a6f0-ecfcf7c9878f(uuid4071)
сент. 19, 2025 6:42:49 PM webapp.storage.AbstractStorage save
INFO: &amp#27;[32mSave 895e4fff-5ecf-40c3-84ff-5cf5ea7fb154(uuid4072)
сент. 19, 2025 6:42:49 PM webapp.storage.AbstractStorage save
INFO: &amp#27;[32mSave f2e6e7e5-b7f3-4fd7-a62e-b4189cf41b3f(uuid4073)
сент. 19, 2025 6:42:49 PM webapp.storage.AbstractStorage save
INFO: &amp#27;[32mSave b5f8550b-d17c-4f9a-8f92-8bf9405d3340(uuid4074)
сент. 19, 2025 6:42:49 PM webapp.storage.AbstractStorage save
INFO: &amp#27;[32mSave 7782bddd-c174-4392-ac95-a4cd5860486d(uuid4075)
сент. 19, 2025 6:42:49 PM webapp.storage.AbstractStorage save
INFO: &amp#27;[32mSave aed4fc40-3f3c-45e8-9772-a3e96c5cf1bc(uuid4076)
сент. 19, 2025 6:42:49 PM webapp.storage.AbstractStorage save
INFO: &amp#27;[32mSave 4811f38b-b41f-4263-8981-ef3e755f7338(uuid4077)
сент. 19, 2025 6:42:49 PM webapp.storage.AbstractStorage save
INFO: &amp#27;[32mSave 40479018-b3fc-4cd5-be2e-0638565ca2ba(uuid4078)
сент. 19, 2025 6:42:49 PM webapp.storage.AbstractStorage save
INFO: &amp#27;[32mSave 2518d83b-c449-4062-bab2-f18f51467f67(uuid4079)
сент. 19, 2025 6:42:49 PM webapp.storage.AbstractStorage save
INFO: &amp#27;[32mSave a8e43b53-79b9-4904-a75d-b2dada0e1ad2(uuid4080)
сент. 19, 2025 6:42:49 PM webapp.storage.AbstractStorage save
INFO: &amp#27;[32mSave 75dec390-2426-41b1-89dc-1950dcd253ef(uuid4081)
сент. 19, 2025 6:42:49 PM webapp.storage.AbstractStorage save
INFO: &amp#27;[32mSave 82a88f23-f7ee-4839-9bdb-80149e6f8200(uuid4082)
сент. 19, 2025 6:42:49 PM webapp.storage.AbstractStorage save
INFO: &amp#27;[32mSave 5b5a5e88-74b9-4aab-93fb-561bda8bf173(uuid4083)
сент. 19, 2025 6:42:49 PM webapp.storage.AbstractStorage save
INFO: &amp#27;[32mSave 9991bfd4-1c04-4bf9-bbea-614fa7c641da(uuid4084)
сент. 19, 2025 6:42:49 PM webapp.storage.AbstractStorage save
INFO: &amp#27;[32mSave 0942503c-c736-47c2-aa39-07ee5109e0f2(uuid4085)
сент. 19, 2025 6:42:49 PM webapp.storage.AbstractStorage save
INFO: &amp#27;[32mSave 4b023300-5e1d-4262-870b-18447a475519(uuid4086)
сент. 19, 2025 6:42:49 PM webapp.storage.AbstractStorage save
INFO: &amp#27;[32mSave 2880730f-572c-4182-a351-ce93803287c3(uuid4087)
сент. 19, 2025 6:42:49 PM webapp.storage.AbstractStorage save
INFO: &amp#27;[32mSave b0dad004-0a8f-4f5a-a774-c1b0cad777f7(uuid4088)
сент. 19, 2025 6:42:49 PM webapp.storage.AbstractStorage save
INFO: &amp#27;[32mSave bf6a5bbf-278b-4e40-b1d4-5e7b194ceed7(uuid4089)
сент. 19, 2025 6:42:49 PM webapp.storage.AbstractStorage save
INFO: &amp#27;[32mSave 9d2afbc2-8c25-419c-8fa4-bd13e6d09eea(uuid4090)
сент. 19, 2025 6:42:49 PM webapp.storage.AbstractStorage save
INFO: &amp#27;[32mSave 007ff879-3ed3-498d-b394-60970607beb8(uuid4091)
сент. 19, 2025 6:42:49 PM webapp.storage.AbstractStorage save
INFO: &amp#27;[32mSave 0f88fc7b-249b-4b51-a5d6-34bb88f4d50e(uuid4092)
сент. 19, 2025 6:42:49 PM webapp.storage.AbstractStorage save
INFO: &amp#27;[32mSave 6b1682a2-a7ed-41a2-96c6-4773f384da04(uuid4093)
сент. 19, 2025 6:42:49 PM webapp.storage.AbstractStorage save
INFO: &amp#27;[32mSave b856819b-e4ab-4caf-8446-1163fcf682fa(uuid4094)
сент. 19, 2025 6:42:49 PM webapp.storage.AbstractStorage save
INFO: &amp#27;[32mSave c81402dc-8094-4837-acd1-95a6906198b9(uuid4095)
сент. 19, 2025 6:42:49 PM webapp.storage.AbstractStorage save
INFO: &amp#27;[32mSave bd574f14-401a-4bca-9571-e4c77a7ba906(uuid4096)
сент. 19, 2025 6:42:49 PM webapp.storage.AbstractStorage save
INFO: &amp#27;[32mSave 6f118072-a4c7-4365-9474-9e16e8b13699(uuid4097)
сент. 19, 2025 6:42:49 PM webapp.storage.AbstractStorage save
INFO: &amp#27;[32mSave 1843e26b-0395-432e-8bfd-8b1125039923(uuid4098)
сент. 19, 2025 6:42:49 PM webapp.storage.AbstractStorage save
INFO: &amp#27;[32mSave 16557429-960e-4b08-b05e-366af8fff602(uuid4099)
сент. 19, 2025 6:42:49 PM webapp.storage.AbstractStorage save
INFO: &amp#27;[32mSave 53e33410-1873-40fa-86c7-edf917af71fd(uuid4100)
сент. 19, 2025 6:42:49 PM webapp.storage.AbstractStorage save
INFO: &amp#27;[32mSave 5add1655-191d-4547-b0dc-f0d6d17cefaf(uuid4101)
сент. 19, 2025 6:42:49 PM webapp.storage.AbstractStorage save
INFO: &amp#27;[32mSave df47e98a-3e85-4a59-8697-8f585fe4b061(uuid4102)
сент. 19, 2025 6:42:49 PM webapp.storage.AbstractStorage save
INFO: &amp#27;[32mSave 6f6c3023-b774-44bb-9ba0-73d0ffc7c54e(uuid4103)
сент. 19, 2025 6:42:49 PM webapp.storage.AbstractStorage save
INFO: &amp#27;[32mSave 41b39614-b151-4dd3-a77a-984bd0d60cad(uuid4104)
сент. 19, 2025 6:42:49 PM webapp.storage.AbstractStorage save
INFO: &amp#27;[32mSave 64f62422-d8df-4b11-b86f-53bb7987c86b(uuid4105)
сент. 19, 2025 6:42:49 PM webapp.storage.AbstractStorage save
INFO: &amp#27;[32mSave b7c85298-355f-4b8b-8f41-f290dae95212(uuid4106)
сент. 19, 2025 6:42:49 PM webapp.storage.AbstractStorage save
INFO: &amp#27;[32mSave 08f112e9-49a6-429d-b6d9-e2ead3504e66(uuid4107)
сент. 19, 2025 6:42:49 PM webapp.storage.AbstractStorage save
INFO: &amp#27;[32mSave a9e6edd4-1101-4ffd-b704-6ec5be96ab72(uuid4108)
сент. 19, 2025 6:42:49 PM webapp.storage.AbstractStorage save
INFO: &amp#27;[32mSave 06fd0db0-ddb7-4a49-81bc-06993a7da257(uuid4109)
сент. 19, 2025 6:42:49 PM webapp.storage.AbstractStorage save
INFO: &amp#27;[32mSave 96806613-2289-41d7-9032-3ef56a2fdf59(uuid4110)
сент. 19, 2025 6:42:49 PM webapp.storage.AbstractStorage save
INFO: &amp#27;[32mSave 0c3857c1-2352-494d-9a96-986bdb921e7d(uuid4111)
сент. 19, 2025 6:42:49 PM webapp.storage.AbstractStorage save
INFO: &amp#27;[32mSave 98b68c75-4cf1-4ebd-9b8f-5f693ee0ee94(uuid4112)
сент. 19, 2025 6:42:49 PM webapp.storage.AbstractStorage save
INFO: &amp#27;[32mSave 34074625-8734-4249-95ec-d8207e15b4ec(uuid4113)
сент. 19, 2025 6:42:49 PM webapp.storage.AbstractStorage save
INFO: &amp#27;[32mSave 8c8388e5-1d0d-45f7-9297-2ce428f6fa34(uuid4114)
сент. 19, 2025 6:42:49 PM webapp.storage.AbstractStorage save
INFO: &amp#27;[32mSave 41d28e36-86ec-4990-8253-f72fe8862e04(uuid4115)
сент. 19, 2025 6:42:49 PM webapp.storage.AbstractStorage save
INFO: &amp#27;[32mSave 5f61242d-ff9f-4d61-9def-c6794633f8e2(uuid4116)
сент. 19, 2025 6:42:49 PM webapp.storage.AbstractStorage save
INFO: &amp#27;[32mSave cb06d5bd-57a2-4e41-bcfb-26d85d3ee7a6(uuid4117)
сент. 19, 2025 6:42:49 PM webapp.storage.AbstractStorage save
INFO: &amp#27;[32mSave ef0055c9-b81e-4a25-89b5-d09f380f292c(uuid4118)
сент. 19, 2025 6:42:49 PM webapp.storage.AbstractStorage save
INFO: &amp#27;[32mSave 2213ddc3-50f2-44f7-8b1a-2f9293e41b74(uuid4119)
сент. 19, 2025 6:42:49 PM webapp.storage.AbstractStorage save
INFO: &amp#27;[32mSave 7dc8abd2-1d9f-4578-8da1-2b74efd07018(uuid4120)
сент. 19, 2025 6:42:49 PM webapp.storage.AbstractStorage save
INFO: &amp#27;[32mSave 50d815d3-03cd-4f8f-9265-357b4b4268b3(uuid4121)
сент. 19, 2025 6:42:49 PM webapp.storage.AbstractStorage save
INFO: &amp#27;[32mSave 2fb6ea76-7ae4-4022-b338-2ba650deb46d(uuid4122)
сент. 19, 2025 6:42:49 PM webapp.storage.AbstractStorage save
INFO: &amp#27;[32mSave 8411aed8-f874-43f6-9568-6b9cbb274159(uuid4123)
сент. 19, 2025 6:42:49 PM webapp.storage.AbstractStorage save
INFO: &amp#27;[32mSave 9b51c3cc-a737-493e-9f19-300799ae2c8f(uuid4124)
сент. 19, 2025 6:42:49 PM webapp.storage.AbstractStorage save
INFO: &amp#27;[32mSave 4fc17a5c-2745-4fc6-8ae3-dafc35ed3b77(uuid4125)
сент. 19, 2025 6:42:49 PM webapp.storage.AbstractStorage save
INFO: &amp#27;[32mSave 2b2da7ef-33e6-4e2d-8bc6-57bec7640792(uuid4126)
сент. 19, 2025 6:42:49 PM webapp.storage.AbstractStorage save
INFO: &amp#27;[32mSave 6d32c054-4724-43fb-b51c-07292ce09fb3(uuid4127)
сент. 19, 2025 6:42:49 PM webapp.storage.AbstractStorage save
INFO: &amp#27;[32mSave 4078e3e5-5c07-4f40-8d1c-fd31458706ea(uuid4128)
сент. 19, 2025 6:42:49 PM webapp.storage.AbstractStorage save
INFO: &amp#27;[32mSave 410cac92-62ce-424d-aa7b-5cb16bfb1a1a(uuid4129)
сент. 19, 2025 6:42:49 PM webapp.storage.AbstractStorage save
INFO: &amp#27;[32mSave dfbde4d0-58bb-4aa2-8b48-c99343ad247f(uuid4130)
сент. 19, 2025 6:42:49 PM webapp.storage.AbstractStorage save
INFO: &amp#27;[32mSave 787d4b00-98db-441b-b0ea-4f164e0c0380(uuid4131)
сент. 19, 2025 6:42:49 PM webapp.storage.AbstractStorage save
INFO: &amp#27;[32mSave ddacfedb-b093-490e-81c2-8f1b0e62b14c(uuid4132)
сент. 19, 2025 6:42:49 PM webapp.storage.AbstractStorage save
INFO: &amp#27;[32mSave 53246426-8d6f-47a0-946c-437f07f7187d(uuid4133)
сент. 19, 2025 6:42:49 PM webapp.storage.AbstractStorage save
INFO: &amp#27;[32mSave d502fefd-29cf-48aa-8ee9-06388b59f70e(uuid4134)
сент. 19, 2025 6:42:49 PM webapp.storage.AbstractStorage save
INFO: &amp#27;[32mSave 13c23050-ae61-4730-8c8d-01462221befd(uuid4135)
сент. 19, 2025 6:42:49 PM webapp.storage.AbstractStorage save
INFO: &amp#27;[32mSave 44c1f487-3501-4724-815c-1ab9a932fc5b(uuid4136)
сент. 19, 2025 6:42:49 PM webapp.storage.AbstractStorage save
INFO: &amp#27;[32mSave 6eb2712a-fef0-419e-ad85-561fb950afef(uuid4137)
сент. 19, 2025 6:42:49 PM webapp.storage.AbstractStorage save
INFO: &amp#27;[32mSave 4f97b060-fd31-4c41-b7a5-10135aff0778(uuid4138)
сент. 19, 2025 6:42:49 PM webapp.storage.AbstractStorage save
INFO: &amp#27;[32mSave 51b5e60f-b96c-4a0b-adfd-ee77fc7d0ab7(uuid4139)
сент. 19, 2025 6:42:49 PM webapp.storage.AbstractStorage save
INFO: &amp#27;[32mSave e8f8a0ae-dd03-47d4-9532-817fa27d321f(uuid4140)
сент. 19, 2025 6:42:49 PM webapp.storage.AbstractStorage save
INFO: &amp#27;[32mSave 05c512ad-6211-4458-93f2-3cd6d4d8aaab(uuid4141)
сент. 19, 2025 6:42:49 PM webapp.storage.AbstractStorage save
INFO: &amp#27;[32mSave c7cb5dca-39f1-49cb-b5c7-acc8205aa222(uuid4142)
сент. 19, 2025 6:42:49 PM webapp.storage.AbstractStorage save
INFO: &amp#27;[32mSave 73d1424d-fc0c-4bcf-9518-62208cd815d2(uuid4143)
сент. 19, 2025 6:42:49 PM webapp.storage.AbstractStorage save
INFO: &amp#27;[32mSave f218dc90-0f46-44fc-8ec9-95d500b1f3ae(uuid4144)
сент. 19, 2025 6:42:49 PM webapp.storage.AbstractStorage save
INFO: &amp#27;[32mSave b2f9c396-c2d4-4fa2-a905-ccf98f3b7a7c(uuid4145)
сент. 19, 2025 6:42:49 PM webapp.storage.AbstractStorage save
INFO: &amp#27;[32mSave 8d7846f1-34c3-4935-b295-feaeae1c04d2(uuid4146)
сент. 19, 2025 6:42:49 PM webapp.storage.AbstractStorage save
INFO: &amp#27;[32mSave ca16b1f1-6a90-4432-86c6-c590e3b73868(uuid4147)
сент. 19, 2025 6:42:49 PM webapp.storage.AbstractStorage save
INFO: &amp#27;[32mSave b778efa3-c1bd-4b2f-ae6d-232818ee4f8a(uuid4148)
сент. 19, 2025 6:42:49 PM webapp.storage.AbstractStorage save
INFO: &amp#27;[32mSave 94ce5885-236f-48b7-b8c3-67d0e7287f94(uuid4149)
сент. 19, 2025 6:42:49 PM webapp.storage.AbstractStorage save
INFO: &amp#27;[32mSave 9fd408b4-e8b0-420c-be1f-5bef672b40a3(uuid4150)
сент. 19, 2025 6:42:49 PM webapp.storage.AbstractStorage save
INFO: &amp#27;[32mSave 45ad23b4-19f0-40ec-89e5-bdcc4962eb44(uuid4151)
сент. 19, 2025 6:42:49 PM webapp.storage.AbstractStorage save
INFO: &amp#27;[32mSave eda586c3-c8f5-4b4c-899b-e3d7c3e050ac(uuid4152)
сент. 19, 2025 6:42:49 PM webapp.storage.AbstractStorage save
INFO: &amp#27;[32mSave f8f73edd-7b58-4723-b141-6a0e7e388c17(uuid4153)
сент. 19, 2025 6:42:49 PM webapp.storage.AbstractStorage save
INFO: &amp#27;[32mSave df547076-9d0f-47ed-a13c-270e985aa448(uuid4154)
сент. 19, 2025 6:42:49 PM webapp.storage.AbstractStorage save
INFO: &amp#27;[32mSave 02aa41b9-ba99-4a12-8d0e-a90b65b3e4a7(uuid4155)
сент. 19, 2025 6:42:49 PM webapp.storage.AbstractStorage save
INFO: &amp#27;[32mSave a855624d-26da-4135-9091-86deb50d7ba8(uuid4156)
сент. 19, 2025 6:42:49 PM webapp.storage.AbstractStorage save
INFO: &amp#27;[32mSave 60d40966-369b-47bf-b783-d39a489327ec(uuid4157)
сент. 19, 2025 6:42:49 PM webapp.storage.AbstractStorage save
INFO: &amp#27;[32mSave 039668b2-7c42-4501-add1-0d26fcaa10e9(uuid4158)
сент. 19, 2025 6:42:49 PM webapp.storage.AbstractStorage save
INFO: &amp#27;[32mSave 0ef9025a-ee1f-435b-99e4-29b8be8b6f3c(uuid4159)
сент. 19, 2025 6:42:49 PM webapp.storage.AbstractStorage save
INFO: &amp#27;[32mSave 1aa3e0c3-64bf-4fd5-83e7-4a24ba235d7a(uuid4160)
сент. 19, 2025 6:42:49 PM webapp.storage.AbstractStorage save
INFO: &amp#27;[32mSave 9cb4d656-acff-415b-8a23-bc080e069338(uuid4161)
сент. 19, 2025 6:42:49 PM webapp.storage.AbstractStorage save
INFO: &amp#27;[32mSave 2d2f8e31-7972-4aa1-8f1d-5f2b91b75086(uuid4162)
сент. 19, 2025 6:42:49 PM webapp.storage.AbstractStorage save
INFO: &amp#27;[32mSave ce8520ba-d785-4689-8902-824b9962a32d(uuid4163)
сент. 19, 2025 6:42:49 PM webapp.storage.AbstractStorage save
INFO: &amp#27;[32mSave d576415d-8c45-4d8e-84cc-124822a2a0f6(uuid4164)
сент. 19, 2025 6:42:49 PM webapp.storage.AbstractStorage save
INFO: &amp#27;[32mSave c54c7587-3334-4fdf-83df-6e4896b14f66(uuid4165)
сент. 19, 2025 6:42:49 PM webapp.storage.AbstractStorage save
INFO: &amp#27;[32mSave 8e87c098-9ecd-461f-b378-42178601b628(uuid4166)
сент. 19, 2025 6:42:49 PM webapp.storage.AbstractStorage save
INFO: &amp#27;[32mSave 518e64f6-118b-42fb-909f-bee793b60325(uuid4167)
сент. 19, 2025 6:42:49 PM webapp.storage.AbstractStorage save
INFO: &amp#27;[32mSave 3960ad3d-0bdf-4f4c-a20f-d23569a9e47e(uuid4168)
сент. 19, 2025 6:42:49 PM webapp.storage.AbstractStorage save
INFO: &amp#27;[32mSave 47106566-8d18-4db0-bbe6-26b942c26ebc(uuid4169)
сент. 19, 2025 6:42:49 PM webapp.storage.AbstractStorage save
INFO: &amp#27;[32mSave 0669961c-2fb8-4eb5-832c-2541c4f0dcef(uuid4170)
сент. 19, 2025 6:42:49 PM webapp.storage.AbstractStorage save
INFO: &amp#27;[32mSave c19b13cb-5772-46a6-aaae-d4c4f6b9832c(uuid4171)
сент. 19, 2025 6:42:49 PM webapp.storage.AbstractStorage save
INFO: &amp#27;[32mSave 7cd71bd2-c126-41f4-8e06-cddde50df236(uuid4172)
сент. 19, 2025 6:42:49 PM webapp.storage.AbstractStorage save
INFO: &amp#27;[32mSave 228b590f-e818-43b6-8d31-a3835ba59f48(uuid4173)
сент. 19, 2025 6:42:49 PM webapp.storage.AbstractStorage save
INFO: &amp#27;[32mSave 8dc83a35-ea20-4437-ad18-9977de9df8e2(uuid4174)
сент. 19, 2025 6:42:49 PM webapp.storage.AbstractStorage save
INFO: &amp#27;[32mSave 8e9c4f60-fd06-445e-97b7-daabb06be964(uuid4175)
сент. 19, 2025 6:42:49 PM webapp.storage.AbstractStorage save
INFO: &amp#27;[32mSave 7018d3c3-632b-4861-b467-d50ffdd91599(uuid4176)
сент. 19, 2025 6:42:49 PM webapp.storage.AbstractStorage save
INFO: &amp#27;[32mSave 09586505-1324-4175-84d3-40c46cd58f0a(uuid4177)
сент. 19, 2025 6:42:49 PM webapp.storage.AbstractStorage save
INFO: &amp#27;[32mSave d5da3ccb-cc8c-4b02-bc32-8fe51b811c3b(uuid4178)
сент. 19, 2025 6:42:49 PM webapp.storage.AbstractStorage save
INFO: &amp#27;[32mSave 3dc36886-63d1-48d3-a657-58ad46dd83d8(uuid4179)
сент. 19, 2025 6:42:49 PM webapp.storage.AbstractStorage save
INFO: &amp#27;[32mSave dfd3bb50-a289-47cf-9efc-7bf19530b3ff(uuid4180)
сент. 19, 2025 6:42:49 PM webapp.storage.AbstractStorage save
INFO: &amp#27;[32mSave e541f395-120d-4d90-bfdc-58a184580263(uuid4181)
сент. 19, 2025 6:42:49 PM webapp.storage.AbstractStorage save
INFO: &amp#27;[32mSave 670080d5-a4fe-4474-94a3-2f5d5f3487be(uuid4182)
сент. 19, 2025 6:42:49 PM webapp.storage.AbstractStorage save
INFO: &amp#27;[32mSave c2a173fd-df95-4706-aa7a-8aea0310aff1(uuid4183)
сент. 19, 2025 6:42:49 PM webapp.storage.AbstractStorage save
INFO: &amp#27;[32mSave 7a6b3746-1144-4e46-a9f3-e6b026328a21(uuid4184)
сент. 19, 2025 6:42:49 PM webapp.storage.AbstractStorage save
INFO: &amp#27;[32mSave 759c1784-0b94-42f3-9558-129d3ac9c9fa(uuid4185)
сент. 19, 2025 6:42:49 PM webapp.storage.AbstractStorage save
INFO: &amp#27;[32mSave 3b3bccf1-0831-4209-a5bc-ea4b49345058(uuid4186)
сент. 19, 2025 6:42:49 PM webapp.storage.AbstractStorage save
INFO: &amp#27;[32mSave 23469ce5-1803-4d99-89ce-fad9aed6d5e4(uuid4187)
сент. 19, 2025 6:42:49 PM webapp.storage.AbstractStorage save
INFO: &amp#27;[32mSave d7ed6e8d-6fbe-4e41-9073-fecfb07d8b48(uuid4188)
сент. 19, 2025 6:42:49 PM webapp.storage.AbstractStorage save
INFO: &amp#27;[32mSave ecff7cf5-39ec-4294-aa62-28381a4064d8(uuid4189)
сент. 19, 2025 6:42:49 PM webapp.storage.AbstractStorage save
INFO: &amp#27;[32mSave 098eb4c1-b4ed-4107-a70f-9f3cad3b44a5(uuid4190)
сент. 19, 2025 6:42:49 PM webapp.storage.AbstractStorage save
INFO: &amp#27;[32mSave 58e48f87-e9f9-49f4-b40f-30d8d1b7b839(uuid4191)
сент. 19, 2025 6:42:49 PM webapp.storage.AbstractStorage save
INFO: &amp#27;[32mSave d5347987-9945-4941-94ce-75c81eb3a259(uuid4192)
сент. 19, 2025 6:42:49 PM webapp.storage.AbstractStorage save
INFO: &amp#27;[32mSave 3f31d55f-ab32-43df-bace-2ddd4cda7f84(uuid4193)
сент. 19, 2025 6:42:49 PM webapp.storage.AbstractStorage save
INFO: &amp#27;[32mSave a389d56e-eb8e-4f3e-b866-0f9489387eb5(uuid4194)
сент. 19, 2025 6:42:49 PM webapp.storage.AbstractStorage save
INFO: &amp#27;[32mSave e3332f18-ffb9-4ea7-82f1-d925aef983d2(uuid4195)
сент. 19, 2025 6:42:49 PM webapp.storage.AbstractStorage save
INFO: &amp#27;[32mSave a7040527-ffbe-4ddd-a1ad-f29515391f2f(uuid4196)
сент. 19, 2025 6:42:49 PM webapp.storage.AbstractStorage save
INFO: &amp#27;[32mSave 79735724-317c-4fcc-8f17-d3533faed172(uuid4197)
сент. 19, 2025 6:42:49 PM webapp.storage.AbstractStorage save
INFO: &amp#27;[32mSave 4a2e7ee1-ebdc-4a31-9116-edeaadc4dc1e(uuid4198)
сент. 19, 2025 6:42:49 PM webapp.storage.AbstractStorage save
INFO: &amp#27;[32mSave 50d6fdb3-4d26-4d85-b739-49ccadf077c2(uuid4199)
сент. 19, 2025 6:42:49 PM webapp.storage.AbstractStorage save
INFO: &amp#27;[32mSave 82654192-567a-40a9-b7dd-9d420ce7b9de(uuid4200)
сент. 19, 2025 6:42:49 PM webapp.storage.AbstractStorage save
INFO: &amp#27;[32mSave 5a26188d-aa54-4be0-acd7-ede35b2a0ca7(uuid4201)
сент. 19, 2025 6:42:49 PM webapp.storage.AbstractStorage save
INFO: &amp#27;[32mSave 4521bc52-8a9f-4516-9e63-cbe24ba27aaf(uuid4202)
сент. 19, 2025 6:42:49 PM webapp.storage.AbstractStorage save
INFO: &amp#27;[32mSave da0cc0cf-f6ce-47da-8a2c-c4ec8d3acaa4(uuid4203)
сент. 19, 2025 6:42:49 PM webapp.storage.AbstractStorage save
INFO: &amp#27;[32mSave f1e00953-5992-4954-9836-8da7a73297fe(uuid4204)
сент. 19, 2025 6:42:49 PM webapp.storage.AbstractStorage save
INFO: &amp#27;[32mSave 81dc7b2c-1531-4a33-87a7-a542d1fd6ac1(uuid4205)
сент. 19, 2025 6:42:49 PM webapp.storage.AbstractStorage save
INFO: &amp#27;[32mSave 8ce71391-c50a-4b41-8279-77ac3a5abd99(uuid4206)
сент. 19, 2025 6:42:49 PM webapp.storage.AbstractStorage save
INFO: &amp#27;[32mSave 93ba194d-d8bf-437c-aa14-e6e50c68a074(uuid4207)
сент. 19, 2025 6:42:49 PM webapp.storage.AbstractStorage save
INFO: &amp#27;[32mSave 6dad50a6-e555-47d8-baf4-ce8be65e0716(uuid4208)
сент. 19, 2025 6:42:49 PM webapp.storage.AbstractStorage save
INFO: &amp#27;[32mSave c60a0095-6643-462c-b3d3-bc1b22a11b61(uuid4209)
сент. 19, 2025 6:42:49 PM webapp.storage.AbstractStorage save
INFO: &amp#27;[32mSave 609fd75b-678b-47c6-bda5-397cf2d0ae3a(uuid4210)
сент. 19, 2025 6:42:49 PM webapp.storage.AbstractStorage save
INFO: &amp#27;[32mSave 0f0a10fb-215d-4a82-a530-88d7ec05869b(uuid4211)
сент. 19, 2025 6:42:49 PM webapp.storage.AbstractStorage save
INFO: &amp#27;[32mSave 40da7086-8704-47f0-b600-e0e28a2940b3(uuid4212)
сент. 19, 2025 6:42:49 PM webapp.storage.AbstractStorage save
INFO: &amp#27;[32mSave cb1b2c4c-73b4-495a-9354-a8c00e611832(uuid4213)
сент. 19, 2025 6:42:49 PM webapp.storage.AbstractStorage save
INFO: &amp#27;[32mSave 0d26f8d8-3fa8-4d99-8f82-e557d53e0bf0(uuid4214)
сент. 19, 2025 6:42:49 PM webapp.storage.AbstractStorage save
INFO: &amp#27;[32mSave caed49c9-199e-4860-b9ba-c3b36c1024e1(uuid4215)
сент. 19, 2025 6:42:49 PM webapp.storage.AbstractStorage save
INFO: &amp#27;[32mSave 2e5680c0-9fca-42a5-9a3f-969347a3eb3a(uuid4216)
сент. 19, 2025 6:42:49 PM webapp.storage.AbstractStorage save
INFO: &amp#27;[32mSave 5e454fac-4cea-45eb-950a-57d3ff47bd5e(uuid4217)
сент. 19, 2025 6:42:49 PM webapp.storage.AbstractStorage save
INFO: &amp#27;[32mSave 92aaffdf-9124-4f13-aed2-a050ac9c41ed(uuid4218)
сент. 19, 2025 6:42:49 PM webapp.storage.AbstractStorage save
INFO: &amp#27;[32mSave c81db07f-d9f7-42f7-89c1-718d1579c4e1(uuid4219)
сент. 19, 2025 6:42:49 PM webapp.storage.AbstractStorage save
INFO: &amp#27;[32mSave d1948e05-3537-4e52-9a10-6c45f85ed079(uuid4220)
сент. 19, 2025 6:42:49 PM webapp.storage.AbstractStorage save
INFO: &amp#27;[32mSave 835b98a2-2a60-482f-848b-39deed373590(uuid4221)
сент. 19, 2025 6:42:49 PM webapp.storage.AbstractStorage save
INFO: &amp#27;[32mSave 5c7f77d2-018e-4327-99f9-347362142b3f(uuid4222)
сент. 19, 2025 6:42:49 PM webapp.storage.AbstractStorage save
INFO: &amp#27;[32mSave a5ba3fef-69cc-4b4e-9a32-b48710e2a113(uuid4223)
сент. 19, 2025 6:42:49 PM webapp.storage.AbstractStorage save
INFO: &amp#27;[32mSave 257926b7-946f-4915-8e78-ebec701b335f(uuid4224)
сент. 19, 2025 6:42:49 PM webapp.storage.AbstractStorage save
INFO: &amp#27;[32mSave e826b379-e816-4045-8052-64014607e2bc(uuid4225)
сент. 19, 2025 6:42:49 PM webapp.storage.AbstractStorage save
INFO: &amp#27;[32mSave b23c774d-47f5-467b-bdba-e93974ab566e(uuid4226)
сент. 19, 2025 6:42:49 PM webapp.storage.AbstractStorage save
INFO: &amp#27;[32mSave ed3af604-73aa-4268-a051-44cac9673888(uuid4227)
сент. 19, 2025 6:42:49 PM webapp.storage.AbstractStorage save
INFO: &amp#27;[32mSave 2252f073-ebb9-4afe-94ea-0a0b15454c73(uuid4228)
сент. 19, 2025 6:42:49 PM webapp.storage.AbstractStorage save
INFO: &amp#27;[32mSave a1623671-f2d3-450b-b9a0-60c514a2bba0(uuid4229)
сент. 19, 2025 6:42:49 PM webapp.storage.AbstractStorage save
INFO: &amp#27;[32mSave e20b7423-dcab-4416-9957-f97687f54462(uuid4230)
сент. 19, 2025 6:42:49 PM webapp.storage.AbstractStorage save
INFO: &amp#27;[32mSave 72a3f43d-a5a1-4f5a-b57c-8bb5ee3fd8f6(uuid4231)
сент. 19, 2025 6:42:49 PM webapp.storage.AbstractStorage save
INFO: &amp#27;[32mSave 6c527da8-27cd-45fb-8e9b-789ae9099c5c(uuid4232)
сент. 19, 2025 6:42:49 PM webapp.storage.AbstractStorage save
INFO: &amp#27;[32mSave 53751c1a-5b66-4299-90c5-98d9c084630d(uuid4233)
сент. 19, 2025 6:42:49 PM webapp.storage.AbstractStorage save
INFO: &amp#27;[32mSave dbe007df-b59e-456c-8a6d-8e7af368e0dc(uuid4234)
сент. 19, 2025 6:42:49 PM webapp.storage.AbstractStorage save
INFO: &amp#27;[32mSave 2572a105-060e-4c59-915c-bf08e495b8cd(uuid4235)
сент. 19, 2025 6:42:49 PM webapp.storage.AbstractStorage save
INFO: &amp#27;[32mSave b8271024-a65e-4e83-b4b2-e3fce84f221f(uuid4236)
сент. 19, 2025 6:42:49 PM webapp.storage.AbstractStorage save
INFO: &amp#27;[32mSave e8f17045-5e45-4820-8c51-c41937db09c1(uuid4237)
сент. 19, 2025 6:42:49 PM webapp.storage.AbstractStorage save
INFO: &amp#27;[32mSave 25adc0cc-02cc-4788-837c-f834ccca5d06(uuid4238)
сент. 19, 2025 6:42:49 PM webapp.storage.AbstractStorage save
INFO: &amp#27;[32mSave 744a51c2-8a7d-4658-9543-b023dbed1ab3(uuid4239)
сент. 19, 2025 6:42:49 PM webapp.storage.AbstractStorage save
INFO: &amp#27;[32mSave c5644da4-ba4a-4a39-a1eb-0b3290c00be7(uuid4240)
сент. 19, 2025 6:42:49 PM webapp.storage.AbstractStorage save
INFO: &amp#27;[32mSave a16b58d6-e6fb-4ba1-a476-a6d368d26dbd(uuid4241)
сент. 19, 2025 6:42:49 PM webapp.storage.AbstractStorage save
INFO: &amp#27;[32mSave 27e36066-c3ec-4410-a66d-2f3d6bc398ac(uuid4242)
сент. 19, 2025 6:42:49 PM webapp.storage.AbstractStorage save
INFO: &amp#27;[32mSave 423bf357-3b3b-4396-9144-8ef579eeb87f(uuid4243)
сент. 19, 2025 6:42:49 PM webapp.storage.AbstractStorage save
INFO: &amp#27;[32mSave 75ab761c-b89c-421b-85e9-f91ad70bfb78(uuid4244)
сент. 19, 2025 6:42:49 PM webapp.storage.AbstractStorage save
INFO: &amp#27;[32mSave 2649f5aa-8ae3-4c55-a4f4-a3d4fcadb98e(uuid4245)
сент. 19, 2025 6:42:49 PM webapp.storage.AbstractStorage save
INFO: &amp#27;[32mSave c078ad90-6138-4c3f-b294-4d7ab4d3a2f5(uuid4246)
сент. 19, 2025 6:42:49 PM webapp.storage.AbstractStorage save
INFO: &amp#27;[32mSave 50545f2c-d9c9-4bf5-beec-b69362d1b34c(uuid4247)
сент. 19, 2025 6:42:49 PM webapp.storage.AbstractStorage save
INFO: &amp#27;[32mSave 86c340dd-df1d-4697-a371-46776125c2f2(uuid4248)
сент. 19, 2025 6:42:49 PM webapp.storage.AbstractStorage save
INFO: &amp#27;[32mSave c18985e3-4439-4c73-a904-c5a13b3fb0d8(uuid4249)
сент. 19, 2025 6:42:49 PM webapp.storage.AbstractStorage save
INFO: &amp#27;[32mSave 7424074f-9728-4bd3-b820-d42f5ca53edf(uuid4250)
сент. 19, 2025 6:42:49 PM webapp.storage.AbstractStorage save
INFO: &amp#27;[32mSave 916cf415-ed55-4274-82a4-d3b52809c31c(uuid4251)
сент. 19, 2025 6:42:49 PM webapp.storage.AbstractStorage save
INFO: &amp#27;[32mSave c5082684-aff2-4363-b42c-c87141f3a63f(uuid4252)
сент. 19, 2025 6:42:49 PM webapp.storage.AbstractStorage save
INFO: &amp#27;[32mSave ab717e05-bb4b-42cf-9015-f8f8cc34bdf9(uuid4253)
сент. 19, 2025 6:42:49 PM webapp.storage.AbstractStorage save
INFO: &amp#27;[32mSave 10632440-638d-40cd-90c0-491576b00113(uuid4254)
сент. 19, 2025 6:42:49 PM webapp.storage.AbstractStorage save
INFO: &amp#27;[32mSave 32adc30e-dc4c-4682-8709-e0c75087b170(uuid4255)
сент. 19, 2025 6:42:49 PM webapp.storage.AbstractStorage save
INFO: &amp#27;[32mSave ba970c07-032b-4bbc-9154-426f6966a30b(uuid4256)
сент. 19, 2025 6:42:49 PM webapp.storage.AbstractStorage save
INFO: &amp#27;[32mSave ca6e55f9-fc37-49f9-b19b-c2ad2159a625(uuid4257)
сент. 19, 2025 6:42:49 PM webapp.storage.AbstractStorage save
INFO: &amp#27;[32mSave 70fcd017-60f7-470c-aaf4-f471a2397a72(uuid4258)
сент. 19, 2025 6:42:49 PM webapp.storage.AbstractStorage save
INFO: &amp#27;[32mSave 9cf8b86f-3d06-4b90-aa57-1543923440a5(uuid4259)
сент. 19, 2025 6:42:49 PM webapp.storage.AbstractStorage save
INFO: &amp#27;[32mSave 92c5a799-653d-4586-8692-070f0d752087(uuid4260)
сент. 19, 2025 6:42:49 PM webapp.storage.AbstractStorage save
INFO: &amp#27;[32mSave 6f20af4c-9fcb-401d-ad1c-4f4e66ceb798(uuid4261)
сент. 19, 2025 6:42:49 PM webapp.storage.AbstractStorage save
INFO: &amp#27;[32mSave 8dc97aaf-8ed7-42d8-987d-6620181752b8(uuid4262)
сент. 19, 2025 6:42:49 PM webapp.storage.AbstractStorage save
INFO: &amp#27;[32mSave 990fae33-68fe-406b-9b16-ae5513d4b655(uuid4263)
сент. 19, 2025 6:42:49 PM webapp.storage.AbstractStorage save
INFO: &amp#27;[32mSave ab10db04-a8b7-4dda-833e-6515c58adc62(uuid4264)
сент. 19, 2025 6:42:49 PM webapp.storage.AbstractStorage save
INFO: &amp#27;[32mSave 47fc40ce-5e1c-41f5-b89b-ab8757fe1306(uuid4265)
сент. 19, 2025 6:42:49 PM webapp.storage.AbstractStorage save
INFO: &amp#27;[32mSave 930af736-fe62-44dd-909a-c8eed1f426ba(uuid4266)
сент. 19, 2025 6:42:49 PM webapp.storage.AbstractStorage save
INFO: &amp#27;[32mSave 3a671d0a-20b3-4d1f-97a2-76b2162dc0ea(uuid4267)
сент. 19, 2025 6:42:49 PM webapp.storage.AbstractStorage save
INFO: &amp#27;[32mSave 54a5ba30-4f6c-4585-8a30-252dd779147e(uuid4268)
сент. 19, 2025 6:42:49 PM webapp.storage.AbstractStorage save
INFO: &amp#27;[32mSave db13050c-a37e-4c22-9149-b09415d9a66d(uuid4269)
сент. 19, 2025 6:42:49 PM webapp.storage.AbstractStorage save
INFO: &amp#27;[32mSave da44712c-53d8-468d-949c-61b79ec35c81(uuid4270)
сент. 19, 2025 6:42:49 PM webapp.storage.AbstractStorage save
INFO: &amp#27;[32mSave 03f45030-16ba-412f-9bb0-ecbcdf12c06a(uuid4271)
сент. 19, 2025 6:42:49 PM webapp.storage.AbstractStorage save
INFO: &amp#27;[32mSave 3d94fc09-82d1-47ae-8acc-d0817bae9058(uuid4272)
сент. 19, 2025 6:42:49 PM webapp.storage.AbstractStorage save
INFO: &amp#27;[32mSave 64634681-3919-4644-8d36-fabf2d5a60eb(uuid4273)
сент. 19, 2025 6:42:49 PM webapp.storage.AbstractStorage save
INFO: &amp#27;[32mSave a7deecea-4ecf-44f3-9af8-d0d9dfab5abb(uuid4274)
сент. 19, 2025 6:42:49 PM webapp.storage.AbstractStorage save
INFO: &amp#27;[32mSave 9556bc04-02ad-4bba-8601-cbbb5eb4ee13(uuid4275)
сент. 19, 2025 6:42:49 PM webapp.storage.AbstractStorage save
INFO: &amp#27;[32mSave 521c692f-9395-4a35-858b-195b38afff73(uuid4276)
сент. 19, 2025 6:42:49 PM webapp.storage.AbstractStorage save
INFO: &amp#27;[32mSave 106ec4c9-9415-4fa2-b446-ef33897ebd9a(uuid4277)
сент. 19, 2025 6:42:49 PM webapp.storage.AbstractStorage save
INFO: &amp#27;[32mSave d79c1311-39a7-43e2-bbb4-1bf4b7cf4bd2(uuid4278)
сент. 19, 2025 6:42:49 PM webapp.storage.AbstractStorage save
INFO: &amp#27;[32mSave 867c998d-a5f6-43df-9225-33f3738d1780(uuid4279)
сент. 19, 2025 6:42:49 PM webapp.storage.AbstractStorage save
INFO: &amp#27;[32mSave e6cad660-3e88-462d-829d-13e329d13317(uuid4280)
сент. 19, 2025 6:42:49 PM webapp.storage.AbstractStorage save
INFO: &amp#27;[32mSave 416e0365-f12b-4dc0-b08e-ffa4d6d12218(uuid4281)
сент. 19, 2025 6:42:49 PM webapp.storage.AbstractStorage save
INFO: &amp#27;[32mSave 1dc64c94-b23e-447b-9ae6-b67fe45cd804(uuid4282)
сент. 19, 2025 6:42:49 PM webapp.storage.AbstractStorage save
INFO: &amp#27;[32mSave e4059695-43a6-4515-a269-3558af508dab(uuid4283)
сент. 19, 2025 6:42:49 PM webapp.storage.AbstractStorage save
INFO: &amp#27;[32mSave 2bb9d750-6ade-4d57-99c3-b903a24435ae(uuid4284)
сент. 19, 2025 6:42:49 PM webapp.storage.AbstractStorage save
INFO: &amp#27;[32mSave b3a95bae-6fcd-4be1-93d6-71aef725449a(uuid4285)
сент. 19, 2025 6:42:49 PM webapp.storage.AbstractStorage save
INFO: &amp#27;[32mSave db8d6658-97a9-4397-8d49-83a6a603f7cb(uuid4286)
сент. 19, 2025 6:42:49 PM webapp.storage.AbstractStorage save
INFO: &amp#27;[32mSave d5ca54f1-ae30-4e63-8d1f-2bf045943a5e(uuid4287)
сент. 19, 2025 6:42:49 PM webapp.storage.AbstractStorage save
INFO: &amp#27;[32mSave 50f6302a-8b32-4684-9c79-4a4c5a74865d(uuid4288)
сент. 19, 2025 6:42:49 PM webapp.storage.AbstractStorage save
INFO: &amp#27;[32mSave f5b18782-ad14-439d-a1e0-72f65bc0beff(uuid4289)
сент. 19, 2025 6:42:49 PM webapp.storage.AbstractStorage save
INFO: &amp#27;[32mSave 4ef80b91-c32c-48d5-ab72-0863309e1eed(uuid4290)
сент. 19, 2025 6:42:49 PM webapp.storage.AbstractStorage save
INFO: &amp#27;[32mSave 0fa47d1c-090f-46b3-a901-d657a8179bf5(uuid4291)
сент. 19, 2025 6:42:49 PM webapp.storage.AbstractStorage save
INFO: &amp#27;[32mSave 7b1adeb9-e7cf-4335-abc4-31b9f096818a(uuid4292)
сент. 19, 2025 6:42:49 PM webapp.storage.AbstractStorage save
INFO: &amp#27;[32mSave 8abcca39-005d-4941-935c-d4bf6b29d735(uuid4293)
сент. 19, 2025 6:42:49 PM webapp.storage.AbstractStorage save
INFO: &amp#27;[32mSave aaf899b0-5900-4b38-b422-5ab8bf5a6abb(uuid4294)
сент. 19, 2025 6:42:49 PM webapp.storage.AbstractStorage save
INFO: &amp#27;[32mSave 4f3840cf-b47f-47b0-8f6a-bffc513c6a69(uuid4295)
сент. 19, 2025 6:42:49 PM webapp.storage.AbstractStorage save
INFO: &amp#27;[32mSave 4d2637f5-6d8a-47a6-a9b3-2f665077def1(uuid4296)
сент. 19, 2025 6:42:49 PM webapp.storage.AbstractStorage save
INFO: &amp#27;[32mSave 0f5875ef-e9fe-4f2c-8add-e286f809b8f0(uuid4297)
сент. 19, 2025 6:42:49 PM webapp.storage.AbstractStorage save
INFO: &amp#27;[32mSave cbd6a662-01db-42cb-888b-0a99bdc22e09(uuid4298)
сент. 19, 2025 6:42:49 PM webapp.storage.AbstractStorage save
INFO: &amp#27;[32mSave 5f100204-83ba-4b37-9b7d-1b065001897c(uuid4299)
сент. 19, 2025 6:42:49 PM webapp.storage.AbstractStorage save
INFO: &amp#27;[32mSave 6d3d711a-fde1-4bb3-a5d5-2fe2cd130cd0(uuid4300)
сент. 19, 2025 6:42:49 PM webapp.storage.AbstractStorage save
INFO: &amp#27;[32mSave 3584b3ad-ce89-40e4-87a0-81a7e594da8c(uuid4301)
сент. 19, 2025 6:42:49 PM webapp.storage.AbstractStorage save
INFO: &amp#27;[32mSave 91ff821e-8e80-43c4-bcca-36b79b103f99(uuid4302)
сент. 19, 2025 6:42:49 PM webapp.storage.AbstractStorage save
INFO: &amp#27;[32mSave d3d82a92-a344-453c-8741-8df10f5b2659(uuid4303)
сент. 19, 2025 6:42:49 PM webapp.storage.AbstractStorage save
INFO: &amp#27;[32mSave e459d60e-2087-4014-8166-2538702559be(uuid4304)
сент. 19, 2025 6:42:49 PM webapp.storage.AbstractStorage save
INFO: &amp#27;[32mSave 3ba89f91-3919-4fd8-a941-ea1cc7f4a9b8(uuid4305)
сент. 19, 2025 6:42:49 PM webapp.storage.AbstractStorage save
INFO: &amp#27;[32mSave 2dc58bf4-adab-4df9-b1e0-051669523df9(uuid4306)
сент. 19, 2025 6:42:49 PM webapp.storage.AbstractStorage save
INFO: &amp#27;[32mSave 2243e3e9-2d8a-4bbe-a03e-e0568948e409(uuid4307)
сент. 19, 2025 6:42:49 PM webapp.storage.AbstractStorage save
INFO: &amp#27;[32mSave a08dc7f6-4b4d-414f-b33b-b2d17622af79(uuid4308)
сент. 19, 2025 6:42:49 PM webapp.storage.AbstractStorage save
INFO: &amp#27;[32mSave 64320c41-81f8-4601-ad9c-c50e95c57e6d(uuid4309)
сент. 19, 2025 6:42:49 PM webapp.storage.AbstractStorage save
INFO: &amp#27;[32mSave 7767800d-2871-40ba-a940-64f4f495a4be(uuid4310)
сент. 19, 2025 6:42:49 PM webapp.storage.AbstractStorage save
INFO: &amp#27;[32mSave 8d779cc3-afb1-432e-9d41-db9497fec3d2(uuid4311)
сент. 19, 2025 6:42:49 PM webapp.storage.AbstractStorage save
INFO: &amp#27;[32mSave a66c3be3-a1b2-4bb1-9bbe-8b79e161d3e4(uuid4312)
сент. 19, 2025 6:42:49 PM webapp.storage.AbstractStorage save
INFO: &amp#27;[32mSave 34386a0d-22a8-416a-b1f4-4a6a52e9b4dc(uuid4313)
сент. 19, 2025 6:42:49 PM webapp.storage.AbstractStorage save
INFO: &amp#27;[32mSave 63f410bc-9ec1-45fd-8e93-1fb9f5682287(uuid4314)
сент. 19, 2025 6:42:49 PM webapp.storage.AbstractStorage save
INFO: &amp#27;[32mSave 50014d27-5060-413b-9200-8ff22f23c7d0(uuid4315)
сент. 19, 2025 6:42:49 PM webapp.storage.AbstractStorage save
INFO: &amp#27;[32mSave b25f32b7-7378-4670-afa3-241546ae0bb7(uuid4316)
сент. 19, 2025 6:42:49 PM webapp.storage.AbstractStorage save
INFO: &amp#27;[32mSave 457c7248-1e98-4f70-8b8f-f2232f4f9242(uuid4317)
сент. 19, 2025 6:42:49 PM webapp.storage.AbstractStorage save
INFO: &amp#27;[32mSave 59e88f00-1ddd-4c32-9cd7-44a7c64c5d2d(uuid4318)
сент. 19, 2025 6:42:49 PM webapp.storage.AbstractStorage save
INFO: &amp#27;[32mSave 48e3b39e-2c09-4b88-94a9-c2e2eda6e544(uuid4319)
сент. 19, 2025 6:42:49 PM webapp.storage.AbstractStorage save
INFO: &amp#27;[32mSave 1b554bb4-0cf5-4ed0-b692-61350df0b408(uuid4320)
сент. 19, 2025 6:42:49 PM webapp.storage.AbstractStorage save
INFO: &amp#27;[32mSave 82c391f2-80b4-4afc-99d4-31292d36adc1(uuid4321)
сент. 19, 2025 6:42:49 PM webapp.storage.AbstractStorage save
INFO: &amp#27;[32mSave fb9a8ecd-1134-45f6-8a24-de62cd69d983(uuid4322)
сент. 19, 2025 6:42:49 PM webapp.storage.AbstractStorage save
INFO: &amp#27;[32mSave 7f7906df-6070-4291-8c1d-fa14c55b0039(uuid4323)
сент. 19, 2025 6:42:49 PM webapp.storage.AbstractStorage save
INFO: &amp#27;[32mSave 36ff9b8b-c646-427c-9178-a9a217d2d54d(uuid4324)
сент. 19, 2025 6:42:49 PM webapp.storage.AbstractStorage save
INFO: &amp#27;[32mSave febf64e1-321b-47c1-97f7-4dd14c4770fc(uuid4325)
сент. 19, 2025 6:42:49 PM webapp.storage.AbstractStorage save
INFO: &amp#27;[32mSave 3c6c6f60-4cc6-45ef-bab0-6f370250cf1a(uuid4326)
сент. 19, 2025 6:42:49 PM webapp.storage.AbstractStorage save
INFO: &amp#27;[32mSave 0a7fea62-81ca-4f30-9b1a-2a19f6a6c88b(uuid4327)
сент. 19, 2025 6:42:49 PM webapp.storage.AbstractStorage save
INFO: &amp#27;[32mSave def28737-be2d-45cc-abf7-2f9ffeeade53(uuid4328)
сент. 19, 2025 6:42:49 PM webapp.storage.AbstractStorage save
INFO: &amp#27;[32mSave 92a31c0c-ed93-4859-b14e-3ea9934bbb3a(uuid4329)
сент. 19, 2025 6:42:49 PM webapp.storage.AbstractStorage save
INFO: &amp#27;[32mSave f06b110d-622c-4adf-a3da-23a215a32074(uuid4330)
сент. 19, 2025 6:42:49 PM webapp.storage.AbstractStorage save
INFO: &amp#27;[32mSave facc6224-38cb-4266-bcc0-ca0af415bc0f(uuid4331)
сент. 19, 2025 6:42:49 PM webapp.storage.AbstractStorage save
INFO: &amp#27;[32mSave df7e283b-a496-40b3-b0d1-85079e9587bf(uuid4332)
сент. 19, 2025 6:42:49 PM webapp.storage.AbstractStorage save
INFO: &amp#27;[32mSave 693a7fa9-ad6e-4ead-a17a-ac8684686779(uuid4333)
сент. 19, 2025 6:42:49 PM webapp.storage.AbstractStorage save
INFO: &amp#27;[32mSave 62980027-3c96-42df-a1b8-a5776f489da5(uuid4334)
сент. 19, 2025 6:42:49 PM webapp.storage.AbstractStorage save
INFO: &amp#27;[32mSave 4c573715-f03d-4950-902e-6d86b7ba50c5(uuid4335)
сент. 19, 2025 6:42:49 PM webapp.storage.AbstractStorage save
INFO: &amp#27;[32mSave 28ad2aa7-44e5-4998-95f7-9f6d0a3785d3(uuid4336)
сент. 19, 2025 6:42:49 PM webapp.storage.AbstractStorage save
INFO: &amp#27;[32mSave 43717157-48d2-4943-9bcc-239005993d59(uuid4337)
сент. 19, 2025 6:42:49 PM webapp.storage.AbstractStorage save
INFO: &amp#27;[32mSave 5a664209-17bd-4e99-a04b-b3bc3968b836(uuid4338)
сент. 19, 2025 6:42:49 PM webapp.storage.AbstractStorage save
INFO: &amp#27;[32mSave 2d16ee60-fd87-4d73-97fa-4dff7e6ca254(uuid4339)
сент. 19, 2025 6:42:49 PM webapp.storage.AbstractStorage save
INFO: &amp#27;[32mSave d214400e-a1d7-4d9f-9c1b-a15b44e19836(uuid4340)
сент. 19, 2025 6:42:49 PM webapp.storage.AbstractStorage save
INFO: &amp#27;[32mSave 808b38f4-0208-4cf4-885b-0d025d1dd7c4(uuid4341)
сент. 19, 2025 6:42:49 PM webapp.storage.AbstractStorage save
INFO: &amp#27;[32mSave e813129a-dd55-4e8b-84b6-86041543e29a(uuid4342)
сент. 19, 2025 6:42:49 PM webapp.storage.AbstractStorage save
INFO: &amp#27;[32mSave 17e05ea6-49e1-446f-8707-eb11edca4e22(uuid4343)
сент. 19, 2025 6:42:49 PM webapp.storage.AbstractStorage save
INFO: &amp#27;[32mSave d6183d91-3dff-4317-9614-e35a0fcaac9d(uuid4344)
сент. 19, 2025 6:42:49 PM webapp.storage.AbstractStorage save
INFO: &amp#27;[32mSave c3d4da47-4c70-4ba2-9be1-3b386dac8267(uuid4345)
сент. 19, 2025 6:42:49 PM webapp.storage.AbstractStorage save
INFO: &amp#27;[32mSave 2bd48bf9-0e3c-437d-8b09-aeb2ca894d8a(uuid4346)
сент. 19, 2025 6:42:49 PM webapp.storage.AbstractStorage save
INFO: &amp#27;[32mSave 65b985f0-cb5e-4159-a899-ad45eb1d1dff(uuid4347)
сент. 19, 2025 6:42:49 PM webapp.storage.AbstractStorage save
INFO: &amp#27;[32mSave ca00ffe5-1455-490f-bdad-55f0972ed010(uuid4348)
сент. 19, 2025 6:42:49 PM webapp.storage.AbstractStorage save
INFO: &amp#27;[32mSave c6eceae7-6b15-4880-8641-287ac2f062e7(uuid4349)
сент. 19, 2025 6:42:49 PM webapp.storage.AbstractStorage save
INFO: &amp#27;[32mSave 82e77bf7-439b-493c-af09-3b6e362c67a0(uuid4350)
сент. 19, 2025 6:42:49 PM webapp.storage.AbstractStorage save
INFO: &amp#27;[32mSave 65acd547-cfc8-4b52-9216-ea689db18f39(uuid4351)
сент. 19, 2025 6:42:49 PM webapp.storage.AbstractStorage save
INFO: &amp#27;[32mSave 25524d16-bf50-47b5-a01f-a96ee7087aee(uuid4352)
сент. 19, 2025 6:42:49 PM webapp.storage.AbstractStorage save
INFO: &amp#27;[32mSave 1f84de1d-61ed-4bc2-acc8-fadf5e053b9a(uuid4353)
сент. 19, 2025 6:42:49 PM webapp.storage.AbstractStorage save
INFO: &amp#27;[32mSave 7355dfc0-d32e-4b74-81ca-373b4424f9e4(uuid4354)
сент. 19, 2025 6:42:49 PM webapp.storage.AbstractStorage save
INFO: &amp#27;[32mSave 2192fd02-072c-4876-a0d8-b80fb7292f39(uuid4355)
сент. 19, 2025 6:42:49 PM webapp.storage.AbstractStorage save
INFO: &amp#27;[32mSave 66065657-7c20-4af7-aec1-d550fefb35ea(uuid4356)
сент. 19, 2025 6:42:49 PM webapp.storage.AbstractStorage save
INFO: &amp#27;[32mSave 3e6c6a15-e9ed-4350-b839-ef118c53d533(uuid4357)
сент. 19, 2025 6:42:49 PM webapp.storage.AbstractStorage save
INFO: &amp#27;[32mSave a3105aeb-6d96-4dc1-a243-59cbe0858c34(uuid4358)
сент. 19, 2025 6:42:49 PM webapp.storage.AbstractStorage save
INFO: &amp#27;[32mSave effca431-d671-462d-aeb9-cbbdc94448ec(uuid4359)
сент. 19, 2025 6:42:49 PM webapp.storage.AbstractStorage save
INFO: &amp#27;[32mSave 76fd5e8e-a8ac-4759-ad01-9d9bfd08cc01(uuid4360)
сент. 19, 2025 6:42:49 PM webapp.storage.AbstractStorage save
INFO: &amp#27;[32mSave 99c7d211-9f02-44f0-98c1-8b39d7000154(uuid4361)
сент. 19, 2025 6:42:49 PM webapp.storage.AbstractStorage save
INFO: &amp#27;[32mSave 47534506-1d64-4fa0-89f7-dd4d1ed4f740(uuid4362)
сент. 19, 2025 6:42:49 PM webapp.storage.AbstractStorage save
INFO: &amp#27;[32mSave 0eeea506-3aa9-44df-b1c9-11f05e9fe1b5(uuid4363)
сент. 19, 2025 6:42:49 PM webapp.storage.AbstractStorage save
INFO: &amp#27;[32mSave 88ee7794-fdf6-45e8-8e4c-139c072f69eb(uuid4364)
сент. 19, 2025 6:42:49 PM webapp.storage.AbstractStorage save
INFO: &amp#27;[32mSave 05a0ec66-88bd-4848-a36e-0cea96841776(uuid4365)
сент. 19, 2025 6:42:49 PM webapp.storage.AbstractStorage save
INFO: &amp#27;[32mSave d230cdcc-09ab-421a-a537-d2518ff53d88(uuid4366)
сент. 19, 2025 6:42:49 PM webapp.storage.AbstractStorage save
INFO: &amp#27;[32mSave 9c8b465d-0af5-4bf8-a50c-09d4ea818033(uuid4367)
сент. 19, 2025 6:42:49 PM webapp.storage.AbstractStorage save
INFO: &amp#27;[32mSave a8208c18-49f9-4583-ae0f-6f69767df757(uuid4368)
сент. 19, 2025 6:42:49 PM webapp.storage.AbstractStorage save
INFO: &amp#27;[32mSave e14ca753-10a9-4387-9604-b7294710c4a6(uuid4369)
сент. 19, 2025 6:42:49 PM webapp.storage.AbstractStorage save
INFO: &amp#27;[32mSave 98bdd317-a90b-468e-bd4f-5aa92b0c6fa2(uuid4370)
сент. 19, 2025 6:42:49 PM webapp.storage.AbstractStorage save
INFO: &amp#27;[32mSave 4bfea331-5d36-4a24-88e0-f3b71c8881ce(uuid4371)
сент. 19, 2025 6:42:49 PM webapp.storage.AbstractStorage save
INFO: &amp#27;[32mSave 19dca700-2921-45c3-b559-e0c8b549f06b(uuid4372)
сент. 19, 2025 6:42:49 PM webapp.storage.AbstractStorage save
INFO: &amp#27;[32mSave 5a0c345f-a650-4fe0-8ff0-3c9d83181cc4(uuid4373)
сент. 19, 2025 6:42:49 PM webapp.storage.AbstractStorage save
INFO: &amp#27;[32mSave 31801f32-a88f-46cd-8081-f1c927632a3c(uuid4374)
сент. 19, 2025 6:42:49 PM webapp.storage.AbstractStorage save
INFO: &amp#27;[32mSave 1c43ea91-624a-4c79-b2e7-d74696a5770a(uuid4375)
сент. 19, 2025 6:42:49 PM webapp.storage.AbstractStorage save
INFO: &amp#27;[32mSave 4aa6791d-0094-4b6f-bdb6-f3b340777c92(uuid4376)
сент. 19, 2025 6:42:49 PM webapp.storage.AbstractStorage save
INFO: &amp#27;[32mSave 2425bcbc-63b2-4081-98d9-e1141389d305(uuid4377)
сент. 19, 2025 6:42:49 PM webapp.storage.AbstractStorage save
INFO: &amp#27;[32mSave 18fede3f-7872-4d16-9a26-8439148c4140(uuid4378)
сент. 19, 2025 6:42:49 PM webapp.storage.AbstractStorage save
INFO: &amp#27;[32mSave bd80599d-7e25-4b26-ab76-fa730520ab2f(uuid4379)
сент. 19, 2025 6:42:49 PM webapp.storage.AbstractStorage save
INFO: &amp#27;[32mSave ff484c6e-35b0-4ff3-9e6a-e502aa970f6a(uuid4380)
сент. 19, 2025 6:42:49 PM webapp.storage.AbstractStorage save
INFO: &amp#27;[32mSave 40a19367-0988-4fb0-81bd-037fb8c3ee93(uuid4381)
сент. 19, 2025 6:42:49 PM webapp.storage.AbstractStorage save
INFO: &amp#27;[32mSave ffcc8611-fd74-4232-b44c-df187d17dd12(uuid4382)
сент. 19, 2025 6:42:49 PM webapp.storage.AbstractStorage save
INFO: &amp#27;[32mSave 7a91c3c2-72de-4669-87b4-51ce0a4753d4(uuid4383)
сент. 19, 2025 6:42:49 PM webapp.storage.AbstractStorage save
INFO: &amp#27;[32mSave ac63030f-cb83-48e8-a789-5f0a49af2d0e(uuid4384)
сент. 19, 2025 6:42:49 PM webapp.storage.AbstractStorage save
INFO: &amp#27;[32mSave 981b261f-e375-4882-ae3f-39f84a41411f(uuid4385)
сент. 19, 2025 6:42:49 PM webapp.storage.AbstractStorage save
INFO: &amp#27;[32mSave 2c09c7c4-15ab-421a-90a4-363a2709f81a(uuid4386)
сент. 19, 2025 6:42:49 PM webapp.storage.AbstractStorage save
INFO: &amp#27;[32mSave 68fab43e-551e-4c21-9957-e6443cc65d04(uuid4387)
сент. 19, 2025 6:42:49 PM webapp.storage.AbstractStorage save
INFO: &amp#27;[32mSave 83a35baf-10f6-45bb-83a1-b7805d15b112(uuid4388)
сент. 19, 2025 6:42:49 PM webapp.storage.AbstractStorage save
INFO: &amp#27;[32mSave 463ca86a-5318-4938-a228-13a47effa7d5(uuid4389)
сент. 19, 2025 6:42:49 PM webapp.storage.AbstractStorage save
INFO: &amp#27;[32mSave 2a9dd711-18ae-46e9-b5a7-e2f8d195197c(uuid4390)
сент. 19, 2025 6:42:49 PM webapp.storage.AbstractStorage save
INFO: &amp#27;[32mSave c3f65d2b-f231-48be-b418-3d96377729b0(uuid4391)
сент. 19, 2025 6:42:49 PM webapp.storage.AbstractStorage save
INFO: &amp#27;[32mSave b543a308-90a0-4c95-afe0-389d1e55e019(uuid4392)
сент. 19, 2025 6:42:49 PM webapp.storage.AbstractStorage save
INFO: &amp#27;[32mSave bea4bf33-0b7b-4b3b-a20c-abae018be2dc(uuid4393)
сент. 19, 2025 6:42:49 PM webapp.storage.AbstractStorage save
INFO: &amp#27;[32mSave 8b27901a-be6c-4d5d-9dac-f0362fcb8f26(uuid4394)
сент. 19, 2025 6:42:49 PM webapp.storage.AbstractStorage save
INFO: &amp#27;[32mSave 82a51057-f18e-4cb8-bc2c-7bebbc05f4a7(uuid4395)
сент. 19, 2025 6:42:49 PM webapp.storage.AbstractStorage save
INFO: &amp#27;[32mSave f8255b45-ef7a-42a1-8086-0448084cf4af(uuid4396)
сент. 19, 2025 6:42:49 PM webapp.storage.AbstractStorage save
INFO: &amp#27;[32mSave ea695c94-479f-45c3-b829-7fd743bb9c1e(uuid4397)
сент. 19, 2025 6:42:49 PM webapp.storage.AbstractStorage save
INFO: &amp#27;[32mSave 23525276-8ff7-4ccc-9c16-c0b44a03ac19(uuid4398)
сент. 19, 2025 6:42:49 PM webapp.storage.AbstractStorage save
INFO: &amp#27;[32mSave 4b637a92-e732-4498-97f9-71513708c9c7(uuid4399)
сент. 19, 2025 6:42:49 PM webapp.storage.AbstractStorage save
INFO: &amp#27;[32mSave e0e258a7-f53c-42c7-b773-172eb9fbdc05(uuid4400)
сент. 19, 2025 6:42:49 PM webapp.storage.AbstractStorage save
INFO: &amp#27;[32mSave 617cf428-b08f-43e4-93e5-eb55b5e434a3(uuid4401)
сент. 19, 2025 6:42:49 PM webapp.storage.AbstractStorage save
INFO: &amp#27;[32mSave f21e9593-62b2-4962-939c-e7c9fb748fd0(uuid4402)
сент. 19, 2025 6:42:49 PM webapp.storage.AbstractStorage save
INFO: &amp#27;[32mSave 5c3fa096-5c1c-4071-8b00-eb0da54243e2(uuid4403)
сент. 19, 2025 6:42:49 PM webapp.storage.AbstractStorage save
INFO: &amp#27;[32mSave 52391633-7fb5-47f9-8991-63dce66a678a(uuid4404)
сент. 19, 2025 6:42:49 PM webapp.storage.AbstractStorage save
INFO: &amp#27;[32mSave e9210e99-db47-4522-97b2-3f1a071e362c(uuid4405)
сент. 19, 2025 6:42:49 PM webapp.storage.AbstractStorage save
INFO: &amp#27;[32mSave 80a37d68-221d-4a3c-b4fa-6827f95ebeae(uuid4406)
сент. 19, 2025 6:42:49 PM webapp.storage.AbstractStorage save
INFO: &amp#27;[32mSave e4d9c0b0-24e9-431b-9165-f11d0cdcced2(uuid4407)
сент. 19, 2025 6:42:49 PM webapp.storage.AbstractStorage save
INFO: &amp#27;[32mSave 71b101fa-183b-4bbb-a87a-5883fd24a90c(uuid4408)
сент. 19, 2025 6:42:49 PM webapp.storage.AbstractStorage save
INFO: &amp#27;[32mSave 23b92a97-0235-4fd9-8fe4-ed67c61a0d39(uuid4409)
сент. 19, 2025 6:42:49 PM webapp.storage.AbstractStorage save
INFO: &amp#27;[32mSave 9d1e5bf2-91bc-4f67-89c5-2054e25286cd(uuid4410)
сент. 19, 2025 6:42:49 PM webapp.storage.AbstractStorage save
INFO: &amp#27;[32mSave 862eccdd-d91c-49fa-a3ae-6e2897c941c4(uuid4411)
сент. 19, 2025 6:42:49 PM webapp.storage.AbstractStorage save
INFO: &amp#27;[32mSave 1ceb42b7-4057-4706-bca9-015e9423abb5(uuid4412)
сент. 19, 2025 6:42:49 PM webapp.storage.AbstractStorage save
INFO: &amp#27;[32mSave e3b0b0f6-9f8e-47a0-8083-65cff589d3aa(uuid4413)
сент. 19, 2025 6:42:49 PM webapp.storage.AbstractStorage save
INFO: &amp#27;[32mSave 69360ae0-451d-4412-8aa7-95f5070591ea(uuid4414)
сент. 19, 2025 6:42:49 PM webapp.storage.AbstractStorage save
INFO: &amp#27;[32mSave 281b16d0-7be5-4a34-ad3f-83d0aa6c4ece(uuid4415)
сент. 19, 2025 6:42:49 PM webapp.storage.AbstractStorage save
INFO: &amp#27;[32mSave 71b3e6cd-a28a-47ed-a981-c7965621e9c7(uuid4416)
сент. 19, 2025 6:42:49 PM webapp.storage.AbstractStorage save
INFO: &amp#27;[32mSave 76fe9e03-249d-4878-af53-cf09cc5b61d5(uuid4417)
сент. 19, 2025 6:42:49 PM webapp.storage.AbstractStorage save
INFO: &amp#27;[32mSave 1947ce7e-84f0-4b20-aa2d-7a6a0dcd17ec(uuid4418)
сент. 19, 2025 6:42:49 PM webapp.storage.AbstractStorage save
INFO: &amp#27;[32mSave 8aefb3ee-1b2d-4b83-9d85-36c5a79ea108(uuid4419)
сент. 19, 2025 6:42:49 PM webapp.storage.AbstractStorage save
INFO: &amp#27;[32mSave 1a8e4137-d469-40ca-b14b-dd7dea27dc01(uuid4420)
сент. 19, 2025 6:42:49 PM webapp.storage.AbstractStorage save
INFO: &amp#27;[32mSave c3a2f3dd-5485-41a7-a385-8d0ecddc2d11(uuid4421)
сент. 19, 2025 6:42:49 PM webapp.storage.AbstractStorage save
INFO: &amp#27;[32mSave 1c223e55-5087-46db-ba39-d57d1a1e076f(uuid4422)
сент. 19, 2025 6:42:49 PM webapp.storage.AbstractStorage save
INFO: &amp#27;[32mSave 61834903-1a5a-42f0-8fec-4c0efdc3bf39(uuid4423)
сент. 19, 2025 6:42:49 PM webapp.storage.AbstractStorage save
INFO: &amp#27;[32mSave 837dc527-f799-444b-91f8-76399644bce6(uuid4424)
сент. 19, 2025 6:42:49 PM webapp.storage.AbstractStorage save
INFO: &amp#27;[32mSave dd9c628a-3844-4b3d-b1af-8106d9f847f6(uuid4425)
сент. 19, 2025 6:42:49 PM webapp.storage.AbstractStorage save
INFO: &amp#27;[32mSave a1d76726-ca3c-4cff-bb70-f3d1289da862(uuid4426)
сент. 19, 2025 6:42:49 PM webapp.storage.AbstractStorage save
INFO: &amp#27;[32mSave d2d6572e-d62d-43b6-a5db-8629de04e2dc(uuid4427)
сент. 19, 2025 6:42:49 PM webapp.storage.AbstractStorage save
INFO: &amp#27;[32mSave 1fbd0a02-85f5-4f43-b127-ee1ab3a16de4(uuid4428)
сент. 19, 2025 6:42:49 PM webapp.storage.AbstractStorage save
INFO: &amp#27;[32mSave f867e4cf-1067-4fd0-a106-fdc95f5c606a(uuid4429)
сент. 19, 2025 6:42:49 PM webapp.storage.AbstractStorage save
INFO: &amp#27;[32mSave 79fd67bc-b9bb-4fae-af07-5151be975461(uuid4430)
сент. 19, 2025 6:42:49 PM webapp.storage.AbstractStorage save
INFO: &amp#27;[32mSave fd0db4cf-b7a2-4628-b144-d366da24cd26(uuid4431)
сент. 19, 2025 6:42:49 PM webapp.storage.AbstractStorage save
INFO: &amp#27;[32mSave 69aa48cd-7021-4c77-9594-8b077c536af2(uuid4432)
сент. 19, 2025 6:42:49 PM webapp.storage.AbstractStorage save
INFO: &amp#27;[32mSave 2dae914b-833b-4fb5-a7d6-0c69d8341851(uuid4433)
сент. 19, 2025 6:42:49 PM webapp.storage.AbstractStorage save
INFO: &amp#27;[32mSave 1623e5ec-37d3-43e8-b5e8-b7955c70d68b(uuid4434)
сент. 19, 2025 6:42:49 PM webapp.storage.AbstractStorage save
INFO: &amp#27;[32mSave ba6e9b75-1113-419d-ac51-d667fdf87a05(uuid4435)
сент. 19, 2025 6:42:49 PM webapp.storage.AbstractStorage save
INFO: &amp#27;[32mSave 87f93be9-c4d4-449a-9bcd-a199be193e83(uuid4436)
сент. 19, 2025 6:42:49 PM webapp.storage.AbstractStorage save
INFO: &amp#27;[32mSave e8d72e57-9fb0-4bf8-8887-36a087de1efd(uuid4437)
сент. 19, 2025 6:42:49 PM webapp.storage.AbstractStorage save
INFO: &amp#27;[32mSave 5b275be3-41ca-4a34-91f8-53863e458ee1(uuid4438)
сент. 19, 2025 6:42:49 PM webapp.storage.AbstractStorage save
INFO: &amp#27;[32mSave 8bada2d2-a9fd-4524-9b93-b58b7c79c788(uuid4439)
сент. 19, 2025 6:42:49 PM webapp.storage.AbstractStorage save
INFO: &amp#27;[32mSave 96bd97b0-9a04-4cbf-b3b0-0e829902bf58(uuid4440)
сент. 19, 2025 6:42:49 PM webapp.storage.AbstractStorage save
INFO: &amp#27;[32mSave 96a3825b-f860-411f-9ace-5c0599e6eef5(uuid4441)
сент. 19, 2025 6:42:49 PM webapp.storage.AbstractStorage save
INFO: &amp#27;[32mSave 2c486301-bb92-4423-b147-66c2fe4d4f12(uuid4442)
сент. 19, 2025 6:42:49 PM webapp.storage.AbstractStorage save
INFO: &amp#27;[32mSave 4675dcbd-7933-4263-90dd-0b9ee50fe54a(uuid4443)
сент. 19, 2025 6:42:49 PM webapp.storage.AbstractStorage save
INFO: &amp#27;[32mSave 6fb239e7-c5a7-4e73-a7b3-21d0739c17a4(uuid4444)
сент. 19, 2025 6:42:49 PM webapp.storage.AbstractStorage save
INFO: &amp#27;[32mSave cdaaa9de-37c0-4363-9900-de4a33a7eafa(uuid4445)
сент. 19, 2025 6:42:49 PM webapp.storage.AbstractStorage save
INFO: &amp#27;[32mSave 0a8c06ea-c2e9-47f9-b32f-6e23f6b2bdf0(uuid4446)
сент. 19, 2025 6:42:49 PM webapp.storage.AbstractStorage save
INFO: &amp#27;[32mSave a39cdc2e-0c04-46d2-93be-019eab5f36e0(uuid4447)
сент. 19, 2025 6:42:49 PM webapp.storage.AbstractStorage save
INFO: &amp#27;[32mSave 8af221bc-03f9-42e0-a5fb-d8144e1444a3(uuid4448)
сент. 19, 2025 6:42:49 PM webapp.storage.AbstractStorage save
INFO: &amp#27;[32mSave 28db5714-888c-4c3c-b3ae-610ad2428206(uuid4449)
сент. 19, 2025 6:42:49 PM webapp.storage.AbstractStorage save
INFO: &amp#27;[32mSave 6ce1f08c-eebf-44b9-85c8-a8c6926b765b(uuid4450)
сент. 19, 2025 6:42:49 PM webapp.storage.AbstractStorage save
INFO: &amp#27;[32mSave 4d24951d-0215-4ddc-b4ec-621bb2ae03f5(uuid4451)
сент. 19, 2025 6:42:49 PM webapp.storage.AbstractStorage save
INFO: &amp#27;[32mSave 98507205-d5f3-4ba9-af05-7cdcbd2af26a(uuid4452)
сент. 19, 2025 6:42:49 PM webapp.storage.AbstractStorage save
INFO: &amp#27;[32mSave 5ef43605-658c-4668-9077-4bc095ba23e8(uuid4453)
сент. 19, 2025 6:42:49 PM webapp.storage.AbstractStorage save
INFO: &amp#27;[32mSave 93cc1df5-1fdd-4573-bf0d-b4d86670f8d0(uuid4454)
сент. 19, 2025 6:42:49 PM webapp.storage.AbstractStorage save
INFO: &amp#27;[32mSave 35914f66-8b17-4277-a4d6-20a947f245ce(uuid4455)
сент. 19, 2025 6:42:49 PM webapp.storage.AbstractStorage save
INFO: &amp#27;[32mSave 2e3f2365-d4de-40b0-9279-3fb19518d66b(uuid4456)
сент. 19, 2025 6:42:49 PM webapp.storage.AbstractStorage save
INFO: &amp#27;[32mSave e43b2540-6a32-42fb-89f9-17b9839224ea(uuid4457)
сент. 19, 2025 6:42:49 PM webapp.storage.AbstractStorage save
INFO: &amp#27;[32mSave fcc70e8d-4456-45f8-b1a6-824330bd6c12(uuid4458)
сент. 19, 2025 6:42:49 PM webapp.storage.AbstractStorage save
INFO: &amp#27;[32mSave 2acecdfc-c657-4d5e-ae8e-ee1b432baa75(uuid4459)
сент. 19, 2025 6:42:49 PM webapp.storage.AbstractStorage save
INFO: &amp#27;[32mSave 506ac463-71a5-4aa2-b7a7-d85200896809(uuid4460)
сент. 19, 2025 6:42:49 PM webapp.storage.AbstractStorage save
INFO: &amp#27;[32mSave d6b4bd52-98c4-4906-bc21-0e3f578f4492(uuid4461)
сент. 19, 2025 6:42:49 PM webapp.storage.AbstractStorage save
INFO: &amp#27;[32mSave 97f96637-b016-4367-b05a-23c7ddcd8925(uuid4462)
сент. 19, 2025 6:42:49 PM webapp.storage.AbstractStorage save
INFO: &amp#27;[32mSave 898ba24e-2f3e-4921-a595-1f8b90e14f9c(uuid4463)
сент. 19, 2025 6:42:49 PM webapp.storage.AbstractStorage save
INFO: &amp#27;[32mSave dfa774d3-d0a8-4f6f-af20-2587697c2ce1(uuid4464)
сент. 19, 2025 6:42:49 PM webapp.storage.AbstractStorage save
INFO: &amp#27;[32mSave dde89e83-d817-49ea-aefa-293924fea8ff(uuid4465)
сент. 19, 2025 6:42:49 PM webapp.storage.AbstractStorage save
INFO: &amp#27;[32mSave 32bd9247-4631-43ae-ab8b-e1f2b7941a94(uuid4466)
сент. 19, 2025 6:42:49 PM webapp.storage.AbstractStorage save
INFO: &amp#27;[32mSave 2818e1af-3f92-49d4-b564-453d0e660f46(uuid4467)
сент. 19, 2025 6:42:49 PM webapp.storage.AbstractStorage save
INFO: &amp#27;[32mSave a19a9ad3-c0de-4d03-9c2e-670c0e05d4e1(uuid4468)
сент. 19, 2025 6:42:49 PM webapp.storage.AbstractStorage save
INFO: &amp#27;[32mSave 76896f05-954b-4aa1-ba45-9765db5d8a09(uuid4469)
сент. 19, 2025 6:42:49 PM webapp.storage.AbstractStorage save
INFO: &amp#27;[32mSave 96c09ee1-f1bd-4e58-9ab5-5189c55a4c91(uuid4470)
сент. 19, 2025 6:42:49 PM webapp.storage.AbstractStorage save
INFO: &amp#27;[32mSave c1afe6d6-4f13-4065-8085-b69477939a16(uuid4471)
сент. 19, 2025 6:42:49 PM webapp.storage.AbstractStorage save
INFO: &amp#27;[32mSave 2eb51be0-2393-4095-b7ff-96a87be7a1fc(uuid4472)
сент. 19, 2025 6:42:49 PM webapp.storage.AbstractStorage save
INFO: &amp#27;[32mSave f7fe353d-1de9-440a-a51e-4fd8432adb37(uuid4473)
сент. 19, 2025 6:42:49 PM webapp.storage.AbstractStorage save
INFO: &amp#27;[32mSave ed3a2fb7-ffd6-48d4-b625-9a6be9f0d81c(uuid4474)
сент. 19, 2025 6:42:49 PM webapp.storage.AbstractStorage save
INFO: &amp#27;[32mSave 996fb86a-7a3c-4fcd-bcd4-50832c96f652(uuid4475)
сент. 19, 2025 6:42:49 PM webapp.storage.AbstractStorage save
INFO: &amp#27;[32mSave 7c376b8d-0098-4c1f-a0d2-ff03030366cb(uuid4476)
сент. 19, 2025 6:42:49 PM webapp.storage.AbstractStorage save
INFO: &amp#27;[32mSave a520bf57-1e70-4edb-be48-7b664c33bac8(uuid4477)
сент. 19, 2025 6:42:49 PM webapp.storage.AbstractStorage save
INFO: &amp#27;[32mSave dab56d9c-61d8-4ad2-bbfc-a1f953db5b19(uuid4478)
сент. 19, 2025 6:42:49 PM webapp.storage.AbstractStorage save
INFO: &amp#27;[32mSave 0308d7f6-e8be-4571-a05d-3d62c01cd7a9(uuid4479)
сент. 19, 2025 6:42:49 PM webapp.storage.AbstractStorage save
INFO: &amp#27;[32mSave e9fda5c1-55fb-4c64-8096-5cf3365b7c92(uuid4480)
сент. 19, 2025 6:42:49 PM webapp.storage.AbstractStorage save
INFO: &amp#27;[32mSave a11ee63e-9a9e-4c6a-b98d-9df0bd3351a1(uuid4481)
сент. 19, 2025 6:42:49 PM webapp.storage.AbstractStorage save
INFO: &amp#27;[32mSave 3b7a1869-ac7c-4b34-8706-ada12217bd0e(uuid4482)
сент. 19, 2025 6:42:49 PM webapp.storage.AbstractStorage save
INFO: &amp#27;[32mSave c3ee620e-1b18-4adc-8ad5-0efd51720b6d(uuid4483)
сент. 19, 2025 6:42:49 PM webapp.storage.AbstractStorage save
INFO: &amp#27;[32mSave 1148dd36-f089-4bc4-96c5-4ec00b285ee8(uuid4484)
сент. 19, 2025 6:42:49 PM webapp.storage.AbstractStorage save
INFO: &amp#27;[32mSave f46625e7-7c78-49a5-98e6-dcc20fa1da2c(uuid4485)
сент. 19, 2025 6:42:49 PM webapp.storage.AbstractStorage save
INFO: &amp#27;[32mSave 39e61a80-b1bf-49c4-b406-40a61c671b29(uuid4486)
сент. 19, 2025 6:42:49 PM webapp.storage.AbstractStorage save
INFO: &amp#27;[32mSave a8d61a0b-f5bd-4f4e-9b46-0ccb13304576(uuid4487)
сент. 19, 2025 6:42:49 PM webapp.storage.AbstractStorage save
INFO: &amp#27;[32mSave 22ea00f4-0717-4a01-897b-3f8a2c373289(uuid4488)
сент. 19, 2025 6:42:49 PM webapp.storage.AbstractStorage save
INFO: &amp#27;[32mSave 724f1004-e3de-428d-93b4-2b9d6c55b5f9(uuid4489)
сент. 19, 2025 6:42:49 PM webapp.storage.AbstractStorage save
INFO: &amp#27;[32mSave 21307646-0c02-4c55-80bb-90c00382ae1b(uuid4490)
сент. 19, 2025 6:42:49 PM webapp.storage.AbstractStorage save
INFO: &amp#27;[32mSave ae7ccb4e-b587-42dc-b0b8-82e15ba2e03c(uuid4491)
сент. 19, 2025 6:42:49 PM webapp.storage.AbstractStorage save
INFO: &amp#27;[32mSave a1a8be43-45f5-482e-822a-953ea1a59a80(uuid4492)
сент. 19, 2025 6:42:49 PM webapp.storage.AbstractStorage save
INFO: &amp#27;[32mSave 331edfd0-7709-4a95-afaa-8c3c41b6fe42(uuid4493)
сент. 19, 2025 6:42:49 PM webapp.storage.AbstractStorage save
INFO: &amp#27;[32mSave 77ac96cb-d943-4a3f-afbe-2b0d38912a11(uuid4494)
сент. 19, 2025 6:42:49 PM webapp.storage.AbstractStorage save
INFO: &amp#27;[32mSave f4cd5c8a-0167-41e1-9f92-10ddf265bb09(uuid4495)
сент. 19, 2025 6:42:49 PM webapp.storage.AbstractStorage save
INFO: &amp#27;[32mSave 0cf36846-311f-4be7-a171-9d852a7df904(uuid4496)
сент. 19, 2025 6:42:49 PM webapp.storage.AbstractStorage save
INFO: &amp#27;[32mSave b65b9bf2-f9fa-4325-97a5-8fb05405533f(uuid4497)
сент. 19, 2025 6:42:49 PM webapp.storage.AbstractStorage save
INFO: &amp#27;[32mSave 0246a98a-ac96-41fc-b3bb-55ee21cb84ab(uuid4498)
сент. 19, 2025 6:42:49 PM webapp.storage.AbstractStorage save
INFO: &amp#27;[32mSave 6361463c-e624-463e-b925-fb1a72239ee7(uuid4499)
сент. 19, 2025 6:42:49 PM webapp.storage.AbstractStorage save
INFO: &amp#27;[32mSave 7a388d3a-0010-4a33-a0ec-ba477279bff9(uuid4500)
сент. 19, 2025 6:42:49 PM webapp.storage.AbstractStorage save
INFO: &amp#27;[32mSave 92d3675e-8921-4684-a719-4c39ccca7517(uuid4501)
сент. 19, 2025 6:42:49 PM webapp.storage.AbstractStorage save
INFO: &amp#27;[32mSave 418914ca-b7b4-4b28-9a37-23be788811bb(uuid4502)
сент. 19, 2025 6:42:49 PM webapp.storage.AbstractStorage save
INFO: &amp#27;[32mSave 97eb92b9-c152-44dc-a4c8-89cffd56adb8(uuid4503)
сент. 19, 2025 6:42:49 PM webapp.storage.AbstractStorage save
INFO: &amp#27;[32mSave b7bcbc7c-6c67-4000-8fc9-73ce098fee91(uuid4504)
сент. 19, 2025 6:42:49 PM webapp.storage.AbstractStorage save
INFO: &amp#27;[32mSave 75131022-bfd2-402c-980a-ee535cf03fc7(uuid4505)
сент. 19, 2025 6:42:49 PM webapp.storage.AbstractStorage save
INFO: &amp#27;[32mSave b482065b-4c71-4d79-ae47-8da3e485e528(uuid4506)
сент. 19, 2025 6:42:49 PM webapp.storage.AbstractStorage save
INFO: &amp#27;[32mSave b54068b1-1c0b-4d30-b6c5-50e2b523d823(uuid4507)
сент. 19, 2025 6:42:49 PM webapp.storage.AbstractStorage save
INFO: &amp#27;[32mSave e7d6c1e7-db86-44f2-add6-7e98d9478dfe(uuid4508)
сент. 19, 2025 6:42:49 PM webapp.storage.AbstractStorage save
INFO: &amp#27;[32mSave 945ece7e-5871-4b09-9498-fa0867dab367(uuid4509)
сент. 19, 2025 6:42:49 PM webapp.storage.AbstractStorage save
INFO: &amp#27;[32mSave 67781441-d19c-452f-bd39-259ddd2fcead(uuid4510)
сент. 19, 2025 6:42:49 PM webapp.storage.AbstractStorage save
INFO: &amp#27;[32mSave 149920ea-de3b-4e6e-9279-5b9875a0e342(uuid4511)
сент. 19, 2025 6:42:49 PM webapp.storage.AbstractStorage save
INFO: &amp#27;[32mSave ef645d61-f51d-4bc2-be04-b6e5accae255(uuid4512)
сент. 19, 2025 6:42:49 PM webapp.storage.AbstractStorage save
INFO: &amp#27;[32mSave 448b737c-c260-4dfc-8487-dca1ad3a0bb1(uuid4513)
сент. 19, 2025 6:42:49 PM webapp.storage.AbstractStorage save
INFO: &amp#27;[32mSave 029da518-8671-450d-a860-1c25e07a9bf4(uuid4514)
сент. 19, 2025 6:42:49 PM webapp.storage.AbstractStorage save
INFO: &amp#27;[32mSave 48b07789-2e44-46b8-931d-1ab9652e5d7b(uuid4515)
сент. 19, 2025 6:42:49 PM webapp.storage.AbstractStorage save
INFO: &amp#27;[32mSave f6b75d80-37f6-4c55-b75f-5a79ae69aac1(uuid4516)
сент. 19, 2025 6:42:49 PM webapp.storage.AbstractStorage save
INFO: &amp#27;[32mSave 01c36740-6e06-470a-b92f-ca6187aca232(uuid4517)
сент. 19, 2025 6:42:49 PM webapp.storage.AbstractStorage save
INFO: &amp#27;[32mSave e3348913-d4f8-4513-8d0a-743f952563d8(uuid4518)
сент. 19, 2025 6:42:49 PM webapp.storage.AbstractStorage save
INFO: &amp#27;[32mSave e7d1721f-07e3-4a5e-8fe9-98f789acd082(uuid4519)
сент. 19, 2025 6:42:49 PM webapp.storage.AbstractStorage save
INFO: &amp#27;[32mSave 3eed8864-3392-4418-becd-e7bd3edd38e3(uuid4520)
сент. 19, 2025 6:42:49 PM webapp.storage.AbstractStorage save
INFO: &amp#27;[32mSave e118a44d-6f40-462a-ae44-92ceb57dbf25(uuid4521)
сент. 19, 2025 6:42:49 PM webapp.storage.AbstractStorage save
INFO: &amp#27;[32mSave bc483d6f-3d37-4f40-bb8b-4e25355fa10c(uuid4522)
сент. 19, 2025 6:42:49 PM webapp.storage.AbstractStorage save
INFO: &amp#27;[32mSave 4bfecf23-91b7-44e6-9fcc-a59052397268(uuid4523)
сент. 19, 2025 6:42:49 PM webapp.storage.AbstractStorage save
INFO: &amp#27;[32mSave 4f284749-3b03-41db-9909-39bdd3973f59(uuid4524)
сент. 19, 2025 6:42:49 PM webapp.storage.AbstractStorage save
INFO: &amp#27;[32mSave 769082ab-7e3d-4867-bd3e-835b39cc801c(uuid4525)
сент. 19, 2025 6:42:49 PM webapp.storage.AbstractStorage save
INFO: &amp#27;[32mSave 92311a26-d877-44ff-a39a-2b8122cc0cda(uuid4526)
сент. 19, 2025 6:42:49 PM webapp.storage.AbstractStorage save
INFO: &amp#27;[32mSave dbfec4a1-4b6a-489b-bee7-8aa2df4847b0(uuid4527)
сент. 19, 2025 6:42:49 PM webapp.storage.AbstractStorage save
INFO: &amp#27;[32mSave 6e975b4e-4f7e-4a9c-ac8a-27088cdde21b(uuid4528)
сент. 19, 2025 6:42:49 PM webapp.storage.AbstractStorage save
INFO: &amp#27;[32mSave 1e938be3-4ad5-48a6-be3d-6c359fc8a3c6(uuid4529)
сент. 19, 2025 6:42:49 PM webapp.storage.AbstractStorage save
INFO: &amp#27;[32mSave 74f9e20b-ce7c-43ad-a080-0727a87bcc60(uuid4530)
сент. 19, 2025 6:42:49 PM webapp.storage.AbstractStorage save
INFO: &amp#27;[32mSave 6f51fe39-230e-449d-9845-1fe4e36c5973(uuid4531)
сент. 19, 2025 6:42:49 PM webapp.storage.AbstractStorage save
INFO: &amp#27;[32mSave 4bebc06e-f634-4a6d-8ba6-cda49298015c(uuid4532)
сент. 19, 2025 6:42:49 PM webapp.storage.AbstractStorage save
INFO: &amp#27;[32mSave 4c0f3139-9974-4384-ad99-007821d9a2a6(uuid4533)
сент. 19, 2025 6:42:49 PM webapp.storage.AbstractStorage save
INFO: &amp#27;[32mSave 5a8b64ea-a8f8-4607-a6a5-9a7ea0670a05(uuid4534)
сент. 19, 2025 6:42:49 PM webapp.storage.AbstractStorage save
INFO: &amp#27;[32mSave a8668183-26ec-4a12-8983-c78e16c29de9(uuid4535)
сент. 19, 2025 6:42:49 PM webapp.storage.AbstractStorage save
INFO: &amp#27;[32mSave b869053d-e505-4ded-9b13-cd976cf2c2cd(uuid4536)
сент. 19, 2025 6:42:49 PM webapp.storage.AbstractStorage save
INFO: &amp#27;[32mSave b624f51e-a429-467d-ae12-2a2bf24b38d6(uuid4537)
сент. 19, 2025 6:42:49 PM webapp.storage.AbstractStorage save
INFO: &amp#27;[32mSave a40299dd-4751-4ab0-9557-e6a904e2d1f7(uuid4538)
сент. 19, 2025 6:42:49 PM webapp.storage.AbstractStorage save
INFO: &amp#27;[32mSave 7125e9a5-7cf4-4b27-a572-51b5f51cee24(uuid4539)
сент. 19, 2025 6:42:49 PM webapp.storage.AbstractStorage save
INFO: &amp#27;[32mSave ebcf4753-8f1a-4ac4-a616-e9416d687d10(uuid4540)
сент. 19, 2025 6:42:49 PM webapp.storage.AbstractStorage save
INFO: &amp#27;[32mSave e08ce39a-1c07-4c77-8f59-4de5499c05ed(uuid4541)
сент. 19, 2025 6:42:49 PM webapp.storage.AbstractStorage save
INFO: &amp#27;[32mSave 2b8f99d8-8dc8-49a9-8559-13db291f249f(uuid4542)
сент. 19, 2025 6:42:49 PM webapp.storage.AbstractStorage save
INFO: &amp#27;[32mSave e96dee0d-d8c6-4d12-97a5-e9d1e2424baa(uuid4543)
сент. 19, 2025 6:42:49 PM webapp.storage.AbstractStorage save
INFO: &amp#27;[32mSave 368e7894-b95b-4bf1-88b0-0a3ae41332f3(uuid4544)
сент. 19, 2025 6:42:49 PM webapp.storage.AbstractStorage save
INFO: &amp#27;[32mSave 81d34a9e-604a-4caf-9e05-8e69b6a067dd(uuid4545)
сент. 19, 2025 6:42:49 PM webapp.storage.AbstractStorage save
INFO: &amp#27;[32mSave b154aa03-c5a1-4bd1-b064-350ec4ad381f(uuid4546)
сент. 19, 2025 6:42:49 PM webapp.storage.AbstractStorage save
INFO: &amp#27;[32mSave 523fc855-7653-41d3-bbd6-123b1a65f8c6(uuid4547)
сент. 19, 2025 6:42:49 PM webapp.storage.AbstractStorage save
INFO: &amp#27;[32mSave 60c01069-b48a-405f-b365-03464d80c767(uuid4548)
сент. 19, 2025 6:42:49 PM webapp.storage.AbstractStorage save
INFO: &amp#27;[32mSave dc750438-5f22-4871-b10e-9ee91fedd2da(uuid4549)
сент. 19, 2025 6:42:49 PM webapp.storage.AbstractStorage save
INFO: &amp#27;[32mSave 2f32e8dd-63c2-48d1-a802-eca2856d5566(uuid4550)
сент. 19, 2025 6:42:49 PM webapp.storage.AbstractStorage save
INFO: &amp#27;[32mSave 30a2773a-c57a-4470-a6e9-6ae0bc94e89a(uuid4551)
сент. 19, 2025 6:42:49 PM webapp.storage.AbstractStorage save
INFO: &amp#27;[32mSave d243fa9f-ae7b-443e-9e30-555c8b3ed2d4(uuid4552)
сент. 19, 2025 6:42:49 PM webapp.storage.AbstractStorage save
INFO: &amp#27;[32mSave 8c2a0210-bafc-44b9-b15d-aa724d0e1091(uuid4553)
сент. 19, 2025 6:42:49 PM webapp.storage.AbstractStorage save
INFO: &amp#27;[32mSave 58127e96-325c-4665-9439-9e14274b5ed8(uuid4554)
сент. 19, 2025 6:42:49 PM webapp.storage.AbstractStorage save
INFO: &amp#27;[32mSave 9ef65326-a2fd-4cd7-8627-731f9577d2fb(uuid4555)
сент. 19, 2025 6:42:49 PM webapp.storage.AbstractStorage save
INFO: &amp#27;[32mSave cc60d943-93d3-4e41-b802-d0a5b6a9b2ff(uuid4556)
сент. 19, 2025 6:42:49 PM webapp.storage.AbstractStorage save
INFO: &amp#27;[32mSave bba8576e-29e2-4c67-a109-ecc63264a15f(uuid4557)
сент. 19, 2025 6:42:49 PM webapp.storage.AbstractStorage save
INFO: &amp#27;[32mSave 4023cc4e-a7e1-4914-a4da-83ae5c7628e2(uuid4558)
сент. 19, 2025 6:42:49 PM webapp.storage.AbstractStorage save
INFO: &amp#27;[32mSave 2fe9baef-a1bd-49d9-b744-f7b41cf0913f(uuid4559)
сент. 19, 2025 6:42:49 PM webapp.storage.AbstractStorage save
INFO: &amp#27;[32mSave 36f17dbd-a487-4d41-ba63-982e6ff336f4(uuid4560)
сент. 19, 2025 6:42:49 PM webapp.storage.AbstractStorage save
INFO: &amp#27;[32mSave 1dd4d6eb-b0ee-48fa-867c-3dd3ac2cd2ab(uuid4561)
сент. 19, 2025 6:42:49 PM webapp.storage.AbstractStorage save
INFO: &amp#27;[32mSave d918e4d3-a7ab-47ee-bb99-d6e0189f369f(uuid4562)
сент. 19, 2025 6:42:49 PM webapp.storage.AbstractStorage save
INFO: &amp#27;[32mSave 36d93be9-68ea-4227-84ba-e15110a52f2f(uuid4563)
сент. 19, 2025 6:42:49 PM webapp.storage.AbstractStorage save
INFO: &amp#27;[32mSave 91692eb0-f34f-49d0-8ced-a1fba5d4109c(uuid4564)
сент. 19, 2025 6:42:49 PM webapp.storage.AbstractStorage save
INFO: &amp#27;[32mSave 18ee9cc4-9046-47f6-be90-998f8faa989a(uuid4565)
сент. 19, 2025 6:42:49 PM webapp.storage.AbstractStorage save
INFO: &amp#27;[32mSave 548d19cb-fab7-42ab-bed4-ca4d6aff3d74(uuid4566)
сент. 19, 2025 6:42:49 PM webapp.storage.AbstractStorage save
INFO: &amp#27;[32mSave f44e7765-73f6-477c-8db8-ee3aa9b468f9(uuid4567)
сент. 19, 2025 6:42:49 PM webapp.storage.AbstractStorage save
INFO: &amp#27;[32mSave bdae82fd-8a04-43b1-a392-47365846ad64(uuid4568)
сент. 19, 2025 6:42:49 PM webapp.storage.AbstractStorage save
INFO: &amp#27;[32mSave f7821f07-1dc4-4886-9c0b-8a33c15781ca(uuid4569)
сент. 19, 2025 6:42:49 PM webapp.storage.AbstractStorage save
INFO: &amp#27;[32mSave 9c79e279-8eef-41c4-96a2-eea907669005(uuid4570)
сент. 19, 2025 6:42:49 PM webapp.storage.AbstractStorage save
INFO: &amp#27;[32mSave 1e717225-bdfe-45b2-ad0d-c7962b6f2e56(uuid4571)
сент. 19, 2025 6:42:49 PM webapp.storage.AbstractStorage save
INFO: &amp#27;[32mSave e35f7ce9-328a-416c-a152-651d2c761e0b(uuid4572)
сент. 19, 2025 6:42:49 PM webapp.storage.AbstractStorage save
INFO: &amp#27;[32mSave c17d32c9-c362-4aa1-8243-306c9f2f6c3d(uuid4573)
сент. 19, 2025 6:42:49 PM webapp.storage.AbstractStorage save
INFO: &amp#27;[32mSave aaec04f6-f5b3-470e-af92-f7ac0a0619fa(uuid4574)
сент. 19, 2025 6:42:49 PM webapp.storage.AbstractStorage save
INFO: &amp#27;[32mSave fa4ec76b-89fa-4023-95cf-f8d8b069bb42(uuid4575)
сент. 19, 2025 6:42:49 PM webapp.storage.AbstractStorage save
INFO: &amp#27;[32mSave 9e958277-a4a9-482b-a0d6-7f6996bcdd40(uuid4576)
сент. 19, 2025 6:42:49 PM webapp.storage.AbstractStorage save
INFO: &amp#27;[32mSave 22c12998-c2b3-449a-889b-3cf1fea95192(uuid4577)
сент. 19, 2025 6:42:49 PM webapp.storage.AbstractStorage save
INFO: &amp#27;[32mSave 1b225aec-2c98-4e37-9034-21e75c3cd3d9(uuid4578)
сент. 19, 2025 6:42:49 PM webapp.storage.AbstractStorage save
INFO: &amp#27;[32mSave 906f1e87-d13c-449b-b79c-4184d249f1ac(uuid4579)
сент. 19, 2025 6:42:49 PM webapp.storage.AbstractStorage save
INFO: &amp#27;[32mSave 54bf8549-e7be-49cd-9ac6-097650554a33(uuid4580)
сент. 19, 2025 6:42:49 PM webapp.storage.AbstractStorage save
INFO: &amp#27;[32mSave c421760e-e8f0-40ea-bc88-4854390149a4(uuid4581)
сент. 19, 2025 6:42:49 PM webapp.storage.AbstractStorage save
INFO: &amp#27;[32mSave 006eee9d-e89b-4fed-9d09-2ad0d47442e8(uuid4582)
сент. 19, 2025 6:42:49 PM webapp.storage.AbstractStorage save
INFO: &amp#27;[32mSave 7fe8dc02-ecac-469f-ba29-30421b256b80(uuid4583)
сент. 19, 2025 6:42:49 PM webapp.storage.AbstractStorage save
INFO: &amp#27;[32mSave 63776263-5c7a-4551-be9e-5e7ba25e251a(uuid4584)
сент. 19, 2025 6:42:49 PM webapp.storage.AbstractStorage save
INFO: &amp#27;[32mSave cc5e345f-9133-4fe5-9430-9fe4f1a78529(uuid4585)
сент. 19, 2025 6:42:49 PM webapp.storage.AbstractStorage save
INFO: &amp#27;[32mSave 3006394b-89c5-45cb-b474-0bab3b1f3a0a(uuid4586)
сент. 19, 2025 6:42:49 PM webapp.storage.AbstractStorage save
INFO: &amp#27;[32mSave 2090febe-ad87-4c21-b92d-d3e74f3c3379(uuid4587)
сент. 19, 2025 6:42:49 PM webapp.storage.AbstractStorage save
INFO: &amp#27;[32mSave fb2a76bd-7cd3-468b-ad3b-0e440f0a1df2(uuid4588)
сент. 19, 2025 6:42:49 PM webapp.storage.AbstractStorage save
INFO: &amp#27;[32mSave cb1a73e4-78f4-4402-ac6e-c8c3b0345c7c(uuid4589)
сент. 19, 2025 6:42:49 PM webapp.storage.AbstractStorage save
INFO: &amp#27;[32mSave dbeefd20-8ff6-4c6e-9cb4-846d661549dc(uuid4590)
сент. 19, 2025 6:42:49 PM webapp.storage.AbstractStorage save
INFO: &amp#27;[32mSave fb550e28-4c7b-43cc-9fcc-404dd0ed9f3e(uuid4591)
сент. 19, 2025 6:42:49 PM webapp.storage.AbstractStorage save
INFO: &amp#27;[32mSave ef82d99d-b735-464a-b876-cbb073502dbe(uuid4592)
сент. 19, 2025 6:42:49 PM webapp.storage.AbstractStorage save
INFO: &amp#27;[32mSave 0afaee87-51dd-4e7e-bb74-a0282e1cc27c(uuid4593)
сент. 19, 2025 6:42:49 PM webapp.storage.AbstractStorage save
INFO: &amp#27;[32mSave 05bcc658-f29a-4161-a451-13330ea789b7(uuid4594)
сент. 19, 2025 6:42:49 PM webapp.storage.AbstractStorage save
INFO: &amp#27;[32mSave ca76ea16-d7d2-4656-ba1c-c8e6ddd8a14a(uuid4595)
сент. 19, 2025 6:42:49 PM webapp.storage.AbstractStorage save
INFO: &amp#27;[32mSave aa530170-3add-4003-88bf-fe891c321d8e(uuid4596)
сент. 19, 2025 6:42:49 PM webapp.storage.AbstractStorage save
INFO: &amp#27;[32mSave 20f46dc2-88eb-477b-82aa-7d26804190f6(uuid4597)
сент. 19, 2025 6:42:49 PM webapp.storage.AbstractStorage save
INFO: &amp#27;[32mSave d7a8e519-caa7-4858-b55a-53fe2faa6d50(uuid4598)
сент. 19, 2025 6:42:49 PM webapp.storage.AbstractStorage save
INFO: &amp#27;[32mSave 7f809731-01c5-4f06-8f33-3e54c07ae25e(uuid4599)
сент. 19, 2025 6:42:49 PM webapp.storage.AbstractStorage save
INFO: &amp#27;[32mSave 04af9861-2339-44d4-b850-9a64de919077(uuid4600)
сент. 19, 2025 6:42:49 PM webapp.storage.AbstractStorage save
INFO: &amp#27;[32mSave d0fdc19d-9489-4188-9db7-0a56f2b3e457(uuid4601)
сент. 19, 2025 6:42:49 PM webapp.storage.AbstractStorage save
INFO: &amp#27;[32mSave d3b7609d-3ac7-4bbb-bb7c-792058ec7cd0(uuid4602)
сент. 19, 2025 6:42:49 PM webapp.storage.AbstractStorage save
INFO: &amp#27;[32mSave 39e986e8-9da3-4df2-b2ac-2e10e9c3bb66(uuid4603)
сент. 19, 2025 6:42:49 PM webapp.storage.AbstractStorage save
INFO: &amp#27;[32mSave 409708fd-1258-4e13-bc40-f0cc1dd906ed(uuid4604)
сент. 19, 2025 6:42:49 PM webapp.storage.AbstractStorage save
INFO: &amp#27;[32mSave 4595cd90-5a78-42c6-b499-84fa2de1b7a5(uuid4605)
сент. 19, 2025 6:42:49 PM webapp.storage.AbstractStorage save
INFO: &amp#27;[32mSave 3012b898-e082-4123-ac75-e47597f11c6b(uuid4606)
сент. 19, 2025 6:42:49 PM webapp.storage.AbstractStorage save
INFO: &amp#27;[32mSave 19f6df4c-5213-404e-93ea-f62ce6c784e0(uuid4607)
сент. 19, 2025 6:42:49 PM webapp.storage.AbstractStorage save
INFO: &amp#27;[32mSave 61fafd79-d969-4354-bf6f-b7131415e117(uuid4608)
сент. 19, 2025 6:42:49 PM webapp.storage.AbstractStorage save
INFO: &amp#27;[32mSave 3ca54bb5-20fd-43d6-910c-12d65a19a0b1(uuid4609)
сент. 19, 2025 6:42:49 PM webapp.storage.AbstractStorage save
INFO: &amp#27;[32mSave b42eba06-92d9-459f-942f-67d1c31bb33f(uuid4610)
сент. 19, 2025 6:42:49 PM webapp.storage.AbstractStorage save
INFO: &amp#27;[32mSave 513380c5-ed3c-4c94-b879-8ff1285ac30f(uuid4611)
сент. 19, 2025 6:42:49 PM webapp.storage.AbstractStorage save
INFO: &amp#27;[32mSave 4b8ae4db-056d-4148-bd60-0f884dcda3c3(uuid4612)
сент. 19, 2025 6:42:49 PM webapp.storage.AbstractStorage save
INFO: &amp#27;[32mSave 0583f68f-11db-4149-82b6-8d9d3fcb12c3(uuid4613)
сент. 19, 2025 6:42:49 PM webapp.storage.AbstractStorage save
INFO: &amp#27;[32mSave c4ed6220-ea2e-4c31-a3ba-f6fd40d81fe4(uuid4614)
сент. 19, 2025 6:42:49 PM webapp.storage.AbstractStorage save
INFO: &amp#27;[32mSave be4f263f-70af-4e7d-b335-dccbaa8f9cbd(uuid4615)
сент. 19, 2025 6:42:49 PM webapp.storage.AbstractStorage save
INFO: &amp#27;[32mSave feb1e4eb-c598-4331-904e-24f0f5f9066a(uuid4616)
сент. 19, 2025 6:42:49 PM webapp.storage.AbstractStorage save
INFO: &amp#27;[32mSave 13a5f3a7-4533-479e-afa3-0b7a17018ec1(uuid4617)
сент. 19, 2025 6:42:49 PM webapp.storage.AbstractStorage save
INFO: &amp#27;[32mSave 581b2b24-d1c9-4402-9d30-d06671b45836(uuid4618)
сент. 19, 2025 6:42:49 PM webapp.storage.AbstractStorage save
INFO: &amp#27;[32mSave f7f4716e-1d20-4cd7-92fc-5e3c719a6c5a(uuid4619)
сент. 19, 2025 6:42:49 PM webapp.storage.AbstractStorage save
INFO: &amp#27;[32mSave 68d9208e-9cc5-4d4c-9d58-d79b9aec6680(uuid4620)
сент. 19, 2025 6:42:49 PM webapp.storage.AbstractStorage save
INFO: &amp#27;[32mSave 9e7f3d3a-043d-4263-ac6b-962e1a6ea538(uuid4621)
сент. 19, 2025 6:42:49 PM webapp.storage.AbstractStorage save
INFO: &amp#27;[32mSave 7d9c65c4-183f-4fe6-a3f5-680d40fd0b93(uuid4622)
сент. 19, 2025 6:42:49 PM webapp.storage.AbstractStorage save
INFO: &amp#27;[32mSave 3c81e642-aa70-4d6a-96ca-28329c308e6b(uuid4623)
сент. 19, 2025 6:42:49 PM webapp.storage.AbstractStorage save
INFO: &amp#27;[32mSave 8cde500d-f6b5-4eac-b192-22a0877b139d(uuid4624)
сент. 19, 2025 6:42:49 PM webapp.storage.AbstractStorage save
INFO: &amp#27;[32mSave 1e046a37-217d-400b-840d-f0514b46fb23(uuid4625)
сент. 19, 2025 6:42:49 PM webapp.storage.AbstractStorage save
INFO: &amp#27;[32mSave b21fd634-cbf0-4014-9f61-31e5806aac1e(uuid4626)
сент. 19, 2025 6:42:49 PM webapp.storage.AbstractStorage save
INFO: &amp#27;[32mSave ecc77265-057b-4e26-a5ce-b1531bca8a35(uuid4627)
сент. 19, 2025 6:42:49 PM webapp.storage.AbstractStorage save
INFO: &amp#27;[32mSave 772883d6-b432-4fee-b8a0-b874bd638e12(uuid4628)
сент. 19, 2025 6:42:49 PM webapp.storage.AbstractStorage save
INFO: &amp#27;[32mSave ac84087c-16cf-41d1-85b8-6d6d21317392(uuid4629)
сент. 19, 2025 6:42:49 PM webapp.storage.AbstractStorage save
INFO: &amp#27;[32mSave 79ef096e-1faf-4835-aeb1-030e17cd2cab(uuid4630)
сент. 19, 2025 6:42:49 PM webapp.storage.AbstractStorage save
INFO: &amp#27;[32mSave 8d0c39fe-9d66-4284-921f-b179275ffc61(uuid4631)
сент. 19, 2025 6:42:49 PM webapp.storage.AbstractStorage save
INFO: &amp#27;[32mSave 93648271-6ea9-4afe-9150-78378eaccd7a(uuid4632)
сент. 19, 2025 6:42:49 PM webapp.storage.AbstractStorage save
INFO: &amp#27;[32mSave fe7e3780-faa0-4156-8461-11515b104a88(uuid4633)
сент. 19, 2025 6:42:49 PM webapp.storage.AbstractStorage save
INFO: &amp#27;[32mSave 2e1d6f55-fc25-4553-a87f-fd4c18d347e4(uuid4634)
сент. 19, 2025 6:42:49 PM webapp.storage.AbstractStorage save
INFO: &amp#27;[32mSave b99f2914-e15b-4dc6-ad6e-eb3b6004b9bb(uuid4635)
сент. 19, 2025 6:42:49 PM webapp.storage.AbstractStorage save
INFO: &amp#27;[32mSave 61794e15-dab3-470d-a366-60c7d6c7d8e7(uuid4636)
сент. 19, 2025 6:42:49 PM webapp.storage.AbstractStorage save
INFO: &amp#27;[32mSave a81bc326-5096-4c67-8f3b-8408da1c2cf7(uuid4637)
сент. 19, 2025 6:42:49 PM webapp.storage.AbstractStorage save
INFO: &amp#27;[32mSave efeb948a-92cd-4005-bd7b-f1a2889b2e06(uuid4638)
сент. 19, 2025 6:42:49 PM webapp.storage.AbstractStorage save
INFO: &amp#27;[32mSave 42cc4101-7c2f-4009-85c1-55b5700c4020(uuid4639)
сент. 19, 2025 6:42:49 PM webapp.storage.AbstractStorage save
INFO: &amp#27;[32mSave 4f87c147-f6bd-42a9-9816-fb3150272272(uuid4640)
сент. 19, 2025 6:42:49 PM webapp.storage.AbstractStorage save
INFO: &amp#27;[32mSave c877ffb4-b4ba-4ed0-bb23-4e1b59e78c49(uuid4641)
сент. 19, 2025 6:42:49 PM webapp.storage.AbstractStorage save
INFO: &amp#27;[32mSave 39f7b7ad-2222-45db-95fd-b46006171f7c(uuid4642)
сент. 19, 2025 6:42:49 PM webapp.storage.AbstractStorage save
INFO: &amp#27;[32mSave 58fe922b-6172-4487-8d2c-3921a75cc781(uuid4643)
сент. 19, 2025 6:42:49 PM webapp.storage.AbstractStorage save
INFO: &amp#27;[32mSave f6ccac0d-31cf-4f00-b407-2cfbf9578bcb(uuid4644)
сент. 19, 2025 6:42:49 PM webapp.storage.AbstractStorage save
INFO: &amp#27;[32mSave a00f6430-9dd7-4e80-a535-7220509434a2(uuid4645)
сент. 19, 2025 6:42:49 PM webapp.storage.AbstractStorage save
INFO: &amp#27;[32mSave d0a584ad-e8b2-42b0-8d07-7a27f540258f(uuid4646)
сент. 19, 2025 6:42:49 PM webapp.storage.AbstractStorage save
INFO: &amp#27;[32mSave e058e1a9-b0e2-4d54-ac52-74329c01a493(uuid4647)
сент. 19, 2025 6:42:49 PM webapp.storage.AbstractStorage save
INFO: &amp#27;[32mSave 28cf6246-ffe0-4147-bacd-28f955d4cef1(uuid4648)
сент. 19, 2025 6:42:49 PM webapp.storage.AbstractStorage save
INFO: &amp#27;[32mSave 9e534fea-a92c-4b69-8965-f1bb9b15f19d(uuid4649)
сент. 19, 2025 6:42:49 PM webapp.storage.AbstractStorage save
INFO: &amp#27;[32mSave 932a34b8-8a89-48dc-89cc-538bf69e591d(uuid4650)
сент. 19, 2025 6:42:49 PM webapp.storage.AbstractStorage save
INFO: &amp#27;[32mSave c5f02cbe-5230-4bb0-a478-bf7ecbe9b28b(uuid4651)
сент. 19, 2025 6:42:49 PM webapp.storage.AbstractStorage save
INFO: &amp#27;[32mSave fc3e5ef5-a358-4f8f-aafd-90264eda3fb5(uuid4652)
сент. 19, 2025 6:42:49 PM webapp.storage.AbstractStorage save
INFO: &amp#27;[32mSave 731d5841-0035-495d-a1b4-1dbe2bc0c826(uuid4653)
сент. 19, 2025 6:42:49 PM webapp.storage.AbstractStorage save
INFO: &amp#27;[32mSave c28ea0d6-cb39-4ba0-80d3-b2f1da07373f(uuid4654)
сент. 19, 2025 6:42:49 PM webapp.storage.AbstractStorage save
INFO: &amp#27;[32mSave 1011c153-a384-4dae-8459-774687959c2a(uuid4655)
сент. 19, 2025 6:42:49 PM webapp.storage.AbstractStorage save
INFO: &amp#27;[32mSave 86e3e6e5-339d-490e-8f51-537459e24159(uuid4656)
сент. 19, 2025 6:42:49 PM webapp.storage.AbstractStorage save
INFO: &amp#27;[32mSave b3a30db7-8c16-4dd5-b95d-3218968828cd(uuid4657)
сент. 19, 2025 6:42:49 PM webapp.storage.AbstractStorage save
INFO: &amp#27;[32mSave 8f9947b0-e9a9-4287-9675-ed2651356501(uuid4658)
сент. 19, 2025 6:42:49 PM webapp.storage.AbstractStorage save
INFO: &amp#27;[32mSave dbe69170-24b8-4ed5-82a2-61afac45ab0e(uuid4659)
сент. 19, 2025 6:42:49 PM webapp.storage.AbstractStorage save
INFO: &amp#27;[32mSave e02d1cd3-70b2-4070-b91c-196b435a4ce0(uuid4660)
сент. 19, 2025 6:42:49 PM webapp.storage.AbstractStorage save
INFO: &amp#27;[32mSave a1351350-0ab0-40d4-a4a1-ad9378a99187(uuid4661)
сент. 19, 2025 6:42:49 PM webapp.storage.AbstractStorage save
INFO: &amp#27;[32mSave 883a1fa7-9828-40ef-bde1-718cb1e1cdd7(uuid4662)
сент. 19, 2025 6:42:49 PM webapp.storage.AbstractStorage save
INFO: &amp#27;[32mSave ec19a82d-8561-489f-ab52-e1059f643afe(uuid4663)
сент. 19, 2025 6:42:49 PM webapp.storage.AbstractStorage save
INFO: &amp#27;[32mSave 23f22db5-9876-4252-b0a2-1b908bfe851b(uuid4664)
сент. 19, 2025 6:42:49 PM webapp.storage.AbstractStorage save
INFO: &amp#27;[32mSave 36f67f69-46f1-42ae-a48f-2c433caaba2a(uuid4665)
сент. 19, 2025 6:42:49 PM webapp.storage.AbstractStorage save
INFO: &amp#27;[32mSave 4532e4dd-1a64-4a28-9508-182ec398acd9(uuid4666)
сент. 19, 2025 6:42:49 PM webapp.storage.AbstractStorage save
INFO: &amp#27;[32mSave c29663a9-e36b-49b2-b924-40e12acaa612(uuid4667)
сент. 19, 2025 6:42:49 PM webapp.storage.AbstractStorage save
INFO: &amp#27;[32mSave 8c646f85-6950-4a85-be98-fe97f87b7a8c(uuid4668)
сент. 19, 2025 6:42:49 PM webapp.storage.AbstractStorage save
INFO: &amp#27;[32mSave 2e595df2-02fc-4c19-b9ad-a814f7f62a95(uuid4669)
сент. 19, 2025 6:42:49 PM webapp.storage.AbstractStorage save
INFO: &amp#27;[32mSave c60b252c-42cc-460a-95ed-05fae5aabb9a(uuid4670)
сент. 19, 2025 6:42:49 PM webapp.storage.AbstractStorage save
INFO: &amp#27;[32mSave d5dd91e0-d343-4012-93f1-137eef96163d(uuid4671)
сент. 19, 2025 6:42:49 PM webapp.storage.AbstractStorage save
INFO: &amp#27;[32mSave efa5c226-0c85-453c-abc1-2035735f7c9e(uuid4672)
сент. 19, 2025 6:42:49 PM webapp.storage.AbstractStorage save
INFO: &amp#27;[32mSave 300ae041-a8b7-4b48-a5e8-a1eb460afe13(uuid4673)
сент. 19, 2025 6:42:49 PM webapp.storage.AbstractStorage save
INFO: &amp#27;[32mSave f210ff1c-9692-46e1-b47d-223c14fff8a4(uuid4674)
сент. 19, 2025 6:42:49 PM webapp.storage.AbstractStorage save
INFO: &amp#27;[32mSave 43fbfc05-3461-4036-adf6-e459ecc4c4e5(uuid4675)
сент. 19, 2025 6:42:49 PM webapp.storage.AbstractStorage save
INFO: &amp#27;[32mSave f5f3ef95-a4d2-4cfc-8a8e-cd7f2b8c0d6c(uuid4676)
сент. 19, 2025 6:42:49 PM webapp.storage.AbstractStorage save
INFO: &amp#27;[32mSave e54584f7-3919-4d88-ae09-81cdf5930833(uuid4677)
сент. 19, 2025 6:42:49 PM webapp.storage.AbstractStorage save
INFO: &amp#27;[32mSave 9b32f3e4-5cb5-4d2b-95be-8ef056b28738(uuid4678)
сент. 19, 2025 6:42:49 PM webapp.storage.AbstractStorage save
INFO: &amp#27;[32mSave 175e77b1-e293-43cc-9821-69cb05d341b5(uuid4679)
сент. 19, 2025 6:42:49 PM webapp.storage.AbstractStorage save
INFO: &amp#27;[32mSave e95045a8-5a6a-4b3f-ba1e-56389571b356(uuid4680)
сент. 19, 2025 6:42:49 PM webapp.storage.AbstractStorage save
INFO: &amp#27;[32mSave bcb3d0de-08a0-4b3a-b609-977f172965a4(uuid4681)
сент. 19, 2025 6:42:49 PM webapp.storage.AbstractStorage save
INFO: &amp#27;[32mSave 0299d0cd-1d9c-4ef5-bf31-7da01fa639c4(uuid4682)
сент. 19, 2025 6:42:49 PM webapp.storage.AbstractStorage save
INFO: &amp#27;[32mSave 0af21792-74aa-42b8-935e-fa746940ac2a(uuid4683)
сент. 19, 2025 6:42:49 PM webapp.storage.AbstractStorage save
INFO: &amp#27;[32mSave 187aba3d-4828-45a5-a639-81d1bc4586ee(uuid4684)
сент. 19, 2025 6:42:49 PM webapp.storage.AbstractStorage save
INFO: &amp#27;[32mSave 155fff5d-1587-46a0-8fd1-aa7b500dba5e(uuid4685)
сент. 19, 2025 6:42:49 PM webapp.storage.AbstractStorage save
INFO: &amp#27;[32mSave a7bf6199-9f73-4a95-b7e0-9d370fddfae2(uuid4686)
сент. 19, 2025 6:42:49 PM webapp.storage.AbstractStorage save
INFO: &amp#27;[32mSave 49968b7f-9aee-413d-b36d-ebb1e498712f(uuid4687)
сент. 19, 2025 6:42:49 PM webapp.storage.AbstractStorage save
INFO: &amp#27;[32mSave 1f667c9a-a470-4f58-995f-2bac5ef5c99d(uuid4688)
сент. 19, 2025 6:42:49 PM webapp.storage.AbstractStorage save
INFO: &amp#27;[32mSave de2514f9-02d3-4a09-b7db-0cf67929896a(uuid4689)
сент. 19, 2025 6:42:49 PM webapp.storage.AbstractStorage save
INFO: &amp#27;[32mSave 7a939109-9a52-448c-8305-f9ae27b12558(uuid4690)
сент. 19, 2025 6:42:49 PM webapp.storage.AbstractStorage save
INFO: &amp#27;[32mSave 82453a70-1c53-4c03-aa06-42166e743817(uuid4691)
сент. 19, 2025 6:42:49 PM webapp.storage.AbstractStorage save
INFO: &amp#27;[32mSave 0ee86ab9-187f-4952-86fc-d21e88f5ace3(uuid4692)
сент. 19, 2025 6:42:49 PM webapp.storage.AbstractStorage save
INFO: &amp#27;[32mSave c7d6560f-b30b-4aa5-bc20-4125cff5fffe(uuid4693)
сент. 19, 2025 6:42:49 PM webapp.storage.AbstractStorage save
INFO: &amp#27;[32mSave 897fcb6e-0e12-46fb-97a9-7ce1666c140a(uuid4694)
сент. 19, 2025 6:42:49 PM webapp.storage.AbstractStorage save
INFO: &amp#27;[32mSave 4ae3e0ef-1083-4114-9389-82f4f2700c29(uuid4695)
сент. 19, 2025 6:42:49 PM webapp.storage.AbstractStorage save
INFO: &amp#27;[32mSave 7077d884-239a-4d2b-9734-78ea7fedff30(uuid4696)
сент. 19, 2025 6:42:49 PM webapp.storage.AbstractStorage save
INFO: &amp#27;[32mSave 40c16bfe-7fc4-46d7-a2f5-049fca2ce1d3(uuid4697)
сент. 19, 2025 6:42:49 PM webapp.storage.AbstractStorage save
INFO: &amp#27;[32mSave 09e25c67-30d6-4b86-acad-e59283a0c166(uuid4698)
сент. 19, 2025 6:42:49 PM webapp.storage.AbstractStorage save
INFO: &amp#27;[32mSave 736fdc2b-40f8-4671-9f9a-1ab1943f5873(uuid4699)
сент. 19, 2025 6:42:49 PM webapp.storage.AbstractStorage save
INFO: &amp#27;[32mSave 0ffd080e-be80-4687-a386-e11d555586ff(uuid4700)
сент. 19, 2025 6:42:49 PM webapp.storage.AbstractStorage save
INFO: &amp#27;[32mSave 44b9d22b-d80c-478c-90fe-a971e2204e78(uuid4701)
сент. 19, 2025 6:42:49 PM webapp.storage.AbstractStorage save
INFO: &amp#27;[32mSave 61d31061-c61c-4c21-8fbd-72d960fc1ffc(uuid4702)
сент. 19, 2025 6:42:49 PM webapp.storage.AbstractStorage save
INFO: &amp#27;[32mSave 68f7a363-eca8-4ac1-8958-b6b51e86d582(uuid4703)
сент. 19, 2025 6:42:49 PM webapp.storage.AbstractStorage save
INFO: &amp#27;[32mSave f167a122-ca74-4abe-a7bc-ce798898b658(uuid4704)
сент. 19, 2025 6:42:49 PM webapp.storage.AbstractStorage save
INFO: &amp#27;[32mSave f586c7f7-c3cb-48a8-af46-559270030cdd(uuid4705)
сент. 19, 2025 6:42:49 PM webapp.storage.AbstractStorage save
INFO: &amp#27;[32mSave 52230f71-d885-4112-91a3-b3e332ee8a83(uuid4706)
сент. 19, 2025 6:42:49 PM webapp.storage.AbstractStorage save
INFO: &amp#27;[32mSave ccfd40af-7010-4baf-8e24-f27cf97accab(uuid4707)
сент. 19, 2025 6:42:49 PM webapp.storage.AbstractStorage save
INFO: &amp#27;[32mSave 6f8929c5-5eb6-41fa-ac31-b0c15657610e(uuid4708)
сент. 19, 2025 6:42:49 PM webapp.storage.AbstractStorage save
INFO: &amp#27;[32mSave 87f89c3d-d12a-4f7d-b769-6dfdfa5998e5(uuid4709)
сент. 19, 2025 6:42:49 PM webapp.storage.AbstractStorage save
INFO: &amp#27;[32mSave abc265eb-70b3-4144-a231-dee3e689429f(uuid4710)
сент. 19, 2025 6:42:49 PM webapp.storage.AbstractStorage save
INFO: &amp#27;[32mSave 2624154f-358d-45d7-8b64-8a680d79b4e6(uuid4711)
сент. 19, 2025 6:42:49 PM webapp.storage.AbstractStorage save
INFO: &amp#27;[32mSave ec904236-c65c-4762-9878-4e16ce7caf6d(uuid4712)
сент. 19, 2025 6:42:49 PM webapp.storage.AbstractStorage save
INFO: &amp#27;[32mSave 703282c7-a2f7-4171-b8df-a684fbb78f22(uuid4713)
сент. 19, 2025 6:42:49 PM webapp.storage.AbstractStorage save
INFO: &amp#27;[32mSave 163375dd-c71a-4348-a907-5f3c8d47f43d(uuid4714)
сент. 19, 2025 6:42:49 PM webapp.storage.AbstractStorage save
INFO: &amp#27;[32mSave 40f36389-8f09-46b2-83bc-fa613a350d8f(uuid4715)
сент. 19, 2025 6:42:49 PM webapp.storage.AbstractStorage save
INFO: &amp#27;[32mSave 36647b94-3ab9-4702-8f62-2799da392169(uuid4716)
сент. 19, 2025 6:42:49 PM webapp.storage.AbstractStorage save
INFO: &amp#27;[32mSave 2ef69667-7d16-4d31-9780-3d1486cbbca3(uuid4717)
сент. 19, 2025 6:42:49 PM webapp.storage.AbstractStorage save
INFO: &amp#27;[32mSave d3da9162-e21b-4f3b-820e-76ab069cc336(uuid4718)
сент. 19, 2025 6:42:49 PM webapp.storage.AbstractStorage save
INFO: &amp#27;[32mSave f8a30fef-591d-4dfb-9c75-d99440540c66(uuid4719)
сент. 19, 2025 6:42:49 PM webapp.storage.AbstractStorage save
INFO: &amp#27;[32mSave 3841f27b-7c61-4e59-9ec2-e5e9aa4219c4(uuid4720)
сент. 19, 2025 6:42:49 PM webapp.storage.AbstractStorage save
INFO: &amp#27;[32mSave 6f4c47f1-9e44-4a7b-9e5e-3b67b7f912e4(uuid4721)
сент. 19, 2025 6:42:49 PM webapp.storage.AbstractStorage save
INFO: &amp#27;[32mSave 2de6d789-eae9-494d-962d-e3308ee3f921(uuid4722)
сент. 19, 2025 6:42:49 PM webapp.storage.AbstractStorage save
INFO: &amp#27;[32mSave 93f5fd16-ab99-4623-904b-c16bef4489f7(uuid4723)
сент. 19, 2025 6:42:49 PM webapp.storage.AbstractStorage save
INFO: &amp#27;[32mSave 5f961932-7bb1-4320-bad1-c709930358c3(uuid4724)
сент. 19, 2025 6:42:49 PM webapp.storage.AbstractStorage save
INFO: &amp#27;[32mSave 929b2602-28b2-4721-86c5-1520cfc7db46(uuid4725)
сент. 19, 2025 6:42:49 PM webapp.storage.AbstractStorage save
INFO: &amp#27;[32mSave b8030a2e-d882-498f-bd71-ec887e966e82(uuid4726)
сент. 19, 2025 6:42:49 PM webapp.storage.AbstractStorage save
INFO: &amp#27;[32mSave 6f7eb389-618d-479a-ac2f-73a2e2f88e17(uuid4727)
сент. 19, 2025 6:42:49 PM webapp.storage.AbstractStorage save
INFO: &amp#27;[32mSave a2a98bc9-97c7-4869-9711-74c934f12a0d(uuid4728)
сент. 19, 2025 6:42:49 PM webapp.storage.AbstractStorage save
INFO: &amp#27;[32mSave c7100d52-e2ad-4a87-b1de-c1866df233c7(uuid4729)
сент. 19, 2025 6:42:49 PM webapp.storage.AbstractStorage save
INFO: &amp#27;[32mSave 461e97c5-664c-4541-beda-46deb06e698a(uuid4730)
сент. 19, 2025 6:42:49 PM webapp.storage.AbstractStorage save
INFO: &amp#27;[32mSave bf703cba-6552-436a-a8b9-86428b978f8c(uuid4731)
сент. 19, 2025 6:42:49 PM webapp.storage.AbstractStorage save
INFO: &amp#27;[32mSave 4cba12bb-5041-4019-ba5e-6d39183eb1a2(uuid4732)
сент. 19, 2025 6:42:49 PM webapp.storage.AbstractStorage save
INFO: &amp#27;[32mSave 806fec54-ed1e-4034-bc90-30d455165c9e(uuid4733)
сент. 19, 2025 6:42:49 PM webapp.storage.AbstractStorage save
INFO: &amp#27;[32mSave f995b9c7-7b39-47e9-abcf-29e2fca1a358(uuid4734)
сент. 19, 2025 6:42:49 PM webapp.storage.AbstractStorage save
INFO: &amp#27;[32mSave 059ff3cb-e20f-4517-bd57-d037e93d8ff0(uuid4735)
сент. 19, 2025 6:42:49 PM webapp.storage.AbstractStorage save
INFO: &amp#27;[32mSave 9002ad7c-595c-4afc-b152-81cf8da8a303(uuid4736)
сент. 19, 2025 6:42:49 PM webapp.storage.AbstractStorage save
INFO: &amp#27;[32mSave bcc5e421-621d-47af-a00e-d9091e0af509(uuid4737)
сент. 19, 2025 6:42:49 PM webapp.storage.AbstractStorage save
INFO: &amp#27;[32mSave c791c512-cb2c-4f4d-8783-980d54721b51(uuid4738)
сент. 19, 2025 6:42:49 PM webapp.storage.AbstractStorage save
INFO: &amp#27;[32mSave 9c7828bc-036b-44c2-88b6-aa663623bd21(uuid4739)
сент. 19, 2025 6:42:49 PM webapp.storage.AbstractStorage save
INFO: &amp#27;[32mSave 69bf1651-3e86-4420-b84a-92b76ee30591(uuid4740)
сент. 19, 2025 6:42:49 PM webapp.storage.AbstractStorage save
INFO: &amp#27;[32mSave 080c5892-43bf-4991-bcf5-f77e8d048ba8(uuid4741)
сент. 19, 2025 6:42:49 PM webapp.storage.AbstractStorage save
INFO: &amp#27;[32mSave c1861677-5bcd-4d03-9a96-f453d02d76ad(uuid4742)
сент. 19, 2025 6:42:49 PM webapp.storage.AbstractStorage save
INFO: &amp#27;[32mSave 075fdfb9-106e-4891-92c8-3108ac53c239(uuid4743)
сент. 19, 2025 6:42:49 PM webapp.storage.AbstractStorage save
INFO: &amp#27;[32mSave 87c11973-a465-4803-bad1-f2f84e8e2f54(uuid4744)
сент. 19, 2025 6:42:49 PM webapp.storage.AbstractStorage save
INFO: &amp#27;[32mSave e161d0c7-b722-4df5-8db0-138e1b16cebb(uuid4745)
сент. 19, 2025 6:42:49 PM webapp.storage.AbstractStorage save
INFO: &amp#27;[32mSave 6a654e8c-9198-486c-b2eb-745c2ddc01d3(uuid4746)
сент. 19, 2025 6:42:49 PM webapp.storage.AbstractStorage save
INFO: &amp#27;[32mSave 1ee7fdfc-21fb-4cb1-898f-e6a60d7eedea(uuid4747)
сент. 19, 2025 6:42:49 PM webapp.storage.AbstractStorage save
INFO: &amp#27;[32mSave 77341dc7-6c45-4c9a-964f-d9e0c2374357(uuid4748)
сент. 19, 2025 6:42:49 PM webapp.storage.AbstractStorage save
INFO: &amp#27;[32mSave a6e73397-edf2-49c4-950c-82de0ad5aeda(uuid4749)
сент. 19, 2025 6:42:49 PM webapp.storage.AbstractStorage save
INFO: &amp#27;[32mSave 283be5b2-9f5f-4fb2-9f1a-5b132b22d5c1(uuid4750)
сент. 19, 2025 6:42:49 PM webapp.storage.AbstractStorage save
INFO: &amp#27;[32mSave 0ed00366-8345-4b30-830c-3a4d9a318a6d(uuid4751)
сент. 19, 2025 6:42:49 PM webapp.storage.AbstractStorage save
INFO: &amp#27;[32mSave 72e33823-1ba7-4783-9c7e-06a09983dab8(uuid4752)
сент. 19, 2025 6:42:49 PM webapp.storage.AbstractStorage save
INFO: &amp#27;[32mSave 09a5990b-1d84-479e-930e-7c8e21f27d0f(uuid4753)
сент. 19, 2025 6:42:49 PM webapp.storage.AbstractStorage save
INFO: &amp#27;[32mSave 36ce0119-0597-4a05-a566-049b026cca7e(uuid4754)
сент. 19, 2025 6:42:49 PM webapp.storage.AbstractStorage save
INFO: &amp#27;[32mSave 9a758482-b274-4627-aafd-cde71b8ae3ed(uuid4755)
сент. 19, 2025 6:42:49 PM webapp.storage.AbstractStorage save
INFO: &amp#27;[32mSave da198c34-2916-441f-8f3a-3bf4437f08f1(uuid4756)
сент. 19, 2025 6:42:49 PM webapp.storage.AbstractStorage save
INFO: &amp#27;[32mSave 31291332-3758-44e4-a99a-8c53ac31a5b9(uuid4757)
сент. 19, 2025 6:42:49 PM webapp.storage.AbstractStorage save
INFO: &amp#27;[32mSave f088beea-8236-4496-baeb-a9060dd2a714(uuid4758)
сент. 19, 2025 6:42:49 PM webapp.storage.AbstractStorage save
INFO: &amp#27;[32mSave 1ce8529d-da71-4362-92b6-072e73f78db5(uuid4759)
сент. 19, 2025 6:42:49 PM webapp.storage.AbstractStorage save
INFO: &amp#27;[32mSave 56ab3092-5645-41f9-b41e-e4ab67e08de5(uuid4760)
сент. 19, 2025 6:42:49 PM webapp.storage.AbstractStorage save
INFO: &amp#27;[32mSave 2e4a4553-0800-42c7-90a7-1f700b8b9839(uuid4761)
сент. 19, 2025 6:42:49 PM webapp.storage.AbstractStorage save
INFO: &amp#27;[32mSave c8792923-68c0-49f2-ab33-f303dd0e524c(uuid4762)
сент. 19, 2025 6:42:49 PM webapp.storage.AbstractStorage save
INFO: &amp#27;[32mSave 897b7334-8f20-4abc-89a5-6b0a77375993(uuid4763)
сент. 19, 2025 6:42:49 PM webapp.storage.AbstractStorage save
INFO: &amp#27;[32mSave a56ea719-9180-4da0-bbce-7910923d013e(uuid4764)
сент. 19, 2025 6:42:49 PM webapp.storage.AbstractStorage save
INFO: &amp#27;[32mSave 51a7ad59-0f58-4cec-9c07-8d6aa9e8e504(uuid4765)
сент. 19, 2025 6:42:49 PM webapp.storage.AbstractStorage save
INFO: &amp#27;[32mSave 99335dd7-9093-4924-8805-08a5bd23a9fd(uuid4766)
сент. 19, 2025 6:42:49 PM webapp.storage.AbstractStorage save
INFO: &amp#27;[32mSave 844af938-8fd1-4ba0-a69e-55494ab580d9(uuid4767)
сент. 19, 2025 6:42:49 PM webapp.storage.AbstractStorage save
INFO: &amp#27;[32mSave 10ff20ef-ea7f-4cd1-a8c1-186f8e0d82f7(uuid4768)
сент. 19, 2025 6:42:49 PM webapp.storage.AbstractStorage save
INFO: &amp#27;[32mSave e98f717e-675c-43e3-aa27-6a977e4d869b(uuid4769)
сент. 19, 2025 6:42:49 PM webapp.storage.AbstractStorage save
INFO: &amp#27;[32mSave b3da78b7-5ebe-47c9-9a0c-f3bd3c909d8f(uuid4770)
сент. 19, 2025 6:42:49 PM webapp.storage.AbstractStorage save
INFO: &amp#27;[32mSave 810e91c7-ae52-4dd2-b086-b46e4b4ad175(uuid4771)
сент. 19, 2025 6:42:49 PM webapp.storage.AbstractStorage save
INFO: &amp#27;[32mSave 3da9349d-044f-47aa-8261-300717664579(uuid4772)
сент. 19, 2025 6:42:49 PM webapp.storage.AbstractStorage save
INFO: &amp#27;[32mSave 2d207dba-ec4a-445b-bfba-a75bb16e2cbc(uuid4773)
сент. 19, 2025 6:42:49 PM webapp.storage.AbstractStorage save
INFO: &amp#27;[32mSave 01239067-b9d1-415e-9528-4615b0778f37(uuid4774)
сент. 19, 2025 6:42:49 PM webapp.storage.AbstractStorage save
INFO: &amp#27;[32mSave 88d66f60-3b34-420b-9cb9-592643a81930(uuid4775)
сент. 19, 2025 6:42:49 PM webapp.storage.AbstractStorage save
INFO: &amp#27;[32mSave 110e2990-40ed-4c98-bd56-82d269b212a1(uuid4776)
сент. 19, 2025 6:42:49 PM webapp.storage.AbstractStorage save
INFO: &amp#27;[32mSave 99eff624-101a-4c5e-9d5a-2248957ed27f(uuid4777)
сент. 19, 2025 6:42:49 PM webapp.storage.AbstractStorage save
INFO: &amp#27;[32mSave 16701c8c-d44d-4be6-b42d-3f979c7a7e88(uuid4778)
сент. 19, 2025 6:42:49 PM webapp.storage.AbstractStorage save
INFO: &amp#27;[32mSave 6bef52eb-774d-46f8-9a90-15c7dd963361(uuid4779)
сент. 19, 2025 6:42:49 PM webapp.storage.AbstractStorage save
INFO: &amp#27;[32mSave 9a776e3d-8487-4642-8bfa-6c844814c6a4(uuid4780)
сент. 19, 2025 6:42:49 PM webapp.storage.AbstractStorage save
INFO: &amp#27;[32mSave eb70d2f2-28af-4056-8695-7be36a0f311c(uuid4781)
сент. 19, 2025 6:42:49 PM webapp.storage.AbstractStorage save
INFO: &amp#27;[32mSave 1a0fa228-f8d8-43aa-b847-c74a88e4cf7b(uuid4782)
сент. 19, 2025 6:42:49 PM webapp.storage.AbstractStorage save
INFO: &amp#27;[32mSave c7286b5f-41b1-414f-bdac-4a1a8f87b7f4(uuid4783)
сент. 19, 2025 6:42:49 PM webapp.storage.AbstractStorage save
INFO: &amp#27;[32mSave 494313d7-c9b2-45ed-9b44-0d7cddf63bf4(uuid4784)
сент. 19, 2025 6:42:49 PM webapp.storage.AbstractStorage save
INFO: &amp#27;[32mSave dddb4be1-1e2d-4290-baa2-cd05b2649825(uuid4785)
сент. 19, 2025 6:42:49 PM webapp.storage.AbstractStorage save
INFO: &amp#27;[32mSave 655565ce-17b0-449f-b4b3-ce10427ac1d1(uuid4786)
сент. 19, 2025 6:42:49 PM webapp.storage.AbstractStorage save
INFO: &amp#27;[32mSave cbd6699f-1100-440d-986a-003f304dfb00(uuid4787)
сент. 19, 2025 6:42:49 PM webapp.storage.AbstractStorage save
INFO: &amp#27;[32mSave d4252269-bf10-4e4a-8998-e8d5a4eb4f68(uuid4788)
сент. 19, 2025 6:42:49 PM webapp.storage.AbstractStorage save
INFO: &amp#27;[32mSave 0df0c811-e7aa-4da6-8a7e-6d0890c4dde4(uuid4789)
сент. 19, 2025 6:42:49 PM webapp.storage.AbstractStorage save
INFO: &amp#27;[32mSave 2f367dcb-7bb5-4c49-9752-4c817be6bec9(uuid4790)
сент. 19, 2025 6:42:49 PM webapp.storage.AbstractStorage save
INFO: &amp#27;[32mSave a74b6342-92d3-44aa-aeee-7ff5deb3e4fa(uuid4791)
сент. 19, 2025 6:42:49 PM webapp.storage.AbstractStorage save
INFO: &amp#27;[32mSave 74cfb515-e553-46af-b917-4c846e5e414f(uuid4792)
сент. 19, 2025 6:42:49 PM webapp.storage.AbstractStorage save
INFO: &amp#27;[32mSave 1405c125-e706-4528-8169-db955b3a7739(uuid4793)
сент. 19, 2025 6:42:49 PM webapp.storage.AbstractStorage save
INFO: &amp#27;[32mSave 6e318b65-8308-41bc-9afa-f98946902a7a(uuid4794)
сент. 19, 2025 6:42:49 PM webapp.storage.AbstractStorage save
INFO: &amp#27;[32mSave d0e8f664-616a-42fa-bbb5-1a7e4d9bdc94(uuid4795)
сент. 19, 2025 6:42:49 PM webapp.storage.AbstractStorage save
INFO: &amp#27;[32mSave 49deca01-ba23-41fc-9064-31bba564f078(uuid4796)
сент. 19, 2025 6:42:49 PM webapp.storage.AbstractStorage save
INFO: &amp#27;[32mSave 6c24b1b6-6397-4c96-8e32-67bb2d9121c8(uuid4797)
сент. 19, 2025 6:42:49 PM webapp.storage.AbstractStorage save
INFO: &amp#27;[32mSave bfac20ce-99bb-41a0-bb85-97f4cf4c10d6(uuid4798)
сент. 19, 2025 6:42:49 PM webapp.storage.AbstractStorage save
INFO: &amp#27;[32mSave 39de5b82-11c7-4a67-b802-287ca77fead8(uuid4799)
сент. 19, 2025 6:42:49 PM webapp.storage.AbstractStorage save
INFO: &amp#27;[32mSave 7c80a71f-c4bf-4856-9e39-761751734446(uuid4800)
сент. 19, 2025 6:42:49 PM webapp.storage.AbstractStorage save
INFO: &amp#27;[32mSave 19f1d819-08af-407c-90a8-b229a11d0418(uuid4801)
сент. 19, 2025 6:42:49 PM webapp.storage.AbstractStorage save
INFO: &amp#27;[32mSave 3cb38372-2357-47a4-abf6-29bfd76b108d(uuid4802)
сент. 19, 2025 6:42:49 PM webapp.storage.AbstractStorage save
INFO: &amp#27;[32mSave 829b5202-91fb-443b-a311-41efb3d44465(uuid4803)
сент. 19, 2025 6:42:49 PM webapp.storage.AbstractStorage save
INFO: &amp#27;[32mSave 17be5731-0c75-4151-a89f-92c0d930534f(uuid4804)
сент. 19, 2025 6:42:49 PM webapp.storage.AbstractStorage save
INFO: &amp#27;[32mSave 438e3f5d-7215-4a25-b02d-68a045fb13a3(uuid4805)
сент. 19, 2025 6:42:49 PM webapp.storage.AbstractStorage save
INFO: &amp#27;[32mSave fca8d264-e148-4953-8068-334398a88087(uuid4806)
сент. 19, 2025 6:42:49 PM webapp.storage.AbstractStorage save
INFO: &amp#27;[32mSave 41489867-124a-463f-8c79-8f9e3a607e5f(uuid4807)
сент. 19, 2025 6:42:49 PM webapp.storage.AbstractStorage save
INFO: &amp#27;[32mSave 67eba58f-2f71-4eeb-ab72-6fb79f32cd32(uuid4808)
сент. 19, 2025 6:42:49 PM webapp.storage.AbstractStorage save
INFO: &amp#27;[32mSave 26eeae7c-1554-4611-9cfb-75564a72a4d1(uuid4809)
сент. 19, 2025 6:42:49 PM webapp.storage.AbstractStorage save
INFO: &amp#27;[32mSave 1f3689eb-3e59-42ae-b6c0-3734b5cc2201(uuid4810)
сент. 19, 2025 6:42:49 PM webapp.storage.AbstractStorage save
INFO: &amp#27;[32mSave b55d9f4b-d836-4fe9-9125-36b573e284fd(uuid4811)
сент. 19, 2025 6:42:49 PM webapp.storage.AbstractStorage save
INFO: &amp#27;[32mSave 0c828e90-f19a-4387-baeb-9009899a76b3(uuid4812)
сент. 19, 2025 6:42:49 PM webapp.storage.AbstractStorage save
INFO: &amp#27;[32mSave faaf4eb9-9619-4edf-88ef-282e61cae029(uuid4813)
сент. 19, 2025 6:42:49 PM webapp.storage.AbstractStorage save
INFO: &amp#27;[32mSave 39e5a5c1-c525-4980-bb8a-3a06ca49474b(uuid4814)
сент. 19, 2025 6:42:49 PM webapp.storage.AbstractStorage save
INFO: &amp#27;[32mSave 07197b16-1ac3-4cbe-a785-4d970bbfc40f(uuid4815)
сент. 19, 2025 6:42:49 PM webapp.storage.AbstractStorage save
INFO: &amp#27;[32mSave 1f95c215-66c0-4ad1-a529-3549959e483f(uuid4816)
сент. 19, 2025 6:42:49 PM webapp.storage.AbstractStorage save
INFO: &amp#27;[32mSave b0ffa3d5-74fb-4332-a596-ce01a70be468(uuid4817)
сент. 19, 2025 6:42:49 PM webapp.storage.AbstractStorage save
INFO: &amp#27;[32mSave 90faf378-5687-479e-be9e-8739c508d3d1(uuid4818)
сент. 19, 2025 6:42:49 PM webapp.storage.AbstractStorage save
INFO: &amp#27;[32mSave 3e4e5b40-303b-4590-a3d7-d4fc2058fd47(uuid4819)
сент. 19, 2025 6:42:49 PM webapp.storage.AbstractStorage save
INFO: &amp#27;[32mSave 47e7e014-55bc-42db-9019-1fa80b255c76(uuid4820)
сент. 19, 2025 6:42:49 PM webapp.storage.AbstractStorage save
INFO: &amp#27;[32mSave f953ccc5-8e09-4c1d-ac60-89ebf9b0986a(uuid4821)
сент. 19, 2025 6:42:49 PM webapp.storage.AbstractStorage save
INFO: &amp#27;[32mSave d18d6523-a2fb-476e-a176-91eec11fc292(uuid4822)
сент. 19, 2025 6:42:49 PM webapp.storage.AbstractStorage save
INFO: &amp#27;[32mSave cf34c537-77d6-4fff-b663-e3a3d2bd9d49(uuid4823)
сент. 19, 2025 6:42:49 PM webapp.storage.AbstractStorage save
INFO: &amp#27;[32mSave 484c197c-5cac-409c-94e9-d562540d8870(uuid4824)
сент. 19, 2025 6:42:49 PM webapp.storage.AbstractStorage save
INFO: &amp#27;[32mSave 8973f9a4-ccb9-4e2b-bd96-3a073f812ad2(uuid4825)
сент. 19, 2025 6:42:49 PM webapp.storage.AbstractStorage save
INFO: &amp#27;[32mSave 89f3f295-6bbb-4134-b10b-e2cd8ef2f044(uuid4826)
сент. 19, 2025 6:42:49 PM webapp.storage.AbstractStorage save
INFO: &amp#27;[32mSave fb0dae6f-c6f2-43d3-b851-2ffb36c0c64c(uuid4827)
сент. 19, 2025 6:42:49 PM webapp.storage.AbstractStorage save
INFO: &amp#27;[32mSave 1cf0d058-50e3-4431-888c-466feafadf1d(uuid4828)
сент. 19, 2025 6:42:49 PM webapp.storage.AbstractStorage save
INFO: &amp#27;[32mSave c96e352a-49be-47da-9a19-80940aa3a735(uuid4829)
сент. 19, 2025 6:42:49 PM webapp.storage.AbstractStorage save
INFO: &amp#27;[32mSave f2ea0a27-1e75-45fd-92fd-a77805a6b6ac(uuid4830)
сент. 19, 2025 6:42:49 PM webapp.storage.AbstractStorage save
INFO: &amp#27;[32mSave 69ac97ec-d917-4c15-8634-059951dece0a(uuid4831)
сент. 19, 2025 6:42:49 PM webapp.storage.AbstractStorage save
INFO: &amp#27;[32mSave bd992a97-9880-4114-a240-396619272752(uuid4832)
сент. 19, 2025 6:42:49 PM webapp.storage.AbstractStorage save
INFO: &amp#27;[32mSave 13095d05-a923-42ac-b3c5-9ab3aecb2220(uuid4833)
сент. 19, 2025 6:42:49 PM webapp.storage.AbstractStorage save
INFO: &amp#27;[32mSave a4cde9c6-b16d-4248-92cf-00f20e0b3135(uuid4834)
сент. 19, 2025 6:42:49 PM webapp.storage.AbstractStorage save
INFO: &amp#27;[32mSave c1017d8a-c61e-4427-b74e-a6e72a64a575(uuid4835)
сент. 19, 2025 6:42:49 PM webapp.storage.AbstractStorage save
INFO: &amp#27;[32mSave 892c2bb4-0fd2-4214-b6c0-58ee4041b302(uuid4836)
сент. 19, 2025 6:42:49 PM webapp.storage.AbstractStorage save
INFO: &amp#27;[32mSave c66e6dc9-28db-4d2d-9341-531422ace921(uuid4837)
сент. 19, 2025 6:42:49 PM webapp.storage.AbstractStorage save
INFO: &amp#27;[32mSave 053d1a32-4c6b-4768-b747-484f5b5f1d01(uuid4838)
сент. 19, 2025 6:42:49 PM webapp.storage.AbstractStorage save
INFO: &amp#27;[32mSave 4619c9d4-b54e-46c9-bb8b-6a91c955b75b(uuid4839)
сент. 19, 2025 6:42:49 PM webapp.storage.AbstractStorage save
INFO: &amp#27;[32mSave 50ff09c8-8b4a-42b9-af4f-94bfa1366699(uuid4840)
сент. 19, 2025 6:42:49 PM webapp.storage.AbstractStorage save
INFO: &amp#27;[32mSave c11790d4-4272-4520-aa2b-1dd055d6d89d(uuid4841)
сент. 19, 2025 6:42:49 PM webapp.storage.AbstractStorage save
INFO: &amp#27;[32mSave fe7eebad-e28b-43a0-af82-81305bb9cfa2(uuid4842)
сент. 19, 2025 6:42:49 PM webapp.storage.AbstractStorage save
INFO: &amp#27;[32mSave b0ce96ad-9b30-4ca0-85ff-b3089efb6d8f(uuid4843)
сент. 19, 2025 6:42:49 PM webapp.storage.AbstractStorage save
INFO: &amp#27;[32mSave ea982645-5ae0-4385-97d1-2ce4621c9d8b(uuid4844)
сент. 19, 2025 6:42:49 PM webapp.storage.AbstractStorage save
INFO: &amp#27;[32mSave 0fa40c02-a76c-496f-a449-03cc0e6a398d(uuid4845)
сент. 19, 2025 6:42:49 PM webapp.storage.AbstractStorage save
INFO: &amp#27;[32mSave 8bdb0f54-67a3-4ba4-be75-c45fc069a201(uuid4846)
сент. 19, 2025 6:42:49 PM webapp.storage.AbstractStorage save
INFO: &amp#27;[32mSave f5c5055d-3438-4d92-bce3-5667c4476495(uuid4847)
сент. 19, 2025 6:42:49 PM webapp.storage.AbstractStorage save
INFO: &amp#27;[32mSave dec561f5-bdb7-41a9-9469-cc6c63598fb6(uuid4848)
сент. 19, 2025 6:42:49 PM webapp.storage.AbstractStorage save
INFO: &amp#27;[32mSave 57df6632-2f6e-4853-82ff-03c5e5f330ae(uuid4849)
сент. 19, 2025 6:42:49 PM webapp.storage.AbstractStorage save
INFO: &amp#27;[32mSave 8b26a9c4-5158-4ac1-bd8f-e59b2d240c79(uuid4850)
сент. 19, 2025 6:42:49 PM webapp.storage.AbstractStorage save
INFO: &amp#27;[32mSave f04f85d7-0681-4916-b023-4a8bb0860349(uuid4851)
сент. 19, 2025 6:42:49 PM webapp.storage.AbstractStorage save
INFO: &amp#27;[32mSave 90a5e481-147c-4468-983b-c212f4563c86(uuid4852)
сент. 19, 2025 6:42:49 PM webapp.storage.AbstractStorage save
INFO: &amp#27;[32mSave 5eff85b3-43fa-4562-9d14-bcbb5b5b5765(uuid4853)
сент. 19, 2025 6:42:49 PM webapp.storage.AbstractStorage save
INFO: &amp#27;[32mSave 6a7bd774-35a9-4bd5-b0d1-5c37f3355d28(uuid4854)
сент. 19, 2025 6:42:49 PM webapp.storage.AbstractStorage save
INFO: &amp#27;[32mSave afcff56c-3bdb-49b1-bf57-31bd8f3eec57(uuid4855)
сент. 19, 2025 6:42:49 PM webapp.storage.AbstractStorage save
INFO: &amp#27;[32mSave b9c05447-e0da-4a9c-8252-c48a89f3b783(uuid4856)
сент. 19, 2025 6:42:49 PM webapp.storage.AbstractStorage save
INFO: &amp#27;[32mSave 8aae6628-4e60-4fda-b42a-530c2da7f4d0(uuid4857)
сент. 19, 2025 6:42:49 PM webapp.storage.AbstractStorage save
INFO: &amp#27;[32mSave 33cd7d8a-cf54-458e-874e-f81716c9198b(uuid4858)
сент. 19, 2025 6:42:49 PM webapp.storage.AbstractStorage save
INFO: &amp#27;[32mSave 429e969c-070a-4975-856e-c47c8b29e9d8(uuid4859)
сент. 19, 2025 6:42:49 PM webapp.storage.AbstractStorage save
INFO: &amp#27;[32mSave 7ecd199b-ee4f-4e21-89cd-6272e90b0ac2(uuid4860)
сент. 19, 2025 6:42:49 PM webapp.storage.AbstractStorage save
INFO: &amp#27;[32mSave 4c50e19f-b933-499a-9299-dfa1a1cb4e3b(uuid4861)
сент. 19, 2025 6:42:49 PM webapp.storage.AbstractStorage save
INFO: &amp#27;[32mSave d2615a5d-6266-4e16-88d9-407b7a815f6e(uuid4862)
сент. 19, 2025 6:42:49 PM webapp.storage.AbstractStorage save
INFO: &amp#27;[32mSave 48c667ec-535e-4d2a-aec8-56086f74c038(uuid4863)
сент. 19, 2025 6:42:49 PM webapp.storage.AbstractStorage save
INFO: &amp#27;[32mSave ba4b0292-ff91-4502-a71a-7366a8aa8653(uuid4864)
сент. 19, 2025 6:42:49 PM webapp.storage.AbstractStorage save
INFO: &amp#27;[32mSave b1844458-ec79-408d-8c4d-cd2cb2485a34(uuid4865)
сент. 19, 2025 6:42:49 PM webapp.storage.AbstractStorage save
INFO: &amp#27;[32mSave 75d9232e-b1eb-422b-b061-2353dabec0e2(uuid4866)
сент. 19, 2025 6:42:49 PM webapp.storage.AbstractStorage save
INFO: &amp#27;[32mSave ebe470c1-13c5-4e40-b8cb-0a9dd19e6a80(uuid4867)
сент. 19, 2025 6:42:49 PM webapp.storage.AbstractStorage save
INFO: &amp#27;[32mSave 930a5afb-cbef-423e-8584-2ff42bd04a61(uuid4868)
сент. 19, 2025 6:42:49 PM webapp.storage.AbstractStorage save
INFO: &amp#27;[32mSave 3dc8fdb4-a998-4c0b-9ea4-91fb70e4ac2d(uuid4869)
сент. 19, 2025 6:42:49 PM webapp.storage.AbstractStorage save
INFO: &amp#27;[32mSave 864a208f-b881-41cd-85f9-45136a5aa57e(uuid4870)
сент. 19, 2025 6:42:49 PM webapp.storage.AbstractStorage save
INFO: &amp#27;[32mSave 38813884-d182-409e-a084-e3c44054f4be(uuid4871)
сент. 19, 2025 6:42:49 PM webapp.storage.AbstractStorage save
INFO: &amp#27;[32mSave 2c1fc4f9-9274-48b7-b962-d673ec3b4922(uuid4872)
сент. 19, 2025 6:42:49 PM webapp.storage.AbstractStorage save
INFO: &amp#27;[32mSave aaea5abe-be15-43f3-a039-1aa3cbff9531(uuid4873)
сент. 19, 2025 6:42:49 PM webapp.storage.AbstractStorage save
INFO: &amp#27;[32mSave 7532593b-ee8f-49dd-ae4c-f53ea4928c02(uuid4874)
сент. 19, 2025 6:42:49 PM webapp.storage.AbstractStorage save
INFO: &amp#27;[32mSave 5a009ca7-0a39-4c19-b318-8074cea87d9b(uuid4875)
сент. 19, 2025 6:42:49 PM webapp.storage.AbstractStorage save
INFO: &amp#27;[32mSave d1a1ac23-2ce0-4de8-8b1d-7a39b112e463(uuid4876)
сент. 19, 2025 6:42:49 PM webapp.storage.AbstractStorage save
INFO: &amp#27;[32mSave ca47483c-dba5-4a58-85ac-af1f2a0a7c7a(uuid4877)
сент. 19, 2025 6:42:49 PM webapp.storage.AbstractStorage save
INFO: &amp#27;[32mSave d6d332d1-fc09-4901-8054-f72029bd7e2e(uuid4878)
сент. 19, 2025 6:42:49 PM webapp.storage.AbstractStorage save
INFO: &amp#27;[32mSave 37d9ca66-ce52-4714-b0cb-28bb24c790ab(uuid4879)
сент. 19, 2025 6:42:49 PM webapp.storage.AbstractStorage save
INFO: &amp#27;[32mSave b04e206e-b628-4e9b-a1bf-1fcf62162ef7(uuid4880)
сент. 19, 2025 6:42:49 PM webapp.storage.AbstractStorage save
INFO: &amp#27;[32mSave cf123beb-7359-4ff7-9d27-b646b8085746(uuid4881)
сент. 19, 2025 6:42:49 PM webapp.storage.AbstractStorage save
INFO: &amp#27;[32mSave ed220b84-444e-400f-bfeb-635eae47aea6(uuid4882)
сент. 19, 2025 6:42:49 PM webapp.storage.AbstractStorage save
INFO: &amp#27;[32mSave ec957c30-6bb5-4b6d-8303-cee53abd30a6(uuid4883)
сент. 19, 2025 6:42:49 PM webapp.storage.AbstractStorage save
INFO: &amp#27;[32mSave fa8b81f3-5040-41d7-8a6f-585d46b64d5e(uuid4884)
сент. 19, 2025 6:42:49 PM webapp.storage.AbstractStorage save
INFO: &amp#27;[32mSave e9576969-5ba1-4379-ba9e-ea01b4fd62b7(uuid4885)
сент. 19, 2025 6:42:49 PM webapp.storage.AbstractStorage save
INFO: &amp#27;[32mSave 205ae4b0-f6ca-45e1-9522-807e57dfe222(uuid4886)
сент. 19, 2025 6:42:49 PM webapp.storage.AbstractStorage save
INFO: &amp#27;[32mSave 23c313fa-d5b6-4abc-88d8-ca82d8c862ff(uuid4887)
сент. 19, 2025 6:42:49 PM webapp.storage.AbstractStorage save
INFO: &amp#27;[32mSave c63dba86-6d9e-440b-9fa4-ceb6948891b6(uuid4888)
сент. 19, 2025 6:42:49 PM webapp.storage.AbstractStorage save
INFO: &amp#27;[32mSave f30d1946-0d8d-4dbc-be69-553a3787b1ca(uuid4889)
сент. 19, 2025 6:42:49 PM webapp.storage.AbstractStorage save
INFO: &amp#27;[32mSave fb0826d9-63dc-4dbe-a17b-3e93e00ba9ba(uuid4890)
сент. 19, 2025 6:42:49 PM webapp.storage.AbstractStorage save
INFO: &amp#27;[32mSave 41ef8172-a54f-41d1-903a-b1feb066ef4e(uuid4891)
сент. 19, 2025 6:42:49 PM webapp.storage.AbstractStorage save
INFO: &amp#27;[32mSave 7b9dd5a4-0b58-47a1-8838-7e8a67ef5396(uuid4892)
сент. 19, 2025 6:42:49 PM webapp.storage.AbstractStorage save
INFO: &amp#27;[32mSave 65f55555-8e31-410b-be3a-c3ca61dc6261(uuid4893)
сент. 19, 2025 6:42:49 PM webapp.storage.AbstractStorage save
INFO: &amp#27;[32mSave 720af401-b30c-4d83-8edf-d1d5558ed7d3(uuid4894)
сент. 19, 2025 6:42:49 PM webapp.storage.AbstractStorage save
INFO: &amp#27;[32mSave 24d9c30d-60f8-40bb-a912-95f20fb8c5e1(uuid4895)
сент. 19, 2025 6:42:49 PM webapp.storage.AbstractStorage save
INFO: &amp#27;[32mSave 90316761-52ab-42c1-83d5-d99445b99256(uuid4896)
сент. 19, 2025 6:42:49 PM webapp.storage.AbstractStorage save
INFO: &amp#27;[32mSave 4fcfd2e5-b35a-4b02-9eba-0ee7199f0808(uuid4897)
сент. 19, 2025 6:42:49 PM webapp.storage.AbstractStorage save
INFO: &amp#27;[32mSave 14e55f52-9314-4f65-a9fd-8ecfa37d1528(uuid4898)
сент. 19, 2025 6:42:49 PM webapp.storage.AbstractStorage save
INFO: &amp#27;[32mSave a5eadf48-ece7-4eb9-90d3-81107614496b(uuid4899)
сент. 19, 2025 6:42:49 PM webapp.storage.AbstractStorage save
INFO: &amp#27;[32mSave 9707ab90-3adb-42f7-9fad-6078fb585f71(uuid4900)
сент. 19, 2025 6:42:49 PM webapp.storage.AbstractStorage save
INFO: &amp#27;[32mSave 2c95558a-4ff1-4eaf-bdfa-e03abf5716dc(uuid4901)
сент. 19, 2025 6:42:49 PM webapp.storage.AbstractStorage save
INFO: &amp#27;[32mSave 369f9290-142d-44c0-818a-6de4b2fcfc0a(uuid4902)
сент. 19, 2025 6:42:49 PM webapp.storage.AbstractStorage save
INFO: &amp#27;[32mSave bdf2ac94-c19a-4228-a8f5-18950f639c04(uuid4903)
сент. 19, 2025 6:42:49 PM webapp.storage.AbstractStorage save
INFO: &amp#27;[32mSave 088175ce-bb01-4906-8ac7-260657a30f74(uuid4904)
сент. 19, 2025 6:42:49 PM webapp.storage.AbstractStorage save
INFO: &amp#27;[32mSave fb6147a2-cd30-42c0-b66a-211b9d5a6884(uuid4905)
сент. 19, 2025 6:42:49 PM webapp.storage.AbstractStorage save
INFO: &amp#27;[32mSave 38e30e89-af4f-453e-8a46-c91a8a713d25(uuid4906)
сент. 19, 2025 6:42:49 PM webapp.storage.AbstractStorage save
INFO: &amp#27;[32mSave 8589fdf4-92ff-4e79-aa19-a50a16580034(uuid4907)
сент. 19, 2025 6:42:49 PM webapp.storage.AbstractStorage save
INFO: &amp#27;[32mSave 2cc4c538-14e7-4b0b-b188-24f94de80942(uuid4908)
сент. 19, 2025 6:42:49 PM webapp.storage.AbstractStorage save
INFO: &amp#27;[32mSave 907113d9-3476-4c77-acca-27a44a511a2e(uuid4909)
сент. 19, 2025 6:42:49 PM webapp.storage.AbstractStorage save
INFO: &amp#27;[32mSave f73d9aad-22c1-4393-b45a-d4aac53c44d4(uuid4910)
сент. 19, 2025 6:42:49 PM webapp.storage.AbstractStorage save
INFO: &amp#27;[32mSave 752023cf-8183-4ccd-9982-ebb418d9c467(uuid4911)
сент. 19, 2025 6:42:49 PM webapp.storage.AbstractStorage save
INFO: &amp#27;[32mSave adf41d3c-857e-4ecd-8ca8-afbf13fb5f7d(uuid4912)
сент. 19, 2025 6:42:49 PM webapp.storage.AbstractStorage save
INFO: &amp#27;[32mSave 7396937d-0f25-4f27-a019-8c787b89f49d(uuid4913)
сент. 19, 2025 6:42:49 PM webapp.storage.AbstractStorage save
INFO: &amp#27;[32mSave babe80e0-b962-46db-ac0b-d8787a5c9260(uuid4914)
сент. 19, 2025 6:42:49 PM webapp.storage.AbstractStorage save
INFO: &amp#27;[32mSave d5e30c84-37f0-4c2d-993f-3949ca70f127(uuid4915)
сент. 19, 2025 6:42:49 PM webapp.storage.AbstractStorage save
INFO: &amp#27;[32mSave 750200fa-5ced-410d-a803-ab10726a8162(uuid4916)
сент. 19, 2025 6:42:49 PM webapp.storage.AbstractStorage save
INFO: &amp#27;[32mSave 5315942e-6159-49f2-99be-2660032a7fcf(uuid4917)
сент. 19, 2025 6:42:49 PM webapp.storage.AbstractStorage save
INFO: &amp#27;[32mSave 9e55dd03-6721-4a35-8588-d7c2983e3466(uuid4918)
сент. 19, 2025 6:42:49 PM webapp.storage.AbstractStorage save
INFO: &amp#27;[32mSave 3f3c9a59-131d-4950-bf36-c2e6747739b3(uuid4919)
сент. 19, 2025 6:42:49 PM webapp.storage.AbstractStorage save
INFO: &amp#27;[32mSave dd1cc521-7e84-4bfe-9027-16c4908aae48(uuid4920)
сент. 19, 2025 6:42:49 PM webapp.storage.AbstractStorage save
INFO: &amp#27;[32mSave 8460c2d6-d384-4700-8cf1-9aba1928d299(uuid4921)
сент. 19, 2025 6:42:49 PM webapp.storage.AbstractStorage save
INFO: &amp#27;[32mSave c7ff23fb-ceb5-4dce-b8f5-ac82d04da2ca(uuid4922)
сент. 19, 2025 6:42:49 PM webapp.storage.AbstractStorage save
INFO: &amp#27;[32mSave 0adc807e-dc4d-48bf-a6c8-152a83ba0306(uuid4923)
сент. 19, 2025 6:42:49 PM webapp.storage.AbstractStorage save
INFO: &amp#27;[32mSave c1e80f4a-2123-4566-94e3-98b08553c239(uuid4924)
сент. 19, 2025 6:42:49 PM webapp.storage.AbstractStorage save
INFO: &amp#27;[32mSave 3337bed7-e781-476b-b378-d2cbb53d3747(uuid4925)
сент. 19, 2025 6:42:49 PM webapp.storage.AbstractStorage save
INFO: &amp#27;[32mSave d3fc9ad9-5cf2-450f-9618-62ff7bbd9153(uuid4926)
сент. 19, 2025 6:42:49 PM webapp.storage.AbstractStorage save
INFO: &amp#27;[32mSave 8649ab70-afbc-42fb-912c-f6384b144154(uuid4927)
сент. 19, 2025 6:42:49 PM webapp.storage.AbstractStorage save
INFO: &amp#27;[32mSave 54c82080-2838-46ad-ad26-dd1cc84e6055(uuid4928)
сент. 19, 2025 6:42:49 PM webapp.storage.AbstractStorage save
INFO: &amp#27;[32mSave 5b28f763-bcbe-457a-b97e-f23d94d1a5cf(uuid4929)
сент. 19, 2025 6:42:49 PM webapp.storage.AbstractStorage save
INFO: &amp#27;[32mSave 6eefde8f-0e99-4578-8ee1-fdb2df315860(uuid4930)
сент. 19, 2025 6:42:49 PM webapp.storage.AbstractStorage save
INFO: &amp#27;[32mSave 86f9c8ae-ad9d-4513-9742-3bd68f055c25(uuid4931)
сент. 19, 2025 6:42:49 PM webapp.storage.AbstractStorage save
INFO: &amp#27;[32mSave 24042c4d-26b2-40ad-9384-5e0fb9e4b9fb(uuid4932)
сент. 19, 2025 6:42:49 PM webapp.storage.AbstractStorage save
INFO: &amp#27;[32mSave 39fa3653-a569-4476-ad3b-5334e876456c(uuid4933)
сент. 19, 2025 6:42:49 PM webapp.storage.AbstractStorage save
INFO: &amp#27;[32mSave 196ada4b-5733-4b62-b2d0-9bac6bdc0938(uuid4934)
сент. 19, 2025 6:42:49 PM webapp.storage.AbstractStorage save
INFO: &amp#27;[32mSave 76444cd4-f207-4a44-babd-9d587447af0c(uuid4935)
сент. 19, 2025 6:42:49 PM webapp.storage.AbstractStorage save
INFO: &amp#27;[32mSave f6e5697f-d1ac-4077-8683-d4c20804b5fd(uuid4936)
сент. 19, 2025 6:42:49 PM webapp.storage.AbstractStorage save
INFO: &amp#27;[32mSave d49d4347-1ffb-4308-a666-a7dd28220367(uuid4937)
сент. 19, 2025 6:42:49 PM webapp.storage.AbstractStorage save
INFO: &amp#27;[32mSave 465ac729-b586-4099-8978-30fd0d0ad37d(uuid4938)
сент. 19, 2025 6:42:49 PM webapp.storage.AbstractStorage save
INFO: &amp#27;[32mSave e6a8bc3c-0ec7-4177-bd01-8d5b5bdf926f(uuid4939)
сент. 19, 2025 6:42:49 PM webapp.storage.AbstractStorage save
INFO: &amp#27;[32mSave c146c812-12d8-4275-8354-f87513e212af(uuid4940)
сент. 19, 2025 6:42:49 PM webapp.storage.AbstractStorage save
INFO: &amp#27;[32mSave 28851bf7-7048-41cb-bfef-43ebae0a88e4(uuid4941)
сент. 19, 2025 6:42:49 PM webapp.storage.AbstractStorage save
INFO: &amp#27;[32mSave 4c460398-c472-44b8-bb4b-62d58b9d393b(uuid4942)
сент. 19, 2025 6:42:49 PM webapp.storage.AbstractStorage save
INFO: &amp#27;[32mSave f876d172-1cb6-4ca4-a760-b62801b5ba1b(uuid4943)
сент. 19, 2025 6:42:49 PM webapp.storage.AbstractStorage save
INFO: &amp#27;[32mSave f7933cd4-1ad0-463d-ac4e-18b7c9f6c59c(uuid4944)
сент. 19, 2025 6:42:49 PM webapp.storage.AbstractStorage save
INFO: &amp#27;[32mSave de2022a5-1678-4689-a4ae-938b68305daa(uuid4945)
сент. 19, 2025 6:42:49 PM webapp.storage.AbstractStorage save
INFO: &amp#27;[32mSave 0ddb2798-bdab-487e-aad2-7b869e017885(uuid4946)
сент. 19, 2025 6:42:49 PM webapp.storage.AbstractStorage save
INFO: &amp#27;[32mSave 9deba01c-a3e0-4bf8-b557-e83445d2e610(uuid4947)
сент. 19, 2025 6:42:49 PM webapp.storage.AbstractStorage save
INFO: &amp#27;[32mSave 4e473cb8-c01f-4ee1-a619-2527df324088(uuid4948)
сент. 19, 2025 6:42:49 PM webapp.storage.AbstractStorage save
INFO: &amp#27;[32mSave aecaa1dd-7cf2-4990-bbd1-9517213946b3(uuid4949)
сент. 19, 2025 6:42:49 PM webapp.storage.AbstractStorage save
INFO: &amp#27;[32mSave a0a213d3-0c11-4096-9951-3b63ebd0d0c8(uuid4950)
сент. 19, 2025 6:42:49 PM webapp.storage.AbstractStorage save
INFO: &amp#27;[32mSave 08b5bb9b-2959-4525-9727-719dca77ca44(uuid4951)
сент. 19, 2025 6:42:49 PM webapp.storage.AbstractStorage save
INFO: &amp#27;[32mSave f99fbf8c-321c-4f66-af55-a8db606a7e9f(uuid4952)
сент. 19, 2025 6:42:49 PM webapp.storage.AbstractStorage save
INFO: &amp#27;[32mSave 8dc0b6c9-c6f7-4d49-925d-56de93d5cf5c(uuid4953)
сент. 19, 2025 6:42:49 PM webapp.storage.AbstractStorage save
INFO: &amp#27;[32mSave 36657e01-de97-42fb-941d-02e43134f906(uuid4954)
сент. 19, 2025 6:42:49 PM webapp.storage.AbstractStorage save
INFO: &amp#27;[32mSave 2afff652-f466-4733-bcb4-b33a03170d15(uuid4955)
сент. 19, 2025 6:42:49 PM webapp.storage.AbstractStorage save
INFO: &amp#27;[32mSave a17b5240-f65a-4db0-86b1-635ac423d8c3(uuid4956)
сент. 19, 2025 6:42:49 PM webapp.storage.AbstractStorage save
INFO: &amp#27;[32mSave 32317d0d-01cb-4427-88c1-2d1d7d08d73a(uuid4957)
сент. 19, 2025 6:42:49 PM webapp.storage.AbstractStorage save
INFO: &amp#27;[32mSave fb349d46-f303-41f5-9654-80cb57b839f0(uuid4958)
сент. 19, 2025 6:42:49 PM webapp.storage.AbstractStorage save
INFO: &amp#27;[32mSave 3af0e9ad-af45-4e1b-826d-bcd4326accbb(uuid4959)
сент. 19, 2025 6:42:49 PM webapp.storage.AbstractStorage save
INFO: &amp#27;[32mSave 151a492a-2491-481c-9424-65cbacb3ead4(uuid4960)
сент. 19, 2025 6:42:49 PM webapp.storage.AbstractStorage save
INFO: &amp#27;[32mSave a4d8776e-6c68-4312-8d02-6cddf16a9474(uuid4961)
сент. 19, 2025 6:42:49 PM webapp.storage.AbstractStorage save
INFO: &amp#27;[32mSave 1553f0bb-303f-4a11-b9fa-a4c7ae59ec04(uuid4962)
сент. 19, 2025 6:42:49 PM webapp.storage.AbstractStorage save
INFO: &amp#27;[32mSave e1611ccc-2e61-470d-b9b3-c32dfc462c0d(uuid4963)
сент. 19, 2025 6:42:49 PM webapp.storage.AbstractStorage save
INFO: &amp#27;[32mSave 90face09-0a08-4bb1-a7ed-2d3a0c18df51(uuid4964)
сент. 19, 2025 6:42:49 PM webapp.storage.AbstractStorage save
INFO: &amp#27;[32mSave a91bbeac-9287-479f-8b90-fb476894b861(uuid4965)
сент. 19, 2025 6:42:49 PM webapp.storage.AbstractStorage save
INFO: &amp#27;[32mSave 0625e557-abbd-447d-add8-215fa9d69e6b(uuid4966)
сент. 19, 2025 6:42:49 PM webapp.storage.AbstractStorage save
INFO: &amp#27;[32mSave 17b26ca7-350a-4690-be25-cbe36540ec3e(uuid4967)
сент. 19, 2025 6:42:49 PM webapp.storage.AbstractStorage save
INFO: &amp#27;[32mSave 1c0c7411-1547-415e-add5-3d6b6f7ff6db(uuid4968)
сент. 19, 2025 6:42:49 PM webapp.storage.AbstractStorage save
INFO: &amp#27;[32mSave a4eb8e88-1cbc-4a17-8841-c2b4df2ab08f(uuid4969)
сент. 19, 2025 6:42:49 PM webapp.storage.AbstractStorage save
INFO: &amp#27;[32mSave d8f03bf4-f7ab-4ba3-b8db-e30009e6085e(uuid4970)
сент. 19, 2025 6:42:49 PM webapp.storage.AbstractStorage save
INFO: &amp#27;[32mSave dbda852b-7937-468b-a0b1-d147c7fa65ae(uuid4971)
сент. 19, 2025 6:42:49 PM webapp.storage.AbstractStorage save
INFO: &amp#27;[32mSave 8fc6c7e9-d351-4018-8420-42e557812b7e(uuid4972)
сент. 19, 2025 6:42:49 PM webapp.storage.AbstractStorage save
INFO: &amp#27;[32mSave 8b7de016-5e0c-40a8-ab4b-45090f4d0c40(uuid4973)
сент. 19, 2025 6:42:49 PM webapp.storage.AbstractStorage save
INFO: &amp#27;[32mSave 18116085-52f5-4687-9751-922a96be4e66(uuid4974)
сент. 19, 2025 6:42:49 PM webapp.storage.AbstractStorage save
INFO: &amp#27;[32mSave c68d13df-1d51-45af-98eb-64512b16d038(uuid4975)
сент. 19, 2025 6:42:49 PM webapp.storage.AbstractStorage save
INFO: &amp#27;[32mSave 0d2d782e-d203-4692-abaa-aecaffb70cc0(uuid4976)
сент. 19, 2025 6:42:49 PM webapp.storage.AbstractStorage save
INFO: &amp#27;[32mSave 9b5a1fad-9f72-494c-b6db-9353559216ea(uuid4977)
сент. 19, 2025 6:42:49 PM webapp.storage.AbstractStorage save
INFO: &amp#27;[32mSave 901ccc43-4696-41e6-b4b6-13b7f2d92912(uuid4978)
сент. 19, 2025 6:42:49 PM webapp.storage.AbstractStorage save
INFO: &amp#27;[32mSave d1b38e78-abe4-4e2f-8ce5-70fc97df2b37(uuid4979)
сент. 19, 2025 6:42:49 PM webapp.storage.AbstractStorage save
INFO: &amp#27;[32mSave d13c4275-e3e4-4088-ae4e-273bf157dc8d(uuid4980)
сент. 19, 2025 6:42:49 PM webapp.storage.AbstractStorage save
INFO: &amp#27;[32mSave 341b3407-ffb7-41d1-a4eb-12d48b322f26(uuid4981)
сент. 19, 2025 6:42:49 PM webapp.storage.AbstractStorage save
INFO: &amp#27;[32mSave ee223bd7-6bb6-444e-89a9-1664badcee69(uuid4982)
сент. 19, 2025 6:42:49 PM webapp.storage.AbstractStorage save
INFO: &amp#27;[32mSave ef907956-7aaa-4157-b8d8-d24b1abc6b75(uuid4983)
сент. 19, 2025 6:42:49 PM webapp.storage.AbstractStorage save
INFO: &amp#27;[32mSave 9da7df96-0dbe-448e-a05f-1eaad5228f28(uuid4984)
сент. 19, 2025 6:42:49 PM webapp.storage.AbstractStorage save
INFO: &amp#27;[32mSave dfffa718-d918-42fa-854b-96757fca96b2(uuid4985)
сент. 19, 2025 6:42:49 PM webapp.storage.AbstractStorage save
INFO: &amp#27;[32mSave 1bc51166-e54c-456d-ae7e-ea07ebb1591e(uuid4986)
сент. 19, 2025 6:42:49 PM webapp.storage.AbstractStorage save
INFO: &amp#27;[32mSave 6d990b52-d673-4626-b52e-40c10037eb46(uuid4987)
сент. 19, 2025 6:42:49 PM webapp.storage.AbstractStorage save
INFO: &amp#27;[32mSave 1740c552-18c8-490c-baa8-868cf79a23d1(uuid4988)
сент. 19, 2025 6:42:49 PM webapp.storage.AbstractStorage save
INFO: &amp#27;[32mSave e62012d9-80c6-46f1-9fe4-f1a6c4bb1a08(uuid4989)
сент. 19, 2025 6:42:49 PM webapp.storage.AbstractStorage save
INFO: &amp#27;[32mSave 9e04b9a8-a3df-44b2-a0aa-fcb48fb1a5a5(uuid4990)
сент. 19, 2025 6:42:49 PM webapp.storage.AbstractStorage save
INFO: &amp#27;[32mSave eb409710-d010-4eb3-b862-6c03172ee089(uuid4991)
сент. 19, 2025 6:42:49 PM webapp.storage.AbstractStorage save
INFO: &amp#27;[32mSave 597e0a76-d592-4e9e-9b5f-220281b3ec4b(uuid4992)
сент. 19, 2025 6:42:49 PM webapp.storage.AbstractStorage save
INFO: &amp#27;[32mSave ea49669e-2392-4bdd-ac0c-e7f865f3d561(uuid4993)
сент. 19, 2025 6:42:49 PM webapp.storage.AbstractStorage save
INFO: &amp#27;[32mSave eee8923a-44c8-4441-a0e4-cc6888b48dcb(uuid4994)
сент. 19, 2025 6:42:49 PM webapp.storage.AbstractStorage save
INFO: &amp#27;[32mSave 0821ae31-adf9-4c1b-8fc8-6ec3e32ab489(uuid4995)
сент. 19, 2025 6:42:49 PM webapp.storage.AbstractStorage save
INFO: &amp#27;[32mSave 71d75777-3b73-4c16-b2c0-5bacc2cd8078(uuid4996)
сент. 19, 2025 6:42:49 PM webapp.storage.AbstractStorage save
INFO: &amp#27;[32mSave 1c1d2338-e8a1-4cdb-bfa8-f56625922213(uuid4997)
сент. 19, 2025 6:42:49 PM webapp.storage.AbstractStorage save
INFO: &amp#27;[32mSave 7cc3170f-8af1-4a57-8f37-badd6b4929e2(uuid4998)
сент. 19, 2025 6:42:49 PM webapp.storage.AbstractStorage save
INFO: &amp#27;[32mSave ac0b27b3-54c7-46d4-befe-91663e0c186a(uuid4999)
сент. 19, 2025 6:42:49 PM webapp.storage.AbstractStorage save
INFO: &amp#27;[32mSave fe65629c-8ff8-40bc-a5d1-929b011944fa(uuid5000)
сент. 19, 2025 6:42:49 PM webapp.storage.AbstractStorage save
INFO: &amp#27;[32mSave ad02d121-9b98-4c9d-af71-7f7f470883b6(uuid5001)
сент. 19, 2025 6:42:49 PM webapp.storage.AbstractStorage save
INFO: &amp#27;[32mSave 23abdbe7-f535-4163-a686-15546827845f(uuid5002)
сент. 19, 2025 6:42:49 PM webapp.storage.AbstractStorage save
INFO: &amp#27;[32mSave 753e9288-00c9-4a19-ae00-bef7cdafda2f(uuid5003)
сент. 19, 2025 6:42:49 PM webapp.storage.AbstractStorage save
INFO: &amp#27;[32mSave 5d743f16-17ce-43e0-9fc5-e66a8f0121ab(uuid5004)
сент. 19, 2025 6:42:49 PM webapp.storage.AbstractStorage save
INFO: &amp#27;[32mSave 7b040cfd-0164-4006-9655-cc08f4fb250c(uuid5005)
сент. 19, 2025 6:42:49 PM webapp.storage.AbstractStorage save
INFO: &amp#27;[32mSave b82f29d4-12ce-416f-b7eb-7b70a8915d90(uuid5006)
сент. 19, 2025 6:42:49 PM webapp.storage.AbstractStorage save
INFO: &amp#27;[32mSave a6a4f448-40b8-4ee7-a99f-078464ce59c0(uuid5007)
сент. 19, 2025 6:42:49 PM webapp.storage.AbstractStorage save
INFO: &amp#27;[32mSave e12c5a62-2c96-47a1-85ae-c07b77464693(uuid5008)
сент. 19, 2025 6:42:49 PM webapp.storage.AbstractStorage save
INFO: &amp#27;[32mSave 64a8cb98-934e-4337-8824-953760a23079(uuid5009)
сент. 19, 2025 6:42:49 PM webapp.storage.AbstractStorage save
INFO: &amp#27;[32mSave 1bab6ad1-0a84-4db9-8974-41c025e0e649(uuid5010)
сент. 19, 2025 6:42:49 PM webapp.storage.AbstractStorage save
INFO: &amp#27;[32mSave bfc4e301-a768-45c0-b919-e67f295c5c73(uuid5011)
сент. 19, 2025 6:42:49 PM webapp.storage.AbstractStorage save
INFO: &amp#27;[32mSave 76ac85e2-8743-46d8-8fba-4c3214db727e(uuid5012)
сент. 19, 2025 6:42:49 PM webapp.storage.AbstractStorage save
INFO: &amp#27;[32mSave 4e637d11-c583-4b4a-b455-3bd2ce4e367c(uuid5013)
сент. 19, 2025 6:42:49 PM webapp.storage.AbstractStorage save
INFO: &amp#27;[32mSave 70f54120-9ddd-425a-823a-0288fb67b904(uuid5014)
сент. 19, 2025 6:42:49 PM webapp.storage.AbstractStorage save
INFO: &amp#27;[32mSave 2ea35f02-66f4-428f-9e54-2de770ca24b5(uuid5015)
сент. 19, 2025 6:42:49 PM webapp.storage.AbstractStorage save
INFO: &amp#27;[32mSave a49244ec-0d30-4772-a04a-1062d5a03c07(uuid5016)
сент. 19, 2025 6:42:49 PM webapp.storage.AbstractStorage save
INFO: &amp#27;[32mSave 4f23ac50-8a9a-4f8a-a4e2-8a4e701fe4c9(uuid5017)
сент. 19, 2025 6:42:49 PM webapp.storage.AbstractStorage save
INFO: &amp#27;[32mSave 71cf597f-b248-4044-bfa9-8a7e6092f26c(uuid5018)
сент. 19, 2025 6:42:49 PM webapp.storage.AbstractStorage save
INFO: &amp#27;[32mSave 7bf4a968-6dfc-4a05-b959-01ef55d9c555(uuid5019)
сент. 19, 2025 6:42:49 PM webapp.storage.AbstractStorage save
INFO: &amp#27;[32mSave 80e21322-14d5-41ab-9f9b-0ed4eb3de2f0(uuid5020)
сент. 19, 2025 6:42:49 PM webapp.storage.AbstractStorage save
INFO: &amp#27;[32mSave 7ec11d01-12b0-41b7-b2c6-fedd074338ed(uuid5021)
сент. 19, 2025 6:42:49 PM webapp.storage.AbstractStorage save
INFO: &amp#27;[32mSave f3bd3e4c-a570-4019-9f2b-b3574f22a9a8(uuid5022)
сент. 19, 2025 6:42:49 PM webapp.storage.AbstractStorage save
INFO: &amp#27;[32mSave 1eaf4409-0270-48da-bc4b-0a733a681da7(uuid5023)
сент. 19, 2025 6:42:49 PM webapp.storage.AbstractStorage save
INFO: &amp#27;[32mSave 6697f5e8-ccfe-498a-b24d-0ab616795946(uuid5024)
сент. 19, 2025 6:42:49 PM webapp.storage.AbstractStorage save
INFO: &amp#27;[32mSave 19340d82-2cbe-4f1d-94ac-b3a0c338caa9(uuid5025)
сент. 19, 2025 6:42:49 PM webapp.storage.AbstractStorage save
INFO: &amp#27;[32mSave 7707bdef-fbb0-4269-800e-a7c15bc64c41(uuid5026)
сент. 19, 2025 6:42:49 PM webapp.storage.AbstractStorage save
INFO: &amp#27;[32mSave a970bd92-8de2-403c-ab66-22a10734bd0e(uuid5027)
сент. 19, 2025 6:42:49 PM webapp.storage.AbstractStorage save
INFO: &amp#27;[32mSave dc55a776-0818-4a2b-8182-ec6c1375785f(uuid5028)
сент. 19, 2025 6:42:49 PM webapp.storage.AbstractStorage save
INFO: &amp#27;[32mSave 3f01a9fc-9b2f-4ba3-aedc-d7aaeebd8c0a(uuid5029)
сент. 19, 2025 6:42:49 PM webapp.storage.AbstractStorage save
INFO: &amp#27;[32mSave d913bcd1-30c6-47b2-8ce5-0fe1d07fe4f2(uuid5030)
сент. 19, 2025 6:42:49 PM webapp.storage.AbstractStorage save
INFO: &amp#27;[32mSave 8a516128-15a7-4e18-a783-3f9577511d95(uuid5031)
сент. 19, 2025 6:42:49 PM webapp.storage.AbstractStorage save
INFO: &amp#27;[32mSave 23976079-9e1a-485e-8bbd-353fff32de5a(uuid5032)
сент. 19, 2025 6:42:49 PM webapp.storage.AbstractStorage save
INFO: &amp#27;[32mSave 86b2f3b9-6dfc-4a41-bf7e-cac9d9e0be40(uuid5033)
сент. 19, 2025 6:42:49 PM webapp.storage.AbstractStorage save
INFO: &amp#27;[32mSave 795134de-cf06-4cab-86fc-b34cb629f1de(uuid5034)
сент. 19, 2025 6:42:49 PM webapp.storage.AbstractStorage save
INFO: &amp#27;[32mSave 366cc0a7-89e0-4267-9d29-9de7b04426f4(uuid5035)
сент. 19, 2025 6:42:49 PM webapp.storage.AbstractStorage save
INFO: &amp#27;[32mSave 3e240ee0-8344-414d-8563-8416033c48c8(uuid5036)
сент. 19, 2025 6:42:49 PM webapp.storage.AbstractStorage save
INFO: &amp#27;[32mSave 123dfbfe-159f-4b7f-96de-d85260c430ef(uuid5037)
сент. 19, 2025 6:42:49 PM webapp.storage.AbstractStorage save
INFO: &amp#27;[32mSave 661905f7-86ba-4d70-859b-63abddc21d17(uuid5038)
сент. 19, 2025 6:42:49 PM webapp.storage.AbstractStorage save
INFO: &amp#27;[32mSave 72ecbda8-45b3-4669-99d2-7bb454d00e0a(uuid5039)
сент. 19, 2025 6:42:49 PM webapp.storage.AbstractStorage save
INFO: &amp#27;[32mSave 9e2a697e-2b76-4f5b-96ab-04c4121e510b(uuid5040)
сент. 19, 2025 6:42:49 PM webapp.storage.AbstractStorage save
INFO: &amp#27;[32mSave a9ce4f7b-38a7-4547-a961-4fc47c43311e(uuid5041)
сент. 19, 2025 6:42:49 PM webapp.storage.AbstractStorage save
INFO: &amp#27;[32mSave 1cc99009-0cc3-4136-bad2-fb7db9cea0c1(uuid5042)
сент. 19, 2025 6:42:49 PM webapp.storage.AbstractStorage save
INFO: &amp#27;[32mSave 429b284d-7738-4b12-ac22-682a6e59c197(uuid5043)
сент. 19, 2025 6:42:49 PM webapp.storage.AbstractStorage save
INFO: &amp#27;[32mSave 4cb825a5-e39d-4f47-9f83-bfffaf59720c(uuid5044)
сент. 19, 2025 6:42:49 PM webapp.storage.AbstractStorage save
INFO: &amp#27;[32mSave e210062f-c2ce-4ce7-9642-ab59989c070b(uuid5045)
сент. 19, 2025 6:42:49 PM webapp.storage.AbstractStorage save
INFO: &amp#27;[32mSave 65518d25-d59e-4d56-ae5e-adea53ab158e(uuid5046)
сент. 19, 2025 6:42:49 PM webapp.storage.AbstractStorage save
INFO: &amp#27;[32mSave 1905e226-fd63-4ee6-b6ce-d13062384d76(uuid5047)
сент. 19, 2025 6:42:49 PM webapp.storage.AbstractStorage save
INFO: &amp#27;[32mSave 599030a0-9564-4d91-808b-4ec6d6346929(uuid5048)
сент. 19, 2025 6:42:49 PM webapp.storage.AbstractStorage save
INFO: &amp#27;[32mSave f11b5a16-a9e6-44fb-a5cf-624c56551e8f(uuid5049)
сент. 19, 2025 6:42:49 PM webapp.storage.AbstractStorage save
INFO: &amp#27;[32mSave 7578b62d-8fc4-4685-b112-01365d7e4b50(uuid5050)
сент. 19, 2025 6:42:49 PM webapp.storage.AbstractStorage save
INFO: &amp#27;[32mSave b83ca7ea-fdc4-4ff1-a1e0-f100db813b43(uuid5051)
сент. 19, 2025 6:42:49 PM webapp.storage.AbstractStorage save
INFO: &amp#27;[32mSave 176d106a-d98d-4fc2-960e-7f924170f882(uuid5052)
сент. 19, 2025 6:42:49 PM webapp.storage.AbstractStorage save
INFO: &amp#27;[32mSave a53da2d4-34fc-4b93-88d8-ff9879ed8959(uuid5053)
сент. 19, 2025 6:42:49 PM webapp.storage.AbstractStorage save
INFO: &amp#27;[32mSave ae09cc2c-1b2d-4d8b-808d-64a7553764aa(uuid5054)
сент. 19, 2025 6:42:49 PM webapp.storage.AbstractStorage save
INFO: &amp#27;[32mSave 57b18c44-f33b-460c-8723-3fa4e36622f2(uuid5055)
сент. 19, 2025 6:42:49 PM webapp.storage.AbstractStorage save
INFO: &amp#27;[32mSave e97e08ef-af96-4220-90d0-3a4f0fe0c1ca(uuid5056)
сент. 19, 2025 6:42:49 PM webapp.storage.AbstractStorage save
INFO: &amp#27;[32mSave 191b61d4-6748-48fc-b1d0-7a7d4e8ff4a4(uuid5057)
сент. 19, 2025 6:42:49 PM webapp.storage.AbstractStorage save
INFO: &amp#27;[32mSave fde8b8e4-39cd-41b0-9ae9-bd19918f5920(uuid5058)
сент. 19, 2025 6:42:49 PM webapp.storage.AbstractStorage save
INFO: &amp#27;[32mSave c7233cf2-310b-4d7a-9856-314b51f9813c(uuid5059)
сент. 19, 2025 6:42:49 PM webapp.storage.AbstractStorage save
INFO: &amp#27;[32mSave 24ec5c64-8a44-4d19-9360-7dc8977e3069(uuid5060)
сент. 19, 2025 6:42:49 PM webapp.storage.AbstractStorage save
INFO: &amp#27;[32mSave 30cd2290-1dc0-4fb4-83ed-047c10d88445(uuid5061)
сент. 19, 2025 6:42:49 PM webapp.storage.AbstractStorage save
INFO: &amp#27;[32mSave daafc392-1723-4503-86de-7826fe4c7903(uuid5062)
сент. 19, 2025 6:42:49 PM webapp.storage.AbstractStorage save
INFO: &amp#27;[32mSave 3fd119d9-e1e7-4fe2-bfb9-2a5a70219d8b(uuid5063)
сент. 19, 2025 6:42:49 PM webapp.storage.AbstractStorage save
INFO: &amp#27;[32mSave 3696d571-e9b4-4dfd-bdf7-512a4da7f5b9(uuid5064)
сент. 19, 2025 6:42:49 PM webapp.storage.AbstractStorage save
INFO: &amp#27;[32mSave e63304fe-93c2-4069-af82-ee358d060e9e(uuid5065)
сент. 19, 2025 6:42:49 PM webapp.storage.AbstractStorage save
INFO: &amp#27;[32mSave 843bae15-1b3e-4a30-8720-7fbd7efe5991(uuid5066)
сент. 19, 2025 6:42:49 PM webapp.storage.AbstractStorage save
INFO: &amp#27;[32mSave 1575a901-3abd-42f0-9ca1-01da4fca4137(uuid5067)
сент. 19, 2025 6:42:49 PM webapp.storage.AbstractStorage save
INFO: &amp#27;[32mSave 956c265f-9e1c-43d6-a065-7b7c3fa3e632(uuid5068)
сент. 19, 2025 6:42:49 PM webapp.storage.AbstractStorage save
INFO: &amp#27;[32mSave b5a8947d-ecfc-47a9-87db-8705d5867575(uuid5069)
сент. 19, 2025 6:42:49 PM webapp.storage.AbstractStorage save
INFO: &amp#27;[32mSave 8b9bcc97-36e7-4c80-9fe9-30f8d033271c(uuid5070)
сент. 19, 2025 6:42:49 PM webapp.storage.AbstractStorage save
INFO: &amp#27;[32mSave d6199b7d-a840-4b6e-9a0b-9efb0c00ea0d(uuid5071)
сент. 19, 2025 6:42:49 PM webapp.storage.AbstractStorage save
INFO: &amp#27;[32mSave 6a5dce7f-0587-43e7-b412-8feeb2c9b115(uuid5072)
сент. 19, 2025 6:42:49 PM webapp.storage.AbstractStorage save
INFO: &amp#27;[32mSave e60e0cbb-fc8a-44f8-bfb1-bcb833d2811f(uuid5073)
сент. 19, 2025 6:42:49 PM webapp.storage.AbstractStorage save
INFO: &amp#27;[32mSave 3beedbce-2f03-4cec-a98a-00284bc74f98(uuid5074)
сент. 19, 2025 6:42:49 PM webapp.storage.AbstractStorage save
INFO: &amp#27;[32mSave acb0e63e-0867-495a-950c-8132b9818b05(uuid5075)
сент. 19, 2025 6:42:49 PM webapp.storage.AbstractStorage save
INFO: &amp#27;[32mSave 722369ae-810a-47c0-b3c5-3ceaed9bc42c(uuid5076)
сент. 19, 2025 6:42:49 PM webapp.storage.AbstractStorage save
INFO: &amp#27;[32mSave 04effb46-7737-4507-ba20-82319cafaf6d(uuid5077)
сент. 19, 2025 6:42:49 PM webapp.storage.AbstractStorage save
INFO: &amp#27;[32mSave 888be6b3-dcf7-4955-af20-db4d040143f3(uuid5078)
сент. 19, 2025 6:42:49 PM webapp.storage.AbstractStorage save
INFO: &amp#27;[32mSave 0ef3e9ce-8126-4878-9db0-89e405390058(uuid5079)
сент. 19, 2025 6:42:49 PM webapp.storage.AbstractStorage save
INFO: &amp#27;[32mSave 11899c7e-1742-4ac1-b9be-e79da7fbcd04(uuid5080)
сент. 19, 2025 6:42:49 PM webapp.storage.AbstractStorage save
INFO: &amp#27;[32mSave 57766d00-f8d2-4482-ba8e-8b078ae3d191(uuid5081)
сент. 19, 2025 6:42:49 PM webapp.storage.AbstractStorage save
INFO: &amp#27;[32mSave 9aed9559-a018-410b-9499-e5b8d35e5a5e(uuid5082)
сент. 19, 2025 6:42:49 PM webapp.storage.AbstractStorage save
INFO: &amp#27;[32mSave 6f6c51d0-2727-4611-9a67-0a9531352019(uuid5083)
сент. 19, 2025 6:42:49 PM webapp.storage.AbstractStorage save
INFO: &amp#27;[32mSave 0355e9fa-4234-4204-9feb-e80808b1e910(uuid5084)
сент. 19, 2025 6:42:49 PM webapp.storage.AbstractStorage save
INFO: &amp#27;[32mSave 2623dbb7-3bf1-44aa-b762-82439c5e491c(uuid5085)
сент. 19, 2025 6:42:49 PM webapp.storage.AbstractStorage save
INFO: &amp#27;[32mSave 6b1e398e-d650-4d53-a624-fa1e6512ef50(uuid5086)
сент. 19, 2025 6:42:49 PM webapp.storage.AbstractStorage save
INFO: &amp#27;[32mSave 8fc0c3c4-e06b-4c76-ab73-0048eb3b7acc(uuid5087)
сент. 19, 2025 6:42:49 PM webapp.storage.AbstractStorage save
INFO: &amp#27;[32mSave d9e52855-e00e-42ae-8fc9-98d9d2233e3e(uuid5088)
сент. 19, 2025 6:42:49 PM webapp.storage.AbstractStorage save
INFO: &amp#27;[32mSave c27773aa-fea2-48f0-90be-49754d27aa14(uuid5089)
сент. 19, 2025 6:42:49 PM webapp.storage.AbstractStorage save
INFO: &amp#27;[32mSave 066c0700-62d0-4621-b6ad-99c69c49687e(uuid5090)
сент. 19, 2025 6:42:49 PM webapp.storage.AbstractStorage save
INFO: &amp#27;[32mSave f27e9585-04b5-4de0-9574-f7f5e94133df(uuid5091)
сент. 19, 2025 6:42:49 PM webapp.storage.AbstractStorage save
INFO: &amp#27;[32mSave 0e566255-1b6e-4c3e-bb07-72eb6083d522(uuid5092)
сент. 19, 2025 6:42:49 PM webapp.storage.AbstractStorage save
INFO: &amp#27;[32mSave 6bdd0d94-876b-4610-8a0e-5da3b072a91d(uuid5093)
сент. 19, 2025 6:42:49 PM webapp.storage.AbstractStorage save
INFO: &amp#27;[32mSave 0fa890dc-c1b2-4745-bc31-ac34def472de(uuid5094)
сент. 19, 2025 6:42:49 PM webapp.storage.AbstractStorage save
INFO: &amp#27;[32mSave 0c0ea5b0-df08-4428-aedb-fa2da1256a73(uuid5095)
сент. 19, 2025 6:42:49 PM webapp.storage.AbstractStorage save
INFO: &amp#27;[32mSave 4b7998d2-9083-4876-b2ec-44492a869acc(uuid5096)
сент. 19, 2025 6:42:49 PM webapp.storage.AbstractStorage save
INFO: &amp#27;[32mSave 1de5b0c2-9dd5-4858-a98a-d63b6207adf9(uuid5097)
сент. 19, 2025 6:42:49 PM webapp.storage.AbstractStorage save
INFO: &amp#27;[32mSave cddd6f76-05cf-4d72-a119-d7cac318e2f5(uuid5098)
сент. 19, 2025 6:42:49 PM webapp.storage.AbstractStorage save
INFO: &amp#27;[32mSave cbd70fad-9662-4341-9c47-4922dac3a6bb(uuid5099)
сент. 19, 2025 6:42:49 PM webapp.storage.AbstractStorage save
INFO: &amp#27;[32mSave 6f917ebe-3d63-4692-84bd-0d03d2cb33d1(uuid5100)
сент. 19, 2025 6:42:49 PM webapp.storage.AbstractStorage save
INFO: &amp#27;[32mSave 80773dca-dc08-459d-a18b-cca48f86423f(uuid5101)
сент. 19, 2025 6:42:49 PM webapp.storage.AbstractStorage save
INFO: &amp#27;[32mSave ed3d20b5-6475-47b9-8e41-a00dd63708b9(uuid5102)
сент. 19, 2025 6:42:49 PM webapp.storage.AbstractStorage save
INFO: &amp#27;[32mSave 8fed65c8-e1e1-4478-8cd7-b5af848c034c(uuid5103)
сент. 19, 2025 6:42:49 PM webapp.storage.AbstractStorage save
INFO: &amp#27;[32mSave 0896f275-e6eb-4084-83bf-9fad5af17e85(uuid5104)
сент. 19, 2025 6:42:49 PM webapp.storage.AbstractStorage save
INFO: &amp#27;[32mSave e27dafcf-f246-48cf-805b-3a39b9a3e967(uuid5105)
сент. 19, 2025 6:42:49 PM webapp.storage.AbstractStorage save
INFO: &amp#27;[32mSave 27d052d1-dc77-4e17-a9b7-c7e367e4b598(uuid5106)
сент. 19, 2025 6:42:49 PM webapp.storage.AbstractStorage save
INFO: &amp#27;[32mSave dda6bd8b-69ad-41d1-8ea8-7fb66a400184(uuid5107)
сент. 19, 2025 6:42:49 PM webapp.storage.AbstractStorage save
INFO: &amp#27;[32mSave 325a22a6-9b04-481c-8628-de818d6091bc(uuid5108)
сент. 19, 2025 6:42:49 PM webapp.storage.AbstractStorage save
INFO: &amp#27;[32mSave 8ac50d3d-b848-4789-8b36-a18cdf6ff37a(uuid5109)
сент. 19, 2025 6:42:49 PM webapp.storage.AbstractStorage save
INFO: &amp#27;[32mSave d48415bc-2be7-438b-b07e-94b8e014b899(uuid5110)
сент. 19, 2025 6:42:49 PM webapp.storage.AbstractStorage save
INFO: &amp#27;[32mSave 133437d2-26de-4e7c-8bc6-50da6a1c31cf(uuid5111)
сент. 19, 2025 6:42:49 PM webapp.storage.AbstractStorage save
INFO: &amp#27;[32mSave 64257efe-2ec1-4d14-b869-6ac886c115fc(uuid5112)
сент. 19, 2025 6:42:49 PM webapp.storage.AbstractStorage save
INFO: &amp#27;[32mSave 49b622c8-d972-4fed-82db-60011fa34cc9(uuid5113)
сент. 19, 2025 6:42:49 PM webapp.storage.AbstractStorage save
INFO: &amp#27;[32mSave dd4d614d-30f0-490c-8af2-de6db2eddfb0(uuid5114)
сент. 19, 2025 6:42:49 PM webapp.storage.AbstractStorage save
INFO: &amp#27;[32mSave 7bababd1-66f0-43bf-90da-eae13823d33e(uuid5115)
сент. 19, 2025 6:42:49 PM webapp.storage.AbstractStorage save
INFO: &amp#27;[32mSave 5f2b1f86-828d-45da-b60d-a3cb3e939227(uuid5116)
сент. 19, 2025 6:42:49 PM webapp.storage.AbstractStorage save
INFO: &amp#27;[32mSave 28c39351-d50f-4a7d-8555-3c79a2f14404(uuid5117)
сент. 19, 2025 6:42:49 PM webapp.storage.AbstractStorage save
INFO: &amp#27;[32mSave 45dd1b7e-0d98-4202-afc2-0c74843b1dd7(uuid5118)
сент. 19, 2025 6:42:49 PM webapp.storage.AbstractStorage save
INFO: &amp#27;[32mSave da31e331-3697-4546-98ab-ee2a1ff062a7(uuid5119)
сент. 19, 2025 6:42:49 PM webapp.storage.AbstractStorage save
INFO: &amp#27;[32mSave ad9bf719-f419-426c-89c6-0e64efa5215f(uuid5120)
сент. 19, 2025 6:42:49 PM webapp.storage.AbstractStorage save
INFO: &amp#27;[32mSave 13103ede-bb86-4ae8-a9a2-d846b50d528f(uuid5121)
сент. 19, 2025 6:42:49 PM webapp.storage.AbstractStorage save
INFO: &amp#27;[32mSave ecdb3c97-a0f7-480d-9b6b-0aeb5132e64f(uuid5122)
сент. 19, 2025 6:42:49 PM webapp.storage.AbstractStorage save
INFO: &amp#27;[32mSave f5b1e011-71a9-4a9c-8ad8-0e04aa89e15b(uuid5123)
сент. 19, 2025 6:42:49 PM webapp.storage.AbstractStorage save
INFO: &amp#27;[32mSave b1c4a83a-b565-44ea-bf52-b433c6713ce6(uuid5124)
сент. 19, 2025 6:42:49 PM webapp.storage.AbstractStorage save
INFO: &amp#27;[32mSave 56034d12-cd1a-47b5-b082-f369075b4b33(uuid5125)
сент. 19, 2025 6:42:49 PM webapp.storage.AbstractStorage save
INFO: &amp#27;[32mSave eb868418-c075-491b-897f-c84580c61d7e(uuid5126)
сент. 19, 2025 6:42:49 PM webapp.storage.AbstractStorage save
INFO: &amp#27;[32mSave ac07bcc4-b528-406d-8edc-0e33cbb9046c(uuid5127)
сент. 19, 2025 6:42:49 PM webapp.storage.AbstractStorage save
INFO: &amp#27;[32mSave 140d1223-aae5-41c4-a44e-6f09808aee1a(uuid5128)
сент. 19, 2025 6:42:49 PM webapp.storage.AbstractStorage save
INFO: &amp#27;[32mSave af321f91-30ad-4548-a8e1-dd293377e0ca(uuid5129)
сент. 19, 2025 6:42:49 PM webapp.storage.AbstractStorage save
INFO: &amp#27;[32mSave e5c9ec07-a8f5-4b6b-8755-0d9cdc09803f(uuid5130)
сент. 19, 2025 6:42:49 PM webapp.storage.AbstractStorage save
INFO: &amp#27;[32mSave af423b8c-2b60-472c-a31c-043406d6f985(uuid5131)
сент. 19, 2025 6:42:49 PM webapp.storage.AbstractStorage save
INFO: &amp#27;[32mSave e66c49f1-001b-43a2-931a-8e71e2630d75(uuid5132)
сент. 19, 2025 6:42:49 PM webapp.storage.AbstractStorage save
INFO: &amp#27;[32mSave 4946e16e-ca06-43aa-ad81-ac9f3d2e791b(uuid5133)
сент. 19, 2025 6:42:49 PM webapp.storage.AbstractStorage save
INFO: &amp#27;[32mSave 85daf86d-028d-4a3c-a288-9e7f8b59d55e(uuid5134)
сент. 19, 2025 6:42:49 PM webapp.storage.AbstractStorage save
INFO: &amp#27;[32mSave 1af4823a-152e-437d-8b70-fe69590395fa(uuid5135)
сент. 19, 2025 6:42:49 PM webapp.storage.AbstractStorage save
INFO: &amp#27;[32mSave ab0a56f8-0dd5-4b5c-aeee-6d71e479b0ed(uuid5136)
сент. 19, 2025 6:42:49 PM webapp.storage.AbstractStorage save
INFO: &amp#27;[32mSave 7673e92d-d735-4a15-bfa4-2f0f230c670c(uuid5137)
сент. 19, 2025 6:42:49 PM webapp.storage.AbstractStorage save
INFO: &amp#27;[32mSave de1cfb56-01e5-4685-84ef-65fe8fc38a0d(uuid5138)
сент. 19, 2025 6:42:49 PM webapp.storage.AbstractStorage save
INFO: &amp#27;[32mSave df64c013-2294-4e3e-a27d-f8f69eda2eb8(uuid5139)
сент. 19, 2025 6:42:49 PM webapp.storage.AbstractStorage save
INFO: &amp#27;[32mSave 195024a7-e1cd-4972-ab74-e335baffaeb9(uuid5140)
сент. 19, 2025 6:42:49 PM webapp.storage.AbstractStorage save
INFO: &amp#27;[32mSave 389f98f0-7080-4039-9c5a-ca25ab006233(uuid5141)
сент. 19, 2025 6:42:49 PM webapp.storage.AbstractStorage save
INFO: &amp#27;[32mSave 9c4da02a-1d95-4cf3-a5d1-76925f98f950(uuid5142)
сент. 19, 2025 6:42:49 PM webapp.storage.AbstractStorage save
INFO: &amp#27;[32mSave a75d05ce-67a1-44b1-baba-3128870369eb(uuid5143)
сент. 19, 2025 6:42:49 PM webapp.storage.AbstractStorage save
INFO: &amp#27;[32mSave 6ece8c4f-f527-4bca-80c3-ecd80b5038e0(uuid5144)
сент. 19, 2025 6:42:49 PM webapp.storage.AbstractStorage save
INFO: &amp#27;[32mSave 794d91fe-661c-45e8-8a99-b0ccdbfdb7d4(uuid5145)
сент. 19, 2025 6:42:49 PM webapp.storage.AbstractStorage save
INFO: &amp#27;[32mSave 1c24b09c-88a5-469d-a824-80a26438836a(uuid5146)
сент. 19, 2025 6:42:49 PM webapp.storage.AbstractStorage save
INFO: &amp#27;[32mSave f9fc188f-4317-478b-b412-0b9e8746e768(uuid5147)
сент. 19, 2025 6:42:49 PM webapp.storage.AbstractStorage save
INFO: &amp#27;[32mSave df77b00d-f594-40c2-b0ff-a77a2e159049(uuid5148)
сент. 19, 2025 6:42:49 PM webapp.storage.AbstractStorage save
INFO: &amp#27;[32mSave 03a003a7-ca93-4cb1-8306-1cf28aed0976(uuid5149)
сент. 19, 2025 6:42:49 PM webapp.storage.AbstractStorage save
INFO: &amp#27;[32mSave d92bc40f-1925-4b05-8bae-c63c886a1ecd(uuid5150)
сент. 19, 2025 6:42:49 PM webapp.storage.AbstractStorage save
INFO: &amp#27;[32mSave 05ba2244-a60f-4c28-8413-d71723da9882(uuid5151)
сент. 19, 2025 6:42:49 PM webapp.storage.AbstractStorage save
INFO: &amp#27;[32mSave 1d6fed08-e5d3-4b56-8f1e-096c19931776(uuid5152)
сент. 19, 2025 6:42:49 PM webapp.storage.AbstractStorage save
INFO: &amp#27;[32mSave 7f29096b-a2df-4a80-8833-729fecc7d5b0(uuid5153)
сент. 19, 2025 6:42:49 PM webapp.storage.AbstractStorage save
INFO: &amp#27;[32mSave 0c8f5e01-4f67-415b-ab71-16f1419c415c(uuid5154)
сент. 19, 2025 6:42:49 PM webapp.storage.AbstractStorage save
INFO: &amp#27;[32mSave f1e94eb3-5e8d-4234-bc7d-717ddfa8b6b4(uuid5155)
сент. 19, 2025 6:42:49 PM webapp.storage.AbstractStorage save
INFO: &amp#27;[32mSave d420f7da-ff11-4c07-9841-1875c059ce21(uuid5156)
сент. 19, 2025 6:42:49 PM webapp.storage.AbstractStorage save
INFO: &amp#27;[32mSave 60b0d2cb-f832-43dc-82e6-999937b24763(uuid5157)
сент. 19, 2025 6:42:49 PM webapp.storage.AbstractStorage save
INFO: &amp#27;[32mSave 7ec36663-ff40-4f2c-a977-9a7f042e27fb(uuid5158)
сент. 19, 2025 6:42:49 PM webapp.storage.AbstractStorage save
INFO: &amp#27;[32mSave 392853ac-a04a-4881-9a24-8c8bbba12c75(uuid5159)
сент. 19, 2025 6:42:49 PM webapp.storage.AbstractStorage save
INFO: &amp#27;[32mSave 46536416-749a-43d6-812c-c764157e5889(uuid5160)
сент. 19, 2025 6:42:49 PM webapp.storage.AbstractStorage save
INFO: &amp#27;[32mSave 61ca9066-fb26-40f9-a4c2-4a6780e580b6(uuid5161)
сент. 19, 2025 6:42:49 PM webapp.storage.AbstractStorage save
INFO: &amp#27;[32mSave 1fe95c2f-7574-4cac-af0a-015834a9afe0(uuid5162)
сент. 19, 2025 6:42:49 PM webapp.storage.AbstractStorage save
INFO: &amp#27;[32mSave 1306fd92-b3cf-475b-b659-6399db385d77(uuid5163)
сент. 19, 2025 6:42:49 PM webapp.storage.AbstractStorage save
INFO: &amp#27;[32mSave 35fd635b-a127-4b88-b5ed-96180279dc51(uuid5164)
сент. 19, 2025 6:42:49 PM webapp.storage.AbstractStorage save
INFO: &amp#27;[32mSave 6e85da6c-341f-438b-98e6-54f8a5df1f75(uuid5165)
сент. 19, 2025 6:42:49 PM webapp.storage.AbstractStorage save
INFO: &amp#27;[32mSave 7d42d323-284a-4656-850a-9314868974a0(uuid5166)
сент. 19, 2025 6:42:49 PM webapp.storage.AbstractStorage save
INFO: &amp#27;[32mSave 17498b97-6837-410c-83e9-4456942bafb4(uuid5167)
сент. 19, 2025 6:42:49 PM webapp.storage.AbstractStorage save
INFO: &amp#27;[32mSave b4936f62-6953-4a4e-95ec-b8a22b833c7b(uuid5168)
сент. 19, 2025 6:42:49 PM webapp.storage.AbstractStorage save
INFO: &amp#27;[32mSave 275719fb-b6ce-4235-a7e2-542cf4597755(uuid5169)
сент. 19, 2025 6:42:49 PM webapp.storage.AbstractStorage save
INFO: &amp#27;[32mSave d9624685-fbc6-49df-a9a9-a6275a39fe66(uuid5170)
сент. 19, 2025 6:42:49 PM webapp.storage.AbstractStorage save
INFO: &amp#27;[32mSave 30bbf99e-ea06-44ea-8535-58f5e10c38b0(uuid5171)
сент. 19, 2025 6:42:49 PM webapp.storage.AbstractStorage save
INFO: &amp#27;[32mSave 9733a6b7-ad6a-42f4-a79e-f3fa0ac74e6b(uuid5172)
сент. 19, 2025 6:42:49 PM webapp.storage.AbstractStorage save
INFO: &amp#27;[32mSave 44e2f142-ff1d-443e-9856-74e8877dfaa8(uuid5173)
сент. 19, 2025 6:42:49 PM webapp.storage.AbstractStorage save
INFO: &amp#27;[32mSave 01b02c66-9858-4137-ba33-a9fb6ec6de6d(uuid5174)
сент. 19, 2025 6:42:49 PM webapp.storage.AbstractStorage save
INFO: &amp#27;[32mSave 5031d081-e887-47ab-8626-17e0ad36d182(uuid5175)
сент. 19, 2025 6:42:49 PM webapp.storage.AbstractStorage save
INFO: &amp#27;[32mSave 70fb5d80-8607-4922-97cf-532b3040b95b(uuid5176)
сент. 19, 2025 6:42:49 PM webapp.storage.AbstractStorage save
INFO: &amp#27;[32mSave a97dbc94-82e3-42d0-8dfa-1a6a7b3223bb(uuid5177)
сент. 19, 2025 6:42:49 PM webapp.storage.AbstractStorage save
INFO: &amp#27;[32mSave 47f1a144-d8ed-41f1-bd33-fa9e6ab497d2(uuid5178)
сент. 19, 2025 6:42:49 PM webapp.storage.AbstractStorage save
INFO: &amp#27;[32mSave e4c0ad80-5ee9-4cdd-a89b-b219790aecfc(uuid5179)
сент. 19, 2025 6:42:49 PM webapp.storage.AbstractStorage save
INFO: &amp#27;[32mSave ad734c35-e671-4ea4-8a44-94d6b216026c(uuid5180)
сент. 19, 2025 6:42:49 PM webapp.storage.AbstractStorage save
INFO: &amp#27;[32mSave 127705c8-742e-47e3-bdda-690d0ecfa173(uuid5181)
сент. 19, 2025 6:42:49 PM webapp.storage.AbstractStorage save
INFO: &amp#27;[32mSave 34c76b2f-ed6a-4d64-914b-7cb9a22c9597(uuid5182)
сент. 19, 2025 6:42:49 PM webapp.storage.AbstractStorage save
INFO: &amp#27;[32mSave 9eefe676-7624-4293-96b4-c4d00b9ac1c5(uuid5183)
сент. 19, 2025 6:42:49 PM webapp.storage.AbstractStorage save
INFO: &amp#27;[32mSave f1e477ba-d2b4-4324-ac64-58081f2ec229(uuid5184)
сент. 19, 2025 6:42:49 PM webapp.storage.AbstractStorage save
INFO: &amp#27;[32mSave 0720cc1a-2f8e-415d-a531-b338186aea22(uuid5185)
сент. 19, 2025 6:42:49 PM webapp.storage.AbstractStorage save
INFO: &amp#27;[32mSave 36f1f69a-286f-40f4-9bf2-4bd1d840c11d(uuid5186)
сент. 19, 2025 6:42:49 PM webapp.storage.AbstractStorage save
INFO: &amp#27;[32mSave 036bfb7a-6f59-41e3-8faf-6e5cba19562e(uuid5187)
сент. 19, 2025 6:42:49 PM webapp.storage.AbstractStorage save
INFO: &amp#27;[32mSave 98965aed-e22d-49fe-a5a2-05e0e93c44be(uuid5188)
сент. 19, 2025 6:42:49 PM webapp.storage.AbstractStorage save
INFO: &amp#27;[32mSave 49397e2c-1828-4952-bf3c-10316819ac87(uuid5189)
сент. 19, 2025 6:42:49 PM webapp.storage.AbstractStorage save
INFO: &amp#27;[32mSave b1e56a78-ae86-4a56-a7c9-daf6020b93eb(uuid5190)
сент. 19, 2025 6:42:49 PM webapp.storage.AbstractStorage save
INFO: &amp#27;[32mSave 71bd37e5-918e-4e31-b402-e09ea7144b2c(uuid5191)
сент. 19, 2025 6:42:49 PM webapp.storage.AbstractStorage save
INFO: &amp#27;[32mSave 30fb1382-b22f-46af-af8d-acc6ff220baa(uuid5192)
сент. 19, 2025 6:42:49 PM webapp.storage.AbstractStorage save
INFO: &amp#27;[32mSave 9bc08564-9f47-4f0b-ae0a-a9f43104c151(uuid5193)
сент. 19, 2025 6:42:49 PM webapp.storage.AbstractStorage save
INFO: &amp#27;[32mSave 55524158-305f-43d8-bfaf-3ef96d669cd1(uuid5194)
сент. 19, 2025 6:42:49 PM webapp.storage.AbstractStorage save
INFO: &amp#27;[32mSave f4827d51-702a-4136-ba4f-587f7e309b8d(uuid5195)
сент. 19, 2025 6:42:49 PM webapp.storage.AbstractStorage save
INFO: &amp#27;[32mSave 3aa7189a-13a1-4a4c-ad36-51a6111a3734(uuid5196)
сент. 19, 2025 6:42:49 PM webapp.storage.AbstractStorage save
INFO: &amp#27;[32mSave ece21ff4-df19-4bfa-a5fb-ac5190ba4c20(uuid5197)
сент. 19, 2025 6:42:49 PM webapp.storage.AbstractStorage save
INFO: &amp#27;[32mSave d47eed8f-ffa5-4602-900c-8f3bec72a655(uuid5198)
сент. 19, 2025 6:42:49 PM webapp.storage.AbstractStorage save
INFO: &amp#27;[32mSave 072098d7-8d45-4d88-b7d5-a5badb17d205(uuid5199)
сент. 19, 2025 6:42:49 PM webapp.storage.AbstractStorage save
INFO: &amp#27;[32mSave e492bc2e-6395-48bd-ab3f-02624b10ee7e(uuid5200)
сент. 19, 2025 6:42:49 PM webapp.storage.AbstractStorage save
INFO: &amp#27;[32mSave c1c9d1c3-433e-47ea-808a-4396351891c5(uuid5201)
сент. 19, 2025 6:42:49 PM webapp.storage.AbstractStorage save
INFO: &amp#27;[32mSave 259bc885-f4a7-47cc-a6a4-a4b598324ea2(uuid5202)
сент. 19, 2025 6:42:49 PM webapp.storage.AbstractStorage save
INFO: &amp#27;[32mSave 2bf4c06e-ae03-4431-84c2-baef53874b2c(uuid5203)
сент. 19, 2025 6:42:49 PM webapp.storage.AbstractStorage save
INFO: &amp#27;[32mSave 26aada1f-951e-42f6-a219-502f9da8e417(uuid5204)
сент. 19, 2025 6:42:49 PM webapp.storage.AbstractStorage save
INFO: &amp#27;[32mSave f0023871-75ab-4a41-b813-ee46a11c2e17(uuid5205)
сент. 19, 2025 6:42:49 PM webapp.storage.AbstractStorage save
INFO: &amp#27;[32mSave d3762267-addb-4030-bd56-03ff656f0051(uuid5206)
сент. 19, 2025 6:42:49 PM webapp.storage.AbstractStorage save
INFO: &amp#27;[32mSave 8749b38a-2235-426f-98fb-c21dbfabb52a(uuid5207)
сент. 19, 2025 6:42:49 PM webapp.storage.AbstractStorage save
INFO: &amp#27;[32mSave 96711922-1a31-4c65-bf3d-7de1acbe90fc(uuid5208)
сент. 19, 2025 6:42:49 PM webapp.storage.AbstractStorage save
INFO: &amp#27;[32mSave 0e71ad4f-4ec7-4b3d-b5f6-27acb5eacd77(uuid5209)
сент. 19, 2025 6:42:49 PM webapp.storage.AbstractStorage save
INFO: &amp#27;[32mSave 451a311c-b604-40c5-9d2f-1d6f2e7deed4(uuid5210)
сент. 19, 2025 6:42:49 PM webapp.storage.AbstractStorage save
INFO: &amp#27;[32mSave 1787ca1d-f9eb-4fe8-a30c-a6b2ec306e1c(uuid5211)
сент. 19, 2025 6:42:49 PM webapp.storage.AbstractStorage save
INFO: &amp#27;[32mSave aa11dbc3-b13b-430f-8016-6fda4d6e6e7b(uuid5212)
сент. 19, 2025 6:42:49 PM webapp.storage.AbstractStorage save
INFO: &amp#27;[32mSave 5d3a45cd-5ba8-4296-9f03-11d9f61f376f(uuid5213)
сент. 19, 2025 6:42:49 PM webapp.storage.AbstractStorage save
INFO: &amp#27;[32mSave 0e67b1e0-8a1e-49f8-b2e6-9e7d6d92c689(uuid5214)
сент. 19, 2025 6:42:49 PM webapp.storage.AbstractStorage save
INFO: &amp#27;[32mSave 609267d0-17da-4cb5-99fe-50f6e2c10ed8(uuid5215)
сент. 19, 2025 6:42:49 PM webapp.storage.AbstractStorage save
INFO: &amp#27;[32mSave d40a876c-f872-47e8-b7d3-32d041686287(uuid5216)
сент. 19, 2025 6:42:49 PM webapp.storage.AbstractStorage save
INFO: &amp#27;[32mSave 8fcf6e9f-3b66-49a4-b9bb-0de9ee366fb5(uuid5217)
сент. 19, 2025 6:42:49 PM webapp.storage.AbstractStorage save
INFO: &amp#27;[32mSave 4a1c2b1b-b722-43e0-8c8c-8f1f52069016(uuid5218)
сент. 19, 2025 6:42:49 PM webapp.storage.AbstractStorage save
INFO: &amp#27;[32mSave 4ecdb896-51e3-40c1-be42-3df1f8e68506(uuid5219)
сент. 19, 2025 6:42:49 PM webapp.storage.AbstractStorage save
INFO: &amp#27;[32mSave 41bda6f8-3084-4bd0-a6ea-3363db10b257(uuid5220)
сент. 19, 2025 6:42:49 PM webapp.storage.AbstractStorage save
INFO: &amp#27;[32mSave 1fe62f55-e252-4317-8a0c-0de795679f3d(uuid5221)
сент. 19, 2025 6:42:49 PM webapp.storage.AbstractStorage save
INFO: &amp#27;[32mSave 6ed9f562-60fc-46bb-883a-ecb6d795e6ff(uuid5222)
сент. 19, 2025 6:42:49 PM webapp.storage.AbstractStorage save
INFO: &amp#27;[32mSave 5ec2232c-e529-48e3-ae17-1936b460d193(uuid5223)
сент. 19, 2025 6:42:49 PM webapp.storage.AbstractStorage save
INFO: &amp#27;[32mSave 02415975-5dd1-455d-8fc8-f42ae1cb9ace(uuid5224)
сент. 19, 2025 6:42:49 PM webapp.storage.AbstractStorage save
INFO: &amp#27;[32mSave e2cb1a59-4f00-44b3-b8ff-265f39984a3b(uuid5225)
сент. 19, 2025 6:42:49 PM webapp.storage.AbstractStorage save
INFO: &amp#27;[32mSave fa0c4b0e-cd69-418a-8cb6-5ef486ba3034(uuid5226)
сент. 19, 2025 6:42:49 PM webapp.storage.AbstractStorage save
INFO: &amp#27;[32mSave bb7042e5-70eb-43f4-965f-9bf2209f55f1(uuid5227)
сент. 19, 2025 6:42:49 PM webapp.storage.AbstractStorage save
INFO: &amp#27;[32mSave 0e472e22-f19d-4417-a8e0-a639fb1747cd(uuid5228)
сент. 19, 2025 6:42:49 PM webapp.storage.AbstractStorage save
INFO: &amp#27;[32mSave 615a7467-b1df-493b-a000-5121ce6f97d9(uuid5229)
сент. 19, 2025 6:42:49 PM webapp.storage.AbstractStorage save
INFO: &amp#27;[32mSave f74a0c6a-694f-4cb4-b8bd-1a05b920f730(uuid5230)
сент. 19, 2025 6:42:49 PM webapp.storage.AbstractStorage save
INFO: &amp#27;[32mSave dcf2a12f-d06e-4760-acbb-2a857e59911d(uuid5231)
сент. 19, 2025 6:42:49 PM webapp.storage.AbstractStorage save
INFO: &amp#27;[32mSave 6a806171-fa16-4587-af78-d8924fa3111e(uuid5232)
сент. 19, 2025 6:42:49 PM webapp.storage.AbstractStorage save
INFO: &amp#27;[32mSave 9a6d8775-95ea-49dd-abf1-a72da9c0e1e4(uuid5233)
сент. 19, 2025 6:42:49 PM webapp.storage.AbstractStorage save
INFO: &amp#27;[32mSave bff1acab-f2a2-4bdc-923f-19484b676072(uuid5234)
сент. 19, 2025 6:42:49 PM webapp.storage.AbstractStorage save
INFO: &amp#27;[32mSave e86fd2db-c721-4ac7-84ed-4584d82e2246(uuid5235)
сент. 19, 2025 6:42:49 PM webapp.storage.AbstractStorage save
INFO: &amp#27;[32mSave d6395065-6b49-4e2e-be0c-597f3b5bc17e(uuid5236)
сент. 19, 2025 6:42:49 PM webapp.storage.AbstractStorage save
INFO: &amp#27;[32mSave 8ec303cf-1c08-49eb-b889-bd5de8ce1cb1(uuid5237)
сент. 19, 2025 6:42:49 PM webapp.storage.AbstractStorage save
INFO: &amp#27;[32mSave 7cdefcbc-5f43-4a56-9416-23bcd60e97ed(uuid5238)
сент. 19, 2025 6:42:49 PM webapp.storage.AbstractStorage save
INFO: &amp#27;[32mSave 19f6eeb9-1706-4ad1-a1e3-af1c11989b44(uuid5239)
сент. 19, 2025 6:42:49 PM webapp.storage.AbstractStorage save
INFO: &amp#27;[32mSave 309b6a3a-334a-43dc-b3ff-31d0b2254d10(uuid5240)
сент. 19, 2025 6:42:49 PM webapp.storage.AbstractStorage save
INFO: &amp#27;[32mSave 5cb5a808-9567-4db4-bf87-177ae84b3ca0(uuid5241)
сент. 19, 2025 6:42:49 PM webapp.storage.AbstractStorage save
INFO: &amp#27;[32mSave 3eb59eb8-f589-4104-8952-8b6e3986d617(uuid5242)
сент. 19, 2025 6:42:49 PM webapp.storage.AbstractStorage save
INFO: &amp#27;[32mSave 83d6213d-c1f6-425c-b700-1ba67712dcb8(uuid5243)
сент. 19, 2025 6:42:49 PM webapp.storage.AbstractStorage save
INFO: &amp#27;[32mSave e4147f1b-21b9-4d49-a42d-370cabcab714(uuid5244)
сент. 19, 2025 6:42:49 PM webapp.storage.AbstractStorage save
INFO: &amp#27;[32mSave 305ffe2c-73ec-4a9f-8ee8-bdfc9ff28d5d(uuid5245)
сент. 19, 2025 6:42:49 PM webapp.storage.AbstractStorage save
INFO: &amp#27;[32mSave e7f28af4-f343-42d3-936f-21c4e0ec2b13(uuid5246)
сент. 19, 2025 6:42:49 PM webapp.storage.AbstractStorage save
INFO: &amp#27;[32mSave 4dbd4650-bf00-4b6c-bd0c-4bd9d3278a16(uuid5247)
сент. 19, 2025 6:42:49 PM webapp.storage.AbstractStorage save
INFO: &amp#27;[32mSave 74febbca-2f17-411a-9be4-05e78ec89683(uuid5248)
сент. 19, 2025 6:42:49 PM webapp.storage.AbstractStorage save
INFO: &amp#27;[32mSave a95654ed-fa56-4fa9-9f91-91d57e355336(uuid5249)
сент. 19, 2025 6:42:49 PM webapp.storage.AbstractStorage save
INFO: &amp#27;[32mSave 5065b819-edcb-4a31-9a41-b220ff509ac0(uuid5250)
сент. 19, 2025 6:42:49 PM webapp.storage.AbstractStorage save
INFO: &amp#27;[32mSave 8d8749a1-7e84-4740-81dc-3b62125aac42(uuid5251)
сент. 19, 2025 6:42:49 PM webapp.storage.AbstractStorage save
INFO: &amp#27;[32mSave 30847048-bced-408d-aade-0ad05785e778(uuid5252)
сент. 19, 2025 6:42:49 PM webapp.storage.AbstractStorage save
INFO: &amp#27;[32mSave ee7ec473-8f46-4c07-bdf4-3d87d07d1c8c(uuid5253)
сент. 19, 2025 6:42:49 PM webapp.storage.AbstractStorage save
INFO: &amp#27;[32mSave 7070e4a7-e57f-4006-ad65-7e26401b7d4e(uuid5254)
сент. 19, 2025 6:42:49 PM webapp.storage.AbstractStorage save
INFO: &amp#27;[32mSave dcf81b17-52a0-4871-b868-7b2789d50c6c(uuid5255)
сент. 19, 2025 6:42:49 PM webapp.storage.AbstractStorage save
INFO: &amp#27;[32mSave 48040f6c-2c33-435c-b19f-fa6206795598(uuid5256)
сент. 19, 2025 6:42:49 PM webapp.storage.AbstractStorage save
INFO: &amp#27;[32mSave 329a5716-e73f-48c3-b2cb-1dd8fafad232(uuid5257)
сент. 19, 2025 6:42:49 PM webapp.storage.AbstractStorage save
INFO: &amp#27;[32mSave 0d061fda-6c81-447c-98d9-b356db8dc3cf(uuid5258)
сент. 19, 2025 6:42:49 PM webapp.storage.AbstractStorage save
INFO: &amp#27;[32mSave dbd033d0-366a-416f-84a4-6bb1ee8f7b89(uuid5259)
сент. 19, 2025 6:42:49 PM webapp.storage.AbstractStorage save
INFO: &amp#27;[32mSave 6d2032d4-3aea-4c86-9d3d-cb65149dca2e(uuid5260)
сент. 19, 2025 6:42:49 PM webapp.storage.AbstractStorage save
INFO: &amp#27;[32mSave bae13c6d-495b-4430-861a-66adaf97608d(uuid5261)
сент. 19, 2025 6:42:49 PM webapp.storage.AbstractStorage save
INFO: &amp#27;[32mSave c33cd529-865c-4416-b49e-a7596782081d(uuid5262)
сент. 19, 2025 6:42:49 PM webapp.storage.AbstractStorage save
INFO: &amp#27;[32mSave f29aff9d-9a8b-4061-bbba-b66a9e059aee(uuid5263)
сент. 19, 2025 6:42:49 PM webapp.storage.AbstractStorage save
INFO: &amp#27;[32mSave e454471d-ed31-4c5e-86e2-59ab556d2d96(uuid5264)
сент. 19, 2025 6:42:49 PM webapp.storage.AbstractStorage save
INFO: &amp#27;[32mSave a7c6b38a-e17d-4c80-bd86-9072a8bbbd3c(uuid5265)
сент. 19, 2025 6:42:49 PM webapp.storage.AbstractStorage save
INFO: &amp#27;[32mSave 85f8d51e-b3bc-4692-822c-55713f18e3ec(uuid5266)
сент. 19, 2025 6:42:49 PM webapp.storage.AbstractStorage save
INFO: &amp#27;[32mSave 221b8f36-99e1-441a-bbe8-aeb925ddbfc9(uuid5267)
сент. 19, 2025 6:42:49 PM webapp.storage.AbstractStorage save
INFO: &amp#27;[32mSave cb4ecfc3-3739-4674-b865-119c9d00d1ac(uuid5268)
сент. 19, 2025 6:42:49 PM webapp.storage.AbstractStorage save
INFO: &amp#27;[32mSave d87f0325-a3ed-435c-aff4-e93b68de13c8(uuid5269)
сент. 19, 2025 6:42:49 PM webapp.storage.AbstractStorage save
INFO: &amp#27;[32mSave 18acf261-af43-4187-bf1b-56cb344f51d6(uuid5270)
сент. 19, 2025 6:42:49 PM webapp.storage.AbstractStorage save
INFO: &amp#27;[32mSave 9230622f-de88-42b7-b420-b079fcd5b87a(uuid5271)
сент. 19, 2025 6:42:49 PM webapp.storage.AbstractStorage save
INFO: &amp#27;[32mSave 1c1cb6d6-a0a6-4e24-9a50-d778de28b747(uuid5272)
сент. 19, 2025 6:42:49 PM webapp.storage.AbstractStorage save
INFO: &amp#27;[32mSave 4f5d0334-246b-435f-9bf1-0d8c637fa32b(uuid5273)
сент. 19, 2025 6:42:49 PM webapp.storage.AbstractStorage save
INFO: &amp#27;[32mSave 82d72a03-202a-4e9e-905d-cb62509a737c(uuid5274)
сент. 19, 2025 6:42:49 PM webapp.storage.AbstractStorage save
INFO: &amp#27;[32mSave 0c884964-a95f-4d60-861f-8786be235529(uuid5275)
сент. 19, 2025 6:42:49 PM webapp.storage.AbstractStorage save
INFO: &amp#27;[32mSave 48101ab2-5d11-4f21-9127-78bf644d31a0(uuid5276)
сент. 19, 2025 6:42:49 PM webapp.storage.AbstractStorage save
INFO: &amp#27;[32mSave 6a27f873-d317-44a7-9394-c15d30debadd(uuid5277)
сент. 19, 2025 6:42:49 PM webapp.storage.AbstractStorage save
INFO: &amp#27;[32mSave a7badc83-e0eb-495b-9358-06858246fc07(uuid5278)
сент. 19, 2025 6:42:49 PM webapp.storage.AbstractStorage save
INFO: &amp#27;[32mSave 5c32cb07-8b2e-4f82-87ec-e73a90e39879(uuid5279)
сент. 19, 2025 6:42:49 PM webapp.storage.AbstractStorage save
INFO: &amp#27;[32mSave 4269e773-4e2c-4e14-8238-06f7bb9e7942(uuid5280)
сент. 19, 2025 6:42:49 PM webapp.storage.AbstractStorage save
INFO: &amp#27;[32mSave 82db02e4-23c7-4650-a562-fdbd6ca5094d(uuid5281)
сент. 19, 2025 6:42:49 PM webapp.storage.AbstractStorage save
INFO: &amp#27;[32mSave 986e6532-97e7-45a4-a132-ed89e4ff5801(uuid5282)
сент. 19, 2025 6:42:49 PM webapp.storage.AbstractStorage save
INFO: &amp#27;[32mSave 4c73935e-3fc3-4b5a-9d17-42be30ceb839(uuid5283)
сент. 19, 2025 6:42:49 PM webapp.storage.AbstractStorage save
INFO: &amp#27;[32mSave 9d13476c-30ec-4696-86b6-a0eaa3c4f58e(uuid5284)
сент. 19, 2025 6:42:49 PM webapp.storage.AbstractStorage save
INFO: &amp#27;[32mSave 52dcb15a-6f93-4511-8261-52dbc3c22d0f(uuid5285)
сент. 19, 2025 6:42:49 PM webapp.storage.AbstractStorage save
INFO: &amp#27;[32mSave 5d37ad33-1996-47d3-ad43-da4ac6177b19(uuid5286)
сент. 19, 2025 6:42:49 PM webapp.storage.AbstractStorage save
INFO: &amp#27;[32mSave 60817e74-c9ba-4b61-99b3-a2b5bf0e88c8(uuid5287)
сент. 19, 2025 6:42:49 PM webapp.storage.AbstractStorage save
INFO: &amp#27;[32mSave 6e4d596c-c54d-440c-9e1a-9ea158771430(uuid5288)
сент. 19, 2025 6:42:49 PM webapp.storage.AbstractStorage save
INFO: &amp#27;[32mSave f05a9da7-cd43-45a1-bafc-281447a753ee(uuid5289)
сент. 19, 2025 6:42:49 PM webapp.storage.AbstractStorage save
INFO: &amp#27;[32mSave 6ac08ec1-c8c8-4431-82ef-05aac3d26f90(uuid5290)
сент. 19, 2025 6:42:49 PM webapp.storage.AbstractStorage save
INFO: &amp#27;[32mSave 7bae8c41-fcf3-4bbe-8d1d-50afc0bcd631(uuid5291)
сент. 19, 2025 6:42:49 PM webapp.storage.AbstractStorage save
INFO: &amp#27;[32mSave 02da56d9-ca8d-414b-96fb-0488acb689ff(uuid5292)
сент. 19, 2025 6:42:49 PM webapp.storage.AbstractStorage save
INFO: &amp#27;[32mSave da8f28ef-d8a1-4421-aa9b-b70a1c927460(uuid5293)
сент. 19, 2025 6:42:49 PM webapp.storage.AbstractStorage save
INFO: &amp#27;[32mSave d26f88cf-c50c-4fcd-9892-c6c7439d50cc(uuid5294)
сент. 19, 2025 6:42:49 PM webapp.storage.AbstractStorage save
INFO: &amp#27;[32mSave 4a8aa989-fa67-481f-9672-6159f9721f4c(uuid5295)
сент. 19, 2025 6:42:49 PM webapp.storage.AbstractStorage save
INFO: &amp#27;[32mSave d57c94c5-73ec-4f68-90ff-241a24243a5a(uuid5296)
сент. 19, 2025 6:42:49 PM webapp.storage.AbstractStorage save
INFO: &amp#27;[32mSave 48a7d0b5-8c81-461a-a651-5ac6ed08b5fe(uuid5297)
сент. 19, 2025 6:42:49 PM webapp.storage.AbstractStorage save
INFO: &amp#27;[32mSave b01f0fe6-9e26-4a18-9de6-ed831249876c(uuid5298)
сент. 19, 2025 6:42:49 PM webapp.storage.AbstractStorage save
INFO: &amp#27;[32mSave a30a0c42-f0fe-405a-8892-dbe0712e0f72(uuid5299)
сент. 19, 2025 6:42:49 PM webapp.storage.AbstractStorage save
INFO: &amp#27;[32mSave a4906da2-c65f-4c03-897e-fe28f997778c(uuid5300)
сент. 19, 2025 6:42:49 PM webapp.storage.AbstractStorage save
INFO: &amp#27;[32mSave f41c5597-d16f-450c-9cc9-fb94ec006347(uuid5301)
сент. 19, 2025 6:42:49 PM webapp.storage.AbstractStorage save
INFO: &amp#27;[32mSave 551ac6d6-b91a-4b7f-a0e7-fe70648cc8ff(uuid5302)
сент. 19, 2025 6:42:49 PM webapp.storage.AbstractStorage save
INFO: &amp#27;[32mSave 474f475a-9bc7-4408-b64f-4d0461692ec5(uuid5303)
сент. 19, 2025 6:42:49 PM webapp.storage.AbstractStorage save
INFO: &amp#27;[32mSave b8515224-30fa-41f0-9749-cb1e6ee1c8cb(uuid5304)
сент. 19, 2025 6:42:49 PM webapp.storage.AbstractStorage save
INFO: &amp#27;[32mSave 061a7bf4-3c88-479f-8093-d86a682969a7(uuid5305)
сент. 19, 2025 6:42:49 PM webapp.storage.AbstractStorage save
INFO: &amp#27;[32mSave 9017ba59-23a5-4d7f-b626-a6bd2d815f27(uuid5306)
сент. 19, 2025 6:42:49 PM webapp.storage.AbstractStorage save
INFO: &amp#27;[32mSave 65e5d923-830d-4f16-8170-b52b3292f376(uuid5307)
сент. 19, 2025 6:42:49 PM webapp.storage.AbstractStorage save
INFO: &amp#27;[32mSave 4477c2c2-5e6e-4eaf-bb6c-4864aff2cb82(uuid5308)
сент. 19, 2025 6:42:49 PM webapp.storage.AbstractStorage save
INFO: &amp#27;[32mSave 71ecbad3-1251-49b3-84c0-edefc2620d57(uuid5309)
сент. 19, 2025 6:42:49 PM webapp.storage.AbstractStorage save
INFO: &amp#27;[32mSave 8c3bd20e-a825-4a25-bf5d-6c124cfe150f(uuid5310)
сент. 19, 2025 6:42:49 PM webapp.storage.AbstractStorage save
INFO: &amp#27;[32mSave b2e7249c-570e-4bf5-9a95-ccde8a99dba7(uuid5311)
сент. 19, 2025 6:42:49 PM webapp.storage.AbstractStorage save
INFO: &amp#27;[32mSave d525641e-af3a-4942-9622-8fca2c69ca38(uuid5312)
сент. 19, 2025 6:42:49 PM webapp.storage.AbstractStorage save
INFO: &amp#27;[32mSave abfb4a51-fd66-4202-b597-645b725037b2(uuid5313)
сент. 19, 2025 6:42:49 PM webapp.storage.AbstractStorage save
INFO: &amp#27;[32mSave fd19f14c-5401-4c98-ae14-1359e511a92f(uuid5314)
сент. 19, 2025 6:42:49 PM webapp.storage.AbstractStorage save
INFO: &amp#27;[32mSave 53d9f652-2c1d-4f59-b226-3218bc181cb4(uuid5315)
сент. 19, 2025 6:42:49 PM webapp.storage.AbstractStorage save
INFO: &amp#27;[32mSave f67a75b3-9c1c-40e4-9cf0-9e76a584f9e5(uuid5316)
сент. 19, 2025 6:42:49 PM webapp.storage.AbstractStorage save
INFO: &amp#27;[32mSave 62ff03a9-c268-4e98-a0ea-61ea5b25eb05(uuid5317)
сент. 19, 2025 6:42:49 PM webapp.storage.AbstractStorage save
INFO: &amp#27;[32mSave cd7f8e6e-bbee-4a97-9240-4561b7893a3f(uuid5318)
сент. 19, 2025 6:42:49 PM webapp.storage.AbstractStorage save
INFO: &amp#27;[32mSave efc4b570-91d3-4d7d-9753-ba0ccbd1dbd0(uuid5319)
сент. 19, 2025 6:42:49 PM webapp.storage.AbstractStorage save
INFO: &amp#27;[32mSave 2801c51b-88e1-49fa-8a7c-62a340ae2c42(uuid5320)
сент. 19, 2025 6:42:49 PM webapp.storage.AbstractStorage save
INFO: &amp#27;[32mSave 6f6443a9-27b9-4908-b120-af0c6a861c5e(uuid5321)
сент. 19, 2025 6:42:49 PM webapp.storage.AbstractStorage save
INFO: &amp#27;[32mSave 4c2ba3df-fe18-4c6a-b49f-eb1008b8cb2a(uuid5322)
сент. 19, 2025 6:42:49 PM webapp.storage.AbstractStorage save
INFO: &amp#27;[32mSave 5f08f5cc-cdfc-4a06-9906-04ef2eebf767(uuid5323)
сент. 19, 2025 6:42:49 PM webapp.storage.AbstractStorage save
INFO: &amp#27;[32mSave 1f2256e9-ecc5-45a3-9b1d-9793a49522cf(uuid5324)
сент. 19, 2025 6:42:49 PM webapp.storage.AbstractStorage save
INFO: &amp#27;[32mSave c95dba50-9c5e-4b2d-85b3-f5e503c09491(uuid5325)
сент. 19, 2025 6:42:49 PM webapp.storage.AbstractStorage save
INFO: &amp#27;[32mSave ea13300e-1703-4b42-8c63-2384435f8efc(uuid5326)
сент. 19, 2025 6:42:49 PM webapp.storage.AbstractStorage save
INFO: &amp#27;[32mSave 529d119f-2125-442b-8cb1-805ebe0e4519(uuid5327)
сент. 19, 2025 6:42:49 PM webapp.storage.AbstractStorage save
INFO: &amp#27;[32mSave f4f4c95c-d8c9-4dbd-b8d9-1cb6311f847c(uuid5328)
сент. 19, 2025 6:42:49 PM webapp.storage.AbstractStorage save
INFO: &amp#27;[32mSave 1e6db668-e3a1-48e9-a3ed-575c1848fc5c(uuid5329)
сент. 19, 2025 6:42:49 PM webapp.storage.AbstractStorage save
INFO: &amp#27;[32mSave 68f03a09-7cd9-4ec2-bb47-8004cec6376f(uuid5330)
сент. 19, 2025 6:42:49 PM webapp.storage.AbstractStorage save
INFO: &amp#27;[32mSave 273325f6-d59c-4581-b30b-fa7beb2d65ad(uuid5331)
сент. 19, 2025 6:42:49 PM webapp.storage.AbstractStorage save
INFO: &amp#27;[32mSave f6f0202c-7d4a-43fe-b7fe-b1d05bf1b77a(uuid5332)
сент. 19, 2025 6:42:49 PM webapp.storage.AbstractStorage save
INFO: &amp#27;[32mSave 8e94a048-396f-4e7b-ab6d-a371509370b2(uuid5333)
сент. 19, 2025 6:42:49 PM webapp.storage.AbstractStorage save
INFO: &amp#27;[32mSave 70a2e32a-0295-42ba-aeb1-96f6195dcd40(uuid5334)
сент. 19, 2025 6:42:49 PM webapp.storage.AbstractStorage save
INFO: &amp#27;[32mSave 8bd21f8d-8f48-4e89-a6d3-6ac86276f8d4(uuid5335)
сент. 19, 2025 6:42:49 PM webapp.storage.AbstractStorage save
INFO: &amp#27;[32mSave 7e26fd7d-73b0-45cd-afdc-52c257e8b801(uuid5336)
сент. 19, 2025 6:42:49 PM webapp.storage.AbstractStorage save
INFO: &amp#27;[32mSave 6396e634-feca-4183-8fa8-2e204320d5f9(uuid5337)
сент. 19, 2025 6:42:49 PM webapp.storage.AbstractStorage save
INFO: &amp#27;[32mSave c6cae2ff-1761-4e9e-839b-5ef69fd4aac6(uuid5338)
сент. 19, 2025 6:42:49 PM webapp.storage.AbstractStorage save
INFO: &amp#27;[32mSave 1b7cad6f-d8f3-4c17-bb7e-d2b6e331f9ae(uuid5339)
сент. 19, 2025 6:42:49 PM webapp.storage.AbstractStorage save
INFO: &amp#27;[32mSave dfe45091-c67d-4761-9d96-5b12f15a09a3(uuid5340)
сент. 19, 2025 6:42:49 PM webapp.storage.AbstractStorage save
INFO: &amp#27;[32mSave ba13f892-d673-459e-be1a-32e2271ff0c5(uuid5341)
сент. 19, 2025 6:42:49 PM webapp.storage.AbstractStorage save
INFO: &amp#27;[32mSave 387a5001-d1e3-4db4-a74f-7a655b21f09a(uuid5342)
сент. 19, 2025 6:42:49 PM webapp.storage.AbstractStorage save
INFO: &amp#27;[32mSave be9a59fb-67d7-4d66-b86c-7358d362714a(uuid5343)
сент. 19, 2025 6:42:49 PM webapp.storage.AbstractStorage save
INFO: &amp#27;[32mSave 00ce3f37-a5fd-4080-8390-7f92f9e02f51(uuid5344)
сент. 19, 2025 6:42:49 PM webapp.storage.AbstractStorage save
INFO: &amp#27;[32mSave 9a7bb396-1550-4853-a5d9-01bf2a627b6a(uuid5345)
сент. 19, 2025 6:42:49 PM webapp.storage.AbstractStorage save
INFO: &amp#27;[32mSave 949f4305-a66b-4173-b0c3-c2f44d7bafbe(uuid5346)
сент. 19, 2025 6:42:49 PM webapp.storage.AbstractStorage save
INFO: &amp#27;[32mSave 6d172fd0-a590-43e4-a77e-ef4233930954(uuid5347)
сент. 19, 2025 6:42:49 PM webapp.storage.AbstractStorage save
INFO: &amp#27;[32mSave bbb45925-fe16-4f15-b793-8ddd033fa990(uuid5348)
сент. 19, 2025 6:42:49 PM webapp.storage.AbstractStorage save
INFO: &amp#27;[32mSave 8c5f7647-9d0d-470c-84c0-7aa8b674929c(uuid5349)
сент. 19, 2025 6:42:49 PM webapp.storage.AbstractStorage save
INFO: &amp#27;[32mSave 4e8b87bc-5f81-4176-845e-22afe5b12f7d(uuid5350)
сент. 19, 2025 6:42:49 PM webapp.storage.AbstractStorage save
INFO: &amp#27;[32mSave 6f443dbb-45a0-45f8-ac3b-fb2480884278(uuid5351)
сент. 19, 2025 6:42:49 PM webapp.storage.AbstractStorage save
INFO: &amp#27;[32mSave a64188a2-9e86-40c0-8518-30e7ca443059(uuid5352)
сент. 19, 2025 6:42:49 PM webapp.storage.AbstractStorage save
INFO: &amp#27;[32mSave 55bea861-1204-4864-a054-35369cba2a64(uuid5353)
сент. 19, 2025 6:42:49 PM webapp.storage.AbstractStorage save
INFO: &amp#27;[32mSave 28d51e83-f982-435e-8f5c-973fcb346ff8(uuid5354)
сент. 19, 2025 6:42:49 PM webapp.storage.AbstractStorage save
INFO: &amp#27;[32mSave 10de90bf-c3be-4520-bd47-7da9514f23d0(uuid5355)
сент. 19, 2025 6:42:49 PM webapp.storage.AbstractStorage save
INFO: &amp#27;[32mSave 22b73288-ab78-4908-87ab-cb993950751c(uuid5356)
сент. 19, 2025 6:42:49 PM webapp.storage.AbstractStorage save
INFO: &amp#27;[32mSave 8794e464-1400-46b3-858f-cfd9f2c97fdb(uuid5357)
сент. 19, 2025 6:42:49 PM webapp.storage.AbstractStorage save
INFO: &amp#27;[32mSave 1307cb14-4dc4-4e09-a683-b526d8cc106f(uuid5358)
сент. 19, 2025 6:42:49 PM webapp.storage.AbstractStorage save
INFO: &amp#27;[32mSave 33a8b30b-6cc8-41c0-b8e7-d203319a762c(uuid5359)
сент. 19, 2025 6:42:49 PM webapp.storage.AbstractStorage save
INFO: &amp#27;[32mSave f1de6864-a984-468a-a70d-2894fcae44b3(uuid5360)
сент. 19, 2025 6:42:49 PM webapp.storage.AbstractStorage save
INFO: &amp#27;[32mSave 32d3b803-b4bc-4f52-8925-8c3809ba3d3f(uuid5361)
сент. 19, 2025 6:42:49 PM webapp.storage.AbstractStorage save
INFO: &amp#27;[32mSave e841bbc8-07b0-4d48-816c-4f6ec44d8872(uuid5362)
сент. 19, 2025 6:42:49 PM webapp.storage.AbstractStorage save
INFO: &amp#27;[32mSave 3669814a-c40e-4f44-a901-c5fa14ef3b1a(uuid5363)
сент. 19, 2025 6:42:49 PM webapp.storage.AbstractStorage save
INFO: &amp#27;[32mSave ffa4331b-e275-4a58-9f5c-fd810d617392(uuid5364)
сент. 19, 2025 6:42:49 PM webapp.storage.AbstractStorage save
INFO: &amp#27;[32mSave 2dc5767d-c13a-4e0b-ac8a-33d6fc5f7a1f(uuid5365)
сент. 19, 2025 6:42:49 PM webapp.storage.AbstractStorage save
INFO: &amp#27;[32mSave a01e696c-3380-4c36-980c-5a4611c886e2(uuid5366)
сент. 19, 2025 6:42:49 PM webapp.storage.AbstractStorage save
INFO: &amp#27;[32mSave a4ecb9cd-f57a-4b90-8dcb-259b6f8306d1(uuid5367)
сент. 19, 2025 6:42:49 PM webapp.storage.AbstractStorage save
INFO: &amp#27;[32mSave 8224ec93-5540-41ea-992b-61d3575ab1f9(uuid5368)
сент. 19, 2025 6:42:49 PM webapp.storage.AbstractStorage save
INFO: &amp#27;[32mSave cced9369-f705-442a-8206-c0eaec23fedd(uuid5369)
сент. 19, 2025 6:42:49 PM webapp.storage.AbstractStorage save
INFO: &amp#27;[32mSave 0e621f6c-4df3-45bd-a052-d74ad718be06(uuid5370)
сент. 19, 2025 6:42:49 PM webapp.storage.AbstractStorage save
INFO: &amp#27;[32mSave c21fb345-5070-4ad4-8aaf-6c118615a90a(uuid5371)
сент. 19, 2025 6:42:49 PM webapp.storage.AbstractStorage save
INFO: &amp#27;[32mSave 6dbf09ae-176e-41e3-afa3-984530961692(uuid5372)
сент. 19, 2025 6:42:49 PM webapp.storage.AbstractStorage save
INFO: &amp#27;[32mSave 157b0a12-7713-44b6-b2c6-d84f81777c4e(uuid5373)
сент. 19, 2025 6:42:49 PM webapp.storage.AbstractStorage save
INFO: &amp#27;[32mSave fc44ff07-bb91-4152-a1a1-361b4e7585ad(uuid5374)
сент. 19, 2025 6:42:49 PM webapp.storage.AbstractStorage save
INFO: &amp#27;[32mSave df716c9c-69f0-435b-907e-6a8812115180(uuid5375)
сент. 19, 2025 6:42:49 PM webapp.storage.AbstractStorage save
INFO: &amp#27;[32mSave 675cd11e-0895-4403-a0a6-7b17017cd913(uuid5376)
сент. 19, 2025 6:42:49 PM webapp.storage.AbstractStorage save
INFO: &amp#27;[32mSave eda190f6-5b8c-4be6-89d5-cd00e1758b6b(uuid5377)
сент. 19, 2025 6:42:49 PM webapp.storage.AbstractStorage save
INFO: &amp#27;[32mSave 67f03734-d7c0-414c-89f1-93009299962e(uuid5378)
сент. 19, 2025 6:42:49 PM webapp.storage.AbstractStorage save
INFO: &amp#27;[32mSave f6b5401c-c822-4e85-a8b2-1dd752c395d3(uuid5379)
сент. 19, 2025 6:42:49 PM webapp.storage.AbstractStorage save
INFO: &amp#27;[32mSave 023a047b-d524-498b-8eb5-edd44fa48b29(uuid5380)
сент. 19, 2025 6:42:49 PM webapp.storage.AbstractStorage save
INFO: &amp#27;[32mSave 20cc5963-8d0c-413f-9ee8-6aff25e0fdd5(uuid5381)
сент. 19, 2025 6:42:49 PM webapp.storage.AbstractStorage save
INFO: &amp#27;[32mSave 30b53225-b796-4a51-8503-11cb93f1daf4(uuid5382)
сент. 19, 2025 6:42:49 PM webapp.storage.AbstractStorage save
INFO: &amp#27;[32mSave c3ebd856-90b8-4e3b-ba06-2109e01f0ded(uuid5383)
сент. 19, 2025 6:42:49 PM webapp.storage.AbstractStorage save
INFO: &amp#27;[32mSave d5efcd7c-b051-480a-9d86-b49d49e4d30e(uuid5384)
сент. 19, 2025 6:42:49 PM webapp.storage.AbstractStorage save
INFO: &amp#27;[32mSave ca42580d-1386-400c-885a-ee207d565246(uuid5385)
сент. 19, 2025 6:42:49 PM webapp.storage.AbstractStorage save
INFO: &amp#27;[32mSave 26bd05fd-f06b-4ea7-b8b0-84a9e9449b31(uuid5386)
сент. 19, 2025 6:42:49 PM webapp.storage.AbstractStorage save
INFO: &amp#27;[32mSave ae97a466-3448-40ac-8f36-06cc1b02f23e(uuid5387)
сент. 19, 2025 6:42:49 PM webapp.storage.AbstractStorage save
INFO: &amp#27;[32mSave d0344bf7-35fe-465b-a9d1-8e0044881a09(uuid5388)
сент. 19, 2025 6:42:49 PM webapp.storage.AbstractStorage save
INFO: &amp#27;[32mSave 46e5605a-3705-4f34-9408-010348380f50(uuid5389)
сент. 19, 2025 6:42:49 PM webapp.storage.AbstractStorage save
INFO: &amp#27;[32mSave c5a8eddf-2bbc-43f1-b425-0bf1c6faa666(uuid5390)
сент. 19, 2025 6:42:49 PM webapp.storage.AbstractStorage save
INFO: &amp#27;[32mSave 1aa3bf30-f0c9-4779-a60e-08bf050e2156(uuid5391)
сент. 19, 2025 6:42:49 PM webapp.storage.AbstractStorage save
INFO: &amp#27;[32mSave 8cb8ab2c-b6f2-4a2b-8379-5506c72187b1(uuid5392)
сент. 19, 2025 6:42:49 PM webapp.storage.AbstractStorage save
INFO: &amp#27;[32mSave ce762a35-1bb2-417b-b73a-a210dcae67e0(uuid5393)
сент. 19, 2025 6:42:49 PM webapp.storage.AbstractStorage save
INFO: &amp#27;[32mSave 6aa901b6-3ac3-4359-a7c8-767b8dc606aa(uuid5394)
сент. 19, 2025 6:42:49 PM webapp.storage.AbstractStorage save
INFO: &amp#27;[32mSave 329090f8-33b1-4771-bf4f-3add80ab5462(uuid5395)
сент. 19, 2025 6:42:49 PM webapp.storage.AbstractStorage save
INFO: &amp#27;[32mSave 29699c92-9321-467d-877e-f60fb3076b8b(uuid5396)
сент. 19, 2025 6:42:49 PM webapp.storage.AbstractStorage save
INFO: &amp#27;[32mSave 9de27c81-57e1-465f-9b79-f1229fbb51bf(uuid5397)
сент. 19, 2025 6:42:49 PM webapp.storage.AbstractStorage save
INFO: &amp#27;[32mSave 9107b363-ef80-48bb-9db2-0219c6085663(uuid5398)
сент. 19, 2025 6:42:49 PM webapp.storage.AbstractStorage save
INFO: &amp#27;[32mSave 20e7981e-54d0-431d-945d-eae7e0224089(uuid5399)
сент. 19, 2025 6:42:49 PM webapp.storage.AbstractStorage save
INFO: &amp#27;[32mSave 53d4e16a-a44c-4e70-b8f9-67b6b2333bbc(uuid5400)
сент. 19, 2025 6:42:49 PM webapp.storage.AbstractStorage save
INFO: &amp#27;[32mSave 93e06375-b014-46b0-b7b9-381667117dfd(uuid5401)
сент. 19, 2025 6:42:49 PM webapp.storage.AbstractStorage save
INFO: &amp#27;[32mSave ff251330-5c29-4c4d-98eb-9416afe741f8(uuid5402)
сент. 19, 2025 6:42:49 PM webapp.storage.AbstractStorage save
INFO: &amp#27;[32mSave 77ad5203-38f7-4184-92f1-9a4e1022d1b5(uuid5403)
сент. 19, 2025 6:42:49 PM webapp.storage.AbstractStorage save
INFO: &amp#27;[32mSave 0d216ec9-604f-4eda-bff5-ddb72cc79761(uuid5404)
сент. 19, 2025 6:42:49 PM webapp.storage.AbstractStorage save
INFO: &amp#27;[32mSave 36dd5b91-276b-4854-9ff6-5124cc75e949(uuid5405)
сент. 19, 2025 6:42:49 PM webapp.storage.AbstractStorage save
INFO: &amp#27;[32mSave 9d562556-eca8-4a1f-84f0-3f99730ecd7f(uuid5406)
сент. 19, 2025 6:42:49 PM webapp.storage.AbstractStorage save
INFO: &amp#27;[32mSave 5784d953-5f41-4eb6-964c-832b1f0f0a68(uuid5407)
сент. 19, 2025 6:42:49 PM webapp.storage.AbstractStorage save
INFO: &amp#27;[32mSave 0b964dcd-ac25-4820-89d6-eead2ba7fa96(uuid5408)
сент. 19, 2025 6:42:49 PM webapp.storage.AbstractStorage save
INFO: &amp#27;[32mSave b8813d35-2788-48cb-bdf2-f199878cf000(uuid5409)
сент. 19, 2025 6:42:49 PM webapp.storage.AbstractStorage save
INFO: &amp#27;[32mSave 0e96d06a-5b37-458f-bd81-0fdcfe733d3d(uuid5410)
сент. 19, 2025 6:42:49 PM webapp.storage.AbstractStorage save
INFO: &amp#27;[32mSave 2b9f7a4f-e36e-4a0a-a4b9-8546cd278125(uuid5411)
сент. 19, 2025 6:42:49 PM webapp.storage.AbstractStorage save
INFO: &amp#27;[32mSave 88ad64b7-c88c-48e7-a23c-e044dfa59b8b(uuid5412)
сент. 19, 2025 6:42:49 PM webapp.storage.AbstractStorage save
INFO: &amp#27;[32mSave 9ee970e5-a38f-4a10-8fc5-e45fc50ae64e(uuid5413)
сент. 19, 2025 6:42:49 PM webapp.storage.AbstractStorage save
INFO: &amp#27;[32mSave cb0c06a9-f4c5-4058-ad77-da8467975f37(uuid5414)
сент. 19, 2025 6:42:49 PM webapp.storage.AbstractStorage save
INFO: &amp#27;[32mSave f8c27e13-fc0f-4e28-bea1-16741774d76f(uuid5415)
сент. 19, 2025 6:42:49 PM webapp.storage.AbstractStorage save
INFO: &amp#27;[32mSave dd469264-0c62-4e4e-8808-ba5aa2a55130(uuid5416)
сент. 19, 2025 6:42:49 PM webapp.storage.AbstractStorage save
INFO: &amp#27;[32mSave 9f37c76d-48f1-4f5d-bd73-2522207fd0e4(uuid5417)
сент. 19, 2025 6:42:49 PM webapp.storage.AbstractStorage save
INFO: &amp#27;[32mSave e397770e-d7f9-4c1f-b933-e6d1e00dc59c(uuid5418)
сент. 19, 2025 6:42:49 PM webapp.storage.AbstractStorage save
INFO: &amp#27;[32mSave c7fcbe40-7417-40b0-8a70-ae828ff75361(uuid5419)
сент. 19, 2025 6:42:49 PM webapp.storage.AbstractStorage save
INFO: &amp#27;[32mSave aae7f074-9a7a-4eba-b2a8-a74f1862fc3a(uuid5420)
сент. 19, 2025 6:42:49 PM webapp.storage.AbstractStorage save
INFO: &amp#27;[32mSave 19e3e9c7-c091-4147-a061-34d55ef6774c(uuid5421)
сент. 19, 2025 6:42:49 PM webapp.storage.AbstractStorage save
INFO: &amp#27;[32mSave e479d8ba-066c-4b1d-9505-ca4d573186c1(uuid5422)
сент. 19, 2025 6:42:49 PM webapp.storage.AbstractStorage save
INFO: &amp#27;[32mSave 618a5e26-8531-4644-8361-a43809ddae7f(uuid5423)
сент. 19, 2025 6:42:49 PM webapp.storage.AbstractStorage save
INFO: &amp#27;[32mSave 641b7e21-055e-4eb2-a37b-b2a7002cb958(uuid5424)
сент. 19, 2025 6:42:49 PM webapp.storage.AbstractStorage save
INFO: &amp#27;[32mSave fff6e129-c23a-482a-bb10-90cd0cb72c0d(uuid5425)
сент. 19, 2025 6:42:49 PM webapp.storage.AbstractStorage save
INFO: &amp#27;[32mSave c6f9d3fa-521e-411e-8512-6cdfdc1461a4(uuid5426)
сент. 19, 2025 6:42:49 PM webapp.storage.AbstractStorage save
INFO: &amp#27;[32mSave 0a806652-cdaf-48c5-97fe-9541affa6c88(uuid5427)
сент. 19, 2025 6:42:49 PM webapp.storage.AbstractStorage save
INFO: &amp#27;[32mSave 57903e0d-05cd-44c8-894b-a7bd09cb42b9(uuid5428)
сент. 19, 2025 6:42:49 PM webapp.storage.AbstractStorage save
INFO: &amp#27;[32mSave 4415eebc-df17-44ff-99b7-0490d99e7ae3(uuid5429)
сент. 19, 2025 6:42:49 PM webapp.storage.AbstractStorage save
INFO: &amp#27;[32mSave 53a145cb-8c20-41ab-a3c7-0c386768ed2a(uuid5430)
сент. 19, 2025 6:42:49 PM webapp.storage.AbstractStorage save
INFO: &amp#27;[32mSave f98da5c4-fd45-4966-a2a9-5a29dd659fcb(uuid5431)
сент. 19, 2025 6:42:49 PM webapp.storage.AbstractStorage save
INFO: &amp#27;[32mSave 5f62a54a-1dc7-4038-b6c8-e0684fd031eb(uuid5432)
сент. 19, 2025 6:42:49 PM webapp.storage.AbstractStorage save
INFO: &amp#27;[32mSave 8112e9f1-4f9e-479a-a75a-572629693b49(uuid5433)
сент. 19, 2025 6:42:49 PM webapp.storage.AbstractStorage save
INFO: &amp#27;[32mSave 6f8094f2-ca4c-4863-a37a-aedd5ab920a5(uuid5434)
сент. 19, 2025 6:42:49 PM webapp.storage.AbstractStorage save
INFO: &amp#27;[32mSave 8cfff679-d25c-4a05-886c-011eda78605d(uuid5435)
сент. 19, 2025 6:42:49 PM webapp.storage.AbstractStorage save
INFO: &amp#27;[32mSave a8db15dc-117d-42c2-8beb-1f7d87b58759(uuid5436)
сент. 19, 2025 6:42:49 PM webapp.storage.AbstractStorage save
INFO: &amp#27;[32mSave eba3ec76-8def-492e-8a4d-efc793d308f1(uuid5437)
сент. 19, 2025 6:42:49 PM webapp.storage.AbstractStorage save
INFO: &amp#27;[32mSave e4f131c2-4b38-4a46-810d-649100efca9f(uuid5438)
сент. 19, 2025 6:42:49 PM webapp.storage.AbstractStorage save
INFO: &amp#27;[32mSave 2a201bde-89db-49d2-b2bf-6fdf13810061(uuid5439)
сент. 19, 2025 6:42:49 PM webapp.storage.AbstractStorage save
INFO: &amp#27;[32mSave 2e12216e-db68-4b3a-97e0-6536fe151b10(uuid5440)
сент. 19, 2025 6:42:49 PM webapp.storage.AbstractStorage save
INFO: &amp#27;[32mSave 048592b8-bbcb-43e2-8ab9-e8ce9e165171(uuid5441)
сент. 19, 2025 6:42:49 PM webapp.storage.AbstractStorage save
INFO: &amp#27;[32mSave 935305a5-f206-42d3-b11c-36426dc6fc35(uuid5442)
сент. 19, 2025 6:42:49 PM webapp.storage.AbstractStorage save
INFO: &amp#27;[32mSave 1a3ff57b-efcf-4583-a82d-71b224647238(uuid5443)
сент. 19, 2025 6:42:49 PM webapp.storage.AbstractStorage save
INFO: &amp#27;[32mSave 00fa3baf-28e4-4e36-9c1c-0b34ceb89f1b(uuid5444)
сент. 19, 2025 6:42:49 PM webapp.storage.AbstractStorage save
INFO: &amp#27;[32mSave 208c10f8-8bd6-4140-b420-1825371876de(uuid5445)
сент. 19, 2025 6:42:49 PM webapp.storage.AbstractStorage save
INFO: &amp#27;[32mSave f04db58d-c5f1-45eb-aa01-03072d9499b1(uuid5446)
сент. 19, 2025 6:42:49 PM webapp.storage.AbstractStorage save
INFO: &amp#27;[32mSave 1ac7d96d-f040-4eda-b73b-cd41769b989f(uuid5447)
сент. 19, 2025 6:42:49 PM webapp.storage.AbstractStorage save
INFO: &amp#27;[32mSave 098b6d3b-fd2d-4b4e-8a33-a14cd94c412a(uuid5448)
сент. 19, 2025 6:42:49 PM webapp.storage.AbstractStorage save
INFO: &amp#27;[32mSave d1022d29-698a-4f75-b7cf-5f3a19110bb8(uuid5449)
сент. 19, 2025 6:42:49 PM webapp.storage.AbstractStorage save
INFO: &amp#27;[32mSave af82cc88-9e62-4f3a-9990-da1d9d54493d(uuid5450)
сент. 19, 2025 6:42:49 PM webapp.storage.AbstractStorage save
INFO: &amp#27;[32mSave 02c4900f-2a28-451a-a973-71612f95916d(uuid5451)
сент. 19, 2025 6:42:49 PM webapp.storage.AbstractStorage save
INFO: &amp#27;[32mSave 40caff9c-f992-48dd-b0de-3a8ad0d422ac(uuid5452)
сент. 19, 2025 6:42:49 PM webapp.storage.AbstractStorage save
INFO: &amp#27;[32mSave d476c4e2-6946-47ee-a790-f2cdb425e874(uuid5453)
сент. 19, 2025 6:42:49 PM webapp.storage.AbstractStorage save
INFO: &amp#27;[32mSave 982112b3-62c6-4314-81ee-12b0d4eb5b6c(uuid5454)
сент. 19, 2025 6:42:49 PM webapp.storage.AbstractStorage save
INFO: &amp#27;[32mSave 59680dc6-c28e-44fc-884e-0be169ad96e8(uuid5455)
сент. 19, 2025 6:42:49 PM webapp.storage.AbstractStorage save
INFO: &amp#27;[32mSave 5b3e4651-e733-471d-8974-8222d457b4cd(uuid5456)
сент. 19, 2025 6:42:49 PM webapp.storage.AbstractStorage save
INFO: &amp#27;[32mSave 7b9d9c30-1781-4b23-9d80-79d912d5569e(uuid5457)
сент. 19, 2025 6:42:49 PM webapp.storage.AbstractStorage save
INFO: &amp#27;[32mSave 1b579adb-70d4-4b99-8ba9-04f4fa96c078(uuid5458)
сент. 19, 2025 6:42:49 PM webapp.storage.AbstractStorage save
INFO: &amp#27;[32mSave 1ad95761-85f8-4163-aa0b-10a355fe4aec(uuid5459)
сент. 19, 2025 6:42:49 PM webapp.storage.AbstractStorage save
INFO: &amp#27;[32mSave d0757fbe-48a8-404a-8ba5-097b0b9520f0(uuid5460)
сент. 19, 2025 6:42:49 PM webapp.storage.AbstractStorage save
INFO: &amp#27;[32mSave 157c4a83-c44e-4e2b-8397-715dabea3190(uuid5461)
сент. 19, 2025 6:42:49 PM webapp.storage.AbstractStorage save
INFO: &amp#27;[32mSave 5f664adc-5ab5-49a2-baeb-f66b2dd773cc(uuid5462)
сент. 19, 2025 6:42:49 PM webapp.storage.AbstractStorage save
INFO: &amp#27;[32mSave 6b0a1e7d-0bf8-471e-8513-5d0f7ed1ba31(uuid5463)
сент. 19, 2025 6:42:49 PM webapp.storage.AbstractStorage save
INFO: &amp#27;[32mSave 55090a75-960c-476f-95f2-ccb666009d95(uuid5464)
сент. 19, 2025 6:42:49 PM webapp.storage.AbstractStorage save
INFO: &amp#27;[32mSave 884911eb-a16a-4d4b-8fb3-7dfd73c5e423(uuid5465)
сент. 19, 2025 6:42:49 PM webapp.storage.AbstractStorage save
INFO: &amp#27;[32mSave 6ca677c4-4639-4963-9f8a-411c64fcb821(uuid5466)
сент. 19, 2025 6:42:49 PM webapp.storage.AbstractStorage save
INFO: &amp#27;[32mSave 4637f8eb-5387-4571-88b0-968dc3a51448(uuid5467)
сент. 19, 2025 6:42:49 PM webapp.storage.AbstractStorage save
INFO: &amp#27;[32mSave a7b66b50-6832-4fae-b9c7-c36e8753a0c5(uuid5468)
сент. 19, 2025 6:42:49 PM webapp.storage.AbstractStorage save
INFO: &amp#27;[32mSave e438a2fe-3670-41b4-a8e1-1355db74f5eb(uuid5469)
сент. 19, 2025 6:42:49 PM webapp.storage.AbstractStorage save
INFO: &amp#27;[32mSave cba6bc9d-7a3d-414f-bfc4-ad774d1a2511(uuid5470)
сент. 19, 2025 6:42:49 PM webapp.storage.AbstractStorage save
INFO: &amp#27;[32mSave cea7c285-774b-4d5e-b727-b27e5064428c(uuid5471)
сент. 19, 2025 6:42:49 PM webapp.storage.AbstractStorage save
INFO: &amp#27;[32mSave 5399eb19-fec6-44ff-9abc-0a378880802d(uuid5472)
сент. 19, 2025 6:42:49 PM webapp.storage.AbstractStorage save
INFO: &amp#27;[32mSave d89b8afb-fd06-411f-b32b-0f76679a689f(uuid5473)
сент. 19, 2025 6:42:49 PM webapp.storage.AbstractStorage save
INFO: &amp#27;[32mSave a6c5513c-1445-4c7e-b568-43e8f83c2f1d(uuid5474)
сент. 19, 2025 6:42:49 PM webapp.storage.AbstractStorage save
INFO: &amp#27;[32mSave 3309cc54-a7e2-44d4-a7fb-fdb0beb1da2d(uuid5475)
сент. 19, 2025 6:42:49 PM webapp.storage.AbstractStorage save
INFO: &amp#27;[32mSave dd8a009f-09eb-48f6-951d-1579c7532b7a(uuid5476)
сент. 19, 2025 6:42:49 PM webapp.storage.AbstractStorage save
INFO: &amp#27;[32mSave 9cd178b9-e32f-4cdd-8682-038fa7d1ef9d(uuid5477)
сент. 19, 2025 6:42:49 PM webapp.storage.AbstractStorage save
INFO: &amp#27;[32mSave 99b204f4-cd4f-4ad7-95ed-d3310f3fe268(uuid5478)
сент. 19, 2025 6:42:49 PM webapp.storage.AbstractStorage save
INFO: &amp#27;[32mSave e6551093-e3ec-4ee4-a9f5-e2575a1ad190(uuid5479)
сент. 19, 2025 6:42:49 PM webapp.storage.AbstractStorage save
INFO: &amp#27;[32mSave 13011141-f1be-46c7-9a93-5d08f1687043(uuid5480)
сент. 19, 2025 6:42:49 PM webapp.storage.AbstractStorage save
INFO: &amp#27;[32mSave 0a9e485e-9871-4061-9134-8cbab0b01cb0(uuid5481)
сент. 19, 2025 6:42:49 PM webapp.storage.AbstractStorage save
INFO: &amp#27;[32mSave 9f7a2b76-231a-41b6-b0a2-144387381d7f(uuid5482)
сент. 19, 2025 6:42:49 PM webapp.storage.AbstractStorage save
INFO: &amp#27;[32mSave ce70f8a8-9f36-4a1f-a511-e8e9424ce3b8(uuid5483)
сент. 19, 2025 6:42:49 PM webapp.storage.AbstractStorage save
INFO: &amp#27;[32mSave bc490da2-35db-46ff-a5d0-6a50ea53750a(uuid5484)
сент. 19, 2025 6:42:49 PM webapp.storage.AbstractStorage save
INFO: &amp#27;[32mSave 982e2e71-d109-4356-9a67-f5dfabd5cebc(uuid5485)
сент. 19, 2025 6:42:49 PM webapp.storage.AbstractStorage save
INFO: &amp#27;[32mSave a799319d-41f5-46e8-a66d-5e2d7c285f40(uuid5486)
сент. 19, 2025 6:42:49 PM webapp.storage.AbstractStorage save
INFO: &amp#27;[32mSave 4f8e582f-af4d-4caa-a201-3d48b15fe84c(uuid5487)
сент. 19, 2025 6:42:49 PM webapp.storage.AbstractStorage save
INFO: &amp#27;[32mSave 9c1d8b97-de3f-4ea8-9cbf-a18b285914e0(uuid5488)
сент. 19, 2025 6:42:49 PM webapp.storage.AbstractStorage save
INFO: &amp#27;[32mSave a2726315-d4d9-4c3f-ad4f-29ddec62e4d6(uuid5489)
сент. 19, 2025 6:42:49 PM webapp.storage.AbstractStorage save
INFO: &amp#27;[32mSave c19f5643-3cbb-4ae0-aafe-15565d6d5cc7(uuid5490)
сент. 19, 2025 6:42:49 PM webapp.storage.AbstractStorage save
INFO: &amp#27;[32mSave 90dea568-f6d3-41e6-8467-adf6624163fb(uuid5491)
сент. 19, 2025 6:42:49 PM webapp.storage.AbstractStorage save
INFO: &amp#27;[32mSave 5a40152e-bced-4104-8fea-eb262a99ab8b(uuid5492)
сент. 19, 2025 6:42:49 PM webapp.storage.AbstractStorage save
INFO: &amp#27;[32mSave ec2faf9b-d223-4aa0-b984-b2777feaaf9b(uuid5493)
сент. 19, 2025 6:42:49 PM webapp.storage.AbstractStorage save
INFO: &amp#27;[32mSave 9f64ce89-1aab-47b1-a9cf-9fe6523b31bf(uuid5494)
сент. 19, 2025 6:42:49 PM webapp.storage.AbstractStorage save
INFO: &amp#27;[32mSave 8d70c72a-77c1-4287-8abb-4e4ccbfb1547(uuid5495)
сент. 19, 2025 6:42:49 PM webapp.storage.AbstractStorage save
INFO: &amp#27;[32mSave 6a766246-d695-488a-a86e-200bb74d11f0(uuid5496)
сент. 19, 2025 6:42:49 PM webapp.storage.AbstractStorage save
INFO: &amp#27;[32mSave adc2419d-bfb2-43e3-bb65-85bef8749a40(uuid5497)
сент. 19, 2025 6:42:49 PM webapp.storage.AbstractStorage save
INFO: &amp#27;[32mSave 6b1889ac-5b45-4c23-880b-684a4a04b924(uuid5498)
сент. 19, 2025 6:42:49 PM webapp.storage.AbstractStorage save
INFO: &amp#27;[32mSave 8d90fa0c-68ca-49b4-ac35-d13c113bd0a2(uuid5499)
сент. 19, 2025 6:42:49 PM webapp.storage.AbstractStorage save
INFO: &amp#27;[32mSave db3f0273-0cbf-439d-84d0-47041f7b08a6(uuid5500)
сент. 19, 2025 6:42:49 PM webapp.storage.AbstractStorage save
INFO: &amp#27;[32mSave f695ab8a-2c7b-4ea9-849e-9d3914b7d7c9(uuid5501)
сент. 19, 2025 6:42:49 PM webapp.storage.AbstractStorage save
INFO: &amp#27;[32mSave 188e3e2e-c22c-45ab-954c-6527c98c2a9d(uuid5502)
сент. 19, 2025 6:42:49 PM webapp.storage.AbstractStorage save
INFO: &amp#27;[32mSave 1870626f-5df4-4921-9d82-b909727a4bcf(uuid5503)
сент. 19, 2025 6:42:49 PM webapp.storage.AbstractStorage save
INFO: &amp#27;[32mSave debea611-e937-4eb6-a710-fc4c5ed43a1b(uuid5504)
сент. 19, 2025 6:42:49 PM webapp.storage.AbstractStorage save
INFO: &amp#27;[32mSave cab88dc1-1f8d-4da9-be68-df65c1a4c5ac(uuid5505)
сент. 19, 2025 6:42:49 PM webapp.storage.AbstractStorage save
INFO: &amp#27;[32mSave 030be29a-4ab5-49c1-a97b-3879090b2043(uuid5506)
сент. 19, 2025 6:42:49 PM webapp.storage.AbstractStorage save
INFO: &amp#27;[32mSave 3d5ed58c-52a2-4f6c-9c9b-10a1d8bddd64(uuid5507)
сент. 19, 2025 6:42:49 PM webapp.storage.AbstractStorage save
INFO: &amp#27;[32mSave bb9ae61c-ac96-494c-9388-0a6f30996333(uuid5508)
сент. 19, 2025 6:42:49 PM webapp.storage.AbstractStorage save
INFO: &amp#27;[32mSave f6eac29b-7611-48ff-b32d-f5e05297c200(uuid5509)
сент. 19, 2025 6:42:49 PM webapp.storage.AbstractStorage save
INFO: &amp#27;[32mSave e6497f4f-b07b-41d1-99f6-840b80b337d5(uuid5510)
сент. 19, 2025 6:42:49 PM webapp.storage.AbstractStorage save
INFO: &amp#27;[32mSave ed69bcb6-f59c-4d4d-a132-fafc600e2b53(uuid5511)
сент. 19, 2025 6:42:49 PM webapp.storage.AbstractStorage save
INFO: &amp#27;[32mSave 805bef87-5c29-4c97-9094-9b1919c4c9f2(uuid5512)
сент. 19, 2025 6:42:49 PM webapp.storage.AbstractStorage save
INFO: &amp#27;[32mSave 16de76ae-b0bf-4bad-9844-f107c8ebaf22(uuid5513)
сент. 19, 2025 6:42:49 PM webapp.storage.AbstractStorage save
INFO: &amp#27;[32mSave 8e1f304e-b7fc-4f8d-ae61-2282b0281124(uuid5514)
сент. 19, 2025 6:42:49 PM webapp.storage.AbstractStorage save
INFO: &amp#27;[32mSave cfcdd4f1-4554-405e-b44a-da6e97570d00(uuid5515)
сент. 19, 2025 6:42:49 PM webapp.storage.AbstractStorage save
INFO: &amp#27;[32mSave d7f522bb-341f-4ad7-9c2a-7606c7dfa22b(uuid5516)
сент. 19, 2025 6:42:49 PM webapp.storage.AbstractStorage save
INFO: &amp#27;[32mSave da19c32a-aef2-4c6e-86ee-0a450c01bf9f(uuid5517)
сент. 19, 2025 6:42:49 PM webapp.storage.AbstractStorage save
INFO: &amp#27;[32mSave 25f6d7ce-e283-459b-b519-349fa726a4f6(uuid5518)
сент. 19, 2025 6:42:49 PM webapp.storage.AbstractStorage save
INFO: &amp#27;[32mSave f4466561-5477-4e90-a9cd-8ebfa2a3faf2(uuid5519)
сент. 19, 2025 6:42:49 PM webapp.storage.AbstractStorage save
INFO: &amp#27;[32mSave 709dace0-61f6-4d04-8043-b9e939ed71ca(uuid5520)
сент. 19, 2025 6:42:49 PM webapp.storage.AbstractStorage save
INFO: &amp#27;[32mSave fe6a8172-698f-4566-ba2e-fe6226f38f03(uuid5521)
сент. 19, 2025 6:42:49 PM webapp.storage.AbstractStorage save
INFO: &amp#27;[32mSave e5dbd888-d398-47c0-a911-f79386c383b1(uuid5522)
сент. 19, 2025 6:42:49 PM webapp.storage.AbstractStorage save
INFO: &amp#27;[32mSave e1fa47bd-9a72-4785-ba27-795616170e5d(uuid5523)
сент. 19, 2025 6:42:49 PM webapp.storage.AbstractStorage save
INFO: &amp#27;[32mSave 614fe3a0-d1fd-43ac-9297-587f91483887(uuid5524)
сент. 19, 2025 6:42:49 PM webapp.storage.AbstractStorage save
INFO: &amp#27;[32mSave 5d1707d1-8b78-4965-bf15-49785afa58ca(uuid5525)
сент. 19, 2025 6:42:49 PM webapp.storage.AbstractStorage save
INFO: &amp#27;[32mSave f4e5c7c4-e56f-491e-a0e7-f65765c44fc8(uuid5526)
сент. 19, 2025 6:42:49 PM webapp.storage.AbstractStorage save
INFO: &amp#27;[32mSave dfec5cd6-3d81-4807-9b0c-dc641d15c169(uuid5527)
сент. 19, 2025 6:42:49 PM webapp.storage.AbstractStorage save
INFO: &amp#27;[32mSave 9d56d28c-16dc-447d-8bea-80136066c8c8(uuid5528)
сент. 19, 2025 6:42:49 PM webapp.storage.AbstractStorage save
INFO: &amp#27;[32mSave bffc76d2-167a-40f0-8df2-f36aac2f842e(uuid5529)
сент. 19, 2025 6:42:49 PM webapp.storage.AbstractStorage save
INFO: &amp#27;[32mSave 1232f70f-e13c-4e97-b2d3-f64d4381fe11(uuid5530)
сент. 19, 2025 6:42:49 PM webapp.storage.AbstractStorage save
INFO: &amp#27;[32mSave c87ed474-673d-475c-8538-9c6417c44eee(uuid5531)
сент. 19, 2025 6:42:49 PM webapp.storage.AbstractStorage save
INFO: &amp#27;[32mSave e5201a6f-caac-45aa-81ef-c70c4017f963(uuid5532)
сент. 19, 2025 6:42:49 PM webapp.storage.AbstractStorage save
INFO: &amp#27;[32mSave 5f91dad8-95fa-4d13-9821-b14b11e549f2(uuid5533)
сент. 19, 2025 6:42:49 PM webapp.storage.AbstractStorage save
INFO: &amp#27;[32mSave 2b5ac8d1-fe7e-4449-a227-20033b485843(uuid5534)
сент. 19, 2025 6:42:49 PM webapp.storage.AbstractStorage save
INFO: &amp#27;[32mSave 9f3445cc-224f-47fe-b1ed-580afe021076(uuid5535)
сент. 19, 2025 6:42:49 PM webapp.storage.AbstractStorage save
INFO: &amp#27;[32mSave b7af0ab9-d722-4821-898c-dbf604bcbc4e(uuid5536)
сент. 19, 2025 6:42:49 PM webapp.storage.AbstractStorage save
INFO: &amp#27;[32mSave 797ed603-b032-45ea-ada2-4c7368268d72(uuid5537)
сент. 19, 2025 6:42:49 PM webapp.storage.AbstractStorage save
INFO: &amp#27;[32mSave 8a2c8c07-107e-48b5-879d-ebba5f5c692e(uuid5538)
сент. 19, 2025 6:42:49 PM webapp.storage.AbstractStorage save
INFO: &amp#27;[32mSave bb9e5ed4-44d1-4e76-8018-38656af30265(uuid5539)
сент. 19, 2025 6:42:49 PM webapp.storage.AbstractStorage save
INFO: &amp#27;[32mSave 57975441-107d-4add-9d4a-95d8fe8f92d6(uuid5540)
сент. 19, 2025 6:42:49 PM webapp.storage.AbstractStorage save
INFO: &amp#27;[32mSave ce6ab87d-991b-4329-afcb-fecfd970932c(uuid5541)
сент. 19, 2025 6:42:49 PM webapp.storage.AbstractStorage save
INFO: &amp#27;[32mSave 901e7228-bf46-4730-be67-c45ea33d5bc2(uuid5542)
сент. 19, 2025 6:42:49 PM webapp.storage.AbstractStorage save
INFO: &amp#27;[32mSave 9f04f568-dae2-4a3d-9869-7d1a59784e7e(uuid5543)
сент. 19, 2025 6:42:49 PM webapp.storage.AbstractStorage save
INFO: &amp#27;[32mSave 67f56549-0c6c-4841-885c-2fc3afe416f0(uuid5544)
сент. 19, 2025 6:42:49 PM webapp.storage.AbstractStorage save
INFO: &amp#27;[32mSave 6529b176-6a11-4183-b7ab-5b16242dcc0a(uuid5545)
сент. 19, 2025 6:42:49 PM webapp.storage.AbstractStorage save
INFO: &amp#27;[32mSave ae59fd52-6e80-471b-8e25-5427a06892fb(uuid5546)
сент. 19, 2025 6:42:49 PM webapp.storage.AbstractStorage save
INFO: &amp#27;[32mSave 8678eb78-8176-43d5-ad2d-820e02ffc3e8(uuid5547)
сент. 19, 2025 6:42:49 PM webapp.storage.AbstractStorage save
INFO: &amp#27;[32mSave 39e6efcc-f30d-470b-bdba-3d9feb4f6451(uuid5548)
сент. 19, 2025 6:42:49 PM webapp.storage.AbstractStorage save
INFO: &amp#27;[32mSave 15739f79-9827-4d2f-a70a-ea26c4476f0e(uuid5549)
сент. 19, 2025 6:42:49 PM webapp.storage.AbstractStorage save
INFO: &amp#27;[32mSave a75afa14-77dd-4ac5-a536-cac428b86872(uuid5550)
сент. 19, 2025 6:42:49 PM webapp.storage.AbstractStorage save
INFO: &amp#27;[32mSave f5ee5a91-efcd-404d-b6c5-9dc6b9f944b1(uuid5551)
сент. 19, 2025 6:42:49 PM webapp.storage.AbstractStorage save
INFO: &amp#27;[32mSave 0662a30a-f691-4b51-9467-38548acd8b0a(uuid5552)
сент. 19, 2025 6:42:49 PM webapp.storage.AbstractStorage save
INFO: &amp#27;[32mSave 5dfb0962-5e72-441f-be47-6c573ef99bdd(uuid5553)
сент. 19, 2025 6:42:49 PM webapp.storage.AbstractStorage save
INFO: &amp#27;[32mSave b874e7e7-ee1a-44b0-ba2a-21ee02049eb8(uuid5554)
сент. 19, 2025 6:42:49 PM webapp.storage.AbstractStorage save
INFO: &amp#27;[32mSave d0fc144b-31c7-4a40-b926-f1247e8867cc(uuid5555)
сент. 19, 2025 6:42:49 PM webapp.storage.AbstractStorage save
INFO: &amp#27;[32mSave 883b93c2-414b-4965-b6fe-79d22a243387(uuid5556)
сент. 19, 2025 6:42:49 PM webapp.storage.AbstractStorage save
INFO: &amp#27;[32mSave 368802d1-8e59-4b2e-8b3c-6bebcb5f4aca(uuid5557)
сент. 19, 2025 6:42:49 PM webapp.storage.AbstractStorage save
INFO: &amp#27;[32mSave d74f155e-bac8-4f4d-80d6-dd78e4d670d8(uuid5558)
сент. 19, 2025 6:42:49 PM webapp.storage.AbstractStorage save
INFO: &amp#27;[32mSave 56666bf1-7973-48ba-ab62-50eb5743eb0f(uuid5559)
сент. 19, 2025 6:42:49 PM webapp.storage.AbstractStorage save
INFO: &amp#27;[32mSave 31ff3638-824b-4ec3-91ff-151a4a9b90d6(uuid5560)
сент. 19, 2025 6:42:49 PM webapp.storage.AbstractStorage save
INFO: &amp#27;[32mSave 91fc4b39-a2e8-4b65-8ade-8808ed431e79(uuid5561)
сент. 19, 2025 6:42:49 PM webapp.storage.AbstractStorage save
INFO: &amp#27;[32mSave 9ad8e8c9-aadc-41c6-93dd-6d2227c7f71f(uuid5562)
сент. 19, 2025 6:42:49 PM webapp.storage.AbstractStorage save
INFO: &amp#27;[32mSave 0e3c7a3a-c400-4f17-8e73-9db667ccbaf3(uuid5563)
сент. 19, 2025 6:42:49 PM webapp.storage.AbstractStorage save
INFO: &amp#27;[32mSave 94cb030a-0fc1-49a8-8287-57701f1457ac(uuid5564)
сент. 19, 2025 6:42:49 PM webapp.storage.AbstractStorage save
INFO: &amp#27;[32mSave 8b8b6751-4c18-4896-bb54-98e97762309e(uuid5565)
сент. 19, 2025 6:42:49 PM webapp.storage.AbstractStorage save
INFO: &amp#27;[32mSave 391bcd47-01d5-4a08-b359-147d45b9e135(uuid5566)
сент. 19, 2025 6:42:49 PM webapp.storage.AbstractStorage save
INFO: &amp#27;[32mSave 5758e91f-0b36-4a67-bb09-a2bbd02a5385(uuid5567)
сент. 19, 2025 6:42:49 PM webapp.storage.AbstractStorage save
INFO: &amp#27;[32mSave 3a73b3cc-bdb7-4545-a276-7f21ae574971(uuid5568)
сент. 19, 2025 6:42:49 PM webapp.storage.AbstractStorage save
INFO: &amp#27;[32mSave 9ddc483d-421f-4d18-a5f6-fd86d8769e6b(uuid5569)
сент. 19, 2025 6:42:49 PM webapp.storage.AbstractStorage save
INFO: &amp#27;[32mSave 606f9124-62a0-4dae-8d43-107727be9309(uuid5570)
сент. 19, 2025 6:42:49 PM webapp.storage.AbstractStorage save
INFO: &amp#27;[32mSave 3bac01af-a322-4e9c-8393-108efde56d05(uuid5571)
сент. 19, 2025 6:42:49 PM webapp.storage.AbstractStorage save
INFO: &amp#27;[32mSave b537c886-a703-4ac3-be7d-c7f4b7b4273f(uuid5572)
сент. 19, 2025 6:42:49 PM webapp.storage.AbstractStorage save
INFO: &amp#27;[32mSave 9b7b1d80-556c-4505-9b8c-8db29d9a91a6(uuid5573)
сент. 19, 2025 6:42:49 PM webapp.storage.AbstractStorage save
INFO: &amp#27;[32mSave 7fd5c85d-0f0c-460e-ad97-f63eaab97794(uuid5574)
сент. 19, 2025 6:42:49 PM webapp.storage.AbstractStorage save
INFO: &amp#27;[32mSave d4455b11-ef9b-4701-9ef8-10028fc7c751(uuid5575)
сент. 19, 2025 6:42:49 PM webapp.storage.AbstractStorage save
INFO: &amp#27;[32mSave 69810d18-6219-4716-8a14-df99f4389f4d(uuid5576)
сент. 19, 2025 6:42:49 PM webapp.storage.AbstractStorage save
INFO: &amp#27;[32mSave b400ce2a-3fff-48d0-a3a7-d9244adc478b(uuid5577)
сент. 19, 2025 6:42:49 PM webapp.storage.AbstractStorage save
INFO: &amp#27;[32mSave 8a252453-2d83-41f8-8adb-0f3084904a12(uuid5578)
сент. 19, 2025 6:42:49 PM webapp.storage.AbstractStorage save
INFO: &amp#27;[32mSave b95a3d68-8d8c-4e9a-a4a1-67bd72f7dc08(uuid5579)
сент. 19, 2025 6:42:49 PM webapp.storage.AbstractStorage save
INFO: &amp#27;[32mSave 62fe8c28-35ab-4a88-ba77-223adb519af3(uuid5580)
сент. 19, 2025 6:42:49 PM webapp.storage.AbstractStorage save
INFO: &amp#27;[32mSave 109c5182-8b43-4827-ae28-2682bf009cf4(uuid5581)
сент. 19, 2025 6:42:49 PM webapp.storage.AbstractStorage save
INFO: &amp#27;[32mSave 5b5d1603-e9f4-4e5f-b55f-9f0663db0bf5(uuid5582)
сент. 19, 2025 6:42:49 PM webapp.storage.AbstractStorage save
INFO: &amp#27;[32mSave fa1b6ef6-06a7-4dc4-ba37-5232286565bd(uuid5583)
сент. 19, 2025 6:42:49 PM webapp.storage.AbstractStorage save
INFO: &amp#27;[32mSave e7321b43-05b7-420e-821c-fdcd9e392e35(uuid5584)
сент. 19, 2025 6:42:49 PM webapp.storage.AbstractStorage save
INFO: &amp#27;[32mSave 1a04bb3d-481c-475c-a014-5641f3ed90f7(uuid5585)
сент. 19, 2025 6:42:49 PM webapp.storage.AbstractStorage save
INFO: &amp#27;[32mSave f815edd7-ec80-417e-ab81-edac7972c75b(uuid5586)
сент. 19, 2025 6:42:49 PM webapp.storage.AbstractStorage save
INFO: &amp#27;[32mSave 2c385be7-7f9e-4ec4-9fbc-d6b522ce50be(uuid5587)
сент. 19, 2025 6:42:49 PM webapp.storage.AbstractStorage save
INFO: &amp#27;[32mSave 4298ffd8-29f0-4f2c-9e20-2bf232dcfc97(uuid5588)
сент. 19, 2025 6:42:49 PM webapp.storage.AbstractStorage save
INFO: &amp#27;[32mSave 8a9583a5-72b0-48b8-963c-76578d4b3af6(uuid5589)
сент. 19, 2025 6:42:49 PM webapp.storage.AbstractStorage save
INFO: &amp#27;[32mSave d0cd0250-d23d-4924-8b1f-2d005be88a03(uuid5590)
сент. 19, 2025 6:42:49 PM webapp.storage.AbstractStorage save
INFO: &amp#27;[32mSave 1e07587a-5ead-4427-9999-80a89a23460f(uuid5591)
сент. 19, 2025 6:42:49 PM webapp.storage.AbstractStorage save
INFO: &amp#27;[32mSave 0d9a929e-514b-456f-92d5-963edd65ede3(uuid5592)
сент. 19, 2025 6:42:49 PM webapp.storage.AbstractStorage save
INFO: &amp#27;[32mSave 691f9ff6-a0aa-437c-9bc9-6d9eb70710b7(uuid5593)
сент. 19, 2025 6:42:49 PM webapp.storage.AbstractStorage save
INFO: &amp#27;[32mSave 91607f10-cbf7-490c-98e3-c893d4893edd(uuid5594)
сент. 19, 2025 6:42:49 PM webapp.storage.AbstractStorage save
INFO: &amp#27;[32mSave b3fb0dce-72eb-48e5-9474-16f17e5c8447(uuid5595)
сент. 19, 2025 6:42:49 PM webapp.storage.AbstractStorage save
INFO: &amp#27;[32mSave e3c902a7-2c96-4893-8598-bf7115603096(uuid5596)
сент. 19, 2025 6:42:49 PM webapp.storage.AbstractStorage save
INFO: &amp#27;[32mSave d3eb14a6-5931-406b-ac00-8260b63a7516(uuid5597)
сент. 19, 2025 6:42:49 PM webapp.storage.AbstractStorage save
INFO: &amp#27;[32mSave a8c713d7-d1f0-406e-b784-af4a546f2fbf(uuid5598)
сент. 19, 2025 6:42:49 PM webapp.storage.AbstractStorage save
INFO: &amp#27;[32mSave ce9840da-bdab-43c7-9520-5df73c678d96(uuid5599)
сент. 19, 2025 6:42:49 PM webapp.storage.AbstractStorage save
INFO: &amp#27;[32mSave aeb0fc02-f983-48b2-834c-0f0063a3a13d(uuid5600)
сент. 19, 2025 6:42:49 PM webapp.storage.AbstractStorage save
INFO: &amp#27;[32mSave fad910ee-db07-4c74-a451-9ab0651cdec4(uuid5601)
сент. 19, 2025 6:42:49 PM webapp.storage.AbstractStorage save
INFO: &amp#27;[32mSave 43421cdd-3190-47f2-9164-5221c2441e09(uuid5602)
сент. 19, 2025 6:42:49 PM webapp.storage.AbstractStorage save
INFO: &amp#27;[32mSave 38a3b4c0-6ffb-4b3f-9404-b6dbe005a672(uuid5603)
сент. 19, 2025 6:42:49 PM webapp.storage.AbstractStorage save
INFO: &amp#27;[32mSave 2aab8c21-0d85-4be3-8edf-cd26da9f174d(uuid5604)
сент. 19, 2025 6:42:49 PM webapp.storage.AbstractStorage save
INFO: &amp#27;[32mSave e719606d-832a-4753-956d-64d8c4e9c1aa(uuid5605)
сент. 19, 2025 6:42:49 PM webapp.storage.AbstractStorage save
INFO: &amp#27;[32mSave 69c4df27-007e-41bb-98ea-bd91af617411(uuid5606)
сент. 19, 2025 6:42:49 PM webapp.storage.AbstractStorage save
INFO: &amp#27;[32mSave d13a660f-ac49-4d16-b625-526935bfb157(uuid5607)
сент. 19, 2025 6:42:49 PM webapp.storage.AbstractStorage save
INFO: &amp#27;[32mSave ceb9320e-7d34-4903-9590-dae6ddbd4bbf(uuid5608)
сент. 19, 2025 6:42:49 PM webapp.storage.AbstractStorage save
INFO: &amp#27;[32mSave 2feaef38-1d8a-4551-8a64-c97a5d4635cb(uuid5609)
сент. 19, 2025 6:42:49 PM webapp.storage.AbstractStorage save
INFO: &amp#27;[32mSave f7cef696-3bd4-4dd4-81ba-741e1e74eee8(uuid5610)
сент. 19, 2025 6:42:49 PM webapp.storage.AbstractStorage save
INFO: &amp#27;[32mSave c6d70f80-06de-4dcf-9c30-0c2e59978318(uuid5611)
сент. 19, 2025 6:42:49 PM webapp.storage.AbstractStorage save
INFO: &amp#27;[32mSave 2202f54a-2613-49bd-8964-cbd84dfe5b78(uuid5612)
сент. 19, 2025 6:42:49 PM webapp.storage.AbstractStorage save
INFO: &amp#27;[32mSave 84544379-7351-4495-b4b7-d88526bd3070(uuid5613)
сент. 19, 2025 6:42:49 PM webapp.storage.AbstractStorage save
INFO: &amp#27;[32mSave 276d6f7d-e0fd-4fdd-afb8-253bde2ba7d5(uuid5614)
сент. 19, 2025 6:42:49 PM webapp.storage.AbstractStorage save
INFO: &amp#27;[32mSave 43aeab62-454a-496f-8469-2d550f0be39d(uuid5615)
сент. 19, 2025 6:42:49 PM webapp.storage.AbstractStorage save
INFO: &amp#27;[32mSave e5b6ebff-35e7-40e0-9690-d3412d1a7b49(uuid5616)
сент. 19, 2025 6:42:49 PM webapp.storage.AbstractStorage save
INFO: &amp#27;[32mSave 71907bd3-fcbf-495e-b8c5-d830a3e466b2(uuid5617)
сент. 19, 2025 6:42:49 PM webapp.storage.AbstractStorage save
INFO: &amp#27;[32mSave 84287c8c-e7a7-4c45-a0ee-e2e841211af1(uuid5618)
сент. 19, 2025 6:42:49 PM webapp.storage.AbstractStorage save
INFO: &amp#27;[32mSave 500141c4-5042-4852-9183-c9a925df703b(uuid5619)
сент. 19, 2025 6:42:49 PM webapp.storage.AbstractStorage save
INFO: &amp#27;[32mSave 1bf28aa0-2c87-4a82-863d-92b34c0e862e(uuid5620)
сент. 19, 2025 6:42:49 PM webapp.storage.AbstractStorage save
INFO: &amp#27;[32mSave 07308ea0-bf37-4b87-9083-d96c094373c4(uuid5621)
сент. 19, 2025 6:42:49 PM webapp.storage.AbstractStorage save
INFO: &amp#27;[32mSave f71086ba-7a84-4426-8683-151ce55281f4(uuid5622)
сент. 19, 2025 6:42:49 PM webapp.storage.AbstractStorage save
INFO: &amp#27;[32mSave 95ae6494-ef14-4bc1-ac62-413f91e318cc(uuid5623)
сент. 19, 2025 6:42:49 PM webapp.storage.AbstractStorage save
INFO: &amp#27;[32mSave cd6578d0-48c6-4034-b2d6-783c469fc8a0(uuid5624)
сент. 19, 2025 6:42:49 PM webapp.storage.AbstractStorage save
INFO: &amp#27;[32mSave 770c76b3-8a2c-47af-a2f5-11b5abe66736(uuid5625)
сент. 19, 2025 6:42:49 PM webapp.storage.AbstractStorage save
INFO: &amp#27;[32mSave 5b42b702-92c7-4eca-92ec-0d545a4dd176(uuid5626)
сент. 19, 2025 6:42:49 PM webapp.storage.AbstractStorage save
INFO: &amp#27;[32mSave 4f45eabb-6f4b-4da9-96d8-25fbd6f7915e(uuid5627)
сент. 19, 2025 6:42:49 PM webapp.storage.AbstractStorage save
INFO: &amp#27;[32mSave ea5e0561-d11b-40cc-9de6-a76baec4340a(uuid5628)
сент. 19, 2025 6:42:49 PM webapp.storage.AbstractStorage save
INFO: &amp#27;[32mSave 77a7b993-d399-4c79-a03e-7258f7a5d89d(uuid5629)
сент. 19, 2025 6:42:49 PM webapp.storage.AbstractStorage save
INFO: &amp#27;[32mSave afeb51cf-7adb-4b71-b9e6-dff71f1b7c03(uuid5630)
сент. 19, 2025 6:42:49 PM webapp.storage.AbstractStorage save
INFO: &amp#27;[32mSave 838bf084-11d5-45bc-a526-468d213188ce(uuid5631)
сент. 19, 2025 6:42:49 PM webapp.storage.AbstractStorage save
INFO: &amp#27;[32mSave f75fe0d0-e9bb-44b8-9240-4c8a8c93d022(uuid5632)
сент. 19, 2025 6:42:49 PM webapp.storage.AbstractStorage save
INFO: &amp#27;[32mSave 56ee2fea-f3dc-427b-96ad-9708b5274a4b(uuid5633)
сент. 19, 2025 6:42:49 PM webapp.storage.AbstractStorage save
INFO: &amp#27;[32mSave 0dcba9e6-238d-4a9c-8d23-8d3f686a75c0(uuid5634)
сент. 19, 2025 6:42:49 PM webapp.storage.AbstractStorage save
INFO: &amp#27;[32mSave d2ae414f-c7b5-4c19-bd3e-0e9395bf4bf9(uuid5635)
сент. 19, 2025 6:42:49 PM webapp.storage.AbstractStorage save
INFO: &amp#27;[32mSave 12a0ae8c-7e8d-41d9-a686-21bc562b510d(uuid5636)
сент. 19, 2025 6:42:49 PM webapp.storage.AbstractStorage save
INFO: &amp#27;[32mSave 1e9353dd-da9a-4b5e-95d6-fc1898568d9f(uuid5637)
сент. 19, 2025 6:42:49 PM webapp.storage.AbstractStorage save
INFO: &amp#27;[32mSave 7e0f94c7-6eba-4348-867b-2d29de7d6e54(uuid5638)
сент. 19, 2025 6:42:49 PM webapp.storage.AbstractStorage save
INFO: &amp#27;[32mSave c648b7cf-8458-4c9c-8e31-be159267a54e(uuid5639)
сент. 19, 2025 6:42:49 PM webapp.storage.AbstractStorage save
INFO: &amp#27;[32mSave 8fdb5729-f2f2-46bf-870c-f19c3fbce44e(uuid5640)
сент. 19, 2025 6:42:49 PM webapp.storage.AbstractStorage save
INFO: &amp#27;[32mSave b9428e42-527f-45ac-b6df-c7f2b2777b9f(uuid5641)
сент. 19, 2025 6:42:49 PM webapp.storage.AbstractStorage save
INFO: &amp#27;[32mSave bea7c277-2a1c-4657-9acc-8da52e1ab9f7(uuid5642)
сент. 19, 2025 6:42:49 PM webapp.storage.AbstractStorage save
INFO: &amp#27;[32mSave 0800c6fe-1864-4c9c-8572-3ae56e5469db(uuid5643)
сент. 19, 2025 6:42:49 PM webapp.storage.AbstractStorage save
INFO: &amp#27;[32mSave 7e2683b9-fc28-4d46-9f18-c760785532a9(uuid5644)
сент. 19, 2025 6:42:49 PM webapp.storage.AbstractStorage save
INFO: &amp#27;[32mSave 9adaa1e6-aa9c-48c5-938b-a3390bc68f45(uuid5645)
сент. 19, 2025 6:42:49 PM webapp.storage.AbstractStorage save
INFO: &amp#27;[32mSave 800b6222-3dc8-4d3d-8c9d-f51e6b58a8fd(uuid5646)
сент. 19, 2025 6:42:49 PM webapp.storage.AbstractStorage save
INFO: &amp#27;[32mSave a23e5bba-5959-461e-b4ce-aa6ea52b97a2(uuid5647)
сент. 19, 2025 6:42:49 PM webapp.storage.AbstractStorage save
INFO: &amp#27;[32mSave f0fcb0d2-27d8-41e0-972c-857795d48dbf(uuid5648)
сент. 19, 2025 6:42:49 PM webapp.storage.AbstractStorage save
INFO: &amp#27;[32mSave 0410de88-6533-4429-9152-f5e08c0060d0(uuid5649)
сент. 19, 2025 6:42:49 PM webapp.storage.AbstractStorage save
INFO: &amp#27;[32mSave bf453c19-241d-43b7-82ab-878c83545efd(uuid5650)
сент. 19, 2025 6:42:49 PM webapp.storage.AbstractStorage save
INFO: &amp#27;[32mSave b8b80233-14d9-4571-a07a-c60e005ef197(uuid5651)
сент. 19, 2025 6:42:49 PM webapp.storage.AbstractStorage save
INFO: &amp#27;[32mSave 6f11f29d-36a8-4dd7-a7d4-cce2284e1d9b(uuid5652)
сент. 19, 2025 6:42:49 PM webapp.storage.AbstractStorage save
INFO: &amp#27;[32mSave 09d2c1f9-4b08-4bf4-a405-f04fb4a91a1e(uuid5653)
сент. 19, 2025 6:42:49 PM webapp.storage.AbstractStorage save
INFO: &amp#27;[32mSave 0859fe9e-e5bf-40b7-bb5c-40e9fccf0130(uuid5654)
сент. 19, 2025 6:42:49 PM webapp.storage.AbstractStorage save
INFO: &amp#27;[32mSave 103b4ee2-47f2-4b63-bf19-a4ea40a35327(uuid5655)
сент. 19, 2025 6:42:49 PM webapp.storage.AbstractStorage save
INFO: &amp#27;[32mSave adbaf53b-576b-473c-9e55-e2f84e472f41(uuid5656)
сент. 19, 2025 6:42:49 PM webapp.storage.AbstractStorage save
INFO: &amp#27;[32mSave 3d04214a-ecdf-4967-bd3b-235963bb69f8(uuid5657)
сент. 19, 2025 6:42:49 PM webapp.storage.AbstractStorage save
INFO: &amp#27;[32mSave 1beec4c1-74f1-4a8a-b7a0-b5c0046534e2(uuid5658)
сент. 19, 2025 6:42:49 PM webapp.storage.AbstractStorage save
INFO: &amp#27;[32mSave 4df58301-0af0-4573-892f-c3a306a7ec53(uuid5659)
сент. 19, 2025 6:42:49 PM webapp.storage.AbstractStorage save
INFO: &amp#27;[32mSave 1e2ab16f-c3ea-4436-97d9-6fb1ebabc45f(uuid5660)
сент. 19, 2025 6:42:49 PM webapp.storage.AbstractStorage save
INFO: &amp#27;[32mSave 1833cd3a-bc9d-4eb0-a4b6-d8aaf58d76df(uuid5661)
сент. 19, 2025 6:42:49 PM webapp.storage.AbstractStorage save
INFO: &amp#27;[32mSave 4554c89d-0180-4909-bfd0-c24e4d6d5b24(uuid5662)
сент. 19, 2025 6:42:49 PM webapp.storage.AbstractStorage save
INFO: &amp#27;[32mSave 429dd160-b867-47d4-bba3-b6b8e1def9f6(uuid5663)
сент. 19, 2025 6:42:49 PM webapp.storage.AbstractStorage save
INFO: &amp#27;[32mSave 14d7a93d-f99f-4fcc-9006-37a5c876b51a(uuid5664)
сент. 19, 2025 6:42:49 PM webapp.storage.AbstractStorage save
INFO: &amp#27;[32mSave e14045b4-7de4-4a87-9131-492af207c9f8(uuid5665)
сент. 19, 2025 6:42:49 PM webapp.storage.AbstractStorage save
INFO: &amp#27;[32mSave a6c5a2ce-c088-4fdb-aedf-4e76236d9027(uuid5666)
сент. 19, 2025 6:42:49 PM webapp.storage.AbstractStorage save
INFO: &amp#27;[32mSave 149d8ee9-ad13-4b0f-80cb-65d0c6f7a8b6(uuid5667)
сент. 19, 2025 6:42:49 PM webapp.storage.AbstractStorage save
INFO: &amp#27;[32mSave 7e51f233-200b-4b8e-849d-3f93ba14a6c5(uuid5668)
сент. 19, 2025 6:42:49 PM webapp.storage.AbstractStorage save
INFO: &amp#27;[32mSave 7d862fa9-62b8-4c55-9748-756b44ea4d75(uuid5669)
сент. 19, 2025 6:42:49 PM webapp.storage.AbstractStorage save
INFO: &amp#27;[32mSave ce75ca47-5c46-4a6c-8a96-0ca0822d6dfa(uuid5670)
сент. 19, 2025 6:42:49 PM webapp.storage.AbstractStorage save
INFO: &amp#27;[32mSave 602b5fbe-081d-4839-bafe-e99203cb966d(uuid5671)
сент. 19, 2025 6:42:49 PM webapp.storage.AbstractStorage save
INFO: &amp#27;[32mSave 272d70bc-a5f9-4837-9114-a2ff966297d1(uuid5672)
сент. 19, 2025 6:42:49 PM webapp.storage.AbstractStorage save
INFO: &amp#27;[32mSave 4cff3540-d90e-48de-8e68-264a5bc176cc(uuid5673)
сент. 19, 2025 6:42:49 PM webapp.storage.AbstractStorage save
INFO: &amp#27;[32mSave 1583ce34-1977-438f-b4ab-83f461a91c54(uuid5674)
сент. 19, 2025 6:42:49 PM webapp.storage.AbstractStorage save
INFO: &amp#27;[32mSave 5a96cb3b-5fd8-4b84-8e8c-bbadd7783ac1(uuid5675)
сент. 19, 2025 6:42:49 PM webapp.storage.AbstractStorage save
INFO: &amp#27;[32mSave 71ebdef9-606c-4e93-8e98-ece054a02a5d(uuid5676)
сент. 19, 2025 6:42:49 PM webapp.storage.AbstractStorage save
INFO: &amp#27;[32mSave 9b1e3905-d619-43ed-a9bc-1db222ef2216(uuid5677)
сент. 19, 2025 6:42:49 PM webapp.storage.AbstractStorage save
INFO: &amp#27;[32mSave a77228b0-3ab2-4802-a10a-a7e7cecb73a4(uuid5678)
сент. 19, 2025 6:42:49 PM webapp.storage.AbstractStorage save
INFO: &amp#27;[32mSave 2ebf5e40-06e4-451f-835a-02f087098b0a(uuid5679)
сент. 19, 2025 6:42:49 PM webapp.storage.AbstractStorage save
INFO: &amp#27;[32mSave 6032b77e-288f-44bf-92f2-e5a9d41fd3ea(uuid5680)
сент. 19, 2025 6:42:49 PM webapp.storage.AbstractStorage save
INFO: &amp#27;[32mSave f2312f25-5a16-498e-8927-6473cc074a3b(uuid5681)
сент. 19, 2025 6:42:49 PM webapp.storage.AbstractStorage save
INFO: &amp#27;[32mSave 9c5a7b1c-5001-4129-bc37-4833766ff9e8(uuid5682)
сент. 19, 2025 6:42:49 PM webapp.storage.AbstractStorage save
INFO: &amp#27;[32mSave a00ba03d-5960-48be-a236-c33bb23717a6(uuid5683)
сент. 19, 2025 6:42:49 PM webapp.storage.AbstractStorage save
INFO: &amp#27;[32mSave 2cdd7cff-cc23-4ba5-84b3-a9e0bdba26f7(uuid5684)
сент. 19, 2025 6:42:49 PM webapp.storage.AbstractStorage save
INFO: &amp#27;[32mSave a3b22805-3971-411c-8f83-ad453090add7(uuid5685)
сент. 19, 2025 6:42:49 PM webapp.storage.AbstractStorage save
INFO: &amp#27;[32mSave 6eb95dd9-424c-4e7d-b148-2aebb939fd69(uuid5686)
сент. 19, 2025 6:42:49 PM webapp.storage.AbstractStorage save
INFO: &amp#27;[32mSave 0545be91-6e01-4789-8056-52f690de1f7c(uuid5687)
сент. 19, 2025 6:42:49 PM webapp.storage.AbstractStorage save
INFO: &amp#27;[32mSave c521dddd-152f-42c8-bc49-8853d4a240d1(uuid5688)
сент. 19, 2025 6:42:49 PM webapp.storage.AbstractStorage save
INFO: &amp#27;[32mSave 4cbbf01b-32d4-495b-9532-a04af9b9ccac(uuid5689)
сент. 19, 2025 6:42:49 PM webapp.storage.AbstractStorage save
INFO: &amp#27;[32mSave b69650e9-56a2-434f-ac99-f73370994a4c(uuid5690)
сент. 19, 2025 6:42:49 PM webapp.storage.AbstractStorage save
INFO: &amp#27;[32mSave 03be5357-b1da-4a8b-9e88-088b2fc212ae(uuid5691)
сент. 19, 2025 6:42:49 PM webapp.storage.AbstractStorage save
INFO: &amp#27;[32mSave d023547b-674d-4219-857d-c933ae2ccce2(uuid5692)
сент. 19, 2025 6:42:49 PM webapp.storage.AbstractStorage save
INFO: &amp#27;[32mSave 13162284-e8f3-408c-83d0-c0110b3748c4(uuid5693)
сент. 19, 2025 6:42:49 PM webapp.storage.AbstractStorage save
INFO: &amp#27;[32mSave ba15efe9-c261-4541-98c7-3587cebda1fb(uuid5694)
сент. 19, 2025 6:42:49 PM webapp.storage.AbstractStorage save
INFO: &amp#27;[32mSave 74eed8c5-1006-4c6a-bc57-2b02411186f0(uuid5695)
сент. 19, 2025 6:42:49 PM webapp.storage.AbstractStorage save
INFO: &amp#27;[32mSave 06cfdbe8-d1aa-4efd-aaa8-de2432d7b5be(uuid5696)
сент. 19, 2025 6:42:49 PM webapp.storage.AbstractStorage save
INFO: &amp#27;[32mSave 1fe689fc-2cfb-48d5-96a5-aa39a516553e(uuid5697)
сент. 19, 2025 6:42:49 PM webapp.storage.AbstractStorage save
INFO: &amp#27;[32mSave db7709ab-cb87-4a01-a6cf-b682659f4e46(uuid5698)
сент. 19, 2025 6:42:49 PM webapp.storage.AbstractStorage save
INFO: &amp#27;[32mSave 7cc788e1-78d3-4e7b-95d9-75bbb9681d8b(uuid5699)
сент. 19, 2025 6:42:49 PM webapp.storage.AbstractStorage save
INFO: &amp#27;[32mSave 27ad1e02-6c14-4a1c-a1ba-13f702826bdf(uuid5700)
сент. 19, 2025 6:42:49 PM webapp.storage.AbstractStorage save
INFO: &amp#27;[32mSave 33c73e1f-1b55-48a1-82c7-8a2790657086(uuid5701)
сент. 19, 2025 6:42:49 PM webapp.storage.AbstractStorage save
INFO: &amp#27;[32mSave db0dc22a-6f94-40af-b081-09d06e4b4bbe(uuid5702)
сент. 19, 2025 6:42:49 PM webapp.storage.AbstractStorage save
INFO: &amp#27;[32mSave c1c48dd1-e3aa-4da5-af8c-50c6c37e00d0(uuid5703)
сент. 19, 2025 6:42:49 PM webapp.storage.AbstractStorage save
INFO: &amp#27;[32mSave d4e673ff-fc72-4a5f-859d-dc91bc0aa153(uuid5704)
сент. 19, 2025 6:42:49 PM webapp.storage.AbstractStorage save
INFO: &amp#27;[32mSave 2ff74c24-d06c-46b2-b224-ca28dee03d87(uuid5705)
сент. 19, 2025 6:42:49 PM webapp.storage.AbstractStorage save
INFO: &amp#27;[32mSave d68b2d28-9a21-46f6-b0db-869e24eb51de(uuid5706)
сент. 19, 2025 6:42:49 PM webapp.storage.AbstractStorage save
INFO: &amp#27;[32mSave 22bc7be2-0dcc-4433-aa26-cdab07ce94bb(uuid5707)
сент. 19, 2025 6:42:49 PM webapp.storage.AbstractStorage save
INFO: &amp#27;[32mSave a7ebb127-ba1f-486e-af36-97f8b52bd871(uuid5708)
сент. 19, 2025 6:42:49 PM webapp.storage.AbstractStorage save
INFO: &amp#27;[32mSave f291194d-d99a-4bbe-bdf1-29b94fb1197b(uuid5709)
сент. 19, 2025 6:42:49 PM webapp.storage.AbstractStorage save
INFO: &amp#27;[32mSave b1a726ba-11cd-4d23-8bdc-d37535135ee7(uuid5710)
сент. 19, 2025 6:42:49 PM webapp.storage.AbstractStorage save
INFO: &amp#27;[32mSave c0cbe6b7-b478-4195-95ae-3d62835e5023(uuid5711)
сент. 19, 2025 6:42:49 PM webapp.storage.AbstractStorage save
INFO: &amp#27;[32mSave fc6f18ce-1c18-43c3-a835-1cd00786cb82(uuid5712)
сент. 19, 2025 6:42:49 PM webapp.storage.AbstractStorage save
INFO: &amp#27;[32mSave c9a8a245-22b3-4f9e-ae39-c7df017f2bc8(uuid5713)
сент. 19, 2025 6:42:49 PM webapp.storage.AbstractStorage save
INFO: &amp#27;[32mSave 31a0b5d2-4ffb-4a66-a0da-59bf63c10598(uuid5714)
сент. 19, 2025 6:42:49 PM webapp.storage.AbstractStorage save
INFO: &amp#27;[32mSave 8d3051c7-f006-4754-92fa-673d760ef334(uuid5715)
сент. 19, 2025 6:42:49 PM webapp.storage.AbstractStorage save
INFO: &amp#27;[32mSave c8df0461-0a0b-4e48-a313-c4cebe0fe246(uuid5716)
сент. 19, 2025 6:42:49 PM webapp.storage.AbstractStorage save
INFO: &amp#27;[32mSave d2b6a128-027d-4b6d-ab03-34473a34c1c6(uuid5717)
сент. 19, 2025 6:42:49 PM webapp.storage.AbstractStorage save
INFO: &amp#27;[32mSave 5ea58b37-c003-437f-aff3-9ab2792736ad(uuid5718)
сент. 19, 2025 6:42:49 PM webapp.storage.AbstractStorage save
INFO: &amp#27;[32mSave 60e2c24c-fb26-4fd5-bef0-88d3f77ab287(uuid5719)
сент. 19, 2025 6:42:49 PM webapp.storage.AbstractStorage save
INFO: &amp#27;[32mSave ced6ebc5-a36d-4ecc-a87c-9794537b29b3(uuid5720)
сент. 19, 2025 6:42:49 PM webapp.storage.AbstractStorage save
INFO: &amp#27;[32mSave d339a200-26e0-4ef0-8bca-3729986945c6(uuid5721)
сент. 19, 2025 6:42:49 PM webapp.storage.AbstractStorage save
INFO: &amp#27;[32mSave b294503c-dea6-4bd9-8c75-0c0f9c9bd970(uuid5722)
сент. 19, 2025 6:42:49 PM webapp.storage.AbstractStorage save
INFO: &amp#27;[32mSave 76196cf7-06d0-4bce-b70a-5ac0052b9a35(uuid5723)
сент. 19, 2025 6:42:49 PM webapp.storage.AbstractStorage save
INFO: &amp#27;[32mSave a23974c9-d465-4418-bc6d-bfac274ddb95(uuid5724)
сент. 19, 2025 6:42:49 PM webapp.storage.AbstractStorage save
INFO: &amp#27;[32mSave c5dac31e-8c09-4b91-96a7-00f7fa176cf7(uuid5725)
сент. 19, 2025 6:42:49 PM webapp.storage.AbstractStorage save
INFO: &amp#27;[32mSave 370474d0-d19b-4eb5-87ea-da6f992953d5(uuid5726)
сент. 19, 2025 6:42:49 PM webapp.storage.AbstractStorage save
INFO: &amp#27;[32mSave 7836b261-412c-46e6-b288-1d7a2f834a6d(uuid5727)
сент. 19, 2025 6:42:49 PM webapp.storage.AbstractStorage save
INFO: &amp#27;[32mSave f597145c-a935-4df8-aa36-0c324398a79f(uuid5728)
сент. 19, 2025 6:42:49 PM webapp.storage.AbstractStorage save
INFO: &amp#27;[32mSave 85fc5ded-1cf6-4b63-b3a9-16a16b9d22ed(uuid5729)
сент. 19, 2025 6:42:49 PM webapp.storage.AbstractStorage save
INFO: &amp#27;[32mSave dd9da744-b43c-4ec1-86ed-96e2936a2fb4(uuid5730)
сент. 19, 2025 6:42:49 PM webapp.storage.AbstractStorage save
INFO: &amp#27;[32mSave 1a7391d1-0278-401a-971a-81a795e29bc1(uuid5731)
сент. 19, 2025 6:42:49 PM webapp.storage.AbstractStorage save
INFO: &amp#27;[32mSave f7b2b313-ddc6-4cd9-b231-e4fe1eee967e(uuid5732)
сент. 19, 2025 6:42:49 PM webapp.storage.AbstractStorage save
INFO: &amp#27;[32mSave 4993d0e1-954b-4ecc-8a1e-2f8253566249(uuid5733)
сент. 19, 2025 6:42:49 PM webapp.storage.AbstractStorage save
INFO: &amp#27;[32mSave 35d2a72f-7fdb-4866-bcdb-496fa2ace654(uuid5734)
сент. 19, 2025 6:42:49 PM webapp.storage.AbstractStorage save
INFO: &amp#27;[32mSave 18ceddcd-dae2-40dd-9f18-d4fbcd200709(uuid5735)
сент. 19, 2025 6:42:49 PM webapp.storage.AbstractStorage save
INFO: &amp#27;[32mSave 4fc74d55-360d-48a0-b650-020e9311ae51(uuid5736)
сент. 19, 2025 6:42:49 PM webapp.storage.AbstractStorage save
INFO: &amp#27;[32mSave 48e2bc9d-6b8a-4eeb-bbb9-a9d5eb1de7c8(uuid5737)
сент. 19, 2025 6:42:49 PM webapp.storage.AbstractStorage save
INFO: &amp#27;[32mSave 74d0e8f1-2adf-436b-b996-ad4993dd4a18(uuid5738)
сент. 19, 2025 6:42:49 PM webapp.storage.AbstractStorage save
INFO: &amp#27;[32mSave 0d7d01cf-9b97-45dc-9624-1ebc0a61f50c(uuid5739)
сент. 19, 2025 6:42:49 PM webapp.storage.AbstractStorage save
INFO: &amp#27;[32mSave 66bafbe7-3408-436f-b4d2-ccab25142900(uuid5740)
сент. 19, 2025 6:42:49 PM webapp.storage.AbstractStorage save
INFO: &amp#27;[32mSave d05a2982-f1f2-45ea-a9d9-ffbd7d4b1f91(uuid5741)
сент. 19, 2025 6:42:49 PM webapp.storage.AbstractStorage save
INFO: &amp#27;[32mSave 482e3cf1-4705-41ae-a5cb-e9c824cc7117(uuid5742)
сент. 19, 2025 6:42:49 PM webapp.storage.AbstractStorage save
INFO: &amp#27;[32mSave 2769fe4b-e8ab-406e-971e-319079c79d5e(uuid5743)
сент. 19, 2025 6:42:49 PM webapp.storage.AbstractStorage save
INFO: &amp#27;[32mSave e61554ac-9e24-4927-818f-391f56427a8d(uuid5744)
сент. 19, 2025 6:42:49 PM webapp.storage.AbstractStorage save
INFO: &amp#27;[32mSave ecd746aa-c768-43c1-a270-fc480ec5c06a(uuid5745)
сент. 19, 2025 6:42:49 PM webapp.storage.AbstractStorage save
INFO: &amp#27;[32mSave 6daefd14-2deb-44c8-abfc-da0a4cb01d69(uuid5746)
сент. 19, 2025 6:42:49 PM webapp.storage.AbstractStorage save
INFO: &amp#27;[32mSave 0f561003-f3b7-461c-99f2-4bfb35829263(uuid5747)
сент. 19, 2025 6:42:49 PM webapp.storage.AbstractStorage save
INFO: &amp#27;[32mSave ac1ecc0e-12a4-4700-b54e-a2af4d3a9ab1(uuid5748)
сент. 19, 2025 6:42:49 PM webapp.storage.AbstractStorage save
INFO: &amp#27;[32mSave 7db3d09d-21fc-48c4-823a-a95dca44e560(uuid5749)
сент. 19, 2025 6:42:49 PM webapp.storage.AbstractStorage save
INFO: &amp#27;[32mSave 15f09da1-1348-4c22-aee4-c7b935bbb806(uuid5750)
сент. 19, 2025 6:42:49 PM webapp.storage.AbstractStorage save
INFO: &amp#27;[32mSave 7ba427d4-456a-43bb-9a9f-c3fe827b48d0(uuid5751)
сент. 19, 2025 6:42:49 PM webapp.storage.AbstractStorage save
INFO: &amp#27;[32mSave e1d935ea-5839-4b6f-961e-4bc9d4ebe888(uuid5752)
сент. 19, 2025 6:42:49 PM webapp.storage.AbstractStorage save
INFO: &amp#27;[32mSave 012fb632-40e0-4f45-8977-2ff683048f36(uuid5753)
сент. 19, 2025 6:42:49 PM webapp.storage.AbstractStorage save
INFO: &amp#27;[32mSave 59aa7aeb-24db-4d43-97c1-a7179480a126(uuid5754)
сент. 19, 2025 6:42:49 PM webapp.storage.AbstractStorage save
INFO: &amp#27;[32mSave a34003ad-33c6-450c-b3ab-18c8c8851b63(uuid5755)
сент. 19, 2025 6:42:49 PM webapp.storage.AbstractStorage save
INFO: &amp#27;[32mSave bda89874-1651-4d1e-8a34-de3ecb17b7ac(uuid5756)
сент. 19, 2025 6:42:49 PM webapp.storage.AbstractStorage save
INFO: &amp#27;[32mSave 22d38e53-64a6-4535-b957-6b7f17c2446a(uuid5757)
сент. 19, 2025 6:42:49 PM webapp.storage.AbstractStorage save
INFO: &amp#27;[32mSave 12e99664-88b1-4118-ae3b-7e8a38f5801e(uuid5758)
сент. 19, 2025 6:42:49 PM webapp.storage.AbstractStorage save
INFO: &amp#27;[32mSave 2bc96c2e-9d83-4a33-ad67-ef8e57fcc6b4(uuid5759)
сент. 19, 2025 6:42:49 PM webapp.storage.AbstractStorage save
INFO: &amp#27;[32mSave 33d0ab3c-9a0a-4da9-bd2c-f2a46d8e9237(uuid5760)
сент. 19, 2025 6:42:49 PM webapp.storage.AbstractStorage save
INFO: &amp#27;[32mSave 1d53a8ff-4084-4f89-a781-548001ec0f6c(uuid5761)
сент. 19, 2025 6:42:49 PM webapp.storage.AbstractStorage save
INFO: &amp#27;[32mSave 6d2ac6e3-963d-48b9-8a04-5b7b9997624b(uuid5762)
сент. 19, 2025 6:42:49 PM webapp.storage.AbstractStorage save
INFO: &amp#27;[32mSave 00e745b4-16d0-4d04-a266-c5e92d53293c(uuid5763)
сент. 19, 2025 6:42:49 PM webapp.storage.AbstractStorage save
INFO: &amp#27;[32mSave 15e25693-bd1a-4b1e-ab58-df743a3dc917(uuid5764)
сент. 19, 2025 6:42:49 PM webapp.storage.AbstractStorage save
INFO: &amp#27;[32mSave f11e33cf-6b8f-4e2c-a508-0ca98aa59213(uuid5765)
сент. 19, 2025 6:42:49 PM webapp.storage.AbstractStorage save
INFO: &amp#27;[32mSave 95c2d5f7-9cb7-491d-96d3-0a149bd896be(uuid5766)
сент. 19, 2025 6:42:49 PM webapp.storage.AbstractStorage save
INFO: &amp#27;[32mSave 80441424-15be-4db1-9b90-a1e4ae5e8739(uuid5767)
сент. 19, 2025 6:42:49 PM webapp.storage.AbstractStorage save
INFO: &amp#27;[32mSave 28903ae8-4674-40a3-97f8-9f8e8f672d2b(uuid5768)
сент. 19, 2025 6:42:49 PM webapp.storage.AbstractStorage save
INFO: &amp#27;[32mSave 163bdb6d-7adf-4892-891a-5ddf327d082f(uuid5769)
сент. 19, 2025 6:42:49 PM webapp.storage.AbstractStorage save
INFO: &amp#27;[32mSave d7b7db8e-9afc-4e30-95f8-f078ab80f482(uuid5770)
сент. 19, 2025 6:42:49 PM webapp.storage.AbstractStorage save
INFO: &amp#27;[32mSave 6cf22014-ca56-499a-895a-d751bef8ece5(uuid5771)
сент. 19, 2025 6:42:49 PM webapp.storage.AbstractStorage save
INFO: &amp#27;[32mSave 305672e2-1421-42da-ad87-b3c44bb86bbd(uuid5772)
сент. 19, 2025 6:42:49 PM webapp.storage.AbstractStorage save
INFO: &amp#27;[32mSave b29dd282-e35b-4aa8-9848-3badacf069ad(uuid5773)
сент. 19, 2025 6:42:49 PM webapp.storage.AbstractStorage save
INFO: &amp#27;[32mSave 4524c60e-6fa4-468e-a2e4-1961e5d757f7(uuid5774)
сент. 19, 2025 6:42:49 PM webapp.storage.AbstractStorage save
INFO: &amp#27;[32mSave 1a353f75-826c-49ac-808d-68845821ee82(uuid5775)
сент. 19, 2025 6:42:49 PM webapp.storage.AbstractStorage save
INFO: &amp#27;[32mSave bc85c3d4-a18e-41df-aaba-ecae59a75247(uuid5776)
сент. 19, 2025 6:42:49 PM webapp.storage.AbstractStorage save
INFO: &amp#27;[32mSave 3bacdc83-1e7e-4173-8510-7ce9b9444147(uuid5777)
сент. 19, 2025 6:42:49 PM webapp.storage.AbstractStorage save
INFO: &amp#27;[32mSave 7f8df76d-7b72-44b5-8b8c-14655d1511d2(uuid5778)
сент. 19, 2025 6:42:49 PM webapp.storage.AbstractStorage save
INFO: &amp#27;[32mSave 2bbb7a18-7d37-4a38-ba8b-40f66e691ab4(uuid5779)
сент. 19, 2025 6:42:49 PM webapp.storage.AbstractStorage save
INFO: &amp#27;[32mSave ef5859d6-bb15-484b-b04a-e25f85924438(uuid5780)
сент. 19, 2025 6:42:49 PM webapp.storage.AbstractStorage save
INFO: &amp#27;[32mSave c35fa1be-3de0-4a85-aedd-69f7b1751635(uuid5781)
сент. 19, 2025 6:42:49 PM webapp.storage.AbstractStorage save
INFO: &amp#27;[32mSave d2ef04d9-fc01-4029-aa17-7b825792f4dc(uuid5782)
сент. 19, 2025 6:42:49 PM webapp.storage.AbstractStorage save
INFO: &amp#27;[32mSave 8a8f6105-faff-4887-9b16-cefe28d0ec3d(uuid5783)
сент. 19, 2025 6:42:49 PM webapp.storage.AbstractStorage save
INFO: &amp#27;[32mSave 702e6827-49b6-4761-af34-df0595114839(uuid5784)
сент. 19, 2025 6:42:49 PM webapp.storage.AbstractStorage save
INFO: &amp#27;[32mSave bbc6ff88-8b0b-491b-80f1-9c193cf077da(uuid5785)
сент. 19, 2025 6:42:49 PM webapp.storage.AbstractStorage save
INFO: &amp#27;[32mSave bfb49c4f-3e82-40af-b3fe-837ddedd05bf(uuid5786)
сент. 19, 2025 6:42:49 PM webapp.storage.AbstractStorage save
INFO: &amp#27;[32mSave cf24821e-6c4b-4b79-a00d-55673db4a518(uuid5787)
сент. 19, 2025 6:42:49 PM webapp.storage.AbstractStorage save
INFO: &amp#27;[32mSave 4d34df97-fe05-4366-a462-37d5219d5b2f(uuid5788)
сент. 19, 2025 6:42:49 PM webapp.storage.AbstractStorage save
INFO: &amp#27;[32mSave f8862607-b07e-407c-b665-6c27f36b1f90(uuid5789)
сент. 19, 2025 6:42:49 PM webapp.storage.AbstractStorage save
INFO: &amp#27;[32mSave dd09c97c-2924-4428-92fe-30f74ce6a3b9(uuid5790)
сент. 19, 2025 6:42:49 PM webapp.storage.AbstractStorage save
INFO: &amp#27;[32mSave 318574e4-7b39-47eb-8710-828d49b4683d(uuid5791)
сент. 19, 2025 6:42:49 PM webapp.storage.AbstractStorage save
INFO: &amp#27;[32mSave 09dd269c-e307-4473-804b-6846b5411c42(uuid5792)
сент. 19, 2025 6:42:49 PM webapp.storage.AbstractStorage save
INFO: &amp#27;[32mSave d190c8f3-2895-4e9c-a151-b607a14ce9c1(uuid5793)
сент. 19, 2025 6:42:49 PM webapp.storage.AbstractStorage save
INFO: &amp#27;[32mSave 04d867d6-5be4-4d23-b8e6-064bb12d5621(uuid5794)
сент. 19, 2025 6:42:49 PM webapp.storage.AbstractStorage save
INFO: &amp#27;[32mSave a81b783d-ea4b-4919-824e-dd8f5e5b1537(uuid5795)
сент. 19, 2025 6:42:49 PM webapp.storage.AbstractStorage save
INFO: &amp#27;[32mSave 2b2cba4b-4433-4ca8-8261-3ef673de99ef(uuid5796)
сент. 19, 2025 6:42:49 PM webapp.storage.AbstractStorage save
INFO: &amp#27;[32mSave cb22b834-ba07-464c-b7d8-84d92d5df910(uuid5797)
сент. 19, 2025 6:42:49 PM webapp.storage.AbstractStorage save
INFO: &amp#27;[32mSave d09740a3-2bdd-499d-ac24-cf34eb5a1deb(uuid5798)
сент. 19, 2025 6:42:49 PM webapp.storage.AbstractStorage save
INFO: &amp#27;[32mSave a61e53cf-27f0-4403-9f46-32c81c5828b2(uuid5799)
сент. 19, 2025 6:42:49 PM webapp.storage.AbstractStorage save
INFO: &amp#27;[32mSave ae88f4d9-c7f3-4e54-b6cc-e5ac8acca3e4(uuid5800)
сент. 19, 2025 6:42:49 PM webapp.storage.AbstractStorage save
INFO: &amp#27;[32mSave e30715e1-cd78-45a8-8091-0efc961a93e0(uuid5801)
сент. 19, 2025 6:42:49 PM webapp.storage.AbstractStorage save
INFO: &amp#27;[32mSave 82732b94-5762-470c-a2d0-7d8bbd99f155(uuid5802)
сент. 19, 2025 6:42:49 PM webapp.storage.AbstractStorage save
INFO: &amp#27;[32mSave 6dd50f86-816f-4d91-baf0-9341199293b2(uuid5803)
сент. 19, 2025 6:42:49 PM webapp.storage.AbstractStorage save
INFO: &amp#27;[32mSave 808edccd-e87a-4634-b7b4-09a3bcb7dd99(uuid5804)
сент. 19, 2025 6:42:49 PM webapp.storage.AbstractStorage save
INFO: &amp#27;[32mSave 09e1f91e-78c1-4605-b9f4-226fcaa619f1(uuid5805)
сент. 19, 2025 6:42:49 PM webapp.storage.AbstractStorage save
INFO: &amp#27;[32mSave 4b05761c-3baf-4de8-9900-a1f6bdd2468c(uuid5806)
сент. 19, 2025 6:42:49 PM webapp.storage.AbstractStorage save
INFO: &amp#27;[32mSave 825f875c-4308-40cc-9075-d3765e7efdeb(uuid5807)
сент. 19, 2025 6:42:49 PM webapp.storage.AbstractStorage save
INFO: &amp#27;[32mSave 602f85b5-2209-4613-9d3a-526bddcbe43a(uuid5808)
сент. 19, 2025 6:42:49 PM webapp.storage.AbstractStorage save
INFO: &amp#27;[32mSave 2671aebe-89be-4213-8665-dfca14865906(uuid5809)
сент. 19, 2025 6:42:49 PM webapp.storage.AbstractStorage save
INFO: &amp#27;[32mSave cb4c5cd8-6ca1-4630-9c9c-220e7f273d9b(uuid5810)
сент. 19, 2025 6:42:49 PM webapp.storage.AbstractStorage save
INFO: &amp#27;[32mSave 73cb329e-9b26-4e05-aeb9-9dbee8eecaff(uuid5811)
сент. 19, 2025 6:42:49 PM webapp.storage.AbstractStorage save
INFO: &amp#27;[32mSave f7e7f452-bf56-4c0d-87a7-be4c3ae365f7(uuid5812)
сент. 19, 2025 6:42:49 PM webapp.storage.AbstractStorage save
INFO: &amp#27;[32mSave 082a8754-c3ce-4abc-957b-49d855917c8f(uuid5813)
сент. 19, 2025 6:42:49 PM webapp.storage.AbstractStorage save
INFO: &amp#27;[32mSave 02a57952-c63c-4da0-8856-7bc5f4e43787(uuid5814)
сент. 19, 2025 6:42:49 PM webapp.storage.AbstractStorage save
INFO: &amp#27;[32mSave f75e090c-9672-44bd-b4ab-16a5c4ebd7f0(uuid5815)
сент. 19, 2025 6:42:49 PM webapp.storage.AbstractStorage save
INFO: &amp#27;[32mSave 80e38e43-8ac9-4f6a-b60e-bdc157d86372(uuid5816)
сент. 19, 2025 6:42:49 PM webapp.storage.AbstractStorage save
INFO: &amp#27;[32mSave d7014f91-0162-4f2e-a839-ff852175e65e(uuid5817)
сент. 19, 2025 6:42:49 PM webapp.storage.AbstractStorage save
INFO: &amp#27;[32mSave 563f8fc5-93a1-47ac-8e7f-dff74cc2a3c8(uuid5818)
сент. 19, 2025 6:42:49 PM webapp.storage.AbstractStorage save
INFO: &amp#27;[32mSave e23afc36-bb22-439d-8e02-958304bea3f3(uuid5819)
сент. 19, 2025 6:42:49 PM webapp.storage.AbstractStorage save
INFO: &amp#27;[32mSave 2e74601b-8479-4467-940b-9f85dba8a973(uuid5820)
сент. 19, 2025 6:42:49 PM webapp.storage.AbstractStorage save
INFO: &amp#27;[32mSave 76de96e5-ebfa-43e1-8b88-a892ee0e5c95(uuid5821)
сент. 19, 2025 6:42:49 PM webapp.storage.AbstractStorage save
INFO: &amp#27;[32mSave 70ed3f4e-7f46-46ee-a7fd-9b81c8c66943(uuid5822)
сент. 19, 2025 6:42:49 PM webapp.storage.AbstractStorage save
INFO: &amp#27;[32mSave a3537e36-5553-4a27-923e-17c9b31ddab7(uuid5823)
сент. 19, 2025 6:42:49 PM webapp.storage.AbstractStorage save
INFO: &amp#27;[32mSave b721fdaf-51f9-4566-be15-906d10674128(uuid5824)
сент. 19, 2025 6:42:49 PM webapp.storage.AbstractStorage save
INFO: &amp#27;[32mSave e00649bb-cb55-4ecd-9d01-08d4b085a58b(uuid5825)
сент. 19, 2025 6:42:49 PM webapp.storage.AbstractStorage save
INFO: &amp#27;[32mSave 007a0681-9d90-43c7-aac9-29b0404a7306(uuid5826)
сент. 19, 2025 6:42:49 PM webapp.storage.AbstractStorage save
INFO: &amp#27;[32mSave 36ea4e1f-3a67-4cf2-8bae-aec4d41f1baa(uuid5827)
сент. 19, 2025 6:42:49 PM webapp.storage.AbstractStorage save
INFO: &amp#27;[32mSave bc6234cc-3bd5-48ff-ae73-14fa7e26543d(uuid5828)
сент. 19, 2025 6:42:49 PM webapp.storage.AbstractStorage save
INFO: &amp#27;[32mSave 67c1fde7-d02f-4895-8527-d946bfe2c39e(uuid5829)
сент. 19, 2025 6:42:49 PM webapp.storage.AbstractStorage save
INFO: &amp#27;[32mSave b132a759-0e9e-4a10-a4ee-ffcc327a8c01(uuid5830)
сент. 19, 2025 6:42:49 PM webapp.storage.AbstractStorage save
INFO: &amp#27;[32mSave a23aa6aa-2021-47ad-b96a-a81b6d4bdb6e(uuid5831)
сент. 19, 2025 6:42:49 PM webapp.storage.AbstractStorage save
INFO: &amp#27;[32mSave 08df6443-8ce3-4c04-b16f-e1c7d0ea9896(uuid5832)
сент. 19, 2025 6:42:49 PM webapp.storage.AbstractStorage save
INFO: &amp#27;[32mSave c7ce5efb-5f8b-4347-98a5-646b3c51a091(uuid5833)
сент. 19, 2025 6:42:49 PM webapp.storage.AbstractStorage save
INFO: &amp#27;[32mSave f2e59c50-bbc4-44cc-93ea-2c80ae16686b(uuid5834)
сент. 19, 2025 6:42:49 PM webapp.storage.AbstractStorage save
INFO: &amp#27;[32mSave 8df4c3d4-f5d5-401b-a076-2b60f813e06f(uuid5835)
сент. 19, 2025 6:42:49 PM webapp.storage.AbstractStorage save
INFO: &amp#27;[32mSave ec2dc110-4fa1-4d11-b194-379f7e3a66d1(uuid5836)
сент. 19, 2025 6:42:49 PM webapp.storage.AbstractStorage save
INFO: &amp#27;[32mSave b3c489e9-c2d7-42f4-8c21-254099d7c175(uuid5837)
сент. 19, 2025 6:42:49 PM webapp.storage.AbstractStorage save
INFO: &amp#27;[32mSave 46e8b160-58de-426e-8b03-6d1bc815e4ce(uuid5838)
сент. 19, 2025 6:42:49 PM webapp.storage.AbstractStorage save
INFO: &amp#27;[32mSave 7a738f07-e548-412f-8ddf-bf34255ce512(uuid5839)
сент. 19, 2025 6:42:49 PM webapp.storage.AbstractStorage save
INFO: &amp#27;[32mSave b41cf66c-90f6-433d-bbd5-badc42140706(uuid5840)
сент. 19, 2025 6:42:49 PM webapp.storage.AbstractStorage save
INFO: &amp#27;[32mSave e6be6e1e-c2a0-40ff-8ac0-585d8b346c6e(uuid5841)
сент. 19, 2025 6:42:49 PM webapp.storage.AbstractStorage save
INFO: &amp#27;[32mSave 55b28083-e19b-48a2-9880-f6d2036b663b(uuid5842)
сент. 19, 2025 6:42:49 PM webapp.storage.AbstractStorage save
INFO: &amp#27;[32mSave 01af15c6-ccfe-48a3-9a3e-de84076d4375(uuid5843)
сент. 19, 2025 6:42:49 PM webapp.storage.AbstractStorage save
INFO: &amp#27;[32mSave d246d78c-4478-4bc4-98f4-1eed3740816c(uuid5844)
сент. 19, 2025 6:42:49 PM webapp.storage.AbstractStorage save
INFO: &amp#27;[32mSave f0259ef7-c735-4416-8d05-2e8b40d294d7(uuid5845)
сент. 19, 2025 6:42:49 PM webapp.storage.AbstractStorage save
INFO: &amp#27;[32mSave 1ff573d3-0108-4513-a8e2-736fea53bea5(uuid5846)
сент. 19, 2025 6:42:49 PM webapp.storage.AbstractStorage save
INFO: &amp#27;[32mSave e04f99d9-b288-4ba5-a661-c897045cee9c(uuid5847)
сент. 19, 2025 6:42:49 PM webapp.storage.AbstractStorage save
INFO: &amp#27;[32mSave a62b3b03-0ff9-4d8e-9bab-05fc80d5b8a3(uuid5848)
сент. 19, 2025 6:42:49 PM webapp.storage.AbstractStorage save
INFO: &amp#27;[32mSave 92c5913d-3c68-4df5-be8f-7a65b9c1804a(uuid5849)
сент. 19, 2025 6:42:49 PM webapp.storage.AbstractStorage save
INFO: &amp#27;[32mSave 38090da5-30f8-4132-a72a-08c720b44a99(uuid5850)
сент. 19, 2025 6:42:49 PM webapp.storage.AbstractStorage save
INFO: &amp#27;[32mSave 5791efe1-fb93-40d4-a84e-fbc30f8997fa(uuid5851)
сент. 19, 2025 6:42:49 PM webapp.storage.AbstractStorage save
INFO: &amp#27;[32mSave 7434224d-b0f6-448d-9922-112893d07479(uuid5852)
сент. 19, 2025 6:42:49 PM webapp.storage.AbstractStorage save
INFO: &amp#27;[32mSave 23b40b42-0a8d-49a8-b0a3-6b366e46b45d(uuid5853)
сент. 19, 2025 6:42:49 PM webapp.storage.AbstractStorage save
INFO: &amp#27;[32mSave 4d05db8f-4c90-4111-8e45-b16eccb1f31c(uuid5854)
сент. 19, 2025 6:42:49 PM webapp.storage.AbstractStorage save
INFO: &amp#27;[32mSave e7c70092-7898-4ea6-ac28-5e4a48301ca7(uuid5855)
сент. 19, 2025 6:42:49 PM webapp.storage.AbstractStorage save
INFO: &amp#27;[32mSave 7ea7d672-59f1-4803-acbf-201c048c939e(uuid5856)
сент. 19, 2025 6:42:49 PM webapp.storage.AbstractStorage save
INFO: &amp#27;[32mSave 11daa372-ad13-487f-8202-742fa459de20(uuid5857)
сент. 19, 2025 6:42:49 PM webapp.storage.AbstractStorage save
INFO: &amp#27;[32mSave f8ca2c04-a400-4594-8762-c548d91e98da(uuid5858)
сент. 19, 2025 6:42:49 PM webapp.storage.AbstractStorage save
INFO: &amp#27;[32mSave 82a95bba-938a-4352-94c6-accf8a2b6a27(uuid5859)
сент. 19, 2025 6:42:49 PM webapp.storage.AbstractStorage save
INFO: &amp#27;[32mSave 62ab5550-6bf3-4744-9125-0397be61f2d2(uuid5860)
сент. 19, 2025 6:42:49 PM webapp.storage.AbstractStorage save
INFO: &amp#27;[32mSave e9463e34-a566-45e3-9b6d-4a4997107dc6(uuid5861)
сент. 19, 2025 6:42:49 PM webapp.storage.AbstractStorage save
INFO: &amp#27;[32mSave 65be1bbe-8494-4b57-bb34-740b4f34c950(uuid5862)
сент. 19, 2025 6:42:49 PM webapp.storage.AbstractStorage save
INFO: &amp#27;[32mSave 4eb9869c-fd9f-4193-b683-c25b6815ed81(uuid5863)
сент. 19, 2025 6:42:49 PM webapp.storage.AbstractStorage save
INFO: &amp#27;[32mSave c790c891-0950-4ae1-b807-3f94127676d4(uuid5864)
сент. 19, 2025 6:42:49 PM webapp.storage.AbstractStorage save
INFO: &amp#27;[32mSave 9fefe73d-f738-4bb4-a882-b10f1fea318f(uuid5865)
сент. 19, 2025 6:42:49 PM webapp.storage.AbstractStorage save
INFO: &amp#27;[32mSave e7864f6e-dbb0-4d80-93d6-8b6834dde6aa(uuid5866)
сент. 19, 2025 6:42:49 PM webapp.storage.AbstractStorage save
INFO: &amp#27;[32mSave ec2a67af-3379-4242-9397-441ecd8fb611(uuid5867)
сент. 19, 2025 6:42:49 PM webapp.storage.AbstractStorage save
INFO: &amp#27;[32mSave f3be67e4-03c7-4040-8ad7-b90f2011ec46(uuid5868)
сент. 19, 2025 6:42:49 PM webapp.storage.AbstractStorage save
INFO: &amp#27;[32mSave 7d463923-8c79-40d9-a6dc-e82a9b005804(uuid5869)
сент. 19, 2025 6:42:49 PM webapp.storage.AbstractStorage save
INFO: &amp#27;[32mSave c5f56a6f-3a9b-44f8-8df6-392b30b0120e(uuid5870)
сент. 19, 2025 6:42:49 PM webapp.storage.AbstractStorage save
INFO: &amp#27;[32mSave 3e9b513e-ec9f-4d62-8523-dd9b3f0d7587(uuid5871)
сент. 19, 2025 6:42:49 PM webapp.storage.AbstractStorage save
INFO: &amp#27;[32mSave 48d4b2f7-e760-42db-bd59-5d45336ba29f(uuid5872)
сент. 19, 2025 6:42:49 PM webapp.storage.AbstractStorage save
INFO: &amp#27;[32mSave d8d665da-0144-42c5-a598-b54e3a4a1943(uuid5873)
сент. 19, 2025 6:42:49 PM webapp.storage.AbstractStorage save
INFO: &amp#27;[32mSave 19a3d76b-d17a-466d-9de8-f72f94b1d818(uuid5874)
сент. 19, 2025 6:42:49 PM webapp.storage.AbstractStorage save
INFO: &amp#27;[32mSave 57f9f892-275a-48d4-9b18-b9f33a0a985d(uuid5875)
сент. 19, 2025 6:42:49 PM webapp.storage.AbstractStorage save
INFO: &amp#27;[32mSave 23f94b76-9e72-4cec-a266-7c715cd479db(uuid5876)
сент. 19, 2025 6:42:49 PM webapp.storage.AbstractStorage save
INFO: &amp#27;[32mSave 4601c931-3428-4e23-acff-9c6ffd402a08(uuid5877)
сент. 19, 2025 6:42:49 PM webapp.storage.AbstractStorage save
INFO: &amp#27;[32mSave 0f7eae0e-d67f-4cec-840c-0ccc44f168a9(uuid5878)
сент. 19, 2025 6:42:49 PM webapp.storage.AbstractStorage save
INFO: &amp#27;[32mSave 2fa82e44-1ced-4db9-a42d-39b446480c57(uuid5879)
сент. 19, 2025 6:42:49 PM webapp.storage.AbstractStorage save
INFO: &amp#27;[32mSave 71e1bd5f-5494-454f-b19d-c3c2091d0e52(uuid5880)
сент. 19, 2025 6:42:49 PM webapp.storage.AbstractStorage save
INFO: &amp#27;[32mSave a30a4b1b-4892-41f1-991d-360b38a7bfde(uuid5881)
сент. 19, 2025 6:42:49 PM webapp.storage.AbstractStorage save
INFO: &amp#27;[32mSave a7c15191-ac71-4768-85dc-25cc7e442220(uuid5882)
сент. 19, 2025 6:42:49 PM webapp.storage.AbstractStorage save
INFO: &amp#27;[32mSave 85afff94-dc4a-463a-9d75-1f6fa51b3b9d(uuid5883)
сент. 19, 2025 6:42:49 PM webapp.storage.AbstractStorage save
INFO: &amp#27;[32mSave 07c2c6dc-ac13-432e-afbd-d47d96d09301(uuid5884)
сент. 19, 2025 6:42:49 PM webapp.storage.AbstractStorage save
INFO: &amp#27;[32mSave 4100dfd0-2dad-459d-8965-30e8ffb911b1(uuid5885)
сент. 19, 2025 6:42:49 PM webapp.storage.AbstractStorage save
INFO: &amp#27;[32mSave 47e29bb1-0d6d-4af7-b2c4-dc82553e7ca7(uuid5886)
сент. 19, 2025 6:42:49 PM webapp.storage.AbstractStorage save
INFO: &amp#27;[32mSave 25fc41ae-0941-478f-a79c-24a5f16ff7d2(uuid5887)
сент. 19, 2025 6:42:49 PM webapp.storage.AbstractStorage save
INFO: &amp#27;[32mSave b8396c35-61ef-4ad8-807c-8c512ec9f5e5(uuid5888)
сент. 19, 2025 6:42:49 PM webapp.storage.AbstractStorage save
INFO: &amp#27;[32mSave d96baaa9-99c6-4112-8d8f-dcfd93023940(uuid5889)
сент. 19, 2025 6:42:49 PM webapp.storage.AbstractStorage save
INFO: &amp#27;[32mSave 6cafb615-9498-44d0-a6e7-280b3f45a4d2(uuid5890)
сент. 19, 2025 6:42:49 PM webapp.storage.AbstractStorage save
INFO: &amp#27;[32mSave e5683209-cf93-4c00-a270-38220488ff40(uuid5891)
сент. 19, 2025 6:42:49 PM webapp.storage.AbstractStorage save
INFO: &amp#27;[32mSave 24c5d9b1-ddb4-44b4-be65-2d4fd076cade(uuid5892)
сент. 19, 2025 6:42:49 PM webapp.storage.AbstractStorage save
INFO: &amp#27;[32mSave fc5bd21e-0406-42e9-aa00-02e993616582(uuid5893)
сент. 19, 2025 6:42:49 PM webapp.storage.AbstractStorage save
INFO: &amp#27;[32mSave e3da595d-56fa-45dd-bfd3-825c00f188f4(uuid5894)
сент. 19, 2025 6:42:49 PM webapp.storage.AbstractStorage save
INFO: &amp#27;[32mSave 22aa2dba-ee4a-46a5-ad53-b4488e3a115e(uuid5895)
сент. 19, 2025 6:42:49 PM webapp.storage.AbstractStorage save
INFO: &amp#27;[32mSave 9ce38afb-472b-453f-a14b-d2779db94db0(uuid5896)
сент. 19, 2025 6:42:49 PM webapp.storage.AbstractStorage save
INFO: &amp#27;[32mSave 5fb2c844-0b6d-4cb2-83a7-bfac6e4e0366(uuid5897)
сент. 19, 2025 6:42:49 PM webapp.storage.AbstractStorage save
INFO: &amp#27;[32mSave 9dc658a8-de1b-489e-8592-01741d944333(uuid5898)
сент. 19, 2025 6:42:49 PM webapp.storage.AbstractStorage save
INFO: &amp#27;[32mSave afbf4d90-3229-432d-8c74-c17f28dd4822(uuid5899)
сент. 19, 2025 6:42:49 PM webapp.storage.AbstractStorage save
INFO: &amp#27;[32mSave 0e043a4d-ec05-4c8e-9649-ba8e9d9c98bb(uuid5900)
сент. 19, 2025 6:42:49 PM webapp.storage.AbstractStorage save
INFO: &amp#27;[32mSave 7c322d67-c253-4436-8c3b-13ad3796466f(uuid5901)
сент. 19, 2025 6:42:49 PM webapp.storage.AbstractStorage save
INFO: &amp#27;[32mSave c0f8234c-1d24-49a8-9760-141375704378(uuid5902)
сент. 19, 2025 6:42:49 PM webapp.storage.AbstractStorage save
INFO: &amp#27;[32mSave 46fb35fc-0db9-46e0-bcf1-4a7f13bde822(uuid5903)
сент. 19, 2025 6:42:49 PM webapp.storage.AbstractStorage save
INFO: &amp#27;[32mSave b90bff50-5247-4b21-9d49-8770daefbdff(uuid5904)
сент. 19, 2025 6:42:49 PM webapp.storage.AbstractStorage save
INFO: &amp#27;[32mSave 819d06f0-44b3-4626-878d-fc027e4b1c6b(uuid5905)
сент. 19, 2025 6:42:49 PM webapp.storage.AbstractStorage save
INFO: &amp#27;[32mSave 0fb65d4d-8d1e-485e-9872-61041bd65242(uuid5906)
сент. 19, 2025 6:42:49 PM webapp.storage.AbstractStorage save
INFO: &amp#27;[32mSave 14d96b86-48be-4566-9ca9-4b538b41a74e(uuid5907)
сент. 19, 2025 6:42:49 PM webapp.storage.AbstractStorage save
INFO: &amp#27;[32mSave dc28873e-c092-4548-bdd3-fe44e3e1970e(uuid5908)
сент. 19, 2025 6:42:49 PM webapp.storage.AbstractStorage save
INFO: &amp#27;[32mSave 4c0785e2-8eff-48a3-a0b6-e6020fe319a0(uuid5909)
сент. 19, 2025 6:42:49 PM webapp.storage.AbstractStorage save
INFO: &amp#27;[32mSave ae7b470f-827b-409c-bcef-785109b1854a(uuid5910)
сент. 19, 2025 6:42:49 PM webapp.storage.AbstractStorage save
INFO: &amp#27;[32mSave 5d5580d9-2869-472b-b8ec-fab2cd73784d(uuid5911)
сент. 19, 2025 6:42:49 PM webapp.storage.AbstractStorage save
INFO: &amp#27;[32mSave 4d3d3d55-7aff-49e7-89e5-b61ec00fe81c(uuid5912)
сент. 19, 2025 6:42:49 PM webapp.storage.AbstractStorage save
INFO: &amp#27;[32mSave b2ab67f1-0d3f-4144-8ca1-93f5628d5fcb(uuid5913)
сент. 19, 2025 6:42:49 PM webapp.storage.AbstractStorage save
INFO: &amp#27;[32mSave 418af6d3-4273-4c1c-90ef-70d34160fda5(uuid5914)
сент. 19, 2025 6:42:49 PM webapp.storage.AbstractStorage save
INFO: &amp#27;[32mSave 4b3a6fb2-d4eb-472e-91e9-1fbbd051d18d(uuid5915)
сент. 19, 2025 6:42:49 PM webapp.storage.AbstractStorage save
INFO: &amp#27;[32mSave b9b5a919-6afb-4a5b-9199-b4f8893d35f0(uuid5916)
сент. 19, 2025 6:42:49 PM webapp.storage.AbstractStorage save
INFO: &amp#27;[32mSave 8a202684-43e1-4520-8b78-257507b4df38(uuid5917)
сент. 19, 2025 6:42:49 PM webapp.storage.AbstractStorage save
INFO: &amp#27;[32mSave 596be42a-2ec4-449f-afed-8e2a101205cf(uuid5918)
сент. 19, 2025 6:42:49 PM webapp.storage.AbstractStorage save
INFO: &amp#27;[32mSave 7c2756f1-d4e6-47bd-9237-8a354c44de48(uuid5919)
сент. 19, 2025 6:42:49 PM webapp.storage.AbstractStorage save
INFO: &amp#27;[32mSave b74d21a6-cdf3-49ab-a34b-afe251d82c21(uuid5920)
сент. 19, 2025 6:42:49 PM webapp.storage.AbstractStorage save
INFO: &amp#27;[32mSave cdb3e6db-cc49-4d0b-95cb-15525b673715(uuid5921)
сент. 19, 2025 6:42:49 PM webapp.storage.AbstractStorage save
INFO: &amp#27;[32mSave 474b4581-76b6-4f9f-b54c-0eda99f4041e(uuid5922)
сент. 19, 2025 6:42:49 PM webapp.storage.AbstractStorage save
INFO: &amp#27;[32mSave 392cbc36-79fb-4092-b447-a454c337f748(uuid5923)
сент. 19, 2025 6:42:49 PM webapp.storage.AbstractStorage save
INFO: &amp#27;[32mSave 7b3a47cb-130c-470a-bd1b-daec0937b7c2(uuid5924)
сент. 19, 2025 6:42:49 PM webapp.storage.AbstractStorage save
INFO: &amp#27;[32mSave e7de17d4-05e0-4167-898e-398ef94431ca(uuid5925)
сент. 19, 2025 6:42:49 PM webapp.storage.AbstractStorage save
INFO: &amp#27;[32mSave 155610d8-47c3-4bd9-9785-1029d0b4267e(uuid5926)
сент. 19, 2025 6:42:49 PM webapp.storage.AbstractStorage save
INFO: &amp#27;[32mSave 5490ba84-862e-4ff6-b365-8d615a969bb8(uuid5927)
сент. 19, 2025 6:42:49 PM webapp.storage.AbstractStorage save
INFO: &amp#27;[32mSave ce83632d-eb16-45aa-95e9-d034c99aa291(uuid5928)
сент. 19, 2025 6:42:49 PM webapp.storage.AbstractStorage save
INFO: &amp#27;[32mSave 3e9b60e2-9206-4dcf-8ba0-d230f177fe33(uuid5929)
сент. 19, 2025 6:42:49 PM webapp.storage.AbstractStorage save
INFO: &amp#27;[32mSave 6b38dec8-a18f-4c1a-9038-b7e221213c55(uuid5930)
сент. 19, 2025 6:42:49 PM webapp.storage.AbstractStorage save
INFO: &amp#27;[32mSave 4676e31f-f877-4344-a413-94907f156712(uuid5931)
сент. 19, 2025 6:42:49 PM webapp.storage.AbstractStorage save
INFO: &amp#27;[32mSave dc7b0a2f-286e-4f9c-b77a-a71f854a5b65(uuid5932)
сент. 19, 2025 6:42:49 PM webapp.storage.AbstractStorage save
INFO: &amp#27;[32mSave 1a7b4bd0-5ac1-48a5-ab99-7566d1b07e08(uuid5933)
сент. 19, 2025 6:42:49 PM webapp.storage.AbstractStorage save
INFO: &amp#27;[32mSave 0a3d6b81-2a28-4476-a393-5cf529006151(uuid5934)
сент. 19, 2025 6:42:49 PM webapp.storage.AbstractStorage save
INFO: &amp#27;[32mSave 9cf0a7cf-2a4e-4d27-a402-95b85a1fa45c(uuid5935)
сент. 19, 2025 6:42:49 PM webapp.storage.AbstractStorage save
INFO: &amp#27;[32mSave b8fbef67-d698-48d2-bc69-fce2796525b3(uuid5936)
сент. 19, 2025 6:42:49 PM webapp.storage.AbstractStorage save
INFO: &amp#27;[32mSave f6627d32-19fd-4abb-be14-d84f5ef7e1b5(uuid5937)
сент. 19, 2025 6:42:49 PM webapp.storage.AbstractStorage save
INFO: &amp#27;[32mSave 8366b002-bdde-43d9-ad43-ff551f458f89(uuid5938)
сент. 19, 2025 6:42:49 PM webapp.storage.AbstractStorage save
INFO: &amp#27;[32mSave 1fd4897c-23e4-4138-b2e6-bd7371fca6a2(uuid5939)
сент. 19, 2025 6:42:49 PM webapp.storage.AbstractStorage save
INFO: &amp#27;[32mSave cdef5c2d-c349-43b2-a5de-fad7b5936a3a(uuid5940)
сент. 19, 2025 6:42:49 PM webapp.storage.AbstractStorage save
INFO: &amp#27;[32mSave f65e17e9-b86e-46b5-a5fa-662d761e1180(uuid5941)
сент. 19, 2025 6:42:49 PM webapp.storage.AbstractStorage save
INFO: &amp#27;[32mSave 918c0724-d628-4caf-baac-bf50a9d6551c(uuid5942)
сент. 19, 2025 6:42:49 PM webapp.storage.AbstractStorage save
INFO: &amp#27;[32mSave 5ffc4c48-e587-4f98-b02f-263c80e75f6b(uuid5943)
сент. 19, 2025 6:42:49 PM webapp.storage.AbstractStorage save
INFO: &amp#27;[32mSave 3d273b83-5f61-4474-ae42-b92aebe68a35(uuid5944)
сент. 19, 2025 6:42:49 PM webapp.storage.AbstractStorage save
INFO: &amp#27;[32mSave 0c47b1fa-3766-4eb0-8e17-575ebc54e12f(uuid5945)
сент. 19, 2025 6:42:49 PM webapp.storage.AbstractStorage save
INFO: &amp#27;[32mSave cb972548-3139-4dfb-8ca3-81807280eb6c(uuid5946)
сент. 19, 2025 6:42:49 PM webapp.storage.AbstractStorage save
INFO: &amp#27;[32mSave 202e0259-883f-43f1-894b-15350d1b78b3(uuid5947)
сент. 19, 2025 6:42:49 PM webapp.storage.AbstractStorage save
INFO: &amp#27;[32mSave ccaecd6c-af5b-49db-9c55-3ba2219d088d(uuid5948)
сент. 19, 2025 6:42:49 PM webapp.storage.AbstractStorage save
INFO: &amp#27;[32mSave 21c78e3f-f424-42dc-b4f0-228266d3cc56(uuid5949)
сент. 19, 2025 6:42:49 PM webapp.storage.AbstractStorage save
INFO: &amp#27;[32mSave be35f9b5-4813-4d87-8686-ad9eaabb354c(uuid5950)
сент. 19, 2025 6:42:49 PM webapp.storage.AbstractStorage save
INFO: &amp#27;[32mSave 8c46820a-538f-48a8-91cf-aefcb3eeaf82(uuid5951)
сент. 19, 2025 6:42:49 PM webapp.storage.AbstractStorage save
INFO: &amp#27;[32mSave a7eb04ac-9c7f-4a51-ab9a-71917e083ba8(uuid5952)
сент. 19, 2025 6:42:49 PM webapp.storage.AbstractStorage save
INFO: &amp#27;[32mSave f098daee-a349-4ff3-8342-c525964db16f(uuid5953)
сент. 19, 2025 6:42:49 PM webapp.storage.AbstractStorage save
INFO: &amp#27;[32mSave 951ed5cd-dcb2-4312-a58a-1f4a7ff5c9f0(uuid5954)
сент. 19, 2025 6:42:49 PM webapp.storage.AbstractStorage save
INFO: &amp#27;[32mSave 60f4eaf6-3c58-4bb6-9c39-9f4c38f63612(uuid5955)
сент. 19, 2025 6:42:49 PM webapp.storage.AbstractStorage save
INFO: &amp#27;[32mSave 14032315-b6cc-4f7c-99c9-b4df83cc5e4d(uuid5956)
сент. 19, 2025 6:42:49 PM webapp.storage.AbstractStorage save
INFO: &amp#27;[32mSave 4b16fb54-6cd5-4fa8-b327-982283c6c2fa(uuid5957)
сент. 19, 2025 6:42:49 PM webapp.storage.AbstractStorage save
INFO: &amp#27;[32mSave 8a6c97b7-3c74-4cf6-a4ea-e9412ac1541c(uuid5958)
сент. 19, 2025 6:42:49 PM webapp.storage.AbstractStorage save
INFO: &amp#27;[32mSave ad551c21-8984-458f-9b99-ed42c5a86330(uuid5959)
сент. 19, 2025 6:42:49 PM webapp.storage.AbstractStorage save
INFO: &amp#27;[32mSave 5110d669-1675-4bcd-8fd8-7e742c1e6771(uuid5960)
сент. 19, 2025 6:42:49 PM webapp.storage.AbstractStorage save
INFO: &amp#27;[32mSave db6d751a-2dc5-431a-b684-f8ee3e311629(uuid5961)
сент. 19, 2025 6:42:49 PM webapp.storage.AbstractStorage save
INFO: &amp#27;[32mSave cc8eaee0-8623-4ad4-b869-031e843a1f11(uuid5962)
сент. 19, 2025 6:42:49 PM webapp.storage.AbstractStorage save
INFO: &amp#27;[32mSave caf72354-1f1d-49da-bbfa-2cf9ca5910fd(uuid5963)
сент. 19, 2025 6:42:49 PM webapp.storage.AbstractStorage save
INFO: &amp#27;[32mSave 2094ee37-2c57-44f8-9363-3aa4d7313d4b(uuid5964)
сент. 19, 2025 6:42:49 PM webapp.storage.AbstractStorage save
INFO: &amp#27;[32mSave b264813b-fa42-4c94-bcc8-b2d31dfccff8(uuid5965)
сент. 19, 2025 6:42:49 PM webapp.storage.AbstractStorage save
INFO: &amp#27;[32mSave eec10673-4b28-4344-ad19-3d8ba446dc64(uuid5966)
сент. 19, 2025 6:42:49 PM webapp.storage.AbstractStorage save
INFO: &amp#27;[32mSave f815a807-0a44-4d92-bf5b-4133d00abeed(uuid5967)
сент. 19, 2025 6:42:49 PM webapp.storage.AbstractStorage save
INFO: &amp#27;[32mSave bdb62c7d-ec75-475a-8bb7-be596feda510(uuid5968)
сент. 19, 2025 6:42:49 PM webapp.storage.AbstractStorage save
INFO: &amp#27;[32mSave 7d9afac9-12d5-4b10-9a23-614c34323d3e(uuid5969)
сент. 19, 2025 6:42:49 PM webapp.storage.AbstractStorage save
INFO: &amp#27;[32mSave 5c294564-a01e-4ef1-8a3f-f595b2a68c65(uuid5970)
сент. 19, 2025 6:42:49 PM webapp.storage.AbstractStorage save
INFO: &amp#27;[32mSave 2e3c14b4-b36a-4c93-80d3-8aadae1a7e6b(uuid5971)
сент. 19, 2025 6:42:49 PM webapp.storage.AbstractStorage save
INFO: &amp#27;[32mSave 9a54cfce-4781-4042-9bbe-20ffc958c1f8(uuid5972)
сент. 19, 2025 6:42:49 PM webapp.storage.AbstractStorage save
INFO: &amp#27;[32mSave 92ed08f7-c29c-4c2b-b10e-845ac565c4c3(uuid5973)
сент. 19, 2025 6:42:49 PM webapp.storage.AbstractStorage save
INFO: &amp#27;[32mSave 15ccc139-d620-401b-9d14-456d54565f2a(uuid5974)
сент. 19, 2025 6:42:49 PM webapp.storage.AbstractStorage save
INFO: &amp#27;[32mSave 2af04cdb-7aaf-46d7-af3d-1d260882201b(uuid5975)
сент. 19, 2025 6:42:49 PM webapp.storage.AbstractStorage save
INFO: &amp#27;[32mSave 89842b27-a971-4a9c-8723-82b4f362d7e9(uuid5976)
сент. 19, 2025 6:42:49 PM webapp.storage.AbstractStorage save
INFO: &amp#27;[32mSave c2bb4279-3087-4fb5-afb5-0d7127c5f9b5(uuid5977)
сент. 19, 2025 6:42:49 PM webapp.storage.AbstractStorage save
INFO: &amp#27;[32mSave a68047d6-9018-452c-a82d-d1ac7b1c609f(uuid5978)
сент. 19, 2025 6:42:49 PM webapp.storage.AbstractStorage save
INFO: &amp#27;[32mSave f8df82d5-dba1-402c-a8dc-1e211ea32892(uuid5979)
сент. 19, 2025 6:42:49 PM webapp.storage.AbstractStorage save
INFO: &amp#27;[32mSave 8988bc27-8fbb-497d-844e-9f9504dd52ad(uuid5980)
сент. 19, 2025 6:42:49 PM webapp.storage.AbstractStorage save
INFO: &amp#27;[32mSave 3c2ece48-96cd-47d5-96f6-eacc02f3943a(uuid5981)
сент. 19, 2025 6:42:49 PM webapp.storage.AbstractStorage save
INFO: &amp#27;[32mSave 9febaa4a-82a4-4217-ba54-8580e50b36b1(uuid5982)
сент. 19, 2025 6:42:49 PM webapp.storage.AbstractStorage save
INFO: &amp#27;[32mSave 4caf3838-a1b3-42e6-8f8c-aab9c28513f2(uuid5983)
сент. 19, 2025 6:42:49 PM webapp.storage.AbstractStorage save
INFO: &amp#27;[32mSave e4a8de9b-8436-4a00-9448-32522e8f6093(uuid5984)
сент. 19, 2025 6:42:49 PM webapp.storage.AbstractStorage save
INFO: &amp#27;[32mSave ae48b1e4-bf65-4ba1-96bf-0c94effb9b0f(uuid5985)
сент. 19, 2025 6:42:49 PM webapp.storage.AbstractStorage save
INFO: &amp#27;[32mSave ea5ec432-a2f1-4552-8b00-42d3fda25ddc(uuid5986)
сент. 19, 2025 6:42:49 PM webapp.storage.AbstractStorage save
INFO: &amp#27;[32mSave 847df6f4-3f20-4054-b488-4b175cf269be(uuid5987)
сент. 19, 2025 6:42:49 PM webapp.storage.AbstractStorage save
INFO: &amp#27;[32mSave c97b0f50-df81-4ebf-96aa-3b86c441dfda(uuid5988)
сент. 19, 2025 6:42:49 PM webapp.storage.AbstractStorage save
INFO: &amp#27;[32mSave 8da790fc-3b3c-4326-813b-f3c27e9ea225(uuid5989)
сент. 19, 2025 6:42:49 PM webapp.storage.AbstractStorage save
INFO: &amp#27;[32mSave 33a6432d-cb23-4f79-976c-b81f1880a361(uuid5990)
сент. 19, 2025 6:42:49 PM webapp.storage.AbstractStorage save
INFO: &amp#27;[32mSave 0cbc0bce-7d8d-4024-8c03-45236220e1c8(uuid5991)
сент. 19, 2025 6:42:49 PM webapp.storage.AbstractStorage save
INFO: &amp#27;[32mSave ccb339c4-c281-4a64-b92d-4c0cc61a9b27(uuid5992)
сент. 19, 2025 6:42:49 PM webapp.storage.AbstractStorage save
INFO: &amp#27;[32mSave 83f01992-a10b-4f17-9288-dbb275200d35(uuid5993)
сент. 19, 2025 6:42:49 PM webapp.storage.AbstractStorage save
INFO: &amp#27;[32mSave cc0482e7-3555-4ee3-85c6-99734b319f44(uuid5994)
сент. 19, 2025 6:42:49 PM webapp.storage.AbstractStorage save
INFO: &amp#27;[32mSave 303bfd2d-4f90-484b-a7a7-b7320271530a(uuid5995)
сент. 19, 2025 6:42:49 PM webapp.storage.AbstractStorage save
INFO: &amp#27;[32mSave a74635f2-7584-428e-bf1e-8a1a5fc11c98(uuid5996)
сент. 19, 2025 6:42:49 PM webapp.storage.AbstractStorage save
INFO: &amp#27;[32mSave 1f0380d2-6efd-4bb5-9d23-78f193190c4a(uuid5997)
сент. 19, 2025 6:42:49 PM webapp.storage.AbstractStorage save
INFO: &amp#27;[32mSave 49b94736-ff36-48ca-a155-86fda8aebc13(uuid5998)
сент. 19, 2025 6:42:49 PM webapp.storage.AbstractStorage save
INFO: &amp#27;[32mSave d825cf7a-72d6-4618-bc6b-28cce72efba9(uuid5999)
сент. 19, 2025 6:42:49 PM webapp.storage.AbstractStorage save
INFO: &amp#27;[32mSave 2bcb0d1d-8267-47c6-a024-3d0886af7e20(uuid6000)
сент. 19, 2025 6:42:49 PM webapp.storage.AbstractStorage save
INFO: &amp#27;[32mSave 558caee1-1841-4978-bced-fd7526747c13(uuid6001)
сент. 19, 2025 6:42:49 PM webapp.storage.AbstractStorage save
INFO: &amp#27;[32mSave 51c34b87-a401-4fc9-ab0b-5d6dea952fcf(uuid6002)
сент. 19, 2025 6:42:49 PM webapp.storage.AbstractStorage save
INFO: &amp#27;[32mSave de99ae5c-0149-44ac-bc8b-7eb968bc55b3(uuid6003)
сент. 19, 2025 6:42:49 PM webapp.storage.AbstractStorage save
INFO: &amp#27;[32mSave 8fc51c36-ed89-48f0-8d9f-f0c0f8f94b3a(uuid6004)
сент. 19, 2025 6:42:49 PM webapp.storage.AbstractStorage save
INFO: &amp#27;[32mSave 8b8c94e7-537f-4edc-adbf-29cab374429e(uuid6005)
сент. 19, 2025 6:42:49 PM webapp.storage.AbstractStorage save
INFO: &amp#27;[32mSave f2d68e6f-42bf-4ef7-a67f-8156e8ce662d(uuid6006)
сент. 19, 2025 6:42:49 PM webapp.storage.AbstractStorage save
INFO: &amp#27;[32mSave 3931edf1-f9b8-4090-95d8-3e94080fff5b(uuid6007)
сент. 19, 2025 6:42:49 PM webapp.storage.AbstractStorage save
INFO: &amp#27;[32mSave 8cf5c7c4-ab7d-4e4e-b11e-c3e75ecb16cf(uuid6008)
сент. 19, 2025 6:42:49 PM webapp.storage.AbstractStorage save
INFO: &amp#27;[32mSave 74762b4c-eb2d-4060-aa98-1e123fa83bca(uuid6009)
сент. 19, 2025 6:42:49 PM webapp.storage.AbstractStorage save
INFO: &amp#27;[32mSave deaf288b-d05c-4207-b74a-5d2297c39b69(uuid6010)
сент. 19, 2025 6:42:49 PM webapp.storage.AbstractStorage save
INFO: &amp#27;[32mSave 14d2de10-9c86-4f43-a65c-a62d23659a03(uuid6011)
сент. 19, 2025 6:42:49 PM webapp.storage.AbstractStorage save
INFO: &amp#27;[32mSave 3170a07d-6f99-4520-846f-d2c0d205fb65(uuid6012)
сент. 19, 2025 6:42:49 PM webapp.storage.AbstractStorage save
INFO: &amp#27;[32mSave f02b404b-d2b0-4146-a99d-218c1681bd9b(uuid6013)
сент. 19, 2025 6:42:49 PM webapp.storage.AbstractStorage save
INFO: &amp#27;[32mSave 1e30a85d-7ae6-4959-924c-2059a7ad89ee(uuid6014)
сент. 19, 2025 6:42:49 PM webapp.storage.AbstractStorage save
INFO: &amp#27;[32mSave 6d4369be-e63f-4345-b7b8-ab89692fa421(uuid6015)
сент. 19, 2025 6:42:49 PM webapp.storage.AbstractStorage save
INFO: &amp#27;[32mSave 2e2579ac-72b7-4455-9f6e-99231f0657b7(uuid6016)
сент. 19, 2025 6:42:49 PM webapp.storage.AbstractStorage save
INFO: &amp#27;[32mSave 2f2b29d7-fad9-4184-b006-743ac4b25363(uuid6017)
сент. 19, 2025 6:42:49 PM webapp.storage.AbstractStorage save
INFO: &amp#27;[32mSave 98ce62b2-3501-42c2-a2b8-7bb714c09c40(uuid6018)
сент. 19, 2025 6:42:49 PM webapp.storage.AbstractStorage save
INFO: &amp#27;[32mSave 00c29514-c156-4b93-b883-053127e3484f(uuid6019)
сент. 19, 2025 6:42:49 PM webapp.storage.AbstractStorage save
INFO: &amp#27;[32mSave 1b7f2180-fbf0-4fd1-9b37-12575c3e6519(uuid6020)
сент. 19, 2025 6:42:49 PM webapp.storage.AbstractStorage save
INFO: &amp#27;[32mSave bf6b97d0-26a2-4473-a447-b5437a871fc1(uuid6021)
сент. 19, 2025 6:42:49 PM webapp.storage.AbstractStorage save
INFO: &amp#27;[32mSave a641d73d-f539-442d-be48-c29f74730682(uuid6022)
сент. 19, 2025 6:42:49 PM webapp.storage.AbstractStorage save
INFO: &amp#27;[32mSave 9eb6191d-6a32-4975-a6ca-16f9b0c1eb0f(uuid6023)
сент. 19, 2025 6:42:49 PM webapp.storage.AbstractStorage save
INFO: &amp#27;[32mSave 6c44c932-8925-4397-b64c-2da957f5588a(uuid6024)
сент. 19, 2025 6:42:49 PM webapp.storage.AbstractStorage save
INFO: &amp#27;[32mSave 0c20e4b4-caad-409e-abb5-0551cfb7082e(uuid6025)
сент. 19, 2025 6:42:49 PM webapp.storage.AbstractStorage save
INFO: &amp#27;[32mSave dba66e1f-5ea3-4d3e-832f-baffefd5ad61(uuid6026)
сент. 19, 2025 6:42:49 PM webapp.storage.AbstractStorage save
INFO: &amp#27;[32mSave 67ae2153-db53-44bd-a5c1-24c529d77737(uuid6027)
сент. 19, 2025 6:42:49 PM webapp.storage.AbstractStorage save
INFO: &amp#27;[32mSave 5dd59474-0321-4f4d-8cc4-a9208f61a532(uuid6028)
сент. 19, 2025 6:42:49 PM webapp.storage.AbstractStorage save
INFO: &amp#27;[32mSave c4fa2908-3d74-42c7-bd72-e5d15b109625(uuid6029)
сент. 19, 2025 6:42:49 PM webapp.storage.AbstractStorage save
INFO: &amp#27;[32mSave e52e8f19-00c7-4f3a-b69d-39fd6f2f3784(uuid6030)
сент. 19, 2025 6:42:49 PM webapp.storage.AbstractStorage save
INFO: &amp#27;[32mSave ece07f33-b149-4515-86fb-d37e3850b159(uuid6031)
сент. 19, 2025 6:42:49 PM webapp.storage.AbstractStorage save
INFO: &amp#27;[32mSave 468b854e-9c61-469b-a083-f0ef17eb2c99(uuid6032)
сент. 19, 2025 6:42:49 PM webapp.storage.AbstractStorage save
INFO: &amp#27;[32mSave 92c1e8a5-940e-4588-90de-711cc9243f47(uuid6033)
сент. 19, 2025 6:42:49 PM webapp.storage.AbstractStorage save
INFO: &amp#27;[32mSave 6c7554b0-f8e8-45a9-a4dd-1a62aa831e21(uuid6034)
сент. 19, 2025 6:42:49 PM webapp.storage.AbstractStorage save
INFO: &amp#27;[32mSave b068ae44-9064-4a3a-847d-fa9fb7bde22d(uuid6035)
сент. 19, 2025 6:42:49 PM webapp.storage.AbstractStorage save
INFO: &amp#27;[32mSave 017c6ecb-9d6b-43d0-a160-8fcb2eeb3120(uuid6036)
сент. 19, 2025 6:42:49 PM webapp.storage.AbstractStorage save
INFO: &amp#27;[32mSave a20bd7e1-e9ee-47ec-8d98-dc89c4082b89(uuid6037)
сент. 19, 2025 6:42:49 PM webapp.storage.AbstractStorage save
INFO: &amp#27;[32mSave 81c4402f-b9a3-48cc-95eb-6d3874aa2436(uuid6038)
сент. 19, 2025 6:42:49 PM webapp.storage.AbstractStorage save
INFO: &amp#27;[32mSave 866c2cff-42a3-4664-ab1b-1dd738ea0216(uuid6039)
сент. 19, 2025 6:42:49 PM webapp.storage.AbstractStorage save
INFO: &amp#27;[32mSave 4440d9bf-9bc2-4995-a74c-b1422207b18b(uuid6040)
сент. 19, 2025 6:42:49 PM webapp.storage.AbstractStorage save
INFO: &amp#27;[32mSave 42bf739c-cf5b-4f64-ba6d-d9b1dc7010f3(uuid6041)
сент. 19, 2025 6:42:49 PM webapp.storage.AbstractStorage save
INFO: &amp#27;[32mSave 90fa3adf-4f66-4586-9637-808cc43464f1(uuid6042)
сент. 19, 2025 6:42:49 PM webapp.storage.AbstractStorage save
INFO: &amp#27;[32mSave 90262613-16cd-46ab-973a-1212e6048d2a(uuid6043)
сент. 19, 2025 6:42:49 PM webapp.storage.AbstractStorage save
INFO: &amp#27;[32mSave 1f0f8173-738d-4804-8b47-02db1c14cdfe(uuid6044)
сент. 19, 2025 6:42:49 PM webapp.storage.AbstractStorage save
INFO: &amp#27;[32mSave f2cacf2f-8dae-46c3-bede-56c3b8dd7068(uuid6045)
сент. 19, 2025 6:42:49 PM webapp.storage.AbstractStorage save
INFO: &amp#27;[32mSave 24f9e3b4-ecb0-4b04-903e-b084978bbe41(uuid6046)
сент. 19, 2025 6:42:49 PM webapp.storage.AbstractStorage save
INFO: &amp#27;[32mSave 59c49a30-f5f1-4934-af6c-0187cb731fcc(uuid6047)
сент. 19, 2025 6:42:49 PM webapp.storage.AbstractStorage save
INFO: &amp#27;[32mSave 117303f9-21eb-4f06-ba14-7596ce490590(uuid6048)
сент. 19, 2025 6:42:49 PM webapp.storage.AbstractStorage save
INFO: &amp#27;[32mSave c89ab800-c2f2-4bc1-ad3d-7711b8f04b6b(uuid6049)
сент. 19, 2025 6:42:49 PM webapp.storage.AbstractStorage save
INFO: &amp#27;[32mSave bd76a457-3f2d-4081-8c6f-89b45f61b34b(uuid6050)
сент. 19, 2025 6:42:49 PM webapp.storage.AbstractStorage save
INFO: &amp#27;[32mSave c668ba4a-fbfe-4b0b-808f-4d186cd1c5b6(uuid6051)
сент. 19, 2025 6:42:49 PM webapp.storage.AbstractStorage save
INFO: &amp#27;[32mSave 1b71c714-eba5-4950-8091-86f322f4ea9d(uuid6052)
сент. 19, 2025 6:42:49 PM webapp.storage.AbstractStorage save
INFO: &amp#27;[32mSave 758734df-84bb-4dca-b424-1ae7d5911be2(uuid6053)
сент. 19, 2025 6:42:49 PM webapp.storage.AbstractStorage save
INFO: &amp#27;[32mSave 7d8b7ddb-0eed-46fe-9d1d-88b005b102b8(uuid6054)
сент. 19, 2025 6:42:49 PM webapp.storage.AbstractStorage save
INFO: &amp#27;[32mSave e5d52843-2bf4-49f4-b303-aab99aa6fe61(uuid6055)
сент. 19, 2025 6:42:49 PM webapp.storage.AbstractStorage save
INFO: &amp#27;[32mSave a072b3b4-511f-4c0c-9de0-fac80c1880d4(uuid6056)
сент. 19, 2025 6:42:49 PM webapp.storage.AbstractStorage save
INFO: &amp#27;[32mSave 33617ee3-b806-4b26-807e-81988d5a99ac(uuid6057)
сент. 19, 2025 6:42:49 PM webapp.storage.AbstractStorage save
INFO: &amp#27;[32mSave 9a458d51-93a4-4f0c-8249-1038c082309c(uuid6058)
сент. 19, 2025 6:42:49 PM webapp.storage.AbstractStorage save
INFO: &amp#27;[32mSave ee026ec9-ce81-4028-9975-1aa0ca572d02(uuid6059)
сент. 19, 2025 6:42:49 PM webapp.storage.AbstractStorage save
INFO: &amp#27;[32mSave 911f3fcd-d7ee-4332-b732-32b6c5a0f7f9(uuid6060)
сент. 19, 2025 6:42:49 PM webapp.storage.AbstractStorage save
INFO: &amp#27;[32mSave ee91a42f-374f-4f04-87ff-c2e50680f0ec(uuid6061)
сент. 19, 2025 6:42:49 PM webapp.storage.AbstractStorage save
INFO: &amp#27;[32mSave 2e625e88-6e2f-4a8f-b84a-2bd9ef6c65e7(uuid6062)
сент. 19, 2025 6:42:49 PM webapp.storage.AbstractStorage save
INFO: &amp#27;[32mSave ea3440dd-e1e6-4d00-88fa-02f3052ac314(uuid6063)
сент. 19, 2025 6:42:49 PM webapp.storage.AbstractStorage save
INFO: &amp#27;[32mSave 694dd6f1-6882-4c10-8f20-5711b6737282(uuid6064)
сент. 19, 2025 6:42:49 PM webapp.storage.AbstractStorage save
INFO: &amp#27;[32mSave 091ae935-a3ba-4ba4-a712-f0527224f0f5(uuid6065)
сент. 19, 2025 6:42:49 PM webapp.storage.AbstractStorage save
INFO: &amp#27;[32mSave f2000b2c-413a-4a5e-a49e-1ceb72410885(uuid6066)
сент. 19, 2025 6:42:49 PM webapp.storage.AbstractStorage save
INFO: &amp#27;[32mSave defdb57d-8912-4542-9bf2-daff62f93118(uuid6067)
сент. 19, 2025 6:42:49 PM webapp.storage.AbstractStorage save
INFO: &amp#27;[32mSave 971dd1bd-0b47-4622-95d7-cf99796f6f57(uuid6068)
сент. 19, 2025 6:42:49 PM webapp.storage.AbstractStorage save
INFO: &amp#27;[32mSave 3a9d55ae-5a65-47e0-a7fd-1aee1e57477f(uuid6069)
сент. 19, 2025 6:42:49 PM webapp.storage.AbstractStorage save
INFO: &amp#27;[32mSave a97b3e94-47f5-48da-87f9-df2b77ff7e40(uuid6070)
сент. 19, 2025 6:42:49 PM webapp.storage.AbstractStorage save
INFO: &amp#27;[32mSave d2d5fe5a-da4f-4f3d-9a72-b10f15a728d7(uuid6071)
сент. 19, 2025 6:42:49 PM webapp.storage.AbstractStorage save
INFO: &amp#27;[32mSave 23a12e26-c58c-4907-906a-ed9129fc3124(uuid6072)
сент. 19, 2025 6:42:49 PM webapp.storage.AbstractStorage save
INFO: &amp#27;[32mSave e1206c6e-626b-4092-b07e-573421094146(uuid6073)
сент. 19, 2025 6:42:49 PM webapp.storage.AbstractStorage save
INFO: &amp#27;[32mSave 66ff975b-2ec0-488f-a0c9-dc36c7fb6bac(uuid6074)
сент. 19, 2025 6:42:49 PM webapp.storage.AbstractStorage save
INFO: &amp#27;[32mSave 4380e99c-c7e5-448f-827e-eaf03291888e(uuid6075)
сент. 19, 2025 6:42:49 PM webapp.storage.AbstractStorage save
INFO: &amp#27;[32mSave f4d873bb-d9f1-46ef-ad60-3f3c499a04ad(uuid6076)
сент. 19, 2025 6:42:49 PM webapp.storage.AbstractStorage save
INFO: &amp#27;[32mSave db75db2f-0a54-4195-9d82-46869d06ffe9(uuid6077)
сент. 19, 2025 6:42:49 PM webapp.storage.AbstractStorage save
INFO: &amp#27;[32mSave 56d6eea0-3abc-42b4-9f53-2a85e76ea09e(uuid6078)
сент. 19, 2025 6:42:49 PM webapp.storage.AbstractStorage save
INFO: &amp#27;[32mSave 667be399-c572-40f1-9780-aff90bee9291(uuid6079)
сент. 19, 2025 6:42:49 PM webapp.storage.AbstractStorage save
INFO: &amp#27;[32mSave 2116e2b8-4a78-42f9-83a6-a056d6f352f3(uuid6080)
сент. 19, 2025 6:42:49 PM webapp.storage.AbstractStorage save
INFO: &amp#27;[32mSave 71e2facd-5c5c-492b-88b8-83d3a0f49dc5(uuid6081)
сент. 19, 2025 6:42:49 PM webapp.storage.AbstractStorage save
INFO: &amp#27;[32mSave 8c364e12-2672-45bc-8ec9-08b8f84b2426(uuid6082)
сент. 19, 2025 6:42:49 PM webapp.storage.AbstractStorage save
INFO: &amp#27;[32mSave 80bd4abd-4920-4a0c-822b-9dea6ee5a014(uuid6083)
сент. 19, 2025 6:42:49 PM webapp.storage.AbstractStorage save
INFO: &amp#27;[32mSave f21ca462-1a13-4323-9902-0747814fd790(uuid6084)
сент. 19, 2025 6:42:49 PM webapp.storage.AbstractStorage save
INFO: &amp#27;[32mSave 4f262411-cec2-4a76-9276-bb65713dd0c0(uuid6085)
сент. 19, 2025 6:42:49 PM webapp.storage.AbstractStorage save
INFO: &amp#27;[32mSave 79dad21c-3316-436f-be66-5f6566e65c5b(uuid6086)
сент. 19, 2025 6:42:49 PM webapp.storage.AbstractStorage save
INFO: &amp#27;[32mSave dcf3c5e8-bcca-4e74-bef8-474760b0ecc6(uuid6087)
сент. 19, 2025 6:42:49 PM webapp.storage.AbstractStorage save
INFO: &amp#27;[32mSave b2b4d993-0a38-4544-926d-c0ca73d468ea(uuid6088)
сент. 19, 2025 6:42:49 PM webapp.storage.AbstractStorage save
INFO: &amp#27;[32mSave 83f04a62-5917-4830-b2eb-1ccad18f336b(uuid6089)
сент. 19, 2025 6:42:49 PM webapp.storage.AbstractStorage save
INFO: &amp#27;[32mSave 15338290-be02-4766-ae99-f99b87c7b839(uuid6090)
сент. 19, 2025 6:42:49 PM webapp.storage.AbstractStorage save
INFO: &amp#27;[32mSave 510a307c-904d-44dd-91ab-41e1b33014b7(uuid6091)
сент. 19, 2025 6:42:49 PM webapp.storage.AbstractStorage save
INFO: &amp#27;[32mSave ea86c1bc-1859-4181-8c92-8cf0b88a20b9(uuid6092)
сент. 19, 2025 6:42:50 PM webapp.storage.AbstractStorage save
INFO: &amp#27;[32mSave ec608b1f-2c23-4a1b-a754-3e45518b2563(uuid6093)
сент. 19, 2025 6:42:50 PM webapp.storage.AbstractStorage save
INFO: &amp#27;[32mSave bd647d9a-9325-4e51-88c2-1c8919cd5a50(uuid6094)
сент. 19, 2025 6:42:50 PM webapp.storage.AbstractStorage save
INFO: &amp#27;[32mSave adc4fe9b-8a5d-4896-914e-bf43fba4ac74(uuid6095)
сент. 19, 2025 6:42:50 PM webapp.storage.AbstractStorage save
INFO: &amp#27;[32mSave 709dd726-3748-4818-bf49-2e685832e964(uuid6096)
сент. 19, 2025 6:42:50 PM webapp.storage.AbstractStorage save
INFO: &amp#27;[32mSave bbc5634b-b3ae-484a-91e4-140a45c9b0f6(uuid6097)
сент. 19, 2025 6:42:50 PM webapp.storage.AbstractStorage save
INFO: &amp#27;[32mSave 5e2c7735-7011-4c58-98e6-bd7614419889(uuid6098)
сент. 19, 2025 6:42:50 PM webapp.storage.AbstractStorage save
INFO: &amp#27;[32mSave 7c45245b-33de-41c0-a6de-8e5a412ba274(uuid6099)
сент. 19, 2025 6:42:50 PM webapp.storage.AbstractStorage save
INFO: &amp#27;[32mSave 6b1c1cb7-ef0b-4515-9f5e-67e25f8a14d6(uuid6100)
сент. 19, 2025 6:42:50 PM webapp.storage.AbstractStorage save
INFO: &amp#27;[32mSave 393e2091-e9bb-4724-a24c-8db12f571278(uuid6101)
сент. 19, 2025 6:42:50 PM webapp.storage.AbstractStorage save
INFO: &amp#27;[32mSave 35d68b0e-a51f-437e-8ec1-1f49f33f30e1(uuid6102)
сент. 19, 2025 6:42:50 PM webapp.storage.AbstractStorage save
INFO: &amp#27;[32mSave c4e53af5-9886-48eb-9dd2-6f1dc2e9049a(uuid6103)
сент. 19, 2025 6:42:50 PM webapp.storage.AbstractStorage save
INFO: &amp#27;[32mSave 8511a20b-f3a1-46c2-b897-8becc79e7de3(uuid6104)
сент. 19, 2025 6:42:50 PM webapp.storage.AbstractStorage save
INFO: &amp#27;[32mSave 46f9c8ce-1496-422f-8b27-2f4d263338bd(uuid6105)
сент. 19, 2025 6:42:50 PM webapp.storage.AbstractStorage save
INFO: &amp#27;[32mSave 54cf9996-8f4b-449b-8f60-68ede561f8d8(uuid6106)
сент. 19, 2025 6:42:50 PM webapp.storage.AbstractStorage save
INFO: &amp#27;[32mSave 53529a5a-2b23-41de-9cf5-90d8a9e139a2(uuid6107)
сент. 19, 2025 6:42:50 PM webapp.storage.AbstractStorage save
INFO: &amp#27;[32mSave 712e3a16-cf74-45ee-b64a-50ceee66e688(uuid6108)
сент. 19, 2025 6:42:50 PM webapp.storage.AbstractStorage save
INFO: &amp#27;[32mSave 9c90e777-cdf6-4d36-a171-47feeb4fa003(uuid6109)
сент. 19, 2025 6:42:50 PM webapp.storage.AbstractStorage save
INFO: &amp#27;[32mSave 22761b26-6ec9-4aff-aecf-9e664a405093(uuid6110)
сент. 19, 2025 6:42:50 PM webapp.storage.AbstractStorage save
INFO: &amp#27;[32mSave 6e91a5a3-38b4-441f-9d2f-6c677b548acd(uuid6111)
сент. 19, 2025 6:42:50 PM webapp.storage.AbstractStorage save
INFO: &amp#27;[32mSave bd673a30-703e-4991-b27b-ed45a5eaec29(uuid6112)
сент. 19, 2025 6:42:50 PM webapp.storage.AbstractStorage save
INFO: &amp#27;[32mSave 2e32e575-d85a-4fa8-a93a-0ebe9e5adfe6(uuid6113)
сент. 19, 2025 6:42:50 PM webapp.storage.AbstractStorage save
INFO: &amp#27;[32mSave ce266e14-4fae-403c-928c-fa3d23ee62d7(uuid6114)
сент. 19, 2025 6:42:50 PM webapp.storage.AbstractStorage save
INFO: &amp#27;[32mSave 983aa602-b603-4763-bcc4-24e9cb0c326c(uuid6115)
сент. 19, 2025 6:42:50 PM webapp.storage.AbstractStorage save
INFO: &amp#27;[32mSave a772a08c-c022-41e3-8ba0-929114e1eedd(uuid6116)
сент. 19, 2025 6:42:50 PM webapp.storage.AbstractStorage save
INFO: &amp#27;[32mSave 0e7bfe92-c5d1-490a-ba1b-c33b47544b93(uuid6117)
сент. 19, 2025 6:42:50 PM webapp.storage.AbstractStorage save
INFO: &amp#27;[32mSave b9965bf1-867d-43ea-a2b5-b7e5872fa8d7(uuid6118)
сент. 19, 2025 6:42:50 PM webapp.storage.AbstractStorage save
INFO: &amp#27;[32mSave 2c47cdd8-4e91-445e-b190-0baf80f61b60(uuid6119)
сент. 19, 2025 6:42:50 PM webapp.storage.AbstractStorage save
INFO: &amp#27;[32mSave b16239cc-9f0d-4949-be80-110376d5f5b9(uuid6120)
сент. 19, 2025 6:42:50 PM webapp.storage.AbstractStorage save
INFO: &amp#27;[32mSave 2f797b0e-7d97-481d-b2ed-8e6f03522e7f(uuid6121)
сент. 19, 2025 6:42:50 PM webapp.storage.AbstractStorage save
INFO: &amp#27;[32mSave 52f94173-d63b-40b4-8df4-aeeb607f70df(uuid6122)
сент. 19, 2025 6:42:50 PM webapp.storage.AbstractStorage save
INFO: &amp#27;[32mSave 843ecfae-0d66-49d7-a6b5-08cb33483ee5(uuid6123)
сент. 19, 2025 6:42:50 PM webapp.storage.AbstractStorage save
INFO: &amp#27;[32mSave 67a73d92-0d09-4a64-8865-679815dd1708(uuid6124)
сент. 19, 2025 6:42:50 PM webapp.storage.AbstractStorage save
INFO: &amp#27;[32mSave c5931efa-85af-4358-a6a4-d418eaf38f95(uuid6125)
сент. 19, 2025 6:42:50 PM webapp.storage.AbstractStorage save
INFO: &amp#27;[32mSave 9882e9de-4d43-42f3-a46b-98e9df4469bf(uuid6126)
сент. 19, 2025 6:42:50 PM webapp.storage.AbstractStorage save
INFO: &amp#27;[32mSave ea22faee-789f-4285-9e37-bf0871e82de7(uuid6127)
сент. 19, 2025 6:42:50 PM webapp.storage.AbstractStorage save
INFO: &amp#27;[32mSave c9fae257-79e9-4a1f-9e1f-43891e509d91(uuid6128)
сент. 19, 2025 6:42:50 PM webapp.storage.AbstractStorage save
INFO: &amp#27;[32mSave 4f69d6fa-473a-46b6-b0ff-5e1236ecfdd6(uuid6129)
сент. 19, 2025 6:42:50 PM webapp.storage.AbstractStorage save
INFO: &amp#27;[32mSave 8f1749ed-ce06-48dd-a4d7-d76e0d495b5e(uuid6130)
сент. 19, 2025 6:42:50 PM webapp.storage.AbstractStorage save
INFO: &amp#27;[32mSave 33be27ba-f02d-493c-8e29-b067784d7f13(uuid6131)
сент. 19, 2025 6:42:50 PM webapp.storage.AbstractStorage save
INFO: &amp#27;[32mSave ebca1ab6-0b94-4c8e-9600-19cbd015deaf(uuid6132)
сент. 19, 2025 6:42:50 PM webapp.storage.AbstractStorage save
INFO: &amp#27;[32mSave a648e019-b9dc-4ba6-bd2d-0c694aa2451f(uuid6133)
сент. 19, 2025 6:42:50 PM webapp.storage.AbstractStorage save
INFO: &amp#27;[32mSave 68eb8b91-ca66-42ff-9ea7-f991ab7f1be9(uuid6134)
сент. 19, 2025 6:42:50 PM webapp.storage.AbstractStorage save
INFO: &amp#27;[32mSave f6dffd0b-4fd1-446a-91bf-b506d4904e49(uuid6135)
сент. 19, 2025 6:42:50 PM webapp.storage.AbstractStorage save
INFO: &amp#27;[32mSave 214d6409-1318-4210-83e7-14815658b4dc(uuid6136)
сент. 19, 2025 6:42:50 PM webapp.storage.AbstractStorage save
INFO: &amp#27;[32mSave 2a78aa9c-0668-4d13-b5a7-ac1a5b91e00a(uuid6137)
сент. 19, 2025 6:42:50 PM webapp.storage.AbstractStorage save
INFO: &amp#27;[32mSave 703b6d44-a2a0-4019-9f94-6573220b81d0(uuid6138)
сент. 19, 2025 6:42:50 PM webapp.storage.AbstractStorage save
INFO: &amp#27;[32mSave f340f081-03da-46f6-ba21-5883f6157260(uuid6139)
сент. 19, 2025 6:42:50 PM webapp.storage.AbstractStorage save
INFO: &amp#27;[32mSave 5a0e1b42-2143-4ccd-848f-669ca93565a2(uuid6140)
сент. 19, 2025 6:42:50 PM webapp.storage.AbstractStorage save
INFO: &amp#27;[32mSave 4dbb84f5-ecbb-4dc0-9a95-b23cda3c0a2c(uuid6141)
сент. 19, 2025 6:42:50 PM webapp.storage.AbstractStorage save
INFO: &amp#27;[32mSave b26e4325-1bb8-4d4d-b8d2-5ba16d68e474(uuid6142)
сент. 19, 2025 6:42:50 PM webapp.storage.AbstractStorage save
INFO: &amp#27;[32mSave 84a46dd3-34f3-43d6-a1c5-6f4b8bec9ea3(uuid6143)
сент. 19, 2025 6:42:50 PM webapp.storage.AbstractStorage save
INFO: &amp#27;[32mSave c8e0cec0-9bc7-4b5d-985c-0fbacf2723c7(uuid6144)
сент. 19, 2025 6:42:50 PM webapp.storage.AbstractStorage save
INFO: &amp#27;[32mSave 076457b2-3a5c-41f9-9596-7e69c88f6a62(uuid6145)
сент. 19, 2025 6:42:50 PM webapp.storage.AbstractStorage save
INFO: &amp#27;[32mSave 45cb9195-99e0-486b-915e-c544ef348995(uuid6146)
сент. 19, 2025 6:42:50 PM webapp.storage.AbstractStorage save
INFO: &amp#27;[32mSave 550adee9-3c52-4d3e-932d-010ba4f005db(uuid6147)
сент. 19, 2025 6:42:50 PM webapp.storage.AbstractStorage save
INFO: &amp#27;[32mSave bdbbc94b-085e-42f5-bc6e-b06cc13964b0(uuid6148)
сент. 19, 2025 6:42:50 PM webapp.storage.AbstractStorage save
INFO: &amp#27;[32mSave a7b29c45-8ea6-4edc-b597-64c5fc1b3cfe(uuid6149)
сент. 19, 2025 6:42:50 PM webapp.storage.AbstractStorage save
INFO: &amp#27;[32mSave 94f2d51b-9162-40e8-ac39-752c21a020f1(uuid6150)
сент. 19, 2025 6:42:50 PM webapp.storage.AbstractStorage save
INFO: &amp#27;[32mSave da19f077-ff58-48bf-8db0-7812a5df1621(uuid6151)
сент. 19, 2025 6:42:50 PM webapp.storage.AbstractStorage save
INFO: &amp#27;[32mSave 7b1302aa-6b7c-4151-a492-b43c8d52caa4(uuid6152)
сент. 19, 2025 6:42:50 PM webapp.storage.AbstractStorage save
INFO: &amp#27;[32mSave 51036267-7b3d-45e4-8be2-d3524ce465aa(uuid6153)
сент. 19, 2025 6:42:50 PM webapp.storage.AbstractStorage save
INFO: &amp#27;[32mSave 18a929d6-9aac-4108-95ed-9a81a24a121e(uuid6154)
сент. 19, 2025 6:42:50 PM webapp.storage.AbstractStorage save
INFO: &amp#27;[32mSave 42e71849-349f-416c-906b-6e902c9327b7(uuid6155)
сент. 19, 2025 6:42:50 PM webapp.storage.AbstractStorage save
INFO: &amp#27;[32mSave 7b5a6eb8-06ca-457e-89b0-d21a8fd155d3(uuid6156)
сент. 19, 2025 6:42:50 PM webapp.storage.AbstractStorage save
INFO: &amp#27;[32mSave ad259b12-d60f-40ab-b327-da303f4dc87d(uuid6157)
сент. 19, 2025 6:42:50 PM webapp.storage.AbstractStorage save
INFO: &amp#27;[32mSave bde0cc0e-7c67-4661-a101-49295bc6f4dd(uuid6158)
сент. 19, 2025 6:42:50 PM webapp.storage.AbstractStorage save
INFO: &amp#27;[32mSave ddb02904-c7aa-49a6-9045-cc6f0dca48a9(uuid6159)
сент. 19, 2025 6:42:50 PM webapp.storage.AbstractStorage save
INFO: &amp#27;[32mSave 054dab0d-d141-493a-9d6f-4a7cabf8eb55(uuid6160)
сент. 19, 2025 6:42:50 PM webapp.storage.AbstractStorage save
INFO: &amp#27;[32mSave 4729796f-b78a-4187-adb4-2961b292038b(uuid6161)
сент. 19, 2025 6:42:50 PM webapp.storage.AbstractStorage save
INFO: &amp#27;[32mSave 635c6515-68db-4e9a-acc1-8ebbfc52a0d2(uuid6162)
сент. 19, 2025 6:42:50 PM webapp.storage.AbstractStorage save
INFO: &amp#27;[32mSave 26ee3b3f-9d92-4c43-a747-963177b83b0c(uuid6163)
сент. 19, 2025 6:42:50 PM webapp.storage.AbstractStorage save
INFO: &amp#27;[32mSave 9307d133-dc1d-4ec0-9525-bf9e9e9f3ba0(uuid6164)
сент. 19, 2025 6:42:50 PM webapp.storage.AbstractStorage save
INFO: &amp#27;[32mSave ac27dd16-6af6-4375-9ff6-9690f1e581ea(uuid6165)
сент. 19, 2025 6:42:50 PM webapp.storage.AbstractStorage save
INFO: &amp#27;[32mSave 4f0a989e-9a76-4f65-af43-208dff603fa3(uuid6166)
сент. 19, 2025 6:42:50 PM webapp.storage.AbstractStorage save
INFO: &amp#27;[32mSave 505743f5-0501-4a18-aca0-1d0bbc9e8b99(uuid6167)
сент. 19, 2025 6:42:50 PM webapp.storage.AbstractStorage save
INFO: &amp#27;[32mSave f2bc6547-0cf3-4c14-98c7-15fea062a9b5(uuid6168)
сент. 19, 2025 6:42:50 PM webapp.storage.AbstractStorage save
INFO: &amp#27;[32mSave 59f6ffc6-2058-4570-b8b6-59efbf8a4b48(uuid6169)
сент. 19, 2025 6:42:50 PM webapp.storage.AbstractStorage save
INFO: &amp#27;[32mSave da31b4f7-2607-4195-af23-5cac0a85aec7(uuid6170)
сент. 19, 2025 6:42:50 PM webapp.storage.AbstractStorage save
INFO: &amp#27;[32mSave d1b4cd88-d817-4b4b-a63d-dd1667968506(uuid6171)
сент. 19, 2025 6:42:50 PM webapp.storage.AbstractStorage save
INFO: &amp#27;[32mSave 09424a65-e666-42e6-bcfe-b9318dd12948(uuid6172)
сент. 19, 2025 6:42:50 PM webapp.storage.AbstractStorage save
INFO: &amp#27;[32mSave 807ee150-1072-4bd7-8fb8-ca9cae5cb79d(uuid6173)
сент. 19, 2025 6:42:50 PM webapp.storage.AbstractStorage save
INFO: &amp#27;[32mSave 97d867ba-4aa5-429a-b6fd-8d5d94db7180(uuid6174)
сент. 19, 2025 6:42:50 PM webapp.storage.AbstractStorage save
INFO: &amp#27;[32mSave 43416c34-812e-4fee-8ffe-793dfb7cd4c1(uuid6175)
сент. 19, 2025 6:42:50 PM webapp.storage.AbstractStorage save
INFO: &amp#27;[32mSave d1b740e1-11db-44db-8e7b-b1c181bd9181(uuid6176)
сент. 19, 2025 6:42:50 PM webapp.storage.AbstractStorage save
INFO: &amp#27;[32mSave a12673fa-344a-4786-b884-d6733ce8c6f3(uuid6177)
сент. 19, 2025 6:42:50 PM webapp.storage.AbstractStorage save
INFO: &amp#27;[32mSave 65efc4ff-89f0-48e5-a712-102ec9d20477(uuid6178)
сент. 19, 2025 6:42:50 PM webapp.storage.AbstractStorage save
INFO: &amp#27;[32mSave 680ea34d-c432-4da5-9279-f4e0de390a46(uuid6179)
сент. 19, 2025 6:42:50 PM webapp.storage.AbstractStorage save
INFO: &amp#27;[32mSave 3f2bec73-10f3-4e96-89f5-772e66a04beb(uuid6180)
сент. 19, 2025 6:42:50 PM webapp.storage.AbstractStorage save
INFO: &amp#27;[32mSave 0accb6c7-971c-4270-ab4f-95983c143785(uuid6181)
сент. 19, 2025 6:42:50 PM webapp.storage.AbstractStorage save
INFO: &amp#27;[32mSave a87c440c-bee1-4439-a382-cc503adec364(uuid6182)
сент. 19, 2025 6:42:50 PM webapp.storage.AbstractStorage save
INFO: &amp#27;[32mSave 43fe1064-8474-4f47-a1c2-ac8eae482fa9(uuid6183)
сент. 19, 2025 6:42:50 PM webapp.storage.AbstractStorage save
INFO: &amp#27;[32mSave 832905df-5571-4d61-a070-cae9ae0b53d6(uuid6184)
сент. 19, 2025 6:42:50 PM webapp.storage.AbstractStorage save
INFO: &amp#27;[32mSave d8570217-1a06-4453-95ae-506c4d5560b2(uuid6185)
сент. 19, 2025 6:42:50 PM webapp.storage.AbstractStorage save
INFO: &amp#27;[32mSave 369d6e5d-8a4d-4fd2-9055-ccbda2a61605(uuid6186)
сент. 19, 2025 6:42:50 PM webapp.storage.AbstractStorage save
INFO: &amp#27;[32mSave 89b77334-b9d3-483f-b068-09d9a26063c4(uuid6187)
сент. 19, 2025 6:42:50 PM webapp.storage.AbstractStorage save
INFO: &amp#27;[32mSave 5974efd3-04e3-4b83-b080-44c92ba6a0d3(uuid6188)
сент. 19, 2025 6:42:50 PM webapp.storage.AbstractStorage save
INFO: &amp#27;[32mSave d5331168-37c0-4d2c-99fb-c3810cd17464(uuid6189)
сент. 19, 2025 6:42:50 PM webapp.storage.AbstractStorage save
INFO: &amp#27;[32mSave 8b00b928-9ef5-4b30-88c8-f3dbfb26b3db(uuid6190)
сент. 19, 2025 6:42:50 PM webapp.storage.AbstractStorage save
INFO: &amp#27;[32mSave ea6b88e4-57b9-4788-a6d8-eea36a7c3277(uuid6191)
сент. 19, 2025 6:42:50 PM webapp.storage.AbstractStorage save
INFO: &amp#27;[32mSave aebd6f2a-79dc-48c2-8e13-3749bdd41de9(uuid6192)
сент. 19, 2025 6:42:50 PM webapp.storage.AbstractStorage save
INFO: &amp#27;[32mSave 3e88010d-c8e6-48f6-a964-01e7e80f58e1(uuid6193)
сент. 19, 2025 6:42:50 PM webapp.storage.AbstractStorage save
INFO: &amp#27;[32mSave 129e75f1-23a1-4fdc-8352-ecd3af548795(uuid6194)
сент. 19, 2025 6:42:50 PM webapp.storage.AbstractStorage save
INFO: &amp#27;[32mSave 66f1605f-77b6-4544-9165-17856b8d3a50(uuid6195)
сент. 19, 2025 6:42:50 PM webapp.storage.AbstractStorage save
INFO: &amp#27;[32mSave d8faf0f3-4d6f-4bcb-b449-4aca4fb2cd2d(uuid6196)
сент. 19, 2025 6:42:50 PM webapp.storage.AbstractStorage save
INFO: &amp#27;[32mSave 87e19f77-31b9-4722-b049-ea7e8d2dba28(uuid6197)
сент. 19, 2025 6:42:50 PM webapp.storage.AbstractStorage save
INFO: &amp#27;[32mSave ed32b95b-0308-4c53-8fe1-3df1bfcf933d(uuid6198)
сент. 19, 2025 6:42:50 PM webapp.storage.AbstractStorage save
INFO: &amp#27;[32mSave 3af8d9c6-8776-4611-bd6f-1524f3bcd222(uuid6199)
сент. 19, 2025 6:42:50 PM webapp.storage.AbstractStorage save
INFO: &amp#27;[32mSave fa81cd3a-c9ac-433a-880a-28df02b5ba32(uuid6200)
сент. 19, 2025 6:42:50 PM webapp.storage.AbstractStorage save
INFO: &amp#27;[32mSave 6b51ed26-6e68-447a-a860-fc1196d72677(uuid6201)
сент. 19, 2025 6:42:50 PM webapp.storage.AbstractStorage save
INFO: &amp#27;[32mSave ef676b84-4dd7-4be7-aef8-c2f5eb4b52c2(uuid6202)
сент. 19, 2025 6:42:50 PM webapp.storage.AbstractStorage save
INFO: &amp#27;[32mSave 101aaafb-abaa-4999-a237-0eef2af7a893(uuid6203)
сент. 19, 2025 6:42:50 PM webapp.storage.AbstractStorage save
INFO: &amp#27;[32mSave a07e4738-f0dd-48ff-bc14-6f1f944fb6c5(uuid6204)
сент. 19, 2025 6:42:50 PM webapp.storage.AbstractStorage save
INFO: &amp#27;[32mSave 8d5cd923-6a0a-4ae5-85ab-8ea8bba540f6(uuid6205)
сент. 19, 2025 6:42:50 PM webapp.storage.AbstractStorage save
INFO: &amp#27;[32mSave 152a461e-60bf-4330-bc28-ce68898b1b9f(uuid6206)
сент. 19, 2025 6:42:50 PM webapp.storage.AbstractStorage save
INFO: &amp#27;[32mSave 2d526f81-5786-49e0-af80-9d4bc6059db8(uuid6207)
сент. 19, 2025 6:42:50 PM webapp.storage.AbstractStorage save
INFO: &amp#27;[32mSave 9a5944e7-daf7-4263-a7b4-1b0fd66a895b(uuid6208)
сент. 19, 2025 6:42:50 PM webapp.storage.AbstractStorage save
INFO: &amp#27;[32mSave 55bdefd6-6e2c-49e4-bf79-30b5b972544e(uuid6209)
сент. 19, 2025 6:42:50 PM webapp.storage.AbstractStorage save
INFO: &amp#27;[32mSave 9e718e8f-3a3d-4e3c-8313-1da680285503(uuid6210)
сент. 19, 2025 6:42:50 PM webapp.storage.AbstractStorage save
INFO: &amp#27;[32mSave 5604fa4b-280d-428c-a748-2f671a0d23e4(uuid6211)
сент. 19, 2025 6:42:50 PM webapp.storage.AbstractStorage save
INFO: &amp#27;[32mSave f1b1c29e-b90b-40b0-8545-a9197faa5533(uuid6212)
сент. 19, 2025 6:42:50 PM webapp.storage.AbstractStorage save
INFO: &amp#27;[32mSave 5c4a9a34-912a-43c3-97a4-10b607ffcf86(uuid6213)
сент. 19, 2025 6:42:50 PM webapp.storage.AbstractStorage save
INFO: &amp#27;[32mSave 6714a5a9-359c-42b9-bd32-42a30200c30a(uuid6214)
сент. 19, 2025 6:42:50 PM webapp.storage.AbstractStorage save
INFO: &amp#27;[32mSave ae7eb0b3-5851-4fc7-ac7f-91f5560b8fe4(uuid6215)
сент. 19, 2025 6:42:50 PM webapp.storage.AbstractStorage save
INFO: &amp#27;[32mSave 09085395-72cb-42c1-abe5-a0df82d057c8(uuid6216)
сент. 19, 2025 6:42:50 PM webapp.storage.AbstractStorage save
INFO: &amp#27;[32mSave d96932ed-2b78-4ba5-bc99-5350c32ec579(uuid6217)
сент. 19, 2025 6:42:50 PM webapp.storage.AbstractStorage save
INFO: &amp#27;[32mSave 43f1b14c-62f7-4ff3-a0a5-747bf9444927(uuid6218)
сент. 19, 2025 6:42:50 PM webapp.storage.AbstractStorage save
INFO: &amp#27;[32mSave 5ab3487c-ffa9-4193-b426-34a5ffad5da2(uuid6219)
сент. 19, 2025 6:42:50 PM webapp.storage.AbstractStorage save
INFO: &amp#27;[32mSave b0425ac9-08ac-4351-8dec-38f143e75804(uuid6220)
сент. 19, 2025 6:42:50 PM webapp.storage.AbstractStorage save
INFO: &amp#27;[32mSave 206d96aa-c118-4ae3-8edb-048c8d2d256c(uuid6221)
сент. 19, 2025 6:42:50 PM webapp.storage.AbstractStorage save
INFO: &amp#27;[32mSave 9c7a4646-464f-4eaa-9baf-ee85e0456683(uuid6222)
сент. 19, 2025 6:42:50 PM webapp.storage.AbstractStorage save
INFO: &amp#27;[32mSave 62c436ba-0a22-41bc-b35c-1768e9b3de43(uuid6223)
сент. 19, 2025 6:42:50 PM webapp.storage.AbstractStorage save
INFO: &amp#27;[32mSave a4a7ef56-0c63-41fc-b445-208cba8417bc(uuid6224)
сент. 19, 2025 6:42:50 PM webapp.storage.AbstractStorage save
INFO: &amp#27;[32mSave 9f6649ef-4446-4221-8dcb-4e85e016731d(uuid6225)
сент. 19, 2025 6:42:50 PM webapp.storage.AbstractStorage save
INFO: &amp#27;[32mSave a1cf61fb-f311-4a73-8156-0758e283aea2(uuid6226)
сент. 19, 2025 6:42:50 PM webapp.storage.AbstractStorage save
INFO: &amp#27;[32mSave ff3c82ca-53ea-41de-97b4-81d053274117(uuid6227)
сент. 19, 2025 6:42:50 PM webapp.storage.AbstractStorage save
INFO: &amp#27;[32mSave 73539d1f-a674-4730-8391-cdc327acd97d(uuid6228)
сент. 19, 2025 6:42:50 PM webapp.storage.AbstractStorage save
INFO: &amp#27;[32mSave e70ca441-19fe-4cf4-b4fa-066e56916752(uuid6229)
сент. 19, 2025 6:42:50 PM webapp.storage.AbstractStorage save
INFO: &amp#27;[32mSave 312662c0-c6c4-423f-80eb-9d168b1118f4(uuid6230)
сент. 19, 2025 6:42:50 PM webapp.storage.AbstractStorage save
INFO: &amp#27;[32mSave 8fc47944-9342-4152-9360-2dbb40dcf736(uuid6231)
сент. 19, 2025 6:42:50 PM webapp.storage.AbstractStorage save
INFO: &amp#27;[32mSave 2a3145dc-1401-4566-8956-bcf3516871b6(uuid6232)
сент. 19, 2025 6:42:50 PM webapp.storage.AbstractStorage save
INFO: &amp#27;[32mSave de23cead-ab64-41f6-9034-8a3fa5062151(uuid6233)
сент. 19, 2025 6:42:50 PM webapp.storage.AbstractStorage save
INFO: &amp#27;[32mSave e8ab97aa-87f6-4b5b-aa6e-1df9ea341342(uuid6234)
сент. 19, 2025 6:42:50 PM webapp.storage.AbstractStorage save
INFO: &amp#27;[32mSave 75a508d0-f66a-4ed8-90a6-7b654c9a3789(uuid6235)
сент. 19, 2025 6:42:50 PM webapp.storage.AbstractStorage save
INFO: &amp#27;[32mSave abf03420-db07-4f00-ac8b-028bd25737b6(uuid6236)
сент. 19, 2025 6:42:50 PM webapp.storage.AbstractStorage save
INFO: &amp#27;[32mSave 89ff0bf1-2d9d-4e0f-82f5-a69760f20f9a(uuid6237)
сент. 19, 2025 6:42:50 PM webapp.storage.AbstractStorage save
INFO: &amp#27;[32mSave 4eb2d433-b88a-4144-acd2-b6d966cc8224(uuid6238)
сент. 19, 2025 6:42:50 PM webapp.storage.AbstractStorage save
INFO: &amp#27;[32mSave acdb6fc0-e210-4b6f-b225-b8359a491087(uuid6239)
сент. 19, 2025 6:42:50 PM webapp.storage.AbstractStorage save
INFO: &amp#27;[32mSave 7b23e5bf-7723-4ceb-9c83-c844eeb982ef(uuid6240)
сент. 19, 2025 6:42:50 PM webapp.storage.AbstractStorage save
INFO: &amp#27;[32mSave 8141dc02-23d3-45e0-a883-4d637321bea8(uuid6241)
сент. 19, 2025 6:42:50 PM webapp.storage.AbstractStorage save
INFO: &amp#27;[32mSave cd61479d-2747-438d-9fb7-daac84fc744e(uuid6242)
сент. 19, 2025 6:42:50 PM webapp.storage.AbstractStorage save
INFO: &amp#27;[32mSave 40a4ca7d-9b37-42b0-a8b7-f1476e05893e(uuid6243)
сент. 19, 2025 6:42:50 PM webapp.storage.AbstractStorage save
INFO: &amp#27;[32mSave fd858b3e-f212-404b-9844-e37c7137fd85(uuid6244)
сент. 19, 2025 6:42:50 PM webapp.storage.AbstractStorage save
INFO: &amp#27;[32mSave 8f701116-247b-4881-af1a-e4033ad8fdd6(uuid6245)
сент. 19, 2025 6:42:50 PM webapp.storage.AbstractStorage save
INFO: &amp#27;[32mSave dfed719f-d83d-4dfb-ab14-0de6fd21c95b(uuid6246)
сент. 19, 2025 6:42:50 PM webapp.storage.AbstractStorage save
INFO: &amp#27;[32mSave cb56de45-77e4-45e4-a578-6d6b6c176021(uuid6247)
сент. 19, 2025 6:42:50 PM webapp.storage.AbstractStorage save
INFO: &amp#27;[32mSave 080c9e5b-ba01-41c1-a372-1d07c954cb16(uuid6248)
сент. 19, 2025 6:42:50 PM webapp.storage.AbstractStorage save
INFO: &amp#27;[32mSave c1e44690-aa5a-4bcc-b12b-85d62feb47e1(uuid6249)
сент. 19, 2025 6:42:50 PM webapp.storage.AbstractStorage save
INFO: &amp#27;[32mSave d33773e4-46f9-48a4-b87e-4f9690ab2c7b(uuid6250)
сент. 19, 2025 6:42:50 PM webapp.storage.AbstractStorage save
INFO: &amp#27;[32mSave 72eef56d-e6ee-4771-88b3-5921246ee5c5(uuid6251)
сент. 19, 2025 6:42:50 PM webapp.storage.AbstractStorage save
INFO: &amp#27;[32mSave 88b3bc5e-81df-41a0-bead-d87a38c2472d(uuid6252)
сент. 19, 2025 6:42:50 PM webapp.storage.AbstractStorage save
INFO: &amp#27;[32mSave e721d410-85ca-4bc2-9f23-b378c43e6037(uuid6253)
сент. 19, 2025 6:42:50 PM webapp.storage.AbstractStorage save
INFO: &amp#27;[32mSave bd226676-0fbe-4cca-b736-e9270ec01c43(uuid6254)
сент. 19, 2025 6:42:50 PM webapp.storage.AbstractStorage save
INFO: &amp#27;[32mSave 364e04d2-6c24-46da-b8ef-6921140bcf1b(uuid6255)
сент. 19, 2025 6:42:50 PM webapp.storage.AbstractStorage save
INFO: &amp#27;[32mSave 4a3012fb-8f89-42da-9c47-2da2d1c3fc54(uuid6256)
сент. 19, 2025 6:42:50 PM webapp.storage.AbstractStorage save
INFO: &amp#27;[32mSave 01a13a1e-9c5a-441f-b5a6-9eb53f3cc91b(uuid6257)
сент. 19, 2025 6:42:50 PM webapp.storage.AbstractStorage save
INFO: &amp#27;[32mSave 347857d0-18b0-4f5c-a9ac-1e8ce10716d5(uuid6258)
сент. 19, 2025 6:42:50 PM webapp.storage.AbstractStorage save
INFO: &amp#27;[32mSave 81dc8477-d266-49f6-941b-da51394742f7(uuid6259)
сент. 19, 2025 6:42:50 PM webapp.storage.AbstractStorage save
INFO: &amp#27;[32mSave 787763a8-96fd-475e-bd91-3e442ca5511f(uuid6260)
сент. 19, 2025 6:42:50 PM webapp.storage.AbstractStorage save
INFO: &amp#27;[32mSave 9a0aa846-dfbc-4579-abe9-4f2ae25823d3(uuid6261)
сент. 19, 2025 6:42:50 PM webapp.storage.AbstractStorage save
INFO: &amp#27;[32mSave c936bfd5-535a-4fb1-9741-4839930df9f4(uuid6262)
сент. 19, 2025 6:42:50 PM webapp.storage.AbstractStorage save
INFO: &amp#27;[32mSave 628d4711-fcc2-4495-929d-c87d4c48a66c(uuid6263)
сент. 19, 2025 6:42:50 PM webapp.storage.AbstractStorage save
INFO: &amp#27;[32mSave 5774f522-dd8b-4702-88be-23fe82dabefb(uuid6264)
сент. 19, 2025 6:42:50 PM webapp.storage.AbstractStorage save
INFO: &amp#27;[32mSave 0af09c42-ae52-4a59-a451-e46e2203b229(uuid6265)
сент. 19, 2025 6:42:50 PM webapp.storage.AbstractStorage save
INFO: &amp#27;[32mSave 8183e2c0-fa90-4211-a313-af45f9553cc8(uuid6266)
сент. 19, 2025 6:42:50 PM webapp.storage.AbstractStorage save
INFO: &amp#27;[32mSave 4a2b8501-4bbb-4ed1-95c9-49831eef303e(uuid6267)
сент. 19, 2025 6:42:50 PM webapp.storage.AbstractStorage save
INFO: &amp#27;[32mSave 31cea146-57db-46f8-a6ef-b7cf53bc52f2(uuid6268)
сент. 19, 2025 6:42:50 PM webapp.storage.AbstractStorage save
INFO: &amp#27;[32mSave d033e89a-fc65-4577-bf72-7f254669dc96(uuid6269)
сент. 19, 2025 6:42:50 PM webapp.storage.AbstractStorage save
INFO: &amp#27;[32mSave 245a8549-8912-44d7-929e-1c8aa88e2d9f(uuid6270)
сент. 19, 2025 6:42:50 PM webapp.storage.AbstractStorage save
INFO: &amp#27;[32mSave 1cfdcb5e-7a1d-44e7-9e4d-53496be2e917(uuid6271)
сент. 19, 2025 6:42:50 PM webapp.storage.AbstractStorage save
INFO: &amp#27;[32mSave ccb110a6-2949-4ebb-a781-3e3db71d0ad6(uuid6272)
сент. 19, 2025 6:42:50 PM webapp.storage.AbstractStorage save
INFO: &amp#27;[32mSave 69c96989-9f09-4592-8f82-6c805f2a0206(uuid6273)
сент. 19, 2025 6:42:50 PM webapp.storage.AbstractStorage save
INFO: &amp#27;[32mSave fec9a9f8-54f2-4fca-a914-7fc10c79fc59(uuid6274)
сент. 19, 2025 6:42:50 PM webapp.storage.AbstractStorage save
INFO: &amp#27;[32mSave 5a48c2d9-4f2c-4568-8f9d-c5b946a06ccd(uuid6275)
сент. 19, 2025 6:42:50 PM webapp.storage.AbstractStorage save
INFO: &amp#27;[32mSave a13d10dc-f6fc-4689-a1db-860bdc8bb329(uuid6276)
сент. 19, 2025 6:42:50 PM webapp.storage.AbstractStorage save
INFO: &amp#27;[32mSave 48b8cf09-95f0-444c-b743-acda4420cfb9(uuid6277)
сент. 19, 2025 6:42:50 PM webapp.storage.AbstractStorage save
INFO: &amp#27;[32mSave b356ef8b-5f39-4767-ac2d-e7aa0f0b3a53(uuid6278)
сент. 19, 2025 6:42:50 PM webapp.storage.AbstractStorage save
INFO: &amp#27;[32mSave a5f69c75-a854-44c1-a721-31f196594412(uuid6279)
сент. 19, 2025 6:42:50 PM webapp.storage.AbstractStorage save
INFO: &amp#27;[32mSave 519e8292-3dc8-474d-ab45-8323fc0c8df7(uuid6280)
сент. 19, 2025 6:42:50 PM webapp.storage.AbstractStorage save
INFO: &amp#27;[32mSave 5d88e9c7-8d24-443c-b45f-b63128ef9381(uuid6281)
сент. 19, 2025 6:42:50 PM webapp.storage.AbstractStorage save
INFO: &amp#27;[32mSave c6b481b3-d9b7-4f84-9573-a6fe3dbdf152(uuid6282)
сент. 19, 2025 6:42:50 PM webapp.storage.AbstractStorage save
INFO: &amp#27;[32mSave 32c1872f-211e-4799-9ce5-9f9d29d85be4(uuid6283)
сент. 19, 2025 6:42:50 PM webapp.storage.AbstractStorage save
INFO: &amp#27;[32mSave 3d0c51c7-e19f-498e-bfaf-2b8507dbd615(uuid6284)
сент. 19, 2025 6:42:50 PM webapp.storage.AbstractStorage save
INFO: &amp#27;[32mSave 42184e8d-d867-47de-9da7-89b1eda41791(uuid6285)
сент. 19, 2025 6:42:50 PM webapp.storage.AbstractStorage save
INFO: &amp#27;[32mSave 6c15e651-f116-4dd3-a0ba-156685e4a30e(uuid6286)
сент. 19, 2025 6:42:50 PM webapp.storage.AbstractStorage save
INFO: &amp#27;[32mSave 5041282e-2cde-4d3b-ad86-466cb185a4db(uuid6287)
сент. 19, 2025 6:42:50 PM webapp.storage.AbstractStorage save
INFO: &amp#27;[32mSave fbb8ed43-76a8-4e25-8d87-4016a67c2b92(uuid6288)
сент. 19, 2025 6:42:50 PM webapp.storage.AbstractStorage save
INFO: &amp#27;[32mSave f79ad4dc-ee08-4823-aa42-7cae079d389e(uuid6289)
сент. 19, 2025 6:42:50 PM webapp.storage.AbstractStorage save
INFO: &amp#27;[32mSave 26858d6e-a548-478a-b810-a314492f72d9(uuid6290)
сент. 19, 2025 6:42:50 PM webapp.storage.AbstractStorage save
INFO: &amp#27;[32mSave 7cce4bae-a4fa-4856-bdfc-0599b37d0b6e(uuid6291)
сент. 19, 2025 6:42:50 PM webapp.storage.AbstractStorage save
INFO: &amp#27;[32mSave 9c2b0090-013d-4b13-a16b-f83a726fefef(uuid6292)
сент. 19, 2025 6:42:50 PM webapp.storage.AbstractStorage save
INFO: &amp#27;[32mSave 0ff2db17-8554-4624-b51a-59f806d42b81(uuid6293)
сент. 19, 2025 6:42:50 PM webapp.storage.AbstractStorage save
INFO: &amp#27;[32mSave da909c79-ffe3-4f6a-a811-7efc114f4d30(uuid6294)
сент. 19, 2025 6:42:50 PM webapp.storage.AbstractStorage save
INFO: &amp#27;[32mSave 9abcfb4b-bb29-4027-b89b-f229ad5a7778(uuid6295)
сент. 19, 2025 6:42:50 PM webapp.storage.AbstractStorage save
INFO: &amp#27;[32mSave 5efbbed6-bca2-4525-b0b2-04f169d21cc5(uuid6296)
сент. 19, 2025 6:42:50 PM webapp.storage.AbstractStorage save
INFO: &amp#27;[32mSave 5c2af407-c75f-4d40-840f-4b64c44d0d17(uuid6297)
сент. 19, 2025 6:42:50 PM webapp.storage.AbstractStorage save
INFO: &amp#27;[32mSave 5ddd8d54-5eeb-4865-a1de-ac845dad40bc(uuid6298)
сент. 19, 2025 6:42:50 PM webapp.storage.AbstractStorage save
INFO: &amp#27;[32mSave 2ab2bca9-0084-4151-a8f6-e918c38ecbe0(uuid6299)
сент. 19, 2025 6:42:50 PM webapp.storage.AbstractStorage save
INFO: &amp#27;[32mSave 1af5d5fb-1c4b-4aee-a79e-dc3e81a6fe03(uuid6300)
сент. 19, 2025 6:42:50 PM webapp.storage.AbstractStorage save
INFO: &amp#27;[32mSave 8e1494ea-ea89-4cff-828d-006c5a6e18fa(uuid6301)
сент. 19, 2025 6:42:50 PM webapp.storage.AbstractStorage save
INFO: &amp#27;[32mSave 775a52be-6001-42cb-96b2-304c42c471b3(uuid6302)
сент. 19, 2025 6:42:50 PM webapp.storage.AbstractStorage save
INFO: &amp#27;[32mSave ffcf46fc-528d-4ae5-93d9-0c9d145bbaf0(uuid6303)
сент. 19, 2025 6:42:50 PM webapp.storage.AbstractStorage save
INFO: &amp#27;[32mSave e1d98895-4347-44fe-9ca8-61544e031259(uuid6304)
сент. 19, 2025 6:42:50 PM webapp.storage.AbstractStorage save
INFO: &amp#27;[32mSave cdbb03a8-c14a-422a-8533-fd6af67a7392(uuid6305)
сент. 19, 2025 6:42:50 PM webapp.storage.AbstractStorage save
INFO: &amp#27;[32mSave 8adf355b-8eb3-4ec0-b26b-1e9fe63219c3(uuid6306)
сент. 19, 2025 6:42:50 PM webapp.storage.AbstractStorage save
INFO: &amp#27;[32mSave 30b99555-06c6-4859-955e-07b1bdae32d3(uuid6307)
сент. 19, 2025 6:42:50 PM webapp.storage.AbstractStorage save
INFO: &amp#27;[32mSave ef044ea1-e6dd-41ff-88eb-24a16bf4f7f1(uuid6308)
сент. 19, 2025 6:42:50 PM webapp.storage.AbstractStorage save
INFO: &amp#27;[32mSave 395f040b-b504-4904-a007-d7fc0798d6c0(uuid6309)
сент. 19, 2025 6:42:50 PM webapp.storage.AbstractStorage save
INFO: &amp#27;[32mSave 9c653a07-cfba-4988-83b3-98a41be26c34(uuid6310)
сент. 19, 2025 6:42:50 PM webapp.storage.AbstractStorage save
INFO: &amp#27;[32mSave f4d03137-a401-429f-a3f7-702c787b07b4(uuid6311)
сент. 19, 2025 6:42:50 PM webapp.storage.AbstractStorage save
INFO: &amp#27;[32mSave 98ad21aa-7f99-47bd-b52b-8d9ad464708b(uuid6312)
сент. 19, 2025 6:42:50 PM webapp.storage.AbstractStorage save
INFO: &amp#27;[32mSave ba9822ad-28e0-49f0-9317-3379a9bcfdd8(uuid6313)
сент. 19, 2025 6:42:50 PM webapp.storage.AbstractStorage save
INFO: &amp#27;[32mSave 2e77618d-68fb-4531-a2a2-a0c3dfad32b3(uuid6314)
сент. 19, 2025 6:42:50 PM webapp.storage.AbstractStorage save
INFO: &amp#27;[32mSave 2101549e-c360-427c-aa4c-792037ede7b8(uuid6315)
сент. 19, 2025 6:42:50 PM webapp.storage.AbstractStorage save
INFO: &amp#27;[32mSave c0b4efa7-7818-4475-b4aa-9e2f5a36346c(uuid6316)
сент. 19, 2025 6:42:50 PM webapp.storage.AbstractStorage save
INFO: &amp#27;[32mSave e61194bc-85b6-4c9f-aa3e-2affb0c71e9a(uuid6317)
сент. 19, 2025 6:42:50 PM webapp.storage.AbstractStorage save
INFO: &amp#27;[32mSave b378f7a8-7035-4d3c-8d43-c2b37721fe73(uuid6318)
сент. 19, 2025 6:42:50 PM webapp.storage.AbstractStorage save
INFO: &amp#27;[32mSave 4c03bb95-fe03-4358-9237-dadd587bbbe5(uuid6319)
сент. 19, 2025 6:42:50 PM webapp.storage.AbstractStorage save
INFO: &amp#27;[32mSave d2582975-2f34-4df1-bef7-967a1f94b657(uuid6320)
сент. 19, 2025 6:42:50 PM webapp.storage.AbstractStorage save
INFO: &amp#27;[32mSave 571de67f-514d-4970-bd42-c2e26a2525ac(uuid6321)
сент. 19, 2025 6:42:50 PM webapp.storage.AbstractStorage save
INFO: &amp#27;[32mSave 9fa58209-d987-4f20-bed2-530303ea6d3e(uuid6322)
сент. 19, 2025 6:42:50 PM webapp.storage.AbstractStorage save
INFO: &amp#27;[32mSave 7469a2e9-a92e-495f-bd17-0b9599e7ae94(uuid6323)
сент. 19, 2025 6:42:50 PM webapp.storage.AbstractStorage save
INFO: &amp#27;[32mSave f3544a7a-fe0c-4b8d-a5ee-d5f1c5d5c917(uuid6324)
сент. 19, 2025 6:42:50 PM webapp.storage.AbstractStorage save
INFO: &amp#27;[32mSave 163fc479-9db3-4635-ad06-58020a471133(uuid6325)
сент. 19, 2025 6:42:50 PM webapp.storage.AbstractStorage save
INFO: &amp#27;[32mSave 7ad137ef-8e56-4b50-8b1f-87e99b34d5a3(uuid6326)
сент. 19, 2025 6:42:50 PM webapp.storage.AbstractStorage save
INFO: &amp#27;[32mSave 8f6d6113-b8d9-4331-b226-8e550959898d(uuid6327)
сент. 19, 2025 6:42:50 PM webapp.storage.AbstractStorage save
INFO: &amp#27;[32mSave 343fe409-ce72-4570-a7f6-1a1f8107e3a5(uuid6328)
сент. 19, 2025 6:42:50 PM webapp.storage.AbstractStorage save
INFO: &amp#27;[32mSave 41068a23-bc85-4915-aa3f-3649e79212ef(uuid6329)
сент. 19, 2025 6:42:50 PM webapp.storage.AbstractStorage save
INFO: &amp#27;[32mSave 745973d0-16d0-4984-b8ef-13edb43e8fc4(uuid6330)
сент. 19, 2025 6:42:50 PM webapp.storage.AbstractStorage save
INFO: &amp#27;[32mSave c7187ba6-6f34-44c3-835e-d7d6fb3df9c3(uuid6331)
сент. 19, 2025 6:42:50 PM webapp.storage.AbstractStorage save
INFO: &amp#27;[32mSave c50236e1-9d28-48da-88ca-46670b9edb9f(uuid6332)
сент. 19, 2025 6:42:50 PM webapp.storage.AbstractStorage save
INFO: &amp#27;[32mSave ef096b51-7977-4b0f-a8ac-98fd5bf8ddc6(uuid6333)
сент. 19, 2025 6:42:50 PM webapp.storage.AbstractStorage save
INFO: &amp#27;[32mSave 6a997df6-3cce-4363-b314-750495ffa772(uuid6334)
сент. 19, 2025 6:42:50 PM webapp.storage.AbstractStorage save
INFO: &amp#27;[32mSave 26ec1f6f-ca3a-4141-9285-8f70df8ef4ab(uuid6335)
сент. 19, 2025 6:42:50 PM webapp.storage.AbstractStorage save
INFO: &amp#27;[32mSave f0d9f28f-e9e4-4870-8d36-9463e5540b42(uuid6336)
сент. 19, 2025 6:42:50 PM webapp.storage.AbstractStorage save
INFO: &amp#27;[32mSave 5a8aa104-68ff-47e0-a4cd-a06028817bdd(uuid6337)
сент. 19, 2025 6:42:50 PM webapp.storage.AbstractStorage save
INFO: &amp#27;[32mSave 45786131-ba9b-4d2d-a2e9-928ad8b2f560(uuid6338)
сент. 19, 2025 6:42:50 PM webapp.storage.AbstractStorage save
INFO: &amp#27;[32mSave 148981aa-b9f8-4062-8681-920a18917a46(uuid6339)
сент. 19, 2025 6:42:50 PM webapp.storage.AbstractStorage save
INFO: &amp#27;[32mSave 735f03f9-b5da-414c-93b7-543221b9072e(uuid6340)
сент. 19, 2025 6:42:50 PM webapp.storage.AbstractStorage save
INFO: &amp#27;[32mSave 6d659d87-aefc-45f4-85e8-0ef1cb9017ab(uuid6341)
сент. 19, 2025 6:42:50 PM webapp.storage.AbstractStorage save
INFO: &amp#27;[32mSave 3ae4fa6f-96e1-420c-bd8b-cda0117f22e6(uuid6342)
сент. 19, 2025 6:42:50 PM webapp.storage.AbstractStorage save
INFO: &amp#27;[32mSave 78be4801-b8e9-49b7-8ac4-f2d5b5f66fde(uuid6343)
сент. 19, 2025 6:42:50 PM webapp.storage.AbstractStorage save
INFO: &amp#27;[32mSave ed22006f-8b1f-4bb6-aa99-e6e3af251031(uuid6344)
сент. 19, 2025 6:42:50 PM webapp.storage.AbstractStorage save
INFO: &amp#27;[32mSave fd30e87b-7e94-4893-8986-7c0f5cfbf565(uuid6345)
сент. 19, 2025 6:42:50 PM webapp.storage.AbstractStorage save
INFO: &amp#27;[32mSave 30196371-7017-4c25-aba2-34a06fd1670c(uuid6346)
сент. 19, 2025 6:42:50 PM webapp.storage.AbstractStorage save
INFO: &amp#27;[32mSave 003151fa-8302-49a7-ada8-433ee115fc6c(uuid6347)
сент. 19, 2025 6:42:50 PM webapp.storage.AbstractStorage save
INFO: &amp#27;[32mSave c3a01bb0-55ee-4c6d-a0d6-9f38232d0a93(uuid6348)
сент. 19, 2025 6:42:50 PM webapp.storage.AbstractStorage save
INFO: &amp#27;[32mSave 0f090a9f-8e06-41ef-a64c-24e88f715870(uuid6349)
сент. 19, 2025 6:42:50 PM webapp.storage.AbstractStorage save
INFO: &amp#27;[32mSave 4659d6c9-1fcd-4858-acd0-94b8540bdf75(uuid6350)
сент. 19, 2025 6:42:50 PM webapp.storage.AbstractStorage save
INFO: &amp#27;[32mSave bf963800-4666-41de-9cfc-6c868d8499de(uuid6351)
сент. 19, 2025 6:42:50 PM webapp.storage.AbstractStorage save
INFO: &amp#27;[32mSave 997a755a-0abd-40ae-8143-0526f017dfff(uuid6352)
сент. 19, 2025 6:42:50 PM webapp.storage.AbstractStorage save
INFO: &amp#27;[32mSave 70c7c8ae-9ab2-4e5b-aafd-da92a38a2b95(uuid6353)
сент. 19, 2025 6:42:50 PM webapp.storage.AbstractStorage save
INFO: &amp#27;[32mSave fd9090c8-4eb8-4ac8-8a20-748d70380570(uuid6354)
сент. 19, 2025 6:42:50 PM webapp.storage.AbstractStorage save
INFO: &amp#27;[32mSave 6127bbf1-3d67-41d0-800b-cae38b245419(uuid6355)
сент. 19, 2025 6:42:50 PM webapp.storage.AbstractStorage save
INFO: &amp#27;[32mSave ba0b4ef5-42cf-4724-a9d4-3a92b0d9384b(uuid6356)
сент. 19, 2025 6:42:50 PM webapp.storage.AbstractStorage save
INFO: &amp#27;[32mSave 1e8e612a-2436-4b82-a94b-9a4bc1fb55f6(uuid6357)
сент. 19, 2025 6:42:50 PM webapp.storage.AbstractStorage save
INFO: &amp#27;[32mSave 2d4fb117-31a5-405d-9105-ba9291a9a16b(uuid6358)
сент. 19, 2025 6:42:50 PM webapp.storage.AbstractStorage save
INFO: &amp#27;[32mSave 9e380abb-d66f-4734-adf4-87638cb69895(uuid6359)
сент. 19, 2025 6:42:50 PM webapp.storage.AbstractStorage save
INFO: &amp#27;[32mSave c24ce8f4-138e-41ec-a892-ae8b955e61e6(uuid6360)
сент. 19, 2025 6:42:50 PM webapp.storage.AbstractStorage save
INFO: &amp#27;[32mSave c498ae74-e29c-4177-945d-c85e694c504d(uuid6361)
сент. 19, 2025 6:42:50 PM webapp.storage.AbstractStorage save
INFO: &amp#27;[32mSave b34a4cbf-c1f3-4f2b-a088-c4c406fba1dc(uuid6362)
сент. 19, 2025 6:42:50 PM webapp.storage.AbstractStorage save
INFO: &amp#27;[32mSave a1516996-fcf8-4faa-bae6-b918df4dfb96(uuid6363)
сент. 19, 2025 6:42:50 PM webapp.storage.AbstractStorage save
INFO: &amp#27;[32mSave 58c2de5b-3924-495e-8840-a41f91d0ca00(uuid6364)
сент. 19, 2025 6:42:50 PM webapp.storage.AbstractStorage save
INFO: &amp#27;[32mSave 4736eff0-b9f9-4b0c-a949-12bb7c04672d(uuid6365)
сент. 19, 2025 6:42:50 PM webapp.storage.AbstractStorage save
INFO: &amp#27;[32mSave 278fcc9a-2a1e-43b5-b104-0d5926191307(uuid6366)
сент. 19, 2025 6:42:50 PM webapp.storage.AbstractStorage save
INFO: &amp#27;[32mSave b97e5e7f-350d-4690-9deb-d31f0daa3d32(uuid6367)
сент. 19, 2025 6:42:50 PM webapp.storage.AbstractStorage save
INFO: &amp#27;[32mSave c72d28e1-a1fe-4867-b75d-96bff4ecf5c9(uuid6368)
сент. 19, 2025 6:42:50 PM webapp.storage.AbstractStorage save
INFO: &amp#27;[32mSave ef0f8483-cf85-49e9-a530-1e19d868e680(uuid6369)
сент. 19, 2025 6:42:50 PM webapp.storage.AbstractStorage save
INFO: &amp#27;[32mSave ab0cd411-dbd6-477c-a225-a152c0d983f4(uuid6370)
сент. 19, 2025 6:42:50 PM webapp.storage.AbstractStorage save
INFO: &amp#27;[32mSave eb5facc1-7ba8-492e-8eb0-1ddfc0f6af0a(uuid6371)
сент. 19, 2025 6:42:50 PM webapp.storage.AbstractStorage save
INFO: &amp#27;[32mSave 6863cbe3-2ac8-40f4-97be-a3503ed12eae(uuid6372)
сент. 19, 2025 6:42:50 PM webapp.storage.AbstractStorage save
INFO: &amp#27;[32mSave da364429-33bb-4f3c-b56b-495cd08ff0e6(uuid6373)
сент. 19, 2025 6:42:50 PM webapp.storage.AbstractStorage save
INFO: &amp#27;[32mSave 722ae2f2-a722-45e1-9855-aa366bc0bf88(uuid6374)
сент. 19, 2025 6:42:50 PM webapp.storage.AbstractStorage save
INFO: &amp#27;[32mSave 5586da4b-d747-4153-bb2f-295f40d23660(uuid6375)
сент. 19, 2025 6:42:50 PM webapp.storage.AbstractStorage save
INFO: &amp#27;[32mSave 6044a5d7-96f5-421b-b444-8f8a1e28a74a(uuid6376)
сент. 19, 2025 6:42:50 PM webapp.storage.AbstractStorage save
INFO: &amp#27;[32mSave 36857d39-ae4d-4744-b1b9-27cf7b2681f0(uuid6377)
сент. 19, 2025 6:42:50 PM webapp.storage.AbstractStorage save
INFO: &amp#27;[32mSave 51bb82a1-8d08-441b-ba2d-e0d31973e552(uuid6378)
сент. 19, 2025 6:42:50 PM webapp.storage.AbstractStorage save
INFO: &amp#27;[32mSave ffed9e8d-b400-4895-b3f5-7b7c84af23b0(uuid6379)
сент. 19, 2025 6:42:50 PM webapp.storage.AbstractStorage save
INFO: &amp#27;[32mSave a99ce50a-e7e2-4f43-abdf-531c12dca300(uuid6380)
сент. 19, 2025 6:42:50 PM webapp.storage.AbstractStorage save
INFO: &amp#27;[32mSave 1a8fa073-5e7d-4c24-b197-224300ea8c67(uuid6381)
сент. 19, 2025 6:42:50 PM webapp.storage.AbstractStorage save
INFO: &amp#27;[32mSave 5a30e192-9318-4fcb-84e2-ca03086b7b98(uuid6382)
сент. 19, 2025 6:42:50 PM webapp.storage.AbstractStorage save
INFO: &amp#27;[32mSave 19f18cad-5724-48f6-a33e-b3e2f6bcd4c9(uuid6383)
сент. 19, 2025 6:42:50 PM webapp.storage.AbstractStorage save
INFO: &amp#27;[32mSave a4f5503f-2400-42b7-90c2-029d53cfce82(uuid6384)
сент. 19, 2025 6:42:50 PM webapp.storage.AbstractStorage save
INFO: &amp#27;[32mSave 3efdf266-6cff-4d50-9000-d3c23948f701(uuid6385)
сент. 19, 2025 6:42:50 PM webapp.storage.AbstractStorage save
INFO: &amp#27;[32mSave 01a8a32b-e5d1-409f-8c0f-cd279e450e98(uuid6386)
сент. 19, 2025 6:42:50 PM webapp.storage.AbstractStorage save
INFO: &amp#27;[32mSave 6bdf6bad-30d6-484d-b823-881fe8ceb490(uuid6387)
сент. 19, 2025 6:42:50 PM webapp.storage.AbstractStorage save
INFO: &amp#27;[32mSave 75db8172-fd12-4752-9492-6143e80a8ebb(uuid6388)
сент. 19, 2025 6:42:50 PM webapp.storage.AbstractStorage save
INFO: &amp#27;[32mSave bcd6ba27-4d40-4a44-9512-73c79dfc4871(uuid6389)
сент. 19, 2025 6:42:50 PM webapp.storage.AbstractStorage save
INFO: &amp#27;[32mSave 84dfdad5-89ca-48bb-ba15-2396d1a4585c(uuid6390)
сент. 19, 2025 6:42:50 PM webapp.storage.AbstractStorage save
INFO: &amp#27;[32mSave 7cfb250c-8fe4-44fc-ac3a-5e4accc6666a(uuid6391)
сент. 19, 2025 6:42:50 PM webapp.storage.AbstractStorage save
INFO: &amp#27;[32mSave cdebbf30-c02f-4025-b547-0ada13655898(uuid6392)
сент. 19, 2025 6:42:50 PM webapp.storage.AbstractStorage save
INFO: &amp#27;[32mSave fdc98b59-6262-44b4-9dcb-0463e3de0a64(uuid6393)
сент. 19, 2025 6:42:50 PM webapp.storage.AbstractStorage save
INFO: &amp#27;[32mSave 7a6f5ad4-d8d5-4ba5-85d2-6e2335721446(uuid6394)
сент. 19, 2025 6:42:50 PM webapp.storage.AbstractStorage save
INFO: &amp#27;[32mSave f3c071f3-817a-41ef-aaee-866c4b9c6be0(uuid6395)
сент. 19, 2025 6:42:50 PM webapp.storage.AbstractStorage save
INFO: &amp#27;[32mSave 42ac2d1e-5eeb-4b51-a306-6a4bba26efb8(uuid6396)
сент. 19, 2025 6:42:50 PM webapp.storage.AbstractStorage save
INFO: &amp#27;[32mSave 55e5a666-072e-4da4-a64d-7e016f45716a(uuid6397)
сент. 19, 2025 6:42:50 PM webapp.storage.AbstractStorage save
INFO: &amp#27;[32mSave c0e07257-627d-4967-91d2-a68df13c6b2e(uuid6398)
сент. 19, 2025 6:42:50 PM webapp.storage.AbstractStorage save
INFO: &amp#27;[32mSave ff692357-c084-485f-82cf-310272b1656f(uuid6399)
сент. 19, 2025 6:42:50 PM webapp.storage.AbstractStorage save
INFO: &amp#27;[32mSave 6578a6f1-122d-44fb-ba47-f0e8b3edbbe1(uuid6400)
сент. 19, 2025 6:42:50 PM webapp.storage.AbstractStorage save
INFO: &amp#27;[32mSave 8d062545-d72f-48d4-95bc-b2c0257691cc(uuid6401)
сент. 19, 2025 6:42:50 PM webapp.storage.AbstractStorage save
INFO: &amp#27;[32mSave e99b35f5-c5df-47ad-a956-42f08c54e161(uuid6402)
сент. 19, 2025 6:42:50 PM webapp.storage.AbstractStorage save
INFO: &amp#27;[32mSave f6b925cb-4267-44e9-b543-51b0119e2e6e(uuid6403)
сент. 19, 2025 6:42:50 PM webapp.storage.AbstractStorage save
INFO: &amp#27;[32mSave 31d4a5d8-9f8d-4742-bbb8-4dd02f8dfe0a(uuid6404)
сент. 19, 2025 6:42:50 PM webapp.storage.AbstractStorage save
INFO: &amp#27;[32mSave 99037cc2-8a2e-407d-99ec-0c8658d088a6(uuid6405)
сент. 19, 2025 6:42:50 PM webapp.storage.AbstractStorage save
INFO: &amp#27;[32mSave df24e773-6522-4dcb-8f5b-a3a4c0c65722(uuid6406)
сент. 19, 2025 6:42:50 PM webapp.storage.AbstractStorage save
INFO: &amp#27;[32mSave fe1d5942-93a7-401e-aaf3-1b927392adf6(uuid6407)
сент. 19, 2025 6:42:50 PM webapp.storage.AbstractStorage save
INFO: &amp#27;[32mSave 71e041ed-49b7-4e92-9812-59e1d8f2acc2(uuid6408)
сент. 19, 2025 6:42:50 PM webapp.storage.AbstractStorage save
INFO: &amp#27;[32mSave 1c43c114-5b6e-4193-bf44-51d43f536a83(uuid6409)
сент. 19, 2025 6:42:50 PM webapp.storage.AbstractStorage save
INFO: &amp#27;[32mSave 4ad4970c-cc77-459f-a568-0d0f7bbcede3(uuid6410)
сент. 19, 2025 6:42:50 PM webapp.storage.AbstractStorage save
INFO: &amp#27;[32mSave 72c05f4e-40f2-4769-8028-c4d137263810(uuid6411)
сент. 19, 2025 6:42:50 PM webapp.storage.AbstractStorage save
INFO: &amp#27;[32mSave 87d637af-73fc-4da7-afb9-b88a7f087e41(uuid6412)
сент. 19, 2025 6:42:50 PM webapp.storage.AbstractStorage save
INFO: &amp#27;[32mSave e976675b-ccf8-4ee4-8c07-761205a2a66a(uuid6413)
сент. 19, 2025 6:42:50 PM webapp.storage.AbstractStorage save
INFO: &amp#27;[32mSave d99b1f0f-99a2-42c0-a26c-6510ca001f75(uuid6414)
сент. 19, 2025 6:42:50 PM webapp.storage.AbstractStorage save
INFO: &amp#27;[32mSave 3e581b4c-93b4-4c5e-92bf-c815e891f2fd(uuid6415)
сент. 19, 2025 6:42:50 PM webapp.storage.AbstractStorage save
INFO: &amp#27;[32mSave 10fb837a-71b0-4eee-a687-514d6317858c(uuid6416)
сент. 19, 2025 6:42:50 PM webapp.storage.AbstractStorage save
INFO: &amp#27;[32mSave ef45cc53-4353-4b40-8e75-370ab30369dd(uuid6417)
сент. 19, 2025 6:42:50 PM webapp.storage.AbstractStorage save
INFO: &amp#27;[32mSave 3772d34a-7e3c-44f1-a3ea-35eea2390fde(uuid6418)
сент. 19, 2025 6:42:50 PM webapp.storage.AbstractStorage save
INFO: &amp#27;[32mSave 0e9c00e7-0717-4fa8-986f-485c093b9ad1(uuid6419)
сент. 19, 2025 6:42:50 PM webapp.storage.AbstractStorage save
INFO: &amp#27;[32mSave 48de24b5-fd6e-4307-8765-4b4628d2a849(uuid6420)
сент. 19, 2025 6:42:50 PM webapp.storage.AbstractStorage save
INFO: &amp#27;[32mSave d61129b0-3046-4bb4-a54c-b75a26a8f591(uuid6421)
сент. 19, 2025 6:42:50 PM webapp.storage.AbstractStorage save
INFO: &amp#27;[32mSave 7296b9ae-9950-4cc9-acd5-726a234849a6(uuid6422)
сент. 19, 2025 6:42:50 PM webapp.storage.AbstractStorage save
INFO: &amp#27;[32mSave b5fbc990-9721-499d-a07a-8f53470767c9(uuid6423)
сент. 19, 2025 6:42:50 PM webapp.storage.AbstractStorage save
INFO: &amp#27;[32mSave cccb19ac-1ff3-47aa-90c4-cbb7b4ee8442(uuid6424)
сент. 19, 2025 6:42:50 PM webapp.storage.AbstractStorage save
INFO: &amp#27;[32mSave 448a5794-5208-4ac4-917f-29c8cc48f6a0(uuid6425)
сент. 19, 2025 6:42:50 PM webapp.storage.AbstractStorage save
INFO: &amp#27;[32mSave 179515ee-a7b6-4d15-8b50-64f5883d9f9d(uuid6426)
сент. 19, 2025 6:42:50 PM webapp.storage.AbstractStorage save
INFO: &amp#27;[32mSave 111a6504-9311-420b-b2d9-ebe006d553bd(uuid6427)
сент. 19, 2025 6:42:50 PM webapp.storage.AbstractStorage save
INFO: &amp#27;[32mSave 987bfc82-8d28-4c39-8731-e6950e7b4ccd(uuid6428)
сент. 19, 2025 6:42:50 PM webapp.storage.AbstractStorage save
INFO: &amp#27;[32mSave fccaa10e-7442-435e-9048-77696677c052(uuid6429)
сент. 19, 2025 6:42:50 PM webapp.storage.AbstractStorage save
INFO: &amp#27;[32mSave aa1ea324-8ba9-4992-a3b6-d820837b26a8(uuid6430)
сент. 19, 2025 6:42:50 PM webapp.storage.AbstractStorage save
INFO: &amp#27;[32mSave 7fd698f1-b6dd-480d-8894-d07366819886(uuid6431)
сент. 19, 2025 6:42:50 PM webapp.storage.AbstractStorage save
INFO: &amp#27;[32mSave 8961ff4d-2f49-4ddd-8271-f2a5f62dd616(uuid6432)
сент. 19, 2025 6:42:50 PM webapp.storage.AbstractStorage save
INFO: &amp#27;[32mSave 4a0a28cd-bc23-4ddd-86c3-2768165beebc(uuid6433)
сент. 19, 2025 6:42:50 PM webapp.storage.AbstractStorage save
INFO: &amp#27;[32mSave 34950fa7-d669-45ed-9ca4-74140381eff2(uuid6434)
сент. 19, 2025 6:42:50 PM webapp.storage.AbstractStorage save
INFO: &amp#27;[32mSave bf017d02-5a53-4a9e-a30a-c9887035d664(uuid6435)
сент. 19, 2025 6:42:50 PM webapp.storage.AbstractStorage save
INFO: &amp#27;[32mSave 136a4ae3-13f4-4ebb-861e-7ac7c57e76a2(uuid6436)
сент. 19, 2025 6:42:50 PM webapp.storage.AbstractStorage save
INFO: &amp#27;[32mSave bf488f3b-9b77-4b72-91a7-02c406a2305b(uuid6437)
сент. 19, 2025 6:42:50 PM webapp.storage.AbstractStorage save
INFO: &amp#27;[32mSave bc0ce858-45c4-4e21-8fcf-577c152cdc24(uuid6438)
сент. 19, 2025 6:42:50 PM webapp.storage.AbstractStorage save
INFO: &amp#27;[32mSave 92e88937-19fc-43f4-bab4-2d4dff6f2781(uuid6439)
сент. 19, 2025 6:42:50 PM webapp.storage.AbstractStorage save
INFO: &amp#27;[32mSave 1c2798d7-2f50-4736-881d-c7fd0e60fd66(uuid6440)
сент. 19, 2025 6:42:50 PM webapp.storage.AbstractStorage save
INFO: &amp#27;[32mSave 7d7da86b-f0ca-46e5-8ad3-e83421fbe4a1(uuid6441)
сент. 19, 2025 6:42:50 PM webapp.storage.AbstractStorage save
INFO: &amp#27;[32mSave fcd06303-3f36-4ca0-93bd-f0cc11e829af(uuid6442)
сент. 19, 2025 6:42:50 PM webapp.storage.AbstractStorage save
INFO: &amp#27;[32mSave 69979430-398f-4c93-b4ce-e5862d2462fd(uuid6443)
сент. 19, 2025 6:42:50 PM webapp.storage.AbstractStorage save
INFO: &amp#27;[32mSave 6a924c7d-a99b-4165-b37f-fe159cdf77b0(uuid6444)
сент. 19, 2025 6:42:50 PM webapp.storage.AbstractStorage save
INFO: &amp#27;[32mSave 86ba0388-2943-4fe0-8af6-53c404d8fb03(uuid6445)
сент. 19, 2025 6:42:50 PM webapp.storage.AbstractStorage save
INFO: &amp#27;[32mSave 9eaa56d0-46a1-47e9-a7d6-0db868f03165(uuid6446)
сент. 19, 2025 6:42:50 PM webapp.storage.AbstractStorage save
INFO: &amp#27;[32mSave 8ea94b86-4b81-4b85-8783-719a026f9a89(uuid6447)
сент. 19, 2025 6:42:50 PM webapp.storage.AbstractStorage save
INFO: &amp#27;[32mSave 5414f30d-dac5-4ba7-9e63-5f561d49f18b(uuid6448)
сент. 19, 2025 6:42:50 PM webapp.storage.AbstractStorage save
INFO: &amp#27;[32mSave 99d81176-a7cd-4036-ad9f-2283a86ba929(uuid6449)
сент. 19, 2025 6:42:50 PM webapp.storage.AbstractStorage save
INFO: &amp#27;[32mSave bffbfdf3-4642-4196-a3b1-4f655e2e6dcd(uuid6450)
сент. 19, 2025 6:42:50 PM webapp.storage.AbstractStorage save
INFO: &amp#27;[32mSave 43551189-f838-4891-a89b-4c68be86912f(uuid6451)
сент. 19, 2025 6:42:50 PM webapp.storage.AbstractStorage save
INFO: &amp#27;[32mSave c93898c6-6a41-47a7-8a42-dd363f429e20(uuid6452)
сент. 19, 2025 6:42:50 PM webapp.storage.AbstractStorage save
INFO: &amp#27;[32mSave 7d56df2e-6677-48ee-bd1e-b40f04cb32e9(uuid6453)
сент. 19, 2025 6:42:50 PM webapp.storage.AbstractStorage save
INFO: &amp#27;[32mSave 1ab92edf-23a5-491d-9e5e-04bbd10bf6f7(uuid6454)
сент. 19, 2025 6:42:50 PM webapp.storage.AbstractStorage save
INFO: &amp#27;[32mSave c26374dc-4713-4d98-9798-1a3f1fbd3e84(uuid6455)
сент. 19, 2025 6:42:50 PM webapp.storage.AbstractStorage save
INFO: &amp#27;[32mSave c80496a7-9a80-4b86-8301-92e70db90af2(uuid6456)
сент. 19, 2025 6:42:50 PM webapp.storage.AbstractStorage save
INFO: &amp#27;[32mSave 10694fd8-deb6-48ac-9e27-71da025d0bb1(uuid6457)
сент. 19, 2025 6:42:50 PM webapp.storage.AbstractStorage save
INFO: &amp#27;[32mSave f4663632-45dc-41eb-a9ca-3fab5b8570d6(uuid6458)
сент. 19, 2025 6:42:50 PM webapp.storage.AbstractStorage save
INFO: &amp#27;[32mSave d8184c3a-0551-4323-a74a-6ba32a9e98a6(uuid6459)
сент. 19, 2025 6:42:50 PM webapp.storage.AbstractStorage save
INFO: &amp#27;[32mSave c2b9e34e-2b2b-4a38-9ec0-9cb1816a50c2(uuid6460)
сент. 19, 2025 6:42:50 PM webapp.storage.AbstractStorage save
INFO: &amp#27;[32mSave 289b6ada-94df-4341-a3e3-05b3df2fd8cf(uuid6461)
сент. 19, 2025 6:42:50 PM webapp.storage.AbstractStorage save
INFO: &amp#27;[32mSave f3d9eda5-7a1b-4b15-b61b-90f83cc5c17b(uuid6462)
сент. 19, 2025 6:42:50 PM webapp.storage.AbstractStorage save
INFO: &amp#27;[32mSave ab9c4c19-934d-4652-8e75-28095282d9ba(uuid6463)
сент. 19, 2025 6:42:50 PM webapp.storage.AbstractStorage save
INFO: &amp#27;[32mSave 9aa43ae3-d75e-4af1-bb48-18facfaaf4fd(uuid6464)
сент. 19, 2025 6:42:50 PM webapp.storage.AbstractStorage save
INFO: &amp#27;[32mSave 1158816e-33c4-46f3-8d8f-28e6928bfaa1(uuid6465)
сент. 19, 2025 6:42:50 PM webapp.storage.AbstractStorage save
INFO: &amp#27;[32mSave 85860f63-6c35-4329-92a7-2d517e0e8843(uuid6466)
сент. 19, 2025 6:42:50 PM webapp.storage.AbstractStorage save
INFO: &amp#27;[32mSave dab20b38-f56c-40c7-a71e-d5a1e2bd1cc7(uuid6467)
сент. 19, 2025 6:42:50 PM webapp.storage.AbstractStorage save
INFO: &amp#27;[32mSave c1278a47-8623-49db-bf57-8ce05afb66f2(uuid6468)
сент. 19, 2025 6:42:50 PM webapp.storage.AbstractStorage save
INFO: &amp#27;[32mSave 70fe2b6f-7ae9-42b4-816a-57c9bf3ed8f6(uuid6469)
сент. 19, 2025 6:42:50 PM webapp.storage.AbstractStorage save
INFO: &amp#27;[32mSave a895b1ee-12e9-40a8-a7bd-a1ea039498e7(uuid6470)
сент. 19, 2025 6:42:50 PM webapp.storage.AbstractStorage save
INFO: &amp#27;[32mSave a1789490-ce64-4137-a064-21b24ccc50a3(uuid6471)
сент. 19, 2025 6:42:50 PM webapp.storage.AbstractStorage save
INFO: &amp#27;[32mSave cc1125f4-fdb5-46db-8d2d-d028e91f3ca3(uuid6472)
сент. 19, 2025 6:42:50 PM webapp.storage.AbstractStorage save
INFO: &amp#27;[32mSave 070331f3-50e7-4af2-9417-daf7aea5eba7(uuid6473)
сент. 19, 2025 6:42:50 PM webapp.storage.AbstractStorage save
INFO: &amp#27;[32mSave a433ffb3-f53d-4e9b-8168-394dca49abd8(uuid6474)
сент. 19, 2025 6:42:50 PM webapp.storage.AbstractStorage save
INFO: &amp#27;[32mSave eb644a31-73a3-49ad-8875-324b09e54fdb(uuid6475)
сент. 19, 2025 6:42:50 PM webapp.storage.AbstractStorage save
INFO: &amp#27;[32mSave 4dbf7817-f976-4f7a-8334-8c5abfab87fc(uuid6476)
сент. 19, 2025 6:42:50 PM webapp.storage.AbstractStorage save
INFO: &amp#27;[32mSave ab87a7ec-d87b-4e14-bd06-8deab293e3aa(uuid6477)
сент. 19, 2025 6:42:50 PM webapp.storage.AbstractStorage save
INFO: &amp#27;[32mSave ec9a2ca4-d0ab-4a58-8b7f-74363a1b8518(uuid6478)
сент. 19, 2025 6:42:50 PM webapp.storage.AbstractStorage save
INFO: &amp#27;[32mSave f6c7bee5-a36c-4a1c-ad73-cd317bc57fc1(uuid6479)
сент. 19, 2025 6:42:50 PM webapp.storage.AbstractStorage save
INFO: &amp#27;[32mSave 3bce43ee-7c2d-4976-a933-5bae0bd06745(uuid6480)
сент. 19, 2025 6:42:50 PM webapp.storage.AbstractStorage save
INFO: &amp#27;[32mSave bc4065c2-aa7d-4088-804c-a28de47eec2a(uuid6481)
сент. 19, 2025 6:42:50 PM webapp.storage.AbstractStorage save
INFO: &amp#27;[32mSave 4edb3967-d5bc-4872-b59f-66673b0b13bb(uuid6482)
сент. 19, 2025 6:42:50 PM webapp.storage.AbstractStorage save
INFO: &amp#27;[32mSave df4e874d-abf5-4376-8a86-ac1667b0aea0(uuid6483)
сент. 19, 2025 6:42:50 PM webapp.storage.AbstractStorage save
INFO: &amp#27;[32mSave b6513bd7-3efb-4a22-9b78-b51b75a78062(uuid6484)
сент. 19, 2025 6:42:50 PM webapp.storage.AbstractStorage save
INFO: &amp#27;[32mSave 8067e1ee-ed3e-4765-ad78-fe9abe7d201a(uuid6485)
сент. 19, 2025 6:42:50 PM webapp.storage.AbstractStorage save
INFO: &amp#27;[32mSave 62507633-fa3d-48d4-b947-da41557f5751(uuid6486)
сент. 19, 2025 6:42:50 PM webapp.storage.AbstractStorage save
INFO: &amp#27;[32mSave fa6b94fa-83f7-4fdb-a399-62529287461a(uuid6487)
сент. 19, 2025 6:42:50 PM webapp.storage.AbstractStorage save
INFO: &amp#27;[32mSave 40d00a8a-e7a2-4c0e-8e53-c80415057be0(uuid6488)
сент. 19, 2025 6:42:50 PM webapp.storage.AbstractStorage save
INFO: &amp#27;[32mSave 91e1fe18-e968-4f53-9c90-5ae3175693e2(uuid6489)
сент. 19, 2025 6:42:50 PM webapp.storage.AbstractStorage save
INFO: &amp#27;[32mSave 636006b4-3ad7-43e4-bb45-b87630243052(uuid6490)
сент. 19, 2025 6:42:50 PM webapp.storage.AbstractStorage save
INFO: &amp#27;[32mSave a26cb5ea-d3e2-4b85-8c04-30798edcab7c(uuid6491)
сент. 19, 2025 6:42:50 PM webapp.storage.AbstractStorage save
INFO: &amp#27;[32mSave d9ff26aa-c48f-4d8e-ba31-88d19c5625a2(uuid6492)
сент. 19, 2025 6:42:50 PM webapp.storage.AbstractStorage save
INFO: &amp#27;[32mSave 903817a4-66bd-4b6c-803a-0570217323b6(uuid6493)
сент. 19, 2025 6:42:50 PM webapp.storage.AbstractStorage save
INFO: &amp#27;[32mSave 05d1b8ef-59de-4dd7-956e-317ee9098bfc(uuid6494)
сент. 19, 2025 6:42:50 PM webapp.storage.AbstractStorage save
INFO: &amp#27;[32mSave d2c40029-0b24-4dfb-bc4b-7be60eff836b(uuid6495)
сент. 19, 2025 6:42:50 PM webapp.storage.AbstractStorage save
INFO: &amp#27;[32mSave fdb79dc4-86d7-4e59-9ab2-6d12a1349266(uuid6496)
сент. 19, 2025 6:42:50 PM webapp.storage.AbstractStorage save
INFO: &amp#27;[32mSave 00c4fcc5-1dcd-4cb8-b8ef-b38bd87f99b5(uuid6497)
сент. 19, 2025 6:42:50 PM webapp.storage.AbstractStorage save
INFO: &amp#27;[32mSave 8d566680-5b37-4ca6-9ac6-35b6bd4b3ee3(uuid6498)
сент. 19, 2025 6:42:50 PM webapp.storage.AbstractStorage save
INFO: &amp#27;[32mSave cbb2a15a-408e-4f95-9f63-fc6fe68746b1(uuid6499)
сент. 19, 2025 6:42:50 PM webapp.storage.AbstractStorage save
INFO: &amp#27;[32mSave b08f59a8-204a-43d7-a934-74aa8f6d22d0(uuid6500)
сент. 19, 2025 6:42:50 PM webapp.storage.AbstractStorage save
INFO: &amp#27;[32mSave c8c954b4-1dd2-47ca-b956-6140a33b1e66(uuid6501)
сент. 19, 2025 6:42:50 PM webapp.storage.AbstractStorage save
INFO: &amp#27;[32mSave dfd7296c-b7d7-4c08-8ae9-3511b14f8925(uuid6502)
сент. 19, 2025 6:42:50 PM webapp.storage.AbstractStorage save
INFO: &amp#27;[32mSave 5b32ff29-8358-4816-b2c5-1497a8aea6c4(uuid6503)
сент. 19, 2025 6:42:50 PM webapp.storage.AbstractStorage save
INFO: &amp#27;[32mSave 5d3265e1-6320-4a0c-84ec-6309b95f7c4c(uuid6504)
сент. 19, 2025 6:42:50 PM webapp.storage.AbstractStorage save
INFO: &amp#27;[32mSave b6447bd2-0511-4b6e-a52d-70942b166cb9(uuid6505)
сент. 19, 2025 6:42:50 PM webapp.storage.AbstractStorage save
INFO: &amp#27;[32mSave 5a2220db-dce6-43c0-98fe-427bbac1f1f9(uuid6506)
сент. 19, 2025 6:42:50 PM webapp.storage.AbstractStorage save
INFO: &amp#27;[32mSave cc57a782-4dfd-4d07-8cdb-7ec5ac394a86(uuid6507)
сент. 19, 2025 6:42:50 PM webapp.storage.AbstractStorage save
INFO: &amp#27;[32mSave 7b0de1d2-7b8f-4a86-8b9d-611559c22b5c(uuid6508)
сент. 19, 2025 6:42:50 PM webapp.storage.AbstractStorage save
INFO: &amp#27;[32mSave 993ab14e-f34a-469a-978e-083143df4a3f(uuid6509)
сент. 19, 2025 6:42:50 PM webapp.storage.AbstractStorage save
INFO: &amp#27;[32mSave dc23ef0d-a08d-4a9d-8416-ffa95d822978(uuid6510)
сент. 19, 2025 6:42:50 PM webapp.storage.AbstractStorage save
INFO: &amp#27;[32mSave 08b0c158-35e5-4391-8128-3561ff89c4f4(uuid6511)
сент. 19, 2025 6:42:50 PM webapp.storage.AbstractStorage save
INFO: &amp#27;[32mSave c616f0ed-9877-4981-a114-a3b15edc2853(uuid6512)
сент. 19, 2025 6:42:50 PM webapp.storage.AbstractStorage save
INFO: &amp#27;[32mSave 8dc80393-7fdb-4e22-bcc6-3fcba97d27f5(uuid6513)
сент. 19, 2025 6:42:50 PM webapp.storage.AbstractStorage save
INFO: &amp#27;[32mSave b96a1312-9cc8-4051-8de8-dbbe04ca3204(uuid6514)
сент. 19, 2025 6:42:50 PM webapp.storage.AbstractStorage save
INFO: &amp#27;[32mSave 33686a60-cbec-4aa9-99ea-85a6bb4e0154(uuid6515)
сент. 19, 2025 6:42:50 PM webapp.storage.AbstractStorage save
INFO: &amp#27;[32mSave a0855ea1-95ef-4b72-8b20-7eb8e91dcce9(uuid6516)
сент. 19, 2025 6:42:50 PM webapp.storage.AbstractStorage save
INFO: &amp#27;[32mSave bc3f7829-d8eb-4b18-acaf-3052f3fb48a4(uuid6517)
сент. 19, 2025 6:42:50 PM webapp.storage.AbstractStorage save
INFO: &amp#27;[32mSave 70063823-c49a-4968-9599-cf584287b846(uuid6518)
сент. 19, 2025 6:42:50 PM webapp.storage.AbstractStorage save
INFO: &amp#27;[32mSave 65dde28d-6b9b-4e1b-831c-2ce4e91f80f0(uuid6519)
сент. 19, 2025 6:42:50 PM webapp.storage.AbstractStorage save
INFO: &amp#27;[32mSave bdaff5e4-9e64-4078-8b88-06c6420674d0(uuid6520)
сент. 19, 2025 6:42:50 PM webapp.storage.AbstractStorage save
INFO: &amp#27;[32mSave 1b8d71c9-e67d-45c5-9ed7-92b8a61dd189(uuid6521)
сент. 19, 2025 6:42:50 PM webapp.storage.AbstractStorage save
INFO: &amp#27;[32mSave 5d5ed556-8e9e-42a3-bc60-29a1bd8524cb(uuid6522)
сент. 19, 2025 6:42:50 PM webapp.storage.AbstractStorage save
INFO: &amp#27;[32mSave cb50f197-0f53-4387-be6a-34a2523960f5(uuid6523)
сент. 19, 2025 6:42:50 PM webapp.storage.AbstractStorage save
INFO: &amp#27;[32mSave 66ec48a3-e7d6-4dbd-a439-ccb223e90b87(uuid6524)
сент. 19, 2025 6:42:50 PM webapp.storage.AbstractStorage save
INFO: &amp#27;[32mSave f26414cb-5da6-4d45-b83e-19f22b85cf2c(uuid6525)
сент. 19, 2025 6:42:50 PM webapp.storage.AbstractStorage save
INFO: &amp#27;[32mSave 39189a65-742b-408b-9116-2e94a56b7484(uuid6526)
сент. 19, 2025 6:42:50 PM webapp.storage.AbstractStorage save
INFO: &amp#27;[32mSave d3ef574c-3176-4d31-999c-38addc3384d1(uuid6527)
сент. 19, 2025 6:42:50 PM webapp.storage.AbstractStorage save
INFO: &amp#27;[32mSave e4396d34-233c-413f-b558-0507510011b9(uuid6528)
сент. 19, 2025 6:42:50 PM webapp.storage.AbstractStorage save
INFO: &amp#27;[32mSave a8056f34-8d3d-4dfb-9640-77329554dddf(uuid6529)
сент. 19, 2025 6:42:50 PM webapp.storage.AbstractStorage save
INFO: &amp#27;[32mSave 8ef38393-627a-433c-b479-aa3baf390049(uuid6530)
сент. 19, 2025 6:42:50 PM webapp.storage.AbstractStorage save
INFO: &amp#27;[32mSave e3328c90-74e7-473f-b4ac-f2a4c095fc06(uuid6531)
сент. 19, 2025 6:42:50 PM webapp.storage.AbstractStorage save
INFO: &amp#27;[32mSave 60b6c950-6749-4b90-ae2c-a9075ad9684b(uuid6532)
сент. 19, 2025 6:42:50 PM webapp.storage.AbstractStorage save
INFO: &amp#27;[32mSave a3d6a312-5937-4c68-9466-e4f472574501(uuid6533)
сент. 19, 2025 6:42:50 PM webapp.storage.AbstractStorage save
INFO: &amp#27;[32mSave e0804f85-4759-47e2-b84b-4081010c93bd(uuid6534)
сент. 19, 2025 6:42:50 PM webapp.storage.AbstractStorage save
INFO: &amp#27;[32mSave 1218174c-bf54-4ffa-9dc1-7b8872aa5a56(uuid6535)
сент. 19, 2025 6:42:50 PM webapp.storage.AbstractStorage save
INFO: &amp#27;[32mSave 196d471f-dff7-4201-b59f-0401f3ee5338(uuid6536)
сент. 19, 2025 6:42:50 PM webapp.storage.AbstractStorage save
INFO: &amp#27;[32mSave e9692393-f602-4de7-95bd-f85770054522(uuid6537)
сент. 19, 2025 6:42:50 PM webapp.storage.AbstractStorage save
INFO: &amp#27;[32mSave ecd1eed3-d582-457a-a0b2-65c9b428afdd(uuid6538)
сент. 19, 2025 6:42:50 PM webapp.storage.AbstractStorage save
INFO: &amp#27;[32mSave c4254cc0-baa2-4a39-8784-3f2e3ea04a7a(uuid6539)
сент. 19, 2025 6:42:50 PM webapp.storage.AbstractStorage save
INFO: &amp#27;[32mSave 590e3589-5a93-46a9-90ad-f93ca4766e86(uuid6540)
сент. 19, 2025 6:42:50 PM webapp.storage.AbstractStorage save
INFO: &amp#27;[32mSave 97705002-534d-4533-b140-581b346aac6b(uuid6541)
сент. 19, 2025 6:42:50 PM webapp.storage.AbstractStorage save
INFO: &amp#27;[32mSave 6d9a4656-d2c7-4949-92d2-27dda9eaa9c4(uuid6542)
сент. 19, 2025 6:42:50 PM webapp.storage.AbstractStorage save
INFO: &amp#27;[32mSave 7acc130c-7dde-4c64-8fe5-fe7568dac845(uuid6543)
сент. 19, 2025 6:42:50 PM webapp.storage.AbstractStorage save
INFO: &amp#27;[32mSave 2708fe57-db18-413b-9a7c-4e445fc95fdb(uuid6544)
сент. 19, 2025 6:42:50 PM webapp.storage.AbstractStorage save
INFO: &amp#27;[32mSave 30dab1ec-8303-4a43-9fa5-6a78bc68f9b7(uuid6545)
сент. 19, 2025 6:42:50 PM webapp.storage.AbstractStorage save
INFO: &amp#27;[32mSave 229cf997-f1a9-4b65-b02f-844122ff945f(uuid6546)
сент. 19, 2025 6:42:50 PM webapp.storage.AbstractStorage save
INFO: &amp#27;[32mSave fce57592-9472-42af-b474-a805a4933a57(uuid6547)
сент. 19, 2025 6:42:50 PM webapp.storage.AbstractStorage save
INFO: &amp#27;[32mSave 46e98ef2-b36c-4635-86f5-4172518dda9f(uuid6548)
сент. 19, 2025 6:42:50 PM webapp.storage.AbstractStorage save
INFO: &amp#27;[32mSave 99977fc1-5fda-44c0-9bca-71a4663b409a(uuid6549)
сент. 19, 2025 6:42:50 PM webapp.storage.AbstractStorage save
INFO: &amp#27;[32mSave b394d2f0-26df-493d-82ba-24bf62bd7acf(uuid6550)
сент. 19, 2025 6:42:50 PM webapp.storage.AbstractStorage save
INFO: &amp#27;[32mSave b6c0c263-74d8-4014-a02d-4624dfab4f76(uuid6551)
сент. 19, 2025 6:42:50 PM webapp.storage.AbstractStorage save
INFO: &amp#27;[32mSave 1ecbf000-7c06-475f-8873-8a4196b80926(uuid6552)
сент. 19, 2025 6:42:50 PM webapp.storage.AbstractStorage save
INFO: &amp#27;[32mSave ef5b3766-d572-4773-a476-10b1e3d92fb0(uuid6553)
сент. 19, 2025 6:42:50 PM webapp.storage.AbstractStorage save
INFO: &amp#27;[32mSave 6b45a9f7-c6d4-4472-9488-81092c13310c(uuid6554)
сент. 19, 2025 6:42:50 PM webapp.storage.AbstractStorage save
INFO: &amp#27;[32mSave 4b7516a9-0203-4955-8a80-ab1bd55736de(uuid6555)
сент. 19, 2025 6:42:50 PM webapp.storage.AbstractStorage save
INFO: &amp#27;[32mSave 04d98a38-d6c2-4b84-b865-c74877e95399(uuid6556)
сент. 19, 2025 6:42:50 PM webapp.storage.AbstractStorage save
INFO: &amp#27;[32mSave 88c7838d-b9c4-44d5-8faf-ed50c2d226a0(uuid6557)
сент. 19, 2025 6:42:50 PM webapp.storage.AbstractStorage save
INFO: &amp#27;[32mSave 280c535e-791d-4ce0-9f63-727d01d7c4af(uuid6558)
сент. 19, 2025 6:42:50 PM webapp.storage.AbstractStorage save
INFO: &amp#27;[32mSave ea9ff9c5-1ad3-4c1a-a3b4-d6169570c6f8(uuid6559)
сент. 19, 2025 6:42:50 PM webapp.storage.AbstractStorage save
INFO: &amp#27;[32mSave 5024cfd2-e0d3-4867-a33f-982ecdf3f07c(uuid6560)
сент. 19, 2025 6:42:50 PM webapp.storage.AbstractStorage save
INFO: &amp#27;[32mSave aedd0a87-f5e1-4e94-b453-5c401948d598(uuid6561)
сент. 19, 2025 6:42:50 PM webapp.storage.AbstractStorage save
INFO: &amp#27;[32mSave 5a52829f-4e5d-453a-9796-cac23d9f51fa(uuid6562)
сент. 19, 2025 6:42:50 PM webapp.storage.AbstractStorage save
INFO: &amp#27;[32mSave 36c105f3-5fb0-413d-9c29-1da8f01012ed(uuid6563)
сент. 19, 2025 6:42:50 PM webapp.storage.AbstractStorage save
INFO: &amp#27;[32mSave ff7bfdda-8982-4a40-a21c-bcb2a5983dce(uuid6564)
сент. 19, 2025 6:42:50 PM webapp.storage.AbstractStorage save
INFO: &amp#27;[32mSave 4bac008a-09e5-4394-9bcf-de6e10ad4164(uuid6565)
сент. 19, 2025 6:42:50 PM webapp.storage.AbstractStorage save
INFO: &amp#27;[32mSave 49473763-3a1e-45a9-b4de-98ea5e451345(uuid6566)
сент. 19, 2025 6:42:50 PM webapp.storage.AbstractStorage save
INFO: &amp#27;[32mSave 0945a99c-fb80-4845-ab49-d79a73fde669(uuid6567)
сент. 19, 2025 6:42:50 PM webapp.storage.AbstractStorage save
INFO: &amp#27;[32mSave ae42ba39-6cb8-4799-946b-9e1f29502afe(uuid6568)
сент. 19, 2025 6:42:50 PM webapp.storage.AbstractStorage save
INFO: &amp#27;[32mSave d136c8d2-f1c3-42b6-9d55-f0d7613cb1b3(uuid6569)
сент. 19, 2025 6:42:50 PM webapp.storage.AbstractStorage save
INFO: &amp#27;[32mSave 0d946f19-dd09-4a99-a60f-61f775730690(uuid6570)
сент. 19, 2025 6:42:50 PM webapp.storage.AbstractStorage save
INFO: &amp#27;[32mSave 378c54a2-c163-4363-bf35-d5f8ef89e07c(uuid6571)
сент. 19, 2025 6:42:50 PM webapp.storage.AbstractStorage save
INFO: &amp#27;[32mSave c9a2e182-ec6c-48a4-8b75-692e232d42c5(uuid6572)
сент. 19, 2025 6:42:50 PM webapp.storage.AbstractStorage save
INFO: &amp#27;[32mSave 5d893219-46ec-48ac-b50b-f117f80fb44e(uuid6573)
сент. 19, 2025 6:42:50 PM webapp.storage.AbstractStorage save
INFO: &amp#27;[32mSave 0ed4daaa-d6f9-4f9b-ba07-c18ddede3588(uuid6574)
сент. 19, 2025 6:42:50 PM webapp.storage.AbstractStorage save
INFO: &amp#27;[32mSave 155324b1-0b08-409f-ac5f-71c7b00ec480(uuid6575)
сент. 19, 2025 6:42:50 PM webapp.storage.AbstractStorage save
INFO: &amp#27;[32mSave c5e26c35-9728-4799-ab29-bca1fe3a2f45(uuid6576)
сент. 19, 2025 6:42:50 PM webapp.storage.AbstractStorage save
INFO: &amp#27;[32mSave 3b327cc1-e830-4648-a99c-e78187a74e4f(uuid6577)
сент. 19, 2025 6:42:50 PM webapp.storage.AbstractStorage save
INFO: &amp#27;[32mSave eef5184d-d284-4970-b1ae-5f0ae1c0d211(uuid6578)
сент. 19, 2025 6:42:50 PM webapp.storage.AbstractStorage save
INFO: &amp#27;[32mSave 144653bc-dc84-4326-9217-95ca4b62d2cc(uuid6579)
сент. 19, 2025 6:42:50 PM webapp.storage.AbstractStorage save
INFO: &amp#27;[32mSave 0dd691a6-8c8e-4876-a13f-44494c28416d(uuid6580)
сент. 19, 2025 6:42:50 PM webapp.storage.AbstractStorage save
INFO: &amp#27;[32mSave 22c7f4e6-3aae-45d5-8f9b-05f755d5d94f(uuid6581)
сент. 19, 2025 6:42:50 PM webapp.storage.AbstractStorage save
INFO: &amp#27;[32mSave 2c6b83d9-fa74-4157-9d47-b8e3e4806f1b(uuid6582)
сент. 19, 2025 6:42:50 PM webapp.storage.AbstractStorage save
INFO: &amp#27;[32mSave d3992049-ed5b-4452-891a-4f29c99b10d8(uuid6583)
сент. 19, 2025 6:42:50 PM webapp.storage.AbstractStorage save
INFO: &amp#27;[32mSave f691b729-5418-4438-90e9-31564f6b3619(uuid6584)
сент. 19, 2025 6:42:50 PM webapp.storage.AbstractStorage save
INFO: &amp#27;[32mSave 7503a06f-27ec-4f53-a52a-e14050c95577(uuid6585)
сент. 19, 2025 6:42:50 PM webapp.storage.AbstractStorage save
INFO: &amp#27;[32mSave 19d33997-170b-479c-988d-dd9ba102c4df(uuid6586)
сент. 19, 2025 6:42:50 PM webapp.storage.AbstractStorage save
INFO: &amp#27;[32mSave 2a5af9c8-067c-40fb-b51e-280d607558b4(uuid6587)
сент. 19, 2025 6:42:50 PM webapp.storage.AbstractStorage save
INFO: &amp#27;[32mSave da22fdd7-68ca-4345-8ad8-49c93b2d8c1f(uuid6588)
сент. 19, 2025 6:42:50 PM webapp.storage.AbstractStorage save
INFO: &amp#27;[32mSave d2ed0200-e4f3-4da0-88d2-91e3a4166f35(uuid6589)
сент. 19, 2025 6:42:50 PM webapp.storage.AbstractStorage save
INFO: &amp#27;[32mSave 0cffbe04-b1c8-41ea-921b-8b81334911a0(uuid6590)
сент. 19, 2025 6:42:50 PM webapp.storage.AbstractStorage save
INFO: &amp#27;[32mSave 1118a9a4-ee8c-4ab7-b85c-b9e63177f361(uuid6591)
сент. 19, 2025 6:42:50 PM webapp.storage.AbstractStorage save
INFO: &amp#27;[32mSave bf17e589-7d4b-4dd2-8271-948f203fd248(uuid6592)
сент. 19, 2025 6:42:50 PM webapp.storage.AbstractStorage save
INFO: &amp#27;[32mSave a2c007c1-c8ef-469e-a8a0-c7f409bb6301(uuid6593)
сент. 19, 2025 6:42:50 PM webapp.storage.AbstractStorage save
INFO: &amp#27;[32mSave 2cfb0eb1-72ec-4bad-9731-690d417375aa(uuid6594)
сент. 19, 2025 6:42:50 PM webapp.storage.AbstractStorage save
INFO: &amp#27;[32mSave 40e80a2b-0c8f-4047-a3f0-955ad43025fb(uuid6595)
сент. 19, 2025 6:42:50 PM webapp.storage.AbstractStorage save
INFO: &amp#27;[32mSave e55619da-8477-4c07-bb22-38cee9b03054(uuid6596)
сент. 19, 2025 6:42:50 PM webapp.storage.AbstractStorage save
INFO: &amp#27;[32mSave b1c5a2bd-01e2-4ea3-83fa-9839ba308450(uuid6597)
сент. 19, 2025 6:42:50 PM webapp.storage.AbstractStorage save
INFO: &amp#27;[32mSave b23d7cf5-b506-4591-9d07-aa10a75cf61f(uuid6598)
сент. 19, 2025 6:42:50 PM webapp.storage.AbstractStorage save
INFO: &amp#27;[32mSave ccbc4371-7023-4c73-aa78-78a782b5e094(uuid6599)
сент. 19, 2025 6:42:50 PM webapp.storage.AbstractStorage save
INFO: &amp#27;[32mSave 0f7ddb22-aed9-4db5-a292-a07e921ad7e8(uuid6600)
сент. 19, 2025 6:42:50 PM webapp.storage.AbstractStorage save
INFO: &amp#27;[32mSave aabb2b6c-1bf9-4170-9a51-0bc3e39bc951(uuid6601)
сент. 19, 2025 6:42:50 PM webapp.storage.AbstractStorage save
INFO: &amp#27;[32mSave 0ee665a0-45d4-4e7f-8f4b-767c5264dd36(uuid6602)
сент. 19, 2025 6:42:50 PM webapp.storage.AbstractStorage save
INFO: &amp#27;[32mSave 5f39e70e-fa21-4e59-b747-befaa1a1470c(uuid6603)
сент. 19, 2025 6:42:50 PM webapp.storage.AbstractStorage save
INFO: &amp#27;[32mSave 25fe351e-57d4-4ebc-9723-0d9cf81dbd94(uuid6604)
сент. 19, 2025 6:42:50 PM webapp.storage.AbstractStorage save
INFO: &amp#27;[32mSave 8cb664fe-6cc0-4175-86b1-30a42121876c(uuid6605)
сент. 19, 2025 6:42:50 PM webapp.storage.AbstractStorage save
INFO: &amp#27;[32mSave faabab35-ee25-4964-affd-9c5761bf5e46(uuid6606)
сент. 19, 2025 6:42:50 PM webapp.storage.AbstractStorage save
INFO: &amp#27;[32mSave a020400b-40ee-415d-8166-4a304bb5a6f1(uuid6607)
сент. 19, 2025 6:42:50 PM webapp.storage.AbstractStorage save
INFO: &amp#27;[32mSave 0e00b1d0-41ff-4ee8-9a82-d845ec2ddaf7(uuid6608)
сент. 19, 2025 6:42:50 PM webapp.storage.AbstractStorage save
INFO: &amp#27;[32mSave 3af3e14f-ee6e-4556-9da4-07d532a005b1(uuid6609)
сент. 19, 2025 6:42:50 PM webapp.storage.AbstractStorage save
INFO: &amp#27;[32mSave 955c2884-c436-4daa-9b3f-4b35003f8165(uuid6610)
сент. 19, 2025 6:42:50 PM webapp.storage.AbstractStorage save
INFO: &amp#27;[32mSave e2dab92c-0b03-4e49-855f-66573c3d9594(uuid6611)
сент. 19, 2025 6:42:50 PM webapp.storage.AbstractStorage save
INFO: &amp#27;[32mSave d7cd9f78-c4a2-4dc1-ab76-b24c048e5d5c(uuid6612)
сент. 19, 2025 6:42:50 PM webapp.storage.AbstractStorage save
INFO: &amp#27;[32mSave 84e2e4a9-9fc3-4f0b-8559-52c34e7e7a10(uuid6613)
сент. 19, 2025 6:42:50 PM webapp.storage.AbstractStorage save
INFO: &amp#27;[32mSave d75ded24-fe7e-4278-a2ff-965f089ec095(uuid6614)
сент. 19, 2025 6:42:50 PM webapp.storage.AbstractStorage save
INFO: &amp#27;[32mSave d21aeac8-ee81-40fa-8af3-e2c5e5525546(uuid6615)
сент. 19, 2025 6:42:50 PM webapp.storage.AbstractStorage save
INFO: &amp#27;[32mSave 91efb823-2592-46db-88c4-03187c3fefd6(uuid6616)
сент. 19, 2025 6:42:50 PM webapp.storage.AbstractStorage save
INFO: &amp#27;[32mSave a4af1bbb-8298-498a-94f9-986fceccdcad(uuid6617)
сент. 19, 2025 6:42:50 PM webapp.storage.AbstractStorage save
INFO: &amp#27;[32mSave 2a86c74f-2b1f-4f9c-bba5-3679352b07a4(uuid6618)
сент. 19, 2025 6:42:50 PM webapp.storage.AbstractStorage save
INFO: &amp#27;[32mSave 5d3c8859-1e5a-49d6-bb55-68ad72e297fd(uuid6619)
сент. 19, 2025 6:42:50 PM webapp.storage.AbstractStorage save
INFO: &amp#27;[32mSave 6b29f7b7-daa7-4b2b-a788-815fdf174452(uuid6620)
сент. 19, 2025 6:42:50 PM webapp.storage.AbstractStorage save
INFO: &amp#27;[32mSave d02de9c8-2239-45a8-9695-9330b8fd262e(uuid6621)
сент. 19, 2025 6:42:50 PM webapp.storage.AbstractStorage save
INFO: &amp#27;[32mSave 7e01cdd4-f50b-47e3-874c-b8d859c128ea(uuid6622)
сент. 19, 2025 6:42:50 PM webapp.storage.AbstractStorage save
INFO: &amp#27;[32mSave 32cb8993-69d4-4916-84a7-25d0e1523e0f(uuid6623)
сент. 19, 2025 6:42:50 PM webapp.storage.AbstractStorage save
INFO: &amp#27;[32mSave 88f2dc95-2c34-41a1-891d-c8de92837156(uuid6624)
сент. 19, 2025 6:42:50 PM webapp.storage.AbstractStorage save
INFO: &amp#27;[32mSave 014ea842-58c6-482a-9a32-4443cb9ce354(uuid6625)
сент. 19, 2025 6:42:50 PM webapp.storage.AbstractStorage save
INFO: &amp#27;[32mSave f6ed2419-b8dc-4491-872c-1e9206cce8d3(uuid6626)
сент. 19, 2025 6:42:50 PM webapp.storage.AbstractStorage save
INFO: &amp#27;[32mSave b8fe5c1e-3ef9-43e7-a271-a1f4f94052d6(uuid6627)
сент. 19, 2025 6:42:50 PM webapp.storage.AbstractStorage save
INFO: &amp#27;[32mSave 34d187c2-c70c-434d-af0f-74e1103f3839(uuid6628)
сент. 19, 2025 6:42:50 PM webapp.storage.AbstractStorage save
INFO: &amp#27;[32mSave 293618c8-cc8b-4949-8e7a-d1cae0d28a3b(uuid6629)
сент. 19, 2025 6:42:50 PM webapp.storage.AbstractStorage save
INFO: &amp#27;[32mSave 41f4dd94-07a1-4373-beba-840682051ff0(uuid6630)
сент. 19, 2025 6:42:50 PM webapp.storage.AbstractStorage save
INFO: &amp#27;[32mSave f58d5bba-35b3-4a1e-b8a4-d55116100262(uuid6631)
сент. 19, 2025 6:42:50 PM webapp.storage.AbstractStorage save
INFO: &amp#27;[32mSave 89e780c7-aa4b-4ad4-89cc-857734cf90b4(uuid6632)
сент. 19, 2025 6:42:50 PM webapp.storage.AbstractStorage save
INFO: &amp#27;[32mSave 8d28d819-fcac-4e4c-8c1b-7379a31d51a5(uuid6633)
сент. 19, 2025 6:42:50 PM webapp.storage.AbstractStorage save
INFO: &amp#27;[32mSave 2e5150b8-1b46-4658-883c-f32683d7dec9(uuid6634)
сент. 19, 2025 6:42:50 PM webapp.storage.AbstractStorage save
INFO: &amp#27;[32mSave 0c451c09-c635-407e-89bc-2dca9227e542(uuid6635)
сент. 19, 2025 6:42:50 PM webapp.storage.AbstractStorage save
INFO: &amp#27;[32mSave 7ece5c8f-8fe8-4b27-8356-29a7fbc2df89(uuid6636)
сент. 19, 2025 6:42:50 PM webapp.storage.AbstractStorage save
INFO: &amp#27;[32mSave 0d4dd69d-aabf-4fd6-9f21-857ccffe8bd0(uuid6637)
сент. 19, 2025 6:42:50 PM webapp.storage.AbstractStorage save
INFO: &amp#27;[32mSave d83effeb-b7e6-46bf-afbc-7a8501a34863(uuid6638)
сент. 19, 2025 6:42:50 PM webapp.storage.AbstractStorage save
INFO: &amp#27;[32mSave b8d5dc45-9bca-45a1-b2d5-38699d206a1d(uuid6639)
сент. 19, 2025 6:42:50 PM webapp.storage.AbstractStorage save
INFO: &amp#27;[32mSave de2915b9-5b5b-46da-9a08-15d0bf08588e(uuid6640)
сент. 19, 2025 6:42:50 PM webapp.storage.AbstractStorage save
INFO: &amp#27;[32mSave 480dfe10-cc51-4802-af7a-a0dbdb4a77fa(uuid6641)
сент. 19, 2025 6:42:50 PM webapp.storage.AbstractStorage save
INFO: &amp#27;[32mSave 209d7a43-5358-4cd2-8408-f7894f4cd461(uuid6642)
сент. 19, 2025 6:42:50 PM webapp.storage.AbstractStorage save
INFO: &amp#27;[32mSave 354e79cc-21b7-4825-9835-3980a37a32f0(uuid6643)
сент. 19, 2025 6:42:50 PM webapp.storage.AbstractStorage save
INFO: &amp#27;[32mSave 2bf2c18d-7293-426c-beb4-efc54081dabb(uuid6644)
сент. 19, 2025 6:42:50 PM webapp.storage.AbstractStorage save
INFO: &amp#27;[32mSave a4fc4cc3-b738-4034-8a52-a37fd8fcf7b9(uuid6645)
сент. 19, 2025 6:42:50 PM webapp.storage.AbstractStorage save
INFO: &amp#27;[32mSave 33c85f35-e50d-4989-9667-d3d399d7f2a3(uuid6646)
сент. 19, 2025 6:42:50 PM webapp.storage.AbstractStorage save
INFO: &amp#27;[32mSave d66f774f-5cb7-4723-8fe1-8338fa4ee527(uuid6647)
сент. 19, 2025 6:42:50 PM webapp.storage.AbstractStorage save
INFO: &amp#27;[32mSave 78f5e680-676d-4a66-9c59-fef4852a02e1(uuid6648)
сент. 19, 2025 6:42:50 PM webapp.storage.AbstractStorage save
INFO: &amp#27;[32mSave 81b14e0b-7f98-40c2-b414-71e6e1780650(uuid6649)
сент. 19, 2025 6:42:50 PM webapp.storage.AbstractStorage save
INFO: &amp#27;[32mSave 3f740b63-4238-4874-80aa-e8ae39897d74(uuid6650)
сент. 19, 2025 6:42:50 PM webapp.storage.AbstractStorage save
INFO: &amp#27;[32mSave 0dcd62a3-a214-4419-b897-77fbfd190159(uuid6651)
сент. 19, 2025 6:42:50 PM webapp.storage.AbstractStorage save
INFO: &amp#27;[32mSave 24af5e85-3ee9-4cb0-9d35-d19acf9ac9c8(uuid6652)
сент. 19, 2025 6:42:50 PM webapp.storage.AbstractStorage save
INFO: &amp#27;[32mSave 09c46a39-2db8-4c69-9ee5-bd5d1585e666(uuid6653)
сент. 19, 2025 6:42:50 PM webapp.storage.AbstractStorage save
INFO: &amp#27;[32mSave f19aa4ae-0510-420d-ab52-fe78f1857a4c(uuid6654)
сент. 19, 2025 6:42:50 PM webapp.storage.AbstractStorage save
INFO: &amp#27;[32mSave 6b58eb8a-f090-4083-82b3-0a323e219dfb(uuid6655)
сент. 19, 2025 6:42:50 PM webapp.storage.AbstractStorage save
INFO: &amp#27;[32mSave 2ca9fc06-0aba-4ff1-a63d-80666f2a38bd(uuid6656)
сент. 19, 2025 6:42:50 PM webapp.storage.AbstractStorage save
INFO: &amp#27;[32mSave 5b48ea47-9bac-4d27-bb8b-9ddf1ee529b9(uuid6657)
сент. 19, 2025 6:42:50 PM webapp.storage.AbstractStorage save
INFO: &amp#27;[32mSave 9b5cd0f1-e4f1-483e-a840-5c1379e28800(uuid6658)
сент. 19, 2025 6:42:50 PM webapp.storage.AbstractStorage save
INFO: &amp#27;[32mSave bcc9626e-8df2-4550-9ed0-ca60f6a9a2f3(uuid6659)
сент. 19, 2025 6:42:50 PM webapp.storage.AbstractStorage save
INFO: &amp#27;[32mSave 0fef4161-c6e0-46ff-a40c-29a17ef1dce5(uuid6660)
сент. 19, 2025 6:42:50 PM webapp.storage.AbstractStorage save
INFO: &amp#27;[32mSave e91fa16b-67d6-4a01-bb3c-02cc018e7fd2(uuid6661)
сент. 19, 2025 6:42:50 PM webapp.storage.AbstractStorage save
INFO: &amp#27;[32mSave 61161ce9-e804-4aa8-b491-bb0648339755(uuid6662)
сент. 19, 2025 6:42:50 PM webapp.storage.AbstractStorage save
INFO: &amp#27;[32mSave 59486a6d-ecdc-4255-9a38-6cea66db2ebe(uuid6663)
сент. 19, 2025 6:42:50 PM webapp.storage.AbstractStorage save
INFO: &amp#27;[32mSave 78c7b42f-fbb1-4127-8fa4-cd8865dee56b(uuid6664)
сент. 19, 2025 6:42:50 PM webapp.storage.AbstractStorage save
INFO: &amp#27;[32mSave 5632ae20-7ca5-424b-b1a9-bf0fd699b018(uuid6665)
сент. 19, 2025 6:42:50 PM webapp.storage.AbstractStorage save
INFO: &amp#27;[32mSave c63cbeaf-72f8-4b81-9dd4-e27c7ff273b8(uuid6666)
сент. 19, 2025 6:42:50 PM webapp.storage.AbstractStorage save
INFO: &amp#27;[32mSave d4c7c92c-3dfa-4591-8c84-7f449b4c3f7d(uuid6667)
сент. 19, 2025 6:42:50 PM webapp.storage.AbstractStorage save
INFO: &amp#27;[32mSave 652b2356-20f3-4e72-b50b-19ce6bfd2b7f(uuid6668)
сент. 19, 2025 6:42:50 PM webapp.storage.AbstractStorage save
INFO: &amp#27;[32mSave 7e7383bc-e65d-41d7-99de-ee0351cf1c57(uuid6669)
сент. 19, 2025 6:42:50 PM webapp.storage.AbstractStorage save
INFO: &amp#27;[32mSave 87f24926-bec4-43c3-89c8-11fbab87743c(uuid6670)
сент. 19, 2025 6:42:50 PM webapp.storage.AbstractStorage save
INFO: &amp#27;[32mSave 629978e5-aabc-473e-8b21-4cc12b6f12dc(uuid6671)
сент. 19, 2025 6:42:50 PM webapp.storage.AbstractStorage save
INFO: &amp#27;[32mSave c943ee97-0658-4c72-98ae-faf92a02ab8c(uuid6672)
сент. 19, 2025 6:42:50 PM webapp.storage.AbstractStorage save
INFO: &amp#27;[32mSave 21f81e0d-6319-4889-a886-775794b17f52(uuid6673)
сент. 19, 2025 6:42:50 PM webapp.storage.AbstractStorage save
INFO: &amp#27;[32mSave e9d852ef-f60f-4e00-9ce4-201c3c8b37bb(uuid6674)
сент. 19, 2025 6:42:50 PM webapp.storage.AbstractStorage save
INFO: &amp#27;[32mSave cbadb85c-eb22-4025-83ac-d8d366ca7e03(uuid6675)
сент. 19, 2025 6:42:50 PM webapp.storage.AbstractStorage save
INFO: &amp#27;[32mSave b0850aa9-550d-4e25-b1be-0068f7c31a28(uuid6676)
сент. 19, 2025 6:42:50 PM webapp.storage.AbstractStorage save
INFO: &amp#27;[32mSave 8be1c7d4-a0aa-408b-977f-f68566607bf5(uuid6677)
сент. 19, 2025 6:42:50 PM webapp.storage.AbstractStorage save
INFO: &amp#27;[32mSave 1779b995-f480-4503-a95d-a0da23de241a(uuid6678)
сент. 19, 2025 6:42:50 PM webapp.storage.AbstractStorage save
INFO: &amp#27;[32mSave 54527b1f-9b6a-4a48-a82d-c94229f9ef7d(uuid6679)
сент. 19, 2025 6:42:50 PM webapp.storage.AbstractStorage save
INFO: &amp#27;[32mSave 2112767e-4699-4faf-9005-8c5afa90099c(uuid6680)
сент. 19, 2025 6:42:50 PM webapp.storage.AbstractStorage save
INFO: &amp#27;[32mSave 928c379b-20aa-4437-96b5-44249fa6c0b1(uuid6681)
сент. 19, 2025 6:42:50 PM webapp.storage.AbstractStorage save
INFO: &amp#27;[32mSave fab7a0fe-5286-4423-bd42-8dfa4cdf8b05(uuid6682)
сент. 19, 2025 6:42:50 PM webapp.storage.AbstractStorage save
INFO: &amp#27;[32mSave 87e6fc3a-1dba-4f9f-af0a-2a7b05dbe014(uuid6683)
сент. 19, 2025 6:42:50 PM webapp.storage.AbstractStorage save
INFO: &amp#27;[32mSave 41c785c9-5607-4fb3-928b-ccc588556cfa(uuid6684)
сент. 19, 2025 6:42:50 PM webapp.storage.AbstractStorage save
INFO: &amp#27;[32mSave 55194182-5190-42b1-a03f-bb07dbb0c650(uuid6685)
сент. 19, 2025 6:42:50 PM webapp.storage.AbstractStorage save
INFO: &amp#27;[32mSave 7e719d37-9aa1-438b-a157-ecf736a46132(uuid6686)
сент. 19, 2025 6:42:50 PM webapp.storage.AbstractStorage save
INFO: &amp#27;[32mSave 22903a7b-ac30-4e60-852a-68a9acc01afe(uuid6687)
сент. 19, 2025 6:42:50 PM webapp.storage.AbstractStorage save
INFO: &amp#27;[32mSave 57adca44-42d7-4cd2-86a4-ccc5192473a9(uuid6688)
сент. 19, 2025 6:42:50 PM webapp.storage.AbstractStorage save
INFO: &amp#27;[32mSave b8e68484-5621-44df-b9cc-7baef2a7f97c(uuid6689)
сент. 19, 2025 6:42:50 PM webapp.storage.AbstractStorage save
INFO: &amp#27;[32mSave 40b44d72-2af3-4c72-9c11-6707527e2077(uuid6690)
сент. 19, 2025 6:42:50 PM webapp.storage.AbstractStorage save
INFO: &amp#27;[32mSave ae416e37-2477-4d77-84a6-1ce05e4ab493(uuid6691)
сент. 19, 2025 6:42:50 PM webapp.storage.AbstractStorage save
INFO: &amp#27;[32mSave 2b2b5849-fda1-472c-a8ca-afcabb7dd329(uuid6692)
сент. 19, 2025 6:42:50 PM webapp.storage.AbstractStorage save
INFO: &amp#27;[32mSave ded358b9-b15e-46a4-b05f-1da79387fd05(uuid6693)
сент. 19, 2025 6:42:50 PM webapp.storage.AbstractStorage save
INFO: &amp#27;[32mSave 16043220-939e-43f2-b7de-3b29e8575dc2(uuid6694)
сент. 19, 2025 6:42:50 PM webapp.storage.AbstractStorage save
INFO: &amp#27;[32mSave 35ce6a3f-e3aa-40f3-b0c4-4fbfbe7fcedf(uuid6695)
сент. 19, 2025 6:42:50 PM webapp.storage.AbstractStorage save
INFO: &amp#27;[32mSave bfdb81d1-235a-4008-99b7-c7543200f414(uuid6696)
сент. 19, 2025 6:42:50 PM webapp.storage.AbstractStorage save
INFO: &amp#27;[32mSave d2e57f6a-f6ba-410b-bf0b-d428c9a40693(uuid6697)
сент. 19, 2025 6:42:50 PM webapp.storage.AbstractStorage save
INFO: &amp#27;[32mSave 2df52f76-f8de-4c1f-bf9c-4a63c5de1dbd(uuid6698)
сент. 19, 2025 6:42:50 PM webapp.storage.AbstractStorage save
INFO: &amp#27;[32mSave d1aec827-9784-460c-be1e-82f81b879401(uuid6699)
сент. 19, 2025 6:42:50 PM webapp.storage.AbstractStorage save
INFO: &amp#27;[32mSave 5e703ea8-35e7-40eb-a71e-dcb1148f3b6f(uuid6700)
сент. 19, 2025 6:42:50 PM webapp.storage.AbstractStorage save
INFO: &amp#27;[32mSave ca52d5ef-839a-45d5-a88e-6faf5575a958(uuid6701)
сент. 19, 2025 6:42:50 PM webapp.storage.AbstractStorage save
INFO: &amp#27;[32mSave 22a804b1-954b-474f-9668-22aba11d82fb(uuid6702)
сент. 19, 2025 6:42:50 PM webapp.storage.AbstractStorage save
INFO: &amp#27;[32mSave 193f6ff0-4a98-499c-9560-fae0073da91f(uuid6703)
сент. 19, 2025 6:42:50 PM webapp.storage.AbstractStorage save
INFO: &amp#27;[32mSave 6d65195b-df26-4f09-954a-970d084b2caf(uuid6704)
сент. 19, 2025 6:42:50 PM webapp.storage.AbstractStorage save
INFO: &amp#27;[32mSave c93f7f6d-da10-421a-b8dd-01745a5bcbb5(uuid6705)
сент. 19, 2025 6:42:50 PM webapp.storage.AbstractStorage save
INFO: &amp#27;[32mSave 970762fb-6747-4c1e-9c70-b7a5fbfddc18(uuid6706)
сент. 19, 2025 6:42:50 PM webapp.storage.AbstractStorage save
INFO: &amp#27;[32mSave 56c4bd4f-6d71-48b8-b9fe-94439d8b9fec(uuid6707)
сент. 19, 2025 6:42:50 PM webapp.storage.AbstractStorage save
INFO: &amp#27;[32mSave 43e59ecc-ede3-4afb-a2b2-e73bd8e22117(uuid6708)
сент. 19, 2025 6:42:50 PM webapp.storage.AbstractStorage save
INFO: &amp#27;[32mSave eec08391-46c6-4ffa-8f8d-e70c6ebf02f4(uuid6709)
сент. 19, 2025 6:42:50 PM webapp.storage.AbstractStorage save
INFO: &amp#27;[32mSave 94e9468e-fe10-4a8b-afee-3be81f95b930(uuid6710)
сент. 19, 2025 6:42:50 PM webapp.storage.AbstractStorage save
INFO: &amp#27;[32mSave 3e0a07ae-b05b-4eed-87e0-823b1d556098(uuid6711)
сент. 19, 2025 6:42:50 PM webapp.storage.AbstractStorage save
INFO: &amp#27;[32mSave 4cea5830-f18a-43a8-afdc-9df0df05478b(uuid6712)
сент. 19, 2025 6:42:50 PM webapp.storage.AbstractStorage save
INFO: &amp#27;[32mSave 53e88d05-999d-43bd-95d6-48f6a22b42d1(uuid6713)
сент. 19, 2025 6:42:50 PM webapp.storage.AbstractStorage save
INFO: &amp#27;[32mSave 9a481eaf-ca0e-475c-86e5-1d3307c2c320(uuid6714)
сент. 19, 2025 6:42:50 PM webapp.storage.AbstractStorage save
INFO: &amp#27;[32mSave 9efceafb-5e51-47f1-903a-9b52dd2674d3(uuid6715)
сент. 19, 2025 6:42:50 PM webapp.storage.AbstractStorage save
INFO: &amp#27;[32mSave d07cb7bb-2ca5-4953-8a9a-3cc2ff884255(uuid6716)
сент. 19, 2025 6:42:50 PM webapp.storage.AbstractStorage save
INFO: &amp#27;[32mSave 8d295623-a4cb-47e8-bbdc-5ec0f7c66175(uuid6717)
сент. 19, 2025 6:42:50 PM webapp.storage.AbstractStorage save
INFO: &amp#27;[32mSave 8b40c292-3cb4-4d9a-a834-d95ef7a42c2d(uuid6718)
сент. 19, 2025 6:42:50 PM webapp.storage.AbstractStorage save
INFO: &amp#27;[32mSave 3bafb43c-4312-4bc5-afc3-2c38a9ca4c99(uuid6719)
сент. 19, 2025 6:42:50 PM webapp.storage.AbstractStorage save
INFO: &amp#27;[32mSave 3eb7852d-be96-45e2-a339-b7986fee7a72(uuid6720)
сент. 19, 2025 6:42:50 PM webapp.storage.AbstractStorage save
INFO: &amp#27;[32mSave 15ca1a65-db65-4b1c-9708-78ef1ef472d1(uuid6721)
сент. 19, 2025 6:42:50 PM webapp.storage.AbstractStorage save
INFO: &amp#27;[32mSave 9b69933f-3139-42b9-90f3-f6a7c8e471db(uuid6722)
сент. 19, 2025 6:42:50 PM webapp.storage.AbstractStorage save
INFO: &amp#27;[32mSave 8ab4fd6c-7c77-4ad9-9d1a-a04e10089fda(uuid6723)
сент. 19, 2025 6:42:50 PM webapp.storage.AbstractStorage save
INFO: &amp#27;[32mSave f18cea98-a727-4983-8840-38b73891865b(uuid6724)
сент. 19, 2025 6:42:50 PM webapp.storage.AbstractStorage save
INFO: &amp#27;[32mSave ba0f34a1-2221-48d5-a65f-d3137dfa70a8(uuid6725)
сент. 19, 2025 6:42:50 PM webapp.storage.AbstractStorage save
INFO: &amp#27;[32mSave 17f5b659-50ff-4724-9fcd-57cec71df542(uuid6726)
сент. 19, 2025 6:42:50 PM webapp.storage.AbstractStorage save
INFO: &amp#27;[32mSave 493926b4-edc2-425d-8bec-e37705de5fc3(uuid6727)
сент. 19, 2025 6:42:50 PM webapp.storage.AbstractStorage save
INFO: &amp#27;[32mSave 17968286-8ed3-406e-8751-e1d917dd97e9(uuid6728)
сент. 19, 2025 6:42:50 PM webapp.storage.AbstractStorage save
INFO: &amp#27;[32mSave 91e0503b-0bed-4516-93d4-e44af250a441(uuid6729)
сент. 19, 2025 6:42:50 PM webapp.storage.AbstractStorage save
INFO: &amp#27;[32mSave abafefc8-1f59-4db5-8fbe-62af24cb6bb0(uuid6730)
сент. 19, 2025 6:42:50 PM webapp.storage.AbstractStorage save
INFO: &amp#27;[32mSave 38ad699a-17fd-4c7b-a75e-78d12d378f8f(uuid6731)
сент. 19, 2025 6:42:50 PM webapp.storage.AbstractStorage save
INFO: &amp#27;[32mSave 75f2b1bd-9f21-4294-a0c6-258a440da7f4(uuid6732)
сент. 19, 2025 6:42:50 PM webapp.storage.AbstractStorage save
INFO: &amp#27;[32mSave 6b31d492-088b-47fb-b456-e32bce7799f3(uuid6733)
сент. 19, 2025 6:42:50 PM webapp.storage.AbstractStorage save
INFO: &amp#27;[32mSave acfcab6c-e175-4c70-9ac2-398e13edc491(uuid6734)
сент. 19, 2025 6:42:50 PM webapp.storage.AbstractStorage save
INFO: &amp#27;[32mSave 17f7fc14-bb15-478a-8257-c76b2a9c2d69(uuid6735)
сент. 19, 2025 6:42:50 PM webapp.storage.AbstractStorage save
INFO: &amp#27;[32mSave cd68f6ee-f735-45aa-8f81-89febcd5c454(uuid6736)
сент. 19, 2025 6:42:50 PM webapp.storage.AbstractStorage save
INFO: &amp#27;[32mSave 47189549-7f4f-4f36-9a08-c0028ec05768(uuid6737)
сент. 19, 2025 6:42:50 PM webapp.storage.AbstractStorage save
INFO: &amp#27;[32mSave aeffd670-4579-4623-a5ce-c828612561a4(uuid6738)
сент. 19, 2025 6:42:50 PM webapp.storage.AbstractStorage save
INFO: &amp#27;[32mSave ab8fb672-11d6-4156-b657-c33b60a3462f(uuid6739)
сент. 19, 2025 6:42:50 PM webapp.storage.AbstractStorage save
INFO: &amp#27;[32mSave e0cfc71a-2851-45c9-b7eb-a9737f71fc61(uuid6740)
сент. 19, 2025 6:42:50 PM webapp.storage.AbstractStorage save
INFO: &amp#27;[32mSave b1cd7526-f94c-4789-91a5-1b16a422ba98(uuid6741)
сент. 19, 2025 6:42:50 PM webapp.storage.AbstractStorage save
INFO: &amp#27;[32mSave c7a5ed8a-8b90-41f4-91e3-7c4ad23ca92e(uuid6742)
сент. 19, 2025 6:42:50 PM webapp.storage.AbstractStorage save
INFO: &amp#27;[32mSave 843080a6-5685-4eda-a07e-9dc2866e5ddc(uuid6743)
сент. 19, 2025 6:42:50 PM webapp.storage.AbstractStorage save
INFO: &amp#27;[32mSave b57f0c20-d343-485a-a652-d16f7f723b41(uuid6744)
сент. 19, 2025 6:42:50 PM webapp.storage.AbstractStorage save
INFO: &amp#27;[32mSave 4a1ff00e-2aa6-42e0-af25-5afac0fe94e7(uuid6745)
сент. 19, 2025 6:42:50 PM webapp.storage.AbstractStorage save
INFO: &amp#27;[32mSave 9e09ce12-11c6-4380-87b2-8452e9e962e2(uuid6746)
сент. 19, 2025 6:42:50 PM webapp.storage.AbstractStorage save
INFO: &amp#27;[32mSave 9ef22335-b17d-4dda-85dd-22d5064c35d1(uuid6747)
сент. 19, 2025 6:42:50 PM webapp.storage.AbstractStorage save
INFO: &amp#27;[32mSave 92b7dc1d-c8d7-4469-9482-32647f5aaf45(uuid6748)
сент. 19, 2025 6:42:50 PM webapp.storage.AbstractStorage save
INFO: &amp#27;[32mSave ec658a38-a607-42a6-8ab4-0331d80df5f6(uuid6749)
сент. 19, 2025 6:42:50 PM webapp.storage.AbstractStorage save
INFO: &amp#27;[32mSave 6fcac459-9fdf-4c05-b72a-9181457bdeeb(uuid6750)
сент. 19, 2025 6:42:50 PM webapp.storage.AbstractStorage save
INFO: &amp#27;[32mSave 227374a9-2d12-48d9-9bdb-4c2af0aae609(uuid6751)
сент. 19, 2025 6:42:50 PM webapp.storage.AbstractStorage save
INFO: &amp#27;[32mSave b8c47d3e-06fb-4ed7-b329-a01abfc4aeb7(uuid6752)
сент. 19, 2025 6:42:50 PM webapp.storage.AbstractStorage save
INFO: &amp#27;[32mSave bb0adc7e-7c30-4250-b338-b360454efb77(uuid6753)
сент. 19, 2025 6:42:50 PM webapp.storage.AbstractStorage save
INFO: &amp#27;[32mSave 19b6793e-e06c-495b-a284-e72408be3939(uuid6754)
сент. 19, 2025 6:42:50 PM webapp.storage.AbstractStorage save
INFO: &amp#27;[32mSave 1837c922-1d29-49d0-8e0b-ea1be8edb9be(uuid6755)
сент. 19, 2025 6:42:50 PM webapp.storage.AbstractStorage save
INFO: &amp#27;[32mSave bfeea399-6e93-42c4-a3dd-a8ee33cecf14(uuid6756)
сент. 19, 2025 6:42:50 PM webapp.storage.AbstractStorage save
INFO: &amp#27;[32mSave 2cbf3f4a-384f-4581-b9b3-7572fe9925eb(uuid6757)
сент. 19, 2025 6:42:50 PM webapp.storage.AbstractStorage save
INFO: &amp#27;[32mSave 13e48b44-72e8-4587-96e6-c27fc662102d(uuid6758)
сент. 19, 2025 6:42:50 PM webapp.storage.AbstractStorage save
INFO: &amp#27;[32mSave 555e134a-05de-4154-bf8a-6d39c3222bc3(uuid6759)
сент. 19, 2025 6:42:50 PM webapp.storage.AbstractStorage save
INFO: &amp#27;[32mSave 76e3f815-c0ac-4492-976f-98553eb3b479(uuid6760)
сент. 19, 2025 6:42:50 PM webapp.storage.AbstractStorage save
INFO: &amp#27;[32mSave 1c3069e4-7e25-467a-abbe-8b9dc60a9c48(uuid6761)
сент. 19, 2025 6:42:50 PM webapp.storage.AbstractStorage save
INFO: &amp#27;[32mSave bb07279c-e3ae-423f-aa7f-d3388b15c5de(uuid6762)
сент. 19, 2025 6:42:50 PM webapp.storage.AbstractStorage save
INFO: &amp#27;[32mSave 4a9e7f61-d526-4964-9cb2-dadc13b6c1dd(uuid6763)
сент. 19, 2025 6:42:50 PM webapp.storage.AbstractStorage save
INFO: &amp#27;[32mSave 68919ed2-8020-4ce9-8a8c-35d13f50d1eb(uuid6764)
сент. 19, 2025 6:42:50 PM webapp.storage.AbstractStorage save
INFO: &amp#27;[32mSave 062da606-acf6-4c74-9399-d79ac0c6c41a(uuid6765)
сент. 19, 2025 6:42:50 PM webapp.storage.AbstractStorage save
INFO: &amp#27;[32mSave b27874d6-d280-498e-a161-1bd9fb46450e(uuid6766)
сент. 19, 2025 6:42:50 PM webapp.storage.AbstractStorage save
INFO: &amp#27;[32mSave 6a37b234-375d-4aae-9c89-f3f32e3983dc(uuid6767)
сент. 19, 2025 6:42:50 PM webapp.storage.AbstractStorage save
INFO: &amp#27;[32mSave 530d19c4-e4d0-482d-9b06-e2bae8574883(uuid6768)
сент. 19, 2025 6:42:50 PM webapp.storage.AbstractStorage save
INFO: &amp#27;[32mSave 1e3250ac-cd6e-4428-933e-17f8bec433c9(uuid6769)
сент. 19, 2025 6:42:50 PM webapp.storage.AbstractStorage save
INFO: &amp#27;[32mSave 8d8cb1d5-afad-4c37-94f4-d15ba786e320(uuid6770)
сент. 19, 2025 6:42:50 PM webapp.storage.AbstractStorage save
INFO: &amp#27;[32mSave 9512d8bf-5af8-4463-95fe-c85fafd3c3a8(uuid6771)
сент. 19, 2025 6:42:50 PM webapp.storage.AbstractStorage save
INFO: &amp#27;[32mSave 14bfa34d-6222-411f-a1c0-155ae3fd78e4(uuid6772)
сент. 19, 2025 6:42:50 PM webapp.storage.AbstractStorage save
INFO: &amp#27;[32mSave 3a24115d-46e7-4739-8a6b-eac5f300c821(uuid6773)
сент. 19, 2025 6:42:50 PM webapp.storage.AbstractStorage save
INFO: &amp#27;[32mSave d2eac177-9bef-47ce-9a8e-2f940620a5bb(uuid6774)
сент. 19, 2025 6:42:50 PM webapp.storage.AbstractStorage save
INFO: &amp#27;[32mSave e5ad629e-a8b3-40cd-a0cd-51880370d189(uuid6775)
сент. 19, 2025 6:42:50 PM webapp.storage.AbstractStorage save
INFO: &amp#27;[32mSave 2bc97c8a-1742-4981-bd1c-2444463495f8(uuid6776)
сент. 19, 2025 6:42:50 PM webapp.storage.AbstractStorage save
INFO: &amp#27;[32mSave f3d46746-0d02-4c85-9e8d-87cce3efacc8(uuid6777)
сент. 19, 2025 6:42:50 PM webapp.storage.AbstractStorage save
INFO: &amp#27;[32mSave 81720df9-9bcc-421a-ba68-b031a0949fa6(uuid6778)
сент. 19, 2025 6:42:50 PM webapp.storage.AbstractStorage save
INFO: &amp#27;[32mSave d7a3020a-edc7-4b1d-b55d-89be52a837ee(uuid6779)
сент. 19, 2025 6:42:50 PM webapp.storage.AbstractStorage save
INFO: &amp#27;[32mSave 84831606-9f62-4004-ae0b-009225ccffff(uuid6780)
сент. 19, 2025 6:42:50 PM webapp.storage.AbstractStorage save
INFO: &amp#27;[32mSave 40b49728-4870-49fb-b8e2-754bcd738a46(uuid6781)
сент. 19, 2025 6:42:50 PM webapp.storage.AbstractStorage save
INFO: &amp#27;[32mSave e61d8b94-1b2b-4353-a48c-94f8dbaadd06(uuid6782)
сент. 19, 2025 6:42:50 PM webapp.storage.AbstractStorage save
INFO: &amp#27;[32mSave 05595cc8-0e5f-4758-91b9-eede440b0d25(uuid6783)
сент. 19, 2025 6:42:50 PM webapp.storage.AbstractStorage save
INFO: &amp#27;[32mSave 48f9ce03-2eda-40cb-8301-59403b94f01f(uuid6784)
сент. 19, 2025 6:42:50 PM webapp.storage.AbstractStorage save
INFO: &amp#27;[32mSave de093c10-47cc-49ff-9ddc-d84642c9b3db(uuid6785)
сент. 19, 2025 6:42:50 PM webapp.storage.AbstractStorage save
INFO: &amp#27;[32mSave cbd0a6cb-dac8-4b2e-a094-70be2df298f9(uuid6786)
сент. 19, 2025 6:42:50 PM webapp.storage.AbstractStorage save
INFO: &amp#27;[32mSave 225472b2-8556-435d-b030-a5e32566f420(uuid6787)
сент. 19, 2025 6:42:50 PM webapp.storage.AbstractStorage save
INFO: &amp#27;[32mSave a3c2f8fd-0fcd-4b34-af8c-bbd1950c6c13(uuid6788)
сент. 19, 2025 6:42:50 PM webapp.storage.AbstractStorage save
INFO: &amp#27;[32mSave 21d2593d-d3a6-41dc-b4e5-261836941a73(uuid6789)
сент. 19, 2025 6:42:50 PM webapp.storage.AbstractStorage save
INFO: &amp#27;[32mSave 849a5801-8dea-4e84-9a77-c01fc3675295(uuid6790)
сент. 19, 2025 6:42:50 PM webapp.storage.AbstractStorage save
INFO: &amp#27;[32mSave 66e83d97-534a-4d49-896c-78f086d98a1d(uuid6791)
сент. 19, 2025 6:42:50 PM webapp.storage.AbstractStorage save
INFO: &amp#27;[32mSave b7654b78-28bc-41e4-a750-19e3b98b3c43(uuid6792)
сент. 19, 2025 6:42:50 PM webapp.storage.AbstractStorage save
INFO: &amp#27;[32mSave 5010839d-1af6-4a5f-871d-dfacfb8b42e5(uuid6793)
сент. 19, 2025 6:42:50 PM webapp.storage.AbstractStorage save
INFO: &amp#27;[32mSave 96650144-1604-422a-8e91-4d1c387de4df(uuid6794)
сент. 19, 2025 6:42:50 PM webapp.storage.AbstractStorage save
INFO: &amp#27;[32mSave cbf311ad-0104-4e31-a239-b96c2387c54e(uuid6795)
сент. 19, 2025 6:42:50 PM webapp.storage.AbstractStorage save
INFO: &amp#27;[32mSave 8bdea331-6a75-4b6f-b54f-b2c90f89119a(uuid6796)
сент. 19, 2025 6:42:50 PM webapp.storage.AbstractStorage save
INFO: &amp#27;[32mSave 0905a62e-fdbd-448f-98ef-3e374e269fda(uuid6797)
сент. 19, 2025 6:42:50 PM webapp.storage.AbstractStorage save
INFO: &amp#27;[32mSave ead0cc50-8ddb-48a5-a1a0-1c5b2428975a(uuid6798)
сент. 19, 2025 6:42:50 PM webapp.storage.AbstractStorage save
INFO: &amp#27;[32mSave 2551f839-7f42-4238-8db9-31d73ed2eb89(uuid6799)
сент. 19, 2025 6:42:50 PM webapp.storage.AbstractStorage save
INFO: &amp#27;[32mSave 0a6c92a8-b9ea-4143-9489-bcec8abc2f8f(uuid6800)
сент. 19, 2025 6:42:50 PM webapp.storage.AbstractStorage save
INFO: &amp#27;[32mSave ac2b72bc-f1ee-49ec-82f3-727d3bd38eed(uuid6801)
сент. 19, 2025 6:42:50 PM webapp.storage.AbstractStorage save
INFO: &amp#27;[32mSave a6e1b782-641b-4eae-8a5e-01f181d8020c(uuid6802)
сент. 19, 2025 6:42:50 PM webapp.storage.AbstractStorage save
INFO: &amp#27;[32mSave ada061b9-b815-409c-9d1b-bf1a04339c48(uuid6803)
сент. 19, 2025 6:42:50 PM webapp.storage.AbstractStorage save
INFO: &amp#27;[32mSave 8415c744-6c12-4fc7-9bc3-8ad4d9bf2710(uuid6804)
сент. 19, 2025 6:42:50 PM webapp.storage.AbstractStorage save
INFO: &amp#27;[32mSave e7cd42a7-b408-4928-8404-6ec966ddafc9(uuid6805)
сент. 19, 2025 6:42:50 PM webapp.storage.AbstractStorage save
INFO: &amp#27;[32mSave c4dacfcf-1fa6-4db4-8d6d-c298a665c0bc(uuid6806)
сент. 19, 2025 6:42:50 PM webapp.storage.AbstractStorage save
INFO: &amp#27;[32mSave 836a91df-0a31-40f4-8d9e-2780f658ae68(uuid6807)
сент. 19, 2025 6:42:50 PM webapp.storage.AbstractStorage save
INFO: &amp#27;[32mSave 05ce8245-cabe-49d2-a55f-3fd0184bdea4(uuid6808)
сент. 19, 2025 6:42:50 PM webapp.storage.AbstractStorage save
INFO: &amp#27;[32mSave 9897fc56-c8ae-4765-a3e2-b7c389624f71(uuid6809)
сент. 19, 2025 6:42:50 PM webapp.storage.AbstractStorage save
INFO: &amp#27;[32mSave 22a0330e-8e73-4593-be51-0184b61b8b8a(uuid6810)
сент. 19, 2025 6:42:50 PM webapp.storage.AbstractStorage save
INFO: &amp#27;[32mSave 42087835-f72c-4253-8116-12c327523800(uuid6811)
сент. 19, 2025 6:42:50 PM webapp.storage.AbstractStorage save
INFO: &amp#27;[32mSave 70f9482c-12af-4f39-b44c-1837e2b426e3(uuid6812)
сент. 19, 2025 6:42:50 PM webapp.storage.AbstractStorage save
INFO: &amp#27;[32mSave 3a6278d6-3ced-433b-a3df-62f17703e764(uuid6813)
сент. 19, 2025 6:42:50 PM webapp.storage.AbstractStorage save
INFO: &amp#27;[32mSave 61014e15-92e3-42a7-8d73-46ecab8b7d1f(uuid6814)
сент. 19, 2025 6:42:50 PM webapp.storage.AbstractStorage save
INFO: &amp#27;[32mSave 1e5514d7-87e3-4d1f-bffa-6cb7b06b3f11(uuid6815)
сент. 19, 2025 6:42:50 PM webapp.storage.AbstractStorage save
INFO: &amp#27;[32mSave b5e16ca2-dcf7-4119-8d7f-5e5f76a3023c(uuid6816)
сент. 19, 2025 6:42:50 PM webapp.storage.AbstractStorage save
INFO: &amp#27;[32mSave dbe29c5f-24f5-48d7-98c3-9621ffbfd711(uuid6817)
сент. 19, 2025 6:42:50 PM webapp.storage.AbstractStorage save
INFO: &amp#27;[32mSave f7a1d01a-1132-4195-837e-cc373b3d3b8b(uuid6818)
сент. 19, 2025 6:42:50 PM webapp.storage.AbstractStorage save
INFO: &amp#27;[32mSave ba6b5113-406c-4bdd-87f2-419c856f7886(uuid6819)
сент. 19, 2025 6:42:50 PM webapp.storage.AbstractStorage save
INFO: &amp#27;[32mSave c7bd652a-a0c7-4ec2-b7a8-ae7badcb6df8(uuid6820)
сент. 19, 2025 6:42:50 PM webapp.storage.AbstractStorage save
INFO: &amp#27;[32mSave 31f848ab-9730-4e44-93d0-ffe9d7e80c96(uuid6821)
сент. 19, 2025 6:42:50 PM webapp.storage.AbstractStorage save
INFO: &amp#27;[32mSave 3f4f3abd-df3f-4095-8051-5bf8a987646d(uuid6822)
сент. 19, 2025 6:42:50 PM webapp.storage.AbstractStorage save
INFO: &amp#27;[32mSave 18923874-9663-4c89-b28b-9175c71d176a(uuid6823)
сент. 19, 2025 6:42:50 PM webapp.storage.AbstractStorage save
INFO: &amp#27;[32mSave 5e48bb0e-8239-4890-806f-042c34d33bb7(uuid6824)
сент. 19, 2025 6:42:50 PM webapp.storage.AbstractStorage save
INFO: &amp#27;[32mSave ea40ee41-d314-42ea-b5f2-a8dafe47cf8e(uuid6825)
сент. 19, 2025 6:42:50 PM webapp.storage.AbstractStorage save
INFO: &amp#27;[32mSave 11338229-5187-47ef-9dda-5071c8c5aff4(uuid6826)
сент. 19, 2025 6:42:50 PM webapp.storage.AbstractStorage save
INFO: &amp#27;[32mSave 25de121c-4847-42f7-b608-1f75e9450323(uuid6827)
сент. 19, 2025 6:42:50 PM webapp.storage.AbstractStorage save
INFO: &amp#27;[32mSave 85878dd0-7522-44e5-9902-cb9f0d493dd1(uuid6828)
сент. 19, 2025 6:42:50 PM webapp.storage.AbstractStorage save
INFO: &amp#27;[32mSave 73d8dadd-6e94-4461-b3ab-513612af106f(uuid6829)
сент. 19, 2025 6:42:50 PM webapp.storage.AbstractStorage save
INFO: &amp#27;[32mSave 9c10bdd3-2b8c-4bf8-96cc-bad31bfbaa1b(uuid6830)
сент. 19, 2025 6:42:50 PM webapp.storage.AbstractStorage save
INFO: &amp#27;[32mSave d26a77ca-5f05-4879-90b2-601cfa79424c(uuid6831)
сент. 19, 2025 6:42:50 PM webapp.storage.AbstractStorage save
INFO: &amp#27;[32mSave bbd17e9c-fd0c-4cb0-b9c6-b6d07dbe2907(uuid6832)
сент. 19, 2025 6:42:50 PM webapp.storage.AbstractStorage save
INFO: &amp#27;[32mSave e242525e-a247-47a1-83be-19c0b02e7787(uuid6833)
сент. 19, 2025 6:42:50 PM webapp.storage.AbstractStorage save
INFO: &amp#27;[32mSave feb1b214-e645-4c8d-9268-57c55981edfd(uuid6834)
сент. 19, 2025 6:42:50 PM webapp.storage.AbstractStorage save
INFO: &amp#27;[32mSave 4532d77d-a096-4fac-af9f-543c71d1ccce(uuid6835)
сент. 19, 2025 6:42:50 PM webapp.storage.AbstractStorage save
INFO: &amp#27;[32mSave 54de2899-67b5-4e2a-9448-5370be559e76(uuid6836)
сент. 19, 2025 6:42:50 PM webapp.storage.AbstractStorage save
INFO: &amp#27;[32mSave 95169a95-7773-4819-9fc3-0fa7be62b22b(uuid6837)
сент. 19, 2025 6:42:50 PM webapp.storage.AbstractStorage save
INFO: &amp#27;[32mSave eb927780-a07f-4616-91c5-d110017b0da8(uuid6838)
сент. 19, 2025 6:42:50 PM webapp.storage.AbstractStorage save
INFO: &amp#27;[32mSave bcd4e29a-0cba-44bd-a8be-6d544d15ce26(uuid6839)
сент. 19, 2025 6:42:50 PM webapp.storage.AbstractStorage save
INFO: &amp#27;[32mSave b9975ece-9181-41b5-a428-28cf97d3a93f(uuid6840)
сент. 19, 2025 6:42:50 PM webapp.storage.AbstractStorage save
INFO: &amp#27;[32mSave 0c117458-de42-4ee3-85e0-82094f710340(uuid6841)
сент. 19, 2025 6:42:50 PM webapp.storage.AbstractStorage save
INFO: &amp#27;[32mSave e8153d2f-5699-4c77-8d04-d2f29f1ed85c(uuid6842)
сент. 19, 2025 6:42:50 PM webapp.storage.AbstractStorage save
INFO: &amp#27;[32mSave d5f67ace-cf26-492a-85ab-faba7f323d8c(uuid6843)
сент. 19, 2025 6:42:50 PM webapp.storage.AbstractStorage save
INFO: &amp#27;[32mSave 4f249c99-1b6d-40fe-8f11-5ad5c5a29096(uuid6844)
сент. 19, 2025 6:42:50 PM webapp.storage.AbstractStorage save
INFO: &amp#27;[32mSave a1ef5438-43bb-4344-a742-5548a29bea50(uuid6845)
сент. 19, 2025 6:42:50 PM webapp.storage.AbstractStorage save
INFO: &amp#27;[32mSave e95f41b6-63fe-4837-a41b-f23da7b933a0(uuid6846)
сент. 19, 2025 6:42:50 PM webapp.storage.AbstractStorage save
INFO: &amp#27;[32mSave bd3e107e-7cbc-41d4-852f-f67483d56b13(uuid6847)
сент. 19, 2025 6:42:50 PM webapp.storage.AbstractStorage save
INFO: &amp#27;[32mSave 20d43f56-9ae9-4d76-bf66-54a6c1102f52(uuid6848)
сент. 19, 2025 6:42:50 PM webapp.storage.AbstractStorage save
INFO: &amp#27;[32mSave f091257e-84ed-48e0-95d9-61245ec47ef1(uuid6849)
сент. 19, 2025 6:42:50 PM webapp.storage.AbstractStorage save
INFO: &amp#27;[32mSave a1e462ec-c665-4d07-bd5e-8e85ea306b65(uuid6850)
сент. 19, 2025 6:42:50 PM webapp.storage.AbstractStorage save
INFO: &amp#27;[32mSave 52e49c18-b9ff-4a35-95bb-de8680bfb5bf(uuid6851)
сент. 19, 2025 6:42:50 PM webapp.storage.AbstractStorage save
INFO: &amp#27;[32mSave dae418b9-e5d1-4eda-9ffd-57c4fc468a3a(uuid6852)
сент. 19, 2025 6:42:50 PM webapp.storage.AbstractStorage save
INFO: &amp#27;[32mSave 6aad3a1b-8949-4b61-97f3-d86fb1f608d6(uuid6853)
сент. 19, 2025 6:42:50 PM webapp.storage.AbstractStorage save
INFO: &amp#27;[32mSave e8f1d53b-624a-40d2-b8d4-10f1ebcb1e3b(uuid6854)
сент. 19, 2025 6:42:50 PM webapp.storage.AbstractStorage save
INFO: &amp#27;[32mSave fa8444e2-41b1-4ab1-90cb-5af553eaeadc(uuid6855)
сент. 19, 2025 6:42:50 PM webapp.storage.AbstractStorage save
INFO: &amp#27;[32mSave b0ddcf11-39d4-4b33-8f0a-c6c3b4911ca4(uuid6856)
сент. 19, 2025 6:42:50 PM webapp.storage.AbstractStorage save
INFO: &amp#27;[32mSave 1dad10bb-851a-4baa-907a-cbe0e1037bd9(uuid6857)
сент. 19, 2025 6:42:50 PM webapp.storage.AbstractStorage save
INFO: &amp#27;[32mSave bc1c3c06-2cdb-4b2d-ae7b-dbc8fd53e3a7(uuid6858)
сент. 19, 2025 6:42:50 PM webapp.storage.AbstractStorage save
INFO: &amp#27;[32mSave d430a1cb-5ac8-42be-8a1c-bd5c5cc0ddc9(uuid6859)
сент. 19, 2025 6:42:50 PM webapp.storage.AbstractStorage save
INFO: &amp#27;[32mSave e9e3ff2b-e528-4dc2-a057-32d895d5b953(uuid6860)
сент. 19, 2025 6:42:50 PM webapp.storage.AbstractStorage save
INFO: &amp#27;[32mSave 5fd0cf2f-dc50-4294-a156-04702651cf15(uuid6861)
сент. 19, 2025 6:42:50 PM webapp.storage.AbstractStorage save
INFO: &amp#27;[32mSave 7df0fdc0-a024-49de-a5fc-7c63012c853d(uuid6862)
сент. 19, 2025 6:42:50 PM webapp.storage.AbstractStorage save
INFO: &amp#27;[32mSave 89679827-9cd1-4bb5-af80-6d108a28fce8(uuid6863)
сент. 19, 2025 6:42:50 PM webapp.storage.AbstractStorage save
INFO: &amp#27;[32mSave 5e17c8a5-c0c3-4a7d-8881-02c28f81b57d(uuid6864)
сент. 19, 2025 6:42:50 PM webapp.storage.AbstractStorage save
INFO: &amp#27;[32mSave 66f57f0e-3042-42a9-aa22-b0240684c141(uuid6865)
сент. 19, 2025 6:42:50 PM webapp.storage.AbstractStorage save
INFO: &amp#27;[32mSave 6daba91d-1eb1-4aec-857a-85cc5409cc9b(uuid6866)
сент. 19, 2025 6:42:50 PM webapp.storage.AbstractStorage save
INFO: &amp#27;[32mSave 8c316a69-4e7e-4b0c-847e-44b188833f84(uuid6867)
сент. 19, 2025 6:42:50 PM webapp.storage.AbstractStorage save
INFO: &amp#27;[32mSave 0965417f-9cad-41b5-a399-ce27ecb5f417(uuid6868)
сент. 19, 2025 6:42:50 PM webapp.storage.AbstractStorage save
INFO: &amp#27;[32mSave fb6ee3aa-819b-4a22-a173-99ca3e2550ec(uuid6869)
сент. 19, 2025 6:42:50 PM webapp.storage.AbstractStorage save
INFO: &amp#27;[32mSave 048d7d9d-1f2e-4b4d-a321-737589f01dd0(uuid6870)
сент. 19, 2025 6:42:50 PM webapp.storage.AbstractStorage save
INFO: &amp#27;[32mSave 0c80157b-1c50-419e-bbee-bb7fd7cc8a94(uuid6871)
сент. 19, 2025 6:42:50 PM webapp.storage.AbstractStorage save
INFO: &amp#27;[32mSave acb183aa-7777-44d1-b3b0-8f78e53e491d(uuid6872)
сент. 19, 2025 6:42:50 PM webapp.storage.AbstractStorage save
INFO: &amp#27;[32mSave 3a9db56c-e4f4-44a2-a7d2-81baa482d2ac(uuid6873)
сент. 19, 2025 6:42:50 PM webapp.storage.AbstractStorage save
INFO: &amp#27;[32mSave ad37db8c-3672-4541-ba06-039a64ac3469(uuid6874)
сент. 19, 2025 6:42:50 PM webapp.storage.AbstractStorage save
INFO: &amp#27;[32mSave f5a77b8b-34f3-48b9-878e-da4f26d53c64(uuid6875)
сент. 19, 2025 6:42:50 PM webapp.storage.AbstractStorage save
INFO: &amp#27;[32mSave b2416981-6552-47c5-b3b4-2b723df77c0a(uuid6876)
сент. 19, 2025 6:42:50 PM webapp.storage.AbstractStorage save
INFO: &amp#27;[32mSave 57ee27ea-f14a-4ef0-80cc-cd32583955d5(uuid6877)
сент. 19, 2025 6:42:50 PM webapp.storage.AbstractStorage save
INFO: &amp#27;[32mSave 3b6f0420-c241-4c03-b0c2-9b6dc99cb29d(uuid6878)
сент. 19, 2025 6:42:50 PM webapp.storage.AbstractStorage save
INFO: &amp#27;[32mSave 95eb0ad8-a0b4-4493-b1ab-7d1a67b7de1e(uuid6879)
сент. 19, 2025 6:42:50 PM webapp.storage.AbstractStorage save
INFO: &amp#27;[32mSave f7ab9357-8b4c-47d9-9f87-c7769fe4fc6d(uuid6880)
сент. 19, 2025 6:42:50 PM webapp.storage.AbstractStorage save
INFO: &amp#27;[32mSave de731731-f690-48f3-8a04-d14761f7a9f9(uuid6881)
сент. 19, 2025 6:42:50 PM webapp.storage.AbstractStorage save
INFO: &amp#27;[32mSave 18b359ca-d995-44a6-936a-78b7469ec87b(uuid6882)
сент. 19, 2025 6:42:50 PM webapp.storage.AbstractStorage save
INFO: &amp#27;[32mSave 36a5807e-6a66-4a11-8fe6-3ca50a960e18(uuid6883)
сент. 19, 2025 6:42:50 PM webapp.storage.AbstractStorage save
INFO: &amp#27;[32mSave dfa4684c-24ad-493e-995e-b0a906b8e440(uuid6884)
сент. 19, 2025 6:42:50 PM webapp.storage.AbstractStorage save
INFO: &amp#27;[32mSave a1cc8bff-0255-4bb4-879a-a7641676689b(uuid6885)
сент. 19, 2025 6:42:50 PM webapp.storage.AbstractStorage save
INFO: &amp#27;[32mSave 4c8a4cdf-5994-4982-bb9c-1940635e2c86(uuid6886)
сент. 19, 2025 6:42:50 PM webapp.storage.AbstractStorage save
INFO: &amp#27;[32mSave 7fd7b95f-e98c-4b5a-bbf0-6191fed8e77f(uuid6887)
сент. 19, 2025 6:42:50 PM webapp.storage.AbstractStorage save
INFO: &amp#27;[32mSave 768ff2e7-a23d-4b22-9e85-111a08943256(uuid6888)
сент. 19, 2025 6:42:50 PM webapp.storage.AbstractStorage save
INFO: &amp#27;[32mSave e444b003-8b83-4276-a3d8-a7c87ab4084a(uuid6889)
сент. 19, 2025 6:42:50 PM webapp.storage.AbstractStorage save
INFO: &amp#27;[32mSave c4ef3119-330e-459d-b902-8a1dd1996c61(uuid6890)
сент. 19, 2025 6:42:50 PM webapp.storage.AbstractStorage save
INFO: &amp#27;[32mSave 32c40ab8-2d10-4a87-b699-8cc221ddec9c(uuid6891)
сент. 19, 2025 6:42:50 PM webapp.storage.AbstractStorage save
INFO: &amp#27;[32mSave 28d9d6e3-336f-42eb-8e51-0fdbfba26654(uuid6892)
сент. 19, 2025 6:42:50 PM webapp.storage.AbstractStorage save
INFO: &amp#27;[32mSave 0c541f43-cc66-4003-a4f6-ed85d100bd95(uuid6893)
сент. 19, 2025 6:42:50 PM webapp.storage.AbstractStorage save
INFO: &amp#27;[32mSave 0c6d377a-4816-486c-883a-b2e85d53157f(uuid6894)
сент. 19, 2025 6:42:50 PM webapp.storage.AbstractStorage save
INFO: &amp#27;[32mSave 6ea5da2e-bca6-4ff3-844e-5a030d71ffca(uuid6895)
сент. 19, 2025 6:42:50 PM webapp.storage.AbstractStorage save
INFO: &amp#27;[32mSave 97c10d25-9805-4222-8258-1a683f049327(uuid6896)
сент. 19, 2025 6:42:50 PM webapp.storage.AbstractStorage save
INFO: &amp#27;[32mSave fae87d5e-7b16-4181-ac4e-7e570842e603(uuid6897)
сент. 19, 2025 6:42:50 PM webapp.storage.AbstractStorage save
INFO: &amp#27;[32mSave d9be0f14-7dd2-4a7e-8de6-af01478edaeb(uuid6898)
сент. 19, 2025 6:42:50 PM webapp.storage.AbstractStorage save
INFO: &amp#27;[32mSave 47907336-3f25-4ffc-a878-f408cf495be5(uuid6899)
сент. 19, 2025 6:42:50 PM webapp.storage.AbstractStorage save
INFO: &amp#27;[32mSave 035846dc-f726-4ccc-9cb2-364af8759888(uuid6900)
сент. 19, 2025 6:42:50 PM webapp.storage.AbstractStorage save
INFO: &amp#27;[32mSave ee562d11-ea0a-4eab-9cc1-fb7e43e18f01(uuid6901)
сент. 19, 2025 6:42:50 PM webapp.storage.AbstractStorage save
INFO: &amp#27;[32mSave b129dc7c-8d88-4e35-b264-42ab9e7fd531(uuid6902)
сент. 19, 2025 6:42:50 PM webapp.storage.AbstractStorage save
INFO: &amp#27;[32mSave 2fb96d90-356b-442d-9825-a5e2a2ca9614(uuid6903)
сент. 19, 2025 6:42:50 PM webapp.storage.AbstractStorage save
INFO: &amp#27;[32mSave 34ccbf9d-198a-4711-b55e-d0af1206bc90(uuid6904)
сент. 19, 2025 6:42:50 PM webapp.storage.AbstractStorage save
INFO: &amp#27;[32mSave 4ab1ce5d-329f-41f6-a8dc-c4be935018f5(uuid6905)
сент. 19, 2025 6:42:50 PM webapp.storage.AbstractStorage save
INFO: &amp#27;[32mSave 6d16a8e1-9a2d-4dbd-8316-ad1cf508f6c6(uuid6906)
сент. 19, 2025 6:42:50 PM webapp.storage.AbstractStorage save
INFO: &amp#27;[32mSave 19b4c5bb-402f-4f50-b9ee-4a18bc52918e(uuid6907)
сент. 19, 2025 6:42:50 PM webapp.storage.AbstractStorage save
INFO: &amp#27;[32mSave bb1fa4de-56dd-4160-869b-668eae0f8aa4(uuid6908)
сент. 19, 2025 6:42:50 PM webapp.storage.AbstractStorage save
INFO: &amp#27;[32mSave 7d01012f-0c21-498f-af66-a39bf6ecda3d(uuid6909)
сент. 19, 2025 6:42:50 PM webapp.storage.AbstractStorage save
INFO: &amp#27;[32mSave 619bd564-e702-48cc-b2e1-58a07e583a1d(uuid6910)
сент. 19, 2025 6:42:50 PM webapp.storage.AbstractStorage save
INFO: &amp#27;[32mSave fa49872c-e759-4103-a4cc-529b0938a3b7(uuid6911)
сент. 19, 2025 6:42:50 PM webapp.storage.AbstractStorage save
INFO: &amp#27;[32mSave 78da180d-9a07-42ee-8509-587fc4d9e63f(uuid6912)
сент. 19, 2025 6:42:50 PM webapp.storage.AbstractStorage save
INFO: &amp#27;[32mSave 7d86fdc3-c934-4246-a6fd-d6a346984fdb(uuid6913)
сент. 19, 2025 6:42:50 PM webapp.storage.AbstractStorage save
INFO: &amp#27;[32mSave 4d0a0e47-061f-4a7c-9cd0-59e994df4166(uuid6914)
сент. 19, 2025 6:42:50 PM webapp.storage.AbstractStorage save
INFO: &amp#27;[32mSave 0f7edc16-5375-4d66-9c7f-32ce81daa283(uuid6915)
сент. 19, 2025 6:42:50 PM webapp.storage.AbstractStorage save
INFO: &amp#27;[32mSave 24e172c2-7485-4a74-850e-7e5747e18e47(uuid6916)
сент. 19, 2025 6:42:50 PM webapp.storage.AbstractStorage save
INFO: &amp#27;[32mSave 424d7553-0ab7-44da-adfb-8dd258572a31(uuid6917)
сент. 19, 2025 6:42:50 PM webapp.storage.AbstractStorage save
INFO: &amp#27;[32mSave 37543a60-c8a5-4d4f-bbe4-840bbb522dc6(uuid6918)
сент. 19, 2025 6:42:50 PM webapp.storage.AbstractStorage save
INFO: &amp#27;[32mSave 5bebd5d6-3ca8-4a9f-a6d1-1353e54655f4(uuid6919)
сент. 19, 2025 6:42:50 PM webapp.storage.AbstractStorage save
INFO: &amp#27;[32mSave cbd52463-a0e1-41a7-93a3-b5a27344751a(uuid6920)
сент. 19, 2025 6:42:50 PM webapp.storage.AbstractStorage save
INFO: &amp#27;[32mSave cd218269-e7a2-430d-b722-ad746a6f36fd(uuid6921)
сент. 19, 2025 6:42:50 PM webapp.storage.AbstractStorage save
INFO: &amp#27;[32mSave 1d725857-5586-4e8f-bde3-f65c8fed2a56(uuid6922)
сент. 19, 2025 6:42:50 PM webapp.storage.AbstractStorage save
INFO: &amp#27;[32mSave 4f42ba85-771d-4309-afaa-7fa9ee2a1f4a(uuid6923)
сент. 19, 2025 6:42:50 PM webapp.storage.AbstractStorage save
INFO: &amp#27;[32mSave a7b0e3af-47f2-4857-88fe-83fd0a7f50e7(uuid6924)
сент. 19, 2025 6:42:50 PM webapp.storage.AbstractStorage save
INFO: &amp#27;[32mSave 07807dad-9578-4eb5-a3f0-a81c1682f566(uuid6925)
сент. 19, 2025 6:42:50 PM webapp.storage.AbstractStorage save
INFO: &amp#27;[32mSave 20df2c27-1891-4db8-bddf-bc9677f043d0(uuid6926)
сент. 19, 2025 6:42:50 PM webapp.storage.AbstractStorage save
INFO: &amp#27;[32mSave 5fd54560-10a8-41b6-82d3-ecc7435cd14e(uuid6927)
сент. 19, 2025 6:42:50 PM webapp.storage.AbstractStorage save
INFO: &amp#27;[32mSave 8d388339-e927-4965-96bf-debb2a54fd1e(uuid6928)
сент. 19, 2025 6:42:50 PM webapp.storage.AbstractStorage save
INFO: &amp#27;[32mSave 270ce07e-d1a3-4066-838a-00b184664b67(uuid6929)
сент. 19, 2025 6:42:50 PM webapp.storage.AbstractStorage save
INFO: &amp#27;[32mSave d13ba05c-cce1-45be-9016-939af59a07cd(uuid6930)
сент. 19, 2025 6:42:50 PM webapp.storage.AbstractStorage save
INFO: &amp#27;[32mSave 934c0d18-e637-428d-a386-2d8121dae2df(uuid6931)
сент. 19, 2025 6:42:50 PM webapp.storage.AbstractStorage save
INFO: &amp#27;[32mSave 444fc177-7341-476f-8d5f-ec0369ecada7(uuid6932)
сент. 19, 2025 6:42:50 PM webapp.storage.AbstractStorage save
INFO: &amp#27;[32mSave fdea2169-f05b-437f-9d17-0043e8431c30(uuid6933)
сент. 19, 2025 6:42:50 PM webapp.storage.AbstractStorage save
INFO: &amp#27;[32mSave 8f73a05a-f32d-4732-a685-d754f2b12b43(uuid6934)
сент. 19, 2025 6:42:50 PM webapp.storage.AbstractStorage save
INFO: &amp#27;[32mSave 884b810d-9e87-4428-b7ad-cf84f69f887a(uuid6935)
сент. 19, 2025 6:42:50 PM webapp.storage.AbstractStorage save
INFO: &amp#27;[32mSave 3f63e1f4-ee0f-4668-b5bb-970c3052575f(uuid6936)
сент. 19, 2025 6:42:50 PM webapp.storage.AbstractStorage save
INFO: &amp#27;[32mSave 9be5be6d-a297-4bb1-957c-1667b7105cde(uuid6937)
сент. 19, 2025 6:42:50 PM webapp.storage.AbstractStorage save
INFO: &amp#27;[32mSave 05875212-8637-4dee-889e-d0616619b8e0(uuid6938)
сент. 19, 2025 6:42:50 PM webapp.storage.AbstractStorage save
INFO: &amp#27;[32mSave d7afcd81-1c53-49a5-8ec8-b7e04b06c076(uuid6939)
сент. 19, 2025 6:42:50 PM webapp.storage.AbstractStorage save
INFO: &amp#27;[32mSave 872133e2-4f68-4a3b-9f7d-3f2fff7c4bf1(uuid6940)
сент. 19, 2025 6:42:50 PM webapp.storage.AbstractStorage save
INFO: &amp#27;[32mSave ccb0c105-e159-405f-866f-95376523bdf1(uuid6941)
сент. 19, 2025 6:42:50 PM webapp.storage.AbstractStorage save
INFO: &amp#27;[32mSave 1d4c5c1c-f903-4991-b993-098a7148e42d(uuid6942)
сент. 19, 2025 6:42:50 PM webapp.storage.AbstractStorage save
INFO: &amp#27;[32mSave ab1d3271-302d-4050-baa6-4281d92c173f(uuid6943)
сент. 19, 2025 6:42:50 PM webapp.storage.AbstractStorage save
INFO: &amp#27;[32mSave bb72bad5-a08c-466b-9def-ce402216d8ae(uuid6944)
сент. 19, 2025 6:42:50 PM webapp.storage.AbstractStorage save
INFO: &amp#27;[32mSave c4703c4f-1d4e-45a8-97af-3dfcba44908e(uuid6945)
сент. 19, 2025 6:42:50 PM webapp.storage.AbstractStorage save
INFO: &amp#27;[32mSave f57261d5-b9bc-424e-8112-0f9dc7b8e904(uuid6946)
сент. 19, 2025 6:42:50 PM webapp.storage.AbstractStorage save
INFO: &amp#27;[32mSave 98313ece-9d4c-4fcf-8614-2e0f9054aa6d(uuid6947)
сент. 19, 2025 6:42:50 PM webapp.storage.AbstractStorage save
INFO: &amp#27;[32mSave 86c3a6ea-7e50-4a6c-b9cb-2be95d10d331(uuid6948)
сент. 19, 2025 6:42:50 PM webapp.storage.AbstractStorage save
INFO: &amp#27;[32mSave 1120752f-cc36-44b9-bc3a-48b870f99fc3(uuid6949)
сент. 19, 2025 6:42:50 PM webapp.storage.AbstractStorage save
INFO: &amp#27;[32mSave 4147010f-d464-4934-8d65-1a79918e374c(uuid6950)
сент. 19, 2025 6:42:50 PM webapp.storage.AbstractStorage save
INFO: &amp#27;[32mSave 99883285-f111-4446-a684-ea6f21ece8c9(uuid6951)
сент. 19, 2025 6:42:50 PM webapp.storage.AbstractStorage save
INFO: &amp#27;[32mSave 41e14a79-9bad-41a3-87f9-fba6584cbdb8(uuid6952)
сент. 19, 2025 6:42:50 PM webapp.storage.AbstractStorage save
INFO: &amp#27;[32mSave 913a6f60-a976-4365-9902-e65dd5c68371(uuid6953)
сент. 19, 2025 6:42:50 PM webapp.storage.AbstractStorage save
INFO: &amp#27;[32mSave 4e8dde7a-53b4-4223-9090-4854006f9b00(uuid6954)
сент. 19, 2025 6:42:50 PM webapp.storage.AbstractStorage save
INFO: &amp#27;[32mSave 34d330ad-5008-4fcf-9cd2-59d0174b9925(uuid6955)
сент. 19, 2025 6:42:50 PM webapp.storage.AbstractStorage save
INFO: &amp#27;[32mSave 129da41f-c096-48df-87fb-e23f3c5b7653(uuid6956)
сент. 19, 2025 6:42:50 PM webapp.storage.AbstractStorage save
INFO: &amp#27;[32mSave b9254532-2629-4918-a188-13eb84a386cc(uuid6957)
сент. 19, 2025 6:42:50 PM webapp.storage.AbstractStorage save
INFO: &amp#27;[32mSave 61278227-ad31-4b02-b2c4-a71c6781aabd(uuid6958)
сент. 19, 2025 6:42:50 PM webapp.storage.AbstractStorage save
INFO: &amp#27;[32mSave b0d28e04-2938-433a-952e-d3e76708353d(uuid6959)
сент. 19, 2025 6:42:50 PM webapp.storage.AbstractStorage save
INFO: &amp#27;[32mSave 4dd06f87-ae86-40fa-8c6e-ee711080c64e(uuid6960)
сент. 19, 2025 6:42:50 PM webapp.storage.AbstractStorage save
INFO: &amp#27;[32mSave ae144ecc-288f-4698-b893-f4918750ec35(uuid6961)
сент. 19, 2025 6:42:50 PM webapp.storage.AbstractStorage save
INFO: &amp#27;[32mSave 807d4636-db82-4e31-8ecc-3ce96bfead11(uuid6962)
сент. 19, 2025 6:42:50 PM webapp.storage.AbstractStorage save
INFO: &amp#27;[32mSave 0dd5a282-3388-42e1-8792-b75f39723aaa(uuid6963)
сент. 19, 2025 6:42:50 PM webapp.storage.AbstractStorage save
INFO: &amp#27;[32mSave 3f606eed-8532-4693-86d8-8ddc9f39943a(uuid6964)
сент. 19, 2025 6:42:50 PM webapp.storage.AbstractStorage save
INFO: &amp#27;[32mSave 14dbc134-159d-4bc2-b48d-7e16a3033fdb(uuid6965)
сент. 19, 2025 6:42:50 PM webapp.storage.AbstractStorage save
INFO: &amp#27;[32mSave 032f69c3-4758-4534-bc2c-20f6235e4e3f(uuid6966)
сент. 19, 2025 6:42:50 PM webapp.storage.AbstractStorage save
INFO: &amp#27;[32mSave 43ca2533-1026-4dc5-8ca3-22a9a1adbed5(uuid6967)
сент. 19, 2025 6:42:50 PM webapp.storage.AbstractStorage save
INFO: &amp#27;[32mSave e6d7355d-cee7-4a3b-869d-c44ec1f5c6cd(uuid6968)
сент. 19, 2025 6:42:50 PM webapp.storage.AbstractStorage save
INFO: &amp#27;[32mSave 522513c0-3571-4f9d-ba34-e6b15a24ca27(uuid6969)
сент. 19, 2025 6:42:50 PM webapp.storage.AbstractStorage save
INFO: &amp#27;[32mSave 561780c1-ede4-47c3-af8b-f35881cca9ae(uuid6970)
сент. 19, 2025 6:42:50 PM webapp.storage.AbstractStorage save
INFO: &amp#27;[32mSave acda332f-7dbb-496b-8e65-431c3800c0f7(uuid6971)
сент. 19, 2025 6:42:50 PM webapp.storage.AbstractStorage save
INFO: &amp#27;[32mSave 901bacf0-bb90-4ee5-91f4-101ddb58032c(uuid6972)
сент. 19, 2025 6:42:50 PM webapp.storage.AbstractStorage save
INFO: &amp#27;[32mSave 803962e4-1538-49a6-8acb-a92fff316f71(uuid6973)
сент. 19, 2025 6:42:50 PM webapp.storage.AbstractStorage save
INFO: &amp#27;[32mSave ad6bb294-c0a9-4a14-9caa-971a6a253d8d(uuid6974)
сент. 19, 2025 6:42:50 PM webapp.storage.AbstractStorage save
INFO: &amp#27;[32mSave 0df5eb83-ca82-4d72-aba2-6dd15ba1211d(uuid6975)
сент. 19, 2025 6:42:50 PM webapp.storage.AbstractStorage save
INFO: &amp#27;[32mSave becd4b49-e147-41c9-95de-aba874fc2d2c(uuid6976)
сент. 19, 2025 6:42:50 PM webapp.storage.AbstractStorage save
INFO: &amp#27;[32mSave eb4b1a04-0bfe-4b8b-b3e0-57281caf0466(uuid6977)
сент. 19, 2025 6:42:50 PM webapp.storage.AbstractStorage save
INFO: &amp#27;[32mSave efdce278-8a3f-4b7d-8572-db15d14f42e8(uuid6978)
сент. 19, 2025 6:42:50 PM webapp.storage.AbstractStorage save
INFO: &amp#27;[32mSave 5c29f4ef-a1a7-4885-a249-b99a693a6879(uuid6979)
сент. 19, 2025 6:42:50 PM webapp.storage.AbstractStorage save
INFO: &amp#27;[32mSave f0d9bae7-256d-4507-9137-41c4fbc975a6(uuid6980)
сент. 19, 2025 6:42:50 PM webapp.storage.AbstractStorage save
INFO: &amp#27;[32mSave 7a10b845-6700-4c1c-817d-cb3d2e31b60a(uuid6981)
сент. 19, 2025 6:42:50 PM webapp.storage.AbstractStorage save
INFO: &amp#27;[32mSave 103609b4-78fb-4f3e-bca5-a5168b82dc1f(uuid6982)
сент. 19, 2025 6:42:50 PM webapp.storage.AbstractStorage save
INFO: &amp#27;[32mSave a37e0072-e39c-460f-b48a-f4b890c45368(uuid6983)
сент. 19, 2025 6:42:50 PM webapp.storage.AbstractStorage save
INFO: &amp#27;[32mSave 9bfda5cc-bb35-4c9a-9b24-e526d0077e3c(uuid6984)
сент. 19, 2025 6:42:50 PM webapp.storage.AbstractStorage save
INFO: &amp#27;[32mSave 909ef9b6-48fa-411a-88a3-1af09865a3c4(uuid6985)
сент. 19, 2025 6:42:50 PM webapp.storage.AbstractStorage save
INFO: &amp#27;[32mSave 9baffd61-acd7-4b34-9855-bb084d8bb147(uuid6986)
сент. 19, 2025 6:42:50 PM webapp.storage.AbstractStorage save
INFO: &amp#27;[32mSave cdcb21bf-97d4-4441-913d-9eb27e884525(uuid6987)
сент. 19, 2025 6:42:50 PM webapp.storage.AbstractStorage save
INFO: &amp#27;[32mSave 1bbafe57-f8a1-4b0a-9e1d-b98dcbd8e2b1(uuid6988)
сент. 19, 2025 6:42:50 PM webapp.storage.AbstractStorage save
INFO: &amp#27;[32mSave 44f1b31a-aa99-48da-a2cb-0ab1b4646331(uuid6989)
сент. 19, 2025 6:42:50 PM webapp.storage.AbstractStorage save
INFO: &amp#27;[32mSave ba23c35b-0ed7-48a7-97b8-67869cfe025a(uuid6990)
сент. 19, 2025 6:42:50 PM webapp.storage.AbstractStorage save
INFO: &amp#27;[32mSave af227b63-5410-49ce-a64e-5c12d1697444(uuid6991)
сент. 19, 2025 6:42:50 PM webapp.storage.AbstractStorage save
INFO: &amp#27;[32mSave b3932613-1fdd-4214-91e2-f30d778370bb(uuid6992)
сент. 19, 2025 6:42:50 PM webapp.storage.AbstractStorage save
INFO: &amp#27;[32mSave 24e563ef-2d25-424d-b76e-75d5bace181f(uuid6993)
сент. 19, 2025 6:42:50 PM webapp.storage.AbstractStorage save
INFO: &amp#27;[32mSave ee93b604-f1d2-4932-b3e8-0ee6ce283220(uuid6994)
сент. 19, 2025 6:42:50 PM webapp.storage.AbstractStorage save
INFO: &amp#27;[32mSave 581af1d0-6cdf-48a1-a2e4-ada86039e4fc(uuid6995)
сент. 19, 2025 6:42:50 PM webapp.storage.AbstractStorage save
INFO: &amp#27;[32mSave a2958cde-1667-4f96-a77d-a497f0b06aaf(uuid6996)
сент. 19, 2025 6:42:50 PM webapp.storage.AbstractStorage save
INFO: &amp#27;[32mSave 2a36a53d-6eb4-44be-8669-3c7282151b13(uuid6997)
сент. 19, 2025 6:42:50 PM webapp.storage.AbstractStorage save
INFO: &amp#27;[32mSave 807cc482-e197-44b3-ad9a-027adec89864(uuid6998)
сент. 19, 2025 6:42:50 PM webapp.storage.AbstractStorage save
INFO: &amp#27;[32mSave e1491470-1c1b-4667-ab8c-3e462e7d23a4(uuid6999)
сент. 19, 2025 6:42:50 PM webapp.storage.AbstractStorage save
INFO: &amp#27;[32mSave 113e4827-fa0f-4e8d-b471-b7d48e0dc605(uuid7000)
сент. 19, 2025 6:42:50 PM webapp.storage.AbstractStorage save
INFO: &amp#27;[32mSave 9fe8ce32-cff8-4964-8930-d654bf93ab4b(uuid7001)
сент. 19, 2025 6:42:50 PM webapp.storage.AbstractStorage save
INFO: &amp#27;[32mSave 4e0ca5dd-9a3d-4145-9d77-d0b21d9de339(uuid7002)
сент. 19, 2025 6:42:50 PM webapp.storage.AbstractStorage save
INFO: &amp#27;[32mSave 37d6f388-5434-4fe0-916b-e00defb2838e(uuid7003)
сент. 19, 2025 6:42:50 PM webapp.storage.AbstractStorage save
INFO: &amp#27;[32mSave d0db844d-e26c-40e8-a63f-314f9b6fab0b(uuid7004)
сент. 19, 2025 6:42:50 PM webapp.storage.AbstractStorage save
INFO: &amp#27;[32mSave eb68c30e-7e43-45a4-94cc-6e3ed147998e(uuid7005)
сент. 19, 2025 6:42:50 PM webapp.storage.AbstractStorage save
INFO: &amp#27;[32mSave 61780722-295a-499f-8dfb-9a8ca1378fe5(uuid7006)
сент. 19, 2025 6:42:50 PM webapp.storage.AbstractStorage save
INFO: &amp#27;[32mSave 304f2c29-c37f-497e-ab17-0efc91e1e375(uuid7007)
сент. 19, 2025 6:42:50 PM webapp.storage.AbstractStorage save
INFO: &amp#27;[32mSave bb5734eb-555c-4a3a-b199-25629a0ec84e(uuid7008)
сент. 19, 2025 6:42:50 PM webapp.storage.AbstractStorage save
INFO: &amp#27;[32mSave 85dbd63c-7004-4b61-a282-aa49317d94a8(uuid7009)
сент. 19, 2025 6:42:50 PM webapp.storage.AbstractStorage save
INFO: &amp#27;[32mSave 38539f65-e698-4e26-98ab-445a4b502938(uuid7010)
сент. 19, 2025 6:42:50 PM webapp.storage.AbstractStorage save
INFO: &amp#27;[32mSave d4d46e17-04b2-4b60-b22e-568ec2d2fde7(uuid7011)
сент. 19, 2025 6:42:50 PM webapp.storage.AbstractStorage save
INFO: &amp#27;[32mSave 5ae7c8a4-e270-4c5c-90fd-7dcad7b9b51e(uuid7012)
сент. 19, 2025 6:42:50 PM webapp.storage.AbstractStorage save
INFO: &amp#27;[32mSave d8bf44c5-a2dc-4442-8384-c9e3efb2da2d(uuid7013)
сент. 19, 2025 6:42:50 PM webapp.storage.AbstractStorage save
INFO: &amp#27;[32mSave 468df384-0670-49b2-923c-756485f2f82c(uuid7014)
сент. 19, 2025 6:42:50 PM webapp.storage.AbstractStorage save
INFO: &amp#27;[32mSave 241c623b-5026-4a73-88f6-398629d2707a(uuid7015)
сент. 19, 2025 6:42:50 PM webapp.storage.AbstractStorage save
INFO: &amp#27;[32mSave 3d80edc9-20c9-4c2a-a991-9e898dba33e5(uuid7016)
сент. 19, 2025 6:42:50 PM webapp.storage.AbstractStorage save
INFO: &amp#27;[32mSave f5a42e68-7358-4708-a213-bcb00e449df3(uuid7017)
сент. 19, 2025 6:42:50 PM webapp.storage.AbstractStorage save
INFO: &amp#27;[32mSave d8a913ea-c71a-4342-bed2-e2e71c5c88d7(uuid7018)
сент. 19, 2025 6:42:50 PM webapp.storage.AbstractStorage save
INFO: &amp#27;[32mSave 4bdb0ae5-8760-4de4-9d55-89c00d049282(uuid7019)
сент. 19, 2025 6:42:50 PM webapp.storage.AbstractStorage save
INFO: &amp#27;[32mSave 83658f53-abb1-4528-b4cd-fa8745a3c18d(uuid7020)
сент. 19, 2025 6:42:50 PM webapp.storage.AbstractStorage save
INFO: &amp#27;[32mSave 0da10813-1884-4edc-9f9a-91fe37af7352(uuid7021)
сент. 19, 2025 6:42:50 PM webapp.storage.AbstractStorage save
INFO: &amp#27;[32mSave 8e5365c0-9fd3-4829-9973-3ebf74489884(uuid7022)
сент. 19, 2025 6:42:50 PM webapp.storage.AbstractStorage save
INFO: &amp#27;[32mSave 1114757e-4ac8-471b-9255-8cdf1ad4d976(uuid7023)
сент. 19, 2025 6:42:50 PM webapp.storage.AbstractStorage save
INFO: &amp#27;[32mSave f61b119f-ba65-4958-b34c-dbab9163b191(uuid7024)
сент. 19, 2025 6:42:50 PM webapp.storage.AbstractStorage save
INFO: &amp#27;[32mSave 61b94e27-41ae-46c8-9b2e-f9b585bec3d8(uuid7025)
сент. 19, 2025 6:42:50 PM webapp.storage.AbstractStorage save
INFO: &amp#27;[32mSave 2f235dab-8c87-4997-976e-62e8b02913e3(uuid7026)
сент. 19, 2025 6:42:50 PM webapp.storage.AbstractStorage save
INFO: &amp#27;[32mSave ea096594-e269-4942-8901-05f7e05dfe54(uuid7027)
сент. 19, 2025 6:42:50 PM webapp.storage.AbstractStorage save
INFO: &amp#27;[32mSave b8620883-1c4e-4a96-888a-4f1756786558(uuid7028)
сент. 19, 2025 6:42:50 PM webapp.storage.AbstractStorage save
INFO: &amp#27;[32mSave 6ce799c5-a150-49df-9e35-c52d45273785(uuid7029)
сент. 19, 2025 6:42:50 PM webapp.storage.AbstractStorage save
INFO: &amp#27;[32mSave 2eb057e7-f2f4-4e87-be9c-c7e8356b128f(uuid7030)
сент. 19, 2025 6:42:50 PM webapp.storage.AbstractStorage save
INFO: &amp#27;[32mSave 2128c1b1-1dcd-4b54-b119-cfd94950a144(uuid7031)
сент. 19, 2025 6:42:50 PM webapp.storage.AbstractStorage save
INFO: &amp#27;[32mSave 11f688c7-b0fd-4900-b7af-c82e95c43b1f(uuid7032)
сент. 19, 2025 6:42:50 PM webapp.storage.AbstractStorage save
INFO: &amp#27;[32mSave 83266bf3-b81f-488a-8dce-85fd90d9550c(uuid7033)
сент. 19, 2025 6:42:50 PM webapp.storage.AbstractStorage save
INFO: &amp#27;[32mSave be4b041d-3e13-4c84-966b-7cfe4c0a7a60(uuid7034)
сент. 19, 2025 6:42:50 PM webapp.storage.AbstractStorage save
INFO: &amp#27;[32mSave a9b31980-b4b7-4ec6-9a64-a7981a39869d(uuid7035)
сент. 19, 2025 6:42:50 PM webapp.storage.AbstractStorage save
INFO: &amp#27;[32mSave c635b9e3-d786-4455-8a0a-be0bdb7f504c(uuid7036)
сент. 19, 2025 6:42:50 PM webapp.storage.AbstractStorage save
INFO: &amp#27;[32mSave 8e0900b4-f0da-4c6b-ae81-556fb4ff0f8c(uuid7037)
сент. 19, 2025 6:42:50 PM webapp.storage.AbstractStorage save
INFO: &amp#27;[32mSave 8ae9856f-769b-43b2-af5e-659a6d0f2a05(uuid7038)
сент. 19, 2025 6:42:50 PM webapp.storage.AbstractStorage save
INFO: &amp#27;[32mSave af9db5ce-0eba-4891-b4ab-3de8b23a74a6(uuid7039)
сент. 19, 2025 6:42:50 PM webapp.storage.AbstractStorage save
INFO: &amp#27;[32mSave 86ebe4d4-42a4-4493-ac4d-22da0cfb2f00(uuid7040)
сент. 19, 2025 6:42:50 PM webapp.storage.AbstractStorage save
INFO: &amp#27;[32mSave 4f82904d-f2a5-4781-bcb6-09dd58739af3(uuid7041)
сент. 19, 2025 6:42:50 PM webapp.storage.AbstractStorage save
INFO: &amp#27;[32mSave 557bf1a0-24c8-48b1-af68-8563b24ad4ff(uuid7042)
сент. 19, 2025 6:42:50 PM webapp.storage.AbstractStorage save
INFO: &amp#27;[32mSave 44c10563-2836-45e5-a0d7-1bd0ff034cb9(uuid7043)
сент. 19, 2025 6:42:50 PM webapp.storage.AbstractStorage save
INFO: &amp#27;[32mSave 8fde3f82-c3c2-4cfc-a1b9-fe02948a0170(uuid7044)
сент. 19, 2025 6:42:50 PM webapp.storage.AbstractStorage save
INFO: &amp#27;[32mSave 62b1005a-834c-4d72-a6ba-87fdf52966ca(uuid7045)
сент. 19, 2025 6:42:50 PM webapp.storage.AbstractStorage save
INFO: &amp#27;[32mSave bd55bf9b-4f92-4816-bcb6-7f796fe1cbae(uuid7046)
сент. 19, 2025 6:42:50 PM webapp.storage.AbstractStorage save
INFO: &amp#27;[32mSave 388e8e35-3413-4bfe-9987-1cc23a61ebac(uuid7047)
сент. 19, 2025 6:42:50 PM webapp.storage.AbstractStorage save
INFO: &amp#27;[32mSave 8f91132b-45a2-4b53-b26f-572894fd042e(uuid7048)
сент. 19, 2025 6:42:50 PM webapp.storage.AbstractStorage save
INFO: &amp#27;[32mSave ac680c29-2181-430a-82e7-e63cfd48f7c4(uuid7049)
сент. 19, 2025 6:42:50 PM webapp.storage.AbstractStorage save
INFO: &amp#27;[32mSave 8529477d-5407-40d1-a158-1b720aac40a9(uuid7050)
сент. 19, 2025 6:42:50 PM webapp.storage.AbstractStorage save
INFO: &amp#27;[32mSave a43c411a-13da-4e0a-a293-120e51772461(uuid7051)
сент. 19, 2025 6:42:50 PM webapp.storage.AbstractStorage save
INFO: &amp#27;[32mSave 4b39b3e4-90d2-428e-99e7-074d88993f57(uuid7052)
сент. 19, 2025 6:42:50 PM webapp.storage.AbstractStorage save
INFO: &amp#27;[32mSave 0dd0d322-776e-4448-bf6b-c3da1f8d27ba(uuid7053)
сент. 19, 2025 6:42:50 PM webapp.storage.AbstractStorage save
INFO: &amp#27;[32mSave c110a773-4cd6-429a-b73c-ff4000baa8d5(uuid7054)
сент. 19, 2025 6:42:50 PM webapp.storage.AbstractStorage save
INFO: &amp#27;[32mSave 1bb5c75d-1d6b-442f-b401-12fcd4dd4fa4(uuid7055)
сент. 19, 2025 6:42:50 PM webapp.storage.AbstractStorage save
INFO: &amp#27;[32mSave 1f6ebb58-fd88-4092-9b40-c1b3f60d1b0d(uuid7056)
сент. 19, 2025 6:42:50 PM webapp.storage.AbstractStorage save
INFO: &amp#27;[32mSave 4ac596aa-a29c-440f-b81f-90b807adc823(uuid7057)
сент. 19, 2025 6:42:50 PM webapp.storage.AbstractStorage save
INFO: &amp#27;[32mSave 4b0d7cdc-d7ce-4762-a963-fbb6cd76043e(uuid7058)
сент. 19, 2025 6:42:50 PM webapp.storage.AbstractStorage save
INFO: &amp#27;[32mSave 0ac59beb-8601-4862-a9b2-c84004000c48(uuid7059)
сент. 19, 2025 6:42:50 PM webapp.storage.AbstractStorage save
INFO: &amp#27;[32mSave af7a8d03-4fe0-4d69-add0-eb43b232e6e0(uuid7060)
сент. 19, 2025 6:42:50 PM webapp.storage.AbstractStorage save
INFO: &amp#27;[32mSave 02fa074f-37d4-49b2-8fdf-8df15b872f81(uuid7061)
сент. 19, 2025 6:42:50 PM webapp.storage.AbstractStorage save
INFO: &amp#27;[32mSave 799f300d-36fe-4e60-af90-72a0183aec6b(uuid7062)
сент. 19, 2025 6:42:50 PM webapp.storage.AbstractStorage save
INFO: &amp#27;[32mSave 19c9de8b-99fd-488b-885c-0653a4ae7ec0(uuid7063)
сент. 19, 2025 6:42:50 PM webapp.storage.AbstractStorage save
INFO: &amp#27;[32mSave 58413839-1bb2-47ac-b8bf-9eca4a4fc6ea(uuid7064)
сент. 19, 2025 6:42:50 PM webapp.storage.AbstractStorage save
INFO: &amp#27;[32mSave 97f70516-389e-4585-aa4f-9548266412e2(uuid7065)
сент. 19, 2025 6:42:50 PM webapp.storage.AbstractStorage save
INFO: &amp#27;[32mSave 882462cf-8111-4066-b011-d29c8c5cc592(uuid7066)
сент. 19, 2025 6:42:50 PM webapp.storage.AbstractStorage save
INFO: &amp#27;[32mSave e00bc456-d37d-423d-aa6b-5615bdbd5b2b(uuid7067)
сент. 19, 2025 6:42:50 PM webapp.storage.AbstractStorage save
INFO: &amp#27;[32mSave cde837fe-c473-45a9-aedc-6cb240d49519(uuid7068)
сент. 19, 2025 6:42:50 PM webapp.storage.AbstractStorage save
INFO: &amp#27;[32mSave d4a1a72c-8e9d-43b7-834f-b4350f979703(uuid7069)
сент. 19, 2025 6:42:50 PM webapp.storage.AbstractStorage save
INFO: &amp#27;[32mSave 61d512db-df83-477b-84a1-c77099366d6e(uuid7070)
сент. 19, 2025 6:42:50 PM webapp.storage.AbstractStorage save
INFO: &amp#27;[32mSave 9215c802-cdf1-4b1b-8ec4-aa36080f738c(uuid7071)
сент. 19, 2025 6:42:50 PM webapp.storage.AbstractStorage save
INFO: &amp#27;[32mSave f52fbf7a-5b17-4778-83d8-b7735ca238bd(uuid7072)
сент. 19, 2025 6:42:50 PM webapp.storage.AbstractStorage save
INFO: &amp#27;[32mSave 8d85983f-97a1-4c8f-ac32-d0ba2caef069(uuid7073)
сент. 19, 2025 6:42:50 PM webapp.storage.AbstractStorage save
INFO: &amp#27;[32mSave 6fb17e51-e01e-4405-a2bb-e1557ea7bbda(uuid7074)
сент. 19, 2025 6:42:50 PM webapp.storage.AbstractStorage save
INFO: &amp#27;[32mSave b24e3b0a-0b34-4822-a481-3e9e71248ad3(uuid7075)
сент. 19, 2025 6:42:50 PM webapp.storage.AbstractStorage save
INFO: &amp#27;[32mSave d838f6f1-94c1-46f7-a5c5-d2293e701fd0(uuid7076)
сент. 19, 2025 6:42:50 PM webapp.storage.AbstractStorage save
INFO: &amp#27;[32mSave 9b0ed041-a091-4771-b249-6681344003c4(uuid7077)
сент. 19, 2025 6:42:50 PM webapp.storage.AbstractStorage save
INFO: &amp#27;[32mSave 1ed91fd4-5ef0-427f-9d93-d4f4334065a1(uuid7078)
сент. 19, 2025 6:42:50 PM webapp.storage.AbstractStorage save
INFO: &amp#27;[32mSave f5cdde64-e85e-47ce-8e65-7e6c8ea93995(uuid7079)
сент. 19, 2025 6:42:50 PM webapp.storage.AbstractStorage save
INFO: &amp#27;[32mSave b4d9ad25-60cb-4d7e-a034-651978ee4a1a(uuid7080)
сент. 19, 2025 6:42:50 PM webapp.storage.AbstractStorage save
INFO: &amp#27;[32mSave 7325eafe-288c-4d1a-9a6b-ace1ff6bb431(uuid7081)
сент. 19, 2025 6:42:50 PM webapp.storage.AbstractStorage save
INFO: &amp#27;[32mSave 54de3fc8-f53e-42f6-8517-3afc4871b139(uuid7082)
сент. 19, 2025 6:42:50 PM webapp.storage.AbstractStorage save
INFO: &amp#27;[32mSave 264adf63-0bd9-40c8-8531-d76d3f9bb6bd(uuid7083)
сент. 19, 2025 6:42:50 PM webapp.storage.AbstractStorage save
INFO: &amp#27;[32mSave 64623d8a-d8e8-42da-a5ce-2bafcb724126(uuid7084)
сент. 19, 2025 6:42:50 PM webapp.storage.AbstractStorage save
INFO: &amp#27;[32mSave a224e475-a78d-43aa-a035-d6efae3e79be(uuid7085)
сент. 19, 2025 6:42:50 PM webapp.storage.AbstractStorage save
INFO: &amp#27;[32mSave c9a1278d-155f-437a-80ed-83085f82d58f(uuid7086)
сент. 19, 2025 6:42:50 PM webapp.storage.AbstractStorage save
INFO: &amp#27;[32mSave 12013940-d253-415a-8c6f-4e5e379a103c(uuid7087)
сент. 19, 2025 6:42:50 PM webapp.storage.AbstractStorage save
INFO: &amp#27;[32mSave 0393b657-acfe-4bbe-8a88-6196ad52328b(uuid7088)
сент. 19, 2025 6:42:50 PM webapp.storage.AbstractStorage save
INFO: &amp#27;[32mSave d4d9a82e-4dde-486d-a5da-d6031bd550f2(uuid7089)
сент. 19, 2025 6:42:50 PM webapp.storage.AbstractStorage save
INFO: &amp#27;[32mSave 42279dec-508a-4318-b95a-8165f19dbfb5(uuid7090)
сент. 19, 2025 6:42:50 PM webapp.storage.AbstractStorage save
INFO: &amp#27;[32mSave a3a4e446-ee4e-481e-a16d-bd6d19b46a9b(uuid7091)
сент. 19, 2025 6:42:50 PM webapp.storage.AbstractStorage save
INFO: &amp#27;[32mSave eb8a6083-ce37-4211-a682-1fe94576a6d5(uuid7092)
сент. 19, 2025 6:42:50 PM webapp.storage.AbstractStorage save
INFO: &amp#27;[32mSave 50a56480-c6cd-4ef0-92eb-e3c5d80c3c87(uuid7093)
сент. 19, 2025 6:42:50 PM webapp.storage.AbstractStorage save
INFO: &amp#27;[32mSave 5cb6a392-076b-4b3f-842f-7ad07df4c901(uuid7094)
сент. 19, 2025 6:42:50 PM webapp.storage.AbstractStorage save
INFO: &amp#27;[32mSave 8a120af1-973e-440d-a962-382b7033ce9c(uuid7095)
сент. 19, 2025 6:42:50 PM webapp.storage.AbstractStorage save
INFO: &amp#27;[32mSave 77b0174f-21f5-4ec1-9d6a-3983f4df175a(uuid7096)
сент. 19, 2025 6:42:50 PM webapp.storage.AbstractStorage save
INFO: &amp#27;[32mSave ccfa9dee-eadd-4d62-9abe-9dc7008eb37a(uuid7097)
сент. 19, 2025 6:42:50 PM webapp.storage.AbstractStorage save
INFO: &amp#27;[32mSave 5f0ff7e8-4045-46bf-a31b-c23a4f4fa1dc(uuid7098)
сент. 19, 2025 6:42:50 PM webapp.storage.AbstractStorage save
INFO: &amp#27;[32mSave eba10c48-987c-41aa-bcb9-bdba44d0d175(uuid7099)
сент. 19, 2025 6:42:50 PM webapp.storage.AbstractStorage save
INFO: &amp#27;[32mSave 20abead6-300b-4fc2-8c2c-207419e4e04f(uuid7100)
сент. 19, 2025 6:42:50 PM webapp.storage.AbstractStorage save
INFO: &amp#27;[32mSave 1641d319-c4f3-4e90-a050-5fde10cddb6d(uuid7101)
сент. 19, 2025 6:42:50 PM webapp.storage.AbstractStorage save
INFO: &amp#27;[32mSave e1eb90aa-13db-4a82-8193-cfd4712aa751(uuid7102)
сент. 19, 2025 6:42:50 PM webapp.storage.AbstractStorage save
INFO: &amp#27;[32mSave df8fc5f7-8f6a-4a1f-bb36-8d7c33895ab5(uuid7103)
сент. 19, 2025 6:42:50 PM webapp.storage.AbstractStorage save
INFO: &amp#27;[32mSave 160098ba-ea18-49d0-9fd3-98bb386f9149(uuid7104)
сент. 19, 2025 6:42:50 PM webapp.storage.AbstractStorage save
INFO: &amp#27;[32mSave 3bdbe952-21f3-44ea-b070-050723f1653f(uuid7105)
сент. 19, 2025 6:42:50 PM webapp.storage.AbstractStorage save
INFO: &amp#27;[32mSave 2fa4cee7-c830-42d0-ab04-4919127fd9c0(uuid7106)
сент. 19, 2025 6:42:50 PM webapp.storage.AbstractStorage save
INFO: &amp#27;[32mSave 67a7433a-5a5e-4faa-8f42-e5d9d4b2a5d8(uuid7107)
сент. 19, 2025 6:42:50 PM webapp.storage.AbstractStorage save
INFO: &amp#27;[32mSave 9a05f8a5-0367-4687-8353-49a804ff8fce(uuid7108)
сент. 19, 2025 6:42:50 PM webapp.storage.AbstractStorage save
INFO: &amp#27;[32mSave cea839a1-f54f-4c18-9222-506bb2e9e295(uuid7109)
сент. 19, 2025 6:42:50 PM webapp.storage.AbstractStorage save
INFO: &amp#27;[32mSave 444a4493-5efe-4bbd-ae7a-9d6827b3991c(uuid7110)
сент. 19, 2025 6:42:50 PM webapp.storage.AbstractStorage save
INFO: &amp#27;[32mSave b517a208-3c9c-4f7a-8552-69968a679070(uuid7111)
сент. 19, 2025 6:42:50 PM webapp.storage.AbstractStorage save
INFO: &amp#27;[32mSave bb5c05e9-80a0-4337-8f91-ed5140c07033(uuid7112)
сент. 19, 2025 6:42:50 PM webapp.storage.AbstractStorage save
INFO: &amp#27;[32mSave 7bef2919-866c-4f4e-8977-8682862e6884(uuid7113)
сент. 19, 2025 6:42:50 PM webapp.storage.AbstractStorage save
INFO: &amp#27;[32mSave 1112e761-31c2-4ac2-a5f0-08379fc024b4(uuid7114)
сент. 19, 2025 6:42:50 PM webapp.storage.AbstractStorage save
INFO: &amp#27;[32mSave 9e9534e3-fe08-4399-96a1-5e770127accd(uuid7115)
сент. 19, 2025 6:42:50 PM webapp.storage.AbstractStorage save
INFO: &amp#27;[32mSave bef0740d-10bf-4282-92ea-cc1411516532(uuid7116)
сент. 19, 2025 6:42:50 PM webapp.storage.AbstractStorage save
INFO: &amp#27;[32mSave 83eec875-35d1-48d3-82a6-b43eb7a7b191(uuid7117)
сент. 19, 2025 6:42:50 PM webapp.storage.AbstractStorage save
INFO: &amp#27;[32mSave 28de3a58-08fa-4af6-b423-b66a041ad97a(uuid7118)
сент. 19, 2025 6:42:50 PM webapp.storage.AbstractStorage save
INFO: &amp#27;[32mSave 78f04a5d-089b-49ca-8790-ac77c3085444(uuid7119)
сент. 19, 2025 6:42:50 PM webapp.storage.AbstractStorage save
INFO: &amp#27;[32mSave 385ac88d-62c4-4ec5-a107-bde810d2f0d4(uuid7120)
сент. 19, 2025 6:42:50 PM webapp.storage.AbstractStorage save
INFO: &amp#27;[32mSave 30da50f3-3f59-44f6-be87-bd3c0428c8cb(uuid7121)
сент. 19, 2025 6:42:50 PM webapp.storage.AbstractStorage save
INFO: &amp#27;[32mSave cfba3de4-3f5e-4558-a6b7-5984eada2a8b(uuid7122)
сент. 19, 2025 6:42:50 PM webapp.storage.AbstractStorage save
INFO: &amp#27;[32mSave ca51e0ac-84db-4d69-a364-605619ba89a6(uuid7123)
сент. 19, 2025 6:42:50 PM webapp.storage.AbstractStorage save
INFO: &amp#27;[32mSave b796f7be-e088-460b-b956-d1d6922a1ea9(uuid7124)
сент. 19, 2025 6:42:50 PM webapp.storage.AbstractStorage save
INFO: &amp#27;[32mSave b6ea091b-16ba-4165-9b20-999452799515(uuid7125)
сент. 19, 2025 6:42:50 PM webapp.storage.AbstractStorage save
INFO: &amp#27;[32mSave 3ae3243d-9888-4af7-ad84-a55ae579bb71(uuid7126)
сент. 19, 2025 6:42:50 PM webapp.storage.AbstractStorage save
INFO: &amp#27;[32mSave 8fff685b-69ef-4554-99a3-49c8b99ae4e9(uuid7127)
сент. 19, 2025 6:42:50 PM webapp.storage.AbstractStorage save
INFO: &amp#27;[32mSave 0d60b500-a585-4574-ad73-6f570981c4e5(uuid7128)
сент. 19, 2025 6:42:50 PM webapp.storage.AbstractStorage save
INFO: &amp#27;[32mSave 91a16c77-dd53-4aec-a86a-834f85bac9f9(uuid7129)
сент. 19, 2025 6:42:50 PM webapp.storage.AbstractStorage save
INFO: &amp#27;[32mSave 7938c06a-cdb1-4e8e-aa4a-bedf9898fe2f(uuid7130)
сент. 19, 2025 6:42:50 PM webapp.storage.AbstractStorage save
INFO: &amp#27;[32mSave 4811de32-1f39-4b94-9e50-a5e0b823c973(uuid7131)
сент. 19, 2025 6:42:50 PM webapp.storage.AbstractStorage save
INFO: &amp#27;[32mSave ffb8fa63-5ea0-40ec-a836-e6475308f04e(uuid7132)
сент. 19, 2025 6:42:50 PM webapp.storage.AbstractStorage save
INFO: &amp#27;[32mSave 3e80a39d-70bb-4cc1-9b5e-2f89b287753a(uuid7133)
сент. 19, 2025 6:42:50 PM webapp.storage.AbstractStorage save
INFO: &amp#27;[32mSave 39e420bb-3d21-4a39-8eaa-cfb583504338(uuid7134)
сент. 19, 2025 6:42:50 PM webapp.storage.AbstractStorage save
INFO: &amp#27;[32mSave fad048f9-c224-43fd-a992-d1762849cf02(uuid7135)
сент. 19, 2025 6:42:50 PM webapp.storage.AbstractStorage save
INFO: &amp#27;[32mSave 858423ae-6fdd-4eaf-a59d-6b43ce6da3df(uuid7136)
сент. 19, 2025 6:42:50 PM webapp.storage.AbstractStorage save
INFO: &amp#27;[32mSave f4022647-b9a8-4b34-9626-23e5741645f8(uuid7137)
сент. 19, 2025 6:42:50 PM webapp.storage.AbstractStorage save
INFO: &amp#27;[32mSave fe80c072-7b7b-433a-a19d-36c044dad589(uuid7138)
сент. 19, 2025 6:42:50 PM webapp.storage.AbstractStorage save
INFO: &amp#27;[32mSave 9d597b6f-1a10-4584-920d-f98db69b3734(uuid7139)
сент. 19, 2025 6:42:50 PM webapp.storage.AbstractStorage save
INFO: &amp#27;[32mSave 1e8f4715-ac4e-4721-830f-d777ff332b3b(uuid7140)
сент. 19, 2025 6:42:50 PM webapp.storage.AbstractStorage save
INFO: &amp#27;[32mSave f1befa93-d46f-4c7d-a286-11c2b03b47b7(uuid7141)
сент. 19, 2025 6:42:50 PM webapp.storage.AbstractStorage save
INFO: &amp#27;[32mSave 31b6152d-379b-4d47-a25a-60787fe1976f(uuid7142)
сент. 19, 2025 6:42:50 PM webapp.storage.AbstractStorage save
INFO: &amp#27;[32mSave 4a8de4fe-e1cb-47b6-9137-eebf9e73d573(uuid7143)
сент. 19, 2025 6:42:50 PM webapp.storage.AbstractStorage save
INFO: &amp#27;[32mSave d963dca1-3acf-40e8-ba70-2822173fde18(uuid7144)
сент. 19, 2025 6:42:50 PM webapp.storage.AbstractStorage save
INFO: &amp#27;[32mSave 939f1c8a-cec9-4991-8760-b635d02d6f95(uuid7145)
сент. 19, 2025 6:42:50 PM webapp.storage.AbstractStorage save
INFO: &amp#27;[32mSave 958e3399-66ff-4cf4-8c91-134203dfbb52(uuid7146)
сент. 19, 2025 6:42:50 PM webapp.storage.AbstractStorage save
INFO: &amp#27;[32mSave effeec6c-bc91-4b07-93f0-7b750d7d26f8(uuid7147)
сент. 19, 2025 6:42:50 PM webapp.storage.AbstractStorage save
INFO: &amp#27;[32mSave e49e568f-f529-4339-9ca7-a66976f7d7e3(uuid7148)
сент. 19, 2025 6:42:50 PM webapp.storage.AbstractStorage save
INFO: &amp#27;[32mSave c80f242b-283d-4a2b-82f9-97171e5e499d(uuid7149)
сент. 19, 2025 6:42:50 PM webapp.storage.AbstractStorage save
INFO: &amp#27;[32mSave 82426756-9f63-4b43-937c-90e79d01dfc5(uuid7150)
сент. 19, 2025 6:42:50 PM webapp.storage.AbstractStorage save
INFO: &amp#27;[32mSave 07b5af3d-96f9-4b06-a2a5-bcf21f15883f(uuid7151)
сент. 19, 2025 6:42:50 PM webapp.storage.AbstractStorage save
INFO: &amp#27;[32mSave 967239e5-29c0-4140-aa33-b0c1f4d2efbe(uuid7152)
сент. 19, 2025 6:42:50 PM webapp.storage.AbstractStorage save
INFO: &amp#27;[32mSave 363fca5a-34c3-4c73-aa68-5a07896b5d00(uuid7153)
сент. 19, 2025 6:42:50 PM webapp.storage.AbstractStorage save
INFO: &amp#27;[32mSave f462a11c-ced4-4ccb-b838-bcdc3a769ff1(uuid7154)
сент. 19, 2025 6:42:50 PM webapp.storage.AbstractStorage save
INFO: &amp#27;[32mSave 7927ede8-0532-4520-8ee8-7270e6d09076(uuid7155)
сент. 19, 2025 6:42:50 PM webapp.storage.AbstractStorage save
INFO: &amp#27;[32mSave 990bf67c-bd61-48ed-82f3-fe3535039bdb(uuid7156)
сент. 19, 2025 6:42:50 PM webapp.storage.AbstractStorage save
INFO: &amp#27;[32mSave 3cbb0be7-56a2-4d78-9af6-b99b73dc95e9(uuid7157)
сент. 19, 2025 6:42:50 PM webapp.storage.AbstractStorage save
INFO: &amp#27;[32mSave ba667ca9-4473-4241-aa61-3212d0069912(uuid7158)
сент. 19, 2025 6:42:50 PM webapp.storage.AbstractStorage save
INFO: &amp#27;[32mSave ab59abc5-0050-4855-99f3-f2e0491b749c(uuid7159)
сент. 19, 2025 6:42:50 PM webapp.storage.AbstractStorage save
INFO: &amp#27;[32mSave ca2940d6-0704-4b01-a22a-21f4edbf3dcd(uuid7160)
сент. 19, 2025 6:42:50 PM webapp.storage.AbstractStorage save
INFO: &amp#27;[32mSave 927fec9b-2fa6-4c23-be78-26234467e5aa(uuid7161)
сент. 19, 2025 6:42:50 PM webapp.storage.AbstractStorage save
INFO: &amp#27;[32mSave 14b1a640-be1b-4c10-9d7e-1fb73ae76451(uuid7162)
сент. 19, 2025 6:42:50 PM webapp.storage.AbstractStorage save
INFO: &amp#27;[32mSave 4125f365-c10b-424e-8d4f-4930832c6038(uuid7163)
сент. 19, 2025 6:42:50 PM webapp.storage.AbstractStorage save
INFO: &amp#27;[32mSave cc9ad8b0-221b-4ea2-bada-18b5c029ae11(uuid7164)
сент. 19, 2025 6:42:50 PM webapp.storage.AbstractStorage save
INFO: &amp#27;[32mSave 491e44e3-7f1e-40cf-9079-40d1bada7c23(uuid7165)
сент. 19, 2025 6:42:50 PM webapp.storage.AbstractStorage save
INFO: &amp#27;[32mSave 5fba2b94-5176-4e95-9578-891abf962de5(uuid7166)
сент. 19, 2025 6:42:50 PM webapp.storage.AbstractStorage save
INFO: &amp#27;[32mSave 12e01d36-b6f0-43ae-b104-dfa7641b84c6(uuid7167)
сент. 19, 2025 6:42:50 PM webapp.storage.AbstractStorage save
INFO: &amp#27;[32mSave e091da9c-1e4f-44d7-bc6c-621a7e6ffd9b(uuid7168)
сент. 19, 2025 6:42:50 PM webapp.storage.AbstractStorage save
INFO: &amp#27;[32mSave 3f5d0485-55e7-4697-b2f8-a576090386f3(uuid7169)
сент. 19, 2025 6:42:50 PM webapp.storage.AbstractStorage save
INFO: &amp#27;[32mSave e4a743c7-62a7-4e28-9bb2-23823743b023(uuid7170)
сент. 19, 2025 6:42:50 PM webapp.storage.AbstractStorage save
INFO: &amp#27;[32mSave 78d0110c-b626-4ede-adc8-e3efe2bef9b5(uuid7171)
сент. 19, 2025 6:42:50 PM webapp.storage.AbstractStorage save
INFO: &amp#27;[32mSave 281e2913-f38e-4e4c-bf99-843f61ec736b(uuid7172)
сент. 19, 2025 6:42:50 PM webapp.storage.AbstractStorage save
INFO: &amp#27;[32mSave 1586ffda-9d45-4ce8-8801-931fa20e395d(uuid7173)
сент. 19, 2025 6:42:50 PM webapp.storage.AbstractStorage save
INFO: &amp#27;[32mSave 6ea2ce57-49c7-476d-a525-5570d631c4cc(uuid7174)
сент. 19, 2025 6:42:50 PM webapp.storage.AbstractStorage save
INFO: &amp#27;[32mSave 8b097e63-a70c-4114-92e0-04ad676439e7(uuid7175)
сент. 19, 2025 6:42:50 PM webapp.storage.AbstractStorage save
INFO: &amp#27;[32mSave b4c2b724-afae-41d2-9439-ec212b6078ab(uuid7176)
сент. 19, 2025 6:42:50 PM webapp.storage.AbstractStorage save
INFO: &amp#27;[32mSave 242ffcf5-dd7c-43bd-a66c-a3515a0e940f(uuid7177)
сент. 19, 2025 6:42:50 PM webapp.storage.AbstractStorage save
INFO: &amp#27;[32mSave f34ceb44-0973-49ac-9141-31b2f250e1a0(uuid7178)
сент. 19, 2025 6:42:50 PM webapp.storage.AbstractStorage save
INFO: &amp#27;[32mSave 23b5f1f1-f8e6-4f88-b8b7-24e9183552e3(uuid7179)
сент. 19, 2025 6:42:50 PM webapp.storage.AbstractStorage save
INFO: &amp#27;[32mSave 00967bd7-b485-481f-845e-b66666d751d0(uuid7180)
сент. 19, 2025 6:42:50 PM webapp.storage.AbstractStorage save
INFO: &amp#27;[32mSave fc604b7b-8fab-4110-9691-4f5ec871ddaf(uuid7181)
сент. 19, 2025 6:42:50 PM webapp.storage.AbstractStorage save
INFO: &amp#27;[32mSave 6af6784c-c683-4b6c-9a51-4263e1f7c48b(uuid7182)
сент. 19, 2025 6:42:50 PM webapp.storage.AbstractStorage save
INFO: &amp#27;[32mSave 69d2ede4-9f49-4356-ad2a-c9c930d0a7eb(uuid7183)
сент. 19, 2025 6:42:50 PM webapp.storage.AbstractStorage save
INFO: &amp#27;[32mSave aa2a61ea-e401-494b-835f-7076a2ce73d5(uuid7184)
сент. 19, 2025 6:42:50 PM webapp.storage.AbstractStorage save
INFO: &amp#27;[32mSave 937b11da-c63b-4a0a-8db5-5b0c26fbd9a8(uuid7185)
сент. 19, 2025 6:42:50 PM webapp.storage.AbstractStorage save
INFO: &amp#27;[32mSave 98b8f7f3-435e-48d4-977d-c21b70c6bf96(uuid7186)
сент. 19, 2025 6:42:50 PM webapp.storage.AbstractStorage save
INFO: &amp#27;[32mSave 5dfafedc-ac68-49fc-b97f-a9ce06c463f3(uuid7187)
сент. 19, 2025 6:42:50 PM webapp.storage.AbstractStorage save
INFO: &amp#27;[32mSave 4d242f42-d93c-433a-9e05-afba8071a5ad(uuid7188)
сент. 19, 2025 6:42:50 PM webapp.storage.AbstractStorage save
INFO: &amp#27;[32mSave 5e087474-d69d-448e-a0b4-cfe7e95599d2(uuid7189)
сент. 19, 2025 6:42:50 PM webapp.storage.AbstractStorage save
INFO: &amp#27;[32mSave 33b7f835-9fec-4567-90bc-4b8a4cde8c9e(uuid7190)
сент. 19, 2025 6:42:50 PM webapp.storage.AbstractStorage save
INFO: &amp#27;[32mSave 3b8f0813-d4cc-4fed-b3fb-5198e2be139a(uuid7191)
сент. 19, 2025 6:42:50 PM webapp.storage.AbstractStorage save
INFO: &amp#27;[32mSave 2f14b33d-7def-4ec1-8494-1f8b190dbb52(uuid7192)
сент. 19, 2025 6:42:50 PM webapp.storage.AbstractStorage save
INFO: &amp#27;[32mSave cfc92691-e1ba-4a79-9364-e200db621aea(uuid7193)
сент. 19, 2025 6:42:50 PM webapp.storage.AbstractStorage save
INFO: &amp#27;[32mSave 085d404e-8b85-4bbe-8b17-5338017b9248(uuid7194)
сент. 19, 2025 6:42:50 PM webapp.storage.AbstractStorage save
INFO: &amp#27;[32mSave ddea71ce-9608-48ae-86f7-ccf61f91336e(uuid7195)
сент. 19, 2025 6:42:50 PM webapp.storage.AbstractStorage save
INFO: &amp#27;[32mSave 63aa9f88-531b-47de-b000-3d57c03533af(uuid7196)
сент. 19, 2025 6:42:50 PM webapp.storage.AbstractStorage save
INFO: &amp#27;[32mSave 72b94738-ee31-4535-b26f-47193884632b(uuid7197)
сент. 19, 2025 6:42:50 PM webapp.storage.AbstractStorage save
INFO: &amp#27;[32mSave 0acfc769-b6fd-41e1-b91c-cc5329c20a09(uuid7198)
сент. 19, 2025 6:42:50 PM webapp.storage.AbstractStorage save
INFO: &amp#27;[32mSave d8d6eeb4-33cf-47bb-95a6-8ff6c45599b7(uuid7199)
сент. 19, 2025 6:42:50 PM webapp.storage.AbstractStorage save
INFO: &amp#27;[32mSave 879fcaa8-ab62-4f64-8126-cff647655829(uuid7200)
сент. 19, 2025 6:42:50 PM webapp.storage.AbstractStorage save
INFO: &amp#27;[32mSave 108f15d1-7aec-46d2-aaff-e5f6b88c9184(uuid7201)
сент. 19, 2025 6:42:50 PM webapp.storage.AbstractStorage save
INFO: &amp#27;[32mSave 5fa185c0-af9a-4b15-a65c-624d7b8168d4(uuid7202)
сент. 19, 2025 6:42:50 PM webapp.storage.AbstractStorage save
INFO: &amp#27;[32mSave 402d9df9-e6b2-43bb-a886-a0ab1e9247b3(uuid7203)
сент. 19, 2025 6:42:50 PM webapp.storage.AbstractStorage save
INFO: &amp#27;[32mSave e5bab4b4-c448-4023-9353-d0c1deec38ab(uuid7204)
сент. 19, 2025 6:42:50 PM webapp.storage.AbstractStorage save
INFO: &amp#27;[32mSave 6ee9ea20-3a8a-4ba0-9be4-d70d7fa652fb(uuid7205)
сент. 19, 2025 6:42:50 PM webapp.storage.AbstractStorage save
INFO: &amp#27;[32mSave 87d49260-8b63-4f55-8968-23187a402465(uuid7206)
сент. 19, 2025 6:42:50 PM webapp.storage.AbstractStorage save
INFO: &amp#27;[32mSave cc052c63-2210-42f6-a07f-4c4109737466(uuid7207)
сент. 19, 2025 6:42:50 PM webapp.storage.AbstractStorage save
INFO: &amp#27;[32mSave 323e3d92-2a49-44e0-bd98-3b4280375259(uuid7208)
сент. 19, 2025 6:42:50 PM webapp.storage.AbstractStorage save
INFO: &amp#27;[32mSave fafd3990-917e-48a1-80a9-fb0212615072(uuid7209)
сент. 19, 2025 6:42:50 PM webapp.storage.AbstractStorage save
INFO: &amp#27;[32mSave 6d95238b-7ccb-4b60-b9df-7303acddeb0a(uuid7210)
сент. 19, 2025 6:42:50 PM webapp.storage.AbstractStorage save
INFO: &amp#27;[32mSave d9dd3ec6-ba83-4ea3-a891-bf1c7718a3fc(uuid7211)
сент. 19, 2025 6:42:50 PM webapp.storage.AbstractStorage save
INFO: &amp#27;[32mSave d4f261cd-26e3-45ae-95d4-68d0772bec79(uuid7212)
сент. 19, 2025 6:42:50 PM webapp.storage.AbstractStorage save
INFO: &amp#27;[32mSave bcabb197-8e9c-44d1-9bb0-5592e82a4a9b(uuid7213)
сент. 19, 2025 6:42:50 PM webapp.storage.AbstractStorage save
INFO: &amp#27;[32mSave b5875b1c-f13d-4009-ab86-59e7e746de8f(uuid7214)
сент. 19, 2025 6:42:50 PM webapp.storage.AbstractStorage save
INFO: &amp#27;[32mSave 961ce2ff-5191-4ad7-876a-a8b9ac912ade(uuid7215)
сент. 19, 2025 6:42:50 PM webapp.storage.AbstractStorage save
INFO: &amp#27;[32mSave b005753d-82ac-4ea8-957e-8a12e5787f31(uuid7216)
сент. 19, 2025 6:42:50 PM webapp.storage.AbstractStorage save
INFO: &amp#27;[32mSave d060516c-028e-4946-b3b5-8472020e4299(uuid7217)
сент. 19, 2025 6:42:50 PM webapp.storage.AbstractStorage save
INFO: &amp#27;[32mSave 7f88919f-cf02-4669-bc04-b32bbf90b8df(uuid7218)
сент. 19, 2025 6:42:50 PM webapp.storage.AbstractStorage save
INFO: &amp#27;[32mSave 5b9da9b9-aa5a-44a1-8c37-58c2265c8815(uuid7219)
сент. 19, 2025 6:42:50 PM webapp.storage.AbstractStorage save
INFO: &amp#27;[32mSave 965372ab-237e-426c-809b-cb5ab2e180a7(uuid7220)
сент. 19, 2025 6:42:50 PM webapp.storage.AbstractStorage save
INFO: &amp#27;[32mSave 7c1b9ab4-9c0e-496d-99f5-d654389dba56(uuid7221)
сент. 19, 2025 6:42:50 PM webapp.storage.AbstractStorage save
INFO: &amp#27;[32mSave 3e3330bb-c740-4876-9871-4cd818d83757(uuid7222)
сент. 19, 2025 6:42:50 PM webapp.storage.AbstractStorage save
INFO: &amp#27;[32mSave f01667a3-7b82-4fc1-94e3-2b136bbb84ba(uuid7223)
сент. 19, 2025 6:42:50 PM webapp.storage.AbstractStorage save
INFO: &amp#27;[32mSave fccdeecd-7a88-4785-8cf8-618666952757(uuid7224)
сент. 19, 2025 6:42:50 PM webapp.storage.AbstractStorage save
INFO: &amp#27;[32mSave 4207dcfd-9645-4406-9483-75c79b0c8f93(uuid7225)
сент. 19, 2025 6:42:50 PM webapp.storage.AbstractStorage save
INFO: &amp#27;[32mSave f9e022c2-6775-4524-a861-ee109da9c345(uuid7226)
сент. 19, 2025 6:42:50 PM webapp.storage.AbstractStorage save
INFO: &amp#27;[32mSave 4cd50265-5a08-41c1-a493-f93688b6b525(uuid7227)
сент. 19, 2025 6:42:50 PM webapp.storage.AbstractStorage save
INFO: &amp#27;[32mSave 23597cc9-0084-4fd5-bad1-a6cd597f1059(uuid7228)
сент. 19, 2025 6:42:50 PM webapp.storage.AbstractStorage save
INFO: &amp#27;[32mSave eb7d5434-ffd9-435b-93d3-4ec6da71715c(uuid7229)
сент. 19, 2025 6:42:50 PM webapp.storage.AbstractStorage save
INFO: &amp#27;[32mSave 62ab059c-10fc-46d4-b1f4-a0c8718e7ad8(uuid7230)
сент. 19, 2025 6:42:50 PM webapp.storage.AbstractStorage save
INFO: &amp#27;[32mSave 06fa9726-49c3-40f8-abb7-ef97ad6c677d(uuid7231)
сент. 19, 2025 6:42:50 PM webapp.storage.AbstractStorage save
INFO: &amp#27;[32mSave 398ed143-fa1e-4a86-b349-1c3e0aa60867(uuid7232)
сент. 19, 2025 6:42:50 PM webapp.storage.AbstractStorage save
INFO: &amp#27;[32mSave ff8ed45a-0c92-4fb0-b524-59bafe5c8aa0(uuid7233)
сент. 19, 2025 6:42:50 PM webapp.storage.AbstractStorage save
INFO: &amp#27;[32mSave 2c866e0e-5154-4479-a897-356dc5fdc004(uuid7234)
сент. 19, 2025 6:42:50 PM webapp.storage.AbstractStorage save
INFO: &amp#27;[32mSave b4bea326-f29c-4b7f-9542-67de0eb16fc2(uuid7235)
сент. 19, 2025 6:42:50 PM webapp.storage.AbstractStorage save
INFO: &amp#27;[32mSave f704bd3f-703d-43b8-8a4f-63677c1180b2(uuid7236)
сент. 19, 2025 6:42:50 PM webapp.storage.AbstractStorage save
INFO: &amp#27;[32mSave 81b7a58d-ce81-4b82-8fdd-386294953df8(uuid7237)
сент. 19, 2025 6:42:50 PM webapp.storage.AbstractStorage save
INFO: &amp#27;[32mSave 2389735e-1a25-4d47-adab-2ea198c484ff(uuid7238)
сент. 19, 2025 6:42:50 PM webapp.storage.AbstractStorage save
INFO: &amp#27;[32mSave bb4f3cd3-eed1-477e-9a33-db35b9fbb655(uuid7239)
сент. 19, 2025 6:42:50 PM webapp.storage.AbstractStorage save
INFO: &amp#27;[32mSave fc9e49f2-7ee1-4c3c-b39d-a8c02d291a33(uuid7240)
сент. 19, 2025 6:42:50 PM webapp.storage.AbstractStorage save
INFO: &amp#27;[32mSave 9f9baebc-dce2-47f4-adfe-f10825952ace(uuid7241)
сент. 19, 2025 6:42:50 PM webapp.storage.AbstractStorage save
INFO: &amp#27;[32mSave b0f25345-6b51-4120-9540-d65e327bd0d6(uuid7242)
сент. 19, 2025 6:42:50 PM webapp.storage.AbstractStorage save
INFO: &amp#27;[32mSave 9a614997-e983-42b2-8531-efc9d430db34(uuid7243)
сент. 19, 2025 6:42:50 PM webapp.storage.AbstractStorage save
INFO: &amp#27;[32mSave a7b4263c-977c-4045-a7b8-20708f51cde3(uuid7244)
сент. 19, 2025 6:42:50 PM webapp.storage.AbstractStorage save
INFO: &amp#27;[32mSave 077acf34-0f65-43f5-8608-51d51c518cc7(uuid7245)
сент. 19, 2025 6:42:50 PM webapp.storage.AbstractStorage save
INFO: &amp#27;[32mSave 5e3db33b-57dd-4da7-9265-698c18b8af93(uuid7246)
сент. 19, 2025 6:42:50 PM webapp.storage.AbstractStorage save
INFO: &amp#27;[32mSave dbf1f432-4aa8-4075-aafe-3adf5c6d2f1a(uuid7247)
сент. 19, 2025 6:42:50 PM webapp.storage.AbstractStorage save
INFO: &amp#27;[32mSave 14b68190-643c-4015-94a8-22e6e82be250(uuid7248)
сент. 19, 2025 6:42:50 PM webapp.storage.AbstractStorage save
INFO: &amp#27;[32mSave e6c29bcb-8714-48a3-8e91-3720cf7c306e(uuid7249)
сент. 19, 2025 6:42:50 PM webapp.storage.AbstractStorage save
INFO: &amp#27;[32mSave 3a30dfdd-6d0f-42e2-a854-53a2d580fa30(uuid7250)
сент. 19, 2025 6:42:50 PM webapp.storage.AbstractStorage save
INFO: &amp#27;[32mSave 526bf90e-2155-40ff-ad5f-a1f770fe0eb2(uuid7251)
сент. 19, 2025 6:42:50 PM webapp.storage.AbstractStorage save
INFO: &amp#27;[32mSave 6a6183f0-5bf8-4b38-ab54-0cc548b0382c(uuid7252)
сент. 19, 2025 6:42:50 PM webapp.storage.AbstractStorage save
INFO: &amp#27;[32mSave bac45ddd-d6ee-4e41-8308-3d34ec15f86e(uuid7253)
сент. 19, 2025 6:42:50 PM webapp.storage.AbstractStorage save
INFO: &amp#27;[32mSave 090f4453-9ab2-427a-9ab1-791fc2e7ab19(uuid7254)
сент. 19, 2025 6:42:50 PM webapp.storage.AbstractStorage save
INFO: &amp#27;[32mSave d9aa1d81-36b5-4112-ab29-9f1955549923(uuid7255)
сент. 19, 2025 6:42:50 PM webapp.storage.AbstractStorage save
INFO: &amp#27;[32mSave 9d9b60e0-ae8a-4082-988a-2cc601b8cb9d(uuid7256)
сент. 19, 2025 6:42:50 PM webapp.storage.AbstractStorage save
INFO: &amp#27;[32mSave 693aee32-66ba-468d-be05-5568ca652e94(uuid7257)
сент. 19, 2025 6:42:50 PM webapp.storage.AbstractStorage save
INFO: &amp#27;[32mSave b15b2f39-1e73-48aa-91cf-96f4aa59483f(uuid7258)
сент. 19, 2025 6:42:50 PM webapp.storage.AbstractStorage save
INFO: &amp#27;[32mSave cdc50a3e-4e58-478e-bb7a-af981d639dc0(uuid7259)
сент. 19, 2025 6:42:50 PM webapp.storage.AbstractStorage save
INFO: &amp#27;[32mSave 14ff48bb-b36d-4b2a-8341-12dd971bb841(uuid7260)
сент. 19, 2025 6:42:50 PM webapp.storage.AbstractStorage save
INFO: &amp#27;[32mSave 61572c8a-e673-4fec-a085-2371e48f87af(uuid7261)
сент. 19, 2025 6:42:50 PM webapp.storage.AbstractStorage save
INFO: &amp#27;[32mSave 86af7ea8-5a36-4e43-a5ef-aebc064b12f5(uuid7262)
сент. 19, 2025 6:42:50 PM webapp.storage.AbstractStorage save
INFO: &amp#27;[32mSave 66674daf-8b61-4fc4-9efc-855731698975(uuid7263)
сент. 19, 2025 6:42:50 PM webapp.storage.AbstractStorage save
INFO: &amp#27;[32mSave 92d2368b-ec30-43c8-9d21-777bd6fa0ea8(uuid7264)
сент. 19, 2025 6:42:50 PM webapp.storage.AbstractStorage save
INFO: &amp#27;[32mSave e94e2b6a-391a-4b21-9b54-0bf76aaca3a3(uuid7265)
сент. 19, 2025 6:42:50 PM webapp.storage.AbstractStorage save
INFO: &amp#27;[32mSave 682e1b60-ae0a-4f00-bf11-a0294e84b39b(uuid7266)
сент. 19, 2025 6:42:50 PM webapp.storage.AbstractStorage save
INFO: &amp#27;[32mSave 83bb8a51-0ccb-440d-af6d-f6a7a491d7c6(uuid7267)
сент. 19, 2025 6:42:50 PM webapp.storage.AbstractStorage save
INFO: &amp#27;[32mSave a8db4619-2d7f-4974-92c8-e2f567529efc(uuid7268)
сент. 19, 2025 6:42:50 PM webapp.storage.AbstractStorage save
INFO: &amp#27;[32mSave 3da78d87-b9df-40f3-81d4-e67624e5a22f(uuid7269)
сент. 19, 2025 6:42:50 PM webapp.storage.AbstractStorage save
INFO: &amp#27;[32mSave 2c668b2f-6c22-4b5f-84be-4427a7dc36be(uuid7270)
сент. 19, 2025 6:42:50 PM webapp.storage.AbstractStorage save
INFO: &amp#27;[32mSave 38157d5b-cb31-4128-ada8-646e477dabea(uuid7271)
сент. 19, 2025 6:42:50 PM webapp.storage.AbstractStorage save
INFO: &amp#27;[32mSave 2dda02d2-1c56-46a6-99b8-394da4b9c5fc(uuid7272)
сент. 19, 2025 6:42:50 PM webapp.storage.AbstractStorage save
INFO: &amp#27;[32mSave e76d0d82-222c-42dc-9984-9bf5ce20a37f(uuid7273)
сент. 19, 2025 6:42:50 PM webapp.storage.AbstractStorage save
INFO: &amp#27;[32mSave de72147b-b361-4bc3-ab46-9e8f38b4eb22(uuid7274)
сент. 19, 2025 6:42:50 PM webapp.storage.AbstractStorage save
INFO: &amp#27;[32mSave b1464770-0391-4c88-b99a-e2e9fdf3f8a2(uuid7275)
сент. 19, 2025 6:42:50 PM webapp.storage.AbstractStorage save
INFO: &amp#27;[32mSave 064d4add-f758-4ced-9fef-2daeaaf473de(uuid7276)
сент. 19, 2025 6:42:50 PM webapp.storage.AbstractStorage save
INFO: &amp#27;[32mSave a981d205-d80e-422c-81a9-c9c73b7b513e(uuid7277)
сент. 19, 2025 6:42:50 PM webapp.storage.AbstractStorage save
INFO: &amp#27;[32mSave 4723e6dc-9a66-4a54-bbc9-889c1707750a(uuid7278)
сент. 19, 2025 6:42:50 PM webapp.storage.AbstractStorage save
INFO: &amp#27;[32mSave 0d47cc34-fc34-449a-8b01-a27b33a7afbf(uuid7279)
сент. 19, 2025 6:42:50 PM webapp.storage.AbstractStorage save
INFO: &amp#27;[32mSave 97389531-ce78-4bd9-a6ad-00f80869002d(uuid7280)
сент. 19, 2025 6:42:50 PM webapp.storage.AbstractStorage save
INFO: &amp#27;[32mSave 2b68db58-ac6c-4e80-9df0-0a16fab20b41(uuid7281)
сент. 19, 2025 6:42:50 PM webapp.storage.AbstractStorage save
INFO: &amp#27;[32mSave 973c3c50-8528-40c7-bb31-fc58cd716347(uuid7282)
сент. 19, 2025 6:42:50 PM webapp.storage.AbstractStorage save
INFO: &amp#27;[32mSave bfe39ed4-d92a-495f-aa3d-648beff58871(uuid7283)
сент. 19, 2025 6:42:50 PM webapp.storage.AbstractStorage save
INFO: &amp#27;[32mSave aaf7565e-06d8-4e0b-b766-0b62bc40c7d3(uuid7284)
сент. 19, 2025 6:42:50 PM webapp.storage.AbstractStorage save
INFO: &amp#27;[32mSave cb7e05b5-ddbb-4a3d-9b6a-3383a0c5b5b5(uuid7285)
сент. 19, 2025 6:42:50 PM webapp.storage.AbstractStorage save
INFO: &amp#27;[32mSave b768eba5-1323-40f1-9bb0-30d9911ac01a(uuid7286)
сент. 19, 2025 6:42:50 PM webapp.storage.AbstractStorage save
INFO: &amp#27;[32mSave d7ad29ed-f5d6-40fa-bea6-41e8faa95116(uuid7287)
сент. 19, 2025 6:42:50 PM webapp.storage.AbstractStorage save
INFO: &amp#27;[32mSave 06271750-ef4f-4c7f-a0bf-de030ff5581b(uuid7288)
сент. 19, 2025 6:42:50 PM webapp.storage.AbstractStorage save
INFO: &amp#27;[32mSave 534796cb-d66f-432c-a806-8fb98558434e(uuid7289)
сент. 19, 2025 6:42:50 PM webapp.storage.AbstractStorage save
INFO: &amp#27;[32mSave d393200e-3e18-4224-977e-59306a4da7a8(uuid7290)
сент. 19, 2025 6:42:50 PM webapp.storage.AbstractStorage save
INFO: &amp#27;[32mSave de02fa0b-763e-43cd-97d6-0a1ec952904f(uuid7291)
сент. 19, 2025 6:42:50 PM webapp.storage.AbstractStorage save
INFO: &amp#27;[32mSave c1c224b9-0465-4950-b0aa-d17494fffa27(uuid7292)
сент. 19, 2025 6:42:50 PM webapp.storage.AbstractStorage save
INFO: &amp#27;[32mSave 5781b81b-029d-4ea0-80c0-6a689136d89b(uuid7293)
сент. 19, 2025 6:42:50 PM webapp.storage.AbstractStorage save
INFO: &amp#27;[32mSave 27d381ca-5ce4-474d-b3ac-2df1a60c769b(uuid7294)
сент. 19, 2025 6:42:50 PM webapp.storage.AbstractStorage save
INFO: &amp#27;[32mSave e23f2b7f-ff92-4344-967c-21c09efbf307(uuid7295)
сент. 19, 2025 6:42:50 PM webapp.storage.AbstractStorage save
INFO: &amp#27;[32mSave a030fb64-8e8a-49e2-8d8a-42373f98495e(uuid7296)
сент. 19, 2025 6:42:50 PM webapp.storage.AbstractStorage save
INFO: &amp#27;[32mSave 5d3e0357-5b50-48f0-8052-e22c4ce264f7(uuid7297)
сент. 19, 2025 6:42:50 PM webapp.storage.AbstractStorage save
INFO: &amp#27;[32mSave aa74c4f9-1483-4426-9a46-d0f77d64f35d(uuid7298)
сент. 19, 2025 6:42:50 PM webapp.storage.AbstractStorage save
INFO: &amp#27;[32mSave c262eb6e-3bf6-4f5a-9490-461d9def1721(uuid7299)
сент. 19, 2025 6:42:50 PM webapp.storage.AbstractStorage save
INFO: &amp#27;[32mSave b806d7f3-2e3f-4c85-adba-f053ff2702b1(uuid7300)
сент. 19, 2025 6:42:50 PM webapp.storage.AbstractStorage save
INFO: &amp#27;[32mSave 2ca0ee76-3f6d-4621-a9b8-891b420f4309(uuid7301)
сент. 19, 2025 6:42:50 PM webapp.storage.AbstractStorage save
INFO: &amp#27;[32mSave d88e0726-6796-4731-badd-fb164570c5fa(uuid7302)
сент. 19, 2025 6:42:50 PM webapp.storage.AbstractStorage save
INFO: &amp#27;[32mSave 16a27df6-e77d-45c5-819b-9aa6e098060a(uuid7303)
сент. 19, 2025 6:42:50 PM webapp.storage.AbstractStorage save
INFO: &amp#27;[32mSave b5f5fe12-8e5e-475c-9dfc-93bd348516ee(uuid7304)
сент. 19, 2025 6:42:50 PM webapp.storage.AbstractStorage save
INFO: &amp#27;[32mSave df6e4ef8-f835-4dc7-b6b2-4204255c00a5(uuid7305)
сент. 19, 2025 6:42:50 PM webapp.storage.AbstractStorage save
INFO: &amp#27;[32mSave 31fe2e50-dfed-403d-90ae-e0a133ee3157(uuid7306)
сент. 19, 2025 6:42:50 PM webapp.storage.AbstractStorage save
INFO: &amp#27;[32mSave cfeee581-98ad-4d0f-94f1-78079921f62d(uuid7307)
сент. 19, 2025 6:42:50 PM webapp.storage.AbstractStorage save
INFO: &amp#27;[32mSave f156ecc3-a11d-4e67-89a8-29693d537c5f(uuid7308)
сент. 19, 2025 6:42:50 PM webapp.storage.AbstractStorage save
INFO: &amp#27;[32mSave dcc94a25-0742-48b5-a719-c5fc07ef918f(uuid7309)
сент. 19, 2025 6:42:50 PM webapp.storage.AbstractStorage save
INFO: &amp#27;[32mSave 99b1d047-1647-456a-a4ab-64cf5d8916ef(uuid7310)
сент. 19, 2025 6:42:50 PM webapp.storage.AbstractStorage save
INFO: &amp#27;[32mSave f563f40c-e4f9-45d3-a584-c9b5428c50ef(uuid7311)
сент. 19, 2025 6:42:50 PM webapp.storage.AbstractStorage save
INFO: &amp#27;[32mSave 5cdd3e2b-ab70-437b-87a7-bbe622468c19(uuid7312)
сент. 19, 2025 6:42:50 PM webapp.storage.AbstractStorage save
INFO: &amp#27;[32mSave e6eefe33-a61a-411b-bd28-fd290217101d(uuid7313)
сент. 19, 2025 6:42:50 PM webapp.storage.AbstractStorage save
INFO: &amp#27;[32mSave ce947a65-8a62-497d-aa03-a4701ac7cb19(uuid7314)
сент. 19, 2025 6:42:50 PM webapp.storage.AbstractStorage save
INFO: &amp#27;[32mSave 800b17a2-d213-4de9-84d1-4a3657d46b08(uuid7315)
сент. 19, 2025 6:42:50 PM webapp.storage.AbstractStorage save
INFO: &amp#27;[32mSave 20e83414-7597-41f8-a6ef-9a061b1963bf(uuid7316)
сент. 19, 2025 6:42:50 PM webapp.storage.AbstractStorage save
INFO: &amp#27;[32mSave 8eb099bb-d677-490a-a220-1be2f5f1ad97(uuid7317)
сент. 19, 2025 6:42:50 PM webapp.storage.AbstractStorage save
INFO: &amp#27;[32mSave e17a168d-e3ad-4818-b5a9-a4198a7c9121(uuid7318)
сент. 19, 2025 6:42:50 PM webapp.storage.AbstractStorage save
INFO: &amp#27;[32mSave 6e4d629c-7573-4633-b90a-41bc65fa23e2(uuid7319)
сент. 19, 2025 6:42:50 PM webapp.storage.AbstractStorage save
INFO: &amp#27;[32mSave 34b22e35-7ad5-4e66-8f22-64067b74500a(uuid7320)
сент. 19, 2025 6:42:50 PM webapp.storage.AbstractStorage save
INFO: &amp#27;[32mSave b47bb977-daef-408e-afe0-fee9c82a4493(uuid7321)
сент. 19, 2025 6:42:50 PM webapp.storage.AbstractStorage save
INFO: &amp#27;[32mSave 99e2dec0-317b-47a9-8d2d-b2c134235e2c(uuid7322)
сент. 19, 2025 6:42:50 PM webapp.storage.AbstractStorage save
INFO: &amp#27;[32mSave 77aee8e2-4cc8-4d6f-bb03-994895cf0114(uuid7323)
сент. 19, 2025 6:42:50 PM webapp.storage.AbstractStorage save
INFO: &amp#27;[32mSave b7da4a23-3f96-42a0-b48b-8b26ce8aac81(uuid7324)
сент. 19, 2025 6:42:50 PM webapp.storage.AbstractStorage save
INFO: &amp#27;[32mSave b4203142-26bb-4585-830b-c5044098904d(uuid7325)
сент. 19, 2025 6:42:50 PM webapp.storage.AbstractStorage save
INFO: &amp#27;[32mSave b4891ab5-cf28-4e60-88a1-b3bf774a4190(uuid7326)
сент. 19, 2025 6:42:50 PM webapp.storage.AbstractStorage save
INFO: &amp#27;[32mSave 13e8376d-d467-46eb-86c3-422abb4187b7(uuid7327)
сент. 19, 2025 6:42:50 PM webapp.storage.AbstractStorage save
INFO: &amp#27;[32mSave 9bd0f2a5-16b1-4174-9364-4dbed9dfe056(uuid7328)
сент. 19, 2025 6:42:50 PM webapp.storage.AbstractStorage save
INFO: &amp#27;[32mSave b7b99dc1-1b4a-4bfe-a64e-da2de06ed364(uuid7329)
сент. 19, 2025 6:42:50 PM webapp.storage.AbstractStorage save
INFO: &amp#27;[32mSave 71390610-634b-431c-b360-6f8d4930fab6(uuid7330)
сент. 19, 2025 6:42:50 PM webapp.storage.AbstractStorage save
INFO: &amp#27;[32mSave f05d2a93-2056-4a4a-b1dc-00ea199b40cb(uuid7331)
сент. 19, 2025 6:42:50 PM webapp.storage.AbstractStorage save
INFO: &amp#27;[32mSave f391c872-104b-49a4-aedb-20f48d684afc(uuid7332)
сент. 19, 2025 6:42:50 PM webapp.storage.AbstractStorage save
INFO: &amp#27;[32mSave b51c0f89-9fab-428d-bf83-0252b9def328(uuid7333)
сент. 19, 2025 6:42:50 PM webapp.storage.AbstractStorage save
INFO: &amp#27;[32mSave f0355849-7435-4e8f-b5b8-3e09b95e2410(uuid7334)
сент. 19, 2025 6:42:50 PM webapp.storage.AbstractStorage save
INFO: &amp#27;[32mSave 604097a6-1a14-4e26-b16e-d376e9d85268(uuid7335)
сент. 19, 2025 6:42:50 PM webapp.storage.AbstractStorage save
INFO: &amp#27;[32mSave b5da5dfd-f1c3-4ad2-b9f8-7c287744e9d6(uuid7336)
сент. 19, 2025 6:42:50 PM webapp.storage.AbstractStorage save
INFO: &amp#27;[32mSave f4530e0d-087d-4b19-a5dd-12d96d22637e(uuid7337)
сент. 19, 2025 6:42:50 PM webapp.storage.AbstractStorage save
INFO: &amp#27;[32mSave 9d7f814e-f15c-43dd-bd35-b046b13b1cd2(uuid7338)
сент. 19, 2025 6:42:50 PM webapp.storage.AbstractStorage save
INFO: &amp#27;[32mSave 15c36989-e0ef-454e-a58c-f16303e9ddfc(uuid7339)
сент. 19, 2025 6:42:50 PM webapp.storage.AbstractStorage save
INFO: &amp#27;[32mSave 521625db-df6a-4746-9729-ab9d27245a11(uuid7340)
сент. 19, 2025 6:42:50 PM webapp.storage.AbstractStorage save
INFO: &amp#27;[32mSave f2f959a5-c480-4480-a3c6-135ffbad67c8(uuid7341)
сент. 19, 2025 6:42:50 PM webapp.storage.AbstractStorage save
INFO: &amp#27;[32mSave 1edc759c-78af-402f-b6fa-4c956c2fca28(uuid7342)
сент. 19, 2025 6:42:50 PM webapp.storage.AbstractStorage save
INFO: &amp#27;[32mSave 897dd5da-df68-4efa-a092-811b77b185f5(uuid7343)
сент. 19, 2025 6:42:50 PM webapp.storage.AbstractStorage save
INFO: &amp#27;[32mSave 79df688d-93f0-40e4-8337-eb2b3a749696(uuid7344)
сент. 19, 2025 6:42:50 PM webapp.storage.AbstractStorage save
INFO: &amp#27;[32mSave 448e7408-ae87-48d4-95e3-ef21f4f837af(uuid7345)
сент. 19, 2025 6:42:50 PM webapp.storage.AbstractStorage save
INFO: &amp#27;[32mSave 7da55c3b-3a2a-4ca5-ab20-f1b2adf0955a(uuid7346)
сент. 19, 2025 6:42:50 PM webapp.storage.AbstractStorage save
INFO: &amp#27;[32mSave 346f349e-d0c4-46f8-9948-9959975483d1(uuid7347)
сент. 19, 2025 6:42:50 PM webapp.storage.AbstractStorage save
INFO: &amp#27;[32mSave 70025bbe-f814-48c4-b2a7-e64c91e7373a(uuid7348)
сент. 19, 2025 6:42:50 PM webapp.storage.AbstractStorage save
INFO: &amp#27;[32mSave d976549a-4ccb-4b08-8ab3-2f5e62eeb9e3(uuid7349)
сент. 19, 2025 6:42:50 PM webapp.storage.AbstractStorage save
INFO: &amp#27;[32mSave e192d2eb-764d-47c4-9cb7-8ea3d3143e13(uuid7350)
сент. 19, 2025 6:42:50 PM webapp.storage.AbstractStorage save
INFO: &amp#27;[32mSave 56295960-41a4-407d-9b44-80efbad7ccf6(uuid7351)
сент. 19, 2025 6:42:50 PM webapp.storage.AbstractStorage save
INFO: &amp#27;[32mSave 2ad5bc6f-72cf-4800-b61a-5bd912ce2a10(uuid7352)
сент. 19, 2025 6:42:50 PM webapp.storage.AbstractStorage save
INFO: &amp#27;[32mSave c624b73b-b33b-4af4-9326-42fc96c913ab(uuid7353)
сент. 19, 2025 6:42:50 PM webapp.storage.AbstractStorage save
INFO: &amp#27;[32mSave a60b710b-7eb4-4b5f-aa90-5fdeb38d2d17(uuid7354)
сент. 19, 2025 6:42:50 PM webapp.storage.AbstractStorage save
INFO: &amp#27;[32mSave e9ebeff0-7ac1-4d16-b12f-15b372de4a94(uuid7355)
сент. 19, 2025 6:42:50 PM webapp.storage.AbstractStorage save
INFO: &amp#27;[32mSave ed66c754-332d-4c35-b4b0-f122dca37cdb(uuid7356)
сент. 19, 2025 6:42:50 PM webapp.storage.AbstractStorage save
INFO: &amp#27;[32mSave 91ced946-9fa9-4f88-addf-6653bf322cbb(uuid7357)
сент. 19, 2025 6:42:50 PM webapp.storage.AbstractStorage save
INFO: &amp#27;[32mSave 12bfc6a4-1875-44d1-b4af-53c49c8ee469(uuid7358)
сент. 19, 2025 6:42:50 PM webapp.storage.AbstractStorage save
INFO: &amp#27;[32mSave bbab4959-402c-4508-83e6-8b6883546288(uuid7359)
сент. 19, 2025 6:42:50 PM webapp.storage.AbstractStorage save
INFO: &amp#27;[32mSave 60023b52-00fa-490c-806f-68e746f78164(uuid7360)
сент. 19, 2025 6:42:50 PM webapp.storage.AbstractStorage save
INFO: &amp#27;[32mSave 035d5767-9cb4-477e-bd12-575bb7172728(uuid7361)
сент. 19, 2025 6:42:50 PM webapp.storage.AbstractStorage save
INFO: &amp#27;[32mSave 2f50d1fa-ab87-4a81-8c37-06fd9b9b9fd0(uuid7362)
сент. 19, 2025 6:42:50 PM webapp.storage.AbstractStorage save
INFO: &amp#27;[32mSave c14874f0-bf2c-4fef-806f-6e85b8648c10(uuid7363)
сент. 19, 2025 6:42:50 PM webapp.storage.AbstractStorage save
INFO: &amp#27;[32mSave 0efd6422-7202-4697-bde6-ca194fd29260(uuid7364)
сент. 19, 2025 6:42:50 PM webapp.storage.AbstractStorage save
INFO: &amp#27;[32mSave 3ea47dc5-da60-444c-bd0f-d81f994b39ec(uuid7365)
сент. 19, 2025 6:42:50 PM webapp.storage.AbstractStorage save
INFO: &amp#27;[32mSave 9cf93651-2607-423c-912a-f0573fbbdf83(uuid7366)
сент. 19, 2025 6:42:50 PM webapp.storage.AbstractStorage save
INFO: &amp#27;[32mSave b043e602-7031-4fd0-83f0-e1c7e7d2c057(uuid7367)
сент. 19, 2025 6:42:50 PM webapp.storage.AbstractStorage save
INFO: &amp#27;[32mSave b613f2a5-975c-40ab-9ae7-0e33e7d0660f(uuid7368)
сент. 19, 2025 6:42:50 PM webapp.storage.AbstractStorage save
INFO: &amp#27;[32mSave 0f4943ae-ed1d-4ece-86fb-e87be52100cc(uuid7369)
сент. 19, 2025 6:42:50 PM webapp.storage.AbstractStorage save
INFO: &amp#27;[32mSave d9849cd7-4b3e-4a78-9db1-89969d114ccb(uuid7370)
сент. 19, 2025 6:42:50 PM webapp.storage.AbstractStorage save
INFO: &amp#27;[32mSave 2dce960d-a3cd-4f43-b2a1-91f5b44866eb(uuid7371)
сент. 19, 2025 6:42:50 PM webapp.storage.AbstractStorage save
INFO: &amp#27;[32mSave 60fa1419-df50-409b-b3a2-1c5f15ddf5c6(uuid7372)
сент. 19, 2025 6:42:50 PM webapp.storage.AbstractStorage save
INFO: &amp#27;[32mSave 9a7eb2ca-2062-4841-94a0-fc4cbb6857ec(uuid7373)
сент. 19, 2025 6:42:50 PM webapp.storage.AbstractStorage save
INFO: &amp#27;[32mSave ccefc02e-0514-4e06-8628-b229fc8d86cb(uuid7374)
сент. 19, 2025 6:42:50 PM webapp.storage.AbstractStorage save
INFO: &amp#27;[32mSave 9567d21d-7fbf-4d48-b941-fae8ddabee3a(uuid7375)
сент. 19, 2025 6:42:50 PM webapp.storage.AbstractStorage save
INFO: &amp#27;[32mSave e921f343-bd79-4ca5-bca8-8164ffc86277(uuid7376)
сент. 19, 2025 6:42:50 PM webapp.storage.AbstractStorage save
INFO: &amp#27;[32mSave 779159c2-3215-4439-ae6c-92a75828e204(uuid7377)
сент. 19, 2025 6:42:50 PM webapp.storage.AbstractStorage save
INFO: &amp#27;[32mSave 6c4536be-ca32-4542-99b7-dc1b9fac0203(uuid7378)
сент. 19, 2025 6:42:50 PM webapp.storage.AbstractStorage save
INFO: &amp#27;[32mSave c31915d4-af6a-40b9-bb03-a0e92a49830b(uuid7379)
сент. 19, 2025 6:42:50 PM webapp.storage.AbstractStorage save
INFO: &amp#27;[32mSave 3c2b1353-5b18-47cd-a05c-6ef77e1d4509(uuid7380)
сент. 19, 2025 6:42:50 PM webapp.storage.AbstractStorage save
INFO: &amp#27;[32mSave 1eca8f15-eaab-4487-85c2-831ee078d2d7(uuid7381)
сент. 19, 2025 6:42:50 PM webapp.storage.AbstractStorage save
INFO: &amp#27;[32mSave 35e6029a-1926-40a5-9a08-f6364a4e14a5(uuid7382)
сент. 19, 2025 6:42:50 PM webapp.storage.AbstractStorage save
INFO: &amp#27;[32mSave fdec50e2-ca8c-4525-9383-3d52f5f971e5(uuid7383)
сент. 19, 2025 6:42:50 PM webapp.storage.AbstractStorage save
INFO: &amp#27;[32mSave 22ee124e-6c86-479b-91ee-aa4fe892a048(uuid7384)
сент. 19, 2025 6:42:50 PM webapp.storage.AbstractStorage save
INFO: &amp#27;[32mSave 6752cb67-cd2e-46df-90ba-42998aeb781d(uuid7385)
сент. 19, 2025 6:42:50 PM webapp.storage.AbstractStorage save
INFO: &amp#27;[32mSave 58857950-2617-4b13-a49e-0a6a074c9d38(uuid7386)
сент. 19, 2025 6:42:50 PM webapp.storage.AbstractStorage save
INFO: &amp#27;[32mSave acd4a035-11b0-4736-9886-2129e5fb9591(uuid7387)
сент. 19, 2025 6:42:50 PM webapp.storage.AbstractStorage save
INFO: &amp#27;[32mSave 656ddfc6-bf55-4bf9-86ec-f35b73c620c7(uuid7388)
сент. 19, 2025 6:42:50 PM webapp.storage.AbstractStorage save
INFO: &amp#27;[32mSave f9008d4a-3b47-48ea-89b9-39a9b9f5e67e(uuid7389)
сент. 19, 2025 6:42:50 PM webapp.storage.AbstractStorage save
INFO: &amp#27;[32mSave c63fc3f6-a09a-48a8-b31a-0d2a81489366(uuid7390)
сент. 19, 2025 6:42:50 PM webapp.storage.AbstractStorage save
INFO: &amp#27;[32mSave 678f409e-f191-4158-b191-3e3d7d850586(uuid7391)
сент. 19, 2025 6:42:50 PM webapp.storage.AbstractStorage save
INFO: &amp#27;[32mSave 088f06fa-23ba-493d-989f-9a6789da5ba8(uuid7392)
сент. 19, 2025 6:42:50 PM webapp.storage.AbstractStorage save
INFO: &amp#27;[32mSave 4994099d-b73f-4438-809c-2c7de93361f9(uuid7393)
сент. 19, 2025 6:42:50 PM webapp.storage.AbstractStorage save
INFO: &amp#27;[32mSave 24e25a47-64a3-458c-8c71-0722e889a0b0(uuid7394)
сент. 19, 2025 6:42:50 PM webapp.storage.AbstractStorage save
INFO: &amp#27;[32mSave acbdc8ab-21d0-4aac-ba76-b69822736096(uuid7395)
сент. 19, 2025 6:42:50 PM webapp.storage.AbstractStorage save
INFO: &amp#27;[32mSave 9d552854-1500-4b6d-b7a2-bbb08166f311(uuid7396)
сент. 19, 2025 6:42:50 PM webapp.storage.AbstractStorage save
INFO: &amp#27;[32mSave eabcfcf6-06d0-45ca-bdea-a3da2b2e037e(uuid7397)
сент. 19, 2025 6:42:50 PM webapp.storage.AbstractStorage save
INFO: &amp#27;[32mSave 319d64a1-2c6c-4bec-b618-a4d4fe44a773(uuid7398)
сент. 19, 2025 6:42:50 PM webapp.storage.AbstractStorage save
INFO: &amp#27;[32mSave 21ef4ce8-e9c4-4944-b786-ecf8a76ae5a1(uuid7399)
сент. 19, 2025 6:42:50 PM webapp.storage.AbstractStorage save
INFO: &amp#27;[32mSave 434b21b4-8673-4ed7-9d61-66b17e6ad19a(uuid7400)
сент. 19, 2025 6:42:50 PM webapp.storage.AbstractStorage save
INFO: &amp#27;[32mSave 5eef3d6a-cf2f-4f1c-ac0d-951aa93f054d(uuid7401)
сент. 19, 2025 6:42:50 PM webapp.storage.AbstractStorage save
INFO: &amp#27;[32mSave 505f433f-3c92-40da-9528-4f3f6e9fdd0d(uuid7402)
сент. 19, 2025 6:42:50 PM webapp.storage.AbstractStorage save
INFO: &amp#27;[32mSave ac4cfe06-ea4e-4dbe-9307-a3287d838705(uuid7403)
сент. 19, 2025 6:42:50 PM webapp.storage.AbstractStorage save
INFO: &amp#27;[32mSave 3928c25c-9dee-48ce-be97-f1dcac0dc40e(uuid7404)
сент. 19, 2025 6:42:50 PM webapp.storage.AbstractStorage save
INFO: &amp#27;[32mSave 84619f4b-e0e8-4219-9488-7e1634e3221a(uuid7405)
сент. 19, 2025 6:42:50 PM webapp.storage.AbstractStorage save
INFO: &amp#27;[32mSave e01fa839-b120-494e-ad5e-fe8d39a3f986(uuid7406)
сент. 19, 2025 6:42:50 PM webapp.storage.AbstractStorage save
INFO: &amp#27;[32mSave a5370d48-e26b-4d8d-ad6b-845b1ad80f73(uuid7407)
сент. 19, 2025 6:42:50 PM webapp.storage.AbstractStorage save
INFO: &amp#27;[32mSave fa282f98-a25f-4335-9aaf-7485e515a841(uuid7408)
сент. 19, 2025 6:42:50 PM webapp.storage.AbstractStorage save
INFO: &amp#27;[32mSave d62a1f7f-4fc7-4ab1-be74-3889ce351e0a(uuid7409)
сент. 19, 2025 6:42:50 PM webapp.storage.AbstractStorage save
INFO: &amp#27;[32mSave 3e3bd0a9-b745-4f97-8119-824e9e1221f8(uuid7410)
сент. 19, 2025 6:42:50 PM webapp.storage.AbstractStorage save
INFO: &amp#27;[32mSave af816e2b-2d7f-4cf8-a419-6849416f03a5(uuid7411)
сент. 19, 2025 6:42:50 PM webapp.storage.AbstractStorage save
INFO: &amp#27;[32mSave 8c6e024f-74ba-4857-8ea1-c2a78ef8b044(uuid7412)
сент. 19, 2025 6:42:50 PM webapp.storage.AbstractStorage save
INFO: &amp#27;[32mSave 05e8cfd8-3987-4949-8b72-531a71ba5b5c(uuid7413)
сент. 19, 2025 6:42:50 PM webapp.storage.AbstractStorage save
INFO: &amp#27;[32mSave 620fa16b-f885-40a6-8a40-250238041a83(uuid7414)
сент. 19, 2025 6:42:50 PM webapp.storage.AbstractStorage save
INFO: &amp#27;[32mSave 939ba56e-27ef-43be-a603-b08e5a8ca139(uuid7415)
сент. 19, 2025 6:42:50 PM webapp.storage.AbstractStorage save
INFO: &amp#27;[32mSave b63a5513-c03e-404a-9d49-06db649bbab2(uuid7416)
сент. 19, 2025 6:42:50 PM webapp.storage.AbstractStorage save
INFO: &amp#27;[32mSave 3d361a1c-646b-4829-88c3-f6a9a7882f71(uuid7417)
сент. 19, 2025 6:42:50 PM webapp.storage.AbstractStorage save
INFO: &amp#27;[32mSave 2aa39cae-6692-4203-8edc-f78fab598d73(uuid7418)
сент. 19, 2025 6:42:50 PM webapp.storage.AbstractStorage save
INFO: &amp#27;[32mSave ed3f839a-ee5e-48fe-88d5-0ceec6f3215a(uuid7419)
сент. 19, 2025 6:42:50 PM webapp.storage.AbstractStorage save
INFO: &amp#27;[32mSave c9bc6c83-33e3-4d37-9434-7b4f76041af3(uuid7420)
сент. 19, 2025 6:42:50 PM webapp.storage.AbstractStorage save
INFO: &amp#27;[32mSave 244dbca7-d774-4584-ab88-0d86fb1bf8c0(uuid7421)
сент. 19, 2025 6:42:50 PM webapp.storage.AbstractStorage save
INFO: &amp#27;[32mSave 2fa408cc-d962-406e-8460-057744fe17a4(uuid7422)
сент. 19, 2025 6:42:50 PM webapp.storage.AbstractStorage save
INFO: &amp#27;[32mSave 77dddd8d-5ee9-4590-acae-f2cf5aea3706(uuid7423)
сент. 19, 2025 6:42:50 PM webapp.storage.AbstractStorage save
INFO: &amp#27;[32mSave 55e25f28-97a2-4d18-b7e5-0a4863bd1674(uuid7424)
сент. 19, 2025 6:42:50 PM webapp.storage.AbstractStorage save
INFO: &amp#27;[32mSave 68e93b78-43a8-45dd-9c98-980dccbf2d75(uuid7425)
сент. 19, 2025 6:42:50 PM webapp.storage.AbstractStorage save
INFO: &amp#27;[32mSave 2f9d404f-c396-4d34-8ffe-5489d9b5b2f3(uuid7426)
сент. 19, 2025 6:42:50 PM webapp.storage.AbstractStorage save
INFO: &amp#27;[32mSave ab11ee2d-a44f-4fcb-b58c-034984c381c6(uuid7427)
сент. 19, 2025 6:42:50 PM webapp.storage.AbstractStorage save
INFO: &amp#27;[32mSave 15597a0f-56e4-43d0-ae75-b52773ad9d3b(uuid7428)
сент. 19, 2025 6:42:50 PM webapp.storage.AbstractStorage save
INFO: &amp#27;[32mSave 193dcb22-00e3-4d36-9df1-c35dc525559f(uuid7429)
сент. 19, 2025 6:42:50 PM webapp.storage.AbstractStorage save
INFO: &amp#27;[32mSave ec8222bf-654a-4d7d-9164-02b63d205472(uuid7430)
сент. 19, 2025 6:42:50 PM webapp.storage.AbstractStorage save
INFO: &amp#27;[32mSave aac5bc4e-d6e7-461f-b142-891b84ba0fdb(uuid7431)
сент. 19, 2025 6:42:50 PM webapp.storage.AbstractStorage save
INFO: &amp#27;[32mSave c32d74b4-582e-4f9f-8a3c-6b3b75b9111b(uuid7432)
сент. 19, 2025 6:42:50 PM webapp.storage.AbstractStorage save
INFO: &amp#27;[32mSave aae66679-878b-41f8-857c-2d02b3938743(uuid7433)
сент. 19, 2025 6:42:50 PM webapp.storage.AbstractStorage save
INFO: &amp#27;[32mSave b19678be-1734-4faf-86e2-09cea31fba34(uuid7434)
сент. 19, 2025 6:42:50 PM webapp.storage.AbstractStorage save
INFO: &amp#27;[32mSave 01b92cf7-dbd1-4082-a58c-80e1cc4b53b2(uuid7435)
сент. 19, 2025 6:42:50 PM webapp.storage.AbstractStorage save
INFO: &amp#27;[32mSave b426ea9f-f466-49e3-9308-86793b17078f(uuid7436)
сент. 19, 2025 6:42:50 PM webapp.storage.AbstractStorage save
INFO: &amp#27;[32mSave b0a7b6ce-c39d-4204-a891-a31dc6f2ae2d(uuid7437)
сент. 19, 2025 6:42:50 PM webapp.storage.AbstractStorage save
INFO: &amp#27;[32mSave 0347b32b-451d-4138-850f-fcc21029d696(uuid7438)
сент. 19, 2025 6:42:50 PM webapp.storage.AbstractStorage save
INFO: &amp#27;[32mSave fe062186-2e8f-4c9b-a655-d8ff1365ceec(uuid7439)
сент. 19, 2025 6:42:50 PM webapp.storage.AbstractStorage save
INFO: &amp#27;[32mSave 2e446604-23a7-442a-a0b0-e72a13e06755(uuid7440)
сент. 19, 2025 6:42:50 PM webapp.storage.AbstractStorage save
INFO: &amp#27;[32mSave c322176a-ffab-4b01-80c7-bea9bb291346(uuid7441)
сент. 19, 2025 6:42:50 PM webapp.storage.AbstractStorage save
INFO: &amp#27;[32mSave 97fab5ad-b5c3-4cb1-a7aa-64c4bca2e5fa(uuid7442)
сент. 19, 2025 6:42:50 PM webapp.storage.AbstractStorage save
INFO: &amp#27;[32mSave 84c8c0ef-4e66-42e5-a496-afccf800d764(uuid7443)
сент. 19, 2025 6:42:50 PM webapp.storage.AbstractStorage save
INFO: &amp#27;[32mSave df4a244f-8e58-4bfa-8617-e993e0d51339(uuid7444)
сент. 19, 2025 6:42:50 PM webapp.storage.AbstractStorage save
INFO: &amp#27;[32mSave dcdc5fdf-b3d1-4175-bf0e-71c893801c42(uuid7445)
сент. 19, 2025 6:42:50 PM webapp.storage.AbstractStorage save
INFO: &amp#27;[32mSave 9efd7ad5-899f-4e91-87b0-b45d61d76322(uuid7446)
сент. 19, 2025 6:42:50 PM webapp.storage.AbstractStorage save
INFO: &amp#27;[32mSave a4ec51f5-d17a-4abb-9cb0-67fcb05a5739(uuid7447)
сент. 19, 2025 6:42:50 PM webapp.storage.AbstractStorage save
INFO: &amp#27;[32mSave e7218288-66f2-46fa-89ea-75b0f09bdc7b(uuid7448)
сент. 19, 2025 6:42:50 PM webapp.storage.AbstractStorage save
INFO: &amp#27;[32mSave 38df591d-b3dd-4890-b51f-ea99e92c65ff(uuid7449)
сент. 19, 2025 6:42:50 PM webapp.storage.AbstractStorage save
INFO: &amp#27;[32mSave 59c9ada5-49c5-414b-b1a7-143ae83be979(uuid7450)
сент. 19, 2025 6:42:50 PM webapp.storage.AbstractStorage save
INFO: &amp#27;[32mSave 4fc130d4-fa48-4d37-ac6b-5b6de1e876bd(uuid7451)
сент. 19, 2025 6:42:50 PM webapp.storage.AbstractStorage save
INFO: &amp#27;[32mSave 8ea5491f-5afa-44a4-a8ed-47b6aef7d77b(uuid7452)
сент. 19, 2025 6:42:50 PM webapp.storage.AbstractStorage save
INFO: &amp#27;[32mSave 36190efe-b43b-4ad7-b924-70a15e96b565(uuid7453)
сент. 19, 2025 6:42:50 PM webapp.storage.AbstractStorage save
INFO: &amp#27;[32mSave b19b8367-fb9e-4118-a88e-6add89021a9e(uuid7454)
сент. 19, 2025 6:42:50 PM webapp.storage.AbstractStorage save
INFO: &amp#27;[32mSave b1e4eff2-8b82-4b35-b3f6-2240f08e73b0(uuid7455)
сент. 19, 2025 6:42:50 PM webapp.storage.AbstractStorage save
INFO: &amp#27;[32mSave 2741d209-500d-4c47-94c1-f0c5582921ce(uuid7456)
сент. 19, 2025 6:42:50 PM webapp.storage.AbstractStorage save
INFO: &amp#27;[32mSave c27e7a8b-2f00-476d-a945-93479524ef68(uuid7457)
сент. 19, 2025 6:42:50 PM webapp.storage.AbstractStorage save
INFO: &amp#27;[32mSave 95f146c5-dd72-4d77-9418-96948dc74809(uuid7458)
сент. 19, 2025 6:42:50 PM webapp.storage.AbstractStorage save
INFO: &amp#27;[32mSave cdc37ce2-cf24-457e-b9ff-a0d5c4c369af(uuid7459)
сент. 19, 2025 6:42:50 PM webapp.storage.AbstractStorage save
INFO: &amp#27;[32mSave b6625388-780b-4363-8836-0c02df6bb51c(uuid7460)
сент. 19, 2025 6:42:50 PM webapp.storage.AbstractStorage save
INFO: &amp#27;[32mSave b336de70-9ee0-42c7-b9e7-5ec6bd2520b3(uuid7461)
сент. 19, 2025 6:42:50 PM webapp.storage.AbstractStorage save
INFO: &amp#27;[32mSave d949e791-3fb5-4b85-973c-b18f199c8d8e(uuid7462)
сент. 19, 2025 6:42:50 PM webapp.storage.AbstractStorage save
INFO: &amp#27;[32mSave b8021aeb-7a08-4627-8ee5-25dcbfdfb66c(uuid7463)
сент. 19, 2025 6:42:50 PM webapp.storage.AbstractStorage save
INFO: &amp#27;[32mSave f566b45f-585a-42a3-a603-08ea9e9c0fe5(uuid7464)
сент. 19, 2025 6:42:50 PM webapp.storage.AbstractStorage save
INFO: &amp#27;[32mSave dff61e21-dc89-4f49-ab65-79404dd0eee9(uuid7465)
сент. 19, 2025 6:42:50 PM webapp.storage.AbstractStorage save
INFO: &amp#27;[32mSave 324c9f8f-0616-47cf-9258-cc19adb22c4e(uuid7466)
сент. 19, 2025 6:42:50 PM webapp.storage.AbstractStorage save
INFO: &amp#27;[32mSave 63bcc7d9-76e3-4180-88cd-7142b35854a9(uuid7467)
сент. 19, 2025 6:42:50 PM webapp.storage.AbstractStorage save
INFO: &amp#27;[32mSave 46b563df-cdf7-4044-ab3d-a6aaf51abf51(uuid7468)
сент. 19, 2025 6:42:50 PM webapp.storage.AbstractStorage save
INFO: &amp#27;[32mSave 903fcccf-2d98-4353-b704-bbedf8f50158(uuid7469)
сент. 19, 2025 6:42:50 PM webapp.storage.AbstractStorage save
INFO: &amp#27;[32mSave 80417f99-e3f8-4200-9379-c837c7b09fe0(uuid7470)
сент. 19, 2025 6:42:50 PM webapp.storage.AbstractStorage save
INFO: &amp#27;[32mSave 46b3d56e-661a-44a7-bc26-555371e981da(uuid7471)
сент. 19, 2025 6:42:50 PM webapp.storage.AbstractStorage save
INFO: &amp#27;[32mSave c173d39a-6a64-4801-a719-9e33d2718114(uuid7472)
сент. 19, 2025 6:42:50 PM webapp.storage.AbstractStorage save
INFO: &amp#27;[32mSave 10bcd3bb-2332-4290-88cf-197450597956(uuid7473)
сент. 19, 2025 6:42:50 PM webapp.storage.AbstractStorage save
INFO: &amp#27;[32mSave 86f7333b-3e0f-4f69-8b76-a7e8bd4589fe(uuid7474)
сент. 19, 2025 6:42:50 PM webapp.storage.AbstractStorage save
INFO: &amp#27;[32mSave ba0fbd38-f8ad-447a-96a0-dbc87ef6cb15(uuid7475)
сент. 19, 2025 6:42:50 PM webapp.storage.AbstractStorage save
INFO: &amp#27;[32mSave 5bcb5052-0b1b-4e7e-890d-f6eecc8bcec2(uuid7476)
сент. 19, 2025 6:42:50 PM webapp.storage.AbstractStorage save
INFO: &amp#27;[32mSave 8e96cb91-a48a-42b2-b96e-eb5635f4f31c(uuid7477)
сент. 19, 2025 6:42:50 PM webapp.storage.AbstractStorage save
INFO: &amp#27;[32mSave 28a724eb-ca7c-45c7-af48-543468df98c0(uuid7478)
сент. 19, 2025 6:42:50 PM webapp.storage.AbstractStorage save
INFO: &amp#27;[32mSave 3d992d4b-716e-40dc-8ffc-8631e8ea6ea3(uuid7479)
сент. 19, 2025 6:42:50 PM webapp.storage.AbstractStorage save
INFO: &amp#27;[32mSave 513b37a2-c850-453b-bec1-a3ba05e83f55(uuid7480)
сент. 19, 2025 6:42:50 PM webapp.storage.AbstractStorage save
INFO: &amp#27;[32mSave 5a3d8e53-018f-44e6-af3d-ffc15ebc5c83(uuid7481)
сент. 19, 2025 6:42:50 PM webapp.storage.AbstractStorage save
INFO: &amp#27;[32mSave 2c17105c-f865-49a9-8b3a-1743df87cca6(uuid7482)
сент. 19, 2025 6:42:50 PM webapp.storage.AbstractStorage save
INFO: &amp#27;[32mSave 21f4f91a-f410-4a9b-b518-72bbfc0fdbc7(uuid7483)
сент. 19, 2025 6:42:50 PM webapp.storage.AbstractStorage save
INFO: &amp#27;[32mSave a2a9c32e-ae04-41d3-98dd-fb076bf51d61(uuid7484)
сент. 19, 2025 6:42:50 PM webapp.storage.AbstractStorage save
INFO: &amp#27;[32mSave 3a818054-3398-4dfd-8f5c-55fe7329ea00(uuid7485)
сент. 19, 2025 6:42:50 PM webapp.storage.AbstractStorage save
INFO: &amp#27;[32mSave 9757df7f-bcec-4989-9aa9-3254ba5445b4(uuid7486)
сент. 19, 2025 6:42:50 PM webapp.storage.AbstractStorage save
INFO: &amp#27;[32mSave c13719ce-0eef-4ac2-982e-efcfb79b1752(uuid7487)
сент. 19, 2025 6:42:50 PM webapp.storage.AbstractStorage save
INFO: &amp#27;[32mSave 29cad12e-1de9-4aa0-a156-1f8b47f7b899(uuid7488)
сент. 19, 2025 6:42:50 PM webapp.storage.AbstractStorage save
INFO: &amp#27;[32mSave 29c4265a-424d-4c03-86a6-9af0df3f7644(uuid7489)
сент. 19, 2025 6:42:50 PM webapp.storage.AbstractStorage save
INFO: &amp#27;[32mSave 5f7a353e-a7fa-45ba-98fd-01a35f88b4b9(uuid7490)
сент. 19, 2025 6:42:50 PM webapp.storage.AbstractStorage save
INFO: &amp#27;[32mSave f4d66b47-b5b5-4392-8b13-c7454adfcefd(uuid7491)
сент. 19, 2025 6:42:50 PM webapp.storage.AbstractStorage save
INFO: &amp#27;[32mSave fdd51e98-f238-4031-9cfb-8163878cb73b(uuid7492)
сент. 19, 2025 6:42:50 PM webapp.storage.AbstractStorage save
INFO: &amp#27;[32mSave e8fd2d1b-04e4-4f84-9a85-afbd485fd644(uuid7493)
сент. 19, 2025 6:42:50 PM webapp.storage.AbstractStorage save
INFO: &amp#27;[32mSave ee8347b5-0c25-4026-8760-3641db5394bc(uuid7494)
сент. 19, 2025 6:42:50 PM webapp.storage.AbstractStorage save
INFO: &amp#27;[32mSave 54a4f02e-3798-4c13-a79e-f0098f015f80(uuid7495)
сент. 19, 2025 6:42:50 PM webapp.storage.AbstractStorage save
INFO: &amp#27;[32mSave 62c16d49-ed6d-45c2-b744-295a5bf5081d(uuid7496)
сент. 19, 2025 6:42:50 PM webapp.storage.AbstractStorage save
INFO: &amp#27;[32mSave a28f3ed0-1ca7-4bca-8f53-a3da1acc2444(uuid7497)
сент. 19, 2025 6:42:50 PM webapp.storage.AbstractStorage save
INFO: &amp#27;[32mSave 07210f65-6a6a-4084-b418-e512180f40d9(uuid7498)
сент. 19, 2025 6:42:50 PM webapp.storage.AbstractStorage save
INFO: &amp#27;[32mSave 0fd55dbc-0580-446b-b03c-c2f788928750(uuid7499)
сент. 19, 2025 6:42:50 PM webapp.storage.AbstractStorage save
INFO: &amp#27;[32mSave 95c32986-64be-4529-a9cf-2106ceb9ac4e(uuid7500)
сент. 19, 2025 6:42:50 PM webapp.storage.AbstractStorage save
INFO: &amp#27;[32mSave 745655a5-9d1f-491e-8a71-113a7116b0ea(uuid7501)
сент. 19, 2025 6:42:50 PM webapp.storage.AbstractStorage save
INFO: &amp#27;[32mSave 4d846814-9c06-4d67-9764-124ea66811fc(uuid7502)
сент. 19, 2025 6:42:50 PM webapp.storage.AbstractStorage save
INFO: &amp#27;[32mSave 42bad120-1008-4a03-a5c8-9c8477b1d17c(uuid7503)
сент. 19, 2025 6:42:50 PM webapp.storage.AbstractStorage save
INFO: &amp#27;[32mSave 0b7bc699-bd0a-4323-87c5-6077570109a4(uuid7504)
сент. 19, 2025 6:42:50 PM webapp.storage.AbstractStorage save
INFO: &amp#27;[32mSave da1932bc-5f8a-4b50-b310-d2ff85e2937b(uuid7505)
сент. 19, 2025 6:42:50 PM webapp.storage.AbstractStorage save
INFO: &amp#27;[32mSave efe0072d-06b1-4e83-a1d7-e2b6995b7294(uuid7506)
сент. 19, 2025 6:42:50 PM webapp.storage.AbstractStorage save
INFO: &amp#27;[32mSave 7d6de199-e42a-4dd5-a2c8-9a900879e82d(uuid7507)
сент. 19, 2025 6:42:50 PM webapp.storage.AbstractStorage save
INFO: &amp#27;[32mSave e17d0de0-7f3d-40b3-a905-a208594e7d8f(uuid7508)
сент. 19, 2025 6:42:50 PM webapp.storage.AbstractStorage save
INFO: &amp#27;[32mSave 7d89af43-a138-4d24-a8e1-84de2161bc6f(uuid7509)
сент. 19, 2025 6:42:50 PM webapp.storage.AbstractStorage save
INFO: &amp#27;[32mSave 18f08fa7-f524-4afa-bcfe-c095b6539ac0(uuid7510)
сент. 19, 2025 6:42:50 PM webapp.storage.AbstractStorage save
INFO: &amp#27;[32mSave a3120852-b2f4-4926-8304-a350b10a612f(uuid7511)
сент. 19, 2025 6:42:50 PM webapp.storage.AbstractStorage save
INFO: &amp#27;[32mSave bf519a2a-8917-4def-afe9-ba117a07e032(uuid7512)
сент. 19, 2025 6:42:50 PM webapp.storage.AbstractStorage save
INFO: &amp#27;[32mSave 8bf9ac9a-9d09-4f24-8ca1-f3b9e60c4ac3(uuid7513)
сент. 19, 2025 6:42:50 PM webapp.storage.AbstractStorage save
INFO: &amp#27;[32mSave c6bf820e-8921-416b-9b8e-66cfb1d1e9ab(uuid7514)
сент. 19, 2025 6:42:50 PM webapp.storage.AbstractStorage save
INFO: &amp#27;[32mSave 66c29429-fc69-4f3c-8bba-c5e9137179f7(uuid7515)
сент. 19, 2025 6:42:50 PM webapp.storage.AbstractStorage save
INFO: &amp#27;[32mSave 061b5100-47eb-45c1-8faf-8840069d25ce(uuid7516)
сент. 19, 2025 6:42:50 PM webapp.storage.AbstractStorage save
INFO: &amp#27;[32mSave 8cfb0e18-8061-4718-907a-782641e9a45d(uuid7517)
сент. 19, 2025 6:42:50 PM webapp.storage.AbstractStorage save
INFO: &amp#27;[32mSave e46c847d-3132-4fc8-a5ad-6015e4eb0a23(uuid7518)
сент. 19, 2025 6:42:50 PM webapp.storage.AbstractStorage save
INFO: &amp#27;[32mSave d5e872a5-fe39-47b7-8c3b-6a3c143f220c(uuid7519)
сент. 19, 2025 6:42:50 PM webapp.storage.AbstractStorage save
INFO: &amp#27;[32mSave 1d689d43-b5ad-442d-9ae4-5623fb351d9f(uuid7520)
сент. 19, 2025 6:42:50 PM webapp.storage.AbstractStorage save
INFO: &amp#27;[32mSave 162e40f5-de45-4262-b47c-7e68b829a5a7(uuid7521)
сент. 19, 2025 6:42:50 PM webapp.storage.AbstractStorage save
INFO: &amp#27;[32mSave ddff88a7-8dd3-4ba3-a1dc-bed8856e363e(uuid7522)
сент. 19, 2025 6:42:50 PM webapp.storage.AbstractStorage save
INFO: &amp#27;[32mSave 349a86c8-f2cb-41b3-b9ad-4e2f35536add(uuid7523)
сент. 19, 2025 6:42:50 PM webapp.storage.AbstractStorage save
INFO: &amp#27;[32mSave a42476ee-fa08-4334-9f66-00beed1ae167(uuid7524)
сент. 19, 2025 6:42:50 PM webapp.storage.AbstractStorage save
INFO: &amp#27;[32mSave 6e041f59-2875-421d-b67e-24416f7a8575(uuid7525)
сент. 19, 2025 6:42:50 PM webapp.storage.AbstractStorage save
INFO: &amp#27;[32mSave 97596d83-ba35-4d33-a62a-a39019742e93(uuid7526)
сент. 19, 2025 6:42:50 PM webapp.storage.AbstractStorage save
INFO: &amp#27;[32mSave 1d2f2f24-a109-44c2-98ac-97fb57ce7f35(uuid7527)
сент. 19, 2025 6:42:50 PM webapp.storage.AbstractStorage save
INFO: &amp#27;[32mSave ea58644e-b1d2-4393-810b-63b93a92111e(uuid7528)
сент. 19, 2025 6:42:50 PM webapp.storage.AbstractStorage save
INFO: &amp#27;[32mSave a3b2121d-60c2-4c3b-938e-ece95a9701da(uuid7529)
сент. 19, 2025 6:42:50 PM webapp.storage.AbstractStorage save
INFO: &amp#27;[32mSave a8e10096-be29-4919-a0ea-077900eee4ef(uuid7530)
сент. 19, 2025 6:42:50 PM webapp.storage.AbstractStorage save
INFO: &amp#27;[32mSave daf5ad0f-436d-4b5e-9f72-878e87b0db28(uuid7531)
сент. 19, 2025 6:42:50 PM webapp.storage.AbstractStorage save
INFO: &amp#27;[32mSave 2f5182e9-5e50-4e39-8a8c-bbd265b0539a(uuid7532)
сент. 19, 2025 6:42:50 PM webapp.storage.AbstractStorage save
INFO: &amp#27;[32mSave 68719236-7190-48e2-ac8e-78d3c1897a25(uuid7533)
сент. 19, 2025 6:42:50 PM webapp.storage.AbstractStorage save
INFO: &amp#27;[32mSave 2ec34564-93b6-40ac-8e83-f1a591bf90c8(uuid7534)
сент. 19, 2025 6:42:50 PM webapp.storage.AbstractStorage save
INFO: &amp#27;[32mSave 77169a74-fbd2-4a0a-9f85-a98e9f0da184(uuid7535)
сент. 19, 2025 6:42:50 PM webapp.storage.AbstractStorage save
INFO: &amp#27;[32mSave 8c88daee-9be5-4cf1-8d22-d4ec2a4aba7d(uuid7536)
сент. 19, 2025 6:42:50 PM webapp.storage.AbstractStorage save
INFO: &amp#27;[32mSave 089970db-f35d-4c89-a3ab-b889ae2e6b97(uuid7537)
сент. 19, 2025 6:42:50 PM webapp.storage.AbstractStorage save
INFO: &amp#27;[32mSave 892e5798-d63e-4e2a-b097-9cba5d809139(uuid7538)
сент. 19, 2025 6:42:50 PM webapp.storage.AbstractStorage save
INFO: &amp#27;[32mSave 3eaa7f9c-dd77-4ce1-bedb-02c332f68eab(uuid7539)
сент. 19, 2025 6:42:50 PM webapp.storage.AbstractStorage save
INFO: &amp#27;[32mSave 9a853ffb-5b2b-499f-82d1-33c19bf89e8a(uuid7540)
сент. 19, 2025 6:42:50 PM webapp.storage.AbstractStorage save
INFO: &amp#27;[32mSave 2a271e82-5a9d-4391-a43d-cf5d101ba83f(uuid7541)
сент. 19, 2025 6:42:50 PM webapp.storage.AbstractStorage save
INFO: &amp#27;[32mSave 713ddb91-6508-4ecd-a28a-6d784c9c1f1e(uuid7542)
сент. 19, 2025 6:42:50 PM webapp.storage.AbstractStorage save
INFO: &amp#27;[32mSave 0c7df596-8bce-4a7c-a8ba-3a17b31d9b35(uuid7543)
сент. 19, 2025 6:42:50 PM webapp.storage.AbstractStorage save
INFO: &amp#27;[32mSave 5b1330c2-1817-486f-a1a1-469a7c7d47c2(uuid7544)
сент. 19, 2025 6:42:50 PM webapp.storage.AbstractStorage save
INFO: &amp#27;[32mSave ae0710ce-e8b3-422f-bcda-a7f542aa51ab(uuid7545)
сент. 19, 2025 6:42:50 PM webapp.storage.AbstractStorage save
INFO: &amp#27;[32mSave 9a6c128f-b61d-4e05-bab7-2c235834c1fd(uuid7546)
сент. 19, 2025 6:42:50 PM webapp.storage.AbstractStorage save
INFO: &amp#27;[32mSave 2170ac54-c7d4-4ca1-935e-bd6e18e0e3b5(uuid7547)
сент. 19, 2025 6:42:50 PM webapp.storage.AbstractStorage save
INFO: &amp#27;[32mSave d1361a61-e907-4d33-9fe9-0e0910322923(uuid7548)
сент. 19, 2025 6:42:50 PM webapp.storage.AbstractStorage save
INFO: &amp#27;[32mSave e20529e1-4319-46eb-ab68-4a000d29d8fe(uuid7549)
сент. 19, 2025 6:42:50 PM webapp.storage.AbstractStorage save
INFO: &amp#27;[32mSave 3c07b097-8817-438d-bc5b-5e86337ca8c1(uuid7550)
сент. 19, 2025 6:42:50 PM webapp.storage.AbstractStorage save
INFO: &amp#27;[32mSave 2d7c8d31-e0c9-4e7a-96a6-8aed8d38d4d6(uuid7551)
сент. 19, 2025 6:42:50 PM webapp.storage.AbstractStorage save
INFO: &amp#27;[32mSave db05024c-ddaf-4451-ad28-883d3918e450(uuid7552)
сент. 19, 2025 6:42:50 PM webapp.storage.AbstractStorage save
INFO: &amp#27;[32mSave 74ae8bab-f130-4c9d-98bf-9f399cc16a28(uuid7553)
сент. 19, 2025 6:42:50 PM webapp.storage.AbstractStorage save
INFO: &amp#27;[32mSave 265bea14-5164-4408-a34f-ace5729d7ddc(uuid7554)
сент. 19, 2025 6:42:50 PM webapp.storage.AbstractStorage save
INFO: &amp#27;[32mSave a2416395-adfe-435b-af1c-cb62dfd360a5(uuid7555)
сент. 19, 2025 6:42:50 PM webapp.storage.AbstractStorage save
INFO: &amp#27;[32mSave 931bb7b9-41cb-4981-9cfb-40b616a9bd38(uuid7556)
сент. 19, 2025 6:42:50 PM webapp.storage.AbstractStorage save
INFO: &amp#27;[32mSave bba99e7f-0035-4143-a6cf-51efb8a579d9(uuid7557)
сент. 19, 2025 6:42:50 PM webapp.storage.AbstractStorage save
INFO: &amp#27;[32mSave aaf606e3-7b18-4573-86d2-aa323607d58e(uuid7558)
сент. 19, 2025 6:42:50 PM webapp.storage.AbstractStorage save
INFO: &amp#27;[32mSave 7514ec12-3d8e-4724-bb40-4260bb295e6c(uuid7559)
сент. 19, 2025 6:42:50 PM webapp.storage.AbstractStorage save
INFO: &amp#27;[32mSave fe1bfa55-b5f6-4745-a43c-87ed9aba24be(uuid7560)
сент. 19, 2025 6:42:50 PM webapp.storage.AbstractStorage save
INFO: &amp#27;[32mSave 442ad375-80e2-45c4-a328-02ea5424e699(uuid7561)
сент. 19, 2025 6:42:50 PM webapp.storage.AbstractStorage save
INFO: &amp#27;[32mSave 3bfa798a-551d-420e-a08e-64e847fdadf8(uuid7562)
сент. 19, 2025 6:42:50 PM webapp.storage.AbstractStorage save
INFO: &amp#27;[32mSave 41e6b49c-2e38-46da-a2c9-14e08184aae2(uuid7563)
сент. 19, 2025 6:42:50 PM webapp.storage.AbstractStorage save
INFO: &amp#27;[32mSave dc1d7da1-23cc-4a4c-9db5-0c8afd464a22(uuid7564)
сент. 19, 2025 6:42:50 PM webapp.storage.AbstractStorage save
INFO: &amp#27;[32mSave ed87cff0-164f-4945-96a3-13e8e1c5c962(uuid7565)
сент. 19, 2025 6:42:50 PM webapp.storage.AbstractStorage save
INFO: &amp#27;[32mSave 6fd116bd-8f39-4467-b1e1-8240a0e5b6c4(uuid7566)
сент. 19, 2025 6:42:50 PM webapp.storage.AbstractStorage save
INFO: &amp#27;[32mSave 48271609-bdef-4f1d-942f-c41bdded3ad0(uuid7567)
сент. 19, 2025 6:42:50 PM webapp.storage.AbstractStorage save
INFO: &amp#27;[32mSave 4407a933-641b-438a-9381-c93d941e1f54(uuid7568)
сент. 19, 2025 6:42:50 PM webapp.storage.AbstractStorage save
INFO: &amp#27;[32mSave 9e93f6bb-adfe-48dc-a153-917f672653ee(uuid7569)
сент. 19, 2025 6:42:50 PM webapp.storage.AbstractStorage save
INFO: &amp#27;[32mSave d5abfd72-8292-417c-90ea-4ca721f4fa0b(uuid7570)
сент. 19, 2025 6:42:50 PM webapp.storage.AbstractStorage save
INFO: &amp#27;[32mSave 18726244-d5c3-4bd8-9ee3-d66a2d1d4965(uuid7571)
сент. 19, 2025 6:42:50 PM webapp.storage.AbstractStorage save
INFO: &amp#27;[32mSave 3942fc84-d606-493d-9fa6-5b69d7736f2e(uuid7572)
сент. 19, 2025 6:42:50 PM webapp.storage.AbstractStorage save
INFO: &amp#27;[32mSave 913ea058-fa79-4e57-9055-96d6f3fa8b11(uuid7573)
сент. 19, 2025 6:42:50 PM webapp.storage.AbstractStorage save
INFO: &amp#27;[32mSave e14c8f60-91d3-491e-8bdc-84d3317b6ac0(uuid7574)
сент. 19, 2025 6:42:50 PM webapp.storage.AbstractStorage save
INFO: &amp#27;[32mSave b070273b-dbba-48a3-8c7f-e5310a7dd11e(uuid7575)
сент. 19, 2025 6:42:50 PM webapp.storage.AbstractStorage save
INFO: &amp#27;[32mSave 4116619e-d44a-4f68-99fb-8def7d94e7ea(uuid7576)
сент. 19, 2025 6:42:50 PM webapp.storage.AbstractStorage save
INFO: &amp#27;[32mSave 83d6e26d-e274-4ec1-8034-bbb858d62b4e(uuid7577)
сент. 19, 2025 6:42:50 PM webapp.storage.AbstractStorage save
INFO: &amp#27;[32mSave 274a5af8-dd17-4d62-abc9-9b7ea8be4b30(uuid7578)
сент. 19, 2025 6:42:50 PM webapp.storage.AbstractStorage save
INFO: &amp#27;[32mSave 87c55480-f9df-4bcb-8592-5280844fe9ca(uuid7579)
сент. 19, 2025 6:42:50 PM webapp.storage.AbstractStorage save
INFO: &amp#27;[32mSave eca5ff75-6e22-463b-bb01-fd2d402938d3(uuid7580)
сент. 19, 2025 6:42:50 PM webapp.storage.AbstractStorage save
INFO: &amp#27;[32mSave 88418bb9-f265-4e5f-9ee7-040473d26982(uuid7581)
сент. 19, 2025 6:42:50 PM webapp.storage.AbstractStorage save
INFO: &amp#27;[32mSave 0a586d32-c898-49c1-9b78-b9c1fd8a6e47(uuid7582)
сент. 19, 2025 6:42:50 PM webapp.storage.AbstractStorage save
INFO: &amp#27;[32mSave c3ba32eb-7ec9-42e8-ab5f-f7756ba27b5e(uuid7583)
сент. 19, 2025 6:42:50 PM webapp.storage.AbstractStorage save
INFO: &amp#27;[32mSave fc2bda7b-202c-4635-8cd1-865626cb4397(uuid7584)
сент. 19, 2025 6:42:50 PM webapp.storage.AbstractStorage save
INFO: &amp#27;[32mSave e17c4bf1-5537-4f60-8406-11e022307bd9(uuid7585)
сент. 19, 2025 6:42:50 PM webapp.storage.AbstractStorage save
INFO: &amp#27;[32mSave e60e0926-92eb-4a59-9afe-5d5f5e02f3cc(uuid7586)
сент. 19, 2025 6:42:50 PM webapp.storage.AbstractStorage save
INFO: &amp#27;[32mSave 03d49271-ad55-4782-92e7-37dcbe1defc3(uuid7587)
сент. 19, 2025 6:42:50 PM webapp.storage.AbstractStorage save
INFO: &amp#27;[32mSave dfdd8036-e012-4ccb-865a-2ba359034fd6(uuid7588)
сент. 19, 2025 6:42:50 PM webapp.storage.AbstractStorage save
INFO: &amp#27;[32mSave 413be450-cc14-4260-988a-e23ea7353544(uuid7589)
сент. 19, 2025 6:42:50 PM webapp.storage.AbstractStorage save
INFO: &amp#27;[32mSave 61d6b58b-9e3b-42fe-90b9-de71908f02a5(uuid7590)
сент. 19, 2025 6:42:50 PM webapp.storage.AbstractStorage save
INFO: &amp#27;[32mSave b207ddcd-526c-4de7-8d8f-b6e42fac2b58(uuid7591)
сент. 19, 2025 6:42:50 PM webapp.storage.AbstractStorage save
INFO: &amp#27;[32mSave 130aa88b-6919-4e07-a0ba-c659b8da4fe6(uuid7592)
сент. 19, 2025 6:42:50 PM webapp.storage.AbstractStorage save
INFO: &amp#27;[32mSave 1cb61b4e-a159-4bdf-8941-711152fbac60(uuid7593)
сент. 19, 2025 6:42:50 PM webapp.storage.AbstractStorage save
INFO: &amp#27;[32mSave 42a1b396-b060-4c16-a743-693b04fef2a0(uuid7594)
сент. 19, 2025 6:42:50 PM webapp.storage.AbstractStorage save
INFO: &amp#27;[32mSave 4e475c30-61fc-4b11-8742-7606cc75e211(uuid7595)
сент. 19, 2025 6:42:50 PM webapp.storage.AbstractStorage save
INFO: &amp#27;[32mSave cf249d23-0f98-46e5-b47f-6a7c860843ac(uuid7596)
сент. 19, 2025 6:42:50 PM webapp.storage.AbstractStorage save
INFO: &amp#27;[32mSave 5aa5c47d-ab91-41fb-97fa-111b2591bb98(uuid7597)
сент. 19, 2025 6:42:50 PM webapp.storage.AbstractStorage save
INFO: &amp#27;[32mSave d0084192-b1f1-4abd-8b18-4fcf46825d4e(uuid7598)
сент. 19, 2025 6:42:50 PM webapp.storage.AbstractStorage save
INFO: &amp#27;[32mSave 2554a0a5-6264-4825-a6c3-ed6e89882b1d(uuid7599)
сент. 19, 2025 6:42:50 PM webapp.storage.AbstractStorage save
INFO: &amp#27;[32mSave fdd7245d-bb14-47ab-9a76-282f44da8b36(uuid7600)
сент. 19, 2025 6:42:50 PM webapp.storage.AbstractStorage save
INFO: &amp#27;[32mSave af6ece3e-68eb-4488-ab99-e010d9f922d6(uuid7601)
сент. 19, 2025 6:42:50 PM webapp.storage.AbstractStorage save
INFO: &amp#27;[32mSave ff8c870f-6345-4355-a678-5bb9032b80dd(uuid7602)
сент. 19, 2025 6:42:50 PM webapp.storage.AbstractStorage save
INFO: &amp#27;[32mSave f8227eb4-eb2c-4a0f-b79d-5a10b7f16d14(uuid7603)
сент. 19, 2025 6:42:50 PM webapp.storage.AbstractStorage save
INFO: &amp#27;[32mSave 061b1445-78c4-4440-badb-c1fe27da09f6(uuid7604)
сент. 19, 2025 6:42:50 PM webapp.storage.AbstractStorage save
INFO: &amp#27;[32mSave 79823623-206d-4e70-9be9-6e0246fe8426(uuid7605)
сент. 19, 2025 6:42:50 PM webapp.storage.AbstractStorage save
INFO: &amp#27;[32mSave c029d0cf-91ea-4350-8545-7942f9e82bc2(uuid7606)
сент. 19, 2025 6:42:50 PM webapp.storage.AbstractStorage save
INFO: &amp#27;[32mSave f7a2b68b-e625-4ec5-b3b1-336a0eff5d63(uuid7607)
сент. 19, 2025 6:42:50 PM webapp.storage.AbstractStorage save
INFO: &amp#27;[32mSave c435f41f-5dda-4d31-8005-c71ff03b081e(uuid7608)
сент. 19, 2025 6:42:50 PM webapp.storage.AbstractStorage save
INFO: &amp#27;[32mSave b386970d-fb0d-4b8c-8311-3e4d79ced0e6(uuid7609)
сент. 19, 2025 6:42:50 PM webapp.storage.AbstractStorage save
INFO: &amp#27;[32mSave b34ec308-df4a-431e-94f6-a664bd915389(uuid7610)
сент. 19, 2025 6:42:50 PM webapp.storage.AbstractStorage save
INFO: &amp#27;[32mSave 4456ea90-6d87-421e-834e-0d3b86df2596(uuid7611)
сент. 19, 2025 6:42:50 PM webapp.storage.AbstractStorage save
INFO: &amp#27;[32mSave 039962ce-b914-49bb-a734-902ea2d0a06b(uuid7612)
сент. 19, 2025 6:42:50 PM webapp.storage.AbstractStorage save
INFO: &amp#27;[32mSave 58dd1a19-60fa-40ff-a32f-74d911b7c846(uuid7613)
сент. 19, 2025 6:42:50 PM webapp.storage.AbstractStorage save
INFO: &amp#27;[32mSave ff9d47f5-c24b-4448-997b-4d92b7cec26a(uuid7614)
сент. 19, 2025 6:42:50 PM webapp.storage.AbstractStorage save
INFO: &amp#27;[32mSave 88bdc033-57de-4472-8c1f-b6a1664de52f(uuid7615)
сент. 19, 2025 6:42:50 PM webapp.storage.AbstractStorage save
INFO: &amp#27;[32mSave cd49a589-069c-4fc3-bd4d-d0ee31e71b17(uuid7616)
сент. 19, 2025 6:42:50 PM webapp.storage.AbstractStorage save
INFO: &amp#27;[32mSave bd33c810-1c98-435d-8c46-902386889659(uuid7617)
сент. 19, 2025 6:42:50 PM webapp.storage.AbstractStorage save
INFO: &amp#27;[32mSave cdfb4bc9-e059-4a20-b238-ad668a18112f(uuid7618)
сент. 19, 2025 6:42:50 PM webapp.storage.AbstractStorage save
INFO: &amp#27;[32mSave 67379d12-cb24-4cbc-95e1-8b1790a39336(uuid7619)
сент. 19, 2025 6:42:50 PM webapp.storage.AbstractStorage save
INFO: &amp#27;[32mSave 8795cba4-415a-40c5-baee-dc7b85f7a793(uuid7620)
сент. 19, 2025 6:42:50 PM webapp.storage.AbstractStorage save
INFO: &amp#27;[32mSave 3ce2c6cf-ee5a-4997-a0d5-99d769df5702(uuid7621)
сент. 19, 2025 6:42:50 PM webapp.storage.AbstractStorage save
INFO: &amp#27;[32mSave 72372e61-3f28-49c6-8dac-471d9e0bf85e(uuid7622)
сент. 19, 2025 6:42:50 PM webapp.storage.AbstractStorage save
INFO: &amp#27;[32mSave 8a8e498a-6aee-4b5a-aa34-cccd04b518d3(uuid7623)
сент. 19, 2025 6:42:50 PM webapp.storage.AbstractStorage save
INFO: &amp#27;[32mSave e8faf4c1-87b3-469a-aa2d-cf568104ad43(uuid7624)
сент. 19, 2025 6:42:50 PM webapp.storage.AbstractStorage save
INFO: &amp#27;[32mSave ce7ecf3a-f897-4d54-b25f-f6c32a310c4d(uuid7625)
сент. 19, 2025 6:42:50 PM webapp.storage.AbstractStorage save
INFO: &amp#27;[32mSave 82fa7b3f-777b-432f-9c46-15f711d57d4b(uuid7626)
сент. 19, 2025 6:42:50 PM webapp.storage.AbstractStorage save
INFO: &amp#27;[32mSave 25202878-088a-4b47-99e5-9196ed91a9bc(uuid7627)
сент. 19, 2025 6:42:50 PM webapp.storage.AbstractStorage save
INFO: &amp#27;[32mSave 98692afd-3abf-441b-b19d-6219de57039c(uuid7628)
сент. 19, 2025 6:42:50 PM webapp.storage.AbstractStorage save
INFO: &amp#27;[32mSave 4389a6f1-1d2e-4c33-b19a-6e1a8e17375e(uuid7629)
сент. 19, 2025 6:42:50 PM webapp.storage.AbstractStorage save
INFO: &amp#27;[32mSave 659da11c-c80f-4c7a-a5fe-5ce9d94ad601(uuid7630)
сент. 19, 2025 6:42:50 PM webapp.storage.AbstractStorage save
INFO: &amp#27;[32mSave 6779b789-bf1d-489d-b3ad-a03bf4a30ae8(uuid7631)
сент. 19, 2025 6:42:50 PM webapp.storage.AbstractStorage save
INFO: &amp#27;[32mSave c17c6287-bbc9-4af6-96fc-4525baf5b1f4(uuid7632)
сент. 19, 2025 6:42:50 PM webapp.storage.AbstractStorage save
INFO: &amp#27;[32mSave 771365bf-a1fb-4ad4-9c94-b9c32cc80d6b(uuid7633)
сент. 19, 2025 6:42:50 PM webapp.storage.AbstractStorage save
INFO: &amp#27;[32mSave e636feb7-4c84-41a1-b98f-1255b0fd9902(uuid7634)
сент. 19, 2025 6:42:50 PM webapp.storage.AbstractStorage save
INFO: &amp#27;[32mSave 1a1db3d4-4394-4f58-a3a2-326a99d19bdd(uuid7635)
сент. 19, 2025 6:42:50 PM webapp.storage.AbstractStorage save
INFO: &amp#27;[32mSave 71717a3f-0a9e-4501-9ead-99a35b692c02(uuid7636)
сент. 19, 2025 6:42:50 PM webapp.storage.AbstractStorage save
INFO: &amp#27;[32mSave 5a77573e-7065-45a2-8205-e6249697be7c(uuid7637)
сент. 19, 2025 6:42:50 PM webapp.storage.AbstractStorage save
INFO: &amp#27;[32mSave 6c642827-d821-4242-847f-7ba252659144(uuid7638)
сент. 19, 2025 6:42:50 PM webapp.storage.AbstractStorage save
INFO: &amp#27;[32mSave 9034d258-be9f-40af-87d2-54d967301203(uuid7639)
сент. 19, 2025 6:42:50 PM webapp.storage.AbstractStorage save
INFO: &amp#27;[32mSave b3dc0da8-ffba-4337-a8bc-d413058b4db1(uuid7640)
сент. 19, 2025 6:42:50 PM webapp.storage.AbstractStorage save
INFO: &amp#27;[32mSave 9bb8cfe3-af85-4607-91ab-21e9ff0dbd6f(uuid7641)
сент. 19, 2025 6:42:50 PM webapp.storage.AbstractStorage save
INFO: &amp#27;[32mSave 1ec5769c-67a1-4e22-852e-21d2b359f114(uuid7642)
сент. 19, 2025 6:42:50 PM webapp.storage.AbstractStorage save
INFO: &amp#27;[32mSave a379b46b-7852-487a-92eb-4a644dd715bc(uuid7643)
сент. 19, 2025 6:42:50 PM webapp.storage.AbstractStorage save
INFO: &amp#27;[32mSave 0ae2981a-81ef-460e-9da4-0e3bb79878a4(uuid7644)
сент. 19, 2025 6:42:50 PM webapp.storage.AbstractStorage save
INFO: &amp#27;[32mSave 29712c4f-c115-4857-942b-4ea140c1cb2f(uuid7645)
сент. 19, 2025 6:42:50 PM webapp.storage.AbstractStorage save
INFO: &amp#27;[32mSave c5331071-37d7-48b1-88c2-434fe6a3e095(uuid7646)
сент. 19, 2025 6:42:50 PM webapp.storage.AbstractStorage save
INFO: &amp#27;[32mSave 8bedb0c1-60cc-423b-846a-99ebd7b61b2c(uuid7647)
сент. 19, 2025 6:42:50 PM webapp.storage.AbstractStorage save
INFO: &amp#27;[32mSave c3c89d12-9123-4c79-933d-a069e0a6475e(uuid7648)
сент. 19, 2025 6:42:50 PM webapp.storage.AbstractStorage save
INFO: &amp#27;[32mSave 93bbb541-a25e-4843-8552-7ad7c0bb6b36(uuid7649)
сент. 19, 2025 6:42:50 PM webapp.storage.AbstractStorage save
INFO: &amp#27;[32mSave eda9e724-fb02-418d-9860-e28a5a7b69ec(uuid7650)
сент. 19, 2025 6:42:50 PM webapp.storage.AbstractStorage save
INFO: &amp#27;[32mSave 5f420364-e2b1-4921-9b9f-4416b0920035(uuid7651)
сент. 19, 2025 6:42:50 PM webapp.storage.AbstractStorage save
INFO: &amp#27;[32mSave ef08ef31-c539-48f0-a866-de278e3f5429(uuid7652)
сент. 19, 2025 6:42:50 PM webapp.storage.AbstractStorage save
INFO: &amp#27;[32mSave e9baf06f-46df-4c18-9f30-76968f5ffc21(uuid7653)
сент. 19, 2025 6:42:50 PM webapp.storage.AbstractStorage save
INFO: &amp#27;[32mSave 50212064-fa77-4739-a4a3-da3aa4a369bd(uuid7654)
сент. 19, 2025 6:42:50 PM webapp.storage.AbstractStorage save
INFO: &amp#27;[32mSave 332f03d9-415b-4cd5-ba92-fe8dc3f6fa59(uuid7655)
сент. 19, 2025 6:42:50 PM webapp.storage.AbstractStorage save
INFO: &amp#27;[32mSave 4619c69b-ae0f-4bce-9b03-720f7876c51a(uuid7656)
сент. 19, 2025 6:42:50 PM webapp.storage.AbstractStorage save
INFO: &amp#27;[32mSave 8c487cf1-b6d6-4522-aa35-eec2e6cba947(uuid7657)
сент. 19, 2025 6:42:50 PM webapp.storage.AbstractStorage save
INFO: &amp#27;[32mSave 757c8ae9-c66f-428f-8aa2-5fa979e989b3(uuid7658)
сент. 19, 2025 6:42:50 PM webapp.storage.AbstractStorage save
INFO: &amp#27;[32mSave 3ef95dcb-dce0-4c67-9637-010d6a002c22(uuid7659)
сент. 19, 2025 6:42:50 PM webapp.storage.AbstractStorage save
INFO: &amp#27;[32mSave 74730d69-21a7-42a2-9665-730d8ebad2eb(uuid7660)
сент. 19, 2025 6:42:50 PM webapp.storage.AbstractStorage save
INFO: &amp#27;[32mSave 9ed3870e-ed3c-45a4-ad59-a3aad4514bde(uuid7661)
сент. 19, 2025 6:42:50 PM webapp.storage.AbstractStorage save
INFO: &amp#27;[32mSave a26ed785-9219-458d-bd02-0c9a03c91943(uuid7662)
сент. 19, 2025 6:42:50 PM webapp.storage.AbstractStorage save
INFO: &amp#27;[32mSave a163ef19-9fc9-4ed7-b7b0-719e54085cbc(uuid7663)
сент. 19, 2025 6:42:50 PM webapp.storage.AbstractStorage save
INFO: &amp#27;[32mSave 58a235c8-3dfb-49b6-8a0f-cf9367fc1891(uuid7664)
сент. 19, 2025 6:42:50 PM webapp.storage.AbstractStorage save
INFO: &amp#27;[32mSave bf9ea88e-1848-4b6c-be24-aec4b80f9497(uuid7665)
сент. 19, 2025 6:42:50 PM webapp.storage.AbstractStorage save
INFO: &amp#27;[32mSave 139f6e26-d066-4acc-9f11-7c09b24d115b(uuid7666)
сент. 19, 2025 6:42:50 PM webapp.storage.AbstractStorage save
INFO: &amp#27;[32mSave 33f90d7d-7c7d-48f2-8d6c-b5e8481ff263(uuid7667)
сент. 19, 2025 6:42:50 PM webapp.storage.AbstractStorage save
INFO: &amp#27;[32mSave 4338259b-b2b8-468c-8862-3818274ed1c3(uuid7668)
сент. 19, 2025 6:42:50 PM webapp.storage.AbstractStorage save
INFO: &amp#27;[32mSave e028e1e4-5d06-45f2-bddd-6fa871ccbfed(uuid7669)
сент. 19, 2025 6:42:50 PM webapp.storage.AbstractStorage save
INFO: &amp#27;[32mSave 67afa165-2a59-4c5c-a626-b282a0e0a646(uuid7670)
сент. 19, 2025 6:42:50 PM webapp.storage.AbstractStorage save
INFO: &amp#27;[32mSave b26a762f-7bf0-4898-9c61-1248529aeb51(uuid7671)
сент. 19, 2025 6:42:50 PM webapp.storage.AbstractStorage save
INFO: &amp#27;[32mSave 6881a964-f694-4376-a4d4-116d8262255f(uuid7672)
сент. 19, 2025 6:42:50 PM webapp.storage.AbstractStorage save
INFO: &amp#27;[32mSave b7727af1-2c1a-486c-b3e9-d7eef6051dce(uuid7673)
сент. 19, 2025 6:42:50 PM webapp.storage.AbstractStorage save
INFO: &amp#27;[32mSave 804d46b3-17c4-4e33-9b56-ea55052599c7(uuid7674)
сент. 19, 2025 6:42:50 PM webapp.storage.AbstractStorage save
INFO: &amp#27;[32mSave 67906521-c84b-4936-b0e8-292399100193(uuid7675)
сент. 19, 2025 6:42:50 PM webapp.storage.AbstractStorage save
INFO: &amp#27;[32mSave d58013fc-f49d-41fb-a6ba-49f17c251cb3(uuid7676)
сент. 19, 2025 6:42:50 PM webapp.storage.AbstractStorage save
INFO: &amp#27;[32mSave a5f69f90-fe6f-4b55-87bc-d6e44c2c0d6f(uuid7677)
сент. 19, 2025 6:42:50 PM webapp.storage.AbstractStorage save
INFO: &amp#27;[32mSave 58e25adf-377b-402f-aa6c-08f35c55d13e(uuid7678)
сент. 19, 2025 6:42:50 PM webapp.storage.AbstractStorage save
INFO: &amp#27;[32mSave f5cd5b2a-41cd-4bb5-9f45-5228cae6efb9(uuid7679)
сент. 19, 2025 6:42:50 PM webapp.storage.AbstractStorage save
INFO: &amp#27;[32mSave 0f1e9a3c-e529-4a7f-8631-e702f7cb79b3(uuid7680)
сент. 19, 2025 6:42:50 PM webapp.storage.AbstractStorage save
INFO: &amp#27;[32mSave db064243-a7b8-4e57-bcf8-f95df229d8b0(uuid7681)
сент. 19, 2025 6:42:50 PM webapp.storage.AbstractStorage save
INFO: &amp#27;[32mSave 1aa4acf9-8304-4489-a252-cca9264e98e2(uuid7682)
сент. 19, 2025 6:42:50 PM webapp.storage.AbstractStorage save
INFO: &amp#27;[32mSave bf78a1d9-6f23-4fe5-9a91-9aca4ee7c78f(uuid7683)
сент. 19, 2025 6:42:50 PM webapp.storage.AbstractStorage save
INFO: &amp#27;[32mSave a9ad1474-9404-4d7e-932d-f3a639303dfd(uuid7684)
сент. 19, 2025 6:42:50 PM webapp.storage.AbstractStorage save
INFO: &amp#27;[32mSave e288358b-b5a5-433e-b7e4-53d8ab1722d9(uuid7685)
сент. 19, 2025 6:42:50 PM webapp.storage.AbstractStorage save
INFO: &amp#27;[32mSave 8f2251ae-44c9-49f0-bc3e-d53bfab4ad2a(uuid7686)
сент. 19, 2025 6:42:50 PM webapp.storage.AbstractStorage save
INFO: &amp#27;[32mSave 7f11a2b9-b4c0-4b0f-9048-a70d970b49c3(uuid7687)
сент. 19, 2025 6:42:50 PM webapp.storage.AbstractStorage save
INFO: &amp#27;[32mSave 55e07dff-96e5-4e48-92c3-3e084961d931(uuid7688)
сент. 19, 2025 6:42:50 PM webapp.storage.AbstractStorage save
INFO: &amp#27;[32mSave 1800d827-4606-463c-9cd6-7269456799c9(uuid7689)
сент. 19, 2025 6:42:50 PM webapp.storage.AbstractStorage save
INFO: &amp#27;[32mSave 76503079-2446-46ca-92a9-9c742cbc7a39(uuid7690)
сент. 19, 2025 6:42:50 PM webapp.storage.AbstractStorage save
INFO: &amp#27;[32mSave 493d9fb4-3c0d-47bb-a634-2016c60a4feb(uuid7691)
сент. 19, 2025 6:42:50 PM webapp.storage.AbstractStorage save
INFO: &amp#27;[32mSave e72d985b-0ae5-4c51-b365-dfadc72868cf(uuid7692)
сент. 19, 2025 6:42:50 PM webapp.storage.AbstractStorage save
INFO: &amp#27;[32mSave 90619b0a-c6cd-4a5c-a238-71c21f04f2e3(uuid7693)
сент. 19, 2025 6:42:50 PM webapp.storage.AbstractStorage save
INFO: &amp#27;[32mSave 684f9bc8-aed7-4372-b146-6cb53369dccb(uuid7694)
сент. 19, 2025 6:42:50 PM webapp.storage.AbstractStorage save
INFO: &amp#27;[32mSave 4453fb0b-088d-4dd2-b07e-55b1c714cb53(uuid7695)
сент. 19, 2025 6:42:50 PM webapp.storage.AbstractStorage save
INFO: &amp#27;[32mSave 4bd50050-7151-41c2-85b5-3b12fe3dd0cb(uuid7696)
сент. 19, 2025 6:42:50 PM webapp.storage.AbstractStorage save
INFO: &amp#27;[32mSave 4944e0c7-90d8-47f4-ac12-34e9fb92ed77(uuid7697)
сент. 19, 2025 6:42:50 PM webapp.storage.AbstractStorage save
INFO: &amp#27;[32mSave 16182387-c417-4ce2-bde4-264ec043c251(uuid7698)
сент. 19, 2025 6:42:50 PM webapp.storage.AbstractStorage save
INFO: &amp#27;[32mSave 3ce929b1-55bc-4e0d-a451-1a645b893b9b(uuid7699)
сент. 19, 2025 6:42:50 PM webapp.storage.AbstractStorage save
INFO: &amp#27;[32mSave 1f3e60f4-9535-49e5-b6f8-9fcff9879885(uuid7700)
сент. 19, 2025 6:42:50 PM webapp.storage.AbstractStorage save
INFO: &amp#27;[32mSave 88f22e0e-e67d-4068-a16c-4eba061e313e(uuid7701)
сент. 19, 2025 6:42:50 PM webapp.storage.AbstractStorage save
INFO: &amp#27;[32mSave abcbfa52-d4ea-42ff-a1f8-51852fb7151b(uuid7702)
сент. 19, 2025 6:42:50 PM webapp.storage.AbstractStorage save
INFO: &amp#27;[32mSave c6a8f905-3ada-482f-a8f2-d2844e99c049(uuid7703)
сент. 19, 2025 6:42:50 PM webapp.storage.AbstractStorage save
INFO: &amp#27;[32mSave 46d8cddd-ba50-441f-b00b-5b305ad3a32d(uuid7704)
сент. 19, 2025 6:42:50 PM webapp.storage.AbstractStorage save
INFO: &amp#27;[32mSave 27c95073-37bc-4fe5-85b3-c33234523ca3(uuid7705)
сент. 19, 2025 6:42:50 PM webapp.storage.AbstractStorage save
INFO: &amp#27;[32mSave 29137ab6-4015-4871-b2f0-e5efd7b319ac(uuid7706)
сент. 19, 2025 6:42:50 PM webapp.storage.AbstractStorage save
INFO: &amp#27;[32mSave 8a30f023-ed03-406d-bbb2-571f56d3702e(uuid7707)
сент. 19, 2025 6:42:50 PM webapp.storage.AbstractStorage save
INFO: &amp#27;[32mSave 8adf7881-ae78-4189-b246-64a084e674ab(uuid7708)
сент. 19, 2025 6:42:50 PM webapp.storage.AbstractStorage save
INFO: &amp#27;[32mSave 39e50690-c252-4a89-a68d-7afdc847dfaa(uuid7709)
сент. 19, 2025 6:42:50 PM webapp.storage.AbstractStorage save
INFO: &amp#27;[32mSave f5fbfcbf-3539-4de7-ba8f-deac798c1512(uuid7710)
сент. 19, 2025 6:42:50 PM webapp.storage.AbstractStorage save
INFO: &amp#27;[32mSave 41cb6741-971e-4c3a-82e8-46a5d977f813(uuid7711)
сент. 19, 2025 6:42:50 PM webapp.storage.AbstractStorage save
INFO: &amp#27;[32mSave b92f6a32-bea7-455d-854b-b04be87929ba(uuid7712)
сент. 19, 2025 6:42:50 PM webapp.storage.AbstractStorage save
INFO: &amp#27;[32mSave e2768b18-b2e1-4363-b405-d188801c8f69(uuid7713)
сент. 19, 2025 6:42:50 PM webapp.storage.AbstractStorage save
INFO: &amp#27;[32mSave 955f4d62-0267-4d3f-812c-4d06eb105291(uuid7714)
сент. 19, 2025 6:42:50 PM webapp.storage.AbstractStorage save
INFO: &amp#27;[32mSave 47b98736-3367-432b-a266-0881955cce11(uuid7715)
сент. 19, 2025 6:42:50 PM webapp.storage.AbstractStorage save
INFO: &amp#27;[32mSave 0341f6ee-ed25-4fbb-85d4-b62672f3cd06(uuid7716)
сент. 19, 2025 6:42:50 PM webapp.storage.AbstractStorage save
INFO: &amp#27;[32mSave e4cc6032-6d58-453a-9577-5e6b6d6f7fc7(uuid7717)
сент. 19, 2025 6:42:50 PM webapp.storage.AbstractStorage save
INFO: &amp#27;[32mSave 2b700dfe-765d-4a63-8114-9eb6fe4b800e(uuid7718)
сент. 19, 2025 6:42:50 PM webapp.storage.AbstractStorage save
INFO: &amp#27;[32mSave a62ad779-190e-4053-9259-fa79387fd99c(uuid7719)
сент. 19, 2025 6:42:50 PM webapp.storage.AbstractStorage save
INFO: &amp#27;[32mSave c58b6787-5eb6-4961-844d-9658778c5736(uuid7720)
сент. 19, 2025 6:42:50 PM webapp.storage.AbstractStorage save
INFO: &amp#27;[32mSave 9488ccd0-3d06-4b9e-ab9f-f9ba810d6bea(uuid7721)
сент. 19, 2025 6:42:50 PM webapp.storage.AbstractStorage save
INFO: &amp#27;[32mSave a165b4fa-bf49-489b-8f98-c072d8181766(uuid7722)
сент. 19, 2025 6:42:50 PM webapp.storage.AbstractStorage save
INFO: &amp#27;[32mSave 03bfa135-ab73-48b4-913b-7a3f3e1d5df3(uuid7723)
сент. 19, 2025 6:42:50 PM webapp.storage.AbstractStorage save
INFO: &amp#27;[32mSave 7aba8a73-8d32-461d-9c70-74759fb468b9(uuid7724)
сент. 19, 2025 6:42:50 PM webapp.storage.AbstractStorage save
INFO: &amp#27;[32mSave ac58d953-88c5-4470-9fe8-28bf2235b525(uuid7725)
сент. 19, 2025 6:42:50 PM webapp.storage.AbstractStorage save
INFO: &amp#27;[32mSave c9b80dc3-cbe4-402a-83b0-34a9a3a96287(uuid7726)
сент. 19, 2025 6:42:50 PM webapp.storage.AbstractStorage save
INFO: &amp#27;[32mSave fca20ed4-9ead-4ffa-ba2d-94a8b1f187d7(uuid7727)
сент. 19, 2025 6:42:50 PM webapp.storage.AbstractStorage save
INFO: &amp#27;[32mSave 0f239f58-48cb-4f11-bba9-6a987cf6e1f5(uuid7728)
сент. 19, 2025 6:42:50 PM webapp.storage.AbstractStorage save
INFO: &amp#27;[32mSave adfdf5b9-2adb-4e3c-83d2-797f4a777a8a(uuid7729)
сент. 19, 2025 6:42:50 PM webapp.storage.AbstractStorage save
INFO: &amp#27;[32mSave 3394cca4-48d1-4e47-92d4-cdde9e8f8006(uuid7730)
сент. 19, 2025 6:42:50 PM webapp.storage.AbstractStorage save
INFO: &amp#27;[32mSave 0e0b662c-cb02-4729-9984-6926db7ccefc(uuid7731)
сент. 19, 2025 6:42:50 PM webapp.storage.AbstractStorage save
INFO: &amp#27;[32mSave 9942be63-263a-424b-bc29-6d6f90d12f72(uuid7732)
сент. 19, 2025 6:42:50 PM webapp.storage.AbstractStorage save
INFO: &amp#27;[32mSave 4a6824d1-8e44-498a-b407-74f8a1c6bdcf(uuid7733)
сент. 19, 2025 6:42:50 PM webapp.storage.AbstractStorage save
INFO: &amp#27;[32mSave 5fff603e-785e-4911-a17b-ff782ca674c7(uuid7734)
сент. 19, 2025 6:42:50 PM webapp.storage.AbstractStorage save
INFO: &amp#27;[32mSave f5c48337-7143-45fc-942c-39fb3f49ed89(uuid7735)
сент. 19, 2025 6:42:50 PM webapp.storage.AbstractStorage save
INFO: &amp#27;[32mSave ab70a71c-c038-46a3-9111-b17bfb9347d7(uuid7736)
сент. 19, 2025 6:42:50 PM webapp.storage.AbstractStorage save
INFO: &amp#27;[32mSave 599b27f6-df11-4a4c-b5bd-585335980dc2(uuid7737)
сент. 19, 2025 6:42:50 PM webapp.storage.AbstractStorage save
INFO: &amp#27;[32mSave 630016c7-7897-4a7f-a58c-55ba5319816e(uuid7738)
сент. 19, 2025 6:42:50 PM webapp.storage.AbstractStorage save
INFO: &amp#27;[32mSave 95ade0b0-6ac9-4ff4-87b7-89d17903fbf3(uuid7739)
сент. 19, 2025 6:42:50 PM webapp.storage.AbstractStorage save
INFO: &amp#27;[32mSave 1d8d5425-db7a-4236-8a2f-81a92b194477(uuid7740)
сент. 19, 2025 6:42:50 PM webapp.storage.AbstractStorage save
INFO: &amp#27;[32mSave a21f8e4d-d90f-4076-8c37-075bacd7217c(uuid7741)
сент. 19, 2025 6:42:50 PM webapp.storage.AbstractStorage save
INFO: &amp#27;[32mSave f449589f-6f21-4d58-92c6-8cb926d8e95a(uuid7742)
сент. 19, 2025 6:42:50 PM webapp.storage.AbstractStorage save
INFO: &amp#27;[32mSave 3bb08a32-f7e4-4a28-899c-3c8435f3431d(uuid7743)
сент. 19, 2025 6:42:50 PM webapp.storage.AbstractStorage save
INFO: &amp#27;[32mSave b4bbf6da-1d86-4bd3-bd9f-1b599b68960f(uuid7744)
сент. 19, 2025 6:42:50 PM webapp.storage.AbstractStorage save
INFO: &amp#27;[32mSave 252370a1-c682-480c-88cc-27414c0afa95(uuid7745)
сент. 19, 2025 6:42:50 PM webapp.storage.AbstractStorage save
INFO: &amp#27;[32mSave b45ab2e9-bf17-4d6b-a65a-c024d0ea65a6(uuid7746)
сент. 19, 2025 6:42:50 PM webapp.storage.AbstractStorage save
INFO: &amp#27;[32mSave 14c4bf2a-9b63-477b-bce1-80b198749305(uuid7747)
сент. 19, 2025 6:42:50 PM webapp.storage.AbstractStorage save
INFO: &amp#27;[32mSave 06f96134-6e6d-4f97-83bb-5012686bb2dc(uuid7748)
сент. 19, 2025 6:42:50 PM webapp.storage.AbstractStorage save
INFO: &amp#27;[32mSave 368b1710-9d96-4468-82db-aea9e3ed6768(uuid7749)
сент. 19, 2025 6:42:50 PM webapp.storage.AbstractStorage save
INFO: &amp#27;[32mSave 1630a8da-e8b4-4e53-ae92-db591479e2b6(uuid7750)
сент. 19, 2025 6:42:50 PM webapp.storage.AbstractStorage save
INFO: &amp#27;[32mSave 642d5b38-182f-4841-9348-9ea397bd6d63(uuid7751)
сент. 19, 2025 6:42:50 PM webapp.storage.AbstractStorage save
INFO: &amp#27;[32mSave 3d8d6be5-18f1-43e7-997f-82a7461d2b07(uuid7752)
сент. 19, 2025 6:42:50 PM webapp.storage.AbstractStorage save
INFO: &amp#27;[32mSave d2d2f3fe-a3d2-4c87-a1b3-cf8b7739e923(uuid7753)
сент. 19, 2025 6:42:50 PM webapp.storage.AbstractStorage save
INFO: &amp#27;[32mSave a089e50b-aeec-4a13-9a4f-6f889a6ee3e2(uuid7754)
сент. 19, 2025 6:42:50 PM webapp.storage.AbstractStorage save
INFO: &amp#27;[32mSave 65dce96f-807c-4713-8cdc-28a7e0e0968e(uuid7755)
сент. 19, 2025 6:42:50 PM webapp.storage.AbstractStorage save
INFO: &amp#27;[32mSave 458ce4c3-82ba-438f-9c36-93ccec99d92c(uuid7756)
сент. 19, 2025 6:42:50 PM webapp.storage.AbstractStorage save
INFO: &amp#27;[32mSave bd9a3b1a-69b0-4fdb-ad0b-ebcf0d8d2e13(uuid7757)
сент. 19, 2025 6:42:50 PM webapp.storage.AbstractStorage save
INFO: &amp#27;[32mSave bda1ba8c-77af-44ad-90bf-248c5d0a4d49(uuid7758)
сент. 19, 2025 6:42:50 PM webapp.storage.AbstractStorage save
INFO: &amp#27;[32mSave 2ab5903f-061e-4694-a6d6-b68436842175(uuid7759)
сент. 19, 2025 6:42:50 PM webapp.storage.AbstractStorage save
INFO: &amp#27;[32mSave 1f348e28-dd85-4bef-af54-791da0cf75e6(uuid7760)
сент. 19, 2025 6:42:50 PM webapp.storage.AbstractStorage save
INFO: &amp#27;[32mSave eaed7f13-aee8-4bf4-970b-3504dbc27fec(uuid7761)
сент. 19, 2025 6:42:50 PM webapp.storage.AbstractStorage save
INFO: &amp#27;[32mSave 627ad6c2-ebdf-4b20-9fb7-0a84b2fffa89(uuid7762)
сент. 19, 2025 6:42:50 PM webapp.storage.AbstractStorage save
INFO: &amp#27;[32mSave 6d85f9a0-dd1d-4976-b949-190d3da156ba(uuid7763)
сент. 19, 2025 6:42:50 PM webapp.storage.AbstractStorage save
INFO: &amp#27;[32mSave 2d0708dd-1614-4698-a70d-9f1b1f234aea(uuid7764)
сент. 19, 2025 6:42:50 PM webapp.storage.AbstractStorage save
INFO: &amp#27;[32mSave 9132e9b5-6cd6-400d-8551-3142fca4345b(uuid7765)
сент. 19, 2025 6:42:50 PM webapp.storage.AbstractStorage save
INFO: &amp#27;[32mSave 89ad3ddd-234d-4edd-9902-ed22680886f3(uuid7766)
сент. 19, 2025 6:42:50 PM webapp.storage.AbstractStorage save
INFO: &amp#27;[32mSave d73dd8bd-7ecc-471a-b469-b058ad6b0e59(uuid7767)
сент. 19, 2025 6:42:50 PM webapp.storage.AbstractStorage save
INFO: &amp#27;[32mSave a54057f5-00d1-49ea-94b2-dca8b1db0ff5(uuid7768)
сент. 19, 2025 6:42:50 PM webapp.storage.AbstractStorage save
INFO: &amp#27;[32mSave 534ce351-987e-4e00-9111-cec5f99195cc(uuid7769)
сент. 19, 2025 6:42:50 PM webapp.storage.AbstractStorage save
INFO: &amp#27;[32mSave 32015c4e-f561-4f3e-a1df-f738608e1e1a(uuid7770)
сент. 19, 2025 6:42:50 PM webapp.storage.AbstractStorage save
INFO: &amp#27;[32mSave 199604d3-bddc-45c4-b23a-b23c22462c26(uuid7771)
сент. 19, 2025 6:42:50 PM webapp.storage.AbstractStorage save
INFO: &amp#27;[32mSave b19a6a4a-2949-4ca5-ad3d-18c80825c138(uuid7772)
сент. 19, 2025 6:42:50 PM webapp.storage.AbstractStorage save
INFO: &amp#27;[32mSave 4c2b1b97-8b90-43ca-a058-9450c169228e(uuid7773)
сент. 19, 2025 6:42:50 PM webapp.storage.AbstractStorage save
INFO: &amp#27;[32mSave 6a94fd9b-af5a-4bbd-a7b1-01c3a7ef998d(uuid7774)
сент. 19, 2025 6:42:50 PM webapp.storage.AbstractStorage save
INFO: &amp#27;[32mSave 05c05ca2-8067-4519-a479-b458045ec84f(uuid7775)
сент. 19, 2025 6:42:50 PM webapp.storage.AbstractStorage save
INFO: &amp#27;[32mSave a5f8b4dc-f825-4d4f-8044-b831bf08c083(uuid7776)
сент. 19, 2025 6:42:50 PM webapp.storage.AbstractStorage save
INFO: &amp#27;[32mSave 63a15d4c-1cb3-42c8-a2eb-93bd71fc51ac(uuid7777)
сент. 19, 2025 6:42:50 PM webapp.storage.AbstractStorage save
INFO: &amp#27;[32mSave d3e85c8b-5844-4628-8418-d43a99f1b4fa(uuid7778)
сент. 19, 2025 6:42:50 PM webapp.storage.AbstractStorage save
INFO: &amp#27;[32mSave 7d4d0c4f-bb21-4281-9ccb-a71f8330b3ea(uuid7779)
сент. 19, 2025 6:42:50 PM webapp.storage.AbstractStorage save
INFO: &amp#27;[32mSave bb8823aa-f87e-461d-8f04-70bb8ac91a87(uuid7780)
сент. 19, 2025 6:42:50 PM webapp.storage.AbstractStorage save
INFO: &amp#27;[32mSave f71377e8-33a0-458a-aa5d-98aaeabbe2b5(uuid7781)
сент. 19, 2025 6:42:50 PM webapp.storage.AbstractStorage save
INFO: &amp#27;[32mSave 4c61b499-d3b3-48b9-b36f-bb4284cef608(uuid7782)
сент. 19, 2025 6:42:50 PM webapp.storage.AbstractStorage save
INFO: &amp#27;[32mSave 0f9db6fa-c729-4eb4-8d24-aa5b4541fb2e(uuid7783)
сент. 19, 2025 6:42:50 PM webapp.storage.AbstractStorage save
INFO: &amp#27;[32mSave 143cc51f-8610-49f3-8f48-012d2aed4683(uuid7784)
сент. 19, 2025 6:42:50 PM webapp.storage.AbstractStorage save
INFO: &amp#27;[32mSave 42be03c8-5a53-47cf-a27c-ba6cbfefcfef(uuid7785)
сент. 19, 2025 6:42:50 PM webapp.storage.AbstractStorage save
INFO: &amp#27;[32mSave 1765f56f-e403-4a9e-9782-de089b6a5ff4(uuid7786)
сент. 19, 2025 6:42:50 PM webapp.storage.AbstractStorage save
INFO: &amp#27;[32mSave ad830c92-2e89-4f72-8fac-d96f6a4697fb(uuid7787)
сент. 19, 2025 6:42:50 PM webapp.storage.AbstractStorage save
INFO: &amp#27;[32mSave 67b23289-5303-433d-b5af-b93f6216fe5d(uuid7788)
сент. 19, 2025 6:42:50 PM webapp.storage.AbstractStorage save
INFO: &amp#27;[32mSave 1344f013-2a83-461c-ad41-6429f32fe1cd(uuid7789)
сент. 19, 2025 6:42:50 PM webapp.storage.AbstractStorage save
INFO: &amp#27;[32mSave af75fe05-60ac-40f9-953a-32a6ece83d4b(uuid7790)
сент. 19, 2025 6:42:50 PM webapp.storage.AbstractStorage save
INFO: &amp#27;[32mSave 547c35f6-a545-4021-940f-2b64b2bc2bf4(uuid7791)
сент. 19, 2025 6:42:50 PM webapp.storage.AbstractStorage save
INFO: &amp#27;[32mSave ed497fb2-7f7c-4c2d-8d40-2d3b6e290789(uuid7792)
сент. 19, 2025 6:42:50 PM webapp.storage.AbstractStorage save
INFO: &amp#27;[32mSave 7eb5bfad-c7ee-4c73-9398-b505c9d9e8b0(uuid7793)
сент. 19, 2025 6:42:50 PM webapp.storage.AbstractStorage save
INFO: &amp#27;[32mSave ceec6941-a3e0-4d48-ba15-dd55ce483e07(uuid7794)
сент. 19, 2025 6:42:50 PM webapp.storage.AbstractStorage save
INFO: &amp#27;[32mSave c6e17e86-ffe8-473c-81ee-bb2c18d8cf3d(uuid7795)
сент. 19, 2025 6:42:50 PM webapp.storage.AbstractStorage save
INFO: &amp#27;[32mSave fdf15345-433c-4eed-9365-1e62cbcb1436(uuid7796)
сент. 19, 2025 6:42:50 PM webapp.storage.AbstractStorage save
INFO: &amp#27;[32mSave 8fdc73e8-d7ea-4e2b-ac69-73142bc55431(uuid7797)
сент. 19, 2025 6:42:50 PM webapp.storage.AbstractStorage save
INFO: &amp#27;[32mSave dd6fdbc7-6a89-45b7-aa6e-3ee77bea6faf(uuid7798)
сент. 19, 2025 6:42:50 PM webapp.storage.AbstractStorage save
INFO: &amp#27;[32mSave 63fdbf25-1bc4-4279-a701-aabd3116fbd2(uuid7799)
сент. 19, 2025 6:42:50 PM webapp.storage.AbstractStorage save
INFO: &amp#27;[32mSave fd87732b-3d66-42a8-bd38-a129bd0338b9(uuid7800)
сент. 19, 2025 6:42:50 PM webapp.storage.AbstractStorage save
INFO: &amp#27;[32mSave dcf6b696-4a23-4d28-a808-7d4eac11ad62(uuid7801)
сент. 19, 2025 6:42:50 PM webapp.storage.AbstractStorage save
INFO: &amp#27;[32mSave a0ad9eb5-d680-4cc0-8e9e-0fd93c1a883a(uuid7802)
сент. 19, 2025 6:42:50 PM webapp.storage.AbstractStorage save
INFO: &amp#27;[32mSave 5c206bbe-ac3b-4336-b51b-bb525e07561d(uuid7803)
сент. 19, 2025 6:42:50 PM webapp.storage.AbstractStorage save
INFO: &amp#27;[32mSave c96ae7b1-9996-4875-b4c1-13eb74717fa9(uuid7804)
сент. 19, 2025 6:42:50 PM webapp.storage.AbstractStorage save
INFO: &amp#27;[32mSave 8cdb213f-f756-424d-803e-d7ca98901745(uuid7805)
сент. 19, 2025 6:42:50 PM webapp.storage.AbstractStorage save
INFO: &amp#27;[32mSave e489a553-a824-4c5d-a1ca-a56123f1d75a(uuid7806)
сент. 19, 2025 6:42:50 PM webapp.storage.AbstractStorage save
INFO: &amp#27;[32mSave af7f0a3f-88e0-46b7-994c-4c856cc03a25(uuid7807)
сент. 19, 2025 6:42:50 PM webapp.storage.AbstractStorage save
INFO: &amp#27;[32mSave 23dbedba-7d5a-4956-9a3d-c2e701373b79(uuid7808)
сент. 19, 2025 6:42:50 PM webapp.storage.AbstractStorage save
INFO: &amp#27;[32mSave 984c7b24-865f-4c61-8521-25e6a69ef7e1(uuid7809)
сент. 19, 2025 6:42:50 PM webapp.storage.AbstractStorage save
INFO: &amp#27;[32mSave 10aef492-0c81-4db3-acbc-0720c0f842d5(uuid7810)
сент. 19, 2025 6:42:50 PM webapp.storage.AbstractStorage save
INFO: &amp#27;[32mSave 29714618-47ba-42a4-b4b1-a8fd225ded05(uuid7811)
сент. 19, 2025 6:42:50 PM webapp.storage.AbstractStorage save
INFO: &amp#27;[32mSave 2448e690-486a-48cc-80cd-09137cc7ca32(uuid7812)
сент. 19, 2025 6:42:50 PM webapp.storage.AbstractStorage save
INFO: &amp#27;[32mSave 7eee5a27-aab4-4ef9-b9db-316d255307ff(uuid7813)
сент. 19, 2025 6:42:50 PM webapp.storage.AbstractStorage save
INFO: &amp#27;[32mSave 27b152eb-8b25-4f80-9e9a-f49088522e16(uuid7814)
сент. 19, 2025 6:42:50 PM webapp.storage.AbstractStorage save
INFO: &amp#27;[32mSave cec10d9f-4d5e-4401-9cb8-e3f80b2c3d97(uuid7815)
сент. 19, 2025 6:42:50 PM webapp.storage.AbstractStorage save
INFO: &amp#27;[32mSave 6b04a972-4f9b-4aaa-880e-d489005e61b8(uuid7816)
сент. 19, 2025 6:42:50 PM webapp.storage.AbstractStorage save
INFO: &amp#27;[32mSave ad26ad51-2b41-4f7c-acb9-e51ec63cfef8(uuid7817)
сент. 19, 2025 6:42:50 PM webapp.storage.AbstractStorage save
INFO: &amp#27;[32mSave 079df758-cf7c-4eb3-960c-34f2fd2101af(uuid7818)
сент. 19, 2025 6:42:50 PM webapp.storage.AbstractStorage save
INFO: &amp#27;[32mSave 666d46b5-a322-4d52-aeee-b2185e7024b8(uuid7819)
сент. 19, 2025 6:42:50 PM webapp.storage.AbstractStorage save
INFO: &amp#27;[32mSave 17643197-0036-4f7a-96ad-a8cdaab981ab(uuid7820)
сент. 19, 2025 6:42:50 PM webapp.storage.AbstractStorage save
INFO: &amp#27;[32mSave 0b72a53e-5546-45a6-a43b-d0827ee90b90(uuid7821)
сент. 19, 2025 6:42:50 PM webapp.storage.AbstractStorage save
INFO: &amp#27;[32mSave 34bcde5e-34cc-4d85-a588-645cad4bd5f3(uuid7822)
сент. 19, 2025 6:42:50 PM webapp.storage.AbstractStorage save
INFO: &amp#27;[32mSave 5bedea6c-7a24-4b25-916d-57528562ac27(uuid7823)
сент. 19, 2025 6:42:50 PM webapp.storage.AbstractStorage save
INFO: &amp#27;[32mSave a0415a9c-397e-421b-8e1c-d076d698336f(uuid7824)
сент. 19, 2025 6:42:50 PM webapp.storage.AbstractStorage save
INFO: &amp#27;[32mSave 8fcd70c8-124c-4d1c-9a6f-33fb9f183f22(uuid7825)
сент. 19, 2025 6:42:50 PM webapp.storage.AbstractStorage save
INFO: &amp#27;[32mSave 84fbcf11-e003-42e7-add1-c36c10a463c3(uuid7826)
сент. 19, 2025 6:42:50 PM webapp.storage.AbstractStorage save
INFO: &amp#27;[32mSave eace8a8a-566f-4cda-8a39-7b31c21b7ded(uuid7827)
сент. 19, 2025 6:42:50 PM webapp.storage.AbstractStorage save
INFO: &amp#27;[32mSave a7381e2e-71ad-4c4e-a0fa-cd7bb835be90(uuid7828)
сент. 19, 2025 6:42:50 PM webapp.storage.AbstractStorage save
INFO: &amp#27;[32mSave dfb249b1-0660-44e5-8805-ed743d09e01c(uuid7829)
сент. 19, 2025 6:42:50 PM webapp.storage.AbstractStorage save
INFO: &amp#27;[32mSave f4b70ba0-9463-41aa-94be-e28cbb3234e5(uuid7830)
сент. 19, 2025 6:42:50 PM webapp.storage.AbstractStorage save
INFO: &amp#27;[32mSave 3bdd9810-4c7b-4f85-8c68-7f6da383e565(uuid7831)
сент. 19, 2025 6:42:50 PM webapp.storage.AbstractStorage save
INFO: &amp#27;[32mSave add8809a-5cba-4caa-8ac6-d4a58b3ae22f(uuid7832)
сент. 19, 2025 6:42:50 PM webapp.storage.AbstractStorage save
INFO: &amp#27;[32mSave c3332234-d34e-4c64-9b0d-426dff4de66e(uuid7833)
сент. 19, 2025 6:42:50 PM webapp.storage.AbstractStorage save
INFO: &amp#27;[32mSave 8a43d315-e162-4ec1-a62d-9bf9b0db1e64(uuid7834)
сент. 19, 2025 6:42:50 PM webapp.storage.AbstractStorage save
INFO: &amp#27;[32mSave 9df27180-97e9-4398-b810-b1a020879ee2(uuid7835)
сент. 19, 2025 6:42:50 PM webapp.storage.AbstractStorage save
INFO: &amp#27;[32mSave 4bf7a3e5-b96a-467a-ae94-a155382fb8a5(uuid7836)
сент. 19, 2025 6:42:50 PM webapp.storage.AbstractStorage save
INFO: &amp#27;[32mSave 07e2e930-3075-42ad-af45-9947077ade18(uuid7837)
сент. 19, 2025 6:42:50 PM webapp.storage.AbstractStorage save
INFO: &amp#27;[32mSave 4d2a86b9-eea1-4e66-ac84-3870f1217fcf(uuid7838)
сент. 19, 2025 6:42:50 PM webapp.storage.AbstractStorage save
INFO: &amp#27;[32mSave b62ae4dc-c727-4a12-b373-0dbb3a591cca(uuid7839)
сент. 19, 2025 6:42:50 PM webapp.storage.AbstractStorage save
INFO: &amp#27;[32mSave 72358bd5-40a9-4df5-8340-e9ea45506528(uuid7840)
сент. 19, 2025 6:42:50 PM webapp.storage.AbstractStorage save
INFO: &amp#27;[32mSave 58f1ea6c-71ea-48b9-8589-884f53d726d9(uuid7841)
сент. 19, 2025 6:42:50 PM webapp.storage.AbstractStorage save
INFO: &amp#27;[32mSave cfb185c0-27b2-4078-a669-adbefda39138(uuid7842)
сент. 19, 2025 6:42:50 PM webapp.storage.AbstractStorage save
INFO: &amp#27;[32mSave 7b72a405-badd-450e-94f7-8a3e232f2ee7(uuid7843)
сент. 19, 2025 6:42:50 PM webapp.storage.AbstractStorage save
INFO: &amp#27;[32mSave c2f5da62-5ca9-4233-9c14-fd4b5129e307(uuid7844)
сент. 19, 2025 6:42:50 PM webapp.storage.AbstractStorage save
INFO: &amp#27;[32mSave 61c303c0-405e-4fa2-8c54-784c4228d487(uuid7845)
сент. 19, 2025 6:42:50 PM webapp.storage.AbstractStorage save
INFO: &amp#27;[32mSave 9cfc774f-a9cd-4baf-b3f2-e3c6d74cdf78(uuid7846)
сент. 19, 2025 6:42:50 PM webapp.storage.AbstractStorage save
INFO: &amp#27;[32mSave 5e6c31a0-37ce-4b72-a59d-0f4eae46ffaf(uuid7847)
сент. 19, 2025 6:42:50 PM webapp.storage.AbstractStorage save
INFO: &amp#27;[32mSave 39ce084d-4921-47cb-a497-63e9784bea97(uuid7848)
сент. 19, 2025 6:42:50 PM webapp.storage.AbstractStorage save
INFO: &amp#27;[32mSave 1508b18c-3a6b-4bff-914a-f5b86da2b8c8(uuid7849)
сент. 19, 2025 6:42:50 PM webapp.storage.AbstractStorage save
INFO: &amp#27;[32mSave 3cc538ac-d2f9-4dbe-8647-f8a6b06f9d41(uuid7850)
сент. 19, 2025 6:42:50 PM webapp.storage.AbstractStorage save
INFO: &amp#27;[32mSave 502ba7bf-c4dc-4daf-8c01-a285ad8fa569(uuid7851)
сент. 19, 2025 6:42:50 PM webapp.storage.AbstractStorage save
INFO: &amp#27;[32mSave cd801586-58e8-4a53-b485-2afaaaf90d01(uuid7852)
сент. 19, 2025 6:42:50 PM webapp.storage.AbstractStorage save
INFO: &amp#27;[32mSave c16318ee-9197-4481-a017-9bb99fdc54bb(uuid7853)
сент. 19, 2025 6:42:50 PM webapp.storage.AbstractStorage save
INFO: &amp#27;[32mSave a9cdb694-0378-4f02-96a0-34e0800dcc3d(uuid7854)
сент. 19, 2025 6:42:50 PM webapp.storage.AbstractStorage save
INFO: &amp#27;[32mSave c5319255-9984-4a2a-a769-f298f57e1775(uuid7855)
сент. 19, 2025 6:42:50 PM webapp.storage.AbstractStorage save
INFO: &amp#27;[32mSave 5cab46e3-2f3a-4b6d-9714-63f96cf89e5d(uuid7856)
сент. 19, 2025 6:42:50 PM webapp.storage.AbstractStorage save
INFO: &amp#27;[32mSave 6069f6c6-f6eb-4d9a-8e58-866b83e1afe5(uuid7857)
сент. 19, 2025 6:42:50 PM webapp.storage.AbstractStorage save
INFO: &amp#27;[32mSave 90cc098e-6d79-4f66-bd35-6d0f554eba22(uuid7858)
сент. 19, 2025 6:42:50 PM webapp.storage.AbstractStorage save
INFO: &amp#27;[32mSave 6d78bddf-2896-4957-9ec8-c749046cb710(uuid7859)
сент. 19, 2025 6:42:50 PM webapp.storage.AbstractStorage save
INFO: &amp#27;[32mSave 9cda2199-480f-4c96-8f7e-613598bb7bfe(uuid7860)
сент. 19, 2025 6:42:50 PM webapp.storage.AbstractStorage save
INFO: &amp#27;[32mSave 9c250a86-7ba2-481a-a266-d0ea75befa61(uuid7861)
сент. 19, 2025 6:42:50 PM webapp.storage.AbstractStorage save
INFO: &amp#27;[32mSave 8047ac98-d5ab-4c89-a3ea-40adea3cac43(uuid7862)
сент. 19, 2025 6:42:50 PM webapp.storage.AbstractStorage save
INFO: &amp#27;[32mSave fc38e657-47eb-4539-83cb-e975a02d549e(uuid7863)
сент. 19, 2025 6:42:50 PM webapp.storage.AbstractStorage save
INFO: &amp#27;[32mSave ab6d74c9-00d5-469e-8262-58a7e7c92567(uuid7864)
сент. 19, 2025 6:42:50 PM webapp.storage.AbstractStorage save
INFO: &amp#27;[32mSave 2727deac-497f-4b10-8442-cba79369605b(uuid7865)
сент. 19, 2025 6:42:50 PM webapp.storage.AbstractStorage save
INFO: &amp#27;[32mSave 03f30df2-b280-4a3d-b7d4-78d2f6298689(uuid7866)
сент. 19, 2025 6:42:50 PM webapp.storage.AbstractStorage save
INFO: &amp#27;[32mSave 8fb6996f-3b12-44c1-8773-83d64886495f(uuid7867)
сент. 19, 2025 6:42:50 PM webapp.storage.AbstractStorage save
INFO: &amp#27;[32mSave af374768-76ac-47dd-8012-54e23da35ad7(uuid7868)
сент. 19, 2025 6:42:50 PM webapp.storage.AbstractStorage save
INFO: &amp#27;[32mSave 2c7228ac-be81-439b-ae35-9cc94a4c836a(uuid7869)
сент. 19, 2025 6:42:50 PM webapp.storage.AbstractStorage save
INFO: &amp#27;[32mSave 4c20ae1f-bb8a-47ed-9abd-3e04f6f92b3f(uuid7870)
сент. 19, 2025 6:42:50 PM webapp.storage.AbstractStorage save
INFO: &amp#27;[32mSave 6a13a456-0348-489c-be62-4d9e38645429(uuid7871)
сент. 19, 2025 6:42:50 PM webapp.storage.AbstractStorage save
INFO: &amp#27;[32mSave e6f4223b-9e72-4984-9986-80d593926b95(uuid7872)
сент. 19, 2025 6:42:50 PM webapp.storage.AbstractStorage save
INFO: &amp#27;[32mSave 63953e89-941f-4262-a0ed-ede21e3596b8(uuid7873)
сент. 19, 2025 6:42:50 PM webapp.storage.AbstractStorage save
INFO: &amp#27;[32mSave a85b6239-6b4a-4fde-bc4e-222f3d6bbb71(uuid7874)
сент. 19, 2025 6:42:50 PM webapp.storage.AbstractStorage save
INFO: &amp#27;[32mSave 527ec773-0f6e-4a1c-abb3-49aac28bfd35(uuid7875)
сент. 19, 2025 6:42:50 PM webapp.storage.AbstractStorage save
INFO: &amp#27;[32mSave 8daae21e-d584-4039-ac67-c6257a1bcca5(uuid7876)
сент. 19, 2025 6:42:50 PM webapp.storage.AbstractStorage save
INFO: &amp#27;[32mSave a51e23d0-310b-44ac-9ce1-6bae54cb0649(uuid7877)
сент. 19, 2025 6:42:50 PM webapp.storage.AbstractStorage save
INFO: &amp#27;[32mSave 84751009-8428-436e-adc4-b17df42e913f(uuid7878)
сент. 19, 2025 6:42:50 PM webapp.storage.AbstractStorage save
INFO: &amp#27;[32mSave 707bb8e3-386f-48b0-a787-9f308228e17a(uuid7879)
сент. 19, 2025 6:42:50 PM webapp.storage.AbstractStorage save
INFO: &amp#27;[32mSave 7539ae5c-5d4e-4010-9622-6507ba393998(uuid7880)
сент. 19, 2025 6:42:50 PM webapp.storage.AbstractStorage save
INFO: &amp#27;[32mSave 33f65ad2-b188-4b31-9a38-c66fdb941334(uuid7881)
сент. 19, 2025 6:42:50 PM webapp.storage.AbstractStorage save
INFO: &amp#27;[32mSave c1a832da-e5a3-4930-9381-16bfa9abf295(uuid7882)
сент. 19, 2025 6:42:50 PM webapp.storage.AbstractStorage save
INFO: &amp#27;[32mSave cfebbae5-d7bf-4e77-8a3c-0c6aab13a3f4(uuid7883)
сент. 19, 2025 6:42:50 PM webapp.storage.AbstractStorage save
INFO: &amp#27;[32mSave cb78fdb6-5e69-45c3-a969-1fa01e1b02ec(uuid7884)
сент. 19, 2025 6:42:50 PM webapp.storage.AbstractStorage save
INFO: &amp#27;[32mSave 00b2b1f8-8289-48db-977b-45bfa73212e3(uuid7885)
сент. 19, 2025 6:42:50 PM webapp.storage.AbstractStorage save
INFO: &amp#27;[32mSave ef8397e3-d2f6-4736-aace-ddf9c4bd6cc9(uuid7886)
сент. 19, 2025 6:42:50 PM webapp.storage.AbstractStorage save
INFO: &amp#27;[32mSave 49ce64ec-ccbc-4d1b-9897-aefdde113c7d(uuid7887)
сент. 19, 2025 6:42:50 PM webapp.storage.AbstractStorage save
INFO: &amp#27;[32mSave fe71a589-1150-460e-b08f-97aeaad6c92c(uuid7888)
сент. 19, 2025 6:42:50 PM webapp.storage.AbstractStorage save
INFO: &amp#27;[32mSave d07d8811-339d-46e2-b0f0-929d59d2b730(uuid7889)
сент. 19, 2025 6:42:50 PM webapp.storage.AbstractStorage save
INFO: &amp#27;[32mSave 8360114e-cefe-4f78-b11d-712976a08b45(uuid7890)
сент. 19, 2025 6:42:50 PM webapp.storage.AbstractStorage save
INFO: &amp#27;[32mSave b23398a8-0a57-486f-ae1d-b7836a58aed0(uuid7891)
сент. 19, 2025 6:42:50 PM webapp.storage.AbstractStorage save
INFO: &amp#27;[32mSave dfb94ed1-cd2a-4056-8639-b583d95f85d8(uuid7892)
сент. 19, 2025 6:42:50 PM webapp.storage.AbstractStorage save
INFO: &amp#27;[32mSave 383bf554-a3fa-4cbe-bf83-f9bc640a3484(uuid7893)
сент. 19, 2025 6:42:50 PM webapp.storage.AbstractStorage save
INFO: &amp#27;[32mSave 3b34f31d-bc9f-4ae6-89ed-7644a62e4283(uuid7894)
сент. 19, 2025 6:42:50 PM webapp.storage.AbstractStorage save
INFO: &amp#27;[32mSave fc95d541-a0d1-4aa9-a95b-4bc585c0e98c(uuid7895)
сент. 19, 2025 6:42:50 PM webapp.storage.AbstractStorage save
INFO: &amp#27;[32mSave b759795f-6696-45f1-88f7-5563a3f1429e(uuid7896)
сент. 19, 2025 6:42:50 PM webapp.storage.AbstractStorage save
INFO: &amp#27;[32mSave 7402e4e5-33de-49ce-bef2-35f577e1f772(uuid7897)
сент. 19, 2025 6:42:50 PM webapp.storage.AbstractStorage save
INFO: &amp#27;[32mSave 46364f70-93f8-416b-a312-5c99b13f9821(uuid7898)
сент. 19, 2025 6:42:50 PM webapp.storage.AbstractStorage save
INFO: &amp#27;[32mSave 0b9e34b8-d658-4e68-9109-3111f8ee3aff(uuid7899)
сент. 19, 2025 6:42:50 PM webapp.storage.AbstractStorage save
INFO: &amp#27;[32mSave 72f14b9c-082a-47c9-af1f-a6e88f7960f1(uuid7900)
сент. 19, 2025 6:42:50 PM webapp.storage.AbstractStorage save
INFO: &amp#27;[32mSave 5a0f9c8f-1f2e-432a-8c5a-1e5740dd8833(uuid7901)
сент. 19, 2025 6:42:50 PM webapp.storage.AbstractStorage save
INFO: &amp#27;[32mSave 18592593-c5ad-423f-969a-84450ecb300d(uuid7902)
сент. 19, 2025 6:42:50 PM webapp.storage.AbstractStorage save
INFO: &amp#27;[32mSave e21eb579-2e5b-40eb-83fa-1b3ae3fa5414(uuid7903)
сент. 19, 2025 6:42:50 PM webapp.storage.AbstractStorage save
INFO: &amp#27;[32mSave 835fd070-824b-4fa2-bbfb-a7e85df25853(uuid7904)
сент. 19, 2025 6:42:50 PM webapp.storage.AbstractStorage save
INFO: &amp#27;[32mSave d03f516f-0574-40d9-9ed6-35403e89f23c(uuid7905)
сент. 19, 2025 6:42:50 PM webapp.storage.AbstractStorage save
INFO: &amp#27;[32mSave d4dee682-75d9-4ea7-9d1c-8f60362bb2ec(uuid7906)
сент. 19, 2025 6:42:50 PM webapp.storage.AbstractStorage save
INFO: &amp#27;[32mSave fb444d46-84f2-4447-a557-ce8abd0e789a(uuid7907)
сент. 19, 2025 6:42:50 PM webapp.storage.AbstractStorage save
INFO: &amp#27;[32mSave 0d86309b-5214-4011-9192-ff1c5d06bddd(uuid7908)
сент. 19, 2025 6:42:50 PM webapp.storage.AbstractStorage save
INFO: &amp#27;[32mSave 8b926894-ea90-4d60-87c3-ff63ebc7e8bc(uuid7909)
сент. 19, 2025 6:42:50 PM webapp.storage.AbstractStorage save
INFO: &amp#27;[32mSave e08af349-0819-4369-8d2d-3c5ee56102a2(uuid7910)
сент. 19, 2025 6:42:50 PM webapp.storage.AbstractStorage save
INFO: &amp#27;[32mSave 905f186e-9cc0-44b1-8dfa-accbc076787e(uuid7911)
сент. 19, 2025 6:42:50 PM webapp.storage.AbstractStorage save
INFO: &amp#27;[32mSave 85234f7f-1b5a-427e-90f9-4ad551f71550(uuid7912)
сент. 19, 2025 6:42:50 PM webapp.storage.AbstractStorage save
INFO: &amp#27;[32mSave 1d78a522-19e0-42de-b954-f37e15b08997(uuid7913)
сент. 19, 2025 6:42:50 PM webapp.storage.AbstractStorage save
INFO: &amp#27;[32mSave b37e4e63-547f-4ba2-8014-dc3e14d502db(uuid7914)
сент. 19, 2025 6:42:50 PM webapp.storage.AbstractStorage save
INFO: &amp#27;[32mSave d1e2c532-4da3-4849-b65f-ce3bd07927b9(uuid7915)
сент. 19, 2025 6:42:50 PM webapp.storage.AbstractStorage save
INFO: &amp#27;[32mSave 0bf9dbb5-d41c-4f6f-a478-51cadbf36181(uuid7916)
сент. 19, 2025 6:42:50 PM webapp.storage.AbstractStorage save
INFO: &amp#27;[32mSave 665eb4d6-a523-4694-b91e-a3448f72c38b(uuid7917)
сент. 19, 2025 6:42:50 PM webapp.storage.AbstractStorage save
INFO: &amp#27;[32mSave 6a97e869-163f-4a86-b7ed-a01ad172bc70(uuid7918)
сент. 19, 2025 6:42:50 PM webapp.storage.AbstractStorage save
INFO: &amp#27;[32mSave e2d9e1c8-0f0d-4336-9f88-267114876aca(uuid7919)
сент. 19, 2025 6:42:50 PM webapp.storage.AbstractStorage save
INFO: &amp#27;[32mSave 26017b9d-fe48-44fd-93ad-485e702b159d(uuid7920)
сент. 19, 2025 6:42:50 PM webapp.storage.AbstractStorage save
INFO: &amp#27;[32mSave 16283150-3dfe-4bd8-b46a-832db67c1680(uuid7921)
сент. 19, 2025 6:42:50 PM webapp.storage.AbstractStorage save
INFO: &amp#27;[32mSave 93f60a4c-7e9d-46d4-9742-155c3dc3972b(uuid7922)
сент. 19, 2025 6:42:50 PM webapp.storage.AbstractStorage save
INFO: &amp#27;[32mSave cf56812b-b780-4d60-97a3-8f684961f754(uuid7923)
сент. 19, 2025 6:42:50 PM webapp.storage.AbstractStorage save
INFO: &amp#27;[32mSave 6ec7990d-bd2f-48ba-8157-76e95ec31786(uuid7924)
сент. 19, 2025 6:42:50 PM webapp.storage.AbstractStorage save
INFO: &amp#27;[32mSave 9dbdbf66-ea86-4ea0-a589-e696205be7c3(uuid7925)
сент. 19, 2025 6:42:50 PM webapp.storage.AbstractStorage save
INFO: &amp#27;[32mSave 554d0430-3fca-4a2f-bf12-4fa6055b9f15(uuid7926)
сент. 19, 2025 6:42:50 PM webapp.storage.AbstractStorage save
INFO: &amp#27;[32mSave c9a9b9ad-9046-449a-a02d-cdf1bbc7c348(uuid7927)
сент. 19, 2025 6:42:50 PM webapp.storage.AbstractStorage save
INFO: &amp#27;[32mSave 3ff58f14-e4d9-4aa7-ad2b-74008f593f15(uuid7928)
сент. 19, 2025 6:42:50 PM webapp.storage.AbstractStorage save
INFO: &amp#27;[32mSave be5c3c5d-886b-40f6-8fdd-b472fcc042e3(uuid7929)
сент. 19, 2025 6:42:50 PM webapp.storage.AbstractStorage save
INFO: &amp#27;[32mSave 26865d3d-6bbc-4e27-bfb4-602f35312fe1(uuid7930)
сент. 19, 2025 6:42:50 PM webapp.storage.AbstractStorage save
INFO: &amp#27;[32mSave b8e96387-e548-43a2-85a8-675f65f6f8f6(uuid7931)
сент. 19, 2025 6:42:50 PM webapp.storage.AbstractStorage save
INFO: &amp#27;[32mSave daa8de33-fbf0-4e43-b6b6-5279be381668(uuid7932)
сент. 19, 2025 6:42:50 PM webapp.storage.AbstractStorage save
INFO: &amp#27;[32mSave 0337372d-d90e-4df8-a679-ada5244be69b(uuid7933)
сент. 19, 2025 6:42:50 PM webapp.storage.AbstractStorage save
INFO: &amp#27;[32mSave ca62dde5-27a8-44f3-a737-629fb16f24bd(uuid7934)
сент. 19, 2025 6:42:50 PM webapp.storage.AbstractStorage save
INFO: &amp#27;[32mSave 0cd5da1c-5da2-4f5c-8c58-8cffa65dda84(uuid7935)
сент. 19, 2025 6:42:50 PM webapp.storage.AbstractStorage save
INFO: &amp#27;[32mSave 481a1140-ddf6-400a-8d87-8f9db9d4ce81(uuid7936)
сент. 19, 2025 6:42:50 PM webapp.storage.AbstractStorage save
INFO: &amp#27;[32mSave 833d4fbe-a46d-4efe-81c3-4b7213ab924b(uuid7937)
сент. 19, 2025 6:42:50 PM webapp.storage.AbstractStorage save
INFO: &amp#27;[32mSave 6b4476c8-2d4f-44ea-8ab5-7fa87dfca0b2(uuid7938)
сент. 19, 2025 6:42:50 PM webapp.storage.AbstractStorage save
INFO: &amp#27;[32mSave 4179a168-4a41-4410-a791-27d017cef869(uuid7939)
сент. 19, 2025 6:42:50 PM webapp.storage.AbstractStorage save
INFO: &amp#27;[32mSave e47cab3d-52e8-4313-9594-d8b420b4bcac(uuid7940)
сент. 19, 2025 6:42:50 PM webapp.storage.AbstractStorage save
INFO: &amp#27;[32mSave f160abbd-e729-4fd8-b796-e0bdeb796a8e(uuid7941)
сент. 19, 2025 6:42:50 PM webapp.storage.AbstractStorage save
INFO: &amp#27;[32mSave e159b11f-91d3-4701-bb22-3a565ad2d940(uuid7942)
сент. 19, 2025 6:42:50 PM webapp.storage.AbstractStorage save
INFO: &amp#27;[32mSave d40fdce9-a723-4049-b4f6-838410c6b1be(uuid7943)
сент. 19, 2025 6:42:50 PM webapp.storage.AbstractStorage save
INFO: &amp#27;[32mSave a915e874-b4d5-491c-ab4b-81fd1f76f37d(uuid7944)
сент. 19, 2025 6:42:50 PM webapp.storage.AbstractStorage save
INFO: &amp#27;[32mSave 9cda4db9-7204-471f-bcae-1f8cbdab5a15(uuid7945)
сент. 19, 2025 6:42:50 PM webapp.storage.AbstractStorage save
INFO: &amp#27;[32mSave a7e56b21-cfe8-4984-a9e6-ca22d7a6ac7a(uuid7946)
сент. 19, 2025 6:42:50 PM webapp.storage.AbstractStorage save
INFO: &amp#27;[32mSave cd0a0607-e201-4b27-9958-341130d042e8(uuid7947)
сент. 19, 2025 6:42:50 PM webapp.storage.AbstractStorage save
INFO: &amp#27;[32mSave fbaf34aa-2a57-479f-81ab-1decdd880c9f(uuid7948)
сент. 19, 2025 6:42:50 PM webapp.storage.AbstractStorage save
INFO: &amp#27;[32mSave 4807ca64-497a-485b-b665-4c287146c017(uuid7949)
сент. 19, 2025 6:42:50 PM webapp.storage.AbstractStorage save
INFO: &amp#27;[32mSave 1bfb5ff0-1a9f-4a2f-b058-f2bd167becf5(uuid7950)
сент. 19, 2025 6:42:50 PM webapp.storage.AbstractStorage save
INFO: &amp#27;[32mSave 80eaec86-b6cc-40c8-a377-c5c7fd965099(uuid7951)
сент. 19, 2025 6:42:50 PM webapp.storage.AbstractStorage save
INFO: &amp#27;[32mSave 22937ca3-d3cc-445b-b92c-56bcd98a533f(uuid7952)
сент. 19, 2025 6:42:50 PM webapp.storage.AbstractStorage save
INFO: &amp#27;[32mSave 36c93846-411d-46cb-9fb6-3bafe0c5d13a(uuid7953)
сент. 19, 2025 6:42:50 PM webapp.storage.AbstractStorage save
INFO: &amp#27;[32mSave 8396e831-db50-4507-8238-10d298b38488(uuid7954)
сент. 19, 2025 6:42:50 PM webapp.storage.AbstractStorage save
INFO: &amp#27;[32mSave ec09a4fd-f66f-41b1-bf1b-7489b14c7143(uuid7955)
сент. 19, 2025 6:42:50 PM webapp.storage.AbstractStorage save
INFO: &amp#27;[32mSave 9e322bde-2a91-43dc-b8f3-1e9b053e3dcc(uuid7956)
сент. 19, 2025 6:42:50 PM webapp.storage.AbstractStorage save
INFO: &amp#27;[32mSave 8c0fb6e3-8529-468f-92dd-8b71e16f7db6(uuid7957)
сент. 19, 2025 6:42:50 PM webapp.storage.AbstractStorage save
INFO: &amp#27;[32mSave d75f40dd-6e7d-4377-bee7-3e0c22f8ff38(uuid7958)
сент. 19, 2025 6:42:50 PM webapp.storage.AbstractStorage save
INFO: &amp#27;[32mSave c1beefd7-1201-4988-858b-7835983b6a75(uuid7959)
сент. 19, 2025 6:42:50 PM webapp.storage.AbstractStorage save
INFO: &amp#27;[32mSave f901686a-0f96-48eb-8cd4-80683e840010(uuid7960)
сент. 19, 2025 6:42:50 PM webapp.storage.AbstractStorage save
INFO: &amp#27;[32mSave 04651a8a-ccd2-4131-b10c-8c49d0fdb0d9(uuid7961)
сент. 19, 2025 6:42:50 PM webapp.storage.AbstractStorage save
INFO: &amp#27;[32mSave 1f358904-2ae2-497f-b1c5-dc9857c5f9d9(uuid7962)
сент. 19, 2025 6:42:50 PM webapp.storage.AbstractStorage save
INFO: &amp#27;[32mSave 18ad1b1e-e903-4099-8b1b-ae50b4419ea1(uuid7963)
сент. 19, 2025 6:42:50 PM webapp.storage.AbstractStorage save
INFO: &amp#27;[32mSave 9288d4e6-6ec4-4365-b615-aef851eb1837(uuid7964)
сент. 19, 2025 6:42:50 PM webapp.storage.AbstractStorage save
INFO: &amp#27;[32mSave 4cda9412-f3c9-4822-9d73-785466d48016(uuid7965)
сент. 19, 2025 6:42:50 PM webapp.storage.AbstractStorage save
INFO: &amp#27;[32mSave f58a8912-9041-47cf-92a0-fe263fadd24d(uuid7966)
сент. 19, 2025 6:42:50 PM webapp.storage.AbstractStorage save
INFO: &amp#27;[32mSave e739a2fc-6c0a-46e5-8bcc-395f0056f193(uuid7967)
сент. 19, 2025 6:42:50 PM webapp.storage.AbstractStorage save
INFO: &amp#27;[32mSave 571cdca4-e0db-4ceb-ad40-d98535078506(uuid7968)
сент. 19, 2025 6:42:50 PM webapp.storage.AbstractStorage save
INFO: &amp#27;[32mSave c8f4934b-4feb-425c-bcb8-76658f874ede(uuid7969)
сент. 19, 2025 6:42:50 PM webapp.storage.AbstractStorage save
INFO: &amp#27;[32mSave 52b5c1dc-038f-4d3a-91ed-dfe1e9bc5071(uuid7970)
сент. 19, 2025 6:42:50 PM webapp.storage.AbstractStorage save
INFO: &amp#27;[32mSave 0ef434e0-3dd8-4d71-a082-106b867b64d7(uuid7971)
сент. 19, 2025 6:42:50 PM webapp.storage.AbstractStorage save
INFO: &amp#27;[32mSave d3c07d82-0f62-46e2-8c9a-873cfee13b24(uuid7972)
сент. 19, 2025 6:42:50 PM webapp.storage.AbstractStorage save
INFO: &amp#27;[32mSave 9988bf4f-ef88-4e7b-9e50-5790fb57d1e9(uuid7973)
сент. 19, 2025 6:42:50 PM webapp.storage.AbstractStorage save
INFO: &amp#27;[32mSave 813eef94-cf5e-4515-965b-5bd0895a66b8(uuid7974)
сент. 19, 2025 6:42:50 PM webapp.storage.AbstractStorage save
INFO: &amp#27;[32mSave 3dd61523-0e5f-441d-8617-77a54d25024d(uuid7975)
сент. 19, 2025 6:42:50 PM webapp.storage.AbstractStorage save
INFO: &amp#27;[32mSave 7c4487a1-cfc2-4b8c-8896-3d79b5001c4a(uuid7976)
сент. 19, 2025 6:42:50 PM webapp.storage.AbstractStorage save
INFO: &amp#27;[32mSave 23887fa5-96fe-4833-a083-3714545d1693(uuid7977)
сент. 19, 2025 6:42:50 PM webapp.storage.AbstractStorage save
INFO: &amp#27;[32mSave 79d19c53-2859-431e-b787-a8f85e4d0ede(uuid7978)
сент. 19, 2025 6:42:50 PM webapp.storage.AbstractStorage save
INFO: &amp#27;[32mSave 18f69e36-d6c9-4422-b0d4-d6a038170389(uuid7979)
сент. 19, 2025 6:42:50 PM webapp.storage.AbstractStorage save
INFO: &amp#27;[32mSave 2f93aed9-b504-41b5-bc9b-b39c93fbaeac(uuid7980)
сент. 19, 2025 6:42:50 PM webapp.storage.AbstractStorage save
INFO: &amp#27;[32mSave 0a87d5e7-0bea-4b46-af03-bea0d5ebfe27(uuid7981)
сент. 19, 2025 6:42:50 PM webapp.storage.AbstractStorage save
INFO: &amp#27;[32mSave e95d0746-4169-4a2e-a478-4d53faf5174f(uuid7982)
сент. 19, 2025 6:42:50 PM webapp.storage.AbstractStorage save
INFO: &amp#27;[32mSave 64e79513-6444-4069-b0e8-7dfb7e6b9ff0(uuid7983)
сент. 19, 2025 6:42:50 PM webapp.storage.AbstractStorage save
INFO: &amp#27;[32mSave 36a22578-fd7d-43de-a6ce-031ea91a37d1(uuid7984)
сент. 19, 2025 6:42:50 PM webapp.storage.AbstractStorage save
INFO: &amp#27;[32mSave 6edd880b-de87-4aec-9610-8f01f778700e(uuid7985)
сент. 19, 2025 6:42:50 PM webapp.storage.AbstractStorage save
INFO: &amp#27;[32mSave 5a87c999-523c-4b5e-8454-4bbf167de506(uuid7986)
сент. 19, 2025 6:42:50 PM webapp.storage.AbstractStorage save
INFO: &amp#27;[32mSave f2317387-2cea-4379-a87e-95195e344ec8(uuid7987)
сент. 19, 2025 6:42:50 PM webapp.storage.AbstractStorage save
INFO: &amp#27;[32mSave f9e7c741-be8e-4667-abc9-f0151bcfe5ce(uuid7988)
сент. 19, 2025 6:42:50 PM webapp.storage.AbstractStorage save
INFO: &amp#27;[32mSave d3ce2858-9e58-4ab5-a8de-f79e442bb310(uuid7989)
сент. 19, 2025 6:42:50 PM webapp.storage.AbstractStorage save
INFO: &amp#27;[32mSave 6a0d133c-a0f0-4f55-b783-b5d7dea3c10d(uuid7990)
сент. 19, 2025 6:42:50 PM webapp.storage.AbstractStorage save
INFO: &amp#27;[32mSave 156ab3fe-cc94-4a24-9848-b750257dde27(uuid7991)
сент. 19, 2025 6:42:50 PM webapp.storage.AbstractStorage save
INFO: &amp#27;[32mSave a6ad53b1-2c7a-4e14-820a-24445e640e77(uuid7992)
сент. 19, 2025 6:42:50 PM webapp.storage.AbstractStorage save
INFO: &amp#27;[32mSave 57d9471a-8bbb-4bac-98e2-faa5ffa67e82(uuid7993)
сент. 19, 2025 6:42:50 PM webapp.storage.AbstractStorage save
INFO: &amp#27;[32mSave 81b40d34-a100-4727-bc81-1efa4d156e0b(uuid7994)
сент. 19, 2025 6:42:50 PM webapp.storage.AbstractStorage save
INFO: &amp#27;[32mSave ebc061ef-7080-497d-a398-d41d491021b2(uuid7995)
сент. 19, 2025 6:42:50 PM webapp.storage.AbstractStorage save
INFO: &amp#27;[32mSave 40c1ca03-7f86-4852-97b0-3d6810e1b6ee(uuid7996)
сент. 19, 2025 6:42:50 PM webapp.storage.AbstractStorage save
INFO: &amp#27;[32mSave bf615972-cefb-4314-be17-f9406c325d63(uuid7997)
сент. 19, 2025 6:42:50 PM webapp.storage.AbstractStorage save
INFO: &amp#27;[32mSave 414150a0-aa3f-4f85-b20e-2c350f6adc16(uuid7998)
сент. 19, 2025 6:42:50 PM webapp.storage.AbstractStorage save
INFO: &amp#27;[32mSave aeaad0ed-b100-42ce-8a24-0fd2f8f1d3bf(uuid7999)
сент. 19, 2025 6:42:50 PM webapp.storage.AbstractStorage save
INFO: &amp#27;[32mSave 2d5789a9-98d2-4d5b-b104-5d35263b1619(uuid8000)
сент. 19, 2025 6:42:50 PM webapp.storage.AbstractStorage save
INFO: &amp#27;[32mSave 7ecdd73d-555c-40bf-8dfd-9fae8bfec92c(uuid8001)
сент. 19, 2025 6:42:50 PM webapp.storage.AbstractStorage save
INFO: &amp#27;[32mSave a5169706-239e-4940-b7c1-fbba1d9ef1ec(uuid8002)
сент. 19, 2025 6:42:50 PM webapp.storage.AbstractStorage save
INFO: &amp#27;[32mSave d2846dbd-13ad-4b19-91dc-a935d83f1724(uuid8003)
сент. 19, 2025 6:42:50 PM webapp.storage.AbstractStorage save
INFO: &amp#27;[32mSave e09fbc66-0559-40ad-9757-47c803202df0(uuid8004)
сент. 19, 2025 6:42:50 PM webapp.storage.AbstractStorage save
INFO: &amp#27;[32mSave cd471117-eb3b-44c0-8469-5f1202ddac7e(uuid8005)
сент. 19, 2025 6:42:50 PM webapp.storage.AbstractStorage save
INFO: &amp#27;[32mSave 130d642f-8fe9-48eb-9df8-b4def9e19365(uuid8006)
сент. 19, 2025 6:42:50 PM webapp.storage.AbstractStorage save
INFO: &amp#27;[32mSave a722ddcd-969f-4214-9ba2-f22414c2082c(uuid8007)
сент. 19, 2025 6:42:50 PM webapp.storage.AbstractStorage save
INFO: &amp#27;[32mSave 72a4c1dc-ff2a-4fe5-92cc-7ffa2a90629b(uuid8008)
сент. 19, 2025 6:42:50 PM webapp.storage.AbstractStorage save
INFO: &amp#27;[32mSave b764d2df-7896-4711-8e01-f6a404f470af(uuid8009)
сент. 19, 2025 6:42:50 PM webapp.storage.AbstractStorage save
INFO: &amp#27;[32mSave c256a36d-a1a7-48e9-9637-0fbb3996f54b(uuid8010)
сент. 19, 2025 6:42:50 PM webapp.storage.AbstractStorage save
INFO: &amp#27;[32mSave 701e5d57-89c8-4f8d-a6d0-784475c90f1e(uuid8011)
сент. 19, 2025 6:42:50 PM webapp.storage.AbstractStorage save
INFO: &amp#27;[32mSave 0e190283-7408-4d51-be0a-afaae3161a6f(uuid8012)
сент. 19, 2025 6:42:50 PM webapp.storage.AbstractStorage save
INFO: &amp#27;[32mSave 55eeb18e-a8da-41cc-ba2a-f111ee8dac1d(uuid8013)
сент. 19, 2025 6:42:50 PM webapp.storage.AbstractStorage save
INFO: &amp#27;[32mSave f3d76c19-a992-41b0-bad2-947897ab48fc(uuid8014)
сент. 19, 2025 6:42:50 PM webapp.storage.AbstractStorage save
INFO: &amp#27;[32mSave a7097c8e-33c0-43b2-931f-20fc83c97404(uuid8015)
сент. 19, 2025 6:42:50 PM webapp.storage.AbstractStorage save
INFO: &amp#27;[32mSave b5f3341b-5682-42c9-a7fb-1831343cd642(uuid8016)
сент. 19, 2025 6:42:50 PM webapp.storage.AbstractStorage save
INFO: &amp#27;[32mSave bc853f02-aaae-4cc6-91da-b358f3fa416d(uuid8017)
сент. 19, 2025 6:42:50 PM webapp.storage.AbstractStorage save
INFO: &amp#27;[32mSave e6dad05c-4682-4476-8cbc-b5c243c94e22(uuid8018)
сент. 19, 2025 6:42:50 PM webapp.storage.AbstractStorage save
INFO: &amp#27;[32mSave 089d40db-85bc-428a-a953-b815584436b9(uuid8019)
сент. 19, 2025 6:42:50 PM webapp.storage.AbstractStorage save
INFO: &amp#27;[32mSave afdd77f0-6453-4bcf-a273-a1cac153d848(uuid8020)
сент. 19, 2025 6:42:50 PM webapp.storage.AbstractStorage save
INFO: &amp#27;[32mSave 312c348b-d321-47e5-9874-aad724410fd5(uuid8021)
сент. 19, 2025 6:42:50 PM webapp.storage.AbstractStorage save
INFO: &amp#27;[32mSave 7c18638d-9d49-4cf0-8425-8eb1985380e3(uuid8022)
сент. 19, 2025 6:42:50 PM webapp.storage.AbstractStorage save
INFO: &amp#27;[32mSave 63a3fc68-4e65-4309-8874-dafdcc3c76ed(uuid8023)
сент. 19, 2025 6:42:50 PM webapp.storage.AbstractStorage save
INFO: &amp#27;[32mSave e7c7daac-1ef4-496b-9675-c96e27595c4d(uuid8024)
сент. 19, 2025 6:42:50 PM webapp.storage.AbstractStorage save
INFO: &amp#27;[32mSave e75fd50e-50bb-4d8b-9b19-0154181522d3(uuid8025)
сент. 19, 2025 6:42:50 PM webapp.storage.AbstractStorage save
INFO: &amp#27;[32mSave 5159ba35-613e-4cba-bd00-501b98ad9493(uuid8026)
сент. 19, 2025 6:42:50 PM webapp.storage.AbstractStorage save
INFO: &amp#27;[32mSave 28ff676c-d2e9-40ce-a9f0-521a4789eb3b(uuid8027)
сент. 19, 2025 6:42:50 PM webapp.storage.AbstractStorage save
INFO: &amp#27;[32mSave 87a98e3c-b89e-4541-9a11-b4d9a62cc9fe(uuid8028)
сент. 19, 2025 6:42:50 PM webapp.storage.AbstractStorage save
INFO: &amp#27;[32mSave 55df2175-f205-4c17-88b6-a88427e6cee7(uuid8029)
сент. 19, 2025 6:42:50 PM webapp.storage.AbstractStorage save
INFO: &amp#27;[32mSave 71460b01-45b1-4b99-84a5-54192a0c6c0a(uuid8030)
сент. 19, 2025 6:42:50 PM webapp.storage.AbstractStorage save
INFO: &amp#27;[32mSave d23c7904-8872-471a-a0ed-be25551b7dc3(uuid8031)
сент. 19, 2025 6:42:50 PM webapp.storage.AbstractStorage save
INFO: &amp#27;[32mSave 67ee95ec-8d25-44ac-81d8-dd9aa3b449bf(uuid8032)
сент. 19, 2025 6:42:50 PM webapp.storage.AbstractStorage save
INFO: &amp#27;[32mSave 059d9a8b-081e-407d-9bfd-5e3942a1d5bb(uuid8033)
сент. 19, 2025 6:42:50 PM webapp.storage.AbstractStorage save
INFO: &amp#27;[32mSave d2f57936-f986-4c0d-ba7e-cc850e9e77fe(uuid8034)
сент. 19, 2025 6:42:50 PM webapp.storage.AbstractStorage save
INFO: &amp#27;[32mSave 7ae4012c-1a68-466f-a0ca-3c941f4f5cee(uuid8035)
сент. 19, 2025 6:42:50 PM webapp.storage.AbstractStorage save
INFO: &amp#27;[32mSave fd289051-18c5-47e4-98ed-eaac51324ec5(uuid8036)
сент. 19, 2025 6:42:50 PM webapp.storage.AbstractStorage save
INFO: &amp#27;[32mSave d4851989-6886-4d97-bf9b-76a87c05b133(uuid8037)
сент. 19, 2025 6:42:50 PM webapp.storage.AbstractStorage save
INFO: &amp#27;[32mSave 497f4f1e-aa68-47f9-ac6f-a98b5fe6f1d5(uuid8038)
сент. 19, 2025 6:42:50 PM webapp.storage.AbstractStorage save
INFO: &amp#27;[32mSave b5b23602-e7ee-40c3-9b2f-4edd2fb86b20(uuid8039)
сент. 19, 2025 6:42:50 PM webapp.storage.AbstractStorage save
INFO: &amp#27;[32mSave 2b9cd4b3-1d74-4bc2-96ef-bc3a988e160b(uuid8040)
сент. 19, 2025 6:42:50 PM webapp.storage.AbstractStorage save
INFO: &amp#27;[32mSave 3cf52b20-e037-4252-b012-305e48dc02da(uuid8041)
сент. 19, 2025 6:42:50 PM webapp.storage.AbstractStorage save
INFO: &amp#27;[32mSave 6338f1c7-cf72-47fe-9115-6e099b126f6f(uuid8042)
сент. 19, 2025 6:42:50 PM webapp.storage.AbstractStorage save
INFO: &amp#27;[32mSave dacb3fc6-abbd-48ba-a702-281427d86564(uuid8043)
сент. 19, 2025 6:42:50 PM webapp.storage.AbstractStorage save
INFO: &amp#27;[32mSave f7495ad2-a76a-4c98-b06b-726996b5089f(uuid8044)
сент. 19, 2025 6:42:50 PM webapp.storage.AbstractStorage save
INFO: &amp#27;[32mSave 430257b3-b4d5-48e9-9ce8-04e183f825d7(uuid8045)
сент. 19, 2025 6:42:50 PM webapp.storage.AbstractStorage save
INFO: &amp#27;[32mSave 6562ee17-a9bd-4f53-bf1e-b21bfe47c209(uuid8046)
сент. 19, 2025 6:42:50 PM webapp.storage.AbstractStorage save
INFO: &amp#27;[32mSave ce32f6a3-5e5e-47b8-ad04-9133aa237fbc(uuid8047)
сент. 19, 2025 6:42:50 PM webapp.storage.AbstractStorage save
INFO: &amp#27;[32mSave 8d53f45b-bec8-43cd-ad3f-041b98242ee6(uuid8048)
сент. 19, 2025 6:42:50 PM webapp.storage.AbstractStorage save
INFO: &amp#27;[32mSave 2210a786-816a-42ff-9f71-9aa59eb2c283(uuid8049)
сент. 19, 2025 6:42:50 PM webapp.storage.AbstractStorage save
INFO: &amp#27;[32mSave 952f9151-ffe6-4ce2-8e92-72915707f2d9(uuid8050)
сент. 19, 2025 6:42:50 PM webapp.storage.AbstractStorage save
INFO: &amp#27;[32mSave 7b4ba534-b232-4f37-96d2-32c792f0807f(uuid8051)
сент. 19, 2025 6:42:50 PM webapp.storage.AbstractStorage save
INFO: &amp#27;[32mSave 8dcd35aa-1404-4bdb-9782-3ff29bd21840(uuid8052)
сент. 19, 2025 6:42:50 PM webapp.storage.AbstractStorage save
INFO: &amp#27;[32mSave bad259bc-e523-40a4-a9b2-cebd17fefb08(uuid8053)
сент. 19, 2025 6:42:50 PM webapp.storage.AbstractStorage save
INFO: &amp#27;[32mSave e043cf1d-be5b-403d-b28f-ffa85368ab09(uuid8054)
сент. 19, 2025 6:42:50 PM webapp.storage.AbstractStorage save
INFO: &amp#27;[32mSave d2f9e357-118e-4b18-a362-7176838887fc(uuid8055)
сент. 19, 2025 6:42:50 PM webapp.storage.AbstractStorage save
INFO: &amp#27;[32mSave a9edb81a-351e-46b4-8c8d-dc88ab2e010d(uuid8056)
сент. 19, 2025 6:42:50 PM webapp.storage.AbstractStorage save
INFO: &amp#27;[32mSave dfc471e9-ef05-4bbd-9599-a5edce3ef3eb(uuid8057)
сент. 19, 2025 6:42:50 PM webapp.storage.AbstractStorage save
INFO: &amp#27;[32mSave b8bcec7b-4304-4e85-8ce4-676e6a77d9df(uuid8058)
сент. 19, 2025 6:42:50 PM webapp.storage.AbstractStorage save
INFO: &amp#27;[32mSave c444474d-164e-4600-9cce-37a591d6ef2d(uuid8059)
сент. 19, 2025 6:42:50 PM webapp.storage.AbstractStorage save
INFO: &amp#27;[32mSave 9a17a593-0fd6-4b52-aa74-43f1f171a433(uuid8060)
сент. 19, 2025 6:42:50 PM webapp.storage.AbstractStorage save
INFO: &amp#27;[32mSave 567c1b7c-363e-4c4a-9970-447189f5db7c(uuid8061)
сент. 19, 2025 6:42:50 PM webapp.storage.AbstractStorage save
INFO: &amp#27;[32mSave 25a18274-be6f-4f2c-932d-a434974468c6(uuid8062)
сент. 19, 2025 6:42:50 PM webapp.storage.AbstractStorage save
INFO: &amp#27;[32mSave e7d8afbd-759a-46f5-b844-430275311c63(uuid8063)
сент. 19, 2025 6:42:50 PM webapp.storage.AbstractStorage save
INFO: &amp#27;[32mSave 3b585585-b58c-4eb4-8b54-30869e3fa1d5(uuid8064)
сент. 19, 2025 6:42:50 PM webapp.storage.AbstractStorage save
INFO: &amp#27;[32mSave 51cbcc36-67a5-4c67-93ca-b4836cc2a82b(uuid8065)
сент. 19, 2025 6:42:50 PM webapp.storage.AbstractStorage save
INFO: &amp#27;[32mSave bb1d5b6d-c893-4747-a60c-3672a132f164(uuid8066)
сент. 19, 2025 6:42:50 PM webapp.storage.AbstractStorage save
INFO: &amp#27;[32mSave f7250559-cf92-4088-894a-5cf3d6473169(uuid8067)
сент. 19, 2025 6:42:50 PM webapp.storage.AbstractStorage save
INFO: &amp#27;[32mSave a4aa9668-c33c-43bc-b530-eab73d686ec0(uuid8068)
сент. 19, 2025 6:42:50 PM webapp.storage.AbstractStorage save
INFO: &amp#27;[32mSave 390dab43-fc98-41f6-8fc9-482d09edc68f(uuid8069)
сент. 19, 2025 6:42:50 PM webapp.storage.AbstractStorage save
INFO: &amp#27;[32mSave d75ef103-3df3-498d-8f41-4a9c19cbf5b5(uuid8070)
сент. 19, 2025 6:42:50 PM webapp.storage.AbstractStorage save
INFO: &amp#27;[32mSave f0c9b90c-2f89-4c5d-841c-b43c6d8305ae(uuid8071)
сент. 19, 2025 6:42:50 PM webapp.storage.AbstractStorage save
INFO: &amp#27;[32mSave 615bb65a-a513-4aba-acdf-f22d53980c78(uuid8072)
сент. 19, 2025 6:42:50 PM webapp.storage.AbstractStorage save
INFO: &amp#27;[32mSave 750fae21-865b-4e7b-96ec-267df770b548(uuid8073)
сент. 19, 2025 6:42:50 PM webapp.storage.AbstractStorage save
INFO: &amp#27;[32mSave 5981ddb8-eaf5-43ba-aac8-d29de4daa9cc(uuid8074)
сент. 19, 2025 6:42:50 PM webapp.storage.AbstractStorage save
INFO: &amp#27;[32mSave 297a883a-2712-49a3-bcb0-303677bdab1a(uuid8075)
сент. 19, 2025 6:42:50 PM webapp.storage.AbstractStorage save
INFO: &amp#27;[32mSave f356ba03-423b-4c27-895c-fa360d5cec55(uuid8076)
сент. 19, 2025 6:42:50 PM webapp.storage.AbstractStorage save
INFO: &amp#27;[32mSave 4da53902-6df6-4664-ab8f-20ac5107b30b(uuid8077)
сент. 19, 2025 6:42:50 PM webapp.storage.AbstractStorage save
INFO: &amp#27;[32mSave 354a77df-66fc-4670-b255-1f37d94938bf(uuid8078)
сент. 19, 2025 6:42:50 PM webapp.storage.AbstractStorage save
INFO: &amp#27;[32mSave 578741b8-05b0-4983-8075-7f5efff4a264(uuid8079)
сент. 19, 2025 6:42:50 PM webapp.storage.AbstractStorage save
INFO: &amp#27;[32mSave c8721c5d-8d2f-4730-b2d3-3eaa622fad91(uuid8080)
сент. 19, 2025 6:42:50 PM webapp.storage.AbstractStorage save
INFO: &amp#27;[32mSave 9b2ab60a-6f99-4617-a568-0b67f7e51426(uuid8081)
сент. 19, 2025 6:42:50 PM webapp.storage.AbstractStorage save
INFO: &amp#27;[32mSave c51a1020-50d9-48ab-8604-3bd55683a7e1(uuid8082)
сент. 19, 2025 6:42:50 PM webapp.storage.AbstractStorage save
INFO: &amp#27;[32mSave 153a3a7c-0214-4b02-a9f8-b3bdc531b025(uuid8083)
сент. 19, 2025 6:42:50 PM webapp.storage.AbstractStorage save
INFO: &amp#27;[32mSave 28e5f7ba-2631-4b0e-a1e3-66addbed2861(uuid8084)
сент. 19, 2025 6:42:50 PM webapp.storage.AbstractStorage save
INFO: &amp#27;[32mSave 1917d320-739d-4daa-af69-6fac95999a88(uuid8085)
сент. 19, 2025 6:42:50 PM webapp.storage.AbstractStorage save
INFO: &amp#27;[32mSave 7994fd39-46ad-4cb0-b427-439315f21447(uuid8086)
сент. 19, 2025 6:42:50 PM webapp.storage.AbstractStorage save
INFO: &amp#27;[32mSave 71bcb5b4-0302-43ca-aee6-a07e2e46d72e(uuid8087)
сент. 19, 2025 6:42:50 PM webapp.storage.AbstractStorage save
INFO: &amp#27;[32mSave 26f5d747-94fe-4809-8f58-98e6c8f5ee4b(uuid8088)
сент. 19, 2025 6:42:50 PM webapp.storage.AbstractStorage save
INFO: &amp#27;[32mSave 7d2a37cc-ab55-47d3-892e-d12ce40b578e(uuid8089)
сент. 19, 2025 6:42:50 PM webapp.storage.AbstractStorage save
INFO: &amp#27;[32mSave 991daf86-5726-478d-b57a-67a346f69714(uuid8090)
сент. 19, 2025 6:42:50 PM webapp.storage.AbstractStorage save
INFO: &amp#27;[32mSave eb312039-45c4-45c7-a5da-62cb6ed2de3b(uuid8091)
сент. 19, 2025 6:42:50 PM webapp.storage.AbstractStorage save
INFO: &amp#27;[32mSave e026875a-7c16-41d0-a04d-a2848e65bc7e(uuid8092)
сент. 19, 2025 6:42:50 PM webapp.storage.AbstractStorage save
INFO: &amp#27;[32mSave f383b9a4-d383-4c90-be4b-9677f799921f(uuid8093)
сент. 19, 2025 6:42:50 PM webapp.storage.AbstractStorage save
INFO: &amp#27;[32mSave 49c3d5b8-bf33-44d5-a298-84bce97bd7f6(uuid8094)
сент. 19, 2025 6:42:50 PM webapp.storage.AbstractStorage save
INFO: &amp#27;[32mSave 6bdc84f6-4b5a-4b69-ad43-169cd879b43c(uuid8095)
сент. 19, 2025 6:42:50 PM webapp.storage.AbstractStorage save
INFO: &amp#27;[32mSave 14083edc-4b38-49b1-92be-6562862e2ee4(uuid8096)
сент. 19, 2025 6:42:50 PM webapp.storage.AbstractStorage save
INFO: &amp#27;[32mSave 5558a230-e40d-46ba-845c-40841c8b1a5c(uuid8097)
сент. 19, 2025 6:42:50 PM webapp.storage.AbstractStorage save
INFO: &amp#27;[32mSave 889f66fd-8f70-46d1-a7b0-313d22fbecdc(uuid8098)
сент. 19, 2025 6:42:50 PM webapp.storage.AbstractStorage save
INFO: &amp#27;[32mSave 9e851678-4c75-49c4-ae5c-6d44f48324ae(uuid8099)
сент. 19, 2025 6:42:50 PM webapp.storage.AbstractStorage save
INFO: &amp#27;[32mSave ec85a739-ab0b-424f-a9a8-9119d40cc794(uuid8100)
сент. 19, 2025 6:42:50 PM webapp.storage.AbstractStorage save
INFO: &amp#27;[32mSave 7c68f19c-bc20-446c-a063-6839ae6a8984(uuid8101)
сент. 19, 2025 6:42:50 PM webapp.storage.AbstractStorage save
INFO: &amp#27;[32mSave 7c16ad73-4a68-4442-8405-9cc55d11593a(uuid8102)
сент. 19, 2025 6:42:50 PM webapp.storage.AbstractStorage save
INFO: &amp#27;[32mSave 3ed7b55e-1f4d-4e07-986c-3f2d7e966aa8(uuid8103)
сент. 19, 2025 6:42:50 PM webapp.storage.AbstractStorage save
INFO: &amp#27;[32mSave b445772e-6eb2-46c7-9629-551296326150(uuid8104)
сент. 19, 2025 6:42:50 PM webapp.storage.AbstractStorage save
INFO: &amp#27;[32mSave 4332141a-44ba-417b-be77-5a4c5d71588d(uuid8105)
сент. 19, 2025 6:42:50 PM webapp.storage.AbstractStorage save
INFO: &amp#27;[32mSave 5026f006-c085-4eea-8e9f-72f9381551fc(uuid8106)
сент. 19, 2025 6:42:50 PM webapp.storage.AbstractStorage save
INFO: &amp#27;[32mSave e91a72e9-548b-4aa3-8fb8-e4d0ea813340(uuid8107)
сент. 19, 2025 6:42:50 PM webapp.storage.AbstractStorage save
INFO: &amp#27;[32mSave f9d0f890-4358-40f4-a198-056138c05030(uuid8108)
сент. 19, 2025 6:42:50 PM webapp.storage.AbstractStorage save
INFO: &amp#27;[32mSave c77f32b1-72b8-4e13-803b-314b8bbb0b2d(uuid8109)
сент. 19, 2025 6:42:50 PM webapp.storage.AbstractStorage save
INFO: &amp#27;[32mSave 1d018692-662d-4477-8707-481ad08fd260(uuid8110)
сент. 19, 2025 6:42:50 PM webapp.storage.AbstractStorage save
INFO: &amp#27;[32mSave c259ac17-3d1d-47dc-9517-0ada9cb765ef(uuid8111)
сент. 19, 2025 6:42:50 PM webapp.storage.AbstractStorage save
INFO: &amp#27;[32mSave 02f39a58-5e3e-456e-b36f-5a02e1bef69f(uuid8112)
сент. 19, 2025 6:42:50 PM webapp.storage.AbstractStorage save
INFO: &amp#27;[32mSave b5a59463-26c0-404b-9d79-206353ea5d71(uuid8113)
сент. 19, 2025 6:42:50 PM webapp.storage.AbstractStorage save
INFO: &amp#27;[32mSave 49c193e6-9ae2-4b61-ab70-45029e4e67f1(uuid8114)
сент. 19, 2025 6:42:50 PM webapp.storage.AbstractStorage save
INFO: &amp#27;[32mSave cc04387f-70d4-4799-b6fd-2a6681f46d63(uuid8115)
сент. 19, 2025 6:42:50 PM webapp.storage.AbstractStorage save
INFO: &amp#27;[32mSave 666072da-81b7-4168-9b6a-017cfe6e761b(uuid8116)
сент. 19, 2025 6:42:50 PM webapp.storage.AbstractStorage save
INFO: &amp#27;[32mSave b79e51c1-3968-4a98-a1fc-980cfd8f6014(uuid8117)
сент. 19, 2025 6:42:50 PM webapp.storage.AbstractStorage save
INFO: &amp#27;[32mSave e0ac89c4-33a0-4fc0-87cc-983ad3145634(uuid8118)
сент. 19, 2025 6:42:50 PM webapp.storage.AbstractStorage save
INFO: &amp#27;[32mSave efdb6865-8745-4970-9a88-ecb43a5fca7d(uuid8119)
сент. 19, 2025 6:42:50 PM webapp.storage.AbstractStorage save
INFO: &amp#27;[32mSave 52945e7f-03ce-40c5-a87b-f1f86823e7a1(uuid8120)
сент. 19, 2025 6:42:50 PM webapp.storage.AbstractStorage save
INFO: &amp#27;[32mSave 92ed275f-d1f7-4103-a583-12cc9a05573b(uuid8121)
сент. 19, 2025 6:42:50 PM webapp.storage.AbstractStorage save
INFO: &amp#27;[32mSave 6d1b9a9e-ea6b-4e90-9831-890fde5b6f59(uuid8122)
сент. 19, 2025 6:42:50 PM webapp.storage.AbstractStorage save
INFO: &amp#27;[32mSave 2fc9908b-746f-446f-b0e3-29093b69f9a1(uuid8123)
сент. 19, 2025 6:42:50 PM webapp.storage.AbstractStorage save
INFO: &amp#27;[32mSave 268fd533-6348-4fb9-899f-bc0beebdeb0c(uuid8124)
сент. 19, 2025 6:42:50 PM webapp.storage.AbstractStorage save
INFO: &amp#27;[32mSave 8e80a5d7-c1d0-4fd3-83a2-40965f32308c(uuid8125)
сент. 19, 2025 6:42:50 PM webapp.storage.AbstractStorage save
INFO: &amp#27;[32mSave 615693bb-0cad-4408-bd0a-c261d604b58e(uuid8126)
сент. 19, 2025 6:42:50 PM webapp.storage.AbstractStorage save
INFO: &amp#27;[32mSave 0c59ee3b-7228-43ed-86a9-7901398ae1f5(uuid8127)
сент. 19, 2025 6:42:50 PM webapp.storage.AbstractStorage save
INFO: &amp#27;[32mSave 28c315d3-f8bf-49c2-96bf-903446b2b746(uuid8128)
сент. 19, 2025 6:42:50 PM webapp.storage.AbstractStorage save
INFO: &amp#27;[32mSave 2f2878b7-3464-4323-ae9a-72742c708219(uuid8129)
сент. 19, 2025 6:42:50 PM webapp.storage.AbstractStorage save
INFO: &amp#27;[32mSave 252958e3-8a08-4e31-8c64-f4fbc5f6c471(uuid8130)
сент. 19, 2025 6:42:50 PM webapp.storage.AbstractStorage save
INFO: &amp#27;[32mSave 17217363-a85c-482b-9a58-35872edad801(uuid8131)
сент. 19, 2025 6:42:50 PM webapp.storage.AbstractStorage save
INFO: &amp#27;[32mSave 33ec3ee5-e90f-46df-a4c0-7f85628472c1(uuid8132)
сент. 19, 2025 6:42:50 PM webapp.storage.AbstractStorage save
INFO: &amp#27;[32mSave 2839f9ef-ca21-4832-a9bc-1b44afadc693(uuid8133)
сент. 19, 2025 6:42:50 PM webapp.storage.AbstractStorage save
INFO: &amp#27;[32mSave 3cefa6ce-4ee9-491c-8c34-4231550b6937(uuid8134)
сент. 19, 2025 6:42:50 PM webapp.storage.AbstractStorage save
INFO: &amp#27;[32mSave 84309177-ac29-4dae-b691-44ed3fd2d531(uuid8135)
сент. 19, 2025 6:42:50 PM webapp.storage.AbstractStorage save
INFO: &amp#27;[32mSave ec8b99a7-93ec-467e-b42e-ca12b5611a7d(uuid8136)
сент. 19, 2025 6:42:50 PM webapp.storage.AbstractStorage save
INFO: &amp#27;[32mSave 87199cbd-3670-4a25-b556-b04c811b0535(uuid8137)
сент. 19, 2025 6:42:50 PM webapp.storage.AbstractStorage save
INFO: &amp#27;[32mSave 278e4f19-60a4-4440-b41d-fccabcdfac3e(uuid8138)
сент. 19, 2025 6:42:50 PM webapp.storage.AbstractStorage save
INFO: &amp#27;[32mSave 0a435f96-d30b-4826-9f98-ab7bae60774f(uuid8139)
сент. 19, 2025 6:42:50 PM webapp.storage.AbstractStorage save
INFO: &amp#27;[32mSave ae73a14c-f88b-4d21-9885-7e6bf2a65d35(uuid8140)
сент. 19, 2025 6:42:50 PM webapp.storage.AbstractStorage save
INFO: &amp#27;[32mSave 5d1e0735-d91a-4879-a4c5-fca1ae9f190f(uuid8141)
сент. 19, 2025 6:42:50 PM webapp.storage.AbstractStorage save
INFO: &amp#27;[32mSave 9b50cb37-8ff1-418f-9f7e-ddfefa030c5c(uuid8142)
сент. 19, 2025 6:42:50 PM webapp.storage.AbstractStorage save
INFO: &amp#27;[32mSave d266eb36-66d5-4301-a03b-23a0182d2839(uuid8143)
сент. 19, 2025 6:42:50 PM webapp.storage.AbstractStorage save
INFO: &amp#27;[32mSave 94b917a4-7d8b-47b7-bb15-3dafd42636f8(uuid8144)
сент. 19, 2025 6:42:50 PM webapp.storage.AbstractStorage save
INFO: &amp#27;[32mSave bcea5e9a-bfc8-45e8-9e44-dd58c70785be(uuid8145)
сент. 19, 2025 6:42:50 PM webapp.storage.AbstractStorage save
INFO: &amp#27;[32mSave e72998b9-c41d-459e-88b9-be82b1d7a77a(uuid8146)
сент. 19, 2025 6:42:50 PM webapp.storage.AbstractStorage save
INFO: &amp#27;[32mSave 122dde70-52db-44a9-9a69-ddf52fc94e93(uuid8147)
сент. 19, 2025 6:42:50 PM webapp.storage.AbstractStorage save
INFO: &amp#27;[32mSave 18133e05-8449-4aaa-926a-5a2a2ce69aec(uuid8148)
сент. 19, 2025 6:42:50 PM webapp.storage.AbstractStorage save
INFO: &amp#27;[32mSave 30929b0b-51c4-4ead-a002-88af608ae22d(uuid8149)
сент. 19, 2025 6:42:50 PM webapp.storage.AbstractStorage save
INFO: &amp#27;[32mSave 0d482811-6657-4804-9872-f94f8451699c(uuid8150)
сент. 19, 2025 6:42:50 PM webapp.storage.AbstractStorage save
INFO: &amp#27;[32mSave fca8f667-4c0a-4df9-b1a8-4e08a5eaf782(uuid8151)
сент. 19, 2025 6:42:50 PM webapp.storage.AbstractStorage save
INFO: &amp#27;[32mSave 4a950ca2-006c-4aac-a1e3-e52cc6e8fe55(uuid8152)
сент. 19, 2025 6:42:50 PM webapp.storage.AbstractStorage save
INFO: &amp#27;[32mSave d1746917-a42f-42cc-9544-ff440ea06cca(uuid8153)
сент. 19, 2025 6:42:50 PM webapp.storage.AbstractStorage save
INFO: &amp#27;[32mSave c320eb17-a97b-4806-a395-ba57d948e0f8(uuid8154)
сент. 19, 2025 6:42:50 PM webapp.storage.AbstractStorage save
INFO: &amp#27;[32mSave 896a7e94-67e3-4582-8f44-4506e792dd9a(uuid8155)
сент. 19, 2025 6:42:50 PM webapp.storage.AbstractStorage save
INFO: &amp#27;[32mSave 6f2725b3-9d47-4d04-80b6-07712b1b6eba(uuid8156)
сент. 19, 2025 6:42:50 PM webapp.storage.AbstractStorage save
INFO: &amp#27;[32mSave 2e24505c-8626-4ffb-8920-42a04650c8ba(uuid8157)
сент. 19, 2025 6:42:50 PM webapp.storage.AbstractStorage save
INFO: &amp#27;[32mSave 1cfa0b2f-5fba-4bf7-b12e-483512f738df(uuid8158)
сент. 19, 2025 6:42:50 PM webapp.storage.AbstractStorage save
INFO: &amp#27;[32mSave e26e2657-8519-451b-aead-ebaa5d82fb21(uuid8159)
сент. 19, 2025 6:42:50 PM webapp.storage.AbstractStorage save
INFO: &amp#27;[32mSave 82270d35-0538-436b-ab26-912b118ee722(uuid8160)
сент. 19, 2025 6:42:50 PM webapp.storage.AbstractStorage save
INFO: &amp#27;[32mSave 0f31e33d-b996-4948-b073-de3585e51fce(uuid8161)
сент. 19, 2025 6:42:50 PM webapp.storage.AbstractStorage save
INFO: &amp#27;[32mSave 75cca2c9-bd5f-43cc-9459-c3349dede7c7(uuid8162)
сент. 19, 2025 6:42:50 PM webapp.storage.AbstractStorage save
INFO: &amp#27;[32mSave 103f4fe6-e0a6-452b-b08d-2482a6fc8a2b(uuid8163)
сент. 19, 2025 6:42:50 PM webapp.storage.AbstractStorage save
INFO: &amp#27;[32mSave 06ade795-a393-416a-8077-b39101bc5743(uuid8164)
сент. 19, 2025 6:42:50 PM webapp.storage.AbstractStorage save
INFO: &amp#27;[32mSave 46959fdc-453f-4237-8e55-14fe64fd5369(uuid8165)
сент. 19, 2025 6:42:50 PM webapp.storage.AbstractStorage save
INFO: &amp#27;[32mSave d4f1b18a-eba0-4c56-8dc0-c0139e254370(uuid8166)
сент. 19, 2025 6:42:50 PM webapp.storage.AbstractStorage save
INFO: &amp#27;[32mSave 5b8a1857-fab7-48bf-bf62-e15b3e6aaa70(uuid8167)
сент. 19, 2025 6:42:50 PM webapp.storage.AbstractStorage save
INFO: &amp#27;[32mSave 3e5fa859-0144-49a2-b153-b613eccce647(uuid8168)
сент. 19, 2025 6:42:50 PM webapp.storage.AbstractStorage save
INFO: &amp#27;[32mSave 9d795f55-f60a-4cc9-98d1-53a0c6545d79(uuid8169)
сент. 19, 2025 6:42:50 PM webapp.storage.AbstractStorage save
INFO: &amp#27;[32mSave 0563728e-cfef-45c0-b626-4ec32a46ae6d(uuid8170)
сент. 19, 2025 6:42:50 PM webapp.storage.AbstractStorage save
INFO: &amp#27;[32mSave 624ec5a0-51b4-4f3f-aa59-03cf5365c65f(uuid8171)
сент. 19, 2025 6:42:50 PM webapp.storage.AbstractStorage save
INFO: &amp#27;[32mSave 98e74ac7-1c91-4b8e-83c1-47de7986a65a(uuid8172)
сент. 19, 2025 6:42:50 PM webapp.storage.AbstractStorage save
INFO: &amp#27;[32mSave b866d674-9416-4cac-a365-d66e6b09f3c9(uuid8173)
сент. 19, 2025 6:42:50 PM webapp.storage.AbstractStorage save
INFO: &amp#27;[32mSave 80148ee3-350c-4aa7-a327-c7009c6259d1(uuid8174)
сент. 19, 2025 6:42:50 PM webapp.storage.AbstractStorage save
INFO: &amp#27;[32mSave d2079fdc-e155-4861-91fa-bf55407e28b9(uuid8175)
сент. 19, 2025 6:42:50 PM webapp.storage.AbstractStorage save
INFO: &amp#27;[32mSave 7df83ead-807d-4274-ae3a-14327ddfc8bf(uuid8176)
сент. 19, 2025 6:42:50 PM webapp.storage.AbstractStorage save
INFO: &amp#27;[32mSave 044a4747-21ac-408d-ae37-9128df824d65(uuid8177)
сент. 19, 2025 6:42:50 PM webapp.storage.AbstractStorage save
INFO: &amp#27;[32mSave b48a3516-3c80-421a-985a-77ddceb0c2bb(uuid8178)
сент. 19, 2025 6:42:50 PM webapp.storage.AbstractStorage save
INFO: &amp#27;[32mSave 2e697bc9-9c74-4bdd-bdaa-99c328bb1590(uuid8179)
сент. 19, 2025 6:42:50 PM webapp.storage.AbstractStorage save
INFO: &amp#27;[32mSave 954d8e01-0519-45dd-aae8-8e44d9438208(uuid8180)
сент. 19, 2025 6:42:50 PM webapp.storage.AbstractStorage save
INFO: &amp#27;[32mSave 5c2687df-d508-4454-94f4-e800ad93c4c8(uuid8181)
сент. 19, 2025 6:42:50 PM webapp.storage.AbstractStorage save
INFO: &amp#27;[32mSave 784210a9-9764-4702-b383-701b8d86aef8(uuid8182)
сент. 19, 2025 6:42:50 PM webapp.storage.AbstractStorage save
INFO: &amp#27;[32mSave 9a30c88d-bf66-4f4b-927b-436d016872b0(uuid8183)
сент. 19, 2025 6:42:50 PM webapp.storage.AbstractStorage save
INFO: &amp#27;[32mSave ca9d80e8-83ba-477b-8e23-26a266fa9d5a(uuid8184)
сент. 19, 2025 6:42:50 PM webapp.storage.AbstractStorage save
INFO: &amp#27;[32mSave f3c39001-9178-4b0a-8b2e-56cf5ae680ac(uuid8185)
сент. 19, 2025 6:42:50 PM webapp.storage.AbstractStorage save
INFO: &amp#27;[32mSave 700a2453-9573-4bb6-9ebb-6bcd9f9a8ee2(uuid8186)
сент. 19, 2025 6:42:50 PM webapp.storage.AbstractStorage save
INFO: &amp#27;[32mSave e34fbf9d-7788-46ff-833a-ef8d6dc94fcb(uuid8187)
сент. 19, 2025 6:42:50 PM webapp.storage.AbstractStorage save
INFO: &amp#27;[32mSave 4d9466d4-3190-4bb1-8a82-e0acaee2f167(uuid8188)
сент. 19, 2025 6:42:50 PM webapp.storage.AbstractStorage save
INFO: &amp#27;[32mSave ad5ad532-0220-42a8-8757-ee1603f8a4b8(uuid8189)
сент. 19, 2025 6:42:50 PM webapp.storage.AbstractStorage save
INFO: &amp#27;[32mSave 3dd9a60b-12f0-4972-b855-6c7e85e1672c(uuid8190)
сент. 19, 2025 6:42:50 PM webapp.storage.AbstractStorage save
INFO: &amp#27;[32mSave 63c4a9c1-c789-4f0e-a69e-66f1d3aa4ef0(uuid8191)
сент. 19, 2025 6:42:50 PM webapp.storage.AbstractStorage save
INFO: &amp#27;[32mSave 553c9b3e-a1e3-4c18-a5a0-c700ed5a5287(uuid8192)
сент. 19, 2025 6:42:50 PM webapp.storage.AbstractStorage save
INFO: &amp#27;[32mSave a0f8c9fc-12fc-42e9-b5de-1aba0171eb87(uuid8193)
сент. 19, 2025 6:42:50 PM webapp.storage.AbstractStorage save
INFO: &amp#27;[32mSave e971d1b8-edf9-480f-99d1-030875a5859d(uuid8194)
сент. 19, 2025 6:42:50 PM webapp.storage.AbstractStorage save
INFO: &amp#27;[32mSave 892015ce-d91b-4bac-82bd-b1ce94a5dab8(uuid8195)
сент. 19, 2025 6:42:50 PM webapp.storage.AbstractStorage save
INFO: &amp#27;[32mSave d1e57fa2-6148-4760-8a28-912d9b68d285(uuid8196)
сент. 19, 2025 6:42:50 PM webapp.storage.AbstractStorage save
INFO: &amp#27;[32mSave 763eea9c-ef34-4143-b14d-d96f4cff0239(uuid8197)
сент. 19, 2025 6:42:50 PM webapp.storage.AbstractStorage save
INFO: &amp#27;[32mSave 035cb2b0-0286-4090-a67b-54621d0e904a(uuid8198)
сент. 19, 2025 6:42:50 PM webapp.storage.AbstractStorage save
INFO: &amp#27;[32mSave b04f14a5-ca9a-4888-ac6f-472556ff1a75(uuid8199)
сент. 19, 2025 6:42:50 PM webapp.storage.AbstractStorage save
INFO: &amp#27;[32mSave e30440c3-83e6-4543-a7cc-412a2657ace6(uuid8200)
сент. 19, 2025 6:42:50 PM webapp.storage.AbstractStorage save
INFO: &amp#27;[32mSave d09f8d57-4fab-499b-baa9-d1d3087c3334(uuid8201)
сент. 19, 2025 6:42:50 PM webapp.storage.AbstractStorage save
INFO: &amp#27;[32mSave 09fed069-8cea-43e8-9f54-cf96e441cfe0(uuid8202)
сент. 19, 2025 6:42:50 PM webapp.storage.AbstractStorage save
INFO: &amp#27;[32mSave cc1b6f5f-1712-471d-8c61-5db7e07eea4c(uuid8203)
сент. 19, 2025 6:42:50 PM webapp.storage.AbstractStorage save
INFO: &amp#27;[32mSave 58615310-6a52-474e-8a72-b40463194310(uuid8204)
сент. 19, 2025 6:42:50 PM webapp.storage.AbstractStorage save
INFO: &amp#27;[32mSave ace5ae09-8f76-4d0e-8184-ca2aaef6b6e2(uuid8205)
сент. 19, 2025 6:42:50 PM webapp.storage.AbstractStorage save
INFO: &amp#27;[32mSave f12e812d-62ff-4807-b092-c7cad4d8d9c4(uuid8206)
сент. 19, 2025 6:42:50 PM webapp.storage.AbstractStorage save
INFO: &amp#27;[32mSave 5d9697fd-c148-41d6-a115-780747fab016(uuid8207)
сент. 19, 2025 6:42:50 PM webapp.storage.AbstractStorage save
INFO: &amp#27;[32mSave 0d4a07ac-34ac-4ea8-9d4c-e5b9321dee90(uuid8208)
сент. 19, 2025 6:42:50 PM webapp.storage.AbstractStorage save
INFO: &amp#27;[32mSave 8109df86-6d29-4dff-bb89-951d312ffd03(uuid8209)
сент. 19, 2025 6:42:50 PM webapp.storage.AbstractStorage save
INFO: &amp#27;[32mSave 165422ed-76ab-43a2-9c50-91cfe6f63473(uuid8210)
сент. 19, 2025 6:42:50 PM webapp.storage.AbstractStorage save
INFO: &amp#27;[32mSave 0ea79291-c345-4843-92f5-e720060a8f7f(uuid8211)
сент. 19, 2025 6:42:50 PM webapp.storage.AbstractStorage save
INFO: &amp#27;[32mSave 3f1d3a3d-6bf8-4c6c-8122-3a05a3a0f74a(uuid8212)
сент. 19, 2025 6:42:50 PM webapp.storage.AbstractStorage save
INFO: &amp#27;[32mSave 80640157-2511-4ca2-89fb-064f8a631656(uuid8213)
сент. 19, 2025 6:42:50 PM webapp.storage.AbstractStorage save
INFO: &amp#27;[32mSave c2f63f83-9d89-4cf6-8d8c-9599ccdbac7a(uuid8214)
сент. 19, 2025 6:42:50 PM webapp.storage.AbstractStorage save
INFO: &amp#27;[32mSave b839b84c-e9ea-41db-a57f-482573e56120(uuid8215)
сент. 19, 2025 6:42:50 PM webapp.storage.AbstractStorage save
INFO: &amp#27;[32mSave 6f3afbe4-ae09-4191-958a-43467c449b52(uuid8216)
сент. 19, 2025 6:42:50 PM webapp.storage.AbstractStorage save
INFO: &amp#27;[32mSave ddb39244-e57b-4f95-b5eb-209f392fbbf2(uuid8217)
сент. 19, 2025 6:42:50 PM webapp.storage.AbstractStorage save
INFO: &amp#27;[32mSave a710b288-3841-46c3-8e90-0dd25d9e77a6(uuid8218)
сент. 19, 2025 6:42:50 PM webapp.storage.AbstractStorage save
INFO: &amp#27;[32mSave ac68769b-3084-4239-b77e-7f4acbf1e286(uuid8219)
сент. 19, 2025 6:42:50 PM webapp.storage.AbstractStorage save
INFO: &amp#27;[32mSave d313b040-2fc2-4231-8df6-0f7214095ea1(uuid8220)
сент. 19, 2025 6:42:50 PM webapp.storage.AbstractStorage save
INFO: &amp#27;[32mSave 58b44c8d-92ac-410d-b4a0-e279eda54043(uuid8221)
сент. 19, 2025 6:42:50 PM webapp.storage.AbstractStorage save
INFO: &amp#27;[32mSave 5daa1d94-d9b9-49ca-a8bf-d780e21f975e(uuid8222)
сент. 19, 2025 6:42:50 PM webapp.storage.AbstractStorage save
INFO: &amp#27;[32mSave a881872f-bbda-4663-be53-63de39c3d180(uuid8223)
сент. 19, 2025 6:42:50 PM webapp.storage.AbstractStorage save
INFO: &amp#27;[32mSave 4ad025ba-bf22-4528-877a-618eb7b9200a(uuid8224)
сент. 19, 2025 6:42:50 PM webapp.storage.AbstractStorage save
INFO: &amp#27;[32mSave 2725a9b2-3e5e-42c0-87e4-dcbcf8d5db7b(uuid8225)
сент. 19, 2025 6:42:50 PM webapp.storage.AbstractStorage save
INFO: &amp#27;[32mSave b8032bc7-a716-4676-bdd3-70535bddf567(uuid8226)
сент. 19, 2025 6:42:50 PM webapp.storage.AbstractStorage save
INFO: &amp#27;[32mSave 080c897c-c06c-4603-b50e-9e98cf84d0ec(uuid8227)
сент. 19, 2025 6:42:50 PM webapp.storage.AbstractStorage save
INFO: &amp#27;[32mSave c60c5cda-6cb3-4750-a462-72740b4ec4ba(uuid8228)
сент. 19, 2025 6:42:50 PM webapp.storage.AbstractStorage save
INFO: &amp#27;[32mSave 9417e4e9-d15c-4cd8-a8f1-e1c065175983(uuid8229)
сент. 19, 2025 6:42:50 PM webapp.storage.AbstractStorage save
INFO: &amp#27;[32mSave 5d647d83-7901-4f45-8771-ec8b876d54c3(uuid8230)
сент. 19, 2025 6:42:50 PM webapp.storage.AbstractStorage save
INFO: &amp#27;[32mSave 67cb9375-0144-414d-9e46-ff8d0ee50fb7(uuid8231)
сент. 19, 2025 6:42:50 PM webapp.storage.AbstractStorage save
INFO: &amp#27;[32mSave 04be0eec-3dd9-4fdc-b170-96cd29ec6094(uuid8232)
сент. 19, 2025 6:42:50 PM webapp.storage.AbstractStorage save
INFO: &amp#27;[32mSave 1d7c8418-846b-4529-afd2-1e6d01e0a7e2(uuid8233)
сент. 19, 2025 6:42:50 PM webapp.storage.AbstractStorage save
INFO: &amp#27;[32mSave 5ae3a7db-8805-4b25-8730-83f3a45f1569(uuid8234)
сент. 19, 2025 6:42:50 PM webapp.storage.AbstractStorage save
INFO: &amp#27;[32mSave 9bd1239a-5039-472c-9c85-d6ce636780c7(uuid8235)
сент. 19, 2025 6:42:50 PM webapp.storage.AbstractStorage save
INFO: &amp#27;[32mSave d8153fe9-188f-447f-b95c-73d7a1dd0750(uuid8236)
сент. 19, 2025 6:42:50 PM webapp.storage.AbstractStorage save
INFO: &amp#27;[32mSave 5e4d977f-3502-46ae-bef1-03fdddedc48f(uuid8237)
сент. 19, 2025 6:42:50 PM webapp.storage.AbstractStorage save
INFO: &amp#27;[32mSave e6c004b0-8264-401a-99de-ff611c4c5d31(uuid8238)
сент. 19, 2025 6:42:50 PM webapp.storage.AbstractStorage save
INFO: &amp#27;[32mSave b75cf595-6bd2-46c4-a0fd-2dadcb97c8b2(uuid8239)
сент. 19, 2025 6:42:50 PM webapp.storage.AbstractStorage save
INFO: &amp#27;[32mSave 258646bb-a826-495c-a1bc-33f292552fef(uuid8240)
сент. 19, 2025 6:42:50 PM webapp.storage.AbstractStorage save
INFO: &amp#27;[32mSave 1e6f50c0-ae0f-44b1-8c29-b0ed834abbcf(uuid8241)
сент. 19, 2025 6:42:50 PM webapp.storage.AbstractStorage save
INFO: &amp#27;[32mSave 6ea89e5c-dd04-4769-a117-34fd8042697e(uuid8242)
сент. 19, 2025 6:42:50 PM webapp.storage.AbstractStorage save
INFO: &amp#27;[32mSave 200c2ee2-45e2-495f-8b37-5feb78ede6e4(uuid8243)
сент. 19, 2025 6:42:50 PM webapp.storage.AbstractStorage save
INFO: &amp#27;[32mSave 7161a8fa-2729-4c96-9a4f-971b88ee7409(uuid8244)
сент. 19, 2025 6:42:50 PM webapp.storage.AbstractStorage save
INFO: &amp#27;[32mSave a3bb674c-a006-4ec6-a6ff-683a03d3da23(uuid8245)
сент. 19, 2025 6:42:50 PM webapp.storage.AbstractStorage save
INFO: &amp#27;[32mSave 215dddd0-990c-4d9c-8a9d-f4e19100af1e(uuid8246)
сент. 19, 2025 6:42:50 PM webapp.storage.AbstractStorage save
INFO: &amp#27;[32mSave 0fd9af59-3525-4b7b-bc2c-c25ed9456ac9(uuid8247)
сент. 19, 2025 6:42:50 PM webapp.storage.AbstractStorage save
INFO: &amp#27;[32mSave 193a6670-432d-49fc-a069-289406d8bee8(uuid8248)
сент. 19, 2025 6:42:50 PM webapp.storage.AbstractStorage save
INFO: &amp#27;[32mSave 41bbfebf-d358-419f-a472-b635f7d33a70(uuid8249)
сент. 19, 2025 6:42:50 PM webapp.storage.AbstractStorage save
INFO: &amp#27;[32mSave 465ce31b-dd85-483a-96a9-4c8d4bfbcf37(uuid8250)
сент. 19, 2025 6:42:50 PM webapp.storage.AbstractStorage save
INFO: &amp#27;[32mSave 25f57ebb-752b-47cb-8850-563eab0eccf3(uuid8251)
сент. 19, 2025 6:42:50 PM webapp.storage.AbstractStorage save
INFO: &amp#27;[32mSave 9538cfcc-6afe-42bf-9353-535b26dbfa25(uuid8252)
сент. 19, 2025 6:42:50 PM webapp.storage.AbstractStorage save
INFO: &amp#27;[32mSave 223b3656-e351-4b0d-9286-2f5253d899c0(uuid8253)
сент. 19, 2025 6:42:50 PM webapp.storage.AbstractStorage save
INFO: &amp#27;[32mSave 48638ef7-1b4f-43b7-b36c-bd1321b27bb4(uuid8254)
сент. 19, 2025 6:42:50 PM webapp.storage.AbstractStorage save
INFO: &amp#27;[32mSave 93a667ac-43de-435b-9aaf-1381da38464c(uuid8255)
сент. 19, 2025 6:42:50 PM webapp.storage.AbstractStorage save
INFO: &amp#27;[32mSave 8bc5fa02-6294-4a7c-ac05-1b18dcc9203c(uuid8256)
сент. 19, 2025 6:42:50 PM webapp.storage.AbstractStorage save
INFO: &amp#27;[32mSave e62bd853-431c-49cd-b231-0fefc39963d2(uuid8257)
сент. 19, 2025 6:42:50 PM webapp.storage.AbstractStorage save
INFO: &amp#27;[32mSave f59cb092-bb53-4060-9524-783146ba6540(uuid8258)
сент. 19, 2025 6:42:50 PM webapp.storage.AbstractStorage save
INFO: &amp#27;[32mSave a9412b86-ec80-48d4-8c7e-01fc1184a959(uuid8259)
сент. 19, 2025 6:42:50 PM webapp.storage.AbstractStorage save
INFO: &amp#27;[32mSave 266e1b3f-d1d7-4292-a968-d68d8d960adc(uuid8260)
сент. 19, 2025 6:42:50 PM webapp.storage.AbstractStorage save
INFO: &amp#27;[32mSave 68e1f8ed-bfd6-4c6e-898a-7cd237922769(uuid8261)
сент. 19, 2025 6:42:50 PM webapp.storage.AbstractStorage save
INFO: &amp#27;[32mSave 72449116-ba1a-4dce-9826-cb4bc92a6a30(uuid8262)
сент. 19, 2025 6:42:50 PM webapp.storage.AbstractStorage save
INFO: &amp#27;[32mSave b50fbc09-8730-4f29-9a77-d3b996ad47bc(uuid8263)
сент. 19, 2025 6:42:50 PM webapp.storage.AbstractStorage save
INFO: &amp#27;[32mSave ecd31973-2209-46bc-9472-bf894d3a0706(uuid8264)
сент. 19, 2025 6:42:50 PM webapp.storage.AbstractStorage save
INFO: &amp#27;[32mSave 5855f0d9-24f6-4749-8606-acdc7e27a0c6(uuid8265)
сент. 19, 2025 6:42:50 PM webapp.storage.AbstractStorage save
INFO: &amp#27;[32mSave e584fa4f-f440-4bf5-96ff-6c3a9128d5ee(uuid8266)
сент. 19, 2025 6:42:50 PM webapp.storage.AbstractStorage save
INFO: &amp#27;[32mSave 6b021bc0-cab3-4112-a515-d8adf67c1659(uuid8267)
сент. 19, 2025 6:42:50 PM webapp.storage.AbstractStorage save
INFO: &amp#27;[32mSave 3488e4e5-32c8-4938-a0d0-4863f351d888(uuid8268)
сент. 19, 2025 6:42:50 PM webapp.storage.AbstractStorage save
INFO: &amp#27;[32mSave c75b30cc-ceea-4c4a-9509-aaf0b3d0891d(uuid8269)
сент. 19, 2025 6:42:50 PM webapp.storage.AbstractStorage save
INFO: &amp#27;[32mSave 8d743eab-b1f9-4216-a6f5-6a268c4bcd35(uuid8270)
сент. 19, 2025 6:42:50 PM webapp.storage.AbstractStorage save
INFO: &amp#27;[32mSave 7ef45a23-7c4c-43db-9c72-d7540cce288c(uuid8271)
сент. 19, 2025 6:42:50 PM webapp.storage.AbstractStorage save
INFO: &amp#27;[32mSave 9d1de2bd-3cba-413e-837d-a9e45e6c3635(uuid8272)
сент. 19, 2025 6:42:50 PM webapp.storage.AbstractStorage save
INFO: &amp#27;[32mSave 7e2d7ba7-66c2-4a37-b54f-daca54efa4f7(uuid8273)
сент. 19, 2025 6:42:50 PM webapp.storage.AbstractStorage save
INFO: &amp#27;[32mSave e020d2aa-529e-4b6e-9cbb-5e296418589f(uuid8274)
сент. 19, 2025 6:42:50 PM webapp.storage.AbstractStorage save
INFO: &amp#27;[32mSave b5e7a8d6-ac18-45cb-aa56-3cfa78b51a76(uuid8275)
сент. 19, 2025 6:42:50 PM webapp.storage.AbstractStorage save
INFO: &amp#27;[32mSave 3956967f-65b6-4828-8b5a-1273dedcf612(uuid8276)
сент. 19, 2025 6:42:50 PM webapp.storage.AbstractStorage save
INFO: &amp#27;[32mSave 76d6bfc9-4ff1-4c69-b8a3-6a7f8d9158b5(uuid8277)
сент. 19, 2025 6:42:50 PM webapp.storage.AbstractStorage save
INFO: &amp#27;[32mSave 7b95cf3b-8ca5-41a6-b44d-32822dc3147a(uuid8278)
сент. 19, 2025 6:42:50 PM webapp.storage.AbstractStorage save
INFO: &amp#27;[32mSave 614185d2-589b-47ea-917b-f86a563a81fc(uuid8279)
сент. 19, 2025 6:42:50 PM webapp.storage.AbstractStorage save
INFO: &amp#27;[32mSave 1b4a5663-ddba-44f0-b205-b2252da1743c(uuid8280)
сент. 19, 2025 6:42:50 PM webapp.storage.AbstractStorage save
INFO: &amp#27;[32mSave 74510883-a22a-41e8-a006-0c9242ad3f94(uuid8281)
сент. 19, 2025 6:42:50 PM webapp.storage.AbstractStorage save
INFO: &amp#27;[32mSave 8d6d8b68-c514-4bbc-aac9-0ea962f6acd6(uuid8282)
сент. 19, 2025 6:42:50 PM webapp.storage.AbstractStorage save
INFO: &amp#27;[32mSave 9bf679ae-de45-4662-bb0f-c38908bb6712(uuid8283)
сент. 19, 2025 6:42:50 PM webapp.storage.AbstractStorage save
INFO: &amp#27;[32mSave 14be5036-265d-4bba-8c50-5f334c97be42(uuid8284)
сент. 19, 2025 6:42:50 PM webapp.storage.AbstractStorage save
INFO: &amp#27;[32mSave 3cecf15a-8fe5-4899-9b1a-f30cfab191ad(uuid8285)
сент. 19, 2025 6:42:50 PM webapp.storage.AbstractStorage save
INFO: &amp#27;[32mSave 67461df5-f8dd-4f6b-a334-d9242d09b630(uuid8286)
сент. 19, 2025 6:42:50 PM webapp.storage.AbstractStorage save
INFO: &amp#27;[32mSave 2eabc422-f0d8-4bf7-9a3c-b599a625cfde(uuid8287)
сент. 19, 2025 6:42:50 PM webapp.storage.AbstractStorage save
INFO: &amp#27;[32mSave be8009e4-330c-4966-b4a9-ea90161e085d(uuid8288)
сент. 19, 2025 6:42:50 PM webapp.storage.AbstractStorage save
INFO: &amp#27;[32mSave 9df88886-2aae-447a-97bc-acb7a39be639(uuid8289)
сент. 19, 2025 6:42:50 PM webapp.storage.AbstractStorage save
INFO: &amp#27;[32mSave d5156491-fa2c-48b9-8816-4ac1ba893f27(uuid8290)
сент. 19, 2025 6:42:50 PM webapp.storage.AbstractStorage save
INFO: &amp#27;[32mSave bf8893fe-729b-45a2-8346-aa805b366783(uuid8291)
сент. 19, 2025 6:42:50 PM webapp.storage.AbstractStorage save
INFO: &amp#27;[32mSave a6e6cb16-9ae4-45b2-9a32-860308923a19(uuid8292)
сент. 19, 2025 6:42:50 PM webapp.storage.AbstractStorage save
INFO: &amp#27;[32mSave c9cdc469-ada4-4b20-b48f-4ed850919129(uuid8293)
сент. 19, 2025 6:42:50 PM webapp.storage.AbstractStorage save
INFO: &amp#27;[32mSave 50998b01-b3a0-4598-8798-2fba1ae95191(uuid8294)
сент. 19, 2025 6:42:50 PM webapp.storage.AbstractStorage save
INFO: &amp#27;[32mSave 8f6d5e6f-ed76-4953-a427-f436a683a048(uuid8295)
сент. 19, 2025 6:42:50 PM webapp.storage.AbstractStorage save
INFO: &amp#27;[32mSave 2cefc102-5bd4-4320-9d21-1d7e459b3464(uuid8296)
сент. 19, 2025 6:42:50 PM webapp.storage.AbstractStorage save
INFO: &amp#27;[32mSave 74698633-f0b3-4dcb-922c-1429f705ccd2(uuid8297)
сент. 19, 2025 6:42:50 PM webapp.storage.AbstractStorage save
INFO: &amp#27;[32mSave e0695766-c31d-477f-9a40-ff83bf0c6217(uuid8298)
сент. 19, 2025 6:42:50 PM webapp.storage.AbstractStorage save
INFO: &amp#27;[32mSave 111ea0d8-9d72-4abd-9692-3d9ea58c883f(uuid8299)
сент. 19, 2025 6:42:50 PM webapp.storage.AbstractStorage save
INFO: &amp#27;[32mSave 46bd6896-e758-434b-8073-45e68de3b0d5(uuid8300)
сент. 19, 2025 6:42:50 PM webapp.storage.AbstractStorage save
INFO: &amp#27;[32mSave f4dca9fd-033a-461c-bb5d-b5c6b1944fbf(uuid8301)
сент. 19, 2025 6:42:50 PM webapp.storage.AbstractStorage save
INFO: &amp#27;[32mSave b84a3876-f09d-46ef-9443-2bdea9ab9002(uuid8302)
сент. 19, 2025 6:42:50 PM webapp.storage.AbstractStorage save
INFO: &amp#27;[32mSave 119d7f35-c9ab-413d-b4b2-aa520c6b75a7(uuid8303)
сент. 19, 2025 6:42:50 PM webapp.storage.AbstractStorage save
INFO: &amp#27;[32mSave 22475cb8-3e50-4273-a158-7aa1380e9764(uuid8304)
сент. 19, 2025 6:42:50 PM webapp.storage.AbstractStorage save
INFO: &amp#27;[32mSave d9af5b98-34fc-4616-996c-24110c95671e(uuid8305)
сент. 19, 2025 6:42:50 PM webapp.storage.AbstractStorage save
INFO: &amp#27;[32mSave 4d9da58c-4890-4fcd-ba71-dd30785b9fb6(uuid8306)
сент. 19, 2025 6:42:50 PM webapp.storage.AbstractStorage save
INFO: &amp#27;[32mSave 0ffbc214-002f-4352-b0af-a20f689f20fe(uuid8307)
сент. 19, 2025 6:42:50 PM webapp.storage.AbstractStorage save
INFO: &amp#27;[32mSave d3c1a2cf-17d3-4186-a45d-e5724154b0e2(uuid8308)
сент. 19, 2025 6:42:50 PM webapp.storage.AbstractStorage save
INFO: &amp#27;[32mSave de1fbe4b-3d60-45aa-bc0e-53ff0b7cd034(uuid8309)
сент. 19, 2025 6:42:50 PM webapp.storage.AbstractStorage save
INFO: &amp#27;[32mSave 81ccac72-a10c-4b2d-a7b1-66f1fa152fb4(uuid8310)
сент. 19, 2025 6:42:50 PM webapp.storage.AbstractStorage save
INFO: &amp#27;[32mSave fce7002f-fc90-48db-88a2-f761d148a7fa(uuid8311)
сент. 19, 2025 6:42:50 PM webapp.storage.AbstractStorage save
INFO: &amp#27;[32mSave f1735b63-7f4e-4bcf-b081-5062d4073c1f(uuid8312)
сент. 19, 2025 6:42:50 PM webapp.storage.AbstractStorage save
INFO: &amp#27;[32mSave cb7422a7-a65b-47a1-82e4-76fe03e901d4(uuid8313)
сент. 19, 2025 6:42:50 PM webapp.storage.AbstractStorage save
INFO: &amp#27;[32mSave b8027ad7-5a63-4f9f-bff9-ff5f69bedb7a(uuid8314)
сент. 19, 2025 6:42:50 PM webapp.storage.AbstractStorage save
INFO: &amp#27;[32mSave 3e6b5adf-61d6-4bca-8108-676a25918820(uuid8315)
сент. 19, 2025 6:42:50 PM webapp.storage.AbstractStorage save
INFO: &amp#27;[32mSave 3a23090d-117c-4872-9cc2-77cad3564d54(uuid8316)
сент. 19, 2025 6:42:50 PM webapp.storage.AbstractStorage save
INFO: &amp#27;[32mSave 3cc2ba80-7df1-4346-9fa3-8a658c2d8bef(uuid8317)
сент. 19, 2025 6:42:50 PM webapp.storage.AbstractStorage save
INFO: &amp#27;[32mSave e08a69f5-1a8a-484c-ba8d-f7c65a31b7e5(uuid8318)
сент. 19, 2025 6:42:50 PM webapp.storage.AbstractStorage save
INFO: &amp#27;[32mSave f10636c3-5f31-4579-914d-d4c05f258e1e(uuid8319)
сент. 19, 2025 6:42:50 PM webapp.storage.AbstractStorage save
INFO: &amp#27;[32mSave df59287d-996d-4dd6-8832-ae5efd2054d2(uuid8320)
сент. 19, 2025 6:42:50 PM webapp.storage.AbstractStorage save
INFO: &amp#27;[32mSave 7ea83ca7-fe22-403f-8bb3-6118ea42f065(uuid8321)
сент. 19, 2025 6:42:50 PM webapp.storage.AbstractStorage save
INFO: &amp#27;[32mSave 442a7a7f-e437-4905-aedf-fd1923428f62(uuid8322)
сент. 19, 2025 6:42:50 PM webapp.storage.AbstractStorage save
INFO: &amp#27;[32mSave 4d540aad-c41e-4184-a70e-ea6846a76aa6(uuid8323)
сент. 19, 2025 6:42:50 PM webapp.storage.AbstractStorage save
INFO: &amp#27;[32mSave 82d6b059-6318-4484-afe2-89dbbee4ee76(uuid8324)
сент. 19, 2025 6:42:50 PM webapp.storage.AbstractStorage save
INFO: &amp#27;[32mSave c2dbe940-9eb3-4988-a978-1cbcf2a663aa(uuid8325)
сент. 19, 2025 6:42:50 PM webapp.storage.AbstractStorage save
INFO: &amp#27;[32mSave 54ffde5a-8de5-4a93-9a1c-7a476d596d23(uuid8326)
сент. 19, 2025 6:42:50 PM webapp.storage.AbstractStorage save
INFO: &amp#27;[32mSave c6a71b10-872c-415e-98e0-5b4a3ffe60ff(uuid8327)
сент. 19, 2025 6:42:50 PM webapp.storage.AbstractStorage save
INFO: &amp#27;[32mSave ab742688-b908-4297-b782-f7d156c2db0f(uuid8328)
сент. 19, 2025 6:42:50 PM webapp.storage.AbstractStorage save
INFO: &amp#27;[32mSave 9e28a05d-dd22-48ac-9830-b9afb980f2f1(uuid8329)
сент. 19, 2025 6:42:50 PM webapp.storage.AbstractStorage save
INFO: &amp#27;[32mSave 043a434f-9d57-4d59-ac4e-5d34fc28ad64(uuid8330)
сент. 19, 2025 6:42:50 PM webapp.storage.AbstractStorage save
INFO: &amp#27;[32mSave 5fc4374e-51fb-4bdd-8f0e-ac82eed2a5bc(uuid8331)
сент. 19, 2025 6:42:50 PM webapp.storage.AbstractStorage save
INFO: &amp#27;[32mSave bf6f89e6-7f51-4fba-856d-09005a12d6e4(uuid8332)
сент. 19, 2025 6:42:50 PM webapp.storage.AbstractStorage save
INFO: &amp#27;[32mSave c79aa67e-0f13-445e-84c8-516836076acc(uuid8333)
сент. 19, 2025 6:42:50 PM webapp.storage.AbstractStorage save
INFO: &amp#27;[32mSave 67f6ac3f-5316-4045-84b1-13d0ede4eed0(uuid8334)
сент. 19, 2025 6:42:50 PM webapp.storage.AbstractStorage save
INFO: &amp#27;[32mSave eaf643ff-40d1-41da-a603-5b2a268a405e(uuid8335)
сент. 19, 2025 6:42:50 PM webapp.storage.AbstractStorage save
INFO: &amp#27;[32mSave 3adcbf99-aa71-4499-b073-666ab7d8a4fa(uuid8336)
сент. 19, 2025 6:42:50 PM webapp.storage.AbstractStorage save
INFO: &amp#27;[32mSave 359babcf-94db-4f8a-b99e-579f6d8834a3(uuid8337)
сент. 19, 2025 6:42:50 PM webapp.storage.AbstractStorage save
INFO: &amp#27;[32mSave 37363b39-dd0c-4223-bfc9-c94ef35e498f(uuid8338)
сент. 19, 2025 6:42:50 PM webapp.storage.AbstractStorage save
INFO: &amp#27;[32mSave efaed8c8-435e-4f37-aa96-ab2fb2fa0483(uuid8339)
сент. 19, 2025 6:42:50 PM webapp.storage.AbstractStorage save
INFO: &amp#27;[32mSave 5c0b828f-b645-4d02-9e08-ff5f5ddb17d0(uuid8340)
сент. 19, 2025 6:42:50 PM webapp.storage.AbstractStorage save
INFO: &amp#27;[32mSave 1846f472-7667-4e03-b8f2-316546c34b35(uuid8341)
сент. 19, 2025 6:42:50 PM webapp.storage.AbstractStorage save
INFO: &amp#27;[32mSave a108f21c-78c6-4b5a-b577-670d3e8c4dd7(uuid8342)
сент. 19, 2025 6:42:50 PM webapp.storage.AbstractStorage save
INFO: &amp#27;[32mSave bc51d294-fa9f-41ed-bbf9-ff3118e558e7(uuid8343)
сент. 19, 2025 6:42:50 PM webapp.storage.AbstractStorage save
INFO: &amp#27;[32mSave d2d28fa7-ee71-4e9b-928c-dfccc08b78b6(uuid8344)
сент. 19, 2025 6:42:50 PM webapp.storage.AbstractStorage save
INFO: &amp#27;[32mSave a53f53b3-7904-4e18-9552-366c14140d99(uuid8345)
сент. 19, 2025 6:42:50 PM webapp.storage.AbstractStorage save
INFO: &amp#27;[32mSave 756a8999-0036-4cb4-97d6-72224d0fc272(uuid8346)
сент. 19, 2025 6:42:50 PM webapp.storage.AbstractStorage save
INFO: &amp#27;[32mSave 13082dda-69c2-4cea-803b-66ddac67bc49(uuid8347)
сент. 19, 2025 6:42:50 PM webapp.storage.AbstractStorage save
INFO: &amp#27;[32mSave de006714-d446-4f37-ab62-ff3e548f693e(uuid8348)
сент. 19, 2025 6:42:50 PM webapp.storage.AbstractStorage save
INFO: &amp#27;[32mSave 7f0896ed-54db-4f65-bb42-ea948bc58573(uuid8349)
сент. 19, 2025 6:42:50 PM webapp.storage.AbstractStorage save
INFO: &amp#27;[32mSave 7834361b-7d47-4a23-8d30-1301c02848eb(uuid8350)
сент. 19, 2025 6:42:50 PM webapp.storage.AbstractStorage save
INFO: &amp#27;[32mSave 913393d9-5e20-4652-a57d-a0cd48fafef8(uuid8351)
сент. 19, 2025 6:42:50 PM webapp.storage.AbstractStorage save
INFO: &amp#27;[32mSave e8ff8697-a33e-403f-a283-f30483a3ce7a(uuid8352)
сент. 19, 2025 6:42:50 PM webapp.storage.AbstractStorage save
INFO: &amp#27;[32mSave 607e0788-d2ba-4ddd-a3d2-88ea39d4ef77(uuid8353)
сент. 19, 2025 6:42:50 PM webapp.storage.AbstractStorage save
INFO: &amp#27;[32mSave 8e7a02d7-3056-4e5b-99b6-04320c7cd144(uuid8354)
сент. 19, 2025 6:42:50 PM webapp.storage.AbstractStorage save
INFO: &amp#27;[32mSave 3b7de34b-5fad-4f96-b001-22356b13191c(uuid8355)
сент. 19, 2025 6:42:50 PM webapp.storage.AbstractStorage save
INFO: &amp#27;[32mSave d4340f58-ce0a-4426-babd-e4a9936262ac(uuid8356)
сент. 19, 2025 6:42:50 PM webapp.storage.AbstractStorage save
INFO: &amp#27;[32mSave 6cff18c9-e8c2-45c3-a407-85fb7f345292(uuid8357)
сент. 19, 2025 6:42:50 PM webapp.storage.AbstractStorage save
INFO: &amp#27;[32mSave bc3b8967-4290-40fa-a1dd-ead00dfd7a51(uuid8358)
сент. 19, 2025 6:42:50 PM webapp.storage.AbstractStorage save
INFO: &amp#27;[32mSave f56fddd8-b994-47b6-b907-f65a216ca013(uuid8359)
сент. 19, 2025 6:42:50 PM webapp.storage.AbstractStorage save
INFO: &amp#27;[32mSave 755a9640-4e0e-42e9-9ca1-7cb6b600270a(uuid8360)
сент. 19, 2025 6:42:50 PM webapp.storage.AbstractStorage save
INFO: &amp#27;[32mSave 40d3ca12-610a-46c5-b2f6-3c7908f49dd0(uuid8361)
сент. 19, 2025 6:42:50 PM webapp.storage.AbstractStorage save
INFO: &amp#27;[32mSave 642d870a-1a45-42a5-a292-69eeaa12f04d(uuid8362)
сент. 19, 2025 6:42:50 PM webapp.storage.AbstractStorage save
INFO: &amp#27;[32mSave 8ea1a760-8f93-4282-b667-e6abc0d1be71(uuid8363)
сент. 19, 2025 6:42:50 PM webapp.storage.AbstractStorage save
INFO: &amp#27;[32mSave dce68341-1e63-47ed-8182-ee4ee178bf9c(uuid8364)
сент. 19, 2025 6:42:50 PM webapp.storage.AbstractStorage save
INFO: &amp#27;[32mSave 681a35b2-1f4f-4c66-b8d0-eb8e29c9e937(uuid8365)
сент. 19, 2025 6:42:50 PM webapp.storage.AbstractStorage save
INFO: &amp#27;[32mSave e91cfcac-f8e1-4561-bb53-6f3ac704c616(uuid8366)
сент. 19, 2025 6:42:50 PM webapp.storage.AbstractStorage save
INFO: &amp#27;[32mSave d7fd267e-969f-498b-b05f-497f172f0666(uuid8367)
сент. 19, 2025 6:42:50 PM webapp.storage.AbstractStorage save
INFO: &amp#27;[32mSave 1650690a-77e3-4b4f-8ec8-bf056571cf7b(uuid8368)
сент. 19, 2025 6:42:50 PM webapp.storage.AbstractStorage save
INFO: &amp#27;[32mSave c21f8bfb-6559-45c8-937e-a52c94411d70(uuid8369)
сент. 19, 2025 6:42:50 PM webapp.storage.AbstractStorage save
INFO: &amp#27;[32mSave b833a1db-a8ee-49e4-ad48-8972412654be(uuid8370)
сент. 19, 2025 6:42:50 PM webapp.storage.AbstractStorage save
INFO: &amp#27;[32mSave 8c41253b-22b1-4aea-addb-446348ca6199(uuid8371)
сент. 19, 2025 6:42:50 PM webapp.storage.AbstractStorage save
INFO: &amp#27;[32mSave fa419894-7d3d-4b57-bf43-83bf73eb9f89(uuid8372)
сент. 19, 2025 6:42:50 PM webapp.storage.AbstractStorage save
INFO: &amp#27;[32mSave 8c2856b0-48f5-4e55-b33e-db25b498b68e(uuid8373)
сент. 19, 2025 6:42:50 PM webapp.storage.AbstractStorage save
INFO: &amp#27;[32mSave 3524681a-f3c2-4c55-8168-0b03f39217b6(uuid8374)
сент. 19, 2025 6:42:50 PM webapp.storage.AbstractStorage save
INFO: &amp#27;[32mSave 1446d341-6aa3-4f7a-9731-929381309d2e(uuid8375)
сент. 19, 2025 6:42:50 PM webapp.storage.AbstractStorage save
INFO: &amp#27;[32mSave f63a6886-fb9f-4b5f-806c-2d2357a532b4(uuid8376)
сент. 19, 2025 6:42:50 PM webapp.storage.AbstractStorage save
INFO: &amp#27;[32mSave a8f28a98-0928-4cba-bf8d-5abc89e01f1e(uuid8377)
сент. 19, 2025 6:42:50 PM webapp.storage.AbstractStorage save
INFO: &amp#27;[32mSave 6323d36d-adc9-4f8f-a968-61755e14062e(uuid8378)
сент. 19, 2025 6:42:50 PM webapp.storage.AbstractStorage save
INFO: &amp#27;[32mSave 2746f59f-aaf4-4af5-ab9a-6dc26be0b844(uuid8379)
сент. 19, 2025 6:42:50 PM webapp.storage.AbstractStorage save
INFO: &amp#27;[32mSave 6e66fef9-ccb8-479f-bf2f-57ee5c647092(uuid8380)
сент. 19, 2025 6:42:50 PM webapp.storage.AbstractStorage save
INFO: &amp#27;[32mSave b46928e7-09d1-4d19-afc1-3de755922fdf(uuid8381)
сент. 19, 2025 6:42:50 PM webapp.storage.AbstractStorage save
INFO: &amp#27;[32mSave a8f586d6-4d48-403a-91db-81a447dd5875(uuid8382)
сент. 19, 2025 6:42:50 PM webapp.storage.AbstractStorage save
INFO: &amp#27;[32mSave 4365a414-cbda-4e90-bd27-6e193e7a030b(uuid8383)
сент. 19, 2025 6:42:50 PM webapp.storage.AbstractStorage save
INFO: &amp#27;[32mSave 8d78a84e-056d-4bd5-adf0-c766d1738691(uuid8384)
сент. 19, 2025 6:42:50 PM webapp.storage.AbstractStorage save
INFO: &amp#27;[32mSave d65cea17-a675-408b-97d0-d2bb4379d3d5(uuid8385)
сент. 19, 2025 6:42:50 PM webapp.storage.AbstractStorage save
INFO: &amp#27;[32mSave 2054db40-f4a1-44a3-b5e4-c9e71da433f1(uuid8386)
сент. 19, 2025 6:42:50 PM webapp.storage.AbstractStorage save
INFO: &amp#27;[32mSave a09d1bc7-c84c-49b8-924b-8caeae720af6(uuid8387)
сент. 19, 2025 6:42:50 PM webapp.storage.AbstractStorage save
INFO: &amp#27;[32mSave 025adf97-755d-47ea-9111-18860f01896f(uuid8388)
сент. 19, 2025 6:42:50 PM webapp.storage.AbstractStorage save
INFO: &amp#27;[32mSave 838bc77b-0d51-4374-9541-b0e4c3761e46(uuid8389)
сент. 19, 2025 6:42:50 PM webapp.storage.AbstractStorage save
INFO: &amp#27;[32mSave 348c978e-5f48-4e13-a323-91ba47fd1438(uuid8390)
сент. 19, 2025 6:42:50 PM webapp.storage.AbstractStorage save
INFO: &amp#27;[32mSave f1190c9d-735a-4254-a0a0-af69d1636574(uuid8391)
сент. 19, 2025 6:42:50 PM webapp.storage.AbstractStorage save
INFO: &amp#27;[32mSave 73b43401-7d3a-4dc3-86c9-125ed222611f(uuid8392)
сент. 19, 2025 6:42:50 PM webapp.storage.AbstractStorage save
INFO: &amp#27;[32mSave 90920bed-cdc4-45a9-80bd-7425a88f5131(uuid8393)
сент. 19, 2025 6:42:50 PM webapp.storage.AbstractStorage save
INFO: &amp#27;[32mSave 75983440-8ce5-4582-852e-01ad7c115744(uuid8394)
сент. 19, 2025 6:42:50 PM webapp.storage.AbstractStorage save
INFO: &amp#27;[32mSave e6b1b80e-024c-4273-854d-ebc18f872c74(uuid8395)
сент. 19, 2025 6:42:50 PM webapp.storage.AbstractStorage save
INFO: &amp#27;[32mSave ef30bb36-9423-407a-92fb-0370d4cfceec(uuid8396)
сент. 19, 2025 6:42:50 PM webapp.storage.AbstractStorage save
INFO: &amp#27;[32mSave b815fe4e-73f9-4bc3-8cfe-956d8ff5f051(uuid8397)
сент. 19, 2025 6:42:50 PM webapp.storage.AbstractStorage save
INFO: &amp#27;[32mSave 1058d065-a3f9-47a1-9171-196df92d670f(uuid8398)
сент. 19, 2025 6:42:50 PM webapp.storage.AbstractStorage save
INFO: &amp#27;[32mSave 68d7a3c2-ce04-4e1d-b3c1-5bcb8e49fc60(uuid8399)
сент. 19, 2025 6:42:50 PM webapp.storage.AbstractStorage save
INFO: &amp#27;[32mSave 4174fc57-9182-4071-8fa8-da5bb14709f3(uuid8400)
сент. 19, 2025 6:42:50 PM webapp.storage.AbstractStorage save
INFO: &amp#27;[32mSave d1aaa845-4fe3-4401-b87c-39c46829bb69(uuid8401)
сент. 19, 2025 6:42:50 PM webapp.storage.AbstractStorage save
INFO: &amp#27;[32mSave eb2d2833-da22-415c-add8-1846c6006b20(uuid8402)
сент. 19, 2025 6:42:50 PM webapp.storage.AbstractStorage save
INFO: &amp#27;[32mSave ebd2bd47-235c-4891-805e-6c1f7b671d17(uuid8403)
сент. 19, 2025 6:42:50 PM webapp.storage.AbstractStorage save
INFO: &amp#27;[32mSave e36a81c0-30f9-4ac8-b090-3dbfb02d1084(uuid8404)
сент. 19, 2025 6:42:50 PM webapp.storage.AbstractStorage save
INFO: &amp#27;[32mSave 9aed983c-3725-429b-bfd7-d05dd009ced9(uuid8405)
сент. 19, 2025 6:42:50 PM webapp.storage.AbstractStorage save
INFO: &amp#27;[32mSave 7b4dafee-9132-451a-9a84-e0622baa9ddb(uuid8406)
сент. 19, 2025 6:42:50 PM webapp.storage.AbstractStorage save
INFO: &amp#27;[32mSave cd3fc467-9b1a-4087-9c0f-8482c23ebe0a(uuid8407)
сент. 19, 2025 6:42:50 PM webapp.storage.AbstractStorage save
INFO: &amp#27;[32mSave 6c2c1b4e-b61e-44a2-8929-2348cbf8b28b(uuid8408)
сент. 19, 2025 6:42:50 PM webapp.storage.AbstractStorage save
INFO: &amp#27;[32mSave 0837ca20-99c0-45ae-918b-b2b90ae9f6eb(uuid8409)
сент. 19, 2025 6:42:50 PM webapp.storage.AbstractStorage save
INFO: &amp#27;[32mSave a0dd1819-f6ff-4a2a-a86d-482ccd11c8b1(uuid8410)
сент. 19, 2025 6:42:50 PM webapp.storage.AbstractStorage save
INFO: &amp#27;[32mSave 1e4532e8-76c8-4beb-85a7-73d6b3aecef5(uuid8411)
сент. 19, 2025 6:42:50 PM webapp.storage.AbstractStorage save
INFO: &amp#27;[32mSave 3d6bdb02-50d4-47ee-ba6c-ae2ffe1acba7(uuid8412)
сент. 19, 2025 6:42:50 PM webapp.storage.AbstractStorage save
INFO: &amp#27;[32mSave 172da3cc-7a6b-4aaf-9e65-4432140af4cd(uuid8413)
сент. 19, 2025 6:42:50 PM webapp.storage.AbstractStorage save
INFO: &amp#27;[32mSave 91f81b86-3bf3-41e8-86c1-d7056f50c0ec(uuid8414)
сент. 19, 2025 6:42:50 PM webapp.storage.AbstractStorage save
INFO: &amp#27;[32mSave 869470a2-e6af-4655-abe5-90311bc87a64(uuid8415)
сент. 19, 2025 6:42:50 PM webapp.storage.AbstractStorage save
INFO: &amp#27;[32mSave 934d4850-a22c-4262-a73d-b3cb554bffc9(uuid8416)
сент. 19, 2025 6:42:50 PM webapp.storage.AbstractStorage save
INFO: &amp#27;[32mSave 58ca4b5c-3f29-4d24-af83-cdc1d2e3998c(uuid8417)
сент. 19, 2025 6:42:50 PM webapp.storage.AbstractStorage save
INFO: &amp#27;[32mSave e79e72e9-789c-4953-965a-d7e541d44309(uuid8418)
сент. 19, 2025 6:42:50 PM webapp.storage.AbstractStorage save
INFO: &amp#27;[32mSave 83abc5ca-4b3d-4ae0-b068-af779f6da7cc(uuid8419)
сент. 19, 2025 6:42:50 PM webapp.storage.AbstractStorage save
INFO: &amp#27;[32mSave dc6a3415-a47c-40d7-966d-c326da194c5e(uuid8420)
сент. 19, 2025 6:42:50 PM webapp.storage.AbstractStorage save
INFO: &amp#27;[32mSave 7413fcdb-1c4e-4958-94ca-4b7295a48f42(uuid8421)
сент. 19, 2025 6:42:50 PM webapp.storage.AbstractStorage save
INFO: &amp#27;[32mSave c53013b5-4238-4d03-94a8-226440f81e44(uuid8422)
сент. 19, 2025 6:42:50 PM webapp.storage.AbstractStorage save
INFO: &amp#27;[32mSave 255c6913-cb7b-4170-8ec2-d8a23d08c34e(uuid8423)
сент. 19, 2025 6:42:50 PM webapp.storage.AbstractStorage save
INFO: &amp#27;[32mSave bb326216-5205-4428-b2ac-1f8c28ef7e64(uuid8424)
сент. 19, 2025 6:42:50 PM webapp.storage.AbstractStorage save
INFO: &amp#27;[32mSave 72e90425-6954-4d82-aa9f-461053d422ae(uuid8425)
сент. 19, 2025 6:42:50 PM webapp.storage.AbstractStorage save
INFO: &amp#27;[32mSave bde13e79-6f06-4c6e-a74f-d907963ec267(uuid8426)
сент. 19, 2025 6:42:50 PM webapp.storage.AbstractStorage save
INFO: &amp#27;[32mSave 8d546a4b-9310-43b4-a58f-bed3b6fb4614(uuid8427)
сент. 19, 2025 6:42:50 PM webapp.storage.AbstractStorage save
INFO: &amp#27;[32mSave 4107399e-275e-4fc3-98d0-81183ada0dc4(uuid8428)
сент. 19, 2025 6:42:50 PM webapp.storage.AbstractStorage save
INFO: &amp#27;[32mSave 90493941-e9a4-4a0c-b330-84b35153ac5c(uuid8429)
сент. 19, 2025 6:42:50 PM webapp.storage.AbstractStorage save
INFO: &amp#27;[32mSave 6aac2c9f-ada2-4306-bd1a-c7a0ab0c438b(uuid8430)
сент. 19, 2025 6:42:50 PM webapp.storage.AbstractStorage save
INFO: &amp#27;[32mSave c570acf7-53db-4816-b5ed-8b093973f724(uuid8431)
сент. 19, 2025 6:42:50 PM webapp.storage.AbstractStorage save
INFO: &amp#27;[32mSave f06094b9-dffb-4856-861a-97295a601884(uuid8432)
сент. 19, 2025 6:42:50 PM webapp.storage.AbstractStorage save
INFO: &amp#27;[32mSave 0896e267-f6ea-41f8-9175-4180350961c3(uuid8433)
сент. 19, 2025 6:42:50 PM webapp.storage.AbstractStorage save
INFO: &amp#27;[32mSave 28cdc964-2c81-4d90-b0d4-8989a92a0a3c(uuid8434)
сент. 19, 2025 6:42:50 PM webapp.storage.AbstractStorage save
INFO: &amp#27;[32mSave 6720d607-01e5-42da-b826-95e72429aa4c(uuid8435)
сент. 19, 2025 6:42:50 PM webapp.storage.AbstractStorage save
INFO: &amp#27;[32mSave acad3194-73d4-471d-8789-d937b9d01abe(uuid8436)
сент. 19, 2025 6:42:50 PM webapp.storage.AbstractStorage save
INFO: &amp#27;[32mSave 88c430b4-d57d-4887-a1f4-57d5586cb1c0(uuid8437)
сент. 19, 2025 6:42:50 PM webapp.storage.AbstractStorage save
INFO: &amp#27;[32mSave e6188424-4dbb-49ff-ae86-c62e335d1912(uuid8438)
сент. 19, 2025 6:42:50 PM webapp.storage.AbstractStorage save
INFO: &amp#27;[32mSave 78d8f2c2-7920-46d9-b41e-b26391b957d1(uuid8439)
сент. 19, 2025 6:42:50 PM webapp.storage.AbstractStorage save
INFO: &amp#27;[32mSave 961609f3-a301-4d96-abbd-016b67dadf99(uuid8440)
сент. 19, 2025 6:42:50 PM webapp.storage.AbstractStorage save
INFO: &amp#27;[32mSave e6ee817f-e5f8-4f72-8575-8c262a5bf6da(uuid8441)
сент. 19, 2025 6:42:50 PM webapp.storage.AbstractStorage save
INFO: &amp#27;[32mSave 679a087e-beaf-4115-b679-c0f9c7ecc4b5(uuid8442)
сент. 19, 2025 6:42:50 PM webapp.storage.AbstractStorage save
INFO: &amp#27;[32mSave 896d848c-9716-4247-bc96-1710574e6efb(uuid8443)
сент. 19, 2025 6:42:50 PM webapp.storage.AbstractStorage save
INFO: &amp#27;[32mSave 38266fb0-98a2-4035-8493-9a49f8dbb910(uuid8444)
сент. 19, 2025 6:42:50 PM webapp.storage.AbstractStorage save
INFO: &amp#27;[32mSave f9c8982a-e538-434f-b788-3f25638211d1(uuid8445)
сент. 19, 2025 6:42:50 PM webapp.storage.AbstractStorage save
INFO: &amp#27;[32mSave f95e3a7e-4281-4fbe-be05-df978e0482fb(uuid8446)
сент. 19, 2025 6:42:50 PM webapp.storage.AbstractStorage save
INFO: &amp#27;[32mSave 84b04b08-18a1-4284-8392-6f7272e8f482(uuid8447)
сент. 19, 2025 6:42:50 PM webapp.storage.AbstractStorage save
INFO: &amp#27;[32mSave e06a8abb-0978-4172-9de4-b798ef7d9883(uuid8448)
сент. 19, 2025 6:42:50 PM webapp.storage.AbstractStorage save
INFO: &amp#27;[32mSave aadd983f-95dc-4ce0-b158-82b2f390057e(uuid8449)
сент. 19, 2025 6:42:50 PM webapp.storage.AbstractStorage save
INFO: &amp#27;[32mSave ee81428b-8e7b-4e2d-aa08-54dc5f3b3dbe(uuid8450)
сент. 19, 2025 6:42:50 PM webapp.storage.AbstractStorage save
INFO: &amp#27;[32mSave 2c167157-1e1d-4740-b145-1e858bcbc498(uuid8451)
сент. 19, 2025 6:42:50 PM webapp.storage.AbstractStorage save
INFO: &amp#27;[32mSave 65261ead-fc30-4df6-9e80-2f19883073c4(uuid8452)
сент. 19, 2025 6:42:50 PM webapp.storage.AbstractStorage save
INFO: &amp#27;[32mSave 52bbf7ca-c941-4b5b-9bb1-9834232c05b6(uuid8453)
сент. 19, 2025 6:42:50 PM webapp.storage.AbstractStorage save
INFO: &amp#27;[32mSave bf611bba-8e9e-4a42-ba23-6b55fce57888(uuid8454)
сент. 19, 2025 6:42:50 PM webapp.storage.AbstractStorage save
INFO: &amp#27;[32mSave 9ba84402-4216-4896-8087-4d1b4c3921a9(uuid8455)
сент. 19, 2025 6:42:50 PM webapp.storage.AbstractStorage save
INFO: &amp#27;[32mSave 9840efa9-5e47-4803-9dc0-1142ccab9d0e(uuid8456)
сент. 19, 2025 6:42:50 PM webapp.storage.AbstractStorage save
INFO: &amp#27;[32mSave 65384cef-ab63-423b-a9bc-6fd586cb21e7(uuid8457)
сент. 19, 2025 6:42:50 PM webapp.storage.AbstractStorage save
INFO: &amp#27;[32mSave e1fbf080-aeb3-4d05-be0b-9417b3806aef(uuid8458)
сент. 19, 2025 6:42:50 PM webapp.storage.AbstractStorage save
INFO: &amp#27;[32mSave 3a8ed52e-42ca-4f06-91a5-b30f61583a02(uuid8459)
сент. 19, 2025 6:42:50 PM webapp.storage.AbstractStorage save
INFO: &amp#27;[32mSave f0b644aa-1bb1-489b-a0e9-148938715027(uuid8460)
сент. 19, 2025 6:42:50 PM webapp.storage.AbstractStorage save
INFO: &amp#27;[32mSave 5a6b80c2-f692-48da-bbad-5aa7e261c881(uuid8461)
сент. 19, 2025 6:42:50 PM webapp.storage.AbstractStorage save
INFO: &amp#27;[32mSave dd41d7be-7a1d-4e52-859f-267a2a6816c7(uuid8462)
сент. 19, 2025 6:42:50 PM webapp.storage.AbstractStorage save
INFO: &amp#27;[32mSave 742c4458-fe56-437a-ab8d-4918d51b8458(uuid8463)
сент. 19, 2025 6:42:50 PM webapp.storage.AbstractStorage save
INFO: &amp#27;[32mSave d0867e77-8b63-4cc5-b918-5c3f9df964ba(uuid8464)
сент. 19, 2025 6:42:50 PM webapp.storage.AbstractStorage save
INFO: &amp#27;[32mSave bab1a184-572d-4110-b76d-b3336b398203(uuid8465)
сент. 19, 2025 6:42:50 PM webapp.storage.AbstractStorage save
INFO: &amp#27;[32mSave bb5f6477-bd1c-47b3-ba8e-65a398aad366(uuid8466)
сент. 19, 2025 6:42:50 PM webapp.storage.AbstractStorage save
INFO: &amp#27;[32mSave b456af96-e7bd-4047-b51c-b59eecddbd4c(uuid8467)
сент. 19, 2025 6:42:50 PM webapp.storage.AbstractStorage save
INFO: &amp#27;[32mSave 36d9fa46-3ab6-48dd-9892-00fe52d14278(uuid8468)
сент. 19, 2025 6:42:50 PM webapp.storage.AbstractStorage save
INFO: &amp#27;[32mSave 571dd5c4-102e-44ba-83e9-5e00e81dbbfe(uuid8469)
сент. 19, 2025 6:42:50 PM webapp.storage.AbstractStorage save
INFO: &amp#27;[32mSave f4238af8-9138-4c70-a14e-91fc5cb4d4e7(uuid8470)
сент. 19, 2025 6:42:50 PM webapp.storage.AbstractStorage save
INFO: &amp#27;[32mSave fb74f8ea-f2c3-4f56-9a3c-e231f0596f20(uuid8471)
сент. 19, 2025 6:42:50 PM webapp.storage.AbstractStorage save
INFO: &amp#27;[32mSave 19ebfcdf-f061-4903-9e79-d461d37a6235(uuid8472)
сент. 19, 2025 6:42:50 PM webapp.storage.AbstractStorage save
INFO: &amp#27;[32mSave 87d001c1-1da3-4fc8-9c88-cfa120d1c1cf(uuid8473)
сент. 19, 2025 6:42:50 PM webapp.storage.AbstractStorage save
INFO: &amp#27;[32mSave 4e87c7c3-44b3-4f88-952b-462e05c2a1d3(uuid8474)
сент. 19, 2025 6:42:50 PM webapp.storage.AbstractStorage save
INFO: &amp#27;[32mSave 9daa63ab-9750-4d31-a5ab-8f330d64c4f2(uuid8475)
сент. 19, 2025 6:42:50 PM webapp.storage.AbstractStorage save
INFO: &amp#27;[32mSave 8d4efeac-1827-4e48-bef2-d073d42bcd9b(uuid8476)
сент. 19, 2025 6:42:50 PM webapp.storage.AbstractStorage save
INFO: &amp#27;[32mSave 815a3e2c-293f-4516-b63a-df32518514b8(uuid8477)
сент. 19, 2025 6:42:50 PM webapp.storage.AbstractStorage save
INFO: &amp#27;[32mSave 47320459-e837-49a9-8e75-b8e4c97ff44e(uuid8478)
сент. 19, 2025 6:42:50 PM webapp.storage.AbstractStorage save
INFO: &amp#27;[32mSave b1b8e1a5-d6bd-42bd-b305-950e0e5a5208(uuid8479)
сент. 19, 2025 6:42:50 PM webapp.storage.AbstractStorage save
INFO: &amp#27;[32mSave 5a9d17b9-af11-42f9-be43-779ceae7ee5c(uuid8480)
сент. 19, 2025 6:42:50 PM webapp.storage.AbstractStorage save
INFO: &amp#27;[32mSave 812e5857-ca62-48b6-89ed-9e4d9e3d1e18(uuid8481)
сент. 19, 2025 6:42:50 PM webapp.storage.AbstractStorage save
INFO: &amp#27;[32mSave 08e56174-7868-4485-9add-89f7055533c4(uuid8482)
сент. 19, 2025 6:42:50 PM webapp.storage.AbstractStorage save
INFO: &amp#27;[32mSave 2c9d154a-7308-4205-8b5b-affc566cc432(uuid8483)
сент. 19, 2025 6:42:50 PM webapp.storage.AbstractStorage save
INFO: &amp#27;[32mSave ea2cde65-9598-4b76-b0c9-4fafa20834c5(uuid8484)
сент. 19, 2025 6:42:50 PM webapp.storage.AbstractStorage save
INFO: &amp#27;[32mSave 540c225f-995a-447e-b735-e98b6478b913(uuid8485)
сент. 19, 2025 6:42:50 PM webapp.storage.AbstractStorage save
INFO: &amp#27;[32mSave 59f1342c-c24a-4c39-a509-0a23558ca30d(uuid8486)
сент. 19, 2025 6:42:50 PM webapp.storage.AbstractStorage save
INFO: &amp#27;[32mSave b6e410a9-3532-44c1-90e0-c1507d826eeb(uuid8487)
сент. 19, 2025 6:42:50 PM webapp.storage.AbstractStorage save
INFO: &amp#27;[32mSave 9c3cbb8a-0fcc-4436-86a4-8a480a649b4c(uuid8488)
сент. 19, 2025 6:42:50 PM webapp.storage.AbstractStorage save
INFO: &amp#27;[32mSave 12a4e252-cb84-4903-a614-0725b251ec47(uuid8489)
сент. 19, 2025 6:42:50 PM webapp.storage.AbstractStorage save
INFO: &amp#27;[32mSave f5146582-241e-4576-a652-9c11880141bb(uuid8490)
сент. 19, 2025 6:42:50 PM webapp.storage.AbstractStorage save
INFO: &amp#27;[32mSave 48297fa4-d01d-4c5d-8ba6-eb61392ff626(uuid8491)
сент. 19, 2025 6:42:50 PM webapp.storage.AbstractStorage save
INFO: &amp#27;[32mSave 94973f12-2308-4e5b-9fc7-704e4c8bda89(uuid8492)
сент. 19, 2025 6:42:50 PM webapp.storage.AbstractStorage save
INFO: &amp#27;[32mSave 1dcb6f2e-0c1e-45e3-b50b-fffed6bdac22(uuid8493)
сент. 19, 2025 6:42:50 PM webapp.storage.AbstractStorage save
INFO: &amp#27;[32mSave 5ce19304-4785-48c4-86e8-1b6fab3596e3(uuid8494)
сент. 19, 2025 6:42:50 PM webapp.storage.AbstractStorage save
INFO: &amp#27;[32mSave 4b3b8360-49e3-4437-9ae1-68947709647b(uuid8495)
сент. 19, 2025 6:42:50 PM webapp.storage.AbstractStorage save
INFO: &amp#27;[32mSave 99caaecb-241f-4f42-9e90-9e1f5ba14de8(uuid8496)
сент. 19, 2025 6:42:50 PM webapp.storage.AbstractStorage save
INFO: &amp#27;[32mSave d7c9eee0-e2a5-43a6-8834-27baed352dde(uuid8497)
сент. 19, 2025 6:42:50 PM webapp.storage.AbstractStorage save
INFO: &amp#27;[32mSave c816d248-588e-4da5-8f96-79983cdf3e9f(uuid8498)
сент. 19, 2025 6:42:50 PM webapp.storage.AbstractStorage save
INFO: &amp#27;[32mSave 22d05a6d-904a-4f85-92f9-a04aac91194d(uuid8499)
сент. 19, 2025 6:42:50 PM webapp.storage.AbstractStorage save
INFO: &amp#27;[32mSave a1f776c7-d985-4b93-8214-3c7e45728249(uuid8500)
сент. 19, 2025 6:42:50 PM webapp.storage.AbstractStorage save
INFO: &amp#27;[32mSave 15f5b80d-079a-4d30-91f9-9040bdc5169a(uuid8501)
сент. 19, 2025 6:42:50 PM webapp.storage.AbstractStorage save
INFO: &amp#27;[32mSave 7ae80972-237b-4ac1-9833-3ab40e9b3728(uuid8502)
сент. 19, 2025 6:42:50 PM webapp.storage.AbstractStorage save
INFO: &amp#27;[32mSave e1ab9891-f2f3-478f-acaa-5eb46c156f2a(uuid8503)
сент. 19, 2025 6:42:50 PM webapp.storage.AbstractStorage save
INFO: &amp#27;[32mSave bc22ffdf-6830-4386-8f11-4ab628509c2b(uuid8504)
сент. 19, 2025 6:42:50 PM webapp.storage.AbstractStorage save
INFO: &amp#27;[32mSave 40c762ee-5fed-4d9f-8362-24bccd9c8643(uuid8505)
сент. 19, 2025 6:42:50 PM webapp.storage.AbstractStorage save
INFO: &amp#27;[32mSave f596f816-8f89-48b8-987d-1bdfb8cc4d94(uuid8506)
сент. 19, 2025 6:42:50 PM webapp.storage.AbstractStorage save
INFO: &amp#27;[32mSave 1e019923-7bd0-4802-ac59-8801b35f29dd(uuid8507)
сент. 19, 2025 6:42:50 PM webapp.storage.AbstractStorage save
INFO: &amp#27;[32mSave e6e58e96-699b-41d3-92e2-194f0cb6382c(uuid8508)
сент. 19, 2025 6:42:50 PM webapp.storage.AbstractStorage save
INFO: &amp#27;[32mSave de3e1c79-8495-4301-bc52-f94dc699b1aa(uuid8509)
сент. 19, 2025 6:42:50 PM webapp.storage.AbstractStorage save
INFO: &amp#27;[32mSave 3dd12e4b-ae89-4480-9e2a-933868a4c507(uuid8510)
сент. 19, 2025 6:42:50 PM webapp.storage.AbstractStorage save
INFO: &amp#27;[32mSave 207de7db-d23c-4b9d-8064-8e2c38bf5dab(uuid8511)
сент. 19, 2025 6:42:50 PM webapp.storage.AbstractStorage save
INFO: &amp#27;[32mSave a9b84a2c-eb35-46b8-bd07-144942b7d4a1(uuid8512)
сент. 19, 2025 6:42:50 PM webapp.storage.AbstractStorage save
INFO: &amp#27;[32mSave 855d407d-fee9-4530-a2e2-64036afd6a2d(uuid8513)
сент. 19, 2025 6:42:50 PM webapp.storage.AbstractStorage save
INFO: &amp#27;[32mSave 1fc32994-af88-4a42-b285-ad38f92fd842(uuid8514)
сент. 19, 2025 6:42:50 PM webapp.storage.AbstractStorage save
INFO: &amp#27;[32mSave f0ab5bfb-fe05-49d5-b80f-72aaa1221262(uuid8515)
сент. 19, 2025 6:42:50 PM webapp.storage.AbstractStorage save
INFO: &amp#27;[32mSave 2b7296a6-f439-4234-9200-9ea8a1ff7138(uuid8516)
сент. 19, 2025 6:42:50 PM webapp.storage.AbstractStorage save
INFO: &amp#27;[32mSave bd84fc9e-8b8a-4e1c-a020-502c0f225e41(uuid8517)
сент. 19, 2025 6:42:50 PM webapp.storage.AbstractStorage save
INFO: &amp#27;[32mSave a67cb4fa-e21d-4e91-b6d7-b79b94ddcd4a(uuid8518)
сент. 19, 2025 6:42:50 PM webapp.storage.AbstractStorage save
INFO: &amp#27;[32mSave f0239fdd-aeda-4a65-875b-2c13daf7f4ca(uuid8519)
сент. 19, 2025 6:42:50 PM webapp.storage.AbstractStorage save
INFO: &amp#27;[32mSave 53c4ada9-b6fb-4b7a-965a-fe65acb6ce59(uuid8520)
сент. 19, 2025 6:42:50 PM webapp.storage.AbstractStorage save
INFO: &amp#27;[32mSave e2eb25a7-fb4c-4b40-94c4-4f3ddce997f4(uuid8521)
сент. 19, 2025 6:42:50 PM webapp.storage.AbstractStorage save
INFO: &amp#27;[32mSave d2964361-ca90-4c90-b730-f811be1a1cc9(uuid8522)
сент. 19, 2025 6:42:50 PM webapp.storage.AbstractStorage save
INFO: &amp#27;[32mSave c776d0fc-686e-4363-ac96-7578377d8b0f(uuid8523)
сент. 19, 2025 6:42:50 PM webapp.storage.AbstractStorage save
INFO: &amp#27;[32mSave c944d2b6-393a-4dc1-83d1-afe6ef86a4d1(uuid8524)
сент. 19, 2025 6:42:50 PM webapp.storage.AbstractStorage save
INFO: &amp#27;[32mSave a67d228a-2965-421d-8cf4-3b49d96bd52e(uuid8525)
сент. 19, 2025 6:42:50 PM webapp.storage.AbstractStorage save
INFO: &amp#27;[32mSave 7edf2e75-ce87-42d7-a40c-690e14debce3(uuid8526)
сент. 19, 2025 6:42:50 PM webapp.storage.AbstractStorage save
INFO: &amp#27;[32mSave bd8ab198-7f82-4b09-82b8-0e7a870952be(uuid8527)
сент. 19, 2025 6:42:50 PM webapp.storage.AbstractStorage save
INFO: &amp#27;[32mSave 1ef5a3eb-bc59-4821-bd19-13b268383bd8(uuid8528)
сент. 19, 2025 6:42:50 PM webapp.storage.AbstractStorage save
INFO: &amp#27;[32mSave bf3877d1-adab-47dc-98d7-45696d6d3141(uuid8529)
сент. 19, 2025 6:42:50 PM webapp.storage.AbstractStorage save
INFO: &amp#27;[32mSave 92d06289-45cb-4d4d-84a3-4afb6dbb53be(uuid8530)
сент. 19, 2025 6:42:50 PM webapp.storage.AbstractStorage save
INFO: &amp#27;[32mSave b061d7d5-91bb-421c-8a00-3498ebaccf95(uuid8531)
сент. 19, 2025 6:42:50 PM webapp.storage.AbstractStorage save
INFO: &amp#27;[32mSave 7df9f2f8-0875-40ef-8b89-8edaea8cc5a9(uuid8532)
сент. 19, 2025 6:42:50 PM webapp.storage.AbstractStorage save
INFO: &amp#27;[32mSave e532282d-81bb-44f0-8258-7c699157e7a2(uuid8533)
сент. 19, 2025 6:42:50 PM webapp.storage.AbstractStorage save
INFO: &amp#27;[32mSave 4c191a35-a2e3-472e-b1bd-3ccdd1da3686(uuid8534)
сент. 19, 2025 6:42:50 PM webapp.storage.AbstractStorage save
INFO: &amp#27;[32mSave 5fe92fe3-faad-4a8a-aac9-80df8aca0575(uuid8535)
сент. 19, 2025 6:42:50 PM webapp.storage.AbstractStorage save
INFO: &amp#27;[32mSave 4b03a7ce-2e5a-44e3-adfd-881ebcf29472(uuid8536)
сент. 19, 2025 6:42:50 PM webapp.storage.AbstractStorage save
INFO: &amp#27;[32mSave 5eee64ab-f937-44fb-b638-8128b83e6047(uuid8537)
сент. 19, 2025 6:42:50 PM webapp.storage.AbstractStorage save
INFO: &amp#27;[32mSave 683f3ae1-7cd9-4cb0-ba62-f9bdc5e96b34(uuid8538)
сент. 19, 2025 6:42:50 PM webapp.storage.AbstractStorage save
INFO: &amp#27;[32mSave b1e763e3-de1b-4b52-a2fa-6d6a63a5f293(uuid8539)
сент. 19, 2025 6:42:50 PM webapp.storage.AbstractStorage save
INFO: &amp#27;[32mSave c7d83c9d-f302-4115-be49-be7c238a9d5a(uuid8540)
сент. 19, 2025 6:42:50 PM webapp.storage.AbstractStorage save
INFO: &amp#27;[32mSave 4e5de4eb-47ec-4fde-9a37-a0cb0c3d30e9(uuid8541)
сент. 19, 2025 6:42:50 PM webapp.storage.AbstractStorage save
INFO: &amp#27;[32mSave a84e6bc1-8ece-4d1b-8c68-e15acfbfccee(uuid8542)
сент. 19, 2025 6:42:50 PM webapp.storage.AbstractStorage save
INFO: &amp#27;[32mSave 480afcf2-10ea-4f51-b1b7-aff1f74c7f94(uuid8543)
сент. 19, 2025 6:42:50 PM webapp.storage.AbstractStorage save
INFO: &amp#27;[32mSave edcf8bac-fdc1-49f5-a5c8-84ea48263bc4(uuid8544)
сент. 19, 2025 6:42:50 PM webapp.storage.AbstractStorage save
INFO: &amp#27;[32mSave 725cdcd1-976b-4d1f-a47b-71f4a6e27673(uuid8545)
сент. 19, 2025 6:42:50 PM webapp.storage.AbstractStorage save
INFO: &amp#27;[32mSave f54f1701-1ae6-4ebc-b6b6-46dbbd396183(uuid8546)
сент. 19, 2025 6:42:50 PM webapp.storage.AbstractStorage save
INFO: &amp#27;[32mSave 18959c3f-4a9c-4727-8d11-3158b6258d02(uuid8547)
сент. 19, 2025 6:42:50 PM webapp.storage.AbstractStorage save
INFO: &amp#27;[32mSave e420995a-163f-45f1-a5c1-0c0f5aecc47e(uuid8548)
сент. 19, 2025 6:42:50 PM webapp.storage.AbstractStorage save
INFO: &amp#27;[32mSave 28028a07-4b33-460b-b9ec-ef2229c06168(uuid8549)
сент. 19, 2025 6:42:50 PM webapp.storage.AbstractStorage save
INFO: &amp#27;[32mSave 55d079b1-df77-48c0-9785-478412ca7bee(uuid8550)
сент. 19, 2025 6:42:50 PM webapp.storage.AbstractStorage save
INFO: &amp#27;[32mSave 9a68e306-4738-4e6a-878f-0a614329ed77(uuid8551)
сент. 19, 2025 6:42:50 PM webapp.storage.AbstractStorage save
INFO: &amp#27;[32mSave 0fb92b5b-50d5-45be-8377-614b8faa5334(uuid8552)
сент. 19, 2025 6:42:50 PM webapp.storage.AbstractStorage save
INFO: &amp#27;[32mSave 9a9bc258-7a18-4664-a9ad-c597b33573c9(uuid8553)
сент. 19, 2025 6:42:50 PM webapp.storage.AbstractStorage save
INFO: &amp#27;[32mSave dc3fc204-80a0-456f-9547-685b74718282(uuid8554)
сент. 19, 2025 6:42:50 PM webapp.storage.AbstractStorage save
INFO: &amp#27;[32mSave 87c13b63-95ae-41bd-a166-4e5e8b3b9c6d(uuid8555)
сент. 19, 2025 6:42:50 PM webapp.storage.AbstractStorage save
INFO: &amp#27;[32mSave 16173300-a7b3-4c1e-afe1-abc47242f6d1(uuid8556)
сент. 19, 2025 6:42:50 PM webapp.storage.AbstractStorage save
INFO: &amp#27;[32mSave 84f5ddf8-4bc1-4da8-9192-d8e8745b0869(uuid8557)
сент. 19, 2025 6:42:50 PM webapp.storage.AbstractStorage save
INFO: &amp#27;[32mSave 9c611efe-f3a7-4794-bdd2-5ad58763ab67(uuid8558)
сент. 19, 2025 6:42:50 PM webapp.storage.AbstractStorage save
INFO: &amp#27;[32mSave 2f015290-2d4c-460d-9ea7-04f5fe6e7322(uuid8559)
сент. 19, 2025 6:42:50 PM webapp.storage.AbstractStorage save
INFO: &amp#27;[32mSave 4804ebcc-a983-43c6-b26a-b6931d660d7c(uuid8560)
сент. 19, 2025 6:42:50 PM webapp.storage.AbstractStorage save
INFO: &amp#27;[32mSave c7b89ca7-78b5-4ba7-8daf-adc53774be53(uuid8561)
сент. 19, 2025 6:42:50 PM webapp.storage.AbstractStorage save
INFO: &amp#27;[32mSave ed9b63f4-3a88-4260-9497-7bc86cc8a55e(uuid8562)
сент. 19, 2025 6:42:50 PM webapp.storage.AbstractStorage save
INFO: &amp#27;[32mSave e8e70421-d203-4955-83a3-7bd5a3998a3a(uuid8563)
сент. 19, 2025 6:42:50 PM webapp.storage.AbstractStorage save
INFO: &amp#27;[32mSave 0b5b2d09-52e3-401c-a17a-43dd9c76cb08(uuid8564)
сент. 19, 2025 6:42:50 PM webapp.storage.AbstractStorage save
INFO: &amp#27;[32mSave 52154e07-56b7-4078-b5c7-aad73bdca324(uuid8565)
сент. 19, 2025 6:42:50 PM webapp.storage.AbstractStorage save
INFO: &amp#27;[32mSave 79c7ae5f-6c1b-4350-bf17-f24a53bfd839(uuid8566)
сент. 19, 2025 6:42:50 PM webapp.storage.AbstractStorage save
INFO: &amp#27;[32mSave 3d14a840-0755-4f27-bbb8-eb2bd5d7aeb7(uuid8567)
сент. 19, 2025 6:42:50 PM webapp.storage.AbstractStorage save
INFO: &amp#27;[32mSave 4d432334-7f36-4957-8e9f-104afe0acb7c(uuid8568)
сент. 19, 2025 6:42:50 PM webapp.storage.AbstractStorage save
INFO: &amp#27;[32mSave 67b7b8dd-837b-449e-8f27-2a068e4a2b44(uuid8569)
сент. 19, 2025 6:42:50 PM webapp.storage.AbstractStorage save
INFO: &amp#27;[32mSave 23822d52-6f11-4976-b5ee-627a86d327b2(uuid8570)
сент. 19, 2025 6:42:50 PM webapp.storage.AbstractStorage save
INFO: &amp#27;[32mSave a5798d7a-7963-4804-aec5-73a619768ede(uuid8571)
сент. 19, 2025 6:42:50 PM webapp.storage.AbstractStorage save
INFO: &amp#27;[32mSave 3dc430bd-66c2-4c69-a7e7-b78c4001da65(uuid8572)
сент. 19, 2025 6:42:50 PM webapp.storage.AbstractStorage save
INFO: &amp#27;[32mSave 1d58ab62-d596-4ee6-a8ff-c7a84df3410b(uuid8573)
сент. 19, 2025 6:42:50 PM webapp.storage.AbstractStorage save
INFO: &amp#27;[32mSave 21342afe-507b-4964-929c-efc3ae238bdf(uuid8574)
сент. 19, 2025 6:42:50 PM webapp.storage.AbstractStorage save
INFO: &amp#27;[32mSave afe41825-73dc-4d75-96ee-cb4ac06b9f6b(uuid8575)
сент. 19, 2025 6:42:50 PM webapp.storage.AbstractStorage save
INFO: &amp#27;[32mSave f4615b82-7392-451e-aa2d-24d5221d420a(uuid8576)
сент. 19, 2025 6:42:50 PM webapp.storage.AbstractStorage save
INFO: &amp#27;[32mSave 89dde503-62b3-4e23-9414-44b5119f1128(uuid8577)
сент. 19, 2025 6:42:50 PM webapp.storage.AbstractStorage save
INFO: &amp#27;[32mSave 01694b26-4c58-4de6-93be-d3369addf30d(uuid8578)
сент. 19, 2025 6:42:50 PM webapp.storage.AbstractStorage save
INFO: &amp#27;[32mSave 2f90a828-ad34-44d7-9bbe-946792bb58a3(uuid8579)
сент. 19, 2025 6:42:50 PM webapp.storage.AbstractStorage save
INFO: &amp#27;[32mSave 92ffcce5-e580-4fb2-b555-b695c62abb30(uuid8580)
сент. 19, 2025 6:42:50 PM webapp.storage.AbstractStorage save
INFO: &amp#27;[32mSave 67170e0b-925d-45b5-8699-45a6aab0d0d4(uuid8581)
сент. 19, 2025 6:42:50 PM webapp.storage.AbstractStorage save
INFO: &amp#27;[32mSave 8f52d191-8095-4d4e-8d55-15801144485d(uuid8582)
сент. 19, 2025 6:42:50 PM webapp.storage.AbstractStorage save
INFO: &amp#27;[32mSave 1e145159-cda6-4ac1-84b8-8d814f3ba937(uuid8583)
сент. 19, 2025 6:42:50 PM webapp.storage.AbstractStorage save
INFO: &amp#27;[32mSave a763f71d-92b1-42c1-94c5-7277ea43c4a4(uuid8584)
сент. 19, 2025 6:42:50 PM webapp.storage.AbstractStorage save
INFO: &amp#27;[32mSave 2bcb9c39-82c8-4250-951f-57065c27a4c0(uuid8585)
сент. 19, 2025 6:42:50 PM webapp.storage.AbstractStorage save
INFO: &amp#27;[32mSave ea15f03a-b176-4b05-b52b-4b2f41cea161(uuid8586)
сент. 19, 2025 6:42:50 PM webapp.storage.AbstractStorage save
INFO: &amp#27;[32mSave dd76f36b-4129-4de6-8586-dcf0416a4218(uuid8587)
сент. 19, 2025 6:42:50 PM webapp.storage.AbstractStorage save
INFO: &amp#27;[32mSave 1b809c8d-bf77-4731-bf25-aeb09a6bbc62(uuid8588)
сент. 19, 2025 6:42:50 PM webapp.storage.AbstractStorage save
INFO: &amp#27;[32mSave efbce665-89f3-488f-b011-5eea8efd482b(uuid8589)
сент. 19, 2025 6:42:50 PM webapp.storage.AbstractStorage save
INFO: &amp#27;[32mSave 1a011ec4-f074-4457-bd37-441124bd2b03(uuid8590)
сент. 19, 2025 6:42:50 PM webapp.storage.AbstractStorage save
INFO: &amp#27;[32mSave b710db95-7297-43cb-a7f6-f818a3145d87(uuid8591)
сент. 19, 2025 6:42:50 PM webapp.storage.AbstractStorage save
INFO: &amp#27;[32mSave 22b022de-2db6-44ab-a2d2-d608c9b169a3(uuid8592)
сент. 19, 2025 6:42:50 PM webapp.storage.AbstractStorage save
INFO: &amp#27;[32mSave 84a9e8d1-802a-40ec-bd8a-ac219cca8299(uuid8593)
сент. 19, 2025 6:42:50 PM webapp.storage.AbstractStorage save
INFO: &amp#27;[32mSave 316885f5-fb83-46ff-8fa7-d99e0cdd7db8(uuid8594)
сент. 19, 2025 6:42:50 PM webapp.storage.AbstractStorage save
INFO: &amp#27;[32mSave 619f4bca-f8c0-431b-aae7-322e32e28f7d(uuid8595)
сент. 19, 2025 6:42:50 PM webapp.storage.AbstractStorage save
INFO: &amp#27;[32mSave 960dc00c-aac5-48df-87ad-860d3515881d(uuid8596)
сент. 19, 2025 6:42:50 PM webapp.storage.AbstractStorage save
INFO: &amp#27;[32mSave e69ede44-9d68-4316-9fc1-fb89f4b5f606(uuid8597)
сент. 19, 2025 6:42:50 PM webapp.storage.AbstractStorage save
INFO: &amp#27;[32mSave 1c91ac30-920e-4dd1-9013-83b679066ffb(uuid8598)
сент. 19, 2025 6:42:50 PM webapp.storage.AbstractStorage save
INFO: &amp#27;[32mSave 32b07e09-c46f-4c7b-b389-29e3e74cf967(uuid8599)
сент. 19, 2025 6:42:50 PM webapp.storage.AbstractStorage save
INFO: &amp#27;[32mSave 2c87b488-a9bc-415d-9d96-2d7631d254ca(uuid8600)
сент. 19, 2025 6:42:50 PM webapp.storage.AbstractStorage save
INFO: &amp#27;[32mSave f1a885a7-b7ed-491d-a68e-dd1efa305c08(uuid8601)
сент. 19, 2025 6:42:50 PM webapp.storage.AbstractStorage save
INFO: &amp#27;[32mSave 072213e9-2be7-4f18-86cd-aa4058d189f5(uuid8602)
сент. 19, 2025 6:42:50 PM webapp.storage.AbstractStorage save
INFO: &amp#27;[32mSave eb74d5ca-5ae5-443a-ad10-6276e635cbb1(uuid8603)
сент. 19, 2025 6:42:50 PM webapp.storage.AbstractStorage save
INFO: &amp#27;[32mSave aef8839a-9ebd-45aa-9d63-445abeebaa6c(uuid8604)
сент. 19, 2025 6:42:50 PM webapp.storage.AbstractStorage save
INFO: &amp#27;[32mSave 10951f43-2a0a-445d-9d99-636069a2e577(uuid8605)
сент. 19, 2025 6:42:50 PM webapp.storage.AbstractStorage save
INFO: &amp#27;[32mSave a0de6b86-dcfd-4451-aa1e-e31bb8c7edef(uuid8606)
сент. 19, 2025 6:42:50 PM webapp.storage.AbstractStorage save
INFO: &amp#27;[32mSave 8cb7a6f1-79f1-40fe-8555-6866d1c9cb51(uuid8607)
сент. 19, 2025 6:42:50 PM webapp.storage.AbstractStorage save
INFO: &amp#27;[32mSave ef595062-aafd-455c-9c67-5748d8d53754(uuid8608)
сент. 19, 2025 6:42:50 PM webapp.storage.AbstractStorage save
INFO: &amp#27;[32mSave 3055ee99-1a05-4505-a6bd-56e882680f7e(uuid8609)
сент. 19, 2025 6:42:50 PM webapp.storage.AbstractStorage save
INFO: &amp#27;[32mSave eca50ab0-a62d-4041-9d2a-0b2bf0f5bc0c(uuid8610)
сент. 19, 2025 6:42:50 PM webapp.storage.AbstractStorage save
INFO: &amp#27;[32mSave 61ba92c5-3974-42d0-b72d-6296d0bc39df(uuid8611)
сент. 19, 2025 6:42:50 PM webapp.storage.AbstractStorage save
INFO: &amp#27;[32mSave 19a9b1e6-ceed-45e0-8192-dfcda2992422(uuid8612)
сент. 19, 2025 6:42:50 PM webapp.storage.AbstractStorage save
INFO: &amp#27;[32mSave 0720ba4e-31c9-4a96-8345-64d421ba5a9a(uuid8613)
сент. 19, 2025 6:42:50 PM webapp.storage.AbstractStorage save
INFO: &amp#27;[32mSave 84747346-e23e-4b2f-a82e-aea89d52e948(uuid8614)
сент. 19, 2025 6:42:50 PM webapp.storage.AbstractStorage save
INFO: &amp#27;[32mSave bf50a9bc-a38e-40c2-8073-6e7b66601429(uuid8615)
сент. 19, 2025 6:42:50 PM webapp.storage.AbstractStorage save
INFO: &amp#27;[32mSave 3a06309d-353e-4553-8974-5bcb28c10d00(uuid8616)
сент. 19, 2025 6:42:50 PM webapp.storage.AbstractStorage save
INFO: &amp#27;[32mSave 772c3163-4842-4734-b5b8-c9081cd8afbe(uuid8617)
сент. 19, 2025 6:42:50 PM webapp.storage.AbstractStorage save
INFO: &amp#27;[32mSave 5da5a4b9-9f77-430c-855e-9bbaee6e214f(uuid8618)
сент. 19, 2025 6:42:50 PM webapp.storage.AbstractStorage save
INFO: &amp#27;[32mSave 21645b7f-f0d5-40e0-a1a7-1cfda4ece0cd(uuid8619)
сент. 19, 2025 6:42:50 PM webapp.storage.AbstractStorage save
INFO: &amp#27;[32mSave 25e2b3c7-e164-4520-8b2e-38bddc9d6a8e(uuid8620)
сент. 19, 2025 6:42:50 PM webapp.storage.AbstractStorage save
INFO: &amp#27;[32mSave a3a695da-2448-426f-bfcb-298fe33fd824(uuid8621)
сент. 19, 2025 6:42:50 PM webapp.storage.AbstractStorage save
INFO: &amp#27;[32mSave 67821cdd-9baf-40a8-af62-41608acf918a(uuid8622)
сент. 19, 2025 6:42:50 PM webapp.storage.AbstractStorage save
INFO: &amp#27;[32mSave 032f7d1c-5c04-4e7b-9651-385e658fc85a(uuid8623)
сент. 19, 2025 6:42:50 PM webapp.storage.AbstractStorage save
INFO: &amp#27;[32mSave 0d72d0dc-7a2b-46e4-93b0-186e7f9dd17a(uuid8624)
сент. 19, 2025 6:42:50 PM webapp.storage.AbstractStorage save
INFO: &amp#27;[32mSave ce9dfba6-4618-45c9-89dd-0c85fe42a294(uuid8625)
сент. 19, 2025 6:42:50 PM webapp.storage.AbstractStorage save
INFO: &amp#27;[32mSave 16d9d5a5-d488-4dc8-a874-6be2f16207a1(uuid8626)
сент. 19, 2025 6:42:50 PM webapp.storage.AbstractStorage save
INFO: &amp#27;[32mSave 81e6877b-2641-4b02-98c2-cc7f094ab604(uuid8627)
сент. 19, 2025 6:42:50 PM webapp.storage.AbstractStorage save
INFO: &amp#27;[32mSave 6de49c92-1620-4a4e-9ab1-af0d18467311(uuid8628)
сент. 19, 2025 6:42:50 PM webapp.storage.AbstractStorage save
INFO: &amp#27;[32mSave 8e58332a-abf9-4c70-89be-70afe5f9e915(uuid8629)
сент. 19, 2025 6:42:50 PM webapp.storage.AbstractStorage save
INFO: &amp#27;[32mSave 5248cf58-9a85-4c0a-8e94-13bdcaa38335(uuid8630)
сент. 19, 2025 6:42:50 PM webapp.storage.AbstractStorage save
INFO: &amp#27;[32mSave 6d98e908-72a2-4b91-88d3-d31eceea37b3(uuid8631)
сент. 19, 2025 6:42:50 PM webapp.storage.AbstractStorage save
INFO: &amp#27;[32mSave aae1de4b-41a8-438d-b318-e72f982b2d5f(uuid8632)
сент. 19, 2025 6:42:50 PM webapp.storage.AbstractStorage save
INFO: &amp#27;[32mSave c1130e8b-eb07-441a-b226-6cfa00b28801(uuid8633)
сент. 19, 2025 6:42:50 PM webapp.storage.AbstractStorage save
INFO: &amp#27;[32mSave 81d8ce11-26d6-4187-ac85-77b51d4d19e7(uuid8634)
сент. 19, 2025 6:42:50 PM webapp.storage.AbstractStorage save
INFO: &amp#27;[32mSave 642d716c-dd94-4bc8-bae2-e8974b5ab702(uuid8635)
сент. 19, 2025 6:42:50 PM webapp.storage.AbstractStorage save
INFO: &amp#27;[32mSave 16a9cee6-80c9-4706-ac54-baf231de9bd5(uuid8636)
сент. 19, 2025 6:42:50 PM webapp.storage.AbstractStorage save
INFO: &amp#27;[32mSave 72cfd0cd-f5dd-4a06-8548-7863fe5aafa4(uuid8637)
сент. 19, 2025 6:42:50 PM webapp.storage.AbstractStorage save
INFO: &amp#27;[32mSave 2429cf6d-ced0-4b0e-86ce-f15fa739eb5f(uuid8638)
сент. 19, 2025 6:42:50 PM webapp.storage.AbstractStorage save
INFO: &amp#27;[32mSave cf196d91-d53b-424e-a3fc-e78ee3db6fa9(uuid8639)
сент. 19, 2025 6:42:50 PM webapp.storage.AbstractStorage save
INFO: &amp#27;[32mSave e858e89e-2402-41e5-99ae-200ca203e4be(uuid8640)
сент. 19, 2025 6:42:50 PM webapp.storage.AbstractStorage save
INFO: &amp#27;[32mSave f9858ec4-04df-4bcb-91e6-2210338a9457(uuid8641)
сент. 19, 2025 6:42:50 PM webapp.storage.AbstractStorage save
INFO: &amp#27;[32mSave c0d33b99-d6c6-4fda-be3a-5444ffa807dd(uuid8642)
сент. 19, 2025 6:42:50 PM webapp.storage.AbstractStorage save
INFO: &amp#27;[32mSave 612f0b63-c372-4a19-9a4f-3ddcf3e6c6d9(uuid8643)
сент. 19, 2025 6:42:50 PM webapp.storage.AbstractStorage save
INFO: &amp#27;[32mSave c7272fa8-85c6-4663-8c8d-761cd1c800b2(uuid8644)
сент. 19, 2025 6:42:50 PM webapp.storage.AbstractStorage save
INFO: &amp#27;[32mSave 8d2ba92f-ee85-4588-a52c-d79cd1cbc0ce(uuid8645)
сент. 19, 2025 6:42:50 PM webapp.storage.AbstractStorage save
INFO: &amp#27;[32mSave cf2167ee-355d-435f-a0ce-f81ac10bf6dc(uuid8646)
сент. 19, 2025 6:42:50 PM webapp.storage.AbstractStorage save
INFO: &amp#27;[32mSave 0726a9da-ac67-4c3d-94c7-4d56d0653fad(uuid8647)
сент. 19, 2025 6:42:50 PM webapp.storage.AbstractStorage save
INFO: &amp#27;[32mSave 534444ac-5a7c-4495-ba7d-49352bd5bd93(uuid8648)
сент. 19, 2025 6:42:50 PM webapp.storage.AbstractStorage save
INFO: &amp#27;[32mSave 0f7e4af9-0a55-4601-add6-45c234fab548(uuid8649)
сент. 19, 2025 6:42:50 PM webapp.storage.AbstractStorage save
INFO: &amp#27;[32mSave 22cb2e4c-03f1-41d5-b26c-7db919e534c2(uuid8650)
сент. 19, 2025 6:42:50 PM webapp.storage.AbstractStorage save
INFO: &amp#27;[32mSave a1a0e413-8768-49ff-8350-9b7455c53cea(uuid8651)
сент. 19, 2025 6:42:50 PM webapp.storage.AbstractStorage save
INFO: &amp#27;[32mSave 6f43c452-86e8-46f4-b236-c47218f31962(uuid8652)
сент. 19, 2025 6:42:50 PM webapp.storage.AbstractStorage save
INFO: &amp#27;[32mSave 7245a396-2e56-4ae2-bbbe-a4810bab8d27(uuid8653)
сент. 19, 2025 6:42:50 PM webapp.storage.AbstractStorage save
INFO: &amp#27;[32mSave 48b8bc16-6483-422a-8939-396592819236(uuid8654)
сент. 19, 2025 6:42:50 PM webapp.storage.AbstractStorage save
INFO: &amp#27;[32mSave 07d3e587-2f63-42a1-9bba-d9e1e0c1632f(uuid8655)
сент. 19, 2025 6:42:50 PM webapp.storage.AbstractStorage save
INFO: &amp#27;[32mSave 16c4cd98-7c4c-4486-b7f8-591e2cf43818(uuid8656)
сент. 19, 2025 6:42:50 PM webapp.storage.AbstractStorage save
INFO: &amp#27;[32mSave 44dce321-1116-441e-acc0-a855a7662871(uuid8657)
сент. 19, 2025 6:42:50 PM webapp.storage.AbstractStorage save
INFO: &amp#27;[32mSave 6b58d624-c41c-4ef4-81a4-a0201711e11b(uuid8658)
сент. 19, 2025 6:42:50 PM webapp.storage.AbstractStorage save
INFO: &amp#27;[32mSave 2162dd9e-27fc-4a24-9208-066a9f37cdda(uuid8659)
сент. 19, 2025 6:42:50 PM webapp.storage.AbstractStorage save
INFO: &amp#27;[32mSave 8db3e46c-c2b2-4caa-a03a-4155f44c3437(uuid8660)
сент. 19, 2025 6:42:50 PM webapp.storage.AbstractStorage save
INFO: &amp#27;[32mSave abf2aabe-9837-48f7-9d42-37a02ac083c9(uuid8661)
сент. 19, 2025 6:42:50 PM webapp.storage.AbstractStorage save
INFO: &amp#27;[32mSave cf917f13-03a9-4e9d-8753-c17327df4909(uuid8662)
сент. 19, 2025 6:42:50 PM webapp.storage.AbstractStorage save
INFO: &amp#27;[32mSave 5f87d037-780b-435f-96d9-e781ba6b7588(uuid8663)
сент. 19, 2025 6:42:50 PM webapp.storage.AbstractStorage save
INFO: &amp#27;[32mSave cae975ee-53d2-4ff9-b4fe-17a8ceb395f2(uuid8664)
сент. 19, 2025 6:42:50 PM webapp.storage.AbstractStorage save
INFO: &amp#27;[32mSave ca0e9489-3f7d-4b61-9ef7-6839e6531e64(uuid8665)
сент. 19, 2025 6:42:50 PM webapp.storage.AbstractStorage save
INFO: &amp#27;[32mSave 732124f4-f2ce-4873-889c-8fe668066a86(uuid8666)
сент. 19, 2025 6:42:50 PM webapp.storage.AbstractStorage save
INFO: &amp#27;[32mSave a7cfe941-8a35-4a67-9f53-480050da96b4(uuid8667)
сент. 19, 2025 6:42:50 PM webapp.storage.AbstractStorage save
INFO: &amp#27;[32mSave 70eb0cb2-1ade-4615-a428-1cbf2cb9ac0c(uuid8668)
сент. 19, 2025 6:42:50 PM webapp.storage.AbstractStorage save
INFO: &amp#27;[32mSave 0e86708c-78ac-4921-ba2f-36480123021e(uuid8669)
сент. 19, 2025 6:42:50 PM webapp.storage.AbstractStorage save
INFO: &amp#27;[32mSave 6386b8b3-b6f3-4ae9-8dd0-3c5a8aa51b54(uuid8670)
сент. 19, 2025 6:42:50 PM webapp.storage.AbstractStorage save
INFO: &amp#27;[32mSave dc484d10-42b4-45a7-90a7-254e048f36ae(uuid8671)
сент. 19, 2025 6:42:50 PM webapp.storage.AbstractStorage save
INFO: &amp#27;[32mSave 42fce5e2-48e1-45fb-8ea3-65e80c8b6837(uuid8672)
сент. 19, 2025 6:42:50 PM webapp.storage.AbstractStorage save
INFO: &amp#27;[32mSave c57b58be-aa3c-425f-b6d1-e41d1f46ed79(uuid8673)
сент. 19, 2025 6:42:50 PM webapp.storage.AbstractStorage save
INFO: &amp#27;[32mSave 8e545789-a5ce-468c-9ea8-ae63a17e0307(uuid8674)
сент. 19, 2025 6:42:50 PM webapp.storage.AbstractStorage save
INFO: &amp#27;[32mSave 2143d4b7-600b-4c62-a23b-d3cfae10033a(uuid8675)
сент. 19, 2025 6:42:50 PM webapp.storage.AbstractStorage save
INFO: &amp#27;[32mSave 62773260-94ed-4c7f-816b-63012fc26968(uuid8676)
сент. 19, 2025 6:42:50 PM webapp.storage.AbstractStorage save
INFO: &amp#27;[32mSave 9eca96ae-b949-451e-a849-7d843b3b5062(uuid8677)
сент. 19, 2025 6:42:50 PM webapp.storage.AbstractStorage save
INFO: &amp#27;[32mSave 1b42778a-2840-4e51-bccb-279df78c36fe(uuid8678)
сент. 19, 2025 6:42:50 PM webapp.storage.AbstractStorage save
INFO: &amp#27;[32mSave 449824bf-e48e-4a2e-a679-aef2bebba755(uuid8679)
сент. 19, 2025 6:42:50 PM webapp.storage.AbstractStorage save
INFO: &amp#27;[32mSave 403716a8-7a12-42bb-a08b-1a8feba303fb(uuid8680)
сент. 19, 2025 6:42:50 PM webapp.storage.AbstractStorage save
INFO: &amp#27;[32mSave cb3c3d8e-38a3-4e34-beef-0bee046fb82f(uuid8681)
сент. 19, 2025 6:42:50 PM webapp.storage.AbstractStorage save
INFO: &amp#27;[32mSave da21e369-a875-4382-9d29-60aeb7c66c80(uuid8682)
сент. 19, 2025 6:42:50 PM webapp.storage.AbstractStorage save
INFO: &amp#27;[32mSave 438466c4-b877-40f6-967f-2b56ba224b90(uuid8683)
сент. 19, 2025 6:42:50 PM webapp.storage.AbstractStorage save
INFO: &amp#27;[32mSave f155466b-1c9c-487c-8cf1-647c858fb079(uuid8684)
сент. 19, 2025 6:42:50 PM webapp.storage.AbstractStorage save
INFO: &amp#27;[32mSave 2e487455-bf5e-4e40-8da2-c0c7ef37c7df(uuid8685)
сент. 19, 2025 6:42:50 PM webapp.storage.AbstractStorage save
INFO: &amp#27;[32mSave 8532725b-ee71-40ba-80af-0e0e9a4fc1ce(uuid8686)
сент. 19, 2025 6:42:50 PM webapp.storage.AbstractStorage save
INFO: &amp#27;[32mSave 11ef87a8-2fbc-45e5-83fe-5efbb8f16fa9(uuid8687)
сент. 19, 2025 6:42:50 PM webapp.storage.AbstractStorage save
INFO: &amp#27;[32mSave 610d2c0a-306e-45f1-8fdc-d62958809077(uuid8688)
сент. 19, 2025 6:42:50 PM webapp.storage.AbstractStorage save
INFO: &amp#27;[32mSave 3f181bdb-ccb8-41ce-a8fb-812d4cf2f79b(uuid8689)
сент. 19, 2025 6:42:50 PM webapp.storage.AbstractStorage save
INFO: &amp#27;[32mSave 8198f981-faa6-425d-b839-4bd8c36697c0(uuid8690)
сент. 19, 2025 6:42:50 PM webapp.storage.AbstractStorage save
INFO: &amp#27;[32mSave 3b77922a-b8f0-48e8-8ffe-91a65abd09bc(uuid8691)
сент. 19, 2025 6:42:50 PM webapp.storage.AbstractStorage save
INFO: &amp#27;[32mSave bafacb0b-ec82-486f-ab79-9abfa13bea97(uuid8692)
сент. 19, 2025 6:42:50 PM webapp.storage.AbstractStorage save
INFO: &amp#27;[32mSave f333878c-9be2-4f81-b1e1-189f83ffa268(uuid8693)
сент. 19, 2025 6:42:50 PM webapp.storage.AbstractStorage save
INFO: &amp#27;[32mSave e377284d-a619-42e5-9a17-92222b3eef79(uuid8694)
сент. 19, 2025 6:42:50 PM webapp.storage.AbstractStorage save
INFO: &amp#27;[32mSave dcd53ae6-6ed3-4ae5-b5c9-de5ee5b7a4be(uuid8695)
сент. 19, 2025 6:42:50 PM webapp.storage.AbstractStorage save
INFO: &amp#27;[32mSave bb1d5381-f6a1-474c-a2fe-2d69c5052c09(uuid8696)
сент. 19, 2025 6:42:50 PM webapp.storage.AbstractStorage save
INFO: &amp#27;[32mSave 79994519-a5c0-4807-8e7e-0182e534c7d1(uuid8697)
сент. 19, 2025 6:42:50 PM webapp.storage.AbstractStorage save
INFO: &amp#27;[32mSave 2cfc82a3-0d4b-4359-9368-3cf78aeeead9(uuid8698)
сент. 19, 2025 6:42:50 PM webapp.storage.AbstractStorage save
INFO: &amp#27;[32mSave 093583b1-3110-4639-a97d-c9fb27d99517(uuid8699)
сент. 19, 2025 6:42:50 PM webapp.storage.AbstractStorage save
INFO: &amp#27;[32mSave 00b70f36-7501-4ae1-b1b5-e43e3b4d7841(uuid8700)
сент. 19, 2025 6:42:50 PM webapp.storage.AbstractStorage save
INFO: &amp#27;[32mSave fd172511-6127-40d2-a596-0e24d7208f9b(uuid8701)
сент. 19, 2025 6:42:50 PM webapp.storage.AbstractStorage save
INFO: &amp#27;[32mSave 2be276c9-b508-4267-829c-6386df11a6d8(uuid8702)
сент. 19, 2025 6:42:50 PM webapp.storage.AbstractStorage save
INFO: &amp#27;[32mSave 6d06ee8f-b1bb-42ca-ac71-7dcfd72d0a6b(uuid8703)
сент. 19, 2025 6:42:50 PM webapp.storage.AbstractStorage save
INFO: &amp#27;[32mSave 9ca8ef8c-612b-4204-91f2-3b78c7bc1a4a(uuid8704)
сент. 19, 2025 6:42:50 PM webapp.storage.AbstractStorage save
INFO: &amp#27;[32mSave 8602f091-7a8c-4de6-8540-2ee4a1d80af3(uuid8705)
сент. 19, 2025 6:42:50 PM webapp.storage.AbstractStorage save
INFO: &amp#27;[32mSave 151dc62a-5348-438d-a6c0-2e60cb919e47(uuid8706)
сент. 19, 2025 6:42:50 PM webapp.storage.AbstractStorage save
INFO: &amp#27;[32mSave 283dd614-86b3-401d-9faf-237ae2d8c0d7(uuid8707)
сент. 19, 2025 6:42:50 PM webapp.storage.AbstractStorage save
INFO: &amp#27;[32mSave 44b354be-6f2e-453b-8037-6d93f38c9a66(uuid8708)
сент. 19, 2025 6:42:50 PM webapp.storage.AbstractStorage save
INFO: &amp#27;[32mSave cc4bb2b3-7581-46e1-a090-5397b8236dd5(uuid8709)
сент. 19, 2025 6:42:50 PM webapp.storage.AbstractStorage save
INFO: &amp#27;[32mSave cbb651bc-e396-46bd-b413-f474fff5245a(uuid8710)
сент. 19, 2025 6:42:50 PM webapp.storage.AbstractStorage save
INFO: &amp#27;[32mSave 8dc5b205-abad-4fcc-830e-cf1006a75741(uuid8711)
сент. 19, 2025 6:42:50 PM webapp.storage.AbstractStorage save
INFO: &amp#27;[32mSave 4f29bac7-92fe-4da8-bd9c-526bf59d1b53(uuid8712)
сент. 19, 2025 6:42:50 PM webapp.storage.AbstractStorage save
INFO: &amp#27;[32mSave dc2e6396-ab38-4781-8496-41ad78f5f991(uuid8713)
сент. 19, 2025 6:42:50 PM webapp.storage.AbstractStorage save
INFO: &amp#27;[32mSave fc6b590f-5847-43b4-a8b5-a4d7ccaa1a80(uuid8714)
сент. 19, 2025 6:42:50 PM webapp.storage.AbstractStorage save
INFO: &amp#27;[32mSave 59b495f5-7b7f-40bc-923c-87cdf374e590(uuid8715)
сент. 19, 2025 6:42:50 PM webapp.storage.AbstractStorage save
INFO: &amp#27;[32mSave c067823c-4dff-4234-bc21-6e21c133e74e(uuid8716)
сент. 19, 2025 6:42:50 PM webapp.storage.AbstractStorage save
INFO: &amp#27;[32mSave facb0eef-7630-446c-abe4-fc0dcc773c4c(uuid8717)
сент. 19, 2025 6:42:50 PM webapp.storage.AbstractStorage save
INFO: &amp#27;[32mSave ddcca103-76a2-44c4-9cb7-03ed93fb745f(uuid8718)
сент. 19, 2025 6:42:50 PM webapp.storage.AbstractStorage save
INFO: &amp#27;[32mSave bd1c1972-d3c3-48f4-a606-070d0e88a8d2(uuid8719)
сент. 19, 2025 6:42:50 PM webapp.storage.AbstractStorage save
INFO: &amp#27;[32mSave d7adab96-bd60-443f-8a1f-c2c0a289d69f(uuid8720)
сент. 19, 2025 6:42:50 PM webapp.storage.AbstractStorage save
INFO: &amp#27;[32mSave 5a3622e3-362a-47db-9651-0b2c3ae7e19a(uuid8721)
сент. 19, 2025 6:42:50 PM webapp.storage.AbstractStorage save
INFO: &amp#27;[32mSave 9751c721-6572-4775-a28d-8f0123402865(uuid8722)
сент. 19, 2025 6:42:50 PM webapp.storage.AbstractStorage save
INFO: &amp#27;[32mSave e273b3d0-7c5c-429e-b867-a3e1a20dde52(uuid8723)
сент. 19, 2025 6:42:50 PM webapp.storage.AbstractStorage save
INFO: &amp#27;[32mSave 59860a00-fe81-410a-bd73-fc852858468d(uuid8724)
сент. 19, 2025 6:42:50 PM webapp.storage.AbstractStorage save
INFO: &amp#27;[32mSave 2eff527f-f64f-4387-bf60-7c5dcae29d6e(uuid8725)
сент. 19, 2025 6:42:50 PM webapp.storage.AbstractStorage save
INFO: &amp#27;[32mSave a0810ab1-e111-4d75-861d-082f916d224a(uuid8726)
сент. 19, 2025 6:42:50 PM webapp.storage.AbstractStorage save
INFO: &amp#27;[32mSave c08a89b3-9725-4aab-8400-99df484dffb8(uuid8727)
сент. 19, 2025 6:42:50 PM webapp.storage.AbstractStorage save
INFO: &amp#27;[32mSave 9d3efd11-3b0d-471d-9fed-7b43ef3f31f5(uuid8728)
сент. 19, 2025 6:42:50 PM webapp.storage.AbstractStorage save
INFO: &amp#27;[32mSave 5deeab5c-a4c4-42e7-b159-3a2c6d7ba3ae(uuid8729)
сент. 19, 2025 6:42:50 PM webapp.storage.AbstractStorage save
INFO: &amp#27;[32mSave 884c11a4-bacc-4a4f-b8b3-59c0d2e5d832(uuid8730)
сент. 19, 2025 6:42:50 PM webapp.storage.AbstractStorage save
INFO: &amp#27;[32mSave 75752e0f-751f-43de-b795-31e328b3a0c2(uuid8731)
сент. 19, 2025 6:42:50 PM webapp.storage.AbstractStorage save
INFO: &amp#27;[32mSave 1d591312-9a44-41f4-b15a-38e34df3306c(uuid8732)
сент. 19, 2025 6:42:50 PM webapp.storage.AbstractStorage save
INFO: &amp#27;[32mSave b0753771-3bde-431c-a2a7-578c134ade7c(uuid8733)
сент. 19, 2025 6:42:50 PM webapp.storage.AbstractStorage save
INFO: &amp#27;[32mSave c6e2d086-6eb7-4803-9d91-7875f8e7ea15(uuid8734)
сент. 19, 2025 6:42:50 PM webapp.storage.AbstractStorage save
INFO: &amp#27;[32mSave 620bacc3-a4c7-4827-a891-7e2e5b258c66(uuid8735)
сент. 19, 2025 6:42:50 PM webapp.storage.AbstractStorage save
INFO: &amp#27;[32mSave 899d54f6-2f7a-4d3d-b0fa-b7e374a387d1(uuid8736)
сент. 19, 2025 6:42:50 PM webapp.storage.AbstractStorage save
INFO: &amp#27;[32mSave ca4e0fa1-a25a-475c-beb9-68a77af40224(uuid8737)
сент. 19, 2025 6:42:50 PM webapp.storage.AbstractStorage save
INFO: &amp#27;[32mSave 1a00d66b-6169-413b-aa2a-871dcb8d17ba(uuid8738)
сент. 19, 2025 6:42:50 PM webapp.storage.AbstractStorage save
INFO: &amp#27;[32mSave 8dd75dba-6944-4a68-9b77-82f80f852ac6(uuid8739)
сент. 19, 2025 6:42:50 PM webapp.storage.AbstractStorage save
INFO: &amp#27;[32mSave 48b3f3dc-61fa-4368-a6d5-e4259853e4e8(uuid8740)
сент. 19, 2025 6:42:50 PM webapp.storage.AbstractStorage save
INFO: &amp#27;[32mSave 0a134874-10cf-4f4a-b188-84836468b6e5(uuid8741)
сент. 19, 2025 6:42:50 PM webapp.storage.AbstractStorage save
INFO: &amp#27;[32mSave 74753925-7741-40d3-bc07-2245e3e36887(uuid8742)
сент. 19, 2025 6:42:50 PM webapp.storage.AbstractStorage save
INFO: &amp#27;[32mSave 53fc01d5-4854-4599-b0ba-881f5d285c3c(uuid8743)
сент. 19, 2025 6:42:50 PM webapp.storage.AbstractStorage save
INFO: &amp#27;[32mSave 1b621508-0597-4fd2-8040-15957c84152a(uuid8744)
сент. 19, 2025 6:42:50 PM webapp.storage.AbstractStorage save
INFO: &amp#27;[32mSave f1461c7a-2972-433a-97b5-de911d843bfa(uuid8745)
сент. 19, 2025 6:42:50 PM webapp.storage.AbstractStorage save
INFO: &amp#27;[32mSave c474fa3f-07e5-4b40-90b6-ea70795e5d5f(uuid8746)
сент. 19, 2025 6:42:50 PM webapp.storage.AbstractStorage save
INFO: &amp#27;[32mSave e155c916-5c9a-431c-a82e-a161744e3922(uuid8747)
сент. 19, 2025 6:42:50 PM webapp.storage.AbstractStorage save
INFO: &amp#27;[32mSave 6435253b-3c07-4c3c-abe9-827a6bc2ee08(uuid8748)
сент. 19, 2025 6:42:50 PM webapp.storage.AbstractStorage save
INFO: &amp#27;[32mSave 5d00c041-1f3f-4d19-b1c3-1d99e978263e(uuid8749)
сент. 19, 2025 6:42:50 PM webapp.storage.AbstractStorage save
INFO: &amp#27;[32mSave b585c6e4-6ce9-4199-ba8b-4c743d75bc0f(uuid8750)
сент. 19, 2025 6:42:50 PM webapp.storage.AbstractStorage save
INFO: &amp#27;[32mSave 6b02a324-7601-4cc5-9b74-179e433f0c91(uuid8751)
сент. 19, 2025 6:42:50 PM webapp.storage.AbstractStorage save
INFO: &amp#27;[32mSave f8a5efa9-7a33-4a20-82b5-6fa855894c12(uuid8752)
сент. 19, 2025 6:42:50 PM webapp.storage.AbstractStorage save
INFO: &amp#27;[32mSave 48758a6f-8c95-4708-ab15-06a00988cba2(uuid8753)
сент. 19, 2025 6:42:50 PM webapp.storage.AbstractStorage save
INFO: &amp#27;[32mSave 6b904c29-c973-4641-b979-9baad2aefe9b(uuid8754)
сент. 19, 2025 6:42:50 PM webapp.storage.AbstractStorage save
INFO: &amp#27;[32mSave 1db532b3-33f7-48af-86b7-a2cd5f56b76c(uuid8755)
сент. 19, 2025 6:42:50 PM webapp.storage.AbstractStorage save
INFO: &amp#27;[32mSave 7979d015-92b1-4e0e-b46d-294ba43c9805(uuid8756)
сент. 19, 2025 6:42:50 PM webapp.storage.AbstractStorage save
INFO: &amp#27;[32mSave 68d23096-fb1e-4238-9246-d048fcc2570f(uuid8757)
сент. 19, 2025 6:42:50 PM webapp.storage.AbstractStorage save
INFO: &amp#27;[32mSave d99edeea-51b6-43bf-a6bc-f5dd6a636539(uuid8758)
сент. 19, 2025 6:42:50 PM webapp.storage.AbstractStorage save
INFO: &amp#27;[32mSave 2fd6c4e9-b3d7-40b6-9a51-b1d84ef3c861(uuid8759)
сент. 19, 2025 6:42:50 PM webapp.storage.AbstractStorage save
INFO: &amp#27;[32mSave 043a1a2e-5c92-4fc3-8888-6cce49e6a131(uuid8760)
сент. 19, 2025 6:42:50 PM webapp.storage.AbstractStorage save
INFO: &amp#27;[32mSave dcaba108-545f-478a-b20e-b82d32ccdcd0(uuid8761)
сент. 19, 2025 6:42:50 PM webapp.storage.AbstractStorage save
INFO: &amp#27;[32mSave ade182e4-6b9e-41fb-a438-75a1bba537b8(uuid8762)
сент. 19, 2025 6:42:50 PM webapp.storage.AbstractStorage save
INFO: &amp#27;[32mSave b48266ce-51fa-4319-bb39-e3bb12ff64bb(uuid8763)
сент. 19, 2025 6:42:50 PM webapp.storage.AbstractStorage save
INFO: &amp#27;[32mSave fde34344-f20d-45cf-ba62-2b3717e1e3a0(uuid8764)
сент. 19, 2025 6:42:50 PM webapp.storage.AbstractStorage save
INFO: &amp#27;[32mSave 76473bb6-9d32-4cb5-b4e5-dc71fdd356b1(uuid8765)
сент. 19, 2025 6:42:50 PM webapp.storage.AbstractStorage save
INFO: &amp#27;[32mSave 22c7951f-ee41-439f-a42a-2f481083396f(uuid8766)
сент. 19, 2025 6:42:50 PM webapp.storage.AbstractStorage save
INFO: &amp#27;[32mSave 1ec635e5-ec69-44d1-a8fd-04452387efd5(uuid8767)
сент. 19, 2025 6:42:50 PM webapp.storage.AbstractStorage save
INFO: &amp#27;[32mSave 94e1148e-df00-4cdf-8a48-84a5408f03dc(uuid8768)
сент. 19, 2025 6:42:50 PM webapp.storage.AbstractStorage save
INFO: &amp#27;[32mSave 613bf6cd-10ec-4c1a-8a45-4f53f2aa8b7c(uuid8769)
сент. 19, 2025 6:42:50 PM webapp.storage.AbstractStorage save
INFO: &amp#27;[32mSave 816b6542-755f-4763-89cf-c143b3c72eef(uuid8770)
сент. 19, 2025 6:42:50 PM webapp.storage.AbstractStorage save
INFO: &amp#27;[32mSave c7a5d81e-94f3-471a-aa66-7d3d3af92f64(uuid8771)
сент. 19, 2025 6:42:50 PM webapp.storage.AbstractStorage save
INFO: &amp#27;[32mSave 763848db-f859-401e-a3f7-841adb8d6765(uuid8772)
сент. 19, 2025 6:42:50 PM webapp.storage.AbstractStorage save
INFO: &amp#27;[32mSave 97819b25-9b1f-4ef2-9e11-35b380747d87(uuid8773)
сент. 19, 2025 6:42:50 PM webapp.storage.AbstractStorage save
INFO: &amp#27;[32mSave a328a6d9-6710-4cf5-8d21-740eb9a58f1c(uuid8774)
сент. 19, 2025 6:42:50 PM webapp.storage.AbstractStorage save
INFO: &amp#27;[32mSave cfea18df-f604-456f-afa5-fa86a9b09633(uuid8775)
сент. 19, 2025 6:42:50 PM webapp.storage.AbstractStorage save
INFO: &amp#27;[32mSave 2bc20163-dbc0-4a65-8f99-e08114290fea(uuid8776)
сент. 19, 2025 6:42:50 PM webapp.storage.AbstractStorage save
INFO: &amp#27;[32mSave 2b4fd0ae-e0bd-4c29-979a-6d11b1a0072f(uuid8777)
сент. 19, 2025 6:42:50 PM webapp.storage.AbstractStorage save
INFO: &amp#27;[32mSave 709396d3-ad5b-4183-947e-d53c488bd099(uuid8778)
сент. 19, 2025 6:42:50 PM webapp.storage.AbstractStorage save
INFO: &amp#27;[32mSave 1b1b56e8-bc4b-43cd-aa28-debdd71fce7e(uuid8779)
сент. 19, 2025 6:42:50 PM webapp.storage.AbstractStorage save
INFO: &amp#27;[32mSave c5289257-1e94-48a7-a0c2-7ddd897c72a9(uuid8780)
сент. 19, 2025 6:42:50 PM webapp.storage.AbstractStorage save
INFO: &amp#27;[32mSave 56aba9c6-a306-407c-ba4a-fcbd552e4e0d(uuid8781)
сент. 19, 2025 6:42:50 PM webapp.storage.AbstractStorage save
INFO: &amp#27;[32mSave f71f9d54-3677-462c-bc67-1f7a5941a957(uuid8782)
сент. 19, 2025 6:42:50 PM webapp.storage.AbstractStorage save
INFO: &amp#27;[32mSave b9129e34-715d-47a6-a7f7-7d7899506da0(uuid8783)
сент. 19, 2025 6:42:50 PM webapp.storage.AbstractStorage save
INFO: &amp#27;[32mSave b8d20197-5a56-4407-9968-38d2850aa766(uuid8784)
сент. 19, 2025 6:42:50 PM webapp.storage.AbstractStorage save
INFO: &amp#27;[32mSave 9b70bccc-2a97-48ee-87ee-9980c57b7731(uuid8785)
сент. 19, 2025 6:42:50 PM webapp.storage.AbstractStorage save
INFO: &amp#27;[32mSave 3eb2422a-4964-4f9c-890e-448376358d6f(uuid8786)
сент. 19, 2025 6:42:50 PM webapp.storage.AbstractStorage save
INFO: &amp#27;[32mSave 884dfa0c-d80e-4ea0-aa78-7013c8895a91(uuid8787)
сент. 19, 2025 6:42:50 PM webapp.storage.AbstractStorage save
INFO: &amp#27;[32mSave d597a06a-3001-4c1d-8ee5-5b10fd84a5b7(uuid8788)
сент. 19, 2025 6:42:50 PM webapp.storage.AbstractStorage save
INFO: &amp#27;[32mSave 79e04fbb-580a-4246-9d2c-88dd6090a26b(uuid8789)
сент. 19, 2025 6:42:50 PM webapp.storage.AbstractStorage save
INFO: &amp#27;[32mSave 01fab4ac-c79c-42e4-9854-77aadebe56da(uuid8790)
сент. 19, 2025 6:42:50 PM webapp.storage.AbstractStorage save
INFO: &amp#27;[32mSave 15f518e3-f01d-4bf9-ba0a-5eaab9f2d00f(uuid8791)
сент. 19, 2025 6:42:50 PM webapp.storage.AbstractStorage save
INFO: &amp#27;[32mSave 25842a5e-2c5b-476a-a03b-49fccfcb2027(uuid8792)
сент. 19, 2025 6:42:50 PM webapp.storage.AbstractStorage save
INFO: &amp#27;[32mSave 1cfb12d0-a356-4e0d-9c20-ca0d2bbe6ee2(uuid8793)
сент. 19, 2025 6:42:50 PM webapp.storage.AbstractStorage save
INFO: &amp#27;[32mSave 0723511f-2d2f-4307-8762-40b19633fa6a(uuid8794)
сент. 19, 2025 6:42:50 PM webapp.storage.AbstractStorage save
INFO: &amp#27;[32mSave 91ac1a0b-ca5e-4361-a585-c6b1b34f814d(uuid8795)
сент. 19, 2025 6:42:50 PM webapp.storage.AbstractStorage save
INFO: &amp#27;[32mSave aa3c84cc-13b0-477d-a968-bef5a4ed2e14(uuid8796)
сент. 19, 2025 6:42:50 PM webapp.storage.AbstractStorage save
INFO: &amp#27;[32mSave b9068957-320a-4c11-a0d2-4e2b7cde26ed(uuid8797)
сент. 19, 2025 6:42:50 PM webapp.storage.AbstractStorage save
INFO: &amp#27;[32mSave 05e4517e-cd36-41e1-bf78-8a56d18181d8(uuid8798)
сент. 19, 2025 6:42:50 PM webapp.storage.AbstractStorage save
INFO: &amp#27;[32mSave 9795184f-ce35-4ae5-ae4c-1d2e5f92c36b(uuid8799)
сент. 19, 2025 6:42:50 PM webapp.storage.AbstractStorage save
INFO: &amp#27;[32mSave 61c667e2-e5f1-44cf-987a-db20484d158d(uuid8800)
сент. 19, 2025 6:42:50 PM webapp.storage.AbstractStorage save
INFO: &amp#27;[32mSave c27cba74-5af9-4f01-8bb3-3dfe38fffaea(uuid8801)
сент. 19, 2025 6:42:50 PM webapp.storage.AbstractStorage save
INFO: &amp#27;[32mSave 0665df29-347d-4aa2-bcfc-fc16dfe1fc5e(uuid8802)
сент. 19, 2025 6:42:50 PM webapp.storage.AbstractStorage save
INFO: &amp#27;[32mSave 6a511cfe-ac5b-4f44-9e04-7fc13eb25460(uuid8803)
сент. 19, 2025 6:42:50 PM webapp.storage.AbstractStorage save
INFO: &amp#27;[32mSave 0b6984dc-d7fe-43b2-a14c-f90b193852ce(uuid8804)
сент. 19, 2025 6:42:50 PM webapp.storage.AbstractStorage save
INFO: &amp#27;[32mSave d3bd7935-2eba-46a0-a442-568d25242166(uuid8805)
сент. 19, 2025 6:42:50 PM webapp.storage.AbstractStorage save
INFO: &amp#27;[32mSave 16004836-e5e4-41f5-950d-3e09ecade383(uuid8806)
сент. 19, 2025 6:42:50 PM webapp.storage.AbstractStorage save
INFO: &amp#27;[32mSave b614114e-d0b8-43dc-a212-82eb05f09816(uuid8807)
сент. 19, 2025 6:42:50 PM webapp.storage.AbstractStorage save
INFO: &amp#27;[32mSave 72e22b0f-cf86-4f14-8456-2ef714bc746f(uuid8808)
сент. 19, 2025 6:42:50 PM webapp.storage.AbstractStorage save
INFO: &amp#27;[32mSave 153703c8-e11b-46ca-aa9d-2bc3d400ed65(uuid8809)
сент. 19, 2025 6:42:50 PM webapp.storage.AbstractStorage save
INFO: &amp#27;[32mSave 2afe7992-88b8-4e97-9d4b-41ee74c42aa9(uuid8810)
сент. 19, 2025 6:42:50 PM webapp.storage.AbstractStorage save
INFO: &amp#27;[32mSave 03a691ec-8b84-44b4-b6a8-2e723b3184cc(uuid8811)
сент. 19, 2025 6:42:50 PM webapp.storage.AbstractStorage save
INFO: &amp#27;[32mSave 0297a20c-92be-4891-9478-b8ff956d3df7(uuid8812)
сент. 19, 2025 6:42:50 PM webapp.storage.AbstractStorage save
INFO: &amp#27;[32mSave efe5688f-93a0-4a6e-bb77-254905aef4f4(uuid8813)
сент. 19, 2025 6:42:50 PM webapp.storage.AbstractStorage save
INFO: &amp#27;[32mSave b120eb44-3c60-4c07-97a5-a6924c2a41f4(uuid8814)
сент. 19, 2025 6:42:50 PM webapp.storage.AbstractStorage save
INFO: &amp#27;[32mSave 74bb3ff2-03e3-4c78-84b6-f1c9f52ced3c(uuid8815)
сент. 19, 2025 6:42:50 PM webapp.storage.AbstractStorage save
INFO: &amp#27;[32mSave 11db4e33-4418-4ee4-bfae-d3c11ecaf4cd(uuid8816)
сент. 19, 2025 6:42:50 PM webapp.storage.AbstractStorage save
INFO: &amp#27;[32mSave 801790bc-37e1-4c6e-9768-436f0b7e4f46(uuid8817)
сент. 19, 2025 6:42:50 PM webapp.storage.AbstractStorage save
INFO: &amp#27;[32mSave c2917408-01d5-4794-9b77-8be2ab179fda(uuid8818)
сент. 19, 2025 6:42:50 PM webapp.storage.AbstractStorage save
INFO: &amp#27;[32mSave 9e49a20d-90b1-4ecc-84e1-3f879d3e38f4(uuid8819)
сент. 19, 2025 6:42:50 PM webapp.storage.AbstractStorage save
INFO: &amp#27;[32mSave 322be8f8-2add-4050-ac8a-bd46b3c1f714(uuid8820)
сент. 19, 2025 6:42:50 PM webapp.storage.AbstractStorage save
INFO: &amp#27;[32mSave 996f0b19-8616-4c84-aec4-b6aa38e2122f(uuid8821)
сент. 19, 2025 6:42:50 PM webapp.storage.AbstractStorage save
INFO: &amp#27;[32mSave 045ed3bf-e144-4ccf-886b-1830a31ad90b(uuid8822)
сент. 19, 2025 6:42:50 PM webapp.storage.AbstractStorage save
INFO: &amp#27;[32mSave 1ff29a6e-e4dd-48d3-b8f9-aee869d49af4(uuid8823)
сент. 19, 2025 6:42:50 PM webapp.storage.AbstractStorage save
INFO: &amp#27;[32mSave fbdfcca1-7380-4480-999e-4114172e7675(uuid8824)
сент. 19, 2025 6:42:50 PM webapp.storage.AbstractStorage save
INFO: &amp#27;[32mSave 4ba4a3cb-c516-44b0-a2ff-3537cc41d7e5(uuid8825)
сент. 19, 2025 6:42:50 PM webapp.storage.AbstractStorage save
INFO: &amp#27;[32mSave 2dfed308-f517-4a23-9973-69fc0ba78c83(uuid8826)
сент. 19, 2025 6:42:50 PM webapp.storage.AbstractStorage save
INFO: &amp#27;[32mSave 3aec2448-bdc5-48ec-9933-76fa44e62a2c(uuid8827)
сент. 19, 2025 6:42:50 PM webapp.storage.AbstractStorage save
INFO: &amp#27;[32mSave 68356fea-c858-4060-989f-ec72160707c0(uuid8828)
сент. 19, 2025 6:42:50 PM webapp.storage.AbstractStorage save
INFO: &amp#27;[32mSave e021b2d4-157d-4b0e-9069-24788db66fc8(uuid8829)
сент. 19, 2025 6:42:50 PM webapp.storage.AbstractStorage save
INFO: &amp#27;[32mSave d0c3b2fd-bed4-4b49-85a2-72ff5a13b761(uuid8830)
сент. 19, 2025 6:42:50 PM webapp.storage.AbstractStorage save
INFO: &amp#27;[32mSave 7da3e54b-3c65-402e-b3a7-c807633e33c1(uuid8831)
сент. 19, 2025 6:42:50 PM webapp.storage.AbstractStorage save
INFO: &amp#27;[32mSave 162bca74-4033-46d7-a07f-44953816a09d(uuid8832)
сент. 19, 2025 6:42:50 PM webapp.storage.AbstractStorage save
INFO: &amp#27;[32mSave b4eef8a3-fb99-402f-8b19-fb71a6ed7022(uuid8833)
сент. 19, 2025 6:42:50 PM webapp.storage.AbstractStorage save
INFO: &amp#27;[32mSave 2ac84dda-5d78-44f0-8d0f-8a6b76853af3(uuid8834)
сент. 19, 2025 6:42:50 PM webapp.storage.AbstractStorage save
INFO: &amp#27;[32mSave cfd38edd-528e-406c-a660-76a73a7b2bd6(uuid8835)
сент. 19, 2025 6:42:50 PM webapp.storage.AbstractStorage save
INFO: &amp#27;[32mSave d0cfef12-b580-4bf9-b0da-70e15fadfbaa(uuid8836)
сент. 19, 2025 6:42:50 PM webapp.storage.AbstractStorage save
INFO: &amp#27;[32mSave ee277da7-2413-43a5-b288-5cb6c8aaec2e(uuid8837)
сент. 19, 2025 6:42:50 PM webapp.storage.AbstractStorage save
INFO: &amp#27;[32mSave 2f33348f-c8cb-4894-a191-6364489070cc(uuid8838)
сент. 19, 2025 6:42:50 PM webapp.storage.AbstractStorage save
INFO: &amp#27;[32mSave 26586fa1-81b2-4877-b172-74baff679627(uuid8839)
сент. 19, 2025 6:42:50 PM webapp.storage.AbstractStorage save
INFO: &amp#27;[32mSave 7c5c8787-8d59-42d0-bf59-955b8e9105aa(uuid8840)
сент. 19, 2025 6:42:50 PM webapp.storage.AbstractStorage save
INFO: &amp#27;[32mSave 2c73aea4-1383-4eff-87da-1ed58ab1ef33(uuid8841)
сент. 19, 2025 6:42:50 PM webapp.storage.AbstractStorage save
INFO: &amp#27;[32mSave 900f9ec2-a9c0-4fd5-a906-8dadc17f3c25(uuid8842)
сент. 19, 2025 6:42:50 PM webapp.storage.AbstractStorage save
INFO: &amp#27;[32mSave 7c59378f-d346-4c7f-a269-8f2b2225aa3f(uuid8843)
сент. 19, 2025 6:42:50 PM webapp.storage.AbstractStorage save
INFO: &amp#27;[32mSave c56dac72-9fe7-47f1-b61e-f1b73b0285c4(uuid8844)
сент. 19, 2025 6:42:50 PM webapp.storage.AbstractStorage save
INFO: &amp#27;[32mSave cb32dc69-7b84-4044-bc20-f122a5814b01(uuid8845)
сент. 19, 2025 6:42:50 PM webapp.storage.AbstractStorage save
INFO: &amp#27;[32mSave 93b2ac6f-a4ac-46d3-8ab7-5021807722d5(uuid8846)
сент. 19, 2025 6:42:50 PM webapp.storage.AbstractStorage save
INFO: &amp#27;[32mSave 7eaa3acd-a210-4dff-b9c3-8d1670d20ddb(uuid8847)
сент. 19, 2025 6:42:50 PM webapp.storage.AbstractStorage save
INFO: &amp#27;[32mSave 21ee8416-6071-40f4-933f-f879522e067b(uuid8848)
сент. 19, 2025 6:42:50 PM webapp.storage.AbstractStorage save
INFO: &amp#27;[32mSave 4fc108fe-043f-4aac-8436-3f89f26e6b34(uuid8849)
сент. 19, 2025 6:42:50 PM webapp.storage.AbstractStorage save
INFO: &amp#27;[32mSave 85f492c7-fba0-4f55-9bcd-91ab60aeee89(uuid8850)
сент. 19, 2025 6:42:50 PM webapp.storage.AbstractStorage save
INFO: &amp#27;[32mSave 1ca64c72-97df-4456-888f-d1749255e4e3(uuid8851)
сент. 19, 2025 6:42:50 PM webapp.storage.AbstractStorage save
INFO: &amp#27;[32mSave 7197255b-253d-45f0-9578-513a52fa9f5e(uuid8852)
сент. 19, 2025 6:42:50 PM webapp.storage.AbstractStorage save
INFO: &amp#27;[32mSave 0340046f-ddc7-42a4-8a15-18544b106dae(uuid8853)
сент. 19, 2025 6:42:50 PM webapp.storage.AbstractStorage save
INFO: &amp#27;[32mSave ef65e38b-789a-4e9c-8701-8d215868c51c(uuid8854)
сент. 19, 2025 6:42:50 PM webapp.storage.AbstractStorage save
INFO: &amp#27;[32mSave 30fef0ba-bbb1-40e6-9175-1f67372a4233(uuid8855)
сент. 19, 2025 6:42:50 PM webapp.storage.AbstractStorage save
INFO: &amp#27;[32mSave 4425fd56-a075-42c4-af78-011717d52d4d(uuid8856)
сент. 19, 2025 6:42:50 PM webapp.storage.AbstractStorage save
INFO: &amp#27;[32mSave 8bec1aad-723f-4df9-ac03-0ed1d671c930(uuid8857)
сент. 19, 2025 6:42:50 PM webapp.storage.AbstractStorage save
INFO: &amp#27;[32mSave bf235f95-2ff0-4682-a9ba-592da785fd3f(uuid8858)
сент. 19, 2025 6:42:50 PM webapp.storage.AbstractStorage save
INFO: &amp#27;[32mSave 3aaf54ba-bf8d-40f9-944c-0968ba5b2d25(uuid8859)
сент. 19, 2025 6:42:50 PM webapp.storage.AbstractStorage save
INFO: &amp#27;[32mSave c345e9da-9b1f-4855-8eb0-adba0cb72df4(uuid8860)
сент. 19, 2025 6:42:50 PM webapp.storage.AbstractStorage save
INFO: &amp#27;[32mSave 8c6a059e-9622-40ab-9c41-54cb3732d091(uuid8861)
сент. 19, 2025 6:42:50 PM webapp.storage.AbstractStorage save
INFO: &amp#27;[32mSave d0e2af92-ffc8-445d-97db-82c289da13a2(uuid8862)
сент. 19, 2025 6:42:50 PM webapp.storage.AbstractStorage save
INFO: &amp#27;[32mSave ae24849c-02cf-4247-af91-df2a47dfd12b(uuid8863)
сент. 19, 2025 6:42:50 PM webapp.storage.AbstractStorage save
INFO: &amp#27;[32mSave b982b781-152c-47a0-aae1-b685d68f882e(uuid8864)
сент. 19, 2025 6:42:50 PM webapp.storage.AbstractStorage save
INFO: &amp#27;[32mSave 1f41f9b0-99de-4723-9c36-e979dfaf14bb(uuid8865)
сент. 19, 2025 6:42:50 PM webapp.storage.AbstractStorage save
INFO: &amp#27;[32mSave 928bd37e-7b27-4747-9d7b-8e04bc7e08fc(uuid8866)
сент. 19, 2025 6:42:50 PM webapp.storage.AbstractStorage save
INFO: &amp#27;[32mSave 33f0e388-2c5a-4a68-8d99-ab5e1c267b64(uuid8867)
сент. 19, 2025 6:42:50 PM webapp.storage.AbstractStorage save
INFO: &amp#27;[32mSave 15e21a44-b2c6-4549-a5ac-91e065da5301(uuid8868)
сент. 19, 2025 6:42:50 PM webapp.storage.AbstractStorage save
INFO: &amp#27;[32mSave d89755ce-8ad3-4a3a-8979-4258efcfcd9b(uuid8869)
сент. 19, 2025 6:42:50 PM webapp.storage.AbstractStorage save
INFO: &amp#27;[32mSave c1c393d3-68e3-43fc-9311-711a0c604255(uuid8870)
сент. 19, 2025 6:42:50 PM webapp.storage.AbstractStorage save
INFO: &amp#27;[32mSave a3354ca8-6bf2-4b90-8972-fad53448f30f(uuid8871)
сент. 19, 2025 6:42:50 PM webapp.storage.AbstractStorage save
INFO: &amp#27;[32mSave 2f5d22b7-12b1-4f05-83a3-899e3026565f(uuid8872)
сент. 19, 2025 6:42:50 PM webapp.storage.AbstractStorage save
INFO: &amp#27;[32mSave 7754d59c-fe20-49af-896b-5b83401f563f(uuid8873)
сент. 19, 2025 6:42:50 PM webapp.storage.AbstractStorage save
INFO: &amp#27;[32mSave 6e46f74f-4a16-4200-84da-b7b9c5eff116(uuid8874)
сент. 19, 2025 6:42:50 PM webapp.storage.AbstractStorage save
INFO: &amp#27;[32mSave 81377d74-e44f-457b-aae5-f4a367beead2(uuid8875)
сент. 19, 2025 6:42:50 PM webapp.storage.AbstractStorage save
INFO: &amp#27;[32mSave 14d7759d-7e25-43c8-82e7-e0fcbf957de6(uuid8876)
сент. 19, 2025 6:42:50 PM webapp.storage.AbstractStorage save
INFO: &amp#27;[32mSave e05ee8a4-be16-4e5c-883a-02c0ffa1b29d(uuid8877)
сент. 19, 2025 6:42:50 PM webapp.storage.AbstractStorage save
INFO: &amp#27;[32mSave 228d9eda-77ab-4e28-bd96-e3f95630b2df(uuid8878)
сент. 19, 2025 6:42:50 PM webapp.storage.AbstractStorage save
INFO: &amp#27;[32mSave 4b0341a7-76b8-4303-aff3-cad120a8c60b(uuid8879)
сент. 19, 2025 6:42:50 PM webapp.storage.AbstractStorage save
INFO: &amp#27;[32mSave 8b9c0916-24a5-4ffc-a8b9-a55d9b111354(uuid8880)
сент. 19, 2025 6:42:50 PM webapp.storage.AbstractStorage save
INFO: &amp#27;[32mSave 262660b7-5b44-45f1-b2f4-63510bba7d36(uuid8881)
сент. 19, 2025 6:42:50 PM webapp.storage.AbstractStorage save
INFO: &amp#27;[32mSave 0a3f407f-fc00-4378-84ad-4264b35465d4(uuid8882)
сент. 19, 2025 6:42:50 PM webapp.storage.AbstractStorage save
INFO: &amp#27;[32mSave 233af876-0321-4307-99a7-793dcf2275f9(uuid8883)
сент. 19, 2025 6:42:50 PM webapp.storage.AbstractStorage save
INFO: &amp#27;[32mSave b19d35da-bd47-4db6-be5e-b81ca4b0cbe7(uuid8884)
сент. 19, 2025 6:42:50 PM webapp.storage.AbstractStorage save
INFO: &amp#27;[32mSave 5bbfb56e-fa17-43d6-85e2-65f6ab7eff0c(uuid8885)
сент. 19, 2025 6:42:50 PM webapp.storage.AbstractStorage save
INFO: &amp#27;[32mSave 1d906e2f-8e1b-4ea1-b796-a9d3395c461d(uuid8886)
сент. 19, 2025 6:42:50 PM webapp.storage.AbstractStorage save
INFO: &amp#27;[32mSave acd71b1f-e187-411c-a9e6-a65dea5720ca(uuid8887)
сент. 19, 2025 6:42:50 PM webapp.storage.AbstractStorage save
INFO: &amp#27;[32mSave 6f5fee19-765e-4e4a-8d9a-7b89509ab6e4(uuid8888)
сент. 19, 2025 6:42:50 PM webapp.storage.AbstractStorage save
INFO: &amp#27;[32mSave d7f3a6f0-de3c-4443-a2a9-ae2caa9b6c00(uuid8889)
сент. 19, 2025 6:42:50 PM webapp.storage.AbstractStorage save
INFO: &amp#27;[32mSave 6bbe2dfd-3b0b-4cf6-a6fa-1af19f9231b9(uuid8890)
сент. 19, 2025 6:42:50 PM webapp.storage.AbstractStorage save
INFO: &amp#27;[32mSave d0b4611f-973a-4673-860f-811231181d88(uuid8891)
сент. 19, 2025 6:42:50 PM webapp.storage.AbstractStorage save
INFO: &amp#27;[32mSave 0230c948-e5c3-4f9c-8acf-9c98fd4dbd6c(uuid8892)
сент. 19, 2025 6:42:50 PM webapp.storage.AbstractStorage save
INFO: &amp#27;[32mSave 31f93d8e-da42-4044-bea9-928e3afd815a(uuid8893)
сент. 19, 2025 6:42:50 PM webapp.storage.AbstractStorage save
INFO: &amp#27;[32mSave 19ad54f6-5dbe-45a2-8cc0-4f8745f54995(uuid8894)
сент. 19, 2025 6:42:50 PM webapp.storage.AbstractStorage save
INFO: &amp#27;[32mSave 907d7b7b-1b74-4d6a-b911-c631ba3421b8(uuid8895)
сент. 19, 2025 6:42:50 PM webapp.storage.AbstractStorage save
INFO: &amp#27;[32mSave 6771add8-b8b0-44fb-a6d7-c800b117da8d(uuid8896)
сент. 19, 2025 6:42:50 PM webapp.storage.AbstractStorage save
INFO: &amp#27;[32mSave 52b0e548-b4f7-4112-998d-77c35d17ca81(uuid8897)
сент. 19, 2025 6:42:50 PM webapp.storage.AbstractStorage save
INFO: &amp#27;[32mSave 001d8072-e23c-47e3-b73b-4f88ba575cd6(uuid8898)
сент. 19, 2025 6:42:50 PM webapp.storage.AbstractStorage save
INFO: &amp#27;[32mSave 63728b63-ea8a-4dde-9e9c-bad35012fd8a(uuid8899)
сент. 19, 2025 6:42:50 PM webapp.storage.AbstractStorage save
INFO: &amp#27;[32mSave 987e3b76-9648-43c7-a899-a59eadc1a63c(uuid8900)
сент. 19, 2025 6:42:50 PM webapp.storage.AbstractStorage save
INFO: &amp#27;[32mSave 430e592b-9438-49a2-a1fc-495ec869af44(uuid8901)
сент. 19, 2025 6:42:50 PM webapp.storage.AbstractStorage save
INFO: &amp#27;[32mSave c7fdd178-a88a-45da-98d2-f6ca9e51afb1(uuid8902)
сент. 19, 2025 6:42:50 PM webapp.storage.AbstractStorage save
INFO: &amp#27;[32mSave 97c27270-4516-4cfe-bdf7-6748ddd5a750(uuid8903)
сент. 19, 2025 6:42:50 PM webapp.storage.AbstractStorage save
INFO: &amp#27;[32mSave b9196ac1-366b-4cd9-908a-4c03f3f5102d(uuid8904)
сент. 19, 2025 6:42:50 PM webapp.storage.AbstractStorage save
INFO: &amp#27;[32mSave 059c2113-75e6-4dda-a5f5-d6b8d3acd4d3(uuid8905)
сент. 19, 2025 6:42:50 PM webapp.storage.AbstractStorage save
INFO: &amp#27;[32mSave 4ecb86be-ac7a-42d1-a7d2-f047d1154494(uuid8906)
сент. 19, 2025 6:42:50 PM webapp.storage.AbstractStorage save
INFO: &amp#27;[32mSave c88c47a2-44cb-4d1d-b7bf-3ec95bc7266f(uuid8907)
сент. 19, 2025 6:42:50 PM webapp.storage.AbstractStorage save
INFO: &amp#27;[32mSave c29d7831-6b38-4878-931d-37a09f37e889(uuid8908)
сент. 19, 2025 6:42:50 PM webapp.storage.AbstractStorage save
INFO: &amp#27;[32mSave 19db738f-9024-4157-8737-3293b1d315ef(uuid8909)
сент. 19, 2025 6:42:50 PM webapp.storage.AbstractStorage save
INFO: &amp#27;[32mSave ec1afc7a-1c35-4e52-8fda-d69181417438(uuid8910)
сент. 19, 2025 6:42:50 PM webapp.storage.AbstractStorage save
INFO: &amp#27;[32mSave 2aee9c81-4f6f-4a7d-ae2d-df5e1ad66e1b(uuid8911)
сент. 19, 2025 6:42:50 PM webapp.storage.AbstractStorage save
INFO: &amp#27;[32mSave 301487a6-4d41-439d-997e-5b88b2a2059a(uuid8912)
сент. 19, 2025 6:42:50 PM webapp.storage.AbstractStorage save
INFO: &amp#27;[32mSave c94f6646-af8f-4fb6-b3be-1291ab0f708d(uuid8913)
сент. 19, 2025 6:42:50 PM webapp.storage.AbstractStorage save
INFO: &amp#27;[32mSave ab5c6aa1-02ae-4653-b082-15fb12247693(uuid8914)
сент. 19, 2025 6:42:50 PM webapp.storage.AbstractStorage save
INFO: &amp#27;[32mSave fbcadc31-4d09-4de6-8361-15ea1ffafb11(uuid8915)
сент. 19, 2025 6:42:50 PM webapp.storage.AbstractStorage save
INFO: &amp#27;[32mSave 5e3818c1-2739-4709-9428-54775325cffa(uuid8916)
сент. 19, 2025 6:42:50 PM webapp.storage.AbstractStorage save
INFO: &amp#27;[32mSave e6fae99a-ec45-4e07-a66e-40653b57125e(uuid8917)
сент. 19, 2025 6:42:50 PM webapp.storage.AbstractStorage save
INFO: &amp#27;[32mSave 6a278d3b-4445-47f4-a24c-b2c86fb70512(uuid8918)
сент. 19, 2025 6:42:50 PM webapp.storage.AbstractStorage save
INFO: &amp#27;[32mSave 10428e7b-4dbc-4300-b0c3-ebfd3a63783b(uuid8919)
сент. 19, 2025 6:42:50 PM webapp.storage.AbstractStorage save
INFO: &amp#27;[32mSave c9610460-e0a6-4267-8bbc-48276aceb7d3(uuid8920)
сент. 19, 2025 6:42:50 PM webapp.storage.AbstractStorage save
INFO: &amp#27;[32mSave dcece1dd-582d-4dd4-816b-5905ac169d3e(uuid8921)
сент. 19, 2025 6:42:50 PM webapp.storage.AbstractStorage save
INFO: &amp#27;[32mSave a8110ab1-14a8-4641-8632-6bccb257f033(uuid8922)
сент. 19, 2025 6:42:50 PM webapp.storage.AbstractStorage save
INFO: &amp#27;[32mSave 59a5b67a-b7ea-4fab-9e6a-66d972fee153(uuid8923)
сент. 19, 2025 6:42:50 PM webapp.storage.AbstractStorage save
INFO: &amp#27;[32mSave 518ef227-c264-43bc-b187-5b8a017a6070(uuid8924)
сент. 19, 2025 6:42:50 PM webapp.storage.AbstractStorage save
INFO: &amp#27;[32mSave 85cabd9f-85c9-4a1b-9ed6-d8ab0f567317(uuid8925)
сент. 19, 2025 6:42:50 PM webapp.storage.AbstractStorage save
INFO: &amp#27;[32mSave 84ad2fe6-58b7-4da0-bccb-653f5f888ae0(uuid8926)
сент. 19, 2025 6:42:50 PM webapp.storage.AbstractStorage save
INFO: &amp#27;[32mSave 72eacb75-a8ae-4938-93b7-ea82a96ee675(uuid8927)
сент. 19, 2025 6:42:50 PM webapp.storage.AbstractStorage save
INFO: &amp#27;[32mSave 8331d89c-f6a7-42ef-8e42-51f4a671c153(uuid8928)
сент. 19, 2025 6:42:50 PM webapp.storage.AbstractStorage save
INFO: &amp#27;[32mSave 271601af-030d-4158-afed-cc7ef5200096(uuid8929)
сент. 19, 2025 6:42:50 PM webapp.storage.AbstractStorage save
INFO: &amp#27;[32mSave faa12584-4744-416a-9fe1-66ac4d02b3f0(uuid8930)
сент. 19, 2025 6:42:50 PM webapp.storage.AbstractStorage save
INFO: &amp#27;[32mSave 61075a65-5188-4bba-8139-d39ab07002c8(uuid8931)
сент. 19, 2025 6:42:50 PM webapp.storage.AbstractStorage save
INFO: &amp#27;[32mSave f17c69ec-29ef-4edf-96b9-b94b80393997(uuid8932)
сент. 19, 2025 6:42:50 PM webapp.storage.AbstractStorage save
INFO: &amp#27;[32mSave ad0c0c61-3454-409a-82f9-8f9a6151f9da(uuid8933)
сент. 19, 2025 6:42:50 PM webapp.storage.AbstractStorage save
INFO: &amp#27;[32mSave 06313748-3592-4d92-ac9f-19f1a23e856b(uuid8934)
сент. 19, 2025 6:42:50 PM webapp.storage.AbstractStorage save
INFO: &amp#27;[32mSave 3886f526-e3da-4e1e-82e4-e14bdc1c88ed(uuid8935)
сент. 19, 2025 6:42:50 PM webapp.storage.AbstractStorage save
INFO: &amp#27;[32mSave 2e3a2f63-f7eb-4bf2-a762-6101e90c5534(uuid8936)
сент. 19, 2025 6:42:50 PM webapp.storage.AbstractStorage save
INFO: &amp#27;[32mSave 0227667d-9bac-4c0b-a732-121b142eb920(uuid8937)
сент. 19, 2025 6:42:50 PM webapp.storage.AbstractStorage save
INFO: &amp#27;[32mSave ee521354-8919-4b76-ad8b-93eb08cb58fa(uuid8938)
сент. 19, 2025 6:42:50 PM webapp.storage.AbstractStorage save
INFO: &amp#27;[32mSave 62a5101d-e184-4eeb-9531-eaedaa52bbeb(uuid8939)
сент. 19, 2025 6:42:50 PM webapp.storage.AbstractStorage save
INFO: &amp#27;[32mSave 5e7ba973-698a-4449-947d-3f311b80fcce(uuid8940)
сент. 19, 2025 6:42:50 PM webapp.storage.AbstractStorage save
INFO: &amp#27;[32mSave 3f66d051-4dbc-4bf4-aaac-8e00abf9b4c6(uuid8941)
сент. 19, 2025 6:42:50 PM webapp.storage.AbstractStorage save
INFO: &amp#27;[32mSave 08902cd1-e8ba-4c05-9625-3adffbb927f2(uuid8942)
сент. 19, 2025 6:42:50 PM webapp.storage.AbstractStorage save
INFO: &amp#27;[32mSave 59e1a0de-910d-488d-a5ce-86fe37db63fe(uuid8943)
сент. 19, 2025 6:42:50 PM webapp.storage.AbstractStorage save
INFO: &amp#27;[32mSave edfe6df3-ae96-479a-adfb-e309e782d18b(uuid8944)
сент. 19, 2025 6:42:50 PM webapp.storage.AbstractStorage save
INFO: &amp#27;[32mSave 80bb181f-496e-43fa-b98c-416d575549e5(uuid8945)
сент. 19, 2025 6:42:50 PM webapp.storage.AbstractStorage save
INFO: &amp#27;[32mSave 781b772b-c1ce-4337-8566-4bcd8ddd2925(uuid8946)
сент. 19, 2025 6:42:50 PM webapp.storage.AbstractStorage save
INFO: &amp#27;[32mSave ce33d848-4f4c-4ee2-9b08-1fd3e00a6f35(uuid8947)
сент. 19, 2025 6:42:50 PM webapp.storage.AbstractStorage save
INFO: &amp#27;[32mSave 5d03114d-9c2b-4f71-834f-570a48a4ab15(uuid8948)
сент. 19, 2025 6:42:50 PM webapp.storage.AbstractStorage save
INFO: &amp#27;[32mSave 2b0e850d-f9a3-43bb-9bcc-d03ba5b6f91c(uuid8949)
сент. 19, 2025 6:42:50 PM webapp.storage.AbstractStorage save
INFO: &amp#27;[32mSave 35028e32-bab5-4ec2-8461-2630cc45cbe2(uuid8950)
сент. 19, 2025 6:42:50 PM webapp.storage.AbstractStorage save
INFO: &amp#27;[32mSave 8fc0429d-2553-4d54-ab62-819b4795e52f(uuid8951)
сент. 19, 2025 6:42:50 PM webapp.storage.AbstractStorage save
INFO: &amp#27;[32mSave cea3a313-2668-43e0-a96c-1a387a848478(uuid8952)
сент. 19, 2025 6:42:50 PM webapp.storage.AbstractStorage save
INFO: &amp#27;[32mSave 290d0a25-7810-42fc-b2e4-9c2d78f79f9f(uuid8953)
сент. 19, 2025 6:42:50 PM webapp.storage.AbstractStorage save
INFO: &amp#27;[32mSave 90e447a9-2031-4d18-a25f-2613924d248a(uuid8954)
сент. 19, 2025 6:42:50 PM webapp.storage.AbstractStorage save
INFO: &amp#27;[32mSave 5b3f25a9-30a3-4fa0-b101-4a7c6986208c(uuid8955)
сент. 19, 2025 6:42:50 PM webapp.storage.AbstractStorage save
INFO: &amp#27;[32mSave 6ac6c901-2193-468a-a4e2-664b3514ce04(uuid8956)
сент. 19, 2025 6:42:50 PM webapp.storage.AbstractStorage save
INFO: &amp#27;[32mSave 41ade361-d134-4f98-84cd-fba28121d731(uuid8957)
сент. 19, 2025 6:42:50 PM webapp.storage.AbstractStorage save
INFO: &amp#27;[32mSave effe7d93-eb81-4767-a9a0-d9240cb19d21(uuid8958)
сент. 19, 2025 6:42:50 PM webapp.storage.AbstractStorage save
INFO: &amp#27;[32mSave 517e4db3-0294-4fcd-9bbf-3c28b7f714dd(uuid8959)
сент. 19, 2025 6:42:50 PM webapp.storage.AbstractStorage save
INFO: &amp#27;[32mSave 01db9143-b3a0-439c-a26d-a41d30b9039f(uuid8960)
сент. 19, 2025 6:42:50 PM webapp.storage.AbstractStorage save
INFO: &amp#27;[32mSave e373db80-cb45-4bbb-aac4-f75658fe7754(uuid8961)
сент. 19, 2025 6:42:50 PM webapp.storage.AbstractStorage save
INFO: &amp#27;[32mSave c293bc12-e424-46c2-8997-b0dc70095a83(uuid8962)
сент. 19, 2025 6:42:50 PM webapp.storage.AbstractStorage save
INFO: &amp#27;[32mSave 6c3e2765-d5ed-4286-8399-588b295e41f8(uuid8963)
сент. 19, 2025 6:42:50 PM webapp.storage.AbstractStorage save
INFO: &amp#27;[32mSave 4194dc3c-1265-48cc-9c73-e97e287e318a(uuid8964)
сент. 19, 2025 6:42:50 PM webapp.storage.AbstractStorage save
INFO: &amp#27;[32mSave b5eb2175-8c60-4a40-a8ae-e4f89fa63cfa(uuid8965)
сент. 19, 2025 6:42:50 PM webapp.storage.AbstractStorage save
INFO: &amp#27;[32mSave e08e6ce3-3091-449d-b399-e99c28fb6fb2(uuid8966)
сент. 19, 2025 6:42:50 PM webapp.storage.AbstractStorage save
INFO: &amp#27;[32mSave aa1dbc4a-5b77-4f48-91cf-9df6c36dc72a(uuid8967)
сент. 19, 2025 6:42:50 PM webapp.storage.AbstractStorage save
INFO: &amp#27;[32mSave f2e512fa-788c-47a6-b0c8-88a284aeac50(uuid8968)
сент. 19, 2025 6:42:50 PM webapp.storage.AbstractStorage save
INFO: &amp#27;[32mSave 7337fd75-5de9-43a0-95f1-56595d02b588(uuid8969)
сент. 19, 2025 6:42:50 PM webapp.storage.AbstractStorage save
INFO: &amp#27;[32mSave 0e651155-37ec-4016-9a45-cd9915c75489(uuid8970)
сент. 19, 2025 6:42:50 PM webapp.storage.AbstractStorage save
INFO: &amp#27;[32mSave 70f9d656-e832-4664-98e8-ce0aee57772a(uuid8971)
сент. 19, 2025 6:42:50 PM webapp.storage.AbstractStorage save
INFO: &amp#27;[32mSave 22423f6d-0879-4596-89c5-fb6bef233afe(uuid8972)
сент. 19, 2025 6:42:50 PM webapp.storage.AbstractStorage save
INFO: &amp#27;[32mSave fa1570c7-54cf-4017-b58e-f02ae915b894(uuid8973)
сент. 19, 2025 6:42:50 PM webapp.storage.AbstractStorage save
INFO: &amp#27;[32mSave 28768f98-da2a-4da7-9b38-89360f8e4f83(uuid8974)
сент. 19, 2025 6:42:50 PM webapp.storage.AbstractStorage save
INFO: &amp#27;[32mSave c73a9f74-c91a-4af6-bfa2-58720684074a(uuid8975)
сент. 19, 2025 6:42:50 PM webapp.storage.AbstractStorage save
INFO: &amp#27;[32mSave 2e9b1152-b01e-426d-b5e3-c5847eeb341d(uuid8976)
сент. 19, 2025 6:42:50 PM webapp.storage.AbstractStorage save
INFO: &amp#27;[32mSave 1caadc6a-be8c-4756-a7cd-3a1834195f19(uuid8977)
сент. 19, 2025 6:42:50 PM webapp.storage.AbstractStorage save
INFO: &amp#27;[32mSave ef44305d-78b7-4352-b52b-1e827086798b(uuid8978)
сент. 19, 2025 6:42:50 PM webapp.storage.AbstractStorage save
INFO: &amp#27;[32mSave f04a6a54-9843-4d91-aa07-660f2b2a9de7(uuid8979)
сент. 19, 2025 6:42:50 PM webapp.storage.AbstractStorage save
INFO: &amp#27;[32mSave 61aa1b7b-0d40-480d-9a86-632cbe7c2891(uuid8980)
сент. 19, 2025 6:42:50 PM webapp.storage.AbstractStorage save
INFO: &amp#27;[32mSave f82bb6e2-624c-4714-a61b-7e6645b64060(uuid8981)
сент. 19, 2025 6:42:50 PM webapp.storage.AbstractStorage save
INFO: &amp#27;[32mSave 00aa5495-bccd-4abf-b850-d0866df4034d(uuid8982)
сент. 19, 2025 6:42:50 PM webapp.storage.AbstractStorage save
INFO: &amp#27;[32mSave 31c8ec6a-a428-493f-b334-7a68fb1efef3(uuid8983)
сент. 19, 2025 6:42:50 PM webapp.storage.AbstractStorage save
INFO: &amp#27;[32mSave ffae64ac-0489-4b61-986f-ea3778c816e7(uuid8984)
сент. 19, 2025 6:42:50 PM webapp.storage.AbstractStorage save
INFO: &amp#27;[32mSave 4bb414e1-213c-46ef-bdfa-97742328545b(uuid8985)
сент. 19, 2025 6:42:50 PM webapp.storage.AbstractStorage save
INFO: &amp#27;[32mSave de2ef9a4-2ade-4efd-821b-5160c4759004(uuid8986)
сент. 19, 2025 6:42:50 PM webapp.storage.AbstractStorage save
INFO: &amp#27;[32mSave 645e3ea8-c3eb-4463-b0e0-3e85c0ef8761(uuid8987)
сент. 19, 2025 6:42:50 PM webapp.storage.AbstractStorage save
INFO: &amp#27;[32mSave 5bfae85c-6ab6-4e0e-92ac-b693c80de5b9(uuid8988)
сент. 19, 2025 6:42:50 PM webapp.storage.AbstractStorage save
INFO: &amp#27;[32mSave efd0beb8-3e49-4935-8421-4d4f5ad54aae(uuid8989)
сент. 19, 2025 6:42:50 PM webapp.storage.AbstractStorage save
INFO: &amp#27;[32mSave 16b70ee0-d602-4c5c-85e6-3c158c37771e(uuid8990)
сент. 19, 2025 6:42:50 PM webapp.storage.AbstractStorage save
INFO: &amp#27;[32mSave f0d21c4c-cfba-41c8-96c5-9d9b146b66d5(uuid8991)
сент. 19, 2025 6:42:50 PM webapp.storage.AbstractStorage save
INFO: &amp#27;[32mSave 4912b59c-4d7a-4157-aeff-a7c6ae685a9a(uuid8992)
сент. 19, 2025 6:42:50 PM webapp.storage.AbstractStorage save
INFO: &amp#27;[32mSave f4366b16-c27d-4d0b-a85a-20e3d7f290dd(uuid8993)
сент. 19, 2025 6:42:50 PM webapp.storage.AbstractStorage save
INFO: &amp#27;[32mSave 7a2a1727-85e6-4227-92e2-5e76b100b375(uuid8994)
сент. 19, 2025 6:42:50 PM webapp.storage.AbstractStorage save
INFO: &amp#27;[32mSave f480e9a6-bc30-4881-b70a-a956b53e7988(uuid8995)
сент. 19, 2025 6:42:50 PM webapp.storage.AbstractStorage save
INFO: &amp#27;[32mSave 4ac5fc9a-8409-4499-9d93-3755e07b698c(uuid8996)
сент. 19, 2025 6:42:50 PM webapp.storage.AbstractStorage save
INFO: &amp#27;[32mSave 0a2d0d37-86e0-457e-8db1-79bc57275ed9(uuid8997)
сент. 19, 2025 6:42:50 PM webapp.storage.AbstractStorage save
INFO: &amp#27;[32mSave e1494f58-3210-4c61-90e0-e85e7333351f(uuid8998)
сент. 19, 2025 6:42:50 PM webapp.storage.AbstractStorage save
INFO: &amp#27;[32mSave 70640696-64b2-44ca-973e-a831ba43eb90(uuid8999)
сент. 19, 2025 6:42:50 PM webapp.storage.AbstractStorage save
INFO: &amp#27;[32mSave 11deaccb-f09a-40da-b73b-4ff62015757c(uuid9000)
сент. 19, 2025 6:42:50 PM webapp.storage.AbstractStorage save
INFO: &amp#27;[32mSave 7a2997e1-12a6-4442-a86e-233e7b68a03a(uuid9001)
сент. 19, 2025 6:42:50 PM webapp.storage.AbstractStorage save
INFO: &amp#27;[32mSave c421b878-5ea5-49b5-9ce4-688a4960a955(uuid9002)
сент. 19, 2025 6:42:50 PM webapp.storage.AbstractStorage save
INFO: &amp#27;[32mSave 04623308-6db6-47d5-892e-a2c597c9e2da(uuid9003)
сент. 19, 2025 6:42:50 PM webapp.storage.AbstractStorage save
INFO: &amp#27;[32mSave a49ede1a-5bb9-4dc6-ae5b-4c2a26ca1ffc(uuid9004)
сент. 19, 2025 6:42:50 PM webapp.storage.AbstractStorage save
INFO: &amp#27;[32mSave 38f3b749-e179-4d42-ab5f-f0ed060879c5(uuid9005)
сент. 19, 2025 6:42:50 PM webapp.storage.AbstractStorage save
INFO: &amp#27;[32mSave 2326b4f4-b913-4122-a275-96ad25632f73(uuid9006)
сент. 19, 2025 6:42:50 PM webapp.storage.AbstractStorage save
INFO: &amp#27;[32mSave 76209929-c9bd-407e-8675-7fb98df2191a(uuid9007)
сент. 19, 2025 6:42:50 PM webapp.storage.AbstractStorage save
INFO: &amp#27;[32mSave 772efa8b-feda-4730-990c-07e831606ab2(uuid9008)
сент. 19, 2025 6:42:50 PM webapp.storage.AbstractStorage save
INFO: &amp#27;[32mSave 45f501ea-aebc-4751-9f5e-86426d3742c5(uuid9009)
сент. 19, 2025 6:42:50 PM webapp.storage.AbstractStorage save
INFO: &amp#27;[32mSave bca6abe3-0eda-42ad-bf3f-91b4a47f9a90(uuid9010)
сент. 19, 2025 6:42:50 PM webapp.storage.AbstractStorage save
INFO: &amp#27;[32mSave 4622b0f9-443d-467d-a569-eff02647fe0f(uuid9011)
сент. 19, 2025 6:42:50 PM webapp.storage.AbstractStorage save
INFO: &amp#27;[32mSave 5ff3fd59-e512-45b9-aa03-f9f252c330da(uuid9012)
сент. 19, 2025 6:42:50 PM webapp.storage.AbstractStorage save
INFO: &amp#27;[32mSave 2551fa11-d1d7-4f27-aa64-f0a779e76fe4(uuid9013)
сент. 19, 2025 6:42:50 PM webapp.storage.AbstractStorage save
INFO: &amp#27;[32mSave 278c5e06-2df6-4462-bb26-008f11679c37(uuid9014)
сент. 19, 2025 6:42:50 PM webapp.storage.AbstractStorage save
INFO: &amp#27;[32mSave 86c6c746-4d71-41a4-9556-883496590dde(uuid9015)
сент. 19, 2025 6:42:50 PM webapp.storage.AbstractStorage save
INFO: &amp#27;[32mSave f3069366-a435-4d70-a2ab-526830e61fcf(uuid9016)
сент. 19, 2025 6:42:50 PM webapp.storage.AbstractStorage save
INFO: &amp#27;[32mSave b2c99115-013f-4562-a162-067f6164c78b(uuid9017)
сент. 19, 2025 6:42:50 PM webapp.storage.AbstractStorage save
INFO: &amp#27;[32mSave c1e841e8-05a0-475e-bde9-9ca4a0e2b368(uuid9018)
сент. 19, 2025 6:42:50 PM webapp.storage.AbstractStorage save
INFO: &amp#27;[32mSave 0f3f0038-5ed8-4e35-bbb4-f7cc35424de9(uuid9019)
сент. 19, 2025 6:42:50 PM webapp.storage.AbstractStorage save
INFO: &amp#27;[32mSave 6debe4dd-0991-47e7-b9b7-d84e58aaf446(uuid9020)
сент. 19, 2025 6:42:50 PM webapp.storage.AbstractStorage save
INFO: &amp#27;[32mSave dd3a14da-cd48-4d92-85ed-5dbbdf5d5175(uuid9021)
сент. 19, 2025 6:42:50 PM webapp.storage.AbstractStorage save
INFO: &amp#27;[32mSave 9abd12fa-ac37-4737-abdb-536ad8bc09fe(uuid9022)
сент. 19, 2025 6:42:50 PM webapp.storage.AbstractStorage save
INFO: &amp#27;[32mSave 812952b3-2ed9-446f-80f8-91b67496f2b7(uuid9023)
сент. 19, 2025 6:42:50 PM webapp.storage.AbstractStorage save
INFO: &amp#27;[32mSave f0021a10-ccf9-47bd-b2a1-de7fbaa7f667(uuid9024)
сент. 19, 2025 6:42:50 PM webapp.storage.AbstractStorage save
INFO: &amp#27;[32mSave 024cb79d-0a8c-47d1-9984-5c7df54898ff(uuid9025)
сент. 19, 2025 6:42:50 PM webapp.storage.AbstractStorage save
INFO: &amp#27;[32mSave 1bc661e9-4367-4589-92e0-5ee679f761b1(uuid9026)
сент. 19, 2025 6:42:50 PM webapp.storage.AbstractStorage save
INFO: &amp#27;[32mSave e40761e1-718a-4bad-8573-3acb3dff51e4(uuid9027)
сент. 19, 2025 6:42:50 PM webapp.storage.AbstractStorage save
INFO: &amp#27;[32mSave 3a590224-4d1a-4078-b93a-e6772d33fec0(uuid9028)
сент. 19, 2025 6:42:50 PM webapp.storage.AbstractStorage save
INFO: &amp#27;[32mSave 85eebea1-b7f5-45c6-9605-1b230e3f04cd(uuid9029)
сент. 19, 2025 6:42:50 PM webapp.storage.AbstractStorage save
INFO: &amp#27;[32mSave a058fa55-3f99-4d8b-abe8-1fc0193d03d4(uuid9030)
сент. 19, 2025 6:42:50 PM webapp.storage.AbstractStorage save
INFO: &amp#27;[32mSave 6949fef6-eeda-44b1-af2a-a2c7b0f25288(uuid9031)
сент. 19, 2025 6:42:50 PM webapp.storage.AbstractStorage save
INFO: &amp#27;[32mSave 3ee39be4-a617-4602-82f9-a42a1d71b53f(uuid9032)
сент. 19, 2025 6:42:50 PM webapp.storage.AbstractStorage save
INFO: &amp#27;[32mSave 5fc82e4e-34a4-4352-8239-37cf8fbc91fe(uuid9033)
сент. 19, 2025 6:42:50 PM webapp.storage.AbstractStorage save
INFO: &amp#27;[32mSave bfc59a89-bea0-42bd-bb71-eda61dfb2d87(uuid9034)
сент. 19, 2025 6:42:50 PM webapp.storage.AbstractStorage save
INFO: &amp#27;[32mSave 9f646cbc-02f7-46bc-8273-f3e0703a05b0(uuid9035)
сент. 19, 2025 6:42:50 PM webapp.storage.AbstractStorage save
INFO: &amp#27;[32mSave 9de70d60-da94-4f7c-8c8f-87da26678913(uuid9036)
сент. 19, 2025 6:42:50 PM webapp.storage.AbstractStorage save
INFO: &amp#27;[32mSave 1ae26253-d052-455d-bd88-f5e6b10aef03(uuid9037)
сент. 19, 2025 6:42:50 PM webapp.storage.AbstractStorage save
INFO: &amp#27;[32mSave 92e01e25-ff93-4c95-b72c-792305189440(uuid9038)
сент. 19, 2025 6:42:50 PM webapp.storage.AbstractStorage save
INFO: &amp#27;[32mSave 7c8c08ea-2330-4af5-b439-3b858d200ce8(uuid9039)
сент. 19, 2025 6:42:50 PM webapp.storage.AbstractStorage save
INFO: &amp#27;[32mSave b7cbcc2b-84d4-4a26-8658-d4e7bf2fae63(uuid9040)
сент. 19, 2025 6:42:50 PM webapp.storage.AbstractStorage save
INFO: &amp#27;[32mSave 4de1d353-bd24-453d-9dc0-36739b802839(uuid9041)
сент. 19, 2025 6:42:50 PM webapp.storage.AbstractStorage save
INFO: &amp#27;[32mSave f8463913-d826-4b4b-a932-86208043b6c4(uuid9042)
сент. 19, 2025 6:42:50 PM webapp.storage.AbstractStorage save
INFO: &amp#27;[32mSave 9c725c52-886f-4c9e-a9ab-ec6b9f87a0a1(uuid9043)
сент. 19, 2025 6:42:50 PM webapp.storage.AbstractStorage save
INFO: &amp#27;[32mSave b15ae403-186f-46cf-81ca-a2e3b99e5be1(uuid9044)
сент. 19, 2025 6:42:50 PM webapp.storage.AbstractStorage save
INFO: &amp#27;[32mSave 54c49909-73f8-43eb-ad67-26cc3745a39d(uuid9045)
сент. 19, 2025 6:42:50 PM webapp.storage.AbstractStorage save
INFO: &amp#27;[32mSave 956a21f5-7167-4f74-9747-19fa7a45807a(uuid9046)
сент. 19, 2025 6:42:50 PM webapp.storage.AbstractStorage save
INFO: &amp#27;[32mSave e824232e-7269-4d96-9054-e8a666bdc6b1(uuid9047)
сент. 19, 2025 6:42:50 PM webapp.storage.AbstractStorage save
INFO: &amp#27;[32mSave 1785e60d-5db2-4710-a554-fce2f51205af(uuid9048)
сент. 19, 2025 6:42:50 PM webapp.storage.AbstractStorage save
INFO: &amp#27;[32mSave ca2a3d21-d718-430d-b39e-859d28dec314(uuid9049)
сент. 19, 2025 6:42:50 PM webapp.storage.AbstractStorage save
INFO: &amp#27;[32mSave 66732a26-14b5-4292-866a-576e1e8c15ec(uuid9050)
сент. 19, 2025 6:42:50 PM webapp.storage.AbstractStorage save
INFO: &amp#27;[32mSave 33224c5f-bc9f-4417-b828-116cdf57f964(uuid9051)
сент. 19, 2025 6:42:50 PM webapp.storage.AbstractStorage save
INFO: &amp#27;[32mSave 01d38dfe-391e-427e-b2fa-5004dccb0d75(uuid9052)
сент. 19, 2025 6:42:50 PM webapp.storage.AbstractStorage save
INFO: &amp#27;[32mSave 1eabc7e0-399d-47d3-b45a-edea4bf14d9c(uuid9053)
сент. 19, 2025 6:42:50 PM webapp.storage.AbstractStorage save
INFO: &amp#27;[32mSave aa2a97bc-499e-4bee-bef0-5bc790d4c3e3(uuid9054)
сент. 19, 2025 6:42:50 PM webapp.storage.AbstractStorage save
INFO: &amp#27;[32mSave 7f6c1ee2-107c-4dc6-ba1b-224162616c52(uuid9055)
сент. 19, 2025 6:42:50 PM webapp.storage.AbstractStorage save
INFO: &amp#27;[32mSave 35512b5f-c45a-4459-a8e1-2e5d4ed29f65(uuid9056)
сент. 19, 2025 6:42:50 PM webapp.storage.AbstractStorage save
INFO: &amp#27;[32mSave d532d2ca-1189-423f-a443-f31685bb6156(uuid9057)
сент. 19, 2025 6:42:50 PM webapp.storage.AbstractStorage save
INFO: &amp#27;[32mSave 693c5773-0d64-473b-be7a-10c8f85d6d7c(uuid9058)
сент. 19, 2025 6:42:50 PM webapp.storage.AbstractStorage save
INFO: &amp#27;[32mSave 58077987-8fa6-4b11-a747-c7f494f06ee1(uuid9059)
сент. 19, 2025 6:42:50 PM webapp.storage.AbstractStorage save
INFO: &amp#27;[32mSave 3c7facc8-c717-441f-a5f1-ff932489b8f4(uuid9060)
сент. 19, 2025 6:42:50 PM webapp.storage.AbstractStorage save
INFO: &amp#27;[32mSave 51f86f38-0291-4831-9af9-70bdfd51220d(uuid9061)
сент. 19, 2025 6:42:50 PM webapp.storage.AbstractStorage save
INFO: &amp#27;[32mSave e324665b-cc8e-47de-8077-2f224e6ff38c(uuid9062)
сент. 19, 2025 6:42:50 PM webapp.storage.AbstractStorage save
INFO: &amp#27;[32mSave d54bd951-0f6f-46c7-a1c5-3479bdd85981(uuid9063)
сент. 19, 2025 6:42:50 PM webapp.storage.AbstractStorage save
INFO: &amp#27;[32mSave bd4e54f2-012b-443a-ab8e-f70149c39aba(uuid9064)
сент. 19, 2025 6:42:50 PM webapp.storage.AbstractStorage save
INFO: &amp#27;[32mSave 57a271f5-dddb-4740-aad4-2c73b28e00ac(uuid9065)
сент. 19, 2025 6:42:50 PM webapp.storage.AbstractStorage save
INFO: &amp#27;[32mSave 37421c3d-3201-421f-8af1-2a9f3ff6a2d9(uuid9066)
сент. 19, 2025 6:42:50 PM webapp.storage.AbstractStorage save
INFO: &amp#27;[32mSave 6641eaf3-86ce-4cb6-8d6f-4a2694083667(uuid9067)
сент. 19, 2025 6:42:50 PM webapp.storage.AbstractStorage save
INFO: &amp#27;[32mSave 3cfce31d-56a2-4237-ab25-a7fd58771708(uuid9068)
сент. 19, 2025 6:42:50 PM webapp.storage.AbstractStorage save
INFO: &amp#27;[32mSave 90f2ddc4-2c6a-449f-8409-13b72591e2a2(uuid9069)
сент. 19, 2025 6:42:50 PM webapp.storage.AbstractStorage save
INFO: &amp#27;[32mSave 60b99931-ff22-4806-a042-5c90a71765a3(uuid9070)
сент. 19, 2025 6:42:50 PM webapp.storage.AbstractStorage save
INFO: &amp#27;[32mSave 697f0bb5-071c-4ef1-9f90-afe28a21b740(uuid9071)
сент. 19, 2025 6:42:50 PM webapp.storage.AbstractStorage save
INFO: &amp#27;[32mSave ddde1d88-1099-4b0e-9d6f-dc59106e630b(uuid9072)
сент. 19, 2025 6:42:50 PM webapp.storage.AbstractStorage save
INFO: &amp#27;[32mSave 986330f5-f299-4753-a69b-b7b6b5915b8b(uuid9073)
сент. 19, 2025 6:42:50 PM webapp.storage.AbstractStorage save
INFO: &amp#27;[32mSave 706df639-8a1a-4a48-8e7c-7c475861d8c2(uuid9074)
сент. 19, 2025 6:42:50 PM webapp.storage.AbstractStorage save
INFO: &amp#27;[32mSave a9fcac04-b038-4fd6-92c0-543439893372(uuid9075)
сент. 19, 2025 6:42:50 PM webapp.storage.AbstractStorage save
INFO: &amp#27;[32mSave 5b343d7a-baf9-4ea4-8ee4-b62b0439eaeb(uuid9076)
сент. 19, 2025 6:42:50 PM webapp.storage.AbstractStorage save
INFO: &amp#27;[32mSave 6f0000b2-5c76-4f59-b1cb-b0d237b535de(uuid9077)
сент. 19, 2025 6:42:50 PM webapp.storage.AbstractStorage save
INFO: &amp#27;[32mSave 9ecff47e-e591-4b20-99b2-f223d68b9254(uuid9078)
сент. 19, 2025 6:42:50 PM webapp.storage.AbstractStorage save
INFO: &amp#27;[32mSave e9527fd3-8bf0-4c64-bbf5-e452bec82de3(uuid9079)
сент. 19, 2025 6:42:50 PM webapp.storage.AbstractStorage save
INFO: &amp#27;[32mSave 084c0b21-15c6-4716-84e4-847e7a29211f(uuid9080)
сент. 19, 2025 6:42:50 PM webapp.storage.AbstractStorage save
INFO: &amp#27;[32mSave 6540a631-af47-426c-8780-6a1cd6832c04(uuid9081)
сент. 19, 2025 6:42:50 PM webapp.storage.AbstractStorage save
INFO: &amp#27;[32mSave 6407b733-40a8-4749-b7f7-da4262918e3f(uuid9082)
сент. 19, 2025 6:42:50 PM webapp.storage.AbstractStorage save
INFO: &amp#27;[32mSave b40c5bf1-52da-4b28-803f-e291fb788dc3(uuid9083)
сент. 19, 2025 6:42:50 PM webapp.storage.AbstractStorage save
INFO: &amp#27;[32mSave b3ead3d8-0946-46dd-a7cb-556552cd525b(uuid9084)
сент. 19, 2025 6:42:50 PM webapp.storage.AbstractStorage save
INFO: &amp#27;[32mSave de32d581-2462-4a97-8a1a-81e04e4e9956(uuid9085)
сент. 19, 2025 6:42:50 PM webapp.storage.AbstractStorage save
INFO: &amp#27;[32mSave c9648feb-40c6-4f52-baae-41949ce15fa9(uuid9086)
сент. 19, 2025 6:42:50 PM webapp.storage.AbstractStorage save
INFO: &amp#27;[32mSave 38030d3d-2f63-4b53-897f-d8148830e07c(uuid9087)
сент. 19, 2025 6:42:50 PM webapp.storage.AbstractStorage save
INFO: &amp#27;[32mSave 0af95d7c-75a9-4f6c-be13-885234bd4270(uuid9088)
сент. 19, 2025 6:42:50 PM webapp.storage.AbstractStorage save
INFO: &amp#27;[32mSave 9bf8c05e-cb62-4f10-95c7-c6511bb6bc02(uuid9089)
сент. 19, 2025 6:42:50 PM webapp.storage.AbstractStorage save
INFO: &amp#27;[32mSave e4235aee-c4a8-4f32-a0b3-af01ad510fef(uuid9090)
сент. 19, 2025 6:42:50 PM webapp.storage.AbstractStorage save
INFO: &amp#27;[32mSave 5afee356-89f3-4e1a-8876-cded686b3200(uuid9091)
сент. 19, 2025 6:42:50 PM webapp.storage.AbstractStorage save
INFO: &amp#27;[32mSave 97a724ee-8751-4aac-b70d-94f310b6a71b(uuid9092)
сент. 19, 2025 6:42:50 PM webapp.storage.AbstractStorage save
INFO: &amp#27;[32mSave 4c0e9eb3-13ba-4a22-8dd6-b3f295b756c2(uuid9093)
сент. 19, 2025 6:42:50 PM webapp.storage.AbstractStorage save
INFO: &amp#27;[32mSave 2afb3e6b-dd6f-415c-b8c3-ef1424b311e5(uuid9094)
сент. 19, 2025 6:42:50 PM webapp.storage.AbstractStorage save
INFO: &amp#27;[32mSave 1a180bcb-9729-4cbf-8f21-b05cbd62ff6c(uuid9095)
сент. 19, 2025 6:42:50 PM webapp.storage.AbstractStorage save
INFO: &amp#27;[32mSave 92b5fe22-26e8-42c9-88d0-a71c317ef607(uuid9096)
сент. 19, 2025 6:42:50 PM webapp.storage.AbstractStorage save
INFO: &amp#27;[32mSave 03a617fb-6f0d-494e-9958-5fde3c2037ac(uuid9097)
сент. 19, 2025 6:42:50 PM webapp.storage.AbstractStorage save
INFO: &amp#27;[32mSave 397ad667-46a1-4dda-9aaf-04a7fe238e1c(uuid9098)
сент. 19, 2025 6:42:50 PM webapp.storage.AbstractStorage save
INFO: &amp#27;[32mSave 20a1bdf2-198b-4644-b030-a3a5232bc6cc(uuid9099)
сент. 19, 2025 6:42:50 PM webapp.storage.AbstractStorage save
INFO: &amp#27;[32mSave 97ee4565-5bbb-4809-99b1-4d4145bfbc81(uuid9100)
сент. 19, 2025 6:42:50 PM webapp.storage.AbstractStorage save
INFO: &amp#27;[32mSave 7f2ae2a0-e531-4048-aad9-2e30b37c2e6c(uuid9101)
сент. 19, 2025 6:42:50 PM webapp.storage.AbstractStorage save
INFO: &amp#27;[32mSave 522df26a-a6f6-4c24-9309-537464114e83(uuid9102)
сент. 19, 2025 6:42:50 PM webapp.storage.AbstractStorage save
INFO: &amp#27;[32mSave b71d7cdb-86f8-407b-868c-918460a96942(uuid9103)
сент. 19, 2025 6:42:50 PM webapp.storage.AbstractStorage save
INFO: &amp#27;[32mSave f792a027-f00d-4eae-a88e-ebf3416f3764(uuid9104)
сент. 19, 2025 6:42:50 PM webapp.storage.AbstractStorage save
INFO: &amp#27;[32mSave 611a840d-6650-43b9-80f3-4601db3c3fe5(uuid9105)
сент. 19, 2025 6:42:50 PM webapp.storage.AbstractStorage save
INFO: &amp#27;[32mSave e0cff46b-9fe8-4e28-bf2c-18c0dc13ca66(uuid9106)
сент. 19, 2025 6:42:50 PM webapp.storage.AbstractStorage save
INFO: &amp#27;[32mSave 78395f13-b698-4e36-b4e0-05085fd42009(uuid9107)
сент. 19, 2025 6:42:50 PM webapp.storage.AbstractStorage save
INFO: &amp#27;[32mSave 14809869-678e-4289-abdb-a4fd527388cc(uuid9108)
сент. 19, 2025 6:42:50 PM webapp.storage.AbstractStorage save
INFO: &amp#27;[32mSave 104bc420-f438-4a8d-acd7-43c71fe4e46d(uuid9109)
сент. 19, 2025 6:42:50 PM webapp.storage.AbstractStorage save
INFO: &amp#27;[32mSave 08bec1ab-909d-4ec6-b05c-e4bd0c530eec(uuid9110)
сент. 19, 2025 6:42:50 PM webapp.storage.AbstractStorage save
INFO: &amp#27;[32mSave 436caf5f-93bf-428a-acee-f2f3281da8f7(uuid9111)
сент. 19, 2025 6:42:50 PM webapp.storage.AbstractStorage save
INFO: &amp#27;[32mSave b60c8c11-69dc-4c98-af35-71a53949be97(uuid9112)
сент. 19, 2025 6:42:50 PM webapp.storage.AbstractStorage save
INFO: &amp#27;[32mSave 511ab644-a957-435b-88a6-325f8dc56e48(uuid9113)
сент. 19, 2025 6:42:50 PM webapp.storage.AbstractStorage save
INFO: &amp#27;[32mSave ed5809f8-4c8f-45a0-bf8f-5d6dfe6b0ee3(uuid9114)
сент. 19, 2025 6:42:50 PM webapp.storage.AbstractStorage save
INFO: &amp#27;[32mSave 8db48796-48e1-4ddf-97db-ddb2562061c8(uuid9115)
сент. 19, 2025 6:42:50 PM webapp.storage.AbstractStorage save
INFO: &amp#27;[32mSave 27552b6a-05fa-4635-b545-539fd9ce9bac(uuid9116)
сент. 19, 2025 6:42:50 PM webapp.storage.AbstractStorage save
INFO: &amp#27;[32mSave f894ce9f-a2a6-478d-883a-a580a262eb2b(uuid9117)
сент. 19, 2025 6:42:50 PM webapp.storage.AbstractStorage save
INFO: &amp#27;[32mSave bbe1d569-4275-44d3-aa1d-f05d4609a718(uuid9118)
сент. 19, 2025 6:42:50 PM webapp.storage.AbstractStorage save
INFO: &amp#27;[32mSave 9a8e81be-ba74-4c5c-bc82-bf5666dac182(uuid9119)
сент. 19, 2025 6:42:50 PM webapp.storage.AbstractStorage save
INFO: &amp#27;[32mSave b6f15633-ea5b-46c5-b5dc-0d60c8a4a8fe(uuid9120)
сент. 19, 2025 6:42:50 PM webapp.storage.AbstractStorage save
INFO: &amp#27;[32mSave fe635280-86f6-4da5-9fc5-8c39ddce4364(uuid9121)
сент. 19, 2025 6:42:50 PM webapp.storage.AbstractStorage save
INFO: &amp#27;[32mSave 5966422d-33bf-49bf-b83a-47d05eea7e25(uuid9122)
сент. 19, 2025 6:42:50 PM webapp.storage.AbstractStorage save
INFO: &amp#27;[32mSave 13824b1e-2a18-4075-a377-29677c842027(uuid9123)
сент. 19, 2025 6:42:50 PM webapp.storage.AbstractStorage save
INFO: &amp#27;[32mSave ed7781d1-be27-482a-be71-ed55bb0e3a74(uuid9124)
сент. 19, 2025 6:42:50 PM webapp.storage.AbstractStorage save
INFO: &amp#27;[32mSave a322b64b-675c-45dd-8bfd-52c4306fd974(uuid9125)
сент. 19, 2025 6:42:50 PM webapp.storage.AbstractStorage save
INFO: &amp#27;[32mSave acfc5499-3b0a-4bb5-afb9-4d6ee824d50b(uuid9126)
сент. 19, 2025 6:42:50 PM webapp.storage.AbstractStorage save
INFO: &amp#27;[32mSave a71c4a8a-496a-40c9-b6c4-cd8b4f2443dc(uuid9127)
сент. 19, 2025 6:42:50 PM webapp.storage.AbstractStorage save
INFO: &amp#27;[32mSave 10e39a4c-9a5e-4be4-85a3-bce8ca6d4169(uuid9128)
сент. 19, 2025 6:42:50 PM webapp.storage.AbstractStorage save
INFO: &amp#27;[32mSave 98c419c7-3ce2-4425-8aa3-560fa2ae1a82(uuid9129)
сент. 19, 2025 6:42:50 PM webapp.storage.AbstractStorage save
INFO: &amp#27;[32mSave 3f87faef-3dd1-4a66-8a9e-14f35acb08a5(uuid9130)
сент. 19, 2025 6:42:50 PM webapp.storage.AbstractStorage save
INFO: &amp#27;[32mSave de2b74cb-d6c7-4717-8cdd-1bd0e99ff194(uuid9131)
сент. 19, 2025 6:42:50 PM webapp.storage.AbstractStorage save
INFO: &amp#27;[32mSave 5a45d0d0-28be-4ce6-95dc-c000899b5d89(uuid9132)
сент. 19, 2025 6:42:50 PM webapp.storage.AbstractStorage save
INFO: &amp#27;[32mSave 1ca288e5-cb0d-4c64-a33d-6c5513abd0b8(uuid9133)
сент. 19, 2025 6:42:50 PM webapp.storage.AbstractStorage save
INFO: &amp#27;[32mSave 529cc536-7541-452e-9ab4-ca147ef073e2(uuid9134)
сент. 19, 2025 6:42:50 PM webapp.storage.AbstractStorage save
INFO: &amp#27;[32mSave 35e5ab60-259c-4a0e-8202-4a35c380a6e3(uuid9135)
сент. 19, 2025 6:42:50 PM webapp.storage.AbstractStorage save
INFO: &amp#27;[32mSave d68eead0-6017-4bf5-b521-0cbba28968ab(uuid9136)
сент. 19, 2025 6:42:50 PM webapp.storage.AbstractStorage save
INFO: &amp#27;[32mSave cde3edfa-2b1f-45e3-af71-0007583946bc(uuid9137)
сент. 19, 2025 6:42:50 PM webapp.storage.AbstractStorage save
INFO: &amp#27;[32mSave 8777f173-565c-4fd3-83cf-b19ae1881232(uuid9138)
сент. 19, 2025 6:42:50 PM webapp.storage.AbstractStorage save
INFO: &amp#27;[32mSave 28d39269-fa4f-4176-907e-f193d24813e1(uuid9139)
сент. 19, 2025 6:42:50 PM webapp.storage.AbstractStorage save
INFO: &amp#27;[32mSave d431d889-0afa-4ece-b131-a308983676a0(uuid9140)
сент. 19, 2025 6:42:50 PM webapp.storage.AbstractStorage save
INFO: &amp#27;[32mSave cc6d9760-9734-40cf-b889-f9c5d2ff2335(uuid9141)
сент. 19, 2025 6:42:50 PM webapp.storage.AbstractStorage save
INFO: &amp#27;[32mSave 1cd4b69d-3cd7-499e-9915-28c293083f94(uuid9142)
сент. 19, 2025 6:42:50 PM webapp.storage.AbstractStorage save
INFO: &amp#27;[32mSave 44fc81d8-34b5-4316-83d7-08bc1e57c14a(uuid9143)
сент. 19, 2025 6:42:50 PM webapp.storage.AbstractStorage save
INFO: &amp#27;[32mSave f84b45d4-33df-4533-9c10-4dc887ee1903(uuid9144)
сент. 19, 2025 6:42:50 PM webapp.storage.AbstractStorage save
INFO: &amp#27;[32mSave 982cdb2a-b568-4284-814e-89faf0cd3a8e(uuid9145)
сент. 19, 2025 6:42:50 PM webapp.storage.AbstractStorage save
INFO: &amp#27;[32mSave 1a625b40-ca5f-44b8-9bf6-a5fdac4fe3b6(uuid9146)
сент. 19, 2025 6:42:50 PM webapp.storage.AbstractStorage save
INFO: &amp#27;[32mSave a783d487-b11b-433b-be42-abf4c200b87e(uuid9147)
сент. 19, 2025 6:42:50 PM webapp.storage.AbstractStorage save
INFO: &amp#27;[32mSave 8902e8f9-179e-4891-976f-f9fe964efe0e(uuid9148)
сент. 19, 2025 6:42:50 PM webapp.storage.AbstractStorage save
INFO: &amp#27;[32mSave ef59b43e-a681-4300-86fb-45eb5714b85c(uuid9149)
сент. 19, 2025 6:42:50 PM webapp.storage.AbstractStorage save
INFO: &amp#27;[32mSave 2b87a6ca-cb76-4129-9e7d-409aab00c9d8(uuid9150)
сент. 19, 2025 6:42:50 PM webapp.storage.AbstractStorage save
INFO: &amp#27;[32mSave 03af017a-4b41-4f9d-a6df-f49e45d59932(uuid9151)
сент. 19, 2025 6:42:50 PM webapp.storage.AbstractStorage save
INFO: &amp#27;[32mSave b49971d8-31a9-4578-ac4c-fc992dd254a5(uuid9152)
сент. 19, 2025 6:42:50 PM webapp.storage.AbstractStorage save
INFO: &amp#27;[32mSave df5c939a-dd28-41fc-9c6e-77634f15ef45(uuid9153)
сент. 19, 2025 6:42:50 PM webapp.storage.AbstractStorage save
INFO: &amp#27;[32mSave d231b468-70b1-47a6-b819-2be8a3867ed3(uuid9154)
сент. 19, 2025 6:42:50 PM webapp.storage.AbstractStorage save
INFO: &amp#27;[32mSave 5cc638c6-2d86-4834-a892-95471abe2745(uuid9155)
сент. 19, 2025 6:42:50 PM webapp.storage.AbstractStorage save
INFO: &amp#27;[32mSave 92115399-69f4-4ee6-a974-07c714d0d8ee(uuid9156)
сент. 19, 2025 6:42:50 PM webapp.storage.AbstractStorage save
INFO: &amp#27;[32mSave ae463cfa-b2f0-4e8d-a1e6-bee1fca2b1e7(uuid9157)
сент. 19, 2025 6:42:50 PM webapp.storage.AbstractStorage save
INFO: &amp#27;[32mSave 131b5615-eee7-4d5e-b740-ff80ba6baaec(uuid9158)
сент. 19, 2025 6:42:50 PM webapp.storage.AbstractStorage save
INFO: &amp#27;[32mSave 65763e2a-06e8-4cac-8f30-107e2e455487(uuid9159)
сент. 19, 2025 6:42:50 PM webapp.storage.AbstractStorage save
INFO: &amp#27;[32mSave 7c48d770-bf3b-4f3a-8489-027a69267a67(uuid9160)
сент. 19, 2025 6:42:50 PM webapp.storage.AbstractStorage save
INFO: &amp#27;[32mSave fc9f8ff4-6ffd-433a-8a80-5b55c431baa1(uuid9161)
сент. 19, 2025 6:42:50 PM webapp.storage.AbstractStorage save
INFO: &amp#27;[32mSave d2a48e43-9d0f-4fcf-83e5-22fe08dc8d99(uuid9162)
сент. 19, 2025 6:42:50 PM webapp.storage.AbstractStorage save
INFO: &amp#27;[32mSave 661ba489-9869-498d-9db6-98a0372adf2d(uuid9163)
сент. 19, 2025 6:42:50 PM webapp.storage.AbstractStorage save
INFO: &amp#27;[32mSave 51843ad7-d81c-46bd-94dd-3781a8e23882(uuid9164)
сент. 19, 2025 6:42:50 PM webapp.storage.AbstractStorage save
INFO: &amp#27;[32mSave 63ec652f-e490-4f76-82ec-f2815bc75075(uuid9165)
сент. 19, 2025 6:42:50 PM webapp.storage.AbstractStorage save
INFO: &amp#27;[32mSave 346439ed-e0b0-4d64-bdf1-e9780a4e9199(uuid9166)
сент. 19, 2025 6:42:50 PM webapp.storage.AbstractStorage save
INFO: &amp#27;[32mSave af3dc555-8610-4b7d-9a36-0d8b767dc455(uuid9167)
сент. 19, 2025 6:42:50 PM webapp.storage.AbstractStorage save
INFO: &amp#27;[32mSave ca4adff3-5530-49c5-9e97-958a9016d74e(uuid9168)
сент. 19, 2025 6:42:50 PM webapp.storage.AbstractStorage save
INFO: &amp#27;[32mSave 59d95a7c-f03e-4b16-9d42-55f1beb3dbfa(uuid9169)
сент. 19, 2025 6:42:50 PM webapp.storage.AbstractStorage save
INFO: &amp#27;[32mSave d33234e2-a787-4b8c-94be-084357f47da8(uuid9170)
сент. 19, 2025 6:42:50 PM webapp.storage.AbstractStorage save
INFO: &amp#27;[32mSave 27106d34-1653-49a2-a284-c90139b51078(uuid9171)
сент. 19, 2025 6:42:50 PM webapp.storage.AbstractStorage save
INFO: &amp#27;[32mSave 15a05693-5ff4-4edd-b3cc-9702a909b49b(uuid9172)
сент. 19, 2025 6:42:50 PM webapp.storage.AbstractStorage save
INFO: &amp#27;[32mSave f62ea900-c5a0-4b79-9b33-8d8249bae9af(uuid9173)
сент. 19, 2025 6:42:50 PM webapp.storage.AbstractStorage save
INFO: &amp#27;[32mSave 020815bc-a026-4641-a94f-aa4e98677630(uuid9174)
сент. 19, 2025 6:42:50 PM webapp.storage.AbstractStorage save
INFO: &amp#27;[32mSave ac982fe8-9133-4c9e-918e-c965770c7549(uuid9175)
сент. 19, 2025 6:42:50 PM webapp.storage.AbstractStorage save
INFO: &amp#27;[32mSave cc342308-99ca-4a55-9522-11c5b9971014(uuid9176)
сент. 19, 2025 6:42:50 PM webapp.storage.AbstractStorage save
INFO: &amp#27;[32mSave f57642c8-0441-483f-9143-6761fc6f1a33(uuid9177)
сент. 19, 2025 6:42:50 PM webapp.storage.AbstractStorage save
INFO: &amp#27;[32mSave 30943d31-365f-413a-837b-239f73255e6c(uuid9178)
сент. 19, 2025 6:42:50 PM webapp.storage.AbstractStorage save
INFO: &amp#27;[32mSave 1490781b-d9f8-473c-92a7-de9b0c223ea7(uuid9179)
сент. 19, 2025 6:42:50 PM webapp.storage.AbstractStorage save
INFO: &amp#27;[32mSave 56528e6d-43d5-4ab3-98d7-7254bb403bc9(uuid9180)
сент. 19, 2025 6:42:50 PM webapp.storage.AbstractStorage save
INFO: &amp#27;[32mSave 541195d1-964c-409f-be61-842dedae21fc(uuid9181)
сент. 19, 2025 6:42:50 PM webapp.storage.AbstractStorage save
INFO: &amp#27;[32mSave 7a1b1560-3711-43b4-a151-ef8617a312fd(uuid9182)
сент. 19, 2025 6:42:50 PM webapp.storage.AbstractStorage save
INFO: &amp#27;[32mSave 1eee28c0-9ec7-45d6-8b8c-0b3611928c98(uuid9183)
сент. 19, 2025 6:42:50 PM webapp.storage.AbstractStorage save
INFO: &amp#27;[32mSave e417ec60-2a27-49af-bd70-22c50cbb1a2d(uuid9184)
сент. 19, 2025 6:42:50 PM webapp.storage.AbstractStorage save
INFO: &amp#27;[32mSave 90be3b26-b7c3-4971-abdc-a4050f8f439d(uuid9185)
сент. 19, 2025 6:42:50 PM webapp.storage.AbstractStorage save
INFO: &amp#27;[32mSave 30ab8591-c4f1-44c7-8b39-53e361f28f4d(uuid9186)
сент. 19, 2025 6:42:50 PM webapp.storage.AbstractStorage save
INFO: &amp#27;[32mSave b3524fea-bdb9-4d82-986d-713942404939(uuid9187)
сент. 19, 2025 6:42:50 PM webapp.storage.AbstractStorage save
INFO: &amp#27;[32mSave 14c3ae0b-f09d-49a7-ad7c-e07c4557f03b(uuid9188)
сент. 19, 2025 6:42:50 PM webapp.storage.AbstractStorage save
INFO: &amp#27;[32mSave 94af6bcf-259e-49a0-a9bd-ec7b691efd59(uuid9189)
сент. 19, 2025 6:42:50 PM webapp.storage.AbstractStorage save
INFO: &amp#27;[32mSave 1bbfd2f3-4658-4fb0-9c01-60c6a945fd99(uuid9190)
сент. 19, 2025 6:42:50 PM webapp.storage.AbstractStorage save
INFO: &amp#27;[32mSave adcef455-103a-4f85-906e-5a1328340e94(uuid9191)
сент. 19, 2025 6:42:50 PM webapp.storage.AbstractStorage save
INFO: &amp#27;[32mSave d54f4232-6eb3-4a9f-a09f-172a2093f8ee(uuid9192)
сент. 19, 2025 6:42:50 PM webapp.storage.AbstractStorage save
INFO: &amp#27;[32mSave d7c9f9db-a878-4f88-9d1a-ab7e1922ded7(uuid9193)
сент. 19, 2025 6:42:50 PM webapp.storage.AbstractStorage save
INFO: &amp#27;[32mSave 23520930-91e7-42d6-a6b1-d05dc0f90b29(uuid9194)
сент. 19, 2025 6:42:50 PM webapp.storage.AbstractStorage save
INFO: &amp#27;[32mSave e29d585c-acba-4413-8534-bf256184af11(uuid9195)
сент. 19, 2025 6:42:50 PM webapp.storage.AbstractStorage save
INFO: &amp#27;[32mSave 30d538f3-7669-4286-89d7-d867f7a87024(uuid9196)
сент. 19, 2025 6:42:50 PM webapp.storage.AbstractStorage save
INFO: &amp#27;[32mSave c029ada7-9313-4434-9b56-60ce70bc2f25(uuid9197)
сент. 19, 2025 6:42:50 PM webapp.storage.AbstractStorage save
INFO: &amp#27;[32mSave 89f15a17-562b-42d3-92c8-440580dca124(uuid9198)
сент. 19, 2025 6:42:50 PM webapp.storage.AbstractStorage save
INFO: &amp#27;[32mSave 883c4ac3-4d79-4b12-9c1f-3fcc99b982cb(uuid9199)
сент. 19, 2025 6:42:50 PM webapp.storage.AbstractStorage save
INFO: &amp#27;[32mSave 9b935ac3-8e6f-4e64-85d5-7d4fb66601b1(uuid9200)
сент. 19, 2025 6:42:50 PM webapp.storage.AbstractStorage save
INFO: &amp#27;[32mSave 831df9b6-ef32-44bd-8e7e-e61978d7488b(uuid9201)
сент. 19, 2025 6:42:50 PM webapp.storage.AbstractStorage save
INFO: &amp#27;[32mSave d88d4b67-558b-4bf5-8353-94939017cd31(uuid9202)
сент. 19, 2025 6:42:50 PM webapp.storage.AbstractStorage save
INFO: &amp#27;[32mSave a37e85a2-af39-4c10-a409-adef842eeb4c(uuid9203)
сент. 19, 2025 6:42:50 PM webapp.storage.AbstractStorage save
INFO: &amp#27;[32mSave 1d2bbb85-1c20-4dec-a628-e35dff9e12d2(uuid9204)
сент. 19, 2025 6:42:50 PM webapp.storage.AbstractStorage save
INFO: &amp#27;[32mSave 2dc8cfc0-c23f-48b7-a83a-32dcda642e49(uuid9205)
сент. 19, 2025 6:42:50 PM webapp.storage.AbstractStorage save
INFO: &amp#27;[32mSave bbebe094-1a1e-4ebb-9319-de5f25ca65a1(uuid9206)
сент. 19, 2025 6:42:50 PM webapp.storage.AbstractStorage save
INFO: &amp#27;[32mSave 4512edf2-77f7-4d79-bdec-5aea9a3b7180(uuid9207)
сент. 19, 2025 6:42:50 PM webapp.storage.AbstractStorage save
INFO: &amp#27;[32mSave b5a77215-c82f-4d90-9e00-75f47d0a8413(uuid9208)
сент. 19, 2025 6:42:50 PM webapp.storage.AbstractStorage save
INFO: &amp#27;[32mSave e1583cc6-92b3-45d2-8194-8c312cbf287d(uuid9209)
сент. 19, 2025 6:42:50 PM webapp.storage.AbstractStorage save
INFO: &amp#27;[32mSave 3b78192a-bf94-4373-beb1-d6bc210909c0(uuid9210)
сент. 19, 2025 6:42:50 PM webapp.storage.AbstractStorage save
INFO: &amp#27;[32mSave dd2d8e4e-3686-4462-8417-5627cde68fa1(uuid9211)
сент. 19, 2025 6:42:50 PM webapp.storage.AbstractStorage save
INFO: &amp#27;[32mSave 60c4b91f-4edd-437e-af80-94d839d785d7(uuid9212)
сент. 19, 2025 6:42:50 PM webapp.storage.AbstractStorage save
INFO: &amp#27;[32mSave b70641ce-f363-4818-a382-fdfb7d696c53(uuid9213)
сент. 19, 2025 6:42:50 PM webapp.storage.AbstractStorage save
INFO: &amp#27;[32mSave 7eecd914-70b1-471f-88f0-22670ace80a1(uuid9214)
сент. 19, 2025 6:42:50 PM webapp.storage.AbstractStorage save
INFO: &amp#27;[32mSave ff165e58-fc67-44c6-827c-8365f0691ade(uuid9215)
сент. 19, 2025 6:42:50 PM webapp.storage.AbstractStorage save
INFO: &amp#27;[32mSave 4f604a86-7fba-446e-95d4-d32ea10ec24f(uuid9216)
сент. 19, 2025 6:42:50 PM webapp.storage.AbstractStorage save
INFO: &amp#27;[32mSave 00518386-c9d8-4b36-b547-cde73f573b30(uuid9217)
сент. 19, 2025 6:42:50 PM webapp.storage.AbstractStorage save
INFO: &amp#27;[32mSave 3df612e7-c2f1-4047-9fb6-64bf91bed344(uuid9218)
сент. 19, 2025 6:42:50 PM webapp.storage.AbstractStorage save
INFO: &amp#27;[32mSave 358a0140-35bd-46ab-9d07-03e406c313a9(uuid9219)
сент. 19, 2025 6:42:50 PM webapp.storage.AbstractStorage save
INFO: &amp#27;[32mSave dd9a6af4-1666-492f-8d70-9e5f642e4abe(uuid9220)
сент. 19, 2025 6:42:50 PM webapp.storage.AbstractStorage save
INFO: &amp#27;[32mSave 1b4e75ac-adb4-4323-af9e-e414a0412f92(uuid9221)
сент. 19, 2025 6:42:50 PM webapp.storage.AbstractStorage save
INFO: &amp#27;[32mSave 01c00f0c-4869-477d-a1f3-ce38694d2cc8(uuid9222)
сент. 19, 2025 6:42:50 PM webapp.storage.AbstractStorage save
INFO: &amp#27;[32mSave b8c931fd-8be9-45b6-aa71-06e307e788e7(uuid9223)
сент. 19, 2025 6:42:50 PM webapp.storage.AbstractStorage save
INFO: &amp#27;[32mSave 0b778c28-68f1-4c96-be3d-de0c2983ffbc(uuid9224)
сент. 19, 2025 6:42:50 PM webapp.storage.AbstractStorage save
INFO: &amp#27;[32mSave c53f4be0-50ea-40ce-8c4b-8dedd4f3478c(uuid9225)
сент. 19, 2025 6:42:50 PM webapp.storage.AbstractStorage save
INFO: &amp#27;[32mSave ef31e291-3541-40bc-886e-517d5afa5264(uuid9226)
сент. 19, 2025 6:42:50 PM webapp.storage.AbstractStorage save
INFO: &amp#27;[32mSave 5f7bf33a-3c6f-4df9-bed6-355f57782553(uuid9227)
сент. 19, 2025 6:42:50 PM webapp.storage.AbstractStorage save
INFO: &amp#27;[32mSave d03a76d3-7db0-47a7-8d8f-f90ea910d658(uuid9228)
сент. 19, 2025 6:42:50 PM webapp.storage.AbstractStorage save
INFO: &amp#27;[32mSave 846d5f00-56c8-4301-a8d3-6bced7778d39(uuid9229)
сент. 19, 2025 6:42:50 PM webapp.storage.AbstractStorage save
INFO: &amp#27;[32mSave 13f8a0fc-bbac-4693-81d3-faa238916879(uuid9230)
сент. 19, 2025 6:42:50 PM webapp.storage.AbstractStorage save
INFO: &amp#27;[32mSave f1d79419-c803-4f9c-b173-1bd808b11260(uuid9231)
сент. 19, 2025 6:42:50 PM webapp.storage.AbstractStorage save
INFO: &amp#27;[32mSave ab9bd251-5e7f-49f6-9f91-e86a30262099(uuid9232)
сент. 19, 2025 6:42:50 PM webapp.storage.AbstractStorage save
INFO: &amp#27;[32mSave 50931399-35ab-449a-a73d-0a35d7a3b0db(uuid9233)
сент. 19, 2025 6:42:50 PM webapp.storage.AbstractStorage save
INFO: &amp#27;[32mSave df92517d-9483-4088-b081-bb5f8e58224d(uuid9234)
сент. 19, 2025 6:42:50 PM webapp.storage.AbstractStorage save
INFO: &amp#27;[32mSave 3000ed0e-f01d-4aae-89ee-cb1f46a2c19d(uuid9235)
сент. 19, 2025 6:42:50 PM webapp.storage.AbstractStorage save
INFO: &amp#27;[32mSave 6e76ada0-2a3f-4b83-b4b2-c0f476253dbf(uuid9236)
сент. 19, 2025 6:42:50 PM webapp.storage.AbstractStorage save
INFO: &amp#27;[32mSave 457f3482-e8f1-4d26-a3ff-cfe10b938721(uuid9237)
сент. 19, 2025 6:42:50 PM webapp.storage.AbstractStorage save
INFO: &amp#27;[32mSave 966b76ac-d8b4-494f-87e9-a2e34c14bb23(uuid9238)
сент. 19, 2025 6:42:50 PM webapp.storage.AbstractStorage save
INFO: &amp#27;[32mSave ff8ed82e-e900-46f2-8a14-29df4e3dd45b(uuid9239)
сент. 19, 2025 6:42:50 PM webapp.storage.AbstractStorage save
INFO: &amp#27;[32mSave 3ec8cda2-7f39-41d7-995b-6d850af4d3d5(uuid9240)
сент. 19, 2025 6:42:50 PM webapp.storage.AbstractStorage save
INFO: &amp#27;[32mSave b3903c44-e3a8-458d-bfc9-64dc5c6f2ddb(uuid9241)
сент. 19, 2025 6:42:50 PM webapp.storage.AbstractStorage save
INFO: &amp#27;[32mSave 3eaaa716-99fd-4b49-be6e-4ba8f26d465f(uuid9242)
сент. 19, 2025 6:42:50 PM webapp.storage.AbstractStorage save
INFO: &amp#27;[32mSave 9731fb0a-42c2-4391-8c38-a73d98211521(uuid9243)
сент. 19, 2025 6:42:50 PM webapp.storage.AbstractStorage save
INFO: &amp#27;[32mSave 1e5713fb-e05a-4ce4-b75b-b1dcea18d0d1(uuid9244)
сент. 19, 2025 6:42:50 PM webapp.storage.AbstractStorage save
INFO: &amp#27;[32mSave 8bb1a9a7-af07-4243-abd2-8933ecbaa39a(uuid9245)
сент. 19, 2025 6:42:50 PM webapp.storage.AbstractStorage save
INFO: &amp#27;[32mSave 172a19e7-48a1-4db5-b702-5667caa79d7c(uuid9246)
сент. 19, 2025 6:42:50 PM webapp.storage.AbstractStorage save
INFO: &amp#27;[32mSave 685ac805-6e15-4b1d-9998-643ebd16e46b(uuid9247)
сент. 19, 2025 6:42:50 PM webapp.storage.AbstractStorage save
INFO: &amp#27;[32mSave 9fd2c892-b482-4596-865c-8690da29af6b(uuid9248)
сент. 19, 2025 6:42:50 PM webapp.storage.AbstractStorage save
INFO: &amp#27;[32mSave 16d12c6b-e8b6-4bb8-89d4-f53335690bcd(uuid9249)
сент. 19, 2025 6:42:50 PM webapp.storage.AbstractStorage save
INFO: &amp#27;[32mSave ef5b213e-fa80-4ff9-9f21-2c4ae6b28ae2(uuid9250)
сент. 19, 2025 6:42:50 PM webapp.storage.AbstractStorage save
INFO: &amp#27;[32mSave 4ebeba29-28ca-4269-a7c7-589d1b186716(uuid9251)
сент. 19, 2025 6:42:50 PM webapp.storage.AbstractStorage save
INFO: &amp#27;[32mSave df449d2f-6467-4700-b3ef-a2c37b982a20(uuid9252)
сент. 19, 2025 6:42:50 PM webapp.storage.AbstractStorage save
INFO: &amp#27;[32mSave 4217bc20-210b-49e0-9d1c-48b03834fcc3(uuid9253)
сент. 19, 2025 6:42:50 PM webapp.storage.AbstractStorage save
INFO: &amp#27;[32mSave 9e4333a6-0bc3-4b02-b425-026968f7d042(uuid9254)
сент. 19, 2025 6:42:50 PM webapp.storage.AbstractStorage save
INFO: &amp#27;[32mSave c19016cf-10f5-4463-98d4-c7f561cc1cd6(uuid9255)
сент. 19, 2025 6:42:50 PM webapp.storage.AbstractStorage save
INFO: &amp#27;[32mSave 2fa8f550-7bb4-4dd8-a5bb-f01e5726ba60(uuid9256)
сент. 19, 2025 6:42:50 PM webapp.storage.AbstractStorage save
INFO: &amp#27;[32mSave 22525dae-a906-4208-9916-0eb9fab313c3(uuid9257)
сент. 19, 2025 6:42:50 PM webapp.storage.AbstractStorage save
INFO: &amp#27;[32mSave 9828ac9c-f9df-4c31-9f28-06755408a6e4(uuid9258)
сент. 19, 2025 6:42:50 PM webapp.storage.AbstractStorage save
INFO: &amp#27;[32mSave 22cdd3ba-6b85-48b6-ba41-f4b0dc3c5b99(uuid9259)
сент. 19, 2025 6:42:50 PM webapp.storage.AbstractStorage save
INFO: &amp#27;[32mSave 939ba229-7fd4-44d3-96b5-b2f0f10080cd(uuid9260)
сент. 19, 2025 6:42:50 PM webapp.storage.AbstractStorage save
INFO: &amp#27;[32mSave 51ee6879-5268-403c-bdd4-d60be52b9fce(uuid9261)
сент. 19, 2025 6:42:50 PM webapp.storage.AbstractStorage save
INFO: &amp#27;[32mSave 60b29ec1-2317-4d00-83be-10a4a0c06f14(uuid9262)
сент. 19, 2025 6:42:50 PM webapp.storage.AbstractStorage save
INFO: &amp#27;[32mSave 717cf0f7-98d2-4ee8-a341-339cd8445c6c(uuid9263)
сент. 19, 2025 6:42:50 PM webapp.storage.AbstractStorage save
INFO: &amp#27;[32mSave 02a87c28-10f9-4008-8748-61ab4623a12a(uuid9264)
сент. 19, 2025 6:42:50 PM webapp.storage.AbstractStorage save
INFO: &amp#27;[32mSave 4927f76b-f0f5-49a9-9621-9651bde6b511(uuid9265)
сент. 19, 2025 6:42:50 PM webapp.storage.AbstractStorage save
INFO: &amp#27;[32mSave 825a1eda-783d-4fdb-b3fd-c9970c174b25(uuid9266)
сент. 19, 2025 6:42:50 PM webapp.storage.AbstractStorage save
INFO: &amp#27;[32mSave 09768ba1-7e54-47bc-a4c0-0c56926caa36(uuid9267)
сент. 19, 2025 6:42:50 PM webapp.storage.AbstractStorage save
INFO: &amp#27;[32mSave df8a063e-9519-436d-925f-f552fc3b4131(uuid9268)
сент. 19, 2025 6:42:50 PM webapp.storage.AbstractStorage save
INFO: &amp#27;[32mSave a467ce8c-6adf-417b-8e0c-121bc4463754(uuid9269)
сент. 19, 2025 6:42:50 PM webapp.storage.AbstractStorage save
INFO: &amp#27;[32mSave fb4ff21a-9801-4634-81f6-906bfb50929f(uuid9270)
сент. 19, 2025 6:42:50 PM webapp.storage.AbstractStorage save
INFO: &amp#27;[32mSave 5c30f795-afa2-4a07-b105-0a2ec288d886(uuid9271)
сент. 19, 2025 6:42:50 PM webapp.storage.AbstractStorage save
INFO: &amp#27;[32mSave 8bb4a05d-2f46-4067-9d32-de8d858cc82b(uuid9272)
сент. 19, 2025 6:42:50 PM webapp.storage.AbstractStorage save
INFO: &amp#27;[32mSave 764e7046-143d-41b3-8de9-4d05bf570472(uuid9273)
сент. 19, 2025 6:42:50 PM webapp.storage.AbstractStorage save
INFO: &amp#27;[32mSave 6c357d37-22c7-411b-9e9d-41ef64881eee(uuid9274)
сент. 19, 2025 6:42:50 PM webapp.storage.AbstractStorage save
INFO: &amp#27;[32mSave 749f9836-2bbb-4a9f-9517-5ce52c2ff095(uuid9275)
сент. 19, 2025 6:42:50 PM webapp.storage.AbstractStorage save
INFO: &amp#27;[32mSave 707be412-f606-493a-9c30-b66d986643ec(uuid9276)
сент. 19, 2025 6:42:50 PM webapp.storage.AbstractStorage save
INFO: &amp#27;[32mSave 3a90b3bb-b900-43f8-86a3-0c09ca04d773(uuid9277)
сент. 19, 2025 6:42:50 PM webapp.storage.AbstractStorage save
INFO: &amp#27;[32mSave 39cbc0cb-e958-4069-970b-67fac5cd5750(uuid9278)
сент. 19, 2025 6:42:50 PM webapp.storage.AbstractStorage save
INFO: &amp#27;[32mSave 2fa3d2bb-045c-4318-a874-45d1477c547d(uuid9279)
сент. 19, 2025 6:42:50 PM webapp.storage.AbstractStorage save
INFO: &amp#27;[32mSave 42a22001-0618-43b9-aceb-ac96fe0a5d4e(uuid9280)
сент. 19, 2025 6:42:50 PM webapp.storage.AbstractStorage save
INFO: &amp#27;[32mSave 5cc8ff81-8bc5-46af-a624-77e5fa1c4369(uuid9281)
сент. 19, 2025 6:42:50 PM webapp.storage.AbstractStorage save
INFO: &amp#27;[32mSave 20dabde0-c7f1-4083-91d5-97fa86b820a6(uuid9282)
сент. 19, 2025 6:42:50 PM webapp.storage.AbstractStorage save
INFO: &amp#27;[32mSave 92f7e334-2626-4556-b53d-7263bc62e8c8(uuid9283)
сент. 19, 2025 6:42:50 PM webapp.storage.AbstractStorage save
INFO: &amp#27;[32mSave 8755f201-2638-4bed-85b8-e3d45316315d(uuid9284)
сент. 19, 2025 6:42:50 PM webapp.storage.AbstractStorage save
INFO: &amp#27;[32mSave 3a61eac6-c621-4bf0-bd87-be48d39d44ed(uuid9285)
сент. 19, 2025 6:42:50 PM webapp.storage.AbstractStorage save
INFO: &amp#27;[32mSave b1e2cf6c-a483-45fd-b8dc-ff24e4664893(uuid9286)
сент. 19, 2025 6:42:50 PM webapp.storage.AbstractStorage save
INFO: &amp#27;[32mSave e6ebabaf-a3aa-4bdc-ace2-45d5ab8d410f(uuid9287)
сент. 19, 2025 6:42:50 PM webapp.storage.AbstractStorage save
INFO: &amp#27;[32mSave cc29565d-35cd-4562-9b8a-499481f5623d(uuid9288)
сент. 19, 2025 6:42:50 PM webapp.storage.AbstractStorage save
INFO: &amp#27;[32mSave 37f7aac6-946f-4c3f-96bd-a74ea5b0fc40(uuid9289)
сент. 19, 2025 6:42:50 PM webapp.storage.AbstractStorage save
INFO: &amp#27;[32mSave f065fc07-1b64-46d5-8712-0f049cc6d507(uuid9290)
сент. 19, 2025 6:42:50 PM webapp.storage.AbstractStorage save
INFO: &amp#27;[32mSave 4e40d75f-daa4-40dd-88df-135420767a82(uuid9291)
сент. 19, 2025 6:42:50 PM webapp.storage.AbstractStorage save
INFO: &amp#27;[32mSave eaa8aac3-4499-45d3-95ea-6784f62b63c2(uuid9292)
сент. 19, 2025 6:42:50 PM webapp.storage.AbstractStorage save
INFO: &amp#27;[32mSave 3cc4ac77-489d-468d-afed-9befb9cfb2e4(uuid9293)
сент. 19, 2025 6:42:50 PM webapp.storage.AbstractStorage save
INFO: &amp#27;[32mSave 7f692926-90a9-4b77-ad6f-7643abe24cac(uuid9294)
сент. 19, 2025 6:42:50 PM webapp.storage.AbstractStorage save
INFO: &amp#27;[32mSave 5f9c0d4a-2d0d-4586-9b37-27e04504b4db(uuid9295)
сент. 19, 2025 6:42:50 PM webapp.storage.AbstractStorage save
INFO: &amp#27;[32mSave 3be3855f-ff54-4626-be91-509bfdf42879(uuid9296)
сент. 19, 2025 6:42:50 PM webapp.storage.AbstractStorage save
INFO: &amp#27;[32mSave 9b48ab91-534e-4d18-996a-316510f611b3(uuid9297)
сент. 19, 2025 6:42:50 PM webapp.storage.AbstractStorage save
INFO: &amp#27;[32mSave 17720c24-2117-4bfb-a3de-d9d5a16c9bba(uuid9298)
сент. 19, 2025 6:42:50 PM webapp.storage.AbstractStorage save
INFO: &amp#27;[32mSave 4631dc2a-f50d-46a8-bf42-5217ef63dec9(uuid9299)
сент. 19, 2025 6:42:50 PM webapp.storage.AbstractStorage save
INFO: &amp#27;[32mSave 6c162748-9f8e-47c1-b988-bed5d1152e1a(uuid9300)
сент. 19, 2025 6:42:50 PM webapp.storage.AbstractStorage save
INFO: &amp#27;[32mSave a2e03c51-4597-4f52-b207-f83522978ecd(uuid9301)
сент. 19, 2025 6:42:50 PM webapp.storage.AbstractStorage save
INFO: &amp#27;[32mSave 409483d7-d5b4-433b-9ff5-8efb471c8583(uuid9302)
сент. 19, 2025 6:42:50 PM webapp.storage.AbstractStorage save
INFO: &amp#27;[32mSave 5b2b341d-07db-495c-809a-b06a33eb9660(uuid9303)
сент. 19, 2025 6:42:50 PM webapp.storage.AbstractStorage save
INFO: &amp#27;[32mSave 0247336d-3a87-47f2-a7d3-9cfbbfbd67dd(uuid9304)
сент. 19, 2025 6:42:50 PM webapp.storage.AbstractStorage save
INFO: &amp#27;[32mSave 3004d03f-104e-4801-ae65-65691df1875d(uuid9305)
сент. 19, 2025 6:42:50 PM webapp.storage.AbstractStorage save
INFO: &amp#27;[32mSave 4cbdff40-9960-485c-ab20-9a92896a35e5(uuid9306)
сент. 19, 2025 6:42:50 PM webapp.storage.AbstractStorage save
INFO: &amp#27;[32mSave cfe1eb18-bf1c-4789-826d-929e15b7c919(uuid9307)
сент. 19, 2025 6:42:50 PM webapp.storage.AbstractStorage save
INFO: &amp#27;[32mSave e25bd2a6-a1b8-427b-9d47-14a67f23691f(uuid9308)
сент. 19, 2025 6:42:50 PM webapp.storage.AbstractStorage save
INFO: &amp#27;[32mSave a2760041-e87d-4bed-bddc-fb0a853a63f1(uuid9309)
сент. 19, 2025 6:42:50 PM webapp.storage.AbstractStorage save
INFO: &amp#27;[32mSave b5ce9ef9-fbcb-4b22-bcee-18ce7e90a8e7(uuid9310)
сент. 19, 2025 6:42:50 PM webapp.storage.AbstractStorage save
INFO: &amp#27;[32mSave cadb0ce5-447b-42b9-8249-5c714d3512c4(uuid9311)
сент. 19, 2025 6:42:50 PM webapp.storage.AbstractStorage save
INFO: &amp#27;[32mSave 0fa91eb1-8fcd-41a2-a6fd-8838dd7c2951(uuid9312)
сент. 19, 2025 6:42:50 PM webapp.storage.AbstractStorage save
INFO: &amp#27;[32mSave 804958c8-d183-4b20-889c-1e88969a1c34(uuid9313)
сент. 19, 2025 6:42:50 PM webapp.storage.AbstractStorage save
INFO: &amp#27;[32mSave 5187cc2c-5d19-4352-a450-5ecf6a75df0c(uuid9314)
сент. 19, 2025 6:42:50 PM webapp.storage.AbstractStorage save
INFO: &amp#27;[32mSave bf5b138c-08bb-4e31-b9b1-6a3570f25dc6(uuid9315)
сент. 19, 2025 6:42:50 PM webapp.storage.AbstractStorage save
INFO: &amp#27;[32mSave 7852b4cd-66e9-4045-8be2-663ec2f1a637(uuid9316)
сент. 19, 2025 6:42:50 PM webapp.storage.AbstractStorage save
INFO: &amp#27;[32mSave a01b2507-9d7a-4bc0-839c-9ded192c101c(uuid9317)
сент. 19, 2025 6:42:50 PM webapp.storage.AbstractStorage save
INFO: &amp#27;[32mSave 51e63786-d4b3-41d4-bcf8-f3167e315487(uuid9318)
сент. 19, 2025 6:42:50 PM webapp.storage.AbstractStorage save
INFO: &amp#27;[32mSave 6857c8c3-a497-4412-8452-217aa954e4ad(uuid9319)
сент. 19, 2025 6:42:50 PM webapp.storage.AbstractStorage save
INFO: &amp#27;[32mSave 93c960ad-009b-403f-9dea-e0fa980cceec(uuid9320)
сент. 19, 2025 6:42:50 PM webapp.storage.AbstractStorage save
INFO: &amp#27;[32mSave 23de192d-0c9c-4804-97e7-f0ae8d87e2a1(uuid9321)
сент. 19, 2025 6:42:50 PM webapp.storage.AbstractStorage save
INFO: &amp#27;[32mSave 272148c7-dfbf-41f9-88f8-a8e689ebd66c(uuid9322)
сент. 19, 2025 6:42:50 PM webapp.storage.AbstractStorage save
INFO: &amp#27;[32mSave c18dc628-ca04-4cf0-bfee-cbdb441add96(uuid9323)
сент. 19, 2025 6:42:50 PM webapp.storage.AbstractStorage save
INFO: &amp#27;[32mSave f1dadb85-19a4-4d35-bd1c-b31d6c62d52d(uuid9324)
сент. 19, 2025 6:42:50 PM webapp.storage.AbstractStorage save
INFO: &amp#27;[32mSave f70c4a4d-aa0e-468b-a140-99665e32ae44(uuid9325)
сент. 19, 2025 6:42:50 PM webapp.storage.AbstractStorage save
INFO: &amp#27;[32mSave 07830c8d-6e38-4ba8-827b-0afc7b8068a9(uuid9326)
сент. 19, 2025 6:42:50 PM webapp.storage.AbstractStorage save
INFO: &amp#27;[32mSave 81e76dd6-0c26-40e6-b6ce-5a18cda07393(uuid9327)
сент. 19, 2025 6:42:50 PM webapp.storage.AbstractStorage save
INFO: &amp#27;[32mSave 06c0d1e1-8035-4901-aa73-8273d2947f63(uuid9328)
сент. 19, 2025 6:42:50 PM webapp.storage.AbstractStorage save
INFO: &amp#27;[32mSave 411a444c-c037-48ce-aabe-bda7db580d7b(uuid9329)
сент. 19, 2025 6:42:50 PM webapp.storage.AbstractStorage save
INFO: &amp#27;[32mSave c556b106-5581-4b43-b4e5-7536b927f77f(uuid9330)
сент. 19, 2025 6:42:50 PM webapp.storage.AbstractStorage save
INFO: &amp#27;[32mSave 8df17309-1c93-4502-a247-e7401dc538d9(uuid9331)
сент. 19, 2025 6:42:50 PM webapp.storage.AbstractStorage save
INFO: &amp#27;[32mSave 127e3fd5-64df-48be-9eda-6cd12ee8d868(uuid9332)
сент. 19, 2025 6:42:50 PM webapp.storage.AbstractStorage save
INFO: &amp#27;[32mSave 10105a0d-68fa-46e8-b670-efd3dbe0cf00(uuid9333)
сент. 19, 2025 6:42:50 PM webapp.storage.AbstractStorage save
INFO: &amp#27;[32mSave 6d3b461b-2f9b-4a97-99ca-26db78da3aec(uuid9334)
сент. 19, 2025 6:42:50 PM webapp.storage.AbstractStorage save
INFO: &amp#27;[32mSave bc29613c-f835-4627-89de-18e0e1fda720(uuid9335)
сент. 19, 2025 6:42:50 PM webapp.storage.AbstractStorage save
INFO: &amp#27;[32mSave bcf600e1-8fa9-4959-a85f-e9cdd4782c69(uuid9336)
сент. 19, 2025 6:42:50 PM webapp.storage.AbstractStorage save
INFO: &amp#27;[32mSave f14f6469-0eb9-4441-9bbc-7df725b814d2(uuid9337)
сент. 19, 2025 6:42:50 PM webapp.storage.AbstractStorage save
INFO: &amp#27;[32mSave 52f017c6-5540-447b-98de-d4c1d08e5716(uuid9338)
сент. 19, 2025 6:42:50 PM webapp.storage.AbstractStorage save
INFO: &amp#27;[32mSave cff678e4-2357-42b5-be1b-a522183bbdb1(uuid9339)
сент. 19, 2025 6:42:50 PM webapp.storage.AbstractStorage save
INFO: &amp#27;[32mSave f14e883d-d1b3-4417-818b-c926314ff988(uuid9340)
сент. 19, 2025 6:42:50 PM webapp.storage.AbstractStorage save
INFO: &amp#27;[32mSave f2c67ce6-832c-43c0-a47e-e7dcf9a69ddb(uuid9341)
сент. 19, 2025 6:42:50 PM webapp.storage.AbstractStorage save
INFO: &amp#27;[32mSave 95bb7592-b168-4c57-bc7b-4bbb5923d390(uuid9342)
сент. 19, 2025 6:42:50 PM webapp.storage.AbstractStorage save
INFO: &amp#27;[32mSave 66b9d25d-619b-46b3-b78e-a9fe2e55ce98(uuid9343)
сент. 19, 2025 6:42:50 PM webapp.storage.AbstractStorage save
INFO: &amp#27;[32mSave 8c4ae4bf-73f1-4176-95e3-de81d1eee570(uuid9344)
сент. 19, 2025 6:42:50 PM webapp.storage.AbstractStorage save
INFO: &amp#27;[32mSave 0c306498-91bb-4721-a712-b2a5f8c31d93(uuid9345)
сент. 19, 2025 6:42:50 PM webapp.storage.AbstractStorage save
INFO: &amp#27;[32mSave bea86110-1de5-4755-902d-7877528854f1(uuid9346)
сент. 19, 2025 6:42:50 PM webapp.storage.AbstractStorage save
INFO: &amp#27;[32mSave 954b2dcd-7454-4a21-830f-b3e1bdc8a74a(uuid9347)
сент. 19, 2025 6:42:50 PM webapp.storage.AbstractStorage save
INFO: &amp#27;[32mSave 9ca87cbd-8f77-4c28-b1e2-23a8159e7f09(uuid9348)
сент. 19, 2025 6:42:50 PM webapp.storage.AbstractStorage save
INFO: &amp#27;[32mSave de5c174a-952a-494c-bc99-cf0b73adcabb(uuid9349)
сент. 19, 2025 6:42:50 PM webapp.storage.AbstractStorage save
INFO: &amp#27;[32mSave 146e5927-4733-4b92-b46d-d07eebc7b1eb(uuid9350)
сент. 19, 2025 6:42:50 PM webapp.storage.AbstractStorage save
INFO: &amp#27;[32mSave 07725e9f-b41e-4000-8974-3e6548ec9d4f(uuid9351)
сент. 19, 2025 6:42:50 PM webapp.storage.AbstractStorage save
INFO: &amp#27;[32mSave 30fddf0e-24ac-4fe7-aa5d-f909918fb91f(uuid9352)
сент. 19, 2025 6:42:50 PM webapp.storage.AbstractStorage save
INFO: &amp#27;[32mSave 66b0ab8e-378a-4b49-a6e9-3b2135364b3f(uuid9353)
сент. 19, 2025 6:42:50 PM webapp.storage.AbstractStorage save
INFO: &amp#27;[32mSave 6de733cc-dfc5-453c-b7ee-d85026c5e863(uuid9354)
сент. 19, 2025 6:42:50 PM webapp.storage.AbstractStorage save
INFO: &amp#27;[32mSave 9e5c7568-d01d-48c9-afd5-ae5da7dba0d9(uuid9355)
сент. 19, 2025 6:42:50 PM webapp.storage.AbstractStorage save
INFO: &amp#27;[32mSave 48b114d2-098c-4d15-a30a-2bce17470948(uuid9356)
сент. 19, 2025 6:42:50 PM webapp.storage.AbstractStorage save
INFO: &amp#27;[32mSave d9d85701-4f90-4d2b-85b5-e916327d4adc(uuid9357)
сент. 19, 2025 6:42:50 PM webapp.storage.AbstractStorage save
INFO: &amp#27;[32mSave 821ebf3d-e990-415b-a588-f61b3ce3b3e6(uuid9358)
сент. 19, 2025 6:42:50 PM webapp.storage.AbstractStorage save
INFO: &amp#27;[32mSave eacf3586-d845-4743-b7f5-5353ef38e2b6(uuid9359)
сент. 19, 2025 6:42:50 PM webapp.storage.AbstractStorage save
INFO: &amp#27;[32mSave 15cb942d-7590-436c-8036-a0e9c8ea6e77(uuid9360)
сент. 19, 2025 6:42:50 PM webapp.storage.AbstractStorage save
INFO: &amp#27;[32mSave 1297c8b2-c98c-45b9-b7fe-ba445e90a86b(uuid9361)
сент. 19, 2025 6:42:50 PM webapp.storage.AbstractStorage save
INFO: &amp#27;[32mSave 708cb95d-4b74-4bfd-9377-2d47cb829216(uuid9362)
сент. 19, 2025 6:42:50 PM webapp.storage.AbstractStorage save
INFO: &amp#27;[32mSave 87933bc0-fbf3-4025-a9d8-4359fe280af1(uuid9363)
сент. 19, 2025 6:42:50 PM webapp.storage.AbstractStorage save
INFO: &amp#27;[32mSave 413ad1cb-7120-452c-83db-4fc9c7f5f9c6(uuid9364)
сент. 19, 2025 6:42:50 PM webapp.storage.AbstractStorage save
INFO: &amp#27;[32mSave 75a831a0-5cfc-4127-8947-14a5c63d5895(uuid9365)
сент. 19, 2025 6:42:50 PM webapp.storage.AbstractStorage save
INFO: &amp#27;[32mSave 3513a976-5357-479b-aef9-755a81540b30(uuid9366)
сент. 19, 2025 6:42:50 PM webapp.storage.AbstractStorage save
INFO: &amp#27;[32mSave 9542c6ab-edd4-4bb4-8f20-ab69f71efed9(uuid9367)
сент. 19, 2025 6:42:50 PM webapp.storage.AbstractStorage save
INFO: &amp#27;[32mSave 4841ccf4-0b6c-43d1-9120-eaaeec8dda05(uuid9368)
сент. 19, 2025 6:42:50 PM webapp.storage.AbstractStorage save
INFO: &amp#27;[32mSave e43be62c-22c3-40dd-9987-f47505e035fd(uuid9369)
сент. 19, 2025 6:42:50 PM webapp.storage.AbstractStorage save
INFO: &amp#27;[32mSave f9640ac4-8e72-4609-8f22-21d474489838(uuid9370)
сент. 19, 2025 6:42:50 PM webapp.storage.AbstractStorage save
INFO: &amp#27;[32mSave eb68725d-579e-4d10-8c58-39b0371d5275(uuid9371)
сент. 19, 2025 6:42:50 PM webapp.storage.AbstractStorage save
INFO: &amp#27;[32mSave fd72ca74-bf30-4ad8-94c7-7756a28a80d8(uuid9372)
сент. 19, 2025 6:42:50 PM webapp.storage.AbstractStorage save
INFO: &amp#27;[32mSave 03aa3058-82fe-42b4-afac-f3afd4721a80(uuid9373)
сент. 19, 2025 6:42:50 PM webapp.storage.AbstractStorage save
INFO: &amp#27;[32mSave 8ebdb286-7b9c-48b5-9d7e-505cee39e272(uuid9374)
сент. 19, 2025 6:42:50 PM webapp.storage.AbstractStorage save
INFO: &amp#27;[32mSave 3bd3ef8a-8ef2-4af8-9f4d-565cb30d5d88(uuid9375)
сент. 19, 2025 6:42:50 PM webapp.storage.AbstractStorage save
INFO: &amp#27;[32mSave cad65acc-af40-4b83-a9cd-9e4af02a5bb9(uuid9376)
сент. 19, 2025 6:42:50 PM webapp.storage.AbstractStorage save
INFO: &amp#27;[32mSave 4c596782-2a64-4622-af78-b0d211da5afe(uuid9377)
сент. 19, 2025 6:42:50 PM webapp.storage.AbstractStorage save
INFO: &amp#27;[32mSave 23209216-3d37-4f85-8b9b-ba2bdf84c10b(uuid9378)
сент. 19, 2025 6:42:50 PM webapp.storage.AbstractStorage save
INFO: &amp#27;[32mSave c664b74b-4a0e-4020-9a10-a75812af335f(uuid9379)
сент. 19, 2025 6:42:50 PM webapp.storage.AbstractStorage save
INFO: &amp#27;[32mSave 226b252d-04b7-4a7f-b365-1c84093896f7(uuid9380)
сент. 19, 2025 6:42:50 PM webapp.storage.AbstractStorage save
INFO: &amp#27;[32mSave 62c094ea-98aa-4c76-8da3-4944ea260152(uuid9381)
сент. 19, 2025 6:42:50 PM webapp.storage.AbstractStorage save
INFO: &amp#27;[32mSave ed1c9de3-6f2b-430a-b0ec-8d948dc538b7(uuid9382)
сент. 19, 2025 6:42:50 PM webapp.storage.AbstractStorage save
INFO: &amp#27;[32mSave 23952894-c2b7-43a4-b19c-725a3a6ac84d(uuid9383)
сент. 19, 2025 6:42:50 PM webapp.storage.AbstractStorage save
INFO: &amp#27;[32mSave 397d0307-3770-48bb-8794-54c34cd8f49a(uuid9384)
сент. 19, 2025 6:42:50 PM webapp.storage.AbstractStorage save
INFO: &amp#27;[32mSave 8fed1c27-aa24-4a87-9418-59fb5ce0b221(uuid9385)
сент. 19, 2025 6:42:50 PM webapp.storage.AbstractStorage save
INFO: &amp#27;[32mSave ec5a3b71-65d8-4a04-b361-2adaab6d47fe(uuid9386)
сент. 19, 2025 6:42:50 PM webapp.storage.AbstractStorage save
INFO: &amp#27;[32mSave d6452c91-21cd-4cc2-a3cc-2f7df2006ae3(uuid9387)
сент. 19, 2025 6:42:50 PM webapp.storage.AbstractStorage save
INFO: &amp#27;[32mSave 37b45efc-1d89-4bb4-9064-6ce6ba891edc(uuid9388)
сент. 19, 2025 6:42:50 PM webapp.storage.AbstractStorage save
INFO: &amp#27;[32mSave 812a0ddc-e92f-4c3b-8b79-548e6d3e9b5f(uuid9389)
сент. 19, 2025 6:42:50 PM webapp.storage.AbstractStorage save
INFO: &amp#27;[32mSave c687662f-bd6d-4427-beca-5168b7e69bc4(uuid9390)
сент. 19, 2025 6:42:50 PM webapp.storage.AbstractStorage save
INFO: &amp#27;[32mSave 5dfcd253-23c0-4ebd-a3eb-8fbd12bd5536(uuid9391)
сент. 19, 2025 6:42:50 PM webapp.storage.AbstractStorage save
INFO: &amp#27;[32mSave 64e6c46b-2f9f-4b6a-a09e-774e92e04ec1(uuid9392)
сент. 19, 2025 6:42:50 PM webapp.storage.AbstractStorage save
INFO: &amp#27;[32mSave 7a36c58a-1e88-4140-b08d-aa284d8019ea(uuid9393)
сент. 19, 2025 6:42:50 PM webapp.storage.AbstractStorage save
INFO: &amp#27;[32mSave 7371debd-0d1b-41d6-9e97-64018fbc1c76(uuid9394)
сент. 19, 2025 6:42:50 PM webapp.storage.AbstractStorage save
INFO: &amp#27;[32mSave 28fb43ef-57c3-4f51-ad17-d26f3c4680a2(uuid9395)
сент. 19, 2025 6:42:50 PM webapp.storage.AbstractStorage save
INFO: &amp#27;[32mSave 925fbcc8-a1e9-4786-958b-cb7747773c30(uuid9396)
сент. 19, 2025 6:42:50 PM webapp.storage.AbstractStorage save
INFO: &amp#27;[32mSave ed8d2094-2c9b-4bb0-99aa-0c5248b794ee(uuid9397)
сент. 19, 2025 6:42:50 PM webapp.storage.AbstractStorage save
INFO: &amp#27;[32mSave 4d5437b9-e509-4e06-afe5-88e1b6d9b50c(uuid9398)
сент. 19, 2025 6:42:50 PM webapp.storage.AbstractStorage save
INFO: &amp#27;[32mSave 4fd6680b-1aef-4a87-988e-e2682454ae2b(uuid9399)
сент. 19, 2025 6:42:50 PM webapp.storage.AbstractStorage save
INFO: &amp#27;[32mSave 819d9a83-82dd-46e3-bc83-7c3bae92d235(uuid9400)
сент. 19, 2025 6:42:50 PM webapp.storage.AbstractStorage save
INFO: &amp#27;[32mSave 51b3ee99-4bf8-4ad9-ac4b-1b92f1e5f6b4(uuid9401)
сент. 19, 2025 6:42:50 PM webapp.storage.AbstractStorage save
INFO: &amp#27;[32mSave 7146fb2f-b868-4120-83e4-fd073a037506(uuid9402)
сент. 19, 2025 6:42:50 PM webapp.storage.AbstractStorage save
INFO: &amp#27;[32mSave a23c4549-a0b7-416b-a70e-15b083e0607b(uuid9403)
сент. 19, 2025 6:42:50 PM webapp.storage.AbstractStorage save
INFO: &amp#27;[32mSave afdb38ea-ea49-4e49-8496-8c7309a1d90c(uuid9404)
сент. 19, 2025 6:42:50 PM webapp.storage.AbstractStorage save
INFO: &amp#27;[32mSave 0f352bfb-0869-4d95-b72f-b3047e39b5b5(uuid9405)
сент. 19, 2025 6:42:50 PM webapp.storage.AbstractStorage save
INFO: &amp#27;[32mSave b7c1b3b5-cdf7-4485-aae0-dfe0b285fe6e(uuid9406)
сент. 19, 2025 6:42:50 PM webapp.storage.AbstractStorage save
INFO: &amp#27;[32mSave a418d1ce-8426-4596-821a-26741a5abe4a(uuid9407)
сент. 19, 2025 6:42:50 PM webapp.storage.AbstractStorage save
INFO: &amp#27;[32mSave 12a55ea5-5041-4ff6-b6f3-2821129dc075(uuid9408)
сент. 19, 2025 6:42:50 PM webapp.storage.AbstractStorage save
INFO: &amp#27;[32mSave bc466c34-6023-498b-867c-ab4a19acfdb1(uuid9409)
сент. 19, 2025 6:42:50 PM webapp.storage.AbstractStorage save
INFO: &amp#27;[32mSave d1452c0a-d791-49cc-b4f7-8600b4143404(uuid9410)
сент. 19, 2025 6:42:50 PM webapp.storage.AbstractStorage save
INFO: &amp#27;[32mSave 51ebd114-eb15-4f61-8b1b-2bf2bab09bec(uuid9411)
сент. 19, 2025 6:42:50 PM webapp.storage.AbstractStorage save
INFO: &amp#27;[32mSave 7acdbe5e-22ac-40e1-9388-dade234d8edd(uuid9412)
сент. 19, 2025 6:42:50 PM webapp.storage.AbstractStorage save
INFO: &amp#27;[32mSave a5b3715d-9f21-4ce0-a62a-ef6afe2bf8df(uuid9413)
сент. 19, 2025 6:42:50 PM webapp.storage.AbstractStorage save
INFO: &amp#27;[32mSave 3d8f3299-e7cc-4eed-bfe9-63a94f7b52ba(uuid9414)
сент. 19, 2025 6:42:50 PM webapp.storage.AbstractStorage save
INFO: &amp#27;[32mSave 069af203-5e7d-4c0f-9f71-a31571277c14(uuid9415)
сент. 19, 2025 6:42:50 PM webapp.storage.AbstractStorage save
INFO: &amp#27;[32mSave f0af64e1-077a-4152-9bbb-54ae56ce1969(uuid9416)
сент. 19, 2025 6:42:50 PM webapp.storage.AbstractStorage save
INFO: &amp#27;[32mSave 7a33cc85-7dd8-479b-90b2-5a5be6afc5d0(uuid9417)
сент. 19, 2025 6:42:50 PM webapp.storage.AbstractStorage save
INFO: &amp#27;[32mSave 99371118-1247-4975-b7b2-bdebd1323acd(uuid9418)
сент. 19, 2025 6:42:50 PM webapp.storage.AbstractStorage save
INFO: &amp#27;[32mSave 790b7339-b7c1-4c89-b728-ac67afde6bea(uuid9419)
сент. 19, 2025 6:42:50 PM webapp.storage.AbstractStorage save
INFO: &amp#27;[32mSave 693d97b6-6e61-47f7-8178-70f082abf09a(uuid9420)
сент. 19, 2025 6:42:50 PM webapp.storage.AbstractStorage save
INFO: &amp#27;[32mSave 6faa0a10-d489-451d-90c0-7105a2741a1d(uuid9421)
сент. 19, 2025 6:42:50 PM webapp.storage.AbstractStorage save
INFO: &amp#27;[32mSave 5871b301-0c0c-453c-bf29-d4d39ba2c7af(uuid9422)
сент. 19, 2025 6:42:50 PM webapp.storage.AbstractStorage save
INFO: &amp#27;[32mSave 616b11f8-57a3-4b5e-9e8b-5fb4c1f89987(uuid9423)
сент. 19, 2025 6:42:50 PM webapp.storage.AbstractStorage save
INFO: &amp#27;[32mSave 18fe383b-4f6f-4905-a93b-ae258d998110(uuid9424)
сент. 19, 2025 6:42:50 PM webapp.storage.AbstractStorage save
INFO: &amp#27;[32mSave cc413dae-af53-4a2b-a2e0-60bbfc8b5444(uuid9425)
сент. 19, 2025 6:42:50 PM webapp.storage.AbstractStorage save
INFO: &amp#27;[32mSave 0b12a627-1710-4411-9375-ee8c46307478(uuid9426)
сент. 19, 2025 6:42:50 PM webapp.storage.AbstractStorage save
INFO: &amp#27;[32mSave 81742098-eb75-4739-8aa4-5190d1d6887d(uuid9427)
сент. 19, 2025 6:42:50 PM webapp.storage.AbstractStorage save
INFO: &amp#27;[32mSave 3946c00a-25b4-4a63-856a-4ab631f1a12f(uuid9428)
сент. 19, 2025 6:42:50 PM webapp.storage.AbstractStorage save
INFO: &amp#27;[32mSave d0f913c4-7936-433c-8ea6-1d20b2a36361(uuid9429)
сент. 19, 2025 6:42:50 PM webapp.storage.AbstractStorage save
INFO: &amp#27;[32mSave d0759fed-5c45-4aa3-a318-c5ec11c5454d(uuid9430)
сент. 19, 2025 6:42:50 PM webapp.storage.AbstractStorage save
INFO: &amp#27;[32mSave 4968b846-1b0a-4d0f-aca8-6e01a0a064f6(uuid9431)
сент. 19, 2025 6:42:50 PM webapp.storage.AbstractStorage save
INFO: &amp#27;[32mSave 1dc6c6e7-875e-4f8c-9f63-a346d5b0c57a(uuid9432)
сент. 19, 2025 6:42:50 PM webapp.storage.AbstractStorage save
INFO: &amp#27;[32mSave cd7ca6f0-6083-4c4f-90fa-5f71e639a13a(uuid9433)
сент. 19, 2025 6:42:50 PM webapp.storage.AbstractStorage save
INFO: &amp#27;[32mSave 809592b4-415a-474b-a4f1-8d44cda37f64(uuid9434)
сент. 19, 2025 6:42:50 PM webapp.storage.AbstractStorage save
INFO: &amp#27;[32mSave 0dc6ffff-b83e-4814-bf01-94c588150158(uuid9435)
сент. 19, 2025 6:42:50 PM webapp.storage.AbstractStorage save
INFO: &amp#27;[32mSave 368040c0-41ae-45cf-9ab9-8320127ed408(uuid9436)
сент. 19, 2025 6:42:50 PM webapp.storage.AbstractStorage save
INFO: &amp#27;[32mSave ec6cd44c-5dd8-4fa5-9e8a-8b4b2114d924(uuid9437)
сент. 19, 2025 6:42:50 PM webapp.storage.AbstractStorage save
INFO: &amp#27;[32mSave 929f45e9-2f26-4788-9ae0-03a98301ad3b(uuid9438)
сент. 19, 2025 6:42:50 PM webapp.storage.AbstractStorage save
INFO: &amp#27;[32mSave 24378727-6761-4732-9d66-51b293c892e4(uuid9439)
сент. 19, 2025 6:42:50 PM webapp.storage.AbstractStorage save
INFO: &amp#27;[32mSave 79ef97a0-6dbf-47b3-bae7-1e7c9e7a907e(uuid9440)
сент. 19, 2025 6:42:50 PM webapp.storage.AbstractStorage save
INFO: &amp#27;[32mSave dd28fde7-f60b-4a8f-8a1c-baaaa4f49298(uuid9441)
сент. 19, 2025 6:42:50 PM webapp.storage.AbstractStorage save
INFO: &amp#27;[32mSave 0c68af99-14ae-4d96-837f-96d804a14d6e(uuid9442)
сент. 19, 2025 6:42:50 PM webapp.storage.AbstractStorage save
INFO: &amp#27;[32mSave 3610ce72-bfbf-4826-beb9-2d5baf5330cf(uuid9443)
сент. 19, 2025 6:42:50 PM webapp.storage.AbstractStorage save
INFO: &amp#27;[32mSave 7a1ab00a-6bdb-40d3-929e-a81f6c86c6a5(uuid9444)
сент. 19, 2025 6:42:50 PM webapp.storage.AbstractStorage save
INFO: &amp#27;[32mSave 2b8fccb3-7b32-4e32-8e57-e9bb4320b663(uuid9445)
сент. 19, 2025 6:42:50 PM webapp.storage.AbstractStorage save
INFO: &amp#27;[32mSave 747000ee-07cf-4740-97b6-212dfefdf64e(uuid9446)
сент. 19, 2025 6:42:50 PM webapp.storage.AbstractStorage save
INFO: &amp#27;[32mSave 4fa6bc4b-2052-4384-a7c7-7e988fb92e23(uuid9447)
сент. 19, 2025 6:42:50 PM webapp.storage.AbstractStorage save
INFO: &amp#27;[32mSave bff08687-1a0e-41cd-9a4d-d425ea3f1b85(uuid9448)
сент. 19, 2025 6:42:50 PM webapp.storage.AbstractStorage save
INFO: &amp#27;[32mSave a3113ff8-d737-454d-887d-5de6e35b2065(uuid9449)
сент. 19, 2025 6:42:50 PM webapp.storage.AbstractStorage save
INFO: &amp#27;[32mSave 6c53426a-268e-4b6e-a482-9596e360fe15(uuid9450)
сент. 19, 2025 6:42:50 PM webapp.storage.AbstractStorage save
INFO: &amp#27;[32mSave 246c9d2a-31ee-4dd6-bf78-6b6a019eadba(uuid9451)
сент. 19, 2025 6:42:50 PM webapp.storage.AbstractStorage save
INFO: &amp#27;[32mSave 2cfca329-b74f-44bf-8bdf-07368b92def0(uuid9452)
сент. 19, 2025 6:42:50 PM webapp.storage.AbstractStorage save
INFO: &amp#27;[32mSave b6c5d2d8-df65-4fe5-8b9c-e4da7c326a96(uuid9453)
сент. 19, 2025 6:42:50 PM webapp.storage.AbstractStorage save
INFO: &amp#27;[32mSave 87152815-9244-4a22-b657-06d343e35346(uuid9454)
сент. 19, 2025 6:42:50 PM webapp.storage.AbstractStorage save
INFO: &amp#27;[32mSave 715d1fd0-624f-40b1-8391-625999857c80(uuid9455)
сент. 19, 2025 6:42:50 PM webapp.storage.AbstractStorage save
INFO: &amp#27;[32mSave 44ee0e02-3b45-443b-a744-ceaa6f68d9c9(uuid9456)
сент. 19, 2025 6:42:50 PM webapp.storage.AbstractStorage save
INFO: &amp#27;[32mSave 21da2c3e-22c8-466d-b009-a0694d2d316f(uuid9457)
сент. 19, 2025 6:42:50 PM webapp.storage.AbstractStorage save
INFO: &amp#27;[32mSave db768290-0901-4df4-9824-8b195301d951(uuid9458)
сент. 19, 2025 6:42:50 PM webapp.storage.AbstractStorage save
INFO: &amp#27;[32mSave 86934537-df38-4d0a-8453-1b074e9071d3(uuid9459)
сент. 19, 2025 6:42:50 PM webapp.storage.AbstractStorage save
INFO: &amp#27;[32mSave 8d40d521-1b36-4611-a3d9-600d1ea4c8ff(uuid9460)
сент. 19, 2025 6:42:50 PM webapp.storage.AbstractStorage save
INFO: &amp#27;[32mSave 830fa03a-e5b3-4bef-b1c3-8dcfc9990b64(uuid9461)
сент. 19, 2025 6:42:50 PM webapp.storage.AbstractStorage save
INFO: &amp#27;[32mSave 22aaab89-0ec3-464f-b66b-3cc3bb2b60e2(uuid9462)
сент. 19, 2025 6:42:50 PM webapp.storage.AbstractStorage save
INFO: &amp#27;[32mSave 5ca60dbb-b244-4090-8798-e33cc28f55b2(uuid9463)
сент. 19, 2025 6:42:50 PM webapp.storage.AbstractStorage save
INFO: &amp#27;[32mSave d2ed4d27-1fba-4140-8616-9b04f4e2e75f(uuid9464)
сент. 19, 2025 6:42:50 PM webapp.storage.AbstractStorage save
INFO: &amp#27;[32mSave c6adbf09-e782-4011-b3d7-651e57fec226(uuid9465)
сент. 19, 2025 6:42:50 PM webapp.storage.AbstractStorage save
INFO: &amp#27;[32mSave f7900680-e488-4b0e-8763-bd800fa2025e(uuid9466)
сент. 19, 2025 6:42:50 PM webapp.storage.AbstractStorage save
INFO: &amp#27;[32mSave d620c166-ac94-4af4-848f-5b667c621aef(uuid9467)
сент. 19, 2025 6:42:50 PM webapp.storage.AbstractStorage save
INFO: &amp#27;[32mSave b0f38ce2-f8d9-4df4-8020-7dc7487343a2(uuid9468)
сент. 19, 2025 6:42:50 PM webapp.storage.AbstractStorage save
INFO: &amp#27;[32mSave 732ab9fa-32f0-4f6d-9e70-c9abd388140a(uuid9469)
сент. 19, 2025 6:42:50 PM webapp.storage.AbstractStorage save
INFO: &amp#27;[32mSave 766eb37e-01be-4f50-bfb3-4e12bf2b2205(uuid9470)
сент. 19, 2025 6:42:50 PM webapp.storage.AbstractStorage save
INFO: &amp#27;[32mSave f96e681d-af9f-454e-a48e-907165aa4e25(uuid9471)
сент. 19, 2025 6:42:50 PM webapp.storage.AbstractStorage save
INFO: &amp#27;[32mSave 9e25c270-6eb7-44c5-a251-22895d9a39c6(uuid9472)
сент. 19, 2025 6:42:50 PM webapp.storage.AbstractStorage save
INFO: &amp#27;[32mSave 900e2945-56b2-48f6-bcc4-01b7696de6b1(uuid9473)
сент. 19, 2025 6:42:50 PM webapp.storage.AbstractStorage save
INFO: &amp#27;[32mSave 11d3675e-469b-4e05-bae9-7ffa5e274f24(uuid9474)
сент. 19, 2025 6:42:50 PM webapp.storage.AbstractStorage save
INFO: &amp#27;[32mSave a18c4cf0-4f65-4672-8dcf-5b32f568e6f9(uuid9475)
сент. 19, 2025 6:42:50 PM webapp.storage.AbstractStorage save
INFO: &amp#27;[32mSave 3c2f46b3-19d7-4aa8-822d-549f5fb98576(uuid9476)
сент. 19, 2025 6:42:50 PM webapp.storage.AbstractStorage save
INFO: &amp#27;[32mSave 9335f2ab-c60a-4798-b180-6c5483473c24(uuid9477)
сент. 19, 2025 6:42:50 PM webapp.storage.AbstractStorage save
INFO: &amp#27;[32mSave 49686b1d-3eeb-4e32-9103-f3b2b994655c(uuid9478)
сент. 19, 2025 6:42:50 PM webapp.storage.AbstractStorage save
INFO: &amp#27;[32mSave 9b62fc05-486d-4c12-8a67-a258792e8e6e(uuid9479)
сент. 19, 2025 6:42:50 PM webapp.storage.AbstractStorage save
INFO: &amp#27;[32mSave f2c69c32-6485-4694-bdac-833df2333e57(uuid9480)
сент. 19, 2025 6:42:50 PM webapp.storage.AbstractStorage save
INFO: &amp#27;[32mSave 49dc8e23-6de8-427c-9664-a813f69cb382(uuid9481)
сент. 19, 2025 6:42:50 PM webapp.storage.AbstractStorage save
INFO: &amp#27;[32mSave 0635efb3-c2ff-41cc-a24a-59f7b96611c4(uuid9482)
сент. 19, 2025 6:42:50 PM webapp.storage.AbstractStorage save
INFO: &amp#27;[32mSave 0ed3281f-69c3-4d34-95e1-5cbddeadd2af(uuid9483)
сент. 19, 2025 6:42:50 PM webapp.storage.AbstractStorage save
INFO: &amp#27;[32mSave 828e55b3-de25-4597-9239-719f7351c1fd(uuid9484)
сент. 19, 2025 6:42:50 PM webapp.storage.AbstractStorage save
INFO: &amp#27;[32mSave ced5ec4d-72af-4550-84dd-12883187ae08(uuid9485)
сент. 19, 2025 6:42:50 PM webapp.storage.AbstractStorage save
INFO: &amp#27;[32mSave 88c90ab7-5d3c-48cd-b013-22f89f3c9d3a(uuid9486)
сент. 19, 2025 6:42:50 PM webapp.storage.AbstractStorage save
INFO: &amp#27;[32mSave afbf334d-d66e-4e2e-82a6-bdd79322ddae(uuid9487)
сент. 19, 2025 6:42:50 PM webapp.storage.AbstractStorage save
INFO: &amp#27;[32mSave 792b407a-a791-4ff1-99f1-6654ae5c812a(uuid9488)
сент. 19, 2025 6:42:50 PM webapp.storage.AbstractStorage save
INFO: &amp#27;[32mSave 22d694fa-ac0a-4094-ad81-38ea6a9bd806(uuid9489)
сент. 19, 2025 6:42:50 PM webapp.storage.AbstractStorage save
INFO: &amp#27;[32mSave 20f8acb0-eae0-41eb-949e-c38fa8641b85(uuid9490)
сент. 19, 2025 6:42:50 PM webapp.storage.AbstractStorage save
INFO: &amp#27;[32mSave 9ccc920b-9dde-4f88-b293-ed3ee7dbffd1(uuid9491)
сент. 19, 2025 6:42:50 PM webapp.storage.AbstractStorage save
INFO: &amp#27;[32mSave 656a85bb-8b19-434c-94f4-abda3634d5f3(uuid9492)
сент. 19, 2025 6:42:50 PM webapp.storage.AbstractStorage save
INFO: &amp#27;[32mSave 9a738683-6c0f-43e2-9af5-c687e954912e(uuid9493)
сент. 19, 2025 6:42:50 PM webapp.storage.AbstractStorage save
INFO: &amp#27;[32mSave 88c12bd1-14be-4b7f-9ac6-cb02a1f8a8ba(uuid9494)
сент. 19, 2025 6:42:50 PM webapp.storage.AbstractStorage save
INFO: &amp#27;[32mSave d912ce89-8062-4cb7-a266-ad7186eeb782(uuid9495)
сент. 19, 2025 6:42:50 PM webapp.storage.AbstractStorage save
INFO: &amp#27;[32mSave 37c71870-b4c5-47c9-80be-69d755c81532(uuid9496)
сент. 19, 2025 6:42:50 PM webapp.storage.AbstractStorage save
INFO: &amp#27;[32mSave 989795e0-4fcc-4a23-9690-6d1828e0b69a(uuid9497)
сент. 19, 2025 6:42:50 PM webapp.storage.AbstractStorage save
INFO: &amp#27;[32mSave b650640e-077e-40b8-a41b-69f89058b7a8(uuid9498)
сент. 19, 2025 6:42:50 PM webapp.storage.AbstractStorage save
INFO: &amp#27;[32mSave 3efd2361-ab57-4f60-b3c3-fa03c3e87c55(uuid9499)
сент. 19, 2025 6:42:50 PM webapp.storage.AbstractStorage save
INFO: &amp#27;[32mSave 81442d12-9bf6-4530-9499-360f864e5e73(uuid9500)
сент. 19, 2025 6:42:50 PM webapp.storage.AbstractStorage save
INFO: &amp#27;[32mSave ce1dff0a-7bc9-41ff-b6fc-5dc7ca826e17(uuid9501)
сент. 19, 2025 6:42:50 PM webapp.storage.AbstractStorage save
INFO: &amp#27;[32mSave ebc63b01-a5a2-4e81-bbe6-48bc04602e52(uuid9502)
сент. 19, 2025 6:42:50 PM webapp.storage.AbstractStorage save
INFO: &amp#27;[32mSave 6cac4e8a-f82b-4afb-959c-b24a85588fc8(uuid9503)
сент. 19, 2025 6:42:50 PM webapp.storage.AbstractStorage save
INFO: &amp#27;[32mSave ed0bd4a8-f070-4e3f-8a0e-0a257197db71(uuid9504)
сент. 19, 2025 6:42:50 PM webapp.storage.AbstractStorage save
INFO: &amp#27;[32mSave 8c842558-ee4a-4709-8ae6-e68c47d8e623(uuid9505)
сент. 19, 2025 6:42:50 PM webapp.storage.AbstractStorage save
INFO: &amp#27;[32mSave 934c9f77-d136-443e-b9c0-e17f3e02c8c5(uuid9506)
сент. 19, 2025 6:42:50 PM webapp.storage.AbstractStorage save
INFO: &amp#27;[32mSave da27506b-25cb-4fbc-94ea-e65c747744b8(uuid9507)
сент. 19, 2025 6:42:50 PM webapp.storage.AbstractStorage save
INFO: &amp#27;[32mSave 65cb4252-0eec-4843-9a84-898c61900a72(uuid9508)
сент. 19, 2025 6:42:50 PM webapp.storage.AbstractStorage save
INFO: &amp#27;[32mSave 3eeab99b-878c-4329-9fc6-7c67f07de012(uuid9509)
сент. 19, 2025 6:42:50 PM webapp.storage.AbstractStorage save
INFO: &amp#27;[32mSave 5e2bf8c0-d73f-4028-8b13-505f33d4b736(uuid9510)
сент. 19, 2025 6:42:50 PM webapp.storage.AbstractStorage save
INFO: &amp#27;[32mSave 3add48bd-3334-4ff1-ba3d-2cb61a0250dc(uuid9511)
сент. 19, 2025 6:42:50 PM webapp.storage.AbstractStorage save
INFO: &amp#27;[32mSave 4a499483-9b37-41d8-8c04-7c1715725f0b(uuid9512)
сент. 19, 2025 6:42:50 PM webapp.storage.AbstractStorage save
INFO: &amp#27;[32mSave f46347c4-5bb0-419f-bcb9-5d62bbe91d03(uuid9513)
сент. 19, 2025 6:42:50 PM webapp.storage.AbstractStorage save
INFO: &amp#27;[32mSave cf113c66-eea3-4917-928f-e6731b97f82f(uuid9514)
сент. 19, 2025 6:42:50 PM webapp.storage.AbstractStorage save
INFO: &amp#27;[32mSave 0ccd0dde-d6ff-4055-8974-3d1d73fb87f5(uuid9515)
сент. 19, 2025 6:42:50 PM webapp.storage.AbstractStorage save
INFO: &amp#27;[32mSave 9c534d82-522a-4958-8f06-3f456d31e9a6(uuid9516)
сент. 19, 2025 6:42:50 PM webapp.storage.AbstractStorage save
INFO: &amp#27;[32mSave 7253c634-447e-4d53-b458-4dc78cf41b45(uuid9517)
сент. 19, 2025 6:42:50 PM webapp.storage.AbstractStorage save
INFO: &amp#27;[32mSave a978c92e-46b2-4beb-973b-d1bcd7110868(uuid9518)
сент. 19, 2025 6:42:50 PM webapp.storage.AbstractStorage save
INFO: &amp#27;[32mSave 72ef6d8d-3eb5-4144-ad83-d48251c24ea2(uuid9519)
сент. 19, 2025 6:42:50 PM webapp.storage.AbstractStorage save
INFO: &amp#27;[32mSave ff9d963e-ba77-49a9-a273-0673858b2d68(uuid9520)
сент. 19, 2025 6:42:50 PM webapp.storage.AbstractStorage save
INFO: &amp#27;[32mSave 5376caf2-2735-4778-9cbd-258e8126f9f3(uuid9521)
сент. 19, 2025 6:42:50 PM webapp.storage.AbstractStorage save
INFO: &amp#27;[32mSave 6227450d-9852-41df-aca7-4174b7ef69e9(uuid9522)
сент. 19, 2025 6:42:50 PM webapp.storage.AbstractStorage save
INFO: &amp#27;[32mSave cd9a74ed-ba4f-465f-bc65-4669a18f3b88(uuid9523)
сент. 19, 2025 6:42:50 PM webapp.storage.AbstractStorage save
INFO: &amp#27;[32mSave 6c4cfca1-b82e-44dd-8cca-111500717c30(uuid9524)
сент. 19, 2025 6:42:50 PM webapp.storage.AbstractStorage save
INFO: &amp#27;[32mSave ff3034a7-54ef-4309-aaa3-197994b81709(uuid9525)
сент. 19, 2025 6:42:50 PM webapp.storage.AbstractStorage save
INFO: &amp#27;[32mSave b1f288c5-4e86-462a-93d2-508f4e5f3d71(uuid9526)
сент. 19, 2025 6:42:50 PM webapp.storage.AbstractStorage save
INFO: &amp#27;[32mSave a1d61dd1-cbe7-4919-a936-6cd3b3b6a967(uuid9527)
сент. 19, 2025 6:42:50 PM webapp.storage.AbstractStorage save
INFO: &amp#27;[32mSave e8a95cc6-3871-4a24-8585-d9c685c17625(uuid9528)
сент. 19, 2025 6:42:50 PM webapp.storage.AbstractStorage save
INFO: &amp#27;[32mSave b134e7b4-75fe-49ef-aa66-da06db60e3c7(uuid9529)
сент. 19, 2025 6:42:50 PM webapp.storage.AbstractStorage save
INFO: &amp#27;[32mSave 32145714-80d7-4c40-88c6-f72c25e6b20d(uuid9530)
сент. 19, 2025 6:42:50 PM webapp.storage.AbstractStorage save
INFO: &amp#27;[32mSave 3f4abfbd-6baa-4a5d-8d62-48be65a23330(uuid9531)
сент. 19, 2025 6:42:50 PM webapp.storage.AbstractStorage save
INFO: &amp#27;[32mSave a3239cea-0d12-4093-b4a4-24137d3ef86f(uuid9532)
сент. 19, 2025 6:42:50 PM webapp.storage.AbstractStorage save
INFO: &amp#27;[32mSave 00386fe2-de29-482b-8329-7a6e38e1fec4(uuid9533)
сент. 19, 2025 6:42:50 PM webapp.storage.AbstractStorage save
INFO: &amp#27;[32mSave 848b4ad5-046c-4403-a907-e739e0fc27ad(uuid9534)
сент. 19, 2025 6:42:50 PM webapp.storage.AbstractStorage save
INFO: &amp#27;[32mSave 4a904dac-4cc8-4e10-8b5d-9dbb7aa4ebd3(uuid9535)
сент. 19, 2025 6:42:50 PM webapp.storage.AbstractStorage save
INFO: &amp#27;[32mSave f72fbf60-51fb-475b-a2e9-fa117d317726(uuid9536)
сент. 19, 2025 6:42:50 PM webapp.storage.AbstractStorage save
INFO: &amp#27;[32mSave 25fc90a6-bce5-49e4-8ece-f27f9970293c(uuid9537)
сент. 19, 2025 6:42:50 PM webapp.storage.AbstractStorage save
INFO: &amp#27;[32mSave 0e47db08-e00e-4392-acfe-f2ff5367e136(uuid9538)
сент. 19, 2025 6:42:50 PM webapp.storage.AbstractStorage save
INFO: &amp#27;[32mSave 843b808c-b92f-4ef9-a1a8-be3b4a234809(uuid9539)
сент. 19, 2025 6:42:50 PM webapp.storage.AbstractStorage save
INFO: &amp#27;[32mSave 4c8e160c-6555-4143-b3da-b2d18af8e7d1(uuid9540)
сент. 19, 2025 6:42:50 PM webapp.storage.AbstractStorage save
INFO: &amp#27;[32mSave 3fb4b501-7fa9-4faa-8865-22d80c68b7df(uuid9541)
сент. 19, 2025 6:42:50 PM webapp.storage.AbstractStorage save
INFO: &amp#27;[32mSave bfb47d25-0e1f-419b-86bd-9b2e02bbff27(uuid9542)
сент. 19, 2025 6:42:50 PM webapp.storage.AbstractStorage save
INFO: &amp#27;[32mSave dfc647aa-8a83-4975-9bdd-514261587273(uuid9543)
сент. 19, 2025 6:42:50 PM webapp.storage.AbstractStorage save
INFO: &amp#27;[32mSave fe5ed0d2-73b4-4438-bebb-1b61550811d0(uuid9544)
сент. 19, 2025 6:42:50 PM webapp.storage.AbstractStorage save
INFO: &amp#27;[32mSave c8d74473-b63e-468b-bbec-51ec2dccc1ad(uuid9545)
сент. 19, 2025 6:42:50 PM webapp.storage.AbstractStorage save
INFO: &amp#27;[32mSave d7fde349-9d28-478d-81eb-ca961e0e5261(uuid9546)
сент. 19, 2025 6:42:50 PM webapp.storage.AbstractStorage save
INFO: &amp#27;[32mSave 83bd2110-794a-4dce-ab8c-20bf787db9c5(uuid9547)
сент. 19, 2025 6:42:50 PM webapp.storage.AbstractStorage save
INFO: &amp#27;[32mSave 7dcaece8-c0bc-4581-8202-6f11e6387cdb(uuid9548)
сент. 19, 2025 6:42:50 PM webapp.storage.AbstractStorage save
INFO: &amp#27;[32mSave 4833b8a4-7e72-43da-9c59-4e12711170ea(uuid9549)
сент. 19, 2025 6:42:50 PM webapp.storage.AbstractStorage save
INFO: &amp#27;[32mSave ef150666-90a7-4317-908a-ac3d3682a1a1(uuid9550)
сент. 19, 2025 6:42:50 PM webapp.storage.AbstractStorage save
INFO: &amp#27;[32mSave ce378f56-30dc-4a96-b836-48d33f3a7551(uuid9551)
сент. 19, 2025 6:42:50 PM webapp.storage.AbstractStorage save
INFO: &amp#27;[32mSave 8b183d97-9d28-4bfa-9fb8-774c64322ef9(uuid9552)
сент. 19, 2025 6:42:50 PM webapp.storage.AbstractStorage save
INFO: &amp#27;[32mSave 9ed80e0a-95a0-4c62-b993-301b0b7a2183(uuid9553)
сент. 19, 2025 6:42:50 PM webapp.storage.AbstractStorage save
INFO: &amp#27;[32mSave 5f2149e8-10bf-43e3-88c6-3a50fc91fee5(uuid9554)
сент. 19, 2025 6:42:50 PM webapp.storage.AbstractStorage save
INFO: &amp#27;[32mSave 3b715ca4-949d-4ed9-bb29-41bcb80352f4(uuid9555)
сент. 19, 2025 6:42:50 PM webapp.storage.AbstractStorage save
INFO: &amp#27;[32mSave e8851a93-dc89-48df-b4f0-6d03d4c59d24(uuid9556)
сент. 19, 2025 6:42:50 PM webapp.storage.AbstractStorage save
INFO: &amp#27;[32mSave 4024ea3e-fe50-4d6f-b52a-a2f63170a0d2(uuid9557)
сент. 19, 2025 6:42:50 PM webapp.storage.AbstractStorage save
INFO: &amp#27;[32mSave 16a70524-8d4e-4f93-bf3d-971a9f2c3616(uuid9558)
сент. 19, 2025 6:42:50 PM webapp.storage.AbstractStorage save
INFO: &amp#27;[32mSave 10038c7e-b2fd-432f-a336-2d1a47c8df0f(uuid9559)
сент. 19, 2025 6:42:50 PM webapp.storage.AbstractStorage save
INFO: &amp#27;[32mSave 3b1306cd-0ba6-4128-ad40-63fe8fb6a255(uuid9560)
сент. 19, 2025 6:42:50 PM webapp.storage.AbstractStorage save
INFO: &amp#27;[32mSave 65b3b98b-73ec-4cff-aab8-56b29501e53d(uuid9561)
сент. 19, 2025 6:42:50 PM webapp.storage.AbstractStorage save
INFO: &amp#27;[32mSave 0dc1d6dd-0836-4265-b024-46618bb3fc39(uuid9562)
сент. 19, 2025 6:42:50 PM webapp.storage.AbstractStorage save
INFO: &amp#27;[32mSave 5e4e7051-3939-4e2f-a394-b5d6d3aec4e6(uuid9563)
сент. 19, 2025 6:42:50 PM webapp.storage.AbstractStorage save
INFO: &amp#27;[32mSave ec86c3c5-c755-47c1-ac17-010b1caf1e97(uuid9564)
сент. 19, 2025 6:42:50 PM webapp.storage.AbstractStorage save
INFO: &amp#27;[32mSave 596d9ee9-c735-4d53-b0cb-ed5ccb653f69(uuid9565)
сент. 19, 2025 6:42:50 PM webapp.storage.AbstractStorage save
INFO: &amp#27;[32mSave 8c1ab1f8-df0d-408e-9939-5b3aa99dec88(uuid9566)
сент. 19, 2025 6:42:50 PM webapp.storage.AbstractStorage save
INFO: &amp#27;[32mSave 01800bf3-0fd3-40d2-91b6-36f0059675ba(uuid9567)
сент. 19, 2025 6:42:50 PM webapp.storage.AbstractStorage save
INFO: &amp#27;[32mSave e8ea1393-18b0-4166-bced-8a1966cb6493(uuid9568)
сент. 19, 2025 6:42:50 PM webapp.storage.AbstractStorage save
INFO: &amp#27;[32mSave 2719e73f-b5cb-4cbe-8b31-95c6b0fbc6d6(uuid9569)
сент. 19, 2025 6:42:50 PM webapp.storage.AbstractStorage save
INFO: &amp#27;[32mSave 4b3d391a-6740-44c1-a218-7f76ef9a6485(uuid9570)
сент. 19, 2025 6:42:50 PM webapp.storage.AbstractStorage save
INFO: &amp#27;[32mSave 0d2808f3-483e-429f-9cb8-12bb07508d10(uuid9571)
сент. 19, 2025 6:42:50 PM webapp.storage.AbstractStorage save
INFO: &amp#27;[32mSave 339a3fa8-8eb9-43b7-8390-619c6d8652e1(uuid9572)
сент. 19, 2025 6:42:50 PM webapp.storage.AbstractStorage save
INFO: &amp#27;[32mSave 61ee11c2-7e65-4e9b-b9c8-d7a9453bbdf5(uuid9573)
сент. 19, 2025 6:42:50 PM webapp.storage.AbstractStorage save
INFO: &amp#27;[32mSave 4555d8f2-eed6-4203-910a-17a924043d37(uuid9574)
сент. 19, 2025 6:42:50 PM webapp.storage.AbstractStorage save
INFO: &amp#27;[32mSave ebabfcd1-8b36-4664-9983-aba9ce730c76(uuid9575)
сент. 19, 2025 6:42:50 PM webapp.storage.AbstractStorage save
INFO: &amp#27;[32mSave dd2f1426-6d21-4b3e-bd34-d4b86e8d1616(uuid9576)
сент. 19, 2025 6:42:50 PM webapp.storage.AbstractStorage save
INFO: &amp#27;[32mSave f839d74e-e9d8-4a93-a502-d071e2fee2f5(uuid9577)
сент. 19, 2025 6:42:50 PM webapp.storage.AbstractStorage save
INFO: &amp#27;[32mSave 4fb47806-3694-49eb-a132-04fde6bc7a4f(uuid9578)
сент. 19, 2025 6:42:50 PM webapp.storage.AbstractStorage save
INFO: &amp#27;[32mSave f1ba3a42-10a2-4e7a-aab9-f6fc94744ee2(uuid9579)
сент. 19, 2025 6:42:50 PM webapp.storage.AbstractStorage save
INFO: &amp#27;[32mSave 4c4e6d90-1fc1-4b63-a17b-ddedaff139a7(uuid9580)
сент. 19, 2025 6:42:50 PM webapp.storage.AbstractStorage save
INFO: &amp#27;[32mSave 6381635f-1529-4e46-a822-dbafd40dd210(uuid9581)
сент. 19, 2025 6:42:50 PM webapp.storage.AbstractStorage save
INFO: &amp#27;[32mSave 4cd133e4-3798-4102-a5c1-9fe802ad3c82(uuid9582)
сент. 19, 2025 6:42:50 PM webapp.storage.AbstractStorage save
INFO: &amp#27;[32mSave 4d1af651-4450-4286-8e26-9afa9f17e6d0(uuid9583)
сент. 19, 2025 6:42:50 PM webapp.storage.AbstractStorage save
INFO: &amp#27;[32mSave 244de22b-cb58-4e06-8e2c-0e7089a23854(uuid9584)
сент. 19, 2025 6:42:50 PM webapp.storage.AbstractStorage save
INFO: &amp#27;[32mSave a6517aa1-dfaf-4b07-a10f-8818a2b165d7(uuid9585)
сент. 19, 2025 6:42:50 PM webapp.storage.AbstractStorage save
INFO: &amp#27;[32mSave 8b11d04f-2cdb-4945-80c7-1720ba1a89e9(uuid9586)
сент. 19, 2025 6:42:50 PM webapp.storage.AbstractStorage save
INFO: &amp#27;[32mSave 0b268fed-52c3-4d43-970c-2372ea00506b(uuid9587)
сент. 19, 2025 6:42:50 PM webapp.storage.AbstractStorage save
INFO: &amp#27;[32mSave 9d2e24d2-9aa8-48d7-850a-10ecd8437be2(uuid9588)
сент. 19, 2025 6:42:50 PM webapp.storage.AbstractStorage save
INFO: &amp#27;[32mSave 22dd0c37-b37b-4b11-8493-21f54b7de9a4(uuid9589)
сент. 19, 2025 6:42:50 PM webapp.storage.AbstractStorage save
INFO: &amp#27;[32mSave 42baef1e-88cd-47df-934d-dee83b2faeae(uuid9590)
сент. 19, 2025 6:42:50 PM webapp.storage.AbstractStorage save
INFO: &amp#27;[32mSave 456305d3-9bac-4aea-8ce1-257c83adcc34(uuid9591)
сент. 19, 2025 6:42:50 PM webapp.storage.AbstractStorage save
INFO: &amp#27;[32mSave 5cc5c077-ead5-4f1e-a741-e8a005350f7d(uuid9592)
сент. 19, 2025 6:42:50 PM webapp.storage.AbstractStorage save
INFO: &amp#27;[32mSave ac73a5b5-b28e-497a-ae2c-507ac45a37b5(uuid9593)
сент. 19, 2025 6:42:50 PM webapp.storage.AbstractStorage save
INFO: &amp#27;[32mSave b2fd0962-be4d-42d6-9a70-e9a3eeae3519(uuid9594)
сент. 19, 2025 6:42:50 PM webapp.storage.AbstractStorage save
INFO: &amp#27;[32mSave 49189f07-8a56-491e-88b5-d13e91a61b10(uuid9595)
сент. 19, 2025 6:42:50 PM webapp.storage.AbstractStorage save
INFO: &amp#27;[32mSave 60fec5b1-498c-4aba-8a1a-dec436a6128d(uuid9596)
сент. 19, 2025 6:42:50 PM webapp.storage.AbstractStorage save
INFO: &amp#27;[32mSave e47bbd5c-107c-469e-94c4-1860da518950(uuid9597)
сент. 19, 2025 6:42:50 PM webapp.storage.AbstractStorage save
INFO: &amp#27;[32mSave e0b8c562-e400-4c7f-817c-06595345b170(uuid9598)
сент. 19, 2025 6:42:50 PM webapp.storage.AbstractStorage save
INFO: &amp#27;[32mSave b3ff355b-5559-4e23-acca-3003fe622342(uuid9599)
сент. 19, 2025 6:42:50 PM webapp.storage.AbstractStorage save
INFO: &amp#27;[32mSave 44db68f3-1bf9-42fe-8717-345d4d0291da(uuid9600)
сент. 19, 2025 6:42:50 PM webapp.storage.AbstractStorage save
INFO: &amp#27;[32mSave 54a02ee3-159d-464e-ad25-16b849914869(uuid9601)
сент. 19, 2025 6:42:50 PM webapp.storage.AbstractStorage save
INFO: &amp#27;[32mSave 05001800-8f34-4aa7-a480-7b015182c4d3(uuid9602)
сент. 19, 2025 6:42:50 PM webapp.storage.AbstractStorage save
INFO: &amp#27;[32mSave 78936301-d7ac-4064-8b82-fa05896574b6(uuid9603)
сент. 19, 2025 6:42:50 PM webapp.storage.AbstractStorage save
INFO: &amp#27;[32mSave f42217aa-7026-48d2-8459-d39b4b323f3a(uuid9604)
сент. 19, 2025 6:42:50 PM webapp.storage.AbstractStorage save
INFO: &amp#27;[32mSave d3c79b53-2054-4504-8551-4c1b35aef651(uuid9605)
сент. 19, 2025 6:42:50 PM webapp.storage.AbstractStorage save
INFO: &amp#27;[32mSave 1167b929-2b65-478d-9d7a-e77dc2cddf85(uuid9606)
сент. 19, 2025 6:42:50 PM webapp.storage.AbstractStorage save
INFO: &amp#27;[32mSave de03bf51-1117-4678-ba6d-6c221ccf639a(uuid9607)
сент. 19, 2025 6:42:50 PM webapp.storage.AbstractStorage save
INFO: &amp#27;[32mSave 50a0fd3e-21d8-4179-b738-ce19a3c3a8ee(uuid9608)
сент. 19, 2025 6:42:50 PM webapp.storage.AbstractStorage save
INFO: &amp#27;[32mSave 43f2c30f-3c26-4783-8b66-7efba29df3c4(uuid9609)
сент. 19, 2025 6:42:50 PM webapp.storage.AbstractStorage save
INFO: &amp#27;[32mSave 866b1fbb-bde2-415c-8ab5-3f61e04877a6(uuid9610)
сент. 19, 2025 6:42:50 PM webapp.storage.AbstractStorage save
INFO: &amp#27;[32mSave d4642bd4-98ad-4115-9e37-913f85877fd5(uuid9611)
сент. 19, 2025 6:42:50 PM webapp.storage.AbstractStorage save
INFO: &amp#27;[32mSave fe40efe6-0252-4063-927f-48e09d47544f(uuid9612)
сент. 19, 2025 6:42:50 PM webapp.storage.AbstractStorage save
INFO: &amp#27;[32mSave 00a673ee-29b1-492e-8bd7-0785910fae02(uuid9613)
сент. 19, 2025 6:42:50 PM webapp.storage.AbstractStorage save
INFO: &amp#27;[32mSave f40cdff0-56f9-4790-bc12-55396fa9f033(uuid9614)
сент. 19, 2025 6:42:50 PM webapp.storage.AbstractStorage save
INFO: &amp#27;[32mSave a217bcac-283b-4250-8ec0-cfa078f4ed7e(uuid9615)
сент. 19, 2025 6:42:50 PM webapp.storage.AbstractStorage save
INFO: &amp#27;[32mSave 7c8800c1-dcd6-41b3-85f1-293eac5835f6(uuid9616)
сент. 19, 2025 6:42:50 PM webapp.storage.AbstractStorage save
INFO: &amp#27;[32mSave 07a900a0-11c7-4270-b7d4-c67ce571e2fc(uuid9617)
сент. 19, 2025 6:42:50 PM webapp.storage.AbstractStorage save
INFO: &amp#27;[32mSave e08ee110-943a-40fd-b02e-59cefc5928dd(uuid9618)
сент. 19, 2025 6:42:50 PM webapp.storage.AbstractStorage save
INFO: &amp#27;[32mSave 1b5bdf49-1a7a-4471-b403-87c37d5377e6(uuid9619)
сент. 19, 2025 6:42:50 PM webapp.storage.AbstractStorage save
INFO: &amp#27;[32mSave 8f6ab570-23a1-450c-9fc3-c699d6f22ddf(uuid9620)
сент. 19, 2025 6:42:50 PM webapp.storage.AbstractStorage save
INFO: &amp#27;[32mSave c37f0ba8-468f-4bc5-8223-fc17b2531915(uuid9621)
сент. 19, 2025 6:42:50 PM webapp.storage.AbstractStorage save
INFO: &amp#27;[32mSave 61a51b29-e75b-41f2-ada5-a07912490dab(uuid9622)
сент. 19, 2025 6:42:50 PM webapp.storage.AbstractStorage save
INFO: &amp#27;[32mSave 6f57679b-8505-4e9c-b5dc-7d8e0276c91c(uuid9623)
сент. 19, 2025 6:42:50 PM webapp.storage.AbstractStorage save
INFO: &amp#27;[32mSave 0c9e56c9-582f-46ea-9632-0b97afd730d4(uuid9624)
сент. 19, 2025 6:42:50 PM webapp.storage.AbstractStorage save
INFO: &amp#27;[32mSave e2c393be-2d3d-4ea1-9124-213bda336530(uuid9625)
сент. 19, 2025 6:42:50 PM webapp.storage.AbstractStorage save
INFO: &amp#27;[32mSave 6c0480ce-9e1f-42e7-853d-cfcf2a1f4098(uuid9626)
сент. 19, 2025 6:42:50 PM webapp.storage.AbstractStorage save
INFO: &amp#27;[32mSave 8d247eef-0d48-4260-9b46-c29e77db5050(uuid9627)
сент. 19, 2025 6:42:50 PM webapp.storage.AbstractStorage save
INFO: &amp#27;[32mSave fe17f2db-7088-4f56-b63f-3cefd8eabd54(uuid9628)
сент. 19, 2025 6:42:50 PM webapp.storage.AbstractStorage save
INFO: &amp#27;[32mSave b78d41d7-f653-4e8e-9038-470c565a5da1(uuid9629)
сент. 19, 2025 6:42:50 PM webapp.storage.AbstractStorage save
INFO: &amp#27;[32mSave 5b3e2394-f23c-4d3c-82ad-1096f4199d9b(uuid9630)
сент. 19, 2025 6:42:50 PM webapp.storage.AbstractStorage save
INFO: &amp#27;[32mSave 60aa03f0-efd3-49fe-a289-382b4fb64ad4(uuid9631)
сент. 19, 2025 6:42:50 PM webapp.storage.AbstractStorage save
INFO: &amp#27;[32mSave 90f20011-19be-4c3b-9359-d04d06f73430(uuid9632)
сент. 19, 2025 6:42:50 PM webapp.storage.AbstractStorage save
INFO: &amp#27;[32mSave c3d0f02a-ccfc-4865-ad1a-bf567eae6b01(uuid9633)
сент. 19, 2025 6:42:50 PM webapp.storage.AbstractStorage save
INFO: &amp#27;[32mSave a279c382-c60e-44b7-8c59-9e0d863c56d6(uuid9634)
сент. 19, 2025 6:42:50 PM webapp.storage.AbstractStorage save
INFO: &amp#27;[32mSave 97b605f7-0542-4a95-bb45-ba8733257b89(uuid9635)
сент. 19, 2025 6:42:50 PM webapp.storage.AbstractStorage save
INFO: &amp#27;[32mSave 09652f02-a3e5-4831-86bf-14a9ccdf611e(uuid9636)
сент. 19, 2025 6:42:50 PM webapp.storage.AbstractStorage save
INFO: &amp#27;[32mSave 9b06c402-caf7-4566-9448-07e0a74c73dc(uuid9637)
сент. 19, 2025 6:42:50 PM webapp.storage.AbstractStorage save
INFO: &amp#27;[32mSave e3851288-e59d-44b2-9de5-7844a56cbb3c(uuid9638)
сент. 19, 2025 6:42:50 PM webapp.storage.AbstractStorage save
INFO: &amp#27;[32mSave 4afffdb5-9a86-43d8-a805-6c3501bfa7e0(uuid9639)
сент. 19, 2025 6:42:50 PM webapp.storage.AbstractStorage save
INFO: &amp#27;[32mSave 570cf718-39d5-4da2-a7a6-cddb5417a1f1(uuid9640)
сент. 19, 2025 6:42:50 PM webapp.storage.AbstractStorage save
INFO: &amp#27;[32mSave 84211576-2c0e-4fdf-b7f8-37c2db71ee43(uuid9641)
сент. 19, 2025 6:42:50 PM webapp.storage.AbstractStorage save
INFO: &amp#27;[32mSave 878ccfab-7878-4e88-8ab4-1be45d8c0ec0(uuid9642)
сент. 19, 2025 6:42:50 PM webapp.storage.AbstractStorage save
INFO: &amp#27;[32mSave 39f00231-b354-4ed1-b7ac-09b7b983b653(uuid9643)
сент. 19, 2025 6:42:50 PM webapp.storage.AbstractStorage save
INFO: &amp#27;[32mSave a79ca7ac-1bd0-4318-9985-f3c084dd80a6(uuid9644)
сент. 19, 2025 6:42:50 PM webapp.storage.AbstractStorage save
INFO: &amp#27;[32mSave 49948b36-dd09-42da-b70e-3973c10187ff(uuid9645)
сент. 19, 2025 6:42:50 PM webapp.storage.AbstractStorage save
INFO: &amp#27;[32mSave d7759c86-8b6f-4fe1-8bad-40bed3be0d1d(uuid9646)
сент. 19, 2025 6:42:50 PM webapp.storage.AbstractStorage save
INFO: &amp#27;[32mSave 9f31e0e8-d80d-49f2-9a28-4f61f0504aaf(uuid9647)
сент. 19, 2025 6:42:50 PM webapp.storage.AbstractStorage save
INFO: &amp#27;[32mSave 931a579f-9a12-4254-8155-f070a8f72943(uuid9648)
сент. 19, 2025 6:42:50 PM webapp.storage.AbstractStorage save
INFO: &amp#27;[32mSave 76846fb4-5426-4bd7-99db-dfdbc508196d(uuid9649)
сент. 19, 2025 6:42:50 PM webapp.storage.AbstractStorage save
INFO: &amp#27;[32mSave c0440e89-b4d2-420c-a53a-9afe94cd940d(uuid9650)
сент. 19, 2025 6:42:50 PM webapp.storage.AbstractStorage save
INFO: &amp#27;[32mSave 7e9b9547-a822-4beb-8eb1-1c24fdea36d9(uuid9651)
сент. 19, 2025 6:42:50 PM webapp.storage.AbstractStorage save
INFO: &amp#27;[32mSave 2467b8ae-6e12-4e39-afcd-67418387d66a(uuid9652)
сент. 19, 2025 6:42:50 PM webapp.storage.AbstractStorage save
INFO: &amp#27;[32mSave 7b0c1b48-a49a-46cb-8da5-e54ecfc88e19(uuid9653)
сент. 19, 2025 6:42:50 PM webapp.storage.AbstractStorage save
INFO: &amp#27;[32mSave 221638f4-ac67-4fc0-87f8-449bde9bc3ea(uuid9654)
сент. 19, 2025 6:42:50 PM webapp.storage.AbstractStorage save
INFO: &amp#27;[32mSave af42fba5-c3b5-41a9-99fa-b763838a604d(uuid9655)
сент. 19, 2025 6:42:50 PM webapp.storage.AbstractStorage save
INFO: &amp#27;[32mSave 7c139f04-6ff1-48f7-a539-34e654c51636(uuid9656)
сент. 19, 2025 6:42:50 PM webapp.storage.AbstractStorage save
INFO: &amp#27;[32mSave d95bcab6-6db9-4981-bfc3-d3afbad5b051(uuid9657)
сент. 19, 2025 6:42:50 PM webapp.storage.AbstractStorage save
INFO: &amp#27;[32mSave afd41515-f239-451f-bb89-6b2f4b4f367c(uuid9658)
сент. 19, 2025 6:42:50 PM webapp.storage.AbstractStorage save
INFO: &amp#27;[32mSave 686656d2-2637-4da0-a238-5086f5e2079d(uuid9659)
сент. 19, 2025 6:42:50 PM webapp.storage.AbstractStorage save
INFO: &amp#27;[32mSave f89bee2a-663c-4f33-838d-2ec19f90afc3(uuid9660)
сент. 19, 2025 6:42:50 PM webapp.storage.AbstractStorage save
INFO: &amp#27;[32mSave 75733156-bf80-42aa-960e-0cf76360996d(uuid9661)
сент. 19, 2025 6:42:50 PM webapp.storage.AbstractStorage save
INFO: &amp#27;[32mSave cb8113e4-6ad8-4673-bf41-7cd83d0a77fa(uuid9662)
сент. 19, 2025 6:42:50 PM webapp.storage.AbstractStorage save
INFO: &amp#27;[32mSave cd0e0d6e-c725-4a4c-b164-2285889f5f68(uuid9663)
сент. 19, 2025 6:42:50 PM webapp.storage.AbstractStorage save
INFO: &amp#27;[32mSave ed23ef51-aeaf-4851-8a17-f8ce154e65ef(uuid9664)
сент. 19, 2025 6:42:50 PM webapp.storage.AbstractStorage save
INFO: &amp#27;[32mSave 3857dff2-c62c-4154-b9ad-f862652ee6bf(uuid9665)
сент. 19, 2025 6:42:50 PM webapp.storage.AbstractStorage save
INFO: &amp#27;[32mSave 7d0dbfe3-786f-499a-8163-746ade939efc(uuid9666)
сент. 19, 2025 6:42:50 PM webapp.storage.AbstractStorage save
INFO: &amp#27;[32mSave b8fb2bd8-60b1-4338-be2c-43fee1ca1db6(uuid9667)
сент. 19, 2025 6:42:50 PM webapp.storage.AbstractStorage save
INFO: &amp#27;[32mSave ad79432b-c71b-46ff-a9e2-d35eedb3e6da(uuid9668)
сент. 19, 2025 6:42:50 PM webapp.storage.AbstractStorage save
INFO: &amp#27;[32mSave eea5be5c-1b4d-468e-8304-b89e8e356b59(uuid9669)
сент. 19, 2025 6:42:50 PM webapp.storage.AbstractStorage save
INFO: &amp#27;[32mSave 8ed33ad0-a072-40d7-a02e-4d27de687aa3(uuid9670)
сент. 19, 2025 6:42:50 PM webapp.storage.AbstractStorage save
INFO: &amp#27;[32mSave b3569607-6efb-4e9d-af4d-10c6f035aded(uuid9671)
сент. 19, 2025 6:42:50 PM webapp.storage.AbstractStorage save
INFO: &amp#27;[32mSave a7301c89-8d65-497a-873c-733eab83e7c0(uuid9672)
сент. 19, 2025 6:42:50 PM webapp.storage.AbstractStorage save
INFO: &amp#27;[32mSave 6d5b9b54-80e6-4c80-ba82-d4b1ab3f54e4(uuid9673)
сент. 19, 2025 6:42:50 PM webapp.storage.AbstractStorage save
INFO: &amp#27;[32mSave 287cec39-3c6c-4d58-b7ff-9334f3e09590(uuid9674)
сент. 19, 2025 6:42:50 PM webapp.storage.AbstractStorage save
INFO: &amp#27;[32mSave 348377ef-f6bc-4319-9a66-8bf0af962add(uuid9675)
сент. 19, 2025 6:42:50 PM webapp.storage.AbstractStorage save
INFO: &amp#27;[32mSave 51e1a9c0-c708-47e4-9889-95974d67a432(uuid9676)
сент. 19, 2025 6:42:50 PM webapp.storage.AbstractStorage save
INFO: &amp#27;[32mSave 68618bc0-86ef-4660-98ff-19f3921d557b(uuid9677)
сент. 19, 2025 6:42:50 PM webapp.storage.AbstractStorage save
INFO: &amp#27;[32mSave dbc24aab-c8b6-477a-aa41-4e61904be1fa(uuid9678)
сент. 19, 2025 6:42:50 PM webapp.storage.AbstractStorage save
INFO: &amp#27;[32mSave d28fe823-614d-44d6-b8fb-4169bed8e0dd(uuid9679)
сент. 19, 2025 6:42:50 PM webapp.storage.AbstractStorage save
INFO: &amp#27;[32mSave 11f587d9-784b-42e0-95db-1f18434d2dc9(uuid9680)
сент. 19, 2025 6:42:50 PM webapp.storage.AbstractStorage save
INFO: &amp#27;[32mSave 352c82a1-2ce1-486b-914d-d68f9d5935fc(uuid9681)
сент. 19, 2025 6:42:50 PM webapp.storage.AbstractStorage save
INFO: &amp#27;[32mSave b2fbff98-470f-4a3b-92fb-c5fa6a5f2ae7(uuid9682)
сент. 19, 2025 6:42:50 PM webapp.storage.AbstractStorage save
INFO: &amp#27;[32mSave 57e997cc-39ab-4659-8ef9-b653dc071fc9(uuid9683)
сент. 19, 2025 6:42:50 PM webapp.storage.AbstractStorage save
INFO: &amp#27;[32mSave 0a68ac2c-3ba7-4234-80dc-f6a3ec5ec06e(uuid9684)
сент. 19, 2025 6:42:50 PM webapp.storage.AbstractStorage save
INFO: &amp#27;[32mSave 97f3f354-d2e9-4c7e-9396-f1b85973c112(uuid9685)
сент. 19, 2025 6:42:50 PM webapp.storage.AbstractStorage save
INFO: &amp#27;[32mSave c8ed6e7d-641e-4250-9d52-8e398e227db8(uuid9686)
сент. 19, 2025 6:42:50 PM webapp.storage.AbstractStorage save
INFO: &amp#27;[32mSave 4e443b6f-2bc2-4ba6-9c36-4c41051910ea(uuid9687)
сент. 19, 2025 6:42:50 PM webapp.storage.AbstractStorage save
INFO: &amp#27;[32mSave 00940e3a-b4a3-461b-b52a-2ef71cefb031(uuid9688)
сент. 19, 2025 6:42:50 PM webapp.storage.AbstractStorage save
INFO: &amp#27;[32mSave f26a87f9-6f92-42f7-8a7f-6ac4c22e4509(uuid9689)
сент. 19, 2025 6:42:50 PM webapp.storage.AbstractStorage save
INFO: &amp#27;[32mSave 094208c5-5f17-4c1d-b310-34c4e55fbf5c(uuid9690)
сент. 19, 2025 6:42:50 PM webapp.storage.AbstractStorage save
INFO: &amp#27;[32mSave 54e5c584-7376-4f9f-9dab-869f16fc8bdf(uuid9691)
сент. 19, 2025 6:42:50 PM webapp.storage.AbstractStorage save
INFO: &amp#27;[32mSave 353ac2c4-df7f-46ce-ac18-82d56fa5829d(uuid9692)
сент. 19, 2025 6:42:50 PM webapp.storage.AbstractStorage save
INFO: &amp#27;[32mSave 33563548-1576-4359-a675-2b5ae4044a55(uuid9693)
сент. 19, 2025 6:42:50 PM webapp.storage.AbstractStorage save
INFO: &amp#27;[32mSave acdeffca-8f06-43f3-81c9-a43bad3b8a06(uuid9694)
сент. 19, 2025 6:42:50 PM webapp.storage.AbstractStorage save
INFO: &amp#27;[32mSave 25e03dc2-1abd-46ae-8fd9-77610ff734de(uuid9695)
сент. 19, 2025 6:42:50 PM webapp.storage.AbstractStorage save
INFO: &amp#27;[32mSave 6414d1c9-71e4-4d4a-b923-2b994899f25a(uuid9696)
сент. 19, 2025 6:42:50 PM webapp.storage.AbstractStorage save
INFO: &amp#27;[32mSave 06784dc5-5b9a-49bf-84ec-8b32d643e526(uuid9697)
сент. 19, 2025 6:42:50 PM webapp.storage.AbstractStorage save
INFO: &amp#27;[32mSave d542cf6e-d549-4565-8a06-f4f3d18ac355(uuid9698)
сент. 19, 2025 6:42:50 PM webapp.storage.AbstractStorage save
INFO: &amp#27;[32mSave 3658ec99-60b3-4369-b49d-373463594a49(uuid9699)
сент. 19, 2025 6:42:50 PM webapp.storage.AbstractStorage save
INFO: &amp#27;[32mSave a415dd43-4532-4c0c-b5e6-ffc71cd07946(uuid9700)
сент. 19, 2025 6:42:50 PM webapp.storage.AbstractStorage save
INFO: &amp#27;[32mSave f7ffcd7f-baa2-4d6a-8437-3e9953f90075(uuid9701)
сент. 19, 2025 6:42:50 PM webapp.storage.AbstractStorage save
INFO: &amp#27;[32mSave 30ed7eaf-ea12-477e-838c-e5c29e564d8c(uuid9702)
сент. 19, 2025 6:42:50 PM webapp.storage.AbstractStorage save
INFO: &amp#27;[32mSave 061067f6-2065-406d-aa0f-db23a1b59149(uuid9703)
сент. 19, 2025 6:42:50 PM webapp.storage.AbstractStorage save
INFO: &amp#27;[32mSave 3e951559-ba9f-418a-9b2a-5dc14f8ab48a(uuid9704)
сент. 19, 2025 6:42:50 PM webapp.storage.AbstractStorage save
INFO: &amp#27;[32mSave dc3fc40f-f2c2-4cd8-86df-0be99e8dd729(uuid9705)
сент. 19, 2025 6:42:50 PM webapp.storage.AbstractStorage save
INFO: &amp#27;[32mSave bb4557cc-735c-4f2d-a70c-8ebe819396fa(uuid9706)
сент. 19, 2025 6:42:50 PM webapp.storage.AbstractStorage save
INFO: &amp#27;[32mSave a5737409-c4f6-44f9-82be-3ed5e371c3d1(uuid9707)
сент. 19, 2025 6:42:50 PM webapp.storage.AbstractStorage save
INFO: &amp#27;[32mSave aeaa05dd-63de-4605-9d7f-e91fd6b40678(uuid9708)
сент. 19, 2025 6:42:50 PM webapp.storage.AbstractStorage save
INFO: &amp#27;[32mSave 1e0bae06-48c6-46e7-b942-bcc98d93f0f5(uuid9709)
сент. 19, 2025 6:42:50 PM webapp.storage.AbstractStorage save
INFO: &amp#27;[32mSave 61526443-8e3f-4dfe-90ab-2731a6078032(uuid9710)
сент. 19, 2025 6:42:50 PM webapp.storage.AbstractStorage save
INFO: &amp#27;[32mSave 7c85ca3d-8fe6-4875-ac40-48b736655de0(uuid9711)
сент. 19, 2025 6:42:50 PM webapp.storage.AbstractStorage save
INFO: &amp#27;[32mSave 88b4d31e-a60e-465e-ad63-411844f0c09d(uuid9712)
сент. 19, 2025 6:42:50 PM webapp.storage.AbstractStorage save
INFO: &amp#27;[32mSave 9803ee34-b63a-46dd-a22a-6857498da754(uuid9713)
сент. 19, 2025 6:42:50 PM webapp.storage.AbstractStorage save
INFO: &amp#27;[32mSave 91027caf-2386-45a6-9a8f-d15254083561(uuid9714)
сент. 19, 2025 6:42:50 PM webapp.storage.AbstractStorage save
INFO: &amp#27;[32mSave 17115cbf-9b70-43e3-b06d-1a1509dd4063(uuid9715)
сент. 19, 2025 6:42:50 PM webapp.storage.AbstractStorage save
INFO: &amp#27;[32mSave 844cfbd6-b482-4ac4-a2d8-0609d4d648b0(uuid9716)
сент. 19, 2025 6:42:50 PM webapp.storage.AbstractStorage save
INFO: &amp#27;[32mSave 227130c2-2426-4eb8-acee-bfb249fe44b4(uuid9717)
сент. 19, 2025 6:42:50 PM webapp.storage.AbstractStorage save
INFO: &amp#27;[32mSave dd53b4b9-4be6-4ac8-b11c-74db026ae784(uuid9718)
сент. 19, 2025 6:42:50 PM webapp.storage.AbstractStorage save
INFO: &amp#27;[32mSave 8e7537bc-9765-41e4-ba57-f54b4bcd4495(uuid9719)
сент. 19, 2025 6:42:50 PM webapp.storage.AbstractStorage save
INFO: &amp#27;[32mSave 426102a9-5654-4630-886e-ddf0e207a05d(uuid9720)
сент. 19, 2025 6:42:50 PM webapp.storage.AbstractStorage save
INFO: &amp#27;[32mSave cf9e4d1a-f7f4-4615-b913-5e1df6b9494c(uuid9721)
сент. 19, 2025 6:42:50 PM webapp.storage.AbstractStorage save
INFO: &amp#27;[32mSave 029a55a6-1a86-46a7-a1be-4608e7630677(uuid9722)
сент. 19, 2025 6:42:50 PM webapp.storage.AbstractStorage save
INFO: &amp#27;[32mSave 938d79c5-4bf5-4653-a798-2c297c776291(uuid9723)
сент. 19, 2025 6:42:50 PM webapp.storage.AbstractStorage save
INFO: &amp#27;[32mSave 912935ba-7056-4598-b87a-c433351164b1(uuid9724)
сент. 19, 2025 6:42:50 PM webapp.storage.AbstractStorage save
INFO: &amp#27;[32mSave de42b914-fa09-4725-a469-85d30982212f(uuid9725)
сент. 19, 2025 6:42:50 PM webapp.storage.AbstractStorage save
INFO: &amp#27;[32mSave 0e2bb784-95a1-420e-9669-e7e1bb2b3041(uuid9726)
сент. 19, 2025 6:42:50 PM webapp.storage.AbstractStorage save
INFO: &amp#27;[32mSave 37a2c4a9-b0c0-49f1-a362-210252b46274(uuid9727)
сент. 19, 2025 6:42:50 PM webapp.storage.AbstractStorage save
INFO: &amp#27;[32mSave 02081aa7-3080-43ab-b5fe-d26cb615e50a(uuid9728)
сент. 19, 2025 6:42:50 PM webapp.storage.AbstractStorage save
INFO: &amp#27;[32mSave 289f0f4f-c090-48fb-b090-bbce96256acb(uuid9729)
сент. 19, 2025 6:42:50 PM webapp.storage.AbstractStorage save
INFO: &amp#27;[32mSave 1d0fb399-8a54-49c3-8b73-226f3afc3247(uuid9730)
сент. 19, 2025 6:42:50 PM webapp.storage.AbstractStorage save
INFO: &amp#27;[32mSave c542c1d3-0db2-4c49-a443-66284c556388(uuid9731)
сент. 19, 2025 6:42:50 PM webapp.storage.AbstractStorage save
INFO: &amp#27;[32mSave 8339be91-0dab-452a-b3e6-cdab221e9c64(uuid9732)
сент. 19, 2025 6:42:50 PM webapp.storage.AbstractStorage save
INFO: &amp#27;[32mSave e0ebaf5b-4efe-4562-9f30-1607cfe4e519(uuid9733)
сент. 19, 2025 6:42:50 PM webapp.storage.AbstractStorage save
INFO: &amp#27;[32mSave de815a97-75dc-4b80-b5d8-2d0a9a79d2a6(uuid9734)
сент. 19, 2025 6:42:50 PM webapp.storage.AbstractStorage save
INFO: &amp#27;[32mSave 5354e3fe-a03c-4093-8146-1ab95f3baf82(uuid9735)
сент. 19, 2025 6:42:50 PM webapp.storage.AbstractStorage save
INFO: &amp#27;[32mSave aa7e4ef1-d830-4c3d-bc5e-e7590a3c5e61(uuid9736)
сент. 19, 2025 6:42:50 PM webapp.storage.AbstractStorage save
INFO: &amp#27;[32mSave b7e61c28-8a91-4611-9145-1361ed6c4754(uuid9737)
сент. 19, 2025 6:42:50 PM webapp.storage.AbstractStorage save
INFO: &amp#27;[32mSave cd6bde44-03eb-4313-95dd-56c911527ed9(uuid9738)
сент. 19, 2025 6:42:50 PM webapp.storage.AbstractStorage save
INFO: &amp#27;[32mSave f75c3e0e-4260-4c78-8563-16a3099854b5(uuid9739)
сент. 19, 2025 6:42:50 PM webapp.storage.AbstractStorage save
INFO: &amp#27;[32mSave 8223ea5c-84b2-4861-8f6b-2c20974a3c26(uuid9740)
сент. 19, 2025 6:42:50 PM webapp.storage.AbstractStorage save
INFO: &amp#27;[32mSave 45649ab5-2961-46b0-955b-34b1a93cb437(uuid9741)
сент. 19, 2025 6:42:50 PM webapp.storage.AbstractStorage save
INFO: &amp#27;[32mSave 158bb621-411c-47d2-b181-4738ccac2454(uuid9742)
сент. 19, 2025 6:42:50 PM webapp.storage.AbstractStorage save
INFO: &amp#27;[32mSave 36372718-43df-4f2b-9e40-5e0eb99b9c79(uuid9743)
сент. 19, 2025 6:42:50 PM webapp.storage.AbstractStorage save
INFO: &amp#27;[32mSave 97b594bb-9730-4247-bbd7-fbf158e9da7d(uuid9744)
сент. 19, 2025 6:42:50 PM webapp.storage.AbstractStorage save
INFO: &amp#27;[32mSave 991351a5-e99c-4bb6-a55a-65cbcf59286f(uuid9745)
сент. 19, 2025 6:42:50 PM webapp.storage.AbstractStorage save
INFO: &amp#27;[32mSave f23b009a-422b-492f-b552-50e3a444657e(uuid9746)
сент. 19, 2025 6:42:50 PM webapp.storage.AbstractStorage save
INFO: &amp#27;[32mSave 84ea6c1f-2158-4fba-b307-36644a85442e(uuid9747)
сент. 19, 2025 6:42:50 PM webapp.storage.AbstractStorage save
INFO: &amp#27;[32mSave 76a8526e-88e5-4b2b-b4da-c6f9eb79cdd6(uuid9748)
сент. 19, 2025 6:42:50 PM webapp.storage.AbstractStorage save
INFO: &amp#27;[32mSave 9187182d-b212-4bf7-8158-19b73411e2ea(uuid9749)
сент. 19, 2025 6:42:50 PM webapp.storage.AbstractStorage save
INFO: &amp#27;[32mSave 90f4ece5-7c1d-4800-be1a-8c0830165b22(uuid9750)
сент. 19, 2025 6:42:50 PM webapp.storage.AbstractStorage save
INFO: &amp#27;[32mSave eb3a68ed-8d07-40f9-bb8c-307808ff28ab(uuid9751)
сент. 19, 2025 6:42:50 PM webapp.storage.AbstractStorage save
INFO: &amp#27;[32mSave b6447041-fe03-424c-a3e5-bcfca2b1c655(uuid9752)
сент. 19, 2025 6:42:50 PM webapp.storage.AbstractStorage save
INFO: &amp#27;[32mSave 566540f3-4370-4d76-9712-49143a86af17(uuid9753)
сент. 19, 2025 6:42:50 PM webapp.storage.AbstractStorage save
INFO: &amp#27;[32mSave 0687f5ee-d4e3-4dcc-8aed-0c4404ddeb17(uuid9754)
сент. 19, 2025 6:42:50 PM webapp.storage.AbstractStorage save
INFO: &amp#27;[32mSave 7f9357b1-c34e-41f3-943c-39af17a4311b(uuid9755)
сент. 19, 2025 6:42:50 PM webapp.storage.AbstractStorage save
INFO: &amp#27;[32mSave 4eb5357d-26a0-41ad-9832-bebf3af7c483(uuid9756)
сент. 19, 2025 6:42:50 PM webapp.storage.AbstractStorage save
INFO: &amp#27;[32mSave 3d243d13-f280-4740-b311-03433de14ca7(uuid9757)
сент. 19, 2025 6:42:50 PM webapp.storage.AbstractStorage save
INFO: &amp#27;[32mSave e6fc0655-9b73-40fa-8543-3e8e838e347c(uuid9758)
сент. 19, 2025 6:42:50 PM webapp.storage.AbstractStorage save
INFO: &amp#27;[32mSave 896a61b9-c9ec-4370-9239-9befeb432dde(uuid9759)
сент. 19, 2025 6:42:50 PM webapp.storage.AbstractStorage save
INFO: &amp#27;[32mSave 3d26fd1d-dd01-4c92-b286-0306ee3b3414(uuid9760)
сент. 19, 2025 6:42:50 PM webapp.storage.AbstractStorage save
INFO: &amp#27;[32mSave 6f629241-b9fe-4948-941f-7621a8692b8f(uuid9761)
сент. 19, 2025 6:42:50 PM webapp.storage.AbstractStorage save
INFO: &amp#27;[32mSave 1fb85ce6-d1e1-4909-90eb-ec3f76e2f1ca(uuid9762)
сент. 19, 2025 6:42:50 PM webapp.storage.AbstractStorage save
INFO: &amp#27;[32mSave 90de6040-1b72-4a9b-a0f6-9d36706775fa(uuid9763)
сент. 19, 2025 6:42:50 PM webapp.storage.AbstractStorage save
INFO: &amp#27;[32mSave 0733a8cd-dd46-4a94-90c4-0590a47015e9(uuid9764)
сент. 19, 2025 6:42:50 PM webapp.storage.AbstractStorage save
INFO: &amp#27;[32mSave a6733b5b-d2ce-42cf-a970-c72db002a487(uuid9765)
сент. 19, 2025 6:42:50 PM webapp.storage.AbstractStorage save
INFO: &amp#27;[32mSave ec3699e2-b1e0-4f66-8133-25cf7ad0c8a2(uuid9766)
сент. 19, 2025 6:42:50 PM webapp.storage.AbstractStorage save
INFO: &amp#27;[32mSave 53340c5f-b6f7-473e-aa19-824d82efc70f(uuid9767)
сент. 19, 2025 6:42:50 PM webapp.storage.AbstractStorage save
INFO: &amp#27;[32mSave e9bfb1aa-9784-494c-b938-b0c17fbdab74(uuid9768)
сент. 19, 2025 6:42:50 PM webapp.storage.AbstractStorage save
INFO: &amp#27;[32mSave afb4edca-e849-4f28-a898-8ea2c20a8485(uuid9769)
сент. 19, 2025 6:42:50 PM webapp.storage.AbstractStorage save
INFO: &amp#27;[32mSave bbf12189-e310-413e-8ddb-3ece52e30efb(uuid9770)
сент. 19, 2025 6:42:50 PM webapp.storage.AbstractStorage save
INFO: &amp#27;[32mSave 97aedfde-b810-4f52-be62-b981c911e17c(uuid9771)
сент. 19, 2025 6:42:50 PM webapp.storage.AbstractStorage save
INFO: &amp#27;[32mSave 62537082-e1f8-45c3-9b69-ad0e4852c8c3(uuid9772)
сент. 19, 2025 6:42:50 PM webapp.storage.AbstractStorage save
INFO: &amp#27;[32mSave 653cef74-f6a4-45c8-944c-ff5699d1b32b(uuid9773)
сент. 19, 2025 6:42:50 PM webapp.storage.AbstractStorage save
INFO: &amp#27;[32mSave 06430c9f-2b9c-49bb-a887-dc8fc9d941d3(uuid9774)
сент. 19, 2025 6:42:50 PM webapp.storage.AbstractStorage save
INFO: &amp#27;[32mSave 1b62f6e3-9cba-4098-8619-839877d73b41(uuid9775)
сент. 19, 2025 6:42:50 PM webapp.storage.AbstractStorage save
INFO: &amp#27;[32mSave baa99e05-347f-4668-93bf-9de9d92a71c9(uuid9776)
сент. 19, 2025 6:42:50 PM webapp.storage.AbstractStorage save
INFO: &amp#27;[32mSave 4e405342-b767-402a-a19a-4f2a28fbed3a(uuid9777)
сент. 19, 2025 6:42:50 PM webapp.storage.AbstractStorage save
INFO: &amp#27;[32mSave 6ecf93c7-43cf-46f3-bae3-ede93069b5aa(uuid9778)
сент. 19, 2025 6:42:50 PM webapp.storage.AbstractStorage save
INFO: &amp#27;[32mSave 71bdbaed-87fe-4173-b050-c8fe75140b16(uuid9779)
сент. 19, 2025 6:42:50 PM webapp.storage.AbstractStorage save
INFO: &amp#27;[32mSave 425fd9d5-17fc-4d84-8a54-e2bc4690f1fb(uuid9780)
сент. 19, 2025 6:42:50 PM webapp.storage.AbstractStorage save
INFO: &amp#27;[32mSave 3c941c1f-1492-44c8-8b6a-a74a1b5d178f(uuid9781)
сент. 19, 2025 6:42:50 PM webapp.storage.AbstractStorage save
INFO: &amp#27;[32mSave a8ecb1d8-8c06-423a-bc51-eef5aacc6554(uuid9782)
сент. 19, 2025 6:42:50 PM webapp.storage.AbstractStorage save
INFO: &amp#27;[32mSave bab526fb-377b-4cbb-92af-e87fb4a97d86(uuid9783)
сент. 19, 2025 6:42:50 PM webapp.storage.AbstractStorage save
INFO: &amp#27;[32mSave afa75ef5-9b33-418a-8233-d58811400a03(uuid9784)
сент. 19, 2025 6:42:50 PM webapp.storage.AbstractStorage save
INFO: &amp#27;[32mSave 4c058797-fd3e-4dff-962e-bb7a12b27ac4(uuid9785)
сент. 19, 2025 6:42:50 PM webapp.storage.AbstractStorage save
INFO: &amp#27;[32mSave bfb3222b-fe47-4811-bcab-4d0364ef696e(uuid9786)
сент. 19, 2025 6:42:50 PM webapp.storage.AbstractStorage save
INFO: &amp#27;[32mSave eb6b66ff-d5bb-4f05-a5ae-5489fdf1f996(uuid9787)
сент. 19, 2025 6:42:50 PM webapp.storage.AbstractStorage save
INFO: &amp#27;[32mSave 95db8d65-147d-492d-b106-7eee6aae9030(uuid9788)
сент. 19, 2025 6:42:50 PM webapp.storage.AbstractStorage save
INFO: &amp#27;[32mSave 45ea34c7-d8db-40a7-8f90-2d5e150261ab(uuid9789)
сент. 19, 2025 6:42:50 PM webapp.storage.AbstractStorage save
INFO: &amp#27;[32mSave 27a3fa0b-1b0f-4c87-b206-60e31ad33309(uuid9790)
сент. 19, 2025 6:42:50 PM webapp.storage.AbstractStorage save
INFO: &amp#27;[32mSave 81d431c3-bbca-4987-bed5-2ed78422afcc(uuid9791)
сент. 19, 2025 6:42:50 PM webapp.storage.AbstractStorage save
INFO: &amp#27;[32mSave c0be3441-8dca-476d-98d7-06a58d153635(uuid9792)
сент. 19, 2025 6:42:50 PM webapp.storage.AbstractStorage save
INFO: &amp#27;[32mSave 30db503f-b423-4e99-8bc3-3d248f25bf8e(uuid9793)
сент. 19, 2025 6:42:50 PM webapp.storage.AbstractStorage save
INFO: &amp#27;[32mSave 6516226b-5a4f-4572-b701-37493cf3ef7b(uuid9794)
сент. 19, 2025 6:42:50 PM webapp.storage.AbstractStorage save
INFO: &amp#27;[32mSave 0da6f036-faaf-4f7e-8e2c-f6538f2a1718(uuid9795)
сент. 19, 2025 6:42:50 PM webapp.storage.AbstractStorage save
INFO: &amp#27;[32mSave fc232b5f-6574-411a-9ad4-04863e402dda(uuid9796)
сент. 19, 2025 6:42:50 PM webapp.storage.AbstractStorage save
INFO: &amp#27;[32mSave 53447d4d-3006-4089-a992-4426cf831bbf(uuid9797)
сент. 19, 2025 6:42:50 PM webapp.storage.AbstractStorage save
INFO: &amp#27;[32mSave de535c50-1b71-499c-bf92-9d2208a52d9c(uuid9798)
сент. 19, 2025 6:42:50 PM webapp.storage.AbstractStorage save
INFO: &amp#27;[32mSave b22b964a-d459-430d-a6c5-161f0650828a(uuid9799)
сент. 19, 2025 6:42:50 PM webapp.storage.AbstractStorage save
INFO: &amp#27;[32mSave f434861f-a38d-414f-be06-93e3f17450e3(uuid9800)
сент. 19, 2025 6:42:50 PM webapp.storage.AbstractStorage save
INFO: &amp#27;[32mSave 0e1b2749-e44a-449f-817f-a4291ec46a3d(uuid9801)
сент. 19, 2025 6:42:50 PM webapp.storage.AbstractStorage save
INFO: &amp#27;[32mSave f3f15e29-34f9-49e3-a293-5e10904693ad(uuid9802)
сент. 19, 2025 6:42:50 PM webapp.storage.AbstractStorage save
INFO: &amp#27;[32mSave a582db94-1da3-448f-80f9-2a77ffd349a7(uuid9803)
сент. 19, 2025 6:42:50 PM webapp.storage.AbstractStorage save
INFO: &amp#27;[32mSave 37cbb77f-4d8d-4169-b406-5a5ed167dd53(uuid9804)
сент. 19, 2025 6:42:50 PM webapp.storage.AbstractStorage save
INFO: &amp#27;[32mSave 34fe417f-bfc7-4b7c-8a0f-835760c0f391(uuid9805)
сент. 19, 2025 6:42:50 PM webapp.storage.AbstractStorage save
INFO: &amp#27;[32mSave 1fc378f9-224c-40bd-87a9-6c47b3a55a62(uuid9806)
сент. 19, 2025 6:42:50 PM webapp.storage.AbstractStorage save
INFO: &amp#27;[32mSave 38e58c61-4af5-4c16-a2d2-33f1e542dc38(uuid9807)
сент. 19, 2025 6:42:50 PM webapp.storage.AbstractStorage save
INFO: &amp#27;[32mSave 3e3e7f2b-7063-489d-a51e-8f6137b12d1d(uuid9808)
сент. 19, 2025 6:42:50 PM webapp.storage.AbstractStorage save
INFO: &amp#27;[32mSave 7b969288-b786-4c6e-8838-ce4619d9bc5a(uuid9809)
сент. 19, 2025 6:42:50 PM webapp.storage.AbstractStorage save
INFO: &amp#27;[32mSave fef2caf2-c2bb-4a8b-8e57-116b8971edd3(uuid9810)
сент. 19, 2025 6:42:50 PM webapp.storage.AbstractStorage save
INFO: &amp#27;[32mSave e5e550c5-1ea6-4402-a04d-f4f29133f164(uuid9811)
сент. 19, 2025 6:42:50 PM webapp.storage.AbstractStorage save
INFO: &amp#27;[32mSave 2f40a4c0-da20-494d-a6dc-8b74195d3c5c(uuid9812)
сент. 19, 2025 6:42:50 PM webapp.storage.AbstractStorage save
INFO: &amp#27;[32mSave 551c686b-3237-4973-b1ab-4b4bed5b3c01(uuid9813)
сент. 19, 2025 6:42:50 PM webapp.storage.AbstractStorage save
INFO: &amp#27;[32mSave 92693e42-9fb3-4088-8fd6-1d9a5d42e1b6(uuid9814)
сент. 19, 2025 6:42:50 PM webapp.storage.AbstractStorage save
INFO: &amp#27;[32mSave 702ebdd5-0e1a-4f69-b85c-6ef7ecddfa08(uuid9815)
сент. 19, 2025 6:42:50 PM webapp.storage.AbstractStorage save
INFO: &amp#27;[32mSave 293694bf-6770-4da4-b6f3-3c610db7b2b5(uuid9816)
сент. 19, 2025 6:42:50 PM webapp.storage.AbstractStorage save
INFO: &amp#27;[32mSave 54d3e482-dd35-40b4-a9a3-eed5a9fe16c6(uuid9817)
сент. 19, 2025 6:42:50 PM webapp.storage.AbstractStorage save
INFO: &amp#27;[32mSave 1959ad46-4d38-488c-a2ed-3f3ffaad9bb9(uuid9818)
сент. 19, 2025 6:42:50 PM webapp.storage.AbstractStorage save
INFO: &amp#27;[32mSave 10ea1afd-b7e8-4b3a-af4a-ee46b3a9b39f(uuid9819)
сент. 19, 2025 6:42:50 PM webapp.storage.AbstractStorage save
INFO: &amp#27;[32mSave 1680a885-5e77-4726-b7a6-0626213deecb(uuid9820)
сент. 19, 2025 6:42:50 PM webapp.storage.AbstractStorage save
INFO: &amp#27;[32mSave dde91438-7fc7-4fc2-a382-25e452c2ec1c(uuid9821)
сент. 19, 2025 6:42:50 PM webapp.storage.AbstractStorage save
INFO: &amp#27;[32mSave 38a4924c-2198-464e-8675-fd26bd042525(uuid9822)
сент. 19, 2025 6:42:50 PM webapp.storage.AbstractStorage save
INFO: &amp#27;[32mSave 34820f50-22ec-4ccb-8e90-57d835198326(uuid9823)
сент. 19, 2025 6:42:50 PM webapp.storage.AbstractStorage save
INFO: &amp#27;[32mSave 6e70c763-91ad-4aa1-b5f3-87ef41c544de(uuid9824)
сент. 19, 2025 6:42:50 PM webapp.storage.AbstractStorage save
INFO: &amp#27;[32mSave 92539f09-24fe-4ec2-8f77-10d5a75ac642(uuid9825)
сент. 19, 2025 6:42:50 PM webapp.storage.AbstractStorage save
INFO: &amp#27;[32mSave 353cf611-3652-496f-b6a3-e92724ce68c8(uuid9826)
сент. 19, 2025 6:42:50 PM webapp.storage.AbstractStorage save
INFO: &amp#27;[32mSave 9a1cbdce-da4c-4e72-9ffd-cdea94a71f99(uuid9827)
сент. 19, 2025 6:42:50 PM webapp.storage.AbstractStorage save
INFO: &amp#27;[32mSave 67b51a0e-9585-476b-853b-506d9f58cd30(uuid9828)
сент. 19, 2025 6:42:50 PM webapp.storage.AbstractStorage save
INFO: &amp#27;[32mSave b741e53d-5a08-4d84-9439-a68c95a09c0d(uuid9829)
сент. 19, 2025 6:42:50 PM webapp.storage.AbstractStorage save
INFO: &amp#27;[32mSave dc4e8c7c-238e-4d3a-82ac-a1aff5b87490(uuid9830)
сент. 19, 2025 6:42:50 PM webapp.storage.AbstractStorage save
INFO: &amp#27;[32mSave c4385023-779c-423a-8a5a-603ebf027bc7(uuid9831)
сент. 19, 2025 6:42:50 PM webapp.storage.AbstractStorage save
INFO: &amp#27;[32mSave 0a7037af-bc29-4c5a-ae14-f55e1214ea05(uuid9832)
сент. 19, 2025 6:42:50 PM webapp.storage.AbstractStorage save
INFO: &amp#27;[32mSave 86c225f1-6802-4123-8771-5c88f7c51e7a(uuid9833)
сент. 19, 2025 6:42:50 PM webapp.storage.AbstractStorage save
INFO: &amp#27;[32mSave b0d8610f-db4e-45cb-8835-9c1136c748dc(uuid9834)
сент. 19, 2025 6:42:50 PM webapp.storage.AbstractStorage save
INFO: &amp#27;[32mSave 25721848-cc27-421f-95ab-56014c0788e8(uuid9835)
сент. 19, 2025 6:42:50 PM webapp.storage.AbstractStorage save
INFO: &amp#27;[32mSave f3fee58b-fb95-4e1d-9918-7e8a064f73ce(uuid9836)
сент. 19, 2025 6:42:50 PM webapp.storage.AbstractStorage save
INFO: &amp#27;[32mSave d6cc7bff-f62e-4d48-b6f9-681f38af9d64(uuid9837)
сент. 19, 2025 6:42:50 PM webapp.storage.AbstractStorage save
INFO: &amp#27;[32mSave 7edf85f1-0192-46c7-ac51-b3aa2d00d8fb(uuid9838)
сент. 19, 2025 6:42:50 PM webapp.storage.AbstractStorage save
INFO: &amp#27;[32mSave 1471b32b-d532-43f8-87aa-fed166b94846(uuid9839)
сент. 19, 2025 6:42:50 PM webapp.storage.AbstractStorage save
INFO: &amp#27;[32mSave d634b829-5e2c-4318-ac75-0d755b0600d9(uuid9840)
сент. 19, 2025 6:42:50 PM webapp.storage.AbstractStorage save
INFO: &amp#27;[32mSave 6e1adcda-766f-41b1-8eb6-16c2f9e411a1(uuid9841)
сент. 19, 2025 6:42:50 PM webapp.storage.AbstractStorage save
INFO: &amp#27;[32mSave 94f4f5c8-42bf-4b3d-8965-ac071c851819(uuid9842)
сент. 19, 2025 6:42:50 PM webapp.storage.AbstractStorage save
INFO: &amp#27;[32mSave 0d37cfd2-1f15-4dc4-a0ae-17a8bc585513(uuid9843)
сент. 19, 2025 6:42:50 PM webapp.storage.AbstractStorage save
INFO: &amp#27;[32mSave 1a3a2513-6169-4f73-ab82-90adce4a45ae(uuid9844)
сент. 19, 2025 6:42:50 PM webapp.storage.AbstractStorage save
INFO: &amp#27;[32mSave 9146863c-eb6d-4913-87ae-d2c7a07a96fa(uuid9845)
сент. 19, 2025 6:42:50 PM webapp.storage.AbstractStorage save
INFO: &amp#27;[32mSave 1aa6af9d-2894-40f6-9e94-686905f64609(uuid9846)
сент. 19, 2025 6:42:50 PM webapp.storage.AbstractStorage save
INFO: &amp#27;[32mSave 4fdc7409-ef3a-4e21-9a2d-8411d94d1765(uuid9847)
сент. 19, 2025 6:42:50 PM webapp.storage.AbstractStorage save
INFO: &amp#27;[32mSave c12d6b84-7937-42ba-98c1-82c2d2032bdd(uuid9848)
сент. 19, 2025 6:42:50 PM webapp.storage.AbstractStorage save
INFO: &amp#27;[32mSave 3cebc755-6b7e-47a2-be8f-2d4e6309d594(uuid9849)
сент. 19, 2025 6:42:50 PM webapp.storage.AbstractStorage save
INFO: &amp#27;[32mSave 0d8e77c7-7f59-4002-be7a-fb433587ebb9(uuid9850)
сент. 19, 2025 6:42:50 PM webapp.storage.AbstractStorage save
INFO: &amp#27;[32mSave cc2bb217-caaa-406c-ae6b-7c281545f21f(uuid9851)
сент. 19, 2025 6:42:50 PM webapp.storage.AbstractStorage save
INFO: &amp#27;[32mSave b6b4a0cb-840a-40b4-82d3-5167ef86c0a7(uuid9852)
сент. 19, 2025 6:42:50 PM webapp.storage.AbstractStorage save
INFO: &amp#27;[32mSave d51c6254-c13d-4181-92d3-58f6ccd70319(uuid9853)
сент. 19, 2025 6:42:50 PM webapp.storage.AbstractStorage save
INFO: &amp#27;[32mSave c31a933c-0a72-444c-ab46-f3f013ce86b6(uuid9854)
сент. 19, 2025 6:42:50 PM webapp.storage.AbstractStorage save
INFO: &amp#27;[32mSave d968ec4c-c907-4045-a8e9-cd3d0822457d(uuid9855)
сент. 19, 2025 6:42:50 PM webapp.storage.AbstractStorage save
INFO: &amp#27;[32mSave 6f715e67-75cc-48a6-a2d8-fac4410bd4d9(uuid9856)
сент. 19, 2025 6:42:50 PM webapp.storage.AbstractStorage save
INFO: &amp#27;[32mSave 83a4f2a7-a742-4fa2-bdbb-db2a31e076c2(uuid9857)
сент. 19, 2025 6:42:50 PM webapp.storage.AbstractStorage save
INFO: &amp#27;[32mSave 17667225-10c1-404c-9958-211c32c02fda(uuid9858)
сент. 19, 2025 6:42:50 PM webapp.storage.AbstractStorage save
INFO: &amp#27;[32mSave 4dd0f09e-d2bd-449c-ada3-bc2363ac53ae(uuid9859)
сент. 19, 2025 6:42:50 PM webapp.storage.AbstractStorage save
INFO: &amp#27;[32mSave 42a0984a-fea0-4f45-b383-7011c7b29bec(uuid9860)
сент. 19, 2025 6:42:50 PM webapp.storage.AbstractStorage save
INFO: &amp#27;[32mSave 761abad4-8876-47f4-969d-880104ee8dc1(uuid9861)
сент. 19, 2025 6:42:50 PM webapp.storage.AbstractStorage save
INFO: &amp#27;[32mSave 6734ed86-92db-4241-a7db-2c7d765b5298(uuid9862)
сент. 19, 2025 6:42:50 PM webapp.storage.AbstractStorage save
INFO: &amp#27;[32mSave cc6fadb0-873a-4d57-a6f0-56bcfceecac3(uuid9863)
сент. 19, 2025 6:42:50 PM webapp.storage.AbstractStorage save
INFO: &amp#27;[32mSave 1e2cc1ad-def1-42b1-abbc-bf74b7e66203(uuid9864)
сент. 19, 2025 6:42:50 PM webapp.storage.AbstractStorage save
INFO: &amp#27;[32mSave b5fd64d9-2a61-4742-856a-9c16d1f703af(uuid9865)
сент. 19, 2025 6:42:50 PM webapp.storage.AbstractStorage save
INFO: &amp#27;[32mSave 3a1a32bc-2f82-4a7d-82e1-b8f89e92799d(uuid9866)
сент. 19, 2025 6:42:50 PM webapp.storage.AbstractStorage save
INFO: &amp#27;[32mSave 518904c4-0531-4f4b-b1d2-38f44e6b0e3e(uuid9867)
сент. 19, 2025 6:42:50 PM webapp.storage.AbstractStorage save
INFO: &amp#27;[32mSave ccfb7f3c-df5e-43ea-a86e-2140ef33a2ab(uuid9868)
сент. 19, 2025 6:42:50 PM webapp.storage.AbstractStorage save
INFO: &amp#27;[32mSave 689f2629-e6c8-4ac3-894b-4a77c11213ff(uuid9869)
сент. 19, 2025 6:42:50 PM webapp.storage.AbstractStorage save
INFO: &amp#27;[32mSave 6d1a796c-24d5-4303-999c-4e3315d8a164(uuid9870)
сент. 19, 2025 6:42:50 PM webapp.storage.AbstractStorage save
INFO: &amp#27;[32mSave e9f78272-813f-419c-848c-e46146f1e63e(uuid9871)
сент. 19, 2025 6:42:50 PM webapp.storage.AbstractStorage save
INFO: &amp#27;[32mSave 2d7db056-8492-4781-8602-60fc07f27374(uuid9872)
сент. 19, 2025 6:42:50 PM webapp.storage.AbstractStorage save
INFO: &amp#27;[32mSave 51a226d9-57a4-4b79-bcec-114a23e67e05(uuid9873)
сент. 19, 2025 6:42:50 PM webapp.storage.AbstractStorage save
INFO: &amp#27;[32mSave 7ae98285-15c1-49e4-b18f-c95ec7b10ab6(uuid9874)
сент. 19, 2025 6:42:50 PM webapp.storage.AbstractStorage save
INFO: &amp#27;[32mSave adbc615a-0fe7-4918-8899-b279bf6baf5e(uuid9875)
сент. 19, 2025 6:42:50 PM webapp.storage.AbstractStorage save
INFO: &amp#27;[32mSave 5468f7ae-3f9f-4730-8bca-9116fef21f41(uuid9876)
сент. 19, 2025 6:42:50 PM webapp.storage.AbstractStorage save
INFO: &amp#27;[32mSave a6cea3a2-b8b2-43ad-920a-d64274ab2d6f(uuid9877)
сент. 19, 2025 6:42:50 PM webapp.storage.AbstractStorage save
INFO: &amp#27;[32mSave 08d3de3b-ccc2-49e5-835c-887afcd958a4(uuid9878)
сент. 19, 2025 6:42:50 PM webapp.storage.AbstractStorage save
INFO: &amp#27;[32mSave 7a305376-bb71-4765-952d-54f636b7e976(uuid9879)
сент. 19, 2025 6:42:50 PM webapp.storage.AbstractStorage save
INFO: &amp#27;[32mSave cf185e3c-9699-4942-88c8-47c9e5faff27(uuid9880)
сент. 19, 2025 6:42:50 PM webapp.storage.AbstractStorage save
INFO: &amp#27;[32mSave 97bcd803-a269-4e21-aacf-9a068e3a4647(uuid9881)
сент. 19, 2025 6:42:50 PM webapp.storage.AbstractStorage save
INFO: &amp#27;[32mSave cf238ea5-42ab-4b48-9830-ebb2e36a0e08(uuid9882)
сент. 19, 2025 6:42:50 PM webapp.storage.AbstractStorage save
INFO: &amp#27;[32mSave 908b06a4-3d16-4e94-b345-b5f7bb96edbd(uuid9883)
сент. 19, 2025 6:42:50 PM webapp.storage.AbstractStorage save
INFO: &amp#27;[32mSave 253622eb-aef9-468e-980f-ce016bb9e489(uuid9884)
сент. 19, 2025 6:42:50 PM webapp.storage.AbstractStorage save
INFO: &amp#27;[32mSave 94218035-a3fc-4f38-b2df-5d64f4b9929e(uuid9885)
сент. 19, 2025 6:42:50 PM webapp.storage.AbstractStorage save
INFO: &amp#27;[32mSave 73723acb-b27c-467c-a467-06b9fa71e693(uuid9886)
сент. 19, 2025 6:42:50 PM webapp.storage.AbstractStorage save
INFO: &amp#27;[32mSave 98b5bf16-a742-44be-8cec-0589b67af9ab(uuid9887)
сент. 19, 2025 6:42:50 PM webapp.storage.AbstractStorage save
INFO: &amp#27;[32mSave f95c14f3-babe-4c39-8c17-998e40abd717(uuid9888)
сент. 19, 2025 6:42:50 PM webapp.storage.AbstractStorage save
INFO: &amp#27;[32mSave 327e6c40-cbd8-49b2-b9ae-5b76693783f1(uuid9889)
сент. 19, 2025 6:42:50 PM webapp.storage.AbstractStorage save
INFO: &amp#27;[32mSave 0cf00227-75d9-480c-86b2-fc9fadc99af1(uuid9890)
сент. 19, 2025 6:42:50 PM webapp.storage.AbstractStorage save
INFO: &amp#27;[32mSave 50fbbeab-54dd-4b2c-ba9a-fd64e7b5c29f(uuid9891)
сент. 19, 2025 6:42:50 PM webapp.storage.AbstractStorage save
INFO: &amp#27;[32mSave 7b066702-ee9f-48de-958c-f283bd1726c4(uuid9892)
сент. 19, 2025 6:42:50 PM webapp.storage.AbstractStorage save
INFO: &amp#27;[32mSave 7b360458-543b-4c75-9046-e81125732044(uuid9893)
сент. 19, 2025 6:42:50 PM webapp.storage.AbstractStorage save
INFO: &amp#27;[32mSave 1fdceaa2-110c-4c49-9f6a-a4f6e9aa1ff2(uuid9894)
сент. 19, 2025 6:42:50 PM webapp.storage.AbstractStorage save
INFO: &amp#27;[32mSave aeffc199-d607-4f9e-9ff4-95adf05da7cd(uuid9895)
сент. 19, 2025 6:42:50 PM webapp.storage.AbstractStorage save
INFO: &amp#27;[32mSave 132fe699-a81d-4c02-830c-add87ec04b45(uuid9896)
сент. 19, 2025 6:42:50 PM webapp.storage.AbstractStorage save
INFO: &amp#27;[32mSave 43fa5357-7f0d-42cc-819d-9c7e273be908(uuid9897)
сент. 19, 2025 6:42:50 PM webapp.storage.AbstractStorage save
INFO: &amp#27;[32mSave 2885666e-ff39-46a7-a2c2-a760ad42351c(uuid9898)
сент. 19, 2025 6:42:50 PM webapp.storage.AbstractStorage save
INFO: &amp#27;[32mSave 28a06848-6884-4f50-92ed-dda979a8045b(uuid9899)
сент. 19, 2025 6:42:50 PM webapp.storage.AbstractStorage save
INFO: &amp#27;[32mSave a6daa315-467d-413a-bd11-60ba15967dc6(uuid9900)
сент. 19, 2025 6:42:50 PM webapp.storage.AbstractStorage save
INFO: &amp#27;[32mSave 450154de-67f5-4ec8-a018-e5da70874600(uuid9901)
сент. 19, 2025 6:42:50 PM webapp.storage.AbstractStorage save
INFO: &amp#27;[32mSave ec67c2aa-571e-4f48-8443-a106760c22aa(uuid9902)
сент. 19, 2025 6:42:50 PM webapp.storage.AbstractStorage save
INFO: &amp#27;[32mSave cca9012d-0690-4926-981e-c96d64872d01(uuid9903)
сент. 19, 2025 6:42:50 PM webapp.storage.AbstractStorage save
INFO: &amp#27;[32mSave f58d1811-e230-43c1-91f7-36144131e29f(uuid9904)
сент. 19, 2025 6:42:50 PM webapp.storage.AbstractStorage save
INFO: &amp#27;[32mSave cb175be5-f553-4164-b77a-c474eda18335(uuid9905)
сент. 19, 2025 6:42:50 PM webapp.storage.AbstractStorage save
INFO: &amp#27;[32mSave 7ddc68c6-629b-4b79-82fb-b3603479e4ae(uuid9906)
сент. 19, 2025 6:42:50 PM webapp.storage.AbstractStorage save
INFO: &amp#27;[32mSave b2449a34-03b0-4975-874f-88bcea3531c0(uuid9907)
сент. 19, 2025 6:42:50 PM webapp.storage.AbstractStorage save
INFO: &amp#27;[32mSave 1013b4a0-2eb2-4804-9f8b-df98630e56ab(uuid9908)
сент. 19, 2025 6:42:50 PM webapp.storage.AbstractStorage save
INFO: &amp#27;[32mSave 69304dd9-8e33-415b-8774-3a1dc89caa44(uuid9909)
сент. 19, 2025 6:42:50 PM webapp.storage.AbstractStorage save
INFO: &amp#27;[32mSave 7b736124-c268-4eb4-ae14-7e9e38131200(uuid9910)
сент. 19, 2025 6:42:50 PM webapp.storage.AbstractStorage save
INFO: &amp#27;[32mSave e64bf273-ddde-4fbf-aa26-852654f68032(uuid9911)
сент. 19, 2025 6:42:50 PM webapp.storage.AbstractStorage save
INFO: &amp#27;[32mSave 7ae838da-6a3f-43cc-ae8c-35eeca921df8(uuid9912)
сент. 19, 2025 6:42:50 PM webapp.storage.AbstractStorage save
INFO: &amp#27;[32mSave 17f45412-8195-47bf-b41a-95d6bd0ab686(uuid9913)
сент. 19, 2025 6:42:50 PM webapp.storage.AbstractStorage save
INFO: &amp#27;[32mSave e09bcf45-0a94-45eb-8c51-6414bc6addac(uuid9914)
сент. 19, 2025 6:42:50 PM webapp.storage.AbstractStorage save
INFO: &amp#27;[32mSave 2a666ecb-3112-4269-b698-fc77dedbd41b(uuid9915)
сент. 19, 2025 6:42:50 PM webapp.storage.AbstractStorage save
INFO: &amp#27;[32mSave 456f97f6-d986-472b-8820-a11ed0b76066(uuid9916)
сент. 19, 2025 6:42:50 PM webapp.storage.AbstractStorage save
INFO: &amp#27;[32mSave 73a0ceb7-6cc4-405f-80cd-2631fb2868e2(uuid9917)
сент. 19, 2025 6:42:50 PM webapp.storage.AbstractStorage save
INFO: &amp#27;[32mSave 6dee7b4f-5dbd-4157-b57c-22488a2f4105(uuid9918)
сент. 19, 2025 6:42:50 PM webapp.storage.AbstractStorage save
INFO: &amp#27;[32mSave 473b793d-8bd2-436d-adeb-d420c1ac679e(uuid9919)
сент. 19, 2025 6:42:50 PM webapp.storage.AbstractStorage save
INFO: &amp#27;[32mSave 249ea890-39b6-4a37-8c66-3c1970ad05ad(uuid9920)
сент. 19, 2025 6:42:50 PM webapp.storage.AbstractStorage save
INFO: &amp#27;[32mSave 52f0f626-db1f-4df0-aed7-a60b83cd88ba(uuid9921)
сент. 19, 2025 6:42:50 PM webapp.storage.AbstractStorage save
INFO: &amp#27;[32mSave cedc2272-6559-4faa-881f-f38fe4f5ec76(uuid9922)
сент. 19, 2025 6:42:50 PM webapp.storage.AbstractStorage save
INFO: &amp#27;[32mSave a7616a0b-c77e-4c62-9aab-22879cc1bf45(uuid9923)
сент. 19, 2025 6:42:50 PM webapp.storage.AbstractStorage save
INFO: &amp#27;[32mSave 0db1a1d0-71e0-46a2-ba3d-d7b5d9417caa(uuid9924)
сент. 19, 2025 6:42:50 PM webapp.storage.AbstractStorage save
INFO: &amp#27;[32mSave e2550249-3bad-421a-afd0-d3a241f7cab4(uuid9925)
сент. 19, 2025 6:42:50 PM webapp.storage.AbstractStorage save
INFO: &amp#27;[32mSave 367789b2-a434-4c68-b2eb-ac6688bf7ac4(uuid9926)
сент. 19, 2025 6:42:50 PM webapp.storage.AbstractStorage save
INFO: &amp#27;[32mSave 2a3c6eab-1863-4a66-b7ae-c74d25fc69de(uuid9927)
сент. 19, 2025 6:42:50 PM webapp.storage.AbstractStorage save
INFO: &amp#27;[32mSave c0946a77-eb0e-40b3-8da6-e2586f3344fa(uuid9928)
сент. 19, 2025 6:42:50 PM webapp.storage.AbstractStorage save
INFO: &amp#27;[32mSave 4e3c2f40-3b75-4de0-9884-3a6c95c1eb20(uuid9929)
сент. 19, 2025 6:42:50 PM webapp.storage.AbstractStorage save
INFO: &amp#27;[32mSave aeae6c80-20cd-461e-8caf-7c8e12bf66f4(uuid9930)
сент. 19, 2025 6:42:50 PM webapp.storage.AbstractStorage save
INFO: &amp#27;[32mSave 3c82426e-597b-417c-ba8c-8a5a23515bd5(uuid9931)
сент. 19, 2025 6:42:50 PM webapp.storage.AbstractStorage save
INFO: &amp#27;[32mSave e0ae991a-4368-42c2-8ea7-bc1efa13dbf4(uuid9932)
сент. 19, 2025 6:42:50 PM webapp.storage.AbstractStorage save
INFO: &amp#27;[32mSave 0c5e27b8-09fe-4c36-a9af-fa1b3be58c3a(uuid9933)
сент. 19, 2025 6:42:50 PM webapp.storage.AbstractStorage save
INFO: &amp#27;[32mSave bfeda8c8-1515-42ba-843c-debfe5ee84fb(uuid9934)
сент. 19, 2025 6:42:50 PM webapp.storage.AbstractStorage save
INFO: &amp#27;[32mSave 2ef266df-533b-4195-b5b4-3bd944fc692d(uuid9935)
сент. 19, 2025 6:42:50 PM webapp.storage.AbstractStorage save
INFO: &amp#27;[32mSave 7e559cf4-d3e2-4ce5-bb04-bfbe149d33c8(uuid9936)
сент. 19, 2025 6:42:50 PM webapp.storage.AbstractStorage save
INFO: &amp#27;[32mSave cc5dddb9-3eee-4a9c-9be5-06d149ec0974(uuid9937)
сент. 19, 2025 6:42:50 PM webapp.storage.AbstractStorage save
INFO: &amp#27;[32mSave 8a3b4295-fd23-4239-a969-79455025c306(uuid9938)
сент. 19, 2025 6:42:50 PM webapp.storage.AbstractStorage save
INFO: &amp#27;[32mSave 5d0218cc-fd02-4ce2-9ac9-a74323b92d48(uuid9939)
сент. 19, 2025 6:42:50 PM webapp.storage.AbstractStorage save
INFO: &amp#27;[32mSave 602ea7f2-5aff-4c50-a0c9-cb2aa4fdc208(uuid9940)
сент. 19, 2025 6:42:50 PM webapp.storage.AbstractStorage save
INFO: &amp#27;[32mSave 9a0b2e86-32db-453e-aca6-57ecefa5997b(uuid9941)
сент. 19, 2025 6:42:50 PM webapp.storage.AbstractStorage save
INFO: &amp#27;[32mSave 3fd16381-f2ee-4bcf-97e3-df9395d6e6af(uuid9942)
сент. 19, 2025 6:42:50 PM webapp.storage.AbstractStorage save
INFO: &amp#27;[32mSave 596a356d-4739-4230-8c3f-79068b643ccd(uuid9943)
сент. 19, 2025 6:42:50 PM webapp.storage.AbstractStorage save
INFO: &amp#27;[32mSave 127ef039-90fb-4584-9089-cb2cfb35e6c5(uuid9944)
сент. 19, 2025 6:42:50 PM webapp.storage.AbstractStorage save
INFO: &amp#27;[32mSave ccc88947-a14f-4a05-9cc7-1cb909c2b051(uuid9945)
сент. 19, 2025 6:42:50 PM webapp.storage.AbstractStorage save
INFO: &amp#27;[32mSave 69129b9b-bc08-4518-8dec-081990848646(uuid9946)
сент. 19, 2025 6:42:50 PM webapp.storage.AbstractStorage save
INFO: &amp#27;[32mSave 3034b402-ca52-48c1-8a19-f9fb05a34e4e(uuid9947)
сент. 19, 2025 6:42:50 PM webapp.storage.AbstractStorage save
INFO: &amp#27;[32mSave 6e3b03e7-0513-4d29-b9d4-a96a31733a2d(uuid9948)
сент. 19, 2025 6:42:50 PM webapp.storage.AbstractStorage save
INFO: &amp#27;[32mSave c301b249-f88d-43b8-9b0a-3fceda6a900d(uuid9949)
сент. 19, 2025 6:42:50 PM webapp.storage.AbstractStorage save
INFO: &amp#27;[32mSave b5166949-8ade-4a19-8438-876fc4f8092e(uuid9950)
сент. 19, 2025 6:42:50 PM webapp.storage.AbstractStorage save
INFO: &amp#27;[32mSave cbe47616-dbee-453d-b7d6-62b558d54d8f(uuid9951)
сент. 19, 2025 6:42:50 PM webapp.storage.AbstractStorage save
INFO: &amp#27;[32mSave b3cc193e-5cd6-47dd-bf5b-fa5cc1e66803(uuid9952)
сент. 19, 2025 6:42:50 PM webapp.storage.AbstractStorage save
INFO: &amp#27;[32mSave 4c628543-3c0b-4ce5-8b4c-f9558526a2d7(uuid9953)
сент. 19, 2025 6:42:50 PM webapp.storage.AbstractStorage save
INFO: &amp#27;[32mSave 32bd4232-90e4-4ee3-ab4c-715ae5c98a7d(uuid9954)
сент. 19, 2025 6:42:50 PM webapp.storage.AbstractStorage save
INFO: &amp#27;[32mSave 54d3dd76-805f-4e36-b1a0-9b6fcdd12a25(uuid9955)
сент. 19, 2025 6:42:50 PM webapp.storage.AbstractStorage save
INFO: &amp#27;[32mSave 54d4922c-01c9-4401-bb02-8cf2099dc264(uuid9956)
сент. 19, 2025 6:42:50 PM webapp.storage.AbstractStorage save
INFO: &amp#27;[32mSave 5216a3bf-58f6-4b06-ac18-9bb6467f6467(uuid9957)
сент. 19, 2025 6:42:50 PM webapp.storage.AbstractStorage save
INFO: &amp#27;[32mSave 400f76d0-79d8-4e6c-a67e-3a838250ee1f(uuid9958)
сент. 19, 2025 6:42:50 PM webapp.storage.AbstractStorage save
INFO: &amp#27;[32mSave a4eb7eac-5d72-411c-83d3-f1e843ea53f0(uuid9959)
сент. 19, 2025 6:42:50 PM webapp.storage.AbstractStorage save
INFO: &amp#27;[32mSave 727ecf05-ac32-476c-9b52-0f60ecd767a6(uuid9960)
сент. 19, 2025 6:42:50 PM webapp.storage.AbstractStorage save
INFO: &amp#27;[32mSave 0d8fb004-111e-4f7f-8a23-72057498f623(uuid9961)
сент. 19, 2025 6:42:50 PM webapp.storage.AbstractStorage save
INFO: &amp#27;[32mSave a5108c77-56f4-4921-bb1e-32e54e91f85c(uuid9962)
сент. 19, 2025 6:42:50 PM webapp.storage.AbstractStorage save
INFO: &amp#27;[32mSave dbd3901a-fb00-4cc2-bec1-7ede217f7acc(uuid9963)
сент. 19, 2025 6:42:50 PM webapp.storage.AbstractStorage save
INFO: &amp#27;[32mSave c514cfee-b8c9-407b-be12-1048822ceaa4(uuid9964)
сент. 19, 2025 6:42:50 PM webapp.storage.AbstractStorage save
INFO: &amp#27;[32mSave 16761986-ea41-4d7f-a682-efc27d8e4860(uuid9965)
сент. 19, 2025 6:42:50 PM webapp.storage.AbstractStorage save
INFO: &amp#27;[32mSave 5cd9d5e1-4845-4de8-b16a-f08d14accc76(uuid9966)
сент. 19, 2025 6:42:50 PM webapp.storage.AbstractStorage save
INFO: &amp#27;[32mSave cc12a5bd-ef1d-4564-91b8-cda9cdf428b6(uuid9967)
сент. 19, 2025 6:42:50 PM webapp.storage.AbstractStorage save
INFO: &amp#27;[32mSave fd3e0709-79b5-469e-9919-4aade827af6b(uuid9968)
сент. 19, 2025 6:42:50 PM webapp.storage.AbstractStorage save
INFO: &amp#27;[32mSave a6b255af-825a-4f62-940c-dd6cc6650f93(uuid9969)
сент. 19, 2025 6:42:50 PM webapp.storage.AbstractStorage save
INFO: &amp#27;[32mSave faa038db-4084-4d18-9840-25bd8a2678b8(uuid9970)
сент. 19, 2025 6:42:50 PM webapp.storage.AbstractStorage save
INFO: &amp#27;[32mSave 28aff28e-832d-4430-b2fa-b7aad11ed520(uuid9971)
сент. 19, 2025 6:42:50 PM webapp.storage.AbstractStorage save
INFO: &amp#27;[32mSave 08f3110c-8ba9-4156-a491-4b9cb20ba29e(uuid9972)
сент. 19, 2025 6:42:50 PM webapp.storage.AbstractStorage save
INFO: &amp#27;[32mSave 12bae729-159f-4dcc-b947-b9417a8879f5(uuid9973)
сент. 19, 2025 6:42:50 PM webapp.storage.AbstractStorage save
INFO: &amp#27;[32mSave 40e09390-8fe1-43bb-a8c7-bec8b1e91217(uuid9974)
сент. 19, 2025 6:42:50 PM webapp.storage.AbstractStorage save
INFO: &amp#27;[32mSave a4cf4999-794d-4fd4-83f3-de1eb70d65d3(uuid9975)
сент. 19, 2025 6:42:50 PM webapp.storage.AbstractStorage save
INFO: &amp#27;[32mSave 3f0e3a63-4154-43ae-a6a2-ccb5b2002593(uuid9976)
сент. 19, 2025 6:42:50 PM webapp.storage.AbstractStorage save
INFO: &amp#27;[32mSave efa4ab77-b5d9-45e1-856f-6bc51ca47ec1(uuid9977)
сент. 19, 2025 6:42:50 PM webapp.storage.AbstractStorage save
INFO: &amp#27;[32mSave 998813d5-a0df-49e4-8e2d-ac2d938d231e(uuid9978)
сент. 19, 2025 6:42:50 PM webapp.storage.AbstractStorage save
INFO: &amp#27;[32mSave af173642-7531-443a-bdcb-13ac7ee8e47a(uuid9979)
сент. 19, 2025 6:42:50 PM webapp.storage.AbstractStorage save
INFO: &amp#27;[32mSave 5749db13-6502-4845-93dd-00852297a652(uuid9980)
сент. 19, 2025 6:42:50 PM webapp.storage.AbstractStorage save
INFO: &amp#27;[32mSave 55880d49-5049-410b-be4b-a25e44a47c9c(uuid9981)
сент. 19, 2025 6:42:50 PM webapp.storage.AbstractStorage save
INFO: &amp#27;[32mSave 94d9dc6b-f5dd-4b6e-a76b-41948e6ce3a2(uuid9982)
сент. 19, 2025 6:42:50 PM webapp.storage.AbstractStorage save
INFO: &amp#27;[32mSave ff04bb34-eac6-43b1-b59f-cc7ddd51ab34(uuid9983)
сент. 19, 2025 6:42:50 PM webapp.storage.AbstractStorage save
INFO: &amp#27;[32mSave 30ce805e-3319-4b06-bacf-c41da4eba22f(uuid9984)
сент. 19, 2025 6:42:50 PM webapp.storage.AbstractStorage save
INFO: &amp#27;[32mSave 1c63bcda-3130-4d3f-b3d5-60bbd925ab57(uuid9985)
сент. 19, 2025 6:42:50 PM webapp.storage.AbstractStorage save
INFO: &amp#27;[32mSave 6a38229c-d52d-4cf5-bdf1-8330c55d4638(uuid9986)
сент. 19, 2025 6:42:50 PM webapp.storage.AbstractStorage save
INFO: &amp#27;[32mSave f61293fc-5e35-4bff-81aa-36c2123756e0(uuid9987)
сент. 19, 2025 6:42:50 PM webapp.storage.AbstractStorage save
INFO: &amp#27;[32mSave 06775825-f711-4c2c-bcde-04ecd9d0afdb(uuid9988)
сент. 19, 2025 6:42:50 PM webapp.storage.AbstractStorage save
INFO: &amp#27;[32mSave b704ffe2-7f57-489a-9798-b6435cd22983(uuid9989)
сент. 19, 2025 6:42:50 PM webapp.storage.AbstractStorage save
INFO: &amp#27;[32mSave 189edbe5-1d55-47be-aca3-17dd3b98c239(uuid9990)
сент. 19, 2025 6:42:50 PM webapp.storage.AbstractStorage save
INFO: &amp#27;[32mSave 805352a6-1409-45cd-aaaa-d7e83f31470f(uuid9991)
сент. 19, 2025 6:42:50 PM webapp.storage.AbstractStorage save
INFO: &amp#27;[32mSave a1945707-4fdd-4193-a5e2-b7ff2377e9ae(uuid9992)
сент. 19, 2025 6:42:50 PM webapp.storage.AbstractStorage save
INFO: &amp#27;[32mSave f81cbbf4-6786-4f1a-b6e2-724f35f5895f(uuid9993)
сент. 19, 2025 6:42:50 PM webapp.storage.AbstractStorage save
INFO: &amp#27;[32mSave 37d32623-242f-430a-9649-216cd320709e(uuid9994)
сент. 19, 2025 6:42:50 PM webapp.storage.AbstractStorage save
INFO: &amp#27;[32mSave 65110e6b-f5ed-4162-8d0d-90bb0e2fa4cf(uuid9995)
сент. 19, 2025 6:42:50 PM webapp.storage.AbstractStorage save
INFO: &amp#27;[32mSave 091a8659-4708-46e3-8cbb-5ce45fe8757f(uuid9996)
сент. 19, 2025 6:42:50 PM webapp.storage.AbstractStorage save
INFO: &amp#27;[32mSave 16f07001-fb61-4821-80c6-4b6b5f93e5ed(uuid9997)
сент. 19, 2025 6:42:50 PM webapp.storage.AbstractStorage save
INFO: &amp#27;[32mSave ad1a47bd-775b-47c5-b67c-ff72615c0c25(uuid9998)
сент. 19, 2025 6:42:50 PM webapp.storage.AbstractStorage save
INFO: &amp#27;[32mSave 41d2ae76-d46d-43f8-9c09-e2e432e3afbb(uuid9999)
сент. 19, 2025 6:42:50 PM webapp.storage.AbstractStorage save
INFO: &amp#27;[32mSave 9b00b00a-7d69-4d47-983e-c5e6d33a0aa3(overflow)
]]></system-err>
  </testcase>
</testsuite>