<?xml version="1.0" encoding="UTF-8"?>
<testsuite xmlns:xsi="http://www.w3.org/2001/XMLSchema-instance" xsi:noNamespaceSchemaLocation="https://maven.apache.org/surefire/maven-surefire-plugin/xsd/surefire-test-report-3.0.xsd" version="3.0" name="main.java.webapp.storage.memory.StorageTest" time="0.692" tests="11" errors="0" skipped="0" failures="0">
  <properties>
    <property name="java.specification.version" value="21"/>
    <property name="sun.cpu.isalist" value="amd64"/>
    <property name="sun.jnu.encoding" value="Cp1251"/>
    <property name="java.class.path" value="C:\projects\basejava\target\test-classes;C:\projects\basejava\target\classes;C:\Users\Алексей\.m2\repository\org\junit\jupiter\junit-jupiter\5.10.0\junit-jupiter-5.10.0.jar;C:\Users\Алексей\.m2\repository\org\junit\jupiter\junit-jupiter-api\5.10.0\junit-jupiter-api-5.10.0.jar;C:\Users\Алексей\.m2\repository\org\opentest4j\opentest4j\1.3.0\opentest4j-1.3.0.jar;C:\Users\Алексей\.m2\repository\org\junit\jupiter\junit-jupiter-params\5.10.0\junit-jupiter-params-5.10.0.jar;C:\Users\Алексей\.m2\repository\org\junit\jupiter\junit-jupiter-engine\5.10.0\junit-jupiter-engine-5.10.0.jar;C:\Users\Алексей\.m2\repository\org\junit\platform\junit-platform-engine\1.10.0\junit-platform-engine-1.10.0.jar;C:\Users\Алексей\.m2\repository\org\junit\platform\junit-platform-suite-api\1.10.0\junit-platform-suite-api-1.10.0.jar;C:\Users\Алексей\.m2\repository\org\junit\platform\junit-platform-commons\1.10.0\junit-platform-commons-1.10.0.jar;C:\Users\Алексей\.m2\repository\org\apiguardian\apiguardian-api\1.1.2\apiguardian-api-1.1.2.jar;C:\Users\Алексей\.m2\repository\com\fasterxml\jackson\core\jackson-databind\2.17.2\jackson-databind-2.17.2.jar;C:\Users\Алексей\.m2\repository\com\fasterxml\jackson\core\jackson-annotations\2.17.2\jackson-annotations-2.17.2.jar;C:\Users\Алексей\.m2\repository\com\fasterxml\jackson\core\jackson-core\2.17.2\jackson-core-2.17.2.jar;C:\Users\Алексей\.m2\repository\jakarta\xml\bind\jakarta.xml.bind-api\4.0.0\jakarta.xml.bind-api-4.0.0.jar;C:\Users\Алексей\.m2\repository\jakarta\activation\jakarta.activation-api\2.1.0\jakarta.activation-api-2.1.0.jar;C:\Users\Алексей\.m2\repository\org\glassfish\jaxb\jaxb-runtime\4.0.0\jaxb-runtime-4.0.0.jar;C:\Users\Алексей\.m2\repository\org\glassfish\jaxb\jaxb-core\4.0.0\jaxb-core-4.0.0.jar;C:\Users\Алексей\.m2\repository\org\eclipse\angus\angus-activation\1.0.0\angus-activation-1.0.0.jar;C:\Users\Алексей\.m2\repository\org\glassfish\jaxb\txw2\4.0.0\txw2-4.0.0.jar;C:\Users\Алексей\.m2\repository\com\sun\istack\istack-commons-runtime\4.1.1\istack-commons-runtime-4.1.1.jar;"/>
    <property name="java.vm.vendor" value="Amazon.com Inc."/>
    <property name="sun.arch.data.model" value="64"/>
    <property name="user.variant" value=""/>
    <property name="java.vendor.url" value="https://aws.amazon.com/corretto/"/>
    <property name="user.timezone" value="Europe/Moscow"/>
    <property name="user.country.format" value="BY"/>
    <property name="os.name" value="Windows 10"/>
    <property name="java.vm.specification.version" value="21"/>
    <property name="sun.java.launcher" value="SUN_STANDARD"/>
    <property name="user.country" value="RU"/>
    <property name="sun.boot.library.path" value="C:\Users\Алексей\.jdks\corretto-21.0.8\bin"/>
    <property name="sun.java.command" value="C:\Users\Алексей\AppData\Local\Temp\surefire16154176100353985321\surefirebooter-20250916202156078_3.jar C:\Users\Алексей\AppData\Local\Temp\surefire16154176100353985321 2025-09-16T20-21-55_985-jvmRun1 surefire-20250916202156078_1tmp surefire_0-20250916202156078_2tmp"/>
    <property name="jdk.debug" value="release"/>
    <property name="surefire.test.class.path" value="C:\projects\basejava\target\test-classes;C:\projects\basejava\target\classes;C:\Users\Алексей\.m2\repository\org\junit\jupiter\junit-jupiter\5.10.0\junit-jupiter-5.10.0.jar;C:\Users\Алексей\.m2\repository\org\junit\jupiter\junit-jupiter-api\5.10.0\junit-jupiter-api-5.10.0.jar;C:\Users\Алексей\.m2\repository\org\opentest4j\opentest4j\1.3.0\opentest4j-1.3.0.jar;C:\Users\Алексей\.m2\repository\org\junit\jupiter\junit-jupiter-params\5.10.0\junit-jupiter-params-5.10.0.jar;C:\Users\Алексей\.m2\repository\org\junit\jupiter\junit-jupiter-engine\5.10.0\junit-jupiter-engine-5.10.0.jar;C:\Users\Алексей\.m2\repository\org\junit\platform\junit-platform-engine\1.10.0\junit-platform-engine-1.10.0.jar;C:\Users\Алексей\.m2\repository\org\junit\platform\junit-platform-suite-api\1.10.0\junit-platform-suite-api-1.10.0.jar;C:\Users\Алексей\.m2\repository\org\junit\platform\junit-platform-commons\1.10.0\junit-platform-commons-1.10.0.jar;C:\Users\Алексей\.m2\repository\org\apiguardian\apiguardian-api\1.1.2\apiguardian-api-1.1.2.jar;C:\Users\Алексей\.m2\repository\com\fasterxml\jackson\core\jackson-databind\2.17.2\jackson-databind-2.17.2.jar;C:\Users\Алексей\.m2\repository\com\fasterxml\jackson\core\jackson-annotations\2.17.2\jackson-annotations-2.17.2.jar;C:\Users\Алексей\.m2\repository\com\fasterxml\jackson\core\jackson-core\2.17.2\jackson-core-2.17.2.jar;C:\Users\Алексей\.m2\repository\jakarta\xml\bind\jakarta.xml.bind-api\4.0.0\jakarta.xml.bind-api-4.0.0.jar;C:\Users\Алексей\.m2\repository\jakarta\activation\jakarta.activation-api\2.1.0\jakarta.activation-api-2.1.0.jar;C:\Users\Алексей\.m2\repository\org\glassfish\jaxb\jaxb-runtime\4.0.0\jaxb-runtime-4.0.0.jar;C:\Users\Алексей\.m2\repository\org\glassfish\jaxb\jaxb-core\4.0.0\jaxb-core-4.0.0.jar;C:\Users\Алексей\.m2\repository\org\eclipse\angus\angus-activation\1.0.0\angus-activation-1.0.0.jar;C:\Users\Алексей\.m2\repository\org\glassfish\jaxb\txw2\4.0.0\txw2-4.0.0.jar;C:\Users\Алексей\.m2\repository\com\sun\istack\istack-commons-runtime\4.1.1\istack-commons-runtime-4.1.1.jar;"/>
    <property name="sun.cpu.endian" value="little"/>
    <property name="user.home" value="C:\Users\Алексей"/>
    <property name="user.language" value="ru"/>
    <property name="java.specification.vendor" value="Oracle Corporation"/>
    <property name="java.version.date" value="2025-07-15"/>
    <property name="java.home" value="C:\Users\Алексей\.jdks\corretto-21.0.8"/>
    <property name="file.separator" value="\"/>
    <property name="basedir" value="C:\projects\basejava"/>
    <property name="java.vm.compressedOopsMode" value="Zero based"/>
    <property name="line.separator" value="&#10;"/>
    <property name="java.vm.specification.vendor" value="Oracle Corporation"/>
    <property name="java.specification.name" value="Java Platform API Specification"/>
    <property name="surefire.real.class.path" value="C:\Users\Алексей\AppData\Local\Temp\surefire16154176100353985321\surefirebooter-20250916202156078_3.jar"/>
    <property name="user.script" value=""/>
    <property name="sun.management.compiler" value="HotSpot 64-Bit Tiered Compilers"/>
    <property name="java.runtime.version" value="21.0.8+9-LTS"/>
    <property name="user.name" value="Алексей"/>
    <property name="stdout.encoding" value="Cp1251"/>
    <property name="path.separator" value=";"/>
    <property name="os.version" value="10.0"/>
    <property name="java.runtime.name" value="OpenJDK Runtime Environment"/>
    <property name="file.encoding" value="UTF-8"/>
    <property name="java.vm.name" value="OpenJDK 64-Bit Server VM"/>
    <property name="java.vendor.version" value="Corretto-21.0.8.9.1"/>
    <property name="localRepository" value="C:\Users\Алексей\.m2\repository"/>
    <property name="java.vendor.url.bug" value="https://github.com/corretto/corretto-21/issues/"/>
    <property name="java.io.tmpdir" value="C:\Users\CD86~1\AppData\Local\Temp\"/>
    <property name="idea.version" value="2023.3.7"/>
    <property name="java.version" value="21.0.8"/>
    <property name="user.dir" value="C:\projects\basejava"/>
    <property name="os.arch" value="amd64"/>
    <property name="java.vm.specification.name" value="Java Virtual Machine Specification"/>
    <property name="sun.os.patch.level" value=""/>
    <property name="native.encoding" value="Cp1251"/>
    <property name="java.library.path" value="C:\Users\Алексей\.jdks\corretto-21.0.8\bin;C:\WINDOWS\Sun\Java\bin;C:\WINDOWS\system32;C:\WINDOWS;C:\Program Files\Common Files\Oracle\Java\javapath;C:\WINDOWS\system32;C:\WINDOWS;C:\WINDOWS\System32\Wbem;C:\WINDOWS\System32\WindowsPowerShell\v1.0\;C:\WINDOWS\System32\OpenSSH\;C:\Program Files\dotnet\;C:\Program Files (x86)\NVIDIA Corporation\PhysX\Common;C:\Program Files\NVIDIA Corporation\NVIDIA app\NvDLISR;C:\Program Files (x86)\Microsoft SQL Server\160\Tools\Binn\;C:\Program Files\Microsoft SQL Server\160\Tools\Binn\;C:\Program Files\Microsoft SQL Server\Client SDK\ODBC\170\Tools\Binn\;C:\Program Files\Microsoft SQL Server\160\DTS\Binn\;C:\Program Files (x86)\Microsoft SQL Server\160\DTS\Binn\;C:\Program Files\Git\cmd;C:\Users\Алексей\AppData\Local\Microsoft\WindowsApps;;."/>
    <property name="java.vm.info" value="mixed mode, sharing"/>
    <property name="stderr.encoding" value="Cp1251"/>
    <property name="java.vendor" value="Amazon.com Inc."/>
    <property name="java.vm.version" value="21.0.8+9-LTS"/>
    <property name="sun.io.unicode.encoding" value="UnicodeLittle"/>
    <property name="java.class.version" value="65.0"/>
  </properties>
  <testcase name="updateNotExist" classname="main.java.webapp.storage.memory.StorageTest" time="0.001">
    <system-err><![CDATA[сент. 16, 2025 8:21:57 PM webapp.storage.AbstractStorage save
INFO: &amp#27;[32mSave uuid1(Name1)
сент. 16, 2025 8:21:57 PM webapp.storage.AbstractStorage save
INFO: &amp#27;[32mSave uuid2(Name2)
сент. 16, 2025 8:21:57 PM webapp.storage.AbstractStorage save
INFO: &amp#27;[32mSave uuid3(Name3)
сент. 16, 2025 8:21:57 PM webapp.storage.AbstractStorage update
INFO: Update 2cd97f42-5769-4c32-a883-c07aaac0823f(dummy)
сент. 16, 2025 8:21:57 PM webapp.storage.AbstractStorage getFindIndex
WARNING: Resume 2cd97f42-5769-4c32-a883-c07aaac0823f not exist
]]></system-err>
  </testcase>
  <testcase name="delete" classname="main.java.webapp.storage.memory.StorageTest" time="0.0">
    <system-err><![CDATA[сент. 16, 2025 8:21:57 PM webapp.storage.AbstractStorage save
INFO: &amp#27;[32mSave uuid1(Name1)
сент. 16, 2025 8:21:57 PM webapp.storage.AbstractStorage save
INFO: &amp#27;[32mSave uuid2(Name2)
сент. 16, 2025 8:21:57 PM webapp.storage.AbstractStorage save
INFO: &amp#27;[32mSave uuid3(Name3)
сент. 16, 2025 8:21:57 PM webapp.storage.AbstractStorage delete
INFO: Delete uuid1
сент. 16, 2025 8:21:57 PM webapp.storage.AbstractStorage get
INFO: Get uuid1
сент. 16, 2025 8:21:57 PM webapp.storage.AbstractStorage getFindIndex
WARNING: Resume uuid1 not exist
]]></system-err>
  </testcase>
  <testcase name="getAll" classname="main.java.webapp.storage.memory.StorageTest" time="0.0">
    <system-err><![CDATA[сент. 16, 2025 8:21:57 PM webapp.storage.AbstractStorage save
INFO: &amp#27;[32mSave uuid1(Name1)
сент. 16, 2025 8:21:57 PM webapp.storage.AbstractStorage save
INFO: &amp#27;[32mSave uuid2(Name2)
сент. 16, 2025 8:21:57 PM webapp.storage.AbstractStorage save
INFO: &amp#27;[32mSave uuid3(Name3)
сент. 16, 2025 8:21:57 PM webapp.storage.AbstractStorage getAllSorted
INFO: getAllSorted
]]></system-err>
  </testcase>
  <testcase name="update" classname="main.java.webapp.storage.memory.StorageTest" time="0.001">
    <system-err><![CDATA[сент. 16, 2025 8:21:57 PM webapp.storage.AbstractStorage save
INFO: &amp#27;[32mSave uuid1(Name1)
сент. 16, 2025 8:21:57 PM webapp.storage.AbstractStorage save
INFO: &amp#27;[32mSave uuid2(Name2)
сент. 16, 2025 8:21:57 PM webapp.storage.AbstractStorage save
INFO: &amp#27;[32mSave uuid3(Name3)
сент. 16, 2025 8:21:57 PM webapp.storage.AbstractStorage update
INFO: Update uuid3(Name3)
сент. 16, 2025 8:21:57 PM webapp.storage.AbstractStorage get
INFO: Get uuid3
]]></system-err>
  </testcase>
  <testcase name="getNotExist" classname="main.java.webapp.storage.memory.StorageTest" time="0.001">
    <system-err><![CDATA[сент. 16, 2025 8:21:57 PM webapp.storage.AbstractStorage save
INFO: &amp#27;[32mSave uuid1(Name1)
сент. 16, 2025 8:21:57 PM webapp.storage.AbstractStorage save
INFO: &amp#27;[32mSave uuid2(Name2)
сент. 16, 2025 8:21:57 PM webapp.storage.AbstractStorage save
INFO: &amp#27;[32mSave uuid3(Name3)
сент. 16, 2025 8:21:57 PM webapp.storage.AbstractStorage get
INFO: Get dummy
сент. 16, 2025 8:21:57 PM webapp.storage.AbstractStorage getFindIndex
WARNING: Resume dummy not exist
]]></system-err>
  </testcase>
  <testcase name="deleteNotExist" classname="main.java.webapp.storage.memory.StorageTest" time="0.0">
    <system-err><![CDATA[сент. 16, 2025 8:21:57 PM webapp.storage.AbstractStorage save
INFO: &amp#27;[32mSave uuid1(Name1)
сент. 16, 2025 8:21:57 PM webapp.storage.AbstractStorage save
INFO: &amp#27;[32mSave uuid2(Name2)
сент. 16, 2025 8:21:57 PM webapp.storage.AbstractStorage save
INFO: &amp#27;[32mSave uuid3(Name3)
сент. 16, 2025 8:21:57 PM webapp.storage.AbstractStorage delete
INFO: Delete dummy
сент. 16, 2025 8:21:57 PM webapp.storage.AbstractStorage getFindIndex
WARNING: Resume dummy not exist
]]></system-err>
  </testcase>
  <testcase name="get" classname="main.java.webapp.storage.memory.StorageTest" time="0.0">
    <system-err><![CDATA[сент. 16, 2025 8:21:57 PM webapp.storage.AbstractStorage save
INFO: &amp#27;[32mSave uuid1(Name1)
сент. 16, 2025 8:21:57 PM webapp.storage.AbstractStorage save
INFO: &amp#27;[32mSave uuid2(Name2)
сент. 16, 2025 8:21:57 PM webapp.storage.AbstractStorage save
INFO: &amp#27;[32mSave uuid3(Name3)
сент. 16, 2025 8:21:57 PM webapp.storage.AbstractStorage get
INFO: Get uuid1
сент. 16, 2025 8:21:57 PM webapp.storage.AbstractStorage get
INFO: Get uuid2
сент. 16, 2025 8:21:57 PM webapp.storage.AbstractStorage get
INFO: Get uuid3
]]></system-err>
  </testcase>
  <testcase name="save" classname="main.java.webapp.storage.memory.StorageTest" time="0.0">
    <system-err><![CDATA[сент. 16, 2025 8:21:57 PM webapp.storage.AbstractStorage save
INFO: &amp#27;[32mSave uuid1(Name1)
сент. 16, 2025 8:21:57 PM webapp.storage.AbstractStorage save
INFO: &amp#27;[32mSave uuid2(Name2)
сент. 16, 2025 8:21:57 PM webapp.storage.AbstractStorage save
INFO: &amp#27;[32mSave uuid3(Name3)
сент. 16, 2025 8:21:57 PM webapp.storage.AbstractStorage save
INFO: &amp#27;[32mSave uuid4(Name4)
сент. 16, 2025 8:21:57 PM webapp.storage.AbstractStorage get
INFO: Get uuid4
]]></system-err>
  </testcase>
  <testcase name="size" classname="main.java.webapp.storage.memory.StorageTest" time="0.001">
    <system-err><![CDATA[сент. 16, 2025 8:21:57 PM webapp.storage.AbstractStorage save
INFO: &amp#27;[32mSave uuid1(Name1)
сент. 16, 2025 8:21:57 PM webapp.storage.AbstractStorage save
INFO: &amp#27;[32mSave uuid2(Name2)
сент. 16, 2025 8:21:57 PM webapp.storage.AbstractStorage save
INFO: &amp#27;[32mSave uuid3(Name3)
]]></system-err>
  </testcase>
  <testcase name="clear" classname="main.java.webapp.storage.memory.StorageTest" time="0.001">
    <system-err><![CDATA[сент. 16, 2025 8:21:57 PM webapp.storage.AbstractStorage save
INFO: &amp#27;[32mSave uuid1(Name1)
сент. 16, 2025 8:21:57 PM webapp.storage.AbstractStorage save
INFO: &amp#27;[32mSave uuid2(Name2)
сент. 16, 2025 8:21:57 PM webapp.storage.AbstractStorage save
INFO: &amp#27;[32mSave uuid3(Name3)
сент. 16, 2025 8:21:57 PM webapp.storage.AbstractStorage getAllSorted
INFO: getAllSorted
]]></system-err>
  </testcase>
  <testcase name="saveStorageException" classname="main.java.webapp.storage.memory.StorageTest" time="0.68">
    <system-err><![CDATA[сент. 16, 2025 8:21:57 PM webapp.storage.AbstractStorage save
INFO: &amp#27;[32mSave uuid1(Name1)
сент. 16, 2025 8:21:57 PM webapp.storage.AbstractStorage save
INFO: &amp#27;[32mSave uuid2(Name2)
сент. 16, 2025 8:21:57 PM webapp.storage.AbstractStorage save
INFO: &amp#27;[32mSave uuid3(Name3)
сент. 16, 2025 8:21:57 PM webapp.storage.AbstractStorage save
INFO: &amp#27;[32mSave a1058775-5f1c-4131-9488-076e7d4a55d8(uuid0)
сент. 16, 2025 8:21:57 PM webapp.storage.AbstractStorage save
INFO: &amp#27;[32mSave a80fcd99-7bdb-4d40-8265-1b6f8d367770(uuid1)
сент. 16, 2025 8:21:57 PM webapp.storage.AbstractStorage save
INFO: &amp#27;[32mSave 661998d5-f1d2-4438-ac72-3b3da7510b43(uuid2)
сент. 16, 2025 8:21:57 PM webapp.storage.AbstractStorage save
INFO: &amp#27;[32mSave dc0e9710-9ffa-4e57-9f82-f9947f4c4d19(uuid3)
сент. 16, 2025 8:21:57 PM webapp.storage.AbstractStorage save
INFO: &amp#27;[32mSave b4a32251-6592-4164-b77b-6c9bd5b31a9f(uuid4)
сент. 16, 2025 8:21:57 PM webapp.storage.AbstractStorage save
INFO: &amp#27;[32mSave 7e4e31cc-00d8-4d97-9507-55fb77387ddf(uuid5)
сент. 16, 2025 8:21:57 PM webapp.storage.AbstractStorage save
INFO: &amp#27;[32mSave 89ff121f-894e-4f38-af32-067a09d901e1(uuid6)
сент. 16, 2025 8:21:57 PM webapp.storage.AbstractStorage save
INFO: &amp#27;[32mSave e3f6c0f1-b6b3-47db-b059-a6c87f358333(uuid7)
сент. 16, 2025 8:21:57 PM webapp.storage.AbstractStorage save
INFO: &amp#27;[32mSave fcc6a0f0-16fe-4cde-a6ac-8f0fab0aae38(uuid8)
сент. 16, 2025 8:21:57 PM webapp.storage.AbstractStorage save
INFO: &amp#27;[32mSave e1c3085d-0fde-4218-b5c4-d3e0f222d6ab(uuid9)
сент. 16, 2025 8:21:57 PM webapp.storage.AbstractStorage save
INFO: &amp#27;[32mSave b5318f4b-8de7-449e-a560-60e3448670fe(uuid10)
сент. 16, 2025 8:21:57 PM webapp.storage.AbstractStorage save
INFO: &amp#27;[32mSave 56e86826-1339-45be-b658-816147c8d3dc(uuid11)
сент. 16, 2025 8:21:57 PM webapp.storage.AbstractStorage save
INFO: &amp#27;[32mSave 6c7a9f12-eb95-47cf-9c6b-74f010c05fbe(uuid12)
сент. 16, 2025 8:21:57 PM webapp.storage.AbstractStorage save
INFO: &amp#27;[32mSave 36b45e51-c0d3-453b-9c19-1f767f459978(uuid13)
сент. 16, 2025 8:21:57 PM webapp.storage.AbstractStorage save
INFO: &amp#27;[32mSave af7ecd29-6235-4436-ae76-c5266c9ca87a(uuid14)
сент. 16, 2025 8:21:57 PM webapp.storage.AbstractStorage save
INFO: &amp#27;[32mSave c40af0c3-038b-4d1c-abc8-ce34632f3e25(uuid15)
сент. 16, 2025 8:21:57 PM webapp.storage.AbstractStorage save
INFO: &amp#27;[32mSave d792c3ee-fc94-4d1d-ad8b-8bdc3af4807f(uuid16)
сент. 16, 2025 8:21:57 PM webapp.storage.AbstractStorage save
INFO: &amp#27;[32mSave 9b2daf90-0a8c-409a-a98f-60e2b0384db8(uuid17)
сент. 16, 2025 8:21:57 PM webapp.storage.AbstractStorage save
INFO: &amp#27;[32mSave 8d5b708e-3b91-4d9f-a7d6-802357e259c4(uuid18)
сент. 16, 2025 8:21:57 PM webapp.storage.AbstractStorage save
INFO: &amp#27;[32mSave 2626615b-ff15-48bb-821b-df17031d775d(uuid19)
сент. 16, 2025 8:21:57 PM webapp.storage.AbstractStorage save
INFO: &amp#27;[32mSave 473eb333-a813-4f09-813e-cd5ce8134743(uuid20)
сент. 16, 2025 8:21:57 PM webapp.storage.AbstractStorage save
INFO: &amp#27;[32mSave ae1e9075-8739-48df-9b02-2630bbfc1264(uuid21)
сент. 16, 2025 8:21:57 PM webapp.storage.AbstractStorage save
INFO: &amp#27;[32mSave f7005d3a-930d-430b-ad71-deaefb178162(uuid22)
сент. 16, 2025 8:21:57 PM webapp.storage.AbstractStorage save
INFO: &amp#27;[32mSave 96fdf74a-b877-47c4-8c22-abb8974f5697(uuid23)
сент. 16, 2025 8:21:57 PM webapp.storage.AbstractStorage save
INFO: &amp#27;[32mSave 2f4de6a5-7979-40fc-b20d-9e5175ec0934(uuid24)
сент. 16, 2025 8:21:57 PM webapp.storage.AbstractStorage save
INFO: &amp#27;[32mSave 83fbdcd1-dd84-4a60-ae36-5b7ddeaad602(uuid25)
сент. 16, 2025 8:21:57 PM webapp.storage.AbstractStorage save
INFO: &amp#27;[32mSave e29b41b3-1176-4cb1-9cda-3339df0df99c(uuid26)
сент. 16, 2025 8:21:57 PM webapp.storage.AbstractStorage save
INFO: &amp#27;[32mSave 13b8430d-d7ba-47d2-bd9f-51b41e366339(uuid27)
сент. 16, 2025 8:21:57 PM webapp.storage.AbstractStorage save
INFO: &amp#27;[32mSave a720042e-278d-4de6-bda6-1cccc6eac767(uuid28)
сент. 16, 2025 8:21:57 PM webapp.storage.AbstractStorage save
INFO: &amp#27;[32mSave 1dd0e80c-8b3e-47ba-88d0-f6c170800c6b(uuid29)
сент. 16, 2025 8:21:57 PM webapp.storage.AbstractStorage save
INFO: &amp#27;[32mSave 34136b95-e80b-4a45-aae8-bdbb1f973837(uuid30)
сент. 16, 2025 8:21:57 PM webapp.storage.AbstractStorage save
INFO: &amp#27;[32mSave 91ed293d-9092-454f-b67b-bb26118cae7b(uuid31)
сент. 16, 2025 8:21:57 PM webapp.storage.AbstractStorage save
INFO: &amp#27;[32mSave bb0f0570-c888-40c3-b673-c7b73b8b0b9f(uuid32)
сент. 16, 2025 8:21:57 PM webapp.storage.AbstractStorage save
INFO: &amp#27;[32mSave f0601aed-5629-435c-9b3c-7da96cea7bb2(uuid33)
сент. 16, 2025 8:21:57 PM webapp.storage.AbstractStorage save
INFO: &amp#27;[32mSave bba7b78c-c6e7-47ce-86e0-95caa51d7fe2(uuid34)
сент. 16, 2025 8:21:57 PM webapp.storage.AbstractStorage save
INFO: &amp#27;[32mSave 7af39636-18ff-4251-a85e-375ea6438ed1(uuid35)
сент. 16, 2025 8:21:57 PM webapp.storage.AbstractStorage save
INFO: &amp#27;[32mSave 71bd98a3-8541-4bb7-aa82-8d4ca977f0c8(uuid36)
сент. 16, 2025 8:21:57 PM webapp.storage.AbstractStorage save
INFO: &amp#27;[32mSave 67280593-a77c-4a43-8afd-8b61a2f23f1c(uuid37)
сент. 16, 2025 8:21:57 PM webapp.storage.AbstractStorage save
INFO: &amp#27;[32mSave fd9e3772-1f83-4d08-ba86-9314cfdd1a76(uuid38)
сент. 16, 2025 8:21:57 PM webapp.storage.AbstractStorage save
INFO: &amp#27;[32mSave 968db5b8-e319-49f6-acf9-ea5d9ccc7d97(uuid39)
сент. 16, 2025 8:21:57 PM webapp.storage.AbstractStorage save
INFO: &amp#27;[32mSave b07ca1b5-0906-4e85-a157-de29d9fba851(uuid40)
сент. 16, 2025 8:21:57 PM webapp.storage.AbstractStorage save
INFO: &amp#27;[32mSave a046adc5-0aa3-4ab2-912f-4420a8e1ddcb(uuid41)
сент. 16, 2025 8:21:57 PM webapp.storage.AbstractStorage save
INFO: &amp#27;[32mSave 240de6ad-4050-40f7-9f32-6f9024453b68(uuid42)
сент. 16, 2025 8:21:57 PM webapp.storage.AbstractStorage save
INFO: &amp#27;[32mSave b0f7df08-e614-4376-a5cf-bfb5ae4ca4a0(uuid43)
сент. 16, 2025 8:21:57 PM webapp.storage.AbstractStorage save
INFO: &amp#27;[32mSave 6457caaf-0a43-4f54-83f3-6a7a8c6d75ad(uuid44)
сент. 16, 2025 8:21:57 PM webapp.storage.AbstractStorage save
INFO: &amp#27;[32mSave c65de142-859e-4c30-b554-b3d3dd6e7b49(uuid45)
сент. 16, 2025 8:21:57 PM webapp.storage.AbstractStorage save
INFO: &amp#27;[32mSave 8d8c9667-90d7-427e-89ab-d9ba4a4b96ab(uuid46)
сент. 16, 2025 8:21:57 PM webapp.storage.AbstractStorage save
INFO: &amp#27;[32mSave 6a8cdacf-b1cb-44b7-b5eb-5f5e3bf8f9bd(uuid47)
сент. 16, 2025 8:21:57 PM webapp.storage.AbstractStorage save
INFO: &amp#27;[32mSave 095a882d-a1e0-46a7-8802-f41a0ced62df(uuid48)
сент. 16, 2025 8:21:57 PM webapp.storage.AbstractStorage save
INFO: &amp#27;[32mSave bd4c7437-49f8-4758-bd46-4e4196ad72c7(uuid49)
сент. 16, 2025 8:21:57 PM webapp.storage.AbstractStorage save
INFO: &amp#27;[32mSave 2926ad8b-50b6-412f-96f6-c1ba2b172861(uuid50)
сент. 16, 2025 8:21:57 PM webapp.storage.AbstractStorage save
INFO: &amp#27;[32mSave 194083ca-49bd-4f4a-8d61-b68c436206aa(uuid51)
сент. 16, 2025 8:21:57 PM webapp.storage.AbstractStorage save
INFO: &amp#27;[32mSave 6e1ed0f1-9783-4fd4-9694-e28fd9c1f3b1(uuid52)
сент. 16, 2025 8:21:57 PM webapp.storage.AbstractStorage save
INFO: &amp#27;[32mSave a938e1bd-6cd1-4860-a287-985a8d52cefb(uuid53)
сент. 16, 2025 8:21:57 PM webapp.storage.AbstractStorage save
INFO: &amp#27;[32mSave 2940a7eb-311c-47ec-94d8-2ed26da1465d(uuid54)
сент. 16, 2025 8:21:57 PM webapp.storage.AbstractStorage save
INFO: &amp#27;[32mSave f5d271f4-8bf9-4536-bbf7-7c493691ad11(uuid55)
сент. 16, 2025 8:21:57 PM webapp.storage.AbstractStorage save
INFO: &amp#27;[32mSave 51a5e5ef-766a-416d-bc8c-7f6b69dd78ce(uuid56)
сент. 16, 2025 8:21:57 PM webapp.storage.AbstractStorage save
INFO: &amp#27;[32mSave 4d67d6de-6eec-4984-b5d7-dfd081cafa71(uuid57)
сент. 16, 2025 8:21:57 PM webapp.storage.AbstractStorage save
INFO: &amp#27;[32mSave ed05465c-07af-4543-9356-2727ee3f20b3(uuid58)
сент. 16, 2025 8:21:57 PM webapp.storage.AbstractStorage save
INFO: &amp#27;[32mSave 93dfa54c-8aef-4b11-ad27-3753be8100f8(uuid59)
сент. 16, 2025 8:21:57 PM webapp.storage.AbstractStorage save
INFO: &amp#27;[32mSave ab6bb0a5-6369-4a16-8ff3-744b9ad9911a(uuid60)
сент. 16, 2025 8:21:57 PM webapp.storage.AbstractStorage save
INFO: &amp#27;[32mSave b969cf75-7536-4fec-87bc-c5106633ba05(uuid61)
сент. 16, 2025 8:21:57 PM webapp.storage.AbstractStorage save
INFO: &amp#27;[32mSave 2c480323-175e-490e-a287-f5a051c7171a(uuid62)
сент. 16, 2025 8:21:57 PM webapp.storage.AbstractStorage save
INFO: &amp#27;[32mSave 5e881c6a-4abe-40d0-aadc-fc40e4e9db52(uuid63)
сент. 16, 2025 8:21:57 PM webapp.storage.AbstractStorage save
INFO: &amp#27;[32mSave f54204bf-197a-450e-be1e-57c64b4a72f3(uuid64)
сент. 16, 2025 8:21:57 PM webapp.storage.AbstractStorage save
INFO: &amp#27;[32mSave c5322835-1296-4f6f-a8da-a4bf4195ce01(uuid65)
сент. 16, 2025 8:21:57 PM webapp.storage.AbstractStorage save
INFO: &amp#27;[32mSave 3aee1057-879d-4fdd-93ff-0fa4791ad8cf(uuid66)
сент. 16, 2025 8:21:57 PM webapp.storage.AbstractStorage save
INFO: &amp#27;[32mSave 7c02ed03-dbf0-454c-af05-64c25ca3ea1c(uuid67)
сент. 16, 2025 8:21:57 PM webapp.storage.AbstractStorage save
INFO: &amp#27;[32mSave 3267c2e5-38fc-4c17-8a34-a0d1b1ac5063(uuid68)
сент. 16, 2025 8:21:57 PM webapp.storage.AbstractStorage save
INFO: &amp#27;[32mSave e52bf2a7-c657-4250-932c-b10bc14c7cdd(uuid69)
сент. 16, 2025 8:21:57 PM webapp.storage.AbstractStorage save
INFO: &amp#27;[32mSave 517da161-391c-4996-8abb-fb22842c8b66(uuid70)
сент. 16, 2025 8:21:57 PM webapp.storage.AbstractStorage save
INFO: &amp#27;[32mSave c525a27e-eea3-4812-869f-0e70c883aadb(uuid71)
сент. 16, 2025 8:21:57 PM webapp.storage.AbstractStorage save
INFO: &amp#27;[32mSave d20005cc-357f-483d-addd-39d75865ae8c(uuid72)
сент. 16, 2025 8:21:57 PM webapp.storage.AbstractStorage save
INFO: &amp#27;[32mSave 5c7eb2e0-f13e-4c61-ae7c-b8babc54ee29(uuid73)
сент. 16, 2025 8:21:57 PM webapp.storage.AbstractStorage save
INFO: &amp#27;[32mSave 73b16ed1-d17c-418d-9eb5-4465a30d5b5c(uuid74)
сент. 16, 2025 8:21:57 PM webapp.storage.AbstractStorage save
INFO: &amp#27;[32mSave a7407e84-10fb-41f6-bd1b-740a6d6cb511(uuid75)
сент. 16, 2025 8:21:57 PM webapp.storage.AbstractStorage save
INFO: &amp#27;[32mSave 66e63a86-6899-4d54-8b67-c94d9ecc2420(uuid76)
сент. 16, 2025 8:21:57 PM webapp.storage.AbstractStorage save
INFO: &amp#27;[32mSave 41485664-99f6-419a-b4da-def5dc5ff573(uuid77)
сент. 16, 2025 8:21:57 PM webapp.storage.AbstractStorage save
INFO: &amp#27;[32mSave e1690ec2-fa99-490e-9024-54123575ce1c(uuid78)
сент. 16, 2025 8:21:57 PM webapp.storage.AbstractStorage save
INFO: &amp#27;[32mSave e7991bec-2d6d-44bd-8de2-13d3ce008f0a(uuid79)
сент. 16, 2025 8:21:57 PM webapp.storage.AbstractStorage save
INFO: &amp#27;[32mSave cc107116-a58a-4ba1-9a98-a1e73eed6eae(uuid80)
сент. 16, 2025 8:21:57 PM webapp.storage.AbstractStorage save
INFO: &amp#27;[32mSave 1dbe420f-bdbc-46c1-b88f-3093034008bf(uuid81)
сент. 16, 2025 8:21:57 PM webapp.storage.AbstractStorage save
INFO: &amp#27;[32mSave 760cbd3c-2d81-4c3a-a31b-9efc6d684745(uuid82)
сент. 16, 2025 8:21:57 PM webapp.storage.AbstractStorage save
INFO: &amp#27;[32mSave 65de8446-6e23-4ae4-a027-5611cd4f1270(uuid83)
сент. 16, 2025 8:21:57 PM webapp.storage.AbstractStorage save
INFO: &amp#27;[32mSave fac8aea4-cadd-4945-8325-381dc310c8ed(uuid84)
сент. 16, 2025 8:21:57 PM webapp.storage.AbstractStorage save
INFO: &amp#27;[32mSave 12e6a3c8-8582-4b95-9447-45def2f5a266(uuid85)
сент. 16, 2025 8:21:57 PM webapp.storage.AbstractStorage save
INFO: &amp#27;[32mSave 018ba19d-bac5-4967-a36c-94e98d4d88db(uuid86)
сент. 16, 2025 8:21:57 PM webapp.storage.AbstractStorage save
INFO: &amp#27;[32mSave 679078f9-2099-4427-8d5e-bfb83fe38e08(uuid87)
сент. 16, 2025 8:21:57 PM webapp.storage.AbstractStorage save
INFO: &amp#27;[32mSave f0231075-9cf4-4614-9bc2-57a51676d072(uuid88)
сент. 16, 2025 8:21:57 PM webapp.storage.AbstractStorage save
INFO: &amp#27;[32mSave a3e046e7-fde1-47e6-aac6-054a04ef118d(uuid89)
сент. 16, 2025 8:21:57 PM webapp.storage.AbstractStorage save
INFO: &amp#27;[32mSave 0a16a6e2-175e-4fe9-998c-74ced627c3d4(uuid90)
сент. 16, 2025 8:21:57 PM webapp.storage.AbstractStorage save
INFO: &amp#27;[32mSave d84a03dc-05f2-4f6f-93af-2edd37eea8e6(uuid91)
сент. 16, 2025 8:21:57 PM webapp.storage.AbstractStorage save
INFO: &amp#27;[32mSave ea023385-8b5b-46ce-b5a3-d6b8ac54a6e2(uuid92)
сент. 16, 2025 8:21:57 PM webapp.storage.AbstractStorage save
INFO: &amp#27;[32mSave d94cb2f7-1f32-45d5-be65-b5a4e92f8c41(uuid93)
сент. 16, 2025 8:21:57 PM webapp.storage.AbstractStorage save
INFO: &amp#27;[32mSave a71ff6f3-2630-4d6e-a776-02080c39f354(uuid94)
сент. 16, 2025 8:21:57 PM webapp.storage.AbstractStorage save
INFO: &amp#27;[32mSave a4473883-8f8d-4650-965f-d386ec16e06d(uuid95)
сент. 16, 2025 8:21:57 PM webapp.storage.AbstractStorage save
INFO: &amp#27;[32mSave e87a3d98-451d-4d1f-8a70-9009912d3588(uuid96)
сент. 16, 2025 8:21:57 PM webapp.storage.AbstractStorage save
INFO: &amp#27;[32mSave 214f7fd8-3aba-4d53-a4ee-53bbcf4bd1d9(uuid97)
сент. 16, 2025 8:21:57 PM webapp.storage.AbstractStorage save
INFO: &amp#27;[32mSave dc406192-599e-4c43-86f0-5d2adb9d2f25(uuid98)
сент. 16, 2025 8:21:57 PM webapp.storage.AbstractStorage save
INFO: &amp#27;[32mSave a2cc40a0-df42-4b17-a416-fa239e9441cc(uuid99)
сент. 16, 2025 8:21:57 PM webapp.storage.AbstractStorage save
INFO: &amp#27;[32mSave 7798f091-6647-4c54-8b93-79184e1b3aef(uuid100)
сент. 16, 2025 8:21:57 PM webapp.storage.AbstractStorage save
INFO: &amp#27;[32mSave dc003f15-9f58-4f84-a340-d6a49f96072b(uuid101)
сент. 16, 2025 8:21:57 PM webapp.storage.AbstractStorage save
INFO: &amp#27;[32mSave 06c8a0b3-9c97-4be5-916d-4b1e0f690cd8(uuid102)
сент. 16, 2025 8:21:57 PM webapp.storage.AbstractStorage save
INFO: &amp#27;[32mSave f793558e-5db3-4411-ac4d-e1b8c2de27ef(uuid103)
сент. 16, 2025 8:21:57 PM webapp.storage.AbstractStorage save
INFO: &amp#27;[32mSave 139209c9-4e3b-4f16-a9c2-e3fbd1d9c185(uuid104)
сент. 16, 2025 8:21:57 PM webapp.storage.AbstractStorage save
INFO: &amp#27;[32mSave 8db10c06-ff6f-4c29-a50b-2195867d6d43(uuid105)
сент. 16, 2025 8:21:57 PM webapp.storage.AbstractStorage save
INFO: &amp#27;[32mSave 76a331c6-7edc-45d1-9d24-557365aba629(uuid106)
сент. 16, 2025 8:21:57 PM webapp.storage.AbstractStorage save
INFO: &amp#27;[32mSave a7139b2b-e1bf-4515-9af2-8f482059cd4f(uuid107)
сент. 16, 2025 8:21:57 PM webapp.storage.AbstractStorage save
INFO: &amp#27;[32mSave 7f690932-8762-4711-be11-8afeb09428c8(uuid108)
сент. 16, 2025 8:21:57 PM webapp.storage.AbstractStorage save
INFO: &amp#27;[32mSave 0fccb763-ee4a-441f-b6cf-a014a7629637(uuid109)
сент. 16, 2025 8:21:57 PM webapp.storage.AbstractStorage save
INFO: &amp#27;[32mSave bf49904e-9a6b-4fd6-9710-b427677eaf25(uuid110)
сент. 16, 2025 8:21:57 PM webapp.storage.AbstractStorage save
INFO: &amp#27;[32mSave f3affc8c-8823-4830-8ccb-34b1d09bac14(uuid111)
сент. 16, 2025 8:21:57 PM webapp.storage.AbstractStorage save
INFO: &amp#27;[32mSave cd0de4f2-eb98-456c-9b97-fe28d5982160(uuid112)
сент. 16, 2025 8:21:57 PM webapp.storage.AbstractStorage save
INFO: &amp#27;[32mSave 663933ae-36e0-4a12-b31a-f8d3a356b119(uuid113)
сент. 16, 2025 8:21:57 PM webapp.storage.AbstractStorage save
INFO: &amp#27;[32mSave 35799b85-3f09-481d-af3e-34c8bc1e81ea(uuid114)
сент. 16, 2025 8:21:57 PM webapp.storage.AbstractStorage save
INFO: &amp#27;[32mSave 83eb73dc-66c8-47d0-b411-53cafe9b2a92(uuid115)
сент. 16, 2025 8:21:57 PM webapp.storage.AbstractStorage save
INFO: &amp#27;[32mSave fe87a608-4763-433e-af8b-b6d0638c4b70(uuid116)
сент. 16, 2025 8:21:57 PM webapp.storage.AbstractStorage save
INFO: &amp#27;[32mSave 83f6d8d2-959b-449e-88aa-a3d2069afe82(uuid117)
сент. 16, 2025 8:21:57 PM webapp.storage.AbstractStorage save
INFO: &amp#27;[32mSave e1208460-e9d2-490e-8ab1-b8b2a7943fd1(uuid118)
сент. 16, 2025 8:21:57 PM webapp.storage.AbstractStorage save
INFO: &amp#27;[32mSave 9535f229-e6b3-46bc-b07d-be879a3213cb(uuid119)
сент. 16, 2025 8:21:57 PM webapp.storage.AbstractStorage save
INFO: &amp#27;[32mSave 2a3e84e7-c16e-4877-8bcd-ab16a6299867(uuid120)
сент. 16, 2025 8:21:57 PM webapp.storage.AbstractStorage save
INFO: &amp#27;[32mSave 497d39cd-a11d-40bf-a2ad-18119e56bf68(uuid121)
сент. 16, 2025 8:21:57 PM webapp.storage.AbstractStorage save
INFO: &amp#27;[32mSave c6f73278-3269-47ce-877b-d7ae0ed2ca24(uuid122)
сент. 16, 2025 8:21:57 PM webapp.storage.AbstractStorage save
INFO: &amp#27;[32mSave 836cc69e-d9d2-4e0b-a68b-d7e1496e73f0(uuid123)
сент. 16, 2025 8:21:57 PM webapp.storage.AbstractStorage save
INFO: &amp#27;[32mSave 5c39d431-4b04-44f6-aded-8141189abec4(uuid124)
сент. 16, 2025 8:21:57 PM webapp.storage.AbstractStorage save
INFO: &amp#27;[32mSave e7135ff5-7224-4300-930a-583c50ada4c3(uuid125)
сент. 16, 2025 8:21:57 PM webapp.storage.AbstractStorage save
INFO: &amp#27;[32mSave 2ef3e1ae-4797-407f-82aa-051fd93de36a(uuid126)
сент. 16, 2025 8:21:57 PM webapp.storage.AbstractStorage save
INFO: &amp#27;[32mSave 122f03fb-faef-41d2-ad02-5e9baab9de93(uuid127)
сент. 16, 2025 8:21:57 PM webapp.storage.AbstractStorage save
INFO: &amp#27;[32mSave cd27dfdb-4fb8-4092-989e-d24e1e5e78ae(uuid128)
сент. 16, 2025 8:21:57 PM webapp.storage.AbstractStorage save
INFO: &amp#27;[32mSave e57c5c54-0cc0-44f9-9838-88363f0814eb(uuid129)
сент. 16, 2025 8:21:57 PM webapp.storage.AbstractStorage save
INFO: &amp#27;[32mSave bcda5ce0-f9e8-44d5-9c13-965ef9c385df(uuid130)
сент. 16, 2025 8:21:57 PM webapp.storage.AbstractStorage save
INFO: &amp#27;[32mSave 4775cdbb-994c-49d2-bb28-e48c6e5ece0e(uuid131)
сент. 16, 2025 8:21:57 PM webapp.storage.AbstractStorage save
INFO: &amp#27;[32mSave 441d6327-f327-4b1a-8c85-31e9a07fa387(uuid132)
сент. 16, 2025 8:21:57 PM webapp.storage.AbstractStorage save
INFO: &amp#27;[32mSave 4e4977eb-bcf6-4d3e-95e7-f2312530271e(uuid133)
сент. 16, 2025 8:21:57 PM webapp.storage.AbstractStorage save
INFO: &amp#27;[32mSave 7478961b-09ad-4358-a8b9-5a6b6f8275b2(uuid134)
сент. 16, 2025 8:21:57 PM webapp.storage.AbstractStorage save
INFO: &amp#27;[32mSave cd9067b6-3ede-4076-83b8-bb1fafb88ca3(uuid135)
сент. 16, 2025 8:21:57 PM webapp.storage.AbstractStorage save
INFO: &amp#27;[32mSave 0e8b8b23-7be3-403b-87e0-e58eebebbc4b(uuid136)
сент. 16, 2025 8:21:57 PM webapp.storage.AbstractStorage save
INFO: &amp#27;[32mSave b111fd86-5aeb-47a9-ab8b-0ef0ed1be8b4(uuid137)
сент. 16, 2025 8:21:57 PM webapp.storage.AbstractStorage save
INFO: &amp#27;[32mSave ea650190-c30b-4155-a743-7b0bc9653629(uuid138)
сент. 16, 2025 8:21:57 PM webapp.storage.AbstractStorage save
INFO: &amp#27;[32mSave aa1af2e6-2ec1-4551-b00f-982fd8468a19(uuid139)
сент. 16, 2025 8:21:57 PM webapp.storage.AbstractStorage save
INFO: &amp#27;[32mSave 11bb93b4-acf9-4369-a15e-52b33a2d691b(uuid140)
сент. 16, 2025 8:21:57 PM webapp.storage.AbstractStorage save
INFO: &amp#27;[32mSave 52c50b3c-8a51-4a1b-a9c4-7f727c4e7af5(uuid141)
сент. 16, 2025 8:21:57 PM webapp.storage.AbstractStorage save
INFO: &amp#27;[32mSave c67cd6fb-959e-4e67-a130-def698f033f6(uuid142)
сент. 16, 2025 8:21:57 PM webapp.storage.AbstractStorage save
INFO: &amp#27;[32mSave ffea3844-7333-497b-812a-9075c4a1ed8b(uuid143)
сент. 16, 2025 8:21:57 PM webapp.storage.AbstractStorage save
INFO: &amp#27;[32mSave 031b797f-9e06-4289-90f7-9fdf2e2ccbb9(uuid144)
сент. 16, 2025 8:21:57 PM webapp.storage.AbstractStorage save
INFO: &amp#27;[32mSave ea15c4bf-a564-40d6-acad-f4440f4df49a(uuid145)
сент. 16, 2025 8:21:57 PM webapp.storage.AbstractStorage save
INFO: &amp#27;[32mSave e0079ce8-7901-4b95-b9ef-0aec6f586d07(uuid146)
сент. 16, 2025 8:21:57 PM webapp.storage.AbstractStorage save
INFO: &amp#27;[32mSave 618ddc9d-10c4-4065-a632-fb12ab0c44b1(uuid147)
сент. 16, 2025 8:21:57 PM webapp.storage.AbstractStorage save
INFO: &amp#27;[32mSave 08677305-0748-4d7e-9e18-f8e15087047e(uuid148)
сент. 16, 2025 8:21:57 PM webapp.storage.AbstractStorage save
INFO: &amp#27;[32mSave 84612c64-3f08-479f-a9d1-0609db809ab4(uuid149)
сент. 16, 2025 8:21:57 PM webapp.storage.AbstractStorage save
INFO: &amp#27;[32mSave 545b91a1-3eb2-48ea-b350-9bbf5575ef83(uuid150)
сент. 16, 2025 8:21:57 PM webapp.storage.AbstractStorage save
INFO: &amp#27;[32mSave ecb23eaf-8523-4281-a6d4-a11d330f0e57(uuid151)
сент. 16, 2025 8:21:57 PM webapp.storage.AbstractStorage save
INFO: &amp#27;[32mSave f6804bbc-fc1c-4f67-8168-d1265d002806(uuid152)
сент. 16, 2025 8:21:57 PM webapp.storage.AbstractStorage save
INFO: &amp#27;[32mSave ed9fe743-5a59-4fe7-b533-fdb3a05bb49a(uuid153)
сент. 16, 2025 8:21:57 PM webapp.storage.AbstractStorage save
INFO: &amp#27;[32mSave 90496231-13c3-4722-a42a-25a05cbb6bec(uuid154)
сент. 16, 2025 8:21:57 PM webapp.storage.AbstractStorage save
INFO: &amp#27;[32mSave 8b1de1d0-27b0-4778-ab62-61c5cbc05572(uuid155)
сент. 16, 2025 8:21:57 PM webapp.storage.AbstractStorage save
INFO: &amp#27;[32mSave 72247af5-13d0-4e9a-8afa-3bc22f0a4b97(uuid156)
сент. 16, 2025 8:21:57 PM webapp.storage.AbstractStorage save
INFO: &amp#27;[32mSave a8d827ce-4d4d-46df-aaf6-214edd4522ea(uuid157)
сент. 16, 2025 8:21:57 PM webapp.storage.AbstractStorage save
INFO: &amp#27;[32mSave 7ecf5989-96cb-44c9-90c1-f64c8e3176b7(uuid158)
сент. 16, 2025 8:21:57 PM webapp.storage.AbstractStorage save
INFO: &amp#27;[32mSave f4bd1a6a-b42c-415a-85e0-9f0d66fa9ab0(uuid159)
сент. 16, 2025 8:21:57 PM webapp.storage.AbstractStorage save
INFO: &amp#27;[32mSave 24776c83-21aa-4c5c-b06c-74168b649625(uuid160)
сент. 16, 2025 8:21:57 PM webapp.storage.AbstractStorage save
INFO: &amp#27;[32mSave 9cb89fce-35f1-42e6-b994-b06f628c38cd(uuid161)
сент. 16, 2025 8:21:57 PM webapp.storage.AbstractStorage save
INFO: &amp#27;[32mSave 4ae56499-2952-4c18-b124-4010d03b5140(uuid162)
сент. 16, 2025 8:21:57 PM webapp.storage.AbstractStorage save
INFO: &amp#27;[32mSave 9311e504-465f-4111-9b6a-fc127b385b1e(uuid163)
сент. 16, 2025 8:21:57 PM webapp.storage.AbstractStorage save
INFO: &amp#27;[32mSave 92ec4cc3-c8d2-44bf-887e-060c95339731(uuid164)
сент. 16, 2025 8:21:57 PM webapp.storage.AbstractStorage save
INFO: &amp#27;[32mSave e5ba6431-69bd-485c-9f7b-2d294e9a8ad8(uuid165)
сент. 16, 2025 8:21:57 PM webapp.storage.AbstractStorage save
INFO: &amp#27;[32mSave c658aa86-c213-4f37-bfd4-e02b04ace154(uuid166)
сент. 16, 2025 8:21:57 PM webapp.storage.AbstractStorage save
INFO: &amp#27;[32mSave dc4cb7aa-027c-4c0a-8a2b-b5f247498705(uuid167)
сент. 16, 2025 8:21:57 PM webapp.storage.AbstractStorage save
INFO: &amp#27;[32mSave b70bc5de-739f-40b6-940f-b21bcd93d137(uuid168)
сент. 16, 2025 8:21:57 PM webapp.storage.AbstractStorage save
INFO: &amp#27;[32mSave 03a13445-9cba-4bf1-8329-5703f3d59247(uuid169)
сент. 16, 2025 8:21:57 PM webapp.storage.AbstractStorage save
INFO: &amp#27;[32mSave ecc2a9bf-65d2-450e-b880-651001613f32(uuid170)
сент. 16, 2025 8:21:57 PM webapp.storage.AbstractStorage save
INFO: &amp#27;[32mSave c2fed152-df08-497d-9fc7-9064527e0524(uuid171)
сент. 16, 2025 8:21:57 PM webapp.storage.AbstractStorage save
INFO: &amp#27;[32mSave 561b118e-9fa7-4cb2-8097-c0a59fdf1c04(uuid172)
сент. 16, 2025 8:21:57 PM webapp.storage.AbstractStorage save
INFO: &amp#27;[32mSave 9f9c605e-6ede-4e80-92b3-8a1d1f346c02(uuid173)
сент. 16, 2025 8:21:57 PM webapp.storage.AbstractStorage save
INFO: &amp#27;[32mSave 6e6ebe07-6f53-4924-b542-169330dcf1cc(uuid174)
сент. 16, 2025 8:21:57 PM webapp.storage.AbstractStorage save
INFO: &amp#27;[32mSave 7a1d960e-5651-49b1-853a-6948a6881edb(uuid175)
сент. 16, 2025 8:21:57 PM webapp.storage.AbstractStorage save
INFO: &amp#27;[32mSave 1705e062-ba64-4fbb-9a11-5ae3f61084ca(uuid176)
сент. 16, 2025 8:21:57 PM webapp.storage.AbstractStorage save
INFO: &amp#27;[32mSave b8fadfb1-6ed4-4a1e-868b-88eece4747d1(uuid177)
сент. 16, 2025 8:21:57 PM webapp.storage.AbstractStorage save
INFO: &amp#27;[32mSave 2d845af5-454f-44e6-9b2f-55e51ad4f905(uuid178)
сент. 16, 2025 8:21:57 PM webapp.storage.AbstractStorage save
INFO: &amp#27;[32mSave 012923de-d367-46fe-929c-a18ab762c538(uuid179)
сент. 16, 2025 8:21:57 PM webapp.storage.AbstractStorage save
INFO: &amp#27;[32mSave db424635-2bb4-490f-8136-053d676a9692(uuid180)
сент. 16, 2025 8:21:57 PM webapp.storage.AbstractStorage save
INFO: &amp#27;[32mSave ce2f924c-ff1c-4e65-bd24-79b06b5e7c81(uuid181)
сент. 16, 2025 8:21:57 PM webapp.storage.AbstractStorage save
INFO: &amp#27;[32mSave 51f8e6d1-921c-49c4-b8b9-5ffb7e5fbf9b(uuid182)
сент. 16, 2025 8:21:57 PM webapp.storage.AbstractStorage save
INFO: &amp#27;[32mSave dbeb1cdb-1654-4056-b94a-18754321d6fb(uuid183)
сент. 16, 2025 8:21:57 PM webapp.storage.AbstractStorage save
INFO: &amp#27;[32mSave 276240fd-d27d-4f77-80ec-8f9d16d105d5(uuid184)
сент. 16, 2025 8:21:57 PM webapp.storage.AbstractStorage save
INFO: &amp#27;[32mSave f1f43ed5-e153-455c-a484-e7ca96a16930(uuid185)
сент. 16, 2025 8:21:57 PM webapp.storage.AbstractStorage save
INFO: &amp#27;[32mSave 793b04e0-c0e5-4e9f-b83c-cb18ed863b45(uuid186)
сент. 16, 2025 8:21:57 PM webapp.storage.AbstractStorage save
INFO: &amp#27;[32mSave f05a2248-e1ba-440d-832a-588bd229ef23(uuid187)
сент. 16, 2025 8:21:57 PM webapp.storage.AbstractStorage save
INFO: &amp#27;[32mSave b1cb4b17-329f-4597-9e83-cd7b7d0006d9(uuid188)
сент. 16, 2025 8:21:57 PM webapp.storage.AbstractStorage save
INFO: &amp#27;[32mSave 4b17d5e7-890a-4dc3-b021-3ba0e0258e71(uuid189)
сент. 16, 2025 8:21:57 PM webapp.storage.AbstractStorage save
INFO: &amp#27;[32mSave e4593877-1366-4530-b77b-0b884ea2a065(uuid190)
сент. 16, 2025 8:21:57 PM webapp.storage.AbstractStorage save
INFO: &amp#27;[32mSave 38cc8f4d-ca5d-4be1-bb82-e9e8c4fac55a(uuid191)
сент. 16, 2025 8:21:57 PM webapp.storage.AbstractStorage save
INFO: &amp#27;[32mSave 0ff7fd25-a5d0-4678-9e12-2c0f74e957db(uuid192)
сент. 16, 2025 8:21:57 PM webapp.storage.AbstractStorage save
INFO: &amp#27;[32mSave 0ae318a9-373c-4b2f-afd3-6895575b7ab7(uuid193)
сент. 16, 2025 8:21:57 PM webapp.storage.AbstractStorage save
INFO: &amp#27;[32mSave 2040fb04-8129-421b-bebf-8f379aae4d6c(uuid194)
сент. 16, 2025 8:21:57 PM webapp.storage.AbstractStorage save
INFO: &amp#27;[32mSave a2b0a2ab-18d8-4a95-b660-984470cd8321(uuid195)
сент. 16, 2025 8:21:57 PM webapp.storage.AbstractStorage save
INFO: &amp#27;[32mSave 3343cad6-500a-49a2-a9d9-8259ba07dab9(uuid196)
сент. 16, 2025 8:21:57 PM webapp.storage.AbstractStorage save
INFO: &amp#27;[32mSave 6bdae589-d5aa-4083-9320-dd3e76bac2b3(uuid197)
сент. 16, 2025 8:21:57 PM webapp.storage.AbstractStorage save
INFO: &amp#27;[32mSave d5df6034-fcea-4078-ba2b-f1d89bb88a6d(uuid198)
сент. 16, 2025 8:21:57 PM webapp.storage.AbstractStorage save
INFO: &amp#27;[32mSave 0c23e73f-af1b-4bf1-ae1e-b8a78b43c91c(uuid199)
сент. 16, 2025 8:21:57 PM webapp.storage.AbstractStorage save
INFO: &amp#27;[32mSave 3a4bc293-04be-45ab-94d9-45498eea7b1b(uuid200)
сент. 16, 2025 8:21:57 PM webapp.storage.AbstractStorage save
INFO: &amp#27;[32mSave e97b13ee-2b3e-4062-a601-dfbca0d4e3c7(uuid201)
сент. 16, 2025 8:21:57 PM webapp.storage.AbstractStorage save
INFO: &amp#27;[32mSave a6eeaf08-c25a-4c56-af08-386f9945e13d(uuid202)
сент. 16, 2025 8:21:57 PM webapp.storage.AbstractStorage save
INFO: &amp#27;[32mSave 09a94f0d-29f7-4497-9588-d70a304e9fcb(uuid203)
сент. 16, 2025 8:21:57 PM webapp.storage.AbstractStorage save
INFO: &amp#27;[32mSave ed5b6668-9c53-485a-8547-8c6367f82400(uuid204)
сент. 16, 2025 8:21:57 PM webapp.storage.AbstractStorage save
INFO: &amp#27;[32mSave 31917f48-4810-4008-9d95-1907efaeeb23(uuid205)
сент. 16, 2025 8:21:57 PM webapp.storage.AbstractStorage save
INFO: &amp#27;[32mSave ad88f6a9-b771-4f41-bc55-4078228d07cd(uuid206)
сент. 16, 2025 8:21:57 PM webapp.storage.AbstractStorage save
INFO: &amp#27;[32mSave 937b83bf-f9c9-444a-a9c2-fdf75284ab3b(uuid207)
сент. 16, 2025 8:21:57 PM webapp.storage.AbstractStorage save
INFO: &amp#27;[32mSave 48afbd48-6b89-499a-987a-9173968d747e(uuid208)
сент. 16, 2025 8:21:57 PM webapp.storage.AbstractStorage save
INFO: &amp#27;[32mSave d7da652c-d76d-47f4-855b-4ff9a41e468e(uuid209)
сент. 16, 2025 8:21:57 PM webapp.storage.AbstractStorage save
INFO: &amp#27;[32mSave 2ada98b0-98b8-4537-bd26-9709ede3868d(uuid210)
сент. 16, 2025 8:21:57 PM webapp.storage.AbstractStorage save
INFO: &amp#27;[32mSave da397707-392d-45ea-9c45-142bbc9a8c13(uuid211)
сент. 16, 2025 8:21:57 PM webapp.storage.AbstractStorage save
INFO: &amp#27;[32mSave 2ba30f77-b423-4a20-b0c3-01bb35fbd7b4(uuid212)
сент. 16, 2025 8:21:57 PM webapp.storage.AbstractStorage save
INFO: &amp#27;[32mSave 30da19c0-5444-4acf-9c5f-e90feb36279f(uuid213)
сент. 16, 2025 8:21:57 PM webapp.storage.AbstractStorage save
INFO: &amp#27;[32mSave 67480eff-d1fd-4550-bb2a-4ab4c4cb2216(uuid214)
сент. 16, 2025 8:21:57 PM webapp.storage.AbstractStorage save
INFO: &amp#27;[32mSave 245a8b12-7c66-46ae-b120-9201b49cb72d(uuid215)
сент. 16, 2025 8:21:57 PM webapp.storage.AbstractStorage save
INFO: &amp#27;[32mSave 884ad9a1-cddf-4a9c-b9fe-6db4f49ddca3(uuid216)
сент. 16, 2025 8:21:57 PM webapp.storage.AbstractStorage save
INFO: &amp#27;[32mSave 49d46993-ea3a-4e00-8443-55ef2b42bc49(uuid217)
сент. 16, 2025 8:21:57 PM webapp.storage.AbstractStorage save
INFO: &amp#27;[32mSave a367326b-e667-464d-ad72-d6b55a69703e(uuid218)
сент. 16, 2025 8:21:57 PM webapp.storage.AbstractStorage save
INFO: &amp#27;[32mSave 5427f893-a637-42bf-a347-df9b4b441a63(uuid219)
сент. 16, 2025 8:21:57 PM webapp.storage.AbstractStorage save
INFO: &amp#27;[32mSave 4e210dca-e226-4b72-a5e1-dc240e458ad2(uuid220)
сент. 16, 2025 8:21:57 PM webapp.storage.AbstractStorage save
INFO: &amp#27;[32mSave 8ecead73-37dc-4084-bf15-ab88e8bca8ef(uuid221)
сент. 16, 2025 8:21:57 PM webapp.storage.AbstractStorage save
INFO: &amp#27;[32mSave 06af4c19-e728-45d4-8394-d21ddc767da6(uuid222)
сент. 16, 2025 8:21:57 PM webapp.storage.AbstractStorage save
INFO: &amp#27;[32mSave 55f8d9d0-3638-4bd1-9c66-6af7ce20febe(uuid223)
сент. 16, 2025 8:21:57 PM webapp.storage.AbstractStorage save
INFO: &amp#27;[32mSave eec35525-c49c-4df9-b2cf-84829f5734a1(uuid224)
сент. 16, 2025 8:21:57 PM webapp.storage.AbstractStorage save
INFO: &amp#27;[32mSave a9f5582b-a4f3-4fd9-85da-bcfbe522719d(uuid225)
сент. 16, 2025 8:21:57 PM webapp.storage.AbstractStorage save
INFO: &amp#27;[32mSave d886e350-c958-48e9-91d3-90c56af847f9(uuid226)
сент. 16, 2025 8:21:57 PM webapp.storage.AbstractStorage save
INFO: &amp#27;[32mSave 3bb6fff8-9c0e-4368-96ff-7da5abff9c52(uuid227)
сент. 16, 2025 8:21:57 PM webapp.storage.AbstractStorage save
INFO: &amp#27;[32mSave a7cd36b0-c318-4c5e-9ce3-a9488f349c25(uuid228)
сент. 16, 2025 8:21:57 PM webapp.storage.AbstractStorage save
INFO: &amp#27;[32mSave d1340f31-c1d2-498b-bddd-bdbf619c7a5c(uuid229)
сент. 16, 2025 8:21:57 PM webapp.storage.AbstractStorage save
INFO: &amp#27;[32mSave 19c9c924-c979-413f-95df-2b6303c78df6(uuid230)
сент. 16, 2025 8:21:57 PM webapp.storage.AbstractStorage save
INFO: &amp#27;[32mSave d5176dfc-7773-400f-a228-ee15093ca4f2(uuid231)
сент. 16, 2025 8:21:57 PM webapp.storage.AbstractStorage save
INFO: &amp#27;[32mSave 6bfebb41-faa8-45e7-b715-a333a1cc4546(uuid232)
сент. 16, 2025 8:21:57 PM webapp.storage.AbstractStorage save
INFO: &amp#27;[32mSave e23747a4-0f3d-43cd-a28d-cea5bd7cc22b(uuid233)
сент. 16, 2025 8:21:57 PM webapp.storage.AbstractStorage save
INFO: &amp#27;[32mSave 8ba39c44-1b2f-437f-8b99-f0933f0e5f0b(uuid234)
сент. 16, 2025 8:21:57 PM webapp.storage.AbstractStorage save
INFO: &amp#27;[32mSave e8d83f74-5743-4037-885a-916c795067d2(uuid235)
сент. 16, 2025 8:21:57 PM webapp.storage.AbstractStorage save
INFO: &amp#27;[32mSave aea76bc1-6e76-4789-bc2a-cd702f481c45(uuid236)
сент. 16, 2025 8:21:57 PM webapp.storage.AbstractStorage save
INFO: &amp#27;[32mSave f905938c-0cce-42ed-a4c5-958c84ab7b2c(uuid237)
сент. 16, 2025 8:21:57 PM webapp.storage.AbstractStorage save
INFO: &amp#27;[32mSave 234e4921-974f-4b05-943d-85761c0135f0(uuid238)
сент. 16, 2025 8:21:57 PM webapp.storage.AbstractStorage save
INFO: &amp#27;[32mSave 2c2bc94f-56ae-4b7e-8cf2-593a3acc1b41(uuid239)
сент. 16, 2025 8:21:57 PM webapp.storage.AbstractStorage save
INFO: &amp#27;[32mSave deb4d728-b640-439e-9c21-67581ec47d09(uuid240)
сент. 16, 2025 8:21:57 PM webapp.storage.AbstractStorage save
INFO: &amp#27;[32mSave 5ddaaadb-c408-4357-b2aa-3b5c0874d55c(uuid241)
сент. 16, 2025 8:21:57 PM webapp.storage.AbstractStorage save
INFO: &amp#27;[32mSave 74b25b61-5d4d-4a7f-a71a-764f5016352d(uuid242)
сент. 16, 2025 8:21:57 PM webapp.storage.AbstractStorage save
INFO: &amp#27;[32mSave e728579d-100e-4d59-beb8-1370bac3babd(uuid243)
сент. 16, 2025 8:21:57 PM webapp.storage.AbstractStorage save
INFO: &amp#27;[32mSave 146b8c27-69cb-4707-a899-208d81eb0ff6(uuid244)
сент. 16, 2025 8:21:57 PM webapp.storage.AbstractStorage save
INFO: &amp#27;[32mSave 085a1b04-f5fe-4848-8380-fc5a14a4ffc9(uuid245)
сент. 16, 2025 8:21:57 PM webapp.storage.AbstractStorage save
INFO: &amp#27;[32mSave dcbbf37d-ca91-4464-8b22-b91fcf5a0683(uuid246)
сент. 16, 2025 8:21:57 PM webapp.storage.AbstractStorage save
INFO: &amp#27;[32mSave 30b7ffa5-37aa-47dc-a727-4ab323c10253(uuid247)
сент. 16, 2025 8:21:57 PM webapp.storage.AbstractStorage save
INFO: &amp#27;[32mSave feaeee93-ef82-4c08-96d7-81937c4d4745(uuid248)
сент. 16, 2025 8:21:57 PM webapp.storage.AbstractStorage save
INFO: &amp#27;[32mSave cc3f9f77-6086-4dc2-b67e-a4e1329a04f4(uuid249)
сент. 16, 2025 8:21:57 PM webapp.storage.AbstractStorage save
INFO: &amp#27;[32mSave c0677fdd-408c-46a1-8506-a677a7959e21(uuid250)
сент. 16, 2025 8:21:57 PM webapp.storage.AbstractStorage save
INFO: &amp#27;[32mSave b2743cdb-8a49-4b96-b5fc-f06c0109984c(uuid251)
сент. 16, 2025 8:21:57 PM webapp.storage.AbstractStorage save
INFO: &amp#27;[32mSave ad908320-6f7d-41ad-9b10-328ccc68338f(uuid252)
сент. 16, 2025 8:21:57 PM webapp.storage.AbstractStorage save
INFO: &amp#27;[32mSave d40e2816-73bb-48ee-8e56-6e24096db142(uuid253)
сент. 16, 2025 8:21:57 PM webapp.storage.AbstractStorage save
INFO: &amp#27;[32mSave e6586166-1678-4f4a-96f2-31a200914157(uuid254)
сент. 16, 2025 8:21:57 PM webapp.storage.AbstractStorage save
INFO: &amp#27;[32mSave 9e074163-e216-48cb-8e50-8e2266ec1c68(uuid255)
сент. 16, 2025 8:21:57 PM webapp.storage.AbstractStorage save
INFO: &amp#27;[32mSave 55026535-9b69-426c-bd07-619087b65b35(uuid256)
сент. 16, 2025 8:21:57 PM webapp.storage.AbstractStorage save
INFO: &amp#27;[32mSave 0fec95a5-1c19-4d71-8912-5aab803b6931(uuid257)
сент. 16, 2025 8:21:57 PM webapp.storage.AbstractStorage save
INFO: &amp#27;[32mSave f9e9018e-d285-4b2e-ae47-6ff29721256a(uuid258)
сент. 16, 2025 8:21:57 PM webapp.storage.AbstractStorage save
INFO: &amp#27;[32mSave d2200ab1-c771-4162-88cb-cb59a5e9f417(uuid259)
сент. 16, 2025 8:21:57 PM webapp.storage.AbstractStorage save
INFO: &amp#27;[32mSave f3c8d78e-870f-468a-a495-6515b26af7a7(uuid260)
сент. 16, 2025 8:21:57 PM webapp.storage.AbstractStorage save
INFO: &amp#27;[32mSave b60ef9c0-90bf-423f-9853-975e61d3fc73(uuid261)
сент. 16, 2025 8:21:57 PM webapp.storage.AbstractStorage save
INFO: &amp#27;[32mSave ae628fcf-54d8-42ba-adbe-260fa485bb5d(uuid262)
сент. 16, 2025 8:21:57 PM webapp.storage.AbstractStorage save
INFO: &amp#27;[32mSave 770e2daa-44d0-459f-a1fd-76b7c99febaa(uuid263)
сент. 16, 2025 8:21:57 PM webapp.storage.AbstractStorage save
INFO: &amp#27;[32mSave 1d0195a5-fa49-4116-9c81-bf03b89d5063(uuid264)
сент. 16, 2025 8:21:57 PM webapp.storage.AbstractStorage save
INFO: &amp#27;[32mSave e1e07708-81b3-43ab-b8b4-32361ebfc887(uuid265)
сент. 16, 2025 8:21:57 PM webapp.storage.AbstractStorage save
INFO: &amp#27;[32mSave 3bd24aca-6ee8-48e9-bd2b-9944a055d8bc(uuid266)
сент. 16, 2025 8:21:57 PM webapp.storage.AbstractStorage save
INFO: &amp#27;[32mSave a0cb8500-32aa-4d95-ba05-f175d1824552(uuid267)
сент. 16, 2025 8:21:57 PM webapp.storage.AbstractStorage save
INFO: &amp#27;[32mSave 8eaaa641-76af-49dc-bda3-48ae6c812874(uuid268)
сент. 16, 2025 8:21:57 PM webapp.storage.AbstractStorage save
INFO: &amp#27;[32mSave c952d14b-5d26-4215-b741-e90adcdf4fcd(uuid269)
сент. 16, 2025 8:21:57 PM webapp.storage.AbstractStorage save
INFO: &amp#27;[32mSave 254295e6-e02d-44a3-ae4f-a3675620b892(uuid270)
сент. 16, 2025 8:21:57 PM webapp.storage.AbstractStorage save
INFO: &amp#27;[32mSave 74e8a06f-e275-4969-92ad-d269cfa3d75f(uuid271)
сент. 16, 2025 8:21:57 PM webapp.storage.AbstractStorage save
INFO: &amp#27;[32mSave a5b90758-7681-42ba-a8ac-722d81f68a16(uuid272)
сент. 16, 2025 8:21:57 PM webapp.storage.AbstractStorage save
INFO: &amp#27;[32mSave 25af57d7-7a29-4941-89be-09d10559eec2(uuid273)
сент. 16, 2025 8:21:57 PM webapp.storage.AbstractStorage save
INFO: &amp#27;[32mSave b4d22574-542c-4526-86dc-8d9a7565e93d(uuid274)
сент. 16, 2025 8:21:57 PM webapp.storage.AbstractStorage save
INFO: &amp#27;[32mSave 77532a40-7681-4c1a-99b5-ba808c8af0d1(uuid275)
сент. 16, 2025 8:21:57 PM webapp.storage.AbstractStorage save
INFO: &amp#27;[32mSave 062b905e-f89f-4fd9-abb6-2ca242be7ae8(uuid276)
сент. 16, 2025 8:21:57 PM webapp.storage.AbstractStorage save
INFO: &amp#27;[32mSave 91605494-0f08-4385-a2ee-900737c0a423(uuid277)
сент. 16, 2025 8:21:57 PM webapp.storage.AbstractStorage save
INFO: &amp#27;[32mSave ae6364bd-13e8-4da2-b32d-939d99ce0230(uuid278)
сент. 16, 2025 8:21:57 PM webapp.storage.AbstractStorage save
INFO: &amp#27;[32mSave 08746333-800b-46c1-ba8c-f47de7ff1cf3(uuid279)
сент. 16, 2025 8:21:57 PM webapp.storage.AbstractStorage save
INFO: &amp#27;[32mSave 787ed39e-bbb9-4742-bebe-70a2c24f0bb5(uuid280)
сент. 16, 2025 8:21:57 PM webapp.storage.AbstractStorage save
INFO: &amp#27;[32mSave cee35bfa-5faf-46a8-addb-49808c89491b(uuid281)
сент. 16, 2025 8:21:57 PM webapp.storage.AbstractStorage save
INFO: &amp#27;[32mSave 3ddf9cdc-2305-4f06-b8a5-91a108d2efbc(uuid282)
сент. 16, 2025 8:21:57 PM webapp.storage.AbstractStorage save
INFO: &amp#27;[32mSave 436fc5e5-66a8-46b5-af15-5826184fd862(uuid283)
сент. 16, 2025 8:21:57 PM webapp.storage.AbstractStorage save
INFO: &amp#27;[32mSave ab33a8f4-5db4-452a-bec4-dc9a47526eb5(uuid284)
сент. 16, 2025 8:21:57 PM webapp.storage.AbstractStorage save
INFO: &amp#27;[32mSave 5009687c-0b82-4b50-b8fd-14cac8c43a60(uuid285)
сент. 16, 2025 8:21:57 PM webapp.storage.AbstractStorage save
INFO: &amp#27;[32mSave 4740a63f-3bf5-47ff-b98b-3fd836896f5f(uuid286)
сент. 16, 2025 8:21:57 PM webapp.storage.AbstractStorage save
INFO: &amp#27;[32mSave a3c1dd75-1824-42af-b0fc-46bdd6235314(uuid287)
сент. 16, 2025 8:21:57 PM webapp.storage.AbstractStorage save
INFO: &amp#27;[32mSave 5f56c32f-c4e2-4711-8320-c6b9ea64e0c3(uuid288)
сент. 16, 2025 8:21:57 PM webapp.storage.AbstractStorage save
INFO: &amp#27;[32mSave 3ece5c9f-4125-4634-82fa-4e64154535d1(uuid289)
сент. 16, 2025 8:21:57 PM webapp.storage.AbstractStorage save
INFO: &amp#27;[32mSave e4dcb962-9476-473b-aec8-7a357c8cf839(uuid290)
сент. 16, 2025 8:21:57 PM webapp.storage.AbstractStorage save
INFO: &amp#27;[32mSave ccee1102-0423-4753-b3d0-3a084b37afd4(uuid291)
сент. 16, 2025 8:21:57 PM webapp.storage.AbstractStorage save
INFO: &amp#27;[32mSave aa50618f-0b9a-4805-9a13-a36a4f4cc67d(uuid292)
сент. 16, 2025 8:21:57 PM webapp.storage.AbstractStorage save
INFO: &amp#27;[32mSave 5d28c646-f977-494c-afd4-6d4bc300752f(uuid293)
сент. 16, 2025 8:21:57 PM webapp.storage.AbstractStorage save
INFO: &amp#27;[32mSave f4cbc868-3495-4365-903c-806f77c30ec4(uuid294)
сент. 16, 2025 8:21:57 PM webapp.storage.AbstractStorage save
INFO: &amp#27;[32mSave 2196dd0d-361b-4b63-a406-400fc99d5f91(uuid295)
сент. 16, 2025 8:21:57 PM webapp.storage.AbstractStorage save
INFO: &amp#27;[32mSave 9b13d843-f77b-4173-b9f6-19a36da1a3d4(uuid296)
сент. 16, 2025 8:21:57 PM webapp.storage.AbstractStorage save
INFO: &amp#27;[32mSave 8992a331-8ac9-4d18-8731-7c7a70cadda4(uuid297)
сент. 16, 2025 8:21:57 PM webapp.storage.AbstractStorage save
INFO: &amp#27;[32mSave 3e5c7124-5c38-426a-9249-62263d6fe269(uuid298)
сент. 16, 2025 8:21:57 PM webapp.storage.AbstractStorage save
INFO: &amp#27;[32mSave c6e3bb69-1cc9-4296-83d9-72dbf8a8252e(uuid299)
сент. 16, 2025 8:21:57 PM webapp.storage.AbstractStorage save
INFO: &amp#27;[32mSave c6c85611-8d02-4775-86cc-3bac3d918c16(uuid300)
сент. 16, 2025 8:21:57 PM webapp.storage.AbstractStorage save
INFO: &amp#27;[32mSave 1cd51bea-cf21-4152-a66f-d7e1dee10c12(uuid301)
сент. 16, 2025 8:21:57 PM webapp.storage.AbstractStorage save
INFO: &amp#27;[32mSave f063309e-b61a-47f5-8a0e-a7577bf08407(uuid302)
сент. 16, 2025 8:21:57 PM webapp.storage.AbstractStorage save
INFO: &amp#27;[32mSave 3d166663-1f20-4c4e-abad-f39d72590546(uuid303)
сент. 16, 2025 8:21:57 PM webapp.storage.AbstractStorage save
INFO: &amp#27;[32mSave 2b31c914-69c7-4497-94da-40867cc1894a(uuid304)
сент. 16, 2025 8:21:57 PM webapp.storage.AbstractStorage save
INFO: &amp#27;[32mSave 294ad40f-d6e4-4a7f-b49a-d98ee314d69f(uuid305)
сент. 16, 2025 8:21:57 PM webapp.storage.AbstractStorage save
INFO: &amp#27;[32mSave 38fbadc4-6276-460a-82e4-5e7a0f45dad2(uuid306)
сент. 16, 2025 8:21:57 PM webapp.storage.AbstractStorage save
INFO: &amp#27;[32mSave a79e587b-6b04-40d0-97c4-cad8224528cc(uuid307)
сент. 16, 2025 8:21:57 PM webapp.storage.AbstractStorage save
INFO: &amp#27;[32mSave 94d57340-d5dd-4b25-9c64-ab48d60223a2(uuid308)
сент. 16, 2025 8:21:57 PM webapp.storage.AbstractStorage save
INFO: &amp#27;[32mSave abd2502f-6f8f-47bc-82d7-08180aa44684(uuid309)
сент. 16, 2025 8:21:57 PM webapp.storage.AbstractStorage save
INFO: &amp#27;[32mSave 651b8af4-38bb-4bf7-b7a4-45ffdba3125d(uuid310)
сент. 16, 2025 8:21:57 PM webapp.storage.AbstractStorage save
INFO: &amp#27;[32mSave 3a6c98b8-0527-4e40-830f-5ab9a0a1c4b3(uuid311)
сент. 16, 2025 8:21:57 PM webapp.storage.AbstractStorage save
INFO: &amp#27;[32mSave d56b355f-a704-415a-a1f3-19cf40b3cb5c(uuid312)
сент. 16, 2025 8:21:57 PM webapp.storage.AbstractStorage save
INFO: &amp#27;[32mSave d26456d3-4999-48e2-8435-55dd301f636b(uuid313)
сент. 16, 2025 8:21:57 PM webapp.storage.AbstractStorage save
INFO: &amp#27;[32mSave afac9dae-8b7c-4233-baa1-48bc580ebb6a(uuid314)
сент. 16, 2025 8:21:57 PM webapp.storage.AbstractStorage save
INFO: &amp#27;[32mSave c894a7ed-80fa-4176-a769-5293b5c1e903(uuid315)
сент. 16, 2025 8:21:57 PM webapp.storage.AbstractStorage save
INFO: &amp#27;[32mSave 5dcf93b4-1d9c-48f4-ab67-b690d12c1745(uuid316)
сент. 16, 2025 8:21:57 PM webapp.storage.AbstractStorage save
INFO: &amp#27;[32mSave 250df6a4-9cf3-43d3-8f7c-41b1585d2144(uuid317)
сент. 16, 2025 8:21:57 PM webapp.storage.AbstractStorage save
INFO: &amp#27;[32mSave e723c832-86c0-4fa2-b491-0afa7814a102(uuid318)
сент. 16, 2025 8:21:57 PM webapp.storage.AbstractStorage save
INFO: &amp#27;[32mSave ceba8c85-210d-4b3d-9311-9e133402af15(uuid319)
сент. 16, 2025 8:21:57 PM webapp.storage.AbstractStorage save
INFO: &amp#27;[32mSave 36838db7-7707-421f-bc8c-77ae9636ff9e(uuid320)
сент. 16, 2025 8:21:57 PM webapp.storage.AbstractStorage save
INFO: &amp#27;[32mSave cbc0eed1-71ad-40ab-8e2c-6029580e11d6(uuid321)
сент. 16, 2025 8:21:57 PM webapp.storage.AbstractStorage save
INFO: &amp#27;[32mSave 0fcbcaa0-fcc7-49ea-80c5-39e491f65063(uuid322)
сент. 16, 2025 8:21:57 PM webapp.storage.AbstractStorage save
INFO: &amp#27;[32mSave e04b57d1-f057-4bec-960a-4e48f0bff46b(uuid323)
сент. 16, 2025 8:21:57 PM webapp.storage.AbstractStorage save
INFO: &amp#27;[32mSave 702fea13-3d75-498e-860a-8de49e3f43ed(uuid324)
сент. 16, 2025 8:21:57 PM webapp.storage.AbstractStorage save
INFO: &amp#27;[32mSave 9391951e-e997-4192-bda3-b0772054b491(uuid325)
сент. 16, 2025 8:21:57 PM webapp.storage.AbstractStorage save
INFO: &amp#27;[32mSave 63af9f0a-36ab-4ac5-9714-4fe93b6b78ad(uuid326)
сент. 16, 2025 8:21:57 PM webapp.storage.AbstractStorage save
INFO: &amp#27;[32mSave 8490b3ae-b10e-489d-9ec5-79f641b4b57d(uuid327)
сент. 16, 2025 8:21:57 PM webapp.storage.AbstractStorage save
INFO: &amp#27;[32mSave 4e41be92-75a7-41ae-9851-d35bcc08189d(uuid328)
сент. 16, 2025 8:21:57 PM webapp.storage.AbstractStorage save
INFO: &amp#27;[32mSave bd9f0492-be6d-426d-9483-b53db9fa0d6e(uuid329)
сент. 16, 2025 8:21:57 PM webapp.storage.AbstractStorage save
INFO: &amp#27;[32mSave 2e1d55c1-89f9-4314-89d9-b911c10df6fa(uuid330)
сент. 16, 2025 8:21:57 PM webapp.storage.AbstractStorage save
INFO: &amp#27;[32mSave ec5c4065-95f1-4108-91a8-a4f85ac8da24(uuid331)
сент. 16, 2025 8:21:57 PM webapp.storage.AbstractStorage save
INFO: &amp#27;[32mSave bfda9a3e-c7ed-4741-abc7-b4390f8700ce(uuid332)
сент. 16, 2025 8:21:57 PM webapp.storage.AbstractStorage save
INFO: &amp#27;[32mSave c6788cb9-00ab-4c2e-bc4f-7400a2d0717e(uuid333)
сент. 16, 2025 8:21:57 PM webapp.storage.AbstractStorage save
INFO: &amp#27;[32mSave 0b04149f-9a3b-4055-888c-3146c6028868(uuid334)
сент. 16, 2025 8:21:57 PM webapp.storage.AbstractStorage save
INFO: &amp#27;[32mSave d0d69927-789b-4bb7-b450-dd8dec7f5317(uuid335)
сент. 16, 2025 8:21:57 PM webapp.storage.AbstractStorage save
INFO: &amp#27;[32mSave fe88ce11-4a25-494b-9c58-700dee44a79d(uuid336)
сент. 16, 2025 8:21:57 PM webapp.storage.AbstractStorage save
INFO: &amp#27;[32mSave ec2f9b0b-726e-41ea-a87e-8b7bbc748f6f(uuid337)
сент. 16, 2025 8:21:57 PM webapp.storage.AbstractStorage save
INFO: &amp#27;[32mSave 055fcca5-f5ce-4d28-9bcc-ad41901b9a47(uuid338)
сент. 16, 2025 8:21:57 PM webapp.storage.AbstractStorage save
INFO: &amp#27;[32mSave 2af409d6-a6d5-47ab-b9dd-3bd86b38bd12(uuid339)
сент. 16, 2025 8:21:57 PM webapp.storage.AbstractStorage save
INFO: &amp#27;[32mSave 2ca8702e-db1c-46b5-9a05-2a601e36a169(uuid340)
сент. 16, 2025 8:21:57 PM webapp.storage.AbstractStorage save
INFO: &amp#27;[32mSave 03ff3927-7213-48f0-956b-6bc990f1f228(uuid341)
сент. 16, 2025 8:21:57 PM webapp.storage.AbstractStorage save
INFO: &amp#27;[32mSave 697faefb-9818-4de2-a219-34b712293ca9(uuid342)
сент. 16, 2025 8:21:57 PM webapp.storage.AbstractStorage save
INFO: &amp#27;[32mSave 0a86d95d-1dd0-4a70-9454-0bb49c0a49e2(uuid343)
сент. 16, 2025 8:21:57 PM webapp.storage.AbstractStorage save
INFO: &amp#27;[32mSave 63d18e2d-299c-48cf-9147-5663b80f84f6(uuid344)
сент. 16, 2025 8:21:57 PM webapp.storage.AbstractStorage save
INFO: &amp#27;[32mSave 8517563c-6a92-4e79-8bc8-1c2a532f8a52(uuid345)
сент. 16, 2025 8:21:57 PM webapp.storage.AbstractStorage save
INFO: &amp#27;[32mSave 2441eec7-ab9e-48f0-9080-585e0dbf1ffe(uuid346)
сент. 16, 2025 8:21:57 PM webapp.storage.AbstractStorage save
INFO: &amp#27;[32mSave 3e58684c-22fa-4bc9-a706-54e624abe079(uuid347)
сент. 16, 2025 8:21:57 PM webapp.storage.AbstractStorage save
INFO: &amp#27;[32mSave 9e64e37d-970b-42f1-915c-ee8ad00eaee2(uuid348)
сент. 16, 2025 8:21:57 PM webapp.storage.AbstractStorage save
INFO: &amp#27;[32mSave 47e5fa26-c308-4df4-8a5b-13d44afe2a2b(uuid349)
сент. 16, 2025 8:21:57 PM webapp.storage.AbstractStorage save
INFO: &amp#27;[32mSave 5155e6ce-fdd5-47d8-a470-7d07d3efd429(uuid350)
сент. 16, 2025 8:21:57 PM webapp.storage.AbstractStorage save
INFO: &amp#27;[32mSave 863c89f7-2bba-436c-bd35-f594464be23a(uuid351)
сент. 16, 2025 8:21:57 PM webapp.storage.AbstractStorage save
INFO: &amp#27;[32mSave 8afc839c-e5a1-4b12-b044-af04b40782e6(uuid352)
сент. 16, 2025 8:21:57 PM webapp.storage.AbstractStorage save
INFO: &amp#27;[32mSave 6fd45f47-8eaf-4c9d-82fb-d743e594a02a(uuid353)
сент. 16, 2025 8:21:57 PM webapp.storage.AbstractStorage save
INFO: &amp#27;[32mSave d82d2c00-2167-4954-8200-be564491a2c8(uuid354)
сент. 16, 2025 8:21:57 PM webapp.storage.AbstractStorage save
INFO: &amp#27;[32mSave a1772ed7-9d1e-4c72-a041-d6dd3ad2ba0c(uuid355)
сент. 16, 2025 8:21:57 PM webapp.storage.AbstractStorage save
INFO: &amp#27;[32mSave b8822513-9789-496e-9b5b-c2e09d04659d(uuid356)
сент. 16, 2025 8:21:57 PM webapp.storage.AbstractStorage save
INFO: &amp#27;[32mSave 7cb2a5ab-0f4f-473a-bf33-038891f44eeb(uuid357)
сент. 16, 2025 8:21:57 PM webapp.storage.AbstractStorage save
INFO: &amp#27;[32mSave 21e51624-307f-48c5-af62-1fce7d53be7b(uuid358)
сент. 16, 2025 8:21:57 PM webapp.storage.AbstractStorage save
INFO: &amp#27;[32mSave 51dec750-4809-4342-9823-ffb8e93f0326(uuid359)
сент. 16, 2025 8:21:57 PM webapp.storage.AbstractStorage save
INFO: &amp#27;[32mSave bca8f192-2c31-431a-aaf9-644e8c881fa9(uuid360)
сент. 16, 2025 8:21:57 PM webapp.storage.AbstractStorage save
INFO: &amp#27;[32mSave 46360eaf-9ea0-4e33-9536-bdd00060e397(uuid361)
сент. 16, 2025 8:21:57 PM webapp.storage.AbstractStorage save
INFO: &amp#27;[32mSave ec090076-fac2-40b5-b494-987fd679d77c(uuid362)
сент. 16, 2025 8:21:57 PM webapp.storage.AbstractStorage save
INFO: &amp#27;[32mSave cfa4ebf3-f611-439b-8949-e1f6941b87b7(uuid363)
сент. 16, 2025 8:21:57 PM webapp.storage.AbstractStorage save
INFO: &amp#27;[32mSave abb4971d-aeaf-43b1-ad4f-cf90f29fb430(uuid364)
сент. 16, 2025 8:21:57 PM webapp.storage.AbstractStorage save
INFO: &amp#27;[32mSave ea653827-7252-44e4-b2a7-f2fa951a0591(uuid365)
сент. 16, 2025 8:21:57 PM webapp.storage.AbstractStorage save
INFO: &amp#27;[32mSave b48cb913-91fb-4136-b07b-7d73b2cd6f9c(uuid366)
сент. 16, 2025 8:21:57 PM webapp.storage.AbstractStorage save
INFO: &amp#27;[32mSave bb6d24bf-1c8f-4acc-9c7e-1ca22254350d(uuid367)
сент. 16, 2025 8:21:57 PM webapp.storage.AbstractStorage save
INFO: &amp#27;[32mSave d4da7487-be98-42a7-8405-19f89a25f8f8(uuid368)
сент. 16, 2025 8:21:57 PM webapp.storage.AbstractStorage save
INFO: &amp#27;[32mSave 06844aba-18e7-4d68-a539-37d7e34ee1bd(uuid369)
сент. 16, 2025 8:21:57 PM webapp.storage.AbstractStorage save
INFO: &amp#27;[32mSave 7672828e-b3ff-45de-bd83-789e6a65c74d(uuid370)
сент. 16, 2025 8:21:57 PM webapp.storage.AbstractStorage save
INFO: &amp#27;[32mSave ca1b2e48-e787-4b37-9548-7e1d731da315(uuid371)
сент. 16, 2025 8:21:57 PM webapp.storage.AbstractStorage save
INFO: &amp#27;[32mSave b9987685-a1eb-4c3c-9f66-2458a17a082e(uuid372)
сент. 16, 2025 8:21:57 PM webapp.storage.AbstractStorage save
INFO: &amp#27;[32mSave 5a4f357e-1973-45d9-9818-93c287a143c5(uuid373)
сент. 16, 2025 8:21:57 PM webapp.storage.AbstractStorage save
INFO: &amp#27;[32mSave 562a9a9a-8687-4808-8a24-e83d6ae9a2d7(uuid374)
сент. 16, 2025 8:21:57 PM webapp.storage.AbstractStorage save
INFO: &amp#27;[32mSave 81d67afb-f138-4c05-a13a-cf1c365e355a(uuid375)
сент. 16, 2025 8:21:57 PM webapp.storage.AbstractStorage save
INFO: &amp#27;[32mSave e79a1a76-1ed1-4981-82b5-7134ec878fcf(uuid376)
сент. 16, 2025 8:21:57 PM webapp.storage.AbstractStorage save
INFO: &amp#27;[32mSave 5c651c4e-f3a6-4930-bff4-701333afa3f4(uuid377)
сент. 16, 2025 8:21:57 PM webapp.storage.AbstractStorage save
INFO: &amp#27;[32mSave 164cec59-457c-4e23-802b-91b83868f171(uuid378)
сент. 16, 2025 8:21:57 PM webapp.storage.AbstractStorage save
INFO: &amp#27;[32mSave 7c9ef06a-06b6-469e-9dbe-e6874455dc7b(uuid379)
сент. 16, 2025 8:21:57 PM webapp.storage.AbstractStorage save
INFO: &amp#27;[32mSave ae0265b1-0320-4d12-8039-fec741b1e85e(uuid380)
сент. 16, 2025 8:21:57 PM webapp.storage.AbstractStorage save
INFO: &amp#27;[32mSave 1615520b-d56f-4b63-bb48-abe12d3cd998(uuid381)
сент. 16, 2025 8:21:57 PM webapp.storage.AbstractStorage save
INFO: &amp#27;[32mSave c496e723-9f17-4d92-89d7-17f78b2452f4(uuid382)
сент. 16, 2025 8:21:57 PM webapp.storage.AbstractStorage save
INFO: &amp#27;[32mSave 946603de-b796-4b0d-b2d2-2c0ba5bcbe60(uuid383)
сент. 16, 2025 8:21:57 PM webapp.storage.AbstractStorage save
INFO: &amp#27;[32mSave 82d41ac8-2fa9-4be8-ad06-b39b2c321887(uuid384)
сент. 16, 2025 8:21:57 PM webapp.storage.AbstractStorage save
INFO: &amp#27;[32mSave 5cea0710-165c-4e69-8812-d3de55ecce84(uuid385)
сент. 16, 2025 8:21:57 PM webapp.storage.AbstractStorage save
INFO: &amp#27;[32mSave 16f5f496-f7af-44a3-a378-53aef6ca3ab6(uuid386)
сент. 16, 2025 8:21:57 PM webapp.storage.AbstractStorage save
INFO: &amp#27;[32mSave 7ee3dbcf-2677-463e-b99e-f69cd32ac0e0(uuid387)
сент. 16, 2025 8:21:57 PM webapp.storage.AbstractStorage save
INFO: &amp#27;[32mSave 823a1636-5054-43f3-b4e9-bfa87e834a7c(uuid388)
сент. 16, 2025 8:21:57 PM webapp.storage.AbstractStorage save
INFO: &amp#27;[32mSave 19e8e048-07f8-4b55-bddc-e39f29056a16(uuid389)
сент. 16, 2025 8:21:57 PM webapp.storage.AbstractStorage save
INFO: &amp#27;[32mSave a3528f0f-2f1c-44d9-88f4-0f848fd848dd(uuid390)
сент. 16, 2025 8:21:57 PM webapp.storage.AbstractStorage save
INFO: &amp#27;[32mSave 7caa8e22-d504-4a46-a90c-fe4e53e04cda(uuid391)
сент. 16, 2025 8:21:57 PM webapp.storage.AbstractStorage save
INFO: &amp#27;[32mSave cdbdaee3-a9f3-434e-8f42-977c69121b55(uuid392)
сент. 16, 2025 8:21:57 PM webapp.storage.AbstractStorage save
INFO: &amp#27;[32mSave e8e9e7c4-9696-47b7-9a85-fc471a890a1f(uuid393)
сент. 16, 2025 8:21:57 PM webapp.storage.AbstractStorage save
INFO: &amp#27;[32mSave 3cff2e55-08e2-4326-958d-90f6f3fc0f40(uuid394)
сент. 16, 2025 8:21:57 PM webapp.storage.AbstractStorage save
INFO: &amp#27;[32mSave 4f8683be-1c8e-4a26-973d-71f39ce2813c(uuid395)
сент. 16, 2025 8:21:57 PM webapp.storage.AbstractStorage save
INFO: &amp#27;[32mSave 7973c7d7-eb6f-4fff-bb15-62bc36ceeea4(uuid396)
сент. 16, 2025 8:21:57 PM webapp.storage.AbstractStorage save
INFO: &amp#27;[32mSave 88b2c292-4343-4cb5-96b5-9897608f7a8b(uuid397)
сент. 16, 2025 8:21:57 PM webapp.storage.AbstractStorage save
INFO: &amp#27;[32mSave bb2c1e37-feb5-428b-a24c-fa034981ae1d(uuid398)
сент. 16, 2025 8:21:57 PM webapp.storage.AbstractStorage save
INFO: &amp#27;[32mSave 5bc68fbf-ff16-4f3b-9eb3-2c46d6771523(uuid399)
сент. 16, 2025 8:21:57 PM webapp.storage.AbstractStorage save
INFO: &amp#27;[32mSave 6987fdf6-79f4-46df-bb56-7481c86269e2(uuid400)
сент. 16, 2025 8:21:57 PM webapp.storage.AbstractStorage save
INFO: &amp#27;[32mSave 512e1dba-3641-41b2-a21b-f34bed8eeb55(uuid401)
сент. 16, 2025 8:21:57 PM webapp.storage.AbstractStorage save
INFO: &amp#27;[32mSave 6295c4ef-4211-450e-9208-fec6b955ea79(uuid402)
сент. 16, 2025 8:21:57 PM webapp.storage.AbstractStorage save
INFO: &amp#27;[32mSave 0a21d547-8bc1-4299-a16c-cb06d9975c16(uuid403)
сент. 16, 2025 8:21:57 PM webapp.storage.AbstractStorage save
INFO: &amp#27;[32mSave 49de858d-a6e6-49ef-a5dd-e3af655d9688(uuid404)
сент. 16, 2025 8:21:57 PM webapp.storage.AbstractStorage save
INFO: &amp#27;[32mSave a1d8c802-e711-4e0e-9da0-a4d5b026ec08(uuid405)
сент. 16, 2025 8:21:57 PM webapp.storage.AbstractStorage save
INFO: &amp#27;[32mSave 470f15c7-395c-43fc-8a38-3962555ef83b(uuid406)
сент. 16, 2025 8:21:57 PM webapp.storage.AbstractStorage save
INFO: &amp#27;[32mSave 8cf345c7-3af8-4419-a845-8f0a6993fb22(uuid407)
сент. 16, 2025 8:21:57 PM webapp.storage.AbstractStorage save
INFO: &amp#27;[32mSave 5005c491-fa78-472a-b599-54f802047b9f(uuid408)
сент. 16, 2025 8:21:57 PM webapp.storage.AbstractStorage save
INFO: &amp#27;[32mSave fa2ed41e-1735-460a-aca3-94c54f8ff369(uuid409)
сент. 16, 2025 8:21:57 PM webapp.storage.AbstractStorage save
INFO: &amp#27;[32mSave f3ae4f00-298d-407c-b286-5af8a6cbe3ed(uuid410)
сент. 16, 2025 8:21:57 PM webapp.storage.AbstractStorage save
INFO: &amp#27;[32mSave 6f279402-2fda-4b97-aa43-be54c9413c12(uuid411)
сент. 16, 2025 8:21:57 PM webapp.storage.AbstractStorage save
INFO: &amp#27;[32mSave 22f7323d-b8d7-4420-a1d4-35270c6b6f53(uuid412)
сент. 16, 2025 8:21:57 PM webapp.storage.AbstractStorage save
INFO: &amp#27;[32mSave f8495e2f-ffc9-40db-865a-b33cb85cfa26(uuid413)
сент. 16, 2025 8:21:57 PM webapp.storage.AbstractStorage save
INFO: &amp#27;[32mSave 82243fd2-ed48-434d-8954-e7b2c328dc21(uuid414)
сент. 16, 2025 8:21:57 PM webapp.storage.AbstractStorage save
INFO: &amp#27;[32mSave db79cab1-6778-4aaf-8950-4e4818f8b37b(uuid415)
сент. 16, 2025 8:21:57 PM webapp.storage.AbstractStorage save
INFO: &amp#27;[32mSave ce2faee0-3137-4afe-b1da-288c656f1d8b(uuid416)
сент. 16, 2025 8:21:57 PM webapp.storage.AbstractStorage save
INFO: &amp#27;[32mSave 409d1c6c-871a-4b81-b545-b5ec0ab6d9ff(uuid417)
сент. 16, 2025 8:21:57 PM webapp.storage.AbstractStorage save
INFO: &amp#27;[32mSave 08929d42-ec2f-411d-9364-3c6e45e2add0(uuid418)
сент. 16, 2025 8:21:57 PM webapp.storage.AbstractStorage save
INFO: &amp#27;[32mSave 432ee04f-9d66-4eab-a69e-4038e1a6644e(uuid419)
сент. 16, 2025 8:21:57 PM webapp.storage.AbstractStorage save
INFO: &amp#27;[32mSave bb57c6fd-0842-4a18-a769-d6d98e5ced78(uuid420)
сент. 16, 2025 8:21:57 PM webapp.storage.AbstractStorage save
INFO: &amp#27;[32mSave c534b294-270d-47c9-bc6e-5fa69c078a32(uuid421)
сент. 16, 2025 8:21:57 PM webapp.storage.AbstractStorage save
INFO: &amp#27;[32mSave 0c13cf08-e74a-47a7-87c2-3a64bbe33189(uuid422)
сент. 16, 2025 8:21:57 PM webapp.storage.AbstractStorage save
INFO: &amp#27;[32mSave 850996db-8233-4193-aca9-4f8f7e1c276f(uuid423)
сент. 16, 2025 8:21:57 PM webapp.storage.AbstractStorage save
INFO: &amp#27;[32mSave 11723c91-ac19-4102-937c-3720d0e3eeb6(uuid424)
сент. 16, 2025 8:21:57 PM webapp.storage.AbstractStorage save
INFO: &amp#27;[32mSave da0d122e-bafd-4974-aee4-b274692f4a02(uuid425)
сент. 16, 2025 8:21:57 PM webapp.storage.AbstractStorage save
INFO: &amp#27;[32mSave b363de36-cf18-47c9-b388-a1d690bd9bb4(uuid426)
сент. 16, 2025 8:21:57 PM webapp.storage.AbstractStorage save
INFO: &amp#27;[32mSave 84028c68-5ef7-4427-b5e0-65ce6b7c55d1(uuid427)
сент. 16, 2025 8:21:57 PM webapp.storage.AbstractStorage save
INFO: &amp#27;[32mSave 9cafc972-999d-4a42-8714-d0b2611a6dd7(uuid428)
сент. 16, 2025 8:21:57 PM webapp.storage.AbstractStorage save
INFO: &amp#27;[32mSave e4181f4e-beb1-41d8-ac2d-8d77e17591e0(uuid429)
сент. 16, 2025 8:21:57 PM webapp.storage.AbstractStorage save
INFO: &amp#27;[32mSave ec9c9416-91d8-49a1-9271-b32afe1cf726(uuid430)
сент. 16, 2025 8:21:57 PM webapp.storage.AbstractStorage save
INFO: &amp#27;[32mSave c97c469b-f8de-4bd9-8b00-58d112be1796(uuid431)
сент. 16, 2025 8:21:57 PM webapp.storage.AbstractStorage save
INFO: &amp#27;[32mSave e79f1e45-46c9-40f4-b7ca-ed516d5e5c22(uuid432)
сент. 16, 2025 8:21:57 PM webapp.storage.AbstractStorage save
INFO: &amp#27;[32mSave 8b471e5a-8ef9-4263-b168-76f9f1a217e8(uuid433)
сент. 16, 2025 8:21:57 PM webapp.storage.AbstractStorage save
INFO: &amp#27;[32mSave 9c855faf-ca65-41ec-873a-7a226204971f(uuid434)
сент. 16, 2025 8:21:57 PM webapp.storage.AbstractStorage save
INFO: &amp#27;[32mSave e75308b0-ce9d-4098-b899-aae98e77ba50(uuid435)
сент. 16, 2025 8:21:57 PM webapp.storage.AbstractStorage save
INFO: &amp#27;[32mSave ec1e0d09-8757-4514-9c31-9838ecfa420a(uuid436)
сент. 16, 2025 8:21:57 PM webapp.storage.AbstractStorage save
INFO: &amp#27;[32mSave 3e0656f4-3b4c-4202-8eac-3c22656503d4(uuid437)
сент. 16, 2025 8:21:57 PM webapp.storage.AbstractStorage save
INFO: &amp#27;[32mSave 73eb1555-65ac-4e1d-a579-19b6fb50fc78(uuid438)
сент. 16, 2025 8:21:57 PM webapp.storage.AbstractStorage save
INFO: &amp#27;[32mSave 7fa17dd4-4af0-41bb-9d81-75800c6c3362(uuid439)
сент. 16, 2025 8:21:57 PM webapp.storage.AbstractStorage save
INFO: &amp#27;[32mSave 34a2b9c5-1cdf-4d0d-ab1f-32eae469b888(uuid440)
сент. 16, 2025 8:21:57 PM webapp.storage.AbstractStorage save
INFO: &amp#27;[32mSave 2e156dc4-a6ee-46bc-96f2-793801ffe310(uuid441)
сент. 16, 2025 8:21:57 PM webapp.storage.AbstractStorage save
INFO: &amp#27;[32mSave c074f7a3-f24d-400c-8fd4-b1c55720ceaf(uuid442)
сент. 16, 2025 8:21:57 PM webapp.storage.AbstractStorage save
INFO: &amp#27;[32mSave 622e57ed-4c3b-40f4-bb27-1d76d9f92e1b(uuid443)
сент. 16, 2025 8:21:57 PM webapp.storage.AbstractStorage save
INFO: &amp#27;[32mSave 0e4520b1-ffad-40e7-a62b-631606416e04(uuid444)
сент. 16, 2025 8:21:57 PM webapp.storage.AbstractStorage save
INFO: &amp#27;[32mSave 8fe7b773-5617-4f67-bfc3-03bf5a5b000e(uuid445)
сент. 16, 2025 8:21:57 PM webapp.storage.AbstractStorage save
INFO: &amp#27;[32mSave a6cf465c-4bc1-413c-bf77-dd4d15f6193f(uuid446)
сент. 16, 2025 8:21:57 PM webapp.storage.AbstractStorage save
INFO: &amp#27;[32mSave 78f5bc44-5744-4254-a4a3-337a67388084(uuid447)
сент. 16, 2025 8:21:57 PM webapp.storage.AbstractStorage save
INFO: &amp#27;[32mSave 28de4847-efdd-4feb-9a47-5b5d154a96d6(uuid448)
сент. 16, 2025 8:21:57 PM webapp.storage.AbstractStorage save
INFO: &amp#27;[32mSave 2b470370-e7e0-4c35-b30a-a01d43d6fe3e(uuid449)
сент. 16, 2025 8:21:57 PM webapp.storage.AbstractStorage save
INFO: &amp#27;[32mSave 925c7a09-5479-4c3c-a11c-195cdc7e2ff2(uuid450)
сент. 16, 2025 8:21:57 PM webapp.storage.AbstractStorage save
INFO: &amp#27;[32mSave fcfe90c4-a372-4aa0-8327-7c6a5e6e7ac8(uuid451)
сент. 16, 2025 8:21:57 PM webapp.storage.AbstractStorage save
INFO: &amp#27;[32mSave e838ed49-4672-4871-89d4-3a5e4c5fff53(uuid452)
сент. 16, 2025 8:21:57 PM webapp.storage.AbstractStorage save
INFO: &amp#27;[32mSave 7c7ae6b6-c5ec-445d-9ef1-0f12a0784148(uuid453)
сент. 16, 2025 8:21:57 PM webapp.storage.AbstractStorage save
INFO: &amp#27;[32mSave 5ccc141b-73b3-4c05-a0e7-cfb573d5cdf9(uuid454)
сент. 16, 2025 8:21:57 PM webapp.storage.AbstractStorage save
INFO: &amp#27;[32mSave ed5c40dd-f868-4cd5-8d13-f17a5ecaf5a5(uuid455)
сент. 16, 2025 8:21:57 PM webapp.storage.AbstractStorage save
INFO: &amp#27;[32mSave f1694784-c463-433d-aefb-249b94e9dc04(uuid456)
сент. 16, 2025 8:21:57 PM webapp.storage.AbstractStorage save
INFO: &amp#27;[32mSave 7b528473-5883-41f8-ae90-fec88e52e364(uuid457)
сент. 16, 2025 8:21:57 PM webapp.storage.AbstractStorage save
INFO: &amp#27;[32mSave b4535bc5-7588-4188-9a72-b1cea181d6f1(uuid458)
сент. 16, 2025 8:21:57 PM webapp.storage.AbstractStorage save
INFO: &amp#27;[32mSave 3d2bab75-2895-4637-a9ad-8ae80aa3cf05(uuid459)
сент. 16, 2025 8:21:57 PM webapp.storage.AbstractStorage save
INFO: &amp#27;[32mSave 3d695032-fe5c-40c7-bf6a-f12a773b3fb1(uuid460)
сент. 16, 2025 8:21:57 PM webapp.storage.AbstractStorage save
INFO: &amp#27;[32mSave 73b39881-981b-4602-ba69-1b11fb7bc08a(uuid461)
сент. 16, 2025 8:21:57 PM webapp.storage.AbstractStorage save
INFO: &amp#27;[32mSave 64afee14-ec72-4098-9aba-717eedf58588(uuid462)
сент. 16, 2025 8:21:57 PM webapp.storage.AbstractStorage save
INFO: &amp#27;[32mSave 578d5574-24fa-4577-83c9-f0f39c571936(uuid463)
сент. 16, 2025 8:21:57 PM webapp.storage.AbstractStorage save
INFO: &amp#27;[32mSave d7eb4c99-46ff-4db3-bebb-3d0594b598e6(uuid464)
сент. 16, 2025 8:21:57 PM webapp.storage.AbstractStorage save
INFO: &amp#27;[32mSave febd04ee-9a10-4cdd-b397-4f84318d73d7(uuid465)
сент. 16, 2025 8:21:57 PM webapp.storage.AbstractStorage save
INFO: &amp#27;[32mSave 5a0b6a7a-4763-4f94-9365-f47b98d58f6f(uuid466)
сент. 16, 2025 8:21:57 PM webapp.storage.AbstractStorage save
INFO: &amp#27;[32mSave 6eb5d5ea-8480-45ff-ae5b-82283c9837cc(uuid467)
сент. 16, 2025 8:21:57 PM webapp.storage.AbstractStorage save
INFO: &amp#27;[32mSave 9b8005e8-9928-44e7-a740-7fa899bcb2fc(uuid468)
сент. 16, 2025 8:21:57 PM webapp.storage.AbstractStorage save
INFO: &amp#27;[32mSave 89733d6f-0b11-4649-9379-5f8af4048783(uuid469)
сент. 16, 2025 8:21:57 PM webapp.storage.AbstractStorage save
INFO: &amp#27;[32mSave 8759afb9-f86f-4d70-b4a3-26502a7144c1(uuid470)
сент. 16, 2025 8:21:57 PM webapp.storage.AbstractStorage save
INFO: &amp#27;[32mSave 0c585aea-7a01-42d3-b493-d324aee4bc7c(uuid471)
сент. 16, 2025 8:21:57 PM webapp.storage.AbstractStorage save
INFO: &amp#27;[32mSave 254a6291-bc5b-4230-8b3b-9d5b9e539f24(uuid472)
сент. 16, 2025 8:21:57 PM webapp.storage.AbstractStorage save
INFO: &amp#27;[32mSave b8de9862-0daf-42d8-a047-d2425d80dee5(uuid473)
сент. 16, 2025 8:21:57 PM webapp.storage.AbstractStorage save
INFO: &amp#27;[32mSave 1aae3389-cba7-4d1d-8d4a-7c8c81cfb96a(uuid474)
сент. 16, 2025 8:21:57 PM webapp.storage.AbstractStorage save
INFO: &amp#27;[32mSave 994dbf13-806b-48bf-8be5-9cfaeeda1fbd(uuid475)
сент. 16, 2025 8:21:57 PM webapp.storage.AbstractStorage save
INFO: &amp#27;[32mSave 342cf036-806b-4423-98e1-9253472a8655(uuid476)
сент. 16, 2025 8:21:57 PM webapp.storage.AbstractStorage save
INFO: &amp#27;[32mSave 03e0d4e8-b96e-48f7-b53a-6889c61fd857(uuid477)
сент. 16, 2025 8:21:57 PM webapp.storage.AbstractStorage save
INFO: &amp#27;[32mSave b4224547-8cf3-41b4-bdae-a80e39d1aaf9(uuid478)
сент. 16, 2025 8:21:57 PM webapp.storage.AbstractStorage save
INFO: &amp#27;[32mSave d97f61f5-4552-4605-bfd0-4b604fe05df6(uuid479)
сент. 16, 2025 8:21:57 PM webapp.storage.AbstractStorage save
INFO: &amp#27;[32mSave 6fc9d95b-1b86-4ac2-9a25-9581281be979(uuid480)
сент. 16, 2025 8:21:57 PM webapp.storage.AbstractStorage save
INFO: &amp#27;[32mSave fd42ef3a-3a2c-44e4-8e09-8aee4019b57f(uuid481)
сент. 16, 2025 8:21:57 PM webapp.storage.AbstractStorage save
INFO: &amp#27;[32mSave fc341888-f53e-4cfb-9c61-2b424c902fc3(uuid482)
сент. 16, 2025 8:21:57 PM webapp.storage.AbstractStorage save
INFO: &amp#27;[32mSave 09cbefd6-fddb-448b-a601-a20fc003b88f(uuid483)
сент. 16, 2025 8:21:57 PM webapp.storage.AbstractStorage save
INFO: &amp#27;[32mSave a608e8e7-1f33-43a9-a84f-005e6898606f(uuid484)
сент. 16, 2025 8:21:57 PM webapp.storage.AbstractStorage save
INFO: &amp#27;[32mSave 275477a2-c3e5-4b2b-bdd6-b6106f8c32b1(uuid485)
сент. 16, 2025 8:21:57 PM webapp.storage.AbstractStorage save
INFO: &amp#27;[32mSave a041fb32-cc6a-4d8d-bbe9-d8f2f8dfaa05(uuid486)
сент. 16, 2025 8:21:57 PM webapp.storage.AbstractStorage save
INFO: &amp#27;[32mSave 29268908-329f-4ad8-98c6-e66b946e8c3b(uuid487)
сент. 16, 2025 8:21:57 PM webapp.storage.AbstractStorage save
INFO: &amp#27;[32mSave 49e9f7b1-6200-4b25-b754-e7119a83ae86(uuid488)
сент. 16, 2025 8:21:57 PM webapp.storage.AbstractStorage save
INFO: &amp#27;[32mSave 108803ea-309b-4c22-9447-0381bcf66771(uuid489)
сент. 16, 2025 8:21:57 PM webapp.storage.AbstractStorage save
INFO: &amp#27;[32mSave c746f7a8-2190-46b4-8e29-2f9bc2e2b3f1(uuid490)
сент. 16, 2025 8:21:57 PM webapp.storage.AbstractStorage save
INFO: &amp#27;[32mSave e5241ead-b5de-4450-8e47-cbb4c9a97b0f(uuid491)
сент. 16, 2025 8:21:57 PM webapp.storage.AbstractStorage save
INFO: &amp#27;[32mSave a91a975e-a4ad-4947-a85f-2752a70236ad(uuid492)
сент. 16, 2025 8:21:57 PM webapp.storage.AbstractStorage save
INFO: &amp#27;[32mSave 9c90eccf-4689-4d98-bdbb-e8895a76d62d(uuid493)
сент. 16, 2025 8:21:57 PM webapp.storage.AbstractStorage save
INFO: &amp#27;[32mSave de5ca670-9e00-4883-8e8f-07b44a0df2a7(uuid494)
сент. 16, 2025 8:21:57 PM webapp.storage.AbstractStorage save
INFO: &amp#27;[32mSave cb5a301d-9bb2-472f-be01-652564e2d89f(uuid495)
сент. 16, 2025 8:21:57 PM webapp.storage.AbstractStorage save
INFO: &amp#27;[32mSave fb703089-9d30-4f34-b5cb-d5728856694c(uuid496)
сент. 16, 2025 8:21:57 PM webapp.storage.AbstractStorage save
INFO: &amp#27;[32mSave 4b9cdd65-d1ea-4efc-bdbe-96321d245636(uuid497)
сент. 16, 2025 8:21:57 PM webapp.storage.AbstractStorage save
INFO: &amp#27;[32mSave 7988d6d1-82ad-4e87-96c1-6ab0512e52d4(uuid498)
сент. 16, 2025 8:21:57 PM webapp.storage.AbstractStorage save
INFO: &amp#27;[32mSave 32346949-6c2f-4646-939a-eb9c061495d3(uuid499)
сент. 16, 2025 8:21:57 PM webapp.storage.AbstractStorage save
INFO: &amp#27;[32mSave 3d012097-90cd-4004-b8e0-56c9394ded74(uuid500)
сент. 16, 2025 8:21:57 PM webapp.storage.AbstractStorage save
INFO: &amp#27;[32mSave 5cba54ec-04a7-4b81-91f0-1907916a3a12(uuid501)
сент. 16, 2025 8:21:57 PM webapp.storage.AbstractStorage save
INFO: &amp#27;[32mSave b895abc7-4c1e-4106-bc38-a576f7bb6347(uuid502)
сент. 16, 2025 8:21:57 PM webapp.storage.AbstractStorage save
INFO: &amp#27;[32mSave 5079ed58-45be-4711-990b-3e15b1a5bfe2(uuid503)
сент. 16, 2025 8:21:57 PM webapp.storage.AbstractStorage save
INFO: &amp#27;[32mSave fa02f58f-11af-4f42-99dc-739938279860(uuid504)
сент. 16, 2025 8:21:57 PM webapp.storage.AbstractStorage save
INFO: &amp#27;[32mSave 034925b0-d260-458f-861b-9e9e82ad31d7(uuid505)
сент. 16, 2025 8:21:57 PM webapp.storage.AbstractStorage save
INFO: &amp#27;[32mSave 22ef8d61-0454-4da0-a25e-ae3bd6e4fbf4(uuid506)
сент. 16, 2025 8:21:57 PM webapp.storage.AbstractStorage save
INFO: &amp#27;[32mSave 2c49d406-d3b3-4e93-8381-a03a10f0baf6(uuid507)
сент. 16, 2025 8:21:57 PM webapp.storage.AbstractStorage save
INFO: &amp#27;[32mSave b92635e2-2307-4d28-9a23-cd57036a0e4f(uuid508)
сент. 16, 2025 8:21:57 PM webapp.storage.AbstractStorage save
INFO: &amp#27;[32mSave 45269332-4c56-4670-9f7b-bdb9d8dc9244(uuid509)
сент. 16, 2025 8:21:57 PM webapp.storage.AbstractStorage save
INFO: &amp#27;[32mSave b83193ac-9505-4545-9cf9-55957d7176e1(uuid510)
сент. 16, 2025 8:21:57 PM webapp.storage.AbstractStorage save
INFO: &amp#27;[32mSave b59b569a-554a-4883-82fc-5a86aa828123(uuid511)
сент. 16, 2025 8:21:57 PM webapp.storage.AbstractStorage save
INFO: &amp#27;[32mSave be553510-1ada-4a8f-92ed-3b2a466cdc1e(uuid512)
сент. 16, 2025 8:21:57 PM webapp.storage.AbstractStorage save
INFO: &amp#27;[32mSave 473fcece-c4fd-4142-a5fe-78f251e4c7ba(uuid513)
сент. 16, 2025 8:21:57 PM webapp.storage.AbstractStorage save
INFO: &amp#27;[32mSave c0a85bca-7a93-485b-a27b-3e21757c4ed4(uuid514)
сент. 16, 2025 8:21:57 PM webapp.storage.AbstractStorage save
INFO: &amp#27;[32mSave 91ed02dd-148b-4b0d-87d8-5e4e5dd7b748(uuid515)
сент. 16, 2025 8:21:57 PM webapp.storage.AbstractStorage save
INFO: &amp#27;[32mSave 7d63f5b1-8320-4b74-ba6f-5685d9b20f4c(uuid516)
сент. 16, 2025 8:21:57 PM webapp.storage.AbstractStorage save
INFO: &amp#27;[32mSave e1ab4969-e42d-4ed0-9d50-9749c9c018b5(uuid517)
сент. 16, 2025 8:21:57 PM webapp.storage.AbstractStorage save
INFO: &amp#27;[32mSave ddc4e75d-b10a-4dee-8f8d-c718753d86c3(uuid518)
сент. 16, 2025 8:21:57 PM webapp.storage.AbstractStorage save
INFO: &amp#27;[32mSave 641a98d2-e85b-40e9-bbee-3c5cc05d87c9(uuid519)
сент. 16, 2025 8:21:57 PM webapp.storage.AbstractStorage save
INFO: &amp#27;[32mSave addd5bf4-bb0c-4f75-9238-bafff420e884(uuid520)
сент. 16, 2025 8:21:57 PM webapp.storage.AbstractStorage save
INFO: &amp#27;[32mSave 880a071b-4c66-4198-bb56-200bd7598107(uuid521)
сент. 16, 2025 8:21:57 PM webapp.storage.AbstractStorage save
INFO: &amp#27;[32mSave d32625e0-e09c-4765-8425-36248c682c7f(uuid522)
сент. 16, 2025 8:21:57 PM webapp.storage.AbstractStorage save
INFO: &amp#27;[32mSave 5bda3bcb-3fb4-4696-b7c9-bbba22742569(uuid523)
сент. 16, 2025 8:21:57 PM webapp.storage.AbstractStorage save
INFO: &amp#27;[32mSave c1263636-5388-4dfc-9720-a406794bc187(uuid524)
сент. 16, 2025 8:21:57 PM webapp.storage.AbstractStorage save
INFO: &amp#27;[32mSave 9f340a65-ce50-41eb-9717-e645ca844963(uuid525)
сент. 16, 2025 8:21:57 PM webapp.storage.AbstractStorage save
INFO: &amp#27;[32mSave 1b54651f-74f8-4657-8494-f122c3ff5711(uuid526)
сент. 16, 2025 8:21:57 PM webapp.storage.AbstractStorage save
INFO: &amp#27;[32mSave b442c2c7-2b7a-440b-b1ba-5ac792414429(uuid527)
сент. 16, 2025 8:21:57 PM webapp.storage.AbstractStorage save
INFO: &amp#27;[32mSave 4cbbd0b4-c448-4665-9c7c-6f7928426078(uuid528)
сент. 16, 2025 8:21:57 PM webapp.storage.AbstractStorage save
INFO: &amp#27;[32mSave b7e44d61-2995-4209-9241-e6374f613863(uuid529)
сент. 16, 2025 8:21:57 PM webapp.storage.AbstractStorage save
INFO: &amp#27;[32mSave 604bb19a-a623-47e2-bb75-82311467f75c(uuid530)
сент. 16, 2025 8:21:57 PM webapp.storage.AbstractStorage save
INFO: &amp#27;[32mSave b211a3a3-2128-45f4-837d-f7dc335149ad(uuid531)
сент. 16, 2025 8:21:57 PM webapp.storage.AbstractStorage save
INFO: &amp#27;[32mSave 92805c3b-e025-462f-acda-c729d9811a55(uuid532)
сент. 16, 2025 8:21:57 PM webapp.storage.AbstractStorage save
INFO: &amp#27;[32mSave b0e4f9ad-7995-4079-ad99-bb3be4d6c4ac(uuid533)
сент. 16, 2025 8:21:57 PM webapp.storage.AbstractStorage save
INFO: &amp#27;[32mSave b51a8e54-ae52-4e08-9163-52ccd6a5d196(uuid534)
сент. 16, 2025 8:21:57 PM webapp.storage.AbstractStorage save
INFO: &amp#27;[32mSave 020da362-3c0b-4bfa-8c15-71651042c6d3(uuid535)
сент. 16, 2025 8:21:57 PM webapp.storage.AbstractStorage save
INFO: &amp#27;[32mSave 8ed03201-e8e2-4f9c-b749-94136a2555be(uuid536)
сент. 16, 2025 8:21:57 PM webapp.storage.AbstractStorage save
INFO: &amp#27;[32mSave 48370935-1ab0-49c3-861e-4492a810d21d(uuid537)
сент. 16, 2025 8:21:57 PM webapp.storage.AbstractStorage save
INFO: &amp#27;[32mSave c925484a-4859-4239-b9d0-d4d7e3e97e35(uuid538)
сент. 16, 2025 8:21:57 PM webapp.storage.AbstractStorage save
INFO: &amp#27;[32mSave b01b96d0-4cf9-4e71-8cb3-346035445413(uuid539)
сент. 16, 2025 8:21:57 PM webapp.storage.AbstractStorage save
INFO: &amp#27;[32mSave 56eb2a61-d23c-40e0-8d0d-36bac487a6d7(uuid540)
сент. 16, 2025 8:21:57 PM webapp.storage.AbstractStorage save
INFO: &amp#27;[32mSave 145d85fd-587d-46c0-a8a0-f946d4d19470(uuid541)
сент. 16, 2025 8:21:57 PM webapp.storage.AbstractStorage save
INFO: &amp#27;[32mSave 3c22ff75-ef2f-4b8c-8343-9ba2d2352cc6(uuid542)
сент. 16, 2025 8:21:57 PM webapp.storage.AbstractStorage save
INFO: &amp#27;[32mSave 783b135e-f0fb-4957-8f6d-56242a904cc7(uuid543)
сент. 16, 2025 8:21:57 PM webapp.storage.AbstractStorage save
INFO: &amp#27;[32mSave f1ee4453-e851-4a1c-bd92-3d6703cf4d5a(uuid544)
сент. 16, 2025 8:21:57 PM webapp.storage.AbstractStorage save
INFO: &amp#27;[32mSave 7b514c43-2c6b-4ec9-bddd-923cfc617d10(uuid545)
сент. 16, 2025 8:21:57 PM webapp.storage.AbstractStorage save
INFO: &amp#27;[32mSave 97f24634-952f-4a2c-9597-8c55780eca90(uuid546)
сент. 16, 2025 8:21:57 PM webapp.storage.AbstractStorage save
INFO: &amp#27;[32mSave 7e379c8c-54d6-486e-bb7f-1f7f9f739c6a(uuid547)
сент. 16, 2025 8:21:57 PM webapp.storage.AbstractStorage save
INFO: &amp#27;[32mSave 3f99be2f-c52b-401d-af23-daaedf255a53(uuid548)
сент. 16, 2025 8:21:57 PM webapp.storage.AbstractStorage save
INFO: &amp#27;[32mSave 01f5a90d-f362-4832-87b0-93aafd81adb3(uuid549)
сент. 16, 2025 8:21:57 PM webapp.storage.AbstractStorage save
INFO: &amp#27;[32mSave 794f4088-ff59-4208-8851-d8736fbf28e5(uuid550)
сент. 16, 2025 8:21:57 PM webapp.storage.AbstractStorage save
INFO: &amp#27;[32mSave 4ae9d6c1-2ae6-408d-8a3b-7686ba477b5a(uuid551)
сент. 16, 2025 8:21:57 PM webapp.storage.AbstractStorage save
INFO: &amp#27;[32mSave 4b02369a-e998-49aa-81ca-6db5194a4367(uuid552)
сент. 16, 2025 8:21:57 PM webapp.storage.AbstractStorage save
INFO: &amp#27;[32mSave 58dae3de-ad78-4cc3-ba9c-2233de4b5f37(uuid553)
сент. 16, 2025 8:21:57 PM webapp.storage.AbstractStorage save
INFO: &amp#27;[32mSave a4e71848-8533-4525-bf09-31ebdc6d63c8(uuid554)
сент. 16, 2025 8:21:57 PM webapp.storage.AbstractStorage save
INFO: &amp#27;[32mSave 5aa5cf24-af9e-48a3-8136-1403ee4c6f85(uuid555)
сент. 16, 2025 8:21:57 PM webapp.storage.AbstractStorage save
INFO: &amp#27;[32mSave 5b17699a-cc4e-4e7d-9b3f-d6b2e339dd6f(uuid556)
сент. 16, 2025 8:21:57 PM webapp.storage.AbstractStorage save
INFO: &amp#27;[32mSave e98cd3e5-b37f-4792-883e-a36fe5577e39(uuid557)
сент. 16, 2025 8:21:57 PM webapp.storage.AbstractStorage save
INFO: &amp#27;[32mSave a6ce25a1-e11f-45fe-aa4f-2cddb56ac341(uuid558)
сент. 16, 2025 8:21:57 PM webapp.storage.AbstractStorage save
INFO: &amp#27;[32mSave 0485c68b-051b-4d52-a115-b7e956c8b491(uuid559)
сент. 16, 2025 8:21:57 PM webapp.storage.AbstractStorage save
INFO: &amp#27;[32mSave 344b0b9a-1ca4-4fa4-8dee-70bae4895bf5(uuid560)
сент. 16, 2025 8:21:57 PM webapp.storage.AbstractStorage save
INFO: &amp#27;[32mSave 73d16b98-939f-4655-af66-d9b49dde21b7(uuid561)
сент. 16, 2025 8:21:57 PM webapp.storage.AbstractStorage save
INFO: &amp#27;[32mSave d6294303-4798-484a-a027-354237b179f5(uuid562)
сент. 16, 2025 8:21:57 PM webapp.storage.AbstractStorage save
INFO: &amp#27;[32mSave 657c19d0-87dc-4ca2-802c-0d0d321ae983(uuid563)
сент. 16, 2025 8:21:57 PM webapp.storage.AbstractStorage save
INFO: &amp#27;[32mSave 687e3d2c-e96f-4d53-86d1-a6a1addda0f1(uuid564)
сент. 16, 2025 8:21:57 PM webapp.storage.AbstractStorage save
INFO: &amp#27;[32mSave fbe64d91-028e-4081-88a1-723f3ace96b5(uuid565)
сент. 16, 2025 8:21:57 PM webapp.storage.AbstractStorage save
INFO: &amp#27;[32mSave 6262802b-e93f-458c-bda8-4d71a9c84180(uuid566)
сент. 16, 2025 8:21:57 PM webapp.storage.AbstractStorage save
INFO: &amp#27;[32mSave 44b40e13-6578-48ad-8df1-21aa7bef7ea2(uuid567)
сент. 16, 2025 8:21:57 PM webapp.storage.AbstractStorage save
INFO: &amp#27;[32mSave a0feb40f-a508-48d8-a926-55ae6f2df635(uuid568)
сент. 16, 2025 8:21:57 PM webapp.storage.AbstractStorage save
INFO: &amp#27;[32mSave 736c17ab-09ab-4c85-9377-f1eed0490dbb(uuid569)
сент. 16, 2025 8:21:57 PM webapp.storage.AbstractStorage save
INFO: &amp#27;[32mSave 795c845f-cb37-44fb-9b02-5645a087086d(uuid570)
сент. 16, 2025 8:21:57 PM webapp.storage.AbstractStorage save
INFO: &amp#27;[32mSave d614cf1d-9be4-4047-bbb7-03b0446b9e88(uuid571)
сент. 16, 2025 8:21:57 PM webapp.storage.AbstractStorage save
INFO: &amp#27;[32mSave be914e36-4607-46b5-8e4d-6b9a4db7253f(uuid572)
сент. 16, 2025 8:21:57 PM webapp.storage.AbstractStorage save
INFO: &amp#27;[32mSave 384506e7-00a7-44e5-9d53-f9f1db51337d(uuid573)
сент. 16, 2025 8:21:57 PM webapp.storage.AbstractStorage save
INFO: &amp#27;[32mSave b6a13863-94f2-4900-99c3-c3ce2e65defc(uuid574)
сент. 16, 2025 8:21:57 PM webapp.storage.AbstractStorage save
INFO: &amp#27;[32mSave a21a9143-ac52-45fe-a2c7-318300889f76(uuid575)
сент. 16, 2025 8:21:57 PM webapp.storage.AbstractStorage save
INFO: &amp#27;[32mSave 40816ea3-fa8f-40d8-ad96-a899f4a58706(uuid576)
сент. 16, 2025 8:21:57 PM webapp.storage.AbstractStorage save
INFO: &amp#27;[32mSave 71e2c2d6-a524-4a0a-ad38-58b2075d7b1b(uuid577)
сент. 16, 2025 8:21:57 PM webapp.storage.AbstractStorage save
INFO: &amp#27;[32mSave cd1b7e6f-bdcd-49f4-b3f7-3a0848799fe9(uuid578)
сент. 16, 2025 8:21:57 PM webapp.storage.AbstractStorage save
INFO: &amp#27;[32mSave 2827e809-3876-4369-becc-18536d8dd877(uuid579)
сент. 16, 2025 8:21:57 PM webapp.storage.AbstractStorage save
INFO: &amp#27;[32mSave 4f0f0f51-0235-497b-bee1-f2e81b4d9115(uuid580)
сент. 16, 2025 8:21:57 PM webapp.storage.AbstractStorage save
INFO: &amp#27;[32mSave 1f8af3b2-9c6f-4bb7-8a94-de66aacda80b(uuid581)
сент. 16, 2025 8:21:57 PM webapp.storage.AbstractStorage save
INFO: &amp#27;[32mSave f2dc4fd6-ea53-426d-a0db-ef2698ca2a36(uuid582)
сент. 16, 2025 8:21:57 PM webapp.storage.AbstractStorage save
INFO: &amp#27;[32mSave f9113fb2-8525-4fcc-83e5-3dc86513a8a8(uuid583)
сент. 16, 2025 8:21:57 PM webapp.storage.AbstractStorage save
INFO: &amp#27;[32mSave 2b296912-fee1-4a4d-a65c-e10ceae92ff4(uuid584)
сент. 16, 2025 8:21:57 PM webapp.storage.AbstractStorage save
INFO: &amp#27;[32mSave dc1d922e-3901-4992-b95e-d642702fce30(uuid585)
сент. 16, 2025 8:21:57 PM webapp.storage.AbstractStorage save
INFO: &amp#27;[32mSave 1990d359-338e-4941-857c-7f255a193828(uuid586)
сент. 16, 2025 8:21:57 PM webapp.storage.AbstractStorage save
INFO: &amp#27;[32mSave 1f64aa36-50ce-4d9c-bf7f-f2dec8b0fa95(uuid587)
сент. 16, 2025 8:21:57 PM webapp.storage.AbstractStorage save
INFO: &amp#27;[32mSave 884f5364-1f06-49f7-a3f3-ea1f1230f36f(uuid588)
сент. 16, 2025 8:21:57 PM webapp.storage.AbstractStorage save
INFO: &amp#27;[32mSave a7cf9aac-0f10-4332-85ca-ce8db47eb773(uuid589)
сент. 16, 2025 8:21:57 PM webapp.storage.AbstractStorage save
INFO: &amp#27;[32mSave 40b34082-ddb5-4352-8d34-3f63a6be2ca9(uuid590)
сент. 16, 2025 8:21:57 PM webapp.storage.AbstractStorage save
INFO: &amp#27;[32mSave 122d47da-db80-4ada-b76a-689a0c769519(uuid591)
сент. 16, 2025 8:21:57 PM webapp.storage.AbstractStorage save
INFO: &amp#27;[32mSave e485b002-e3e8-4c2c-aacd-b7f1db360acf(uuid592)
сент. 16, 2025 8:21:57 PM webapp.storage.AbstractStorage save
INFO: &amp#27;[32mSave 693ce754-06c0-4a5d-b376-9a9d7669c950(uuid593)
сент. 16, 2025 8:21:57 PM webapp.storage.AbstractStorage save
INFO: &amp#27;[32mSave 81ab9349-f443-4e61-a101-7b8d1f31fb76(uuid594)
сент. 16, 2025 8:21:57 PM webapp.storage.AbstractStorage save
INFO: &amp#27;[32mSave fe106a15-4d5c-4355-a1dd-5fc340e68a77(uuid595)
сент. 16, 2025 8:21:57 PM webapp.storage.AbstractStorage save
INFO: &amp#27;[32mSave e8fe3035-6c2f-4790-b0e8-4708a87411c4(uuid596)
сент. 16, 2025 8:21:57 PM webapp.storage.AbstractStorage save
INFO: &amp#27;[32mSave 021da387-ba18-487b-a874-ff0b57f7854c(uuid597)
сент. 16, 2025 8:21:57 PM webapp.storage.AbstractStorage save
INFO: &amp#27;[32mSave c7a4244c-2406-42eb-a85a-46b0755cd37e(uuid598)
сент. 16, 2025 8:21:57 PM webapp.storage.AbstractStorage save
INFO: &amp#27;[32mSave 1c707545-f711-4115-a799-11ef554a2dbf(uuid599)
сент. 16, 2025 8:21:57 PM webapp.storage.AbstractStorage save
INFO: &amp#27;[32mSave 9e79c6a4-c127-4e5a-bd1a-77b2eb68ffd0(uuid600)
сент. 16, 2025 8:21:57 PM webapp.storage.AbstractStorage save
INFO: &amp#27;[32mSave 57a8055f-52e2-4739-9f88-9a396405f9b6(uuid601)
сент. 16, 2025 8:21:57 PM webapp.storage.AbstractStorage save
INFO: &amp#27;[32mSave 8376652c-739b-40e2-9c3f-c76348ea4b9a(uuid602)
сент. 16, 2025 8:21:57 PM webapp.storage.AbstractStorage save
INFO: &amp#27;[32mSave a32e3154-83aa-45a6-a441-37465f9b0fe5(uuid603)
сент. 16, 2025 8:21:57 PM webapp.storage.AbstractStorage save
INFO: &amp#27;[32mSave dd303856-110d-4ceb-90c5-543753005402(uuid604)
сент. 16, 2025 8:21:57 PM webapp.storage.AbstractStorage save
INFO: &amp#27;[32mSave ef06af04-6c67-4a8b-b6eb-e8527a0cae30(uuid605)
сент. 16, 2025 8:21:57 PM webapp.storage.AbstractStorage save
INFO: &amp#27;[32mSave 710c202e-4563-4b28-a7f3-060ddfdb7a0d(uuid606)
сент. 16, 2025 8:21:57 PM webapp.storage.AbstractStorage save
INFO: &amp#27;[32mSave 6d62d879-daf8-4a36-a505-3db1b743083f(uuid607)
сент. 16, 2025 8:21:57 PM webapp.storage.AbstractStorage save
INFO: &amp#27;[32mSave 21d7a1d3-cb1b-4696-9a9a-d411bf45aecb(uuid608)
сент. 16, 2025 8:21:57 PM webapp.storage.AbstractStorage save
INFO: &amp#27;[32mSave 63265813-f480-407b-a149-6cc207077f04(uuid609)
сент. 16, 2025 8:21:57 PM webapp.storage.AbstractStorage save
INFO: &amp#27;[32mSave 9166706b-7882-45cf-8209-5a02ecf2a3e8(uuid610)
сент. 16, 2025 8:21:57 PM webapp.storage.AbstractStorage save
INFO: &amp#27;[32mSave 0dd5b8b1-1523-48a0-bc24-3c5cf2900f43(uuid611)
сент. 16, 2025 8:21:57 PM webapp.storage.AbstractStorage save
INFO: &amp#27;[32mSave a683add6-e397-45a1-b728-63577219cb36(uuid612)
сент. 16, 2025 8:21:57 PM webapp.storage.AbstractStorage save
INFO: &amp#27;[32mSave 763877c2-2793-4dc3-a8a9-40a832195d77(uuid613)
сент. 16, 2025 8:21:57 PM webapp.storage.AbstractStorage save
INFO: &amp#27;[32mSave 9eca2925-ca14-41df-9f5e-fe25943c28a4(uuid614)
сент. 16, 2025 8:21:57 PM webapp.storage.AbstractStorage save
INFO: &amp#27;[32mSave 2f7f1f5e-8862-42e4-82ac-aa8f47971260(uuid615)
сент. 16, 2025 8:21:57 PM webapp.storage.AbstractStorage save
INFO: &amp#27;[32mSave edfda5e4-755c-4a19-9d35-affada1e2894(uuid616)
сент. 16, 2025 8:21:57 PM webapp.storage.AbstractStorage save
INFO: &amp#27;[32mSave 17bdea45-fb5c-4105-ae4b-f1f55a74a62f(uuid617)
сент. 16, 2025 8:21:57 PM webapp.storage.AbstractStorage save
INFO: &amp#27;[32mSave 19baad13-009d-48d5-a1aa-0d2af3d53a07(uuid618)
сент. 16, 2025 8:21:57 PM webapp.storage.AbstractStorage save
INFO: &amp#27;[32mSave 04933e8e-342e-4bf2-913a-488fa141b61e(uuid619)
сент. 16, 2025 8:21:57 PM webapp.storage.AbstractStorage save
INFO: &amp#27;[32mSave 24d8a6da-cb4d-4f07-9909-ed6952cb2d9d(uuid620)
сент. 16, 2025 8:21:57 PM webapp.storage.AbstractStorage save
INFO: &amp#27;[32mSave 238c481f-8966-4aa1-83f5-d83f48106e87(uuid621)
сент. 16, 2025 8:21:57 PM webapp.storage.AbstractStorage save
INFO: &amp#27;[32mSave c33aecf3-30a1-4b9f-9cbd-8bb32bc0924f(uuid622)
сент. 16, 2025 8:21:57 PM webapp.storage.AbstractStorage save
INFO: &amp#27;[32mSave cbf6a7e1-5a91-48ff-a450-9f30cbf3ce6a(uuid623)
сент. 16, 2025 8:21:57 PM webapp.storage.AbstractStorage save
INFO: &amp#27;[32mSave 1b43e07e-e5af-471b-ab28-9e1be3ed8fc3(uuid624)
сент. 16, 2025 8:21:57 PM webapp.storage.AbstractStorage save
INFO: &amp#27;[32mSave bc1c97c9-54ad-48a6-8073-8da3641b2638(uuid625)
сент. 16, 2025 8:21:57 PM webapp.storage.AbstractStorage save
INFO: &amp#27;[32mSave b7b338ea-2c9c-44b0-90c0-4114a2586488(uuid626)
сент. 16, 2025 8:21:57 PM webapp.storage.AbstractStorage save
INFO: &amp#27;[32mSave 93e81957-01f0-4abd-8145-d9f80932fc8a(uuid627)
сент. 16, 2025 8:21:57 PM webapp.storage.AbstractStorage save
INFO: &amp#27;[32mSave 0055400c-a48b-45ea-8d97-a5fffd63dad6(uuid628)
сент. 16, 2025 8:21:57 PM webapp.storage.AbstractStorage save
INFO: &amp#27;[32mSave 0c139137-a1fa-4f47-8efe-718e3e66ef30(uuid629)
сент. 16, 2025 8:21:57 PM webapp.storage.AbstractStorage save
INFO: &amp#27;[32mSave 96f20451-b0c2-4481-8d95-bbaa619102bd(uuid630)
сент. 16, 2025 8:21:57 PM webapp.storage.AbstractStorage save
INFO: &amp#27;[32mSave 263f2fdf-4121-4560-a1a9-60e324e78c7d(uuid631)
сент. 16, 2025 8:21:57 PM webapp.storage.AbstractStorage save
INFO: &amp#27;[32mSave 7e804698-da0f-4de2-9cd9-f1e97cea6285(uuid632)
сент. 16, 2025 8:21:57 PM webapp.storage.AbstractStorage save
INFO: &amp#27;[32mSave eeb8e1f0-583e-4bc2-8fec-6b1ad485f530(uuid633)
сент. 16, 2025 8:21:57 PM webapp.storage.AbstractStorage save
INFO: &amp#27;[32mSave 223c4c36-a1af-4eb6-9b0f-2f21340dd472(uuid634)
сент. 16, 2025 8:21:57 PM webapp.storage.AbstractStorage save
INFO: &amp#27;[32mSave 03a88553-0b82-4bac-8777-6e64e8dbc5d1(uuid635)
сент. 16, 2025 8:21:57 PM webapp.storage.AbstractStorage save
INFO: &amp#27;[32mSave d538891f-91de-4946-b946-0c1148bce337(uuid636)
сент. 16, 2025 8:21:57 PM webapp.storage.AbstractStorage save
INFO: &amp#27;[32mSave 90ad6be5-0daf-472d-bec3-39b18314b604(uuid637)
сент. 16, 2025 8:21:57 PM webapp.storage.AbstractStorage save
INFO: &amp#27;[32mSave b520b55f-7d2a-4907-84a8-8db335623be8(uuid638)
сент. 16, 2025 8:21:57 PM webapp.storage.AbstractStorage save
INFO: &amp#27;[32mSave 449257e2-c4a0-4354-8433-142a1ad96a0b(uuid639)
сент. 16, 2025 8:21:57 PM webapp.storage.AbstractStorage save
INFO: &amp#27;[32mSave 2fadb7ee-99cb-420e-848e-a6da53b8c099(uuid640)
сент. 16, 2025 8:21:57 PM webapp.storage.AbstractStorage save
INFO: &amp#27;[32mSave fcdeca47-edf8-406c-bebb-a4c12144543a(uuid641)
сент. 16, 2025 8:21:57 PM webapp.storage.AbstractStorage save
INFO: &amp#27;[32mSave fc8b64df-aa72-41a6-824b-99c90c325155(uuid642)
сент. 16, 2025 8:21:57 PM webapp.storage.AbstractStorage save
INFO: &amp#27;[32mSave 6fb2d1ae-15bc-4daa-a707-d391141c417f(uuid643)
сент. 16, 2025 8:21:57 PM webapp.storage.AbstractStorage save
INFO: &amp#27;[32mSave 47589c3e-d4d8-4ba3-81b1-5bd5c0f70a8d(uuid644)
сент. 16, 2025 8:21:57 PM webapp.storage.AbstractStorage save
INFO: &amp#27;[32mSave 0e9d14f6-1fad-478c-ab18-788eda30ef6d(uuid645)
сент. 16, 2025 8:21:57 PM webapp.storage.AbstractStorage save
INFO: &amp#27;[32mSave a25f5a26-cd55-451d-a269-7ef30ac75800(uuid646)
сент. 16, 2025 8:21:57 PM webapp.storage.AbstractStorage save
INFO: &amp#27;[32mSave 497739fb-0c0a-4334-b23e-e9493cbb7a50(uuid647)
сент. 16, 2025 8:21:57 PM webapp.storage.AbstractStorage save
INFO: &amp#27;[32mSave 3c1dc481-71e1-41f4-a120-861ea0b062fa(uuid648)
сент. 16, 2025 8:21:57 PM webapp.storage.AbstractStorage save
INFO: &amp#27;[32mSave 3f7d672e-bbd6-492f-a4f9-5b25abb4c973(uuid649)
сент. 16, 2025 8:21:57 PM webapp.storage.AbstractStorage save
INFO: &amp#27;[32mSave c1feaed7-bb70-4917-a26b-9fae5e8353fe(uuid650)
сент. 16, 2025 8:21:57 PM webapp.storage.AbstractStorage save
INFO: &amp#27;[32mSave a5f6846b-2e85-4fb4-b0ff-80888c5dead8(uuid651)
сент. 16, 2025 8:21:57 PM webapp.storage.AbstractStorage save
INFO: &amp#27;[32mSave 29ccb411-660d-41b2-ad7d-ebc29a9e72c0(uuid652)
сент. 16, 2025 8:21:57 PM webapp.storage.AbstractStorage save
INFO: &amp#27;[32mSave 849e064e-99f1-43d4-bbe5-54011e3e143a(uuid653)
сент. 16, 2025 8:21:57 PM webapp.storage.AbstractStorage save
INFO: &amp#27;[32mSave 586e9fc5-afd9-4794-a627-26092a23f8ab(uuid654)
сент. 16, 2025 8:21:57 PM webapp.storage.AbstractStorage save
INFO: &amp#27;[32mSave ca15eab3-66b3-4f3a-9d11-185b836bcea6(uuid655)
сент. 16, 2025 8:21:57 PM webapp.storage.AbstractStorage save
INFO: &amp#27;[32mSave 12fde7f3-8274-4802-a065-0c87c2a92ae7(uuid656)
сент. 16, 2025 8:21:57 PM webapp.storage.AbstractStorage save
INFO: &amp#27;[32mSave ba0ec816-2531-4908-8efb-b1130be1b923(uuid657)
сент. 16, 2025 8:21:57 PM webapp.storage.AbstractStorage save
INFO: &amp#27;[32mSave d94e7f09-f84b-457a-a0a0-02456c39cf7a(uuid658)
сент. 16, 2025 8:21:57 PM webapp.storage.AbstractStorage save
INFO: &amp#27;[32mSave e894702a-ad94-4518-807c-980f5570fa21(uuid659)
сент. 16, 2025 8:21:57 PM webapp.storage.AbstractStorage save
INFO: &amp#27;[32mSave f8021f58-90fc-454d-bcf3-29aca40d1dc1(uuid660)
сент. 16, 2025 8:21:57 PM webapp.storage.AbstractStorage save
INFO: &amp#27;[32mSave 064b1860-0e07-4591-a682-9db29a7ff513(uuid661)
сент. 16, 2025 8:21:57 PM webapp.storage.AbstractStorage save
INFO: &amp#27;[32mSave 3bfac051-e9ee-4363-90ea-859e1265686d(uuid662)
сент. 16, 2025 8:21:57 PM webapp.storage.AbstractStorage save
INFO: &amp#27;[32mSave 1c963bc1-0334-4091-b3b6-f75ae364e81c(uuid663)
сент. 16, 2025 8:21:57 PM webapp.storage.AbstractStorage save
INFO: &amp#27;[32mSave c1c7f9be-83cb-4c9d-b1c5-9ed25b773138(uuid664)
сент. 16, 2025 8:21:57 PM webapp.storage.AbstractStorage save
INFO: &amp#27;[32mSave c700cfd7-8299-48fd-a65e-eee39d3e018e(uuid665)
сент. 16, 2025 8:21:57 PM webapp.storage.AbstractStorage save
INFO: &amp#27;[32mSave 851cee34-e6f5-4972-9eb9-451ad884cd7a(uuid666)
сент. 16, 2025 8:21:57 PM webapp.storage.AbstractStorage save
INFO: &amp#27;[32mSave 4abf0693-1a87-465c-af70-01be3fac9948(uuid667)
сент. 16, 2025 8:21:57 PM webapp.storage.AbstractStorage save
INFO: &amp#27;[32mSave 8d1f1520-3b62-4074-aa4b-98e736cf14dc(uuid668)
сент. 16, 2025 8:21:57 PM webapp.storage.AbstractStorage save
INFO: &amp#27;[32mSave c455a259-ec1b-4f31-8cf1-07c4a3c73c50(uuid669)
сент. 16, 2025 8:21:57 PM webapp.storage.AbstractStorage save
INFO: &amp#27;[32mSave 89c23fc2-574e-4778-8c51-0f930b970559(uuid670)
сент. 16, 2025 8:21:57 PM webapp.storage.AbstractStorage save
INFO: &amp#27;[32mSave b260f003-62bb-43c6-a00f-696c6d723c27(uuid671)
сент. 16, 2025 8:21:57 PM webapp.storage.AbstractStorage save
INFO: &amp#27;[32mSave 561bfb23-5984-4056-aadb-d2ef1a8cb2f3(uuid672)
сент. 16, 2025 8:21:57 PM webapp.storage.AbstractStorage save
INFO: &amp#27;[32mSave 113315ff-6135-472d-90fa-c95cdb287d24(uuid673)
сент. 16, 2025 8:21:57 PM webapp.storage.AbstractStorage save
INFO: &amp#27;[32mSave 686a8548-ca05-4d1d-913f-850bd911542c(uuid674)
сент. 16, 2025 8:21:57 PM webapp.storage.AbstractStorage save
INFO: &amp#27;[32mSave 2d9a2f59-886a-4a1f-9818-cef22a070b6a(uuid675)
сент. 16, 2025 8:21:57 PM webapp.storage.AbstractStorage save
INFO: &amp#27;[32mSave e033a1b9-627f-4d89-b995-0a435b6cef81(uuid676)
сент. 16, 2025 8:21:57 PM webapp.storage.AbstractStorage save
INFO: &amp#27;[32mSave 8adffad4-29af-456b-b5f8-2a08efedf38d(uuid677)
сент. 16, 2025 8:21:57 PM webapp.storage.AbstractStorage save
INFO: &amp#27;[32mSave a1ce2cf8-7fd2-4b1b-a7fe-66c8a8e0bb91(uuid678)
сент. 16, 2025 8:21:57 PM webapp.storage.AbstractStorage save
INFO: &amp#27;[32mSave 8a04c9fe-b7d1-4ee6-8c53-5b67eb4de3a6(uuid679)
сент. 16, 2025 8:21:57 PM webapp.storage.AbstractStorage save
INFO: &amp#27;[32mSave b6123e89-b8f1-4fe5-9ea1-6a9066cd59ae(uuid680)
сент. 16, 2025 8:21:57 PM webapp.storage.AbstractStorage save
INFO: &amp#27;[32mSave 57874d58-5f47-4661-9c39-bd6adc2d6fa6(uuid681)
сент. 16, 2025 8:21:57 PM webapp.storage.AbstractStorage save
INFO: &amp#27;[32mSave 926fb24b-977a-441a-b4af-a807eb1e8101(uuid682)
сент. 16, 2025 8:21:57 PM webapp.storage.AbstractStorage save
INFO: &amp#27;[32mSave 17b59992-4ad3-4ae3-a74d-651b2e93f693(uuid683)
сент. 16, 2025 8:21:57 PM webapp.storage.AbstractStorage save
INFO: &amp#27;[32mSave 43b8f81a-cd43-4bf0-8a64-13e04eb5d576(uuid684)
сент. 16, 2025 8:21:57 PM webapp.storage.AbstractStorage save
INFO: &amp#27;[32mSave 5ac86122-0739-446d-bdfe-e2585756dafe(uuid685)
сент. 16, 2025 8:21:57 PM webapp.storage.AbstractStorage save
INFO: &amp#27;[32mSave 6c02b1e6-5200-4ac7-a033-ed956e12bfb2(uuid686)
сент. 16, 2025 8:21:57 PM webapp.storage.AbstractStorage save
INFO: &amp#27;[32mSave 099e2265-d140-4daf-8e1e-c6c6ae39740b(uuid687)
сент. 16, 2025 8:21:57 PM webapp.storage.AbstractStorage save
INFO: &amp#27;[32mSave 76e152e8-a405-4eae-9a0c-c65d04704f2f(uuid688)
сент. 16, 2025 8:21:57 PM webapp.storage.AbstractStorage save
INFO: &amp#27;[32mSave edf4a26e-61f9-414f-b10b-32b49528eb40(uuid689)
сент. 16, 2025 8:21:57 PM webapp.storage.AbstractStorage save
INFO: &amp#27;[32mSave 22e83ecf-2762-4739-ae20-9792fd06c3d9(uuid690)
сент. 16, 2025 8:21:57 PM webapp.storage.AbstractStorage save
INFO: &amp#27;[32mSave bfe0b9e8-7b87-482c-9f68-a92c18eba874(uuid691)
сент. 16, 2025 8:21:57 PM webapp.storage.AbstractStorage save
INFO: &amp#27;[32mSave ac452ad2-ef9c-4edc-944a-83dfc2dcbd17(uuid692)
сент. 16, 2025 8:21:57 PM webapp.storage.AbstractStorage save
INFO: &amp#27;[32mSave 37ff304f-c5b8-49e9-816f-bd063b852bdf(uuid693)
сент. 16, 2025 8:21:57 PM webapp.storage.AbstractStorage save
INFO: &amp#27;[32mSave b25a899b-269d-49e8-82a1-ddd765e3ef6b(uuid694)
сент. 16, 2025 8:21:57 PM webapp.storage.AbstractStorage save
INFO: &amp#27;[32mSave 3bb75502-97db-450a-9f07-ec0d2cb1ba9c(uuid695)
сент. 16, 2025 8:21:57 PM webapp.storage.AbstractStorage save
INFO: &amp#27;[32mSave 3d3e76e2-38e6-4d4e-829f-e45f9411ee8b(uuid696)
сент. 16, 2025 8:21:57 PM webapp.storage.AbstractStorage save
INFO: &amp#27;[32mSave 476afe0f-78d6-4ecb-b459-e4791cfb1de9(uuid697)
сент. 16, 2025 8:21:57 PM webapp.storage.AbstractStorage save
INFO: &amp#27;[32mSave 6caed519-b1aa-45a7-813a-53e9f27ccae0(uuid698)
сент. 16, 2025 8:21:57 PM webapp.storage.AbstractStorage save
INFO: &amp#27;[32mSave 7b2b03e5-e86f-44f6-8fdc-643b04874bc9(uuid699)
сент. 16, 2025 8:21:57 PM webapp.storage.AbstractStorage save
INFO: &amp#27;[32mSave e3d2be21-3ea4-4629-973b-eee493c3aff3(uuid700)
сент. 16, 2025 8:21:57 PM webapp.storage.AbstractStorage save
INFO: &amp#27;[32mSave 9eb57e8e-5ed2-4171-8429-df10be32a0c9(uuid701)
сент. 16, 2025 8:21:57 PM webapp.storage.AbstractStorage save
INFO: &amp#27;[32mSave 59ef2286-cdf5-4a56-8ef2-194f6a265055(uuid702)
сент. 16, 2025 8:21:57 PM webapp.storage.AbstractStorage save
INFO: &amp#27;[32mSave 7e3efedc-a636-43d0-ba70-e13f51ad0103(uuid703)
сент. 16, 2025 8:21:57 PM webapp.storage.AbstractStorage save
INFO: &amp#27;[32mSave cafb2b83-08c2-41ae-95c7-a352899eb3de(uuid704)
сент. 16, 2025 8:21:57 PM webapp.storage.AbstractStorage save
INFO: &amp#27;[32mSave 4e1de5ad-8a04-460e-9af5-88e65746185a(uuid705)
сент. 16, 2025 8:21:57 PM webapp.storage.AbstractStorage save
INFO: &amp#27;[32mSave 0007240b-cb3b-4953-9175-40bd8590a672(uuid706)
сент. 16, 2025 8:21:57 PM webapp.storage.AbstractStorage save
INFO: &amp#27;[32mSave 61d36568-1daf-4816-8d95-c8ffe2d5fece(uuid707)
сент. 16, 2025 8:21:57 PM webapp.storage.AbstractStorage save
INFO: &amp#27;[32mSave 4b69f5bc-329d-4d4c-ba72-a602c1ddffe2(uuid708)
сент. 16, 2025 8:21:57 PM webapp.storage.AbstractStorage save
INFO: &amp#27;[32mSave 4a3b34e7-601f-4acc-ad71-8541d1692bcb(uuid709)
сент. 16, 2025 8:21:57 PM webapp.storage.AbstractStorage save
INFO: &amp#27;[32mSave afb00ff7-e37b-4bdb-8f7e-ddb5665ae5e9(uuid710)
сент. 16, 2025 8:21:57 PM webapp.storage.AbstractStorage save
INFO: &amp#27;[32mSave b136ed84-0ca7-4aa1-abde-d3fccf1ae77d(uuid711)
сент. 16, 2025 8:21:57 PM webapp.storage.AbstractStorage save
INFO: &amp#27;[32mSave 93a74d7f-1d47-40fc-9246-22ccbaeee166(uuid712)
сент. 16, 2025 8:21:57 PM webapp.storage.AbstractStorage save
INFO: &amp#27;[32mSave c796fedf-ab3e-462c-983a-ac9a1d81af2d(uuid713)
сент. 16, 2025 8:21:57 PM webapp.storage.AbstractStorage save
INFO: &amp#27;[32mSave d3b26b95-d0c3-4778-b5bb-c343740fc448(uuid714)
сент. 16, 2025 8:21:57 PM webapp.storage.AbstractStorage save
INFO: &amp#27;[32mSave d2843dfe-ee44-4288-9b43-96ae3deb4013(uuid715)
сент. 16, 2025 8:21:57 PM webapp.storage.AbstractStorage save
INFO: &amp#27;[32mSave 7a1e481b-c4ba-4e0d-a445-c97bb9dd1c24(uuid716)
сент. 16, 2025 8:21:57 PM webapp.storage.AbstractStorage save
INFO: &amp#27;[32mSave 50d400f2-c9ac-41fa-85a4-55a02be07d07(uuid717)
сент. 16, 2025 8:21:57 PM webapp.storage.AbstractStorage save
INFO: &amp#27;[32mSave a14904fa-e9be-485e-85a1-d9fb850fc1f9(uuid718)
сент. 16, 2025 8:21:57 PM webapp.storage.AbstractStorage save
INFO: &amp#27;[32mSave 11334187-e8e0-4964-b920-fe3cfedd1062(uuid719)
сент. 16, 2025 8:21:57 PM webapp.storage.AbstractStorage save
INFO: &amp#27;[32mSave e08d7917-4c6d-4521-a75d-9867b80788ed(uuid720)
сент. 16, 2025 8:21:57 PM webapp.storage.AbstractStorage save
INFO: &amp#27;[32mSave 89affae7-59f5-4e1f-8353-c9c07f4afa99(uuid721)
сент. 16, 2025 8:21:57 PM webapp.storage.AbstractStorage save
INFO: &amp#27;[32mSave 76a78637-d381-4d0c-b5fe-7906704ee0fd(uuid722)
сент. 16, 2025 8:21:57 PM webapp.storage.AbstractStorage save
INFO: &amp#27;[32mSave 104bdda1-9a68-4fa6-a7ee-53bda092000b(uuid723)
сент. 16, 2025 8:21:57 PM webapp.storage.AbstractStorage save
INFO: &amp#27;[32mSave 9148d9ba-4a86-4bb4-b28a-94d6e5f7da96(uuid724)
сент. 16, 2025 8:21:57 PM webapp.storage.AbstractStorage save
INFO: &amp#27;[32mSave eca7ab1d-95e7-4536-913a-569ef21d393f(uuid725)
сент. 16, 2025 8:21:57 PM webapp.storage.AbstractStorage save
INFO: &amp#27;[32mSave 7375e5f1-1a5b-4ed1-867c-a65b480df91e(uuid726)
сент. 16, 2025 8:21:57 PM webapp.storage.AbstractStorage save
INFO: &amp#27;[32mSave 36c5cd6b-9a25-4066-a5b5-169a27a359c7(uuid727)
сент. 16, 2025 8:21:57 PM webapp.storage.AbstractStorage save
INFO: &amp#27;[32mSave 3b8a7d6e-eba3-470d-87dd-52550dc90f13(uuid728)
сент. 16, 2025 8:21:57 PM webapp.storage.AbstractStorage save
INFO: &amp#27;[32mSave aa0b639f-7b27-426a-8f8d-70017277935f(uuid729)
сент. 16, 2025 8:21:57 PM webapp.storage.AbstractStorage save
INFO: &amp#27;[32mSave 76b72238-4b01-494c-9537-3c105626a010(uuid730)
сент. 16, 2025 8:21:57 PM webapp.storage.AbstractStorage save
INFO: &amp#27;[32mSave 9f182cf3-a968-42ab-ba88-2ceef910f587(uuid731)
сент. 16, 2025 8:21:57 PM webapp.storage.AbstractStorage save
INFO: &amp#27;[32mSave 61f4baa9-c8fc-4de0-a1a7-f4082d541b7c(uuid732)
сент. 16, 2025 8:21:57 PM webapp.storage.AbstractStorage save
INFO: &amp#27;[32mSave 3bab8e36-f5f2-40cb-bb8e-5a7c4e95cff5(uuid733)
сент. 16, 2025 8:21:57 PM webapp.storage.AbstractStorage save
INFO: &amp#27;[32mSave 7085f6c1-d45c-47a9-a450-ad6a28dc274c(uuid734)
сент. 16, 2025 8:21:57 PM webapp.storage.AbstractStorage save
INFO: &amp#27;[32mSave 8447f502-3ae0-4126-922b-5c24081f8ca7(uuid735)
сент. 16, 2025 8:21:57 PM webapp.storage.AbstractStorage save
INFO: &amp#27;[32mSave 3376412f-46a3-4c11-993f-a25cad35c54c(uuid736)
сент. 16, 2025 8:21:57 PM webapp.storage.AbstractStorage save
INFO: &amp#27;[32mSave 84a109e0-f904-4653-ab56-0a0d9f348d67(uuid737)
сент. 16, 2025 8:21:57 PM webapp.storage.AbstractStorage save
INFO: &amp#27;[32mSave 5727e646-1556-4941-b8c7-627b6a4ec904(uuid738)
сент. 16, 2025 8:21:57 PM webapp.storage.AbstractStorage save
INFO: &amp#27;[32mSave 2b1f0651-3674-496a-94ea-8365c9e0740f(uuid739)
сент. 16, 2025 8:21:57 PM webapp.storage.AbstractStorage save
INFO: &amp#27;[32mSave bcd5d30c-655f-49b2-be3a-2893b5c15d8a(uuid740)
сент. 16, 2025 8:21:57 PM webapp.storage.AbstractStorage save
INFO: &amp#27;[32mSave 0a432821-9a24-4ebe-9c2b-48c6b44d7cbf(uuid741)
сент. 16, 2025 8:21:57 PM webapp.storage.AbstractStorage save
INFO: &amp#27;[32mSave aa781125-c7e9-4bc0-8df0-558cae146293(uuid742)
сент. 16, 2025 8:21:57 PM webapp.storage.AbstractStorage save
INFO: &amp#27;[32mSave ab2782fa-dcd3-499f-9caa-f5465ec9897e(uuid743)
сент. 16, 2025 8:21:57 PM webapp.storage.AbstractStorage save
INFO: &amp#27;[32mSave 8926e8c8-3586-42b7-9338-0b00b8025c59(uuid744)
сент. 16, 2025 8:21:57 PM webapp.storage.AbstractStorage save
INFO: &amp#27;[32mSave 59381ec9-b519-46b9-83e7-665a1e11a266(uuid745)
сент. 16, 2025 8:21:57 PM webapp.storage.AbstractStorage save
INFO: &amp#27;[32mSave 43787493-d6fa-49e5-9409-710192f125db(uuid746)
сент. 16, 2025 8:21:57 PM webapp.storage.AbstractStorage save
INFO: &amp#27;[32mSave f721f015-61be-4d85-be11-109bd9067b72(uuid747)
сент. 16, 2025 8:21:57 PM webapp.storage.AbstractStorage save
INFO: &amp#27;[32mSave c463d3af-1456-4134-b514-2c36d9093fd6(uuid748)
сент. 16, 2025 8:21:57 PM webapp.storage.AbstractStorage save
INFO: &amp#27;[32mSave 58481f81-677d-41f2-a170-66b5e39c3f97(uuid749)
сент. 16, 2025 8:21:57 PM webapp.storage.AbstractStorage save
INFO: &amp#27;[32mSave 1786953f-81ed-4b7f-9145-645cb8935852(uuid750)
сент. 16, 2025 8:21:57 PM webapp.storage.AbstractStorage save
INFO: &amp#27;[32mSave a69ca41c-a6dc-4f43-810b-2fdf5d4122a3(uuid751)
сент. 16, 2025 8:21:57 PM webapp.storage.AbstractStorage save
INFO: &amp#27;[32mSave ed0936b0-b52d-4491-88be-e91f892927dd(uuid752)
сент. 16, 2025 8:21:57 PM webapp.storage.AbstractStorage save
INFO: &amp#27;[32mSave 3f4af5ee-5b32-46b8-9774-34f2efe917ef(uuid753)
сент. 16, 2025 8:21:57 PM webapp.storage.AbstractStorage save
INFO: &amp#27;[32mSave e6a600d5-2da9-4571-bdd2-8901b11c2073(uuid754)
сент. 16, 2025 8:21:57 PM webapp.storage.AbstractStorage save
INFO: &amp#27;[32mSave 6ecb5c18-e83f-4876-9c3f-244fd0e81606(uuid755)
сент. 16, 2025 8:21:57 PM webapp.storage.AbstractStorage save
INFO: &amp#27;[32mSave edfcee67-64a0-4945-bd7b-55ebd0d3c6f3(uuid756)
сент. 16, 2025 8:21:57 PM webapp.storage.AbstractStorage save
INFO: &amp#27;[32mSave de2a4733-8d99-4e9d-b7da-85cfbed35e39(uuid757)
сент. 16, 2025 8:21:57 PM webapp.storage.AbstractStorage save
INFO: &amp#27;[32mSave 6067cad9-269b-4bf6-ba10-0247679e98d5(uuid758)
сент. 16, 2025 8:21:57 PM webapp.storage.AbstractStorage save
INFO: &amp#27;[32mSave 2a76e782-5ac9-4cc6-87a6-41b409156d6e(uuid759)
сент. 16, 2025 8:21:57 PM webapp.storage.AbstractStorage save
INFO: &amp#27;[32mSave 5eba8b87-40f5-4b0f-81ed-3260609f45b0(uuid760)
сент. 16, 2025 8:21:57 PM webapp.storage.AbstractStorage save
INFO: &amp#27;[32mSave 6a53e081-9481-4d89-9c99-6d2aa8b2f9cc(uuid761)
сент. 16, 2025 8:21:57 PM webapp.storage.AbstractStorage save
INFO: &amp#27;[32mSave 023e0897-ca37-419b-8a64-0e038ae7c162(uuid762)
сент. 16, 2025 8:21:57 PM webapp.storage.AbstractStorage save
INFO: &amp#27;[32mSave 7f338327-3494-43d3-809f-09bc151e1881(uuid763)
сент. 16, 2025 8:21:57 PM webapp.storage.AbstractStorage save
INFO: &amp#27;[32mSave 164058b1-fd7a-483d-bdd5-283ea0a707ce(uuid764)
сент. 16, 2025 8:21:57 PM webapp.storage.AbstractStorage save
INFO: &amp#27;[32mSave d195f429-c264-4df9-9c0f-37ac041c330a(uuid765)
сент. 16, 2025 8:21:57 PM webapp.storage.AbstractStorage save
INFO: &amp#27;[32mSave 5f57f0e4-9871-46a5-971d-853f04d90174(uuid766)
сент. 16, 2025 8:21:57 PM webapp.storage.AbstractStorage save
INFO: &amp#27;[32mSave f8192ac1-2870-4003-b0ec-e723e513f66e(uuid767)
сент. 16, 2025 8:21:57 PM webapp.storage.AbstractStorage save
INFO: &amp#27;[32mSave 95669d44-d02f-42c5-a720-f3346b9ead15(uuid768)
сент. 16, 2025 8:21:57 PM webapp.storage.AbstractStorage save
INFO: &amp#27;[32mSave 756835d2-5846-4aa6-8ce6-7456551b3ab4(uuid769)
сент. 16, 2025 8:21:57 PM webapp.storage.AbstractStorage save
INFO: &amp#27;[32mSave 99554c11-0ec0-46c5-8516-7a71e5c7bcc3(uuid770)
сент. 16, 2025 8:21:57 PM webapp.storage.AbstractStorage save
INFO: &amp#27;[32mSave 4cbd80e0-75aa-478a-aa34-b1a45e0a8806(uuid771)
сент. 16, 2025 8:21:57 PM webapp.storage.AbstractStorage save
INFO: &amp#27;[32mSave a0ec0220-ed99-445b-94ef-116c0c180a05(uuid772)
сент. 16, 2025 8:21:57 PM webapp.storage.AbstractStorage save
INFO: &amp#27;[32mSave 7294c243-ea96-4cf7-a5da-a27b024d3d86(uuid773)
сент. 16, 2025 8:21:57 PM webapp.storage.AbstractStorage save
INFO: &amp#27;[32mSave 10d7ba70-e1d3-4fc0-bc60-e13a1bab42fb(uuid774)
сент. 16, 2025 8:21:57 PM webapp.storage.AbstractStorage save
INFO: &amp#27;[32mSave 9272c12e-32dc-4498-8f1a-4ecfd8987f6d(uuid775)
сент. 16, 2025 8:21:57 PM webapp.storage.AbstractStorage save
INFO: &amp#27;[32mSave cc101fb5-5dac-41df-9d7e-6f28af7a16ce(uuid776)
сент. 16, 2025 8:21:57 PM webapp.storage.AbstractStorage save
INFO: &amp#27;[32mSave 8336df29-4766-4342-a8da-2464cfdcecc8(uuid777)
сент. 16, 2025 8:21:57 PM webapp.storage.AbstractStorage save
INFO: &amp#27;[32mSave ce25185d-f97a-4f8e-bfd2-ca09243e741d(uuid778)
сент. 16, 2025 8:21:57 PM webapp.storage.AbstractStorage save
INFO: &amp#27;[32mSave 3778dde4-a3c8-4951-ae33-c8931710d857(uuid779)
сент. 16, 2025 8:21:57 PM webapp.storage.AbstractStorage save
INFO: &amp#27;[32mSave f44422f6-3fc6-4893-a8e0-bb058a4f7206(uuid780)
сент. 16, 2025 8:21:57 PM webapp.storage.AbstractStorage save
INFO: &amp#27;[32mSave 029c97dd-593a-415b-bf3c-f687d43fa24c(uuid781)
сент. 16, 2025 8:21:57 PM webapp.storage.AbstractStorage save
INFO: &amp#27;[32mSave 5195dc1f-8220-4a97-a7f1-c3748620161a(uuid782)
сент. 16, 2025 8:21:57 PM webapp.storage.AbstractStorage save
INFO: &amp#27;[32mSave cfd2bb6b-c620-4949-b5b2-272e21e22cc1(uuid783)
сент. 16, 2025 8:21:57 PM webapp.storage.AbstractStorage save
INFO: &amp#27;[32mSave db55b1b2-a391-4377-bf32-cf9cccef135d(uuid784)
сент. 16, 2025 8:21:57 PM webapp.storage.AbstractStorage save
INFO: &amp#27;[32mSave d634a05b-8b09-429b-85bb-395f3928cf37(uuid785)
сент. 16, 2025 8:21:57 PM webapp.storage.AbstractStorage save
INFO: &amp#27;[32mSave 6af429bd-3ad9-40c9-8cbf-268f8c27c82a(uuid786)
сент. 16, 2025 8:21:57 PM webapp.storage.AbstractStorage save
INFO: &amp#27;[32mSave 937e2904-6119-400b-b5f9-d4d7647ce824(uuid787)
сент. 16, 2025 8:21:57 PM webapp.storage.AbstractStorage save
INFO: &amp#27;[32mSave ae52bc2c-6236-401c-8761-aba47dd68704(uuid788)
сент. 16, 2025 8:21:57 PM webapp.storage.AbstractStorage save
INFO: &amp#27;[32mSave 90d2b0a0-69a4-4f4d-a2ff-4914c17f3d1d(uuid789)
сент. 16, 2025 8:21:57 PM webapp.storage.AbstractStorage save
INFO: &amp#27;[32mSave 3c51c635-4d05-46d6-b694-b843cca70ee7(uuid790)
сент. 16, 2025 8:21:57 PM webapp.storage.AbstractStorage save
INFO: &amp#27;[32mSave 62e5905c-dfd4-452e-862e-6d020fd2c61a(uuid791)
сент. 16, 2025 8:21:57 PM webapp.storage.AbstractStorage save
INFO: &amp#27;[32mSave 83201f30-6904-4863-9de1-3bc2d5c0452d(uuid792)
сент. 16, 2025 8:21:57 PM webapp.storage.AbstractStorage save
INFO: &amp#27;[32mSave 9df85e3a-67b3-4375-9323-a277564d9ec2(uuid793)
сент. 16, 2025 8:21:57 PM webapp.storage.AbstractStorage save
INFO: &amp#27;[32mSave 783b1383-4077-4fc6-ab0f-3dd0ddd7ff89(uuid794)
сент. 16, 2025 8:21:57 PM webapp.storage.AbstractStorage save
INFO: &amp#27;[32mSave 2755134f-c162-4445-a04f-6c3ad88771a5(uuid795)
сент. 16, 2025 8:21:57 PM webapp.storage.AbstractStorage save
INFO: &amp#27;[32mSave 0864150c-5528-4c52-a5aa-e12c860d6b08(uuid796)
сент. 16, 2025 8:21:57 PM webapp.storage.AbstractStorage save
INFO: &amp#27;[32mSave cf94e703-9931-4dbc-b2c9-6f3ad4c0bf19(uuid797)
сент. 16, 2025 8:21:57 PM webapp.storage.AbstractStorage save
INFO: &amp#27;[32mSave a9252c50-954a-4ce9-8496-308423859bb6(uuid798)
сент. 16, 2025 8:21:57 PM webapp.storage.AbstractStorage save
INFO: &amp#27;[32mSave 96b1cac8-a15d-439f-aaeb-cc6025d86231(uuid799)
сент. 16, 2025 8:21:57 PM webapp.storage.AbstractStorage save
INFO: &amp#27;[32mSave 9995a1b6-57d4-4dc6-884c-a86bc12c2824(uuid800)
сент. 16, 2025 8:21:57 PM webapp.storage.AbstractStorage save
INFO: &amp#27;[32mSave d48edb30-630b-4f6e-8ae2-059e39819d68(uuid801)
сент. 16, 2025 8:21:57 PM webapp.storage.AbstractStorage save
INFO: &amp#27;[32mSave 70529199-9804-4468-a15c-2a60a6181462(uuid802)
сент. 16, 2025 8:21:57 PM webapp.storage.AbstractStorage save
INFO: &amp#27;[32mSave a49a736b-c273-4cac-aeb5-3ed074436a41(uuid803)
сент. 16, 2025 8:21:57 PM webapp.storage.AbstractStorage save
INFO: &amp#27;[32mSave e1872387-bc23-4706-bddb-96d53501d33c(uuid804)
сент. 16, 2025 8:21:57 PM webapp.storage.AbstractStorage save
INFO: &amp#27;[32mSave 022ef4d8-3e17-487b-ac1f-032ab820b29a(uuid805)
сент. 16, 2025 8:21:57 PM webapp.storage.AbstractStorage save
INFO: &amp#27;[32mSave 5a0adfc0-9378-4ad1-a1e4-2b30c684335b(uuid806)
сент. 16, 2025 8:21:57 PM webapp.storage.AbstractStorage save
INFO: &amp#27;[32mSave 7bea8226-104c-4ea0-a6b1-c667e88fe6c5(uuid807)
сент. 16, 2025 8:21:57 PM webapp.storage.AbstractStorage save
INFO: &amp#27;[32mSave 37af60b4-d9bc-45b5-aa20-74c52c0f7aa9(uuid808)
сент. 16, 2025 8:21:57 PM webapp.storage.AbstractStorage save
INFO: &amp#27;[32mSave a99bebc9-66bd-4936-b436-1fd5430a411b(uuid809)
сент. 16, 2025 8:21:57 PM webapp.storage.AbstractStorage save
INFO: &amp#27;[32mSave b9400591-2153-40ef-bc22-4a27f3aa3fc8(uuid810)
сент. 16, 2025 8:21:57 PM webapp.storage.AbstractStorage save
INFO: &amp#27;[32mSave 127f5f86-4849-46cd-9100-893e2bcdfc4e(uuid811)
сент. 16, 2025 8:21:57 PM webapp.storage.AbstractStorage save
INFO: &amp#27;[32mSave 34a23739-9d77-4134-850d-18b7ec3bf739(uuid812)
сент. 16, 2025 8:21:57 PM webapp.storage.AbstractStorage save
INFO: &amp#27;[32mSave 7ed73ecd-39b0-4139-8dbf-7a58e7bfa338(uuid813)
сент. 16, 2025 8:21:57 PM webapp.storage.AbstractStorage save
INFO: &amp#27;[32mSave 3e6fdd9f-7ee8-427e-88e8-f391483915c8(uuid814)
сент. 16, 2025 8:21:57 PM webapp.storage.AbstractStorage save
INFO: &amp#27;[32mSave 68a8922f-387f-4376-8b27-beeb45c38485(uuid815)
сент. 16, 2025 8:21:57 PM webapp.storage.AbstractStorage save
INFO: &amp#27;[32mSave d2d59f50-a29c-428e-8c74-ae0ae9fc5024(uuid816)
сент. 16, 2025 8:21:57 PM webapp.storage.AbstractStorage save
INFO: &amp#27;[32mSave f7d63fbb-9a26-4647-abfb-e920a293e707(uuid817)
сент. 16, 2025 8:21:57 PM webapp.storage.AbstractStorage save
INFO: &amp#27;[32mSave 03d0a92a-9ece-4020-8f15-bed244d40b8b(uuid818)
сент. 16, 2025 8:21:57 PM webapp.storage.AbstractStorage save
INFO: &amp#27;[32mSave 94e33fad-8b46-4c79-b71c-1cf1b6af9c15(uuid819)
сент. 16, 2025 8:21:57 PM webapp.storage.AbstractStorage save
INFO: &amp#27;[32mSave 60a4f4ba-b9d3-4803-bdb8-824609ec240e(uuid820)
сент. 16, 2025 8:21:57 PM webapp.storage.AbstractStorage save
INFO: &amp#27;[32mSave b96606a6-1e76-4b14-a298-3aee9d7bf3bc(uuid821)
сент. 16, 2025 8:21:57 PM webapp.storage.AbstractStorage save
INFO: &amp#27;[32mSave c5cc52ac-2c74-469a-a0e5-037fd9ae5a34(uuid822)
сент. 16, 2025 8:21:57 PM webapp.storage.AbstractStorage save
INFO: &amp#27;[32mSave 4e44b78e-581d-438e-a24d-16312b876451(uuid823)
сент. 16, 2025 8:21:57 PM webapp.storage.AbstractStorage save
INFO: &amp#27;[32mSave b9e126cb-99c5-492a-b57f-a47bef5b0cb0(uuid824)
сент. 16, 2025 8:21:57 PM webapp.storage.AbstractStorage save
INFO: &amp#27;[32mSave 20aacea2-fb22-4b66-b239-1d255644f210(uuid825)
сент. 16, 2025 8:21:57 PM webapp.storage.AbstractStorage save
INFO: &amp#27;[32mSave 21f5e16b-368e-4c73-907c-ec412e40754b(uuid826)
сент. 16, 2025 8:21:57 PM webapp.storage.AbstractStorage save
INFO: &amp#27;[32mSave cbb591ef-04dc-4a9c-bff4-70555022640e(uuid827)
сент. 16, 2025 8:21:57 PM webapp.storage.AbstractStorage save
INFO: &amp#27;[32mSave 5dc922bb-caa3-4815-81c0-487c7ef9dcf3(uuid828)
сент. 16, 2025 8:21:57 PM webapp.storage.AbstractStorage save
INFO: &amp#27;[32mSave f521402c-1f01-4c03-8adb-c4f4b94e7bf7(uuid829)
сент. 16, 2025 8:21:57 PM webapp.storage.AbstractStorage save
INFO: &amp#27;[32mSave 9cc291d9-d3af-4da8-965e-d1ac34cb6aea(uuid830)
сент. 16, 2025 8:21:57 PM webapp.storage.AbstractStorage save
INFO: &amp#27;[32mSave be001ff8-da48-4e01-9d6d-548c5b868a9a(uuid831)
сент. 16, 2025 8:21:57 PM webapp.storage.AbstractStorage save
INFO: &amp#27;[32mSave 2409737c-5a59-48ea-b92b-9398df552a6c(uuid832)
сент. 16, 2025 8:21:57 PM webapp.storage.AbstractStorage save
INFO: &amp#27;[32mSave 3ea2a57a-4b41-4349-918b-02ed2b5de574(uuid833)
сент. 16, 2025 8:21:57 PM webapp.storage.AbstractStorage save
INFO: &amp#27;[32mSave d1cc55a0-a9dd-463f-a6b8-7cea60afaf11(uuid834)
сент. 16, 2025 8:21:57 PM webapp.storage.AbstractStorage save
INFO: &amp#27;[32mSave 45b4c92e-9276-4f09-b9ab-c09bad3a0c70(uuid835)
сент. 16, 2025 8:21:57 PM webapp.storage.AbstractStorage save
INFO: &amp#27;[32mSave 745f40f5-474c-4610-9d45-1863df5d31a9(uuid836)
сент. 16, 2025 8:21:57 PM webapp.storage.AbstractStorage save
INFO: &amp#27;[32mSave f0d7e7ca-0e2e-4506-8052-128093c7aa35(uuid837)
сент. 16, 2025 8:21:57 PM webapp.storage.AbstractStorage save
INFO: &amp#27;[32mSave 276e9faa-3d25-47b6-ad1d-72dfbdc4d296(uuid838)
сент. 16, 2025 8:21:57 PM webapp.storage.AbstractStorage save
INFO: &amp#27;[32mSave 1353d58b-9a28-4c3f-aa19-aa6d7b3f10b2(uuid839)
сент. 16, 2025 8:21:57 PM webapp.storage.AbstractStorage save
INFO: &amp#27;[32mSave 7e1e43a0-ffb2-43e6-84c2-b17a194e6a54(uuid840)
сент. 16, 2025 8:21:57 PM webapp.storage.AbstractStorage save
INFO: &amp#27;[32mSave 0e2b7b6c-6464-40bb-87d3-05a43f2ec192(uuid841)
сент. 16, 2025 8:21:57 PM webapp.storage.AbstractStorage save
INFO: &amp#27;[32mSave 6be3fddc-9118-41c4-8ea2-379224138d26(uuid842)
сент. 16, 2025 8:21:57 PM webapp.storage.AbstractStorage save
INFO: &amp#27;[32mSave 73501fb2-ae0a-4bb5-a11b-9033c0f2d8f3(uuid843)
сент. 16, 2025 8:21:57 PM webapp.storage.AbstractStorage save
INFO: &amp#27;[32mSave e448905d-958c-4007-9783-3d91abd77799(uuid844)
сент. 16, 2025 8:21:57 PM webapp.storage.AbstractStorage save
INFO: &amp#27;[32mSave d909150f-42f1-40c1-9882-796c4ffc8610(uuid845)
сент. 16, 2025 8:21:57 PM webapp.storage.AbstractStorage save
INFO: &amp#27;[32mSave 8e00c6f1-0766-4e01-bcbf-8e8b63f4b2f2(uuid846)
сент. 16, 2025 8:21:57 PM webapp.storage.AbstractStorage save
INFO: &amp#27;[32mSave 34ac6bcf-90a8-4e91-9b49-959da587845e(uuid847)
сент. 16, 2025 8:21:57 PM webapp.storage.AbstractStorage save
INFO: &amp#27;[32mSave 2147d9e6-0614-4a69-a040-14bc5f2e076b(uuid848)
сент. 16, 2025 8:21:57 PM webapp.storage.AbstractStorage save
INFO: &amp#27;[32mSave fa734502-d2d2-462d-a34e-74e3ce0c1243(uuid849)
сент. 16, 2025 8:21:57 PM webapp.storage.AbstractStorage save
INFO: &amp#27;[32mSave d43dfd1b-1816-41b2-b873-ce2056fec5f9(uuid850)
сент. 16, 2025 8:21:57 PM webapp.storage.AbstractStorage save
INFO: &amp#27;[32mSave fd8c541a-f5d2-4524-897c-9148a259a6dd(uuid851)
сент. 16, 2025 8:21:57 PM webapp.storage.AbstractStorage save
INFO: &amp#27;[32mSave e28deca2-3d4d-4bf4-91b4-a090e9144e25(uuid852)
сент. 16, 2025 8:21:57 PM webapp.storage.AbstractStorage save
INFO: &amp#27;[32mSave a010053b-577c-4ec6-8dd4-ab9a6c3bc0ee(uuid853)
сент. 16, 2025 8:21:57 PM webapp.storage.AbstractStorage save
INFO: &amp#27;[32mSave 588f8877-b887-4ee1-afd8-50759112f082(uuid854)
сент. 16, 2025 8:21:57 PM webapp.storage.AbstractStorage save
INFO: &amp#27;[32mSave 36d7ad87-96a1-4b6f-b438-03f412646ee5(uuid855)
сент. 16, 2025 8:21:57 PM webapp.storage.AbstractStorage save
INFO: &amp#27;[32mSave 61f9459d-0275-4956-8340-5b879a2d5b37(uuid856)
сент. 16, 2025 8:21:57 PM webapp.storage.AbstractStorage save
INFO: &amp#27;[32mSave d348d207-46c4-41d7-86fe-5d0adf900694(uuid857)
сент. 16, 2025 8:21:57 PM webapp.storage.AbstractStorage save
INFO: &amp#27;[32mSave a7281b96-ccc4-454f-94bd-b07ec204eda1(uuid858)
сент. 16, 2025 8:21:57 PM webapp.storage.AbstractStorage save
INFO: &amp#27;[32mSave d66d59cc-a4fc-41fa-a60e-28936d001caa(uuid859)
сент. 16, 2025 8:21:57 PM webapp.storage.AbstractStorage save
INFO: &amp#27;[32mSave 40778ba8-e8f6-4726-b9fa-e2e261a37c2a(uuid860)
сент. 16, 2025 8:21:57 PM webapp.storage.AbstractStorage save
INFO: &amp#27;[32mSave c59cce1b-df3f-4c24-aa1c-c7af976170bd(uuid861)
сент. 16, 2025 8:21:57 PM webapp.storage.AbstractStorage save
INFO: &amp#27;[32mSave 112a5b65-be4c-4122-a053-8eae065a0bdd(uuid862)
сент. 16, 2025 8:21:57 PM webapp.storage.AbstractStorage save
INFO: &amp#27;[32mSave 44be94c0-e759-49ed-a75d-b226643297ee(uuid863)
сент. 16, 2025 8:21:57 PM webapp.storage.AbstractStorage save
INFO: &amp#27;[32mSave d8827f1a-84fe-472f-99e9-b957a00b7cf2(uuid864)
сент. 16, 2025 8:21:57 PM webapp.storage.AbstractStorage save
INFO: &amp#27;[32mSave 2760baee-ef7f-47ad-b15a-57d29a026bbd(uuid865)
сент. 16, 2025 8:21:57 PM webapp.storage.AbstractStorage save
INFO: &amp#27;[32mSave beed8122-1208-4a78-a3bf-decf510367e7(uuid866)
сент. 16, 2025 8:21:57 PM webapp.storage.AbstractStorage save
INFO: &amp#27;[32mSave 5a542e5b-d7c4-4d42-8fb9-19b9bca70595(uuid867)
сент. 16, 2025 8:21:57 PM webapp.storage.AbstractStorage save
INFO: &amp#27;[32mSave faea9fad-e239-4f66-8ebd-26710076ca9d(uuid868)
сент. 16, 2025 8:21:57 PM webapp.storage.AbstractStorage save
INFO: &amp#27;[32mSave 7d6de745-d23b-47b6-8f5f-7c55a46b1131(uuid869)
сент. 16, 2025 8:21:57 PM webapp.storage.AbstractStorage save
INFO: &amp#27;[32mSave f856a9ce-2166-4c69-a967-e07bc90a98c2(uuid870)
сент. 16, 2025 8:21:57 PM webapp.storage.AbstractStorage save
INFO: &amp#27;[32mSave 44b19f98-1051-403d-a68e-1066fad7b529(uuid871)
сент. 16, 2025 8:21:57 PM webapp.storage.AbstractStorage save
INFO: &amp#27;[32mSave 3bd314ed-0379-45bf-9a42-5567d72e6dca(uuid872)
сент. 16, 2025 8:21:57 PM webapp.storage.AbstractStorage save
INFO: &amp#27;[32mSave ad00a5fa-8cc1-4588-b17d-8eaa51c77a8c(uuid873)
сент. 16, 2025 8:21:57 PM webapp.storage.AbstractStorage save
INFO: &amp#27;[32mSave 684dc02f-f5e8-43d7-af4d-a9065a92501b(uuid874)
сент. 16, 2025 8:21:57 PM webapp.storage.AbstractStorage save
INFO: &amp#27;[32mSave a65d49db-d9d8-4ea7-bb95-6bb8380627af(uuid875)
сент. 16, 2025 8:21:57 PM webapp.storage.AbstractStorage save
INFO: &amp#27;[32mSave 798caa1d-db4c-4ba9-8cc7-45b2e37d10a7(uuid876)
сент. 16, 2025 8:21:57 PM webapp.storage.AbstractStorage save
INFO: &amp#27;[32mSave 9316b948-86a4-4a44-ba40-944d4a5efbc2(uuid877)
сент. 16, 2025 8:21:57 PM webapp.storage.AbstractStorage save
INFO: &amp#27;[32mSave e935b3a5-43e5-41bd-a149-b6da7c738c35(uuid878)
сент. 16, 2025 8:21:57 PM webapp.storage.AbstractStorage save
INFO: &amp#27;[32mSave 578115ea-3017-4fe4-9917-f61c00e845be(uuid879)
сент. 16, 2025 8:21:57 PM webapp.storage.AbstractStorage save
INFO: &amp#27;[32mSave b379f4d5-e3e1-46d2-b8ad-c9cfb68154fd(uuid880)
сент. 16, 2025 8:21:57 PM webapp.storage.AbstractStorage save
INFO: &amp#27;[32mSave f351d874-bd63-4d4a-812d-1b8cbeb79d8a(uuid881)
сент. 16, 2025 8:21:57 PM webapp.storage.AbstractStorage save
INFO: &amp#27;[32mSave c13f008d-9769-47c8-be74-684f6c18823f(uuid882)
сент. 16, 2025 8:21:57 PM webapp.storage.AbstractStorage save
INFO: &amp#27;[32mSave 26c2f339-88cd-4577-b617-cb6bd74e29a4(uuid883)
сент. 16, 2025 8:21:57 PM webapp.storage.AbstractStorage save
INFO: &amp#27;[32mSave ee129011-83de-4036-ae02-dd2662bfa80c(uuid884)
сент. 16, 2025 8:21:57 PM webapp.storage.AbstractStorage save
INFO: &amp#27;[32mSave 39358bdf-d6f7-4238-8542-d95fd8c6f7cf(uuid885)
сент. 16, 2025 8:21:57 PM webapp.storage.AbstractStorage save
INFO: &amp#27;[32mSave c9ef5c21-dbad-4380-b31f-c3c631eeeecd(uuid886)
сент. 16, 2025 8:21:57 PM webapp.storage.AbstractStorage save
INFO: &amp#27;[32mSave 592aa671-935e-43de-ae65-fc31ba057f9d(uuid887)
сент. 16, 2025 8:21:57 PM webapp.storage.AbstractStorage save
INFO: &amp#27;[32mSave baf5c570-7a4e-4597-9792-2a8a729e1696(uuid888)
сент. 16, 2025 8:21:57 PM webapp.storage.AbstractStorage save
INFO: &amp#27;[32mSave 7e912455-488b-452a-a057-a9426c5b76e7(uuid889)
сент. 16, 2025 8:21:57 PM webapp.storage.AbstractStorage save
INFO: &amp#27;[32mSave 6de08ed7-4f06-4e7e-b81b-3e1c4fd82e76(uuid890)
сент. 16, 2025 8:21:57 PM webapp.storage.AbstractStorage save
INFO: &amp#27;[32mSave 3a817432-4bb5-4f54-a4f7-2e583c21ed5a(uuid891)
сент. 16, 2025 8:21:57 PM webapp.storage.AbstractStorage save
INFO: &amp#27;[32mSave bc94323d-54fe-46c7-a461-105cb037be36(uuid892)
сент. 16, 2025 8:21:57 PM webapp.storage.AbstractStorage save
INFO: &amp#27;[32mSave b04f3029-db03-4cd8-a2ab-a78072563389(uuid893)
сент. 16, 2025 8:21:57 PM webapp.storage.AbstractStorage save
INFO: &amp#27;[32mSave 989cc2b3-8a27-4379-b730-db17bcf19030(uuid894)
сент. 16, 2025 8:21:57 PM webapp.storage.AbstractStorage save
INFO: &amp#27;[32mSave 0391f2a3-4830-44b4-83f5-6264b9e062a3(uuid895)
сент. 16, 2025 8:21:57 PM webapp.storage.AbstractStorage save
INFO: &amp#27;[32mSave f48ba5ef-6551-43d2-91ce-52a2acb29383(uuid896)
сент. 16, 2025 8:21:57 PM webapp.storage.AbstractStorage save
INFO: &amp#27;[32mSave b4895a98-9d94-442d-87d7-7c071f348534(uuid897)
сент. 16, 2025 8:21:57 PM webapp.storage.AbstractStorage save
INFO: &amp#27;[32mSave f0c58c79-69c4-4f64-9f62-73bc8cbb60a8(uuid898)
сент. 16, 2025 8:21:57 PM webapp.storage.AbstractStorage save
INFO: &amp#27;[32mSave d1682ff6-4990-4629-b4a1-b718703c7f28(uuid899)
сент. 16, 2025 8:21:57 PM webapp.storage.AbstractStorage save
INFO: &amp#27;[32mSave c817a211-ab88-4d52-86bb-d4c8e267e7a5(uuid900)
сент. 16, 2025 8:21:57 PM webapp.storage.AbstractStorage save
INFO: &amp#27;[32mSave c12109b3-773a-47a0-acaa-3d41d4d51c24(uuid901)
сент. 16, 2025 8:21:57 PM webapp.storage.AbstractStorage save
INFO: &amp#27;[32mSave f131cd74-2f87-4ae7-bf9c-c656b249b75c(uuid902)
сент. 16, 2025 8:21:57 PM webapp.storage.AbstractStorage save
INFO: &amp#27;[32mSave 186c3f58-294f-4d46-8603-c9042039ffec(uuid903)
сент. 16, 2025 8:21:57 PM webapp.storage.AbstractStorage save
INFO: &amp#27;[32mSave 2336dfd0-bb75-465c-8fb7-e0f8027d92ed(uuid904)
сент. 16, 2025 8:21:57 PM webapp.storage.AbstractStorage save
INFO: &amp#27;[32mSave 26e6f64d-45ad-472f-9213-ce52fb31570f(uuid905)
сент. 16, 2025 8:21:57 PM webapp.storage.AbstractStorage save
INFO: &amp#27;[32mSave 1423ab09-d0d1-475a-8ed0-22804b0392c2(uuid906)
сент. 16, 2025 8:21:57 PM webapp.storage.AbstractStorage save
INFO: &amp#27;[32mSave e9323c2c-a287-4d8d-8ab3-78243711458d(uuid907)
сент. 16, 2025 8:21:57 PM webapp.storage.AbstractStorage save
INFO: &amp#27;[32mSave 40aa3a57-b0f2-45e8-8800-c3e00ffbeaab(uuid908)
сент. 16, 2025 8:21:57 PM webapp.storage.AbstractStorage save
INFO: &amp#27;[32mSave 9e0a5807-0d1a-4bed-8a6e-571c9def03e9(uuid909)
сент. 16, 2025 8:21:57 PM webapp.storage.AbstractStorage save
INFO: &amp#27;[32mSave d61f651b-d095-4483-ab75-0549c4cb28d2(uuid910)
сент. 16, 2025 8:21:57 PM webapp.storage.AbstractStorage save
INFO: &amp#27;[32mSave 03acb73b-3a92-4e35-b58a-f4dc0437cd37(uuid911)
сент. 16, 2025 8:21:57 PM webapp.storage.AbstractStorage save
INFO: &amp#27;[32mSave 0041ebbe-0cbf-4b4f-a2f4-66ddda57774a(uuid912)
сент. 16, 2025 8:21:57 PM webapp.storage.AbstractStorage save
INFO: &amp#27;[32mSave 7777b940-f458-45eb-8830-cbb6d93b701b(uuid913)
сент. 16, 2025 8:21:57 PM webapp.storage.AbstractStorage save
INFO: &amp#27;[32mSave f8186fab-57cf-4c46-ae60-6ec9df05822b(uuid914)
сент. 16, 2025 8:21:57 PM webapp.storage.AbstractStorage save
INFO: &amp#27;[32mSave a819fc78-fb04-44e6-8825-779a471cdb01(uuid915)
сент. 16, 2025 8:21:57 PM webapp.storage.AbstractStorage save
INFO: &amp#27;[32mSave 09a6036a-0606-499a-b20a-e5e5ece2a91f(uuid916)
сент. 16, 2025 8:21:57 PM webapp.storage.AbstractStorage save
INFO: &amp#27;[32mSave 40ab5e3e-eddf-4cfb-93ed-f243dbd14d64(uuid917)
сент. 16, 2025 8:21:57 PM webapp.storage.AbstractStorage save
INFO: &amp#27;[32mSave 7c1ce3c1-8def-4828-9bd7-a6d994cebee0(uuid918)
сент. 16, 2025 8:21:57 PM webapp.storage.AbstractStorage save
INFO: &amp#27;[32mSave 35f771e2-3235-4667-81e5-df3a171b5575(uuid919)
сент. 16, 2025 8:21:57 PM webapp.storage.AbstractStorage save
INFO: &amp#27;[32mSave 209ba5db-4b1f-49ed-87b8-62056681a07b(uuid920)
сент. 16, 2025 8:21:57 PM webapp.storage.AbstractStorage save
INFO: &amp#27;[32mSave 6e8f688c-7854-4fa7-9ddc-47f48d2b9a04(uuid921)
сент. 16, 2025 8:21:57 PM webapp.storage.AbstractStorage save
INFO: &amp#27;[32mSave 82ad43d9-95ba-4c3f-b2de-6d46dc5c39b1(uuid922)
сент. 16, 2025 8:21:57 PM webapp.storage.AbstractStorage save
INFO: &amp#27;[32mSave 11bc7c69-5805-48b5-b208-26dc8eda1f53(uuid923)
сент. 16, 2025 8:21:57 PM webapp.storage.AbstractStorage save
INFO: &amp#27;[32mSave e0bc38ea-ef95-431f-9d55-17c83ecfa59f(uuid924)
сент. 16, 2025 8:21:57 PM webapp.storage.AbstractStorage save
INFO: &amp#27;[32mSave d5d97c50-e43a-41fb-ae86-3cf29afb6d26(uuid925)
сент. 16, 2025 8:21:57 PM webapp.storage.AbstractStorage save
INFO: &amp#27;[32mSave 5c15b661-fdf4-48b3-b636-e78c15ca4c6a(uuid926)
сент. 16, 2025 8:21:57 PM webapp.storage.AbstractStorage save
INFO: &amp#27;[32mSave 8248a6a2-6d5c-496a-8a47-37938df70fe9(uuid927)
сент. 16, 2025 8:21:57 PM webapp.storage.AbstractStorage save
INFO: &amp#27;[32mSave 9ab25919-f685-4f61-84d6-2a52ffc3d276(uuid928)
сент. 16, 2025 8:21:57 PM webapp.storage.AbstractStorage save
INFO: &amp#27;[32mSave 43b35652-5a61-47ef-9ec1-ec5fea5ca9e5(uuid929)
сент. 16, 2025 8:21:57 PM webapp.storage.AbstractStorage save
INFO: &amp#27;[32mSave adf7aae3-f254-4b22-8331-55734bc5b1e4(uuid930)
сент. 16, 2025 8:21:57 PM webapp.storage.AbstractStorage save
INFO: &amp#27;[32mSave b108e0f0-c215-40e8-a478-9501140fe3fc(uuid931)
сент. 16, 2025 8:21:57 PM webapp.storage.AbstractStorage save
INFO: &amp#27;[32mSave 205cf6a7-7199-47e0-a7d5-edc199d3fd64(uuid932)
сент. 16, 2025 8:21:57 PM webapp.storage.AbstractStorage save
INFO: &amp#27;[32mSave ccd5c37b-3e2f-4919-be9b-2ff3d08a6918(uuid933)
сент. 16, 2025 8:21:57 PM webapp.storage.AbstractStorage save
INFO: &amp#27;[32mSave 5472d2c8-0d51-4c84-87ef-d88b7ab189c3(uuid934)
сент. 16, 2025 8:21:57 PM webapp.storage.AbstractStorage save
INFO: &amp#27;[32mSave b65c4a23-3863-453f-9e42-7186c0eb257f(uuid935)
сент. 16, 2025 8:21:57 PM webapp.storage.AbstractStorage save
INFO: &amp#27;[32mSave 79b879e4-3d2a-461f-aa1d-b8034eb7b472(uuid936)
сент. 16, 2025 8:21:57 PM webapp.storage.AbstractStorage save
INFO: &amp#27;[32mSave b246ef7e-f276-4d4e-9237-1f5ffbb1799e(uuid937)
сент. 16, 2025 8:21:57 PM webapp.storage.AbstractStorage save
INFO: &amp#27;[32mSave fcaff340-2c35-41fd-a28d-c64cb2d9c38b(uuid938)
сент. 16, 2025 8:21:57 PM webapp.storage.AbstractStorage save
INFO: &amp#27;[32mSave 35736bd2-80ba-4e78-b88c-32d2b01fe9e8(uuid939)
сент. 16, 2025 8:21:57 PM webapp.storage.AbstractStorage save
INFO: &amp#27;[32mSave 39da7cf4-11c3-49fa-b82c-e8928b0cb94a(uuid940)
сент. 16, 2025 8:21:57 PM webapp.storage.AbstractStorage save
INFO: &amp#27;[32mSave 26e8cfb4-7505-43e6-afa5-18ec561eb122(uuid941)
сент. 16, 2025 8:21:57 PM webapp.storage.AbstractStorage save
INFO: &amp#27;[32mSave 7068b8dc-a5b2-41b6-af54-681ad5abc39f(uuid942)
сент. 16, 2025 8:21:57 PM webapp.storage.AbstractStorage save
INFO: &amp#27;[32mSave 2cc18c86-4c3c-43ce-9b16-45e882c5ac81(uuid943)
сент. 16, 2025 8:21:57 PM webapp.storage.AbstractStorage save
INFO: &amp#27;[32mSave f32a9010-89f7-4f97-919a-511356f69e9f(uuid944)
сент. 16, 2025 8:21:57 PM webapp.storage.AbstractStorage save
INFO: &amp#27;[32mSave d44ee305-482c-4da1-b2a3-32666bd62c35(uuid945)
сент. 16, 2025 8:21:57 PM webapp.storage.AbstractStorage save
INFO: &amp#27;[32mSave 90869979-1a56-41e1-8530-3fcf211d4d01(uuid946)
сент. 16, 2025 8:21:57 PM webapp.storage.AbstractStorage save
INFO: &amp#27;[32mSave e7b1b757-0a5f-405c-b4ba-e404b4951508(uuid947)
сент. 16, 2025 8:21:57 PM webapp.storage.AbstractStorage save
INFO: &amp#27;[32mSave 5fbd210c-28aa-4ccf-b227-3fa93cba2229(uuid948)
сент. 16, 2025 8:21:57 PM webapp.storage.AbstractStorage save
INFO: &amp#27;[32mSave a7583128-07f8-4afc-b0ab-3d07b7cbba38(uuid949)
сент. 16, 2025 8:21:57 PM webapp.storage.AbstractStorage save
INFO: &amp#27;[32mSave 80c553b4-db21-41c9-9660-e518a83ae8a0(uuid950)
сент. 16, 2025 8:21:57 PM webapp.storage.AbstractStorage save
INFO: &amp#27;[32mSave 2172e05f-33e5-4be1-8c89-6c5f2e0a15a1(uuid951)
сент. 16, 2025 8:21:57 PM webapp.storage.AbstractStorage save
INFO: &amp#27;[32mSave 018a670a-1618-482a-b20f-43f0153142b4(uuid952)
сент. 16, 2025 8:21:57 PM webapp.storage.AbstractStorage save
INFO: &amp#27;[32mSave 2f418cbb-cb4c-42aa-8df2-d6766789f328(uuid953)
сент. 16, 2025 8:21:57 PM webapp.storage.AbstractStorage save
INFO: &amp#27;[32mSave f5acb892-a7b4-41a9-9e48-531b7c6f0b73(uuid954)
сент. 16, 2025 8:21:57 PM webapp.storage.AbstractStorage save
INFO: &amp#27;[32mSave 8b5a7c06-7b0b-492c-b779-67d4e6e7d610(uuid955)
сент. 16, 2025 8:21:57 PM webapp.storage.AbstractStorage save
INFO: &amp#27;[32mSave 296ccb5f-a1b7-42e3-9abd-59d95c3b69d9(uuid956)
сент. 16, 2025 8:21:57 PM webapp.storage.AbstractStorage save
INFO: &amp#27;[32mSave 4575b859-96a2-414f-9865-ef979453f0cb(uuid957)
сент. 16, 2025 8:21:57 PM webapp.storage.AbstractStorage save
INFO: &amp#27;[32mSave b4ad6058-c693-4c88-9ad5-0f0267fa7f53(uuid958)
сент. 16, 2025 8:21:57 PM webapp.storage.AbstractStorage save
INFO: &amp#27;[32mSave 3e557f08-72d8-4cbd-ad9d-d1ccbd556637(uuid959)
сент. 16, 2025 8:21:57 PM webapp.storage.AbstractStorage save
INFO: &amp#27;[32mSave b2bc5a43-87ae-43c7-8364-91fc53216b1c(uuid960)
сент. 16, 2025 8:21:57 PM webapp.storage.AbstractStorage save
INFO: &amp#27;[32mSave d8920fa3-bad3-4674-8a39-9ccffd197139(uuid961)
сент. 16, 2025 8:21:57 PM webapp.storage.AbstractStorage save
INFO: &amp#27;[32mSave d6dc1188-f010-4dc7-86f7-22fe6d465927(uuid962)
сент. 16, 2025 8:21:57 PM webapp.storage.AbstractStorage save
INFO: &amp#27;[32mSave c7386955-ee92-4281-a38e-2120304c7278(uuid963)
сент. 16, 2025 8:21:57 PM webapp.storage.AbstractStorage save
INFO: &amp#27;[32mSave 57d3ef77-9ca7-4024-ad75-4c62858d9771(uuid964)
сент. 16, 2025 8:21:57 PM webapp.storage.AbstractStorage save
INFO: &amp#27;[32mSave d7f3a569-c8b4-4717-86aa-022619514b19(uuid965)
сент. 16, 2025 8:21:57 PM webapp.storage.AbstractStorage save
INFO: &amp#27;[32mSave 3e0d69b3-c517-43d6-8ee1-84ea606b6cc4(uuid966)
сент. 16, 2025 8:21:57 PM webapp.storage.AbstractStorage save
INFO: &amp#27;[32mSave 4e9a8bc6-63f1-4006-b085-4fcc25085a47(uuid967)
сент. 16, 2025 8:21:57 PM webapp.storage.AbstractStorage save
INFO: &amp#27;[32mSave a5433335-1623-460e-8a78-db105be0f4d7(uuid968)
сент. 16, 2025 8:21:57 PM webapp.storage.AbstractStorage save
INFO: &amp#27;[32mSave 39ba9cd0-7b27-4b8f-9906-105d5eedbe0b(uuid969)
сент. 16, 2025 8:21:57 PM webapp.storage.AbstractStorage save
INFO: &amp#27;[32mSave 7288368f-5cef-4f3e-a7d5-22179b2e3e02(uuid970)
сент. 16, 2025 8:21:57 PM webapp.storage.AbstractStorage save
INFO: &amp#27;[32mSave a2f75720-0e4c-4a61-9ccf-4bafdd15f220(uuid971)
сент. 16, 2025 8:21:57 PM webapp.storage.AbstractStorage save
INFO: &amp#27;[32mSave 40fcb379-e4a6-4737-b02f-ab91f4a95398(uuid972)
сент. 16, 2025 8:21:57 PM webapp.storage.AbstractStorage save
INFO: &amp#27;[32mSave 9bf8d9f5-8f74-4970-84f4-955b4e430df8(uuid973)
сент. 16, 2025 8:21:57 PM webapp.storage.AbstractStorage save
INFO: &amp#27;[32mSave 71fbeb5a-e191-4829-9e71-04c717bb7af8(uuid974)
сент. 16, 2025 8:21:57 PM webapp.storage.AbstractStorage save
INFO: &amp#27;[32mSave 82480768-6158-424e-851c-2a667535549a(uuid975)
сент. 16, 2025 8:21:57 PM webapp.storage.AbstractStorage save
INFO: &amp#27;[32mSave de1cded6-7888-47d9-ad24-41e76cd14dc0(uuid976)
сент. 16, 2025 8:21:57 PM webapp.storage.AbstractStorage save
INFO: &amp#27;[32mSave 451bd59d-7237-4647-b41d-e0249067aafc(uuid977)
сент. 16, 2025 8:21:57 PM webapp.storage.AbstractStorage save
INFO: &amp#27;[32mSave 1373e9e7-0a52-4949-872b-5fb609710b22(uuid978)
сент. 16, 2025 8:21:57 PM webapp.storage.AbstractStorage save
INFO: &amp#27;[32mSave 2a2120e1-f44e-4705-b0fc-40a74ab43c7e(uuid979)
сент. 16, 2025 8:21:57 PM webapp.storage.AbstractStorage save
INFO: &amp#27;[32mSave e12f5934-10e8-4c73-abe6-745c95dfd348(uuid980)
сент. 16, 2025 8:21:57 PM webapp.storage.AbstractStorage save
INFO: &amp#27;[32mSave a8e59cf1-c152-4c07-a871-7c28bf538430(uuid981)
сент. 16, 2025 8:21:57 PM webapp.storage.AbstractStorage save
INFO: &amp#27;[32mSave 1ebc635d-b385-456b-bd31-b3564868e886(uuid982)
сент. 16, 2025 8:21:57 PM webapp.storage.AbstractStorage save
INFO: &amp#27;[32mSave b5512507-e61c-4dd1-9d65-6dde120771bd(uuid983)
сент. 16, 2025 8:21:57 PM webapp.storage.AbstractStorage save
INFO: &amp#27;[32mSave 9b70ed0c-f91c-40dd-b746-fb7cad63f368(uuid984)
сент. 16, 2025 8:21:57 PM webapp.storage.AbstractStorage save
INFO: &amp#27;[32mSave 3a271b9d-4446-4abc-9160-d9706f1ad96a(uuid985)
сент. 16, 2025 8:21:57 PM webapp.storage.AbstractStorage save
INFO: &amp#27;[32mSave 696d9695-c72a-4d2d-81d0-3074c2640f0f(uuid986)
сент. 16, 2025 8:21:57 PM webapp.storage.AbstractStorage save
INFO: &amp#27;[32mSave 41935b5b-f1bf-452a-9694-49d8f45530bf(uuid987)
сент. 16, 2025 8:21:57 PM webapp.storage.AbstractStorage save
INFO: &amp#27;[32mSave f9a3979c-7ef4-4e45-af98-ca395c2b92e6(uuid988)
сент. 16, 2025 8:21:57 PM webapp.storage.AbstractStorage save
INFO: &amp#27;[32mSave 5abf43ab-0624-4956-bf88-61983927c6e3(uuid989)
сент. 16, 2025 8:21:57 PM webapp.storage.AbstractStorage save
INFO: &amp#27;[32mSave c0a40393-e4cf-4099-afce-63d1f06660a9(uuid990)
сент. 16, 2025 8:21:57 PM webapp.storage.AbstractStorage save
INFO: &amp#27;[32mSave 3a301787-a91a-4606-bf1a-5dd18c3b9f84(uuid991)
сент. 16, 2025 8:21:57 PM webapp.storage.AbstractStorage save
INFO: &amp#27;[32mSave 8bbd5053-d068-463b-b4a9-a3e4f3a066ce(uuid992)
сент. 16, 2025 8:21:57 PM webapp.storage.AbstractStorage save
INFO: &amp#27;[32mSave 609e8ba4-71ff-4cb4-86ea-962093505207(uuid993)
сент. 16, 2025 8:21:57 PM webapp.storage.AbstractStorage save
INFO: &amp#27;[32mSave 4dc44d32-4d7c-427c-b7dc-a294c6b77d12(uuid994)
сент. 16, 2025 8:21:57 PM webapp.storage.AbstractStorage save
INFO: &amp#27;[32mSave e57ef430-bd7f-476c-ae86-8fd2f5d8c137(uuid995)
сент. 16, 2025 8:21:57 PM webapp.storage.AbstractStorage save
INFO: &amp#27;[32mSave d0909dd8-533c-4c7c-a5a6-7ce787118d10(uuid996)
сент. 16, 2025 8:21:57 PM webapp.storage.AbstractStorage save
INFO: &amp#27;[32mSave 00850a98-3834-4264-9b82-60e01e0b8da1(uuid997)
сент. 16, 2025 8:21:57 PM webapp.storage.AbstractStorage save
INFO: &amp#27;[32mSave a34497fb-e8bd-48ed-a22b-64f73336301e(uuid998)
сент. 16, 2025 8:21:57 PM webapp.storage.AbstractStorage save
INFO: &amp#27;[32mSave bfe091b6-5451-46b5-9331-76cc2d27ab92(uuid999)
сент. 16, 2025 8:21:57 PM webapp.storage.AbstractStorage save
INFO: &amp#27;[32mSave ddcc884a-c24c-49d6-96e7-74b0da731478(uuid1000)
сент. 16, 2025 8:21:57 PM webapp.storage.AbstractStorage save
INFO: &amp#27;[32mSave 8e44ccc6-bbdc-4457-bc63-6f04f9a79b3f(uuid1001)
сент. 16, 2025 8:21:57 PM webapp.storage.AbstractStorage save
INFO: &amp#27;[32mSave ca3b3824-e916-4a5a-9331-dc01d070145c(uuid1002)
сент. 16, 2025 8:21:57 PM webapp.storage.AbstractStorage save
INFO: &amp#27;[32mSave 283ee91e-6dea-412c-a49d-f5e4115de8bf(uuid1003)
сент. 16, 2025 8:21:57 PM webapp.storage.AbstractStorage save
INFO: &amp#27;[32mSave 3470d220-3311-4b44-a87e-f76443a2d57d(uuid1004)
сент. 16, 2025 8:21:57 PM webapp.storage.AbstractStorage save
INFO: &amp#27;[32mSave 76d5f237-86e9-4e69-a94b-91082f576605(uuid1005)
сент. 16, 2025 8:21:57 PM webapp.storage.AbstractStorage save
INFO: &amp#27;[32mSave 78374c7f-c6d6-45bb-8ae6-fe5aebc0fdcc(uuid1006)
сент. 16, 2025 8:21:57 PM webapp.storage.AbstractStorage save
INFO: &amp#27;[32mSave 99a43f3f-b160-4fa9-a11b-fd56d74c8281(uuid1007)
сент. 16, 2025 8:21:57 PM webapp.storage.AbstractStorage save
INFO: &amp#27;[32mSave c63e9c47-0b55-4010-85f0-b699fd83ee20(uuid1008)
сент. 16, 2025 8:21:57 PM webapp.storage.AbstractStorage save
INFO: &amp#27;[32mSave 017e166f-4bc3-4dce-bf2e-6109abc64d66(uuid1009)
сент. 16, 2025 8:21:57 PM webapp.storage.AbstractStorage save
INFO: &amp#27;[32mSave c8798bad-7246-45bf-b654-efd43878cee3(uuid1010)
сент. 16, 2025 8:21:57 PM webapp.storage.AbstractStorage save
INFO: &amp#27;[32mSave ad7b0b10-76ae-461d-9498-a0e33d7e78bb(uuid1011)
сент. 16, 2025 8:21:57 PM webapp.storage.AbstractStorage save
INFO: &amp#27;[32mSave c40f2bba-6a4a-48f6-962f-ed89df9853de(uuid1012)
сент. 16, 2025 8:21:57 PM webapp.storage.AbstractStorage save
INFO: &amp#27;[32mSave 0798f055-5ad9-469f-9afe-52c5d7dcce17(uuid1013)
сент. 16, 2025 8:21:57 PM webapp.storage.AbstractStorage save
INFO: &amp#27;[32mSave d482f44f-2133-4f64-88a5-05107ae88cc4(uuid1014)
сент. 16, 2025 8:21:57 PM webapp.storage.AbstractStorage save
INFO: &amp#27;[32mSave e3b339d6-fc0e-48a3-b5f8-ea8062d7b67d(uuid1015)
сент. 16, 2025 8:21:57 PM webapp.storage.AbstractStorage save
INFO: &amp#27;[32mSave 8d59a943-8fa1-493d-af01-71650cb9b3d4(uuid1016)
сент. 16, 2025 8:21:57 PM webapp.storage.AbstractStorage save
INFO: &amp#27;[32mSave e518844e-0cd5-4983-906f-c8a7ad129ace(uuid1017)
сент. 16, 2025 8:21:57 PM webapp.storage.AbstractStorage save
INFO: &amp#27;[32mSave 134fb846-8d7f-4935-8855-894ec4cdc08d(uuid1018)
сент. 16, 2025 8:21:57 PM webapp.storage.AbstractStorage save
INFO: &amp#27;[32mSave 7d50b9fe-7cbc-43ca-9fba-4a9928180116(uuid1019)
сент. 16, 2025 8:21:57 PM webapp.storage.AbstractStorage save
INFO: &amp#27;[32mSave 697cc57a-8546-4d91-a062-eb28e436ea3f(uuid1020)
сент. 16, 2025 8:21:57 PM webapp.storage.AbstractStorage save
INFO: &amp#27;[32mSave b8368aab-4b5d-4237-84e2-8cc9370582e3(uuid1021)
сент. 16, 2025 8:21:57 PM webapp.storage.AbstractStorage save
INFO: &amp#27;[32mSave e9e999fb-cac1-4c84-a2e9-09a149e1584b(uuid1022)
сент. 16, 2025 8:21:57 PM webapp.storage.AbstractStorage save
INFO: &amp#27;[32mSave 33788ae2-e0cc-4428-8ffb-a34414c82d42(uuid1023)
сент. 16, 2025 8:21:57 PM webapp.storage.AbstractStorage save
INFO: &amp#27;[32mSave 2a736b37-8949-48e7-9af3-1551b0cbafb2(uuid1024)
сент. 16, 2025 8:21:57 PM webapp.storage.AbstractStorage save
INFO: &amp#27;[32mSave e7da2035-ea43-4c16-8bb3-5ea097aea6a8(uuid1025)
сент. 16, 2025 8:21:57 PM webapp.storage.AbstractStorage save
INFO: &amp#27;[32mSave 113c2f6f-0c6c-4e7c-91c8-9646c52af90b(uuid1026)
сент. 16, 2025 8:21:57 PM webapp.storage.AbstractStorage save
INFO: &amp#27;[32mSave 44528693-ee37-4057-914e-e4f61f1cf1e0(uuid1027)
сент. 16, 2025 8:21:57 PM webapp.storage.AbstractStorage save
INFO: &amp#27;[32mSave aec52ff5-d9da-4a14-bb1f-57439d9c605e(uuid1028)
сент. 16, 2025 8:21:57 PM webapp.storage.AbstractStorage save
INFO: &amp#27;[32mSave 342051ff-9910-406c-a188-4dd11981ef91(uuid1029)
сент. 16, 2025 8:21:57 PM webapp.storage.AbstractStorage save
INFO: &amp#27;[32mSave 60ab13a8-38a1-41b7-af39-cd74932fb27f(uuid1030)
сент. 16, 2025 8:21:57 PM webapp.storage.AbstractStorage save
INFO: &amp#27;[32mSave 7c4168bb-4d43-4703-8d5c-d491d101a69a(uuid1031)
сент. 16, 2025 8:21:57 PM webapp.storage.AbstractStorage save
INFO: &amp#27;[32mSave f90b5078-39de-40ec-8651-b3eeccc397ce(uuid1032)
сент. 16, 2025 8:21:57 PM webapp.storage.AbstractStorage save
INFO: &amp#27;[32mSave 34b3528f-295f-4193-bcdc-c5a5df9cddd3(uuid1033)
сент. 16, 2025 8:21:57 PM webapp.storage.AbstractStorage save
INFO: &amp#27;[32mSave 949107db-e1d3-4b74-9405-d20577f7165b(uuid1034)
сент. 16, 2025 8:21:57 PM webapp.storage.AbstractStorage save
INFO: &amp#27;[32mSave 436dd02e-f466-4876-b534-62d14444d807(uuid1035)
сент. 16, 2025 8:21:57 PM webapp.storage.AbstractStorage save
INFO: &amp#27;[32mSave 1c3b863e-eec8-4eed-924a-ceeaa4871ff5(uuid1036)
сент. 16, 2025 8:21:57 PM webapp.storage.AbstractStorage save
INFO: &amp#27;[32mSave 006e07e6-3ed6-49c1-92f8-f6e38e9da520(uuid1037)
сент. 16, 2025 8:21:57 PM webapp.storage.AbstractStorage save
INFO: &amp#27;[32mSave 72556336-8cd9-4eb6-acf4-37b249d6adcc(uuid1038)
сент. 16, 2025 8:21:57 PM webapp.storage.AbstractStorage save
INFO: &amp#27;[32mSave 99f5f297-777d-4971-b717-0e1c6ffc3384(uuid1039)
сент. 16, 2025 8:21:57 PM webapp.storage.AbstractStorage save
INFO: &amp#27;[32mSave 8145b50a-4d46-4561-bbfc-11a9c2143432(uuid1040)
сент. 16, 2025 8:21:57 PM webapp.storage.AbstractStorage save
INFO: &amp#27;[32mSave ec9bd3d0-500d-4b25-aa38-cb8460ecd953(uuid1041)
сент. 16, 2025 8:21:57 PM webapp.storage.AbstractStorage save
INFO: &amp#27;[32mSave cb25e2b5-9c65-4662-a5ac-1a04ac6384b2(uuid1042)
сент. 16, 2025 8:21:57 PM webapp.storage.AbstractStorage save
INFO: &amp#27;[32mSave 2c9ced25-956a-4656-975d-67817b46b495(uuid1043)
сент. 16, 2025 8:21:57 PM webapp.storage.AbstractStorage save
INFO: &amp#27;[32mSave 6f55aefb-2dd4-4571-b8f2-225fac1f2a2d(uuid1044)
сент. 16, 2025 8:21:57 PM webapp.storage.AbstractStorage save
INFO: &amp#27;[32mSave 636be71b-b63a-4965-a3a3-f9e15db65338(uuid1045)
сент. 16, 2025 8:21:57 PM webapp.storage.AbstractStorage save
INFO: &amp#27;[32mSave fb2a28ab-4210-4a2d-aebc-22443fd9d5ae(uuid1046)
сент. 16, 2025 8:21:57 PM webapp.storage.AbstractStorage save
INFO: &amp#27;[32mSave 3825aead-fc81-48f8-9c9c-494cac42242b(uuid1047)
сент. 16, 2025 8:21:57 PM webapp.storage.AbstractStorage save
INFO: &amp#27;[32mSave 5cd32927-737b-43de-a30f-34e1ba4d789a(uuid1048)
сент. 16, 2025 8:21:57 PM webapp.storage.AbstractStorage save
INFO: &amp#27;[32mSave 2a9cfcf7-8c94-437c-9496-ad0d6a175fad(uuid1049)
сент. 16, 2025 8:21:57 PM webapp.storage.AbstractStorage save
INFO: &amp#27;[32mSave 5120976d-9247-4091-8b96-59f57ec5ece3(uuid1050)
сент. 16, 2025 8:21:57 PM webapp.storage.AbstractStorage save
INFO: &amp#27;[32mSave 5004f43a-dcbf-46f6-ad1c-882838619259(uuid1051)
сент. 16, 2025 8:21:57 PM webapp.storage.AbstractStorage save
INFO: &amp#27;[32mSave 2eb2bb57-a258-4b74-8a75-19c6c672caea(uuid1052)
сент. 16, 2025 8:21:57 PM webapp.storage.AbstractStorage save
INFO: &amp#27;[32mSave aea9a59d-8faa-4a0a-9ed5-33b77304a6ef(uuid1053)
сент. 16, 2025 8:21:57 PM webapp.storage.AbstractStorage save
INFO: &amp#27;[32mSave 3c6ea2cd-4d25-4fc8-852f-21da76e2a716(uuid1054)
сент. 16, 2025 8:21:57 PM webapp.storage.AbstractStorage save
INFO: &amp#27;[32mSave 35fcf075-32c9-4cbf-b1de-efc5ca6e69c2(uuid1055)
сент. 16, 2025 8:21:57 PM webapp.storage.AbstractStorage save
INFO: &amp#27;[32mSave e56f3edf-16ff-422c-a985-487047c43e5f(uuid1056)
сент. 16, 2025 8:21:57 PM webapp.storage.AbstractStorage save
INFO: &amp#27;[32mSave 146dce25-baa7-4633-b491-fb31be6ee656(uuid1057)
сент. 16, 2025 8:21:57 PM webapp.storage.AbstractStorage save
INFO: &amp#27;[32mSave e7b4ec3a-cac8-4cc1-a013-a79a7e1c78d3(uuid1058)
сент. 16, 2025 8:21:57 PM webapp.storage.AbstractStorage save
INFO: &amp#27;[32mSave ab06825b-3117-4856-aea9-f2eb548524fc(uuid1059)
сент. 16, 2025 8:21:57 PM webapp.storage.AbstractStorage save
INFO: &amp#27;[32mSave 7f629f91-bac5-4780-b9f1-4994526fa366(uuid1060)
сент. 16, 2025 8:21:57 PM webapp.storage.AbstractStorage save
INFO: &amp#27;[32mSave ab242659-728e-4a08-8d07-177dca13659e(uuid1061)
сент. 16, 2025 8:21:57 PM webapp.storage.AbstractStorage save
INFO: &amp#27;[32mSave c6e39c11-adb1-4adf-ab9c-b63df987d4a9(uuid1062)
сент. 16, 2025 8:21:57 PM webapp.storage.AbstractStorage save
INFO: &amp#27;[32mSave fb846511-f680-488f-9901-a0ea0571bf92(uuid1063)
сент. 16, 2025 8:21:57 PM webapp.storage.AbstractStorage save
INFO: &amp#27;[32mSave a5e22a45-abfe-4ae4-926e-162f06e9dc69(uuid1064)
сент. 16, 2025 8:21:57 PM webapp.storage.AbstractStorage save
INFO: &amp#27;[32mSave a1814235-ba5b-462d-ae8a-932990b29e17(uuid1065)
сент. 16, 2025 8:21:57 PM webapp.storage.AbstractStorage save
INFO: &amp#27;[32mSave 997ac9e9-a856-49f5-a66d-f54b4edd7627(uuid1066)
сент. 16, 2025 8:21:57 PM webapp.storage.AbstractStorage save
INFO: &amp#27;[32mSave dc9b3578-d4fe-4ab8-b362-e90ccecd23cc(uuid1067)
сент. 16, 2025 8:21:57 PM webapp.storage.AbstractStorage save
INFO: &amp#27;[32mSave 537a0dce-6573-4303-afb6-1404025b7208(uuid1068)
сент. 16, 2025 8:21:57 PM webapp.storage.AbstractStorage save
INFO: &amp#27;[32mSave b664e203-8be8-4a7c-bb23-d72afa166d2b(uuid1069)
сент. 16, 2025 8:21:57 PM webapp.storage.AbstractStorage save
INFO: &amp#27;[32mSave 14c1b5c7-e5f3-4395-8a5d-3c513240d261(uuid1070)
сент. 16, 2025 8:21:57 PM webapp.storage.AbstractStorage save
INFO: &amp#27;[32mSave 5db9f61a-241e-40e3-b3e7-ce1ff5af4e24(uuid1071)
сент. 16, 2025 8:21:57 PM webapp.storage.AbstractStorage save
INFO: &amp#27;[32mSave 325e508b-2eef-42eb-bf0b-ab30e62f400d(uuid1072)
сент. 16, 2025 8:21:57 PM webapp.storage.AbstractStorage save
INFO: &amp#27;[32mSave 76ed920a-64fc-4356-80a1-eed07a50a491(uuid1073)
сент. 16, 2025 8:21:57 PM webapp.storage.AbstractStorage save
INFO: &amp#27;[32mSave ddaf989c-4425-417c-bc2a-6eb10da0653b(uuid1074)
сент. 16, 2025 8:21:57 PM webapp.storage.AbstractStorage save
INFO: &amp#27;[32mSave a5dff887-fde3-4b65-af41-b493523eb2a4(uuid1075)
сент. 16, 2025 8:21:57 PM webapp.storage.AbstractStorage save
INFO: &amp#27;[32mSave beb70c7c-06d5-4330-bb82-2018000e40be(uuid1076)
сент. 16, 2025 8:21:57 PM webapp.storage.AbstractStorage save
INFO: &amp#27;[32mSave f60ab213-64ad-4ac1-ab7a-f224b677eb48(uuid1077)
сент. 16, 2025 8:21:57 PM webapp.storage.AbstractStorage save
INFO: &amp#27;[32mSave 036fe701-45f1-4b55-9b17-9a6acf84c3dd(uuid1078)
сент. 16, 2025 8:21:57 PM webapp.storage.AbstractStorage save
INFO: &amp#27;[32mSave 1eec45fd-2202-44f5-82fb-b68d0d110472(uuid1079)
сент. 16, 2025 8:21:57 PM webapp.storage.AbstractStorage save
INFO: &amp#27;[32mSave d42b7a1a-0ab9-4c20-92da-7317967b6e6e(uuid1080)
сент. 16, 2025 8:21:57 PM webapp.storage.AbstractStorage save
INFO: &amp#27;[32mSave 4e2f00e5-7ac7-41a6-bc8a-3a1cd68140e4(uuid1081)
сент. 16, 2025 8:21:57 PM webapp.storage.AbstractStorage save
INFO: &amp#27;[32mSave 2c872006-7ea9-49d9-8509-442d78818f80(uuid1082)
сент. 16, 2025 8:21:57 PM webapp.storage.AbstractStorage save
INFO: &amp#27;[32mSave 5aeb292f-a6b4-4ae1-bc27-b6e7c66f6322(uuid1083)
сент. 16, 2025 8:21:57 PM webapp.storage.AbstractStorage save
INFO: &amp#27;[32mSave d8d632ec-41ad-442f-9681-926660f4a9b5(uuid1084)
сент. 16, 2025 8:21:57 PM webapp.storage.AbstractStorage save
INFO: &amp#27;[32mSave dd11bd99-9eac-47ac-b28c-77b22400ed7f(uuid1085)
сент. 16, 2025 8:21:57 PM webapp.storage.AbstractStorage save
INFO: &amp#27;[32mSave 0a332016-0354-4772-95ef-d4bd85689fc4(uuid1086)
сент. 16, 2025 8:21:57 PM webapp.storage.AbstractStorage save
INFO: &amp#27;[32mSave ae813c0d-9240-4643-8ca4-b3eb677d9f7d(uuid1087)
сент. 16, 2025 8:21:57 PM webapp.storage.AbstractStorage save
INFO: &amp#27;[32mSave d4abfbb3-5055-4cb6-a281-a6a62979871c(uuid1088)
сент. 16, 2025 8:21:57 PM webapp.storage.AbstractStorage save
INFO: &amp#27;[32mSave d022116a-8894-45d9-adb5-cf001cc61b70(uuid1089)
сент. 16, 2025 8:21:57 PM webapp.storage.AbstractStorage save
INFO: &amp#27;[32mSave 5003ebc5-47ee-46af-9f0a-49f9e12a33e2(uuid1090)
сент. 16, 2025 8:21:57 PM webapp.storage.AbstractStorage save
INFO: &amp#27;[32mSave 33ea7e19-cc0f-4dfc-b7de-0bc50df10262(uuid1091)
сент. 16, 2025 8:21:57 PM webapp.storage.AbstractStorage save
INFO: &amp#27;[32mSave a2cc7107-ba01-4018-af4e-fb74c66d78aa(uuid1092)
сент. 16, 2025 8:21:57 PM webapp.storage.AbstractStorage save
INFO: &amp#27;[32mSave 4c563cff-b36f-4a2b-ac4f-21d372b51ce5(uuid1093)
сент. 16, 2025 8:21:57 PM webapp.storage.AbstractStorage save
INFO: &amp#27;[32mSave f95e9c21-697e-48b0-b5e4-be6b3d177a5e(uuid1094)
сент. 16, 2025 8:21:57 PM webapp.storage.AbstractStorage save
INFO: &amp#27;[32mSave c467c3bf-9256-4ac9-9d8f-8939327791a7(uuid1095)
сент. 16, 2025 8:21:57 PM webapp.storage.AbstractStorage save
INFO: &amp#27;[32mSave a343fe68-ff2f-4021-b7ef-280126a7b239(uuid1096)
сент. 16, 2025 8:21:57 PM webapp.storage.AbstractStorage save
INFO: &amp#27;[32mSave 9ab83091-cdc5-47ca-8860-a7cd0861bbbe(uuid1097)
сент. 16, 2025 8:21:57 PM webapp.storage.AbstractStorage save
INFO: &amp#27;[32mSave 21a8346d-e029-458c-bf06-988f5af4514d(uuid1098)
сент. 16, 2025 8:21:57 PM webapp.storage.AbstractStorage save
INFO: &amp#27;[32mSave b71c0f88-e329-4924-afd0-c449f991eef5(uuid1099)
сент. 16, 2025 8:21:57 PM webapp.storage.AbstractStorage save
INFO: &amp#27;[32mSave 7f37088e-18a4-424e-8fbf-00335ed74c34(uuid1100)
сент. 16, 2025 8:21:57 PM webapp.storage.AbstractStorage save
INFO: &amp#27;[32mSave 87ed468b-74a4-40b8-b964-a52d249278e2(uuid1101)
сент. 16, 2025 8:21:57 PM webapp.storage.AbstractStorage save
INFO: &amp#27;[32mSave aaf4b756-68fb-458a-bb41-3f92649e38fd(uuid1102)
сент. 16, 2025 8:21:57 PM webapp.storage.AbstractStorage save
INFO: &amp#27;[32mSave b7ab3f38-083d-4ee9-a4d6-d47413c8133f(uuid1103)
сент. 16, 2025 8:21:57 PM webapp.storage.AbstractStorage save
INFO: &amp#27;[32mSave 44525114-e82f-417f-94fa-0b9440f8405f(uuid1104)
сент. 16, 2025 8:21:57 PM webapp.storage.AbstractStorage save
INFO: &amp#27;[32mSave 22926ee7-98f2-4e72-892e-3c60018a3bdc(uuid1105)
сент. 16, 2025 8:21:57 PM webapp.storage.AbstractStorage save
INFO: &amp#27;[32mSave 6cd51f5c-12d1-401c-af52-8e0999a98947(uuid1106)
сент. 16, 2025 8:21:57 PM webapp.storage.AbstractStorage save
INFO: &amp#27;[32mSave 8e9acb79-4345-41a3-9f95-e115ce0d8c47(uuid1107)
сент. 16, 2025 8:21:57 PM webapp.storage.AbstractStorage save
INFO: &amp#27;[32mSave adac642a-7534-4e44-8dba-f2d2002a2063(uuid1108)
сент. 16, 2025 8:21:57 PM webapp.storage.AbstractStorage save
INFO: &amp#27;[32mSave c79fc9e0-db39-4a40-a769-82a0276cbb32(uuid1109)
сент. 16, 2025 8:21:57 PM webapp.storage.AbstractStorage save
INFO: &amp#27;[32mSave 92e3d780-d7f6-49d8-9e8a-6851884dc82c(uuid1110)
сент. 16, 2025 8:21:57 PM webapp.storage.AbstractStorage save
INFO: &amp#27;[32mSave 1fce945a-b7b0-4790-bb7b-47b535fdb62c(uuid1111)
сент. 16, 2025 8:21:57 PM webapp.storage.AbstractStorage save
INFO: &amp#27;[32mSave 5d4ad218-9910-4f43-81b2-ab349b313cf0(uuid1112)
сент. 16, 2025 8:21:57 PM webapp.storage.AbstractStorage save
INFO: &amp#27;[32mSave 4e9d5356-21b0-4d4e-a42b-f181ac895339(uuid1113)
сент. 16, 2025 8:21:57 PM webapp.storage.AbstractStorage save
INFO: &amp#27;[32mSave f5190b7e-17ff-4654-8732-489f03013511(uuid1114)
сент. 16, 2025 8:21:57 PM webapp.storage.AbstractStorage save
INFO: &amp#27;[32mSave ec0b15b2-26d0-4df2-84ef-bc785ebd0810(uuid1115)
сент. 16, 2025 8:21:57 PM webapp.storage.AbstractStorage save
INFO: &amp#27;[32mSave 2320af90-5ba7-47e4-805c-efc074ba6748(uuid1116)
сент. 16, 2025 8:21:57 PM webapp.storage.AbstractStorage save
INFO: &amp#27;[32mSave 976f63c7-0970-4bf7-b365-036493ee9963(uuid1117)
сент. 16, 2025 8:21:57 PM webapp.storage.AbstractStorage save
INFO: &amp#27;[32mSave 7e96bfe6-a8bd-49fc-a91c-fc72c927bb5e(uuid1118)
сент. 16, 2025 8:21:57 PM webapp.storage.AbstractStorage save
INFO: &amp#27;[32mSave 504e62e8-a89c-4199-920c-0c9ab3b89684(uuid1119)
сент. 16, 2025 8:21:57 PM webapp.storage.AbstractStorage save
INFO: &amp#27;[32mSave b5c0a57c-1d7a-4d56-b749-f71006ba0535(uuid1120)
сент. 16, 2025 8:21:57 PM webapp.storage.AbstractStorage save
INFO: &amp#27;[32mSave f363d764-f1ee-482c-9afc-b14e0e493499(uuid1121)
сент. 16, 2025 8:21:57 PM webapp.storage.AbstractStorage save
INFO: &amp#27;[32mSave 1a2515b8-be95-4b6e-b7d0-02a89b758ee9(uuid1122)
сент. 16, 2025 8:21:57 PM webapp.storage.AbstractStorage save
INFO: &amp#27;[32mSave 19b15780-9dcc-446a-ae4d-91612a7bd9c7(uuid1123)
сент. 16, 2025 8:21:57 PM webapp.storage.AbstractStorage save
INFO: &amp#27;[32mSave 072c19a4-0d1f-41d1-b26f-712172d7bf87(uuid1124)
сент. 16, 2025 8:21:57 PM webapp.storage.AbstractStorage save
INFO: &amp#27;[32mSave 49433555-63ac-4d30-a8dc-2e579ee4971b(uuid1125)
сент. 16, 2025 8:21:57 PM webapp.storage.AbstractStorage save
INFO: &amp#27;[32mSave 0d7eb748-be35-4fe3-8c10-81a01340dfea(uuid1126)
сент. 16, 2025 8:21:57 PM webapp.storage.AbstractStorage save
INFO: &amp#27;[32mSave 96e291cd-d4e0-4fe5-9a02-72de0d885124(uuid1127)
сент. 16, 2025 8:21:57 PM webapp.storage.AbstractStorage save
INFO: &amp#27;[32mSave 333a448c-de3c-4cba-9223-575550538802(uuid1128)
сент. 16, 2025 8:21:57 PM webapp.storage.AbstractStorage save
INFO: &amp#27;[32mSave 17391096-f344-4ffe-aa87-a559ed5ec775(uuid1129)
сент. 16, 2025 8:21:57 PM webapp.storage.AbstractStorage save
INFO: &amp#27;[32mSave e21cfa9c-817d-49ac-a471-f60a077eb01b(uuid1130)
сент. 16, 2025 8:21:57 PM webapp.storage.AbstractStorage save
INFO: &amp#27;[32mSave 3701ec49-68a5-460c-9664-8abe58e27797(uuid1131)
сент. 16, 2025 8:21:57 PM webapp.storage.AbstractStorage save
INFO: &amp#27;[32mSave c59d56f9-902c-4970-bdba-6274b1d91c61(uuid1132)
сент. 16, 2025 8:21:57 PM webapp.storage.AbstractStorage save
INFO: &amp#27;[32mSave 59a5b541-e320-4285-9d80-1ad633161b0f(uuid1133)
сент. 16, 2025 8:21:57 PM webapp.storage.AbstractStorage save
INFO: &amp#27;[32mSave 5eb0d57c-3b09-4c91-9d62-68b7ce65b7e3(uuid1134)
сент. 16, 2025 8:21:57 PM webapp.storage.AbstractStorage save
INFO: &amp#27;[32mSave 70dc6b27-ca86-4188-8db1-c897319d074e(uuid1135)
сент. 16, 2025 8:21:57 PM webapp.storage.AbstractStorage save
INFO: &amp#27;[32mSave 935def1b-3cb7-4960-89cd-e9b3374a5aad(uuid1136)
сент. 16, 2025 8:21:57 PM webapp.storage.AbstractStorage save
INFO: &amp#27;[32mSave 77f917d5-6dde-470b-872e-eb90d490b876(uuid1137)
сент. 16, 2025 8:21:57 PM webapp.storage.AbstractStorage save
INFO: &amp#27;[32mSave 8cf72acf-d4a5-47a7-b1a6-e31dc5a9e0ae(uuid1138)
сент. 16, 2025 8:21:57 PM webapp.storage.AbstractStorage save
INFO: &amp#27;[32mSave 33c5722e-a1cd-44a7-81cc-3444879edd81(uuid1139)
сент. 16, 2025 8:21:57 PM webapp.storage.AbstractStorage save
INFO: &amp#27;[32mSave 93d43753-0692-4e42-973d-a07e741dd284(uuid1140)
сент. 16, 2025 8:21:57 PM webapp.storage.AbstractStorage save
INFO: &amp#27;[32mSave 7ba0f375-bef8-4f5c-89f5-ee7f35ab636a(uuid1141)
сент. 16, 2025 8:21:57 PM webapp.storage.AbstractStorage save
INFO: &amp#27;[32mSave 18798d96-1e72-4c67-8bcd-3b0bd4578e01(uuid1142)
сент. 16, 2025 8:21:57 PM webapp.storage.AbstractStorage save
INFO: &amp#27;[32mSave 97ff045b-5e79-49c1-afd4-80ac9e35ecd2(uuid1143)
сент. 16, 2025 8:21:57 PM webapp.storage.AbstractStorage save
INFO: &amp#27;[32mSave dc6ea103-2a3b-44ad-a500-67122280fd8c(uuid1144)
сент. 16, 2025 8:21:57 PM webapp.storage.AbstractStorage save
INFO: &amp#27;[32mSave 180cce10-6784-4336-b38d-9b8fe7fc4a1e(uuid1145)
сент. 16, 2025 8:21:57 PM webapp.storage.AbstractStorage save
INFO: &amp#27;[32mSave b4541c1c-59df-440b-a747-309b9f7df6ec(uuid1146)
сент. 16, 2025 8:21:57 PM webapp.storage.AbstractStorage save
INFO: &amp#27;[32mSave 2e6147cf-9203-4a7b-8492-7d80f37ecb6b(uuid1147)
сент. 16, 2025 8:21:57 PM webapp.storage.AbstractStorage save
INFO: &amp#27;[32mSave 2edf33ef-a67f-4040-832b-3d2b4b52c048(uuid1148)
сент. 16, 2025 8:21:57 PM webapp.storage.AbstractStorage save
INFO: &amp#27;[32mSave 042fc34c-2c5e-459b-8923-92616e70ee1e(uuid1149)
сент. 16, 2025 8:21:57 PM webapp.storage.AbstractStorage save
INFO: &amp#27;[32mSave f9079c0f-0bbb-436a-a2c2-ea1dc9c5ab43(uuid1150)
сент. 16, 2025 8:21:57 PM webapp.storage.AbstractStorage save
INFO: &amp#27;[32mSave 27272892-3183-43d5-827e-4f1f378e171e(uuid1151)
сент. 16, 2025 8:21:57 PM webapp.storage.AbstractStorage save
INFO: &amp#27;[32mSave f31ba704-f994-4810-836a-236cf31608bf(uuid1152)
сент. 16, 2025 8:21:57 PM webapp.storage.AbstractStorage save
INFO: &amp#27;[32mSave 9dca4f37-38b5-49e4-ae4c-161093d5e47f(uuid1153)
сент. 16, 2025 8:21:57 PM webapp.storage.AbstractStorage save
INFO: &amp#27;[32mSave 11b94761-907a-460f-815a-cf1e1e0d75ed(uuid1154)
сент. 16, 2025 8:21:57 PM webapp.storage.AbstractStorage save
INFO: &amp#27;[32mSave c9a01728-df1b-4e3d-b9f8-95992bc1abf7(uuid1155)
сент. 16, 2025 8:21:57 PM webapp.storage.AbstractStorage save
INFO: &amp#27;[32mSave 5ea3bc1e-2ef6-4a78-8238-5417aba882d1(uuid1156)
сент. 16, 2025 8:21:57 PM webapp.storage.AbstractStorage save
INFO: &amp#27;[32mSave 1748dcd3-e556-4d11-883e-35f65a37f6be(uuid1157)
сент. 16, 2025 8:21:57 PM webapp.storage.AbstractStorage save
INFO: &amp#27;[32mSave f78d0224-2a62-426e-be3e-e47100e52681(uuid1158)
сент. 16, 2025 8:21:57 PM webapp.storage.AbstractStorage save
INFO: &amp#27;[32mSave eb35c33d-9b3d-4914-8146-70ffb58d8cba(uuid1159)
сент. 16, 2025 8:21:57 PM webapp.storage.AbstractStorage save
INFO: &amp#27;[32mSave ef499333-92f8-4e86-9e18-f9acceea657e(uuid1160)
сент. 16, 2025 8:21:57 PM webapp.storage.AbstractStorage save
INFO: &amp#27;[32mSave 35be6e77-eb0b-44a4-a2de-674903ca0a76(uuid1161)
сент. 16, 2025 8:21:57 PM webapp.storage.AbstractStorage save
INFO: &amp#27;[32mSave 5f0aaa3f-661f-45c3-9a89-aae9e1d4caf3(uuid1162)
сент. 16, 2025 8:21:57 PM webapp.storage.AbstractStorage save
INFO: &amp#27;[32mSave e92304dc-9be8-4c9b-89ea-73bd7bc554c0(uuid1163)
сент. 16, 2025 8:21:57 PM webapp.storage.AbstractStorage save
INFO: &amp#27;[32mSave c9faf42c-e9b9-41bc-a8c2-1be9be9fa014(uuid1164)
сент. 16, 2025 8:21:57 PM webapp.storage.AbstractStorage save
INFO: &amp#27;[32mSave 47fcffd1-ce77-4785-86bd-69a117a4dfc3(uuid1165)
сент. 16, 2025 8:21:57 PM webapp.storage.AbstractStorage save
INFO: &amp#27;[32mSave e1829c3b-3944-4226-a0ec-7d89ff534afa(uuid1166)
сент. 16, 2025 8:21:57 PM webapp.storage.AbstractStorage save
INFO: &amp#27;[32mSave c589268d-36f3-4429-9cdb-640914ebc77b(uuid1167)
сент. 16, 2025 8:21:57 PM webapp.storage.AbstractStorage save
INFO: &amp#27;[32mSave 2e1a6e1a-bb82-4af4-894f-1335b2a9f92f(uuid1168)
сент. 16, 2025 8:21:57 PM webapp.storage.AbstractStorage save
INFO: &amp#27;[32mSave 5a9b032c-5519-4495-9e43-346cc6ece85a(uuid1169)
сент. 16, 2025 8:21:57 PM webapp.storage.AbstractStorage save
INFO: &amp#27;[32mSave 11b738e8-1106-4c9a-af53-2273f1587e07(uuid1170)
сент. 16, 2025 8:21:57 PM webapp.storage.AbstractStorage save
INFO: &amp#27;[32mSave 75e49c23-f0e9-4a66-8534-351e9d4d4cf3(uuid1171)
сент. 16, 2025 8:21:57 PM webapp.storage.AbstractStorage save
INFO: &amp#27;[32mSave 290fa062-1b1a-4f86-9a9e-f2eb45be2185(uuid1172)
сент. 16, 2025 8:21:57 PM webapp.storage.AbstractStorage save
INFO: &amp#27;[32mSave 1b5c58ed-f6d2-4e47-9db7-5ac098d6b551(uuid1173)
сент. 16, 2025 8:21:57 PM webapp.storage.AbstractStorage save
INFO: &amp#27;[32mSave 2eb50b3c-92c4-48bb-ad67-77749d5fe267(uuid1174)
сент. 16, 2025 8:21:57 PM webapp.storage.AbstractStorage save
INFO: &amp#27;[32mSave 157166df-cffe-4aae-818f-047c342d264e(uuid1175)
сент. 16, 2025 8:21:57 PM webapp.storage.AbstractStorage save
INFO: &amp#27;[32mSave 4e6144c3-046b-4bee-a416-3ac93890e397(uuid1176)
сент. 16, 2025 8:21:57 PM webapp.storage.AbstractStorage save
INFO: &amp#27;[32mSave d89ae040-ad7b-472a-a58e-14fb4a3309c3(uuid1177)
сент. 16, 2025 8:21:57 PM webapp.storage.AbstractStorage save
INFO: &amp#27;[32mSave 3de0f596-f6fb-4dc9-a765-9a08f9bf0c3e(uuid1178)
сент. 16, 2025 8:21:57 PM webapp.storage.AbstractStorage save
INFO: &amp#27;[32mSave 69b695b1-1f93-4093-aec8-a57af1a5f97c(uuid1179)
сент. 16, 2025 8:21:57 PM webapp.storage.AbstractStorage save
INFO: &amp#27;[32mSave 319727c5-8ec2-4219-bad0-a5953e6d1677(uuid1180)
сент. 16, 2025 8:21:57 PM webapp.storage.AbstractStorage save
INFO: &amp#27;[32mSave 250e3e00-4686-4ad3-8048-6cc0386f19bc(uuid1181)
сент. 16, 2025 8:21:57 PM webapp.storage.AbstractStorage save
INFO: &amp#27;[32mSave d9d68b7a-c587-45f5-ac7e-ece448324b1f(uuid1182)
сент. 16, 2025 8:21:57 PM webapp.storage.AbstractStorage save
INFO: &amp#27;[32mSave 3e81b742-ce17-4576-a645-d27c911658ec(uuid1183)
сент. 16, 2025 8:21:57 PM webapp.storage.AbstractStorage save
INFO: &amp#27;[32mSave b3d4b37c-ccc2-4b67-b9a3-3e1972310361(uuid1184)
сент. 16, 2025 8:21:57 PM webapp.storage.AbstractStorage save
INFO: &amp#27;[32mSave cb40b4ff-4cfc-4c71-8a28-01e8e934643b(uuid1185)
сент. 16, 2025 8:21:57 PM webapp.storage.AbstractStorage save
INFO: &amp#27;[32mSave 13a3815b-5673-45b1-83cc-92d17d2d058a(uuid1186)
сент. 16, 2025 8:21:57 PM webapp.storage.AbstractStorage save
INFO: &amp#27;[32mSave 6068a075-8cec-4660-8ecd-7a25ec4b6cc4(uuid1187)
сент. 16, 2025 8:21:57 PM webapp.storage.AbstractStorage save
INFO: &amp#27;[32mSave fadd0bb6-6310-45eb-9958-d862264bbbc9(uuid1188)
сент. 16, 2025 8:21:57 PM webapp.storage.AbstractStorage save
INFO: &amp#27;[32mSave 1d8fb0a9-ac32-4e8f-b904-1280cc8e40fd(uuid1189)
сент. 16, 2025 8:21:57 PM webapp.storage.AbstractStorage save
INFO: &amp#27;[32mSave 0dae4b9f-0173-457f-a07c-4317a9217a9e(uuid1190)
сент. 16, 2025 8:21:57 PM webapp.storage.AbstractStorage save
INFO: &amp#27;[32mSave 1ab77eef-420c-4011-b871-277a8a9cffff(uuid1191)
сент. 16, 2025 8:21:57 PM webapp.storage.AbstractStorage save
INFO: &amp#27;[32mSave 8bb8dc85-f6f6-4cd2-869d-2727b5ae8f6b(uuid1192)
сент. 16, 2025 8:21:57 PM webapp.storage.AbstractStorage save
INFO: &amp#27;[32mSave 762d760e-7a33-4a08-891f-0e9b984c48f2(uuid1193)
сент. 16, 2025 8:21:57 PM webapp.storage.AbstractStorage save
INFO: &amp#27;[32mSave feb4f85a-5438-484e-ab45-71911ed089ba(uuid1194)
сент. 16, 2025 8:21:57 PM webapp.storage.AbstractStorage save
INFO: &amp#27;[32mSave 49206698-2275-49e9-b503-7d362ca413c1(uuid1195)
сент. 16, 2025 8:21:57 PM webapp.storage.AbstractStorage save
INFO: &amp#27;[32mSave 7b74a387-0036-4bf3-89bc-f76656259e60(uuid1196)
сент. 16, 2025 8:21:57 PM webapp.storage.AbstractStorage save
INFO: &amp#27;[32mSave 53413c43-2bf7-498b-a946-11752c2fd46c(uuid1197)
сент. 16, 2025 8:21:57 PM webapp.storage.AbstractStorage save
INFO: &amp#27;[32mSave dd4bc014-49e2-45c5-8469-c7b72cfc5f10(uuid1198)
сент. 16, 2025 8:21:57 PM webapp.storage.AbstractStorage save
INFO: &amp#27;[32mSave eaa7a395-fd5e-45bd-95db-a4f7fef1ef04(uuid1199)
сент. 16, 2025 8:21:57 PM webapp.storage.AbstractStorage save
INFO: &amp#27;[32mSave f47ba02f-6111-49dd-afa5-664dda2f4282(uuid1200)
сент. 16, 2025 8:21:57 PM webapp.storage.AbstractStorage save
INFO: &amp#27;[32mSave f3234d4e-4e12-47a0-8370-4d0fe2a01399(uuid1201)
сент. 16, 2025 8:21:57 PM webapp.storage.AbstractStorage save
INFO: &amp#27;[32mSave a443a0d7-6996-4e9b-802b-f6a8bfa387a1(uuid1202)
сент. 16, 2025 8:21:57 PM webapp.storage.AbstractStorage save
INFO: &amp#27;[32mSave fad48a54-18db-4350-b8b8-1742783b4a1a(uuid1203)
сент. 16, 2025 8:21:57 PM webapp.storage.AbstractStorage save
INFO: &amp#27;[32mSave 26abeb3d-5098-49a0-81ad-c442f5fc5706(uuid1204)
сент. 16, 2025 8:21:57 PM webapp.storage.AbstractStorage save
INFO: &amp#27;[32mSave 5a99a077-6c07-4739-9fa1-c1adbd352ddc(uuid1205)
сент. 16, 2025 8:21:57 PM webapp.storage.AbstractStorage save
INFO: &amp#27;[32mSave 2cac2e91-69c1-4225-94d3-65bd25755edd(uuid1206)
сент. 16, 2025 8:21:57 PM webapp.storage.AbstractStorage save
INFO: &amp#27;[32mSave d31d119f-5d6b-4390-8fd8-2570d8261fce(uuid1207)
сент. 16, 2025 8:21:57 PM webapp.storage.AbstractStorage save
INFO: &amp#27;[32mSave 6ee7e8ed-0e03-4b07-95a4-21a7601cf20b(uuid1208)
сент. 16, 2025 8:21:57 PM webapp.storage.AbstractStorage save
INFO: &amp#27;[32mSave 6be62c45-eaa4-4784-8d15-6f4b0205e8be(uuid1209)
сент. 16, 2025 8:21:57 PM webapp.storage.AbstractStorage save
INFO: &amp#27;[32mSave 56ff4642-551f-46e0-a214-a4f7db2b7657(uuid1210)
сент. 16, 2025 8:21:57 PM webapp.storage.AbstractStorage save
INFO: &amp#27;[32mSave 404567a9-c065-4be2-a8ec-420b97309742(uuid1211)
сент. 16, 2025 8:21:57 PM webapp.storage.AbstractStorage save
INFO: &amp#27;[32mSave edad9b7b-49e3-4a04-a4db-f99f95e8456a(uuid1212)
сент. 16, 2025 8:21:57 PM webapp.storage.AbstractStorage save
INFO: &amp#27;[32mSave 5dc50316-e0dd-4830-8a76-22f43008551b(uuid1213)
сент. 16, 2025 8:21:57 PM webapp.storage.AbstractStorage save
INFO: &amp#27;[32mSave 67ef8536-b1b2-4d64-b21f-48bb1fbae044(uuid1214)
сент. 16, 2025 8:21:57 PM webapp.storage.AbstractStorage save
INFO: &amp#27;[32mSave 95685770-e109-4b10-9822-1737027fbdf8(uuid1215)
сент. 16, 2025 8:21:57 PM webapp.storage.AbstractStorage save
INFO: &amp#27;[32mSave cab6f443-99f8-47eb-9476-62daf732c97b(uuid1216)
сент. 16, 2025 8:21:57 PM webapp.storage.AbstractStorage save
INFO: &amp#27;[32mSave 3c95a485-4771-47e3-8a43-e824186b4be8(uuid1217)
сент. 16, 2025 8:21:57 PM webapp.storage.AbstractStorage save
INFO: &amp#27;[32mSave 5069d539-7b6e-480a-9633-500e1b6ddd1c(uuid1218)
сент. 16, 2025 8:21:57 PM webapp.storage.AbstractStorage save
INFO: &amp#27;[32mSave 54c8ea1b-f867-4364-97ff-5da3e23ffa9e(uuid1219)
сент. 16, 2025 8:21:57 PM webapp.storage.AbstractStorage save
INFO: &amp#27;[32mSave e22e275c-fd49-4827-ae80-1f1317d78286(uuid1220)
сент. 16, 2025 8:21:57 PM webapp.storage.AbstractStorage save
INFO: &amp#27;[32mSave 35949aff-c923-49a1-b619-abd7c5c12e81(uuid1221)
сент. 16, 2025 8:21:57 PM webapp.storage.AbstractStorage save
INFO: &amp#27;[32mSave 12c21643-ffd9-4ae3-8722-59f3a45f8eac(uuid1222)
сент. 16, 2025 8:21:57 PM webapp.storage.AbstractStorage save
INFO: &amp#27;[32mSave 136eec83-6ba8-49d3-9996-8a2bc16fd325(uuid1223)
сент. 16, 2025 8:21:57 PM webapp.storage.AbstractStorage save
INFO: &amp#27;[32mSave 3b4eb64f-8b81-4463-9609-1a15135ac1cb(uuid1224)
сент. 16, 2025 8:21:57 PM webapp.storage.AbstractStorage save
INFO: &amp#27;[32mSave 680c40e6-8e4a-4b3d-805f-bcf9b79db63c(uuid1225)
сент. 16, 2025 8:21:57 PM webapp.storage.AbstractStorage save
INFO: &amp#27;[32mSave 08645a76-8fe9-43a1-aa97-990bb859b499(uuid1226)
сент. 16, 2025 8:21:57 PM webapp.storage.AbstractStorage save
INFO: &amp#27;[32mSave 045251f7-b2b2-4693-ac77-3442fca8d514(uuid1227)
сент. 16, 2025 8:21:57 PM webapp.storage.AbstractStorage save
INFO: &amp#27;[32mSave 145523b7-daaa-4b9b-9170-8c03fbf4f236(uuid1228)
сент. 16, 2025 8:21:57 PM webapp.storage.AbstractStorage save
INFO: &amp#27;[32mSave 01753423-327a-49a4-8d93-e1fb6dcf489d(uuid1229)
сент. 16, 2025 8:21:57 PM webapp.storage.AbstractStorage save
INFO: &amp#27;[32mSave 0b2c0587-bc22-490c-a035-65d82bc03b41(uuid1230)
сент. 16, 2025 8:21:57 PM webapp.storage.AbstractStorage save
INFO: &amp#27;[32mSave e8454d9f-d018-416b-91e7-36263c981076(uuid1231)
сент. 16, 2025 8:21:57 PM webapp.storage.AbstractStorage save
INFO: &amp#27;[32mSave ea1d63a2-3f2c-49b3-b3c6-ae04538cc63b(uuid1232)
сент. 16, 2025 8:21:57 PM webapp.storage.AbstractStorage save
INFO: &amp#27;[32mSave 0b0a6f85-2127-405e-a628-39f063a251e2(uuid1233)
сент. 16, 2025 8:21:57 PM webapp.storage.AbstractStorage save
INFO: &amp#27;[32mSave 65c32313-8da9-4423-958b-9432cf8077c5(uuid1234)
сент. 16, 2025 8:21:57 PM webapp.storage.AbstractStorage save
INFO: &amp#27;[32mSave 3d78ae83-628d-4a5f-b774-9c4e3a4dc847(uuid1235)
сент. 16, 2025 8:21:57 PM webapp.storage.AbstractStorage save
INFO: &amp#27;[32mSave c1ed593f-b35f-4c9a-9c80-2f4567085f5d(uuid1236)
сент. 16, 2025 8:21:57 PM webapp.storage.AbstractStorage save
INFO: &amp#27;[32mSave 5b89c1c2-852f-44ed-961f-6f9c7e00000b(uuid1237)
сент. 16, 2025 8:21:57 PM webapp.storage.AbstractStorage save
INFO: &amp#27;[32mSave bd6073a3-19e3-4ae3-887f-df36adc3d1f8(uuid1238)
сент. 16, 2025 8:21:57 PM webapp.storage.AbstractStorage save
INFO: &amp#27;[32mSave 7fc454fe-199a-4494-b479-6ba287eb39aa(uuid1239)
сент. 16, 2025 8:21:57 PM webapp.storage.AbstractStorage save
INFO: &amp#27;[32mSave eedd2bed-b3a0-47cb-94a9-130c87d4858c(uuid1240)
сент. 16, 2025 8:21:57 PM webapp.storage.AbstractStorage save
INFO: &amp#27;[32mSave 8c84a709-404e-45c5-9dd5-4c532efaaa5d(uuid1241)
сент. 16, 2025 8:21:57 PM webapp.storage.AbstractStorage save
INFO: &amp#27;[32mSave bb4acd7d-65bb-4da0-95d9-ac5dea3f7012(uuid1242)
сент. 16, 2025 8:21:57 PM webapp.storage.AbstractStorage save
INFO: &amp#27;[32mSave 2f0582de-dd92-427c-957f-3c26fb2ea57c(uuid1243)
сент. 16, 2025 8:21:57 PM webapp.storage.AbstractStorage save
INFO: &amp#27;[32mSave 4ec674f1-ce54-45ce-8e38-d13266c9f5e0(uuid1244)
сент. 16, 2025 8:21:57 PM webapp.storage.AbstractStorage save
INFO: &amp#27;[32mSave 61780af5-4b54-4243-8665-e70f690d9558(uuid1245)
сент. 16, 2025 8:21:57 PM webapp.storage.AbstractStorage save
INFO: &amp#27;[32mSave 5394eb2e-70af-4f2c-a9fe-c2763cfd93ae(uuid1246)
сент. 16, 2025 8:21:57 PM webapp.storage.AbstractStorage save
INFO: &amp#27;[32mSave bb5270a5-28a7-49ab-a15f-162a965ac910(uuid1247)
сент. 16, 2025 8:21:57 PM webapp.storage.AbstractStorage save
INFO: &amp#27;[32mSave 1a92401d-c0a8-4776-95c7-3456dd41a03b(uuid1248)
сент. 16, 2025 8:21:57 PM webapp.storage.AbstractStorage save
INFO: &amp#27;[32mSave fd053e65-0507-45d0-955d-70c78bd3838e(uuid1249)
сент. 16, 2025 8:21:57 PM webapp.storage.AbstractStorage save
INFO: &amp#27;[32mSave e8520391-1c2a-4706-8e3b-bd53295ab228(uuid1250)
сент. 16, 2025 8:21:57 PM webapp.storage.AbstractStorage save
INFO: &amp#27;[32mSave 55d21ef9-bbd9-48f2-bc90-bdd93050f3e8(uuid1251)
сент. 16, 2025 8:21:57 PM webapp.storage.AbstractStorage save
INFO: &amp#27;[32mSave 69b68451-f2f1-43fe-8c51-7c10acf3947f(uuid1252)
сент. 16, 2025 8:21:57 PM webapp.storage.AbstractStorage save
INFO: &amp#27;[32mSave 3a4cd5dc-cc96-40e9-a5f5-19f5232a3c8e(uuid1253)
сент. 16, 2025 8:21:57 PM webapp.storage.AbstractStorage save
INFO: &amp#27;[32mSave 479874fc-595c-4a07-bb3f-16d0a1f07e6c(uuid1254)
сент. 16, 2025 8:21:57 PM webapp.storage.AbstractStorage save
INFO: &amp#27;[32mSave e97463e5-c685-440f-9761-3153e1fa4458(uuid1255)
сент. 16, 2025 8:21:57 PM webapp.storage.AbstractStorage save
INFO: &amp#27;[32mSave b3fc9d80-7261-4726-a8f0-cd2a4e0deaad(uuid1256)
сент. 16, 2025 8:21:57 PM webapp.storage.AbstractStorage save
INFO: &amp#27;[32mSave 65d4b585-e9dd-4500-ad64-72a8993bedde(uuid1257)
сент. 16, 2025 8:21:57 PM webapp.storage.AbstractStorage save
INFO: &amp#27;[32mSave fdf5f341-d29a-4157-801d-f877ac1ad5a1(uuid1258)
сент. 16, 2025 8:21:57 PM webapp.storage.AbstractStorage save
INFO: &amp#27;[32mSave ed4541fc-2c74-42b9-8134-9fe6e8ec8d49(uuid1259)
сент. 16, 2025 8:21:57 PM webapp.storage.AbstractStorage save
INFO: &amp#27;[32mSave c416d5df-d834-4c36-9d36-71924c65df6c(uuid1260)
сент. 16, 2025 8:21:57 PM webapp.storage.AbstractStorage save
INFO: &amp#27;[32mSave d424bd8f-90b8-435a-a4e4-af27a7b8a91e(uuid1261)
сент. 16, 2025 8:21:57 PM webapp.storage.AbstractStorage save
INFO: &amp#27;[32mSave 46420e5e-a753-45de-a774-eafffeb52e8e(uuid1262)
сент. 16, 2025 8:21:57 PM webapp.storage.AbstractStorage save
INFO: &amp#27;[32mSave bb841a30-94d6-4fd6-b36b-a517a9639a95(uuid1263)
сент. 16, 2025 8:21:57 PM webapp.storage.AbstractStorage save
INFO: &amp#27;[32mSave 1da1a08d-2afe-4293-8358-a0bd8b83a8b2(uuid1264)
сент. 16, 2025 8:21:57 PM webapp.storage.AbstractStorage save
INFO: &amp#27;[32mSave f807b429-468a-42f1-926d-ca87c2f8a30e(uuid1265)
сент. 16, 2025 8:21:57 PM webapp.storage.AbstractStorage save
INFO: &amp#27;[32mSave 0dff3126-c0f0-4724-adda-070b98031bc4(uuid1266)
сент. 16, 2025 8:21:57 PM webapp.storage.AbstractStorage save
INFO: &amp#27;[32mSave 3bc0b9e8-7de5-46b7-9477-fae67f749bff(uuid1267)
сент. 16, 2025 8:21:57 PM webapp.storage.AbstractStorage save
INFO: &amp#27;[32mSave ea39d229-9926-453a-97b6-db749bf23077(uuid1268)
сент. 16, 2025 8:21:57 PM webapp.storage.AbstractStorage save
INFO: &amp#27;[32mSave 00db8a08-387a-4fb4-989f-8964f003e79e(uuid1269)
сент. 16, 2025 8:21:57 PM webapp.storage.AbstractStorage save
INFO: &amp#27;[32mSave 14247fc1-6ac3-4813-bfd1-dca8792bcf95(uuid1270)
сент. 16, 2025 8:21:57 PM webapp.storage.AbstractStorage save
INFO: &amp#27;[32mSave 4be0c1c4-6e34-46ac-a893-c23926d53474(uuid1271)
сент. 16, 2025 8:21:57 PM webapp.storage.AbstractStorage save
INFO: &amp#27;[32mSave 09845800-4881-48f9-899a-4d2508899b0d(uuid1272)
сент. 16, 2025 8:21:57 PM webapp.storage.AbstractStorage save
INFO: &amp#27;[32mSave 0a20f4e9-9c71-444b-8443-d6bdc43bf1ff(uuid1273)
сент. 16, 2025 8:21:57 PM webapp.storage.AbstractStorage save
INFO: &amp#27;[32mSave 535e8dca-0438-4809-8b4a-f51a6f17835d(uuid1274)
сент. 16, 2025 8:21:57 PM webapp.storage.AbstractStorage save
INFO: &amp#27;[32mSave 3d2f26aa-3922-408b-9a99-2e02c5cd93f2(uuid1275)
сент. 16, 2025 8:21:57 PM webapp.storage.AbstractStorage save
INFO: &amp#27;[32mSave 1064578a-e682-4175-a71f-ea2f88e1ef21(uuid1276)
сент. 16, 2025 8:21:57 PM webapp.storage.AbstractStorage save
INFO: &amp#27;[32mSave b37eee99-eaea-4719-8d5b-1f2df127d2b3(uuid1277)
сент. 16, 2025 8:21:57 PM webapp.storage.AbstractStorage save
INFO: &amp#27;[32mSave 276bbeae-299d-4154-a51e-e7e76d7d1641(uuid1278)
сент. 16, 2025 8:21:57 PM webapp.storage.AbstractStorage save
INFO: &amp#27;[32mSave 33d7845b-d406-4475-a31a-100e575dc82e(uuid1279)
сент. 16, 2025 8:21:57 PM webapp.storage.AbstractStorage save
INFO: &amp#27;[32mSave 7968fad9-2984-4209-b525-cf6f08d7ebcb(uuid1280)
сент. 16, 2025 8:21:57 PM webapp.storage.AbstractStorage save
INFO: &amp#27;[32mSave ec22fe0f-5f4c-41d4-b522-3e322ab2adaf(uuid1281)
сент. 16, 2025 8:21:57 PM webapp.storage.AbstractStorage save
INFO: &amp#27;[32mSave 14cd5065-f959-4622-9322-1881cd20ae81(uuid1282)
сент. 16, 2025 8:21:57 PM webapp.storage.AbstractStorage save
INFO: &amp#27;[32mSave 0287e0b6-f5df-4155-a011-30de45997e90(uuid1283)
сент. 16, 2025 8:21:57 PM webapp.storage.AbstractStorage save
INFO: &amp#27;[32mSave 009df428-9446-4620-bfc8-34caa7842fe6(uuid1284)
сент. 16, 2025 8:21:57 PM webapp.storage.AbstractStorage save
INFO: &amp#27;[32mSave 250f7452-65d8-46b6-bde2-92f5b66d4d10(uuid1285)
сент. 16, 2025 8:21:57 PM webapp.storage.AbstractStorage save
INFO: &amp#27;[32mSave d36ecd8c-f232-4656-ae9e-786f819ccf65(uuid1286)
сент. 16, 2025 8:21:57 PM webapp.storage.AbstractStorage save
INFO: &amp#27;[32mSave 6fcac5d5-7076-4097-8ad6-847f6265980b(uuid1287)
сент. 16, 2025 8:21:57 PM webapp.storage.AbstractStorage save
INFO: &amp#27;[32mSave 51c8635e-b802-4eeb-b409-5b0aae40a00f(uuid1288)
сент. 16, 2025 8:21:57 PM webapp.storage.AbstractStorage save
INFO: &amp#27;[32mSave 2c414e6e-3163-4fee-a494-c9c2ff41a540(uuid1289)
сент. 16, 2025 8:21:57 PM webapp.storage.AbstractStorage save
INFO: &amp#27;[32mSave eb829fff-b75b-474e-b30e-c53f4df5f218(uuid1290)
сент. 16, 2025 8:21:57 PM webapp.storage.AbstractStorage save
INFO: &amp#27;[32mSave 9d70a923-d6c9-465b-afcc-baeaa20c2367(uuid1291)
сент. 16, 2025 8:21:57 PM webapp.storage.AbstractStorage save
INFO: &amp#27;[32mSave 87b5e1a0-ab62-43a2-865e-b6c9529d8130(uuid1292)
сент. 16, 2025 8:21:57 PM webapp.storage.AbstractStorage save
INFO: &amp#27;[32mSave bbeabf9b-38c1-4f3c-928c-89925d000cf1(uuid1293)
сент. 16, 2025 8:21:57 PM webapp.storage.AbstractStorage save
INFO: &amp#27;[32mSave d0ccf17a-56c7-49a7-8655-b44166d2d2d3(uuid1294)
сент. 16, 2025 8:21:57 PM webapp.storage.AbstractStorage save
INFO: &amp#27;[32mSave 20381490-7e93-4c50-acdc-5a76940e8eb4(uuid1295)
сент. 16, 2025 8:21:57 PM webapp.storage.AbstractStorage save
INFO: &amp#27;[32mSave e395539d-8079-4a86-80d1-c0df3495ec8f(uuid1296)
сент. 16, 2025 8:21:57 PM webapp.storage.AbstractStorage save
INFO: &amp#27;[32mSave 18faac79-1c82-48ec-9905-4e41f9744295(uuid1297)
сент. 16, 2025 8:21:57 PM webapp.storage.AbstractStorage save
INFO: &amp#27;[32mSave 26a67275-2f8d-400e-a0e0-09f95ce07f3e(uuid1298)
сент. 16, 2025 8:21:57 PM webapp.storage.AbstractStorage save
INFO: &amp#27;[32mSave 4214e99b-0c84-480e-bdf9-4f8dcdb0a3be(uuid1299)
сент. 16, 2025 8:21:57 PM webapp.storage.AbstractStorage save
INFO: &amp#27;[32mSave ac8724b3-235a-4b25-916c-8135ad386307(uuid1300)
сент. 16, 2025 8:21:57 PM webapp.storage.AbstractStorage save
INFO: &amp#27;[32mSave d74ba32a-4712-479e-85a1-0cdeac6116a7(uuid1301)
сент. 16, 2025 8:21:57 PM webapp.storage.AbstractStorage save
INFO: &amp#27;[32mSave 61a5429f-e3ee-4ab3-8604-64e16da189b8(uuid1302)
сент. 16, 2025 8:21:57 PM webapp.storage.AbstractStorage save
INFO: &amp#27;[32mSave d402c60b-6e2c-49f4-866b-8c26aefc3fd2(uuid1303)
сент. 16, 2025 8:21:57 PM webapp.storage.AbstractStorage save
INFO: &amp#27;[32mSave e913d9eb-e502-4e1b-84af-e70606bd5ed6(uuid1304)
сент. 16, 2025 8:21:57 PM webapp.storage.AbstractStorage save
INFO: &amp#27;[32mSave cd6e7740-2689-44d5-a218-7d28a42a5351(uuid1305)
сент. 16, 2025 8:21:57 PM webapp.storage.AbstractStorage save
INFO: &amp#27;[32mSave 97c95141-4e4d-466f-88a7-3542a57e90e2(uuid1306)
сент. 16, 2025 8:21:57 PM webapp.storage.AbstractStorage save
INFO: &amp#27;[32mSave b3d59139-f915-445e-8ea2-a37ab755057c(uuid1307)
сент. 16, 2025 8:21:57 PM webapp.storage.AbstractStorage save
INFO: &amp#27;[32mSave f4ef71a4-bed7-4a24-a6ab-e332579868f9(uuid1308)
сент. 16, 2025 8:21:57 PM webapp.storage.AbstractStorage save
INFO: &amp#27;[32mSave 0cbc8d8f-ba86-40b7-a2e3-9b2bb42ca6d6(uuid1309)
сент. 16, 2025 8:21:57 PM webapp.storage.AbstractStorage save
INFO: &amp#27;[32mSave 1604fd58-ea4f-4162-9724-bfadf719aaa7(uuid1310)
сент. 16, 2025 8:21:57 PM webapp.storage.AbstractStorage save
INFO: &amp#27;[32mSave b59817d2-f8c0-4c45-9413-4d5544e554da(uuid1311)
сент. 16, 2025 8:21:57 PM webapp.storage.AbstractStorage save
INFO: &amp#27;[32mSave c4814d34-958c-451f-91e3-fe0357b34fa7(uuid1312)
сент. 16, 2025 8:21:57 PM webapp.storage.AbstractStorage save
INFO: &amp#27;[32mSave 6fcb6fbf-11be-4e0e-bfd2-41f7429c6ba1(uuid1313)
сент. 16, 2025 8:21:57 PM webapp.storage.AbstractStorage save
INFO: &amp#27;[32mSave 9eb4fe38-5bac-4be6-bb5c-113ccb57ca0e(uuid1314)
сент. 16, 2025 8:21:57 PM webapp.storage.AbstractStorage save
INFO: &amp#27;[32mSave e20c9a59-0be2-4f10-9677-01d0dc72dd16(uuid1315)
сент. 16, 2025 8:21:57 PM webapp.storage.AbstractStorage save
INFO: &amp#27;[32mSave 3676fe79-4a7a-461a-bd5c-69d4069d8dac(uuid1316)
сент. 16, 2025 8:21:57 PM webapp.storage.AbstractStorage save
INFO: &amp#27;[32mSave c61baea7-9881-4e1b-a9f0-9fabae46da0c(uuid1317)
сент. 16, 2025 8:21:57 PM webapp.storage.AbstractStorage save
INFO: &amp#27;[32mSave 0ee822d0-4bba-4c07-8ab9-1e7730b4048b(uuid1318)
сент. 16, 2025 8:21:57 PM webapp.storage.AbstractStorage save
INFO: &amp#27;[32mSave 8ff4261c-cd6c-4176-8b84-779d4dd50697(uuid1319)
сент. 16, 2025 8:21:57 PM webapp.storage.AbstractStorage save
INFO: &amp#27;[32mSave e1e94395-3526-4daa-86ac-8b3b17cd63ae(uuid1320)
сент. 16, 2025 8:21:57 PM webapp.storage.AbstractStorage save
INFO: &amp#27;[32mSave 02193f0c-dc85-4f36-b08f-22133d645ed8(uuid1321)
сент. 16, 2025 8:21:57 PM webapp.storage.AbstractStorage save
INFO: &amp#27;[32mSave 7b7bd5d6-9df2-41ac-a814-93a09aa96dfb(uuid1322)
сент. 16, 2025 8:21:57 PM webapp.storage.AbstractStorage save
INFO: &amp#27;[32mSave d91ac697-279f-4662-a90b-87caf6d28293(uuid1323)
сент. 16, 2025 8:21:57 PM webapp.storage.AbstractStorage save
INFO: &amp#27;[32mSave 3e1e8488-1bbe-4bff-ba62-98a851753629(uuid1324)
сент. 16, 2025 8:21:57 PM webapp.storage.AbstractStorage save
INFO: &amp#27;[32mSave 2a685740-9995-4986-92b1-64124ad1d473(uuid1325)
сент. 16, 2025 8:21:57 PM webapp.storage.AbstractStorage save
INFO: &amp#27;[32mSave 218b07d4-0afe-4438-83b4-527e7736b38a(uuid1326)
сент. 16, 2025 8:21:57 PM webapp.storage.AbstractStorage save
INFO: &amp#27;[32mSave 0f5eed7c-a9b0-4a6f-b006-15276abf9d64(uuid1327)
сент. 16, 2025 8:21:57 PM webapp.storage.AbstractStorage save
INFO: &amp#27;[32mSave 78235b4e-f485-4f4f-9b0a-7418066404de(uuid1328)
сент. 16, 2025 8:21:57 PM webapp.storage.AbstractStorage save
INFO: &amp#27;[32mSave e2a61afc-d475-43b2-8c55-d6ae16b45cd9(uuid1329)
сент. 16, 2025 8:21:57 PM webapp.storage.AbstractStorage save
INFO: &amp#27;[32mSave 3d086528-0a54-41ef-9196-f2fab422be87(uuid1330)
сент. 16, 2025 8:21:57 PM webapp.storage.AbstractStorage save
INFO: &amp#27;[32mSave f4947779-3f63-473b-92f3-673c6cacb048(uuid1331)
сент. 16, 2025 8:21:57 PM webapp.storage.AbstractStorage save
INFO: &amp#27;[32mSave 4beba64d-a4f1-4cb6-b791-da137c4f020d(uuid1332)
сент. 16, 2025 8:21:57 PM webapp.storage.AbstractStorage save
INFO: &amp#27;[32mSave d2308ab1-a95e-469e-9559-a4cc6be5f070(uuid1333)
сент. 16, 2025 8:21:57 PM webapp.storage.AbstractStorage save
INFO: &amp#27;[32mSave dbc5c1e1-46b6-4eb1-89da-4220e2c91bf3(uuid1334)
сент. 16, 2025 8:21:57 PM webapp.storage.AbstractStorage save
INFO: &amp#27;[32mSave be9a66d8-5be9-4c99-9cc7-94d8117e86aa(uuid1335)
сент. 16, 2025 8:21:57 PM webapp.storage.AbstractStorage save
INFO: &amp#27;[32mSave c7449dc4-00a4-4bac-a21e-2c77c35a31db(uuid1336)
сент. 16, 2025 8:21:57 PM webapp.storage.AbstractStorage save
INFO: &amp#27;[32mSave d6661437-5235-45b8-8e10-05ff74b5c966(uuid1337)
сент. 16, 2025 8:21:57 PM webapp.storage.AbstractStorage save
INFO: &amp#27;[32mSave 5e17ad17-09c1-4034-9263-d6645e9803d3(uuid1338)
сент. 16, 2025 8:21:57 PM webapp.storage.AbstractStorage save
INFO: &amp#27;[32mSave 1b1675b3-fb03-4348-855e-910c4b432d05(uuid1339)
сент. 16, 2025 8:21:57 PM webapp.storage.AbstractStorage save
INFO: &amp#27;[32mSave 5b1bc27b-3a66-4337-8b49-0a5f46197d54(uuid1340)
сент. 16, 2025 8:21:57 PM webapp.storage.AbstractStorage save
INFO: &amp#27;[32mSave 694c3cb4-8b8d-4a62-8750-39ebc91a940c(uuid1341)
сент. 16, 2025 8:21:57 PM webapp.storage.AbstractStorage save
INFO: &amp#27;[32mSave 555ad2f5-161c-4d7c-8476-e39fdba6b98a(uuid1342)
сент. 16, 2025 8:21:57 PM webapp.storage.AbstractStorage save
INFO: &amp#27;[32mSave 9d627c07-bdc8-4fd6-806e-b1c3f6ffbae7(uuid1343)
сент. 16, 2025 8:21:57 PM webapp.storage.AbstractStorage save
INFO: &amp#27;[32mSave 4cbbe657-2661-4d35-8424-ee4a549ca04a(uuid1344)
сент. 16, 2025 8:21:57 PM webapp.storage.AbstractStorage save
INFO: &amp#27;[32mSave 9d5f4bbc-c830-4bed-96dd-0d017b3b164c(uuid1345)
сент. 16, 2025 8:21:57 PM webapp.storage.AbstractStorage save
INFO: &amp#27;[32mSave 7f098e40-b7cf-4ca9-8e6a-96a09d093bfd(uuid1346)
сент. 16, 2025 8:21:57 PM webapp.storage.AbstractStorage save
INFO: &amp#27;[32mSave ac1673c7-cf86-4ea6-8ae5-b04d3a121bd9(uuid1347)
сент. 16, 2025 8:21:57 PM webapp.storage.AbstractStorage save
INFO: &amp#27;[32mSave 9a1a271a-07ba-47f2-a2c6-c773aee83061(uuid1348)
сент. 16, 2025 8:21:57 PM webapp.storage.AbstractStorage save
INFO: &amp#27;[32mSave 6ac599f8-508b-436f-bf5f-584bd1600fd7(uuid1349)
сент. 16, 2025 8:21:57 PM webapp.storage.AbstractStorage save
INFO: &amp#27;[32mSave fbee21ce-9212-4cd2-bd66-81a34ea4b609(uuid1350)
сент. 16, 2025 8:21:57 PM webapp.storage.AbstractStorage save
INFO: &amp#27;[32mSave 94bbfd49-6b00-45ee-b66a-44dffd18cc56(uuid1351)
сент. 16, 2025 8:21:57 PM webapp.storage.AbstractStorage save
INFO: &amp#27;[32mSave ae5ceba3-74c8-463b-888e-f2cc27bf0e17(uuid1352)
сент. 16, 2025 8:21:57 PM webapp.storage.AbstractStorage save
INFO: &amp#27;[32mSave 2cb49010-c7ec-4080-a2e0-fb944527b4ba(uuid1353)
сент. 16, 2025 8:21:57 PM webapp.storage.AbstractStorage save
INFO: &amp#27;[32mSave 3449fa37-ac49-4b89-9cf9-bfee5e0a26ea(uuid1354)
сент. 16, 2025 8:21:57 PM webapp.storage.AbstractStorage save
INFO: &amp#27;[32mSave f3ceda4b-d592-46f4-b5ec-3afc9e48492c(uuid1355)
сент. 16, 2025 8:21:57 PM webapp.storage.AbstractStorage save
INFO: &amp#27;[32mSave 3c63e955-c4d4-4131-82c9-2b9f0743b754(uuid1356)
сент. 16, 2025 8:21:57 PM webapp.storage.AbstractStorage save
INFO: &amp#27;[32mSave bacb800b-42d9-42ea-be55-02cba7ae9a3c(uuid1357)
сент. 16, 2025 8:21:57 PM webapp.storage.AbstractStorage save
INFO: &amp#27;[32mSave 942ecc20-d777-4812-bae7-b3d1b4503f7a(uuid1358)
сент. 16, 2025 8:21:57 PM webapp.storage.AbstractStorage save
INFO: &amp#27;[32mSave c14a0e4d-648c-418d-aa43-7e29cb614921(uuid1359)
сент. 16, 2025 8:21:57 PM webapp.storage.AbstractStorage save
INFO: &amp#27;[32mSave c9c7c10d-d3f1-4469-9e0a-6eb4a4fdb258(uuid1360)
сент. 16, 2025 8:21:57 PM webapp.storage.AbstractStorage save
INFO: &amp#27;[32mSave 377e9682-d4b0-46c3-98d0-60b05d5cc251(uuid1361)
сент. 16, 2025 8:21:57 PM webapp.storage.AbstractStorage save
INFO: &amp#27;[32mSave 2e413022-d21b-4c22-9418-e56673acd77f(uuid1362)
сент. 16, 2025 8:21:57 PM webapp.storage.AbstractStorage save
INFO: &amp#27;[32mSave d9aa6edd-d2f4-45c6-91fe-916df008c884(uuid1363)
сент. 16, 2025 8:21:57 PM webapp.storage.AbstractStorage save
INFO: &amp#27;[32mSave 2474a75b-34cf-4a3a-b3e1-97cb3b92da21(uuid1364)
сент. 16, 2025 8:21:57 PM webapp.storage.AbstractStorage save
INFO: &amp#27;[32mSave 765f9430-c130-45a0-a842-6d52b84dfebf(uuid1365)
сент. 16, 2025 8:21:57 PM webapp.storage.AbstractStorage save
INFO: &amp#27;[32mSave d7f92f41-b904-4c5c-a1ec-e14d05781684(uuid1366)
сент. 16, 2025 8:21:57 PM webapp.storage.AbstractStorage save
INFO: &amp#27;[32mSave e1baaedf-0816-41ff-a2b3-09001342aba0(uuid1367)
сент. 16, 2025 8:21:57 PM webapp.storage.AbstractStorage save
INFO: &amp#27;[32mSave 5c7a754b-d348-4ef7-a13d-64fd4969353f(uuid1368)
сент. 16, 2025 8:21:57 PM webapp.storage.AbstractStorage save
INFO: &amp#27;[32mSave 1359d2aa-0fba-4cdc-95e5-ff7a8d3f398a(uuid1369)
сент. 16, 2025 8:21:57 PM webapp.storage.AbstractStorage save
INFO: &amp#27;[32mSave 0ba9069f-98a3-4c2a-a508-49a34f455d7a(uuid1370)
сент. 16, 2025 8:21:57 PM webapp.storage.AbstractStorage save
INFO: &amp#27;[32mSave 74305efc-a5a0-4770-927b-d378e18b885e(uuid1371)
сент. 16, 2025 8:21:57 PM webapp.storage.AbstractStorage save
INFO: &amp#27;[32mSave c3afb67e-b94f-4c00-9fde-ad2644c887df(uuid1372)
сент. 16, 2025 8:21:57 PM webapp.storage.AbstractStorage save
INFO: &amp#27;[32mSave f347565b-bbd6-403c-b35c-fab596a9b04e(uuid1373)
сент. 16, 2025 8:21:57 PM webapp.storage.AbstractStorage save
INFO: &amp#27;[32mSave 0c727af0-ab8d-4529-9d2f-ed2100d4cf93(uuid1374)
сент. 16, 2025 8:21:57 PM webapp.storage.AbstractStorage save
INFO: &amp#27;[32mSave fc3d3440-6a4f-4f65-b3e8-26ebaf2020fd(uuid1375)
сент. 16, 2025 8:21:57 PM webapp.storage.AbstractStorage save
INFO: &amp#27;[32mSave 8c7b9c65-2b75-4cc7-a777-acf0fa567fe0(uuid1376)
сент. 16, 2025 8:21:57 PM webapp.storage.AbstractStorage save
INFO: &amp#27;[32mSave 0d7045a9-5ba9-4e57-be92-69359265aa9b(uuid1377)
сент. 16, 2025 8:21:57 PM webapp.storage.AbstractStorage save
INFO: &amp#27;[32mSave 8e20f8db-e4b6-4191-b9a5-60d168640f1f(uuid1378)
сент. 16, 2025 8:21:57 PM webapp.storage.AbstractStorage save
INFO: &amp#27;[32mSave 880c776d-96d1-4ef4-b1bd-a41b1a2dac05(uuid1379)
сент. 16, 2025 8:21:57 PM webapp.storage.AbstractStorage save
INFO: &amp#27;[32mSave e47ea442-137b-4670-88cd-cba1681eeeb3(uuid1380)
сент. 16, 2025 8:21:57 PM webapp.storage.AbstractStorage save
INFO: &amp#27;[32mSave 405fc5e9-c881-4d55-bac6-3ad75bed9a7e(uuid1381)
сент. 16, 2025 8:21:57 PM webapp.storage.AbstractStorage save
INFO: &amp#27;[32mSave 0d31b25b-b086-481a-9136-bb08d299e804(uuid1382)
сент. 16, 2025 8:21:57 PM webapp.storage.AbstractStorage save
INFO: &amp#27;[32mSave 4f6519dc-927a-480f-9d52-dd796d545ca7(uuid1383)
сент. 16, 2025 8:21:57 PM webapp.storage.AbstractStorage save
INFO: &amp#27;[32mSave 2d0a1229-b9d2-449a-96a1-0fd414501206(uuid1384)
сент. 16, 2025 8:21:57 PM webapp.storage.AbstractStorage save
INFO: &amp#27;[32mSave 4222c636-ac3c-4cc6-993f-6605abe48dc7(uuid1385)
сент. 16, 2025 8:21:57 PM webapp.storage.AbstractStorage save
INFO: &amp#27;[32mSave fdc7dc46-1ee6-4064-80a0-6d428507d80f(uuid1386)
сент. 16, 2025 8:21:57 PM webapp.storage.AbstractStorage save
INFO: &amp#27;[32mSave c4a1246e-dac3-4561-8cf4-a952161e4037(uuid1387)
сент. 16, 2025 8:21:57 PM webapp.storage.AbstractStorage save
INFO: &amp#27;[32mSave 0952b519-fecf-4bfe-b4bc-fa47ca15dbdc(uuid1388)
сент. 16, 2025 8:21:57 PM webapp.storage.AbstractStorage save
INFO: &amp#27;[32mSave 69414c59-1bdc-4a54-af15-5f59e01cfe0e(uuid1389)
сент. 16, 2025 8:21:57 PM webapp.storage.AbstractStorage save
INFO: &amp#27;[32mSave 661d409a-f0d2-43ca-8310-5a748b5e1a86(uuid1390)
сент. 16, 2025 8:21:57 PM webapp.storage.AbstractStorage save
INFO: &amp#27;[32mSave 6080140a-d7be-4587-a17e-7a419a46616c(uuid1391)
сент. 16, 2025 8:21:57 PM webapp.storage.AbstractStorage save
INFO: &amp#27;[32mSave 1ad72949-4526-4fbe-9512-26e97c35feaf(uuid1392)
сент. 16, 2025 8:21:57 PM webapp.storage.AbstractStorage save
INFO: &amp#27;[32mSave 72c58830-0a59-49dd-80a8-66d1bcc6066e(uuid1393)
сент. 16, 2025 8:21:57 PM webapp.storage.AbstractStorage save
INFO: &amp#27;[32mSave f551c45e-acb4-4e4b-867e-2092a0c4313e(uuid1394)
сент. 16, 2025 8:21:57 PM webapp.storage.AbstractStorage save
INFO: &amp#27;[32mSave d62f7353-d808-4981-b0d4-bbc920031cdd(uuid1395)
сент. 16, 2025 8:21:57 PM webapp.storage.AbstractStorage save
INFO: &amp#27;[32mSave a98edd70-ba0d-4e3c-90a4-45bd2eefcc79(uuid1396)
сент. 16, 2025 8:21:57 PM webapp.storage.AbstractStorage save
INFO: &amp#27;[32mSave afad24e5-e0e7-4df0-9a0e-6b21d3caa98f(uuid1397)
сент. 16, 2025 8:21:57 PM webapp.storage.AbstractStorage save
INFO: &amp#27;[32mSave 3dc7c0b2-00be-45d1-9c53-0b1eb493a2ac(uuid1398)
сент. 16, 2025 8:21:57 PM webapp.storage.AbstractStorage save
INFO: &amp#27;[32mSave 5312342a-d608-4b2f-bd51-bf5a3a579a62(uuid1399)
сент. 16, 2025 8:21:57 PM webapp.storage.AbstractStorage save
INFO: &amp#27;[32mSave fcf2c01a-d861-4d0f-964f-49497eb588fe(uuid1400)
сент. 16, 2025 8:21:57 PM webapp.storage.AbstractStorage save
INFO: &amp#27;[32mSave 6250c7dd-c47b-42da-9ac3-381e5b1a0657(uuid1401)
сент. 16, 2025 8:21:57 PM webapp.storage.AbstractStorage save
INFO: &amp#27;[32mSave a60987b0-dbe6-4dff-9e0d-8ba79e317e3d(uuid1402)
сент. 16, 2025 8:21:57 PM webapp.storage.AbstractStorage save
INFO: &amp#27;[32mSave e9206abb-538b-4b33-a5c9-e5a34ea6815c(uuid1403)
сент. 16, 2025 8:21:57 PM webapp.storage.AbstractStorage save
INFO: &amp#27;[32mSave 85a77cb3-c519-4dd9-8545-3f34d94e4559(uuid1404)
сент. 16, 2025 8:21:57 PM webapp.storage.AbstractStorage save
INFO: &amp#27;[32mSave 0679e06e-d982-4a33-8b56-0ca780a3fb82(uuid1405)
сент. 16, 2025 8:21:57 PM webapp.storage.AbstractStorage save
INFO: &amp#27;[32mSave 9cca7193-6557-4b01-809b-b25d67aa64bb(uuid1406)
сент. 16, 2025 8:21:57 PM webapp.storage.AbstractStorage save
INFO: &amp#27;[32mSave b76ca24c-f8a1-44a2-8536-808e4569b089(uuid1407)
сент. 16, 2025 8:21:57 PM webapp.storage.AbstractStorage save
INFO: &amp#27;[32mSave a8a5e69a-cfac-4e57-82d4-cd3783498ac0(uuid1408)
сент. 16, 2025 8:21:57 PM webapp.storage.AbstractStorage save
INFO: &amp#27;[32mSave da59c4d5-2b78-4b80-8570-66ef551039c7(uuid1409)
сент. 16, 2025 8:21:57 PM webapp.storage.AbstractStorage save
INFO: &amp#27;[32mSave 426e8b9d-9853-4664-bf34-2fb793dc87fc(uuid1410)
сент. 16, 2025 8:21:57 PM webapp.storage.AbstractStorage save
INFO: &amp#27;[32mSave 11757935-6b06-4d4e-8a1e-f13fa7002fc5(uuid1411)
сент. 16, 2025 8:21:57 PM webapp.storage.AbstractStorage save
INFO: &amp#27;[32mSave b65d94f2-de0a-42b1-ad0c-86dda3a899e1(uuid1412)
сент. 16, 2025 8:21:57 PM webapp.storage.AbstractStorage save
INFO: &amp#27;[32mSave 993b31c3-6709-46af-80ec-c71c7b502f61(uuid1413)
сент. 16, 2025 8:21:57 PM webapp.storage.AbstractStorage save
INFO: &amp#27;[32mSave c21a4799-4bdf-4ac7-b8f9-15a12c53eecd(uuid1414)
сент. 16, 2025 8:21:57 PM webapp.storage.AbstractStorage save
INFO: &amp#27;[32mSave f7cae1f1-6393-423b-a27e-59290f79f7a1(uuid1415)
сент. 16, 2025 8:21:57 PM webapp.storage.AbstractStorage save
INFO: &amp#27;[32mSave 170023f1-7c5c-4f1b-849b-d0a916a4111f(uuid1416)
сент. 16, 2025 8:21:57 PM webapp.storage.AbstractStorage save
INFO: &amp#27;[32mSave 39735694-a3a3-4e83-a116-063658a591bd(uuid1417)
сент. 16, 2025 8:21:57 PM webapp.storage.AbstractStorage save
INFO: &amp#27;[32mSave 82d1d593-a2a3-4b8f-ae72-00d59e758ff9(uuid1418)
сент. 16, 2025 8:21:57 PM webapp.storage.AbstractStorage save
INFO: &amp#27;[32mSave 394fefb3-fe2e-4aa9-a5f2-109ab43026e5(uuid1419)
сент. 16, 2025 8:21:57 PM webapp.storage.AbstractStorage save
INFO: &amp#27;[32mSave 6da02ece-d92d-44a1-9646-b1be975b5eac(uuid1420)
сент. 16, 2025 8:21:57 PM webapp.storage.AbstractStorage save
INFO: &amp#27;[32mSave 19ec1e10-e407-43e9-8eac-6cfff3591ca7(uuid1421)
сент. 16, 2025 8:21:57 PM webapp.storage.AbstractStorage save
INFO: &amp#27;[32mSave 507d1ce2-8f87-4b0b-b381-ce400627c42c(uuid1422)
сент. 16, 2025 8:21:57 PM webapp.storage.AbstractStorage save
INFO: &amp#27;[32mSave 307a42ab-61d8-4faf-b148-9b7d62672253(uuid1423)
сент. 16, 2025 8:21:57 PM webapp.storage.AbstractStorage save
INFO: &amp#27;[32mSave e684899e-6f6d-4e0c-8990-a009316d3bd2(uuid1424)
сент. 16, 2025 8:21:57 PM webapp.storage.AbstractStorage save
INFO: &amp#27;[32mSave 46b1d611-7ae1-40e5-995d-4cd1e60b0c09(uuid1425)
сент. 16, 2025 8:21:57 PM webapp.storage.AbstractStorage save
INFO: &amp#27;[32mSave 90bd5480-14ab-4bda-a41f-96301c060b3e(uuid1426)
сент. 16, 2025 8:21:57 PM webapp.storage.AbstractStorage save
INFO: &amp#27;[32mSave 00fbad17-10e2-452f-87cb-33172cd8a1fd(uuid1427)
сент. 16, 2025 8:21:57 PM webapp.storage.AbstractStorage save
INFO: &amp#27;[32mSave d222437d-0bdb-4f9d-b445-e1c06f29a6c5(uuid1428)
сент. 16, 2025 8:21:57 PM webapp.storage.AbstractStorage save
INFO: &amp#27;[32mSave fb1f4f85-756d-4726-8ccd-e6685bfdb70b(uuid1429)
сент. 16, 2025 8:21:57 PM webapp.storage.AbstractStorage save
INFO: &amp#27;[32mSave e5ac9e83-b87b-413e-9c6a-d2c4c9a1c5db(uuid1430)
сент. 16, 2025 8:21:57 PM webapp.storage.AbstractStorage save
INFO: &amp#27;[32mSave 67401be5-3ff8-4ccd-85b7-292bf1420735(uuid1431)
сент. 16, 2025 8:21:57 PM webapp.storage.AbstractStorage save
INFO: &amp#27;[32mSave 7f38fc00-321e-4b19-b6b2-dd7b15adecd9(uuid1432)
сент. 16, 2025 8:21:57 PM webapp.storage.AbstractStorage save
INFO: &amp#27;[32mSave f810670a-0236-498d-82a7-8ab99170b5e3(uuid1433)
сент. 16, 2025 8:21:57 PM webapp.storage.AbstractStorage save
INFO: &amp#27;[32mSave 4a34a51e-c2be-469e-a6dd-32072518ef8f(uuid1434)
сент. 16, 2025 8:21:57 PM webapp.storage.AbstractStorage save
INFO: &amp#27;[32mSave 4906babd-03f2-4885-9827-30f5772c72fa(uuid1435)
сент. 16, 2025 8:21:57 PM webapp.storage.AbstractStorage save
INFO: &amp#27;[32mSave 6f00c18a-c7a3-4353-b08f-43e45ca8d087(uuid1436)
сент. 16, 2025 8:21:57 PM webapp.storage.AbstractStorage save
INFO: &amp#27;[32mSave 891c4934-ab69-4f7e-b814-c5581932ac88(uuid1437)
сент. 16, 2025 8:21:57 PM webapp.storage.AbstractStorage save
INFO: &amp#27;[32mSave d837bc4c-a9f1-4078-aa94-9cf33c31ec79(uuid1438)
сент. 16, 2025 8:21:57 PM webapp.storage.AbstractStorage save
INFO: &amp#27;[32mSave d9900b62-14ca-4b84-937f-749580a95b16(uuid1439)
сент. 16, 2025 8:21:57 PM webapp.storage.AbstractStorage save
INFO: &amp#27;[32mSave 068df836-e02a-485d-bc1e-95ba95b6d6a8(uuid1440)
сент. 16, 2025 8:21:57 PM webapp.storage.AbstractStorage save
INFO: &amp#27;[32mSave 0670f050-f100-42ba-a46d-97bff4d1296d(uuid1441)
сент. 16, 2025 8:21:57 PM webapp.storage.AbstractStorage save
INFO: &amp#27;[32mSave 34ae34ee-4698-405e-bf04-c0fb60b4b03e(uuid1442)
сент. 16, 2025 8:21:57 PM webapp.storage.AbstractStorage save
INFO: &amp#27;[32mSave d92d9509-9b66-4caa-b1c1-2d68b8a0dc88(uuid1443)
сент. 16, 2025 8:21:57 PM webapp.storage.AbstractStorage save
INFO: &amp#27;[32mSave 221aea4b-8670-42f9-87b9-00cb24e3eaf6(uuid1444)
сент. 16, 2025 8:21:57 PM webapp.storage.AbstractStorage save
INFO: &amp#27;[32mSave 34425535-906f-4f92-99df-503423add629(uuid1445)
сент. 16, 2025 8:21:57 PM webapp.storage.AbstractStorage save
INFO: &amp#27;[32mSave 5f2f39d6-a074-4e30-ac68-5f22dfd3805e(uuid1446)
сент. 16, 2025 8:21:57 PM webapp.storage.AbstractStorage save
INFO: &amp#27;[32mSave 17a5e330-e9fb-45aa-9266-f7949279c391(uuid1447)
сент. 16, 2025 8:21:57 PM webapp.storage.AbstractStorage save
INFO: &amp#27;[32mSave 8c7acbd5-0c8f-457d-a73f-7edd04683ed1(uuid1448)
сент. 16, 2025 8:21:57 PM webapp.storage.AbstractStorage save
INFO: &amp#27;[32mSave a1da67b3-bc62-4522-8673-34c80218f190(uuid1449)
сент. 16, 2025 8:21:57 PM webapp.storage.AbstractStorage save
INFO: &amp#27;[32mSave 2dd8328d-a9a0-4ff9-b6b5-8a1c767937b1(uuid1450)
сент. 16, 2025 8:21:57 PM webapp.storage.AbstractStorage save
INFO: &amp#27;[32mSave 88bea630-7a52-4152-bb10-5d854e2087e2(uuid1451)
сент. 16, 2025 8:21:57 PM webapp.storage.AbstractStorage save
INFO: &amp#27;[32mSave d50bd7c6-c197-4883-9440-aa4f3b3e59bf(uuid1452)
сент. 16, 2025 8:21:57 PM webapp.storage.AbstractStorage save
INFO: &amp#27;[32mSave 8085dab1-750a-4fce-a648-8a37b7127baa(uuid1453)
сент. 16, 2025 8:21:57 PM webapp.storage.AbstractStorage save
INFO: &amp#27;[32mSave c4c00a37-6bc4-4437-8d70-66a177f73482(uuid1454)
сент. 16, 2025 8:21:57 PM webapp.storage.AbstractStorage save
INFO: &amp#27;[32mSave f4aa2c7c-cc49-4da0-8ed4-18876bcf3c2d(uuid1455)
сент. 16, 2025 8:21:57 PM webapp.storage.AbstractStorage save
INFO: &amp#27;[32mSave 272e8901-5d34-4acf-840e-559c2e8109be(uuid1456)
сент. 16, 2025 8:21:57 PM webapp.storage.AbstractStorage save
INFO: &amp#27;[32mSave 992dd5f5-2af5-430c-8b8e-512810756147(uuid1457)
сент. 16, 2025 8:21:57 PM webapp.storage.AbstractStorage save
INFO: &amp#27;[32mSave 335d5c6a-b640-4903-a81f-cd84ac1b88d9(uuid1458)
сент. 16, 2025 8:21:57 PM webapp.storage.AbstractStorage save
INFO: &amp#27;[32mSave 02a26cad-4122-4fb8-ad7c-2db235070b80(uuid1459)
сент. 16, 2025 8:21:57 PM webapp.storage.AbstractStorage save
INFO: &amp#27;[32mSave 6ca8c4df-5a92-439c-bd92-b37c91fe1443(uuid1460)
сент. 16, 2025 8:21:57 PM webapp.storage.AbstractStorage save
INFO: &amp#27;[32mSave 3c67192f-17d4-4fa4-b498-7e9ef4a7159a(uuid1461)
сент. 16, 2025 8:21:57 PM webapp.storage.AbstractStorage save
INFO: &amp#27;[32mSave 3740e374-18dc-4701-bd34-251393f28f30(uuid1462)
сент. 16, 2025 8:21:57 PM webapp.storage.AbstractStorage save
INFO: &amp#27;[32mSave 576d61e3-fea3-41e0-880f-9eb09e98ecf0(uuid1463)
сент. 16, 2025 8:21:57 PM webapp.storage.AbstractStorage save
INFO: &amp#27;[32mSave 2d93ac4d-506c-450e-888f-fbc657c49e40(uuid1464)
сент. 16, 2025 8:21:57 PM webapp.storage.AbstractStorage save
INFO: &amp#27;[32mSave 114420de-fbbf-4161-b447-447f6f1b1b28(uuid1465)
сент. 16, 2025 8:21:57 PM webapp.storage.AbstractStorage save
INFO: &amp#27;[32mSave fb2e60ee-230d-4c99-9a95-d82024c67c17(uuid1466)
сент. 16, 2025 8:21:57 PM webapp.storage.AbstractStorage save
INFO: &amp#27;[32mSave 8bc40bb7-7ac6-43db-b095-cf3e1802d364(uuid1467)
сент. 16, 2025 8:21:57 PM webapp.storage.AbstractStorage save
INFO: &amp#27;[32mSave 4c4766cc-142e-445d-9a02-a2bf279e11b9(uuid1468)
сент. 16, 2025 8:21:57 PM webapp.storage.AbstractStorage save
INFO: &amp#27;[32mSave d97884e6-ea3f-46ea-bedc-bc3bdb3d0a69(uuid1469)
сент. 16, 2025 8:21:57 PM webapp.storage.AbstractStorage save
INFO: &amp#27;[32mSave 3a5e5c78-693c-4d6f-8c38-21a0556c4e1d(uuid1470)
сент. 16, 2025 8:21:57 PM webapp.storage.AbstractStorage save
INFO: &amp#27;[32mSave aa0a499d-b664-44a5-87df-3fa337f3b913(uuid1471)
сент. 16, 2025 8:21:57 PM webapp.storage.AbstractStorage save
INFO: &amp#27;[32mSave 81f0fbae-0818-4383-aadd-d1626699a5d8(uuid1472)
сент. 16, 2025 8:21:57 PM webapp.storage.AbstractStorage save
INFO: &amp#27;[32mSave 6d1185a2-b471-4a03-bf48-fead127dfd4d(uuid1473)
сент. 16, 2025 8:21:57 PM webapp.storage.AbstractStorage save
INFO: &amp#27;[32mSave 6ac95dd5-77ef-4082-a997-29e7efe7a950(uuid1474)
сент. 16, 2025 8:21:57 PM webapp.storage.AbstractStorage save
INFO: &amp#27;[32mSave 63ef7110-aee7-4a6d-bf56-dd0a70656a33(uuid1475)
сент. 16, 2025 8:21:57 PM webapp.storage.AbstractStorage save
INFO: &amp#27;[32mSave b67ae00f-5334-4ecd-999e-7a7069142991(uuid1476)
сент. 16, 2025 8:21:57 PM webapp.storage.AbstractStorage save
INFO: &amp#27;[32mSave a85fe7b9-e5c9-4761-bb87-3329232f3e91(uuid1477)
сент. 16, 2025 8:21:57 PM webapp.storage.AbstractStorage save
INFO: &amp#27;[32mSave 0eecb922-db2c-4eec-9655-83993d30335e(uuid1478)
сент. 16, 2025 8:21:57 PM webapp.storage.AbstractStorage save
INFO: &amp#27;[32mSave ad3593a1-b52d-492d-a70c-27e4e4df1f71(uuid1479)
сент. 16, 2025 8:21:57 PM webapp.storage.AbstractStorage save
INFO: &amp#27;[32mSave c519bddf-23a5-4238-b787-04c729b2a801(uuid1480)
сент. 16, 2025 8:21:57 PM webapp.storage.AbstractStorage save
INFO: &amp#27;[32mSave 813b2625-de09-4d60-9cd3-a46a4389580b(uuid1481)
сент. 16, 2025 8:21:57 PM webapp.storage.AbstractStorage save
INFO: &amp#27;[32mSave 0c85059f-1414-4e74-82e6-63b76c950c25(uuid1482)
сент. 16, 2025 8:21:57 PM webapp.storage.AbstractStorage save
INFO: &amp#27;[32mSave bc39c0a9-26f3-4263-bc4f-bc65e1048ba8(uuid1483)
сент. 16, 2025 8:21:57 PM webapp.storage.AbstractStorage save
INFO: &amp#27;[32mSave c03e94b4-0cd5-4099-bb4a-63681bc66bbc(uuid1484)
сент. 16, 2025 8:21:57 PM webapp.storage.AbstractStorage save
INFO: &amp#27;[32mSave 6fa2796f-0187-46c5-ad56-052e2c180234(uuid1485)
сент. 16, 2025 8:21:57 PM webapp.storage.AbstractStorage save
INFO: &amp#27;[32mSave 27eaac11-7ac3-47da-9481-46471fe92fad(uuid1486)
сент. 16, 2025 8:21:57 PM webapp.storage.AbstractStorage save
INFO: &amp#27;[32mSave 5ea02cb7-4e8b-45c6-a1e2-abc5d1035186(uuid1487)
сент. 16, 2025 8:21:57 PM webapp.storage.AbstractStorage save
INFO: &amp#27;[32mSave 54cc2c9d-09c0-41ff-b513-4e8df0614548(uuid1488)
сент. 16, 2025 8:21:57 PM webapp.storage.AbstractStorage save
INFO: &amp#27;[32mSave 7fbe343c-d00f-47c8-9618-51cd75b5b0d8(uuid1489)
сент. 16, 2025 8:21:57 PM webapp.storage.AbstractStorage save
INFO: &amp#27;[32mSave ce09b9d5-f9fe-4555-ab6e-ef3f6cf55c46(uuid1490)
сент. 16, 2025 8:21:57 PM webapp.storage.AbstractStorage save
INFO: &amp#27;[32mSave 2a06b1d8-952c-4fe0-8b85-e25c066ec1e2(uuid1491)
сент. 16, 2025 8:21:57 PM webapp.storage.AbstractStorage save
INFO: &amp#27;[32mSave 25899f02-38d3-499b-816e-80d57d4da420(uuid1492)
сент. 16, 2025 8:21:57 PM webapp.storage.AbstractStorage save
INFO: &amp#27;[32mSave 6e5438bf-6497-4945-9440-fd07e4620781(uuid1493)
сент. 16, 2025 8:21:57 PM webapp.storage.AbstractStorage save
INFO: &amp#27;[32mSave 1818f12b-5db3-46f2-b8f3-7e81394821c9(uuid1494)
сент. 16, 2025 8:21:57 PM webapp.storage.AbstractStorage save
INFO: &amp#27;[32mSave 8304fc2b-895c-4850-b9e6-ee0b58f54ed1(uuid1495)
сент. 16, 2025 8:21:57 PM webapp.storage.AbstractStorage save
INFO: &amp#27;[32mSave 857552d8-38f0-4833-b2c9-8184dbdef467(uuid1496)
сент. 16, 2025 8:21:57 PM webapp.storage.AbstractStorage save
INFO: &amp#27;[32mSave e09f511d-1cbe-4ec4-83d0-314f501f4a49(uuid1497)
сент. 16, 2025 8:21:57 PM webapp.storage.AbstractStorage save
INFO: &amp#27;[32mSave 73d99da1-a068-4e44-8034-b9072e62da7d(uuid1498)
сент. 16, 2025 8:21:57 PM webapp.storage.AbstractStorage save
INFO: &amp#27;[32mSave db2da840-9f0f-4111-af8a-e02e36e485b3(uuid1499)
сент. 16, 2025 8:21:57 PM webapp.storage.AbstractStorage save
INFO: &amp#27;[32mSave 88ef410e-a06e-436b-b278-e0e50b09e984(uuid1500)
сент. 16, 2025 8:21:57 PM webapp.storage.AbstractStorage save
INFO: &amp#27;[32mSave afce3fb8-2a39-4102-b576-b46f84d5616e(uuid1501)
сент. 16, 2025 8:21:57 PM webapp.storage.AbstractStorage save
INFO: &amp#27;[32mSave eb584258-f18c-43a3-88a2-81cd81840948(uuid1502)
сент. 16, 2025 8:21:57 PM webapp.storage.AbstractStorage save
INFO: &amp#27;[32mSave 86461ce6-7e07-40ee-b92c-380f2de5a1a8(uuid1503)
сент. 16, 2025 8:21:57 PM webapp.storage.AbstractStorage save
INFO: &amp#27;[32mSave 8f46a901-710a-4728-bca7-d7e4920552b9(uuid1504)
сент. 16, 2025 8:21:57 PM webapp.storage.AbstractStorage save
INFO: &amp#27;[32mSave 1e5cec20-3f8b-4321-98f5-a71f1ad58685(uuid1505)
сент. 16, 2025 8:21:57 PM webapp.storage.AbstractStorage save
INFO: &amp#27;[32mSave c7a6814b-99a5-490e-885b-0434db365ae5(uuid1506)
сент. 16, 2025 8:21:57 PM webapp.storage.AbstractStorage save
INFO: &amp#27;[32mSave bfcfe1ab-b8bc-46e2-8f89-9d8dea7beef7(uuid1507)
сент. 16, 2025 8:21:57 PM webapp.storage.AbstractStorage save
INFO: &amp#27;[32mSave 2c2da289-bee9-45c0-8140-6ac7001a6af6(uuid1508)
сент. 16, 2025 8:21:57 PM webapp.storage.AbstractStorage save
INFO: &amp#27;[32mSave 3c7defb3-03af-4c57-865f-a3155b675161(uuid1509)
сент. 16, 2025 8:21:57 PM webapp.storage.AbstractStorage save
INFO: &amp#27;[32mSave b7648471-34be-494c-b5ca-fc4d6997c90e(uuid1510)
сент. 16, 2025 8:21:57 PM webapp.storage.AbstractStorage save
INFO: &amp#27;[32mSave 78ea4043-0e79-49f8-8367-2b3ca869ef87(uuid1511)
сент. 16, 2025 8:21:57 PM webapp.storage.AbstractStorage save
INFO: &amp#27;[32mSave 04ff2caf-460e-4673-a8ee-f75633a19a49(uuid1512)
сент. 16, 2025 8:21:57 PM webapp.storage.AbstractStorage save
INFO: &amp#27;[32mSave f426df87-8550-4582-a5ea-ae84feb07cdd(uuid1513)
сент. 16, 2025 8:21:57 PM webapp.storage.AbstractStorage save
INFO: &amp#27;[32mSave 7194f093-db4c-4eb4-bede-99af3a92c806(uuid1514)
сент. 16, 2025 8:21:57 PM webapp.storage.AbstractStorage save
INFO: &amp#27;[32mSave bf60c2fc-07de-4d36-a825-7f6682101880(uuid1515)
сент. 16, 2025 8:21:57 PM webapp.storage.AbstractStorage save
INFO: &amp#27;[32mSave 7f495d8f-e339-46de-93a0-0bd2ad0c56a2(uuid1516)
сент. 16, 2025 8:21:57 PM webapp.storage.AbstractStorage save
INFO: &amp#27;[32mSave 57399092-4423-4031-b42b-b20c8df82793(uuid1517)
сент. 16, 2025 8:21:57 PM webapp.storage.AbstractStorage save
INFO: &amp#27;[32mSave 04822811-0736-48e7-91a0-c0537e29a24f(uuid1518)
сент. 16, 2025 8:21:57 PM webapp.storage.AbstractStorage save
INFO: &amp#27;[32mSave effc8327-a923-460e-89ed-762e308bd9c5(uuid1519)
сент. 16, 2025 8:21:57 PM webapp.storage.AbstractStorage save
INFO: &amp#27;[32mSave 6c77308c-3d76-439b-a9f2-6099ad7e061e(uuid1520)
сент. 16, 2025 8:21:57 PM webapp.storage.AbstractStorage save
INFO: &amp#27;[32mSave e2042912-22d4-4b4d-ae30-d34c0ca72a79(uuid1521)
сент. 16, 2025 8:21:57 PM webapp.storage.AbstractStorage save
INFO: &amp#27;[32mSave 0ac3ef24-3a12-442e-b3a0-20b8aadb4160(uuid1522)
сент. 16, 2025 8:21:57 PM webapp.storage.AbstractStorage save
INFO: &amp#27;[32mSave e9dd89b3-87fb-4544-8dc4-097d5942dcdb(uuid1523)
сент. 16, 2025 8:21:57 PM webapp.storage.AbstractStorage save
INFO: &amp#27;[32mSave 9270db4f-3bba-4a52-81b0-307ea7005a2d(uuid1524)
сент. 16, 2025 8:21:57 PM webapp.storage.AbstractStorage save
INFO: &amp#27;[32mSave 09d26605-b07f-47df-a27d-405c87513912(uuid1525)
сент. 16, 2025 8:21:57 PM webapp.storage.AbstractStorage save
INFO: &amp#27;[32mSave 18ca2b3a-fc16-4e1b-a3da-0020efbac972(uuid1526)
сент. 16, 2025 8:21:57 PM webapp.storage.AbstractStorage save
INFO: &amp#27;[32mSave ab16f6ca-e6e6-49eb-b7fe-452fe53ebaa6(uuid1527)
сент. 16, 2025 8:21:57 PM webapp.storage.AbstractStorage save
INFO: &amp#27;[32mSave c80e3a0e-4b1d-4a81-b193-6ab5e4e4ca03(uuid1528)
сент. 16, 2025 8:21:57 PM webapp.storage.AbstractStorage save
INFO: &amp#27;[32mSave 021dacf8-0f1f-405b-9306-614c65a5a79c(uuid1529)
сент. 16, 2025 8:21:57 PM webapp.storage.AbstractStorage save
INFO: &amp#27;[32mSave 98d20c8b-606d-4eb2-9935-df296be03087(uuid1530)
сент. 16, 2025 8:21:57 PM webapp.storage.AbstractStorage save
INFO: &amp#27;[32mSave 97d20874-04bf-4c36-8da0-7bbf1d0be7e8(uuid1531)
сент. 16, 2025 8:21:57 PM webapp.storage.AbstractStorage save
INFO: &amp#27;[32mSave e6de85f4-900c-4744-8a19-f1fd4f4bb63f(uuid1532)
сент. 16, 2025 8:21:57 PM webapp.storage.AbstractStorage save
INFO: &amp#27;[32mSave ad35cfd9-cee2-499c-aae2-2603e7ed1e49(uuid1533)
сент. 16, 2025 8:21:57 PM webapp.storage.AbstractStorage save
INFO: &amp#27;[32mSave ec9abc54-2b0a-403e-a7b9-14f93f7cf514(uuid1534)
сент. 16, 2025 8:21:57 PM webapp.storage.AbstractStorage save
INFO: &amp#27;[32mSave 916a918c-5a8f-4a08-a1b4-84f5652f46d2(uuid1535)
сент. 16, 2025 8:21:57 PM webapp.storage.AbstractStorage save
INFO: &amp#27;[32mSave 79a945b3-cca1-46f8-b76f-25d80dbcd7c3(uuid1536)
сент. 16, 2025 8:21:57 PM webapp.storage.AbstractStorage save
INFO: &amp#27;[32mSave ff70b3be-a9dd-49f1-b4ab-bb5101bf5ed2(uuid1537)
сент. 16, 2025 8:21:57 PM webapp.storage.AbstractStorage save
INFO: &amp#27;[32mSave ef3b1f0c-9056-4b8e-815d-5d4df8b706ec(uuid1538)
сент. 16, 2025 8:21:57 PM webapp.storage.AbstractStorage save
INFO: &amp#27;[32mSave 59436974-61b5-499a-bb9c-8c52971727c2(uuid1539)
сент. 16, 2025 8:21:57 PM webapp.storage.AbstractStorage save
INFO: &amp#27;[32mSave fd19a43d-07b1-40bd-951b-9684d472824f(uuid1540)
сент. 16, 2025 8:21:57 PM webapp.storage.AbstractStorage save
INFO: &amp#27;[32mSave 3a6d1b4f-e5af-4d18-ba50-c437bd3de984(uuid1541)
сент. 16, 2025 8:21:57 PM webapp.storage.AbstractStorage save
INFO: &amp#27;[32mSave 946f56a7-9148-4005-abfb-8c4a70ccf522(uuid1542)
сент. 16, 2025 8:21:57 PM webapp.storage.AbstractStorage save
INFO: &amp#27;[32mSave 700fabf7-bb38-4807-a4f0-878f8cae2df1(uuid1543)
сент. 16, 2025 8:21:57 PM webapp.storage.AbstractStorage save
INFO: &amp#27;[32mSave d42bf389-45e5-452a-84dd-1e6cedfe503e(uuid1544)
сент. 16, 2025 8:21:57 PM webapp.storage.AbstractStorage save
INFO: &amp#27;[32mSave eb45ac8d-0938-4c79-ae91-b563875bc548(uuid1545)
сент. 16, 2025 8:21:57 PM webapp.storage.AbstractStorage save
INFO: &amp#27;[32mSave 0b141438-e12d-4436-8627-47aa9774446b(uuid1546)
сент. 16, 2025 8:21:57 PM webapp.storage.AbstractStorage save
INFO: &amp#27;[32mSave 1eacd40c-cc29-4f34-996c-b4d02a19585e(uuid1547)
сент. 16, 2025 8:21:57 PM webapp.storage.AbstractStorage save
INFO: &amp#27;[32mSave e1ba4ede-b489-487d-b3a0-fce90aa218f3(uuid1548)
сент. 16, 2025 8:21:57 PM webapp.storage.AbstractStorage save
INFO: &amp#27;[32mSave bcb83ecf-cef2-40b0-80b6-ed440992abac(uuid1549)
сент. 16, 2025 8:21:57 PM webapp.storage.AbstractStorage save
INFO: &amp#27;[32mSave 007f2a1c-be46-4111-970a-5fa0611ee7ff(uuid1550)
сент. 16, 2025 8:21:57 PM webapp.storage.AbstractStorage save
INFO: &amp#27;[32mSave 88acb113-699b-4ab1-9371-adf01b124062(uuid1551)
сент. 16, 2025 8:21:57 PM webapp.storage.AbstractStorage save
INFO: &amp#27;[32mSave 389552f9-8a01-4415-8662-965d936c2cf7(uuid1552)
сент. 16, 2025 8:21:57 PM webapp.storage.AbstractStorage save
INFO: &amp#27;[32mSave f23f3a6f-2b97-4cc0-935c-c5f7efd7cf5a(uuid1553)
сент. 16, 2025 8:21:57 PM webapp.storage.AbstractStorage save
INFO: &amp#27;[32mSave 479db27a-0ec1-4840-acb8-09e1de38fc19(uuid1554)
сент. 16, 2025 8:21:57 PM webapp.storage.AbstractStorage save
INFO: &amp#27;[32mSave 91b49106-8e6b-4e4f-bd14-25a601aca969(uuid1555)
сент. 16, 2025 8:21:57 PM webapp.storage.AbstractStorage save
INFO: &amp#27;[32mSave 8fa5b5a8-bc1c-4d5f-86d6-2a0ad20e8794(uuid1556)
сент. 16, 2025 8:21:57 PM webapp.storage.AbstractStorage save
INFO: &amp#27;[32mSave c2dae395-bee0-4877-a052-486519577500(uuid1557)
сент. 16, 2025 8:21:57 PM webapp.storage.AbstractStorage save
INFO: &amp#27;[32mSave 676ba791-a852-4e29-a6a5-07bc335da8ab(uuid1558)
сент. 16, 2025 8:21:57 PM webapp.storage.AbstractStorage save
INFO: &amp#27;[32mSave b0b50199-3e17-4273-a57f-cebb91291427(uuid1559)
сент. 16, 2025 8:21:57 PM webapp.storage.AbstractStorage save
INFO: &amp#27;[32mSave 5c18f992-0556-4c6d-9f9d-48602b00a993(uuid1560)
сент. 16, 2025 8:21:57 PM webapp.storage.AbstractStorage save
INFO: &amp#27;[32mSave e0390eec-02a0-495e-adb7-55787bcd185b(uuid1561)
сент. 16, 2025 8:21:57 PM webapp.storage.AbstractStorage save
INFO: &amp#27;[32mSave 00645e8c-0ebe-4718-b7d3-795464a3ed02(uuid1562)
сент. 16, 2025 8:21:57 PM webapp.storage.AbstractStorage save
INFO: &amp#27;[32mSave 8b09d517-3040-4150-93a4-944384ffbcf0(uuid1563)
сент. 16, 2025 8:21:57 PM webapp.storage.AbstractStorage save
INFO: &amp#27;[32mSave 42dd9823-e97d-4008-9c7d-325f5eed012f(uuid1564)
сент. 16, 2025 8:21:57 PM webapp.storage.AbstractStorage save
INFO: &amp#27;[32mSave 904d6584-6c9c-4c14-a10d-4f529417a882(uuid1565)
сент. 16, 2025 8:21:57 PM webapp.storage.AbstractStorage save
INFO: &amp#27;[32mSave df2f64fb-28e4-47b7-9c78-0f36fa10de0f(uuid1566)
сент. 16, 2025 8:21:57 PM webapp.storage.AbstractStorage save
INFO: &amp#27;[32mSave 7010932e-f499-4f48-b8fc-00a0f6ed1688(uuid1567)
сент. 16, 2025 8:21:57 PM webapp.storage.AbstractStorage save
INFO: &amp#27;[32mSave 19eef02e-4d70-4e54-81ad-961c1d9add31(uuid1568)
сент. 16, 2025 8:21:57 PM webapp.storage.AbstractStorage save
INFO: &amp#27;[32mSave ce5c600c-993c-4bb6-b321-904cf6aa5ceb(uuid1569)
сент. 16, 2025 8:21:57 PM webapp.storage.AbstractStorage save
INFO: &amp#27;[32mSave 3f4eba9d-5449-42a2-8750-792c0f849de6(uuid1570)
сент. 16, 2025 8:21:57 PM webapp.storage.AbstractStorage save
INFO: &amp#27;[32mSave 365794d5-300c-4665-af1b-ecfe13274272(uuid1571)
сент. 16, 2025 8:21:57 PM webapp.storage.AbstractStorage save
INFO: &amp#27;[32mSave 6d179f08-1b3f-4309-8211-3d9eef7dbdba(uuid1572)
сент. 16, 2025 8:21:57 PM webapp.storage.AbstractStorage save
INFO: &amp#27;[32mSave 4df602ce-8a3c-4f0d-8397-104ea592732b(uuid1573)
сент. 16, 2025 8:21:57 PM webapp.storage.AbstractStorage save
INFO: &amp#27;[32mSave 0154c739-e681-4e2f-b225-844c6f1b8f4b(uuid1574)
сент. 16, 2025 8:21:57 PM webapp.storage.AbstractStorage save
INFO: &amp#27;[32mSave 7e341847-64cc-44f9-b9ae-e5c5a5023b8c(uuid1575)
сент. 16, 2025 8:21:57 PM webapp.storage.AbstractStorage save
INFO: &amp#27;[32mSave 0daac091-6806-4b10-b1f6-1ebac9acc27f(uuid1576)
сент. 16, 2025 8:21:57 PM webapp.storage.AbstractStorage save
INFO: &amp#27;[32mSave 6b02a773-1b6e-4e94-b54b-bd1e001ea8d6(uuid1577)
сент. 16, 2025 8:21:57 PM webapp.storage.AbstractStorage save
INFO: &amp#27;[32mSave 2cd90d76-1552-40bc-bfee-d8c6725bf83b(uuid1578)
сент. 16, 2025 8:21:57 PM webapp.storage.AbstractStorage save
INFO: &amp#27;[32mSave e126302b-fcdd-4d7b-b240-1c5b8b893028(uuid1579)
сент. 16, 2025 8:21:57 PM webapp.storage.AbstractStorage save
INFO: &amp#27;[32mSave fd67080e-3727-42bb-b474-819ae7f7b95a(uuid1580)
сент. 16, 2025 8:21:57 PM webapp.storage.AbstractStorage save
INFO: &amp#27;[32mSave 27631078-2a7d-4047-b9ed-f46f7e390b85(uuid1581)
сент. 16, 2025 8:21:57 PM webapp.storage.AbstractStorage save
INFO: &amp#27;[32mSave 9d39c9f5-6158-4db5-955a-1bae8620a370(uuid1582)
сент. 16, 2025 8:21:57 PM webapp.storage.AbstractStorage save
INFO: &amp#27;[32mSave 36cc3b8f-d75e-42d4-b09a-4cdf4e847f27(uuid1583)
сент. 16, 2025 8:21:57 PM webapp.storage.AbstractStorage save
INFO: &amp#27;[32mSave b02b539d-7ceb-4a21-802b-80f4d46ae701(uuid1584)
сент. 16, 2025 8:21:57 PM webapp.storage.AbstractStorage save
INFO: &amp#27;[32mSave e43afd98-16ad-434b-9dc2-20564eebced2(uuid1585)
сент. 16, 2025 8:21:57 PM webapp.storage.AbstractStorage save
INFO: &amp#27;[32mSave b43b4e38-6e1f-4296-90a7-83beeb5cf561(uuid1586)
сент. 16, 2025 8:21:57 PM webapp.storage.AbstractStorage save
INFO: &amp#27;[32mSave aeb150ba-26be-45c7-a254-33ffb56b190f(uuid1587)
сент. 16, 2025 8:21:57 PM webapp.storage.AbstractStorage save
INFO: &amp#27;[32mSave 42cb57a4-16fe-437f-95fa-26650581bd5e(uuid1588)
сент. 16, 2025 8:21:57 PM webapp.storage.AbstractStorage save
INFO: &amp#27;[32mSave 5fc30397-0059-4797-991b-20abed518270(uuid1589)
сент. 16, 2025 8:21:57 PM webapp.storage.AbstractStorage save
INFO: &amp#27;[32mSave fafdf50c-abe6-42ce-b186-bef14d7eb26e(uuid1590)
сент. 16, 2025 8:21:57 PM webapp.storage.AbstractStorage save
INFO: &amp#27;[32mSave 37873a8e-e81f-4fa2-bfbf-b7b65c5c73ee(uuid1591)
сент. 16, 2025 8:21:57 PM webapp.storage.AbstractStorage save
INFO: &amp#27;[32mSave daabba05-af82-417c-a546-79f13c347069(uuid1592)
сент. 16, 2025 8:21:57 PM webapp.storage.AbstractStorage save
INFO: &amp#27;[32mSave 564d8c99-5bb6-4e1f-bb76-1f06b8ad3e92(uuid1593)
сент. 16, 2025 8:21:57 PM webapp.storage.AbstractStorage save
INFO: &amp#27;[32mSave b0379775-5d64-4894-8b15-062f4d12e6cc(uuid1594)
сент. 16, 2025 8:21:57 PM webapp.storage.AbstractStorage save
INFO: &amp#27;[32mSave f6169a6e-2390-442f-82e8-091ff4d01ffc(uuid1595)
сент. 16, 2025 8:21:57 PM webapp.storage.AbstractStorage save
INFO: &amp#27;[32mSave b1c136db-dba1-4a71-b77a-ff203ec69550(uuid1596)
сент. 16, 2025 8:21:57 PM webapp.storage.AbstractStorage save
INFO: &amp#27;[32mSave ff597a79-d4e1-48c0-bf59-e15fff0042fc(uuid1597)
сент. 16, 2025 8:21:57 PM webapp.storage.AbstractStorage save
INFO: &amp#27;[32mSave e4c564f0-42df-41d3-b12b-33687975cf80(uuid1598)
сент. 16, 2025 8:21:57 PM webapp.storage.AbstractStorage save
INFO: &amp#27;[32mSave cad81cf1-777f-440a-b056-b0ff2c25ac1d(uuid1599)
сент. 16, 2025 8:21:57 PM webapp.storage.AbstractStorage save
INFO: &amp#27;[32mSave bd212061-4672-401b-945b-bfab4eeb151e(uuid1600)
сент. 16, 2025 8:21:57 PM webapp.storage.AbstractStorage save
INFO: &amp#27;[32mSave 334f2f1f-fceb-4067-a78a-d8434666e025(uuid1601)
сент. 16, 2025 8:21:57 PM webapp.storage.AbstractStorage save
INFO: &amp#27;[32mSave 5b78acd3-2229-4e4d-b537-a420f58daeda(uuid1602)
сент. 16, 2025 8:21:57 PM webapp.storage.AbstractStorage save
INFO: &amp#27;[32mSave 8c20ff50-2dad-46ba-8944-a0730b986d66(uuid1603)
сент. 16, 2025 8:21:57 PM webapp.storage.AbstractStorage save
INFO: &amp#27;[32mSave bb9b5b89-3985-49b2-b440-a8156be88628(uuid1604)
сент. 16, 2025 8:21:57 PM webapp.storage.AbstractStorage save
INFO: &amp#27;[32mSave 121805f8-de99-4c38-aae5-0660e863b356(uuid1605)
сент. 16, 2025 8:21:57 PM webapp.storage.AbstractStorage save
INFO: &amp#27;[32mSave 61f7faf2-9367-449e-b091-9872bbfc09da(uuid1606)
сент. 16, 2025 8:21:57 PM webapp.storage.AbstractStorage save
INFO: &amp#27;[32mSave 51415272-1b7a-4fc8-a7cb-147790661598(uuid1607)
сент. 16, 2025 8:21:57 PM webapp.storage.AbstractStorage save
INFO: &amp#27;[32mSave e0d053a9-c658-4b27-a3f9-11dd891f2a0f(uuid1608)
сент. 16, 2025 8:21:57 PM webapp.storage.AbstractStorage save
INFO: &amp#27;[32mSave 894c97d3-7cf2-4184-8cae-d07274b1e341(uuid1609)
сент. 16, 2025 8:21:57 PM webapp.storage.AbstractStorage save
INFO: &amp#27;[32mSave 39f2f736-f51f-4ef5-8fe5-1395ce7f07d9(uuid1610)
сент. 16, 2025 8:21:57 PM webapp.storage.AbstractStorage save
INFO: &amp#27;[32mSave 2cdfc9f7-01a5-4dfb-9d8d-c53e06bc18ca(uuid1611)
сент. 16, 2025 8:21:57 PM webapp.storage.AbstractStorage save
INFO: &amp#27;[32mSave 142bc642-38d2-4ec5-8aff-0ab7d5d57639(uuid1612)
сент. 16, 2025 8:21:57 PM webapp.storage.AbstractStorage save
INFO: &amp#27;[32mSave 2e3d6826-13cc-4f21-bac3-92e3fb8d675a(uuid1613)
сент. 16, 2025 8:21:57 PM webapp.storage.AbstractStorage save
INFO: &amp#27;[32mSave d0deca00-b216-4a2d-95f9-3fd65b11960d(uuid1614)
сент. 16, 2025 8:21:57 PM webapp.storage.AbstractStorage save
INFO: &amp#27;[32mSave acdd242d-133a-4a48-9821-324bfeb3f807(uuid1615)
сент. 16, 2025 8:21:57 PM webapp.storage.AbstractStorage save
INFO: &amp#27;[32mSave b7d076dd-0159-4e5e-a31b-32cf717fbd35(uuid1616)
сент. 16, 2025 8:21:57 PM webapp.storage.AbstractStorage save
INFO: &amp#27;[32mSave 5e11e526-1ea4-44b5-ab4a-ef26d43c1915(uuid1617)
сент. 16, 2025 8:21:57 PM webapp.storage.AbstractStorage save
INFO: &amp#27;[32mSave 47a9b46e-27c4-43d5-990f-90910e13ac10(uuid1618)
сент. 16, 2025 8:21:57 PM webapp.storage.AbstractStorage save
INFO: &amp#27;[32mSave 1a20fa2e-5a08-484a-a9c3-12ad63cc753d(uuid1619)
сент. 16, 2025 8:21:57 PM webapp.storage.AbstractStorage save
INFO: &amp#27;[32mSave edf24776-761f-4b59-850f-f7eac6e1860c(uuid1620)
сент. 16, 2025 8:21:57 PM webapp.storage.AbstractStorage save
INFO: &amp#27;[32mSave 90ab1d73-b04c-46c8-ad04-2fb177237ed1(uuid1621)
сент. 16, 2025 8:21:57 PM webapp.storage.AbstractStorage save
INFO: &amp#27;[32mSave 45aee5fa-0f00-4d86-b2a8-a553232f1e35(uuid1622)
сент. 16, 2025 8:21:57 PM webapp.storage.AbstractStorage save
INFO: &amp#27;[32mSave 834391f8-d1d0-47b4-b3cc-583eac954642(uuid1623)
сент. 16, 2025 8:21:57 PM webapp.storage.AbstractStorage save
INFO: &amp#27;[32mSave ad3b4528-0b87-4245-9f6a-c18b5a2ba700(uuid1624)
сент. 16, 2025 8:21:57 PM webapp.storage.AbstractStorage save
INFO: &amp#27;[32mSave f4fc18dc-0802-4b17-be88-8f276955bd01(uuid1625)
сент. 16, 2025 8:21:57 PM webapp.storage.AbstractStorage save
INFO: &amp#27;[32mSave 6b8861f4-7f6a-4b1f-b9bf-83e1b8952cf8(uuid1626)
сент. 16, 2025 8:21:57 PM webapp.storage.AbstractStorage save
INFO: &amp#27;[32mSave e40160a6-ccd3-4e0b-a6a4-7172d78e3814(uuid1627)
сент. 16, 2025 8:21:57 PM webapp.storage.AbstractStorage save
INFO: &amp#27;[32mSave 1a3226bf-209a-471a-94a3-1354b834acfe(uuid1628)
сент. 16, 2025 8:21:57 PM webapp.storage.AbstractStorage save
INFO: &amp#27;[32mSave 247397bc-5181-426a-8c9e-4ffe9313cfb1(uuid1629)
сент. 16, 2025 8:21:57 PM webapp.storage.AbstractStorage save
INFO: &amp#27;[32mSave 153c9a74-5c5b-427e-8250-c187ede6209f(uuid1630)
сент. 16, 2025 8:21:57 PM webapp.storage.AbstractStorage save
INFO: &amp#27;[32mSave c6266220-e1de-49d2-8a4d-509f1f39876a(uuid1631)
сент. 16, 2025 8:21:57 PM webapp.storage.AbstractStorage save
INFO: &amp#27;[32mSave adac12be-3948-4d6a-9812-df5cb3c36745(uuid1632)
сент. 16, 2025 8:21:57 PM webapp.storage.AbstractStorage save
INFO: &amp#27;[32mSave b6d15510-7ecf-4721-8d65-b3087ae04732(uuid1633)
сент. 16, 2025 8:21:57 PM webapp.storage.AbstractStorage save
INFO: &amp#27;[32mSave ac8e3405-1797-4379-9801-1c54fbeb8612(uuid1634)
сент. 16, 2025 8:21:57 PM webapp.storage.AbstractStorage save
INFO: &amp#27;[32mSave d6e9331e-a49c-4071-a516-20af10107c21(uuid1635)
сент. 16, 2025 8:21:57 PM webapp.storage.AbstractStorage save
INFO: &amp#27;[32mSave 7c815d35-f306-40a2-8db4-1a8c9da7a05f(uuid1636)
сент. 16, 2025 8:21:57 PM webapp.storage.AbstractStorage save
INFO: &amp#27;[32mSave b96133cb-0fd2-41da-9c2a-55df1b864d35(uuid1637)
сент. 16, 2025 8:21:57 PM webapp.storage.AbstractStorage save
INFO: &amp#27;[32mSave d4b5ab39-3d91-4d1e-a6b3-a1f784b3009a(uuid1638)
сент. 16, 2025 8:21:57 PM webapp.storage.AbstractStorage save
INFO: &amp#27;[32mSave 64c9a687-1b51-405f-9c54-b326d6b67f66(uuid1639)
сент. 16, 2025 8:21:57 PM webapp.storage.AbstractStorage save
INFO: &amp#27;[32mSave 80bef9fc-4913-4c9f-91d8-8c6295b66535(uuid1640)
сент. 16, 2025 8:21:57 PM webapp.storage.AbstractStorage save
INFO: &amp#27;[32mSave 5a85e792-2e5d-4a3a-86e8-c6b2109d739f(uuid1641)
сент. 16, 2025 8:21:57 PM webapp.storage.AbstractStorage save
INFO: &amp#27;[32mSave 60fd0d50-60dc-4320-94ef-607e900eb793(uuid1642)
сент. 16, 2025 8:21:57 PM webapp.storage.AbstractStorage save
INFO: &amp#27;[32mSave c62779d7-3252-49a0-b114-76856b8cf574(uuid1643)
сент. 16, 2025 8:21:57 PM webapp.storage.AbstractStorage save
INFO: &amp#27;[32mSave a0bef2a9-9376-4e0e-8875-dd458f92cb69(uuid1644)
сент. 16, 2025 8:21:57 PM webapp.storage.AbstractStorage save
INFO: &amp#27;[32mSave 1a47c597-d85c-40bd-9b27-d6464e6e657a(uuid1645)
сент. 16, 2025 8:21:57 PM webapp.storage.AbstractStorage save
INFO: &amp#27;[32mSave be070a31-b4e1-485e-b3fc-013a668cce80(uuid1646)
сент. 16, 2025 8:21:57 PM webapp.storage.AbstractStorage save
INFO: &amp#27;[32mSave 2ddfc79a-a3c6-499b-9365-5fc97a389142(uuid1647)
сент. 16, 2025 8:21:57 PM webapp.storage.AbstractStorage save
INFO: &amp#27;[32mSave 5710c7d3-b0c0-4f29-8a96-461b1898960b(uuid1648)
сент. 16, 2025 8:21:57 PM webapp.storage.AbstractStorage save
INFO: &amp#27;[32mSave 517d2724-585c-43f3-9437-146fb1284fbd(uuid1649)
сент. 16, 2025 8:21:57 PM webapp.storage.AbstractStorage save
INFO: &amp#27;[32mSave 31b31fec-ede4-43f1-a9b9-8311278951e2(uuid1650)
сент. 16, 2025 8:21:57 PM webapp.storage.AbstractStorage save
INFO: &amp#27;[32mSave 26ec5b09-4663-4ed8-8789-d5c652f67396(uuid1651)
сент. 16, 2025 8:21:57 PM webapp.storage.AbstractStorage save
INFO: &amp#27;[32mSave feb71c67-f899-43ec-89c7-a7df95de8d04(uuid1652)
сент. 16, 2025 8:21:57 PM webapp.storage.AbstractStorage save
INFO: &amp#27;[32mSave 028c5931-6f48-4484-b42a-381b406efc8e(uuid1653)
сент. 16, 2025 8:21:57 PM webapp.storage.AbstractStorage save
INFO: &amp#27;[32mSave 802e7b97-9dd8-4718-a19a-b982f585d535(uuid1654)
сент. 16, 2025 8:21:57 PM webapp.storage.AbstractStorage save
INFO: &amp#27;[32mSave 102a770f-9ed4-4473-a6cf-5ecb5efd6bfc(uuid1655)
сент. 16, 2025 8:21:57 PM webapp.storage.AbstractStorage save
INFO: &amp#27;[32mSave 39eb94e2-5425-48f0-8ceb-a325fa826c7e(uuid1656)
сент. 16, 2025 8:21:57 PM webapp.storage.AbstractStorage save
INFO: &amp#27;[32mSave 7ae0316a-4d52-447a-b1da-9d35db04ebe5(uuid1657)
сент. 16, 2025 8:21:57 PM webapp.storage.AbstractStorage save
INFO: &amp#27;[32mSave 89c54d4e-88f9-45de-a4c0-734f87a03348(uuid1658)
сент. 16, 2025 8:21:57 PM webapp.storage.AbstractStorage save
INFO: &amp#27;[32mSave ac4b7101-2f46-47d2-ab02-48287e00cc44(uuid1659)
сент. 16, 2025 8:21:57 PM webapp.storage.AbstractStorage save
INFO: &amp#27;[32mSave 57f5ffe2-6212-4439-b34c-f48f3a5bd053(uuid1660)
сент. 16, 2025 8:21:57 PM webapp.storage.AbstractStorage save
INFO: &amp#27;[32mSave 373aedb5-ed56-49e5-b4bc-dcadd6365039(uuid1661)
сент. 16, 2025 8:21:57 PM webapp.storage.AbstractStorage save
INFO: &amp#27;[32mSave ed1b9679-f809-479a-ba48-5d70bfaa61ed(uuid1662)
сент. 16, 2025 8:21:57 PM webapp.storage.AbstractStorage save
INFO: &amp#27;[32mSave 332d5013-2ceb-4d18-9523-7841374819a5(uuid1663)
сент. 16, 2025 8:21:57 PM webapp.storage.AbstractStorage save
INFO: &amp#27;[32mSave 10df71ca-3f3f-41c4-8c2d-2821f8d8872e(uuid1664)
сент. 16, 2025 8:21:57 PM webapp.storage.AbstractStorage save
INFO: &amp#27;[32mSave 60d06f09-1497-4080-810f-1dac4549b8de(uuid1665)
сент. 16, 2025 8:21:57 PM webapp.storage.AbstractStorage save
INFO: &amp#27;[32mSave 7f3f0bc7-a421-4844-ab82-750ff83e4e73(uuid1666)
сент. 16, 2025 8:21:57 PM webapp.storage.AbstractStorage save
INFO: &amp#27;[32mSave 2397f710-48df-4101-837f-07fb2b9c90dc(uuid1667)
сент. 16, 2025 8:21:57 PM webapp.storage.AbstractStorage save
INFO: &amp#27;[32mSave 97b1d2cd-4c57-4391-845a-ee1eeeb98ef9(uuid1668)
сент. 16, 2025 8:21:57 PM webapp.storage.AbstractStorage save
INFO: &amp#27;[32mSave a3377ebb-7680-47be-8359-1217ad4b0049(uuid1669)
сент. 16, 2025 8:21:57 PM webapp.storage.AbstractStorage save
INFO: &amp#27;[32mSave ea9a5471-be24-4fd1-af95-3677a1afe474(uuid1670)
сент. 16, 2025 8:21:57 PM webapp.storage.AbstractStorage save
INFO: &amp#27;[32mSave b2577b7f-2efd-478a-8d35-6b9323a65037(uuid1671)
сент. 16, 2025 8:21:57 PM webapp.storage.AbstractStorage save
INFO: &amp#27;[32mSave d7d88fe2-3bea-4fef-81a8-36231cb570f8(uuid1672)
сент. 16, 2025 8:21:57 PM webapp.storage.AbstractStorage save
INFO: &amp#27;[32mSave e007ac02-1bcf-4791-8181-6758af513cf1(uuid1673)
сент. 16, 2025 8:21:57 PM webapp.storage.AbstractStorage save
INFO: &amp#27;[32mSave 26820905-0e3c-48c4-af44-6be04f0302bc(uuid1674)
сент. 16, 2025 8:21:57 PM webapp.storage.AbstractStorage save
INFO: &amp#27;[32mSave 2fd91b5c-2cfe-48df-97f9-1ae81cc0c001(uuid1675)
сент. 16, 2025 8:21:57 PM webapp.storage.AbstractStorage save
INFO: &amp#27;[32mSave 923a7a47-429e-4bc2-a0b2-080a76b9f149(uuid1676)
сент. 16, 2025 8:21:57 PM webapp.storage.AbstractStorage save
INFO: &amp#27;[32mSave 6407abc8-391d-44b1-a092-b4110d425e12(uuid1677)
сент. 16, 2025 8:21:57 PM webapp.storage.AbstractStorage save
INFO: &amp#27;[32mSave 53ed8c99-dbdd-4517-a527-cc0b6ce74cd3(uuid1678)
сент. 16, 2025 8:21:57 PM webapp.storage.AbstractStorage save
INFO: &amp#27;[32mSave 4f01c7cd-8a1d-4c8f-a3c5-5b6047c55d93(uuid1679)
сент. 16, 2025 8:21:57 PM webapp.storage.AbstractStorage save
INFO: &amp#27;[32mSave c2b6a7bc-8f9e-468f-b1a0-c69da60f310c(uuid1680)
сент. 16, 2025 8:21:57 PM webapp.storage.AbstractStorage save
INFO: &amp#27;[32mSave 73e07e71-f087-4afc-a6db-15b528818a52(uuid1681)
сент. 16, 2025 8:21:57 PM webapp.storage.AbstractStorage save
INFO: &amp#27;[32mSave 3d55cb35-3349-411a-aafc-857901fa1104(uuid1682)
сент. 16, 2025 8:21:57 PM webapp.storage.AbstractStorage save
INFO: &amp#27;[32mSave d61324ec-5268-4d88-b2db-870ca125247d(uuid1683)
сент. 16, 2025 8:21:57 PM webapp.storage.AbstractStorage save
INFO: &amp#27;[32mSave 226d3f95-d340-4d55-83ea-2f49da91a4da(uuid1684)
сент. 16, 2025 8:21:57 PM webapp.storage.AbstractStorage save
INFO: &amp#27;[32mSave 506a2086-d14f-44db-90d8-7d81a9b5ad6b(uuid1685)
сент. 16, 2025 8:21:57 PM webapp.storage.AbstractStorage save
INFO: &amp#27;[32mSave db0e5da4-290e-4742-9cee-7b9b60e4bf51(uuid1686)
сент. 16, 2025 8:21:57 PM webapp.storage.AbstractStorage save
INFO: &amp#27;[32mSave 76180e35-3847-4f41-a3e0-5e93175c5f6b(uuid1687)
сент. 16, 2025 8:21:57 PM webapp.storage.AbstractStorage save
INFO: &amp#27;[32mSave 67ba9731-b2de-4598-9718-6e08358fec09(uuid1688)
сент. 16, 2025 8:21:57 PM webapp.storage.AbstractStorage save
INFO: &amp#27;[32mSave e41929f0-5441-4123-8414-10cc881b7a59(uuid1689)
сент. 16, 2025 8:21:57 PM webapp.storage.AbstractStorage save
INFO: &amp#27;[32mSave 2ceb2c33-1d08-4597-8bba-71616f0b2741(uuid1690)
сент. 16, 2025 8:21:57 PM webapp.storage.AbstractStorage save
INFO: &amp#27;[32mSave 7f362fba-eb8f-4eb5-80e6-e1ee17e67abf(uuid1691)
сент. 16, 2025 8:21:57 PM webapp.storage.AbstractStorage save
INFO: &amp#27;[32mSave a7735a2b-024b-4340-8663-412b843f57ee(uuid1692)
сент. 16, 2025 8:21:57 PM webapp.storage.AbstractStorage save
INFO: &amp#27;[32mSave ff2a5c80-738e-4cd7-9d70-638c73aa33bc(uuid1693)
сент. 16, 2025 8:21:57 PM webapp.storage.AbstractStorage save
INFO: &amp#27;[32mSave 6089a230-a947-41d3-bfd6-253c0a171f04(uuid1694)
сент. 16, 2025 8:21:57 PM webapp.storage.AbstractStorage save
INFO: &amp#27;[32mSave 0aeccd46-1c8d-4ae3-9670-cd4d3ba75dfd(uuid1695)
сент. 16, 2025 8:21:57 PM webapp.storage.AbstractStorage save
INFO: &amp#27;[32mSave 2489e79a-a56b-4a46-b1e6-fef9580fec03(uuid1696)
сент. 16, 2025 8:21:57 PM webapp.storage.AbstractStorage save
INFO: &amp#27;[32mSave c4122b57-443e-4e00-90de-25f511dfc91c(uuid1697)
сент. 16, 2025 8:21:57 PM webapp.storage.AbstractStorage save
INFO: &amp#27;[32mSave af730888-0198-4fc9-8cd4-76947ffa9a06(uuid1698)
сент. 16, 2025 8:21:57 PM webapp.storage.AbstractStorage save
INFO: &amp#27;[32mSave b1aeb6a2-1e10-49ac-adfb-19bf85e99126(uuid1699)
сент. 16, 2025 8:21:57 PM webapp.storage.AbstractStorage save
INFO: &amp#27;[32mSave 56f8fd26-b46c-45ea-90cd-5ac0c8d164e2(uuid1700)
сент. 16, 2025 8:21:57 PM webapp.storage.AbstractStorage save
INFO: &amp#27;[32mSave 7e5e616f-d8a5-4b14-bd01-fc43bb7bdf1d(uuid1701)
сент. 16, 2025 8:21:57 PM webapp.storage.AbstractStorage save
INFO: &amp#27;[32mSave 226a1a71-3014-4353-b7b1-40fcf0c47a25(uuid1702)
сент. 16, 2025 8:21:57 PM webapp.storage.AbstractStorage save
INFO: &amp#27;[32mSave ef0d825e-fc62-4dce-b2db-65e4f3fc9f24(uuid1703)
сент. 16, 2025 8:21:57 PM webapp.storage.AbstractStorage save
INFO: &amp#27;[32mSave b475ca78-0b4d-44d5-8f23-83fc6b1ca302(uuid1704)
сент. 16, 2025 8:21:57 PM webapp.storage.AbstractStorage save
INFO: &amp#27;[32mSave 0d8da0b0-0bf5-4816-87ae-2d1295170270(uuid1705)
сент. 16, 2025 8:21:57 PM webapp.storage.AbstractStorage save
INFO: &amp#27;[32mSave b1944501-41bb-4429-a05d-05d362967741(uuid1706)
сент. 16, 2025 8:21:57 PM webapp.storage.AbstractStorage save
INFO: &amp#27;[32mSave 4bb3e105-1fd8-45d2-8283-f25b90f2e084(uuid1707)
сент. 16, 2025 8:21:57 PM webapp.storage.AbstractStorage save
INFO: &amp#27;[32mSave 40bda147-8e8e-479a-b7d9-7a7ab5c77d0d(uuid1708)
сент. 16, 2025 8:21:57 PM webapp.storage.AbstractStorage save
INFO: &amp#27;[32mSave 12c56209-594d-41a1-a149-a8edc3e16af4(uuid1709)
сент. 16, 2025 8:21:57 PM webapp.storage.AbstractStorage save
INFO: &amp#27;[32mSave 61ebddd8-5941-4b8f-8697-2f0a85fcca2c(uuid1710)
сент. 16, 2025 8:21:57 PM webapp.storage.AbstractStorage save
INFO: &amp#27;[32mSave f414e6db-3e8b-41db-88a8-60d7f1fec837(uuid1711)
сент. 16, 2025 8:21:57 PM webapp.storage.AbstractStorage save
INFO: &amp#27;[32mSave 7c5aca21-1879-4418-806a-2219d07de7d9(uuid1712)
сент. 16, 2025 8:21:57 PM webapp.storage.AbstractStorage save
INFO: &amp#27;[32mSave 0510529a-c357-4956-bd9e-f942bf6d48a6(uuid1713)
сент. 16, 2025 8:21:57 PM webapp.storage.AbstractStorage save
INFO: &amp#27;[32mSave a21e2317-64fc-4be2-a068-ee8a138acd06(uuid1714)
сент. 16, 2025 8:21:57 PM webapp.storage.AbstractStorage save
INFO: &amp#27;[32mSave 1ee54bcf-94d3-4858-a075-78edd4798870(uuid1715)
сент. 16, 2025 8:21:57 PM webapp.storage.AbstractStorage save
INFO: &amp#27;[32mSave fac39694-3571-4b5c-a836-357d0be41829(uuid1716)
сент. 16, 2025 8:21:57 PM webapp.storage.AbstractStorage save
INFO: &amp#27;[32mSave 61204e12-2333-4a0d-8b50-d5b12c781566(uuid1717)
сент. 16, 2025 8:21:57 PM webapp.storage.AbstractStorage save
INFO: &amp#27;[32mSave 7c33290a-2280-4da9-9647-7aa2124e8fe3(uuid1718)
сент. 16, 2025 8:21:57 PM webapp.storage.AbstractStorage save
INFO: &amp#27;[32mSave 86422760-4e1d-40e7-a52c-4a72b616ab2f(uuid1719)
сент. 16, 2025 8:21:57 PM webapp.storage.AbstractStorage save
INFO: &amp#27;[32mSave 1ec85878-a807-4c45-9ffe-79820293e2af(uuid1720)
сент. 16, 2025 8:21:57 PM webapp.storage.AbstractStorage save
INFO: &amp#27;[32mSave 89503dbf-13b3-4164-9b1a-d9fb5af555c8(uuid1721)
сент. 16, 2025 8:21:57 PM webapp.storage.AbstractStorage save
INFO: &amp#27;[32mSave d94d73b0-10ef-4bab-bd71-7396f8805724(uuid1722)
сент. 16, 2025 8:21:57 PM webapp.storage.AbstractStorage save
INFO: &amp#27;[32mSave 8ddc70f9-eafd-46f0-bbec-3a2a6e17ca7e(uuid1723)
сент. 16, 2025 8:21:57 PM webapp.storage.AbstractStorage save
INFO: &amp#27;[32mSave 690f9d1a-dfa6-4458-8400-8c9ff032e9bd(uuid1724)
сент. 16, 2025 8:21:57 PM webapp.storage.AbstractStorage save
INFO: &amp#27;[32mSave e24db377-aa6a-42ab-a229-08b03d6bc544(uuid1725)
сент. 16, 2025 8:21:57 PM webapp.storage.AbstractStorage save
INFO: &amp#27;[32mSave 08a0bd8d-fa6a-4596-8fbe-052e9c382f5f(uuid1726)
сент. 16, 2025 8:21:57 PM webapp.storage.AbstractStorage save
INFO: &amp#27;[32mSave 8fbe8c1b-be0b-4bc5-b15f-7e16fecd6093(uuid1727)
сент. 16, 2025 8:21:57 PM webapp.storage.AbstractStorage save
INFO: &amp#27;[32mSave 570ca1b4-39e6-4e19-89c6-8656f8b972e2(uuid1728)
сент. 16, 2025 8:21:57 PM webapp.storage.AbstractStorage save
INFO: &amp#27;[32mSave 9561a74e-2462-4673-8be8-b48d8ceebf93(uuid1729)
сент. 16, 2025 8:21:57 PM webapp.storage.AbstractStorage save
INFO: &amp#27;[32mSave e1e65519-c450-40d7-89c4-abcbf2e75f7b(uuid1730)
сент. 16, 2025 8:21:57 PM webapp.storage.AbstractStorage save
INFO: &amp#27;[32mSave 166d0224-0ac6-4b99-85c9-5d62623eb57a(uuid1731)
сент. 16, 2025 8:21:57 PM webapp.storage.AbstractStorage save
INFO: &amp#27;[32mSave 00c8798b-a4cd-40e9-93c2-6f70e6ebf707(uuid1732)
сент. 16, 2025 8:21:57 PM webapp.storage.AbstractStorage save
INFO: &amp#27;[32mSave 813fb387-a5c3-4fe7-80a4-9e2535ab5f70(uuid1733)
сент. 16, 2025 8:21:57 PM webapp.storage.AbstractStorage save
INFO: &amp#27;[32mSave 668d1e34-5fd4-4782-ab0e-f2a625d4b011(uuid1734)
сент. 16, 2025 8:21:57 PM webapp.storage.AbstractStorage save
INFO: &amp#27;[32mSave c4e180c2-cfbb-47b9-8346-293a6a387362(uuid1735)
сент. 16, 2025 8:21:57 PM webapp.storage.AbstractStorage save
INFO: &amp#27;[32mSave 509812fc-071c-4300-b650-cbfd99673f3b(uuid1736)
сент. 16, 2025 8:21:57 PM webapp.storage.AbstractStorage save
INFO: &amp#27;[32mSave 04c4b5e6-6972-44e6-b6da-7aac608e3f3b(uuid1737)
сент. 16, 2025 8:21:57 PM webapp.storage.AbstractStorage save
INFO: &amp#27;[32mSave f11bd539-f83d-4627-8018-ff7c6dc4c4fd(uuid1738)
сент. 16, 2025 8:21:57 PM webapp.storage.AbstractStorage save
INFO: &amp#27;[32mSave 9acfd2a4-a60b-48ab-8bad-c6f74341592c(uuid1739)
сент. 16, 2025 8:21:57 PM webapp.storage.AbstractStorage save
INFO: &amp#27;[32mSave f68ac65d-70fb-4580-9f76-a4c34ed1f6da(uuid1740)
сент. 16, 2025 8:21:57 PM webapp.storage.AbstractStorage save
INFO: &amp#27;[32mSave e1f3de4b-25c5-4733-be9f-306c027f3a20(uuid1741)
сент. 16, 2025 8:21:57 PM webapp.storage.AbstractStorage save
INFO: &amp#27;[32mSave 89b483d3-215b-462f-83c0-9212396af485(uuid1742)
сент. 16, 2025 8:21:57 PM webapp.storage.AbstractStorage save
INFO: &amp#27;[32mSave 0f94d8c2-a49d-41da-8372-5a4b290a9a73(uuid1743)
сент. 16, 2025 8:21:57 PM webapp.storage.AbstractStorage save
INFO: &amp#27;[32mSave 44d5bcee-2461-409a-9b7e-13a3f68b079f(uuid1744)
сент. 16, 2025 8:21:57 PM webapp.storage.AbstractStorage save
INFO: &amp#27;[32mSave 6ab82593-f7d1-4085-80cd-a1c8037644ca(uuid1745)
сент. 16, 2025 8:21:57 PM webapp.storage.AbstractStorage save
INFO: &amp#27;[32mSave 03df14ea-de90-42d8-8276-a2e66e996473(uuid1746)
сент. 16, 2025 8:21:57 PM webapp.storage.AbstractStorage save
INFO: &amp#27;[32mSave 61f18d1d-7f0c-4b71-aa31-7f6cd9f11fa7(uuid1747)
сент. 16, 2025 8:21:57 PM webapp.storage.AbstractStorage save
INFO: &amp#27;[32mSave 9641e68e-87a4-4870-a63b-9b2d138c1e55(uuid1748)
сент. 16, 2025 8:21:57 PM webapp.storage.AbstractStorage save
INFO: &amp#27;[32mSave ceff46d8-fd80-4850-a00f-d8436dbdf492(uuid1749)
сент. 16, 2025 8:21:57 PM webapp.storage.AbstractStorage save
INFO: &amp#27;[32mSave 7e778d28-0ac8-4181-9826-e7d15ed536aa(uuid1750)
сент. 16, 2025 8:21:57 PM webapp.storage.AbstractStorage save
INFO: &amp#27;[32mSave 9ab7a388-ef2d-48d9-bec9-8a15fd4a7ec7(uuid1751)
сент. 16, 2025 8:21:57 PM webapp.storage.AbstractStorage save
INFO: &amp#27;[32mSave 1a51b295-6f71-4ecb-8f2b-f20499700dd7(uuid1752)
сент. 16, 2025 8:21:57 PM webapp.storage.AbstractStorage save
INFO: &amp#27;[32mSave bf5f0e5b-46f1-4621-9884-cb15090111b0(uuid1753)
сент. 16, 2025 8:21:57 PM webapp.storage.AbstractStorage save
INFO: &amp#27;[32mSave f163566b-eb95-42eb-bb3b-510c3423ec7e(uuid1754)
сент. 16, 2025 8:21:57 PM webapp.storage.AbstractStorage save
INFO: &amp#27;[32mSave 9637803f-6ae4-40aa-91a7-e90c7367fd0e(uuid1755)
сент. 16, 2025 8:21:57 PM webapp.storage.AbstractStorage save
INFO: &amp#27;[32mSave 7be4baf9-50ab-4d82-88b3-46553bb00ebf(uuid1756)
сент. 16, 2025 8:21:57 PM webapp.storage.AbstractStorage save
INFO: &amp#27;[32mSave c22064bb-07c7-4a18-95d1-d49c58462cff(uuid1757)
сент. 16, 2025 8:21:57 PM webapp.storage.AbstractStorage save
INFO: &amp#27;[32mSave 0695b976-a606-497a-8ef3-11ee5cadb002(uuid1758)
сент. 16, 2025 8:21:57 PM webapp.storage.AbstractStorage save
INFO: &amp#27;[32mSave 4c955ee1-4251-43c9-a738-617c3fc26619(uuid1759)
сент. 16, 2025 8:21:57 PM webapp.storage.AbstractStorage save
INFO: &amp#27;[32mSave 076444a5-0b06-43d6-aed5-0c92b844cf78(uuid1760)
сент. 16, 2025 8:21:57 PM webapp.storage.AbstractStorage save
INFO: &amp#27;[32mSave da701e3d-8e7a-4515-8255-1072538fc481(uuid1761)
сент. 16, 2025 8:21:57 PM webapp.storage.AbstractStorage save
INFO: &amp#27;[32mSave 2464d4a2-d800-4f13-9025-9ccc785f1b28(uuid1762)
сент. 16, 2025 8:21:57 PM webapp.storage.AbstractStorage save
INFO: &amp#27;[32mSave f76066ed-ea28-418a-a2c7-80fab142718f(uuid1763)
сент. 16, 2025 8:21:57 PM webapp.storage.AbstractStorage save
INFO: &amp#27;[32mSave e91c1ffd-f377-4dc2-9354-ff4c37a25725(uuid1764)
сент. 16, 2025 8:21:57 PM webapp.storage.AbstractStorage save
INFO: &amp#27;[32mSave 28d6d0af-b037-4e27-a8e8-e7a34e3f64ef(uuid1765)
сент. 16, 2025 8:21:57 PM webapp.storage.AbstractStorage save
INFO: &amp#27;[32mSave 43ce95ae-4de0-4e41-8f77-5664ca53df7e(uuid1766)
сент. 16, 2025 8:21:57 PM webapp.storage.AbstractStorage save
INFO: &amp#27;[32mSave b8e0f210-aa0e-45db-9402-99aa336a542d(uuid1767)
сент. 16, 2025 8:21:57 PM webapp.storage.AbstractStorage save
INFO: &amp#27;[32mSave d2e3d56d-98ee-4e92-b4a9-0b1c04116457(uuid1768)
сент. 16, 2025 8:21:57 PM webapp.storage.AbstractStorage save
INFO: &amp#27;[32mSave cd9babad-42a1-498e-afb8-e4773a6d212f(uuid1769)
сент. 16, 2025 8:21:57 PM webapp.storage.AbstractStorage save
INFO: &amp#27;[32mSave 147f622c-df23-4da8-94e0-0bdbfefe5251(uuid1770)
сент. 16, 2025 8:21:57 PM webapp.storage.AbstractStorage save
INFO: &amp#27;[32mSave c24e5f0f-54de-4de7-9532-9f993f8f1268(uuid1771)
сент. 16, 2025 8:21:57 PM webapp.storage.AbstractStorage save
INFO: &amp#27;[32mSave 8ca4c8f0-f59e-4cdb-87c4-7647d004e30b(uuid1772)
сент. 16, 2025 8:21:57 PM webapp.storage.AbstractStorage save
INFO: &amp#27;[32mSave 4cd45a77-cd31-444b-ab41-5559c2f7d399(uuid1773)
сент. 16, 2025 8:21:57 PM webapp.storage.AbstractStorage save
INFO: &amp#27;[32mSave 73ad44c3-52e8-4321-b0bc-89a52524949b(uuid1774)
сент. 16, 2025 8:21:57 PM webapp.storage.AbstractStorage save
INFO: &amp#27;[32mSave b0ab6852-be62-48b4-8053-d40dbcc8ae00(uuid1775)
сент. 16, 2025 8:21:57 PM webapp.storage.AbstractStorage save
INFO: &amp#27;[32mSave c5ee88b7-c00f-416d-bc52-7d3607668789(uuid1776)
сент. 16, 2025 8:21:57 PM webapp.storage.AbstractStorage save
INFO: &amp#27;[32mSave 8d7cb48c-c7bc-49e6-a60a-cdd9c2d9d8ea(uuid1777)
сент. 16, 2025 8:21:57 PM webapp.storage.AbstractStorage save
INFO: &amp#27;[32mSave 7561e71d-8b0c-44d8-a842-05a25246db84(uuid1778)
сент. 16, 2025 8:21:57 PM webapp.storage.AbstractStorage save
INFO: &amp#27;[32mSave 194622d8-5845-4e34-881d-638ae77a3990(uuid1779)
сент. 16, 2025 8:21:57 PM webapp.storage.AbstractStorage save
INFO: &amp#27;[32mSave 93bb8860-24a5-44fb-82b2-b613e7308e20(uuid1780)
сент. 16, 2025 8:21:57 PM webapp.storage.AbstractStorage save
INFO: &amp#27;[32mSave 4f1c9186-acff-4c51-8d5a-33bd13f2b903(uuid1781)
сент. 16, 2025 8:21:57 PM webapp.storage.AbstractStorage save
INFO: &amp#27;[32mSave ad2096e1-c65c-4038-9b1b-12ba788464f4(uuid1782)
сент. 16, 2025 8:21:57 PM webapp.storage.AbstractStorage save
INFO: &amp#27;[32mSave 71885837-62f6-4022-ad82-af9a57a31188(uuid1783)
сент. 16, 2025 8:21:57 PM webapp.storage.AbstractStorage save
INFO: &amp#27;[32mSave b8a95566-216a-452b-8338-320e9a22f448(uuid1784)
сент. 16, 2025 8:21:57 PM webapp.storage.AbstractStorage save
INFO: &amp#27;[32mSave 6e3d9e57-904c-408b-ad90-42cb9211eabc(uuid1785)
сент. 16, 2025 8:21:57 PM webapp.storage.AbstractStorage save
INFO: &amp#27;[32mSave 44f09563-1f03-4af2-88c1-beb35313e370(uuid1786)
сент. 16, 2025 8:21:57 PM webapp.storage.AbstractStorage save
INFO: &amp#27;[32mSave 8a1631cc-87ee-4910-824a-c38504147beb(uuid1787)
сент. 16, 2025 8:21:57 PM webapp.storage.AbstractStorage save
INFO: &amp#27;[32mSave 198f64ea-5f93-4941-a33a-44a52c6738b7(uuid1788)
сент. 16, 2025 8:21:57 PM webapp.storage.AbstractStorage save
INFO: &amp#27;[32mSave 0d76d1fb-3342-442f-9d94-75247ddf9cd0(uuid1789)
сент. 16, 2025 8:21:57 PM webapp.storage.AbstractStorage save
INFO: &amp#27;[32mSave c6762050-ef69-4cd8-9b80-41454da65fcf(uuid1790)
сент. 16, 2025 8:21:57 PM webapp.storage.AbstractStorage save
INFO: &amp#27;[32mSave a7a70408-c66b-4f25-88f7-6aee475486c9(uuid1791)
сент. 16, 2025 8:21:57 PM webapp.storage.AbstractStorage save
INFO: &amp#27;[32mSave 1a55af81-ba39-4d61-99d9-837fa35b59f4(uuid1792)
сент. 16, 2025 8:21:57 PM webapp.storage.AbstractStorage save
INFO: &amp#27;[32mSave 45223639-6780-497a-bffc-b4a7ed754a27(uuid1793)
сент. 16, 2025 8:21:57 PM webapp.storage.AbstractStorage save
INFO: &amp#27;[32mSave f0c4d60e-e952-4160-bcb4-d34ff7b7b5d9(uuid1794)
сент. 16, 2025 8:21:57 PM webapp.storage.AbstractStorage save
INFO: &amp#27;[32mSave 4232e257-9a1e-458e-8f8f-534586dc0734(uuid1795)
сент. 16, 2025 8:21:57 PM webapp.storage.AbstractStorage save
INFO: &amp#27;[32mSave 4ace21ec-35bf-4376-962d-748f1b411c01(uuid1796)
сент. 16, 2025 8:21:57 PM webapp.storage.AbstractStorage save
INFO: &amp#27;[32mSave 8a522e83-5dc9-4c5d-9d65-83315b661d86(uuid1797)
сент. 16, 2025 8:21:57 PM webapp.storage.AbstractStorage save
INFO: &amp#27;[32mSave 60415bdf-b55e-4f39-826b-12f06bd5cbef(uuid1798)
сент. 16, 2025 8:21:57 PM webapp.storage.AbstractStorage save
INFO: &amp#27;[32mSave 655ffcbd-aa23-44ab-b68b-4332867f1a9e(uuid1799)
сент. 16, 2025 8:21:57 PM webapp.storage.AbstractStorage save
INFO: &amp#27;[32mSave d7c4353c-297a-4d25-9418-d6c82e8e16c0(uuid1800)
сент. 16, 2025 8:21:57 PM webapp.storage.AbstractStorage save
INFO: &amp#27;[32mSave 1072683f-25ac-43d6-80ac-e75ba7f4c60f(uuid1801)
сент. 16, 2025 8:21:57 PM webapp.storage.AbstractStorage save
INFO: &amp#27;[32mSave 745b94a9-49f3-4615-b9e5-54726cf9a562(uuid1802)
сент. 16, 2025 8:21:57 PM webapp.storage.AbstractStorage save
INFO: &amp#27;[32mSave 797afc9f-f64b-42f1-a7ab-6087c84c6101(uuid1803)
сент. 16, 2025 8:21:57 PM webapp.storage.AbstractStorage save
INFO: &amp#27;[32mSave bc26d557-22cb-4ab9-b9b6-38912cc1ca9f(uuid1804)
сент. 16, 2025 8:21:57 PM webapp.storage.AbstractStorage save
INFO: &amp#27;[32mSave b87f4ea5-960e-4a2d-8702-29c03c02cda5(uuid1805)
сент. 16, 2025 8:21:57 PM webapp.storage.AbstractStorage save
INFO: &amp#27;[32mSave a48467c4-3f9c-42ea-a993-9ca6f4b35ed1(uuid1806)
сент. 16, 2025 8:21:57 PM webapp.storage.AbstractStorage save
INFO: &amp#27;[32mSave 4c46dcbc-c40d-44a6-bfdf-7db0b086ad3b(uuid1807)
сент. 16, 2025 8:21:57 PM webapp.storage.AbstractStorage save
INFO: &amp#27;[32mSave 8656680f-a725-4474-a7a9-b237aafd2dda(uuid1808)
сент. 16, 2025 8:21:57 PM webapp.storage.AbstractStorage save
INFO: &amp#27;[32mSave d3dc73e4-4bec-4b9f-b241-2428694de452(uuid1809)
сент. 16, 2025 8:21:57 PM webapp.storage.AbstractStorage save
INFO: &amp#27;[32mSave ce67fae5-510b-447f-9a2d-87a32029343f(uuid1810)
сент. 16, 2025 8:21:57 PM webapp.storage.AbstractStorage save
INFO: &amp#27;[32mSave 9304519d-e5ce-46a8-96c6-c93b6f095fa8(uuid1811)
сент. 16, 2025 8:21:57 PM webapp.storage.AbstractStorage save
INFO: &amp#27;[32mSave 85dd3399-ea5c-40f7-85ef-cc7df86b8ce8(uuid1812)
сент. 16, 2025 8:21:57 PM webapp.storage.AbstractStorage save
INFO: &amp#27;[32mSave 8e545b66-9f51-4bfd-8ef8-bfbc53414cad(uuid1813)
сент. 16, 2025 8:21:57 PM webapp.storage.AbstractStorage save
INFO: &amp#27;[32mSave 7c9a2241-de0c-4bd9-b00b-46021f1ac1de(uuid1814)
сент. 16, 2025 8:21:57 PM webapp.storage.AbstractStorage save
INFO: &amp#27;[32mSave eb1597b2-c6c1-4f12-85b8-97a59850b2e7(uuid1815)
сент. 16, 2025 8:21:57 PM webapp.storage.AbstractStorage save
INFO: &amp#27;[32mSave eb1f6e03-ed62-4fe0-9311-f695c1a50fec(uuid1816)
сент. 16, 2025 8:21:57 PM webapp.storage.AbstractStorage save
INFO: &amp#27;[32mSave 2acf3057-4073-4d87-83c3-69e64be256c8(uuid1817)
сент. 16, 2025 8:21:57 PM webapp.storage.AbstractStorage save
INFO: &amp#27;[32mSave 027e3c6f-ca9f-4488-9628-f2d7edb4bb6d(uuid1818)
сент. 16, 2025 8:21:57 PM webapp.storage.AbstractStorage save
INFO: &amp#27;[32mSave 3745d82f-ce07-403d-a8db-dc5fafe79a0b(uuid1819)
сент. 16, 2025 8:21:57 PM webapp.storage.AbstractStorage save
INFO: &amp#27;[32mSave c3607ec2-7698-43e0-befb-b702d34883f3(uuid1820)
сент. 16, 2025 8:21:57 PM webapp.storage.AbstractStorage save
INFO: &amp#27;[32mSave 608a52ab-a8d3-4c52-a59b-d4904a3c6e12(uuid1821)
сент. 16, 2025 8:21:57 PM webapp.storage.AbstractStorage save
INFO: &amp#27;[32mSave 320f0f67-4042-4df5-8ab6-e6d3159c2319(uuid1822)
сент. 16, 2025 8:21:57 PM webapp.storage.AbstractStorage save
INFO: &amp#27;[32mSave e0c02c69-77d9-44ed-82fc-90de380b52b2(uuid1823)
сент. 16, 2025 8:21:57 PM webapp.storage.AbstractStorage save
INFO: &amp#27;[32mSave 6bed095c-03de-4862-bd5c-009d31f263a6(uuid1824)
сент. 16, 2025 8:21:57 PM webapp.storage.AbstractStorage save
INFO: &amp#27;[32mSave 0d80913b-e699-4967-b041-01fc9f58ec18(uuid1825)
сент. 16, 2025 8:21:57 PM webapp.storage.AbstractStorage save
INFO: &amp#27;[32mSave e3c60380-847b-4b8e-9664-9d60463ffca6(uuid1826)
сент. 16, 2025 8:21:57 PM webapp.storage.AbstractStorage save
INFO: &amp#27;[32mSave 5e3d06ae-f771-4de1-9781-f3b80fe8df94(uuid1827)
сент. 16, 2025 8:21:57 PM webapp.storage.AbstractStorage save
INFO: &amp#27;[32mSave a04ad395-3187-4e6b-b025-b8a9b8ac6eb3(uuid1828)
сент. 16, 2025 8:21:57 PM webapp.storage.AbstractStorage save
INFO: &amp#27;[32mSave 86f839c8-65cf-4562-9069-4e7933bed550(uuid1829)
сент. 16, 2025 8:21:57 PM webapp.storage.AbstractStorage save
INFO: &amp#27;[32mSave dd5abbea-d69f-473a-bc0f-13abfda6ccf8(uuid1830)
сент. 16, 2025 8:21:57 PM webapp.storage.AbstractStorage save
INFO: &amp#27;[32mSave 48ea565a-15b2-45d7-90a5-ededcd4842ce(uuid1831)
сент. 16, 2025 8:21:57 PM webapp.storage.AbstractStorage save
INFO: &amp#27;[32mSave a4349b81-c769-497a-9389-c6f039ad452b(uuid1832)
сент. 16, 2025 8:21:57 PM webapp.storage.AbstractStorage save
INFO: &amp#27;[32mSave 9ebcfea0-a6c5-40df-9122-91cb600a6e30(uuid1833)
сент. 16, 2025 8:21:57 PM webapp.storage.AbstractStorage save
INFO: &amp#27;[32mSave 97089449-8060-4381-8e19-ec13c2b906da(uuid1834)
сент. 16, 2025 8:21:57 PM webapp.storage.AbstractStorage save
INFO: &amp#27;[32mSave 25c9f3d4-4fe5-4f02-8165-0cea3c8e9dba(uuid1835)
сент. 16, 2025 8:21:57 PM webapp.storage.AbstractStorage save
INFO: &amp#27;[32mSave a9df4619-9a14-4561-8ddf-9f66d9321c6b(uuid1836)
сент. 16, 2025 8:21:57 PM webapp.storage.AbstractStorage save
INFO: &amp#27;[32mSave de81b304-d7e6-44cd-a8c3-21f4f7e7d915(uuid1837)
сент. 16, 2025 8:21:57 PM webapp.storage.AbstractStorage save
INFO: &amp#27;[32mSave e902e110-b7f8-4d72-9171-cd4ce1344ec1(uuid1838)
сент. 16, 2025 8:21:57 PM webapp.storage.AbstractStorage save
INFO: &amp#27;[32mSave 89d7e34b-10ec-40c4-94fb-310a291f5a65(uuid1839)
сент. 16, 2025 8:21:57 PM webapp.storage.AbstractStorage save
INFO: &amp#27;[32mSave 2f5f646b-79d4-4b74-81d6-ccdef66b686a(uuid1840)
сент. 16, 2025 8:21:57 PM webapp.storage.AbstractStorage save
INFO: &amp#27;[32mSave 45c698d2-1d0f-4ecc-acf8-4da97de1f18e(uuid1841)
сент. 16, 2025 8:21:57 PM webapp.storage.AbstractStorage save
INFO: &amp#27;[32mSave b830852e-babf-4d95-b3b9-71457a02b6c6(uuid1842)
сент. 16, 2025 8:21:57 PM webapp.storage.AbstractStorage save
INFO: &amp#27;[32mSave 2970db15-d3e6-4c96-bbd7-9478a0788d24(uuid1843)
сент. 16, 2025 8:21:57 PM webapp.storage.AbstractStorage save
INFO: &amp#27;[32mSave dc75a8f5-7f74-418a-96e8-5a974d4b5b29(uuid1844)
сент. 16, 2025 8:21:57 PM webapp.storage.AbstractStorage save
INFO: &amp#27;[32mSave 175bd7b1-7c4c-4854-9434-b2a4c6570f79(uuid1845)
сент. 16, 2025 8:21:57 PM webapp.storage.AbstractStorage save
INFO: &amp#27;[32mSave 05375713-253e-46ed-a806-eb6e76600b1c(uuid1846)
сент. 16, 2025 8:21:57 PM webapp.storage.AbstractStorage save
INFO: &amp#27;[32mSave 8b26a6fc-9050-4049-86b8-f39dad80328f(uuid1847)
сент. 16, 2025 8:21:57 PM webapp.storage.AbstractStorage save
INFO: &amp#27;[32mSave 79cf819f-4faa-4c92-b049-f139f6ff2637(uuid1848)
сент. 16, 2025 8:21:57 PM webapp.storage.AbstractStorage save
INFO: &amp#27;[32mSave 1d2b6361-d6fa-4707-a9c8-bfae9e067539(uuid1849)
сент. 16, 2025 8:21:57 PM webapp.storage.AbstractStorage save
INFO: &amp#27;[32mSave 195e152b-cc0d-401c-a90a-59930bb8f056(uuid1850)
сент. 16, 2025 8:21:57 PM webapp.storage.AbstractStorage save
INFO: &amp#27;[32mSave ac517829-9fe7-4a07-9e10-18e36df7f8fd(uuid1851)
сент. 16, 2025 8:21:57 PM webapp.storage.AbstractStorage save
INFO: &amp#27;[32mSave c2e6bcad-ff19-4924-ad97-f275c0c19fc5(uuid1852)
сент. 16, 2025 8:21:57 PM webapp.storage.AbstractStorage save
INFO: &amp#27;[32mSave ea5a59ec-aff3-470f-8509-230a2a0440c2(uuid1853)
сент. 16, 2025 8:21:57 PM webapp.storage.AbstractStorage save
INFO: &amp#27;[32mSave 8822e7f1-76a9-4001-b942-248181b19887(uuid1854)
сент. 16, 2025 8:21:57 PM webapp.storage.AbstractStorage save
INFO: &amp#27;[32mSave c88aa74d-1fe1-4ef4-9f96-1d163be4fa29(uuid1855)
сент. 16, 2025 8:21:57 PM webapp.storage.AbstractStorage save
INFO: &amp#27;[32mSave 2f25b7da-1725-4988-867a-8c55db5a656c(uuid1856)
сент. 16, 2025 8:21:57 PM webapp.storage.AbstractStorage save
INFO: &amp#27;[32mSave 0087ab80-fa8d-4d4b-b5c6-e5ee4e6047f5(uuid1857)
сент. 16, 2025 8:21:57 PM webapp.storage.AbstractStorage save
INFO: &amp#27;[32mSave d48257e2-f2be-4514-822e-01db77aaa232(uuid1858)
сент. 16, 2025 8:21:57 PM webapp.storage.AbstractStorage save
INFO: &amp#27;[32mSave 25f5d4da-35de-4748-99f4-c69b6883e2d3(uuid1859)
сент. 16, 2025 8:21:57 PM webapp.storage.AbstractStorage save
INFO: &amp#27;[32mSave d8d58aba-ba85-4fdc-8b54-bb24e5c5ddbd(uuid1860)
сент. 16, 2025 8:21:57 PM webapp.storage.AbstractStorage save
INFO: &amp#27;[32mSave bfaa86f8-3c8e-4fe0-9f66-4c0c9445d52d(uuid1861)
сент. 16, 2025 8:21:57 PM webapp.storage.AbstractStorage save
INFO: &amp#27;[32mSave b0fb6bf6-6284-449f-9b47-3d9f678ff80f(uuid1862)
сент. 16, 2025 8:21:57 PM webapp.storage.AbstractStorage save
INFO: &amp#27;[32mSave fc34205b-b392-4c90-8270-1f098ff740d3(uuid1863)
сент. 16, 2025 8:21:57 PM webapp.storage.AbstractStorage save
INFO: &amp#27;[32mSave 298e6f71-eb17-41c6-89e2-8c91132d9adb(uuid1864)
сент. 16, 2025 8:21:57 PM webapp.storage.AbstractStorage save
INFO: &amp#27;[32mSave ae380ccc-a34f-44e2-bb4c-fd06157e1120(uuid1865)
сент. 16, 2025 8:21:57 PM webapp.storage.AbstractStorage save
INFO: &amp#27;[32mSave e8a4b4b1-e158-4fe1-800d-b5941044a938(uuid1866)
сент. 16, 2025 8:21:57 PM webapp.storage.AbstractStorage save
INFO: &amp#27;[32mSave 17cce43e-1a36-4a03-99ee-97fe49102ca8(uuid1867)
сент. 16, 2025 8:21:57 PM webapp.storage.AbstractStorage save
INFO: &amp#27;[32mSave f9c852c0-4b2b-46e5-b0fe-dc4c6616485c(uuid1868)
сент. 16, 2025 8:21:57 PM webapp.storage.AbstractStorage save
INFO: &amp#27;[32mSave 8487afaa-ea55-4f0a-ade8-eb7487d120e7(uuid1869)
сент. 16, 2025 8:21:57 PM webapp.storage.AbstractStorage save
INFO: &amp#27;[32mSave da62125b-2cfb-4c19-bc51-eba348b67365(uuid1870)
сент. 16, 2025 8:21:57 PM webapp.storage.AbstractStorage save
INFO: &amp#27;[32mSave bfc9ff88-c04d-4d9b-b3db-f8f08943a392(uuid1871)
сент. 16, 2025 8:21:57 PM webapp.storage.AbstractStorage save
INFO: &amp#27;[32mSave d33582e1-6970-4c65-b67d-e5e464c8f10d(uuid1872)
сент. 16, 2025 8:21:57 PM webapp.storage.AbstractStorage save
INFO: &amp#27;[32mSave 7d8771d4-21bf-41fb-b728-f1e76c9f090d(uuid1873)
сент. 16, 2025 8:21:57 PM webapp.storage.AbstractStorage save
INFO: &amp#27;[32mSave 88aed97d-5eb5-4fe6-9084-f67d1e083f5d(uuid1874)
сент. 16, 2025 8:21:57 PM webapp.storage.AbstractStorage save
INFO: &amp#27;[32mSave 64c83e61-bbbc-4443-8001-9b376de239de(uuid1875)
сент. 16, 2025 8:21:57 PM webapp.storage.AbstractStorage save
INFO: &amp#27;[32mSave 8e4b1b07-25b8-4f74-9da5-0601ca716e0b(uuid1876)
сент. 16, 2025 8:21:57 PM webapp.storage.AbstractStorage save
INFO: &amp#27;[32mSave 2fff36fd-de95-4a6b-a327-ac940bfb641a(uuid1877)
сент. 16, 2025 8:21:57 PM webapp.storage.AbstractStorage save
INFO: &amp#27;[32mSave d1d17fc5-f118-4c07-927b-592fb27c8ace(uuid1878)
сент. 16, 2025 8:21:57 PM webapp.storage.AbstractStorage save
INFO: &amp#27;[32mSave fd53cd77-4a55-4f49-af39-17b160e6a93e(uuid1879)
сент. 16, 2025 8:21:57 PM webapp.storage.AbstractStorage save
INFO: &amp#27;[32mSave 904117bb-cd52-4c06-b4db-406d5b84f2dd(uuid1880)
сент. 16, 2025 8:21:57 PM webapp.storage.AbstractStorage save
INFO: &amp#27;[32mSave 178d2220-5f6c-40ea-80a0-246002bb85db(uuid1881)
сент. 16, 2025 8:21:57 PM webapp.storage.AbstractStorage save
INFO: &amp#27;[32mSave 0c0dd146-7704-459b-8f27-594c56485f9d(uuid1882)
сент. 16, 2025 8:21:57 PM webapp.storage.AbstractStorage save
INFO: &amp#27;[32mSave 35464f87-98bb-4613-a925-a40b0fd61709(uuid1883)
сент. 16, 2025 8:21:57 PM webapp.storage.AbstractStorage save
INFO: &amp#27;[32mSave 727fd1ce-ea31-470c-812b-3e2b814c670b(uuid1884)
сент. 16, 2025 8:21:57 PM webapp.storage.AbstractStorage save
INFO: &amp#27;[32mSave 8dde3371-bdd4-4e33-85ae-7a4f9c366b4d(uuid1885)
сент. 16, 2025 8:21:57 PM webapp.storage.AbstractStorage save
INFO: &amp#27;[32mSave bf01227d-b999-4f6f-9a78-49f0c13be700(uuid1886)
сент. 16, 2025 8:21:57 PM webapp.storage.AbstractStorage save
INFO: &amp#27;[32mSave 0f00f049-7fea-47a4-83f4-35791b364ff4(uuid1887)
сент. 16, 2025 8:21:57 PM webapp.storage.AbstractStorage save
INFO: &amp#27;[32mSave 9d34b3ce-c2ae-4959-90be-b014f748c3e0(uuid1888)
сент. 16, 2025 8:21:57 PM webapp.storage.AbstractStorage save
INFO: &amp#27;[32mSave b9653211-17a2-4f86-bd40-1a1e6a2e193d(uuid1889)
сент. 16, 2025 8:21:57 PM webapp.storage.AbstractStorage save
INFO: &amp#27;[32mSave ddc7c534-0f6d-4d63-9003-6fb1e33b09be(uuid1890)
сент. 16, 2025 8:21:57 PM webapp.storage.AbstractStorage save
INFO: &amp#27;[32mSave fdaa445d-7e52-4f31-b78a-fda1c641f59a(uuid1891)
сент. 16, 2025 8:21:57 PM webapp.storage.AbstractStorage save
INFO: &amp#27;[32mSave 7fe94d5e-fc95-4b34-aa2e-bf3cce62f68a(uuid1892)
сент. 16, 2025 8:21:57 PM webapp.storage.AbstractStorage save
INFO: &amp#27;[32mSave 408da2d6-f49b-4a16-85f2-eaa602f57d5b(uuid1893)
сент. 16, 2025 8:21:57 PM webapp.storage.AbstractStorage save
INFO: &amp#27;[32mSave 2c2e0355-f940-44de-83ef-ad07fb59a9b3(uuid1894)
сент. 16, 2025 8:21:57 PM webapp.storage.AbstractStorage save
INFO: &amp#27;[32mSave 38f18fe8-5d72-41d8-805e-d3530e0e2001(uuid1895)
сент. 16, 2025 8:21:57 PM webapp.storage.AbstractStorage save
INFO: &amp#27;[32mSave 6887f314-39b1-4653-9c6f-15cc336b5f1a(uuid1896)
сент. 16, 2025 8:21:57 PM webapp.storage.AbstractStorage save
INFO: &amp#27;[32mSave afb5ff83-cdd1-4cbf-9c04-2240747032c0(uuid1897)
сент. 16, 2025 8:21:57 PM webapp.storage.AbstractStorage save
INFO: &amp#27;[32mSave a62808e2-6c07-442f-b6fd-2c1a91d816bb(uuid1898)
сент. 16, 2025 8:21:57 PM webapp.storage.AbstractStorage save
INFO: &amp#27;[32mSave a7d158b9-1cfa-48fd-9329-0f2cd4acfb85(uuid1899)
сент. 16, 2025 8:21:57 PM webapp.storage.AbstractStorage save
INFO: &amp#27;[32mSave 7cdc7631-d70c-4316-b522-5404d52c1a3e(uuid1900)
сент. 16, 2025 8:21:57 PM webapp.storage.AbstractStorage save
INFO: &amp#27;[32mSave f8e500e7-eafe-41d2-a751-27f0dd103528(uuid1901)
сент. 16, 2025 8:21:57 PM webapp.storage.AbstractStorage save
INFO: &amp#27;[32mSave 45d47c85-d3ee-4bab-8472-2df7ea28f3c7(uuid1902)
сент. 16, 2025 8:21:57 PM webapp.storage.AbstractStorage save
INFO: &amp#27;[32mSave 538dd8e1-354e-4fda-b4fd-71fb61866da3(uuid1903)
сент. 16, 2025 8:21:57 PM webapp.storage.AbstractStorage save
INFO: &amp#27;[32mSave 76e462a7-8434-48a0-9059-3c86d31f5da4(uuid1904)
сент. 16, 2025 8:21:57 PM webapp.storage.AbstractStorage save
INFO: &amp#27;[32mSave ca21ef98-92fc-4d0b-8e07-46a9fb973053(uuid1905)
сент. 16, 2025 8:21:57 PM webapp.storage.AbstractStorage save
INFO: &amp#27;[32mSave 776988eb-9ab4-40d1-a8c1-a2b212776566(uuid1906)
сент. 16, 2025 8:21:57 PM webapp.storage.AbstractStorage save
INFO: &amp#27;[32mSave 3006bc05-9cfc-4cb3-ae1b-62d8bb617ffd(uuid1907)
сент. 16, 2025 8:21:57 PM webapp.storage.AbstractStorage save
INFO: &amp#27;[32mSave 6f1ce5fe-6553-4807-9229-b96cd7571da7(uuid1908)
сент. 16, 2025 8:21:57 PM webapp.storage.AbstractStorage save
INFO: &amp#27;[32mSave 21c7b31a-3bdf-492d-bd00-bd92dc8a6998(uuid1909)
сент. 16, 2025 8:21:57 PM webapp.storage.AbstractStorage save
INFO: &amp#27;[32mSave adb68076-0faf-4917-bbe4-6f2d1ae4ec39(uuid1910)
сент. 16, 2025 8:21:57 PM webapp.storage.AbstractStorage save
INFO: &amp#27;[32mSave c5bbbaa7-f6a0-4e29-9496-e5c3b8d6611e(uuid1911)
сент. 16, 2025 8:21:57 PM webapp.storage.AbstractStorage save
INFO: &amp#27;[32mSave 23a0f03e-7384-4619-a4a6-de880102b5a4(uuid1912)
сент. 16, 2025 8:21:57 PM webapp.storage.AbstractStorage save
INFO: &amp#27;[32mSave 16a58d4b-e245-4d6c-b965-300a0976fc6b(uuid1913)
сент. 16, 2025 8:21:57 PM webapp.storage.AbstractStorage save
INFO: &amp#27;[32mSave a1ab7d4c-a343-45a8-ad15-037c4233a951(uuid1914)
сент. 16, 2025 8:21:57 PM webapp.storage.AbstractStorage save
INFO: &amp#27;[32mSave d3f51b7b-f596-405e-84c0-3ce240057a84(uuid1915)
сент. 16, 2025 8:21:57 PM webapp.storage.AbstractStorage save
INFO: &amp#27;[32mSave bc7b8d6c-4e68-4b2a-b496-d6593cf726c5(uuid1916)
сент. 16, 2025 8:21:57 PM webapp.storage.AbstractStorage save
INFO: &amp#27;[32mSave c7c730b9-4dc4-45c6-b456-45289d9895d4(uuid1917)
сент. 16, 2025 8:21:57 PM webapp.storage.AbstractStorage save
INFO: &amp#27;[32mSave 998ebeb0-8f8f-4028-8cdf-b8ec53c7d07f(uuid1918)
сент. 16, 2025 8:21:57 PM webapp.storage.AbstractStorage save
INFO: &amp#27;[32mSave fac42645-9081-4617-87d5-3cee387547bb(uuid1919)
сент. 16, 2025 8:21:57 PM webapp.storage.AbstractStorage save
INFO: &amp#27;[32mSave 8ee3ff1d-b158-4807-98d7-aca7739d1378(uuid1920)
сент. 16, 2025 8:21:57 PM webapp.storage.AbstractStorage save
INFO: &amp#27;[32mSave 865f63d9-7423-4fce-bef5-fa285b3dcaff(uuid1921)
сент. 16, 2025 8:21:57 PM webapp.storage.AbstractStorage save
INFO: &amp#27;[32mSave 0f56b49c-c915-4b38-a332-d4e0f7c920c3(uuid1922)
сент. 16, 2025 8:21:57 PM webapp.storage.AbstractStorage save
INFO: &amp#27;[32mSave dd27d5b6-61a6-4e99-a102-d410f3f85956(uuid1923)
сент. 16, 2025 8:21:57 PM webapp.storage.AbstractStorage save
INFO: &amp#27;[32mSave b74fcbe6-f4ef-4990-8710-9f2ac94a99f9(uuid1924)
сент. 16, 2025 8:21:57 PM webapp.storage.AbstractStorage save
INFO: &amp#27;[32mSave a7797dca-9454-4bfe-9ccf-c63b5c3c02ee(uuid1925)
сент. 16, 2025 8:21:57 PM webapp.storage.AbstractStorage save
INFO: &amp#27;[32mSave 09206e7c-6772-4d9c-9e22-1ba1be71bc8c(uuid1926)
сент. 16, 2025 8:21:57 PM webapp.storage.AbstractStorage save
INFO: &amp#27;[32mSave 207321b1-a8aa-44fd-94df-4594c6bde66d(uuid1927)
сент. 16, 2025 8:21:57 PM webapp.storage.AbstractStorage save
INFO: &amp#27;[32mSave e326c9ee-e00a-4708-89b4-52eaeb54d930(uuid1928)
сент. 16, 2025 8:21:57 PM webapp.storage.AbstractStorage save
INFO: &amp#27;[32mSave a7be6a08-9d13-4c10-a2f3-a00301d5f310(uuid1929)
сент. 16, 2025 8:21:57 PM webapp.storage.AbstractStorage save
INFO: &amp#27;[32mSave 08ce7718-30e6-4662-bed3-ddd6c0e5fec2(uuid1930)
сент. 16, 2025 8:21:57 PM webapp.storage.AbstractStorage save
INFO: &amp#27;[32mSave 0f6b7dc3-fa80-4732-93c3-5a4bce4636da(uuid1931)
сент. 16, 2025 8:21:57 PM webapp.storage.AbstractStorage save
INFO: &amp#27;[32mSave 7d2081ad-07c9-434e-a5ac-f92d9e6d9ac3(uuid1932)
сент. 16, 2025 8:21:57 PM webapp.storage.AbstractStorage save
INFO: &amp#27;[32mSave 6a745579-ab20-4bfe-8df5-8a39ca9ff194(uuid1933)
сент. 16, 2025 8:21:57 PM webapp.storage.AbstractStorage save
INFO: &amp#27;[32mSave 588f9002-5c14-4c18-ac83-05461da5a33f(uuid1934)
сент. 16, 2025 8:21:57 PM webapp.storage.AbstractStorage save
INFO: &amp#27;[32mSave 4d6f633c-b281-41ac-9c3d-675478a5f144(uuid1935)
сент. 16, 2025 8:21:57 PM webapp.storage.AbstractStorage save
INFO: &amp#27;[32mSave 05114504-7665-48bf-9673-aa31aff9fdc0(uuid1936)
сент. 16, 2025 8:21:57 PM webapp.storage.AbstractStorage save
INFO: &amp#27;[32mSave 489f460b-e756-44ed-80bb-171a2bf68cfa(uuid1937)
сент. 16, 2025 8:21:57 PM webapp.storage.AbstractStorage save
INFO: &amp#27;[32mSave ac716a23-33bd-4bd9-997a-3c6980b935ef(uuid1938)
сент. 16, 2025 8:21:57 PM webapp.storage.AbstractStorage save
INFO: &amp#27;[32mSave c8a788db-5cec-4abe-8baa-eac3f83421f8(uuid1939)
сент. 16, 2025 8:21:57 PM webapp.storage.AbstractStorage save
INFO: &amp#27;[32mSave d64b4e1f-5800-4c22-87fa-1c774e869b30(uuid1940)
сент. 16, 2025 8:21:57 PM webapp.storage.AbstractStorage save
INFO: &amp#27;[32mSave 178304a8-d32b-49ad-8659-657cb2618422(uuid1941)
сент. 16, 2025 8:21:57 PM webapp.storage.AbstractStorage save
INFO: &amp#27;[32mSave a274b70e-39e0-42e5-805a-296bbd64e696(uuid1942)
сент. 16, 2025 8:21:57 PM webapp.storage.AbstractStorage save
INFO: &amp#27;[32mSave 15bf311a-e952-4bcb-a146-9d331bbf11a9(uuid1943)
сент. 16, 2025 8:21:57 PM webapp.storage.AbstractStorage save
INFO: &amp#27;[32mSave 2f0163ac-631d-4301-9a1a-f1f9870a1726(uuid1944)
сент. 16, 2025 8:21:57 PM webapp.storage.AbstractStorage save
INFO: &amp#27;[32mSave ae8dd17a-fcae-4abe-82b9-c993e443c04b(uuid1945)
сент. 16, 2025 8:21:57 PM webapp.storage.AbstractStorage save
INFO: &amp#27;[32mSave 6da34d8c-21c0-4b58-9a7c-5aeecf81297b(uuid1946)
сент. 16, 2025 8:21:57 PM webapp.storage.AbstractStorage save
INFO: &amp#27;[32mSave 2cd8b8df-0018-4030-8386-2ad7c681e4f5(uuid1947)
сент. 16, 2025 8:21:57 PM webapp.storage.AbstractStorage save
INFO: &amp#27;[32mSave b8f19cc3-41d3-4e64-a1c5-0f084fa2923b(uuid1948)
сент. 16, 2025 8:21:57 PM webapp.storage.AbstractStorage save
INFO: &amp#27;[32mSave a8f8f297-bd57-4922-9d59-82b8fc053149(uuid1949)
сент. 16, 2025 8:21:57 PM webapp.storage.AbstractStorage save
INFO: &amp#27;[32mSave 97a65182-6ce0-40ec-80d0-0a4216b89990(uuid1950)
сент. 16, 2025 8:21:57 PM webapp.storage.AbstractStorage save
INFO: &amp#27;[32mSave 81efb8cf-64da-4d00-b2c3-441033d729d8(uuid1951)
сент. 16, 2025 8:21:57 PM webapp.storage.AbstractStorage save
INFO: &amp#27;[32mSave 87cc47e6-01a5-4240-9f97-9cbfbb15747d(uuid1952)
сент. 16, 2025 8:21:57 PM webapp.storage.AbstractStorage save
INFO: &amp#27;[32mSave c8eee8ca-d27b-464c-bb2a-32f6ae289f1a(uuid1953)
сент. 16, 2025 8:21:57 PM webapp.storage.AbstractStorage save
INFO: &amp#27;[32mSave a2bb31c2-a472-4550-bcd3-f3a725557e45(uuid1954)
сент. 16, 2025 8:21:57 PM webapp.storage.AbstractStorage save
INFO: &amp#27;[32mSave e0a9d83c-5b42-4f5e-88a4-adfecdfb25ed(uuid1955)
сент. 16, 2025 8:21:57 PM webapp.storage.AbstractStorage save
INFO: &amp#27;[32mSave a2a92466-83de-427c-ad78-1f5ebbaa5add(uuid1956)
сент. 16, 2025 8:21:57 PM webapp.storage.AbstractStorage save
INFO: &amp#27;[32mSave a071dbfe-19af-4c04-be24-32939340537f(uuid1957)
сент. 16, 2025 8:21:57 PM webapp.storage.AbstractStorage save
INFO: &amp#27;[32mSave f1e4600e-b3a4-48f2-a0da-a70cf46827b1(uuid1958)
сент. 16, 2025 8:21:57 PM webapp.storage.AbstractStorage save
INFO: &amp#27;[32mSave c075faff-df3b-46b1-897c-b7c29c4d5a69(uuid1959)
сент. 16, 2025 8:21:57 PM webapp.storage.AbstractStorage save
INFO: &amp#27;[32mSave 7a8d3288-c481-4275-85e6-299421eb292e(uuid1960)
сент. 16, 2025 8:21:57 PM webapp.storage.AbstractStorage save
INFO: &amp#27;[32mSave 31b3eafe-35ee-4f06-9682-b9c9469cc513(uuid1961)
сент. 16, 2025 8:21:57 PM webapp.storage.AbstractStorage save
INFO: &amp#27;[32mSave 8dfb26d8-869b-452b-a346-08dac60533b0(uuid1962)
сент. 16, 2025 8:21:57 PM webapp.storage.AbstractStorage save
INFO: &amp#27;[32mSave 15b69ca5-6bb5-435d-ba21-eef50ce4d4f5(uuid1963)
сент. 16, 2025 8:21:57 PM webapp.storage.AbstractStorage save
INFO: &amp#27;[32mSave 7fa96686-07f3-4d7b-bcbb-4a0070071b55(uuid1964)
сент. 16, 2025 8:21:57 PM webapp.storage.AbstractStorage save
INFO: &amp#27;[32mSave 4d7adc31-69ea-43d7-ad98-31543b27b959(uuid1965)
сент. 16, 2025 8:21:57 PM webapp.storage.AbstractStorage save
INFO: &amp#27;[32mSave f6883df9-0979-4b0d-9690-6d42792e33da(uuid1966)
сент. 16, 2025 8:21:57 PM webapp.storage.AbstractStorage save
INFO: &amp#27;[32mSave 32f4c310-739d-4695-ae14-871791845477(uuid1967)
сент. 16, 2025 8:21:57 PM webapp.storage.AbstractStorage save
INFO: &amp#27;[32mSave 3aeb5606-1467-4e34-8d9d-4cb2fcc47ee4(uuid1968)
сент. 16, 2025 8:21:57 PM webapp.storage.AbstractStorage save
INFO: &amp#27;[32mSave 82deb0e7-eb67-42f3-be34-face8e5b61cc(uuid1969)
сент. 16, 2025 8:21:57 PM webapp.storage.AbstractStorage save
INFO: &amp#27;[32mSave a5f9677d-a296-4790-89dc-5005bbd1f040(uuid1970)
сент. 16, 2025 8:21:57 PM webapp.storage.AbstractStorage save
INFO: &amp#27;[32mSave 9e3cf3c5-47ac-427a-981d-d887633250cf(uuid1971)
сент. 16, 2025 8:21:57 PM webapp.storage.AbstractStorage save
INFO: &amp#27;[32mSave 5dc5ccf8-a6d8-433f-b690-ba53468028a1(uuid1972)
сент. 16, 2025 8:21:57 PM webapp.storage.AbstractStorage save
INFO: &amp#27;[32mSave c6bf0391-df9f-4613-b799-c5e9a851efe2(uuid1973)
сент. 16, 2025 8:21:57 PM webapp.storage.AbstractStorage save
INFO: &amp#27;[32mSave 8883ad25-b24c-45d0-819c-9028badf630f(uuid1974)
сент. 16, 2025 8:21:57 PM webapp.storage.AbstractStorage save
INFO: &amp#27;[32mSave 11a216b8-30cb-4f56-81ac-3250106b65af(uuid1975)
сент. 16, 2025 8:21:57 PM webapp.storage.AbstractStorage save
INFO: &amp#27;[32mSave 8f1cb802-0cda-45a9-b0bb-7da66619f775(uuid1976)
сент. 16, 2025 8:21:57 PM webapp.storage.AbstractStorage save
INFO: &amp#27;[32mSave 12f7e418-dd9a-49fc-92af-16af5cb9df80(uuid1977)
сент. 16, 2025 8:21:57 PM webapp.storage.AbstractStorage save
INFO: &amp#27;[32mSave 6636c790-2ee3-4eb2-8e5b-64f004b23506(uuid1978)
сент. 16, 2025 8:21:57 PM webapp.storage.AbstractStorage save
INFO: &amp#27;[32mSave 8ec1d376-a570-4719-bece-bc4839db81b4(uuid1979)
сент. 16, 2025 8:21:57 PM webapp.storage.AbstractStorage save
INFO: &amp#27;[32mSave 1c522663-7352-4e2c-a393-0ea3bd7fbe6e(uuid1980)
сент. 16, 2025 8:21:57 PM webapp.storage.AbstractStorage save
INFO: &amp#27;[32mSave 5e7c712a-a32d-4040-95cd-29204026f61f(uuid1981)
сент. 16, 2025 8:21:57 PM webapp.storage.AbstractStorage save
INFO: &amp#27;[32mSave 00c27230-b939-4fd5-99a9-6f2ccb4379d3(uuid1982)
сент. 16, 2025 8:21:57 PM webapp.storage.AbstractStorage save
INFO: &amp#27;[32mSave 28c8d11f-e419-4812-af86-7af68fb321d1(uuid1983)
сент. 16, 2025 8:21:57 PM webapp.storage.AbstractStorage save
INFO: &amp#27;[32mSave ceb675e7-a75e-4e8c-83c5-84d46f2d23ce(uuid1984)
сент. 16, 2025 8:21:57 PM webapp.storage.AbstractStorage save
INFO: &amp#27;[32mSave 7336d426-9ec8-4e06-8e5c-4f8f4f41c76f(uuid1985)
сент. 16, 2025 8:21:57 PM webapp.storage.AbstractStorage save
INFO: &amp#27;[32mSave 4e63c232-9854-41a4-a2e1-ea2054e080df(uuid1986)
сент. 16, 2025 8:21:57 PM webapp.storage.AbstractStorage save
INFO: &amp#27;[32mSave 2f9cbab4-e9dd-488a-8501-6f0598fa6649(uuid1987)
сент. 16, 2025 8:21:57 PM webapp.storage.AbstractStorage save
INFO: &amp#27;[32mSave de57487e-2f33-47c7-b755-352f7762dee7(uuid1988)
сент. 16, 2025 8:21:57 PM webapp.storage.AbstractStorage save
INFO: &amp#27;[32mSave 5cd157b0-5d2c-4df4-ba63-0ca416bed76e(uuid1989)
сент. 16, 2025 8:21:57 PM webapp.storage.AbstractStorage save
INFO: &amp#27;[32mSave 3922eaa6-4f82-4e19-a27d-bf2cb47c083c(uuid1990)
сент. 16, 2025 8:21:57 PM webapp.storage.AbstractStorage save
INFO: &amp#27;[32mSave 3fddbfba-80c5-4e98-950f-7270b6a700ee(uuid1991)
сент. 16, 2025 8:21:57 PM webapp.storage.AbstractStorage save
INFO: &amp#27;[32mSave 210b24ae-7af3-4ab9-a56c-7182aed2068e(uuid1992)
сент. 16, 2025 8:21:57 PM webapp.storage.AbstractStorage save
INFO: &amp#27;[32mSave 52d5b9d3-bc7b-4198-a88d-dfe94b70c7a7(uuid1993)
сент. 16, 2025 8:21:57 PM webapp.storage.AbstractStorage save
INFO: &amp#27;[32mSave c2d8a370-f50a-48ed-8c1b-0ab07fffc3a2(uuid1994)
сент. 16, 2025 8:21:57 PM webapp.storage.AbstractStorage save
INFO: &amp#27;[32mSave eea1713e-1e31-48aa-b8dc-de0a6f5ee652(uuid1995)
сент. 16, 2025 8:21:57 PM webapp.storage.AbstractStorage save
INFO: &amp#27;[32mSave cd72afdf-68b9-4a1d-be3d-a64a8a36818b(uuid1996)
сент. 16, 2025 8:21:57 PM webapp.storage.AbstractStorage save
INFO: &amp#27;[32mSave 411b2b71-8c13-40a7-bfd0-7e78fb3df4ae(uuid1997)
сент. 16, 2025 8:21:57 PM webapp.storage.AbstractStorage save
INFO: &amp#27;[32mSave ccf541c6-4a73-43b3-af14-f010c14aff3e(uuid1998)
сент. 16, 2025 8:21:57 PM webapp.storage.AbstractStorage save
INFO: &amp#27;[32mSave a23db89d-e4b3-4263-8bd3-39933b335fd8(uuid1999)
сент. 16, 2025 8:21:57 PM webapp.storage.AbstractStorage save
INFO: &amp#27;[32mSave 37740983-1399-42dd-8757-27c34ba33f59(uuid2000)
сент. 16, 2025 8:21:57 PM webapp.storage.AbstractStorage save
INFO: &amp#27;[32mSave 152159cd-fa85-45e7-bb9a-df89b1d7c74b(uuid2001)
сент. 16, 2025 8:21:57 PM webapp.storage.AbstractStorage save
INFO: &amp#27;[32mSave 21dc4df3-072c-4073-89d0-d41b26ed5f1b(uuid2002)
сент. 16, 2025 8:21:57 PM webapp.storage.AbstractStorage save
INFO: &amp#27;[32mSave a2e6daa3-a22f-4b6d-996b-06502bab6daf(uuid2003)
сент. 16, 2025 8:21:57 PM webapp.storage.AbstractStorage save
INFO: &amp#27;[32mSave d766f335-63bc-407d-940b-2672ef7a3451(uuid2004)
сент. 16, 2025 8:21:57 PM webapp.storage.AbstractStorage save
INFO: &amp#27;[32mSave 9780dc46-d869-44fc-8f37-20964023246b(uuid2005)
сент. 16, 2025 8:21:57 PM webapp.storage.AbstractStorage save
INFO: &amp#27;[32mSave b452fdcb-02e3-4ef8-96e8-d859c14f61b4(uuid2006)
сент. 16, 2025 8:21:57 PM webapp.storage.AbstractStorage save
INFO: &amp#27;[32mSave d633a0ea-450f-4733-9b4d-d32aff84b62e(uuid2007)
сент. 16, 2025 8:21:57 PM webapp.storage.AbstractStorage save
INFO: &amp#27;[32mSave f32a29fb-805b-4fbd-b1bc-2b4827759215(uuid2008)
сент. 16, 2025 8:21:57 PM webapp.storage.AbstractStorage save
INFO: &amp#27;[32mSave 9f652b1e-bfbc-485c-9dbf-651d82e51c5f(uuid2009)
сент. 16, 2025 8:21:57 PM webapp.storage.AbstractStorage save
INFO: &amp#27;[32mSave e099b573-b0a1-441c-8ea4-5bcbf0742351(uuid2010)
сент. 16, 2025 8:21:57 PM webapp.storage.AbstractStorage save
INFO: &amp#27;[32mSave 7296f32a-a230-48ef-900d-b5ce6f6512d1(uuid2011)
сент. 16, 2025 8:21:57 PM webapp.storage.AbstractStorage save
INFO: &amp#27;[32mSave 84574321-9d48-4021-ba4e-6fc84a1c353a(uuid2012)
сент. 16, 2025 8:21:57 PM webapp.storage.AbstractStorage save
INFO: &amp#27;[32mSave 61c511ff-2292-4450-8d6e-108e360bfbc4(uuid2013)
сент. 16, 2025 8:21:57 PM webapp.storage.AbstractStorage save
INFO: &amp#27;[32mSave 57df187d-51e4-45f6-9055-fc3bdb21d1fe(uuid2014)
сент. 16, 2025 8:21:57 PM webapp.storage.AbstractStorage save
INFO: &amp#27;[32mSave fd5ab472-2880-41b2-b61f-f7872466a58c(uuid2015)
сент. 16, 2025 8:21:57 PM webapp.storage.AbstractStorage save
INFO: &amp#27;[32mSave a7b1e594-5ce3-4cf2-8e78-8238476cb909(uuid2016)
сент. 16, 2025 8:21:57 PM webapp.storage.AbstractStorage save
INFO: &amp#27;[32mSave 11de1d16-3e83-4066-999e-90ce42f78be7(uuid2017)
сент. 16, 2025 8:21:57 PM webapp.storage.AbstractStorage save
INFO: &amp#27;[32mSave a3d98f43-cd5c-4a0a-8ee5-a42f17ab6df6(uuid2018)
сент. 16, 2025 8:21:57 PM webapp.storage.AbstractStorage save
INFO: &amp#27;[32mSave 58de487f-09ab-4dda-b5a9-2d476e41aade(uuid2019)
сент. 16, 2025 8:21:57 PM webapp.storage.AbstractStorage save
INFO: &amp#27;[32mSave 7556571e-99fa-4d25-8798-fac5063e454c(uuid2020)
сент. 16, 2025 8:21:57 PM webapp.storage.AbstractStorage save
INFO: &amp#27;[32mSave 03415c2c-d93a-432d-93b5-a8bd1b6eda03(uuid2021)
сент. 16, 2025 8:21:57 PM webapp.storage.AbstractStorage save
INFO: &amp#27;[32mSave 818850bd-013c-48ed-b6ac-6d04f0e9f3de(uuid2022)
сент. 16, 2025 8:21:57 PM webapp.storage.AbstractStorage save
INFO: &amp#27;[32mSave 10a0d330-73a1-4759-a632-7f1d0ebb8872(uuid2023)
сент. 16, 2025 8:21:57 PM webapp.storage.AbstractStorage save
INFO: &amp#27;[32mSave 218a6b7a-d408-4b2d-9edd-2d926d73da38(uuid2024)
сент. 16, 2025 8:21:57 PM webapp.storage.AbstractStorage save
INFO: &amp#27;[32mSave 6f9498c2-5fbe-4cfe-a1db-58f893e82d88(uuid2025)
сент. 16, 2025 8:21:57 PM webapp.storage.AbstractStorage save
INFO: &amp#27;[32mSave 62c73f5b-dea6-46f7-8ae3-867e66ec445e(uuid2026)
сент. 16, 2025 8:21:57 PM webapp.storage.AbstractStorage save
INFO: &amp#27;[32mSave 9c8d802e-3785-4626-9589-2c8a23ec1140(uuid2027)
сент. 16, 2025 8:21:57 PM webapp.storage.AbstractStorage save
INFO: &amp#27;[32mSave f0107301-6134-49ae-b276-c753d3d514f7(uuid2028)
сент. 16, 2025 8:21:57 PM webapp.storage.AbstractStorage save
INFO: &amp#27;[32mSave 0bbf086d-0feb-45d8-bee7-de4f35e76bd2(uuid2029)
сент. 16, 2025 8:21:57 PM webapp.storage.AbstractStorage save
INFO: &amp#27;[32mSave 0139fc8a-5f45-4b08-8139-9b42e84ff478(uuid2030)
сент. 16, 2025 8:21:57 PM webapp.storage.AbstractStorage save
INFO: &amp#27;[32mSave b3fb0a90-7dae-4e57-8677-d7264eab094c(uuid2031)
сент. 16, 2025 8:21:57 PM webapp.storage.AbstractStorage save
INFO: &amp#27;[32mSave 175738d3-9b7c-4bd4-a91e-054bebb83f5f(uuid2032)
сент. 16, 2025 8:21:57 PM webapp.storage.AbstractStorage save
INFO: &amp#27;[32mSave 8954bb6c-060b-4f51-b0de-a12c51dbc3a6(uuid2033)
сент. 16, 2025 8:21:57 PM webapp.storage.AbstractStorage save
INFO: &amp#27;[32mSave f94fee62-e5bc-47ca-80c8-8038e9b495ba(uuid2034)
сент. 16, 2025 8:21:57 PM webapp.storage.AbstractStorage save
INFO: &amp#27;[32mSave 32ca68a7-7ed8-4ee5-91cb-38d136eeac35(uuid2035)
сент. 16, 2025 8:21:57 PM webapp.storage.AbstractStorage save
INFO: &amp#27;[32mSave 0c787220-2cd1-4d97-aab3-a8dda5c27d23(uuid2036)
сент. 16, 2025 8:21:57 PM webapp.storage.AbstractStorage save
INFO: &amp#27;[32mSave 52a07488-d024-41c7-bf21-a378b39f627e(uuid2037)
сент. 16, 2025 8:21:57 PM webapp.storage.AbstractStorage save
INFO: &amp#27;[32mSave 76aae1a4-cb27-4a69-a57d-419d3b8809c6(uuid2038)
сент. 16, 2025 8:21:57 PM webapp.storage.AbstractStorage save
INFO: &amp#27;[32mSave 6dbbf9f5-17b0-4982-a744-9d799fb0217a(uuid2039)
сент. 16, 2025 8:21:57 PM webapp.storage.AbstractStorage save
INFO: &amp#27;[32mSave 0b9830ab-e2eb-4063-bc29-99d9deaf986f(uuid2040)
сент. 16, 2025 8:21:57 PM webapp.storage.AbstractStorage save
INFO: &amp#27;[32mSave e66467d7-cc9b-4b33-abec-45d4ca2e00fa(uuid2041)
сент. 16, 2025 8:21:57 PM webapp.storage.AbstractStorage save
INFO: &amp#27;[32mSave 4721345a-94c5-4195-9a90-7669d02fcded(uuid2042)
сент. 16, 2025 8:21:57 PM webapp.storage.AbstractStorage save
INFO: &amp#27;[32mSave 41ae9e8e-bdfb-45d3-82b5-ce3c100eb553(uuid2043)
сент. 16, 2025 8:21:57 PM webapp.storage.AbstractStorage save
INFO: &amp#27;[32mSave f75641b9-1178-4ec0-90f6-e59387c553d5(uuid2044)
сент. 16, 2025 8:21:57 PM webapp.storage.AbstractStorage save
INFO: &amp#27;[32mSave 3945e8b8-d92d-453d-95b1-6ececfde478c(uuid2045)
сент. 16, 2025 8:21:57 PM webapp.storage.AbstractStorage save
INFO: &amp#27;[32mSave 8f17ec96-2491-4739-ad1c-3e3dbcc56284(uuid2046)
сент. 16, 2025 8:21:57 PM webapp.storage.AbstractStorage save
INFO: &amp#27;[32mSave b5f90805-9297-4779-8aaa-e2b07896a9a5(uuid2047)
сент. 16, 2025 8:21:57 PM webapp.storage.AbstractStorage save
INFO: &amp#27;[32mSave 59b905ae-c852-4d3d-b179-753e1f8572c9(uuid2048)
сент. 16, 2025 8:21:57 PM webapp.storage.AbstractStorage save
INFO: &amp#27;[32mSave ddbc379b-ef64-43fb-91db-f398efb6dc71(uuid2049)
сент. 16, 2025 8:21:57 PM webapp.storage.AbstractStorage save
INFO: &amp#27;[32mSave 836f0c28-b27b-40df-9c50-d85ef1fe7561(uuid2050)
сент. 16, 2025 8:21:57 PM webapp.storage.AbstractStorage save
INFO: &amp#27;[32mSave f17d3462-f680-4aa0-8b01-ac6f0521e882(uuid2051)
сент. 16, 2025 8:21:57 PM webapp.storage.AbstractStorage save
INFO: &amp#27;[32mSave fab85814-9047-4230-a4c6-0be3681f50e6(uuid2052)
сент. 16, 2025 8:21:57 PM webapp.storage.AbstractStorage save
INFO: &amp#27;[32mSave b644297b-095e-4eda-9a41-5b8e19accd49(uuid2053)
сент. 16, 2025 8:21:57 PM webapp.storage.AbstractStorage save
INFO: &amp#27;[32mSave b96b3dc8-2f5a-4c5a-9b8d-b0f0df199110(uuid2054)
сент. 16, 2025 8:21:57 PM webapp.storage.AbstractStorage save
INFO: &amp#27;[32mSave 2a7bf40b-c335-4bde-a324-3360bebae7f5(uuid2055)
сент. 16, 2025 8:21:57 PM webapp.storage.AbstractStorage save
INFO: &amp#27;[32mSave eb2c145e-7f5f-40c7-9e3b-046a60ed5cf4(uuid2056)
сент. 16, 2025 8:21:57 PM webapp.storage.AbstractStorage save
INFO: &amp#27;[32mSave 198e9404-355d-4085-93b8-60f03e34dadc(uuid2057)
сент. 16, 2025 8:21:57 PM webapp.storage.AbstractStorage save
INFO: &amp#27;[32mSave e6fb2488-992b-4559-b039-c870185f6d03(uuid2058)
сент. 16, 2025 8:21:57 PM webapp.storage.AbstractStorage save
INFO: &amp#27;[32mSave 0f32d45b-10e6-40fa-a1de-eb25cfb5eaf0(uuid2059)
сент. 16, 2025 8:21:57 PM webapp.storage.AbstractStorage save
INFO: &amp#27;[32mSave 92d3f2bc-a5db-4106-b59a-6a9cc8656024(uuid2060)
сент. 16, 2025 8:21:57 PM webapp.storage.AbstractStorage save
INFO: &amp#27;[32mSave c5ab4175-abb9-451c-adfc-db4d45826d78(uuid2061)
сент. 16, 2025 8:21:57 PM webapp.storage.AbstractStorage save
INFO: &amp#27;[32mSave 080d2956-6e8e-49c7-92bf-76ffa5290c33(uuid2062)
сент. 16, 2025 8:21:57 PM webapp.storage.AbstractStorage save
INFO: &amp#27;[32mSave 7e8619b2-c536-4e19-a8d8-045e11be9d68(uuid2063)
сент. 16, 2025 8:21:57 PM webapp.storage.AbstractStorage save
INFO: &amp#27;[32mSave dc970c9c-b8e0-4382-a1b8-01d5ed382c58(uuid2064)
сент. 16, 2025 8:21:57 PM webapp.storage.AbstractStorage save
INFO: &amp#27;[32mSave d2145727-7750-42bf-9b89-9bc4f0ec78ac(uuid2065)
сент. 16, 2025 8:21:57 PM webapp.storage.AbstractStorage save
INFO: &amp#27;[32mSave 8f6a285d-533f-459d-8895-7e78a67a5507(uuid2066)
сент. 16, 2025 8:21:57 PM webapp.storage.AbstractStorage save
INFO: &amp#27;[32mSave 6949f177-247c-406e-a3b9-9dacdf12bb85(uuid2067)
сент. 16, 2025 8:21:57 PM webapp.storage.AbstractStorage save
INFO: &amp#27;[32mSave 03e81def-1b66-4cfb-8056-409be128d868(uuid2068)
сент. 16, 2025 8:21:57 PM webapp.storage.AbstractStorage save
INFO: &amp#27;[32mSave de15bf8e-6aa7-41e6-8757-8102cb82858f(uuid2069)
сент. 16, 2025 8:21:57 PM webapp.storage.AbstractStorage save
INFO: &amp#27;[32mSave 51cc2afc-49d8-4e34-9433-908833d6e56f(uuid2070)
сент. 16, 2025 8:21:57 PM webapp.storage.AbstractStorage save
INFO: &amp#27;[32mSave 46091c21-51ec-469c-80d3-3a6db27232ae(uuid2071)
сент. 16, 2025 8:21:57 PM webapp.storage.AbstractStorage save
INFO: &amp#27;[32mSave 25b5e807-2716-4fdd-a97e-49144e56200b(uuid2072)
сент. 16, 2025 8:21:57 PM webapp.storage.AbstractStorage save
INFO: &amp#27;[32mSave 00f1f544-bd04-499a-bd05-92e4b09319d9(uuid2073)
сент. 16, 2025 8:21:57 PM webapp.storage.AbstractStorage save
INFO: &amp#27;[32mSave 45dfdb73-afbe-42b9-9f7f-87ccb0c64aca(uuid2074)
сент. 16, 2025 8:21:57 PM webapp.storage.AbstractStorage save
INFO: &amp#27;[32mSave c82410a6-9569-4f6b-808e-84aa0364d7b0(uuid2075)
сент. 16, 2025 8:21:57 PM webapp.storage.AbstractStorage save
INFO: &amp#27;[32mSave 551bff64-a8e2-4f8c-8ca1-e8658a0cb080(uuid2076)
сент. 16, 2025 8:21:57 PM webapp.storage.AbstractStorage save
INFO: &amp#27;[32mSave 4d8be15e-e864-4684-9dbd-d84b32f49cad(uuid2077)
сент. 16, 2025 8:21:57 PM webapp.storage.AbstractStorage save
INFO: &amp#27;[32mSave 396cb9ba-41f6-44cc-af70-92195890438a(uuid2078)
сент. 16, 2025 8:21:57 PM webapp.storage.AbstractStorage save
INFO: &amp#27;[32mSave 10adbd36-000d-42e0-b2b2-e58b8d9f8141(uuid2079)
сент. 16, 2025 8:21:57 PM webapp.storage.AbstractStorage save
INFO: &amp#27;[32mSave 36cf5750-16eb-4143-9bd9-ec74d1dffcde(uuid2080)
сент. 16, 2025 8:21:57 PM webapp.storage.AbstractStorage save
INFO: &amp#27;[32mSave 8d3114a7-5175-4b9d-b33c-a8230d63e044(uuid2081)
сент. 16, 2025 8:21:57 PM webapp.storage.AbstractStorage save
INFO: &amp#27;[32mSave c9e971a2-55a2-4316-b726-b1f98d8583e2(uuid2082)
сент. 16, 2025 8:21:57 PM webapp.storage.AbstractStorage save
INFO: &amp#27;[32mSave abc3a5c5-b912-46fd-99a6-5a21bab2409a(uuid2083)
сент. 16, 2025 8:21:57 PM webapp.storage.AbstractStorage save
INFO: &amp#27;[32mSave bb0aec86-1308-4347-8ab6-9bc7647f32bd(uuid2084)
сент. 16, 2025 8:21:57 PM webapp.storage.AbstractStorage save
INFO: &amp#27;[32mSave fb40dd54-9b21-4bcf-9db1-b22fb97745d4(uuid2085)
сент. 16, 2025 8:21:57 PM webapp.storage.AbstractStorage save
INFO: &amp#27;[32mSave 0f374f17-34ec-439f-a7d5-90226ad9a2cc(uuid2086)
сент. 16, 2025 8:21:57 PM webapp.storage.AbstractStorage save
INFO: &amp#27;[32mSave 8543e391-4aa9-4f83-a449-5d830d4281d7(uuid2087)
сент. 16, 2025 8:21:57 PM webapp.storage.AbstractStorage save
INFO: &amp#27;[32mSave 453d2e03-fdf2-4e87-8915-f0487d006a7d(uuid2088)
сент. 16, 2025 8:21:57 PM webapp.storage.AbstractStorage save
INFO: &amp#27;[32mSave 6d4a9967-f3c6-4b26-b98e-b563c0bc1f96(uuid2089)
сент. 16, 2025 8:21:57 PM webapp.storage.AbstractStorage save
INFO: &amp#27;[32mSave 61b9af1f-d35c-44ef-b456-0d7b6ab4482e(uuid2090)
сент. 16, 2025 8:21:57 PM webapp.storage.AbstractStorage save
INFO: &amp#27;[32mSave 76754621-db66-4d73-8f4e-165f2f87d62d(uuid2091)
сент. 16, 2025 8:21:57 PM webapp.storage.AbstractStorage save
INFO: &amp#27;[32mSave 1bb0d5a2-a476-4c44-9bcf-9b2863cb6568(uuid2092)
сент. 16, 2025 8:21:57 PM webapp.storage.AbstractStorage save
INFO: &amp#27;[32mSave 0addd3ea-75b1-443e-8e85-788fc358484e(uuid2093)
сент. 16, 2025 8:21:57 PM webapp.storage.AbstractStorage save
INFO: &amp#27;[32mSave d476160b-aea6-464f-aca5-c9f923ea273d(uuid2094)
сент. 16, 2025 8:21:57 PM webapp.storage.AbstractStorage save
INFO: &amp#27;[32mSave 06dd7af4-e64c-43bc-ac1d-076aba74fa01(uuid2095)
сент. 16, 2025 8:21:57 PM webapp.storage.AbstractStorage save
INFO: &amp#27;[32mSave b4f8b6c0-9316-4f4d-81fb-eac24b03294d(uuid2096)
сент. 16, 2025 8:21:57 PM webapp.storage.AbstractStorage save
INFO: &amp#27;[32mSave 471deb0a-5309-49e9-8d65-21412272434d(uuid2097)
сент. 16, 2025 8:21:57 PM webapp.storage.AbstractStorage save
INFO: &amp#27;[32mSave 6bde3a18-dfea-4b7e-9d1c-de46a63655fe(uuid2098)
сент. 16, 2025 8:21:57 PM webapp.storage.AbstractStorage save
INFO: &amp#27;[32mSave 3e30b9ce-7817-434a-9a21-a06804a6c35c(uuid2099)
сент. 16, 2025 8:21:57 PM webapp.storage.AbstractStorage save
INFO: &amp#27;[32mSave ea0827d6-617e-4358-9518-16a639228022(uuid2100)
сент. 16, 2025 8:21:57 PM webapp.storage.AbstractStorage save
INFO: &amp#27;[32mSave d7c8d53a-e0f2-4009-9fe9-e526f768c84f(uuid2101)
сент. 16, 2025 8:21:57 PM webapp.storage.AbstractStorage save
INFO: &amp#27;[32mSave 45db150f-62e6-40b1-bdb0-b1511de57e16(uuid2102)
сент. 16, 2025 8:21:57 PM webapp.storage.AbstractStorage save
INFO: &amp#27;[32mSave 0c353601-4e83-4800-a47e-f44a49e54654(uuid2103)
сент. 16, 2025 8:21:57 PM webapp.storage.AbstractStorage save
INFO: &amp#27;[32mSave 7437ea46-eaa9-42a6-97bb-84f1102d332e(uuid2104)
сент. 16, 2025 8:21:57 PM webapp.storage.AbstractStorage save
INFO: &amp#27;[32mSave 18473254-a8c8-4590-b26a-8f5d5775b45b(uuid2105)
сент. 16, 2025 8:21:57 PM webapp.storage.AbstractStorage save
INFO: &amp#27;[32mSave 553fae01-45cc-426c-aeb9-ae281428b9c9(uuid2106)
сент. 16, 2025 8:21:57 PM webapp.storage.AbstractStorage save
INFO: &amp#27;[32mSave 78504097-8d3b-4093-bbd9-f023547a1e09(uuid2107)
сент. 16, 2025 8:21:57 PM webapp.storage.AbstractStorage save
INFO: &amp#27;[32mSave afcc621b-29c9-442d-862e-2aec9d44c026(uuid2108)
сент. 16, 2025 8:21:57 PM webapp.storage.AbstractStorage save
INFO: &amp#27;[32mSave 8f050b50-84bc-4038-bc9b-863f5de3285d(uuid2109)
сент. 16, 2025 8:21:57 PM webapp.storage.AbstractStorage save
INFO: &amp#27;[32mSave d653c4dd-a422-471a-863b-8bcb22a2685e(uuid2110)
сент. 16, 2025 8:21:57 PM webapp.storage.AbstractStorage save
INFO: &amp#27;[32mSave 1d0f25e4-84de-409c-bc34-edddb810ea28(uuid2111)
сент. 16, 2025 8:21:57 PM webapp.storage.AbstractStorage save
INFO: &amp#27;[32mSave b1156c9d-7ee2-4957-8687-e523b66b0242(uuid2112)
сент. 16, 2025 8:21:57 PM webapp.storage.AbstractStorage save
INFO: &amp#27;[32mSave 4f090144-3112-4186-8bb9-d20e43a7d29f(uuid2113)
сент. 16, 2025 8:21:57 PM webapp.storage.AbstractStorage save
INFO: &amp#27;[32mSave 366b3eb3-2d7f-4b84-aafd-f43edf46d79f(uuid2114)
сент. 16, 2025 8:21:57 PM webapp.storage.AbstractStorage save
INFO: &amp#27;[32mSave 0c73d916-31bc-47fd-96e8-67ebdd76cebb(uuid2115)
сент. 16, 2025 8:21:57 PM webapp.storage.AbstractStorage save
INFO: &amp#27;[32mSave f966f0c0-1108-4649-ab8a-09fe92b58e06(uuid2116)
сент. 16, 2025 8:21:57 PM webapp.storage.AbstractStorage save
INFO: &amp#27;[32mSave b743d4db-d48d-4783-935d-e51046b9e012(uuid2117)
сент. 16, 2025 8:21:57 PM webapp.storage.AbstractStorage save
INFO: &amp#27;[32mSave d2ed4370-2159-4351-9a26-5277c3fc3f24(uuid2118)
сент. 16, 2025 8:21:57 PM webapp.storage.AbstractStorage save
INFO: &amp#27;[32mSave 3a309322-b2b1-4a8c-b4b9-95f0bd77d0ea(uuid2119)
сент. 16, 2025 8:21:57 PM webapp.storage.AbstractStorage save
INFO: &amp#27;[32mSave f829c48d-2791-4d0d-ad56-48007957a678(uuid2120)
сент. 16, 2025 8:21:57 PM webapp.storage.AbstractStorage save
INFO: &amp#27;[32mSave fc8508f1-53bd-4879-af2e-f908dd6fb681(uuid2121)
сент. 16, 2025 8:21:57 PM webapp.storage.AbstractStorage save
INFO: &amp#27;[32mSave 85807256-2bb2-44d2-aeb2-3a42cee8c9f8(uuid2122)
сент. 16, 2025 8:21:57 PM webapp.storage.AbstractStorage save
INFO: &amp#27;[32mSave 363b231e-8a8f-4479-95b4-29883c3bad3e(uuid2123)
сент. 16, 2025 8:21:57 PM webapp.storage.AbstractStorage save
INFO: &amp#27;[32mSave 5a16f1ec-4751-4d9f-b3aa-3a8df2ce4923(uuid2124)
сент. 16, 2025 8:21:57 PM webapp.storage.AbstractStorage save
INFO: &amp#27;[32mSave dbbba8c6-096b-4b58-9aa6-f63a7952c11d(uuid2125)
сент. 16, 2025 8:21:57 PM webapp.storage.AbstractStorage save
INFO: &amp#27;[32mSave 92d1b779-948e-4cdb-bd8a-1b32655997fd(uuid2126)
сент. 16, 2025 8:21:57 PM webapp.storage.AbstractStorage save
INFO: &amp#27;[32mSave 99b5217f-dcc3-415d-b48f-e9ef5fc93647(uuid2127)
сент. 16, 2025 8:21:57 PM webapp.storage.AbstractStorage save
INFO: &amp#27;[32mSave 22340c46-4c15-497a-a69a-235d1fae9123(uuid2128)
сент. 16, 2025 8:21:57 PM webapp.storage.AbstractStorage save
INFO: &amp#27;[32mSave 276db6c9-442e-428d-96cc-83ac4e51bf7d(uuid2129)
сент. 16, 2025 8:21:57 PM webapp.storage.AbstractStorage save
INFO: &amp#27;[32mSave 3a606ed7-a1cb-4add-9d41-4d2cab2f8567(uuid2130)
сент. 16, 2025 8:21:57 PM webapp.storage.AbstractStorage save
INFO: &amp#27;[32mSave 90331cd6-344f-4f91-a980-b5f43bf5bf23(uuid2131)
сент. 16, 2025 8:21:57 PM webapp.storage.AbstractStorage save
INFO: &amp#27;[32mSave 0f142a06-1caf-4a40-84e5-755a15300ad9(uuid2132)
сент. 16, 2025 8:21:57 PM webapp.storage.AbstractStorage save
INFO: &amp#27;[32mSave fea73569-f168-4ed0-a520-258eb3242c69(uuid2133)
сент. 16, 2025 8:21:57 PM webapp.storage.AbstractStorage save
INFO: &amp#27;[32mSave 220bba01-d62b-41d6-a4e9-551794834b5b(uuid2134)
сент. 16, 2025 8:21:57 PM webapp.storage.AbstractStorage save
INFO: &amp#27;[32mSave 0ef663db-9959-4a7e-8ab9-af7b02108eb9(uuid2135)
сент. 16, 2025 8:21:57 PM webapp.storage.AbstractStorage save
INFO: &amp#27;[32mSave 4aab3511-6c9a-43f0-bc2b-74843b4dd5c4(uuid2136)
сент. 16, 2025 8:21:57 PM webapp.storage.AbstractStorage save
INFO: &amp#27;[32mSave fee66d3a-1fe6-4f13-a447-b24ab809980d(uuid2137)
сент. 16, 2025 8:21:57 PM webapp.storage.AbstractStorage save
INFO: &amp#27;[32mSave ab960b0f-6f42-456f-b663-8682507fa658(uuid2138)
сент. 16, 2025 8:21:57 PM webapp.storage.AbstractStorage save
INFO: &amp#27;[32mSave d5c0dce8-664f-4b75-8dde-c2afadef17b4(uuid2139)
сент. 16, 2025 8:21:57 PM webapp.storage.AbstractStorage save
INFO: &amp#27;[32mSave 77f57d1d-bb25-42ff-9bd3-b2997adc45f2(uuid2140)
сент. 16, 2025 8:21:57 PM webapp.storage.AbstractStorage save
INFO: &amp#27;[32mSave 3942f39d-3cce-434c-887f-9659ec87a531(uuid2141)
сент. 16, 2025 8:21:57 PM webapp.storage.AbstractStorage save
INFO: &amp#27;[32mSave de452ce4-81f1-44d1-82ab-b6a3931f30e0(uuid2142)
сент. 16, 2025 8:21:57 PM webapp.storage.AbstractStorage save
INFO: &amp#27;[32mSave 5db92f8b-be43-47a2-b1c4-66c44a2e6fcd(uuid2143)
сент. 16, 2025 8:21:57 PM webapp.storage.AbstractStorage save
INFO: &amp#27;[32mSave 9006947d-d854-4e7c-9a5c-811b5d58a0bb(uuid2144)
сент. 16, 2025 8:21:57 PM webapp.storage.AbstractStorage save
INFO: &amp#27;[32mSave 7e36356b-6ac0-4b5c-b2e1-2f356100eb8e(uuid2145)
сент. 16, 2025 8:21:57 PM webapp.storage.AbstractStorage save
INFO: &amp#27;[32mSave 33d44319-1a26-4853-9e87-0967337c0040(uuid2146)
сент. 16, 2025 8:21:57 PM webapp.storage.AbstractStorage save
INFO: &amp#27;[32mSave 5621bf36-b679-464e-8ed6-70cedee8d1ed(uuid2147)
сент. 16, 2025 8:21:57 PM webapp.storage.AbstractStorage save
INFO: &amp#27;[32mSave 9f865ce1-5e01-4c5a-993b-f264ade33af0(uuid2148)
сент. 16, 2025 8:21:57 PM webapp.storage.AbstractStorage save
INFO: &amp#27;[32mSave 156633d9-d9dc-4812-aa17-eb5198cbd515(uuid2149)
сент. 16, 2025 8:21:57 PM webapp.storage.AbstractStorage save
INFO: &amp#27;[32mSave 4c6c1404-8ac5-4e6d-8cf7-36c77fe2cb80(uuid2150)
сент. 16, 2025 8:21:57 PM webapp.storage.AbstractStorage save
INFO: &amp#27;[32mSave 03e4829a-8d14-446d-a15a-0ae2af5bfac5(uuid2151)
сент. 16, 2025 8:21:57 PM webapp.storage.AbstractStorage save
INFO: &amp#27;[32mSave 4545131f-df0e-41bb-9d66-93b3932c8d36(uuid2152)
сент. 16, 2025 8:21:57 PM webapp.storage.AbstractStorage save
INFO: &amp#27;[32mSave 931a5b36-48bc-4340-ba50-7e2f52a5ee4d(uuid2153)
сент. 16, 2025 8:21:57 PM webapp.storage.AbstractStorage save
INFO: &amp#27;[32mSave ad715999-92f8-4562-9de6-c4ee993d8c86(uuid2154)
сент. 16, 2025 8:21:57 PM webapp.storage.AbstractStorage save
INFO: &amp#27;[32mSave 8b4dd644-6dbc-49c0-8711-5860db96d90b(uuid2155)
сент. 16, 2025 8:21:57 PM webapp.storage.AbstractStorage save
INFO: &amp#27;[32mSave 745ae219-7282-4394-8f82-6781e8ba39ac(uuid2156)
сент. 16, 2025 8:21:57 PM webapp.storage.AbstractStorage save
INFO: &amp#27;[32mSave b82049e1-f15a-42e2-9ec6-488345973475(uuid2157)
сент. 16, 2025 8:21:57 PM webapp.storage.AbstractStorage save
INFO: &amp#27;[32mSave 4b44613c-eb20-4518-8563-2cca59137ee3(uuid2158)
сент. 16, 2025 8:21:57 PM webapp.storage.AbstractStorage save
INFO: &amp#27;[32mSave adaf8dfc-5ebc-4dbb-94b7-07965a4fd0ae(uuid2159)
сент. 16, 2025 8:21:57 PM webapp.storage.AbstractStorage save
INFO: &amp#27;[32mSave f0f139e2-c0b6-49d6-b55e-3cf069332ce1(uuid2160)
сент. 16, 2025 8:21:57 PM webapp.storage.AbstractStorage save
INFO: &amp#27;[32mSave 9a1b5ff6-1cd7-46e5-adc9-5c436482dbd7(uuid2161)
сент. 16, 2025 8:21:57 PM webapp.storage.AbstractStorage save
INFO: &amp#27;[32mSave 5051c843-810f-4782-a20a-87368e37b3e4(uuid2162)
сент. 16, 2025 8:21:57 PM webapp.storage.AbstractStorage save
INFO: &amp#27;[32mSave 61aafc7d-e0c5-43c8-a822-53209da1cf98(uuid2163)
сент. 16, 2025 8:21:57 PM webapp.storage.AbstractStorage save
INFO: &amp#27;[32mSave 69b50bdf-026a-4698-971d-c0cf8ccc41a8(uuid2164)
сент. 16, 2025 8:21:57 PM webapp.storage.AbstractStorage save
INFO: &amp#27;[32mSave 1533d682-1564-46a7-8729-0ff525a4611a(uuid2165)
сент. 16, 2025 8:21:57 PM webapp.storage.AbstractStorage save
INFO: &amp#27;[32mSave ad65da6b-07ca-4126-83fa-8b51ae489e54(uuid2166)
сент. 16, 2025 8:21:57 PM webapp.storage.AbstractStorage save
INFO: &amp#27;[32mSave 20dacabd-d7dc-4b7f-b94b-d9b43997a2b4(uuid2167)
сент. 16, 2025 8:21:57 PM webapp.storage.AbstractStorage save
INFO: &amp#27;[32mSave 11094182-9fdc-4ab0-a3af-ff05e0e5dc5a(uuid2168)
сент. 16, 2025 8:21:57 PM webapp.storage.AbstractStorage save
INFO: &amp#27;[32mSave 8f30b47a-fbe2-4359-b530-08c18269e708(uuid2169)
сент. 16, 2025 8:21:57 PM webapp.storage.AbstractStorage save
INFO: &amp#27;[32mSave db01375c-6b7f-4a14-b831-a911638ded21(uuid2170)
сент. 16, 2025 8:21:57 PM webapp.storage.AbstractStorage save
INFO: &amp#27;[32mSave 264ff6c3-8f00-476f-bde3-d5e049b89190(uuid2171)
сент. 16, 2025 8:21:57 PM webapp.storage.AbstractStorage save
INFO: &amp#27;[32mSave ea00f6ef-b3ff-46dd-a0f9-02c0a10ccb65(uuid2172)
сент. 16, 2025 8:21:57 PM webapp.storage.AbstractStorage save
INFO: &amp#27;[32mSave fb0c641c-d073-4475-8829-1719774b4b22(uuid2173)
сент. 16, 2025 8:21:57 PM webapp.storage.AbstractStorage save
INFO: &amp#27;[32mSave a1ee5203-f45f-4223-898a-2f370c8a71a1(uuid2174)
сент. 16, 2025 8:21:57 PM webapp.storage.AbstractStorage save
INFO: &amp#27;[32mSave f7f70dac-ebb8-4a66-8be8-63f8b9beae03(uuid2175)
сент. 16, 2025 8:21:57 PM webapp.storage.AbstractStorage save
INFO: &amp#27;[32mSave 8fa91e82-c623-43fc-b67d-1e457a07a376(uuid2176)
сент. 16, 2025 8:21:57 PM webapp.storage.AbstractStorage save
INFO: &amp#27;[32mSave ca0855ed-9eff-45f1-b126-af59a7e626f8(uuid2177)
сент. 16, 2025 8:21:57 PM webapp.storage.AbstractStorage save
INFO: &amp#27;[32mSave 9a5120cc-2514-4524-a3c9-44d555b14be3(uuid2178)
сент. 16, 2025 8:21:57 PM webapp.storage.AbstractStorage save
INFO: &amp#27;[32mSave 856eb81f-9191-4553-9b02-c7af4086d26c(uuid2179)
сент. 16, 2025 8:21:57 PM webapp.storage.AbstractStorage save
INFO: &amp#27;[32mSave dd819bad-d71d-464a-969c-7706eb4fd2c3(uuid2180)
сент. 16, 2025 8:21:57 PM webapp.storage.AbstractStorage save
INFO: &amp#27;[32mSave c769fe0c-b1c9-4b1c-bdfa-f5c88df62a56(uuid2181)
сент. 16, 2025 8:21:57 PM webapp.storage.AbstractStorage save
INFO: &amp#27;[32mSave 01e33601-b574-4df3-a8a4-118606a33c49(uuid2182)
сент. 16, 2025 8:21:57 PM webapp.storage.AbstractStorage save
INFO: &amp#27;[32mSave 713535d9-550e-4246-91c0-d278ab6bf639(uuid2183)
сент. 16, 2025 8:21:57 PM webapp.storage.AbstractStorage save
INFO: &amp#27;[32mSave d89cbca9-3f41-415a-90df-408d7f78ea43(uuid2184)
сент. 16, 2025 8:21:57 PM webapp.storage.AbstractStorage save
INFO: &amp#27;[32mSave 9f9f2f34-4bcd-4f91-967c-76adad3cd276(uuid2185)
сент. 16, 2025 8:21:57 PM webapp.storage.AbstractStorage save
INFO: &amp#27;[32mSave 78d30e06-80e5-451d-a4a6-e05cf1873b17(uuid2186)
сент. 16, 2025 8:21:57 PM webapp.storage.AbstractStorage save
INFO: &amp#27;[32mSave 89eed35e-bbd7-48fa-9f2e-c3fb76757480(uuid2187)
сент. 16, 2025 8:21:57 PM webapp.storage.AbstractStorage save
INFO: &amp#27;[32mSave dee0a03c-1e65-43ee-8fdb-c5e9f77671d5(uuid2188)
сент. 16, 2025 8:21:57 PM webapp.storage.AbstractStorage save
INFO: &amp#27;[32mSave a4bbede4-8c7f-46d6-bb7d-fb7d3368fbb6(uuid2189)
сент. 16, 2025 8:21:57 PM webapp.storage.AbstractStorage save
INFO: &amp#27;[32mSave 2fcaf1f2-0961-476d-9d52-b09e5192d9fd(uuid2190)
сент. 16, 2025 8:21:57 PM webapp.storage.AbstractStorage save
INFO: &amp#27;[32mSave 073cbf2b-da64-4f4b-9f6b-c929e9b20ffa(uuid2191)
сент. 16, 2025 8:21:57 PM webapp.storage.AbstractStorage save
INFO: &amp#27;[32mSave 87e674b8-fc25-47db-bafb-d410b546ae35(uuid2192)
сент. 16, 2025 8:21:57 PM webapp.storage.AbstractStorage save
INFO: &amp#27;[32mSave d648cb8d-dca6-4162-bace-d8587719fe4a(uuid2193)
сент. 16, 2025 8:21:57 PM webapp.storage.AbstractStorage save
INFO: &amp#27;[32mSave 471cb8a0-9a61-4048-908b-93fb094b39de(uuid2194)
сент. 16, 2025 8:21:57 PM webapp.storage.AbstractStorage save
INFO: &amp#27;[32mSave de07d345-0927-43f5-8153-b682bfa9f111(uuid2195)
сент. 16, 2025 8:21:57 PM webapp.storage.AbstractStorage save
INFO: &amp#27;[32mSave b96d7a16-b920-4d90-bed7-fcbb542de7c9(uuid2196)
сент. 16, 2025 8:21:57 PM webapp.storage.AbstractStorage save
INFO: &amp#27;[32mSave 671413dd-836f-433a-a2a8-32fc751ee38c(uuid2197)
сент. 16, 2025 8:21:57 PM webapp.storage.AbstractStorage save
INFO: &amp#27;[32mSave ca35c232-2f05-4d9e-9d4b-d2a511463308(uuid2198)
сент. 16, 2025 8:21:57 PM webapp.storage.AbstractStorage save
INFO: &amp#27;[32mSave 3ca15249-cd71-4d0f-98e8-2bab83bbfa02(uuid2199)
сент. 16, 2025 8:21:57 PM webapp.storage.AbstractStorage save
INFO: &amp#27;[32mSave daff973c-5a6b-4058-9614-de5eab779c8a(uuid2200)
сент. 16, 2025 8:21:57 PM webapp.storage.AbstractStorage save
INFO: &amp#27;[32mSave 402ef33d-1b3b-4d9b-ad3d-5b043c6088f4(uuid2201)
сент. 16, 2025 8:21:57 PM webapp.storage.AbstractStorage save
INFO: &amp#27;[32mSave 23bf35ac-8f8e-4132-b265-9a5cbe04611e(uuid2202)
сент. 16, 2025 8:21:57 PM webapp.storage.AbstractStorage save
INFO: &amp#27;[32mSave 2d116b2a-b7aa-4ef1-8b98-f5dc75ca3dbb(uuid2203)
сент. 16, 2025 8:21:57 PM webapp.storage.AbstractStorage save
INFO: &amp#27;[32mSave dee0a7aa-b681-44df-b36d-b5a87b82870c(uuid2204)
сент. 16, 2025 8:21:57 PM webapp.storage.AbstractStorage save
INFO: &amp#27;[32mSave 4bcdc40e-f9d8-4bb4-b878-0223a91eaebb(uuid2205)
сент. 16, 2025 8:21:57 PM webapp.storage.AbstractStorage save
INFO: &amp#27;[32mSave aaa5f140-020a-497d-8ec0-987f803070e3(uuid2206)
сент. 16, 2025 8:21:57 PM webapp.storage.AbstractStorage save
INFO: &amp#27;[32mSave 7b2419e1-f5cb-49d5-9237-88edc3641fa8(uuid2207)
сент. 16, 2025 8:21:57 PM webapp.storage.AbstractStorage save
INFO: &amp#27;[32mSave 60867f69-2ed9-4852-b66c-b41de612a9c9(uuid2208)
сент. 16, 2025 8:21:57 PM webapp.storage.AbstractStorage save
INFO: &amp#27;[32mSave 481d86b7-14dc-4f9d-b7e3-d8c652ecff75(uuid2209)
сент. 16, 2025 8:21:57 PM webapp.storage.AbstractStorage save
INFO: &amp#27;[32mSave 0a736cdf-eeee-43e4-b88d-a5f2b274e07c(uuid2210)
сент. 16, 2025 8:21:57 PM webapp.storage.AbstractStorage save
INFO: &amp#27;[32mSave b7ec1426-33b3-4f29-b8e8-c6240f0e865d(uuid2211)
сент. 16, 2025 8:21:57 PM webapp.storage.AbstractStorage save
INFO: &amp#27;[32mSave 98a1ebcd-7780-485d-9136-78d3e853c335(uuid2212)
сент. 16, 2025 8:21:57 PM webapp.storage.AbstractStorage save
INFO: &amp#27;[32mSave 1d8c4a2f-16a3-4613-9027-762161d3a15f(uuid2213)
сент. 16, 2025 8:21:57 PM webapp.storage.AbstractStorage save
INFO: &amp#27;[32mSave eb5716ce-548c-4d25-8249-bbb0a5795be9(uuid2214)
сент. 16, 2025 8:21:57 PM webapp.storage.AbstractStorage save
INFO: &amp#27;[32mSave 737e39e7-7520-493b-b5cf-79529d815278(uuid2215)
сент. 16, 2025 8:21:57 PM webapp.storage.AbstractStorage save
INFO: &amp#27;[32mSave 1eda8615-8750-45e7-b08f-004b1821c1d0(uuid2216)
сент. 16, 2025 8:21:57 PM webapp.storage.AbstractStorage save
INFO: &amp#27;[32mSave 125853ef-f31e-4dde-8c78-f230d5302687(uuid2217)
сент. 16, 2025 8:21:57 PM webapp.storage.AbstractStorage save
INFO: &amp#27;[32mSave d8b8c79a-8bdc-4f00-b868-ed14d572ea0d(uuid2218)
сент. 16, 2025 8:21:57 PM webapp.storage.AbstractStorage save
INFO: &amp#27;[32mSave ee5f2a05-2562-44f8-932d-e2c67c21a25e(uuid2219)
сент. 16, 2025 8:21:57 PM webapp.storage.AbstractStorage save
INFO: &amp#27;[32mSave ca4bb077-9354-40a2-bf0a-770f3c119246(uuid2220)
сент. 16, 2025 8:21:57 PM webapp.storage.AbstractStorage save
INFO: &amp#27;[32mSave 719c8424-9d56-46bf-b361-3cca574a6abd(uuid2221)
сент. 16, 2025 8:21:57 PM webapp.storage.AbstractStorage save
INFO: &amp#27;[32mSave 9f851fc4-5670-47ca-8710-251714452fe9(uuid2222)
сент. 16, 2025 8:21:57 PM webapp.storage.AbstractStorage save
INFO: &amp#27;[32mSave 916833be-4817-4f71-bc44-c435f3733cfa(uuid2223)
сент. 16, 2025 8:21:57 PM webapp.storage.AbstractStorage save
INFO: &amp#27;[32mSave 1d1f99b8-a79b-4d39-b59d-b7da710e79bf(uuid2224)
сент. 16, 2025 8:21:57 PM webapp.storage.AbstractStorage save
INFO: &amp#27;[32mSave f50f639d-5c87-4416-97ec-50dd09c5a3d8(uuid2225)
сент. 16, 2025 8:21:57 PM webapp.storage.AbstractStorage save
INFO: &amp#27;[32mSave ffdcb69b-7406-4d1d-99a9-68d4a3e8cce0(uuid2226)
сент. 16, 2025 8:21:57 PM webapp.storage.AbstractStorage save
INFO: &amp#27;[32mSave 8b303a2c-ca6d-4740-bd88-8662ac77de5c(uuid2227)
сент. 16, 2025 8:21:57 PM webapp.storage.AbstractStorage save
INFO: &amp#27;[32mSave 6e4dc2a6-bc48-46e9-bd8c-34e3c47c53d5(uuid2228)
сент. 16, 2025 8:21:57 PM webapp.storage.AbstractStorage save
INFO: &amp#27;[32mSave 5eaeafdb-7866-40d5-ae45-250d7e3aed72(uuid2229)
сент. 16, 2025 8:21:57 PM webapp.storage.AbstractStorage save
INFO: &amp#27;[32mSave ff41e4fc-d525-48ae-a689-f6f339bd1245(uuid2230)
сент. 16, 2025 8:21:57 PM webapp.storage.AbstractStorage save
INFO: &amp#27;[32mSave 9b4158c3-94d7-483b-a1b7-ab2e74dad6a3(uuid2231)
сент. 16, 2025 8:21:57 PM webapp.storage.AbstractStorage save
INFO: &amp#27;[32mSave ea6ed61c-df9e-4105-b7cd-dc8578a39591(uuid2232)
сент. 16, 2025 8:21:57 PM webapp.storage.AbstractStorage save
INFO: &amp#27;[32mSave 643dab2d-a099-4d61-bf55-1c5c2bbb29dd(uuid2233)
сент. 16, 2025 8:21:57 PM webapp.storage.AbstractStorage save
INFO: &amp#27;[32mSave 3c09adac-c0b3-4249-89ab-b29c2f0af33d(uuid2234)
сент. 16, 2025 8:21:57 PM webapp.storage.AbstractStorage save
INFO: &amp#27;[32mSave 9bed31d6-90d3-4104-b79b-dcf5c1ffd0ba(uuid2235)
сент. 16, 2025 8:21:57 PM webapp.storage.AbstractStorage save
INFO: &amp#27;[32mSave ca91aba4-8291-4167-be77-daf43d8ede97(uuid2236)
сент. 16, 2025 8:21:57 PM webapp.storage.AbstractStorage save
INFO: &amp#27;[32mSave ef756bbb-caa3-49e3-bd35-7388279486bd(uuid2237)
сент. 16, 2025 8:21:57 PM webapp.storage.AbstractStorage save
INFO: &amp#27;[32mSave 72a3cd38-3a52-47d5-b837-6ce347c2ebf5(uuid2238)
сент. 16, 2025 8:21:57 PM webapp.storage.AbstractStorage save
INFO: &amp#27;[32mSave c2f403a4-1ed3-4b1d-94cf-792a46c06695(uuid2239)
сент. 16, 2025 8:21:57 PM webapp.storage.AbstractStorage save
INFO: &amp#27;[32mSave 954a463f-9921-4731-a9eb-6fa101daed03(uuid2240)
сент. 16, 2025 8:21:57 PM webapp.storage.AbstractStorage save
INFO: &amp#27;[32mSave fb0ff5f6-b86b-44f3-adba-f1fd2fa9eca4(uuid2241)
сент. 16, 2025 8:21:57 PM webapp.storage.AbstractStorage save
INFO: &amp#27;[32mSave acdb5426-f4e9-44e8-b11e-5d0082b2b1eb(uuid2242)
сент. 16, 2025 8:21:57 PM webapp.storage.AbstractStorage save
INFO: &amp#27;[32mSave 23b5c1fe-0030-42b3-908b-1d3e6b75b0a8(uuid2243)
сент. 16, 2025 8:21:57 PM webapp.storage.AbstractStorage save
INFO: &amp#27;[32mSave 029350e3-636a-4760-936e-a1b838abfb7d(uuid2244)
сент. 16, 2025 8:21:57 PM webapp.storage.AbstractStorage save
INFO: &amp#27;[32mSave 948d6df8-a8de-4a73-a154-cc519c65647e(uuid2245)
сент. 16, 2025 8:21:57 PM webapp.storage.AbstractStorage save
INFO: &amp#27;[32mSave 27d0bb13-f62b-48ce-8477-74d44022f3ce(uuid2246)
сент. 16, 2025 8:21:57 PM webapp.storage.AbstractStorage save
INFO: &amp#27;[32mSave c625f1ba-7b24-4bc9-a79b-9063dfbc7abe(uuid2247)
сент. 16, 2025 8:21:57 PM webapp.storage.AbstractStorage save
INFO: &amp#27;[32mSave 56bc52cf-558e-4990-acb1-d045b9f5b499(uuid2248)
сент. 16, 2025 8:21:57 PM webapp.storage.AbstractStorage save
INFO: &amp#27;[32mSave f40763f1-0dc1-4a2d-bf50-324aceb110bc(uuid2249)
сент. 16, 2025 8:21:57 PM webapp.storage.AbstractStorage save
INFO: &amp#27;[32mSave fbbc8b73-0465-48c1-8298-9c73a4df69a2(uuid2250)
сент. 16, 2025 8:21:57 PM webapp.storage.AbstractStorage save
INFO: &amp#27;[32mSave 512e351f-63f6-4638-bd86-b8d47d7fa4ec(uuid2251)
сент. 16, 2025 8:21:57 PM webapp.storage.AbstractStorage save
INFO: &amp#27;[32mSave d2513896-5779-463b-8782-76a0e814cc33(uuid2252)
сент. 16, 2025 8:21:57 PM webapp.storage.AbstractStorage save
INFO: &amp#27;[32mSave 04e1ed2b-9b02-4bbc-a0c5-75ed1da156c6(uuid2253)
сент. 16, 2025 8:21:57 PM webapp.storage.AbstractStorage save
INFO: &amp#27;[32mSave 6e30e472-1d1d-4b57-ab21-ab0a42c81799(uuid2254)
сент. 16, 2025 8:21:57 PM webapp.storage.AbstractStorage save
INFO: &amp#27;[32mSave 063f70f5-e12f-4ddd-a3ed-be4f7d63d62b(uuid2255)
сент. 16, 2025 8:21:57 PM webapp.storage.AbstractStorage save
INFO: &amp#27;[32mSave b80f1856-e57b-44fe-8fba-95ae342c2637(uuid2256)
сент. 16, 2025 8:21:57 PM webapp.storage.AbstractStorage save
INFO: &amp#27;[32mSave cf55851a-ff8e-460a-a809-22f64441c9ad(uuid2257)
сент. 16, 2025 8:21:57 PM webapp.storage.AbstractStorage save
INFO: &amp#27;[32mSave 6aaba3b1-dd8e-424e-a1de-dc3109872008(uuid2258)
сент. 16, 2025 8:21:57 PM webapp.storage.AbstractStorage save
INFO: &amp#27;[32mSave 4bf6f33c-46ea-405c-83e3-3a99836d2d70(uuid2259)
сент. 16, 2025 8:21:57 PM webapp.storage.AbstractStorage save
INFO: &amp#27;[32mSave f8dbe87c-096c-41c6-8d7c-46e8b20622cf(uuid2260)
сент. 16, 2025 8:21:57 PM webapp.storage.AbstractStorage save
INFO: &amp#27;[32mSave 011897ce-3a8b-4e26-83a8-abfd76c27628(uuid2261)
сент. 16, 2025 8:21:57 PM webapp.storage.AbstractStorage save
INFO: &amp#27;[32mSave 656242af-d502-4a75-a6d1-5c4655b70a1b(uuid2262)
сент. 16, 2025 8:21:57 PM webapp.storage.AbstractStorage save
INFO: &amp#27;[32mSave 82585cdd-de2d-4c3c-bcc3-b38394730622(uuid2263)
сент. 16, 2025 8:21:57 PM webapp.storage.AbstractStorage save
INFO: &amp#27;[32mSave 62cd5396-8108-46e1-a782-a70fd6b00ecf(uuid2264)
сент. 16, 2025 8:21:57 PM webapp.storage.AbstractStorage save
INFO: &amp#27;[32mSave fbdfee6f-7d03-4de3-ac67-d2da89fb4db6(uuid2265)
сент. 16, 2025 8:21:57 PM webapp.storage.AbstractStorage save
INFO: &amp#27;[32mSave c192ced7-591a-4398-a7b6-5f51287a187f(uuid2266)
сент. 16, 2025 8:21:57 PM webapp.storage.AbstractStorage save
INFO: &amp#27;[32mSave 8590dbe1-fb58-4534-803f-e7ed650efb9d(uuid2267)
сент. 16, 2025 8:21:57 PM webapp.storage.AbstractStorage save
INFO: &amp#27;[32mSave af9c07c3-020d-4925-906a-ecce91b7844c(uuid2268)
сент. 16, 2025 8:21:57 PM webapp.storage.AbstractStorage save
INFO: &amp#27;[32mSave 6658963e-304d-4683-a512-bdb696aa62e6(uuid2269)
сент. 16, 2025 8:21:57 PM webapp.storage.AbstractStorage save
INFO: &amp#27;[32mSave 21bc8866-dc9c-4e2b-91a6-c266bd29a4e8(uuid2270)
сент. 16, 2025 8:21:57 PM webapp.storage.AbstractStorage save
INFO: &amp#27;[32mSave 0da1ac1f-f567-4407-8210-c5b69f87923c(uuid2271)
сент. 16, 2025 8:21:57 PM webapp.storage.AbstractStorage save
INFO: &amp#27;[32mSave cc69335f-eb45-4ca6-a6b4-cf33a4761681(uuid2272)
сент. 16, 2025 8:21:57 PM webapp.storage.AbstractStorage save
INFO: &amp#27;[32mSave 66576012-9b0b-4165-b24c-632ed5de97d8(uuid2273)
сент. 16, 2025 8:21:57 PM webapp.storage.AbstractStorage save
INFO: &amp#27;[32mSave ac4a3cc0-d131-465e-8c3c-b25401d01a38(uuid2274)
сент. 16, 2025 8:21:57 PM webapp.storage.AbstractStorage save
INFO: &amp#27;[32mSave 0b48665c-d91c-4ea2-a854-3cebd0259a45(uuid2275)
сент. 16, 2025 8:21:57 PM webapp.storage.AbstractStorage save
INFO: &amp#27;[32mSave 0991ffba-9c6c-4dee-b90e-b31d7c11da4b(uuid2276)
сент. 16, 2025 8:21:57 PM webapp.storage.AbstractStorage save
INFO: &amp#27;[32mSave 869e9424-83e5-4420-a8a6-669c2d967b82(uuid2277)
сент. 16, 2025 8:21:57 PM webapp.storage.AbstractStorage save
INFO: &amp#27;[32mSave d7ae9750-2528-4fcc-81a3-4fd2cfd5cf07(uuid2278)
сент. 16, 2025 8:21:57 PM webapp.storage.AbstractStorage save
INFO: &amp#27;[32mSave 4af48a1d-49a5-464f-8c5b-f324ee4206ff(uuid2279)
сент. 16, 2025 8:21:57 PM webapp.storage.AbstractStorage save
INFO: &amp#27;[32mSave 086866ca-d9cc-4f20-a85a-c6a08c32c598(uuid2280)
сент. 16, 2025 8:21:57 PM webapp.storage.AbstractStorage save
INFO: &amp#27;[32mSave 073babd7-db18-4bc2-91ca-7892c61dbabf(uuid2281)
сент. 16, 2025 8:21:57 PM webapp.storage.AbstractStorage save
INFO: &amp#27;[32mSave b6ed94be-9012-4dee-aa10-61e73d4ee3fd(uuid2282)
сент. 16, 2025 8:21:57 PM webapp.storage.AbstractStorage save
INFO: &amp#27;[32mSave 0bc5e0d6-9f5f-4b19-8d78-f81a92cf8992(uuid2283)
сент. 16, 2025 8:21:57 PM webapp.storage.AbstractStorage save
INFO: &amp#27;[32mSave 3122a176-e8a9-4c57-b51d-cf0091e71df6(uuid2284)
сент. 16, 2025 8:21:57 PM webapp.storage.AbstractStorage save
INFO: &amp#27;[32mSave 5320ce50-075e-470b-8c5a-6d2d59ebb0bd(uuid2285)
сент. 16, 2025 8:21:57 PM webapp.storage.AbstractStorage save
INFO: &amp#27;[32mSave 63d0f863-e10d-480d-b03c-50dd381af9ba(uuid2286)
сент. 16, 2025 8:21:57 PM webapp.storage.AbstractStorage save
INFO: &amp#27;[32mSave 6ec8aae2-0a7b-45e1-b080-f1af047090f0(uuid2287)
сент. 16, 2025 8:21:57 PM webapp.storage.AbstractStorage save
INFO: &amp#27;[32mSave 6e5172e9-d164-4476-8afe-6f1fa88bc9a2(uuid2288)
сент. 16, 2025 8:21:57 PM webapp.storage.AbstractStorage save
INFO: &amp#27;[32mSave 62a3a7b8-dd39-4dee-8b94-ead4b0865445(uuid2289)
сент. 16, 2025 8:21:57 PM webapp.storage.AbstractStorage save
INFO: &amp#27;[32mSave 484043fe-910e-476c-8b16-585c9ca52834(uuid2290)
сент. 16, 2025 8:21:57 PM webapp.storage.AbstractStorage save
INFO: &amp#27;[32mSave 261c966f-775b-46c4-9cd0-2f310a30bb93(uuid2291)
сент. 16, 2025 8:21:57 PM webapp.storage.AbstractStorage save
INFO: &amp#27;[32mSave 3d3e8df9-e0c5-4f4a-b5f3-ff6e5dfb3841(uuid2292)
сент. 16, 2025 8:21:57 PM webapp.storage.AbstractStorage save
INFO: &amp#27;[32mSave c7cea2ba-cfea-4162-95ea-991f32c5c074(uuid2293)
сент. 16, 2025 8:21:57 PM webapp.storage.AbstractStorage save
INFO: &amp#27;[32mSave 9bf2f702-0bfc-4dad-924e-5a9c7046013f(uuid2294)
сент. 16, 2025 8:21:57 PM webapp.storage.AbstractStorage save
INFO: &amp#27;[32mSave a0661f67-eaec-4e29-b78f-0b7850dd4d3a(uuid2295)
сент. 16, 2025 8:21:57 PM webapp.storage.AbstractStorage save
INFO: &amp#27;[32mSave d5cbe8b9-3687-4afa-80a3-288fd502ca85(uuid2296)
сент. 16, 2025 8:21:57 PM webapp.storage.AbstractStorage save
INFO: &amp#27;[32mSave a57d9755-89d2-46ef-84a5-29e45bf3108e(uuid2297)
сент. 16, 2025 8:21:57 PM webapp.storage.AbstractStorage save
INFO: &amp#27;[32mSave 7fdae367-f2dd-40c6-bf3d-bc7d4d3bee8e(uuid2298)
сент. 16, 2025 8:21:57 PM webapp.storage.AbstractStorage save
INFO: &amp#27;[32mSave bd501ee4-cb71-4b7a-b1f9-ac1a2db4ad6a(uuid2299)
сент. 16, 2025 8:21:57 PM webapp.storage.AbstractStorage save
INFO: &amp#27;[32mSave 5cf9d43b-fa32-401f-92b5-249cf5da420c(uuid2300)
сент. 16, 2025 8:21:57 PM webapp.storage.AbstractStorage save
INFO: &amp#27;[32mSave fb3e86bf-4f84-47de-af2f-653aba30edcd(uuid2301)
сент. 16, 2025 8:21:57 PM webapp.storage.AbstractStorage save
INFO: &amp#27;[32mSave 30c3cbfe-21aa-43d2-a8c4-09728972ff64(uuid2302)
сент. 16, 2025 8:21:57 PM webapp.storage.AbstractStorage save
INFO: &amp#27;[32mSave a29b904c-d5e8-4f3d-8182-badd5be6838a(uuid2303)
сент. 16, 2025 8:21:57 PM webapp.storage.AbstractStorage save
INFO: &amp#27;[32mSave 6d77b989-1305-4cb7-9e96-3c14ceb40c16(uuid2304)
сент. 16, 2025 8:21:57 PM webapp.storage.AbstractStorage save
INFO: &amp#27;[32mSave e331366a-1534-4b1f-84ea-f33d482c2974(uuid2305)
сент. 16, 2025 8:21:57 PM webapp.storage.AbstractStorage save
INFO: &amp#27;[32mSave 20196360-48c0-4c92-adc7-26083fbcf3df(uuid2306)
сент. 16, 2025 8:21:57 PM webapp.storage.AbstractStorage save
INFO: &amp#27;[32mSave 4954f4b1-f7f9-4fb7-bb85-7b06410e3a27(uuid2307)
сент. 16, 2025 8:21:57 PM webapp.storage.AbstractStorage save
INFO: &amp#27;[32mSave 4d10dd9b-e79e-4db8-aa1f-bf1f6fd6d8df(uuid2308)
сент. 16, 2025 8:21:57 PM webapp.storage.AbstractStorage save
INFO: &amp#27;[32mSave b0283eb7-27f2-488c-a378-4a97b09d5116(uuid2309)
сент. 16, 2025 8:21:57 PM webapp.storage.AbstractStorage save
INFO: &amp#27;[32mSave 0b53af6b-3cad-4fcb-be01-f31b894a71fd(uuid2310)
сент. 16, 2025 8:21:57 PM webapp.storage.AbstractStorage save
INFO: &amp#27;[32mSave 5841e382-0d97-4966-a435-42daaf801569(uuid2311)
сент. 16, 2025 8:21:57 PM webapp.storage.AbstractStorage save
INFO: &amp#27;[32mSave 7cf020cd-c47c-4b58-a36c-ba02ead44e17(uuid2312)
сент. 16, 2025 8:21:57 PM webapp.storage.AbstractStorage save
INFO: &amp#27;[32mSave d52da605-8220-4a69-9bca-7e0f9f7c1ac1(uuid2313)
сент. 16, 2025 8:21:57 PM webapp.storage.AbstractStorage save
INFO: &amp#27;[32mSave 6b664a54-5b3d-45eb-91c0-7815b745b2d8(uuid2314)
сент. 16, 2025 8:21:57 PM webapp.storage.AbstractStorage save
INFO: &amp#27;[32mSave 00b5f789-ec5b-4e2c-ae9a-c758fb9414a8(uuid2315)
сент. 16, 2025 8:21:57 PM webapp.storage.AbstractStorage save
INFO: &amp#27;[32mSave c988dbe7-6e10-4e58-82cc-d482251cb8c5(uuid2316)
сент. 16, 2025 8:21:57 PM webapp.storage.AbstractStorage save
INFO: &amp#27;[32mSave a36f48bf-4090-4dba-a156-101b93a19114(uuid2317)
сент. 16, 2025 8:21:57 PM webapp.storage.AbstractStorage save
INFO: &amp#27;[32mSave ad4fe83c-6e26-4c3f-b004-278c00d03ae1(uuid2318)
сент. 16, 2025 8:21:57 PM webapp.storage.AbstractStorage save
INFO: &amp#27;[32mSave 9fddc5fd-4680-4784-a939-8a0554ca1f31(uuid2319)
сент. 16, 2025 8:21:57 PM webapp.storage.AbstractStorage save
INFO: &amp#27;[32mSave 4bcb8db3-9932-456a-8c92-0158baee873c(uuid2320)
сент. 16, 2025 8:21:57 PM webapp.storage.AbstractStorage save
INFO: &amp#27;[32mSave 7043aef7-e157-4108-be93-acb8934f7553(uuid2321)
сент. 16, 2025 8:21:57 PM webapp.storage.AbstractStorage save
INFO: &amp#27;[32mSave 44c0b001-23e9-4480-8b83-281f7657b35c(uuid2322)
сент. 16, 2025 8:21:57 PM webapp.storage.AbstractStorage save
INFO: &amp#27;[32mSave 7c8f1691-753e-46ea-9a61-e049eb65238b(uuid2323)
сент. 16, 2025 8:21:57 PM webapp.storage.AbstractStorage save
INFO: &amp#27;[32mSave d66bc90a-32d8-468a-9a7f-9bca0192d9eb(uuid2324)
сент. 16, 2025 8:21:57 PM webapp.storage.AbstractStorage save
INFO: &amp#27;[32mSave a960838d-5971-473f-95da-d62885c9e2d6(uuid2325)
сент. 16, 2025 8:21:57 PM webapp.storage.AbstractStorage save
INFO: &amp#27;[32mSave 857e71d2-d908-4483-a427-9edc30b71259(uuid2326)
сент. 16, 2025 8:21:57 PM webapp.storage.AbstractStorage save
INFO: &amp#27;[32mSave 6559bf9b-c1fb-4176-94d6-841b59e6c1f6(uuid2327)
сент. 16, 2025 8:21:57 PM webapp.storage.AbstractStorage save
INFO: &amp#27;[32mSave a724e7db-b56b-43e5-97cd-43a30256522e(uuid2328)
сент. 16, 2025 8:21:57 PM webapp.storage.AbstractStorage save
INFO: &amp#27;[32mSave 45e5207a-c0de-43f8-bc58-2523f9b51cd0(uuid2329)
сент. 16, 2025 8:21:57 PM webapp.storage.AbstractStorage save
INFO: &amp#27;[32mSave 18fd8d77-722f-418d-9a94-d3a1a887b6c7(uuid2330)
сент. 16, 2025 8:21:57 PM webapp.storage.AbstractStorage save
INFO: &amp#27;[32mSave 8b93e99f-471e-48dc-9bb8-61c915f53d94(uuid2331)
сент. 16, 2025 8:21:57 PM webapp.storage.AbstractStorage save
INFO: &amp#27;[32mSave c19ec7e9-20e6-474c-bcec-7c5a39e26315(uuid2332)
сент. 16, 2025 8:21:57 PM webapp.storage.AbstractStorage save
INFO: &amp#27;[32mSave 9f019246-c26b-4328-9e3c-95dda79e925b(uuid2333)
сент. 16, 2025 8:21:57 PM webapp.storage.AbstractStorage save
INFO: &amp#27;[32mSave 6049ce98-f07f-4937-be4c-ff910b2f4fa4(uuid2334)
сент. 16, 2025 8:21:57 PM webapp.storage.AbstractStorage save
INFO: &amp#27;[32mSave da65f61f-22ab-4d3c-94d8-3eda913c369d(uuid2335)
сент. 16, 2025 8:21:57 PM webapp.storage.AbstractStorage save
INFO: &amp#27;[32mSave 4c762e79-c74d-4b33-93d1-ac681bcc06cc(uuid2336)
сент. 16, 2025 8:21:57 PM webapp.storage.AbstractStorage save
INFO: &amp#27;[32mSave 02e7bb3f-b6cf-4ec2-9dfe-b0fbb018ae6d(uuid2337)
сент. 16, 2025 8:21:57 PM webapp.storage.AbstractStorage save
INFO: &amp#27;[32mSave f93ed4b7-cd12-4039-a0f7-3a2eb3e84d50(uuid2338)
сент. 16, 2025 8:21:57 PM webapp.storage.AbstractStorage save
INFO: &amp#27;[32mSave 98cd5995-f066-4812-9bed-ec291dd21f19(uuid2339)
сент. 16, 2025 8:21:57 PM webapp.storage.AbstractStorage save
INFO: &amp#27;[32mSave fc93ef03-20ae-496a-8691-f086b94b00a1(uuid2340)
сент. 16, 2025 8:21:57 PM webapp.storage.AbstractStorage save
INFO: &amp#27;[32mSave d04edb74-1aaa-49db-ac54-9d499b5d0088(uuid2341)
сент. 16, 2025 8:21:57 PM webapp.storage.AbstractStorage save
INFO: &amp#27;[32mSave ffb1aa1e-8697-4fbc-b46a-3b639aaf352e(uuid2342)
сент. 16, 2025 8:21:57 PM webapp.storage.AbstractStorage save
INFO: &amp#27;[32mSave 28fdd83a-81f3-4645-909d-b5cca7a7e919(uuid2343)
сент. 16, 2025 8:21:57 PM webapp.storage.AbstractStorage save
INFO: &amp#27;[32mSave bd8d3a4f-4872-477b-9160-4a693c0adaa3(uuid2344)
сент. 16, 2025 8:21:57 PM webapp.storage.AbstractStorage save
INFO: &amp#27;[32mSave 309da81e-cb2f-4990-959a-8e2f1963e4e2(uuid2345)
сент. 16, 2025 8:21:57 PM webapp.storage.AbstractStorage save
INFO: &amp#27;[32mSave db0c5cf8-c919-439c-84d8-0ea07ce0b6ff(uuid2346)
сент. 16, 2025 8:21:57 PM webapp.storage.AbstractStorage save
INFO: &amp#27;[32mSave 83f3bd01-663f-43db-aad3-4ca63e20d9ba(uuid2347)
сент. 16, 2025 8:21:57 PM webapp.storage.AbstractStorage save
INFO: &amp#27;[32mSave 47532d6b-16c6-4547-996b-f2597abde7c5(uuid2348)
сент. 16, 2025 8:21:57 PM webapp.storage.AbstractStorage save
INFO: &amp#27;[32mSave e0dc164c-f012-4d7b-931a-0fad6ba16fba(uuid2349)
сент. 16, 2025 8:21:57 PM webapp.storage.AbstractStorage save
INFO: &amp#27;[32mSave 24820459-d53a-4ab7-87d9-050c5a0ebb2a(uuid2350)
сент. 16, 2025 8:21:57 PM webapp.storage.AbstractStorage save
INFO: &amp#27;[32mSave 564c09bf-f402-4ac1-bb80-f8427ddcaa57(uuid2351)
сент. 16, 2025 8:21:57 PM webapp.storage.AbstractStorage save
INFO: &amp#27;[32mSave 25680262-afa1-4340-b63e-4bccf05c8fd9(uuid2352)
сент. 16, 2025 8:21:57 PM webapp.storage.AbstractStorage save
INFO: &amp#27;[32mSave d8b7ec1c-be73-464f-91c2-e8747e458bbb(uuid2353)
сент. 16, 2025 8:21:57 PM webapp.storage.AbstractStorage save
INFO: &amp#27;[32mSave f8d37ef9-491e-4144-b246-b9d4170b00e3(uuid2354)
сент. 16, 2025 8:21:57 PM webapp.storage.AbstractStorage save
INFO: &amp#27;[32mSave 168c5be5-2c09-4198-b0e4-39ab3b0f0a25(uuid2355)
сент. 16, 2025 8:21:57 PM webapp.storage.AbstractStorage save
INFO: &amp#27;[32mSave 041d856e-f721-411a-973e-b93e5e05b76f(uuid2356)
сент. 16, 2025 8:21:57 PM webapp.storage.AbstractStorage save
INFO: &amp#27;[32mSave b01170a0-fbe9-49ab-8608-f626fe2fcd47(uuid2357)
сент. 16, 2025 8:21:57 PM webapp.storage.AbstractStorage save
INFO: &amp#27;[32mSave 098dbe46-1482-45ce-a06d-791c22982eeb(uuid2358)
сент. 16, 2025 8:21:57 PM webapp.storage.AbstractStorage save
INFO: &amp#27;[32mSave dceb2bf9-f785-4008-9d33-fbf047cba417(uuid2359)
сент. 16, 2025 8:21:57 PM webapp.storage.AbstractStorage save
INFO: &amp#27;[32mSave 3d636c58-2372-4b7d-ac7a-33adb8c731f7(uuid2360)
сент. 16, 2025 8:21:57 PM webapp.storage.AbstractStorage save
INFO: &amp#27;[32mSave ccbc6804-15c7-4122-be47-59d9cb138a14(uuid2361)
сент. 16, 2025 8:21:57 PM webapp.storage.AbstractStorage save
INFO: &amp#27;[32mSave 7242127d-4add-42e5-84c4-9dea53f3797a(uuid2362)
сент. 16, 2025 8:21:57 PM webapp.storage.AbstractStorage save
INFO: &amp#27;[32mSave 4990cd0e-b2ff-478c-a35d-9eb5c2bfc14f(uuid2363)
сент. 16, 2025 8:21:57 PM webapp.storage.AbstractStorage save
INFO: &amp#27;[32mSave 549a3a7b-530b-465b-ad0d-9a0851a2494c(uuid2364)
сент. 16, 2025 8:21:57 PM webapp.storage.AbstractStorage save
INFO: &amp#27;[32mSave 5e20464d-e684-4a4b-a855-39b79cd7df4f(uuid2365)
сент. 16, 2025 8:21:57 PM webapp.storage.AbstractStorage save
INFO: &amp#27;[32mSave 69ec3b2d-e9b2-45df-b495-260e1d36cbe9(uuid2366)
сент. 16, 2025 8:21:57 PM webapp.storage.AbstractStorage save
INFO: &amp#27;[32mSave 2cc99207-84e2-4461-86d9-c9c3a21007a3(uuid2367)
сент. 16, 2025 8:21:57 PM webapp.storage.AbstractStorage save
INFO: &amp#27;[32mSave c04e4ce8-9ffb-48e0-842c-cc8caa8b4194(uuid2368)
сент. 16, 2025 8:21:57 PM webapp.storage.AbstractStorage save
INFO: &amp#27;[32mSave 4c250bff-8c1b-409b-a299-9986dd5f47d6(uuid2369)
сент. 16, 2025 8:21:57 PM webapp.storage.AbstractStorage save
INFO: &amp#27;[32mSave 1f4bbae5-338e-49f1-ae99-9293c851002d(uuid2370)
сент. 16, 2025 8:21:57 PM webapp.storage.AbstractStorage save
INFO: &amp#27;[32mSave afb3f5dc-f95b-4720-ae2b-2e6088ae8028(uuid2371)
сент. 16, 2025 8:21:57 PM webapp.storage.AbstractStorage save
INFO: &amp#27;[32mSave e123187f-fc63-404f-8789-180e88e0df52(uuid2372)
сент. 16, 2025 8:21:57 PM webapp.storage.AbstractStorage save
INFO: &amp#27;[32mSave 4155d2bd-70c7-47e4-be48-1eafd993dd0c(uuid2373)
сент. 16, 2025 8:21:57 PM webapp.storage.AbstractStorage save
INFO: &amp#27;[32mSave d07a9cb2-edd7-4af7-8025-1cd533b33e27(uuid2374)
сент. 16, 2025 8:21:57 PM webapp.storage.AbstractStorage save
INFO: &amp#27;[32mSave 07c50fc7-9ad4-4351-8750-c760934faf52(uuid2375)
сент. 16, 2025 8:21:57 PM webapp.storage.AbstractStorage save
INFO: &amp#27;[32mSave 1a643de4-b1c4-4cf4-b7cd-ab0109880164(uuid2376)
сент. 16, 2025 8:21:57 PM webapp.storage.AbstractStorage save
INFO: &amp#27;[32mSave 807eee98-cfce-4b13-895e-1ba5d3f9118c(uuid2377)
сент. 16, 2025 8:21:57 PM webapp.storage.AbstractStorage save
INFO: &amp#27;[32mSave 6a3ea2d1-2f0f-4441-b3bc-790271fc39c0(uuid2378)
сент. 16, 2025 8:21:57 PM webapp.storage.AbstractStorage save
INFO: &amp#27;[32mSave e925ae8e-82e4-4e3e-a449-ed6e1f9e3bef(uuid2379)
сент. 16, 2025 8:21:57 PM webapp.storage.AbstractStorage save
INFO: &amp#27;[32mSave 3746664b-3652-484e-8562-f13449037719(uuid2380)
сент. 16, 2025 8:21:57 PM webapp.storage.AbstractStorage save
INFO: &amp#27;[32mSave 06be1ef7-4eb0-473b-9fca-d97f53b4f866(uuid2381)
сент. 16, 2025 8:21:57 PM webapp.storage.AbstractStorage save
INFO: &amp#27;[32mSave 182805dc-39ba-4258-b3aa-01498b65fbd7(uuid2382)
сент. 16, 2025 8:21:57 PM webapp.storage.AbstractStorage save
INFO: &amp#27;[32mSave 3e566ef1-946f-4958-8cf5-0cfe390d5827(uuid2383)
сент. 16, 2025 8:21:57 PM webapp.storage.AbstractStorage save
INFO: &amp#27;[32mSave 0e12e6a2-3386-42d2-8152-aa3fa0f0f44d(uuid2384)
сент. 16, 2025 8:21:57 PM webapp.storage.AbstractStorage save
INFO: &amp#27;[32mSave 5dbbdfe1-e85b-4069-8e14-d11845b20c5a(uuid2385)
сент. 16, 2025 8:21:57 PM webapp.storage.AbstractStorage save
INFO: &amp#27;[32mSave 16b4b398-479c-4537-b95e-4ec3130fffe2(uuid2386)
сент. 16, 2025 8:21:57 PM webapp.storage.AbstractStorage save
INFO: &amp#27;[32mSave da476ed1-205b-4f9d-9ab4-45bfd345cc1a(uuid2387)
сент. 16, 2025 8:21:57 PM webapp.storage.AbstractStorage save
INFO: &amp#27;[32mSave a720b595-fad9-425e-9c54-34470be7d7f6(uuid2388)
сент. 16, 2025 8:21:57 PM webapp.storage.AbstractStorage save
INFO: &amp#27;[32mSave c8c4dd9a-d7d5-4636-a657-a381e2736fef(uuid2389)
сент. 16, 2025 8:21:57 PM webapp.storage.AbstractStorage save
INFO: &amp#27;[32mSave 5211cfce-c9f0-4c64-84f2-cd58d737ab69(uuid2390)
сент. 16, 2025 8:21:57 PM webapp.storage.AbstractStorage save
INFO: &amp#27;[32mSave 230f8437-119b-4e4a-a76d-a339338b3dc0(uuid2391)
сент. 16, 2025 8:21:57 PM webapp.storage.AbstractStorage save
INFO: &amp#27;[32mSave d1e5c859-f462-4129-9346-c4be81e7e552(uuid2392)
сент. 16, 2025 8:21:57 PM webapp.storage.AbstractStorage save
INFO: &amp#27;[32mSave ecd7864d-1204-4d89-8a81-23dc613f6b62(uuid2393)
сент. 16, 2025 8:21:57 PM webapp.storage.AbstractStorage save
INFO: &amp#27;[32mSave 51b2aa1a-d8ba-4726-b721-b0cf03849a2f(uuid2394)
сент. 16, 2025 8:21:57 PM webapp.storage.AbstractStorage save
INFO: &amp#27;[32mSave 065cb671-d901-4e8f-9a7e-44755b682952(uuid2395)
сент. 16, 2025 8:21:57 PM webapp.storage.AbstractStorage save
INFO: &amp#27;[32mSave 064aff93-46c4-43e3-81db-bddee8f65376(uuid2396)
сент. 16, 2025 8:21:57 PM webapp.storage.AbstractStorage save
INFO: &amp#27;[32mSave f041508f-0444-4b5e-8489-fcd9a097bbbd(uuid2397)
сент. 16, 2025 8:21:57 PM webapp.storage.AbstractStorage save
INFO: &amp#27;[32mSave 0c98b048-74d8-4c50-817a-8159e69811c4(uuid2398)
сент. 16, 2025 8:21:57 PM webapp.storage.AbstractStorage save
INFO: &amp#27;[32mSave a8031878-4ca7-434d-a685-af5bebb4b423(uuid2399)
сент. 16, 2025 8:21:57 PM webapp.storage.AbstractStorage save
INFO: &amp#27;[32mSave 69be1de8-da33-4017-a8a2-e43722deb2b6(uuid2400)
сент. 16, 2025 8:21:57 PM webapp.storage.AbstractStorage save
INFO: &amp#27;[32mSave b9342005-ae4c-4add-aee4-94e3a2e3e4da(uuid2401)
сент. 16, 2025 8:21:57 PM webapp.storage.AbstractStorage save
INFO: &amp#27;[32mSave db526c78-dd1a-4a87-a400-6ed471cb0543(uuid2402)
сент. 16, 2025 8:21:57 PM webapp.storage.AbstractStorage save
INFO: &amp#27;[32mSave 3fa44322-9389-45fe-81a4-85b1361269d6(uuid2403)
сент. 16, 2025 8:21:57 PM webapp.storage.AbstractStorage save
INFO: &amp#27;[32mSave 1c1ccf74-2286-498f-a44f-baea67c49318(uuid2404)
сент. 16, 2025 8:21:57 PM webapp.storage.AbstractStorage save
INFO: &amp#27;[32mSave 14bd5d38-b4eb-4cc7-acb8-2eb1f61950d0(uuid2405)
сент. 16, 2025 8:21:57 PM webapp.storage.AbstractStorage save
INFO: &amp#27;[32mSave 35418dcf-6d71-41e1-91a3-aed587181e52(uuid2406)
сент. 16, 2025 8:21:57 PM webapp.storage.AbstractStorage save
INFO: &amp#27;[32mSave 5d4a4abb-315d-422e-89eb-32175c672fff(uuid2407)
сент. 16, 2025 8:21:57 PM webapp.storage.AbstractStorage save
INFO: &amp#27;[32mSave 02d6e678-aae0-442e-b3de-6a2fa5052c72(uuid2408)
сент. 16, 2025 8:21:57 PM webapp.storage.AbstractStorage save
INFO: &amp#27;[32mSave c4e27258-815b-4a22-98cb-f7cec19f4b66(uuid2409)
сент. 16, 2025 8:21:57 PM webapp.storage.AbstractStorage save
INFO: &amp#27;[32mSave 66cdeb6a-38bf-4f9a-9b0f-58eca5f9f04c(uuid2410)
сент. 16, 2025 8:21:57 PM webapp.storage.AbstractStorage save
INFO: &amp#27;[32mSave 29811c32-0f87-4484-9afc-5d41ac71e174(uuid2411)
сент. 16, 2025 8:21:57 PM webapp.storage.AbstractStorage save
INFO: &amp#27;[32mSave 8f176d0e-ca1a-438c-921a-e1441d73c55b(uuid2412)
сент. 16, 2025 8:21:57 PM webapp.storage.AbstractStorage save
INFO: &amp#27;[32mSave 73555ae1-5a58-41d4-9614-6a323d3cea5c(uuid2413)
сент. 16, 2025 8:21:57 PM webapp.storage.AbstractStorage save
INFO: &amp#27;[32mSave a815e665-4172-4a2d-ac6b-50cdc9128a66(uuid2414)
сент. 16, 2025 8:21:57 PM webapp.storage.AbstractStorage save
INFO: &amp#27;[32mSave 5522cd82-dd6e-4ecb-8a14-3d68affb9a66(uuid2415)
сент. 16, 2025 8:21:57 PM webapp.storage.AbstractStorage save
INFO: &amp#27;[32mSave ffce8308-b652-43a2-9c64-3bf5c72d83f4(uuid2416)
сент. 16, 2025 8:21:57 PM webapp.storage.AbstractStorage save
INFO: &amp#27;[32mSave 295d18b1-f9e6-409b-9b39-3b340314ea60(uuid2417)
сент. 16, 2025 8:21:57 PM webapp.storage.AbstractStorage save
INFO: &amp#27;[32mSave 6e394ecd-e681-4e92-b725-c09550977d4e(uuid2418)
сент. 16, 2025 8:21:57 PM webapp.storage.AbstractStorage save
INFO: &amp#27;[32mSave 790a65da-adbb-4c9f-8d8e-3ff39e58cc5b(uuid2419)
сент. 16, 2025 8:21:57 PM webapp.storage.AbstractStorage save
INFO: &amp#27;[32mSave 777a1b64-4c08-4e39-bae9-0244f01051c4(uuid2420)
сент. 16, 2025 8:21:57 PM webapp.storage.AbstractStorage save
INFO: &amp#27;[32mSave e8320103-ce0f-4430-af38-e81affaa9d8d(uuid2421)
сент. 16, 2025 8:21:57 PM webapp.storage.AbstractStorage save
INFO: &amp#27;[32mSave f535e3e2-0ba2-4e65-a7b5-53739a772b40(uuid2422)
сент. 16, 2025 8:21:57 PM webapp.storage.AbstractStorage save
INFO: &amp#27;[32mSave 913abb0b-273b-42f2-84da-5523f84b586f(uuid2423)
сент. 16, 2025 8:21:57 PM webapp.storage.AbstractStorage save
INFO: &amp#27;[32mSave e5102b6e-8af6-4d3c-a625-f371dc9b99e0(uuid2424)
сент. 16, 2025 8:21:57 PM webapp.storage.AbstractStorage save
INFO: &amp#27;[32mSave a0b34001-7bd0-41ea-a253-93a8c6443c4f(uuid2425)
сент. 16, 2025 8:21:57 PM webapp.storage.AbstractStorage save
INFO: &amp#27;[32mSave 91e321f7-600b-42bb-a161-d810a8489b9b(uuid2426)
сент. 16, 2025 8:21:57 PM webapp.storage.AbstractStorage save
INFO: &amp#27;[32mSave 75e23f60-00cd-41be-a04b-ef0f82e3be42(uuid2427)
сент. 16, 2025 8:21:57 PM webapp.storage.AbstractStorage save
INFO: &amp#27;[32mSave 0887fd45-7732-4802-8650-5a70affd84bf(uuid2428)
сент. 16, 2025 8:21:57 PM webapp.storage.AbstractStorage save
INFO: &amp#27;[32mSave 81ded5eb-7958-46fb-a072-ffbc1629174d(uuid2429)
сент. 16, 2025 8:21:57 PM webapp.storage.AbstractStorage save
INFO: &amp#27;[32mSave 6ece8342-7431-4dc5-a6b7-e771677bca2e(uuid2430)
сент. 16, 2025 8:21:57 PM webapp.storage.AbstractStorage save
INFO: &amp#27;[32mSave c1786ebe-1f80-4a89-afb3-336d7a52d210(uuid2431)
сент. 16, 2025 8:21:57 PM webapp.storage.AbstractStorage save
INFO: &amp#27;[32mSave 4edb7808-6180-40c5-9c0a-e14e14a4414f(uuid2432)
сент. 16, 2025 8:21:57 PM webapp.storage.AbstractStorage save
INFO: &amp#27;[32mSave 8771b28d-0c2a-4830-a824-9e5c9b9b4f2a(uuid2433)
сент. 16, 2025 8:21:57 PM webapp.storage.AbstractStorage save
INFO: &amp#27;[32mSave 09e0e979-c6c1-4f94-984c-023a16329e65(uuid2434)
сент. 16, 2025 8:21:57 PM webapp.storage.AbstractStorage save
INFO: &amp#27;[32mSave c488b744-1a2e-4e6d-9cfd-aa4e55612452(uuid2435)
сент. 16, 2025 8:21:57 PM webapp.storage.AbstractStorage save
INFO: &amp#27;[32mSave 3a02b834-a4b0-43fe-a0c2-62be6793b71c(uuid2436)
сент. 16, 2025 8:21:57 PM webapp.storage.AbstractStorage save
INFO: &amp#27;[32mSave 4298c0be-b87b-4698-a2a1-9275af1299f2(uuid2437)
сент. 16, 2025 8:21:57 PM webapp.storage.AbstractStorage save
INFO: &amp#27;[32mSave 68bb2196-aa91-4641-b1b2-e2c140fdba46(uuid2438)
сент. 16, 2025 8:21:57 PM webapp.storage.AbstractStorage save
INFO: &amp#27;[32mSave bc53f0b6-11b7-4258-a1db-425464d56645(uuid2439)
сент. 16, 2025 8:21:57 PM webapp.storage.AbstractStorage save
INFO: &amp#27;[32mSave 5e904be7-00b2-42fb-b3a4-29a07e823fbb(uuid2440)
сент. 16, 2025 8:21:57 PM webapp.storage.AbstractStorage save
INFO: &amp#27;[32mSave 7978e614-2df8-4316-9e78-af7b2d7b0618(uuid2441)
сент. 16, 2025 8:21:57 PM webapp.storage.AbstractStorage save
INFO: &amp#27;[32mSave 74a491c5-5c77-4e74-8b11-a82725cb9927(uuid2442)
сент. 16, 2025 8:21:57 PM webapp.storage.AbstractStorage save
INFO: &amp#27;[32mSave adfe14bf-7beb-4827-9915-41dedf39ad0b(uuid2443)
сент. 16, 2025 8:21:57 PM webapp.storage.AbstractStorage save
INFO: &amp#27;[32mSave febe80e6-91f2-43d2-95c5-761771c1963d(uuid2444)
сент. 16, 2025 8:21:57 PM webapp.storage.AbstractStorage save
INFO: &amp#27;[32mSave 83937eee-94a9-49e6-9930-b6c68fe63b44(uuid2445)
сент. 16, 2025 8:21:57 PM webapp.storage.AbstractStorage save
INFO: &amp#27;[32mSave b773616b-1424-4e63-80fe-1bf008226c6c(uuid2446)
сент. 16, 2025 8:21:57 PM webapp.storage.AbstractStorage save
INFO: &amp#27;[32mSave b1067774-ab90-4f60-8dd4-a6e24c6ced5d(uuid2447)
сент. 16, 2025 8:21:57 PM webapp.storage.AbstractStorage save
INFO: &amp#27;[32mSave 0a21a384-540d-49db-81da-54288b9aafcb(uuid2448)
сент. 16, 2025 8:21:57 PM webapp.storage.AbstractStorage save
INFO: &amp#27;[32mSave bd0dc780-b995-4ee6-9e93-2436ed2764b9(uuid2449)
сент. 16, 2025 8:21:57 PM webapp.storage.AbstractStorage save
INFO: &amp#27;[32mSave 094f0661-4865-4ccf-8e99-d8ec776c20a0(uuid2450)
сент. 16, 2025 8:21:57 PM webapp.storage.AbstractStorage save
INFO: &amp#27;[32mSave caac6d72-d8c7-4b5e-bbb2-b4223257bdbd(uuid2451)
сент. 16, 2025 8:21:57 PM webapp.storage.AbstractStorage save
INFO: &amp#27;[32mSave 93e3d97a-f539-4abd-892b-9ed51cb551c4(uuid2452)
сент. 16, 2025 8:21:57 PM webapp.storage.AbstractStorage save
INFO: &amp#27;[32mSave c38724ab-bfd1-4a9a-bb19-423179aa4aed(uuid2453)
сент. 16, 2025 8:21:57 PM webapp.storage.AbstractStorage save
INFO: &amp#27;[32mSave a2938f10-32dd-4f98-81fd-b3fa8d81a82d(uuid2454)
сент. 16, 2025 8:21:57 PM webapp.storage.AbstractStorage save
INFO: &amp#27;[32mSave ed25d677-dea8-42d7-b60b-ebfd711facd7(uuid2455)
сент. 16, 2025 8:21:57 PM webapp.storage.AbstractStorage save
INFO: &amp#27;[32mSave 55e8d919-d95e-44e0-8b83-5c07d092e0c6(uuid2456)
сент. 16, 2025 8:21:57 PM webapp.storage.AbstractStorage save
INFO: &amp#27;[32mSave 2ff82d0d-1959-4e27-af3c-f401c160f6f7(uuid2457)
сент. 16, 2025 8:21:57 PM webapp.storage.AbstractStorage save
INFO: &amp#27;[32mSave 01f4f4ea-2fdd-42c0-9033-2b41d9d617d7(uuid2458)
сент. 16, 2025 8:21:57 PM webapp.storage.AbstractStorage save
INFO: &amp#27;[32mSave 815e4bb2-a8d4-4e10-b63e-e10c717eb523(uuid2459)
сент. 16, 2025 8:21:57 PM webapp.storage.AbstractStorage save
INFO: &amp#27;[32mSave d5d894c8-4b7a-4620-91f7-6fca4868066b(uuid2460)
сент. 16, 2025 8:21:57 PM webapp.storage.AbstractStorage save
INFO: &amp#27;[32mSave b21f041a-b87b-4230-a445-eafad2f7b2d1(uuid2461)
сент. 16, 2025 8:21:57 PM webapp.storage.AbstractStorage save
INFO: &amp#27;[32mSave e93f0e7b-35fb-48d5-9c98-f6311a669b70(uuid2462)
сент. 16, 2025 8:21:57 PM webapp.storage.AbstractStorage save
INFO: &amp#27;[32mSave 80fc0d2e-ee98-4997-8a6b-30f4f7fc945a(uuid2463)
сент. 16, 2025 8:21:57 PM webapp.storage.AbstractStorage save
INFO: &amp#27;[32mSave 5c379099-b485-4e79-aa75-eea02b2375c6(uuid2464)
сент. 16, 2025 8:21:57 PM webapp.storage.AbstractStorage save
INFO: &amp#27;[32mSave 7d6c231d-718a-49a7-b341-6a28086d4dff(uuid2465)
сент. 16, 2025 8:21:57 PM webapp.storage.AbstractStorage save
INFO: &amp#27;[32mSave add82351-7693-43d3-85e9-eadfaa4fde6f(uuid2466)
сент. 16, 2025 8:21:57 PM webapp.storage.AbstractStorage save
INFO: &amp#27;[32mSave 75dc7967-a201-4f90-ab52-9081a3ae7b97(uuid2467)
сент. 16, 2025 8:21:57 PM webapp.storage.AbstractStorage save
INFO: &amp#27;[32mSave 5642c3e8-985f-4c33-85ef-716301493986(uuid2468)
сент. 16, 2025 8:21:57 PM webapp.storage.AbstractStorage save
INFO: &amp#27;[32mSave 5f323ff0-e050-44f8-8f76-ce2ae30d60d1(uuid2469)
сент. 16, 2025 8:21:57 PM webapp.storage.AbstractStorage save
INFO: &amp#27;[32mSave a70a9aba-750c-4953-9825-4e8189474778(uuid2470)
сент. 16, 2025 8:21:57 PM webapp.storage.AbstractStorage save
INFO: &amp#27;[32mSave c5cf8db8-19ef-4cfe-81ad-dcd146f5598d(uuid2471)
сент. 16, 2025 8:21:57 PM webapp.storage.AbstractStorage save
INFO: &amp#27;[32mSave 964e307a-f1e7-47b7-87b2-6f809f798d68(uuid2472)
сент. 16, 2025 8:21:57 PM webapp.storage.AbstractStorage save
INFO: &amp#27;[32mSave 5169819b-92b4-4d48-b8c2-f79518509865(uuid2473)
сент. 16, 2025 8:21:57 PM webapp.storage.AbstractStorage save
INFO: &amp#27;[32mSave f7c72c80-3486-4ad0-afba-8dbf7e110040(uuid2474)
сент. 16, 2025 8:21:57 PM webapp.storage.AbstractStorage save
INFO: &amp#27;[32mSave d85cb13a-7241-4efe-b65a-c36cc8be721a(uuid2475)
сент. 16, 2025 8:21:57 PM webapp.storage.AbstractStorage save
INFO: &amp#27;[32mSave 8043c4ae-6784-4fe4-9c8e-047924315e27(uuid2476)
сент. 16, 2025 8:21:57 PM webapp.storage.AbstractStorage save
INFO: &amp#27;[32mSave 65651779-c531-4d64-ab0d-318f68540a48(uuid2477)
сент. 16, 2025 8:21:57 PM webapp.storage.AbstractStorage save
INFO: &amp#27;[32mSave 8504572a-4941-44ce-8a15-faceeecae5bd(uuid2478)
сент. 16, 2025 8:21:57 PM webapp.storage.AbstractStorage save
INFO: &amp#27;[32mSave 68414be0-3994-4e63-962e-3ab4353ba98d(uuid2479)
сент. 16, 2025 8:21:57 PM webapp.storage.AbstractStorage save
INFO: &amp#27;[32mSave f1ae0c42-5d74-4aa4-b77a-1f5d8baf0b6f(uuid2480)
сент. 16, 2025 8:21:57 PM webapp.storage.AbstractStorage save
INFO: &amp#27;[32mSave cc973ee3-b97d-485c-8273-ba6569dc1fe8(uuid2481)
сент. 16, 2025 8:21:57 PM webapp.storage.AbstractStorage save
INFO: &amp#27;[32mSave 85b91c6d-5eb7-4fa3-ac88-cff0ac43bcce(uuid2482)
сент. 16, 2025 8:21:57 PM webapp.storage.AbstractStorage save
INFO: &amp#27;[32mSave 016982fb-a90c-4802-ab47-33136a5acb57(uuid2483)
сент. 16, 2025 8:21:57 PM webapp.storage.AbstractStorage save
INFO: &amp#27;[32mSave f3484456-8b20-471b-8d67-2b59af3b2901(uuid2484)
сент. 16, 2025 8:21:57 PM webapp.storage.AbstractStorage save
INFO: &amp#27;[32mSave 8408262e-0ed5-4c8e-9c6b-8bb9b64ff918(uuid2485)
сент. 16, 2025 8:21:57 PM webapp.storage.AbstractStorage save
INFO: &amp#27;[32mSave ee067936-4996-4e76-8350-7400f1f1825a(uuid2486)
сент. 16, 2025 8:21:57 PM webapp.storage.AbstractStorage save
INFO: &amp#27;[32mSave a76b736d-5deb-407f-aedc-d0accfd612e7(uuid2487)
сент. 16, 2025 8:21:57 PM webapp.storage.AbstractStorage save
INFO: &amp#27;[32mSave f799aba4-90aa-47f2-b310-5a92b6992d3e(uuid2488)
сент. 16, 2025 8:21:57 PM webapp.storage.AbstractStorage save
INFO: &amp#27;[32mSave 28427d98-bcc1-4202-8e63-a5968c9684c8(uuid2489)
сент. 16, 2025 8:21:57 PM webapp.storage.AbstractStorage save
INFO: &amp#27;[32mSave ca552427-a408-4183-809e-d0c94e5ca285(uuid2490)
сент. 16, 2025 8:21:57 PM webapp.storage.AbstractStorage save
INFO: &amp#27;[32mSave fba5e7e6-7d3c-4032-9cf6-6280f0d3dc08(uuid2491)
сент. 16, 2025 8:21:57 PM webapp.storage.AbstractStorage save
INFO: &amp#27;[32mSave 8d633308-21d7-458e-8614-2fabdc2dd7e8(uuid2492)
сент. 16, 2025 8:21:57 PM webapp.storage.AbstractStorage save
INFO: &amp#27;[32mSave acc41d77-a008-49fd-9879-591ce1e46f88(uuid2493)
сент. 16, 2025 8:21:57 PM webapp.storage.AbstractStorage save
INFO: &amp#27;[32mSave c6b39574-ed16-4b86-bcd9-4f1b066c2f94(uuid2494)
сент. 16, 2025 8:21:57 PM webapp.storage.AbstractStorage save
INFO: &amp#27;[32mSave 5bb37b90-19d1-4806-9cce-e9ad6263c882(uuid2495)
сент. 16, 2025 8:21:57 PM webapp.storage.AbstractStorage save
INFO: &amp#27;[32mSave 5d53f666-4129-436b-aae2-056c10250595(uuid2496)
сент. 16, 2025 8:21:57 PM webapp.storage.AbstractStorage save
INFO: &amp#27;[32mSave 5e8816ff-a6e1-440a-85d4-b8e06ee679e7(uuid2497)
сент. 16, 2025 8:21:57 PM webapp.storage.AbstractStorage save
INFO: &amp#27;[32mSave 3b25f302-bfde-430c-9107-095e9c9d4c33(uuid2498)
сент. 16, 2025 8:21:57 PM webapp.storage.AbstractStorage save
INFO: &amp#27;[32mSave 26832059-cdc6-4b64-8c1e-d9f742174f1b(uuid2499)
сент. 16, 2025 8:21:57 PM webapp.storage.AbstractStorage save
INFO: &amp#27;[32mSave f8fb97b2-514a-48a1-945f-d6dc4a335081(uuid2500)
сент. 16, 2025 8:21:57 PM webapp.storage.AbstractStorage save
INFO: &amp#27;[32mSave 58fe5b7c-e451-4ee0-88ec-d5dfa9f5b1cf(uuid2501)
сент. 16, 2025 8:21:57 PM webapp.storage.AbstractStorage save
INFO: &amp#27;[32mSave c403fc5b-4e51-4c98-b3d0-0640e3c45c1c(uuid2502)
сент. 16, 2025 8:21:57 PM webapp.storage.AbstractStorage save
INFO: &amp#27;[32mSave f9f74774-89e9-46e0-b0ed-d318f015b07f(uuid2503)
сент. 16, 2025 8:21:57 PM webapp.storage.AbstractStorage save
INFO: &amp#27;[32mSave b421c79d-c36f-49ae-aca2-0392e425b830(uuid2504)
сент. 16, 2025 8:21:57 PM webapp.storage.AbstractStorage save
INFO: &amp#27;[32mSave 90b18d12-bad6-438c-a3bc-189073d43a70(uuid2505)
сент. 16, 2025 8:21:57 PM webapp.storage.AbstractStorage save
INFO: &amp#27;[32mSave 8b73ef22-3974-490b-9fef-01a0b4311eea(uuid2506)
сент. 16, 2025 8:21:57 PM webapp.storage.AbstractStorage save
INFO: &amp#27;[32mSave 783d058c-42e9-4f68-8bdf-1c444bd6e1be(uuid2507)
сент. 16, 2025 8:21:57 PM webapp.storage.AbstractStorage save
INFO: &amp#27;[32mSave 90fb7e7b-03ac-4f4d-88d0-e3d139b1b1ae(uuid2508)
сент. 16, 2025 8:21:57 PM webapp.storage.AbstractStorage save
INFO: &amp#27;[32mSave cd61c6bf-30c1-450f-b45c-fe256299f676(uuid2509)
сент. 16, 2025 8:21:57 PM webapp.storage.AbstractStorage save
INFO: &amp#27;[32mSave 8acbb29d-0216-40bc-af3e-affeaae72151(uuid2510)
сент. 16, 2025 8:21:57 PM webapp.storage.AbstractStorage save
INFO: &amp#27;[32mSave ed740a13-f967-4e7b-8fe8-a14170c020a8(uuid2511)
сент. 16, 2025 8:21:57 PM webapp.storage.AbstractStorage save
INFO: &amp#27;[32mSave 129cecb9-4ad3-4716-be8c-f25c30ab721a(uuid2512)
сент. 16, 2025 8:21:57 PM webapp.storage.AbstractStorage save
INFO: &amp#27;[32mSave fa5896dc-bfb5-49b3-bb70-670ac839150b(uuid2513)
сент. 16, 2025 8:21:57 PM webapp.storage.AbstractStorage save
INFO: &amp#27;[32mSave 7197d561-85e7-4ec7-9e88-cabbcac27a52(uuid2514)
сент. 16, 2025 8:21:57 PM webapp.storage.AbstractStorage save
INFO: &amp#27;[32mSave 15d7981c-a6a1-4e8a-abda-061e1cceba58(uuid2515)
сент. 16, 2025 8:21:57 PM webapp.storage.AbstractStorage save
INFO: &amp#27;[32mSave 38b2f85d-4e71-47ee-b579-59b6a85ba442(uuid2516)
сент. 16, 2025 8:21:57 PM webapp.storage.AbstractStorage save
INFO: &amp#27;[32mSave c445c9ec-ec16-41d2-8c95-8e9f0f143690(uuid2517)
сент. 16, 2025 8:21:57 PM webapp.storage.AbstractStorage save
INFO: &amp#27;[32mSave a0ac5ae2-7e9d-48bb-b56f-418100f5cb63(uuid2518)
сент. 16, 2025 8:21:57 PM webapp.storage.AbstractStorage save
INFO: &amp#27;[32mSave cc76feee-7bef-490f-84c5-bae9e5c398d0(uuid2519)
сент. 16, 2025 8:21:57 PM webapp.storage.AbstractStorage save
INFO: &amp#27;[32mSave f7b035e4-771b-4353-ab32-3abe0d5e2749(uuid2520)
сент. 16, 2025 8:21:57 PM webapp.storage.AbstractStorage save
INFO: &amp#27;[32mSave d2466df8-356c-4cee-bfba-0fe752e18a47(uuid2521)
сент. 16, 2025 8:21:57 PM webapp.storage.AbstractStorage save
INFO: &amp#27;[32mSave 7c4d440d-4713-4325-90f0-716fa1ae9485(uuid2522)
сент. 16, 2025 8:21:57 PM webapp.storage.AbstractStorage save
INFO: &amp#27;[32mSave 97d9c91d-89e0-4cc4-803b-ca54ccea712d(uuid2523)
сент. 16, 2025 8:21:57 PM webapp.storage.AbstractStorage save
INFO: &amp#27;[32mSave ab0781cc-45c6-4b6e-b096-c6b5adbbb8a5(uuid2524)
сент. 16, 2025 8:21:57 PM webapp.storage.AbstractStorage save
INFO: &amp#27;[32mSave 3db53908-7be8-42a7-84bf-40136ee77dcc(uuid2525)
сент. 16, 2025 8:21:57 PM webapp.storage.AbstractStorage save
INFO: &amp#27;[32mSave 9ae1d95c-f3ad-4015-812d-592d52266500(uuid2526)
сент. 16, 2025 8:21:57 PM webapp.storage.AbstractStorage save
INFO: &amp#27;[32mSave 135ca927-8518-4177-bee6-65295ead91be(uuid2527)
сент. 16, 2025 8:21:57 PM webapp.storage.AbstractStorage save
INFO: &amp#27;[32mSave 81a78d20-09f1-4e02-9bc9-c949f8489886(uuid2528)
сент. 16, 2025 8:21:57 PM webapp.storage.AbstractStorage save
INFO: &amp#27;[32mSave 1e12a108-2790-4d83-82e6-896a778f054f(uuid2529)
сент. 16, 2025 8:21:57 PM webapp.storage.AbstractStorage save
INFO: &amp#27;[32mSave 0cab6f5d-0efb-499a-b42b-1836a1868b14(uuid2530)
сент. 16, 2025 8:21:57 PM webapp.storage.AbstractStorage save
INFO: &amp#27;[32mSave c9fcd0df-c1d3-43ed-a706-593899e536cd(uuid2531)
сент. 16, 2025 8:21:57 PM webapp.storage.AbstractStorage save
INFO: &amp#27;[32mSave 14f26ef7-97c3-4a5c-92f0-7d80e09a68d0(uuid2532)
сент. 16, 2025 8:21:57 PM webapp.storage.AbstractStorage save
INFO: &amp#27;[32mSave 997aea3b-a663-483b-940a-4977631f31e7(uuid2533)
сент. 16, 2025 8:21:57 PM webapp.storage.AbstractStorage save
INFO: &amp#27;[32mSave 1706af4c-1500-46b1-95e1-814596bd24c9(uuid2534)
сент. 16, 2025 8:21:57 PM webapp.storage.AbstractStorage save
INFO: &amp#27;[32mSave f021a22b-cc75-4ac0-a721-61397448ab34(uuid2535)
сент. 16, 2025 8:21:57 PM webapp.storage.AbstractStorage save
INFO: &amp#27;[32mSave 52e08e1f-8351-4c8a-8aa6-60f3025d80d2(uuid2536)
сент. 16, 2025 8:21:57 PM webapp.storage.AbstractStorage save
INFO: &amp#27;[32mSave f55d97d0-f9c0-4562-b0a4-8db7ece77a3b(uuid2537)
сент. 16, 2025 8:21:57 PM webapp.storage.AbstractStorage save
INFO: &amp#27;[32mSave c07d0c01-26f3-4957-9c3c-4966de554702(uuid2538)
сент. 16, 2025 8:21:57 PM webapp.storage.AbstractStorage save
INFO: &amp#27;[32mSave ab5ba13b-fad8-49c9-aa83-4b5d3b7dd0dd(uuid2539)
сент. 16, 2025 8:21:57 PM webapp.storage.AbstractStorage save
INFO: &amp#27;[32mSave 55173b16-9aad-4a8c-ab13-db67e77af572(uuid2540)
сент. 16, 2025 8:21:57 PM webapp.storage.AbstractStorage save
INFO: &amp#27;[32mSave 7f85fa2e-c4b9-4999-9210-5e5a8d08853b(uuid2541)
сент. 16, 2025 8:21:57 PM webapp.storage.AbstractStorage save
INFO: &amp#27;[32mSave 319fa82e-7d8e-485d-9ad5-78a79cf731e8(uuid2542)
сент. 16, 2025 8:21:57 PM webapp.storage.AbstractStorage save
INFO: &amp#27;[32mSave 7985b41f-7178-422d-a2c8-579c91be08e5(uuid2543)
сент. 16, 2025 8:21:57 PM webapp.storage.AbstractStorage save
INFO: &amp#27;[32mSave cb862345-8ac2-4286-bb2c-d5ae635eac93(uuid2544)
сент. 16, 2025 8:21:57 PM webapp.storage.AbstractStorage save
INFO: &amp#27;[32mSave 4e5c6da5-f50b-4450-acd6-ffd61755ba78(uuid2545)
сент. 16, 2025 8:21:57 PM webapp.storage.AbstractStorage save
INFO: &amp#27;[32mSave 656a081b-8e64-493e-af65-a9c841d74d2b(uuid2546)
сент. 16, 2025 8:21:57 PM webapp.storage.AbstractStorage save
INFO: &amp#27;[32mSave 4765ddb8-d841-4163-9b5e-f06d161d80d8(uuid2547)
сент. 16, 2025 8:21:57 PM webapp.storage.AbstractStorage save
INFO: &amp#27;[32mSave d1d56718-c9c7-40d6-91ce-6b0d5bfb98f0(uuid2548)
сент. 16, 2025 8:21:57 PM webapp.storage.AbstractStorage save
INFO: &amp#27;[32mSave 276a4a45-8683-4d35-ae46-a7de186b3a9a(uuid2549)
сент. 16, 2025 8:21:57 PM webapp.storage.AbstractStorage save
INFO: &amp#27;[32mSave e47f0e59-9be5-450b-afa8-3953fed667ba(uuid2550)
сент. 16, 2025 8:21:57 PM webapp.storage.AbstractStorage save
INFO: &amp#27;[32mSave a7c05a75-1799-488f-985b-d830d2046208(uuid2551)
сент. 16, 2025 8:21:57 PM webapp.storage.AbstractStorage save
INFO: &amp#27;[32mSave 29c8ff86-a988-44be-b7e8-263ed44dce4e(uuid2552)
сент. 16, 2025 8:21:57 PM webapp.storage.AbstractStorage save
INFO: &amp#27;[32mSave 0babf8a3-89f3-43c6-bd64-19774a15938a(uuid2553)
сент. 16, 2025 8:21:57 PM webapp.storage.AbstractStorage save
INFO: &amp#27;[32mSave 765de3aa-89a3-4034-9223-e5e9c958a770(uuid2554)
сент. 16, 2025 8:21:57 PM webapp.storage.AbstractStorage save
INFO: &amp#27;[32mSave 7611fe28-c400-4bfa-971e-b10e3f00ea64(uuid2555)
сент. 16, 2025 8:21:57 PM webapp.storage.AbstractStorage save
INFO: &amp#27;[32mSave 1702ef6a-8bc7-494f-8496-c65a1bee446c(uuid2556)
сент. 16, 2025 8:21:57 PM webapp.storage.AbstractStorage save
INFO: &amp#27;[32mSave 7f3cf288-721f-476d-90e5-5a2a704b5e80(uuid2557)
сент. 16, 2025 8:21:57 PM webapp.storage.AbstractStorage save
INFO: &amp#27;[32mSave 27648fe8-4da8-48ed-b92a-1843283b9e30(uuid2558)
сент. 16, 2025 8:21:57 PM webapp.storage.AbstractStorage save
INFO: &amp#27;[32mSave f8130de0-741a-4228-b3fc-71da9b48a400(uuid2559)
сент. 16, 2025 8:21:57 PM webapp.storage.AbstractStorage save
INFO: &amp#27;[32mSave 970f2e45-4c40-4ade-8888-015ca26c5724(uuid2560)
сент. 16, 2025 8:21:57 PM webapp.storage.AbstractStorage save
INFO: &amp#27;[32mSave cecbd84d-052d-4d2a-987e-83007de06e32(uuid2561)
сент. 16, 2025 8:21:57 PM webapp.storage.AbstractStorage save
INFO: &amp#27;[32mSave 4c3ec252-3023-482b-8278-08cdaadb0012(uuid2562)
сент. 16, 2025 8:21:57 PM webapp.storage.AbstractStorage save
INFO: &amp#27;[32mSave 9c372628-762a-4b13-86a6-c70112c656f7(uuid2563)
сент. 16, 2025 8:21:57 PM webapp.storage.AbstractStorage save
INFO: &amp#27;[32mSave 4780c594-9e1a-43fd-83da-cbca06eeb976(uuid2564)
сент. 16, 2025 8:21:57 PM webapp.storage.AbstractStorage save
INFO: &amp#27;[32mSave e3565c27-d07e-49d8-a931-ac49b228bf6e(uuid2565)
сент. 16, 2025 8:21:57 PM webapp.storage.AbstractStorage save
INFO: &amp#27;[32mSave 05a76bef-41cf-4eca-aec9-7c62c4738a08(uuid2566)
сент. 16, 2025 8:21:57 PM webapp.storage.AbstractStorage save
INFO: &amp#27;[32mSave d36ec030-9569-447a-ab13-3dabf1140119(uuid2567)
сент. 16, 2025 8:21:57 PM webapp.storage.AbstractStorage save
INFO: &amp#27;[32mSave f7847bc9-e548-4b02-b6cc-668859bea319(uuid2568)
сент. 16, 2025 8:21:57 PM webapp.storage.AbstractStorage save
INFO: &amp#27;[32mSave 0aaaed79-bc94-4da4-9d2f-307bd7d453fc(uuid2569)
сент. 16, 2025 8:21:57 PM webapp.storage.AbstractStorage save
INFO: &amp#27;[32mSave 31115c0f-ae09-4dc6-a63e-0ab0c6b84512(uuid2570)
сент. 16, 2025 8:21:57 PM webapp.storage.AbstractStorage save
INFO: &amp#27;[32mSave 0ce9b9fc-5c87-450d-b43d-5ce14ea132df(uuid2571)
сент. 16, 2025 8:21:57 PM webapp.storage.AbstractStorage save
INFO: &amp#27;[32mSave 2417298f-df46-4309-bb46-2c2c65795505(uuid2572)
сент. 16, 2025 8:21:57 PM webapp.storage.AbstractStorage save
INFO: &amp#27;[32mSave c4dcbe2b-f2d0-4573-9e78-295b20523b61(uuid2573)
сент. 16, 2025 8:21:57 PM webapp.storage.AbstractStorage save
INFO: &amp#27;[32mSave facd84c0-54e3-420d-a4bc-ab0f91e705a9(uuid2574)
сент. 16, 2025 8:21:57 PM webapp.storage.AbstractStorage save
INFO: &amp#27;[32mSave 7a6e657d-0eb5-4a08-b603-224aaef3321f(uuid2575)
сент. 16, 2025 8:21:57 PM webapp.storage.AbstractStorage save
INFO: &amp#27;[32mSave 7de9ca25-27df-4611-be6c-bc14b9325d3a(uuid2576)
сент. 16, 2025 8:21:57 PM webapp.storage.AbstractStorage save
INFO: &amp#27;[32mSave 28bf7265-d57a-45a7-afea-5eb9895a535b(uuid2577)
сент. 16, 2025 8:21:57 PM webapp.storage.AbstractStorage save
INFO: &amp#27;[32mSave f9a291bf-028b-457a-9286-1f605a6d9d6b(uuid2578)
сент. 16, 2025 8:21:57 PM webapp.storage.AbstractStorage save
INFO: &amp#27;[32mSave 6afaa76b-c51e-4eaa-9a41-802ab436ceee(uuid2579)
сент. 16, 2025 8:21:57 PM webapp.storage.AbstractStorage save
INFO: &amp#27;[32mSave fa487b7e-5326-42fa-b0ff-cf470e0f7afc(uuid2580)
сент. 16, 2025 8:21:57 PM webapp.storage.AbstractStorage save
INFO: &amp#27;[32mSave 9c2b60cc-8965-4b8c-b6aa-b1e88b69d30d(uuid2581)
сент. 16, 2025 8:21:57 PM webapp.storage.AbstractStorage save
INFO: &amp#27;[32mSave 112d9274-14f8-4700-b97b-fe20c1891204(uuid2582)
сент. 16, 2025 8:21:57 PM webapp.storage.AbstractStorage save
INFO: &amp#27;[32mSave 42348238-c4b8-4fa2-a5fa-c3199b1604c6(uuid2583)
сент. 16, 2025 8:21:57 PM webapp.storage.AbstractStorage save
INFO: &amp#27;[32mSave e6ba8f69-fa99-4ecd-a7bc-7ca9957605e4(uuid2584)
сент. 16, 2025 8:21:57 PM webapp.storage.AbstractStorage save
INFO: &amp#27;[32mSave 6c1a1da1-9352-4d06-9edf-af3c56b41d51(uuid2585)
сент. 16, 2025 8:21:57 PM webapp.storage.AbstractStorage save
INFO: &amp#27;[32mSave 92503fcf-17b4-45ef-a7f6-8813f5a52bfe(uuid2586)
сент. 16, 2025 8:21:57 PM webapp.storage.AbstractStorage save
INFO: &amp#27;[32mSave d5d083c6-82ee-49b0-9230-e0d1d32a0219(uuid2587)
сент. 16, 2025 8:21:57 PM webapp.storage.AbstractStorage save
INFO: &amp#27;[32mSave b945b810-17c8-4457-85b0-7be9f17d3a1d(uuid2588)
сент. 16, 2025 8:21:57 PM webapp.storage.AbstractStorage save
INFO: &amp#27;[32mSave 2b190b06-5d6d-4de5-b101-29afc974758f(uuid2589)
сент. 16, 2025 8:21:57 PM webapp.storage.AbstractStorage save
INFO: &amp#27;[32mSave 9fda5785-b53a-41bf-98b9-faa4b148c534(uuid2590)
сент. 16, 2025 8:21:57 PM webapp.storage.AbstractStorage save
INFO: &amp#27;[32mSave ca315988-9615-4a7e-8f0d-4482f2ef6583(uuid2591)
сент. 16, 2025 8:21:57 PM webapp.storage.AbstractStorage save
INFO: &amp#27;[32mSave eb9307e9-fbbb-42e9-b533-eb96d9fbb61c(uuid2592)
сент. 16, 2025 8:21:57 PM webapp.storage.AbstractStorage save
INFO: &amp#27;[32mSave d79446f4-8000-41be-a509-c4d432b93d8a(uuid2593)
сент. 16, 2025 8:21:57 PM webapp.storage.AbstractStorage save
INFO: &amp#27;[32mSave b7da860a-fcbc-423f-9f9f-67f8ec08123c(uuid2594)
сент. 16, 2025 8:21:57 PM webapp.storage.AbstractStorage save
INFO: &amp#27;[32mSave 8c7410d2-8de0-4aaf-8b5f-cb6e893356be(uuid2595)
сент. 16, 2025 8:21:57 PM webapp.storage.AbstractStorage save
INFO: &amp#27;[32mSave 63f5f8b7-ac40-452e-9389-b33171c14686(uuid2596)
сент. 16, 2025 8:21:57 PM webapp.storage.AbstractStorage save
INFO: &amp#27;[32mSave f306c306-6591-41f6-aa18-72e92ebc5c7c(uuid2597)
сент. 16, 2025 8:21:57 PM webapp.storage.AbstractStorage save
INFO: &amp#27;[32mSave 4b6cbd84-4716-4e1f-a30d-4a34da273522(uuid2598)
сент. 16, 2025 8:21:57 PM webapp.storage.AbstractStorage save
INFO: &amp#27;[32mSave 18b8ff72-8653-4a05-b1e5-616aee542f3c(uuid2599)
сент. 16, 2025 8:21:57 PM webapp.storage.AbstractStorage save
INFO: &amp#27;[32mSave 25150e0d-faca-4cb0-a85e-02328c3f7877(uuid2600)
сент. 16, 2025 8:21:57 PM webapp.storage.AbstractStorage save
INFO: &amp#27;[32mSave c9ec2439-b252-4400-a818-ceacbb6214c5(uuid2601)
сент. 16, 2025 8:21:57 PM webapp.storage.AbstractStorage save
INFO: &amp#27;[32mSave ed99a516-42a3-44bf-9a8a-f05efcb30e74(uuid2602)
сент. 16, 2025 8:21:57 PM webapp.storage.AbstractStorage save
INFO: &amp#27;[32mSave 6424bedc-ee0b-46d6-b583-cb44f800d863(uuid2603)
сент. 16, 2025 8:21:57 PM webapp.storage.AbstractStorage save
INFO: &amp#27;[32mSave 5e9c2e09-f999-467e-bb96-980eaf4ca5e8(uuid2604)
сент. 16, 2025 8:21:57 PM webapp.storage.AbstractStorage save
INFO: &amp#27;[32mSave 11f565b5-55b9-40f5-9bc3-500dccb577b3(uuid2605)
сент. 16, 2025 8:21:57 PM webapp.storage.AbstractStorage save
INFO: &amp#27;[32mSave 575396fd-f651-4cad-832c-7de611e83a28(uuid2606)
сент. 16, 2025 8:21:57 PM webapp.storage.AbstractStorage save
INFO: &amp#27;[32mSave c45c6685-bb51-47bf-b56e-bd8a7f7cfd14(uuid2607)
сент. 16, 2025 8:21:57 PM webapp.storage.AbstractStorage save
INFO: &amp#27;[32mSave c4400970-9be5-4d87-8d6f-7b4e99626b39(uuid2608)
сент. 16, 2025 8:21:57 PM webapp.storage.AbstractStorage save
INFO: &amp#27;[32mSave 306f4d62-ebee-40c0-809f-37d38e2ee2cb(uuid2609)
сент. 16, 2025 8:21:57 PM webapp.storage.AbstractStorage save
INFO: &amp#27;[32mSave 788b07ad-4c03-4499-bf92-cb6d24d1a60b(uuid2610)
сент. 16, 2025 8:21:57 PM webapp.storage.AbstractStorage save
INFO: &amp#27;[32mSave f9b925da-f78e-47de-9784-0e0d623cddaa(uuid2611)
сент. 16, 2025 8:21:57 PM webapp.storage.AbstractStorage save
INFO: &amp#27;[32mSave 5fbf34b3-6a9c-4ce1-9cd0-083cf18ef91a(uuid2612)
сент. 16, 2025 8:21:57 PM webapp.storage.AbstractStorage save
INFO: &amp#27;[32mSave b26e7b5e-03a9-4b7b-9393-0ce576cec140(uuid2613)
сент. 16, 2025 8:21:57 PM webapp.storage.AbstractStorage save
INFO: &amp#27;[32mSave 0faf9df4-ea54-4ebc-8bec-58b2380494af(uuid2614)
сент. 16, 2025 8:21:57 PM webapp.storage.AbstractStorage save
INFO: &amp#27;[32mSave 6f355b9b-bb10-4d96-acbc-c15088675fe4(uuid2615)
сент. 16, 2025 8:21:57 PM webapp.storage.AbstractStorage save
INFO: &amp#27;[32mSave fbe19d3a-ff0b-4ac3-9ff2-f6d310d3f99e(uuid2616)
сент. 16, 2025 8:21:57 PM webapp.storage.AbstractStorage save
INFO: &amp#27;[32mSave 5ae9a11b-f734-476f-bb72-be9616f55a96(uuid2617)
сент. 16, 2025 8:21:57 PM webapp.storage.AbstractStorage save
INFO: &amp#27;[32mSave 6ed46f4e-1477-4a76-a73e-24c266ad3577(uuid2618)
сент. 16, 2025 8:21:57 PM webapp.storage.AbstractStorage save
INFO: &amp#27;[32mSave 61eab5a1-8f6a-4ba1-9de1-1a0290aaf8b9(uuid2619)
сент. 16, 2025 8:21:57 PM webapp.storage.AbstractStorage save
INFO: &amp#27;[32mSave 461c3a3b-ef28-44f8-ab1a-d822ccbcdc67(uuid2620)
сент. 16, 2025 8:21:57 PM webapp.storage.AbstractStorage save
INFO: &amp#27;[32mSave e87ad405-c72f-436e-9192-b3a4a60607fb(uuid2621)
сент. 16, 2025 8:21:57 PM webapp.storage.AbstractStorage save
INFO: &amp#27;[32mSave 6a3f8bad-b6e1-48e8-824a-df799316306c(uuid2622)
сент. 16, 2025 8:21:57 PM webapp.storage.AbstractStorage save
INFO: &amp#27;[32mSave a0d40654-02f1-409e-a082-fba06cb77741(uuid2623)
сент. 16, 2025 8:21:57 PM webapp.storage.AbstractStorage save
INFO: &amp#27;[32mSave aff8ebd0-05ac-4990-ac8b-92172f4d65f8(uuid2624)
сент. 16, 2025 8:21:57 PM webapp.storage.AbstractStorage save
INFO: &amp#27;[32mSave 3aacffa7-e236-4b32-87cd-fbff85dd2702(uuid2625)
сент. 16, 2025 8:21:57 PM webapp.storage.AbstractStorage save
INFO: &amp#27;[32mSave 1dec3b9e-faa0-4e4f-8fa0-1554ea5da1cd(uuid2626)
сент. 16, 2025 8:21:57 PM webapp.storage.AbstractStorage save
INFO: &amp#27;[32mSave e75f77b0-8f5b-4951-9cba-92cb38ae1297(uuid2627)
сент. 16, 2025 8:21:57 PM webapp.storage.AbstractStorage save
INFO: &amp#27;[32mSave eb6cc4f0-bfb3-4797-9616-f0777e34d859(uuid2628)
сент. 16, 2025 8:21:57 PM webapp.storage.AbstractStorage save
INFO: &amp#27;[32mSave 33fd4210-5123-49e6-b641-f1bb6d02bdf9(uuid2629)
сент. 16, 2025 8:21:57 PM webapp.storage.AbstractStorage save
INFO: &amp#27;[32mSave 88de087b-3a56-4d11-b3dc-e2f380ce401d(uuid2630)
сент. 16, 2025 8:21:57 PM webapp.storage.AbstractStorage save
INFO: &amp#27;[32mSave 5669cefb-db41-4f5f-b982-3b4b2e314e0c(uuid2631)
сент. 16, 2025 8:21:57 PM webapp.storage.AbstractStorage save
INFO: &amp#27;[32mSave 79a5d918-3785-45dd-a9ab-f459117a5566(uuid2632)
сент. 16, 2025 8:21:57 PM webapp.storage.AbstractStorage save
INFO: &amp#27;[32mSave 432b676e-ae42-4ffd-9024-2714bd8e0ef9(uuid2633)
сент. 16, 2025 8:21:57 PM webapp.storage.AbstractStorage save
INFO: &amp#27;[32mSave 27028197-30b3-416a-ad47-0a907a50b591(uuid2634)
сент. 16, 2025 8:21:57 PM webapp.storage.AbstractStorage save
INFO: &amp#27;[32mSave a92540b8-b0e7-4307-85c9-db93169c3faf(uuid2635)
сент. 16, 2025 8:21:57 PM webapp.storage.AbstractStorage save
INFO: &amp#27;[32mSave ff437c23-7316-4195-abd1-d863c54351b4(uuid2636)
сент. 16, 2025 8:21:57 PM webapp.storage.AbstractStorage save
INFO: &amp#27;[32mSave b067f2ac-0223-4857-b97a-769a54294e3d(uuid2637)
сент. 16, 2025 8:21:57 PM webapp.storage.AbstractStorage save
INFO: &amp#27;[32mSave 37cecf4d-520a-47c9-9f4e-a791839c7ec1(uuid2638)
сент. 16, 2025 8:21:57 PM webapp.storage.AbstractStorage save
INFO: &amp#27;[32mSave 0684917d-dfed-4b94-abcb-ccd05808788a(uuid2639)
сент. 16, 2025 8:21:57 PM webapp.storage.AbstractStorage save
INFO: &amp#27;[32mSave b7718aaf-3357-4394-9c28-1f6943ddf5aa(uuid2640)
сент. 16, 2025 8:21:57 PM webapp.storage.AbstractStorage save
INFO: &amp#27;[32mSave c6f65e1a-f370-492c-b1c6-27e15d9a5546(uuid2641)
сент. 16, 2025 8:21:57 PM webapp.storage.AbstractStorage save
INFO: &amp#27;[32mSave 865c4be4-0f0c-4be6-bc92-4c44d3fbf9d0(uuid2642)
сент. 16, 2025 8:21:57 PM webapp.storage.AbstractStorage save
INFO: &amp#27;[32mSave fa84172d-3200-4b63-beb4-d46f4d6b5265(uuid2643)
сент. 16, 2025 8:21:57 PM webapp.storage.AbstractStorage save
INFO: &amp#27;[32mSave d891a8f3-23b7-4ea5-bc95-6619e41d14db(uuid2644)
сент. 16, 2025 8:21:57 PM webapp.storage.AbstractStorage save
INFO: &amp#27;[32mSave ee36b798-859e-4411-b82e-2fccf5155ca3(uuid2645)
сент. 16, 2025 8:21:57 PM webapp.storage.AbstractStorage save
INFO: &amp#27;[32mSave 5cc969bb-bd46-4d98-aa31-da6b58189311(uuid2646)
сент. 16, 2025 8:21:57 PM webapp.storage.AbstractStorage save
INFO: &amp#27;[32mSave fc031b68-de00-4527-b2a3-5698d3d6372e(uuid2647)
сент. 16, 2025 8:21:57 PM webapp.storage.AbstractStorage save
INFO: &amp#27;[32mSave ecc558e7-0542-401a-a528-4434b24c497c(uuid2648)
сент. 16, 2025 8:21:57 PM webapp.storage.AbstractStorage save
INFO: &amp#27;[32mSave e58beb89-995d-4548-bddd-a952baa2a715(uuid2649)
сент. 16, 2025 8:21:57 PM webapp.storage.AbstractStorage save
INFO: &amp#27;[32mSave af7f0481-2bd7-492a-9c71-93efec950502(uuid2650)
сент. 16, 2025 8:21:57 PM webapp.storage.AbstractStorage save
INFO: &amp#27;[32mSave 2633d021-c8bb-43f5-a26c-db1380fe2a6f(uuid2651)
сент. 16, 2025 8:21:57 PM webapp.storage.AbstractStorage save
INFO: &amp#27;[32mSave 9270a03c-a179-40b7-816f-8233ce4ddbcf(uuid2652)
сент. 16, 2025 8:21:57 PM webapp.storage.AbstractStorage save
INFO: &amp#27;[32mSave d87b3906-e523-4751-b445-9d944dcb5edc(uuid2653)
сент. 16, 2025 8:21:57 PM webapp.storage.AbstractStorage save
INFO: &amp#27;[32mSave 2bddbffe-5608-43cd-abf7-f7a7c2892529(uuid2654)
сент. 16, 2025 8:21:57 PM webapp.storage.AbstractStorage save
INFO: &amp#27;[32mSave 4569f5e9-c1fe-4a91-9882-ef30850606c9(uuid2655)
сент. 16, 2025 8:21:57 PM webapp.storage.AbstractStorage save
INFO: &amp#27;[32mSave 1e5580b3-c85b-4461-b71a-4f51763b4888(uuid2656)
сент. 16, 2025 8:21:57 PM webapp.storage.AbstractStorage save
INFO: &amp#27;[32mSave ab929252-5956-4968-a370-a0c5f2f6637b(uuid2657)
сент. 16, 2025 8:21:57 PM webapp.storage.AbstractStorage save
INFO: &amp#27;[32mSave e8cfd5cb-f7dd-47e0-8858-eaae38317f8f(uuid2658)
сент. 16, 2025 8:21:57 PM webapp.storage.AbstractStorage save
INFO: &amp#27;[32mSave 348df40d-3131-46dd-b2bb-f2e8a4422615(uuid2659)
сент. 16, 2025 8:21:57 PM webapp.storage.AbstractStorage save
INFO: &amp#27;[32mSave 5df2d646-4ca5-4d61-877c-f0ee7704e501(uuid2660)
сент. 16, 2025 8:21:57 PM webapp.storage.AbstractStorage save
INFO: &amp#27;[32mSave a122d3bd-ff0d-443d-ad74-764c47ec9fff(uuid2661)
сент. 16, 2025 8:21:57 PM webapp.storage.AbstractStorage save
INFO: &amp#27;[32mSave 2f62c53c-6f03-4d41-9e77-770893039fc4(uuid2662)
сент. 16, 2025 8:21:57 PM webapp.storage.AbstractStorage save
INFO: &amp#27;[32mSave f0c6cee9-70f9-4d6a-8651-426d886774f9(uuid2663)
сент. 16, 2025 8:21:57 PM webapp.storage.AbstractStorage save
INFO: &amp#27;[32mSave 839e2034-36bc-4cdc-b909-ad6df16e76df(uuid2664)
сент. 16, 2025 8:21:57 PM webapp.storage.AbstractStorage save
INFO: &amp#27;[32mSave 4ada2727-40ac-47e5-8791-3e8e6065206a(uuid2665)
сент. 16, 2025 8:21:57 PM webapp.storage.AbstractStorage save
INFO: &amp#27;[32mSave bb51a418-0c23-4a21-94f5-84a69651a732(uuid2666)
сент. 16, 2025 8:21:57 PM webapp.storage.AbstractStorage save
INFO: &amp#27;[32mSave 1376f9f9-4bb9-4b6c-91e7-831cb3fc6083(uuid2667)
сент. 16, 2025 8:21:57 PM webapp.storage.AbstractStorage save
INFO: &amp#27;[32mSave 6db5fec9-05c5-47c2-aaf1-37aebe1694d2(uuid2668)
сент. 16, 2025 8:21:57 PM webapp.storage.AbstractStorage save
INFO: &amp#27;[32mSave ce13a332-ef02-46a5-b929-79f39fa3fe48(uuid2669)
сент. 16, 2025 8:21:57 PM webapp.storage.AbstractStorage save
INFO: &amp#27;[32mSave a8d9fdbb-51f9-41bd-9024-8373b8b0e34b(uuid2670)
сент. 16, 2025 8:21:57 PM webapp.storage.AbstractStorage save
INFO: &amp#27;[32mSave f3116946-f612-447f-a719-14bd227e6704(uuid2671)
сент. 16, 2025 8:21:57 PM webapp.storage.AbstractStorage save
INFO: &amp#27;[32mSave 98301161-2fbc-46f9-86d3-192f5b2a6256(uuid2672)
сент. 16, 2025 8:21:57 PM webapp.storage.AbstractStorage save
INFO: &amp#27;[32mSave 65b4dbc5-4d8c-4793-b4b9-e346f8ce1493(uuid2673)
сент. 16, 2025 8:21:57 PM webapp.storage.AbstractStorage save
INFO: &amp#27;[32mSave ae68acd0-b093-4f64-9ccd-e10614d306e2(uuid2674)
сент. 16, 2025 8:21:57 PM webapp.storage.AbstractStorage save
INFO: &amp#27;[32mSave d11e6c54-c367-4e75-ae39-ac20542ed9b5(uuid2675)
сент. 16, 2025 8:21:57 PM webapp.storage.AbstractStorage save
INFO: &amp#27;[32mSave eb352e41-217e-428f-bc27-5bc88392d0d4(uuid2676)
сент. 16, 2025 8:21:57 PM webapp.storage.AbstractStorage save
INFO: &amp#27;[32mSave 76b51a20-d6d9-40ba-92d4-e4a1c48f5b08(uuid2677)
сент. 16, 2025 8:21:57 PM webapp.storage.AbstractStorage save
INFO: &amp#27;[32mSave 6b5171d4-f6d9-41e6-9ef8-57a351404709(uuid2678)
сент. 16, 2025 8:21:57 PM webapp.storage.AbstractStorage save
INFO: &amp#27;[32mSave 5b18d440-ca58-4722-9b6a-8d9357948947(uuid2679)
сент. 16, 2025 8:21:57 PM webapp.storage.AbstractStorage save
INFO: &amp#27;[32mSave 8f159c69-cee3-4787-aa02-0dcf338f14da(uuid2680)
сент. 16, 2025 8:21:57 PM webapp.storage.AbstractStorage save
INFO: &amp#27;[32mSave 10fbd664-3a9d-41f7-a52a-d63f33ad42e3(uuid2681)
сент. 16, 2025 8:21:57 PM webapp.storage.AbstractStorage save
INFO: &amp#27;[32mSave a11b1dba-f70b-4c60-9952-3f7df6d4e5aa(uuid2682)
сент. 16, 2025 8:21:57 PM webapp.storage.AbstractStorage save
INFO: &amp#27;[32mSave 8bfa40e4-998a-4e58-aa16-e162ade49b30(uuid2683)
сент. 16, 2025 8:21:57 PM webapp.storage.AbstractStorage save
INFO: &amp#27;[32mSave de103955-8013-4134-80d2-fc61cdb61917(uuid2684)
сент. 16, 2025 8:21:57 PM webapp.storage.AbstractStorage save
INFO: &amp#27;[32mSave 58b14a56-dc0c-4d65-8c31-dc2b93ea9076(uuid2685)
сент. 16, 2025 8:21:57 PM webapp.storage.AbstractStorage save
INFO: &amp#27;[32mSave 1b6686f0-7d92-45dd-a213-9520a19eb353(uuid2686)
сент. 16, 2025 8:21:57 PM webapp.storage.AbstractStorage save
INFO: &amp#27;[32mSave 44a3e02a-1e26-4296-8a6d-9a6d0e86f313(uuid2687)
сент. 16, 2025 8:21:57 PM webapp.storage.AbstractStorage save
INFO: &amp#27;[32mSave 6e7566ed-f1c9-4206-8cf7-13d654374ea7(uuid2688)
сент. 16, 2025 8:21:57 PM webapp.storage.AbstractStorage save
INFO: &amp#27;[32mSave ad84f617-4a3b-4805-809c-9b50ace81475(uuid2689)
сент. 16, 2025 8:21:57 PM webapp.storage.AbstractStorage save
INFO: &amp#27;[32mSave de7bc689-499f-4cd7-a646-6da59286437b(uuid2690)
сент. 16, 2025 8:21:57 PM webapp.storage.AbstractStorage save
INFO: &amp#27;[32mSave 67611daf-b955-4d35-96e4-726699e6eeca(uuid2691)
сент. 16, 2025 8:21:57 PM webapp.storage.AbstractStorage save
INFO: &amp#27;[32mSave 2f48ad59-d810-4059-8418-d88185fa7071(uuid2692)
сент. 16, 2025 8:21:57 PM webapp.storage.AbstractStorage save
INFO: &amp#27;[32mSave ee2f9bfa-3760-46b8-8ed4-6e7a05cd5634(uuid2693)
сент. 16, 2025 8:21:57 PM webapp.storage.AbstractStorage save
INFO: &amp#27;[32mSave b4646cab-1c95-49a9-b241-9ede56ef1b33(uuid2694)
сент. 16, 2025 8:21:57 PM webapp.storage.AbstractStorage save
INFO: &amp#27;[32mSave 1599dde3-1d6c-4ac6-831a-19a4a378fbad(uuid2695)
сент. 16, 2025 8:21:57 PM webapp.storage.AbstractStorage save
INFO: &amp#27;[32mSave a9b54168-1205-44a6-86d2-3de50f2fd309(uuid2696)
сент. 16, 2025 8:21:57 PM webapp.storage.AbstractStorage save
INFO: &amp#27;[32mSave 7f3f8bf5-e768-40da-a6c8-cffd160fe935(uuid2697)
сент. 16, 2025 8:21:57 PM webapp.storage.AbstractStorage save
INFO: &amp#27;[32mSave 96c08281-51ff-4b02-95cf-5c4c08e76bb9(uuid2698)
сент. 16, 2025 8:21:57 PM webapp.storage.AbstractStorage save
INFO: &amp#27;[32mSave 51ce2f32-a50f-47e9-b252-70610cedba17(uuid2699)
сент. 16, 2025 8:21:57 PM webapp.storage.AbstractStorage save
INFO: &amp#27;[32mSave 2f533b1a-a44d-4fc0-9523-ee911ba4a792(uuid2700)
сент. 16, 2025 8:21:57 PM webapp.storage.AbstractStorage save
INFO: &amp#27;[32mSave 98874baf-2c55-445c-8461-6192bb7bd141(uuid2701)
сент. 16, 2025 8:21:57 PM webapp.storage.AbstractStorage save
INFO: &amp#27;[32mSave cf87fd21-3118-42c5-a5c7-d1fd0d8774a6(uuid2702)
сент. 16, 2025 8:21:57 PM webapp.storage.AbstractStorage save
INFO: &amp#27;[32mSave bcaea5d2-a13a-4993-8105-3f5611db348f(uuid2703)
сент. 16, 2025 8:21:57 PM webapp.storage.AbstractStorage save
INFO: &amp#27;[32mSave 5f130e9e-1d7b-4516-aa99-77c7a61d62d6(uuid2704)
сент. 16, 2025 8:21:57 PM webapp.storage.AbstractStorage save
INFO: &amp#27;[32mSave c2591b71-fcb1-436c-bd31-de255680a4d3(uuid2705)
сент. 16, 2025 8:21:57 PM webapp.storage.AbstractStorage save
INFO: &amp#27;[32mSave 913bbd5d-d92c-4bc3-ba06-fb076cda9604(uuid2706)
сент. 16, 2025 8:21:57 PM webapp.storage.AbstractStorage save
INFO: &amp#27;[32mSave 25bea1c2-a197-400c-9e5d-746a918171ed(uuid2707)
сент. 16, 2025 8:21:57 PM webapp.storage.AbstractStorage save
INFO: &amp#27;[32mSave c35dc3ed-c5b2-40c4-b085-40c1a4168d68(uuid2708)
сент. 16, 2025 8:21:57 PM webapp.storage.AbstractStorage save
INFO: &amp#27;[32mSave 47538075-bab5-49ed-919c-9bf44561d592(uuid2709)
сент. 16, 2025 8:21:57 PM webapp.storage.AbstractStorage save
INFO: &amp#27;[32mSave 43e8fc30-8d76-4ce8-8796-20a2313fc261(uuid2710)
сент. 16, 2025 8:21:57 PM webapp.storage.AbstractStorage save
INFO: &amp#27;[32mSave ce09d992-ace0-4c7c-9113-9ee3f4520f57(uuid2711)
сент. 16, 2025 8:21:57 PM webapp.storage.AbstractStorage save
INFO: &amp#27;[32mSave 15c2d200-3547-4858-9fb6-81ed8f4cd960(uuid2712)
сент. 16, 2025 8:21:57 PM webapp.storage.AbstractStorage save
INFO: &amp#27;[32mSave 6556783c-86d6-4855-a8e7-56a681339f1d(uuid2713)
сент. 16, 2025 8:21:57 PM webapp.storage.AbstractStorage save
INFO: &amp#27;[32mSave 01962433-22cd-4492-8db9-c3d2023e9d08(uuid2714)
сент. 16, 2025 8:21:57 PM webapp.storage.AbstractStorage save
INFO: &amp#27;[32mSave 1cc1c8bd-0e16-4f88-a78d-59ed7327ff4d(uuid2715)
сент. 16, 2025 8:21:57 PM webapp.storage.AbstractStorage save
INFO: &amp#27;[32mSave 57e4b9f6-a63d-44db-8d84-cf73f78f8716(uuid2716)
сент. 16, 2025 8:21:57 PM webapp.storage.AbstractStorage save
INFO: &amp#27;[32mSave 7f189d49-2373-4e59-ad4e-48b0e53674dc(uuid2717)
сент. 16, 2025 8:21:57 PM webapp.storage.AbstractStorage save
INFO: &amp#27;[32mSave 2a9ac379-db39-48c8-a4d9-aad5464a462d(uuid2718)
сент. 16, 2025 8:21:57 PM webapp.storage.AbstractStorage save
INFO: &amp#27;[32mSave 5b138e92-7bb6-436c-9f9e-ff8bba65356a(uuid2719)
сент. 16, 2025 8:21:57 PM webapp.storage.AbstractStorage save
INFO: &amp#27;[32mSave 0dc838c4-a107-499f-b51c-d2a57ecf75b6(uuid2720)
сент. 16, 2025 8:21:57 PM webapp.storage.AbstractStorage save
INFO: &amp#27;[32mSave 34fec660-6527-4a07-9b49-9c3f488a1762(uuid2721)
сент. 16, 2025 8:21:57 PM webapp.storage.AbstractStorage save
INFO: &amp#27;[32mSave 51dfe75e-3b6e-4764-a84f-0bff04ea806e(uuid2722)
сент. 16, 2025 8:21:57 PM webapp.storage.AbstractStorage save
INFO: &amp#27;[32mSave 64aa0ea1-e6ca-4b7a-8fd7-778713358436(uuid2723)
сент. 16, 2025 8:21:57 PM webapp.storage.AbstractStorage save
INFO: &amp#27;[32mSave 155d25e9-bd51-4a4d-a490-cde6251df894(uuid2724)
сент. 16, 2025 8:21:57 PM webapp.storage.AbstractStorage save
INFO: &amp#27;[32mSave 3637d33f-f5f6-47ce-a1f9-dae3ed012fda(uuid2725)
сент. 16, 2025 8:21:57 PM webapp.storage.AbstractStorage save
INFO: &amp#27;[32mSave b28146ce-72c9-4084-b7cd-2e310f262804(uuid2726)
сент. 16, 2025 8:21:57 PM webapp.storage.AbstractStorage save
INFO: &amp#27;[32mSave d246ba40-720b-4604-b0c3-1ebd1704104e(uuid2727)
сент. 16, 2025 8:21:57 PM webapp.storage.AbstractStorage save
INFO: &amp#27;[32mSave 357dc93b-d634-48d0-a9fd-7013c2cb81b8(uuid2728)
сент. 16, 2025 8:21:57 PM webapp.storage.AbstractStorage save
INFO: &amp#27;[32mSave 2d1fea8f-4bde-431d-ad78-1879fc167198(uuid2729)
сент. 16, 2025 8:21:57 PM webapp.storage.AbstractStorage save
INFO: &amp#27;[32mSave 932ad856-22de-47c2-8691-16749fc9490d(uuid2730)
сент. 16, 2025 8:21:57 PM webapp.storage.AbstractStorage save
INFO: &amp#27;[32mSave 7e0c380a-c45c-4648-b65b-61a10a32aab0(uuid2731)
сент. 16, 2025 8:21:57 PM webapp.storage.AbstractStorage save
INFO: &amp#27;[32mSave a642d739-8795-4800-96ac-9e1c4e882655(uuid2732)
сент. 16, 2025 8:21:57 PM webapp.storage.AbstractStorage save
INFO: &amp#27;[32mSave b3aecc7b-4ce2-4d75-a96f-212aae0c7cf8(uuid2733)
сент. 16, 2025 8:21:57 PM webapp.storage.AbstractStorage save
INFO: &amp#27;[32mSave a461b48c-0f16-4136-ba73-17937ceb7587(uuid2734)
сент. 16, 2025 8:21:57 PM webapp.storage.AbstractStorage save
INFO: &amp#27;[32mSave c44a92e3-af18-4294-ae4f-387373cfe48d(uuid2735)
сент. 16, 2025 8:21:57 PM webapp.storage.AbstractStorage save
INFO: &amp#27;[32mSave 56d58ccc-f9b0-495c-ad5f-dd9e9c5fdafd(uuid2736)
сент. 16, 2025 8:21:57 PM webapp.storage.AbstractStorage save
INFO: &amp#27;[32mSave b89e9b6f-20c0-4d7c-b4b3-ae4eee2e6af8(uuid2737)
сент. 16, 2025 8:21:57 PM webapp.storage.AbstractStorage save
INFO: &amp#27;[32mSave 1d1501df-73bf-42e8-8c70-6442ce253cbf(uuid2738)
сент. 16, 2025 8:21:57 PM webapp.storage.AbstractStorage save
INFO: &amp#27;[32mSave 313cc73a-bfe7-4e23-83c9-ff494afaae2a(uuid2739)
сент. 16, 2025 8:21:57 PM webapp.storage.AbstractStorage save
INFO: &amp#27;[32mSave e32db9fa-2776-41b1-8bbb-335382f6c807(uuid2740)
сент. 16, 2025 8:21:57 PM webapp.storage.AbstractStorage save
INFO: &amp#27;[32mSave e9205988-6a3a-464f-9319-f3ec6e0f896d(uuid2741)
сент. 16, 2025 8:21:57 PM webapp.storage.AbstractStorage save
INFO: &amp#27;[32mSave 4f49b99f-f97c-4bf9-b9d1-7c8ef2486b4f(uuid2742)
сент. 16, 2025 8:21:57 PM webapp.storage.AbstractStorage save
INFO: &amp#27;[32mSave 8f461b08-ff7c-4f5e-a8e7-383be54c383e(uuid2743)
сент. 16, 2025 8:21:57 PM webapp.storage.AbstractStorage save
INFO: &amp#27;[32mSave 8487e0c2-e338-477c-b196-92531b1db0cb(uuid2744)
сент. 16, 2025 8:21:57 PM webapp.storage.AbstractStorage save
INFO: &amp#27;[32mSave 7bc0cdf3-1b4c-4d75-b36e-a108bfafc4a5(uuid2745)
сент. 16, 2025 8:21:57 PM webapp.storage.AbstractStorage save
INFO: &amp#27;[32mSave 087edc42-10e9-4676-8c70-2aa7238a6719(uuid2746)
сент. 16, 2025 8:21:57 PM webapp.storage.AbstractStorage save
INFO: &amp#27;[32mSave dae5c548-cce7-46e4-b953-5e2395f53434(uuid2747)
сент. 16, 2025 8:21:57 PM webapp.storage.AbstractStorage save
INFO: &amp#27;[32mSave 16c06e4f-7898-430d-b1cc-a5b10ac8b0c0(uuid2748)
сент. 16, 2025 8:21:57 PM webapp.storage.AbstractStorage save
INFO: &amp#27;[32mSave 00a26e9a-30e3-4751-a77e-fa56816bd17c(uuid2749)
сент. 16, 2025 8:21:57 PM webapp.storage.AbstractStorage save
INFO: &amp#27;[32mSave 4447a6c6-eca8-4e7d-a0fe-95a5ddd64c3a(uuid2750)
сент. 16, 2025 8:21:57 PM webapp.storage.AbstractStorage save
INFO: &amp#27;[32mSave 60f1540b-6a42-42ef-aa3d-5756cfa7e34a(uuid2751)
сент. 16, 2025 8:21:57 PM webapp.storage.AbstractStorage save
INFO: &amp#27;[32mSave d1ce8997-4c52-4891-b7ba-fd5908b09823(uuid2752)
сент. 16, 2025 8:21:57 PM webapp.storage.AbstractStorage save
INFO: &amp#27;[32mSave ad0acda1-b7a0-4e21-be42-634ccc5bfa20(uuid2753)
сент. 16, 2025 8:21:57 PM webapp.storage.AbstractStorage save
INFO: &amp#27;[32mSave 29547cc3-bf38-49e8-af3f-9995711fcc1e(uuid2754)
сент. 16, 2025 8:21:57 PM webapp.storage.AbstractStorage save
INFO: &amp#27;[32mSave 00b5b00a-7561-41b6-929b-6e36c334abd8(uuid2755)
сент. 16, 2025 8:21:57 PM webapp.storage.AbstractStorage save
INFO: &amp#27;[32mSave f221dcc2-67b3-4845-b193-2e31b2ef5c21(uuid2756)
сент. 16, 2025 8:21:57 PM webapp.storage.AbstractStorage save
INFO: &amp#27;[32mSave e8da2c41-baf2-4cc8-829f-652cffb31a2d(uuid2757)
сент. 16, 2025 8:21:57 PM webapp.storage.AbstractStorage save
INFO: &amp#27;[32mSave d3f72e50-632a-446b-b526-fd99aca8e53d(uuid2758)
сент. 16, 2025 8:21:57 PM webapp.storage.AbstractStorage save
INFO: &amp#27;[32mSave 9eb8d983-ab0d-4361-8f0e-253f22c808a7(uuid2759)
сент. 16, 2025 8:21:57 PM webapp.storage.AbstractStorage save
INFO: &amp#27;[32mSave 342eaefe-c5c2-4f9a-a637-fcc12651ad0e(uuid2760)
сент. 16, 2025 8:21:57 PM webapp.storage.AbstractStorage save
INFO: &amp#27;[32mSave 19c1c4bf-13cc-490e-af53-32170d989fcf(uuid2761)
сент. 16, 2025 8:21:57 PM webapp.storage.AbstractStorage save
INFO: &amp#27;[32mSave f5006de7-d658-41f8-b4ae-1b439cc591bb(uuid2762)
сент. 16, 2025 8:21:57 PM webapp.storage.AbstractStorage save
INFO: &amp#27;[32mSave fa1cacab-ec48-489b-acbe-8367b81f6edc(uuid2763)
сент. 16, 2025 8:21:57 PM webapp.storage.AbstractStorage save
INFO: &amp#27;[32mSave 0aa2a734-b005-45a1-a9b6-991f3a3d0a78(uuid2764)
сент. 16, 2025 8:21:57 PM webapp.storage.AbstractStorage save
INFO: &amp#27;[32mSave 6dcba27a-be2f-4eb6-b908-f936065628a5(uuid2765)
сент. 16, 2025 8:21:57 PM webapp.storage.AbstractStorage save
INFO: &amp#27;[32mSave b0697607-d707-414e-8b11-91a54130bc0d(uuid2766)
сент. 16, 2025 8:21:57 PM webapp.storage.AbstractStorage save
INFO: &amp#27;[32mSave 9b154f4d-ddd6-4f55-84ee-07aaf7e219ae(uuid2767)
сент. 16, 2025 8:21:57 PM webapp.storage.AbstractStorage save
INFO: &amp#27;[32mSave ee4aea1d-b476-4dbf-a17b-0bd3ad85d2ed(uuid2768)
сент. 16, 2025 8:21:57 PM webapp.storage.AbstractStorage save
INFO: &amp#27;[32mSave bd80c66d-308e-4354-9015-70eb1775e4a0(uuid2769)
сент. 16, 2025 8:21:57 PM webapp.storage.AbstractStorage save
INFO: &amp#27;[32mSave b7ec23b0-342f-4461-8e52-2c5014b48d6d(uuid2770)
сент. 16, 2025 8:21:57 PM webapp.storage.AbstractStorage save
INFO: &amp#27;[32mSave 679bcda4-6a28-48f3-a718-bfde3e66b1d7(uuid2771)
сент. 16, 2025 8:21:57 PM webapp.storage.AbstractStorage save
INFO: &amp#27;[32mSave 323918ce-a5cd-4437-a1be-4648daf3a66f(uuid2772)
сент. 16, 2025 8:21:57 PM webapp.storage.AbstractStorage save
INFO: &amp#27;[32mSave 8333d60a-2614-442a-ab48-265a0bc76987(uuid2773)
сент. 16, 2025 8:21:57 PM webapp.storage.AbstractStorage save
INFO: &amp#27;[32mSave 36ef7c2c-3dde-431c-8916-032d174f344d(uuid2774)
сент. 16, 2025 8:21:57 PM webapp.storage.AbstractStorage save
INFO: &amp#27;[32mSave 051d6da2-ae52-466a-bf34-d2d4e027c286(uuid2775)
сент. 16, 2025 8:21:57 PM webapp.storage.AbstractStorage save
INFO: &amp#27;[32mSave 791288da-676e-4778-a5b1-6c75754eee1a(uuid2776)
сент. 16, 2025 8:21:57 PM webapp.storage.AbstractStorage save
INFO: &amp#27;[32mSave c0fb3f0d-9f48-41c5-94d4-269978b4c6f6(uuid2777)
сент. 16, 2025 8:21:57 PM webapp.storage.AbstractStorage save
INFO: &amp#27;[32mSave 783ebe70-2a32-4e5e-9d3e-727b23e38b67(uuid2778)
сент. 16, 2025 8:21:57 PM webapp.storage.AbstractStorage save
INFO: &amp#27;[32mSave 3b56c583-5de8-4e34-8a4d-a1e46b7a08ce(uuid2779)
сент. 16, 2025 8:21:57 PM webapp.storage.AbstractStorage save
INFO: &amp#27;[32mSave c0c9ed8b-6200-445a-b995-1c23ca787f37(uuid2780)
сент. 16, 2025 8:21:57 PM webapp.storage.AbstractStorage save
INFO: &amp#27;[32mSave aabc3600-3061-4e46-a6c4-d707b2679cba(uuid2781)
сент. 16, 2025 8:21:57 PM webapp.storage.AbstractStorage save
INFO: &amp#27;[32mSave e98801b6-f0cd-469f-8940-25381fd31fa3(uuid2782)
сент. 16, 2025 8:21:57 PM webapp.storage.AbstractStorage save
INFO: &amp#27;[32mSave aa0c6624-7dfb-42ed-98d2-015e5c7f046f(uuid2783)
сент. 16, 2025 8:21:57 PM webapp.storage.AbstractStorage save
INFO: &amp#27;[32mSave 0c51ac8f-f8e7-4591-b8ff-eef94fc1dc36(uuid2784)
сент. 16, 2025 8:21:57 PM webapp.storage.AbstractStorage save
INFO: &amp#27;[32mSave 090518f5-5509-4b31-8ea6-254a09a2693d(uuid2785)
сент. 16, 2025 8:21:57 PM webapp.storage.AbstractStorage save
INFO: &amp#27;[32mSave 12b724f3-7b2c-423a-9c29-0a2609537043(uuid2786)
сент. 16, 2025 8:21:57 PM webapp.storage.AbstractStorage save
INFO: &amp#27;[32mSave f969d41f-d221-431f-b789-118462a2e975(uuid2787)
сент. 16, 2025 8:21:57 PM webapp.storage.AbstractStorage save
INFO: &amp#27;[32mSave b906e2df-3d1c-4c24-a18a-3f98f27f303d(uuid2788)
сент. 16, 2025 8:21:57 PM webapp.storage.AbstractStorage save
INFO: &amp#27;[32mSave 842460e3-0eae-41de-8e4d-433d7e93130a(uuid2789)
сент. 16, 2025 8:21:57 PM webapp.storage.AbstractStorage save
INFO: &amp#27;[32mSave e2b4c2c6-bfce-4b48-b630-7b652f4fecd3(uuid2790)
сент. 16, 2025 8:21:57 PM webapp.storage.AbstractStorage save
INFO: &amp#27;[32mSave 335ddd6a-f2c7-4664-87c9-9683686c0591(uuid2791)
сент. 16, 2025 8:21:57 PM webapp.storage.AbstractStorage save
INFO: &amp#27;[32mSave 73b9b6b8-adf2-44ad-927e-901b50ee90bc(uuid2792)
сент. 16, 2025 8:21:57 PM webapp.storage.AbstractStorage save
INFO: &amp#27;[32mSave a3646ce9-6374-48ac-883c-54163bf5d1ca(uuid2793)
сент. 16, 2025 8:21:57 PM webapp.storage.AbstractStorage save
INFO: &amp#27;[32mSave cdee664d-93e1-461b-bee0-463c0f9f497a(uuid2794)
сент. 16, 2025 8:21:57 PM webapp.storage.AbstractStorage save
INFO: &amp#27;[32mSave 9ffb4567-ef59-437a-a265-24dba71485a2(uuid2795)
сент. 16, 2025 8:21:57 PM webapp.storage.AbstractStorage save
INFO: &amp#27;[32mSave d86e0a6b-e6a3-4820-af90-55baf3f890bc(uuid2796)
сент. 16, 2025 8:21:57 PM webapp.storage.AbstractStorage save
INFO: &amp#27;[32mSave bef86133-7629-4f4b-8894-d19e4cbf61cd(uuid2797)
сент. 16, 2025 8:21:57 PM webapp.storage.AbstractStorage save
INFO: &amp#27;[32mSave 73882f60-5594-4c58-9cfe-87facd6bbaf5(uuid2798)
сент. 16, 2025 8:21:57 PM webapp.storage.AbstractStorage save
INFO: &amp#27;[32mSave 75097b9b-3451-41f2-b58b-7e96d6d8a485(uuid2799)
сент. 16, 2025 8:21:57 PM webapp.storage.AbstractStorage save
INFO: &amp#27;[32mSave 1c78ef50-92d8-4fae-9a71-c627e477f468(uuid2800)
сент. 16, 2025 8:21:57 PM webapp.storage.AbstractStorage save
INFO: &amp#27;[32mSave 545fc5dd-9c98-4787-9043-4014d2565572(uuid2801)
сент. 16, 2025 8:21:57 PM webapp.storage.AbstractStorage save
INFO: &amp#27;[32mSave ae46014b-5147-43e2-8b93-1beeeb428cbf(uuid2802)
сент. 16, 2025 8:21:57 PM webapp.storage.AbstractStorage save
INFO: &amp#27;[32mSave 15b16ef7-b3e5-471b-8ac1-2c514f862faf(uuid2803)
сент. 16, 2025 8:21:57 PM webapp.storage.AbstractStorage save
INFO: &amp#27;[32mSave a0e5f709-e8da-42f9-be7d-2643767a71f7(uuid2804)
сент. 16, 2025 8:21:57 PM webapp.storage.AbstractStorage save
INFO: &amp#27;[32mSave b4d8dcc0-b656-49ea-a3b3-edd18cf05669(uuid2805)
сент. 16, 2025 8:21:57 PM webapp.storage.AbstractStorage save
INFO: &amp#27;[32mSave 352cae85-b3c9-4e72-a5eb-5f9995efd9d5(uuid2806)
сент. 16, 2025 8:21:57 PM webapp.storage.AbstractStorage save
INFO: &amp#27;[32mSave 61bd103a-fa0c-44af-be08-bff613d07f86(uuid2807)
сент. 16, 2025 8:21:57 PM webapp.storage.AbstractStorage save
INFO: &amp#27;[32mSave 3d7f204a-a33e-4d49-a753-fc3dbaa86a68(uuid2808)
сент. 16, 2025 8:21:57 PM webapp.storage.AbstractStorage save
INFO: &amp#27;[32mSave b14958b0-9e49-473e-86f5-ceda116a3d90(uuid2809)
сент. 16, 2025 8:21:57 PM webapp.storage.AbstractStorage save
INFO: &amp#27;[32mSave 00409d3c-4b5e-4ff5-985d-8b9ba9906e3e(uuid2810)
сент. 16, 2025 8:21:57 PM webapp.storage.AbstractStorage save
INFO: &amp#27;[32mSave 645d0b75-35db-4a57-9157-fdcd0c097b86(uuid2811)
сент. 16, 2025 8:21:57 PM webapp.storage.AbstractStorage save
INFO: &amp#27;[32mSave 341236fc-8d36-4740-a037-74a2e331d37a(uuid2812)
сент. 16, 2025 8:21:57 PM webapp.storage.AbstractStorage save
INFO: &amp#27;[32mSave 784d699b-44dc-4655-bae9-72fa2dc1a5bb(uuid2813)
сент. 16, 2025 8:21:57 PM webapp.storage.AbstractStorage save
INFO: &amp#27;[32mSave aceb6d40-2d8c-424b-9595-a81e4b6be813(uuid2814)
сент. 16, 2025 8:21:57 PM webapp.storage.AbstractStorage save
INFO: &amp#27;[32mSave 70906460-4c25-4466-a276-4625e49d447e(uuid2815)
сент. 16, 2025 8:21:57 PM webapp.storage.AbstractStorage save
INFO: &amp#27;[32mSave 9cfe5271-94c8-4f81-b2ba-dce3a9a9a9eb(uuid2816)
сент. 16, 2025 8:21:57 PM webapp.storage.AbstractStorage save
INFO: &amp#27;[32mSave 21e2f11e-6dad-4879-ac1d-662b61babeba(uuid2817)
сент. 16, 2025 8:21:57 PM webapp.storage.AbstractStorage save
INFO: &amp#27;[32mSave 79a0e667-f901-4bcc-af02-5656fc6fc641(uuid2818)
сент. 16, 2025 8:21:57 PM webapp.storage.AbstractStorage save
INFO: &amp#27;[32mSave 3b8a0636-1944-479a-a86a-04874301ac3a(uuid2819)
сент. 16, 2025 8:21:57 PM webapp.storage.AbstractStorage save
INFO: &amp#27;[32mSave 3e842e7c-b8f9-41e4-8dde-9b3ee71c8b53(uuid2820)
сент. 16, 2025 8:21:57 PM webapp.storage.AbstractStorage save
INFO: &amp#27;[32mSave da65b883-a9c2-48fa-9d57-cc3ebe95e7e5(uuid2821)
сент. 16, 2025 8:21:57 PM webapp.storage.AbstractStorage save
INFO: &amp#27;[32mSave b936944e-d3b6-4730-8968-d6dd6c6531f6(uuid2822)
сент. 16, 2025 8:21:57 PM webapp.storage.AbstractStorage save
INFO: &amp#27;[32mSave eafe389c-f8a6-4de4-9060-df025bbc93e2(uuid2823)
сент. 16, 2025 8:21:57 PM webapp.storage.AbstractStorage save
INFO: &amp#27;[32mSave 3961e8f6-6392-4b76-b60a-4867ed538a02(uuid2824)
сент. 16, 2025 8:21:57 PM webapp.storage.AbstractStorage save
INFO: &amp#27;[32mSave 567933d6-88fc-4258-bf70-0e5e73316f65(uuid2825)
сент. 16, 2025 8:21:57 PM webapp.storage.AbstractStorage save
INFO: &amp#27;[32mSave 4a12a976-a0f9-4e64-8ecf-6f3f34518fca(uuid2826)
сент. 16, 2025 8:21:57 PM webapp.storage.AbstractStorage save
INFO: &amp#27;[32mSave 7f5f5057-6aed-41ca-b699-58641d16dc2c(uuid2827)
сент. 16, 2025 8:21:57 PM webapp.storage.AbstractStorage save
INFO: &amp#27;[32mSave ca5cd814-7095-483e-8ce4-199ef83b4090(uuid2828)
сент. 16, 2025 8:21:57 PM webapp.storage.AbstractStorage save
INFO: &amp#27;[32mSave 260133fd-1469-4c98-a6f4-71bd018d3f7a(uuid2829)
сент. 16, 2025 8:21:57 PM webapp.storage.AbstractStorage save
INFO: &amp#27;[32mSave a3d8ba9e-4410-41d8-93de-7ca96a95dc52(uuid2830)
сент. 16, 2025 8:21:57 PM webapp.storage.AbstractStorage save
INFO: &amp#27;[32mSave 5734d45b-3245-429d-af6a-31aef3a2be40(uuid2831)
сент. 16, 2025 8:21:57 PM webapp.storage.AbstractStorage save
INFO: &amp#27;[32mSave 0b9f0fa0-c9c6-4fe0-ae72-ee0b23c46241(uuid2832)
сент. 16, 2025 8:21:57 PM webapp.storage.AbstractStorage save
INFO: &amp#27;[32mSave 4e3763cd-4e09-4926-9a10-cd3c79786ee9(uuid2833)
сент. 16, 2025 8:21:57 PM webapp.storage.AbstractStorage save
INFO: &amp#27;[32mSave 34cb2b12-23b0-44e6-b24b-fb89f28a893b(uuid2834)
сент. 16, 2025 8:21:57 PM webapp.storage.AbstractStorage save
INFO: &amp#27;[32mSave 1ed93611-275a-4359-bf3b-b71b10ba78ba(uuid2835)
сент. 16, 2025 8:21:57 PM webapp.storage.AbstractStorage save
INFO: &amp#27;[32mSave ed1be732-71d9-4779-9135-901d8141c198(uuid2836)
сент. 16, 2025 8:21:57 PM webapp.storage.AbstractStorage save
INFO: &amp#27;[32mSave c7254bd7-1446-47ab-ad8f-dc0ae8767852(uuid2837)
сент. 16, 2025 8:21:57 PM webapp.storage.AbstractStorage save
INFO: &amp#27;[32mSave e4dba2c9-03a5-4f21-aec7-2b7446e9776e(uuid2838)
сент. 16, 2025 8:21:57 PM webapp.storage.AbstractStorage save
INFO: &amp#27;[32mSave 2d77c3f4-9198-45f0-93ea-9f391b28122b(uuid2839)
сент. 16, 2025 8:21:57 PM webapp.storage.AbstractStorage save
INFO: &amp#27;[32mSave bb284b20-5268-4eb1-95a6-1774466da92e(uuid2840)
сент. 16, 2025 8:21:57 PM webapp.storage.AbstractStorage save
INFO: &amp#27;[32mSave 2a022b9e-b645-4e3b-810c-5b03b4a83746(uuid2841)
сент. 16, 2025 8:21:57 PM webapp.storage.AbstractStorage save
INFO: &amp#27;[32mSave 98bfe92e-7571-486b-b40b-2e53db4546fe(uuid2842)
сент. 16, 2025 8:21:57 PM webapp.storage.AbstractStorage save
INFO: &amp#27;[32mSave 3ed8bffb-e785-405a-851a-5f6bfc7aa431(uuid2843)
сент. 16, 2025 8:21:57 PM webapp.storage.AbstractStorage save
INFO: &amp#27;[32mSave 7d4c1958-d781-4813-968f-aa8cab7fe53d(uuid2844)
сент. 16, 2025 8:21:57 PM webapp.storage.AbstractStorage save
INFO: &amp#27;[32mSave 015bf61a-b3d9-4997-8bfa-d520765354df(uuid2845)
сент. 16, 2025 8:21:57 PM webapp.storage.AbstractStorage save
INFO: &amp#27;[32mSave 1fe359bb-0689-43a8-b254-0441b0bf3557(uuid2846)
сент. 16, 2025 8:21:57 PM webapp.storage.AbstractStorage save
INFO: &amp#27;[32mSave 6271bad5-eaf3-4d19-8aae-926c6a54a9db(uuid2847)
сент. 16, 2025 8:21:57 PM webapp.storage.AbstractStorage save
INFO: &amp#27;[32mSave 01982b6c-bc88-4283-8eeb-ab2abc9f78b0(uuid2848)
сент. 16, 2025 8:21:57 PM webapp.storage.AbstractStorage save
INFO: &amp#27;[32mSave e9751984-b766-4445-84ce-542b98116040(uuid2849)
сент. 16, 2025 8:21:57 PM webapp.storage.AbstractStorage save
INFO: &amp#27;[32mSave ce62fca5-ad10-49bd-82d6-7da2d77f180b(uuid2850)
сент. 16, 2025 8:21:57 PM webapp.storage.AbstractStorage save
INFO: &amp#27;[32mSave e4e3295b-626f-4783-ac4a-9f489f2aa01e(uuid2851)
сент. 16, 2025 8:21:57 PM webapp.storage.AbstractStorage save
INFO: &amp#27;[32mSave 1d228c4c-9bf5-4f2d-9432-a699d2d35225(uuid2852)
сент. 16, 2025 8:21:57 PM webapp.storage.AbstractStorage save
INFO: &amp#27;[32mSave 5a3769f2-4748-4e20-8c21-7ad9d5ab55a8(uuid2853)
сент. 16, 2025 8:21:57 PM webapp.storage.AbstractStorage save
INFO: &amp#27;[32mSave bc0b4071-43f9-4502-ab23-6f44c68149cb(uuid2854)
сент. 16, 2025 8:21:57 PM webapp.storage.AbstractStorage save
INFO: &amp#27;[32mSave 58b7eb51-2d54-4eb1-b62c-403451336f47(uuid2855)
сент. 16, 2025 8:21:57 PM webapp.storage.AbstractStorage save
INFO: &amp#27;[32mSave 1a20dfea-d2bf-4144-81fb-8a3984ad7896(uuid2856)
сент. 16, 2025 8:21:57 PM webapp.storage.AbstractStorage save
INFO: &amp#27;[32mSave da6ac662-ab8a-46b6-997f-0e63c757ca55(uuid2857)
сент. 16, 2025 8:21:57 PM webapp.storage.AbstractStorage save
INFO: &amp#27;[32mSave f8db1769-21cc-408d-b2c2-566aa7e32b7a(uuid2858)
сент. 16, 2025 8:21:57 PM webapp.storage.AbstractStorage save
INFO: &amp#27;[32mSave bc5e79fa-99dd-4fef-bae6-014a5ba5de1c(uuid2859)
сент. 16, 2025 8:21:57 PM webapp.storage.AbstractStorage save
INFO: &amp#27;[32mSave 6986cad4-1b50-4f71-b10d-f08bef42f813(uuid2860)
сент. 16, 2025 8:21:57 PM webapp.storage.AbstractStorage save
INFO: &amp#27;[32mSave 6368106b-8514-426c-8f62-b3e5c14cf7bf(uuid2861)
сент. 16, 2025 8:21:57 PM webapp.storage.AbstractStorage save
INFO: &amp#27;[32mSave 40f69a56-b909-4316-bccc-2f4a5a7dcd9b(uuid2862)
сент. 16, 2025 8:21:57 PM webapp.storage.AbstractStorage save
INFO: &amp#27;[32mSave 077c77b6-bdf7-4c6d-bf9f-f1c0b3afedd5(uuid2863)
сент. 16, 2025 8:21:57 PM webapp.storage.AbstractStorage save
INFO: &amp#27;[32mSave 11651b46-c5eb-4ae1-90b7-09319e814011(uuid2864)
сент. 16, 2025 8:21:57 PM webapp.storage.AbstractStorage save
INFO: &amp#27;[32mSave 282b9b57-f8a1-48db-a2c1-ddf0e0cbf05b(uuid2865)
сент. 16, 2025 8:21:57 PM webapp.storage.AbstractStorage save
INFO: &amp#27;[32mSave 0afbb634-78ca-4b50-ba45-ee22beb592aa(uuid2866)
сент. 16, 2025 8:21:57 PM webapp.storage.AbstractStorage save
INFO: &amp#27;[32mSave 75cbe1b5-8879-4735-b9af-6729e4e94769(uuid2867)
сент. 16, 2025 8:21:57 PM webapp.storage.AbstractStorage save
INFO: &amp#27;[32mSave 6a9c962b-4dc7-4578-a5cb-a05705d079ad(uuid2868)
сент. 16, 2025 8:21:57 PM webapp.storage.AbstractStorage save
INFO: &amp#27;[32mSave 2dd537c5-c7a5-4e3e-bc6a-fbb5697170ef(uuid2869)
сент. 16, 2025 8:21:57 PM webapp.storage.AbstractStorage save
INFO: &amp#27;[32mSave c572d713-6bf2-4080-9199-c050e058e332(uuid2870)
сент. 16, 2025 8:21:57 PM webapp.storage.AbstractStorage save
INFO: &amp#27;[32mSave 5cab4c8f-4b67-4d5c-bad9-f2a35807c335(uuid2871)
сент. 16, 2025 8:21:57 PM webapp.storage.AbstractStorage save
INFO: &amp#27;[32mSave f3c08817-b0ea-4a04-953d-310290391a0d(uuid2872)
сент. 16, 2025 8:21:57 PM webapp.storage.AbstractStorage save
INFO: &amp#27;[32mSave 366dcaf2-f3e1-41e4-b13c-30ccb698b2b9(uuid2873)
сент. 16, 2025 8:21:57 PM webapp.storage.AbstractStorage save
INFO: &amp#27;[32mSave 55286388-0929-4f2c-990f-bdc7d1fb681e(uuid2874)
сент. 16, 2025 8:21:57 PM webapp.storage.AbstractStorage save
INFO: &amp#27;[32mSave 5ec7c3ed-da19-49da-bc9e-10555abdd1cf(uuid2875)
сент. 16, 2025 8:21:57 PM webapp.storage.AbstractStorage save
INFO: &amp#27;[32mSave 14cc71ef-3a8a-46ca-a160-5b4aaa7d1217(uuid2876)
сент. 16, 2025 8:21:57 PM webapp.storage.AbstractStorage save
INFO: &amp#27;[32mSave 06772496-c82b-4639-8688-e5a1a0652b73(uuid2877)
сент. 16, 2025 8:21:57 PM webapp.storage.AbstractStorage save
INFO: &amp#27;[32mSave b81ab57e-6244-4b87-9990-48c565f0fa16(uuid2878)
сент. 16, 2025 8:21:57 PM webapp.storage.AbstractStorage save
INFO: &amp#27;[32mSave 69d9befa-8f11-40e7-bd9a-199adee0aa98(uuid2879)
сент. 16, 2025 8:21:57 PM webapp.storage.AbstractStorage save
INFO: &amp#27;[32mSave 78e3858d-7fad-43f7-a748-645b7e594e64(uuid2880)
сент. 16, 2025 8:21:57 PM webapp.storage.AbstractStorage save
INFO: &amp#27;[32mSave deb1deb2-c4b4-43a0-89c3-a0adc3a29fe0(uuid2881)
сент. 16, 2025 8:21:57 PM webapp.storage.AbstractStorage save
INFO: &amp#27;[32mSave 82f72a0f-1ecd-4852-92a9-e53f7f378baf(uuid2882)
сент. 16, 2025 8:21:57 PM webapp.storage.AbstractStorage save
INFO: &amp#27;[32mSave 6190cac2-e488-4736-a5aa-e55b12580d01(uuid2883)
сент. 16, 2025 8:21:57 PM webapp.storage.AbstractStorage save
INFO: &amp#27;[32mSave 712c1056-c70f-4842-9a32-47d29a43075c(uuid2884)
сент. 16, 2025 8:21:57 PM webapp.storage.AbstractStorage save
INFO: &amp#27;[32mSave ac10220d-ba53-4a3f-a5ae-fb9393b47c8c(uuid2885)
сент. 16, 2025 8:21:57 PM webapp.storage.AbstractStorage save
INFO: &amp#27;[32mSave 9f786094-ef0e-40b5-8d46-7a729fdcf145(uuid2886)
сент. 16, 2025 8:21:57 PM webapp.storage.AbstractStorage save
INFO: &amp#27;[32mSave ea5d8276-fe41-4819-8efa-ad1d3cad1252(uuid2887)
сент. 16, 2025 8:21:57 PM webapp.storage.AbstractStorage save
INFO: &amp#27;[32mSave c064b1ec-be87-4571-8dff-c70155fbab21(uuid2888)
сент. 16, 2025 8:21:57 PM webapp.storage.AbstractStorage save
INFO: &amp#27;[32mSave 8666962b-1b75-4f7d-99b4-2f52546330f7(uuid2889)
сент. 16, 2025 8:21:57 PM webapp.storage.AbstractStorage save
INFO: &amp#27;[32mSave bb912690-4ca3-40e6-8dcf-a1f65b8e979e(uuid2890)
сент. 16, 2025 8:21:57 PM webapp.storage.AbstractStorage save
INFO: &amp#27;[32mSave afef4a0a-b315-4dd6-b256-7f2b6528ac01(uuid2891)
сент. 16, 2025 8:21:57 PM webapp.storage.AbstractStorage save
INFO: &amp#27;[32mSave aaf786e7-7cc6-4cb5-a1e5-f750801ea2d3(uuid2892)
сент. 16, 2025 8:21:57 PM webapp.storage.AbstractStorage save
INFO: &amp#27;[32mSave e4e61b76-4597-4b5c-99cd-c90f98327b42(uuid2893)
сент. 16, 2025 8:21:57 PM webapp.storage.AbstractStorage save
INFO: &amp#27;[32mSave 38850067-3352-4401-9372-1d8e15b5c361(uuid2894)
сент. 16, 2025 8:21:57 PM webapp.storage.AbstractStorage save
INFO: &amp#27;[32mSave ead3dc3f-cd78-4bba-a178-ef1b4afc47bf(uuid2895)
сент. 16, 2025 8:21:57 PM webapp.storage.AbstractStorage save
INFO: &amp#27;[32mSave ccee1bf2-6cd2-4677-bb0f-f63f50133a5e(uuid2896)
сент. 16, 2025 8:21:57 PM webapp.storage.AbstractStorage save
INFO: &amp#27;[32mSave aa931411-a12b-4680-85df-8f198d7b54cc(uuid2897)
сент. 16, 2025 8:21:57 PM webapp.storage.AbstractStorage save
INFO: &amp#27;[32mSave 27ed8a68-1328-4179-9d94-0a2a6ceb6104(uuid2898)
сент. 16, 2025 8:21:57 PM webapp.storage.AbstractStorage save
INFO: &amp#27;[32mSave b173f821-b218-4a0d-bc8b-b90ecc659440(uuid2899)
сент. 16, 2025 8:21:57 PM webapp.storage.AbstractStorage save
INFO: &amp#27;[32mSave edc5cdf1-855b-4bd8-beee-4bcf8f4bf5ef(uuid2900)
сент. 16, 2025 8:21:57 PM webapp.storage.AbstractStorage save
INFO: &amp#27;[32mSave 485df8ed-1581-432b-96c7-f7d0b4971387(uuid2901)
сент. 16, 2025 8:21:57 PM webapp.storage.AbstractStorage save
INFO: &amp#27;[32mSave 0dbc9592-75b0-4bf0-bb03-f12a87c921b4(uuid2902)
сент. 16, 2025 8:21:57 PM webapp.storage.AbstractStorage save
INFO: &amp#27;[32mSave 66d9730d-04a3-4d6b-abb8-136bb9ff5800(uuid2903)
сент. 16, 2025 8:21:57 PM webapp.storage.AbstractStorage save
INFO: &amp#27;[32mSave 52b64d06-a2f0-4711-84fb-98b84b5c7f98(uuid2904)
сент. 16, 2025 8:21:57 PM webapp.storage.AbstractStorage save
INFO: &amp#27;[32mSave 2150b3fc-9b43-41a6-a7eb-fc854a73f0fb(uuid2905)
сент. 16, 2025 8:21:57 PM webapp.storage.AbstractStorage save
INFO: &amp#27;[32mSave 307c67ba-201b-4c82-b3f9-6d5dbdc28a71(uuid2906)
сент. 16, 2025 8:21:57 PM webapp.storage.AbstractStorage save
INFO: &amp#27;[32mSave 8d6c24df-f189-4abe-bb34-f70d87fa884e(uuid2907)
сент. 16, 2025 8:21:57 PM webapp.storage.AbstractStorage save
INFO: &amp#27;[32mSave 7b66c28f-0d75-4be9-8d9c-60446314929c(uuid2908)
сент. 16, 2025 8:21:57 PM webapp.storage.AbstractStorage save
INFO: &amp#27;[32mSave e61d004b-914f-478b-a5b1-774bf65f6322(uuid2909)
сент. 16, 2025 8:21:57 PM webapp.storage.AbstractStorage save
INFO: &amp#27;[32mSave 315b4eed-d971-4eed-9f82-186b08eb67c7(uuid2910)
сент. 16, 2025 8:21:57 PM webapp.storage.AbstractStorage save
INFO: &amp#27;[32mSave 60235407-595c-46bd-a6d0-ba069148cf9a(uuid2911)
сент. 16, 2025 8:21:57 PM webapp.storage.AbstractStorage save
INFO: &amp#27;[32mSave b0f6eeea-607e-41e5-ab7a-2ce6fbd856e9(uuid2912)
сент. 16, 2025 8:21:57 PM webapp.storage.AbstractStorage save
INFO: &amp#27;[32mSave 65471b60-7d77-44b2-8d0c-472ab781ced5(uuid2913)
сент. 16, 2025 8:21:57 PM webapp.storage.AbstractStorage save
INFO: &amp#27;[32mSave 76c14ebf-8c49-47ea-a3da-a2c104f23ce1(uuid2914)
сент. 16, 2025 8:21:57 PM webapp.storage.AbstractStorage save
INFO: &amp#27;[32mSave 86f20a9a-bad2-4d11-8180-72dd35ee806a(uuid2915)
сент. 16, 2025 8:21:57 PM webapp.storage.AbstractStorage save
INFO: &amp#27;[32mSave f2b91e73-c357-4b03-bf7c-96dc0ed71f53(uuid2916)
сент. 16, 2025 8:21:57 PM webapp.storage.AbstractStorage save
INFO: &amp#27;[32mSave 43842e40-36c6-441e-b641-5755a683c223(uuid2917)
сент. 16, 2025 8:21:57 PM webapp.storage.AbstractStorage save
INFO: &amp#27;[32mSave a3fbba09-3f2b-4d96-9a95-c6813ba6dd39(uuid2918)
сент. 16, 2025 8:21:57 PM webapp.storage.AbstractStorage save
INFO: &amp#27;[32mSave 87b48773-2012-4193-b024-447f4ea48aa6(uuid2919)
сент. 16, 2025 8:21:57 PM webapp.storage.AbstractStorage save
INFO: &amp#27;[32mSave 42ef0ba2-a2d0-45c2-bcea-2cdf6464306d(uuid2920)
сент. 16, 2025 8:21:57 PM webapp.storage.AbstractStorage save
INFO: &amp#27;[32mSave 49380a4c-8275-4a84-9793-9791a060c7de(uuid2921)
сент. 16, 2025 8:21:57 PM webapp.storage.AbstractStorage save
INFO: &amp#27;[32mSave 89d727bf-30d7-4395-959a-4dc2d9adc9d2(uuid2922)
сент. 16, 2025 8:21:57 PM webapp.storage.AbstractStorage save
INFO: &amp#27;[32mSave 2d7bac1c-d59e-4e7d-9741-f4419f24198f(uuid2923)
сент. 16, 2025 8:21:57 PM webapp.storage.AbstractStorage save
INFO: &amp#27;[32mSave b7cc0a93-473e-45f1-b865-036206743841(uuid2924)
сент. 16, 2025 8:21:57 PM webapp.storage.AbstractStorage save
INFO: &amp#27;[32mSave 70b491a4-820c-4c88-b861-9245a72e92be(uuid2925)
сент. 16, 2025 8:21:57 PM webapp.storage.AbstractStorage save
INFO: &amp#27;[32mSave 363cebaa-b1eb-460c-a18b-5a1bb4ac8cf1(uuid2926)
сент. 16, 2025 8:21:57 PM webapp.storage.AbstractStorage save
INFO: &amp#27;[32mSave bebba4a4-303f-4c8f-a54c-a803bdafe2ae(uuid2927)
сент. 16, 2025 8:21:57 PM webapp.storage.AbstractStorage save
INFO: &amp#27;[32mSave 2dd25bb6-2f0f-40e3-aede-68c204dcfa93(uuid2928)
сент. 16, 2025 8:21:57 PM webapp.storage.AbstractStorage save
INFO: &amp#27;[32mSave a924ca07-4b39-4652-869c-8c3735047072(uuid2929)
сент. 16, 2025 8:21:57 PM webapp.storage.AbstractStorage save
INFO: &amp#27;[32mSave d82cd3a6-45e4-4fea-99fb-f5ca55879a70(uuid2930)
сент. 16, 2025 8:21:57 PM webapp.storage.AbstractStorage save
INFO: &amp#27;[32mSave c579fbc1-4842-48ce-8535-9b6786e45b9e(uuid2931)
сент. 16, 2025 8:21:57 PM webapp.storage.AbstractStorage save
INFO: &amp#27;[32mSave cea206e8-a0e1-4635-949b-87c5d02c5cce(uuid2932)
сент. 16, 2025 8:21:57 PM webapp.storage.AbstractStorage save
INFO: &amp#27;[32mSave 7ac3b770-a309-4001-9e6d-1ea7af28318f(uuid2933)
сент. 16, 2025 8:21:57 PM webapp.storage.AbstractStorage save
INFO: &amp#27;[32mSave a6399311-3179-4713-8c97-5467c0dfdb9f(uuid2934)
сент. 16, 2025 8:21:57 PM webapp.storage.AbstractStorage save
INFO: &amp#27;[32mSave 758679d1-6f0a-495a-bf9d-e68a0c84f989(uuid2935)
сент. 16, 2025 8:21:57 PM webapp.storage.AbstractStorage save
INFO: &amp#27;[32mSave a985445b-18d3-4f4d-a18b-7d14d6c98a5f(uuid2936)
сент. 16, 2025 8:21:57 PM webapp.storage.AbstractStorage save
INFO: &amp#27;[32mSave 8e9e7c2c-36c0-454c-8f8d-b403a8216279(uuid2937)
сент. 16, 2025 8:21:57 PM webapp.storage.AbstractStorage save
INFO: &amp#27;[32mSave 36167615-6624-459c-aac1-6f7c99defb5c(uuid2938)
сент. 16, 2025 8:21:57 PM webapp.storage.AbstractStorage save
INFO: &amp#27;[32mSave 561cb756-0952-428c-ae7f-a73d604ecfd6(uuid2939)
сент. 16, 2025 8:21:57 PM webapp.storage.AbstractStorage save
INFO: &amp#27;[32mSave 9c24b192-8d26-4672-bc72-65f87229e33e(uuid2940)
сент. 16, 2025 8:21:57 PM webapp.storage.AbstractStorage save
INFO: &amp#27;[32mSave 7f5f5748-4266-472e-8895-1d430c4b1d42(uuid2941)
сент. 16, 2025 8:21:57 PM webapp.storage.AbstractStorage save
INFO: &amp#27;[32mSave f3c4b773-2556-42a0-a128-a9feb1f9c29b(uuid2942)
сент. 16, 2025 8:21:57 PM webapp.storage.AbstractStorage save
INFO: &amp#27;[32mSave b609a35c-8d2a-4d1c-a9b1-e76e2130005e(uuid2943)
сент. 16, 2025 8:21:57 PM webapp.storage.AbstractStorage save
INFO: &amp#27;[32mSave b25a3a6c-d114-49aa-9de7-a6c588f73ab7(uuid2944)
сент. 16, 2025 8:21:57 PM webapp.storage.AbstractStorage save
INFO: &amp#27;[32mSave d633baad-20da-4cd0-9cb2-3fb50fd56bc5(uuid2945)
сент. 16, 2025 8:21:57 PM webapp.storage.AbstractStorage save
INFO: &amp#27;[32mSave 8d04e7b8-3daf-4ffa-884f-d0660bb6b9c6(uuid2946)
сент. 16, 2025 8:21:57 PM webapp.storage.AbstractStorage save
INFO: &amp#27;[32mSave d10af392-545b-4016-b46f-fe9d7ec1ac09(uuid2947)
сент. 16, 2025 8:21:57 PM webapp.storage.AbstractStorage save
INFO: &amp#27;[32mSave 2bfc2ae3-b426-48c7-ba5a-da2f8d8a9fbd(uuid2948)
сент. 16, 2025 8:21:57 PM webapp.storage.AbstractStorage save
INFO: &amp#27;[32mSave 8712b19a-2618-486c-ad02-4b21faba35e3(uuid2949)
сент. 16, 2025 8:21:57 PM webapp.storage.AbstractStorage save
INFO: &amp#27;[32mSave d44d1acf-2d2a-4309-a6d6-94327e6aad57(uuid2950)
сент. 16, 2025 8:21:57 PM webapp.storage.AbstractStorage save
INFO: &amp#27;[32mSave 921b1c95-cb98-4c9c-848e-8d1c2deffa76(uuid2951)
сент. 16, 2025 8:21:57 PM webapp.storage.AbstractStorage save
INFO: &amp#27;[32mSave 136c2e05-e22d-4eac-b830-0bdf122ae675(uuid2952)
сент. 16, 2025 8:21:57 PM webapp.storage.AbstractStorage save
INFO: &amp#27;[32mSave dfc88c8d-f15e-4f5e-a44c-2144a695c468(uuid2953)
сент. 16, 2025 8:21:57 PM webapp.storage.AbstractStorage save
INFO: &amp#27;[32mSave 91ca4398-6cb8-4ce8-b686-b51f3ea81797(uuid2954)
сент. 16, 2025 8:21:57 PM webapp.storage.AbstractStorage save
INFO: &amp#27;[32mSave fde3c42f-f231-4788-8aaf-1402682943ae(uuid2955)
сент. 16, 2025 8:21:57 PM webapp.storage.AbstractStorage save
INFO: &amp#27;[32mSave 2f52add3-485c-4f60-9379-e17da69e4b5f(uuid2956)
сент. 16, 2025 8:21:57 PM webapp.storage.AbstractStorage save
INFO: &amp#27;[32mSave 9996338b-9586-4ee9-9266-7d00eaf52217(uuid2957)
сент. 16, 2025 8:21:57 PM webapp.storage.AbstractStorage save
INFO: &amp#27;[32mSave bc362025-d232-4632-b8cf-533f427e0bdf(uuid2958)
сент. 16, 2025 8:21:57 PM webapp.storage.AbstractStorage save
INFO: &amp#27;[32mSave a83e3419-eb95-4f24-8a47-88044f202ac6(uuid2959)
сент. 16, 2025 8:21:57 PM webapp.storage.AbstractStorage save
INFO: &amp#27;[32mSave f2fac13b-020a-403b-ae64-bddd6362d29e(uuid2960)
сент. 16, 2025 8:21:57 PM webapp.storage.AbstractStorage save
INFO: &amp#27;[32mSave 1cf8ab1b-3d06-4c08-a7e4-9ea716759e81(uuid2961)
сент. 16, 2025 8:21:57 PM webapp.storage.AbstractStorage save
INFO: &amp#27;[32mSave c07a1f5e-0302-473e-a91e-6a43dd017c7a(uuid2962)
сент. 16, 2025 8:21:57 PM webapp.storage.AbstractStorage save
INFO: &amp#27;[32mSave ee77526e-f9b6-4a62-b857-8a0520f23c4e(uuid2963)
сент. 16, 2025 8:21:57 PM webapp.storage.AbstractStorage save
INFO: &amp#27;[32mSave fac1857c-e60f-44ba-bfb9-30be7a2199db(uuid2964)
сент. 16, 2025 8:21:57 PM webapp.storage.AbstractStorage save
INFO: &amp#27;[32mSave 65cef8a1-3a7c-4586-b80f-977c3d1d2af6(uuid2965)
сент. 16, 2025 8:21:57 PM webapp.storage.AbstractStorage save
INFO: &amp#27;[32mSave 18afa1eb-9d6f-49d3-88d5-2308e6f267f4(uuid2966)
сент. 16, 2025 8:21:57 PM webapp.storage.AbstractStorage save
INFO: &amp#27;[32mSave 48f9c25e-2736-44e7-ab24-01f0b90502e0(uuid2967)
сент. 16, 2025 8:21:57 PM webapp.storage.AbstractStorage save
INFO: &amp#27;[32mSave e41961bf-d722-4e00-817d-e5a2f85d146b(uuid2968)
сент. 16, 2025 8:21:57 PM webapp.storage.AbstractStorage save
INFO: &amp#27;[32mSave c0b3bfb3-5390-41ae-8e1e-2574d6cd54ff(uuid2969)
сент. 16, 2025 8:21:57 PM webapp.storage.AbstractStorage save
INFO: &amp#27;[32mSave 87cb9818-6fdf-43f1-a886-98792e3fd677(uuid2970)
сент. 16, 2025 8:21:57 PM webapp.storage.AbstractStorage save
INFO: &amp#27;[32mSave c2e86f31-6735-4586-bef9-7f82a5cfe5e8(uuid2971)
сент. 16, 2025 8:21:57 PM webapp.storage.AbstractStorage save
INFO: &amp#27;[32mSave 07c5f369-d370-4c5c-9bca-51bff776a66e(uuid2972)
сент. 16, 2025 8:21:57 PM webapp.storage.AbstractStorage save
INFO: &amp#27;[32mSave 29ff83ef-aac9-415a-8aeb-ca8f5b93afb8(uuid2973)
сент. 16, 2025 8:21:57 PM webapp.storage.AbstractStorage save
INFO: &amp#27;[32mSave 5ccf61d0-abc3-4a54-9aba-34c188d29a96(uuid2974)
сент. 16, 2025 8:21:57 PM webapp.storage.AbstractStorage save
INFO: &amp#27;[32mSave 196f636f-d736-433f-b2d2-2696b0aecd6c(uuid2975)
сент. 16, 2025 8:21:57 PM webapp.storage.AbstractStorage save
INFO: &amp#27;[32mSave df5c2c4b-cbca-4cf4-b22a-6e6eaecd8ef4(uuid2976)
сент. 16, 2025 8:21:57 PM webapp.storage.AbstractStorage save
INFO: &amp#27;[32mSave 2e13cbed-4948-40ff-bb72-89e0406eab13(uuid2977)
сент. 16, 2025 8:21:57 PM webapp.storage.AbstractStorage save
INFO: &amp#27;[32mSave 0bd0719b-5d5d-4f34-830f-a758cfb0d70f(uuid2978)
сент. 16, 2025 8:21:57 PM webapp.storage.AbstractStorage save
INFO: &amp#27;[32mSave 33e21588-8d7e-4931-b32e-3231d9b6ad7b(uuid2979)
сент. 16, 2025 8:21:57 PM webapp.storage.AbstractStorage save
INFO: &amp#27;[32mSave 7b898dce-e4c9-4ef8-ab28-b85aac875c1f(uuid2980)
сент. 16, 2025 8:21:57 PM webapp.storage.AbstractStorage save
INFO: &amp#27;[32mSave 3db62d12-6f94-4aef-879a-88a8ac34f0c8(uuid2981)
сент. 16, 2025 8:21:57 PM webapp.storage.AbstractStorage save
INFO: &amp#27;[32mSave dd97f390-a7b1-4b1c-8544-17faf07871cb(uuid2982)
сент. 16, 2025 8:21:57 PM webapp.storage.AbstractStorage save
INFO: &amp#27;[32mSave 9de91f28-55ff-49f0-ab99-35c1bfc33660(uuid2983)
сент. 16, 2025 8:21:57 PM webapp.storage.AbstractStorage save
INFO: &amp#27;[32mSave dc75b82e-b1b7-4f22-8277-c3721c4d6481(uuid2984)
сент. 16, 2025 8:21:57 PM webapp.storage.AbstractStorage save
INFO: &amp#27;[32mSave 5a19c4bc-a09d-4f23-9b13-d3b6567703fe(uuid2985)
сент. 16, 2025 8:21:57 PM webapp.storage.AbstractStorage save
INFO: &amp#27;[32mSave 426ec25a-b03f-4904-9c42-f75001f6fa4f(uuid2986)
сент. 16, 2025 8:21:57 PM webapp.storage.AbstractStorage save
INFO: &amp#27;[32mSave 6bd13e1a-426e-467c-b9b7-888e89ead9e8(uuid2987)
сент. 16, 2025 8:21:57 PM webapp.storage.AbstractStorage save
INFO: &amp#27;[32mSave db402a3e-20c6-47a1-aad0-aaac406f57bf(uuid2988)
сент. 16, 2025 8:21:57 PM webapp.storage.AbstractStorage save
INFO: &amp#27;[32mSave c1acf5a1-ffab-49c4-9a38-85f1bf457117(uuid2989)
сент. 16, 2025 8:21:57 PM webapp.storage.AbstractStorage save
INFO: &amp#27;[32mSave 1cbb11bc-065e-4f8b-879d-847dc84f8048(uuid2990)
сент. 16, 2025 8:21:57 PM webapp.storage.AbstractStorage save
INFO: &amp#27;[32mSave 0290d76c-c104-4790-b028-5b478a3fbeb7(uuid2991)
сент. 16, 2025 8:21:57 PM webapp.storage.AbstractStorage save
INFO: &amp#27;[32mSave 1fc307cf-890b-4ea2-9cca-c91157bf89e1(uuid2992)
сент. 16, 2025 8:21:57 PM webapp.storage.AbstractStorage save
INFO: &amp#27;[32mSave bdda8fe6-50c3-4e56-8b5c-e0633fff3be4(uuid2993)
сент. 16, 2025 8:21:57 PM webapp.storage.AbstractStorage save
INFO: &amp#27;[32mSave 1552ead5-38c3-44bf-b361-a208855d0ee4(uuid2994)
сент. 16, 2025 8:21:57 PM webapp.storage.AbstractStorage save
INFO: &amp#27;[32mSave ecf4c493-fa31-4c53-a402-78af9f02e029(uuid2995)
сент. 16, 2025 8:21:57 PM webapp.storage.AbstractStorage save
INFO: &amp#27;[32mSave 2da13444-4360-4e9a-a55c-38ac87c73357(uuid2996)
сент. 16, 2025 8:21:57 PM webapp.storage.AbstractStorage save
INFO: &amp#27;[32mSave b678398a-d781-40ca-87c6-00a98811e834(uuid2997)
сент. 16, 2025 8:21:57 PM webapp.storage.AbstractStorage save
INFO: &amp#27;[32mSave dd59ac11-1bba-47b1-9dc3-1e38df668593(uuid2998)
сент. 16, 2025 8:21:57 PM webapp.storage.AbstractStorage save
INFO: &amp#27;[32mSave 846b31de-64fa-4ec4-abfa-97cad81e5ce6(uuid2999)
сент. 16, 2025 8:21:57 PM webapp.storage.AbstractStorage save
INFO: &amp#27;[32mSave a6dbaa48-3f21-4db5-af7e-6dbc2b9cab7f(uuid3000)
сент. 16, 2025 8:21:57 PM webapp.storage.AbstractStorage save
INFO: &amp#27;[32mSave d23897a2-f454-4a12-95a8-b4422b0d88b9(uuid3001)
сент. 16, 2025 8:21:57 PM webapp.storage.AbstractStorage save
INFO: &amp#27;[32mSave a7cc420c-32b3-4741-9955-2f405720a907(uuid3002)
сент. 16, 2025 8:21:57 PM webapp.storage.AbstractStorage save
INFO: &amp#27;[32mSave 07da913d-c39d-4dba-9253-a19b4876e335(uuid3003)
сент. 16, 2025 8:21:57 PM webapp.storage.AbstractStorage save
INFO: &amp#27;[32mSave 0a46a582-4b8b-4e39-90c7-49eea177d77a(uuid3004)
сент. 16, 2025 8:21:57 PM webapp.storage.AbstractStorage save
INFO: &amp#27;[32mSave 989781e1-dc83-4569-ad74-c4bf44d0cdd5(uuid3005)
сент. 16, 2025 8:21:57 PM webapp.storage.AbstractStorage save
INFO: &amp#27;[32mSave 0607daf8-fef8-4247-828a-75a0b7619ca5(uuid3006)
сент. 16, 2025 8:21:57 PM webapp.storage.AbstractStorage save
INFO: &amp#27;[32mSave 98cf1465-6697-4a84-94ce-ba6074b7c294(uuid3007)
сент. 16, 2025 8:21:57 PM webapp.storage.AbstractStorage save
INFO: &amp#27;[32mSave 10c6b353-4b76-4ffd-8780-9fbad34a246d(uuid3008)
сент. 16, 2025 8:21:57 PM webapp.storage.AbstractStorage save
INFO: &amp#27;[32mSave c17d944c-ae9e-4437-90e9-bd73330e2b5a(uuid3009)
сент. 16, 2025 8:21:57 PM webapp.storage.AbstractStorage save
INFO: &amp#27;[32mSave 416bdd78-1e97-429f-b245-cf3eb7693532(uuid3010)
сент. 16, 2025 8:21:57 PM webapp.storage.AbstractStorage save
INFO: &amp#27;[32mSave 65f34467-0c5e-4461-b6b5-efaf310b2837(uuid3011)
сент. 16, 2025 8:21:57 PM webapp.storage.AbstractStorage save
INFO: &amp#27;[32mSave d964d8e4-c77f-44ca-8a3a-5589257754fe(uuid3012)
сент. 16, 2025 8:21:57 PM webapp.storage.AbstractStorage save
INFO: &amp#27;[32mSave 2878063c-6cc0-48bd-afa5-e64f545aae93(uuid3013)
сент. 16, 2025 8:21:57 PM webapp.storage.AbstractStorage save
INFO: &amp#27;[32mSave 3c19d049-a9ad-486f-a9b7-67383bf52969(uuid3014)
сент. 16, 2025 8:21:57 PM webapp.storage.AbstractStorage save
INFO: &amp#27;[32mSave 70845910-e3d6-4d4d-9220-10b81cd0f221(uuid3015)
сент. 16, 2025 8:21:57 PM webapp.storage.AbstractStorage save
INFO: &amp#27;[32mSave 23d9c491-eb18-4e8c-b480-04bd06bfc86a(uuid3016)
сент. 16, 2025 8:21:57 PM webapp.storage.AbstractStorage save
INFO: &amp#27;[32mSave ea5b27fc-d120-4927-bbf3-a91954304ab6(uuid3017)
сент. 16, 2025 8:21:57 PM webapp.storage.AbstractStorage save
INFO: &amp#27;[32mSave 0d22cf55-d737-4101-b648-f41313916994(uuid3018)
сент. 16, 2025 8:21:57 PM webapp.storage.AbstractStorage save
INFO: &amp#27;[32mSave 24691465-a6f7-442b-9e0e-c633542b87c6(uuid3019)
сент. 16, 2025 8:21:57 PM webapp.storage.AbstractStorage save
INFO: &amp#27;[32mSave 64390d53-0843-4f8d-9e41-fedc624e9ffa(uuid3020)
сент. 16, 2025 8:21:57 PM webapp.storage.AbstractStorage save
INFO: &amp#27;[32mSave f43c4ff2-e3f3-4106-a8c2-b50c0c00205b(uuid3021)
сент. 16, 2025 8:21:57 PM webapp.storage.AbstractStorage save
INFO: &amp#27;[32mSave 8d75910f-81e6-446d-a892-f37fc512255c(uuid3022)
сент. 16, 2025 8:21:57 PM webapp.storage.AbstractStorage save
INFO: &amp#27;[32mSave 8b29de67-d7fb-4fea-84c5-a16c325ca437(uuid3023)
сент. 16, 2025 8:21:57 PM webapp.storage.AbstractStorage save
INFO: &amp#27;[32mSave ad47f102-445d-4a5e-9a59-bb8cd0007dc4(uuid3024)
сент. 16, 2025 8:21:57 PM webapp.storage.AbstractStorage save
INFO: &amp#27;[32mSave e357fcbb-a823-4cf6-a28a-5d22721df98b(uuid3025)
сент. 16, 2025 8:21:57 PM webapp.storage.AbstractStorage save
INFO: &amp#27;[32mSave c2f3abc5-36e1-4f02-81f9-c10ca4c88b72(uuid3026)
сент. 16, 2025 8:21:57 PM webapp.storage.AbstractStorage save
INFO: &amp#27;[32mSave 25678d28-95ae-4795-b557-997ff5f47457(uuid3027)
сент. 16, 2025 8:21:57 PM webapp.storage.AbstractStorage save
INFO: &amp#27;[32mSave 5fddab5f-957f-40fd-b389-f4f989e19807(uuid3028)
сент. 16, 2025 8:21:57 PM webapp.storage.AbstractStorage save
INFO: &amp#27;[32mSave 8fea3d52-b010-429d-8ecc-5feb6d3cd61e(uuid3029)
сент. 16, 2025 8:21:57 PM webapp.storage.AbstractStorage save
INFO: &amp#27;[32mSave 17b90b8e-47ba-40e9-a13d-5c490c8cd298(uuid3030)
сент. 16, 2025 8:21:57 PM webapp.storage.AbstractStorage save
INFO: &amp#27;[32mSave f9f58ae8-340d-4cce-9965-fafc38feddd9(uuid3031)
сент. 16, 2025 8:21:57 PM webapp.storage.AbstractStorage save
INFO: &amp#27;[32mSave 88d73244-c1a2-463e-a2d0-bd0dee268734(uuid3032)
сент. 16, 2025 8:21:57 PM webapp.storage.AbstractStorage save
INFO: &amp#27;[32mSave f023885f-5eb5-42f6-b352-2b33cbe7ba7f(uuid3033)
сент. 16, 2025 8:21:57 PM webapp.storage.AbstractStorage save
INFO: &amp#27;[32mSave 15d9c54b-75da-49c4-a259-92ff63cee66f(uuid3034)
сент. 16, 2025 8:21:57 PM webapp.storage.AbstractStorage save
INFO: &amp#27;[32mSave d35365d1-abb2-4104-8867-e7f8aecf2b90(uuid3035)
сент. 16, 2025 8:21:57 PM webapp.storage.AbstractStorage save
INFO: &amp#27;[32mSave 0ed78de1-2c11-41c0-8f27-b1075a77a52c(uuid3036)
сент. 16, 2025 8:21:57 PM webapp.storage.AbstractStorage save
INFO: &amp#27;[32mSave bc477f31-5c38-41ca-af56-4eca8b507800(uuid3037)
сент. 16, 2025 8:21:57 PM webapp.storage.AbstractStorage save
INFO: &amp#27;[32mSave cc6552ee-db0a-47c0-a7fc-ea2e0c78a11f(uuid3038)
сент. 16, 2025 8:21:57 PM webapp.storage.AbstractStorage save
INFO: &amp#27;[32mSave 13641e6d-c990-430b-ae47-65c8df8307ef(uuid3039)
сент. 16, 2025 8:21:57 PM webapp.storage.AbstractStorage save
INFO: &amp#27;[32mSave 8ba1bcce-d267-49df-acf2-78bf6b897218(uuid3040)
сент. 16, 2025 8:21:57 PM webapp.storage.AbstractStorage save
INFO: &amp#27;[32mSave fdfd8d9b-98ca-4bf7-ba75-416a41d4efe8(uuid3041)
сент. 16, 2025 8:21:57 PM webapp.storage.AbstractStorage save
INFO: &amp#27;[32mSave 93974b74-754c-4fab-8836-ebc87afa9378(uuid3042)
сент. 16, 2025 8:21:57 PM webapp.storage.AbstractStorage save
INFO: &amp#27;[32mSave 0712b864-2db8-4773-ac68-f96fe7cdb91a(uuid3043)
сент. 16, 2025 8:21:57 PM webapp.storage.AbstractStorage save
INFO: &amp#27;[32mSave 3c3f2fa1-e071-45b7-a701-47cb62aabd4a(uuid3044)
сент. 16, 2025 8:21:57 PM webapp.storage.AbstractStorage save
INFO: &amp#27;[32mSave 18d1e841-63f2-4046-8214-cef69625a05a(uuid3045)
сент. 16, 2025 8:21:57 PM webapp.storage.AbstractStorage save
INFO: &amp#27;[32mSave 7c49804a-00a3-4d6d-aa54-94b5471f1d02(uuid3046)
сент. 16, 2025 8:21:57 PM webapp.storage.AbstractStorage save
INFO: &amp#27;[32mSave 239b400c-0324-4bf0-a5f4-f4c22a3209b8(uuid3047)
сент. 16, 2025 8:21:57 PM webapp.storage.AbstractStorage save
INFO: &amp#27;[32mSave 497af07c-85e6-4a7f-8148-17854a69de30(uuid3048)
сент. 16, 2025 8:21:57 PM webapp.storage.AbstractStorage save
INFO: &amp#27;[32mSave cda4ba79-a7c1-4263-a76e-eb5ebced9b0d(uuid3049)
сент. 16, 2025 8:21:57 PM webapp.storage.AbstractStorage save
INFO: &amp#27;[32mSave a4eb2913-a1d4-47d8-98b0-6d40334061ce(uuid3050)
сент. 16, 2025 8:21:57 PM webapp.storage.AbstractStorage save
INFO: &amp#27;[32mSave 6262237f-65b6-408b-8f8f-2bd5e4792ece(uuid3051)
сент. 16, 2025 8:21:57 PM webapp.storage.AbstractStorage save
INFO: &amp#27;[32mSave dc54e8a7-e4b6-4a65-a089-4c8949a29842(uuid3052)
сент. 16, 2025 8:21:57 PM webapp.storage.AbstractStorage save
INFO: &amp#27;[32mSave fd3ba6a8-2a09-4c37-ab35-c2d38320803f(uuid3053)
сент. 16, 2025 8:21:57 PM webapp.storage.AbstractStorage save
INFO: &amp#27;[32mSave 6d96a0cb-b54c-4e58-a824-d41434c729fa(uuid3054)
сент. 16, 2025 8:21:57 PM webapp.storage.AbstractStorage save
INFO: &amp#27;[32mSave 9b994e1d-29c8-46c3-93e4-eff99c809bce(uuid3055)
сент. 16, 2025 8:21:57 PM webapp.storage.AbstractStorage save
INFO: &amp#27;[32mSave 2189d2e2-883b-4daf-86f1-52dfd027202d(uuid3056)
сент. 16, 2025 8:21:57 PM webapp.storage.AbstractStorage save
INFO: &amp#27;[32mSave ab43166d-eceb-4843-9c6b-a979a08a6eb8(uuid3057)
сент. 16, 2025 8:21:57 PM webapp.storage.AbstractStorage save
INFO: &amp#27;[32mSave 928f97ce-ee09-47c9-bca9-1eec829ac5c1(uuid3058)
сент. 16, 2025 8:21:57 PM webapp.storage.AbstractStorage save
INFO: &amp#27;[32mSave a880cdbf-23ad-431b-bb60-315fb9f3dfad(uuid3059)
сент. 16, 2025 8:21:57 PM webapp.storage.AbstractStorage save
INFO: &amp#27;[32mSave 757ae589-7b3c-47a1-bc12-91b443ffd64d(uuid3060)
сент. 16, 2025 8:21:57 PM webapp.storage.AbstractStorage save
INFO: &amp#27;[32mSave 21936fe2-f50e-4f65-a02c-86b15449aaf2(uuid3061)
сент. 16, 2025 8:21:57 PM webapp.storage.AbstractStorage save
INFO: &amp#27;[32mSave 43b259f0-327c-42da-b745-4acebf096133(uuid3062)
сент. 16, 2025 8:21:57 PM webapp.storage.AbstractStorage save
INFO: &amp#27;[32mSave e0552e3e-9fec-412b-a93d-fdaced50991c(uuid3063)
сент. 16, 2025 8:21:57 PM webapp.storage.AbstractStorage save
INFO: &amp#27;[32mSave 8a80d894-83fa-453a-9658-824878f9bd79(uuid3064)
сент. 16, 2025 8:21:57 PM webapp.storage.AbstractStorage save
INFO: &amp#27;[32mSave deba6e2a-a41c-427d-bab1-ef76cec9b5ab(uuid3065)
сент. 16, 2025 8:21:57 PM webapp.storage.AbstractStorage save
INFO: &amp#27;[32mSave 38effc5f-f2b1-4d15-970c-2fb5fb61dc2c(uuid3066)
сент. 16, 2025 8:21:57 PM webapp.storage.AbstractStorage save
INFO: &amp#27;[32mSave 49fd04bb-dc0d-4778-88ea-f8c394c59ec6(uuid3067)
сент. 16, 2025 8:21:57 PM webapp.storage.AbstractStorage save
INFO: &amp#27;[32mSave 0e5ffb6c-f879-46d9-8e64-a492ef718500(uuid3068)
сент. 16, 2025 8:21:57 PM webapp.storage.AbstractStorage save
INFO: &amp#27;[32mSave 317a32e8-fb3b-4e9a-8ab8-b80f9668b959(uuid3069)
сент. 16, 2025 8:21:57 PM webapp.storage.AbstractStorage save
INFO: &amp#27;[32mSave ab888411-256d-4f62-b50b-6e8cefba79cd(uuid3070)
сент. 16, 2025 8:21:57 PM webapp.storage.AbstractStorage save
INFO: &amp#27;[32mSave d6d7424b-ce59-4332-ab31-c8ad080e13fb(uuid3071)
сент. 16, 2025 8:21:57 PM webapp.storage.AbstractStorage save
INFO: &amp#27;[32mSave 5e7b9c23-bca6-48c0-86df-d21991196c29(uuid3072)
сент. 16, 2025 8:21:57 PM webapp.storage.AbstractStorage save
INFO: &amp#27;[32mSave 47c3e9ba-1058-4638-9e1a-c33002d3cf93(uuid3073)
сент. 16, 2025 8:21:57 PM webapp.storage.AbstractStorage save
INFO: &amp#27;[32mSave 0d8253d6-845f-4579-98b9-10987d8eeb04(uuid3074)
сент. 16, 2025 8:21:57 PM webapp.storage.AbstractStorage save
INFO: &amp#27;[32mSave d3866c29-c77c-4ab0-b501-94a7bbbba6f7(uuid3075)
сент. 16, 2025 8:21:57 PM webapp.storage.AbstractStorage save
INFO: &amp#27;[32mSave b4db120b-0115-44a5-8ca3-16e132bfd42d(uuid3076)
сент. 16, 2025 8:21:57 PM webapp.storage.AbstractStorage save
INFO: &amp#27;[32mSave bf07c8d2-97b1-445b-bc47-6e5ef4b219dd(uuid3077)
сент. 16, 2025 8:21:57 PM webapp.storage.AbstractStorage save
INFO: &amp#27;[32mSave 784b73fb-ae82-4c0f-9d4f-ce39d6d65a70(uuid3078)
сент. 16, 2025 8:21:57 PM webapp.storage.AbstractStorage save
INFO: &amp#27;[32mSave e4bf9e78-a474-47a1-b299-ec26fd5fcb93(uuid3079)
сент. 16, 2025 8:21:57 PM webapp.storage.AbstractStorage save
INFO: &amp#27;[32mSave 9561b437-7479-4557-823b-fae7f04e3a07(uuid3080)
сент. 16, 2025 8:21:57 PM webapp.storage.AbstractStorage save
INFO: &amp#27;[32mSave f750826a-4178-4c9e-bfda-9a8ba6cba279(uuid3081)
сент. 16, 2025 8:21:57 PM webapp.storage.AbstractStorage save
INFO: &amp#27;[32mSave 1f3a4e53-d2c8-4c4a-b6d7-5e2cfca6299c(uuid3082)
сент. 16, 2025 8:21:57 PM webapp.storage.AbstractStorage save
INFO: &amp#27;[32mSave 7a5746e9-f301-4568-88b4-40e391692f8c(uuid3083)
сент. 16, 2025 8:21:57 PM webapp.storage.AbstractStorage save
INFO: &amp#27;[32mSave be79ab6f-0747-41e9-a475-1e815f57a90e(uuid3084)
сент. 16, 2025 8:21:57 PM webapp.storage.AbstractStorage save
INFO: &amp#27;[32mSave 2f6d8258-1b98-479e-b459-74a3aaf09fd8(uuid3085)
сент. 16, 2025 8:21:57 PM webapp.storage.AbstractStorage save
INFO: &amp#27;[32mSave 67a2f6be-dfde-4a2c-b6c8-2fb9fbdbc063(uuid3086)
сент. 16, 2025 8:21:57 PM webapp.storage.AbstractStorage save
INFO: &amp#27;[32mSave 652f2642-f6e7-400a-8d13-d141935f5d68(uuid3087)
сент. 16, 2025 8:21:57 PM webapp.storage.AbstractStorage save
INFO: &amp#27;[32mSave 5799779d-f304-4583-806f-f11236823031(uuid3088)
сент. 16, 2025 8:21:57 PM webapp.storage.AbstractStorage save
INFO: &amp#27;[32mSave 531af496-9ce5-414c-8b51-111d704c891e(uuid3089)
сент. 16, 2025 8:21:57 PM webapp.storage.AbstractStorage save
INFO: &amp#27;[32mSave 7b26c9dd-e42e-4a08-9713-061d63b0c3e3(uuid3090)
сент. 16, 2025 8:21:57 PM webapp.storage.AbstractStorage save
INFO: &amp#27;[32mSave 28d667a3-244e-4c40-b30d-b36c489a2f5c(uuid3091)
сент. 16, 2025 8:21:57 PM webapp.storage.AbstractStorage save
INFO: &amp#27;[32mSave 41faf688-15d6-4aef-aac6-383da12d98c5(uuid3092)
сент. 16, 2025 8:21:57 PM webapp.storage.AbstractStorage save
INFO: &amp#27;[32mSave d1984655-4f48-452c-9b0c-be2e0ebd1cff(uuid3093)
сент. 16, 2025 8:21:57 PM webapp.storage.AbstractStorage save
INFO: &amp#27;[32mSave b70e29d3-092f-4fde-a4cf-f769f81b37e2(uuid3094)
сент. 16, 2025 8:21:57 PM webapp.storage.AbstractStorage save
INFO: &amp#27;[32mSave e465acb0-38fc-4468-afac-2c8834bdc61f(uuid3095)
сент. 16, 2025 8:21:57 PM webapp.storage.AbstractStorage save
INFO: &amp#27;[32mSave 8a045e23-ab34-4c9a-97de-5f81509da794(uuid3096)
сент. 16, 2025 8:21:57 PM webapp.storage.AbstractStorage save
INFO: &amp#27;[32mSave 1f8ea62d-59e4-4caf-ba65-28319805c5d5(uuid3097)
сент. 16, 2025 8:21:57 PM webapp.storage.AbstractStorage save
INFO: &amp#27;[32mSave fa91d0bf-ed82-466c-a6b6-e01481cd38d7(uuid3098)
сент. 16, 2025 8:21:57 PM webapp.storage.AbstractStorage save
INFO: &amp#27;[32mSave 52a82a9a-45e5-42a2-b3c8-ef1c36c7dc6c(uuid3099)
сент. 16, 2025 8:21:57 PM webapp.storage.AbstractStorage save
INFO: &amp#27;[32mSave 3b1c491a-15f8-4220-a607-bcd0b6878c1f(uuid3100)
сент. 16, 2025 8:21:57 PM webapp.storage.AbstractStorage save
INFO: &amp#27;[32mSave 08978ac8-2953-42d7-bc00-44d8984c10d4(uuid3101)
сент. 16, 2025 8:21:57 PM webapp.storage.AbstractStorage save
INFO: &amp#27;[32mSave b6d3929b-2f27-47a4-91ad-0b35a35a7f75(uuid3102)
сент. 16, 2025 8:21:57 PM webapp.storage.AbstractStorage save
INFO: &amp#27;[32mSave a0f92fc6-8be2-42e7-9688-192d2501623d(uuid3103)
сент. 16, 2025 8:21:57 PM webapp.storage.AbstractStorage save
INFO: &amp#27;[32mSave 49fe8716-f52c-4a3d-aab7-29e4c846dfea(uuid3104)
сент. 16, 2025 8:21:57 PM webapp.storage.AbstractStorage save
INFO: &amp#27;[32mSave 33aaf0c9-0db5-45d9-92c2-ed03543cb000(uuid3105)
сент. 16, 2025 8:21:57 PM webapp.storage.AbstractStorage save
INFO: &amp#27;[32mSave a4a5288c-a2e6-4448-9755-9d7d8837ac9b(uuid3106)
сент. 16, 2025 8:21:57 PM webapp.storage.AbstractStorage save
INFO: &amp#27;[32mSave 4c4c79ee-859c-406b-b73f-7981cd4a0519(uuid3107)
сент. 16, 2025 8:21:57 PM webapp.storage.AbstractStorage save
INFO: &amp#27;[32mSave 37631736-b47a-4eab-8c8a-78ae7a9cfc99(uuid3108)
сент. 16, 2025 8:21:57 PM webapp.storage.AbstractStorage save
INFO: &amp#27;[32mSave 58cc5aed-084d-4339-b8f3-36a2a35d0506(uuid3109)
сент. 16, 2025 8:21:57 PM webapp.storage.AbstractStorage save
INFO: &amp#27;[32mSave 2fa9e0dd-2c86-4996-8056-4af8b8bf4bcc(uuid3110)
сент. 16, 2025 8:21:57 PM webapp.storage.AbstractStorage save
INFO: &amp#27;[32mSave 0adfaaef-630e-43d9-b593-847b78614900(uuid3111)
сент. 16, 2025 8:21:57 PM webapp.storage.AbstractStorage save
INFO: &amp#27;[32mSave 121a6482-700c-46c6-9831-c415bf1bd2d8(uuid3112)
сент. 16, 2025 8:21:57 PM webapp.storage.AbstractStorage save
INFO: &amp#27;[32mSave 02550d9f-7c8f-4223-9234-049f893fd634(uuid3113)
сент. 16, 2025 8:21:57 PM webapp.storage.AbstractStorage save
INFO: &amp#27;[32mSave 70292c60-d818-4082-93a8-e356d79e9ed2(uuid3114)
сент. 16, 2025 8:21:57 PM webapp.storage.AbstractStorage save
INFO: &amp#27;[32mSave a6db0183-746d-495e-aad9-7eee39994591(uuid3115)
сент. 16, 2025 8:21:57 PM webapp.storage.AbstractStorage save
INFO: &amp#27;[32mSave e8efa33e-8de0-4278-b30c-889881a58de5(uuid3116)
сент. 16, 2025 8:21:57 PM webapp.storage.AbstractStorage save
INFO: &amp#27;[32mSave 44c0c72d-25ef-4860-ae89-ee465c6bd101(uuid3117)
сент. 16, 2025 8:21:57 PM webapp.storage.AbstractStorage save
INFO: &amp#27;[32mSave 388899a5-9f7a-4da5-9d1f-1238084d4fdb(uuid3118)
сент. 16, 2025 8:21:57 PM webapp.storage.AbstractStorage save
INFO: &amp#27;[32mSave 65f45ee2-8458-476b-8872-85bdc7ce5689(uuid3119)
сент. 16, 2025 8:21:57 PM webapp.storage.AbstractStorage save
INFO: &amp#27;[32mSave 1756a2aa-f18e-4812-adfa-b186adebdf38(uuid3120)
сент. 16, 2025 8:21:57 PM webapp.storage.AbstractStorage save
INFO: &amp#27;[32mSave 6f20adef-88db-46f3-8d73-9c8fa8cba845(uuid3121)
сент. 16, 2025 8:21:57 PM webapp.storage.AbstractStorage save
INFO: &amp#27;[32mSave 923ebc0b-7e8c-49e9-a1bf-0ea8abdf9d0e(uuid3122)
сент. 16, 2025 8:21:57 PM webapp.storage.AbstractStorage save
INFO: &amp#27;[32mSave 5a910c56-b284-4376-841b-b454bfa47483(uuid3123)
сент. 16, 2025 8:21:57 PM webapp.storage.AbstractStorage save
INFO: &amp#27;[32mSave d83a9b92-9adf-43fd-b959-d254315cb2a3(uuid3124)
сент. 16, 2025 8:21:57 PM webapp.storage.AbstractStorage save
INFO: &amp#27;[32mSave b993ca04-7adf-4fdc-9cf8-c1fdbbbd8981(uuid3125)
сент. 16, 2025 8:21:57 PM webapp.storage.AbstractStorage save
INFO: &amp#27;[32mSave 475ab61f-cdd9-4074-b2f5-4e3b41a67ed2(uuid3126)
сент. 16, 2025 8:21:57 PM webapp.storage.AbstractStorage save
INFO: &amp#27;[32mSave eac4390e-ca2f-46a9-bbef-c6ee7b5c114a(uuid3127)
сент. 16, 2025 8:21:57 PM webapp.storage.AbstractStorage save
INFO: &amp#27;[32mSave 3ad92303-2eea-4dea-a782-85c467167891(uuid3128)
сент. 16, 2025 8:21:57 PM webapp.storage.AbstractStorage save
INFO: &amp#27;[32mSave f6e52784-c27c-4ad7-8860-38e9dfd57ce9(uuid3129)
сент. 16, 2025 8:21:57 PM webapp.storage.AbstractStorage save
INFO: &amp#27;[32mSave b5321b6e-6bbe-4419-bcf8-046a729da4ab(uuid3130)
сент. 16, 2025 8:21:57 PM webapp.storage.AbstractStorage save
INFO: &amp#27;[32mSave c64986af-a1ae-4f6c-87fc-71d607b869e3(uuid3131)
сент. 16, 2025 8:21:57 PM webapp.storage.AbstractStorage save
INFO: &amp#27;[32mSave 185edeb0-bb08-4bd4-ba8f-d7087344d3dd(uuid3132)
сент. 16, 2025 8:21:57 PM webapp.storage.AbstractStorage save
INFO: &amp#27;[32mSave 0b8ee93d-60e7-44a7-b3a3-b254391affae(uuid3133)
сент. 16, 2025 8:21:57 PM webapp.storage.AbstractStorage save
INFO: &amp#27;[32mSave b8248233-e1ed-4e39-8f0f-868417da5219(uuid3134)
сент. 16, 2025 8:21:57 PM webapp.storage.AbstractStorage save
INFO: &amp#27;[32mSave 0552f83c-cfb6-42f0-bead-4b38516ffa2a(uuid3135)
сент. 16, 2025 8:21:57 PM webapp.storage.AbstractStorage save
INFO: &amp#27;[32mSave a9d6ae82-3451-4bba-8490-4ba11d19a453(uuid3136)
сент. 16, 2025 8:21:57 PM webapp.storage.AbstractStorage save
INFO: &amp#27;[32mSave 5d9fbb1e-2d9e-4a32-9f0c-feea1d50761f(uuid3137)
сент. 16, 2025 8:21:57 PM webapp.storage.AbstractStorage save
INFO: &amp#27;[32mSave e3722627-f937-4b47-b7d2-3ac76d979ea8(uuid3138)
сент. 16, 2025 8:21:57 PM webapp.storage.AbstractStorage save
INFO: &amp#27;[32mSave 1700b344-3cd0-4ac4-9490-d2406cd7ee37(uuid3139)
сент. 16, 2025 8:21:57 PM webapp.storage.AbstractStorage save
INFO: &amp#27;[32mSave c93960b7-6222-4e4a-9f48-b25cab85462a(uuid3140)
сент. 16, 2025 8:21:57 PM webapp.storage.AbstractStorage save
INFO: &amp#27;[32mSave 7bd9939e-d748-4e58-ba55-a270425a8ec3(uuid3141)
сент. 16, 2025 8:21:57 PM webapp.storage.AbstractStorage save
INFO: &amp#27;[32mSave d94b20e6-4457-4c09-bfdd-dc55b15f7788(uuid3142)
сент. 16, 2025 8:21:57 PM webapp.storage.AbstractStorage save
INFO: &amp#27;[32mSave 21536106-91fe-43b9-b71e-0ea6df062e79(uuid3143)
сент. 16, 2025 8:21:57 PM webapp.storage.AbstractStorage save
INFO: &amp#27;[32mSave 4ba19ebc-0226-421d-9ce5-822b75ddcc11(uuid3144)
сент. 16, 2025 8:21:57 PM webapp.storage.AbstractStorage save
INFO: &amp#27;[32mSave 8c23ce4a-5369-40ad-be32-f283717bdd53(uuid3145)
сент. 16, 2025 8:21:57 PM webapp.storage.AbstractStorage save
INFO: &amp#27;[32mSave bfbf193d-fc6d-4120-b51d-fbac94f70374(uuid3146)
сент. 16, 2025 8:21:57 PM webapp.storage.AbstractStorage save
INFO: &amp#27;[32mSave 1a66f586-e59a-4373-bb2c-ca209e449bf4(uuid3147)
сент. 16, 2025 8:21:57 PM webapp.storage.AbstractStorage save
INFO: &amp#27;[32mSave 3bbd0cac-2883-49a3-ab9f-0e5763428457(uuid3148)
сент. 16, 2025 8:21:57 PM webapp.storage.AbstractStorage save
INFO: &amp#27;[32mSave 9a0def37-8d6f-468e-8a81-1b76336cce52(uuid3149)
сент. 16, 2025 8:21:57 PM webapp.storage.AbstractStorage save
INFO: &amp#27;[32mSave 89976756-0b87-4f56-be8b-83f6ffe302e4(uuid3150)
сент. 16, 2025 8:21:57 PM webapp.storage.AbstractStorage save
INFO: &amp#27;[32mSave 444c5809-7d98-4864-94dd-0f44c4dd5c4f(uuid3151)
сент. 16, 2025 8:21:57 PM webapp.storage.AbstractStorage save
INFO: &amp#27;[32mSave 52498f9c-8848-45f6-ade9-775b7423c45e(uuid3152)
сент. 16, 2025 8:21:57 PM webapp.storage.AbstractStorage save
INFO: &amp#27;[32mSave a43b8539-10d6-4b49-979e-ec997ca9b33f(uuid3153)
сент. 16, 2025 8:21:57 PM webapp.storage.AbstractStorage save
INFO: &amp#27;[32mSave bc0ce841-2660-48e7-9ce9-18406bc28acf(uuid3154)
сент. 16, 2025 8:21:57 PM webapp.storage.AbstractStorage save
INFO: &amp#27;[32mSave d6fc12ee-7483-44df-af41-615fdada1be5(uuid3155)
сент. 16, 2025 8:21:57 PM webapp.storage.AbstractStorage save
INFO: &amp#27;[32mSave 599f2e2b-e484-487b-9c88-8a787a4afa79(uuid3156)
сент. 16, 2025 8:21:57 PM webapp.storage.AbstractStorage save
INFO: &amp#27;[32mSave ffc87c35-3dee-4638-8766-d648e24d21ff(uuid3157)
сент. 16, 2025 8:21:57 PM webapp.storage.AbstractStorage save
INFO: &amp#27;[32mSave 8d24222b-59cb-4599-a781-c9837c6c8540(uuid3158)
сент. 16, 2025 8:21:57 PM webapp.storage.AbstractStorage save
INFO: &amp#27;[32mSave 5feae219-c723-430d-9347-7717bc7a53fe(uuid3159)
сент. 16, 2025 8:21:57 PM webapp.storage.AbstractStorage save
INFO: &amp#27;[32mSave 987d08ae-012e-49cd-ba22-b699a9f1c3bb(uuid3160)
сент. 16, 2025 8:21:57 PM webapp.storage.AbstractStorage save
INFO: &amp#27;[32mSave b7fbe692-53fb-4be1-84c1-f1c2708a3437(uuid3161)
сент. 16, 2025 8:21:57 PM webapp.storage.AbstractStorage save
INFO: &amp#27;[32mSave 01236725-3d1b-4ed9-99ba-f387e3e7bfc0(uuid3162)
сент. 16, 2025 8:21:57 PM webapp.storage.AbstractStorage save
INFO: &amp#27;[32mSave 0ad052d6-38a7-4757-9c7f-35ad8e5fc700(uuid3163)
сент. 16, 2025 8:21:57 PM webapp.storage.AbstractStorage save
INFO: &amp#27;[32mSave 4f2a7971-7252-443c-ae91-f346f8dc47bb(uuid3164)
сент. 16, 2025 8:21:57 PM webapp.storage.AbstractStorage save
INFO: &amp#27;[32mSave 925435cd-69ef-4aec-ab0a-c5e08ad18fd9(uuid3165)
сент. 16, 2025 8:21:57 PM webapp.storage.AbstractStorage save
INFO: &amp#27;[32mSave 13ea991c-0fcc-45c5-9ed6-6318b580bbd3(uuid3166)
сент. 16, 2025 8:21:57 PM webapp.storage.AbstractStorage save
INFO: &amp#27;[32mSave 3f8a850f-e44c-47ff-925e-e50c25c0c29e(uuid3167)
сент. 16, 2025 8:21:57 PM webapp.storage.AbstractStorage save
INFO: &amp#27;[32mSave 4a6c4864-a494-4e1f-ae22-b645540efe2f(uuid3168)
сент. 16, 2025 8:21:57 PM webapp.storage.AbstractStorage save
INFO: &amp#27;[32mSave 663a78f5-1182-4705-8b55-c8b63bdd71f4(uuid3169)
сент. 16, 2025 8:21:57 PM webapp.storage.AbstractStorage save
INFO: &amp#27;[32mSave 6d10b283-169f-4049-bf66-70732ff24da5(uuid3170)
сент. 16, 2025 8:21:57 PM webapp.storage.AbstractStorage save
INFO: &amp#27;[32mSave 15039218-07b1-4d3d-ae8c-d8a06c3279bf(uuid3171)
сент. 16, 2025 8:21:57 PM webapp.storage.AbstractStorage save
INFO: &amp#27;[32mSave 438d1278-0c7f-46cb-a866-ab08565087b0(uuid3172)
сент. 16, 2025 8:21:57 PM webapp.storage.AbstractStorage save
INFO: &amp#27;[32mSave 0b1bb207-bb43-46bf-99fc-a22458e993fc(uuid3173)
сент. 16, 2025 8:21:57 PM webapp.storage.AbstractStorage save
INFO: &amp#27;[32mSave 9f499d60-9f37-4996-b891-86c9c199c73a(uuid3174)
сент. 16, 2025 8:21:57 PM webapp.storage.AbstractStorage save
INFO: &amp#27;[32mSave 1712444a-3f9a-4c7d-9e79-1ccdcb3e7eed(uuid3175)
сент. 16, 2025 8:21:57 PM webapp.storage.AbstractStorage save
INFO: &amp#27;[32mSave 6149fcd7-a215-4b70-a4be-b4a7e0e8c18d(uuid3176)
сент. 16, 2025 8:21:57 PM webapp.storage.AbstractStorage save
INFO: &amp#27;[32mSave 50988e7e-e881-4ec0-92db-9b976614f069(uuid3177)
сент. 16, 2025 8:21:57 PM webapp.storage.AbstractStorage save
INFO: &amp#27;[32mSave 237b0b40-a1ee-4369-bfa7-49a2f8c49760(uuid3178)
сент. 16, 2025 8:21:57 PM webapp.storage.AbstractStorage save
INFO: &amp#27;[32mSave b835bee7-b413-4420-9bd4-f99a6fa18b4a(uuid3179)
сент. 16, 2025 8:21:57 PM webapp.storage.AbstractStorage save
INFO: &amp#27;[32mSave 66e482cc-37b0-44ff-9246-ddb63b448807(uuid3180)
сент. 16, 2025 8:21:57 PM webapp.storage.AbstractStorage save
INFO: &amp#27;[32mSave 9c34d851-7b19-4b07-b07b-ef01fdca0cae(uuid3181)
сент. 16, 2025 8:21:57 PM webapp.storage.AbstractStorage save
INFO: &amp#27;[32mSave ae26d98e-3f49-4c6c-9075-0f3226948e56(uuid3182)
сент. 16, 2025 8:21:57 PM webapp.storage.AbstractStorage save
INFO: &amp#27;[32mSave 395b234a-2e8c-4a4b-8bc7-27fcee860327(uuid3183)
сент. 16, 2025 8:21:57 PM webapp.storage.AbstractStorage save
INFO: &amp#27;[32mSave e43dfb84-9b88-4368-b805-e83fb4a617f7(uuid3184)
сент. 16, 2025 8:21:57 PM webapp.storage.AbstractStorage save
INFO: &amp#27;[32mSave a766ec2d-2c43-4c65-8c5a-0f99789c0f86(uuid3185)
сент. 16, 2025 8:21:57 PM webapp.storage.AbstractStorage save
INFO: &amp#27;[32mSave 402826d6-c467-494a-af9c-be5200668e8f(uuid3186)
сент. 16, 2025 8:21:57 PM webapp.storage.AbstractStorage save
INFO: &amp#27;[32mSave 4b489a14-90ac-4808-8935-942bcbea637a(uuid3187)
сент. 16, 2025 8:21:57 PM webapp.storage.AbstractStorage save
INFO: &amp#27;[32mSave 08c26067-092d-4cc3-9879-d477c87a6780(uuid3188)
сент. 16, 2025 8:21:57 PM webapp.storage.AbstractStorage save
INFO: &amp#27;[32mSave b501df1f-502c-482c-bde1-3a23dcd1e3a3(uuid3189)
сент. 16, 2025 8:21:57 PM webapp.storage.AbstractStorage save
INFO: &amp#27;[32mSave f88566bc-d2f2-4eba-9a6a-a7baf1e78232(uuid3190)
сент. 16, 2025 8:21:57 PM webapp.storage.AbstractStorage save
INFO: &amp#27;[32mSave b3b84c56-8e24-4233-af53-0c33585e4407(uuid3191)
сент. 16, 2025 8:21:57 PM webapp.storage.AbstractStorage save
INFO: &amp#27;[32mSave 29d8a41e-1c50-469b-97e0-e98596f2ca48(uuid3192)
сент. 16, 2025 8:21:57 PM webapp.storage.AbstractStorage save
INFO: &amp#27;[32mSave 8653c737-2d0a-4b86-a9e7-bf088c6d1eac(uuid3193)
сент. 16, 2025 8:21:57 PM webapp.storage.AbstractStorage save
INFO: &amp#27;[32mSave 9114d6d5-b0c6-4d66-acf3-bf1d651df10c(uuid3194)
сент. 16, 2025 8:21:57 PM webapp.storage.AbstractStorage save
INFO: &amp#27;[32mSave ba07b326-3e15-434d-83a7-a41e436e34e4(uuid3195)
сент. 16, 2025 8:21:57 PM webapp.storage.AbstractStorage save
INFO: &amp#27;[32mSave 067c651f-b4a7-4d66-9c27-cd91a6b45657(uuid3196)
сент. 16, 2025 8:21:57 PM webapp.storage.AbstractStorage save
INFO: &amp#27;[32mSave 3c1d8efc-0f5f-459e-b9a3-fb79d780d6a8(uuid3197)
сент. 16, 2025 8:21:57 PM webapp.storage.AbstractStorage save
INFO: &amp#27;[32mSave a6420d5e-6af7-4f67-a801-fccd93429699(uuid3198)
сент. 16, 2025 8:21:57 PM webapp.storage.AbstractStorage save
INFO: &amp#27;[32mSave d827b754-4aae-4025-ab63-2045acf0320d(uuid3199)
сент. 16, 2025 8:21:57 PM webapp.storage.AbstractStorage save
INFO: &amp#27;[32mSave 3c4c7980-bbc0-48b0-9360-3d91ebea42e0(uuid3200)
сент. 16, 2025 8:21:57 PM webapp.storage.AbstractStorage save
INFO: &amp#27;[32mSave 173f2cec-00fb-4838-906c-f95296194f78(uuid3201)
сент. 16, 2025 8:21:57 PM webapp.storage.AbstractStorage save
INFO: &amp#27;[32mSave 06dcf29f-1673-4ce1-a061-03c7b100092b(uuid3202)
сент. 16, 2025 8:21:57 PM webapp.storage.AbstractStorage save
INFO: &amp#27;[32mSave 126dd9fd-bce7-4732-9821-2e693ad91842(uuid3203)
сент. 16, 2025 8:21:57 PM webapp.storage.AbstractStorage save
INFO: &amp#27;[32mSave 74288df6-f8f5-4590-821a-39b1ce03acea(uuid3204)
сент. 16, 2025 8:21:57 PM webapp.storage.AbstractStorage save
INFO: &amp#27;[32mSave 221814ac-4325-4117-b9aa-1b03fed7dd40(uuid3205)
сент. 16, 2025 8:21:57 PM webapp.storage.AbstractStorage save
INFO: &amp#27;[32mSave 3b1232fd-0d62-43b8-a6f3-579fd381a40c(uuid3206)
сент. 16, 2025 8:21:57 PM webapp.storage.AbstractStorage save
INFO: &amp#27;[32mSave 5afcf53f-978b-43f6-8531-218de79e5ca6(uuid3207)
сент. 16, 2025 8:21:57 PM webapp.storage.AbstractStorage save
INFO: &amp#27;[32mSave f31dcff2-a9ce-4065-95c3-66cd6b6cfe05(uuid3208)
сент. 16, 2025 8:21:57 PM webapp.storage.AbstractStorage save
INFO: &amp#27;[32mSave f2135a3b-02ae-4f3b-baf3-1b3b848822ac(uuid3209)
сент. 16, 2025 8:21:57 PM webapp.storage.AbstractStorage save
INFO: &amp#27;[32mSave 95c262e9-2c0a-405e-b126-39fd2233c650(uuid3210)
сент. 16, 2025 8:21:57 PM webapp.storage.AbstractStorage save
INFO: &amp#27;[32mSave 6f546dc4-01ce-4fc2-a9b8-72cab2fcdbaa(uuid3211)
сент. 16, 2025 8:21:57 PM webapp.storage.AbstractStorage save
INFO: &amp#27;[32mSave 0bb73c19-e335-4d10-9c49-e586602658ba(uuid3212)
сент. 16, 2025 8:21:57 PM webapp.storage.AbstractStorage save
INFO: &amp#27;[32mSave 00469efd-4f56-4820-a21a-431e92b88c7c(uuid3213)
сент. 16, 2025 8:21:57 PM webapp.storage.AbstractStorage save
INFO: &amp#27;[32mSave bf781094-d219-40f8-8961-d7060d8c37aa(uuid3214)
сент. 16, 2025 8:21:57 PM webapp.storage.AbstractStorage save
INFO: &amp#27;[32mSave e66d4061-4370-4bdc-8416-e1f00963aa9c(uuid3215)
сент. 16, 2025 8:21:57 PM webapp.storage.AbstractStorage save
INFO: &amp#27;[32mSave 75924f4f-1039-419b-99bb-f0121257c9d7(uuid3216)
сент. 16, 2025 8:21:57 PM webapp.storage.AbstractStorage save
INFO: &amp#27;[32mSave 30d6be03-b8c6-426e-b798-ce8f29792055(uuid3217)
сент. 16, 2025 8:21:57 PM webapp.storage.AbstractStorage save
INFO: &amp#27;[32mSave 4781094c-68b1-4d74-9fe3-2be561307855(uuid3218)
сент. 16, 2025 8:21:57 PM webapp.storage.AbstractStorage save
INFO: &amp#27;[32mSave aadb8339-4f75-4bef-a7ec-7f6518280b62(uuid3219)
сент. 16, 2025 8:21:57 PM webapp.storage.AbstractStorage save
INFO: &amp#27;[32mSave f1505bba-bf4e-4915-9802-3aafd763eb5c(uuid3220)
сент. 16, 2025 8:21:57 PM webapp.storage.AbstractStorage save
INFO: &amp#27;[32mSave 2bf7e0fa-77a7-479d-8396-0505f2fbfcbb(uuid3221)
сент. 16, 2025 8:21:57 PM webapp.storage.AbstractStorage save
INFO: &amp#27;[32mSave d7f95aaa-3316-4496-b419-71c9a4da8212(uuid3222)
сент. 16, 2025 8:21:57 PM webapp.storage.AbstractStorage save
INFO: &amp#27;[32mSave 71ccb3e4-b938-4e7c-aa33-34d5b386ea13(uuid3223)
сент. 16, 2025 8:21:57 PM webapp.storage.AbstractStorage save
INFO: &amp#27;[32mSave 325bd65a-3788-4073-894b-e8b2bc43a17b(uuid3224)
сент. 16, 2025 8:21:57 PM webapp.storage.AbstractStorage save
INFO: &amp#27;[32mSave 64724423-6597-4db8-861e-63c92d970e80(uuid3225)
сент. 16, 2025 8:21:57 PM webapp.storage.AbstractStorage save
INFO: &amp#27;[32mSave ae3d7403-cc7e-4346-a6ce-17488ba3ba4d(uuid3226)
сент. 16, 2025 8:21:57 PM webapp.storage.AbstractStorage save
INFO: &amp#27;[32mSave 0d4f607b-953f-4e94-8331-ed382df5fc56(uuid3227)
сент. 16, 2025 8:21:57 PM webapp.storage.AbstractStorage save
INFO: &amp#27;[32mSave 1b5b842d-6ece-425f-9959-977fa871b594(uuid3228)
сент. 16, 2025 8:21:57 PM webapp.storage.AbstractStorage save
INFO: &amp#27;[32mSave f116c6ea-1c9b-4826-8e47-a626656e9716(uuid3229)
сент. 16, 2025 8:21:57 PM webapp.storage.AbstractStorage save
INFO: &amp#27;[32mSave 8c1f58ac-9d08-4f37-a330-13332d9620f5(uuid3230)
сент. 16, 2025 8:21:57 PM webapp.storage.AbstractStorage save
INFO: &amp#27;[32mSave b4bf2551-9e8b-4220-8678-9184e1bd138f(uuid3231)
сент. 16, 2025 8:21:57 PM webapp.storage.AbstractStorage save
INFO: &amp#27;[32mSave 0f3c13e9-b9e8-46cf-82bd-042cae8f995f(uuid3232)
сент. 16, 2025 8:21:57 PM webapp.storage.AbstractStorage save
INFO: &amp#27;[32mSave 60c055c8-7c29-4f4f-bd92-f7decf6a8ae2(uuid3233)
сент. 16, 2025 8:21:57 PM webapp.storage.AbstractStorage save
INFO: &amp#27;[32mSave b8a5e760-f374-4556-bb7e-866a72f967bd(uuid3234)
сент. 16, 2025 8:21:57 PM webapp.storage.AbstractStorage save
INFO: &amp#27;[32mSave 79ef2d93-152a-48fd-bbd8-47b4b510bc33(uuid3235)
сент. 16, 2025 8:21:57 PM webapp.storage.AbstractStorage save
INFO: &amp#27;[32mSave 19a0c368-fe4d-451d-a43a-562534c39637(uuid3236)
сент. 16, 2025 8:21:57 PM webapp.storage.AbstractStorage save
INFO: &amp#27;[32mSave 2efeb20a-aff2-4e49-a385-33cace73c5cf(uuid3237)
сент. 16, 2025 8:21:57 PM webapp.storage.AbstractStorage save
INFO: &amp#27;[32mSave 7e695209-4ea3-4dab-909a-9dd704cec776(uuid3238)
сент. 16, 2025 8:21:57 PM webapp.storage.AbstractStorage save
INFO: &amp#27;[32mSave 5fbfcd8c-70fd-4fc8-b8b2-cc1b5ed95352(uuid3239)
сент. 16, 2025 8:21:57 PM webapp.storage.AbstractStorage save
INFO: &amp#27;[32mSave b1015cd2-f57b-4ee6-b0eb-e7ca5ec751bd(uuid3240)
сент. 16, 2025 8:21:57 PM webapp.storage.AbstractStorage save
INFO: &amp#27;[32mSave 197001ac-5e78-4dc0-9bc5-8203eb71f714(uuid3241)
сент. 16, 2025 8:21:57 PM webapp.storage.AbstractStorage save
INFO: &amp#27;[32mSave 2ebc4827-03d4-4109-8785-77e24c9f1ece(uuid3242)
сент. 16, 2025 8:21:57 PM webapp.storage.AbstractStorage save
INFO: &amp#27;[32mSave 8032eae1-bfb4-4371-9a1b-4b3fc95e8e6b(uuid3243)
сент. 16, 2025 8:21:57 PM webapp.storage.AbstractStorage save
INFO: &amp#27;[32mSave 98e28a49-76fb-4205-9e78-2251ba705248(uuid3244)
сент. 16, 2025 8:21:57 PM webapp.storage.AbstractStorage save
INFO: &amp#27;[32mSave 378c81e8-1de5-41ce-93c1-45b5b6369267(uuid3245)
сент. 16, 2025 8:21:57 PM webapp.storage.AbstractStorage save
INFO: &amp#27;[32mSave 2546f7ec-ac66-4bb8-926c-d0932a42ec30(uuid3246)
сент. 16, 2025 8:21:57 PM webapp.storage.AbstractStorage save
INFO: &amp#27;[32mSave a1b27600-2db0-43c8-b654-65fc1e39e49c(uuid3247)
сент. 16, 2025 8:21:57 PM webapp.storage.AbstractStorage save
INFO: &amp#27;[32mSave c69cf48f-71bf-469f-bd25-d4cbb1420d7f(uuid3248)
сент. 16, 2025 8:21:57 PM webapp.storage.AbstractStorage save
INFO: &amp#27;[32mSave fa4b3e69-ee18-48c6-ae50-b93a9d59f667(uuid3249)
сент. 16, 2025 8:21:57 PM webapp.storage.AbstractStorage save
INFO: &amp#27;[32mSave 75413526-4d55-4bd4-997d-35555a065f16(uuid3250)
сент. 16, 2025 8:21:57 PM webapp.storage.AbstractStorage save
INFO: &amp#27;[32mSave af6a48b6-af3a-491e-9c15-292a0803004e(uuid3251)
сент. 16, 2025 8:21:57 PM webapp.storage.AbstractStorage save
INFO: &amp#27;[32mSave 8824f8b2-0433-43ab-af24-cf66e67ca556(uuid3252)
сент. 16, 2025 8:21:57 PM webapp.storage.AbstractStorage save
INFO: &amp#27;[32mSave 080816da-02eb-49b6-9e8a-a9592d10ba2c(uuid3253)
сент. 16, 2025 8:21:57 PM webapp.storage.AbstractStorage save
INFO: &amp#27;[32mSave 21289379-3b3c-4bc5-8173-c891dd36f64c(uuid3254)
сент. 16, 2025 8:21:57 PM webapp.storage.AbstractStorage save
INFO: &amp#27;[32mSave fb31498e-cf74-4656-b680-d35cab6efaf3(uuid3255)
сент. 16, 2025 8:21:57 PM webapp.storage.AbstractStorage save
INFO: &amp#27;[32mSave 1976fb5e-1455-4f46-8848-f95d35084aa1(uuid3256)
сент. 16, 2025 8:21:57 PM webapp.storage.AbstractStorage save
INFO: &amp#27;[32mSave 6da87e2a-94c3-4871-8efb-85c78034efe6(uuid3257)
сент. 16, 2025 8:21:57 PM webapp.storage.AbstractStorage save
INFO: &amp#27;[32mSave 61529675-ae73-4ee2-8f73-4448c5dbad15(uuid3258)
сент. 16, 2025 8:21:57 PM webapp.storage.AbstractStorage save
INFO: &amp#27;[32mSave 2e690cce-e234-4a44-9225-5e2e47ee4935(uuid3259)
сент. 16, 2025 8:21:57 PM webapp.storage.AbstractStorage save
INFO: &amp#27;[32mSave 3c8c0ac8-74e1-4b74-9253-71a329d07c5a(uuid3260)
сент. 16, 2025 8:21:57 PM webapp.storage.AbstractStorage save
INFO: &amp#27;[32mSave 52e9e2bf-1d33-4ac0-bede-a73b8d396917(uuid3261)
сент. 16, 2025 8:21:57 PM webapp.storage.AbstractStorage save
INFO: &amp#27;[32mSave ed15b149-f1bc-459c-af01-cdc7b7ddf059(uuid3262)
сент. 16, 2025 8:21:57 PM webapp.storage.AbstractStorage save
INFO: &amp#27;[32mSave 39a6cc73-7da7-49dc-9174-79c2de6bc09b(uuid3263)
сент. 16, 2025 8:21:57 PM webapp.storage.AbstractStorage save
INFO: &amp#27;[32mSave 785adedd-f888-418b-adc1-d4f539afecbb(uuid3264)
сент. 16, 2025 8:21:57 PM webapp.storage.AbstractStorage save
INFO: &amp#27;[32mSave 4d4792b2-d7c2-41bc-8e89-2fad157e543c(uuid3265)
сент. 16, 2025 8:21:57 PM webapp.storage.AbstractStorage save
INFO: &amp#27;[32mSave f9e97de3-a527-4be8-adfb-8809562feac2(uuid3266)
сент. 16, 2025 8:21:57 PM webapp.storage.AbstractStorage save
INFO: &amp#27;[32mSave e9119e53-5b17-4b16-a208-e67277df4106(uuid3267)
сент. 16, 2025 8:21:57 PM webapp.storage.AbstractStorage save
INFO: &amp#27;[32mSave 5013a4e1-b63b-40e0-aecd-52fa992595c4(uuid3268)
сент. 16, 2025 8:21:57 PM webapp.storage.AbstractStorage save
INFO: &amp#27;[32mSave 1fa26972-05e1-4d8f-b85b-3e553f650a89(uuid3269)
сент. 16, 2025 8:21:57 PM webapp.storage.AbstractStorage save
INFO: &amp#27;[32mSave 4118e5a8-8e32-4db5-9341-2fb040899a14(uuid3270)
сент. 16, 2025 8:21:57 PM webapp.storage.AbstractStorage save
INFO: &amp#27;[32mSave ca153591-c90c-4fe4-ab14-e3c4a952ceeb(uuid3271)
сент. 16, 2025 8:21:57 PM webapp.storage.AbstractStorage save
INFO: &amp#27;[32mSave db4d45f6-d25d-4fcf-821d-e32b926c8789(uuid3272)
сент. 16, 2025 8:21:57 PM webapp.storage.AbstractStorage save
INFO: &amp#27;[32mSave 62994859-2326-4e93-a3ce-4e4c4476889e(uuid3273)
сент. 16, 2025 8:21:57 PM webapp.storage.AbstractStorage save
INFO: &amp#27;[32mSave ec956b0a-bc09-4db1-8956-9428aa75dfc5(uuid3274)
сент. 16, 2025 8:21:57 PM webapp.storage.AbstractStorage save
INFO: &amp#27;[32mSave 17c06e4c-5d0c-42bc-8e92-6e55ea5e6dc7(uuid3275)
сент. 16, 2025 8:21:57 PM webapp.storage.AbstractStorage save
INFO: &amp#27;[32mSave cbff8e8e-155f-46a1-adae-4c1fffb982e6(uuid3276)
сент. 16, 2025 8:21:57 PM webapp.storage.AbstractStorage save
INFO: &amp#27;[32mSave 8133966f-ef54-4507-8862-3df88f4b03a9(uuid3277)
сент. 16, 2025 8:21:57 PM webapp.storage.AbstractStorage save
INFO: &amp#27;[32mSave 1ec11153-bf62-4ae6-af9c-85e03d423726(uuid3278)
сент. 16, 2025 8:21:57 PM webapp.storage.AbstractStorage save
INFO: &amp#27;[32mSave ac36f8d0-2e22-492b-8bdf-f075bf959cb4(uuid3279)
сент. 16, 2025 8:21:57 PM webapp.storage.AbstractStorage save
INFO: &amp#27;[32mSave e62f1bda-4bb7-4ff0-b426-9323437d1388(uuid3280)
сент. 16, 2025 8:21:57 PM webapp.storage.AbstractStorage save
INFO: &amp#27;[32mSave 7b56f6c3-19e2-42f9-95b4-6729e27e922e(uuid3281)
сент. 16, 2025 8:21:57 PM webapp.storage.AbstractStorage save
INFO: &amp#27;[32mSave 5515055f-5b28-4c05-82a5-d79db23af99a(uuid3282)
сент. 16, 2025 8:21:57 PM webapp.storage.AbstractStorage save
INFO: &amp#27;[32mSave d2f5cb84-afc0-471d-a801-155f0d58a678(uuid3283)
сент. 16, 2025 8:21:57 PM webapp.storage.AbstractStorage save
INFO: &amp#27;[32mSave 484e522a-fa99-4df2-b4d7-26bea53e79fc(uuid3284)
сент. 16, 2025 8:21:57 PM webapp.storage.AbstractStorage save
INFO: &amp#27;[32mSave fc5b9f25-19d4-448d-86ae-a5724dc5d99d(uuid3285)
сент. 16, 2025 8:21:57 PM webapp.storage.AbstractStorage save
INFO: &amp#27;[32mSave c7cb1a66-3d81-4c8a-8bec-4da82b36a2bd(uuid3286)
сент. 16, 2025 8:21:57 PM webapp.storage.AbstractStorage save
INFO: &amp#27;[32mSave d1dccf69-a056-453c-96b3-505ebbf83a68(uuid3287)
сент. 16, 2025 8:21:57 PM webapp.storage.AbstractStorage save
INFO: &amp#27;[32mSave 369d09e4-ca48-490a-ad50-27d0e11be05d(uuid3288)
сент. 16, 2025 8:21:57 PM webapp.storage.AbstractStorage save
INFO: &amp#27;[32mSave 10fde1cf-f6e8-4f12-b115-74a7b9dd55b7(uuid3289)
сент. 16, 2025 8:21:57 PM webapp.storage.AbstractStorage save
INFO: &amp#27;[32mSave 2056f957-4062-4a96-a729-39a4852a4602(uuid3290)
сент. 16, 2025 8:21:57 PM webapp.storage.AbstractStorage save
INFO: &amp#27;[32mSave 90aa2a8d-2146-4431-b7ef-84f673d7b9a4(uuid3291)
сент. 16, 2025 8:21:57 PM webapp.storage.AbstractStorage save
INFO: &amp#27;[32mSave 1f8b3d3f-5b0c-431f-b854-f8acf3818212(uuid3292)
сент. 16, 2025 8:21:57 PM webapp.storage.AbstractStorage save
INFO: &amp#27;[32mSave acc55691-0606-4132-bbbe-99def654d6f9(uuid3293)
сент. 16, 2025 8:21:57 PM webapp.storage.AbstractStorage save
INFO: &amp#27;[32mSave ac340f03-a7c3-435c-8df9-db558955ddfa(uuid3294)
сент. 16, 2025 8:21:57 PM webapp.storage.AbstractStorage save
INFO: &amp#27;[32mSave 6eb992cb-e86e-48b0-9b42-530a46a466b9(uuid3295)
сент. 16, 2025 8:21:57 PM webapp.storage.AbstractStorage save
INFO: &amp#27;[32mSave dc3676d4-a488-4fa2-8309-4cc462f098a3(uuid3296)
сент. 16, 2025 8:21:57 PM webapp.storage.AbstractStorage save
INFO: &amp#27;[32mSave 36f98150-fa8a-47e5-8920-ff9f97ef4eb8(uuid3297)
сент. 16, 2025 8:21:57 PM webapp.storage.AbstractStorage save
INFO: &amp#27;[32mSave e2abda69-50f8-4d42-bd5e-e502fb590bc8(uuid3298)
сент. 16, 2025 8:21:57 PM webapp.storage.AbstractStorage save
INFO: &amp#27;[32mSave 54cf96b6-f8b7-4297-93c4-6e0d701cf1ea(uuid3299)
сент. 16, 2025 8:21:57 PM webapp.storage.AbstractStorage save
INFO: &amp#27;[32mSave fcd8d67b-215c-4b51-b092-ea349c713d97(uuid3300)
сент. 16, 2025 8:21:57 PM webapp.storage.AbstractStorage save
INFO: &amp#27;[32mSave 1b156316-5b18-4f98-abb7-1fbbe9108bbb(uuid3301)
сент. 16, 2025 8:21:57 PM webapp.storage.AbstractStorage save
INFO: &amp#27;[32mSave b7e3562d-cd5b-474c-8199-6a0060a2703e(uuid3302)
сент. 16, 2025 8:21:57 PM webapp.storage.AbstractStorage save
INFO: &amp#27;[32mSave b6dcd987-03fb-4f62-8d52-f59ad3807d13(uuid3303)
сент. 16, 2025 8:21:57 PM webapp.storage.AbstractStorage save
INFO: &amp#27;[32mSave 0998787d-1bfc-459e-ab1e-88327648b8e7(uuid3304)
сент. 16, 2025 8:21:57 PM webapp.storage.AbstractStorage save
INFO: &amp#27;[32mSave 5ec71487-dc1e-48ae-a7e0-6059532b8b9a(uuid3305)
сент. 16, 2025 8:21:57 PM webapp.storage.AbstractStorage save
INFO: &amp#27;[32mSave c0bb5831-5ae7-4ae8-abc8-2f6fb4e0093c(uuid3306)
сент. 16, 2025 8:21:57 PM webapp.storage.AbstractStorage save
INFO: &amp#27;[32mSave b72ffa4e-504b-44d5-b854-45c99f7cb385(uuid3307)
сент. 16, 2025 8:21:57 PM webapp.storage.AbstractStorage save
INFO: &amp#27;[32mSave 024c31d4-c3d7-4d38-873c-0d096224b0c1(uuid3308)
сент. 16, 2025 8:21:57 PM webapp.storage.AbstractStorage save
INFO: &amp#27;[32mSave 7b14e632-5dcd-4fa7-833e-2719debcc3cb(uuid3309)
сент. 16, 2025 8:21:57 PM webapp.storage.AbstractStorage save
INFO: &amp#27;[32mSave 90a058ae-b380-40ac-b3ec-574fcb1b1395(uuid3310)
сент. 16, 2025 8:21:57 PM webapp.storage.AbstractStorage save
INFO: &amp#27;[32mSave 42922b08-0c83-46a3-87ea-1c5737e7da05(uuid3311)
сент. 16, 2025 8:21:57 PM webapp.storage.AbstractStorage save
INFO: &amp#27;[32mSave 14bea5b0-2bee-4589-8424-d55442cecfe1(uuid3312)
сент. 16, 2025 8:21:57 PM webapp.storage.AbstractStorage save
INFO: &amp#27;[32mSave 59331648-6491-4777-8db1-5be8254813b8(uuid3313)
сент. 16, 2025 8:21:57 PM webapp.storage.AbstractStorage save
INFO: &amp#27;[32mSave 708d7855-8bd0-4add-9a71-50430930895d(uuid3314)
сент. 16, 2025 8:21:57 PM webapp.storage.AbstractStorage save
INFO: &amp#27;[32mSave ae2cd206-5e9d-45c3-b9f9-3ddcd9b1935b(uuid3315)
сент. 16, 2025 8:21:57 PM webapp.storage.AbstractStorage save
INFO: &amp#27;[32mSave 3391e967-7951-4dfc-8f38-05ef179adab1(uuid3316)
сент. 16, 2025 8:21:57 PM webapp.storage.AbstractStorage save
INFO: &amp#27;[32mSave 783cda2b-b56e-4199-93f3-aa71b2d03095(uuid3317)
сент. 16, 2025 8:21:57 PM webapp.storage.AbstractStorage save
INFO: &amp#27;[32mSave 073a208c-c742-4890-bb5b-70e27e9754b5(uuid3318)
сент. 16, 2025 8:21:57 PM webapp.storage.AbstractStorage save
INFO: &amp#27;[32mSave 69181478-6b8c-4dcf-93bd-470a401fb126(uuid3319)
сент. 16, 2025 8:21:57 PM webapp.storage.AbstractStorage save
INFO: &amp#27;[32mSave a23a161e-cad9-4a71-a354-afa317a1818c(uuid3320)
сент. 16, 2025 8:21:57 PM webapp.storage.AbstractStorage save
INFO: &amp#27;[32mSave 585669aa-2acb-44d6-a106-b27f3bec2168(uuid3321)
сент. 16, 2025 8:21:57 PM webapp.storage.AbstractStorage save
INFO: &amp#27;[32mSave 99be9cbc-9646-4f74-a466-fe861adf564c(uuid3322)
сент. 16, 2025 8:21:57 PM webapp.storage.AbstractStorage save
INFO: &amp#27;[32mSave 5c659bbb-68f5-450b-b423-43666d61754a(uuid3323)
сент. 16, 2025 8:21:57 PM webapp.storage.AbstractStorage save
INFO: &amp#27;[32mSave d55dabf5-cffa-4845-896f-4d582af29185(uuid3324)
сент. 16, 2025 8:21:57 PM webapp.storage.AbstractStorage save
INFO: &amp#27;[32mSave 7a2fb2d4-1a30-4047-bbce-9a77ef575871(uuid3325)
сент. 16, 2025 8:21:57 PM webapp.storage.AbstractStorage save
INFO: &amp#27;[32mSave fa69711d-f1c2-4660-aac1-ca09feaef711(uuid3326)
сент. 16, 2025 8:21:57 PM webapp.storage.AbstractStorage save
INFO: &amp#27;[32mSave 160dd3f1-7509-4913-94e9-33db3d716f42(uuid3327)
сент. 16, 2025 8:21:57 PM webapp.storage.AbstractStorage save
INFO: &amp#27;[32mSave 80075bf8-157d-4224-82e9-ff00ba954e9c(uuid3328)
сент. 16, 2025 8:21:57 PM webapp.storage.AbstractStorage save
INFO: &amp#27;[32mSave f86806f9-cd0f-4eda-9654-896f15b2c72b(uuid3329)
сент. 16, 2025 8:21:57 PM webapp.storage.AbstractStorage save
INFO: &amp#27;[32mSave 483274c9-9f1d-4c03-be65-c88634bc832a(uuid3330)
сент. 16, 2025 8:21:57 PM webapp.storage.AbstractStorage save
INFO: &amp#27;[32mSave 15e225ea-e6cf-4f29-a828-ecef10ad3cc0(uuid3331)
сент. 16, 2025 8:21:57 PM webapp.storage.AbstractStorage save
INFO: &amp#27;[32mSave d81bb0fb-4402-4bd4-a56e-c7a37201616c(uuid3332)
сент. 16, 2025 8:21:57 PM webapp.storage.AbstractStorage save
INFO: &amp#27;[32mSave f274dcb1-fab4-4767-b716-96818b397e04(uuid3333)
сент. 16, 2025 8:21:57 PM webapp.storage.AbstractStorage save
INFO: &amp#27;[32mSave 1e784678-266f-4cea-be09-fb4322e3b9c7(uuid3334)
сент. 16, 2025 8:21:57 PM webapp.storage.AbstractStorage save
INFO: &amp#27;[32mSave d1a84502-26b1-4f25-8a0b-3befafb02cf8(uuid3335)
сент. 16, 2025 8:21:57 PM webapp.storage.AbstractStorage save
INFO: &amp#27;[32mSave a42c91dd-4021-4f6e-8070-b09d48acf5da(uuid3336)
сент. 16, 2025 8:21:57 PM webapp.storage.AbstractStorage save
INFO: &amp#27;[32mSave cd0244d7-3b6d-4d6e-8ea7-d1002a17ecbd(uuid3337)
сент. 16, 2025 8:21:57 PM webapp.storage.AbstractStorage save
INFO: &amp#27;[32mSave 697015ed-3bf8-4658-8ed0-754138294899(uuid3338)
сент. 16, 2025 8:21:57 PM webapp.storage.AbstractStorage save
INFO: &amp#27;[32mSave d1b58031-d479-420e-b5d3-3c7a4bba747d(uuid3339)
сент. 16, 2025 8:21:57 PM webapp.storage.AbstractStorage save
INFO: &amp#27;[32mSave 656379ff-254c-402c-a011-06ff8517fa25(uuid3340)
сент. 16, 2025 8:21:57 PM webapp.storage.AbstractStorage save
INFO: &amp#27;[32mSave 7b62003a-27e6-497a-983e-d9d72a760161(uuid3341)
сент. 16, 2025 8:21:57 PM webapp.storage.AbstractStorage save
INFO: &amp#27;[32mSave 8add474c-902b-48d7-8edf-760bfc1e844d(uuid3342)
сент. 16, 2025 8:21:57 PM webapp.storage.AbstractStorage save
INFO: &amp#27;[32mSave 4c59ba7d-b7c9-445a-b017-1834fb692616(uuid3343)
сент. 16, 2025 8:21:57 PM webapp.storage.AbstractStorage save
INFO: &amp#27;[32mSave cd9b3fff-f469-419b-8a80-a5429794e1dc(uuid3344)
сент. 16, 2025 8:21:57 PM webapp.storage.AbstractStorage save
INFO: &amp#27;[32mSave cd3a9460-3907-4851-9f2a-b6dcc6b38a57(uuid3345)
сент. 16, 2025 8:21:57 PM webapp.storage.AbstractStorage save
INFO: &amp#27;[32mSave bceee252-de14-446d-9970-15c78cdd7a93(uuid3346)
сент. 16, 2025 8:21:57 PM webapp.storage.AbstractStorage save
INFO: &amp#27;[32mSave 78253e26-c088-4923-a8a2-1b76799c3e6a(uuid3347)
сент. 16, 2025 8:21:57 PM webapp.storage.AbstractStorage save
INFO: &amp#27;[32mSave 0a45fe5e-6883-4c16-9e59-8b7020d59274(uuid3348)
сент. 16, 2025 8:21:57 PM webapp.storage.AbstractStorage save
INFO: &amp#27;[32mSave c1996f37-1ec6-4fc2-b655-110d85e6cb9d(uuid3349)
сент. 16, 2025 8:21:57 PM webapp.storage.AbstractStorage save
INFO: &amp#27;[32mSave 1c99de02-2b59-4dad-bac9-a744d6b55868(uuid3350)
сент. 16, 2025 8:21:57 PM webapp.storage.AbstractStorage save
INFO: &amp#27;[32mSave 6a197c7b-8d3a-43a3-99b4-96ce7aaff7b5(uuid3351)
сент. 16, 2025 8:21:57 PM webapp.storage.AbstractStorage save
INFO: &amp#27;[32mSave cca8f303-9cca-40d6-befc-0660c3970125(uuid3352)
сент. 16, 2025 8:21:57 PM webapp.storage.AbstractStorage save
INFO: &amp#27;[32mSave 039bf97b-4ee2-4a60-86e7-d5b879cb7a27(uuid3353)
сент. 16, 2025 8:21:57 PM webapp.storage.AbstractStorage save
INFO: &amp#27;[32mSave 92189acc-c601-4832-8f96-3302210a5e5b(uuid3354)
сент. 16, 2025 8:21:57 PM webapp.storage.AbstractStorage save
INFO: &amp#27;[32mSave c09c4bd1-c297-4dca-921b-6d75de008169(uuid3355)
сент. 16, 2025 8:21:57 PM webapp.storage.AbstractStorage save
INFO: &amp#27;[32mSave 3e068ce3-c3cb-4d06-90ef-fb67f1554c16(uuid3356)
сент. 16, 2025 8:21:57 PM webapp.storage.AbstractStorage save
INFO: &amp#27;[32mSave 63df0764-7baa-4844-9037-5a3710db5afb(uuid3357)
сент. 16, 2025 8:21:57 PM webapp.storage.AbstractStorage save
INFO: &amp#27;[32mSave 260b9d41-1d54-47ce-971c-917f5018fc15(uuid3358)
сент. 16, 2025 8:21:57 PM webapp.storage.AbstractStorage save
INFO: &amp#27;[32mSave 05acaa0c-44bb-4d12-a1ef-1b1c259b25aa(uuid3359)
сент. 16, 2025 8:21:57 PM webapp.storage.AbstractStorage save
INFO: &amp#27;[32mSave 46abbe58-9e91-42ba-a36e-e68f7c65b502(uuid3360)
сент. 16, 2025 8:21:57 PM webapp.storage.AbstractStorage save
INFO: &amp#27;[32mSave 24169cfa-73b3-4132-a39f-03235f69a4d5(uuid3361)
сент. 16, 2025 8:21:57 PM webapp.storage.AbstractStorage save
INFO: &amp#27;[32mSave 521745da-7256-4e11-afaa-f77698c984e7(uuid3362)
сент. 16, 2025 8:21:57 PM webapp.storage.AbstractStorage save
INFO: &amp#27;[32mSave 32d265a7-37b9-4524-8602-d934b6616f14(uuid3363)
сент. 16, 2025 8:21:57 PM webapp.storage.AbstractStorage save
INFO: &amp#27;[32mSave 094720c8-ee58-4f1a-9cce-1c94c9228987(uuid3364)
сент. 16, 2025 8:21:57 PM webapp.storage.AbstractStorage save
INFO: &amp#27;[32mSave 0c55db3e-4611-47f7-bbc1-dc063300c120(uuid3365)
сент. 16, 2025 8:21:57 PM webapp.storage.AbstractStorage save
INFO: &amp#27;[32mSave 76fb079f-f2df-429c-a7ff-8cab0e93c1ba(uuid3366)
сент. 16, 2025 8:21:57 PM webapp.storage.AbstractStorage save
INFO: &amp#27;[32mSave 85af6ca5-7ac7-4a5a-9ce2-0bd817050ec7(uuid3367)
сент. 16, 2025 8:21:57 PM webapp.storage.AbstractStorage save
INFO: &amp#27;[32mSave a0f059c7-e0ee-4939-9b31-e8be62320bb7(uuid3368)
сент. 16, 2025 8:21:57 PM webapp.storage.AbstractStorage save
INFO: &amp#27;[32mSave 50a56235-a626-4f76-ab5e-6c1b1693b586(uuid3369)
сент. 16, 2025 8:21:57 PM webapp.storage.AbstractStorage save
INFO: &amp#27;[32mSave f781c65d-fb77-4faa-8e2b-c7337fa04e97(uuid3370)
сент. 16, 2025 8:21:57 PM webapp.storage.AbstractStorage save
INFO: &amp#27;[32mSave 65aca142-2787-41d2-ae20-a532a29acb66(uuid3371)
сент. 16, 2025 8:21:57 PM webapp.storage.AbstractStorage save
INFO: &amp#27;[32mSave 33b78595-3546-46df-b6c7-83acc2c0ea33(uuid3372)
сент. 16, 2025 8:21:57 PM webapp.storage.AbstractStorage save
INFO: &amp#27;[32mSave 199c9b11-5fc9-4511-b61c-b5950a7fa808(uuid3373)
сент. 16, 2025 8:21:57 PM webapp.storage.AbstractStorage save
INFO: &amp#27;[32mSave c5a96f2e-5ae6-4aca-bea3-f48f93565f08(uuid3374)
сент. 16, 2025 8:21:57 PM webapp.storage.AbstractStorage save
INFO: &amp#27;[32mSave eb62e830-26cb-464b-9533-0b2602c8b3d1(uuid3375)
сент. 16, 2025 8:21:57 PM webapp.storage.AbstractStorage save
INFO: &amp#27;[32mSave e267f85a-f417-4c65-8215-d578e139b9b6(uuid3376)
сент. 16, 2025 8:21:57 PM webapp.storage.AbstractStorage save
INFO: &amp#27;[32mSave 271ff3f5-3c1b-4fe8-ad75-f90af8bcc85e(uuid3377)
сент. 16, 2025 8:21:57 PM webapp.storage.AbstractStorage save
INFO: &amp#27;[32mSave fb390b64-d761-4e50-b9f3-586729021626(uuid3378)
сент. 16, 2025 8:21:57 PM webapp.storage.AbstractStorage save
INFO: &amp#27;[32mSave 11e75a17-b9c7-4c41-8a9a-98a1b5e1acd3(uuid3379)
сент. 16, 2025 8:21:57 PM webapp.storage.AbstractStorage save
INFO: &amp#27;[32mSave fea1a4d0-172c-4524-83b8-28f4dff2922b(uuid3380)
сент. 16, 2025 8:21:57 PM webapp.storage.AbstractStorage save
INFO: &amp#27;[32mSave de6cffae-a350-4e5e-9db4-7038ef0b5085(uuid3381)
сент. 16, 2025 8:21:57 PM webapp.storage.AbstractStorage save
INFO: &amp#27;[32mSave 748cbed6-1a08-452f-9c39-98a3fa9bca37(uuid3382)
сент. 16, 2025 8:21:57 PM webapp.storage.AbstractStorage save
INFO: &amp#27;[32mSave 4395d12d-1939-4c23-bb05-39267f20dacd(uuid3383)
сент. 16, 2025 8:21:57 PM webapp.storage.AbstractStorage save
INFO: &amp#27;[32mSave 8556d3b0-ef35-4933-af3e-2967144f9ec6(uuid3384)
сент. 16, 2025 8:21:57 PM webapp.storage.AbstractStorage save
INFO: &amp#27;[32mSave bed59def-3411-45f5-9fa3-8e3cc748d1ac(uuid3385)
сент. 16, 2025 8:21:57 PM webapp.storage.AbstractStorage save
INFO: &amp#27;[32mSave 6ce6c893-a2ac-4932-a2a0-d072595bacaf(uuid3386)
сент. 16, 2025 8:21:57 PM webapp.storage.AbstractStorage save
INFO: &amp#27;[32mSave 11830c23-e907-420a-b855-32d76e261d45(uuid3387)
сент. 16, 2025 8:21:57 PM webapp.storage.AbstractStorage save
INFO: &amp#27;[32mSave 3a9f735f-c476-4163-a88c-2c2d5fd972f2(uuid3388)
сент. 16, 2025 8:21:57 PM webapp.storage.AbstractStorage save
INFO: &amp#27;[32mSave 32aa0d2c-24dc-4146-91a3-9d77c5db03ef(uuid3389)
сент. 16, 2025 8:21:57 PM webapp.storage.AbstractStorage save
INFO: &amp#27;[32mSave ef56056b-b4fb-44f1-80ca-0b2aa7a3060d(uuid3390)
сент. 16, 2025 8:21:57 PM webapp.storage.AbstractStorage save
INFO: &amp#27;[32mSave b9b64be0-8d5d-4533-86af-0a3904b0fd8c(uuid3391)
сент. 16, 2025 8:21:57 PM webapp.storage.AbstractStorage save
INFO: &amp#27;[32mSave 75d064f6-e88f-4349-ac85-96d85a20eb0c(uuid3392)
сент. 16, 2025 8:21:57 PM webapp.storage.AbstractStorage save
INFO: &amp#27;[32mSave 7b27de63-6763-4c71-acfd-20f062b726ca(uuid3393)
сент. 16, 2025 8:21:57 PM webapp.storage.AbstractStorage save
INFO: &amp#27;[32mSave 26ae71b5-500b-4535-8f76-ea1921c95f2a(uuid3394)
сент. 16, 2025 8:21:57 PM webapp.storage.AbstractStorage save
INFO: &amp#27;[32mSave 9b64f2af-b0ae-40ed-85d5-4a4e97287aca(uuid3395)
сент. 16, 2025 8:21:57 PM webapp.storage.AbstractStorage save
INFO: &amp#27;[32mSave 68a8dbf9-da89-4d0d-a117-cd675a185aea(uuid3396)
сент. 16, 2025 8:21:57 PM webapp.storage.AbstractStorage save
INFO: &amp#27;[32mSave f4e533c3-6b36-4f8e-bcc4-62e6d5797854(uuid3397)
сент. 16, 2025 8:21:57 PM webapp.storage.AbstractStorage save
INFO: &amp#27;[32mSave 6ea0d00d-039a-41d5-b6c3-06fdde795c16(uuid3398)
сент. 16, 2025 8:21:57 PM webapp.storage.AbstractStorage save
INFO: &amp#27;[32mSave 5acb2049-6752-46a7-81f5-e50956de467f(uuid3399)
сент. 16, 2025 8:21:57 PM webapp.storage.AbstractStorage save
INFO: &amp#27;[32mSave 68530f4a-8f91-476c-a6c1-82897d6c44a7(uuid3400)
сент. 16, 2025 8:21:57 PM webapp.storage.AbstractStorage save
INFO: &amp#27;[32mSave dacdc8ad-1c18-43f0-8475-6825fda95d62(uuid3401)
сент. 16, 2025 8:21:57 PM webapp.storage.AbstractStorage save
INFO: &amp#27;[32mSave 42682a62-4337-4e86-8217-1bd1018000d1(uuid3402)
сент. 16, 2025 8:21:57 PM webapp.storage.AbstractStorage save
INFO: &amp#27;[32mSave 89f1a70b-9ba8-467d-bba5-de9a3bff7338(uuid3403)
сент. 16, 2025 8:21:57 PM webapp.storage.AbstractStorage save
INFO: &amp#27;[32mSave a3332920-6d43-4cbe-9114-be57d31a8723(uuid3404)
сент. 16, 2025 8:21:57 PM webapp.storage.AbstractStorage save
INFO: &amp#27;[32mSave 16452610-5548-4791-8bde-29f589d04a35(uuid3405)
сент. 16, 2025 8:21:57 PM webapp.storage.AbstractStorage save
INFO: &amp#27;[32mSave 127b318b-5cc4-4300-a785-31e980edc09f(uuid3406)
сент. 16, 2025 8:21:57 PM webapp.storage.AbstractStorage save
INFO: &amp#27;[32mSave e409a27b-cd0b-4078-ae0c-7aa602658a7d(uuid3407)
сент. 16, 2025 8:21:57 PM webapp.storage.AbstractStorage save
INFO: &amp#27;[32mSave 8601fccb-0616-4be4-a3fc-aa753ac73cce(uuid3408)
сент. 16, 2025 8:21:57 PM webapp.storage.AbstractStorage save
INFO: &amp#27;[32mSave ea6289d2-382f-4965-8a2c-759d730e52ea(uuid3409)
сент. 16, 2025 8:21:57 PM webapp.storage.AbstractStorage save
INFO: &amp#27;[32mSave 466441a1-5c85-4e8f-a0a7-99215f96c6a4(uuid3410)
сент. 16, 2025 8:21:57 PM webapp.storage.AbstractStorage save
INFO: &amp#27;[32mSave a2e381df-e7eb-4117-96df-e4e57b21c771(uuid3411)
сент. 16, 2025 8:21:57 PM webapp.storage.AbstractStorage save
INFO: &amp#27;[32mSave 0a08f26a-5e08-433c-9f31-41d92f961261(uuid3412)
сент. 16, 2025 8:21:57 PM webapp.storage.AbstractStorage save
INFO: &amp#27;[32mSave 4dd673fd-1143-401b-aa04-55ca6cc70bcc(uuid3413)
сент. 16, 2025 8:21:57 PM webapp.storage.AbstractStorage save
INFO: &amp#27;[32mSave 1ca05c2c-73d8-456f-bcdb-95d79c943b7d(uuid3414)
сент. 16, 2025 8:21:57 PM webapp.storage.AbstractStorage save
INFO: &amp#27;[32mSave 2b818b96-9904-460a-80e6-d6054821f14a(uuid3415)
сент. 16, 2025 8:21:57 PM webapp.storage.AbstractStorage save
INFO: &amp#27;[32mSave eb6b908d-0f97-4889-b378-3cd4958a65e9(uuid3416)
сент. 16, 2025 8:21:57 PM webapp.storage.AbstractStorage save
INFO: &amp#27;[32mSave 88d5edf4-322f-4e36-9fff-2210c64a7254(uuid3417)
сент. 16, 2025 8:21:57 PM webapp.storage.AbstractStorage save
INFO: &amp#27;[32mSave aee5c092-ce32-48c4-85d1-4dd5c71323c4(uuid3418)
сент. 16, 2025 8:21:57 PM webapp.storage.AbstractStorage save
INFO: &amp#27;[32mSave 08251084-bad0-48b2-92fd-b1a6f873c580(uuid3419)
сент. 16, 2025 8:21:57 PM webapp.storage.AbstractStorage save
INFO: &amp#27;[32mSave 6cb73f86-7e43-44cb-9f52-4f442704d82e(uuid3420)
сент. 16, 2025 8:21:57 PM webapp.storage.AbstractStorage save
INFO: &amp#27;[32mSave c010a1f2-cc62-4e1a-879d-608745436fe5(uuid3421)
сент. 16, 2025 8:21:57 PM webapp.storage.AbstractStorage save
INFO: &amp#27;[32mSave 04943072-1095-4920-ad13-945dbe73a171(uuid3422)
сент. 16, 2025 8:21:57 PM webapp.storage.AbstractStorage save
INFO: &amp#27;[32mSave 5eff92ca-5d26-483e-b201-c5dfa266faab(uuid3423)
сент. 16, 2025 8:21:57 PM webapp.storage.AbstractStorage save
INFO: &amp#27;[32mSave 8158b1cd-c481-4779-bdcb-b9db565502ef(uuid3424)
сент. 16, 2025 8:21:57 PM webapp.storage.AbstractStorage save
INFO: &amp#27;[32mSave 0add0e7f-4b3e-41f6-a015-01ee380c67f2(uuid3425)
сент. 16, 2025 8:21:57 PM webapp.storage.AbstractStorage save
INFO: &amp#27;[32mSave 388f1c72-390d-4c51-98ae-a4789dc95876(uuid3426)
сент. 16, 2025 8:21:57 PM webapp.storage.AbstractStorage save
INFO: &amp#27;[32mSave 01b2de28-94ec-4e45-9ace-e19fcb161752(uuid3427)
сент. 16, 2025 8:21:57 PM webapp.storage.AbstractStorage save
INFO: &amp#27;[32mSave 222e3c5c-6bd1-45c7-a684-c2d64c451a26(uuid3428)
сент. 16, 2025 8:21:57 PM webapp.storage.AbstractStorage save
INFO: &amp#27;[32mSave f13b5444-21fd-403f-bd62-c5aae5c106bc(uuid3429)
сент. 16, 2025 8:21:57 PM webapp.storage.AbstractStorage save
INFO: &amp#27;[32mSave 4956c614-9461-4aaf-8bf1-4a68673eaa10(uuid3430)
сент. 16, 2025 8:21:57 PM webapp.storage.AbstractStorage save
INFO: &amp#27;[32mSave 1682f824-1448-45ba-b1d5-3c2cb147af5d(uuid3431)
сент. 16, 2025 8:21:57 PM webapp.storage.AbstractStorage save
INFO: &amp#27;[32mSave d8fc1dde-b220-48ad-8e8a-4e458ed1a5bb(uuid3432)
сент. 16, 2025 8:21:57 PM webapp.storage.AbstractStorage save
INFO: &amp#27;[32mSave 347fcfaa-045f-41b5-98ae-38b30512eded(uuid3433)
сент. 16, 2025 8:21:57 PM webapp.storage.AbstractStorage save
INFO: &amp#27;[32mSave 8a0d1295-b733-45b2-823d-d322decd23d1(uuid3434)
сент. 16, 2025 8:21:57 PM webapp.storage.AbstractStorage save
INFO: &amp#27;[32mSave 6ae0fe6b-ec98-4842-bbc4-b880b5a22138(uuid3435)
сент. 16, 2025 8:21:57 PM webapp.storage.AbstractStorage save
INFO: &amp#27;[32mSave 7f5b852e-f787-4a02-9b4c-e532c8312fe3(uuid3436)
сент. 16, 2025 8:21:57 PM webapp.storage.AbstractStorage save
INFO: &amp#27;[32mSave 53a45f4c-9159-4e1e-a08c-0e5960b4500d(uuid3437)
сент. 16, 2025 8:21:57 PM webapp.storage.AbstractStorage save
INFO: &amp#27;[32mSave 9afe9911-4e48-4215-999e-d822ef444a50(uuid3438)
сент. 16, 2025 8:21:57 PM webapp.storage.AbstractStorage save
INFO: &amp#27;[32mSave b376212b-909f-4af1-a72d-e0700f1e6f99(uuid3439)
сент. 16, 2025 8:21:57 PM webapp.storage.AbstractStorage save
INFO: &amp#27;[32mSave 39e71e2f-f2f4-483a-bfb7-30e4b67eab3b(uuid3440)
сент. 16, 2025 8:21:57 PM webapp.storage.AbstractStorage save
INFO: &amp#27;[32mSave b3aa4e12-fc84-4d7d-8c2c-1a6754896279(uuid3441)
сент. 16, 2025 8:21:57 PM webapp.storage.AbstractStorage save
INFO: &amp#27;[32mSave 787464c8-4863-4eff-9cae-4f352a0c1bbb(uuid3442)
сент. 16, 2025 8:21:57 PM webapp.storage.AbstractStorage save
INFO: &amp#27;[32mSave db11fa53-9c33-4bab-a00b-639497fb6479(uuid3443)
сент. 16, 2025 8:21:57 PM webapp.storage.AbstractStorage save
INFO: &amp#27;[32mSave efea21d6-759b-4750-b439-3da432b15d24(uuid3444)
сент. 16, 2025 8:21:57 PM webapp.storage.AbstractStorage save
INFO: &amp#27;[32mSave 0e622351-442e-4404-b8f2-fd1e5e972900(uuid3445)
сент. 16, 2025 8:21:57 PM webapp.storage.AbstractStorage save
INFO: &amp#27;[32mSave 056e4f9e-73ec-4ee3-a2a1-b60227b9cedf(uuid3446)
сент. 16, 2025 8:21:57 PM webapp.storage.AbstractStorage save
INFO: &amp#27;[32mSave d6983648-acfc-4d80-bc43-60989d552d9e(uuid3447)
сент. 16, 2025 8:21:57 PM webapp.storage.AbstractStorage save
INFO: &amp#27;[32mSave 34e88bcf-1b17-4ebe-96c1-1592b86e5e62(uuid3448)
сент. 16, 2025 8:21:57 PM webapp.storage.AbstractStorage save
INFO: &amp#27;[32mSave 725d275a-721e-4bfa-bed6-ee261e13686b(uuid3449)
сент. 16, 2025 8:21:57 PM webapp.storage.AbstractStorage save
INFO: &amp#27;[32mSave 8faffc68-12b7-4baf-b890-e2341cff9de1(uuid3450)
сент. 16, 2025 8:21:57 PM webapp.storage.AbstractStorage save
INFO: &amp#27;[32mSave 8a111419-7187-4c2e-82e2-9526980d79c2(uuid3451)
сент. 16, 2025 8:21:57 PM webapp.storage.AbstractStorage save
INFO: &amp#27;[32mSave 7292d14f-7102-4877-93cd-010e4090a964(uuid3452)
сент. 16, 2025 8:21:57 PM webapp.storage.AbstractStorage save
INFO: &amp#27;[32mSave 437fd063-076f-4d56-9906-71f8257899da(uuid3453)
сент. 16, 2025 8:21:57 PM webapp.storage.AbstractStorage save
INFO: &amp#27;[32mSave da184c87-a881-4bea-9197-b15756b2a6e8(uuid3454)
сент. 16, 2025 8:21:57 PM webapp.storage.AbstractStorage save
INFO: &amp#27;[32mSave 08590e30-995c-4a49-ab40-3568f47b9129(uuid3455)
сент. 16, 2025 8:21:57 PM webapp.storage.AbstractStorage save
INFO: &amp#27;[32mSave 427655fe-0f9c-4bd8-ae72-137d081a711d(uuid3456)
сент. 16, 2025 8:21:57 PM webapp.storage.AbstractStorage save
INFO: &amp#27;[32mSave 419773e5-75b0-42a0-bbcc-b5066f9783e2(uuid3457)
сент. 16, 2025 8:21:57 PM webapp.storage.AbstractStorage save
INFO: &amp#27;[32mSave 0db00e2f-44a1-4dc0-8ae3-378881181093(uuid3458)
сент. 16, 2025 8:21:57 PM webapp.storage.AbstractStorage save
INFO: &amp#27;[32mSave 8bc18f8f-5770-4911-9b4f-c20cecf8a0e1(uuid3459)
сент. 16, 2025 8:21:57 PM webapp.storage.AbstractStorage save
INFO: &amp#27;[32mSave fe5d662e-1943-44bb-a125-bebcdaea97e1(uuid3460)
сент. 16, 2025 8:21:57 PM webapp.storage.AbstractStorage save
INFO: &amp#27;[32mSave b83635d3-b3ec-4c65-a3f9-95f4f82d3dbd(uuid3461)
сент. 16, 2025 8:21:57 PM webapp.storage.AbstractStorage save
INFO: &amp#27;[32mSave 0df37ee4-7a6c-4dbb-b9d9-af62f72516fb(uuid3462)
сент. 16, 2025 8:21:57 PM webapp.storage.AbstractStorage save
INFO: &amp#27;[32mSave 6dab52f4-55dd-41fc-a616-700d117dc0aa(uuid3463)
сент. 16, 2025 8:21:57 PM webapp.storage.AbstractStorage save
INFO: &amp#27;[32mSave afd651c7-605d-4e29-a72c-b272f79e5252(uuid3464)
сент. 16, 2025 8:21:57 PM webapp.storage.AbstractStorage save
INFO: &amp#27;[32mSave 7ee3fea6-9232-4c18-b7d8-e22ffa5662fc(uuid3465)
сент. 16, 2025 8:21:57 PM webapp.storage.AbstractStorage save
INFO: &amp#27;[32mSave 2189dda1-4665-4f8b-9792-e34d8c120e98(uuid3466)
сент. 16, 2025 8:21:57 PM webapp.storage.AbstractStorage save
INFO: &amp#27;[32mSave 8ab2d0d9-99d7-4fca-984f-34f2461ad2ef(uuid3467)
сент. 16, 2025 8:21:57 PM webapp.storage.AbstractStorage save
INFO: &amp#27;[32mSave c611d28c-ffa6-4abd-800a-23cbe12c3243(uuid3468)
сент. 16, 2025 8:21:57 PM webapp.storage.AbstractStorage save
INFO: &amp#27;[32mSave 38bdc1ae-aade-4bcb-91f9-7aef41d2e65f(uuid3469)
сент. 16, 2025 8:21:57 PM webapp.storage.AbstractStorage save
INFO: &amp#27;[32mSave 7cfc51ac-4d6a-4209-ba38-2c9172606d5a(uuid3470)
сент. 16, 2025 8:21:57 PM webapp.storage.AbstractStorage save
INFO: &amp#27;[32mSave 81aabd13-c64b-4688-96e6-bb6e0414badd(uuid3471)
сент. 16, 2025 8:21:57 PM webapp.storage.AbstractStorage save
INFO: &amp#27;[32mSave d9f36317-0d27-4170-b8cf-dacb24b8bd93(uuid3472)
сент. 16, 2025 8:21:57 PM webapp.storage.AbstractStorage save
INFO: &amp#27;[32mSave b0c7c258-b35f-4fc7-b482-f4a61132e3a5(uuid3473)
сент. 16, 2025 8:21:57 PM webapp.storage.AbstractStorage save
INFO: &amp#27;[32mSave 08bff1e1-42d9-45e0-affb-59a63aeb5cbb(uuid3474)
сент. 16, 2025 8:21:57 PM webapp.storage.AbstractStorage save
INFO: &amp#27;[32mSave 60036cc0-eb85-4990-b661-3ff4bff4a8e9(uuid3475)
сент. 16, 2025 8:21:57 PM webapp.storage.AbstractStorage save
INFO: &amp#27;[32mSave 0a83cf81-99e2-4d81-84ae-d912ce04a84f(uuid3476)
сент. 16, 2025 8:21:57 PM webapp.storage.AbstractStorage save
INFO: &amp#27;[32mSave 57c55ddb-5fa3-4ee3-9b6c-6384637ed659(uuid3477)
сент. 16, 2025 8:21:57 PM webapp.storage.AbstractStorage save
INFO: &amp#27;[32mSave 7a34765d-8385-4909-927c-8f73e1607c69(uuid3478)
сент. 16, 2025 8:21:57 PM webapp.storage.AbstractStorage save
INFO: &amp#27;[32mSave 827f88ac-2dd1-4348-8bbb-7068d8d7841b(uuid3479)
сент. 16, 2025 8:21:57 PM webapp.storage.AbstractStorage save
INFO: &amp#27;[32mSave 39c1274d-3a4e-4fac-89b0-6c01fa8b412a(uuid3480)
сент. 16, 2025 8:21:57 PM webapp.storage.AbstractStorage save
INFO: &amp#27;[32mSave d2e0b903-7dd5-44ed-96dd-46c577c1814f(uuid3481)
сент. 16, 2025 8:21:57 PM webapp.storage.AbstractStorage save
INFO: &amp#27;[32mSave 9d09c41e-f989-430c-95c2-95041ae481a3(uuid3482)
сент. 16, 2025 8:21:57 PM webapp.storage.AbstractStorage save
INFO: &amp#27;[32mSave a1338fd2-90c0-4183-8390-173bc845bee9(uuid3483)
сент. 16, 2025 8:21:57 PM webapp.storage.AbstractStorage save
INFO: &amp#27;[32mSave f43b8712-e56c-4755-bef9-54cfe2b8bc8c(uuid3484)
сент. 16, 2025 8:21:57 PM webapp.storage.AbstractStorage save
INFO: &amp#27;[32mSave f01938d4-9f39-4268-9e40-9c375c76cb40(uuid3485)
сент. 16, 2025 8:21:57 PM webapp.storage.AbstractStorage save
INFO: &amp#27;[32mSave ac63c03f-3a08-413c-8f5e-da0c569d7a96(uuid3486)
сент. 16, 2025 8:21:57 PM webapp.storage.AbstractStorage save
INFO: &amp#27;[32mSave cc204736-adac-468d-9b7f-1e459c043144(uuid3487)
сент. 16, 2025 8:21:57 PM webapp.storage.AbstractStorage save
INFO: &amp#27;[32mSave cbda23e2-9ebd-436e-a831-98c0bb63a529(uuid3488)
сент. 16, 2025 8:21:57 PM webapp.storage.AbstractStorage save
INFO: &amp#27;[32mSave b8048d47-0459-4701-a70a-eec94d196c4d(uuid3489)
сент. 16, 2025 8:21:57 PM webapp.storage.AbstractStorage save
INFO: &amp#27;[32mSave 11c2a84d-8a85-4d56-8114-020ae15a413e(uuid3490)
сент. 16, 2025 8:21:57 PM webapp.storage.AbstractStorage save
INFO: &amp#27;[32mSave b871283d-76ab-4977-9827-ac26c49f1b03(uuid3491)
сент. 16, 2025 8:21:57 PM webapp.storage.AbstractStorage save
INFO: &amp#27;[32mSave 46d4311d-0f86-42f7-a0a7-0378ec679955(uuid3492)
сент. 16, 2025 8:21:57 PM webapp.storage.AbstractStorage save
INFO: &amp#27;[32mSave 9b78a4f8-e1b8-4f58-8e34-933d511eb0d9(uuid3493)
сент. 16, 2025 8:21:57 PM webapp.storage.AbstractStorage save
INFO: &amp#27;[32mSave 9288b684-5a7b-4d71-b7b5-c8e600e8c9e2(uuid3494)
сент. 16, 2025 8:21:57 PM webapp.storage.AbstractStorage save
INFO: &amp#27;[32mSave 9a2021f4-9692-4ca1-911e-ce0b93244b2d(uuid3495)
сент. 16, 2025 8:21:57 PM webapp.storage.AbstractStorage save
INFO: &amp#27;[32mSave 4de8eb5d-8044-4698-95b4-62b2d913b72b(uuid3496)
сент. 16, 2025 8:21:57 PM webapp.storage.AbstractStorage save
INFO: &amp#27;[32mSave 4d49fc01-f70c-4438-882b-13376aed6959(uuid3497)
сент. 16, 2025 8:21:57 PM webapp.storage.AbstractStorage save
INFO: &amp#27;[32mSave 28bcb0ba-58ef-4abe-8823-ee43c275b317(uuid3498)
сент. 16, 2025 8:21:57 PM webapp.storage.AbstractStorage save
INFO: &amp#27;[32mSave 34511e14-b8bd-4513-b1c9-36f4a42eadfa(uuid3499)
сент. 16, 2025 8:21:57 PM webapp.storage.AbstractStorage save
INFO: &amp#27;[32mSave 2223f88f-856d-4340-85ea-76598147ca2f(uuid3500)
сент. 16, 2025 8:21:57 PM webapp.storage.AbstractStorage save
INFO: &amp#27;[32mSave 37af19fd-ff1a-4eb9-8dee-ac6689d6156e(uuid3501)
сент. 16, 2025 8:21:57 PM webapp.storage.AbstractStorage save
INFO: &amp#27;[32mSave 61863c1b-30d9-4477-bdf2-f4e26f74c45a(uuid3502)
сент. 16, 2025 8:21:57 PM webapp.storage.AbstractStorage save
INFO: &amp#27;[32mSave 3690ee0f-ab51-4f52-991b-e1a61fabf031(uuid3503)
сент. 16, 2025 8:21:57 PM webapp.storage.AbstractStorage save
INFO: &amp#27;[32mSave 0efd09f0-da02-4dd6-924c-e4f3d5b73a34(uuid3504)
сент. 16, 2025 8:21:57 PM webapp.storage.AbstractStorage save
INFO: &amp#27;[32mSave 11210718-17dd-4fba-bb7e-9ea0ea78590b(uuid3505)
сент. 16, 2025 8:21:57 PM webapp.storage.AbstractStorage save
INFO: &amp#27;[32mSave 3bace0dd-9f23-4e39-b43d-d47386ee0eed(uuid3506)
сент. 16, 2025 8:21:57 PM webapp.storage.AbstractStorage save
INFO: &amp#27;[32mSave 7fc5f084-b640-42ce-8037-1ae38f1db6e3(uuid3507)
сент. 16, 2025 8:21:57 PM webapp.storage.AbstractStorage save
INFO: &amp#27;[32mSave 5d9e11c2-d3e0-4bde-ab9b-e2f17be48329(uuid3508)
сент. 16, 2025 8:21:57 PM webapp.storage.AbstractStorage save
INFO: &amp#27;[32mSave 6564efc9-de34-45b9-9e8a-b7e41a1ff7c1(uuid3509)
сент. 16, 2025 8:21:57 PM webapp.storage.AbstractStorage save
INFO: &amp#27;[32mSave 53ab804f-6549-4791-8e5c-a0e7440fc5bb(uuid3510)
сент. 16, 2025 8:21:57 PM webapp.storage.AbstractStorage save
INFO: &amp#27;[32mSave 56ba89ec-bfc7-46ae-acbe-967d3481bef2(uuid3511)
сент. 16, 2025 8:21:57 PM webapp.storage.AbstractStorage save
INFO: &amp#27;[32mSave d3da2e0d-fafc-4ba7-9eb8-39e033dc5570(uuid3512)
сент. 16, 2025 8:21:57 PM webapp.storage.AbstractStorage save
INFO: &amp#27;[32mSave e66c0040-edcb-4f45-a1df-9f63a7596914(uuid3513)
сент. 16, 2025 8:21:57 PM webapp.storage.AbstractStorage save
INFO: &amp#27;[32mSave 1640411f-74ee-4e58-8677-5b613c24a8aa(uuid3514)
сент. 16, 2025 8:21:57 PM webapp.storage.AbstractStorage save
INFO: &amp#27;[32mSave 39f66e5c-7902-4c6c-a2c4-461ddc1113a2(uuid3515)
сент. 16, 2025 8:21:57 PM webapp.storage.AbstractStorage save
INFO: &amp#27;[32mSave 63416232-21c5-4a0f-9583-b7f971ba2345(uuid3516)
сент. 16, 2025 8:21:57 PM webapp.storage.AbstractStorage save
INFO: &amp#27;[32mSave f4e8a1f6-1b0e-4c88-9f5c-279e13a56ed8(uuid3517)
сент. 16, 2025 8:21:57 PM webapp.storage.AbstractStorage save
INFO: &amp#27;[32mSave 91c43db6-3d5a-4d84-8a05-6397deb223f3(uuid3518)
сент. 16, 2025 8:21:57 PM webapp.storage.AbstractStorage save
INFO: &amp#27;[32mSave ab513c09-ae60-44c0-bdd3-d48c9dfee18c(uuid3519)
сент. 16, 2025 8:21:57 PM webapp.storage.AbstractStorage save
INFO: &amp#27;[32mSave 5e6b0ed9-9ceb-4862-956f-a0d75905890b(uuid3520)
сент. 16, 2025 8:21:57 PM webapp.storage.AbstractStorage save
INFO: &amp#27;[32mSave 5c8b352d-0996-470f-8c0a-ec8105ef2df5(uuid3521)
сент. 16, 2025 8:21:57 PM webapp.storage.AbstractStorage save
INFO: &amp#27;[32mSave b750589f-1f5c-442c-8fab-73437df38910(uuid3522)
сент. 16, 2025 8:21:57 PM webapp.storage.AbstractStorage save
INFO: &amp#27;[32mSave 4364aebf-7d42-4278-b19e-f1f0279c7dda(uuid3523)
сент. 16, 2025 8:21:57 PM webapp.storage.AbstractStorage save
INFO: &amp#27;[32mSave 08aaba67-c081-4c93-a3d6-8efc12e2f350(uuid3524)
сент. 16, 2025 8:21:57 PM webapp.storage.AbstractStorage save
INFO: &amp#27;[32mSave 4d4383c2-a275-45b3-814f-6471badccc5f(uuid3525)
сент. 16, 2025 8:21:57 PM webapp.storage.AbstractStorage save
INFO: &amp#27;[32mSave 9072422a-f019-4497-a79e-15f388e31ab6(uuid3526)
сент. 16, 2025 8:21:57 PM webapp.storage.AbstractStorage save
INFO: &amp#27;[32mSave a2b3ab8b-c316-495d-a715-e89522dd27e3(uuid3527)
сент. 16, 2025 8:21:57 PM webapp.storage.AbstractStorage save
INFO: &amp#27;[32mSave 82117ee8-1c75-4951-8b6c-cb29a761b169(uuid3528)
сент. 16, 2025 8:21:57 PM webapp.storage.AbstractStorage save
INFO: &amp#27;[32mSave c4937161-77c9-4531-903b-510226aa13c8(uuid3529)
сент. 16, 2025 8:21:57 PM webapp.storage.AbstractStorage save
INFO: &amp#27;[32mSave 4495f670-d4e6-42f4-bdab-78e8b19acb54(uuid3530)
сент. 16, 2025 8:21:57 PM webapp.storage.AbstractStorage save
INFO: &amp#27;[32mSave f98a6984-077e-488b-9952-c1a9b328a733(uuid3531)
сент. 16, 2025 8:21:57 PM webapp.storage.AbstractStorage save
INFO: &amp#27;[32mSave 3a6253f0-f93e-4498-908c-95221b87ade7(uuid3532)
сент. 16, 2025 8:21:57 PM webapp.storage.AbstractStorage save
INFO: &amp#27;[32mSave 92508464-5d9b-4241-aa86-4c637356c4f4(uuid3533)
сент. 16, 2025 8:21:57 PM webapp.storage.AbstractStorage save
INFO: &amp#27;[32mSave bdda7974-2921-4550-a60d-bb2db5ca5c92(uuid3534)
сент. 16, 2025 8:21:57 PM webapp.storage.AbstractStorage save
INFO: &amp#27;[32mSave fac64740-d48b-41cd-9d23-e5b5ce8f3adf(uuid3535)
сент. 16, 2025 8:21:57 PM webapp.storage.AbstractStorage save
INFO: &amp#27;[32mSave a081f6ba-7c26-49eb-999c-7c9f3e90c7a0(uuid3536)
сент. 16, 2025 8:21:57 PM webapp.storage.AbstractStorage save
INFO: &amp#27;[32mSave e7064429-d237-40e1-9988-106a8ee7a192(uuid3537)
сент. 16, 2025 8:21:57 PM webapp.storage.AbstractStorage save
INFO: &amp#27;[32mSave 36196fc1-1a84-429c-8fe5-aba63ba55ff0(uuid3538)
сент. 16, 2025 8:21:57 PM webapp.storage.AbstractStorage save
INFO: &amp#27;[32mSave 224cb8e3-d52a-4e66-8d99-df99faf24fba(uuid3539)
сент. 16, 2025 8:21:57 PM webapp.storage.AbstractStorage save
INFO: &amp#27;[32mSave 26bf66f8-ea13-4708-992b-a308d797b346(uuid3540)
сент. 16, 2025 8:21:57 PM webapp.storage.AbstractStorage save
INFO: &amp#27;[32mSave 1ee27ee6-1852-490b-8a03-35e39217fd7a(uuid3541)
сент. 16, 2025 8:21:57 PM webapp.storage.AbstractStorage save
INFO: &amp#27;[32mSave 8adb9713-bfb1-4865-98f7-58230e6b9d12(uuid3542)
сент. 16, 2025 8:21:57 PM webapp.storage.AbstractStorage save
INFO: &amp#27;[32mSave cdd1e4b8-f4c5-4a07-9754-3f641c177799(uuid3543)
сент. 16, 2025 8:21:57 PM webapp.storage.AbstractStorage save
INFO: &amp#27;[32mSave 17c12eb1-37c8-41e0-bff2-853c089446c1(uuid3544)
сент. 16, 2025 8:21:57 PM webapp.storage.AbstractStorage save
INFO: &amp#27;[32mSave d2ef68e8-11a3-41e6-9fc1-d729e18a57e6(uuid3545)
сент. 16, 2025 8:21:57 PM webapp.storage.AbstractStorage save
INFO: &amp#27;[32mSave 1fb333a1-7cb8-41f8-911e-fe845c22ff75(uuid3546)
сент. 16, 2025 8:21:57 PM webapp.storage.AbstractStorage save
INFO: &amp#27;[32mSave 11659c95-c7ed-4915-b21c-7213ac15c04e(uuid3547)
сент. 16, 2025 8:21:57 PM webapp.storage.AbstractStorage save
INFO: &amp#27;[32mSave b6fc9a3c-ad98-47a7-911c-033d3e28729b(uuid3548)
сент. 16, 2025 8:21:57 PM webapp.storage.AbstractStorage save
INFO: &amp#27;[32mSave 4e96594c-c6e8-4ab2-8e5e-c7292f41c152(uuid3549)
сент. 16, 2025 8:21:57 PM webapp.storage.AbstractStorage save
INFO: &amp#27;[32mSave 9b0e92ce-1285-40d0-8023-9a85e512219a(uuid3550)
сент. 16, 2025 8:21:57 PM webapp.storage.AbstractStorage save
INFO: &amp#27;[32mSave 03e2ba52-9ce6-477e-8c57-7a774909854d(uuid3551)
сент. 16, 2025 8:21:57 PM webapp.storage.AbstractStorage save
INFO: &amp#27;[32mSave d8021b43-cb59-4bfe-85d6-746f34d0dd5f(uuid3552)
сент. 16, 2025 8:21:57 PM webapp.storage.AbstractStorage save
INFO: &amp#27;[32mSave c897d763-bd61-407c-b67f-ffb015180486(uuid3553)
сент. 16, 2025 8:21:57 PM webapp.storage.AbstractStorage save
INFO: &amp#27;[32mSave 86c4a851-1530-4136-b2c3-208b3bbf3c34(uuid3554)
сент. 16, 2025 8:21:57 PM webapp.storage.AbstractStorage save
INFO: &amp#27;[32mSave caf6dad8-7191-4251-9978-8041d8320279(uuid3555)
сент. 16, 2025 8:21:57 PM webapp.storage.AbstractStorage save
INFO: &amp#27;[32mSave ddcfe458-107a-4d44-87b3-90ab4a7b17b7(uuid3556)
сент. 16, 2025 8:21:57 PM webapp.storage.AbstractStorage save
INFO: &amp#27;[32mSave 8cd24bd3-3c77-45fa-942f-fa2f131a4cc3(uuid3557)
сент. 16, 2025 8:21:57 PM webapp.storage.AbstractStorage save
INFO: &amp#27;[32mSave 18b0390c-18f2-401e-a5bf-76f63811dc9b(uuid3558)
сент. 16, 2025 8:21:57 PM webapp.storage.AbstractStorage save
INFO: &amp#27;[32mSave 07e2db86-f748-4755-b745-046f3677e65b(uuid3559)
сент. 16, 2025 8:21:57 PM webapp.storage.AbstractStorage save
INFO: &amp#27;[32mSave 1a5e9635-5f50-4f6e-8a81-c3eb5dc3470c(uuid3560)
сент. 16, 2025 8:21:57 PM webapp.storage.AbstractStorage save
INFO: &amp#27;[32mSave 4a3b8cac-c218-46be-931e-f8290b5e2e3b(uuid3561)
сент. 16, 2025 8:21:57 PM webapp.storage.AbstractStorage save
INFO: &amp#27;[32mSave 78702f31-a637-4d5a-bf61-b2512a530059(uuid3562)
сент. 16, 2025 8:21:57 PM webapp.storage.AbstractStorage save
INFO: &amp#27;[32mSave 72b06bfa-d831-4e98-bcf3-f22ee4dbe0fc(uuid3563)
сент. 16, 2025 8:21:57 PM webapp.storage.AbstractStorage save
INFO: &amp#27;[32mSave ab1b2a04-c76d-4b98-aefb-d9aab2738e30(uuid3564)
сент. 16, 2025 8:21:57 PM webapp.storage.AbstractStorage save
INFO: &amp#27;[32mSave b68c9c6e-e2d4-4614-8dfb-b39e2d43ac81(uuid3565)
сент. 16, 2025 8:21:57 PM webapp.storage.AbstractStorage save
INFO: &amp#27;[32mSave b93e2175-efa8-434f-b48a-9b6e8615bd2b(uuid3566)
сент. 16, 2025 8:21:57 PM webapp.storage.AbstractStorage save
INFO: &amp#27;[32mSave 3ff07b51-f264-4fda-b959-a09c87551c0f(uuid3567)
сент. 16, 2025 8:21:57 PM webapp.storage.AbstractStorage save
INFO: &amp#27;[32mSave 898793d0-cce3-4802-9ccd-56498fae9de3(uuid3568)
сент. 16, 2025 8:21:57 PM webapp.storage.AbstractStorage save
INFO: &amp#27;[32mSave 72119f73-8448-436e-b904-02c5e12883da(uuid3569)
сент. 16, 2025 8:21:57 PM webapp.storage.AbstractStorage save
INFO: &amp#27;[32mSave 07fd197d-7c48-4649-8fd7-c0ce25d698f9(uuid3570)
сент. 16, 2025 8:21:57 PM webapp.storage.AbstractStorage save
INFO: &amp#27;[32mSave b73fc739-2483-4623-8c16-e7b55b4cc508(uuid3571)
сент. 16, 2025 8:21:57 PM webapp.storage.AbstractStorage save
INFO: &amp#27;[32mSave d0932b8d-0236-4913-9a80-632439965bfe(uuid3572)
сент. 16, 2025 8:21:57 PM webapp.storage.AbstractStorage save
INFO: &amp#27;[32mSave c0c78c23-d38a-4095-a0b7-6beabcbe20a7(uuid3573)
сент. 16, 2025 8:21:57 PM webapp.storage.AbstractStorage save
INFO: &amp#27;[32mSave 129d8cab-397d-46b0-af5c-7d935b17c676(uuid3574)
сент. 16, 2025 8:21:57 PM webapp.storage.AbstractStorage save
INFO: &amp#27;[32mSave 376456b5-21b3-4e00-b48a-8b429a341c71(uuid3575)
сент. 16, 2025 8:21:57 PM webapp.storage.AbstractStorage save
INFO: &amp#27;[32mSave e3dc8f0d-2366-43a6-94cb-3215cb5ec61a(uuid3576)
сент. 16, 2025 8:21:57 PM webapp.storage.AbstractStorage save
INFO: &amp#27;[32mSave afd34e97-442b-4b1e-adcf-a75907b6cec6(uuid3577)
сент. 16, 2025 8:21:57 PM webapp.storage.AbstractStorage save
INFO: &amp#27;[32mSave e4e7c0ea-1fc8-450f-a2cd-8dc76d3a79fb(uuid3578)
сент. 16, 2025 8:21:57 PM webapp.storage.AbstractStorage save
INFO: &amp#27;[32mSave e1958d34-c334-4708-b2d5-fc66faf49304(uuid3579)
сент. 16, 2025 8:21:57 PM webapp.storage.AbstractStorage save
INFO: &amp#27;[32mSave 9e5de935-f1fc-469d-ae95-e31ed94155fb(uuid3580)
сент. 16, 2025 8:21:57 PM webapp.storage.AbstractStorage save
INFO: &amp#27;[32mSave cdc35cfc-729b-4bce-89da-c394ee89726a(uuid3581)
сент. 16, 2025 8:21:57 PM webapp.storage.AbstractStorage save
INFO: &amp#27;[32mSave abcc0d5f-a869-4989-b19f-d52fa476a61e(uuid3582)
сент. 16, 2025 8:21:57 PM webapp.storage.AbstractStorage save
INFO: &amp#27;[32mSave 856904eb-35a2-44dd-9d64-9f6f21cc7275(uuid3583)
сент. 16, 2025 8:21:57 PM webapp.storage.AbstractStorage save
INFO: &amp#27;[32mSave a7d0f4bf-87a0-43c0-8a12-a29dac9e8933(uuid3584)
сент. 16, 2025 8:21:57 PM webapp.storage.AbstractStorage save
INFO: &amp#27;[32mSave 58a1124e-8b27-41a1-8e59-35da37d8894b(uuid3585)
сент. 16, 2025 8:21:57 PM webapp.storage.AbstractStorage save
INFO: &amp#27;[32mSave 973fdad3-291d-488b-8f84-01f4c316ee43(uuid3586)
сент. 16, 2025 8:21:57 PM webapp.storage.AbstractStorage save
INFO: &amp#27;[32mSave 1b50c9a9-c77d-4336-b42b-ce956b5dca39(uuid3587)
сент. 16, 2025 8:21:57 PM webapp.storage.AbstractStorage save
INFO: &amp#27;[32mSave b51eaacd-5026-4257-8907-12b6d10ec733(uuid3588)
сент. 16, 2025 8:21:57 PM webapp.storage.AbstractStorage save
INFO: &amp#27;[32mSave 22c77754-f816-4d4d-b795-14bf86bc4935(uuid3589)
сент. 16, 2025 8:21:57 PM webapp.storage.AbstractStorage save
INFO: &amp#27;[32mSave 73e2422d-06f6-424c-adc3-9eac735a5b97(uuid3590)
сент. 16, 2025 8:21:57 PM webapp.storage.AbstractStorage save
INFO: &amp#27;[32mSave b5d33fc3-7927-4610-8a08-d9800ba36b60(uuid3591)
сент. 16, 2025 8:21:57 PM webapp.storage.AbstractStorage save
INFO: &amp#27;[32mSave 6cd91863-b595-4e71-b081-e6fa0a733192(uuid3592)
сент. 16, 2025 8:21:57 PM webapp.storage.AbstractStorage save
INFO: &amp#27;[32mSave 69118b1a-72ba-48c4-b094-c85ab9dd3737(uuid3593)
сент. 16, 2025 8:21:57 PM webapp.storage.AbstractStorage save
INFO: &amp#27;[32mSave 99abae4b-f84a-43dd-96ce-5982eca40e71(uuid3594)
сент. 16, 2025 8:21:57 PM webapp.storage.AbstractStorage save
INFO: &amp#27;[32mSave 8130c341-d12d-4d4a-bc6d-3e62c882d30e(uuid3595)
сент. 16, 2025 8:21:57 PM webapp.storage.AbstractStorage save
INFO: &amp#27;[32mSave aedfb906-8e3b-4c9d-bc8f-88e23841cd56(uuid3596)
сент. 16, 2025 8:21:57 PM webapp.storage.AbstractStorage save
INFO: &amp#27;[32mSave f3baf1dc-2802-4ae2-9181-587a69f59bf0(uuid3597)
сент. 16, 2025 8:21:57 PM webapp.storage.AbstractStorage save
INFO: &amp#27;[32mSave 64c18dfe-ac79-45f5-9952-cb7b237bcade(uuid3598)
сент. 16, 2025 8:21:57 PM webapp.storage.AbstractStorage save
INFO: &amp#27;[32mSave a40095fe-18f4-4281-aa06-a58e382f5715(uuid3599)
сент. 16, 2025 8:21:57 PM webapp.storage.AbstractStorage save
INFO: &amp#27;[32mSave ffb2f434-09a8-484b-8e3d-c0e049eba120(uuid3600)
сент. 16, 2025 8:21:57 PM webapp.storage.AbstractStorage save
INFO: &amp#27;[32mSave 0adfbceb-3e8f-4593-8251-6be678722d76(uuid3601)
сент. 16, 2025 8:21:57 PM webapp.storage.AbstractStorage save
INFO: &amp#27;[32mSave f6ec0b9b-57cb-4838-9cb1-c21034056ace(uuid3602)
сент. 16, 2025 8:21:57 PM webapp.storage.AbstractStorage save
INFO: &amp#27;[32mSave d0740eb8-b5f9-448b-a421-b1f4e20d0643(uuid3603)
сент. 16, 2025 8:21:57 PM webapp.storage.AbstractStorage save
INFO: &amp#27;[32mSave 3054e58b-6fc6-4422-b152-c983074a8155(uuid3604)
сент. 16, 2025 8:21:57 PM webapp.storage.AbstractStorage save
INFO: &amp#27;[32mSave b550d646-936c-4c06-9264-8e4ff3ecd58a(uuid3605)
сент. 16, 2025 8:21:57 PM webapp.storage.AbstractStorage save
INFO: &amp#27;[32mSave 825259b6-0702-4c42-add6-e930cb83ffc2(uuid3606)
сент. 16, 2025 8:21:57 PM webapp.storage.AbstractStorage save
INFO: &amp#27;[32mSave 7ee7eae7-305c-427e-bfbd-088d8086b179(uuid3607)
сент. 16, 2025 8:21:57 PM webapp.storage.AbstractStorage save
INFO: &amp#27;[32mSave 6c9935da-ba2a-462d-a29a-827d7d8144f1(uuid3608)
сент. 16, 2025 8:21:57 PM webapp.storage.AbstractStorage save
INFO: &amp#27;[32mSave 00599499-110f-4b14-97d3-a0334b0624d8(uuid3609)
сент. 16, 2025 8:21:57 PM webapp.storage.AbstractStorage save
INFO: &amp#27;[32mSave b3b9fcee-feb3-4824-8dac-3ae7c6af6b74(uuid3610)
сент. 16, 2025 8:21:57 PM webapp.storage.AbstractStorage save
INFO: &amp#27;[32mSave 7ef6ab97-1cb5-4bb1-9543-09bf76406a80(uuid3611)
сент. 16, 2025 8:21:57 PM webapp.storage.AbstractStorage save
INFO: &amp#27;[32mSave 66e11594-7bd0-4ca3-ae9c-03727c58532c(uuid3612)
сент. 16, 2025 8:21:57 PM webapp.storage.AbstractStorage save
INFO: &amp#27;[32mSave a8ac9fae-fd36-4cf3-a6db-4e9faf8adf02(uuid3613)
сент. 16, 2025 8:21:57 PM webapp.storage.AbstractStorage save
INFO: &amp#27;[32mSave a7a8b45f-0faf-4a4c-aada-a56336e3cdcc(uuid3614)
сент. 16, 2025 8:21:57 PM webapp.storage.AbstractStorage save
INFO: &amp#27;[32mSave 9adcb2ee-6221-4451-9687-768933ee2008(uuid3615)
сент. 16, 2025 8:21:57 PM webapp.storage.AbstractStorage save
INFO: &amp#27;[32mSave 8d91cc05-b0a6-4a9f-b204-c444aab82274(uuid3616)
сент. 16, 2025 8:21:57 PM webapp.storage.AbstractStorage save
INFO: &amp#27;[32mSave c5514b96-d684-47e8-aca7-05acb2ec0d1d(uuid3617)
сент. 16, 2025 8:21:57 PM webapp.storage.AbstractStorage save
INFO: &amp#27;[32mSave 1def8c1d-e676-4743-aa24-68520bd125b5(uuid3618)
сент. 16, 2025 8:21:57 PM webapp.storage.AbstractStorage save
INFO: &amp#27;[32mSave 72c177d1-974a-4099-b1d9-dfb0684d3f58(uuid3619)
сент. 16, 2025 8:21:57 PM webapp.storage.AbstractStorage save
INFO: &amp#27;[32mSave 88e3fc77-d487-4771-b760-f66b1f5d37af(uuid3620)
сент. 16, 2025 8:21:57 PM webapp.storage.AbstractStorage save
INFO: &amp#27;[32mSave 439fe1c1-2e63-4160-b387-8f93a206b849(uuid3621)
сент. 16, 2025 8:21:57 PM webapp.storage.AbstractStorage save
INFO: &amp#27;[32mSave fe9003bd-276e-4f73-b01b-84a5f19fe0ee(uuid3622)
сент. 16, 2025 8:21:57 PM webapp.storage.AbstractStorage save
INFO: &amp#27;[32mSave 1abea9a3-0453-4e5f-9543-0b916817212a(uuid3623)
сент. 16, 2025 8:21:57 PM webapp.storage.AbstractStorage save
INFO: &amp#27;[32mSave 32ff3efe-0e56-4888-87b7-b68bc6274360(uuid3624)
сент. 16, 2025 8:21:57 PM webapp.storage.AbstractStorage save
INFO: &amp#27;[32mSave 31e31ed3-9723-4894-926f-aa2c785ed334(uuid3625)
сент. 16, 2025 8:21:57 PM webapp.storage.AbstractStorage save
INFO: &amp#27;[32mSave eae52139-c2da-4198-a1a7-4dcdec0d3016(uuid3626)
сент. 16, 2025 8:21:57 PM webapp.storage.AbstractStorage save
INFO: &amp#27;[32mSave 5353cabd-eaab-4509-8b32-556fc31de3db(uuid3627)
сент. 16, 2025 8:21:57 PM webapp.storage.AbstractStorage save
INFO: &amp#27;[32mSave 6c5cce5d-87fa-47f8-8a5d-0cc5461755bc(uuid3628)
сент. 16, 2025 8:21:57 PM webapp.storage.AbstractStorage save
INFO: &amp#27;[32mSave f0824f41-966d-44c3-912e-886e04eda4d4(uuid3629)
сент. 16, 2025 8:21:57 PM webapp.storage.AbstractStorage save
INFO: &amp#27;[32mSave a57e6a80-a1e1-4d95-97d7-8b296953c026(uuid3630)
сент. 16, 2025 8:21:57 PM webapp.storage.AbstractStorage save
INFO: &amp#27;[32mSave f48a86c6-a8e0-468f-b547-46fb5c694779(uuid3631)
сент. 16, 2025 8:21:57 PM webapp.storage.AbstractStorage save
INFO: &amp#27;[32mSave 6dd27d9d-d107-4f95-a5d6-659877409187(uuid3632)
сент. 16, 2025 8:21:57 PM webapp.storage.AbstractStorage save
INFO: &amp#27;[32mSave 02601c85-2a36-4998-8bdf-c0dae4d2ef3f(uuid3633)
сент. 16, 2025 8:21:57 PM webapp.storage.AbstractStorage save
INFO: &amp#27;[32mSave 82dab915-0ab8-4b7e-8bac-34b9b3431b07(uuid3634)
сент. 16, 2025 8:21:57 PM webapp.storage.AbstractStorage save
INFO: &amp#27;[32mSave 6535f815-f7a1-444d-b25d-09b7f7868fdb(uuid3635)
сент. 16, 2025 8:21:57 PM webapp.storage.AbstractStorage save
INFO: &amp#27;[32mSave 702e1105-58c1-4b30-94ed-01eaf69393db(uuid3636)
сент. 16, 2025 8:21:57 PM webapp.storage.AbstractStorage save
INFO: &amp#27;[32mSave 714df21a-381d-42d7-aabc-c7ec4e4303e9(uuid3637)
сент. 16, 2025 8:21:57 PM webapp.storage.AbstractStorage save
INFO: &amp#27;[32mSave 55be9e61-0551-43ee-88cb-da00c2375bfd(uuid3638)
сент. 16, 2025 8:21:57 PM webapp.storage.AbstractStorage save
INFO: &amp#27;[32mSave 0ec38220-16d8-40db-a828-6726da8e6229(uuid3639)
сент. 16, 2025 8:21:57 PM webapp.storage.AbstractStorage save
INFO: &amp#27;[32mSave a0cdcadf-609f-4083-8cf9-6f5c306ea91f(uuid3640)
сент. 16, 2025 8:21:57 PM webapp.storage.AbstractStorage save
INFO: &amp#27;[32mSave d914cfed-d7c3-4d54-bd3f-a8bbe6d1e9c3(uuid3641)
сент. 16, 2025 8:21:57 PM webapp.storage.AbstractStorage save
INFO: &amp#27;[32mSave 11982d80-1dec-4ef9-80c0-ace3b75b434a(uuid3642)
сент. 16, 2025 8:21:57 PM webapp.storage.AbstractStorage save
INFO: &amp#27;[32mSave 33705f95-e935-4159-8d17-eac79692b716(uuid3643)
сент. 16, 2025 8:21:57 PM webapp.storage.AbstractStorage save
INFO: &amp#27;[32mSave 93e5a256-95c5-4c29-ac73-752987ec3acb(uuid3644)
сент. 16, 2025 8:21:57 PM webapp.storage.AbstractStorage save
INFO: &amp#27;[32mSave 8bca35a1-3701-48a8-babf-5738c2136b30(uuid3645)
сент. 16, 2025 8:21:57 PM webapp.storage.AbstractStorage save
INFO: &amp#27;[32mSave 56549e29-94dd-4ad9-8e1d-b2b1905be1e1(uuid3646)
сент. 16, 2025 8:21:57 PM webapp.storage.AbstractStorage save
INFO: &amp#27;[32mSave ff9d7ee1-ce9a-4589-a971-d956336fa472(uuid3647)
сент. 16, 2025 8:21:57 PM webapp.storage.AbstractStorage save
INFO: &amp#27;[32mSave 50a10fda-b912-4cd4-ae4e-141f7c8aef6a(uuid3648)
сент. 16, 2025 8:21:57 PM webapp.storage.AbstractStorage save
INFO: &amp#27;[32mSave af77af29-bde9-469b-bb20-6b244cfd631f(uuid3649)
сент. 16, 2025 8:21:57 PM webapp.storage.AbstractStorage save
INFO: &amp#27;[32mSave 476c3593-9eb4-4444-89a5-7568f1569871(uuid3650)
сент. 16, 2025 8:21:57 PM webapp.storage.AbstractStorage save
INFO: &amp#27;[32mSave 05459523-b423-4eab-8912-fe165b837890(uuid3651)
сент. 16, 2025 8:21:57 PM webapp.storage.AbstractStorage save
INFO: &amp#27;[32mSave ef189ae0-6e35-42ca-a03d-cf8083a5b88a(uuid3652)
сент. 16, 2025 8:21:57 PM webapp.storage.AbstractStorage save
INFO: &amp#27;[32mSave 49e19c78-8a62-418d-b284-da4d9a222bf2(uuid3653)
сент. 16, 2025 8:21:57 PM webapp.storage.AbstractStorage save
INFO: &amp#27;[32mSave 2595e029-2fd1-4418-8905-ab6d05083eea(uuid3654)
сент. 16, 2025 8:21:57 PM webapp.storage.AbstractStorage save
INFO: &amp#27;[32mSave 3d694518-a843-40b0-a09e-e435d9a30852(uuid3655)
сент. 16, 2025 8:21:57 PM webapp.storage.AbstractStorage save
INFO: &amp#27;[32mSave 3fab9e0f-d382-40b3-bdda-3ce28fe436cf(uuid3656)
сент. 16, 2025 8:21:57 PM webapp.storage.AbstractStorage save
INFO: &amp#27;[32mSave da613221-fb36-4346-b7dd-ff376d8c4d7b(uuid3657)
сент. 16, 2025 8:21:57 PM webapp.storage.AbstractStorage save
INFO: &amp#27;[32mSave e6cf4a87-cb35-490b-8369-593ee1c8628e(uuid3658)
сент. 16, 2025 8:21:57 PM webapp.storage.AbstractStorage save
INFO: &amp#27;[32mSave df3f3839-716f-4175-91d8-7c48edf5d3bd(uuid3659)
сент. 16, 2025 8:21:57 PM webapp.storage.AbstractStorage save
INFO: &amp#27;[32mSave cdabc5d6-dca5-4a20-aac9-91cde6760705(uuid3660)
сент. 16, 2025 8:21:57 PM webapp.storage.AbstractStorage save
INFO: &amp#27;[32mSave aceab123-5c86-49b7-9f83-caed718c6a54(uuid3661)
сент. 16, 2025 8:21:57 PM webapp.storage.AbstractStorage save
INFO: &amp#27;[32mSave e2802889-f28a-46c0-bf8c-e64e31e7b212(uuid3662)
сент. 16, 2025 8:21:57 PM webapp.storage.AbstractStorage save
INFO: &amp#27;[32mSave 5362884a-499b-4258-97fe-ab4f5f480bd2(uuid3663)
сент. 16, 2025 8:21:57 PM webapp.storage.AbstractStorage save
INFO: &amp#27;[32mSave 0d37b13e-7094-4a21-9e0d-e9118ac18cc9(uuid3664)
сент. 16, 2025 8:21:57 PM webapp.storage.AbstractStorage save
INFO: &amp#27;[32mSave 3df78c13-37cc-439b-9c49-d9eea37b1245(uuid3665)
сент. 16, 2025 8:21:57 PM webapp.storage.AbstractStorage save
INFO: &amp#27;[32mSave 1f5c9a75-deeb-4e33-9761-d9502cc16b3f(uuid3666)
сент. 16, 2025 8:21:57 PM webapp.storage.AbstractStorage save
INFO: &amp#27;[32mSave eaeb6473-60d0-4401-9d07-e596b8de38ff(uuid3667)
сент. 16, 2025 8:21:57 PM webapp.storage.AbstractStorage save
INFO: &amp#27;[32mSave 36792d21-07dd-4fa6-92e1-df5b55b7fbb6(uuid3668)
сент. 16, 2025 8:21:57 PM webapp.storage.AbstractStorage save
INFO: &amp#27;[32mSave 71b232bd-5293-4586-8a2f-5924b562a197(uuid3669)
сент. 16, 2025 8:21:57 PM webapp.storage.AbstractStorage save
INFO: &amp#27;[32mSave 8d01e783-75ea-44d7-9594-f4928e1adf48(uuid3670)
сент. 16, 2025 8:21:57 PM webapp.storage.AbstractStorage save
INFO: &amp#27;[32mSave 10fd543a-78c7-4c44-9dc0-73b0c61b7638(uuid3671)
сент. 16, 2025 8:21:57 PM webapp.storage.AbstractStorage save
INFO: &amp#27;[32mSave 3415c112-9172-489c-b2b2-28127b29f9e0(uuid3672)
сент. 16, 2025 8:21:57 PM webapp.storage.AbstractStorage save
INFO: &amp#27;[32mSave 9be3bf12-c98d-4e53-bfcd-c591bca30769(uuid3673)
сент. 16, 2025 8:21:57 PM webapp.storage.AbstractStorage save
INFO: &amp#27;[32mSave 847f2b5f-cebe-4038-b515-294af7832c3a(uuid3674)
сент. 16, 2025 8:21:57 PM webapp.storage.AbstractStorage save
INFO: &amp#27;[32mSave 8244d941-dbd7-4e0f-a31e-eadd7dc476d3(uuid3675)
сент. 16, 2025 8:21:57 PM webapp.storage.AbstractStorage save
INFO: &amp#27;[32mSave 1df46841-feb7-427c-bcdc-0490536593ea(uuid3676)
сент. 16, 2025 8:21:57 PM webapp.storage.AbstractStorage save
INFO: &amp#27;[32mSave 93ea5aaa-98c4-4135-85d0-8bcf3a4ad744(uuid3677)
сент. 16, 2025 8:21:57 PM webapp.storage.AbstractStorage save
INFO: &amp#27;[32mSave 9f90fb5d-6535-446b-a4a5-966dd3a7890f(uuid3678)
сент. 16, 2025 8:21:57 PM webapp.storage.AbstractStorage save
INFO: &amp#27;[32mSave 6a708a2d-d952-48fe-8cb6-70463ac56cac(uuid3679)
сент. 16, 2025 8:21:57 PM webapp.storage.AbstractStorage save
INFO: &amp#27;[32mSave 72028326-0b1b-4ef4-b55d-c18aa917d883(uuid3680)
сент. 16, 2025 8:21:57 PM webapp.storage.AbstractStorage save
INFO: &amp#27;[32mSave 384da41c-2042-4de5-a6ef-a6b19942238e(uuid3681)
сент. 16, 2025 8:21:57 PM webapp.storage.AbstractStorage save
INFO: &amp#27;[32mSave 38eb318c-231e-4100-b789-1945c1905e22(uuid3682)
сент. 16, 2025 8:21:57 PM webapp.storage.AbstractStorage save
INFO: &amp#27;[32mSave 5b1aab4d-8da4-47a4-b0b5-0ea0d083e1a8(uuid3683)
сент. 16, 2025 8:21:57 PM webapp.storage.AbstractStorage save
INFO: &amp#27;[32mSave 89874995-aacb-4d18-96bf-842582c37ac0(uuid3684)
сент. 16, 2025 8:21:57 PM webapp.storage.AbstractStorage save
INFO: &amp#27;[32mSave aa1e5a4c-4555-4faf-9b61-404bd3580676(uuid3685)
сент. 16, 2025 8:21:57 PM webapp.storage.AbstractStorage save
INFO: &amp#27;[32mSave 1544381c-0ef5-4d83-99b7-584ba30495bb(uuid3686)
сент. 16, 2025 8:21:57 PM webapp.storage.AbstractStorage save
INFO: &amp#27;[32mSave a43f139d-98d9-4580-9b05-727172cfb2e4(uuid3687)
сент. 16, 2025 8:21:57 PM webapp.storage.AbstractStorage save
INFO: &amp#27;[32mSave 1d117f53-d3f2-432d-8daf-60ab256db7a1(uuid3688)
сент. 16, 2025 8:21:57 PM webapp.storage.AbstractStorage save
INFO: &amp#27;[32mSave cbe483e1-fef4-40e3-90d5-49109b428fd6(uuid3689)
сент. 16, 2025 8:21:57 PM webapp.storage.AbstractStorage save
INFO: &amp#27;[32mSave 32f4ea05-eeb1-4aad-903c-be10255478df(uuid3690)
сент. 16, 2025 8:21:57 PM webapp.storage.AbstractStorage save
INFO: &amp#27;[32mSave 1a86ae8c-d813-47cb-8937-a0d6b38ccdaa(uuid3691)
сент. 16, 2025 8:21:57 PM webapp.storage.AbstractStorage save
INFO: &amp#27;[32mSave e732d13a-abfa-4b32-aea7-933208717902(uuid3692)
сент. 16, 2025 8:21:57 PM webapp.storage.AbstractStorage save
INFO: &amp#27;[32mSave ee892649-ae9a-4655-8f78-3cd3af46497a(uuid3693)
сент. 16, 2025 8:21:57 PM webapp.storage.AbstractStorage save
INFO: &amp#27;[32mSave e65ea842-5a40-4c51-bc39-b3bdce0dfa4f(uuid3694)
сент. 16, 2025 8:21:57 PM webapp.storage.AbstractStorage save
INFO: &amp#27;[32mSave 30a85eef-c7d3-4c08-a615-53d954f738a2(uuid3695)
сент. 16, 2025 8:21:57 PM webapp.storage.AbstractStorage save
INFO: &amp#27;[32mSave 76574e7b-0115-4a70-b87f-d894c5847846(uuid3696)
сент. 16, 2025 8:21:57 PM webapp.storage.AbstractStorage save
INFO: &amp#27;[32mSave d7fc7ff0-d27d-48f6-8017-ce7548f8ecc4(uuid3697)
сент. 16, 2025 8:21:57 PM webapp.storage.AbstractStorage save
INFO: &amp#27;[32mSave 7441a9f6-8f34-4111-8bde-4061a6930e39(uuid3698)
сент. 16, 2025 8:21:57 PM webapp.storage.AbstractStorage save
INFO: &amp#27;[32mSave 4165d846-f99b-4828-8724-2f0516042325(uuid3699)
сент. 16, 2025 8:21:57 PM webapp.storage.AbstractStorage save
INFO: &amp#27;[32mSave fae0d063-edcf-410a-9301-c997ba369f5b(uuid3700)
сент. 16, 2025 8:21:57 PM webapp.storage.AbstractStorage save
INFO: &amp#27;[32mSave eeb1e2cb-c5e4-478a-9f29-2f5654312fa9(uuid3701)
сент. 16, 2025 8:21:57 PM webapp.storage.AbstractStorage save
INFO: &amp#27;[32mSave 1783262f-2d9f-4a03-9980-9ddaeb9eed7d(uuid3702)
сент. 16, 2025 8:21:57 PM webapp.storage.AbstractStorage save
INFO: &amp#27;[32mSave 4424f63e-45af-4ea0-9b44-8d609bab3d28(uuid3703)
сент. 16, 2025 8:21:57 PM webapp.storage.AbstractStorage save
INFO: &amp#27;[32mSave 7988e826-7e31-437c-a66e-e73313facfa2(uuid3704)
сент. 16, 2025 8:21:57 PM webapp.storage.AbstractStorage save
INFO: &amp#27;[32mSave c462a082-bc4d-4edc-89f9-5312af86b5e2(uuid3705)
сент. 16, 2025 8:21:57 PM webapp.storage.AbstractStorage save
INFO: &amp#27;[32mSave b06299ed-293f-4e04-992c-e365e8341c13(uuid3706)
сент. 16, 2025 8:21:57 PM webapp.storage.AbstractStorage save
INFO: &amp#27;[32mSave 933b8cf3-59a9-4eb8-b250-783e3dbfda64(uuid3707)
сент. 16, 2025 8:21:57 PM webapp.storage.AbstractStorage save
INFO: &amp#27;[32mSave dee02ce1-2476-488e-839b-a2ed1bc7e81d(uuid3708)
сент. 16, 2025 8:21:57 PM webapp.storage.AbstractStorage save
INFO: &amp#27;[32mSave f88c8f95-d0f4-4ba8-ac13-c4a5e7dea826(uuid3709)
сент. 16, 2025 8:21:57 PM webapp.storage.AbstractStorage save
INFO: &amp#27;[32mSave b664fba4-fc1e-4684-86ba-d5f05f5ef3fc(uuid3710)
сент. 16, 2025 8:21:57 PM webapp.storage.AbstractStorage save
INFO: &amp#27;[32mSave b711ca1d-3cb4-4170-89f1-31b315a77603(uuid3711)
сент. 16, 2025 8:21:57 PM webapp.storage.AbstractStorage save
INFO: &amp#27;[32mSave fa011f14-a62e-45cf-8e73-1924ad394768(uuid3712)
сент. 16, 2025 8:21:57 PM webapp.storage.AbstractStorage save
INFO: &amp#27;[32mSave 1f1ad61a-55cb-4282-82b4-767ebdbe87b5(uuid3713)
сент. 16, 2025 8:21:57 PM webapp.storage.AbstractStorage save
INFO: &amp#27;[32mSave e63256ed-ffd8-4d69-86a0-7cd32125431a(uuid3714)
сент. 16, 2025 8:21:57 PM webapp.storage.AbstractStorage save
INFO: &amp#27;[32mSave 121514c7-d3ea-44ba-878d-db5a5b1837da(uuid3715)
сент. 16, 2025 8:21:57 PM webapp.storage.AbstractStorage save
INFO: &amp#27;[32mSave 549b24d7-dbf0-4c38-9680-e5cf9b1e1004(uuid3716)
сент. 16, 2025 8:21:57 PM webapp.storage.AbstractStorage save
INFO: &amp#27;[32mSave 4ea7e74f-d4aa-4847-abd9-45f999a21153(uuid3717)
сент. 16, 2025 8:21:57 PM webapp.storage.AbstractStorage save
INFO: &amp#27;[32mSave 076417a3-357c-422e-b385-1ef366939ad8(uuid3718)
сент. 16, 2025 8:21:57 PM webapp.storage.AbstractStorage save
INFO: &amp#27;[32mSave db9f45ef-a980-4158-a9f3-c518c99b54c1(uuid3719)
сент. 16, 2025 8:21:57 PM webapp.storage.AbstractStorage save
INFO: &amp#27;[32mSave b9dfc788-696b-447c-85a3-5e406cba1c04(uuid3720)
сент. 16, 2025 8:21:57 PM webapp.storage.AbstractStorage save
INFO: &amp#27;[32mSave cf5121f6-9120-4d82-afdc-039a4fceffdf(uuid3721)
сент. 16, 2025 8:21:57 PM webapp.storage.AbstractStorage save
INFO: &amp#27;[32mSave a67c8e7e-1666-436c-873d-0f82b8e6df73(uuid3722)
сент. 16, 2025 8:21:57 PM webapp.storage.AbstractStorage save
INFO: &amp#27;[32mSave 090b9a4a-b7f0-4b5c-abe1-1210b6c92b54(uuid3723)
сент. 16, 2025 8:21:57 PM webapp.storage.AbstractStorage save
INFO: &amp#27;[32mSave 367a320f-8b4d-4b82-b393-80c655a97a32(uuid3724)
сент. 16, 2025 8:21:57 PM webapp.storage.AbstractStorage save
INFO: &amp#27;[32mSave e3f09b5a-1ed8-4843-87bf-70e7e94fe048(uuid3725)
сент. 16, 2025 8:21:57 PM webapp.storage.AbstractStorage save
INFO: &amp#27;[32mSave 4286ebdf-a088-46ea-a1e7-157dae5d5fcc(uuid3726)
сент. 16, 2025 8:21:57 PM webapp.storage.AbstractStorage save
INFO: &amp#27;[32mSave 83c60882-9d82-4c85-a189-8327108b3ef9(uuid3727)
сент. 16, 2025 8:21:57 PM webapp.storage.AbstractStorage save
INFO: &amp#27;[32mSave 2ce3d9ac-1f1f-4c31-9179-af2f20972adf(uuid3728)
сент. 16, 2025 8:21:57 PM webapp.storage.AbstractStorage save
INFO: &amp#27;[32mSave 04068b1d-6df6-480e-897d-9bfc5f7c20c8(uuid3729)
сент. 16, 2025 8:21:57 PM webapp.storage.AbstractStorage save
INFO: &amp#27;[32mSave bb877477-90eb-4984-9e19-59d64878b263(uuid3730)
сент. 16, 2025 8:21:57 PM webapp.storage.AbstractStorage save
INFO: &amp#27;[32mSave a10266cb-9042-4ed5-bd2a-bf3a933b2917(uuid3731)
сент. 16, 2025 8:21:57 PM webapp.storage.AbstractStorage save
INFO: &amp#27;[32mSave 0864e143-4819-4f57-9c4f-5a6eb613c713(uuid3732)
сент. 16, 2025 8:21:57 PM webapp.storage.AbstractStorage save
INFO: &amp#27;[32mSave ae8059c8-3bfc-49bc-a8c1-69db75619839(uuid3733)
сент. 16, 2025 8:21:57 PM webapp.storage.AbstractStorage save
INFO: &amp#27;[32mSave 34f3e02c-54c8-423e-b441-760f33fb8a8d(uuid3734)
сент. 16, 2025 8:21:57 PM webapp.storage.AbstractStorage save
INFO: &amp#27;[32mSave 0829dbdd-e4dc-49a5-acd2-54d05e2ebeeb(uuid3735)
сент. 16, 2025 8:21:57 PM webapp.storage.AbstractStorage save
INFO: &amp#27;[32mSave dfd877d9-13fc-4857-9635-48cd69e3ed4f(uuid3736)
сент. 16, 2025 8:21:57 PM webapp.storage.AbstractStorage save
INFO: &amp#27;[32mSave d89ce062-d35b-40c5-92a3-18d4ed0208f8(uuid3737)
сент. 16, 2025 8:21:57 PM webapp.storage.AbstractStorage save
INFO: &amp#27;[32mSave 1a067cfe-2fc8-449b-860d-5c0f08a85bd7(uuid3738)
сент. 16, 2025 8:21:57 PM webapp.storage.AbstractStorage save
INFO: &amp#27;[32mSave e859a9a6-3d57-4eed-98db-96457f0c1840(uuid3739)
сент. 16, 2025 8:21:57 PM webapp.storage.AbstractStorage save
INFO: &amp#27;[32mSave 593d9389-005e-41aa-ba77-50e5ce1f58e2(uuid3740)
сент. 16, 2025 8:21:57 PM webapp.storage.AbstractStorage save
INFO: &amp#27;[32mSave fdfdfaee-837d-48fa-962a-f32011a9a282(uuid3741)
сент. 16, 2025 8:21:57 PM webapp.storage.AbstractStorage save
INFO: &amp#27;[32mSave 7414130c-32af-4ae5-bb2c-54f6eaaa910c(uuid3742)
сент. 16, 2025 8:21:57 PM webapp.storage.AbstractStorage save
INFO: &amp#27;[32mSave 7dbb53d5-5c79-4b22-b4ee-45c2680d97e2(uuid3743)
сент. 16, 2025 8:21:57 PM webapp.storage.AbstractStorage save
INFO: &amp#27;[32mSave b0737bef-b958-444a-8d7a-cc9ec4292661(uuid3744)
сент. 16, 2025 8:21:57 PM webapp.storage.AbstractStorage save
INFO: &amp#27;[32mSave 7cdfeb24-86ef-405a-be08-10830bf902f5(uuid3745)
сент. 16, 2025 8:21:57 PM webapp.storage.AbstractStorage save
INFO: &amp#27;[32mSave a225c1cd-f749-4210-a94b-f3229a9d4aff(uuid3746)
сент. 16, 2025 8:21:57 PM webapp.storage.AbstractStorage save
INFO: &amp#27;[32mSave f500d324-1281-48c1-a610-c54bd3363967(uuid3747)
сент. 16, 2025 8:21:57 PM webapp.storage.AbstractStorage save
INFO: &amp#27;[32mSave f7bf7f78-d349-418b-bcb2-eedcd70dfab2(uuid3748)
сент. 16, 2025 8:21:57 PM webapp.storage.AbstractStorage save
INFO: &amp#27;[32mSave 90acce13-45d6-4204-917c-73aa04ddcb58(uuid3749)
сент. 16, 2025 8:21:57 PM webapp.storage.AbstractStorage save
INFO: &amp#27;[32mSave 3ba3c7d8-f7da-4147-9b5d-9dbe628e6562(uuid3750)
сент. 16, 2025 8:21:57 PM webapp.storage.AbstractStorage save
INFO: &amp#27;[32mSave b5012439-cf22-4470-a1e3-f9c39e7757ad(uuid3751)
сент. 16, 2025 8:21:57 PM webapp.storage.AbstractStorage save
INFO: &amp#27;[32mSave 90ac6f2f-4296-4470-be7c-c226745dce8c(uuid3752)
сент. 16, 2025 8:21:57 PM webapp.storage.AbstractStorage save
INFO: &amp#27;[32mSave 5d1eb02e-6acb-4218-85c2-a3fc6044ba07(uuid3753)
сент. 16, 2025 8:21:57 PM webapp.storage.AbstractStorage save
INFO: &amp#27;[32mSave db42b64a-4132-43eb-8d11-7a9b2a5db193(uuid3754)
сент. 16, 2025 8:21:57 PM webapp.storage.AbstractStorage save
INFO: &amp#27;[32mSave b130510f-997d-4903-a856-de4928008417(uuid3755)
сент. 16, 2025 8:21:57 PM webapp.storage.AbstractStorage save
INFO: &amp#27;[32mSave d44fca8a-dedd-4605-b242-4e41dde355bc(uuid3756)
сент. 16, 2025 8:21:57 PM webapp.storage.AbstractStorage save
INFO: &amp#27;[32mSave ef8913c4-c7a7-450a-a59d-da3310c67bfd(uuid3757)
сент. 16, 2025 8:21:57 PM webapp.storage.AbstractStorage save
INFO: &amp#27;[32mSave 5cf004dc-fd94-489c-bc7e-3c295f73992f(uuid3758)
сент. 16, 2025 8:21:57 PM webapp.storage.AbstractStorage save
INFO: &amp#27;[32mSave b78a664a-0cff-4788-a0e4-35cf4ff10c29(uuid3759)
сент. 16, 2025 8:21:57 PM webapp.storage.AbstractStorage save
INFO: &amp#27;[32mSave 7435a8d0-02c5-4ad2-b4fc-737fe4d509e6(uuid3760)
сент. 16, 2025 8:21:57 PM webapp.storage.AbstractStorage save
INFO: &amp#27;[32mSave 10623281-04ad-403c-9c62-427a66f55130(uuid3761)
сент. 16, 2025 8:21:57 PM webapp.storage.AbstractStorage save
INFO: &amp#27;[32mSave 3451ccc9-1e23-4cf2-8448-c8632e4e4179(uuid3762)
сент. 16, 2025 8:21:57 PM webapp.storage.AbstractStorage save
INFO: &amp#27;[32mSave f319f837-1b4c-47ff-a85a-37bc7640dee9(uuid3763)
сент. 16, 2025 8:21:57 PM webapp.storage.AbstractStorage save
INFO: &amp#27;[32mSave d804bece-14aa-42c1-96dd-b56fe9bedc8d(uuid3764)
сент. 16, 2025 8:21:57 PM webapp.storage.AbstractStorage save
INFO: &amp#27;[32mSave 64ec1a74-7457-4936-b76f-03a7ce3de5e1(uuid3765)
сент. 16, 2025 8:21:57 PM webapp.storage.AbstractStorage save
INFO: &amp#27;[32mSave 25c39956-53f6-481a-b449-fda0ad3cbf07(uuid3766)
сент. 16, 2025 8:21:57 PM webapp.storage.AbstractStorage save
INFO: &amp#27;[32mSave 8a9ffdfd-c664-44b9-b9ab-1c800713b613(uuid3767)
сент. 16, 2025 8:21:57 PM webapp.storage.AbstractStorage save
INFO: &amp#27;[32mSave e5a456de-4cf8-41d2-b34e-81a03956654e(uuid3768)
сент. 16, 2025 8:21:57 PM webapp.storage.AbstractStorage save
INFO: &amp#27;[32mSave 53ad6b05-ae54-4ab5-a589-550a8947f8c7(uuid3769)
сент. 16, 2025 8:21:57 PM webapp.storage.AbstractStorage save
INFO: &amp#27;[32mSave 15492ed7-c4ed-44c1-9a73-d5dc01dab0c2(uuid3770)
сент. 16, 2025 8:21:57 PM webapp.storage.AbstractStorage save
INFO: &amp#27;[32mSave f800e446-d4ab-499b-b19a-de87b8a6b75f(uuid3771)
сент. 16, 2025 8:21:57 PM webapp.storage.AbstractStorage save
INFO: &amp#27;[32mSave 6d4b865c-4f0a-4c7e-b0b4-c7cf56077a75(uuid3772)
сент. 16, 2025 8:21:57 PM webapp.storage.AbstractStorage save
INFO: &amp#27;[32mSave b8be363e-0577-49d2-a8cb-98b5b93dfe68(uuid3773)
сент. 16, 2025 8:21:57 PM webapp.storage.AbstractStorage save
INFO: &amp#27;[32mSave b30998da-b98d-4981-8d4d-6735dcad9b22(uuid3774)
сент. 16, 2025 8:21:57 PM webapp.storage.AbstractStorage save
INFO: &amp#27;[32mSave 72c3dcd5-3b10-4976-b3c1-9d69433c8bb0(uuid3775)
сент. 16, 2025 8:21:57 PM webapp.storage.AbstractStorage save
INFO: &amp#27;[32mSave cd184154-1441-4865-ba66-33de084fbf1d(uuid3776)
сент. 16, 2025 8:21:57 PM webapp.storage.AbstractStorage save
INFO: &amp#27;[32mSave 49edced7-c65e-47bc-a3ba-b4bb44a4c7a6(uuid3777)
сент. 16, 2025 8:21:57 PM webapp.storage.AbstractStorage save
INFO: &amp#27;[32mSave ae584695-47e2-4ad9-ace7-8b3699d88bbf(uuid3778)
сент. 16, 2025 8:21:57 PM webapp.storage.AbstractStorage save
INFO: &amp#27;[32mSave c3158abf-1945-4de8-ab8c-06ea4cfef6d4(uuid3779)
сент. 16, 2025 8:21:57 PM webapp.storage.AbstractStorage save
INFO: &amp#27;[32mSave 4b3acf96-ffef-4ef6-98cd-8a0ab43111cb(uuid3780)
сент. 16, 2025 8:21:57 PM webapp.storage.AbstractStorage save
INFO: &amp#27;[32mSave 20b96083-c253-47d6-ba55-bf541a1d082a(uuid3781)
сент. 16, 2025 8:21:57 PM webapp.storage.AbstractStorage save
INFO: &amp#27;[32mSave 34338b5e-53d1-4bf3-8180-8369484d5a92(uuid3782)
сент. 16, 2025 8:21:57 PM webapp.storage.AbstractStorage save
INFO: &amp#27;[32mSave ff558e8b-d028-4f37-8537-2ac13332ad5f(uuid3783)
сент. 16, 2025 8:21:57 PM webapp.storage.AbstractStorage save
INFO: &amp#27;[32mSave 598f3e96-2231-4b3a-9742-88c0c1e1b6a7(uuid3784)
сент. 16, 2025 8:21:57 PM webapp.storage.AbstractStorage save
INFO: &amp#27;[32mSave 6ac1962e-f096-4531-8470-44966ecc7686(uuid3785)
сент. 16, 2025 8:21:57 PM webapp.storage.AbstractStorage save
INFO: &amp#27;[32mSave 504afe19-c654-4b6d-913d-c0fd697e06b9(uuid3786)
сент. 16, 2025 8:21:57 PM webapp.storage.AbstractStorage save
INFO: &amp#27;[32mSave 59c83810-eb86-4f8a-8eba-cced7de7907f(uuid3787)
сент. 16, 2025 8:21:57 PM webapp.storage.AbstractStorage save
INFO: &amp#27;[32mSave b9057781-b5ee-4cde-9869-1339037c48ed(uuid3788)
сент. 16, 2025 8:21:57 PM webapp.storage.AbstractStorage save
INFO: &amp#27;[32mSave d12dd36c-3180-4fe3-a41c-75e3007f48b8(uuid3789)
сент. 16, 2025 8:21:57 PM webapp.storage.AbstractStorage save
INFO: &amp#27;[32mSave 7299177c-38b4-4c68-9a48-5b0b994a9ee1(uuid3790)
сент. 16, 2025 8:21:57 PM webapp.storage.AbstractStorage save
INFO: &amp#27;[32mSave e276b70b-c942-480c-b399-900b8a7f0893(uuid3791)
сент. 16, 2025 8:21:57 PM webapp.storage.AbstractStorage save
INFO: &amp#27;[32mSave ac661861-98ae-4b55-88cf-a9f0f49de6a4(uuid3792)
сент. 16, 2025 8:21:57 PM webapp.storage.AbstractStorage save
INFO: &amp#27;[32mSave b3a61479-9b18-4a4b-a2be-e5d088b54171(uuid3793)
сент. 16, 2025 8:21:57 PM webapp.storage.AbstractStorage save
INFO: &amp#27;[32mSave 58d1fb16-c69c-4b5d-b7d1-1bd6b703d8ce(uuid3794)
сент. 16, 2025 8:21:57 PM webapp.storage.AbstractStorage save
INFO: &amp#27;[32mSave d1163b4c-85c7-424d-8d5b-dede2a9b656e(uuid3795)
сент. 16, 2025 8:21:57 PM webapp.storage.AbstractStorage save
INFO: &amp#27;[32mSave 1ec11f8e-1e94-4fa6-82ff-7a6fe03946c4(uuid3796)
сент. 16, 2025 8:21:57 PM webapp.storage.AbstractStorage save
INFO: &amp#27;[32mSave a504906b-7e01-4dcb-8d2a-fb6249b71342(uuid3797)
сент. 16, 2025 8:21:57 PM webapp.storage.AbstractStorage save
INFO: &amp#27;[32mSave 8b1fcca1-b762-4651-bf66-efa3578d3524(uuid3798)
сент. 16, 2025 8:21:57 PM webapp.storage.AbstractStorage save
INFO: &amp#27;[32mSave dc311b2b-b704-4d11-9abd-0887ee6bef2d(uuid3799)
сент. 16, 2025 8:21:57 PM webapp.storage.AbstractStorage save
INFO: &amp#27;[32mSave d2109b55-69ec-49c2-a8b9-64fbf14a6415(uuid3800)
сент. 16, 2025 8:21:57 PM webapp.storage.AbstractStorage save
INFO: &amp#27;[32mSave 5cf59a42-ff97-40f2-a2fb-4df16156fc3f(uuid3801)
сент. 16, 2025 8:21:57 PM webapp.storage.AbstractStorage save
INFO: &amp#27;[32mSave 35348a9c-c1ac-478b-8fdd-b0f60ff4abbf(uuid3802)
сент. 16, 2025 8:21:57 PM webapp.storage.AbstractStorage save
INFO: &amp#27;[32mSave 62d7a90f-e6f1-4f39-8189-572bc4a899c1(uuid3803)
сент. 16, 2025 8:21:57 PM webapp.storage.AbstractStorage save
INFO: &amp#27;[32mSave 4e9b8ab6-57ad-402d-a7d2-46d5ef1c0a60(uuid3804)
сент. 16, 2025 8:21:57 PM webapp.storage.AbstractStorage save
INFO: &amp#27;[32mSave 99bedb0e-ba66-4319-a288-eebbf35e61fa(uuid3805)
сент. 16, 2025 8:21:57 PM webapp.storage.AbstractStorage save
INFO: &amp#27;[32mSave 0580eba5-fbec-4e2e-9d13-d33e94af4516(uuid3806)
сент. 16, 2025 8:21:57 PM webapp.storage.AbstractStorage save
INFO: &amp#27;[32mSave a349f822-6ded-403c-b944-47bb0729881d(uuid3807)
сент. 16, 2025 8:21:57 PM webapp.storage.AbstractStorage save
INFO: &amp#27;[32mSave c0f2d75a-c18a-4167-a9bf-3de0eb112df4(uuid3808)
сент. 16, 2025 8:21:57 PM webapp.storage.AbstractStorage save
INFO: &amp#27;[32mSave d035049a-c566-44c4-915a-4cbbbcc8ac23(uuid3809)
сент. 16, 2025 8:21:57 PM webapp.storage.AbstractStorage save
INFO: &amp#27;[32mSave 275a862a-23a9-4906-87a3-b0bf834e2b03(uuid3810)
сент. 16, 2025 8:21:57 PM webapp.storage.AbstractStorage save
INFO: &amp#27;[32mSave 00f7841a-1f3c-421b-99df-e69307ff8372(uuid3811)
сент. 16, 2025 8:21:57 PM webapp.storage.AbstractStorage save
INFO: &amp#27;[32mSave 7908b7f5-295c-4376-8c4c-8e2c487e241f(uuid3812)
сент. 16, 2025 8:21:57 PM webapp.storage.AbstractStorage save
INFO: &amp#27;[32mSave ab0d9fd9-1c97-4066-b6e5-6af6bd1b931d(uuid3813)
сент. 16, 2025 8:21:57 PM webapp.storage.AbstractStorage save
INFO: &amp#27;[32mSave 0a58bfc0-b2d6-4a34-bdd3-b5786d7e6e04(uuid3814)
сент. 16, 2025 8:21:57 PM webapp.storage.AbstractStorage save
INFO: &amp#27;[32mSave c0f44fa4-1b2d-4a96-9cdb-9f02923bd9aa(uuid3815)
сент. 16, 2025 8:21:57 PM webapp.storage.AbstractStorage save
INFO: &amp#27;[32mSave ea78334b-517f-4137-b48c-888ebd68b112(uuid3816)
сент. 16, 2025 8:21:57 PM webapp.storage.AbstractStorage save
INFO: &amp#27;[32mSave 6e27c58f-644b-4e11-a8ff-a34ac243c673(uuid3817)
сент. 16, 2025 8:21:57 PM webapp.storage.AbstractStorage save
INFO: &amp#27;[32mSave 6f0b4c8f-281f-49f1-93a9-733efcf44ba4(uuid3818)
сент. 16, 2025 8:21:57 PM webapp.storage.AbstractStorage save
INFO: &amp#27;[32mSave 69711abe-67f7-445a-8c0c-29c0cca462a9(uuid3819)
сент. 16, 2025 8:21:57 PM webapp.storage.AbstractStorage save
INFO: &amp#27;[32mSave 3451138f-0ba9-4d03-b46b-c37f99dcf3eb(uuid3820)
сент. 16, 2025 8:21:57 PM webapp.storage.AbstractStorage save
INFO: &amp#27;[32mSave ac9f694b-902c-4f4f-82b3-afc243d71ac4(uuid3821)
сент. 16, 2025 8:21:57 PM webapp.storage.AbstractStorage save
INFO: &amp#27;[32mSave 484a3a32-aad0-4404-a081-8cbab56867a6(uuid3822)
сент. 16, 2025 8:21:57 PM webapp.storage.AbstractStorage save
INFO: &amp#27;[32mSave f9486c94-61a2-4ba2-add5-bbdb5998e0e9(uuid3823)
сент. 16, 2025 8:21:57 PM webapp.storage.AbstractStorage save
INFO: &amp#27;[32mSave 9625ea12-d80d-4455-844a-d3e4fd0cba06(uuid3824)
сент. 16, 2025 8:21:57 PM webapp.storage.AbstractStorage save
INFO: &amp#27;[32mSave cf726c90-342c-4683-a5e3-8ece08fb56c2(uuid3825)
сент. 16, 2025 8:21:57 PM webapp.storage.AbstractStorage save
INFO: &amp#27;[32mSave 43c9b776-d346-4052-a1d1-9fe7c9217c1d(uuid3826)
сент. 16, 2025 8:21:57 PM webapp.storage.AbstractStorage save
INFO: &amp#27;[32mSave 176b7101-ab34-4b36-aada-0313fb6460a0(uuid3827)
сент. 16, 2025 8:21:57 PM webapp.storage.AbstractStorage save
INFO: &amp#27;[32mSave 9d67379d-efc5-429f-9f7e-b7407019c8f9(uuid3828)
сент. 16, 2025 8:21:57 PM webapp.storage.AbstractStorage save
INFO: &amp#27;[32mSave 9719e936-d6db-4c8f-80c1-11e78242a54a(uuid3829)
сент. 16, 2025 8:21:57 PM webapp.storage.AbstractStorage save
INFO: &amp#27;[32mSave ad10a583-f099-49f5-8c86-696aeea16df2(uuid3830)
сент. 16, 2025 8:21:57 PM webapp.storage.AbstractStorage save
INFO: &amp#27;[32mSave 2f9fa7f3-b21c-44ec-93cd-c28c50bd3275(uuid3831)
сент. 16, 2025 8:21:57 PM webapp.storage.AbstractStorage save
INFO: &amp#27;[32mSave 597ad4df-36a7-44b8-9541-73c95fec42b7(uuid3832)
сент. 16, 2025 8:21:57 PM webapp.storage.AbstractStorage save
INFO: &amp#27;[32mSave 5db5f191-f1f5-41f9-bd02-3df1e171283d(uuid3833)
сент. 16, 2025 8:21:57 PM webapp.storage.AbstractStorage save
INFO: &amp#27;[32mSave 2d10677b-9aa8-4c96-9833-b88152e867f6(uuid3834)
сент. 16, 2025 8:21:57 PM webapp.storage.AbstractStorage save
INFO: &amp#27;[32mSave 126cfb68-3af6-4050-8c33-71def338d411(uuid3835)
сент. 16, 2025 8:21:57 PM webapp.storage.AbstractStorage save
INFO: &amp#27;[32mSave 3dc30b0c-8090-4cf4-b2e9-05a7798722d8(uuid3836)
сент. 16, 2025 8:21:57 PM webapp.storage.AbstractStorage save
INFO: &amp#27;[32mSave e623ea06-f941-4320-b35f-886112cdf79a(uuid3837)
сент. 16, 2025 8:21:57 PM webapp.storage.AbstractStorage save
INFO: &amp#27;[32mSave 8341dc5d-aea9-4e54-a23b-80a8fb5cfb16(uuid3838)
сент. 16, 2025 8:21:57 PM webapp.storage.AbstractStorage save
INFO: &amp#27;[32mSave 61217670-6cff-4e61-81b2-69c570e91f76(uuid3839)
сент. 16, 2025 8:21:57 PM webapp.storage.AbstractStorage save
INFO: &amp#27;[32mSave fd3d3b80-fcc6-45cb-a29c-91fe765d6e18(uuid3840)
сент. 16, 2025 8:21:57 PM webapp.storage.AbstractStorage save
INFO: &amp#27;[32mSave f60ad980-a06a-4331-ba20-c1580df745f6(uuid3841)
сент. 16, 2025 8:21:57 PM webapp.storage.AbstractStorage save
INFO: &amp#27;[32mSave 2463f20e-ae77-44d2-b38d-1d602285231e(uuid3842)
сент. 16, 2025 8:21:57 PM webapp.storage.AbstractStorage save
INFO: &amp#27;[32mSave 7f690454-1798-4148-ad37-9b9c2dd6f8b7(uuid3843)
сент. 16, 2025 8:21:57 PM webapp.storage.AbstractStorage save
INFO: &amp#27;[32mSave 99a7221f-82c7-4a85-97b4-c8156f710e8f(uuid3844)
сент. 16, 2025 8:21:57 PM webapp.storage.AbstractStorage save
INFO: &amp#27;[32mSave 26c7a2e6-4099-4867-94cd-7335feb0cea5(uuid3845)
сент. 16, 2025 8:21:57 PM webapp.storage.AbstractStorage save
INFO: &amp#27;[32mSave 6befb20b-a32b-4fa6-a4b4-7632ba593f36(uuid3846)
сент. 16, 2025 8:21:57 PM webapp.storage.AbstractStorage save
INFO: &amp#27;[32mSave 821447b9-79cf-47d0-baab-dcca56aa7b39(uuid3847)
сент. 16, 2025 8:21:57 PM webapp.storage.AbstractStorage save
INFO: &amp#27;[32mSave b6aafe63-4a8f-4a95-9478-11e6074ace34(uuid3848)
сент. 16, 2025 8:21:57 PM webapp.storage.AbstractStorage save
INFO: &amp#27;[32mSave 10021272-8833-4847-a727-962decfae47a(uuid3849)
сент. 16, 2025 8:21:57 PM webapp.storage.AbstractStorage save
INFO: &amp#27;[32mSave f2575513-c5de-4f7a-812b-05ec9f2edb1e(uuid3850)
сент. 16, 2025 8:21:57 PM webapp.storage.AbstractStorage save
INFO: &amp#27;[32mSave d8aac5ba-ae6d-4a97-ae10-a75d4b35fde8(uuid3851)
сент. 16, 2025 8:21:57 PM webapp.storage.AbstractStorage save
INFO: &amp#27;[32mSave 6fe528ec-79ec-4910-ba46-ff1f932cb280(uuid3852)
сент. 16, 2025 8:21:57 PM webapp.storage.AbstractStorage save
INFO: &amp#27;[32mSave e4336e85-7f61-4a73-bad5-58682d3eedfa(uuid3853)
сент. 16, 2025 8:21:57 PM webapp.storage.AbstractStorage save
INFO: &amp#27;[32mSave c0a53367-4a37-411b-91ad-325692a899b0(uuid3854)
сент. 16, 2025 8:21:57 PM webapp.storage.AbstractStorage save
INFO: &amp#27;[32mSave 8a54ebd8-c84c-4f72-a382-1c737e52777c(uuid3855)
сент. 16, 2025 8:21:57 PM webapp.storage.AbstractStorage save
INFO: &amp#27;[32mSave 2905b2ce-c9ba-4fdf-8a60-e8f8200a71a0(uuid3856)
сент. 16, 2025 8:21:57 PM webapp.storage.AbstractStorage save
INFO: &amp#27;[32mSave cbb55b44-9058-4ddf-9706-9848271fea16(uuid3857)
сент. 16, 2025 8:21:57 PM webapp.storage.AbstractStorage save
INFO: &amp#27;[32mSave 10bf071c-820b-44f5-98a7-2812f5fc427d(uuid3858)
сент. 16, 2025 8:21:57 PM webapp.storage.AbstractStorage save
INFO: &amp#27;[32mSave b9bcccf4-e770-4218-92c2-f8c9fefa1128(uuid3859)
сент. 16, 2025 8:21:57 PM webapp.storage.AbstractStorage save
INFO: &amp#27;[32mSave 44d7d8a0-8c22-42bf-bf84-ec531362c09c(uuid3860)
сент. 16, 2025 8:21:57 PM webapp.storage.AbstractStorage save
INFO: &amp#27;[32mSave 740072c3-56f6-42e6-b0ae-f7477a91f4d3(uuid3861)
сент. 16, 2025 8:21:57 PM webapp.storage.AbstractStorage save
INFO: &amp#27;[32mSave 35132683-18d0-4d1d-a932-698181eaee6f(uuid3862)
сент. 16, 2025 8:21:57 PM webapp.storage.AbstractStorage save
INFO: &amp#27;[32mSave 018aa5db-ea66-467c-89f3-4c4918895265(uuid3863)
сент. 16, 2025 8:21:57 PM webapp.storage.AbstractStorage save
INFO: &amp#27;[32mSave 12db78d2-0163-4b1a-832b-b530f4941cef(uuid3864)
сент. 16, 2025 8:21:57 PM webapp.storage.AbstractStorage save
INFO: &amp#27;[32mSave 13140f05-d345-4dcb-beca-be731d6099dd(uuid3865)
сент. 16, 2025 8:21:57 PM webapp.storage.AbstractStorage save
INFO: &amp#27;[32mSave c350a117-21c0-477a-9f80-799bb569b07c(uuid3866)
сент. 16, 2025 8:21:57 PM webapp.storage.AbstractStorage save
INFO: &amp#27;[32mSave 8c7d0d91-a9a9-47cd-b21b-637dccb4abbe(uuid3867)
сент. 16, 2025 8:21:57 PM webapp.storage.AbstractStorage save
INFO: &amp#27;[32mSave 565d3627-47cb-44c8-952c-91430d64da01(uuid3868)
сент. 16, 2025 8:21:57 PM webapp.storage.AbstractStorage save
INFO: &amp#27;[32mSave c93ff98f-0e98-4c60-9f0d-899a1bdb2dae(uuid3869)
сент. 16, 2025 8:21:57 PM webapp.storage.AbstractStorage save
INFO: &amp#27;[32mSave 4c810df5-8842-418c-87ac-a7fa45867252(uuid3870)
сент. 16, 2025 8:21:57 PM webapp.storage.AbstractStorage save
INFO: &amp#27;[32mSave 44359ebd-9212-490a-8e97-d1e247c3b631(uuid3871)
сент. 16, 2025 8:21:57 PM webapp.storage.AbstractStorage save
INFO: &amp#27;[32mSave 9ed8743f-0895-4eb5-b3c7-90f93a8985e5(uuid3872)
сент. 16, 2025 8:21:57 PM webapp.storage.AbstractStorage save
INFO: &amp#27;[32mSave f67f327d-a2bb-4401-9214-0e0c55255030(uuid3873)
сент. 16, 2025 8:21:57 PM webapp.storage.AbstractStorage save
INFO: &amp#27;[32mSave 3030ff12-3190-4167-9a26-ff461ea87f29(uuid3874)
сент. 16, 2025 8:21:57 PM webapp.storage.AbstractStorage save
INFO: &amp#27;[32mSave e78377c6-ba1c-4bcb-9802-074a792b5823(uuid3875)
сент. 16, 2025 8:21:57 PM webapp.storage.AbstractStorage save
INFO: &amp#27;[32mSave 9080e241-ef32-4135-b0f5-0ec7aa1dd03f(uuid3876)
сент. 16, 2025 8:21:57 PM webapp.storage.AbstractStorage save
INFO: &amp#27;[32mSave 796dc8b5-8dbb-4400-a039-58c3e7501eaf(uuid3877)
сент. 16, 2025 8:21:57 PM webapp.storage.AbstractStorage save
INFO: &amp#27;[32mSave 1a0fead9-1ee0-4d0c-bdc0-aea9802977e8(uuid3878)
сент. 16, 2025 8:21:57 PM webapp.storage.AbstractStorage save
INFO: &amp#27;[32mSave 0e6f25ae-d59c-4ca3-92c3-abc92710935a(uuid3879)
сент. 16, 2025 8:21:57 PM webapp.storage.AbstractStorage save
INFO: &amp#27;[32mSave 5c7b6157-2e64-4809-b5c0-9632747ac522(uuid3880)
сент. 16, 2025 8:21:57 PM webapp.storage.AbstractStorage save
INFO: &amp#27;[32mSave 9451ca3a-8121-4303-a425-fb108e59f0d3(uuid3881)
сент. 16, 2025 8:21:57 PM webapp.storage.AbstractStorage save
INFO: &amp#27;[32mSave 134e6802-2d29-4674-8655-09496164605f(uuid3882)
сент. 16, 2025 8:21:57 PM webapp.storage.AbstractStorage save
INFO: &amp#27;[32mSave b418a5be-7914-4322-90e8-c2eed7bdcbd1(uuid3883)
сент. 16, 2025 8:21:57 PM webapp.storage.AbstractStorage save
INFO: &amp#27;[32mSave 7a44069e-5cb2-4cdf-87e9-8d6ec1285f90(uuid3884)
сент. 16, 2025 8:21:57 PM webapp.storage.AbstractStorage save
INFO: &amp#27;[32mSave b1253ac0-c6f0-4932-a822-683e6a0538b7(uuid3885)
сент. 16, 2025 8:21:57 PM webapp.storage.AbstractStorage save
INFO: &amp#27;[32mSave 8fa8b414-7751-4394-a6d2-b1aa04f2ecef(uuid3886)
сент. 16, 2025 8:21:57 PM webapp.storage.AbstractStorage save
INFO: &amp#27;[32mSave a604135f-c949-4a5f-882a-16579397634e(uuid3887)
сент. 16, 2025 8:21:57 PM webapp.storage.AbstractStorage save
INFO: &amp#27;[32mSave eade708b-de1a-47c2-bd20-711d9da2d0f7(uuid3888)
сент. 16, 2025 8:21:57 PM webapp.storage.AbstractStorage save
INFO: &amp#27;[32mSave 31a08da3-7e8f-4199-bf3a-0c2db29e6d4b(uuid3889)
сент. 16, 2025 8:21:57 PM webapp.storage.AbstractStorage save
INFO: &amp#27;[32mSave 3f7791ed-427a-45d5-adcc-b1081c35fb32(uuid3890)
сент. 16, 2025 8:21:57 PM webapp.storage.AbstractStorage save
INFO: &amp#27;[32mSave a8980136-351e-48f6-99a5-bc518e62cade(uuid3891)
сент. 16, 2025 8:21:57 PM webapp.storage.AbstractStorage save
INFO: &amp#27;[32mSave 8dbf4b54-b3ad-46c9-a736-073c785c2e21(uuid3892)
сент. 16, 2025 8:21:57 PM webapp.storage.AbstractStorage save
INFO: &amp#27;[32mSave d81da5b2-f94b-4efe-a154-fad425febc3d(uuid3893)
сент. 16, 2025 8:21:57 PM webapp.storage.AbstractStorage save
INFO: &amp#27;[32mSave deec517e-2839-40c9-a26f-febd7b773ed6(uuid3894)
сент. 16, 2025 8:21:57 PM webapp.storage.AbstractStorage save
INFO: &amp#27;[32mSave 37aa9936-77c1-4d72-a72e-c8417d9023f7(uuid3895)
сент. 16, 2025 8:21:57 PM webapp.storage.AbstractStorage save
INFO: &amp#27;[32mSave 2f0d5e41-c9f5-4709-a33d-0775ff6ad0ff(uuid3896)
сент. 16, 2025 8:21:57 PM webapp.storage.AbstractStorage save
INFO: &amp#27;[32mSave a2d734dc-8eec-4c6f-ba62-d82b5913830c(uuid3897)
сент. 16, 2025 8:21:57 PM webapp.storage.AbstractStorage save
INFO: &amp#27;[32mSave d52268f0-bc4c-4077-94b9-c946f508633a(uuid3898)
сент. 16, 2025 8:21:57 PM webapp.storage.AbstractStorage save
INFO: &amp#27;[32mSave 357fa11a-d2ef-493f-b3a9-3d2e56af09aa(uuid3899)
сент. 16, 2025 8:21:57 PM webapp.storage.AbstractStorage save
INFO: &amp#27;[32mSave f2a551e2-9635-4590-82c4-2880790c7d58(uuid3900)
сент. 16, 2025 8:21:57 PM webapp.storage.AbstractStorage save
INFO: &amp#27;[32mSave 824903f2-901a-4fad-9d0e-a03edb04fe85(uuid3901)
сент. 16, 2025 8:21:57 PM webapp.storage.AbstractStorage save
INFO: &amp#27;[32mSave 427fe422-8245-41de-b3af-ae8f00b851b2(uuid3902)
сент. 16, 2025 8:21:57 PM webapp.storage.AbstractStorage save
INFO: &amp#27;[32mSave b2122309-f2b0-4075-a094-3b1e57cf0318(uuid3903)
сент. 16, 2025 8:21:57 PM webapp.storage.AbstractStorage save
INFO: &amp#27;[32mSave ee1df125-6392-496a-ba3f-676fc6f30d59(uuid3904)
сент. 16, 2025 8:21:57 PM webapp.storage.AbstractStorage save
INFO: &amp#27;[32mSave 778be636-e859-4e78-8d15-134c9e286061(uuid3905)
сент. 16, 2025 8:21:57 PM webapp.storage.AbstractStorage save
INFO: &amp#27;[32mSave d8a29a5c-4e5c-4957-afb9-9a1faffb980b(uuid3906)
сент. 16, 2025 8:21:57 PM webapp.storage.AbstractStorage save
INFO: &amp#27;[32mSave a7b40943-90aa-4ed3-8ce0-175a75bb068a(uuid3907)
сент. 16, 2025 8:21:57 PM webapp.storage.AbstractStorage save
INFO: &amp#27;[32mSave 77b847ee-764b-476c-bf09-abb2463e4152(uuid3908)
сент. 16, 2025 8:21:57 PM webapp.storage.AbstractStorage save
INFO: &amp#27;[32mSave d0bd7259-71d1-4840-8180-fc5ef5e5a579(uuid3909)
сент. 16, 2025 8:21:57 PM webapp.storage.AbstractStorage save
INFO: &amp#27;[32mSave fac0ace1-f801-4808-92bf-dd874329e123(uuid3910)
сент. 16, 2025 8:21:57 PM webapp.storage.AbstractStorage save
INFO: &amp#27;[32mSave 5c5bfd36-df73-49d4-9761-2849ea1d30f4(uuid3911)
сент. 16, 2025 8:21:57 PM webapp.storage.AbstractStorage save
INFO: &amp#27;[32mSave c59bf102-3109-4420-a48a-18c9a470fed1(uuid3912)
сент. 16, 2025 8:21:57 PM webapp.storage.AbstractStorage save
INFO: &amp#27;[32mSave 94238f52-c1cf-45cd-b1d3-0686f1d40913(uuid3913)
сент. 16, 2025 8:21:57 PM webapp.storage.AbstractStorage save
INFO: &amp#27;[32mSave 9de282fa-eb62-4885-90ea-236bc15226b4(uuid3914)
сент. 16, 2025 8:21:57 PM webapp.storage.AbstractStorage save
INFO: &amp#27;[32mSave 621ca946-cb5b-4669-9f0b-472d1cf200a1(uuid3915)
сент. 16, 2025 8:21:57 PM webapp.storage.AbstractStorage save
INFO: &amp#27;[32mSave 294e670d-6a15-468e-9fe3-fc674da9014c(uuid3916)
сент. 16, 2025 8:21:57 PM webapp.storage.AbstractStorage save
INFO: &amp#27;[32mSave 22731617-2153-4aed-9637-6338b8b0db55(uuid3917)
сент. 16, 2025 8:21:57 PM webapp.storage.AbstractStorage save
INFO: &amp#27;[32mSave 2568352b-045a-4cb7-91e9-cb35a4f1e782(uuid3918)
сент. 16, 2025 8:21:57 PM webapp.storage.AbstractStorage save
INFO: &amp#27;[32mSave b24c58c8-fc4f-4af3-b66e-47ab5ef56b58(uuid3919)
сент. 16, 2025 8:21:57 PM webapp.storage.AbstractStorage save
INFO: &amp#27;[32mSave a379cca7-c25d-4582-970a-2be22c803829(uuid3920)
сент. 16, 2025 8:21:57 PM webapp.storage.AbstractStorage save
INFO: &amp#27;[32mSave 6bdb081b-9f4b-4071-ab4e-2e4950e91cce(uuid3921)
сент. 16, 2025 8:21:57 PM webapp.storage.AbstractStorage save
INFO: &amp#27;[32mSave 4104bbf2-23e4-433f-8742-4f9a855879ac(uuid3922)
сент. 16, 2025 8:21:57 PM webapp.storage.AbstractStorage save
INFO: &amp#27;[32mSave 4e688e94-80e9-4d6d-a5fb-96bbdae2c077(uuid3923)
сент. 16, 2025 8:21:57 PM webapp.storage.AbstractStorage save
INFO: &amp#27;[32mSave 758f58b2-37fa-46ad-bf32-7a30ca65bf55(uuid3924)
сент. 16, 2025 8:21:57 PM webapp.storage.AbstractStorage save
INFO: &amp#27;[32mSave b95133a4-92d5-44ee-b459-248e94674088(uuid3925)
сент. 16, 2025 8:21:57 PM webapp.storage.AbstractStorage save
INFO: &amp#27;[32mSave 746d2e5a-e575-4e11-bdf4-8ad0cdf37679(uuid3926)
сент. 16, 2025 8:21:57 PM webapp.storage.AbstractStorage save
INFO: &amp#27;[32mSave e5ebc972-c1a1-44f1-a408-9133327cd3df(uuid3927)
сент. 16, 2025 8:21:57 PM webapp.storage.AbstractStorage save
INFO: &amp#27;[32mSave ad3c1b2b-976f-40fa-b4a4-addc59478559(uuid3928)
сент. 16, 2025 8:21:57 PM webapp.storage.AbstractStorage save
INFO: &amp#27;[32mSave 4769ac71-8273-4bad-8491-6a25a7e7aa92(uuid3929)
сент. 16, 2025 8:21:57 PM webapp.storage.AbstractStorage save
INFO: &amp#27;[32mSave c5979e7b-08fa-43bd-9308-e88f534b7360(uuid3930)
сент. 16, 2025 8:21:57 PM webapp.storage.AbstractStorage save
INFO: &amp#27;[32mSave c632130f-96ce-4e76-9716-d11e5f762be0(uuid3931)
сент. 16, 2025 8:21:57 PM webapp.storage.AbstractStorage save
INFO: &amp#27;[32mSave 72809de5-d842-47be-8039-31e761328b7b(uuid3932)
сент. 16, 2025 8:21:57 PM webapp.storage.AbstractStorage save
INFO: &amp#27;[32mSave 9651f6e4-b750-4bb0-8302-9474c1b98c5b(uuid3933)
сент. 16, 2025 8:21:57 PM webapp.storage.AbstractStorage save
INFO: &amp#27;[32mSave 1e513381-1301-4b7c-b1d4-2fb6cd86d83d(uuid3934)
сент. 16, 2025 8:21:57 PM webapp.storage.AbstractStorage save
INFO: &amp#27;[32mSave c8962201-100d-49a0-9435-6aff61065e4b(uuid3935)
сент. 16, 2025 8:21:57 PM webapp.storage.AbstractStorage save
INFO: &amp#27;[32mSave 7cbcc6eb-746b-4eec-8fca-7559d8c7eb47(uuid3936)
сент. 16, 2025 8:21:57 PM webapp.storage.AbstractStorage save
INFO: &amp#27;[32mSave 26289ec0-c542-4728-8dea-9edcc11fa1d5(uuid3937)
сент. 16, 2025 8:21:57 PM webapp.storage.AbstractStorage save
INFO: &amp#27;[32mSave 504111f1-fd8f-4269-a08c-0532863f59b6(uuid3938)
сент. 16, 2025 8:21:57 PM webapp.storage.AbstractStorage save
INFO: &amp#27;[32mSave 0a2ae788-47c9-445b-808a-9792e5be3840(uuid3939)
сент. 16, 2025 8:21:57 PM webapp.storage.AbstractStorage save
INFO: &amp#27;[32mSave 19b1294b-2056-4e6b-b302-155f0ab43c2e(uuid3940)
сент. 16, 2025 8:21:57 PM webapp.storage.AbstractStorage save
INFO: &amp#27;[32mSave 8224ab3c-1821-4efa-9e3b-990ffd1bf9e0(uuid3941)
сент. 16, 2025 8:21:57 PM webapp.storage.AbstractStorage save
INFO: &amp#27;[32mSave 81934afc-be0c-4d3b-b480-d0d9a97f062d(uuid3942)
сент. 16, 2025 8:21:57 PM webapp.storage.AbstractStorage save
INFO: &amp#27;[32mSave 0ac7096f-dbb0-421b-887c-394fe1551270(uuid3943)
сент. 16, 2025 8:21:57 PM webapp.storage.AbstractStorage save
INFO: &amp#27;[32mSave 6ea4dd31-ec30-4f0e-9562-fdac24499046(uuid3944)
сент. 16, 2025 8:21:57 PM webapp.storage.AbstractStorage save
INFO: &amp#27;[32mSave 0a032b4f-5db1-47f6-abf0-5fffcf09b71a(uuid3945)
сент. 16, 2025 8:21:57 PM webapp.storage.AbstractStorage save
INFO: &amp#27;[32mSave 5d64b19a-769b-48ca-91cb-bd9e20bfc8ed(uuid3946)
сент. 16, 2025 8:21:57 PM webapp.storage.AbstractStorage save
INFO: &amp#27;[32mSave 7471dd0d-5539-4032-b2e0-0911a33abf7c(uuid3947)
сент. 16, 2025 8:21:57 PM webapp.storage.AbstractStorage save
INFO: &amp#27;[32mSave e9f13326-c389-4683-9af2-211374c06c6b(uuid3948)
сент. 16, 2025 8:21:57 PM webapp.storage.AbstractStorage save
INFO: &amp#27;[32mSave 78eae2f6-ea80-487c-abd2-bcea4cc3c2e6(uuid3949)
сент. 16, 2025 8:21:57 PM webapp.storage.AbstractStorage save
INFO: &amp#27;[32mSave 9e3ad09a-43d9-4654-8662-da4e5b946797(uuid3950)
сент. 16, 2025 8:21:57 PM webapp.storage.AbstractStorage save
INFO: &amp#27;[32mSave e73c7967-54e1-43a5-9fb7-a3f85a77024c(uuid3951)
сент. 16, 2025 8:21:57 PM webapp.storage.AbstractStorage save
INFO: &amp#27;[32mSave 710a921d-ed3c-4ecf-acf0-bd2e320bba6c(uuid3952)
сент. 16, 2025 8:21:57 PM webapp.storage.AbstractStorage save
INFO: &amp#27;[32mSave a9c103af-530a-4fc3-8c3d-9f68bcd42fd9(uuid3953)
сент. 16, 2025 8:21:57 PM webapp.storage.AbstractStorage save
INFO: &amp#27;[32mSave 6f7bbe4d-c719-41a6-ac2f-b10662b7cc74(uuid3954)
сент. 16, 2025 8:21:57 PM webapp.storage.AbstractStorage save
INFO: &amp#27;[32mSave 38ba2716-13ea-4200-9cb9-7953fd89538a(uuid3955)
сент. 16, 2025 8:21:57 PM webapp.storage.AbstractStorage save
INFO: &amp#27;[32mSave 93996352-046f-4f60-823a-7053abbe0941(uuid3956)
сент. 16, 2025 8:21:57 PM webapp.storage.AbstractStorage save
INFO: &amp#27;[32mSave 32812a2d-1a40-4b34-89d8-2d617efadc96(uuid3957)
сент. 16, 2025 8:21:57 PM webapp.storage.AbstractStorage save
INFO: &amp#27;[32mSave 52427003-1524-4629-b69b-1973d28b04be(uuid3958)
сент. 16, 2025 8:21:57 PM webapp.storage.AbstractStorage save
INFO: &amp#27;[32mSave f6a32254-2254-41a2-a7d4-e4d0bf1063cd(uuid3959)
сент. 16, 2025 8:21:57 PM webapp.storage.AbstractStorage save
INFO: &amp#27;[32mSave 4b2e38e3-0fe4-4b49-b477-58244d31e7a0(uuid3960)
сент. 16, 2025 8:21:57 PM webapp.storage.AbstractStorage save
INFO: &amp#27;[32mSave 46f9f58a-0323-4f88-b282-4875524fc85d(uuid3961)
сент. 16, 2025 8:21:57 PM webapp.storage.AbstractStorage save
INFO: &amp#27;[32mSave e8db2f17-4132-45ca-9c98-4f82294d1148(uuid3962)
сент. 16, 2025 8:21:57 PM webapp.storage.AbstractStorage save
INFO: &amp#27;[32mSave a94c94df-df7c-406c-b7d7-ba4b4d1a2bd1(uuid3963)
сент. 16, 2025 8:21:57 PM webapp.storage.AbstractStorage save
INFO: &amp#27;[32mSave 3d79530c-c714-4c04-abbe-ed80f7303d7e(uuid3964)
сент. 16, 2025 8:21:57 PM webapp.storage.AbstractStorage save
INFO: &amp#27;[32mSave 2398f4ba-94a3-4871-97f6-a69009ad9e61(uuid3965)
сент. 16, 2025 8:21:57 PM webapp.storage.AbstractStorage save
INFO: &amp#27;[32mSave 55f45eb9-d6d3-438a-8f35-edc5cc143bc2(uuid3966)
сент. 16, 2025 8:21:57 PM webapp.storage.AbstractStorage save
INFO: &amp#27;[32mSave 17d4c04c-97b5-4562-a580-76ac3049b66b(uuid3967)
сент. 16, 2025 8:21:57 PM webapp.storage.AbstractStorage save
INFO: &amp#27;[32mSave bec14c87-b6a0-4b1d-acf3-72b68380ed3e(uuid3968)
сент. 16, 2025 8:21:57 PM webapp.storage.AbstractStorage save
INFO: &amp#27;[32mSave f8e3eee3-3402-47f7-a4c1-07012f402e14(uuid3969)
сент. 16, 2025 8:21:57 PM webapp.storage.AbstractStorage save
INFO: &amp#27;[32mSave bdb33422-a9c2-43e7-9ee5-7a57bf4a52b5(uuid3970)
сент. 16, 2025 8:21:57 PM webapp.storage.AbstractStorage save
INFO: &amp#27;[32mSave 105d570d-385d-4f0b-86e6-def6002f05b4(uuid3971)
сент. 16, 2025 8:21:57 PM webapp.storage.AbstractStorage save
INFO: &amp#27;[32mSave 3a36809d-8224-4ac8-8855-f52950af73f3(uuid3972)
сент. 16, 2025 8:21:57 PM webapp.storage.AbstractStorage save
INFO: &amp#27;[32mSave 6b3961b7-25d4-422f-b1b9-eccc0b493825(uuid3973)
сент. 16, 2025 8:21:57 PM webapp.storage.AbstractStorage save
INFO: &amp#27;[32mSave 0d1f3dcd-663f-4f00-ac58-2eb98a01242c(uuid3974)
сент. 16, 2025 8:21:57 PM webapp.storage.AbstractStorage save
INFO: &amp#27;[32mSave 5544005e-2264-4b8d-badc-1df9c88cb67a(uuid3975)
сент. 16, 2025 8:21:57 PM webapp.storage.AbstractStorage save
INFO: &amp#27;[32mSave 98842bb6-a22e-43d5-81cf-762377acb2d3(uuid3976)
сент. 16, 2025 8:21:57 PM webapp.storage.AbstractStorage save
INFO: &amp#27;[32mSave 6367fd7e-37bc-4b85-b972-fd71d73bf235(uuid3977)
сент. 16, 2025 8:21:57 PM webapp.storage.AbstractStorage save
INFO: &amp#27;[32mSave d34247da-7d69-49e1-9a13-4ffe5153400a(uuid3978)
сент. 16, 2025 8:21:57 PM webapp.storage.AbstractStorage save
INFO: &amp#27;[32mSave 3f08e7bb-e77c-4b07-8e3c-1ca39c8b8141(uuid3979)
сент. 16, 2025 8:21:57 PM webapp.storage.AbstractStorage save
INFO: &amp#27;[32mSave 590fc404-e512-49fa-94ed-43cb2dccb968(uuid3980)
сент. 16, 2025 8:21:57 PM webapp.storage.AbstractStorage save
INFO: &amp#27;[32mSave 50d09b6c-6f1c-4215-907c-60fd03b0b8db(uuid3981)
сент. 16, 2025 8:21:57 PM webapp.storage.AbstractStorage save
INFO: &amp#27;[32mSave 399b89f0-76d8-492f-9ef8-22fc18c7167f(uuid3982)
сент. 16, 2025 8:21:57 PM webapp.storage.AbstractStorage save
INFO: &amp#27;[32mSave 759a7ecf-e8e6-4f68-9ed3-c4036483fb1e(uuid3983)
сент. 16, 2025 8:21:57 PM webapp.storage.AbstractStorage save
INFO: &amp#27;[32mSave 3554a53a-7de7-4db3-a035-59a1c21157ec(uuid3984)
сент. 16, 2025 8:21:57 PM webapp.storage.AbstractStorage save
INFO: &amp#27;[32mSave cc303be3-5d27-4887-b7e5-69c70b6220f7(uuid3985)
сент. 16, 2025 8:21:57 PM webapp.storage.AbstractStorage save
INFO: &amp#27;[32mSave 7adfa600-6156-4bfb-84cb-59aae4183399(uuid3986)
сент. 16, 2025 8:21:57 PM webapp.storage.AbstractStorage save
INFO: &amp#27;[32mSave 614d6083-7190-41ae-a72d-b987e433d602(uuid3987)
сент. 16, 2025 8:21:57 PM webapp.storage.AbstractStorage save
INFO: &amp#27;[32mSave 977740e3-8fe7-4b73-9aca-a43be032372c(uuid3988)
сент. 16, 2025 8:21:57 PM webapp.storage.AbstractStorage save
INFO: &amp#27;[32mSave 28a603d8-f680-4f8f-a6ce-376d67ccce8b(uuid3989)
сент. 16, 2025 8:21:57 PM webapp.storage.AbstractStorage save
INFO: &amp#27;[32mSave bce4115e-8b05-4bd4-9bb6-f5f8319d2d54(uuid3990)
сент. 16, 2025 8:21:57 PM webapp.storage.AbstractStorage save
INFO: &amp#27;[32mSave 65ca1d6c-20ae-4a02-ab0a-d2f299376a88(uuid3991)
сент. 16, 2025 8:21:57 PM webapp.storage.AbstractStorage save
INFO: &amp#27;[32mSave 88e7baef-a622-48e0-b3d5-66088e0b3968(uuid3992)
сент. 16, 2025 8:21:57 PM webapp.storage.AbstractStorage save
INFO: &amp#27;[32mSave 7203ca15-43fd-476b-90c0-c2b3739d5e7d(uuid3993)
сент. 16, 2025 8:21:57 PM webapp.storage.AbstractStorage save
INFO: &amp#27;[32mSave 86bc08ee-9fde-45a9-9aab-09d55ea8ed3a(uuid3994)
сент. 16, 2025 8:21:57 PM webapp.storage.AbstractStorage save
INFO: &amp#27;[32mSave 18ca597a-506c-45e4-a4f7-5fc2391e5a26(uuid3995)
сент. 16, 2025 8:21:57 PM webapp.storage.AbstractStorage save
INFO: &amp#27;[32mSave 0308366f-a3a9-4c6b-a354-685e9d4334fc(uuid3996)
сент. 16, 2025 8:21:57 PM webapp.storage.AbstractStorage save
INFO: &amp#27;[32mSave 8c43b890-be5f-4559-9353-88be3a105de6(uuid3997)
сент. 16, 2025 8:21:57 PM webapp.storage.AbstractStorage save
INFO: &amp#27;[32mSave 8e12af62-929f-4d87-aedc-f46400cd8f27(uuid3998)
сент. 16, 2025 8:21:57 PM webapp.storage.AbstractStorage save
INFO: &amp#27;[32mSave 065b5090-59c0-44b2-b394-70939e2980d3(uuid3999)
сент. 16, 2025 8:21:57 PM webapp.storage.AbstractStorage save
INFO: &amp#27;[32mSave 45368f12-730d-4371-8370-674f132325a5(uuid4000)
сент. 16, 2025 8:21:57 PM webapp.storage.AbstractStorage save
INFO: &amp#27;[32mSave 54d42daf-94f0-4568-bb90-e7876817b8b2(uuid4001)
сент. 16, 2025 8:21:57 PM webapp.storage.AbstractStorage save
INFO: &amp#27;[32mSave e760188f-99e3-46d5-9e4b-852a4317927e(uuid4002)
сент. 16, 2025 8:21:57 PM webapp.storage.AbstractStorage save
INFO: &amp#27;[32mSave 4f4e5965-51d0-465a-a96e-45e9b77fd22f(uuid4003)
сент. 16, 2025 8:21:57 PM webapp.storage.AbstractStorage save
INFO: &amp#27;[32mSave 2f8b69f6-02dc-493b-94ec-26d99a9261a7(uuid4004)
сент. 16, 2025 8:21:57 PM webapp.storage.AbstractStorage save
INFO: &amp#27;[32mSave b48c7418-bd45-4a6a-9cf8-dec27d6f3464(uuid4005)
сент. 16, 2025 8:21:57 PM webapp.storage.AbstractStorage save
INFO: &amp#27;[32mSave d3f2f571-9a00-4350-956b-5c7a0e63f14a(uuid4006)
сент. 16, 2025 8:21:57 PM webapp.storage.AbstractStorage save
INFO: &amp#27;[32mSave f8d40dd2-bd03-41c8-85e4-5441a41cf603(uuid4007)
сент. 16, 2025 8:21:57 PM webapp.storage.AbstractStorage save
INFO: &amp#27;[32mSave ee5d0885-9048-4e28-a367-1fdc8ee37bd7(uuid4008)
сент. 16, 2025 8:21:57 PM webapp.storage.AbstractStorage save
INFO: &amp#27;[32mSave 4acf6253-6350-4881-82c8-a4c93cd2c9da(uuid4009)
сент. 16, 2025 8:21:57 PM webapp.storage.AbstractStorage save
INFO: &amp#27;[32mSave 9845ee56-8665-47ed-8ad4-aebac75f4d4a(uuid4010)
сент. 16, 2025 8:21:57 PM webapp.storage.AbstractStorage save
INFO: &amp#27;[32mSave b5e003c8-38d9-497c-b73f-24c1eea21f80(uuid4011)
сент. 16, 2025 8:21:57 PM webapp.storage.AbstractStorage save
INFO: &amp#27;[32mSave f130c6e6-31a8-475d-92d8-723375f8f894(uuid4012)
сент. 16, 2025 8:21:57 PM webapp.storage.AbstractStorage save
INFO: &amp#27;[32mSave 974dd3ea-4f63-4681-992f-20db46e280ec(uuid4013)
сент. 16, 2025 8:21:57 PM webapp.storage.AbstractStorage save
INFO: &amp#27;[32mSave 08d9a074-78b8-408e-8400-97d37eb9882c(uuid4014)
сент. 16, 2025 8:21:57 PM webapp.storage.AbstractStorage save
INFO: &amp#27;[32mSave 4773b9f2-1878-409d-8ac2-53628e589516(uuid4015)
сент. 16, 2025 8:21:57 PM webapp.storage.AbstractStorage save
INFO: &amp#27;[32mSave 2764cd8c-9b28-4d8e-b856-7945a7a83ea5(uuid4016)
сент. 16, 2025 8:21:57 PM webapp.storage.AbstractStorage save
INFO: &amp#27;[32mSave 2a3f6c8b-dc34-4b4d-ac4b-9911c73a5e45(uuid4017)
сент. 16, 2025 8:21:57 PM webapp.storage.AbstractStorage save
INFO: &amp#27;[32mSave 9119f1f3-e3b2-4598-9df5-40ae37c7c8b1(uuid4018)
сент. 16, 2025 8:21:57 PM webapp.storage.AbstractStorage save
INFO: &amp#27;[32mSave daf52bf3-e4ca-4674-afdf-b490f791db42(uuid4019)
сент. 16, 2025 8:21:57 PM webapp.storage.AbstractStorage save
INFO: &amp#27;[32mSave 028ccbc6-7a10-4ddd-a060-b4a9d74c8172(uuid4020)
сент. 16, 2025 8:21:57 PM webapp.storage.AbstractStorage save
INFO: &amp#27;[32mSave 7c934cde-c497-4d1d-9da1-923fd01a73a6(uuid4021)
сент. 16, 2025 8:21:57 PM webapp.storage.AbstractStorage save
INFO: &amp#27;[32mSave 5dda5851-6140-4447-8520-8957aafb6095(uuid4022)
сент. 16, 2025 8:21:57 PM webapp.storage.AbstractStorage save
INFO: &amp#27;[32mSave fcc09149-68ff-4cfd-9fbb-4d9ba821cadd(uuid4023)
сент. 16, 2025 8:21:57 PM webapp.storage.AbstractStorage save
INFO: &amp#27;[32mSave 5beaa590-ed43-4a13-a31e-3826cd186001(uuid4024)
сент. 16, 2025 8:21:57 PM webapp.storage.AbstractStorage save
INFO: &amp#27;[32mSave 26393b12-8326-4c40-af90-5e8de8fc58c0(uuid4025)
сент. 16, 2025 8:21:57 PM webapp.storage.AbstractStorage save
INFO: &amp#27;[32mSave 33a10f53-bb0a-44be-90ca-4a122701539a(uuid4026)
сент. 16, 2025 8:21:57 PM webapp.storage.AbstractStorage save
INFO: &amp#27;[32mSave 039681c8-aeb5-48b1-8df0-d7bb26b08020(uuid4027)
сент. 16, 2025 8:21:57 PM webapp.storage.AbstractStorage save
INFO: &amp#27;[32mSave 788d4771-20e9-4238-b098-b140f6101594(uuid4028)
сент. 16, 2025 8:21:57 PM webapp.storage.AbstractStorage save
INFO: &amp#27;[32mSave a6509a5e-8e29-4e06-a7be-5245d25f54b3(uuid4029)
сент. 16, 2025 8:21:57 PM webapp.storage.AbstractStorage save
INFO: &amp#27;[32mSave 7c38ef5a-a589-44ae-b168-b3f424b7c511(uuid4030)
сент. 16, 2025 8:21:57 PM webapp.storage.AbstractStorage save
INFO: &amp#27;[32mSave 218d56c8-6fe4-43ac-bb74-46331435cb46(uuid4031)
сент. 16, 2025 8:21:57 PM webapp.storage.AbstractStorage save
INFO: &amp#27;[32mSave 00c854fe-6bc5-4a13-a850-3dd1241bf906(uuid4032)
сент. 16, 2025 8:21:57 PM webapp.storage.AbstractStorage save
INFO: &amp#27;[32mSave 43d34e06-b338-42c3-be7c-3e4a9861bab8(uuid4033)
сент. 16, 2025 8:21:57 PM webapp.storage.AbstractStorage save
INFO: &amp#27;[32mSave 5744f7f3-cf74-443f-baa2-c7a827f13b99(uuid4034)
сент. 16, 2025 8:21:57 PM webapp.storage.AbstractStorage save
INFO: &amp#27;[32mSave e557051b-e750-47b2-b53f-7def5abb9394(uuid4035)
сент. 16, 2025 8:21:57 PM webapp.storage.AbstractStorage save
INFO: &amp#27;[32mSave 602f8a2e-5a58-4f81-9f7f-37eadf49ee90(uuid4036)
сент. 16, 2025 8:21:57 PM webapp.storage.AbstractStorage save
INFO: &amp#27;[32mSave 2bc9d9bb-933e-432a-84b9-9d92b9262426(uuid4037)
сент. 16, 2025 8:21:57 PM webapp.storage.AbstractStorage save
INFO: &amp#27;[32mSave 79a8be19-8c6a-4036-97e6-357fdbc31ba2(uuid4038)
сент. 16, 2025 8:21:57 PM webapp.storage.AbstractStorage save
INFO: &amp#27;[32mSave 1ff3572a-a3bd-4d36-834c-3c3f09942c0a(uuid4039)
сент. 16, 2025 8:21:57 PM webapp.storage.AbstractStorage save
INFO: &amp#27;[32mSave 71bf217b-c4e6-48d0-a137-8b4c380fd9d5(uuid4040)
сент. 16, 2025 8:21:57 PM webapp.storage.AbstractStorage save
INFO: &amp#27;[32mSave 751523f6-0a36-4f48-82fb-70ee2bb4b79e(uuid4041)
сент. 16, 2025 8:21:57 PM webapp.storage.AbstractStorage save
INFO: &amp#27;[32mSave b2ce9009-72e4-4d85-886d-6fcbd3c6c3e4(uuid4042)
сент. 16, 2025 8:21:57 PM webapp.storage.AbstractStorage save
INFO: &amp#27;[32mSave 1d962e61-ec88-4ded-a5b1-6f7c8f6f7357(uuid4043)
сент. 16, 2025 8:21:57 PM webapp.storage.AbstractStorage save
INFO: &amp#27;[32mSave 79d35c28-d96f-4410-bdc2-05eeb528a196(uuid4044)
сент. 16, 2025 8:21:57 PM webapp.storage.AbstractStorage save
INFO: &amp#27;[32mSave d64ed1e4-e1da-49bf-877e-bf41872cb513(uuid4045)
сент. 16, 2025 8:21:57 PM webapp.storage.AbstractStorage save
INFO: &amp#27;[32mSave e97e3e4b-1dad-4fea-bc4c-9c998320597a(uuid4046)
сент. 16, 2025 8:21:57 PM webapp.storage.AbstractStorage save
INFO: &amp#27;[32mSave f32141e2-0da9-4547-8974-499e25b5803d(uuid4047)
сент. 16, 2025 8:21:57 PM webapp.storage.AbstractStorage save
INFO: &amp#27;[32mSave 6d37cf47-60e3-4e52-b1ad-d1bc6d85a3c4(uuid4048)
сент. 16, 2025 8:21:57 PM webapp.storage.AbstractStorage save
INFO: &amp#27;[32mSave d61ccc00-2c42-4669-ac2b-64dd4b4152c9(uuid4049)
сент. 16, 2025 8:21:57 PM webapp.storage.AbstractStorage save
INFO: &amp#27;[32mSave 8ebff6e0-23f5-49f6-9d2b-1b5bc4c7b6ff(uuid4050)
сент. 16, 2025 8:21:57 PM webapp.storage.AbstractStorage save
INFO: &amp#27;[32mSave 7a0a419a-1146-48d0-b235-603aa9332d31(uuid4051)
сент. 16, 2025 8:21:57 PM webapp.storage.AbstractStorage save
INFO: &amp#27;[32mSave 2fa62456-375d-431a-8353-8bdec9e858f4(uuid4052)
сент. 16, 2025 8:21:57 PM webapp.storage.AbstractStorage save
INFO: &amp#27;[32mSave e4cc2297-0ab4-4e6e-b179-9f98e26db2f3(uuid4053)
сент. 16, 2025 8:21:57 PM webapp.storage.AbstractStorage save
INFO: &amp#27;[32mSave 841af083-1260-4187-880d-49d702337037(uuid4054)
сент. 16, 2025 8:21:57 PM webapp.storage.AbstractStorage save
INFO: &amp#27;[32mSave e603e9a8-65c4-41b8-af66-23cbf4819f55(uuid4055)
сент. 16, 2025 8:21:57 PM webapp.storage.AbstractStorage save
INFO: &amp#27;[32mSave 1ce73c38-dc09-4ac5-9526-d26e12c5b851(uuid4056)
сент. 16, 2025 8:21:57 PM webapp.storage.AbstractStorage save
INFO: &amp#27;[32mSave 927602ea-5e67-4fec-9e27-59ffd3edf967(uuid4057)
сент. 16, 2025 8:21:57 PM webapp.storage.AbstractStorage save
INFO: &amp#27;[32mSave f5d5b870-f30f-440a-a7a4-112be944a74f(uuid4058)
сент. 16, 2025 8:21:57 PM webapp.storage.AbstractStorage save
INFO: &amp#27;[32mSave 451bf26f-732f-4f7c-9ab6-896ea243edf7(uuid4059)
сент. 16, 2025 8:21:57 PM webapp.storage.AbstractStorage save
INFO: &amp#27;[32mSave 7f26a898-865a-412c-a1f5-070534eb95d2(uuid4060)
сент. 16, 2025 8:21:57 PM webapp.storage.AbstractStorage save
INFO: &amp#27;[32mSave 9caa748b-7fef-45cd-9a98-63cb96d81444(uuid4061)
сент. 16, 2025 8:21:57 PM webapp.storage.AbstractStorage save
INFO: &amp#27;[32mSave 19bb9227-e980-4940-9b54-ef09fcbb4fdb(uuid4062)
сент. 16, 2025 8:21:57 PM webapp.storage.AbstractStorage save
INFO: &amp#27;[32mSave c708e68f-ef7d-4bdf-aa4d-19c06d3538ae(uuid4063)
сент. 16, 2025 8:21:57 PM webapp.storage.AbstractStorage save
INFO: &amp#27;[32mSave 3c2292aa-b725-4120-9cca-1c49563963bb(uuid4064)
сент. 16, 2025 8:21:57 PM webapp.storage.AbstractStorage save
INFO: &amp#27;[32mSave 8ef9515d-473b-41d6-8bf7-91aec3ec9d2d(uuid4065)
сент. 16, 2025 8:21:57 PM webapp.storage.AbstractStorage save
INFO: &amp#27;[32mSave 99cdcf65-bf16-43dc-b278-681389942041(uuid4066)
сент. 16, 2025 8:21:57 PM webapp.storage.AbstractStorage save
INFO: &amp#27;[32mSave b8a58ce0-bc3a-468f-a277-a20e546d8243(uuid4067)
сент. 16, 2025 8:21:57 PM webapp.storage.AbstractStorage save
INFO: &amp#27;[32mSave d5f5f780-cc15-410f-9ef5-65731ec29fdf(uuid4068)
сент. 16, 2025 8:21:57 PM webapp.storage.AbstractStorage save
INFO: &amp#27;[32mSave 900edbaa-c0fc-4819-9932-1761150d1fc0(uuid4069)
сент. 16, 2025 8:21:57 PM webapp.storage.AbstractStorage save
INFO: &amp#27;[32mSave c1c00a3b-60e3-43ae-87d8-c880f6dd1112(uuid4070)
сент. 16, 2025 8:21:57 PM webapp.storage.AbstractStorage save
INFO: &amp#27;[32mSave 2fd61f72-b52e-4e07-80eb-edae22fffdfa(uuid4071)
сент. 16, 2025 8:21:57 PM webapp.storage.AbstractStorage save
INFO: &amp#27;[32mSave 933ca3db-2362-4c35-be55-9a47df0ff668(uuid4072)
сент. 16, 2025 8:21:57 PM webapp.storage.AbstractStorage save
INFO: &amp#27;[32mSave 93acb366-3ddd-4b60-9b36-0b863cbf68e7(uuid4073)
сент. 16, 2025 8:21:57 PM webapp.storage.AbstractStorage save
INFO: &amp#27;[32mSave 99c582b3-64e3-4804-8bcd-b7c606d46ab0(uuid4074)
сент. 16, 2025 8:21:57 PM webapp.storage.AbstractStorage save
INFO: &amp#27;[32mSave 121bc01a-94cc-49e5-8cb8-7ab7b0e19932(uuid4075)
сент. 16, 2025 8:21:57 PM webapp.storage.AbstractStorage save
INFO: &amp#27;[32mSave 5cc3d4f6-f14c-4aa2-bc33-3091d3e0957d(uuid4076)
сент. 16, 2025 8:21:57 PM webapp.storage.AbstractStorage save
INFO: &amp#27;[32mSave d0e67554-f7e3-4fc8-b8dd-a444b81a8b30(uuid4077)
сент. 16, 2025 8:21:57 PM webapp.storage.AbstractStorage save
INFO: &amp#27;[32mSave 7ac62ed1-f0d7-4d6b-ab4d-0812bd5be2e9(uuid4078)
сент. 16, 2025 8:21:57 PM webapp.storage.AbstractStorage save
INFO: &amp#27;[32mSave 8a885df9-a2c1-45e4-a939-f079c4e082fb(uuid4079)
сент. 16, 2025 8:21:57 PM webapp.storage.AbstractStorage save
INFO: &amp#27;[32mSave 1acfdc55-050b-423f-b936-602f99a321d7(uuid4080)
сент. 16, 2025 8:21:57 PM webapp.storage.AbstractStorage save
INFO: &amp#27;[32mSave c774f38f-1dae-4fa4-ad24-c8223b0d9e33(uuid4081)
сент. 16, 2025 8:21:57 PM webapp.storage.AbstractStorage save
INFO: &amp#27;[32mSave 41b3806e-42e9-4c1d-8a8a-31a4d2562bce(uuid4082)
сент. 16, 2025 8:21:57 PM webapp.storage.AbstractStorage save
INFO: &amp#27;[32mSave 8f0f8a04-f46e-4464-80d0-1b3e2b146145(uuid4083)
сент. 16, 2025 8:21:57 PM webapp.storage.AbstractStorage save
INFO: &amp#27;[32mSave f89a63c6-d815-4fb6-9dd7-59f90699c27a(uuid4084)
сент. 16, 2025 8:21:57 PM webapp.storage.AbstractStorage save
INFO: &amp#27;[32mSave f10022f1-7d26-4ba3-ad77-765e7cd6a7ff(uuid4085)
сент. 16, 2025 8:21:57 PM webapp.storage.AbstractStorage save
INFO: &amp#27;[32mSave 84c7aff3-7e1b-46a2-8a21-a7cb5c0296da(uuid4086)
сент. 16, 2025 8:21:57 PM webapp.storage.AbstractStorage save
INFO: &amp#27;[32mSave 23b45d5b-327a-4d28-84aa-0a125ac93e99(uuid4087)
сент. 16, 2025 8:21:57 PM webapp.storage.AbstractStorage save
INFO: &amp#27;[32mSave a78335ba-338c-4f62-a5d2-94d6c4745b77(uuid4088)
сент. 16, 2025 8:21:57 PM webapp.storage.AbstractStorage save
INFO: &amp#27;[32mSave 327a2bda-8910-4754-be30-8bd32da315b6(uuid4089)
сент. 16, 2025 8:21:57 PM webapp.storage.AbstractStorage save
INFO: &amp#27;[32mSave 45b1ca75-1440-4335-9a66-bd0df7a4836b(uuid4090)
сент. 16, 2025 8:21:57 PM webapp.storage.AbstractStorage save
INFO: &amp#27;[32mSave 6acf1eff-8f77-4dbb-b73f-95885df1fbe9(uuid4091)
сент. 16, 2025 8:21:57 PM webapp.storage.AbstractStorage save
INFO: &amp#27;[32mSave 62e18a46-f4cf-4649-9b4b-313c7837efa7(uuid4092)
сент. 16, 2025 8:21:57 PM webapp.storage.AbstractStorage save
INFO: &amp#27;[32mSave 38797972-5dba-4386-91f1-439d860cb799(uuid4093)
сент. 16, 2025 8:21:57 PM webapp.storage.AbstractStorage save
INFO: &amp#27;[32mSave e287beb2-9868-4bc1-8202-31167f066776(uuid4094)
сент. 16, 2025 8:21:57 PM webapp.storage.AbstractStorage save
INFO: &amp#27;[32mSave ef134e8c-0d1a-486e-94e3-32a9c163df20(uuid4095)
сент. 16, 2025 8:21:57 PM webapp.storage.AbstractStorage save
INFO: &amp#27;[32mSave 29aa5048-3222-4802-a677-e56a72140330(uuid4096)
сент. 16, 2025 8:21:57 PM webapp.storage.AbstractStorage save
INFO: &amp#27;[32mSave ebc727ef-fc78-4089-b636-ba1fb192fa44(uuid4097)
сент. 16, 2025 8:21:57 PM webapp.storage.AbstractStorage save
INFO: &amp#27;[32mSave 1dac64d0-8c71-4c16-a2c8-e447ee7d98ff(uuid4098)
сент. 16, 2025 8:21:57 PM webapp.storage.AbstractStorage save
INFO: &amp#27;[32mSave c92a3abe-ed8c-4b0f-b395-10be3bb082ea(uuid4099)
сент. 16, 2025 8:21:57 PM webapp.storage.AbstractStorage save
INFO: &amp#27;[32mSave 515522df-f875-4488-804b-def1b93dbde0(uuid4100)
сент. 16, 2025 8:21:57 PM webapp.storage.AbstractStorage save
INFO: &amp#27;[32mSave 55a03b8c-32f0-475c-845c-f5af9f80ecd5(uuid4101)
сент. 16, 2025 8:21:57 PM webapp.storage.AbstractStorage save
INFO: &amp#27;[32mSave 1ca92be5-22cc-445d-8bc8-2b2981508479(uuid4102)
сент. 16, 2025 8:21:57 PM webapp.storage.AbstractStorage save
INFO: &amp#27;[32mSave 31842728-2add-4106-94d7-bebbb44ba3b1(uuid4103)
сент. 16, 2025 8:21:57 PM webapp.storage.AbstractStorage save
INFO: &amp#27;[32mSave 52274502-4ada-409c-8c43-c171d467ac0c(uuid4104)
сент. 16, 2025 8:21:57 PM webapp.storage.AbstractStorage save
INFO: &amp#27;[32mSave d76e884d-ba75-4709-a213-1ff650da5ba9(uuid4105)
сент. 16, 2025 8:21:57 PM webapp.storage.AbstractStorage save
INFO: &amp#27;[32mSave fb13aecc-eb44-48f6-b6fd-d2bcd10a3071(uuid4106)
сент. 16, 2025 8:21:57 PM webapp.storage.AbstractStorage save
INFO: &amp#27;[32mSave 7cc43b02-b7df-439c-93bd-f1bbea281721(uuid4107)
сент. 16, 2025 8:21:57 PM webapp.storage.AbstractStorage save
INFO: &amp#27;[32mSave 354c028e-99ba-4521-a63b-6a09607b7ef5(uuid4108)
сент. 16, 2025 8:21:57 PM webapp.storage.AbstractStorage save
INFO: &amp#27;[32mSave c0e350c3-4f27-462f-abf9-a01606acc948(uuid4109)
сент. 16, 2025 8:21:57 PM webapp.storage.AbstractStorage save
INFO: &amp#27;[32mSave ac54a380-dddf-4dda-9b2a-11de95920ea6(uuid4110)
сент. 16, 2025 8:21:57 PM webapp.storage.AbstractStorage save
INFO: &amp#27;[32mSave f3ac972a-b70e-4516-ba3c-0dfc87012929(uuid4111)
сент. 16, 2025 8:21:57 PM webapp.storage.AbstractStorage save
INFO: &amp#27;[32mSave 2f1470d8-8fba-4149-9f70-476e10607cc6(uuid4112)
сент. 16, 2025 8:21:57 PM webapp.storage.AbstractStorage save
INFO: &amp#27;[32mSave 26ac6bf1-01be-4e0a-9e40-e1b640764c5f(uuid4113)
сент. 16, 2025 8:21:57 PM webapp.storage.AbstractStorage save
INFO: &amp#27;[32mSave 21edb7a8-5077-4f04-bc55-18ef0763785a(uuid4114)
сент. 16, 2025 8:21:57 PM webapp.storage.AbstractStorage save
INFO: &amp#27;[32mSave c550af9e-12aa-4d5f-b955-dac9ecb20a3a(uuid4115)
сент. 16, 2025 8:21:57 PM webapp.storage.AbstractStorage save
INFO: &amp#27;[32mSave 0b5d6513-9ca3-4893-91c4-3f63b84a337a(uuid4116)
сент. 16, 2025 8:21:57 PM webapp.storage.AbstractStorage save
INFO: &amp#27;[32mSave 02bf5042-c810-4527-a44e-df8806fd18f0(uuid4117)
сент. 16, 2025 8:21:57 PM webapp.storage.AbstractStorage save
INFO: &amp#27;[32mSave 1e5258c6-5eb9-4f0d-83bd-c32e06c55016(uuid4118)
сент. 16, 2025 8:21:57 PM webapp.storage.AbstractStorage save
INFO: &amp#27;[32mSave 240bc24d-7c38-49dd-834a-6bc703a6478f(uuid4119)
сент. 16, 2025 8:21:57 PM webapp.storage.AbstractStorage save
INFO: &amp#27;[32mSave 09d5891c-0ff4-46cc-b3e4-85b4a2d98210(uuid4120)
сент. 16, 2025 8:21:57 PM webapp.storage.AbstractStorage save
INFO: &amp#27;[32mSave a78ce7c2-3504-4413-ac53-f55910c919d9(uuid4121)
сент. 16, 2025 8:21:57 PM webapp.storage.AbstractStorage save
INFO: &amp#27;[32mSave b4538e5c-c13e-4e6e-a9ed-c4fc3f49b79a(uuid4122)
сент. 16, 2025 8:21:57 PM webapp.storage.AbstractStorage save
INFO: &amp#27;[32mSave 5df96c0f-d44f-45f0-bb81-a403c589ff10(uuid4123)
сент. 16, 2025 8:21:57 PM webapp.storage.AbstractStorage save
INFO: &amp#27;[32mSave 1abc416f-cbc7-4981-a450-9a4ea927bf6e(uuid4124)
сент. 16, 2025 8:21:57 PM webapp.storage.AbstractStorage save
INFO: &amp#27;[32mSave faa2194f-5971-406f-a59d-0e0a8039a55b(uuid4125)
сент. 16, 2025 8:21:57 PM webapp.storage.AbstractStorage save
INFO: &amp#27;[32mSave 9145ec58-5c0e-499e-9b76-2dfdd7f28f02(uuid4126)
сент. 16, 2025 8:21:57 PM webapp.storage.AbstractStorage save
INFO: &amp#27;[32mSave cf7842ea-5d53-41ab-a4df-373b0a6dbb0e(uuid4127)
сент. 16, 2025 8:21:57 PM webapp.storage.AbstractStorage save
INFO: &amp#27;[32mSave 355ac54b-2b8c-469d-ad59-e3151b82d5f6(uuid4128)
сент. 16, 2025 8:21:57 PM webapp.storage.AbstractStorage save
INFO: &amp#27;[32mSave ebb04451-e32c-4398-b68f-5c2305cf6580(uuid4129)
сент. 16, 2025 8:21:57 PM webapp.storage.AbstractStorage save
INFO: &amp#27;[32mSave 2e385fe0-0006-4b46-96cb-cd0177dfdc9a(uuid4130)
сент. 16, 2025 8:21:57 PM webapp.storage.AbstractStorage save
INFO: &amp#27;[32mSave 2b7db04e-15a4-46cf-831f-383082f9aa42(uuid4131)
сент. 16, 2025 8:21:57 PM webapp.storage.AbstractStorage save
INFO: &amp#27;[32mSave 497778e1-87cf-4678-b33d-359313ca7220(uuid4132)
сент. 16, 2025 8:21:57 PM webapp.storage.AbstractStorage save
INFO: &amp#27;[32mSave 3d4f5996-588b-425d-94a0-180b5a4a9183(uuid4133)
сент. 16, 2025 8:21:57 PM webapp.storage.AbstractStorage save
INFO: &amp#27;[32mSave 9018624a-e2ee-45e4-8fc4-da4b226dff83(uuid4134)
сент. 16, 2025 8:21:57 PM webapp.storage.AbstractStorage save
INFO: &amp#27;[32mSave 07a47855-1d80-426e-a0cc-e5f18438ef78(uuid4135)
сент. 16, 2025 8:21:57 PM webapp.storage.AbstractStorage save
INFO: &amp#27;[32mSave 634f14f0-840f-4a97-b60a-a6e4b0101667(uuid4136)
сент. 16, 2025 8:21:57 PM webapp.storage.AbstractStorage save
INFO: &amp#27;[32mSave 67b2b679-d850-43d0-9180-48349e8c9c92(uuid4137)
сент. 16, 2025 8:21:57 PM webapp.storage.AbstractStorage save
INFO: &amp#27;[32mSave a10b88cf-db56-41b7-9b1d-908ae13a149d(uuid4138)
сент. 16, 2025 8:21:57 PM webapp.storage.AbstractStorage save
INFO: &amp#27;[32mSave 94e4b3e0-4dc8-4895-8677-32dedf204316(uuid4139)
сент. 16, 2025 8:21:57 PM webapp.storage.AbstractStorage save
INFO: &amp#27;[32mSave a46b7aae-de56-49b2-b879-d1baecaa50b2(uuid4140)
сент. 16, 2025 8:21:57 PM webapp.storage.AbstractStorage save
INFO: &amp#27;[32mSave 57ea9db7-71f1-4af0-b70b-915490f23747(uuid4141)
сент. 16, 2025 8:21:57 PM webapp.storage.AbstractStorage save
INFO: &amp#27;[32mSave 90d37293-e924-4ba6-ba5a-f3198faa2219(uuid4142)
сент. 16, 2025 8:21:57 PM webapp.storage.AbstractStorage save
INFO: &amp#27;[32mSave c4be8277-a45d-4ac5-b923-db19ca9e8c16(uuid4143)
сент. 16, 2025 8:21:57 PM webapp.storage.AbstractStorage save
INFO: &amp#27;[32mSave f07703db-e9d7-483b-9f3a-5c1413ecac50(uuid4144)
сент. 16, 2025 8:21:57 PM webapp.storage.AbstractStorage save
INFO: &amp#27;[32mSave 0e03606d-db3e-46b1-991e-2b9ece6df8e1(uuid4145)
сент. 16, 2025 8:21:57 PM webapp.storage.AbstractStorage save
INFO: &amp#27;[32mSave 545de9f6-3827-42ca-9419-3c410cf5e2dc(uuid4146)
сент. 16, 2025 8:21:57 PM webapp.storage.AbstractStorage save
INFO: &amp#27;[32mSave 25dc2d7e-26f0-466f-a1b7-fdb268decb9c(uuid4147)
сент. 16, 2025 8:21:57 PM webapp.storage.AbstractStorage save
INFO: &amp#27;[32mSave 3dc46918-2afb-442e-9c3e-a8fe44b24a74(uuid4148)
сент. 16, 2025 8:21:57 PM webapp.storage.AbstractStorage save
INFO: &amp#27;[32mSave 096ea6fa-04a5-4ad0-9f4b-60668f65652e(uuid4149)
сент. 16, 2025 8:21:57 PM webapp.storage.AbstractStorage save
INFO: &amp#27;[32mSave 4fe39824-a968-40a6-8a44-6a1d7d846c8a(uuid4150)
сент. 16, 2025 8:21:57 PM webapp.storage.AbstractStorage save
INFO: &amp#27;[32mSave ebd8e2ec-5b37-440e-b437-f1cf16b01547(uuid4151)
сент. 16, 2025 8:21:57 PM webapp.storage.AbstractStorage save
INFO: &amp#27;[32mSave 3661c37c-5c26-4be3-8f83-8153824aa6bc(uuid4152)
сент. 16, 2025 8:21:57 PM webapp.storage.AbstractStorage save
INFO: &amp#27;[32mSave 67dfdce5-a8ec-4164-9522-d6f92a965a8d(uuid4153)
сент. 16, 2025 8:21:57 PM webapp.storage.AbstractStorage save
INFO: &amp#27;[32mSave 20827382-cdba-441d-830d-deb315b5753f(uuid4154)
сент. 16, 2025 8:21:57 PM webapp.storage.AbstractStorage save
INFO: &amp#27;[32mSave e7146f11-2f19-4921-b679-2d030c9f9ef4(uuid4155)
сент. 16, 2025 8:21:57 PM webapp.storage.AbstractStorage save
INFO: &amp#27;[32mSave 6bbf577a-efab-464f-8605-4e1a15270c56(uuid4156)
сент. 16, 2025 8:21:57 PM webapp.storage.AbstractStorage save
INFO: &amp#27;[32mSave 4768e1c2-3df7-4e26-90ae-e6da7122e1c2(uuid4157)
сент. 16, 2025 8:21:57 PM webapp.storage.AbstractStorage save
INFO: &amp#27;[32mSave 5b4b0058-ece3-4401-90fa-531197aa4ff8(uuid4158)
сент. 16, 2025 8:21:57 PM webapp.storage.AbstractStorage save
INFO: &amp#27;[32mSave e28a4bf6-9f7d-4592-8545-3a09c991c62f(uuid4159)
сент. 16, 2025 8:21:57 PM webapp.storage.AbstractStorage save
INFO: &amp#27;[32mSave 4c288c66-ead1-4b0b-8e28-58177822f95d(uuid4160)
сент. 16, 2025 8:21:57 PM webapp.storage.AbstractStorage save
INFO: &amp#27;[32mSave 20264e0c-1ac8-4b9d-8fe8-aef37cd42815(uuid4161)
сент. 16, 2025 8:21:57 PM webapp.storage.AbstractStorage save
INFO: &amp#27;[32mSave 75cb005c-be2b-4f30-b11f-9ea62320ddc5(uuid4162)
сент. 16, 2025 8:21:57 PM webapp.storage.AbstractStorage save
INFO: &amp#27;[32mSave e99ad308-881c-4d64-b158-575aa32f0d40(uuid4163)
сент. 16, 2025 8:21:57 PM webapp.storage.AbstractStorage save
INFO: &amp#27;[32mSave c92da022-a676-4a45-a390-b3d463b8a701(uuid4164)
сент. 16, 2025 8:21:57 PM webapp.storage.AbstractStorage save
INFO: &amp#27;[32mSave 9fc27072-35ed-4e83-b49b-709a8da2797b(uuid4165)
сент. 16, 2025 8:21:57 PM webapp.storage.AbstractStorage save
INFO: &amp#27;[32mSave fa36b8f9-1497-479a-97ad-bb86e1368ae5(uuid4166)
сент. 16, 2025 8:21:57 PM webapp.storage.AbstractStorage save
INFO: &amp#27;[32mSave 3e7342e9-4164-4013-884f-1b97c67a62a1(uuid4167)
сент. 16, 2025 8:21:57 PM webapp.storage.AbstractStorage save
INFO: &amp#27;[32mSave 7804455d-ef0e-4553-b337-697ae5e47b06(uuid4168)
сент. 16, 2025 8:21:57 PM webapp.storage.AbstractStorage save
INFO: &amp#27;[32mSave d1085f45-dd27-4271-ba88-a31f3b2f357b(uuid4169)
сент. 16, 2025 8:21:57 PM webapp.storage.AbstractStorage save
INFO: &amp#27;[32mSave 2fc4cc4e-9a4a-49ec-80d0-2b1872e89615(uuid4170)
сент. 16, 2025 8:21:57 PM webapp.storage.AbstractStorage save
INFO: &amp#27;[32mSave 97ced621-ce9d-4b31-99a8-4632b2beefdc(uuid4171)
сент. 16, 2025 8:21:57 PM webapp.storage.AbstractStorage save
INFO: &amp#27;[32mSave e4c1851b-d72e-4dfb-8808-826358b85ed4(uuid4172)
сент. 16, 2025 8:21:57 PM webapp.storage.AbstractStorage save
INFO: &amp#27;[32mSave b5b58f4a-bfe2-45bf-8a0a-ff9555ef4414(uuid4173)
сент. 16, 2025 8:21:57 PM webapp.storage.AbstractStorage save
INFO: &amp#27;[32mSave 820b61de-89bc-4dbc-b946-154cbf359644(uuid4174)
сент. 16, 2025 8:21:57 PM webapp.storage.AbstractStorage save
INFO: &amp#27;[32mSave f03591db-86cb-4b5a-b6ff-15a6175d9d9f(uuid4175)
сент. 16, 2025 8:21:57 PM webapp.storage.AbstractStorage save
INFO: &amp#27;[32mSave 6933b3ba-6db4-461b-846e-296d713311da(uuid4176)
сент. 16, 2025 8:21:57 PM webapp.storage.AbstractStorage save
INFO: &amp#27;[32mSave 20819aa8-b0a2-4dd5-9df9-0fecdffa56e6(uuid4177)
сент. 16, 2025 8:21:57 PM webapp.storage.AbstractStorage save
INFO: &amp#27;[32mSave dcfe1e9e-092c-4f92-bd34-89a309026d79(uuid4178)
сент. 16, 2025 8:21:57 PM webapp.storage.AbstractStorage save
INFO: &amp#27;[32mSave 1f646f55-2d1f-4019-bde3-b1b6fd3b1cf7(uuid4179)
сент. 16, 2025 8:21:57 PM webapp.storage.AbstractStorage save
INFO: &amp#27;[32mSave 5672c95c-8920-4b6e-b48b-a6f26e23b76e(uuid4180)
сент. 16, 2025 8:21:57 PM webapp.storage.AbstractStorage save
INFO: &amp#27;[32mSave 36fbf36c-8b41-409e-9d52-886bc77a5622(uuid4181)
сент. 16, 2025 8:21:57 PM webapp.storage.AbstractStorage save
INFO: &amp#27;[32mSave 1b86ed87-f47a-498e-a7a7-26a1b31e5a13(uuid4182)
сент. 16, 2025 8:21:57 PM webapp.storage.AbstractStorage save
INFO: &amp#27;[32mSave 517d62cf-5e4d-49b8-8a79-fb401c442f56(uuid4183)
сент. 16, 2025 8:21:57 PM webapp.storage.AbstractStorage save
INFO: &amp#27;[32mSave 825a3deb-05b5-4461-b72e-152f9a5cb04b(uuid4184)
сент. 16, 2025 8:21:57 PM webapp.storage.AbstractStorage save
INFO: &amp#27;[32mSave a37c3f45-ef82-47f6-a503-4b0fad7669d6(uuid4185)
сент. 16, 2025 8:21:57 PM webapp.storage.AbstractStorage save
INFO: &amp#27;[32mSave d6c60dd3-de1d-4c90-b901-ec2bf7086999(uuid4186)
сент. 16, 2025 8:21:57 PM webapp.storage.AbstractStorage save
INFO: &amp#27;[32mSave 35823581-281b-4e58-99c1-a917446568f6(uuid4187)
сент. 16, 2025 8:21:57 PM webapp.storage.AbstractStorage save
INFO: &amp#27;[32mSave 6ad27403-0659-48d8-8e17-5a8bbeb6228e(uuid4188)
сент. 16, 2025 8:21:57 PM webapp.storage.AbstractStorage save
INFO: &amp#27;[32mSave 83755a57-75e2-4ce7-b60a-3560c0035a75(uuid4189)
сент. 16, 2025 8:21:57 PM webapp.storage.AbstractStorage save
INFO: &amp#27;[32mSave 602c4374-4553-4124-aedb-f9181364f108(uuid4190)
сент. 16, 2025 8:21:57 PM webapp.storage.AbstractStorage save
INFO: &amp#27;[32mSave f4a071d1-958e-4bc6-a8f0-e7d11205a76e(uuid4191)
сент. 16, 2025 8:21:57 PM webapp.storage.AbstractStorage save
INFO: &amp#27;[32mSave 84555c67-6243-4e2f-a6c0-519d8f01afde(uuid4192)
сент. 16, 2025 8:21:57 PM webapp.storage.AbstractStorage save
INFO: &amp#27;[32mSave c85058c1-3acd-4c22-8226-11d33dcc48ea(uuid4193)
сент. 16, 2025 8:21:57 PM webapp.storage.AbstractStorage save
INFO: &amp#27;[32mSave b88bad04-7841-499d-b9eb-740c460042e3(uuid4194)
сент. 16, 2025 8:21:57 PM webapp.storage.AbstractStorage save
INFO: &amp#27;[32mSave 16e9532e-bd2b-4592-b1ab-f946e5890c5d(uuid4195)
сент. 16, 2025 8:21:57 PM webapp.storage.AbstractStorage save
INFO: &amp#27;[32mSave 87600c59-1a58-4d25-8c86-cdc9dbc59909(uuid4196)
сент. 16, 2025 8:21:57 PM webapp.storage.AbstractStorage save
INFO: &amp#27;[32mSave 3a85487d-98cc-4305-bad9-c09040c1f4b4(uuid4197)
сент. 16, 2025 8:21:57 PM webapp.storage.AbstractStorage save
INFO: &amp#27;[32mSave 818fb434-0a89-4691-9941-1db596ea0fae(uuid4198)
сент. 16, 2025 8:21:57 PM webapp.storage.AbstractStorage save
INFO: &amp#27;[32mSave 4de5d25a-ea9d-4443-89d8-091a908b85c0(uuid4199)
сент. 16, 2025 8:21:57 PM webapp.storage.AbstractStorage save
INFO: &amp#27;[32mSave 04a19476-a755-4ea4-b81e-f0f0553b316a(uuid4200)
сент. 16, 2025 8:21:57 PM webapp.storage.AbstractStorage save
INFO: &amp#27;[32mSave 7998ca60-0219-4998-b308-e26920e8fc36(uuid4201)
сент. 16, 2025 8:21:57 PM webapp.storage.AbstractStorage save
INFO: &amp#27;[32mSave 008a2482-6ac6-4977-90eb-572f9ddb0eb8(uuid4202)
сент. 16, 2025 8:21:57 PM webapp.storage.AbstractStorage save
INFO: &amp#27;[32mSave 41e1e521-a307-4cc8-9dba-aa6cbe440ad1(uuid4203)
сент. 16, 2025 8:21:57 PM webapp.storage.AbstractStorage save
INFO: &amp#27;[32mSave db50a347-b006-420d-84a2-59ebe82ffc6a(uuid4204)
сент. 16, 2025 8:21:57 PM webapp.storage.AbstractStorage save
INFO: &amp#27;[32mSave 85d6e1b6-0566-4a9b-a4d0-623b07e1bbd0(uuid4205)
сент. 16, 2025 8:21:57 PM webapp.storage.AbstractStorage save
INFO: &amp#27;[32mSave c8263feb-4e16-4147-8491-cc2b7d7783be(uuid4206)
сент. 16, 2025 8:21:57 PM webapp.storage.AbstractStorage save
INFO: &amp#27;[32mSave d3bad6a8-9214-423f-9113-fb55eb938e63(uuid4207)
сент. 16, 2025 8:21:57 PM webapp.storage.AbstractStorage save
INFO: &amp#27;[32mSave fa24fdb8-c046-4a0e-bb25-a451b7dc372e(uuid4208)
сент. 16, 2025 8:21:57 PM webapp.storage.AbstractStorage save
INFO: &amp#27;[32mSave 9026b8fe-8b3a-485d-89b9-2b7c4c3c55db(uuid4209)
сент. 16, 2025 8:21:57 PM webapp.storage.AbstractStorage save
INFO: &amp#27;[32mSave f11e1a86-68eb-481d-8093-dd29da00d7a8(uuid4210)
сент. 16, 2025 8:21:57 PM webapp.storage.AbstractStorage save
INFO: &amp#27;[32mSave 9e8a5a94-1e22-4cc8-ba99-15a919769bb3(uuid4211)
сент. 16, 2025 8:21:57 PM webapp.storage.AbstractStorage save
INFO: &amp#27;[32mSave ebfb3f09-1a42-4331-9bb8-cda1355e6dec(uuid4212)
сент. 16, 2025 8:21:57 PM webapp.storage.AbstractStorage save
INFO: &amp#27;[32mSave c72c742d-c6c0-4e9d-9798-988a8e7d402b(uuid4213)
сент. 16, 2025 8:21:57 PM webapp.storage.AbstractStorage save
INFO: &amp#27;[32mSave 234c36b8-1ffe-45a0-bd58-50d628d61a1f(uuid4214)
сент. 16, 2025 8:21:57 PM webapp.storage.AbstractStorage save
INFO: &amp#27;[32mSave a6ee5654-d9a9-4ec3-8231-ecd7ad3556b9(uuid4215)
сент. 16, 2025 8:21:57 PM webapp.storage.AbstractStorage save
INFO: &amp#27;[32mSave ee636219-60ac-457c-906a-e496a2c57db7(uuid4216)
сент. 16, 2025 8:21:57 PM webapp.storage.AbstractStorage save
INFO: &amp#27;[32mSave 690a06cb-7049-498b-b8ba-1b51b7e70a72(uuid4217)
сент. 16, 2025 8:21:57 PM webapp.storage.AbstractStorage save
INFO: &amp#27;[32mSave 733a9b9b-1e67-42e2-96b7-e23e95b9b7d1(uuid4218)
сент. 16, 2025 8:21:57 PM webapp.storage.AbstractStorage save
INFO: &amp#27;[32mSave 0cb72e42-cc2e-4d60-8018-36cfe71bea42(uuid4219)
сент. 16, 2025 8:21:57 PM webapp.storage.AbstractStorage save
INFO: &amp#27;[32mSave fed791fc-d686-4079-8950-3e85d65c38a2(uuid4220)
сент. 16, 2025 8:21:57 PM webapp.storage.AbstractStorage save
INFO: &amp#27;[32mSave e0cd7695-7d8d-4310-809d-9de24f58a8b8(uuid4221)
сент. 16, 2025 8:21:57 PM webapp.storage.AbstractStorage save
INFO: &amp#27;[32mSave 1c909d5d-dfdb-4080-9709-f93b7b2f0c1b(uuid4222)
сент. 16, 2025 8:21:57 PM webapp.storage.AbstractStorage save
INFO: &amp#27;[32mSave ad7043d4-7dbf-4f26-b0bd-92fbe34c0537(uuid4223)
сент. 16, 2025 8:21:57 PM webapp.storage.AbstractStorage save
INFO: &amp#27;[32mSave c12e9c4d-4156-428b-b093-7a86521a93b4(uuid4224)
сент. 16, 2025 8:21:57 PM webapp.storage.AbstractStorage save
INFO: &amp#27;[32mSave f7c1dce1-2e9e-473c-89a3-0d125ead58ed(uuid4225)
сент. 16, 2025 8:21:57 PM webapp.storage.AbstractStorage save
INFO: &amp#27;[32mSave 4f5d950a-b44e-4769-a248-bdce169464f6(uuid4226)
сент. 16, 2025 8:21:57 PM webapp.storage.AbstractStorage save
INFO: &amp#27;[32mSave 771f3d99-5bae-4ec9-9638-af8a99fbe54c(uuid4227)
сент. 16, 2025 8:21:57 PM webapp.storage.AbstractStorage save
INFO: &amp#27;[32mSave 6a76cd71-d6b7-4801-ac73-2ac31ce549cc(uuid4228)
сент. 16, 2025 8:21:57 PM webapp.storage.AbstractStorage save
INFO: &amp#27;[32mSave deab30a5-7d79-4ea4-af2e-a5455adc1507(uuid4229)
сент. 16, 2025 8:21:57 PM webapp.storage.AbstractStorage save
INFO: &amp#27;[32mSave 03c7533a-8d7a-4769-bf50-7c8c653798c0(uuid4230)
сент. 16, 2025 8:21:57 PM webapp.storage.AbstractStorage save
INFO: &amp#27;[32mSave aa50377c-e7be-44d0-b5e3-1f61610f95f6(uuid4231)
сент. 16, 2025 8:21:57 PM webapp.storage.AbstractStorage save
INFO: &amp#27;[32mSave b2689392-a56e-4afc-ab92-3ff57324702c(uuid4232)
сент. 16, 2025 8:21:57 PM webapp.storage.AbstractStorage save
INFO: &amp#27;[32mSave 4b83fe2a-803a-492d-b5f8-a1246f3d613a(uuid4233)
сент. 16, 2025 8:21:57 PM webapp.storage.AbstractStorage save
INFO: &amp#27;[32mSave 78ec1002-27d0-402b-a57b-c293f177a768(uuid4234)
сент. 16, 2025 8:21:57 PM webapp.storage.AbstractStorage save
INFO: &amp#27;[32mSave fa08f022-d4fe-4f85-86e1-e33f50bd9751(uuid4235)
сент. 16, 2025 8:21:57 PM webapp.storage.AbstractStorage save
INFO: &amp#27;[32mSave c2d68ec8-00d2-4f1e-bb7f-8e67da2f67ed(uuid4236)
сент. 16, 2025 8:21:57 PM webapp.storage.AbstractStorage save
INFO: &amp#27;[32mSave 4946fe03-3766-40af-a2eb-db5b0665f0c5(uuid4237)
сент. 16, 2025 8:21:57 PM webapp.storage.AbstractStorage save
INFO: &amp#27;[32mSave b0a545ed-5f6c-4125-a6fa-fc0da9c1065e(uuid4238)
сент. 16, 2025 8:21:57 PM webapp.storage.AbstractStorage save
INFO: &amp#27;[32mSave 5bcdee80-2d26-43d4-8640-849ce7d90fca(uuid4239)
сент. 16, 2025 8:21:57 PM webapp.storage.AbstractStorage save
INFO: &amp#27;[32mSave cd4cb47c-039e-49a3-b895-0b601b1ec670(uuid4240)
сент. 16, 2025 8:21:57 PM webapp.storage.AbstractStorage save
INFO: &amp#27;[32mSave e325ecde-51d8-4941-9a14-b7e43e8cd81d(uuid4241)
сент. 16, 2025 8:21:57 PM webapp.storage.AbstractStorage save
INFO: &amp#27;[32mSave 8627edd1-8f62-4b62-b5b6-2d3284bce3c6(uuid4242)
сент. 16, 2025 8:21:57 PM webapp.storage.AbstractStorage save
INFO: &amp#27;[32mSave 9fae661b-1a3f-4174-851e-69205138e1c1(uuid4243)
сент. 16, 2025 8:21:57 PM webapp.storage.AbstractStorage save
INFO: &amp#27;[32mSave 4dacf3d6-69fa-4e0f-96a8-c111f21eccaf(uuid4244)
сент. 16, 2025 8:21:57 PM webapp.storage.AbstractStorage save
INFO: &amp#27;[32mSave 2d72636f-0cbe-4449-ba3f-2a418698dbf7(uuid4245)
сент. 16, 2025 8:21:57 PM webapp.storage.AbstractStorage save
INFO: &amp#27;[32mSave 389a8214-9ae7-4ab3-834a-c0b1deeff44b(uuid4246)
сент. 16, 2025 8:21:57 PM webapp.storage.AbstractStorage save
INFO: &amp#27;[32mSave ecc96ec6-0518-475a-9ef4-de37022fc013(uuid4247)
сент. 16, 2025 8:21:57 PM webapp.storage.AbstractStorage save
INFO: &amp#27;[32mSave 6da998c7-dbe9-49d4-8512-79f064421e99(uuid4248)
сент. 16, 2025 8:21:57 PM webapp.storage.AbstractStorage save
INFO: &amp#27;[32mSave f50fca03-4318-46f4-a2fa-1750982e4c15(uuid4249)
сент. 16, 2025 8:21:57 PM webapp.storage.AbstractStorage save
INFO: &amp#27;[32mSave 9d297067-6ae7-47dd-910a-a02621cc697e(uuid4250)
сент. 16, 2025 8:21:57 PM webapp.storage.AbstractStorage save
INFO: &amp#27;[32mSave 7eb8d094-1605-4864-912c-b9d6d841c69a(uuid4251)
сент. 16, 2025 8:21:57 PM webapp.storage.AbstractStorage save
INFO: &amp#27;[32mSave 82ef9df7-07d0-4949-bca9-8dc7b65dc1a7(uuid4252)
сент. 16, 2025 8:21:57 PM webapp.storage.AbstractStorage save
INFO: &amp#27;[32mSave 983ab25b-a762-4614-9230-91119dd7a9c4(uuid4253)
сент. 16, 2025 8:21:57 PM webapp.storage.AbstractStorage save
INFO: &amp#27;[32mSave 849bff91-3663-44a7-87ba-5d28618240d0(uuid4254)
сент. 16, 2025 8:21:57 PM webapp.storage.AbstractStorage save
INFO: &amp#27;[32mSave 9008c3b0-594f-40f1-bee6-5005f2eddc83(uuid4255)
сент. 16, 2025 8:21:57 PM webapp.storage.AbstractStorage save
INFO: &amp#27;[32mSave 045721f7-9abe-4cec-9eef-ef18b6c9f6de(uuid4256)
сент. 16, 2025 8:21:57 PM webapp.storage.AbstractStorage save
INFO: &amp#27;[32mSave c638fb5a-dd1e-4ea4-b47a-59eb16f4a2bd(uuid4257)
сент. 16, 2025 8:21:57 PM webapp.storage.AbstractStorage save
INFO: &amp#27;[32mSave 67d56e24-51ea-405a-8a43-5e91632798a9(uuid4258)
сент. 16, 2025 8:21:57 PM webapp.storage.AbstractStorage save
INFO: &amp#27;[32mSave 33a134aa-ea72-426a-aa28-6c45dff5088c(uuid4259)
сент. 16, 2025 8:21:57 PM webapp.storage.AbstractStorage save
INFO: &amp#27;[32mSave 8163e223-7853-4eff-bb46-56f7b1d706da(uuid4260)
сент. 16, 2025 8:21:57 PM webapp.storage.AbstractStorage save
INFO: &amp#27;[32mSave 28a8edbd-9ef8-4692-a951-bceb9823cdc3(uuid4261)
сент. 16, 2025 8:21:57 PM webapp.storage.AbstractStorage save
INFO: &amp#27;[32mSave 647fc031-6fbd-4070-8143-79b8562eb321(uuid4262)
сент. 16, 2025 8:21:57 PM webapp.storage.AbstractStorage save
INFO: &amp#27;[32mSave e42eac55-cb63-457e-a5b1-a5e35db677f2(uuid4263)
сент. 16, 2025 8:21:57 PM webapp.storage.AbstractStorage save
INFO: &amp#27;[32mSave 71fd4ab2-af98-4515-bc4f-998b3e50c95c(uuid4264)
сент. 16, 2025 8:21:57 PM webapp.storage.AbstractStorage save
INFO: &amp#27;[32mSave d171c3c0-bda1-424c-9c98-f6a2d412276d(uuid4265)
сент. 16, 2025 8:21:57 PM webapp.storage.AbstractStorage save
INFO: &amp#27;[32mSave 2ed82afa-c419-4187-9a4d-0cefd644fef9(uuid4266)
сент. 16, 2025 8:21:57 PM webapp.storage.AbstractStorage save
INFO: &amp#27;[32mSave 0f5d9cc0-554c-4bac-b815-8f65a6084407(uuid4267)
сент. 16, 2025 8:21:57 PM webapp.storage.AbstractStorage save
INFO: &amp#27;[32mSave 92e51e18-deda-4562-ab8e-3ff475b7deb1(uuid4268)
сент. 16, 2025 8:21:57 PM webapp.storage.AbstractStorage save
INFO: &amp#27;[32mSave c7f29ba4-96d5-4c07-9777-20c96311d8d3(uuid4269)
сент. 16, 2025 8:21:57 PM webapp.storage.AbstractStorage save
INFO: &amp#27;[32mSave fb71440e-eaf6-41cd-8fc2-51223e84d234(uuid4270)
сент. 16, 2025 8:21:57 PM webapp.storage.AbstractStorage save
INFO: &amp#27;[32mSave e475b554-cb6e-4044-b77c-0c1b58c7f608(uuid4271)
сент. 16, 2025 8:21:57 PM webapp.storage.AbstractStorage save
INFO: &amp#27;[32mSave 7a56dee4-38ef-44a2-a382-5426739015c7(uuid4272)
сент. 16, 2025 8:21:57 PM webapp.storage.AbstractStorage save
INFO: &amp#27;[32mSave 96af9621-d1a8-48a9-b370-3297259f0e49(uuid4273)
сент. 16, 2025 8:21:57 PM webapp.storage.AbstractStorage save
INFO: &amp#27;[32mSave 12b1eda3-5884-431a-bbd1-9c7ac12eb283(uuid4274)
сент. 16, 2025 8:21:57 PM webapp.storage.AbstractStorage save
INFO: &amp#27;[32mSave 51e0e927-d60e-4907-8290-978871ef4930(uuid4275)
сент. 16, 2025 8:21:57 PM webapp.storage.AbstractStorage save
INFO: &amp#27;[32mSave 1bb1792f-de0c-4822-bd3d-54f7387b2b71(uuid4276)
сент. 16, 2025 8:21:57 PM webapp.storage.AbstractStorage save
INFO: &amp#27;[32mSave 15ba57b9-c642-42dc-8b01-fa3d8f57f354(uuid4277)
сент. 16, 2025 8:21:57 PM webapp.storage.AbstractStorage save
INFO: &amp#27;[32mSave 93529a03-d20f-4aed-95b3-ee5efddabf47(uuid4278)
сент. 16, 2025 8:21:57 PM webapp.storage.AbstractStorage save
INFO: &amp#27;[32mSave b6bb0e32-5761-4486-b9ae-e540b73d4177(uuid4279)
сент. 16, 2025 8:21:57 PM webapp.storage.AbstractStorage save
INFO: &amp#27;[32mSave 0cdade5a-a169-4e51-8590-cf688070fc2b(uuid4280)
сент. 16, 2025 8:21:57 PM webapp.storage.AbstractStorage save
INFO: &amp#27;[32mSave 19aee0e1-04c3-4761-955b-37bbd493f269(uuid4281)
сент. 16, 2025 8:21:57 PM webapp.storage.AbstractStorage save
INFO: &amp#27;[32mSave 18ea3c60-98e2-4928-86b4-637a610774e2(uuid4282)
сент. 16, 2025 8:21:57 PM webapp.storage.AbstractStorage save
INFO: &amp#27;[32mSave eda1cdb3-7ae4-4122-8afa-175f9aa25348(uuid4283)
сент. 16, 2025 8:21:57 PM webapp.storage.AbstractStorage save
INFO: &amp#27;[32mSave e39cce9a-b532-440b-995a-ace6d6bd9ab1(uuid4284)
сент. 16, 2025 8:21:57 PM webapp.storage.AbstractStorage save
INFO: &amp#27;[32mSave 598a9cd7-f823-4dde-9c53-e1598220d3df(uuid4285)
сент. 16, 2025 8:21:57 PM webapp.storage.AbstractStorage save
INFO: &amp#27;[32mSave 226efa74-c669-4b68-9a8a-4f85360d75c0(uuid4286)
сент. 16, 2025 8:21:57 PM webapp.storage.AbstractStorage save
INFO: &amp#27;[32mSave 2d0123f2-ed7c-48e3-bb3f-32a646e624bf(uuid4287)
сент. 16, 2025 8:21:57 PM webapp.storage.AbstractStorage save
INFO: &amp#27;[32mSave 7b097130-3937-40f3-acb2-352bc59c3d81(uuid4288)
сент. 16, 2025 8:21:57 PM webapp.storage.AbstractStorage save
INFO: &amp#27;[32mSave e79d0882-094e-44e9-bb64-06e30f2b5972(uuid4289)
сент. 16, 2025 8:21:57 PM webapp.storage.AbstractStorage save
INFO: &amp#27;[32mSave 6eb7d035-e112-45c3-9e7c-6e7cd7412b5f(uuid4290)
сент. 16, 2025 8:21:57 PM webapp.storage.AbstractStorage save
INFO: &amp#27;[32mSave 876c9cff-ab71-4539-a88f-94d05deb774a(uuid4291)
сент. 16, 2025 8:21:57 PM webapp.storage.AbstractStorage save
INFO: &amp#27;[32mSave e11f85a8-456c-4d11-83aa-eee431ac5669(uuid4292)
сент. 16, 2025 8:21:57 PM webapp.storage.AbstractStorage save
INFO: &amp#27;[32mSave 09b25ec6-e69d-4b46-a506-cb24feeb66c1(uuid4293)
сент. 16, 2025 8:21:57 PM webapp.storage.AbstractStorage save
INFO: &amp#27;[32mSave 3206d715-4a48-405b-a0c4-3ddc81e9848d(uuid4294)
сент. 16, 2025 8:21:57 PM webapp.storage.AbstractStorage save
INFO: &amp#27;[32mSave 40c7e6ca-a9b8-4b1e-a6dc-b01ce53d84ae(uuid4295)
сент. 16, 2025 8:21:57 PM webapp.storage.AbstractStorage save
INFO: &amp#27;[32mSave 4fbf3928-e1fd-41a5-9717-1c6541b0a416(uuid4296)
сент. 16, 2025 8:21:57 PM webapp.storage.AbstractStorage save
INFO: &amp#27;[32mSave 991c006d-3c27-414a-969f-7398466666e8(uuid4297)
сент. 16, 2025 8:21:57 PM webapp.storage.AbstractStorage save
INFO: &amp#27;[32mSave ce98c334-a47a-419f-b3e3-d5836f0eaf11(uuid4298)
сент. 16, 2025 8:21:57 PM webapp.storage.AbstractStorage save
INFO: &amp#27;[32mSave 58bfd183-5978-4159-a112-e652315af814(uuid4299)
сент. 16, 2025 8:21:57 PM webapp.storage.AbstractStorage save
INFO: &amp#27;[32mSave ebbb1496-3e7e-4f55-849a-9332c2237bf6(uuid4300)
сент. 16, 2025 8:21:57 PM webapp.storage.AbstractStorage save
INFO: &amp#27;[32mSave 69291086-53df-4265-9f22-749c851f8e71(uuid4301)
сент. 16, 2025 8:21:57 PM webapp.storage.AbstractStorage save
INFO: &amp#27;[32mSave 2789d17b-fdd0-4ab7-be95-2200aceb3239(uuid4302)
сент. 16, 2025 8:21:57 PM webapp.storage.AbstractStorage save
INFO: &amp#27;[32mSave ee637392-6fa7-4e56-af7c-fa2dc4b22947(uuid4303)
сент. 16, 2025 8:21:57 PM webapp.storage.AbstractStorage save
INFO: &amp#27;[32mSave c563b0bc-9367-42f5-b45e-97d7915b4460(uuid4304)
сент. 16, 2025 8:21:57 PM webapp.storage.AbstractStorage save
INFO: &amp#27;[32mSave d80276b9-acf1-45e5-aa50-258e0795149e(uuid4305)
сент. 16, 2025 8:21:57 PM webapp.storage.AbstractStorage save
INFO: &amp#27;[32mSave 63cda9ff-28f6-4369-b658-a0e7c2389cf9(uuid4306)
сент. 16, 2025 8:21:57 PM webapp.storage.AbstractStorage save
INFO: &amp#27;[32mSave 2c79fb78-2912-4c79-8bb5-8ed518b60e0c(uuid4307)
сент. 16, 2025 8:21:57 PM webapp.storage.AbstractStorage save
INFO: &amp#27;[32mSave 4a9548c0-22c5-42b8-8722-4535c6787c77(uuid4308)
сент. 16, 2025 8:21:57 PM webapp.storage.AbstractStorage save
INFO: &amp#27;[32mSave 1fd5c036-88ab-4d04-924c-89068ffe3311(uuid4309)
сент. 16, 2025 8:21:57 PM webapp.storage.AbstractStorage save
INFO: &amp#27;[32mSave 1b9c5f45-6c10-4590-a211-81c25ed90b74(uuid4310)
сент. 16, 2025 8:21:57 PM webapp.storage.AbstractStorage save
INFO: &amp#27;[32mSave 4de08a04-a802-442b-bdbd-03220385287b(uuid4311)
сент. 16, 2025 8:21:57 PM webapp.storage.AbstractStorage save
INFO: &amp#27;[32mSave bcc8f1fc-8d74-42ca-910a-f2daa441d84c(uuid4312)
сент. 16, 2025 8:21:57 PM webapp.storage.AbstractStorage save
INFO: &amp#27;[32mSave 54b47521-8d17-42e2-a21e-4f1d46d2924b(uuid4313)
сент. 16, 2025 8:21:57 PM webapp.storage.AbstractStorage save
INFO: &amp#27;[32mSave cff6c4ac-22b3-42ba-a63f-bbec6e67558b(uuid4314)
сент. 16, 2025 8:21:57 PM webapp.storage.AbstractStorage save
INFO: &amp#27;[32mSave 8a15cbf4-7210-42bf-8ad5-af91d948a060(uuid4315)
сент. 16, 2025 8:21:57 PM webapp.storage.AbstractStorage save
INFO: &amp#27;[32mSave 3ab77e9e-818a-4a8a-88cc-55e8986c82a3(uuid4316)
сент. 16, 2025 8:21:57 PM webapp.storage.AbstractStorage save
INFO: &amp#27;[32mSave 6f4386f3-edf0-4a87-a09d-28f117cefdf4(uuid4317)
сент. 16, 2025 8:21:57 PM webapp.storage.AbstractStorage save
INFO: &amp#27;[32mSave 1fa6cff5-d93d-4499-b21c-24eb61175b7e(uuid4318)
сент. 16, 2025 8:21:57 PM webapp.storage.AbstractStorage save
INFO: &amp#27;[32mSave f0e0b7fc-4c76-4f9a-a138-eafe8750ef04(uuid4319)
сент. 16, 2025 8:21:57 PM webapp.storage.AbstractStorage save
INFO: &amp#27;[32mSave bc8e8a91-724e-43bd-998c-bc3a47206141(uuid4320)
сент. 16, 2025 8:21:57 PM webapp.storage.AbstractStorage save
INFO: &amp#27;[32mSave a285b02b-ede6-4e6e-adca-cc2096551389(uuid4321)
сент. 16, 2025 8:21:57 PM webapp.storage.AbstractStorage save
INFO: &amp#27;[32mSave 8c48062b-fafc-42a2-b899-ce322cc4619f(uuid4322)
сент. 16, 2025 8:21:57 PM webapp.storage.AbstractStorage save
INFO: &amp#27;[32mSave bb4cf52e-5687-4667-bd83-3a0d0134fc43(uuid4323)
сент. 16, 2025 8:21:57 PM webapp.storage.AbstractStorage save
INFO: &amp#27;[32mSave 411aaa0f-194f-4c6e-8265-a18941ca40c4(uuid4324)
сент. 16, 2025 8:21:57 PM webapp.storage.AbstractStorage save
INFO: &amp#27;[32mSave a1fa94ba-84fc-4111-bde4-512d635b7f02(uuid4325)
сент. 16, 2025 8:21:57 PM webapp.storage.AbstractStorage save
INFO: &amp#27;[32mSave 2835287b-4af9-49df-b1f0-dcb551f4d95b(uuid4326)
сент. 16, 2025 8:21:57 PM webapp.storage.AbstractStorage save
INFO: &amp#27;[32mSave 9f2d5a6f-5b88-4ecd-b6d0-2c0f1ef5fd60(uuid4327)
сент. 16, 2025 8:21:57 PM webapp.storage.AbstractStorage save
INFO: &amp#27;[32mSave f6b4a775-3200-409c-85f6-ed1dc217b348(uuid4328)
сент. 16, 2025 8:21:57 PM webapp.storage.AbstractStorage save
INFO: &amp#27;[32mSave 351b2288-d2e4-4f87-9341-e563dea5cef4(uuid4329)
сент. 16, 2025 8:21:57 PM webapp.storage.AbstractStorage save
INFO: &amp#27;[32mSave 69edd224-2174-4530-ad25-14e861f84ade(uuid4330)
сент. 16, 2025 8:21:57 PM webapp.storage.AbstractStorage save
INFO: &amp#27;[32mSave dc3d86e6-4528-4166-b0f3-f5bc71d60652(uuid4331)
сент. 16, 2025 8:21:57 PM webapp.storage.AbstractStorage save
INFO: &amp#27;[32mSave 223eb400-f02f-4d60-a7a5-8b01ff56ff9c(uuid4332)
сент. 16, 2025 8:21:57 PM webapp.storage.AbstractStorage save
INFO: &amp#27;[32mSave 3f9aa5c2-05a7-4671-b243-e4bcfe258fc2(uuid4333)
сент. 16, 2025 8:21:57 PM webapp.storage.AbstractStorage save
INFO: &amp#27;[32mSave 5a755390-74de-4fc6-b5bd-5842deddcbb7(uuid4334)
сент. 16, 2025 8:21:57 PM webapp.storage.AbstractStorage save
INFO: &amp#27;[32mSave c46e9e57-a118-4f3d-88a7-3c49bc40dd51(uuid4335)
сент. 16, 2025 8:21:57 PM webapp.storage.AbstractStorage save
INFO: &amp#27;[32mSave ccd2ccb9-82f0-4ad7-8a96-2afeb4188d71(uuid4336)
сент. 16, 2025 8:21:57 PM webapp.storage.AbstractStorage save
INFO: &amp#27;[32mSave 9563456d-e80b-49b3-9561-7cb020277595(uuid4337)
сент. 16, 2025 8:21:57 PM webapp.storage.AbstractStorage save
INFO: &amp#27;[32mSave f3e28c15-fec8-4c6a-856a-2859583d118e(uuid4338)
сент. 16, 2025 8:21:57 PM webapp.storage.AbstractStorage save
INFO: &amp#27;[32mSave ac56469c-0305-41dc-bc85-99c0ee3300b2(uuid4339)
сент. 16, 2025 8:21:57 PM webapp.storage.AbstractStorage save
INFO: &amp#27;[32mSave 425d1c8e-9884-4c28-a50f-0d0f861424bd(uuid4340)
сент. 16, 2025 8:21:57 PM webapp.storage.AbstractStorage save
INFO: &amp#27;[32mSave ec5cd4dc-2e43-4f78-8725-f805b1b39a85(uuid4341)
сент. 16, 2025 8:21:57 PM webapp.storage.AbstractStorage save
INFO: &amp#27;[32mSave 813983a9-bdea-4d90-b9d2-1a260a8a16c2(uuid4342)
сент. 16, 2025 8:21:57 PM webapp.storage.AbstractStorage save
INFO: &amp#27;[32mSave 61925545-7540-4975-87ac-f42ce3950ebd(uuid4343)
сент. 16, 2025 8:21:57 PM webapp.storage.AbstractStorage save
INFO: &amp#27;[32mSave b766d7b7-ef22-47c2-9253-72e127768fe0(uuid4344)
сент. 16, 2025 8:21:57 PM webapp.storage.AbstractStorage save
INFO: &amp#27;[32mSave 47ce17b3-76cd-412a-b892-2ef0ad407ba7(uuid4345)
сент. 16, 2025 8:21:57 PM webapp.storage.AbstractStorage save
INFO: &amp#27;[32mSave 799f245b-ce61-41e6-a0b7-92dcccde652a(uuid4346)
сент. 16, 2025 8:21:57 PM webapp.storage.AbstractStorage save
INFO: &amp#27;[32mSave 405b32fa-22f6-4c80-866e-dee4460b1c09(uuid4347)
сент. 16, 2025 8:21:57 PM webapp.storage.AbstractStorage save
INFO: &amp#27;[32mSave 6d77d7e2-a536-4f0a-849a-281d7e6a1f14(uuid4348)
сент. 16, 2025 8:21:57 PM webapp.storage.AbstractStorage save
INFO: &amp#27;[32mSave e4d52716-b6c1-4590-aa2a-d9b024861a29(uuid4349)
сент. 16, 2025 8:21:57 PM webapp.storage.AbstractStorage save
INFO: &amp#27;[32mSave 183384b9-1940-40e7-bc0a-d80abbc7e008(uuid4350)
сент. 16, 2025 8:21:57 PM webapp.storage.AbstractStorage save
INFO: &amp#27;[32mSave 1a1164d0-6c54-4dc6-8eed-4abd476159fb(uuid4351)
сент. 16, 2025 8:21:57 PM webapp.storage.AbstractStorage save
INFO: &amp#27;[32mSave f53ab6d3-a947-43dd-ad21-cdc969b08d40(uuid4352)
сент. 16, 2025 8:21:57 PM webapp.storage.AbstractStorage save
INFO: &amp#27;[32mSave e7d8581e-8348-422f-898c-c202cd1a8310(uuid4353)
сент. 16, 2025 8:21:57 PM webapp.storage.AbstractStorage save
INFO: &amp#27;[32mSave e3709bf7-4a27-40ea-8934-bf8174d1c4e5(uuid4354)
сент. 16, 2025 8:21:57 PM webapp.storage.AbstractStorage save
INFO: &amp#27;[32mSave 145a45c5-baaf-4886-b4f5-926d8f9b7562(uuid4355)
сент. 16, 2025 8:21:57 PM webapp.storage.AbstractStorage save
INFO: &amp#27;[32mSave d56673f9-8a1a-47b9-b1f4-bd0811968dec(uuid4356)
сент. 16, 2025 8:21:57 PM webapp.storage.AbstractStorage save
INFO: &amp#27;[32mSave bcc3d87c-2b97-4c5a-94e3-ac7becafe30c(uuid4357)
сент. 16, 2025 8:21:57 PM webapp.storage.AbstractStorage save
INFO: &amp#27;[32mSave 11f2a4ea-d8ba-4af3-98e1-782fe4080f2d(uuid4358)
сент. 16, 2025 8:21:57 PM webapp.storage.AbstractStorage save
INFO: &amp#27;[32mSave fb61fd69-2922-4099-a0c7-3efa08665843(uuid4359)
сент. 16, 2025 8:21:57 PM webapp.storage.AbstractStorage save
INFO: &amp#27;[32mSave 94598e4a-46e1-4c65-a5c4-b82a0cd44014(uuid4360)
сент. 16, 2025 8:21:57 PM webapp.storage.AbstractStorage save
INFO: &amp#27;[32mSave c8452148-4d56-43e4-9360-df55c73f0375(uuid4361)
сент. 16, 2025 8:21:57 PM webapp.storage.AbstractStorage save
INFO: &amp#27;[32mSave 448e2b17-a6d9-4ee9-839d-da288257cdfe(uuid4362)
сент. 16, 2025 8:21:57 PM webapp.storage.AbstractStorage save
INFO: &amp#27;[32mSave e48baf80-ae40-4715-87b5-bf1e79f093f0(uuid4363)
сент. 16, 2025 8:21:57 PM webapp.storage.AbstractStorage save
INFO: &amp#27;[32mSave ad232637-c0ea-434f-bf63-7027c7325d5f(uuid4364)
сент. 16, 2025 8:21:57 PM webapp.storage.AbstractStorage save
INFO: &amp#27;[32mSave e19b1ab1-e684-4cea-858f-9a63801493ab(uuid4365)
сент. 16, 2025 8:21:57 PM webapp.storage.AbstractStorage save
INFO: &amp#27;[32mSave e030eb3a-0060-45e0-84d6-d26c4e0e9675(uuid4366)
сент. 16, 2025 8:21:57 PM webapp.storage.AbstractStorage save
INFO: &amp#27;[32mSave aaa816e1-c4fe-4869-bf42-c462d2321106(uuid4367)
сент. 16, 2025 8:21:57 PM webapp.storage.AbstractStorage save
INFO: &amp#27;[32mSave 202091a9-3eb0-4b74-874a-edf2f236d077(uuid4368)
сент. 16, 2025 8:21:57 PM webapp.storage.AbstractStorage save
INFO: &amp#27;[32mSave 1ef19c87-868e-4541-9344-542dd308271c(uuid4369)
сент. 16, 2025 8:21:57 PM webapp.storage.AbstractStorage save
INFO: &amp#27;[32mSave 8859ce59-27ab-461f-b6bf-608cede1e02b(uuid4370)
сент. 16, 2025 8:21:57 PM webapp.storage.AbstractStorage save
INFO: &amp#27;[32mSave 24c17a4c-965c-4a10-8d8d-e1da62bbdb36(uuid4371)
сент. 16, 2025 8:21:57 PM webapp.storage.AbstractStorage save
INFO: &amp#27;[32mSave a7b9070b-609c-43a4-9acc-60039d9963ca(uuid4372)
сент. 16, 2025 8:21:57 PM webapp.storage.AbstractStorage save
INFO: &amp#27;[32mSave 7a3028d1-02c9-4ee7-bca3-d6e6b4a3281a(uuid4373)
сент. 16, 2025 8:21:57 PM webapp.storage.AbstractStorage save
INFO: &amp#27;[32mSave 1dbfc8d7-d971-492e-b984-769bb1bef24f(uuid4374)
сент. 16, 2025 8:21:57 PM webapp.storage.AbstractStorage save
INFO: &amp#27;[32mSave de06550b-4b93-48d9-a6a5-efc38b3c9b3a(uuid4375)
сент. 16, 2025 8:21:57 PM webapp.storage.AbstractStorage save
INFO: &amp#27;[32mSave 9dd8640f-b7b5-4b79-9914-f371fdb4f1b4(uuid4376)
сент. 16, 2025 8:21:57 PM webapp.storage.AbstractStorage save
INFO: &amp#27;[32mSave 2f492c40-abc2-42a2-a45f-5695ae0781e4(uuid4377)
сент. 16, 2025 8:21:57 PM webapp.storage.AbstractStorage save
INFO: &amp#27;[32mSave 54d2d021-5804-4361-ac79-ca098bf91665(uuid4378)
сент. 16, 2025 8:21:57 PM webapp.storage.AbstractStorage save
INFO: &amp#27;[32mSave f00c8e22-24d3-47ad-a9be-5c53aca6d4a3(uuid4379)
сент. 16, 2025 8:21:57 PM webapp.storage.AbstractStorage save
INFO: &amp#27;[32mSave 3859f07d-b809-4de9-adf7-79b8d1ae1563(uuid4380)
сент. 16, 2025 8:21:57 PM webapp.storage.AbstractStorage save
INFO: &amp#27;[32mSave 66ce8661-377c-40b5-aadb-c64bb8e06e4b(uuid4381)
сент. 16, 2025 8:21:57 PM webapp.storage.AbstractStorage save
INFO: &amp#27;[32mSave 546e10a3-089d-4660-a9e7-4f7b566b4a60(uuid4382)
сент. 16, 2025 8:21:57 PM webapp.storage.AbstractStorage save
INFO: &amp#27;[32mSave 54ff09a9-0cd3-4a99-bb6e-32b746041181(uuid4383)
сент. 16, 2025 8:21:57 PM webapp.storage.AbstractStorage save
INFO: &amp#27;[32mSave 802fe094-57c5-401e-b7bc-8296218a1162(uuid4384)
сент. 16, 2025 8:21:57 PM webapp.storage.AbstractStorage save
INFO: &amp#27;[32mSave cf9a970c-e1ed-454f-a807-3767565e59b4(uuid4385)
сент. 16, 2025 8:21:57 PM webapp.storage.AbstractStorage save
INFO: &amp#27;[32mSave 120d8625-e753-4a00-9f2c-2683b5f7059e(uuid4386)
сент. 16, 2025 8:21:57 PM webapp.storage.AbstractStorage save
INFO: &amp#27;[32mSave c7496871-ccaf-4c55-a714-200e0bbe6c41(uuid4387)
сент. 16, 2025 8:21:57 PM webapp.storage.AbstractStorage save
INFO: &amp#27;[32mSave 44af7e9c-0b90-43eb-8f95-58d3ada394bc(uuid4388)
сент. 16, 2025 8:21:57 PM webapp.storage.AbstractStorage save
INFO: &amp#27;[32mSave 2c68ffb7-cb24-4f4b-a92f-b0e6d74c982d(uuid4389)
сент. 16, 2025 8:21:57 PM webapp.storage.AbstractStorage save
INFO: &amp#27;[32mSave 22a7a0af-5c17-42be-ace0-04ab9c849b63(uuid4390)
сент. 16, 2025 8:21:57 PM webapp.storage.AbstractStorage save
INFO: &amp#27;[32mSave 49cdce12-1f98-4a8e-88aa-2270f4da4c3b(uuid4391)
сент. 16, 2025 8:21:57 PM webapp.storage.AbstractStorage save
INFO: &amp#27;[32mSave 30ebe28c-541f-441f-bd9b-65540b4dbdd3(uuid4392)
сент. 16, 2025 8:21:57 PM webapp.storage.AbstractStorage save
INFO: &amp#27;[32mSave 9afa033b-ea54-4bfc-af16-ff32f5d23f59(uuid4393)
сент. 16, 2025 8:21:57 PM webapp.storage.AbstractStorage save
INFO: &amp#27;[32mSave befeaa6c-c791-40cd-b1e9-46358d6cea54(uuid4394)
сент. 16, 2025 8:21:57 PM webapp.storage.AbstractStorage save
INFO: &amp#27;[32mSave 4298a52f-8bc6-4359-ada1-f996d57e449a(uuid4395)
сент. 16, 2025 8:21:57 PM webapp.storage.AbstractStorage save
INFO: &amp#27;[32mSave 75c3404a-e46d-4c4f-bf43-1e240c4d03c7(uuid4396)
сент. 16, 2025 8:21:57 PM webapp.storage.AbstractStorage save
INFO: &amp#27;[32mSave 55c47315-4fc1-4b85-bcb6-f799e397c68a(uuid4397)
сент. 16, 2025 8:21:57 PM webapp.storage.AbstractStorage save
INFO: &amp#27;[32mSave 35286a45-5a71-4c89-9a7e-f58b5e7d9dca(uuid4398)
сент. 16, 2025 8:21:57 PM webapp.storage.AbstractStorage save
INFO: &amp#27;[32mSave 1c258dde-99f9-43d9-abca-b1c19cf51fc1(uuid4399)
сент. 16, 2025 8:21:57 PM webapp.storage.AbstractStorage save
INFO: &amp#27;[32mSave bf815ebd-3e5f-4379-ba3f-e18de07235b3(uuid4400)
сент. 16, 2025 8:21:57 PM webapp.storage.AbstractStorage save
INFO: &amp#27;[32mSave 4dc419bb-b641-405f-9160-18cd19e3ec74(uuid4401)
сент. 16, 2025 8:21:57 PM webapp.storage.AbstractStorage save
INFO: &amp#27;[32mSave f8d05185-45f0-432b-87f1-1abebdbf053c(uuid4402)
сент. 16, 2025 8:21:57 PM webapp.storage.AbstractStorage save
INFO: &amp#27;[32mSave f742d9bc-b591-45a9-a865-f8ea3b1248c2(uuid4403)
сент. 16, 2025 8:21:57 PM webapp.storage.AbstractStorage save
INFO: &amp#27;[32mSave b3ed44c1-42bd-4d92-9998-bf03eb7a7cf2(uuid4404)
сент. 16, 2025 8:21:57 PM webapp.storage.AbstractStorage save
INFO: &amp#27;[32mSave 3a258b4d-124e-44f2-8a27-2d72bd30ccce(uuid4405)
сент. 16, 2025 8:21:57 PM webapp.storage.AbstractStorage save
INFO: &amp#27;[32mSave 535b191b-61e2-485e-ac74-68d3ae103088(uuid4406)
сент. 16, 2025 8:21:57 PM webapp.storage.AbstractStorage save
INFO: &amp#27;[32mSave bcdf2a6c-d893-4e21-ab46-5ccda29934fe(uuid4407)
сент. 16, 2025 8:21:57 PM webapp.storage.AbstractStorage save
INFO: &amp#27;[32mSave 8b8ce11a-ef17-4d4a-a637-c575d66d0b31(uuid4408)
сент. 16, 2025 8:21:57 PM webapp.storage.AbstractStorage save
INFO: &amp#27;[32mSave fc2d2b19-9f95-4509-9847-e254d02d924d(uuid4409)
сент. 16, 2025 8:21:57 PM webapp.storage.AbstractStorage save
INFO: &amp#27;[32mSave 6282c55c-f2a5-4424-8b6e-2ebce65e1e69(uuid4410)
сент. 16, 2025 8:21:57 PM webapp.storage.AbstractStorage save
INFO: &amp#27;[32mSave 46f9ba27-1e34-4a4e-af88-c814734d23a7(uuid4411)
сент. 16, 2025 8:21:57 PM webapp.storage.AbstractStorage save
INFO: &amp#27;[32mSave 2974d732-e6cb-4aff-83c5-1a127d771555(uuid4412)
сент. 16, 2025 8:21:57 PM webapp.storage.AbstractStorage save
INFO: &amp#27;[32mSave 8a792fed-c61e-4863-9240-dd5fc3f9e1c3(uuid4413)
сент. 16, 2025 8:21:57 PM webapp.storage.AbstractStorage save
INFO: &amp#27;[32mSave d3cc66e0-d803-4043-9010-f729a9be6988(uuid4414)
сент. 16, 2025 8:21:57 PM webapp.storage.AbstractStorage save
INFO: &amp#27;[32mSave a1b2e13a-270a-4f9a-aa08-a19b3dc2a626(uuid4415)
сент. 16, 2025 8:21:57 PM webapp.storage.AbstractStorage save
INFO: &amp#27;[32mSave 2cea0570-370a-435c-9fd7-37cea91a54f8(uuid4416)
сент. 16, 2025 8:21:57 PM webapp.storage.AbstractStorage save
INFO: &amp#27;[32mSave 87d6726b-712d-4e9e-ba99-32686d245930(uuid4417)
сент. 16, 2025 8:21:57 PM webapp.storage.AbstractStorage save
INFO: &amp#27;[32mSave 45b88435-29eb-4354-9b60-5206cff5f5de(uuid4418)
сент. 16, 2025 8:21:57 PM webapp.storage.AbstractStorage save
INFO: &amp#27;[32mSave 56b124f8-29ab-4464-8562-90529d2b6738(uuid4419)
сент. 16, 2025 8:21:57 PM webapp.storage.AbstractStorage save
INFO: &amp#27;[32mSave 74c0bf6d-e212-492c-b2e6-00b7ff411708(uuid4420)
сент. 16, 2025 8:21:57 PM webapp.storage.AbstractStorage save
INFO: &amp#27;[32mSave de64b812-4e38-4901-a379-5a2186b72ca5(uuid4421)
сент. 16, 2025 8:21:57 PM webapp.storage.AbstractStorage save
INFO: &amp#27;[32mSave e3717739-4f9e-41ea-ae0a-7f1de3aead4b(uuid4422)
сент. 16, 2025 8:21:57 PM webapp.storage.AbstractStorage save
INFO: &amp#27;[32mSave c3da8a74-0252-4e54-a178-a74aa1ac542a(uuid4423)
сент. 16, 2025 8:21:57 PM webapp.storage.AbstractStorage save
INFO: &amp#27;[32mSave aac7dda0-e680-4d05-9448-a32028b89220(uuid4424)
сент. 16, 2025 8:21:57 PM webapp.storage.AbstractStorage save
INFO: &amp#27;[32mSave 0fa02fe3-caed-456e-aa47-290fa102dfb9(uuid4425)
сент. 16, 2025 8:21:57 PM webapp.storage.AbstractStorage save
INFO: &amp#27;[32mSave aabc705b-1670-437d-9849-c2df14f31ef7(uuid4426)
сент. 16, 2025 8:21:57 PM webapp.storage.AbstractStorage save
INFO: &amp#27;[32mSave d7d84677-0031-4907-9f1b-c8f728119035(uuid4427)
сент. 16, 2025 8:21:57 PM webapp.storage.AbstractStorage save
INFO: &amp#27;[32mSave d6b74638-9d25-4b6e-a3c8-924be9fe76ea(uuid4428)
сент. 16, 2025 8:21:57 PM webapp.storage.AbstractStorage save
INFO: &amp#27;[32mSave 183e2bfc-2d62-4e78-bbb9-2f1193502666(uuid4429)
сент. 16, 2025 8:21:57 PM webapp.storage.AbstractStorage save
INFO: &amp#27;[32mSave bbb28f85-3c49-4bf4-a77a-d3776d77d44b(uuid4430)
сент. 16, 2025 8:21:57 PM webapp.storage.AbstractStorage save
INFO: &amp#27;[32mSave c072d4ea-72f9-4c80-8d5e-2f15030b0e51(uuid4431)
сент. 16, 2025 8:21:57 PM webapp.storage.AbstractStorage save
INFO: &amp#27;[32mSave 034b517c-4d8e-4c08-bcf8-d35fc1efedee(uuid4432)
сент. 16, 2025 8:21:57 PM webapp.storage.AbstractStorage save
INFO: &amp#27;[32mSave 45e4b45e-2e8a-4213-9690-697d7f3f8291(uuid4433)
сент. 16, 2025 8:21:57 PM webapp.storage.AbstractStorage save
INFO: &amp#27;[32mSave 8ce02e0e-18a2-4c29-ab4d-ce701b5df093(uuid4434)
сент. 16, 2025 8:21:57 PM webapp.storage.AbstractStorage save
INFO: &amp#27;[32mSave c6202591-7928-44e2-a2f7-e93271fc405f(uuid4435)
сент. 16, 2025 8:21:57 PM webapp.storage.AbstractStorage save
INFO: &amp#27;[32mSave e5819771-641f-47d5-ba32-ed35cb9efdc5(uuid4436)
сент. 16, 2025 8:21:57 PM webapp.storage.AbstractStorage save
INFO: &amp#27;[32mSave 85d12ab0-275e-4d3c-b1af-8e0bf13bfee6(uuid4437)
сент. 16, 2025 8:21:57 PM webapp.storage.AbstractStorage save
INFO: &amp#27;[32mSave 6dedbf37-d6dc-4976-85a4-73b35881d701(uuid4438)
сент. 16, 2025 8:21:57 PM webapp.storage.AbstractStorage save
INFO: &amp#27;[32mSave d0820935-e92a-4b8b-aaf0-d655989df272(uuid4439)
сент. 16, 2025 8:21:57 PM webapp.storage.AbstractStorage save
INFO: &amp#27;[32mSave 2803a69a-91ed-4b8c-a5fc-81ec15e24945(uuid4440)
сент. 16, 2025 8:21:57 PM webapp.storage.AbstractStorage save
INFO: &amp#27;[32mSave 7b844e03-51da-4606-91b1-3754d5ee3c0e(uuid4441)
сент. 16, 2025 8:21:57 PM webapp.storage.AbstractStorage save
INFO: &amp#27;[32mSave d57e54e3-8c16-44bf-ac05-f7cc46de49db(uuid4442)
сент. 16, 2025 8:21:57 PM webapp.storage.AbstractStorage save
INFO: &amp#27;[32mSave 7eaddcd8-56ac-4768-988f-261629c00db7(uuid4443)
сент. 16, 2025 8:21:57 PM webapp.storage.AbstractStorage save
INFO: &amp#27;[32mSave 22cb9122-303f-4320-863f-adbc2cbb01c0(uuid4444)
сент. 16, 2025 8:21:57 PM webapp.storage.AbstractStorage save
INFO: &amp#27;[32mSave a80c4344-fdaf-4867-b434-35c8b242c07e(uuid4445)
сент. 16, 2025 8:21:57 PM webapp.storage.AbstractStorage save
INFO: &amp#27;[32mSave 54213d6a-1600-463e-8fd4-d84b857de298(uuid4446)
сент. 16, 2025 8:21:57 PM webapp.storage.AbstractStorage save
INFO: &amp#27;[32mSave b2840226-97ec-4831-8e69-cfa1e28c5c93(uuid4447)
сент. 16, 2025 8:21:57 PM webapp.storage.AbstractStorage save
INFO: &amp#27;[32mSave 09a87cf9-a5c3-4f7b-83b9-e08cc239eb2f(uuid4448)
сент. 16, 2025 8:21:57 PM webapp.storage.AbstractStorage save
INFO: &amp#27;[32mSave ff6f6b01-37d8-4458-98a8-760ec43e58e6(uuid4449)
сент. 16, 2025 8:21:57 PM webapp.storage.AbstractStorage save
INFO: &amp#27;[32mSave af51f4cd-e4b3-4a45-a895-f8df68f65abe(uuid4450)
сент. 16, 2025 8:21:57 PM webapp.storage.AbstractStorage save
INFO: &amp#27;[32mSave a9503130-c000-4d1f-a8a4-cdfd957335e6(uuid4451)
сент. 16, 2025 8:21:57 PM webapp.storage.AbstractStorage save
INFO: &amp#27;[32mSave fd33f964-e7ed-4d75-8f6f-702ffcd41afd(uuid4452)
сент. 16, 2025 8:21:57 PM webapp.storage.AbstractStorage save
INFO: &amp#27;[32mSave 18c7d8f7-8c84-4778-9f54-a2b725136110(uuid4453)
сент. 16, 2025 8:21:57 PM webapp.storage.AbstractStorage save
INFO: &amp#27;[32mSave e4221a00-4485-40a4-921e-ce1ccdae82cf(uuid4454)
сент. 16, 2025 8:21:57 PM webapp.storage.AbstractStorage save
INFO: &amp#27;[32mSave e9ae143c-c4ed-4671-84bc-54bc8c999424(uuid4455)
сент. 16, 2025 8:21:57 PM webapp.storage.AbstractStorage save
INFO: &amp#27;[32mSave 4cf8456f-2928-4136-accb-da8f92f9a16f(uuid4456)
сент. 16, 2025 8:21:57 PM webapp.storage.AbstractStorage save
INFO: &amp#27;[32mSave 1a0a8639-17b4-4f72-9fb9-4d400e188c31(uuid4457)
сент. 16, 2025 8:21:57 PM webapp.storage.AbstractStorage save
INFO: &amp#27;[32mSave 84825596-6723-47a7-8e39-c408567dbe68(uuid4458)
сент. 16, 2025 8:21:57 PM webapp.storage.AbstractStorage save
INFO: &amp#27;[32mSave 5cb76973-17c9-4bd6-bea6-0212576c5108(uuid4459)
сент. 16, 2025 8:21:57 PM webapp.storage.AbstractStorage save
INFO: &amp#27;[32mSave 8f6657b7-f173-45d3-a88b-d81214e8894f(uuid4460)
сент. 16, 2025 8:21:57 PM webapp.storage.AbstractStorage save
INFO: &amp#27;[32mSave c1468279-4ffc-4222-8339-b2b60c67fa6e(uuid4461)
сент. 16, 2025 8:21:57 PM webapp.storage.AbstractStorage save
INFO: &amp#27;[32mSave b3e571a8-2769-496a-9aaa-8c0d805b6519(uuid4462)
сент. 16, 2025 8:21:57 PM webapp.storage.AbstractStorage save
INFO: &amp#27;[32mSave 15c69c75-9847-471d-9fa2-62e3f69b40a8(uuid4463)
сент. 16, 2025 8:21:57 PM webapp.storage.AbstractStorage save
INFO: &amp#27;[32mSave c2d2188f-45d6-4ce9-93b8-fce10b7d40ed(uuid4464)
сент. 16, 2025 8:21:57 PM webapp.storage.AbstractStorage save
INFO: &amp#27;[32mSave c9786159-ad1b-4707-a68b-fcf4887dfd5f(uuid4465)
сент. 16, 2025 8:21:57 PM webapp.storage.AbstractStorage save
INFO: &amp#27;[32mSave 5230cd5d-3584-4fbe-9b77-5e5d23a8b648(uuid4466)
сент. 16, 2025 8:21:57 PM webapp.storage.AbstractStorage save
INFO: &amp#27;[32mSave 734dc508-d47c-4e8b-8872-2331e524998f(uuid4467)
сент. 16, 2025 8:21:57 PM webapp.storage.AbstractStorage save
INFO: &amp#27;[32mSave 445595b1-24e2-4b23-8fbe-f312ab26619c(uuid4468)
сент. 16, 2025 8:21:57 PM webapp.storage.AbstractStorage save
INFO: &amp#27;[32mSave c7370903-27be-4b78-abec-98d9792aa79c(uuid4469)
сент. 16, 2025 8:21:57 PM webapp.storage.AbstractStorage save
INFO: &amp#27;[32mSave 28914aa8-3fd0-4890-82ee-2339b35be454(uuid4470)
сент. 16, 2025 8:21:57 PM webapp.storage.AbstractStorage save
INFO: &amp#27;[32mSave c638b48f-7fda-450c-bb0d-1e97900dd6d4(uuid4471)
сент. 16, 2025 8:21:57 PM webapp.storage.AbstractStorage save
INFO: &amp#27;[32mSave 084d34e8-01b3-4dfd-a796-2dec02bd1067(uuid4472)
сент. 16, 2025 8:21:57 PM webapp.storage.AbstractStorage save
INFO: &amp#27;[32mSave d2aa6a17-175e-4c3d-89a6-8cba6595b454(uuid4473)
сент. 16, 2025 8:21:57 PM webapp.storage.AbstractStorage save
INFO: &amp#27;[32mSave f33113e1-4a05-4398-a192-a46001a50a71(uuid4474)
сент. 16, 2025 8:21:57 PM webapp.storage.AbstractStorage save
INFO: &amp#27;[32mSave 61a7881a-f0db-4ebd-a3d2-0d5ce272a355(uuid4475)
сент. 16, 2025 8:21:57 PM webapp.storage.AbstractStorage save
INFO: &amp#27;[32mSave 7ae98095-ebc7-42bc-95b2-72982d3e36b1(uuid4476)
сент. 16, 2025 8:21:57 PM webapp.storage.AbstractStorage save
INFO: &amp#27;[32mSave f82f5d5c-5da2-43de-8042-89361e460d8f(uuid4477)
сент. 16, 2025 8:21:57 PM webapp.storage.AbstractStorage save
INFO: &amp#27;[32mSave 9c72ab4e-4fbf-4758-a0e0-350e37440b7a(uuid4478)
сент. 16, 2025 8:21:57 PM webapp.storage.AbstractStorage save
INFO: &amp#27;[32mSave 7e325fae-121e-40c9-85ca-77eac830bcbc(uuid4479)
сент. 16, 2025 8:21:57 PM webapp.storage.AbstractStorage save
INFO: &amp#27;[32mSave 24fa9d19-6557-474e-9bc5-e58a61ce34c6(uuid4480)
сент. 16, 2025 8:21:57 PM webapp.storage.AbstractStorage save
INFO: &amp#27;[32mSave 00057cc3-f17e-45ce-84d5-8ddfcdc4297f(uuid4481)
сент. 16, 2025 8:21:57 PM webapp.storage.AbstractStorage save
INFO: &amp#27;[32mSave 99e25250-319b-40a8-ac01-cbbfd94cf9dc(uuid4482)
сент. 16, 2025 8:21:57 PM webapp.storage.AbstractStorage save
INFO: &amp#27;[32mSave a56cb413-edea-4d92-bcd1-5e9ed92b7110(uuid4483)
сент. 16, 2025 8:21:57 PM webapp.storage.AbstractStorage save
INFO: &amp#27;[32mSave 0f3535bb-e3ee-42c5-85ae-11c7eaa693ef(uuid4484)
сент. 16, 2025 8:21:57 PM webapp.storage.AbstractStorage save
INFO: &amp#27;[32mSave d0b09159-c131-4586-941b-6ae98d3c48d9(uuid4485)
сент. 16, 2025 8:21:57 PM webapp.storage.AbstractStorage save
INFO: &amp#27;[32mSave 3cbda7be-6ea4-4a6f-90a4-c54a97ada70b(uuid4486)
сент. 16, 2025 8:21:57 PM webapp.storage.AbstractStorage save
INFO: &amp#27;[32mSave 77415e4a-c678-4668-81bd-54222638efd9(uuid4487)
сент. 16, 2025 8:21:57 PM webapp.storage.AbstractStorage save
INFO: &amp#27;[32mSave bb7eabab-b8c5-48aa-b8dd-b60fb22e905f(uuid4488)
сент. 16, 2025 8:21:57 PM webapp.storage.AbstractStorage save
INFO: &amp#27;[32mSave ead0a0ab-a9bb-4bdd-969e-98bdee87aafe(uuid4489)
сент. 16, 2025 8:21:57 PM webapp.storage.AbstractStorage save
INFO: &amp#27;[32mSave ba70803c-4d31-4b14-b2c8-35320153da10(uuid4490)
сент. 16, 2025 8:21:57 PM webapp.storage.AbstractStorage save
INFO: &amp#27;[32mSave ba72dd5c-ba54-4b95-9f8f-e884a5ca2e88(uuid4491)
сент. 16, 2025 8:21:57 PM webapp.storage.AbstractStorage save
INFO: &amp#27;[32mSave b052e554-73ab-49ab-9647-db2c86943244(uuid4492)
сент. 16, 2025 8:21:57 PM webapp.storage.AbstractStorage save
INFO: &amp#27;[32mSave 16b3083b-7c98-4e92-9b47-4377256f3337(uuid4493)
сент. 16, 2025 8:21:57 PM webapp.storage.AbstractStorage save
INFO: &amp#27;[32mSave 5d3ef2ec-1b05-4abb-a0be-a51f3c3703f1(uuid4494)
сент. 16, 2025 8:21:57 PM webapp.storage.AbstractStorage save
INFO: &amp#27;[32mSave b026e13a-1da0-498f-bf27-3ce3db7458af(uuid4495)
сент. 16, 2025 8:21:57 PM webapp.storage.AbstractStorage save
INFO: &amp#27;[32mSave 3768526a-582e-4d76-9e74-e683b0b6746b(uuid4496)
сент. 16, 2025 8:21:57 PM webapp.storage.AbstractStorage save
INFO: &amp#27;[32mSave 49f6d014-88fb-46d9-bff5-b3c848967afc(uuid4497)
сент. 16, 2025 8:21:57 PM webapp.storage.AbstractStorage save
INFO: &amp#27;[32mSave 4c9909be-afa9-40e1-ba1a-11ee0c0604c2(uuid4498)
сент. 16, 2025 8:21:57 PM webapp.storage.AbstractStorage save
INFO: &amp#27;[32mSave 5e2ec89d-733a-45bd-95b7-6dfe7cbe34b0(uuid4499)
сент. 16, 2025 8:21:57 PM webapp.storage.AbstractStorage save
INFO: &amp#27;[32mSave 0f09e978-4628-483b-a9a8-57bba87c46b3(uuid4500)
сент. 16, 2025 8:21:57 PM webapp.storage.AbstractStorage save
INFO: &amp#27;[32mSave 0aa09414-df43-4366-90a3-9371cbdc9339(uuid4501)
сент. 16, 2025 8:21:57 PM webapp.storage.AbstractStorage save
INFO: &amp#27;[32mSave c71ab2cd-e167-4a93-8eb4-003cbd469b5b(uuid4502)
сент. 16, 2025 8:21:57 PM webapp.storage.AbstractStorage save
INFO: &amp#27;[32mSave 8c619ad8-8b4d-4d6a-b54d-397ba75c6ba7(uuid4503)
сент. 16, 2025 8:21:57 PM webapp.storage.AbstractStorage save
INFO: &amp#27;[32mSave d96bf8ca-24df-4ac6-8c06-f9621787e619(uuid4504)
сент. 16, 2025 8:21:57 PM webapp.storage.AbstractStorage save
INFO: &amp#27;[32mSave 2412ca1d-2140-45c3-963d-6a648a0c8df6(uuid4505)
сент. 16, 2025 8:21:57 PM webapp.storage.AbstractStorage save
INFO: &amp#27;[32mSave 96e584b5-8a0f-4bbf-88ea-c8163d06f7bb(uuid4506)
сент. 16, 2025 8:21:57 PM webapp.storage.AbstractStorage save
INFO: &amp#27;[32mSave 4dce05a9-10db-4de5-b34e-dac4455cd141(uuid4507)
сент. 16, 2025 8:21:57 PM webapp.storage.AbstractStorage save
INFO: &amp#27;[32mSave 39e7f61c-80db-48ea-b264-25473364e9b0(uuid4508)
сент. 16, 2025 8:21:57 PM webapp.storage.AbstractStorage save
INFO: &amp#27;[32mSave e349487d-1dee-4060-bc05-315683faa800(uuid4509)
сент. 16, 2025 8:21:57 PM webapp.storage.AbstractStorage save
INFO: &amp#27;[32mSave 2cb043cf-b6a7-4492-a3e0-3c22dc1b3d7a(uuid4510)
сент. 16, 2025 8:21:57 PM webapp.storage.AbstractStorage save
INFO: &amp#27;[32mSave 7f619b85-40fe-427a-9aaa-85770cd5f72f(uuid4511)
сент. 16, 2025 8:21:57 PM webapp.storage.AbstractStorage save
INFO: &amp#27;[32mSave b1c5bee4-f0cf-4f8f-92c6-4d52db474e2e(uuid4512)
сент. 16, 2025 8:21:57 PM webapp.storage.AbstractStorage save
INFO: &amp#27;[32mSave 7f19e75a-a827-464b-82f0-b86fe8f45d3b(uuid4513)
сент. 16, 2025 8:21:57 PM webapp.storage.AbstractStorage save
INFO: &amp#27;[32mSave 9849cd59-b1e3-484f-9a09-1f90f84d086f(uuid4514)
сент. 16, 2025 8:21:57 PM webapp.storage.AbstractStorage save
INFO: &amp#27;[32mSave 32b305ff-96e5-4cfd-b9eb-fdfde1bef0de(uuid4515)
сент. 16, 2025 8:21:57 PM webapp.storage.AbstractStorage save
INFO: &amp#27;[32mSave ef5bdd0e-df59-4f1f-93cf-82f6011c124e(uuid4516)
сент. 16, 2025 8:21:57 PM webapp.storage.AbstractStorage save
INFO: &amp#27;[32mSave 9f773696-f066-4055-ac8e-6dee92eae4d0(uuid4517)
сент. 16, 2025 8:21:57 PM webapp.storage.AbstractStorage save
INFO: &amp#27;[32mSave 987b571e-9615-4a2d-9d23-82eb8b86bf05(uuid4518)
сент. 16, 2025 8:21:57 PM webapp.storage.AbstractStorage save
INFO: &amp#27;[32mSave d9b49504-e3eb-4428-8359-ff8ed34761f4(uuid4519)
сент. 16, 2025 8:21:57 PM webapp.storage.AbstractStorage save
INFO: &amp#27;[32mSave 9f7e5a10-9c97-49e6-a675-3592abc8fc0b(uuid4520)
сент. 16, 2025 8:21:57 PM webapp.storage.AbstractStorage save
INFO: &amp#27;[32mSave ac177138-cd15-400c-ab06-0097bd7ef4d7(uuid4521)
сент. 16, 2025 8:21:57 PM webapp.storage.AbstractStorage save
INFO: &amp#27;[32mSave 2029c3b6-b4e5-48bf-b436-2802b52d4229(uuid4522)
сент. 16, 2025 8:21:57 PM webapp.storage.AbstractStorage save
INFO: &amp#27;[32mSave 81494abb-b91d-4b4e-aeaf-5fd51dbc6bb7(uuid4523)
сент. 16, 2025 8:21:57 PM webapp.storage.AbstractStorage save
INFO: &amp#27;[32mSave 70e65f4b-5a32-4e7b-9271-51640a63abe4(uuid4524)
сент. 16, 2025 8:21:57 PM webapp.storage.AbstractStorage save
INFO: &amp#27;[32mSave 8c5d8c08-635e-4409-a729-6e701de99eb6(uuid4525)
сент. 16, 2025 8:21:57 PM webapp.storage.AbstractStorage save
INFO: &amp#27;[32mSave 7658ac6a-343f-44bf-85dc-991f7e9fe45a(uuid4526)
сент. 16, 2025 8:21:57 PM webapp.storage.AbstractStorage save
INFO: &amp#27;[32mSave 99afad33-d601-491f-8048-94cfaf2849a0(uuid4527)
сент. 16, 2025 8:21:57 PM webapp.storage.AbstractStorage save
INFO: &amp#27;[32mSave 8bfc1a4f-db79-4b0d-b559-30d359b566da(uuid4528)
сент. 16, 2025 8:21:57 PM webapp.storage.AbstractStorage save
INFO: &amp#27;[32mSave da650510-4cba-4051-8f8f-4d8aa5278274(uuid4529)
сент. 16, 2025 8:21:57 PM webapp.storage.AbstractStorage save
INFO: &amp#27;[32mSave 32ed621e-217e-463c-b220-4c9eb2c0fadf(uuid4530)
сент. 16, 2025 8:21:57 PM webapp.storage.AbstractStorage save
INFO: &amp#27;[32mSave 198d72b2-3806-4336-98a5-3a1fffea7c80(uuid4531)
сент. 16, 2025 8:21:57 PM webapp.storage.AbstractStorage save
INFO: &amp#27;[32mSave 40183eac-1324-40fa-a5ac-b8ffe6303d89(uuid4532)
сент. 16, 2025 8:21:57 PM webapp.storage.AbstractStorage save
INFO: &amp#27;[32mSave 10c8d062-7d59-4bcf-9c7d-8d62df7f3231(uuid4533)
сент. 16, 2025 8:21:57 PM webapp.storage.AbstractStorage save
INFO: &amp#27;[32mSave ccf56123-cf7f-463b-a2be-c5cc8347604e(uuid4534)
сент. 16, 2025 8:21:57 PM webapp.storage.AbstractStorage save
INFO: &amp#27;[32mSave 83e7e522-f051-41d7-8587-c34e547d6084(uuid4535)
сент. 16, 2025 8:21:57 PM webapp.storage.AbstractStorage save
INFO: &amp#27;[32mSave f31c7b36-3756-4d2c-82cc-479559c8964a(uuid4536)
сент. 16, 2025 8:21:57 PM webapp.storage.AbstractStorage save
INFO: &amp#27;[32mSave 04eb812b-3556-4761-bc8e-55340ca0acd1(uuid4537)
сент. 16, 2025 8:21:57 PM webapp.storage.AbstractStorage save
INFO: &amp#27;[32mSave 53274bef-755a-4583-b814-55d21719b21b(uuid4538)
сент. 16, 2025 8:21:57 PM webapp.storage.AbstractStorage save
INFO: &amp#27;[32mSave a567cdd9-85cc-4a9c-af22-0ac3d4ecf13e(uuid4539)
сент. 16, 2025 8:21:57 PM webapp.storage.AbstractStorage save
INFO: &amp#27;[32mSave 9b2e9714-9161-4eac-b42d-cb3f034c830e(uuid4540)
сент. 16, 2025 8:21:57 PM webapp.storage.AbstractStorage save
INFO: &amp#27;[32mSave 49e0d2fd-73df-4f42-b064-91b0d821cbfa(uuid4541)
сент. 16, 2025 8:21:57 PM webapp.storage.AbstractStorage save
INFO: &amp#27;[32mSave ec4fad34-c822-4c37-9636-2ac622764131(uuid4542)
сент. 16, 2025 8:21:57 PM webapp.storage.AbstractStorage save
INFO: &amp#27;[32mSave 240793af-e71a-4926-bc8a-94dedf584e6d(uuid4543)
сент. 16, 2025 8:21:57 PM webapp.storage.AbstractStorage save
INFO: &amp#27;[32mSave f07e6d0e-4db2-4431-b604-eaf67a31fa0b(uuid4544)
сент. 16, 2025 8:21:57 PM webapp.storage.AbstractStorage save
INFO: &amp#27;[32mSave d88e1314-f286-4794-9249-9aaa9dfbb26c(uuid4545)
сент. 16, 2025 8:21:57 PM webapp.storage.AbstractStorage save
INFO: &amp#27;[32mSave 1e5e347d-5422-44d2-ad5b-5fa92e24d542(uuid4546)
сент. 16, 2025 8:21:57 PM webapp.storage.AbstractStorage save
INFO: &amp#27;[32mSave 4c591b4c-6523-4113-9470-30585fd75d4a(uuid4547)
сент. 16, 2025 8:21:57 PM webapp.storage.AbstractStorage save
INFO: &amp#27;[32mSave 0c993809-4a08-4b68-bf37-9b4b6238bc45(uuid4548)
сент. 16, 2025 8:21:57 PM webapp.storage.AbstractStorage save
INFO: &amp#27;[32mSave 712618fb-867f-4460-a2b9-c9941d8ada46(uuid4549)
сент. 16, 2025 8:21:57 PM webapp.storage.AbstractStorage save
INFO: &amp#27;[32mSave 2563df36-2acb-470d-900d-c3a27f95047f(uuid4550)
сент. 16, 2025 8:21:57 PM webapp.storage.AbstractStorage save
INFO: &amp#27;[32mSave 905f5307-0d60-45bd-8ed7-3e731b26847a(uuid4551)
сент. 16, 2025 8:21:57 PM webapp.storage.AbstractStorage save
INFO: &amp#27;[32mSave d5828044-9763-47ec-b4a6-f4bb0687e931(uuid4552)
сент. 16, 2025 8:21:57 PM webapp.storage.AbstractStorage save
INFO: &amp#27;[32mSave ec623ed8-500b-425e-a7e2-395e0f38f9d5(uuid4553)
сент. 16, 2025 8:21:57 PM webapp.storage.AbstractStorage save
INFO: &amp#27;[32mSave e40be6df-7c53-4a67-9f00-076e31e50cca(uuid4554)
сент. 16, 2025 8:21:57 PM webapp.storage.AbstractStorage save
INFO: &amp#27;[32mSave 616cd428-9425-42c6-ba53-90160c7e38c8(uuid4555)
сент. 16, 2025 8:21:57 PM webapp.storage.AbstractStorage save
INFO: &amp#27;[32mSave ca33b8e0-6098-4c38-8c15-45aaa9f99b39(uuid4556)
сент. 16, 2025 8:21:57 PM webapp.storage.AbstractStorage save
INFO: &amp#27;[32mSave b2c5d6b1-7143-47c1-badd-b4d990e9856a(uuid4557)
сент. 16, 2025 8:21:57 PM webapp.storage.AbstractStorage save
INFO: &amp#27;[32mSave 7f1cff12-d14c-46e6-a27a-2455898d0cf6(uuid4558)
сент. 16, 2025 8:21:57 PM webapp.storage.AbstractStorage save
INFO: &amp#27;[32mSave 1899598a-7b80-4698-8359-51c140625611(uuid4559)
сент. 16, 2025 8:21:57 PM webapp.storage.AbstractStorage save
INFO: &amp#27;[32mSave 719c1b2e-60f9-4e09-8e4d-44a471102598(uuid4560)
сент. 16, 2025 8:21:57 PM webapp.storage.AbstractStorage save
INFO: &amp#27;[32mSave e8c01b0a-4591-41ad-897c-54de3737e0a9(uuid4561)
сент. 16, 2025 8:21:57 PM webapp.storage.AbstractStorage save
INFO: &amp#27;[32mSave 63b9bf57-3ab1-4a1f-b896-203185a3ed38(uuid4562)
сент. 16, 2025 8:21:57 PM webapp.storage.AbstractStorage save
INFO: &amp#27;[32mSave 2c17d912-ab8a-4fdd-9450-c94c6a230ec3(uuid4563)
сент. 16, 2025 8:21:57 PM webapp.storage.AbstractStorage save
INFO: &amp#27;[32mSave f821a958-4881-4470-a0cf-b263c63eee87(uuid4564)
сент. 16, 2025 8:21:57 PM webapp.storage.AbstractStorage save
INFO: &amp#27;[32mSave 3347bef5-b825-4485-9ec8-8b0266fd56ae(uuid4565)
сент. 16, 2025 8:21:57 PM webapp.storage.AbstractStorage save
INFO: &amp#27;[32mSave f6470224-7e02-4d48-8617-18ee3cfc4920(uuid4566)
сент. 16, 2025 8:21:57 PM webapp.storage.AbstractStorage save
INFO: &amp#27;[32mSave a9e04d94-f16d-489e-823a-25cbe7a52d7f(uuid4567)
сент. 16, 2025 8:21:57 PM webapp.storage.AbstractStorage save
INFO: &amp#27;[32mSave 302e75ba-9dd5-4f47-9987-8756c38ed2c5(uuid4568)
сент. 16, 2025 8:21:57 PM webapp.storage.AbstractStorage save
INFO: &amp#27;[32mSave f3dfd7c0-61a1-4a54-9c20-ddaef837531c(uuid4569)
сент. 16, 2025 8:21:57 PM webapp.storage.AbstractStorage save
INFO: &amp#27;[32mSave 1f1ec1cd-7cbf-4cf9-994c-d6a6b62391ae(uuid4570)
сент. 16, 2025 8:21:57 PM webapp.storage.AbstractStorage save
INFO: &amp#27;[32mSave bd2274ad-8813-4d50-9b06-0bb48658bcea(uuid4571)
сент. 16, 2025 8:21:57 PM webapp.storage.AbstractStorage save
INFO: &amp#27;[32mSave 479da0cf-c974-45cd-a7ea-97d4bec9cc68(uuid4572)
сент. 16, 2025 8:21:57 PM webapp.storage.AbstractStorage save
INFO: &amp#27;[32mSave f09a2582-fc1d-4550-a8f5-36e584a3873f(uuid4573)
сент. 16, 2025 8:21:57 PM webapp.storage.AbstractStorage save
INFO: &amp#27;[32mSave 2e927aa7-061a-4a0c-9131-431df364d2a3(uuid4574)
сент. 16, 2025 8:21:57 PM webapp.storage.AbstractStorage save
INFO: &amp#27;[32mSave 568adf0f-caf8-486f-96bf-5b132a8bc560(uuid4575)
сент. 16, 2025 8:21:57 PM webapp.storage.AbstractStorage save
INFO: &amp#27;[32mSave fef5adda-aec1-4504-81d0-5b5283acc409(uuid4576)
сент. 16, 2025 8:21:57 PM webapp.storage.AbstractStorage save
INFO: &amp#27;[32mSave b00c26fc-7a78-41e0-82dd-be878cc3c4a3(uuid4577)
сент. 16, 2025 8:21:57 PM webapp.storage.AbstractStorage save
INFO: &amp#27;[32mSave e8759971-ee51-4ecf-9ed8-2492ba8446b5(uuid4578)
сент. 16, 2025 8:21:57 PM webapp.storage.AbstractStorage save
INFO: &amp#27;[32mSave e23686a4-ce18-4c7a-b50d-ced130835034(uuid4579)
сент. 16, 2025 8:21:57 PM webapp.storage.AbstractStorage save
INFO: &amp#27;[32mSave 0a654acf-de88-4526-bbbc-8f160b40a2e2(uuid4580)
сент. 16, 2025 8:21:57 PM webapp.storage.AbstractStorage save
INFO: &amp#27;[32mSave ceec11a9-3f3c-44bd-9cb0-3c3da443ff5b(uuid4581)
сент. 16, 2025 8:21:57 PM webapp.storage.AbstractStorage save
INFO: &amp#27;[32mSave a0d83a33-43b2-4f83-8894-ecdf98e8c5fb(uuid4582)
сент. 16, 2025 8:21:57 PM webapp.storage.AbstractStorage save
INFO: &amp#27;[32mSave c1778a0a-00b3-48f5-bfb7-07ca7bdc9668(uuid4583)
сент. 16, 2025 8:21:57 PM webapp.storage.AbstractStorage save
INFO: &amp#27;[32mSave 381a9884-69a4-4145-9334-50672c069ed6(uuid4584)
сент. 16, 2025 8:21:57 PM webapp.storage.AbstractStorage save
INFO: &amp#27;[32mSave d4714d8f-9c8b-4575-9458-a9a6bd1acf6b(uuid4585)
сент. 16, 2025 8:21:57 PM webapp.storage.AbstractStorage save
INFO: &amp#27;[32mSave 913e3e0e-d597-4dc6-a63b-fdc4852d455f(uuid4586)
сент. 16, 2025 8:21:57 PM webapp.storage.AbstractStorage save
INFO: &amp#27;[32mSave 676ee9ea-e63e-4655-bcd5-52735ae36915(uuid4587)
сент. 16, 2025 8:21:57 PM webapp.storage.AbstractStorage save
INFO: &amp#27;[32mSave e4a20ece-45f9-4f70-a0a3-e3953ab4c346(uuid4588)
сент. 16, 2025 8:21:57 PM webapp.storage.AbstractStorage save
INFO: &amp#27;[32mSave 03a9f3dd-6e8e-47c2-b46d-26fba7cdfa3b(uuid4589)
сент. 16, 2025 8:21:57 PM webapp.storage.AbstractStorage save
INFO: &amp#27;[32mSave 0e7a8d96-10a6-47b8-b8e8-ca50a83c1b0b(uuid4590)
сент. 16, 2025 8:21:57 PM webapp.storage.AbstractStorage save
INFO: &amp#27;[32mSave 86d45e4d-5b36-4adc-bc2c-a6d62ccaf0a4(uuid4591)
сент. 16, 2025 8:21:57 PM webapp.storage.AbstractStorage save
INFO: &amp#27;[32mSave c4bd41dd-d665-4c1c-a72d-bc95d3f96dd4(uuid4592)
сент. 16, 2025 8:21:57 PM webapp.storage.AbstractStorage save
INFO: &amp#27;[32mSave fe215a4c-815c-49ed-a5ba-7d529399430c(uuid4593)
сент. 16, 2025 8:21:57 PM webapp.storage.AbstractStorage save
INFO: &amp#27;[32mSave ac5254d7-0289-4d7b-a682-846cfd553300(uuid4594)
сент. 16, 2025 8:21:57 PM webapp.storage.AbstractStorage save
INFO: &amp#27;[32mSave fc59faca-6e43-4888-b498-32b745ed0520(uuid4595)
сент. 16, 2025 8:21:57 PM webapp.storage.AbstractStorage save
INFO: &amp#27;[32mSave 5544e42e-e7fa-4c3d-8ffb-ceda32c1ab67(uuid4596)
сент. 16, 2025 8:21:57 PM webapp.storage.AbstractStorage save
INFO: &amp#27;[32mSave 9f0bf961-3f9d-49b2-b62c-103365582f43(uuid4597)
сент. 16, 2025 8:21:57 PM webapp.storage.AbstractStorage save
INFO: &amp#27;[32mSave 07d419a5-8041-441f-ab0c-5faa0d75adaf(uuid4598)
сент. 16, 2025 8:21:57 PM webapp.storage.AbstractStorage save
INFO: &amp#27;[32mSave 7bf71674-148c-46e7-80d1-45e468c728c7(uuid4599)
сент. 16, 2025 8:21:57 PM webapp.storage.AbstractStorage save
INFO: &amp#27;[32mSave 165a7011-f59a-4a7e-90cd-c62cb3b21b99(uuid4600)
сент. 16, 2025 8:21:57 PM webapp.storage.AbstractStorage save
INFO: &amp#27;[32mSave 67c76a42-4f1d-4448-a718-952b0ea47fa7(uuid4601)
сент. 16, 2025 8:21:57 PM webapp.storage.AbstractStorage save
INFO: &amp#27;[32mSave 189d2c24-a6a6-401e-a0a6-64213d58de41(uuid4602)
сент. 16, 2025 8:21:57 PM webapp.storage.AbstractStorage save
INFO: &amp#27;[32mSave bf1dc045-6e31-4899-834d-4e24e29051b3(uuid4603)
сент. 16, 2025 8:21:57 PM webapp.storage.AbstractStorage save
INFO: &amp#27;[32mSave 6f38fd6d-ba2e-47c2-a432-a691b3a080d6(uuid4604)
сент. 16, 2025 8:21:57 PM webapp.storage.AbstractStorage save
INFO: &amp#27;[32mSave ee74115d-c01f-4c60-bc9f-bbf3991e343a(uuid4605)
сент. 16, 2025 8:21:57 PM webapp.storage.AbstractStorage save
INFO: &amp#27;[32mSave f36f0eae-05a0-4684-a2cc-112e7d177551(uuid4606)
сент. 16, 2025 8:21:57 PM webapp.storage.AbstractStorage save
INFO: &amp#27;[32mSave fdc3ab17-3010-4c6b-8ea6-458cb106c095(uuid4607)
сент. 16, 2025 8:21:57 PM webapp.storage.AbstractStorage save
INFO: &amp#27;[32mSave cb5a8274-cb32-44c7-bec8-6da8cd803e92(uuid4608)
сент. 16, 2025 8:21:57 PM webapp.storage.AbstractStorage save
INFO: &amp#27;[32mSave cf32e8fd-ca68-43d0-b2b6-aac2fbffcbd7(uuid4609)
сент. 16, 2025 8:21:57 PM webapp.storage.AbstractStorage save
INFO: &amp#27;[32mSave 624cb120-aa5c-43ef-9e7d-98015292d6eb(uuid4610)
сент. 16, 2025 8:21:57 PM webapp.storage.AbstractStorage save
INFO: &amp#27;[32mSave 0c0428b4-17c7-4b2c-be2e-a06fd6965a7c(uuid4611)
сент. 16, 2025 8:21:57 PM webapp.storage.AbstractStorage save
INFO: &amp#27;[32mSave b2e3e2f5-0b88-4b32-8a27-50de5c853803(uuid4612)
сент. 16, 2025 8:21:57 PM webapp.storage.AbstractStorage save
INFO: &amp#27;[32mSave b6ef562f-5a4e-46c3-9bfb-09d15109414e(uuid4613)
сент. 16, 2025 8:21:57 PM webapp.storage.AbstractStorage save
INFO: &amp#27;[32mSave 645934b0-6130-4ff8-927e-d8c8518e4ecd(uuid4614)
сент. 16, 2025 8:21:57 PM webapp.storage.AbstractStorage save
INFO: &amp#27;[32mSave e091a59f-6294-43ea-8797-c734dd8ccd86(uuid4615)
сент. 16, 2025 8:21:57 PM webapp.storage.AbstractStorage save
INFO: &amp#27;[32mSave 6651b341-15cc-4c9b-a676-3a865aebb35d(uuid4616)
сент. 16, 2025 8:21:57 PM webapp.storage.AbstractStorage save
INFO: &amp#27;[32mSave ab4cb2ea-93df-4f25-a901-d0c45836ae4f(uuid4617)
сент. 16, 2025 8:21:57 PM webapp.storage.AbstractStorage save
INFO: &amp#27;[32mSave c0ed5b4c-076b-4fa5-a387-c3ae204ed15a(uuid4618)
сент. 16, 2025 8:21:57 PM webapp.storage.AbstractStorage save
INFO: &amp#27;[32mSave 362a391d-31b1-4ed5-81e3-73a88341c74d(uuid4619)
сент. 16, 2025 8:21:57 PM webapp.storage.AbstractStorage save
INFO: &amp#27;[32mSave 79b07b1b-8d12-4c65-9c08-de45536dc129(uuid4620)
сент. 16, 2025 8:21:57 PM webapp.storage.AbstractStorage save
INFO: &amp#27;[32mSave bcfb61ad-cd03-48c9-a072-3157f53dd49e(uuid4621)
сент. 16, 2025 8:21:57 PM webapp.storage.AbstractStorage save
INFO: &amp#27;[32mSave f9c52c63-41a0-4925-9812-9f8122014311(uuid4622)
сент. 16, 2025 8:21:57 PM webapp.storage.AbstractStorage save
INFO: &amp#27;[32mSave 40fc5137-b435-4e2d-8ea7-a78f16176844(uuid4623)
сент. 16, 2025 8:21:57 PM webapp.storage.AbstractStorage save
INFO: &amp#27;[32mSave cfa02704-2f5c-4839-9bda-ea9d5926b9ad(uuid4624)
сент. 16, 2025 8:21:57 PM webapp.storage.AbstractStorage save
INFO: &amp#27;[32mSave b0ab15e0-3792-4aa8-878a-11950355b0bf(uuid4625)
сент. 16, 2025 8:21:57 PM webapp.storage.AbstractStorage save
INFO: &amp#27;[32mSave bd4c0226-f664-4dc4-91e0-01fc584925cf(uuid4626)
сент. 16, 2025 8:21:57 PM webapp.storage.AbstractStorage save
INFO: &amp#27;[32mSave e52a167d-0d78-453b-8129-b08473f19618(uuid4627)
сент. 16, 2025 8:21:57 PM webapp.storage.AbstractStorage save
INFO: &amp#27;[32mSave b8009d18-c282-4667-832b-8aa9a8d535dc(uuid4628)
сент. 16, 2025 8:21:57 PM webapp.storage.AbstractStorage save
INFO: &amp#27;[32mSave b76bbacc-99c3-41bd-b982-f35f1fad2a5a(uuid4629)
сент. 16, 2025 8:21:57 PM webapp.storage.AbstractStorage save
INFO: &amp#27;[32mSave 698b1c3c-46c5-47ff-a2f7-05c203b6ccc9(uuid4630)
сент. 16, 2025 8:21:57 PM webapp.storage.AbstractStorage save
INFO: &amp#27;[32mSave ae0c5e5a-74e0-45e9-9e54-869f6ea03b45(uuid4631)
сент. 16, 2025 8:21:57 PM webapp.storage.AbstractStorage save
INFO: &amp#27;[32mSave f3c34ba0-ec91-4f2c-bbbe-cf8b9e893b84(uuid4632)
сент. 16, 2025 8:21:57 PM webapp.storage.AbstractStorage save
INFO: &amp#27;[32mSave 4e6108f2-a7e4-4894-baad-07ff922fe5c1(uuid4633)
сент. 16, 2025 8:21:57 PM webapp.storage.AbstractStorage save
INFO: &amp#27;[32mSave b9feaaf8-674e-4d15-b3a2-df5a1041cc80(uuid4634)
сент. 16, 2025 8:21:57 PM webapp.storage.AbstractStorage save
INFO: &amp#27;[32mSave e6a6199a-127d-4d29-b633-8df91a0cdfcb(uuid4635)
сент. 16, 2025 8:21:57 PM webapp.storage.AbstractStorage save
INFO: &amp#27;[32mSave c82121a9-be1e-46b8-ac60-2d6b074ce5e9(uuid4636)
сент. 16, 2025 8:21:57 PM webapp.storage.AbstractStorage save
INFO: &amp#27;[32mSave 26988c33-91be-4ab6-9919-20bd288a06c5(uuid4637)
сент. 16, 2025 8:21:57 PM webapp.storage.AbstractStorage save
INFO: &amp#27;[32mSave 1286baf3-74f6-4b0f-be18-ed9752386c5d(uuid4638)
сент. 16, 2025 8:21:57 PM webapp.storage.AbstractStorage save
INFO: &amp#27;[32mSave 80f960fc-8adf-4782-8dad-46b0865de554(uuid4639)
сент. 16, 2025 8:21:57 PM webapp.storage.AbstractStorage save
INFO: &amp#27;[32mSave be2cd8ab-770d-431d-aa05-3aa91f79984a(uuid4640)
сент. 16, 2025 8:21:57 PM webapp.storage.AbstractStorage save
INFO: &amp#27;[32mSave d462f3ff-a436-4d86-97a6-e2de64219490(uuid4641)
сент. 16, 2025 8:21:57 PM webapp.storage.AbstractStorage save
INFO: &amp#27;[32mSave d67c8322-e7b2-425b-be5a-f536c48df2a3(uuid4642)
сент. 16, 2025 8:21:57 PM webapp.storage.AbstractStorage save
INFO: &amp#27;[32mSave e25bf8ae-2ede-4f96-a3b7-7d2cb3822ae5(uuid4643)
сент. 16, 2025 8:21:57 PM webapp.storage.AbstractStorage save
INFO: &amp#27;[32mSave 277e2335-cc3a-45b4-a75a-523846ab6fb9(uuid4644)
сент. 16, 2025 8:21:57 PM webapp.storage.AbstractStorage save
INFO: &amp#27;[32mSave 30b8473a-2c3e-4ab9-9d9c-8846857e566f(uuid4645)
сент. 16, 2025 8:21:57 PM webapp.storage.AbstractStorage save
INFO: &amp#27;[32mSave 140e5537-473b-4c88-934f-ebafb68bd943(uuid4646)
сент. 16, 2025 8:21:57 PM webapp.storage.AbstractStorage save
INFO: &amp#27;[32mSave 1a0d42b1-be2f-4793-aa2d-0ae2482dec38(uuid4647)
сент. 16, 2025 8:21:57 PM webapp.storage.AbstractStorage save
INFO: &amp#27;[32mSave 35acf479-99b7-4d31-9d03-1a8f4e75f874(uuid4648)
сент. 16, 2025 8:21:57 PM webapp.storage.AbstractStorage save
INFO: &amp#27;[32mSave ddff8161-5ec8-44ba-809a-8d8b5d6f887f(uuid4649)
сент. 16, 2025 8:21:57 PM webapp.storage.AbstractStorage save
INFO: &amp#27;[32mSave 14300d8d-ee78-4b5f-beed-c001319d6a60(uuid4650)
сент. 16, 2025 8:21:57 PM webapp.storage.AbstractStorage save
INFO: &amp#27;[32mSave e350045e-43e3-4aa0-b2e8-ba31d9ad087f(uuid4651)
сент. 16, 2025 8:21:57 PM webapp.storage.AbstractStorage save
INFO: &amp#27;[32mSave 22e2b0a3-39f8-4a45-99fc-a91e75f5b542(uuid4652)
сент. 16, 2025 8:21:57 PM webapp.storage.AbstractStorage save
INFO: &amp#27;[32mSave 9bd3c290-1a8e-4c75-ac9f-2de9bc3fa0fd(uuid4653)
сент. 16, 2025 8:21:57 PM webapp.storage.AbstractStorage save
INFO: &amp#27;[32mSave ab9e1040-d9f7-45fc-8ac9-b2f3f0c2f34a(uuid4654)
сент. 16, 2025 8:21:57 PM webapp.storage.AbstractStorage save
INFO: &amp#27;[32mSave 1382f19e-8e10-46a9-a043-4de0a04b5dc5(uuid4655)
сент. 16, 2025 8:21:57 PM webapp.storage.AbstractStorage save
INFO: &amp#27;[32mSave fe50abcc-8865-42ad-b780-e79d6f8e857b(uuid4656)
сент. 16, 2025 8:21:57 PM webapp.storage.AbstractStorage save
INFO: &amp#27;[32mSave 979f5efd-8735-4145-8040-f96afb2b4216(uuid4657)
сент. 16, 2025 8:21:57 PM webapp.storage.AbstractStorage save
INFO: &amp#27;[32mSave 99332997-ac23-4487-82ab-62d69de72ac9(uuid4658)
сент. 16, 2025 8:21:57 PM webapp.storage.AbstractStorage save
INFO: &amp#27;[32mSave 4ea2d0fe-10fa-4722-bbfe-c388a5e38296(uuid4659)
сент. 16, 2025 8:21:57 PM webapp.storage.AbstractStorage save
INFO: &amp#27;[32mSave 713432d5-b401-4c0a-8101-78b7fed167e0(uuid4660)
сент. 16, 2025 8:21:57 PM webapp.storage.AbstractStorage save
INFO: &amp#27;[32mSave f243cdf9-0480-43e7-b296-151d8752cdd5(uuid4661)
сент. 16, 2025 8:21:57 PM webapp.storage.AbstractStorage save
INFO: &amp#27;[32mSave bbc1b9b2-2e8e-426e-80a5-05ca23cd0c5c(uuid4662)
сент. 16, 2025 8:21:57 PM webapp.storage.AbstractStorage save
INFO: &amp#27;[32mSave 0b449205-ee08-41f4-ba29-b31822f6344d(uuid4663)
сент. 16, 2025 8:21:57 PM webapp.storage.AbstractStorage save
INFO: &amp#27;[32mSave bb010090-fb3a-4af6-971e-9b9e40f3f28b(uuid4664)
сент. 16, 2025 8:21:57 PM webapp.storage.AbstractStorage save
INFO: &amp#27;[32mSave a71eb43d-a99e-4a49-92ae-98adbed8e53d(uuid4665)
сент. 16, 2025 8:21:57 PM webapp.storage.AbstractStorage save
INFO: &amp#27;[32mSave 76267553-a08d-4451-9725-72a67e7f7a22(uuid4666)
сент. 16, 2025 8:21:57 PM webapp.storage.AbstractStorage save
INFO: &amp#27;[32mSave f397ab3e-3ea7-4403-b51b-22cda70ae0f5(uuid4667)
сент. 16, 2025 8:21:57 PM webapp.storage.AbstractStorage save
INFO: &amp#27;[32mSave f78a16e6-6be6-4896-be44-8c555057e56a(uuid4668)
сент. 16, 2025 8:21:57 PM webapp.storage.AbstractStorage save
INFO: &amp#27;[32mSave 11b7b77c-76e5-4276-a3b9-bcce982cfa91(uuid4669)
сент. 16, 2025 8:21:57 PM webapp.storage.AbstractStorage save
INFO: &amp#27;[32mSave d041c20a-b480-4996-8f4d-e487a45b2b05(uuid4670)
сент. 16, 2025 8:21:57 PM webapp.storage.AbstractStorage save
INFO: &amp#27;[32mSave e49614ee-2b3d-4d51-8232-6ebd5948ebb7(uuid4671)
сент. 16, 2025 8:21:57 PM webapp.storage.AbstractStorage save
INFO: &amp#27;[32mSave b8b0f863-65cd-4b15-8ba3-32584006663c(uuid4672)
сент. 16, 2025 8:21:57 PM webapp.storage.AbstractStorage save
INFO: &amp#27;[32mSave 73c848c1-108b-4fbb-b190-0575cf3acbfe(uuid4673)
сент. 16, 2025 8:21:57 PM webapp.storage.AbstractStorage save
INFO: &amp#27;[32mSave 024715de-d05b-4e75-bb12-5b1a7fd19b05(uuid4674)
сент. 16, 2025 8:21:57 PM webapp.storage.AbstractStorage save
INFO: &amp#27;[32mSave 74e74615-e7e4-4cfc-b10b-4e4800442f1f(uuid4675)
сент. 16, 2025 8:21:57 PM webapp.storage.AbstractStorage save
INFO: &amp#27;[32mSave c7d39c51-70aa-426e-977c-603da44e90fe(uuid4676)
сент. 16, 2025 8:21:57 PM webapp.storage.AbstractStorage save
INFO: &amp#27;[32mSave af2bb8c0-2ff8-48d0-a026-a31e915051f3(uuid4677)
сент. 16, 2025 8:21:57 PM webapp.storage.AbstractStorage save
INFO: &amp#27;[32mSave eeda307d-f59b-4d6a-99bf-2336b10fd4bb(uuid4678)
сент. 16, 2025 8:21:57 PM webapp.storage.AbstractStorage save
INFO: &amp#27;[32mSave 72599621-6661-4fd0-ba60-2f7d84f12896(uuid4679)
сент. 16, 2025 8:21:57 PM webapp.storage.AbstractStorage save
INFO: &amp#27;[32mSave 6de0a9f7-fb66-46c1-95e5-ed3d6f71ff28(uuid4680)
сент. 16, 2025 8:21:57 PM webapp.storage.AbstractStorage save
INFO: &amp#27;[32mSave aa225342-0077-446e-9bb9-9575949b2a96(uuid4681)
сент. 16, 2025 8:21:57 PM webapp.storage.AbstractStorage save
INFO: &amp#27;[32mSave 398582a8-9b12-4276-a146-7644bf981586(uuid4682)
сент. 16, 2025 8:21:57 PM webapp.storage.AbstractStorage save
INFO: &amp#27;[32mSave a33372f3-92d7-48d0-95b0-2c550e9ab047(uuid4683)
сент. 16, 2025 8:21:57 PM webapp.storage.AbstractStorage save
INFO: &amp#27;[32mSave 47fc02b3-337b-4144-bbc3-6f9ca131f865(uuid4684)
сент. 16, 2025 8:21:57 PM webapp.storage.AbstractStorage save
INFO: &amp#27;[32mSave 41f05d57-ac2a-46f0-a7b9-73d657ec7633(uuid4685)
сент. 16, 2025 8:21:57 PM webapp.storage.AbstractStorage save
INFO: &amp#27;[32mSave 13177e67-1087-41c9-aeeb-bd1b1679216e(uuid4686)
сент. 16, 2025 8:21:57 PM webapp.storage.AbstractStorage save
INFO: &amp#27;[32mSave e6a0c914-7d19-485f-94c4-e4e107636502(uuid4687)
сент. 16, 2025 8:21:57 PM webapp.storage.AbstractStorage save
INFO: &amp#27;[32mSave 252dbb02-f207-4742-b6a5-207e1bbdcfb0(uuid4688)
сент. 16, 2025 8:21:57 PM webapp.storage.AbstractStorage save
INFO: &amp#27;[32mSave ad4caa33-0de4-4726-807f-9fae74b8dfc0(uuid4689)
сент. 16, 2025 8:21:57 PM webapp.storage.AbstractStorage save
INFO: &amp#27;[32mSave ec9c80c1-d8a8-4e48-8535-3c0daa378658(uuid4690)
сент. 16, 2025 8:21:57 PM webapp.storage.AbstractStorage save
INFO: &amp#27;[32mSave a2ac74ea-b8a6-429a-a379-4481e23aa1e2(uuid4691)
сент. 16, 2025 8:21:57 PM webapp.storage.AbstractStorage save
INFO: &amp#27;[32mSave b2cd0490-b8b6-411e-8fc1-f78f8852000e(uuid4692)
сент. 16, 2025 8:21:57 PM webapp.storage.AbstractStorage save
INFO: &amp#27;[32mSave 2318617a-1b0d-4dbb-a5c7-db6e318abe2d(uuid4693)
сент. 16, 2025 8:21:57 PM webapp.storage.AbstractStorage save
INFO: &amp#27;[32mSave 6c5a7785-eb0f-463f-bf62-eb32271c0333(uuid4694)
сент. 16, 2025 8:21:57 PM webapp.storage.AbstractStorage save
INFO: &amp#27;[32mSave 463ca07a-18cf-4f3a-8274-7a60551f5b29(uuid4695)
сент. 16, 2025 8:21:57 PM webapp.storage.AbstractStorage save
INFO: &amp#27;[32mSave 5b529015-d5e2-4bef-bc33-4387a98998b7(uuid4696)
сент. 16, 2025 8:21:57 PM webapp.storage.AbstractStorage save
INFO: &amp#27;[32mSave 2b2684fb-3147-419c-84cf-d47dd678037d(uuid4697)
сент. 16, 2025 8:21:57 PM webapp.storage.AbstractStorage save
INFO: &amp#27;[32mSave df9999c4-49eb-4e3e-a232-9742bc830cf9(uuid4698)
сент. 16, 2025 8:21:57 PM webapp.storage.AbstractStorage save
INFO: &amp#27;[32mSave a6c697c5-efe4-478d-a7b6-2db5d297d348(uuid4699)
сент. 16, 2025 8:21:57 PM webapp.storage.AbstractStorage save
INFO: &amp#27;[32mSave 1e6b644e-f2d0-4ad0-9ca4-4c3f78cc4abe(uuid4700)
сент. 16, 2025 8:21:57 PM webapp.storage.AbstractStorage save
INFO: &amp#27;[32mSave 6ab2baa8-0854-42a9-b105-b639b1fec284(uuid4701)
сент. 16, 2025 8:21:57 PM webapp.storage.AbstractStorage save
INFO: &amp#27;[32mSave 9eb50dc3-f914-410e-91be-129000ec0a74(uuid4702)
сент. 16, 2025 8:21:57 PM webapp.storage.AbstractStorage save
INFO: &amp#27;[32mSave ceb5bfcb-1642-4116-acf2-6e512a18a4a9(uuid4703)
сент. 16, 2025 8:21:57 PM webapp.storage.AbstractStorage save
INFO: &amp#27;[32mSave d34aa31b-1c79-4218-aa8f-51934af16d1d(uuid4704)
сент. 16, 2025 8:21:57 PM webapp.storage.AbstractStorage save
INFO: &amp#27;[32mSave e7f17336-ed38-4ef8-9b81-8633ce55dddd(uuid4705)
сент. 16, 2025 8:21:57 PM webapp.storage.AbstractStorage save
INFO: &amp#27;[32mSave 16e5e238-6ba9-4e84-b047-b88ac88c0794(uuid4706)
сент. 16, 2025 8:21:57 PM webapp.storage.AbstractStorage save
INFO: &amp#27;[32mSave 3aced049-d495-40f7-b394-1956fa6289c4(uuid4707)
сент. 16, 2025 8:21:57 PM webapp.storage.AbstractStorage save
INFO: &amp#27;[32mSave af6f7add-fbb8-4fc3-a44a-c0cd547b7e10(uuid4708)
сент. 16, 2025 8:21:57 PM webapp.storage.AbstractStorage save
INFO: &amp#27;[32mSave 0277413f-28bc-4370-8792-b617b1aa2705(uuid4709)
сент. 16, 2025 8:21:57 PM webapp.storage.AbstractStorage save
INFO: &amp#27;[32mSave f7e8171b-013b-4db6-9065-9dfffa0f95e9(uuid4710)
сент. 16, 2025 8:21:57 PM webapp.storage.AbstractStorage save
INFO: &amp#27;[32mSave d4af4421-4378-4ac1-ba4c-11ed22a51aeb(uuid4711)
сент. 16, 2025 8:21:57 PM webapp.storage.AbstractStorage save
INFO: &amp#27;[32mSave 02a886eb-9a05-4649-8dd8-7b8b791cb696(uuid4712)
сент. 16, 2025 8:21:57 PM webapp.storage.AbstractStorage save
INFO: &amp#27;[32mSave 8e54ad06-fa45-49b2-bb52-f4e796234c5a(uuid4713)
сент. 16, 2025 8:21:57 PM webapp.storage.AbstractStorage save
INFO: &amp#27;[32mSave bcb275b6-a76e-429c-a64a-4063f5e16f28(uuid4714)
сент. 16, 2025 8:21:57 PM webapp.storage.AbstractStorage save
INFO: &amp#27;[32mSave 77f0b235-1c0a-4635-9221-b124d0e89654(uuid4715)
сент. 16, 2025 8:21:57 PM webapp.storage.AbstractStorage save
INFO: &amp#27;[32mSave 8953d0ac-ec06-419b-b339-f59298f50e3e(uuid4716)
сент. 16, 2025 8:21:57 PM webapp.storage.AbstractStorage save
INFO: &amp#27;[32mSave d8741f19-7c0c-46ad-900f-49d8cad2169d(uuid4717)
сент. 16, 2025 8:21:57 PM webapp.storage.AbstractStorage save
INFO: &amp#27;[32mSave d3fe8f07-a78e-43c2-a93b-f6355c2adfb2(uuid4718)
сент. 16, 2025 8:21:57 PM webapp.storage.AbstractStorage save
INFO: &amp#27;[32mSave aefd826b-7ac7-4f8c-84d1-da8d692faf47(uuid4719)
сент. 16, 2025 8:21:57 PM webapp.storage.AbstractStorage save
INFO: &amp#27;[32mSave 3c35ed6e-a382-46fb-8887-c1f4a6db02bc(uuid4720)
сент. 16, 2025 8:21:57 PM webapp.storage.AbstractStorage save
INFO: &amp#27;[32mSave 325a1c04-a6d0-4c52-8d22-c0e888fb5107(uuid4721)
сент. 16, 2025 8:21:57 PM webapp.storage.AbstractStorage save
INFO: &amp#27;[32mSave a6c0269a-dd7d-4e08-a2ca-e5849286c3d2(uuid4722)
сент. 16, 2025 8:21:57 PM webapp.storage.AbstractStorage save
INFO: &amp#27;[32mSave 90f6678a-f464-4dd5-944d-0d2e87a16618(uuid4723)
сент. 16, 2025 8:21:57 PM webapp.storage.AbstractStorage save
INFO: &amp#27;[32mSave 61863575-6e37-4540-88d2-f332dc6a2b70(uuid4724)
сент. 16, 2025 8:21:57 PM webapp.storage.AbstractStorage save
INFO: &amp#27;[32mSave 2da2789c-5dff-430e-998e-e7e25057169f(uuid4725)
сент. 16, 2025 8:21:57 PM webapp.storage.AbstractStorage save
INFO: &amp#27;[32mSave 83597aec-5217-4b34-9162-81ece5d96b6d(uuid4726)
сент. 16, 2025 8:21:57 PM webapp.storage.AbstractStorage save
INFO: &amp#27;[32mSave 4f7143fc-05f7-4dfd-8f5b-a7f30e023807(uuid4727)
сент. 16, 2025 8:21:57 PM webapp.storage.AbstractStorage save
INFO: &amp#27;[32mSave f377be54-37dc-4a3c-b824-1c75641fd8dc(uuid4728)
сент. 16, 2025 8:21:57 PM webapp.storage.AbstractStorage save
INFO: &amp#27;[32mSave 5e43e358-2be6-4f31-aee4-6971f4190e4d(uuid4729)
сент. 16, 2025 8:21:57 PM webapp.storage.AbstractStorage save
INFO: &amp#27;[32mSave d472666c-27ff-494f-b25a-b1ed76c0220e(uuid4730)
сент. 16, 2025 8:21:57 PM webapp.storage.AbstractStorage save
INFO: &amp#27;[32mSave 7d92b1f5-2887-4cf0-9347-2d542890ab5a(uuid4731)
сент. 16, 2025 8:21:57 PM webapp.storage.AbstractStorage save
INFO: &amp#27;[32mSave acf9c478-a6c8-4c0e-bec8-ed130fe67788(uuid4732)
сент. 16, 2025 8:21:57 PM webapp.storage.AbstractStorage save
INFO: &amp#27;[32mSave 5081b968-27b9-49d7-9b21-05a83dc2513d(uuid4733)
сент. 16, 2025 8:21:57 PM webapp.storage.AbstractStorage save
INFO: &amp#27;[32mSave d00dd735-94e1-41c6-bf92-75b43ef939ea(uuid4734)
сент. 16, 2025 8:21:57 PM webapp.storage.AbstractStorage save
INFO: &amp#27;[32mSave 9e116ea5-4c7d-4c69-a990-e64fee43380e(uuid4735)
сент. 16, 2025 8:21:57 PM webapp.storage.AbstractStorage save
INFO: &amp#27;[32mSave 5a416a2a-f4ad-4a2a-9fc8-1fba4ac6f194(uuid4736)
сент. 16, 2025 8:21:57 PM webapp.storage.AbstractStorage save
INFO: &amp#27;[32mSave bfa5fcb0-b45c-4b29-8f9f-803a4cc861d5(uuid4737)
сент. 16, 2025 8:21:57 PM webapp.storage.AbstractStorage save
INFO: &amp#27;[32mSave e8f51d2b-b371-48ae-9820-37f65745b09e(uuid4738)
сент. 16, 2025 8:21:57 PM webapp.storage.AbstractStorage save
INFO: &amp#27;[32mSave b1cb94bb-51b0-4030-9b74-f4205b83739d(uuid4739)
сент. 16, 2025 8:21:57 PM webapp.storage.AbstractStorage save
INFO: &amp#27;[32mSave 57eaf10a-dfcb-4bbd-b086-77544be98780(uuid4740)
сент. 16, 2025 8:21:57 PM webapp.storage.AbstractStorage save
INFO: &amp#27;[32mSave d4c05276-7f06-4ddd-8649-86c1b0ce67d8(uuid4741)
сент. 16, 2025 8:21:57 PM webapp.storage.AbstractStorage save
INFO: &amp#27;[32mSave 6a762931-4118-4a46-b658-8d3c7fbf6717(uuid4742)
сент. 16, 2025 8:21:57 PM webapp.storage.AbstractStorage save
INFO: &amp#27;[32mSave a6318fb4-3533-40e6-bd71-b0d9f88e6d20(uuid4743)
сент. 16, 2025 8:21:57 PM webapp.storage.AbstractStorage save
INFO: &amp#27;[32mSave 37cd5250-2f99-416c-8a50-58b160ff6d31(uuid4744)
сент. 16, 2025 8:21:57 PM webapp.storage.AbstractStorage save
INFO: &amp#27;[32mSave 7676da82-04d2-46e5-ba1d-333410acf132(uuid4745)
сент. 16, 2025 8:21:57 PM webapp.storage.AbstractStorage save
INFO: &amp#27;[32mSave ebc0068f-97ce-4b66-8e37-27ee12793b4c(uuid4746)
сент. 16, 2025 8:21:57 PM webapp.storage.AbstractStorage save
INFO: &amp#27;[32mSave c40f77ad-cdac-4f75-83b4-0be43261b900(uuid4747)
сент. 16, 2025 8:21:57 PM webapp.storage.AbstractStorage save
INFO: &amp#27;[32mSave dce56c26-ff86-43b6-9513-1d0af6fa09ca(uuid4748)
сент. 16, 2025 8:21:57 PM webapp.storage.AbstractStorage save
INFO: &amp#27;[32mSave 766f164b-eaaa-432f-9ce1-d2683d5be121(uuid4749)
сент. 16, 2025 8:21:57 PM webapp.storage.AbstractStorage save
INFO: &amp#27;[32mSave f477003b-33aa-4a3f-a5b2-1cfe87d4dab7(uuid4750)
сент. 16, 2025 8:21:57 PM webapp.storage.AbstractStorage save
INFO: &amp#27;[32mSave 3d5af1b4-e9d4-4ccd-b18f-b873cd094866(uuid4751)
сент. 16, 2025 8:21:57 PM webapp.storage.AbstractStorage save
INFO: &amp#27;[32mSave 578c4d40-6c56-498e-92b8-b8f9453ece39(uuid4752)
сент. 16, 2025 8:21:57 PM webapp.storage.AbstractStorage save
INFO: &amp#27;[32mSave 3b164199-81a3-433a-913a-81db87f6a4c1(uuid4753)
сент. 16, 2025 8:21:57 PM webapp.storage.AbstractStorage save
INFO: &amp#27;[32mSave 7de97664-f019-46a6-8e23-e19e01dc20da(uuid4754)
сент. 16, 2025 8:21:57 PM webapp.storage.AbstractStorage save
INFO: &amp#27;[32mSave e7b48aa5-4a09-423a-aaed-a8d1f3a5c278(uuid4755)
сент. 16, 2025 8:21:57 PM webapp.storage.AbstractStorage save
INFO: &amp#27;[32mSave a8c91b9b-0696-444a-a8a9-68bca81ea0d9(uuid4756)
сент. 16, 2025 8:21:57 PM webapp.storage.AbstractStorage save
INFO: &amp#27;[32mSave 84b38709-047b-4520-bf5c-b4bf3a8415cd(uuid4757)
сент. 16, 2025 8:21:57 PM webapp.storage.AbstractStorage save
INFO: &amp#27;[32mSave 5007f4c3-1ab8-4ce4-9739-d444e0b90f38(uuid4758)
сент. 16, 2025 8:21:57 PM webapp.storage.AbstractStorage save
INFO: &amp#27;[32mSave 1dbbe027-2199-49b7-ab66-7d6c9738ef57(uuid4759)
сент. 16, 2025 8:21:57 PM webapp.storage.AbstractStorage save
INFO: &amp#27;[32mSave a1eb1030-23f7-4e4d-bb10-ec0fde3acb5e(uuid4760)
сент. 16, 2025 8:21:57 PM webapp.storage.AbstractStorage save
INFO: &amp#27;[32mSave 2bc10216-285b-4ac1-afcc-0124edee83f5(uuid4761)
сент. 16, 2025 8:21:57 PM webapp.storage.AbstractStorage save
INFO: &amp#27;[32mSave 4d8a9182-4609-4b97-959f-7c292da13f6b(uuid4762)
сент. 16, 2025 8:21:57 PM webapp.storage.AbstractStorage save
INFO: &amp#27;[32mSave 94e1e8fb-6ad8-4519-802b-3b39d5cfaf49(uuid4763)
сент. 16, 2025 8:21:57 PM webapp.storage.AbstractStorage save
INFO: &amp#27;[32mSave 42055c74-afe6-4cb2-a556-7b1e6f75b45d(uuid4764)
сент. 16, 2025 8:21:57 PM webapp.storage.AbstractStorage save
INFO: &amp#27;[32mSave d743755d-2e41-405f-b686-da2db2edee7f(uuid4765)
сент. 16, 2025 8:21:57 PM webapp.storage.AbstractStorage save
INFO: &amp#27;[32mSave ab859d85-4993-4193-8ce1-3869642a5f0f(uuid4766)
сент. 16, 2025 8:21:57 PM webapp.storage.AbstractStorage save
INFO: &amp#27;[32mSave 89dd61de-01b2-452b-8190-0626c1d291fe(uuid4767)
сент. 16, 2025 8:21:57 PM webapp.storage.AbstractStorage save
INFO: &amp#27;[32mSave feddc613-315a-4701-aa24-c835d3701258(uuid4768)
сент. 16, 2025 8:21:57 PM webapp.storage.AbstractStorage save
INFO: &amp#27;[32mSave c165d025-08f9-4d5f-b587-8e77d3852b8b(uuid4769)
сент. 16, 2025 8:21:57 PM webapp.storage.AbstractStorage save
INFO: &amp#27;[32mSave a712ddf1-865f-4a37-ae83-a05a9526298f(uuid4770)
сент. 16, 2025 8:21:57 PM webapp.storage.AbstractStorage save
INFO: &amp#27;[32mSave ddb5a3ea-155c-47a2-8060-5b20db4d96b0(uuid4771)
сент. 16, 2025 8:21:57 PM webapp.storage.AbstractStorage save
INFO: &amp#27;[32mSave 77796cb3-c5e0-44bc-b56a-5d9514389cbd(uuid4772)
сент. 16, 2025 8:21:57 PM webapp.storage.AbstractStorage save
INFO: &amp#27;[32mSave d8636ca6-c4f8-411d-b39b-9d18b4ec96b7(uuid4773)
сент. 16, 2025 8:21:57 PM webapp.storage.AbstractStorage save
INFO: &amp#27;[32mSave b2bada69-32c7-429b-8d18-9c7537ea6b25(uuid4774)
сент. 16, 2025 8:21:57 PM webapp.storage.AbstractStorage save
INFO: &amp#27;[32mSave 936dea48-b0aa-464e-83af-6ac7e5f4b8ba(uuid4775)
сент. 16, 2025 8:21:57 PM webapp.storage.AbstractStorage save
INFO: &amp#27;[32mSave 64a75caa-33c2-417b-997c-1a333c228642(uuid4776)
сент. 16, 2025 8:21:57 PM webapp.storage.AbstractStorage save
INFO: &amp#27;[32mSave 4627a9dc-dd5b-4b43-a41e-fc5eeff07c3f(uuid4777)
сент. 16, 2025 8:21:57 PM webapp.storage.AbstractStorage save
INFO: &amp#27;[32mSave 499085fc-08d7-4fa3-885f-9c3dd10cc3d1(uuid4778)
сент. 16, 2025 8:21:57 PM webapp.storage.AbstractStorage save
INFO: &amp#27;[32mSave f4e20c6f-0224-40ca-a719-ddad3272ff1d(uuid4779)
сент. 16, 2025 8:21:57 PM webapp.storage.AbstractStorage save
INFO: &amp#27;[32mSave 3be0af21-9134-41d2-b079-9b1475286de9(uuid4780)
сент. 16, 2025 8:21:57 PM webapp.storage.AbstractStorage save
INFO: &amp#27;[32mSave 3b50935a-0365-4c4f-bb43-9442d2239135(uuid4781)
сент. 16, 2025 8:21:57 PM webapp.storage.AbstractStorage save
INFO: &amp#27;[32mSave 33ce000d-a3ab-4ad5-874a-6a82284306af(uuid4782)
сент. 16, 2025 8:21:57 PM webapp.storage.AbstractStorage save
INFO: &amp#27;[32mSave 94469fa6-18fa-4453-82d5-f93162e2f490(uuid4783)
сент. 16, 2025 8:21:57 PM webapp.storage.AbstractStorage save
INFO: &amp#27;[32mSave 43b061f8-b6a3-4557-8a20-a0f83e2608ef(uuid4784)
сент. 16, 2025 8:21:57 PM webapp.storage.AbstractStorage save
INFO: &amp#27;[32mSave de33ca61-76a8-4bc3-a92b-671119094c95(uuid4785)
сент. 16, 2025 8:21:57 PM webapp.storage.AbstractStorage save
INFO: &amp#27;[32mSave 2e1259f0-07cb-4564-a369-38836c95f395(uuid4786)
сент. 16, 2025 8:21:57 PM webapp.storage.AbstractStorage save
INFO: &amp#27;[32mSave bb58ee72-4b81-47c7-917d-10007d8cd7c2(uuid4787)
сент. 16, 2025 8:21:57 PM webapp.storage.AbstractStorage save
INFO: &amp#27;[32mSave 83cd74de-aaa7-4cb6-8b22-c564b18c6e3a(uuid4788)
сент. 16, 2025 8:21:57 PM webapp.storage.AbstractStorage save
INFO: &amp#27;[32mSave 7e16f135-e285-4e61-a6f9-25dd97577aeb(uuid4789)
сент. 16, 2025 8:21:57 PM webapp.storage.AbstractStorage save
INFO: &amp#27;[32mSave 5938f5a0-2670-4c8e-9dce-d607c8dfc753(uuid4790)
сент. 16, 2025 8:21:57 PM webapp.storage.AbstractStorage save
INFO: &amp#27;[32mSave 187f2da2-1ff6-4566-b151-13f76742a035(uuid4791)
сент. 16, 2025 8:21:57 PM webapp.storage.AbstractStorage save
INFO: &amp#27;[32mSave a79559d2-694e-4c12-a275-2dc6900561a9(uuid4792)
сент. 16, 2025 8:21:57 PM webapp.storage.AbstractStorage save
INFO: &amp#27;[32mSave 274c34c8-bcac-4973-9f98-acb30ceecd8c(uuid4793)
сент. 16, 2025 8:21:57 PM webapp.storage.AbstractStorage save
INFO: &amp#27;[32mSave 4f0d27ab-a622-4d83-b952-5b7459f2fb06(uuid4794)
сент. 16, 2025 8:21:57 PM webapp.storage.AbstractStorage save
INFO: &amp#27;[32mSave af9e1ff8-a6a0-4e89-9a93-0991056dbf17(uuid4795)
сент. 16, 2025 8:21:57 PM webapp.storage.AbstractStorage save
INFO: &amp#27;[32mSave 3f372316-81e3-4d57-8142-6540c78070a8(uuid4796)
сент. 16, 2025 8:21:57 PM webapp.storage.AbstractStorage save
INFO: &amp#27;[32mSave 4576310c-d510-4878-b3e0-eff44da1ab95(uuid4797)
сент. 16, 2025 8:21:57 PM webapp.storage.AbstractStorage save
INFO: &amp#27;[32mSave d6e1e00e-cdd7-44c1-91a0-6055fcade0dc(uuid4798)
сент. 16, 2025 8:21:57 PM webapp.storage.AbstractStorage save
INFO: &amp#27;[32mSave 018000d4-37d2-4da3-8d10-723ab1da843a(uuid4799)
сент. 16, 2025 8:21:57 PM webapp.storage.AbstractStorage save
INFO: &amp#27;[32mSave bb3e5dc1-f4d0-4a95-bf4e-73f4e19d812c(uuid4800)
сент. 16, 2025 8:21:57 PM webapp.storage.AbstractStorage save
INFO: &amp#27;[32mSave 5348cb9f-0425-485e-adb0-289f37a9f2c5(uuid4801)
сент. 16, 2025 8:21:57 PM webapp.storage.AbstractStorage save
INFO: &amp#27;[32mSave 43111ecc-7139-49df-91ca-e407ede9aa93(uuid4802)
сент. 16, 2025 8:21:57 PM webapp.storage.AbstractStorage save
INFO: &amp#27;[32mSave 5eb56b06-0a72-45e7-b754-bd2dfed446df(uuid4803)
сент. 16, 2025 8:21:57 PM webapp.storage.AbstractStorage save
INFO: &amp#27;[32mSave 78ec6542-71f3-4999-aa90-7b838c67220d(uuid4804)
сент. 16, 2025 8:21:57 PM webapp.storage.AbstractStorage save
INFO: &amp#27;[32mSave f1738ebc-944c-4d8a-ae46-4f89a5db05ca(uuid4805)
сент. 16, 2025 8:21:57 PM webapp.storage.AbstractStorage save
INFO: &amp#27;[32mSave e7041489-8a4d-437f-b8ce-23416c385954(uuid4806)
сент. 16, 2025 8:21:57 PM webapp.storage.AbstractStorage save
INFO: &amp#27;[32mSave a0510ce8-3b10-46d8-99ce-0e449ece2d60(uuid4807)
сент. 16, 2025 8:21:57 PM webapp.storage.AbstractStorage save
INFO: &amp#27;[32mSave 4c286e57-e486-4019-b953-bf658f6cd2a3(uuid4808)
сент. 16, 2025 8:21:57 PM webapp.storage.AbstractStorage save
INFO: &amp#27;[32mSave a86b8773-d8dc-4181-8f20-c6e7d7b88997(uuid4809)
сент. 16, 2025 8:21:57 PM webapp.storage.AbstractStorage save
INFO: &amp#27;[32mSave a38a6cc3-407f-4f5d-8ec7-9658fd028a4c(uuid4810)
сент. 16, 2025 8:21:57 PM webapp.storage.AbstractStorage save
INFO: &amp#27;[32mSave 8b496b56-ba3e-4812-8181-8d5c272fa133(uuid4811)
сент. 16, 2025 8:21:57 PM webapp.storage.AbstractStorage save
INFO: &amp#27;[32mSave 75805e25-8f75-4f95-abfc-60f4ef0831b7(uuid4812)
сент. 16, 2025 8:21:57 PM webapp.storage.AbstractStorage save
INFO: &amp#27;[32mSave 7b600799-738e-48db-b6f2-e899b6865119(uuid4813)
сент. 16, 2025 8:21:57 PM webapp.storage.AbstractStorage save
INFO: &amp#27;[32mSave 24e2248a-b730-4b55-b652-cda55fe8a8e0(uuid4814)
сент. 16, 2025 8:21:57 PM webapp.storage.AbstractStorage save
INFO: &amp#27;[32mSave 5474a5a5-31b9-4f18-b25d-67bc4ea5b26e(uuid4815)
сент. 16, 2025 8:21:57 PM webapp.storage.AbstractStorage save
INFO: &amp#27;[32mSave 4da915c0-dfa5-4345-83bf-6081a5d077f1(uuid4816)
сент. 16, 2025 8:21:57 PM webapp.storage.AbstractStorage save
INFO: &amp#27;[32mSave c314820d-eeee-42fc-a751-3a0bfd79b1af(uuid4817)
сент. 16, 2025 8:21:57 PM webapp.storage.AbstractStorage save
INFO: &amp#27;[32mSave 20653baf-fbb2-4856-a406-ca0c3fdc0b97(uuid4818)
сент. 16, 2025 8:21:57 PM webapp.storage.AbstractStorage save
INFO: &amp#27;[32mSave 6a68f8ea-a003-4e4f-88c1-8b8dc329d85a(uuid4819)
сент. 16, 2025 8:21:57 PM webapp.storage.AbstractStorage save
INFO: &amp#27;[32mSave 87cadf7f-5785-48c8-85e1-9c34469645c2(uuid4820)
сент. 16, 2025 8:21:57 PM webapp.storage.AbstractStorage save
INFO: &amp#27;[32mSave b0f1b2dc-5362-47d9-bb56-d23241d3859c(uuid4821)
сент. 16, 2025 8:21:57 PM webapp.storage.AbstractStorage save
INFO: &amp#27;[32mSave 883519d7-1812-4b0e-a3b0-2dabba87cfe5(uuid4822)
сент. 16, 2025 8:21:57 PM webapp.storage.AbstractStorage save
INFO: &amp#27;[32mSave b8b37359-7311-45d7-a6fb-89d5a2c8ca6c(uuid4823)
сент. 16, 2025 8:21:57 PM webapp.storage.AbstractStorage save
INFO: &amp#27;[32mSave 355c1e82-11bc-4292-8c80-05b2a042f165(uuid4824)
сент. 16, 2025 8:21:57 PM webapp.storage.AbstractStorage save
INFO: &amp#27;[32mSave cf5f8ca8-3529-478e-8f20-8258c735e9a2(uuid4825)
сент. 16, 2025 8:21:57 PM webapp.storage.AbstractStorage save
INFO: &amp#27;[32mSave 82900f55-8ef0-4363-a4fd-5812c99f7452(uuid4826)
сент. 16, 2025 8:21:57 PM webapp.storage.AbstractStorage save
INFO: &amp#27;[32mSave 1815f400-b233-45ee-a288-d905f4e6e165(uuid4827)
сент. 16, 2025 8:21:57 PM webapp.storage.AbstractStorage save
INFO: &amp#27;[32mSave 62a16970-9a5e-44bd-8260-0951231b84fb(uuid4828)
сент. 16, 2025 8:21:57 PM webapp.storage.AbstractStorage save
INFO: &amp#27;[32mSave 17b47140-a0b4-4c35-9572-9ce9823a49fb(uuid4829)
сент. 16, 2025 8:21:57 PM webapp.storage.AbstractStorage save
INFO: &amp#27;[32mSave e4b438df-ecba-4e5d-a872-ffb15a8de09b(uuid4830)
сент. 16, 2025 8:21:57 PM webapp.storage.AbstractStorage save
INFO: &amp#27;[32mSave f4a7fef8-baa3-4838-b438-93d685583c29(uuid4831)
сент. 16, 2025 8:21:57 PM webapp.storage.AbstractStorage save
INFO: &amp#27;[32mSave 97aca258-0052-479e-be1c-166b641473e2(uuid4832)
сент. 16, 2025 8:21:57 PM webapp.storage.AbstractStorage save
INFO: &amp#27;[32mSave e2debd45-c981-486d-8acb-11edaf1c56f1(uuid4833)
сент. 16, 2025 8:21:57 PM webapp.storage.AbstractStorage save
INFO: &amp#27;[32mSave c9d483cf-b252-4886-bdb7-628c07d81341(uuid4834)
сент. 16, 2025 8:21:57 PM webapp.storage.AbstractStorage save
INFO: &amp#27;[32mSave bef7080e-9500-4443-a5b3-93d16b00c1e8(uuid4835)
сент. 16, 2025 8:21:57 PM webapp.storage.AbstractStorage save
INFO: &amp#27;[32mSave 66ad8903-e441-487f-b036-eaff19978b76(uuid4836)
сент. 16, 2025 8:21:57 PM webapp.storage.AbstractStorage save
INFO: &amp#27;[32mSave ae5bae88-39dc-45c6-ab4f-5e61d9d949b3(uuid4837)
сент. 16, 2025 8:21:57 PM webapp.storage.AbstractStorage save
INFO: &amp#27;[32mSave 4e382318-cb79-4f7f-b57e-4c6cf7d84f0c(uuid4838)
сент. 16, 2025 8:21:57 PM webapp.storage.AbstractStorage save
INFO: &amp#27;[32mSave 1c37992b-2c8e-4823-83ec-5e3911d52a37(uuid4839)
сент. 16, 2025 8:21:57 PM webapp.storage.AbstractStorage save
INFO: &amp#27;[32mSave 0a0728a7-7ea3-42c7-8426-65d5cd7b5c87(uuid4840)
сент. 16, 2025 8:21:57 PM webapp.storage.AbstractStorage save
INFO: &amp#27;[32mSave 7d22bcf7-d4a8-4746-b5b6-19391c4fa219(uuid4841)
сент. 16, 2025 8:21:57 PM webapp.storage.AbstractStorage save
INFO: &amp#27;[32mSave 64d52654-3cb4-4565-8e8b-1e45f6eb22e8(uuid4842)
сент. 16, 2025 8:21:57 PM webapp.storage.AbstractStorage save
INFO: &amp#27;[32mSave 2758f2f0-6951-4a77-a9de-43a037ff75b5(uuid4843)
сент. 16, 2025 8:21:57 PM webapp.storage.AbstractStorage save
INFO: &amp#27;[32mSave 08926ca5-ea19-414f-85ef-b657e1dd4a28(uuid4844)
сент. 16, 2025 8:21:57 PM webapp.storage.AbstractStorage save
INFO: &amp#27;[32mSave 8eb689ba-404a-488e-a592-bd288e45d512(uuid4845)
сент. 16, 2025 8:21:57 PM webapp.storage.AbstractStorage save
INFO: &amp#27;[32mSave 8306638b-b798-4e63-b5b5-6f47b3c8af4a(uuid4846)
сент. 16, 2025 8:21:57 PM webapp.storage.AbstractStorage save
INFO: &amp#27;[32mSave 9adde589-1d1c-45e2-8dea-e2ed3b6ba2e3(uuid4847)
сент. 16, 2025 8:21:57 PM webapp.storage.AbstractStorage save
INFO: &amp#27;[32mSave c55f116e-f248-47b5-90ee-577856dc89fc(uuid4848)
сент. 16, 2025 8:21:57 PM webapp.storage.AbstractStorage save
INFO: &amp#27;[32mSave 184be169-f8f8-438c-810f-5f2703f0239e(uuid4849)
сент. 16, 2025 8:21:57 PM webapp.storage.AbstractStorage save
INFO: &amp#27;[32mSave 599e3d94-56c3-4dbe-98c1-f0fbc7506c5f(uuid4850)
сент. 16, 2025 8:21:57 PM webapp.storage.AbstractStorage save
INFO: &amp#27;[32mSave e3b13942-a0ba-4b0d-bba5-587e96f72af0(uuid4851)
сент. 16, 2025 8:21:57 PM webapp.storage.AbstractStorage save
INFO: &amp#27;[32mSave 889ae025-25dc-43b0-94ff-ca796c2339ea(uuid4852)
сент. 16, 2025 8:21:57 PM webapp.storage.AbstractStorage save
INFO: &amp#27;[32mSave ac089479-5d2c-44d1-99b1-9a8f5aeb65eb(uuid4853)
сент. 16, 2025 8:21:57 PM webapp.storage.AbstractStorage save
INFO: &amp#27;[32mSave d5692cfc-e729-47e8-9df3-ec9ed95e5a33(uuid4854)
сент. 16, 2025 8:21:57 PM webapp.storage.AbstractStorage save
INFO: &amp#27;[32mSave d32507b2-cfcc-4e60-95e1-be8413f62a93(uuid4855)
сент. 16, 2025 8:21:57 PM webapp.storage.AbstractStorage save
INFO: &amp#27;[32mSave 558d94ee-89ef-4a93-b273-9df861bbf189(uuid4856)
сент. 16, 2025 8:21:57 PM webapp.storage.AbstractStorage save
INFO: &amp#27;[32mSave 2d6b04b2-8778-4262-8795-fc5095fcce3c(uuid4857)
сент. 16, 2025 8:21:57 PM webapp.storage.AbstractStorage save
INFO: &amp#27;[32mSave b6b4eab1-f7f0-4fbc-9926-e500831a623f(uuid4858)
сент. 16, 2025 8:21:57 PM webapp.storage.AbstractStorage save
INFO: &amp#27;[32mSave 5a87abaa-eb5b-481d-b0af-2556ddc14968(uuid4859)
сент. 16, 2025 8:21:57 PM webapp.storage.AbstractStorage save
INFO: &amp#27;[32mSave 5147aeaf-1c61-4598-8b46-a8f0fabd9302(uuid4860)
сент. 16, 2025 8:21:57 PM webapp.storage.AbstractStorage save
INFO: &amp#27;[32mSave 840b19a1-1df5-4904-944b-15c46ae302b6(uuid4861)
сент. 16, 2025 8:21:57 PM webapp.storage.AbstractStorage save
INFO: &amp#27;[32mSave b0547c1e-94ea-482f-8c63-d054e118a246(uuid4862)
сент. 16, 2025 8:21:57 PM webapp.storage.AbstractStorage save
INFO: &amp#27;[32mSave 2758f4dd-16a4-4ea3-b4dd-cefa9622a9f0(uuid4863)
сент. 16, 2025 8:21:57 PM webapp.storage.AbstractStorage save
INFO: &amp#27;[32mSave accd8487-9696-49ce-ad0f-b0267f893a31(uuid4864)
сент. 16, 2025 8:21:57 PM webapp.storage.AbstractStorage save
INFO: &amp#27;[32mSave f730cbc5-bbaf-46f9-91b1-d0b4bfd7beb9(uuid4865)
сент. 16, 2025 8:21:57 PM webapp.storage.AbstractStorage save
INFO: &amp#27;[32mSave 521ede1c-2e14-4e1c-b7c3-5fadaa60fb1b(uuid4866)
сент. 16, 2025 8:21:57 PM webapp.storage.AbstractStorage save
INFO: &amp#27;[32mSave b7936cbd-1a35-4dff-83a4-7de2473eb70b(uuid4867)
сент. 16, 2025 8:21:57 PM webapp.storage.AbstractStorage save
INFO: &amp#27;[32mSave 609c1de9-595e-4f40-b7b4-013e0ea54411(uuid4868)
сент. 16, 2025 8:21:57 PM webapp.storage.AbstractStorage save
INFO: &amp#27;[32mSave 22c77f2b-e7f7-426c-bf22-40b4231c4dab(uuid4869)
сент. 16, 2025 8:21:57 PM webapp.storage.AbstractStorage save
INFO: &amp#27;[32mSave cddb8b79-a73a-4287-b7ee-18f3981a4a67(uuid4870)
сент. 16, 2025 8:21:57 PM webapp.storage.AbstractStorage save
INFO: &amp#27;[32mSave 464640da-c7df-426e-96e3-639b25d5d61a(uuid4871)
сент. 16, 2025 8:21:57 PM webapp.storage.AbstractStorage save
INFO: &amp#27;[32mSave 7194e7d8-7e9b-4652-871d-a58694201172(uuid4872)
сент. 16, 2025 8:21:57 PM webapp.storage.AbstractStorage save
INFO: &amp#27;[32mSave 5eb1862c-451d-4559-a8fe-03cd6e05dded(uuid4873)
сент. 16, 2025 8:21:57 PM webapp.storage.AbstractStorage save
INFO: &amp#27;[32mSave 25f96f13-ecd2-4403-abb8-d97dac4199a9(uuid4874)
сент. 16, 2025 8:21:57 PM webapp.storage.AbstractStorage save
INFO: &amp#27;[32mSave 1c2e732b-9a2a-4896-a804-0b782b4521e1(uuid4875)
сент. 16, 2025 8:21:57 PM webapp.storage.AbstractStorage save
INFO: &amp#27;[32mSave c8466c66-7015-47ff-8790-30667cd115cc(uuid4876)
сент. 16, 2025 8:21:57 PM webapp.storage.AbstractStorage save
INFO: &amp#27;[32mSave 98575a0b-dc55-4fea-8268-08a751737a70(uuid4877)
сент. 16, 2025 8:21:57 PM webapp.storage.AbstractStorage save
INFO: &amp#27;[32mSave b8365444-ca1e-46f1-825d-b4ee90561993(uuid4878)
сент. 16, 2025 8:21:57 PM webapp.storage.AbstractStorage save
INFO: &amp#27;[32mSave d4637490-c8b6-466a-aed4-efb4c958b180(uuid4879)
сент. 16, 2025 8:21:57 PM webapp.storage.AbstractStorage save
INFO: &amp#27;[32mSave 21e436f5-4b26-46ac-8bac-7f4c97dc2f5c(uuid4880)
сент. 16, 2025 8:21:57 PM webapp.storage.AbstractStorage save
INFO: &amp#27;[32mSave 47e888cd-543c-4bbd-bc3b-dd9385940a4a(uuid4881)
сент. 16, 2025 8:21:57 PM webapp.storage.AbstractStorage save
INFO: &amp#27;[32mSave d9b8185b-a26e-438c-b15b-8a8fbb19164d(uuid4882)
сент. 16, 2025 8:21:57 PM webapp.storage.AbstractStorage save
INFO: &amp#27;[32mSave e7ce1cae-3ec4-4c6b-8df8-19857b77252d(uuid4883)
сент. 16, 2025 8:21:57 PM webapp.storage.AbstractStorage save
INFO: &amp#27;[32mSave 8090516e-c46f-4d74-9d39-aee235e47714(uuid4884)
сент. 16, 2025 8:21:57 PM webapp.storage.AbstractStorage save
INFO: &amp#27;[32mSave c5987c71-9fad-4121-af6f-1abcea844453(uuid4885)
сент. 16, 2025 8:21:57 PM webapp.storage.AbstractStorage save
INFO: &amp#27;[32mSave 5bfe7673-1c2f-49cf-8428-92bae0c9d46e(uuid4886)
сент. 16, 2025 8:21:57 PM webapp.storage.AbstractStorage save
INFO: &amp#27;[32mSave ef0d4f93-f25e-428e-9a0f-88c222ca0529(uuid4887)
сент. 16, 2025 8:21:57 PM webapp.storage.AbstractStorage save
INFO: &amp#27;[32mSave 7f17b57b-4b4d-43ab-a1d7-cfe1dce4cb89(uuid4888)
сент. 16, 2025 8:21:57 PM webapp.storage.AbstractStorage save
INFO: &amp#27;[32mSave 67c4bb6a-9d00-45f0-b810-04095ed30472(uuid4889)
сент. 16, 2025 8:21:57 PM webapp.storage.AbstractStorage save
INFO: &amp#27;[32mSave 282baa60-99f6-4a35-b554-73172d9fb57a(uuid4890)
сент. 16, 2025 8:21:57 PM webapp.storage.AbstractStorage save
INFO: &amp#27;[32mSave dc43f4c3-d323-4039-b025-b55eb863b4c7(uuid4891)
сент. 16, 2025 8:21:57 PM webapp.storage.AbstractStorage save
INFO: &amp#27;[32mSave 3203c3cf-1efb-4b27-b269-961cabbdb89e(uuid4892)
сент. 16, 2025 8:21:57 PM webapp.storage.AbstractStorage save
INFO: &amp#27;[32mSave f5ee7ac5-b7fe-4470-ad46-41e9ec10ccc7(uuid4893)
сент. 16, 2025 8:21:57 PM webapp.storage.AbstractStorage save
INFO: &amp#27;[32mSave 566be3c0-3fe6-4b9f-a272-3fb47be6e43a(uuid4894)
сент. 16, 2025 8:21:57 PM webapp.storage.AbstractStorage save
INFO: &amp#27;[32mSave f3be339e-1888-42b0-834e-88b02b1efe3f(uuid4895)
сент. 16, 2025 8:21:57 PM webapp.storage.AbstractStorage save
INFO: &amp#27;[32mSave 2dff33ce-ea3a-4c6c-bc14-0f29612313e9(uuid4896)
сент. 16, 2025 8:21:57 PM webapp.storage.AbstractStorage save
INFO: &amp#27;[32mSave d330cfcd-bd88-4341-a209-c144304cac2f(uuid4897)
сент. 16, 2025 8:21:57 PM webapp.storage.AbstractStorage save
INFO: &amp#27;[32mSave 42c92f36-7446-48bc-accb-97cf674237c1(uuid4898)
сент. 16, 2025 8:21:57 PM webapp.storage.AbstractStorage save
INFO: &amp#27;[32mSave 1bb9a36e-427b-4d78-9200-fdeba4a14950(uuid4899)
сент. 16, 2025 8:21:57 PM webapp.storage.AbstractStorage save
INFO: &amp#27;[32mSave a4e8a51b-dd46-4fa8-81ed-2acf25165d56(uuid4900)
сент. 16, 2025 8:21:57 PM webapp.storage.AbstractStorage save
INFO: &amp#27;[32mSave edda5393-0702-4460-a28e-0af27801cfe6(uuid4901)
сент. 16, 2025 8:21:57 PM webapp.storage.AbstractStorage save
INFO: &amp#27;[32mSave 0ff46dbf-8c43-4dfe-9a7d-4c595c52cdad(uuid4902)
сент. 16, 2025 8:21:57 PM webapp.storage.AbstractStorage save
INFO: &amp#27;[32mSave 411a3d1f-2bad-40be-9f34-7464e259acec(uuid4903)
сент. 16, 2025 8:21:57 PM webapp.storage.AbstractStorage save
INFO: &amp#27;[32mSave eafee6bc-bfe1-4d1d-9b14-3c3d8219c85c(uuid4904)
сент. 16, 2025 8:21:57 PM webapp.storage.AbstractStorage save
INFO: &amp#27;[32mSave 8509f0d6-6e3a-4075-9182-759ab68014d0(uuid4905)
сент. 16, 2025 8:21:57 PM webapp.storage.AbstractStorage save
INFO: &amp#27;[32mSave 44c2c786-7344-4e47-95b1-bca0af016e8e(uuid4906)
сент. 16, 2025 8:21:57 PM webapp.storage.AbstractStorage save
INFO: &amp#27;[32mSave b1022823-5168-4619-b589-423ba0bc5ebd(uuid4907)
сент. 16, 2025 8:21:57 PM webapp.storage.AbstractStorage save
INFO: &amp#27;[32mSave 69b48efe-48dc-4ba0-9650-110f8a01650f(uuid4908)
сент. 16, 2025 8:21:57 PM webapp.storage.AbstractStorage save
INFO: &amp#27;[32mSave f1e09951-533c-48f4-82b7-ebf335a8de97(uuid4909)
сент. 16, 2025 8:21:57 PM webapp.storage.AbstractStorage save
INFO: &amp#27;[32mSave df226e5b-3572-4d84-b101-297ee1aa543c(uuid4910)
сент. 16, 2025 8:21:57 PM webapp.storage.AbstractStorage save
INFO: &amp#27;[32mSave adf87e2e-9c6c-4452-a5db-953cefc174d3(uuid4911)
сент. 16, 2025 8:21:57 PM webapp.storage.AbstractStorage save
INFO: &amp#27;[32mSave 39db79d4-a6f6-48af-9a61-2fce0f89790d(uuid4912)
сент. 16, 2025 8:21:57 PM webapp.storage.AbstractStorage save
INFO: &amp#27;[32mSave a7ce9ac7-0006-425e-97ed-3a9dd292f601(uuid4913)
сент. 16, 2025 8:21:57 PM webapp.storage.AbstractStorage save
INFO: &amp#27;[32mSave 3b17b51f-fa37-4cfb-be11-6ae6e66a8458(uuid4914)
сент. 16, 2025 8:21:57 PM webapp.storage.AbstractStorage save
INFO: &amp#27;[32mSave 0a015cba-936c-4dec-ae1a-78d80fadfa3d(uuid4915)
сент. 16, 2025 8:21:57 PM webapp.storage.AbstractStorage save
INFO: &amp#27;[32mSave e79ee5b7-7301-43ac-ac37-7a32f9ba01ee(uuid4916)
сент. 16, 2025 8:21:57 PM webapp.storage.AbstractStorage save
INFO: &amp#27;[32mSave c0df588f-b58c-4eaf-aa0e-a3a3763319c7(uuid4917)
сент. 16, 2025 8:21:57 PM webapp.storage.AbstractStorage save
INFO: &amp#27;[32mSave f4e71dfa-75e9-4b11-ad77-e29b41dd63d1(uuid4918)
сент. 16, 2025 8:21:57 PM webapp.storage.AbstractStorage save
INFO: &amp#27;[32mSave 5816b16a-fa54-4be6-a347-53c931718ab6(uuid4919)
сент. 16, 2025 8:21:57 PM webapp.storage.AbstractStorage save
INFO: &amp#27;[32mSave 96c83898-4899-48f4-8bbf-b02c1729064f(uuid4920)
сент. 16, 2025 8:21:57 PM webapp.storage.AbstractStorage save
INFO: &amp#27;[32mSave 43f7c16c-2d69-4850-a0ff-14968db26e27(uuid4921)
сент. 16, 2025 8:21:57 PM webapp.storage.AbstractStorage save
INFO: &amp#27;[32mSave cc3d7825-f98a-4897-8141-8079e29bcf5a(uuid4922)
сент. 16, 2025 8:21:57 PM webapp.storage.AbstractStorage save
INFO: &amp#27;[32mSave 427bf881-53e8-4c91-b779-5cd5c04d3d78(uuid4923)
сент. 16, 2025 8:21:57 PM webapp.storage.AbstractStorage save
INFO: &amp#27;[32mSave acc48a80-7ec2-4488-b266-1a545b2e8a61(uuid4924)
сент. 16, 2025 8:21:57 PM webapp.storage.AbstractStorage save
INFO: &amp#27;[32mSave 8c7506dd-f4b0-47ed-bc4b-fe4f6fa15dea(uuid4925)
сент. 16, 2025 8:21:57 PM webapp.storage.AbstractStorage save
INFO: &amp#27;[32mSave 840cb901-dc5f-4397-9904-411db1950e1b(uuid4926)
сент. 16, 2025 8:21:57 PM webapp.storage.AbstractStorage save
INFO: &amp#27;[32mSave 8470f1e2-aa6f-4d21-98e7-8d1130e7ad40(uuid4927)
сент. 16, 2025 8:21:57 PM webapp.storage.AbstractStorage save
INFO: &amp#27;[32mSave 3a8707a7-b63f-424d-9a67-e16894159ad0(uuid4928)
сент. 16, 2025 8:21:57 PM webapp.storage.AbstractStorage save
INFO: &amp#27;[32mSave 004b71c2-1f0d-44d3-b04f-af29151a2b89(uuid4929)
сент. 16, 2025 8:21:57 PM webapp.storage.AbstractStorage save
INFO: &amp#27;[32mSave 519f8dd7-b150-4e80-8560-18a7f5858357(uuid4930)
сент. 16, 2025 8:21:57 PM webapp.storage.AbstractStorage save
INFO: &amp#27;[32mSave 75877fca-6392-4676-a5b7-bd7de35ddbb1(uuid4931)
сент. 16, 2025 8:21:57 PM webapp.storage.AbstractStorage save
INFO: &amp#27;[32mSave ef59beea-3136-465e-af75-6ea1771e37aa(uuid4932)
сент. 16, 2025 8:21:57 PM webapp.storage.AbstractStorage save
INFO: &amp#27;[32mSave 166b7521-2dd3-431b-8795-ce59c5f23f18(uuid4933)
сент. 16, 2025 8:21:57 PM webapp.storage.AbstractStorage save
INFO: &amp#27;[32mSave da4c4848-e583-4f88-a1db-aa9a08791dce(uuid4934)
сент. 16, 2025 8:21:57 PM webapp.storage.AbstractStorage save
INFO: &amp#27;[32mSave d21ae92d-625c-4bdc-9e0b-0264c1444c10(uuid4935)
сент. 16, 2025 8:21:57 PM webapp.storage.AbstractStorage save
INFO: &amp#27;[32mSave 27f418c3-873c-49e6-880a-20f868bf4228(uuid4936)
сент. 16, 2025 8:21:57 PM webapp.storage.AbstractStorage save
INFO: &amp#27;[32mSave 51e1aa3f-a210-438e-9f53-2a8993959268(uuid4937)
сент. 16, 2025 8:21:57 PM webapp.storage.AbstractStorage save
INFO: &amp#27;[32mSave c82a4584-9ad6-4607-b2fa-5e0cef9f6607(uuid4938)
сент. 16, 2025 8:21:57 PM webapp.storage.AbstractStorage save
INFO: &amp#27;[32mSave 448ab546-dd7b-4487-ad33-6940620b7e81(uuid4939)
сент. 16, 2025 8:21:57 PM webapp.storage.AbstractStorage save
INFO: &amp#27;[32mSave 2a25b25c-98ec-4688-9639-ab8e26d8ea4e(uuid4940)
сент. 16, 2025 8:21:57 PM webapp.storage.AbstractStorage save
INFO: &amp#27;[32mSave 737bf482-a27a-44d1-a31f-b53ac753530d(uuid4941)
сент. 16, 2025 8:21:57 PM webapp.storage.AbstractStorage save
INFO: &amp#27;[32mSave f0ebc406-efa8-4298-84ea-6f67b7117e22(uuid4942)
сент. 16, 2025 8:21:57 PM webapp.storage.AbstractStorage save
INFO: &amp#27;[32mSave 5a957a89-7ea8-4d42-b81d-85a98a5a483f(uuid4943)
сент. 16, 2025 8:21:57 PM webapp.storage.AbstractStorage save
INFO: &amp#27;[32mSave 3ca92765-796c-4120-85f7-4edd223e0bb0(uuid4944)
сент. 16, 2025 8:21:57 PM webapp.storage.AbstractStorage save
INFO: &amp#27;[32mSave ecb898e1-1ee2-44c0-a141-808a248b67e6(uuid4945)
сент. 16, 2025 8:21:57 PM webapp.storage.AbstractStorage save
INFO: &amp#27;[32mSave be5fdb50-1c47-46e7-a740-6cef9c04a23f(uuid4946)
сент. 16, 2025 8:21:57 PM webapp.storage.AbstractStorage save
INFO: &amp#27;[32mSave a8c62efa-edb1-4bf2-9645-bca4faa029f1(uuid4947)
сент. 16, 2025 8:21:57 PM webapp.storage.AbstractStorage save
INFO: &amp#27;[32mSave 3a1b5228-c9f9-471b-a745-0d9c500e0286(uuid4948)
сент. 16, 2025 8:21:57 PM webapp.storage.AbstractStorage save
INFO: &amp#27;[32mSave bc3f12ec-9338-47f7-82bf-88802df51ff7(uuid4949)
сент. 16, 2025 8:21:57 PM webapp.storage.AbstractStorage save
INFO: &amp#27;[32mSave f6cc11a0-5994-4f96-83aa-5d10056681da(uuid4950)
сент. 16, 2025 8:21:57 PM webapp.storage.AbstractStorage save
INFO: &amp#27;[32mSave 68f2480e-8bf5-4fed-9776-ee24fa27b5ec(uuid4951)
сент. 16, 2025 8:21:57 PM webapp.storage.AbstractStorage save
INFO: &amp#27;[32mSave b8335d99-d3bf-45cf-a66b-cb3932ab78f2(uuid4952)
сент. 16, 2025 8:21:57 PM webapp.storage.AbstractStorage save
INFO: &amp#27;[32mSave ca55378f-169a-4bb9-a317-6a503278e4e7(uuid4953)
сент. 16, 2025 8:21:57 PM webapp.storage.AbstractStorage save
INFO: &amp#27;[32mSave 5170db63-d83d-4ac0-91f9-a5b4a84442fb(uuid4954)
сент. 16, 2025 8:21:57 PM webapp.storage.AbstractStorage save
INFO: &amp#27;[32mSave 1a960cf9-7c28-49fc-82f4-b10983798ca9(uuid4955)
сент. 16, 2025 8:21:57 PM webapp.storage.AbstractStorage save
INFO: &amp#27;[32mSave 02e56c69-c01a-4d0e-b386-f388ea2f6c13(uuid4956)
сент. 16, 2025 8:21:57 PM webapp.storage.AbstractStorage save
INFO: &amp#27;[32mSave 932b280b-36e4-453d-ab8a-d266dfdefd56(uuid4957)
сент. 16, 2025 8:21:57 PM webapp.storage.AbstractStorage save
INFO: &amp#27;[32mSave ada6c464-4e06-4e06-8fc8-b2cb898e747f(uuid4958)
сент. 16, 2025 8:21:57 PM webapp.storage.AbstractStorage save
INFO: &amp#27;[32mSave e9b836aa-1c8e-4631-92ed-1d11fba6ba59(uuid4959)
сент. 16, 2025 8:21:57 PM webapp.storage.AbstractStorage save
INFO: &amp#27;[32mSave 0ba8f6be-837e-410f-8f8b-449b30c2bd9a(uuid4960)
сент. 16, 2025 8:21:57 PM webapp.storage.AbstractStorage save
INFO: &amp#27;[32mSave d0205a68-1413-4ba1-93b9-4b5a2b852c58(uuid4961)
сент. 16, 2025 8:21:57 PM webapp.storage.AbstractStorage save
INFO: &amp#27;[32mSave c262c0bc-1343-4e22-976e-39101c79cb58(uuid4962)
сент. 16, 2025 8:21:57 PM webapp.storage.AbstractStorage save
INFO: &amp#27;[32mSave 1e69bd57-8d2a-435f-b746-d1d4ddb57b16(uuid4963)
сент. 16, 2025 8:21:57 PM webapp.storage.AbstractStorage save
INFO: &amp#27;[32mSave 683854f3-7f68-41e4-9bb7-effdee5382a5(uuid4964)
сент. 16, 2025 8:21:57 PM webapp.storage.AbstractStorage save
INFO: &amp#27;[32mSave 48e81c34-7429-4a88-8025-3ac84d613d79(uuid4965)
сент. 16, 2025 8:21:57 PM webapp.storage.AbstractStorage save
INFO: &amp#27;[32mSave 29995af7-5fe1-4f0f-a662-edd6b7a457a8(uuid4966)
сент. 16, 2025 8:21:57 PM webapp.storage.AbstractStorage save
INFO: &amp#27;[32mSave 01f4a637-c753-48ec-905b-73f0213cc9d0(uuid4967)
сент. 16, 2025 8:21:57 PM webapp.storage.AbstractStorage save
INFO: &amp#27;[32mSave cf7d8c3e-8a91-45ed-a12f-fcb29d7a12c9(uuid4968)
сент. 16, 2025 8:21:57 PM webapp.storage.AbstractStorage save
INFO: &amp#27;[32mSave bca2f258-7dcf-4f9c-8036-57ae71fab868(uuid4969)
сент. 16, 2025 8:21:57 PM webapp.storage.AbstractStorage save
INFO: &amp#27;[32mSave 00ab670e-3679-4cbe-b4f6-4b60eb80e507(uuid4970)
сент. 16, 2025 8:21:57 PM webapp.storage.AbstractStorage save
INFO: &amp#27;[32mSave 4b60760b-93b7-4482-b583-3a7a819e9513(uuid4971)
сент. 16, 2025 8:21:57 PM webapp.storage.AbstractStorage save
INFO: &amp#27;[32mSave 5f13ed02-4f8d-40c8-be11-fc236ba29575(uuid4972)
сент. 16, 2025 8:21:57 PM webapp.storage.AbstractStorage save
INFO: &amp#27;[32mSave 9b24637c-fb41-4b44-943b-9bc5c579c26c(uuid4973)
сент. 16, 2025 8:21:57 PM webapp.storage.AbstractStorage save
INFO: &amp#27;[32mSave f9262f8e-bf4f-4a86-98cb-33f5d814b696(uuid4974)
сент. 16, 2025 8:21:57 PM webapp.storage.AbstractStorage save
INFO: &amp#27;[32mSave 5a9da5ed-d193-4de8-ad81-ac7d0c2c6e2a(uuid4975)
сент. 16, 2025 8:21:57 PM webapp.storage.AbstractStorage save
INFO: &amp#27;[32mSave 6164b7f9-5010-4083-9253-23c605640eb7(uuid4976)
сент. 16, 2025 8:21:57 PM webapp.storage.AbstractStorage save
INFO: &amp#27;[32mSave 9c4f475a-0b6c-4a62-8cb7-0155aa9e43b6(uuid4977)
сент. 16, 2025 8:21:57 PM webapp.storage.AbstractStorage save
INFO: &amp#27;[32mSave 857a35ce-609a-4405-adba-dc5d57651efe(uuid4978)
сент. 16, 2025 8:21:57 PM webapp.storage.AbstractStorage save
INFO: &amp#27;[32mSave cfe247aa-227b-4259-a49c-dbd8bdbdee3c(uuid4979)
сент. 16, 2025 8:21:57 PM webapp.storage.AbstractStorage save
INFO: &amp#27;[32mSave 0c825150-982a-460c-ba5a-4f805fc6d1e5(uuid4980)
сент. 16, 2025 8:21:57 PM webapp.storage.AbstractStorage save
INFO: &amp#27;[32mSave 2bd3f62e-635a-4005-a043-532ce8ae3bfc(uuid4981)
сент. 16, 2025 8:21:57 PM webapp.storage.AbstractStorage save
INFO: &amp#27;[32mSave 03b8866b-0862-4e0d-880a-6f540914401e(uuid4982)
сент. 16, 2025 8:21:57 PM webapp.storage.AbstractStorage save
INFO: &amp#27;[32mSave 610b5e84-fdd8-49a4-a1e1-49222af278c3(uuid4983)
сент. 16, 2025 8:21:57 PM webapp.storage.AbstractStorage save
INFO: &amp#27;[32mSave ded43acb-b58b-40f4-9f39-fb99b2dd9725(uuid4984)
сент. 16, 2025 8:21:57 PM webapp.storage.AbstractStorage save
INFO: &amp#27;[32mSave 057a6a20-05d1-4c24-a2c6-aac68b4a3349(uuid4985)
сент. 16, 2025 8:21:57 PM webapp.storage.AbstractStorage save
INFO: &amp#27;[32mSave 14891dd2-006e-4172-b1ba-9f58f52805ad(uuid4986)
сент. 16, 2025 8:21:57 PM webapp.storage.AbstractStorage save
INFO: &amp#27;[32mSave 682542d6-4ed8-46c2-b4c2-491d657f88db(uuid4987)
сент. 16, 2025 8:21:57 PM webapp.storage.AbstractStorage save
INFO: &amp#27;[32mSave b5c32fb8-e46f-4b11-ae3a-d386db20c385(uuid4988)
сент. 16, 2025 8:21:57 PM webapp.storage.AbstractStorage save
INFO: &amp#27;[32mSave 582a8fcf-df54-48bc-b388-71ace4851cfd(uuid4989)
сент. 16, 2025 8:21:57 PM webapp.storage.AbstractStorage save
INFO: &amp#27;[32mSave d2cf9a24-6beb-4b7e-b2aa-2ea21d2dba3e(uuid4990)
сент. 16, 2025 8:21:57 PM webapp.storage.AbstractStorage save
INFO: &amp#27;[32mSave 6d332279-0946-4a2a-bcab-0969b85073b0(uuid4991)
сент. 16, 2025 8:21:57 PM webapp.storage.AbstractStorage save
INFO: &amp#27;[32mSave 664cf582-7630-48ae-94f2-e0ea45c72c55(uuid4992)
сент. 16, 2025 8:21:57 PM webapp.storage.AbstractStorage save
INFO: &amp#27;[32mSave 927cdaef-15d8-4620-8203-e76f27f88137(uuid4993)
сент. 16, 2025 8:21:57 PM webapp.storage.AbstractStorage save
INFO: &amp#27;[32mSave 60d4f659-c240-4f6e-ae4f-e2f512841654(uuid4994)
сент. 16, 2025 8:21:57 PM webapp.storage.AbstractStorage save
INFO: &amp#27;[32mSave b5c63896-fbcc-4190-8e03-b43c5e33be94(uuid4995)
сент. 16, 2025 8:21:57 PM webapp.storage.AbstractStorage save
INFO: &amp#27;[32mSave c1a0fd86-cb32-4160-abf4-a394a180338c(uuid4996)
сент. 16, 2025 8:21:57 PM webapp.storage.AbstractStorage save
INFO: &amp#27;[32mSave 9a3f8230-bc16-4602-9453-5089b0e4c754(uuid4997)
сент. 16, 2025 8:21:57 PM webapp.storage.AbstractStorage save
INFO: &amp#27;[32mSave 29963c6f-a4f8-46ad-ab57-90d81b8b025c(uuid4998)
сент. 16, 2025 8:21:57 PM webapp.storage.AbstractStorage save
INFO: &amp#27;[32mSave 8e975dcb-304e-4285-b0f3-ed081a8ba0cd(uuid4999)
сент. 16, 2025 8:21:57 PM webapp.storage.AbstractStorage save
INFO: &amp#27;[32mSave 8df907d1-e52e-4674-a37e-862c1b506848(uuid5000)
сент. 16, 2025 8:21:57 PM webapp.storage.AbstractStorage save
INFO: &amp#27;[32mSave b4e89a76-b7cc-4ad2-a00a-a8f02164cf2c(uuid5001)
сент. 16, 2025 8:21:57 PM webapp.storage.AbstractStorage save
INFO: &amp#27;[32mSave fb2f6795-4bc9-4cc4-ae06-2fd73156a750(uuid5002)
сент. 16, 2025 8:21:57 PM webapp.storage.AbstractStorage save
INFO: &amp#27;[32mSave 61f8e3e8-ae10-41c3-90f0-1a644ab852af(uuid5003)
сент. 16, 2025 8:21:57 PM webapp.storage.AbstractStorage save
INFO: &amp#27;[32mSave 4d08e3a5-1708-4dcd-bd4e-ad0f6319609c(uuid5004)
сент. 16, 2025 8:21:57 PM webapp.storage.AbstractStorage save
INFO: &amp#27;[32mSave cb760b8e-1d76-4cbe-a105-3b45b13318d0(uuid5005)
сент. 16, 2025 8:21:57 PM webapp.storage.AbstractStorage save
INFO: &amp#27;[32mSave 8eb6ce44-6529-4782-9155-6273c44cc3cc(uuid5006)
сент. 16, 2025 8:21:57 PM webapp.storage.AbstractStorage save
INFO: &amp#27;[32mSave 23eedc36-794f-4180-a5b1-3dc51b9a06de(uuid5007)
сент. 16, 2025 8:21:57 PM webapp.storage.AbstractStorage save
INFO: &amp#27;[32mSave 7baa90d0-a674-4861-8c18-0ef141afb1eb(uuid5008)
сент. 16, 2025 8:21:57 PM webapp.storage.AbstractStorage save
INFO: &amp#27;[32mSave 59312a52-855d-45d2-88bc-718c1fe0406b(uuid5009)
сент. 16, 2025 8:21:57 PM webapp.storage.AbstractStorage save
INFO: &amp#27;[32mSave fe8eab5d-f35c-494f-858b-db5cfe28adf2(uuid5010)
сент. 16, 2025 8:21:57 PM webapp.storage.AbstractStorage save
INFO: &amp#27;[32mSave 2075b8e2-eb5c-4126-ba79-417abcb13329(uuid5011)
сент. 16, 2025 8:21:57 PM webapp.storage.AbstractStorage save
INFO: &amp#27;[32mSave 0c41f763-40b8-4da7-b8d5-cf05336fc3aa(uuid5012)
сент. 16, 2025 8:21:57 PM webapp.storage.AbstractStorage save
INFO: &amp#27;[32mSave c65fd05f-af72-492a-b741-4782f19e5010(uuid5013)
сент. 16, 2025 8:21:57 PM webapp.storage.AbstractStorage save
INFO: &amp#27;[32mSave 63080d63-1e98-4117-8963-856663e3327a(uuid5014)
сент. 16, 2025 8:21:57 PM webapp.storage.AbstractStorage save
INFO: &amp#27;[32mSave 9097b472-dc2e-4ccf-8f0b-8f8086308d56(uuid5015)
сент. 16, 2025 8:21:57 PM webapp.storage.AbstractStorage save
INFO: &amp#27;[32mSave bda4fb4a-2f30-441f-8351-db9358dfd6cf(uuid5016)
сент. 16, 2025 8:21:57 PM webapp.storage.AbstractStorage save
INFO: &amp#27;[32mSave f660132b-5e58-49f8-804f-71f7affc4759(uuid5017)
сент. 16, 2025 8:21:57 PM webapp.storage.AbstractStorage save
INFO: &amp#27;[32mSave f77ecff3-7d95-48ec-a56b-acc2929c7169(uuid5018)
сент. 16, 2025 8:21:57 PM webapp.storage.AbstractStorage save
INFO: &amp#27;[32mSave 5321bfb6-4fe3-4304-9699-9a98ba714192(uuid5019)
сент. 16, 2025 8:21:57 PM webapp.storage.AbstractStorage save
INFO: &amp#27;[32mSave 104d801a-2241-4536-bad7-728c8c374925(uuid5020)
сент. 16, 2025 8:21:57 PM webapp.storage.AbstractStorage save
INFO: &amp#27;[32mSave 29c83642-914e-4eac-8241-6b89642d5f27(uuid5021)
сент. 16, 2025 8:21:57 PM webapp.storage.AbstractStorage save
INFO: &amp#27;[32mSave a759ddae-31af-46d6-a074-e6c241dd9c0c(uuid5022)
сент. 16, 2025 8:21:57 PM webapp.storage.AbstractStorage save
INFO: &amp#27;[32mSave 9c2e418b-38a0-4a21-b3d1-344d71da9638(uuid5023)
сент. 16, 2025 8:21:57 PM webapp.storage.AbstractStorage save
INFO: &amp#27;[32mSave 3d9e0e3a-ec90-4878-be10-a9e799dd9caf(uuid5024)
сент. 16, 2025 8:21:57 PM webapp.storage.AbstractStorage save
INFO: &amp#27;[32mSave ef4ced32-4d12-4d7f-b9a8-68ce45a6020b(uuid5025)
сент. 16, 2025 8:21:57 PM webapp.storage.AbstractStorage save
INFO: &amp#27;[32mSave 5540d8d4-599b-46ac-864a-3bff51e48d9d(uuid5026)
сент. 16, 2025 8:21:57 PM webapp.storage.AbstractStorage save
INFO: &amp#27;[32mSave cc395c2c-c058-4432-936b-c5c4844f3d0f(uuid5027)
сент. 16, 2025 8:21:57 PM webapp.storage.AbstractStorage save
INFO: &amp#27;[32mSave 1b797836-1bc3-477d-a04a-a0e81111d43f(uuid5028)
сент. 16, 2025 8:21:57 PM webapp.storage.AbstractStorage save
INFO: &amp#27;[32mSave bc34a869-5088-48f3-9de5-e306d4f8daf9(uuid5029)
сент. 16, 2025 8:21:57 PM webapp.storage.AbstractStorage save
INFO: &amp#27;[32mSave e8b8263a-4fa6-4cf0-9b40-ef2e2872eec6(uuid5030)
сент. 16, 2025 8:21:57 PM webapp.storage.AbstractStorage save
INFO: &amp#27;[32mSave 98651f52-7cf3-41e7-9b09-5c28c2679a5f(uuid5031)
сент. 16, 2025 8:21:57 PM webapp.storage.AbstractStorage save
INFO: &amp#27;[32mSave d36ff0a7-0964-446a-a782-360f435da1dd(uuid5032)
сент. 16, 2025 8:21:57 PM webapp.storage.AbstractStorage save
INFO: &amp#27;[32mSave 6f46759c-d9eb-47d9-a47a-44b294fdb17b(uuid5033)
сент. 16, 2025 8:21:57 PM webapp.storage.AbstractStorage save
INFO: &amp#27;[32mSave ea1d5adc-1036-4b23-9257-025c32e051a7(uuid5034)
сент. 16, 2025 8:21:57 PM webapp.storage.AbstractStorage save
INFO: &amp#27;[32mSave 6809434a-a3b2-46c4-98fa-4de62863149a(uuid5035)
сент. 16, 2025 8:21:57 PM webapp.storage.AbstractStorage save
INFO: &amp#27;[32mSave cad84f27-43c3-4861-9c33-35d1b662daa4(uuid5036)
сент. 16, 2025 8:21:57 PM webapp.storage.AbstractStorage save
INFO: &amp#27;[32mSave 4850286e-677c-413f-9514-6476d736af04(uuid5037)
сент. 16, 2025 8:21:57 PM webapp.storage.AbstractStorage save
INFO: &amp#27;[32mSave 7b0801d9-240d-4032-addf-cad33f2a187d(uuid5038)
сент. 16, 2025 8:21:57 PM webapp.storage.AbstractStorage save
INFO: &amp#27;[32mSave 3116c96d-2c63-4513-b989-88207c236031(uuid5039)
сент. 16, 2025 8:21:57 PM webapp.storage.AbstractStorage save
INFO: &amp#27;[32mSave eaa62d4d-4aa3-4fdc-a26b-c52b60409a9c(uuid5040)
сент. 16, 2025 8:21:57 PM webapp.storage.AbstractStorage save
INFO: &amp#27;[32mSave b92f457b-ce07-4c97-8bab-67d39490e415(uuid5041)
сент. 16, 2025 8:21:57 PM webapp.storage.AbstractStorage save
INFO: &amp#27;[32mSave 1317fd93-f003-4f03-be8c-d2bd444b08e6(uuid5042)
сент. 16, 2025 8:21:57 PM webapp.storage.AbstractStorage save
INFO: &amp#27;[32mSave 3755ac06-50ec-49a2-9c11-bb8e13f59a0e(uuid5043)
сент. 16, 2025 8:21:57 PM webapp.storage.AbstractStorage save
INFO: &amp#27;[32mSave 12a0e4cc-ee62-4a97-ae5e-821283492a74(uuid5044)
сент. 16, 2025 8:21:57 PM webapp.storage.AbstractStorage save
INFO: &amp#27;[32mSave 868aaae3-f0d2-43a9-9aec-0d51bc098ad1(uuid5045)
сент. 16, 2025 8:21:57 PM webapp.storage.AbstractStorage save
INFO: &amp#27;[32mSave 8dcf57e5-cd7a-4213-9fd2-453f368e36ca(uuid5046)
сент. 16, 2025 8:21:57 PM webapp.storage.AbstractStorage save
INFO: &amp#27;[32mSave 40628e50-b497-481d-8813-6619fa8a7fee(uuid5047)
сент. 16, 2025 8:21:57 PM webapp.storage.AbstractStorage save
INFO: &amp#27;[32mSave f547c43b-c419-4731-88e4-410206f123a0(uuid5048)
сент. 16, 2025 8:21:57 PM webapp.storage.AbstractStorage save
INFO: &amp#27;[32mSave bd1f359b-94bc-40b7-bcac-54fedd9a1857(uuid5049)
сент. 16, 2025 8:21:57 PM webapp.storage.AbstractStorage save
INFO: &amp#27;[32mSave b8043b62-81d9-4820-829e-78a14ea9e366(uuid5050)
сент. 16, 2025 8:21:57 PM webapp.storage.AbstractStorage save
INFO: &amp#27;[32mSave 45e5f380-a8ce-4ca3-aedb-7b65475f0f1b(uuid5051)
сент. 16, 2025 8:21:57 PM webapp.storage.AbstractStorage save
INFO: &amp#27;[32mSave 3990b3f0-15ab-4389-8273-4977016bdc94(uuid5052)
сент. 16, 2025 8:21:57 PM webapp.storage.AbstractStorage save
INFO: &amp#27;[32mSave e6dd3473-34c3-4a3d-a265-2ed4bed29792(uuid5053)
сент. 16, 2025 8:21:57 PM webapp.storage.AbstractStorage save
INFO: &amp#27;[32mSave d6d20bd8-ee1b-454c-80e2-2daf9be0c48d(uuid5054)
сент. 16, 2025 8:21:57 PM webapp.storage.AbstractStorage save
INFO: &amp#27;[32mSave cd44ca0b-1714-4687-a630-b307e01ae5d5(uuid5055)
сент. 16, 2025 8:21:57 PM webapp.storage.AbstractStorage save
INFO: &amp#27;[32mSave fc164685-0a06-49c4-b644-33d7cacaaf8c(uuid5056)
сент. 16, 2025 8:21:57 PM webapp.storage.AbstractStorage save
INFO: &amp#27;[32mSave 18dda5f7-386e-4871-be5a-6d57e5777547(uuid5057)
сент. 16, 2025 8:21:57 PM webapp.storage.AbstractStorage save
INFO: &amp#27;[32mSave bc5de67e-974e-4295-b294-0db5decd5bd2(uuid5058)
сент. 16, 2025 8:21:57 PM webapp.storage.AbstractStorage save
INFO: &amp#27;[32mSave 65ce8dc4-23bb-4927-b8e9-338c788bd8fe(uuid5059)
сент. 16, 2025 8:21:57 PM webapp.storage.AbstractStorage save
INFO: &amp#27;[32mSave 793b75ec-0668-4056-9617-003834c14c28(uuid5060)
сент. 16, 2025 8:21:57 PM webapp.storage.AbstractStorage save
INFO: &amp#27;[32mSave 2f266048-5f61-4f7e-98ef-342be147285a(uuid5061)
сент. 16, 2025 8:21:57 PM webapp.storage.AbstractStorage save
INFO: &amp#27;[32mSave debae4b2-5fc9-43d2-b912-aff81b2f6a03(uuid5062)
сент. 16, 2025 8:21:57 PM webapp.storage.AbstractStorage save
INFO: &amp#27;[32mSave b401661b-6beb-40be-97d6-0c8299f5ef18(uuid5063)
сент. 16, 2025 8:21:57 PM webapp.storage.AbstractStorage save
INFO: &amp#27;[32mSave 711b8253-b960-4188-a7b0-4731ed11dc70(uuid5064)
сент. 16, 2025 8:21:57 PM webapp.storage.AbstractStorage save
INFO: &amp#27;[32mSave 261efd5d-beb2-4b97-ac8b-7a961e9c24af(uuid5065)
сент. 16, 2025 8:21:57 PM webapp.storage.AbstractStorage save
INFO: &amp#27;[32mSave 0ce4a3e7-5d66-4e38-9414-46280c9c24b2(uuid5066)
сент. 16, 2025 8:21:57 PM webapp.storage.AbstractStorage save
INFO: &amp#27;[32mSave b048ee4b-a319-4707-a6a8-1195205a8af0(uuid5067)
сент. 16, 2025 8:21:57 PM webapp.storage.AbstractStorage save
INFO: &amp#27;[32mSave 6b16f8d0-36d3-4632-a2df-dfc426c06ec9(uuid5068)
сент. 16, 2025 8:21:57 PM webapp.storage.AbstractStorage save
INFO: &amp#27;[32mSave 251319f2-43a7-4ba4-b3eb-511cd7e374e3(uuid5069)
сент. 16, 2025 8:21:57 PM webapp.storage.AbstractStorage save
INFO: &amp#27;[32mSave 8e70a7be-d430-4d79-9397-b5600e084ce3(uuid5070)
сент. 16, 2025 8:21:57 PM webapp.storage.AbstractStorage save
INFO: &amp#27;[32mSave 14b18def-efb2-4b89-bcc9-bfc844a9aa13(uuid5071)
сент. 16, 2025 8:21:57 PM webapp.storage.AbstractStorage save
INFO: &amp#27;[32mSave 45052dd5-3e05-4eb2-8287-f4b41791249f(uuid5072)
сент. 16, 2025 8:21:57 PM webapp.storage.AbstractStorage save
INFO: &amp#27;[32mSave a6ef8ed2-3b11-49a0-b167-d88f82d4b3fa(uuid5073)
сент. 16, 2025 8:21:57 PM webapp.storage.AbstractStorage save
INFO: &amp#27;[32mSave 004406d8-ceee-42bc-a1f4-13d30223f698(uuid5074)
сент. 16, 2025 8:21:57 PM webapp.storage.AbstractStorage save
INFO: &amp#27;[32mSave 606ed7fb-7c5a-48d2-84f0-1ff1b26badf3(uuid5075)
сент. 16, 2025 8:21:57 PM webapp.storage.AbstractStorage save
INFO: &amp#27;[32mSave a0e7f3a5-b40e-4676-a2cc-84c4f79b63d3(uuid5076)
сент. 16, 2025 8:21:57 PM webapp.storage.AbstractStorage save
INFO: &amp#27;[32mSave 577e9ce0-c24c-4233-93a6-505302208291(uuid5077)
сент. 16, 2025 8:21:57 PM webapp.storage.AbstractStorage save
INFO: &amp#27;[32mSave acd26b17-a48b-444d-b62f-1413bfe37c86(uuid5078)
сент. 16, 2025 8:21:57 PM webapp.storage.AbstractStorage save
INFO: &amp#27;[32mSave 48881a7a-7845-4ec7-a3dd-850c784a6ea6(uuid5079)
сент. 16, 2025 8:21:57 PM webapp.storage.AbstractStorage save
INFO: &amp#27;[32mSave 7527235f-47cb-44ab-90b2-c04187db43b4(uuid5080)
сент. 16, 2025 8:21:57 PM webapp.storage.AbstractStorage save
INFO: &amp#27;[32mSave eb9ffe3a-b7ad-4373-b65b-0da205bf38c4(uuid5081)
сент. 16, 2025 8:21:57 PM webapp.storage.AbstractStorage save
INFO: &amp#27;[32mSave f7c139ef-6814-4529-bf0a-48d4deb6c2f7(uuid5082)
сент. 16, 2025 8:21:57 PM webapp.storage.AbstractStorage save
INFO: &amp#27;[32mSave 057c3cf3-abd1-4638-88ae-9576ac99ed48(uuid5083)
сент. 16, 2025 8:21:57 PM webapp.storage.AbstractStorage save
INFO: &amp#27;[32mSave a47c0ba8-af89-4ddc-8062-631ec628b078(uuid5084)
сент. 16, 2025 8:21:57 PM webapp.storage.AbstractStorage save
INFO: &amp#27;[32mSave 93cb47f8-8a4d-4fe7-88dc-0bf84f77d9fd(uuid5085)
сент. 16, 2025 8:21:57 PM webapp.storage.AbstractStorage save
INFO: &amp#27;[32mSave a02e7b13-8cc8-45bc-97f3-00b1fda81436(uuid5086)
сент. 16, 2025 8:21:57 PM webapp.storage.AbstractStorage save
INFO: &amp#27;[32mSave 973d109a-8d77-4605-90e5-c12f069ae02f(uuid5087)
сент. 16, 2025 8:21:57 PM webapp.storage.AbstractStorage save
INFO: &amp#27;[32mSave b1d70778-3c64-4075-9ebf-99219bfd12b6(uuid5088)
сент. 16, 2025 8:21:57 PM webapp.storage.AbstractStorage save
INFO: &amp#27;[32mSave e84b1576-3712-4269-8cea-2b4ab4b923d8(uuid5089)
сент. 16, 2025 8:21:57 PM webapp.storage.AbstractStorage save
INFO: &amp#27;[32mSave 59b0c59b-8002-4ae0-b451-37968ebeb7b8(uuid5090)
сент. 16, 2025 8:21:57 PM webapp.storage.AbstractStorage save
INFO: &amp#27;[32mSave 952ae967-0cb5-4c6c-9386-e1478d72a484(uuid5091)
сент. 16, 2025 8:21:57 PM webapp.storage.AbstractStorage save
INFO: &amp#27;[32mSave 5c0e7915-abac-4148-8c9c-f61b5ffe9bc7(uuid5092)
сент. 16, 2025 8:21:57 PM webapp.storage.AbstractStorage save
INFO: &amp#27;[32mSave 7d600a3b-57ce-41bc-b588-9da466536265(uuid5093)
сент. 16, 2025 8:21:57 PM webapp.storage.AbstractStorage save
INFO: &amp#27;[32mSave ca36b834-03e9-416c-aafb-7b30fe933442(uuid5094)
сент. 16, 2025 8:21:57 PM webapp.storage.AbstractStorage save
INFO: &amp#27;[32mSave 44e49182-5a1c-4868-8e7f-300fd8cb1e6d(uuid5095)
сент. 16, 2025 8:21:57 PM webapp.storage.AbstractStorage save
INFO: &amp#27;[32mSave 3370a1c5-cfaf-4926-8d79-3f06dece5c95(uuid5096)
сент. 16, 2025 8:21:57 PM webapp.storage.AbstractStorage save
INFO: &amp#27;[32mSave b0fe63a2-53ef-4644-b361-9685d51e01fb(uuid5097)
сент. 16, 2025 8:21:57 PM webapp.storage.AbstractStorage save
INFO: &amp#27;[32mSave b5912d46-4bc5-4816-a046-e22163ec4df7(uuid5098)
сент. 16, 2025 8:21:57 PM webapp.storage.AbstractStorage save
INFO: &amp#27;[32mSave ca2ee1ae-6ec1-47ba-929d-9e0acee2c5e4(uuid5099)
сент. 16, 2025 8:21:57 PM webapp.storage.AbstractStorage save
INFO: &amp#27;[32mSave cefe058e-4ec2-4a2d-be1c-135fc403739e(uuid5100)
сент. 16, 2025 8:21:57 PM webapp.storage.AbstractStorage save
INFO: &amp#27;[32mSave eb5b3c0b-1aa9-4862-ad39-8dd72c409908(uuid5101)
сент. 16, 2025 8:21:57 PM webapp.storage.AbstractStorage save
INFO: &amp#27;[32mSave f5483635-784d-4634-9ba3-5f3b5b9d7d92(uuid5102)
сент. 16, 2025 8:21:57 PM webapp.storage.AbstractStorage save
INFO: &amp#27;[32mSave f7d9ddc0-86b1-4810-9c8e-cff6e0e10c00(uuid5103)
сент. 16, 2025 8:21:57 PM webapp.storage.AbstractStorage save
INFO: &amp#27;[32mSave 36cb5bd2-4ab8-4edc-9063-03afb46b4a34(uuid5104)
сент. 16, 2025 8:21:57 PM webapp.storage.AbstractStorage save
INFO: &amp#27;[32mSave 2dfcf162-be1d-4950-9048-7a31fc146531(uuid5105)
сент. 16, 2025 8:21:57 PM webapp.storage.AbstractStorage save
INFO: &amp#27;[32mSave 71fd5b6c-1207-4566-9619-aa7a587b0556(uuid5106)
сент. 16, 2025 8:21:57 PM webapp.storage.AbstractStorage save
INFO: &amp#27;[32mSave 29fc5a03-69af-47d6-b46d-5b1180089d32(uuid5107)
сент. 16, 2025 8:21:57 PM webapp.storage.AbstractStorage save
INFO: &amp#27;[32mSave c7152829-779e-40bf-99c6-4cbb8d234f6b(uuid5108)
сент. 16, 2025 8:21:57 PM webapp.storage.AbstractStorage save
INFO: &amp#27;[32mSave 08bc7ce1-3c99-414e-8a5e-218ca9ddb835(uuid5109)
сент. 16, 2025 8:21:57 PM webapp.storage.AbstractStorage save
INFO: &amp#27;[32mSave 5ec107d8-e85e-4c87-a8fe-697f05d2b49e(uuid5110)
сент. 16, 2025 8:21:57 PM webapp.storage.AbstractStorage save
INFO: &amp#27;[32mSave 83ffeb48-4697-4a75-8cae-b47f912cfa4e(uuid5111)
сент. 16, 2025 8:21:57 PM webapp.storage.AbstractStorage save
INFO: &amp#27;[32mSave 7a6cb2ba-a4fe-4300-a92b-09a1f99e0f9a(uuid5112)
сент. 16, 2025 8:21:57 PM webapp.storage.AbstractStorage save
INFO: &amp#27;[32mSave 5a03e3a2-1e3c-4a74-ac77-005610259bbc(uuid5113)
сент. 16, 2025 8:21:57 PM webapp.storage.AbstractStorage save
INFO: &amp#27;[32mSave 4171d5a3-8fd7-41f7-9906-78e1a82e43b2(uuid5114)
сент. 16, 2025 8:21:57 PM webapp.storage.AbstractStorage save
INFO: &amp#27;[32mSave 19f85ad5-ec7a-4762-9431-1b339a35b827(uuid5115)
сент. 16, 2025 8:21:57 PM webapp.storage.AbstractStorage save
INFO: &amp#27;[32mSave 5c14ce52-4413-4a6e-9dde-f22336a4e88c(uuid5116)
сент. 16, 2025 8:21:57 PM webapp.storage.AbstractStorage save
INFO: &amp#27;[32mSave ca7f05ef-3d2c-4410-8a51-ac1145ac558e(uuid5117)
сент. 16, 2025 8:21:57 PM webapp.storage.AbstractStorage save
INFO: &amp#27;[32mSave d96c541a-b6e9-4ef7-b5b5-98eb494ce779(uuid5118)
сент. 16, 2025 8:21:57 PM webapp.storage.AbstractStorage save
INFO: &amp#27;[32mSave ea19c81e-f0f2-4a16-bc8f-ffa3699395f7(uuid5119)
сент. 16, 2025 8:21:57 PM webapp.storage.AbstractStorage save
INFO: &amp#27;[32mSave 953262b5-9482-4764-acf5-7f40e655dd0a(uuid5120)
сент. 16, 2025 8:21:57 PM webapp.storage.AbstractStorage save
INFO: &amp#27;[32mSave d9a5187f-f5bd-4d83-b689-3e6188580118(uuid5121)
сент. 16, 2025 8:21:57 PM webapp.storage.AbstractStorage save
INFO: &amp#27;[32mSave 4319bfb7-a7d1-4651-8107-4324817a2973(uuid5122)
сент. 16, 2025 8:21:57 PM webapp.storage.AbstractStorage save
INFO: &amp#27;[32mSave 63461f48-c6db-41aa-9dce-2342f2d6addf(uuid5123)
сент. 16, 2025 8:21:57 PM webapp.storage.AbstractStorage save
INFO: &amp#27;[32mSave 0b2462ae-4a01-4ef9-9515-5ba3fc7a4b59(uuid5124)
сент. 16, 2025 8:21:57 PM webapp.storage.AbstractStorage save
INFO: &amp#27;[32mSave 1063b58e-92f4-4d20-8dbf-ab8f9f94932c(uuid5125)
сент. 16, 2025 8:21:57 PM webapp.storage.AbstractStorage save
INFO: &amp#27;[32mSave 5091a5fb-174e-409a-a249-d938123cd9c9(uuid5126)
сент. 16, 2025 8:21:57 PM webapp.storage.AbstractStorage save
INFO: &amp#27;[32mSave 4a0228c0-8572-4900-8c8c-24ac9c36ffc6(uuid5127)
сент. 16, 2025 8:21:57 PM webapp.storage.AbstractStorage save
INFO: &amp#27;[32mSave 427cce72-8e65-444c-964f-e2ff38f9d3eb(uuid5128)
сент. 16, 2025 8:21:57 PM webapp.storage.AbstractStorage save
INFO: &amp#27;[32mSave e3583ea0-eff8-4a07-9f32-0bc481d00b4b(uuid5129)
сент. 16, 2025 8:21:57 PM webapp.storage.AbstractStorage save
INFO: &amp#27;[32mSave fc77a912-1245-4755-8575-8fd2cadbc01c(uuid5130)
сент. 16, 2025 8:21:57 PM webapp.storage.AbstractStorage save
INFO: &amp#27;[32mSave 20206ff8-41cc-4f87-b3e9-9ac756b04357(uuid5131)
сент. 16, 2025 8:21:57 PM webapp.storage.AbstractStorage save
INFO: &amp#27;[32mSave bdc4fc55-3218-43b4-b310-ed7b552bab98(uuid5132)
сент. 16, 2025 8:21:57 PM webapp.storage.AbstractStorage save
INFO: &amp#27;[32mSave 44c0ef84-5ebc-4099-8ae6-cf1ff0663ea8(uuid5133)
сент. 16, 2025 8:21:57 PM webapp.storage.AbstractStorage save
INFO: &amp#27;[32mSave 11e6bb7b-83f1-4960-9d86-d37716893fcf(uuid5134)
сент. 16, 2025 8:21:57 PM webapp.storage.AbstractStorage save
INFO: &amp#27;[32mSave 9e611e7a-d057-4f0a-831a-953daba450a2(uuid5135)
сент. 16, 2025 8:21:57 PM webapp.storage.AbstractStorage save
INFO: &amp#27;[32mSave 6d545084-e85b-4727-8583-b6894450f518(uuid5136)
сент. 16, 2025 8:21:57 PM webapp.storage.AbstractStorage save
INFO: &amp#27;[32mSave 1f24ea20-dd62-46b8-acb9-f13110bf57e3(uuid5137)
сент. 16, 2025 8:21:57 PM webapp.storage.AbstractStorage save
INFO: &amp#27;[32mSave c374a9e3-ab68-423e-aed3-76d7175d7c2b(uuid5138)
сент. 16, 2025 8:21:57 PM webapp.storage.AbstractStorage save
INFO: &amp#27;[32mSave a2bd76d4-8728-4654-94ae-0758f2ff8701(uuid5139)
сент. 16, 2025 8:21:57 PM webapp.storage.AbstractStorage save
INFO: &amp#27;[32mSave bfc256f0-b0f0-457b-bc14-453f961b2687(uuid5140)
сент. 16, 2025 8:21:57 PM webapp.storage.AbstractStorage save
INFO: &amp#27;[32mSave 7bad0236-be84-437d-9f42-1e2893df1fca(uuid5141)
сент. 16, 2025 8:21:57 PM webapp.storage.AbstractStorage save
INFO: &amp#27;[32mSave 3280f835-3fdc-446f-9b88-afb3f6036bef(uuid5142)
сент. 16, 2025 8:21:57 PM webapp.storage.AbstractStorage save
INFO: &amp#27;[32mSave a908c357-51cd-4695-8a9a-b342fd218222(uuid5143)
сент. 16, 2025 8:21:57 PM webapp.storage.AbstractStorage save
INFO: &amp#27;[32mSave 5803b5ad-5449-485c-9fca-816912e47f10(uuid5144)
сент. 16, 2025 8:21:57 PM webapp.storage.AbstractStorage save
INFO: &amp#27;[32mSave 3bc89376-c6ed-470f-b395-a52a08464d68(uuid5145)
сент. 16, 2025 8:21:57 PM webapp.storage.AbstractStorage save
INFO: &amp#27;[32mSave b6c7a39b-1032-4dbf-84b7-661eb13ad080(uuid5146)
сент. 16, 2025 8:21:57 PM webapp.storage.AbstractStorage save
INFO: &amp#27;[32mSave 2f54a119-96d2-462a-9d0a-a9a126ef74f0(uuid5147)
сент. 16, 2025 8:21:57 PM webapp.storage.AbstractStorage save
INFO: &amp#27;[32mSave fcec7626-8b3f-461a-b874-1b6a2604322e(uuid5148)
сент. 16, 2025 8:21:57 PM webapp.storage.AbstractStorage save
INFO: &amp#27;[32mSave 86d83ed9-e949-43d5-bf0c-f49cd70355a9(uuid5149)
сент. 16, 2025 8:21:57 PM webapp.storage.AbstractStorage save
INFO: &amp#27;[32mSave 38f04ce1-dcd8-409e-bddc-31c154a7a5ab(uuid5150)
сент. 16, 2025 8:21:57 PM webapp.storage.AbstractStorage save
INFO: &amp#27;[32mSave f807f372-4319-4fb0-89f9-8d833057a6ce(uuid5151)
сент. 16, 2025 8:21:57 PM webapp.storage.AbstractStorage save
INFO: &amp#27;[32mSave 17ab815a-5430-49af-bbd3-51e587aa55bc(uuid5152)
сент. 16, 2025 8:21:57 PM webapp.storage.AbstractStorage save
INFO: &amp#27;[32mSave c867be2f-ec18-48a2-bc41-89f3b9c4af6e(uuid5153)
сент. 16, 2025 8:21:57 PM webapp.storage.AbstractStorage save
INFO: &amp#27;[32mSave 96c69319-f76f-4233-97cc-cd4cf5d4b104(uuid5154)
сент. 16, 2025 8:21:57 PM webapp.storage.AbstractStorage save
INFO: &amp#27;[32mSave 9555ea16-e172-4313-8ade-50fecbdf7a54(uuid5155)
сент. 16, 2025 8:21:57 PM webapp.storage.AbstractStorage save
INFO: &amp#27;[32mSave e08bbd19-9d4b-453f-952a-d29f0843778c(uuid5156)
сент. 16, 2025 8:21:57 PM webapp.storage.AbstractStorage save
INFO: &amp#27;[32mSave 3e244801-920b-48de-b2f1-49237954e3d8(uuid5157)
сент. 16, 2025 8:21:57 PM webapp.storage.AbstractStorage save
INFO: &amp#27;[32mSave 1635308c-aea7-4157-aa17-d796f74965bb(uuid5158)
сент. 16, 2025 8:21:57 PM webapp.storage.AbstractStorage save
INFO: &amp#27;[32mSave a30b65d5-9d0e-46e4-9e1f-2f81852293b3(uuid5159)
сент. 16, 2025 8:21:57 PM webapp.storage.AbstractStorage save
INFO: &amp#27;[32mSave 5013db8f-74c9-48fd-a748-ea7a3cb764cd(uuid5160)
сент. 16, 2025 8:21:57 PM webapp.storage.AbstractStorage save
INFO: &amp#27;[32mSave d03c40fb-03aa-41cc-ae44-85fecd18d281(uuid5161)
сент. 16, 2025 8:21:57 PM webapp.storage.AbstractStorage save
INFO: &amp#27;[32mSave e7e85002-e7b5-45fc-8367-cae190718ac9(uuid5162)
сент. 16, 2025 8:21:57 PM webapp.storage.AbstractStorage save
INFO: &amp#27;[32mSave b3add884-400c-4707-b39e-370479a30f48(uuid5163)
сент. 16, 2025 8:21:57 PM webapp.storage.AbstractStorage save
INFO: &amp#27;[32mSave 003a9ba7-7987-4ca4-b79f-94e1c5938f73(uuid5164)
сент. 16, 2025 8:21:57 PM webapp.storage.AbstractStorage save
INFO: &amp#27;[32mSave 5692d629-8962-4b27-8305-84d6facd1deb(uuid5165)
сент. 16, 2025 8:21:57 PM webapp.storage.AbstractStorage save
INFO: &amp#27;[32mSave 1fc71011-ec1d-41e5-b661-dd2438b50f68(uuid5166)
сент. 16, 2025 8:21:57 PM webapp.storage.AbstractStorage save
INFO: &amp#27;[32mSave 1f9b1a50-87c6-42b6-89c5-b813a5aa309f(uuid5167)
сент. 16, 2025 8:21:57 PM webapp.storage.AbstractStorage save
INFO: &amp#27;[32mSave c24c166e-1fff-4397-8df6-c20e94e9dcd3(uuid5168)
сент. 16, 2025 8:21:57 PM webapp.storage.AbstractStorage save
INFO: &amp#27;[32mSave 4ca8f08f-5a9f-4ebb-9c03-ab87604822e9(uuid5169)
сент. 16, 2025 8:21:57 PM webapp.storage.AbstractStorage save
INFO: &amp#27;[32mSave fadeede3-77fd-439e-b6df-68d3f6bbb1fd(uuid5170)
сент. 16, 2025 8:21:57 PM webapp.storage.AbstractStorage save
INFO: &amp#27;[32mSave d7b017bb-2ab6-4ecd-8948-0162aa3759ff(uuid5171)
сент. 16, 2025 8:21:57 PM webapp.storage.AbstractStorage save
INFO: &amp#27;[32mSave 3f9fe130-3bef-4263-88e8-ac24c477a24f(uuid5172)
сент. 16, 2025 8:21:57 PM webapp.storage.AbstractStorage save
INFO: &amp#27;[32mSave 06522d3e-89c5-4dd6-abf1-e3bc37950361(uuid5173)
сент. 16, 2025 8:21:57 PM webapp.storage.AbstractStorage save
INFO: &amp#27;[32mSave a1343f72-b298-4646-90ce-050851474d18(uuid5174)
сент. 16, 2025 8:21:57 PM webapp.storage.AbstractStorage save
INFO: &amp#27;[32mSave 75e166f3-d07d-42f2-8f80-fb55c5be375d(uuid5175)
сент. 16, 2025 8:21:57 PM webapp.storage.AbstractStorage save
INFO: &amp#27;[32mSave b295c8b8-8bb0-4aea-9115-97e75ce2b9ea(uuid5176)
сент. 16, 2025 8:21:57 PM webapp.storage.AbstractStorage save
INFO: &amp#27;[32mSave f4062105-eb15-4a63-bd67-50e8b11a2534(uuid5177)
сент. 16, 2025 8:21:57 PM webapp.storage.AbstractStorage save
INFO: &amp#27;[32mSave 7dc767b7-e7bc-4b08-9d5c-f7f878036196(uuid5178)
сент. 16, 2025 8:21:57 PM webapp.storage.AbstractStorage save
INFO: &amp#27;[32mSave 7b87f775-2341-499a-b4bb-3146c769c9f2(uuid5179)
сент. 16, 2025 8:21:57 PM webapp.storage.AbstractStorage save
INFO: &amp#27;[32mSave f5d937f1-eb7f-4e9f-9aff-0a4674ada91b(uuid5180)
сент. 16, 2025 8:21:57 PM webapp.storage.AbstractStorage save
INFO: &amp#27;[32mSave 83ad453b-2fd2-4d7d-aecb-38ba128481b8(uuid5181)
сент. 16, 2025 8:21:57 PM webapp.storage.AbstractStorage save
INFO: &amp#27;[32mSave 8729145b-d8ec-459a-9a4b-1ab53a63d49c(uuid5182)
сент. 16, 2025 8:21:57 PM webapp.storage.AbstractStorage save
INFO: &amp#27;[32mSave 088b27c6-5052-4486-a75b-37816a0b3e1f(uuid5183)
сент. 16, 2025 8:21:57 PM webapp.storage.AbstractStorage save
INFO: &amp#27;[32mSave 28061242-91d7-4c83-8f83-bf0cae890a04(uuid5184)
сент. 16, 2025 8:21:57 PM webapp.storage.AbstractStorage save
INFO: &amp#27;[32mSave 546b8276-22c8-4e48-92bf-6c629eacfcb2(uuid5185)
сент. 16, 2025 8:21:57 PM webapp.storage.AbstractStorage save
INFO: &amp#27;[32mSave a01c3d43-ecea-448d-a469-a91c702074d8(uuid5186)
сент. 16, 2025 8:21:57 PM webapp.storage.AbstractStorage save
INFO: &amp#27;[32mSave 78d2f182-7a71-46a4-a26f-a3617b23efc2(uuid5187)
сент. 16, 2025 8:21:57 PM webapp.storage.AbstractStorage save
INFO: &amp#27;[32mSave bb34243a-dbed-41d3-b548-25faa394356b(uuid5188)
сент. 16, 2025 8:21:57 PM webapp.storage.AbstractStorage save
INFO: &amp#27;[32mSave b65afabe-dc4f-478d-8aa1-5089191afac3(uuid5189)
сент. 16, 2025 8:21:57 PM webapp.storage.AbstractStorage save
INFO: &amp#27;[32mSave 1e11eb23-cffd-4f32-8423-320296967d40(uuid5190)
сент. 16, 2025 8:21:57 PM webapp.storage.AbstractStorage save
INFO: &amp#27;[32mSave 0d637e27-3d4b-473a-b9a9-a339413e22e2(uuid5191)
сент. 16, 2025 8:21:57 PM webapp.storage.AbstractStorage save
INFO: &amp#27;[32mSave 4fa804be-9a66-4aef-a98f-2e82725f1691(uuid5192)
сент. 16, 2025 8:21:57 PM webapp.storage.AbstractStorage save
INFO: &amp#27;[32mSave d52760e4-4bb8-4ceb-a1e8-9453f007e878(uuid5193)
сент. 16, 2025 8:21:57 PM webapp.storage.AbstractStorage save
INFO: &amp#27;[32mSave 23179202-d38d-452a-8689-896c576bc538(uuid5194)
сент. 16, 2025 8:21:57 PM webapp.storage.AbstractStorage save
INFO: &amp#27;[32mSave 55058ede-590f-4ef0-92e7-43efce1c41d9(uuid5195)
сент. 16, 2025 8:21:57 PM webapp.storage.AbstractStorage save
INFO: &amp#27;[32mSave 1d5488a5-4c86-467d-8e20-1c5132d60a56(uuid5196)
сент. 16, 2025 8:21:57 PM webapp.storage.AbstractStorage save
INFO: &amp#27;[32mSave 7fd94cba-a43e-4d43-9ef0-eef0c4331f03(uuid5197)
сент. 16, 2025 8:21:57 PM webapp.storage.AbstractStorage save
INFO: &amp#27;[32mSave 2ed94123-1649-48cd-afca-fbc4601c34c8(uuid5198)
сент. 16, 2025 8:21:57 PM webapp.storage.AbstractStorage save
INFO: &amp#27;[32mSave ff48b8a0-75c4-4663-8930-06ad23085cc5(uuid5199)
сент. 16, 2025 8:21:57 PM webapp.storage.AbstractStorage save
INFO: &amp#27;[32mSave 963d04a4-2376-4eb5-b806-10eaf0f8410e(uuid5200)
сент. 16, 2025 8:21:57 PM webapp.storage.AbstractStorage save
INFO: &amp#27;[32mSave 715da382-ada0-45f9-bba9-fec82cf81189(uuid5201)
сент. 16, 2025 8:21:57 PM webapp.storage.AbstractStorage save
INFO: &amp#27;[32mSave 26308363-bec4-435c-81d4-b066ab405694(uuid5202)
сент. 16, 2025 8:21:57 PM webapp.storage.AbstractStorage save
INFO: &amp#27;[32mSave 680823f4-961e-4787-aacc-6b1f09313e00(uuid5203)
сент. 16, 2025 8:21:57 PM webapp.storage.AbstractStorage save
INFO: &amp#27;[32mSave 8d327b94-cd4d-4bdc-a023-ef21944c47f6(uuid5204)
сент. 16, 2025 8:21:57 PM webapp.storage.AbstractStorage save
INFO: &amp#27;[32mSave 14cc6dc5-a736-4ed4-9e8d-383fe6684542(uuid5205)
сент. 16, 2025 8:21:57 PM webapp.storage.AbstractStorage save
INFO: &amp#27;[32mSave 01145b7b-e53e-4427-9ddf-ae53b683a8ae(uuid5206)
сент. 16, 2025 8:21:57 PM webapp.storage.AbstractStorage save
INFO: &amp#27;[32mSave 4bb2ca9e-d380-4481-84b2-5ca9b3dadf97(uuid5207)
сент. 16, 2025 8:21:57 PM webapp.storage.AbstractStorage save
INFO: &amp#27;[32mSave ea81977e-4c4d-498b-a721-f33f9b740a91(uuid5208)
сент. 16, 2025 8:21:57 PM webapp.storage.AbstractStorage save
INFO: &amp#27;[32mSave 80e498af-4109-4745-979d-8c8e2e3c6938(uuid5209)
сент. 16, 2025 8:21:57 PM webapp.storage.AbstractStorage save
INFO: &amp#27;[32mSave 693778ba-4711-47bc-8a60-527baded8dac(uuid5210)
сент. 16, 2025 8:21:57 PM webapp.storage.AbstractStorage save
INFO: &amp#27;[32mSave 5ed07900-2819-4de0-8680-8750af83bddd(uuid5211)
сент. 16, 2025 8:21:57 PM webapp.storage.AbstractStorage save
INFO: &amp#27;[32mSave 95bbc805-faa7-433f-b37b-13d8ef34d1e4(uuid5212)
сент. 16, 2025 8:21:57 PM webapp.storage.AbstractStorage save
INFO: &amp#27;[32mSave ca403405-f7e9-4041-8fda-0f24b39b2e5c(uuid5213)
сент. 16, 2025 8:21:57 PM webapp.storage.AbstractStorage save
INFO: &amp#27;[32mSave 6329b6e5-40eb-4019-9e60-b470be79114a(uuid5214)
сент. 16, 2025 8:21:57 PM webapp.storage.AbstractStorage save
INFO: &amp#27;[32mSave a2831683-aa51-4ac2-a97b-e48827224007(uuid5215)
сент. 16, 2025 8:21:57 PM webapp.storage.AbstractStorage save
INFO: &amp#27;[32mSave 2d684f2a-3466-4d8d-8858-13b025c0af58(uuid5216)
сент. 16, 2025 8:21:57 PM webapp.storage.AbstractStorage save
INFO: &amp#27;[32mSave 621ada83-6218-4f98-acb3-a26074a217f8(uuid5217)
сент. 16, 2025 8:21:57 PM webapp.storage.AbstractStorage save
INFO: &amp#27;[32mSave f63d8b1c-a145-46a1-bc81-38b086960667(uuid5218)
сент. 16, 2025 8:21:57 PM webapp.storage.AbstractStorage save
INFO: &amp#27;[32mSave 5077385f-be34-4099-8174-8dc22893367b(uuid5219)
сент. 16, 2025 8:21:57 PM webapp.storage.AbstractStorage save
INFO: &amp#27;[32mSave 0bde629b-0c09-48c6-9d90-8d7dbd77a769(uuid5220)
сент. 16, 2025 8:21:57 PM webapp.storage.AbstractStorage save
INFO: &amp#27;[32mSave a78cd5d1-55a9-4564-bdca-9ea3f8520a8d(uuid5221)
сент. 16, 2025 8:21:57 PM webapp.storage.AbstractStorage save
INFO: &amp#27;[32mSave f1344716-5332-41b3-b446-a4ce4325b5f8(uuid5222)
сент. 16, 2025 8:21:57 PM webapp.storage.AbstractStorage save
INFO: &amp#27;[32mSave da930259-74c1-4733-9344-85dfc6aef521(uuid5223)
сент. 16, 2025 8:21:57 PM webapp.storage.AbstractStorage save
INFO: &amp#27;[32mSave 3e9897a8-ace1-40b1-8f38-316f68d3ecff(uuid5224)
сент. 16, 2025 8:21:57 PM webapp.storage.AbstractStorage save
INFO: &amp#27;[32mSave 72d08b20-23ec-43f7-b056-48cc4205e89c(uuid5225)
сент. 16, 2025 8:21:57 PM webapp.storage.AbstractStorage save
INFO: &amp#27;[32mSave cc6fa25e-7ff3-4c7b-b9d0-d0f3f39cc4af(uuid5226)
сент. 16, 2025 8:21:57 PM webapp.storage.AbstractStorage save
INFO: &amp#27;[32mSave db08f707-9f17-4163-942f-4d5b001b0bd6(uuid5227)
сент. 16, 2025 8:21:57 PM webapp.storage.AbstractStorage save
INFO: &amp#27;[32mSave 5eeda79a-1517-4e00-a079-3afa5cd9d073(uuid5228)
сент. 16, 2025 8:21:57 PM webapp.storage.AbstractStorage save
INFO: &amp#27;[32mSave e0f2cb2c-61c3-4851-a645-7e96e3492925(uuid5229)
сент. 16, 2025 8:21:57 PM webapp.storage.AbstractStorage save
INFO: &amp#27;[32mSave bd76456d-1ccd-4c72-b446-8e31db49d0ab(uuid5230)
сент. 16, 2025 8:21:57 PM webapp.storage.AbstractStorage save
INFO: &amp#27;[32mSave e0c23bd2-a139-40af-ac5d-21ddd9295dd1(uuid5231)
сент. 16, 2025 8:21:57 PM webapp.storage.AbstractStorage save
INFO: &amp#27;[32mSave 3259282a-295e-4309-bca2-be83d4dc8c03(uuid5232)
сент. 16, 2025 8:21:57 PM webapp.storage.AbstractStorage save
INFO: &amp#27;[32mSave fdb395c9-b866-49a6-90ed-f015f0b661f4(uuid5233)
сент. 16, 2025 8:21:57 PM webapp.storage.AbstractStorage save
INFO: &amp#27;[32mSave 834046e9-9a5e-42c0-b621-6dd92e146579(uuid5234)
сент. 16, 2025 8:21:57 PM webapp.storage.AbstractStorage save
INFO: &amp#27;[32mSave 1c7c8df9-6e83-4fb8-be8e-51f0a51dd3ca(uuid5235)
сент. 16, 2025 8:21:57 PM webapp.storage.AbstractStorage save
INFO: &amp#27;[32mSave 151bfa3e-6b6f-4a9f-9306-0b6b60411262(uuid5236)
сент. 16, 2025 8:21:57 PM webapp.storage.AbstractStorage save
INFO: &amp#27;[32mSave 16f7401d-7768-4fea-b57e-5580992580c7(uuid5237)
сент. 16, 2025 8:21:57 PM webapp.storage.AbstractStorage save
INFO: &amp#27;[32mSave 8cc39a61-36a8-4f41-8cff-92f82772dc07(uuid5238)
сент. 16, 2025 8:21:57 PM webapp.storage.AbstractStorage save
INFO: &amp#27;[32mSave 9130a110-7eea-407f-922e-0bd992997d30(uuid5239)
сент. 16, 2025 8:21:57 PM webapp.storage.AbstractStorage save
INFO: &amp#27;[32mSave b4725a6f-764c-456e-b1f4-56b80b6f3f55(uuid5240)
сент. 16, 2025 8:21:57 PM webapp.storage.AbstractStorage save
INFO: &amp#27;[32mSave 747d30e6-4dba-4a93-a973-a58591ea5d54(uuid5241)
сент. 16, 2025 8:21:57 PM webapp.storage.AbstractStorage save
INFO: &amp#27;[32mSave d4aa4d8c-3be8-4d1e-8160-80ff6b5e670f(uuid5242)
сент. 16, 2025 8:21:57 PM webapp.storage.AbstractStorage save
INFO: &amp#27;[32mSave 3d62c1a7-63e4-4b64-ba71-a61b0adeb61d(uuid5243)
сент. 16, 2025 8:21:57 PM webapp.storage.AbstractStorage save
INFO: &amp#27;[32mSave dd088286-36ed-4109-bf18-c68b1c5c13c7(uuid5244)
сент. 16, 2025 8:21:57 PM webapp.storage.AbstractStorage save
INFO: &amp#27;[32mSave 3fbcb7ba-f1af-4cc7-a948-db0c24dd26a8(uuid5245)
сент. 16, 2025 8:21:57 PM webapp.storage.AbstractStorage save
INFO: &amp#27;[32mSave 48e45705-bee1-48d5-9761-8550a763c8de(uuid5246)
сент. 16, 2025 8:21:57 PM webapp.storage.AbstractStorage save
INFO: &amp#27;[32mSave d86dfed6-2dce-46e7-afa5-d7ea90d8f563(uuid5247)
сент. 16, 2025 8:21:57 PM webapp.storage.AbstractStorage save
INFO: &amp#27;[32mSave f27fc1d2-6f03-4dd2-be06-cf660602c2f8(uuid5248)
сент. 16, 2025 8:21:57 PM webapp.storage.AbstractStorage save
INFO: &amp#27;[32mSave 12a0336e-c386-4fdc-8a78-61d84948e789(uuid5249)
сент. 16, 2025 8:21:57 PM webapp.storage.AbstractStorage save
INFO: &amp#27;[32mSave 9545e7dc-ffd4-4e76-837e-cff4d00e093d(uuid5250)
сент. 16, 2025 8:21:57 PM webapp.storage.AbstractStorage save
INFO: &amp#27;[32mSave 5de213f9-6ee2-4efd-83a5-75ec88070907(uuid5251)
сент. 16, 2025 8:21:57 PM webapp.storage.AbstractStorage save
INFO: &amp#27;[32mSave 1a1428ad-166a-4e8a-aec3-ab85d1694866(uuid5252)
сент. 16, 2025 8:21:57 PM webapp.storage.AbstractStorage save
INFO: &amp#27;[32mSave 1797edb6-e6b0-4da5-9817-ff528b60810a(uuid5253)
сент. 16, 2025 8:21:57 PM webapp.storage.AbstractStorage save
INFO: &amp#27;[32mSave 793bc6e2-3857-4e5b-b47e-6fe1325cb08b(uuid5254)
сент. 16, 2025 8:21:57 PM webapp.storage.AbstractStorage save
INFO: &amp#27;[32mSave 0598a5cc-c7d1-42f7-93e6-def91967e181(uuid5255)
сент. 16, 2025 8:21:57 PM webapp.storage.AbstractStorage save
INFO: &amp#27;[32mSave 3d8138e0-c695-456d-85a8-661b8627b1b2(uuid5256)
сент. 16, 2025 8:21:57 PM webapp.storage.AbstractStorage save
INFO: &amp#27;[32mSave 993f624a-8028-4225-bd82-eb4e5c71bb6c(uuid5257)
сент. 16, 2025 8:21:57 PM webapp.storage.AbstractStorage save
INFO: &amp#27;[32mSave 7e967f14-706a-4759-8ee8-81cadfc6cdc8(uuid5258)
сент. 16, 2025 8:21:57 PM webapp.storage.AbstractStorage save
INFO: &amp#27;[32mSave 40738c21-82c5-45e3-a720-aa9ba784b241(uuid5259)
сент. 16, 2025 8:21:57 PM webapp.storage.AbstractStorage save
INFO: &amp#27;[32mSave 75f58ac7-a812-4536-a6b2-36197be94b1c(uuid5260)
сент. 16, 2025 8:21:57 PM webapp.storage.AbstractStorage save
INFO: &amp#27;[32mSave f1de823e-eae0-4810-9b75-e4ea60874c0a(uuid5261)
сент. 16, 2025 8:21:57 PM webapp.storage.AbstractStorage save
INFO: &amp#27;[32mSave 3af85c8f-bccc-4527-981e-d43768db7689(uuid5262)
сент. 16, 2025 8:21:57 PM webapp.storage.AbstractStorage save
INFO: &amp#27;[32mSave 75cc34cd-3761-43cd-895c-d42d53307a1d(uuid5263)
сент. 16, 2025 8:21:57 PM webapp.storage.AbstractStorage save
INFO: &amp#27;[32mSave 50a48f31-a240-4c85-9b03-f0ff3f01d157(uuid5264)
сент. 16, 2025 8:21:57 PM webapp.storage.AbstractStorage save
INFO: &amp#27;[32mSave 750800c3-6cc9-4d24-9ca0-99b323db296c(uuid5265)
сент. 16, 2025 8:21:57 PM webapp.storage.AbstractStorage save
INFO: &amp#27;[32mSave 4509f8f4-dcd0-4710-8afd-436c238edaaf(uuid5266)
сент. 16, 2025 8:21:57 PM webapp.storage.AbstractStorage save
INFO: &amp#27;[32mSave d69be2ab-71ea-4521-b0fc-5d77de601dd0(uuid5267)
сент. 16, 2025 8:21:57 PM webapp.storage.AbstractStorage save
INFO: &amp#27;[32mSave 4bc2b85b-8561-4fab-ab58-9b7429cb1d9f(uuid5268)
сент. 16, 2025 8:21:57 PM webapp.storage.AbstractStorage save
INFO: &amp#27;[32mSave 0b215966-3a43-47cb-b20e-364437863e3d(uuid5269)
сент. 16, 2025 8:21:57 PM webapp.storage.AbstractStorage save
INFO: &amp#27;[32mSave 7c97e04a-017a-4967-8250-ced30efd9170(uuid5270)
сент. 16, 2025 8:21:57 PM webapp.storage.AbstractStorage save
INFO: &amp#27;[32mSave 19cd607a-f86b-4371-a36e-80ca12724bac(uuid5271)
сент. 16, 2025 8:21:57 PM webapp.storage.AbstractStorage save
INFO: &amp#27;[32mSave b6ca4bda-97a8-4f29-b646-7894e2455e8a(uuid5272)
сент. 16, 2025 8:21:57 PM webapp.storage.AbstractStorage save
INFO: &amp#27;[32mSave 5469bc6d-f941-47da-b940-aa5b592fff89(uuid5273)
сент. 16, 2025 8:21:57 PM webapp.storage.AbstractStorage save
INFO: &amp#27;[32mSave 42ef539e-326b-4e9c-81e3-f4d6b7d6e233(uuid5274)
сент. 16, 2025 8:21:57 PM webapp.storage.AbstractStorage save
INFO: &amp#27;[32mSave 8081db83-6f7e-4430-a918-d8e9cbfc24fa(uuid5275)
сент. 16, 2025 8:21:57 PM webapp.storage.AbstractStorage save
INFO: &amp#27;[32mSave 48ad2d93-d8ef-4277-9dca-8c6211ad14e0(uuid5276)
сент. 16, 2025 8:21:57 PM webapp.storage.AbstractStorage save
INFO: &amp#27;[32mSave 0ab5ece3-402e-4e09-a2f1-931e6bd2a4cb(uuid5277)
сент. 16, 2025 8:21:57 PM webapp.storage.AbstractStorage save
INFO: &amp#27;[32mSave bd7d4855-0670-4902-a1d2-40ede8bd43d5(uuid5278)
сент. 16, 2025 8:21:57 PM webapp.storage.AbstractStorage save
INFO: &amp#27;[32mSave abad82eb-fc5c-4861-b867-289935d832d1(uuid5279)
сент. 16, 2025 8:21:57 PM webapp.storage.AbstractStorage save
INFO: &amp#27;[32mSave 5c880848-033b-4d74-925f-c46df1fd57e5(uuid5280)
сент. 16, 2025 8:21:57 PM webapp.storage.AbstractStorage save
INFO: &amp#27;[32mSave b1ffaaaa-4dc3-4efc-afa1-dc4bf1cc28b7(uuid5281)
сент. 16, 2025 8:21:57 PM webapp.storage.AbstractStorage save
INFO: &amp#27;[32mSave 08f021b1-9b81-48be-af1f-d692a640ca0b(uuid5282)
сент. 16, 2025 8:21:57 PM webapp.storage.AbstractStorage save
INFO: &amp#27;[32mSave 89f158d3-da93-42f3-b762-e0f827df2616(uuid5283)
сент. 16, 2025 8:21:57 PM webapp.storage.AbstractStorage save
INFO: &amp#27;[32mSave 33657a74-0e70-4cac-adfb-7a0a354c2fe1(uuid5284)
сент. 16, 2025 8:21:57 PM webapp.storage.AbstractStorage save
INFO: &amp#27;[32mSave bae3e380-e618-4332-87b5-eedc1a564c58(uuid5285)
сент. 16, 2025 8:21:57 PM webapp.storage.AbstractStorage save
INFO: &amp#27;[32mSave 6fd54f1c-1a9f-42d3-a2b5-894df4588064(uuid5286)
сент. 16, 2025 8:21:57 PM webapp.storage.AbstractStorage save
INFO: &amp#27;[32mSave d05fc259-8b5c-487c-97a3-9f8a2f631bce(uuid5287)
сент. 16, 2025 8:21:57 PM webapp.storage.AbstractStorage save
INFO: &amp#27;[32mSave 26718085-3a03-488e-a91b-f96369a9c946(uuid5288)
сент. 16, 2025 8:21:57 PM webapp.storage.AbstractStorage save
INFO: &amp#27;[32mSave a5344e69-7b7a-48e2-81ef-f08648c27529(uuid5289)
сент. 16, 2025 8:21:57 PM webapp.storage.AbstractStorage save
INFO: &amp#27;[32mSave bf02ef5e-1bb7-46e9-a21d-3123399b00ca(uuid5290)
сент. 16, 2025 8:21:57 PM webapp.storage.AbstractStorage save
INFO: &amp#27;[32mSave e34c5a0c-d7df-44c8-bfc1-99c2aaa9d0e9(uuid5291)
сент. 16, 2025 8:21:57 PM webapp.storage.AbstractStorage save
INFO: &amp#27;[32mSave e143d661-455c-48a4-9cf1-16d22115a134(uuid5292)
сент. 16, 2025 8:21:57 PM webapp.storage.AbstractStorage save
INFO: &amp#27;[32mSave 536c4007-05ea-4202-ab55-304eb32c2e67(uuid5293)
сент. 16, 2025 8:21:57 PM webapp.storage.AbstractStorage save
INFO: &amp#27;[32mSave e4c2dfe4-1223-496f-a1e3-ce9121017911(uuid5294)
сент. 16, 2025 8:21:57 PM webapp.storage.AbstractStorage save
INFO: &amp#27;[32mSave d4eaf7a9-08f4-438e-b726-be7b498dc5ac(uuid5295)
сент. 16, 2025 8:21:57 PM webapp.storage.AbstractStorage save
INFO: &amp#27;[32mSave d60c5de3-fd40-47b6-bd7b-a2ee42706a9d(uuid5296)
сент. 16, 2025 8:21:57 PM webapp.storage.AbstractStorage save
INFO: &amp#27;[32mSave 29509948-69e8-4c74-8bb1-8fde5b58d98e(uuid5297)
сент. 16, 2025 8:21:57 PM webapp.storage.AbstractStorage save
INFO: &amp#27;[32mSave f2d4dcca-411a-4e81-a4e4-55f66c3dd7dc(uuid5298)
сент. 16, 2025 8:21:57 PM webapp.storage.AbstractStorage save
INFO: &amp#27;[32mSave 35a0b0b0-b341-4f88-94f8-e9945c8edd2e(uuid5299)
сент. 16, 2025 8:21:57 PM webapp.storage.AbstractStorage save
INFO: &amp#27;[32mSave 78182810-f608-4d73-9c35-36bc377730ee(uuid5300)
сент. 16, 2025 8:21:57 PM webapp.storage.AbstractStorage save
INFO: &amp#27;[32mSave a1e0b0c3-da44-42a9-a6e5-db05016425ee(uuid5301)
сент. 16, 2025 8:21:57 PM webapp.storage.AbstractStorage save
INFO: &amp#27;[32mSave 9342d443-500a-46cf-a2dc-80c1d640f5ad(uuid5302)
сент. 16, 2025 8:21:57 PM webapp.storage.AbstractStorage save
INFO: &amp#27;[32mSave 29470c30-27ce-4659-9c37-7a17193f685b(uuid5303)
сент. 16, 2025 8:21:57 PM webapp.storage.AbstractStorage save
INFO: &amp#27;[32mSave ce0cab39-1d9f-4265-9b6b-4c968cdaa206(uuid5304)
сент. 16, 2025 8:21:57 PM webapp.storage.AbstractStorage save
INFO: &amp#27;[32mSave d37c5a4b-b20b-421d-a7c0-4df6d2a3b38e(uuid5305)
сент. 16, 2025 8:21:57 PM webapp.storage.AbstractStorage save
INFO: &amp#27;[32mSave f7403c2c-a713-4511-88c1-c40221c14fce(uuid5306)
сент. 16, 2025 8:21:57 PM webapp.storage.AbstractStorage save
INFO: &amp#27;[32mSave b41f645e-2137-40ab-8e97-1699d7b5ac22(uuid5307)
сент. 16, 2025 8:21:57 PM webapp.storage.AbstractStorage save
INFO: &amp#27;[32mSave 83dd5689-1582-4890-be92-a99297a26ddd(uuid5308)
сент. 16, 2025 8:21:57 PM webapp.storage.AbstractStorage save
INFO: &amp#27;[32mSave 53ee3609-03e2-4984-bd38-40989d3e8380(uuid5309)
сент. 16, 2025 8:21:57 PM webapp.storage.AbstractStorage save
INFO: &amp#27;[32mSave 4aaafc6b-c326-4dea-bcdd-7a87c05d8d51(uuid5310)
сент. 16, 2025 8:21:57 PM webapp.storage.AbstractStorage save
INFO: &amp#27;[32mSave d7543e44-8977-48bc-bf1c-c7909a37e073(uuid5311)
сент. 16, 2025 8:21:57 PM webapp.storage.AbstractStorage save
INFO: &amp#27;[32mSave be4eff35-2a51-4141-9c85-02b12fe091cf(uuid5312)
сент. 16, 2025 8:21:57 PM webapp.storage.AbstractStorage save
INFO: &amp#27;[32mSave 8c21f81a-d067-4f38-bf15-dd8c3459bc44(uuid5313)
сент. 16, 2025 8:21:57 PM webapp.storage.AbstractStorage save
INFO: &amp#27;[32mSave e8c03eab-bb6d-4a5e-8cee-c4bd37f5de0f(uuid5314)
сент. 16, 2025 8:21:57 PM webapp.storage.AbstractStorage save
INFO: &amp#27;[32mSave 1ad40d56-b5b2-493d-986a-160a1fda4ded(uuid5315)
сент. 16, 2025 8:21:57 PM webapp.storage.AbstractStorage save
INFO: &amp#27;[32mSave 82d42c52-07a3-4084-b3af-6bdf9968044e(uuid5316)
сент. 16, 2025 8:21:57 PM webapp.storage.AbstractStorage save
INFO: &amp#27;[32mSave 2ed088f9-f5d4-4909-b21f-3d3086253c80(uuid5317)
сент. 16, 2025 8:21:57 PM webapp.storage.AbstractStorage save
INFO: &amp#27;[32mSave b898e85c-2209-4d9d-b385-f2fccfb27478(uuid5318)
сент. 16, 2025 8:21:57 PM webapp.storage.AbstractStorage save
INFO: &amp#27;[32mSave 52fd18cf-36ed-4fba-9ad3-717aba21330b(uuid5319)
сент. 16, 2025 8:21:57 PM webapp.storage.AbstractStorage save
INFO: &amp#27;[32mSave b869147a-c00d-46e8-86d2-58fd3f5345ec(uuid5320)
сент. 16, 2025 8:21:57 PM webapp.storage.AbstractStorage save
INFO: &amp#27;[32mSave cdfeaf0a-f72e-4ecc-8d06-4135c6082fd3(uuid5321)
сент. 16, 2025 8:21:57 PM webapp.storage.AbstractStorage save
INFO: &amp#27;[32mSave 93864958-840c-41b5-8cef-b5f0a094a0cb(uuid5322)
сент. 16, 2025 8:21:57 PM webapp.storage.AbstractStorage save
INFO: &amp#27;[32mSave 15b66f7a-6467-41d0-b65e-fa8f9f8c9ee9(uuid5323)
сент. 16, 2025 8:21:57 PM webapp.storage.AbstractStorage save
INFO: &amp#27;[32mSave 7ece59e2-85ef-4b72-8199-7e838da0e9eb(uuid5324)
сент. 16, 2025 8:21:57 PM webapp.storage.AbstractStorage save
INFO: &amp#27;[32mSave d1445547-5515-4ed6-af8c-549cf11f73fe(uuid5325)
сент. 16, 2025 8:21:57 PM webapp.storage.AbstractStorage save
INFO: &amp#27;[32mSave 2c45d7ee-1056-4825-9346-8eaac9dd0168(uuid5326)
сент. 16, 2025 8:21:57 PM webapp.storage.AbstractStorage save
INFO: &amp#27;[32mSave b4047fb8-31e0-4c6d-9f77-9f1f52c27d22(uuid5327)
сент. 16, 2025 8:21:57 PM webapp.storage.AbstractStorage save
INFO: &amp#27;[32mSave 2451ded5-7585-47ef-8109-fae30668d92b(uuid5328)
сент. 16, 2025 8:21:57 PM webapp.storage.AbstractStorage save
INFO: &amp#27;[32mSave 726962c5-72c9-439e-ab54-af3591ee9711(uuid5329)
сент. 16, 2025 8:21:57 PM webapp.storage.AbstractStorage save
INFO: &amp#27;[32mSave 370e2e44-9e60-42f5-b747-1e5e3c7bf8c6(uuid5330)
сент. 16, 2025 8:21:57 PM webapp.storage.AbstractStorage save
INFO: &amp#27;[32mSave 5c7f39cb-90cd-4e2e-a838-1125b9a37b9e(uuid5331)
сент. 16, 2025 8:21:57 PM webapp.storage.AbstractStorage save
INFO: &amp#27;[32mSave 82dd93dd-3b64-4ec0-9532-4d52929db7db(uuid5332)
сент. 16, 2025 8:21:57 PM webapp.storage.AbstractStorage save
INFO: &amp#27;[32mSave d7b57990-fcfa-48dc-a318-8277c6187198(uuid5333)
сент. 16, 2025 8:21:57 PM webapp.storage.AbstractStorage save
INFO: &amp#27;[32mSave d326b453-a0ed-4844-9452-bd22c0ec3d0b(uuid5334)
сент. 16, 2025 8:21:57 PM webapp.storage.AbstractStorage save
INFO: &amp#27;[32mSave dcb65070-0966-4d91-853f-723fae1d8b8e(uuid5335)
сент. 16, 2025 8:21:57 PM webapp.storage.AbstractStorage save
INFO: &amp#27;[32mSave 46972fc6-5b36-426c-bb4c-da2b1e5bcbc8(uuid5336)
сент. 16, 2025 8:21:57 PM webapp.storage.AbstractStorage save
INFO: &amp#27;[32mSave 8fb16caa-0cb3-4fcf-81b2-b453f8743137(uuid5337)
сент. 16, 2025 8:21:57 PM webapp.storage.AbstractStorage save
INFO: &amp#27;[32mSave f1c543e5-cb74-4eac-9494-10a55fd323e2(uuid5338)
сент. 16, 2025 8:21:57 PM webapp.storage.AbstractStorage save
INFO: &amp#27;[32mSave 4609c6ae-2e41-4aac-8ec9-eb92db544b6b(uuid5339)
сент. 16, 2025 8:21:57 PM webapp.storage.AbstractStorage save
INFO: &amp#27;[32mSave be020130-38cf-4025-9d77-0292314beffe(uuid5340)
сент. 16, 2025 8:21:57 PM webapp.storage.AbstractStorage save
INFO: &amp#27;[32mSave 1525b7ec-1608-49b3-9530-708432d6f4b2(uuid5341)
сент. 16, 2025 8:21:57 PM webapp.storage.AbstractStorage save
INFO: &amp#27;[32mSave ba5519ec-a60d-4c77-9b89-451653f03e3a(uuid5342)
сент. 16, 2025 8:21:57 PM webapp.storage.AbstractStorage save
INFO: &amp#27;[32mSave 2c53100e-e225-4980-8a25-6f0a405b2f41(uuid5343)
сент. 16, 2025 8:21:57 PM webapp.storage.AbstractStorage save
INFO: &amp#27;[32mSave 5fda68f0-5a62-44ef-b85e-0f1dc0976f98(uuid5344)
сент. 16, 2025 8:21:57 PM webapp.storage.AbstractStorage save
INFO: &amp#27;[32mSave c656e095-a315-4d08-aed6-01f8881485c4(uuid5345)
сент. 16, 2025 8:21:57 PM webapp.storage.AbstractStorage save
INFO: &amp#27;[32mSave 6c24eafb-3ec7-453e-b310-fd976ede16d0(uuid5346)
сент. 16, 2025 8:21:57 PM webapp.storage.AbstractStorage save
INFO: &amp#27;[32mSave 70baf014-e66f-43a9-ac65-468bdbe20082(uuid5347)
сент. 16, 2025 8:21:57 PM webapp.storage.AbstractStorage save
INFO: &amp#27;[32mSave 4a430ab5-38d1-4146-92cc-26e128567789(uuid5348)
сент. 16, 2025 8:21:57 PM webapp.storage.AbstractStorage save
INFO: &amp#27;[32mSave 3c9f6fe6-a453-44cd-8fc0-6eea8e1d9754(uuid5349)
сент. 16, 2025 8:21:57 PM webapp.storage.AbstractStorage save
INFO: &amp#27;[32mSave 96241140-e6b9-4ed3-9473-4000fa129c6f(uuid5350)
сент. 16, 2025 8:21:57 PM webapp.storage.AbstractStorage save
INFO: &amp#27;[32mSave 325544f2-e3b1-4b48-b15c-bf9a55a09d15(uuid5351)
сент. 16, 2025 8:21:57 PM webapp.storage.AbstractStorage save
INFO: &amp#27;[32mSave b2684f33-1290-40e8-a7f3-d371a0c230ff(uuid5352)
сент. 16, 2025 8:21:57 PM webapp.storage.AbstractStorage save
INFO: &amp#27;[32mSave 716f2613-3daf-4389-9429-020346f7989b(uuid5353)
сент. 16, 2025 8:21:57 PM webapp.storage.AbstractStorage save
INFO: &amp#27;[32mSave 798bb347-a7bd-4b38-b7c0-09677fd9d38a(uuid5354)
сент. 16, 2025 8:21:57 PM webapp.storage.AbstractStorage save
INFO: &amp#27;[32mSave 1375eded-fa3a-4fac-aa00-07c6bca5455d(uuid5355)
сент. 16, 2025 8:21:57 PM webapp.storage.AbstractStorage save
INFO: &amp#27;[32mSave 28559c80-4bde-4692-859f-7b65178c3708(uuid5356)
сент. 16, 2025 8:21:57 PM webapp.storage.AbstractStorage save
INFO: &amp#27;[32mSave 6308fad4-9852-4729-913d-5ca7d72e1e15(uuid5357)
сент. 16, 2025 8:21:57 PM webapp.storage.AbstractStorage save
INFO: &amp#27;[32mSave e5737b1e-bb43-4823-87f0-f9a377bf51f7(uuid5358)
сент. 16, 2025 8:21:57 PM webapp.storage.AbstractStorage save
INFO: &amp#27;[32mSave 0ab07ec3-9855-4242-b3fd-dccbf441a7d5(uuid5359)
сент. 16, 2025 8:21:57 PM webapp.storage.AbstractStorage save
INFO: &amp#27;[32mSave 9c433edb-a833-4d18-ad1c-c86b20563b88(uuid5360)
сент. 16, 2025 8:21:57 PM webapp.storage.AbstractStorage save
INFO: &amp#27;[32mSave efd2766c-6f93-41c7-a312-a3a2e990d811(uuid5361)
сент. 16, 2025 8:21:57 PM webapp.storage.AbstractStorage save
INFO: &amp#27;[32mSave 092ec129-b108-4b5d-bd8e-fddd0f04a715(uuid5362)
сент. 16, 2025 8:21:57 PM webapp.storage.AbstractStorage save
INFO: &amp#27;[32mSave 885e08e3-9483-444a-89c4-f5613365435f(uuid5363)
сент. 16, 2025 8:21:57 PM webapp.storage.AbstractStorage save
INFO: &amp#27;[32mSave ce0a0141-0e94-4d6f-a821-0f8bf041be42(uuid5364)
сент. 16, 2025 8:21:57 PM webapp.storage.AbstractStorage save
INFO: &amp#27;[32mSave 9fa13316-07d8-4382-bdbe-af95f776762b(uuid5365)
сент. 16, 2025 8:21:57 PM webapp.storage.AbstractStorage save
INFO: &amp#27;[32mSave 3ab161a0-7bb8-4f13-a9ae-c1597ae31b24(uuid5366)
сент. 16, 2025 8:21:57 PM webapp.storage.AbstractStorage save
INFO: &amp#27;[32mSave 3b615e74-2dde-48e9-a32e-ad8156745275(uuid5367)
сент. 16, 2025 8:21:57 PM webapp.storage.AbstractStorage save
INFO: &amp#27;[32mSave db207720-0c0d-4740-b6e6-f7c9b263cab2(uuid5368)
сент. 16, 2025 8:21:57 PM webapp.storage.AbstractStorage save
INFO: &amp#27;[32mSave d1b33600-2bc6-47f8-8c8a-30f41e2aaa72(uuid5369)
сент. 16, 2025 8:21:57 PM webapp.storage.AbstractStorage save
INFO: &amp#27;[32mSave 1cb5fbb8-8877-47fc-bd5f-edce6330afab(uuid5370)
сент. 16, 2025 8:21:57 PM webapp.storage.AbstractStorage save
INFO: &amp#27;[32mSave 539c0384-ff7f-4bbc-91e4-fd4b812acff8(uuid5371)
сент. 16, 2025 8:21:57 PM webapp.storage.AbstractStorage save
INFO: &amp#27;[32mSave ff411ce6-085b-41ce-aa27-1e6b3579676d(uuid5372)
сент. 16, 2025 8:21:57 PM webapp.storage.AbstractStorage save
INFO: &amp#27;[32mSave 0ebdee1b-9f83-4575-bb2a-19b064300026(uuid5373)
сент. 16, 2025 8:21:57 PM webapp.storage.AbstractStorage save
INFO: &amp#27;[32mSave afde535d-c9ec-4754-a6b7-584d14acd3ae(uuid5374)
сент. 16, 2025 8:21:57 PM webapp.storage.AbstractStorage save
INFO: &amp#27;[32mSave cdf034bf-88ea-40e6-9933-2677934f1c33(uuid5375)
сент. 16, 2025 8:21:57 PM webapp.storage.AbstractStorage save
INFO: &amp#27;[32mSave 03d4c650-3145-47dd-abaa-d2e808202a0e(uuid5376)
сент. 16, 2025 8:21:57 PM webapp.storage.AbstractStorage save
INFO: &amp#27;[32mSave 91092593-f93c-477c-bdb6-ce3dfa5f8b61(uuid5377)
сент. 16, 2025 8:21:57 PM webapp.storage.AbstractStorage save
INFO: &amp#27;[32mSave c87593f8-a34a-4190-b1ec-4f85951ff07e(uuid5378)
сент. 16, 2025 8:21:57 PM webapp.storage.AbstractStorage save
INFO: &amp#27;[32mSave 9291a1f6-12d8-4682-9467-dcad159b25c9(uuid5379)
сент. 16, 2025 8:21:57 PM webapp.storage.AbstractStorage save
INFO: &amp#27;[32mSave dab47ea1-a6c0-4acb-b017-28a67fb03a56(uuid5380)
сент. 16, 2025 8:21:57 PM webapp.storage.AbstractStorage save
INFO: &amp#27;[32mSave 0356f8a7-34f2-4815-8230-cc7177f20d72(uuid5381)
сент. 16, 2025 8:21:57 PM webapp.storage.AbstractStorage save
INFO: &amp#27;[32mSave 8b507800-4e6d-41c3-bacf-1125dd78eda2(uuid5382)
сент. 16, 2025 8:21:57 PM webapp.storage.AbstractStorage save
INFO: &amp#27;[32mSave 38ae605c-a6f2-4a43-ba3c-fbb2f5a87210(uuid5383)
сент. 16, 2025 8:21:57 PM webapp.storage.AbstractStorage save
INFO: &amp#27;[32mSave c0771903-abf5-4f4e-ae2a-ea1046706c4c(uuid5384)
сент. 16, 2025 8:21:57 PM webapp.storage.AbstractStorage save
INFO: &amp#27;[32mSave 0166746b-3bfc-44d6-a4e0-bdf09702af3c(uuid5385)
сент. 16, 2025 8:21:57 PM webapp.storage.AbstractStorage save
INFO: &amp#27;[32mSave a7a374c7-1fef-4b7a-9db1-f531e08695fc(uuid5386)
сент. 16, 2025 8:21:57 PM webapp.storage.AbstractStorage save
INFO: &amp#27;[32mSave bce2fbf2-e5dc-4bbd-a9fd-e23e7d80abd8(uuid5387)
сент. 16, 2025 8:21:57 PM webapp.storage.AbstractStorage save
INFO: &amp#27;[32mSave e9e614ed-8c74-4d76-ab8c-2cc5a809f804(uuid5388)
сент. 16, 2025 8:21:57 PM webapp.storage.AbstractStorage save
INFO: &amp#27;[32mSave de5ca531-dc4f-487a-88c2-fc085e9f6c92(uuid5389)
сент. 16, 2025 8:21:57 PM webapp.storage.AbstractStorage save
INFO: &amp#27;[32mSave 08ec8cba-71a4-43b8-8cb3-713d45d053d0(uuid5390)
сент. 16, 2025 8:21:57 PM webapp.storage.AbstractStorage save
INFO: &amp#27;[32mSave fe8c4ab0-5629-4da9-b457-47999b7ea452(uuid5391)
сент. 16, 2025 8:21:57 PM webapp.storage.AbstractStorage save
INFO: &amp#27;[32mSave 66f950f2-f396-49a6-a991-c76973d1c0ed(uuid5392)
сент. 16, 2025 8:21:57 PM webapp.storage.AbstractStorage save
INFO: &amp#27;[32mSave c3bbf746-8ddf-4946-b60e-45dccf689d20(uuid5393)
сент. 16, 2025 8:21:57 PM webapp.storage.AbstractStorage save
INFO: &amp#27;[32mSave 7d6d299a-49ac-4c16-a5e8-a905ccaf2479(uuid5394)
сент. 16, 2025 8:21:57 PM webapp.storage.AbstractStorage save
INFO: &amp#27;[32mSave 3db03c16-b10d-4c33-93f0-9b543aa56a8a(uuid5395)
сент. 16, 2025 8:21:57 PM webapp.storage.AbstractStorage save
INFO: &amp#27;[32mSave 6b2bac1a-0443-4898-acf9-15242655e24d(uuid5396)
сент. 16, 2025 8:21:57 PM webapp.storage.AbstractStorage save
INFO: &amp#27;[32mSave 326b5380-3548-4d49-a7b4-ebe334ed74d2(uuid5397)
сент. 16, 2025 8:21:57 PM webapp.storage.AbstractStorage save
INFO: &amp#27;[32mSave 0eb69d51-8cd1-4113-a77b-726b2eb994c3(uuid5398)
сент. 16, 2025 8:21:57 PM webapp.storage.AbstractStorage save
INFO: &amp#27;[32mSave cdbb4ded-a5fa-457b-8118-cf5d842e2250(uuid5399)
сент. 16, 2025 8:21:57 PM webapp.storage.AbstractStorage save
INFO: &amp#27;[32mSave 8e345265-3320-403a-b4a9-a257a14dc0ff(uuid5400)
сент. 16, 2025 8:21:57 PM webapp.storage.AbstractStorage save
INFO: &amp#27;[32mSave 2d1684fa-8503-4fae-a760-ac1b618cf09a(uuid5401)
сент. 16, 2025 8:21:57 PM webapp.storage.AbstractStorage save
INFO: &amp#27;[32mSave cc72502d-64c8-4fa1-8f60-e228bbdb54d6(uuid5402)
сент. 16, 2025 8:21:57 PM webapp.storage.AbstractStorage save
INFO: &amp#27;[32mSave 69b80af5-2e7c-4b4a-9d88-0af1ce43c20a(uuid5403)
сент. 16, 2025 8:21:57 PM webapp.storage.AbstractStorage save
INFO: &amp#27;[32mSave bd7dfa05-7b91-421c-b4ee-857c0199de98(uuid5404)
сент. 16, 2025 8:21:57 PM webapp.storage.AbstractStorage save
INFO: &amp#27;[32mSave 256019e5-7067-4845-9af9-be113ec79fff(uuid5405)
сент. 16, 2025 8:21:57 PM webapp.storage.AbstractStorage save
INFO: &amp#27;[32mSave 0df6c7ca-d360-4501-b696-f99f84026788(uuid5406)
сент. 16, 2025 8:21:57 PM webapp.storage.AbstractStorage save
INFO: &amp#27;[32mSave 99bc75ae-afe8-4003-87f8-0ca52e6978b0(uuid5407)
сент. 16, 2025 8:21:57 PM webapp.storage.AbstractStorage save
INFO: &amp#27;[32mSave 2c711834-9a8c-4c98-aafd-6f3fd0519eef(uuid5408)
сент. 16, 2025 8:21:57 PM webapp.storage.AbstractStorage save
INFO: &amp#27;[32mSave ce88be15-8c17-4544-bb18-ba2e83ff94f7(uuid5409)
сент. 16, 2025 8:21:57 PM webapp.storage.AbstractStorage save
INFO: &amp#27;[32mSave cdfdc9bb-b7fc-44cb-bc02-63b2b3545c19(uuid5410)
сент. 16, 2025 8:21:57 PM webapp.storage.AbstractStorage save
INFO: &amp#27;[32mSave e465129e-9694-4391-be3d-25ccd7daebc5(uuid5411)
сент. 16, 2025 8:21:57 PM webapp.storage.AbstractStorage save
INFO: &amp#27;[32mSave d06266d4-73ab-41bb-8dd8-ee4801a5b5b6(uuid5412)
сент. 16, 2025 8:21:57 PM webapp.storage.AbstractStorage save
INFO: &amp#27;[32mSave d2cb7bc2-8a10-4fb4-82fc-d2dcd5ece2da(uuid5413)
сент. 16, 2025 8:21:57 PM webapp.storage.AbstractStorage save
INFO: &amp#27;[32mSave 0132f532-a54a-4700-a647-b76652566cf6(uuid5414)
сент. 16, 2025 8:21:57 PM webapp.storage.AbstractStorage save
INFO: &amp#27;[32mSave 9d4d8fe9-c46c-4648-99dc-b9a8b808f227(uuid5415)
сент. 16, 2025 8:21:57 PM webapp.storage.AbstractStorage save
INFO: &amp#27;[32mSave 4ee721dc-68d0-4b1f-949c-20bbf19af42f(uuid5416)
сент. 16, 2025 8:21:57 PM webapp.storage.AbstractStorage save
INFO: &amp#27;[32mSave 1b772246-36ee-4b97-a95b-1403733bfa08(uuid5417)
сент. 16, 2025 8:21:57 PM webapp.storage.AbstractStorage save
INFO: &amp#27;[32mSave 03dfb002-473d-4424-bde6-17dc49e7cddd(uuid5418)
сент. 16, 2025 8:21:57 PM webapp.storage.AbstractStorage save
INFO: &amp#27;[32mSave ff004e44-a426-40bb-92f4-e1249b3a6e99(uuid5419)
сент. 16, 2025 8:21:57 PM webapp.storage.AbstractStorage save
INFO: &amp#27;[32mSave 865f0300-87e8-451a-b0bd-4ff98d22562d(uuid5420)
сент. 16, 2025 8:21:57 PM webapp.storage.AbstractStorage save
INFO: &amp#27;[32mSave e8900cf3-5bd5-4c25-b645-b783a9de23ec(uuid5421)
сент. 16, 2025 8:21:57 PM webapp.storage.AbstractStorage save
INFO: &amp#27;[32mSave 7bd3f099-faa6-4690-8b00-3ea1208cc5a0(uuid5422)
сент. 16, 2025 8:21:57 PM webapp.storage.AbstractStorage save
INFO: &amp#27;[32mSave cd71bd92-f927-4ee6-be0c-46b950899e67(uuid5423)
сент. 16, 2025 8:21:57 PM webapp.storage.AbstractStorage save
INFO: &amp#27;[32mSave cc7698fc-708e-47c5-99c9-4af2d18faa2d(uuid5424)
сент. 16, 2025 8:21:57 PM webapp.storage.AbstractStorage save
INFO: &amp#27;[32mSave 278b20c1-8d42-48e0-a2a0-cd784e2345f0(uuid5425)
сент. 16, 2025 8:21:57 PM webapp.storage.AbstractStorage save
INFO: &amp#27;[32mSave 6ecfb28b-fce2-4c8a-9a3f-fcfc87b9ebd9(uuid5426)
сент. 16, 2025 8:21:57 PM webapp.storage.AbstractStorage save
INFO: &amp#27;[32mSave 0a4affbb-502a-40be-9279-025dbbd274ac(uuid5427)
сент. 16, 2025 8:21:57 PM webapp.storage.AbstractStorage save
INFO: &amp#27;[32mSave 5998c223-292f-4675-b66f-5c22608e23e1(uuid5428)
сент. 16, 2025 8:21:57 PM webapp.storage.AbstractStorage save
INFO: &amp#27;[32mSave 610ae77e-89f5-42dd-abfc-54ea18ec9c72(uuid5429)
сент. 16, 2025 8:21:57 PM webapp.storage.AbstractStorage save
INFO: &amp#27;[32mSave 7f196588-ab5a-4336-a8d8-c1a79c441218(uuid5430)
сент. 16, 2025 8:21:57 PM webapp.storage.AbstractStorage save
INFO: &amp#27;[32mSave c20c7d50-4959-4a17-9e9e-a78a7d8a217e(uuid5431)
сент. 16, 2025 8:21:57 PM webapp.storage.AbstractStorage save
INFO: &amp#27;[32mSave dcecb5eb-ed5e-4944-be84-35d040afd6bc(uuid5432)
сент. 16, 2025 8:21:57 PM webapp.storage.AbstractStorage save
INFO: &amp#27;[32mSave 1ad97d66-5795-4494-993e-913e722934f2(uuid5433)
сент. 16, 2025 8:21:57 PM webapp.storage.AbstractStorage save
INFO: &amp#27;[32mSave 0195efbe-dd7f-4719-9a0c-9a3cb5eaeb4e(uuid5434)
сент. 16, 2025 8:21:57 PM webapp.storage.AbstractStorage save
INFO: &amp#27;[32mSave 717c3255-b94c-4d61-a87d-35e661a1ebcb(uuid5435)
сент. 16, 2025 8:21:57 PM webapp.storage.AbstractStorage save
INFO: &amp#27;[32mSave 3f933b40-db5e-437c-ab09-c673a8d50ba4(uuid5436)
сент. 16, 2025 8:21:57 PM webapp.storage.AbstractStorage save
INFO: &amp#27;[32mSave 1ceeda25-87f9-4565-9358-b202ba0082ff(uuid5437)
сент. 16, 2025 8:21:57 PM webapp.storage.AbstractStorage save
INFO: &amp#27;[32mSave 67334277-e7b6-4384-9f11-846c5540d592(uuid5438)
сент. 16, 2025 8:21:57 PM webapp.storage.AbstractStorage save
INFO: &amp#27;[32mSave 8440a9d6-e129-4600-8149-fbc83d7895d0(uuid5439)
сент. 16, 2025 8:21:57 PM webapp.storage.AbstractStorage save
INFO: &amp#27;[32mSave 3acaca7d-4880-4b15-afc4-3fbc28b3dd48(uuid5440)
сент. 16, 2025 8:21:57 PM webapp.storage.AbstractStorage save
INFO: &amp#27;[32mSave 5be5b64e-497e-4db7-bcf0-914912478ed3(uuid5441)
сент. 16, 2025 8:21:57 PM webapp.storage.AbstractStorage save
INFO: &amp#27;[32mSave 64f36040-72e4-4338-8b11-6cc1cec348a7(uuid5442)
сент. 16, 2025 8:21:57 PM webapp.storage.AbstractStorage save
INFO: &amp#27;[32mSave 1f7e9e4f-44dd-41a9-8964-f215bf6a4667(uuid5443)
сент. 16, 2025 8:21:57 PM webapp.storage.AbstractStorage save
INFO: &amp#27;[32mSave 9ff9fadf-70b6-448e-a9f7-11c543a120e6(uuid5444)
сент. 16, 2025 8:21:57 PM webapp.storage.AbstractStorage save
INFO: &amp#27;[32mSave 527745c4-c63d-4da9-a54f-7cbed3297dfc(uuid5445)
сент. 16, 2025 8:21:57 PM webapp.storage.AbstractStorage save
INFO: &amp#27;[32mSave 87b0426b-cfaa-4b60-873b-cd0c64677620(uuid5446)
сент. 16, 2025 8:21:57 PM webapp.storage.AbstractStorage save
INFO: &amp#27;[32mSave c2ce6a31-b091-4366-8ba6-23fa523c843b(uuid5447)
сент. 16, 2025 8:21:57 PM webapp.storage.AbstractStorage save
INFO: &amp#27;[32mSave b5bbad48-e6ef-4f7c-aa36-b006a62d1a48(uuid5448)
сент. 16, 2025 8:21:57 PM webapp.storage.AbstractStorage save
INFO: &amp#27;[32mSave a94d3048-9607-4ecf-933e-29c6f389717d(uuid5449)
сент. 16, 2025 8:21:57 PM webapp.storage.AbstractStorage save
INFO: &amp#27;[32mSave a8642684-85f3-46ca-a5f9-c57ffb7fd50f(uuid5450)
сент. 16, 2025 8:21:57 PM webapp.storage.AbstractStorage save
INFO: &amp#27;[32mSave e450d93f-7f64-4379-a21e-1f2ae8a44453(uuid5451)
сент. 16, 2025 8:21:57 PM webapp.storage.AbstractStorage save
INFO: &amp#27;[32mSave 76f2a5ab-00c1-482a-9111-2f60434481d0(uuid5452)
сент. 16, 2025 8:21:57 PM webapp.storage.AbstractStorage save
INFO: &amp#27;[32mSave 3dfc2333-21c6-443c-9529-0d89d5bf4876(uuid5453)
сент. 16, 2025 8:21:57 PM webapp.storage.AbstractStorage save
INFO: &amp#27;[32mSave e5058fc4-05db-4566-84c4-bbde2426dd9f(uuid5454)
сент. 16, 2025 8:21:57 PM webapp.storage.AbstractStorage save
INFO: &amp#27;[32mSave d921c2ae-f4f4-469b-aeb6-a101d59801e7(uuid5455)
сент. 16, 2025 8:21:57 PM webapp.storage.AbstractStorage save
INFO: &amp#27;[32mSave afca2552-2938-40ef-bcfc-95bca714898b(uuid5456)
сент. 16, 2025 8:21:57 PM webapp.storage.AbstractStorage save
INFO: &amp#27;[32mSave a05dff21-9de3-4b3d-9b71-4f1f81dbf7dc(uuid5457)
сент. 16, 2025 8:21:57 PM webapp.storage.AbstractStorage save
INFO: &amp#27;[32mSave 5fbbd289-4646-46c2-8587-91e70db57e08(uuid5458)
сент. 16, 2025 8:21:57 PM webapp.storage.AbstractStorage save
INFO: &amp#27;[32mSave aa1d51ad-c1a3-4790-ad28-6b0dfb49f060(uuid5459)
сент. 16, 2025 8:21:57 PM webapp.storage.AbstractStorage save
INFO: &amp#27;[32mSave ada737fb-6d5d-4ca7-8bd0-185ad9563f99(uuid5460)
сент. 16, 2025 8:21:57 PM webapp.storage.AbstractStorage save
INFO: &amp#27;[32mSave bc69df31-9c49-401f-80eb-4469c158e6c3(uuid5461)
сент. 16, 2025 8:21:57 PM webapp.storage.AbstractStorage save
INFO: &amp#27;[32mSave 29797cdc-66c6-4c04-a714-1157f2c9139c(uuid5462)
сент. 16, 2025 8:21:57 PM webapp.storage.AbstractStorage save
INFO: &amp#27;[32mSave e07f6cec-61e5-491f-834c-23bf9676dbb3(uuid5463)
сент. 16, 2025 8:21:57 PM webapp.storage.AbstractStorage save
INFO: &amp#27;[32mSave 4d4f3c93-e9aa-4fe4-aea0-4c970c3fcc93(uuid5464)
сент. 16, 2025 8:21:57 PM webapp.storage.AbstractStorage save
INFO: &amp#27;[32mSave a35b8d06-5004-469a-9573-f592e20a56e3(uuid5465)
сент. 16, 2025 8:21:57 PM webapp.storage.AbstractStorage save
INFO: &amp#27;[32mSave 1be512d5-72e6-4769-9a2f-197ae938d0c2(uuid5466)
сент. 16, 2025 8:21:57 PM webapp.storage.AbstractStorage save
INFO: &amp#27;[32mSave e1fc7490-da7c-42c1-9491-05ecfc043cd6(uuid5467)
сент. 16, 2025 8:21:57 PM webapp.storage.AbstractStorage save
INFO: &amp#27;[32mSave 2f8282e2-f4b2-4b27-885d-d6beb41bbc26(uuid5468)
сент. 16, 2025 8:21:57 PM webapp.storage.AbstractStorage save
INFO: &amp#27;[32mSave c82a6aaa-a7aa-4f2a-a70b-c723705a444a(uuid5469)
сент. 16, 2025 8:21:57 PM webapp.storage.AbstractStorage save
INFO: &amp#27;[32mSave 10509d64-5f5f-4496-b147-62f65df7e91a(uuid5470)
сент. 16, 2025 8:21:57 PM webapp.storage.AbstractStorage save
INFO: &amp#27;[32mSave e1d29141-db8b-4b11-b906-6e00958a3e04(uuid5471)
сент. 16, 2025 8:21:57 PM webapp.storage.AbstractStorage save
INFO: &amp#27;[32mSave b055d1ab-b1e3-4777-83cb-0d455b841340(uuid5472)
сент. 16, 2025 8:21:57 PM webapp.storage.AbstractStorage save
INFO: &amp#27;[32mSave aee03835-421b-49ac-a1a8-06baba0d65ee(uuid5473)
сент. 16, 2025 8:21:57 PM webapp.storage.AbstractStorage save
INFO: &amp#27;[32mSave ba3acadc-e60f-47b3-a65d-89da481efa4a(uuid5474)
сент. 16, 2025 8:21:57 PM webapp.storage.AbstractStorage save
INFO: &amp#27;[32mSave 5997a223-3ceb-4a92-a2b6-1c8abffce7ed(uuid5475)
сент. 16, 2025 8:21:57 PM webapp.storage.AbstractStorage save
INFO: &amp#27;[32mSave 23ba9971-b1f6-4c74-bf2e-86f681f8b95b(uuid5476)
сент. 16, 2025 8:21:57 PM webapp.storage.AbstractStorage save
INFO: &amp#27;[32mSave acc2b863-6e5f-4e69-bf23-d4b862c13e4e(uuid5477)
сент. 16, 2025 8:21:57 PM webapp.storage.AbstractStorage save
INFO: &amp#27;[32mSave eef9929b-a424-4c68-893e-1d0d7936f746(uuid5478)
сент. 16, 2025 8:21:57 PM webapp.storage.AbstractStorage save
INFO: &amp#27;[32mSave 1ed3a1aa-f5bd-4d4a-bc90-17b839133c9f(uuid5479)
сент. 16, 2025 8:21:57 PM webapp.storage.AbstractStorage save
INFO: &amp#27;[32mSave 01fc2746-cd76-41d6-a34b-7257d8127c05(uuid5480)
сент. 16, 2025 8:21:57 PM webapp.storage.AbstractStorage save
INFO: &amp#27;[32mSave bfddeccd-5aad-4000-8861-ecc92e708ebf(uuid5481)
сент. 16, 2025 8:21:57 PM webapp.storage.AbstractStorage save
INFO: &amp#27;[32mSave 81f7b2a9-1f7c-4107-9328-d16eb47cfd9c(uuid5482)
сент. 16, 2025 8:21:57 PM webapp.storage.AbstractStorage save
INFO: &amp#27;[32mSave 13a258bd-572c-4afd-83f3-62d25f4fcbbf(uuid5483)
сент. 16, 2025 8:21:57 PM webapp.storage.AbstractStorage save
INFO: &amp#27;[32mSave f74ff12b-81e5-4504-9560-3749c5242678(uuid5484)
сент. 16, 2025 8:21:57 PM webapp.storage.AbstractStorage save
INFO: &amp#27;[32mSave ed1c14ca-04a8-48b2-ba09-1332e9f9a67a(uuid5485)
сент. 16, 2025 8:21:57 PM webapp.storage.AbstractStorage save
INFO: &amp#27;[32mSave ad1fba36-4d5b-43b3-b10b-3110ea690139(uuid5486)
сент. 16, 2025 8:21:57 PM webapp.storage.AbstractStorage save
INFO: &amp#27;[32mSave 1f458731-0e73-4f14-885f-b7430970eb80(uuid5487)
сент. 16, 2025 8:21:57 PM webapp.storage.AbstractStorage save
INFO: &amp#27;[32mSave 5458e510-be0e-46ca-87f8-c54a75130886(uuid5488)
сент. 16, 2025 8:21:57 PM webapp.storage.AbstractStorage save
INFO: &amp#27;[32mSave 8b95ab23-f839-4b84-8deb-414339b1639d(uuid5489)
сент. 16, 2025 8:21:57 PM webapp.storage.AbstractStorage save
INFO: &amp#27;[32mSave caf31b76-0aa3-446f-952e-d029b8761501(uuid5490)
сент. 16, 2025 8:21:57 PM webapp.storage.AbstractStorage save
INFO: &amp#27;[32mSave 81654364-9068-45fe-89e6-6d67ec2e1a63(uuid5491)
сент. 16, 2025 8:21:57 PM webapp.storage.AbstractStorage save
INFO: &amp#27;[32mSave 17e0171f-4ae3-4707-9d80-b418addd871d(uuid5492)
сент. 16, 2025 8:21:57 PM webapp.storage.AbstractStorage save
INFO: &amp#27;[32mSave c13cb8b9-a2d2-4267-a80d-d0d3ddc20aea(uuid5493)
сент. 16, 2025 8:21:57 PM webapp.storage.AbstractStorage save
INFO: &amp#27;[32mSave 7c44a78a-fc5c-41b8-9603-a7759437e4bb(uuid5494)
сент. 16, 2025 8:21:57 PM webapp.storage.AbstractStorage save
INFO: &amp#27;[32mSave d2ff68f2-0325-43c6-98f1-1128e3d5fde1(uuid5495)
сент. 16, 2025 8:21:57 PM webapp.storage.AbstractStorage save
INFO: &amp#27;[32mSave aa0f3761-88b3-4daf-ae91-2dd21e46f6e5(uuid5496)
сент. 16, 2025 8:21:57 PM webapp.storage.AbstractStorage save
INFO: &amp#27;[32mSave 8fe5f3a7-371d-4cb7-bc3e-8f1a5a486571(uuid5497)
сент. 16, 2025 8:21:57 PM webapp.storage.AbstractStorage save
INFO: &amp#27;[32mSave 7665303e-d8c0-45bb-b358-925299b49232(uuid5498)
сент. 16, 2025 8:21:57 PM webapp.storage.AbstractStorage save
INFO: &amp#27;[32mSave 4876628d-0a15-464a-9e80-b71e97bf4f2b(uuid5499)
сент. 16, 2025 8:21:57 PM webapp.storage.AbstractStorage save
INFO: &amp#27;[32mSave 15a3b33e-3c21-4711-b195-4556837d6d37(uuid5500)
сент. 16, 2025 8:21:57 PM webapp.storage.AbstractStorage save
INFO: &amp#27;[32mSave 667c099d-0831-46b6-9ef4-57faab0821ef(uuid5501)
сент. 16, 2025 8:21:57 PM webapp.storage.AbstractStorage save
INFO: &amp#27;[32mSave fd8d1dcc-9793-46bc-8172-d0b54d6dbb83(uuid5502)
сент. 16, 2025 8:21:57 PM webapp.storage.AbstractStorage save
INFO: &amp#27;[32mSave d8c4c21a-f3c4-4338-befb-76450a671613(uuid5503)
сент. 16, 2025 8:21:57 PM webapp.storage.AbstractStorage save
INFO: &amp#27;[32mSave 658ad597-68a1-444e-816c-e604ea7c80a5(uuid5504)
сент. 16, 2025 8:21:57 PM webapp.storage.AbstractStorage save
INFO: &amp#27;[32mSave 2d0deaab-3185-4dba-bf2f-ed37ade93251(uuid5505)
сент. 16, 2025 8:21:57 PM webapp.storage.AbstractStorage save
INFO: &amp#27;[32mSave 12fb5460-cde6-46b1-8200-47e36fb9d1cd(uuid5506)
сент. 16, 2025 8:21:57 PM webapp.storage.AbstractStorage save
INFO: &amp#27;[32mSave 28005466-b689-44f7-96f1-a3513865e9a5(uuid5507)
сент. 16, 2025 8:21:57 PM webapp.storage.AbstractStorage save
INFO: &amp#27;[32mSave ad6e6df3-cab5-4303-905f-90cc805a0be7(uuid5508)
сент. 16, 2025 8:21:57 PM webapp.storage.AbstractStorage save
INFO: &amp#27;[32mSave be772c82-ed90-437f-b3ca-fe44618b6d47(uuid5509)
сент. 16, 2025 8:21:57 PM webapp.storage.AbstractStorage save
INFO: &amp#27;[32mSave ade18042-5562-42b9-bd59-c8490e5d969c(uuid5510)
сент. 16, 2025 8:21:57 PM webapp.storage.AbstractStorage save
INFO: &amp#27;[32mSave c56a3a2f-6dc6-4293-8957-6b6c99e11c1d(uuid5511)
сент. 16, 2025 8:21:57 PM webapp.storage.AbstractStorage save
INFO: &amp#27;[32mSave 5e8b52a5-d581-4989-b41a-f63cdd53d2ad(uuid5512)
сент. 16, 2025 8:21:57 PM webapp.storage.AbstractStorage save
INFO: &amp#27;[32mSave 6741da28-40f7-4eb0-84a9-a2920d958618(uuid5513)
сент. 16, 2025 8:21:57 PM webapp.storage.AbstractStorage save
INFO: &amp#27;[32mSave 3ba9e87d-b684-4752-8ca3-e72f64cafaa8(uuid5514)
сент. 16, 2025 8:21:57 PM webapp.storage.AbstractStorage save
INFO: &amp#27;[32mSave c9427bb5-f9c6-48da-8209-978ff78fee7f(uuid5515)
сент. 16, 2025 8:21:57 PM webapp.storage.AbstractStorage save
INFO: &amp#27;[32mSave 684d68a9-8efe-46d4-a751-beac3f9516db(uuid5516)
сент. 16, 2025 8:21:57 PM webapp.storage.AbstractStorage save
INFO: &amp#27;[32mSave 6e757f81-40b5-4d59-9506-95a64178ce5c(uuid5517)
сент. 16, 2025 8:21:57 PM webapp.storage.AbstractStorage save
INFO: &amp#27;[32mSave c80ab96a-b70f-44e2-bf24-88b8ba3d91d7(uuid5518)
сент. 16, 2025 8:21:57 PM webapp.storage.AbstractStorage save
INFO: &amp#27;[32mSave cc1ff39a-c3dc-4d10-b4ef-47d2b68d3e26(uuid5519)
сент. 16, 2025 8:21:57 PM webapp.storage.AbstractStorage save
INFO: &amp#27;[32mSave d9d0edc6-df34-43cc-8143-e2f04b15bb4c(uuid5520)
сент. 16, 2025 8:21:57 PM webapp.storage.AbstractStorage save
INFO: &amp#27;[32mSave 332f2311-12a5-41b9-a446-bcd170d7b950(uuid5521)
сент. 16, 2025 8:21:57 PM webapp.storage.AbstractStorage save
INFO: &amp#27;[32mSave 5afe6a94-7a71-45f1-80de-b7c9847ad7da(uuid5522)
сент. 16, 2025 8:21:57 PM webapp.storage.AbstractStorage save
INFO: &amp#27;[32mSave 59f2fb82-9f98-49d9-87b6-a5bd29d0c260(uuid5523)
сент. 16, 2025 8:21:57 PM webapp.storage.AbstractStorage save
INFO: &amp#27;[32mSave 4beb603c-50f4-42c1-9410-f904c22d6e89(uuid5524)
сент. 16, 2025 8:21:57 PM webapp.storage.AbstractStorage save
INFO: &amp#27;[32mSave a0d92eb7-82f6-4f01-8204-435f13a19853(uuid5525)
сент. 16, 2025 8:21:57 PM webapp.storage.AbstractStorage save
INFO: &amp#27;[32mSave 9baa5f82-c7e2-405d-a2be-6f8246bb1d0e(uuid5526)
сент. 16, 2025 8:21:57 PM webapp.storage.AbstractStorage save
INFO: &amp#27;[32mSave f0ca9578-daa9-44c9-9036-7a4223f9cd5a(uuid5527)
сент. 16, 2025 8:21:57 PM webapp.storage.AbstractStorage save
INFO: &amp#27;[32mSave df19d104-4f35-42e7-9a91-bd3ab3fd0be1(uuid5528)
сент. 16, 2025 8:21:57 PM webapp.storage.AbstractStorage save
INFO: &amp#27;[32mSave b52da28d-e5cc-41ab-b0bf-8b2c5a81c401(uuid5529)
сент. 16, 2025 8:21:57 PM webapp.storage.AbstractStorage save
INFO: &amp#27;[32mSave 6e10aa9c-445d-484c-b8a0-5d9e0dc85d10(uuid5530)
сент. 16, 2025 8:21:57 PM webapp.storage.AbstractStorage save
INFO: &amp#27;[32mSave f84e7441-f8cd-4fa1-b5b4-979a17bef36e(uuid5531)
сент. 16, 2025 8:21:57 PM webapp.storage.AbstractStorage save
INFO: &amp#27;[32mSave 5b3bee9d-c19c-4eb3-bace-81eef9720dd7(uuid5532)
сент. 16, 2025 8:21:57 PM webapp.storage.AbstractStorage save
INFO: &amp#27;[32mSave 5ec34e66-54a4-4c2c-95a4-80f5365411fc(uuid5533)
сент. 16, 2025 8:21:57 PM webapp.storage.AbstractStorage save
INFO: &amp#27;[32mSave a0eab3f1-fe43-43a8-87f2-1792d0bf4260(uuid5534)
сент. 16, 2025 8:21:57 PM webapp.storage.AbstractStorage save
INFO: &amp#27;[32mSave 0ae0061f-8e99-47bc-be05-f8be86757829(uuid5535)
сент. 16, 2025 8:21:57 PM webapp.storage.AbstractStorage save
INFO: &amp#27;[32mSave 41986770-394d-423e-bb36-eb38601e8354(uuid5536)
сент. 16, 2025 8:21:57 PM webapp.storage.AbstractStorage save
INFO: &amp#27;[32mSave 99e64cf4-2413-446e-8f05-9bd968857005(uuid5537)
сент. 16, 2025 8:21:57 PM webapp.storage.AbstractStorage save
INFO: &amp#27;[32mSave a94b9fa3-3069-4dc4-8679-6430de2caa3b(uuid5538)
сент. 16, 2025 8:21:57 PM webapp.storage.AbstractStorage save
INFO: &amp#27;[32mSave 57cd4371-5d8b-4ea6-9a5b-aaa5fc82b2b8(uuid5539)
сент. 16, 2025 8:21:57 PM webapp.storage.AbstractStorage save
INFO: &amp#27;[32mSave f0b7db92-e508-4004-84fb-14ebc605cb7f(uuid5540)
сент. 16, 2025 8:21:57 PM webapp.storage.AbstractStorage save
INFO: &amp#27;[32mSave 0fbe7aca-572d-41ee-97c5-7044b426648b(uuid5541)
сент. 16, 2025 8:21:57 PM webapp.storage.AbstractStorage save
INFO: &amp#27;[32mSave a256e343-ad29-434f-83ee-ec68f58558e9(uuid5542)
сент. 16, 2025 8:21:57 PM webapp.storage.AbstractStorage save
INFO: &amp#27;[32mSave 06aa30f1-7279-4afb-a2da-b517a41f229a(uuid5543)
сент. 16, 2025 8:21:57 PM webapp.storage.AbstractStorage save
INFO: &amp#27;[32mSave ab206ec7-bd06-4fa9-b2b8-32fa612c5b66(uuid5544)
сент. 16, 2025 8:21:57 PM webapp.storage.AbstractStorage save
INFO: &amp#27;[32mSave 85cf782f-58cc-49d9-bc8c-d4d006655f00(uuid5545)
сент. 16, 2025 8:21:57 PM webapp.storage.AbstractStorage save
INFO: &amp#27;[32mSave 4903ec0d-3fce-4f33-b7a3-f5ab44dde3d3(uuid5546)
сент. 16, 2025 8:21:57 PM webapp.storage.AbstractStorage save
INFO: &amp#27;[32mSave 72a3426b-8aaa-4d97-949f-afdad0cc3377(uuid5547)
сент. 16, 2025 8:21:57 PM webapp.storage.AbstractStorage save
INFO: &amp#27;[32mSave 60b0a076-8286-4fcb-abab-19bdbab4fc2d(uuid5548)
сент. 16, 2025 8:21:57 PM webapp.storage.AbstractStorage save
INFO: &amp#27;[32mSave 75c535d3-115b-4140-b683-eeae64437174(uuid5549)
сент. 16, 2025 8:21:57 PM webapp.storage.AbstractStorage save
INFO: &amp#27;[32mSave 731e6d7e-478f-4d0c-8fd3-b81616e0fe4c(uuid5550)
сент. 16, 2025 8:21:57 PM webapp.storage.AbstractStorage save
INFO: &amp#27;[32mSave e80c40c5-09ef-4380-a1f6-7507481402fe(uuid5551)
сент. 16, 2025 8:21:57 PM webapp.storage.AbstractStorage save
INFO: &amp#27;[32mSave b08eb389-0a70-4a10-93e6-8acf948ff61f(uuid5552)
сент. 16, 2025 8:21:57 PM webapp.storage.AbstractStorage save
INFO: &amp#27;[32mSave a0c666b9-5c79-4b4c-855c-aa4e2b975912(uuid5553)
сент. 16, 2025 8:21:57 PM webapp.storage.AbstractStorage save
INFO: &amp#27;[32mSave 89776da1-9ba2-44f6-a168-31f29924d496(uuid5554)
сент. 16, 2025 8:21:57 PM webapp.storage.AbstractStorage save
INFO: &amp#27;[32mSave 0e63d14b-9567-4d1a-8c43-1bd12470c173(uuid5555)
сент. 16, 2025 8:21:57 PM webapp.storage.AbstractStorage save
INFO: &amp#27;[32mSave 2753ae2c-58be-468b-99c3-59ab03291e55(uuid5556)
сент. 16, 2025 8:21:57 PM webapp.storage.AbstractStorage save
INFO: &amp#27;[32mSave e745621e-c46a-475f-bda2-ce791d65a713(uuid5557)
сент. 16, 2025 8:21:57 PM webapp.storage.AbstractStorage save
INFO: &amp#27;[32mSave 985f4b81-fe0f-42bb-9e51-9a450dbd6a98(uuid5558)
сент. 16, 2025 8:21:57 PM webapp.storage.AbstractStorage save
INFO: &amp#27;[32mSave f97a4353-1bd6-48cd-9543-fb958e4f1886(uuid5559)
сент. 16, 2025 8:21:57 PM webapp.storage.AbstractStorage save
INFO: &amp#27;[32mSave 30262069-7736-4769-bf70-a8e9efea1e84(uuid5560)
сент. 16, 2025 8:21:57 PM webapp.storage.AbstractStorage save
INFO: &amp#27;[32mSave 4c704d7c-8d4e-446c-a170-a1726db30f94(uuid5561)
сент. 16, 2025 8:21:57 PM webapp.storage.AbstractStorage save
INFO: &amp#27;[32mSave 67452785-9abb-44c0-be46-32c9565905bd(uuid5562)
сент. 16, 2025 8:21:57 PM webapp.storage.AbstractStorage save
INFO: &amp#27;[32mSave 70afceff-9764-44fc-986c-99a7eb0612c1(uuid5563)
сент. 16, 2025 8:21:57 PM webapp.storage.AbstractStorage save
INFO: &amp#27;[32mSave dcc7146c-48e5-4d12-88a6-2165222fddf3(uuid5564)
сент. 16, 2025 8:21:57 PM webapp.storage.AbstractStorage save
INFO: &amp#27;[32mSave 1c47cdb5-51bf-410e-9f4c-b2ad0841d366(uuid5565)
сент. 16, 2025 8:21:57 PM webapp.storage.AbstractStorage save
INFO: &amp#27;[32mSave 80f992ea-b13a-46ca-b109-6ed69a4d7d1d(uuid5566)
сент. 16, 2025 8:21:57 PM webapp.storage.AbstractStorage save
INFO: &amp#27;[32mSave 8f02f9e4-2db0-4b26-b089-ae78692bcc80(uuid5567)
сент. 16, 2025 8:21:57 PM webapp.storage.AbstractStorage save
INFO: &amp#27;[32mSave ed13f9f6-f637-43c7-afaf-e98e15b61739(uuid5568)
сент. 16, 2025 8:21:57 PM webapp.storage.AbstractStorage save
INFO: &amp#27;[32mSave 570d788d-81a0-43cd-bd86-d945533e64c2(uuid5569)
сент. 16, 2025 8:21:57 PM webapp.storage.AbstractStorage save
INFO: &amp#27;[32mSave d48c79b2-9b43-43a7-8b2f-c548fc94ba71(uuid5570)
сент. 16, 2025 8:21:57 PM webapp.storage.AbstractStorage save
INFO: &amp#27;[32mSave fcf2c4df-94a9-43cb-a159-943b2e7e2f3b(uuid5571)
сент. 16, 2025 8:21:57 PM webapp.storage.AbstractStorage save
INFO: &amp#27;[32mSave 41d34fda-d338-4fa1-bf78-e4f4fce03b3f(uuid5572)
сент. 16, 2025 8:21:57 PM webapp.storage.AbstractStorage save
INFO: &amp#27;[32mSave 32ca2090-89b2-4ba4-9846-cc1ae53fbde4(uuid5573)
сент. 16, 2025 8:21:57 PM webapp.storage.AbstractStorage save
INFO: &amp#27;[32mSave 2e2271b6-0527-401c-b391-f1b79bd4f5f9(uuid5574)
сент. 16, 2025 8:21:57 PM webapp.storage.AbstractStorage save
INFO: &amp#27;[32mSave 8d1c539f-f74e-4f62-9cbb-f27db636cbd3(uuid5575)
сент. 16, 2025 8:21:57 PM webapp.storage.AbstractStorage save
INFO: &amp#27;[32mSave 890cd7a4-894d-4173-ae12-acea7697bc42(uuid5576)
сент. 16, 2025 8:21:57 PM webapp.storage.AbstractStorage save
INFO: &amp#27;[32mSave 25e35fff-ae8e-4a24-8a91-a9aa5d02cb80(uuid5577)
сент. 16, 2025 8:21:57 PM webapp.storage.AbstractStorage save
INFO: &amp#27;[32mSave 4296123f-6f39-4821-addf-0bf5fc49fc21(uuid5578)
сент. 16, 2025 8:21:57 PM webapp.storage.AbstractStorage save
INFO: &amp#27;[32mSave 33b7409a-e6c8-4711-b67b-6f046d920ad5(uuid5579)
сент. 16, 2025 8:21:57 PM webapp.storage.AbstractStorage save
INFO: &amp#27;[32mSave e77da04f-873a-4a81-b629-1e9e5cb6f6ad(uuid5580)
сент. 16, 2025 8:21:57 PM webapp.storage.AbstractStorage save
INFO: &amp#27;[32mSave 86285270-f0e6-4a6c-a4b5-d2b85f29740b(uuid5581)
сент. 16, 2025 8:21:57 PM webapp.storage.AbstractStorage save
INFO: &amp#27;[32mSave b8942427-7692-4fbd-8692-5d790c841c51(uuid5582)
сент. 16, 2025 8:21:57 PM webapp.storage.AbstractStorage save
INFO: &amp#27;[32mSave 43d07b5b-dee5-469a-972a-69829b3dcd61(uuid5583)
сент. 16, 2025 8:21:57 PM webapp.storage.AbstractStorage save
INFO: &amp#27;[32mSave 5ef23456-5f64-4d57-a291-04215f59158a(uuid5584)
сент. 16, 2025 8:21:57 PM webapp.storage.AbstractStorage save
INFO: &amp#27;[32mSave dd02233f-81a1-45b9-81d0-d59c097aa90e(uuid5585)
сент. 16, 2025 8:21:57 PM webapp.storage.AbstractStorage save
INFO: &amp#27;[32mSave 32be3373-7d75-4e45-8d8d-e282766b7839(uuid5586)
сент. 16, 2025 8:21:57 PM webapp.storage.AbstractStorage save
INFO: &amp#27;[32mSave 432ec4d2-b3cf-4836-b1a6-14555ffc2acc(uuid5587)
сент. 16, 2025 8:21:57 PM webapp.storage.AbstractStorage save
INFO: &amp#27;[32mSave 44c16dca-cc5c-47e8-be2f-0d601dccca57(uuid5588)
сент. 16, 2025 8:21:57 PM webapp.storage.AbstractStorage save
INFO: &amp#27;[32mSave a2411ce5-9a6f-42b9-bb78-93d8299bf69d(uuid5589)
сент. 16, 2025 8:21:57 PM webapp.storage.AbstractStorage save
INFO: &amp#27;[32mSave 7e86b256-ec91-4d8e-bc6c-22e8ecd1f0fc(uuid5590)
сент. 16, 2025 8:21:57 PM webapp.storage.AbstractStorage save
INFO: &amp#27;[32mSave fa44accd-d06f-405a-96c6-bc8104358bee(uuid5591)
сент. 16, 2025 8:21:57 PM webapp.storage.AbstractStorage save
INFO: &amp#27;[32mSave 799a4e08-e754-4fda-a6bf-41a5f34d8204(uuid5592)
сент. 16, 2025 8:21:57 PM webapp.storage.AbstractStorage save
INFO: &amp#27;[32mSave 7eb68f95-f2d8-4e54-8761-de1966357090(uuid5593)
сент. 16, 2025 8:21:57 PM webapp.storage.AbstractStorage save
INFO: &amp#27;[32mSave cae6b9f8-4e2b-480f-ae5c-0cf89cda8431(uuid5594)
сент. 16, 2025 8:21:57 PM webapp.storage.AbstractStorage save
INFO: &amp#27;[32mSave 3c06d84e-ff3c-4e6f-8c7b-3358bea2c22e(uuid5595)
сент. 16, 2025 8:21:57 PM webapp.storage.AbstractStorage save
INFO: &amp#27;[32mSave dad70356-d3cd-40f6-adca-90fd0eb482fe(uuid5596)
сент. 16, 2025 8:21:57 PM webapp.storage.AbstractStorage save
INFO: &amp#27;[32mSave 67f53566-8241-4c08-bda8-bead6542930f(uuid5597)
сент. 16, 2025 8:21:57 PM webapp.storage.AbstractStorage save
INFO: &amp#27;[32mSave dd389159-e771-43d7-8197-3207bcba9fd5(uuid5598)
сент. 16, 2025 8:21:57 PM webapp.storage.AbstractStorage save
INFO: &amp#27;[32mSave ace3b5d0-739d-4bef-a8fb-fd79d4d09e57(uuid5599)
сент. 16, 2025 8:21:57 PM webapp.storage.AbstractStorage save
INFO: &amp#27;[32mSave 2d09df4e-046d-4838-8958-cfbbab2e6774(uuid5600)
сент. 16, 2025 8:21:57 PM webapp.storage.AbstractStorage save
INFO: &amp#27;[32mSave 809a6a3e-f0e7-49d2-94eb-e063064336ad(uuid5601)
сент. 16, 2025 8:21:57 PM webapp.storage.AbstractStorage save
INFO: &amp#27;[32mSave c5cd1dbd-b8ee-4226-baee-1644f56ce2f4(uuid5602)
сент. 16, 2025 8:21:57 PM webapp.storage.AbstractStorage save
INFO: &amp#27;[32mSave 1c1bb30f-efdd-49fa-a4c8-26268d94b0ff(uuid5603)
сент. 16, 2025 8:21:57 PM webapp.storage.AbstractStorage save
INFO: &amp#27;[32mSave d4d57738-a830-45e7-bf8e-f37e74deaddb(uuid5604)
сент. 16, 2025 8:21:57 PM webapp.storage.AbstractStorage save
INFO: &amp#27;[32mSave 89f1116f-9f68-42df-8867-074841f4f972(uuid5605)
сент. 16, 2025 8:21:57 PM webapp.storage.AbstractStorage save
INFO: &amp#27;[32mSave 6d4cf649-a50a-4f29-9fa7-63d59cb287bc(uuid5606)
сент. 16, 2025 8:21:57 PM webapp.storage.AbstractStorage save
INFO: &amp#27;[32mSave 07115211-60f4-4d5e-b40f-b5a846cf0fd0(uuid5607)
сент. 16, 2025 8:21:57 PM webapp.storage.AbstractStorage save
INFO: &amp#27;[32mSave 2706af48-e497-4afb-b606-724bb9e65961(uuid5608)
сент. 16, 2025 8:21:57 PM webapp.storage.AbstractStorage save
INFO: &amp#27;[32mSave 62d5d1f9-e01c-4bd7-8390-0a12e5f28dfb(uuid5609)
сент. 16, 2025 8:21:57 PM webapp.storage.AbstractStorage save
INFO: &amp#27;[32mSave dbf58a94-6743-452d-9288-32af62e9d721(uuid5610)
сент. 16, 2025 8:21:57 PM webapp.storage.AbstractStorage save
INFO: &amp#27;[32mSave 509cad89-1887-4d4f-9bd5-8f2a396d2d69(uuid5611)
сент. 16, 2025 8:21:57 PM webapp.storage.AbstractStorage save
INFO: &amp#27;[32mSave 6b4d4f9d-4bcb-4ca2-af2e-feb0696994c0(uuid5612)
сент. 16, 2025 8:21:57 PM webapp.storage.AbstractStorage save
INFO: &amp#27;[32mSave 24d9b446-ec9b-4883-989e-80ea7f3c7a35(uuid5613)
сент. 16, 2025 8:21:57 PM webapp.storage.AbstractStorage save
INFO: &amp#27;[32mSave e35dc1cf-c126-4121-a001-18f649a79d32(uuid5614)
сент. 16, 2025 8:21:57 PM webapp.storage.AbstractStorage save
INFO: &amp#27;[32mSave 7d33457e-a391-423b-b4c3-1074a2e292a7(uuid5615)
сент. 16, 2025 8:21:57 PM webapp.storage.AbstractStorage save
INFO: &amp#27;[32mSave 14891a3f-600d-4afa-80c7-2b8d730b961f(uuid5616)
сент. 16, 2025 8:21:57 PM webapp.storage.AbstractStorage save
INFO: &amp#27;[32mSave 06cba009-53ed-4393-b182-a037edb7361c(uuid5617)
сент. 16, 2025 8:21:57 PM webapp.storage.AbstractStorage save
INFO: &amp#27;[32mSave 4c6ef597-1154-42d3-af01-d93765a710c1(uuid5618)
сент. 16, 2025 8:21:57 PM webapp.storage.AbstractStorage save
INFO: &amp#27;[32mSave 4123bd28-21d0-43de-be30-edef1b2af498(uuid5619)
сент. 16, 2025 8:21:57 PM webapp.storage.AbstractStorage save
INFO: &amp#27;[32mSave c3643a46-4722-400a-b817-227a764973ed(uuid5620)
сент. 16, 2025 8:21:57 PM webapp.storage.AbstractStorage save
INFO: &amp#27;[32mSave 9af2d7ac-d552-4125-b3cf-04ddc9830ff1(uuid5621)
сент. 16, 2025 8:21:57 PM webapp.storage.AbstractStorage save
INFO: &amp#27;[32mSave 493f60ae-3649-4414-be59-f087f75ead4d(uuid5622)
сент. 16, 2025 8:21:57 PM webapp.storage.AbstractStorage save
INFO: &amp#27;[32mSave cf2cf04b-8f02-4648-ba65-e95c6da6e7d0(uuid5623)
сент. 16, 2025 8:21:57 PM webapp.storage.AbstractStorage save
INFO: &amp#27;[32mSave 693a07fd-1c23-42b7-8575-f14cfd8a57bc(uuid5624)
сент. 16, 2025 8:21:57 PM webapp.storage.AbstractStorage save
INFO: &amp#27;[32mSave 3cff34a9-ba54-4b4c-9189-44f5f78852ab(uuid5625)
сент. 16, 2025 8:21:57 PM webapp.storage.AbstractStorage save
INFO: &amp#27;[32mSave 01ae6555-46f1-47af-8444-b68a7c62fe45(uuid5626)
сент. 16, 2025 8:21:57 PM webapp.storage.AbstractStorage save
INFO: &amp#27;[32mSave 02138c88-a381-479a-b3f6-dfe86f3b6149(uuid5627)
сент. 16, 2025 8:21:57 PM webapp.storage.AbstractStorage save
INFO: &amp#27;[32mSave 6eab2010-68ee-478e-9ee1-148a694f9e10(uuid5628)
сент. 16, 2025 8:21:57 PM webapp.storage.AbstractStorage save
INFO: &amp#27;[32mSave bbd87daf-48a4-4aeb-8a74-a353e9870310(uuid5629)
сент. 16, 2025 8:21:57 PM webapp.storage.AbstractStorage save
INFO: &amp#27;[32mSave 232f8b9d-e8fd-4163-af1a-5f690c3c01d6(uuid5630)
сент. 16, 2025 8:21:57 PM webapp.storage.AbstractStorage save
INFO: &amp#27;[32mSave 0a76770d-eb57-4116-b463-6ae011cda166(uuid5631)
сент. 16, 2025 8:21:57 PM webapp.storage.AbstractStorage save
INFO: &amp#27;[32mSave eb281304-6909-46fb-894a-a42b641d9963(uuid5632)
сент. 16, 2025 8:21:57 PM webapp.storage.AbstractStorage save
INFO: &amp#27;[32mSave 2d3797bb-c199-4d4e-a006-a5d0bad91d8e(uuid5633)
сент. 16, 2025 8:21:57 PM webapp.storage.AbstractStorage save
INFO: &amp#27;[32mSave f7075533-1a14-4c53-b078-72b4945b008f(uuid5634)
сент. 16, 2025 8:21:57 PM webapp.storage.AbstractStorage save
INFO: &amp#27;[32mSave c628472b-d550-4145-8954-f8d60e3bf54e(uuid5635)
сент. 16, 2025 8:21:57 PM webapp.storage.AbstractStorage save
INFO: &amp#27;[32mSave 4fc1f15f-2b82-4684-85e4-29e36077cc5c(uuid5636)
сент. 16, 2025 8:21:57 PM webapp.storage.AbstractStorage save
INFO: &amp#27;[32mSave 170dde77-bf49-4aaf-b5a0-d13876d0d907(uuid5637)
сент. 16, 2025 8:21:57 PM webapp.storage.AbstractStorage save
INFO: &amp#27;[32mSave 94bee335-1b9f-4416-9e0b-dd169215caad(uuid5638)
сент. 16, 2025 8:21:57 PM webapp.storage.AbstractStorage save
INFO: &amp#27;[32mSave 4f1bd612-4bfc-439b-95f8-52bcf182280f(uuid5639)
сент. 16, 2025 8:21:57 PM webapp.storage.AbstractStorage save
INFO: &amp#27;[32mSave 0d7dca46-a368-43f8-bc66-6179b6faf895(uuid5640)
сент. 16, 2025 8:21:57 PM webapp.storage.AbstractStorage save
INFO: &amp#27;[32mSave e16779e2-5ab8-4a22-8422-72c23377edc8(uuid5641)
сент. 16, 2025 8:21:57 PM webapp.storage.AbstractStorage save
INFO: &amp#27;[32mSave e027e487-d9c7-4916-80ab-97e0983d02ad(uuid5642)
сент. 16, 2025 8:21:57 PM webapp.storage.AbstractStorage save
INFO: &amp#27;[32mSave 1f96d9d1-3306-4bad-87a7-28f20dab188d(uuid5643)
сент. 16, 2025 8:21:57 PM webapp.storage.AbstractStorage save
INFO: &amp#27;[32mSave 97c657eb-1c13-4f65-adc3-2059dc7b77b7(uuid5644)
сент. 16, 2025 8:21:57 PM webapp.storage.AbstractStorage save
INFO: &amp#27;[32mSave 136cfc18-c3f9-4dca-8acd-70b3be4992d5(uuid5645)
сент. 16, 2025 8:21:57 PM webapp.storage.AbstractStorage save
INFO: &amp#27;[32mSave 63b5903e-bb7b-48a1-a4a4-6afe2eeb4bd8(uuid5646)
сент. 16, 2025 8:21:57 PM webapp.storage.AbstractStorage save
INFO: &amp#27;[32mSave 3db5b766-72cd-46ca-9a89-62d5c57657c8(uuid5647)
сент. 16, 2025 8:21:57 PM webapp.storage.AbstractStorage save
INFO: &amp#27;[32mSave 5a075258-fd02-4037-8521-276aad052683(uuid5648)
сент. 16, 2025 8:21:57 PM webapp.storage.AbstractStorage save
INFO: &amp#27;[32mSave 1de403c3-6fb8-473b-96e8-59457cdf7d13(uuid5649)
сент. 16, 2025 8:21:57 PM webapp.storage.AbstractStorage save
INFO: &amp#27;[32mSave 724b18c4-a785-4eab-a2c0-dee8ebaf4e85(uuid5650)
сент. 16, 2025 8:21:57 PM webapp.storage.AbstractStorage save
INFO: &amp#27;[32mSave 7266bc52-6b82-4384-a6e4-8e50af7ca118(uuid5651)
сент. 16, 2025 8:21:57 PM webapp.storage.AbstractStorage save
INFO: &amp#27;[32mSave b83c7cb0-660e-4fae-a83c-5b2009dd60b2(uuid5652)
сент. 16, 2025 8:21:57 PM webapp.storage.AbstractStorage save
INFO: &amp#27;[32mSave 21dd03e2-4859-47e7-8840-9660c049f18a(uuid5653)
сент. 16, 2025 8:21:57 PM webapp.storage.AbstractStorage save
INFO: &amp#27;[32mSave 01c02e0a-01a4-4e20-9e6b-c14b5f002775(uuid5654)
сент. 16, 2025 8:21:57 PM webapp.storage.AbstractStorage save
INFO: &amp#27;[32mSave c39bcc9b-e793-4817-ac72-afba52722ea7(uuid5655)
сент. 16, 2025 8:21:57 PM webapp.storage.AbstractStorage save
INFO: &amp#27;[32mSave 0d3bed1a-5068-4070-9259-e68522c82176(uuid5656)
сент. 16, 2025 8:21:57 PM webapp.storage.AbstractStorage save
INFO: &amp#27;[32mSave f703769d-9ee3-44b6-b41f-6e4307cc07d8(uuid5657)
сент. 16, 2025 8:21:57 PM webapp.storage.AbstractStorage save
INFO: &amp#27;[32mSave 58adde79-00e1-4b9c-990e-e099cd01a5f0(uuid5658)
сент. 16, 2025 8:21:57 PM webapp.storage.AbstractStorage save
INFO: &amp#27;[32mSave 07f16870-1c15-424c-bea5-27800b217a4d(uuid5659)
сент. 16, 2025 8:21:57 PM webapp.storage.AbstractStorage save
INFO: &amp#27;[32mSave 8746abab-8692-4685-ab18-3beb4754c92f(uuid5660)
сент. 16, 2025 8:21:57 PM webapp.storage.AbstractStorage save
INFO: &amp#27;[32mSave 9a05ce15-0bd6-4c94-83e2-32b337227fc8(uuid5661)
сент. 16, 2025 8:21:57 PM webapp.storage.AbstractStorage save
INFO: &amp#27;[32mSave c0b9ff35-9368-4e9f-90db-e9e0d5ec5b75(uuid5662)
сент. 16, 2025 8:21:57 PM webapp.storage.AbstractStorage save
INFO: &amp#27;[32mSave 6e343d14-37e1-416e-b86a-0616e5ef02cb(uuid5663)
сент. 16, 2025 8:21:57 PM webapp.storage.AbstractStorage save
INFO: &amp#27;[32mSave 6dff9e1f-5ee0-4ca5-822c-59470bc44df4(uuid5664)
сент. 16, 2025 8:21:57 PM webapp.storage.AbstractStorage save
INFO: &amp#27;[32mSave 3b2954a1-9ba3-4697-8063-f48facdc495c(uuid5665)
сент. 16, 2025 8:21:57 PM webapp.storage.AbstractStorage save
INFO: &amp#27;[32mSave 12e4158f-6d9b-4cf6-8376-d9e465dd75d3(uuid5666)
сент. 16, 2025 8:21:57 PM webapp.storage.AbstractStorage save
INFO: &amp#27;[32mSave 0f0a6f50-5809-436c-b6b4-cb318746c538(uuid5667)
сент. 16, 2025 8:21:57 PM webapp.storage.AbstractStorage save
INFO: &amp#27;[32mSave 233e9930-c0f8-4675-a2f2-55eba87bdbde(uuid5668)
сент. 16, 2025 8:21:57 PM webapp.storage.AbstractStorage save
INFO: &amp#27;[32mSave 2e228947-9e73-4d55-924e-98ee7b00ddef(uuid5669)
сент. 16, 2025 8:21:57 PM webapp.storage.AbstractStorage save
INFO: &amp#27;[32mSave f17d96e9-74dc-4cdc-9571-00931c4a6d4b(uuid5670)
сент. 16, 2025 8:21:57 PM webapp.storage.AbstractStorage save
INFO: &amp#27;[32mSave ebf57d78-ebe3-4425-8388-1407ef154c0e(uuid5671)
сент. 16, 2025 8:21:57 PM webapp.storage.AbstractStorage save
INFO: &amp#27;[32mSave 5387af88-503a-45ce-bb72-88aeb8178dd1(uuid5672)
сент. 16, 2025 8:21:57 PM webapp.storage.AbstractStorage save
INFO: &amp#27;[32mSave e5971b7f-cb66-464d-bb0b-6b089ace8183(uuid5673)
сент. 16, 2025 8:21:57 PM webapp.storage.AbstractStorage save
INFO: &amp#27;[32mSave 6b27b7cd-2f90-42cd-be0d-b2e4a83599a1(uuid5674)
сент. 16, 2025 8:21:57 PM webapp.storage.AbstractStorage save
INFO: &amp#27;[32mSave f31252cb-4797-4e9b-a5ad-22d09e01737e(uuid5675)
сент. 16, 2025 8:21:57 PM webapp.storage.AbstractStorage save
INFO: &amp#27;[32mSave dfed4611-1eee-4785-92de-dc023cfddc14(uuid5676)
сент. 16, 2025 8:21:57 PM webapp.storage.AbstractStorage save
INFO: &amp#27;[32mSave 5a336200-d3c9-498a-a0b1-6656487c0b76(uuid5677)
сент. 16, 2025 8:21:57 PM webapp.storage.AbstractStorage save
INFO: &amp#27;[32mSave 52b4ba4c-8d13-4440-8336-1687c3e0ef72(uuid5678)
сент. 16, 2025 8:21:57 PM webapp.storage.AbstractStorage save
INFO: &amp#27;[32mSave 0c7f9011-f4c3-44ef-aa1b-bd9d74d81121(uuid5679)
сент. 16, 2025 8:21:57 PM webapp.storage.AbstractStorage save
INFO: &amp#27;[32mSave 34e1d600-ff12-4241-8f87-c2d0a18294a7(uuid5680)
сент. 16, 2025 8:21:57 PM webapp.storage.AbstractStorage save
INFO: &amp#27;[32mSave 487c9f0e-b3af-4230-9b88-e846e728392f(uuid5681)
сент. 16, 2025 8:21:57 PM webapp.storage.AbstractStorage save
INFO: &amp#27;[32mSave 68e76579-c21c-4512-813d-ed6e931fc574(uuid5682)
сент. 16, 2025 8:21:57 PM webapp.storage.AbstractStorage save
INFO: &amp#27;[32mSave 04621401-3dd5-4e05-b932-3d029eae973f(uuid5683)
сент. 16, 2025 8:21:57 PM webapp.storage.AbstractStorage save
INFO: &amp#27;[32mSave 13043a47-6450-4407-bdc9-7d7f242610e5(uuid5684)
сент. 16, 2025 8:21:57 PM webapp.storage.AbstractStorage save
INFO: &amp#27;[32mSave eb5bd4d5-0af4-4aa9-81fb-818a08f558d7(uuid5685)
сент. 16, 2025 8:21:57 PM webapp.storage.AbstractStorage save
INFO: &amp#27;[32mSave 7126600b-cec8-4bbb-96ab-a7c218f4d174(uuid5686)
сент. 16, 2025 8:21:57 PM webapp.storage.AbstractStorage save
INFO: &amp#27;[32mSave 2429b162-d592-4a29-9ec0-b5976616e24e(uuid5687)
сент. 16, 2025 8:21:57 PM webapp.storage.AbstractStorage save
INFO: &amp#27;[32mSave d6d69db7-d5f0-4e8d-a613-483e2147a9e7(uuid5688)
сент. 16, 2025 8:21:57 PM webapp.storage.AbstractStorage save
INFO: &amp#27;[32mSave d0bfa49b-28d9-44d0-95c8-cd9f7d551a1d(uuid5689)
сент. 16, 2025 8:21:57 PM webapp.storage.AbstractStorage save
INFO: &amp#27;[32mSave d34e290c-8d51-4e1c-bc78-8a1cd7d34799(uuid5690)
сент. 16, 2025 8:21:57 PM webapp.storage.AbstractStorage save
INFO: &amp#27;[32mSave d3dd5742-5498-4990-901a-671514e40e33(uuid5691)
сент. 16, 2025 8:21:57 PM webapp.storage.AbstractStorage save
INFO: &amp#27;[32mSave 92ce9ef1-c54a-4e9c-a9fa-2c8e201ff7ae(uuid5692)
сент. 16, 2025 8:21:57 PM webapp.storage.AbstractStorage save
INFO: &amp#27;[32mSave 59accbff-2adc-4966-8777-94fe37bac8ec(uuid5693)
сент. 16, 2025 8:21:57 PM webapp.storage.AbstractStorage save
INFO: &amp#27;[32mSave ab8525eb-12e5-46b1-abd4-c742e8ac452f(uuid5694)
сент. 16, 2025 8:21:57 PM webapp.storage.AbstractStorage save
INFO: &amp#27;[32mSave 6ca18f2c-a8f9-4a06-bc53-c1e20453adb0(uuid5695)
сент. 16, 2025 8:21:57 PM webapp.storage.AbstractStorage save
INFO: &amp#27;[32mSave 2fcc95d7-c6b0-4221-a3cc-b8afe19e3c0f(uuid5696)
сент. 16, 2025 8:21:57 PM webapp.storage.AbstractStorage save
INFO: &amp#27;[32mSave cdbf5420-b61d-4786-9ffc-66a4df6bb5ea(uuid5697)
сент. 16, 2025 8:21:57 PM webapp.storage.AbstractStorage save
INFO: &amp#27;[32mSave 632b2b96-50fa-4930-8c87-f936af18698a(uuid5698)
сент. 16, 2025 8:21:57 PM webapp.storage.AbstractStorage save
INFO: &amp#27;[32mSave 429a5618-56bb-47f7-82a6-a21b4c27684b(uuid5699)
сент. 16, 2025 8:21:57 PM webapp.storage.AbstractStorage save
INFO: &amp#27;[32mSave d39510af-a4dd-4c34-bcde-c5d920513283(uuid5700)
сент. 16, 2025 8:21:57 PM webapp.storage.AbstractStorage save
INFO: &amp#27;[32mSave ec310602-62c7-418f-b1ba-68185f0f133b(uuid5701)
сент. 16, 2025 8:21:57 PM webapp.storage.AbstractStorage save
INFO: &amp#27;[32mSave 6da08a72-aff3-4329-aa3b-19d88177d7c6(uuid5702)
сент. 16, 2025 8:21:57 PM webapp.storage.AbstractStorage save
INFO: &amp#27;[32mSave dedbd696-ae34-4c72-94ce-078dd3b8c6df(uuid5703)
сент. 16, 2025 8:21:57 PM webapp.storage.AbstractStorage save
INFO: &amp#27;[32mSave 59ec16ce-af46-4768-812e-fd21da6adf89(uuid5704)
сент. 16, 2025 8:21:57 PM webapp.storage.AbstractStorage save
INFO: &amp#27;[32mSave d89e9347-8495-4c06-884c-48fde71999bf(uuid5705)
сент. 16, 2025 8:21:57 PM webapp.storage.AbstractStorage save
INFO: &amp#27;[32mSave cb03ec09-5286-4e4b-b162-918e8510241f(uuid5706)
сент. 16, 2025 8:21:57 PM webapp.storage.AbstractStorage save
INFO: &amp#27;[32mSave f27530ad-2aa6-46bc-9982-57e6ff5806c3(uuid5707)
сент. 16, 2025 8:21:57 PM webapp.storage.AbstractStorage save
INFO: &amp#27;[32mSave 555ee8d0-43f1-4f10-8fc2-8fdf2a2f4543(uuid5708)
сент. 16, 2025 8:21:57 PM webapp.storage.AbstractStorage save
INFO: &amp#27;[32mSave 8a035f2e-7405-423f-8741-c284ea6ac74e(uuid5709)
сент. 16, 2025 8:21:57 PM webapp.storage.AbstractStorage save
INFO: &amp#27;[32mSave 97545832-a9f7-4074-9e5c-cb35f32fcf02(uuid5710)
сент. 16, 2025 8:21:57 PM webapp.storage.AbstractStorage save
INFO: &amp#27;[32mSave c59bb519-b280-41be-aaef-1a026e8ab112(uuid5711)
сент. 16, 2025 8:21:57 PM webapp.storage.AbstractStorage save
INFO: &amp#27;[32mSave 127e5154-afab-4c30-a2b9-4c59c013c66a(uuid5712)
сент. 16, 2025 8:21:57 PM webapp.storage.AbstractStorage save
INFO: &amp#27;[32mSave 31921c34-2bf4-4b62-bbbc-65ddc19212a9(uuid5713)
сент. 16, 2025 8:21:57 PM webapp.storage.AbstractStorage save
INFO: &amp#27;[32mSave d7300ec3-08f2-4fbd-aaa4-3b5abee017ac(uuid5714)
сент. 16, 2025 8:21:57 PM webapp.storage.AbstractStorage save
INFO: &amp#27;[32mSave 7f00a3b6-be4d-4bf7-96ea-c2470e678042(uuid5715)
сент. 16, 2025 8:21:57 PM webapp.storage.AbstractStorage save
INFO: &amp#27;[32mSave 93123b4a-3712-439d-b23a-951c4c9805d9(uuid5716)
сент. 16, 2025 8:21:57 PM webapp.storage.AbstractStorage save
INFO: &amp#27;[32mSave 1043c107-a60b-4c3c-8920-0c027adb6722(uuid5717)
сент. 16, 2025 8:21:57 PM webapp.storage.AbstractStorage save
INFO: &amp#27;[32mSave baf3a78b-2a39-4e89-ba83-d53c2b034ac0(uuid5718)
сент. 16, 2025 8:21:57 PM webapp.storage.AbstractStorage save
INFO: &amp#27;[32mSave 9bfff6b0-665d-43cb-8204-c8d871e367ae(uuid5719)
сент. 16, 2025 8:21:57 PM webapp.storage.AbstractStorage save
INFO: &amp#27;[32mSave 303679d6-33e3-498b-8c1b-01bd200be32d(uuid5720)
сент. 16, 2025 8:21:57 PM webapp.storage.AbstractStorage save
INFO: &amp#27;[32mSave ee8183ec-6788-4ae5-bc26-373ac0552eda(uuid5721)
сент. 16, 2025 8:21:57 PM webapp.storage.AbstractStorage save
INFO: &amp#27;[32mSave bde873bd-0b41-4008-a84c-83fdf97ece88(uuid5722)
сент. 16, 2025 8:21:57 PM webapp.storage.AbstractStorage save
INFO: &amp#27;[32mSave 074355a6-d8ee-48b6-8cc5-9d5076ed079d(uuid5723)
сент. 16, 2025 8:21:57 PM webapp.storage.AbstractStorage save
INFO: &amp#27;[32mSave 71dcd180-332a-494a-b165-167c2c20f5c0(uuid5724)
сент. 16, 2025 8:21:57 PM webapp.storage.AbstractStorage save
INFO: &amp#27;[32mSave b8b524b8-2e5c-4281-b427-033d876fc3ba(uuid5725)
сент. 16, 2025 8:21:57 PM webapp.storage.AbstractStorage save
INFO: &amp#27;[32mSave 66d374f5-ea06-4d72-bdb2-df60f4c9e79f(uuid5726)
сент. 16, 2025 8:21:57 PM webapp.storage.AbstractStorage save
INFO: &amp#27;[32mSave d09ef9d7-47d1-4c11-8cb4-09c30ed5e96f(uuid5727)
сент. 16, 2025 8:21:57 PM webapp.storage.AbstractStorage save
INFO: &amp#27;[32mSave f980a449-684e-4659-a156-376ecc53077a(uuid5728)
сент. 16, 2025 8:21:57 PM webapp.storage.AbstractStorage save
INFO: &amp#27;[32mSave cdbfaadc-02e9-4bc4-988a-568494c23c48(uuid5729)
сент. 16, 2025 8:21:57 PM webapp.storage.AbstractStorage save
INFO: &amp#27;[32mSave 92aab92f-eda7-451e-943c-0718da6b585d(uuid5730)
сент. 16, 2025 8:21:57 PM webapp.storage.AbstractStorage save
INFO: &amp#27;[32mSave 88136d8f-5b52-4d3e-8a28-57a242fb1ca1(uuid5731)
сент. 16, 2025 8:21:57 PM webapp.storage.AbstractStorage save
INFO: &amp#27;[32mSave a158ec16-719c-4051-9fdf-27a0b1497df8(uuid5732)
сент. 16, 2025 8:21:57 PM webapp.storage.AbstractStorage save
INFO: &amp#27;[32mSave 36385e7b-af33-4ab8-8b6c-fbdf8fcaa058(uuid5733)
сент. 16, 2025 8:21:57 PM webapp.storage.AbstractStorage save
INFO: &amp#27;[32mSave 905223db-0a9b-4323-ba64-5be0a58cffed(uuid5734)
сент. 16, 2025 8:21:57 PM webapp.storage.AbstractStorage save
INFO: &amp#27;[32mSave d4e18c44-2d62-43a1-a4e6-62d59c2be63b(uuid5735)
сент. 16, 2025 8:21:57 PM webapp.storage.AbstractStorage save
INFO: &amp#27;[32mSave c67aaf35-d905-4408-a590-43252c9bcd5e(uuid5736)
сент. 16, 2025 8:21:57 PM webapp.storage.AbstractStorage save
INFO: &amp#27;[32mSave cc1a7fa7-42ff-486f-83f6-06789fc972b1(uuid5737)
сент. 16, 2025 8:21:57 PM webapp.storage.AbstractStorage save
INFO: &amp#27;[32mSave ab18c03d-0a04-4cf7-8405-06d3dd0a26b5(uuid5738)
сент. 16, 2025 8:21:57 PM webapp.storage.AbstractStorage save
INFO: &amp#27;[32mSave 1f328d7b-523b-4c6c-b694-e8b578ee7321(uuid5739)
сент. 16, 2025 8:21:57 PM webapp.storage.AbstractStorage save
INFO: &amp#27;[32mSave 828764b2-cb19-484c-b128-c7ccf6025a98(uuid5740)
сент. 16, 2025 8:21:57 PM webapp.storage.AbstractStorage save
INFO: &amp#27;[32mSave e2f3069b-5e4b-47e6-b14f-9f88f9b3a1e7(uuid5741)
сент. 16, 2025 8:21:57 PM webapp.storage.AbstractStorage save
INFO: &amp#27;[32mSave e2b61a84-e107-447b-a036-38f007ece6c1(uuid5742)
сент. 16, 2025 8:21:57 PM webapp.storage.AbstractStorage save
INFO: &amp#27;[32mSave 21dae0bb-2a7e-4ef6-b88d-ec5cbe63f5f9(uuid5743)
сент. 16, 2025 8:21:57 PM webapp.storage.AbstractStorage save
INFO: &amp#27;[32mSave cc650915-7c2d-47a2-807a-b934bbb06aa0(uuid5744)
сент. 16, 2025 8:21:57 PM webapp.storage.AbstractStorage save
INFO: &amp#27;[32mSave 34611727-a4f7-46e8-ae2d-10a241354597(uuid5745)
сент. 16, 2025 8:21:57 PM webapp.storage.AbstractStorage save
INFO: &amp#27;[32mSave 06c403a1-a41e-479a-9032-422615924b75(uuid5746)
сент. 16, 2025 8:21:57 PM webapp.storage.AbstractStorage save
INFO: &amp#27;[32mSave b8c1144a-0474-4a1b-8681-50148a55b151(uuid5747)
сент. 16, 2025 8:21:57 PM webapp.storage.AbstractStorage save
INFO: &amp#27;[32mSave c5266a4a-ac29-415a-a0dc-04b2472c526c(uuid5748)
сент. 16, 2025 8:21:57 PM webapp.storage.AbstractStorage save
INFO: &amp#27;[32mSave 28900f9d-d05d-4c70-9944-460396f5a927(uuid5749)
сент. 16, 2025 8:21:57 PM webapp.storage.AbstractStorage save
INFO: &amp#27;[32mSave 26251533-ef5d-4247-a5cf-80cb8de163c6(uuid5750)
сент. 16, 2025 8:21:57 PM webapp.storage.AbstractStorage save
INFO: &amp#27;[32mSave 27fb06b2-1001-4d61-9513-d71c388da29f(uuid5751)
сент. 16, 2025 8:21:57 PM webapp.storage.AbstractStorage save
INFO: &amp#27;[32mSave d291b922-6306-4c2d-a3b9-af2d689afc03(uuid5752)
сент. 16, 2025 8:21:57 PM webapp.storage.AbstractStorage save
INFO: &amp#27;[32mSave b2e35ed3-e191-4aa7-8814-a35f420ceebe(uuid5753)
сент. 16, 2025 8:21:57 PM webapp.storage.AbstractStorage save
INFO: &amp#27;[32mSave db4162c4-a616-485f-8629-6cc1def49b5a(uuid5754)
сент. 16, 2025 8:21:57 PM webapp.storage.AbstractStorage save
INFO: &amp#27;[32mSave 561c4b24-4b05-4e3f-81c3-d956e0ecc30e(uuid5755)
сент. 16, 2025 8:21:57 PM webapp.storage.AbstractStorage save
INFO: &amp#27;[32mSave 803347bd-c579-4a28-aaf4-12b5a465e419(uuid5756)
сент. 16, 2025 8:21:57 PM webapp.storage.AbstractStorage save
INFO: &amp#27;[32mSave 3c836037-e352-4601-b3a2-b26cc6bf927e(uuid5757)
сент. 16, 2025 8:21:57 PM webapp.storage.AbstractStorage save
INFO: &amp#27;[32mSave fd7cdcce-da55-4491-92df-08cd3b55c586(uuid5758)
сент. 16, 2025 8:21:57 PM webapp.storage.AbstractStorage save
INFO: &amp#27;[32mSave e55b5bbc-7fff-489c-9835-6737285be35a(uuid5759)
сент. 16, 2025 8:21:57 PM webapp.storage.AbstractStorage save
INFO: &amp#27;[32mSave 95ce15e7-a7cd-4ce3-9ab4-882b442b52fd(uuid5760)
сент. 16, 2025 8:21:57 PM webapp.storage.AbstractStorage save
INFO: &amp#27;[32mSave 744b4e69-b0b8-4088-a09d-342b3cbade16(uuid5761)
сент. 16, 2025 8:21:57 PM webapp.storage.AbstractStorage save
INFO: &amp#27;[32mSave 8e3e2bac-f30e-448d-bca1-57226ab646c4(uuid5762)
сент. 16, 2025 8:21:57 PM webapp.storage.AbstractStorage save
INFO: &amp#27;[32mSave 07552a16-cc05-4566-a3c7-6967626ede09(uuid5763)
сент. 16, 2025 8:21:57 PM webapp.storage.AbstractStorage save
INFO: &amp#27;[32mSave 6524725e-9fcd-4802-9489-5d5e23d1f4fa(uuid5764)
сент. 16, 2025 8:21:57 PM webapp.storage.AbstractStorage save
INFO: &amp#27;[32mSave 1c19f585-c02d-43c4-9489-ca195799e53d(uuid5765)
сент. 16, 2025 8:21:57 PM webapp.storage.AbstractStorage save
INFO: &amp#27;[32mSave aabdb70b-6faa-4d69-b584-99012100f565(uuid5766)
сент. 16, 2025 8:21:57 PM webapp.storage.AbstractStorage save
INFO: &amp#27;[32mSave 3cadf075-69f3-4e0c-81e2-d8ced3e57eb1(uuid5767)
сент. 16, 2025 8:21:57 PM webapp.storage.AbstractStorage save
INFO: &amp#27;[32mSave e6780906-556f-402c-8e59-f8a7cc3c2f84(uuid5768)
сент. 16, 2025 8:21:57 PM webapp.storage.AbstractStorage save
INFO: &amp#27;[32mSave d801fb4f-5cd8-4047-9588-3b3c89213509(uuid5769)
сент. 16, 2025 8:21:57 PM webapp.storage.AbstractStorage save
INFO: &amp#27;[32mSave d4132a4f-d3af-4324-bc27-7a02bbc70c96(uuid5770)
сент. 16, 2025 8:21:57 PM webapp.storage.AbstractStorage save
INFO: &amp#27;[32mSave 42eded9b-cd03-418a-8a6a-23ce3a3d5d88(uuid5771)
сент. 16, 2025 8:21:57 PM webapp.storage.AbstractStorage save
INFO: &amp#27;[32mSave f15982f9-6fbd-49ca-adcb-6bbfe9c13474(uuid5772)
сент. 16, 2025 8:21:57 PM webapp.storage.AbstractStorage save
INFO: &amp#27;[32mSave 2e628cc5-840c-49eb-a3dc-99ed8094452f(uuid5773)
сент. 16, 2025 8:21:57 PM webapp.storage.AbstractStorage save
INFO: &amp#27;[32mSave b6ff82a1-9ece-4918-9aee-0dcbce504806(uuid5774)
сент. 16, 2025 8:21:57 PM webapp.storage.AbstractStorage save
INFO: &amp#27;[32mSave d2b516e1-72fe-4310-a3e5-1ac569e0ed5d(uuid5775)
сент. 16, 2025 8:21:57 PM webapp.storage.AbstractStorage save
INFO: &amp#27;[32mSave f2d5d888-78fc-4c4f-b713-e3063013641b(uuid5776)
сент. 16, 2025 8:21:57 PM webapp.storage.AbstractStorage save
INFO: &amp#27;[32mSave 2524f6ea-b299-4cb9-8f8b-020b40687c16(uuid5777)
сент. 16, 2025 8:21:57 PM webapp.storage.AbstractStorage save
INFO: &amp#27;[32mSave 0e9e41a4-1053-487a-a27c-9c38ecd6af89(uuid5778)
сент. 16, 2025 8:21:57 PM webapp.storage.AbstractStorage save
INFO: &amp#27;[32mSave 289e55d2-5269-4e55-8f01-dfa12d44bffa(uuid5779)
сент. 16, 2025 8:21:57 PM webapp.storage.AbstractStorage save
INFO: &amp#27;[32mSave 2300909c-60e7-4370-a374-6c22529abc3f(uuid5780)
сент. 16, 2025 8:21:57 PM webapp.storage.AbstractStorage save
INFO: &amp#27;[32mSave 91dc0f15-f28f-44e4-861e-e412b08f2085(uuid5781)
сент. 16, 2025 8:21:57 PM webapp.storage.AbstractStorage save
INFO: &amp#27;[32mSave 20a42371-33ad-46c2-9609-4f6473829cd8(uuid5782)
сент. 16, 2025 8:21:57 PM webapp.storage.AbstractStorage save
INFO: &amp#27;[32mSave 41c1e047-4def-4811-9a9f-1f1b8687ca45(uuid5783)
сент. 16, 2025 8:21:57 PM webapp.storage.AbstractStorage save
INFO: &amp#27;[32mSave 02d73ae6-c83f-4659-bc12-ae0d830cdf7b(uuid5784)
сент. 16, 2025 8:21:57 PM webapp.storage.AbstractStorage save
INFO: &amp#27;[32mSave 3d316da8-c5a2-4810-bae4-e4a8166c79b2(uuid5785)
сент. 16, 2025 8:21:57 PM webapp.storage.AbstractStorage save
INFO: &amp#27;[32mSave 47508c4f-5879-4391-b808-fbab28fffd1f(uuid5786)
сент. 16, 2025 8:21:57 PM webapp.storage.AbstractStorage save
INFO: &amp#27;[32mSave 11d62cb7-9d15-438a-b0d2-26e4eb63c6dd(uuid5787)
сент. 16, 2025 8:21:57 PM webapp.storage.AbstractStorage save
INFO: &amp#27;[32mSave 03154871-153a-4ce4-aaec-e6e6e1baa8e6(uuid5788)
сент. 16, 2025 8:21:57 PM webapp.storage.AbstractStorage save
INFO: &amp#27;[32mSave 39996983-ca26-43af-9785-4aa7e7f80744(uuid5789)
сент. 16, 2025 8:21:57 PM webapp.storage.AbstractStorage save
INFO: &amp#27;[32mSave d47521e1-3401-4d7a-b785-0757e5ed0cd6(uuid5790)
сент. 16, 2025 8:21:57 PM webapp.storage.AbstractStorage save
INFO: &amp#27;[32mSave eb0c5c44-bd6f-4b2c-a3d6-0e4640dba3ad(uuid5791)
сент. 16, 2025 8:21:57 PM webapp.storage.AbstractStorage save
INFO: &amp#27;[32mSave cc96479e-cdd3-458c-86f3-4c966b4a92f2(uuid5792)
сент. 16, 2025 8:21:57 PM webapp.storage.AbstractStorage save
INFO: &amp#27;[32mSave f1b76ad0-7d65-488f-acdd-84b56f917169(uuid5793)
сент. 16, 2025 8:21:57 PM webapp.storage.AbstractStorage save
INFO: &amp#27;[32mSave 88913744-b548-411e-92b8-88093fd0ec25(uuid5794)
сент. 16, 2025 8:21:57 PM webapp.storage.AbstractStorage save
INFO: &amp#27;[32mSave 7c96756c-70c3-40b3-bac5-fa1f48241bf2(uuid5795)
сент. 16, 2025 8:21:57 PM webapp.storage.AbstractStorage save
INFO: &amp#27;[32mSave fc770fda-2128-489e-b806-0b1af323e7d1(uuid5796)
сент. 16, 2025 8:21:57 PM webapp.storage.AbstractStorage save
INFO: &amp#27;[32mSave 28fde306-e05d-4fc1-afde-bcbe76f12d13(uuid5797)
сент. 16, 2025 8:21:57 PM webapp.storage.AbstractStorage save
INFO: &amp#27;[32mSave 97a95b99-c743-4377-8b84-4b4513e689bf(uuid5798)
сент. 16, 2025 8:21:57 PM webapp.storage.AbstractStorage save
INFO: &amp#27;[32mSave 4074b771-f651-4947-bd9e-8db7a129a888(uuid5799)
сент. 16, 2025 8:21:57 PM webapp.storage.AbstractStorage save
INFO: &amp#27;[32mSave 0d58dcb4-852b-47e8-a5ef-2b885ccd3f89(uuid5800)
сент. 16, 2025 8:21:57 PM webapp.storage.AbstractStorage save
INFO: &amp#27;[32mSave 54f332e9-33fa-4c9c-92c6-28991c913bfc(uuid5801)
сент. 16, 2025 8:21:57 PM webapp.storage.AbstractStorage save
INFO: &amp#27;[32mSave d39b8834-28ef-4382-a178-75e763d579f1(uuid5802)
сент. 16, 2025 8:21:57 PM webapp.storage.AbstractStorage save
INFO: &amp#27;[32mSave 8c57d21e-cb86-4d1b-9587-6225e93297d1(uuid5803)
сент. 16, 2025 8:21:57 PM webapp.storage.AbstractStorage save
INFO: &amp#27;[32mSave 16fd4324-d63a-4516-8fb5-b8ca3a464588(uuid5804)
сент. 16, 2025 8:21:57 PM webapp.storage.AbstractStorage save
INFO: &amp#27;[32mSave 9a0ee86f-0b5a-419c-a6a6-1d07f346f3de(uuid5805)
сент. 16, 2025 8:21:57 PM webapp.storage.AbstractStorage save
INFO: &amp#27;[32mSave a85b8ff3-d51e-4007-b866-ed5c53b69d5a(uuid5806)
сент. 16, 2025 8:21:57 PM webapp.storage.AbstractStorage save
INFO: &amp#27;[32mSave d1641817-bb58-4501-babe-ca626966328e(uuid5807)
сент. 16, 2025 8:21:57 PM webapp.storage.AbstractStorage save
INFO: &amp#27;[32mSave eeaf7066-4121-466f-8dff-39a414f65a0f(uuid5808)
сент. 16, 2025 8:21:57 PM webapp.storage.AbstractStorage save
INFO: &amp#27;[32mSave 9fbdf5a9-a3d0-43ff-b537-9656231b6e67(uuid5809)
сент. 16, 2025 8:21:57 PM webapp.storage.AbstractStorage save
INFO: &amp#27;[32mSave a2c99f9c-cd23-4125-b79b-a62482dddec1(uuid5810)
сент. 16, 2025 8:21:57 PM webapp.storage.AbstractStorage save
INFO: &amp#27;[32mSave b9eda1d7-a99d-4e92-8404-c7f56589250f(uuid5811)
сент. 16, 2025 8:21:57 PM webapp.storage.AbstractStorage save
INFO: &amp#27;[32mSave ad05720e-bcd5-4b0b-9e1d-40001ad38b5a(uuid5812)
сент. 16, 2025 8:21:57 PM webapp.storage.AbstractStorage save
INFO: &amp#27;[32mSave c9caad4e-9432-4319-b8ab-f53cafc9fded(uuid5813)
сент. 16, 2025 8:21:57 PM webapp.storage.AbstractStorage save
INFO: &amp#27;[32mSave d7b19fb9-366b-496f-b721-4881d87a1cb6(uuid5814)
сент. 16, 2025 8:21:57 PM webapp.storage.AbstractStorage save
INFO: &amp#27;[32mSave af31c8f9-f4ed-41d7-a532-71e66e813a66(uuid5815)
сент. 16, 2025 8:21:57 PM webapp.storage.AbstractStorage save
INFO: &amp#27;[32mSave 28e8f332-973a-4446-9cb1-bac2f4479875(uuid5816)
сент. 16, 2025 8:21:57 PM webapp.storage.AbstractStorage save
INFO: &amp#27;[32mSave 55463fd4-5a1f-4090-9c0d-d7f158ecee0f(uuid5817)
сент. 16, 2025 8:21:57 PM webapp.storage.AbstractStorage save
INFO: &amp#27;[32mSave ea1cb95f-2918-4118-8e78-f424c064c5ff(uuid5818)
сент. 16, 2025 8:21:57 PM webapp.storage.AbstractStorage save
INFO: &amp#27;[32mSave f95c8aec-a3b9-4e55-bce3-8e59181bdb5d(uuid5819)
сент. 16, 2025 8:21:57 PM webapp.storage.AbstractStorage save
INFO: &amp#27;[32mSave 4e8edb9a-8efa-4cfe-98a4-8c8b567f4b6a(uuid5820)
сент. 16, 2025 8:21:57 PM webapp.storage.AbstractStorage save
INFO: &amp#27;[32mSave 6504d752-6e3f-489d-afb8-9b190810c200(uuid5821)
сент. 16, 2025 8:21:57 PM webapp.storage.AbstractStorage save
INFO: &amp#27;[32mSave 37d3157f-0cc9-4fe1-9858-6f55680efe9c(uuid5822)
сент. 16, 2025 8:21:57 PM webapp.storage.AbstractStorage save
INFO: &amp#27;[32mSave 3293a340-2267-4d15-8a8f-b6807a7f5317(uuid5823)
сент. 16, 2025 8:21:57 PM webapp.storage.AbstractStorage save
INFO: &amp#27;[32mSave 224c8f19-b64f-4a09-88cf-0ca9652c13eb(uuid5824)
сент. 16, 2025 8:21:57 PM webapp.storage.AbstractStorage save
INFO: &amp#27;[32mSave f1035ceb-7e4f-449c-80b4-eef2d90edda0(uuid5825)
сент. 16, 2025 8:21:57 PM webapp.storage.AbstractStorage save
INFO: &amp#27;[32mSave 1f847701-4f9c-47f3-8255-5b04879cf5bf(uuid5826)
сент. 16, 2025 8:21:57 PM webapp.storage.AbstractStorage save
INFO: &amp#27;[32mSave 8473ef42-3913-49d9-afa8-94c6cc6ec34d(uuid5827)
сент. 16, 2025 8:21:57 PM webapp.storage.AbstractStorage save
INFO: &amp#27;[32mSave 6f75bf18-d3f8-4eb5-9224-b9308f376102(uuid5828)
сент. 16, 2025 8:21:57 PM webapp.storage.AbstractStorage save
INFO: &amp#27;[32mSave 8cde1e04-e96c-48a2-a0c5-61038da4ffc8(uuid5829)
сент. 16, 2025 8:21:57 PM webapp.storage.AbstractStorage save
INFO: &amp#27;[32mSave 166eea63-fb13-49d5-ac57-d8da3a6b4505(uuid5830)
сент. 16, 2025 8:21:57 PM webapp.storage.AbstractStorage save
INFO: &amp#27;[32mSave a11d1f93-0e53-4c03-91c6-39c86b1c48a0(uuid5831)
сент. 16, 2025 8:21:57 PM webapp.storage.AbstractStorage save
INFO: &amp#27;[32mSave 25cb2bc8-744a-4fdc-9183-aa9f46802563(uuid5832)
сент. 16, 2025 8:21:57 PM webapp.storage.AbstractStorage save
INFO: &amp#27;[32mSave 438e898c-ba68-40dc-b9da-0cd4a81439c9(uuid5833)
сент. 16, 2025 8:21:57 PM webapp.storage.AbstractStorage save
INFO: &amp#27;[32mSave a50d31e9-1c21-4efc-9f85-f26aafd8304a(uuid5834)
сент. 16, 2025 8:21:57 PM webapp.storage.AbstractStorage save
INFO: &amp#27;[32mSave aca77d06-18f8-401c-8fe9-83d83a04512d(uuid5835)
сент. 16, 2025 8:21:57 PM webapp.storage.AbstractStorage save
INFO: &amp#27;[32mSave c12fdd15-1741-44cd-9b6c-2b18ac319e45(uuid5836)
сент. 16, 2025 8:21:57 PM webapp.storage.AbstractStorage save
INFO: &amp#27;[32mSave 6a0f07f8-56e1-4c8d-abff-354a153facd8(uuid5837)
сент. 16, 2025 8:21:57 PM webapp.storage.AbstractStorage save
INFO: &amp#27;[32mSave 426cc2cf-3046-4755-bef0-bd05b0e413a3(uuid5838)
сент. 16, 2025 8:21:57 PM webapp.storage.AbstractStorage save
INFO: &amp#27;[32mSave 2c899567-55a8-4d24-86fb-5dfbe675e839(uuid5839)
сент. 16, 2025 8:21:57 PM webapp.storage.AbstractStorage save
INFO: &amp#27;[32mSave 7cd1cea0-4c76-4c7b-a057-98da2df55692(uuid5840)
сент. 16, 2025 8:21:57 PM webapp.storage.AbstractStorage save
INFO: &amp#27;[32mSave c941bd76-7620-4461-9a62-ce7376ad4f73(uuid5841)
сент. 16, 2025 8:21:57 PM webapp.storage.AbstractStorage save
INFO: &amp#27;[32mSave 82266b93-646c-4b48-b039-203723c2bd4a(uuid5842)
сент. 16, 2025 8:21:57 PM webapp.storage.AbstractStorage save
INFO: &amp#27;[32mSave b7763844-27f1-447d-a6c1-6694699462cb(uuid5843)
сент. 16, 2025 8:21:57 PM webapp.storage.AbstractStorage save
INFO: &amp#27;[32mSave 8fd56cdf-88a2-4511-b591-75d8b365d020(uuid5844)
сент. 16, 2025 8:21:57 PM webapp.storage.AbstractStorage save
INFO: &amp#27;[32mSave eb7e8015-6678-431d-93e9-fbed0d651e09(uuid5845)
сент. 16, 2025 8:21:57 PM webapp.storage.AbstractStorage save
INFO: &amp#27;[32mSave 1812f694-981c-49fe-93f1-ff4a317c389a(uuid5846)
сент. 16, 2025 8:21:57 PM webapp.storage.AbstractStorage save
INFO: &amp#27;[32mSave b694c14f-c303-4813-b8a6-da7147322dd1(uuid5847)
сент. 16, 2025 8:21:57 PM webapp.storage.AbstractStorage save
INFO: &amp#27;[32mSave d2ad8b71-0474-4b96-a986-1ef9ba20ac71(uuid5848)
сент. 16, 2025 8:21:57 PM webapp.storage.AbstractStorage save
INFO: &amp#27;[32mSave 063dcdee-ea59-406f-88bd-0fa15ef1629e(uuid5849)
сент. 16, 2025 8:21:57 PM webapp.storage.AbstractStorage save
INFO: &amp#27;[32mSave ca1a2776-addb-45b7-94ac-4ad58982b572(uuid5850)
сент. 16, 2025 8:21:57 PM webapp.storage.AbstractStorage save
INFO: &amp#27;[32mSave e591493f-41e2-4c85-bda7-fb94df467d71(uuid5851)
сент. 16, 2025 8:21:57 PM webapp.storage.AbstractStorage save
INFO: &amp#27;[32mSave 20dd929c-0832-4f0d-bae4-0e39212edec6(uuid5852)
сент. 16, 2025 8:21:57 PM webapp.storage.AbstractStorage save
INFO: &amp#27;[32mSave da64c8b3-72fd-4d44-86e2-04e8ea0cae40(uuid5853)
сент. 16, 2025 8:21:57 PM webapp.storage.AbstractStorage save
INFO: &amp#27;[32mSave 77f78c9d-ae88-432f-80a3-c3f31ee19a99(uuid5854)
сент. 16, 2025 8:21:57 PM webapp.storage.AbstractStorage save
INFO: &amp#27;[32mSave 8b7bfb75-beaf-40c3-bacb-eb9840721403(uuid5855)
сент. 16, 2025 8:21:57 PM webapp.storage.AbstractStorage save
INFO: &amp#27;[32mSave cad769eb-80bb-49b3-be2e-85edf70640d5(uuid5856)
сент. 16, 2025 8:21:57 PM webapp.storage.AbstractStorage save
INFO: &amp#27;[32mSave 40f226ef-a444-462d-b510-0a7ebfdfb2ef(uuid5857)
сент. 16, 2025 8:21:57 PM webapp.storage.AbstractStorage save
INFO: &amp#27;[32mSave eccaed3e-3b5b-4050-b950-107f4a9ba5aa(uuid5858)
сент. 16, 2025 8:21:57 PM webapp.storage.AbstractStorage save
INFO: &amp#27;[32mSave b980b7ca-f0b6-48c6-9886-d25014a71f5e(uuid5859)
сент. 16, 2025 8:21:57 PM webapp.storage.AbstractStorage save
INFO: &amp#27;[32mSave 7dcd3b7a-77ae-41f2-a539-bdcb699a4b96(uuid5860)
сент. 16, 2025 8:21:57 PM webapp.storage.AbstractStorage save
INFO: &amp#27;[32mSave f8875463-0822-47f0-962a-6bc418bb2512(uuid5861)
сент. 16, 2025 8:21:57 PM webapp.storage.AbstractStorage save
INFO: &amp#27;[32mSave cce0030d-9bd2-41d5-9015-51263e68c60e(uuid5862)
сент. 16, 2025 8:21:57 PM webapp.storage.AbstractStorage save
INFO: &amp#27;[32mSave 8d950839-214c-4c2d-9b1a-e86fccb99897(uuid5863)
сент. 16, 2025 8:21:57 PM webapp.storage.AbstractStorage save
INFO: &amp#27;[32mSave bec37118-7619-404f-9b50-fb31278a68a2(uuid5864)
сент. 16, 2025 8:21:57 PM webapp.storage.AbstractStorage save
INFO: &amp#27;[32mSave 1c971b70-0a0c-4f05-a19c-2024129770ae(uuid5865)
сент. 16, 2025 8:21:57 PM webapp.storage.AbstractStorage save
INFO: &amp#27;[32mSave 4aff551b-e25d-4fa5-aba6-35d3b72cd14e(uuid5866)
сент. 16, 2025 8:21:57 PM webapp.storage.AbstractStorage save
INFO: &amp#27;[32mSave 9ed8fcdc-c2b2-4d2c-85ba-fa6e142b0d62(uuid5867)
сент. 16, 2025 8:21:57 PM webapp.storage.AbstractStorage save
INFO: &amp#27;[32mSave bc66c86d-171a-4d37-89dc-bcb18b4cb2c2(uuid5868)
сент. 16, 2025 8:21:57 PM webapp.storage.AbstractStorage save
INFO: &amp#27;[32mSave 0a3b295c-65f0-4f8a-a3c3-874159b08d6e(uuid5869)
сент. 16, 2025 8:21:57 PM webapp.storage.AbstractStorage save
INFO: &amp#27;[32mSave a0ee804a-2f0c-4b91-8358-6726b3ed270f(uuid5870)
сент. 16, 2025 8:21:57 PM webapp.storage.AbstractStorage save
INFO: &amp#27;[32mSave 2510da52-336e-4127-b963-00b72c6fb091(uuid5871)
сент. 16, 2025 8:21:57 PM webapp.storage.AbstractStorage save
INFO: &amp#27;[32mSave 7cac8597-e9f3-4076-9c17-0f8ae97d554d(uuid5872)
сент. 16, 2025 8:21:57 PM webapp.storage.AbstractStorage save
INFO: &amp#27;[32mSave 18f6ba5d-fb84-410d-ade9-c011e970cabd(uuid5873)
сент. 16, 2025 8:21:57 PM webapp.storage.AbstractStorage save
INFO: &amp#27;[32mSave 90ba2c6c-786f-4b58-a297-b9bbdac83ff1(uuid5874)
сент. 16, 2025 8:21:57 PM webapp.storage.AbstractStorage save
INFO: &amp#27;[32mSave 168b700e-f4fe-4fe8-b437-ac1f30dbfd38(uuid5875)
сент. 16, 2025 8:21:57 PM webapp.storage.AbstractStorage save
INFO: &amp#27;[32mSave b8c7863a-5241-4cb7-80d2-e3e0fefad8ed(uuid5876)
сент. 16, 2025 8:21:57 PM webapp.storage.AbstractStorage save
INFO: &amp#27;[32mSave 5e0505b3-d897-48f2-bd71-cdcc49aa31a9(uuid5877)
сент. 16, 2025 8:21:57 PM webapp.storage.AbstractStorage save
INFO: &amp#27;[32mSave 8a6ce4d8-ed89-45ff-a942-fe0ae54c9f60(uuid5878)
сент. 16, 2025 8:21:57 PM webapp.storage.AbstractStorage save
INFO: &amp#27;[32mSave b240c192-5183-4cca-9584-a85e73baddab(uuid5879)
сент. 16, 2025 8:21:57 PM webapp.storage.AbstractStorage save
INFO: &amp#27;[32mSave a3205baa-200c-45ed-b65c-8fde0e62447b(uuid5880)
сент. 16, 2025 8:21:57 PM webapp.storage.AbstractStorage save
INFO: &amp#27;[32mSave 69d9722d-c2f5-4411-a8c1-78f448040f9d(uuid5881)
сент. 16, 2025 8:21:57 PM webapp.storage.AbstractStorage save
INFO: &amp#27;[32mSave 423a7062-cfa3-4d99-be7d-a7dc629a26d3(uuid5882)
сент. 16, 2025 8:21:57 PM webapp.storage.AbstractStorage save
INFO: &amp#27;[32mSave 14364707-86d1-416a-8a38-2dd3b4e907a5(uuid5883)
сент. 16, 2025 8:21:57 PM webapp.storage.AbstractStorage save
INFO: &amp#27;[32mSave afccbbcc-b208-4f8c-8037-bd373ac950ca(uuid5884)
сент. 16, 2025 8:21:57 PM webapp.storage.AbstractStorage save
INFO: &amp#27;[32mSave fa45ac90-c454-451d-a1e6-33fe2f683dee(uuid5885)
сент. 16, 2025 8:21:57 PM webapp.storage.AbstractStorage save
INFO: &amp#27;[32mSave f5d77eb3-4400-4040-a95e-c51b0a863041(uuid5886)
сент. 16, 2025 8:21:57 PM webapp.storage.AbstractStorage save
INFO: &amp#27;[32mSave ab5060f9-d79b-488d-abb6-6deafd2d9174(uuid5887)
сент. 16, 2025 8:21:57 PM webapp.storage.AbstractStorage save
INFO: &amp#27;[32mSave b7954d1c-9919-4464-b6e5-fa4b5244f32b(uuid5888)
сент. 16, 2025 8:21:57 PM webapp.storage.AbstractStorage save
INFO: &amp#27;[32mSave 454c8e79-3ff3-4a75-86dc-ff6bd552f6f4(uuid5889)
сент. 16, 2025 8:21:57 PM webapp.storage.AbstractStorage save
INFO: &amp#27;[32mSave a349006e-0c6c-4cf5-adb9-cc02aed9228a(uuid5890)
сент. 16, 2025 8:21:57 PM webapp.storage.AbstractStorage save
INFO: &amp#27;[32mSave e388c458-6673-4171-a110-81f25f17ebe9(uuid5891)
сент. 16, 2025 8:21:57 PM webapp.storage.AbstractStorage save
INFO: &amp#27;[32mSave 36a53d95-3472-4c34-85b5-6c0ec9a37e39(uuid5892)
сент. 16, 2025 8:21:57 PM webapp.storage.AbstractStorage save
INFO: &amp#27;[32mSave c62349b4-d008-4cc1-9376-a45c546f5e40(uuid5893)
сент. 16, 2025 8:21:57 PM webapp.storage.AbstractStorage save
INFO: &amp#27;[32mSave 33ecddbe-93a9-4ae9-91e3-27c7ad3e462c(uuid5894)
сент. 16, 2025 8:21:57 PM webapp.storage.AbstractStorage save
INFO: &amp#27;[32mSave b9833a9b-1a16-4e56-af33-0815bee54266(uuid5895)
сент. 16, 2025 8:21:57 PM webapp.storage.AbstractStorage save
INFO: &amp#27;[32mSave 5b7d78f2-3118-457c-a83c-64f5d5fdf1db(uuid5896)
сент. 16, 2025 8:21:57 PM webapp.storage.AbstractStorage save
INFO: &amp#27;[32mSave 539f6feb-e259-4910-b933-09ecf46f2a1c(uuid5897)
сент. 16, 2025 8:21:57 PM webapp.storage.AbstractStorage save
INFO: &amp#27;[32mSave c4989fc2-f652-4ecd-a407-0dc3445ef178(uuid5898)
сент. 16, 2025 8:21:57 PM webapp.storage.AbstractStorage save
INFO: &amp#27;[32mSave 09f11323-fe74-4df7-aa16-440dde1321e3(uuid5899)
сент. 16, 2025 8:21:57 PM webapp.storage.AbstractStorage save
INFO: &amp#27;[32mSave 69582a8b-2678-49a6-aab6-a42e1f7a1906(uuid5900)
сент. 16, 2025 8:21:57 PM webapp.storage.AbstractStorage save
INFO: &amp#27;[32mSave 9349d0f9-c5cd-4e6c-9e55-5958e30ee3fd(uuid5901)
сент. 16, 2025 8:21:57 PM webapp.storage.AbstractStorage save
INFO: &amp#27;[32mSave 78573f22-d2fb-44a7-abb0-c467e3b5ff07(uuid5902)
сент. 16, 2025 8:21:57 PM webapp.storage.AbstractStorage save
INFO: &amp#27;[32mSave 0718f4c1-1371-4489-80ec-d702ce16a73d(uuid5903)
сент. 16, 2025 8:21:57 PM webapp.storage.AbstractStorage save
INFO: &amp#27;[32mSave 92220ba3-9886-484f-bd3f-aa9bdb46b56f(uuid5904)
сент. 16, 2025 8:21:57 PM webapp.storage.AbstractStorage save
INFO: &amp#27;[32mSave 676016ac-7840-484d-af46-3d4aa44356c6(uuid5905)
сент. 16, 2025 8:21:57 PM webapp.storage.AbstractStorage save
INFO: &amp#27;[32mSave fb6483b9-a849-4481-a9bf-48578ec23caa(uuid5906)
сент. 16, 2025 8:21:57 PM webapp.storage.AbstractStorage save
INFO: &amp#27;[32mSave a5e58212-0888-45ac-9066-c8fe12320edd(uuid5907)
сент. 16, 2025 8:21:57 PM webapp.storage.AbstractStorage save
INFO: &amp#27;[32mSave 7d538f5b-110d-49ec-a810-10da6eb51270(uuid5908)
сент. 16, 2025 8:21:57 PM webapp.storage.AbstractStorage save
INFO: &amp#27;[32mSave c9822f51-42b0-46a2-9635-b1343df9b80e(uuid5909)
сент. 16, 2025 8:21:57 PM webapp.storage.AbstractStorage save
INFO: &amp#27;[32mSave d910efe3-556a-4518-a1dc-5a18eea74b52(uuid5910)
сент. 16, 2025 8:21:57 PM webapp.storage.AbstractStorage save
INFO: &amp#27;[32mSave 7d12e07b-f080-4871-8c89-627e93b500a9(uuid5911)
сент. 16, 2025 8:21:57 PM webapp.storage.AbstractStorage save
INFO: &amp#27;[32mSave e9fe5265-fa31-4936-9a9b-046ff260d418(uuid5912)
сент. 16, 2025 8:21:57 PM webapp.storage.AbstractStorage save
INFO: &amp#27;[32mSave 1f5cb72a-7f7d-432b-8b49-d645b5671d17(uuid5913)
сент. 16, 2025 8:21:57 PM webapp.storage.AbstractStorage save
INFO: &amp#27;[32mSave d578a890-80dd-4d04-a493-93f20f714172(uuid5914)
сент. 16, 2025 8:21:57 PM webapp.storage.AbstractStorage save
INFO: &amp#27;[32mSave 9928cb1f-b31c-4d3b-9857-5d5d1d5b24a1(uuid5915)
сент. 16, 2025 8:21:57 PM webapp.storage.AbstractStorage save
INFO: &amp#27;[32mSave e36ed8a7-8aaa-4f64-b2e1-23bcdb197366(uuid5916)
сент. 16, 2025 8:21:57 PM webapp.storage.AbstractStorage save
INFO: &amp#27;[32mSave 172d528d-a656-420a-bd65-32fa451bfc9f(uuid5917)
сент. 16, 2025 8:21:57 PM webapp.storage.AbstractStorage save
INFO: &amp#27;[32mSave 4dc69952-042f-4821-81a3-c90aa24cd5b8(uuid5918)
сент. 16, 2025 8:21:57 PM webapp.storage.AbstractStorage save
INFO: &amp#27;[32mSave d4e42fb7-5b4d-4276-986c-c015b644c777(uuid5919)
сент. 16, 2025 8:21:57 PM webapp.storage.AbstractStorage save
INFO: &amp#27;[32mSave 08f9abe2-e66f-4131-8f46-45a5da943984(uuid5920)
сент. 16, 2025 8:21:57 PM webapp.storage.AbstractStorage save
INFO: &amp#27;[32mSave 3434f4c7-c964-4a32-aa96-69b2b97be424(uuid5921)
сент. 16, 2025 8:21:57 PM webapp.storage.AbstractStorage save
INFO: &amp#27;[32mSave 2a837798-6413-42f9-8547-8e9c5d5c1968(uuid5922)
сент. 16, 2025 8:21:57 PM webapp.storage.AbstractStorage save
INFO: &amp#27;[32mSave 6908ed79-16f4-4da8-b803-04414815cbf9(uuid5923)
сент. 16, 2025 8:21:57 PM webapp.storage.AbstractStorage save
INFO: &amp#27;[32mSave 425d6a20-2106-482d-9cab-b1205ca8a907(uuid5924)
сент. 16, 2025 8:21:57 PM webapp.storage.AbstractStorage save
INFO: &amp#27;[32mSave d98ec2e0-b6d4-4d06-8c81-df5ff816c53c(uuid5925)
сент. 16, 2025 8:21:57 PM webapp.storage.AbstractStorage save
INFO: &amp#27;[32mSave ee270045-b83e-4c8b-8d00-0b4062c7b192(uuid5926)
сент. 16, 2025 8:21:57 PM webapp.storage.AbstractStorage save
INFO: &amp#27;[32mSave 3b647793-f10c-44ec-b272-337d780fa466(uuid5927)
сент. 16, 2025 8:21:57 PM webapp.storage.AbstractStorage save
INFO: &amp#27;[32mSave 3e547c09-bbc9-46a3-a5f2-6e29d15aea1b(uuid5928)
сент. 16, 2025 8:21:57 PM webapp.storage.AbstractStorage save
INFO: &amp#27;[32mSave 712e93b6-40d7-4569-8022-56d96b3b1aa5(uuid5929)
сент. 16, 2025 8:21:57 PM webapp.storage.AbstractStorage save
INFO: &amp#27;[32mSave 34c05e94-6ea9-48dc-b475-41ab6476a22f(uuid5930)
сент. 16, 2025 8:21:57 PM webapp.storage.AbstractStorage save
INFO: &amp#27;[32mSave 96c1e2d2-b27f-46b1-be03-db36472566d6(uuid5931)
сент. 16, 2025 8:21:57 PM webapp.storage.AbstractStorage save
INFO: &amp#27;[32mSave c9dd5d63-6096-4bb2-b765-c68192fbfb08(uuid5932)
сент. 16, 2025 8:21:57 PM webapp.storage.AbstractStorage save
INFO: &amp#27;[32mSave 404ed1e8-0d1c-44f5-ae52-a6ca05ae3bac(uuid5933)
сент. 16, 2025 8:21:57 PM webapp.storage.AbstractStorage save
INFO: &amp#27;[32mSave 5ff8d801-014d-4e15-b560-017d04065433(uuid5934)
сент. 16, 2025 8:21:57 PM webapp.storage.AbstractStorage save
INFO: &amp#27;[32mSave 64729c66-c8c8-46e1-bc83-db3df812c641(uuid5935)
сент. 16, 2025 8:21:57 PM webapp.storage.AbstractStorage save
INFO: &amp#27;[32mSave 2103c2a2-a8ba-4431-aee5-eb3463eb6091(uuid5936)
сент. 16, 2025 8:21:57 PM webapp.storage.AbstractStorage save
INFO: &amp#27;[32mSave 74de3d7f-82f0-4299-86a6-8751fb3d0c0e(uuid5937)
сент. 16, 2025 8:21:57 PM webapp.storage.AbstractStorage save
INFO: &amp#27;[32mSave 50ab4637-d442-4786-a033-74babc2dc17d(uuid5938)
сент. 16, 2025 8:21:57 PM webapp.storage.AbstractStorage save
INFO: &amp#27;[32mSave 0b908117-a960-4af9-94d0-866f43d2ed8f(uuid5939)
сент. 16, 2025 8:21:57 PM webapp.storage.AbstractStorage save
INFO: &amp#27;[32mSave 20237a01-e694-44aa-ac71-648ec2a646f9(uuid5940)
сент. 16, 2025 8:21:57 PM webapp.storage.AbstractStorage save
INFO: &amp#27;[32mSave 8d5f3721-97dd-4344-91cb-efe3560cdad1(uuid5941)
сент. 16, 2025 8:21:57 PM webapp.storage.AbstractStorage save
INFO: &amp#27;[32mSave 82c05cf6-1226-484c-b635-1226cdcc3746(uuid5942)
сент. 16, 2025 8:21:57 PM webapp.storage.AbstractStorage save
INFO: &amp#27;[32mSave 7c7c75d1-4c9b-4b7e-89ac-92eac8556c52(uuid5943)
сент. 16, 2025 8:21:57 PM webapp.storage.AbstractStorage save
INFO: &amp#27;[32mSave 25890d60-3736-4de8-ac65-71a44c353013(uuid5944)
сент. 16, 2025 8:21:57 PM webapp.storage.AbstractStorage save
INFO: &amp#27;[32mSave 1ab6eda4-52f8-4c79-93a8-c03d97752faf(uuid5945)
сент. 16, 2025 8:21:57 PM webapp.storage.AbstractStorage save
INFO: &amp#27;[32mSave c86759b1-579e-449c-9fcb-9e028c88747c(uuid5946)
сент. 16, 2025 8:21:57 PM webapp.storage.AbstractStorage save
INFO: &amp#27;[32mSave 1498595f-2f56-4a45-813a-3f0b32b0c238(uuid5947)
сент. 16, 2025 8:21:57 PM webapp.storage.AbstractStorage save
INFO: &amp#27;[32mSave a5362ed9-b561-482c-b597-3dfe92c8c186(uuid5948)
сент. 16, 2025 8:21:57 PM webapp.storage.AbstractStorage save
INFO: &amp#27;[32mSave efeac94d-fbf8-431c-a535-e3cc15bc23f4(uuid5949)
сент. 16, 2025 8:21:57 PM webapp.storage.AbstractStorage save
INFO: &amp#27;[32mSave 5fdb87c9-fddd-4dbe-9723-c39fe40f1b21(uuid5950)
сент. 16, 2025 8:21:57 PM webapp.storage.AbstractStorage save
INFO: &amp#27;[32mSave 4d59ef93-21cb-461e-ad98-17e3068842a9(uuid5951)
сент. 16, 2025 8:21:57 PM webapp.storage.AbstractStorage save
INFO: &amp#27;[32mSave 7a54247c-3970-49ce-83c0-3d14072578dc(uuid5952)
сент. 16, 2025 8:21:57 PM webapp.storage.AbstractStorage save
INFO: &amp#27;[32mSave b7fa629e-59ec-4adb-a0f0-30d6fe6b6b17(uuid5953)
сент. 16, 2025 8:21:57 PM webapp.storage.AbstractStorage save
INFO: &amp#27;[32mSave 19ef153a-a202-4894-ae49-4f871de60f5f(uuid5954)
сент. 16, 2025 8:21:57 PM webapp.storage.AbstractStorage save
INFO: &amp#27;[32mSave c96c80cd-aa47-44bc-9fe7-d9bc1e4e32ce(uuid5955)
сент. 16, 2025 8:21:57 PM webapp.storage.AbstractStorage save
INFO: &amp#27;[32mSave d7f2d4c7-b45d-4e09-8cdb-2098ee2a08b5(uuid5956)
сент. 16, 2025 8:21:57 PM webapp.storage.AbstractStorage save
INFO: &amp#27;[32mSave 25244ac6-8868-4d97-825c-5a0618bd778c(uuid5957)
сент. 16, 2025 8:21:57 PM webapp.storage.AbstractStorage save
INFO: &amp#27;[32mSave 7f619a76-0a61-4b54-aef2-67c78da7bd78(uuid5958)
сент. 16, 2025 8:21:57 PM webapp.storage.AbstractStorage save
INFO: &amp#27;[32mSave 9fa6a5f2-3387-4403-a39f-137aea9ef08a(uuid5959)
сент. 16, 2025 8:21:57 PM webapp.storage.AbstractStorage save
INFO: &amp#27;[32mSave 3f8c808c-d332-4b5f-bceb-d793840f4416(uuid5960)
сент. 16, 2025 8:21:57 PM webapp.storage.AbstractStorage save
INFO: &amp#27;[32mSave 260507dc-d9fd-401c-8253-88441927efe5(uuid5961)
сент. 16, 2025 8:21:57 PM webapp.storage.AbstractStorage save
INFO: &amp#27;[32mSave dcb2f040-0373-4203-a15b-d480741e8e60(uuid5962)
сент. 16, 2025 8:21:57 PM webapp.storage.AbstractStorage save
INFO: &amp#27;[32mSave e55d4de7-1d0b-43bf-8dec-8eba52af00c8(uuid5963)
сент. 16, 2025 8:21:57 PM webapp.storage.AbstractStorage save
INFO: &amp#27;[32mSave db2408d0-42de-4740-a63c-5a5e099aefe5(uuid5964)
сент. 16, 2025 8:21:57 PM webapp.storage.AbstractStorage save
INFO: &amp#27;[32mSave e5b83413-a572-48eb-8bf8-0d2c3d9f92d4(uuid5965)
сент. 16, 2025 8:21:57 PM webapp.storage.AbstractStorage save
INFO: &amp#27;[32mSave b5d7a411-6554-4bc3-aa83-dd74d5b7a567(uuid5966)
сент. 16, 2025 8:21:57 PM webapp.storage.AbstractStorage save
INFO: &amp#27;[32mSave 29027e39-5021-46a0-a5b2-0f835857d97c(uuid5967)
сент. 16, 2025 8:21:57 PM webapp.storage.AbstractStorage save
INFO: &amp#27;[32mSave 3cd6ed29-de85-40f5-8544-972321469b06(uuid5968)
сент. 16, 2025 8:21:57 PM webapp.storage.AbstractStorage save
INFO: &amp#27;[32mSave 4e6ed376-e4b6-494d-bff0-8285b61bc6e9(uuid5969)
сент. 16, 2025 8:21:57 PM webapp.storage.AbstractStorage save
INFO: &amp#27;[32mSave 33576d8a-77d1-42b1-8f1d-9badb203318b(uuid5970)
сент. 16, 2025 8:21:57 PM webapp.storage.AbstractStorage save
INFO: &amp#27;[32mSave 7ffdc2d2-45cb-47d4-8cb3-2a31b2648d2b(uuid5971)
сент. 16, 2025 8:21:57 PM webapp.storage.AbstractStorage save
INFO: &amp#27;[32mSave 133246a3-fce7-4459-b3e5-3466ea73633f(uuid5972)
сент. 16, 2025 8:21:57 PM webapp.storage.AbstractStorage save
INFO: &amp#27;[32mSave 312d9bbf-fdb1-4f63-9f19-1f45f7c371fe(uuid5973)
сент. 16, 2025 8:21:57 PM webapp.storage.AbstractStorage save
INFO: &amp#27;[32mSave a0e2f9a2-348c-4ed9-8cc5-e77789ca5dd0(uuid5974)
сент. 16, 2025 8:21:57 PM webapp.storage.AbstractStorage save
INFO: &amp#27;[32mSave 4494a926-121d-4738-b47e-1fa06dfd4ee1(uuid5975)
сент. 16, 2025 8:21:57 PM webapp.storage.AbstractStorage save
INFO: &amp#27;[32mSave c5cda710-6b39-4f37-a711-829376dd042e(uuid5976)
сент. 16, 2025 8:21:57 PM webapp.storage.AbstractStorage save
INFO: &amp#27;[32mSave 6d7f7016-e6eb-4d2d-ace4-a05c4593ba76(uuid5977)
сент. 16, 2025 8:21:57 PM webapp.storage.AbstractStorage save
INFO: &amp#27;[32mSave a551e1be-fa6d-413a-8548-77d541860d74(uuid5978)
сент. 16, 2025 8:21:57 PM webapp.storage.AbstractStorage save
INFO: &amp#27;[32mSave adfbc5e8-6a1c-4aad-911b-8407dc23810b(uuid5979)
сент. 16, 2025 8:21:57 PM webapp.storage.AbstractStorage save
INFO: &amp#27;[32mSave e2a65c7c-be6a-42e5-b985-bed7bdd43360(uuid5980)
сент. 16, 2025 8:21:57 PM webapp.storage.AbstractStorage save
INFO: &amp#27;[32mSave 44470eef-cd80-4af1-8c2e-db06cdbcdd05(uuid5981)
сент. 16, 2025 8:21:57 PM webapp.storage.AbstractStorage save
INFO: &amp#27;[32mSave 6192dd6c-5ca9-49b3-bbcc-96c442273ab2(uuid5982)
сент. 16, 2025 8:21:57 PM webapp.storage.AbstractStorage save
INFO: &amp#27;[32mSave b40548ee-76f1-461a-8bc1-f03d832d9486(uuid5983)
сент. 16, 2025 8:21:57 PM webapp.storage.AbstractStorage save
INFO: &amp#27;[32mSave bbec137a-e3f8-4c1c-9a36-857bdb5aca71(uuid5984)
сент. 16, 2025 8:21:57 PM webapp.storage.AbstractStorage save
INFO: &amp#27;[32mSave 505a2182-c000-4f5d-9213-cfc48a749beb(uuid5985)
сент. 16, 2025 8:21:57 PM webapp.storage.AbstractStorage save
INFO: &amp#27;[32mSave a9cd8b61-d03a-42b3-8928-2c1d45c2e8bc(uuid5986)
сент. 16, 2025 8:21:57 PM webapp.storage.AbstractStorage save
INFO: &amp#27;[32mSave c7cb6e18-3e2d-4277-9136-647d418e6637(uuid5987)
сент. 16, 2025 8:21:57 PM webapp.storage.AbstractStorage save
INFO: &amp#27;[32mSave 176d62b0-9ae3-4c0a-8a9c-fda86a00714f(uuid5988)
сент. 16, 2025 8:21:57 PM webapp.storage.AbstractStorage save
INFO: &amp#27;[32mSave e75e6a09-7934-4af2-b2f3-4b2750953992(uuid5989)
сент. 16, 2025 8:21:57 PM webapp.storage.AbstractStorage save
INFO: &amp#27;[32mSave 85abed81-0aab-4916-b62b-0a3c36311307(uuid5990)
сент. 16, 2025 8:21:57 PM webapp.storage.AbstractStorage save
INFO: &amp#27;[32mSave 4f44e38c-e059-4124-90fd-6da3a7d9e22d(uuid5991)
сент. 16, 2025 8:21:57 PM webapp.storage.AbstractStorage save
INFO: &amp#27;[32mSave 3ba656ad-8325-467a-8739-83f8b99c421c(uuid5992)
сент. 16, 2025 8:21:57 PM webapp.storage.AbstractStorage save
INFO: &amp#27;[32mSave ec20ab99-76a1-40b3-83b1-9dfbf95aa03a(uuid5993)
сент. 16, 2025 8:21:57 PM webapp.storage.AbstractStorage save
INFO: &amp#27;[32mSave 54519069-6466-4f36-94b8-0308787054d9(uuid5994)
сент. 16, 2025 8:21:57 PM webapp.storage.AbstractStorage save
INFO: &amp#27;[32mSave 89256293-113f-43ea-9e33-fc1f5bf422e5(uuid5995)
сент. 16, 2025 8:21:57 PM webapp.storage.AbstractStorage save
INFO: &amp#27;[32mSave 56cb6525-74c4-41dd-8e39-594c8465a9bd(uuid5996)
сент. 16, 2025 8:21:57 PM webapp.storage.AbstractStorage save
INFO: &amp#27;[32mSave fcb81463-c409-459e-9c53-1a9f17d70bfa(uuid5997)
сент. 16, 2025 8:21:57 PM webapp.storage.AbstractStorage save
INFO: &amp#27;[32mSave 0b567cc4-8bf4-4a31-8a18-5055e9dc15cf(uuid5998)
сент. 16, 2025 8:21:57 PM webapp.storage.AbstractStorage save
INFO: &amp#27;[32mSave 296a7b9d-7bbd-42a5-b3d0-1884d9a1f24c(uuid5999)
сент. 16, 2025 8:21:57 PM webapp.storage.AbstractStorage save
INFO: &amp#27;[32mSave bf8b0c97-a553-4b3d-adba-5bcf6b70b683(uuid6000)
сент. 16, 2025 8:21:57 PM webapp.storage.AbstractStorage save
INFO: &amp#27;[32mSave 016268f4-3bc5-4946-b3e3-03f2f95881d9(uuid6001)
сент. 16, 2025 8:21:57 PM webapp.storage.AbstractStorage save
INFO: &amp#27;[32mSave e780da23-d3bc-444b-a085-16ad5a25c631(uuid6002)
сент. 16, 2025 8:21:57 PM webapp.storage.AbstractStorage save
INFO: &amp#27;[32mSave 9fd49587-b4c5-436f-ad56-5686ed13e882(uuid6003)
сент. 16, 2025 8:21:57 PM webapp.storage.AbstractStorage save
INFO: &amp#27;[32mSave 58e6d4d0-affb-4ba5-affa-9de30388863d(uuid6004)
сент. 16, 2025 8:21:57 PM webapp.storage.AbstractStorage save
INFO: &amp#27;[32mSave 4418183b-da4d-47d1-8fb4-254e71558ffb(uuid6005)
сент. 16, 2025 8:21:57 PM webapp.storage.AbstractStorage save
INFO: &amp#27;[32mSave 14a48c8d-d8d7-46ec-bead-dec4993f470a(uuid6006)
сент. 16, 2025 8:21:57 PM webapp.storage.AbstractStorage save
INFO: &amp#27;[32mSave 6473869c-015f-4ee0-8347-93e5986cdffb(uuid6007)
сент. 16, 2025 8:21:57 PM webapp.storage.AbstractStorage save
INFO: &amp#27;[32mSave 0f50e045-af36-4329-acb3-a2e74d65c7ee(uuid6008)
сент. 16, 2025 8:21:57 PM webapp.storage.AbstractStorage save
INFO: &amp#27;[32mSave 4f50afc1-0172-499f-a9dc-a94942965948(uuid6009)
сент. 16, 2025 8:21:57 PM webapp.storage.AbstractStorage save
INFO: &amp#27;[32mSave 87bb7c43-721d-48ed-ba14-235c91189896(uuid6010)
сент. 16, 2025 8:21:57 PM webapp.storage.AbstractStorage save
INFO: &amp#27;[32mSave b415cb1c-e58d-4013-a0a1-9f76cfb18712(uuid6011)
сент. 16, 2025 8:21:57 PM webapp.storage.AbstractStorage save
INFO: &amp#27;[32mSave 5348ee7a-eec8-42df-a696-ee24ddc53074(uuid6012)
сент. 16, 2025 8:21:57 PM webapp.storage.AbstractStorage save
INFO: &amp#27;[32mSave 55a915dc-b6d6-42f3-a5b1-bb8002776c77(uuid6013)
сент. 16, 2025 8:21:57 PM webapp.storage.AbstractStorage save
INFO: &amp#27;[32mSave d18d07ac-f446-4deb-8f9b-9741771ceb12(uuid6014)
сент. 16, 2025 8:21:57 PM webapp.storage.AbstractStorage save
INFO: &amp#27;[32mSave c88e5882-62e4-4e32-9bdd-02b746327875(uuid6015)
сент. 16, 2025 8:21:57 PM webapp.storage.AbstractStorage save
INFO: &amp#27;[32mSave 69197b92-f0f7-467a-ab5c-40ed84b5ce17(uuid6016)
сент. 16, 2025 8:21:57 PM webapp.storage.AbstractStorage save
INFO: &amp#27;[32mSave e5bc70b2-2b1d-481e-b592-6db48cf9a500(uuid6017)
сент. 16, 2025 8:21:57 PM webapp.storage.AbstractStorage save
INFO: &amp#27;[32mSave 46aad45d-87ac-42b4-855a-a382e575d5ba(uuid6018)
сент. 16, 2025 8:21:57 PM webapp.storage.AbstractStorage save
INFO: &amp#27;[32mSave a34c5e2d-feeb-431c-a9ea-708cf9be9f33(uuid6019)
сент. 16, 2025 8:21:57 PM webapp.storage.AbstractStorage save
INFO: &amp#27;[32mSave ee3595da-b02f-4e6a-ae1e-9fea82e40c87(uuid6020)
сент. 16, 2025 8:21:57 PM webapp.storage.AbstractStorage save
INFO: &amp#27;[32mSave d1e4ff97-56ef-4b8e-bf44-750f9dec3535(uuid6021)
сент. 16, 2025 8:21:57 PM webapp.storage.AbstractStorage save
INFO: &amp#27;[32mSave b32be10c-7dbc-4189-a6eb-4f767990020d(uuid6022)
сент. 16, 2025 8:21:57 PM webapp.storage.AbstractStorage save
INFO: &amp#27;[32mSave 16a1bc53-4f98-40f2-b9de-8f7c7329002d(uuid6023)
сент. 16, 2025 8:21:57 PM webapp.storage.AbstractStorage save
INFO: &amp#27;[32mSave 2626b64a-2424-4ace-8518-2f47a74c9e56(uuid6024)
сент. 16, 2025 8:21:57 PM webapp.storage.AbstractStorage save
INFO: &amp#27;[32mSave 0fa985b1-fc05-4039-907b-e4a1e356a0e4(uuid6025)
сент. 16, 2025 8:21:57 PM webapp.storage.AbstractStorage save
INFO: &amp#27;[32mSave 03cbc21a-71a0-48e0-a593-13506bbe650c(uuid6026)
сент. 16, 2025 8:21:57 PM webapp.storage.AbstractStorage save
INFO: &amp#27;[32mSave 6c58509b-2bb4-4dea-aeea-156a97095dee(uuid6027)
сент. 16, 2025 8:21:57 PM webapp.storage.AbstractStorage save
INFO: &amp#27;[32mSave 827ff664-e247-4042-8d3b-d864507976b6(uuid6028)
сент. 16, 2025 8:21:57 PM webapp.storage.AbstractStorage save
INFO: &amp#27;[32mSave 37e0754d-7027-4623-909c-3179ebf1a8a8(uuid6029)
сент. 16, 2025 8:21:57 PM webapp.storage.AbstractStorage save
INFO: &amp#27;[32mSave 1d74281e-28d3-49c3-a104-533e74647dfc(uuid6030)
сент. 16, 2025 8:21:57 PM webapp.storage.AbstractStorage save
INFO: &amp#27;[32mSave 431112b0-70dc-482f-b71a-6eb0386751a4(uuid6031)
сент. 16, 2025 8:21:57 PM webapp.storage.AbstractStorage save
INFO: &amp#27;[32mSave 7d95317e-a345-4af4-9e54-1f9fe05f037f(uuid6032)
сент. 16, 2025 8:21:57 PM webapp.storage.AbstractStorage save
INFO: &amp#27;[32mSave 45483b1b-7952-49d7-9567-a49447ab536c(uuid6033)
сент. 16, 2025 8:21:57 PM webapp.storage.AbstractStorage save
INFO: &amp#27;[32mSave e7a2eb07-3bc5-4840-af57-80ae2e47ae09(uuid6034)
сент. 16, 2025 8:21:57 PM webapp.storage.AbstractStorage save
INFO: &amp#27;[32mSave 624db0fc-baa9-46bc-bca2-c1af60da0709(uuid6035)
сент. 16, 2025 8:21:57 PM webapp.storage.AbstractStorage save
INFO: &amp#27;[32mSave 6c41fb6a-57bc-4c04-b61a-cfb1f384c289(uuid6036)
сент. 16, 2025 8:21:57 PM webapp.storage.AbstractStorage save
INFO: &amp#27;[32mSave 3242ccc5-6448-46cd-a1b6-a746afc6128f(uuid6037)
сент. 16, 2025 8:21:57 PM webapp.storage.AbstractStorage save
INFO: &amp#27;[32mSave 2da616a8-784d-45dd-90e7-1320b000c27b(uuid6038)
сент. 16, 2025 8:21:57 PM webapp.storage.AbstractStorage save
INFO: &amp#27;[32mSave c6702881-cb88-431d-a2a5-1dc850d4bbd7(uuid6039)
сент. 16, 2025 8:21:57 PM webapp.storage.AbstractStorage save
INFO: &amp#27;[32mSave e9b4150a-9346-4365-8fad-6477669312c4(uuid6040)
сент. 16, 2025 8:21:57 PM webapp.storage.AbstractStorage save
INFO: &amp#27;[32mSave f4dc3b45-2c44-4b89-8184-b3c33924032a(uuid6041)
сент. 16, 2025 8:21:57 PM webapp.storage.AbstractStorage save
INFO: &amp#27;[32mSave 75a5d901-724c-4cc5-bdcf-4bece745fc27(uuid6042)
сент. 16, 2025 8:21:57 PM webapp.storage.AbstractStorage save
INFO: &amp#27;[32mSave 26b60b29-4dbf-4506-a9d4-a9246e656a34(uuid6043)
сент. 16, 2025 8:21:57 PM webapp.storage.AbstractStorage save
INFO: &amp#27;[32mSave 06390b12-b7e9-4263-a99e-0f269de023e4(uuid6044)
сент. 16, 2025 8:21:57 PM webapp.storage.AbstractStorage save
INFO: &amp#27;[32mSave f9f32e3c-95df-459e-9095-a116f4f6743c(uuid6045)
сент. 16, 2025 8:21:57 PM webapp.storage.AbstractStorage save
INFO: &amp#27;[32mSave fbab2198-f18a-45cf-8e48-a3f8404f1e6f(uuid6046)
сент. 16, 2025 8:21:57 PM webapp.storage.AbstractStorage save
INFO: &amp#27;[32mSave 9ba65fac-3be7-418f-9131-ca372dacbc36(uuid6047)
сент. 16, 2025 8:21:57 PM webapp.storage.AbstractStorage save
INFO: &amp#27;[32mSave ff46e5ee-35a7-443d-aa59-8dae32827d24(uuid6048)
сент. 16, 2025 8:21:57 PM webapp.storage.AbstractStorage save
INFO: &amp#27;[32mSave 3cf23ebd-e346-451e-9038-c2e601e12e59(uuid6049)
сент. 16, 2025 8:21:57 PM webapp.storage.AbstractStorage save
INFO: &amp#27;[32mSave 023a98f5-90c7-4dc4-aaab-d103dfa18fd5(uuid6050)
сент. 16, 2025 8:21:57 PM webapp.storage.AbstractStorage save
INFO: &amp#27;[32mSave 1630ddf4-700a-4eef-8b7a-762fc3d7c808(uuid6051)
сент. 16, 2025 8:21:57 PM webapp.storage.AbstractStorage save
INFO: &amp#27;[32mSave 4704738b-452d-495c-9463-de6d16230569(uuid6052)
сент. 16, 2025 8:21:57 PM webapp.storage.AbstractStorage save
INFO: &amp#27;[32mSave d47f1985-a9e5-4278-96e8-7cd0f941939b(uuid6053)
сент. 16, 2025 8:21:57 PM webapp.storage.AbstractStorage save
INFO: &amp#27;[32mSave aee9cc35-df54-4bd0-8848-801964b422ed(uuid6054)
сент. 16, 2025 8:21:57 PM webapp.storage.AbstractStorage save
INFO: &amp#27;[32mSave de56f2fa-4e7e-4af7-93cd-3e1de138d618(uuid6055)
сент. 16, 2025 8:21:57 PM webapp.storage.AbstractStorage save
INFO: &amp#27;[32mSave a4fa2561-af4e-475d-9a5a-4a49ae0d22d5(uuid6056)
сент. 16, 2025 8:21:57 PM webapp.storage.AbstractStorage save
INFO: &amp#27;[32mSave 8f4506b2-a627-467b-a3fc-4b01d8406c31(uuid6057)
сент. 16, 2025 8:21:57 PM webapp.storage.AbstractStorage save
INFO: &amp#27;[32mSave f5b62820-2068-40df-9b5e-35a832fe2987(uuid6058)
сент. 16, 2025 8:21:57 PM webapp.storage.AbstractStorage save
INFO: &amp#27;[32mSave ec4c27c0-b71e-44cb-968f-c707a913b6db(uuid6059)
сент. 16, 2025 8:21:57 PM webapp.storage.AbstractStorage save
INFO: &amp#27;[32mSave a0fa2d51-0991-4408-97a5-0acdf91e0d01(uuid6060)
сент. 16, 2025 8:21:57 PM webapp.storage.AbstractStorage save
INFO: &amp#27;[32mSave e4dad3a2-c24f-4f7b-a8f4-d2ea4c49b17b(uuid6061)
сент. 16, 2025 8:21:57 PM webapp.storage.AbstractStorage save
INFO: &amp#27;[32mSave 8fea542a-2096-4f70-b723-234b8de9ef1e(uuid6062)
сент. 16, 2025 8:21:57 PM webapp.storage.AbstractStorage save
INFO: &amp#27;[32mSave 90285006-1d0e-46c5-9ad3-28eac67bbe49(uuid6063)
сент. 16, 2025 8:21:57 PM webapp.storage.AbstractStorage save
INFO: &amp#27;[32mSave ddfb3b1e-64a1-4ab1-b86c-322e2b63adcc(uuid6064)
сент. 16, 2025 8:21:57 PM webapp.storage.AbstractStorage save
INFO: &amp#27;[32mSave 864b195b-93b7-40d0-bee7-9963d293531c(uuid6065)
сент. 16, 2025 8:21:57 PM webapp.storage.AbstractStorage save
INFO: &amp#27;[32mSave a0ea5c69-0f4b-49fb-8200-4162463931e7(uuid6066)
сент. 16, 2025 8:21:57 PM webapp.storage.AbstractStorage save
INFO: &amp#27;[32mSave 376e7e24-d25e-4770-bdb0-874ba9f6a02b(uuid6067)
сент. 16, 2025 8:21:57 PM webapp.storage.AbstractStorage save
INFO: &amp#27;[32mSave 094ed2f8-a7b6-4432-af87-f46f6d401829(uuid6068)
сент. 16, 2025 8:21:57 PM webapp.storage.AbstractStorage save
INFO: &amp#27;[32mSave 080f7378-2601-49d2-a5ba-0dd940df1a45(uuid6069)
сент. 16, 2025 8:21:57 PM webapp.storage.AbstractStorage save
INFO: &amp#27;[32mSave 2dbcf91f-54f6-43ad-8944-bccd1f30b23d(uuid6070)
сент. 16, 2025 8:21:57 PM webapp.storage.AbstractStorage save
INFO: &amp#27;[32mSave a3ff8ee7-57e1-4497-8b47-31a1d43cc8a7(uuid6071)
сент. 16, 2025 8:21:57 PM webapp.storage.AbstractStorage save
INFO: &amp#27;[32mSave ec3a3b6d-258d-42a4-b12b-f98eee973daf(uuid6072)
сент. 16, 2025 8:21:57 PM webapp.storage.AbstractStorage save
INFO: &amp#27;[32mSave 924f950a-c6af-4fc7-bcb2-fc5e10fa1715(uuid6073)
сент. 16, 2025 8:21:57 PM webapp.storage.AbstractStorage save
INFO: &amp#27;[32mSave 54ba7128-cafd-40d9-9a2c-877a36ecf646(uuid6074)
сент. 16, 2025 8:21:57 PM webapp.storage.AbstractStorage save
INFO: &amp#27;[32mSave 3cecc9e8-570e-4c61-9be1-f842651d41c1(uuid6075)
сент. 16, 2025 8:21:57 PM webapp.storage.AbstractStorage save
INFO: &amp#27;[32mSave ae7c1a9e-a32b-40e2-b323-7c8781a5d314(uuid6076)
сент. 16, 2025 8:21:57 PM webapp.storage.AbstractStorage save
INFO: &amp#27;[32mSave fc144cf4-149b-45e3-ba50-756600911136(uuid6077)
сент. 16, 2025 8:21:57 PM webapp.storage.AbstractStorage save
INFO: &amp#27;[32mSave ef8bd424-5a29-42d1-a443-0b9d4f7797ef(uuid6078)
сент. 16, 2025 8:21:57 PM webapp.storage.AbstractStorage save
INFO: &amp#27;[32mSave 99cc83c4-cfdb-4588-8122-d828d3ac856d(uuid6079)
сент. 16, 2025 8:21:57 PM webapp.storage.AbstractStorage save
INFO: &amp#27;[32mSave 89fcbf90-a5c7-4c25-bd4e-2aaf9eca0fd8(uuid6080)
сент. 16, 2025 8:21:57 PM webapp.storage.AbstractStorage save
INFO: &amp#27;[32mSave 4e4d0605-6280-40d2-9aa8-efea16ce4a2f(uuid6081)
сент. 16, 2025 8:21:57 PM webapp.storage.AbstractStorage save
INFO: &amp#27;[32mSave cf76143b-1b32-4e2a-b042-815062525593(uuid6082)
сент. 16, 2025 8:21:57 PM webapp.storage.AbstractStorage save
INFO: &amp#27;[32mSave 87f66d8f-e631-4242-ae86-a5d2200e95e0(uuid6083)
сент. 16, 2025 8:21:57 PM webapp.storage.AbstractStorage save
INFO: &amp#27;[32mSave 5a6bbcf9-9ee4-4ecc-8165-11a0c7627cee(uuid6084)
сент. 16, 2025 8:21:57 PM webapp.storage.AbstractStorage save
INFO: &amp#27;[32mSave fdbaf6a7-66fa-462b-b925-7f22bc44217f(uuid6085)
сент. 16, 2025 8:21:57 PM webapp.storage.AbstractStorage save
INFO: &amp#27;[32mSave 8d02eb10-6897-41ba-bd27-12761ac4861c(uuid6086)
сент. 16, 2025 8:21:57 PM webapp.storage.AbstractStorage save
INFO: &amp#27;[32mSave c279b4a6-4288-4592-95f9-dd90b568355b(uuid6087)
сент. 16, 2025 8:21:57 PM webapp.storage.AbstractStorage save
INFO: &amp#27;[32mSave d5754364-1e96-49eb-b9bc-476d01e25b6d(uuid6088)
сент. 16, 2025 8:21:57 PM webapp.storage.AbstractStorage save
INFO: &amp#27;[32mSave c735a43e-01af-4835-859b-b409d8fbb134(uuid6089)
сент. 16, 2025 8:21:57 PM webapp.storage.AbstractStorage save
INFO: &amp#27;[32mSave 2ae1a88b-2f97-46fb-ae9f-853cef8aff49(uuid6090)
сент. 16, 2025 8:21:57 PM webapp.storage.AbstractStorage save
INFO: &amp#27;[32mSave 2850f6b8-8c49-4283-90e0-4f2172d9e8d9(uuid6091)
сент. 16, 2025 8:21:57 PM webapp.storage.AbstractStorage save
INFO: &amp#27;[32mSave 44eb25a0-579f-4623-86d5-8dcb42254745(uuid6092)
сент. 16, 2025 8:21:57 PM webapp.storage.AbstractStorage save
INFO: &amp#27;[32mSave 42a8efcd-fb42-4c80-8832-52d899b3bdac(uuid6093)
сент. 16, 2025 8:21:57 PM webapp.storage.AbstractStorage save
INFO: &amp#27;[32mSave 0854ef04-26ea-4728-bcb9-3df677ad501c(uuid6094)
сент. 16, 2025 8:21:57 PM webapp.storage.AbstractStorage save
INFO: &amp#27;[32mSave 0d1d361d-6bc6-4979-a348-1e35d0ff26a3(uuid6095)
сент. 16, 2025 8:21:57 PM webapp.storage.AbstractStorage save
INFO: &amp#27;[32mSave 4bf45f28-e6df-44c7-9d14-b4a402b153b3(uuid6096)
сент. 16, 2025 8:21:57 PM webapp.storage.AbstractStorage save
INFO: &amp#27;[32mSave 994f1cec-0ecd-4ebb-85a3-589a88ebe362(uuid6097)
сент. 16, 2025 8:21:57 PM webapp.storage.AbstractStorage save
INFO: &amp#27;[32mSave 3787ccaa-10b8-43f1-88a6-b2913e72f046(uuid6098)
сент. 16, 2025 8:21:57 PM webapp.storage.AbstractStorage save
INFO: &amp#27;[32mSave 9884ca4a-e359-4baa-bdde-e9059a30ab80(uuid6099)
сент. 16, 2025 8:21:57 PM webapp.storage.AbstractStorage save
INFO: &amp#27;[32mSave 90df5f1d-6c83-4f09-8a1f-94fd8c75ad8e(uuid6100)
сент. 16, 2025 8:21:57 PM webapp.storage.AbstractStorage save
INFO: &amp#27;[32mSave 724e9bbf-2f92-46b5-8a25-640cd0074342(uuid6101)
сент. 16, 2025 8:21:57 PM webapp.storage.AbstractStorage save
INFO: &amp#27;[32mSave 2018a9b1-af84-46d0-ba6f-8db9bb3dbc42(uuid6102)
сент. 16, 2025 8:21:57 PM webapp.storage.AbstractStorage save
INFO: &amp#27;[32mSave d1ed5097-7af0-4a10-a656-68d59ea42aed(uuid6103)
сент. 16, 2025 8:21:57 PM webapp.storage.AbstractStorage save
INFO: &amp#27;[32mSave 44d90191-aa33-4900-a5d7-f178465f7150(uuid6104)
сент. 16, 2025 8:21:57 PM webapp.storage.AbstractStorage save
INFO: &amp#27;[32mSave 1aa13f4a-0c5c-427c-85e6-51533354e0cf(uuid6105)
сент. 16, 2025 8:21:57 PM webapp.storage.AbstractStorage save
INFO: &amp#27;[32mSave 52f35e22-a1dc-4f78-a8fb-448005ef83da(uuid6106)
сент. 16, 2025 8:21:57 PM webapp.storage.AbstractStorage save
INFO: &amp#27;[32mSave 04bbd486-fe1a-4c2e-b40d-793ab27e8729(uuid6107)
сент. 16, 2025 8:21:57 PM webapp.storage.AbstractStorage save
INFO: &amp#27;[32mSave 0c00b3a1-f71b-478e-8d95-5268dd186152(uuid6108)
сент. 16, 2025 8:21:57 PM webapp.storage.AbstractStorage save
INFO: &amp#27;[32mSave 886e83a4-98e5-4231-ba4f-462ed28a8406(uuid6109)
сент. 16, 2025 8:21:57 PM webapp.storage.AbstractStorage save
INFO: &amp#27;[32mSave c069bba3-2113-46f8-b78d-41e644b11d20(uuid6110)
сент. 16, 2025 8:21:57 PM webapp.storage.AbstractStorage save
INFO: &amp#27;[32mSave 69f4c29c-3e35-48c0-96ae-14498f7e7a13(uuid6111)
сент. 16, 2025 8:21:57 PM webapp.storage.AbstractStorage save
INFO: &amp#27;[32mSave f860182d-86a8-4e3c-9f47-1ec4d5465150(uuid6112)
сент. 16, 2025 8:21:57 PM webapp.storage.AbstractStorage save
INFO: &amp#27;[32mSave de75009e-2cb0-4c8e-a125-5c568ae007a2(uuid6113)
сент. 16, 2025 8:21:57 PM webapp.storage.AbstractStorage save
INFO: &amp#27;[32mSave 119578c7-5c66-4aec-adcc-32edf1ff2311(uuid6114)
сент. 16, 2025 8:21:57 PM webapp.storage.AbstractStorage save
INFO: &amp#27;[32mSave f1bdba35-74d3-4770-b45f-933bfae1e499(uuid6115)
сент. 16, 2025 8:21:57 PM webapp.storage.AbstractStorage save
INFO: &amp#27;[32mSave 31fd9b83-75a7-4dbe-8962-8bbf893b029b(uuid6116)
сент. 16, 2025 8:21:57 PM webapp.storage.AbstractStorage save
INFO: &amp#27;[32mSave dfd4eeec-40d5-4e7e-a560-8c8027ff31a0(uuid6117)
сент. 16, 2025 8:21:57 PM webapp.storage.AbstractStorage save
INFO: &amp#27;[32mSave 1e5f9e81-21bc-497d-9fb3-fbcabf69fa18(uuid6118)
сент. 16, 2025 8:21:57 PM webapp.storage.AbstractStorage save
INFO: &amp#27;[32mSave b08ff991-0dfa-4f8d-a74e-603df2ba1e47(uuid6119)
сент. 16, 2025 8:21:57 PM webapp.storage.AbstractStorage save
INFO: &amp#27;[32mSave 9e360ea3-435a-4970-8720-1e10c52ca36f(uuid6120)
сент. 16, 2025 8:21:57 PM webapp.storage.AbstractStorage save
INFO: &amp#27;[32mSave 3a65dfe6-fb9d-4b70-959a-dc7ebc9227fd(uuid6121)
сент. 16, 2025 8:21:57 PM webapp.storage.AbstractStorage save
INFO: &amp#27;[32mSave eb7da0f0-1f6e-4684-a163-20c9b4d6562f(uuid6122)
сент. 16, 2025 8:21:57 PM webapp.storage.AbstractStorage save
INFO: &amp#27;[32mSave 7c115a6d-a13c-4f57-971b-69b01f364e0f(uuid6123)
сент. 16, 2025 8:21:57 PM webapp.storage.AbstractStorage save
INFO: &amp#27;[32mSave 0c4f4d6e-8403-432f-8e56-ee4b0a00cb4e(uuid6124)
сент. 16, 2025 8:21:57 PM webapp.storage.AbstractStorage save
INFO: &amp#27;[32mSave d6183788-9c23-42c0-a36a-8d651c999b88(uuid6125)
сент. 16, 2025 8:21:57 PM webapp.storage.AbstractStorage save
INFO: &amp#27;[32mSave c0ef005b-1819-425f-98df-601ec81f78bc(uuid6126)
сент. 16, 2025 8:21:57 PM webapp.storage.AbstractStorage save
INFO: &amp#27;[32mSave 5914d8d5-656d-4063-989c-ada8b3da7b34(uuid6127)
сент. 16, 2025 8:21:57 PM webapp.storage.AbstractStorage save
INFO: &amp#27;[32mSave 632d1f3f-d287-4103-92f1-23e5b20c7aa4(uuid6128)
сент. 16, 2025 8:21:57 PM webapp.storage.AbstractStorage save
INFO: &amp#27;[32mSave ef140daf-d13a-4cac-bb1a-602b7ead7391(uuid6129)
сент. 16, 2025 8:21:57 PM webapp.storage.AbstractStorage save
INFO: &amp#27;[32mSave 6f794b26-5cdb-4e44-9158-66cf6aa78858(uuid6130)
сент. 16, 2025 8:21:57 PM webapp.storage.AbstractStorage save
INFO: &amp#27;[32mSave 763db263-b577-4ec5-89ba-cd74545d214b(uuid6131)
сент. 16, 2025 8:21:57 PM webapp.storage.AbstractStorage save
INFO: &amp#27;[32mSave e0459ddf-e059-4f20-a6b9-a7a524560b30(uuid6132)
сент. 16, 2025 8:21:57 PM webapp.storage.AbstractStorage save
INFO: &amp#27;[32mSave fc986e11-8d45-4213-a030-958e01ea1cad(uuid6133)
сент. 16, 2025 8:21:57 PM webapp.storage.AbstractStorage save
INFO: &amp#27;[32mSave 07dc8df2-7f53-41c8-a3bb-5ed52798f919(uuid6134)
сент. 16, 2025 8:21:57 PM webapp.storage.AbstractStorage save
INFO: &amp#27;[32mSave 75a47253-a54a-41f9-9944-d28737c350c9(uuid6135)
сент. 16, 2025 8:21:57 PM webapp.storage.AbstractStorage save
INFO: &amp#27;[32mSave 0ffc633a-1260-49d2-bcf4-34444a24e840(uuid6136)
сент. 16, 2025 8:21:57 PM webapp.storage.AbstractStorage save
INFO: &amp#27;[32mSave ccaae2a1-5cb2-42d7-8aa7-26bc77e131fb(uuid6137)
сент. 16, 2025 8:21:57 PM webapp.storage.AbstractStorage save
INFO: &amp#27;[32mSave 209c0c40-e237-4dd9-a033-9e76fc02c17b(uuid6138)
сент. 16, 2025 8:21:57 PM webapp.storage.AbstractStorage save
INFO: &amp#27;[32mSave 9db0514b-57b5-4669-899c-641ae95bf0ea(uuid6139)
сент. 16, 2025 8:21:57 PM webapp.storage.AbstractStorage save
INFO: &amp#27;[32mSave ad05d2b1-911b-484a-92bd-c193f35acd44(uuid6140)
сент. 16, 2025 8:21:57 PM webapp.storage.AbstractStorage save
INFO: &amp#27;[32mSave 331aaf9d-6ff8-43e1-bf0e-b657ce14e41b(uuid6141)
сент. 16, 2025 8:21:57 PM webapp.storage.AbstractStorage save
INFO: &amp#27;[32mSave 8a1df48f-c167-4bc6-990f-42d752e5337f(uuid6142)
сент. 16, 2025 8:21:57 PM webapp.storage.AbstractStorage save
INFO: &amp#27;[32mSave 4abf3c4a-7efd-4e9e-ba52-c0e2bfc073ca(uuid6143)
сент. 16, 2025 8:21:57 PM webapp.storage.AbstractStorage save
INFO: &amp#27;[32mSave ca42f82d-c872-4542-b281-05bf9bb92d3d(uuid6144)
сент. 16, 2025 8:21:57 PM webapp.storage.AbstractStorage save
INFO: &amp#27;[32mSave e1b76464-2037-4293-95c9-2612a37a3785(uuid6145)
сент. 16, 2025 8:21:57 PM webapp.storage.AbstractStorage save
INFO: &amp#27;[32mSave 05a6fc98-65a8-442f-b2dc-75e03851681e(uuid6146)
сент. 16, 2025 8:21:57 PM webapp.storage.AbstractStorage save
INFO: &amp#27;[32mSave 146c5189-0d6f-4e76-8eab-7ccb1b7755fc(uuid6147)
сент. 16, 2025 8:21:57 PM webapp.storage.AbstractStorage save
INFO: &amp#27;[32mSave 426072fa-3c61-48e0-8282-596b017c34fb(uuid6148)
сент. 16, 2025 8:21:57 PM webapp.storage.AbstractStorage save
INFO: &amp#27;[32mSave da7c170b-4f4b-4992-b231-6a8a904ff2f9(uuid6149)
сент. 16, 2025 8:21:57 PM webapp.storage.AbstractStorage save
INFO: &amp#27;[32mSave 7ba5aff2-9a34-40a7-b19d-b9c22f567b83(uuid6150)
сент. 16, 2025 8:21:57 PM webapp.storage.AbstractStorage save
INFO: &amp#27;[32mSave c93b6293-2de8-4673-8188-a80f46c55ded(uuid6151)
сент. 16, 2025 8:21:57 PM webapp.storage.AbstractStorage save
INFO: &amp#27;[32mSave 78b54f33-f665-4c61-9e2a-1b9abdb023f8(uuid6152)
сент. 16, 2025 8:21:57 PM webapp.storage.AbstractStorage save
INFO: &amp#27;[32mSave 4f71eee7-2d01-4c67-a6f0-d12b0adfc87a(uuid6153)
сент. 16, 2025 8:21:57 PM webapp.storage.AbstractStorage save
INFO: &amp#27;[32mSave 02d6015e-eee2-46e4-b75b-003ff2b9d123(uuid6154)
сент. 16, 2025 8:21:57 PM webapp.storage.AbstractStorage save
INFO: &amp#27;[32mSave e33cb8f6-f9da-4299-9d71-81388762ca71(uuid6155)
сент. 16, 2025 8:21:57 PM webapp.storage.AbstractStorage save
INFO: &amp#27;[32mSave f81d674a-3d63-4941-91c7-2ca9ec470fe7(uuid6156)
сент. 16, 2025 8:21:57 PM webapp.storage.AbstractStorage save
INFO: &amp#27;[32mSave 65343d04-bd00-4799-8ad7-1d27288edb9c(uuid6157)
сент. 16, 2025 8:21:57 PM webapp.storage.AbstractStorage save
INFO: &amp#27;[32mSave 1d9b6544-6b13-4bd4-ad61-6c9998b4942e(uuid6158)
сент. 16, 2025 8:21:57 PM webapp.storage.AbstractStorage save
INFO: &amp#27;[32mSave 9fb6fb49-eccc-466e-b0d9-f25222e38642(uuid6159)
сент. 16, 2025 8:21:57 PM webapp.storage.AbstractStorage save
INFO: &amp#27;[32mSave b45197ff-d5d7-4cbc-9be8-e2c608f7c16b(uuid6160)
сент. 16, 2025 8:21:57 PM webapp.storage.AbstractStorage save
INFO: &amp#27;[32mSave 035acad7-35f2-41fc-834e-36a7b405c1c3(uuid6161)
сент. 16, 2025 8:21:57 PM webapp.storage.AbstractStorage save
INFO: &amp#27;[32mSave a98eb3ca-4707-48ec-8fcc-0cb888f5dba8(uuid6162)
сент. 16, 2025 8:21:57 PM webapp.storage.AbstractStorage save
INFO: &amp#27;[32mSave d3a86239-ba45-45d6-abe0-fc79671cec40(uuid6163)
сент. 16, 2025 8:21:57 PM webapp.storage.AbstractStorage save
INFO: &amp#27;[32mSave 16645672-30fa-4e96-9327-c9cb84a5e2bb(uuid6164)
сент. 16, 2025 8:21:57 PM webapp.storage.AbstractStorage save
INFO: &amp#27;[32mSave 5dc9620e-3c17-419e-a17b-46f14427b2cb(uuid6165)
сент. 16, 2025 8:21:57 PM webapp.storage.AbstractStorage save
INFO: &amp#27;[32mSave f5c9f0f2-4995-4cf3-a115-9cf73aad1026(uuid6166)
сент. 16, 2025 8:21:57 PM webapp.storage.AbstractStorage save
INFO: &amp#27;[32mSave 7d288222-d9bb-42ea-8208-7ab2c7ab9025(uuid6167)
сент. 16, 2025 8:21:57 PM webapp.storage.AbstractStorage save
INFO: &amp#27;[32mSave b5fc93e3-778c-42f2-9f61-fd4d4f684fdd(uuid6168)
сент. 16, 2025 8:21:57 PM webapp.storage.AbstractStorage save
INFO: &amp#27;[32mSave 7f57b8c2-70b3-4e3b-93a8-3b3379159e1f(uuid6169)
сент. 16, 2025 8:21:57 PM webapp.storage.AbstractStorage save
INFO: &amp#27;[32mSave 74f5cf3e-cbfd-4c81-bbad-7b77bf67e769(uuid6170)
сент. 16, 2025 8:21:57 PM webapp.storage.AbstractStorage save
INFO: &amp#27;[32mSave 6ac948e8-f4ea-4671-a839-de0b4e207f2a(uuid6171)
сент. 16, 2025 8:21:57 PM webapp.storage.AbstractStorage save
INFO: &amp#27;[32mSave a1e3fc84-a16b-4f4e-8866-01085fa0976d(uuid6172)
сент. 16, 2025 8:21:57 PM webapp.storage.AbstractStorage save
INFO: &amp#27;[32mSave 60d58b34-98f5-4833-bc13-a133159f4daa(uuid6173)
сент. 16, 2025 8:21:57 PM webapp.storage.AbstractStorage save
INFO: &amp#27;[32mSave 889a6193-ac25-49b1-b439-a6e4e77d3a25(uuid6174)
сент. 16, 2025 8:21:57 PM webapp.storage.AbstractStorage save
INFO: &amp#27;[32mSave 9ed6220c-d250-4292-a697-8410c9cb126d(uuid6175)
сент. 16, 2025 8:21:57 PM webapp.storage.AbstractStorage save
INFO: &amp#27;[32mSave 023d9ee8-5f06-4128-9724-608d6c6a5dea(uuid6176)
сент. 16, 2025 8:21:57 PM webapp.storage.AbstractStorage save
INFO: &amp#27;[32mSave 22d2dab2-219d-4fa1-888c-4179273bc519(uuid6177)
сент. 16, 2025 8:21:57 PM webapp.storage.AbstractStorage save
INFO: &amp#27;[32mSave 9e2e75c1-e57e-48f3-9052-fb5382bd2fb2(uuid6178)
сент. 16, 2025 8:21:57 PM webapp.storage.AbstractStorage save
INFO: &amp#27;[32mSave b644d59c-4944-4289-84d5-1745bc5ced50(uuid6179)
сент. 16, 2025 8:21:57 PM webapp.storage.AbstractStorage save
INFO: &amp#27;[32mSave 13330716-05f0-4041-bc8a-17f5ea65c8b8(uuid6180)
сент. 16, 2025 8:21:57 PM webapp.storage.AbstractStorage save
INFO: &amp#27;[32mSave 97b5783e-3d3e-4ecd-a2d0-b3b9db52edc3(uuid6181)
сент. 16, 2025 8:21:57 PM webapp.storage.AbstractStorage save
INFO: &amp#27;[32mSave 2ac7931f-2f5a-473e-b273-69a0db98e6d2(uuid6182)
сент. 16, 2025 8:21:57 PM webapp.storage.AbstractStorage save
INFO: &amp#27;[32mSave f9cbef86-e007-4da2-8fca-32f10e62693b(uuid6183)
сент. 16, 2025 8:21:57 PM webapp.storage.AbstractStorage save
INFO: &amp#27;[32mSave a7ce59db-1f64-440b-9ab0-e241c97992c5(uuid6184)
сент. 16, 2025 8:21:57 PM webapp.storage.AbstractStorage save
INFO: &amp#27;[32mSave e0996288-4f5c-4d8b-bf78-841663d5398e(uuid6185)
сент. 16, 2025 8:21:57 PM webapp.storage.AbstractStorage save
INFO: &amp#27;[32mSave 29e68b96-f970-4808-9e2c-fa3aea901398(uuid6186)
сент. 16, 2025 8:21:57 PM webapp.storage.AbstractStorage save
INFO: &amp#27;[32mSave 5550ad77-0c76-4138-b9cd-dc5bdb0684aa(uuid6187)
сент. 16, 2025 8:21:57 PM webapp.storage.AbstractStorage save
INFO: &amp#27;[32mSave 09839be7-98c7-4def-a602-6ba61855303e(uuid6188)
сент. 16, 2025 8:21:57 PM webapp.storage.AbstractStorage save
INFO: &amp#27;[32mSave 62585c3b-a5bf-4937-bfe8-95a255425814(uuid6189)
сент. 16, 2025 8:21:57 PM webapp.storage.AbstractStorage save
INFO: &amp#27;[32mSave eef9c455-960f-4c89-8663-3c99b909e701(uuid6190)
сент. 16, 2025 8:21:57 PM webapp.storage.AbstractStorage save
INFO: &amp#27;[32mSave 3658d277-eaa4-4b71-a876-e3114fca7ad2(uuid6191)
сент. 16, 2025 8:21:57 PM webapp.storage.AbstractStorage save
INFO: &amp#27;[32mSave a3a11529-c3f5-459d-88c0-e866c1eea4a0(uuid6192)
сент. 16, 2025 8:21:57 PM webapp.storage.AbstractStorage save
INFO: &amp#27;[32mSave 4d64430e-6301-4a64-a2d6-c10d0cc3d4b0(uuid6193)
сент. 16, 2025 8:21:57 PM webapp.storage.AbstractStorage save
INFO: &amp#27;[32mSave b34a49f9-2c31-4fe7-a26e-276808157044(uuid6194)
сент. 16, 2025 8:21:57 PM webapp.storage.AbstractStorage save
INFO: &amp#27;[32mSave aa837f23-a000-43b7-858d-02221bc84f82(uuid6195)
сент. 16, 2025 8:21:57 PM webapp.storage.AbstractStorage save
INFO: &amp#27;[32mSave 2121040b-93d2-4d4f-99d1-212812b64e09(uuid6196)
сент. 16, 2025 8:21:57 PM webapp.storage.AbstractStorage save
INFO: &amp#27;[32mSave d4136623-0208-4ba5-8bee-095878c00f8c(uuid6197)
сент. 16, 2025 8:21:57 PM webapp.storage.AbstractStorage save
INFO: &amp#27;[32mSave 55d9edd9-184b-49b7-b385-fb9b142b3467(uuid6198)
сент. 16, 2025 8:21:57 PM webapp.storage.AbstractStorage save
INFO: &amp#27;[32mSave a9f9c361-c5de-49c6-a4da-fb035b0e8df9(uuid6199)
сент. 16, 2025 8:21:57 PM webapp.storage.AbstractStorage save
INFO: &amp#27;[32mSave 45f287e7-2683-4b56-914a-3cbf7187c9ce(uuid6200)
сент. 16, 2025 8:21:57 PM webapp.storage.AbstractStorage save
INFO: &amp#27;[32mSave 1960b388-8c27-45c9-b811-1e86dc0b41c0(uuid6201)
сент. 16, 2025 8:21:57 PM webapp.storage.AbstractStorage save
INFO: &amp#27;[32mSave ea155628-b3f4-4253-b20e-86311020f10c(uuid6202)
сент. 16, 2025 8:21:57 PM webapp.storage.AbstractStorage save
INFO: &amp#27;[32mSave 3e12f6ab-6bce-460d-b674-79b29cd59f5e(uuid6203)
сент. 16, 2025 8:21:57 PM webapp.storage.AbstractStorage save
INFO: &amp#27;[32mSave 74f0e34a-7870-4018-a76a-0fb85b87a0b7(uuid6204)
сент. 16, 2025 8:21:57 PM webapp.storage.AbstractStorage save
INFO: &amp#27;[32mSave 7eafa990-f024-498a-bdfb-6aca158d3620(uuid6205)
сент. 16, 2025 8:21:57 PM webapp.storage.AbstractStorage save
INFO: &amp#27;[32mSave f12054bd-129d-4c6c-bdfc-04c1daf1fa3d(uuid6206)
сент. 16, 2025 8:21:57 PM webapp.storage.AbstractStorage save
INFO: &amp#27;[32mSave c347922c-a3e3-4ac4-8604-e8957bdb532f(uuid6207)
сент. 16, 2025 8:21:57 PM webapp.storage.AbstractStorage save
INFO: &amp#27;[32mSave 32d11f4e-44b8-40cd-b5f9-acbb8594f90b(uuid6208)
сент. 16, 2025 8:21:57 PM webapp.storage.AbstractStorage save
INFO: &amp#27;[32mSave dd4d8f11-bf3a-4334-8347-65eb4ba149f9(uuid6209)
сент. 16, 2025 8:21:57 PM webapp.storage.AbstractStorage save
INFO: &amp#27;[32mSave 485f5752-cbdf-4f0b-821c-00f941be1747(uuid6210)
сент. 16, 2025 8:21:57 PM webapp.storage.AbstractStorage save
INFO: &amp#27;[32mSave 4bd4606e-fa84-43b0-800c-70b275d00363(uuid6211)
сент. 16, 2025 8:21:57 PM webapp.storage.AbstractStorage save
INFO: &amp#27;[32mSave 6d396117-2654-437c-a241-619953b99e5b(uuid6212)
сент. 16, 2025 8:21:57 PM webapp.storage.AbstractStorage save
INFO: &amp#27;[32mSave daa82fce-f27b-4981-b277-7cc5154c7d03(uuid6213)
сент. 16, 2025 8:21:57 PM webapp.storage.AbstractStorage save
INFO: &amp#27;[32mSave a8a0f305-4497-4529-af68-81d4d35fdd77(uuid6214)
сент. 16, 2025 8:21:57 PM webapp.storage.AbstractStorage save
INFO: &amp#27;[32mSave 109cd065-6ab8-4119-9525-c12895ddd16e(uuid6215)
сент. 16, 2025 8:21:57 PM webapp.storage.AbstractStorage save
INFO: &amp#27;[32mSave 6465f761-f2d5-4b9a-8563-14a9c3c241e1(uuid6216)
сент. 16, 2025 8:21:57 PM webapp.storage.AbstractStorage save
INFO: &amp#27;[32mSave f8c76d5d-b480-4a00-ad68-36fa730393b1(uuid6217)
сент. 16, 2025 8:21:57 PM webapp.storage.AbstractStorage save
INFO: &amp#27;[32mSave 8ea85a1a-de39-429c-a182-db14d2b4beb6(uuid6218)
сент. 16, 2025 8:21:57 PM webapp.storage.AbstractStorage save
INFO: &amp#27;[32mSave 8040c857-0c49-4db2-814c-227c10b48aca(uuid6219)
сент. 16, 2025 8:21:57 PM webapp.storage.AbstractStorage save
INFO: &amp#27;[32mSave eeb30578-07cb-4318-8796-14cef889e159(uuid6220)
сент. 16, 2025 8:21:57 PM webapp.storage.AbstractStorage save
INFO: &amp#27;[32mSave a056b3d8-fc0f-42d2-b956-bb26b24eee4d(uuid6221)
сент. 16, 2025 8:21:57 PM webapp.storage.AbstractStorage save
INFO: &amp#27;[32mSave f04acb43-842e-4d2c-87bd-257aefc4a2f0(uuid6222)
сент. 16, 2025 8:21:57 PM webapp.storage.AbstractStorage save
INFO: &amp#27;[32mSave c4d3fce6-0441-4479-9848-7609dbf58154(uuid6223)
сент. 16, 2025 8:21:57 PM webapp.storage.AbstractStorage save
INFO: &amp#27;[32mSave 79bcf1b9-721e-4bdf-8cb5-31dffaa44f1c(uuid6224)
сент. 16, 2025 8:21:57 PM webapp.storage.AbstractStorage save
INFO: &amp#27;[32mSave 54228b11-756e-48b0-a9ba-ed9eb53819fd(uuid6225)
сент. 16, 2025 8:21:57 PM webapp.storage.AbstractStorage save
INFO: &amp#27;[32mSave cc30c9b5-e125-4d71-93f2-8a1945ea9bd5(uuid6226)
сент. 16, 2025 8:21:57 PM webapp.storage.AbstractStorage save
INFO: &amp#27;[32mSave aa0f4d0b-66e9-4bac-96ff-e6f7f2eb44cc(uuid6227)
сент. 16, 2025 8:21:57 PM webapp.storage.AbstractStorage save
INFO: &amp#27;[32mSave ee06cc69-f616-413e-8bdf-4c4862a9b576(uuid6228)
сент. 16, 2025 8:21:57 PM webapp.storage.AbstractStorage save
INFO: &amp#27;[32mSave d6ed4fe7-1bb0-4511-8c53-17fbfaa5abaa(uuid6229)
сент. 16, 2025 8:21:57 PM webapp.storage.AbstractStorage save
INFO: &amp#27;[32mSave ac3ad68f-2dfc-4565-93a1-5188542085a1(uuid6230)
сент. 16, 2025 8:21:57 PM webapp.storage.AbstractStorage save
INFO: &amp#27;[32mSave 40e32ba3-b8cc-4bd5-8921-ad336bea111a(uuid6231)
сент. 16, 2025 8:21:57 PM webapp.storage.AbstractStorage save
INFO: &amp#27;[32mSave 953304bf-9e17-49d4-aa2f-a6a0781e3ebc(uuid6232)
сент. 16, 2025 8:21:57 PM webapp.storage.AbstractStorage save
INFO: &amp#27;[32mSave a92ddc46-2794-48eb-9086-c5bc060bc121(uuid6233)
сент. 16, 2025 8:21:57 PM webapp.storage.AbstractStorage save
INFO: &amp#27;[32mSave e43003de-1568-490d-a9c7-74d9b02fb1af(uuid6234)
сент. 16, 2025 8:21:57 PM webapp.storage.AbstractStorage save
INFO: &amp#27;[32mSave 5db835fb-ea8f-4091-bb63-3e9e6d14d1e9(uuid6235)
сент. 16, 2025 8:21:57 PM webapp.storage.AbstractStorage save
INFO: &amp#27;[32mSave 83d59669-3b79-42f9-9a6f-e869fa09ccb7(uuid6236)
сент. 16, 2025 8:21:57 PM webapp.storage.AbstractStorage save
INFO: &amp#27;[32mSave b008477e-a399-4507-84e9-5df048a2d5e3(uuid6237)
сент. 16, 2025 8:21:57 PM webapp.storage.AbstractStorage save
INFO: &amp#27;[32mSave 501fb2e2-4216-422a-9278-5f603a96cb4b(uuid6238)
сент. 16, 2025 8:21:57 PM webapp.storage.AbstractStorage save
INFO: &amp#27;[32mSave 4b3f4c11-9757-484e-b692-776311110ac5(uuid6239)
сент. 16, 2025 8:21:57 PM webapp.storage.AbstractStorage save
INFO: &amp#27;[32mSave 90f99a2b-917c-4e04-a7e9-19ed50897d43(uuid6240)
сент. 16, 2025 8:21:57 PM webapp.storage.AbstractStorage save
INFO: &amp#27;[32mSave 335b5c10-0ec8-4775-8e6d-d279137a398e(uuid6241)
сент. 16, 2025 8:21:57 PM webapp.storage.AbstractStorage save
INFO: &amp#27;[32mSave 59889f17-a292-48da-9df3-4824e525ed14(uuid6242)
сент. 16, 2025 8:21:57 PM webapp.storage.AbstractStorage save
INFO: &amp#27;[32mSave ad48aa44-970c-46a9-9d22-98ebbf7588ca(uuid6243)
сент. 16, 2025 8:21:57 PM webapp.storage.AbstractStorage save
INFO: &amp#27;[32mSave 14ab203f-aaa6-4c89-98d5-b4467cee3726(uuid6244)
сент. 16, 2025 8:21:57 PM webapp.storage.AbstractStorage save
INFO: &amp#27;[32mSave 4683380c-cd09-4f3b-8113-3c1667983c15(uuid6245)
сент. 16, 2025 8:21:57 PM webapp.storage.AbstractStorage save
INFO: &amp#27;[32mSave c1d0a92a-9051-48c9-981d-6486b9636d73(uuid6246)
сент. 16, 2025 8:21:57 PM webapp.storage.AbstractStorage save
INFO: &amp#27;[32mSave 583172f3-9d71-451c-a5fd-34a158e7070e(uuid6247)
сент. 16, 2025 8:21:57 PM webapp.storage.AbstractStorage save
INFO: &amp#27;[32mSave 1638fb1f-bb1e-491b-8bd2-2db152be3ce1(uuid6248)
сент. 16, 2025 8:21:57 PM webapp.storage.AbstractStorage save
INFO: &amp#27;[32mSave bf8ff0b1-1e61-4e0b-84f4-d032a0c645b4(uuid6249)
сент. 16, 2025 8:21:57 PM webapp.storage.AbstractStorage save
INFO: &amp#27;[32mSave f12189c7-850b-4367-be53-d62fcb46b22d(uuid6250)
сент. 16, 2025 8:21:57 PM webapp.storage.AbstractStorage save
INFO: &amp#27;[32mSave 80d3ac5c-7821-4a16-99be-a6ca4a2c0130(uuid6251)
сент. 16, 2025 8:21:57 PM webapp.storage.AbstractStorage save
INFO: &amp#27;[32mSave 034d4e47-1e08-4b83-97f1-2d47aae43fdd(uuid6252)
сент. 16, 2025 8:21:57 PM webapp.storage.AbstractStorage save
INFO: &amp#27;[32mSave d850cdfb-420f-4f17-83eb-ba673e1b50df(uuid6253)
сент. 16, 2025 8:21:57 PM webapp.storage.AbstractStorage save
INFO: &amp#27;[32mSave 3d9390a5-c93e-4965-9a88-77c6978595a7(uuid6254)
сент. 16, 2025 8:21:57 PM webapp.storage.AbstractStorage save
INFO: &amp#27;[32mSave 65ff48fb-a9da-4fb7-908d-22d324f516eb(uuid6255)
сент. 16, 2025 8:21:57 PM webapp.storage.AbstractStorage save
INFO: &amp#27;[32mSave 489b7b9c-6289-401c-a6fe-b12b613f9cdf(uuid6256)
сент. 16, 2025 8:21:57 PM webapp.storage.AbstractStorage save
INFO: &amp#27;[32mSave ce91b19a-bd52-42ba-b565-83ee99b141c5(uuid6257)
сент. 16, 2025 8:21:57 PM webapp.storage.AbstractStorage save
INFO: &amp#27;[32mSave 33eb8035-364f-4147-873d-49328167b52a(uuid6258)
сент. 16, 2025 8:21:57 PM webapp.storage.AbstractStorage save
INFO: &amp#27;[32mSave 0687a73e-8d3e-471d-9678-cbbfb6398e99(uuid6259)
сент. 16, 2025 8:21:57 PM webapp.storage.AbstractStorage save
INFO: &amp#27;[32mSave 834602a0-30c1-46eb-9f2c-a8632c566af2(uuid6260)
сент. 16, 2025 8:21:57 PM webapp.storage.AbstractStorage save
INFO: &amp#27;[32mSave a3aac98b-0e12-4f35-bc35-e687969b05cb(uuid6261)
сент. 16, 2025 8:21:57 PM webapp.storage.AbstractStorage save
INFO: &amp#27;[32mSave 84761cde-b8a2-4349-aad0-82b4853530b7(uuid6262)
сент. 16, 2025 8:21:57 PM webapp.storage.AbstractStorage save
INFO: &amp#27;[32mSave e4f8db28-9d21-4034-84f0-4917028919f4(uuid6263)
сент. 16, 2025 8:21:57 PM webapp.storage.AbstractStorage save
INFO: &amp#27;[32mSave 208030d4-8720-470f-9aca-6a6c56e230f4(uuid6264)
сент. 16, 2025 8:21:57 PM webapp.storage.AbstractStorage save
INFO: &amp#27;[32mSave 04d7fc6a-947c-43fc-9304-225f34b805b7(uuid6265)
сент. 16, 2025 8:21:57 PM webapp.storage.AbstractStorage save
INFO: &amp#27;[32mSave 44811ba0-e5b8-47f4-b4a3-48211ba02dc8(uuid6266)
сент. 16, 2025 8:21:57 PM webapp.storage.AbstractStorage save
INFO: &amp#27;[32mSave 1f3239fb-9801-4c53-8f03-8d4a52ebb80d(uuid6267)
сент. 16, 2025 8:21:57 PM webapp.storage.AbstractStorage save
INFO: &amp#27;[32mSave 1bb45876-460e-484a-8d5a-9198559e2cfc(uuid6268)
сент. 16, 2025 8:21:57 PM webapp.storage.AbstractStorage save
INFO: &amp#27;[32mSave 9f79fd45-cf7e-4eff-b35b-bab9fc759064(uuid6269)
сент. 16, 2025 8:21:57 PM webapp.storage.AbstractStorage save
INFO: &amp#27;[32mSave 95f5e3d2-ca9e-4974-bb11-8c4816cd0a3a(uuid6270)
сент. 16, 2025 8:21:57 PM webapp.storage.AbstractStorage save
INFO: &amp#27;[32mSave 3d8d9da4-a1b6-43d8-98b5-7be0529e6d57(uuid6271)
сент. 16, 2025 8:21:57 PM webapp.storage.AbstractStorage save
INFO: &amp#27;[32mSave 9da11dfa-d330-4bd0-9aa6-50096bee7e44(uuid6272)
сент. 16, 2025 8:21:57 PM webapp.storage.AbstractStorage save
INFO: &amp#27;[32mSave d03d66ff-7330-4488-9c39-5ef6b39fe91b(uuid6273)
сент. 16, 2025 8:21:57 PM webapp.storage.AbstractStorage save
INFO: &amp#27;[32mSave 10cf429d-567a-4012-8ed1-bb6e35cac60a(uuid6274)
сент. 16, 2025 8:21:57 PM webapp.storage.AbstractStorage save
INFO: &amp#27;[32mSave 94c85497-4892-4a6f-b47c-59fef3c40cd7(uuid6275)
сент. 16, 2025 8:21:57 PM webapp.storage.AbstractStorage save
INFO: &amp#27;[32mSave 6725a60a-b7f3-47a1-ae2f-b05ede6fd2f7(uuid6276)
сент. 16, 2025 8:21:57 PM webapp.storage.AbstractStorage save
INFO: &amp#27;[32mSave 50bb982c-78b1-4994-ba9e-0a975aab8685(uuid6277)
сент. 16, 2025 8:21:57 PM webapp.storage.AbstractStorage save
INFO: &amp#27;[32mSave f9da3034-7963-4d9a-9403-9ba30d87dfa7(uuid6278)
сент. 16, 2025 8:21:57 PM webapp.storage.AbstractStorage save
INFO: &amp#27;[32mSave 7013fd69-b9c5-4ab0-b1c9-fd056d3da7c2(uuid6279)
сент. 16, 2025 8:21:57 PM webapp.storage.AbstractStorage save
INFO: &amp#27;[32mSave 2cb86a25-b968-4a1c-bb6a-7c8927a4ea13(uuid6280)
сент. 16, 2025 8:21:57 PM webapp.storage.AbstractStorage save
INFO: &amp#27;[32mSave 725e8f6c-7dd6-4486-88e8-9795a2328988(uuid6281)
сент. 16, 2025 8:21:57 PM webapp.storage.AbstractStorage save
INFO: &amp#27;[32mSave 0fbb2006-52f5-4781-99a3-d17315c5515d(uuid6282)
сент. 16, 2025 8:21:57 PM webapp.storage.AbstractStorage save
INFO: &amp#27;[32mSave a0315c3c-2171-4dbc-afaa-5ed382464957(uuid6283)
сент. 16, 2025 8:21:57 PM webapp.storage.AbstractStorage save
INFO: &amp#27;[32mSave 89a916ba-15bf-4dfe-ba36-3ea08baf107a(uuid6284)
сент. 16, 2025 8:21:57 PM webapp.storage.AbstractStorage save
INFO: &amp#27;[32mSave 80bdc0f7-7ea6-4377-a442-cea1eb8b660a(uuid6285)
сент. 16, 2025 8:21:57 PM webapp.storage.AbstractStorage save
INFO: &amp#27;[32mSave 562c116a-6ce2-406c-acc9-a3a0cb4ec0c9(uuid6286)
сент. 16, 2025 8:21:57 PM webapp.storage.AbstractStorage save
INFO: &amp#27;[32mSave 687e86e5-b5b0-4360-af1c-4a89673d17e5(uuid6287)
сент. 16, 2025 8:21:57 PM webapp.storage.AbstractStorage save
INFO: &amp#27;[32mSave 28b2ce14-9120-4658-b477-99b38551d686(uuid6288)
сент. 16, 2025 8:21:57 PM webapp.storage.AbstractStorage save
INFO: &amp#27;[32mSave 99b06071-9037-4869-89d1-04ecb1d30c2f(uuid6289)
сент. 16, 2025 8:21:57 PM webapp.storage.AbstractStorage save
INFO: &amp#27;[32mSave 4c81cdfe-758b-4cee-84ac-9f499182834c(uuid6290)
сент. 16, 2025 8:21:57 PM webapp.storage.AbstractStorage save
INFO: &amp#27;[32mSave 0b3db30e-dcc5-4feb-bb7a-b2569f3865a9(uuid6291)
сент. 16, 2025 8:21:57 PM webapp.storage.AbstractStorage save
INFO: &amp#27;[32mSave bc9e616c-d8a8-4bae-91ca-9d1379dd0c1b(uuid6292)
сент. 16, 2025 8:21:57 PM webapp.storage.AbstractStorage save
INFO: &amp#27;[32mSave dee83081-39a0-4009-91da-c190c60f71a2(uuid6293)
сент. 16, 2025 8:21:57 PM webapp.storage.AbstractStorage save
INFO: &amp#27;[32mSave 5a242632-4904-4566-9fa3-1c369f4f0646(uuid6294)
сент. 16, 2025 8:21:57 PM webapp.storage.AbstractStorage save
INFO: &amp#27;[32mSave be62a73d-5698-418d-8b92-e7ddfae34206(uuid6295)
сент. 16, 2025 8:21:57 PM webapp.storage.AbstractStorage save
INFO: &amp#27;[32mSave 06c4476f-4c4b-4a82-abf0-9b1821b16a4b(uuid6296)
сент. 16, 2025 8:21:57 PM webapp.storage.AbstractStorage save
INFO: &amp#27;[32mSave 2c63c58b-0371-4ab9-9241-cfdb348fa4f5(uuid6297)
сент. 16, 2025 8:21:57 PM webapp.storage.AbstractStorage save
INFO: &amp#27;[32mSave d35e7e36-699a-4bcf-8b35-e92da732c383(uuid6298)
сент. 16, 2025 8:21:57 PM webapp.storage.AbstractStorage save
INFO: &amp#27;[32mSave 5b6f5a05-ef52-426b-8fd6-85f3ea03d224(uuid6299)
сент. 16, 2025 8:21:57 PM webapp.storage.AbstractStorage save
INFO: &amp#27;[32mSave 69749128-e515-4b86-912b-316803c01eed(uuid6300)
сент. 16, 2025 8:21:57 PM webapp.storage.AbstractStorage save
INFO: &amp#27;[32mSave d6ed57ac-1ddc-48cf-81f2-9eb0fb895ac0(uuid6301)
сент. 16, 2025 8:21:57 PM webapp.storage.AbstractStorage save
INFO: &amp#27;[32mSave 0d9f3dca-100d-4840-9739-b80ea40eb655(uuid6302)
сент. 16, 2025 8:21:57 PM webapp.storage.AbstractStorage save
INFO: &amp#27;[32mSave 9a622698-d4a4-4e70-9de5-f2eb47ffdc7b(uuid6303)
сент. 16, 2025 8:21:57 PM webapp.storage.AbstractStorage save
INFO: &amp#27;[32mSave 74e4591a-0830-46ff-8166-418f943da6bd(uuid6304)
сент. 16, 2025 8:21:57 PM webapp.storage.AbstractStorage save
INFO: &amp#27;[32mSave 797e7fe3-d8cc-4ec5-8959-762022298afa(uuid6305)
сент. 16, 2025 8:21:57 PM webapp.storage.AbstractStorage save
INFO: &amp#27;[32mSave 8d9d1b3a-fe85-48bd-9028-14cd72a4e91a(uuid6306)
сент. 16, 2025 8:21:57 PM webapp.storage.AbstractStorage save
INFO: &amp#27;[32mSave 2515966a-8e06-4451-bf6c-324c30bcf43f(uuid6307)
сент. 16, 2025 8:21:57 PM webapp.storage.AbstractStorage save
INFO: &amp#27;[32mSave c9dcd6cc-8dce-4f91-8387-1ff6d623011d(uuid6308)
сент. 16, 2025 8:21:57 PM webapp.storage.AbstractStorage save
INFO: &amp#27;[32mSave fbbbdfe2-e22e-4f2c-8cb1-d42f642548c6(uuid6309)
сент. 16, 2025 8:21:57 PM webapp.storage.AbstractStorage save
INFO: &amp#27;[32mSave 30262b62-05b2-4811-be11-3b635fab8bef(uuid6310)
сент. 16, 2025 8:21:57 PM webapp.storage.AbstractStorage save
INFO: &amp#27;[32mSave d2efb967-05ec-4eda-94e2-b84fd298ec7a(uuid6311)
сент. 16, 2025 8:21:57 PM webapp.storage.AbstractStorage save
INFO: &amp#27;[32mSave ec9df1a4-b386-4d5a-b4a1-ca76dc4138e1(uuid6312)
сент. 16, 2025 8:21:57 PM webapp.storage.AbstractStorage save
INFO: &amp#27;[32mSave 85cd25b2-f6ea-419f-8a32-0cfddd70b5f9(uuid6313)
сент. 16, 2025 8:21:57 PM webapp.storage.AbstractStorage save
INFO: &amp#27;[32mSave bdc748ff-a0f1-43e4-b237-c8a2027261d0(uuid6314)
сент. 16, 2025 8:21:57 PM webapp.storage.AbstractStorage save
INFO: &amp#27;[32mSave 9247c972-0d62-40c8-b639-5919887bbf7a(uuid6315)
сент. 16, 2025 8:21:57 PM webapp.storage.AbstractStorage save
INFO: &amp#27;[32mSave aebfae9e-c05d-4ae4-b588-bf3c023470ec(uuid6316)
сент. 16, 2025 8:21:57 PM webapp.storage.AbstractStorage save
INFO: &amp#27;[32mSave a0c4856e-9609-4172-a6ea-80855bb5955b(uuid6317)
сент. 16, 2025 8:21:57 PM webapp.storage.AbstractStorage save
INFO: &amp#27;[32mSave a0cb88df-39b7-4d1d-81ac-d46f8e306c8c(uuid6318)
сент. 16, 2025 8:21:57 PM webapp.storage.AbstractStorage save
INFO: &amp#27;[32mSave 2d1ab515-b209-413a-98c1-ae416d4c1d65(uuid6319)
сент. 16, 2025 8:21:57 PM webapp.storage.AbstractStorage save
INFO: &amp#27;[32mSave 187a89c1-a93c-4f57-9c9d-195f1c647fde(uuid6320)
сент. 16, 2025 8:21:57 PM webapp.storage.AbstractStorage save
INFO: &amp#27;[32mSave 8a6456c8-957d-4a85-8f64-9b0eaa674748(uuid6321)
сент. 16, 2025 8:21:57 PM webapp.storage.AbstractStorage save
INFO: &amp#27;[32mSave 1671c109-0011-4cdf-ad2d-43e69468cc73(uuid6322)
сент. 16, 2025 8:21:57 PM webapp.storage.AbstractStorage save
INFO: &amp#27;[32mSave 8fe705eb-b2e3-4ea5-a467-d437f273c723(uuid6323)
сент. 16, 2025 8:21:57 PM webapp.storage.AbstractStorage save
INFO: &amp#27;[32mSave 4db9c9ff-d9c9-4c6c-af61-e1f19c535535(uuid6324)
сент. 16, 2025 8:21:57 PM webapp.storage.AbstractStorage save
INFO: &amp#27;[32mSave 7fe2dea4-1e43-4257-b805-d14fbc6edd58(uuid6325)
сент. 16, 2025 8:21:57 PM webapp.storage.AbstractStorage save
INFO: &amp#27;[32mSave 975e5bde-203a-4ce1-bc36-6d412f729d63(uuid6326)
сент. 16, 2025 8:21:57 PM webapp.storage.AbstractStorage save
INFO: &amp#27;[32mSave b2812ba4-7c2d-4096-a43a-c90ec1b900b6(uuid6327)
сент. 16, 2025 8:21:57 PM webapp.storage.AbstractStorage save
INFO: &amp#27;[32mSave f57de163-6ce8-4c63-bba3-1f0f0a3fe8c4(uuid6328)
сент. 16, 2025 8:21:57 PM webapp.storage.AbstractStorage save
INFO: &amp#27;[32mSave f3391d75-7506-4bf3-85e9-b6a240371b83(uuid6329)
сент. 16, 2025 8:21:57 PM webapp.storage.AbstractStorage save
INFO: &amp#27;[32mSave 020d5281-5218-4ce6-86c0-416bca0556bd(uuid6330)
сент. 16, 2025 8:21:57 PM webapp.storage.AbstractStorage save
INFO: &amp#27;[32mSave df291366-3030-4f2c-a22a-0b546a06c9b6(uuid6331)
сент. 16, 2025 8:21:57 PM webapp.storage.AbstractStorage save
INFO: &amp#27;[32mSave 6309f00f-84ba-46d5-9461-6afbabf0f411(uuid6332)
сент. 16, 2025 8:21:57 PM webapp.storage.AbstractStorage save
INFO: &amp#27;[32mSave 77901aed-2932-406a-ae06-9430dfc4e735(uuid6333)
сент. 16, 2025 8:21:57 PM webapp.storage.AbstractStorage save
INFO: &amp#27;[32mSave 6b2085c0-3f0b-498e-bc9f-890e2b55fb4e(uuid6334)
сент. 16, 2025 8:21:57 PM webapp.storage.AbstractStorage save
INFO: &amp#27;[32mSave b6d20e69-f891-4b0c-98c3-3c3669701a0d(uuid6335)
сент. 16, 2025 8:21:57 PM webapp.storage.AbstractStorage save
INFO: &amp#27;[32mSave ed83e218-566c-437d-a361-c3e3e407107e(uuid6336)
сент. 16, 2025 8:21:57 PM webapp.storage.AbstractStorage save
INFO: &amp#27;[32mSave fa4572f2-4950-4fc4-b584-fd674f1c3507(uuid6337)
сент. 16, 2025 8:21:57 PM webapp.storage.AbstractStorage save
INFO: &amp#27;[32mSave fcdd5162-5fae-4383-be4c-d89553b65ae3(uuid6338)
сент. 16, 2025 8:21:57 PM webapp.storage.AbstractStorage save
INFO: &amp#27;[32mSave 68c22496-db24-4761-a057-af3acd44d3f4(uuid6339)
сент. 16, 2025 8:21:57 PM webapp.storage.AbstractStorage save
INFO: &amp#27;[32mSave 73896ed4-61a5-40f4-80a6-f704f2f4ca5b(uuid6340)
сент. 16, 2025 8:21:57 PM webapp.storage.AbstractStorage save
INFO: &amp#27;[32mSave acaf5de3-bfe2-45e3-ab72-7a2227b2978c(uuid6341)
сент. 16, 2025 8:21:57 PM webapp.storage.AbstractStorage save
INFO: &amp#27;[32mSave 162cf666-8161-4d02-b3b5-746f202e30b8(uuid6342)
сент. 16, 2025 8:21:57 PM webapp.storage.AbstractStorage save
INFO: &amp#27;[32mSave c45536c3-22c0-4f67-99ca-5eddac64c4d4(uuid6343)
сент. 16, 2025 8:21:57 PM webapp.storage.AbstractStorage save
INFO: &amp#27;[32mSave 39debf68-0bdf-4f4d-9a86-09d917482c70(uuid6344)
сент. 16, 2025 8:21:57 PM webapp.storage.AbstractStorage save
INFO: &amp#27;[32mSave 65497549-abb2-4466-8e15-053fbdebb1c7(uuid6345)
сент. 16, 2025 8:21:57 PM webapp.storage.AbstractStorage save
INFO: &amp#27;[32mSave a093c71c-2e96-4f39-b6df-b03b0dde48ac(uuid6346)
сент. 16, 2025 8:21:57 PM webapp.storage.AbstractStorage save
INFO: &amp#27;[32mSave 4ae524c4-7178-43d7-8e9e-cc25db3df663(uuid6347)
сент. 16, 2025 8:21:57 PM webapp.storage.AbstractStorage save
INFO: &amp#27;[32mSave 31e062e4-19c9-449f-b851-5dfaf71ba4de(uuid6348)
сент. 16, 2025 8:21:57 PM webapp.storage.AbstractStorage save
INFO: &amp#27;[32mSave eb97bbc1-926a-49d3-abab-f752c21e15a8(uuid6349)
сент. 16, 2025 8:21:57 PM webapp.storage.AbstractStorage save
INFO: &amp#27;[32mSave 351842b1-15f4-4527-bff4-1a8f7d51055d(uuid6350)
сент. 16, 2025 8:21:57 PM webapp.storage.AbstractStorage save
INFO: &amp#27;[32mSave 294cfb6d-bb0b-4fda-b2d7-a31dbae5b65f(uuid6351)
сент. 16, 2025 8:21:57 PM webapp.storage.AbstractStorage save
INFO: &amp#27;[32mSave e77499a2-5ea4-40be-b2f7-35ec804675f1(uuid6352)
сент. 16, 2025 8:21:57 PM webapp.storage.AbstractStorage save
INFO: &amp#27;[32mSave 8af1e643-3b52-45f9-a448-5d0335464884(uuid6353)
сент. 16, 2025 8:21:57 PM webapp.storage.AbstractStorage save
INFO: &amp#27;[32mSave 146d68ef-700a-4174-8151-c2765ec4886d(uuid6354)
сент. 16, 2025 8:21:57 PM webapp.storage.AbstractStorage save
INFO: &amp#27;[32mSave cb5b9b30-473d-4d66-8d06-b9e22f3a73d9(uuid6355)
сент. 16, 2025 8:21:57 PM webapp.storage.AbstractStorage save
INFO: &amp#27;[32mSave 9992e50c-a0e1-4c05-a6c5-64df2b8611d8(uuid6356)
сент. 16, 2025 8:21:57 PM webapp.storage.AbstractStorage save
INFO: &amp#27;[32mSave aab05dca-066c-4935-92fd-1b27b16c6a20(uuid6357)
сент. 16, 2025 8:21:57 PM webapp.storage.AbstractStorage save
INFO: &amp#27;[32mSave 4f44532c-cc8d-4d1f-8f9f-9c7334e210ce(uuid6358)
сент. 16, 2025 8:21:57 PM webapp.storage.AbstractStorage save
INFO: &amp#27;[32mSave fd9cf7d2-9e58-4382-a3d0-557b6fc6fc94(uuid6359)
сент. 16, 2025 8:21:57 PM webapp.storage.AbstractStorage save
INFO: &amp#27;[32mSave b0ce26d5-5f34-42dd-87f1-9b8ec624f7c3(uuid6360)
сент. 16, 2025 8:21:57 PM webapp.storage.AbstractStorage save
INFO: &amp#27;[32mSave b48dd796-6c4d-417a-96c6-859b0a8bd1ce(uuid6361)
сент. 16, 2025 8:21:57 PM webapp.storage.AbstractStorage save
INFO: &amp#27;[32mSave 1c9e28a7-7734-44b4-9b5e-55ef8bc59062(uuid6362)
сент. 16, 2025 8:21:57 PM webapp.storage.AbstractStorage save
INFO: &amp#27;[32mSave e465704d-3b15-43aa-b760-b68249249232(uuid6363)
сент. 16, 2025 8:21:57 PM webapp.storage.AbstractStorage save
INFO: &amp#27;[32mSave b60bb725-f0b2-4c26-a5aa-dc43626b8b9b(uuid6364)
сент. 16, 2025 8:21:57 PM webapp.storage.AbstractStorage save
INFO: &amp#27;[32mSave c8df49a6-f950-43ac-9d8d-9767603a5b46(uuid6365)
сент. 16, 2025 8:21:57 PM webapp.storage.AbstractStorage save
INFO: &amp#27;[32mSave 94c2a79c-f8b9-40f5-8950-66b32f2768f2(uuid6366)
сент. 16, 2025 8:21:57 PM webapp.storage.AbstractStorage save
INFO: &amp#27;[32mSave 4ba1e1c2-9687-48ad-8879-ae2c4fa60785(uuid6367)
сент. 16, 2025 8:21:57 PM webapp.storage.AbstractStorage save
INFO: &amp#27;[32mSave 3b2cc2a1-ebe3-49fc-87a7-420635dbdb5a(uuid6368)
сент. 16, 2025 8:21:57 PM webapp.storage.AbstractStorage save
INFO: &amp#27;[32mSave 1c94e955-55bf-48f7-914c-b5a766a084eb(uuid6369)
сент. 16, 2025 8:21:57 PM webapp.storage.AbstractStorage save
INFO: &amp#27;[32mSave aacfb859-f184-4841-a837-ab8981d9de61(uuid6370)
сент. 16, 2025 8:21:57 PM webapp.storage.AbstractStorage save
INFO: &amp#27;[32mSave 5fd510ba-554b-4051-b80b-ebfb9940664d(uuid6371)
сент. 16, 2025 8:21:57 PM webapp.storage.AbstractStorage save
INFO: &amp#27;[32mSave be0c1fba-8395-4e05-a7da-fb3cb0f45447(uuid6372)
сент. 16, 2025 8:21:57 PM webapp.storage.AbstractStorage save
INFO: &amp#27;[32mSave fbabde2b-3133-4f3c-b627-ed59760ac45a(uuid6373)
сент. 16, 2025 8:21:57 PM webapp.storage.AbstractStorage save
INFO: &amp#27;[32mSave b9eb0fcd-92b5-4182-8b95-6960958f5704(uuid6374)
сент. 16, 2025 8:21:57 PM webapp.storage.AbstractStorage save
INFO: &amp#27;[32mSave 8e305fc6-367c-4b57-916d-d71a873fa9aa(uuid6375)
сент. 16, 2025 8:21:57 PM webapp.storage.AbstractStorage save
INFO: &amp#27;[32mSave 57eccc23-f3fe-409b-9ebc-51df83846928(uuid6376)
сент. 16, 2025 8:21:57 PM webapp.storage.AbstractStorage save
INFO: &amp#27;[32mSave 0a7d1f3a-640b-4489-adf4-289f1573f0a0(uuid6377)
сент. 16, 2025 8:21:57 PM webapp.storage.AbstractStorage save
INFO: &amp#27;[32mSave 4df119d7-5940-496f-b853-afc1cf782327(uuid6378)
сент. 16, 2025 8:21:57 PM webapp.storage.AbstractStorage save
INFO: &amp#27;[32mSave abaaeb24-bbcf-4237-855a-a2ba4cc34a21(uuid6379)
сент. 16, 2025 8:21:57 PM webapp.storage.AbstractStorage save
INFO: &amp#27;[32mSave b95ee4a3-c4a0-4381-b2cc-a22dd0bb56f7(uuid6380)
сент. 16, 2025 8:21:57 PM webapp.storage.AbstractStorage save
INFO: &amp#27;[32mSave b8060fb6-44e4-481e-bc2c-80debfbb5729(uuid6381)
сент. 16, 2025 8:21:57 PM webapp.storage.AbstractStorage save
INFO: &amp#27;[32mSave 0bd2c701-d6eb-4fe6-97ff-7ee3bbb97621(uuid6382)
сент. 16, 2025 8:21:57 PM webapp.storage.AbstractStorage save
INFO: &amp#27;[32mSave 8aea6886-211e-4924-84ad-a5ca969f2f61(uuid6383)
сент. 16, 2025 8:21:57 PM webapp.storage.AbstractStorage save
INFO: &amp#27;[32mSave 756d15d6-d122-4804-a8c4-4a34ff38b8de(uuid6384)
сент. 16, 2025 8:21:57 PM webapp.storage.AbstractStorage save
INFO: &amp#27;[32mSave 42307a00-f562-45be-9499-ea28f2c2867a(uuid6385)
сент. 16, 2025 8:21:57 PM webapp.storage.AbstractStorage save
INFO: &amp#27;[32mSave 6a498d44-d7b7-4931-8db2-3ff3380c42ed(uuid6386)
сент. 16, 2025 8:21:57 PM webapp.storage.AbstractStorage save
INFO: &amp#27;[32mSave 1cb459ce-00d3-47e1-bde9-83cbd2283384(uuid6387)
сент. 16, 2025 8:21:57 PM webapp.storage.AbstractStorage save
INFO: &amp#27;[32mSave 437af47f-1249-4e63-8169-c1915751c671(uuid6388)
сент. 16, 2025 8:21:57 PM webapp.storage.AbstractStorage save
INFO: &amp#27;[32mSave 158d7f44-0e26-4001-94a2-68c740170291(uuid6389)
сент. 16, 2025 8:21:57 PM webapp.storage.AbstractStorage save
INFO: &amp#27;[32mSave b6ef6f27-2ef4-4c74-bf72-bd6c7a70b644(uuid6390)
сент. 16, 2025 8:21:57 PM webapp.storage.AbstractStorage save
INFO: &amp#27;[32mSave 017812e1-0c57-4fd8-ac43-4e1e65f660e2(uuid6391)
сент. 16, 2025 8:21:57 PM webapp.storage.AbstractStorage save
INFO: &amp#27;[32mSave 1201dc94-c391-4f0a-b207-8cc9981ef181(uuid6392)
сент. 16, 2025 8:21:57 PM webapp.storage.AbstractStorage save
INFO: &amp#27;[32mSave ecccdc11-809e-4ad7-8d01-03cbdc7cb022(uuid6393)
сент. 16, 2025 8:21:57 PM webapp.storage.AbstractStorage save
INFO: &amp#27;[32mSave d2371c97-e94b-4000-ad16-8335db3dde5e(uuid6394)
сент. 16, 2025 8:21:57 PM webapp.storage.AbstractStorage save
INFO: &amp#27;[32mSave 29663d98-ab0b-4908-83bd-3a1ef4af4262(uuid6395)
сент. 16, 2025 8:21:57 PM webapp.storage.AbstractStorage save
INFO: &amp#27;[32mSave 49d941b9-3b88-4570-b8d5-7dac288b5bbc(uuid6396)
сент. 16, 2025 8:21:57 PM webapp.storage.AbstractStorage save
INFO: &amp#27;[32mSave 5c23bc72-391e-4485-a441-e087a63fadce(uuid6397)
сент. 16, 2025 8:21:57 PM webapp.storage.AbstractStorage save
INFO: &amp#27;[32mSave 5e265773-0897-4cdc-9279-2c72b25affc8(uuid6398)
сент. 16, 2025 8:21:57 PM webapp.storage.AbstractStorage save
INFO: &amp#27;[32mSave 176cd939-bb13-4ef2-a6b9-4541bb2b37bc(uuid6399)
сент. 16, 2025 8:21:57 PM webapp.storage.AbstractStorage save
INFO: &amp#27;[32mSave 0dafdcfd-b0f0-4e1e-b844-1f8606d6a355(uuid6400)
сент. 16, 2025 8:21:57 PM webapp.storage.AbstractStorage save
INFO: &amp#27;[32mSave 918e0e7f-9207-4bee-b2fb-067739d2924b(uuid6401)
сент. 16, 2025 8:21:57 PM webapp.storage.AbstractStorage save
INFO: &amp#27;[32mSave c0d2bbd5-47ca-4c33-aea1-79547e3e7563(uuid6402)
сент. 16, 2025 8:21:57 PM webapp.storage.AbstractStorage save
INFO: &amp#27;[32mSave 825b4272-7c74-4abb-a199-65c70431931b(uuid6403)
сент. 16, 2025 8:21:57 PM webapp.storage.AbstractStorage save
INFO: &amp#27;[32mSave e78eb28b-3f1c-4d85-a7b3-1e3d9dad0055(uuid6404)
сент. 16, 2025 8:21:57 PM webapp.storage.AbstractStorage save
INFO: &amp#27;[32mSave 41679af1-77e7-4843-a4dc-416a448d649f(uuid6405)
сент. 16, 2025 8:21:57 PM webapp.storage.AbstractStorage save
INFO: &amp#27;[32mSave 17336363-5310-4ca8-ba48-d0b4ef369d21(uuid6406)
сент. 16, 2025 8:21:57 PM webapp.storage.AbstractStorage save
INFO: &amp#27;[32mSave 3711e15e-b149-4f38-b21f-22278c5bf7eb(uuid6407)
сент. 16, 2025 8:21:57 PM webapp.storage.AbstractStorage save
INFO: &amp#27;[32mSave 07dea7b3-0f49-470b-aad3-4bfefa4edd97(uuid6408)
сент. 16, 2025 8:21:57 PM webapp.storage.AbstractStorage save
INFO: &amp#27;[32mSave 628efc69-4f25-4d54-967d-53215a1457b9(uuid6409)
сент. 16, 2025 8:21:57 PM webapp.storage.AbstractStorage save
INFO: &amp#27;[32mSave 8a494228-ed84-441a-b056-3a66fd0c5e85(uuid6410)
сент. 16, 2025 8:21:57 PM webapp.storage.AbstractStorage save
INFO: &amp#27;[32mSave 71a0bce6-5076-4b8a-aef0-090185c5c574(uuid6411)
сент. 16, 2025 8:21:57 PM webapp.storage.AbstractStorage save
INFO: &amp#27;[32mSave 2c2f3c7c-fc4b-4ebe-8298-1b12f246083f(uuid6412)
сент. 16, 2025 8:21:57 PM webapp.storage.AbstractStorage save
INFO: &amp#27;[32mSave 7bb44cba-5351-4517-b9aa-d9df1ba7156a(uuid6413)
сент. 16, 2025 8:21:57 PM webapp.storage.AbstractStorage save
INFO: &amp#27;[32mSave 2b4555b7-b2b4-422f-9d00-4db97f406b77(uuid6414)
сент. 16, 2025 8:21:57 PM webapp.storage.AbstractStorage save
INFO: &amp#27;[32mSave 3e56b67a-1856-49ac-9884-3578af30f07a(uuid6415)
сент. 16, 2025 8:21:57 PM webapp.storage.AbstractStorage save
INFO: &amp#27;[32mSave 0b785475-c725-4e8a-9ef9-6c977ddbb6b0(uuid6416)
сент. 16, 2025 8:21:57 PM webapp.storage.AbstractStorage save
INFO: &amp#27;[32mSave 27bc7248-54d8-4248-b595-af5f53a85dee(uuid6417)
сент. 16, 2025 8:21:57 PM webapp.storage.AbstractStorage save
INFO: &amp#27;[32mSave 970c9168-1e35-439e-863b-723e6f07b10d(uuid6418)
сент. 16, 2025 8:21:57 PM webapp.storage.AbstractStorage save
INFO: &amp#27;[32mSave c3913361-45df-45d0-ba83-a2a928bac2ca(uuid6419)
сент. 16, 2025 8:21:57 PM webapp.storage.AbstractStorage save
INFO: &amp#27;[32mSave 173dd75f-ab00-48b2-9eca-6ea26c8a90a6(uuid6420)
сент. 16, 2025 8:21:57 PM webapp.storage.AbstractStorage save
INFO: &amp#27;[32mSave e212c75f-ae10-4524-80ca-dff27178ca5a(uuid6421)
сент. 16, 2025 8:21:57 PM webapp.storage.AbstractStorage save
INFO: &amp#27;[32mSave c406c2a3-c504-475a-b49d-c2d817e78342(uuid6422)
сент. 16, 2025 8:21:57 PM webapp.storage.AbstractStorage save
INFO: &amp#27;[32mSave c46d0da8-9242-456c-871d-2cf454fce97e(uuid6423)
сент. 16, 2025 8:21:57 PM webapp.storage.AbstractStorage save
INFO: &amp#27;[32mSave 71a2aae9-00f0-4721-bf89-16bbb8360eb8(uuid6424)
сент. 16, 2025 8:21:57 PM webapp.storage.AbstractStorage save
INFO: &amp#27;[32mSave 5baece28-d0c7-475d-a128-70bc9425ec4c(uuid6425)
сент. 16, 2025 8:21:57 PM webapp.storage.AbstractStorage save
INFO: &amp#27;[32mSave a2ef56a1-a6d7-4976-8201-060f3240747c(uuid6426)
сент. 16, 2025 8:21:57 PM webapp.storage.AbstractStorage save
INFO: &amp#27;[32mSave fdf1fa60-bc19-4779-a84c-d66056e9cddb(uuid6427)
сент. 16, 2025 8:21:57 PM webapp.storage.AbstractStorage save
INFO: &amp#27;[32mSave 9871a4bb-d34d-4f06-8965-13c520809d63(uuid6428)
сент. 16, 2025 8:21:57 PM webapp.storage.AbstractStorage save
INFO: &amp#27;[32mSave a9c7c4b7-e595-4f3e-8251-bd2876cc0e7d(uuid6429)
сент. 16, 2025 8:21:57 PM webapp.storage.AbstractStorage save
INFO: &amp#27;[32mSave bfd98572-e176-401d-baed-0e15572aaf77(uuid6430)
сент. 16, 2025 8:21:57 PM webapp.storage.AbstractStorage save
INFO: &amp#27;[32mSave 1446afaa-38ea-4849-a73b-f5755694c3ec(uuid6431)
сент. 16, 2025 8:21:57 PM webapp.storage.AbstractStorage save
INFO: &amp#27;[32mSave 9d0eebed-e41f-4cbf-82f3-11051aa1b6f2(uuid6432)
сент. 16, 2025 8:21:57 PM webapp.storage.AbstractStorage save
INFO: &amp#27;[32mSave 09d244b7-1b75-4782-baac-12079e1ad6c5(uuid6433)
сент. 16, 2025 8:21:57 PM webapp.storage.AbstractStorage save
INFO: &amp#27;[32mSave 930a3a5a-ccf9-4c53-99cc-83f6ade23f38(uuid6434)
сент. 16, 2025 8:21:57 PM webapp.storage.AbstractStorage save
INFO: &amp#27;[32mSave 0e63c34d-81e9-464a-9ed0-39603de0d183(uuid6435)
сент. 16, 2025 8:21:57 PM webapp.storage.AbstractStorage save
INFO: &amp#27;[32mSave a7c8e661-7e10-436a-9261-6bb11ca1bb90(uuid6436)
сент. 16, 2025 8:21:57 PM webapp.storage.AbstractStorage save
INFO: &amp#27;[32mSave e6fa8d82-dfb4-4430-a1e0-457cec12a021(uuid6437)
сент. 16, 2025 8:21:57 PM webapp.storage.AbstractStorage save
INFO: &amp#27;[32mSave ebc7d8bb-9524-4ec2-8532-f6944f3ed118(uuid6438)
сент. 16, 2025 8:21:57 PM webapp.storage.AbstractStorage save
INFO: &amp#27;[32mSave b278f55e-6243-44bd-a9dd-4d1b2cc890ba(uuid6439)
сент. 16, 2025 8:21:57 PM webapp.storage.AbstractStorage save
INFO: &amp#27;[32mSave e33b664f-0ec0-4140-a6e4-d71ad8da62ef(uuid6440)
сент. 16, 2025 8:21:57 PM webapp.storage.AbstractStorage save
INFO: &amp#27;[32mSave dd560393-2b94-4f2c-b26c-b877e8e370c5(uuid6441)
сент. 16, 2025 8:21:57 PM webapp.storage.AbstractStorage save
INFO: &amp#27;[32mSave a6ee634c-fd58-44c1-bbd9-0408cacb7dce(uuid6442)
сент. 16, 2025 8:21:57 PM webapp.storage.AbstractStorage save
INFO: &amp#27;[32mSave 962b754f-09a6-47f2-87c0-538341dfbbd3(uuid6443)
сент. 16, 2025 8:21:57 PM webapp.storage.AbstractStorage save
INFO: &amp#27;[32mSave f58f3791-c836-463e-b6d2-164370c42903(uuid6444)
сент. 16, 2025 8:21:57 PM webapp.storage.AbstractStorage save
INFO: &amp#27;[32mSave b48e37f9-19a9-4343-a711-aeafd132159d(uuid6445)
сент. 16, 2025 8:21:57 PM webapp.storage.AbstractStorage save
INFO: &amp#27;[32mSave f596f95b-56f4-4d05-97b3-4dd3fcf9af3b(uuid6446)
сент. 16, 2025 8:21:57 PM webapp.storage.AbstractStorage save
INFO: &amp#27;[32mSave a813a9e2-381d-4de8-a65a-844b9b5a56dc(uuid6447)
сент. 16, 2025 8:21:57 PM webapp.storage.AbstractStorage save
INFO: &amp#27;[32mSave c563befa-2ac8-4752-8992-2dc07404eae2(uuid6448)
сент. 16, 2025 8:21:57 PM webapp.storage.AbstractStorage save
INFO: &amp#27;[32mSave 36951364-5649-470c-a9d8-a0c6163f0152(uuid6449)
сент. 16, 2025 8:21:57 PM webapp.storage.AbstractStorage save
INFO: &amp#27;[32mSave 22fe718f-4f8f-4898-a4eb-96066216da75(uuid6450)
сент. 16, 2025 8:21:57 PM webapp.storage.AbstractStorage save
INFO: &amp#27;[32mSave a609a6da-d09a-4d7d-92ec-3b1e85050dc7(uuid6451)
сент. 16, 2025 8:21:57 PM webapp.storage.AbstractStorage save
INFO: &amp#27;[32mSave f640df09-11d1-4747-8c61-e8baa1d88fe2(uuid6452)
сент. 16, 2025 8:21:57 PM webapp.storage.AbstractStorage save
INFO: &amp#27;[32mSave 071971d4-f9ea-4dc0-9470-ef712e777540(uuid6453)
сент. 16, 2025 8:21:57 PM webapp.storage.AbstractStorage save
INFO: &amp#27;[32mSave c3feb87c-9b9a-41d4-9979-a0a20d07e79c(uuid6454)
сент. 16, 2025 8:21:57 PM webapp.storage.AbstractStorage save
INFO: &amp#27;[32mSave e902da79-7b79-4d4b-a133-1e17fb89f29d(uuid6455)
сент. 16, 2025 8:21:57 PM webapp.storage.AbstractStorage save
INFO: &amp#27;[32mSave 6e3af870-a94e-435e-aa65-22c62f578133(uuid6456)
сент. 16, 2025 8:21:57 PM webapp.storage.AbstractStorage save
INFO: &amp#27;[32mSave 6547c0f3-873b-4918-93c2-ac8f79dbdece(uuid6457)
сент. 16, 2025 8:21:57 PM webapp.storage.AbstractStorage save
INFO: &amp#27;[32mSave e642a5fe-93e7-4ec1-96dc-7ecd128b8115(uuid6458)
сент. 16, 2025 8:21:57 PM webapp.storage.AbstractStorage save
INFO: &amp#27;[32mSave c834d8f9-6d02-4623-b6dd-2573e629a898(uuid6459)
сент. 16, 2025 8:21:57 PM webapp.storage.AbstractStorage save
INFO: &amp#27;[32mSave dd64c513-b94a-4d42-a3a2-7dbd1077b03a(uuid6460)
сент. 16, 2025 8:21:57 PM webapp.storage.AbstractStorage save
INFO: &amp#27;[32mSave 6a9c2bc8-ff88-41b3-9d0f-93b7ab7a7fbc(uuid6461)
сент. 16, 2025 8:21:57 PM webapp.storage.AbstractStorage save
INFO: &amp#27;[32mSave 784af5c4-f544-44b9-a066-721dd4d62f4e(uuid6462)
сент. 16, 2025 8:21:57 PM webapp.storage.AbstractStorage save
INFO: &amp#27;[32mSave bbf0ea83-0dca-4cac-9686-04e05a1c1255(uuid6463)
сент. 16, 2025 8:21:57 PM webapp.storage.AbstractStorage save
INFO: &amp#27;[32mSave eeb247de-50dc-456e-b20c-fafdb876d363(uuid6464)
сент. 16, 2025 8:21:57 PM webapp.storage.AbstractStorage save
INFO: &amp#27;[32mSave ee173a94-0ac2-4fb1-a354-9cb9e283b580(uuid6465)
сент. 16, 2025 8:21:57 PM webapp.storage.AbstractStorage save
INFO: &amp#27;[32mSave a167aaf9-cfb3-4849-9251-aa7f94675ea1(uuid6466)
сент. 16, 2025 8:21:57 PM webapp.storage.AbstractStorage save
INFO: &amp#27;[32mSave ac64c6de-9256-4d22-864a-3c39f4fab6cb(uuid6467)
сент. 16, 2025 8:21:57 PM webapp.storage.AbstractStorage save
INFO: &amp#27;[32mSave bc4df566-c3fd-4ecc-ac0f-87b83b813c72(uuid6468)
сент. 16, 2025 8:21:57 PM webapp.storage.AbstractStorage save
INFO: &amp#27;[32mSave b0491b93-873f-477c-b4cf-ae3f9356d9cd(uuid6469)
сент. 16, 2025 8:21:57 PM webapp.storage.AbstractStorage save
INFO: &amp#27;[32mSave 827c656b-6dca-4bfb-be28-71be6b04e62e(uuid6470)
сент. 16, 2025 8:21:57 PM webapp.storage.AbstractStorage save
INFO: &amp#27;[32mSave 65aa3fbd-99c4-4a9f-828c-6e7d69f2b067(uuid6471)
сент. 16, 2025 8:21:57 PM webapp.storage.AbstractStorage save
INFO: &amp#27;[32mSave 9848a84c-59c8-4e55-8251-2fbf4e0f1e25(uuid6472)
сент. 16, 2025 8:21:57 PM webapp.storage.AbstractStorage save
INFO: &amp#27;[32mSave 40e31ea8-fb11-4ff4-847c-0a13492deb80(uuid6473)
сент. 16, 2025 8:21:57 PM webapp.storage.AbstractStorage save
INFO: &amp#27;[32mSave 47577f17-a7a7-4aff-aede-a7f5d89871cd(uuid6474)
сент. 16, 2025 8:21:57 PM webapp.storage.AbstractStorage save
INFO: &amp#27;[32mSave 2ea57583-1bf5-4d0c-8664-ab71a18c3110(uuid6475)
сент. 16, 2025 8:21:57 PM webapp.storage.AbstractStorage save
INFO: &amp#27;[32mSave 2c52efbd-e389-4ec3-9239-38d8bebd42ef(uuid6476)
сент. 16, 2025 8:21:57 PM webapp.storage.AbstractStorage save
INFO: &amp#27;[32mSave 016f00e6-11a0-4a37-b1e4-39b48d450d60(uuid6477)
сент. 16, 2025 8:21:57 PM webapp.storage.AbstractStorage save
INFO: &amp#27;[32mSave 78fb392f-98fd-4cb0-ab3d-5f4a32522dd1(uuid6478)
сент. 16, 2025 8:21:57 PM webapp.storage.AbstractStorage save
INFO: &amp#27;[32mSave c38e718b-5a4f-42a9-a9a9-30e984d259e3(uuid6479)
сент. 16, 2025 8:21:57 PM webapp.storage.AbstractStorage save
INFO: &amp#27;[32mSave fe7c5f10-368e-46ab-8d8d-0602d22eb5b6(uuid6480)
сент. 16, 2025 8:21:57 PM webapp.storage.AbstractStorage save
INFO: &amp#27;[32mSave 2aacfc55-6d81-4cb1-851d-f9cb460db79d(uuid6481)
сент. 16, 2025 8:21:57 PM webapp.storage.AbstractStorage save
INFO: &amp#27;[32mSave 3e907f3e-fa8a-45c6-be23-9dee64d7c250(uuid6482)
сент. 16, 2025 8:21:57 PM webapp.storage.AbstractStorage save
INFO: &amp#27;[32mSave 197c54fd-298d-4098-9a21-8d636eeec740(uuid6483)
сент. 16, 2025 8:21:57 PM webapp.storage.AbstractStorage save
INFO: &amp#27;[32mSave e5ddfaf3-bfd3-4b08-b117-def1ae3194c3(uuid6484)
сент. 16, 2025 8:21:57 PM webapp.storage.AbstractStorage save
INFO: &amp#27;[32mSave 6f415752-cfef-4afd-b49f-be9a61023d9d(uuid6485)
сент. 16, 2025 8:21:57 PM webapp.storage.AbstractStorage save
INFO: &amp#27;[32mSave 621e3718-fd1a-4184-8c7d-3a0de76fb050(uuid6486)
сент. 16, 2025 8:21:57 PM webapp.storage.AbstractStorage save
INFO: &amp#27;[32mSave ff26e389-c3a2-4e84-bb8f-eb893090952a(uuid6487)
сент. 16, 2025 8:21:57 PM webapp.storage.AbstractStorage save
INFO: &amp#27;[32mSave 578536c0-1b31-401b-953b-22d85a2258ea(uuid6488)
сент. 16, 2025 8:21:57 PM webapp.storage.AbstractStorage save
INFO: &amp#27;[32mSave b73d641b-6e8b-4e26-822a-f42450a8299c(uuid6489)
сент. 16, 2025 8:21:57 PM webapp.storage.AbstractStorage save
INFO: &amp#27;[32mSave e24f1a1b-5673-4c60-91d6-cebe4e11ea5a(uuid6490)
сент. 16, 2025 8:21:57 PM webapp.storage.AbstractStorage save
INFO: &amp#27;[32mSave c70e9691-f1cb-4727-8cdb-5a4ff0dfb352(uuid6491)
сент. 16, 2025 8:21:57 PM webapp.storage.AbstractStorage save
INFO: &amp#27;[32mSave c0a50480-f1da-4b48-97a3-ee19d9c2dc33(uuid6492)
сент. 16, 2025 8:21:57 PM webapp.storage.AbstractStorage save
INFO: &amp#27;[32mSave 1c0d6588-2ec0-40a0-81bf-3029cad3fd64(uuid6493)
сент. 16, 2025 8:21:57 PM webapp.storage.AbstractStorage save
INFO: &amp#27;[32mSave d939a669-c6a9-4d8b-8e7a-0bafc74cd6c0(uuid6494)
сент. 16, 2025 8:21:57 PM webapp.storage.AbstractStorage save
INFO: &amp#27;[32mSave 422c7eb7-4297-4afa-9ff8-9b70990d6027(uuid6495)
сент. 16, 2025 8:21:57 PM webapp.storage.AbstractStorage save
INFO: &amp#27;[32mSave 63ed35d3-2d56-4dc8-a47a-d954ada5dd0f(uuid6496)
сент. 16, 2025 8:21:57 PM webapp.storage.AbstractStorage save
INFO: &amp#27;[32mSave 8be3c7e3-f9bb-4a8a-a2f3-a239cb70f86d(uuid6497)
сент. 16, 2025 8:21:57 PM webapp.storage.AbstractStorage save
INFO: &amp#27;[32mSave fefbf2aa-1807-4f9c-ba34-35a3770292ff(uuid6498)
сент. 16, 2025 8:21:57 PM webapp.storage.AbstractStorage save
INFO: &amp#27;[32mSave 5e9177f5-88dc-4207-bdc6-47e30d959381(uuid6499)
сент. 16, 2025 8:21:57 PM webapp.storage.AbstractStorage save
INFO: &amp#27;[32mSave 6da8cb5b-a809-4dd4-9a96-9cee153b9637(uuid6500)
сент. 16, 2025 8:21:57 PM webapp.storage.AbstractStorage save
INFO: &amp#27;[32mSave 61f4f28a-8ac9-4855-926d-a0eb9d4bfddd(uuid6501)
сент. 16, 2025 8:21:57 PM webapp.storage.AbstractStorage save
INFO: &amp#27;[32mSave 57176b8f-5829-43f1-ab4a-82dfb7ecf1ef(uuid6502)
сент. 16, 2025 8:21:57 PM webapp.storage.AbstractStorage save
INFO: &amp#27;[32mSave 48c6aa7c-38c5-4c55-9a18-28cfe3625706(uuid6503)
сент. 16, 2025 8:21:57 PM webapp.storage.AbstractStorage save
INFO: &amp#27;[32mSave 32ecdf94-f7b9-4932-9f04-feb4aab69cfd(uuid6504)
сент. 16, 2025 8:21:57 PM webapp.storage.AbstractStorage save
INFO: &amp#27;[32mSave fb7a06b8-5145-4e03-9a88-6dc367e671fa(uuid6505)
сент. 16, 2025 8:21:57 PM webapp.storage.AbstractStorage save
INFO: &amp#27;[32mSave d1d613f6-5614-48a7-aaea-f1e979977d32(uuid6506)
сент. 16, 2025 8:21:57 PM webapp.storage.AbstractStorage save
INFO: &amp#27;[32mSave 8ad0c991-a763-44bd-aabe-b166ec3d1ad0(uuid6507)
сент. 16, 2025 8:21:57 PM webapp.storage.AbstractStorage save
INFO: &amp#27;[32mSave 866036f6-98bf-4d6d-8171-9039754e353a(uuid6508)
сент. 16, 2025 8:21:57 PM webapp.storage.AbstractStorage save
INFO: &amp#27;[32mSave bc179701-ffc5-4cc1-b56c-2f7ae2be9f25(uuid6509)
сент. 16, 2025 8:21:57 PM webapp.storage.AbstractStorage save
INFO: &amp#27;[32mSave 5abbbba0-1dce-4747-93b7-28458a22a9a5(uuid6510)
сент. 16, 2025 8:21:57 PM webapp.storage.AbstractStorage save
INFO: &amp#27;[32mSave af8ab5c6-6afa-4635-99c2-46e4114cd812(uuid6511)
сент. 16, 2025 8:21:57 PM webapp.storage.AbstractStorage save
INFO: &amp#27;[32mSave 039eb467-f549-42b0-a303-f8552250f9ed(uuid6512)
сент. 16, 2025 8:21:57 PM webapp.storage.AbstractStorage save
INFO: &amp#27;[32mSave 969b498e-9d5f-4437-a249-b6ee59d4ab03(uuid6513)
сент. 16, 2025 8:21:57 PM webapp.storage.AbstractStorage save
INFO: &amp#27;[32mSave 021c8214-34ea-4c90-8e70-5802080e1eb4(uuid6514)
сент. 16, 2025 8:21:57 PM webapp.storage.AbstractStorage save
INFO: &amp#27;[32mSave bf5f851a-4bd1-48b1-ace0-7122125d1d07(uuid6515)
сент. 16, 2025 8:21:57 PM webapp.storage.AbstractStorage save
INFO: &amp#27;[32mSave 5f2f822a-3086-4cc6-b31b-1662d6bce1da(uuid6516)
сент. 16, 2025 8:21:57 PM webapp.storage.AbstractStorage save
INFO: &amp#27;[32mSave 67329586-d702-4f56-9855-e0bae7ec0504(uuid6517)
сент. 16, 2025 8:21:57 PM webapp.storage.AbstractStorage save
INFO: &amp#27;[32mSave 58ab50c4-36e7-4353-9ba9-a2e02737eba1(uuid6518)
сент. 16, 2025 8:21:57 PM webapp.storage.AbstractStorage save
INFO: &amp#27;[32mSave 4aef2a57-47f3-437f-a6c8-443abd5730c1(uuid6519)
сент. 16, 2025 8:21:57 PM webapp.storage.AbstractStorage save
INFO: &amp#27;[32mSave 8d170abc-2fba-489e-9567-fa0a931c2f5b(uuid6520)
сент. 16, 2025 8:21:57 PM webapp.storage.AbstractStorage save
INFO: &amp#27;[32mSave 7b917528-e6f9-43eb-b00c-d2d57eb47335(uuid6521)
сент. 16, 2025 8:21:57 PM webapp.storage.AbstractStorage save
INFO: &amp#27;[32mSave 300914cd-22d3-430f-85a3-7633b0e6fe4f(uuid6522)
сент. 16, 2025 8:21:57 PM webapp.storage.AbstractStorage save
INFO: &amp#27;[32mSave d10b4f7c-3394-4c6e-83a2-dffba8d96cab(uuid6523)
сент. 16, 2025 8:21:57 PM webapp.storage.AbstractStorage save
INFO: &amp#27;[32mSave 99b8fb48-2570-442c-8842-6dfd4b641d9d(uuid6524)
сент. 16, 2025 8:21:57 PM webapp.storage.AbstractStorage save
INFO: &amp#27;[32mSave d627f9d2-d456-4449-a1b3-a3f3060b2b5f(uuid6525)
сент. 16, 2025 8:21:57 PM webapp.storage.AbstractStorage save
INFO: &amp#27;[32mSave b485a065-3f6b-467c-b349-339ac0632c7a(uuid6526)
сент. 16, 2025 8:21:57 PM webapp.storage.AbstractStorage save
INFO: &amp#27;[32mSave 2a819750-0263-4f5b-8296-e2a83ac086a1(uuid6527)
сент. 16, 2025 8:21:57 PM webapp.storage.AbstractStorage save
INFO: &amp#27;[32mSave 2510e07c-fc7c-41b7-88ed-4c7af4325583(uuid6528)
сент. 16, 2025 8:21:57 PM webapp.storage.AbstractStorage save
INFO: &amp#27;[32mSave a8418016-289c-4976-a088-25926d628456(uuid6529)
сент. 16, 2025 8:21:57 PM webapp.storage.AbstractStorage save
INFO: &amp#27;[32mSave 581a80c8-4e2a-4ccb-a24c-5ea15e095d72(uuid6530)
сент. 16, 2025 8:21:57 PM webapp.storage.AbstractStorage save
INFO: &amp#27;[32mSave c62210f9-288e-4c62-b1c1-6d37137b688e(uuid6531)
сент. 16, 2025 8:21:57 PM webapp.storage.AbstractStorage save
INFO: &amp#27;[32mSave d45e45d0-8704-4e82-841d-542f5bf48377(uuid6532)
сент. 16, 2025 8:21:57 PM webapp.storage.AbstractStorage save
INFO: &amp#27;[32mSave 4be247c7-734f-4e77-ab41-add86ff28e7a(uuid6533)
сент. 16, 2025 8:21:57 PM webapp.storage.AbstractStorage save
INFO: &amp#27;[32mSave 849a9bd4-4eb9-4891-8461-f49cf18b3b39(uuid6534)
сент. 16, 2025 8:21:57 PM webapp.storage.AbstractStorage save
INFO: &amp#27;[32mSave c2ddcf1f-438f-4728-8a55-b064b476795b(uuid6535)
сент. 16, 2025 8:21:57 PM webapp.storage.AbstractStorage save
INFO: &amp#27;[32mSave 48d9f5c8-2a2b-412f-99a6-12f80574735c(uuid6536)
сент. 16, 2025 8:21:57 PM webapp.storage.AbstractStorage save
INFO: &amp#27;[32mSave ce3bb66b-4c8d-48ad-885b-6b34a55712d6(uuid6537)
сент. 16, 2025 8:21:57 PM webapp.storage.AbstractStorage save
INFO: &amp#27;[32mSave 5b93684f-598a-43c4-8ae3-ad9692e03464(uuid6538)
сент. 16, 2025 8:21:57 PM webapp.storage.AbstractStorage save
INFO: &amp#27;[32mSave 3e81a77a-1656-4a16-85ee-9f5813050306(uuid6539)
сент. 16, 2025 8:21:57 PM webapp.storage.AbstractStorage save
INFO: &amp#27;[32mSave 7aaddac4-20b8-4a19-b297-fba0f77c14b2(uuid6540)
сент. 16, 2025 8:21:57 PM webapp.storage.AbstractStorage save
INFO: &amp#27;[32mSave 34bbe0a8-6baa-4ce8-8fb7-201285c4267a(uuid6541)
сент. 16, 2025 8:21:57 PM webapp.storage.AbstractStorage save
INFO: &amp#27;[32mSave 971d7e41-b8e8-41c3-bd2d-80277e54839e(uuid6542)
сент. 16, 2025 8:21:57 PM webapp.storage.AbstractStorage save
INFO: &amp#27;[32mSave 44647b1f-5578-4015-bbca-c5f8d4c7d3ae(uuid6543)
сент. 16, 2025 8:21:57 PM webapp.storage.AbstractStorage save
INFO: &amp#27;[32mSave e690cb0b-0eb6-47b4-afa2-097615a4ca4b(uuid6544)
сент. 16, 2025 8:21:57 PM webapp.storage.AbstractStorage save
INFO: &amp#27;[32mSave 37f63acb-b1ea-4cd5-8f2d-166db3a7100a(uuid6545)
сент. 16, 2025 8:21:57 PM webapp.storage.AbstractStorage save
INFO: &amp#27;[32mSave e755f6d4-b357-4a0d-9f8d-485ee4b9ba44(uuid6546)
сент. 16, 2025 8:21:57 PM webapp.storage.AbstractStorage save
INFO: &amp#27;[32mSave ee7a61e3-2e13-4a6a-8e1a-6b5fb30856b8(uuid6547)
сент. 16, 2025 8:21:57 PM webapp.storage.AbstractStorage save
INFO: &amp#27;[32mSave 147d0c8f-2d49-4e12-9279-db8e479b7211(uuid6548)
сент. 16, 2025 8:21:57 PM webapp.storage.AbstractStorage save
INFO: &amp#27;[32mSave 3ca71022-babd-40a7-b386-b8933ff375de(uuid6549)
сент. 16, 2025 8:21:57 PM webapp.storage.AbstractStorage save
INFO: &amp#27;[32mSave 7d0a1c07-b66d-4c61-9388-ba26f8fdc317(uuid6550)
сент. 16, 2025 8:21:57 PM webapp.storage.AbstractStorage save
INFO: &amp#27;[32mSave 531227f3-399b-4eeb-b7bf-07dcdb8b573c(uuid6551)
сент. 16, 2025 8:21:57 PM webapp.storage.AbstractStorage save
INFO: &amp#27;[32mSave 0e3eef41-72a1-447d-9ba6-e2ff3790f0ca(uuid6552)
сент. 16, 2025 8:21:57 PM webapp.storage.AbstractStorage save
INFO: &amp#27;[32mSave db946f9e-19d7-4d88-8072-b5db3e29f588(uuid6553)
сент. 16, 2025 8:21:57 PM webapp.storage.AbstractStorage save
INFO: &amp#27;[32mSave 5885cd10-b7e8-4f28-9775-1a5ad7c107a3(uuid6554)
сент. 16, 2025 8:21:57 PM webapp.storage.AbstractStorage save
INFO: &amp#27;[32mSave ab2a1952-0da4-456e-aa4e-8555a4abcaf6(uuid6555)
сент. 16, 2025 8:21:57 PM webapp.storage.AbstractStorage save
INFO: &amp#27;[32mSave cf4c5482-434b-4049-85be-5fe9003b6aa6(uuid6556)
сент. 16, 2025 8:21:57 PM webapp.storage.AbstractStorage save
INFO: &amp#27;[32mSave c55fb76a-44ee-45c1-9614-65f7a8c5165d(uuid6557)
сент. 16, 2025 8:21:57 PM webapp.storage.AbstractStorage save
INFO: &amp#27;[32mSave df83ebe2-f62a-4bd1-bf61-4afb25c3b6cf(uuid6558)
сент. 16, 2025 8:21:57 PM webapp.storage.AbstractStorage save
INFO: &amp#27;[32mSave 355fe8e1-eb1d-40e8-917a-ea6e22169753(uuid6559)
сент. 16, 2025 8:21:57 PM webapp.storage.AbstractStorage save
INFO: &amp#27;[32mSave c0299d95-75a4-4f0a-a46a-83463eb51937(uuid6560)
сент. 16, 2025 8:21:57 PM webapp.storage.AbstractStorage save
INFO: &amp#27;[32mSave 36fa9a4d-74aa-47b3-9e54-0d8a4f99da0c(uuid6561)
сент. 16, 2025 8:21:57 PM webapp.storage.AbstractStorage save
INFO: &amp#27;[32mSave 91b711ea-2db0-4a53-97d9-11f1315b8792(uuid6562)
сент. 16, 2025 8:21:57 PM webapp.storage.AbstractStorage save
INFO: &amp#27;[32mSave e932db2b-d88f-413e-a5e1-a93fdbb5e368(uuid6563)
сент. 16, 2025 8:21:57 PM webapp.storage.AbstractStorage save
INFO: &amp#27;[32mSave 77f976a6-713b-4b3e-8f2c-b47fda264cbe(uuid6564)
сент. 16, 2025 8:21:57 PM webapp.storage.AbstractStorage save
INFO: &amp#27;[32mSave 25e8dd15-eced-4c6d-9a71-fe39f11842be(uuid6565)
сент. 16, 2025 8:21:57 PM webapp.storage.AbstractStorage save
INFO: &amp#27;[32mSave f1d41e4f-d821-464f-89cb-6a2f10b32a45(uuid6566)
сент. 16, 2025 8:21:57 PM webapp.storage.AbstractStorage save
INFO: &amp#27;[32mSave 1fe4d6bf-cbb7-4249-b8f0-e567dffb3f08(uuid6567)
сент. 16, 2025 8:21:57 PM webapp.storage.AbstractStorage save
INFO: &amp#27;[32mSave 332d28ab-e101-4236-b86f-81023c48be99(uuid6568)
сент. 16, 2025 8:21:57 PM webapp.storage.AbstractStorage save
INFO: &amp#27;[32mSave f89aa573-e5a2-479c-87d1-9f93d967917c(uuid6569)
сент. 16, 2025 8:21:57 PM webapp.storage.AbstractStorage save
INFO: &amp#27;[32mSave 676d3097-8020-411c-a90c-9d7612e83b37(uuid6570)
сент. 16, 2025 8:21:57 PM webapp.storage.AbstractStorage save
INFO: &amp#27;[32mSave 38dae0d3-e48b-4291-97d8-fec02e09ba1c(uuid6571)
сент. 16, 2025 8:21:57 PM webapp.storage.AbstractStorage save
INFO: &amp#27;[32mSave 3ba42a6e-35f2-4ce8-a578-67c522e8138b(uuid6572)
сент. 16, 2025 8:21:57 PM webapp.storage.AbstractStorage save
INFO: &amp#27;[32mSave bf581d50-ec16-4503-b396-d8aea5856097(uuid6573)
сент. 16, 2025 8:21:57 PM webapp.storage.AbstractStorage save
INFO: &amp#27;[32mSave f2970521-daea-4a66-a269-a88017b24cb6(uuid6574)
сент. 16, 2025 8:21:57 PM webapp.storage.AbstractStorage save
INFO: &amp#27;[32mSave 8f792eb2-ddfa-4938-9f01-26bc488be473(uuid6575)
сент. 16, 2025 8:21:57 PM webapp.storage.AbstractStorage save
INFO: &amp#27;[32mSave 9e381635-cd11-488c-9842-f6d086e00a50(uuid6576)
сент. 16, 2025 8:21:57 PM webapp.storage.AbstractStorage save
INFO: &amp#27;[32mSave beb17888-d103-43e3-999b-a496c23fc748(uuid6577)
сент. 16, 2025 8:21:57 PM webapp.storage.AbstractStorage save
INFO: &amp#27;[32mSave ce724296-f26e-41e6-af4a-8392d6c2b29c(uuid6578)
сент. 16, 2025 8:21:57 PM webapp.storage.AbstractStorage save
INFO: &amp#27;[32mSave 61e801a6-35ab-45c2-a61a-e50a23cd1ab0(uuid6579)
сент. 16, 2025 8:21:57 PM webapp.storage.AbstractStorage save
INFO: &amp#27;[32mSave 20182873-89a4-46fc-80cc-68c268b2ad80(uuid6580)
сент. 16, 2025 8:21:57 PM webapp.storage.AbstractStorage save
INFO: &amp#27;[32mSave dd7e022f-918a-4b83-9946-200e9b69540e(uuid6581)
сент. 16, 2025 8:21:57 PM webapp.storage.AbstractStorage save
INFO: &amp#27;[32mSave 20421923-2dad-44fa-9045-f16d9b95f5f5(uuid6582)
сент. 16, 2025 8:21:57 PM webapp.storage.AbstractStorage save
INFO: &amp#27;[32mSave d9ad08e0-5b36-4383-bb80-f9b7175c8c5d(uuid6583)
сент. 16, 2025 8:21:57 PM webapp.storage.AbstractStorage save
INFO: &amp#27;[32mSave c9592996-b94c-4356-9247-e1d8cdb91788(uuid6584)
сент. 16, 2025 8:21:57 PM webapp.storage.AbstractStorage save
INFO: &amp#27;[32mSave 1bb53757-6ff9-45b8-99e6-8817fdd97f69(uuid6585)
сент. 16, 2025 8:21:57 PM webapp.storage.AbstractStorage save
INFO: &amp#27;[32mSave 4ca6a363-ec67-4122-923a-ccf93d832c4d(uuid6586)
сент. 16, 2025 8:21:57 PM webapp.storage.AbstractStorage save
INFO: &amp#27;[32mSave 2770a48c-b65c-441c-99ec-383ce6506d5d(uuid6587)
сент. 16, 2025 8:21:57 PM webapp.storage.AbstractStorage save
INFO: &amp#27;[32mSave 38d73ecd-e54f-46d8-a8f8-4ffc7a60074b(uuid6588)
сент. 16, 2025 8:21:57 PM webapp.storage.AbstractStorage save
INFO: &amp#27;[32mSave 700aeb31-6ca9-4320-9900-7e8b3cb8c5f4(uuid6589)
сент. 16, 2025 8:21:57 PM webapp.storage.AbstractStorage save
INFO: &amp#27;[32mSave fe3c85f7-f30f-4819-92e5-206e0f9b0c2d(uuid6590)
сент. 16, 2025 8:21:57 PM webapp.storage.AbstractStorage save
INFO: &amp#27;[32mSave 03dc7478-3ac4-4229-a131-83c47c1e4d10(uuid6591)
сент. 16, 2025 8:21:57 PM webapp.storage.AbstractStorage save
INFO: &amp#27;[32mSave aff8847f-99cf-4129-9cc0-fe227df7c602(uuid6592)
сент. 16, 2025 8:21:57 PM webapp.storage.AbstractStorage save
INFO: &amp#27;[32mSave e1146fca-7221-4105-b043-70c6b9e866c9(uuid6593)
сент. 16, 2025 8:21:57 PM webapp.storage.AbstractStorage save
INFO: &amp#27;[32mSave 28be2458-0d9f-4aa9-ad66-4a7de85cc955(uuid6594)
сент. 16, 2025 8:21:57 PM webapp.storage.AbstractStorage save
INFO: &amp#27;[32mSave 6f82a0fc-284d-4f7e-a7d4-9f40d678f8be(uuid6595)
сент. 16, 2025 8:21:57 PM webapp.storage.AbstractStorage save
INFO: &amp#27;[32mSave dc1e8e06-71c3-4c3e-925b-cd1c9549a42e(uuid6596)
сент. 16, 2025 8:21:57 PM webapp.storage.AbstractStorage save
INFO: &amp#27;[32mSave 9914249a-16e3-4a38-97b5-48f0df04e962(uuid6597)
сент. 16, 2025 8:21:57 PM webapp.storage.AbstractStorage save
INFO: &amp#27;[32mSave 5a32e530-3224-48a7-ba02-58f4fa839198(uuid6598)
сент. 16, 2025 8:21:57 PM webapp.storage.AbstractStorage save
INFO: &amp#27;[32mSave a5388bcb-e8ff-4129-b0e9-35a6196f4fde(uuid6599)
сент. 16, 2025 8:21:57 PM webapp.storage.AbstractStorage save
INFO: &amp#27;[32mSave b0e31051-c720-4729-81d6-a9d55c3770b0(uuid6600)
сент. 16, 2025 8:21:57 PM webapp.storage.AbstractStorage save
INFO: &amp#27;[32mSave 5b79bb19-2b4e-478b-a57f-0e17384d1a08(uuid6601)
сент. 16, 2025 8:21:57 PM webapp.storage.AbstractStorage save
INFO: &amp#27;[32mSave 2f531240-51a3-46e2-adef-0405efc52827(uuid6602)
сент. 16, 2025 8:21:57 PM webapp.storage.AbstractStorage save
INFO: &amp#27;[32mSave 1f597324-4317-4f47-ae09-92322ea50a22(uuid6603)
сент. 16, 2025 8:21:57 PM webapp.storage.AbstractStorage save
INFO: &amp#27;[32mSave f52b817d-9eb9-4335-a83e-991b08e01797(uuid6604)
сент. 16, 2025 8:21:57 PM webapp.storage.AbstractStorage save
INFO: &amp#27;[32mSave 1329dd8d-c1e0-4fb8-8188-4c261c7a0d1f(uuid6605)
сент. 16, 2025 8:21:57 PM webapp.storage.AbstractStorage save
INFO: &amp#27;[32mSave 2af72212-a8e0-488c-8e39-4b712c638786(uuid6606)
сент. 16, 2025 8:21:57 PM webapp.storage.AbstractStorage save
INFO: &amp#27;[32mSave a28ef125-3648-47b3-a0c1-5410894fd309(uuid6607)
сент. 16, 2025 8:21:57 PM webapp.storage.AbstractStorage save
INFO: &amp#27;[32mSave 24113fb1-30c5-4dc0-8f78-3e39b6086aec(uuid6608)
сент. 16, 2025 8:21:57 PM webapp.storage.AbstractStorage save
INFO: &amp#27;[32mSave feb47faf-74bb-4900-a4e9-eb8d6ed84d9c(uuid6609)
сент. 16, 2025 8:21:57 PM webapp.storage.AbstractStorage save
INFO: &amp#27;[32mSave 0072091b-3979-49c9-855f-464e8cf58ff1(uuid6610)
сент. 16, 2025 8:21:57 PM webapp.storage.AbstractStorage save
INFO: &amp#27;[32mSave ff84df32-4681-4243-bce8-38c025bc3269(uuid6611)
сент. 16, 2025 8:21:57 PM webapp.storage.AbstractStorage save
INFO: &amp#27;[32mSave 4db4d78c-7740-441b-8d14-d7ce4929424a(uuid6612)
сент. 16, 2025 8:21:57 PM webapp.storage.AbstractStorage save
INFO: &amp#27;[32mSave 7fbf8082-8096-4dc6-9bd2-bad30e499e5b(uuid6613)
сент. 16, 2025 8:21:57 PM webapp.storage.AbstractStorage save
INFO: &amp#27;[32mSave 76d2cfea-8cde-4d16-817f-c459131b00ed(uuid6614)
сент. 16, 2025 8:21:57 PM webapp.storage.AbstractStorage save
INFO: &amp#27;[32mSave ca600332-6d3d-4b5a-9fc6-0fd4d42dc7c5(uuid6615)
сент. 16, 2025 8:21:57 PM webapp.storage.AbstractStorage save
INFO: &amp#27;[32mSave dbfcbc5b-3a0a-4502-8534-f9583d19c8b8(uuid6616)
сент. 16, 2025 8:21:57 PM webapp.storage.AbstractStorage save
INFO: &amp#27;[32mSave 62326c4d-5d6c-4338-9afc-e5f25ec7e935(uuid6617)
сент. 16, 2025 8:21:57 PM webapp.storage.AbstractStorage save
INFO: &amp#27;[32mSave 9c8911aa-180c-40d5-b725-547e37b190ed(uuid6618)
сент. 16, 2025 8:21:57 PM webapp.storage.AbstractStorage save
INFO: &amp#27;[32mSave 49eedd6f-0eca-4a64-9c39-611c5ec6d9a8(uuid6619)
сент. 16, 2025 8:21:57 PM webapp.storage.AbstractStorage save
INFO: &amp#27;[32mSave 40568018-25ec-4721-9896-40354989d6ed(uuid6620)
сент. 16, 2025 8:21:57 PM webapp.storage.AbstractStorage save
INFO: &amp#27;[32mSave 960e25c8-a1fb-4bfa-8cee-08d79112bc0f(uuid6621)
сент. 16, 2025 8:21:57 PM webapp.storage.AbstractStorage save
INFO: &amp#27;[32mSave 0040cd4a-11f0-4c94-b5f2-1fe8919295dc(uuid6622)
сент. 16, 2025 8:21:57 PM webapp.storage.AbstractStorage save
INFO: &amp#27;[32mSave c482904d-7d7d-4085-b0f7-93e54dd8ec49(uuid6623)
сент. 16, 2025 8:21:57 PM webapp.storage.AbstractStorage save
INFO: &amp#27;[32mSave 8ea52337-f0d1-4a36-8c68-67ad23d6ea07(uuid6624)
сент. 16, 2025 8:21:57 PM webapp.storage.AbstractStorage save
INFO: &amp#27;[32mSave fdf80d3b-953c-4495-9216-ed1a663422c6(uuid6625)
сент. 16, 2025 8:21:57 PM webapp.storage.AbstractStorage save
INFO: &amp#27;[32mSave d40d008d-25d7-4eb9-be40-296bb6794a19(uuid6626)
сент. 16, 2025 8:21:57 PM webapp.storage.AbstractStorage save
INFO: &amp#27;[32mSave 0f177aa5-ed69-4973-8e3c-e57ea58ad3a5(uuid6627)
сент. 16, 2025 8:21:57 PM webapp.storage.AbstractStorage save
INFO: &amp#27;[32mSave 6c9bbc06-243c-48ac-b2e0-c186be18c80f(uuid6628)
сент. 16, 2025 8:21:57 PM webapp.storage.AbstractStorage save
INFO: &amp#27;[32mSave 432e1432-41df-420c-bd20-34eefe5c2fc6(uuid6629)
сент. 16, 2025 8:21:57 PM webapp.storage.AbstractStorage save
INFO: &amp#27;[32mSave 4a765c13-3e78-4555-a04f-18f53f83d65a(uuid6630)
сент. 16, 2025 8:21:57 PM webapp.storage.AbstractStorage save
INFO: &amp#27;[32mSave 54eae719-4c6f-49d1-b881-77d90b4152e9(uuid6631)
сент. 16, 2025 8:21:57 PM webapp.storage.AbstractStorage save
INFO: &amp#27;[32mSave e8a0011b-d0c2-4878-bd16-2f0fb0c12e1a(uuid6632)
сент. 16, 2025 8:21:57 PM webapp.storage.AbstractStorage save
INFO: &amp#27;[32mSave f9429d0e-48bc-4d9d-8dcf-524662e97846(uuid6633)
сент. 16, 2025 8:21:57 PM webapp.storage.AbstractStorage save
INFO: &amp#27;[32mSave a346b433-add0-45ca-94f0-69c2736c20e5(uuid6634)
сент. 16, 2025 8:21:57 PM webapp.storage.AbstractStorage save
INFO: &amp#27;[32mSave 866a9f40-ead7-4e00-8312-6dd4d6530a29(uuid6635)
сент. 16, 2025 8:21:57 PM webapp.storage.AbstractStorage save
INFO: &amp#27;[32mSave c4661c8c-1d30-471a-ad37-a0805d6655ce(uuid6636)
сент. 16, 2025 8:21:57 PM webapp.storage.AbstractStorage save
INFO: &amp#27;[32mSave 5894b5e5-d26e-4c7e-a21d-79d453b53b69(uuid6637)
сент. 16, 2025 8:21:57 PM webapp.storage.AbstractStorage save
INFO: &amp#27;[32mSave e756a991-0968-41e7-98fe-e729e2c3eed4(uuid6638)
сент. 16, 2025 8:21:57 PM webapp.storage.AbstractStorage save
INFO: &amp#27;[32mSave 6660c70e-753a-4ca9-bd2b-0b88c4f8ccf4(uuid6639)
сент. 16, 2025 8:21:57 PM webapp.storage.AbstractStorage save
INFO: &amp#27;[32mSave 7c4f38d5-8e32-4e67-b880-3b5d41005316(uuid6640)
сент. 16, 2025 8:21:57 PM webapp.storage.AbstractStorage save
INFO: &amp#27;[32mSave 55053a84-a298-4043-912d-bd321a1ac102(uuid6641)
сент. 16, 2025 8:21:57 PM webapp.storage.AbstractStorage save
INFO: &amp#27;[32mSave d2d73368-432c-4557-bcab-ba36c732b83c(uuid6642)
сент. 16, 2025 8:21:57 PM webapp.storage.AbstractStorage save
INFO: &amp#27;[32mSave 32a9cf09-4412-4376-966e-100596eb8ab1(uuid6643)
сент. 16, 2025 8:21:57 PM webapp.storage.AbstractStorage save
INFO: &amp#27;[32mSave 7c7eef60-2472-4edc-8254-0ea2299fd605(uuid6644)
сент. 16, 2025 8:21:57 PM webapp.storage.AbstractStorage save
INFO: &amp#27;[32mSave 692ab971-0bd5-430d-976a-7bfee07b6e9f(uuid6645)
сент. 16, 2025 8:21:57 PM webapp.storage.AbstractStorage save
INFO: &amp#27;[32mSave 15c55c4c-7149-476e-b3a5-3d3a247f70fd(uuid6646)
сент. 16, 2025 8:21:57 PM webapp.storage.AbstractStorage save
INFO: &amp#27;[32mSave 9bb4a1f6-5bef-40e8-9525-0cd2f628f26d(uuid6647)
сент. 16, 2025 8:21:57 PM webapp.storage.AbstractStorage save
INFO: &amp#27;[32mSave 6f3a955f-46f3-455a-a014-211e21d84a3c(uuid6648)
сент. 16, 2025 8:21:57 PM webapp.storage.AbstractStorage save
INFO: &amp#27;[32mSave b4236e7c-eba2-4f01-a45b-ac397ff91d14(uuid6649)
сент. 16, 2025 8:21:57 PM webapp.storage.AbstractStorage save
INFO: &amp#27;[32mSave 3934e8af-8240-484a-9aee-31bf303c992d(uuid6650)
сент. 16, 2025 8:21:57 PM webapp.storage.AbstractStorage save
INFO: &amp#27;[32mSave b11ec9ae-24e8-4a25-b8e4-3e95372779e5(uuid6651)
сент. 16, 2025 8:21:57 PM webapp.storage.AbstractStorage save
INFO: &amp#27;[32mSave 37dfffeb-4bcb-4b46-b7a9-31313441ad6a(uuid6652)
сент. 16, 2025 8:21:57 PM webapp.storage.AbstractStorage save
INFO: &amp#27;[32mSave 93c71966-6237-4dc9-829a-a15bfacd3b92(uuid6653)
сент. 16, 2025 8:21:57 PM webapp.storage.AbstractStorage save
INFO: &amp#27;[32mSave 5fd0e416-0698-4ea5-9259-debe00b60e7b(uuid6654)
сент. 16, 2025 8:21:57 PM webapp.storage.AbstractStorage save
INFO: &amp#27;[32mSave 2a025912-36fa-4bdd-8690-abd1562fe320(uuid6655)
сент. 16, 2025 8:21:57 PM webapp.storage.AbstractStorage save
INFO: &amp#27;[32mSave e96b693a-d15c-4461-9a94-47263f58b225(uuid6656)
сент. 16, 2025 8:21:57 PM webapp.storage.AbstractStorage save
INFO: &amp#27;[32mSave 264e304c-8762-4a91-9e74-6ba4f424fb22(uuid6657)
сент. 16, 2025 8:21:57 PM webapp.storage.AbstractStorage save
INFO: &amp#27;[32mSave 3d8947b1-9abf-409c-be90-898a60dd5c88(uuid6658)
сент. 16, 2025 8:21:57 PM webapp.storage.AbstractStorage save
INFO: &amp#27;[32mSave 1cf12c06-c84c-4745-9beb-e930c53185c4(uuid6659)
сент. 16, 2025 8:21:57 PM webapp.storage.AbstractStorage save
INFO: &amp#27;[32mSave ca4c80ee-6de7-4e84-a777-e9771278e60d(uuid6660)
сент. 16, 2025 8:21:57 PM webapp.storage.AbstractStorage save
INFO: &amp#27;[32mSave e0d4f23a-9b2b-49f8-a532-f7e61d79d1d0(uuid6661)
сент. 16, 2025 8:21:57 PM webapp.storage.AbstractStorage save
INFO: &amp#27;[32mSave 69a3ce8b-21fd-419d-a7e5-db187699afdb(uuid6662)
сент. 16, 2025 8:21:57 PM webapp.storage.AbstractStorage save
INFO: &amp#27;[32mSave 64ae7792-3bf7-436b-b2fc-60fd8c081920(uuid6663)
сент. 16, 2025 8:21:57 PM webapp.storage.AbstractStorage save
INFO: &amp#27;[32mSave 6b1efea5-3b12-459c-98ee-3f3742ee4626(uuid6664)
сент. 16, 2025 8:21:57 PM webapp.storage.AbstractStorage save
INFO: &amp#27;[32mSave 372d0541-d612-475a-b081-1fda64b45eb6(uuid6665)
сент. 16, 2025 8:21:57 PM webapp.storage.AbstractStorage save
INFO: &amp#27;[32mSave 73b526fa-4382-4e63-85ac-4467146f624a(uuid6666)
сент. 16, 2025 8:21:57 PM webapp.storage.AbstractStorage save
INFO: &amp#27;[32mSave 6ed083b4-efa3-4198-a9a8-4e5bceab5974(uuid6667)
сент. 16, 2025 8:21:57 PM webapp.storage.AbstractStorage save
INFO: &amp#27;[32mSave 4358026d-f883-46dc-b4e5-ac62352ee10a(uuid6668)
сент. 16, 2025 8:21:57 PM webapp.storage.AbstractStorage save
INFO: &amp#27;[32mSave 90114a98-2d3a-4aff-846c-e633e314d4f5(uuid6669)
сент. 16, 2025 8:21:57 PM webapp.storage.AbstractStorage save
INFO: &amp#27;[32mSave 27808f2b-f19f-4b70-b0a0-d7f3e5194db6(uuid6670)
сент. 16, 2025 8:21:57 PM webapp.storage.AbstractStorage save
INFO: &amp#27;[32mSave b0789003-9d2c-47b0-a825-0ee3fb1f9268(uuid6671)
сент. 16, 2025 8:21:57 PM webapp.storage.AbstractStorage save
INFO: &amp#27;[32mSave 078cc27c-eb02-4d5c-9b73-ed1945e4788c(uuid6672)
сент. 16, 2025 8:21:57 PM webapp.storage.AbstractStorage save
INFO: &amp#27;[32mSave e610f79c-5f25-4662-acfc-24ac8aab31da(uuid6673)
сент. 16, 2025 8:21:57 PM webapp.storage.AbstractStorage save
INFO: &amp#27;[32mSave d7e52626-4773-4209-8a22-3bc06dbd41bb(uuid6674)
сент. 16, 2025 8:21:57 PM webapp.storage.AbstractStorage save
INFO: &amp#27;[32mSave 5d2f8b83-61e6-46b1-b9eb-1f6a6b7f1ba0(uuid6675)
сент. 16, 2025 8:21:57 PM webapp.storage.AbstractStorage save
INFO: &amp#27;[32mSave ef14945a-d13e-447f-9a6f-db42adcf304f(uuid6676)
сент. 16, 2025 8:21:57 PM webapp.storage.AbstractStorage save
INFO: &amp#27;[32mSave 04e47888-56c0-4bdf-9ec4-944cb85200e6(uuid6677)
сент. 16, 2025 8:21:57 PM webapp.storage.AbstractStorage save
INFO: &amp#27;[32mSave f4f9dd4c-9810-406b-94a2-632d848f7b21(uuid6678)
сент. 16, 2025 8:21:57 PM webapp.storage.AbstractStorage save
INFO: &amp#27;[32mSave bfabb531-1afe-46ed-a618-a61397f00b63(uuid6679)
сент. 16, 2025 8:21:57 PM webapp.storage.AbstractStorage save
INFO: &amp#27;[32mSave 245294ee-636d-4895-9060-3a27ca851b61(uuid6680)
сент. 16, 2025 8:21:57 PM webapp.storage.AbstractStorage save
INFO: &amp#27;[32mSave b0587702-e1f7-4339-ae66-c48dea7100b2(uuid6681)
сент. 16, 2025 8:21:57 PM webapp.storage.AbstractStorage save
INFO: &amp#27;[32mSave dffe86bb-f38a-4bd9-8096-ce088b97bb9f(uuid6682)
сент. 16, 2025 8:21:57 PM webapp.storage.AbstractStorage save
INFO: &amp#27;[32mSave cc4e1cf3-9467-4934-806d-57278d28559b(uuid6683)
сент. 16, 2025 8:21:57 PM webapp.storage.AbstractStorage save
INFO: &amp#27;[32mSave 7168f762-bc73-4dee-95ce-a3720af18c02(uuid6684)
сент. 16, 2025 8:21:57 PM webapp.storage.AbstractStorage save
INFO: &amp#27;[32mSave e5db24a4-cf5a-4e9e-a781-3f8ae076dcc5(uuid6685)
сент. 16, 2025 8:21:57 PM webapp.storage.AbstractStorage save
INFO: &amp#27;[32mSave eb5a5388-1e98-4f23-b578-0ac4f184b4f6(uuid6686)
сент. 16, 2025 8:21:57 PM webapp.storage.AbstractStorage save
INFO: &amp#27;[32mSave 865bc8e7-24c5-49f9-b9df-f5bed058db9c(uuid6687)
сент. 16, 2025 8:21:57 PM webapp.storage.AbstractStorage save
INFO: &amp#27;[32mSave a3459c29-9b4f-4b0f-acc9-48634d6e83ff(uuid6688)
сент. 16, 2025 8:21:57 PM webapp.storage.AbstractStorage save
INFO: &amp#27;[32mSave 99d3115b-ff42-4848-9bee-853afe2bddc0(uuid6689)
сент. 16, 2025 8:21:57 PM webapp.storage.AbstractStorage save
INFO: &amp#27;[32mSave c1ba26f0-fe2d-45be-970f-ffe7b8ae1076(uuid6690)
сент. 16, 2025 8:21:57 PM webapp.storage.AbstractStorage save
INFO: &amp#27;[32mSave 415aff35-afc0-4aac-a524-c86f687658f5(uuid6691)
сент. 16, 2025 8:21:57 PM webapp.storage.AbstractStorage save
INFO: &amp#27;[32mSave 6d779df9-7cd2-4aef-b481-5e5a524d9e1e(uuid6692)
сент. 16, 2025 8:21:57 PM webapp.storage.AbstractStorage save
INFO: &amp#27;[32mSave 9d9bd36e-c485-467d-a720-2995f0cc1f0d(uuid6693)
сент. 16, 2025 8:21:57 PM webapp.storage.AbstractStorage save
INFO: &amp#27;[32mSave 0672a174-af74-46b1-a615-8c6dc70ea625(uuid6694)
сент. 16, 2025 8:21:57 PM webapp.storage.AbstractStorage save
INFO: &amp#27;[32mSave c54c361f-89f6-4e75-bf7d-43a770abfa27(uuid6695)
сент. 16, 2025 8:21:57 PM webapp.storage.AbstractStorage save
INFO: &amp#27;[32mSave 4d3bd0bd-05f1-4be1-97b8-94235121ec76(uuid6696)
сент. 16, 2025 8:21:57 PM webapp.storage.AbstractStorage save
INFO: &amp#27;[32mSave 9fe47fe7-0761-4109-9cb3-f3454740ef2b(uuid6697)
сент. 16, 2025 8:21:57 PM webapp.storage.AbstractStorage save
INFO: &amp#27;[32mSave debe86c1-ca0f-40ef-8b0b-58755f8538af(uuid6698)
сент. 16, 2025 8:21:57 PM webapp.storage.AbstractStorage save
INFO: &amp#27;[32mSave 31796c06-586c-4545-8927-9a1e315e073c(uuid6699)
сент. 16, 2025 8:21:57 PM webapp.storage.AbstractStorage save
INFO: &amp#27;[32mSave e834fbf9-752f-48d1-af9e-ce61b81c6bb5(uuid6700)
сент. 16, 2025 8:21:57 PM webapp.storage.AbstractStorage save
INFO: &amp#27;[32mSave 73f7a743-090f-43a3-9c03-ff9f1323c9c0(uuid6701)
сент. 16, 2025 8:21:57 PM webapp.storage.AbstractStorage save
INFO: &amp#27;[32mSave c1df7af5-9362-493e-92cc-b7d4d77a83ee(uuid6702)
сент. 16, 2025 8:21:57 PM webapp.storage.AbstractStorage save
INFO: &amp#27;[32mSave 564592b7-3934-4fdc-b135-960da688a28b(uuid6703)
сент. 16, 2025 8:21:57 PM webapp.storage.AbstractStorage save
INFO: &amp#27;[32mSave 52c6d95d-e7d7-4e96-9273-43d8c7d88a3c(uuid6704)
сент. 16, 2025 8:21:57 PM webapp.storage.AbstractStorage save
INFO: &amp#27;[32mSave 268e0bf1-d71a-4dc2-98e6-1863b934638a(uuid6705)
сент. 16, 2025 8:21:57 PM webapp.storage.AbstractStorage save
INFO: &amp#27;[32mSave e2f041ec-733b-465c-a897-2e0de5d7851b(uuid6706)
сент. 16, 2025 8:21:57 PM webapp.storage.AbstractStorage save
INFO: &amp#27;[32mSave b0758d5f-13af-4726-a615-78e9522e341f(uuid6707)
сент. 16, 2025 8:21:57 PM webapp.storage.AbstractStorage save
INFO: &amp#27;[32mSave 5ffc733c-8486-4df1-a563-14f1773e27e2(uuid6708)
сент. 16, 2025 8:21:57 PM webapp.storage.AbstractStorage save
INFO: &amp#27;[32mSave 0a6f9ec2-248a-4aa1-93a2-5e4b4cc37ac2(uuid6709)
сент. 16, 2025 8:21:57 PM webapp.storage.AbstractStorage save
INFO: &amp#27;[32mSave 6c8d3ebd-51c4-4adb-805e-387321c568e0(uuid6710)
сент. 16, 2025 8:21:57 PM webapp.storage.AbstractStorage save
INFO: &amp#27;[32mSave 061e5a91-590d-4c78-becb-7688fe22fc98(uuid6711)
сент. 16, 2025 8:21:57 PM webapp.storage.AbstractStorage save
INFO: &amp#27;[32mSave f6137790-419d-4590-99b6-c766aa257b36(uuid6712)
сент. 16, 2025 8:21:57 PM webapp.storage.AbstractStorage save
INFO: &amp#27;[32mSave 5af63a47-5986-41aa-b984-c8279a4a3934(uuid6713)
сент. 16, 2025 8:21:57 PM webapp.storage.AbstractStorage save
INFO: &amp#27;[32mSave 4ab7b258-ff06-4c47-804d-bab383c4784d(uuid6714)
сент. 16, 2025 8:21:57 PM webapp.storage.AbstractStorage save
INFO: &amp#27;[32mSave fd36f9a8-dc32-41d1-99c6-f15b75f7a529(uuid6715)
сент. 16, 2025 8:21:57 PM webapp.storage.AbstractStorage save
INFO: &amp#27;[32mSave dc6db6cf-ba35-40e1-bc97-73757ea56a5e(uuid6716)
сент. 16, 2025 8:21:57 PM webapp.storage.AbstractStorage save
INFO: &amp#27;[32mSave 115fc767-eaba-4068-9dd3-91b77d95a277(uuid6717)
сент. 16, 2025 8:21:57 PM webapp.storage.AbstractStorage save
INFO: &amp#27;[32mSave 931c70fa-1e01-412a-ab65-5f04559ad5cc(uuid6718)
сент. 16, 2025 8:21:57 PM webapp.storage.AbstractStorage save
INFO: &amp#27;[32mSave eedc41be-10b9-4880-a00e-0efa04814d94(uuid6719)
сент. 16, 2025 8:21:57 PM webapp.storage.AbstractStorage save
INFO: &amp#27;[32mSave ceb9f1a6-5fd9-43e6-9d5d-9dfe3f501cce(uuid6720)
сент. 16, 2025 8:21:57 PM webapp.storage.AbstractStorage save
INFO: &amp#27;[32mSave e990eacb-2c32-42a3-904f-a57e4ea00e01(uuid6721)
сент. 16, 2025 8:21:57 PM webapp.storage.AbstractStorage save
INFO: &amp#27;[32mSave 9a42370b-89ce-4647-bf9c-500ad1ed02d9(uuid6722)
сент. 16, 2025 8:21:57 PM webapp.storage.AbstractStorage save
INFO: &amp#27;[32mSave 99265513-ae28-482a-9a48-3ab99414a273(uuid6723)
сент. 16, 2025 8:21:57 PM webapp.storage.AbstractStorage save
INFO: &amp#27;[32mSave 8e074c5e-a835-4eca-816a-95c6c001dca4(uuid6724)
сент. 16, 2025 8:21:57 PM webapp.storage.AbstractStorage save
INFO: &amp#27;[32mSave 552fbeb8-a4ec-4674-90c8-cd776a3fa0ff(uuid6725)
сент. 16, 2025 8:21:57 PM webapp.storage.AbstractStorage save
INFO: &amp#27;[32mSave 07a19c40-afbe-4f77-8a7d-c042d65ae546(uuid6726)
сент. 16, 2025 8:21:57 PM webapp.storage.AbstractStorage save
INFO: &amp#27;[32mSave 06336610-56ab-483d-92dc-f3912a67e860(uuid6727)
сент. 16, 2025 8:21:57 PM webapp.storage.AbstractStorage save
INFO: &amp#27;[32mSave 0696d7b5-7009-40c7-8a0b-78d1008cf474(uuid6728)
сент. 16, 2025 8:21:57 PM webapp.storage.AbstractStorage save
INFO: &amp#27;[32mSave cec98b84-10c5-4725-b1c0-9c12b52bd2e9(uuid6729)
сент. 16, 2025 8:21:57 PM webapp.storage.AbstractStorage save
INFO: &amp#27;[32mSave 693d8a68-d941-4fdb-8c8c-3bca684cc050(uuid6730)
сент. 16, 2025 8:21:57 PM webapp.storage.AbstractStorage save
INFO: &amp#27;[32mSave 71c350a4-05aa-4868-abcf-b4eca85f5646(uuid6731)
сент. 16, 2025 8:21:57 PM webapp.storage.AbstractStorage save
INFO: &amp#27;[32mSave 379d7ecf-7ea6-4485-b759-3a831d4311b9(uuid6732)
сент. 16, 2025 8:21:57 PM webapp.storage.AbstractStorage save
INFO: &amp#27;[32mSave 5b79690f-a2cc-4e80-9dee-d5bac3ca5b21(uuid6733)
сент. 16, 2025 8:21:57 PM webapp.storage.AbstractStorage save
INFO: &amp#27;[32mSave eff95f89-8536-4594-9e97-a71f036a61d3(uuid6734)
сент. 16, 2025 8:21:57 PM webapp.storage.AbstractStorage save
INFO: &amp#27;[32mSave 6cb7ae79-9199-4211-8e1e-57a7d42e9c7e(uuid6735)
сент. 16, 2025 8:21:57 PM webapp.storage.AbstractStorage save
INFO: &amp#27;[32mSave c47222cd-fcd0-48bd-bfbe-eea09e72df53(uuid6736)
сент. 16, 2025 8:21:57 PM webapp.storage.AbstractStorage save
INFO: &amp#27;[32mSave 0298fd5e-6789-4005-aaad-ff41e9f63e18(uuid6737)
сент. 16, 2025 8:21:57 PM webapp.storage.AbstractStorage save
INFO: &amp#27;[32mSave bcd237ee-777a-4bd2-b080-ba4dc132fdd0(uuid6738)
сент. 16, 2025 8:21:57 PM webapp.storage.AbstractStorage save
INFO: &amp#27;[32mSave 4de8b969-e160-4529-a955-c73f9d6e5f2c(uuid6739)
сент. 16, 2025 8:21:57 PM webapp.storage.AbstractStorage save
INFO: &amp#27;[32mSave 36b7db45-7155-4f28-bcfa-a8f2ba03bbb7(uuid6740)
сент. 16, 2025 8:21:57 PM webapp.storage.AbstractStorage save
INFO: &amp#27;[32mSave 77df4be6-3c72-4567-91a6-d71f581142ce(uuid6741)
сент. 16, 2025 8:21:57 PM webapp.storage.AbstractStorage save
INFO: &amp#27;[32mSave 82dc2253-3ef5-41f6-9557-7d51b2c9680d(uuid6742)
сент. 16, 2025 8:21:57 PM webapp.storage.AbstractStorage save
INFO: &amp#27;[32mSave 0b773916-4411-4c07-8141-6a64cea28439(uuid6743)
сент. 16, 2025 8:21:57 PM webapp.storage.AbstractStorage save
INFO: &amp#27;[32mSave d8cfbd03-c0af-4b05-a9d2-ab7f63499fd8(uuid6744)
сент. 16, 2025 8:21:57 PM webapp.storage.AbstractStorage save
INFO: &amp#27;[32mSave 417d4d4a-9eaf-45f8-b933-2b901d0ab160(uuid6745)
сент. 16, 2025 8:21:57 PM webapp.storage.AbstractStorage save
INFO: &amp#27;[32mSave 881a029b-a0c8-4840-84f8-d7a477bffc16(uuid6746)
сент. 16, 2025 8:21:57 PM webapp.storage.AbstractStorage save
INFO: &amp#27;[32mSave 1b0a01b7-9da9-4c13-8511-6803e610118f(uuid6747)
сент. 16, 2025 8:21:57 PM webapp.storage.AbstractStorage save
INFO: &amp#27;[32mSave 56198d6b-855c-42fa-948e-cd04a29b11b9(uuid6748)
сент. 16, 2025 8:21:57 PM webapp.storage.AbstractStorage save
INFO: &amp#27;[32mSave 59e243be-206f-4bff-a120-a7e8c280d30c(uuid6749)
сент. 16, 2025 8:21:57 PM webapp.storage.AbstractStorage save
INFO: &amp#27;[32mSave 05c6d72d-e108-4c0b-9c91-8bffb5d352db(uuid6750)
сент. 16, 2025 8:21:57 PM webapp.storage.AbstractStorage save
INFO: &amp#27;[32mSave 7d21bebd-2326-4f9d-813f-c124197621ec(uuid6751)
сент. 16, 2025 8:21:57 PM webapp.storage.AbstractStorage save
INFO: &amp#27;[32mSave 63d96a9b-1d02-42f8-9f1e-f37b9a35803b(uuid6752)
сент. 16, 2025 8:21:57 PM webapp.storage.AbstractStorage save
INFO: &amp#27;[32mSave 9b5f991e-0678-4c3b-b266-759b57d7a089(uuid6753)
сент. 16, 2025 8:21:57 PM webapp.storage.AbstractStorage save
INFO: &amp#27;[32mSave 29fb4056-7842-4c6c-9343-a2ea40788cbd(uuid6754)
сент. 16, 2025 8:21:57 PM webapp.storage.AbstractStorage save
INFO: &amp#27;[32mSave 6b6bf338-4653-4338-b7e2-d10364ae3c29(uuid6755)
сент. 16, 2025 8:21:57 PM webapp.storage.AbstractStorage save
INFO: &amp#27;[32mSave b8f6b4a0-1635-4219-b2be-efd0dd241a21(uuid6756)
сент. 16, 2025 8:21:57 PM webapp.storage.AbstractStorage save
INFO: &amp#27;[32mSave 940b38d8-ba16-4693-a378-6cf9e2a46497(uuid6757)
сент. 16, 2025 8:21:57 PM webapp.storage.AbstractStorage save
INFO: &amp#27;[32mSave eb6d57ae-b447-48f3-aee6-7a05f9a45702(uuid6758)
сент. 16, 2025 8:21:57 PM webapp.storage.AbstractStorage save
INFO: &amp#27;[32mSave 80967c52-0864-48fb-9d4f-e496e6e0206b(uuid6759)
сент. 16, 2025 8:21:57 PM webapp.storage.AbstractStorage save
INFO: &amp#27;[32mSave d6fe1598-877e-4bd3-b663-3f2fa4ab664c(uuid6760)
сент. 16, 2025 8:21:57 PM webapp.storage.AbstractStorage save
INFO: &amp#27;[32mSave cb049872-b1e3-4e12-b012-e533ae054ba4(uuid6761)
сент. 16, 2025 8:21:57 PM webapp.storage.AbstractStorage save
INFO: &amp#27;[32mSave 19ce2f8d-4925-4588-8096-3ec85ad3650e(uuid6762)
сент. 16, 2025 8:21:57 PM webapp.storage.AbstractStorage save
INFO: &amp#27;[32mSave df016695-c683-454c-8dc2-c4d2ad6b7783(uuid6763)
сент. 16, 2025 8:21:57 PM webapp.storage.AbstractStorage save
INFO: &amp#27;[32mSave ef63c4a2-232c-4a41-a8a0-33d706b68204(uuid6764)
сент. 16, 2025 8:21:57 PM webapp.storage.AbstractStorage save
INFO: &amp#27;[32mSave 7cebc18d-f5b2-4b6c-bdbd-677ae2ce1198(uuid6765)
сент. 16, 2025 8:21:57 PM webapp.storage.AbstractStorage save
INFO: &amp#27;[32mSave 72ea76a1-0c45-4677-9e3f-d2832c7e0580(uuid6766)
сент. 16, 2025 8:21:57 PM webapp.storage.AbstractStorage save
INFO: &amp#27;[32mSave 6b655863-6903-4cc9-bc2e-564a37fd50bf(uuid6767)
сент. 16, 2025 8:21:57 PM webapp.storage.AbstractStorage save
INFO: &amp#27;[32mSave 64b309bf-94e3-4f13-a259-ae45fd9ed5c2(uuid6768)
сент. 16, 2025 8:21:57 PM webapp.storage.AbstractStorage save
INFO: &amp#27;[32mSave f0426b29-9601-4a7b-b398-aba52377d95b(uuid6769)
сент. 16, 2025 8:21:57 PM webapp.storage.AbstractStorage save
INFO: &amp#27;[32mSave 99a1888e-df7f-49d0-867a-ae29b0d24cb5(uuid6770)
сент. 16, 2025 8:21:57 PM webapp.storage.AbstractStorage save
INFO: &amp#27;[32mSave d93a8a83-8dc6-40b7-80a3-339a8fdc5b1e(uuid6771)
сент. 16, 2025 8:21:57 PM webapp.storage.AbstractStorage save
INFO: &amp#27;[32mSave 63ed5f2f-c023-4060-b854-04397e003181(uuid6772)
сент. 16, 2025 8:21:57 PM webapp.storage.AbstractStorage save
INFO: &amp#27;[32mSave caab2649-2202-4548-bc3d-1b6a90245053(uuid6773)
сент. 16, 2025 8:21:57 PM webapp.storage.AbstractStorage save
INFO: &amp#27;[32mSave ae1ee395-f9b8-48a2-ba6a-d7e6864dcb6e(uuid6774)
сент. 16, 2025 8:21:57 PM webapp.storage.AbstractStorage save
INFO: &amp#27;[32mSave d2334f40-1b0d-4f0f-8e43-5e4ad145fb09(uuid6775)
сент. 16, 2025 8:21:57 PM webapp.storage.AbstractStorage save
INFO: &amp#27;[32mSave 581944b8-c09e-4b5b-9cd7-a68d3b872346(uuid6776)
сент. 16, 2025 8:21:57 PM webapp.storage.AbstractStorage save
INFO: &amp#27;[32mSave 679dce0e-3610-410a-b168-6b0bf94e961b(uuid6777)
сент. 16, 2025 8:21:57 PM webapp.storage.AbstractStorage save
INFO: &amp#27;[32mSave 2fa72345-ff04-41d1-ab63-6b5af4cccb0f(uuid6778)
сент. 16, 2025 8:21:57 PM webapp.storage.AbstractStorage save
INFO: &amp#27;[32mSave 37ebf1a9-efa5-43eb-b644-49fe4e64260f(uuid6779)
сент. 16, 2025 8:21:57 PM webapp.storage.AbstractStorage save
INFO: &amp#27;[32mSave 50de282a-887d-478e-9a94-bc9a0ec069be(uuid6780)
сент. 16, 2025 8:21:57 PM webapp.storage.AbstractStorage save
INFO: &amp#27;[32mSave 88f04cc0-079e-438d-a161-3b45dfef4608(uuid6781)
сент. 16, 2025 8:21:57 PM webapp.storage.AbstractStorage save
INFO: &amp#27;[32mSave 8645ec83-873b-45a9-8015-39a2845c7a5e(uuid6782)
сент. 16, 2025 8:21:57 PM webapp.storage.AbstractStorage save
INFO: &amp#27;[32mSave ba030936-7ec1-40ef-b1ce-c5110b44b17a(uuid6783)
сент. 16, 2025 8:21:57 PM webapp.storage.AbstractStorage save
INFO: &amp#27;[32mSave 9677970d-6bac-480d-9fed-4481ef5e1aeb(uuid6784)
сент. 16, 2025 8:21:57 PM webapp.storage.AbstractStorage save
INFO: &amp#27;[32mSave 3b10217f-db2b-46cb-91bb-30822e7eb47f(uuid6785)
сент. 16, 2025 8:21:57 PM webapp.storage.AbstractStorage save
INFO: &amp#27;[32mSave 8c3723a7-29ce-4035-8215-ab4d64b1384b(uuid6786)
сент. 16, 2025 8:21:57 PM webapp.storage.AbstractStorage save
INFO: &amp#27;[32mSave ee7d8016-ba58-4c07-a3cc-2d9be6fd0e44(uuid6787)
сент. 16, 2025 8:21:57 PM webapp.storage.AbstractStorage save
INFO: &amp#27;[32mSave 01561ce0-ca68-46e6-8054-70af08480d27(uuid6788)
сент. 16, 2025 8:21:57 PM webapp.storage.AbstractStorage save
INFO: &amp#27;[32mSave 9f1b2f5e-922f-4f92-b0e3-0fc0b81d2937(uuid6789)
сент. 16, 2025 8:21:57 PM webapp.storage.AbstractStorage save
INFO: &amp#27;[32mSave 95cc0e9b-93cd-4151-9ec9-2d449eb0bafa(uuid6790)
сент. 16, 2025 8:21:57 PM webapp.storage.AbstractStorage save
INFO: &amp#27;[32mSave b7c577c6-eb50-498c-be3a-568ab62adfaa(uuid6791)
сент. 16, 2025 8:21:57 PM webapp.storage.AbstractStorage save
INFO: &amp#27;[32mSave 93d809a8-8aaf-4905-89d5-4b1a3c24de5f(uuid6792)
сент. 16, 2025 8:21:57 PM webapp.storage.AbstractStorage save
INFO: &amp#27;[32mSave 64881add-803e-40fb-9759-850ea951f8b2(uuid6793)
сент. 16, 2025 8:21:57 PM webapp.storage.AbstractStorage save
INFO: &amp#27;[32mSave 46f074f2-187f-4bb0-90d8-a8325c499fec(uuid6794)
сент. 16, 2025 8:21:57 PM webapp.storage.AbstractStorage save
INFO: &amp#27;[32mSave 933031fa-7437-4e2a-9953-de948ac613b6(uuid6795)
сент. 16, 2025 8:21:57 PM webapp.storage.AbstractStorage save
INFO: &amp#27;[32mSave 821df4e0-5c22-4f28-9f6d-0358fa861a85(uuid6796)
сент. 16, 2025 8:21:57 PM webapp.storage.AbstractStorage save
INFO: &amp#27;[32mSave e2f78dda-803f-4e75-a6e2-5b2330af7c46(uuid6797)
сент. 16, 2025 8:21:57 PM webapp.storage.AbstractStorage save
INFO: &amp#27;[32mSave 50e8afaf-707e-4951-80a5-e25e0548d259(uuid6798)
сент. 16, 2025 8:21:57 PM webapp.storage.AbstractStorage save
INFO: &amp#27;[32mSave b8583174-4101-4e0e-add9-ea226c2ae924(uuid6799)
сент. 16, 2025 8:21:57 PM webapp.storage.AbstractStorage save
INFO: &amp#27;[32mSave 9633d4ad-bb0f-42e0-a874-8ca606c79622(uuid6800)
сент. 16, 2025 8:21:57 PM webapp.storage.AbstractStorage save
INFO: &amp#27;[32mSave 1cb852c0-799b-49fd-a0c1-edd08164964f(uuid6801)
сент. 16, 2025 8:21:57 PM webapp.storage.AbstractStorage save
INFO: &amp#27;[32mSave c92bb299-9ebf-4588-b99a-e6f8cde89039(uuid6802)
сент. 16, 2025 8:21:57 PM webapp.storage.AbstractStorage save
INFO: &amp#27;[32mSave 694203ae-da3e-45a4-bf0c-cc535bffdfba(uuid6803)
сент. 16, 2025 8:21:57 PM webapp.storage.AbstractStorage save
INFO: &amp#27;[32mSave 325a1e6a-b812-4b0c-b39b-ef0b90459c32(uuid6804)
сент. 16, 2025 8:21:57 PM webapp.storage.AbstractStorage save
INFO: &amp#27;[32mSave 2a97de64-66d8-4444-9328-18231b745ad3(uuid6805)
сент. 16, 2025 8:21:57 PM webapp.storage.AbstractStorage save
INFO: &amp#27;[32mSave ab04eda0-8622-41bf-a6ad-831804a5e852(uuid6806)
сент. 16, 2025 8:21:57 PM webapp.storage.AbstractStorage save
INFO: &amp#27;[32mSave cc6c31b8-8086-4bd5-8940-e18b591c6bbd(uuid6807)
сент. 16, 2025 8:21:57 PM webapp.storage.AbstractStorage save
INFO: &amp#27;[32mSave aefd9b66-9402-43f0-ab4d-52078ad2bf39(uuid6808)
сент. 16, 2025 8:21:57 PM webapp.storage.AbstractStorage save
INFO: &amp#27;[32mSave fa3f3f9d-6f5d-4385-ba00-648f971eb0ac(uuid6809)
сент. 16, 2025 8:21:57 PM webapp.storage.AbstractStorage save
INFO: &amp#27;[32mSave dc59ec9e-e681-4d08-a385-7c4a7e599004(uuid6810)
сент. 16, 2025 8:21:57 PM webapp.storage.AbstractStorage save
INFO: &amp#27;[32mSave 0d98373f-6e35-470c-9f51-d39fe16c21d9(uuid6811)
сент. 16, 2025 8:21:57 PM webapp.storage.AbstractStorage save
INFO: &amp#27;[32mSave a8d84098-8a06-46c2-818d-179638795798(uuid6812)
сент. 16, 2025 8:21:57 PM webapp.storage.AbstractStorage save
INFO: &amp#27;[32mSave 8f202521-e4d0-4bea-ad9b-33a93863baa8(uuid6813)
сент. 16, 2025 8:21:57 PM webapp.storage.AbstractStorage save
INFO: &amp#27;[32mSave d00cc46a-e1a8-46de-a043-763330a8b0bc(uuid6814)
сент. 16, 2025 8:21:57 PM webapp.storage.AbstractStorage save
INFO: &amp#27;[32mSave 55725f26-eb7a-4e33-b8d6-08c7203a0498(uuid6815)
сент. 16, 2025 8:21:57 PM webapp.storage.AbstractStorage save
INFO: &amp#27;[32mSave 5270dcd8-f38b-42f9-94ad-66e5c34e9b65(uuid6816)
сент. 16, 2025 8:21:57 PM webapp.storage.AbstractStorage save
INFO: &amp#27;[32mSave 96b94e25-e9cc-416d-bbd8-1131d0a6fc1f(uuid6817)
сент. 16, 2025 8:21:57 PM webapp.storage.AbstractStorage save
INFO: &amp#27;[32mSave a4856b55-75a6-4a83-943a-6e164347bcf9(uuid6818)
сент. 16, 2025 8:21:57 PM webapp.storage.AbstractStorage save
INFO: &amp#27;[32mSave 8f8280c1-fb53-458d-907b-089e97c988b9(uuid6819)
сент. 16, 2025 8:21:57 PM webapp.storage.AbstractStorage save
INFO: &amp#27;[32mSave bc609deb-a08d-48ca-acce-89fc1d9baaf7(uuid6820)
сент. 16, 2025 8:21:57 PM webapp.storage.AbstractStorage save
INFO: &amp#27;[32mSave e8091b10-5549-4099-8be4-84903d773896(uuid6821)
сент. 16, 2025 8:21:57 PM webapp.storage.AbstractStorage save
INFO: &amp#27;[32mSave 7ef620a8-5796-4c99-ad19-8f30fa05d9ec(uuid6822)
сент. 16, 2025 8:21:57 PM webapp.storage.AbstractStorage save
INFO: &amp#27;[32mSave 34b87cfd-7409-4660-9416-65f2fee53026(uuid6823)
сент. 16, 2025 8:21:57 PM webapp.storage.AbstractStorage save
INFO: &amp#27;[32mSave af6b46c9-2796-45e9-876f-60ba5f3eaf9f(uuid6824)
сент. 16, 2025 8:21:57 PM webapp.storage.AbstractStorage save
INFO: &amp#27;[32mSave 1520b114-b787-48e7-ae49-8c78ddca93e8(uuid6825)
сент. 16, 2025 8:21:57 PM webapp.storage.AbstractStorage save
INFO: &amp#27;[32mSave 0550908c-23f9-46ce-9f8c-7f9082ef6e32(uuid6826)
сент. 16, 2025 8:21:57 PM webapp.storage.AbstractStorage save
INFO: &amp#27;[32mSave 4d1e8b8f-48fc-4c39-81b9-a8e9f3c94a61(uuid6827)
сент. 16, 2025 8:21:57 PM webapp.storage.AbstractStorage save
INFO: &amp#27;[32mSave 25a87ecc-ce57-44dd-8806-fa7b5bc22e52(uuid6828)
сент. 16, 2025 8:21:57 PM webapp.storage.AbstractStorage save
INFO: &amp#27;[32mSave 7ea00133-8766-4701-8f91-5c64f0b4db04(uuid6829)
сент. 16, 2025 8:21:57 PM webapp.storage.AbstractStorage save
INFO: &amp#27;[32mSave 81a056be-bbbe-4e77-afd4-13b0471523b4(uuid6830)
сент. 16, 2025 8:21:57 PM webapp.storage.AbstractStorage save
INFO: &amp#27;[32mSave 0cc007c7-0ac7-4003-8e3d-b4e8c2e3d6e8(uuid6831)
сент. 16, 2025 8:21:57 PM webapp.storage.AbstractStorage save
INFO: &amp#27;[32mSave e31c9f98-2e71-4cd4-a538-ad15a2af31b6(uuid6832)
сент. 16, 2025 8:21:57 PM webapp.storage.AbstractStorage save
INFO: &amp#27;[32mSave 9e6cc459-79ac-450c-9c48-6ecc42d061ed(uuid6833)
сент. 16, 2025 8:21:57 PM webapp.storage.AbstractStorage save
INFO: &amp#27;[32mSave f6b2f0c1-8f3a-43a0-9846-0fca9eb13912(uuid6834)
сент. 16, 2025 8:21:57 PM webapp.storage.AbstractStorage save
INFO: &amp#27;[32mSave 8a08ba63-e95d-436d-bb88-5f945f2155ba(uuid6835)
сент. 16, 2025 8:21:57 PM webapp.storage.AbstractStorage save
INFO: &amp#27;[32mSave e5f1a269-9739-48ed-8372-8e863546cabb(uuid6836)
сент. 16, 2025 8:21:57 PM webapp.storage.AbstractStorage save
INFO: &amp#27;[32mSave cf279ec1-560d-48b3-99a3-c5422f558eaf(uuid6837)
сент. 16, 2025 8:21:57 PM webapp.storage.AbstractStorage save
INFO: &amp#27;[32mSave 8adb4f4d-7d46-45b1-be03-7d141b3aed60(uuid6838)
сент. 16, 2025 8:21:57 PM webapp.storage.AbstractStorage save
INFO: &amp#27;[32mSave ea2eabe8-cbd7-42bd-8a07-f4a66bd11ae3(uuid6839)
сент. 16, 2025 8:21:57 PM webapp.storage.AbstractStorage save
INFO: &amp#27;[32mSave 2884988c-7a91-43cf-8738-fc4439764cd1(uuid6840)
сент. 16, 2025 8:21:57 PM webapp.storage.AbstractStorage save
INFO: &amp#27;[32mSave ab266655-d293-486e-8225-55780e6a4a94(uuid6841)
сент. 16, 2025 8:21:57 PM webapp.storage.AbstractStorage save
INFO: &amp#27;[32mSave 37467c5c-dca4-47a9-9383-efe193c5f503(uuid6842)
сент. 16, 2025 8:21:57 PM webapp.storage.AbstractStorage save
INFO: &amp#27;[32mSave d340198b-e7e9-4117-8611-6486c84b0f89(uuid6843)
сент. 16, 2025 8:21:57 PM webapp.storage.AbstractStorage save
INFO: &amp#27;[32mSave 1e54fa1c-195e-4a68-968e-b12bbb0ffeea(uuid6844)
сент. 16, 2025 8:21:57 PM webapp.storage.AbstractStorage save
INFO: &amp#27;[32mSave d71f6cf5-5e4e-4fe9-a8b8-6572706028e6(uuid6845)
сент. 16, 2025 8:21:57 PM webapp.storage.AbstractStorage save
INFO: &amp#27;[32mSave a6361b66-6d23-4609-8d85-4525eeea471e(uuid6846)
сент. 16, 2025 8:21:57 PM webapp.storage.AbstractStorage save
INFO: &amp#27;[32mSave 215e8e32-2864-4c33-8bbc-664298572cf6(uuid6847)
сент. 16, 2025 8:21:57 PM webapp.storage.AbstractStorage save
INFO: &amp#27;[32mSave d43025e2-0a53-4600-9c76-bd65e7c233e7(uuid6848)
сент. 16, 2025 8:21:57 PM webapp.storage.AbstractStorage save
INFO: &amp#27;[32mSave 209cb3d7-55b4-4a53-bd96-9ca775b1c833(uuid6849)
сент. 16, 2025 8:21:57 PM webapp.storage.AbstractStorage save
INFO: &amp#27;[32mSave 4e3a4342-3a74-4bd6-b275-bc3430f4b641(uuid6850)
сент. 16, 2025 8:21:57 PM webapp.storage.AbstractStorage save
INFO: &amp#27;[32mSave 8225478f-1f73-4440-881d-742878308ced(uuid6851)
сент. 16, 2025 8:21:57 PM webapp.storage.AbstractStorage save
INFO: &amp#27;[32mSave 09bfca7d-1580-4b02-a523-9b85c3ffe40a(uuid6852)
сент. 16, 2025 8:21:57 PM webapp.storage.AbstractStorage save
INFO: &amp#27;[32mSave d9fbc382-8abd-472f-b7cc-ce950b2eadc5(uuid6853)
сент. 16, 2025 8:21:57 PM webapp.storage.AbstractStorage save
INFO: &amp#27;[32mSave 31f8abad-26e7-4bda-bf8d-92846d16b437(uuid6854)
сент. 16, 2025 8:21:57 PM webapp.storage.AbstractStorage save
INFO: &amp#27;[32mSave 733d86bb-e2e7-4159-98ce-77cb59fa8eae(uuid6855)
сент. 16, 2025 8:21:57 PM webapp.storage.AbstractStorage save
INFO: &amp#27;[32mSave 1c45a0ed-f202-4ac6-8848-5355d9b98c86(uuid6856)
сент. 16, 2025 8:21:57 PM webapp.storage.AbstractStorage save
INFO: &amp#27;[32mSave cc2bdf88-9ece-4ec1-9ef6-8905aac92172(uuid6857)
сент. 16, 2025 8:21:57 PM webapp.storage.AbstractStorage save
INFO: &amp#27;[32mSave e9009a7a-4523-4a47-ba2c-27395e4b0a35(uuid6858)
сент. 16, 2025 8:21:57 PM webapp.storage.AbstractStorage save
INFO: &amp#27;[32mSave 3f83703d-18cc-4f2b-885d-dc31e85ef1a3(uuid6859)
сент. 16, 2025 8:21:57 PM webapp.storage.AbstractStorage save
INFO: &amp#27;[32mSave fd527cf8-b1b5-4031-bd9c-4d80aeb319d4(uuid6860)
сент. 16, 2025 8:21:57 PM webapp.storage.AbstractStorage save
INFO: &amp#27;[32mSave cfb65cff-130a-46bf-b34e-3533087a7665(uuid6861)
сент. 16, 2025 8:21:57 PM webapp.storage.AbstractStorage save
INFO: &amp#27;[32mSave c915cb8b-97e8-4d5e-a9f1-fab73135e92f(uuid6862)
сент. 16, 2025 8:21:57 PM webapp.storage.AbstractStorage save
INFO: &amp#27;[32mSave 7499d9c6-61d0-462a-8974-e6dff248b041(uuid6863)
сент. 16, 2025 8:21:57 PM webapp.storage.AbstractStorage save
INFO: &amp#27;[32mSave d1c14a48-cc64-4c50-9008-e11313257ddd(uuid6864)
сент. 16, 2025 8:21:57 PM webapp.storage.AbstractStorage save
INFO: &amp#27;[32mSave 3e1c0199-340d-4650-b65e-07b71db2b645(uuid6865)
сент. 16, 2025 8:21:57 PM webapp.storage.AbstractStorage save
INFO: &amp#27;[32mSave c5a585ed-59b5-472d-a614-b6df93751ab3(uuid6866)
сент. 16, 2025 8:21:57 PM webapp.storage.AbstractStorage save
INFO: &amp#27;[32mSave b63dbb37-6873-44bc-ab40-ae6f470f7486(uuid6867)
сент. 16, 2025 8:21:57 PM webapp.storage.AbstractStorage save
INFO: &amp#27;[32mSave 306bb97b-457d-4f15-83f4-d9c0ec5d613a(uuid6868)
сент. 16, 2025 8:21:57 PM webapp.storage.AbstractStorage save
INFO: &amp#27;[32mSave 38af6fd0-4aba-41ac-a8d2-f383a5042bc1(uuid6869)
сент. 16, 2025 8:21:57 PM webapp.storage.AbstractStorage save
INFO: &amp#27;[32mSave 844000c5-5dc3-4f59-b4e9-4b77760bdb88(uuid6870)
сент. 16, 2025 8:21:57 PM webapp.storage.AbstractStorage save
INFO: &amp#27;[32mSave dfbd69bf-bc18-4ded-8fe8-f0c36a3ad501(uuid6871)
сент. 16, 2025 8:21:57 PM webapp.storage.AbstractStorage save
INFO: &amp#27;[32mSave 060dd8a4-fe42-40dc-94c2-905941c0ba95(uuid6872)
сент. 16, 2025 8:21:57 PM webapp.storage.AbstractStorage save
INFO: &amp#27;[32mSave 6efb00aa-7423-4780-be7b-9591d1acef05(uuid6873)
сент. 16, 2025 8:21:57 PM webapp.storage.AbstractStorage save
INFO: &amp#27;[32mSave 7175fb51-7ce8-45c3-8ddd-4053b8b23ea7(uuid6874)
сент. 16, 2025 8:21:57 PM webapp.storage.AbstractStorage save
INFO: &amp#27;[32mSave f3c09ff1-cb38-4eff-94e4-5e0e8f68ba57(uuid6875)
сент. 16, 2025 8:21:57 PM webapp.storage.AbstractStorage save
INFO: &amp#27;[32mSave 65f709e6-ee47-4638-bd1d-12491e173ba7(uuid6876)
сент. 16, 2025 8:21:57 PM webapp.storage.AbstractStorage save
INFO: &amp#27;[32mSave 03999885-e3f1-49ec-8318-66b576012288(uuid6877)
сент. 16, 2025 8:21:57 PM webapp.storage.AbstractStorage save
INFO: &amp#27;[32mSave 246c95cf-1348-4407-ab60-477e4fe2597f(uuid6878)
сент. 16, 2025 8:21:57 PM webapp.storage.AbstractStorage save
INFO: &amp#27;[32mSave cb0c1ad0-fa7e-4fdd-ac81-29ba2cba4137(uuid6879)
сент. 16, 2025 8:21:57 PM webapp.storage.AbstractStorage save
INFO: &amp#27;[32mSave ff06d819-24b5-4fb9-b34a-64e060be0ba4(uuid6880)
сент. 16, 2025 8:21:57 PM webapp.storage.AbstractStorage save
INFO: &amp#27;[32mSave e7e6cd9e-6833-4fc4-a168-5df54fdcab97(uuid6881)
сент. 16, 2025 8:21:57 PM webapp.storage.AbstractStorage save
INFO: &amp#27;[32mSave 769cf42d-0343-43cc-8698-cae1fa4ba626(uuid6882)
сент. 16, 2025 8:21:57 PM webapp.storage.AbstractStorage save
INFO: &amp#27;[32mSave 900598f6-acea-4a2b-9fb0-49b572a056d3(uuid6883)
сент. 16, 2025 8:21:57 PM webapp.storage.AbstractStorage save
INFO: &amp#27;[32mSave 2b9bef4d-0f14-4150-b5e8-7fa503c90bcc(uuid6884)
сент. 16, 2025 8:21:57 PM webapp.storage.AbstractStorage save
INFO: &amp#27;[32mSave f956f49f-e60d-43ad-ab6d-da7503412193(uuid6885)
сент. 16, 2025 8:21:57 PM webapp.storage.AbstractStorage save
INFO: &amp#27;[32mSave bd813083-6cfd-412a-b419-ef8293c3a59f(uuid6886)
сент. 16, 2025 8:21:57 PM webapp.storage.AbstractStorage save
INFO: &amp#27;[32mSave 51841c1d-2a37-43d6-a86a-5dc2167036c0(uuid6887)
сент. 16, 2025 8:21:57 PM webapp.storage.AbstractStorage save
INFO: &amp#27;[32mSave 2c418970-43b9-42d8-a5df-0165ff7b6fb2(uuid6888)
сент. 16, 2025 8:21:57 PM webapp.storage.AbstractStorage save
INFO: &amp#27;[32mSave 7028407f-524d-4ca2-b67d-856a916e582d(uuid6889)
сент. 16, 2025 8:21:57 PM webapp.storage.AbstractStorage save
INFO: &amp#27;[32mSave 20d6aa43-892d-4137-ac25-6f7940901b58(uuid6890)
сент. 16, 2025 8:21:57 PM webapp.storage.AbstractStorage save
INFO: &amp#27;[32mSave 49c3d2f1-57b2-466f-b46d-bd84e955ed1a(uuid6891)
сент. 16, 2025 8:21:57 PM webapp.storage.AbstractStorage save
INFO: &amp#27;[32mSave 77bc919d-5b6c-4fe4-b92d-3653a94efd5a(uuid6892)
сент. 16, 2025 8:21:57 PM webapp.storage.AbstractStorage save
INFO: &amp#27;[32mSave ee5b3107-e882-4b0e-b2a6-99122fcb6ed9(uuid6893)
сент. 16, 2025 8:21:57 PM webapp.storage.AbstractStorage save
INFO: &amp#27;[32mSave 7fa3c619-139c-4ab7-9041-0887f6fb7e32(uuid6894)
сент. 16, 2025 8:21:57 PM webapp.storage.AbstractStorage save
INFO: &amp#27;[32mSave 0d23575c-56a6-42e3-81c2-8e6bf3547d70(uuid6895)
сент. 16, 2025 8:21:57 PM webapp.storage.AbstractStorage save
INFO: &amp#27;[32mSave 1895f240-2887-4a0c-9c6a-902d01e04b0b(uuid6896)
сент. 16, 2025 8:21:57 PM webapp.storage.AbstractStorage save
INFO: &amp#27;[32mSave eb5bd572-77ca-4e12-9dc5-22fcde7e7222(uuid6897)
сент. 16, 2025 8:21:57 PM webapp.storage.AbstractStorage save
INFO: &amp#27;[32mSave e64b9a3e-1305-4387-9bfb-ca9493baef37(uuid6898)
сент. 16, 2025 8:21:57 PM webapp.storage.AbstractStorage save
INFO: &amp#27;[32mSave 27d75467-d6f2-4430-9018-2acc46c2cc32(uuid6899)
сент. 16, 2025 8:21:57 PM webapp.storage.AbstractStorage save
INFO: &amp#27;[32mSave c16aefb4-7ff5-4079-ba94-80999ace32f9(uuid6900)
сент. 16, 2025 8:21:57 PM webapp.storage.AbstractStorage save
INFO: &amp#27;[32mSave d3bec98b-6748-4ae8-aecf-2979f4923725(uuid6901)
сент. 16, 2025 8:21:57 PM webapp.storage.AbstractStorage save
INFO: &amp#27;[32mSave fbda6f0d-cd91-40f6-ae54-06bc0458264a(uuid6902)
сент. 16, 2025 8:21:57 PM webapp.storage.AbstractStorage save
INFO: &amp#27;[32mSave fdf10ce8-9ae7-480b-a589-f6bfd264cf18(uuid6903)
сент. 16, 2025 8:21:57 PM webapp.storage.AbstractStorage save
INFO: &amp#27;[32mSave 2b3b5097-6fa3-49dd-85c4-37a4afe54ef4(uuid6904)
сент. 16, 2025 8:21:57 PM webapp.storage.AbstractStorage save
INFO: &amp#27;[32mSave 6f75c25f-e5d9-4c90-a2c4-1539279fd91e(uuid6905)
сент. 16, 2025 8:21:57 PM webapp.storage.AbstractStorage save
INFO: &amp#27;[32mSave 37c318ce-91a2-4221-99d3-85d99d3fde83(uuid6906)
сент. 16, 2025 8:21:57 PM webapp.storage.AbstractStorage save
INFO: &amp#27;[32mSave 79543515-39d9-4b65-b562-35f1ce3d2587(uuid6907)
сент. 16, 2025 8:21:57 PM webapp.storage.AbstractStorage save
INFO: &amp#27;[32mSave 7216f650-6c02-486d-ad8d-b38c3c4159ba(uuid6908)
сент. 16, 2025 8:21:57 PM webapp.storage.AbstractStorage save
INFO: &amp#27;[32mSave 12b98aa0-165a-4690-8c6d-26fa58986dc0(uuid6909)
сент. 16, 2025 8:21:57 PM webapp.storage.AbstractStorage save
INFO: &amp#27;[32mSave 0cc110ea-a083-4009-a6db-05c04e8f3f7b(uuid6910)
сент. 16, 2025 8:21:57 PM webapp.storage.AbstractStorage save
INFO: &amp#27;[32mSave 22801043-fc4d-440a-ac54-d04a5c0e5171(uuid6911)
сент. 16, 2025 8:21:57 PM webapp.storage.AbstractStorage save
INFO: &amp#27;[32mSave a871f34e-6973-4861-9d3c-2eb48198b6af(uuid6912)
сент. 16, 2025 8:21:57 PM webapp.storage.AbstractStorage save
INFO: &amp#27;[32mSave 26a9d02c-41ea-49f1-856f-76c6ad89215a(uuid6913)
сент. 16, 2025 8:21:57 PM webapp.storage.AbstractStorage save
INFO: &amp#27;[32mSave 728ae8c5-b3d2-4f32-bbbf-30fe0bf47625(uuid6914)
сент. 16, 2025 8:21:57 PM webapp.storage.AbstractStorage save
INFO: &amp#27;[32mSave 422c610c-e3d9-41ad-82c9-82a6b1882d95(uuid6915)
сент. 16, 2025 8:21:57 PM webapp.storage.AbstractStorage save
INFO: &amp#27;[32mSave fe0b7dc6-2946-45e5-a247-8dd434c569f3(uuid6916)
сент. 16, 2025 8:21:57 PM webapp.storage.AbstractStorage save
INFO: &amp#27;[32mSave a8ea5a03-7e7a-492c-95c3-e635fff78815(uuid6917)
сент. 16, 2025 8:21:57 PM webapp.storage.AbstractStorage save
INFO: &amp#27;[32mSave cc753856-e8cc-49c2-8ccd-1096780bed56(uuid6918)
сент. 16, 2025 8:21:57 PM webapp.storage.AbstractStorage save
INFO: &amp#27;[32mSave d0a2f370-5bdc-4060-97b2-1e06cedff8c4(uuid6919)
сент. 16, 2025 8:21:57 PM webapp.storage.AbstractStorage save
INFO: &amp#27;[32mSave 62d378bd-cb2a-476d-ab11-8bd68637fce5(uuid6920)
сент. 16, 2025 8:21:57 PM webapp.storage.AbstractStorage save
INFO: &amp#27;[32mSave 36ec68fe-a368-444c-aad3-2bb6eb420e3b(uuid6921)
сент. 16, 2025 8:21:57 PM webapp.storage.AbstractStorage save
INFO: &amp#27;[32mSave defb6990-157a-4007-81ff-d96ec0596a8f(uuid6922)
сент. 16, 2025 8:21:57 PM webapp.storage.AbstractStorage save
INFO: &amp#27;[32mSave b98cce00-2469-41ad-984a-7c458d2858dc(uuid6923)
сент. 16, 2025 8:21:57 PM webapp.storage.AbstractStorage save
INFO: &amp#27;[32mSave 5789e5e2-0d09-4d9e-be3e-b12ac68651ef(uuid6924)
сент. 16, 2025 8:21:57 PM webapp.storage.AbstractStorage save
INFO: &amp#27;[32mSave 2319b68e-09fc-4531-90b7-0654b6c1ecee(uuid6925)
сент. 16, 2025 8:21:57 PM webapp.storage.AbstractStorage save
INFO: &amp#27;[32mSave 569dd3d1-dfb7-4c07-a810-c001b3d6b05b(uuid6926)
сент. 16, 2025 8:21:57 PM webapp.storage.AbstractStorage save
INFO: &amp#27;[32mSave b60d7023-c67d-4933-88e4-9b96d782ba01(uuid6927)
сент. 16, 2025 8:21:57 PM webapp.storage.AbstractStorage save
INFO: &amp#27;[32mSave 1670f1db-7b65-4c4c-ad5f-9419e8988d84(uuid6928)
сент. 16, 2025 8:21:57 PM webapp.storage.AbstractStorage save
INFO: &amp#27;[32mSave 06fb8d31-ed94-4e37-b60c-53e2f7678765(uuid6929)
сент. 16, 2025 8:21:57 PM webapp.storage.AbstractStorage save
INFO: &amp#27;[32mSave 3c1f095e-ee2a-438d-9512-4d2240dc57fc(uuid6930)
сент. 16, 2025 8:21:57 PM webapp.storage.AbstractStorage save
INFO: &amp#27;[32mSave 6635d4c8-5381-4b3a-8a41-94d3f03500d0(uuid6931)
сент. 16, 2025 8:21:57 PM webapp.storage.AbstractStorage save
INFO: &amp#27;[32mSave c1792747-010e-4bd9-8908-062d1cfaaef5(uuid6932)
сент. 16, 2025 8:21:57 PM webapp.storage.AbstractStorage save
INFO: &amp#27;[32mSave 14bb0cbf-99cd-4376-ad4e-ef572b189f0a(uuid6933)
сент. 16, 2025 8:21:57 PM webapp.storage.AbstractStorage save
INFO: &amp#27;[32mSave 23e7623d-45b3-45f3-8a74-fc21b625d256(uuid6934)
сент. 16, 2025 8:21:57 PM webapp.storage.AbstractStorage save
INFO: &amp#27;[32mSave 3ba75591-1e41-4d75-96bd-1d9c7a4683e0(uuid6935)
сент. 16, 2025 8:21:57 PM webapp.storage.AbstractStorage save
INFO: &amp#27;[32mSave 01c4cca9-0f8f-4ed9-b0c6-64b150930673(uuid6936)
сент. 16, 2025 8:21:57 PM webapp.storage.AbstractStorage save
INFO: &amp#27;[32mSave 22b9f7bd-9aee-4c87-9686-26d03d39beda(uuid6937)
сент. 16, 2025 8:21:57 PM webapp.storage.AbstractStorage save
INFO: &amp#27;[32mSave cf7bd8cd-a7f4-4747-828c-af53ea33654d(uuid6938)
сент. 16, 2025 8:21:57 PM webapp.storage.AbstractStorage save
INFO: &amp#27;[32mSave 2966bf09-5d31-4580-bfe9-8f27116e7bb5(uuid6939)
сент. 16, 2025 8:21:57 PM webapp.storage.AbstractStorage save
INFO: &amp#27;[32mSave 3fae3cb9-f5cd-40ee-bacf-0c6e150c56f7(uuid6940)
сент. 16, 2025 8:21:57 PM webapp.storage.AbstractStorage save
INFO: &amp#27;[32mSave 11605a2c-7d04-4f1b-a502-466abf4ba36f(uuid6941)
сент. 16, 2025 8:21:57 PM webapp.storage.AbstractStorage save
INFO: &amp#27;[32mSave 14687125-336d-4d5e-b341-f942d91e8bcb(uuid6942)
сент. 16, 2025 8:21:57 PM webapp.storage.AbstractStorage save
INFO: &amp#27;[32mSave d8ed54a7-07f0-4193-8784-2304533f2c79(uuid6943)
сент. 16, 2025 8:21:57 PM webapp.storage.AbstractStorage save
INFO: &amp#27;[32mSave aef6d83e-c9fd-4fcb-bd97-78dc2006f20d(uuid6944)
сент. 16, 2025 8:21:57 PM webapp.storage.AbstractStorage save
INFO: &amp#27;[32mSave 724bfe7d-f6ba-47d6-a1b1-84f43051c825(uuid6945)
сент. 16, 2025 8:21:57 PM webapp.storage.AbstractStorage save
INFO: &amp#27;[32mSave 29ce8122-55fe-4ac2-9b33-8df3dd1bf6af(uuid6946)
сент. 16, 2025 8:21:57 PM webapp.storage.AbstractStorage save
INFO: &amp#27;[32mSave fc448bcf-6766-44f1-8bb7-2822e3e6c914(uuid6947)
сент. 16, 2025 8:21:57 PM webapp.storage.AbstractStorage save
INFO: &amp#27;[32mSave f11f4633-c666-45a7-9606-3ef37865f5b3(uuid6948)
сент. 16, 2025 8:21:57 PM webapp.storage.AbstractStorage save
INFO: &amp#27;[32mSave 29f5fe90-b7c9-4dff-8dc6-ba4abbd7b262(uuid6949)
сент. 16, 2025 8:21:57 PM webapp.storage.AbstractStorage save
INFO: &amp#27;[32mSave 82905b07-3a53-42c2-a7dd-d9014f3e14a6(uuid6950)
сент. 16, 2025 8:21:57 PM webapp.storage.AbstractStorage save
INFO: &amp#27;[32mSave f92ca5dc-58c0-4aa5-8573-30425d5a2391(uuid6951)
сент. 16, 2025 8:21:57 PM webapp.storage.AbstractStorage save
INFO: &amp#27;[32mSave e6188705-dad0-4fad-a62e-a05e2cf15ba4(uuid6952)
сент. 16, 2025 8:21:57 PM webapp.storage.AbstractStorage save
INFO: &amp#27;[32mSave 93f0c01a-77ad-4be5-a589-6b02d58b427d(uuid6953)
сент. 16, 2025 8:21:57 PM webapp.storage.AbstractStorage save
INFO: &amp#27;[32mSave 5f77149f-1a80-40de-a926-e3426355e933(uuid6954)
сент. 16, 2025 8:21:57 PM webapp.storage.AbstractStorage save
INFO: &amp#27;[32mSave 4cf2a98f-1e7c-4fdb-89ea-012291f0dc98(uuid6955)
сент. 16, 2025 8:21:57 PM webapp.storage.AbstractStorage save
INFO: &amp#27;[32mSave a1eb8f1b-a017-48de-85a1-ac8d1889c538(uuid6956)
сент. 16, 2025 8:21:57 PM webapp.storage.AbstractStorage save
INFO: &amp#27;[32mSave f0c00b8c-7c04-4326-8e1c-62d16d19c16b(uuid6957)
сент. 16, 2025 8:21:57 PM webapp.storage.AbstractStorage save
INFO: &amp#27;[32mSave 3d03657e-9964-47d5-b792-f11908558bc3(uuid6958)
сент. 16, 2025 8:21:57 PM webapp.storage.AbstractStorage save
INFO: &amp#27;[32mSave 85d36077-8605-49a8-add3-ceb29d15a64b(uuid6959)
сент. 16, 2025 8:21:57 PM webapp.storage.AbstractStorage save
INFO: &amp#27;[32mSave 1585b852-5ab1-4469-8121-c0ff80d2aeb3(uuid6960)
сент. 16, 2025 8:21:57 PM webapp.storage.AbstractStorage save
INFO: &amp#27;[32mSave f8b84b9d-521a-40ac-810f-7039427e88f0(uuid6961)
сент. 16, 2025 8:21:57 PM webapp.storage.AbstractStorage save
INFO: &amp#27;[32mSave b8c78cd6-de6e-4728-91db-c70397399e3a(uuid6962)
сент. 16, 2025 8:21:57 PM webapp.storage.AbstractStorage save
INFO: &amp#27;[32mSave 9af53762-2f36-4ba0-9876-481e27ef0cd7(uuid6963)
сент. 16, 2025 8:21:57 PM webapp.storage.AbstractStorage save
INFO: &amp#27;[32mSave d3203bce-82ea-4e1c-a840-9a3aa6b15115(uuid6964)
сент. 16, 2025 8:21:57 PM webapp.storage.AbstractStorage save
INFO: &amp#27;[32mSave 9c5dcdbe-8a25-4780-8d5f-c3258230bcfe(uuid6965)
сент. 16, 2025 8:21:57 PM webapp.storage.AbstractStorage save
INFO: &amp#27;[32mSave 2590c885-a1bc-4d87-a56a-16f9218a5b88(uuid6966)
сент. 16, 2025 8:21:57 PM webapp.storage.AbstractStorage save
INFO: &amp#27;[32mSave 6b2b0674-4c76-4cf9-a39c-b8e651c853c3(uuid6967)
сент. 16, 2025 8:21:57 PM webapp.storage.AbstractStorage save
INFO: &amp#27;[32mSave 8d54ced6-53c4-4bc4-96f2-3c6097939b04(uuid6968)
сент. 16, 2025 8:21:57 PM webapp.storage.AbstractStorage save
INFO: &amp#27;[32mSave ca0f4a96-5a3e-492b-a77b-d6deacf7adb0(uuid6969)
сент. 16, 2025 8:21:57 PM webapp.storage.AbstractStorage save
INFO: &amp#27;[32mSave 9eccc7da-5ae9-4951-bbed-1b27a7d2fe5b(uuid6970)
сент. 16, 2025 8:21:57 PM webapp.storage.AbstractStorage save
INFO: &amp#27;[32mSave 5b5c1fbd-0878-4258-acc2-a7f8310b1954(uuid6971)
сент. 16, 2025 8:21:57 PM webapp.storage.AbstractStorage save
INFO: &amp#27;[32mSave 08709bb0-e746-4b87-875b-40f6e7b427ce(uuid6972)
сент. 16, 2025 8:21:57 PM webapp.storage.AbstractStorage save
INFO: &amp#27;[32mSave eeaf5c7f-8f5a-4e45-a529-a4b8628c651e(uuid6973)
сент. 16, 2025 8:21:57 PM webapp.storage.AbstractStorage save
INFO: &amp#27;[32mSave 5a425d5b-0fda-436f-9e93-59f37a4802bd(uuid6974)
сент. 16, 2025 8:21:57 PM webapp.storage.AbstractStorage save
INFO: &amp#27;[32mSave 01fc358c-1228-4018-b6b7-de476121a625(uuid6975)
сент. 16, 2025 8:21:57 PM webapp.storage.AbstractStorage save
INFO: &amp#27;[32mSave 27ddb93a-cff4-4a54-bd40-4916b736bc21(uuid6976)
сент. 16, 2025 8:21:57 PM webapp.storage.AbstractStorage save
INFO: &amp#27;[32mSave 0529b614-9a79-492b-9c7f-8fcf627ac2cc(uuid6977)
сент. 16, 2025 8:21:57 PM webapp.storage.AbstractStorage save
INFO: &amp#27;[32mSave fb5668a4-b7fe-49bf-8bee-77c361e900da(uuid6978)
сент. 16, 2025 8:21:57 PM webapp.storage.AbstractStorage save
INFO: &amp#27;[32mSave ea94cded-4c53-46cb-95af-51ee404d7e46(uuid6979)
сент. 16, 2025 8:21:57 PM webapp.storage.AbstractStorage save
INFO: &amp#27;[32mSave be4b4950-db7a-4886-a2d6-3c803742e7c8(uuid6980)
сент. 16, 2025 8:21:57 PM webapp.storage.AbstractStorage save
INFO: &amp#27;[32mSave 010a74e0-e094-45b3-a7b7-272d66be3a6b(uuid6981)
сент. 16, 2025 8:21:57 PM webapp.storage.AbstractStorage save
INFO: &amp#27;[32mSave 9a72bdfb-fb93-4fd7-9b72-85c6bb40c254(uuid6982)
сент. 16, 2025 8:21:57 PM webapp.storage.AbstractStorage save
INFO: &amp#27;[32mSave 8b2c63ab-a2f5-41db-83f7-2fa335308a95(uuid6983)
сент. 16, 2025 8:21:57 PM webapp.storage.AbstractStorage save
INFO: &amp#27;[32mSave 0f224259-b43d-491f-b963-b796a60e7758(uuid6984)
сент. 16, 2025 8:21:57 PM webapp.storage.AbstractStorage save
INFO: &amp#27;[32mSave 2469ee20-48f3-4c00-a851-c76d338de59b(uuid6985)
сент. 16, 2025 8:21:57 PM webapp.storage.AbstractStorage save
INFO: &amp#27;[32mSave f778270b-40cb-480d-a65f-cf4b42e3e06b(uuid6986)
сент. 16, 2025 8:21:57 PM webapp.storage.AbstractStorage save
INFO: &amp#27;[32mSave 18951f62-30f9-4c9d-94a3-d199270b0eef(uuid6987)
сент. 16, 2025 8:21:57 PM webapp.storage.AbstractStorage save
INFO: &amp#27;[32mSave 182e4d9a-1064-4437-9c23-3470f80e1450(uuid6988)
сент. 16, 2025 8:21:57 PM webapp.storage.AbstractStorage save
INFO: &amp#27;[32mSave f6361c35-8c2b-434a-8229-86cdb418f424(uuid6989)
сент. 16, 2025 8:21:57 PM webapp.storage.AbstractStorage save
INFO: &amp#27;[32mSave 04544ba4-4f6c-4906-b4ad-9f9d535bd7b2(uuid6990)
сент. 16, 2025 8:21:57 PM webapp.storage.AbstractStorage save
INFO: &amp#27;[32mSave cdad2cd5-fb2d-401a-9965-27914abc0f7d(uuid6991)
сент. 16, 2025 8:21:57 PM webapp.storage.AbstractStorage save
INFO: &amp#27;[32mSave efa3fd39-9b33-4b45-b995-62831ca7b3a3(uuid6992)
сент. 16, 2025 8:21:57 PM webapp.storage.AbstractStorage save
INFO: &amp#27;[32mSave c3885fb9-c414-440b-a92f-94881769b754(uuid6993)
сент. 16, 2025 8:21:57 PM webapp.storage.AbstractStorage save
INFO: &amp#27;[32mSave 9f8c4a00-6cfe-4036-8a35-df706a4110f2(uuid6994)
сент. 16, 2025 8:21:57 PM webapp.storage.AbstractStorage save
INFO: &amp#27;[32mSave b6783807-e8b5-4ab1-8376-c5d81b1fb386(uuid6995)
сент. 16, 2025 8:21:57 PM webapp.storage.AbstractStorage save
INFO: &amp#27;[32mSave 0601ee6b-c6f2-474c-9eb8-d71db575b6e3(uuid6996)
сент. 16, 2025 8:21:57 PM webapp.storage.AbstractStorage save
INFO: &amp#27;[32mSave 8ecbd8e9-1693-4cb2-8c5a-3ee889894ec5(uuid6997)
сент. 16, 2025 8:21:57 PM webapp.storage.AbstractStorage save
INFO: &amp#27;[32mSave 6b8b161d-bd7c-4259-85a9-2b129290f17b(uuid6998)
сент. 16, 2025 8:21:57 PM webapp.storage.AbstractStorage save
INFO: &amp#27;[32mSave c41782cb-7af6-49b4-95da-c015f98d8112(uuid6999)
сент. 16, 2025 8:21:57 PM webapp.storage.AbstractStorage save
INFO: &amp#27;[32mSave aad9fcba-b5ae-486e-b54b-0baf0c23eeb7(uuid7000)
сент. 16, 2025 8:21:57 PM webapp.storage.AbstractStorage save
INFO: &amp#27;[32mSave 765c4e1c-5cee-42cc-98e1-9f256cc37c00(uuid7001)
сент. 16, 2025 8:21:57 PM webapp.storage.AbstractStorage save
INFO: &amp#27;[32mSave f6028498-2ce8-4c29-a0f8-ed12abf2444c(uuid7002)
сент. 16, 2025 8:21:57 PM webapp.storage.AbstractStorage save
INFO: &amp#27;[32mSave 1f8938cc-279a-41c4-ae4b-9e03e9edff4f(uuid7003)
сент. 16, 2025 8:21:57 PM webapp.storage.AbstractStorage save
INFO: &amp#27;[32mSave b31ea9a4-bfa1-499a-821e-b7d44aae8da1(uuid7004)
сент. 16, 2025 8:21:57 PM webapp.storage.AbstractStorage save
INFO: &amp#27;[32mSave d77d8e63-15a3-4cea-b67f-ac9e575d0f6e(uuid7005)
сент. 16, 2025 8:21:57 PM webapp.storage.AbstractStorage save
INFO: &amp#27;[32mSave de498a07-52f5-4759-b6d9-879573c5091a(uuid7006)
сент. 16, 2025 8:21:57 PM webapp.storage.AbstractStorage save
INFO: &amp#27;[32mSave fa93512f-bbdb-4e53-a680-2e13745d6af4(uuid7007)
сент. 16, 2025 8:21:57 PM webapp.storage.AbstractStorage save
INFO: &amp#27;[32mSave f492beb9-3d0c-40cc-8ef4-4fbc2f6e8c02(uuid7008)
сент. 16, 2025 8:21:57 PM webapp.storage.AbstractStorage save
INFO: &amp#27;[32mSave de52f5e1-e189-41f6-b9db-656ab36cf47a(uuid7009)
сент. 16, 2025 8:21:57 PM webapp.storage.AbstractStorage save
INFO: &amp#27;[32mSave ada0e55d-0b7d-4c20-afe6-c002adbd1686(uuid7010)
сент. 16, 2025 8:21:57 PM webapp.storage.AbstractStorage save
INFO: &amp#27;[32mSave 2c9f84fa-a8fe-4898-b8a8-8f6f65ee64c1(uuid7011)
сент. 16, 2025 8:21:57 PM webapp.storage.AbstractStorage save
INFO: &amp#27;[32mSave 1b8d99ca-f29d-415b-90f0-3936e1478b36(uuid7012)
сент. 16, 2025 8:21:57 PM webapp.storage.AbstractStorage save
INFO: &amp#27;[32mSave 4583dd16-bf33-46f4-86fb-e252675b1075(uuid7013)
сент. 16, 2025 8:21:57 PM webapp.storage.AbstractStorage save
INFO: &amp#27;[32mSave 10c722ad-0791-40be-a9dd-9b38a654dfe6(uuid7014)
сент. 16, 2025 8:21:57 PM webapp.storage.AbstractStorage save
INFO: &amp#27;[32mSave 8080fbd6-2a32-4a92-b747-e95e705ad9d3(uuid7015)
сент. 16, 2025 8:21:57 PM webapp.storage.AbstractStorage save
INFO: &amp#27;[32mSave 8d68f315-6be1-4ca1-b950-da97955d754c(uuid7016)
сент. 16, 2025 8:21:57 PM webapp.storage.AbstractStorage save
INFO: &amp#27;[32mSave 7d2996cc-2db1-41ba-b2a6-30dcddee3865(uuid7017)
сент. 16, 2025 8:21:57 PM webapp.storage.AbstractStorage save
INFO: &amp#27;[32mSave 06040196-5835-42bf-8bf1-a017e2578404(uuid7018)
сент. 16, 2025 8:21:57 PM webapp.storage.AbstractStorage save
INFO: &amp#27;[32mSave cf2d4892-fca5-452b-ae37-bda86b6146e5(uuid7019)
сент. 16, 2025 8:21:57 PM webapp.storage.AbstractStorage save
INFO: &amp#27;[32mSave e47e24f2-fce1-4bb4-a31b-663a78faa516(uuid7020)
сент. 16, 2025 8:21:57 PM webapp.storage.AbstractStorage save
INFO: &amp#27;[32mSave 06910f0b-4a79-4d76-8943-65c6fd3ee395(uuid7021)
сент. 16, 2025 8:21:57 PM webapp.storage.AbstractStorage save
INFO: &amp#27;[32mSave 36dc16e0-ffda-4492-bbcb-6786d0fc6d0b(uuid7022)
сент. 16, 2025 8:21:57 PM webapp.storage.AbstractStorage save
INFO: &amp#27;[32mSave f76c34df-67b0-43b3-bcd7-0ea8b063440e(uuid7023)
сент. 16, 2025 8:21:57 PM webapp.storage.AbstractStorage save
INFO: &amp#27;[32mSave 4b34e715-6c7b-4602-ad20-fe8717128a4b(uuid7024)
сент. 16, 2025 8:21:57 PM webapp.storage.AbstractStorage save
INFO: &amp#27;[32mSave 38bc8bef-72fb-4f60-a1a6-937858321a50(uuid7025)
сент. 16, 2025 8:21:57 PM webapp.storage.AbstractStorage save
INFO: &amp#27;[32mSave 233bc13b-f3bc-4384-ac41-7b55a2220bc3(uuid7026)
сент. 16, 2025 8:21:57 PM webapp.storage.AbstractStorage save
INFO: &amp#27;[32mSave e4cfb62c-4e06-4cbf-bfea-661719c8c104(uuid7027)
сент. 16, 2025 8:21:57 PM webapp.storage.AbstractStorage save
INFO: &amp#27;[32mSave 6785a81d-8011-48e9-afce-2e6f8ab5b541(uuid7028)
сент. 16, 2025 8:21:57 PM webapp.storage.AbstractStorage save
INFO: &amp#27;[32mSave f2224b0a-aa84-468b-94c7-2c09b4a4992f(uuid7029)
сент. 16, 2025 8:21:57 PM webapp.storage.AbstractStorage save
INFO: &amp#27;[32mSave 23212641-7b35-443e-bb9d-ff2050b6f672(uuid7030)
сент. 16, 2025 8:21:57 PM webapp.storage.AbstractStorage save
INFO: &amp#27;[32mSave ef3745e2-fa85-4b19-8272-21279627d991(uuid7031)
сент. 16, 2025 8:21:57 PM webapp.storage.AbstractStorage save
INFO: &amp#27;[32mSave 59a660dc-1a6f-477b-94e1-4572241171ad(uuid7032)
сент. 16, 2025 8:21:57 PM webapp.storage.AbstractStorage save
INFO: &amp#27;[32mSave ea0ad353-b0f0-495a-9a5d-cb9a7a9c389f(uuid7033)
сент. 16, 2025 8:21:57 PM webapp.storage.AbstractStorage save
INFO: &amp#27;[32mSave 4c44e600-bb21-4a4e-9c1b-414847800d6d(uuid7034)
сент. 16, 2025 8:21:57 PM webapp.storage.AbstractStorage save
INFO: &amp#27;[32mSave 7c49ac93-cbb6-4ead-ba67-f86c913cd37c(uuid7035)
сент. 16, 2025 8:21:57 PM webapp.storage.AbstractStorage save
INFO: &amp#27;[32mSave a1992f3f-ae93-42ba-a891-fec761d28f98(uuid7036)
сент. 16, 2025 8:21:57 PM webapp.storage.AbstractStorage save
INFO: &amp#27;[32mSave 916819a2-4b40-41e1-b653-3cad98abed49(uuid7037)
сент. 16, 2025 8:21:57 PM webapp.storage.AbstractStorage save
INFO: &amp#27;[32mSave 1eb14664-e6ef-446b-8250-e566ebb94801(uuid7038)
сент. 16, 2025 8:21:57 PM webapp.storage.AbstractStorage save
INFO: &amp#27;[32mSave d25dec13-edee-4f96-b2d4-cb3be6d6e069(uuid7039)
сент. 16, 2025 8:21:57 PM webapp.storage.AbstractStorage save
INFO: &amp#27;[32mSave cbf689a4-02d8-4fbd-b3fb-202f5c150927(uuid7040)
сент. 16, 2025 8:21:57 PM webapp.storage.AbstractStorage save
INFO: &amp#27;[32mSave a7a40057-e9f6-470d-8360-82549d3e0910(uuid7041)
сент. 16, 2025 8:21:57 PM webapp.storage.AbstractStorage save
INFO: &amp#27;[32mSave 94baaa68-9451-4581-858e-f58aaf6c67d4(uuid7042)
сент. 16, 2025 8:21:57 PM webapp.storage.AbstractStorage save
INFO: &amp#27;[32mSave e3cce983-d5cd-44b0-91f7-1ecc245c2ab4(uuid7043)
сент. 16, 2025 8:21:57 PM webapp.storage.AbstractStorage save
INFO: &amp#27;[32mSave 93115502-88e6-4dd8-a76a-54acccb9ae97(uuid7044)
сент. 16, 2025 8:21:57 PM webapp.storage.AbstractStorage save
INFO: &amp#27;[32mSave 62f91c60-e7a0-435f-9e71-e31efb9cd852(uuid7045)
сент. 16, 2025 8:21:57 PM webapp.storage.AbstractStorage save
INFO: &amp#27;[32mSave e10cd15f-4b30-440d-a1f0-04f5fa03a6f2(uuid7046)
сент. 16, 2025 8:21:57 PM webapp.storage.AbstractStorage save
INFO: &amp#27;[32mSave 89ef498a-ce81-423d-abbc-8716a759059f(uuid7047)
сент. 16, 2025 8:21:57 PM webapp.storage.AbstractStorage save
INFO: &amp#27;[32mSave 7b852337-1a66-4351-9573-18efded220ca(uuid7048)
сент. 16, 2025 8:21:57 PM webapp.storage.AbstractStorage save
INFO: &amp#27;[32mSave 461224e6-9522-4a2d-b3cb-ff75765533f1(uuid7049)
сент. 16, 2025 8:21:57 PM webapp.storage.AbstractStorage save
INFO: &amp#27;[32mSave 649de88d-de7c-4d0b-b0c7-50f31a39b8ca(uuid7050)
сент. 16, 2025 8:21:57 PM webapp.storage.AbstractStorage save
INFO: &amp#27;[32mSave f1680cc8-c546-4eb3-8d18-477028cda4ba(uuid7051)
сент. 16, 2025 8:21:57 PM webapp.storage.AbstractStorage save
INFO: &amp#27;[32mSave 32d4f826-6406-4f42-acb6-02613bbcacd3(uuid7052)
сент. 16, 2025 8:21:57 PM webapp.storage.AbstractStorage save
INFO: &amp#27;[32mSave f51d2e73-b02b-4597-85de-41168d8112d7(uuid7053)
сент. 16, 2025 8:21:57 PM webapp.storage.AbstractStorage save
INFO: &amp#27;[32mSave 74939099-5b5d-426a-8cff-eef0bf1fa8da(uuid7054)
сент. 16, 2025 8:21:57 PM webapp.storage.AbstractStorage save
INFO: &amp#27;[32mSave 9514e386-1866-43b8-a019-f01be5fb744a(uuid7055)
сент. 16, 2025 8:21:57 PM webapp.storage.AbstractStorage save
INFO: &amp#27;[32mSave 4ab13162-3e0c-4a07-a0de-53a4ee15b803(uuid7056)
сент. 16, 2025 8:21:57 PM webapp.storage.AbstractStorage save
INFO: &amp#27;[32mSave 1a0baf6c-4ccc-440c-995d-363bc5c35c98(uuid7057)
сент. 16, 2025 8:21:57 PM webapp.storage.AbstractStorage save
INFO: &amp#27;[32mSave 2c7d63d7-cf49-4eb3-b84f-8387760f2997(uuid7058)
сент. 16, 2025 8:21:57 PM webapp.storage.AbstractStorage save
INFO: &amp#27;[32mSave 071a1006-5f63-4749-9104-0ceb961de149(uuid7059)
сент. 16, 2025 8:21:57 PM webapp.storage.AbstractStorage save
INFO: &amp#27;[32mSave b71fcd9d-5abe-46be-b15b-be85d8ea4943(uuid7060)
сент. 16, 2025 8:21:57 PM webapp.storage.AbstractStorage save
INFO: &amp#27;[32mSave 5933469e-b2d2-4b37-a761-73bb3def93e1(uuid7061)
сент. 16, 2025 8:21:57 PM webapp.storage.AbstractStorage save
INFO: &amp#27;[32mSave 6d01e429-c527-48df-90d5-a735d293ae8b(uuid7062)
сент. 16, 2025 8:21:57 PM webapp.storage.AbstractStorage save
INFO: &amp#27;[32mSave ce79ce44-0e9f-40b5-8a07-d9a608dcbf90(uuid7063)
сент. 16, 2025 8:21:57 PM webapp.storage.AbstractStorage save
INFO: &amp#27;[32mSave 27ed95f1-fcf4-47d9-aa8b-0141ce31acfc(uuid7064)
сент. 16, 2025 8:21:57 PM webapp.storage.AbstractStorage save
INFO: &amp#27;[32mSave a8ade971-00cf-46c0-b1d3-89ec28716e74(uuid7065)
сент. 16, 2025 8:21:57 PM webapp.storage.AbstractStorage save
INFO: &amp#27;[32mSave 3d9e2411-8d7e-4b68-bf35-e8a4c8a690bb(uuid7066)
сент. 16, 2025 8:21:57 PM webapp.storage.AbstractStorage save
INFO: &amp#27;[32mSave 302b26cc-3141-499f-b520-f52ed58fff99(uuid7067)
сент. 16, 2025 8:21:57 PM webapp.storage.AbstractStorage save
INFO: &amp#27;[32mSave e5867a5a-bcf8-4031-9e1d-acfc87b0d434(uuid7068)
сент. 16, 2025 8:21:57 PM webapp.storage.AbstractStorage save
INFO: &amp#27;[32mSave 789ee549-af8b-4d32-b943-25976e02c075(uuid7069)
сент. 16, 2025 8:21:57 PM webapp.storage.AbstractStorage save
INFO: &amp#27;[32mSave de32f017-d4a9-4fd9-895e-8346e5623e52(uuid7070)
сент. 16, 2025 8:21:57 PM webapp.storage.AbstractStorage save
INFO: &amp#27;[32mSave 5c518d59-c141-4141-8e10-1aa249b025e6(uuid7071)
сент. 16, 2025 8:21:57 PM webapp.storage.AbstractStorage save
INFO: &amp#27;[32mSave 9cab5031-1cb7-4005-a924-b951ef0d7a75(uuid7072)
сент. 16, 2025 8:21:57 PM webapp.storage.AbstractStorage save
INFO: &amp#27;[32mSave 4c655c8e-e370-4ab6-a241-d21fc014dee9(uuid7073)
сент. 16, 2025 8:21:57 PM webapp.storage.AbstractStorage save
INFO: &amp#27;[32mSave cee1ca2b-d722-4924-bd21-014656c1e7e6(uuid7074)
сент. 16, 2025 8:21:57 PM webapp.storage.AbstractStorage save
INFO: &amp#27;[32mSave 553c703d-daac-46c7-b3b0-b808e67d1b1d(uuid7075)
сент. 16, 2025 8:21:57 PM webapp.storage.AbstractStorage save
INFO: &amp#27;[32mSave 8dc4f057-efee-464d-afb8-c0a0061104b9(uuid7076)
сент. 16, 2025 8:21:57 PM webapp.storage.AbstractStorage save
INFO: &amp#27;[32mSave 6d01ff48-8c7e-4826-b5c2-3e16f54bf939(uuid7077)
сент. 16, 2025 8:21:57 PM webapp.storage.AbstractStorage save
INFO: &amp#27;[32mSave 1ee007b7-325f-46f6-aba1-3b76ace970f7(uuid7078)
сент. 16, 2025 8:21:57 PM webapp.storage.AbstractStorage save
INFO: &amp#27;[32mSave 881081ce-7fbb-47b9-a675-8c55401dc6aa(uuid7079)
сент. 16, 2025 8:21:57 PM webapp.storage.AbstractStorage save
INFO: &amp#27;[32mSave 96be9073-5cab-43dd-91f2-904c2f327ef9(uuid7080)
сент. 16, 2025 8:21:57 PM webapp.storage.AbstractStorage save
INFO: &amp#27;[32mSave 4a74b338-3847-4122-b0b0-c2f02dacd9d8(uuid7081)
сент. 16, 2025 8:21:57 PM webapp.storage.AbstractStorage save
INFO: &amp#27;[32mSave b5c3006e-07b7-4616-bb3a-04439adb7627(uuid7082)
сент. 16, 2025 8:21:57 PM webapp.storage.AbstractStorage save
INFO: &amp#27;[32mSave 66271cae-2375-43a4-b1f5-18b14406a5db(uuid7083)
сент. 16, 2025 8:21:57 PM webapp.storage.AbstractStorage save
INFO: &amp#27;[32mSave 02fa0413-f73e-467a-b15d-bd071563e09b(uuid7084)
сент. 16, 2025 8:21:57 PM webapp.storage.AbstractStorage save
INFO: &amp#27;[32mSave bd6be564-515e-4642-ae72-e466389149e8(uuid7085)
сент. 16, 2025 8:21:57 PM webapp.storage.AbstractStorage save
INFO: &amp#27;[32mSave 54877098-1101-4119-9868-3ea1cf8b407f(uuid7086)
сент. 16, 2025 8:21:57 PM webapp.storage.AbstractStorage save
INFO: &amp#27;[32mSave 7b917dd1-3e8e-46ed-9fb1-2069c4de613b(uuid7087)
сент. 16, 2025 8:21:57 PM webapp.storage.AbstractStorage save
INFO: &amp#27;[32mSave 4a9a6649-8408-4269-b6fe-78af817f6063(uuid7088)
сент. 16, 2025 8:21:57 PM webapp.storage.AbstractStorage save
INFO: &amp#27;[32mSave a2d90520-4ab6-4bf4-9fb5-30203bc68e21(uuid7089)
сент. 16, 2025 8:21:57 PM webapp.storage.AbstractStorage save
INFO: &amp#27;[32mSave 40b8627a-a583-4a01-895f-32a762bcf9b2(uuid7090)
сент. 16, 2025 8:21:57 PM webapp.storage.AbstractStorage save
INFO: &amp#27;[32mSave 40d4d94c-7acb-43f9-9cee-9e5e2205ffa9(uuid7091)
сент. 16, 2025 8:21:57 PM webapp.storage.AbstractStorage save
INFO: &amp#27;[32mSave 99f0da5a-8110-4749-905c-a72f9737268c(uuid7092)
сент. 16, 2025 8:21:57 PM webapp.storage.AbstractStorage save
INFO: &amp#27;[32mSave ee703870-5ead-400a-9012-ee4f86f3113e(uuid7093)
сент. 16, 2025 8:21:57 PM webapp.storage.AbstractStorage save
INFO: &amp#27;[32mSave 38f9782b-5bfa-4da8-b8f0-a3f1cf4b6179(uuid7094)
сент. 16, 2025 8:21:57 PM webapp.storage.AbstractStorage save
INFO: &amp#27;[32mSave 95e88600-07ae-43a1-a6dc-8ccebd2f96a0(uuid7095)
сент. 16, 2025 8:21:57 PM webapp.storage.AbstractStorage save
INFO: &amp#27;[32mSave 8f4b3f10-9730-4192-8263-327ccf7645c7(uuid7096)
сент. 16, 2025 8:21:57 PM webapp.storage.AbstractStorage save
INFO: &amp#27;[32mSave aa418f67-22e1-4ba2-b34f-9077ee063ba2(uuid7097)
сент. 16, 2025 8:21:57 PM webapp.storage.AbstractStorage save
INFO: &amp#27;[32mSave ce13b217-1d2a-4f42-8514-65068d4ad347(uuid7098)
сент. 16, 2025 8:21:57 PM webapp.storage.AbstractStorage save
INFO: &amp#27;[32mSave 2828a834-4342-483f-ac57-91e5590e3d9a(uuid7099)
сент. 16, 2025 8:21:57 PM webapp.storage.AbstractStorage save
INFO: &amp#27;[32mSave bd20177a-e380-4ae6-a89c-efe4408c54eb(uuid7100)
сент. 16, 2025 8:21:57 PM webapp.storage.AbstractStorage save
INFO: &amp#27;[32mSave 389a1f64-0d1b-46e1-adaf-6101ffbf3499(uuid7101)
сент. 16, 2025 8:21:57 PM webapp.storage.AbstractStorage save
INFO: &amp#27;[32mSave 550ad5ea-1c9f-4eaf-9fac-28d54409d47e(uuid7102)
сент. 16, 2025 8:21:57 PM webapp.storage.AbstractStorage save
INFO: &amp#27;[32mSave f98e5445-5e33-4e28-88a8-c25f405dced8(uuid7103)
сент. 16, 2025 8:21:57 PM webapp.storage.AbstractStorage save
INFO: &amp#27;[32mSave cd433c6c-96a2-4226-a615-99375cbea316(uuid7104)
сент. 16, 2025 8:21:57 PM webapp.storage.AbstractStorage save
INFO: &amp#27;[32mSave 9bb45339-7c8e-44f8-b42a-790c23c01dbe(uuid7105)
сент. 16, 2025 8:21:57 PM webapp.storage.AbstractStorage save
INFO: &amp#27;[32mSave a5dfc373-79b6-4cef-9103-ad6615444000(uuid7106)
сент. 16, 2025 8:21:57 PM webapp.storage.AbstractStorage save
INFO: &amp#27;[32mSave f3ffe2eb-fbe4-4f63-9788-3b489c1fe388(uuid7107)
сент. 16, 2025 8:21:57 PM webapp.storage.AbstractStorage save
INFO: &amp#27;[32mSave e1fbbb53-65b8-4981-a4f1-4779e68dba55(uuid7108)
сент. 16, 2025 8:21:57 PM webapp.storage.AbstractStorage save
INFO: &amp#27;[32mSave 8ee69263-7345-4d9b-9060-64e5b419aae1(uuid7109)
сент. 16, 2025 8:21:57 PM webapp.storage.AbstractStorage save
INFO: &amp#27;[32mSave f0d7ac37-d90f-43a9-8a37-549c7199ee82(uuid7110)
сент. 16, 2025 8:21:57 PM webapp.storage.AbstractStorage save
INFO: &amp#27;[32mSave d525a058-925c-4df1-a607-97682b82268b(uuid7111)
сент. 16, 2025 8:21:57 PM webapp.storage.AbstractStorage save
INFO: &amp#27;[32mSave c5905729-86f4-44b3-a1c4-1e5668d7fd9a(uuid7112)
сент. 16, 2025 8:21:57 PM webapp.storage.AbstractStorage save
INFO: &amp#27;[32mSave 22370a8e-32bb-4b31-b5dc-2316be5243e6(uuid7113)
сент. 16, 2025 8:21:57 PM webapp.storage.AbstractStorage save
INFO: &amp#27;[32mSave 4874e343-27fe-4f02-9f0c-71bd485aa46d(uuid7114)
сент. 16, 2025 8:21:57 PM webapp.storage.AbstractStorage save
INFO: &amp#27;[32mSave 75c6f268-e4ee-4fa5-ab73-0e1191271205(uuid7115)
сент. 16, 2025 8:21:57 PM webapp.storage.AbstractStorage save
INFO: &amp#27;[32mSave 87b8c064-d3af-45f3-9207-0fa75eb20fa6(uuid7116)
сент. 16, 2025 8:21:57 PM webapp.storage.AbstractStorage save
INFO: &amp#27;[32mSave d9d9e73a-80e3-4d08-af29-e91e2c2de778(uuid7117)
сент. 16, 2025 8:21:57 PM webapp.storage.AbstractStorage save
INFO: &amp#27;[32mSave 7201676a-6ea6-4094-84a3-bcbe05a4acdd(uuid7118)
сент. 16, 2025 8:21:57 PM webapp.storage.AbstractStorage save
INFO: &amp#27;[32mSave 89cef091-6aa8-4bef-8b23-00da9b18f013(uuid7119)
сент. 16, 2025 8:21:57 PM webapp.storage.AbstractStorage save
INFO: &amp#27;[32mSave 06388816-54db-4284-94c8-0989ad20ece8(uuid7120)
сент. 16, 2025 8:21:57 PM webapp.storage.AbstractStorage save
INFO: &amp#27;[32mSave a49341ba-769f-47c3-9eb6-09ea5e52efd3(uuid7121)
сент. 16, 2025 8:21:57 PM webapp.storage.AbstractStorage save
INFO: &amp#27;[32mSave 50099552-45e1-47f9-8800-57b1ce3a19f9(uuid7122)
сент. 16, 2025 8:21:57 PM webapp.storage.AbstractStorage save
INFO: &amp#27;[32mSave 9e788252-240d-40ca-a8b9-660dc5012cb7(uuid7123)
сент. 16, 2025 8:21:57 PM webapp.storage.AbstractStorage save
INFO: &amp#27;[32mSave 5717be5f-dbcc-4d7f-99ef-8abac9d57541(uuid7124)
сент. 16, 2025 8:21:57 PM webapp.storage.AbstractStorage save
INFO: &amp#27;[32mSave 4f884b44-7dc4-4749-8eb8-8d0faab5df95(uuid7125)
сент. 16, 2025 8:21:57 PM webapp.storage.AbstractStorage save
INFO: &amp#27;[32mSave c4f28c50-77bc-43cf-9e70-04595b04ddfa(uuid7126)
сент. 16, 2025 8:21:57 PM webapp.storage.AbstractStorage save
INFO: &amp#27;[32mSave 516fbdba-c4a6-443a-a2fb-31b7cb6a613f(uuid7127)
сент. 16, 2025 8:21:57 PM webapp.storage.AbstractStorage save
INFO: &amp#27;[32mSave 052be733-4440-440f-8df0-0bf60caf9d6a(uuid7128)
сент. 16, 2025 8:21:57 PM webapp.storage.AbstractStorage save
INFO: &amp#27;[32mSave 60def875-b1b7-4f39-b07c-f345986f3a11(uuid7129)
сент. 16, 2025 8:21:57 PM webapp.storage.AbstractStorage save
INFO: &amp#27;[32mSave a707b652-1be5-4de7-a1a5-4b7c88e91e00(uuid7130)
сент. 16, 2025 8:21:57 PM webapp.storage.AbstractStorage save
INFO: &amp#27;[32mSave c498bd7d-7f87-43ef-845a-931f3ebc6e5b(uuid7131)
сент. 16, 2025 8:21:57 PM webapp.storage.AbstractStorage save
INFO: &amp#27;[32mSave 68e805f9-df18-439b-aa7b-cfcb61425c14(uuid7132)
сент. 16, 2025 8:21:57 PM webapp.storage.AbstractStorage save
INFO: &amp#27;[32mSave 87f2be8c-e0ee-4f27-8c7e-8057ab377da6(uuid7133)
сент. 16, 2025 8:21:57 PM webapp.storage.AbstractStorage save
INFO: &amp#27;[32mSave 8d5651a3-053b-4f30-922f-abac3da4056a(uuid7134)
сент. 16, 2025 8:21:57 PM webapp.storage.AbstractStorage save
INFO: &amp#27;[32mSave 08cde4f7-9e01-4835-a173-417574560e1d(uuid7135)
сент. 16, 2025 8:21:57 PM webapp.storage.AbstractStorage save
INFO: &amp#27;[32mSave 882bd7d9-6b7b-41e5-ad49-2d36f72826ea(uuid7136)
сент. 16, 2025 8:21:57 PM webapp.storage.AbstractStorage save
INFO: &amp#27;[32mSave ddeb4852-667e-41d8-a6a0-9b94462f8e0d(uuid7137)
сент. 16, 2025 8:21:57 PM webapp.storage.AbstractStorage save
INFO: &amp#27;[32mSave 2531f6d8-ad4d-4af8-a456-a969254d8a43(uuid7138)
сент. 16, 2025 8:21:57 PM webapp.storage.AbstractStorage save
INFO: &amp#27;[32mSave a91493ba-0cb8-43cf-9ffb-f675836346e4(uuid7139)
сент. 16, 2025 8:21:57 PM webapp.storage.AbstractStorage save
INFO: &amp#27;[32mSave 2488da8b-337c-44c0-b9e4-c54c2de9a8c6(uuid7140)
сент. 16, 2025 8:21:57 PM webapp.storage.AbstractStorage save
INFO: &amp#27;[32mSave a5bbdcbd-7ee6-4664-a355-6a858a0d8ec3(uuid7141)
сент. 16, 2025 8:21:57 PM webapp.storage.AbstractStorage save
INFO: &amp#27;[32mSave 6d0b15ab-9877-4765-81d0-b4b6059d7bf8(uuid7142)
сент. 16, 2025 8:21:57 PM webapp.storage.AbstractStorage save
INFO: &amp#27;[32mSave b8536565-89b5-496d-a79a-2f2872055dea(uuid7143)
сент. 16, 2025 8:21:57 PM webapp.storage.AbstractStorage save
INFO: &amp#27;[32mSave a12840c6-0bbb-47fe-89d1-714c480f0bd9(uuid7144)
сент. 16, 2025 8:21:57 PM webapp.storage.AbstractStorage save
INFO: &amp#27;[32mSave a868346c-4b2c-4e38-9a52-c199de2d941d(uuid7145)
сент. 16, 2025 8:21:57 PM webapp.storage.AbstractStorage save
INFO: &amp#27;[32mSave 6da4e0ca-8bf4-4d86-8212-7f9d557ac91d(uuid7146)
сент. 16, 2025 8:21:57 PM webapp.storage.AbstractStorage save
INFO: &amp#27;[32mSave 67c97a2c-e30d-4b8e-a6a4-643ca7ac8906(uuid7147)
сент. 16, 2025 8:21:57 PM webapp.storage.AbstractStorage save
INFO: &amp#27;[32mSave 9391e7db-e3b9-420a-8307-eed4b680d8f7(uuid7148)
сент. 16, 2025 8:21:57 PM webapp.storage.AbstractStorage save
INFO: &amp#27;[32mSave 8eb56704-6756-4310-92ac-03f0054ea296(uuid7149)
сент. 16, 2025 8:21:57 PM webapp.storage.AbstractStorage save
INFO: &amp#27;[32mSave bf47be86-5851-4176-9577-9f3d3c44fb99(uuid7150)
сент. 16, 2025 8:21:57 PM webapp.storage.AbstractStorage save
INFO: &amp#27;[32mSave 7bcc3c75-382d-4bf4-a16c-9dd142416808(uuid7151)
сент. 16, 2025 8:21:57 PM webapp.storage.AbstractStorage save
INFO: &amp#27;[32mSave 893be8a9-2c25-4355-a5eb-3b2eb04eafff(uuid7152)
сент. 16, 2025 8:21:57 PM webapp.storage.AbstractStorage save
INFO: &amp#27;[32mSave 7fc383c9-29b3-4430-be38-c82dc3bb6d00(uuid7153)
сент. 16, 2025 8:21:57 PM webapp.storage.AbstractStorage save
INFO: &amp#27;[32mSave 66b12f54-2349-4542-ac11-42b9f7068100(uuid7154)
сент. 16, 2025 8:21:57 PM webapp.storage.AbstractStorage save
INFO: &amp#27;[32mSave 61ce2d8c-fc2c-41a9-8e89-3d4729ef30e4(uuid7155)
сент. 16, 2025 8:21:57 PM webapp.storage.AbstractStorage save
INFO: &amp#27;[32mSave 1af5a170-71a0-42da-86c0-1f68c48e7623(uuid7156)
сент. 16, 2025 8:21:57 PM webapp.storage.AbstractStorage save
INFO: &amp#27;[32mSave 947d8f5d-d1b4-47e3-aa8d-ce75fd336a5c(uuid7157)
сент. 16, 2025 8:21:57 PM webapp.storage.AbstractStorage save
INFO: &amp#27;[32mSave ae97126f-8326-48ca-b0eb-3156d1ab7272(uuid7158)
сент. 16, 2025 8:21:57 PM webapp.storage.AbstractStorage save
INFO: &amp#27;[32mSave 1dcbc97e-5f30-498f-a728-832d0438a6fb(uuid7159)
сент. 16, 2025 8:21:57 PM webapp.storage.AbstractStorage save
INFO: &amp#27;[32mSave 0d97cfa4-f342-4892-8b57-a15886cb1890(uuid7160)
сент. 16, 2025 8:21:57 PM webapp.storage.AbstractStorage save
INFO: &amp#27;[32mSave 53a35991-f9d7-4287-81c6-24dd45343f20(uuid7161)
сент. 16, 2025 8:21:57 PM webapp.storage.AbstractStorage save
INFO: &amp#27;[32mSave f832f6c8-63fa-4fff-b476-1336697ad9d7(uuid7162)
сент. 16, 2025 8:21:57 PM webapp.storage.AbstractStorage save
INFO: &amp#27;[32mSave 2abc9d3b-12e2-4271-aae2-48e7ad8f0718(uuid7163)
сент. 16, 2025 8:21:57 PM webapp.storage.AbstractStorage save
INFO: &amp#27;[32mSave b65258c3-30fa-4e27-864c-2845ad3a7045(uuid7164)
сент. 16, 2025 8:21:57 PM webapp.storage.AbstractStorage save
INFO: &amp#27;[32mSave 02f2a1b5-b70e-414b-b953-762ec37efe7f(uuid7165)
сент. 16, 2025 8:21:57 PM webapp.storage.AbstractStorage save
INFO: &amp#27;[32mSave 0235eaa9-a314-473d-892e-a346ac1bafae(uuid7166)
сент. 16, 2025 8:21:57 PM webapp.storage.AbstractStorage save
INFO: &amp#27;[32mSave a2826f4f-62bc-4454-bf8d-09801525daea(uuid7167)
сент. 16, 2025 8:21:57 PM webapp.storage.AbstractStorage save
INFO: &amp#27;[32mSave fc084f9d-050e-46f9-b86c-0c00ee40c937(uuid7168)
сент. 16, 2025 8:21:57 PM webapp.storage.AbstractStorage save
INFO: &amp#27;[32mSave 7d53e989-e724-449c-a1f8-c70bf565f300(uuid7169)
сент. 16, 2025 8:21:57 PM webapp.storage.AbstractStorage save
INFO: &amp#27;[32mSave 6c74d98d-075c-4efd-960f-5258fd7652cc(uuid7170)
сент. 16, 2025 8:21:57 PM webapp.storage.AbstractStorage save
INFO: &amp#27;[32mSave 0701218f-7c2a-4cc3-8b09-d551c933e574(uuid7171)
сент. 16, 2025 8:21:57 PM webapp.storage.AbstractStorage save
INFO: &amp#27;[32mSave b7131528-042a-4d86-9201-14a778ad5105(uuid7172)
сент. 16, 2025 8:21:57 PM webapp.storage.AbstractStorage save
INFO: &amp#27;[32mSave beabe9be-03e6-4602-afa7-532a5cf988bc(uuid7173)
сент. 16, 2025 8:21:57 PM webapp.storage.AbstractStorage save
INFO: &amp#27;[32mSave 2cd17092-3f71-4f03-b02d-e572c3a152a1(uuid7174)
сент. 16, 2025 8:21:57 PM webapp.storage.AbstractStorage save
INFO: &amp#27;[32mSave f15a6dd5-9df8-4522-b02a-0935e5c29d99(uuid7175)
сент. 16, 2025 8:21:57 PM webapp.storage.AbstractStorage save
INFO: &amp#27;[32mSave 340472fe-3114-40e6-b2d8-9b02081b8801(uuid7176)
сент. 16, 2025 8:21:57 PM webapp.storage.AbstractStorage save
INFO: &amp#27;[32mSave f23e44d9-121c-42e8-9d41-675f2e521f79(uuid7177)
сент. 16, 2025 8:21:57 PM webapp.storage.AbstractStorage save
INFO: &amp#27;[32mSave 1fff780f-d55f-41d0-9526-30249989e768(uuid7178)
сент. 16, 2025 8:21:57 PM webapp.storage.AbstractStorage save
INFO: &amp#27;[32mSave 9d1f3cb3-e165-4c8d-8726-baf478e68278(uuid7179)
сент. 16, 2025 8:21:57 PM webapp.storage.AbstractStorage save
INFO: &amp#27;[32mSave aefbef58-ed26-4a0d-9125-fab590b04de9(uuid7180)
сент. 16, 2025 8:21:57 PM webapp.storage.AbstractStorage save
INFO: &amp#27;[32mSave 7047caa4-fabd-446a-a5a3-07ebb576068b(uuid7181)
сент. 16, 2025 8:21:57 PM webapp.storage.AbstractStorage save
INFO: &amp#27;[32mSave adf22876-f1f3-47c2-b548-ccea0340dc4c(uuid7182)
сент. 16, 2025 8:21:57 PM webapp.storage.AbstractStorage save
INFO: &amp#27;[32mSave 3879d3d1-2d7c-4048-a8b6-a21af76cef89(uuid7183)
сент. 16, 2025 8:21:57 PM webapp.storage.AbstractStorage save
INFO: &amp#27;[32mSave d2decf0e-bad9-4a72-b547-c322809d9996(uuid7184)
сент. 16, 2025 8:21:57 PM webapp.storage.AbstractStorage save
INFO: &amp#27;[32mSave f652e97f-1bba-4969-933f-05707e90ab58(uuid7185)
сент. 16, 2025 8:21:57 PM webapp.storage.AbstractStorage save
INFO: &amp#27;[32mSave bc298bcc-3aa0-4ad5-9a96-fbdc696f0ac0(uuid7186)
сент. 16, 2025 8:21:57 PM webapp.storage.AbstractStorage save
INFO: &amp#27;[32mSave cc8882f7-858e-47d5-bc3e-1690a2583d69(uuid7187)
сент. 16, 2025 8:21:57 PM webapp.storage.AbstractStorage save
INFO: &amp#27;[32mSave af0f9c62-74b9-4cdd-a27a-072ed8d048aa(uuid7188)
сент. 16, 2025 8:21:57 PM webapp.storage.AbstractStorage save
INFO: &amp#27;[32mSave 6409e654-0691-429a-92a5-4d72721bf5d1(uuid7189)
сент. 16, 2025 8:21:57 PM webapp.storage.AbstractStorage save
INFO: &amp#27;[32mSave 58e0c827-1de6-4c0e-a6f3-4aae6442a665(uuid7190)
сент. 16, 2025 8:21:57 PM webapp.storage.AbstractStorage save
INFO: &amp#27;[32mSave bdeabe09-4099-42d2-846b-76cd1696892d(uuid7191)
сент. 16, 2025 8:21:57 PM webapp.storage.AbstractStorage save
INFO: &amp#27;[32mSave 9f83ee46-efea-4bf8-a76c-cf4719e19e4c(uuid7192)
сент. 16, 2025 8:21:57 PM webapp.storage.AbstractStorage save
INFO: &amp#27;[32mSave a10c27e3-d541-4423-9b13-e9a7e3fbd005(uuid7193)
сент. 16, 2025 8:21:57 PM webapp.storage.AbstractStorage save
INFO: &amp#27;[32mSave e1d6e20b-6252-41fc-91ef-d867c837ec5c(uuid7194)
сент. 16, 2025 8:21:57 PM webapp.storage.AbstractStorage save
INFO: &amp#27;[32mSave 6f87276e-74ce-4b05-9691-98bcb72cd4a6(uuid7195)
сент. 16, 2025 8:21:57 PM webapp.storage.AbstractStorage save
INFO: &amp#27;[32mSave ff52e36a-481d-4e8a-aa74-e69be6c1152e(uuid7196)
сент. 16, 2025 8:21:57 PM webapp.storage.AbstractStorage save
INFO: &amp#27;[32mSave 980d50c9-b6d7-4d3b-9736-32cfff8767f1(uuid7197)
сент. 16, 2025 8:21:57 PM webapp.storage.AbstractStorage save
INFO: &amp#27;[32mSave 90bc4017-a874-4941-b535-a49ce2a27ae3(uuid7198)
сент. 16, 2025 8:21:57 PM webapp.storage.AbstractStorage save
INFO: &amp#27;[32mSave b77bc3ec-4480-4183-93d8-0968405ee981(uuid7199)
сент. 16, 2025 8:21:57 PM webapp.storage.AbstractStorage save
INFO: &amp#27;[32mSave 9f5c2dc5-8e48-4b7e-9183-f9a6b57d1539(uuid7200)
сент. 16, 2025 8:21:57 PM webapp.storage.AbstractStorage save
INFO: &amp#27;[32mSave bec15446-eaf1-43e7-8292-b1793beb7ed8(uuid7201)
сент. 16, 2025 8:21:57 PM webapp.storage.AbstractStorage save
INFO: &amp#27;[32mSave 72ea7cab-839c-4228-8ebf-0ca8eef8d040(uuid7202)
сент. 16, 2025 8:21:57 PM webapp.storage.AbstractStorage save
INFO: &amp#27;[32mSave cf3114a8-a1e1-4bee-9652-b5580423edae(uuid7203)
сент. 16, 2025 8:21:57 PM webapp.storage.AbstractStorage save
INFO: &amp#27;[32mSave 969c4900-5b50-4bfb-8c64-ee03a027d697(uuid7204)
сент. 16, 2025 8:21:57 PM webapp.storage.AbstractStorage save
INFO: &amp#27;[32mSave 23ffab60-2982-4cc9-880a-b70f1e8276fa(uuid7205)
сент. 16, 2025 8:21:57 PM webapp.storage.AbstractStorage save
INFO: &amp#27;[32mSave c836efeb-a6cc-4e03-b79d-f366494a58ce(uuid7206)
сент. 16, 2025 8:21:57 PM webapp.storage.AbstractStorage save
INFO: &amp#27;[32mSave 1373fecd-3a59-45a1-a543-c62ef4336721(uuid7207)
сент. 16, 2025 8:21:57 PM webapp.storage.AbstractStorage save
INFO: &amp#27;[32mSave 3ff7f4ba-04bc-4a65-b430-8e14db15108a(uuid7208)
сент. 16, 2025 8:21:57 PM webapp.storage.AbstractStorage save
INFO: &amp#27;[32mSave 0ea8e22b-4396-4b7b-8e0e-00afa1bb5ac8(uuid7209)
сент. 16, 2025 8:21:57 PM webapp.storage.AbstractStorage save
INFO: &amp#27;[32mSave 9014418c-6a82-42d7-a297-871a5e506b6d(uuid7210)
сент. 16, 2025 8:21:57 PM webapp.storage.AbstractStorage save
INFO: &amp#27;[32mSave 8c04ce90-c041-4dd7-8886-ffe458143e8d(uuid7211)
сент. 16, 2025 8:21:57 PM webapp.storage.AbstractStorage save
INFO: &amp#27;[32mSave bede9110-d49b-464b-a40f-180af5116edb(uuid7212)
сент. 16, 2025 8:21:57 PM webapp.storage.AbstractStorage save
INFO: &amp#27;[32mSave e66d39da-1ba2-4858-97a9-722a261aa90b(uuid7213)
сент. 16, 2025 8:21:57 PM webapp.storage.AbstractStorage save
INFO: &amp#27;[32mSave 2b0b2aa6-9f5f-48fe-84c6-809e050ba2b8(uuid7214)
сент. 16, 2025 8:21:57 PM webapp.storage.AbstractStorage save
INFO: &amp#27;[32mSave c306f27b-7993-4d29-8889-6ce43c180f58(uuid7215)
сент. 16, 2025 8:21:57 PM webapp.storage.AbstractStorage save
INFO: &amp#27;[32mSave 514ea37b-9320-451a-9394-2f7d1bb780eb(uuid7216)
сент. 16, 2025 8:21:57 PM webapp.storage.AbstractStorage save
INFO: &amp#27;[32mSave e585f2ab-f666-4364-b646-283961582a80(uuid7217)
сент. 16, 2025 8:21:57 PM webapp.storage.AbstractStorage save
INFO: &amp#27;[32mSave aaed4bb8-d496-4780-8c27-2a9c55cee296(uuid7218)
сент. 16, 2025 8:21:57 PM webapp.storage.AbstractStorage save
INFO: &amp#27;[32mSave c3a4e990-837a-4201-979f-2ab214d7aaa8(uuid7219)
сент. 16, 2025 8:21:57 PM webapp.storage.AbstractStorage save
INFO: &amp#27;[32mSave c229b3ef-4d44-4ac8-a8bf-cef5370e81db(uuid7220)
сент. 16, 2025 8:21:57 PM webapp.storage.AbstractStorage save
INFO: &amp#27;[32mSave ba084e4a-7733-4e0f-bbae-04175222da5c(uuid7221)
сент. 16, 2025 8:21:57 PM webapp.storage.AbstractStorage save
INFO: &amp#27;[32mSave 5897a748-f239-47c9-b642-e1bef09d74f1(uuid7222)
сент. 16, 2025 8:21:57 PM webapp.storage.AbstractStorage save
INFO: &amp#27;[32mSave 11674813-6ad6-406b-9ca8-3ba7ff3de588(uuid7223)
сент. 16, 2025 8:21:57 PM webapp.storage.AbstractStorage save
INFO: &amp#27;[32mSave 8e7db998-30f4-4e89-bd9f-4aa75a4ca1d5(uuid7224)
сент. 16, 2025 8:21:57 PM webapp.storage.AbstractStorage save
INFO: &amp#27;[32mSave 5b8ad8d7-4e78-4d93-81cf-ef6652ac907c(uuid7225)
сент. 16, 2025 8:21:57 PM webapp.storage.AbstractStorage save
INFO: &amp#27;[32mSave 0a278f01-9f68-48e2-890a-bd0e007064d0(uuid7226)
сент. 16, 2025 8:21:57 PM webapp.storage.AbstractStorage save
INFO: &amp#27;[32mSave 11505c4b-7a38-4972-80d3-43f0ab4e7ae9(uuid7227)
сент. 16, 2025 8:21:57 PM webapp.storage.AbstractStorage save
INFO: &amp#27;[32mSave 7981df7d-f12f-4577-b138-bb1c36b5ea3a(uuid7228)
сент. 16, 2025 8:21:57 PM webapp.storage.AbstractStorage save
INFO: &amp#27;[32mSave e2b531a8-ed4b-4aed-97bf-eaee65beca80(uuid7229)
сент. 16, 2025 8:21:57 PM webapp.storage.AbstractStorage save
INFO: &amp#27;[32mSave 38e3dae6-6ee3-48f6-a2b7-3aea24a216b8(uuid7230)
сент. 16, 2025 8:21:57 PM webapp.storage.AbstractStorage save
INFO: &amp#27;[32mSave 12d531e0-8a94-4863-a13c-2d82b30ed33e(uuid7231)
сент. 16, 2025 8:21:57 PM webapp.storage.AbstractStorage save
INFO: &amp#27;[32mSave be2d9064-5936-4cf0-83ba-59dc001436e5(uuid7232)
сент. 16, 2025 8:21:57 PM webapp.storage.AbstractStorage save
INFO: &amp#27;[32mSave 8bf1af91-04e0-43c1-9b20-4e9727f7407f(uuid7233)
сент. 16, 2025 8:21:57 PM webapp.storage.AbstractStorage save
INFO: &amp#27;[32mSave c6d03747-f4c3-48b5-8a7b-8a011d83f0ef(uuid7234)
сент. 16, 2025 8:21:57 PM webapp.storage.AbstractStorage save
INFO: &amp#27;[32mSave 75fe1cc6-54e8-4acb-8ebf-4f471bb5fb88(uuid7235)
сент. 16, 2025 8:21:57 PM webapp.storage.AbstractStorage save
INFO: &amp#27;[32mSave 642e2b80-41d2-4186-bc8c-e0e8209b52aa(uuid7236)
сент. 16, 2025 8:21:57 PM webapp.storage.AbstractStorage save
INFO: &amp#27;[32mSave b6c9eee5-3570-45fa-8f91-e87dd76fb454(uuid7237)
сент. 16, 2025 8:21:57 PM webapp.storage.AbstractStorage save
INFO: &amp#27;[32mSave 3585ae4a-6066-4e4c-8cf1-cd64c1fa4e2b(uuid7238)
сент. 16, 2025 8:21:57 PM webapp.storage.AbstractStorage save
INFO: &amp#27;[32mSave 86b857ff-f9a8-47ef-848c-6c4dbb7d4780(uuid7239)
сент. 16, 2025 8:21:57 PM webapp.storage.AbstractStorage save
INFO: &amp#27;[32mSave 5d701b8d-cd02-4651-887e-f3724dbc826d(uuid7240)
сент. 16, 2025 8:21:57 PM webapp.storage.AbstractStorage save
INFO: &amp#27;[32mSave 440b7742-5beb-4757-9f7d-2aff0ccc4d56(uuid7241)
сент. 16, 2025 8:21:57 PM webapp.storage.AbstractStorage save
INFO: &amp#27;[32mSave 952105a2-1f31-431a-a986-01376c983a01(uuid7242)
сент. 16, 2025 8:21:57 PM webapp.storage.AbstractStorage save
INFO: &amp#27;[32mSave 54630391-9ac1-4ed3-9ec8-2ecc4468571e(uuid7243)
сент. 16, 2025 8:21:57 PM webapp.storage.AbstractStorage save
INFO: &amp#27;[32mSave 8786a374-16e7-4e6a-8a4d-ce47e7e0ca82(uuid7244)
сент. 16, 2025 8:21:57 PM webapp.storage.AbstractStorage save
INFO: &amp#27;[32mSave ce872390-142f-44a0-a707-bee42fdd6d83(uuid7245)
сент. 16, 2025 8:21:57 PM webapp.storage.AbstractStorage save
INFO: &amp#27;[32mSave 5b6a5851-4ff9-4699-9172-e7f62ceb8846(uuid7246)
сент. 16, 2025 8:21:57 PM webapp.storage.AbstractStorage save
INFO: &amp#27;[32mSave 8693c737-0e86-4605-8803-5b0ccd2ab41b(uuid7247)
сент. 16, 2025 8:21:57 PM webapp.storage.AbstractStorage save
INFO: &amp#27;[32mSave ec24b81d-60b5-4e66-9b7b-63fed339c4af(uuid7248)
сент. 16, 2025 8:21:57 PM webapp.storage.AbstractStorage save
INFO: &amp#27;[32mSave 17f6c854-9b4d-42b0-bc73-1628e06d95bb(uuid7249)
сент. 16, 2025 8:21:57 PM webapp.storage.AbstractStorage save
INFO: &amp#27;[32mSave c275f0cf-9314-4c33-917a-9831e3acdb0d(uuid7250)
сент. 16, 2025 8:21:57 PM webapp.storage.AbstractStorage save
INFO: &amp#27;[32mSave 4bbf82a7-8926-4d55-8897-3ad15270149a(uuid7251)
сент. 16, 2025 8:21:57 PM webapp.storage.AbstractStorage save
INFO: &amp#27;[32mSave 692ea91b-70cb-453b-8c86-457f9ea9a9ac(uuid7252)
сент. 16, 2025 8:21:57 PM webapp.storage.AbstractStorage save
INFO: &amp#27;[32mSave 6596e8dc-b14f-4075-a8ef-676b1e54631f(uuid7253)
сент. 16, 2025 8:21:57 PM webapp.storage.AbstractStorage save
INFO: &amp#27;[32mSave 8e97685f-f1af-45fc-91ba-b29f29f198d7(uuid7254)
сент. 16, 2025 8:21:57 PM webapp.storage.AbstractStorage save
INFO: &amp#27;[32mSave 10baee27-b08d-40d6-a4a5-f000c7806393(uuid7255)
сент. 16, 2025 8:21:57 PM webapp.storage.AbstractStorage save
INFO: &amp#27;[32mSave 75c76134-e3cf-46f1-a797-10abc3928f30(uuid7256)
сент. 16, 2025 8:21:57 PM webapp.storage.AbstractStorage save
INFO: &amp#27;[32mSave 7f669be0-3c7d-48b6-9882-ef5504513c02(uuid7257)
сент. 16, 2025 8:21:57 PM webapp.storage.AbstractStorage save
INFO: &amp#27;[32mSave eaa12ecb-788b-4f09-920d-1c8a2f602755(uuid7258)
сент. 16, 2025 8:21:57 PM webapp.storage.AbstractStorage save
INFO: &amp#27;[32mSave 8e30d3fc-7d48-4f5f-adba-8926b12ee231(uuid7259)
сент. 16, 2025 8:21:57 PM webapp.storage.AbstractStorage save
INFO: &amp#27;[32mSave c2a06ed4-ed8b-4c05-95bd-6c14cfe4300b(uuid7260)
сент. 16, 2025 8:21:57 PM webapp.storage.AbstractStorage save
INFO: &amp#27;[32mSave 93a107a2-a51a-4c66-b8fc-ec5c14a27ff2(uuid7261)
сент. 16, 2025 8:21:57 PM webapp.storage.AbstractStorage save
INFO: &amp#27;[32mSave 69d19f06-2451-4314-ade5-5fe57c343156(uuid7262)
сент. 16, 2025 8:21:57 PM webapp.storage.AbstractStorage save
INFO: &amp#27;[32mSave c368dd26-82d1-46ca-a844-0cc4598babe7(uuid7263)
сент. 16, 2025 8:21:57 PM webapp.storage.AbstractStorage save
INFO: &amp#27;[32mSave db8e801c-5e21-465b-a25c-c43e8f04e62a(uuid7264)
сент. 16, 2025 8:21:57 PM webapp.storage.AbstractStorage save
INFO: &amp#27;[32mSave 844ab7cd-9c71-4c27-8a68-94f67a8984ab(uuid7265)
сент. 16, 2025 8:21:57 PM webapp.storage.AbstractStorage save
INFO: &amp#27;[32mSave 2ee5cc65-3823-4aa8-a9e9-8dad29377571(uuid7266)
сент. 16, 2025 8:21:57 PM webapp.storage.AbstractStorage save
INFO: &amp#27;[32mSave 115fc21e-da39-43a9-bc39-1ec74805ac31(uuid7267)
сент. 16, 2025 8:21:57 PM webapp.storage.AbstractStorage save
INFO: &amp#27;[32mSave b9e2648d-53e9-4579-b343-0f460f41a472(uuid7268)
сент. 16, 2025 8:21:57 PM webapp.storage.AbstractStorage save
INFO: &amp#27;[32mSave 6a00e4ab-5d8c-458f-9f09-ebf13ba18235(uuid7269)
сент. 16, 2025 8:21:57 PM webapp.storage.AbstractStorage save
INFO: &amp#27;[32mSave ed5e3450-b38b-427c-a965-fcb745fadb30(uuid7270)
сент. 16, 2025 8:21:57 PM webapp.storage.AbstractStorage save
INFO: &amp#27;[32mSave 1c5703dc-7fef-497a-8aae-5e7e73e72a94(uuid7271)
сент. 16, 2025 8:21:57 PM webapp.storage.AbstractStorage save
INFO: &amp#27;[32mSave 482b4524-09e9-42b7-9ab8-1edd959f6b8e(uuid7272)
сент. 16, 2025 8:21:57 PM webapp.storage.AbstractStorage save
INFO: &amp#27;[32mSave 26368508-6e92-4cff-bf78-89c817a27ec3(uuid7273)
сент. 16, 2025 8:21:57 PM webapp.storage.AbstractStorage save
INFO: &amp#27;[32mSave 8db628d3-000e-4e44-ab51-50b8c608f0f2(uuid7274)
сент. 16, 2025 8:21:57 PM webapp.storage.AbstractStorage save
INFO: &amp#27;[32mSave 6bdd5a28-589d-462b-a670-375628dd7ce3(uuid7275)
сент. 16, 2025 8:21:57 PM webapp.storage.AbstractStorage save
INFO: &amp#27;[32mSave 98cb25b6-8557-4be2-a0e5-a3a68784257c(uuid7276)
сент. 16, 2025 8:21:57 PM webapp.storage.AbstractStorage save
INFO: &amp#27;[32mSave 461be5ac-b678-4edf-b61c-8e6f115fc32b(uuid7277)
сент. 16, 2025 8:21:57 PM webapp.storage.AbstractStorage save
INFO: &amp#27;[32mSave e9c43a17-67cc-4d2e-9e91-8f8b236847a2(uuid7278)
сент. 16, 2025 8:21:57 PM webapp.storage.AbstractStorage save
INFO: &amp#27;[32mSave 25865d63-dee7-40f2-9327-757867c571fa(uuid7279)
сент. 16, 2025 8:21:57 PM webapp.storage.AbstractStorage save
INFO: &amp#27;[32mSave c834f472-a981-47eb-8ab9-caced29b30c3(uuid7280)
сент. 16, 2025 8:21:57 PM webapp.storage.AbstractStorage save
INFO: &amp#27;[32mSave 2388c84c-dd65-4f02-9f51-789e047bbe9c(uuid7281)
сент. 16, 2025 8:21:57 PM webapp.storage.AbstractStorage save
INFO: &amp#27;[32mSave 3ba50167-1f1e-4ae0-ac5e-39af01dda5a8(uuid7282)
сент. 16, 2025 8:21:57 PM webapp.storage.AbstractStorage save
INFO: &amp#27;[32mSave d66e1e8c-15f7-4b87-bb36-6ab25b44aa67(uuid7283)
сент. 16, 2025 8:21:57 PM webapp.storage.AbstractStorage save
INFO: &amp#27;[32mSave e6e4bc61-ec32-4e22-b94d-2a05871cba20(uuid7284)
сент. 16, 2025 8:21:57 PM webapp.storage.AbstractStorage save
INFO: &amp#27;[32mSave 6d2810d7-6161-460b-ac33-b1e9537b37bb(uuid7285)
сент. 16, 2025 8:21:57 PM webapp.storage.AbstractStorage save
INFO: &amp#27;[32mSave 4a3a62b3-fcd1-4660-a3e9-8218a5fdcef4(uuid7286)
сент. 16, 2025 8:21:57 PM webapp.storage.AbstractStorage save
INFO: &amp#27;[32mSave 931c57f8-f8e2-4d13-a346-ea9ab99af8eb(uuid7287)
сент. 16, 2025 8:21:57 PM webapp.storage.AbstractStorage save
INFO: &amp#27;[32mSave 92614553-71ab-4c1b-bda5-ee993f9ada57(uuid7288)
сент. 16, 2025 8:21:57 PM webapp.storage.AbstractStorage save
INFO: &amp#27;[32mSave bdad97e6-3cdd-4892-90b4-49b97d6d3cb0(uuid7289)
сент. 16, 2025 8:21:57 PM webapp.storage.AbstractStorage save
INFO: &amp#27;[32mSave bfe2841c-1d93-4e6f-84b3-108ae5b266fd(uuid7290)
сент. 16, 2025 8:21:57 PM webapp.storage.AbstractStorage save
INFO: &amp#27;[32mSave 0a6f5ad4-15cf-443e-8293-a2817f03ac11(uuid7291)
сент. 16, 2025 8:21:57 PM webapp.storage.AbstractStorage save
INFO: &amp#27;[32mSave 19ddca41-69db-442c-871b-cb3b497ec106(uuid7292)
сент. 16, 2025 8:21:57 PM webapp.storage.AbstractStorage save
INFO: &amp#27;[32mSave 5a03a482-0f73-42ad-b6d9-8fb2e1064b2c(uuid7293)
сент. 16, 2025 8:21:57 PM webapp.storage.AbstractStorage save
INFO: &amp#27;[32mSave d0f72097-e20f-4ae7-a24b-008c702e8a63(uuid7294)
сент. 16, 2025 8:21:57 PM webapp.storage.AbstractStorage save
INFO: &amp#27;[32mSave e1bc15c7-1315-4b25-8dca-f5ece3d6b741(uuid7295)
сент. 16, 2025 8:21:57 PM webapp.storage.AbstractStorage save
INFO: &amp#27;[32mSave e51c0d3c-1fc5-4869-bcc6-bcb5fafcbae8(uuid7296)
сент. 16, 2025 8:21:57 PM webapp.storage.AbstractStorage save
INFO: &amp#27;[32mSave 8cb454ed-865d-4b7c-9ce9-2797efbc49b4(uuid7297)
сент. 16, 2025 8:21:57 PM webapp.storage.AbstractStorage save
INFO: &amp#27;[32mSave 855ab80d-005d-44c4-aeb0-cab31844c292(uuid7298)
сент. 16, 2025 8:21:57 PM webapp.storage.AbstractStorage save
INFO: &amp#27;[32mSave cf6bb304-9447-4f4d-b56c-4130c8eeabf6(uuid7299)
сент. 16, 2025 8:21:57 PM webapp.storage.AbstractStorage save
INFO: &amp#27;[32mSave d4b87553-ecfb-40a0-a64d-b7816f171d89(uuid7300)
сент. 16, 2025 8:21:57 PM webapp.storage.AbstractStorage save
INFO: &amp#27;[32mSave 9a9e6cbc-6e6c-429b-8f4e-306e78fc436c(uuid7301)
сент. 16, 2025 8:21:57 PM webapp.storage.AbstractStorage save
INFO: &amp#27;[32mSave 8f339bd8-07ba-4265-88b3-6eb0f630085d(uuid7302)
сент. 16, 2025 8:21:57 PM webapp.storage.AbstractStorage save
INFO: &amp#27;[32mSave 40cfd129-3a8b-478a-ad74-438b7c1f9f71(uuid7303)
сент. 16, 2025 8:21:57 PM webapp.storage.AbstractStorage save
INFO: &amp#27;[32mSave 1c438de8-91db-4b39-bf10-e68a7c47918f(uuid7304)
сент. 16, 2025 8:21:57 PM webapp.storage.AbstractStorage save
INFO: &amp#27;[32mSave de47cd9c-f519-4b85-9776-1c2eb389966a(uuid7305)
сент. 16, 2025 8:21:57 PM webapp.storage.AbstractStorage save
INFO: &amp#27;[32mSave 4f6ed8b8-1ae9-4d6a-8333-fdf3edc66091(uuid7306)
сент. 16, 2025 8:21:57 PM webapp.storage.AbstractStorage save
INFO: &amp#27;[32mSave fd891a96-2933-4eed-869b-6cd46f435d33(uuid7307)
сент. 16, 2025 8:21:57 PM webapp.storage.AbstractStorage save
INFO: &amp#27;[32mSave 78200aa6-0324-44c6-aa37-c69d40da19f8(uuid7308)
сент. 16, 2025 8:21:57 PM webapp.storage.AbstractStorage save
INFO: &amp#27;[32mSave c325b0b7-d4e2-4671-a488-00772fd403f6(uuid7309)
сент. 16, 2025 8:21:57 PM webapp.storage.AbstractStorage save
INFO: &amp#27;[32mSave d38a7f57-ca1e-4e0e-b8b3-d9f98658781b(uuid7310)
сент. 16, 2025 8:21:57 PM webapp.storage.AbstractStorage save
INFO: &amp#27;[32mSave f5f54f0f-a37d-4561-842a-a9e4feb82aef(uuid7311)
сент. 16, 2025 8:21:57 PM webapp.storage.AbstractStorage save
INFO: &amp#27;[32mSave 27637162-5a42-43de-a696-5ab0b3d58064(uuid7312)
сент. 16, 2025 8:21:57 PM webapp.storage.AbstractStorage save
INFO: &amp#27;[32mSave 37a3d06f-f9f8-4cf5-9276-1698f7a81445(uuid7313)
сент. 16, 2025 8:21:57 PM webapp.storage.AbstractStorage save
INFO: &amp#27;[32mSave b6d01c90-323e-4324-94b3-243cbc6ee41f(uuid7314)
сент. 16, 2025 8:21:57 PM webapp.storage.AbstractStorage save
INFO: &amp#27;[32mSave 05a8b6ec-9470-4d26-a3c8-4c7a0d4e9cca(uuid7315)
сент. 16, 2025 8:21:57 PM webapp.storage.AbstractStorage save
INFO: &amp#27;[32mSave ce88e3b2-1ca5-41bd-a6ab-492324cd98a3(uuid7316)
сент. 16, 2025 8:21:57 PM webapp.storage.AbstractStorage save
INFO: &amp#27;[32mSave 22e2954c-103e-4138-be4a-4915b28642ea(uuid7317)
сент. 16, 2025 8:21:57 PM webapp.storage.AbstractStorage save
INFO: &amp#27;[32mSave 73364414-bf34-4364-8939-dd3797b8c3c2(uuid7318)
сент. 16, 2025 8:21:57 PM webapp.storage.AbstractStorage save
INFO: &amp#27;[32mSave 3e11adae-7be7-4bc0-8b07-09e3d40cb0e7(uuid7319)
сент. 16, 2025 8:21:57 PM webapp.storage.AbstractStorage save
INFO: &amp#27;[32mSave 898ce063-4538-4556-bbef-b9d535172dcd(uuid7320)
сент. 16, 2025 8:21:57 PM webapp.storage.AbstractStorage save
INFO: &amp#27;[32mSave e7e319ab-c300-4bea-bbc1-5ea8fd29fe39(uuid7321)
сент. 16, 2025 8:21:57 PM webapp.storage.AbstractStorage save
INFO: &amp#27;[32mSave 5496a6f1-068d-4f36-92cb-14efb717436f(uuid7322)
сент. 16, 2025 8:21:57 PM webapp.storage.AbstractStorage save
INFO: &amp#27;[32mSave 912006f1-bcf8-4b84-9633-508878c3fce5(uuid7323)
сент. 16, 2025 8:21:57 PM webapp.storage.AbstractStorage save
INFO: &amp#27;[32mSave e7ca41fd-ae4e-4fb3-bee2-bc1dbace433f(uuid7324)
сент. 16, 2025 8:21:57 PM webapp.storage.AbstractStorage save
INFO: &amp#27;[32mSave 55d0ef78-f15d-4f02-ba2e-a84e544284b2(uuid7325)
сент. 16, 2025 8:21:57 PM webapp.storage.AbstractStorage save
INFO: &amp#27;[32mSave 7cb21e53-dc3e-4b03-8b62-8d8063bf7c29(uuid7326)
сент. 16, 2025 8:21:57 PM webapp.storage.AbstractStorage save
INFO: &amp#27;[32mSave 9d787c52-dca6-46c3-abbd-af2e271f488a(uuid7327)
сент. 16, 2025 8:21:57 PM webapp.storage.AbstractStorage save
INFO: &amp#27;[32mSave a7d10d7d-a4bc-4e36-915a-78d99cbec121(uuid7328)
сент. 16, 2025 8:21:57 PM webapp.storage.AbstractStorage save
INFO: &amp#27;[32mSave a3769e70-6ac1-4613-83dd-690b84db5903(uuid7329)
сент. 16, 2025 8:21:57 PM webapp.storage.AbstractStorage save
INFO: &amp#27;[32mSave 30fac657-ac83-4c68-ab93-1314a84bec08(uuid7330)
сент. 16, 2025 8:21:57 PM webapp.storage.AbstractStorage save
INFO: &amp#27;[32mSave c4c8ffe1-d9c3-476f-bc37-76351d56daef(uuid7331)
сент. 16, 2025 8:21:57 PM webapp.storage.AbstractStorage save
INFO: &amp#27;[32mSave 31f14dd7-3f1f-4029-a5cd-2ac9b4888ed3(uuid7332)
сент. 16, 2025 8:21:57 PM webapp.storage.AbstractStorage save
INFO: &amp#27;[32mSave 23cde7d9-e64d-49b6-a56a-83ee158e6eba(uuid7333)
сент. 16, 2025 8:21:57 PM webapp.storage.AbstractStorage save
INFO: &amp#27;[32mSave 9cb0dd58-ff67-453d-ae9a-3b9c8fe70466(uuid7334)
сент. 16, 2025 8:21:57 PM webapp.storage.AbstractStorage save
INFO: &amp#27;[32mSave e49ead15-f6c7-4b5c-876f-c9247b71d0af(uuid7335)
сент. 16, 2025 8:21:57 PM webapp.storage.AbstractStorage save
INFO: &amp#27;[32mSave 195f00ac-10a5-400c-8a6c-3afe779585c2(uuid7336)
сент. 16, 2025 8:21:57 PM webapp.storage.AbstractStorage save
INFO: &amp#27;[32mSave d01d5952-2e1d-4c9e-b2cb-57f6ad408c8b(uuid7337)
сент. 16, 2025 8:21:57 PM webapp.storage.AbstractStorage save
INFO: &amp#27;[32mSave 104fd809-2b6b-403e-a791-d21e330ad169(uuid7338)
сент. 16, 2025 8:21:57 PM webapp.storage.AbstractStorage save
INFO: &amp#27;[32mSave 2fd49a94-8bb4-4c12-8a0d-b7baeff0aebc(uuid7339)
сент. 16, 2025 8:21:57 PM webapp.storage.AbstractStorage save
INFO: &amp#27;[32mSave 3530bc29-ea29-4882-af09-360fa9921610(uuid7340)
сент. 16, 2025 8:21:57 PM webapp.storage.AbstractStorage save
INFO: &amp#27;[32mSave 64e1cb75-cb81-4fd2-bcb3-cedd08a31a28(uuid7341)
сент. 16, 2025 8:21:57 PM webapp.storage.AbstractStorage save
INFO: &amp#27;[32mSave 8977b63f-eea6-454a-a50d-ee39057a7f27(uuid7342)
сент. 16, 2025 8:21:57 PM webapp.storage.AbstractStorage save
INFO: &amp#27;[32mSave c70bee02-9d4a-41ab-aa90-8794ec67e7c4(uuid7343)
сент. 16, 2025 8:21:57 PM webapp.storage.AbstractStorage save
INFO: &amp#27;[32mSave b8663733-0d95-46a2-aeaa-84a9fa7ce4a8(uuid7344)
сент. 16, 2025 8:21:57 PM webapp.storage.AbstractStorage save
INFO: &amp#27;[32mSave 5dee82bd-bf92-4c1a-a8cc-3869ffc7f0a5(uuid7345)
сент. 16, 2025 8:21:57 PM webapp.storage.AbstractStorage save
INFO: &amp#27;[32mSave 0c3bbdd6-dcf5-47e2-be94-44e1e30b4f8a(uuid7346)
сент. 16, 2025 8:21:57 PM webapp.storage.AbstractStorage save
INFO: &amp#27;[32mSave 1a14dcff-1712-4de5-adda-7b4876273fee(uuid7347)
сент. 16, 2025 8:21:57 PM webapp.storage.AbstractStorage save
INFO: &amp#27;[32mSave cd88b985-d309-46c3-b4e2-e9007d6f6cc6(uuid7348)
сент. 16, 2025 8:21:57 PM webapp.storage.AbstractStorage save
INFO: &amp#27;[32mSave 763f7029-5080-4c8b-937d-a735e397180c(uuid7349)
сент. 16, 2025 8:21:57 PM webapp.storage.AbstractStorage save
INFO: &amp#27;[32mSave 95ea5a6f-ef5a-4a15-97a3-154fb71b845d(uuid7350)
сент. 16, 2025 8:21:57 PM webapp.storage.AbstractStorage save
INFO: &amp#27;[32mSave 1ca6023b-8026-4617-afda-df158fb0862f(uuid7351)
сент. 16, 2025 8:21:57 PM webapp.storage.AbstractStorage save
INFO: &amp#27;[32mSave d037b211-490b-42d7-b94d-8be6b2afae91(uuid7352)
сент. 16, 2025 8:21:57 PM webapp.storage.AbstractStorage save
INFO: &amp#27;[32mSave bfea6ecd-8b01-4992-a1a3-b159ed9a948f(uuid7353)
сент. 16, 2025 8:21:57 PM webapp.storage.AbstractStorage save
INFO: &amp#27;[32mSave cb8e488c-1203-439a-8e36-14bc7b4114dc(uuid7354)
сент. 16, 2025 8:21:57 PM webapp.storage.AbstractStorage save
INFO: &amp#27;[32mSave 83451542-6a7a-4b90-8b43-773d1ed1d16e(uuid7355)
сент. 16, 2025 8:21:57 PM webapp.storage.AbstractStorage save
INFO: &amp#27;[32mSave b3afc354-72ab-44c1-9982-47bd691a99af(uuid7356)
сент. 16, 2025 8:21:57 PM webapp.storage.AbstractStorage save
INFO: &amp#27;[32mSave 0ba23c15-7360-4401-8b15-0fbc38b231cb(uuid7357)
сент. 16, 2025 8:21:57 PM webapp.storage.AbstractStorage save
INFO: &amp#27;[32mSave d70a6839-3305-40fc-8680-65db5403b7de(uuid7358)
сент. 16, 2025 8:21:57 PM webapp.storage.AbstractStorage save
INFO: &amp#27;[32mSave e711b33f-47f1-4344-9716-d45aee2d9c98(uuid7359)
сент. 16, 2025 8:21:57 PM webapp.storage.AbstractStorage save
INFO: &amp#27;[32mSave d50db38b-74ac-4924-8f07-5b499d4ec90e(uuid7360)
сент. 16, 2025 8:21:57 PM webapp.storage.AbstractStorage save
INFO: &amp#27;[32mSave 4e513f06-ee74-43d1-902b-81c41c300ec4(uuid7361)
сент. 16, 2025 8:21:57 PM webapp.storage.AbstractStorage save
INFO: &amp#27;[32mSave f136efe0-a02f-48ca-a722-a477041d1850(uuid7362)
сент. 16, 2025 8:21:57 PM webapp.storage.AbstractStorage save
INFO: &amp#27;[32mSave bc08e9f2-cafe-4091-9215-8b6a19e3a935(uuid7363)
сент. 16, 2025 8:21:57 PM webapp.storage.AbstractStorage save
INFO: &amp#27;[32mSave 1a1fb54f-7cb8-43d4-9f68-e4d02bba6945(uuid7364)
сент. 16, 2025 8:21:57 PM webapp.storage.AbstractStorage save
INFO: &amp#27;[32mSave 01f64476-20c7-46ae-aa57-6f97a0b60b3e(uuid7365)
сент. 16, 2025 8:21:57 PM webapp.storage.AbstractStorage save
INFO: &amp#27;[32mSave be9adfef-daaf-42cc-b477-3a458742d964(uuid7366)
сент. 16, 2025 8:21:57 PM webapp.storage.AbstractStorage save
INFO: &amp#27;[32mSave e5604c19-fc3f-4142-9418-42c9111959bb(uuid7367)
сент. 16, 2025 8:21:57 PM webapp.storage.AbstractStorage save
INFO: &amp#27;[32mSave 52c3d6b0-12ad-4bc7-8954-053a8da862d2(uuid7368)
сент. 16, 2025 8:21:57 PM webapp.storage.AbstractStorage save
INFO: &amp#27;[32mSave 0cd01c83-0dee-46b7-be12-41ac46b4c132(uuid7369)
сент. 16, 2025 8:21:57 PM webapp.storage.AbstractStorage save
INFO: &amp#27;[32mSave 82dae914-8e5e-4cf7-9c17-5b7f8d6253e5(uuid7370)
сент. 16, 2025 8:21:57 PM webapp.storage.AbstractStorage save
INFO: &amp#27;[32mSave 0ca12819-9c6d-4da6-ac01-771af6ba41a6(uuid7371)
сент. 16, 2025 8:21:57 PM webapp.storage.AbstractStorage save
INFO: &amp#27;[32mSave 1ba0bc3a-fb32-4d69-8e8c-d47406864034(uuid7372)
сент. 16, 2025 8:21:57 PM webapp.storage.AbstractStorage save
INFO: &amp#27;[32mSave 0315b43f-718f-4099-ac89-74356c4273a7(uuid7373)
сент. 16, 2025 8:21:57 PM webapp.storage.AbstractStorage save
INFO: &amp#27;[32mSave 184afdb3-aa5b-4345-9bf6-5a67d7304248(uuid7374)
сент. 16, 2025 8:21:57 PM webapp.storage.AbstractStorage save
INFO: &amp#27;[32mSave cba3589b-d037-4769-ad36-67ce924d87db(uuid7375)
сент. 16, 2025 8:21:57 PM webapp.storage.AbstractStorage save
INFO: &amp#27;[32mSave 93768610-a17e-4e22-b2e6-445b79251d7e(uuid7376)
сент. 16, 2025 8:21:57 PM webapp.storage.AbstractStorage save
INFO: &amp#27;[32mSave 02b7dce5-aa64-4d60-bc64-6f0fa4b851a4(uuid7377)
сент. 16, 2025 8:21:57 PM webapp.storage.AbstractStorage save
INFO: &amp#27;[32mSave 21ce7a83-f960-4b0d-8795-5c2fef070238(uuid7378)
сент. 16, 2025 8:21:57 PM webapp.storage.AbstractStorage save
INFO: &amp#27;[32mSave 4d2270ad-5841-4669-a320-cab12b914fb2(uuid7379)
сент. 16, 2025 8:21:57 PM webapp.storage.AbstractStorage save
INFO: &amp#27;[32mSave 9b198369-87db-493e-aa7b-aefa2aadf276(uuid7380)
сент. 16, 2025 8:21:57 PM webapp.storage.AbstractStorage save
INFO: &amp#27;[32mSave c28dfadd-3654-41b3-8a85-97a53c37a58b(uuid7381)
сент. 16, 2025 8:21:57 PM webapp.storage.AbstractStorage save
INFO: &amp#27;[32mSave c52e7bc9-c1e7-46b7-b180-a72f803d7a26(uuid7382)
сент. 16, 2025 8:21:57 PM webapp.storage.AbstractStorage save
INFO: &amp#27;[32mSave 5eb76541-a976-4076-80d5-dadc760982f9(uuid7383)
сент. 16, 2025 8:21:57 PM webapp.storage.AbstractStorage save
INFO: &amp#27;[32mSave 0973cbd0-5187-4ce8-8369-143dbae91a89(uuid7384)
сент. 16, 2025 8:21:57 PM webapp.storage.AbstractStorage save
INFO: &amp#27;[32mSave 970daea4-e01a-4960-a0c4-ebf1c66dc6fc(uuid7385)
сент. 16, 2025 8:21:57 PM webapp.storage.AbstractStorage save
INFO: &amp#27;[32mSave 9374d8d0-359d-4eb5-9615-614f3f94e071(uuid7386)
сент. 16, 2025 8:21:57 PM webapp.storage.AbstractStorage save
INFO: &amp#27;[32mSave 6964b245-fcf7-4afb-a054-d225d9a946e7(uuid7387)
сент. 16, 2025 8:21:57 PM webapp.storage.AbstractStorage save
INFO: &amp#27;[32mSave 81d5e67e-64af-45d9-a8ff-4b5f4316af3b(uuid7388)
сент. 16, 2025 8:21:57 PM webapp.storage.AbstractStorage save
INFO: &amp#27;[32mSave 3a482ff1-c45c-468e-9d99-5f08014b8951(uuid7389)
сент. 16, 2025 8:21:57 PM webapp.storage.AbstractStorage save
INFO: &amp#27;[32mSave a3df9714-19ae-4dea-92d6-12797f5655d7(uuid7390)
сент. 16, 2025 8:21:57 PM webapp.storage.AbstractStorage save
INFO: &amp#27;[32mSave 970b0ff1-11af-4ff3-a394-501ce66f5d94(uuid7391)
сент. 16, 2025 8:21:57 PM webapp.storage.AbstractStorage save
INFO: &amp#27;[32mSave d6cb6876-b69f-4fc1-a5ca-400d42c048da(uuid7392)
сент. 16, 2025 8:21:57 PM webapp.storage.AbstractStorage save
INFO: &amp#27;[32mSave a2528bf8-cc12-402e-8e1c-16d9e961c939(uuid7393)
сент. 16, 2025 8:21:57 PM webapp.storage.AbstractStorage save
INFO: &amp#27;[32mSave 5f2bdc5f-d406-4653-9c38-e00ad2a497e7(uuid7394)
сент. 16, 2025 8:21:57 PM webapp.storage.AbstractStorage save
INFO: &amp#27;[32mSave fe8e5b44-c0a2-482c-b2d3-a2589e859de4(uuid7395)
сент. 16, 2025 8:21:57 PM webapp.storage.AbstractStorage save
INFO: &amp#27;[32mSave 8b48e810-c5fd-4071-9979-b5bc7e5b4acd(uuid7396)
сент. 16, 2025 8:21:57 PM webapp.storage.AbstractStorage save
INFO: &amp#27;[32mSave 8a0e25a3-7ac0-40e6-92c2-212c597fea83(uuid7397)
сент. 16, 2025 8:21:57 PM webapp.storage.AbstractStorage save
INFO: &amp#27;[32mSave 37786ae6-9a99-42d3-9440-09251fbfad40(uuid7398)
сент. 16, 2025 8:21:57 PM webapp.storage.AbstractStorage save
INFO: &amp#27;[32mSave 378f840a-bf4e-4be0-aaa4-f5e141ff4735(uuid7399)
сент. 16, 2025 8:21:57 PM webapp.storage.AbstractStorage save
INFO: &amp#27;[32mSave bdb3cbf7-96f6-4e13-9b18-746dcffd1f32(uuid7400)
сент. 16, 2025 8:21:57 PM webapp.storage.AbstractStorage save
INFO: &amp#27;[32mSave 48e6ffa1-3861-4502-88fa-9bc0a4dd41ba(uuid7401)
сент. 16, 2025 8:21:57 PM webapp.storage.AbstractStorage save
INFO: &amp#27;[32mSave db2ee4e0-1464-4d21-b235-c26b3a9e5a35(uuid7402)
сент. 16, 2025 8:21:57 PM webapp.storage.AbstractStorage save
INFO: &amp#27;[32mSave e9726177-3318-4d77-a000-4439e788d056(uuid7403)
сент. 16, 2025 8:21:57 PM webapp.storage.AbstractStorage save
INFO: &amp#27;[32mSave 637704f2-77b4-4613-8f7c-5ff865bbe9a1(uuid7404)
сент. 16, 2025 8:21:57 PM webapp.storage.AbstractStorage save
INFO: &amp#27;[32mSave 1fa3911c-6285-4268-bf0d-cd0ed667cf85(uuid7405)
сент. 16, 2025 8:21:57 PM webapp.storage.AbstractStorage save
INFO: &amp#27;[32mSave b0490fed-e510-434f-89b2-cfb43de86182(uuid7406)
сент. 16, 2025 8:21:57 PM webapp.storage.AbstractStorage save
INFO: &amp#27;[32mSave 05a564e8-79ca-432f-8b43-4d1a2b34bc39(uuid7407)
сент. 16, 2025 8:21:57 PM webapp.storage.AbstractStorage save
INFO: &amp#27;[32mSave 741b1835-0399-4833-b22c-0a10b64c91f1(uuid7408)
сент. 16, 2025 8:21:57 PM webapp.storage.AbstractStorage save
INFO: &amp#27;[32mSave c40d849c-aa9f-4277-b61f-3397c75fbd1b(uuid7409)
сент. 16, 2025 8:21:57 PM webapp.storage.AbstractStorage save
INFO: &amp#27;[32mSave b05d2d4c-a3c4-4e63-a044-eb373d4a7a5f(uuid7410)
сент. 16, 2025 8:21:57 PM webapp.storage.AbstractStorage save
INFO: &amp#27;[32mSave 5999e795-f08c-464f-bc7e-2ada49b3378b(uuid7411)
сент. 16, 2025 8:21:57 PM webapp.storage.AbstractStorage save
INFO: &amp#27;[32mSave c1d040e0-9fd3-4f19-acaa-8491759a5dc0(uuid7412)
сент. 16, 2025 8:21:57 PM webapp.storage.AbstractStorage save
INFO: &amp#27;[32mSave efa293a6-9131-4ec5-986c-decd08642df3(uuid7413)
сент. 16, 2025 8:21:57 PM webapp.storage.AbstractStorage save
INFO: &amp#27;[32mSave 6c001499-435d-49c7-9ffb-31d5adb7e9e5(uuid7414)
сент. 16, 2025 8:21:57 PM webapp.storage.AbstractStorage save
INFO: &amp#27;[32mSave 309f6353-355a-45b9-ad55-f44c8119f7e2(uuid7415)
сент. 16, 2025 8:21:57 PM webapp.storage.AbstractStorage save
INFO: &amp#27;[32mSave 423113a1-4394-4ee1-af10-84c8d8504dd5(uuid7416)
сент. 16, 2025 8:21:57 PM webapp.storage.AbstractStorage save
INFO: &amp#27;[32mSave bc3e4af8-90b5-4779-b826-abde3d7a9b6e(uuid7417)
сент. 16, 2025 8:21:57 PM webapp.storage.AbstractStorage save
INFO: &amp#27;[32mSave b37a72c8-558f-47aa-b42a-0527d44a7066(uuid7418)
сент. 16, 2025 8:21:57 PM webapp.storage.AbstractStorage save
INFO: &amp#27;[32mSave cb0bb0f7-fdb7-4bae-a20d-733d0085c376(uuid7419)
сент. 16, 2025 8:21:57 PM webapp.storage.AbstractStorage save
INFO: &amp#27;[32mSave 03143755-8485-4d65-85f3-cf5aecd76340(uuid7420)
сент. 16, 2025 8:21:57 PM webapp.storage.AbstractStorage save
INFO: &amp#27;[32mSave 5bb40bcc-138b-45a6-a442-6eebcfa5782a(uuid7421)
сент. 16, 2025 8:21:57 PM webapp.storage.AbstractStorage save
INFO: &amp#27;[32mSave 76f013fc-7940-406e-8d87-84aa0eadb843(uuid7422)
сент. 16, 2025 8:21:57 PM webapp.storage.AbstractStorage save
INFO: &amp#27;[32mSave ec368f3f-2851-4172-a969-2a529c6b5fb6(uuid7423)
сент. 16, 2025 8:21:57 PM webapp.storage.AbstractStorage save
INFO: &amp#27;[32mSave 0380ccb3-62f8-4c7d-9781-d619175e4216(uuid7424)
сент. 16, 2025 8:21:57 PM webapp.storage.AbstractStorage save
INFO: &amp#27;[32mSave 914122b0-0c1a-4bc5-81ed-07992cd38a49(uuid7425)
сент. 16, 2025 8:21:57 PM webapp.storage.AbstractStorage save
INFO: &amp#27;[32mSave e715612e-6d97-4bab-a363-ad49a7cb8749(uuid7426)
сент. 16, 2025 8:21:57 PM webapp.storage.AbstractStorage save
INFO: &amp#27;[32mSave afee562d-24d3-44f0-9ab1-44938392a731(uuid7427)
сент. 16, 2025 8:21:57 PM webapp.storage.AbstractStorage save
INFO: &amp#27;[32mSave ca65a42d-d720-4d4d-b694-888530ad9f47(uuid7428)
сент. 16, 2025 8:21:57 PM webapp.storage.AbstractStorage save
INFO: &amp#27;[32mSave f58a88be-617a-4e1a-bbc9-ba383fceabe4(uuid7429)
сент. 16, 2025 8:21:57 PM webapp.storage.AbstractStorage save
INFO: &amp#27;[32mSave 4b2487bf-fc5c-42a0-baa4-5ab806c22f95(uuid7430)
сент. 16, 2025 8:21:57 PM webapp.storage.AbstractStorage save
INFO: &amp#27;[32mSave a5ff511e-7c1a-4d90-b853-a7786286ce02(uuid7431)
сент. 16, 2025 8:21:57 PM webapp.storage.AbstractStorage save
INFO: &amp#27;[32mSave 8db112e1-1e28-4f26-bcb8-b38b86544bde(uuid7432)
сент. 16, 2025 8:21:57 PM webapp.storage.AbstractStorage save
INFO: &amp#27;[32mSave 7e854269-198f-4be6-ae2b-f2f24b268cbe(uuid7433)
сент. 16, 2025 8:21:57 PM webapp.storage.AbstractStorage save
INFO: &amp#27;[32mSave b1588751-08ee-42b4-ab06-d87d4f0f03e0(uuid7434)
сент. 16, 2025 8:21:57 PM webapp.storage.AbstractStorage save
INFO: &amp#27;[32mSave d176f984-78e6-4019-a86b-b544ce77d519(uuid7435)
сент. 16, 2025 8:21:57 PM webapp.storage.AbstractStorage save
INFO: &amp#27;[32mSave c1650239-3585-49e5-82e7-d546b4bd84d5(uuid7436)
сент. 16, 2025 8:21:57 PM webapp.storage.AbstractStorage save
INFO: &amp#27;[32mSave 7de96e37-aba9-4508-b0d4-107bf89fd90e(uuid7437)
сент. 16, 2025 8:21:57 PM webapp.storage.AbstractStorage save
INFO: &amp#27;[32mSave 537e8b43-97a2-435e-b49b-2ab03f9ec752(uuid7438)
сент. 16, 2025 8:21:57 PM webapp.storage.AbstractStorage save
INFO: &amp#27;[32mSave afc88ed8-9aa0-41bf-a093-760d88364d37(uuid7439)
сент. 16, 2025 8:21:57 PM webapp.storage.AbstractStorage save
INFO: &amp#27;[32mSave 7645eb2a-723c-4a3b-a812-9ab2b805851f(uuid7440)
сент. 16, 2025 8:21:57 PM webapp.storage.AbstractStorage save
INFO: &amp#27;[32mSave 559e4109-ef34-4567-bcb9-da8e313b6cf5(uuid7441)
сент. 16, 2025 8:21:57 PM webapp.storage.AbstractStorage save
INFO: &amp#27;[32mSave ff70089b-e6a3-49ff-9916-bbd192491f08(uuid7442)
сент. 16, 2025 8:21:57 PM webapp.storage.AbstractStorage save
INFO: &amp#27;[32mSave 19cd2f82-d28e-4438-9b53-1eb4456fb5df(uuid7443)
сент. 16, 2025 8:21:57 PM webapp.storage.AbstractStorage save
INFO: &amp#27;[32mSave 72cf221a-04e3-4fd7-a18a-caf9380d04e9(uuid7444)
сент. 16, 2025 8:21:57 PM webapp.storage.AbstractStorage save
INFO: &amp#27;[32mSave 8a3190ef-7e73-496a-8237-8695bf0aacba(uuid7445)
сент. 16, 2025 8:21:57 PM webapp.storage.AbstractStorage save
INFO: &amp#27;[32mSave 1b7c2b6d-3d2a-41e2-b6b1-f297ca9d5d3d(uuid7446)
сент. 16, 2025 8:21:57 PM webapp.storage.AbstractStorage save
INFO: &amp#27;[32mSave 6138b30e-6255-463f-9987-b06f248fa716(uuid7447)
сент. 16, 2025 8:21:57 PM webapp.storage.AbstractStorage save
INFO: &amp#27;[32mSave 42ec8ad6-0ea7-47d3-858c-ba0c7564c669(uuid7448)
сент. 16, 2025 8:21:57 PM webapp.storage.AbstractStorage save
INFO: &amp#27;[32mSave 1d3a087f-c5a1-48f1-9a45-6c6d512f9a82(uuid7449)
сент. 16, 2025 8:21:57 PM webapp.storage.AbstractStorage save
INFO: &amp#27;[32mSave c310538b-e063-40b8-a76e-225f7df38d24(uuid7450)
сент. 16, 2025 8:21:57 PM webapp.storage.AbstractStorage save
INFO: &amp#27;[32mSave b11579a5-1880-465c-a81c-41e11ef1afbf(uuid7451)
сент. 16, 2025 8:21:57 PM webapp.storage.AbstractStorage save
INFO: &amp#27;[32mSave 99792cb0-1e8a-4c0c-890d-62878b72bb3f(uuid7452)
сент. 16, 2025 8:21:57 PM webapp.storage.AbstractStorage save
INFO: &amp#27;[32mSave 273a92b4-d389-4e5a-bb3d-36a2238084ae(uuid7453)
сент. 16, 2025 8:21:57 PM webapp.storage.AbstractStorage save
INFO: &amp#27;[32mSave 7eeb8ac9-ee15-4af7-9e1c-982869554898(uuid7454)
сент. 16, 2025 8:21:57 PM webapp.storage.AbstractStorage save
INFO: &amp#27;[32mSave 43c9ab20-bae2-43ff-a45a-8535f7ee2424(uuid7455)
сент. 16, 2025 8:21:57 PM webapp.storage.AbstractStorage save
INFO: &amp#27;[32mSave a2cd2b3f-0c79-46a7-a070-bf89b99e4ab1(uuid7456)
сент. 16, 2025 8:21:57 PM webapp.storage.AbstractStorage save
INFO: &amp#27;[32mSave 48d474b2-a262-4de4-bfd3-3bb4210c36e5(uuid7457)
сент. 16, 2025 8:21:57 PM webapp.storage.AbstractStorage save
INFO: &amp#27;[32mSave a8aaf475-a454-43d1-b072-28d1407bf6bd(uuid7458)
сент. 16, 2025 8:21:57 PM webapp.storage.AbstractStorage save
INFO: &amp#27;[32mSave cae96bcc-4ed0-4a75-a4d5-a1c8dd530a02(uuid7459)
сент. 16, 2025 8:21:57 PM webapp.storage.AbstractStorage save
INFO: &amp#27;[32mSave 13f6c32f-fa77-451d-8fd6-a677756177eb(uuid7460)
сент. 16, 2025 8:21:57 PM webapp.storage.AbstractStorage save
INFO: &amp#27;[32mSave 08610df9-b0c0-4109-9b21-d230d091a171(uuid7461)
сент. 16, 2025 8:21:57 PM webapp.storage.AbstractStorage save
INFO: &amp#27;[32mSave 08e69648-9881-4639-8111-3fe840b60d2e(uuid7462)
сент. 16, 2025 8:21:57 PM webapp.storage.AbstractStorage save
INFO: &amp#27;[32mSave ef8db9c5-18e9-482b-b3d5-0323668d524f(uuid7463)
сент. 16, 2025 8:21:57 PM webapp.storage.AbstractStorage save
INFO: &amp#27;[32mSave 0afa6ffe-e325-4dc3-b0ba-096c9e820b41(uuid7464)
сент. 16, 2025 8:21:57 PM webapp.storage.AbstractStorage save
INFO: &amp#27;[32mSave cb0f8aeb-a613-4530-88e3-299b5c452e65(uuid7465)
сент. 16, 2025 8:21:57 PM webapp.storage.AbstractStorage save
INFO: &amp#27;[32mSave 6e4c70d7-5dcc-4cb1-a310-dcd51bb1844d(uuid7466)
сент. 16, 2025 8:21:57 PM webapp.storage.AbstractStorage save
INFO: &amp#27;[32mSave e954bc78-9848-4302-be83-a6dcffdb2108(uuid7467)
сент. 16, 2025 8:21:57 PM webapp.storage.AbstractStorage save
INFO: &amp#27;[32mSave 450029e8-37d7-4818-aaad-35fcff747276(uuid7468)
сент. 16, 2025 8:21:57 PM webapp.storage.AbstractStorage save
INFO: &amp#27;[32mSave 6455cbd9-9087-498d-87b7-c6938fb2d015(uuid7469)
сент. 16, 2025 8:21:57 PM webapp.storage.AbstractStorage save
INFO: &amp#27;[32mSave c096819b-a0c2-4838-af9d-6a94a13a0187(uuid7470)
сент. 16, 2025 8:21:57 PM webapp.storage.AbstractStorage save
INFO: &amp#27;[32mSave 551df176-03b5-4b11-ade0-6c6d246188ef(uuid7471)
сент. 16, 2025 8:21:57 PM webapp.storage.AbstractStorage save
INFO: &amp#27;[32mSave 32a4b586-e419-4ed5-bd98-085b0a85f046(uuid7472)
сент. 16, 2025 8:21:57 PM webapp.storage.AbstractStorage save
INFO: &amp#27;[32mSave 23a9c2a5-0edf-4d4b-ab4d-53f50403ae13(uuid7473)
сент. 16, 2025 8:21:57 PM webapp.storage.AbstractStorage save
INFO: &amp#27;[32mSave 33d373d6-7f62-4805-8235-65dcec80f931(uuid7474)
сент. 16, 2025 8:21:57 PM webapp.storage.AbstractStorage save
INFO: &amp#27;[32mSave e1967df4-f0fc-4893-a5a8-429a92a667e8(uuid7475)
сент. 16, 2025 8:21:57 PM webapp.storage.AbstractStorage save
INFO: &amp#27;[32mSave 896f2d27-0c3d-4ef3-86a1-41214914c2bc(uuid7476)
сент. 16, 2025 8:21:57 PM webapp.storage.AbstractStorage save
INFO: &amp#27;[32mSave 1b5f9022-502c-4fdf-81d9-de2bf637d5ba(uuid7477)
сент. 16, 2025 8:21:57 PM webapp.storage.AbstractStorage save
INFO: &amp#27;[32mSave aca48ae0-0e3c-4be6-ac85-a78948934eb2(uuid7478)
сент. 16, 2025 8:21:57 PM webapp.storage.AbstractStorage save
INFO: &amp#27;[32mSave 4c06eed5-4dbd-4a62-98b8-40ac7f31ae53(uuid7479)
сент. 16, 2025 8:21:57 PM webapp.storage.AbstractStorage save
INFO: &amp#27;[32mSave 4c6f66c3-1355-4154-b2f7-5bf2634691a3(uuid7480)
сент. 16, 2025 8:21:57 PM webapp.storage.AbstractStorage save
INFO: &amp#27;[32mSave fac752f2-8100-4ee1-9c54-ff71e693c1ae(uuid7481)
сент. 16, 2025 8:21:57 PM webapp.storage.AbstractStorage save
INFO: &amp#27;[32mSave 7dd98954-4f22-4147-82a4-f382967e019d(uuid7482)
сент. 16, 2025 8:21:57 PM webapp.storage.AbstractStorage save
INFO: &amp#27;[32mSave 78cf1a9d-3c0a-4ce1-b7da-367925814957(uuid7483)
сент. 16, 2025 8:21:57 PM webapp.storage.AbstractStorage save
INFO: &amp#27;[32mSave b59fdf3f-985f-4fdc-b945-12b9e195ea04(uuid7484)
сент. 16, 2025 8:21:57 PM webapp.storage.AbstractStorage save
INFO: &amp#27;[32mSave 64f57a74-11b7-4b69-9a39-a238b0404c05(uuid7485)
сент. 16, 2025 8:21:57 PM webapp.storage.AbstractStorage save
INFO: &amp#27;[32mSave 83ec2299-372f-4d55-9607-5730d759b24f(uuid7486)
сент. 16, 2025 8:21:57 PM webapp.storage.AbstractStorage save
INFO: &amp#27;[32mSave 0403b693-ebad-4b6a-b3e2-b310b30224bd(uuid7487)
сент. 16, 2025 8:21:57 PM webapp.storage.AbstractStorage save
INFO: &amp#27;[32mSave f13ec005-db39-443f-9047-1559568d2fa5(uuid7488)
сент. 16, 2025 8:21:57 PM webapp.storage.AbstractStorage save
INFO: &amp#27;[32mSave b7227dee-1345-45d2-a80e-481264118b5e(uuid7489)
сент. 16, 2025 8:21:57 PM webapp.storage.AbstractStorage save
INFO: &amp#27;[32mSave d4276c6e-1455-4b6e-bcd6-02f8ecc291ba(uuid7490)
сент. 16, 2025 8:21:57 PM webapp.storage.AbstractStorage save
INFO: &amp#27;[32mSave 0e88dcf2-e69a-4f92-bb4a-7653d744575d(uuid7491)
сент. 16, 2025 8:21:57 PM webapp.storage.AbstractStorage save
INFO: &amp#27;[32mSave 05d6be31-35f4-43c7-a678-0640105b5972(uuid7492)
сент. 16, 2025 8:21:57 PM webapp.storage.AbstractStorage save
INFO: &amp#27;[32mSave e23c53ea-0ec6-458f-b65f-23cea20b0005(uuid7493)
сент. 16, 2025 8:21:57 PM webapp.storage.AbstractStorage save
INFO: &amp#27;[32mSave ac176ae5-e681-4a64-8e8d-e7393922c451(uuid7494)
сент. 16, 2025 8:21:57 PM webapp.storage.AbstractStorage save
INFO: &amp#27;[32mSave e937eb6b-d56c-4351-a0ad-74f9f3581c9d(uuid7495)
сент. 16, 2025 8:21:57 PM webapp.storage.AbstractStorage save
INFO: &amp#27;[32mSave a33b6570-ef76-4824-8ab9-040ef1276382(uuid7496)
сент. 16, 2025 8:21:57 PM webapp.storage.AbstractStorage save
INFO: &amp#27;[32mSave 7305053a-14fd-4dd9-8bf2-9ed006375b3a(uuid7497)
сент. 16, 2025 8:21:57 PM webapp.storage.AbstractStorage save
INFO: &amp#27;[32mSave 44ca444b-53f7-4cda-b981-080e99294d05(uuid7498)
сент. 16, 2025 8:21:57 PM webapp.storage.AbstractStorage save
INFO: &amp#27;[32mSave 4d642e72-cfc0-48b9-b2eb-efa611a22bd5(uuid7499)
сент. 16, 2025 8:21:57 PM webapp.storage.AbstractStorage save
INFO: &amp#27;[32mSave 4f821054-b3c6-4818-8890-7503239a0660(uuid7500)
сент. 16, 2025 8:21:57 PM webapp.storage.AbstractStorage save
INFO: &amp#27;[32mSave 1d2626c1-e286-4606-9df1-211101b8f6d2(uuid7501)
сент. 16, 2025 8:21:57 PM webapp.storage.AbstractStorage save
INFO: &amp#27;[32mSave 1a47ec98-498d-4190-908d-f5b05e2a20e0(uuid7502)
сент. 16, 2025 8:21:57 PM webapp.storage.AbstractStorage save
INFO: &amp#27;[32mSave ad945721-ea13-4c34-a845-01030a2d6633(uuid7503)
сент. 16, 2025 8:21:57 PM webapp.storage.AbstractStorage save
INFO: &amp#27;[32mSave 16a848c2-c625-41e9-8d14-7cd77f66b684(uuid7504)
сент. 16, 2025 8:21:57 PM webapp.storage.AbstractStorage save
INFO: &amp#27;[32mSave 39bf6d68-2b76-4831-ac88-672fdbd1410c(uuid7505)
сент. 16, 2025 8:21:57 PM webapp.storage.AbstractStorage save
INFO: &amp#27;[32mSave 19e029d9-0827-4bd0-9d20-aaf526fef43b(uuid7506)
сент. 16, 2025 8:21:57 PM webapp.storage.AbstractStorage save
INFO: &amp#27;[32mSave 0419300c-c076-47cd-8c83-f9746371596a(uuid7507)
сент. 16, 2025 8:21:57 PM webapp.storage.AbstractStorage save
INFO: &amp#27;[32mSave 4c287aec-4c2b-478c-953d-147d13a15ec4(uuid7508)
сент. 16, 2025 8:21:57 PM webapp.storage.AbstractStorage save
INFO: &amp#27;[32mSave 2e158f7e-9b97-4018-b32f-da49926cd419(uuid7509)
сент. 16, 2025 8:21:57 PM webapp.storage.AbstractStorage save
INFO: &amp#27;[32mSave 41e6d927-4c1b-4e73-9787-e487dd21bebc(uuid7510)
сент. 16, 2025 8:21:57 PM webapp.storage.AbstractStorage save
INFO: &amp#27;[32mSave 6bc718fd-3271-4377-b785-9a4d6a786dd2(uuid7511)
сент. 16, 2025 8:21:57 PM webapp.storage.AbstractStorage save
INFO: &amp#27;[32mSave b3bf2abc-52f5-46cd-995c-bc63f893f1d0(uuid7512)
сент. 16, 2025 8:21:57 PM webapp.storage.AbstractStorage save
INFO: &amp#27;[32mSave 2833b2e0-008f-415f-a68b-0145924cc3b3(uuid7513)
сент. 16, 2025 8:21:57 PM webapp.storage.AbstractStorage save
INFO: &amp#27;[32mSave 6491c735-bf99-4c62-9dc0-b2d867f3668c(uuid7514)
сент. 16, 2025 8:21:57 PM webapp.storage.AbstractStorage save
INFO: &amp#27;[32mSave 57747efb-7f11-4361-8986-5347861d93a6(uuid7515)
сент. 16, 2025 8:21:57 PM webapp.storage.AbstractStorage save
INFO: &amp#27;[32mSave d59479f1-4b6a-4d89-9515-a1e17f2330af(uuid7516)
сент. 16, 2025 8:21:57 PM webapp.storage.AbstractStorage save
INFO: &amp#27;[32mSave 6598e091-42e3-4624-9a72-3435b8afa4ae(uuid7517)
сент. 16, 2025 8:21:57 PM webapp.storage.AbstractStorage save
INFO: &amp#27;[32mSave 71b1daeb-9ee8-4b84-b585-bb025747fe44(uuid7518)
сент. 16, 2025 8:21:57 PM webapp.storage.AbstractStorage save
INFO: &amp#27;[32mSave 9c3ff2bd-f441-415e-bea9-1ba1da5258df(uuid7519)
сент. 16, 2025 8:21:57 PM webapp.storage.AbstractStorage save
INFO: &amp#27;[32mSave 6bc7cea5-1d9d-415b-98e9-0f7d689cfa48(uuid7520)
сент. 16, 2025 8:21:57 PM webapp.storage.AbstractStorage save
INFO: &amp#27;[32mSave af8f5d6e-0b50-4181-8caf-ebe666da4da8(uuid7521)
сент. 16, 2025 8:21:57 PM webapp.storage.AbstractStorage save
INFO: &amp#27;[32mSave 6104e30f-ad94-4cb1-a85d-95574c75e47a(uuid7522)
сент. 16, 2025 8:21:57 PM webapp.storage.AbstractStorage save
INFO: &amp#27;[32mSave b131f943-ba3f-490b-b0e1-89977720eb14(uuid7523)
сент. 16, 2025 8:21:57 PM webapp.storage.AbstractStorage save
INFO: &amp#27;[32mSave 33213c92-a66f-48ef-a808-e05ed6223712(uuid7524)
сент. 16, 2025 8:21:57 PM webapp.storage.AbstractStorage save
INFO: &amp#27;[32mSave 160aa5dd-ffb9-4c86-9985-4ab73313c7a0(uuid7525)
сент. 16, 2025 8:21:57 PM webapp.storage.AbstractStorage save
INFO: &amp#27;[32mSave 42d4b811-262b-409b-ba1e-907eb86d856b(uuid7526)
сент. 16, 2025 8:21:57 PM webapp.storage.AbstractStorage save
INFO: &amp#27;[32mSave 571a36d5-4dd6-4229-8a4b-4b1f994bfa30(uuid7527)
сент. 16, 2025 8:21:57 PM webapp.storage.AbstractStorage save
INFO: &amp#27;[32mSave 14a04e55-cddf-4f9b-8221-5137ba521a92(uuid7528)
сент. 16, 2025 8:21:57 PM webapp.storage.AbstractStorage save
INFO: &amp#27;[32mSave a3303391-9bcd-4bb1-8ac2-7755a501f963(uuid7529)
сент. 16, 2025 8:21:57 PM webapp.storage.AbstractStorage save
INFO: &amp#27;[32mSave 74dbf4e4-d612-48f1-ae6b-e35daa251fe8(uuid7530)
сент. 16, 2025 8:21:57 PM webapp.storage.AbstractStorage save
INFO: &amp#27;[32mSave 5d17c404-564e-45a4-9d07-4d62ef607165(uuid7531)
сент. 16, 2025 8:21:57 PM webapp.storage.AbstractStorage save
INFO: &amp#27;[32mSave a6356ed1-3c86-4778-8141-7dc186acdfe8(uuid7532)
сент. 16, 2025 8:21:57 PM webapp.storage.AbstractStorage save
INFO: &amp#27;[32mSave a4759ece-a53f-4f1c-a607-73a126d68e4f(uuid7533)
сент. 16, 2025 8:21:57 PM webapp.storage.AbstractStorage save
INFO: &amp#27;[32mSave 711f4f3f-33c5-49ed-9779-0b208fc72f3f(uuid7534)
сент. 16, 2025 8:21:57 PM webapp.storage.AbstractStorage save
INFO: &amp#27;[32mSave e4f8dc36-712c-4b15-9a52-c35f0872feb4(uuid7535)
сент. 16, 2025 8:21:57 PM webapp.storage.AbstractStorage save
INFO: &amp#27;[32mSave 0a19d517-d705-4dd3-b1f7-d8fa83664a84(uuid7536)
сент. 16, 2025 8:21:57 PM webapp.storage.AbstractStorage save
INFO: &amp#27;[32mSave 06aaf2bc-b949-469d-ba74-02f4fb097832(uuid7537)
сент. 16, 2025 8:21:57 PM webapp.storage.AbstractStorage save
INFO: &amp#27;[32mSave 59fc0aff-a42b-4afe-b871-ce90a041bce5(uuid7538)
сент. 16, 2025 8:21:57 PM webapp.storage.AbstractStorage save
INFO: &amp#27;[32mSave c0591eef-3327-48dc-9262-5c32d9bfe66d(uuid7539)
сент. 16, 2025 8:21:57 PM webapp.storage.AbstractStorage save
INFO: &amp#27;[32mSave ccb83531-9db7-4967-8521-6fdef5759a69(uuid7540)
сент. 16, 2025 8:21:57 PM webapp.storage.AbstractStorage save
INFO: &amp#27;[32mSave cdae7369-4ac3-4186-80d9-ab7f9b83ced3(uuid7541)
сент. 16, 2025 8:21:57 PM webapp.storage.AbstractStorage save
INFO: &amp#27;[32mSave e8f5d028-6568-43fd-8105-430966190339(uuid7542)
сент. 16, 2025 8:21:57 PM webapp.storage.AbstractStorage save
INFO: &amp#27;[32mSave 512f7185-ea75-4e50-87a2-8a5c043cc06a(uuid7543)
сент. 16, 2025 8:21:57 PM webapp.storage.AbstractStorage save
INFO: &amp#27;[32mSave dd8fff20-28a9-40ef-af4a-adcec810f89e(uuid7544)
сент. 16, 2025 8:21:57 PM webapp.storage.AbstractStorage save
INFO: &amp#27;[32mSave 3247d083-f42b-4cce-97e2-e64e029fe112(uuid7545)
сент. 16, 2025 8:21:57 PM webapp.storage.AbstractStorage save
INFO: &amp#27;[32mSave f8068e16-5bf3-4610-92b2-28013a6dcd13(uuid7546)
сент. 16, 2025 8:21:57 PM webapp.storage.AbstractStorage save
INFO: &amp#27;[32mSave 1b6b10f4-b70e-4e85-9f4a-283fc3ff16e4(uuid7547)
сент. 16, 2025 8:21:57 PM webapp.storage.AbstractStorage save
INFO: &amp#27;[32mSave 141fe3c4-88f1-43bb-838a-583192724c29(uuid7548)
сент. 16, 2025 8:21:57 PM webapp.storage.AbstractStorage save
INFO: &amp#27;[32mSave 62f7b559-ae2a-47e3-a83c-8b7388df3607(uuid7549)
сент. 16, 2025 8:21:57 PM webapp.storage.AbstractStorage save
INFO: &amp#27;[32mSave 5511e506-716f-4173-bdf5-bdd883bd36ce(uuid7550)
сент. 16, 2025 8:21:57 PM webapp.storage.AbstractStorage save
INFO: &amp#27;[32mSave 214edc6b-9d85-4f5a-bb69-9ab149506fac(uuid7551)
сент. 16, 2025 8:21:57 PM webapp.storage.AbstractStorage save
INFO: &amp#27;[32mSave eb31c051-43a7-4e7e-a537-9ff1f8f9be16(uuid7552)
сент. 16, 2025 8:21:57 PM webapp.storage.AbstractStorage save
INFO: &amp#27;[32mSave 6ff4d608-e34a-4695-8b85-a1e84d084214(uuid7553)
сент. 16, 2025 8:21:57 PM webapp.storage.AbstractStorage save
INFO: &amp#27;[32mSave 2356b205-9a33-4724-b0cd-51913224b8ee(uuid7554)
сент. 16, 2025 8:21:57 PM webapp.storage.AbstractStorage save
INFO: &amp#27;[32mSave 8a7c43e1-1d10-44f1-bc72-b6286a90c98a(uuid7555)
сент. 16, 2025 8:21:57 PM webapp.storage.AbstractStorage save
INFO: &amp#27;[32mSave 0462565f-6012-4e53-9167-b33870cf12ec(uuid7556)
сент. 16, 2025 8:21:57 PM webapp.storage.AbstractStorage save
INFO: &amp#27;[32mSave 1b74d4db-1188-4043-bcd6-7602a4d5c8d6(uuid7557)
сент. 16, 2025 8:21:57 PM webapp.storage.AbstractStorage save
INFO: &amp#27;[32mSave dfa473b0-9652-4577-ba82-5dada1ccd4d4(uuid7558)
сент. 16, 2025 8:21:57 PM webapp.storage.AbstractStorage save
INFO: &amp#27;[32mSave b9b37a07-1313-4419-98d8-7018c24f8c0b(uuid7559)
сент. 16, 2025 8:21:57 PM webapp.storage.AbstractStorage save
INFO: &amp#27;[32mSave c786dc9d-0d0a-4458-9cf9-e3817a4be7e5(uuid7560)
сент. 16, 2025 8:21:57 PM webapp.storage.AbstractStorage save
INFO: &amp#27;[32mSave 1d7fd34f-9d47-4a18-9c1d-f7afa2fcc477(uuid7561)
сент. 16, 2025 8:21:57 PM webapp.storage.AbstractStorage save
INFO: &amp#27;[32mSave 5e28a7d3-2510-4b58-8eff-07adfc066f40(uuid7562)
сент. 16, 2025 8:21:57 PM webapp.storage.AbstractStorage save
INFO: &amp#27;[32mSave 780b1ff9-f5d0-4509-995d-2e2aacf6477a(uuid7563)
сент. 16, 2025 8:21:57 PM webapp.storage.AbstractStorage save
INFO: &amp#27;[32mSave 47e7b383-af64-4b28-b8cc-721c7ad54ad5(uuid7564)
сент. 16, 2025 8:21:57 PM webapp.storage.AbstractStorage save
INFO: &amp#27;[32mSave 5980bcaf-a496-4b51-bd27-6f240e97d171(uuid7565)
сент. 16, 2025 8:21:57 PM webapp.storage.AbstractStorage save
INFO: &amp#27;[32mSave 1d1268a4-b79b-4d79-82ce-cc45377f8ed6(uuid7566)
сент. 16, 2025 8:21:57 PM webapp.storage.AbstractStorage save
INFO: &amp#27;[32mSave 9bafc048-c961-4a90-b17e-7e7ccfd26070(uuid7567)
сент. 16, 2025 8:21:57 PM webapp.storage.AbstractStorage save
INFO: &amp#27;[32mSave cdb5f44e-881c-4165-889e-bc8b9eb766a5(uuid7568)
сент. 16, 2025 8:21:57 PM webapp.storage.AbstractStorage save
INFO: &amp#27;[32mSave 5e01927d-413f-408d-b4ab-34d27004bc23(uuid7569)
сент. 16, 2025 8:21:57 PM webapp.storage.AbstractStorage save
INFO: &amp#27;[32mSave b81e9009-ef0d-474b-8cbf-ba379240e808(uuid7570)
сент. 16, 2025 8:21:57 PM webapp.storage.AbstractStorage save
INFO: &amp#27;[32mSave 17b1d7bf-bb8b-4f30-b44f-3f6e60de3e4e(uuid7571)
сент. 16, 2025 8:21:57 PM webapp.storage.AbstractStorage save
INFO: &amp#27;[32mSave 3a2c8b53-aa7b-4ef0-a999-92c1babf1388(uuid7572)
сент. 16, 2025 8:21:57 PM webapp.storage.AbstractStorage save
INFO: &amp#27;[32mSave 572d9bbe-766a-41f1-8384-8f7aacdc8800(uuid7573)
сент. 16, 2025 8:21:57 PM webapp.storage.AbstractStorage save
INFO: &amp#27;[32mSave 34485b77-6a76-4425-ae25-4e6acaa632a6(uuid7574)
сент. 16, 2025 8:21:57 PM webapp.storage.AbstractStorage save
INFO: &amp#27;[32mSave 36034a0c-4b91-49a9-a833-4e0aa3a1a411(uuid7575)
сент. 16, 2025 8:21:57 PM webapp.storage.AbstractStorage save
INFO: &amp#27;[32mSave b10f9d14-aec0-4b5c-b591-dc6dea0a2e80(uuid7576)
сент. 16, 2025 8:21:57 PM webapp.storage.AbstractStorage save
INFO: &amp#27;[32mSave d0e87f6e-2b70-4f72-8262-72b6de7620a0(uuid7577)
сент. 16, 2025 8:21:57 PM webapp.storage.AbstractStorage save
INFO: &amp#27;[32mSave 85ca732e-b671-4e21-b780-d5bd8326ca4a(uuid7578)
сент. 16, 2025 8:21:57 PM webapp.storage.AbstractStorage save
INFO: &amp#27;[32mSave 807c42a7-c68c-445c-a913-88e95ce12f66(uuid7579)
сент. 16, 2025 8:21:57 PM webapp.storage.AbstractStorage save
INFO: &amp#27;[32mSave 63d3eb8c-1cdc-4c07-a24b-473e5804f1dd(uuid7580)
сент. 16, 2025 8:21:57 PM webapp.storage.AbstractStorage save
INFO: &amp#27;[32mSave 68b5eab3-773b-4ebb-bbc6-9638b7bd6f88(uuid7581)
сент. 16, 2025 8:21:57 PM webapp.storage.AbstractStorage save
INFO: &amp#27;[32mSave 223cca3d-7b39-4738-99f6-9e6870dafe61(uuid7582)
сент. 16, 2025 8:21:57 PM webapp.storage.AbstractStorage save
INFO: &amp#27;[32mSave e2139ca8-8a4a-41e9-88b3-1e3f25e3a213(uuid7583)
сент. 16, 2025 8:21:57 PM webapp.storage.AbstractStorage save
INFO: &amp#27;[32mSave b14851f4-5b97-4a30-b14d-3433316495ef(uuid7584)
сент. 16, 2025 8:21:57 PM webapp.storage.AbstractStorage save
INFO: &amp#27;[32mSave 35fdcc12-2ef2-4261-afee-80a281ffdb4d(uuid7585)
сент. 16, 2025 8:21:57 PM webapp.storage.AbstractStorage save
INFO: &amp#27;[32mSave 4dbf81c6-c27f-4a31-bba3-6b050c86ecd8(uuid7586)
сент. 16, 2025 8:21:57 PM webapp.storage.AbstractStorage save
INFO: &amp#27;[32mSave aa900917-c0a9-46d5-93b8-2be8cb5e99df(uuid7587)
сент. 16, 2025 8:21:57 PM webapp.storage.AbstractStorage save
INFO: &amp#27;[32mSave 91a012f9-b7aa-4370-8ad6-062fab525c20(uuid7588)
сент. 16, 2025 8:21:57 PM webapp.storage.AbstractStorage save
INFO: &amp#27;[32mSave 35f67b25-6a65-4ab1-bc3b-e5106c30805b(uuid7589)
сент. 16, 2025 8:21:57 PM webapp.storage.AbstractStorage save
INFO: &amp#27;[32mSave dd303a6a-4ce6-4739-b698-a902f5e84a4e(uuid7590)
сент. 16, 2025 8:21:57 PM webapp.storage.AbstractStorage save
INFO: &amp#27;[32mSave e16a7e51-c183-4ed0-ad9c-9356c56af32d(uuid7591)
сент. 16, 2025 8:21:57 PM webapp.storage.AbstractStorage save
INFO: &amp#27;[32mSave aab1b6d1-05ef-462d-9fc3-6b7379fb885c(uuid7592)
сент. 16, 2025 8:21:57 PM webapp.storage.AbstractStorage save
INFO: &amp#27;[32mSave f694ac4a-425d-45fa-985e-39759e38240b(uuid7593)
сент. 16, 2025 8:21:57 PM webapp.storage.AbstractStorage save
INFO: &amp#27;[32mSave 989feafb-0dc8-41a7-94a8-cea3ae2b953a(uuid7594)
сент. 16, 2025 8:21:57 PM webapp.storage.AbstractStorage save
INFO: &amp#27;[32mSave 760bc68d-8f1a-4351-b0a5-aafece575b6f(uuid7595)
сент. 16, 2025 8:21:57 PM webapp.storage.AbstractStorage save
INFO: &amp#27;[32mSave e8c9cb7f-ecd6-45ee-bf6d-7e3caa53adc7(uuid7596)
сент. 16, 2025 8:21:57 PM webapp.storage.AbstractStorage save
INFO: &amp#27;[32mSave 61ac689b-9442-40f6-8613-4839210cdc56(uuid7597)
сент. 16, 2025 8:21:57 PM webapp.storage.AbstractStorage save
INFO: &amp#27;[32mSave 0dbe1308-1357-45b5-9e96-998a55e2e8c9(uuid7598)
сент. 16, 2025 8:21:57 PM webapp.storage.AbstractStorage save
INFO: &amp#27;[32mSave 42d5115d-3b98-443f-8132-1ba083adfc21(uuid7599)
сент. 16, 2025 8:21:57 PM webapp.storage.AbstractStorage save
INFO: &amp#27;[32mSave 67b6dcad-2e5d-40fe-94a8-d4e73550bc16(uuid7600)
сент. 16, 2025 8:21:57 PM webapp.storage.AbstractStorage save
INFO: &amp#27;[32mSave 9d11baaa-f558-4237-9e96-e5b4d5a48b78(uuid7601)
сент. 16, 2025 8:21:57 PM webapp.storage.AbstractStorage save
INFO: &amp#27;[32mSave ae8572dd-c07e-4293-a22e-25e894bd5d54(uuid7602)
сент. 16, 2025 8:21:57 PM webapp.storage.AbstractStorage save
INFO: &amp#27;[32mSave ce1f3038-0484-4801-bd09-5728634ae4d0(uuid7603)
сент. 16, 2025 8:21:57 PM webapp.storage.AbstractStorage save
INFO: &amp#27;[32mSave ee497ed0-efc5-4a76-9a38-a56dc311b425(uuid7604)
сент. 16, 2025 8:21:57 PM webapp.storage.AbstractStorage save
INFO: &amp#27;[32mSave 7e154dd8-de77-4f62-8e42-542bf6d6d21d(uuid7605)
сент. 16, 2025 8:21:57 PM webapp.storage.AbstractStorage save
INFO: &amp#27;[32mSave a8a16cb9-2dfb-4206-bcdb-4f88937ddf4a(uuid7606)
сент. 16, 2025 8:21:57 PM webapp.storage.AbstractStorage save
INFO: &amp#27;[32mSave 6a5bacbf-f0c0-4fa2-bf98-203a6474cda6(uuid7607)
сент. 16, 2025 8:21:57 PM webapp.storage.AbstractStorage save
INFO: &amp#27;[32mSave b9f9d5d9-84f4-4e7e-8f60-96d725f15a22(uuid7608)
сент. 16, 2025 8:21:57 PM webapp.storage.AbstractStorage save
INFO: &amp#27;[32mSave 2740fe97-67ec-40fe-a62c-292ab9debfac(uuid7609)
сент. 16, 2025 8:21:57 PM webapp.storage.AbstractStorage save
INFO: &amp#27;[32mSave 9db532d6-4874-4443-a3f4-ccded7b4dc79(uuid7610)
сент. 16, 2025 8:21:57 PM webapp.storage.AbstractStorage save
INFO: &amp#27;[32mSave 4aa474d5-e321-444e-a7d1-65311be8667f(uuid7611)
сент. 16, 2025 8:21:57 PM webapp.storage.AbstractStorage save
INFO: &amp#27;[32mSave 2a043b09-e26c-43f2-83dc-84156b2bef3b(uuid7612)
сент. 16, 2025 8:21:57 PM webapp.storage.AbstractStorage save
INFO: &amp#27;[32mSave c577a34e-df08-4a91-beff-7acc3cf921e9(uuid7613)
сент. 16, 2025 8:21:57 PM webapp.storage.AbstractStorage save
INFO: &amp#27;[32mSave f3d9f50d-3446-4344-b648-8be789341bfb(uuid7614)
сент. 16, 2025 8:21:57 PM webapp.storage.AbstractStorage save
INFO: &amp#27;[32mSave 925c2c7a-707f-4678-b020-aabfacc4148a(uuid7615)
сент. 16, 2025 8:21:57 PM webapp.storage.AbstractStorage save
INFO: &amp#27;[32mSave 9d1dae65-13f5-4b3b-9c70-6d1e08420edb(uuid7616)
сент. 16, 2025 8:21:57 PM webapp.storage.AbstractStorage save
INFO: &amp#27;[32mSave 04d9bf64-36a4-4645-b3d9-b32015bb7157(uuid7617)
сент. 16, 2025 8:21:57 PM webapp.storage.AbstractStorage save
INFO: &amp#27;[32mSave 578f83c7-88a4-428e-b7a2-5697c307a925(uuid7618)
сент. 16, 2025 8:21:57 PM webapp.storage.AbstractStorage save
INFO: &amp#27;[32mSave 0f3801b0-4690-48f4-92f5-822931c9dbfc(uuid7619)
сент. 16, 2025 8:21:57 PM webapp.storage.AbstractStorage save
INFO: &amp#27;[32mSave 36a01b57-3548-4863-b74a-1e37ffd7811b(uuid7620)
сент. 16, 2025 8:21:57 PM webapp.storage.AbstractStorage save
INFO: &amp#27;[32mSave 1900c12a-e6cc-49d9-8002-bb5e97602dee(uuid7621)
сент. 16, 2025 8:21:57 PM webapp.storage.AbstractStorage save
INFO: &amp#27;[32mSave 5f466ada-25ae-4347-8a00-70e5f8a3f7eb(uuid7622)
сент. 16, 2025 8:21:57 PM webapp.storage.AbstractStorage save
INFO: &amp#27;[32mSave 5dee10fc-1c8d-4221-9d5c-d21d0bf3e40e(uuid7623)
сент. 16, 2025 8:21:57 PM webapp.storage.AbstractStorage save
INFO: &amp#27;[32mSave 7b17ec3c-1abc-4413-aeec-b19def549f13(uuid7624)
сент. 16, 2025 8:21:57 PM webapp.storage.AbstractStorage save
INFO: &amp#27;[32mSave 5efbf2fc-4471-4f6c-a93f-81ee31fc3589(uuid7625)
сент. 16, 2025 8:21:57 PM webapp.storage.AbstractStorage save
INFO: &amp#27;[32mSave 8045f623-295c-467e-976d-24e02697591b(uuid7626)
сент. 16, 2025 8:21:57 PM webapp.storage.AbstractStorage save
INFO: &amp#27;[32mSave 13c0f433-4edc-4a6d-8faf-7b1f7abe429b(uuid7627)
сент. 16, 2025 8:21:57 PM webapp.storage.AbstractStorage save
INFO: &amp#27;[32mSave d3b44510-1dfe-4e93-b848-31c51d6f48f7(uuid7628)
сент. 16, 2025 8:21:57 PM webapp.storage.AbstractStorage save
INFO: &amp#27;[32mSave a3682207-4af5-4c37-bf4d-6c5961ac5cf3(uuid7629)
сент. 16, 2025 8:21:57 PM webapp.storage.AbstractStorage save
INFO: &amp#27;[32mSave 5931826b-21e1-465a-b99a-69e7a4086563(uuid7630)
сент. 16, 2025 8:21:57 PM webapp.storage.AbstractStorage save
INFO: &amp#27;[32mSave 1a96d5a8-7b4c-4416-b101-6514ffcd1bb1(uuid7631)
сент. 16, 2025 8:21:57 PM webapp.storage.AbstractStorage save
INFO: &amp#27;[32mSave e562fd12-22d3-430c-8f2c-ce500b61d673(uuid7632)
сент. 16, 2025 8:21:57 PM webapp.storage.AbstractStorage save
INFO: &amp#27;[32mSave 16524ed8-dddf-4518-998b-fa97af579382(uuid7633)
сент. 16, 2025 8:21:57 PM webapp.storage.AbstractStorage save
INFO: &amp#27;[32mSave ca6e6b5c-2833-495b-9073-ab823de546d6(uuid7634)
сент. 16, 2025 8:21:57 PM webapp.storage.AbstractStorage save
INFO: &amp#27;[32mSave 4e537acc-8984-43af-98ec-ed10ab5388d2(uuid7635)
сент. 16, 2025 8:21:57 PM webapp.storage.AbstractStorage save
INFO: &amp#27;[32mSave dfec731f-a33a-4e17-bb26-c5d48d3f1cd6(uuid7636)
сент. 16, 2025 8:21:57 PM webapp.storage.AbstractStorage save
INFO: &amp#27;[32mSave 80952232-9bd7-49f7-ab62-bc5360c628ab(uuid7637)
сент. 16, 2025 8:21:57 PM webapp.storage.AbstractStorage save
INFO: &amp#27;[32mSave badfc77a-53e0-4751-909e-5840110cd3c4(uuid7638)
сент. 16, 2025 8:21:57 PM webapp.storage.AbstractStorage save
INFO: &amp#27;[32mSave c9a28201-8dd1-4a65-a723-b6cf351958cc(uuid7639)
сент. 16, 2025 8:21:57 PM webapp.storage.AbstractStorage save
INFO: &amp#27;[32mSave 252a619f-9772-46af-ace7-a835e85a4f7d(uuid7640)
сент. 16, 2025 8:21:57 PM webapp.storage.AbstractStorage save
INFO: &amp#27;[32mSave fe90991c-9fc2-48d7-bc13-25d54a9556f6(uuid7641)
сент. 16, 2025 8:21:57 PM webapp.storage.AbstractStorage save
INFO: &amp#27;[32mSave 71b69127-86e0-4bf5-85b3-3f9b8de45758(uuid7642)
сент. 16, 2025 8:21:57 PM webapp.storage.AbstractStorage save
INFO: &amp#27;[32mSave 39acfc44-366e-4851-a151-4bb9826bc308(uuid7643)
сент. 16, 2025 8:21:57 PM webapp.storage.AbstractStorage save
INFO: &amp#27;[32mSave c8e2c809-b958-4e12-b3c7-3e1ba8b618c0(uuid7644)
сент. 16, 2025 8:21:57 PM webapp.storage.AbstractStorage save
INFO: &amp#27;[32mSave 1c041625-e67c-4a07-81ba-7ae826fe3bb5(uuid7645)
сент. 16, 2025 8:21:57 PM webapp.storage.AbstractStorage save
INFO: &amp#27;[32mSave a8a6434a-5ab0-4434-ba42-f2a39e79fbb3(uuid7646)
сент. 16, 2025 8:21:57 PM webapp.storage.AbstractStorage save
INFO: &amp#27;[32mSave e8521865-f3d5-4c0d-92ed-b1804ab42d08(uuid7647)
сент. 16, 2025 8:21:57 PM webapp.storage.AbstractStorage save
INFO: &amp#27;[32mSave ab6dc5f7-436b-4b1a-9017-f2d2f5a3b4fb(uuid7648)
сент. 16, 2025 8:21:57 PM webapp.storage.AbstractStorage save
INFO: &amp#27;[32mSave d3fafc12-c8f6-4459-bafc-d8f0370bf975(uuid7649)
сент. 16, 2025 8:21:57 PM webapp.storage.AbstractStorage save
INFO: &amp#27;[32mSave 9555e9d7-80c3-44c5-aa29-6caea965fe5b(uuid7650)
сент. 16, 2025 8:21:57 PM webapp.storage.AbstractStorage save
INFO: &amp#27;[32mSave 1e6cf9b0-e08c-4c38-a758-1d15ce8e9573(uuid7651)
сент. 16, 2025 8:21:57 PM webapp.storage.AbstractStorage save
INFO: &amp#27;[32mSave ad45d6a9-639d-42ae-8db8-24fe4b89329d(uuid7652)
сент. 16, 2025 8:21:57 PM webapp.storage.AbstractStorage save
INFO: &amp#27;[32mSave be795055-ed9d-4400-9252-498700d8f03d(uuid7653)
сент. 16, 2025 8:21:57 PM webapp.storage.AbstractStorage save
INFO: &amp#27;[32mSave 2ccf83da-7922-49be-833a-29fda015d862(uuid7654)
сент. 16, 2025 8:21:57 PM webapp.storage.AbstractStorage save
INFO: &amp#27;[32mSave f5e98472-a351-4fc3-bc56-52404daeead3(uuid7655)
сент. 16, 2025 8:21:57 PM webapp.storage.AbstractStorage save
INFO: &amp#27;[32mSave 6cd5a487-f064-4093-8749-805c6cf271e2(uuid7656)
сент. 16, 2025 8:21:57 PM webapp.storage.AbstractStorage save
INFO: &amp#27;[32mSave bfd3ad8d-fe30-4a3e-959d-0aa7609ef728(uuid7657)
сент. 16, 2025 8:21:57 PM webapp.storage.AbstractStorage save
INFO: &amp#27;[32mSave faa425c4-476a-49d7-b69d-a3ad7c5d446a(uuid7658)
сент. 16, 2025 8:21:57 PM webapp.storage.AbstractStorage save
INFO: &amp#27;[32mSave b1c3a52b-f71b-43c4-b2a3-cee704d593f7(uuid7659)
сент. 16, 2025 8:21:57 PM webapp.storage.AbstractStorage save
INFO: &amp#27;[32mSave 3009a002-ddfa-4404-9fd4-6aa676c2f112(uuid7660)
сент. 16, 2025 8:21:57 PM webapp.storage.AbstractStorage save
INFO: &amp#27;[32mSave f6884ddc-ea36-4cd6-8606-49023e43f19c(uuid7661)
сент. 16, 2025 8:21:57 PM webapp.storage.AbstractStorage save
INFO: &amp#27;[32mSave 6517db10-6a9b-4bc2-9cd2-bcda6b4515ad(uuid7662)
сент. 16, 2025 8:21:57 PM webapp.storage.AbstractStorage save
INFO: &amp#27;[32mSave a89e8f02-19f6-42b0-a9f1-a14abb53e224(uuid7663)
сент. 16, 2025 8:21:57 PM webapp.storage.AbstractStorage save
INFO: &amp#27;[32mSave 922afd99-92e4-4c84-a1b1-e70bacf342ed(uuid7664)
сент. 16, 2025 8:21:57 PM webapp.storage.AbstractStorage save
INFO: &amp#27;[32mSave 2b8947c6-5d3a-49ad-a874-6fcdea0b81ae(uuid7665)
сент. 16, 2025 8:21:57 PM webapp.storage.AbstractStorage save
INFO: &amp#27;[32mSave 514a2912-ddf8-457c-924a-5423b5b1d3f3(uuid7666)
сент. 16, 2025 8:21:57 PM webapp.storage.AbstractStorage save
INFO: &amp#27;[32mSave c14e2282-7757-4d1c-87a9-4341b8bdccae(uuid7667)
сент. 16, 2025 8:21:57 PM webapp.storage.AbstractStorage save
INFO: &amp#27;[32mSave fad3f40b-da73-48f5-9914-742749aefc19(uuid7668)
сент. 16, 2025 8:21:57 PM webapp.storage.AbstractStorage save
INFO: &amp#27;[32mSave 78cf0943-055b-47f7-8c5a-0ff637159f55(uuid7669)
сент. 16, 2025 8:21:57 PM webapp.storage.AbstractStorage save
INFO: &amp#27;[32mSave cb60aebc-92f7-4daf-8ab9-3f8ee57b10af(uuid7670)
сент. 16, 2025 8:21:57 PM webapp.storage.AbstractStorage save
INFO: &amp#27;[32mSave a24a33ec-8df0-4c59-8ac9-746afaa8b6ce(uuid7671)
сент. 16, 2025 8:21:57 PM webapp.storage.AbstractStorage save
INFO: &amp#27;[32mSave 5f252f53-67f7-480f-bbaa-65eabe0a4947(uuid7672)
сент. 16, 2025 8:21:57 PM webapp.storage.AbstractStorage save
INFO: &amp#27;[32mSave 7a20feed-7b61-45bd-98b0-75af17625453(uuid7673)
сент. 16, 2025 8:21:57 PM webapp.storage.AbstractStorage save
INFO: &amp#27;[32mSave 63e59e4b-f253-402c-9603-050a7500ca8f(uuid7674)
сент. 16, 2025 8:21:57 PM webapp.storage.AbstractStorage save
INFO: &amp#27;[32mSave b70ad9c4-78f4-4d3a-b858-ad5837b2d299(uuid7675)
сент. 16, 2025 8:21:57 PM webapp.storage.AbstractStorage save
INFO: &amp#27;[32mSave c6a6f6da-4ee9-4859-8c6d-26f7995e7c9b(uuid7676)
сент. 16, 2025 8:21:57 PM webapp.storage.AbstractStorage save
INFO: &amp#27;[32mSave 9fa3d8ed-eecc-41f2-854d-881fa141885e(uuid7677)
сент. 16, 2025 8:21:57 PM webapp.storage.AbstractStorage save
INFO: &amp#27;[32mSave 63b12621-992c-4569-ae94-2a98fa391947(uuid7678)
сент. 16, 2025 8:21:57 PM webapp.storage.AbstractStorage save
INFO: &amp#27;[32mSave efc64f4b-9d7a-4ae0-bd84-6299ea00a1b7(uuid7679)
сент. 16, 2025 8:21:57 PM webapp.storage.AbstractStorage save
INFO: &amp#27;[32mSave 02f6967b-260f-4c2d-b419-2427e1d3bfdd(uuid7680)
сент. 16, 2025 8:21:57 PM webapp.storage.AbstractStorage save
INFO: &amp#27;[32mSave ebd17739-f281-4a11-a9b3-25deaba122d2(uuid7681)
сент. 16, 2025 8:21:57 PM webapp.storage.AbstractStorage save
INFO: &amp#27;[32mSave a5627e46-f079-4308-a966-4bd146881133(uuid7682)
сент. 16, 2025 8:21:57 PM webapp.storage.AbstractStorage save
INFO: &amp#27;[32mSave 7fb4b58a-c62c-49f6-bed1-24b6524826c4(uuid7683)
сент. 16, 2025 8:21:57 PM webapp.storage.AbstractStorage save
INFO: &amp#27;[32mSave 0b8a4920-cced-49a0-ac93-8b8bb420f310(uuid7684)
сент. 16, 2025 8:21:57 PM webapp.storage.AbstractStorage save
INFO: &amp#27;[32mSave 7d7b0d7e-ab28-459c-933c-1aadf6d15b5f(uuid7685)
сент. 16, 2025 8:21:57 PM webapp.storage.AbstractStorage save
INFO: &amp#27;[32mSave 2d06f2e3-d992-40ce-80e1-7a3a6485390d(uuid7686)
сент. 16, 2025 8:21:57 PM webapp.storage.AbstractStorage save
INFO: &amp#27;[32mSave 4a68777c-bc0a-465b-85f1-8b209d8a8074(uuid7687)
сент. 16, 2025 8:21:57 PM webapp.storage.AbstractStorage save
INFO: &amp#27;[32mSave 091a5483-8cf1-4a92-a51a-0ef3701db150(uuid7688)
сент. 16, 2025 8:21:57 PM webapp.storage.AbstractStorage save
INFO: &amp#27;[32mSave ea5e62e0-2238-4195-b0aa-b7724ac63a8e(uuid7689)
сент. 16, 2025 8:21:57 PM webapp.storage.AbstractStorage save
INFO: &amp#27;[32mSave 87ae9f42-b42e-4aff-8dee-540978aee388(uuid7690)
сент. 16, 2025 8:21:57 PM webapp.storage.AbstractStorage save
INFO: &amp#27;[32mSave 85327e04-5a45-4028-9aec-6c22cba584cf(uuid7691)
сент. 16, 2025 8:21:57 PM webapp.storage.AbstractStorage save
INFO: &amp#27;[32mSave ad58d342-a20c-4780-b63e-69be6e70ddc1(uuid7692)
сент. 16, 2025 8:21:57 PM webapp.storage.AbstractStorage save
INFO: &amp#27;[32mSave ccfd1ab6-4bd9-43da-8588-b8159294a22c(uuid7693)
сент. 16, 2025 8:21:57 PM webapp.storage.AbstractStorage save
INFO: &amp#27;[32mSave f343a0af-9d63-43f3-b596-11fed97e0cca(uuid7694)
сент. 16, 2025 8:21:57 PM webapp.storage.AbstractStorage save
INFO: &amp#27;[32mSave 58dae028-035f-49a4-8be4-3a3eda625d97(uuid7695)
сент. 16, 2025 8:21:57 PM webapp.storage.AbstractStorage save
INFO: &amp#27;[32mSave 6f7df621-4301-49bd-92a4-2c9119c4bf31(uuid7696)
сент. 16, 2025 8:21:57 PM webapp.storage.AbstractStorage save
INFO: &amp#27;[32mSave 497edd74-0339-40af-924a-d0bcb0b4efe6(uuid7697)
сент. 16, 2025 8:21:57 PM webapp.storage.AbstractStorage save
INFO: &amp#27;[32mSave e7d077ad-2509-42a7-aa15-4e17ed837d1a(uuid7698)
сент. 16, 2025 8:21:57 PM webapp.storage.AbstractStorage save
INFO: &amp#27;[32mSave fc11b860-af4b-4ed1-8368-17a02410d052(uuid7699)
сент. 16, 2025 8:21:57 PM webapp.storage.AbstractStorage save
INFO: &amp#27;[32mSave 77b360c6-2724-4c25-a49f-da5a8c15692a(uuid7700)
сент. 16, 2025 8:21:57 PM webapp.storage.AbstractStorage save
INFO: &amp#27;[32mSave 41452bff-c29a-45d8-a39c-1acda82d70aa(uuid7701)
сент. 16, 2025 8:21:57 PM webapp.storage.AbstractStorage save
INFO: &amp#27;[32mSave deacdb90-7bd0-4ed4-b644-daca0988c7b5(uuid7702)
сент. 16, 2025 8:21:57 PM webapp.storage.AbstractStorage save
INFO: &amp#27;[32mSave 42b0935d-aa00-4c84-b6b8-e5d761d7376b(uuid7703)
сент. 16, 2025 8:21:57 PM webapp.storage.AbstractStorage save
INFO: &amp#27;[32mSave 112c072a-eaf4-4988-b919-df06ccfd7ab5(uuid7704)
сент. 16, 2025 8:21:57 PM webapp.storage.AbstractStorage save
INFO: &amp#27;[32mSave cdca909e-b6e9-44ef-a727-2abbd7c0be73(uuid7705)
сент. 16, 2025 8:21:57 PM webapp.storage.AbstractStorage save
INFO: &amp#27;[32mSave 07f7183b-a230-4913-8629-7edd9466f9d3(uuid7706)
сент. 16, 2025 8:21:57 PM webapp.storage.AbstractStorage save
INFO: &amp#27;[32mSave ebca95d3-d053-4b20-8a19-d89c7f1c70b6(uuid7707)
сент. 16, 2025 8:21:57 PM webapp.storage.AbstractStorage save
INFO: &amp#27;[32mSave 6a557faf-81ce-49dc-94aa-6dd2f718baaf(uuid7708)
сент. 16, 2025 8:21:57 PM webapp.storage.AbstractStorage save
INFO: &amp#27;[32mSave 0097db59-581d-41af-a524-796cf3c8fe55(uuid7709)
сент. 16, 2025 8:21:57 PM webapp.storage.AbstractStorage save
INFO: &amp#27;[32mSave fe21963b-8c9f-404d-ba9a-fc9fdfb395d7(uuid7710)
сент. 16, 2025 8:21:57 PM webapp.storage.AbstractStorage save
INFO: &amp#27;[32mSave a1dce6f2-4619-424e-860e-91ace2d11520(uuid7711)
сент. 16, 2025 8:21:57 PM webapp.storage.AbstractStorage save
INFO: &amp#27;[32mSave 71bb0340-f9aa-4f3b-ab09-f018c14e1a4e(uuid7712)
сент. 16, 2025 8:21:57 PM webapp.storage.AbstractStorage save
INFO: &amp#27;[32mSave 7a08c45c-4808-4a36-b457-d322ff1dac27(uuid7713)
сент. 16, 2025 8:21:57 PM webapp.storage.AbstractStorage save
INFO: &amp#27;[32mSave 055fdad0-52d9-466e-81a4-d3d7406f9cff(uuid7714)
сент. 16, 2025 8:21:57 PM webapp.storage.AbstractStorage save
INFO: &amp#27;[32mSave e2e4af78-7521-4332-983b-d8b897c662ba(uuid7715)
сент. 16, 2025 8:21:57 PM webapp.storage.AbstractStorage save
INFO: &amp#27;[32mSave 33491512-68c6-419f-b1ee-4f1393ac52d4(uuid7716)
сент. 16, 2025 8:21:57 PM webapp.storage.AbstractStorage save
INFO: &amp#27;[32mSave 0a61ffc2-a195-4728-8742-82cef172a00e(uuid7717)
сент. 16, 2025 8:21:57 PM webapp.storage.AbstractStorage save
INFO: &amp#27;[32mSave b76c2ad2-aa58-48d2-96f6-6d5c48df18b4(uuid7718)
сент. 16, 2025 8:21:57 PM webapp.storage.AbstractStorage save
INFO: &amp#27;[32mSave e82629c1-1333-4c97-b865-1554cd9e7ecb(uuid7719)
сент. 16, 2025 8:21:57 PM webapp.storage.AbstractStorage save
INFO: &amp#27;[32mSave 4f0ea129-a922-4442-a6be-6d1d24a9c6c5(uuid7720)
сент. 16, 2025 8:21:57 PM webapp.storage.AbstractStorage save
INFO: &amp#27;[32mSave fa508278-90be-4b23-b168-621a6f9e8ebe(uuid7721)
сент. 16, 2025 8:21:57 PM webapp.storage.AbstractStorage save
INFO: &amp#27;[32mSave b5ad898b-d8db-4103-9299-5fdf1231eccf(uuid7722)
сент. 16, 2025 8:21:57 PM webapp.storage.AbstractStorage save
INFO: &amp#27;[32mSave 2819bdf3-9965-4c67-85c1-3333750c8196(uuid7723)
сент. 16, 2025 8:21:57 PM webapp.storage.AbstractStorage save
INFO: &amp#27;[32mSave cf891977-8606-4524-994d-9ad6003c30d0(uuid7724)
сент. 16, 2025 8:21:57 PM webapp.storage.AbstractStorage save
INFO: &amp#27;[32mSave 5551ee7b-6719-44ac-a8d1-aeda8a7443d8(uuid7725)
сент. 16, 2025 8:21:57 PM webapp.storage.AbstractStorage save
INFO: &amp#27;[32mSave f0fcf15b-0c8a-41ff-85a6-6578ad03e741(uuid7726)
сент. 16, 2025 8:21:57 PM webapp.storage.AbstractStorage save
INFO: &amp#27;[32mSave cc3f9439-85bc-4e25-900b-a4cbdaf6dfe4(uuid7727)
сент. 16, 2025 8:21:57 PM webapp.storage.AbstractStorage save
INFO: &amp#27;[32mSave 0780a385-8b48-4249-b861-85590e1afc62(uuid7728)
сент. 16, 2025 8:21:57 PM webapp.storage.AbstractStorage save
INFO: &amp#27;[32mSave 0ff7405b-9196-4e0f-b263-1672f5e03723(uuid7729)
сент. 16, 2025 8:21:57 PM webapp.storage.AbstractStorage save
INFO: &amp#27;[32mSave abe7f19c-f2fd-4686-9102-8bcc53384761(uuid7730)
сент. 16, 2025 8:21:57 PM webapp.storage.AbstractStorage save
INFO: &amp#27;[32mSave ab762939-1fbb-4140-9444-6bc0da2136b5(uuid7731)
сент. 16, 2025 8:21:57 PM webapp.storage.AbstractStorage save
INFO: &amp#27;[32mSave 9952a195-5e9d-4b0c-91d1-be2b63112b11(uuid7732)
сент. 16, 2025 8:21:57 PM webapp.storage.AbstractStorage save
INFO: &amp#27;[32mSave e5b9ebf7-1bd3-42d6-bb3c-9744f68dd3ac(uuid7733)
сент. 16, 2025 8:21:57 PM webapp.storage.AbstractStorage save
INFO: &amp#27;[32mSave 32da9b2a-f50e-461f-9727-d13956b8e1b5(uuid7734)
сент. 16, 2025 8:21:57 PM webapp.storage.AbstractStorage save
INFO: &amp#27;[32mSave 20a5cbf0-9106-4f62-bc9a-f2e0ee7a4041(uuid7735)
сент. 16, 2025 8:21:57 PM webapp.storage.AbstractStorage save
INFO: &amp#27;[32mSave d5dfbc11-d052-4458-88a0-c76a15952708(uuid7736)
сент. 16, 2025 8:21:57 PM webapp.storage.AbstractStorage save
INFO: &amp#27;[32mSave 81d1389f-83ab-443c-b4c3-4dddbf1d328c(uuid7737)
сент. 16, 2025 8:21:57 PM webapp.storage.AbstractStorage save
INFO: &amp#27;[32mSave 92c2c40c-d488-40bb-8368-2f7196bbcff5(uuid7738)
сент. 16, 2025 8:21:57 PM webapp.storage.AbstractStorage save
INFO: &amp#27;[32mSave 87bcdc0e-a655-4b66-a06c-8da03db17e81(uuid7739)
сент. 16, 2025 8:21:57 PM webapp.storage.AbstractStorage save
INFO: &amp#27;[32mSave ab7b4d70-649c-4770-b5f3-28dbcf9980a3(uuid7740)
сент. 16, 2025 8:21:57 PM webapp.storage.AbstractStorage save
INFO: &amp#27;[32mSave 43add6e0-587d-4bec-b48f-ebae5fc034fb(uuid7741)
сент. 16, 2025 8:21:57 PM webapp.storage.AbstractStorage save
INFO: &amp#27;[32mSave 3e84b101-bd53-4eb7-944d-17158ccdeda0(uuid7742)
сент. 16, 2025 8:21:57 PM webapp.storage.AbstractStorage save
INFO: &amp#27;[32mSave df1114e7-5a1e-4081-b371-e793d0ccd2c1(uuid7743)
сент. 16, 2025 8:21:57 PM webapp.storage.AbstractStorage save
INFO: &amp#27;[32mSave e50b061c-c5c3-41b7-8f1d-a195ef242d8b(uuid7744)
сент. 16, 2025 8:21:57 PM webapp.storage.AbstractStorage save
INFO: &amp#27;[32mSave d97158d5-ad10-47af-a7d8-411020a2f084(uuid7745)
сент. 16, 2025 8:21:57 PM webapp.storage.AbstractStorage save
INFO: &amp#27;[32mSave 59a56972-978e-4d88-9864-2f4b87c97ac3(uuid7746)
сент. 16, 2025 8:21:57 PM webapp.storage.AbstractStorage save
INFO: &amp#27;[32mSave 81adf60a-6e20-4a45-b881-24c0f7f23d26(uuid7747)
сент. 16, 2025 8:21:57 PM webapp.storage.AbstractStorage save
INFO: &amp#27;[32mSave ab936aa8-e6e7-4489-b112-761814df4210(uuid7748)
сент. 16, 2025 8:21:57 PM webapp.storage.AbstractStorage save
INFO: &amp#27;[32mSave 4fbc11af-4d71-48f4-8202-1c1a23e820cf(uuid7749)
сент. 16, 2025 8:21:57 PM webapp.storage.AbstractStorage save
INFO: &amp#27;[32mSave 5d35b424-a0c6-4f3b-8bd5-583734c8b5a7(uuid7750)
сент. 16, 2025 8:21:57 PM webapp.storage.AbstractStorage save
INFO: &amp#27;[32mSave c5f3191c-cfed-4f9c-a627-86f7c2520415(uuid7751)
сент. 16, 2025 8:21:57 PM webapp.storage.AbstractStorage save
INFO: &amp#27;[32mSave e7444557-0dcc-4ff8-b3d3-aff6bd36623c(uuid7752)
сент. 16, 2025 8:21:57 PM webapp.storage.AbstractStorage save
INFO: &amp#27;[32mSave 3e706461-eee3-4b6b-a855-1ae236161a9e(uuid7753)
сент. 16, 2025 8:21:57 PM webapp.storage.AbstractStorage save
INFO: &amp#27;[32mSave 854e302d-132d-4430-bb11-3fa4a1dc00b7(uuid7754)
сент. 16, 2025 8:21:57 PM webapp.storage.AbstractStorage save
INFO: &amp#27;[32mSave b891a924-e2e7-464c-81a8-449f76827bbd(uuid7755)
сент. 16, 2025 8:21:57 PM webapp.storage.AbstractStorage save
INFO: &amp#27;[32mSave 0b9ef695-5a56-4b98-a335-cbe5f947e059(uuid7756)
сент. 16, 2025 8:21:57 PM webapp.storage.AbstractStorage save
INFO: &amp#27;[32mSave 29f8513f-12c4-4bd5-adb2-64e4cf9de8a0(uuid7757)
сент. 16, 2025 8:21:57 PM webapp.storage.AbstractStorage save
INFO: &amp#27;[32mSave b5195ff8-eb4a-4032-8c7d-e75d5ddcd44c(uuid7758)
сент. 16, 2025 8:21:57 PM webapp.storage.AbstractStorage save
INFO: &amp#27;[32mSave 681c2dbf-79d0-468c-9e60-aff9f635e060(uuid7759)
сент. 16, 2025 8:21:57 PM webapp.storage.AbstractStorage save
INFO: &amp#27;[32mSave 2a20911e-e792-44c8-becb-85558462f37f(uuid7760)
сент. 16, 2025 8:21:57 PM webapp.storage.AbstractStorage save
INFO: &amp#27;[32mSave 23978b65-0348-422b-8d42-e52f7b9dcc56(uuid7761)
сент. 16, 2025 8:21:57 PM webapp.storage.AbstractStorage save
INFO: &amp#27;[32mSave 04bba4b5-ccc1-4c6e-a239-4f4d6c55302f(uuid7762)
сент. 16, 2025 8:21:57 PM webapp.storage.AbstractStorage save
INFO: &amp#27;[32mSave 9d963031-c4be-4c1d-ab38-16f40f1f2393(uuid7763)
сент. 16, 2025 8:21:57 PM webapp.storage.AbstractStorage save
INFO: &amp#27;[32mSave 50556142-859e-4230-a6e6-d8167a977e9b(uuid7764)
сент. 16, 2025 8:21:57 PM webapp.storage.AbstractStorage save
INFO: &amp#27;[32mSave c2850248-4243-4bf2-8e56-9672179bb3d5(uuid7765)
сент. 16, 2025 8:21:57 PM webapp.storage.AbstractStorage save
INFO: &amp#27;[32mSave 54029254-0e7a-48c7-ba02-c42d99fc10eb(uuid7766)
сент. 16, 2025 8:21:57 PM webapp.storage.AbstractStorage save
INFO: &amp#27;[32mSave e4677a06-4152-410a-b208-c4d41bffa291(uuid7767)
сент. 16, 2025 8:21:57 PM webapp.storage.AbstractStorage save
INFO: &amp#27;[32mSave 746d2ef5-8ee3-4e46-b7fa-442059f75618(uuid7768)
сент. 16, 2025 8:21:57 PM webapp.storage.AbstractStorage save
INFO: &amp#27;[32mSave faaf1a7f-caf1-41d3-a9f0-a99984bb2a57(uuid7769)
сент. 16, 2025 8:21:57 PM webapp.storage.AbstractStorage save
INFO: &amp#27;[32mSave db650dc6-bcef-48bf-8522-ed6d891f3c0b(uuid7770)
сент. 16, 2025 8:21:57 PM webapp.storage.AbstractStorage save
INFO: &amp#27;[32mSave 2b5b0d9d-b7a9-41e0-8562-c59cd18d4d6b(uuid7771)
сент. 16, 2025 8:21:57 PM webapp.storage.AbstractStorage save
INFO: &amp#27;[32mSave 2b905fc0-6ec3-44dd-986a-1e1a3f2665fe(uuid7772)
сент. 16, 2025 8:21:57 PM webapp.storage.AbstractStorage save
INFO: &amp#27;[32mSave e49503f0-86ec-4569-a594-b224d7a3e90b(uuid7773)
сент. 16, 2025 8:21:57 PM webapp.storage.AbstractStorage save
INFO: &amp#27;[32mSave 0de953ad-7b63-41c1-8772-2212deac09e5(uuid7774)
сент. 16, 2025 8:21:57 PM webapp.storage.AbstractStorage save
INFO: &amp#27;[32mSave d477de7f-e5b0-4fa2-bbec-9b68b42b9c28(uuid7775)
сент. 16, 2025 8:21:57 PM webapp.storage.AbstractStorage save
INFO: &amp#27;[32mSave 628323b6-a4fe-4c21-abf4-be95ca94b626(uuid7776)
сент. 16, 2025 8:21:57 PM webapp.storage.AbstractStorage save
INFO: &amp#27;[32mSave 6c71c0c6-1e0a-44e8-9e2a-5ab8ff8f1a0f(uuid7777)
сент. 16, 2025 8:21:57 PM webapp.storage.AbstractStorage save
INFO: &amp#27;[32mSave db12e2a5-afd9-4da3-95de-feb3400b009c(uuid7778)
сент. 16, 2025 8:21:57 PM webapp.storage.AbstractStorage save
INFO: &amp#27;[32mSave 80672d7a-5932-46d3-a882-b3f9cf968c53(uuid7779)
сент. 16, 2025 8:21:57 PM webapp.storage.AbstractStorage save
INFO: &amp#27;[32mSave 6ee188d0-fee4-4ac0-bc25-e544cdfc4088(uuid7780)
сент. 16, 2025 8:21:57 PM webapp.storage.AbstractStorage save
INFO: &amp#27;[32mSave 7b662cf7-0031-4f03-94e6-69160dfeca92(uuid7781)
сент. 16, 2025 8:21:57 PM webapp.storage.AbstractStorage save
INFO: &amp#27;[32mSave 958dc7c3-87d1-4222-af29-d18179c7915b(uuid7782)
сент. 16, 2025 8:21:57 PM webapp.storage.AbstractStorage save
INFO: &amp#27;[32mSave 3c26c9c7-2aaf-4c23-823b-0961e76547e8(uuid7783)
сент. 16, 2025 8:21:57 PM webapp.storage.AbstractStorage save
INFO: &amp#27;[32mSave 9e46b299-999e-4f65-89f4-7a4fc3343dbc(uuid7784)
сент. 16, 2025 8:21:57 PM webapp.storage.AbstractStorage save
INFO: &amp#27;[32mSave 04dab971-aba0-4378-b6e8-813cfcd7d26b(uuid7785)
сент. 16, 2025 8:21:57 PM webapp.storage.AbstractStorage save
INFO: &amp#27;[32mSave 903d7bd7-5f35-480d-b948-50cc5b245af7(uuid7786)
сент. 16, 2025 8:21:57 PM webapp.storage.AbstractStorage save
INFO: &amp#27;[32mSave afabc336-64a7-4a83-bb49-9a6189981b79(uuid7787)
сент. 16, 2025 8:21:57 PM webapp.storage.AbstractStorage save
INFO: &amp#27;[32mSave d8cbcd76-0191-4061-a542-243a74eb21ef(uuid7788)
сент. 16, 2025 8:21:57 PM webapp.storage.AbstractStorage save
INFO: &amp#27;[32mSave e9a1f6d0-f434-4701-8552-b15318719594(uuid7789)
сент. 16, 2025 8:21:57 PM webapp.storage.AbstractStorage save
INFO: &amp#27;[32mSave 2e584826-dbfb-4c44-95f5-7adf190f2dfa(uuid7790)
сент. 16, 2025 8:21:57 PM webapp.storage.AbstractStorage save
INFO: &amp#27;[32mSave a511f096-337f-4a77-baac-0d7ada79cddc(uuid7791)
сент. 16, 2025 8:21:57 PM webapp.storage.AbstractStorage save
INFO: &amp#27;[32mSave 23363df3-d48e-4e98-ba36-3b09ad8cd0ff(uuid7792)
сент. 16, 2025 8:21:57 PM webapp.storage.AbstractStorage save
INFO: &amp#27;[32mSave b9f0cf9e-5355-4d6e-aa3a-4e3efdb7a7f9(uuid7793)
сент. 16, 2025 8:21:57 PM webapp.storage.AbstractStorage save
INFO: &amp#27;[32mSave caa95c30-aacb-4531-b5ab-3f5362fea001(uuid7794)
сент. 16, 2025 8:21:57 PM webapp.storage.AbstractStorage save
INFO: &amp#27;[32mSave a833b173-b053-4181-89a9-1e495333f06a(uuid7795)
сент. 16, 2025 8:21:57 PM webapp.storage.AbstractStorage save
INFO: &amp#27;[32mSave e3e8d675-150c-4f91-82b2-696c91d70768(uuid7796)
сент. 16, 2025 8:21:57 PM webapp.storage.AbstractStorage save
INFO: &amp#27;[32mSave 03d3e730-0a64-475d-83a9-3c1787677c68(uuid7797)
сент. 16, 2025 8:21:57 PM webapp.storage.AbstractStorage save
INFO: &amp#27;[32mSave b8854089-fba0-4052-98db-3842fbdb7d50(uuid7798)
сент. 16, 2025 8:21:57 PM webapp.storage.AbstractStorage save
INFO: &amp#27;[32mSave d0043fab-4f03-4ec9-baeb-4da748d48c96(uuid7799)
сент. 16, 2025 8:21:57 PM webapp.storage.AbstractStorage save
INFO: &amp#27;[32mSave daddeb59-777d-4729-b3f9-933fa33c7c82(uuid7800)
сент. 16, 2025 8:21:57 PM webapp.storage.AbstractStorage save
INFO: &amp#27;[32mSave 7a27cd6f-5d82-4da8-923f-23222ffe5af2(uuid7801)
сент. 16, 2025 8:21:57 PM webapp.storage.AbstractStorage save
INFO: &amp#27;[32mSave 6d3c97ae-fdcf-4ef5-a850-ab56061d62b0(uuid7802)
сент. 16, 2025 8:21:57 PM webapp.storage.AbstractStorage save
INFO: &amp#27;[32mSave fb41128e-218a-4037-824b-477eb85ffaf4(uuid7803)
сент. 16, 2025 8:21:57 PM webapp.storage.AbstractStorage save
INFO: &amp#27;[32mSave 9d7dc542-d861-451f-82bc-03ffd426d0de(uuid7804)
сент. 16, 2025 8:21:57 PM webapp.storage.AbstractStorage save
INFO: &amp#27;[32mSave 0f95056c-f865-43b2-ab01-cbc17da0e2db(uuid7805)
сент. 16, 2025 8:21:57 PM webapp.storage.AbstractStorage save
INFO: &amp#27;[32mSave d6f9806c-38a3-4482-bfa6-f78f5b8e5aea(uuid7806)
сент. 16, 2025 8:21:57 PM webapp.storage.AbstractStorage save
INFO: &amp#27;[32mSave 35e69aa5-4534-4782-ac10-7b51ac22abed(uuid7807)
сент. 16, 2025 8:21:57 PM webapp.storage.AbstractStorage save
INFO: &amp#27;[32mSave 9488c4c2-7169-4a5b-8709-936aed53f586(uuid7808)
сент. 16, 2025 8:21:57 PM webapp.storage.AbstractStorage save
INFO: &amp#27;[32mSave 9dcfab37-7937-42f1-a096-e61a83136651(uuid7809)
сент. 16, 2025 8:21:57 PM webapp.storage.AbstractStorage save
INFO: &amp#27;[32mSave 891cd317-b040-4aba-bce6-8647c079d78f(uuid7810)
сент. 16, 2025 8:21:57 PM webapp.storage.AbstractStorage save
INFO: &amp#27;[32mSave 7bc36f55-e9cf-4b8f-9018-0935785fff70(uuid7811)
сент. 16, 2025 8:21:57 PM webapp.storage.AbstractStorage save
INFO: &amp#27;[32mSave 2e998a5c-1ef2-42cf-9700-244c7ac109da(uuid7812)
сент. 16, 2025 8:21:57 PM webapp.storage.AbstractStorage save
INFO: &amp#27;[32mSave c825db84-2b8d-4447-ac85-020208a36af5(uuid7813)
сент. 16, 2025 8:21:57 PM webapp.storage.AbstractStorage save
INFO: &amp#27;[32mSave 57341fe1-3347-4234-8c29-8ae1b6f626d0(uuid7814)
сент. 16, 2025 8:21:57 PM webapp.storage.AbstractStorage save
INFO: &amp#27;[32mSave 07e024fb-fdd3-43ee-8064-a873bf224cdf(uuid7815)
сент. 16, 2025 8:21:57 PM webapp.storage.AbstractStorage save
INFO: &amp#27;[32mSave cc2a4917-df46-4c29-934b-3925cffb2897(uuid7816)
сент. 16, 2025 8:21:57 PM webapp.storage.AbstractStorage save
INFO: &amp#27;[32mSave 665fc2d6-5266-48b7-a358-439341c2348e(uuid7817)
сент. 16, 2025 8:21:57 PM webapp.storage.AbstractStorage save
INFO: &amp#27;[32mSave 827ef100-372f-4053-8361-8cef1c1a336a(uuid7818)
сент. 16, 2025 8:21:57 PM webapp.storage.AbstractStorage save
INFO: &amp#27;[32mSave 7d81260d-aedd-4d37-b3f8-04012073fde7(uuid7819)
сент. 16, 2025 8:21:57 PM webapp.storage.AbstractStorage save
INFO: &amp#27;[32mSave 42ed5913-3c4e-4437-ac6a-4f78aaf930bb(uuid7820)
сент. 16, 2025 8:21:57 PM webapp.storage.AbstractStorage save
INFO: &amp#27;[32mSave adc4f9ba-6980-4705-973a-287c7d128185(uuid7821)
сент. 16, 2025 8:21:57 PM webapp.storage.AbstractStorage save
INFO: &amp#27;[32mSave 7266db05-036a-41d4-bf9d-d34885fb4874(uuid7822)
сент. 16, 2025 8:21:57 PM webapp.storage.AbstractStorage save
INFO: &amp#27;[32mSave 3c648cc1-8d3c-4d64-8295-07a5d74212e1(uuid7823)
сент. 16, 2025 8:21:57 PM webapp.storage.AbstractStorage save
INFO: &amp#27;[32mSave 5363f1c1-d6c4-4259-9b65-b8792e7885ae(uuid7824)
сент. 16, 2025 8:21:57 PM webapp.storage.AbstractStorage save
INFO: &amp#27;[32mSave c2e3c19c-9c82-4869-b29e-1bb89ffb27f1(uuid7825)
сент. 16, 2025 8:21:57 PM webapp.storage.AbstractStorage save
INFO: &amp#27;[32mSave e33722b6-330c-4bc0-91ca-9c59dfbd4152(uuid7826)
сент. 16, 2025 8:21:57 PM webapp.storage.AbstractStorage save
INFO: &amp#27;[32mSave 71058485-a55d-4b8e-ad16-1c4fd58a6de6(uuid7827)
сент. 16, 2025 8:21:57 PM webapp.storage.AbstractStorage save
INFO: &amp#27;[32mSave cbf0c4f1-3637-4b18-8518-590e03f40dae(uuid7828)
сент. 16, 2025 8:21:57 PM webapp.storage.AbstractStorage save
INFO: &amp#27;[32mSave f92e9887-b82e-445d-b3c2-6b03bb1812b3(uuid7829)
сент. 16, 2025 8:21:57 PM webapp.storage.AbstractStorage save
INFO: &amp#27;[32mSave 9b178d58-c393-46c3-8929-658234618c54(uuid7830)
сент. 16, 2025 8:21:57 PM webapp.storage.AbstractStorage save
INFO: &amp#27;[32mSave f3c56db7-a759-4ab6-b0af-c5095987414b(uuid7831)
сент. 16, 2025 8:21:57 PM webapp.storage.AbstractStorage save
INFO: &amp#27;[32mSave 3d5921d3-2bc6-4f7e-96d5-12f2d0fa4cac(uuid7832)
сент. 16, 2025 8:21:57 PM webapp.storage.AbstractStorage save
INFO: &amp#27;[32mSave babddff1-d8d8-45c4-a06c-32696a5b8a77(uuid7833)
сент. 16, 2025 8:21:57 PM webapp.storage.AbstractStorage save
INFO: &amp#27;[32mSave 055864f6-e5a0-4060-958a-c3289d9b2ab1(uuid7834)
сент. 16, 2025 8:21:57 PM webapp.storage.AbstractStorage save
INFO: &amp#27;[32mSave 9a63fba3-0175-45db-a20f-6f6e55c0da4b(uuid7835)
сент. 16, 2025 8:21:57 PM webapp.storage.AbstractStorage save
INFO: &amp#27;[32mSave adf7c7fb-77a6-4eac-9482-c4ed54c80def(uuid7836)
сент. 16, 2025 8:21:57 PM webapp.storage.AbstractStorage save
INFO: &amp#27;[32mSave 169e79d8-1231-4edd-aab8-498df836ebbd(uuid7837)
сент. 16, 2025 8:21:57 PM webapp.storage.AbstractStorage save
INFO: &amp#27;[32mSave d2b09803-9c29-4413-a1e2-b850a866f7d3(uuid7838)
сент. 16, 2025 8:21:57 PM webapp.storage.AbstractStorage save
INFO: &amp#27;[32mSave 793b3b61-1f12-4ccd-85f0-44739b8e77e8(uuid7839)
сент. 16, 2025 8:21:57 PM webapp.storage.AbstractStorage save
INFO: &amp#27;[32mSave aa1888f3-17c9-4c11-8365-f614b49a688e(uuid7840)
сент. 16, 2025 8:21:57 PM webapp.storage.AbstractStorage save
INFO: &amp#27;[32mSave 9669c7a9-db8d-479e-acf1-58e2efa09f39(uuid7841)
сент. 16, 2025 8:21:57 PM webapp.storage.AbstractStorage save
INFO: &amp#27;[32mSave d84f3c8a-8406-4219-a5fe-761bb67f20a6(uuid7842)
сент. 16, 2025 8:21:57 PM webapp.storage.AbstractStorage save
INFO: &amp#27;[32mSave 48122377-b814-4148-a920-31c9e6b53371(uuid7843)
сент. 16, 2025 8:21:57 PM webapp.storage.AbstractStorage save
INFO: &amp#27;[32mSave bef7a6e2-441c-4c82-bec6-6562f439dd7d(uuid7844)
сент. 16, 2025 8:21:57 PM webapp.storage.AbstractStorage save
INFO: &amp#27;[32mSave 42a449be-438f-4a9a-9cb9-3c0f1addc398(uuid7845)
сент. 16, 2025 8:21:57 PM webapp.storage.AbstractStorage save
INFO: &amp#27;[32mSave 97c7c312-11b2-483a-b96e-e24fbe5c53cb(uuid7846)
сент. 16, 2025 8:21:57 PM webapp.storage.AbstractStorage save
INFO: &amp#27;[32mSave ffe40c2a-cab3-4c3d-b923-cfd27b7690ca(uuid7847)
сент. 16, 2025 8:21:57 PM webapp.storage.AbstractStorage save
INFO: &amp#27;[32mSave 952fa2f7-d4dd-4a0a-a4fa-a0180569d947(uuid7848)
сент. 16, 2025 8:21:57 PM webapp.storage.AbstractStorage save
INFO: &amp#27;[32mSave 677cc347-8b72-4c39-8b5e-b6f41e724950(uuid7849)
сент. 16, 2025 8:21:57 PM webapp.storage.AbstractStorage save
INFO: &amp#27;[32mSave ce6cb3b6-c7bf-427d-aa52-59e13216e3bf(uuid7850)
сент. 16, 2025 8:21:57 PM webapp.storage.AbstractStorage save
INFO: &amp#27;[32mSave 4b84581c-55dd-4bd9-a6f3-c66cdde0ea12(uuid7851)
сент. 16, 2025 8:21:57 PM webapp.storage.AbstractStorage save
INFO: &amp#27;[32mSave fc8b52ae-a0db-43ba-81d5-1ad7d38847d4(uuid7852)
сент. 16, 2025 8:21:57 PM webapp.storage.AbstractStorage save
INFO: &amp#27;[32mSave 8d982b29-f727-4a7a-89ee-c0c074f34f93(uuid7853)
сент. 16, 2025 8:21:57 PM webapp.storage.AbstractStorage save
INFO: &amp#27;[32mSave 37faee6a-6f3f-4e82-a11b-5b9be43d31f0(uuid7854)
сент. 16, 2025 8:21:57 PM webapp.storage.AbstractStorage save
INFO: &amp#27;[32mSave a24c1e47-beb3-4485-a85a-aca12ffa8e5a(uuid7855)
сент. 16, 2025 8:21:57 PM webapp.storage.AbstractStorage save
INFO: &amp#27;[32mSave 5cfc7905-1033-4d53-ba57-148f5049fc4b(uuid7856)
сент. 16, 2025 8:21:57 PM webapp.storage.AbstractStorage save
INFO: &amp#27;[32mSave cffef68c-81e8-4260-8cd8-9914b2f977d8(uuid7857)
сент. 16, 2025 8:21:57 PM webapp.storage.AbstractStorage save
INFO: &amp#27;[32mSave 51daa5e1-be6d-42d9-b5a4-75dd26e69f3d(uuid7858)
сент. 16, 2025 8:21:57 PM webapp.storage.AbstractStorage save
INFO: &amp#27;[32mSave bde740fa-b6f2-48ab-b761-cea476ea8fcd(uuid7859)
сент. 16, 2025 8:21:57 PM webapp.storage.AbstractStorage save
INFO: &amp#27;[32mSave dcff6ffd-491f-4eba-84e0-31b4560c98bf(uuid7860)
сент. 16, 2025 8:21:57 PM webapp.storage.AbstractStorage save
INFO: &amp#27;[32mSave 5e6fc04f-f42f-4256-9049-013fcb89431a(uuid7861)
сент. 16, 2025 8:21:57 PM webapp.storage.AbstractStorage save
INFO: &amp#27;[32mSave 39dedfe6-bb92-4e61-960e-e9c0acb77ea2(uuid7862)
сент. 16, 2025 8:21:57 PM webapp.storage.AbstractStorage save
INFO: &amp#27;[32mSave 785e1fb2-ab7c-4354-a301-7c4efd55ee45(uuid7863)
сент. 16, 2025 8:21:57 PM webapp.storage.AbstractStorage save
INFO: &amp#27;[32mSave 5e8c0276-0157-4bb7-b192-08b02ea483cb(uuid7864)
сент. 16, 2025 8:21:57 PM webapp.storage.AbstractStorage save
INFO: &amp#27;[32mSave 122d1e83-ba9e-4743-8e65-b23edd92905b(uuid7865)
сент. 16, 2025 8:21:57 PM webapp.storage.AbstractStorage save
INFO: &amp#27;[32mSave 4532cc4c-5a73-452e-bbc7-7b00e85624f3(uuid7866)
сент. 16, 2025 8:21:57 PM webapp.storage.AbstractStorage save
INFO: &amp#27;[32mSave b860fac0-1f08-47e2-964a-015eeac96d67(uuid7867)
сент. 16, 2025 8:21:57 PM webapp.storage.AbstractStorage save
INFO: &amp#27;[32mSave e2507021-434d-4fb4-adf0-2a34616d70e5(uuid7868)
сент. 16, 2025 8:21:57 PM webapp.storage.AbstractStorage save
INFO: &amp#27;[32mSave 9d97ec8d-5841-493e-bae7-2e8763c40f6b(uuid7869)
сент. 16, 2025 8:21:57 PM webapp.storage.AbstractStorage save
INFO: &amp#27;[32mSave 958460e2-1d33-430b-b7f6-c8816738ae92(uuid7870)
сент. 16, 2025 8:21:57 PM webapp.storage.AbstractStorage save
INFO: &amp#27;[32mSave 0ae0ac3f-5f5a-4bc7-8c95-ccbbbec16f21(uuid7871)
сент. 16, 2025 8:21:57 PM webapp.storage.AbstractStorage save
INFO: &amp#27;[32mSave 858356dd-6b5d-4588-9795-ab6747d4f4a9(uuid7872)
сент. 16, 2025 8:21:57 PM webapp.storage.AbstractStorage save
INFO: &amp#27;[32mSave ee28b234-bc89-4204-9d3a-411e8a2a82e7(uuid7873)
сент. 16, 2025 8:21:57 PM webapp.storage.AbstractStorage save
INFO: &amp#27;[32mSave e029bb3e-b2c5-4939-90da-fa296f5a8eff(uuid7874)
сент. 16, 2025 8:21:57 PM webapp.storage.AbstractStorage save
INFO: &amp#27;[32mSave 369c876b-57db-4bd6-921f-1cc072071218(uuid7875)
сент. 16, 2025 8:21:57 PM webapp.storage.AbstractStorage save
INFO: &amp#27;[32mSave 416ffdaf-d0e1-493c-a7ca-58b1f5578f41(uuid7876)
сент. 16, 2025 8:21:57 PM webapp.storage.AbstractStorage save
INFO: &amp#27;[32mSave 2fa55bd3-233b-4b04-adb6-d246fcda0d90(uuid7877)
сент. 16, 2025 8:21:57 PM webapp.storage.AbstractStorage save
INFO: &amp#27;[32mSave 46386be1-7891-47ae-8516-7d525512fd77(uuid7878)
сент. 16, 2025 8:21:57 PM webapp.storage.AbstractStorage save
INFO: &amp#27;[32mSave a4a005f0-b555-4d30-871a-170720bd6e16(uuid7879)
сент. 16, 2025 8:21:57 PM webapp.storage.AbstractStorage save
INFO: &amp#27;[32mSave f9ecaf72-c6ba-44fa-b4f4-834b118899be(uuid7880)
сент. 16, 2025 8:21:57 PM webapp.storage.AbstractStorage save
INFO: &amp#27;[32mSave 41265a93-68ca-46fb-8e60-1e7280f6f80b(uuid7881)
сент. 16, 2025 8:21:57 PM webapp.storage.AbstractStorage save
INFO: &amp#27;[32mSave 377156aa-1fa8-4c9d-9765-4ac7f721ddda(uuid7882)
сент. 16, 2025 8:21:57 PM webapp.storage.AbstractStorage save
INFO: &amp#27;[32mSave 0d084894-f98b-4321-9203-d9fe6a358f2d(uuid7883)
сент. 16, 2025 8:21:57 PM webapp.storage.AbstractStorage save
INFO: &amp#27;[32mSave b11503a7-e70f-4ce7-ac52-492cd4a20635(uuid7884)
сент. 16, 2025 8:21:57 PM webapp.storage.AbstractStorage save
INFO: &amp#27;[32mSave 7e2527b5-59d7-416d-acb3-3a22f509ed30(uuid7885)
сент. 16, 2025 8:21:57 PM webapp.storage.AbstractStorage save
INFO: &amp#27;[32mSave 5019a620-52c2-42ac-b5f5-9dc4372be677(uuid7886)
сент. 16, 2025 8:21:57 PM webapp.storage.AbstractStorage save
INFO: &amp#27;[32mSave 6db9ee1d-67c2-47bf-977f-7e86e1e095c4(uuid7887)
сент. 16, 2025 8:21:57 PM webapp.storage.AbstractStorage save
INFO: &amp#27;[32mSave 4540854c-cfa7-4f40-8aac-134a47839f0f(uuid7888)
сент. 16, 2025 8:21:57 PM webapp.storage.AbstractStorage save
INFO: &amp#27;[32mSave 9ce74f01-efe9-4410-91c9-0e81ce06efff(uuid7889)
сент. 16, 2025 8:21:57 PM webapp.storage.AbstractStorage save
INFO: &amp#27;[32mSave d9298d5d-b912-431f-866a-9417905e3393(uuid7890)
сент. 16, 2025 8:21:57 PM webapp.storage.AbstractStorage save
INFO: &amp#27;[32mSave 21471235-b481-4e99-b71b-400451e68528(uuid7891)
сент. 16, 2025 8:21:57 PM webapp.storage.AbstractStorage save
INFO: &amp#27;[32mSave 8907e0cf-a2f7-4a76-a1c1-2b6c59d0d549(uuid7892)
сент. 16, 2025 8:21:57 PM webapp.storage.AbstractStorage save
INFO: &amp#27;[32mSave ff3c860d-0526-423b-820a-f6d71ad7ce07(uuid7893)
сент. 16, 2025 8:21:57 PM webapp.storage.AbstractStorage save
INFO: &amp#27;[32mSave 37f54167-a4c9-4de4-a601-7c224e12604c(uuid7894)
сент. 16, 2025 8:21:57 PM webapp.storage.AbstractStorage save
INFO: &amp#27;[32mSave b80caddd-3ecd-45a0-820a-2e2645a5eb44(uuid7895)
сент. 16, 2025 8:21:57 PM webapp.storage.AbstractStorage save
INFO: &amp#27;[32mSave 6162fc2d-aa1c-4b6e-bb7b-5e0fa399f392(uuid7896)
сент. 16, 2025 8:21:57 PM webapp.storage.AbstractStorage save
INFO: &amp#27;[32mSave e1b6d0a4-da25-4616-be0e-5ef0cf7c3eac(uuid7897)
сент. 16, 2025 8:21:57 PM webapp.storage.AbstractStorage save
INFO: &amp#27;[32mSave c7899f7f-22a9-44e9-8e79-1713c5edc0cc(uuid7898)
сент. 16, 2025 8:21:57 PM webapp.storage.AbstractStorage save
INFO: &amp#27;[32mSave 6b6849fd-fd53-44f2-adcb-ef7795365550(uuid7899)
сент. 16, 2025 8:21:57 PM webapp.storage.AbstractStorage save
INFO: &amp#27;[32mSave 613a0016-f520-4bfc-b8ee-a986e2a4b2a0(uuid7900)
сент. 16, 2025 8:21:57 PM webapp.storage.AbstractStorage save
INFO: &amp#27;[32mSave a0defc76-c86e-4150-8cf5-e464039c758a(uuid7901)
сент. 16, 2025 8:21:57 PM webapp.storage.AbstractStorage save
INFO: &amp#27;[32mSave 56d63402-5e21-4dfe-9468-f7a6cdce1626(uuid7902)
сент. 16, 2025 8:21:57 PM webapp.storage.AbstractStorage save
INFO: &amp#27;[32mSave 31b14a60-e75b-4766-94ae-6be355a3ec31(uuid7903)
сент. 16, 2025 8:21:57 PM webapp.storage.AbstractStorage save
INFO: &amp#27;[32mSave 1a980411-f1f9-4000-b794-69a69b32a064(uuid7904)
сент. 16, 2025 8:21:57 PM webapp.storage.AbstractStorage save
INFO: &amp#27;[32mSave ba3f487d-f8f4-4f06-bf56-7dd4c0ec9e7c(uuid7905)
сент. 16, 2025 8:21:57 PM webapp.storage.AbstractStorage save
INFO: &amp#27;[32mSave 980a9ee9-202a-4adc-b549-7ce1dab1a31b(uuid7906)
сент. 16, 2025 8:21:57 PM webapp.storage.AbstractStorage save
INFO: &amp#27;[32mSave 6695f9c9-779f-49e0-ae8b-ed34fa1be483(uuid7907)
сент. 16, 2025 8:21:57 PM webapp.storage.AbstractStorage save
INFO: &amp#27;[32mSave c4bb7eb7-c454-4ce4-8e2c-f45ee94e5147(uuid7908)
сент. 16, 2025 8:21:57 PM webapp.storage.AbstractStorage save
INFO: &amp#27;[32mSave fc7f648a-39ee-4ed0-a086-d72cc05629b0(uuid7909)
сент. 16, 2025 8:21:57 PM webapp.storage.AbstractStorage save
INFO: &amp#27;[32mSave be45636b-d95f-4a10-a2e5-a4d021939296(uuid7910)
сент. 16, 2025 8:21:57 PM webapp.storage.AbstractStorage save
INFO: &amp#27;[32mSave 3604210b-66b5-4361-b91e-7bc1b058a7a5(uuid7911)
сент. 16, 2025 8:21:57 PM webapp.storage.AbstractStorage save
INFO: &amp#27;[32mSave 921eff86-36e9-43cf-9508-473b7ffa49d5(uuid7912)
сент. 16, 2025 8:21:57 PM webapp.storage.AbstractStorage save
INFO: &amp#27;[32mSave a8b41e09-aea9-48ef-b03a-9c0951b11f5f(uuid7913)
сент. 16, 2025 8:21:57 PM webapp.storage.AbstractStorage save
INFO: &amp#27;[32mSave 65316f84-647a-4904-b0eb-2940570eda83(uuid7914)
сент. 16, 2025 8:21:57 PM webapp.storage.AbstractStorage save
INFO: &amp#27;[32mSave 002f2efd-b80d-44ec-98e7-3cb99cf4b632(uuid7915)
сент. 16, 2025 8:21:57 PM webapp.storage.AbstractStorage save
INFO: &amp#27;[32mSave 7ceba0fe-6e76-44b7-9f94-17426a818bb2(uuid7916)
сент. 16, 2025 8:21:57 PM webapp.storage.AbstractStorage save
INFO: &amp#27;[32mSave 82a5ce57-c963-4026-931a-54341d3c74e5(uuid7917)
сент. 16, 2025 8:21:57 PM webapp.storage.AbstractStorage save
INFO: &amp#27;[32mSave 1fd9a6eb-60d7-4271-b6a8-34faf401d7e6(uuid7918)
сент. 16, 2025 8:21:57 PM webapp.storage.AbstractStorage save
INFO: &amp#27;[32mSave 8da0c3bb-24d1-48bb-b47e-42bdbe503de2(uuid7919)
сент. 16, 2025 8:21:57 PM webapp.storage.AbstractStorage save
INFO: &amp#27;[32mSave ce6e3bba-2001-4fbe-9377-048c54700a41(uuid7920)
сент. 16, 2025 8:21:57 PM webapp.storage.AbstractStorage save
INFO: &amp#27;[32mSave a8463d13-e4ce-487b-af4a-3f658d7775bf(uuid7921)
сент. 16, 2025 8:21:57 PM webapp.storage.AbstractStorage save
INFO: &amp#27;[32mSave 4b3aa0ba-acad-455c-969f-9ac68643319f(uuid7922)
сент. 16, 2025 8:21:57 PM webapp.storage.AbstractStorage save
INFO: &amp#27;[32mSave 3b78ee9b-2203-4412-98da-1bf683bf1589(uuid7923)
сент. 16, 2025 8:21:57 PM webapp.storage.AbstractStorage save
INFO: &amp#27;[32mSave a26cc413-39e5-47c3-8396-ad981f0baf9d(uuid7924)
сент. 16, 2025 8:21:57 PM webapp.storage.AbstractStorage save
INFO: &amp#27;[32mSave eec70a4b-b057-42f8-acf5-8d52d54060f5(uuid7925)
сент. 16, 2025 8:21:57 PM webapp.storage.AbstractStorage save
INFO: &amp#27;[32mSave 32c49472-8bd4-48ae-97c4-d41fb0b2d586(uuid7926)
сент. 16, 2025 8:21:57 PM webapp.storage.AbstractStorage save
INFO: &amp#27;[32mSave 93f137d8-f7b1-4779-8016-9e09aee9009a(uuid7927)
сент. 16, 2025 8:21:57 PM webapp.storage.AbstractStorage save
INFO: &amp#27;[32mSave 85252c8e-e5dd-4abc-b8aa-7463dcd5a90f(uuid7928)
сент. 16, 2025 8:21:57 PM webapp.storage.AbstractStorage save
INFO: &amp#27;[32mSave 80006eb4-237b-4df0-915f-17815366a9fe(uuid7929)
сент. 16, 2025 8:21:57 PM webapp.storage.AbstractStorage save
INFO: &amp#27;[32mSave ca35c77c-ad74-489f-b8c9-1ae055d09ebf(uuid7930)
сент. 16, 2025 8:21:57 PM webapp.storage.AbstractStorage save
INFO: &amp#27;[32mSave 41285621-c9ba-498a-a122-205756c3fc52(uuid7931)
сент. 16, 2025 8:21:57 PM webapp.storage.AbstractStorage save
INFO: &amp#27;[32mSave dbada57d-1e7e-4be8-93ca-99fcb0c28ec7(uuid7932)
сент. 16, 2025 8:21:57 PM webapp.storage.AbstractStorage save
INFO: &amp#27;[32mSave a9e51c38-e50f-4091-8e8d-e898ddf0a497(uuid7933)
сент. 16, 2025 8:21:57 PM webapp.storage.AbstractStorage save
INFO: &amp#27;[32mSave 8e9d963b-84d2-4b0c-a892-09e2ba4ddb24(uuid7934)
сент. 16, 2025 8:21:57 PM webapp.storage.AbstractStorage save
INFO: &amp#27;[32mSave 06716faa-ce34-4434-88d9-4d6d793e3489(uuid7935)
сент. 16, 2025 8:21:57 PM webapp.storage.AbstractStorage save
INFO: &amp#27;[32mSave fc9f3815-a104-451a-969d-329c7263cf1c(uuid7936)
сент. 16, 2025 8:21:57 PM webapp.storage.AbstractStorage save
INFO: &amp#27;[32mSave c3063ee4-4202-490d-a33a-426efb68e1f2(uuid7937)
сент. 16, 2025 8:21:57 PM webapp.storage.AbstractStorage save
INFO: &amp#27;[32mSave a0117a0f-c78e-477c-ae62-f55a1246f223(uuid7938)
сент. 16, 2025 8:21:57 PM webapp.storage.AbstractStorage save
INFO: &amp#27;[32mSave ed7e104e-57f4-4ca7-b5dd-fa4e3c3fcc4e(uuid7939)
сент. 16, 2025 8:21:57 PM webapp.storage.AbstractStorage save
INFO: &amp#27;[32mSave a0ee100c-513e-4d71-8632-0f7677bafc38(uuid7940)
сент. 16, 2025 8:21:57 PM webapp.storage.AbstractStorage save
INFO: &amp#27;[32mSave a70fb6bb-e5e7-447d-949a-0e20eb391377(uuid7941)
сент. 16, 2025 8:21:57 PM webapp.storage.AbstractStorage save
INFO: &amp#27;[32mSave 57cd9d6d-4478-401a-83dc-745f5ef4a4de(uuid7942)
сент. 16, 2025 8:21:57 PM webapp.storage.AbstractStorage save
INFO: &amp#27;[32mSave f08ed047-1745-47d3-9c87-5814a97f29c9(uuid7943)
сент. 16, 2025 8:21:57 PM webapp.storage.AbstractStorage save
INFO: &amp#27;[32mSave 68ea8e55-2f23-4da3-8634-7ffabf1bb88a(uuid7944)
сент. 16, 2025 8:21:57 PM webapp.storage.AbstractStorage save
INFO: &amp#27;[32mSave 2142b3ba-af84-4e52-9e48-33472287f856(uuid7945)
сент. 16, 2025 8:21:57 PM webapp.storage.AbstractStorage save
INFO: &amp#27;[32mSave 213d164c-79ee-469c-a1da-fc4996422757(uuid7946)
сент. 16, 2025 8:21:57 PM webapp.storage.AbstractStorage save
INFO: &amp#27;[32mSave d79bd593-d539-4e55-965d-9f695d823d2b(uuid7947)
сент. 16, 2025 8:21:57 PM webapp.storage.AbstractStorage save
INFO: &amp#27;[32mSave 928b6967-6617-41d0-ac37-4d41808dbad9(uuid7948)
сент. 16, 2025 8:21:57 PM webapp.storage.AbstractStorage save
INFO: &amp#27;[32mSave 9f15558a-9792-43cb-bcc0-1f39ae56d833(uuid7949)
сент. 16, 2025 8:21:57 PM webapp.storage.AbstractStorage save
INFO: &amp#27;[32mSave a83cb5f3-ec3c-45c8-8c4f-30439e3ecdf6(uuid7950)
сент. 16, 2025 8:21:57 PM webapp.storage.AbstractStorage save
INFO: &amp#27;[32mSave e6430ad1-93a9-4fdf-8f5a-c7b308b03132(uuid7951)
сент. 16, 2025 8:21:57 PM webapp.storage.AbstractStorage save
INFO: &amp#27;[32mSave 30b9a612-929d-4666-8730-778f647437bb(uuid7952)
сент. 16, 2025 8:21:57 PM webapp.storage.AbstractStorage save
INFO: &amp#27;[32mSave 6442c221-d091-4d9b-a72d-c77842103df7(uuid7953)
сент. 16, 2025 8:21:57 PM webapp.storage.AbstractStorage save
INFO: &amp#27;[32mSave 00f29d51-fbc9-4838-b55b-fa9c485d626a(uuid7954)
сент. 16, 2025 8:21:57 PM webapp.storage.AbstractStorage save
INFO: &amp#27;[32mSave f0def590-b645-439b-97eb-671cb0273af1(uuid7955)
сент. 16, 2025 8:21:57 PM webapp.storage.AbstractStorage save
INFO: &amp#27;[32mSave 22f24425-d043-4901-a51d-f302d119b1d0(uuid7956)
сент. 16, 2025 8:21:57 PM webapp.storage.AbstractStorage save
INFO: &amp#27;[32mSave 667ba3e6-a057-4d08-9ba0-bc81181ab8f1(uuid7957)
сент. 16, 2025 8:21:57 PM webapp.storage.AbstractStorage save
INFO: &amp#27;[32mSave 327c80e6-f82c-48cf-9b28-42574c90f1a7(uuid7958)
сент. 16, 2025 8:21:57 PM webapp.storage.AbstractStorage save
INFO: &amp#27;[32mSave 270696f0-5d00-43f3-b16f-c27a6da7e5fb(uuid7959)
сент. 16, 2025 8:21:57 PM webapp.storage.AbstractStorage save
INFO: &amp#27;[32mSave de6dba90-6f99-4aee-8936-0e6f58b08f3f(uuid7960)
сент. 16, 2025 8:21:57 PM webapp.storage.AbstractStorage save
INFO: &amp#27;[32mSave b1440a50-794f-4de6-86d2-b4e55a182cb1(uuid7961)
сент. 16, 2025 8:21:57 PM webapp.storage.AbstractStorage save
INFO: &amp#27;[32mSave ee675e25-badd-49d7-8de6-c4cb2b921b95(uuid7962)
сент. 16, 2025 8:21:57 PM webapp.storage.AbstractStorage save
INFO: &amp#27;[32mSave 8043d64a-29c6-41f1-9a78-ca4c09ca7f1e(uuid7963)
сент. 16, 2025 8:21:57 PM webapp.storage.AbstractStorage save
INFO: &amp#27;[32mSave 402983a2-a73d-4172-967b-c18e22f4e67c(uuid7964)
сент. 16, 2025 8:21:57 PM webapp.storage.AbstractStorage save
INFO: &amp#27;[32mSave 3f39a8a7-344c-45d7-868f-238818da5595(uuid7965)
сент. 16, 2025 8:21:57 PM webapp.storage.AbstractStorage save
INFO: &amp#27;[32mSave 00c6ba34-302f-4282-8a3d-9fcf271c1313(uuid7966)
сент. 16, 2025 8:21:57 PM webapp.storage.AbstractStorage save
INFO: &amp#27;[32mSave 6810875a-7042-4e4b-8053-61e2bc02feef(uuid7967)
сент. 16, 2025 8:21:57 PM webapp.storage.AbstractStorage save
INFO: &amp#27;[32mSave a8d0167d-525f-4cec-95ff-ccaee64c1fb3(uuid7968)
сент. 16, 2025 8:21:57 PM webapp.storage.AbstractStorage save
INFO: &amp#27;[32mSave f88a59be-29b7-41dc-88e5-ac704e225e9d(uuid7969)
сент. 16, 2025 8:21:57 PM webapp.storage.AbstractStorage save
INFO: &amp#27;[32mSave f3d31669-6057-42ca-b4f1-ed991d9fad3b(uuid7970)
сент. 16, 2025 8:21:57 PM webapp.storage.AbstractStorage save
INFO: &amp#27;[32mSave 703d7554-7b3e-4975-bb75-f439b3e68672(uuid7971)
сент. 16, 2025 8:21:57 PM webapp.storage.AbstractStorage save
INFO: &amp#27;[32mSave 874b0704-4926-49dd-b586-609c247cd1b3(uuid7972)
сент. 16, 2025 8:21:57 PM webapp.storage.AbstractStorage save
INFO: &amp#27;[32mSave 62df7bb6-9115-4aae-a1ee-73a5ae754b62(uuid7973)
сент. 16, 2025 8:21:57 PM webapp.storage.AbstractStorage save
INFO: &amp#27;[32mSave 6220f594-0108-40db-a4a4-eb6d2557f9c7(uuid7974)
сент. 16, 2025 8:21:57 PM webapp.storage.AbstractStorage save
INFO: &amp#27;[32mSave b4112ec8-5f0c-42ed-9e9b-62133b9ce20e(uuid7975)
сент. 16, 2025 8:21:57 PM webapp.storage.AbstractStorage save
INFO: &amp#27;[32mSave f05bf920-04de-4465-b3a0-8bd6b64d9eb1(uuid7976)
сент. 16, 2025 8:21:57 PM webapp.storage.AbstractStorage save
INFO: &amp#27;[32mSave 45230a1d-a3fe-4151-9ecd-4efd29dcf01c(uuid7977)
сент. 16, 2025 8:21:57 PM webapp.storage.AbstractStorage save
INFO: &amp#27;[32mSave e72576a2-9e14-48df-8d1d-6aa08a1bb4e7(uuid7978)
сент. 16, 2025 8:21:57 PM webapp.storage.AbstractStorage save
INFO: &amp#27;[32mSave 7ed14c15-1b96-4922-b4c1-8f63dcf95cfc(uuid7979)
сент. 16, 2025 8:21:57 PM webapp.storage.AbstractStorage save
INFO: &amp#27;[32mSave f5bd0cb8-531a-4d09-b983-3ba1b8329df2(uuid7980)
сент. 16, 2025 8:21:57 PM webapp.storage.AbstractStorage save
INFO: &amp#27;[32mSave f628c900-6556-4669-8b55-82e0b6be46a4(uuid7981)
сент. 16, 2025 8:21:57 PM webapp.storage.AbstractStorage save
INFO: &amp#27;[32mSave c9afe0dd-bb23-4d36-9f20-3ae4f3b94b40(uuid7982)
сент. 16, 2025 8:21:57 PM webapp.storage.AbstractStorage save
INFO: &amp#27;[32mSave c37f5bc8-4faf-4e3d-9d47-f7e204c37cb2(uuid7983)
сент. 16, 2025 8:21:57 PM webapp.storage.AbstractStorage save
INFO: &amp#27;[32mSave 1c629830-44c4-44d8-bce6-6216804fd304(uuid7984)
сент. 16, 2025 8:21:57 PM webapp.storage.AbstractStorage save
INFO: &amp#27;[32mSave a207842b-61af-4d05-bfc0-f662ba381c05(uuid7985)
сент. 16, 2025 8:21:57 PM webapp.storage.AbstractStorage save
INFO: &amp#27;[32mSave 3c15fc1c-0f94-462b-a59d-f97306778647(uuid7986)
сент. 16, 2025 8:21:57 PM webapp.storage.AbstractStorage save
INFO: &amp#27;[32mSave 0a4da25d-1ee6-4cae-9d4f-5283f6cf028e(uuid7987)
сент. 16, 2025 8:21:57 PM webapp.storage.AbstractStorage save
INFO: &amp#27;[32mSave d134d340-7343-4fc6-bbf2-4cf3c59e9b51(uuid7988)
сент. 16, 2025 8:21:57 PM webapp.storage.AbstractStorage save
INFO: &amp#27;[32mSave 6a4a559c-103a-40b7-94e5-7cd6e137b898(uuid7989)
сент. 16, 2025 8:21:57 PM webapp.storage.AbstractStorage save
INFO: &amp#27;[32mSave 98506461-eddf-4732-b319-3ad16593bc4d(uuid7990)
сент. 16, 2025 8:21:57 PM webapp.storage.AbstractStorage save
INFO: &amp#27;[32mSave 44ee11e3-ea5e-4b33-880b-1a863ed3a906(uuid7991)
сент. 16, 2025 8:21:57 PM webapp.storage.AbstractStorage save
INFO: &amp#27;[32mSave e6070087-7dc1-49f8-a77f-c7db4b0152bb(uuid7992)
сент. 16, 2025 8:21:57 PM webapp.storage.AbstractStorage save
INFO: &amp#27;[32mSave ddb14965-5f3e-4498-aa5b-b5b62e36c503(uuid7993)
сент. 16, 2025 8:21:57 PM webapp.storage.AbstractStorage save
INFO: &amp#27;[32mSave 0c0d3080-9388-433d-a539-1a3fb98e945a(uuid7994)
сент. 16, 2025 8:21:57 PM webapp.storage.AbstractStorage save
INFO: &amp#27;[32mSave 2ce751cc-b478-4696-8748-38485a749d33(uuid7995)
сент. 16, 2025 8:21:57 PM webapp.storage.AbstractStorage save
INFO: &amp#27;[32mSave 23c31ecb-d121-4e0e-8366-a4af10f75ffd(uuid7996)
сент. 16, 2025 8:21:57 PM webapp.storage.AbstractStorage save
INFO: &amp#27;[32mSave 8d3a8b57-c532-41df-a892-fd95bb1557cc(uuid7997)
сент. 16, 2025 8:21:57 PM webapp.storage.AbstractStorage save
INFO: &amp#27;[32mSave 8516566e-e389-4e7c-9a94-499d196262f2(uuid7998)
сент. 16, 2025 8:21:57 PM webapp.storage.AbstractStorage save
INFO: &amp#27;[32mSave 4fc5e4a9-6e1a-477e-bf22-99475cd4f976(uuid7999)
сент. 16, 2025 8:21:57 PM webapp.storage.AbstractStorage save
INFO: &amp#27;[32mSave 6ae3ca1d-7a44-4758-959e-ab543037da6f(uuid8000)
сент. 16, 2025 8:21:57 PM webapp.storage.AbstractStorage save
INFO: &amp#27;[32mSave 2ec6c229-43b4-4d1f-8ea8-5777e16329df(uuid8001)
сент. 16, 2025 8:21:57 PM webapp.storage.AbstractStorage save
INFO: &amp#27;[32mSave ad15ce81-480d-46d6-9596-67f1398fe2fd(uuid8002)
сент. 16, 2025 8:21:57 PM webapp.storage.AbstractStorage save
INFO: &amp#27;[32mSave 71092536-2131-442a-9ee0-a61d78eb8df6(uuid8003)
сент. 16, 2025 8:21:57 PM webapp.storage.AbstractStorage save
INFO: &amp#27;[32mSave f17589f5-4025-40fd-b633-d63a3d70c661(uuid8004)
сент. 16, 2025 8:21:57 PM webapp.storage.AbstractStorage save
INFO: &amp#27;[32mSave 11363a0b-d603-4232-936f-6274cd3c0953(uuid8005)
сент. 16, 2025 8:21:57 PM webapp.storage.AbstractStorage save
INFO: &amp#27;[32mSave b4805f49-c12c-43ae-a19a-576b97b75120(uuid8006)
сент. 16, 2025 8:21:57 PM webapp.storage.AbstractStorage save
INFO: &amp#27;[32mSave 4ca6bb39-919e-4433-ac41-67974586d268(uuid8007)
сент. 16, 2025 8:21:57 PM webapp.storage.AbstractStorage save
INFO: &amp#27;[32mSave 94cbe65e-84f4-465a-abb8-a641ea887736(uuid8008)
сент. 16, 2025 8:21:57 PM webapp.storage.AbstractStorage save
INFO: &amp#27;[32mSave b3f3540b-5295-4f06-bb89-bc8e7754ccb5(uuid8009)
сент. 16, 2025 8:21:57 PM webapp.storage.AbstractStorage save
INFO: &amp#27;[32mSave 4bfc1b06-fd8b-4e79-9349-bf7897155a75(uuid8010)
сент. 16, 2025 8:21:57 PM webapp.storage.AbstractStorage save
INFO: &amp#27;[32mSave a7687c07-f817-4622-a45e-15ccbd04c0ca(uuid8011)
сент. 16, 2025 8:21:57 PM webapp.storage.AbstractStorage save
INFO: &amp#27;[32mSave 6cde13e1-fd8f-4b6f-ac61-6ae0ede755b9(uuid8012)
сент. 16, 2025 8:21:57 PM webapp.storage.AbstractStorage save
INFO: &amp#27;[32mSave 8fad6c74-5b4e-427c-a910-cdee9dd01451(uuid8013)
сент. 16, 2025 8:21:57 PM webapp.storage.AbstractStorage save
INFO: &amp#27;[32mSave fd9e50da-5e63-4bb4-9e11-c898441db7a5(uuid8014)
сент. 16, 2025 8:21:57 PM webapp.storage.AbstractStorage save
INFO: &amp#27;[32mSave a3e176e3-ee4e-4e98-abdd-e1e358b45bd6(uuid8015)
сент. 16, 2025 8:21:57 PM webapp.storage.AbstractStorage save
INFO: &amp#27;[32mSave 4668ec32-b3b5-443e-bc21-d39026ff2acd(uuid8016)
сент. 16, 2025 8:21:57 PM webapp.storage.AbstractStorage save
INFO: &amp#27;[32mSave cec46fec-939f-4977-bc24-bc07f90b6356(uuid8017)
сент. 16, 2025 8:21:57 PM webapp.storage.AbstractStorage save
INFO: &amp#27;[32mSave 73469e69-ddca-4734-96bb-6c0a621ba0ea(uuid8018)
сент. 16, 2025 8:21:57 PM webapp.storage.AbstractStorage save
INFO: &amp#27;[32mSave a3aab210-4780-414e-8607-b906d50dabac(uuid8019)
сент. 16, 2025 8:21:57 PM webapp.storage.AbstractStorage save
INFO: &amp#27;[32mSave 1612cc47-73b4-43e8-971f-5e6eaab88362(uuid8020)
сент. 16, 2025 8:21:57 PM webapp.storage.AbstractStorage save
INFO: &amp#27;[32mSave 93aec0d2-e640-4063-8677-1b35785884e6(uuid8021)
сент. 16, 2025 8:21:57 PM webapp.storage.AbstractStorage save
INFO: &amp#27;[32mSave 9c2ea140-32ae-4cc6-96d6-86af82a600da(uuid8022)
сент. 16, 2025 8:21:57 PM webapp.storage.AbstractStorage save
INFO: &amp#27;[32mSave 611a21b8-a9ac-453d-89f6-25cfde8b05dd(uuid8023)
сент. 16, 2025 8:21:57 PM webapp.storage.AbstractStorage save
INFO: &amp#27;[32mSave fb230df2-c0a1-4640-9c74-179eaecab057(uuid8024)
сент. 16, 2025 8:21:57 PM webapp.storage.AbstractStorage save
INFO: &amp#27;[32mSave a9283fe2-552b-4a79-9d7b-9daee3551d31(uuid8025)
сент. 16, 2025 8:21:57 PM webapp.storage.AbstractStorage save
INFO: &amp#27;[32mSave 7360e4c4-33e2-4e31-951f-ec842e76d5f7(uuid8026)
сент. 16, 2025 8:21:57 PM webapp.storage.AbstractStorage save
INFO: &amp#27;[32mSave e0d08ca2-5550-490b-ac3b-aba81b364c41(uuid8027)
сент. 16, 2025 8:21:57 PM webapp.storage.AbstractStorage save
INFO: &amp#27;[32mSave 65069be3-6fc1-40ad-bde9-16e500572f2e(uuid8028)
сент. 16, 2025 8:21:57 PM webapp.storage.AbstractStorage save
INFO: &amp#27;[32mSave 3caacccf-c36e-4b71-b36a-3989d1866d58(uuid8029)
сент. 16, 2025 8:21:57 PM webapp.storage.AbstractStorage save
INFO: &amp#27;[32mSave da69bd0a-5439-4a01-b003-06ce2676d9ef(uuid8030)
сент. 16, 2025 8:21:57 PM webapp.storage.AbstractStorage save
INFO: &amp#27;[32mSave fa58cde9-9cf3-4418-9fc7-c265864fa840(uuid8031)
сент. 16, 2025 8:21:57 PM webapp.storage.AbstractStorage save
INFO: &amp#27;[32mSave 6335435e-4707-4c28-9cc7-6d644e8b076a(uuid8032)
сент. 16, 2025 8:21:57 PM webapp.storage.AbstractStorage save
INFO: &amp#27;[32mSave 823339c3-a9b5-4a9b-b374-72c4d89bfa62(uuid8033)
сент. 16, 2025 8:21:57 PM webapp.storage.AbstractStorage save
INFO: &amp#27;[32mSave abd09e4f-d7e3-4828-b4f3-943c0712beaf(uuid8034)
сент. 16, 2025 8:21:57 PM webapp.storage.AbstractStorage save
INFO: &amp#27;[32mSave 6e4b13b2-f12c-4e08-ada8-a333e0fe1dc8(uuid8035)
сент. 16, 2025 8:21:57 PM webapp.storage.AbstractStorage save
INFO: &amp#27;[32mSave 3f2b5263-a85e-4ae2-a0c6-85fa9059bd54(uuid8036)
сент. 16, 2025 8:21:57 PM webapp.storage.AbstractStorage save
INFO: &amp#27;[32mSave fbfc2f1b-a008-4e8e-a0a0-92a6426d8d1f(uuid8037)
сент. 16, 2025 8:21:57 PM webapp.storage.AbstractStorage save
INFO: &amp#27;[32mSave 632e5550-bc78-461a-a985-627397754777(uuid8038)
сент. 16, 2025 8:21:57 PM webapp.storage.AbstractStorage save
INFO: &amp#27;[32mSave 365e36a8-e616-4341-acf1-f8340761afba(uuid8039)
сент. 16, 2025 8:21:57 PM webapp.storage.AbstractStorage save
INFO: &amp#27;[32mSave 237ff8ef-bdc7-4772-82f0-3f69415ffa99(uuid8040)
сент. 16, 2025 8:21:57 PM webapp.storage.AbstractStorage save
INFO: &amp#27;[32mSave d396fdf8-a216-45b4-9775-b7296fd2d23a(uuid8041)
сент. 16, 2025 8:21:57 PM webapp.storage.AbstractStorage save
INFO: &amp#27;[32mSave 2bc83654-1d06-4528-b51e-836fc86bc48d(uuid8042)
сент. 16, 2025 8:21:57 PM webapp.storage.AbstractStorage save
INFO: &amp#27;[32mSave a331c7f6-7b77-49f8-9a4e-36bc409fb7c8(uuid8043)
сент. 16, 2025 8:21:57 PM webapp.storage.AbstractStorage save
INFO: &amp#27;[32mSave 87ff7dba-84bf-4658-ba50-6fe3539043fa(uuid8044)
сент. 16, 2025 8:21:57 PM webapp.storage.AbstractStorage save
INFO: &amp#27;[32mSave acc39345-2284-4eb6-92fb-ca0f0f2f7f38(uuid8045)
сент. 16, 2025 8:21:57 PM webapp.storage.AbstractStorage save
INFO: &amp#27;[32mSave df488ab4-4206-4b8a-bcb3-43c0422318f9(uuid8046)
сент. 16, 2025 8:21:57 PM webapp.storage.AbstractStorage save
INFO: &amp#27;[32mSave 84b5cb90-444a-460f-b1a6-6db37a9bdb0f(uuid8047)
сент. 16, 2025 8:21:57 PM webapp.storage.AbstractStorage save
INFO: &amp#27;[32mSave 00c729af-9026-4350-a09c-af10441cb046(uuid8048)
сент. 16, 2025 8:21:57 PM webapp.storage.AbstractStorage save
INFO: &amp#27;[32mSave e48a8301-5d79-4450-b433-e639e7cd5a61(uuid8049)
сент. 16, 2025 8:21:57 PM webapp.storage.AbstractStorage save
INFO: &amp#27;[32mSave e7e9d651-7dfe-4469-b28d-9d1cd16c21b2(uuid8050)
сент. 16, 2025 8:21:57 PM webapp.storage.AbstractStorage save
INFO: &amp#27;[32mSave bebcbc22-96cf-4056-bf56-0c35542646d9(uuid8051)
сент. 16, 2025 8:21:57 PM webapp.storage.AbstractStorage save
INFO: &amp#27;[32mSave 0a287306-152c-4836-aaa4-7029e2b3cd6c(uuid8052)
сент. 16, 2025 8:21:57 PM webapp.storage.AbstractStorage save
INFO: &amp#27;[32mSave 555321ec-0182-458c-8a10-3e6439057510(uuid8053)
сент. 16, 2025 8:21:57 PM webapp.storage.AbstractStorage save
INFO: &amp#27;[32mSave c4687046-6624-49c8-87f4-83b43a0abfca(uuid8054)
сент. 16, 2025 8:21:57 PM webapp.storage.AbstractStorage save
INFO: &amp#27;[32mSave a0057e55-b17b-47be-8005-42b9faec7803(uuid8055)
сент. 16, 2025 8:21:57 PM webapp.storage.AbstractStorage save
INFO: &amp#27;[32mSave ad085645-f8c2-422c-ad0f-ebbab200f5c7(uuid8056)
сент. 16, 2025 8:21:57 PM webapp.storage.AbstractStorage save
INFO: &amp#27;[32mSave 4dfa61a5-2d88-49fc-a62a-4bf616495ea9(uuid8057)
сент. 16, 2025 8:21:57 PM webapp.storage.AbstractStorage save
INFO: &amp#27;[32mSave 0c6358ac-fff1-469e-a8e4-dc4630d9201d(uuid8058)
сент. 16, 2025 8:21:57 PM webapp.storage.AbstractStorage save
INFO: &amp#27;[32mSave 8753dcfd-87dd-4186-9703-fc623579f0c2(uuid8059)
сент. 16, 2025 8:21:57 PM webapp.storage.AbstractStorage save
INFO: &amp#27;[32mSave b4c8d1b0-ae0d-4ecf-b367-9c3dd68a5732(uuid8060)
сент. 16, 2025 8:21:57 PM webapp.storage.AbstractStorage save
INFO: &amp#27;[32mSave 45ed9e3b-328e-4e73-8cb2-f24ab3cc4ec8(uuid8061)
сент. 16, 2025 8:21:57 PM webapp.storage.AbstractStorage save
INFO: &amp#27;[32mSave c40c3978-53f1-49c6-9522-286330a6cfa1(uuid8062)
сент. 16, 2025 8:21:57 PM webapp.storage.AbstractStorage save
INFO: &amp#27;[32mSave e2e06977-3bd0-42f0-926a-e9b24d0f2c8a(uuid8063)
сент. 16, 2025 8:21:57 PM webapp.storage.AbstractStorage save
INFO: &amp#27;[32mSave 784aa0e4-956b-4099-9853-78198bfab687(uuid8064)
сент. 16, 2025 8:21:57 PM webapp.storage.AbstractStorage save
INFO: &amp#27;[32mSave b1d00820-2474-46e1-a0b6-95cac51a7ec8(uuid8065)
сент. 16, 2025 8:21:57 PM webapp.storage.AbstractStorage save
INFO: &amp#27;[32mSave 4ef6fcec-26c1-410c-9811-176a373ad12d(uuid8066)
сент. 16, 2025 8:21:57 PM webapp.storage.AbstractStorage save
INFO: &amp#27;[32mSave 8ae0867f-c44e-49d2-8559-723f547adef4(uuid8067)
сент. 16, 2025 8:21:57 PM webapp.storage.AbstractStorage save
INFO: &amp#27;[32mSave dbdb7328-16a0-424b-9d91-31c7549215d7(uuid8068)
сент. 16, 2025 8:21:57 PM webapp.storage.AbstractStorage save
INFO: &amp#27;[32mSave 2f5449c7-775d-479e-a5aa-22ff006012b0(uuid8069)
сент. 16, 2025 8:21:57 PM webapp.storage.AbstractStorage save
INFO: &amp#27;[32mSave 1e86342e-e7c7-4b8b-a832-8ba01665409d(uuid8070)
сент. 16, 2025 8:21:57 PM webapp.storage.AbstractStorage save
INFO: &amp#27;[32mSave f1350a0e-85c4-4951-bbc7-5576e232f07b(uuid8071)
сент. 16, 2025 8:21:57 PM webapp.storage.AbstractStorage save
INFO: &amp#27;[32mSave 813982aa-60cd-40df-8bbb-b9cc7a91cb15(uuid8072)
сент. 16, 2025 8:21:57 PM webapp.storage.AbstractStorage save
INFO: &amp#27;[32mSave c2afba6c-f517-431d-b0ca-3c31ffd57a04(uuid8073)
сент. 16, 2025 8:21:57 PM webapp.storage.AbstractStorage save
INFO: &amp#27;[32mSave 3ca0959b-9f9b-4c40-b7aa-2a8a5b9777cf(uuid8074)
сент. 16, 2025 8:21:57 PM webapp.storage.AbstractStorage save
INFO: &amp#27;[32mSave e4c1f101-8b94-4da8-a006-216ca6f78bcb(uuid8075)
сент. 16, 2025 8:21:57 PM webapp.storage.AbstractStorage save
INFO: &amp#27;[32mSave 75fa4a4a-6dbc-4ecf-9ac5-4bb6d132803d(uuid8076)
сент. 16, 2025 8:21:57 PM webapp.storage.AbstractStorage save
INFO: &amp#27;[32mSave 55523e19-2860-4d9d-9ee8-a4b2b3a379bb(uuid8077)
сент. 16, 2025 8:21:57 PM webapp.storage.AbstractStorage save
INFO: &amp#27;[32mSave 666318be-94e6-4045-9fc5-b507efe629ff(uuid8078)
сент. 16, 2025 8:21:57 PM webapp.storage.AbstractStorage save
INFO: &amp#27;[32mSave e75d3010-f723-4d8c-bce2-fd39761147bc(uuid8079)
сент. 16, 2025 8:21:57 PM webapp.storage.AbstractStorage save
INFO: &amp#27;[32mSave dd7269ee-33f2-4b90-bf39-1ea7eee53ab4(uuid8080)
сент. 16, 2025 8:21:57 PM webapp.storage.AbstractStorage save
INFO: &amp#27;[32mSave 9b17eab2-a1c0-428f-beff-47ed920738dd(uuid8081)
сент. 16, 2025 8:21:57 PM webapp.storage.AbstractStorage save
INFO: &amp#27;[32mSave 9baa7891-3538-42ca-b55c-1e143a5ef6dc(uuid8082)
сент. 16, 2025 8:21:57 PM webapp.storage.AbstractStorage save
INFO: &amp#27;[32mSave 3ff0e2d5-b42d-4d3a-b7ea-ee26b8336c74(uuid8083)
сент. 16, 2025 8:21:57 PM webapp.storage.AbstractStorage save
INFO: &amp#27;[32mSave 904410ee-316a-468e-8493-3c383ffe63e8(uuid8084)
сент. 16, 2025 8:21:57 PM webapp.storage.AbstractStorage save
INFO: &amp#27;[32mSave 0632db27-aeb1-419b-821e-7d3a8a9f4a26(uuid8085)
сент. 16, 2025 8:21:57 PM webapp.storage.AbstractStorage save
INFO: &amp#27;[32mSave bb015f5a-2b53-4763-9f8b-a386bc2f633a(uuid8086)
сент. 16, 2025 8:21:57 PM webapp.storage.AbstractStorage save
INFO: &amp#27;[32mSave b71091f0-abaa-46d4-a79c-78f4d8902929(uuid8087)
сент. 16, 2025 8:21:57 PM webapp.storage.AbstractStorage save
INFO: &amp#27;[32mSave 14535fec-8d51-48d2-b8da-872c414bc397(uuid8088)
сент. 16, 2025 8:21:57 PM webapp.storage.AbstractStorage save
INFO: &amp#27;[32mSave dee58ed5-08c5-46b2-a2d0-08fe5cda603c(uuid8089)
сент. 16, 2025 8:21:57 PM webapp.storage.AbstractStorage save
INFO: &amp#27;[32mSave 87530e26-2845-4a46-95f5-f580bbd60b32(uuid8090)
сент. 16, 2025 8:21:57 PM webapp.storage.AbstractStorage save
INFO: &amp#27;[32mSave d07c871e-82d2-4e95-af1b-93901b3a9224(uuid8091)
сент. 16, 2025 8:21:57 PM webapp.storage.AbstractStorage save
INFO: &amp#27;[32mSave 72d7f720-603d-41f2-b10f-ebe970a8b3d8(uuid8092)
сент. 16, 2025 8:21:57 PM webapp.storage.AbstractStorage save
INFO: &amp#27;[32mSave c80889ac-c606-48ab-bb04-bd8d15b64599(uuid8093)
сент. 16, 2025 8:21:57 PM webapp.storage.AbstractStorage save
INFO: &amp#27;[32mSave f75f0876-a16b-41ea-8f9b-f986a5791bb0(uuid8094)
сент. 16, 2025 8:21:57 PM webapp.storage.AbstractStorage save
INFO: &amp#27;[32mSave abfbc214-b237-400f-9502-5c5e660c7f53(uuid8095)
сент. 16, 2025 8:21:57 PM webapp.storage.AbstractStorage save
INFO: &amp#27;[32mSave fc8a1860-a4b9-4537-b096-6f54b84e4dc2(uuid8096)
сент. 16, 2025 8:21:57 PM webapp.storage.AbstractStorage save
INFO: &amp#27;[32mSave 0d881e5f-83dd-4cb5-9b00-0b72a88a59ba(uuid8097)
сент. 16, 2025 8:21:57 PM webapp.storage.AbstractStorage save
INFO: &amp#27;[32mSave 79afe774-c26d-458f-88d3-b2fd69e4cf7d(uuid8098)
сент. 16, 2025 8:21:57 PM webapp.storage.AbstractStorage save
INFO: &amp#27;[32mSave e947ae6c-4c71-41d0-a72f-a59cd160d7bd(uuid8099)
сент. 16, 2025 8:21:57 PM webapp.storage.AbstractStorage save
INFO: &amp#27;[32mSave 936d23c9-763f-48ce-8812-6a195b466c8b(uuid8100)
сент. 16, 2025 8:21:57 PM webapp.storage.AbstractStorage save
INFO: &amp#27;[32mSave f9394a02-2c8f-427f-b47d-8a8a178d3b43(uuid8101)
сент. 16, 2025 8:21:57 PM webapp.storage.AbstractStorage save
INFO: &amp#27;[32mSave 5bb9b27e-4f11-42d5-94d6-e44e6c47ae9b(uuid8102)
сент. 16, 2025 8:21:57 PM webapp.storage.AbstractStorage save
INFO: &amp#27;[32mSave b4d7735c-23be-48ab-a0fb-f9c6b30f5edf(uuid8103)
сент. 16, 2025 8:21:57 PM webapp.storage.AbstractStorage save
INFO: &amp#27;[32mSave 06028e02-9466-4aae-8dce-516b27eec4e6(uuid8104)
сент. 16, 2025 8:21:57 PM webapp.storage.AbstractStorage save
INFO: &amp#27;[32mSave e29c20f8-9cf9-4d8d-a42b-bcd208b6bd4d(uuid8105)
сент. 16, 2025 8:21:57 PM webapp.storage.AbstractStorage save
INFO: &amp#27;[32mSave 65a3b46b-2c59-4729-b81b-f9e901541408(uuid8106)
сент. 16, 2025 8:21:57 PM webapp.storage.AbstractStorage save
INFO: &amp#27;[32mSave 6b57c43f-60c9-46b9-bed5-d48fe91cf760(uuid8107)
сент. 16, 2025 8:21:57 PM webapp.storage.AbstractStorage save
INFO: &amp#27;[32mSave d153e777-ad04-47fd-b6b3-34d644728ec6(uuid8108)
сент. 16, 2025 8:21:57 PM webapp.storage.AbstractStorage save
INFO: &amp#27;[32mSave 4757abbb-1fcc-40b8-b556-4ac01ff78aa9(uuid8109)
сент. 16, 2025 8:21:57 PM webapp.storage.AbstractStorage save
INFO: &amp#27;[32mSave eb9d43b9-f944-417a-8f7e-6c0e8f6db3da(uuid8110)
сент. 16, 2025 8:21:57 PM webapp.storage.AbstractStorage save
INFO: &amp#27;[32mSave e89bd759-89fc-490e-a433-678518e7fb69(uuid8111)
сент. 16, 2025 8:21:57 PM webapp.storage.AbstractStorage save
INFO: &amp#27;[32mSave 92c3ae5e-be78-43c8-9488-d218e5ec70c0(uuid8112)
сент. 16, 2025 8:21:57 PM webapp.storage.AbstractStorage save
INFO: &amp#27;[32mSave cb2e0b34-b414-47f8-83ad-5b3c6ef4b89a(uuid8113)
сент. 16, 2025 8:21:57 PM webapp.storage.AbstractStorage save
INFO: &amp#27;[32mSave 47dcef6e-b3e8-4f2c-a262-043231ce413d(uuid8114)
сент. 16, 2025 8:21:57 PM webapp.storage.AbstractStorage save
INFO: &amp#27;[32mSave ba8adfc4-186b-47d8-b13b-208c42c0bda8(uuid8115)
сент. 16, 2025 8:21:57 PM webapp.storage.AbstractStorage save
INFO: &amp#27;[32mSave 6ab8d999-9ce7-4867-a3b9-10fad80bca69(uuid8116)
сент. 16, 2025 8:21:57 PM webapp.storage.AbstractStorage save
INFO: &amp#27;[32mSave 4b21e136-d252-4fdd-aaee-1f80a07c40cb(uuid8117)
сент. 16, 2025 8:21:57 PM webapp.storage.AbstractStorage save
INFO: &amp#27;[32mSave 936bf2db-96f4-4626-8f16-4fc8f92261c0(uuid8118)
сент. 16, 2025 8:21:57 PM webapp.storage.AbstractStorage save
INFO: &amp#27;[32mSave 5408374f-9cd5-4fb4-9543-f5873358a170(uuid8119)
сент. 16, 2025 8:21:57 PM webapp.storage.AbstractStorage save
INFO: &amp#27;[32mSave 7ab4a179-c9d0-4164-a113-8d60bd4510c4(uuid8120)
сент. 16, 2025 8:21:57 PM webapp.storage.AbstractStorage save
INFO: &amp#27;[32mSave 3ad45822-bd8c-463e-9aba-3be69723374d(uuid8121)
сент. 16, 2025 8:21:57 PM webapp.storage.AbstractStorage save
INFO: &amp#27;[32mSave 0d071289-6093-4653-a740-28d5bded8cf5(uuid8122)
сент. 16, 2025 8:21:57 PM webapp.storage.AbstractStorage save
INFO: &amp#27;[32mSave 25430f4f-e7ed-4444-bbcd-0fc896fe7308(uuid8123)
сент. 16, 2025 8:21:57 PM webapp.storage.AbstractStorage save
INFO: &amp#27;[32mSave 6770c668-53ae-4d07-8ada-d1593b425e67(uuid8124)
сент. 16, 2025 8:21:57 PM webapp.storage.AbstractStorage save
INFO: &amp#27;[32mSave 13040527-be15-4f17-a97a-c48d006d97ba(uuid8125)
сент. 16, 2025 8:21:57 PM webapp.storage.AbstractStorage save
INFO: &amp#27;[32mSave 512264a5-8831-4376-84f4-7432c1abbfb9(uuid8126)
сент. 16, 2025 8:21:57 PM webapp.storage.AbstractStorage save
INFO: &amp#27;[32mSave 8ca3362c-53ac-499e-9182-10f28e407edd(uuid8127)
сент. 16, 2025 8:21:57 PM webapp.storage.AbstractStorage save
INFO: &amp#27;[32mSave 351f92ab-caf0-4eb8-a214-ee4761d06067(uuid8128)
сент. 16, 2025 8:21:57 PM webapp.storage.AbstractStorage save
INFO: &amp#27;[32mSave 3dc219ff-c9de-4eb4-910c-e4d9ad28f2a6(uuid8129)
сент. 16, 2025 8:21:57 PM webapp.storage.AbstractStorage save
INFO: &amp#27;[32mSave 97521ad9-12a8-42d9-9ceb-679e3abe747a(uuid8130)
сент. 16, 2025 8:21:57 PM webapp.storage.AbstractStorage save
INFO: &amp#27;[32mSave 8915035f-63fa-4f4f-a46e-8e6f73700f38(uuid8131)
сент. 16, 2025 8:21:57 PM webapp.storage.AbstractStorage save
INFO: &amp#27;[32mSave b3186f0c-e3c4-4e6a-8d38-a792336033cc(uuid8132)
сент. 16, 2025 8:21:57 PM webapp.storage.AbstractStorage save
INFO: &amp#27;[32mSave 84de1bf5-fbad-43ac-a9b5-a4ff2672e184(uuid8133)
сент. 16, 2025 8:21:57 PM webapp.storage.AbstractStorage save
INFO: &amp#27;[32mSave 2bd02c6a-88c2-4556-a6f7-cb866168adfc(uuid8134)
сент. 16, 2025 8:21:57 PM webapp.storage.AbstractStorage save
INFO: &amp#27;[32mSave dc294b6e-637b-4dd0-98f1-c60f5354b369(uuid8135)
сент. 16, 2025 8:21:57 PM webapp.storage.AbstractStorage save
INFO: &amp#27;[32mSave 733aa0ac-a015-4101-940c-aac4cf410810(uuid8136)
сент. 16, 2025 8:21:57 PM webapp.storage.AbstractStorage save
INFO: &amp#27;[32mSave 401ad4f6-8b7a-4f5d-b134-49dfc52ecf9a(uuid8137)
сент. 16, 2025 8:21:57 PM webapp.storage.AbstractStorage save
INFO: &amp#27;[32mSave 3f5af7e6-8f4d-4902-be93-5330c2be23af(uuid8138)
сент. 16, 2025 8:21:57 PM webapp.storage.AbstractStorage save
INFO: &amp#27;[32mSave deaeee9c-8950-47f5-87d0-7eaa7d9b9dd4(uuid8139)
сент. 16, 2025 8:21:57 PM webapp.storage.AbstractStorage save
INFO: &amp#27;[32mSave 0934463d-2bf8-48ec-aa7f-c3c2a24204ca(uuid8140)
сент. 16, 2025 8:21:57 PM webapp.storage.AbstractStorage save
INFO: &amp#27;[32mSave a6173ad8-862a-4878-87cc-111f002c119c(uuid8141)
сент. 16, 2025 8:21:57 PM webapp.storage.AbstractStorage save
INFO: &amp#27;[32mSave dddf1cd5-7507-4f19-b58c-da83eac5003b(uuid8142)
сент. 16, 2025 8:21:57 PM webapp.storage.AbstractStorage save
INFO: &amp#27;[32mSave 1c7812fd-02f4-4549-873c-70143d0d68a5(uuid8143)
сент. 16, 2025 8:21:57 PM webapp.storage.AbstractStorage save
INFO: &amp#27;[32mSave 4b8302c8-b80b-4aec-8546-32bcebbe2a18(uuid8144)
сент. 16, 2025 8:21:57 PM webapp.storage.AbstractStorage save
INFO: &amp#27;[32mSave 24fd353e-5b54-4d14-a04a-47fbdd03cc17(uuid8145)
сент. 16, 2025 8:21:57 PM webapp.storage.AbstractStorage save
INFO: &amp#27;[32mSave cd5c3a99-116b-4ab5-898f-0f52652bd29f(uuid8146)
сент. 16, 2025 8:21:57 PM webapp.storage.AbstractStorage save
INFO: &amp#27;[32mSave 10840eb0-3a58-4fa2-b78e-610f45575b27(uuid8147)
сент. 16, 2025 8:21:57 PM webapp.storage.AbstractStorage save
INFO: &amp#27;[32mSave cc761de2-2b57-4226-840c-495a34400337(uuid8148)
сент. 16, 2025 8:21:57 PM webapp.storage.AbstractStorage save
INFO: &amp#27;[32mSave 8c14f63a-7358-40f8-99a4-199ff7e1c62a(uuid8149)
сент. 16, 2025 8:21:57 PM webapp.storage.AbstractStorage save
INFO: &amp#27;[32mSave 74af540d-6e98-4f43-a0f9-f13f70d364d1(uuid8150)
сент. 16, 2025 8:21:57 PM webapp.storage.AbstractStorage save
INFO: &amp#27;[32mSave 7e0ad41d-4ecc-4c1b-95e6-81de1f1b4a06(uuid8151)
сент. 16, 2025 8:21:57 PM webapp.storage.AbstractStorage save
INFO: &amp#27;[32mSave 23be95f0-b86a-4dd2-b32f-03798cdf1ce6(uuid8152)
сент. 16, 2025 8:21:57 PM webapp.storage.AbstractStorage save
INFO: &amp#27;[32mSave 0464751f-b0ea-459e-85c8-689df423a5e7(uuid8153)
сент. 16, 2025 8:21:57 PM webapp.storage.AbstractStorage save
INFO: &amp#27;[32mSave c577926b-9dcc-4995-9987-74b1f376408e(uuid8154)
сент. 16, 2025 8:21:57 PM webapp.storage.AbstractStorage save
INFO: &amp#27;[32mSave d4384c01-9727-4284-bbe2-3c7a5b771053(uuid8155)
сент. 16, 2025 8:21:57 PM webapp.storage.AbstractStorage save
INFO: &amp#27;[32mSave b1b74aee-ecd5-4ec0-8f5c-c61100f6e36c(uuid8156)
сент. 16, 2025 8:21:57 PM webapp.storage.AbstractStorage save
INFO: &amp#27;[32mSave d429573d-f2d8-4ed9-b486-a0be4d3ccca1(uuid8157)
сент. 16, 2025 8:21:57 PM webapp.storage.AbstractStorage save
INFO: &amp#27;[32mSave 93388adc-6805-49c1-a8e2-280a60030859(uuid8158)
сент. 16, 2025 8:21:57 PM webapp.storage.AbstractStorage save
INFO: &amp#27;[32mSave c6edf7a4-e828-4e9f-9176-00de6c88182b(uuid8159)
сент. 16, 2025 8:21:57 PM webapp.storage.AbstractStorage save
INFO: &amp#27;[32mSave 646d6c0a-94df-4881-ac5d-f4fb8ca0a928(uuid8160)
сент. 16, 2025 8:21:57 PM webapp.storage.AbstractStorage save
INFO: &amp#27;[32mSave 69c06f75-ca8b-45fe-889c-3fa47899c57b(uuid8161)
сент. 16, 2025 8:21:57 PM webapp.storage.AbstractStorage save
INFO: &amp#27;[32mSave 792b0a98-401b-4d56-abdf-fa55b20f0231(uuid8162)
сент. 16, 2025 8:21:57 PM webapp.storage.AbstractStorage save
INFO: &amp#27;[32mSave a01594f5-29fc-4b15-85f3-e6ca9ea81e7a(uuid8163)
сент. 16, 2025 8:21:57 PM webapp.storage.AbstractStorage save
INFO: &amp#27;[32mSave f60318cc-3c3e-44a9-a395-3f21c6b02ac3(uuid8164)
сент. 16, 2025 8:21:57 PM webapp.storage.AbstractStorage save
INFO: &amp#27;[32mSave f30baffb-ad91-40e7-9f19-750ad4977089(uuid8165)
сент. 16, 2025 8:21:57 PM webapp.storage.AbstractStorage save
INFO: &amp#27;[32mSave fabac7f0-f037-4e5d-948f-9fdfb1caa652(uuid8166)
сент. 16, 2025 8:21:57 PM webapp.storage.AbstractStorage save
INFO: &amp#27;[32mSave 78f05977-fc2c-42f6-ad63-d846c607cf37(uuid8167)
сент. 16, 2025 8:21:57 PM webapp.storage.AbstractStorage save
INFO: &amp#27;[32mSave 3ed63af6-559c-479f-8a87-c65f1a6b5e51(uuid8168)
сент. 16, 2025 8:21:57 PM webapp.storage.AbstractStorage save
INFO: &amp#27;[32mSave aa0ef762-4666-46c1-9558-0e4886f606c7(uuid8169)
сент. 16, 2025 8:21:57 PM webapp.storage.AbstractStorage save
INFO: &amp#27;[32mSave 0b4c7646-bb7e-460d-b249-3ef4a4ee62d8(uuid8170)
сент. 16, 2025 8:21:57 PM webapp.storage.AbstractStorage save
INFO: &amp#27;[32mSave 8fafe711-87cf-44dd-a070-7ca9b3878ccb(uuid8171)
сент. 16, 2025 8:21:57 PM webapp.storage.AbstractStorage save
INFO: &amp#27;[32mSave 406214d7-a8eb-4d82-8885-59274582a8e8(uuid8172)
сент. 16, 2025 8:21:57 PM webapp.storage.AbstractStorage save
INFO: &amp#27;[32mSave 9f053d2b-631d-487c-896f-dfbd3ad57465(uuid8173)
сент. 16, 2025 8:21:57 PM webapp.storage.AbstractStorage save
INFO: &amp#27;[32mSave 24f0a7db-8435-48a9-8e97-eebad0889917(uuid8174)
сент. 16, 2025 8:21:57 PM webapp.storage.AbstractStorage save
INFO: &amp#27;[32mSave 27aa705a-7cb2-473f-90ba-44372c107bae(uuid8175)
сент. 16, 2025 8:21:57 PM webapp.storage.AbstractStorage save
INFO: &amp#27;[32mSave 347af2c8-9ffc-4927-a18a-3bf74031dbfd(uuid8176)
сент. 16, 2025 8:21:57 PM webapp.storage.AbstractStorage save
INFO: &amp#27;[32mSave 247ce268-f392-4aec-8e53-40e6528078c0(uuid8177)
сент. 16, 2025 8:21:57 PM webapp.storage.AbstractStorage save
INFO: &amp#27;[32mSave ea57c42e-e9f9-42f0-8dc2-51d763bd334b(uuid8178)
сент. 16, 2025 8:21:57 PM webapp.storage.AbstractStorage save
INFO: &amp#27;[32mSave 6187db3f-4784-4e8b-84e8-1d1dd6820197(uuid8179)
сент. 16, 2025 8:21:57 PM webapp.storage.AbstractStorage save
INFO: &amp#27;[32mSave 489b0657-45da-467c-936c-ad6c4f616d67(uuid8180)
сент. 16, 2025 8:21:57 PM webapp.storage.AbstractStorage save
INFO: &amp#27;[32mSave 17fdf3cb-a9e4-46d5-a34c-63ae3f270a43(uuid8181)
сент. 16, 2025 8:21:57 PM webapp.storage.AbstractStorage save
INFO: &amp#27;[32mSave ffe7acff-95eb-4970-885e-99c0ae292820(uuid8182)
сент. 16, 2025 8:21:57 PM webapp.storage.AbstractStorage save
INFO: &amp#27;[32mSave 9a852148-ab7e-4e7a-975c-979dfb27ba24(uuid8183)
сент. 16, 2025 8:21:57 PM webapp.storage.AbstractStorage save
INFO: &amp#27;[32mSave 255164eb-20eb-428b-a30d-bd35d386187d(uuid8184)
сент. 16, 2025 8:21:57 PM webapp.storage.AbstractStorage save
INFO: &amp#27;[32mSave 4a5ce8f9-5ab9-4050-8dc2-243e300245bc(uuid8185)
сент. 16, 2025 8:21:57 PM webapp.storage.AbstractStorage save
INFO: &amp#27;[32mSave f9f2bbc7-86d8-411c-b9be-297d5b8cd9e5(uuid8186)
сент. 16, 2025 8:21:57 PM webapp.storage.AbstractStorage save
INFO: &amp#27;[32mSave a5ada2ff-f109-4c7b-9c14-a4aba4436d70(uuid8187)
сент. 16, 2025 8:21:57 PM webapp.storage.AbstractStorage save
INFO: &amp#27;[32mSave 84cb9142-ebc8-4109-83db-4808541a43bb(uuid8188)
сент. 16, 2025 8:21:57 PM webapp.storage.AbstractStorage save
INFO: &amp#27;[32mSave d8308bed-46c3-4fed-9e75-78e8de6567d0(uuid8189)
сент. 16, 2025 8:21:57 PM webapp.storage.AbstractStorage save
INFO: &amp#27;[32mSave 6363f822-fd20-4fc7-ac2f-78c812911c3a(uuid8190)
сент. 16, 2025 8:21:57 PM webapp.storage.AbstractStorage save
INFO: &amp#27;[32mSave 3abcd4fe-8210-49af-8c2a-8f7e725b7626(uuid8191)
сент. 16, 2025 8:21:57 PM webapp.storage.AbstractStorage save
INFO: &amp#27;[32mSave d96b30c2-7540-4c56-ab03-ba0decd779a6(uuid8192)
сент. 16, 2025 8:21:57 PM webapp.storage.AbstractStorage save
INFO: &amp#27;[32mSave 8322dfa6-016b-47cc-8c46-c70a529c0023(uuid8193)
сент. 16, 2025 8:21:57 PM webapp.storage.AbstractStorage save
INFO: &amp#27;[32mSave f5c6fc83-943a-4b8c-a086-0282ab108400(uuid8194)
сент. 16, 2025 8:21:57 PM webapp.storage.AbstractStorage save
INFO: &amp#27;[32mSave 55af7927-0984-420e-b8c4-257871c06f78(uuid8195)
сент. 16, 2025 8:21:57 PM webapp.storage.AbstractStorage save
INFO: &amp#27;[32mSave 6541eaee-c9e5-4418-b30f-c258d6902136(uuid8196)
сент. 16, 2025 8:21:57 PM webapp.storage.AbstractStorage save
INFO: &amp#27;[32mSave 7a61624a-d2af-4acc-a9ba-54d3d14be76e(uuid8197)
сент. 16, 2025 8:21:57 PM webapp.storage.AbstractStorage save
INFO: &amp#27;[32mSave 1b7c35e2-549c-4f43-b226-cb721a8a5e1d(uuid8198)
сент. 16, 2025 8:21:57 PM webapp.storage.AbstractStorage save
INFO: &amp#27;[32mSave 497ffbb8-c07b-440b-92fd-868f7aa468ab(uuid8199)
сент. 16, 2025 8:21:57 PM webapp.storage.AbstractStorage save
INFO: &amp#27;[32mSave f63f8e5d-f7e7-4a07-9984-5a91afc6e40f(uuid8200)
сент. 16, 2025 8:21:57 PM webapp.storage.AbstractStorage save
INFO: &amp#27;[32mSave e9b4ae6a-74d2-4d4f-bb8e-717b59fd5ba6(uuid8201)
сент. 16, 2025 8:21:57 PM webapp.storage.AbstractStorage save
INFO: &amp#27;[32mSave 4766c9bb-2e99-4b3e-b2bf-54dbdcbfc8fe(uuid8202)
сент. 16, 2025 8:21:57 PM webapp.storage.AbstractStorage save
INFO: &amp#27;[32mSave d6b21342-8e67-4bc8-8e79-a293526f81c3(uuid8203)
сент. 16, 2025 8:21:57 PM webapp.storage.AbstractStorage save
INFO: &amp#27;[32mSave 5474f3bb-7a0c-462a-a383-6d98c209d092(uuid8204)
сент. 16, 2025 8:21:57 PM webapp.storage.AbstractStorage save
INFO: &amp#27;[32mSave 37dec7ec-d81e-425c-ba96-6d92de4f6b4b(uuid8205)
сент. 16, 2025 8:21:57 PM webapp.storage.AbstractStorage save
INFO: &amp#27;[32mSave 0e281579-599a-4325-aa9e-2962fc528fed(uuid8206)
сент. 16, 2025 8:21:57 PM webapp.storage.AbstractStorage save
INFO: &amp#27;[32mSave 91bff8f8-1c79-42ee-ac66-fc0faf6f7844(uuid8207)
сент. 16, 2025 8:21:57 PM webapp.storage.AbstractStorage save
INFO: &amp#27;[32mSave 969dee98-19d8-400d-96d1-861ad7e8388b(uuid8208)
сент. 16, 2025 8:21:57 PM webapp.storage.AbstractStorage save
INFO: &amp#27;[32mSave 406b706c-b1f6-42ca-9f59-2b3d65179a13(uuid8209)
сент. 16, 2025 8:21:57 PM webapp.storage.AbstractStorage save
INFO: &amp#27;[32mSave 163fcff0-c653-4af2-9575-8f8ab300a785(uuid8210)
сент. 16, 2025 8:21:57 PM webapp.storage.AbstractStorage save
INFO: &amp#27;[32mSave e954d954-3d52-440d-b885-a0955b17536f(uuid8211)
сент. 16, 2025 8:21:57 PM webapp.storage.AbstractStorage save
INFO: &amp#27;[32mSave 26b1dc26-dc0d-4d91-b724-e6440f1539f5(uuid8212)
сент. 16, 2025 8:21:57 PM webapp.storage.AbstractStorage save
INFO: &amp#27;[32mSave add25c28-c6a5-40f0-a993-e3a50bcfc06d(uuid8213)
сент. 16, 2025 8:21:57 PM webapp.storage.AbstractStorage save
INFO: &amp#27;[32mSave 3b363170-ad8a-4a1d-ad3f-608810134343(uuid8214)
сент. 16, 2025 8:21:57 PM webapp.storage.AbstractStorage save
INFO: &amp#27;[32mSave a0124463-afff-492d-a760-d76ad00ed01e(uuid8215)
сент. 16, 2025 8:21:57 PM webapp.storage.AbstractStorage save
INFO: &amp#27;[32mSave 426a41c7-578c-4548-9563-28f716ace8b4(uuid8216)
сент. 16, 2025 8:21:57 PM webapp.storage.AbstractStorage save
INFO: &amp#27;[32mSave 93a3c710-a3d8-4f8d-a813-ab915bd8dc05(uuid8217)
сент. 16, 2025 8:21:57 PM webapp.storage.AbstractStorage save
INFO: &amp#27;[32mSave 763218f0-f793-4b89-94b5-51aedac23630(uuid8218)
сент. 16, 2025 8:21:57 PM webapp.storage.AbstractStorage save
INFO: &amp#27;[32mSave 470af399-9bb9-41f4-b2e1-a5035422a0f1(uuid8219)
сент. 16, 2025 8:21:57 PM webapp.storage.AbstractStorage save
INFO: &amp#27;[32mSave d17c9a95-f667-42e5-a840-6bfe12e293f2(uuid8220)
сент. 16, 2025 8:21:57 PM webapp.storage.AbstractStorage save
INFO: &amp#27;[32mSave f5364f60-94dc-4bc0-aa99-3f2c8b4c656e(uuid8221)
сент. 16, 2025 8:21:57 PM webapp.storage.AbstractStorage save
INFO: &amp#27;[32mSave 07dfebfb-a8b8-44a4-84d8-896028b19bcd(uuid8222)
сент. 16, 2025 8:21:57 PM webapp.storage.AbstractStorage save
INFO: &amp#27;[32mSave 4a715831-4acf-459b-8263-ee8aa6eacf63(uuid8223)
сент. 16, 2025 8:21:57 PM webapp.storage.AbstractStorage save
INFO: &amp#27;[32mSave cd3cfff5-7f7a-4fe6-b26b-8035b8fe2fd3(uuid8224)
сент. 16, 2025 8:21:57 PM webapp.storage.AbstractStorage save
INFO: &amp#27;[32mSave 4a72dd47-c4a9-403d-b69d-04a6ed6720fc(uuid8225)
сент. 16, 2025 8:21:57 PM webapp.storage.AbstractStorage save
INFO: &amp#27;[32mSave 0d00b1a5-0305-4097-b088-af502def8523(uuid8226)
сент. 16, 2025 8:21:57 PM webapp.storage.AbstractStorage save
INFO: &amp#27;[32mSave 78c8e7f9-da31-4a27-82f7-9432b1ed7f96(uuid8227)
сент. 16, 2025 8:21:57 PM webapp.storage.AbstractStorage save
INFO: &amp#27;[32mSave 9ef07a87-af13-452e-9cb2-b1871c9f7d72(uuid8228)
сент. 16, 2025 8:21:57 PM webapp.storage.AbstractStorage save
INFO: &amp#27;[32mSave a80f825d-b7e0-4307-bcf1-85b1b907644d(uuid8229)
сент. 16, 2025 8:21:57 PM webapp.storage.AbstractStorage save
INFO: &amp#27;[32mSave cc315506-d9ef-4303-85f5-0326470eb2be(uuid8230)
сент. 16, 2025 8:21:57 PM webapp.storage.AbstractStorage save
INFO: &amp#27;[32mSave 381c0574-cfb0-48eb-9326-84920e81479b(uuid8231)
сент. 16, 2025 8:21:57 PM webapp.storage.AbstractStorage save
INFO: &amp#27;[32mSave fd6b00ca-041a-46dd-b6ed-66898f8a1721(uuid8232)
сент. 16, 2025 8:21:57 PM webapp.storage.AbstractStorage save
INFO: &amp#27;[32mSave 52a4187b-98d7-4a12-aa6d-adb4a797ffac(uuid8233)
сент. 16, 2025 8:21:57 PM webapp.storage.AbstractStorage save
INFO: &amp#27;[32mSave 99ebe230-72a3-4c14-8bae-4de5837fa404(uuid8234)
сент. 16, 2025 8:21:57 PM webapp.storage.AbstractStorage save
INFO: &amp#27;[32mSave e5af36bb-784d-4f3a-8ae5-c87a13c17b28(uuid8235)
сент. 16, 2025 8:21:57 PM webapp.storage.AbstractStorage save
INFO: &amp#27;[32mSave e70321fc-518d-402c-b428-9660999d33a5(uuid8236)
сент. 16, 2025 8:21:57 PM webapp.storage.AbstractStorage save
INFO: &amp#27;[32mSave f78c9f7e-001e-42d3-8e19-5205d6c5c151(uuid8237)
сент. 16, 2025 8:21:57 PM webapp.storage.AbstractStorage save
INFO: &amp#27;[32mSave 962bc7e7-9449-49a6-94d0-9dedc0b7a6cc(uuid8238)
сент. 16, 2025 8:21:57 PM webapp.storage.AbstractStorage save
INFO: &amp#27;[32mSave 95108bde-4159-42e3-995a-30d0d8633a9c(uuid8239)
сент. 16, 2025 8:21:57 PM webapp.storage.AbstractStorage save
INFO: &amp#27;[32mSave 41918c45-4808-4c12-be19-7bf7107fa5e3(uuid8240)
сент. 16, 2025 8:21:57 PM webapp.storage.AbstractStorage save
INFO: &amp#27;[32mSave 9223cde7-882c-476d-8690-7c493d699854(uuid8241)
сент. 16, 2025 8:21:57 PM webapp.storage.AbstractStorage save
INFO: &amp#27;[32mSave 268b9122-d164-4c30-a130-1fafb0ff74dc(uuid8242)
сент. 16, 2025 8:21:57 PM webapp.storage.AbstractStorage save
INFO: &amp#27;[32mSave c7a5d54f-2f02-405d-bf37-81009bbd828e(uuid8243)
сент. 16, 2025 8:21:57 PM webapp.storage.AbstractStorage save
INFO: &amp#27;[32mSave 3b71270f-b59d-4717-b7ce-4a3c01540be2(uuid8244)
сент. 16, 2025 8:21:57 PM webapp.storage.AbstractStorage save
INFO: &amp#27;[32mSave aac74209-1c16-41d7-9f86-399c0a538bfa(uuid8245)
сент. 16, 2025 8:21:57 PM webapp.storage.AbstractStorage save
INFO: &amp#27;[32mSave f1dd4e1a-541e-4e8c-b0a2-711b1646c065(uuid8246)
сент. 16, 2025 8:21:57 PM webapp.storage.AbstractStorage save
INFO: &amp#27;[32mSave d496a496-3631-4507-bf33-a590cfd7538e(uuid8247)
сент. 16, 2025 8:21:57 PM webapp.storage.AbstractStorage save
INFO: &amp#27;[32mSave d706e8d7-cff4-4851-b05e-52a66a518ad2(uuid8248)
сент. 16, 2025 8:21:57 PM webapp.storage.AbstractStorage save
INFO: &amp#27;[32mSave fe3ba6d4-0d90-45e8-96e2-8da4a1c375e3(uuid8249)
сент. 16, 2025 8:21:57 PM webapp.storage.AbstractStorage save
INFO: &amp#27;[32mSave f14321b8-20b8-4b8d-bf40-032950a8a2c6(uuid8250)
сент. 16, 2025 8:21:57 PM webapp.storage.AbstractStorage save
INFO: &amp#27;[32mSave b3d92968-6f08-49b6-a780-5d4e6ab35f7b(uuid8251)
сент. 16, 2025 8:21:57 PM webapp.storage.AbstractStorage save
INFO: &amp#27;[32mSave 77d3ea91-484c-47a7-baf5-fc8b77622ddb(uuid8252)
сент. 16, 2025 8:21:57 PM webapp.storage.AbstractStorage save
INFO: &amp#27;[32mSave 156f87d1-941c-4796-87b9-1ae257e2fbca(uuid8253)
сент. 16, 2025 8:21:57 PM webapp.storage.AbstractStorage save
INFO: &amp#27;[32mSave 86164be0-eb53-45ca-b231-e06f2a80bc61(uuid8254)
сент. 16, 2025 8:21:57 PM webapp.storage.AbstractStorage save
INFO: &amp#27;[32mSave 5801d46e-9abf-4f18-8190-6de39c36e998(uuid8255)
сент. 16, 2025 8:21:57 PM webapp.storage.AbstractStorage save
INFO: &amp#27;[32mSave 4fa89c02-9e9c-40fc-8603-c830494c6dc8(uuid8256)
сент. 16, 2025 8:21:57 PM webapp.storage.AbstractStorage save
INFO: &amp#27;[32mSave f79ed129-5eda-41ef-b71a-f4680d97e9f4(uuid8257)
сент. 16, 2025 8:21:57 PM webapp.storage.AbstractStorage save
INFO: &amp#27;[32mSave cebf0cb8-6654-41cc-b452-da82011eeea1(uuid8258)
сент. 16, 2025 8:21:57 PM webapp.storage.AbstractStorage save
INFO: &amp#27;[32mSave e70ede32-02bc-43f9-bde2-6ae398140c31(uuid8259)
сент. 16, 2025 8:21:57 PM webapp.storage.AbstractStorage save
INFO: &amp#27;[32mSave cecebce3-eb25-4048-81f1-7dfc971897c5(uuid8260)
сент. 16, 2025 8:21:57 PM webapp.storage.AbstractStorage save
INFO: &amp#27;[32mSave cd35eccb-32ea-4599-8dca-9157b4f645dc(uuid8261)
сент. 16, 2025 8:21:57 PM webapp.storage.AbstractStorage save
INFO: &amp#27;[32mSave 8855121e-bb96-470a-ab88-6d4848884ff7(uuid8262)
сент. 16, 2025 8:21:57 PM webapp.storage.AbstractStorage save
INFO: &amp#27;[32mSave 2722f144-b461-4369-9889-296e33ad4cbd(uuid8263)
сент. 16, 2025 8:21:57 PM webapp.storage.AbstractStorage save
INFO: &amp#27;[32mSave 1213c418-fc6c-470a-b452-bef8a86a0a9a(uuid8264)
сент. 16, 2025 8:21:57 PM webapp.storage.AbstractStorage save
INFO: &amp#27;[32mSave 0f29590b-08f6-40e1-862b-dd5eaddf9b31(uuid8265)
сент. 16, 2025 8:21:57 PM webapp.storage.AbstractStorage save
INFO: &amp#27;[32mSave a6d832cb-3709-4b4a-984a-85d252d330ae(uuid8266)
сент. 16, 2025 8:21:57 PM webapp.storage.AbstractStorage save
INFO: &amp#27;[32mSave 220b344a-ba6e-45bd-8ad1-b38d396f8e5c(uuid8267)
сент. 16, 2025 8:21:57 PM webapp.storage.AbstractStorage save
INFO: &amp#27;[32mSave 00eab98a-2c9c-4535-b7d3-1237acc3c90a(uuid8268)
сент. 16, 2025 8:21:57 PM webapp.storage.AbstractStorage save
INFO: &amp#27;[32mSave 035526c7-8a69-4dfd-84d6-b89fe0f66add(uuid8269)
сент. 16, 2025 8:21:57 PM webapp.storage.AbstractStorage save
INFO: &amp#27;[32mSave fd286ad1-d702-4c36-982b-fe8492205144(uuid8270)
сент. 16, 2025 8:21:57 PM webapp.storage.AbstractStorage save
INFO: &amp#27;[32mSave 08064c72-7570-41d3-aaa3-ceeaf34d5d34(uuid8271)
сент. 16, 2025 8:21:57 PM webapp.storage.AbstractStorage save
INFO: &amp#27;[32mSave 438b59e6-8661-499d-979d-921e1f857ad5(uuid8272)
сент. 16, 2025 8:21:57 PM webapp.storage.AbstractStorage save
INFO: &amp#27;[32mSave ff66e2b0-dbf6-4101-b75d-e74cf4e93924(uuid8273)
сент. 16, 2025 8:21:57 PM webapp.storage.AbstractStorage save
INFO: &amp#27;[32mSave cce0e3c1-e25b-4a5a-8829-3a8059c998f6(uuid8274)
сент. 16, 2025 8:21:57 PM webapp.storage.AbstractStorage save
INFO: &amp#27;[32mSave 49bee699-2803-4603-9eec-53b93e226f7b(uuid8275)
сент. 16, 2025 8:21:57 PM webapp.storage.AbstractStorage save
INFO: &amp#27;[32mSave 8bdfa732-e5d5-4d36-a091-ee5ba939fa0e(uuid8276)
сент. 16, 2025 8:21:57 PM webapp.storage.AbstractStorage save
INFO: &amp#27;[32mSave d098b0d4-913a-49f0-8d3b-5e360f3bfb7c(uuid8277)
сент. 16, 2025 8:21:57 PM webapp.storage.AbstractStorage save
INFO: &amp#27;[32mSave c6bc93b7-19d3-42e3-b62f-86a660799732(uuid8278)
сент. 16, 2025 8:21:57 PM webapp.storage.AbstractStorage save
INFO: &amp#27;[32mSave 4f5c7494-3cef-4fd2-8c08-a2ab7208a13f(uuid8279)
сент. 16, 2025 8:21:57 PM webapp.storage.AbstractStorage save
INFO: &amp#27;[32mSave 4c072c92-4cfe-4563-9824-ad38fa5e6250(uuid8280)
сент. 16, 2025 8:21:57 PM webapp.storage.AbstractStorage save
INFO: &amp#27;[32mSave 34c3feef-5c42-4b0c-9596-bc82d091a4f1(uuid8281)
сент. 16, 2025 8:21:57 PM webapp.storage.AbstractStorage save
INFO: &amp#27;[32mSave 89c82802-c716-4f48-8d75-17c1eef03526(uuid8282)
сент. 16, 2025 8:21:57 PM webapp.storage.AbstractStorage save
INFO: &amp#27;[32mSave dbc0b779-6e63-436f-82b1-1b5ea12e0129(uuid8283)
сент. 16, 2025 8:21:57 PM webapp.storage.AbstractStorage save
INFO: &amp#27;[32mSave 5627ef87-e828-4f6b-aba2-5a0255ba72e0(uuid8284)
сент. 16, 2025 8:21:57 PM webapp.storage.AbstractStorage save
INFO: &amp#27;[32mSave 8ff70817-f7ad-4aa0-9e7d-787a79995784(uuid8285)
сент. 16, 2025 8:21:57 PM webapp.storage.AbstractStorage save
INFO: &amp#27;[32mSave 46631390-6c2e-4b36-a5ce-3e5e5a417038(uuid8286)
сент. 16, 2025 8:21:57 PM webapp.storage.AbstractStorage save
INFO: &amp#27;[32mSave 1e50b79e-f2ae-4a65-bcab-e58daf1368fb(uuid8287)
сент. 16, 2025 8:21:57 PM webapp.storage.AbstractStorage save
INFO: &amp#27;[32mSave 03dad883-73e1-42d8-87d6-3a2fa82f9b54(uuid8288)
сент. 16, 2025 8:21:57 PM webapp.storage.AbstractStorage save
INFO: &amp#27;[32mSave 7456cb68-b0ee-4fcc-b1fa-1bdf84ceb08d(uuid8289)
сент. 16, 2025 8:21:57 PM webapp.storage.AbstractStorage save
INFO: &amp#27;[32mSave d1fa3055-b4f1-4538-acc1-16805538dc44(uuid8290)
сент. 16, 2025 8:21:57 PM webapp.storage.AbstractStorage save
INFO: &amp#27;[32mSave 59b42fff-de05-4086-b922-5d2320a9fb13(uuid8291)
сент. 16, 2025 8:21:57 PM webapp.storage.AbstractStorage save
INFO: &amp#27;[32mSave 702886f6-fc21-4499-b0f0-54e3ac523da7(uuid8292)
сент. 16, 2025 8:21:57 PM webapp.storage.AbstractStorage save
INFO: &amp#27;[32mSave dc7a93e1-2190-489c-92bc-a1ee11031c9d(uuid8293)
сент. 16, 2025 8:21:57 PM webapp.storage.AbstractStorage save
INFO: &amp#27;[32mSave 6d4748b5-4a05-46fe-8e91-7d60d55165d7(uuid8294)
сент. 16, 2025 8:21:57 PM webapp.storage.AbstractStorage save
INFO: &amp#27;[32mSave ab4b838a-3b25-4ccf-9804-ef568264219d(uuid8295)
сент. 16, 2025 8:21:57 PM webapp.storage.AbstractStorage save
INFO: &amp#27;[32mSave c75989c0-f7d0-4fa6-8f16-412657f19aab(uuid8296)
сент. 16, 2025 8:21:57 PM webapp.storage.AbstractStorage save
INFO: &amp#27;[32mSave dea78d13-aac9-4b99-b9fd-20e7a9e5bc87(uuid8297)
сент. 16, 2025 8:21:57 PM webapp.storage.AbstractStorage save
INFO: &amp#27;[32mSave 06fa66f9-b1af-4a0d-813e-d6f15413a2c1(uuid8298)
сент. 16, 2025 8:21:57 PM webapp.storage.AbstractStorage save
INFO: &amp#27;[32mSave c7d1285a-5fef-466e-bd00-05ffa0dd25d9(uuid8299)
сент. 16, 2025 8:21:57 PM webapp.storage.AbstractStorage save
INFO: &amp#27;[32mSave 83f7efcb-0fd6-44ff-9504-03c4187134ed(uuid8300)
сент. 16, 2025 8:21:57 PM webapp.storage.AbstractStorage save
INFO: &amp#27;[32mSave 34bfb328-e724-4874-9471-5d4e5b948efa(uuid8301)
сент. 16, 2025 8:21:57 PM webapp.storage.AbstractStorage save
INFO: &amp#27;[32mSave 6335d98c-ccab-4cbb-99a7-a792d2f5dd01(uuid8302)
сент. 16, 2025 8:21:57 PM webapp.storage.AbstractStorage save
INFO: &amp#27;[32mSave b734f188-20bf-4474-9aa5-045dc934b477(uuid8303)
сент. 16, 2025 8:21:57 PM webapp.storage.AbstractStorage save
INFO: &amp#27;[32mSave 88cd1b82-63aa-4a91-839c-87cb987f2acd(uuid8304)
сент. 16, 2025 8:21:57 PM webapp.storage.AbstractStorage save
INFO: &amp#27;[32mSave 245c188d-99ce-4d6c-8464-ac9be3fb25be(uuid8305)
сент. 16, 2025 8:21:57 PM webapp.storage.AbstractStorage save
INFO: &amp#27;[32mSave 5d73f680-4b44-415e-811a-af49f2d0b874(uuid8306)
сент. 16, 2025 8:21:57 PM webapp.storage.AbstractStorage save
INFO: &amp#27;[32mSave eb6cc6fc-1158-48a5-bffb-afd7e80d7db3(uuid8307)
сент. 16, 2025 8:21:57 PM webapp.storage.AbstractStorage save
INFO: &amp#27;[32mSave 63c9b36a-58ad-4c8d-9bf7-eb73873e281d(uuid8308)
сент. 16, 2025 8:21:57 PM webapp.storage.AbstractStorage save
INFO: &amp#27;[32mSave 43d3331f-3186-467f-8b02-f5e40d7229fc(uuid8309)
сент. 16, 2025 8:21:57 PM webapp.storage.AbstractStorage save
INFO: &amp#27;[32mSave f4db2701-cadd-46f1-9e77-a623551b6376(uuid8310)
сент. 16, 2025 8:21:57 PM webapp.storage.AbstractStorage save
INFO: &amp#27;[32mSave f1e55ee1-617e-4a04-a469-509c8f170420(uuid8311)
сент. 16, 2025 8:21:57 PM webapp.storage.AbstractStorage save
INFO: &amp#27;[32mSave a2464357-ddde-4b42-b9e0-db737de826fc(uuid8312)
сент. 16, 2025 8:21:57 PM webapp.storage.AbstractStorage save
INFO: &amp#27;[32mSave 49782306-1fef-44dd-b4f2-388bb1c0caba(uuid8313)
сент. 16, 2025 8:21:57 PM webapp.storage.AbstractStorage save
INFO: &amp#27;[32mSave 0b07f297-399d-4f5a-8a31-f8ee328a36d5(uuid8314)
сент. 16, 2025 8:21:57 PM webapp.storage.AbstractStorage save
INFO: &amp#27;[32mSave c360a1c8-0c7c-4ccb-a091-67179978879b(uuid8315)
сент. 16, 2025 8:21:57 PM webapp.storage.AbstractStorage save
INFO: &amp#27;[32mSave 185110cd-c518-4880-8865-0d2e3f895547(uuid8316)
сент. 16, 2025 8:21:57 PM webapp.storage.AbstractStorage save
INFO: &amp#27;[32mSave e3bf5524-4ad6-4952-be54-1a25b94d9739(uuid8317)
сент. 16, 2025 8:21:57 PM webapp.storage.AbstractStorage save
INFO: &amp#27;[32mSave f5d0e16f-2c00-4ccd-b1b0-4744b37c47f4(uuid8318)
сент. 16, 2025 8:21:57 PM webapp.storage.AbstractStorage save
INFO: &amp#27;[32mSave b65e1c4f-2f19-426a-9cb0-18eb8be09823(uuid8319)
сент. 16, 2025 8:21:57 PM webapp.storage.AbstractStorage save
INFO: &amp#27;[32mSave 47ceb612-5771-43a4-80ac-2ae53dddb5b0(uuid8320)
сент. 16, 2025 8:21:57 PM webapp.storage.AbstractStorage save
INFO: &amp#27;[32mSave c928fee6-01de-46d5-96dc-9aff4157ff7b(uuid8321)
сент. 16, 2025 8:21:57 PM webapp.storage.AbstractStorage save
INFO: &amp#27;[32mSave 724bee3f-5a49-4271-94b0-85a050eda720(uuid8322)
сент. 16, 2025 8:21:57 PM webapp.storage.AbstractStorage save
INFO: &amp#27;[32mSave 638b3ea0-e7ba-42f6-8aa0-3f398a3ad32c(uuid8323)
сент. 16, 2025 8:21:57 PM webapp.storage.AbstractStorage save
INFO: &amp#27;[32mSave b47b8ed2-df65-4149-8b41-5af1357a542d(uuid8324)
сент. 16, 2025 8:21:57 PM webapp.storage.AbstractStorage save
INFO: &amp#27;[32mSave da310f3c-30a2-4078-b5a7-72c7b86e8434(uuid8325)
сент. 16, 2025 8:21:57 PM webapp.storage.AbstractStorage save
INFO: &amp#27;[32mSave 5091bd94-cd09-4cc0-ad86-7095de9d8bc5(uuid8326)
сент. 16, 2025 8:21:57 PM webapp.storage.AbstractStorage save
INFO: &amp#27;[32mSave cd961fbe-f581-4120-be70-1a2a0c6bb1ca(uuid8327)
сент. 16, 2025 8:21:57 PM webapp.storage.AbstractStorage save
INFO: &amp#27;[32mSave 6fe10cac-e2db-482a-a0bf-7f6a676c4488(uuid8328)
сент. 16, 2025 8:21:57 PM webapp.storage.AbstractStorage save
INFO: &amp#27;[32mSave a641ab00-04a3-4efd-8db9-eb4d54e34a21(uuid8329)
сент. 16, 2025 8:21:57 PM webapp.storage.AbstractStorage save
INFO: &amp#27;[32mSave 5e54b8f5-bb6b-4218-82fb-3fdeac899a0f(uuid8330)
сент. 16, 2025 8:21:57 PM webapp.storage.AbstractStorage save
INFO: &amp#27;[32mSave 9284452e-0f54-4778-9cc5-6b01fcd1953b(uuid8331)
сент. 16, 2025 8:21:57 PM webapp.storage.AbstractStorage save
INFO: &amp#27;[32mSave b76f3953-e977-451e-85f2-3eabf664bf5a(uuid8332)
сент. 16, 2025 8:21:57 PM webapp.storage.AbstractStorage save
INFO: &amp#27;[32mSave f0f759dc-a5b9-43c8-87d5-611c55064d94(uuid8333)
сент. 16, 2025 8:21:57 PM webapp.storage.AbstractStorage save
INFO: &amp#27;[32mSave 99f26669-4eaf-4614-97fb-ba84902046a5(uuid8334)
сент. 16, 2025 8:21:57 PM webapp.storage.AbstractStorage save
INFO: &amp#27;[32mSave 22cd3fdc-6d49-4ac7-b3bd-c9896212894a(uuid8335)
сент. 16, 2025 8:21:57 PM webapp.storage.AbstractStorage save
INFO: &amp#27;[32mSave b2b961f8-4a7d-4afb-a119-f9e2b3d7b421(uuid8336)
сент. 16, 2025 8:21:57 PM webapp.storage.AbstractStorage save
INFO: &amp#27;[32mSave a87dbb25-4096-428a-b084-f69166741e0b(uuid8337)
сент. 16, 2025 8:21:57 PM webapp.storage.AbstractStorage save
INFO: &amp#27;[32mSave 6c0bb42e-5d9b-46e6-b85e-bdaf2e759d85(uuid8338)
сент. 16, 2025 8:21:57 PM webapp.storage.AbstractStorage save
INFO: &amp#27;[32mSave 83656f5f-11be-4084-b882-38393b40462a(uuid8339)
сент. 16, 2025 8:21:57 PM webapp.storage.AbstractStorage save
INFO: &amp#27;[32mSave 8ee3e1d9-1006-4b75-aa99-5639234be9c5(uuid8340)
сент. 16, 2025 8:21:57 PM webapp.storage.AbstractStorage save
INFO: &amp#27;[32mSave 2807d1bc-a33f-4bc7-a953-a78cad922a6d(uuid8341)
сент. 16, 2025 8:21:57 PM webapp.storage.AbstractStorage save
INFO: &amp#27;[32mSave 9668586d-0bb6-4f02-8e21-b22cd39b3e26(uuid8342)
сент. 16, 2025 8:21:57 PM webapp.storage.AbstractStorage save
INFO: &amp#27;[32mSave b0ed3c2b-da70-458b-b7ee-1d4a071fc4a0(uuid8343)
сент. 16, 2025 8:21:57 PM webapp.storage.AbstractStorage save
INFO: &amp#27;[32mSave dfa6c388-7a0c-4e59-8e0d-d714a591e2a9(uuid8344)
сент. 16, 2025 8:21:57 PM webapp.storage.AbstractStorage save
INFO: &amp#27;[32mSave 4c73fccc-cab4-4a01-89fa-8bd6fb890daf(uuid8345)
сент. 16, 2025 8:21:57 PM webapp.storage.AbstractStorage save
INFO: &amp#27;[32mSave 9bfc8278-81eb-43e7-a5e6-c212f118792c(uuid8346)
сент. 16, 2025 8:21:57 PM webapp.storage.AbstractStorage save
INFO: &amp#27;[32mSave f7a770a0-c297-4cc8-8e2d-f1e29ee68db7(uuid8347)
сент. 16, 2025 8:21:57 PM webapp.storage.AbstractStorage save
INFO: &amp#27;[32mSave 47a9f095-54d8-4880-bfa4-e22f9555d95c(uuid8348)
сент. 16, 2025 8:21:57 PM webapp.storage.AbstractStorage save
INFO: &amp#27;[32mSave acc8ff54-2227-4d76-a321-a7c05f195ac5(uuid8349)
сент. 16, 2025 8:21:57 PM webapp.storage.AbstractStorage save
INFO: &amp#27;[32mSave dd04c905-b09c-477c-a783-62c80e57af72(uuid8350)
сент. 16, 2025 8:21:57 PM webapp.storage.AbstractStorage save
INFO: &amp#27;[32mSave 26d57632-d927-4623-8a4a-f6bd399ce3ce(uuid8351)
сент. 16, 2025 8:21:57 PM webapp.storage.AbstractStorage save
INFO: &amp#27;[32mSave 92f6d083-7440-4870-82bb-4976dca47cf9(uuid8352)
сент. 16, 2025 8:21:57 PM webapp.storage.AbstractStorage save
INFO: &amp#27;[32mSave da14f768-4760-40d4-b3eb-c07ff16224da(uuid8353)
сент. 16, 2025 8:21:57 PM webapp.storage.AbstractStorage save
INFO: &amp#27;[32mSave 0325b953-c481-461d-bf88-737390394ab4(uuid8354)
сент. 16, 2025 8:21:57 PM webapp.storage.AbstractStorage save
INFO: &amp#27;[32mSave 3fdc9a1d-76c9-4592-91ca-317e5d3113c4(uuid8355)
сент. 16, 2025 8:21:57 PM webapp.storage.AbstractStorage save
INFO: &amp#27;[32mSave f06b5483-2f4a-42f8-875c-13d598941b37(uuid8356)
сент. 16, 2025 8:21:57 PM webapp.storage.AbstractStorage save
INFO: &amp#27;[32mSave b380493c-d2a4-4753-bb21-be4ddf81a936(uuid8357)
сент. 16, 2025 8:21:57 PM webapp.storage.AbstractStorage save
INFO: &amp#27;[32mSave 88f4f012-2213-49f5-b003-cb5b95ba1ca8(uuid8358)
сент. 16, 2025 8:21:57 PM webapp.storage.AbstractStorage save
INFO: &amp#27;[32mSave 7d1e3fca-9e44-43e6-9311-d746a227170a(uuid8359)
сент. 16, 2025 8:21:57 PM webapp.storage.AbstractStorage save
INFO: &amp#27;[32mSave 90a23654-caed-4c95-94a4-2064cce8e8ae(uuid8360)
сент. 16, 2025 8:21:57 PM webapp.storage.AbstractStorage save
INFO: &amp#27;[32mSave 45074e8c-d711-450e-aff3-12bbb8bd765e(uuid8361)
сент. 16, 2025 8:21:57 PM webapp.storage.AbstractStorage save
INFO: &amp#27;[32mSave 4aba11d9-2ee8-4103-bb2e-c2933b2ace16(uuid8362)
сент. 16, 2025 8:21:57 PM webapp.storage.AbstractStorage save
INFO: &amp#27;[32mSave 0be5f93a-4706-47d6-8c93-6534d06ac3a2(uuid8363)
сент. 16, 2025 8:21:57 PM webapp.storage.AbstractStorage save
INFO: &amp#27;[32mSave 2e4ae4be-4c45-4556-a3a3-b57026a2321f(uuid8364)
сент. 16, 2025 8:21:57 PM webapp.storage.AbstractStorage save
INFO: &amp#27;[32mSave da804767-0c45-4fa1-ad8f-e88a78631997(uuid8365)
сент. 16, 2025 8:21:57 PM webapp.storage.AbstractStorage save
INFO: &amp#27;[32mSave f9615036-53eb-4710-b536-5e68613faab1(uuid8366)
сент. 16, 2025 8:21:57 PM webapp.storage.AbstractStorage save
INFO: &amp#27;[32mSave 70c18748-0a92-489f-a546-2153ddd7c6de(uuid8367)
сент. 16, 2025 8:21:57 PM webapp.storage.AbstractStorage save
INFO: &amp#27;[32mSave f6be3951-a40c-400d-b4ae-ab4f85404b81(uuid8368)
сент. 16, 2025 8:21:57 PM webapp.storage.AbstractStorage save
INFO: &amp#27;[32mSave 37bc6bd1-dd30-47bc-99ca-4c52f44d31be(uuid8369)
сент. 16, 2025 8:21:57 PM webapp.storage.AbstractStorage save
INFO: &amp#27;[32mSave b480cde0-a27c-4c86-9784-88869cacaf3a(uuid8370)
сент. 16, 2025 8:21:57 PM webapp.storage.AbstractStorage save
INFO: &amp#27;[32mSave dc17eba1-74c8-4944-9acd-eb95a5588fce(uuid8371)
сент. 16, 2025 8:21:57 PM webapp.storage.AbstractStorage save
INFO: &amp#27;[32mSave 1a8d1a84-da30-4a60-8760-31b10f7d0b13(uuid8372)
сент. 16, 2025 8:21:57 PM webapp.storage.AbstractStorage save
INFO: &amp#27;[32mSave e1dd0280-8a22-4f3e-b9fd-0deb55a08921(uuid8373)
сент. 16, 2025 8:21:57 PM webapp.storage.AbstractStorage save
INFO: &amp#27;[32mSave c5192955-e527-400c-b99b-ed54e995cf1b(uuid8374)
сент. 16, 2025 8:21:57 PM webapp.storage.AbstractStorage save
INFO: &amp#27;[32mSave 3f6d847c-048d-4933-adf5-fb47dabe1ab7(uuid8375)
сент. 16, 2025 8:21:57 PM webapp.storage.AbstractStorage save
INFO: &amp#27;[32mSave 8c1d1674-6e2d-4d9b-a36d-7fa175ba95b0(uuid8376)
сент. 16, 2025 8:21:57 PM webapp.storage.AbstractStorage save
INFO: &amp#27;[32mSave c0154db6-1d1a-43c7-bef2-cdb8cd7ae395(uuid8377)
сент. 16, 2025 8:21:57 PM webapp.storage.AbstractStorage save
INFO: &amp#27;[32mSave fc9d451d-c4d5-45a9-aada-f87768d70669(uuid8378)
сент. 16, 2025 8:21:57 PM webapp.storage.AbstractStorage save
INFO: &amp#27;[32mSave b04ac873-fd2d-4876-8fcd-fe07fdff1fdf(uuid8379)
сент. 16, 2025 8:21:57 PM webapp.storage.AbstractStorage save
INFO: &amp#27;[32mSave e37b33e8-eb6f-4eda-965a-40ad603c124e(uuid8380)
сент. 16, 2025 8:21:57 PM webapp.storage.AbstractStorage save
INFO: &amp#27;[32mSave 60ed49a0-78f5-446c-bcaf-ccaa36b82a12(uuid8381)
сент. 16, 2025 8:21:57 PM webapp.storage.AbstractStorage save
INFO: &amp#27;[32mSave caa7f4ad-e588-46d9-9f83-ca21fbc71d8b(uuid8382)
сент. 16, 2025 8:21:57 PM webapp.storage.AbstractStorage save
INFO: &amp#27;[32mSave c44c5423-7322-47a5-9da3-ce455d871810(uuid8383)
сент. 16, 2025 8:21:57 PM webapp.storage.AbstractStorage save
INFO: &amp#27;[32mSave 2279b8b5-d427-4f92-8a0b-05b2c50e0e94(uuid8384)
сент. 16, 2025 8:21:57 PM webapp.storage.AbstractStorage save
INFO: &amp#27;[32mSave ffbd8661-4b8f-4240-ab99-ac0a6caa48e7(uuid8385)
сент. 16, 2025 8:21:57 PM webapp.storage.AbstractStorage save
INFO: &amp#27;[32mSave eafac6bb-32f9-4942-aef0-dad195aab2d7(uuid8386)
сент. 16, 2025 8:21:57 PM webapp.storage.AbstractStorage save
INFO: &amp#27;[32mSave 076050e9-5ec0-4647-81b1-7e2eb6dcc6e4(uuid8387)
сент. 16, 2025 8:21:57 PM webapp.storage.AbstractStorage save
INFO: &amp#27;[32mSave d25ab8f3-a937-40cf-8d1e-8595414e4189(uuid8388)
сент. 16, 2025 8:21:57 PM webapp.storage.AbstractStorage save
INFO: &amp#27;[32mSave 2e20e3e7-ed86-4c22-bec7-ca3c36310745(uuid8389)
сент. 16, 2025 8:21:57 PM webapp.storage.AbstractStorage save
INFO: &amp#27;[32mSave 4a1d82f6-6fa8-4960-a08d-415ce21e3497(uuid8390)
сент. 16, 2025 8:21:57 PM webapp.storage.AbstractStorage save
INFO: &amp#27;[32mSave 3843e28c-eb42-40b1-88a5-891cd7620575(uuid8391)
сент. 16, 2025 8:21:57 PM webapp.storage.AbstractStorage save
INFO: &amp#27;[32mSave 4771b598-0064-4be7-971d-0a54a79e67f8(uuid8392)
сент. 16, 2025 8:21:57 PM webapp.storage.AbstractStorage save
INFO: &amp#27;[32mSave c2752b80-76c4-456d-a4ea-12f7a138cd81(uuid8393)
сент. 16, 2025 8:21:57 PM webapp.storage.AbstractStorage save
INFO: &amp#27;[32mSave c6f1c353-1805-4ea6-9ac7-5a570acd8b21(uuid8394)
сент. 16, 2025 8:21:57 PM webapp.storage.AbstractStorage save
INFO: &amp#27;[32mSave d392c13b-1d1d-444d-a82b-2fcc801e286d(uuid8395)
сент. 16, 2025 8:21:57 PM webapp.storage.AbstractStorage save
INFO: &amp#27;[32mSave 34871398-4c0e-4e8d-9a7e-3d33008dcf5b(uuid8396)
сент. 16, 2025 8:21:57 PM webapp.storage.AbstractStorage save
INFO: &amp#27;[32mSave 3e58ceaa-4b8e-44b7-8bd0-ff3cae9c1e04(uuid8397)
сент. 16, 2025 8:21:57 PM webapp.storage.AbstractStorage save
INFO: &amp#27;[32mSave d0fb3a8d-00ac-4fb7-a12d-f6562e3fabe4(uuid8398)
сент. 16, 2025 8:21:57 PM webapp.storage.AbstractStorage save
INFO: &amp#27;[32mSave caf257c7-ad04-4860-96d4-147134e3ac46(uuid8399)
сент. 16, 2025 8:21:57 PM webapp.storage.AbstractStorage save
INFO: &amp#27;[32mSave 00b3bca1-dcb3-411c-b97b-1ec05088602e(uuid8400)
сент. 16, 2025 8:21:57 PM webapp.storage.AbstractStorage save
INFO: &amp#27;[32mSave e885dde2-a62a-4ff8-87f5-b5fa6071cae8(uuid8401)
сент. 16, 2025 8:21:57 PM webapp.storage.AbstractStorage save
INFO: &amp#27;[32mSave 3f3a70ea-bcaa-4567-abc1-e72466183853(uuid8402)
сент. 16, 2025 8:21:57 PM webapp.storage.AbstractStorage save
INFO: &amp#27;[32mSave 70c820c8-2718-4f61-8b9c-0b9d64c32b62(uuid8403)
сент. 16, 2025 8:21:57 PM webapp.storage.AbstractStorage save
INFO: &amp#27;[32mSave 653a4cc8-cd47-4a46-920d-a842f30cdfef(uuid8404)
сент. 16, 2025 8:21:57 PM webapp.storage.AbstractStorage save
INFO: &amp#27;[32mSave 5afd19e1-159f-4235-8b61-3c3846a07062(uuid8405)
сент. 16, 2025 8:21:57 PM webapp.storage.AbstractStorage save
INFO: &amp#27;[32mSave 3859cf72-da14-45a5-89bc-b7f8f0b92715(uuid8406)
сент. 16, 2025 8:21:57 PM webapp.storage.AbstractStorage save
INFO: &amp#27;[32mSave 2674665f-30e3-42ce-8bf5-54d95edba76b(uuid8407)
сент. 16, 2025 8:21:57 PM webapp.storage.AbstractStorage save
INFO: &amp#27;[32mSave f136261e-3a47-4711-b26d-c2043f56815c(uuid8408)
сент. 16, 2025 8:21:57 PM webapp.storage.AbstractStorage save
INFO: &amp#27;[32mSave a636ef83-6f25-4d16-982a-75e31884393d(uuid8409)
сент. 16, 2025 8:21:57 PM webapp.storage.AbstractStorage save
INFO: &amp#27;[32mSave b08ed780-3414-43f4-89dd-6f907b402839(uuid8410)
сент. 16, 2025 8:21:57 PM webapp.storage.AbstractStorage save
INFO: &amp#27;[32mSave c2d12c98-80e7-4caf-ad6e-18554723e4fc(uuid8411)
сент. 16, 2025 8:21:57 PM webapp.storage.AbstractStorage save
INFO: &amp#27;[32mSave fadf3d81-5e70-4c85-a242-7689d19047a5(uuid8412)
сент. 16, 2025 8:21:57 PM webapp.storage.AbstractStorage save
INFO: &amp#27;[32mSave d650c1d6-4094-46c0-bd9a-6416a9d62a55(uuid8413)
сент. 16, 2025 8:21:57 PM webapp.storage.AbstractStorage save
INFO: &amp#27;[32mSave 5fa5b695-d3c3-4bac-a630-57567e6afb17(uuid8414)
сент. 16, 2025 8:21:57 PM webapp.storage.AbstractStorage save
INFO: &amp#27;[32mSave 2444ef2a-eedc-49a9-844a-fbb4bace87bd(uuid8415)
сент. 16, 2025 8:21:57 PM webapp.storage.AbstractStorage save
INFO: &amp#27;[32mSave 4a77013e-65f1-476d-9cae-2af22c7ec0c6(uuid8416)
сент. 16, 2025 8:21:57 PM webapp.storage.AbstractStorage save
INFO: &amp#27;[32mSave f167ba10-df78-441a-bafd-8f160e9f41fb(uuid8417)
сент. 16, 2025 8:21:57 PM webapp.storage.AbstractStorage save
INFO: &amp#27;[32mSave 2b3bda14-4c68-45a3-b31f-3d746d50fa08(uuid8418)
сент. 16, 2025 8:21:57 PM webapp.storage.AbstractStorage save
INFO: &amp#27;[32mSave 79c3b0d5-026a-4c82-a266-6d3b6abbb469(uuid8419)
сент. 16, 2025 8:21:57 PM webapp.storage.AbstractStorage save
INFO: &amp#27;[32mSave 752636b7-6ea1-4415-a45d-d5caf147d9c9(uuid8420)
сент. 16, 2025 8:21:57 PM webapp.storage.AbstractStorage save
INFO: &amp#27;[32mSave 19e60118-f716-44c4-be5c-47c7bff8f2cf(uuid8421)
сент. 16, 2025 8:21:57 PM webapp.storage.AbstractStorage save
INFO: &amp#27;[32mSave c0da2467-5df2-429e-aabd-8852c9c9aa53(uuid8422)
сент. 16, 2025 8:21:57 PM webapp.storage.AbstractStorage save
INFO: &amp#27;[32mSave 9a5082bc-0933-4cce-aeb7-5bc0460b7feb(uuid8423)
сент. 16, 2025 8:21:57 PM webapp.storage.AbstractStorage save
INFO: &amp#27;[32mSave fe83b857-cd65-4355-bd53-6e4900130f41(uuid8424)
сент. 16, 2025 8:21:57 PM webapp.storage.AbstractStorage save
INFO: &amp#27;[32mSave 41a068fd-1639-4993-8117-e50700900d7d(uuid8425)
сент. 16, 2025 8:21:57 PM webapp.storage.AbstractStorage save
INFO: &amp#27;[32mSave d53b9078-a5fe-4def-9a6d-c706b04e6727(uuid8426)
сент. 16, 2025 8:21:57 PM webapp.storage.AbstractStorage save
INFO: &amp#27;[32mSave a190644b-e08e-44e6-8637-2e85d802b851(uuid8427)
сент. 16, 2025 8:21:57 PM webapp.storage.AbstractStorage save
INFO: &amp#27;[32mSave f2c8dbd7-abd8-4621-b8d8-51e29e91f2c1(uuid8428)
сент. 16, 2025 8:21:57 PM webapp.storage.AbstractStorage save
INFO: &amp#27;[32mSave 0a5f0bf1-f24e-411b-a714-4d6b9990cf43(uuid8429)
сент. 16, 2025 8:21:57 PM webapp.storage.AbstractStorage save
INFO: &amp#27;[32mSave bb52e8c5-ac83-4863-be41-4561cbbebba7(uuid8430)
сент. 16, 2025 8:21:57 PM webapp.storage.AbstractStorage save
INFO: &amp#27;[32mSave 8a55a5fe-960f-4fb0-9f3b-8c8b13353ce6(uuid8431)
сент. 16, 2025 8:21:57 PM webapp.storage.AbstractStorage save
INFO: &amp#27;[32mSave ed62fe41-92d3-4f0b-a930-3afb60d0a7e2(uuid8432)
сент. 16, 2025 8:21:57 PM webapp.storage.AbstractStorage save
INFO: &amp#27;[32mSave 632cd1ef-f5cf-4a67-975b-d0124654414b(uuid8433)
сент. 16, 2025 8:21:57 PM webapp.storage.AbstractStorage save
INFO: &amp#27;[32mSave 49a1ffb0-95cd-460c-8b56-2811ace9a18e(uuid8434)
сент. 16, 2025 8:21:57 PM webapp.storage.AbstractStorage save
INFO: &amp#27;[32mSave 298c340a-3c36-4739-a295-f536bfe4360d(uuid8435)
сент. 16, 2025 8:21:57 PM webapp.storage.AbstractStorage save
INFO: &amp#27;[32mSave e0f94adc-a72e-411b-9ff4-0781baa45cc8(uuid8436)
сент. 16, 2025 8:21:57 PM webapp.storage.AbstractStorage save
INFO: &amp#27;[32mSave 7c7b29dd-f393-4d05-a93a-a48dbbcd0a42(uuid8437)
сент. 16, 2025 8:21:57 PM webapp.storage.AbstractStorage save
INFO: &amp#27;[32mSave f59ffd5d-6795-45a7-ae72-58d60385c7c4(uuid8438)
сент. 16, 2025 8:21:57 PM webapp.storage.AbstractStorage save
INFO: &amp#27;[32mSave a6db8529-fca6-4f30-86a2-c78dbaa1c88f(uuid8439)
сент. 16, 2025 8:21:57 PM webapp.storage.AbstractStorage save
INFO: &amp#27;[32mSave cca18c73-2c0e-47b1-a79f-cb5f331b2b0c(uuid8440)
сент. 16, 2025 8:21:57 PM webapp.storage.AbstractStorage save
INFO: &amp#27;[32mSave 9bdd9dc6-ea90-4580-a540-0517ae4d0580(uuid8441)
сент. 16, 2025 8:21:57 PM webapp.storage.AbstractStorage save
INFO: &amp#27;[32mSave 1a9c8f86-14d5-48d6-8eea-e7a8af5d3f64(uuid8442)
сент. 16, 2025 8:21:57 PM webapp.storage.AbstractStorage save
INFO: &amp#27;[32mSave f85cb285-48d1-4a8b-830f-464667d170ad(uuid8443)
сент. 16, 2025 8:21:57 PM webapp.storage.AbstractStorage save
INFO: &amp#27;[32mSave 14658516-3c2c-42db-8f31-0b811e61a38e(uuid8444)
сент. 16, 2025 8:21:57 PM webapp.storage.AbstractStorage save
INFO: &amp#27;[32mSave 2ed5133b-ede5-4969-97aa-8267690da2ba(uuid8445)
сент. 16, 2025 8:21:57 PM webapp.storage.AbstractStorage save
INFO: &amp#27;[32mSave 9facdab3-b924-4eeb-8fb3-c8e7abf9a94f(uuid8446)
сент. 16, 2025 8:21:57 PM webapp.storage.AbstractStorage save
INFO: &amp#27;[32mSave ed4bca66-4d6a-417e-987c-502f998e8550(uuid8447)
сент. 16, 2025 8:21:57 PM webapp.storage.AbstractStorage save
INFO: &amp#27;[32mSave 0dccc04f-cbbb-4131-b131-1d7db05d1209(uuid8448)
сент. 16, 2025 8:21:57 PM webapp.storage.AbstractStorage save
INFO: &amp#27;[32mSave 694cc44d-0926-4a92-ba73-5adc2f61e507(uuid8449)
сент. 16, 2025 8:21:57 PM webapp.storage.AbstractStorage save
INFO: &amp#27;[32mSave e63cbff4-6dd5-4f7e-a8ea-2be27fbeee08(uuid8450)
сент. 16, 2025 8:21:57 PM webapp.storage.AbstractStorage save
INFO: &amp#27;[32mSave 6f60b09a-b9d7-4ed8-b666-3d69a5eb1a59(uuid8451)
сент. 16, 2025 8:21:57 PM webapp.storage.AbstractStorage save
INFO: &amp#27;[32mSave 9890f13f-45f3-4c72-846d-4bac56cb197b(uuid8452)
сент. 16, 2025 8:21:57 PM webapp.storage.AbstractStorage save
INFO: &amp#27;[32mSave 77ce0ef2-4f4c-46e8-b522-1e12fdedf358(uuid8453)
сент. 16, 2025 8:21:57 PM webapp.storage.AbstractStorage save
INFO: &amp#27;[32mSave aa0d343b-e1a4-44b2-9545-3fd0a24d7886(uuid8454)
сент. 16, 2025 8:21:57 PM webapp.storage.AbstractStorage save
INFO: &amp#27;[32mSave 75a4d5ae-6e28-4243-84ba-ff7788b666f7(uuid8455)
сент. 16, 2025 8:21:57 PM webapp.storage.AbstractStorage save
INFO: &amp#27;[32mSave 3e1e8714-4a4b-48bb-8b01-ba6512973e86(uuid8456)
сент. 16, 2025 8:21:57 PM webapp.storage.AbstractStorage save
INFO: &amp#27;[32mSave 55b468f9-88d7-4b38-8b48-0dea027ee4c7(uuid8457)
сент. 16, 2025 8:21:57 PM webapp.storage.AbstractStorage save
INFO: &amp#27;[32mSave 5377ebdf-3c5e-4165-a722-530e3ec32f59(uuid8458)
сент. 16, 2025 8:21:57 PM webapp.storage.AbstractStorage save
INFO: &amp#27;[32mSave 86e3ce4e-b93e-409d-8e8d-454bfc21cd7c(uuid8459)
сент. 16, 2025 8:21:57 PM webapp.storage.AbstractStorage save
INFO: &amp#27;[32mSave 6a2deac0-88c6-4c81-9261-97e46b3c2f34(uuid8460)
сент. 16, 2025 8:21:57 PM webapp.storage.AbstractStorage save
INFO: &amp#27;[32mSave 15c89470-e918-46d6-a53c-95e147a5b987(uuid8461)
сент. 16, 2025 8:21:57 PM webapp.storage.AbstractStorage save
INFO: &amp#27;[32mSave 3a9fe4b8-6741-40ee-9213-3158be2c1ac8(uuid8462)
сент. 16, 2025 8:21:57 PM webapp.storage.AbstractStorage save
INFO: &amp#27;[32mSave ea9210a2-8c48-40eb-9f87-1ae86f3a3057(uuid8463)
сент. 16, 2025 8:21:57 PM webapp.storage.AbstractStorage save
INFO: &amp#27;[32mSave f105d2c2-ab62-4358-a97d-68ffbedbcbb5(uuid8464)
сент. 16, 2025 8:21:57 PM webapp.storage.AbstractStorage save
INFO: &amp#27;[32mSave c5966688-a2d8-4a09-b34f-abbeeaed6919(uuid8465)
сент. 16, 2025 8:21:57 PM webapp.storage.AbstractStorage save
INFO: &amp#27;[32mSave ab2a9232-ff18-454c-b1a1-6866d1c14bc3(uuid8466)
сент. 16, 2025 8:21:57 PM webapp.storage.AbstractStorage save
INFO: &amp#27;[32mSave a0366ca7-00af-41d9-a748-0d8dab07c98a(uuid8467)
сент. 16, 2025 8:21:57 PM webapp.storage.AbstractStorage save
INFO: &amp#27;[32mSave 8b6f4a16-ef81-45e8-be2a-4a726573e554(uuid8468)
сент. 16, 2025 8:21:57 PM webapp.storage.AbstractStorage save
INFO: &amp#27;[32mSave ed1a1d22-d361-44b7-8f84-6ca0dae06df2(uuid8469)
сент. 16, 2025 8:21:57 PM webapp.storage.AbstractStorage save
INFO: &amp#27;[32mSave bd51898b-3931-4c52-8a61-7f6e0c7b7290(uuid8470)
сент. 16, 2025 8:21:57 PM webapp.storage.AbstractStorage save
INFO: &amp#27;[32mSave 069d0f36-a754-47d6-b713-de0dfbb783a2(uuid8471)
сент. 16, 2025 8:21:57 PM webapp.storage.AbstractStorage save
INFO: &amp#27;[32mSave ef063864-a53e-4740-a2f5-7239209c0964(uuid8472)
сент. 16, 2025 8:21:57 PM webapp.storage.AbstractStorage save
INFO: &amp#27;[32mSave fd544f33-db65-4b13-88b7-137c876f11ee(uuid8473)
сент. 16, 2025 8:21:57 PM webapp.storage.AbstractStorage save
INFO: &amp#27;[32mSave 1eeee8fe-160d-46bf-87b3-d4a1ade71076(uuid8474)
сент. 16, 2025 8:21:57 PM webapp.storage.AbstractStorage save
INFO: &amp#27;[32mSave 58aec844-bb5c-4f30-8335-0574a5be8b5e(uuid8475)
сент. 16, 2025 8:21:57 PM webapp.storage.AbstractStorage save
INFO: &amp#27;[32mSave 7ca2baf5-9068-4c1f-b6cc-86a35a8a3fc4(uuid8476)
сент. 16, 2025 8:21:57 PM webapp.storage.AbstractStorage save
INFO: &amp#27;[32mSave 51d21cc9-ac9b-4a0d-a2ab-ba5d50bd288b(uuid8477)
сент. 16, 2025 8:21:57 PM webapp.storage.AbstractStorage save
INFO: &amp#27;[32mSave 94985d9b-75dd-4e1d-a996-109b5e0309f7(uuid8478)
сент. 16, 2025 8:21:57 PM webapp.storage.AbstractStorage save
INFO: &amp#27;[32mSave 1da8a27e-10da-406f-92d7-7bdb23362686(uuid8479)
сент. 16, 2025 8:21:57 PM webapp.storage.AbstractStorage save
INFO: &amp#27;[32mSave e1c63ad7-9ed2-49c5-b96b-ddf3f745f3e3(uuid8480)
сент. 16, 2025 8:21:57 PM webapp.storage.AbstractStorage save
INFO: &amp#27;[32mSave 1ac757e8-5ba4-42fc-aeae-dc4e55f3add7(uuid8481)
сент. 16, 2025 8:21:57 PM webapp.storage.AbstractStorage save
INFO: &amp#27;[32mSave b5732f96-1fa2-4e1d-96ef-cab2086ed1b0(uuid8482)
сент. 16, 2025 8:21:57 PM webapp.storage.AbstractStorage save
INFO: &amp#27;[32mSave 8dc3d9f5-23d6-47d9-9174-48b02b7c7afc(uuid8483)
сент. 16, 2025 8:21:57 PM webapp.storage.AbstractStorage save
INFO: &amp#27;[32mSave 8bf27c75-a138-49e4-ac2e-d1b6f0bd8776(uuid8484)
сент. 16, 2025 8:21:57 PM webapp.storage.AbstractStorage save
INFO: &amp#27;[32mSave ba66e1cf-111e-48b4-8bd5-8f889378cf50(uuid8485)
сент. 16, 2025 8:21:57 PM webapp.storage.AbstractStorage save
INFO: &amp#27;[32mSave 138a66ac-5f00-4d4d-8963-873cb243d6cc(uuid8486)
сент. 16, 2025 8:21:57 PM webapp.storage.AbstractStorage save
INFO: &amp#27;[32mSave dbede02b-93dd-4327-a4f2-4a21633269a9(uuid8487)
сент. 16, 2025 8:21:57 PM webapp.storage.AbstractStorage save
INFO: &amp#27;[32mSave 3c61e4e1-68b6-461c-98a7-2dd54ebc3d22(uuid8488)
сент. 16, 2025 8:21:57 PM webapp.storage.AbstractStorage save
INFO: &amp#27;[32mSave 96f406e2-fdd2-4786-8555-31b93df5807a(uuid8489)
сент. 16, 2025 8:21:57 PM webapp.storage.AbstractStorage save
INFO: &amp#27;[32mSave 4e640f7d-4bf2-4231-a0d6-cdc5d48d8043(uuid8490)
сент. 16, 2025 8:21:57 PM webapp.storage.AbstractStorage save
INFO: &amp#27;[32mSave 30dd8567-49d3-42f5-9f7b-b373cd4fac8c(uuid8491)
сент. 16, 2025 8:21:57 PM webapp.storage.AbstractStorage save
INFO: &amp#27;[32mSave cd61c5b2-d97d-4e20-8eae-96f09fd3cdf3(uuid8492)
сент. 16, 2025 8:21:57 PM webapp.storage.AbstractStorage save
INFO: &amp#27;[32mSave ad8f64df-318c-4d04-be93-e18f51217468(uuid8493)
сент. 16, 2025 8:21:57 PM webapp.storage.AbstractStorage save
INFO: &amp#27;[32mSave 54b69eef-e027-43fe-8ad8-b898abc009a6(uuid8494)
сент. 16, 2025 8:21:57 PM webapp.storage.AbstractStorage save
INFO: &amp#27;[32mSave a6840209-b829-4e26-8b83-7d3f9ae62ffe(uuid8495)
сент. 16, 2025 8:21:57 PM webapp.storage.AbstractStorage save
INFO: &amp#27;[32mSave 87d7adfa-6ed7-4c32-a39b-894108b94f03(uuid8496)
сент. 16, 2025 8:21:58 PM webapp.storage.AbstractStorage save
INFO: &amp#27;[32mSave ff6d3bf7-bfa6-4823-b1e7-86bf9034643b(uuid8497)
сент. 16, 2025 8:21:58 PM webapp.storage.AbstractStorage save
INFO: &amp#27;[32mSave afe4d887-8fc4-4134-b70b-ffb0354d6aa7(uuid8498)
сент. 16, 2025 8:21:58 PM webapp.storage.AbstractStorage save
INFO: &amp#27;[32mSave b9d4aebf-18e4-4f14-8ae9-a1d85c8dd0b1(uuid8499)
сент. 16, 2025 8:21:58 PM webapp.storage.AbstractStorage save
INFO: &amp#27;[32mSave c0d86b37-284e-464f-93de-1ed508c9f3dd(uuid8500)
сент. 16, 2025 8:21:58 PM webapp.storage.AbstractStorage save
INFO: &amp#27;[32mSave b9ee1248-0f0f-4dbc-8c4b-24f212ecadad(uuid8501)
сент. 16, 2025 8:21:58 PM webapp.storage.AbstractStorage save
INFO: &amp#27;[32mSave bb894336-e808-489e-9b56-e6aa6fd61f3a(uuid8502)
сент. 16, 2025 8:21:58 PM webapp.storage.AbstractStorage save
INFO: &amp#27;[32mSave a14a996d-826f-4c03-b34d-da197800d828(uuid8503)
сент. 16, 2025 8:21:58 PM webapp.storage.AbstractStorage save
INFO: &amp#27;[32mSave 4ea188fa-bfa4-45b7-8a5f-1baee36b40c3(uuid8504)
сент. 16, 2025 8:21:58 PM webapp.storage.AbstractStorage save
INFO: &amp#27;[32mSave 083b1b1f-d722-4634-9418-4ccfa1b20e88(uuid8505)
сент. 16, 2025 8:21:58 PM webapp.storage.AbstractStorage save
INFO: &amp#27;[32mSave d227fd24-5f94-4e05-9168-e4940eb8bcee(uuid8506)
сент. 16, 2025 8:21:58 PM webapp.storage.AbstractStorage save
INFO: &amp#27;[32mSave da190d3e-0503-47c8-80b0-7f34f277d412(uuid8507)
сент. 16, 2025 8:21:58 PM webapp.storage.AbstractStorage save
INFO: &amp#27;[32mSave 9503dcbc-b5bd-44e9-aa8c-c2633b2ab6e8(uuid8508)
сент. 16, 2025 8:21:58 PM webapp.storage.AbstractStorage save
INFO: &amp#27;[32mSave 6059c4e1-403f-4d0c-bb10-045918110d26(uuid8509)
сент. 16, 2025 8:21:58 PM webapp.storage.AbstractStorage save
INFO: &amp#27;[32mSave 25179e70-bee5-4898-b1b5-626246dfc31f(uuid8510)
сент. 16, 2025 8:21:58 PM webapp.storage.AbstractStorage save
INFO: &amp#27;[32mSave d0a647b2-a23f-4621-a3c6-d8fa91209534(uuid8511)
сент. 16, 2025 8:21:58 PM webapp.storage.AbstractStorage save
INFO: &amp#27;[32mSave d5f4aee9-ffd4-491a-87eb-2cd62124309e(uuid8512)
сент. 16, 2025 8:21:58 PM webapp.storage.AbstractStorage save
INFO: &amp#27;[32mSave 827400b8-abc4-45fd-a84a-ebb6836d3856(uuid8513)
сент. 16, 2025 8:21:58 PM webapp.storage.AbstractStorage save
INFO: &amp#27;[32mSave 410d52ec-0927-497d-8ff3-8013c008ae9f(uuid8514)
сент. 16, 2025 8:21:58 PM webapp.storage.AbstractStorage save
INFO: &amp#27;[32mSave dec4f659-1e06-4cf5-b50e-881718295a89(uuid8515)
сент. 16, 2025 8:21:58 PM webapp.storage.AbstractStorage save
INFO: &amp#27;[32mSave e22caa49-a704-4bfe-b0c6-afcac7a41e2c(uuid8516)
сент. 16, 2025 8:21:58 PM webapp.storage.AbstractStorage save
INFO: &amp#27;[32mSave f9c2e46b-91be-47bb-8704-4dfbaa82ef20(uuid8517)
сент. 16, 2025 8:21:58 PM webapp.storage.AbstractStorage save
INFO: &amp#27;[32mSave 7645c000-b668-4c7f-a75b-6f706ee93789(uuid8518)
сент. 16, 2025 8:21:58 PM webapp.storage.AbstractStorage save
INFO: &amp#27;[32mSave a3535dc5-db4a-4820-b545-38fea667c25d(uuid8519)
сент. 16, 2025 8:21:58 PM webapp.storage.AbstractStorage save
INFO: &amp#27;[32mSave e5ddcc77-b14b-4837-8d9f-5d3f24c406c1(uuid8520)
сент. 16, 2025 8:21:58 PM webapp.storage.AbstractStorage save
INFO: &amp#27;[32mSave e2d44d15-4627-429c-9d57-3fbdf6d02ea8(uuid8521)
сент. 16, 2025 8:21:58 PM webapp.storage.AbstractStorage save
INFO: &amp#27;[32mSave 23e33567-fad3-4f60-a7b9-ffe1645c6bcb(uuid8522)
сент. 16, 2025 8:21:58 PM webapp.storage.AbstractStorage save
INFO: &amp#27;[32mSave 2bc7374a-e40b-4f99-96d0-6bc4e206956e(uuid8523)
сент. 16, 2025 8:21:58 PM webapp.storage.AbstractStorage save
INFO: &amp#27;[32mSave 893ef16e-4221-4172-a649-9597e5580f51(uuid8524)
сент. 16, 2025 8:21:58 PM webapp.storage.AbstractStorage save
INFO: &amp#27;[32mSave e28095b2-0bef-46c1-bc10-cc2f0c23c5d4(uuid8525)
сент. 16, 2025 8:21:58 PM webapp.storage.AbstractStorage save
INFO: &amp#27;[32mSave 70434b38-117c-4c56-8dfa-b88d0eb6d7d6(uuid8526)
сент. 16, 2025 8:21:58 PM webapp.storage.AbstractStorage save
INFO: &amp#27;[32mSave 0d58a978-67a8-4873-9ed6-120689b4171a(uuid8527)
сент. 16, 2025 8:21:58 PM webapp.storage.AbstractStorage save
INFO: &amp#27;[32mSave 1ff37c3e-aed1-4567-adcd-fab2707c508e(uuid8528)
сент. 16, 2025 8:21:58 PM webapp.storage.AbstractStorage save
INFO: &amp#27;[32mSave 32348280-a6c6-419b-afb0-e079be10cf72(uuid8529)
сент. 16, 2025 8:21:58 PM webapp.storage.AbstractStorage save
INFO: &amp#27;[32mSave 9f90ac23-9391-4b47-b3c5-6cbc8501f824(uuid8530)
сент. 16, 2025 8:21:58 PM webapp.storage.AbstractStorage save
INFO: &amp#27;[32mSave 7d402395-a076-4244-b34d-2287051c4c5d(uuid8531)
сент. 16, 2025 8:21:58 PM webapp.storage.AbstractStorage save
INFO: &amp#27;[32mSave c809f29a-dbe7-4b59-8a57-43824aaff966(uuid8532)
сент. 16, 2025 8:21:58 PM webapp.storage.AbstractStorage save
INFO: &amp#27;[32mSave 9ca9b0df-0ac4-47ac-8d7f-deca37511883(uuid8533)
сент. 16, 2025 8:21:58 PM webapp.storage.AbstractStorage save
INFO: &amp#27;[32mSave 1e114033-ee4b-4475-b38d-e5d91c49175c(uuid8534)
сент. 16, 2025 8:21:58 PM webapp.storage.AbstractStorage save
INFO: &amp#27;[32mSave f82edff5-5572-4256-8610-b97cd1278c15(uuid8535)
сент. 16, 2025 8:21:58 PM webapp.storage.AbstractStorage save
INFO: &amp#27;[32mSave f90511a7-34ef-47cf-a184-b3268fa3581f(uuid8536)
сент. 16, 2025 8:21:58 PM webapp.storage.AbstractStorage save
INFO: &amp#27;[32mSave 66ab65cf-2787-4f18-865e-851ab1295124(uuid8537)
сент. 16, 2025 8:21:58 PM webapp.storage.AbstractStorage save
INFO: &amp#27;[32mSave ada8b7c4-8167-42b0-a4e6-f51e568be62b(uuid8538)
сент. 16, 2025 8:21:58 PM webapp.storage.AbstractStorage save
INFO: &amp#27;[32mSave ee23ca5a-4b80-4e7e-bbc3-55d55b6c6d19(uuid8539)
сент. 16, 2025 8:21:58 PM webapp.storage.AbstractStorage save
INFO: &amp#27;[32mSave c9afa061-4a58-4846-829f-06f0082207de(uuid8540)
сент. 16, 2025 8:21:58 PM webapp.storage.AbstractStorage save
INFO: &amp#27;[32mSave aa40750c-7feb-4f59-aa18-43ec89f31fdd(uuid8541)
сент. 16, 2025 8:21:58 PM webapp.storage.AbstractStorage save
INFO: &amp#27;[32mSave 863866cb-2738-40ab-821a-db1fa1c14269(uuid8542)
сент. 16, 2025 8:21:58 PM webapp.storage.AbstractStorage save
INFO: &amp#27;[32mSave 0db175d8-b2f3-4f99-aa30-34b75d210a32(uuid8543)
сент. 16, 2025 8:21:58 PM webapp.storage.AbstractStorage save
INFO: &amp#27;[32mSave 437a38fd-36c5-478a-82c9-a98a679333ea(uuid8544)
сент. 16, 2025 8:21:58 PM webapp.storage.AbstractStorage save
INFO: &amp#27;[32mSave f847dddc-00e6-416f-85d9-d1aac1afe0ef(uuid8545)
сент. 16, 2025 8:21:58 PM webapp.storage.AbstractStorage save
INFO: &amp#27;[32mSave 4c0f5b30-3946-4213-ab3a-b016292ce4a0(uuid8546)
сент. 16, 2025 8:21:58 PM webapp.storage.AbstractStorage save
INFO: &amp#27;[32mSave 19372f57-61af-421c-bd82-f0f8edfcad5e(uuid8547)
сент. 16, 2025 8:21:58 PM webapp.storage.AbstractStorage save
INFO: &amp#27;[32mSave fbea9d8c-a51e-4b6d-9f91-43a6cf9b37fa(uuid8548)
сент. 16, 2025 8:21:58 PM webapp.storage.AbstractStorage save
INFO: &amp#27;[32mSave 5d69f796-7ac8-403b-b717-8f7154aeb056(uuid8549)
сент. 16, 2025 8:21:58 PM webapp.storage.AbstractStorage save
INFO: &amp#27;[32mSave 392c0673-61b6-4bc5-9253-08f04dfb3f86(uuid8550)
сент. 16, 2025 8:21:58 PM webapp.storage.AbstractStorage save
INFO: &amp#27;[32mSave 0e5493f8-733e-4613-83f2-610979c7e0b0(uuid8551)
сент. 16, 2025 8:21:58 PM webapp.storage.AbstractStorage save
INFO: &amp#27;[32mSave d074e7d9-5cc4-4189-b2c9-d728e7a60558(uuid8552)
сент. 16, 2025 8:21:58 PM webapp.storage.AbstractStorage save
INFO: &amp#27;[32mSave 8f8a9b07-b637-4b6d-9bee-2b30909797af(uuid8553)
сент. 16, 2025 8:21:58 PM webapp.storage.AbstractStorage save
INFO: &amp#27;[32mSave aa551e2f-8190-4ddf-8920-34b6e870c342(uuid8554)
сент. 16, 2025 8:21:58 PM webapp.storage.AbstractStorage save
INFO: &amp#27;[32mSave ad1525ec-f831-4049-bcc6-c68b62a5dd3f(uuid8555)
сент. 16, 2025 8:21:58 PM webapp.storage.AbstractStorage save
INFO: &amp#27;[32mSave 219cfc4f-5878-4b64-8891-213d440bb3d7(uuid8556)
сент. 16, 2025 8:21:58 PM webapp.storage.AbstractStorage save
INFO: &amp#27;[32mSave 95ed3742-e3a8-4eff-a126-8d658d5c28aa(uuid8557)
сент. 16, 2025 8:21:58 PM webapp.storage.AbstractStorage save
INFO: &amp#27;[32mSave 9e0d332d-c72f-4841-996a-37d4fad20433(uuid8558)
сент. 16, 2025 8:21:58 PM webapp.storage.AbstractStorage save
INFO: &amp#27;[32mSave 88eb4784-bece-4e6e-94b1-78d59f7eada3(uuid8559)
сент. 16, 2025 8:21:58 PM webapp.storage.AbstractStorage save
INFO: &amp#27;[32mSave f736da76-57e0-4725-b354-20e171937437(uuid8560)
сент. 16, 2025 8:21:58 PM webapp.storage.AbstractStorage save
INFO: &amp#27;[32mSave 48d4b76c-c6b7-4535-91a4-4e8d76ec4e05(uuid8561)
сент. 16, 2025 8:21:58 PM webapp.storage.AbstractStorage save
INFO: &amp#27;[32mSave 3f79c162-e4a7-4cac-9cf6-013942d6cec6(uuid8562)
сент. 16, 2025 8:21:58 PM webapp.storage.AbstractStorage save
INFO: &amp#27;[32mSave f8009c41-f2c5-42fd-880c-7c782c728e59(uuid8563)
сент. 16, 2025 8:21:58 PM webapp.storage.AbstractStorage save
INFO: &amp#27;[32mSave fb8e1487-5e01-4ce8-b11a-1d6b0d1bd882(uuid8564)
сент. 16, 2025 8:21:58 PM webapp.storage.AbstractStorage save
INFO: &amp#27;[32mSave 3494fcd7-33af-4bcb-a935-094b85d35d74(uuid8565)
сент. 16, 2025 8:21:58 PM webapp.storage.AbstractStorage save
INFO: &amp#27;[32mSave 8b8cfd6b-75ea-4fba-98b8-f1a376d67558(uuid8566)
сент. 16, 2025 8:21:58 PM webapp.storage.AbstractStorage save
INFO: &amp#27;[32mSave 03934d5c-ab12-4f24-9424-e01880982c9f(uuid8567)
сент. 16, 2025 8:21:58 PM webapp.storage.AbstractStorage save
INFO: &amp#27;[32mSave ad8da8b4-ebe5-4147-abfc-baed5ada3075(uuid8568)
сент. 16, 2025 8:21:58 PM webapp.storage.AbstractStorage save
INFO: &amp#27;[32mSave a1615232-7c62-44ea-b0a0-5b6e410478a2(uuid8569)
сент. 16, 2025 8:21:58 PM webapp.storage.AbstractStorage save
INFO: &amp#27;[32mSave 7025acf3-9877-47e3-9eda-10e24e2c3ff0(uuid8570)
сент. 16, 2025 8:21:58 PM webapp.storage.AbstractStorage save
INFO: &amp#27;[32mSave 3b089250-968a-4d3e-848c-de52e4646b23(uuid8571)
сент. 16, 2025 8:21:58 PM webapp.storage.AbstractStorage save
INFO: &amp#27;[32mSave 10290b44-fe61-40a1-a530-a695996c4dc2(uuid8572)
сент. 16, 2025 8:21:58 PM webapp.storage.AbstractStorage save
INFO: &amp#27;[32mSave 93b2f2db-08a4-451d-833e-aac72ce520ca(uuid8573)
сент. 16, 2025 8:21:58 PM webapp.storage.AbstractStorage save
INFO: &amp#27;[32mSave 825bc407-3977-4dd0-a193-eea7771ce541(uuid8574)
сент. 16, 2025 8:21:58 PM webapp.storage.AbstractStorage save
INFO: &amp#27;[32mSave b538064c-c1bd-4307-9ef4-9a25753d0358(uuid8575)
сент. 16, 2025 8:21:58 PM webapp.storage.AbstractStorage save
INFO: &amp#27;[32mSave f53b14e2-7455-496d-8fd7-8cc0f38c6f68(uuid8576)
сент. 16, 2025 8:21:58 PM webapp.storage.AbstractStorage save
INFO: &amp#27;[32mSave 761edc3c-7dc2-4d1e-97ac-ba8d067cd37e(uuid8577)
сент. 16, 2025 8:21:58 PM webapp.storage.AbstractStorage save
INFO: &amp#27;[32mSave 8973abbb-90cd-4b9b-a840-21c3e004d6bf(uuid8578)
сент. 16, 2025 8:21:58 PM webapp.storage.AbstractStorage save
INFO: &amp#27;[32mSave e6bc7caf-9ac7-4e30-ad90-d0c7ba67ad73(uuid8579)
сент. 16, 2025 8:21:58 PM webapp.storage.AbstractStorage save
INFO: &amp#27;[32mSave d5f45b63-a48e-4218-bb3b-a4ba70705dba(uuid8580)
сент. 16, 2025 8:21:58 PM webapp.storage.AbstractStorage save
INFO: &amp#27;[32mSave b29cc3cf-50da-4095-a490-7e2c2a94bc60(uuid8581)
сент. 16, 2025 8:21:58 PM webapp.storage.AbstractStorage save
INFO: &amp#27;[32mSave 84c623b9-fbe2-42d8-b315-c9c642efbd41(uuid8582)
сент. 16, 2025 8:21:58 PM webapp.storage.AbstractStorage save
INFO: &amp#27;[32mSave b6f108e0-652d-45e1-8183-dec336d0d772(uuid8583)
сент. 16, 2025 8:21:58 PM webapp.storage.AbstractStorage save
INFO: &amp#27;[32mSave c3936cbd-ddf8-4f7b-bee2-3a8a62634d1b(uuid8584)
сент. 16, 2025 8:21:58 PM webapp.storage.AbstractStorage save
INFO: &amp#27;[32mSave 9ffe3476-381a-48fe-a441-0b360270c88e(uuid8585)
сент. 16, 2025 8:21:58 PM webapp.storage.AbstractStorage save
INFO: &amp#27;[32mSave 8d23672e-dbca-47ca-92cc-0460bc299faa(uuid8586)
сент. 16, 2025 8:21:58 PM webapp.storage.AbstractStorage save
INFO: &amp#27;[32mSave 85249ab6-9253-434e-a516-4ca6b4e5cfa2(uuid8587)
сент. 16, 2025 8:21:58 PM webapp.storage.AbstractStorage save
INFO: &amp#27;[32mSave 7e596d2c-f0e7-42bc-88ef-5243bae2cdf4(uuid8588)
сент. 16, 2025 8:21:58 PM webapp.storage.AbstractStorage save
INFO: &amp#27;[32mSave 05c6f9d3-82d7-4032-8fd6-69436e63a812(uuid8589)
сент. 16, 2025 8:21:58 PM webapp.storage.AbstractStorage save
INFO: &amp#27;[32mSave 8aac6c56-5294-4cc7-9673-9f7529b0c044(uuid8590)
сент. 16, 2025 8:21:58 PM webapp.storage.AbstractStorage save
INFO: &amp#27;[32mSave b3cde611-050d-44a9-94d8-3d1dca6a0910(uuid8591)
сент. 16, 2025 8:21:58 PM webapp.storage.AbstractStorage save
INFO: &amp#27;[32mSave 5447418b-4042-40c4-b037-af3950ec454b(uuid8592)
сент. 16, 2025 8:21:58 PM webapp.storage.AbstractStorage save
INFO: &amp#27;[32mSave 160503f1-fb59-4033-89c9-3b19f6da8cc2(uuid8593)
сент. 16, 2025 8:21:58 PM webapp.storage.AbstractStorage save
INFO: &amp#27;[32mSave dc8879f9-e2d1-494e-9424-250180f84d82(uuid8594)
сент. 16, 2025 8:21:58 PM webapp.storage.AbstractStorage save
INFO: &amp#27;[32mSave ac0870ce-3a6a-432e-8b6c-f43af0aaf180(uuid8595)
сент. 16, 2025 8:21:58 PM webapp.storage.AbstractStorage save
INFO: &amp#27;[32mSave 327d34c9-5651-45ac-83d4-bb70425ea5d6(uuid8596)
сент. 16, 2025 8:21:58 PM webapp.storage.AbstractStorage save
INFO: &amp#27;[32mSave 5daf953b-e82b-4985-b8f2-4da4f33ab7c2(uuid8597)
сент. 16, 2025 8:21:58 PM webapp.storage.AbstractStorage save
INFO: &amp#27;[32mSave ed8ca81f-130f-4567-bfe9-cd201361ea7e(uuid8598)
сент. 16, 2025 8:21:58 PM webapp.storage.AbstractStorage save
INFO: &amp#27;[32mSave 73225a1b-860a-42ee-9c5b-6cbc67eac454(uuid8599)
сент. 16, 2025 8:21:58 PM webapp.storage.AbstractStorage save
INFO: &amp#27;[32mSave 364b21bc-d4be-46ec-8a35-b73e8e72e14f(uuid8600)
сент. 16, 2025 8:21:58 PM webapp.storage.AbstractStorage save
INFO: &amp#27;[32mSave 8eaadd28-ca37-4890-87d2-430b231eed5f(uuid8601)
сент. 16, 2025 8:21:58 PM webapp.storage.AbstractStorage save
INFO: &amp#27;[32mSave 2ab0aee3-d75e-49d7-9a49-0f0aea833a70(uuid8602)
сент. 16, 2025 8:21:58 PM webapp.storage.AbstractStorage save
INFO: &amp#27;[32mSave 25e246cf-197d-4752-9055-c383dffb7f7f(uuid8603)
сент. 16, 2025 8:21:58 PM webapp.storage.AbstractStorage save
INFO: &amp#27;[32mSave c5448c7a-6a0b-43a9-b590-5179598f0277(uuid8604)
сент. 16, 2025 8:21:58 PM webapp.storage.AbstractStorage save
INFO: &amp#27;[32mSave 0c267b5a-3417-4aa3-9222-43c154945f73(uuid8605)
сент. 16, 2025 8:21:58 PM webapp.storage.AbstractStorage save
INFO: &amp#27;[32mSave 277217a7-0d7a-45e8-a273-11f4d9b0ecae(uuid8606)
сент. 16, 2025 8:21:58 PM webapp.storage.AbstractStorage save
INFO: &amp#27;[32mSave dc5e6394-cb26-476a-8011-a831c92ccd5d(uuid8607)
сент. 16, 2025 8:21:58 PM webapp.storage.AbstractStorage save
INFO: &amp#27;[32mSave b9ff5def-a69c-4609-9aa5-3e366be21042(uuid8608)
сент. 16, 2025 8:21:58 PM webapp.storage.AbstractStorage save
INFO: &amp#27;[32mSave 7bbbeba4-8735-4f8d-8f49-73d2cf217d0a(uuid8609)
сент. 16, 2025 8:21:58 PM webapp.storage.AbstractStorage save
INFO: &amp#27;[32mSave 80a46ed8-2e29-4240-bfc7-742f971d0ec7(uuid8610)
сент. 16, 2025 8:21:58 PM webapp.storage.AbstractStorage save
INFO: &amp#27;[32mSave 31e1e1cd-d221-4ec6-b69d-cbe252614b4f(uuid8611)
сент. 16, 2025 8:21:58 PM webapp.storage.AbstractStorage save
INFO: &amp#27;[32mSave 53a0281b-d47c-4aa0-a7df-b15d37f06b0e(uuid8612)
сент. 16, 2025 8:21:58 PM webapp.storage.AbstractStorage save
INFO: &amp#27;[32mSave 868238c5-5c4a-4d34-9984-7197a04c2202(uuid8613)
сент. 16, 2025 8:21:58 PM webapp.storage.AbstractStorage save
INFO: &amp#27;[32mSave 2aca2409-3ebf-4bf4-bb2c-0ef6c459df16(uuid8614)
сент. 16, 2025 8:21:58 PM webapp.storage.AbstractStorage save
INFO: &amp#27;[32mSave 78cffea1-3ea9-424d-8560-53109585908d(uuid8615)
сент. 16, 2025 8:21:58 PM webapp.storage.AbstractStorage save
INFO: &amp#27;[32mSave dd624576-919d-4370-a737-51383cb5e953(uuid8616)
сент. 16, 2025 8:21:58 PM webapp.storage.AbstractStorage save
INFO: &amp#27;[32mSave 4ffedcc7-8010-4bbd-b297-0c385d9cb29b(uuid8617)
сент. 16, 2025 8:21:58 PM webapp.storage.AbstractStorage save
INFO: &amp#27;[32mSave 4f59a8e4-a411-4782-a0af-f824863cc974(uuid8618)
сент. 16, 2025 8:21:58 PM webapp.storage.AbstractStorage save
INFO: &amp#27;[32mSave 9202d082-8574-41d1-8c1c-9dcaab1acbd9(uuid8619)
сент. 16, 2025 8:21:58 PM webapp.storage.AbstractStorage save
INFO: &amp#27;[32mSave 6418ee99-4b70-440c-aab7-5219af5a7781(uuid8620)
сент. 16, 2025 8:21:58 PM webapp.storage.AbstractStorage save
INFO: &amp#27;[32mSave d0bc11be-cb70-4592-8210-0ce89249e91c(uuid8621)
сент. 16, 2025 8:21:58 PM webapp.storage.AbstractStorage save
INFO: &amp#27;[32mSave 68d3e76a-311b-4813-8a7d-3fec9f03cebc(uuid8622)
сент. 16, 2025 8:21:58 PM webapp.storage.AbstractStorage save
INFO: &amp#27;[32mSave d803f899-89a1-4733-b984-33a1130aba4a(uuid8623)
сент. 16, 2025 8:21:58 PM webapp.storage.AbstractStorage save
INFO: &amp#27;[32mSave 43a9ceec-5c54-42ae-9083-534a50efa309(uuid8624)
сент. 16, 2025 8:21:58 PM webapp.storage.AbstractStorage save
INFO: &amp#27;[32mSave 96aa6aa5-5659-453f-b1f3-553e40cade79(uuid8625)
сент. 16, 2025 8:21:58 PM webapp.storage.AbstractStorage save
INFO: &amp#27;[32mSave d588bc69-7c3b-46b3-ac1d-32aae3b2ad60(uuid8626)
сент. 16, 2025 8:21:58 PM webapp.storage.AbstractStorage save
INFO: &amp#27;[32mSave d75cff1d-9476-4944-b573-3a0b28f9c13e(uuid8627)
сент. 16, 2025 8:21:58 PM webapp.storage.AbstractStorage save
INFO: &amp#27;[32mSave be2762e6-c17c-4438-8a14-e319d8f73537(uuid8628)
сент. 16, 2025 8:21:58 PM webapp.storage.AbstractStorage save
INFO: &amp#27;[32mSave 1f32aee8-d7af-4b6b-94a9-8091c79b923f(uuid8629)
сент. 16, 2025 8:21:58 PM webapp.storage.AbstractStorage save
INFO: &amp#27;[32mSave c0d25248-94b1-405b-b3a3-1af8ae68cfd2(uuid8630)
сент. 16, 2025 8:21:58 PM webapp.storage.AbstractStorage save
INFO: &amp#27;[32mSave 3f2a4640-4ad4-4e88-b278-4de87eeff995(uuid8631)
сент. 16, 2025 8:21:58 PM webapp.storage.AbstractStorage save
INFO: &amp#27;[32mSave eb9771dd-7691-4aa1-9fef-fd5c15bb6e2e(uuid8632)
сент. 16, 2025 8:21:58 PM webapp.storage.AbstractStorage save
INFO: &amp#27;[32mSave 93a71ef6-1e3b-452b-9c5f-74847dc49950(uuid8633)
сент. 16, 2025 8:21:58 PM webapp.storage.AbstractStorage save
INFO: &amp#27;[32mSave c5a011ed-85a1-460e-b064-3ca1519576c2(uuid8634)
сент. 16, 2025 8:21:58 PM webapp.storage.AbstractStorage save
INFO: &amp#27;[32mSave f0e402b0-f73a-4657-b9db-1c509c3de78d(uuid8635)
сент. 16, 2025 8:21:58 PM webapp.storage.AbstractStorage save
INFO: &amp#27;[32mSave f4d3d185-bbee-4e0a-8033-9ee8e5fc9c68(uuid8636)
сент. 16, 2025 8:21:58 PM webapp.storage.AbstractStorage save
INFO: &amp#27;[32mSave ed8d8825-f169-4486-83fd-314a65be2b20(uuid8637)
сент. 16, 2025 8:21:58 PM webapp.storage.AbstractStorage save
INFO: &amp#27;[32mSave c90fdb09-304d-46ee-a87f-d815f394aa9d(uuid8638)
сент. 16, 2025 8:21:58 PM webapp.storage.AbstractStorage save
INFO: &amp#27;[32mSave 2df62054-316a-48a3-911c-cbb731ce0732(uuid8639)
сент. 16, 2025 8:21:58 PM webapp.storage.AbstractStorage save
INFO: &amp#27;[32mSave d484b19d-ae20-41f3-96fe-ec3282493f21(uuid8640)
сент. 16, 2025 8:21:58 PM webapp.storage.AbstractStorage save
INFO: &amp#27;[32mSave 9f984b14-4a2b-4383-9ae7-a4942e01f879(uuid8641)
сент. 16, 2025 8:21:58 PM webapp.storage.AbstractStorage save
INFO: &amp#27;[32mSave dab8a1b9-6f26-40e9-abad-f95747a7f786(uuid8642)
сент. 16, 2025 8:21:58 PM webapp.storage.AbstractStorage save
INFO: &amp#27;[32mSave b72dc342-1297-405c-805a-2a23aced73b0(uuid8643)
сент. 16, 2025 8:21:58 PM webapp.storage.AbstractStorage save
INFO: &amp#27;[32mSave fb54a6e9-febe-4abb-a76b-8f9be86e13a5(uuid8644)
сент. 16, 2025 8:21:58 PM webapp.storage.AbstractStorage save
INFO: &amp#27;[32mSave 227eb930-d2d7-4f7d-a010-d39282a533af(uuid8645)
сент. 16, 2025 8:21:58 PM webapp.storage.AbstractStorage save
INFO: &amp#27;[32mSave cc2bf820-1d4b-453a-b220-de263e3f9852(uuid8646)
сент. 16, 2025 8:21:58 PM webapp.storage.AbstractStorage save
INFO: &amp#27;[32mSave b8cc044b-b401-42ee-ad4f-9cd5917e3b28(uuid8647)
сент. 16, 2025 8:21:58 PM webapp.storage.AbstractStorage save
INFO: &amp#27;[32mSave 31372767-811f-4317-8a0d-8d2220158f97(uuid8648)
сент. 16, 2025 8:21:58 PM webapp.storage.AbstractStorage save
INFO: &amp#27;[32mSave e6fe39df-ce8e-43fc-a354-453b91614ad9(uuid8649)
сент. 16, 2025 8:21:58 PM webapp.storage.AbstractStorage save
INFO: &amp#27;[32mSave 09b870b1-ffaa-4982-9993-9d3970ca70c7(uuid8650)
сент. 16, 2025 8:21:58 PM webapp.storage.AbstractStorage save
INFO: &amp#27;[32mSave 87e729d3-8203-4f50-b9d7-0397297516b7(uuid8651)
сент. 16, 2025 8:21:58 PM webapp.storage.AbstractStorage save
INFO: &amp#27;[32mSave 2825fea6-ba60-424e-bfa7-1c5a39713138(uuid8652)
сент. 16, 2025 8:21:58 PM webapp.storage.AbstractStorage save
INFO: &amp#27;[32mSave ec33142e-4baa-4d36-8591-63aa8e5d1af8(uuid8653)
сент. 16, 2025 8:21:58 PM webapp.storage.AbstractStorage save
INFO: &amp#27;[32mSave e820c9ee-6885-4e1f-9e7b-2c7432f47b2c(uuid8654)
сент. 16, 2025 8:21:58 PM webapp.storage.AbstractStorage save
INFO: &amp#27;[32mSave c8b6cf4d-beee-4b53-9b92-6e0bb5e4c32b(uuid8655)
сент. 16, 2025 8:21:58 PM webapp.storage.AbstractStorage save
INFO: &amp#27;[32mSave 8f7d7f81-52e1-46c2-ae08-04ca032a849e(uuid8656)
сент. 16, 2025 8:21:58 PM webapp.storage.AbstractStorage save
INFO: &amp#27;[32mSave 99149442-0021-4dc7-bcbc-b0dbb993ecd5(uuid8657)
сент. 16, 2025 8:21:58 PM webapp.storage.AbstractStorage save
INFO: &amp#27;[32mSave 632e9093-3eb1-412f-893c-dc446f3aa54d(uuid8658)
сент. 16, 2025 8:21:58 PM webapp.storage.AbstractStorage save
INFO: &amp#27;[32mSave c3787e67-22d2-4fb6-b91a-0f4844a6b810(uuid8659)
сент. 16, 2025 8:21:58 PM webapp.storage.AbstractStorage save
INFO: &amp#27;[32mSave 86bdbf8c-48e1-477d-a5f4-f2dea037d1c8(uuid8660)
сент. 16, 2025 8:21:58 PM webapp.storage.AbstractStorage save
INFO: &amp#27;[32mSave c0fd37f8-d438-4413-bc8c-87de12bac73c(uuid8661)
сент. 16, 2025 8:21:58 PM webapp.storage.AbstractStorage save
INFO: &amp#27;[32mSave 30caa875-255e-440e-adeb-3995b50cd84d(uuid8662)
сент. 16, 2025 8:21:58 PM webapp.storage.AbstractStorage save
INFO: &amp#27;[32mSave d105c8be-7d39-42d9-892f-872a1652ea27(uuid8663)
сент. 16, 2025 8:21:58 PM webapp.storage.AbstractStorage save
INFO: &amp#27;[32mSave e4171ad8-59f4-4162-bc97-87cefa754c3a(uuid8664)
сент. 16, 2025 8:21:58 PM webapp.storage.AbstractStorage save
INFO: &amp#27;[32mSave f7107620-62bf-4367-a11c-76b85c5e21ca(uuid8665)
сент. 16, 2025 8:21:58 PM webapp.storage.AbstractStorage save
INFO: &amp#27;[32mSave 4f01e4cb-f83b-456c-b513-87497e6106f3(uuid8666)
сент. 16, 2025 8:21:58 PM webapp.storage.AbstractStorage save
INFO: &amp#27;[32mSave c45454ba-e6a0-40d8-acc6-c5256401722c(uuid8667)
сент. 16, 2025 8:21:58 PM webapp.storage.AbstractStorage save
INFO: &amp#27;[32mSave 678d068c-f1f3-487e-8bce-7184e639e09d(uuid8668)
сент. 16, 2025 8:21:58 PM webapp.storage.AbstractStorage save
INFO: &amp#27;[32mSave 0406a79b-f701-40b2-89f9-4d92d292694f(uuid8669)
сент. 16, 2025 8:21:58 PM webapp.storage.AbstractStorage save
INFO: &amp#27;[32mSave 4363b470-8979-4838-91ab-c16a2d6ee092(uuid8670)
сент. 16, 2025 8:21:58 PM webapp.storage.AbstractStorage save
INFO: &amp#27;[32mSave e26adf7a-9f72-40e5-8f51-6226941b83e8(uuid8671)
сент. 16, 2025 8:21:58 PM webapp.storage.AbstractStorage save
INFO: &amp#27;[32mSave b06229dd-4c20-4d6f-97d6-38370822ba00(uuid8672)
сент. 16, 2025 8:21:58 PM webapp.storage.AbstractStorage save
INFO: &amp#27;[32mSave 4bd6c117-5dd3-495d-aa36-7ecdcccd68c6(uuid8673)
сент. 16, 2025 8:21:58 PM webapp.storage.AbstractStorage save
INFO: &amp#27;[32mSave a204ce28-804e-45e9-a4be-a69ade68687f(uuid8674)
сент. 16, 2025 8:21:58 PM webapp.storage.AbstractStorage save
INFO: &amp#27;[32mSave 147fece5-4c67-452a-9d63-079c369f64de(uuid8675)
сент. 16, 2025 8:21:58 PM webapp.storage.AbstractStorage save
INFO: &amp#27;[32mSave b6efc831-bea2-4c06-803b-90c5aa5ae271(uuid8676)
сент. 16, 2025 8:21:58 PM webapp.storage.AbstractStorage save
INFO: &amp#27;[32mSave ffe9637e-c48d-422d-8dd0-26dfa556e38e(uuid8677)
сент. 16, 2025 8:21:58 PM webapp.storage.AbstractStorage save
INFO: &amp#27;[32mSave c71b56ca-64af-4d83-9453-d9c71c338b9f(uuid8678)
сент. 16, 2025 8:21:58 PM webapp.storage.AbstractStorage save
INFO: &amp#27;[32mSave 246c5d5e-bfbc-49c1-a7ea-dbaf35c22479(uuid8679)
сент. 16, 2025 8:21:58 PM webapp.storage.AbstractStorage save
INFO: &amp#27;[32mSave 53e59ab6-bbe1-45be-9d15-6089d5703de5(uuid8680)
сент. 16, 2025 8:21:58 PM webapp.storage.AbstractStorage save
INFO: &amp#27;[32mSave b6a0e570-29e5-480c-ac86-4ba62458e626(uuid8681)
сент. 16, 2025 8:21:58 PM webapp.storage.AbstractStorage save
INFO: &amp#27;[32mSave 0ecf47d8-4849-4015-b21b-86c9e8f757e1(uuid8682)
сент. 16, 2025 8:21:58 PM webapp.storage.AbstractStorage save
INFO: &amp#27;[32mSave 951bd5b9-549c-47b4-aa63-dc064d9fe04e(uuid8683)
сент. 16, 2025 8:21:58 PM webapp.storage.AbstractStorage save
INFO: &amp#27;[32mSave 20c6c5f9-e64b-4532-9b06-065398eb1629(uuid8684)
сент. 16, 2025 8:21:58 PM webapp.storage.AbstractStorage save
INFO: &amp#27;[32mSave 4bae2ab0-99df-4f84-b153-b7eedab46e6c(uuid8685)
сент. 16, 2025 8:21:58 PM webapp.storage.AbstractStorage save
INFO: &amp#27;[32mSave 41732824-a565-40cd-ab4a-388bb6f85066(uuid8686)
сент. 16, 2025 8:21:58 PM webapp.storage.AbstractStorage save
INFO: &amp#27;[32mSave b38f35ff-88fa-4aa9-80ab-15796da54a9f(uuid8687)
сент. 16, 2025 8:21:58 PM webapp.storage.AbstractStorage save
INFO: &amp#27;[32mSave b50acdf2-dfa7-441d-9102-541c7a512611(uuid8688)
сент. 16, 2025 8:21:58 PM webapp.storage.AbstractStorage save
INFO: &amp#27;[32mSave 57cdd8cb-b1e4-40cb-9051-e62c3d40f81f(uuid8689)
сент. 16, 2025 8:21:58 PM webapp.storage.AbstractStorage save
INFO: &amp#27;[32mSave 6ba39c3d-9bdb-4f9f-94f2-f8d1fd6e1460(uuid8690)
сент. 16, 2025 8:21:58 PM webapp.storage.AbstractStorage save
INFO: &amp#27;[32mSave 420c4a6f-07d1-400d-a373-9d576ea71af9(uuid8691)
сент. 16, 2025 8:21:58 PM webapp.storage.AbstractStorage save
INFO: &amp#27;[32mSave d1eb9ae3-09c9-4c8f-bf73-97065cf03c4d(uuid8692)
сент. 16, 2025 8:21:58 PM webapp.storage.AbstractStorage save
INFO: &amp#27;[32mSave f6ee73d4-8f6c-40cb-9c8a-c6c898547c75(uuid8693)
сент. 16, 2025 8:21:58 PM webapp.storage.AbstractStorage save
INFO: &amp#27;[32mSave 9deb9b9a-b47d-491b-ae6d-fe41a247fca2(uuid8694)
сент. 16, 2025 8:21:58 PM webapp.storage.AbstractStorage save
INFO: &amp#27;[32mSave c5af5537-6c65-4f8a-b856-6f3bf765c273(uuid8695)
сент. 16, 2025 8:21:58 PM webapp.storage.AbstractStorage save
INFO: &amp#27;[32mSave 06634053-614c-461a-a99c-47e60e176758(uuid8696)
сент. 16, 2025 8:21:58 PM webapp.storage.AbstractStorage save
INFO: &amp#27;[32mSave 3dccf72c-a469-4c4b-bdfa-4d978bff95d0(uuid8697)
сент. 16, 2025 8:21:58 PM webapp.storage.AbstractStorage save
INFO: &amp#27;[32mSave 7f90f5da-3040-4f78-9535-5b704f57bfb7(uuid8698)
сент. 16, 2025 8:21:58 PM webapp.storage.AbstractStorage save
INFO: &amp#27;[32mSave 1faed119-5a57-441c-9c22-8e4e76e19a4a(uuid8699)
сент. 16, 2025 8:21:58 PM webapp.storage.AbstractStorage save
INFO: &amp#27;[32mSave f35434ee-a48e-4e7b-be8f-d9039eeb6dc4(uuid8700)
сент. 16, 2025 8:21:58 PM webapp.storage.AbstractStorage save
INFO: &amp#27;[32mSave 79f2cc53-f447-44b5-9815-bbabab2385e4(uuid8701)
сент. 16, 2025 8:21:58 PM webapp.storage.AbstractStorage save
INFO: &amp#27;[32mSave 1b411aa8-dc65-4fe3-89ec-7e9bb38b3615(uuid8702)
сент. 16, 2025 8:21:58 PM webapp.storage.AbstractStorage save
INFO: &amp#27;[32mSave 8278c14f-1d90-409f-8e8b-89d6d1ac654f(uuid8703)
сент. 16, 2025 8:21:58 PM webapp.storage.AbstractStorage save
INFO: &amp#27;[32mSave 72750eda-8d18-4f96-97af-b54cdbacd8bd(uuid8704)
сент. 16, 2025 8:21:58 PM webapp.storage.AbstractStorage save
INFO: &amp#27;[32mSave f2f63e43-711a-4539-a820-4ab453240d66(uuid8705)
сент. 16, 2025 8:21:58 PM webapp.storage.AbstractStorage save
INFO: &amp#27;[32mSave e26d8f3d-330a-44ad-ac02-15d7ffecd824(uuid8706)
сент. 16, 2025 8:21:58 PM webapp.storage.AbstractStorage save
INFO: &amp#27;[32mSave fef3872c-0f94-4297-98e9-ccb4ce997e01(uuid8707)
сент. 16, 2025 8:21:58 PM webapp.storage.AbstractStorage save
INFO: &amp#27;[32mSave ad7ef905-0cee-4f50-aa86-8091a98db29f(uuid8708)
сент. 16, 2025 8:21:58 PM webapp.storage.AbstractStorage save
INFO: &amp#27;[32mSave 3a2090e2-b506-4434-a361-c931b2581e56(uuid8709)
сент. 16, 2025 8:21:58 PM webapp.storage.AbstractStorage save
INFO: &amp#27;[32mSave 24321e36-34f7-46ce-be38-8691d337af39(uuid8710)
сент. 16, 2025 8:21:58 PM webapp.storage.AbstractStorage save
INFO: &amp#27;[32mSave f60483de-92b8-43c1-ba07-973942911d86(uuid8711)
сент. 16, 2025 8:21:58 PM webapp.storage.AbstractStorage save
INFO: &amp#27;[32mSave f3fd72f7-73c1-4d2c-bdba-c053dd0109c2(uuid8712)
сент. 16, 2025 8:21:58 PM webapp.storage.AbstractStorage save
INFO: &amp#27;[32mSave 77b61ada-9346-4098-b3cb-1baf3dd204f3(uuid8713)
сент. 16, 2025 8:21:58 PM webapp.storage.AbstractStorage save
INFO: &amp#27;[32mSave 7aafbf05-f330-4a5b-88a2-3eb345473bb1(uuid8714)
сент. 16, 2025 8:21:58 PM webapp.storage.AbstractStorage save
INFO: &amp#27;[32mSave f014c483-2103-4614-a236-db1331fe23f4(uuid8715)
сент. 16, 2025 8:21:58 PM webapp.storage.AbstractStorage save
INFO: &amp#27;[32mSave 1c6483d5-1064-4d22-8b56-69c039c6e646(uuid8716)
сент. 16, 2025 8:21:58 PM webapp.storage.AbstractStorage save
INFO: &amp#27;[32mSave a5bf2c0f-ac4e-4681-b12f-f2bc527f1688(uuid8717)
сент. 16, 2025 8:21:58 PM webapp.storage.AbstractStorage save
INFO: &amp#27;[32mSave c62028f8-d33b-4f1d-b9c5-1f3e734a3eb4(uuid8718)
сент. 16, 2025 8:21:58 PM webapp.storage.AbstractStorage save
INFO: &amp#27;[32mSave d18f4ef6-b4b1-4d12-a4cf-79c509742ae1(uuid8719)
сент. 16, 2025 8:21:58 PM webapp.storage.AbstractStorage save
INFO: &amp#27;[32mSave 046c9082-86ba-4546-b37d-7b7fecb7f4d1(uuid8720)
сент. 16, 2025 8:21:58 PM webapp.storage.AbstractStorage save
INFO: &amp#27;[32mSave 97da85a7-eb3f-4af5-90e5-2c319ad46e3f(uuid8721)
сент. 16, 2025 8:21:58 PM webapp.storage.AbstractStorage save
INFO: &amp#27;[32mSave 97e0602e-3f09-4242-ba85-98927ce0d936(uuid8722)
сент. 16, 2025 8:21:58 PM webapp.storage.AbstractStorage save
INFO: &amp#27;[32mSave 53a30688-ef8c-48fc-9b03-ec4b8c4c0aae(uuid8723)
сент. 16, 2025 8:21:58 PM webapp.storage.AbstractStorage save
INFO: &amp#27;[32mSave 50e7cdce-b246-4f34-984a-bf66e7890a93(uuid8724)
сент. 16, 2025 8:21:58 PM webapp.storage.AbstractStorage save
INFO: &amp#27;[32mSave 3e88f132-58a1-41c4-928b-ebed4166d92a(uuid8725)
сент. 16, 2025 8:21:58 PM webapp.storage.AbstractStorage save
INFO: &amp#27;[32mSave 56b6a232-a5f6-4c59-b58c-5874a01edcb8(uuid8726)
сент. 16, 2025 8:21:58 PM webapp.storage.AbstractStorage save
INFO: &amp#27;[32mSave 5bc0a002-bb7f-4d38-921b-a0c755e3daf3(uuid8727)
сент. 16, 2025 8:21:58 PM webapp.storage.AbstractStorage save
INFO: &amp#27;[32mSave a9f760ef-911f-4afb-a538-c2211943db6c(uuid8728)
сент. 16, 2025 8:21:58 PM webapp.storage.AbstractStorage save
INFO: &amp#27;[32mSave 32df5b7e-e285-4648-af42-19fb7901e51d(uuid8729)
сент. 16, 2025 8:21:58 PM webapp.storage.AbstractStorage save
INFO: &amp#27;[32mSave 5975fe45-17fd-4f45-b0d4-d518260650b3(uuid8730)
сент. 16, 2025 8:21:58 PM webapp.storage.AbstractStorage save
INFO: &amp#27;[32mSave 5a979a75-7cba-4925-89e7-c4a7c17bf211(uuid8731)
сент. 16, 2025 8:21:58 PM webapp.storage.AbstractStorage save
INFO: &amp#27;[32mSave 08e71502-9e82-4f31-940f-fe89d1f13087(uuid8732)
сент. 16, 2025 8:21:58 PM webapp.storage.AbstractStorage save
INFO: &amp#27;[32mSave bb29270d-fe54-4587-b226-e49db6cd25ee(uuid8733)
сент. 16, 2025 8:21:58 PM webapp.storage.AbstractStorage save
INFO: &amp#27;[32mSave 9694c92c-ed67-42f5-87dc-2232af774856(uuid8734)
сент. 16, 2025 8:21:58 PM webapp.storage.AbstractStorage save
INFO: &amp#27;[32mSave 3c7f6aca-597e-4528-a81c-1be6c2cd6056(uuid8735)
сент. 16, 2025 8:21:58 PM webapp.storage.AbstractStorage save
INFO: &amp#27;[32mSave 072eabb2-f5ef-49c5-a250-889de9956b3f(uuid8736)
сент. 16, 2025 8:21:58 PM webapp.storage.AbstractStorage save
INFO: &amp#27;[32mSave dca63826-eb13-4c6a-8255-3f13edf197fb(uuid8737)
сент. 16, 2025 8:21:58 PM webapp.storage.AbstractStorage save
INFO: &amp#27;[32mSave 6e74b49f-8671-466f-9e30-12204e657afd(uuid8738)
сент. 16, 2025 8:21:58 PM webapp.storage.AbstractStorage save
INFO: &amp#27;[32mSave 7de918f7-9735-48b0-b9a5-dd0b86b0d95b(uuid8739)
сент. 16, 2025 8:21:58 PM webapp.storage.AbstractStorage save
INFO: &amp#27;[32mSave 17e17d92-7568-43c8-bc2f-78b92800f6d9(uuid8740)
сент. 16, 2025 8:21:58 PM webapp.storage.AbstractStorage save
INFO: &amp#27;[32mSave 9f0bba52-a30f-49e7-9951-78c5a94b80f1(uuid8741)
сент. 16, 2025 8:21:58 PM webapp.storage.AbstractStorage save
INFO: &amp#27;[32mSave 6f46ca8f-7557-4db2-9df1-1f03b4d7755b(uuid8742)
сент. 16, 2025 8:21:58 PM webapp.storage.AbstractStorage save
INFO: &amp#27;[32mSave 776bbb38-58b7-477c-96e9-3249af6fad55(uuid8743)
сент. 16, 2025 8:21:58 PM webapp.storage.AbstractStorage save
INFO: &amp#27;[32mSave 9023fe84-2edc-40e7-87cd-cb5fca346e22(uuid8744)
сент. 16, 2025 8:21:58 PM webapp.storage.AbstractStorage save
INFO: &amp#27;[32mSave c238b944-f355-4958-a481-a064f182d5ec(uuid8745)
сент. 16, 2025 8:21:58 PM webapp.storage.AbstractStorage save
INFO: &amp#27;[32mSave 97c49a97-c72e-4e32-b128-8522c47f08b7(uuid8746)
сент. 16, 2025 8:21:58 PM webapp.storage.AbstractStorage save
INFO: &amp#27;[32mSave 768b3281-d39f-4fb1-8d54-418c7dfd734d(uuid8747)
сент. 16, 2025 8:21:58 PM webapp.storage.AbstractStorage save
INFO: &amp#27;[32mSave 373da909-5d1e-409c-b9d6-f19d86e18689(uuid8748)
сент. 16, 2025 8:21:58 PM webapp.storage.AbstractStorage save
INFO: &amp#27;[32mSave cc022209-5c04-4d86-b692-7b25640351db(uuid8749)
сент. 16, 2025 8:21:58 PM webapp.storage.AbstractStorage save
INFO: &amp#27;[32mSave 5418b1f8-9371-4b11-a80b-2537e93532e8(uuid8750)
сент. 16, 2025 8:21:58 PM webapp.storage.AbstractStorage save
INFO: &amp#27;[32mSave 3c6dc37b-1c4f-4b3d-9fb1-fcba9b79812e(uuid8751)
сент. 16, 2025 8:21:58 PM webapp.storage.AbstractStorage save
INFO: &amp#27;[32mSave 781ebf4f-ce9a-4797-9b23-c1c51bab2acd(uuid8752)
сент. 16, 2025 8:21:58 PM webapp.storage.AbstractStorage save
INFO: &amp#27;[32mSave e72d31ff-8c9b-4b6f-9a32-286a3a7d8b54(uuid8753)
сент. 16, 2025 8:21:58 PM webapp.storage.AbstractStorage save
INFO: &amp#27;[32mSave 96bc5abb-8656-4584-9a02-70af5d175fd9(uuid8754)
сент. 16, 2025 8:21:58 PM webapp.storage.AbstractStorage save
INFO: &amp#27;[32mSave c09f4e9c-f218-475f-8790-7abea014d441(uuid8755)
сент. 16, 2025 8:21:58 PM webapp.storage.AbstractStorage save
INFO: &amp#27;[32mSave 4e242207-5432-496f-a425-ead87291b6eb(uuid8756)
сент. 16, 2025 8:21:58 PM webapp.storage.AbstractStorage save
INFO: &amp#27;[32mSave 40ef925f-b803-40e4-841f-120df4107703(uuid8757)
сент. 16, 2025 8:21:58 PM webapp.storage.AbstractStorage save
INFO: &amp#27;[32mSave 944a6cd0-3371-499c-99b6-765b98cd2abd(uuid8758)
сент. 16, 2025 8:21:58 PM webapp.storage.AbstractStorage save
INFO: &amp#27;[32mSave 831d4e12-27f5-45ea-99c0-2219a34f59f2(uuid8759)
сент. 16, 2025 8:21:58 PM webapp.storage.AbstractStorage save
INFO: &amp#27;[32mSave 87ddc961-0cbd-4424-900f-1cb6bd752c36(uuid8760)
сент. 16, 2025 8:21:58 PM webapp.storage.AbstractStorage save
INFO: &amp#27;[32mSave f824066b-e1e1-4354-b0af-1224c5fb9714(uuid8761)
сент. 16, 2025 8:21:58 PM webapp.storage.AbstractStorage save
INFO: &amp#27;[32mSave c5e895e6-6d25-43cb-84f1-110b1cf13c28(uuid8762)
сент. 16, 2025 8:21:58 PM webapp.storage.AbstractStorage save
INFO: &amp#27;[32mSave 01fb6df4-0e24-4ffb-8147-7be7bdc30128(uuid8763)
сент. 16, 2025 8:21:58 PM webapp.storage.AbstractStorage save
INFO: &amp#27;[32mSave fbd1d208-9bc4-46b1-91dc-51e630954bce(uuid8764)
сент. 16, 2025 8:21:58 PM webapp.storage.AbstractStorage save
INFO: &amp#27;[32mSave 7dfacc6f-5a6d-40f7-b48c-b2acbe3247fa(uuid8765)
сент. 16, 2025 8:21:58 PM webapp.storage.AbstractStorage save
INFO: &amp#27;[32mSave bb5ce498-f636-41a5-beeb-3ccf325bd557(uuid8766)
сент. 16, 2025 8:21:58 PM webapp.storage.AbstractStorage save
INFO: &amp#27;[32mSave 3fb280d5-3277-4031-8a61-5ea251664028(uuid8767)
сент. 16, 2025 8:21:58 PM webapp.storage.AbstractStorage save
INFO: &amp#27;[32mSave 9bf4805b-8ea3-4d41-bc73-9cccf687e348(uuid8768)
сент. 16, 2025 8:21:58 PM webapp.storage.AbstractStorage save
INFO: &amp#27;[32mSave 02edfe14-e256-4f43-b163-8cb325c5f418(uuid8769)
сент. 16, 2025 8:21:58 PM webapp.storage.AbstractStorage save
INFO: &amp#27;[32mSave e5e2bea9-fadf-40ee-ad0e-e67582486373(uuid8770)
сент. 16, 2025 8:21:58 PM webapp.storage.AbstractStorage save
INFO: &amp#27;[32mSave 6a747e3a-145c-4e8e-b1e2-89681ccd39fc(uuid8771)
сент. 16, 2025 8:21:58 PM webapp.storage.AbstractStorage save
INFO: &amp#27;[32mSave 5d631137-1a02-4e88-b3d5-d0f201f45d60(uuid8772)
сент. 16, 2025 8:21:58 PM webapp.storage.AbstractStorage save
INFO: &amp#27;[32mSave 3fa23ccb-0552-42d4-bd4a-494df566fa7c(uuid8773)
сент. 16, 2025 8:21:58 PM webapp.storage.AbstractStorage save
INFO: &amp#27;[32mSave 5d189271-0adb-43a2-954f-299d8018d0c8(uuid8774)
сент. 16, 2025 8:21:58 PM webapp.storage.AbstractStorage save
INFO: &amp#27;[32mSave 77aa625b-fdf4-400f-9af9-597ab3850b3d(uuid8775)
сент. 16, 2025 8:21:58 PM webapp.storage.AbstractStorage save
INFO: &amp#27;[32mSave 5b185707-5c90-44c5-bfe3-64c1070b4da4(uuid8776)
сент. 16, 2025 8:21:58 PM webapp.storage.AbstractStorage save
INFO: &amp#27;[32mSave 26360250-4384-4c6d-869d-0eedc99082f1(uuid8777)
сент. 16, 2025 8:21:58 PM webapp.storage.AbstractStorage save
INFO: &amp#27;[32mSave b473f63b-16de-4837-b73b-0e8b9a5279cb(uuid8778)
сент. 16, 2025 8:21:58 PM webapp.storage.AbstractStorage save
INFO: &amp#27;[32mSave 1754e77c-ba38-407a-b89a-657a55649f11(uuid8779)
сент. 16, 2025 8:21:58 PM webapp.storage.AbstractStorage save
INFO: &amp#27;[32mSave aff49602-5c23-4ec4-9311-9214fe0fd180(uuid8780)
сент. 16, 2025 8:21:58 PM webapp.storage.AbstractStorage save
INFO: &amp#27;[32mSave 73e1f018-0948-4744-90e8-2db711c7b70a(uuid8781)
сент. 16, 2025 8:21:58 PM webapp.storage.AbstractStorage save
INFO: &amp#27;[32mSave 574ccd4e-d7d0-426c-8448-aba1f76bcc45(uuid8782)
сент. 16, 2025 8:21:58 PM webapp.storage.AbstractStorage save
INFO: &amp#27;[32mSave 93aa854b-c95d-421c-bec0-208446d1a14c(uuid8783)
сент. 16, 2025 8:21:58 PM webapp.storage.AbstractStorage save
INFO: &amp#27;[32mSave 7ef4784e-73cb-47c5-bd21-19278dd55b16(uuid8784)
сент. 16, 2025 8:21:58 PM webapp.storage.AbstractStorage save
INFO: &amp#27;[32mSave b94f5d0b-7a80-46bf-a3df-f8eb1c61fc25(uuid8785)
сент. 16, 2025 8:21:58 PM webapp.storage.AbstractStorage save
INFO: &amp#27;[32mSave e8c1f5ec-8df8-4e28-821f-5a76cfa40c0c(uuid8786)
сент. 16, 2025 8:21:58 PM webapp.storage.AbstractStorage save
INFO: &amp#27;[32mSave c53de7e1-5941-46c5-8513-cda712d9383e(uuid8787)
сент. 16, 2025 8:21:58 PM webapp.storage.AbstractStorage save
INFO: &amp#27;[32mSave 7980036c-4a28-4e0f-b79a-5de7bbc40841(uuid8788)
сент. 16, 2025 8:21:58 PM webapp.storage.AbstractStorage save
INFO: &amp#27;[32mSave c7e1d775-ea70-4e16-930e-a1f6404627b1(uuid8789)
сент. 16, 2025 8:21:58 PM webapp.storage.AbstractStorage save
INFO: &amp#27;[32mSave 12e8b0a6-93d5-45b1-a1dd-2c14cd37015a(uuid8790)
сент. 16, 2025 8:21:58 PM webapp.storage.AbstractStorage save
INFO: &amp#27;[32mSave b57b844d-c9cb-4ee3-867c-c2e6cfa5010c(uuid8791)
сент. 16, 2025 8:21:58 PM webapp.storage.AbstractStorage save
INFO: &amp#27;[32mSave 611caccf-6bc9-4a2a-a18c-e9d57537b0de(uuid8792)
сент. 16, 2025 8:21:58 PM webapp.storage.AbstractStorage save
INFO: &amp#27;[32mSave 51c5b605-b91a-4ce9-b766-33f426be592c(uuid8793)
сент. 16, 2025 8:21:58 PM webapp.storage.AbstractStorage save
INFO: &amp#27;[32mSave 9fc226f4-e972-44c6-9462-567a74ada770(uuid8794)
сент. 16, 2025 8:21:58 PM webapp.storage.AbstractStorage save
INFO: &amp#27;[32mSave 89a1fdcc-b3f5-4709-83a5-dc87a29539d7(uuid8795)
сент. 16, 2025 8:21:58 PM webapp.storage.AbstractStorage save
INFO: &amp#27;[32mSave 32f7c3ff-60e5-4cd7-9c22-67f81fe9bedf(uuid8796)
сент. 16, 2025 8:21:58 PM webapp.storage.AbstractStorage save
INFO: &amp#27;[32mSave e975ce27-e1a7-4976-afb4-8e46f47c42c7(uuid8797)
сент. 16, 2025 8:21:58 PM webapp.storage.AbstractStorage save
INFO: &amp#27;[32mSave 7cb4fdc6-5fc0-4dc3-afcc-43d206e6068c(uuid8798)
сент. 16, 2025 8:21:58 PM webapp.storage.AbstractStorage save
INFO: &amp#27;[32mSave 41b9e2ba-1318-4385-860d-0943c75e00c9(uuid8799)
сент. 16, 2025 8:21:58 PM webapp.storage.AbstractStorage save
INFO: &amp#27;[32mSave 5c4256f7-8e56-4823-9af1-4ed87ffa128e(uuid8800)
сент. 16, 2025 8:21:58 PM webapp.storage.AbstractStorage save
INFO: &amp#27;[32mSave 215b7408-143e-4e80-b212-9b54ea521e2e(uuid8801)
сент. 16, 2025 8:21:58 PM webapp.storage.AbstractStorage save
INFO: &amp#27;[32mSave 6f397af8-cb01-47dc-8b11-981f20a49b26(uuid8802)
сент. 16, 2025 8:21:58 PM webapp.storage.AbstractStorage save
INFO: &amp#27;[32mSave 073257e8-9ea6-47a3-87a9-11ff33941458(uuid8803)
сент. 16, 2025 8:21:58 PM webapp.storage.AbstractStorage save
INFO: &amp#27;[32mSave b3701fe1-b200-497c-9d5c-f7986e7ad300(uuid8804)
сент. 16, 2025 8:21:58 PM webapp.storage.AbstractStorage save
INFO: &amp#27;[32mSave f2645506-e943-4f99-a818-28ea9ae6cab4(uuid8805)
сент. 16, 2025 8:21:58 PM webapp.storage.AbstractStorage save
INFO: &amp#27;[32mSave 871ebef3-84c1-484d-bfcf-9905ae733c8c(uuid8806)
сент. 16, 2025 8:21:58 PM webapp.storage.AbstractStorage save
INFO: &amp#27;[32mSave dc3cbbd1-c67e-4655-8341-012c349cac37(uuid8807)
сент. 16, 2025 8:21:58 PM webapp.storage.AbstractStorage save
INFO: &amp#27;[32mSave b5581159-a6ad-43f8-840b-d0ed91339796(uuid8808)
сент. 16, 2025 8:21:58 PM webapp.storage.AbstractStorage save
INFO: &amp#27;[32mSave 88d2004f-1204-49b8-8566-733c39e95ee8(uuid8809)
сент. 16, 2025 8:21:58 PM webapp.storage.AbstractStorage save
INFO: &amp#27;[32mSave 6e851531-73ff-4a74-90b2-3c73e63ca35e(uuid8810)
сент. 16, 2025 8:21:58 PM webapp.storage.AbstractStorage save
INFO: &amp#27;[32mSave 3712e433-7683-473d-8f06-ff7e7493285f(uuid8811)
сент. 16, 2025 8:21:58 PM webapp.storage.AbstractStorage save
INFO: &amp#27;[32mSave 62f87e99-9154-4e02-940d-abbac2920876(uuid8812)
сент. 16, 2025 8:21:58 PM webapp.storage.AbstractStorage save
INFO: &amp#27;[32mSave ee9e1375-d41a-466a-8d0e-e3a50246cd4f(uuid8813)
сент. 16, 2025 8:21:58 PM webapp.storage.AbstractStorage save
INFO: &amp#27;[32mSave b08b1397-6dba-4e38-bd15-c48a45636678(uuid8814)
сент. 16, 2025 8:21:58 PM webapp.storage.AbstractStorage save
INFO: &amp#27;[32mSave dbbf2721-3fa1-4032-b8e9-038b32f46a8b(uuid8815)
сент. 16, 2025 8:21:58 PM webapp.storage.AbstractStorage save
INFO: &amp#27;[32mSave 36a8828e-b69f-431e-b4c4-41f261eac43b(uuid8816)
сент. 16, 2025 8:21:58 PM webapp.storage.AbstractStorage save
INFO: &amp#27;[32mSave 4fe8c997-f486-413e-9113-5e8dc28f99e2(uuid8817)
сент. 16, 2025 8:21:58 PM webapp.storage.AbstractStorage save
INFO: &amp#27;[32mSave cf115358-aed7-4c3b-8eab-2dcd79ed4455(uuid8818)
сент. 16, 2025 8:21:58 PM webapp.storage.AbstractStorage save
INFO: &amp#27;[32mSave 71191a23-48ee-4fa1-838d-f641e25786e7(uuid8819)
сент. 16, 2025 8:21:58 PM webapp.storage.AbstractStorage save
INFO: &amp#27;[32mSave d56cba66-d954-44c0-9031-7c63225a65a5(uuid8820)
сент. 16, 2025 8:21:58 PM webapp.storage.AbstractStorage save
INFO: &amp#27;[32mSave 2c98a0c7-96b6-40ce-86cb-c831dfaf6a61(uuid8821)
сент. 16, 2025 8:21:58 PM webapp.storage.AbstractStorage save
INFO: &amp#27;[32mSave 085aba23-256a-44e9-8940-46ba17c74e6b(uuid8822)
сент. 16, 2025 8:21:58 PM webapp.storage.AbstractStorage save
INFO: &amp#27;[32mSave 3f13b4d3-971e-47c8-b2a2-fdab58128b7b(uuid8823)
сент. 16, 2025 8:21:58 PM webapp.storage.AbstractStorage save
INFO: &amp#27;[32mSave 7c458f51-4ebd-4ca3-9d52-0ba72f8bfefd(uuid8824)
сент. 16, 2025 8:21:58 PM webapp.storage.AbstractStorage save
INFO: &amp#27;[32mSave 5a1dbab6-d721-484a-b890-efe611ffbb64(uuid8825)
сент. 16, 2025 8:21:58 PM webapp.storage.AbstractStorage save
INFO: &amp#27;[32mSave 22fd280a-2f85-4438-8cf9-0220eef7fc51(uuid8826)
сент. 16, 2025 8:21:58 PM webapp.storage.AbstractStorage save
INFO: &amp#27;[32mSave c9246047-62f7-4ce7-be74-fc35ea8467b8(uuid8827)
сент. 16, 2025 8:21:58 PM webapp.storage.AbstractStorage save
INFO: &amp#27;[32mSave fdaeff65-8100-4e22-9768-df61addcd6ec(uuid8828)
сент. 16, 2025 8:21:58 PM webapp.storage.AbstractStorage save
INFO: &amp#27;[32mSave 07795051-cc7f-4df7-a803-5ea0614e639c(uuid8829)
сент. 16, 2025 8:21:58 PM webapp.storage.AbstractStorage save
INFO: &amp#27;[32mSave 15a059b3-f2e4-48d3-a184-49205da803e4(uuid8830)
сент. 16, 2025 8:21:58 PM webapp.storage.AbstractStorage save
INFO: &amp#27;[32mSave 55174858-75cb-4cb1-9d1d-52fd2c562d96(uuid8831)
сент. 16, 2025 8:21:58 PM webapp.storage.AbstractStorage save
INFO: &amp#27;[32mSave e50a6e1b-1d98-4657-bb79-2421e6cc9673(uuid8832)
сент. 16, 2025 8:21:58 PM webapp.storage.AbstractStorage save
INFO: &amp#27;[32mSave 4611fca0-4ac0-4911-a1b9-727dac7bd0b8(uuid8833)
сент. 16, 2025 8:21:58 PM webapp.storage.AbstractStorage save
INFO: &amp#27;[32mSave b9c26930-259d-4edf-91ea-51f73e7940cd(uuid8834)
сент. 16, 2025 8:21:58 PM webapp.storage.AbstractStorage save
INFO: &amp#27;[32mSave 09e69da2-029d-45cf-91f2-7e56fd974b41(uuid8835)
сент. 16, 2025 8:21:58 PM webapp.storage.AbstractStorage save
INFO: &amp#27;[32mSave af295e52-e7b1-4d4f-8650-96546a77bbb0(uuid8836)
сент. 16, 2025 8:21:58 PM webapp.storage.AbstractStorage save
INFO: &amp#27;[32mSave 7581c83e-5790-4a8d-8154-dd9e48d9ddb2(uuid8837)
сент. 16, 2025 8:21:58 PM webapp.storage.AbstractStorage save
INFO: &amp#27;[32mSave 59eded6e-1db1-4d12-a96d-6dc2b7f109da(uuid8838)
сент. 16, 2025 8:21:58 PM webapp.storage.AbstractStorage save
INFO: &amp#27;[32mSave 5c2f2f80-2f0f-4763-b7d0-65de1cd2ff6c(uuid8839)
сент. 16, 2025 8:21:58 PM webapp.storage.AbstractStorage save
INFO: &amp#27;[32mSave 6ff61f76-f757-4518-a45d-0c9d8551710f(uuid8840)
сент. 16, 2025 8:21:58 PM webapp.storage.AbstractStorage save
INFO: &amp#27;[32mSave 5c2ff2d3-441e-4038-8286-7daf3b94d0c2(uuid8841)
сент. 16, 2025 8:21:58 PM webapp.storage.AbstractStorage save
INFO: &amp#27;[32mSave 87d79066-fdb5-42c1-a232-9dfa0e5c494d(uuid8842)
сент. 16, 2025 8:21:58 PM webapp.storage.AbstractStorage save
INFO: &amp#27;[32mSave 8f560241-ab68-40c6-a67b-551a4212b115(uuid8843)
сент. 16, 2025 8:21:58 PM webapp.storage.AbstractStorage save
INFO: &amp#27;[32mSave dcff38d1-bebb-4c62-b816-8344fad8c944(uuid8844)
сент. 16, 2025 8:21:58 PM webapp.storage.AbstractStorage save
INFO: &amp#27;[32mSave 9301aaa2-8ba1-4519-999c-ccb5250b3cff(uuid8845)
сент. 16, 2025 8:21:58 PM webapp.storage.AbstractStorage save
INFO: &amp#27;[32mSave 5fb56098-c00f-4172-81a4-b845497e2fe9(uuid8846)
сент. 16, 2025 8:21:58 PM webapp.storage.AbstractStorage save
INFO: &amp#27;[32mSave 7936b01d-ad6c-41ea-93b9-6b2acbb1546d(uuid8847)
сент. 16, 2025 8:21:58 PM webapp.storage.AbstractStorage save
INFO: &amp#27;[32mSave 8f155083-fb55-44b0-9293-63100fbb8a74(uuid8848)
сент. 16, 2025 8:21:58 PM webapp.storage.AbstractStorage save
INFO: &amp#27;[32mSave 5f4db5d9-e35f-4844-8d98-c67862304f6f(uuid8849)
сент. 16, 2025 8:21:58 PM webapp.storage.AbstractStorage save
INFO: &amp#27;[32mSave f7a04171-7e80-4b17-92d0-0c8a5865aad3(uuid8850)
сент. 16, 2025 8:21:58 PM webapp.storage.AbstractStorage save
INFO: &amp#27;[32mSave 002c5f59-2c5a-4ad7-a0d8-f6ecb81c6159(uuid8851)
сент. 16, 2025 8:21:58 PM webapp.storage.AbstractStorage save
INFO: &amp#27;[32mSave 70ca6a5f-0818-4f5e-9390-98c786e92e10(uuid8852)
сент. 16, 2025 8:21:58 PM webapp.storage.AbstractStorage save
INFO: &amp#27;[32mSave 7080d07a-7c61-4c8d-8b9e-0d5306661500(uuid8853)
сент. 16, 2025 8:21:58 PM webapp.storage.AbstractStorage save
INFO: &amp#27;[32mSave caac1e23-f67d-49b9-9df4-71ffaf08eba2(uuid8854)
сент. 16, 2025 8:21:58 PM webapp.storage.AbstractStorage save
INFO: &amp#27;[32mSave 600b3ee0-4c22-4c0d-a39e-060e5eb2102c(uuid8855)
сент. 16, 2025 8:21:58 PM webapp.storage.AbstractStorage save
INFO: &amp#27;[32mSave 056f14fd-ab9e-45c1-9865-ab960774f9b8(uuid8856)
сент. 16, 2025 8:21:58 PM webapp.storage.AbstractStorage save
INFO: &amp#27;[32mSave ef034c67-c2a3-47f3-a5cc-2655de052436(uuid8857)
сент. 16, 2025 8:21:58 PM webapp.storage.AbstractStorage save
INFO: &amp#27;[32mSave 20bbc568-a8e1-442f-8018-a6b4a3b279d3(uuid8858)
сент. 16, 2025 8:21:58 PM webapp.storage.AbstractStorage save
INFO: &amp#27;[32mSave 5bb47040-716b-40ae-9246-1048bac846e1(uuid8859)
сент. 16, 2025 8:21:58 PM webapp.storage.AbstractStorage save
INFO: &amp#27;[32mSave 1be95f10-e787-4f07-be2e-05246c835943(uuid8860)
сент. 16, 2025 8:21:58 PM webapp.storage.AbstractStorage save
INFO: &amp#27;[32mSave 5852ce06-92b6-4baa-a49c-6020fa064ebb(uuid8861)
сент. 16, 2025 8:21:58 PM webapp.storage.AbstractStorage save
INFO: &amp#27;[32mSave 756b8cad-0d6e-4a10-a8be-690472481603(uuid8862)
сент. 16, 2025 8:21:58 PM webapp.storage.AbstractStorage save
INFO: &amp#27;[32mSave 1c782ffb-2e83-47de-a13e-fe7275e78a7f(uuid8863)
сент. 16, 2025 8:21:58 PM webapp.storage.AbstractStorage save
INFO: &amp#27;[32mSave bfece87d-fe30-4e81-bbad-648ecbafdfc6(uuid8864)
сент. 16, 2025 8:21:58 PM webapp.storage.AbstractStorage save
INFO: &amp#27;[32mSave 15d96b46-5031-4f47-b0bf-011625f2d643(uuid8865)
сент. 16, 2025 8:21:58 PM webapp.storage.AbstractStorage save
INFO: &amp#27;[32mSave 279b6cda-47ed-4c31-878a-631c443cac16(uuid8866)
сент. 16, 2025 8:21:58 PM webapp.storage.AbstractStorage save
INFO: &amp#27;[32mSave 7dc267d1-7621-4679-a6c6-b1152aeffca1(uuid8867)
сент. 16, 2025 8:21:58 PM webapp.storage.AbstractStorage save
INFO: &amp#27;[32mSave 5a9712a0-8d2f-4132-bb0f-355cbe1d9b22(uuid8868)
сент. 16, 2025 8:21:58 PM webapp.storage.AbstractStorage save
INFO: &amp#27;[32mSave 1d2d3476-853e-4b60-8b68-d425861bedf2(uuid8869)
сент. 16, 2025 8:21:58 PM webapp.storage.AbstractStorage save
INFO: &amp#27;[32mSave efce2f25-d72c-4dcf-a9fb-c98296dfdf7b(uuid8870)
сент. 16, 2025 8:21:58 PM webapp.storage.AbstractStorage save
INFO: &amp#27;[32mSave 3aaf1d4a-d009-437f-8627-1be870fa3b4a(uuid8871)
сент. 16, 2025 8:21:58 PM webapp.storage.AbstractStorage save
INFO: &amp#27;[32mSave 9cfc3d50-dcd2-4e1e-9841-37978517f6a5(uuid8872)
сент. 16, 2025 8:21:58 PM webapp.storage.AbstractStorage save
INFO: &amp#27;[32mSave 7ace03ec-fb64-4d2c-979b-3acd3556b17d(uuid8873)
сент. 16, 2025 8:21:58 PM webapp.storage.AbstractStorage save
INFO: &amp#27;[32mSave 9f870add-2523-448c-bcd8-d2326c5348f2(uuid8874)
сент. 16, 2025 8:21:58 PM webapp.storage.AbstractStorage save
INFO: &amp#27;[32mSave 0cebf894-c36a-4e14-a312-efe319f1ff53(uuid8875)
сент. 16, 2025 8:21:58 PM webapp.storage.AbstractStorage save
INFO: &amp#27;[32mSave de0c0e3d-6aaf-4769-93dd-eb78c147d476(uuid8876)
сент. 16, 2025 8:21:58 PM webapp.storage.AbstractStorage save
INFO: &amp#27;[32mSave 27db2567-8b54-4b71-8688-d98e120426c9(uuid8877)
сент. 16, 2025 8:21:58 PM webapp.storage.AbstractStorage save
INFO: &amp#27;[32mSave f2c36782-14ce-4161-9500-4fd53ffab7f8(uuid8878)
сент. 16, 2025 8:21:58 PM webapp.storage.AbstractStorage save
INFO: &amp#27;[32mSave 0d541363-301d-4a5c-9e5d-500457cb1d31(uuid8879)
сент. 16, 2025 8:21:58 PM webapp.storage.AbstractStorage save
INFO: &amp#27;[32mSave f4695678-7b93-4963-a806-09f2621f90de(uuid8880)
сент. 16, 2025 8:21:58 PM webapp.storage.AbstractStorage save
INFO: &amp#27;[32mSave 5526160f-9521-4446-9a77-4c35252c24e6(uuid8881)
сент. 16, 2025 8:21:58 PM webapp.storage.AbstractStorage save
INFO: &amp#27;[32mSave 9c4582a3-d3a6-408e-baa1-ca3bdf4fe3c0(uuid8882)
сент. 16, 2025 8:21:58 PM webapp.storage.AbstractStorage save
INFO: &amp#27;[32mSave 8fe362c7-fa44-44bd-aef7-26d5ad3ed78e(uuid8883)
сент. 16, 2025 8:21:58 PM webapp.storage.AbstractStorage save
INFO: &amp#27;[32mSave 2e4c07cc-f812-424e-a498-5b8b064427ec(uuid8884)
сент. 16, 2025 8:21:58 PM webapp.storage.AbstractStorage save
INFO: &amp#27;[32mSave e4d94eed-ce7f-4727-aac1-66ba47d0b206(uuid8885)
сент. 16, 2025 8:21:58 PM webapp.storage.AbstractStorage save
INFO: &amp#27;[32mSave dfe49b7f-b846-43e3-b678-90d1c2b5cbff(uuid8886)
сент. 16, 2025 8:21:58 PM webapp.storage.AbstractStorage save
INFO: &amp#27;[32mSave 09957527-0284-4e3a-87f8-4ae334976da8(uuid8887)
сент. 16, 2025 8:21:58 PM webapp.storage.AbstractStorage save
INFO: &amp#27;[32mSave 4c45e6a0-f20a-4b35-91f0-c2f6ec2097e1(uuid8888)
сент. 16, 2025 8:21:58 PM webapp.storage.AbstractStorage save
INFO: &amp#27;[32mSave 0d05c900-3e62-40d3-b904-6660f4a49e0a(uuid8889)
сент. 16, 2025 8:21:58 PM webapp.storage.AbstractStorage save
INFO: &amp#27;[32mSave 6d605e95-d7a3-48a1-8153-1f6ad6057866(uuid8890)
сент. 16, 2025 8:21:58 PM webapp.storage.AbstractStorage save
INFO: &amp#27;[32mSave 8c96855e-0d09-426e-9185-8468148dfee9(uuid8891)
сент. 16, 2025 8:21:58 PM webapp.storage.AbstractStorage save
INFO: &amp#27;[32mSave 1f358a9a-f09f-4df4-9c37-de5299094ac6(uuid8892)
сент. 16, 2025 8:21:58 PM webapp.storage.AbstractStorage save
INFO: &amp#27;[32mSave 552f6a4b-f37b-426a-b61b-db68bfca3e99(uuid8893)
сент. 16, 2025 8:21:58 PM webapp.storage.AbstractStorage save
INFO: &amp#27;[32mSave f2b5693b-a391-41a7-a1eb-5dd2750c4a29(uuid8894)
сент. 16, 2025 8:21:58 PM webapp.storage.AbstractStorage save
INFO: &amp#27;[32mSave faed47d9-d57a-4645-af1b-a46555984d1c(uuid8895)
сент. 16, 2025 8:21:58 PM webapp.storage.AbstractStorage save
INFO: &amp#27;[32mSave c345efb5-391e-486d-8692-ad61ad84c3a6(uuid8896)
сент. 16, 2025 8:21:58 PM webapp.storage.AbstractStorage save
INFO: &amp#27;[32mSave 12269dd6-e4ad-44e5-81be-a3b269a4c34e(uuid8897)
сент. 16, 2025 8:21:58 PM webapp.storage.AbstractStorage save
INFO: &amp#27;[32mSave ebc5b3f4-029c-4532-9968-dd3aa82a51b1(uuid8898)
сент. 16, 2025 8:21:58 PM webapp.storage.AbstractStorage save
INFO: &amp#27;[32mSave ce1be697-155a-438d-b5e3-bfac5d9767ee(uuid8899)
сент. 16, 2025 8:21:58 PM webapp.storage.AbstractStorage save
INFO: &amp#27;[32mSave 98aedf5f-5759-4751-964d-6944f9a82c17(uuid8900)
сент. 16, 2025 8:21:58 PM webapp.storage.AbstractStorage save
INFO: &amp#27;[32mSave 64c0e2ac-1746-45a0-8cb8-0b3e113e70a3(uuid8901)
сент. 16, 2025 8:21:58 PM webapp.storage.AbstractStorage save
INFO: &amp#27;[32mSave 8abfe974-8e9d-461e-ac62-f0e5e5eeacd4(uuid8902)
сент. 16, 2025 8:21:58 PM webapp.storage.AbstractStorage save
INFO: &amp#27;[32mSave 3d047b07-a150-4bf6-8c7d-05acddd71baf(uuid8903)
сент. 16, 2025 8:21:58 PM webapp.storage.AbstractStorage save
INFO: &amp#27;[32mSave cfdadf3c-94d8-43fd-9399-8b73cd2e3d7d(uuid8904)
сент. 16, 2025 8:21:58 PM webapp.storage.AbstractStorage save
INFO: &amp#27;[32mSave 929ada8f-8cd8-4186-a722-6f38a4d8d8ac(uuid8905)
сент. 16, 2025 8:21:58 PM webapp.storage.AbstractStorage save
INFO: &amp#27;[32mSave d998d8d7-5122-48d6-adfd-f62e71fc2dda(uuid8906)
сент. 16, 2025 8:21:58 PM webapp.storage.AbstractStorage save
INFO: &amp#27;[32mSave 673aff35-b8ac-4f01-9ae5-17343f226d27(uuid8907)
сент. 16, 2025 8:21:58 PM webapp.storage.AbstractStorage save
INFO: &amp#27;[32mSave 90486466-e3a6-43e7-8029-211831f44cbd(uuid8908)
сент. 16, 2025 8:21:58 PM webapp.storage.AbstractStorage save
INFO: &amp#27;[32mSave 20a88c58-d14a-4ca4-82c5-9d14f1dd5788(uuid8909)
сент. 16, 2025 8:21:58 PM webapp.storage.AbstractStorage save
INFO: &amp#27;[32mSave e56f565f-3f40-44f5-b38c-096e6e23b31d(uuid8910)
сент. 16, 2025 8:21:58 PM webapp.storage.AbstractStorage save
INFO: &amp#27;[32mSave dc474509-8552-4943-bfa3-bf8fbba017a8(uuid8911)
сент. 16, 2025 8:21:58 PM webapp.storage.AbstractStorage save
INFO: &amp#27;[32mSave 4b0c16e7-8230-4dae-b78a-38ae824ea47a(uuid8912)
сент. 16, 2025 8:21:58 PM webapp.storage.AbstractStorage save
INFO: &amp#27;[32mSave e0bb96ff-2e0e-41f0-b7c8-1102a508a117(uuid8913)
сент. 16, 2025 8:21:58 PM webapp.storage.AbstractStorage save
INFO: &amp#27;[32mSave b3a6b330-402f-41a1-a67f-3ade7737181e(uuid8914)
сент. 16, 2025 8:21:58 PM webapp.storage.AbstractStorage save
INFO: &amp#27;[32mSave 33601f5e-1c04-4684-bfcc-2997c88db302(uuid8915)
сент. 16, 2025 8:21:58 PM webapp.storage.AbstractStorage save
INFO: &amp#27;[32mSave b32bf5a6-a034-4c85-8e19-8d7dc9fee822(uuid8916)
сент. 16, 2025 8:21:58 PM webapp.storage.AbstractStorage save
INFO: &amp#27;[32mSave 1ec15eeb-01e9-4dda-ab4d-ad9e4330f343(uuid8917)
сент. 16, 2025 8:21:58 PM webapp.storage.AbstractStorage save
INFO: &amp#27;[32mSave 97c6b4c5-f177-414c-bef6-7fffcb57549a(uuid8918)
сент. 16, 2025 8:21:58 PM webapp.storage.AbstractStorage save
INFO: &amp#27;[32mSave cd818311-e91e-4f52-a456-5600c81f04bb(uuid8919)
сент. 16, 2025 8:21:58 PM webapp.storage.AbstractStorage save
INFO: &amp#27;[32mSave abd8a2ec-4af2-4507-993a-3e2967877f5a(uuid8920)
сент. 16, 2025 8:21:58 PM webapp.storage.AbstractStorage save
INFO: &amp#27;[32mSave 39f9f76c-9775-41c5-b09f-8d711b6fb966(uuid8921)
сент. 16, 2025 8:21:58 PM webapp.storage.AbstractStorage save
INFO: &amp#27;[32mSave 5bea584d-97ce-4af8-ad04-75afdf25086e(uuid8922)
сент. 16, 2025 8:21:58 PM webapp.storage.AbstractStorage save
INFO: &amp#27;[32mSave eee2eb81-cddd-4dc8-a93c-f94441c50fc6(uuid8923)
сент. 16, 2025 8:21:58 PM webapp.storage.AbstractStorage save
INFO: &amp#27;[32mSave d818ad4c-174f-4a69-aa07-957b12a06990(uuid8924)
сент. 16, 2025 8:21:58 PM webapp.storage.AbstractStorage save
INFO: &amp#27;[32mSave 4fe6cbd9-87b4-4e64-bcc3-b05cac5796bd(uuid8925)
сент. 16, 2025 8:21:58 PM webapp.storage.AbstractStorage save
INFO: &amp#27;[32mSave 560d0c13-48f7-4fb0-9877-cf6f1df1aa55(uuid8926)
сент. 16, 2025 8:21:58 PM webapp.storage.AbstractStorage save
INFO: &amp#27;[32mSave 121780d5-6d96-441b-a6be-34182c8f1636(uuid8927)
сент. 16, 2025 8:21:58 PM webapp.storage.AbstractStorage save
INFO: &amp#27;[32mSave b1f2fadb-284d-4eda-b834-ed5bf9298244(uuid8928)
сент. 16, 2025 8:21:58 PM webapp.storage.AbstractStorage save
INFO: &amp#27;[32mSave dc9fa59b-bd51-40fb-b515-fd3fb343c1bb(uuid8929)
сент. 16, 2025 8:21:58 PM webapp.storage.AbstractStorage save
INFO: &amp#27;[32mSave d00e5e16-9938-4b28-93ce-6849fdae9973(uuid8930)
сент. 16, 2025 8:21:58 PM webapp.storage.AbstractStorage save
INFO: &amp#27;[32mSave 0974d9d1-49c0-4ea6-956d-b0121eb5a1a4(uuid8931)
сент. 16, 2025 8:21:58 PM webapp.storage.AbstractStorage save
INFO: &amp#27;[32mSave a6dd78b8-9c80-4a75-9728-28f435d451ce(uuid8932)
сент. 16, 2025 8:21:58 PM webapp.storage.AbstractStorage save
INFO: &amp#27;[32mSave fc4159ef-ab49-4894-838d-811142de61f6(uuid8933)
сент. 16, 2025 8:21:58 PM webapp.storage.AbstractStorage save
INFO: &amp#27;[32mSave 9501da33-e465-4783-8fac-4c886693a5f6(uuid8934)
сент. 16, 2025 8:21:58 PM webapp.storage.AbstractStorage save
INFO: &amp#27;[32mSave e652fad7-b87b-4a1f-8078-81764532d558(uuid8935)
сент. 16, 2025 8:21:58 PM webapp.storage.AbstractStorage save
INFO: &amp#27;[32mSave f2e23a25-4f28-40d8-ba0d-d7308eb66326(uuid8936)
сент. 16, 2025 8:21:58 PM webapp.storage.AbstractStorage save
INFO: &amp#27;[32mSave 9a50c595-71f3-4a4b-b6d7-a86958b512c2(uuid8937)
сент. 16, 2025 8:21:58 PM webapp.storage.AbstractStorage save
INFO: &amp#27;[32mSave 0e9e8444-c391-4082-83c7-d5f208b3fc7d(uuid8938)
сент. 16, 2025 8:21:58 PM webapp.storage.AbstractStorage save
INFO: &amp#27;[32mSave 55585511-4ddd-4252-bd3a-e272aeb69ea0(uuid8939)
сент. 16, 2025 8:21:58 PM webapp.storage.AbstractStorage save
INFO: &amp#27;[32mSave 7c9c9cea-eaef-44a5-a0ac-f3d8098cd6ba(uuid8940)
сент. 16, 2025 8:21:58 PM webapp.storage.AbstractStorage save
INFO: &amp#27;[32mSave 0bdd359d-6f95-4a5c-8260-326bfb878585(uuid8941)
сент. 16, 2025 8:21:58 PM webapp.storage.AbstractStorage save
INFO: &amp#27;[32mSave b88345d5-681d-49c1-a872-84e299494082(uuid8942)
сент. 16, 2025 8:21:58 PM webapp.storage.AbstractStorage save
INFO: &amp#27;[32mSave 79d11c96-f7c1-443d-8513-acf097d19928(uuid8943)
сент. 16, 2025 8:21:58 PM webapp.storage.AbstractStorage save
INFO: &amp#27;[32mSave f87ce2de-70fc-40bd-b028-55edb0d071bc(uuid8944)
сент. 16, 2025 8:21:58 PM webapp.storage.AbstractStorage save
INFO: &amp#27;[32mSave 7faf410e-b1af-4fb0-95e8-c02bbebc3420(uuid8945)
сент. 16, 2025 8:21:58 PM webapp.storage.AbstractStorage save
INFO: &amp#27;[32mSave 9d1c862e-aa53-429c-a287-3f4a13ecc7a7(uuid8946)
сент. 16, 2025 8:21:58 PM webapp.storage.AbstractStorage save
INFO: &amp#27;[32mSave 4b7265d7-93c1-4de8-a038-1f0fc575738c(uuid8947)
сент. 16, 2025 8:21:58 PM webapp.storage.AbstractStorage save
INFO: &amp#27;[32mSave cf678cf1-e1ff-4f6d-93ea-e6dc3cb6389a(uuid8948)
сент. 16, 2025 8:21:58 PM webapp.storage.AbstractStorage save
INFO: &amp#27;[32mSave e03f0c0e-fb51-469d-8dc5-5120b6958b09(uuid8949)
сент. 16, 2025 8:21:58 PM webapp.storage.AbstractStorage save
INFO: &amp#27;[32mSave f0dfbe4e-4a59-49fb-8911-e653f8143f31(uuid8950)
сент. 16, 2025 8:21:58 PM webapp.storage.AbstractStorage save
INFO: &amp#27;[32mSave 6e0a24b0-b604-4207-9f10-b676aa63c02b(uuid8951)
сент. 16, 2025 8:21:58 PM webapp.storage.AbstractStorage save
INFO: &amp#27;[32mSave ccd334bd-fbd3-4586-a654-8c5813e939e6(uuid8952)
сент. 16, 2025 8:21:58 PM webapp.storage.AbstractStorage save
INFO: &amp#27;[32mSave b1777e2f-59a1-405a-84cc-0195de6105c8(uuid8953)
сент. 16, 2025 8:21:58 PM webapp.storage.AbstractStorage save
INFO: &amp#27;[32mSave 4637e326-0230-4d58-90a1-c230566d5388(uuid8954)
сент. 16, 2025 8:21:58 PM webapp.storage.AbstractStorage save
INFO: &amp#27;[32mSave fc342c5a-8260-4e9e-ab87-53ec2471828d(uuid8955)
сент. 16, 2025 8:21:58 PM webapp.storage.AbstractStorage save
INFO: &amp#27;[32mSave 5db3896d-ff89-4a8f-876b-f505399c4b9b(uuid8956)
сент. 16, 2025 8:21:58 PM webapp.storage.AbstractStorage save
INFO: &amp#27;[32mSave 2cfec925-b722-45ae-b4ba-8b3cd5a23c0d(uuid8957)
сент. 16, 2025 8:21:58 PM webapp.storage.AbstractStorage save
INFO: &amp#27;[32mSave ea2e56ac-fc5c-4e43-91fe-11722ce79df8(uuid8958)
сент. 16, 2025 8:21:58 PM webapp.storage.AbstractStorage save
INFO: &amp#27;[32mSave 0ba00d64-2ba1-4dae-8bc6-53f67d2d2a31(uuid8959)
сент. 16, 2025 8:21:58 PM webapp.storage.AbstractStorage save
INFO: &amp#27;[32mSave edfd542a-94e4-47c9-8309-91dc6ba382b9(uuid8960)
сент. 16, 2025 8:21:58 PM webapp.storage.AbstractStorage save
INFO: &amp#27;[32mSave 9b00c8c7-f972-4178-b81e-69fdc72767f7(uuid8961)
сент. 16, 2025 8:21:58 PM webapp.storage.AbstractStorage save
INFO: &amp#27;[32mSave 64c3ef86-9300-4244-bd32-d162a2423c43(uuid8962)
сент. 16, 2025 8:21:58 PM webapp.storage.AbstractStorage save
INFO: &amp#27;[32mSave 80c17e5f-cd9a-42a7-8258-00dacaa1565a(uuid8963)
сент. 16, 2025 8:21:58 PM webapp.storage.AbstractStorage save
INFO: &amp#27;[32mSave 66fbe26b-f49b-4099-b640-1e7b9d0a028b(uuid8964)
сент. 16, 2025 8:21:58 PM webapp.storage.AbstractStorage save
INFO: &amp#27;[32mSave ee438719-dac5-4380-b77c-b3222ee72a65(uuid8965)
сент. 16, 2025 8:21:58 PM webapp.storage.AbstractStorage save
INFO: &amp#27;[32mSave 1b2e7993-bc48-48aa-8cec-bcb1438efa70(uuid8966)
сент. 16, 2025 8:21:58 PM webapp.storage.AbstractStorage save
INFO: &amp#27;[32mSave 18c45a60-659e-4bba-8761-7fcac8b1d984(uuid8967)
сент. 16, 2025 8:21:58 PM webapp.storage.AbstractStorage save
INFO: &amp#27;[32mSave f0d88012-45b6-43be-8e8b-8e82217109a9(uuid8968)
сент. 16, 2025 8:21:58 PM webapp.storage.AbstractStorage save
INFO: &amp#27;[32mSave 7e7c5ca1-47bf-4d90-84dc-e9dcb8ee0c6a(uuid8969)
сент. 16, 2025 8:21:58 PM webapp.storage.AbstractStorage save
INFO: &amp#27;[32mSave 821e444d-128f-4959-840b-6c5d2d992eb1(uuid8970)
сент. 16, 2025 8:21:58 PM webapp.storage.AbstractStorage save
INFO: &amp#27;[32mSave 2fcebe4d-3e45-4581-9cfb-412d24325d39(uuid8971)
сент. 16, 2025 8:21:58 PM webapp.storage.AbstractStorage save
INFO: &amp#27;[32mSave 6a9564db-ba70-4a65-b45b-7dbb372c27bc(uuid8972)
сент. 16, 2025 8:21:58 PM webapp.storage.AbstractStorage save
INFO: &amp#27;[32mSave 47528bdf-22b2-4cdf-9d9f-8d5a8e7bec9a(uuid8973)
сент. 16, 2025 8:21:58 PM webapp.storage.AbstractStorage save
INFO: &amp#27;[32mSave 30ff36a1-254e-4472-a924-b82847399100(uuid8974)
сент. 16, 2025 8:21:58 PM webapp.storage.AbstractStorage save
INFO: &amp#27;[32mSave 146d301f-2acf-44b4-b12f-3cd26f23d968(uuid8975)
сент. 16, 2025 8:21:58 PM webapp.storage.AbstractStorage save
INFO: &amp#27;[32mSave e9b4ffc1-9162-4d4d-8510-f5d62dcd71ff(uuid8976)
сент. 16, 2025 8:21:58 PM webapp.storage.AbstractStorage save
INFO: &amp#27;[32mSave 193cafb9-f8f7-476b-b03e-f0dfd69446ed(uuid8977)
сент. 16, 2025 8:21:58 PM webapp.storage.AbstractStorage save
INFO: &amp#27;[32mSave 79aac5ad-a5d9-43d8-be9f-e97923d76791(uuid8978)
сент. 16, 2025 8:21:58 PM webapp.storage.AbstractStorage save
INFO: &amp#27;[32mSave fa02b22c-2bf7-4ff6-9eff-3ecb8d42c837(uuid8979)
сент. 16, 2025 8:21:58 PM webapp.storage.AbstractStorage save
INFO: &amp#27;[32mSave bfefba18-73cd-4454-9806-8c319e59e1f7(uuid8980)
сент. 16, 2025 8:21:58 PM webapp.storage.AbstractStorage save
INFO: &amp#27;[32mSave dd55eff8-5d65-4652-8959-645049219ef3(uuid8981)
сент. 16, 2025 8:21:58 PM webapp.storage.AbstractStorage save
INFO: &amp#27;[32mSave 7a8d22e5-7036-4eba-83b7-4e950e5df250(uuid8982)
сент. 16, 2025 8:21:58 PM webapp.storage.AbstractStorage save
INFO: &amp#27;[32mSave 45a743b5-08f3-45ee-a508-34c13d14c8af(uuid8983)
сент. 16, 2025 8:21:58 PM webapp.storage.AbstractStorage save
INFO: &amp#27;[32mSave 712ca9f7-b2d5-4ffd-8fce-c0445a6d6bfc(uuid8984)
сент. 16, 2025 8:21:58 PM webapp.storage.AbstractStorage save
INFO: &amp#27;[32mSave 25addf90-77e8-4170-a72d-7679bc516eaa(uuid8985)
сент. 16, 2025 8:21:58 PM webapp.storage.AbstractStorage save
INFO: &amp#27;[32mSave c9546c9c-eaa8-49af-94ea-c76583fe8bd4(uuid8986)
сент. 16, 2025 8:21:58 PM webapp.storage.AbstractStorage save
INFO: &amp#27;[32mSave b2e0978e-8a19-4f21-989f-c757cd6fe457(uuid8987)
сент. 16, 2025 8:21:58 PM webapp.storage.AbstractStorage save
INFO: &amp#27;[32mSave ad4b9959-4bed-4a5a-a959-d340038f5816(uuid8988)
сент. 16, 2025 8:21:58 PM webapp.storage.AbstractStorage save
INFO: &amp#27;[32mSave 525aedf6-babe-48cf-9ba4-2a8232951a35(uuid8989)
сент. 16, 2025 8:21:58 PM webapp.storage.AbstractStorage save
INFO: &amp#27;[32mSave 22cd7e58-9300-4737-b249-281cb81c3f91(uuid8990)
сент. 16, 2025 8:21:58 PM webapp.storage.AbstractStorage save
INFO: &amp#27;[32mSave 9c73938f-d530-4c9c-93cd-d623f6babfda(uuid8991)
сент. 16, 2025 8:21:58 PM webapp.storage.AbstractStorage save
INFO: &amp#27;[32mSave d2a3e29e-24b4-46e3-8b46-773b316886a5(uuid8992)
сент. 16, 2025 8:21:58 PM webapp.storage.AbstractStorage save
INFO: &amp#27;[32mSave e4918293-aef4-4fa5-b80c-3391b9b29302(uuid8993)
сент. 16, 2025 8:21:58 PM webapp.storage.AbstractStorage save
INFO: &amp#27;[32mSave ec98b108-e44b-450e-b40b-cd82037d063c(uuid8994)
сент. 16, 2025 8:21:58 PM webapp.storage.AbstractStorage save
INFO: &amp#27;[32mSave b48f7b04-80a7-47ff-a748-0cb45eac49d7(uuid8995)
сент. 16, 2025 8:21:58 PM webapp.storage.AbstractStorage save
INFO: &amp#27;[32mSave 52e3565b-0ebe-4f27-8821-62b80be8db1d(uuid8996)
сент. 16, 2025 8:21:58 PM webapp.storage.AbstractStorage save
INFO: &amp#27;[32mSave 2fbe5c8e-cba7-4de8-89ae-8fbc524231db(uuid8997)
сент. 16, 2025 8:21:58 PM webapp.storage.AbstractStorage save
INFO: &amp#27;[32mSave bda65e5a-83f0-46db-b338-11de9145309b(uuid8998)
сент. 16, 2025 8:21:58 PM webapp.storage.AbstractStorage save
INFO: &amp#27;[32mSave c3f4fe77-9e07-49cd-b20c-86e4af0ca7ef(uuid8999)
сент. 16, 2025 8:21:58 PM webapp.storage.AbstractStorage save
INFO: &amp#27;[32mSave 9f521e69-8a83-44db-8f48-735d21e98d83(uuid9000)
сент. 16, 2025 8:21:58 PM webapp.storage.AbstractStorage save
INFO: &amp#27;[32mSave b1831d56-60a5-4fda-b481-4dfa11caab38(uuid9001)
сент. 16, 2025 8:21:58 PM webapp.storage.AbstractStorage save
INFO: &amp#27;[32mSave 8058c0ac-8a30-4e33-8f07-b197ad048e71(uuid9002)
сент. 16, 2025 8:21:58 PM webapp.storage.AbstractStorage save
INFO: &amp#27;[32mSave 28254971-99b4-4038-864a-619e99fea455(uuid9003)
сент. 16, 2025 8:21:58 PM webapp.storage.AbstractStorage save
INFO: &amp#27;[32mSave 8bae82e1-c9ea-4cf6-9049-5670aaac762b(uuid9004)
сент. 16, 2025 8:21:58 PM webapp.storage.AbstractStorage save
INFO: &amp#27;[32mSave ba625b0a-610a-4d12-b0b1-3b5b8f286f4e(uuid9005)
сент. 16, 2025 8:21:58 PM webapp.storage.AbstractStorage save
INFO: &amp#27;[32mSave 5f985c2c-d41e-4788-b6da-9f122d91c654(uuid9006)
сент. 16, 2025 8:21:58 PM webapp.storage.AbstractStorage save
INFO: &amp#27;[32mSave 82476fac-2291-49c9-a71a-321293f1e325(uuid9007)
сент. 16, 2025 8:21:58 PM webapp.storage.AbstractStorage save
INFO: &amp#27;[32mSave fadfc170-ea0e-45e2-9335-0ba58c6d5b0e(uuid9008)
сент. 16, 2025 8:21:58 PM webapp.storage.AbstractStorage save
INFO: &amp#27;[32mSave 9c16a8aa-de85-46c4-bfee-a5ba99382d8e(uuid9009)
сент. 16, 2025 8:21:58 PM webapp.storage.AbstractStorage save
INFO: &amp#27;[32mSave c64323f4-6f1f-47e0-8ec2-adf605d982cd(uuid9010)
сент. 16, 2025 8:21:58 PM webapp.storage.AbstractStorage save
INFO: &amp#27;[32mSave 4d52f543-1c2a-4442-bb8c-ade3c96a1be9(uuid9011)
сент. 16, 2025 8:21:58 PM webapp.storage.AbstractStorage save
INFO: &amp#27;[32mSave e8005687-bd35-4273-98a1-dae65ae863a6(uuid9012)
сент. 16, 2025 8:21:58 PM webapp.storage.AbstractStorage save
INFO: &amp#27;[32mSave 8eb26c65-27b2-4842-9e61-cc94601b4f49(uuid9013)
сент. 16, 2025 8:21:58 PM webapp.storage.AbstractStorage save
INFO: &amp#27;[32mSave fd18f28e-829e-46e2-97cf-a44e82ff7a52(uuid9014)
сент. 16, 2025 8:21:58 PM webapp.storage.AbstractStorage save
INFO: &amp#27;[32mSave 0cc95ccf-4b85-411c-99db-84d5b6f5f2ce(uuid9015)
сент. 16, 2025 8:21:58 PM webapp.storage.AbstractStorage save
INFO: &amp#27;[32mSave 43934986-f4df-4407-8b5f-60f688a7a4d6(uuid9016)
сент. 16, 2025 8:21:58 PM webapp.storage.AbstractStorage save
INFO: &amp#27;[32mSave 1d96ed6a-4ed4-4288-87e4-6db43ce5c53e(uuid9017)
сент. 16, 2025 8:21:58 PM webapp.storage.AbstractStorage save
INFO: &amp#27;[32mSave b6f74f6b-9e7f-4ccd-bf34-1eb70108dff1(uuid9018)
сент. 16, 2025 8:21:58 PM webapp.storage.AbstractStorage save
INFO: &amp#27;[32mSave a7f5c10b-f2a6-45f9-8eb1-8430d623a577(uuid9019)
сент. 16, 2025 8:21:58 PM webapp.storage.AbstractStorage save
INFO: &amp#27;[32mSave 0919f184-9490-476c-87a6-a59f3682344f(uuid9020)
сент. 16, 2025 8:21:58 PM webapp.storage.AbstractStorage save
INFO: &amp#27;[32mSave 7fc47f3d-1526-4c0b-ae70-d6d0e820d86d(uuid9021)
сент. 16, 2025 8:21:58 PM webapp.storage.AbstractStorage save
INFO: &amp#27;[32mSave 35a77864-10dc-4634-9890-2efeba6eaa9d(uuid9022)
сент. 16, 2025 8:21:58 PM webapp.storage.AbstractStorage save
INFO: &amp#27;[32mSave 130afddd-48d7-4c7f-a5a6-c531b2a817ad(uuid9023)
сент. 16, 2025 8:21:58 PM webapp.storage.AbstractStorage save
INFO: &amp#27;[32mSave acfe0c0b-5fc6-4534-97b2-28243204e5ee(uuid9024)
сент. 16, 2025 8:21:58 PM webapp.storage.AbstractStorage save
INFO: &amp#27;[32mSave 2eeb9884-b847-45fb-9db7-789d09db7eb8(uuid9025)
сент. 16, 2025 8:21:58 PM webapp.storage.AbstractStorage save
INFO: &amp#27;[32mSave 8f3c8830-ffed-430c-8e99-10d3ee03f517(uuid9026)
сент. 16, 2025 8:21:58 PM webapp.storage.AbstractStorage save
INFO: &amp#27;[32mSave fd744744-9e0d-41de-a547-60552cee7aee(uuid9027)
сент. 16, 2025 8:21:58 PM webapp.storage.AbstractStorage save
INFO: &amp#27;[32mSave 4f54255a-8689-41ce-a212-dd970a4ed3dc(uuid9028)
сент. 16, 2025 8:21:58 PM webapp.storage.AbstractStorage save
INFO: &amp#27;[32mSave 82cfa6bc-acd6-47c3-a7b3-6a79069297cf(uuid9029)
сент. 16, 2025 8:21:58 PM webapp.storage.AbstractStorage save
INFO: &amp#27;[32mSave d3df509b-8098-463e-89c4-d5d273b5a645(uuid9030)
сент. 16, 2025 8:21:58 PM webapp.storage.AbstractStorage save
INFO: &amp#27;[32mSave 59dd80c4-46e3-4a01-81a5-521f61bba8a9(uuid9031)
сент. 16, 2025 8:21:58 PM webapp.storage.AbstractStorage save
INFO: &amp#27;[32mSave ab726a5d-5bb7-48e3-89c5-327655ded9d7(uuid9032)
сент. 16, 2025 8:21:58 PM webapp.storage.AbstractStorage save
INFO: &amp#27;[32mSave 6f0319a3-b794-421e-a1df-4bf4c073d689(uuid9033)
сент. 16, 2025 8:21:58 PM webapp.storage.AbstractStorage save
INFO: &amp#27;[32mSave e4388d63-f51e-4778-ac13-41cc6a540a80(uuid9034)
сент. 16, 2025 8:21:58 PM webapp.storage.AbstractStorage save
INFO: &amp#27;[32mSave 60e27f30-c1e0-42be-8e0c-dee9db2dde9d(uuid9035)
сент. 16, 2025 8:21:58 PM webapp.storage.AbstractStorage save
INFO: &amp#27;[32mSave e01fc1e6-71d2-4842-91fd-e6ded043ce7a(uuid9036)
сент. 16, 2025 8:21:58 PM webapp.storage.AbstractStorage save
INFO: &amp#27;[32mSave 8821d867-540a-4f28-8646-5b28ff207a58(uuid9037)
сент. 16, 2025 8:21:58 PM webapp.storage.AbstractStorage save
INFO: &amp#27;[32mSave f3a9ccfa-a8b0-4bee-b16e-d346757c255d(uuid9038)
сент. 16, 2025 8:21:58 PM webapp.storage.AbstractStorage save
INFO: &amp#27;[32mSave d8772f18-fd6c-4a2d-bcbd-225ca29d50a4(uuid9039)
сент. 16, 2025 8:21:58 PM webapp.storage.AbstractStorage save
INFO: &amp#27;[32mSave d440a3c9-41ac-423f-9268-94e665821518(uuid9040)
сент. 16, 2025 8:21:58 PM webapp.storage.AbstractStorage save
INFO: &amp#27;[32mSave e3720fad-4741-47b7-a15d-c1a80119a99a(uuid9041)
сент. 16, 2025 8:21:58 PM webapp.storage.AbstractStorage save
INFO: &amp#27;[32mSave 91f9956f-df7f-47f3-ab4a-bd4f70fa667f(uuid9042)
сент. 16, 2025 8:21:58 PM webapp.storage.AbstractStorage save
INFO: &amp#27;[32mSave d07a1805-4f56-4602-8448-82982f597299(uuid9043)
сент. 16, 2025 8:21:58 PM webapp.storage.AbstractStorage save
INFO: &amp#27;[32mSave 62384a98-2bf0-4882-aa52-5c27ab723c68(uuid9044)
сент. 16, 2025 8:21:58 PM webapp.storage.AbstractStorage save
INFO: &amp#27;[32mSave 862b3aa5-80c3-49ed-8dac-83e55fa5471b(uuid9045)
сент. 16, 2025 8:21:58 PM webapp.storage.AbstractStorage save
INFO: &amp#27;[32mSave 0902c090-2ea4-4f12-a18b-e17c377b0fac(uuid9046)
сент. 16, 2025 8:21:58 PM webapp.storage.AbstractStorage save
INFO: &amp#27;[32mSave 1a99373b-5b4f-4793-a126-ffdade6983ce(uuid9047)
сент. 16, 2025 8:21:58 PM webapp.storage.AbstractStorage save
INFO: &amp#27;[32mSave d6acf22f-5eb4-4651-92a3-b7f9d818cf39(uuid9048)
сент. 16, 2025 8:21:58 PM webapp.storage.AbstractStorage save
INFO: &amp#27;[32mSave a177a820-1082-413a-bd3f-f75bc11c8c76(uuid9049)
сент. 16, 2025 8:21:58 PM webapp.storage.AbstractStorage save
INFO: &amp#27;[32mSave cac563a8-d806-4d2d-bda5-72e7f9925c35(uuid9050)
сент. 16, 2025 8:21:58 PM webapp.storage.AbstractStorage save
INFO: &amp#27;[32mSave c6a89af2-7057-4d36-8442-025a4152fd02(uuid9051)
сент. 16, 2025 8:21:58 PM webapp.storage.AbstractStorage save
INFO: &amp#27;[32mSave f897477b-7251-4f01-a649-41c21e1c3193(uuid9052)
сент. 16, 2025 8:21:58 PM webapp.storage.AbstractStorage save
INFO: &amp#27;[32mSave 055c7b55-55b6-4e33-8cb5-5db56750588b(uuid9053)
сент. 16, 2025 8:21:58 PM webapp.storage.AbstractStorage save
INFO: &amp#27;[32mSave 99b382fc-6031-4104-a3c3-e59c6b726ebb(uuid9054)
сент. 16, 2025 8:21:58 PM webapp.storage.AbstractStorage save
INFO: &amp#27;[32mSave 4405d439-39c7-4449-b105-cf9de2ffe93f(uuid9055)
сент. 16, 2025 8:21:58 PM webapp.storage.AbstractStorage save
INFO: &amp#27;[32mSave a7f28425-7b97-4510-a528-3a477c9ed9e3(uuid9056)
сент. 16, 2025 8:21:58 PM webapp.storage.AbstractStorage save
INFO: &amp#27;[32mSave 7e20cff5-9b1c-43a5-bb8a-49fddf1f48d6(uuid9057)
сент. 16, 2025 8:21:58 PM webapp.storage.AbstractStorage save
INFO: &amp#27;[32mSave 476c0ab5-c2cf-4097-8283-9dae9c83c106(uuid9058)
сент. 16, 2025 8:21:58 PM webapp.storage.AbstractStorage save
INFO: &amp#27;[32mSave 111c502d-e26d-4f1f-9352-a45eff9e1cdf(uuid9059)
сент. 16, 2025 8:21:58 PM webapp.storage.AbstractStorage save
INFO: &amp#27;[32mSave 24388ba1-7d41-40ec-8585-d3c69155d8d3(uuid9060)
сент. 16, 2025 8:21:58 PM webapp.storage.AbstractStorage save
INFO: &amp#27;[32mSave 15124498-2ce3-437b-a619-08e1f0ae715b(uuid9061)
сент. 16, 2025 8:21:58 PM webapp.storage.AbstractStorage save
INFO: &amp#27;[32mSave 1a9a0196-a452-47eb-a52d-2034417f2a35(uuid9062)
сент. 16, 2025 8:21:58 PM webapp.storage.AbstractStorage save
INFO: &amp#27;[32mSave 149cdf26-6396-42c2-8b53-5fa5883f7150(uuid9063)
сент. 16, 2025 8:21:58 PM webapp.storage.AbstractStorage save
INFO: &amp#27;[32mSave 65c151e7-6b2b-40a1-beaf-b22146edab02(uuid9064)
сент. 16, 2025 8:21:58 PM webapp.storage.AbstractStorage save
INFO: &amp#27;[32mSave 610f3760-6048-4528-b2ed-c7379d25e425(uuid9065)
сент. 16, 2025 8:21:58 PM webapp.storage.AbstractStorage save
INFO: &amp#27;[32mSave 053db434-3a50-4c0c-aade-0a7ea0831c06(uuid9066)
сент. 16, 2025 8:21:58 PM webapp.storage.AbstractStorage save
INFO: &amp#27;[32mSave 9b311e5b-2ddf-4504-bf1e-73682ab1796d(uuid9067)
сент. 16, 2025 8:21:58 PM webapp.storage.AbstractStorage save
INFO: &amp#27;[32mSave 71e403d0-b9db-4e28-9d9c-0cea91f57606(uuid9068)
сент. 16, 2025 8:21:58 PM webapp.storage.AbstractStorage save
INFO: &amp#27;[32mSave a94a0db2-be96-4495-b1c6-75276d7561f1(uuid9069)
сент. 16, 2025 8:21:58 PM webapp.storage.AbstractStorage save
INFO: &amp#27;[32mSave 56ecc0e3-4e21-469f-a6ce-0c820858080f(uuid9070)
сент. 16, 2025 8:21:58 PM webapp.storage.AbstractStorage save
INFO: &amp#27;[32mSave 9dc7b3f0-0f26-484a-9d76-73dc0afd7ea7(uuid9071)
сент. 16, 2025 8:21:58 PM webapp.storage.AbstractStorage save
INFO: &amp#27;[32mSave 1850ce00-766c-466c-8256-a369fa2b5b4d(uuid9072)
сент. 16, 2025 8:21:58 PM webapp.storage.AbstractStorage save
INFO: &amp#27;[32mSave 034656bf-eff5-4285-8876-04d6fd474d32(uuid9073)
сент. 16, 2025 8:21:58 PM webapp.storage.AbstractStorage save
INFO: &amp#27;[32mSave 0271a9ea-630c-48b4-98c0-2f4a8a83af92(uuid9074)
сент. 16, 2025 8:21:58 PM webapp.storage.AbstractStorage save
INFO: &amp#27;[32mSave a6cdb7e2-61e8-41b0-9718-ad0b69788b99(uuid9075)
сент. 16, 2025 8:21:58 PM webapp.storage.AbstractStorage save
INFO: &amp#27;[32mSave 05f9d0af-b8bd-4247-81ee-f714fe6275ed(uuid9076)
сент. 16, 2025 8:21:58 PM webapp.storage.AbstractStorage save
INFO: &amp#27;[32mSave 57ae358b-17c7-4670-a401-057323d8fe94(uuid9077)
сент. 16, 2025 8:21:58 PM webapp.storage.AbstractStorage save
INFO: &amp#27;[32mSave 81cea41f-b4e8-4b1f-a928-2ca54e308303(uuid9078)
сент. 16, 2025 8:21:58 PM webapp.storage.AbstractStorage save
INFO: &amp#27;[32mSave 8442ef0c-dd5b-43fe-bbd2-c076f09dbb42(uuid9079)
сент. 16, 2025 8:21:58 PM webapp.storage.AbstractStorage save
INFO: &amp#27;[32mSave 81882d7c-38e4-49ca-b924-2ae7147b3f73(uuid9080)
сент. 16, 2025 8:21:58 PM webapp.storage.AbstractStorage save
INFO: &amp#27;[32mSave bc7b84c5-b31b-4499-a183-0c79a6a48a64(uuid9081)
сент. 16, 2025 8:21:58 PM webapp.storage.AbstractStorage save
INFO: &amp#27;[32mSave 76b8ae6d-ec74-4970-a9ed-15f57e470d12(uuid9082)
сент. 16, 2025 8:21:58 PM webapp.storage.AbstractStorage save
INFO: &amp#27;[32mSave e089cc22-cd7a-4e75-bcf1-c284b0872082(uuid9083)
сент. 16, 2025 8:21:58 PM webapp.storage.AbstractStorage save
INFO: &amp#27;[32mSave f4ab6bf5-1a52-4e13-b50a-6919db3efbf8(uuid9084)
сент. 16, 2025 8:21:58 PM webapp.storage.AbstractStorage save
INFO: &amp#27;[32mSave 0c950157-6670-417b-b487-56a549f6ef21(uuid9085)
сент. 16, 2025 8:21:58 PM webapp.storage.AbstractStorage save
INFO: &amp#27;[32mSave aacf62f3-e068-4960-a7dd-d4740a91db1e(uuid9086)
сент. 16, 2025 8:21:58 PM webapp.storage.AbstractStorage save
INFO: &amp#27;[32mSave e05fd1c5-e794-43b0-a85e-60bd53a8803f(uuid9087)
сент. 16, 2025 8:21:58 PM webapp.storage.AbstractStorage save
INFO: &amp#27;[32mSave 66fe133a-f96e-4f7e-aab0-fa64f7dc7f11(uuid9088)
сент. 16, 2025 8:21:58 PM webapp.storage.AbstractStorage save
INFO: &amp#27;[32mSave d721960d-e0fe-4c0b-a82c-869a12434a06(uuid9089)
сент. 16, 2025 8:21:58 PM webapp.storage.AbstractStorage save
INFO: &amp#27;[32mSave d7a69b22-5898-40d8-8bf0-9015e8dfefb0(uuid9090)
сент. 16, 2025 8:21:58 PM webapp.storage.AbstractStorage save
INFO: &amp#27;[32mSave c8e17b9e-bd6a-47c2-82c6-c1a1a8419a53(uuid9091)
сент. 16, 2025 8:21:58 PM webapp.storage.AbstractStorage save
INFO: &amp#27;[32mSave 6907f0bc-b6c1-4036-9e0b-7bfaac7056eb(uuid9092)
сент. 16, 2025 8:21:58 PM webapp.storage.AbstractStorage save
INFO: &amp#27;[32mSave 57f845ff-d36c-47ff-94d2-fe21da2def2d(uuid9093)
сент. 16, 2025 8:21:58 PM webapp.storage.AbstractStorage save
INFO: &amp#27;[32mSave fada716a-1520-47ed-b4b4-27b7bc0cbc13(uuid9094)
сент. 16, 2025 8:21:58 PM webapp.storage.AbstractStorage save
INFO: &amp#27;[32mSave b37f2ebc-d1ad-4fed-aa9e-f3c43bed1d75(uuid9095)
сент. 16, 2025 8:21:58 PM webapp.storage.AbstractStorage save
INFO: &amp#27;[32mSave 5fd750b9-a5a6-4b50-8292-7436db53d428(uuid9096)
сент. 16, 2025 8:21:58 PM webapp.storage.AbstractStorage save
INFO: &amp#27;[32mSave dc0618ae-ca2b-4ec0-921a-2ea711ecc851(uuid9097)
сент. 16, 2025 8:21:58 PM webapp.storage.AbstractStorage save
INFO: &amp#27;[32mSave 2be1e0a2-385c-416a-983b-2624b558c65f(uuid9098)
сент. 16, 2025 8:21:58 PM webapp.storage.AbstractStorage save
INFO: &amp#27;[32mSave 3b9b658b-d965-4006-a9cc-7716818aca98(uuid9099)
сент. 16, 2025 8:21:58 PM webapp.storage.AbstractStorage save
INFO: &amp#27;[32mSave 1fe81f9f-4288-451c-9837-968a708dec84(uuid9100)
сент. 16, 2025 8:21:58 PM webapp.storage.AbstractStorage save
INFO: &amp#27;[32mSave ed691c81-6773-43c0-9665-5ae7a565e809(uuid9101)
сент. 16, 2025 8:21:58 PM webapp.storage.AbstractStorage save
INFO: &amp#27;[32mSave 8c7aa42a-6c54-4f69-91b8-0c8d215d1f19(uuid9102)
сент. 16, 2025 8:21:58 PM webapp.storage.AbstractStorage save
INFO: &amp#27;[32mSave 8b0ffbc5-a74f-4a5b-8cb3-5ebea2d8707d(uuid9103)
сент. 16, 2025 8:21:58 PM webapp.storage.AbstractStorage save
INFO: &amp#27;[32mSave 71ea4c88-5c4d-4a88-bfb5-b11914ef9e07(uuid9104)
сент. 16, 2025 8:21:58 PM webapp.storage.AbstractStorage save
INFO: &amp#27;[32mSave 5b87135d-f955-441f-ad98-115e634195c2(uuid9105)
сент. 16, 2025 8:21:58 PM webapp.storage.AbstractStorage save
INFO: &amp#27;[32mSave 3d490355-cc7f-4d62-9622-d77646533881(uuid9106)
сент. 16, 2025 8:21:58 PM webapp.storage.AbstractStorage save
INFO: &amp#27;[32mSave 28c1b1e0-225e-40f9-8ca7-a3c2b25ed6f1(uuid9107)
сент. 16, 2025 8:21:58 PM webapp.storage.AbstractStorage save
INFO: &amp#27;[32mSave 5b4765c1-b0fa-4bd4-b6d3-8b1d6a423339(uuid9108)
сент. 16, 2025 8:21:58 PM webapp.storage.AbstractStorage save
INFO: &amp#27;[32mSave a19c5e09-dae8-4331-8b6b-bb3d5c63f85c(uuid9109)
сент. 16, 2025 8:21:58 PM webapp.storage.AbstractStorage save
INFO: &amp#27;[32mSave a3b5cda3-c18a-4eb7-9bbe-35150af0d4fd(uuid9110)
сент. 16, 2025 8:21:58 PM webapp.storage.AbstractStorage save
INFO: &amp#27;[32mSave f9704df2-1428-41f7-abcb-0662618c8dc7(uuid9111)
сент. 16, 2025 8:21:58 PM webapp.storage.AbstractStorage save
INFO: &amp#27;[32mSave 60b1ebf3-bcf0-48d4-b300-cb6a53ac97a7(uuid9112)
сент. 16, 2025 8:21:58 PM webapp.storage.AbstractStorage save
INFO: &amp#27;[32mSave 66770b3c-a215-42f9-b6f3-5b4d7e28905e(uuid9113)
сент. 16, 2025 8:21:58 PM webapp.storage.AbstractStorage save
INFO: &amp#27;[32mSave dbb7aa3b-8622-433f-976e-c2313a3aaebb(uuid9114)
сент. 16, 2025 8:21:58 PM webapp.storage.AbstractStorage save
INFO: &amp#27;[32mSave 0d8f874a-1511-41d7-bbff-4e1cd8d167bf(uuid9115)
сент. 16, 2025 8:21:58 PM webapp.storage.AbstractStorage save
INFO: &amp#27;[32mSave 8ae388a1-8064-4e2a-933a-c01fe8e06124(uuid9116)
сент. 16, 2025 8:21:58 PM webapp.storage.AbstractStorage save
INFO: &amp#27;[32mSave 2d35c913-7aeb-407c-9e11-e4a8477bed91(uuid9117)
сент. 16, 2025 8:21:58 PM webapp.storage.AbstractStorage save
INFO: &amp#27;[32mSave b6c107be-d3b4-4c7e-8c31-a6953bcbeaa3(uuid9118)
сент. 16, 2025 8:21:58 PM webapp.storage.AbstractStorage save
INFO: &amp#27;[32mSave aaaa89e9-a229-4ea5-86e9-b9ea5221e0c3(uuid9119)
сент. 16, 2025 8:21:58 PM webapp.storage.AbstractStorage save
INFO: &amp#27;[32mSave 46171c58-cf36-49b7-8382-b5a09995bc4c(uuid9120)
сент. 16, 2025 8:21:58 PM webapp.storage.AbstractStorage save
INFO: &amp#27;[32mSave 62df358a-fd3b-43a6-994e-9ff6203d01de(uuid9121)
сент. 16, 2025 8:21:58 PM webapp.storage.AbstractStorage save
INFO: &amp#27;[32mSave 4d3303b9-0e45-4098-a595-cfb79fa1a387(uuid9122)
сент. 16, 2025 8:21:58 PM webapp.storage.AbstractStorage save
INFO: &amp#27;[32mSave 3ac98773-91a8-4c3f-975e-41bd8a49573e(uuid9123)
сент. 16, 2025 8:21:58 PM webapp.storage.AbstractStorage save
INFO: &amp#27;[32mSave afb41e67-2f16-429c-8a87-06bee19280e7(uuid9124)
сент. 16, 2025 8:21:58 PM webapp.storage.AbstractStorage save
INFO: &amp#27;[32mSave cc03d93d-1da0-4b87-ac11-c67d2f2c23f0(uuid9125)
сент. 16, 2025 8:21:58 PM webapp.storage.AbstractStorage save
INFO: &amp#27;[32mSave 0d10a165-c07a-4053-a222-c5e7ea0a9e91(uuid9126)
сент. 16, 2025 8:21:58 PM webapp.storage.AbstractStorage save
INFO: &amp#27;[32mSave 3b08cfad-2307-47db-b25c-e640e78db4b6(uuid9127)
сент. 16, 2025 8:21:58 PM webapp.storage.AbstractStorage save
INFO: &amp#27;[32mSave 2458b901-e620-4380-9649-f95022a32a26(uuid9128)
сент. 16, 2025 8:21:58 PM webapp.storage.AbstractStorage save
INFO: &amp#27;[32mSave 410d022d-10c9-49ec-af4f-f3c59e98a761(uuid9129)
сент. 16, 2025 8:21:58 PM webapp.storage.AbstractStorage save
INFO: &amp#27;[32mSave 9dbfb2b4-4fd3-43df-b0fc-6cec7ce36530(uuid9130)
сент. 16, 2025 8:21:58 PM webapp.storage.AbstractStorage save
INFO: &amp#27;[32mSave e9022aa2-5a1d-4093-bbbc-e4c7caeafefc(uuid9131)
сент. 16, 2025 8:21:58 PM webapp.storage.AbstractStorage save
INFO: &amp#27;[32mSave a85b826c-6c42-4382-8f89-45d910540342(uuid9132)
сент. 16, 2025 8:21:58 PM webapp.storage.AbstractStorage save
INFO: &amp#27;[32mSave bc4cdf6d-bab8-4e47-b520-f77ce28b1700(uuid9133)
сент. 16, 2025 8:21:58 PM webapp.storage.AbstractStorage save
INFO: &amp#27;[32mSave 88d82d6b-3987-4286-b95c-8682218fa193(uuid9134)
сент. 16, 2025 8:21:58 PM webapp.storage.AbstractStorage save
INFO: &amp#27;[32mSave c65d318f-bab7-4748-8eef-1e586fbb4f52(uuid9135)
сент. 16, 2025 8:21:58 PM webapp.storage.AbstractStorage save
INFO: &amp#27;[32mSave dcb9e65a-9b8f-4235-aae4-fcfc8dbfb527(uuid9136)
сент. 16, 2025 8:21:58 PM webapp.storage.AbstractStorage save
INFO: &amp#27;[32mSave 4b920dd9-bf37-4917-a756-f4ca6d143a71(uuid9137)
сент. 16, 2025 8:21:58 PM webapp.storage.AbstractStorage save
INFO: &amp#27;[32mSave e0555ffd-7e50-4dfa-802c-cb8c6c7f44c7(uuid9138)
сент. 16, 2025 8:21:58 PM webapp.storage.AbstractStorage save
INFO: &amp#27;[32mSave c57efeef-1ac1-41ab-8dec-5c64fb6d00da(uuid9139)
сент. 16, 2025 8:21:58 PM webapp.storage.AbstractStorage save
INFO: &amp#27;[32mSave 54328b60-07be-43d6-be84-eda04c631181(uuid9140)
сент. 16, 2025 8:21:58 PM webapp.storage.AbstractStorage save
INFO: &amp#27;[32mSave ea766a41-dea5-47d7-98ea-30941ee74140(uuid9141)
сент. 16, 2025 8:21:58 PM webapp.storage.AbstractStorage save
INFO: &amp#27;[32mSave c7abd843-262f-40f8-9807-a771da1d9465(uuid9142)
сент. 16, 2025 8:21:58 PM webapp.storage.AbstractStorage save
INFO: &amp#27;[32mSave e32691a0-c7bd-4712-8659-a384e1612c7c(uuid9143)
сент. 16, 2025 8:21:58 PM webapp.storage.AbstractStorage save
INFO: &amp#27;[32mSave a1e3d2b1-025e-4a87-b1ce-41862d88545d(uuid9144)
сент. 16, 2025 8:21:58 PM webapp.storage.AbstractStorage save
INFO: &amp#27;[32mSave f1c89763-ab46-49d9-8fc3-9bcd081cb632(uuid9145)
сент. 16, 2025 8:21:58 PM webapp.storage.AbstractStorage save
INFO: &amp#27;[32mSave b4ff1f8d-c55c-4a46-be87-455968012398(uuid9146)
сент. 16, 2025 8:21:58 PM webapp.storage.AbstractStorage save
INFO: &amp#27;[32mSave 6b9350fa-d9e4-4ec8-b174-ac60b737d6b3(uuid9147)
сент. 16, 2025 8:21:58 PM webapp.storage.AbstractStorage save
INFO: &amp#27;[32mSave 44d744fc-32fa-4f53-a55d-1222c61c2ab3(uuid9148)
сент. 16, 2025 8:21:58 PM webapp.storage.AbstractStorage save
INFO: &amp#27;[32mSave 0f8fb9c2-a107-41b2-90df-fa7c4227f0c6(uuid9149)
сент. 16, 2025 8:21:58 PM webapp.storage.AbstractStorage save
INFO: &amp#27;[32mSave 5189f78e-5def-462d-a12c-eba99e56e225(uuid9150)
сент. 16, 2025 8:21:58 PM webapp.storage.AbstractStorage save
INFO: &amp#27;[32mSave cb771f53-1ca3-4c5f-ba73-c5712e464340(uuid9151)
сент. 16, 2025 8:21:58 PM webapp.storage.AbstractStorage save
INFO: &amp#27;[32mSave f6ee3474-9780-4a85-a88f-944ecf3ba6f7(uuid9152)
сент. 16, 2025 8:21:58 PM webapp.storage.AbstractStorage save
INFO: &amp#27;[32mSave f91723c2-8ef3-491e-8443-8a6a7d31777f(uuid9153)
сент. 16, 2025 8:21:58 PM webapp.storage.AbstractStorage save
INFO: &amp#27;[32mSave 2c587d5e-bf6e-4933-bd21-668f1d1760fb(uuid9154)
сент. 16, 2025 8:21:58 PM webapp.storage.AbstractStorage save
INFO: &amp#27;[32mSave f1122081-1148-444d-9518-13eb415cd0c4(uuid9155)
сент. 16, 2025 8:21:58 PM webapp.storage.AbstractStorage save
INFO: &amp#27;[32mSave 80fab623-3e99-414e-b405-f1ba28e83a02(uuid9156)
сент. 16, 2025 8:21:58 PM webapp.storage.AbstractStorage save
INFO: &amp#27;[32mSave 96f778b4-be41-4c09-affb-361c340d2253(uuid9157)
сент. 16, 2025 8:21:58 PM webapp.storage.AbstractStorage save
INFO: &amp#27;[32mSave 983f56c6-50ee-4d70-80db-bd883f9e072c(uuid9158)
сент. 16, 2025 8:21:58 PM webapp.storage.AbstractStorage save
INFO: &amp#27;[32mSave 7bb75e51-ea67-4a27-be85-adbc38858a93(uuid9159)
сент. 16, 2025 8:21:58 PM webapp.storage.AbstractStorage save
INFO: &amp#27;[32mSave 473a7e85-f57e-442e-b632-ff375ce8f5cb(uuid9160)
сент. 16, 2025 8:21:58 PM webapp.storage.AbstractStorage save
INFO: &amp#27;[32mSave 504d664b-5312-4fcd-97e0-0a302ad72073(uuid9161)
сент. 16, 2025 8:21:58 PM webapp.storage.AbstractStorage save
INFO: &amp#27;[32mSave 45970d0b-9858-4993-b89c-f1c1712799ea(uuid9162)
сент. 16, 2025 8:21:58 PM webapp.storage.AbstractStorage save
INFO: &amp#27;[32mSave f702eef5-4074-4d44-a684-5a87f13cb248(uuid9163)
сент. 16, 2025 8:21:58 PM webapp.storage.AbstractStorage save
INFO: &amp#27;[32mSave 25f730d3-f4a5-4a2b-90f6-3a8c4c6e31b5(uuid9164)
сент. 16, 2025 8:21:58 PM webapp.storage.AbstractStorage save
INFO: &amp#27;[32mSave 8760121c-358b-4296-9140-c2075c4aac65(uuid9165)
сент. 16, 2025 8:21:58 PM webapp.storage.AbstractStorage save
INFO: &amp#27;[32mSave 6c818ed5-fa4c-4831-935f-77d316966388(uuid9166)
сент. 16, 2025 8:21:58 PM webapp.storage.AbstractStorage save
INFO: &amp#27;[32mSave 7b450684-b30a-4475-a6b2-64ec313f8b3e(uuid9167)
сент. 16, 2025 8:21:58 PM webapp.storage.AbstractStorage save
INFO: &amp#27;[32mSave 796c6a22-21b9-457e-996e-33c824380475(uuid9168)
сент. 16, 2025 8:21:58 PM webapp.storage.AbstractStorage save
INFO: &amp#27;[32mSave 78888309-377f-4e94-9207-cdff8b0d1231(uuid9169)
сент. 16, 2025 8:21:58 PM webapp.storage.AbstractStorage save
INFO: &amp#27;[32mSave dcdc7fe7-582a-44e0-a093-bdc2825db97e(uuid9170)
сент. 16, 2025 8:21:58 PM webapp.storage.AbstractStorage save
INFO: &amp#27;[32mSave c878a07c-0c2f-413f-b745-985dfc86afe0(uuid9171)
сент. 16, 2025 8:21:58 PM webapp.storage.AbstractStorage save
INFO: &amp#27;[32mSave 75b8be39-2e12-4fd3-94e9-e8588145968d(uuid9172)
сент. 16, 2025 8:21:58 PM webapp.storage.AbstractStorage save
INFO: &amp#27;[32mSave a10f55ca-7055-42d4-9b84-287756259456(uuid9173)
сент. 16, 2025 8:21:58 PM webapp.storage.AbstractStorage save
INFO: &amp#27;[32mSave 2216d27e-0678-49b2-a1f5-9120be6411ff(uuid9174)
сент. 16, 2025 8:21:58 PM webapp.storage.AbstractStorage save
INFO: &amp#27;[32mSave 39270fda-ab1f-4e84-a989-35f041fe6cbf(uuid9175)
сент. 16, 2025 8:21:58 PM webapp.storage.AbstractStorage save
INFO: &amp#27;[32mSave 162025c5-2865-4603-b611-200e06ba25a8(uuid9176)
сент. 16, 2025 8:21:58 PM webapp.storage.AbstractStorage save
INFO: &amp#27;[32mSave 7cefae85-56b1-4fb4-85d6-5b583b65fca3(uuid9177)
сент. 16, 2025 8:21:58 PM webapp.storage.AbstractStorage save
INFO: &amp#27;[32mSave d8710cb8-6494-402e-88e6-57bc94d297f3(uuid9178)
сент. 16, 2025 8:21:58 PM webapp.storage.AbstractStorage save
INFO: &amp#27;[32mSave 28d173d8-e7f9-4f66-990c-21ba5ecb9532(uuid9179)
сент. 16, 2025 8:21:58 PM webapp.storage.AbstractStorage save
INFO: &amp#27;[32mSave 3b7fc685-ee13-4408-bb7d-1e519d45928c(uuid9180)
сент. 16, 2025 8:21:58 PM webapp.storage.AbstractStorage save
INFO: &amp#27;[32mSave fffe62ed-c24d-456e-8c08-aa145d82a022(uuid9181)
сент. 16, 2025 8:21:58 PM webapp.storage.AbstractStorage save
INFO: &amp#27;[32mSave 339a7aa4-b379-4230-afa6-f97a1a263ac6(uuid9182)
сент. 16, 2025 8:21:58 PM webapp.storage.AbstractStorage save
INFO: &amp#27;[32mSave 0675f925-5df5-4b6b-9dc9-6d959aed3064(uuid9183)
сент. 16, 2025 8:21:58 PM webapp.storage.AbstractStorage save
INFO: &amp#27;[32mSave 68ca9e42-3555-4237-852d-e45b22c4ae8f(uuid9184)
сент. 16, 2025 8:21:58 PM webapp.storage.AbstractStorage save
INFO: &amp#27;[32mSave 7436d32b-4c99-46ab-a06c-b49995d2962c(uuid9185)
сент. 16, 2025 8:21:58 PM webapp.storage.AbstractStorage save
INFO: &amp#27;[32mSave 6ce3fb33-7845-44ea-b97e-e0358bdac1ce(uuid9186)
сент. 16, 2025 8:21:58 PM webapp.storage.AbstractStorage save
INFO: &amp#27;[32mSave b24c45b8-457e-41fc-845b-5aa1969cffad(uuid9187)
сент. 16, 2025 8:21:58 PM webapp.storage.AbstractStorage save
INFO: &amp#27;[32mSave 04658bcd-5657-482c-a73c-b01d547713cc(uuid9188)
сент. 16, 2025 8:21:58 PM webapp.storage.AbstractStorage save
INFO: &amp#27;[32mSave 732a8e6a-c0a9-4fc5-b4c4-f1fb73145197(uuid9189)
сент. 16, 2025 8:21:58 PM webapp.storage.AbstractStorage save
INFO: &amp#27;[32mSave 3237047a-0445-4a8b-b1a7-ab1ddd5e7da0(uuid9190)
сент. 16, 2025 8:21:58 PM webapp.storage.AbstractStorage save
INFO: &amp#27;[32mSave fa128181-c231-43eb-b509-3679aaa49a69(uuid9191)
сент. 16, 2025 8:21:58 PM webapp.storage.AbstractStorage save
INFO: &amp#27;[32mSave df80b2d9-d48c-4733-99f5-1b1ea988d13d(uuid9192)
сент. 16, 2025 8:21:58 PM webapp.storage.AbstractStorage save
INFO: &amp#27;[32mSave 8090aa8e-8c7e-474a-9330-96eb910a732a(uuid9193)
сент. 16, 2025 8:21:58 PM webapp.storage.AbstractStorage save
INFO: &amp#27;[32mSave 79a91dcd-b2d0-4410-993d-1577afde2d0b(uuid9194)
сент. 16, 2025 8:21:58 PM webapp.storage.AbstractStorage save
INFO: &amp#27;[32mSave 653d79db-1b17-4504-8b6f-4a63520d9fa8(uuid9195)
сент. 16, 2025 8:21:58 PM webapp.storage.AbstractStorage save
INFO: &amp#27;[32mSave ed1a1040-c70b-4311-8a0a-9d31b7ffe0f0(uuid9196)
сент. 16, 2025 8:21:58 PM webapp.storage.AbstractStorage save
INFO: &amp#27;[32mSave ed730beb-6867-4110-ac92-aeaa5dbacd30(uuid9197)
сент. 16, 2025 8:21:58 PM webapp.storage.AbstractStorage save
INFO: &amp#27;[32mSave a2602ef9-84f8-41f1-a169-a9a45ed5e912(uuid9198)
сент. 16, 2025 8:21:58 PM webapp.storage.AbstractStorage save
INFO: &amp#27;[32mSave e1d0d6b1-6984-4cef-bc19-bc62d36c7293(uuid9199)
сент. 16, 2025 8:21:58 PM webapp.storage.AbstractStorage save
INFO: &amp#27;[32mSave 3815590c-32ce-4084-9ea3-3a591a48b77b(uuid9200)
сент. 16, 2025 8:21:58 PM webapp.storage.AbstractStorage save
INFO: &amp#27;[32mSave 49d2cf72-6eff-4ad7-b98c-086cfcb25d98(uuid9201)
сент. 16, 2025 8:21:58 PM webapp.storage.AbstractStorage save
INFO: &amp#27;[32mSave 1ac92505-4de1-46b1-ac9c-35624bcd7149(uuid9202)
сент. 16, 2025 8:21:58 PM webapp.storage.AbstractStorage save
INFO: &amp#27;[32mSave 1adfbfbd-b8bf-43af-a149-c871b2419e4c(uuid9203)
сент. 16, 2025 8:21:58 PM webapp.storage.AbstractStorage save
INFO: &amp#27;[32mSave 1f3ac2b2-1ca0-43b2-b777-c22cccd65f00(uuid9204)
сент. 16, 2025 8:21:58 PM webapp.storage.AbstractStorage save
INFO: &amp#27;[32mSave f7097429-96ee-4631-9824-a172c1caa794(uuid9205)
сент. 16, 2025 8:21:58 PM webapp.storage.AbstractStorage save
INFO: &amp#27;[32mSave cdaf7052-66a5-4361-90ba-b9a253b8cae3(uuid9206)
сент. 16, 2025 8:21:58 PM webapp.storage.AbstractStorage save
INFO: &amp#27;[32mSave c842dbfa-bba0-420e-9dcc-ad672224f2ec(uuid9207)
сент. 16, 2025 8:21:58 PM webapp.storage.AbstractStorage save
INFO: &amp#27;[32mSave d7e7b272-f1f6-4e4b-9e0b-2a24d423d8c2(uuid9208)
сент. 16, 2025 8:21:58 PM webapp.storage.AbstractStorage save
INFO: &amp#27;[32mSave 2ed0e50c-d7cd-4030-ae38-f658cc11735b(uuid9209)
сент. 16, 2025 8:21:58 PM webapp.storage.AbstractStorage save
INFO: &amp#27;[32mSave 1f03550b-0cb6-4008-a8dc-445f1a4889fa(uuid9210)
сент. 16, 2025 8:21:58 PM webapp.storage.AbstractStorage save
INFO: &amp#27;[32mSave 15e14b49-7290-408b-8efb-ca46330c3cd5(uuid9211)
сент. 16, 2025 8:21:58 PM webapp.storage.AbstractStorage save
INFO: &amp#27;[32mSave e2ee330d-38c8-4fce-8b20-b38c6f0464fb(uuid9212)
сент. 16, 2025 8:21:58 PM webapp.storage.AbstractStorage save
INFO: &amp#27;[32mSave 708970c9-8ab6-4dd2-91e6-334c0dd36207(uuid9213)
сент. 16, 2025 8:21:58 PM webapp.storage.AbstractStorage save
INFO: &amp#27;[32mSave cfebe0e9-9be8-439c-8d60-faead8c26cba(uuid9214)
сент. 16, 2025 8:21:58 PM webapp.storage.AbstractStorage save
INFO: &amp#27;[32mSave 64d62cb1-ffe5-4dc6-a46b-94e308ece7aa(uuid9215)
сент. 16, 2025 8:21:58 PM webapp.storage.AbstractStorage save
INFO: &amp#27;[32mSave 18ad8514-b09a-440d-bc24-f3f2ed9688ad(uuid9216)
сент. 16, 2025 8:21:58 PM webapp.storage.AbstractStorage save
INFO: &amp#27;[32mSave 40f9f6a0-fe2d-4e8a-bfd0-6f5a0f7c07a9(uuid9217)
сент. 16, 2025 8:21:58 PM webapp.storage.AbstractStorage save
INFO: &amp#27;[32mSave 3d91e86a-11ae-49e9-bf3a-a6bbfda4a218(uuid9218)
сент. 16, 2025 8:21:58 PM webapp.storage.AbstractStorage save
INFO: &amp#27;[32mSave d8fa10cb-8472-483a-a06c-7f4702784281(uuid9219)
сент. 16, 2025 8:21:58 PM webapp.storage.AbstractStorage save
INFO: &amp#27;[32mSave c4bd36d9-c470-4df6-a4ba-b3fa9e821b26(uuid9220)
сент. 16, 2025 8:21:58 PM webapp.storage.AbstractStorage save
INFO: &amp#27;[32mSave ca669e59-623c-435e-9cf7-04bc45a2f20f(uuid9221)
сент. 16, 2025 8:21:58 PM webapp.storage.AbstractStorage save
INFO: &amp#27;[32mSave a841fc78-7ea0-4e5f-8374-63acd45d7a02(uuid9222)
сент. 16, 2025 8:21:58 PM webapp.storage.AbstractStorage save
INFO: &amp#27;[32mSave 7dd05d81-840c-4f1c-b72e-d834e857edf3(uuid9223)
сент. 16, 2025 8:21:58 PM webapp.storage.AbstractStorage save
INFO: &amp#27;[32mSave ea2d7f58-1e08-4f90-b887-22fd8577fee6(uuid9224)
сент. 16, 2025 8:21:58 PM webapp.storage.AbstractStorage save
INFO: &amp#27;[32mSave 2a56fef5-1dd0-4e10-8840-d192ea6971ea(uuid9225)
сент. 16, 2025 8:21:58 PM webapp.storage.AbstractStorage save
INFO: &amp#27;[32mSave 71ca523e-9861-4777-b115-cf1d6352d192(uuid9226)
сент. 16, 2025 8:21:58 PM webapp.storage.AbstractStorage save
INFO: &amp#27;[32mSave 725ccbef-343e-4f91-b6c7-8b0062ef51a4(uuid9227)
сент. 16, 2025 8:21:58 PM webapp.storage.AbstractStorage save
INFO: &amp#27;[32mSave 6fb09d28-c674-48e0-96e7-651f0ce8a9e9(uuid9228)
сент. 16, 2025 8:21:58 PM webapp.storage.AbstractStorage save
INFO: &amp#27;[32mSave a220e61a-753f-4d8a-bb1b-fedae445f0d9(uuid9229)
сент. 16, 2025 8:21:58 PM webapp.storage.AbstractStorage save
INFO: &amp#27;[32mSave 6ec034bf-7f65-4253-a7bd-8ab28ea465cb(uuid9230)
сент. 16, 2025 8:21:58 PM webapp.storage.AbstractStorage save
INFO: &amp#27;[32mSave 33c48fe5-50c8-4399-b80b-835905f1f573(uuid9231)
сент. 16, 2025 8:21:58 PM webapp.storage.AbstractStorage save
INFO: &amp#27;[32mSave 9684bcae-43a9-41d7-bc83-b5c08198f5f2(uuid9232)
сент. 16, 2025 8:21:58 PM webapp.storage.AbstractStorage save
INFO: &amp#27;[32mSave 2c9f24a7-633f-4048-be35-9c9ef571287e(uuid9233)
сент. 16, 2025 8:21:58 PM webapp.storage.AbstractStorage save
INFO: &amp#27;[32mSave 70cf1084-592b-49a2-9ebe-44d6f389f383(uuid9234)
сент. 16, 2025 8:21:58 PM webapp.storage.AbstractStorage save
INFO: &amp#27;[32mSave 99ab0e89-0851-4a3e-8607-081e30038663(uuid9235)
сент. 16, 2025 8:21:58 PM webapp.storage.AbstractStorage save
INFO: &amp#27;[32mSave 8539caa2-58ee-410b-9f76-267778412c0c(uuid9236)
сент. 16, 2025 8:21:58 PM webapp.storage.AbstractStorage save
INFO: &amp#27;[32mSave a3730073-b359-4e6e-be8b-5b43be79fb3f(uuid9237)
сент. 16, 2025 8:21:58 PM webapp.storage.AbstractStorage save
INFO: &amp#27;[32mSave d7e4be42-54b4-4aca-ad4e-1650ca3c6065(uuid9238)
сент. 16, 2025 8:21:58 PM webapp.storage.AbstractStorage save
INFO: &amp#27;[32mSave bc890007-c900-40f7-9462-0e353f9791c5(uuid9239)
сент. 16, 2025 8:21:58 PM webapp.storage.AbstractStorage save
INFO: &amp#27;[32mSave 83bc2568-7253-4f23-bf1b-1e720de40631(uuid9240)
сент. 16, 2025 8:21:58 PM webapp.storage.AbstractStorage save
INFO: &amp#27;[32mSave 1789867a-f9aa-4e69-8d9b-e884118fcfd2(uuid9241)
сент. 16, 2025 8:21:58 PM webapp.storage.AbstractStorage save
INFO: &amp#27;[32mSave 56f7c210-ead1-441b-859b-27cb7876f79a(uuid9242)
сент. 16, 2025 8:21:58 PM webapp.storage.AbstractStorage save
INFO: &amp#27;[32mSave 437154e3-8bdc-4c74-8047-be5124edae4b(uuid9243)
сент. 16, 2025 8:21:58 PM webapp.storage.AbstractStorage save
INFO: &amp#27;[32mSave 4bdee296-ccd8-4941-b007-bb947614ffe0(uuid9244)
сент. 16, 2025 8:21:58 PM webapp.storage.AbstractStorage save
INFO: &amp#27;[32mSave 40ecf05e-021a-416f-87cd-a6ebcb35c8ae(uuid9245)
сент. 16, 2025 8:21:58 PM webapp.storage.AbstractStorage save
INFO: &amp#27;[32mSave 0a8c2ab7-314b-4794-a2ad-a7ddf13b680a(uuid9246)
сент. 16, 2025 8:21:58 PM webapp.storage.AbstractStorage save
INFO: &amp#27;[32mSave 2647ef9b-e2b9-4ef8-8fda-25793a25ea9e(uuid9247)
сент. 16, 2025 8:21:58 PM webapp.storage.AbstractStorage save
INFO: &amp#27;[32mSave 4bca1f07-dbb4-4526-a100-be30f0127d23(uuid9248)
сент. 16, 2025 8:21:58 PM webapp.storage.AbstractStorage save
INFO: &amp#27;[32mSave 9f1db78f-a2d1-49f9-b65b-927ac0fff34f(uuid9249)
сент. 16, 2025 8:21:58 PM webapp.storage.AbstractStorage save
INFO: &amp#27;[32mSave 142adb96-c261-4216-b2bb-589c69c8c144(uuid9250)
сент. 16, 2025 8:21:58 PM webapp.storage.AbstractStorage save
INFO: &amp#27;[32mSave 3d03147d-91e0-4a1b-a900-6bc4515067f5(uuid9251)
сент. 16, 2025 8:21:58 PM webapp.storage.AbstractStorage save
INFO: &amp#27;[32mSave fae08351-2346-44e0-a4e5-a47714887786(uuid9252)
сент. 16, 2025 8:21:58 PM webapp.storage.AbstractStorage save
INFO: &amp#27;[32mSave a2cf617e-5c59-4b49-8343-d5ea33f9c28d(uuid9253)
сент. 16, 2025 8:21:58 PM webapp.storage.AbstractStorage save
INFO: &amp#27;[32mSave 115af447-2b77-417f-8c0a-22e5fab9f7c2(uuid9254)
сент. 16, 2025 8:21:58 PM webapp.storage.AbstractStorage save
INFO: &amp#27;[32mSave 2f532097-5cf7-4534-ae0d-7f13b64397cd(uuid9255)
сент. 16, 2025 8:21:58 PM webapp.storage.AbstractStorage save
INFO: &amp#27;[32mSave f3818e80-e59a-43ab-902e-45b10d7b2d59(uuid9256)
сент. 16, 2025 8:21:58 PM webapp.storage.AbstractStorage save
INFO: &amp#27;[32mSave 025e6bc4-e3a1-40ab-8eac-88c28e6cea04(uuid9257)
сент. 16, 2025 8:21:58 PM webapp.storage.AbstractStorage save
INFO: &amp#27;[32mSave b176e863-0f86-46aa-83db-1e2ce95c95fa(uuid9258)
сент. 16, 2025 8:21:58 PM webapp.storage.AbstractStorage save
INFO: &amp#27;[32mSave 935d29d0-a9a1-44af-874f-fa6f46262e50(uuid9259)
сент. 16, 2025 8:21:58 PM webapp.storage.AbstractStorage save
INFO: &amp#27;[32mSave c632c447-54be-4a0f-ada4-167e8243b870(uuid9260)
сент. 16, 2025 8:21:58 PM webapp.storage.AbstractStorage save
INFO: &amp#27;[32mSave 7853fb80-95fb-4bfe-9593-c58986c2a32c(uuid9261)
сент. 16, 2025 8:21:58 PM webapp.storage.AbstractStorage save
INFO: &amp#27;[32mSave 1211e2cd-f181-42b6-8b43-8d1fb5fa4696(uuid9262)
сент. 16, 2025 8:21:58 PM webapp.storage.AbstractStorage save
INFO: &amp#27;[32mSave 26e11562-7423-4732-890e-e1c5180e62aa(uuid9263)
сент. 16, 2025 8:21:58 PM webapp.storage.AbstractStorage save
INFO: &amp#27;[32mSave 3e04b41a-74f8-45e1-a1b1-c00656088563(uuid9264)
сент. 16, 2025 8:21:58 PM webapp.storage.AbstractStorage save
INFO: &amp#27;[32mSave fd064543-3891-4ef4-a1b4-180bec5ea048(uuid9265)
сент. 16, 2025 8:21:58 PM webapp.storage.AbstractStorage save
INFO: &amp#27;[32mSave 4e2a27d4-2421-446a-b751-32a5adce2da7(uuid9266)
сент. 16, 2025 8:21:58 PM webapp.storage.AbstractStorage save
INFO: &amp#27;[32mSave 631a3bce-63d4-4631-84a5-8a251dfb8db1(uuid9267)
сент. 16, 2025 8:21:58 PM webapp.storage.AbstractStorage save
INFO: &amp#27;[32mSave 1ae2c22c-8f12-4a16-8ac8-642595c7c47b(uuid9268)
сент. 16, 2025 8:21:58 PM webapp.storage.AbstractStorage save
INFO: &amp#27;[32mSave 0d3347de-bbe5-4c55-aff4-79b7efae8ac5(uuid9269)
сент. 16, 2025 8:21:58 PM webapp.storage.AbstractStorage save
INFO: &amp#27;[32mSave 62857a70-4976-49bf-acbc-a7ee1dc26e7f(uuid9270)
сент. 16, 2025 8:21:58 PM webapp.storage.AbstractStorage save
INFO: &amp#27;[32mSave b8c499d7-b385-45ad-8aa2-bfafb27bae77(uuid9271)
сент. 16, 2025 8:21:58 PM webapp.storage.AbstractStorage save
INFO: &amp#27;[32mSave e37f4de4-3936-4137-9139-685abc06683c(uuid9272)
сент. 16, 2025 8:21:58 PM webapp.storage.AbstractStorage save
INFO: &amp#27;[32mSave 15c1a4fb-cf7f-491d-bf3b-b634becd031a(uuid9273)
сент. 16, 2025 8:21:58 PM webapp.storage.AbstractStorage save
INFO: &amp#27;[32mSave 7b0b6fa6-bc1d-408e-8bf9-3a544012cae2(uuid9274)
сент. 16, 2025 8:21:58 PM webapp.storage.AbstractStorage save
INFO: &amp#27;[32mSave 4fbaa370-ac75-445b-958c-b6a0bc156a05(uuid9275)
сент. 16, 2025 8:21:58 PM webapp.storage.AbstractStorage save
INFO: &amp#27;[32mSave 8d4f6f3b-cffa-4402-b351-e4e5de9d110e(uuid9276)
сент. 16, 2025 8:21:58 PM webapp.storage.AbstractStorage save
INFO: &amp#27;[32mSave f84df38a-38b1-41b5-aa7b-7f1d5f8b78ee(uuid9277)
сент. 16, 2025 8:21:58 PM webapp.storage.AbstractStorage save
INFO: &amp#27;[32mSave 21c18010-2ce2-4d00-b281-21e07fa492a2(uuid9278)
сент. 16, 2025 8:21:58 PM webapp.storage.AbstractStorage save
INFO: &amp#27;[32mSave 2f62deab-7733-44b0-83cd-8717df2a6538(uuid9279)
сент. 16, 2025 8:21:58 PM webapp.storage.AbstractStorage save
INFO: &amp#27;[32mSave 22e1ee9d-3f1b-4ee0-a571-6c06e9fb7d9c(uuid9280)
сент. 16, 2025 8:21:58 PM webapp.storage.AbstractStorage save
INFO: &amp#27;[32mSave d9679117-a9fb-4616-a0de-df51fd1257c2(uuid9281)
сент. 16, 2025 8:21:58 PM webapp.storage.AbstractStorage save
INFO: &amp#27;[32mSave 3f0910ef-645b-4b52-9c2c-f6b2896bddfd(uuid9282)
сент. 16, 2025 8:21:58 PM webapp.storage.AbstractStorage save
INFO: &amp#27;[32mSave ed6a38d2-b2b5-471f-9887-1cb49391a5e9(uuid9283)
сент. 16, 2025 8:21:58 PM webapp.storage.AbstractStorage save
INFO: &amp#27;[32mSave 3ba19d41-3fb0-46b1-8ad6-9e71111f9175(uuid9284)
сент. 16, 2025 8:21:58 PM webapp.storage.AbstractStorage save
INFO: &amp#27;[32mSave 28cdaaeb-0d38-4681-ad94-c89f06d03bff(uuid9285)
сент. 16, 2025 8:21:58 PM webapp.storage.AbstractStorage save
INFO: &amp#27;[32mSave f893be16-d30e-4a48-943b-ef9209ebcbfe(uuid9286)
сент. 16, 2025 8:21:58 PM webapp.storage.AbstractStorage save
INFO: &amp#27;[32mSave 92345158-f744-4e48-ac98-da331e4194a7(uuid9287)
сент. 16, 2025 8:21:58 PM webapp.storage.AbstractStorage save
INFO: &amp#27;[32mSave a1d26588-3186-4591-b95a-4bb690090113(uuid9288)
сент. 16, 2025 8:21:58 PM webapp.storage.AbstractStorage save
INFO: &amp#27;[32mSave 6b3f8996-3e4f-483c-b735-7a30a329a405(uuid9289)
сент. 16, 2025 8:21:58 PM webapp.storage.AbstractStorage save
INFO: &amp#27;[32mSave 838f458d-533f-4468-b7e5-2631460e66fd(uuid9290)
сент. 16, 2025 8:21:58 PM webapp.storage.AbstractStorage save
INFO: &amp#27;[32mSave 383a453d-eee3-422a-89d9-7044ca550e03(uuid9291)
сент. 16, 2025 8:21:58 PM webapp.storage.AbstractStorage save
INFO: &amp#27;[32mSave e57a5be4-7ada-46d5-b6a7-aed20462d0b8(uuid9292)
сент. 16, 2025 8:21:58 PM webapp.storage.AbstractStorage save
INFO: &amp#27;[32mSave c4f866af-70bc-4ca5-8e9c-4c6e4de45771(uuid9293)
сент. 16, 2025 8:21:58 PM webapp.storage.AbstractStorage save
INFO: &amp#27;[32mSave 63298bd4-1f2d-468b-947e-6c52e4ca5815(uuid9294)
сент. 16, 2025 8:21:58 PM webapp.storage.AbstractStorage save
INFO: &amp#27;[32mSave eb1538ba-c8a5-4d54-bb03-3213be6b9b8d(uuid9295)
сент. 16, 2025 8:21:58 PM webapp.storage.AbstractStorage save
INFO: &amp#27;[32mSave 0b9386f9-707e-4a98-81b9-17a5c1e679c0(uuid9296)
сент. 16, 2025 8:21:58 PM webapp.storage.AbstractStorage save
INFO: &amp#27;[32mSave bb24d703-c28b-4a1d-aa1c-1eb11842b04f(uuid9297)
сент. 16, 2025 8:21:58 PM webapp.storage.AbstractStorage save
INFO: &amp#27;[32mSave 945764b0-a60d-4e95-8d1a-e9c584942395(uuid9298)
сент. 16, 2025 8:21:58 PM webapp.storage.AbstractStorage save
INFO: &amp#27;[32mSave 56cb3430-ad10-42aa-9ec9-26e625182254(uuid9299)
сент. 16, 2025 8:21:58 PM webapp.storage.AbstractStorage save
INFO: &amp#27;[32mSave 0ac0270a-8ea4-41c7-8105-839488d0aa95(uuid9300)
сент. 16, 2025 8:21:58 PM webapp.storage.AbstractStorage save
INFO: &amp#27;[32mSave d15b6c70-4a1f-494b-a6d6-fe547415524b(uuid9301)
сент. 16, 2025 8:21:58 PM webapp.storage.AbstractStorage save
INFO: &amp#27;[32mSave 37d74425-a131-499e-8f40-bf110f03c0c2(uuid9302)
сент. 16, 2025 8:21:58 PM webapp.storage.AbstractStorage save
INFO: &amp#27;[32mSave 49555c98-ace5-4449-8677-2ab76c8cf5ab(uuid9303)
сент. 16, 2025 8:21:58 PM webapp.storage.AbstractStorage save
INFO: &amp#27;[32mSave 37074b9e-e2d4-4233-b9c2-0a03e32e100e(uuid9304)
сент. 16, 2025 8:21:58 PM webapp.storage.AbstractStorage save
INFO: &amp#27;[32mSave e73f4df0-891c-44af-be6f-76ef70c22b16(uuid9305)
сент. 16, 2025 8:21:58 PM webapp.storage.AbstractStorage save
INFO: &amp#27;[32mSave be08ae55-2c52-44e8-add1-404509bcf7ae(uuid9306)
сент. 16, 2025 8:21:58 PM webapp.storage.AbstractStorage save
INFO: &amp#27;[32mSave 4cc48835-c996-4aa0-8a19-8f6265ab7754(uuid9307)
сент. 16, 2025 8:21:58 PM webapp.storage.AbstractStorage save
INFO: &amp#27;[32mSave 996666c8-0ec1-4423-bdeb-49ed0e4bb3e0(uuid9308)
сент. 16, 2025 8:21:58 PM webapp.storage.AbstractStorage save
INFO: &amp#27;[32mSave 7bc56ef6-be0b-42c3-89e1-4797d17ed277(uuid9309)
сент. 16, 2025 8:21:58 PM webapp.storage.AbstractStorage save
INFO: &amp#27;[32mSave d8adf18e-3d54-4253-9841-166338d19786(uuid9310)
сент. 16, 2025 8:21:58 PM webapp.storage.AbstractStorage save
INFO: &amp#27;[32mSave 48a325eb-7f6c-47be-a3c2-6dc779722f06(uuid9311)
сент. 16, 2025 8:21:58 PM webapp.storage.AbstractStorage save
INFO: &amp#27;[32mSave cc47dfb6-7598-44a2-872e-01b34501d8aa(uuid9312)
сент. 16, 2025 8:21:58 PM webapp.storage.AbstractStorage save
INFO: &amp#27;[32mSave 9210465b-7bc0-4e5d-a7f0-cff1c54c0774(uuid9313)
сент. 16, 2025 8:21:58 PM webapp.storage.AbstractStorage save
INFO: &amp#27;[32mSave aba5cb2f-a92e-4e5c-9561-24d11cd40600(uuid9314)
сент. 16, 2025 8:21:58 PM webapp.storage.AbstractStorage save
INFO: &amp#27;[32mSave d2584816-9c9a-4938-b5af-865e211a7b23(uuid9315)
сент. 16, 2025 8:21:58 PM webapp.storage.AbstractStorage save
INFO: &amp#27;[32mSave 82e27aa1-325c-4cc9-8acf-9fbce2fd81f4(uuid9316)
сент. 16, 2025 8:21:58 PM webapp.storage.AbstractStorage save
INFO: &amp#27;[32mSave d83c3e41-3885-4d5d-8361-f60466275ddb(uuid9317)
сент. 16, 2025 8:21:58 PM webapp.storage.AbstractStorage save
INFO: &amp#27;[32mSave baed7f74-8552-4d5c-ae5b-8daaac48f4c4(uuid9318)
сент. 16, 2025 8:21:58 PM webapp.storage.AbstractStorage save
INFO: &amp#27;[32mSave db1c8e31-7a43-416d-b36e-f773ec49f990(uuid9319)
сент. 16, 2025 8:21:58 PM webapp.storage.AbstractStorage save
INFO: &amp#27;[32mSave 3dc4b55d-dd2e-48df-8c88-d6030445e2f2(uuid9320)
сент. 16, 2025 8:21:58 PM webapp.storage.AbstractStorage save
INFO: &amp#27;[32mSave 48eac27a-1a64-411f-9b7e-e75faabf53df(uuid9321)
сент. 16, 2025 8:21:58 PM webapp.storage.AbstractStorage save
INFO: &amp#27;[32mSave 130d9a86-fa4a-4d10-b749-d021307b3071(uuid9322)
сент. 16, 2025 8:21:58 PM webapp.storage.AbstractStorage save
INFO: &amp#27;[32mSave 628fb146-7423-4cd0-a6a7-aac75d0f884b(uuid9323)
сент. 16, 2025 8:21:58 PM webapp.storage.AbstractStorage save
INFO: &amp#27;[32mSave 327ec330-6472-4bbb-8a33-ed3ae7760219(uuid9324)
сент. 16, 2025 8:21:58 PM webapp.storage.AbstractStorage save
INFO: &amp#27;[32mSave ff9c5075-52d0-425a-a8b7-1a5930b92199(uuid9325)
сент. 16, 2025 8:21:58 PM webapp.storage.AbstractStorage save
INFO: &amp#27;[32mSave b0ce63d9-a42e-43a1-9c32-54b508d73bbc(uuid9326)
сент. 16, 2025 8:21:58 PM webapp.storage.AbstractStorage save
INFO: &amp#27;[32mSave 2ddb9b33-705a-4b67-98c0-f5cd6527ae69(uuid9327)
сент. 16, 2025 8:21:58 PM webapp.storage.AbstractStorage save
INFO: &amp#27;[32mSave c79f545c-19a0-4c4a-8f23-adb15ba5ee58(uuid9328)
сент. 16, 2025 8:21:58 PM webapp.storage.AbstractStorage save
INFO: &amp#27;[32mSave 84ff5748-3fbd-49d0-b720-29ebdbe33bb7(uuid9329)
сент. 16, 2025 8:21:58 PM webapp.storage.AbstractStorage save
INFO: &amp#27;[32mSave 27e486cf-56ee-42ee-9bb3-dd3f4a23c400(uuid9330)
сент. 16, 2025 8:21:58 PM webapp.storage.AbstractStorage save
INFO: &amp#27;[32mSave 68b07e6a-c35e-4708-9561-699881f30aed(uuid9331)
сент. 16, 2025 8:21:58 PM webapp.storage.AbstractStorage save
INFO: &amp#27;[32mSave 3fec6768-a4ef-4633-988f-5547ab083d46(uuid9332)
сент. 16, 2025 8:21:58 PM webapp.storage.AbstractStorage save
INFO: &amp#27;[32mSave 150cc21a-9872-40f2-bdf6-5342cf275e28(uuid9333)
сент. 16, 2025 8:21:58 PM webapp.storage.AbstractStorage save
INFO: &amp#27;[32mSave e851fe2f-e878-4ae4-a839-d9a21f8a0684(uuid9334)
сент. 16, 2025 8:21:58 PM webapp.storage.AbstractStorage save
INFO: &amp#27;[32mSave a42f4a3b-cdf0-404e-8973-8d7183b33e4b(uuid9335)
сент. 16, 2025 8:21:58 PM webapp.storage.AbstractStorage save
INFO: &amp#27;[32mSave 8c6393b3-b928-401b-85a4-597789ff7d57(uuid9336)
сент. 16, 2025 8:21:58 PM webapp.storage.AbstractStorage save
INFO: &amp#27;[32mSave c2d2ca20-f6aa-4664-afb1-c0c6a5c27852(uuid9337)
сент. 16, 2025 8:21:58 PM webapp.storage.AbstractStorage save
INFO: &amp#27;[32mSave 9f133b3b-a789-4981-9462-a40d4fe35490(uuid9338)
сент. 16, 2025 8:21:58 PM webapp.storage.AbstractStorage save
INFO: &amp#27;[32mSave 39f49967-2617-48cd-a2f2-352020f6961e(uuid9339)
сент. 16, 2025 8:21:58 PM webapp.storage.AbstractStorage save
INFO: &amp#27;[32mSave 1870580d-5ca7-494c-b038-06f09dc6c85d(uuid9340)
сент. 16, 2025 8:21:58 PM webapp.storage.AbstractStorage save
INFO: &amp#27;[32mSave 02958ca5-11f2-4929-9a7f-3c4831de480c(uuid9341)
сент. 16, 2025 8:21:58 PM webapp.storage.AbstractStorage save
INFO: &amp#27;[32mSave 8869ea71-2fce-40fc-bb5e-6cea6cfa012b(uuid9342)
сент. 16, 2025 8:21:58 PM webapp.storage.AbstractStorage save
INFO: &amp#27;[32mSave a8e4fbb0-b86d-45f3-9fdb-8aa21c764e7e(uuid9343)
сент. 16, 2025 8:21:58 PM webapp.storage.AbstractStorage save
INFO: &amp#27;[32mSave 7965c032-8fa9-4aae-bb33-274386a2ea59(uuid9344)
сент. 16, 2025 8:21:58 PM webapp.storage.AbstractStorage save
INFO: &amp#27;[32mSave cd9c34be-d4be-4980-a62a-c8c3cf91ede1(uuid9345)
сент. 16, 2025 8:21:58 PM webapp.storage.AbstractStorage save
INFO: &amp#27;[32mSave e21c2ced-ed42-4093-84a5-b947bd77969e(uuid9346)
сент. 16, 2025 8:21:58 PM webapp.storage.AbstractStorage save
INFO: &amp#27;[32mSave 73ac9e30-c583-42ad-a7f5-d9ad3e5c6f13(uuid9347)
сент. 16, 2025 8:21:58 PM webapp.storage.AbstractStorage save
INFO: &amp#27;[32mSave e4b31e06-c77b-4beb-a0c6-a185cbcc055f(uuid9348)
сент. 16, 2025 8:21:58 PM webapp.storage.AbstractStorage save
INFO: &amp#27;[32mSave 79bec25a-6f8c-469b-af28-11ffc980c51a(uuid9349)
сент. 16, 2025 8:21:58 PM webapp.storage.AbstractStorage save
INFO: &amp#27;[32mSave aaecf341-13a0-40a1-8b09-1c81488fa866(uuid9350)
сент. 16, 2025 8:21:58 PM webapp.storage.AbstractStorage save
INFO: &amp#27;[32mSave 5a1a2985-0bcb-47b8-b941-bb26639809f7(uuid9351)
сент. 16, 2025 8:21:58 PM webapp.storage.AbstractStorage save
INFO: &amp#27;[32mSave 7f7bee1d-b434-4a69-b39d-2ddf55f71eea(uuid9352)
сент. 16, 2025 8:21:58 PM webapp.storage.AbstractStorage save
INFO: &amp#27;[32mSave 92fae7a5-e11b-4b27-9c63-3e8c916ed990(uuid9353)
сент. 16, 2025 8:21:58 PM webapp.storage.AbstractStorage save
INFO: &amp#27;[32mSave 757d7cb5-1066-43b7-bc7d-ba98f65e82c1(uuid9354)
сент. 16, 2025 8:21:58 PM webapp.storage.AbstractStorage save
INFO: &amp#27;[32mSave faeb252b-1770-476c-b6bf-b6f50baee190(uuid9355)
сент. 16, 2025 8:21:58 PM webapp.storage.AbstractStorage save
INFO: &amp#27;[32mSave 5c37eed9-55f4-4183-bd43-760eff14ca4c(uuid9356)
сент. 16, 2025 8:21:58 PM webapp.storage.AbstractStorage save
INFO: &amp#27;[32mSave a9503821-fede-4fdf-ae58-ba4139cf9a9f(uuid9357)
сент. 16, 2025 8:21:58 PM webapp.storage.AbstractStorage save
INFO: &amp#27;[32mSave c9849abd-a6d5-40dd-ac59-eec379be2109(uuid9358)
сент. 16, 2025 8:21:58 PM webapp.storage.AbstractStorage save
INFO: &amp#27;[32mSave 276849d1-0298-4bf1-be3c-ae4db0f13e50(uuid9359)
сент. 16, 2025 8:21:58 PM webapp.storage.AbstractStorage save
INFO: &amp#27;[32mSave 29e71e0b-182e-4de0-a39a-3c5a319e334b(uuid9360)
сент. 16, 2025 8:21:58 PM webapp.storage.AbstractStorage save
INFO: &amp#27;[32mSave 3f45fdb7-a83e-4c5f-94b5-a366754e41ec(uuid9361)
сент. 16, 2025 8:21:58 PM webapp.storage.AbstractStorage save
INFO: &amp#27;[32mSave 01bc35c4-1d65-4335-a468-749b21035e8d(uuid9362)
сент. 16, 2025 8:21:58 PM webapp.storage.AbstractStorage save
INFO: &amp#27;[32mSave e590ef74-7b69-4b06-bd3d-f7d88d991cd7(uuid9363)
сент. 16, 2025 8:21:58 PM webapp.storage.AbstractStorage save
INFO: &amp#27;[32mSave 482f856c-ee57-4696-aa0c-760a41d38568(uuid9364)
сент. 16, 2025 8:21:58 PM webapp.storage.AbstractStorage save
INFO: &amp#27;[32mSave e72f346c-27cb-42e3-b791-b7c72131c608(uuid9365)
сент. 16, 2025 8:21:58 PM webapp.storage.AbstractStorage save
INFO: &amp#27;[32mSave 8d6ed3cd-51c1-4c2b-b9ab-de3b11a696c7(uuid9366)
сент. 16, 2025 8:21:58 PM webapp.storage.AbstractStorage save
INFO: &amp#27;[32mSave 8a939181-b4f7-4c23-95c3-935c1de58893(uuid9367)
сент. 16, 2025 8:21:58 PM webapp.storage.AbstractStorage save
INFO: &amp#27;[32mSave c126a65e-fe4a-4b98-9cbc-f5c422733b67(uuid9368)
сент. 16, 2025 8:21:58 PM webapp.storage.AbstractStorage save
INFO: &amp#27;[32mSave 5de96720-db29-45b6-9e24-7b46acd4b9a6(uuid9369)
сент. 16, 2025 8:21:58 PM webapp.storage.AbstractStorage save
INFO: &amp#27;[32mSave 88f80dd0-b653-462a-9d93-1651ea609e9a(uuid9370)
сент. 16, 2025 8:21:58 PM webapp.storage.AbstractStorage save
INFO: &amp#27;[32mSave af3162d0-22b7-4d94-a109-174bd8374221(uuid9371)
сент. 16, 2025 8:21:58 PM webapp.storage.AbstractStorage save
INFO: &amp#27;[32mSave 5711e5a3-1e9d-4d57-8592-09f12b95f2c9(uuid9372)
сент. 16, 2025 8:21:58 PM webapp.storage.AbstractStorage save
INFO: &amp#27;[32mSave 005dae7e-c1e2-4333-bfac-cf8116ecabc8(uuid9373)
сент. 16, 2025 8:21:58 PM webapp.storage.AbstractStorage save
INFO: &amp#27;[32mSave 3bd52323-78b6-441c-a42e-88a2dc58f03d(uuid9374)
сент. 16, 2025 8:21:58 PM webapp.storage.AbstractStorage save
INFO: &amp#27;[32mSave 71bd12bb-5565-4cba-9329-7ddc1bbfcf45(uuid9375)
сент. 16, 2025 8:21:58 PM webapp.storage.AbstractStorage save
INFO: &amp#27;[32mSave d8d944fc-0737-4b58-97d5-0ce38f6852df(uuid9376)
сент. 16, 2025 8:21:58 PM webapp.storage.AbstractStorage save
INFO: &amp#27;[32mSave f0e92042-01b5-4ef7-be74-f85d90466803(uuid9377)
сент. 16, 2025 8:21:58 PM webapp.storage.AbstractStorage save
INFO: &amp#27;[32mSave 8b22c4df-0e28-48cc-b983-10576d8524a7(uuid9378)
сент. 16, 2025 8:21:58 PM webapp.storage.AbstractStorage save
INFO: &amp#27;[32mSave 04e23bab-b82c-4fc4-9765-634491ac1ae3(uuid9379)
сент. 16, 2025 8:21:58 PM webapp.storage.AbstractStorage save
INFO: &amp#27;[32mSave 443a63d1-4dca-47c2-9635-a824e224aae1(uuid9380)
сент. 16, 2025 8:21:58 PM webapp.storage.AbstractStorage save
INFO: &amp#27;[32mSave c2513b2a-070b-4866-b257-d9c4f15ebe40(uuid9381)
сент. 16, 2025 8:21:58 PM webapp.storage.AbstractStorage save
INFO: &amp#27;[32mSave 4cbe2eef-528c-43e9-a13b-0875583b6a3c(uuid9382)
сент. 16, 2025 8:21:58 PM webapp.storage.AbstractStorage save
INFO: &amp#27;[32mSave f478bcf6-2606-4448-92a0-f0b86fb0836a(uuid9383)
сент. 16, 2025 8:21:58 PM webapp.storage.AbstractStorage save
INFO: &amp#27;[32mSave b867c08e-cada-43c3-8dfd-4690e42efac4(uuid9384)
сент. 16, 2025 8:21:58 PM webapp.storage.AbstractStorage save
INFO: &amp#27;[32mSave 99ae21c1-829d-471b-909b-ce2c5265b5cd(uuid9385)
сент. 16, 2025 8:21:58 PM webapp.storage.AbstractStorage save
INFO: &amp#27;[32mSave f1f4f5ca-c411-437f-85a8-5c9fde391aec(uuid9386)
сент. 16, 2025 8:21:58 PM webapp.storage.AbstractStorage save
INFO: &amp#27;[32mSave ecc168bc-3e7d-4752-8700-e92bfdc3de7b(uuid9387)
сент. 16, 2025 8:21:58 PM webapp.storage.AbstractStorage save
INFO: &amp#27;[32mSave df77f817-a31b-457b-85a5-8504e73c0721(uuid9388)
сент. 16, 2025 8:21:58 PM webapp.storage.AbstractStorage save
INFO: &amp#27;[32mSave 5eb61b5f-8dc7-4807-8333-f67b724d7a76(uuid9389)
сент. 16, 2025 8:21:58 PM webapp.storage.AbstractStorage save
INFO: &amp#27;[32mSave 86b6f63a-61a0-49f9-b9c1-94c99dad7c84(uuid9390)
сент. 16, 2025 8:21:58 PM webapp.storage.AbstractStorage save
INFO: &amp#27;[32mSave d27068e7-787f-467e-925b-1347bb7853d1(uuid9391)
сент. 16, 2025 8:21:58 PM webapp.storage.AbstractStorage save
INFO: &amp#27;[32mSave 431ebc58-82af-4322-8bb6-af61a476048b(uuid9392)
сент. 16, 2025 8:21:58 PM webapp.storage.AbstractStorage save
INFO: &amp#27;[32mSave 7bdf2d3e-910c-4603-a2a8-20d09c8d45d1(uuid9393)
сент. 16, 2025 8:21:58 PM webapp.storage.AbstractStorage save
INFO: &amp#27;[32mSave bd4960d8-ce61-4448-9079-db2b44032ec8(uuid9394)
сент. 16, 2025 8:21:58 PM webapp.storage.AbstractStorage save
INFO: &amp#27;[32mSave ae44d7c0-7559-49b3-a815-709bd9b124c6(uuid9395)
сент. 16, 2025 8:21:58 PM webapp.storage.AbstractStorage save
INFO: &amp#27;[32mSave 10709fc8-65f6-4b31-93be-4b8b10226a3c(uuid9396)
сент. 16, 2025 8:21:58 PM webapp.storage.AbstractStorage save
INFO: &amp#27;[32mSave d6c9fa76-678e-4aa7-ba8c-db4ed430ff41(uuid9397)
сент. 16, 2025 8:21:58 PM webapp.storage.AbstractStorage save
INFO: &amp#27;[32mSave 7e277f66-3da6-4da9-a8b2-e42c79255a84(uuid9398)
сент. 16, 2025 8:21:58 PM webapp.storage.AbstractStorage save
INFO: &amp#27;[32mSave 2fd5cfcf-aa4a-4c70-87f1-cd0c87142a10(uuid9399)
сент. 16, 2025 8:21:58 PM webapp.storage.AbstractStorage save
INFO: &amp#27;[32mSave ea915755-1d2c-46d5-8e31-cd30f1226c13(uuid9400)
сент. 16, 2025 8:21:58 PM webapp.storage.AbstractStorage save
INFO: &amp#27;[32mSave 52a9b1c0-2717-4e94-9ca3-19090733cb6c(uuid9401)
сент. 16, 2025 8:21:58 PM webapp.storage.AbstractStorage save
INFO: &amp#27;[32mSave 40a2c6f2-9c9a-439f-b15b-28ab00656703(uuid9402)
сент. 16, 2025 8:21:58 PM webapp.storage.AbstractStorage save
INFO: &amp#27;[32mSave e86ff9fe-fe63-46f7-bcba-2d0ced48c073(uuid9403)
сент. 16, 2025 8:21:58 PM webapp.storage.AbstractStorage save
INFO: &amp#27;[32mSave 34f1ab8e-2981-4ed9-a577-c94d52d22f10(uuid9404)
сент. 16, 2025 8:21:58 PM webapp.storage.AbstractStorage save
INFO: &amp#27;[32mSave b1e67968-04f0-4dbc-b7af-76ab575f8e39(uuid9405)
сент. 16, 2025 8:21:58 PM webapp.storage.AbstractStorage save
INFO: &amp#27;[32mSave 382773cc-c1a2-44ed-871f-f5da0514bd59(uuid9406)
сент. 16, 2025 8:21:58 PM webapp.storage.AbstractStorage save
INFO: &amp#27;[32mSave 2d034388-63fa-4164-9077-e9383da130cf(uuid9407)
сент. 16, 2025 8:21:58 PM webapp.storage.AbstractStorage save
INFO: &amp#27;[32mSave 78f2ef2a-2984-41ce-b16b-daf63abdc784(uuid9408)
сент. 16, 2025 8:21:58 PM webapp.storage.AbstractStorage save
INFO: &amp#27;[32mSave ff249c09-b191-4797-a7f4-99cae402c638(uuid9409)
сент. 16, 2025 8:21:58 PM webapp.storage.AbstractStorage save
INFO: &amp#27;[32mSave a12b9bb5-89d9-4243-8347-64f502f4eb2c(uuid9410)
сент. 16, 2025 8:21:58 PM webapp.storage.AbstractStorage save
INFO: &amp#27;[32mSave 384e90d1-523b-43e7-8371-82c329b83d1a(uuid9411)
сент. 16, 2025 8:21:58 PM webapp.storage.AbstractStorage save
INFO: &amp#27;[32mSave d7666d91-0d18-4211-b4a1-b320fff1a9b5(uuid9412)
сент. 16, 2025 8:21:58 PM webapp.storage.AbstractStorage save
INFO: &amp#27;[32mSave 19ff0c74-28b5-4d37-a8d3-c390afa49111(uuid9413)
сент. 16, 2025 8:21:58 PM webapp.storage.AbstractStorage save
INFO: &amp#27;[32mSave 0a68a59b-2dc3-4fa6-88b1-8ca36a168cee(uuid9414)
сент. 16, 2025 8:21:58 PM webapp.storage.AbstractStorage save
INFO: &amp#27;[32mSave 34dc22cf-53b4-4d5e-bf93-9e173bdeeecf(uuid9415)
сент. 16, 2025 8:21:58 PM webapp.storage.AbstractStorage save
INFO: &amp#27;[32mSave 3fc398e7-af08-4a6e-9ed5-4a7996ae9cf0(uuid9416)
сент. 16, 2025 8:21:58 PM webapp.storage.AbstractStorage save
INFO: &amp#27;[32mSave e4c043d3-ffef-4b68-aed1-5098c777e30a(uuid9417)
сент. 16, 2025 8:21:58 PM webapp.storage.AbstractStorage save
INFO: &amp#27;[32mSave 718e56df-0a96-4582-b1e5-b8c2aac35bcd(uuid9418)
сент. 16, 2025 8:21:58 PM webapp.storage.AbstractStorage save
INFO: &amp#27;[32mSave 60327f4c-1d00-4fcc-b148-2f514b12ad4f(uuid9419)
сент. 16, 2025 8:21:58 PM webapp.storage.AbstractStorage save
INFO: &amp#27;[32mSave b06431ca-222e-4523-9d92-8a6849ee6eeb(uuid9420)
сент. 16, 2025 8:21:58 PM webapp.storage.AbstractStorage save
INFO: &amp#27;[32mSave 5003504a-1ff8-44b9-9044-ba25c78de060(uuid9421)
сент. 16, 2025 8:21:58 PM webapp.storage.AbstractStorage save
INFO: &amp#27;[32mSave 9b07adfa-3686-4840-8912-d23a726ea157(uuid9422)
сент. 16, 2025 8:21:58 PM webapp.storage.AbstractStorage save
INFO: &amp#27;[32mSave 93530c5e-1194-4846-8736-e05d99c18431(uuid9423)
сент. 16, 2025 8:21:58 PM webapp.storage.AbstractStorage save
INFO: &amp#27;[32mSave 0d33e9ce-40ba-47fc-bf28-11be30cfa487(uuid9424)
сент. 16, 2025 8:21:58 PM webapp.storage.AbstractStorage save
INFO: &amp#27;[32mSave 8d660268-2ef9-457d-8d3d-97ab68aa21e9(uuid9425)
сент. 16, 2025 8:21:58 PM webapp.storage.AbstractStorage save
INFO: &amp#27;[32mSave 3333b3d8-6490-4bf1-9477-2e5172a308a2(uuid9426)
сент. 16, 2025 8:21:58 PM webapp.storage.AbstractStorage save
INFO: &amp#27;[32mSave 56229a42-2182-4ab7-ad66-5d075c667dcd(uuid9427)
сент. 16, 2025 8:21:58 PM webapp.storage.AbstractStorage save
INFO: &amp#27;[32mSave 852cb557-adc0-4fb7-b6f4-344a4bac8070(uuid9428)
сент. 16, 2025 8:21:58 PM webapp.storage.AbstractStorage save
INFO: &amp#27;[32mSave fb60f4d0-6409-4660-a5f9-7edabe8ecd00(uuid9429)
сент. 16, 2025 8:21:58 PM webapp.storage.AbstractStorage save
INFO: &amp#27;[32mSave a0015ae1-1c1a-4fef-9ef5-318810d921c6(uuid9430)
сент. 16, 2025 8:21:58 PM webapp.storage.AbstractStorage save
INFO: &amp#27;[32mSave fd4b3e37-f4a3-4d04-b3b6-eecde0588e87(uuid9431)
сент. 16, 2025 8:21:58 PM webapp.storage.AbstractStorage save
INFO: &amp#27;[32mSave 19e682eb-4671-4984-a94a-7fba53fe50bc(uuid9432)
сент. 16, 2025 8:21:58 PM webapp.storage.AbstractStorage save
INFO: &amp#27;[32mSave 39bf6386-ef82-4691-852c-fd79c78927aa(uuid9433)
сент. 16, 2025 8:21:58 PM webapp.storage.AbstractStorage save
INFO: &amp#27;[32mSave 43f1113a-65a3-437d-a5ae-ae81f4aa88e5(uuid9434)
сент. 16, 2025 8:21:58 PM webapp.storage.AbstractStorage save
INFO: &amp#27;[32mSave 4703082d-ef1a-42a0-a901-1ce015253f2b(uuid9435)
сент. 16, 2025 8:21:58 PM webapp.storage.AbstractStorage save
INFO: &amp#27;[32mSave 489106fc-f161-4211-960d-69b2df4fea51(uuid9436)
сент. 16, 2025 8:21:58 PM webapp.storage.AbstractStorage save
INFO: &amp#27;[32mSave bb8c371e-59b7-494b-967f-e43d59fc08ee(uuid9437)
сент. 16, 2025 8:21:58 PM webapp.storage.AbstractStorage save
INFO: &amp#27;[32mSave 8a8a5b13-f022-45d0-aeea-82c100ba13b4(uuid9438)
сент. 16, 2025 8:21:58 PM webapp.storage.AbstractStorage save
INFO: &amp#27;[32mSave 563ea086-003e-40a5-9670-718cb65950f8(uuid9439)
сент. 16, 2025 8:21:58 PM webapp.storage.AbstractStorage save
INFO: &amp#27;[32mSave 55bc000f-5ffa-4270-8893-b5361c046e64(uuid9440)
сент. 16, 2025 8:21:58 PM webapp.storage.AbstractStorage save
INFO: &amp#27;[32mSave e8abcc39-6ed5-4886-8a67-3c2b97eb504c(uuid9441)
сент. 16, 2025 8:21:58 PM webapp.storage.AbstractStorage save
INFO: &amp#27;[32mSave aa62f86f-0439-44cd-88c2-c46b5da92b45(uuid9442)
сент. 16, 2025 8:21:58 PM webapp.storage.AbstractStorage save
INFO: &amp#27;[32mSave ae7f8cc5-f789-4df7-a055-65ba27375f4d(uuid9443)
сент. 16, 2025 8:21:58 PM webapp.storage.AbstractStorage save
INFO: &amp#27;[32mSave 58c4401b-b2e1-4eff-b91d-e9a6cc5bf68b(uuid9444)
сент. 16, 2025 8:21:58 PM webapp.storage.AbstractStorage save
INFO: &amp#27;[32mSave 75e6b20b-5a55-4d5f-be63-4429d6d7c372(uuid9445)
сент. 16, 2025 8:21:58 PM webapp.storage.AbstractStorage save
INFO: &amp#27;[32mSave 1e2d1305-be7c-4738-ab0a-1c7a01fb5333(uuid9446)
сент. 16, 2025 8:21:58 PM webapp.storage.AbstractStorage save
INFO: &amp#27;[32mSave 34bd7132-0136-48b2-81b5-e886c4722d82(uuid9447)
сент. 16, 2025 8:21:58 PM webapp.storage.AbstractStorage save
INFO: &amp#27;[32mSave e1746e7d-d8d4-4a40-9651-d98b5d478dd6(uuid9448)
сент. 16, 2025 8:21:58 PM webapp.storage.AbstractStorage save
INFO: &amp#27;[32mSave 11bd8327-b0f5-47de-9cc2-6713266a9138(uuid9449)
сент. 16, 2025 8:21:58 PM webapp.storage.AbstractStorage save
INFO: &amp#27;[32mSave 48470d76-c554-4a69-b7a0-ce80475a6e4d(uuid9450)
сент. 16, 2025 8:21:58 PM webapp.storage.AbstractStorage save
INFO: &amp#27;[32mSave a17c50c7-eccb-444b-8c05-3ba8aec06753(uuid9451)
сент. 16, 2025 8:21:58 PM webapp.storage.AbstractStorage save
INFO: &amp#27;[32mSave ee7b5a0b-98f1-4d7e-8827-a24592ff35ae(uuid9452)
сент. 16, 2025 8:21:58 PM webapp.storage.AbstractStorage save
INFO: &amp#27;[32mSave 2987c086-c40c-40c7-b6aa-2d2d94831d4e(uuid9453)
сент. 16, 2025 8:21:58 PM webapp.storage.AbstractStorage save
INFO: &amp#27;[32mSave d9820444-48ab-49b3-85d5-9705f59a7674(uuid9454)
сент. 16, 2025 8:21:58 PM webapp.storage.AbstractStorage save
INFO: &amp#27;[32mSave af730962-56ca-4637-8c01-1e3a5e4f5089(uuid9455)
сент. 16, 2025 8:21:58 PM webapp.storage.AbstractStorage save
INFO: &amp#27;[32mSave 63e305df-24f2-44ee-9c98-d0cc9f661c38(uuid9456)
сент. 16, 2025 8:21:58 PM webapp.storage.AbstractStorage save
INFO: &amp#27;[32mSave b594aa34-2f86-4645-845d-61658d1ee7eb(uuid9457)
сент. 16, 2025 8:21:58 PM webapp.storage.AbstractStorage save
INFO: &amp#27;[32mSave 9408511c-8de3-44aa-908a-95462f03842d(uuid9458)
сент. 16, 2025 8:21:58 PM webapp.storage.AbstractStorage save
INFO: &amp#27;[32mSave 30a196c2-8678-42a8-9760-9318b6af1eef(uuid9459)
сент. 16, 2025 8:21:58 PM webapp.storage.AbstractStorage save
INFO: &amp#27;[32mSave 850b9e6c-7508-4383-b0e6-18906dbd3283(uuid9460)
сент. 16, 2025 8:21:58 PM webapp.storage.AbstractStorage save
INFO: &amp#27;[32mSave f60a5f28-3913-4f93-9ac8-781e8517a9f7(uuid9461)
сент. 16, 2025 8:21:58 PM webapp.storage.AbstractStorage save
INFO: &amp#27;[32mSave 27add50f-d87b-4da1-b615-fbdcd8799b41(uuid9462)
сент. 16, 2025 8:21:58 PM webapp.storage.AbstractStorage save
INFO: &amp#27;[32mSave 084476f2-dde2-4bca-83f3-4235b91c6e40(uuid9463)
сент. 16, 2025 8:21:58 PM webapp.storage.AbstractStorage save
INFO: &amp#27;[32mSave 22a3d4fa-3196-4683-b12f-178d88a6f20d(uuid9464)
сент. 16, 2025 8:21:58 PM webapp.storage.AbstractStorage save
INFO: &amp#27;[32mSave 0881f9e3-2ec7-4fc4-b84c-071ddc5ab526(uuid9465)
сент. 16, 2025 8:21:58 PM webapp.storage.AbstractStorage save
INFO: &amp#27;[32mSave d8142779-c70a-46f2-a3f3-f8ec7aa649eb(uuid9466)
сент. 16, 2025 8:21:58 PM webapp.storage.AbstractStorage save
INFO: &amp#27;[32mSave a78ddc03-0b19-449b-8a52-67e991db53f2(uuid9467)
сент. 16, 2025 8:21:58 PM webapp.storage.AbstractStorage save
INFO: &amp#27;[32mSave d83b82fb-8efc-47a4-9e33-359a9ba31bd3(uuid9468)
сент. 16, 2025 8:21:58 PM webapp.storage.AbstractStorage save
INFO: &amp#27;[32mSave 8e4312d4-ae56-4d3e-82c5-89d47e76b92b(uuid9469)
сент. 16, 2025 8:21:58 PM webapp.storage.AbstractStorage save
INFO: &amp#27;[32mSave af08e1b6-2687-47ed-88b2-6cb2a13ef50d(uuid9470)
сент. 16, 2025 8:21:58 PM webapp.storage.AbstractStorage save
INFO: &amp#27;[32mSave 50cadbf7-6fd7-4bc4-b093-6a55b5a82c79(uuid9471)
сент. 16, 2025 8:21:58 PM webapp.storage.AbstractStorage save
INFO: &amp#27;[32mSave fab3656a-b381-4005-9597-d9d7c3a40a8f(uuid9472)
сент. 16, 2025 8:21:58 PM webapp.storage.AbstractStorage save
INFO: &amp#27;[32mSave 34dd1be2-f463-43fe-be21-4e065a230fe7(uuid9473)
сент. 16, 2025 8:21:58 PM webapp.storage.AbstractStorage save
INFO: &amp#27;[32mSave f2226240-0c45-4a23-8353-4d00d0643c7b(uuid9474)
сент. 16, 2025 8:21:58 PM webapp.storage.AbstractStorage save
INFO: &amp#27;[32mSave 5a23f381-367a-4ae7-9ba8-a25dceba2cb2(uuid9475)
сент. 16, 2025 8:21:58 PM webapp.storage.AbstractStorage save
INFO: &amp#27;[32mSave df900b7d-125d-4a98-ab4b-081698750e85(uuid9476)
сент. 16, 2025 8:21:58 PM webapp.storage.AbstractStorage save
INFO: &amp#27;[32mSave 67357d00-029d-4cba-a1f5-712b195489ed(uuid9477)
сент. 16, 2025 8:21:58 PM webapp.storage.AbstractStorage save
INFO: &amp#27;[32mSave 09cdd4bd-1856-40bd-853c-0d37cf4f8b7e(uuid9478)
сент. 16, 2025 8:21:58 PM webapp.storage.AbstractStorage save
INFO: &amp#27;[32mSave 5b2ab887-6c06-44aa-b161-da82b5dde580(uuid9479)
сент. 16, 2025 8:21:58 PM webapp.storage.AbstractStorage save
INFO: &amp#27;[32mSave 8dbb08c4-f12b-4877-9a89-519fa43c1a19(uuid9480)
сент. 16, 2025 8:21:58 PM webapp.storage.AbstractStorage save
INFO: &amp#27;[32mSave ffe4547d-2aa8-466b-9dd1-f0fcd8eb6d3a(uuid9481)
сент. 16, 2025 8:21:58 PM webapp.storage.AbstractStorage save
INFO: &amp#27;[32mSave 40e502b0-7d3c-4ca6-a10f-d3391cd7e396(uuid9482)
сент. 16, 2025 8:21:58 PM webapp.storage.AbstractStorage save
INFO: &amp#27;[32mSave 2cb91cbf-3873-46d0-967d-5906a489fb14(uuid9483)
сент. 16, 2025 8:21:58 PM webapp.storage.AbstractStorage save
INFO: &amp#27;[32mSave 13e766ba-a549-4291-a981-abc43ad225b9(uuid9484)
сент. 16, 2025 8:21:58 PM webapp.storage.AbstractStorage save
INFO: &amp#27;[32mSave 57ced36a-f3e0-452f-89b9-34f77e8db2b8(uuid9485)
сент. 16, 2025 8:21:58 PM webapp.storage.AbstractStorage save
INFO: &amp#27;[32mSave 57489c59-71b0-491f-9a75-96405258cedf(uuid9486)
сент. 16, 2025 8:21:58 PM webapp.storage.AbstractStorage save
INFO: &amp#27;[32mSave a9f2a9ba-64b2-4fc7-a39b-0f72c0b95a89(uuid9487)
сент. 16, 2025 8:21:58 PM webapp.storage.AbstractStorage save
INFO: &amp#27;[32mSave a62a82b0-e077-4c19-bb96-a8718686fd90(uuid9488)
сент. 16, 2025 8:21:58 PM webapp.storage.AbstractStorage save
INFO: &amp#27;[32mSave 6e80a14b-28f5-40a3-8694-4734e3a50cfc(uuid9489)
сент. 16, 2025 8:21:58 PM webapp.storage.AbstractStorage save
INFO: &amp#27;[32mSave 636e9c52-7b57-45b1-a3ac-0a069e5ee293(uuid9490)
сент. 16, 2025 8:21:58 PM webapp.storage.AbstractStorage save
INFO: &amp#27;[32mSave 54e8621f-4c3f-4249-8799-080fc453b7f4(uuid9491)
сент. 16, 2025 8:21:58 PM webapp.storage.AbstractStorage save
INFO: &amp#27;[32mSave 5a164e75-5f50-42a1-b614-3c8fac56de03(uuid9492)
сент. 16, 2025 8:21:58 PM webapp.storage.AbstractStorage save
INFO: &amp#27;[32mSave 1b03dc6e-70f8-4d58-814c-e6088ab17728(uuid9493)
сент. 16, 2025 8:21:58 PM webapp.storage.AbstractStorage save
INFO: &amp#27;[32mSave 11c98c60-c92f-4ec0-bac9-7bfdbbf00d99(uuid9494)
сент. 16, 2025 8:21:58 PM webapp.storage.AbstractStorage save
INFO: &amp#27;[32mSave 8484285b-2dfb-4c78-b8ff-9ab2e9603aeb(uuid9495)
сент. 16, 2025 8:21:58 PM webapp.storage.AbstractStorage save
INFO: &amp#27;[32mSave 4d059366-f42c-481a-afcb-4ab3b81a5136(uuid9496)
сент. 16, 2025 8:21:58 PM webapp.storage.AbstractStorage save
INFO: &amp#27;[32mSave f8420909-5926-4b4f-a1c0-e9bb08e3664e(uuid9497)
сент. 16, 2025 8:21:58 PM webapp.storage.AbstractStorage save
INFO: &amp#27;[32mSave 88a3913c-f6a1-4253-b514-6ffe1f582332(uuid9498)
сент. 16, 2025 8:21:58 PM webapp.storage.AbstractStorage save
INFO: &amp#27;[32mSave 73769a71-5944-4e47-a127-cf8102c5e44c(uuid9499)
сент. 16, 2025 8:21:58 PM webapp.storage.AbstractStorage save
INFO: &amp#27;[32mSave 7b41d1b4-4a0e-4728-9b3f-0266e0821f59(uuid9500)
сент. 16, 2025 8:21:58 PM webapp.storage.AbstractStorage save
INFO: &amp#27;[32mSave 5bce53dd-5591-46a9-b066-fac65dae1c83(uuid9501)
сент. 16, 2025 8:21:58 PM webapp.storage.AbstractStorage save
INFO: &amp#27;[32mSave a17b7ab5-c6ec-4995-a0b0-826a143248ad(uuid9502)
сент. 16, 2025 8:21:58 PM webapp.storage.AbstractStorage save
INFO: &amp#27;[32mSave 180a008d-ee07-4b8b-9242-1380e488245c(uuid9503)
сент. 16, 2025 8:21:58 PM webapp.storage.AbstractStorage save
INFO: &amp#27;[32mSave cab0b65e-258c-4902-b6a0-a964310a682f(uuid9504)
сент. 16, 2025 8:21:58 PM webapp.storage.AbstractStorage save
INFO: &amp#27;[32mSave 4b68e2a5-e01f-416a-b913-5b471126bfbb(uuid9505)
сент. 16, 2025 8:21:58 PM webapp.storage.AbstractStorage save
INFO: &amp#27;[32mSave b7f82545-e8a3-4761-b52f-749a493c9f31(uuid9506)
сент. 16, 2025 8:21:58 PM webapp.storage.AbstractStorage save
INFO: &amp#27;[32mSave fad7078d-2c32-4cf8-bb11-b8d04f0aa483(uuid9507)
сент. 16, 2025 8:21:58 PM webapp.storage.AbstractStorage save
INFO: &amp#27;[32mSave a0f9c6e9-01cc-4bb7-9a11-e1f103f88ac2(uuid9508)
сент. 16, 2025 8:21:58 PM webapp.storage.AbstractStorage save
INFO: &amp#27;[32mSave 3ebf7efb-eabf-4433-927b-9743708dbcce(uuid9509)
сент. 16, 2025 8:21:58 PM webapp.storage.AbstractStorage save
INFO: &amp#27;[32mSave a6949fe1-06cb-4004-9ad2-6bd2fa9dcc9a(uuid9510)
сент. 16, 2025 8:21:58 PM webapp.storage.AbstractStorage save
INFO: &amp#27;[32mSave 937713ce-f9ec-4456-bc61-2ca3e9aa5254(uuid9511)
сент. 16, 2025 8:21:58 PM webapp.storage.AbstractStorage save
INFO: &amp#27;[32mSave ef44c08b-2715-475a-94ce-dc7c37889cf1(uuid9512)
сент. 16, 2025 8:21:58 PM webapp.storage.AbstractStorage save
INFO: &amp#27;[32mSave 3674cc9e-885f-430e-8be4-ffc91782e35f(uuid9513)
сент. 16, 2025 8:21:58 PM webapp.storage.AbstractStorage save
INFO: &amp#27;[32mSave 39384199-c3aa-4f6f-982f-4e4fb49f8ae6(uuid9514)
сент. 16, 2025 8:21:58 PM webapp.storage.AbstractStorage save
INFO: &amp#27;[32mSave 2c15091e-6ee0-4e4c-8c33-88052054a8aa(uuid9515)
сент. 16, 2025 8:21:58 PM webapp.storage.AbstractStorage save
INFO: &amp#27;[32mSave 15dfdfa1-4657-45be-a90a-c3b34596b521(uuid9516)
сент. 16, 2025 8:21:58 PM webapp.storage.AbstractStorage save
INFO: &amp#27;[32mSave 1601799e-6c4c-45cf-91d2-e1b724043365(uuid9517)
сент. 16, 2025 8:21:58 PM webapp.storage.AbstractStorage save
INFO: &amp#27;[32mSave ac14d720-3ce3-49fd-b1bc-a2b28778067c(uuid9518)
сент. 16, 2025 8:21:58 PM webapp.storage.AbstractStorage save
INFO: &amp#27;[32mSave 9f6e2ee7-ad28-406c-b8f4-1d7826e4f719(uuid9519)
сент. 16, 2025 8:21:58 PM webapp.storage.AbstractStorage save
INFO: &amp#27;[32mSave 4d91d6e0-7e60-476f-8954-fc7280f0a791(uuid9520)
сент. 16, 2025 8:21:58 PM webapp.storage.AbstractStorage save
INFO: &amp#27;[32mSave e5aa9e1a-5082-47eb-a271-0378cfa0b707(uuid9521)
сент. 16, 2025 8:21:58 PM webapp.storage.AbstractStorage save
INFO: &amp#27;[32mSave cf32a8df-b597-4654-a6b4-6d656338c1df(uuid9522)
сент. 16, 2025 8:21:58 PM webapp.storage.AbstractStorage save
INFO: &amp#27;[32mSave d06a714a-a0b1-415c-ae5a-efeabbb6502d(uuid9523)
сент. 16, 2025 8:21:58 PM webapp.storage.AbstractStorage save
INFO: &amp#27;[32mSave cf494101-d322-41cf-8c59-a2f04ac78f22(uuid9524)
сент. 16, 2025 8:21:58 PM webapp.storage.AbstractStorage save
INFO: &amp#27;[32mSave 2baa1a1c-c1ae-417b-af9b-a00f072f19d8(uuid9525)
сент. 16, 2025 8:21:58 PM webapp.storage.AbstractStorage save
INFO: &amp#27;[32mSave 99c65bcd-84d8-473b-887b-04c26dd3e666(uuid9526)
сент. 16, 2025 8:21:58 PM webapp.storage.AbstractStorage save
INFO: &amp#27;[32mSave 10ed7d02-bdc8-40fe-b2af-1919837a1ad6(uuid9527)
сент. 16, 2025 8:21:58 PM webapp.storage.AbstractStorage save
INFO: &amp#27;[32mSave e6565c5a-98c9-40cc-a4a3-81bae68945ab(uuid9528)
сент. 16, 2025 8:21:58 PM webapp.storage.AbstractStorage save
INFO: &amp#27;[32mSave 80cf5382-b04e-4997-8e28-f78a15700ca2(uuid9529)
сент. 16, 2025 8:21:58 PM webapp.storage.AbstractStorage save
INFO: &amp#27;[32mSave 6eef5759-d4c8-40fe-8da6-f29ecbdcfcd0(uuid9530)
сент. 16, 2025 8:21:58 PM webapp.storage.AbstractStorage save
INFO: &amp#27;[32mSave a7126264-03b8-41e2-bc10-da7704f532d8(uuid9531)
сент. 16, 2025 8:21:58 PM webapp.storage.AbstractStorage save
INFO: &amp#27;[32mSave 2d872346-ae0f-4cea-9ad0-fda4ee92082d(uuid9532)
сент. 16, 2025 8:21:58 PM webapp.storage.AbstractStorage save
INFO: &amp#27;[32mSave ec85c91e-2fe8-419d-8c42-ec1032136d32(uuid9533)
сент. 16, 2025 8:21:58 PM webapp.storage.AbstractStorage save
INFO: &amp#27;[32mSave 2b623333-c060-470e-884f-1a575ed24896(uuid9534)
сент. 16, 2025 8:21:58 PM webapp.storage.AbstractStorage save
INFO: &amp#27;[32mSave eaee4287-776f-4d71-b871-86629c310421(uuid9535)
сент. 16, 2025 8:21:58 PM webapp.storage.AbstractStorage save
INFO: &amp#27;[32mSave 0b9359b0-de7e-4cfe-9e9a-b1655a6631b9(uuid9536)
сент. 16, 2025 8:21:58 PM webapp.storage.AbstractStorage save
INFO: &amp#27;[32mSave f4347e5a-a0ed-4c20-86d8-f1bfa26224f8(uuid9537)
сент. 16, 2025 8:21:58 PM webapp.storage.AbstractStorage save
INFO: &amp#27;[32mSave ef9e183e-c736-4fc9-8a45-91dbde733b10(uuid9538)
сент. 16, 2025 8:21:58 PM webapp.storage.AbstractStorage save
INFO: &amp#27;[32mSave 47008d27-d38c-4119-a527-77a965bed6e9(uuid9539)
сент. 16, 2025 8:21:58 PM webapp.storage.AbstractStorage save
INFO: &amp#27;[32mSave 2e4019ee-5456-45f6-a398-f7c4bc225e73(uuid9540)
сент. 16, 2025 8:21:58 PM webapp.storage.AbstractStorage save
INFO: &amp#27;[32mSave 9798151d-ad23-430f-94de-3edcdc06af56(uuid9541)
сент. 16, 2025 8:21:58 PM webapp.storage.AbstractStorage save
INFO: &amp#27;[32mSave 2e07838e-0cbd-4e1f-9ea4-a7d1c4f629b2(uuid9542)
сент. 16, 2025 8:21:58 PM webapp.storage.AbstractStorage save
INFO: &amp#27;[32mSave 76072a2b-5dd4-4182-9d00-891a1829f2da(uuid9543)
сент. 16, 2025 8:21:58 PM webapp.storage.AbstractStorage save
INFO: &amp#27;[32mSave e3ffccb6-f953-48bd-9805-51df1409a953(uuid9544)
сент. 16, 2025 8:21:58 PM webapp.storage.AbstractStorage save
INFO: &amp#27;[32mSave 92e593be-b1f0-4a6d-b6d3-f212431d0fac(uuid9545)
сент. 16, 2025 8:21:58 PM webapp.storage.AbstractStorage save
INFO: &amp#27;[32mSave 9d8f5ef4-976c-4a43-8544-fd0e0fae8614(uuid9546)
сент. 16, 2025 8:21:58 PM webapp.storage.AbstractStorage save
INFO: &amp#27;[32mSave d18f11ed-a4d3-4ee7-86ed-639aa5f796c4(uuid9547)
сент. 16, 2025 8:21:58 PM webapp.storage.AbstractStorage save
INFO: &amp#27;[32mSave ed8b006a-b2e6-4497-b384-b3b4509493ae(uuid9548)
сент. 16, 2025 8:21:58 PM webapp.storage.AbstractStorage save
INFO: &amp#27;[32mSave fbe3aa6a-546d-4696-a0fc-9c8a8276886a(uuid9549)
сент. 16, 2025 8:21:58 PM webapp.storage.AbstractStorage save
INFO: &amp#27;[32mSave d86ed2d4-ab5b-455e-86b1-b7f924c641ae(uuid9550)
сент. 16, 2025 8:21:58 PM webapp.storage.AbstractStorage save
INFO: &amp#27;[32mSave b1bf390d-7849-4b2d-9d24-be0ea9a75511(uuid9551)
сент. 16, 2025 8:21:58 PM webapp.storage.AbstractStorage save
INFO: &amp#27;[32mSave afe1c9e2-6a76-428b-a980-7f9ce63fcb92(uuid9552)
сент. 16, 2025 8:21:58 PM webapp.storage.AbstractStorage save
INFO: &amp#27;[32mSave 2b730d00-10bf-4de1-970c-a14d79d9069c(uuid9553)
сент. 16, 2025 8:21:58 PM webapp.storage.AbstractStorage save
INFO: &amp#27;[32mSave 0cd0e908-6c6b-4929-a13a-83935d0f7ce3(uuid9554)
сент. 16, 2025 8:21:58 PM webapp.storage.AbstractStorage save
INFO: &amp#27;[32mSave 348932f7-2bed-48f4-8c3c-3a17ca43a4a0(uuid9555)
сент. 16, 2025 8:21:58 PM webapp.storage.AbstractStorage save
INFO: &amp#27;[32mSave 1ecff49f-199a-4c0f-89df-18a4c1164992(uuid9556)
сент. 16, 2025 8:21:58 PM webapp.storage.AbstractStorage save
INFO: &amp#27;[32mSave e419a912-7194-4b6d-9687-010d63246635(uuid9557)
сент. 16, 2025 8:21:58 PM webapp.storage.AbstractStorage save
INFO: &amp#27;[32mSave 1626a027-b549-48c7-99f4-3b0de1d6f758(uuid9558)
сент. 16, 2025 8:21:58 PM webapp.storage.AbstractStorage save
INFO: &amp#27;[32mSave c96be0e4-d169-4398-8466-4f35297bacb4(uuid9559)
сент. 16, 2025 8:21:58 PM webapp.storage.AbstractStorage save
INFO: &amp#27;[32mSave cf1a6c53-a1ef-45b3-8438-e9baae8c3c0c(uuid9560)
сент. 16, 2025 8:21:58 PM webapp.storage.AbstractStorage save
INFO: &amp#27;[32mSave a9b217d8-7238-4eb6-9a63-f8198ee5b312(uuid9561)
сент. 16, 2025 8:21:58 PM webapp.storage.AbstractStorage save
INFO: &amp#27;[32mSave 0b7b3b39-9d94-4bc6-8ebe-c4833150fd96(uuid9562)
сент. 16, 2025 8:21:58 PM webapp.storage.AbstractStorage save
INFO: &amp#27;[32mSave 45205d31-dd8d-49e3-8345-8b26155362ba(uuid9563)
сент. 16, 2025 8:21:58 PM webapp.storage.AbstractStorage save
INFO: &amp#27;[32mSave 3dd86299-6c85-4b5e-856d-5a3622349a2b(uuid9564)
сент. 16, 2025 8:21:58 PM webapp.storage.AbstractStorage save
INFO: &amp#27;[32mSave 68e8c057-3a8f-453b-9931-5ca5917de16a(uuid9565)
сент. 16, 2025 8:21:58 PM webapp.storage.AbstractStorage save
INFO: &amp#27;[32mSave 0e1d598f-b3e2-49a5-84f3-c6e46372f6a4(uuid9566)
сент. 16, 2025 8:21:58 PM webapp.storage.AbstractStorage save
INFO: &amp#27;[32mSave 0a476c4d-3c98-44be-a28a-0279eb2a90d3(uuid9567)
сент. 16, 2025 8:21:58 PM webapp.storage.AbstractStorage save
INFO: &amp#27;[32mSave 26fac899-d253-4b0a-ad8b-3b04cb36f500(uuid9568)
сент. 16, 2025 8:21:58 PM webapp.storage.AbstractStorage save
INFO: &amp#27;[32mSave decd0bae-ace5-41b3-b456-6324397dcba1(uuid9569)
сент. 16, 2025 8:21:58 PM webapp.storage.AbstractStorage save
INFO: &amp#27;[32mSave 9eadefd6-a808-46a8-8033-1375bdd16559(uuid9570)
сент. 16, 2025 8:21:58 PM webapp.storage.AbstractStorage save
INFO: &amp#27;[32mSave ec340944-f295-42a2-9d5a-c019cc9775b8(uuid9571)
сент. 16, 2025 8:21:58 PM webapp.storage.AbstractStorage save
INFO: &amp#27;[32mSave c8ecdbe5-612f-464a-bb75-aa7d18eda9fe(uuid9572)
сент. 16, 2025 8:21:58 PM webapp.storage.AbstractStorage save
INFO: &amp#27;[32mSave e244a771-2d3d-4598-89b6-46c1541528b8(uuid9573)
сент. 16, 2025 8:21:58 PM webapp.storage.AbstractStorage save
INFO: &amp#27;[32mSave 98287efc-992a-40f4-ad68-7019b0459978(uuid9574)
сент. 16, 2025 8:21:58 PM webapp.storage.AbstractStorage save
INFO: &amp#27;[32mSave 8f150ba6-7771-4c98-93e7-3d1fe7d73c6e(uuid9575)
сент. 16, 2025 8:21:58 PM webapp.storage.AbstractStorage save
INFO: &amp#27;[32mSave 6915ed49-6fa0-45d3-b688-d9bf58e8dc32(uuid9576)
сент. 16, 2025 8:21:58 PM webapp.storage.AbstractStorage save
INFO: &amp#27;[32mSave 163ed6e9-db94-481f-be7a-cf02a114c685(uuid9577)
сент. 16, 2025 8:21:58 PM webapp.storage.AbstractStorage save
INFO: &amp#27;[32mSave 80357d4d-87bf-48fb-a1a0-6ba950543328(uuid9578)
сент. 16, 2025 8:21:58 PM webapp.storage.AbstractStorage save
INFO: &amp#27;[32mSave 9cdf6ddf-45ad-4444-8a01-83b9979a31e4(uuid9579)
сент. 16, 2025 8:21:58 PM webapp.storage.AbstractStorage save
INFO: &amp#27;[32mSave 62e5f226-6c80-4fbf-b6df-6079fb459701(uuid9580)
сент. 16, 2025 8:21:58 PM webapp.storage.AbstractStorage save
INFO: &amp#27;[32mSave 0ca10f68-d5ec-4510-af65-c814c33b2fd2(uuid9581)
сент. 16, 2025 8:21:58 PM webapp.storage.AbstractStorage save
INFO: &amp#27;[32mSave 38fb1242-0dce-47c2-8272-599f36e0f628(uuid9582)
сент. 16, 2025 8:21:58 PM webapp.storage.AbstractStorage save
INFO: &amp#27;[32mSave 4fc7f138-ebfb-48bc-a2e2-279d8d0dcdc4(uuid9583)
сент. 16, 2025 8:21:58 PM webapp.storage.AbstractStorage save
INFO: &amp#27;[32mSave 756191cc-6dbb-44da-91f9-83a9bc2869b1(uuid9584)
сент. 16, 2025 8:21:58 PM webapp.storage.AbstractStorage save
INFO: &amp#27;[32mSave cbcf22b1-3777-4aca-aa88-aca85c3462ee(uuid9585)
сент. 16, 2025 8:21:58 PM webapp.storage.AbstractStorage save
INFO: &amp#27;[32mSave 95be3474-cc2f-40e4-9e87-aa5214bc94a0(uuid9586)
сент. 16, 2025 8:21:58 PM webapp.storage.AbstractStorage save
INFO: &amp#27;[32mSave 5f97b48e-b59d-492f-9dd8-afe3469c337c(uuid9587)
сент. 16, 2025 8:21:58 PM webapp.storage.AbstractStorage save
INFO: &amp#27;[32mSave e04a28fc-3e24-4e4e-b559-534ee17be3d7(uuid9588)
сент. 16, 2025 8:21:58 PM webapp.storage.AbstractStorage save
INFO: &amp#27;[32mSave 86a184fe-f0f2-4d06-bf7a-2cc27e8cb43a(uuid9589)
сент. 16, 2025 8:21:58 PM webapp.storage.AbstractStorage save
INFO: &amp#27;[32mSave 2a3d9150-e960-4056-a6d6-6956543f9e50(uuid9590)
сент. 16, 2025 8:21:58 PM webapp.storage.AbstractStorage save
INFO: &amp#27;[32mSave 128e9fbd-e422-42e7-ae78-73d8959c775b(uuid9591)
сент. 16, 2025 8:21:58 PM webapp.storage.AbstractStorage save
INFO: &amp#27;[32mSave 34cdf69f-279a-4595-8377-17ccf67ecef9(uuid9592)
сент. 16, 2025 8:21:58 PM webapp.storage.AbstractStorage save
INFO: &amp#27;[32mSave 3544eb06-bdc2-4dc3-b406-dd15e174bfe4(uuid9593)
сент. 16, 2025 8:21:58 PM webapp.storage.AbstractStorage save
INFO: &amp#27;[32mSave 51006737-8575-48f1-9e8d-3cd7c02577d3(uuid9594)
сент. 16, 2025 8:21:58 PM webapp.storage.AbstractStorage save
INFO: &amp#27;[32mSave 34e199aa-d543-4334-a630-a081f8750421(uuid9595)
сент. 16, 2025 8:21:58 PM webapp.storage.AbstractStorage save
INFO: &amp#27;[32mSave c822de60-bb3c-4bc2-8e4f-cc9ea4f434c3(uuid9596)
сент. 16, 2025 8:21:58 PM webapp.storage.AbstractStorage save
INFO: &amp#27;[32mSave 79c46672-71d3-48e4-b695-52d644cfbb0e(uuid9597)
сент. 16, 2025 8:21:58 PM webapp.storage.AbstractStorage save
INFO: &amp#27;[32mSave 8fb3485f-62b6-46d9-bb03-ef4107dd2440(uuid9598)
сент. 16, 2025 8:21:58 PM webapp.storage.AbstractStorage save
INFO: &amp#27;[32mSave 9a939c1f-f9c8-4d0f-8569-b5b2d2bc97bd(uuid9599)
сент. 16, 2025 8:21:58 PM webapp.storage.AbstractStorage save
INFO: &amp#27;[32mSave d574afaf-f0f2-4630-991f-b1f79a4cddfb(uuid9600)
сент. 16, 2025 8:21:58 PM webapp.storage.AbstractStorage save
INFO: &amp#27;[32mSave 5e2f981b-bf98-4bc7-9dfc-efe09d2a9904(uuid9601)
сент. 16, 2025 8:21:58 PM webapp.storage.AbstractStorage save
INFO: &amp#27;[32mSave 9ad037f4-2333-4062-b329-1cfff00a4b03(uuid9602)
сент. 16, 2025 8:21:58 PM webapp.storage.AbstractStorage save
INFO: &amp#27;[32mSave 6a74a06f-85ca-4837-bfa1-7bcf78b15f15(uuid9603)
сент. 16, 2025 8:21:58 PM webapp.storage.AbstractStorage save
INFO: &amp#27;[32mSave 28bff745-f3b7-4ef1-b0dd-db45afac711d(uuid9604)
сент. 16, 2025 8:21:58 PM webapp.storage.AbstractStorage save
INFO: &amp#27;[32mSave 061b6dd5-b9b9-4db4-abc3-0ce361d02fb2(uuid9605)
сент. 16, 2025 8:21:58 PM webapp.storage.AbstractStorage save
INFO: &amp#27;[32mSave b30803db-fdc1-4bd7-b6bf-755932b9be78(uuid9606)
сент. 16, 2025 8:21:58 PM webapp.storage.AbstractStorage save
INFO: &amp#27;[32mSave 8ea2a478-6ae7-4ec9-8a94-774bc62e21a2(uuid9607)
сент. 16, 2025 8:21:58 PM webapp.storage.AbstractStorage save
INFO: &amp#27;[32mSave 7c11b2d9-386a-4461-9cd7-0a7d00a09d9a(uuid9608)
сент. 16, 2025 8:21:58 PM webapp.storage.AbstractStorage save
INFO: &amp#27;[32mSave 45a1acc2-41ce-46ad-9998-2789a22c52c9(uuid9609)
сент. 16, 2025 8:21:58 PM webapp.storage.AbstractStorage save
INFO: &amp#27;[32mSave 121d247f-2bab-4d40-bba7-183347ec345e(uuid9610)
сент. 16, 2025 8:21:58 PM webapp.storage.AbstractStorage save
INFO: &amp#27;[32mSave 5ab6cb52-692d-45d4-bf47-b461d476bb6d(uuid9611)
сент. 16, 2025 8:21:58 PM webapp.storage.AbstractStorage save
INFO: &amp#27;[32mSave d924326d-6116-417f-8e44-de057ab78ea9(uuid9612)
сент. 16, 2025 8:21:58 PM webapp.storage.AbstractStorage save
INFO: &amp#27;[32mSave 2caa0ef6-e8ce-488a-b778-f97b4fe50d7e(uuid9613)
сент. 16, 2025 8:21:58 PM webapp.storage.AbstractStorage save
INFO: &amp#27;[32mSave edfd4ea9-4c63-4da6-aa78-bd49c18717ff(uuid9614)
сент. 16, 2025 8:21:58 PM webapp.storage.AbstractStorage save
INFO: &amp#27;[32mSave 29648b86-7621-42d3-805b-1b9208815db5(uuid9615)
сент. 16, 2025 8:21:58 PM webapp.storage.AbstractStorage save
INFO: &amp#27;[32mSave a2e88562-9a38-412c-9507-7df03e49f1e8(uuid9616)
сент. 16, 2025 8:21:58 PM webapp.storage.AbstractStorage save
INFO: &amp#27;[32mSave cacb7000-bfd7-42b2-b3af-36d1eaf5b4b4(uuid9617)
сент. 16, 2025 8:21:58 PM webapp.storage.AbstractStorage save
INFO: &amp#27;[32mSave 6e12f90d-985c-4aed-a0ee-e58f7e744c62(uuid9618)
сент. 16, 2025 8:21:58 PM webapp.storage.AbstractStorage save
INFO: &amp#27;[32mSave 1cfe2924-d6b5-4fe0-b7c8-f45aeb141f7b(uuid9619)
сент. 16, 2025 8:21:58 PM webapp.storage.AbstractStorage save
INFO: &amp#27;[32mSave b8a64c10-72b8-4c84-b8c3-c3a5bfe74699(uuid9620)
сент. 16, 2025 8:21:58 PM webapp.storage.AbstractStorage save
INFO: &amp#27;[32mSave dcf821f4-55e3-451d-9471-272668350707(uuid9621)
сент. 16, 2025 8:21:58 PM webapp.storage.AbstractStorage save
INFO: &amp#27;[32mSave 77e85d37-c5db-4122-a5c1-6bccac103a3f(uuid9622)
сент. 16, 2025 8:21:58 PM webapp.storage.AbstractStorage save
INFO: &amp#27;[32mSave 0834aef9-ee7d-40b6-b9f5-8328235fc2fc(uuid9623)
сент. 16, 2025 8:21:58 PM webapp.storage.AbstractStorage save
INFO: &amp#27;[32mSave d36b5318-c18b-474d-a29e-e0bc33108081(uuid9624)
сент. 16, 2025 8:21:58 PM webapp.storage.AbstractStorage save
INFO: &amp#27;[32mSave b87becb7-0c7f-4608-b844-39f50355482d(uuid9625)
сент. 16, 2025 8:21:58 PM webapp.storage.AbstractStorage save
INFO: &amp#27;[32mSave ca00bd78-9e82-4bd1-8994-6047878c5ca3(uuid9626)
сент. 16, 2025 8:21:58 PM webapp.storage.AbstractStorage save
INFO: &amp#27;[32mSave 138da70e-902f-4063-b3a9-7706154256de(uuid9627)
сент. 16, 2025 8:21:58 PM webapp.storage.AbstractStorage save
INFO: &amp#27;[32mSave 2c494b4d-00be-4681-b4ab-b64a156630a4(uuid9628)
сент. 16, 2025 8:21:58 PM webapp.storage.AbstractStorage save
INFO: &amp#27;[32mSave 9ac539e1-06b8-48e9-ab5b-ec7ddddab329(uuid9629)
сент. 16, 2025 8:21:58 PM webapp.storage.AbstractStorage save
INFO: &amp#27;[32mSave 68310951-d927-4459-a161-b7fd68dd97b3(uuid9630)
сент. 16, 2025 8:21:58 PM webapp.storage.AbstractStorage save
INFO: &amp#27;[32mSave d29742f4-9cf1-4d69-979c-4fdf362e8cfd(uuid9631)
сент. 16, 2025 8:21:58 PM webapp.storage.AbstractStorage save
INFO: &amp#27;[32mSave b9832c89-c2de-4e44-8e88-55bad9d92a18(uuid9632)
сент. 16, 2025 8:21:58 PM webapp.storage.AbstractStorage save
INFO: &amp#27;[32mSave 04ab7474-13d5-475c-a167-b3d967c7e009(uuid9633)
сент. 16, 2025 8:21:58 PM webapp.storage.AbstractStorage save
INFO: &amp#27;[32mSave b5ee3455-ff13-4082-8830-b3f3124641b9(uuid9634)
сент. 16, 2025 8:21:58 PM webapp.storage.AbstractStorage save
INFO: &amp#27;[32mSave 7d18fdd9-016b-4be8-856a-ff73724e04fb(uuid9635)
сент. 16, 2025 8:21:58 PM webapp.storage.AbstractStorage save
INFO: &amp#27;[32mSave 3917433c-e4a1-408c-955b-b9bb019c3a65(uuid9636)
сент. 16, 2025 8:21:58 PM webapp.storage.AbstractStorage save
INFO: &amp#27;[32mSave 71bc7abc-9374-4516-9692-d558c3eb5ef7(uuid9637)
сент. 16, 2025 8:21:58 PM webapp.storage.AbstractStorage save
INFO: &amp#27;[32mSave 56ba1c10-82f9-4ca6-bd94-57d113f4bd19(uuid9638)
сент. 16, 2025 8:21:58 PM webapp.storage.AbstractStorage save
INFO: &amp#27;[32mSave f069c211-6b77-40c4-90b5-17ca1a92b0b5(uuid9639)
сент. 16, 2025 8:21:58 PM webapp.storage.AbstractStorage save
INFO: &amp#27;[32mSave 4ce68ebf-358a-4213-9a68-0b42b0b58058(uuid9640)
сент. 16, 2025 8:21:58 PM webapp.storage.AbstractStorage save
INFO: &amp#27;[32mSave 6aec8441-3156-42ab-af69-70123ff73147(uuid9641)
сент. 16, 2025 8:21:58 PM webapp.storage.AbstractStorage save
INFO: &amp#27;[32mSave f5f5c8d0-5e41-4b81-a9c1-f1e5ebfff77a(uuid9642)
сент. 16, 2025 8:21:58 PM webapp.storage.AbstractStorage save
INFO: &amp#27;[32mSave fcef482e-e742-4376-9293-625813715d7d(uuid9643)
сент. 16, 2025 8:21:58 PM webapp.storage.AbstractStorage save
INFO: &amp#27;[32mSave 73280cc0-abc8-45d1-bc80-dd0d8f424956(uuid9644)
сент. 16, 2025 8:21:58 PM webapp.storage.AbstractStorage save
INFO: &amp#27;[32mSave fdcda701-79b9-4d3b-a856-e91a1f6b3c43(uuid9645)
сент. 16, 2025 8:21:58 PM webapp.storage.AbstractStorage save
INFO: &amp#27;[32mSave 85374be5-31c9-4a1c-9731-76ce5ce9c7d2(uuid9646)
сент. 16, 2025 8:21:58 PM webapp.storage.AbstractStorage save
INFO: &amp#27;[32mSave c92cd155-2a90-484d-a6e3-c6eadbe2f7a1(uuid9647)
сент. 16, 2025 8:21:58 PM webapp.storage.AbstractStorage save
INFO: &amp#27;[32mSave f1d38e07-58bd-4148-9883-9ccf664c01bf(uuid9648)
сент. 16, 2025 8:21:58 PM webapp.storage.AbstractStorage save
INFO: &amp#27;[32mSave 9afcbff7-9aaf-4414-954c-8dfcd819e5fa(uuid9649)
сент. 16, 2025 8:21:58 PM webapp.storage.AbstractStorage save
INFO: &amp#27;[32mSave a85a4158-2762-4bfb-b776-ffb38e72a706(uuid9650)
сент. 16, 2025 8:21:58 PM webapp.storage.AbstractStorage save
INFO: &amp#27;[32mSave 3faff66b-65b5-4f68-8f11-9d35b6f684fd(uuid9651)
сент. 16, 2025 8:21:58 PM webapp.storage.AbstractStorage save
INFO: &amp#27;[32mSave 91fc7ae1-9187-44a2-ba09-52662e66ee8b(uuid9652)
сент. 16, 2025 8:21:58 PM webapp.storage.AbstractStorage save
INFO: &amp#27;[32mSave 07983df0-f5e3-49fc-a0c7-3c4aebe9b333(uuid9653)
сент. 16, 2025 8:21:58 PM webapp.storage.AbstractStorage save
INFO: &amp#27;[32mSave ec52853c-f8b7-408f-a5b6-c4f5ce98a6d8(uuid9654)
сент. 16, 2025 8:21:58 PM webapp.storage.AbstractStorage save
INFO: &amp#27;[32mSave 84771874-5c56-4b0f-807e-bc4510a90fa2(uuid9655)
сент. 16, 2025 8:21:58 PM webapp.storage.AbstractStorage save
INFO: &amp#27;[32mSave 49f4fc84-98b6-410e-be6d-ad9ea8a814a4(uuid9656)
сент. 16, 2025 8:21:58 PM webapp.storage.AbstractStorage save
INFO: &amp#27;[32mSave 008cc1ca-03a1-423e-9a0b-09c41461bf08(uuid9657)
сент. 16, 2025 8:21:58 PM webapp.storage.AbstractStorage save
INFO: &amp#27;[32mSave 47cc4555-090e-45c6-b159-1082ee5c498a(uuid9658)
сент. 16, 2025 8:21:58 PM webapp.storage.AbstractStorage save
INFO: &amp#27;[32mSave d252a938-e972-44ad-9f1d-088e989e0e8d(uuid9659)
сент. 16, 2025 8:21:58 PM webapp.storage.AbstractStorage save
INFO: &amp#27;[32mSave 4117b5d0-46f3-4d60-a573-3d17bd76272c(uuid9660)
сент. 16, 2025 8:21:58 PM webapp.storage.AbstractStorage save
INFO: &amp#27;[32mSave faed3636-0fae-4d4c-97de-d4aef3069594(uuid9661)
сент. 16, 2025 8:21:58 PM webapp.storage.AbstractStorage save
INFO: &amp#27;[32mSave e4440023-1604-4bd1-9fe1-1597addabc66(uuid9662)
сент. 16, 2025 8:21:58 PM webapp.storage.AbstractStorage save
INFO: &amp#27;[32mSave 21f2af57-3731-43d1-840d-2701087851e0(uuid9663)
сент. 16, 2025 8:21:58 PM webapp.storage.AbstractStorage save
INFO: &amp#27;[32mSave 98d157b4-5f92-4da7-8d0a-2842bf612ef0(uuid9664)
сент. 16, 2025 8:21:58 PM webapp.storage.AbstractStorage save
INFO: &amp#27;[32mSave db66f143-f703-462d-ae3e-e96d19d65b40(uuid9665)
сент. 16, 2025 8:21:58 PM webapp.storage.AbstractStorage save
INFO: &amp#27;[32mSave 08b62900-c525-4995-b28f-9b404920986b(uuid9666)
сент. 16, 2025 8:21:58 PM webapp.storage.AbstractStorage save
INFO: &amp#27;[32mSave 23b9fe5e-af72-4f29-a444-a4a22dbc36a5(uuid9667)
сент. 16, 2025 8:21:58 PM webapp.storage.AbstractStorage save
INFO: &amp#27;[32mSave 166b4b0a-fafb-4037-9c39-4738012bcd10(uuid9668)
сент. 16, 2025 8:21:58 PM webapp.storage.AbstractStorage save
INFO: &amp#27;[32mSave ad4c5c94-bfa5-4c1a-b3f7-92a37c8bd940(uuid9669)
сент. 16, 2025 8:21:58 PM webapp.storage.AbstractStorage save
INFO: &amp#27;[32mSave 71b5005f-943c-4101-857b-fc3f3a2b25f1(uuid9670)
сент. 16, 2025 8:21:58 PM webapp.storage.AbstractStorage save
INFO: &amp#27;[32mSave a6e73914-0a35-4b7a-86ff-8dcfbe4ac6c5(uuid9671)
сент. 16, 2025 8:21:58 PM webapp.storage.AbstractStorage save
INFO: &amp#27;[32mSave 1625b0e4-dd85-419e-ad1c-854cd22a1f4c(uuid9672)
сент. 16, 2025 8:21:58 PM webapp.storage.AbstractStorage save
INFO: &amp#27;[32mSave 95dd99ff-72f4-460b-8336-09d008b19f4e(uuid9673)
сент. 16, 2025 8:21:58 PM webapp.storage.AbstractStorage save
INFO: &amp#27;[32mSave 8da37416-481e-4ba9-81e2-a2e3a3e9d516(uuid9674)
сент. 16, 2025 8:21:58 PM webapp.storage.AbstractStorage save
INFO: &amp#27;[32mSave 508671fb-65e2-49b4-937a-0e1b1f7f81ca(uuid9675)
сент. 16, 2025 8:21:58 PM webapp.storage.AbstractStorage save
INFO: &amp#27;[32mSave 610047e8-41f2-4e71-8c62-7bf8de148067(uuid9676)
сент. 16, 2025 8:21:58 PM webapp.storage.AbstractStorage save
INFO: &amp#27;[32mSave ddd5f65b-54f7-4255-9e61-0e6187f54b81(uuid9677)
сент. 16, 2025 8:21:58 PM webapp.storage.AbstractStorage save
INFO: &amp#27;[32mSave b90cf2da-88ed-4d33-ae01-9fb99457579f(uuid9678)
сент. 16, 2025 8:21:58 PM webapp.storage.AbstractStorage save
INFO: &amp#27;[32mSave 419003fc-b91b-4403-a647-3e6d7816d9b3(uuid9679)
сент. 16, 2025 8:21:58 PM webapp.storage.AbstractStorage save
INFO: &amp#27;[32mSave 7daa0868-2a5d-4bb2-bbde-b1f5af833308(uuid9680)
сент. 16, 2025 8:21:58 PM webapp.storage.AbstractStorage save
INFO: &amp#27;[32mSave da8cbb0b-ef20-459c-ac31-310eae03d82a(uuid9681)
сент. 16, 2025 8:21:58 PM webapp.storage.AbstractStorage save
INFO: &amp#27;[32mSave af88ca72-e1b1-495d-8b15-903ef7cc8eb1(uuid9682)
сент. 16, 2025 8:21:58 PM webapp.storage.AbstractStorage save
INFO: &amp#27;[32mSave 14827d94-1d89-4c6f-a9a0-9fb511ff5555(uuid9683)
сент. 16, 2025 8:21:58 PM webapp.storage.AbstractStorage save
INFO: &amp#27;[32mSave b313f17f-cecf-4f45-8304-efeac8cd4136(uuid9684)
сент. 16, 2025 8:21:58 PM webapp.storage.AbstractStorage save
INFO: &amp#27;[32mSave b4c96b3c-5724-4623-848b-9ff4cd0d0e75(uuid9685)
сент. 16, 2025 8:21:58 PM webapp.storage.AbstractStorage save
INFO: &amp#27;[32mSave c85f1e30-9bba-401c-912e-4de517b3fd96(uuid9686)
сент. 16, 2025 8:21:58 PM webapp.storage.AbstractStorage save
INFO: &amp#27;[32mSave db52022b-3450-4c1f-8be6-41f22d7f16bc(uuid9687)
сент. 16, 2025 8:21:58 PM webapp.storage.AbstractStorage save
INFO: &amp#27;[32mSave 8ed1a09b-88df-4d2e-890c-6fa43e935113(uuid9688)
сент. 16, 2025 8:21:58 PM webapp.storage.AbstractStorage save
INFO: &amp#27;[32mSave 9f9362bd-923b-4156-ba6e-19972c3f9d55(uuid9689)
сент. 16, 2025 8:21:58 PM webapp.storage.AbstractStorage save
INFO: &amp#27;[32mSave 773430fa-7284-4e67-9a77-ffad33521613(uuid9690)
сент. 16, 2025 8:21:58 PM webapp.storage.AbstractStorage save
INFO: &amp#27;[32mSave 87481920-2910-4289-b629-10ab0a77d2d6(uuid9691)
сент. 16, 2025 8:21:58 PM webapp.storage.AbstractStorage save
INFO: &amp#27;[32mSave a74070b3-7652-4bdc-a8a6-974c7833773b(uuid9692)
сент. 16, 2025 8:21:58 PM webapp.storage.AbstractStorage save
INFO: &amp#27;[32mSave 8872d234-bdc9-4175-a7f7-c75004c28ebd(uuid9693)
сент. 16, 2025 8:21:58 PM webapp.storage.AbstractStorage save
INFO: &amp#27;[32mSave 5dbef45c-01a3-467a-ae01-5f5d66091289(uuid9694)
сент. 16, 2025 8:21:58 PM webapp.storage.AbstractStorage save
INFO: &amp#27;[32mSave 642a4c49-ece6-467f-b144-7c5fc2bde745(uuid9695)
сент. 16, 2025 8:21:58 PM webapp.storage.AbstractStorage save
INFO: &amp#27;[32mSave 73190a18-0ac6-4d09-b7a7-fe5fb4244ea4(uuid9696)
сент. 16, 2025 8:21:58 PM webapp.storage.AbstractStorage save
INFO: &amp#27;[32mSave c40ed8d4-a722-429c-83fc-384c49a84e9b(uuid9697)
сент. 16, 2025 8:21:58 PM webapp.storage.AbstractStorage save
INFO: &amp#27;[32mSave d7e732a7-114e-4f73-8b84-77f8f60f1484(uuid9698)
сент. 16, 2025 8:21:58 PM webapp.storage.AbstractStorage save
INFO: &amp#27;[32mSave 3df30288-222e-42ff-88d5-e74bb259a14d(uuid9699)
сент. 16, 2025 8:21:58 PM webapp.storage.AbstractStorage save
INFO: &amp#27;[32mSave 632452f9-ec90-4f9c-828a-0e8b23ea4fad(uuid9700)
сент. 16, 2025 8:21:58 PM webapp.storage.AbstractStorage save
INFO: &amp#27;[32mSave 7240475f-0d40-41fb-bdbf-c61619edf74f(uuid9701)
сент. 16, 2025 8:21:58 PM webapp.storage.AbstractStorage save
INFO: &amp#27;[32mSave 3308774b-77e6-4d8a-a37c-752cd9f3d629(uuid9702)
сент. 16, 2025 8:21:58 PM webapp.storage.AbstractStorage save
INFO: &amp#27;[32mSave 1046418f-cc94-4dda-bf02-aad3df62d1f7(uuid9703)
сент. 16, 2025 8:21:58 PM webapp.storage.AbstractStorage save
INFO: &amp#27;[32mSave 9db1c2e1-5e4a-40a5-a481-dffe0682cea4(uuid9704)
сент. 16, 2025 8:21:58 PM webapp.storage.AbstractStorage save
INFO: &amp#27;[32mSave a292744a-e90d-48d2-915d-9e346b238296(uuid9705)
сент. 16, 2025 8:21:58 PM webapp.storage.AbstractStorage save
INFO: &amp#27;[32mSave 6dc63004-f9a8-4cc3-a6c3-d2940a0cad7d(uuid9706)
сент. 16, 2025 8:21:58 PM webapp.storage.AbstractStorage save
INFO: &amp#27;[32mSave 88df615b-f567-40de-b20c-452e7ff18fd7(uuid9707)
сент. 16, 2025 8:21:58 PM webapp.storage.AbstractStorage save
INFO: &amp#27;[32mSave 1d61906a-6312-4b7c-962b-e8b83d0a0581(uuid9708)
сент. 16, 2025 8:21:58 PM webapp.storage.AbstractStorage save
INFO: &amp#27;[32mSave 1a206c61-69b9-4cb6-91ba-d26eda6bf4b6(uuid9709)
сент. 16, 2025 8:21:58 PM webapp.storage.AbstractStorage save
INFO: &amp#27;[32mSave ea318aa2-ad1c-4dd3-b8a2-2a35fd6bcd35(uuid9710)
сент. 16, 2025 8:21:58 PM webapp.storage.AbstractStorage save
INFO: &amp#27;[32mSave 3f756faf-9667-4103-bea6-ce7fcb4f3058(uuid9711)
сент. 16, 2025 8:21:58 PM webapp.storage.AbstractStorage save
INFO: &amp#27;[32mSave cab3e6fe-3b44-491e-8d7d-37ab7ec02b67(uuid9712)
сент. 16, 2025 8:21:58 PM webapp.storage.AbstractStorage save
INFO: &amp#27;[32mSave daa7f3e2-4903-4481-9275-8536fdb31587(uuid9713)
сент. 16, 2025 8:21:58 PM webapp.storage.AbstractStorage save
INFO: &amp#27;[32mSave 7723be43-85f7-4f53-a844-b4df1ee8e528(uuid9714)
сент. 16, 2025 8:21:58 PM webapp.storage.AbstractStorage save
INFO: &amp#27;[32mSave 9ed9563c-f68d-438a-8130-0131b9a0e51e(uuid9715)
сент. 16, 2025 8:21:58 PM webapp.storage.AbstractStorage save
INFO: &amp#27;[32mSave ea4d04ab-6145-48b3-8b0a-27fc03441bda(uuid9716)
сент. 16, 2025 8:21:58 PM webapp.storage.AbstractStorage save
INFO: &amp#27;[32mSave c3f949c7-e839-4455-bc8a-60c6f04cff71(uuid9717)
сент. 16, 2025 8:21:58 PM webapp.storage.AbstractStorage save
INFO: &amp#27;[32mSave 9a515789-64ca-475d-a3bc-f6e1a46c2d82(uuid9718)
сент. 16, 2025 8:21:58 PM webapp.storage.AbstractStorage save
INFO: &amp#27;[32mSave 0f7113a4-bc8c-45d4-a355-1f762c8af0c2(uuid9719)
сент. 16, 2025 8:21:58 PM webapp.storage.AbstractStorage save
INFO: &amp#27;[32mSave 303e2e0a-e0fd-4e38-a623-3566e726fc5c(uuid9720)
сент. 16, 2025 8:21:58 PM webapp.storage.AbstractStorage save
INFO: &amp#27;[32mSave e838ccec-dad6-4075-ab14-50df3b4a349b(uuid9721)
сент. 16, 2025 8:21:58 PM webapp.storage.AbstractStorage save
INFO: &amp#27;[32mSave c086a715-29ab-4282-ba1b-d5ffb4e08970(uuid9722)
сент. 16, 2025 8:21:58 PM webapp.storage.AbstractStorage save
INFO: &amp#27;[32mSave bc959736-0dcc-4001-a837-23d88c05111c(uuid9723)
сент. 16, 2025 8:21:58 PM webapp.storage.AbstractStorage save
INFO: &amp#27;[32mSave 94225154-b3f1-427a-aed3-944b17018e35(uuid9724)
сент. 16, 2025 8:21:58 PM webapp.storage.AbstractStorage save
INFO: &amp#27;[32mSave 36a4b96c-f917-4dbc-8f01-5ccae6508a8e(uuid9725)
сент. 16, 2025 8:21:58 PM webapp.storage.AbstractStorage save
INFO: &amp#27;[32mSave 4092829d-e698-4662-b425-65ff9bebbba3(uuid9726)
сент. 16, 2025 8:21:58 PM webapp.storage.AbstractStorage save
INFO: &amp#27;[32mSave 58293d0e-3797-4db5-8bdf-447a4e550f03(uuid9727)
сент. 16, 2025 8:21:58 PM webapp.storage.AbstractStorage save
INFO: &amp#27;[32mSave ca3eca74-b7d1-4806-9e23-a14adb8259f9(uuid9728)
сент. 16, 2025 8:21:58 PM webapp.storage.AbstractStorage save
INFO: &amp#27;[32mSave 3afe1f87-84cb-41f6-a6c7-10c43be8d698(uuid9729)
сент. 16, 2025 8:21:58 PM webapp.storage.AbstractStorage save
INFO: &amp#27;[32mSave 73302e46-e901-4901-a285-11fadadb1cf9(uuid9730)
сент. 16, 2025 8:21:58 PM webapp.storage.AbstractStorage save
INFO: &amp#27;[32mSave 66b5f94e-8611-4e9e-9c3b-7321f541af60(uuid9731)
сент. 16, 2025 8:21:58 PM webapp.storage.AbstractStorage save
INFO: &amp#27;[32mSave 30fa9919-e5c2-4731-ae0f-c3cba93a0163(uuid9732)
сент. 16, 2025 8:21:58 PM webapp.storage.AbstractStorage save
INFO: &amp#27;[32mSave 24277f54-02d7-4230-8797-d488dd72e84f(uuid9733)
сент. 16, 2025 8:21:58 PM webapp.storage.AbstractStorage save
INFO: &amp#27;[32mSave cff9cb98-ad83-4dd8-8d70-d47517577305(uuid9734)
сент. 16, 2025 8:21:58 PM webapp.storage.AbstractStorage save
INFO: &amp#27;[32mSave f927c3fc-46d0-45f2-a895-44ed4887ce92(uuid9735)
сент. 16, 2025 8:21:58 PM webapp.storage.AbstractStorage save
INFO: &amp#27;[32mSave a20c934a-be36-427e-99de-772bda54b9cf(uuid9736)
сент. 16, 2025 8:21:58 PM webapp.storage.AbstractStorage save
INFO: &amp#27;[32mSave 0ecb9f75-b63e-4c01-b4cb-6a32e45f847a(uuid9737)
сент. 16, 2025 8:21:58 PM webapp.storage.AbstractStorage save
INFO: &amp#27;[32mSave e15cab88-f5f3-4c45-be37-5737018b8b2a(uuid9738)
сент. 16, 2025 8:21:58 PM webapp.storage.AbstractStorage save
INFO: &amp#27;[32mSave 13324c98-b137-483e-b5dc-a7e3065ca117(uuid9739)
сент. 16, 2025 8:21:58 PM webapp.storage.AbstractStorage save
INFO: &amp#27;[32mSave ec4c7403-3a8b-4f7b-9a2e-9aea2432c1ef(uuid9740)
сент. 16, 2025 8:21:58 PM webapp.storage.AbstractStorage save
INFO: &amp#27;[32mSave 5a5cb216-2508-40ac-8b74-c13e17338cc9(uuid9741)
сент. 16, 2025 8:21:58 PM webapp.storage.AbstractStorage save
INFO: &amp#27;[32mSave 56a89015-4a31-478c-a1be-40eb8ad5d7cf(uuid9742)
сент. 16, 2025 8:21:58 PM webapp.storage.AbstractStorage save
INFO: &amp#27;[32mSave ac780a43-3d38-4408-aade-f37b62e161b1(uuid9743)
сент. 16, 2025 8:21:58 PM webapp.storage.AbstractStorage save
INFO: &amp#27;[32mSave 8af863c1-63cb-495b-a7b2-c5b59620db5b(uuid9744)
сент. 16, 2025 8:21:58 PM webapp.storage.AbstractStorage save
INFO: &amp#27;[32mSave ddb93137-0d3e-4ccd-bc73-0bd98f1582ea(uuid9745)
сент. 16, 2025 8:21:58 PM webapp.storage.AbstractStorage save
INFO: &amp#27;[32mSave c5980acc-d0ab-47af-b224-af0b3ff4efbe(uuid9746)
сент. 16, 2025 8:21:58 PM webapp.storage.AbstractStorage save
INFO: &amp#27;[32mSave aafd5fbe-55e7-4951-8769-067b67f69783(uuid9747)
сент. 16, 2025 8:21:58 PM webapp.storage.AbstractStorage save
INFO: &amp#27;[32mSave e0ebf7a3-3a4d-4153-9e96-a38401557d06(uuid9748)
сент. 16, 2025 8:21:58 PM webapp.storage.AbstractStorage save
INFO: &amp#27;[32mSave abbe491a-bd3e-4559-b407-c2a679e4d206(uuid9749)
сент. 16, 2025 8:21:58 PM webapp.storage.AbstractStorage save
INFO: &amp#27;[32mSave 13ebb4e9-40ff-445b-ab46-7baf47fe7169(uuid9750)
сент. 16, 2025 8:21:58 PM webapp.storage.AbstractStorage save
INFO: &amp#27;[32mSave 98ad1ca8-d520-4c02-b9f0-89bdefda7ace(uuid9751)
сент. 16, 2025 8:21:58 PM webapp.storage.AbstractStorage save
INFO: &amp#27;[32mSave bf53ffe3-6b4b-437a-920f-fe869eda2108(uuid9752)
сент. 16, 2025 8:21:58 PM webapp.storage.AbstractStorage save
INFO: &amp#27;[32mSave 65a3fedd-9c26-4f06-b17e-64e462f95ddf(uuid9753)
сент. 16, 2025 8:21:58 PM webapp.storage.AbstractStorage save
INFO: &amp#27;[32mSave 6fd5455a-bb63-443e-add6-020f12046d1a(uuid9754)
сент. 16, 2025 8:21:58 PM webapp.storage.AbstractStorage save
INFO: &amp#27;[32mSave 78254765-cb68-4651-ae6d-f2665f50a629(uuid9755)
сент. 16, 2025 8:21:58 PM webapp.storage.AbstractStorage save
INFO: &amp#27;[32mSave 3c0aa77b-fce9-47a4-a04d-b8bdc375f002(uuid9756)
сент. 16, 2025 8:21:58 PM webapp.storage.AbstractStorage save
INFO: &amp#27;[32mSave 6280f7cb-8b25-49a1-910f-7ad364932237(uuid9757)
сент. 16, 2025 8:21:58 PM webapp.storage.AbstractStorage save
INFO: &amp#27;[32mSave 80f889f1-7f42-4752-b27d-92cc4f5732da(uuid9758)
сент. 16, 2025 8:21:58 PM webapp.storage.AbstractStorage save
INFO: &amp#27;[32mSave 2a22972a-9fb5-4689-8aea-d5c3be5e3d29(uuid9759)
сент. 16, 2025 8:21:58 PM webapp.storage.AbstractStorage save
INFO: &amp#27;[32mSave 3b751de5-daed-4244-84ac-fbdc56c11f90(uuid9760)
сент. 16, 2025 8:21:58 PM webapp.storage.AbstractStorage save
INFO: &amp#27;[32mSave 79d1fa62-9088-4b01-b224-7aad6b83a19c(uuid9761)
сент. 16, 2025 8:21:58 PM webapp.storage.AbstractStorage save
INFO: &amp#27;[32mSave b3d8efb9-5d14-4933-9766-84ab38c036a8(uuid9762)
сент. 16, 2025 8:21:58 PM webapp.storage.AbstractStorage save
INFO: &amp#27;[32mSave ec20d6f9-3829-4b91-82ab-484130209ecf(uuid9763)
сент. 16, 2025 8:21:58 PM webapp.storage.AbstractStorage save
INFO: &amp#27;[32mSave b44cc343-0d15-47c1-ae48-38daa75ed78b(uuid9764)
сент. 16, 2025 8:21:58 PM webapp.storage.AbstractStorage save
INFO: &amp#27;[32mSave 5dbeed0d-0b89-44d5-9ad5-7967dc3af946(uuid9765)
сент. 16, 2025 8:21:58 PM webapp.storage.AbstractStorage save
INFO: &amp#27;[32mSave dd39799e-1bd8-4015-aaa0-81a99ac3d3cf(uuid9766)
сент. 16, 2025 8:21:58 PM webapp.storage.AbstractStorage save
INFO: &amp#27;[32mSave e63fac69-44ca-4d75-8d9b-866346bf1601(uuid9767)
сент. 16, 2025 8:21:58 PM webapp.storage.AbstractStorage save
INFO: &amp#27;[32mSave 4a55e886-cd26-477a-ba8d-dbda57cd97c9(uuid9768)
сент. 16, 2025 8:21:58 PM webapp.storage.AbstractStorage save
INFO: &amp#27;[32mSave 6c114ef4-4a18-4aea-aba1-0a1c1b18fadf(uuid9769)
сент. 16, 2025 8:21:58 PM webapp.storage.AbstractStorage save
INFO: &amp#27;[32mSave c67482ac-311a-4aa2-8b0d-1d243b88f802(uuid9770)
сент. 16, 2025 8:21:58 PM webapp.storage.AbstractStorage save
INFO: &amp#27;[32mSave 427d8570-7cf8-40fa-9cbf-e7312321b836(uuid9771)
сент. 16, 2025 8:21:58 PM webapp.storage.AbstractStorage save
INFO: &amp#27;[32mSave 44aa5e23-b219-4025-ab21-004190944ec9(uuid9772)
сент. 16, 2025 8:21:58 PM webapp.storage.AbstractStorage save
INFO: &amp#27;[32mSave 57cbabc1-99f8-4e4f-bda3-85fe789131ad(uuid9773)
сент. 16, 2025 8:21:58 PM webapp.storage.AbstractStorage save
INFO: &amp#27;[32mSave 6d9845c5-beea-4525-afa3-2f5868592a20(uuid9774)
сент. 16, 2025 8:21:58 PM webapp.storage.AbstractStorage save
INFO: &amp#27;[32mSave a3925629-de37-4865-a43b-c7a026ed6d5e(uuid9775)
сент. 16, 2025 8:21:58 PM webapp.storage.AbstractStorage save
INFO: &amp#27;[32mSave 1ce8b9d6-da6c-4561-92e6-40f0a95cf0a2(uuid9776)
сент. 16, 2025 8:21:58 PM webapp.storage.AbstractStorage save
INFO: &amp#27;[32mSave fbfebb49-ad25-4c55-a66e-6dea9b884543(uuid9777)
сент. 16, 2025 8:21:58 PM webapp.storage.AbstractStorage save
INFO: &amp#27;[32mSave b7349818-d041-424b-99a4-f151fdbc6c0a(uuid9778)
сент. 16, 2025 8:21:58 PM webapp.storage.AbstractStorage save
INFO: &amp#27;[32mSave e0b24cad-7468-4be4-be1e-12f2e8c34137(uuid9779)
сент. 16, 2025 8:21:58 PM webapp.storage.AbstractStorage save
INFO: &amp#27;[32mSave 8b21ac9e-d990-4371-a70c-f7f1b146df30(uuid9780)
сент. 16, 2025 8:21:58 PM webapp.storage.AbstractStorage save
INFO: &amp#27;[32mSave 6a8da030-a3cb-4d0f-80cb-d0a304f7d2cc(uuid9781)
сент. 16, 2025 8:21:58 PM webapp.storage.AbstractStorage save
INFO: &amp#27;[32mSave cf4078ba-a30e-48a5-a377-51c7ed07377a(uuid9782)
сент. 16, 2025 8:21:58 PM webapp.storage.AbstractStorage save
INFO: &amp#27;[32mSave e0924f7e-c4d6-470e-8667-4a0a634b2cc5(uuid9783)
сент. 16, 2025 8:21:58 PM webapp.storage.AbstractStorage save
INFO: &amp#27;[32mSave d9b4844a-f6d4-478f-b999-9d71d220cfb9(uuid9784)
сент. 16, 2025 8:21:58 PM webapp.storage.AbstractStorage save
INFO: &amp#27;[32mSave b9daf63a-958e-4617-8293-83d48c09d08c(uuid9785)
сент. 16, 2025 8:21:58 PM webapp.storage.AbstractStorage save
INFO: &amp#27;[32mSave 3b20d064-3627-4f41-b1a0-1a76317d177e(uuid9786)
сент. 16, 2025 8:21:58 PM webapp.storage.AbstractStorage save
INFO: &amp#27;[32mSave 2afd4e65-a319-4963-b0d4-4c063ecfcd11(uuid9787)
сент. 16, 2025 8:21:58 PM webapp.storage.AbstractStorage save
INFO: &amp#27;[32mSave 058babf4-dbe9-48fd-bbd9-910b6cf1707b(uuid9788)
сент. 16, 2025 8:21:58 PM webapp.storage.AbstractStorage save
INFO: &amp#27;[32mSave 7545c74a-de58-4318-b663-bc905bd30a39(uuid9789)
сент. 16, 2025 8:21:58 PM webapp.storage.AbstractStorage save
INFO: &amp#27;[32mSave 4a9da008-fa47-4788-8255-45eb9ad5fdf9(uuid9790)
сент. 16, 2025 8:21:58 PM webapp.storage.AbstractStorage save
INFO: &amp#27;[32mSave c8e18ef2-e5a0-4e4f-8789-01684fc49ccd(uuid9791)
сент. 16, 2025 8:21:58 PM webapp.storage.AbstractStorage save
INFO: &amp#27;[32mSave 3838c89c-440b-4b98-b71e-8aa2d7e93395(uuid9792)
сент. 16, 2025 8:21:58 PM webapp.storage.AbstractStorage save
INFO: &amp#27;[32mSave ee29fe8c-e696-406c-b3a6-5a090cd24e50(uuid9793)
сент. 16, 2025 8:21:58 PM webapp.storage.AbstractStorage save
INFO: &amp#27;[32mSave e234a024-54f1-4e60-986a-9d5e52521f02(uuid9794)
сент. 16, 2025 8:21:58 PM webapp.storage.AbstractStorage save
INFO: &amp#27;[32mSave 92156c7d-594c-497e-bcd1-cba43d58948c(uuid9795)
сент. 16, 2025 8:21:58 PM webapp.storage.AbstractStorage save
INFO: &amp#27;[32mSave 0eb973b2-fcec-406a-a7b2-1ad1296b81c2(uuid9796)
сент. 16, 2025 8:21:58 PM webapp.storage.AbstractStorage save
INFO: &amp#27;[32mSave 752582ef-757b-4ad8-9354-fe2469863f07(uuid9797)
сент. 16, 2025 8:21:58 PM webapp.storage.AbstractStorage save
INFO: &amp#27;[32mSave 977a47a9-50a2-4e31-bc55-d052912acb52(uuid9798)
сент. 16, 2025 8:21:58 PM webapp.storage.AbstractStorage save
INFO: &amp#27;[32mSave 4673ec2f-9d37-4fd5-92fd-7301f2fa464f(uuid9799)
сент. 16, 2025 8:21:58 PM webapp.storage.AbstractStorage save
INFO: &amp#27;[32mSave 7bc21143-b4f2-4416-aeb1-0e1c709e525c(uuid9800)
сент. 16, 2025 8:21:58 PM webapp.storage.AbstractStorage save
INFO: &amp#27;[32mSave a1281db8-83eb-49e0-8dcb-e1527cf9f357(uuid9801)
сент. 16, 2025 8:21:58 PM webapp.storage.AbstractStorage save
INFO: &amp#27;[32mSave 426557a2-0857-40db-84c0-47328dc3c4b0(uuid9802)
сент. 16, 2025 8:21:58 PM webapp.storage.AbstractStorage save
INFO: &amp#27;[32mSave b066455a-adc7-4feb-ae0f-9b967db20f44(uuid9803)
сент. 16, 2025 8:21:58 PM webapp.storage.AbstractStorage save
INFO: &amp#27;[32mSave 5c8fbaf0-73d2-43ae-a42a-9d995c1e5922(uuid9804)
сент. 16, 2025 8:21:58 PM webapp.storage.AbstractStorage save
INFO: &amp#27;[32mSave 490b04da-ac1c-4d08-9150-f34f2b36eadf(uuid9805)
сент. 16, 2025 8:21:58 PM webapp.storage.AbstractStorage save
INFO: &amp#27;[32mSave 59e146d8-6710-4d3e-b3cd-bb06c56c472b(uuid9806)
сент. 16, 2025 8:21:58 PM webapp.storage.AbstractStorage save
INFO: &amp#27;[32mSave cd87631c-147c-4b97-9d17-c16893efb987(uuid9807)
сент. 16, 2025 8:21:58 PM webapp.storage.AbstractStorage save
INFO: &amp#27;[32mSave 8ade6221-f8ef-44a5-988a-af0ef57fedad(uuid9808)
сент. 16, 2025 8:21:58 PM webapp.storage.AbstractStorage save
INFO: &amp#27;[32mSave a1f1bf1e-cb14-4112-bd87-4f13234f2061(uuid9809)
сент. 16, 2025 8:21:58 PM webapp.storage.AbstractStorage save
INFO: &amp#27;[32mSave fbe020fd-5259-4365-a4c5-961defae2425(uuid9810)
сент. 16, 2025 8:21:58 PM webapp.storage.AbstractStorage save
INFO: &amp#27;[32mSave e37bec48-df4b-4f37-937a-8fd6cce86210(uuid9811)
сент. 16, 2025 8:21:58 PM webapp.storage.AbstractStorage save
INFO: &amp#27;[32mSave 7d9a6916-fb5e-41e6-b974-9cf834191243(uuid9812)
сент. 16, 2025 8:21:58 PM webapp.storage.AbstractStorage save
INFO: &amp#27;[32mSave 317694c6-c206-4c7d-b0c6-9d03fe189df9(uuid9813)
сент. 16, 2025 8:21:58 PM webapp.storage.AbstractStorage save
INFO: &amp#27;[32mSave 67ee6274-814e-48cc-b1fc-6eb6fcadaad5(uuid9814)
сент. 16, 2025 8:21:58 PM webapp.storage.AbstractStorage save
INFO: &amp#27;[32mSave 7042d6b4-185a-41e8-abe9-aaee805adb0d(uuid9815)
сент. 16, 2025 8:21:58 PM webapp.storage.AbstractStorage save
INFO: &amp#27;[32mSave 685a11d0-26f1-4325-83b7-e5f4ee824675(uuid9816)
сент. 16, 2025 8:21:58 PM webapp.storage.AbstractStorage save
INFO: &amp#27;[32mSave 02eb99d7-0f48-47ba-b771-fae57e5153de(uuid9817)
сент. 16, 2025 8:21:58 PM webapp.storage.AbstractStorage save
INFO: &amp#27;[32mSave 0e2f2c5b-c4fe-4ba5-9d75-81fe8e965311(uuid9818)
сент. 16, 2025 8:21:58 PM webapp.storage.AbstractStorage save
INFO: &amp#27;[32mSave 9c42c298-0f53-459c-a660-167534fd3d57(uuid9819)
сент. 16, 2025 8:21:58 PM webapp.storage.AbstractStorage save
INFO: &amp#27;[32mSave 263b0b91-d672-48b1-a411-af4b3137e8cd(uuid9820)
сент. 16, 2025 8:21:58 PM webapp.storage.AbstractStorage save
INFO: &amp#27;[32mSave c1c1ec5c-4f98-415d-aa92-a49376921d4a(uuid9821)
сент. 16, 2025 8:21:58 PM webapp.storage.AbstractStorage save
INFO: &amp#27;[32mSave 62cc8140-63bd-433c-944d-09ae7b6c8860(uuid9822)
сент. 16, 2025 8:21:58 PM webapp.storage.AbstractStorage save
INFO: &amp#27;[32mSave 67b5ca86-1836-4845-a32d-1a7de7fc0973(uuid9823)
сент. 16, 2025 8:21:58 PM webapp.storage.AbstractStorage save
INFO: &amp#27;[32mSave 77500389-f89d-4f9b-827a-bde39751be82(uuid9824)
сент. 16, 2025 8:21:58 PM webapp.storage.AbstractStorage save
INFO: &amp#27;[32mSave f3f43799-8d31-4136-9556-6c84ebec075f(uuid9825)
сент. 16, 2025 8:21:58 PM webapp.storage.AbstractStorage save
INFO: &amp#27;[32mSave 32a489c7-4ac3-4681-aad0-5792106fbd54(uuid9826)
сент. 16, 2025 8:21:58 PM webapp.storage.AbstractStorage save
INFO: &amp#27;[32mSave fb3d2d4a-7751-4a3c-9273-afd379fc2b16(uuid9827)
сент. 16, 2025 8:21:58 PM webapp.storage.AbstractStorage save
INFO: &amp#27;[32mSave 7b990be4-60cd-41ae-bd92-8dcd9e3beb4c(uuid9828)
сент. 16, 2025 8:21:58 PM webapp.storage.AbstractStorage save
INFO: &amp#27;[32mSave 8b0b84ab-5ee5-42a4-8e6b-e6329bb8c86e(uuid9829)
сент. 16, 2025 8:21:58 PM webapp.storage.AbstractStorage save
INFO: &amp#27;[32mSave e4d3f010-6984-4a0e-8de2-973881acb20b(uuid9830)
сент. 16, 2025 8:21:58 PM webapp.storage.AbstractStorage save
INFO: &amp#27;[32mSave bb607951-baae-4468-adb6-486877e44f65(uuid9831)
сент. 16, 2025 8:21:58 PM webapp.storage.AbstractStorage save
INFO: &amp#27;[32mSave cba747d7-f13b-43e3-8f2a-14586c875dcd(uuid9832)
сент. 16, 2025 8:21:58 PM webapp.storage.AbstractStorage save
INFO: &amp#27;[32mSave d6947e73-1db7-4670-a6a9-feb02981663b(uuid9833)
сент. 16, 2025 8:21:58 PM webapp.storage.AbstractStorage save
INFO: &amp#27;[32mSave f7074d7c-1f0c-4b44-a89f-fc36f1e4d728(uuid9834)
сент. 16, 2025 8:21:58 PM webapp.storage.AbstractStorage save
INFO: &amp#27;[32mSave 447331cf-68e1-46ff-b2df-a65a521fe6b8(uuid9835)
сент. 16, 2025 8:21:58 PM webapp.storage.AbstractStorage save
INFO: &amp#27;[32mSave 9366f69a-7a01-4283-a90e-fa94a34add2a(uuid9836)
сент. 16, 2025 8:21:58 PM webapp.storage.AbstractStorage save
INFO: &amp#27;[32mSave a6e121e4-a78d-4155-8b7a-57ba62f7b987(uuid9837)
сент. 16, 2025 8:21:58 PM webapp.storage.AbstractStorage save
INFO: &amp#27;[32mSave 962b4803-72df-477d-8d08-a9b5edd53dd1(uuid9838)
сент. 16, 2025 8:21:58 PM webapp.storage.AbstractStorage save
INFO: &amp#27;[32mSave b81b9b6e-dca7-4cd0-b328-d66a4c389835(uuid9839)
сент. 16, 2025 8:21:58 PM webapp.storage.AbstractStorage save
INFO: &amp#27;[32mSave bbdd352c-ab93-47d6-99f5-9f8c0d837756(uuid9840)
сент. 16, 2025 8:21:58 PM webapp.storage.AbstractStorage save
INFO: &amp#27;[32mSave 02c08b32-f405-4160-afeb-1ea25460e349(uuid9841)
сент. 16, 2025 8:21:58 PM webapp.storage.AbstractStorage save
INFO: &amp#27;[32mSave cc18702c-6cb6-4124-9702-91c85d7b87a2(uuid9842)
сент. 16, 2025 8:21:58 PM webapp.storage.AbstractStorage save
INFO: &amp#27;[32mSave 7b961aa7-fb75-4d33-8ca1-f26ec2704cf6(uuid9843)
сент. 16, 2025 8:21:58 PM webapp.storage.AbstractStorage save
INFO: &amp#27;[32mSave b39ca4c2-4e4b-4d84-8234-2abdccc56d3f(uuid9844)
сент. 16, 2025 8:21:58 PM webapp.storage.AbstractStorage save
INFO: &amp#27;[32mSave eeb8eac1-19b1-4ed8-a58f-093c05af5c0c(uuid9845)
сент. 16, 2025 8:21:58 PM webapp.storage.AbstractStorage save
INFO: &amp#27;[32mSave 4ac63102-358a-422d-9d72-39508cab23f3(uuid9846)
сент. 16, 2025 8:21:58 PM webapp.storage.AbstractStorage save
INFO: &amp#27;[32mSave 27c2f6d6-ff38-443b-8de2-0e8f4f95da23(uuid9847)
сент. 16, 2025 8:21:58 PM webapp.storage.AbstractStorage save
INFO: &amp#27;[32mSave 0913bb88-22f7-4357-81a7-c11a25a8bef3(uuid9848)
сент. 16, 2025 8:21:58 PM webapp.storage.AbstractStorage save
INFO: &amp#27;[32mSave a6eecc99-d196-465b-8dca-c74eac885eec(uuid9849)
сент. 16, 2025 8:21:58 PM webapp.storage.AbstractStorage save
INFO: &amp#27;[32mSave d734eb12-d870-4728-a021-3b12b1a7bf48(uuid9850)
сент. 16, 2025 8:21:58 PM webapp.storage.AbstractStorage save
INFO: &amp#27;[32mSave ed34a118-cc20-4b97-978d-5b9165a90f3d(uuid9851)
сент. 16, 2025 8:21:58 PM webapp.storage.AbstractStorage save
INFO: &amp#27;[32mSave f6b879ce-f453-4586-ac16-178e6b11ad81(uuid9852)
сент. 16, 2025 8:21:58 PM webapp.storage.AbstractStorage save
INFO: &amp#27;[32mSave 7eab9f3e-97e1-4707-b4a3-5a70fc69e88e(uuid9853)
сент. 16, 2025 8:21:58 PM webapp.storage.AbstractStorage save
INFO: &amp#27;[32mSave 8200a123-9b5e-40b8-b6c9-baaecf13f39b(uuid9854)
сент. 16, 2025 8:21:58 PM webapp.storage.AbstractStorage save
INFO: &amp#27;[32mSave a27dc3d3-19a3-47c3-be63-0882731872ae(uuid9855)
сент. 16, 2025 8:21:58 PM webapp.storage.AbstractStorage save
INFO: &amp#27;[32mSave 2272793e-858e-4ebb-b796-0174e115b987(uuid9856)
сент. 16, 2025 8:21:58 PM webapp.storage.AbstractStorage save
INFO: &amp#27;[32mSave af128f60-e449-484a-b53c-3019d346f46e(uuid9857)
сент. 16, 2025 8:21:58 PM webapp.storage.AbstractStorage save
INFO: &amp#27;[32mSave bc9c70ab-86b2-4aa6-80e9-0abb8a6ab643(uuid9858)
сент. 16, 2025 8:21:58 PM webapp.storage.AbstractStorage save
INFO: &amp#27;[32mSave 60e194ce-928d-4c1f-ac5c-55d5ad18d1ae(uuid9859)
сент. 16, 2025 8:21:58 PM webapp.storage.AbstractStorage save
INFO: &amp#27;[32mSave d47212c1-d5b6-4179-b47e-10278b5ff61b(uuid9860)
сент. 16, 2025 8:21:58 PM webapp.storage.AbstractStorage save
INFO: &amp#27;[32mSave d7c06759-deec-406a-b9df-3c9b3353ff71(uuid9861)
сент. 16, 2025 8:21:58 PM webapp.storage.AbstractStorage save
INFO: &amp#27;[32mSave eea17fd4-b7bb-4c82-bcc5-61b6aab5238b(uuid9862)
сент. 16, 2025 8:21:58 PM webapp.storage.AbstractStorage save
INFO: &amp#27;[32mSave 690e2fb8-3a37-4ad9-aaa9-d30c2b0bd9bb(uuid9863)
сент. 16, 2025 8:21:58 PM webapp.storage.AbstractStorage save
INFO: &amp#27;[32mSave a2d26b29-7fcc-4e3e-b97c-f3c01992d6a7(uuid9864)
сент. 16, 2025 8:21:58 PM webapp.storage.AbstractStorage save
INFO: &amp#27;[32mSave 39b9adaa-d6cf-41e9-8268-26339bb38c4f(uuid9865)
сент. 16, 2025 8:21:58 PM webapp.storage.AbstractStorage save
INFO: &amp#27;[32mSave 93f16d31-a761-402c-aa37-79371e5d1895(uuid9866)
сент. 16, 2025 8:21:58 PM webapp.storage.AbstractStorage save
INFO: &amp#27;[32mSave 6af0289d-4c99-45f9-82d9-809f1d43a4b3(uuid9867)
сент. 16, 2025 8:21:58 PM webapp.storage.AbstractStorage save
INFO: &amp#27;[32mSave 59dc1431-5005-47e7-ab2d-3871381cd2be(uuid9868)
сент. 16, 2025 8:21:58 PM webapp.storage.AbstractStorage save
INFO: &amp#27;[32mSave 2c3adc6b-a91a-4a60-9691-89836e1cd77e(uuid9869)
сент. 16, 2025 8:21:58 PM webapp.storage.AbstractStorage save
INFO: &amp#27;[32mSave 76b35262-1a25-4e2e-95eb-df5050191675(uuid9870)
сент. 16, 2025 8:21:58 PM webapp.storage.AbstractStorage save
INFO: &amp#27;[32mSave b904e422-7714-443e-a9cb-ad4ed6e243b4(uuid9871)
сент. 16, 2025 8:21:58 PM webapp.storage.AbstractStorage save
INFO: &amp#27;[32mSave 55b71f4f-1bfa-43ff-9d5b-2741e83938f6(uuid9872)
сент. 16, 2025 8:21:58 PM webapp.storage.AbstractStorage save
INFO: &amp#27;[32mSave 8566d2a7-7557-4c76-a6cc-49cadd1183dc(uuid9873)
сент. 16, 2025 8:21:58 PM webapp.storage.AbstractStorage save
INFO: &amp#27;[32mSave 2a63c65b-a4fc-4841-b359-667d8f9bfff9(uuid9874)
сент. 16, 2025 8:21:58 PM webapp.storage.AbstractStorage save
INFO: &amp#27;[32mSave 2f86163e-52c5-4b68-9fb6-c8e6128d5704(uuid9875)
сент. 16, 2025 8:21:58 PM webapp.storage.AbstractStorage save
INFO: &amp#27;[32mSave 1da5fc61-6e1c-4170-9644-6fcc40a59ab4(uuid9876)
сент. 16, 2025 8:21:58 PM webapp.storage.AbstractStorage save
INFO: &amp#27;[32mSave 42f4ab78-4445-47b7-8377-8916f90e0cbd(uuid9877)
сент. 16, 2025 8:21:58 PM webapp.storage.AbstractStorage save
INFO: &amp#27;[32mSave d1244dc0-ea8a-42e2-871a-ed6feb6ba7c8(uuid9878)
сент. 16, 2025 8:21:58 PM webapp.storage.AbstractStorage save
INFO: &amp#27;[32mSave c1734084-6c27-427c-ac26-4e8a289cea95(uuid9879)
сент. 16, 2025 8:21:58 PM webapp.storage.AbstractStorage save
INFO: &amp#27;[32mSave 5b5faa3e-6ade-4e4b-94c1-bf668ef41ea0(uuid9880)
сент. 16, 2025 8:21:58 PM webapp.storage.AbstractStorage save
INFO: &amp#27;[32mSave ce1f5962-33b7-4b51-a453-be7aa19f9a6b(uuid9881)
сент. 16, 2025 8:21:58 PM webapp.storage.AbstractStorage save
INFO: &amp#27;[32mSave b04c764c-c747-464a-af7d-e4fe4eb8a727(uuid9882)
сент. 16, 2025 8:21:58 PM webapp.storage.AbstractStorage save
INFO: &amp#27;[32mSave e0f0d5cf-afad-4090-8342-d0d131587314(uuid9883)
сент. 16, 2025 8:21:58 PM webapp.storage.AbstractStorage save
INFO: &amp#27;[32mSave 95c3b531-cc25-44a6-9c1c-d89c605dfd6a(uuid9884)
сент. 16, 2025 8:21:58 PM webapp.storage.AbstractStorage save
INFO: &amp#27;[32mSave 0e0f036e-d53e-4c9b-b19f-9ebac17d634a(uuid9885)
сент. 16, 2025 8:21:58 PM webapp.storage.AbstractStorage save
INFO: &amp#27;[32mSave 76758de6-30f9-404b-8126-4da41506b0a9(uuid9886)
сент. 16, 2025 8:21:58 PM webapp.storage.AbstractStorage save
INFO: &amp#27;[32mSave ea0ab833-4715-4593-853f-b10f042ba645(uuid9887)
сент. 16, 2025 8:21:58 PM webapp.storage.AbstractStorage save
INFO: &amp#27;[32mSave 0459008c-6f67-4a23-a66e-699865dc7e5b(uuid9888)
сент. 16, 2025 8:21:58 PM webapp.storage.AbstractStorage save
INFO: &amp#27;[32mSave d6ae93fe-e111-400e-87f3-d00b0cef07b2(uuid9889)
сент. 16, 2025 8:21:58 PM webapp.storage.AbstractStorage save
INFO: &amp#27;[32mSave 7c47150f-c809-478c-bb8e-bce9392ad3fc(uuid9890)
сент. 16, 2025 8:21:58 PM webapp.storage.AbstractStorage save
INFO: &amp#27;[32mSave 903abdc6-8d1f-4393-a8c7-2e345d99c2d5(uuid9891)
сент. 16, 2025 8:21:58 PM webapp.storage.AbstractStorage save
INFO: &amp#27;[32mSave a0b1ffdb-453e-4d7f-9b5b-a3f9dd17e4b4(uuid9892)
сент. 16, 2025 8:21:58 PM webapp.storage.AbstractStorage save
INFO: &amp#27;[32mSave c32c76c0-658a-46e8-a864-cd0c9281a19e(uuid9893)
сент. 16, 2025 8:21:58 PM webapp.storage.AbstractStorage save
INFO: &amp#27;[32mSave 8de26fb4-4dd1-4ef9-8b46-4bcc4b03162c(uuid9894)
сент. 16, 2025 8:21:58 PM webapp.storage.AbstractStorage save
INFO: &amp#27;[32mSave 33e64cf8-9526-41c3-9edc-9ff26aba5b0e(uuid9895)
сент. 16, 2025 8:21:58 PM webapp.storage.AbstractStorage save
INFO: &amp#27;[32mSave 20c33f39-65b8-4769-a85a-9843154cb081(uuid9896)
сент. 16, 2025 8:21:58 PM webapp.storage.AbstractStorage save
INFO: &amp#27;[32mSave 4136ebfa-b557-4f9d-a8d4-899a084e0277(uuid9897)
сент. 16, 2025 8:21:58 PM webapp.storage.AbstractStorage save
INFO: &amp#27;[32mSave 94f6c1ba-7fe4-46a4-8096-5f9e5d0d34a3(uuid9898)
сент. 16, 2025 8:21:58 PM webapp.storage.AbstractStorage save
INFO: &amp#27;[32mSave b40cce32-0546-4575-89a5-8a49573d5525(uuid9899)
сент. 16, 2025 8:21:58 PM webapp.storage.AbstractStorage save
INFO: &amp#27;[32mSave 99f7f742-7fc0-4efa-a5fd-a4d44ff88f53(uuid9900)
сент. 16, 2025 8:21:58 PM webapp.storage.AbstractStorage save
INFO: &amp#27;[32mSave f24f7017-aa30-4145-8c3e-96d5125b9de5(uuid9901)
сент. 16, 2025 8:21:58 PM webapp.storage.AbstractStorage save
INFO: &amp#27;[32mSave 203695a3-d4a8-41e3-8439-2af8cb136e80(uuid9902)
сент. 16, 2025 8:21:58 PM webapp.storage.AbstractStorage save
INFO: &amp#27;[32mSave e274db88-8f25-4dd1-878f-0008588c1e11(uuid9903)
сент. 16, 2025 8:21:58 PM webapp.storage.AbstractStorage save
INFO: &amp#27;[32mSave f2665577-e4a6-469e-8fda-86acf55ab3eb(uuid9904)
сент. 16, 2025 8:21:58 PM webapp.storage.AbstractStorage save
INFO: &amp#27;[32mSave adbdde62-2479-4413-bc8e-edb6c9deba4c(uuid9905)
сент. 16, 2025 8:21:58 PM webapp.storage.AbstractStorage save
INFO: &amp#27;[32mSave 9b5673a6-6f5d-4bb3-9135-f46bb3069536(uuid9906)
сент. 16, 2025 8:21:58 PM webapp.storage.AbstractStorage save
INFO: &amp#27;[32mSave 7b555162-4b3e-4a57-99c7-2a2e7e87728e(uuid9907)
сент. 16, 2025 8:21:58 PM webapp.storage.AbstractStorage save
INFO: &amp#27;[32mSave 1473fa1a-6e50-4eae-8ae6-fbbf09855490(uuid9908)
сент. 16, 2025 8:21:58 PM webapp.storage.AbstractStorage save
INFO: &amp#27;[32mSave 10bfd741-e4e7-47bd-a91c-50de3a465489(uuid9909)
сент. 16, 2025 8:21:58 PM webapp.storage.AbstractStorage save
INFO: &amp#27;[32mSave 7b2f608a-27b7-4531-9dba-79e7ac11e26d(uuid9910)
сент. 16, 2025 8:21:58 PM webapp.storage.AbstractStorage save
INFO: &amp#27;[32mSave e592e481-8f90-4dba-81f6-bb097e1e1ae7(uuid9911)
сент. 16, 2025 8:21:58 PM webapp.storage.AbstractStorage save
INFO: &amp#27;[32mSave d9d23b3e-e5bf-4d1f-809a-d78dbaf3b5fe(uuid9912)
сент. 16, 2025 8:21:58 PM webapp.storage.AbstractStorage save
INFO: &amp#27;[32mSave a5337bff-b5de-431a-8143-4bb5060731bd(uuid9913)
сент. 16, 2025 8:21:58 PM webapp.storage.AbstractStorage save
INFO: &amp#27;[32mSave 80a0499b-a85a-46c3-8fa4-f1b3623591a8(uuid9914)
сент. 16, 2025 8:21:58 PM webapp.storage.AbstractStorage save
INFO: &amp#27;[32mSave 73a6ae28-2176-4fab-92a3-6247b63f8b3b(uuid9915)
сент. 16, 2025 8:21:58 PM webapp.storage.AbstractStorage save
INFO: &amp#27;[32mSave e32c22f1-7893-4492-9de3-0f41923510a6(uuid9916)
сент. 16, 2025 8:21:58 PM webapp.storage.AbstractStorage save
INFO: &amp#27;[32mSave ef747960-c99d-459e-919c-1156303d0323(uuid9917)
сент. 16, 2025 8:21:58 PM webapp.storage.AbstractStorage save
INFO: &amp#27;[32mSave 3f051d20-1996-4258-baf8-e0e319f70464(uuid9918)
сент. 16, 2025 8:21:58 PM webapp.storage.AbstractStorage save
INFO: &amp#27;[32mSave d700585f-3150-4df3-9b89-2aa7505d8d10(uuid9919)
сент. 16, 2025 8:21:58 PM webapp.storage.AbstractStorage save
INFO: &amp#27;[32mSave 7b076eeb-be2c-449e-bb97-0610bee1d669(uuid9920)
сент. 16, 2025 8:21:58 PM webapp.storage.AbstractStorage save
INFO: &amp#27;[32mSave d2cb5338-25d8-48a3-b77f-f0a17e330d3d(uuid9921)
сент. 16, 2025 8:21:58 PM webapp.storage.AbstractStorage save
INFO: &amp#27;[32mSave 2ce8e797-c573-4f3b-b57e-57271ba11e0d(uuid9922)
сент. 16, 2025 8:21:58 PM webapp.storage.AbstractStorage save
INFO: &amp#27;[32mSave 1f11632c-4195-4d7a-bbdf-06e4b2022068(uuid9923)
сент. 16, 2025 8:21:58 PM webapp.storage.AbstractStorage save
INFO: &amp#27;[32mSave 089e50d2-2d8d-428b-b2e0-0fa2ccec6dc5(uuid9924)
сент. 16, 2025 8:21:58 PM webapp.storage.AbstractStorage save
INFO: &amp#27;[32mSave 9dcf4b5e-8c46-41c3-8ff6-6fc6636879b0(uuid9925)
сент. 16, 2025 8:21:58 PM webapp.storage.AbstractStorage save
INFO: &amp#27;[32mSave a01c47b4-25b6-48b4-b6e0-062a83796169(uuid9926)
сент. 16, 2025 8:21:58 PM webapp.storage.AbstractStorage save
INFO: &amp#27;[32mSave 7ddd1ef5-f2a6-450d-8b8c-85258f7ff7c1(uuid9927)
сент. 16, 2025 8:21:58 PM webapp.storage.AbstractStorage save
INFO: &amp#27;[32mSave 8e344f34-652c-45db-b2a5-83c242cdd606(uuid9928)
сент. 16, 2025 8:21:58 PM webapp.storage.AbstractStorage save
INFO: &amp#27;[32mSave 8c5cf51d-85f8-47f5-a78d-62827c663941(uuid9929)
сент. 16, 2025 8:21:58 PM webapp.storage.AbstractStorage save
INFO: &amp#27;[32mSave df592466-eaee-49da-8767-bcef18e647d9(uuid9930)
сент. 16, 2025 8:21:58 PM webapp.storage.AbstractStorage save
INFO: &amp#27;[32mSave fdaeb743-3faf-4a20-b3e7-161d0a9a4264(uuid9931)
сент. 16, 2025 8:21:58 PM webapp.storage.AbstractStorage save
INFO: &amp#27;[32mSave 4ada2a8a-20a6-4638-9ae8-e5295c430713(uuid9932)
сент. 16, 2025 8:21:58 PM webapp.storage.AbstractStorage save
INFO: &amp#27;[32mSave 617ac00c-41a7-48b0-b19e-fe4120960df3(uuid9933)
сент. 16, 2025 8:21:58 PM webapp.storage.AbstractStorage save
INFO: &amp#27;[32mSave af39df06-8cd9-4793-a8f6-8ec7c3d1b4d6(uuid9934)
сент. 16, 2025 8:21:58 PM webapp.storage.AbstractStorage save
INFO: &amp#27;[32mSave e706ae6f-0bae-43d1-8327-128cc7120906(uuid9935)
сент. 16, 2025 8:21:58 PM webapp.storage.AbstractStorage save
INFO: &amp#27;[32mSave 0dd650ee-cf65-43f8-bef5-e0db771832b8(uuid9936)
сент. 16, 2025 8:21:58 PM webapp.storage.AbstractStorage save
INFO: &amp#27;[32mSave d33c0c65-afae-4434-adf5-10c34a3e54c6(uuid9937)
сент. 16, 2025 8:21:58 PM webapp.storage.AbstractStorage save
INFO: &amp#27;[32mSave 9353ff20-050b-4bec-8df0-1238b584b4a7(uuid9938)
сент. 16, 2025 8:21:58 PM webapp.storage.AbstractStorage save
INFO: &amp#27;[32mSave 2fe3b816-8233-4184-b89c-996099ff9d98(uuid9939)
сент. 16, 2025 8:21:58 PM webapp.storage.AbstractStorage save
INFO: &amp#27;[32mSave e471f44f-8f28-494a-8bb0-d4bc00e44bf0(uuid9940)
сент. 16, 2025 8:21:58 PM webapp.storage.AbstractStorage save
INFO: &amp#27;[32mSave 7797dd75-ccff-4474-a80b-30d8635d10d4(uuid9941)
сент. 16, 2025 8:21:58 PM webapp.storage.AbstractStorage save
INFO: &amp#27;[32mSave 66f23c30-b49a-4b49-9add-2e432772c61f(uuid9942)
сент. 16, 2025 8:21:58 PM webapp.storage.AbstractStorage save
INFO: &amp#27;[32mSave 4069c2a0-00d6-4edf-b60b-68b2315dc4cf(uuid9943)
сент. 16, 2025 8:21:58 PM webapp.storage.AbstractStorage save
INFO: &amp#27;[32mSave 03a533b9-a98a-4a98-8164-359a1e7813ae(uuid9944)
сент. 16, 2025 8:21:58 PM webapp.storage.AbstractStorage save
INFO: &amp#27;[32mSave 1ec8ead4-acce-460a-a082-cd2e39ba173f(uuid9945)
сент. 16, 2025 8:21:58 PM webapp.storage.AbstractStorage save
INFO: &amp#27;[32mSave 38203dc5-6a3b-4405-a5ea-4e732c6135ee(uuid9946)
сент. 16, 2025 8:21:58 PM webapp.storage.AbstractStorage save
INFO: &amp#27;[32mSave da3760b1-347f-4a7e-a31a-8c97ff1639d0(uuid9947)
сент. 16, 2025 8:21:58 PM webapp.storage.AbstractStorage save
INFO: &amp#27;[32mSave 30dd120b-e35e-4109-a7ca-2ea55b8e7490(uuid9948)
сент. 16, 2025 8:21:58 PM webapp.storage.AbstractStorage save
INFO: &amp#27;[32mSave b3bbd8f6-781a-4853-9af2-e01bf915fb42(uuid9949)
сент. 16, 2025 8:21:58 PM webapp.storage.AbstractStorage save
INFO: &amp#27;[32mSave 6d2697c0-97e4-4b65-babd-11162da8ddd1(uuid9950)
сент. 16, 2025 8:21:58 PM webapp.storage.AbstractStorage save
INFO: &amp#27;[32mSave 90575cf6-19a7-45f9-806a-36cf5d1039ea(uuid9951)
сент. 16, 2025 8:21:58 PM webapp.storage.AbstractStorage save
INFO: &amp#27;[32mSave f68cb5aa-f00b-43fc-a033-9a623537e14e(uuid9952)
сент. 16, 2025 8:21:58 PM webapp.storage.AbstractStorage save
INFO: &amp#27;[32mSave 65c76a69-b665-4f02-a0ea-ec80bd06a04e(uuid9953)
сент. 16, 2025 8:21:58 PM webapp.storage.AbstractStorage save
INFO: &amp#27;[32mSave 8e17b5a5-4d49-45fa-98be-8c47704a9e5f(uuid9954)
сент. 16, 2025 8:21:58 PM webapp.storage.AbstractStorage save
INFO: &amp#27;[32mSave e257116c-b37e-48ba-a83d-dc52af7d521e(uuid9955)
сент. 16, 2025 8:21:58 PM webapp.storage.AbstractStorage save
INFO: &amp#27;[32mSave 64e5fb6b-9a4a-4772-948c-aceb60f73a23(uuid9956)
сент. 16, 2025 8:21:58 PM webapp.storage.AbstractStorage save
INFO: &amp#27;[32mSave 655c4c49-6f39-452c-a4f5-eab84b4c37a7(uuid9957)
сент. 16, 2025 8:21:58 PM webapp.storage.AbstractStorage save
INFO: &amp#27;[32mSave f30121b3-7ac4-4998-a439-e8d25787f77b(uuid9958)
сент. 16, 2025 8:21:58 PM webapp.storage.AbstractStorage save
INFO: &amp#27;[32mSave 5957d8d3-7956-420c-8893-26cbcb476c70(uuid9959)
сент. 16, 2025 8:21:58 PM webapp.storage.AbstractStorage save
INFO: &amp#27;[32mSave 05f3e9b2-aad7-43ea-938a-a6ae2089a0bf(uuid9960)
сент. 16, 2025 8:21:58 PM webapp.storage.AbstractStorage save
INFO: &amp#27;[32mSave 1cc2d6d8-dce2-4ef9-877f-562e74102d35(uuid9961)
сент. 16, 2025 8:21:58 PM webapp.storage.AbstractStorage save
INFO: &amp#27;[32mSave 3c6f1b1e-e484-4267-a51e-f9f15b2c0403(uuid9962)
сент. 16, 2025 8:21:58 PM webapp.storage.AbstractStorage save
INFO: &amp#27;[32mSave 730be0a7-0a08-42e8-a08c-7a3c908a4e8c(uuid9963)
сент. 16, 2025 8:21:58 PM webapp.storage.AbstractStorage save
INFO: &amp#27;[32mSave f8996b09-58af-4608-abe5-e57f3e8b5f0b(uuid9964)
сент. 16, 2025 8:21:58 PM webapp.storage.AbstractStorage save
INFO: &amp#27;[32mSave ebe6e6e0-586a-498c-8999-647c835272d6(uuid9965)
сент. 16, 2025 8:21:58 PM webapp.storage.AbstractStorage save
INFO: &amp#27;[32mSave c2400f82-4b13-426e-a7e1-a839f8f9f9fc(uuid9966)
сент. 16, 2025 8:21:58 PM webapp.storage.AbstractStorage save
INFO: &amp#27;[32mSave 6962c27e-8065-4f0c-9a6f-05c855ccb9f6(uuid9967)
сент. 16, 2025 8:21:58 PM webapp.storage.AbstractStorage save
INFO: &amp#27;[32mSave b2997b7d-ce8e-4821-aab4-30eb32e93806(uuid9968)
сент. 16, 2025 8:21:58 PM webapp.storage.AbstractStorage save
INFO: &amp#27;[32mSave 8bca9f26-de9b-4ae3-a7ad-76bcb3e447e3(uuid9969)
сент. 16, 2025 8:21:58 PM webapp.storage.AbstractStorage save
INFO: &amp#27;[32mSave e22a2c4c-0d01-4ed3-9ff1-b4669954bd08(uuid9970)
сент. 16, 2025 8:21:58 PM webapp.storage.AbstractStorage save
INFO: &amp#27;[32mSave ddbfcca4-01a1-4634-a7f4-5914af5ff684(uuid9971)
сент. 16, 2025 8:21:58 PM webapp.storage.AbstractStorage save
INFO: &amp#27;[32mSave af5a4f5d-c2a7-48f0-b3b9-4da43b421072(uuid9972)
сент. 16, 2025 8:21:58 PM webapp.storage.AbstractStorage save
INFO: &amp#27;[32mSave 6d4a1abe-4d99-40dd-bc9d-804d19f4c1e9(uuid9973)
сент. 16, 2025 8:21:58 PM webapp.storage.AbstractStorage save
INFO: &amp#27;[32mSave 75ed1e6e-377d-46b7-961d-20576722a628(uuid9974)
сент. 16, 2025 8:21:58 PM webapp.storage.AbstractStorage save
INFO: &amp#27;[32mSave f72a613c-61b6-40b3-8938-7b50ae4c606a(uuid9975)
сент. 16, 2025 8:21:58 PM webapp.storage.AbstractStorage save
INFO: &amp#27;[32mSave ecc5a038-2030-4216-ace8-48c3e4ddb9d7(uuid9976)
сент. 16, 2025 8:21:58 PM webapp.storage.AbstractStorage save
INFO: &amp#27;[32mSave e16f6ee7-2ac0-42b2-a950-693a419a85d4(uuid9977)
сент. 16, 2025 8:21:58 PM webapp.storage.AbstractStorage save
INFO: &amp#27;[32mSave f1e65acb-de05-455c-b4ed-b19ad750ced1(uuid9978)
сент. 16, 2025 8:21:58 PM webapp.storage.AbstractStorage save
INFO: &amp#27;[32mSave 208a2ec5-4957-4af9-a370-5897b416faa9(uuid9979)
сент. 16, 2025 8:21:58 PM webapp.storage.AbstractStorage save
INFO: &amp#27;[32mSave 80dee0e2-eb23-47a1-a3fb-aea4406409b2(uuid9980)
сент. 16, 2025 8:21:58 PM webapp.storage.AbstractStorage save
INFO: &amp#27;[32mSave 04a30b2c-7e94-4eac-8ed7-e6022ac66e9f(uuid9981)
сент. 16, 2025 8:21:58 PM webapp.storage.AbstractStorage save
INFO: &amp#27;[32mSave 5dd01e9b-b99b-490f-a00b-dd295325768a(uuid9982)
сент. 16, 2025 8:21:58 PM webapp.storage.AbstractStorage save
INFO: &amp#27;[32mSave 12e411f9-0161-4e36-bef6-42ac766de287(uuid9983)
сент. 16, 2025 8:21:58 PM webapp.storage.AbstractStorage save
INFO: &amp#27;[32mSave 6f22a2d7-0699-4d28-9f2c-b2237cd98525(uuid9984)
сент. 16, 2025 8:21:58 PM webapp.storage.AbstractStorage save
INFO: &amp#27;[32mSave 09a3cb7d-6be9-4a79-8a46-c448bdd8cc99(uuid9985)
сент. 16, 2025 8:21:58 PM webapp.storage.AbstractStorage save
INFO: &amp#27;[32mSave e1947858-cb5d-4a3b-8c90-d906400aed57(uuid9986)
сент. 16, 2025 8:21:58 PM webapp.storage.AbstractStorage save
INFO: &amp#27;[32mSave 28c6d42b-20ab-4c1b-952b-80123dff8187(uuid9987)
сент. 16, 2025 8:21:58 PM webapp.storage.AbstractStorage save
INFO: &amp#27;[32mSave e0c70431-f95f-4a88-9aa7-0214b34ed5cc(uuid9988)
сент. 16, 2025 8:21:58 PM webapp.storage.AbstractStorage save
INFO: &amp#27;[32mSave f672872c-7da1-48dd-810e-405d04d1c46f(uuid9989)
сент. 16, 2025 8:21:58 PM webapp.storage.AbstractStorage save
INFO: &amp#27;[32mSave a3c159b1-73ad-4031-80bf-233a11cb088b(uuid9990)
сент. 16, 2025 8:21:58 PM webapp.storage.AbstractStorage save
INFO: &amp#27;[32mSave 7a870f67-9f40-4599-84b3-bde9cc06d91b(uuid9991)
сент. 16, 2025 8:21:58 PM webapp.storage.AbstractStorage save
INFO: &amp#27;[32mSave cb6088a4-d715-436a-ac14-52ed8b362215(uuid9992)
сент. 16, 2025 8:21:58 PM webapp.storage.AbstractStorage save
INFO: &amp#27;[32mSave 3e9747b1-d38a-4e3c-bb76-89368f9c2061(uuid9993)
сент. 16, 2025 8:21:58 PM webapp.storage.AbstractStorage save
INFO: &amp#27;[32mSave 33a57c3b-ec55-49e3-90cd-39e3ad8d5aed(uuid9994)
сент. 16, 2025 8:21:58 PM webapp.storage.AbstractStorage save
INFO: &amp#27;[32mSave 05cf7be2-2765-43f2-916a-2c018851a371(uuid9995)
сент. 16, 2025 8:21:58 PM webapp.storage.AbstractStorage save
INFO: &amp#27;[32mSave 5212b8de-aefa-4755-8b4b-fe478a00d8a2(uuid9996)
сент. 16, 2025 8:21:58 PM webapp.storage.AbstractStorage save
INFO: &amp#27;[32mSave 0639a100-d6f7-4f9b-a44e-0aa3f849971f(uuid9997)
сент. 16, 2025 8:21:58 PM webapp.storage.AbstractStorage save
INFO: &amp#27;[32mSave b96e36f0-cc59-421f-bcdc-9158b1db4b0b(uuid9998)
сент. 16, 2025 8:21:58 PM webapp.storage.AbstractStorage save
INFO: &amp#27;[32mSave e20c39fc-1c0f-4ae4-b772-f83f6528b45a(uuid9999)
сент. 16, 2025 8:21:58 PM webapp.storage.AbstractStorage save
INFO: &amp#27;[32mSave 737e253b-0f59-4584-973a-35da251d94f8(overflow)
]]></system-err>
  </testcase>
</testsuite>