<?xml version="1.0" encoding="UTF-8"?>
<testsuite xmlns:xsi="http://www.w3.org/2001/XMLSchema-instance" xsi:noNamespaceSchemaLocation="https://maven.apache.org/surefire/maven-surefire-plugin/xsd/surefire-test-report-3.0.xsd" version="3.0" name="main.java.webapp.storage.memory.MapUuidStorageTest" time="0.015" tests="10" errors="0" skipped="0" failures="0">
  <properties>
    <property name="java.specification.version" value="21"/>
    <property name="sun.cpu.isalist" value="amd64"/>
    <property name="sun.jnu.encoding" value="Cp1251"/>
    <property name="java.class.path" value="C:\projects\basejava\target\test-classes;C:\projects\basejava\target\classes;C:\Users\Алексей\.m2\repository\org\junit\jupiter\junit-jupiter\5.10.0\junit-jupiter-5.10.0.jar;C:\Users\Алексей\.m2\repository\org\junit\jupiter\junit-jupiter-api\5.10.0\junit-jupiter-api-5.10.0.jar;C:\Users\Алексей\.m2\repository\org\opentest4j\opentest4j\1.3.0\opentest4j-1.3.0.jar;C:\Users\Алексей\.m2\repository\org\junit\jupiter\junit-jupiter-params\5.10.0\junit-jupiter-params-5.10.0.jar;C:\Users\Алексей\.m2\repository\org\junit\jupiter\junit-jupiter-engine\5.10.0\junit-jupiter-engine-5.10.0.jar;C:\Users\Алексей\.m2\repository\org\junit\platform\junit-platform-engine\1.10.0\junit-platform-engine-1.10.0.jar;C:\Users\Алексей\.m2\repository\org\junit\platform\junit-platform-suite-api\1.10.0\junit-platform-suite-api-1.10.0.jar;C:\Users\Алексей\.m2\repository\org\junit\platform\junit-platform-commons\1.10.0\junit-platform-commons-1.10.0.jar;C:\Users\Алексей\.m2\repository\org\apiguardian\apiguardian-api\1.1.2\apiguardian-api-1.1.2.jar;C:\Users\Алексей\.m2\repository\com\fasterxml\jackson\core\jackson-databind\2.17.2\jackson-databind-2.17.2.jar;C:\Users\Алексей\.m2\repository\com\fasterxml\jackson\core\jackson-annotations\2.17.2\jackson-annotations-2.17.2.jar;C:\Users\Алексей\.m2\repository\com\fasterxml\jackson\core\jackson-core\2.17.2\jackson-core-2.17.2.jar;C:\Users\Алексей\.m2\repository\jakarta\xml\bind\jakarta.xml.bind-api\4.0.0\jakarta.xml.bind-api-4.0.0.jar;C:\Users\Алексей\.m2\repository\jakarta\activation\jakarta.activation-api\2.1.0\jakarta.activation-api-2.1.0.jar;C:\Users\Алексей\.m2\repository\org\glassfish\jaxb\jaxb-runtime\4.0.0\jaxb-runtime-4.0.0.jar;C:\Users\Алексей\.m2\repository\org\glassfish\jaxb\jaxb-core\4.0.0\jaxb-core-4.0.0.jar;C:\Users\Алексей\.m2\repository\org\eclipse\angus\angus-activation\1.0.0\angus-activation-1.0.0.jar;C:\Users\Алексей\.m2\repository\org\glassfish\jaxb\txw2\4.0.0\txw2-4.0.0.jar;C:\Users\Алексей\.m2\repository\com\sun\istack\istack-commons-runtime\4.1.1\istack-commons-runtime-4.1.1.jar;"/>
    <property name="java.vm.vendor" value="Amazon.com Inc."/>
    <property name="sun.arch.data.model" value="64"/>
    <property name="user.variant" value=""/>
    <property name="java.vendor.url" value="https://aws.amazon.com/corretto/"/>
    <property name="user.timezone" value="Europe/Moscow"/>
    <property name="user.country.format" value="BY"/>
    <property name="os.name" value="Windows 10"/>
    <property name="java.vm.specification.version" value="21"/>
    <property name="sun.java.launcher" value="SUN_STANDARD"/>
    <property name="user.country" value="RU"/>
    <property name="sun.boot.library.path" value="C:\Users\Алексей\.jdks\corretto-21.0.8\bin"/>
    <property name="sun.java.command" value="C:\Users\Алексей\AppData\Local\Temp\surefire18154208841571952477\surefirebooter-20250919184248165_3.jar C:\Users\Алексей\AppData\Local\Temp\surefire18154208841571952477 2025-09-19T18-42-48_082-jvmRun1 surefire-20250919184248165_1tmp surefire_0-20250919184248165_2tmp"/>
    <property name="jdk.debug" value="release"/>
    <property name="surefire.test.class.path" value="C:\projects\basejava\target\test-classes;C:\projects\basejava\target\classes;C:\Users\Алексей\.m2\repository\org\junit\jupiter\junit-jupiter\5.10.0\junit-jupiter-5.10.0.jar;C:\Users\Алексей\.m2\repository\org\junit\jupiter\junit-jupiter-api\5.10.0\junit-jupiter-api-5.10.0.jar;C:\Users\Алексей\.m2\repository\org\opentest4j\opentest4j\1.3.0\opentest4j-1.3.0.jar;C:\Users\Алексей\.m2\repository\org\junit\jupiter\junit-jupiter-params\5.10.0\junit-jupiter-params-5.10.0.jar;C:\Users\Алексей\.m2\repository\org\junit\jupiter\junit-jupiter-engine\5.10.0\junit-jupiter-engine-5.10.0.jar;C:\Users\Алексей\.m2\repository\org\junit\platform\junit-platform-engine\1.10.0\junit-platform-engine-1.10.0.jar;C:\Users\Алексей\.m2\repository\org\junit\platform\junit-platform-suite-api\1.10.0\junit-platform-suite-api-1.10.0.jar;C:\Users\Алексей\.m2\repository\org\junit\platform\junit-platform-commons\1.10.0\junit-platform-commons-1.10.0.jar;C:\Users\Алексей\.m2\repository\org\apiguardian\apiguardian-api\1.1.2\apiguardian-api-1.1.2.jar;C:\Users\Алексей\.m2\repository\com\fasterxml\jackson\core\jackson-databind\2.17.2\jackson-databind-2.17.2.jar;C:\Users\Алексей\.m2\repository\com\fasterxml\jackson\core\jackson-annotations\2.17.2\jackson-annotations-2.17.2.jar;C:\Users\Алексей\.m2\repository\com\fasterxml\jackson\core\jackson-core\2.17.2\jackson-core-2.17.2.jar;C:\Users\Алексей\.m2\repository\jakarta\xml\bind\jakarta.xml.bind-api\4.0.0\jakarta.xml.bind-api-4.0.0.jar;C:\Users\Алексей\.m2\repository\jakarta\activation\jakarta.activation-api\2.1.0\jakarta.activation-api-2.1.0.jar;C:\Users\Алексей\.m2\repository\org\glassfish\jaxb\jaxb-runtime\4.0.0\jaxb-runtime-4.0.0.jar;C:\Users\Алексей\.m2\repository\org\glassfish\jaxb\jaxb-core\4.0.0\jaxb-core-4.0.0.jar;C:\Users\Алексей\.m2\repository\org\eclipse\angus\angus-activation\1.0.0\angus-activation-1.0.0.jar;C:\Users\Алексей\.m2\repository\org\glassfish\jaxb\txw2\4.0.0\txw2-4.0.0.jar;C:\Users\Алексей\.m2\repository\com\sun\istack\istack-commons-runtime\4.1.1\istack-commons-runtime-4.1.1.jar;"/>
    <property name="sun.cpu.endian" value="little"/>
    <property name="user.home" value="C:\Users\Алексей"/>
    <property name="user.language" value="ru"/>
    <property name="java.specification.vendor" value="Oracle Corporation"/>
    <property name="java.version.date" value="2025-07-15"/>
    <property name="java.home" value="C:\Users\Алексей\.jdks\corretto-21.0.8"/>
    <property name="file.separator" value="\"/>
    <property name="basedir" value="C:\projects\basejava"/>
    <property name="java.vm.compressedOopsMode" value="Zero based"/>
    <property name="line.separator" value="&#10;"/>
    <property name="java.vm.specification.vendor" value="Oracle Corporation"/>
    <property name="java.specification.name" value="Java Platform API Specification"/>
    <property name="surefire.real.class.path" value="C:\Users\Алексей\AppData\Local\Temp\surefire18154208841571952477\surefirebooter-20250919184248165_3.jar"/>
    <property name="user.script" value=""/>
    <property name="sun.management.compiler" value="HotSpot 64-Bit Tiered Compilers"/>
    <property name="java.runtime.version" value="21.0.8+9-LTS"/>
    <property name="user.name" value="Алексей"/>
    <property name="stdout.encoding" value="Cp1251"/>
    <property name="path.separator" value=";"/>
    <property name="os.version" value="10.0"/>
    <property name="java.runtime.name" value="OpenJDK Runtime Environment"/>
    <property name="file.encoding" value="UTF-8"/>
    <property name="java.vm.name" value="OpenJDK 64-Bit Server VM"/>
    <property name="java.vendor.version" value="Corretto-21.0.8.9.1"/>
    <property name="localRepository" value="C:\Users\Алексей\.m2\repository"/>
    <property name="java.vendor.url.bug" value="https://github.com/corretto/corretto-21/issues/"/>
    <property name="java.io.tmpdir" value="C:\Users\CD86~1\AppData\Local\Temp\"/>
    <property name="idea.version" value="2023.3.7"/>
    <property name="java.version" value="21.0.8"/>
    <property name="user.dir" value="C:\projects\basejava"/>
    <property name="os.arch" value="amd64"/>
    <property name="java.vm.specification.name" value="Java Virtual Machine Specification"/>
    <property name="sun.os.patch.level" value=""/>
    <property name="native.encoding" value="Cp1251"/>
    <property name="java.library.path" value="C:\Users\Алексей\.jdks\corretto-21.0.8\bin;C:\WINDOWS\Sun\Java\bin;C:\WINDOWS\system32;C:\WINDOWS;C:\Program Files\Common Files\Oracle\Java\javapath;C:\WINDOWS\system32;C:\WINDOWS;C:\WINDOWS\System32\Wbem;C:\WINDOWS\System32\WindowsPowerShell\v1.0\;C:\WINDOWS\System32\OpenSSH\;C:\Program Files\dotnet\;C:\Program Files (x86)\NVIDIA Corporation\PhysX\Common;C:\Program Files\NVIDIA Corporation\NVIDIA app\NvDLISR;C:\Program Files (x86)\Microsoft SQL Server\160\Tools\Binn\;C:\Program Files\Microsoft SQL Server\160\Tools\Binn\;C:\Program Files\Microsoft SQL Server\Client SDK\ODBC\170\Tools\Binn\;C:\Program Files\Microsoft SQL Server\160\DTS\Binn\;C:\Program Files (x86)\Microsoft SQL Server\160\DTS\Binn\;C:\Program Files\Git\cmd;C:\Users\Алексей\AppData\Local\Microsoft\WindowsApps;;."/>
    <property name="java.vm.info" value="mixed mode, sharing"/>
    <property name="stderr.encoding" value="Cp1251"/>
    <property name="java.vendor" value="Amazon.com Inc."/>
    <property name="java.vm.version" value="21.0.8+9-LTS"/>
    <property name="sun.io.unicode.encoding" value="UnicodeLittle"/>
    <property name="java.class.version" value="65.0"/>
  </properties>
  <testcase name="updateNotExist" classname="main.java.webapp.storage.memory.MapUuidStorageTest" time="0.002">
    <system-err><![CDATA[сент. 19, 2025 6:42:49 PM webapp.storage.AbstractStorage save
INFO: &amp#27;[32mSave uuid1(Name1)
сент. 19, 2025 6:42:49 PM webapp.storage.AbstractStorage save
INFO: &amp#27;[32mSave uuid2(Name2)
сент. 19, 2025 6:42:49 PM webapp.storage.AbstractStorage save
INFO: &amp#27;[32mSave uuid3(Name3)
сент. 19, 2025 6:42:49 PM webapp.storage.AbstractStorage update
INFO: Update c2740ba8-05dd-41f2-9a62-658cb1744f90(dummy)
сент. 19, 2025 6:42:49 PM webapp.storage.AbstractStorage getFindIndex
WARNING: Resume c2740ba8-05dd-41f2-9a62-658cb1744f90 not exist
]]></system-err>
  </testcase>
  <testcase name="delete" classname="main.java.webapp.storage.memory.MapUuidStorageTest" time="0.001">
    <system-err><![CDATA[сент. 19, 2025 6:42:49 PM webapp.storage.AbstractStorage save
INFO: &amp#27;[32mSave uuid1(Name1)
сент. 19, 2025 6:42:49 PM webapp.storage.AbstractStorage save
INFO: &amp#27;[32mSave uuid2(Name2)
сент. 19, 2025 6:42:49 PM webapp.storage.AbstractStorage save
INFO: &amp#27;[32mSave uuid3(Name3)
сент. 19, 2025 6:42:49 PM webapp.storage.AbstractStorage delete
INFO: Delete uuid1
сент. 19, 2025 6:42:49 PM webapp.storage.AbstractStorage get
INFO: Get uuid1
сент. 19, 2025 6:42:49 PM webapp.storage.AbstractStorage getFindIndex
WARNING: Resume uuid1 not exist
]]></system-err>
  </testcase>
  <testcase name="getAll" classname="main.java.webapp.storage.memory.MapUuidStorageTest" time="0.0">
    <system-err><![CDATA[сент. 19, 2025 6:42:49 PM webapp.storage.AbstractStorage save
INFO: &amp#27;[32mSave uuid1(Name1)
сент. 19, 2025 6:42:49 PM webapp.storage.AbstractStorage save
INFO: &amp#27;[32mSave uuid2(Name2)
сент. 19, 2025 6:42:49 PM webapp.storage.AbstractStorage save
INFO: &amp#27;[32mSave uuid3(Name3)
сент. 19, 2025 6:42:49 PM webapp.storage.AbstractStorage getAllSorted
INFO: getAllSorted
]]></system-err>
  </testcase>
  <testcase name="update" classname="main.java.webapp.storage.memory.MapUuidStorageTest" time="0.0">
    <system-err><![CDATA[сент. 19, 2025 6:42:49 PM webapp.storage.AbstractStorage save
INFO: &amp#27;[32mSave uuid1(Name1)
сент. 19, 2025 6:42:49 PM webapp.storage.AbstractStorage save
INFO: &amp#27;[32mSave uuid2(Name2)
сент. 19, 2025 6:42:49 PM webapp.storage.AbstractStorage save
INFO: &amp#27;[32mSave uuid3(Name3)
сент. 19, 2025 6:42:49 PM webapp.storage.AbstractStorage update
INFO: Update uuid3(Name3)
сент. 19, 2025 6:42:49 PM webapp.storage.AbstractStorage get
INFO: Get uuid3
]]></system-err>
  </testcase>
  <testcase name="getNotExist" classname="main.java.webapp.storage.memory.MapUuidStorageTest" time="0.005">
    <system-err><![CDATA[сент. 19, 2025 6:42:49 PM webapp.storage.AbstractStorage save
INFO: &amp#27;[32mSave uuid1(Name1)
сент. 19, 2025 6:42:49 PM webapp.storage.AbstractStorage save
INFO: &amp#27;[32mSave uuid2(Name2)
сент. 19, 2025 6:42:49 PM webapp.storage.AbstractStorage save
INFO: &amp#27;[32mSave uuid3(Name3)
сент. 19, 2025 6:42:49 PM webapp.storage.AbstractStorage get
INFO: Get dummy
сент. 19, 2025 6:42:49 PM webapp.storage.AbstractStorage getFindIndex
WARNING: Resume dummy not exist
]]></system-err>
  </testcase>
  <testcase name="deleteNotExist" classname="main.java.webapp.storage.memory.MapUuidStorageTest" time="0.001">
    <system-err><![CDATA[сент. 19, 2025 6:42:49 PM webapp.storage.AbstractStorage save
INFO: &amp#27;[32mSave uuid1(Name1)
сент. 19, 2025 6:42:49 PM webapp.storage.AbstractStorage save
INFO: &amp#27;[32mSave uuid2(Name2)
сент. 19, 2025 6:42:49 PM webapp.storage.AbstractStorage save
INFO: &amp#27;[32mSave uuid3(Name3)
сент. 19, 2025 6:42:49 PM webapp.storage.AbstractStorage delete
INFO: Delete dummy
сент. 19, 2025 6:42:49 PM webapp.storage.AbstractStorage getFindIndex
WARNING: Resume dummy not exist
]]></system-err>
  </testcase>
  <testcase name="get" classname="main.java.webapp.storage.memory.MapUuidStorageTest" time="0.001">
    <system-err><![CDATA[сент. 19, 2025 6:42:49 PM webapp.storage.AbstractStorage save
INFO: &amp#27;[32mSave uuid1(Name1)
сент. 19, 2025 6:42:49 PM webapp.storage.AbstractStorage save
INFO: &amp#27;[32mSave uuid2(Name2)
сент. 19, 2025 6:42:49 PM webapp.storage.AbstractStorage save
INFO: &amp#27;[32mSave uuid3(Name3)
сент. 19, 2025 6:42:49 PM webapp.storage.AbstractStorage get
INFO: Get uuid1
сент. 19, 2025 6:42:49 PM webapp.storage.AbstractStorage get
INFO: Get uuid2
сент. 19, 2025 6:42:49 PM webapp.storage.AbstractStorage get
INFO: Get uuid3
]]></system-err>
  </testcase>
  <testcase name="save" classname="main.java.webapp.storage.memory.MapUuidStorageTest" time="0.001">
    <system-err><![CDATA[сент. 19, 2025 6:42:49 PM webapp.storage.AbstractStorage save
INFO: &amp#27;[32mSave uuid1(Name1)
сент. 19, 2025 6:42:49 PM webapp.storage.AbstractStorage save
INFO: &amp#27;[32mSave uuid2(Name2)
сент. 19, 2025 6:42:49 PM webapp.storage.AbstractStorage save
INFO: &amp#27;[32mSave uuid3(Name3)
сент. 19, 2025 6:42:49 PM webapp.storage.AbstractStorage save
INFO: &amp#27;[32mSave uuid4(Name4)
сент. 19, 2025 6:42:49 PM webapp.storage.AbstractStorage get
INFO: Get uuid4
]]></system-err>
  </testcase>
  <testcase name="size" classname="main.java.webapp.storage.memory.MapUuidStorageTest" time="0.001">
    <system-err><![CDATA[сент. 19, 2025 6:42:49 PM webapp.storage.AbstractStorage save
INFO: &amp#27;[32mSave uuid1(Name1)
сент. 19, 2025 6:42:49 PM webapp.storage.AbstractStorage save
INFO: &amp#27;[32mSave uuid2(Name2)
сент. 19, 2025 6:42:49 PM webapp.storage.AbstractStorage save
INFO: &amp#27;[32mSave uuid3(Name3)
]]></system-err>
  </testcase>
  <testcase name="clear" classname="main.java.webapp.storage.memory.MapUuidStorageTest" time="0.001">
    <system-err><![CDATA[сент. 19, 2025 6:42:49 PM webapp.storage.AbstractStorage save
INFO: &amp#27;[32mSave uuid1(Name1)
сент. 19, 2025 6:42:49 PM webapp.storage.AbstractStorage save
INFO: &amp#27;[32mSave uuid2(Name2)
сент. 19, 2025 6:42:49 PM webapp.storage.AbstractStorage save
INFO: &amp#27;[32mSave uuid3(Name3)
сент. 19, 2025 6:42:49 PM webapp.storage.AbstractStorage getAllSorted
INFO: getAllSorted
]]></system-err>
  </testcase>
</testsuite>